TRXV5
3
4
4
9
string Extension=J
integer IsArchMeasurement=1
integer IsSpherical=1
string Generator=SPM
string GeneratorVersion=1.3.1 Dev
double ArchRadius=0.449999988079071
integer FrequencyAxisIndex=0
integer AzimuthAxisIndex=1
integer ElevationAxisIndex=2
Frequency
5 401 750000000 950000000 LIN
Azimuth
7 8 0 2.74889357189107 LIN
Elevation
7 15 -2.74889357189107 2.74889357189107 LIN
Polar H Real Part
13
Polar H Imaginary Part
14
Polar V Real Part
13
Polar V Imaginary Part
14
Polar H Magnitude (dB)
12 0xC0000002 0 1
Polar H Phase
7 0xC0000003 0 1
Polar V Magnitude (dB)
12 0xC0000002 2 3
Polar V Phase
7 0xC0000003 2 3
-0.0095977783203125 -0.0226097106933594 0.0295257568359375 -0.0953598022460937
-0.0151138305664063 -0.0117273330688477 -0.00518035888671875 -0.079986572265625
-0.0232219696044922 0.00126075744628906 -0.0169410705566406 -0.0517463684082031
-0.0214042663574219 0.0180931091308594 -0.0139999389648438 -0.0543632507324219
-0.00955772399902344 0.0248622894287109 -0.0273780822753906 -0.0626487731933594
0.00543785095214844 0.0304431915283203 -0.0558891296386719 -0.0643501281738281
0.00507164001464843 0.0232086181640625 -0.0766448974609375 -0.0625534057617187
0.00201797485351563 0.020477294921875 -0.0693740844726562 -0.06561279296875
-0.00205612182617188 0.0214633941650391 -0.04766845703125 -0.0876846313476563
-0.0104198455810547 0.00885677337646484 0.00277709960937499 -0.09521484375
-0.0118827819824219 -0.00286102294921875 0.0438346862792969 -0.06927490234375
-0.00214481353759765 -0.0121116638183594 0.0634078979492187 -0.0244331359863281
0.0115833282470703 -0.016754150390625 0.0507583618164063 0.0151023864746094
0.0187492370605469 -0.00949859619140625 0.0246734619140625 -0.00924110412597656
0.0177383422851562 -0.0148334503173828 0.0430259704589844 -0.0594635009765625
-0.0143527984619141 0.0237293243408203 0.034637451171875 -0.0973739624023438
0.00462150573730469 0.0201797485351563 0.000289916992187498 -0.0830459594726563
0.012115478515625 0.0125513076782227 -0.0131988525390625 -0.052886962890625
0.00830650329589844 -0.00123405456542969 -0.0115585327148437 -0.0571823120117188
0.00304698944091797 -0.00786304473876953 -0.0224037170410156 -0.0628089904785156
-0.00697708129882812 -0.00912952423095703 -0.05316162109375 -0.0690956115722656
-0.0178375244140625 -0.0118312835693359 -0.0750503540039063 -0.06549072265625
-0.015345573425293 -0.0151662826538086 -0.0677986145019531 -0.0648422241210938
-0.016845703125 -0.0199394226074219 -0.0476608276367187 -0.0859298706054688
-0.004180908203125 -0.0286960601806641 -0.002685546875 -0.0938339233398438
0.0143375396728516 -0.0269927978515625 0.0387687683105469 -0.0691108703613281
0.0267658233642578 -0.0120201110839844 0.06158447265625 -0.0289077758789062
0.0270576477050781 0.00922012329101563 0.0498809814453125 0.010894775390625
0.0197582244873047 0.0212078094482422 0.0244483947753906 -0.0112857818603516
0.00103569030761719 0.0190067291259766 0.0406723022460938 -0.0627479553222656
-0.0223922729492187 0.0624008178710937 0.0365676879882813 -0.0837936401367188
0.0173721313476563 0.0528831481933594 0.00873565673828125 -0.0737075805664063
0.0441169738769531 0.0299835205078125 -0.00687408447265625 -0.04864501953125
0.0411567687988281 -0.0145530700683594 -0.00638961791992187 -0.0528793334960938
0.0215187072753906 -0.0390625 -0.0137214660644531 -0.0548057556152344
-0.0131683349609375 -0.0494499206542969 -0.04205322265625 -0.0643386840820313
-0.0367279052734375 -0.0470428466796875 -0.0624542236328125 -0.0589828491210938
-0.0298881530761719 -0.0494499206542969 -0.0569496154785156 -0.0524978637695312
-0.0321884155273438 -0.0585250854492188 -0.0412216186523437 -0.0710830688476563
-0.00305938720703124 -0.0640640258789063 -0.00999450683593749 -0.0784912109375
0.0349617004394531 -0.0536155700683594 0.0249710083007813 -0.0598411560058594
0.0541877746582031 -0.018646240234375 0.0473403930664063 -0.0317840576171875
0.0470848083496094 0.03021240234375 0.0404891967773438 0.003082275390625
0.0256462097167969 0.0512771606445313 0.0178852081298828 -0.0131397247314453
-0.0109024047851563 0.0511398315429688 0.0299491882324219 -0.0590095520019531
-0.0314865112304688 0.0889358520507813 0.0342445373535156 -0.0581474304199219
0.0207977294921875 0.0788497924804688 0.0159149169921875 -0.0564155578613281
0.0660629272460938 0.0497322082519531 -0.00207901000976562 -0.039031982421875
0.0708541870117188 -0.0183563232421875 -0.00397109985351562 -0.0399208068847656
0.043182373046875 -0.0599708557128906 -0.00671577453613281 -0.0350227355957031
-0.0114822387695312 -0.0827713012695313 -0.0256385803222656 -0.0462760925292969
-0.0470199584960937 -0.0767745971679688 -0.0405731201171875 -0.041229248046875
-0.040313720703125 -0.0755844116210938 -0.0374832153320313 -0.0325431823730469
-0.0460433959960937 -0.0868759155273438 -0.0271835327148437 -0.0470161437988281
-0.00932312011718749 -0.0917816162109375 -0.0125083923339844 -0.0514907836914063
0.0435028076171875 -0.0809249877929688 0.0130691528320313 -0.0394134521484375
0.0730667114257813 -0.03424072265625 0.02911376953125 -0.0249252319335938
0.0709686279296875 0.0405349731445313 0.0242652893066406 0.00120162963867188
0.039306640625 0.0745315551757813 0.00805234909057617 -0.00832080841064453
-0.0150222778320312 0.0800018310546875 0.0140190124511719 -0.0448684692382812
-0.0402145385742188 0.0988311767578125 0.0246486663818359 -0.0253963470458984
0.0134353637695312 0.0909042358398438 0.017578125 -0.0336132049560547
0.0697975158691406 0.0668830871582031 -0.00380325317382812 -0.0267486572265625
0.0885772705078125 -0.01104736328125 -0.00888824462890624 -0.0211219787597656
0.062408447265625 -0.065765380859375 -0.00522041320800781 -0.00670862197875977
-0.0023956298828125 -0.102020263671875 -0.00900936126708985 -0.01568603515625
-0.0470046997070312 -0.0948944091796875 -0.0132045745849609 -0.014068603515625
-0.0443801879882812 -0.0902252197265625 -0.0125656127929688 -0.00786399841308594
-0.0556793212890625 -0.101905822753906 -0.00568008422851563 -0.0187644958496094
-0.0186767578125 -0.105880737304687 -0.00471878051757813 -0.0191078186035156
0.0417556762695313 -0.0995407104492187 0.00943946838378906 -0.0113229751586914
0.080291748046875 -0.05108642578125 0.0159931182861328 -0.00706672668457032
0.0900955200195313 0.0399322509765625 0.0101032257080078 0.00975322723388672
0.0545120239257812 0.087127685546875 0.00124788284301758 0.00579261779785157
-0.0123977661132812 0.099365234375 -0.00110054016113281 -0.0206718444824219
-0.0445022583007813 0.091949462890625 0.00970840454101562 0.00590324401855469
4.57763671875023E-05 0.0865554809570312 0.0115756988525391 -0.0130558013916016
0.0554428100585937 0.0734710693359375 -0.0131130218505859 -0.0171260833740234
0.0869903564453125 0.00273895263671875 -0.0237312316894531 -0.0018310546875
0.0703506469726563 -0.0555267333984375 -0.0134487152099609 0.0237560272216797
0.00962066650390625 -0.101707458496094 0.00151252746582031 0.0206775665283203
-0.03887939453125 -0.0974807739257813 0.0126132965087891 0.0190143585205078
-0.0416336059570312 -0.0915298461914063 0.0144004821777344 0.0179080963134766
-0.056243896484375 -0.102500915527344 0.0187149047851562 0.00831604003906249
-0.0244369506835937 -0.104698181152344 0.0101604461669922 0.01202392578125
0.0341720581054688 -0.102279663085938 0.015345573425293 0.0155916213989258
0.0753097534179688 -0.0586471557617188 0.0120391845703125 0.0138940811157227
0.0943527221679688 0.0328521728515625 0.00414276123046876 0.0252056121826172
0.0623092651367188 0.0861434936523438 0.00037193298339844 0.0264415740966797
-0.00672912597656251 0.10357666015625 -0.0126161575317383 0.0114402770996094
-0.0409011840820313 0.0703811645507813 -0.009429931640625 0.0332603454589844
-0.0111198425292969 0.0669364929199219 -0.000273466110229493 0.00179111957550049
0.0308952331542969 0.0651206970214844 -0.0271968841552734 -0.0142402648925781
0.0664520263671875 0.0145187377929688 -0.0437049865722656 0.0108222961425781
0.0621604919433594 -0.0349464416503906 -0.0288925170898438 0.0479202270507813
0.0177230834960937 -0.0825958251953125 0.00432968139648438 0.0553932189941406
-0.0252761840820312 -0.0835800170898438 0.0337791442871094 0.051116943359375
-0.0321731567382813 -0.078887939453125 0.0396270751953125 0.0414772033691406
-0.0467529296875 -0.0885772705078125 0.0432395935058594 0.0321846008300781
-0.0225296020507813 -0.0895233154296875 0.0281639099121094 0.0378341674804687
0.026214599609375 -0.0886154174804688 0.02447509765625 0.0373725891113281
0.0621261596679688 -0.0528564453125 0.0137977600097656 0.0318717956542969
0.0825271606445313 0.0246963500976563 0.00477600097656251 0.0407562255859375
0.0572357177734375 0.0726394653320313 0.00474166870117187 0.0498847961425781
-0.0029296875 0.0909271240234375 -0.0221099853515625 0.0448570251464844
-0.0286483764648438 0.0415878295898438 -0.0250740051269531 0.0521965026855469
-0.0160636901855469 0.0400161743164063 -0.0120382308959961 0.00931835174560547
0.00652313232421875 0.0443649291992188 -0.0396270751953125 -0.01605224609375
0.0363731384277344 0.0178031921386719 -0.0610733032226563 0.0161170959472656
0.0408096313476563 -0.0140838623046875 -0.0430450439453125 0.0609283447265625
0.01715087890625 -0.0509681701660156 0.00338745117187501 0.0813827514648438
-0.0096435546875 -0.0551261901855469 0.0483245849609375 0.0761260986328125
-0.0182762145996094 -0.0539474487304688 0.0586738586425781 0.0580635070800781
-0.0294036865234375 -0.0632438659667969 0.0615997314453125 0.0497856140136719
-0.01373291015625 -0.0628852844238281 0.0430183410644531 0.0566673278808594
0.0194053649902344 -0.0618820190429687 0.0313949584960938 0.0525360107421875
0.0433387756347656 -0.03717041015625 0.0165214538574219 0.0453987121582031
0.057403564453125 0.0160751342773437 0.00767898559570313 0.052581787109375
0.0408859252929688 0.048248291015625 0.00844573974609375 0.0702018737792969
-0.000564575195312502 0.0627517700195313 -0.0292205810546875 0.0745468139648438
-0.0095977783203125 -0.0225105285644531 0.0287628173828125 -0.0951385498046875
-0.0148096084594727 -0.0118532180786133 -0.00614166259765625 -0.080322265625
-0.0235767364501953 0.00146484375 -0.0172958374023438 -0.0515518188476563
-0.0209941864013672 0.0185127258300781 -0.0142898559570313 -0.0541572570800781
-0.00989723205566406 0.02490234375 -0.0276679992675781 -0.0627899169921875
0.00533676147460937 0.0303382873535156 -0.0562896728515625 -0.0644187927246094
0.00558853149414062 0.0230903625488281 -0.0774002075195313 -0.0616226196289062
0.00228309631347656 0.020355224609375 -0.0695762634277344 -0.0649490356445312
-0.0019073486328125 0.0211982727050781 -0.048614501953125 -0.0867996215820313
-0.0103435516357422 0.00897884368896485 0.00156402587890624 -0.095001220703125
-0.012202262878418 -0.00346469879150391 0.0430870056152344 -0.0698051452636719
-0.0026702880859375 -0.0120067596435547 0.0632743835449219 -0.0245475769042969
0.0114641189575195 -0.0170145034790039 0.0504417419433594 0.0144500732421875
0.0184249877929688 -0.00989913940429688 0.0241031646728516 -0.00926017761230469
0.0177001953125 -0.0153923034667969 0.0425033569335938 -0.0596122741699219
-0.0141105651855469 0.0230636596679688 0.0336761474609375 -0.0977020263671875
0.00438880920410156 0.0194797515869141 -0.000389099121093753 -0.0825119018554688
0.0124177932739258 0.012415885925293 -0.0132827758789062 -0.0528144836425781
0.00847959518432617 -0.00126409530639648 -0.0120620727539063 -0.0564346313476563
0.002899169921875 -0.00866508483886719 -0.0226402282714844 -0.0629653930664063
-0.00707769393920898 -0.00867509841918945 -0.0539894104003906 -0.0686073303222656
-0.0183086395263672 -0.0118484497070313 -0.0758285522460937 -0.0647964477539063
-0.0154008865356445 -0.015411376953125 -0.0686454772949219 -0.0636825561523438
-0.0169658660888672 -0.0198955535888672 -0.04840087890625 -0.0855484008789063
-0.00440216064453125 -0.0288658142089844 -0.00402069091796876 -0.0937576293945313
0.0142269134521484 -0.0268363952636719 0.0377883911132813 -0.0692329406738281
0.0271434783935547 -0.0119743347167969 0.060882568359375 -0.0292205810546875
0.027130126953125 0.00899505615234375 0.0502738952636719 0.0107002258300781
0.0200023651123047 0.0210132598876953 0.0241680145263672 -0.0116481781005859
0.00162315368652344 0.0190353393554688 0.0404396057128906 -0.0635986328125
-0.0216331481933594 0.0623397827148438 0.035888671875 -0.0848541259765625
0.0178642272949219 0.0523567199707031 0.00789642333984376 -0.0742950439453125
0.0448112487792969 0.0294418334960938 -0.00731277465820312 -0.048309326171875
0.0410118103027344 -0.0145416259765625 -0.00672912597656249 -0.0529098510742187
0.0216712951660156 -0.0389785766601562 -0.0139846801757813 -0.054168701171875
-0.013641357421875 -0.0493240356445313 -0.0425796508789062 -0.0639801025390625
-0.0372238159179688 -0.0465126037597656 -0.06298828125 -0.0584297180175781
-0.0307579040527344 -0.0495681762695312 -0.0570335388183594 -0.0521202087402344
-0.0326271057128906 -0.0577659606933594 -0.0418014526367188 -0.0707168579101562
-0.00374984741210938 -0.0639610290527344 -0.0107269287109375 -0.0779266357421875
0.0345230102539063 -0.0544395446777344 0.0247840881347656 -0.0597877502441406
0.0538139343261719 -0.0190620422363281 0.0473480224609375 -0.0322113037109375
0.0477523803710938 0.0297431945800781 0.0406532287597656 0.00315475463867188
0.0263748168945313 0.0505027770996094 0.0177021026611328 -0.0131969451904297
-0.010345458984375 0.0513038635253906 0.0289382934570313 -0.059661865234375
-0.0307083129882812 0.0892562866210938 0.0332756042480469 -0.0584487915039062
0.021331787109375 0.07806396484375 0.0157089233398438 -0.0563888549804687
0.0663871765136719 0.0488853454589844 -0.00233840942382812 -0.0386810302734375
0.0709457397460938 -0.0188674926757813 -0.00419616699218749 -0.0398178100585937
0.0429306030273438 -0.0602188110351562 -0.00619125366210937 -0.0346508026123047
-0.012115478515625 -0.0826339721679688 -0.0259780883789062 -0.045928955078125
-0.0477676391601562 -0.0760574340820313 -0.0408058166503906 -0.0411262512207031
-0.0410842895507812 -0.0752792358398438 -0.0379295349121094 -0.0323562622070313
-0.0470962524414062 -0.0857772827148438 -0.0280990600585938 -0.0460281372070313
-0.00997924804687499 -0.0915603637695313 -0.0127944946289063 -0.0514945983886719
0.0433731079101563 -0.081024169921875 0.0125999450683594 -0.0391693115234375
0.0730667114257813 -0.0347442626953125 0.0286979675292969 -0.0249977111816406
0.0717544555664063 0.0396270751953125 0.024200439453125 0.000598907470703127
0.0403823852539063 0.0739974975585938 0.00815916061401367 -0.00872230529785156
-0.01446533203125 0.0801773071289062 0.0140113830566406 -0.044677734375
-0.0392913818359375 0.099029541015625 0.0244960784912109 -0.0257072448730469
0.014190673828125 0.0911941528320313 0.0172576904296875 -0.0338077545166016
0.0708389282226563 0.066497802734375 -0.00362777709960937 -0.0265541076660156
0.0882110595703125 -0.0117721557617188 -0.00916481018066406 -0.0206737518310547
0.0619163513183594 -0.0660476684570313 -0.00533008575439453 -0.00633955001831055
-0.00295257568359376 -0.102073669433594 -0.00940322875976563 -0.0158424377441406
-0.048065185546875 -0.0940093994140625 -0.0135135650634766 -0.0138282775878906
-0.0454940795898437 -0.0898361206054688 -0.0126333236694336 -0.00754356384277344
-0.0563583374023438 -0.101058959960938 -0.00621986389160156 -0.0183143615722656
-0.0194320678710938 -0.105659484863281 -0.00515174865722656 -0.0188770294189453
0.04022216796875 -0.0999984741210938 0.0095052719116211 -0.0112829208374024
0.0799331665039063 -0.051361083984375 0.0152854919433594 -0.00722599029541016
0.0899581909179688 0.0389480590820313 0.00976181030273438 0.00959587097167969
0.05535888671875 0.0867691040039063 0.00125980377197266 0.0052475929260254
-0.0114059448242187 0.0993270874023438 -0.00121688842773438 -0.0206260681152344
-0.0434341430664062 0.0920867919921875 0.00975894927978515 0.0060262680053711
0.000671386718749998 0.0860595703125 0.0115966796875 -0.0129671096801758
0.0568313598632812 0.0728759765625 -0.0131006240844726 -0.0170841217041016
0.087066650390625 0.00186920166015625 -0.0233573913574219 -0.00164794921875
0.0697593688964844 -0.055694580078125 -0.0129756927490234 0.0236434936523438
0.00872802734375001 -0.101997375488281 0.00158119201660156 0.0205001831054687
-0.0400009155273438 -0.097503662109375 0.0127239227294922 0.0186843872070312
-0.04241943359375 -0.0912094116210938 0.0143547058105469 0.0180644989013672
-0.0571365356445313 -0.101455688476562 0.01885986328125 0.00827789306640624
-0.0253829956054688 -0.104141235351563 0.0103902816772461 0.0121030807495117
0.0328140258789062 -0.102088928222656 0.0152206420898438 0.0152759552001953
0.074951171875 -0.0594940185546875 0.0120744705200195 0.0137653350830078
0.094970703125 0.0319976806640625 0.00401306152343751 0.02508544921875
0.0632476806640625 0.085235595703125 0.000883102416992191 0.0261955261230469
-0.00605010986328124 0.103462219238281 -0.0127801895141602 0.0114402770996094
-0.040252685546875 0.0708694458007812 -0.00890350341796875 0.0332527160644531
-0.0108375549316406 0.067108154296875 -0.000197887420654297 0.00201380252838135
0.0316963195800781 0.0647239685058594 -0.0274944305419922 -0.0137939453125
0.0669021606445313 0.0136337280273438 -0.0432090759277344 0.010833740234375
0.0621719360351562 -0.0356826782226563 -0.0284042358398437 0.0477752685546875
0.0163650512695313 -0.0828628540039063 0.00468063354492188 0.0553207397460938
-0.0260391235351562 -0.082916259765625 0.0342750549316406 0.0509719848632813
-0.0332183837890625 -0.0784072875976563 0.0399093627929688 0.0412788391113281
-0.0480117797851562 -0.0881500244140625 0.043792724609375 0.0316543579101562
-0.0230178833007812 -0.0892105102539063 0.0286445617675781 0.0377731323242187
0.025177001953125 -0.08843994140625 0.0249710083007813 0.0372200012207031
0.0614089965820313 -0.0535430908203125 0.0135231018066406 0.0320091247558594
0.0828857421875 0.0242080688476563 0.0050506591796875 0.0406150817871094
0.0581207275390625 0.0721282958984375 0.00491333007812501 0.0494918823242188
-0.0019073486328125 0.0912246704101562 -0.0212974548339844 0.0452079772949219
-0.0281829833984375 0.041778564453125 -0.0241241455078125 0.0522117614746094
-0.0152854919433594 0.0403404235839844 -0.0114202499389648 0.00966835021972656
0.00707626342773437 0.0438690185546875 -0.0398178100585938 -0.0158920288085938
0.0366439819335938 0.0173301696777344 -0.0610847473144531 0.0166282653808594
0.0405006408691406 -0.0149040222167969 -0.0423011779785156 0.0612564086914062
0.0166244506835938 -0.051177978515625 0.00379943847656251 0.0810165405273438
-0.0102882385253906 -0.0549545288085938 0.0487823486328125 0.0754470825195312
-0.0185432434082031 -0.05413818359375 0.0591201782226562 0.0575599670410156
-0.030059814453125 -0.0630149841308594 0.0623283386230469 0.0491943359375
-0.0143318176269531 -0.0632057189941406 0.0434455871582031 0.0567817687988281
0.0186347961425781 -0.0620193481445313 0.0317955017089844 0.05242919921875
0.0427131652832031 -0.0375480651855469 0.0162162780761719 0.0451164245605469
0.0582275390625 0.0155296325683594 0.00794219970703126 0.0526008605957031
0.0413436889648438 0.0477867126464844 0.00902557373046875 0.0699691772460937
6.10351562500041E-05 0.0624847412109375 -0.0286636352539063 0.0750808715820313
-0.00960350036621094 -0.022552490234375 0.0280075073242188 -0.0954437255859375
-0.0151882171630859 -0.0123281478881836 -0.0064697265625 -0.0799560546875
-0.0231876373291016 0.0013275146484375 -0.0175209045410156 -0.051239013671875
-0.0209674835205078 0.0182781219482422 -0.0145721435546875 -0.0536537170410156
-0.00918960571289063 0.0250797271728516 -0.0277481079101563 -0.0621795654296875
0.00579452514648437 0.0302410125732422 -0.0564346313476563 -0.0637969970703125
0.00579452514648437 0.0230255126953125 -0.077606201171875 -0.061370849609375
0.00205802917480469 0.0203323364257813 -0.0696868896484375 -0.06463623046875
-0.00130844116210937 0.0215320587158203 -0.049041748046875 -0.08673095703125
-0.0102453231811523 0.008819580078125 0.000801086425781254 -0.0950927734375
-0.0120811462402344 -0.00286960601806641 0.0426025390625 -0.0698814392089844
-0.00257301330566406 -0.0117378234863281 0.0628929138183594 -0.0248146057128906
0.0109834671020508 -0.0166835784912109 0.05078125 0.0144615173339844
0.0183582305908203 -0.0101528167724609 0.0241279602050781 -0.00967025756835938
0.0176258087158203 -0.0153541564941406 0.0418319702148437 -0.0599937438964844
-0.0137786865234375 0.0234661102294922 0.0325393676757813 -0.0979537963867188
0.00452613830566406 0.0197544097900391 -0.000923156738281257 -0.0823974609375
0.0122003555297852 0.0119924545288086 -0.0136451721191406 -0.0519905090332031
0.00841522216796875 -0.00105762481689453 -0.0121498107910156 -0.0567779541015625
0.00279378890991211 -0.00810050964355469 -0.0230140686035156 -0.0625228881835938
-0.00718116760253906 -0.0091104507446289 -0.0546493530273437 -0.0684738159179688
-0.0181865692138672 -0.0116462707519531 -0.0761489868164063 -0.0643463134765625
-0.0152549743652344 -0.0150489807128906 -0.0684432983398438 -0.0630950927734375
-0.0173110961914063 -0.0196800231933594 -0.048492431640625 -0.0845870971679688
-0.004791259765625 -0.0290088653564453 -0.0042266845703125 -0.0934677124023438
0.0141925811767578 -0.0272502899169922 0.0373878479003906 -0.0697479248046875
0.0269622802734375 -0.0117053985595703 0.0605506896972656 -0.0295677185058594
0.0273208618164062 0.00884437561035156 0.0501022338867188 0.0102882385253906
0.0201549530029297 0.0206890106201172 0.0237388610839844 -0.0116844177246094
0.00177001953125 0.0189037322998047 0.0393486022949219 -0.0633926391601563
-0.0212173461914063 0.0620994567871094 0.0351486206054688 -0.0848236083984375
0.0181465148925781 0.0522384643554687 0.00720977783203125 -0.074310302734375
0.0448036193847656 0.0291290283203125 -0.00763320922851563 -0.0478973388671875
0.0404891967773438 -0.0147514343261719 -0.00713348388671875 -0.0525932312011719
0.0217132568359375 -0.0388259887695313 -0.0141792297363281 -0.0541419982910156
-0.01416015625 -0.0488777160644531 -0.0432281494140625 -0.0637435913085937
-0.0378570556640625 -0.0468788146972656 -0.0633659362792969 -0.0575752258300781
-0.0305252075195313 -0.0492973327636719 -0.0575904846191406 -0.0512771606445313
-0.0330772399902344 -0.0572929382324219 -0.0424575805664062 -0.0698394775390625
-0.00450134277343749 -0.0641098022460937 -0.011138916015625 -0.0782546997070313
0.0342140197753906 -0.0543441772460937 0.0237617492675781 -0.0599327087402344
0.0534706115722656 -0.0190658569335938 0.0465126037597656 -0.0321922302246094
0.047943115234375 0.0297584533691406 0.0405807495117187 0.00266265869140625
0.0269088745117188 0.0504150390625 0.0171175003051758 -0.0130949020385742
-0.0100898742675781 0.0513725280761719 0.0289497375488281 -0.0592880249023438
-0.02996826171875 0.089569091796875 0.0331382751464844 -0.05914306640625
0.0218582153320313 0.0781173706054688 0.0150604248046875 -0.0565299987792969
0.0666275024414063 0.0484161376953125 -0.00219345092773437 -0.0383758544921875
0.0706405639648438 -0.0188064575195312 -0.00418090820312499 -0.0399169921875
0.0421524047851563 -0.0605087280273438 -0.00662803649902343 -0.0349388122558594
-0.012939453125 -0.08270263671875 -0.0265998840332031 -0.0460281372070313
-0.0480270385742187 -0.0757064819335937 -0.0411491394042969 -0.0406646728515625
-0.0408859252929688 -0.07525634765625 -0.0381507873535156 -0.0319328308105469
-0.0474166870117187 -0.08563232421875 -0.0280036926269531 -0.045745849609375
-0.01104736328125 -0.0914840698242188 -0.0128669738769531 -0.0512886047363281
0.0424652099609375 -0.0810089111328125 0.0122489929199219 -0.0392112731933594
0.072723388671875 -0.0352706909179688 0.02880859375 -0.0246677398681641
0.0715789794921875 0.0395355224609375 0.0242977142333984 0.000894546508789065
0.0412063598632812 0.0736083984375 0.00765514373779297 -0.00887966156005859
-0.0139389038085938 0.08026123046875 0.0137748718261719 -0.04498291015625
-0.0385513305664062 0.0992431640625 0.0244064331054687 -0.0259914398193359
0.0150070190429688 0.0902481079101563 0.0168514251708984 -0.0338859558105469
0.0716323852539063 0.06561279296875 -0.00393867492675781 -0.0261993408203125
0.088287353515625 -0.0125808715820313 -0.00871276855468749 -0.0206775665283203
0.0615692138671875 -0.0666885375976562 -0.00478649139404296 -0.00649166107177735
-0.00377655029296876 -0.101768493652344 -0.00963687896728516 -0.0159759521484375
-0.0492477416992187 -0.0939559936523438 -0.0141391754150391 -0.0134963989257813
-0.045684814453125 -0.089813232421875 -0.0123386383056641 -0.00710105895996094
-0.0572662353515625 -0.100601196289063 -0.00654792785644532 -0.0185775756835938
-0.0203704833984375 -0.105613708496094 -0.00492286682128906 -0.0186614990234375
0.039825439453125 -0.10009765625 0.00941085815429688 -0.0116786956787109
0.0792922973632813 -0.0522308349609375 0.0156126022338867 -0.00742530822753907
0.0905685424804688 0.0383987426757813 0.0102806091308594 0.00928211212158203
0.0562515258789063 0.0861587524414063 0.00118780136108399 0.00501346588134766
-0.0112686157226562 0.0990142822265625 -0.00133705139160156 -0.0206813812255859
-0.0429916381835938 0.0923919677734375 0.0101995468139648 0.00566577911376954
0.00115203857421875 0.0862197875976563 0.0115785598754883 -0.0131702423095703
0.0571441650390625 0.072662353515625 -0.0135316848754883 -0.0166254043579101
0.0871810913085938 0.0014190673828125 -0.0234966278076172 -0.00144386291503906
0.069549560546875 -0.0563278198242187 -0.0123710632324219 0.0238552093505859
0.00789642333984374 -0.101913452148438 0.00186347961425781 0.0204486846923828
-0.041046142578125 -0.0969924926757813 0.0126399993896484 0.0184116363525391
-0.043304443359375 -0.0910568237304687 0.0146980285644531 0.0182895660400391
-0.0582962036132812 -0.100845336914063 0.0185947418212891 0.00858116149902343
-0.026336669921875 -0.104156494140625 0.0104780197143555 0.011993408203125
0.0322036743164063 -0.102851867675781 0.0154943466186523 0.0154190063476562
0.0745162963867187 -0.0598678588867188 0.0119123458862305 0.0136289596557617
0.09539794921875 0.031494140625 0.00396919250488282 0.0249824523925781
0.0640335083007813 0.084625244140625 0.000804901123046882 0.0260715484619141
-0.00521087646484375 0.103683471679687 -0.0128927230834961 0.0115451812744141
-0.0401687622070312 0.0714950561523438 -0.00859260559082032 0.0331840515136719
-0.0104103088378906 0.0671806335449219 -0.000289082527160645 0.00184619426727295
0.0325851440429688 0.0643959045410156 -0.02734375 -0.0134239196777344
0.0666656494140625 0.013092041015625 -0.0429763793945312 0.0111541748046875
0.0619544982910156 -0.0359916687011719 -0.0273933410644531 0.0476112365722656
0.0158767700195312 -0.0830230712890625 0.00524139404296875 0.0550384521484375
-0.0268402099609375 -0.0832443237304687 0.0347061157226563 0.0507774353027344
-0.0337295532226563 -0.07855224609375 0.0399665832519531 0.0409965515136719
-0.0486221313476563 -0.0872802734375 0.0433502197265625 0.0313606262207031
-0.0242843627929688 -0.0892181396484375 0.029144287109375 0.0375785827636719
0.0243759155273438 -0.0889434814453125 0.0250053405761719 0.0372467041015625
0.061248779296875 -0.0537834167480469 0.0141105651855469 0.0322914123535156
0.083251953125 0.0233001708984375 0.00512313842773438 0.0408401489257813
0.0585784912109375 0.0717086791992188 0.00537490844726563 0.0494194030761719
-0.00175476074218751 0.0913925170898438 -0.0211181640625 0.0453109741210938
-0.0280723571777344 0.0423316955566406 -0.023590087890625 0.0521125793457031
-0.0151138305664063 0.0400352478027344 -0.0117673873901367 0.00996303558349609
0.00790023803710938 0.0440139770507813 -0.0397415161132812 -0.0153579711914063
0.0367393493652344 0.0166854858398438 -0.0605201721191406 0.0168609619140625
0.0404281616210938 -0.0146369934082031 -0.0421714782714844 0.0615081787109375
0.016387939453125 -0.0512161254882813 0.00453948974609374 0.0807723999023438
-0.0108451843261719 -0.0549278259277344 0.049713134765625 0.0749969482421875
-0.018890380859375 -0.0541801452636719 0.0599784851074219 0.0570411682128906
-0.0308341979980469 -0.0626640319824219 0.0619354248046875 0.0489006042480469
-0.0150527954101562 -0.0633544921875 0.043487548828125 0.0562171936035156
0.0181694030761719 -0.0624618530273437 0.0324783325195312 0.0521697998046875
0.0426063537597656 -0.0380020141601563 0.0164718627929688 0.0449409484863281
0.0580787658691406 0.0150642395019531 0.00812530517578125 0.0525894165039063
0.0415763854980469 0.0475349426269531 0.00959014892578125 0.0696754455566406
0.000339508056640625 0.0630111694335938 -0.0277099609375 0.0743179321289063
-0.00963211059570313 -0.0222244262695313 0.02685546875 -0.0959701538085938
-0.0150537490844727 -0.0121212005615234 -0.00710296630859375 -0.0800094604492188
-0.0236186981201172 0.00123405456542969 -0.0175743103027344 -0.0511589050292969
-0.0210952758789062 0.0186939239501953 -0.0148124694824219 -0.0539665222167969
-0.00901222229003906 0.0252494812011719 -0.02813720703125 -0.0621719360351563
0.00631332397460938 0.0301284790039063 -0.05657958984375 -0.0632247924804688
0.00580596923828125 0.0228748321533203 -0.0782318115234375 -0.0614166259765625
0.00272750854492188 0.0206451416015625 -0.0703582763671875 -0.0642242431640625
-0.00164413452148437 0.0215530395507813 -0.0493927001953125 -0.0859451293945313
-0.00989341735839844 0.00924777984619141 0.000488281250000002 -0.0951309204101563
-0.0120706558227539 -0.00290489196777344 0.0418128967285156 -0.07000732421875
-0.00243759155273437 -0.0123805999755859 0.062835693359375 -0.0252304077148438
0.0109949111938477 -0.0168466567993164 0.0503654479980469 0.0139732360839844
0.0183010101318359 -0.0101394653320313 0.0234775543212891 -0.00978279113769531
0.0172224044799805 -0.0156764984130859 0.0411834716796875 -0.0604591369628906
-0.0139007568359375 0.0234928131103516 0.031768798828125 -0.0981521606445313
0.00502204895019531 0.0194244384765625 -0.00156402587890624 -0.0827102661132813
0.0124874114990234 0.0119504928588867 -0.0139350891113281 -0.0524063110351563
0.00818777084350586 -0.000844478607177734 -0.0123558044433594 -0.0566368103027344
0.00299167633056641 -0.00823020935058594 -0.0232429504394531 -0.0626068115234375
-0.00711202621459961 -0.00862360000610352 -0.0549354553222656 -0.0684890747070312
-0.0183258056640625 -0.01141357421875 -0.076812744140625 -0.0642242431640625
-0.0151329040527344 -0.0151405334472656 -0.0691108703613281 -0.0631103515625
-0.0173110961914063 -0.0193080902099609 -0.0492782592773438 -0.0849151611328125
-0.00470161437988281 -0.0287399291992188 -0.00504302978515625 -0.0933074951171875
0.0139865875244141 -0.0271053314208984 0.0366401672363281 -0.0698013305664063
0.0268173217773438 -0.0119819641113281 0.0603790283203125 -0.0298538208007812
0.0271205902099609 0.00842475891113281 0.0503616333007813 0.0098876953125
0.0203456878662109 0.0204982757568359 0.0235977172851563 -0.012176513671875
0.00180435180664063 0.0185585021972656 0.0388641357421875 -0.0634269714355469
-0.0207939147949219 0.0627250671386719 0.0345077514648438 -0.0849609375
0.0178718566894531 0.0519828796386719 0.00690460205078126 -0.074432373046875
0.0455093383789063 0.0286903381347656 -0.00744247436523437 -0.0477752685546875
0.0405807495117187 -0.0152359008789062 -0.00696182250976562 -0.0520858764648438
0.0211868286132813 -0.0390777587890625 -0.0143775939941406 -0.0543746948242188
-0.0141220092773437 -0.048828125 -0.0434379577636719 -0.0637016296386719
-0.0375556945800781 -0.0465164184570312 -0.06378173828125 -0.0573844909667969
-0.030609130859375 -0.0492401123046875 -0.0580329895019531 -0.0515251159667969
-0.0334815979003906 -0.0576019287109375 -0.0428276062011719 -0.0700721740722656
-0.00422286987304687 -0.0641593933105469 -0.0118865966796875 -0.0777587890625
0.0336990356445313 -0.0546951293945313 0.0237808227539063 -0.0597877502441406
0.053863525390625 -0.0192146301269531 0.0463066101074219 -0.0326614379882813
0.0480079650878906 0.0294761657714844 0.0406837463378906 0.00188446044921875
0.027496337890625 0.0499191284179688 0.0169229507446289 -0.0135641098022461
-0.0093231201171875 0.0512771606445312 0.028564453125 -0.0591545104980469
-0.0290451049804687 0.0892715454101563 0.0326042175292969 -0.0595169067382813
0.0220184326171875 0.077880859375 0.0147514343261719 -0.0568923950195312
0.0673027038574219 0.0484733581542969 -0.00246810913085937 -0.0382919311523438
0.0702857971191406 -0.0194778442382813 -0.004058837890625 -0.039886474609375
0.0426216125488281 -0.0606956481933594 -0.00660896301269531 -0.0347003936767578
-0.0133132934570313 -0.0824737548828125 -0.0267524719238281 -0.0463104248046875
-0.0485916137695313 -0.0756912231445313 -0.0413360595703125 -0.0405349731445313
-0.0417633056640625 -0.075103759765625 -0.0378036499023438 -0.0313758850097656
-0.0483322143554688 -0.085174560546875 -0.0284423828125 -0.0456466674804688
-0.0111618041992187 -0.0917129516601563 -0.0135917663574219 -0.051055908203125
0.0418777465820313 -0.08154296875 0.012115478515625 -0.038909912109375
0.07232666015625 -0.035125732421875 0.0283908843994141 -0.0247859954833984
0.0723419189453125 0.0392837524414063 0.0244884490966797 0.000499725341796877
0.0412063598632813 0.0736541748046875 0.00753021240234375 -0.00929164886474609
-0.0127487182617187 0.0806350708007813 0.0133171081542969 -0.045166015625
-0.037841796875 0.0993804931640625 0.0241966247558594 -0.0264511108398437
0.0150527954101562 0.090362548828125 0.016845703125 -0.0338649749755859
0.0723114013671875 0.0656661987304688 -0.00381660461425781 -0.0261783599853516
0.0883865356445313 -0.0126953125 -0.00893020629882812 -0.0207538604736328
0.0613250732421875 -0.0667724609375 -0.00420475006103515 -0.00667333602905274
-0.00417327880859376 -0.102043151855469 -0.00951480865478516 -0.0164098739624024
-0.0499114990234375 -0.0941009521484375 -0.0141706466674805 -0.0137968063354492
-0.04608154296875 -0.0896148681640625 -0.0124750137329102 -0.00703811645507813
-0.0577850341796875 -0.100395202636719 -0.0066986083984375 -0.01800537109375
-0.0208053588867188 -0.105224609375 -0.00533103942871094 -0.0185585021972656
0.0386886596679688 -0.100303649902344 0.00926017761230469 -0.0114231109619141
0.0796051025390625 -0.0520782470703125 0.0155525207519531 -0.00720596313476563
0.0909500122070313 0.0379791259765625 0.0101919174194336 0.00951766967773438
0.057037353515625 0.0858917236328125 0.0011591911315918 0.00487995147705079
-0.0104904174804687 0.0992813110351562 -0.00140190124511719 -0.0205059051513672
-0.0426483154296875 0.0926055908203125 0.00980758666992187 0.00564670562744141
0.00144195556640626 0.08642578125 0.0115718841552734 -0.013035774230957
0.058349609375 0.0727157592773438 -0.0130605697631836 -0.0164098739624023
0.0870819091796875 0.00096893310546875 -0.0230693817138672 -0.00143051147460938
0.0693702697753906 -0.0567245483398438 -0.0122966766357422 0.0239448547363281
0.00765228271484374 -0.101997375488281 0.00191497802734375 0.0201339721679687
-0.0412826538085937 -0.0968170166015625 0.0123958587646484 0.0187244415283203
-0.0434112548828125 -0.0909194946289063 0.0147991180419922 0.0183849334716797
-0.059112548828125 -0.100532531738281 0.0184249877929687 0.00857353210449218
-0.0266952514648437 -0.104164123535156 0.0105037689208984 0.0121660232543945
0.0314254760742187 -0.102828979492188 0.0153417587280273 0.0153741836547851
0.073822021484375 -0.0600433349609375 0.0118198394775391 0.0136785507202148
0.0959091186523438 0.0313949584960938 0.0038433074951172 0.0247287750244141
0.0647506713867188 0.084625244140625 0.000917434692382818 0.0258255004882813
-0.0047607421875 0.103973388671875 -0.012547492980957 0.011378288269043
-0.0394821166992188 0.0714340209960938 -0.00799179077148438 0.0333347320556641
-0.00970840454101563 0.0671424865722656 0.000108718872070312 0.00171613693237305
0.0329933166503906 0.0644760131835937 -0.0273323059082031 -0.0134658813476562
0.0666961669921875 0.0126419067382813 -0.0428390502929687 0.0114898681640625
0.0621223449707031 -0.0362167358398438 -0.0270271301269531 0.0476303100585938
0.0152359008789062 -0.083282470703125 0.00519180297851562 0.0547218322753906
-0.0271759033203125 -0.0832366943359375 0.0348777770996094 0.0502166748046875
-0.0340042114257813 -0.0785140991210937 0.0403823852539063 0.0409088134765625
-0.0493011474609375 -0.0872116088867188 0.0433731079101562 0.0312004089355469
-0.0244369506835937 -0.0890426635742187 0.029022216796875 0.0377464294433594
0.02410888671875 -0.0893707275390625 0.0247917175292969 0.0370826721191406
0.0611038208007813 -0.0540122985839844 0.0140247344970703 0.0321941375732422
0.0836257934570313 0.0234832763671875 0.00535964965820313 0.0405693054199219
0.0586776733398437 0.0714111328125 0.00565338134765625 0.0490608215332031
-0.00115203857421874 0.0915145874023438 -0.021087646484375 0.0452919006347656
-0.0279312133789063 0.0426139831542969 -0.0233383178710938 0.0523452758789062
-0.0146636962890625 0.0403671264648438 -0.011378288269043 0.0102300643920898
0.00848388671874999 0.0442428588867188 -0.0399131774902344 -0.0150299072265625
0.0366783142089844 0.0165634155273438 -0.0604591369628906 0.0169486999511719
0.0406608581542969 -0.0149002075195312 -0.0413856506347656 0.0615386962890625
0.0155792236328125 -0.0514373779296875 0.0048980712890625 0.0805816650390625
-0.0114936828613281 -0.0554466247558594 0.0502243041992187 0.0750579833984375
-0.01947021484375 -0.0540885925292969 0.0600509643554688 0.0571365356445312
-0.0314750671386719 -0.0626106262207031 0.0623054504394531 0.0483436584472656
-0.0152359008789063 -0.0631561279296875 0.0439720153808594 0.0565147399902344
0.0178489685058594 -0.0625076293945313 0.0322341918945313 0.0522994995117187
0.0423965454101563 -0.0384063720703125 0.0167388916015625 0.0450363159179688
0.0583724975585938 0.0153045654296875 0.00848007202148438 0.0524482727050781
0.0418167114257813 0.0478477478027344 0.0100212097167969 0.0694694519042969
0.000453948974609379 0.0631828308105469 -0.0273056030273438 0.0746688842773438
-0.00964164733886719 -0.0227737426757812 0.02667236328125 -0.0963211059570313
-0.0155677795410156 -0.0121746063232422 -0.00745391845703125 -0.0800933837890625
-0.0237407684326172 0.00141334533691406 -0.0174942016601563 -0.0509910583496094
-0.0210990905761719 0.0187702178955078 -0.0149993896484375 -0.0540313720703125
-0.009033203125 0.0250263214111328 -0.0284500122070312 -0.0621528625488281
0.00628280639648437 0.0302925109863281 -0.0567588806152344 -0.0635337829589844
0.00569343566894531 0.023101806640625 -0.0786895751953125 -0.060577392578125
0.00239372253417969 0.0204696655273438 -0.0709228515625 -0.063873291015625
-0.000934600830078127 0.0212917327880859 -0.0499343872070313 -0.08612060546875
-0.00979232788085938 0.00941371917724609 0.000381469726562501 -0.0951614379882813
-0.012211799621582 -0.00283241271972656 0.042022705078125 -0.07037353515625
-0.00295066833496094 -0.0121774673461914 0.0629997253417969 -0.0254096984863281
0.0109262466430664 -0.0169429779052734 0.0502433776855469 0.0134429931640625
0.0186138153076172 -0.0103473663330078 0.0232791900634766 -0.00972175598144531
0.0171890258789063 -0.0162162780761719 0.0408172607421875 -0.060272216796875
-0.0133686065673828 0.0236759185791016 0.0312728881835938 -0.0986404418945313
0.00463294982910156 0.0190849304199219 -0.00206756591796875 -0.0826339721679687
0.0125017166137695 0.0120010375976563 -0.0139122009277344 -0.0520896911621094
0.00809669494628906 -0.00104951858520508 -0.0121917724609375 -0.0565872192382813
0.003143310546875 -0.00838327407836914 -0.0237579345703125 -0.062774658203125
-0.00675010681152344 -0.00879764556884765 -0.0551414489746094 -0.0680999755859375
-0.0185070037841797 -0.0113048553466797 -0.0773849487304687 -0.0638504028320312
-0.0152873992919922 -0.0151700973510742 -0.0692024230957031 -0.0625762939453125
-0.0171718597412109 -0.0198688507080078 -0.0498046875 -0.0842742919921875
-0.00478553771972656 -0.0285739898681641 -0.00533294677734376 -0.0937118530273438
0.0139694213867187 -0.0267066955566406 0.036956787109375 -0.0697555541992188
0.0271682739257813 -0.0119991302490234 0.0601539611816406 -0.0302467346191406
0.0273170471191406 0.00882911682128906 0.0499610900878906 0.009735107421875
0.0204677581787109 0.0203399658203125 0.0230865478515625 -0.0122470855712891
0.00151443481445313 0.0183010101318359 0.0384521484375 -0.0637016296386719
-0.0202865600585938 0.0627593994140625 0.0339431762695312 -0.0855331420898438
0.0183219909667969 0.0518455505371094 0.00638580322265625 -0.0744476318359375
0.0454063415527344 0.0286331176757813 -0.00782012939453124 -0.04779052734375
0.0407829284667969 -0.0148544311523438 -0.00753021240234375 -0.0524978637695313
0.0210227966308594 -0.0391693115234375 -0.0146675109863281 -0.0542030334472656
-0.0146293640136719 -0.04901123046875 -0.044097900390625 -0.0636940002441406
-0.0382118225097656 -0.0464286804199219 -0.0644798278808594 -0.057525634765625
-0.0307350158691406 -0.0492134094238281 -0.0584793090820312 -0.050811767578125
-0.0339622497558594 -0.0578269958496094 -0.0431289672851563 -0.0693893432617188
-0.00450515747070312 -0.0643501281738281 -0.01190185546875 -0.0778350830078125
0.0331535339355469 -0.0546302795410156 0.0230941772460938 -0.0601387023925781
0.0538291931152344 -0.0192947387695313 0.0462875366210938 -0.0324172973632813
0.0482902526855469 0.0292167663574219 0.0404243469238281 0.00175094604492188
0.0274200439453125 0.0500717163085938 0.0167903900146484 -0.0136251449584961
-0.00925827026367188 0.0513191223144531 0.0284004211425781 -0.059661865234375
-0.0295181274414063 0.0897140502929688 0.0325508117675781 -0.0595130920410156
0.022216796875 0.0780105590820313 0.0144157409667969 -0.0570907592773437
0.0684967041015625 0.0479774475097656 -0.00315856933593749 -0.0380401611328125
0.0703506469726563 -0.0201187133789063 -0.00433731079101562 -0.0396804809570312
0.0420379638671875 -0.060821533203125 -0.00641632080078125 -0.0352363586425781
-0.01336669921875 -0.0827102661132813 -0.027099609375 -0.0459938049316406
-0.0492706298828125 -0.0759811401367188 -0.0416831970214844 -0.0398483276367188
-0.0422592163085938 -0.07513427734375 -0.0384750366210937 -0.0310020446777344
-0.0491180419921875 -0.0855712890625 -0.0290641784667969 -0.045654296875
-0.0115280151367187 -0.091461181640625 -0.0134506225585937 -0.05059814453125
0.04132080078125 -0.0820083618164063 0.0115318298339844 -0.0390586853027344
0.0723114013671875 -0.0355453491210938 0.0280323028564453 -0.02490234375
0.0726394653320313 0.0390853881835938 0.0244255065917969 0.00030326843261719
0.0417404174804688 0.0731887817382813 0.00754833221435547 -0.00946235656738281
-0.0125274658203125 0.0805206298828125 0.0131416320800781 -0.0450325012207031
-0.0381927490234375 0.0997543334960938 0.0241737365722656 -0.0267295837402344
0.0161666870117188 0.0903701782226562 0.0166950225830078 -0.0340652465820312
0.07305908203125 0.0652618408203125 -0.00372123718261719 -0.0256900787353516
0.0882720947265625 -0.0133819580078125 -0.00854492187499999 -0.0207023620605469
0.0614509582519531 -0.0674552917480469 -0.00393533706665039 -0.0065760612487793
-0.00485992431640626 -0.102035522460938 -0.010009765625 -0.0163116455078125
-0.050445556640625 -0.094085693359375 -0.0143976211547852 -0.0137548446655274
-0.046600341796875 -0.0898895263671875 -0.0120429992675781 -0.00696563720703126
-0.058807373046875 -0.0999984741210938 -0.00696372985839844 -0.0181388854980469
-0.021697998046875 -0.105667114257812 -0.00539588928222656 -0.0183010101318359
0.0384063720703125 -0.100639343261719 0.00917720794677735 -0.0115480422973633
0.0791091918945313 -0.0524520874023437 0.015233039855957 -0.00760173797607422
0.0915069580078125 0.0380783081054688 0.0100431442260742 0.00914478302001953
0.0578689575195312 0.085540771484375 0.000867843627929691 0.00458621978759766
-0.00988769531250001 0.0998153686523437 -0.00149917602539062 -0.0207252502441406
-0.0422897338867188 0.0929641723632813 0.00993919372558594 0.00550365447998047
0.0018310546875 0.0862579345703125 0.0112428665161133 -0.012822151184082
0.0590286254882812 0.0730514526367187 -0.0132265090942383 -0.0162038803100586
0.0874176025390625 0.000457763671875 -0.0230579376220703 -0.00124359130859375
0.0693817138671875 -0.0569038391113281 -0.0119304656982422 0.0242156982421875
0.00683593750000001 -0.102310180664062 0.00156402587890625 0.0200119018554687
-0.042388916015625 -0.0970230102539063 0.0125541687011719 0.0184268951416016
-0.0443878173828125 -0.0908203125 0.014801025390625 0.0183010101318359
-0.0596237182617188 -0.10028076171875 0.0184040069580078 0.00853919982910156
-0.0274581909179688 -0.104194641113281 0.0105686187744141 0.0123672485351562
0.030914306640625 -0.10345458984375 0.0151033401489258 0.0154047012329101
0.0739974975585938 -0.0606613159179688 0.0114717483520508 0.0135431289672852
0.0960693359375 0.0307388305664063 0.00405120849609375 0.0250911712646484
0.0653228759765625 0.0841751098632813 0.00102615356445313 0.0256023406982422
-0.00401306152343749 0.104423522949219 -0.0122966766357422 0.0115470886230469
-0.0392913818359375 0.07208251953125 -0.00797271728515625 0.0334396362304688
-0.00947189331054687 0.0671768188476563 9.65595245361323E-05 0.00184190273284913
0.0339012145996094 0.0648422241210938 -0.0274333953857422 -0.0132598876953125
0.067169189453125 0.01214599609375 -0.0424995422363281 0.0117645263671875
0.0617752075195313 -0.0367279052734375 -0.0268783569335938 0.0476493835449219
0.0150070190429687 -0.08294677734375 0.00515365600585938 0.0546913146972656
-0.0280838012695313 -0.0830917358398437 0.0348167419433594 0.0499649047851562
-0.0346832275390625 -0.0786285400390625 0.0405006408691406 0.0410079956054687
-0.0499191284179688 -0.0870590209960938 0.0435562133789063 0.0311698913574219
-0.0252914428710938 -0.0888900756835938 0.0294418334960938 0.0379409790039062
0.023590087890625 -0.0892181396484375 0.0247726440429688 0.0373191833496094
0.0607948303222656 -0.0543327331542969 0.0139427185058594 0.0316905975341797
0.08428955078125 0.0230178833007813 0.00518417358398438 0.0407752990722656
0.0596542358398438 0.0714035034179688 0.00566864013671876 0.0492973327636719
-0.000686645507812493 0.0916213989257813 -0.0205764770507812 0.0452842712402344
-0.0279388427734375 0.0424842834472656 -0.023193359375 0.0531845092773438
-0.0143928527832031 0.0404930114746094 -0.0107908248901367 0.0101337432861328
0.009002685546875 0.0443000793457031 -0.0400810241699219 -0.0147781372070313
0.0367851257324219 0.0166473388671875 -0.0604743957519531 0.0171432495117187
0.0407905578613281 -0.0151710510253906 -0.0412445068359375 0.0615577697753906
0.0151786804199219 -0.0518684387207031 0.00482940673828125 0.0806884765625
-0.0118141174316406 -0.0554237365722656 0.050384521484375 0.0745925903320313
-0.0198173522949219 -0.0542564392089844 0.0603675842285156 0.0572090148925781
-0.0317039489746094 -0.0622062683105469 0.0623588562011719 0.0484962463378906
-0.0157089233398438 -0.0630760192871094 0.0446052551269531 0.0565910339355469
0.0172386169433594 -0.0626258850097656 0.0321922302246094 0.0520286560058594
0.04248046875 -0.03875732421875 0.0164985656738281 0.0452728271484375
0.0588722229003906 0.0148048400878906 0.00867462158203126 0.0522956848144531
0.0422286987304688 0.0471267700195313 0.0103111267089844 0.0696220397949219
0.00109481811523437 0.0635795593261719 -0.02667236328125 0.0753326416015625
-0.0099639892578125 -0.02301025390625 0.026336669921875 -0.0967483520507813
-0.0150651931762695 -0.012700080871582 -0.0076446533203125 -0.0801467895507813
-0.0234909057617188 0.0016937255859375 -0.0175857543945312 -0.0513648986816406
-0.0212974548339844 0.0193271636962891 -0.0152435302734375 -0.0537452697753906
-0.00912666320800781 0.0254001617431641 -0.0283470153808594 -0.0623931884765625
0.00633621215820313 0.0303707122802734 -0.0577507019042969 -0.0636405944824219
0.00628280639648438 0.0230827331542969 -0.0792770385742188 -0.060455322265625
0.00276756286621094 0.0203647613525391 -0.0712127685546875 -0.0636367797851563
-0.000789642333984374 0.0214023590087891 -0.0496978759765625 -0.086029052734375
-0.0096893310546875 0.00934028625488281 -0.000335693359375006 -0.0953826904296875
-0.0122909545898438 -0.00271224975585937 0.0418777465820313 -0.0706100463867188
-0.00272560119628906 -0.0123424530029297 0.063079833984375 -0.0257110595703125
0.010498046875 -0.0171632766723633 0.0505142211914063 0.0136146545410156
0.0182247161865234 -0.0104312896728516 0.0230503082275391 -0.00969886779785156
0.0175666809082031 -0.0163002014160156 0.0406761169433594 -0.0606765747070313
-0.013702392578125 0.0238056182861328 0.0311965942382812 -0.099273681640625
0.00479888916015625 0.0191440582275391 -0.00291442871093749 -0.0832138061523438
0.0123844146728516 0.0115718841552734 -0.0139198303222656 -0.0519027709960937
0.00804901123046875 -0.00129890441894531 -0.0121612548828125 -0.0568122863769531
0.00335836410522461 -0.00807571411132813 -0.0233192443847656 -0.0626640319824219
-0.00682640075683594 -0.00894260406494141 -0.0552978515625 -0.0681114196777344
-0.018310546875 -0.011322021484375 -0.0777740478515625 -0.06341552734375
-0.0155401229858398 -0.0150852203369141 -0.0697097778320313 -0.062835693359375
-0.0175628662109375 -0.0195331573486328 -0.049835205078125 -0.0843276977539063
-0.00473403930664062 -0.0283966064453125 -0.00553131103515624 -0.0936508178710938
0.0134983062744141 -0.0268478393554688 0.0366439819335938 -0.0703048706054688
0.0267181396484375 -0.0114345550537109 0.0599937438964844 -0.030364990234375
0.0274944305419922 0.008880615234375 0.0497589111328125 0.00940704345703125
0.0200214385986328 0.0204010009765625 0.0225982666015625 -0.0125904083251953
0.00144767761230469 0.0183238983154297 0.0382156372070312 -0.0641326904296875
-0.0200996398925781 0.06304931640625 0.0333633422851563 -0.0857009887695313
0.0182723999023438 0.051849365234375 0.00600433349609375 -0.0748214721679688
0.0458564758300781 0.028289794921875 -0.00728988647460938 -0.0477104187011719
0.0405540466308594 -0.0151786804199219 -0.00718307495117187 -0.0522956848144531
0.0208511352539063 -0.0393218994140625 -0.0143356323242187 -0.0542640686035156
-0.0145416259765625 -0.0494575500488281 -0.0439605712890625 -0.0633163452148438
-0.0385322570800781 -0.0465164184570313 -0.0643959045410156 -0.0571403503417969
-0.0312767028808594 -0.0490341186523438 -0.0581207275390625 -0.0508689880371094
-0.0337982177734375 -0.0572738647460937 -0.0434303283691406 -0.0694084167480469
-0.00488662719726563 -0.0646286010742188 -0.0123062133789063 -0.0774993896484375
0.0333480834960937 -0.0548934936523438 0.0229873657226563 -0.0603218078613281
0.054290771484375 -0.0194969177246094 0.0464401245117188 -0.0333671569824219
0.0485877990722656 0.0293235778808594 0.04052734375 0.00231170654296875
0.0279655456542969 0.0497322082519531 0.0163974761962891 -0.0139179229736328
-0.00922393798828126 0.0511856079101563 0.0280113220214844 -0.0596084594726563
-0.0289154052734375 0.0901718139648438 0.0324478149414062 -0.0602607727050781
0.0227890014648437 0.0777969360351562 0.014068603515625 -0.0571365356445312
0.0687026977539063 0.0482406616210937 -0.00233840942382812 -0.0378761291503906
0.0706024169921875 -0.0198974609375 -0.00466918945312499 -0.03961181640625
0.0420875549316406 -0.0614547729492188 -0.00595474243164062 -0.0348682403564453
-0.0136871337890625 -0.0827713012695313 -0.0277442932128906 -0.0462875366210938
-0.04986572265625 -0.0755081176757813 -0.0420608520507813 -0.0401573181152344
-0.0424728393554687 -0.0752182006835938 -0.0383796691894531 -0.0309104919433594
-0.0494155883789062 -0.08489990234375 -0.0293617248535156 -0.0456428527832031
-0.0118484497070312 -0.0914459228515625 -0.0137863159179688 -0.0511245727539063
0.0413055419921875 -0.0822982788085938 0.011322021484375 -0.038970947265625
0.072601318359375 -0.0359344482421875 0.0283660888671875 -0.0252227783203125
0.0736083984375 0.0394821166992188 0.0244560241699219 0.000186920166015627
0.0426101684570313 0.0729522705078125 0.0072784423828125 -0.00941371917724609
-0.012847900390625 0.08050537109375 0.0131454467773437 -0.0454673767089844
-0.0376510620117187 0.100166320800781 0.0238800048828125 -0.0272750854492187
0.0153350830078125 0.0906906127929687 0.0168037414550781 -0.034393310546875
0.0735702514648438 0.0656356811523438 -0.00394439697265625 -0.0259265899658203
0.0887908935546875 -0.013275146484375 -0.00873947143554687 -0.0205459594726563
0.0610733032226563 -0.0678825378417969 -0.00351858139038085 -0.00678205490112305
-0.00531768798828126 -0.102714538574219 -0.0100984573364258 -0.0164031982421875
-0.0510330200195313 -0.0943145751953125 -0.01434326171875 -0.0135812759399414
-0.047454833984375 -0.0901336669921875 -0.0124740600585938 -0.00659561157226563
-0.0592880249023437 -0.100105285644531 -0.00712394714355469 -0.0183334350585938
-0.0224761962890625 -0.1055908203125 -0.00538063049316406 -0.0185604095458984
0.037933349609375 -0.1011962890625 0.00877952575683594 -0.0117025375366211
0.0790786743164063 -0.0532455444335938 0.0149202346801758 -0.00728988647460938
0.0920944213867188 0.0377120971679688 0.00998687744140625 0.00942420959472656
0.0580902099609375 0.0856246948242188 0.000572681427001957 0.00415921211242676
-0.00961303710937499 0.100257873535156 -0.00171279907226563 -0.0206432342529297
-0.0420989990234375 0.0935745239257813 0.0104398727416992 0.00560379028320313
0.00225830078125001 0.0864639282226563 0.0114736557006836 -0.0133066177368164
0.0597305297851563 0.0728912353515625 -0.0133676528930664 -0.0159749984741211
0.087646484375 -1.52587890625E-05 -0.0229320526123047 -0.000885009765624997
0.0694046020507813 -0.0574150085449219 -0.0113582611083984 0.0242099761962891
0.00643157958984375 -0.102348327636719 0.00162315368652344 0.0198650360107422
-0.042999267578125 -0.0972900390625 0.0126438140869141 0.0184822082519531
-0.0446395874023438 -0.091217041015625 0.015106201171875 0.0185794830322266
-0.0602874755859375 -0.100433349609375 0.0182399749755859 0.00847244262695312
-0.0280075073242188 -0.104469299316406 0.0105657577514648 0.0124788284301758
0.03009033203125 -0.103759765625 0.0150899887084961 0.015040397644043
0.0741958618164063 -0.0609893798828125 0.011260986328125 0.0137939453125
0.0970382690429688 0.0307693481445313 0.00410079956054688 0.0251140594482422
0.066131591796875 0.0844039916992188 0.00100326538085938 0.0254554748535156
-0.00392150878906249 0.104774475097656 -0.0126399993896484 0.0114803314208984
-0.0393447875976563 0.0720443725585937 -0.007904052734375 0.0334491729736328
-0.00895690917968751 0.0674896240234375 0.000183343887329101 0.00230884552001954
0.0349807739257813 0.064910888671875 -0.0272941589355469 -0.0128040313720703
0.0674858093261719 0.0120010375976563 -0.0426902770996094 0.0117416381835938
0.0623245239257812 -0.0369224548339844 -0.0263481140136719 0.0478248596191406
0.0144119262695312 -0.0838470458984375 0.00530624389648438 0.0548286437988281
-0.0285568237304688 -0.0835189819335938 0.0353012084960938 0.0501937866210937
-0.0349502563476562 -0.0784378051757813 0.0409393310546875 0.0412139892578125
-0.05047607421875 -0.0868453979492188 0.0435295104980469 0.0314102172851562
-0.0257720947265625 -0.0889892578125 0.0297470092773438 0.0380935668945312
0.0230712890625 -0.0896682739257813 0.0249481201171875 0.0371437072753906
0.0610427856445313 -0.0550460815429688 0.0143470764160156 0.0322437286376953
0.084564208984375 0.022796630859375 0.00574111938476563 0.0409202575683594
0.0601119995117188 0.0713653564453125 0.006195068359375 0.0490684509277344
-0.000450134277343746 0.0923080444335938 -0.0202140808105469 0.045257568359375
-0.0279083251953125 0.0429611206054688 -0.0224189758300781 0.0527496337890625
-0.0142936706542969 0.0408096313476562 -0.0104427337646484 0.0103511810302734
0.0096588134765625 0.0448570251464844 -0.040008544921875 -0.0147552490234375
0.0371665954589844 0.0162429809570313 -0.060455322265625 0.0173377990722656
0.0407066345214844 -0.0154991149902344 -0.0407829284667969 0.0622100830078125
0.0154762268066406 -0.0517120361328125 0.00501251220703124 0.0807952880859375
-0.0121841430664063 -0.0552978515625 0.050445556640625 0.0744781494140625
-0.0202522277832031 -0.0546226501464844 0.0606536865234375 0.0571975708007813
-0.0321121215820312 -0.0625839233398438 0.0627288818359375 0.0480766296386719
-0.0160865783691406 -0.0634498596191406 0.0448951721191406 0.0566444396972656
0.0169410705566406 -0.0629119873046875 0.0330810546875 0.0524826049804687
0.0422782897949219 -0.0389823913574219 0.0163955688476563 0.0453987121582031
0.0587921142578125 0.0145454406738281 0.00894546508789063 0.0524978637695313
0.042999267578125 0.0473060607910156 0.0106468200683594 0.0694313049316406
0.00147247314453125 0.0640869140625 -0.0266189575195313 0.0756378173828125
-0.0095977783203125 -0.0232219696044922 0.026092529296875 -0.0972442626953125
-0.0157585144042969 -0.0127477645874023 -0.0082244873046875 -0.0805435180664063
-0.0241012573242187 0.00112533569335938 -0.0176506042480469 -0.0512351989746094
-0.0210838317871094 0.0194873809814453 -0.0152778625488281 -0.0540542602539063
-0.00913619995117187 0.0254440307617187 -0.0288734436035156 -0.0623512268066406
0.00675773620605469 0.0306282043457031 -0.0577735900878906 -0.0634002685546875
0.00614738464355469 0.0237159729003906 -0.0793533325195313 -0.0604476928710937
0.00295829772949219 0.0208301544189453 -0.071075439453125 -0.0637435913085938
-0.000852584838867185 0.021697998046875 -0.0507659912109375 -0.0860748291015625
-0.00974082946777344 0.009613037109375 -0.000442504882812509 -0.0961151123046875
-0.0123062133789063 -0.00239276885986328 0.0413894653320313 -0.0707778930664063
-0.00264072418212891 -0.0121049880981445 0.06298828125 -0.0261344909667969
0.0104522705078125 -0.0170965194702148 0.0501976013183594 0.0136566162109375
0.018402099609375 -0.0110206604003906 0.0227947235107422 -0.0102672576904297
0.0177783966064453 -0.0167636871337891 0.0402984619140625 -0.0612144470214844
-0.0128555297851563 0.0239448547363281 0.0306777954101562 -0.10003662109375
0.00449943542480469 0.0190010070800781 -0.00305938720703124 -0.0837631225585937
0.0125656127929687 0.0115728378295898 -0.0139732360839844 -0.0520591735839844
0.00836610794067383 -0.000919342041015625 -0.012542724609375 -0.0570144653320313
0.00289440155029297 -0.00812482833862305 -0.0234909057617188 -0.0630226135253906
-0.00716447830200195 -0.00849008560180664 -0.0557899475097656 -0.068634033203125
-0.0190773010253906 -0.0113143920898438 -0.0787887573242188 -0.0634307861328125
-0.0154533386230469 -0.0150346755981445 -0.0702247619628906 -0.0628242492675781
-0.0174770355224609 -0.0195884704589844 -0.0505905151367187 -0.0844573974609375
-0.004913330078125 -0.0285797119140625 -0.00566101074218751 -0.094146728515625
0.0137577056884766 -0.0269393920898438 0.0361709594726563 -0.0706787109375
0.0271110534667969 -0.0115985870361328 0.0605964660644531 -0.0305938720703125
0.0277919769287109 0.00909233093261719 0.0502967834472656 0.00949478149414063
0.0206317901611328 0.0199069976806641 0.0228786468505859 -0.0130100250244141
0.00244140625 0.0184383392333984 0.03814697265625 -0.0644721984863281
-0.0197677612304688 0.0635032653808594 0.0335693359375 -0.0867080688476562
0.0182991027832031 0.0520362854003906 0.00576019287109375 -0.0753936767578125
0.0465164184570313 0.0281791687011719 -0.00733947753906249 -0.0475044250488281
0.0408363342285156 -0.0153617858886719 -0.00743865966796874 -0.0531692504882812
0.0211181640625 -0.0397224426269531 -0.0140419006347656 -0.0548095703125
-0.0148086547851562 -0.0490570068359375 -0.0444526672363281 -0.0635871887207031
-0.0390167236328125 -0.0466651916503906 -0.0655441284179688 -0.0573005676269531
-0.0317878723144531 -0.0492744445800781 -0.0586509704589844 -0.0503005981445312
-0.0346794128417969 -0.0573921203613281 -0.0443572998046875 -0.0698814392089844
-0.00517654418945313 -0.0645332336425781 -0.0129165649414063 -0.0783233642578125
0.0332756042480469 -0.0555191040039063 0.0228729248046875 -0.0604324340820312
0.0539169311523437 -0.01959228515625 0.0461845397949219 -0.0332450866699219
0.048858642578125 0.0298042297363281 0.0406265258789062 0.00141143798828125
0.028350830078125 0.0497627258300781 0.0169973373413086 -0.0145511627197266
-0.00906753540039063 0.0519065856933594 0.0278129577636719 -0.0600051879882813
-0.0283203125 0.0908966064453125 0.0317230224609375 -0.0608177185058594
0.0228347778320313 0.0781402587890625 0.014068603515625 -0.0574302673339844
0.0691604614257813 0.04827880859375 -0.00229644775390625 -0.0378799438476563
0.0705642700195313 -0.0203933715820313 -0.00411224365234375 -0.0397186279296875
0.0424575805664062 -0.0616989135742188 -0.00567245483398438 -0.0352973937988281
-0.014007568359375 -0.082977294921875 -0.0272674560546875 -0.0464134216308594
-0.0506210327148438 -0.0758590698242187 -0.0427627563476563 -0.040130615234375
-0.0427169799804687 -0.0758209228515625 -0.0384941101074219 -0.0308876037597656
-0.0498199462890625 -0.0853271484375 -0.0295372009277344 -0.0456390380859375
-0.012298583984375 -0.092041015625 -0.0142097473144531 -0.0506134033203125
0.0411911010742188 -0.0829544067382813 0.0114784240722656 -0.0394477844238281
0.07305908203125 -0.0361251831054687 0.0280723571777344 -0.0253734588623047
0.074066162109375 0.0394287109375 0.0243721008300781 1.71661376953149E-05
0.04290771484375 0.0731124877929687 0.00680351257324219 -0.00999641418457031
-0.0124282836914063 0.0815200805664063 0.0128440856933594 -0.0451202392578125
-0.0375289916992187 0.100791931152344 0.0243797302246094 -0.0271282196044922
0.01611328125 0.0908889770507813 0.0168647766113281 -0.0345478057861328
0.07470703125 0.0656356811523438 -0.00383377075195312 -0.0255222320556641
0.088714599609375 -0.0139236450195313 -0.00836944580078125 -0.0205955505371094
0.0616378784179688 -0.0685005187988281 -0.00371074676513671 -0.00672197341918946
-0.00557708740234374 -0.102836608886719 -0.0104827880859375 -0.0170135498046875
-0.0518722534179687 -0.0942153930664063 -0.0145759582519531 -0.0134086608886719
-0.0475234985351563 -0.090423583984375 -0.0127010345458984 -0.00659465789794922
-0.0603485107421875 -0.100440979003906 -0.00758934020996094 -0.0181446075439453
-0.0225448608398438 -0.106338500976563 -0.00553321838378907 -0.0181484222412109
0.0380859375 -0.101699829101563 0.00858688354492188 -0.0116596221923828
0.0794296264648438 -0.053375244140625 0.0153350830078125 -0.00754928588867188
0.09307861328125 0.037689208984375 0.00990867614746094 0.00895023345947266
0.0587387084960938 0.0858001708984375 0.000700950622558597 0.00431346893310547
-0.00936889648437501 0.1007080078125 -0.00187301635742187 -0.0207023620605469
-0.0422515869140625 0.0942840576171875 0.0104846954345703 0.0052633285522461
0.00245666503906251 0.086822509765625 0.011387825012207 -0.0131740570068359
0.0605926513671875 0.0732574462890625 -0.0132875442504883 -0.0161209106445312
0.0880126953125 2.288818359375E-05 -0.0227870941162109 -0.001129150390625
0.0696258544921875 -0.0579833984375 -0.0108814239501953 0.0242118835449219
0.0060577392578125 -0.102943420410156 0.00140571594238281 0.0200958251953125
-0.0435943603515625 -0.0977020263671875 0.0123786926269531 0.0186672210693359
-0.0451889038085937 -0.0916671752929688 0.0151844024658203 0.0189113616943359
-0.061187744140625 -0.100242614746094 0.0179538726806641 0.00860977172851562
-0.0284652709960938 -0.104461669921875 0.0106430053710937 0.0127162933349609
0.0300674438476563 -0.10430908203125 0.0151262283325195 0.0154285430908203
0.074249267578125 -0.061492919921875 0.011683464050293 0.0139341354370117
0.0979690551757812 0.0307464599609375 0.00432014465332032 0.0249576568603516
0.0665206909179688 0.084320068359375 0.000898361206054694 0.0253410339355469
-0.0035552978515625 0.105491638183594 -0.0124292373657227 0.0119476318359375
-0.0396804809570313 0.072601318359375 -0.0073699951171875 0.0335979461669922
-0.00912094116210938 0.0679588317871094 0.000351905822753906 0.00232219696044922
0.0353355407714844 0.0651016235351563 -0.0275516510009766 -0.0128746032714844
0.0678291320800781 0.0122032165527344 -0.0426406860351562 0.0117149353027344
0.0622444152832031 -0.0375595092773438 -0.0261306762695312 0.0481834411621094
0.0143203735351563 -0.0842208862304688 0.00514602661132813 0.0547523498535156
-0.0291366577148438 -0.0839385986328125 0.035369873046875 0.050262451171875
-0.035247802734375 -0.0791091918945313 0.0411491394042969 0.0414237976074219
-0.051513671875 -0.08697509765625 0.0436439514160156 0.0311088562011719
-0.0261764526367188 -0.0896530151367188 0.0297317504882813 0.0382957458496094
0.0227890014648438 -0.090484619140625 0.0251731872558594 0.0374412536621094
0.0609664916992188 -0.0554847717285156 0.0141696929931641 0.0327701568603516
0.0853195190429688 0.0229721069335938 0.00573348999023438 0.0408554077148438
0.0610733032226562 0.0716552734375 0.00617980957031251 0.0491790771484375
-0.000267028808593746 0.0931625366210938 -0.0204010009765625 0.045806884765625
-0.0279731750488281 0.0430831909179688 -0.0219078063964844 0.0530891418457031
-0.0140266418457031 0.0412559509277344 -0.0107965469360352 0.0101985931396484
0.00992584228515625 0.0447158813476563 -0.0397682189941406 -0.0149421691894531
0.0374603271484375 0.0162086486816406 -0.0603752136230469 0.0176658630371094
0.0410919189453125 -0.015838623046875 -0.0407791137695313 0.0620994567871094
0.0148735046386719 -0.0521392822265625 0.00543975830078125 0.0806808471679688
-0.0126762390136719 -0.0558891296386719 0.0509033203125 0.0744552612304688
-0.0204277038574219 -0.0545806884765625 0.0609283447265625 0.0572738647460938
-0.0326461791992187 -0.0624885559082031 0.0628547668457031 0.0484809875488281
-0.0164070129394531 -0.0638275146484375 0.0452766418457031 0.0568504333496094
0.0172348022460938 -0.0634574890136719 0.0326728820800781 0.0524368286132813
0.0425376892089844 -0.0391998291015625 0.0167579650878906 0.045562744140625
0.0593299865722656 0.0146865844726563 0.00903701782226562 0.0526695251464844
0.0429344177246094 0.0475349426269531 0.0108070373535156 0.0699462890625
0.000942230224609381 0.064453125 -0.0265579223632812 0.0759811401367188
-0.00994873046875 -0.0231037139892578 0.0254135131835938 -0.0975723266601563
-0.015873908996582 -0.0130624771118164 -0.00894927978515625 -0.0812149047851562
-0.024322509765625 0.000907897949218752 -0.0181198120117187 -0.0513153076171875
-0.0214862823486328 0.0197067260742188 -0.0151481628417969 -0.054107666015625
-0.00907325744628906 0.0260276794433594 -0.0287094116210937 -0.0630416870117188
0.00721168518066406 0.0305843353271484 -0.0583953857421875 -0.0639305114746094
0.00653839111328125 0.0236244201660156 -0.08038330078125 -0.0604019165039063
0.00293922424316406 0.0210361480712891 -0.0722579956054688 -0.0642776489257812
-0.000780105590820313 0.0214157104492188 -0.0512313842773437 -0.0866165161132813
-0.00970649719238281 0.00952625274658203 -0.000915527343750007 -0.0961532592773438
-0.0124435424804687 -0.00215721130371094 0.0417404174804688 -0.07122802734375
-0.00274467468261719 -0.0117835998535156 0.0628204345703125 -0.0265541076660156
0.0108966827392578 -0.0177078247070313 0.0504226684570313 0.0135879516601562
0.0185031890869141 -0.0110359191894531 0.0224685668945312 -0.0107269287109375
0.0178470611572266 -0.0164051055908203 0.0405120849609375 -0.0618057250976563
-0.0132923126220703 0.0237598419189453 0.0307540893554688 -0.100700378417969
0.00473213195800781 0.01898193359375 -0.00357818603515624 -0.0837554931640625
0.0128593444824219 0.0116853713989258 -0.0139389038085937 -0.0518302917480469
0.00833463668823242 -0.00111293792724609 -0.012786865234375 -0.0568962097167969
0.00286245346069336 -0.00814628601074219 -0.0233192443847656 -0.0636978149414063
-0.00717639923095703 -0.00876426696777344 -0.0561447143554687 -0.0686454772949219
-0.0186786651611328 -0.0113697052001953 -0.079315185546875 -0.0637893676757813
-0.0156850814819336 -0.0150346755981445 -0.0709762573242188 -0.06256103515625
-0.0177536010742188 -0.0197181701660156 -0.0511398315429688 -0.0853195190429687
-0.00462722778320313 -0.0287895202636719 -0.006011962890625 -0.0947723388671875
0.0132675170898438 -0.0271530151367188 0.0361251831054688 -0.0707626342773438
0.0271511077880859 -0.0121746063232422 0.0606422424316406 -0.0307731628417969
0.0277061462402344 0.00912666320800781 0.0503082275390625 0.00913238525390625
0.0207633972167969 0.0194835662841797 0.0224494934082031 -0.0130996704101562
0.00230789184570313 0.0186862945556641 0.0379524230957031 -0.0650291442871094
-0.0193939208984375 0.0634498596191406 0.033294677734375 -0.0878067016601563
0.0188980102539062 0.0518836975097656 0.00499725341796874 -0.075653076171875
0.0467529296875 0.0286827087402344 -0.00750350952148437 -0.0477943420410156
0.0407218933105469 -0.0155487060546875 -0.00728225708007812 -0.0531158447265625
0.021484375 -0.0397148132324219 -0.0146026611328125 -0.0552749633789063
-0.0149307250976563 -0.0499343872070313 -0.0450820922851563 -0.0642471313476562
-0.0392379760742188 -0.0469284057617188 -0.06591796875 -0.057525634765625
-0.0321426391601563 -0.0496368408203125 -0.0591506958007812 -0.0506591796875
-0.035064697265625 -0.0577239990234375 -0.0442733764648437 -0.0698699951171875
-0.00541305541992187 -0.0647697448730469 -0.0135116577148437 -0.0782089233398438
0.0332908630371094 -0.0555877685546875 0.0230484008789063 -0.0609664916992188
0.0548591613769531 -0.0198860168457031 0.0464057922363281 -0.03387451171875
0.0497512817382813 0.0299339294433594 0.0409812927246094 0.00159072875976563
0.0286331176757813 0.0497245788574219 0.0160303115844727 -0.0150070190429687
-0.0088348388671875 0.052032470703125 0.027862548828125 -0.0605010986328125
-0.0286712646484375 0.0916213989257813 0.0322799682617188 -0.0610771179199219
0.0225601196289063 0.0781936645507813 0.013702392578125 -0.0582695007324219
0.070587158203125 0.0482177734375 -0.00265884399414062 -0.0381813049316406
0.0711593627929688 -0.0207061767578125 -0.00444793701171875 -0.0400962829589844
0.0429725646972656 -0.0623359680175781 -0.005462646484375 -0.0356712341308594
-0.0144424438476562 -0.0832443237304688 -0.0284271240234375 -0.0466804504394531
-0.0510482788085938 -0.0763702392578125 -0.0434112548828125 -0.0404548645019531
-0.0436019897460938 -0.0760955810546875 -0.0387649536132813 -0.0305595397949219
-0.0506134033203125 -0.0855941772460938 -0.0297012329101563 -0.0458106994628906
-0.0123138427734375 -0.092559814453125 -0.0140762329101562 -0.0510673522949219
0.0409698486328125 -0.08355712890625 0.0110588073730469 -0.0396957397460938
0.0737075805664063 -0.0366439819335938 0.02838134765625 -0.0255603790283203
0.0746688842773437 0.0393295288085937 0.0242481231689453 -0.000196456909179685
0.043853759765625 0.073394775390625 0.00689125061035157 -0.00994873046874999
-0.0120773315429687 0.0817184448242188 0.012786865234375 -0.045867919921875
-0.037689208984375 0.101593017578125 0.0243339538574219 -0.0271797180175781
0.016387939453125 0.0912857055664062 0.0167312622070313 -0.0346336364746094
0.0757217407226563 0.0657806396484375 -0.00344657897949218 -0.0252285003662109
0.0898284912109375 -0.01397705078125 -0.00830650329589843 -0.0208530426025391
0.0614700317382813 -0.0688323974609375 -0.00296974182128906 -0.00676345825195313
-0.0061492919921875 -0.103591918945312 -0.010371208190918 -0.0169477462768555
-0.0527191162109375 -0.094879150390625 -0.0149507522583008 -0.0130109786987305
-0.048248291015625 -0.0910873413085938 -0.012751579284668 -0.00615882873535156
-0.0607833862304688 -0.100662231445313 -0.00737190246582032 -0.0181999206542969
-0.0234146118164063 -0.106666564941406 -0.00582122802734375 -0.0181484222412109
0.0376129150390625 -0.102195739746094 0.00858020782470703 -0.0117359161376953
0.0801544189453125 -0.0535507202148437 0.0150890350341797 -0.00734615325927735
0.0934524536132813 0.0378875732421875 0.00967693328857422 0.00887775421142578
0.0597305297851562 0.085968017578125 0.000822305679321293 0.00373101234436036
-0.00914001464843749 0.101516723632813 -0.00180244445800781 -0.0210304260253906
-0.042236328125 0.0949020385742188 0.0104656219482422 0.00531387329101563
0.002716064453125 0.087371826171875 0.011627197265625 -0.013275146484375
0.0615158081054688 0.073394775390625 -0.0133323669433594 -0.015655517578125
0.0886001586914062 -0.00018310546875 -0.0227813720703125 -0.00093650817871094
0.070404052734375 -0.05841064453125 -0.0108470916748047 0.0241336822509766
0.00571441650390625 -0.103675842285156 0.000926971435546877 0.0198040008544922
-0.0443572998046875 -0.0982742309570313 0.0125751495361328 0.0184993743896484
-0.0459136962890625 -0.092315673828125 0.0154476165771484 0.0189762115478516
-0.0618743896484375 -0.100715637207031 0.018157958984375 0.00866127014160156
-0.0292205810546875 -0.105278015136719 0.0107793807983398 0.0131912231445312
0.0298538208007812 -0.10504150390625 0.015355110168457 0.015507698059082
0.0748138427734375 -0.062103271484375 0.0116539001464844 0.014012336730957
0.0987319946289062 0.030487060546875 0.004364013671875 0.0250339508056641
0.0674514770507813 0.0847091674804688 0.00111770629882813 0.0253486633300781
-0.00324249267578124 0.106407165527344 -0.0126495361328125 0.0120143890380859
-0.03973388671875 0.0734405517578125 -0.00716781616210938 0.0341033935546875
-0.0088958740234375 0.0685081481933594 0.000745773315429687 0.00242042541503907
0.0360145568847656 0.065765380859375 -0.0277004241943359 -0.0121669769287109
0.0687065124511719 0.0122489929199219 -0.0424232482910156 0.0116424560546875
0.0629463195800781 -0.0377731323242188 -0.0258331298828125 0.0484046936035156
0.014068603515625 -0.0847702026367188 0.00520706176757812 0.0549087524414063
-0.030181884765625 -0.08404541015625 0.0356674194335938 0.0504035949707031
-0.0363922119140625 -0.079498291015625 0.0414085388183594 0.0413742065429687
-0.0520172119140625 -0.0874176025390625 0.0438575744628906 0.0312690734863281
-0.0270004272460938 -0.0899734497070313 0.0304527282714844 0.0389862060546875
0.0224075317382812 -0.0910568237304688 0.0252914428710937 0.0371780395507812
0.0614700317382813 -0.0560646057128906 0.0143547058105469 0.0326499938964844
0.0861587524414063 0.0225830078125 0.00584030151367188 0.0413017272949219
0.0618362426757812 0.07177734375 0.00624847412109376 0.0490531921386719
0.000152587890625001 0.0939178466796875 -0.0201759338378906 0.0462112426757813
-0.0284156799316406 0.0437660217285156 -0.0220146179199219 0.0537261962890625
-0.0140380859375 0.0412139892578125 -0.0104150772094727 0.0104646682739258
0.0106544494628906 0.0450935363769531 -0.0400466918945313 -0.01434326171875
0.0378532409667969 0.0161285400390625 -0.0604019165039063 0.0175666809082031
0.0408287048339844 -0.0162773132324219 -0.0407600402832031 0.0626182556152344
0.0148277282714844 -0.0521888732910156 0.00548553466796875 0.0807266235351563
-0.0131263732910156 -0.0562057495117187 0.0513153076171875 0.0749664306640625
-0.0209159851074219 -0.0552215576171875 0.0615921020507813 0.0574760437011719
-0.0330696105957031 -0.0626640319824219 0.0633277893066406 0.0488128662109375
-0.0169143676757812 -0.064056396484375 0.0452232360839844 0.0569381713867187
0.0168571472167969 -0.0638694763183594 0.0329551696777344 0.0527381896972656
0.0427055358886719 -0.0393562316894531 0.01690673828125 0.046173095703125
0.0603599548339844 0.0145835876464844 0.0092620849609375 0.0530738830566406
0.0438308715820313 0.0483627319335937 0.0111732482910156 0.0698165893554688
0.00144577026367187 0.065185546875 -0.0261611938476563 0.0762176513671875
-0.00956344604492188 -0.0237026214599609 0.0249786376953125 -0.0988388061523438
-0.0159940719604492 -0.0130949020385742 -0.00934600830078124 -0.0817947387695313
-0.0247840881347656 0.000995635986328122 -0.0183334350585938 -0.0519905090332031
-0.0213356018066406 0.0201530456542969 -0.0152168273925781 -0.0549507141113281
-0.00894737243652344 0.0265579223632812 -0.0294189453125 -0.0630264282226563
0.00735282897949218 0.0308513641357422 -0.05877685546875 -0.0639533996582031
0.00640869140625 0.0241336822509766 -0.0812454223632813 -0.060455322265625
0.00310707092285156 0.0212287902832031 -0.0727615356445312 -0.0644760131835938
-0.000703811645507811 0.0218963623046875 -0.0519561767578125 -0.0871963500976563
-0.00940799713134766 0.00936031341552734 -0.000862121582031251 -0.0971450805664063
-0.0127162933349609 -0.00291633605957031 0.0419769287109375 -0.0717697143554688
-0.00279140472412109 -0.0122222900390625 0.0633621215820313 -0.0266685485839844
0.0105705261230469 -0.0172300338745117 0.0508155822753906 0.0139083862304687
0.0183963775634766 -0.0111827850341797 0.022369384765625 -0.0109195709228516
0.0180931091308594 -0.0171127319335938 0.0401458740234375 -0.0622940063476563
-0.0131607055664063 0.0241069793701172 0.030792236328125 -0.101692199707031
0.00461959838867188 0.018707275390625 -0.00422668457031249 -0.0847625732421875
0.0128345489501953 0.011601448059082 -0.0138435363769531 -0.0523490905761719
0.00775003433227539 -0.00111722946166992 -0.0127220153808594 -0.0578384399414063
0.00283527374267578 -0.00803089141845703 -0.0240554809570312 -0.0636711120605469
-0.00733661651611328 -0.00895214080810547 -0.056549072265625 -0.069000244140625
-0.0191879272460938 -0.0115242004394531 -0.0802154541015625 -0.0639114379882813
-0.0157337188720703 -0.0153865814208984 -0.071746826171875 -0.0626449584960938
-0.0181598663330078 -0.0197029113769531 -0.0522613525390625 -0.0852813720703125
-0.0048828125 -0.0291786193847656 -0.00635528564453124 -0.0955429077148437
0.0135478973388672 -0.0275936126708984 0.0366134643554688 -0.071624755859375
0.0272998809814453 -0.0121192932128906 0.0610694885253906 -0.0310211181640625
0.0279560089111328 0.00882339477539063 0.0507354736328125 0.00914764404296875
0.0214767456054688 0.0196304321289063 0.02252197265625 -0.0131683349609375
0.00250053405761719 0.0182437896728516 0.0378646850585938 -0.0651931762695313
-0.0196456909179687 0.0642471313476562 0.033233642578125 -0.0882415771484375
0.0188636779785156 0.0525436401367188 0.0051116943359375 -0.0762252807617188
0.047332763671875 0.0284919738769531 -0.00767898559570312 -0.0480003356933594
0.0409507751464844 -0.0156288146972656 -0.00749969482421874 -0.0527877807617188
0.0211296081542969 -0.0400352478027344 -0.014404296875 -0.055694580078125
-0.0155563354492188 -0.0496559143066406 -0.0456657409667969 -0.0647468566894531
-0.039825439453125 -0.0469970703125 -0.0671005249023437 -0.057403564453125
-0.0327033996582031 -0.0500259399414062 -0.0601921081542969 -0.0504684448242187
-0.0352439880371094 -0.0580253601074219 -0.0451889038085937 -0.0704574584960938
-0.00518417358398438 -0.0650825500488281 -0.0139312744140625 -0.0790481567382813
0.0333480834960938 -0.0560340881347656 0.0228462219238281 -0.0613365173339844
0.0549125671386719 -0.0200920104980469 0.0463409423828125 -0.0340042114257813
0.0503425598144531 0.0299034118652344 0.0411911010742188 0.00127792358398438
0.0290985107421875 0.05035400390625 0.0163364410400391 -0.014531135559082
-0.00882720947265624 0.0526771545410156 0.02752685546875 -0.061004638671875
-0.0284805297851563 0.0920791625976563 0.0318679809570312 -0.0621414184570312
0.02337646484375 0.0791473388671875 0.0136146545410156 -0.0586700439453125
0.0716018676757813 0.0486297607421875 -0.00251007080078125 -0.0379295349121094
0.0716171264648438 -0.0210037231445313 -0.00410842895507812 -0.0404434204101563
0.0430145263671875 -0.0629959106445313 -0.005584716796875 -0.0359001159667969
-0.0153121948242188 -0.0841140747070313 -0.0282211303710937 -0.046417236328125
-0.0521697998046875 -0.0771636962890625 -0.0433616638183594 -0.0405197143554688
-0.0442428588867187 -0.0772018432617188 -0.0388946533203125 -0.0303840637207031
-0.05157470703125 -0.086181640625 -0.0308074951171875 -0.0463218688964844
-0.0127944946289062 -0.0932998657226563 -0.0144920349121094 -0.0512466430664063
0.0410537719726563 -0.084075927734375 0.0106468200683594 -0.0397872924804688
0.0737457275390625 -0.0371170043945313 0.0281486511230469 -0.0255966186523438
0.075439453125 0.039031982421875 0.0244331359863281 -7.82012939453101E-05
0.0442047119140625 0.0736007690429688 0.00680923461914063 -0.0100555419921875
-0.0119705200195312 0.0823822021484375 0.0123138427734375 -0.0460968017578125
-0.0376739501953125 0.102462768554688 0.0245895385742188 -0.0278701782226562
0.01654052734375 0.0921707153320312 0.0166149139404297 -0.0350055694580078
0.0766983032226563 0.0660247802734375 -0.00358581542968749 -0.0253658294677734
0.09027099609375 -0.0145416259765625 -0.00849342346191406 -0.0208568572998047
0.0620498657226562 -0.0693855285644531 -0.00345802307128906 -0.00694370269775391
-0.0065765380859375 -0.104415893554688 -0.0108156204223633 -0.0172557830810547
-0.0535049438476562 -0.0956344604492188 -0.0153427124023438 -0.0134201049804688
-0.0492477416992188 -0.0919647216796875 -0.0123834609985352 -0.00629234313964844
-0.0617141723632813 -0.101226806640625 -0.00789260864257813 -0.0180950164794922
-0.023284912109375 -0.107437133789062 -0.00609207153320313 -0.0182933807373047
0.037353515625 -0.103424072265625 0.00864124298095703 -0.0120534896850586
0.0806045532226563 -0.0548858642578125 0.014958381652832 -0.00751018524169922
0.0951385498046875 0.0381240844726563 0.0100975036621094 0.00884819030761719
0.0607223510742187 0.086334228515625 0.000892162322998051 0.0037374496459961
-0.00884246826171875 0.102340698242187 -0.00176048278808594 -0.02130126953125
-0.0425491333007813 0.0958175659179688 0.010960578918457 0.00540161132812501
0.00286102294921876 0.0882797241210938 0.0115489959716797 -0.0135345458984375
0.0627212524414063 0.0738601684570313 -0.013493537902832 -0.0155220031738281
0.0893096923828125 -0.00057220458984375 -0.0225830078125 -0.00102043151855469
0.0708541870117188 -0.0593338012695313 -0.0105838775634766 0.0240249633789062
0.00540924072265624 -0.104637145996094 0.00109100341796875 0.0199966430664062
-0.0454940795898438 -0.0987396240234375 0.0126686096191406 0.0188465118408203
-0.0464096069335937 -0.0927581787109375 0.0157108306884766 0.0193119049072266
-0.0632247924804688 -0.101264953613281 0.0179538726806641 0.00872802734374999
-0.0294189453125 -0.105979919433594 0.01068115234375 0.0126848220825195
0.0296249389648438 -0.106155395507813 0.015070915222168 0.0155935287475586
0.07513427734375 -0.063201904296875 0.0114469528198242 0.013916015625
0.100006103515625 0.030242919921875 0.00417900085449219 0.0250644683837891
0.0683746337890625 0.0853195190429688 0.000928878784179694 0.0253238677978516
-0.003143310546875 0.107498168945313 -0.0126819610595703 0.0119304656982422
-0.0398025512695312 0.0743026733398438 -0.00695800781250001 0.034149169921875
-0.00887680053710938 0.068939208984375 0.000772356986999511 0.00199878215789795
0.0371627807617188 0.0662193298339844 -0.0278568267822266 -0.0124950408935547
0.0686454772949219 0.011627197265625 -0.0427932739257812 0.0119438171386719
0.0631523132324219 -0.0385589599609375 -0.0259246826171875 0.0485610961914063
0.0135345458984375 -0.0856094360351563 0.00519180297851563 0.0555992126464844
-0.0306930541992188 -0.085052490234375 0.0362281799316406 0.0505714416503906
-0.0367965698242188 -0.0804672241210938 0.042236328125 0.0419960021972656
-0.0532989501953125 -0.08740234375 0.0442237854003906 0.0317916870117187
-0.0272140502929687 -0.0907974243164063 0.0306015014648438 0.0388565063476562
0.0223922729492188 -0.0916595458984375 0.025360107421875 0.03759765625
0.0617790222167969 -0.0564537048339844 0.0145530700683594 0.0329971313476563
0.0874710083007813 0.0225143432617188 0.00603485107421875 0.0410690307617188
0.0623016357421875 0.0721054077148438 0.00667572021484375 0.0494918823242188
5.34057617187493E-05 0.0946121215820313 -0.0203018188476563 0.04638671875
-0.0285301208496094 0.0441513061523438 -0.0215568542480469 0.0537757873535156
-0.0134735107421875 0.0417861938476563 -0.0100564956665039 0.0104866027832031
0.0112419128417969 0.0453987121582031 -0.0403633117675781 -0.014251708984375
0.0381240844726563 0.0161972045898438 -0.060089111328125 0.01788330078125
0.0418701171875 -0.0162811279296875 -0.0408554077148438 0.0628890991210938
0.0147552490234375 -0.0532073974609375 0.00566864013671875 0.0815582275390625
-0.013946533203125 -0.0564918518066406 0.0520172119140625 0.0751495361328125
-0.0216064453125 -0.0558090209960938 0.062042236328125 0.057525634765625
-0.0336685180664063 -0.062835693359375 0.0640869140625 0.0489006042480469
-0.0172538757324219 -0.0647430419921875 0.0461158752441406 0.057373046875
0.0162849426269531 -0.0643424987792969 0.0332717895507812 0.0529022216796875
0.0433692932128906 -0.0401153564453125 0.0171661376953125 0.0463523864746094
0.0610694885253906 0.0147628784179688 0.00912475585937501 0.053314208984375
0.0440292358398438 0.0479736328125 0.0116615295410156 0.0701560974121094
0.00174331665039062 0.0654411315917969 -0.0261154174804687 0.0774688720703125
-0.00946235656738281 -0.0237770080566406 0.0255126953125 -0.100265502929688
-0.0165719985961914 -0.0134944915771484 -0.00921630859374999 -0.0823516845703125
-0.0253486633300781 0.00130271911621094 -0.0186958312988281 -0.0521469116210938
-0.0214900970458984 0.0204238891601562 -0.0155296325683594 -0.0550308227539063
-0.00906562805175781 0.026824951171875 -0.0295219421386719 -0.0636062622070313
0.00787544250488281 0.0313472747802734 -0.0593452453613281 -0.0645523071289062
0.00706672668457032 0.0239372253417969 -0.0826034545898438 -0.0607070922851563
0.00377082824707031 0.0213356018066406 -0.07403564453125 -0.06475830078125
-0.000186920166015627 0.0224094390869141 -0.0530624389648437 -0.0879974365234375
-0.009796142578125 0.00992393493652344 -0.00176239013671875 -0.0982742309570313
-0.0123147964477539 -0.00240421295166016 0.0416183471679688 -0.0724411010742187
-0.00333499908447265 -0.0119647979736328 0.0637969970703125 -0.0267906188964844
0.0102767944335937 -0.0178508758544922 0.0509109497070313 0.0135459899902344
0.0183315277099609 -0.0112667083740234 0.0221538543701172 -0.0108966827392578
0.0178546905517578 -0.0171833038330078 0.0402565002441406 -0.0629806518554688
-0.0125770568847656 0.0239505767822266 0.029815673828125 -0.102569580078125
0.00464820861816406 0.0189781188964844 -0.00426483154296876 -0.0855255126953125
0.0131893157958984 0.0112295150756836 -0.0140647888183594 -0.0528678894042969
0.00819158554077148 -0.00100612640380859 -0.0125770568847656 -0.0579338073730469
0.00296211242675781 -0.00815582275390625 -0.0243682861328125 -0.0643959045410156
-0.00723171234130859 -0.00892734527587891 -0.0577659606933594 -0.0697708129882813
-0.0192184448242188 -0.0116214752197266 -0.0812530517578125 -0.0640792846679688
-0.0158729553222656 -0.0154895782470703 -0.0723724365234375 -0.0637969970703125
-0.0180759429931641 -0.0194301605224609 -0.0527877807617187 -0.0861587524414063
-0.00499916076660156 -0.0293712615966797 -0.00685119628906249 -0.0962982177734375
0.0137882232666016 -0.0277633666992187 0.0367813110351562 -0.072418212890625
0.0275440216064453 -0.0123462677001953 0.0610771179199219 -0.0320396423339844
0.0282764434814453 0.00923919677734375 0.0508804321289063 0.008636474609375
0.0221271514892578 0.0202045440673828 0.0221290588378906 -0.0133514404296875
0.00255775451660156 0.0184326171875 0.0381202697753906 -0.06597900390625
-0.0192909240722656 0.0653419494628906 0.0331878662109375 -0.0898666381835938
0.0188407897949219 0.0522270202636719 0.00458526611328125 -0.0767440795898438
0.0476417541503906 0.0280838012695313 -0.0074310302734375 -0.0481796264648438
0.0415153503417969 -0.0161895751953125 -0.00714874267578124 -0.0532455444335938
0.0218467712402344 -0.0407257080078125 -0.0146102905273437 -0.0563392639160156
-0.0158805847167969 -0.0503349304199219 -0.0464820861816406 -0.0649147033691406
-0.0409317016601563 -0.0471382141113281 -0.0676727294921875 -0.0574836730957031
-0.0324935913085938 -0.0502471923828125 -0.0608291625976563 -0.0508346557617187
-0.036102294921875 -0.0586166381835937 -0.0463333129882813 -0.070587158203125
-0.00534820556640625 -0.0661544799804688 -0.0138397216796875 -0.079559326171875
0.0330581665039063 -0.0566253662109375 0.0225028991699219 -0.0614471435546875
0.0556564331054687 -0.0205574035644531 0.04669189453125 -0.0346565246582031
0.0511016845703125 0.0298194885253906 0.0413703918457031 0.00168609619140625
0.0296707153320312 0.0505332946777344 0.0157146453857422 -0.0151824951171875
-0.00884246826171875 0.053009033203125 0.02752685546875 -0.0617752075195312
-0.0284194946289063 0.0933609008789063 0.0323333740234375 -0.0629501342773438
0.023406982421875 0.0790863037109375 0.0134544372558594 -0.0587730407714844
0.0723419189453125 0.0481719970703125 -0.00211334228515624 -0.0384750366210938
0.0722732543945313 -0.0214385986328125 -0.00437545776367187 -0.0406837463378906
0.0434799194335938 -0.063507080078125 -0.00522994995117187 -0.0361366271972656
-0.0154800415039063 -0.0848770141601563 -0.0291862487792969 -0.0477142333984375
-0.0532150268554687 -0.0776748657226563 -0.0441932678222656 -0.0404090881347656
-0.045013427734375 -0.0771636962890625 -0.0396881103515625 -0.0308914184570312
-0.0521621704101562 -0.0866851806640625 -0.0315971374511719 -0.0464515686035156
-0.0135421752929688 -0.0945358276367188 -0.0146522521972656 -0.0519294738769531
0.0406417846679688 -0.0850067138671875 0.0106925964355469 -0.0405731201171875
0.0751419067382813 -0.0376358032226563 0.0282859802246094 -0.0260887145996094
0.0770263671875 0.0400466918945313 0.0241546630859375 -0.000118255615234373
0.0447921752929688 0.0738067626953125 0.00678348541259766 -0.0107593536376953
-0.0118484497070312 0.08319091796875 0.0124702453613281 -0.046661376953125
-0.037841796875 0.103668212890625 0.0245761871337891 -0.02874755859375
0.016845703125 0.092803955078125 0.0164375305175781 -0.0349769592285156
0.0779342651367187 0.066436767578125 -0.00347328186035156 -0.0253868103027344
0.0911865234375 -0.0148773193359375 -0.00850868225097656 -0.0206336975097656
0.0627899169921875 -0.0703201293945313 -0.00260829925537109 -0.0072011947631836
-0.00704193115234375 -0.105110168457031 -0.0115175247192383 -0.0172615051269531
-0.0547103881835937 -0.096282958984375 -0.0155363082885742 -0.0134286880493164
-0.0500030517578125 -0.0926742553710938 -0.0128860473632813 -0.00625896453857422
-0.06304931640625 -0.101188659667969 -0.00851631164550782 -0.0180988311767578
-0.0243911743164063 -0.108047485351563 -0.00626182556152344 -0.0183258056640625
0.0374755859375 -0.104522705078125 0.00804042816162109 -0.011775016784668
0.081207275390625 -0.0560836791992188 0.0151901245117188 -0.007568359375
0.0962600708007813 0.0381622314453125 0.0100555419921875 0.00873565673828125
0.0614089965820313 0.086456298828125 0.000307798385620121 0.00366044044494629
-0.00897979736328125 0.103569030761719 -0.00197601318359375 -0.0214405059814453
-0.0427780151367187 0.09698486328125 0.0111446380615234 0.00517368316650391
0.00315093994140624 0.0888290405273438 0.0119791030883789 -0.0131397247314453
0.0637054443359375 0.074371337890625 -0.0134191513061523 -0.0154485702514648
0.09039306640625 -0.0008544921875 -0.0227909088134766 -0.000879287719726562
0.0712356567382813 -0.060089111328125 -0.0102252960205078 0.0242557525634766
0.00475311279296875 -0.105636596679688 0.000896453857421877 0.0196857452392578
-0.04638671875 -0.0997085571289063 0.0127906799316406 0.0190982818603516
-0.0473175048828125 -0.0936737060546875 0.0157699584960937 0.0194168090820312
-0.0643844604492188 -0.101669311523437 0.0185623168945312 0.00899314880371093
-0.0300827026367187 -0.106765747070312 0.011077880859375 0.0133180618286133
0.0293197631835938 -0.10723876953125 0.0153913497924805 0.0156888961791992
0.0756149291992188 -0.06390380859375 0.0117969512939453 0.0142269134521484
0.101615905761719 0.03076171875 0.00476074218750001 0.0249481201171875
0.0697021484375 0.0856552124023438 0.00138092041015625 0.0255775451660156
-0.00264739990234376 0.108726501464844 -0.0125312805175781 0.0121021270751953
-0.0399246215820312 0.0753173828125 -0.00673294067382813 0.0347499847412109
-0.00866317749023438 0.0695953369140625 0.000954389572143554 0.00224065780639649
0.0378494262695313 0.0667343139648438 -0.0284023284912109 -0.0123920440673828
0.0701942443847656 0.0115852355957031 -0.0429191589355469 0.0121116638183594
0.0638885498046875 -0.0390396118164063 -0.0254287719726563 0.0489311218261719
0.0137100219726562 -0.0863189697265625 0.00508880615234375 0.0557518005371094
-0.0315628051757813 -0.0858993530273438 0.0365715026855469 0.0514450073242188
-0.0370330810546875 -0.0813217163085938 0.0426597595214844 0.0418510437011719
-0.0542755126953125 -0.0880584716796875 0.0447883605957031 0.0319252014160156
-0.0276565551757813 -0.091522216796875 0.0306625366210937 0.0395011901855469
0.0221481323242187 -0.0927810668945312 0.0255775451660156 0.0381698608398437
0.0623283386230469 -0.057647705078125 0.0148448944091797 0.0328502655029297
0.0884017944335938 0.02239990234375 0.00605010986328125 0.0411453247070312
0.0636825561523438 0.0723648071289063 0.00656509399414063 0.0496101379394531
0.000434875488281251 0.0962982177734375 -0.0203590393066406 0.0470619201660156
-0.0283584594726563 0.0445137023925781 -0.0216178894042969 0.0546226501464844
-0.0135612487792969 0.0423431396484375 -0.00976943969726562 0.0106391906738281
0.0118141174316406 0.0460929870605469 -0.0407676696777344 -0.0147476196289062
0.0392112731933594 0.0157508850097656 -0.0610275268554687 0.0180244445800781
0.04241943359375 -0.0167884826660156 -0.0404891967773437 0.063812255859375
0.01446533203125 -0.0533523559570313 0.00563812255859375 0.0818939208984375
-0.0137786865234375 -0.0572929382324219 0.0527267456054688 0.075714111328125
-0.0217018127441406 -0.0560760498046875 0.0629081726074219 0.0580368041992188
-0.0349807739257813 -0.0634269714355469 0.0649604797363281 0.0493621826171875
-0.0173912048339844 -0.0646781921386719 0.0467681884765625 0.0581703186035156
0.0164108276367187 -0.0654220581054688 0.0336074829101563 0.05364990234375
0.0433006286621094 -0.040496826171875 0.0171699523925781 0.0468597412109375
0.0617103576660156 0.0145912170410156 0.0096588134765625 0.0537605285644531
0.0448112487792969 0.0483665466308594 0.0118560791015625 0.070709228515625
0.00167083740234375 0.0663681030273438 -0.0264205932617188 0.0782089233398438
-0.0095672607421875 -0.0239963531494141 0.0248870849609375 -0.101387023925781
-0.0169992446899414 -0.0138444900512695 -0.01031494140625 -0.0835189819335938
-0.0254306793212891 0.00107574462890625 -0.0183830261230469 -0.0526771545410156
-0.0216903686523437 0.0208301544189453 -0.016021728515625 -0.0559043884277344
-0.00885581970214844 0.0275459289550781 -0.0302276611328125 -0.0646247863769531
0.00794410705566406 0.0316677093505859 -0.0599937438964844 -0.0655097961425781
0.00711822509765625 0.0247402191162109 -0.0832672119140625 -0.060882568359375
0.00382614135742187 0.0217418670654297 -0.0751266479492187 -0.0648193359375
-0.000398635864257813 0.0220260620117188 -0.0540008544921875 -0.0887832641601563
-0.00984764099121094 0.0103302001953125 -0.00231170654296876 -0.099090576171875
-0.0124845504760742 -0.00207614898681641 0.0419692993164062 -0.0729904174804688
-0.00319290161132812 -0.0120353698730469 0.0642051696777344 -0.0275382995605469
0.0103549957275391 -0.0178604125976563 0.0512847900390625 0.0137062072753906
0.0187282562255859 -0.0116977691650391 0.0220737457275391 -0.0110359191894531
0.0179347991943359 -0.0179309844970703 0.0402183532714844 -0.0636253356933594
-0.0126953125 0.0244235992431641 0.0296554565429688 -0.104713439941406
0.00446701049804687 0.0191745758056641 -0.00511169433593749 -0.0864791870117188
0.0131607055664062 0.0114669799804688 -0.0142898559570312 -0.0532112121582031
0.00807619094848633 -0.000762462615966797 -0.0130538940429687 -0.058563232421875
0.00326442718505859 -0.00830888748168945 -0.0243415832519531 -0.0651588439941406
-0.00747776031494141 -0.00911140441894531 -0.0586357116699219 -0.0702705383300781
-0.0192375183105469 -0.0114727020263672 -0.0824127197265625 -0.064361572265625
-0.0160760879516602 -0.0155467987060547 -0.0734710693359375 -0.0634536743164063
-0.01861572265625 -0.0200061798095703 -0.0538253784179688 -0.0868988037109375
-0.00484848022460938 -0.0295295715332031 -0.00699615478515625 -0.097412109375
0.0134048461914063 -0.0278949737548828 0.0363922119140625 -0.0734405517578125
0.0279369354248047 -0.0123805999755859 0.0616531372070313 -0.032562255859375
0.0286750793457031 0.00876998901367188 0.0515327453613281 0.00885009765625
0.0217819213867188 0.0199565887451172 0.0221118927001953 -0.013885498046875
0.00254440307617187 0.018524169921875 0.0378837585449219 -0.0672340393066406
-0.0189437866210938 0.0662574768066406 0.03265380859375 -0.0908355712890625
0.0193214416503906 0.0530166625976562 0.0043182373046875 -0.0780181884765625
0.0486221313476563 0.0278778076171875 -0.00774002075195312 -0.0486221313476562
0.04229736328125 -0.0163383483886719 -0.007293701171875 -0.0543060302734375
0.0216064453125 -0.0412139892578125 -0.0147438049316406 -0.0567359924316406
-0.0162620544433594 -0.0507011413574219 -0.0470161437988281 -0.0657958984375
-0.0413169860839844 -0.047576904296875 -0.0693740844726562 -0.0580406188964844
-0.0338363647460937 -0.05059814453125 -0.0614547729492187 -0.0513153076171875
-0.036651611328125 -0.0582847595214844 -0.0470809936523438 -0.0709991455078125
-0.00589370727539062 -0.0665016174316406 -0.0145492553710938 -0.0802993774414063
0.0335540771484375 -0.0578536987304688 0.0224876403808594 -0.0628776550292969
0.0563011169433594 -0.0209541320800781 0.0471382141113281 -0.0349693298339844
0.0518798828125 0.0304641723632813 0.0419235229492188 0.000972747802734377
0.030181884765625 0.0504875183105469 0.0156469345092773 -0.0152244567871094
-0.008636474609375 0.0536422729492187 0.0277214050292969 -0.0625343322753906
-0.02838134765625 0.094573974609375 0.031982421875 -0.0638694763183594
0.0238723754882812 0.079833984375 0.0131607055664062 -0.0597038269042969
0.0732040405273438 0.0482711791992188 -0.00190353393554687 -0.0385627746582031
0.0732879638671875 -0.0218124389648438 -0.0045928955078125 -0.0410499572753906
0.0438041687011719 -0.0645790100097656 -0.00555801391601562 -0.0363388061523438
-0.015838623046875 -0.0860443115234375 -0.0297813415527344 -0.047943115234375
-0.0536346435546875 -0.0778961181640625 -0.04498291015625 -0.0405197143554688
-0.0454635620117187 -0.0778350830078125 -0.0406227111816406 -0.0308761596679688
-0.0531692504882813 -0.08734130859375 -0.0317001342773438 -0.0466232299804688
-0.0135345458984375 -0.0951385498046875 -0.0155143737792969 -0.0519638061523438
0.0411529541015625 -0.0861892700195313 0.0107078552246094 -0.0411949157714844
0.0755615234375 -0.0381546020507813 0.0283241271972656 -0.026611328125
0.0781936645507812 0.0399551391601562 0.0251312255859375 -0.000591278076171873
0.045989990234375 0.0744400024414063 0.00695896148681641 -0.0106897354125977
-0.0114822387695313 0.0849761962890625 0.0122909545898438 -0.0474052429199219
-0.03753662109375 0.105331420898438 0.0246429443359375 -0.0288887023925781
0.0174713134765625 0.0937118530273438 0.0164527893066406 -0.0357742309570312
0.0797271728515625 0.0668487548828125 -0.00347518920898437 -0.0254249572753906
0.0922012329101563 -0.0157012939453125 -0.00822067260742187 -0.0210189819335938
0.063568115234375 -0.07159423828125 -0.00241947174072265 -0.00773286819458008
-0.00774383544921874 -0.106147766113281 -0.0113506317138672 -0.0173053741455078
-0.0559463500976563 -0.0970077514648438 -0.0160799026489258 -0.0134391784667969
-0.0511550903320313 -0.0936050415039063 -0.0123605728149414 -0.00574111938476563
-0.0643386840820313 -0.102401733398438 -0.00854873657226563 -0.0181770324707031
-0.0250091552734375 -0.10968017578125 -0.00618553161621094 -0.0181770324707031
0.0374755859375 -0.10595703125 0.00809478759765625 -0.0118780136108398
0.081939697265625 -0.0562896728515625 0.0150718688964844 -0.00777435302734375
0.0980300903320313 0.0383987426757813 0.0101442337036133 0.00895118713378906
0.063140869140625 0.087677001953125 0.000427722930908207 0.00348281860351563
-0.00835418701171876 0.104995727539063 -0.00220870971679687 -0.0216083526611328
-0.0426712036132812 0.0985336303710938 0.0112552642822266 0.00521278381347657
0.00355529785156251 0.0899200439453125 0.0118570327758789 -0.0137081146240234
0.0652008056640625 0.0750579833984375 -0.0136032104492187 -0.015507698059082
0.0915069580078125 -0.00115203857421875 -0.0228214263916016 -0.00113296508789063
0.07208251953125 -0.06097412109375 -0.00974845886230468 0.0244674682617188
0.00446319580078126 -0.106765747070313 0.00102043151855469 0.0198841094970703
-0.04742431640625 -0.100578308105469 0.0131435394287109 0.0192432403564453
-0.0486679077148437 -0.0948867797851563 0.0161609649658203 0.0195827484130859
-0.0656509399414063 -0.102470397949219 0.0184688568115234 0.00894546508789062
-0.0314178466796875 -0.107818603515625 0.0111989974975586 0.0133962631225586
0.0291290283203125 -0.108596801757813 0.0156850814819336 0.0159597396850586
0.0760955810546875 -0.0645370483398437 0.012211799621582 0.0141267776489258
0.102912902832031 0.0306777954101562 0.00453186035156251 0.0252456665039063
0.07086181640625 0.0865097045898438 0.000986099243164064 0.0253143310546875
-0.0023956298828125 0.109970092773438 -0.0128650665283203 0.0123300552368164
-0.040557861328125 0.076263427734375 -0.00658226013183594 0.0349044799804688
-0.00835037231445313 0.0702629089355469 0.00139307975769043 0.00223231315612793
0.0388145446777344 0.0673294067382813 -0.0282249450683594 -0.0118560791015625
0.0708999633789063 0.01123046875 -0.0433845520019531 0.0125198364257812
0.0648002624511719 -0.0399551391601563 -0.0256156921386719 0.0498504638671875
0.013214111328125 -0.0873947143554688 0.005584716796875 0.0560073852539062
-0.0326156616210938 -0.0866622924804688 0.0369338989257813 0.0516014099121094
-0.0380935668945312 -0.081817626953125 0.0433120727539063 0.0427932739257812
-0.0552902221679688 -0.0886306762695312 0.0451316833496094 0.0322189331054687
-0.0284347534179688 -0.0923080444335938 0.0314788818359375 0.0396003723144531
0.0219955444335938 -0.0940704345703125 0.02581787109375 0.0386314392089844
0.0629005432128906 -0.0583839416503906 0.0147876739501953 0.0334434509277344
0.0898895263671875 0.0221405029296875 0.00618362426757813 0.0419692993164063
0.064910888671875 0.0729293823242188 0.00699615478515625 0.0500144958496094
0.00075531005859375 0.0977706909179688 -0.0205039978027344 0.0478935241699219
-0.0290107727050781 0.0455551147460937 -0.0216026306152344 0.055084228515625
-0.0135269165039063 0.0430183410644531 -0.00931453704833985 0.0105810165405273
0.0124015808105469 0.0467720031738281 -0.0412445068359375 -0.0140495300292969
0.0395431518554688 0.0155754089355469 -0.0615577697753906 0.0185127258300781
0.0426597595214844 -0.016998291015625 -0.0408477783203125 0.0641136169433594
0.0141983032226563 -0.0544586181640625 0.00587463378906251 0.0829849243164063
-0.0149154663085937 -0.0578994750976563 0.0535888671875 0.076416015625
-0.0226402282714844 -0.0566864013671875 0.0637168884277344 0.0584335327148437
-0.035552978515625 -0.0637893676757812 0.0655288696289063 0.0497779846191406
-0.018157958984375 -0.065826416015625 0.0475234985351562 0.0585708618164062
0.0166130065917969 -0.0663528442382813 0.0344161987304688 0.0541725158691406
0.0437889099121094 -0.041229248046875 0.0176200866699219 0.0473709106445313
0.0629310607910156 0.0143928527832031 0.0101089477539062 0.05401611328125
0.045440673828125 0.0488662719726563 0.0125961303710937 0.0712738037109375
0.00215530395507813 0.0677337646484375 -0.026092529296875 0.0789718627929688
-0.00998687744140625 -0.0245742797851563 0.0242462158203125 -0.103034973144531
-0.0171003341674805 -0.0141258239746094 -0.0114593505859375 -0.0843276977539062
-0.0262718200683594 0.001129150390625 -0.0187873840332031 -0.0532302856445312
-0.0222759246826172 0.0214977264404297 -0.0163993835449219 -0.0560073852539062
-0.00898933410644531 0.0280818939208984 -0.0309371948242187 -0.0652389526367188
0.00804710388183593 0.0320968627929688 -0.0615272521972656 -0.0655632019042969
0.00765228271484375 0.0246067047119141 -0.085113525390625 -0.0619659423828125
0.00404930114746094 0.0221195220947266 -0.0762557983398438 -0.0651321411132813
8.20159912109367E-05 0.0224361419677734 -0.054901123046875 -0.0893325805664063
-0.00978374481201172 0.0100831985473633 -0.00275421142578124 -0.100395202636719
-0.012751579284668 -0.00196170806884765 0.0420074462890625 -0.0745086669921875
-0.00339221954345703 -0.012481689453125 0.0644645690917969 -0.0280113220214844
0.0101394653320312 -0.0184860229492188 0.0521354675292969 0.0137252807617188
0.01873779296875 -0.0122413635253906 0.0217609405517578 -0.0115814208984375
0.0181846618652344 -0.0180187225341797 0.0402297973632813 -0.0648307800292969
-0.0131607055664063 0.0246505737304688 0.0292510986328125 -0.105903625488281
0.00475311279296875 0.0189361572265625 -0.005859375 -0.0872116088867188
0.0133028030395508 0.011387825012207 -0.0152664184570313 -0.0540199279785156
0.00831508636474609 -0.000504493713378906 -0.0136299133300781 -0.0589828491210937
0.00295114517211914 -0.00813198089599609 -0.0249862670898438 -0.06610107421875
-0.0070791244506836 -0.00920867919921875 -0.0599212646484375 -0.0705642700195313
-0.0200405120849609 -0.0115737915039063 -0.0837249755859375 -0.0647659301757812
-0.0159730911254883 -0.0153532028198242 -0.0744171142578125 -0.0636749267578125
-0.0187931060791016 -0.0198326110839844 -0.055267333984375 -0.0876617431640625
-0.00489044189453125 -0.0293769836425781 -0.00820159912109375 -0.0981826782226563
0.0136890411376953 -0.0281944274902344 0.0365676879882812 -0.0739288330078125
0.0282535552978516 -0.0127010345458984 0.0624618530273438 -0.0331344604492188
0.0291481018066406 0.00918960571289063 0.0520439147949219 0.00899505615234375
0.0219764709472656 0.0198287963867188 0.0221290588378906 -0.0138187408447266
0.00289726257324219 0.0187053680419922 0.037322998046875 -0.0681381225585937
-0.0194587707519531 0.0665321350097656 0.03271484375 -0.092254638671875
0.0194320678710937 0.0535430908203125 0.00328063964843751 -0.0792236328125
0.0499267578125 0.0282936096191406 -0.00774383544921875 -0.0491180419921875
0.0420722961425781 -0.0163383483886719 -0.00810623168945313 -0.0549049377441406
0.0217018127441406 -0.0419540405273438 -0.0145912170410156 -0.0573577880859375
-0.0169105529785156 -0.0514335632324219 -0.0484466552734375 -0.0665473937988281
-0.041900634765625 -0.0483970642089844 -0.0705718994140625 -0.0582733154296875
-0.0340728759765625 -0.0511474609375 -0.0627059936523438 -0.0511589050292969
-0.0373191833496094 -0.0587196350097656 -0.0477676391601562 -0.0717926025390625
-0.00625228881835938 -0.0671806335449219 -0.0150604248046875 -0.0810546875
0.0336341857910156 -0.0583076477050781 0.0225334167480469 -0.0635757446289063
0.0569114685058594 -0.0211677551269531 0.0475959777832031 -0.0356254577636719
0.0528717041015625 0.0305709838867188 0.0421485900878906 0.000564575195312502
0.0310554504394531 0.0506820678710937 0.0155820846557617 -0.0157642364501953
-0.00817108154296874 0.0544395446777344 0.0271682739257812 -0.0634193420410156
-0.0285873413085938 0.0957107543945312 0.0322723388671875 -0.065032958984375
0.0244064331054687 0.0812149047851563 0.0129737854003906 -0.0603713989257812
0.0755081176757813 0.0485763549804688 -0.00247192382812499 -0.0388336181640625
0.073516845703125 -0.0225906372070312 -0.00424575805664062 -0.0413894653320312
0.043975830078125 -0.0656013488769531 -0.00494766235351562 -0.0372505187988281
-0.0168914794921875 -0.0867691040039063 -0.03057861328125 -0.048370361328125
-0.0552444458007813 -0.0786209106445313 -0.0460891723632812 -0.0410575866699219
-0.0468826293945312 -0.0786895751953125 -0.041107177734375 -0.0309486389160156
-0.0547637939453125 -0.0878829956054688 -0.0325965881347656 -0.0468559265136719
-0.01446533203125 -0.0962600708007813 -0.0159835815429688 -0.0524864196777344
0.0407180786132812 -0.0876617431640625 0.0102958679199219 -0.0416488647460938
0.0760040283203125 -0.0387039184570313 0.0286331176757813 -0.0273799896240234
0.0796966552734375 0.0396499633789062 0.0253353118896484 -0.000450134277343748
0.0476913452148438 0.0753250122070313 0.00650215148925782 -0.0114011764526367
-0.0109100341796875 0.0858230590820313 0.0125236511230469 -0.047821044921875
-0.0376434326171875 0.107162475585938 0.0252685546875 -0.0296592712402344
0.0175399780273438 0.0948715209960937 0.0169754028320313 -0.0360908508300781
0.08135986328125 0.06707763671875 -0.00344467163085937 -0.0255947113037109
0.0934066772460938 -0.0161056518554688 -0.00816154479980468 -0.0216407775878906
0.0640106201171875 -0.07269287109375 -0.00240468978881836 -0.0074143409729004
-0.00839996337890625 -0.107528686523438 -0.0120201110839844 -0.0178050994873047
-0.0571136474609375 -0.0978546142578125 -0.0164165496826172 -0.0132617950439453
-0.0526351928710938 -0.09454345703125 -0.0128755569458008 -0.00567054748535157
-0.0658950805664062 -0.102821350097656 -0.00900840759277344 -0.0185012817382813
-0.0256500244140625 -0.110862731933594 -0.00632095336914063 -0.018341064453125
0.037017822265625 -0.107269287109375 0.00852298736572266 -0.0119485855102539
0.0827865600585938 -0.0574264526367188 0.0153036117553711 -0.0081787109375
0.099578857421875 0.0380783081054688 0.0104455947875977 0.00907325744628906
0.0644454956054688 0.0884323120117188 0.000348567962646489 0.00327086448669434
-0.00787353515625 0.106575012207031 -0.00215721130371094 -0.0217113494873047
-0.043121337890625 0.100227355957031 0.0114078521728516 0.00496387481689454
0.0038909912109375 0.0912399291992188 0.0121479034423828 -0.0137643814086914
0.0669174194335938 0.075592041015625 -0.0134859085083008 -0.014897346496582
0.092681884765625 -0.0016021728515625 -0.0227737426757812 -0.000862121582031251
0.0731735229492188 -0.06219482421875 -0.00969314575195312 0.0246334075927734
0.0040283203125 -0.108161926269531 0.000782012939453125 0.0202255249023437
-0.0487136840820313 -0.101608276367188 0.0131015777587891 0.0197200775146484
-0.04986572265625 -0.0959701538085937 0.0165424346923828 0.019866943359375
-0.0673599243164063 -0.103057861328125 0.0185527801513672 0.00896263122558593
-0.0323715209960938 -0.109245300292969 0.011103630065918 0.0139169692993164
0.028961181640625 -0.110557556152344 0.0156478881835938 0.0160083770751953
0.0767440795898438 -0.06585693359375 0.0123291015625 0.0144891738891602
0.104934692382813 0.0303802490234375 0.00513267517089844 0.0256862640380859
0.0722808837890625 0.0869293212890625 0.000976562500000005 0.0254917144775391
-0.00152587890625001 0.111907958984375 -0.0126190185546875 0.0122394561767578
-0.0405807495117187 0.0775680541992188 -0.00634765625000001 0.0351982116699219
-0.00821685791015625 0.0715789794921875 0.00143694877624512 0.00235176086425782
0.0402145385742187 0.0681228637695313 -0.0281753540039062 -0.0120124816894531
0.0720672607421875 0.010894775390625 -0.0434379577636719 0.012451171875
0.0654220581054688 -0.0406227111816406 -0.0254859924316406 0.0499916076660156
0.0127792358398438 -0.0886764526367188 0.00546646118164062 0.0564422607421875
-0.033660888671875 -0.08758544921875 0.0380439758300781 0.0518302917480469
-0.0394363403320313 -0.082733154296875 0.0442428588867188 0.0429191589355469
-0.056610107421875 -0.0892181396484375 0.0459976196289063 0.0321769714355469
-0.0298614501953125 -0.0933685302734375 0.0318336486816406 0.0401802062988281
0.0214385986328125 -0.0954818725585938 0.026611328125 0.0388374328613281
0.0634613037109375 -0.0595130920410156 0.0151863098144531 0.0339927673339844
0.09112548828125 0.02197265625 0.00659561157226563 0.0422172546386719
0.0662307739257813 0.0734481811523437 0.0077056884765625 0.0506935119628906
0.00142669677734375 0.0989303588867188 -0.0200157165527344 0.0484619140625
-0.0289535522460937 0.0464935302734375 -0.0206718444824219 0.0557708740234375
-0.01336669921875 0.0438385009765625 -0.00905418395996094 0.0110797882080078
0.0133514404296875 0.0469131469726563 -0.041473388671875 -0.0141220092773437
0.04034423828125 0.0156211853027344 -0.0619621276855469 0.0189437866210938
0.0429306030273438 -0.0179710388183594 -0.0406951904296875 0.0650215148925781
0.014007568359375 -0.0550498962402344 0.00611114501953125 0.0838394165039063
-0.0158805847167969 -0.05816650390625 0.054840087890625 0.0768814086914063
-0.0235977172851563 -0.0574226379394531 0.0650749206542969 0.0587615966796875
-0.0367965698242188 -0.0640678405761719 0.0664901733398438 0.0500869750976562
-0.0188674926757813 -0.0666351318359375 0.0484504699707031 0.0593948364257812
0.0161514282226563 -0.0670127868652344 0.0350418090820313 0.0545845031738281
0.044097900390625 -0.0418739318847656 0.0182228088378906 0.0479087829589844
0.0638351440429688 0.0141372680664063 0.0101661682128906 0.0547561645507813
0.0464935302734375 0.0497627258300781 0.0132904052734375 0.072265625
0.00278472900390625 0.0685920715332031 -0.026153564453125 0.0800628662109375
-0.00994300842285156 -0.0247459411621094 0.0236587524414062 -0.104835510253906
-0.0180492401123047 -0.0146541595458984 -0.0121536254882812 -0.0849380493164063
-0.0267772674560547 0.00102424621582031 -0.0196418762207031 -0.0535202026367188
-0.0220470428466797 0.0215415954589844 -0.0170364379882812 -0.0566368103027344
-0.00884246826171875 0.0285625457763672 -0.0318794250488281 -0.0659255981445313
0.00861358642578125 0.0327224731445313 -0.0625419616699219 -0.0661697387695313
0.00761795043945313 0.0248756408691406 -0.0865707397460938 -0.061767578125
0.00463676452636719 0.0219993591308594 -0.0775985717773438 -0.0658340454101563
0.000242233276367186 0.023040771484375 -0.056121826171875 -0.0897598266601562
-0.00942707061767578 0.0109434127807617 -0.00348663330078124 -0.101692199707031
-0.0130643844604492 -0.00190925598144531 0.0417022705078125 -0.0760498046875
-0.00377273559570313 -0.0123910903930664 0.0653076171875 -0.0289344787597656
0.0102272033691406 -0.0188064575195313 0.0521202087402344 0.0127067565917969
0.0189628601074219 -0.0125503540039063 0.0221691131591797 -0.011627197265625
0.0182170867919922 -0.0181999206542969 0.0398788452148438 -0.0658378601074219
-0.0122146606445313 0.0250606536865234 0.0290451049804688 -0.107582092285156
0.00478744506835938 0.0194969177246094 -0.0066375732421875 -0.0883560180664062
0.0131101608276367 0.0111894607543945 -0.0153160095214844 -0.0544090270996094
0.00825738906860351 -0.000780582427978516 -0.0139884948730469 -0.0595664978027344
0.00298881530761719 -0.0082240104675293 -0.025604248046875 -0.0668983459472656
-0.00746250152587891 -0.00890922546386719 -0.0606460571289062 -0.0710678100585938
-0.0201873779296875 -0.0113410949707031 -0.085479736328125 -0.0648269653320312
-0.0164012908935547 -0.0156173706054688 -0.0761871337890625 -0.0636444091796875
-0.0189800262451172 -0.0200443267822266 -0.056427001953125 -0.0882339477539063
-0.00554656982421875 -0.0300312042236328 -0.00894927978515626 -0.0998916625976563
0.01373291015625 -0.0284690856933594 0.0361785888671875 -0.0750045776367188
0.0286350250244141 -0.0130062103271484 0.062957763671875 -0.0340232849121094
0.0297775268554688 0.00871849060058594 0.0524711608886719 0.00846099853515625
0.0227108001708984 0.0198879241943359 0.0218296051025391 -0.0147628784179687
0.00317573547363281 0.0189704895019531 0.0374221801757813 -0.0693206787109375
-0.0186500549316406 0.0680656433105469 0.0321273803710938 -0.0939788818359375
0.0202484130859375 0.0543136596679688 0.00313568115234375 -0.0800857543945312
0.0508270263671875 0.0279502868652344 -0.00853347778320312 -0.0494308471679688
0.0428810119628906 -0.0171546936035156 -0.00801849365234375 -0.0555610656738281
0.0216255187988281 -0.0425186157226563 -0.01531982421875 -0.0586280822753906
-0.0174026489257813 -0.0519294738769531 -0.0496940612792969 -0.0668907165527344
-0.0430564880371094 -0.0485572814941406 -0.07159423828125 -0.0587158203125
-0.03485107421875 -0.0517120361328125 -0.06341552734375 -0.0515556335449219
-0.0384407043457031 -0.0599632263183594 -0.0489654541015625 -0.0725021362304688
-0.0067901611328125 -0.0682868957519531 -0.0160903930664062 -0.0821304321289063
0.0336227416992188 -0.0594291687011719 0.0220947265625 -0.0641517639160156
0.057525634765625 -0.0223464965820313 0.0476951599121094 -0.0364456176757813
0.0535888671875 0.030181884765625 0.0429344177246094 0.000160217285156252
0.0319709777832031 0.0509147644042969 0.0157470703125 -0.0166282653808594
-0.00824356079101562 0.0554084777832031 0.02691650390625 -0.0641860961914063
-0.0272903442382813 0.0973052978515625 0.0316963195800781 -0.066009521484375
0.0251693725585938 0.0821380615234375 0.0126075744628906 -0.0616264343261719
0.0766448974609375 0.048614501953125 -0.00307464599609375 -0.0388450622558594
0.075042724609375 -0.0229415893554688 -0.00468063354492187 -0.0417442321777344
0.0437889099121094 -0.0668563842773438 -0.0051116943359375 -0.038360595703125
-0.0174026489257812 -0.0876083374023438 -0.0311508178710937 -0.0490379333496094
-0.0569534301757813 -0.0792617797851563 -0.046630859375 -0.0409049987792969
-0.0481796264648437 -0.079742431640625 -0.0415420532226562 -0.0307121276855469
-0.0562820434570313 -0.0884246826171875 -0.0335121154785156 -0.0469131469726563
-0.01495361328125 -0.0972061157226563 -0.0168380737304688 -0.0525169372558594
0.0406036376953125 -0.0891036987304688 0.0106201171875 -0.042144775390625
0.0772857666015625 -0.039703369140625 0.0282688140869141 -0.0279731750488281
0.0810165405273437 0.0402374267578125 0.0254764556884766 -0.00110435485839844
0.0487899780273437 0.0754852294921875 0.00620079040527344 -0.011444091796875
-0.0104598999023437 0.0873489379882813 0.0121345520019531 -0.0484542846679687
-0.0369110107421875 0.108512878417969 0.0253028869628906 -0.0300960540771484
0.018798828125 0.0959243774414062 0.016632080078125 -0.0368118286132812
0.0837554931640625 0.0672836303710938 -0.00343132019042968 -0.0252704620361328
0.0944976806640625 -0.016815185546875 -0.00822067260742187 -0.0216083526611328
0.0642852783203125 -0.074462890625 -0.0018768310546875 -0.00797271728515626
-0.00941467285156251 -0.1092529296875 -0.0120582580566406 -0.0181808471679688
-0.058990478515625 -0.0996627807617188 -0.0167655944824219 -0.0138778686523438
-0.0539932250976562 -0.0956802368164063 -0.0133094787597656 -0.00570487976074219
-0.067657470703125 -0.103927612304688 -0.00940132141113281 -0.01837158203125
-0.0269622802734375 -0.111618041992188 -0.00671768188476563 -0.0181941986083984
0.0363540649414063 -0.109169006347656 0.00798797607421875 -0.0124444961547852
0.083648681640625 -0.0584259033203125 0.0153141021728516 -0.00821971893310547
0.101531982421875 0.038177490234375 0.0108432769775391 0.00893115997314453
0.0659713745117188 0.0885086059570313 0.000121593475341801 0.00333166122436524
-0.00684356689453124 0.108390808105469 -0.00222015380859375 -0.0220775604248047
-0.0427474975585938 0.101737976074219 0.0115499496459961 0.00464725494384766
0.00452423095703126 0.0921630859375 0.0121135711669922 -0.0140409469604492
0.0684967041015625 0.07623291015625 -0.01336669921875 -0.0153923034667969
0.0936737060546875 -0.0027008056640625 -0.0232086181640625 -0.000648498535156248
0.0736846923828125 -0.0636978149414063 -0.00934791564941406 0.0249652862548828
0.00310516357421876 -0.109664916992188 0.000949859619140623 0.0204429626464844
-0.0504150390625 -0.102256774902344 0.0133113861083984 0.0196990966796875
-0.0513763427734375 -0.096710205078125 0.01690673828125 0.0204582214355469
-0.0692214965820313 -0.103805541992187 0.0189361572265625 0.00899314880371093
-0.0335540771484375 -0.110649108886719 0.0112285614013672 0.0140056610107422
0.0280227661132813 -0.111968994140625 0.0157327651977539 0.0162439346313476
0.0773239135742188 -0.067352294921875 0.0125150680541992 0.0144805908203125
0.106719970703125 0.0298614501953125 0.00510978698730469 0.0255050659179688
0.0743179321289063 0.0875930786132813 0.00126838684082032 0.0256938934326172
-0.000846862792968754 0.113731384277344 -0.0128087997436523 0.0128107070922852
-0.0404739379882812 0.0795440673828125 -0.00598526000976562 0.0356979370117188
-0.0077667236328125 0.0726470947265625 0.00157976150512695 0.00249743461608887
0.0416526794433594 0.068328857421875 -0.028533935546875 -0.0116748809814453
0.073394775390625 0.0107879638671875 -0.0438575744628906 0.0131034851074219
0.0661964416503906 -0.0417900085449219 -0.0249748229980469 0.0509185791015625
0.0121994018554688 -0.0900802612304688 0.00591278076171876 0.0571823120117187
-0.0346450805664062 -0.088348388671875 0.0384368896484375 0.0525703430175781
-0.0406112670898438 -0.0836715698242188 0.04510498046875 0.0433082580566406
-0.0583724975585938 -0.0901870727539062 0.0463905334472656 0.0325889587402344
-0.03094482421875 -0.0945281982421875 0.0325927734375 0.0404739379882812
0.0210113525390625 -0.0969314575195313 0.0267486572265625 0.0395851135253906
0.0635948181152344 -0.0609169006347656 0.0155258178710938 0.0343475341796875
0.0927352905273438 0.0215682983398438 0.00714874267578126 0.0425682067871094
0.0674209594726563 0.07440185546875 0.00788497924804688 0.0508537292480469
0.00227355957031249 0.100669860839844 -0.0201072692871094 0.0489883422851563
-0.0294647216796875 0.0477447509765625 -0.0204238891601563 0.0567550659179688
-0.0134735107421875 0.0442123413085938 -0.00892734527587891 0.0109472274780273
0.0140800476074219 0.0474319458007813 -0.0420951843261719 -0.0141181945800781
0.0414962768554687 0.0152091979980469 -0.0626220703125 0.0195274353027344
0.0435142517089844 -0.0183525085449219 -0.0411224365234375 0.0658683776855469
0.0137443542480469 -0.05596923828125 0.00664520263671875 0.0847702026367188
-0.0163841247558594 -0.0589752197265625 0.0557861328125 0.07733154296875
-0.024169921875 -0.0579071044921875 0.0662994384765625 0.0591697692871094
-0.0378189086914063 -0.0644264221191406 0.0674095153808594 0.0506362915039063
-0.0197563171386719 -0.0670928955078125 0.0494956970214844 0.0598945617675781
0.0160560607910156 -0.0683403015136719 0.0354652404785156 0.0551490783691406
0.0446128845214844 -0.0427055358886719 0.0186500549316406 0.048248291015625
0.0649032592773437 0.0136222839355469 0.0107231140136719 0.0551338195800781
0.0473251342773438 0.0501174926757813 0.0140228271484375 0.0725021362304687
0.00314331054687501 0.0699539184570313 -0.0257339477539062 0.0812911987304687
-0.0101737976074219 -0.02484130859375 0.0227584838867188 -0.105819702148438
-0.0181007385253906 -0.0144462585449219 -0.0131301879882812 -0.08612060546875
-0.0277843475341797 0.00104522705078125 -0.02020263671875 -0.0537490844726562
-0.0221748352050781 0.0224704742431641 -0.017333984375 -0.0572967529296875
-0.0083770751953125 0.0288295745849609 -0.0325355529785156 -0.0664291381835938
0.00909042358398437 0.0327606201171875 -0.064208984375 -0.0664405822753906
0.00876235961914063 0.0253829956054688 -0.0880508422851563 -0.0616912841796875
0.00459098815917969 0.0227508544921875 -0.07958984375 -0.0655899047851562
0.000818252563476564 0.0232009887695313 -0.0580520629882812 -0.0907135009765625
-0.00967788696289063 0.0108060836791992 -0.00467681884765625 -0.103157043457031
-0.0129480361938477 -0.00146579742431641 0.0417709350585937 -0.0771026611328125
-0.00399017333984375 -0.0122880935668945 0.0658493041992188 -0.0298194885253906
0.0104255676269531 -0.0192642211914063 0.0532684326171875 0.0128288269042969
0.0187950134277344 -0.0132770538330078 0.0218791961669922 -0.0122337341308594
0.0182304382324219 -0.0193691253662109 0.0398139953613281 -0.0671615600585938
-0.0120410919189453 0.0253982543945312 0.027801513671875 -0.109764099121094
0.00461196899414062 0.0187034606933594 -0.0079193115234375 -0.0896682739257813
0.0138311386108398 0.0108785629272461 -0.0158157348632813 -0.0544471740722656
0.00820684432983398 -0.00102376937866211 -0.0145912170410156 -0.06036376953125
0.00282049179077148 -0.0081639289855957 -0.0261383056640625 -0.0675773620605469
-0.00742244720458985 -0.00930881500244141 -0.0626449584960937 -0.0713653564453125
-0.0206451416015625 -0.0110263824462891 -0.08734130859375 -0.0648880004882813
-0.0168638229370117 -0.0159111022949219 -0.0777359008789063 -0.0642776489257812
-0.0194263458251953 -0.0204181671142578 -0.0583343505859375 -0.0887603759765625
-0.00547218322753906 -0.0300865173339844 -0.0102767944335937 -0.100807189941406
0.0133819580078125 -0.02886962890625 0.0361175537109375 -0.0764617919921875
0.0286922454833984 -0.0133838653564453 0.0634002685546875 -0.0348968505859375
0.0302085876464844 0.00892066955566406 0.0533447265625 0.00857925415039063
0.0231456756591797 0.0196094512939453 0.0219020843505859 -0.0147972106933594
0.00336074829101562 0.0192680358886719 0.0374755859375 -0.0707321166992187
-0.0180091857910156 0.0689582824707031 0.0320587158203125 -0.095855712890625
0.0208625793457031 0.0544662475585937 0.00188446044921875 -0.0809173583984375
0.0519180297851563 0.0279541015625 -0.00888442993164062 -0.0494155883789063
0.0432472229003906 -0.0178375244140625 -0.00828933715820312 -0.055694580078125
0.0213966369628906 -0.0429115295410156 -0.0160293579101563 -0.0591163635253906
-0.0181350708007813 -0.0525741577148438 -0.0505790710449219 -0.0670700073242188
-0.0445365905761719 -0.0486297607421875 -0.0728836059570312 -0.0587615966796875
-0.0361251831054688 -0.0523529052734375 -0.0653572082519531 -0.0514602661132813
-0.0396995544433594 -0.0598030090332031 -0.0506973266601563 -0.0724334716796875
-0.00751495361328125 -0.0691566467285156 -0.01715087890625 -0.0830612182617188
0.033599853515625 -0.0605506896972656 0.0215873718261719 -0.0649986267089844
0.0576362609863281 -0.0223350524902344 0.0480232238769531 -0.0371475219726563
0.0551528930664063 0.0304794311523437 0.0431327819824219 -0.000217437744140623
0.0329818725585938 0.0513420104980469 0.0155572891235352 -0.0168743133544922
-0.00783157348632813 0.0563011169433594 0.0271568298339844 -0.0651931762695312
-0.0269775390625 0.099212646484375 0.0316925048828125 -0.067596435546875
0.0261306762695313 0.08294677734375 0.0114364624023438 -0.062835693359375
0.078948974609375 0.0486221313476563 -0.00275039672851562 -0.0393409729003906
0.0755157470703125 -0.0245742797851562 -0.00469589233398437 -0.0426368713378906
0.0444068908691406 -0.0679969787597656 -0.00527191162109375 -0.0387611389160156
-0.0186233520507813 -0.0893325805664063 -0.0324134826660156 -0.0490646362304688
-0.058868408203125 -0.0798797607421875 -0.0482864379882813 -0.0406303405761719
-0.04931640625 -0.0802154541015625 -0.0425529479980469 -0.0307464599609375
-0.0579757690429688 -0.0892868041992188 -0.0348129272460938 -0.0473785400390625
-0.0167465209960938 -0.0985260009765625 -0.0170173645019531 -0.05322265625
0.0407028198242187 -0.0907516479492188 0.00981903076171875 -0.0427055358886719
0.0774993896484375 -0.0409774780273437 0.0285434722900391 -0.0285129547119141
0.0825347900390625 0.0400924682617188 0.0260162353515625 -0.00140953063964843
0.0500030517578125 0.0756912231445313 0.00616836547851563 -0.012211799621582
-0.00994110107421876 0.0883331298828125 0.0120391845703125 -0.0492515563964844
-0.0365982055664062 0.110610961914063 0.0251178741455078 -0.0317420959472656
0.0198287963867187 0.0971603393554688 0.0165481567382813 -0.0373458862304687
0.0858230590820313 0.0675048828125 -0.00391960144042968 -0.0257225036621094
0.0958023071289063 -0.0179290771484375 -0.00841903686523437 -0.0215339660644531
0.0647354125976563 -0.0760116577148438 -0.00180673599243164 -0.0080704689025879
-0.010406494140625 -0.110916137695313 -0.0130538940429688 -0.0181388854980469
-0.0609054565429687 -0.0996780395507813 -0.0168466567993164 -0.0133466720581055
-0.0557861328125 -0.0961685180664063 -0.0134286880493164 -0.00566768646240235
-0.0693283081054688 -0.104209899902344 -0.00981712341308594 -0.0184059143066406
-0.0288772583007813 -0.113258361816406 -0.00715255737304688 -0.0184059143066406
0.035980224609375 -0.110824584960938 0.00767707824707031 -0.0122299194335938
0.08416748046875 -0.060272216796875 0.0152111053466797 -0.00834465026855469
0.103614807128906 0.0377044677734375 0.0110645294189453 0.00871562957763672
0.0679931640625 0.089263916015625 -8.46385955810506E-05 0.00336074829101563
-0.00608062744140625 0.109878540039063 -0.00255012512207031 -0.0225181579589844
-0.0424957275390625 0.103919982910156 0.0122880935668945 0.00492668151855469
0.00547790527343751 0.0934219360351563 0.0125360488891602 -0.0146999359130859
0.0709228515625 0.07647705078125 -0.013519287109375 -0.0150279998779297
0.0951461791992188 -0.0031890869140625 -0.0229129791259766 -0.000562667846679689
0.074371337890625 -0.0653533935546875 -0.00905990600585937 0.0253067016601562
0.00178527832031251 -0.111274719238281 0.00098991394042969 0.0207080841064453
-0.0525665283203125 -0.103843688964844 0.0136604309082031 0.0197563171386719
-0.0532989501953125 -0.0977096557617188 0.0174217224121094 0.0204124450683594
-0.0714035034179687 -0.104812622070313 0.0188446044921875 0.00958824157714843
-0.0351791381835937 -0.111488342285156 0.0115461349487305 0.0142507553100586
0.02752685546875 -0.113517761230469 0.0159597396850586 0.0161333084106445
0.078216552734375 -0.0687789916992188 0.0127067565917969 0.0147638320922852
0.108695983886719 0.0292282104492188 0.00516700744628907 0.025665283203125
0.0759963989257813 0.0873870849609375 0.0013885498046875 0.0259227752685547
7.62939453125428E-06 0.11541748046875 -0.0125856399536133 0.0131063461303711
-0.0406341552734375 0.08099365234375 -0.00545120239257813 0.0360221862792969
-0.0073394775390625 0.0738601684570313 0.00173020362854004 0.00220894813537598
0.0435791015625 0.0691490173339844 -0.0290641784667969 -0.0115985870361328
0.0741424560546875 0.010009765625 -0.0441436767578125 0.0133476257324219
0.0668792724609375 -0.0431785583496094 -0.0247917175292969 0.051788330078125
0.0114593505859375 -0.0915069580078125 0.00618743896484375 0.0579071044921875
-0.0366439819335938 -0.0895843505859375 0.0396575927734375 0.0527191162109375
-0.042266845703125 -0.0845565795898438 0.0461311340332031 0.0436019897460937
-0.0600051879882813 -0.0905914306640625 0.0475425720214844 0.0328102111816406
-0.0324172973632813 -0.095794677734375 0.0331954956054688 0.0408210754394531
0.0200042724609375 -0.098388671875 0.0273513793945313 0.0395240783691406
0.0642280578613281 -0.0621566772460938 0.0158672332763672 0.03460693359375
0.0945816040039063 0.0211563110351563 0.00756835937500001 0.0429954528808594
0.0694351196289063 0.0743179321289062 0.00842666625976563 0.0512504577636719
0.00337982177734375 0.102561950683594 -0.0200843811035156 0.0501174926757813
-0.02947998046875 0.0483131408691406 -0.0198478698730469 0.0578193664550781
-0.0130195617675781 0.0454444885253906 -0.00823974609375 0.0113639831542969
0.0151481628417969 0.04827880859375 -0.042327880859375 -0.0137443542480469
0.0418167114257813 0.0150604248046875 -0.0632171630859375 0.0202751159667969
0.0439987182617188 -0.0191612243652344 -0.0408859252929688 0.0675888061523438
0.01348876953125 -0.0568389892578125 0.00712585449218749 0.085968017578125
-0.0176849365234375 -0.059814453125 0.0574951171875 0.077972412109375
-0.0254783630371094 -0.0588226318359375 0.0680389404296875 0.0592422485351562
-0.0392036437988281 -0.0648345947265625 0.0690879821777344 0.0504646301269531
-0.0210113525390625 -0.0677032470703125 0.0504150390625 0.0602340698242187
0.0157051086425781 -0.0692214965820313 0.0364723205566406 0.0558052062988281
0.0447769165039062 -0.0438804626464844 0.0193023681640625 0.0489730834960938
0.0661506652832031 0.0137939453125 0.0117683410644531 0.0561141967773438
0.0487251281738281 0.0500679016113281 0.0148391723632813 0.0733413696289063
0.00425720214843749 0.071136474609375 -0.0249557495117188 0.0825576782226563
-0.0103206634521484 -0.0257110595703125 0.0219497680664063 -0.108116149902344
-0.0186347961425781 -0.0148773193359375 -0.0142593383789063 -0.0871200561523438
-0.0282039642333984 0.0013885498046875 -0.0208663940429688 -0.0542793273925781
-0.0224933624267578 0.0229377746582031 -0.0180854797363281 -0.0579605102539062
-0.00866508483886719 0.0295314788818359 -0.0334129333496094 -0.0671806335449219
0.00975418090820313 0.0332775115966797 -0.0652694702148438 -0.0665245056152344
0.00914192199707031 0.0257434844970703 -0.0898208618164063 -0.0613861083984375
0.00524711608886719 0.0228118896484375 -0.0814361572265625 -0.06591796875
0.00107002258300781 0.0234432220458984 -0.059906005859375 -0.091064453125
-0.00975227355957031 0.0113840103149414 -0.00601196289062499 -0.104713439941406
-0.0134181976318359 -0.00136280059814453 0.0414047241210938 -0.0782928466796875
-0.00384902954101563 -0.012578010559082 0.0661354064941406 -0.0308418273925781
0.0100078582763672 -0.0193119049072266 0.0536651611328125 0.0122756958007812
0.0191135406494141 -0.0140209197998047 0.0218772888183594 -0.0124435424804688
0.018524169921875 -0.0196456909179688 0.0392494201660156 -0.0685157775878906
-0.0116977691650391 0.0260295867919922 0.0266036987304687 -0.111793518066406
0.00488471984863281 0.0192546844482422 -0.00931549072265626 -0.09075927734375
0.0139780044555664 0.011042594909668 -0.0167922973632813 -0.0552825927734375
0.00846385955810547 -0.000682830810546875 -0.0152244567871094 -0.0610084533691406
0.00311565399169922 -0.00836086273193359 -0.027130126953125 -0.068023681640625
-0.00726699829101563 -0.00906181335449219 -0.0638351440429688 -0.0720062255859375
-0.0209751129150391 -0.0111427307128906 -0.0894622802734375 -0.06475830078125
-0.0171756744384766 -0.0157041549682617 -0.0796051025390625 -0.0640487670898438
-0.0196094512939453 -0.0201950073242187 -0.05999755859375 -0.0890121459960937
-0.0058746337890625 -0.0305194854736328 -0.0112533569335938 -0.102142333984375
0.0134639739990234 -0.0293216705322266 0.0356903076171875 -0.0776824951171875
0.0289936065673828 -0.013519287109375 0.0634841918945313 -0.0360298156738281
0.0304851531982422 0.00873756408691406 0.0541725158691406 0.00774383544921875
0.0236740112304688 0.019073486328125 0.0215358734130859 -0.01544189453125
0.00360298156738281 0.0193576812744141 0.037017822265625 -0.0718841552734375
-0.0175971984863281 0.0700340270996094 0.0309677124023438 -0.0977401733398438
0.0214805603027344 0.0547714233398438 0.00119018554687499 -0.0823516845703125
0.0531768798828125 0.0277519226074219 -0.00899124145507812 -0.0504074096679688
0.0438690185546875 -0.01837158203125 -0.00962829589843749 -0.0565681457519531
0.0216064453125 -0.04425048828125 -0.0162582397460938 -0.0597801208496094
-0.0187454223632813 -0.0527572631835937 -0.0519523620605469 -0.0673332214355469
-0.0454177856445312 -0.0490951538085938 -0.0752716064453125 -0.0577545166015625
-0.0370521545410156 -0.0520820617675781 -0.0663261413574219 -0.0512847900390625
-0.0406570434570313 -0.05987548828125 -0.0523452758789062 -0.0730514526367188
-0.00798797607421876 -0.0697593688964844 -0.0184555053710937 -0.0837554931640625
0.0330734252929688 -0.061248779296875 0.0210037231445312 -0.0664749145507813
0.0585479736328125 -0.0233650207519531 0.0484428405761719 -0.0386886596679688
0.0561714172363281 0.0300407409667969 0.0435142517089844 -0.000694274902343748
0.0340080261230469 0.051513671875 0.0153093338012695 -0.0174808502197266
-0.00687026977539063 0.0567436218261719 0.0266761779785156 -0.0667724609375
-0.0259780883789063 0.100723266601563 0.0313262939453125 -0.0691986083984375
0.0275039672851563 0.0834426879882812 0.0117034912109375 -0.0637588500976563
0.0803298950195313 0.0482940673828125 -0.00300979614257812 -0.0395698547363281
0.0764389038085938 -0.0255050659179688 -0.00512695312499999 -0.0430755615234375
0.04449462890625 -0.0690116882324219 -0.00602340698242187 -0.0395431518554688
-0.01995849609375 -0.0899810791015625 -0.0332870483398438 -0.0494422912597656
-0.0603561401367187 -0.0804290771484375 -0.0495262145996094 -0.0412826538085938
-0.05108642578125 -0.0806961059570312 -0.0433082580566406 -0.0307579040527344
-0.0595703125 -0.0898284912109375 -0.035736083984375 -0.047637939453125
-0.0177764892578125 -0.0998382568359375 -0.018463134765625 -0.0536308288574219
0.0400772094726562 -0.09246826171875 0.00920486450195313 -0.0435562133789063
0.0785903930664063 -0.0422439575195313 0.0290279388427734 -0.0290851593017578
0.0846099853515625 0.0398101806640625 0.0263614654541016 -0.00186538696289062
0.0517807006835938 0.076324462890625 0.00571632385253907 -0.0122776031494141
-0.00921630859374999 0.0894851684570313 0.0114173889160156 -0.0500526428222656
-0.0362396240234375 0.112930297851563 0.0251827239990234 -0.0318489074707031
0.0210800170898437 0.0983200073242187 0.0162353515625 -0.0384178161621094
0.0877609252929688 0.0675735473632813 -0.00381278991699218 -0.0256385803222656
0.0971755981445313 -0.019439697265625 -0.00859069824218749 -0.0217247009277344
0.0650177001953125 -0.077606201171875 -0.00141143798828125 -0.00832748413085938
-0.0119781494140625 -0.112159729003906 -0.0136528015136719 -0.0184421539306641
-0.06292724609375 -0.100318908691406 -0.0176734924316406 -0.0135879516601563
-0.0576705932617187 -0.0971755981445312 -0.0133790969848633 -0.00521373748779298
-0.0717239379882813 -0.104957580566406 -0.0101604461669922 -0.0180702209472656
-0.0300827026367188 -0.114288330078125 -0.00735664367675782 -0.0186481475830078
0.0354385375976563 -0.112869262695313 0.00776004791259766 -0.0125770568847656
0.08465576171875 -0.0619049072265625 0.0158748626708984 -0.00890827178955078
0.105438232421875 0.0371170043945313 0.011347770690918 0.00832271575927735
0.0700836181640625 0.0894546508789062 -0.000281333923339839 0.00306463241577149
-0.00516510009765625 0.111984252929688 -0.002899169921875 -0.0229206085205078
-0.0421066284179687 0.106163024902344 0.012721061706543 0.00458145141601563
0.00653076171875001 0.0948028564453125 0.0126304626464844 -0.0147686004638672
0.0729598999023438 0.0768280029296875 -0.0138378143310547 -0.0148935317993164
0.0966949462890625 -0.0044097900390625 -0.0230922698974609 -0.000434875488281255
0.0747909545898438 -0.0669784545898438 -0.00845527648925781 0.0256557464599609
0.000839233398437503 -0.112861633300781 0.00110626220703125 0.0208911895751953
-0.0545730590820312 -0.104293823242188 0.0138320922851562 0.0201549530029297
-0.0553436279296875 -0.0985183715820313 0.0177230834960937 0.0208339691162109
-0.0735855102539063 -0.105270385742187 0.0191764831542969 0.00928306579589843
-0.036956787109375 -0.112678527832031 0.0119962692260742 0.0144500732421875
0.0264739990234375 -0.115890502929688 0.016143798828125 0.0163555145263672
0.0786056518554688 -0.0708694458007813 0.0127048492431641 0.0145196914672851
0.110954284667969 0.0283660888671875 0.00578689575195313 0.0260505676269531
0.078704833984375 0.08782958984375 0.00159454345703126 0.0261192321777344
0.001922607421875 0.117454528808594 -0.0128393173217773 0.013310432434082
-0.040313720703125 0.0825881958007813 -0.00480270385742188 0.03662109375
-0.00642395019531251 0.0752334594726563 0.0022282600402832 0.00243544578552247
0.0447998046875 0.0699539184570313 -0.0294303894042969 -0.0110301971435547
0.07586669921875 0.00905609130859375 -0.0445823669433594 0.0143470764160156
0.0676689147949219 -0.044708251953125 -0.024627685546875 0.0522804260253906
0.0105514526367188 -0.0927658081054688 0.00707626342773438 0.0587997436523437
-0.0382308959960938 -0.0900650024414063 0.0405006408691406 0.0529365539550781
-0.0440521240234375 -0.085601806640625 0.0474929809570313 0.0434761047363281
-0.0622787475585937 -0.0907745361328125 0.04840087890625 0.0325660705566406
-0.033721923828125 -0.0964889526367188 0.0341529846191406 0.0414848327636719
0.0189437866210938 -0.100288391113281 0.0283966064453125 0.0402297973632812
0.0645179748535156 -0.06365966796875 0.0164813995361328 0.0347900390625
0.0965957641601563 0.0205154418945313 0.00794982910156251 0.0432281494140625
0.0713424682617188 0.0748138427734375 0.00892639160156251 0.052001953125
0.00478363037109374 0.103981018066406 -0.0194931030273438 0.0516624450683594
-0.0294914245605469 0.0499000549316406 -0.0197067260742188 0.0587882995605469
-0.0129165649414063 0.0458641052246094 -0.00845909118652344 0.0115489959716797
0.0164527893066406 0.0487174987792969 -0.0433425903320313 -0.0129585266113281
0.0428504943847656 0.0146598815917969 -0.0634078979492188 0.0212211608886719
0.0448760986328125 -0.0203208923339844 -0.0404701232910156 0.0686798095703125
0.0127029418945312 -0.0579261779785156 0.00811004638671874 0.08709716796875
-0.0184898376464844 -0.0605812072753906 0.0593109130859375 0.078399658203125
-0.0265922546386719 -0.0594291687011719 0.0699005126953125 0.0599517822265625
-0.0402641296386719 -0.0655097961425781 0.0705413818359375 0.0504226684570312
-0.0219306945800781 -0.0684814453125 0.0516624450683594 0.0606803894042969
0.0145416259765625 -0.0703964233398438 0.0373725891113281 0.0565452575683594
0.0451393127441406 -0.0451011657714844 0.0198478698730469 0.0492362976074219
0.0677337646484375 0.0131072998046875 0.0122909545898438 0.0564308166503906
0.05029296875 0.050628662109375 0.0163421630859375 0.0743942260742188
0.00482940673828124 0.0724258422851563 -0.0243911743164063 0.0843582153320312
-0.0105495452880859 -0.0259189605712891 0.02056884765625 -0.109794616699219
-0.0192451477050781 -0.0153064727783203 -0.0161361694335938 -0.0880050659179688
-0.0283203125 0.00167083740234375 -0.0218505859375 -0.0548896789550781
-0.0225620269775391 0.0238513946533203 -0.0189781188964844 -0.0582771301269531
-0.008331298828125 0.0302200317382813 -0.0346450805664062 -0.0679054260253906
0.0107173919677734 0.0335464477539062 -0.0666313171386719 -0.0669097900390625
0.00989341735839844 0.0259227752685547 -0.0920562744140625 -0.0608444213867187
0.0055084228515625 0.0231437683105469 -0.0831222534179687 -0.0653839111328125
0.00143623352050781 0.0237712860107422 -0.0614395141601563 -0.0919647216796875
-0.00935840606689453 0.011469841003418 -0.00694274902343749 -0.105644226074219
-0.0135402679443359 -0.00124454498291015 0.0405731201171875 -0.0797500610351563
-0.00430583953857422 -0.0131158828735352 0.0665321350097656 -0.0324058532714844
0.00978279113769531 -0.0199337005615234 0.0543785095214844 0.0120315551757812
0.0191478729248047 -0.0144195556640625 0.0214443206787109 -0.0127696990966797
0.0185298919677734 -0.0202178955078125 0.0387535095214844 -0.070037841796875
-0.0112667083740234 0.0261306762695312 0.0260391235351562 -0.113578796386719
0.00515365600585937 0.0193805694580078 -0.0105209350585937 -0.0917282104492187
0.0140085220336914 0.0107860565185547 -0.0173988342285156 -0.0555763244628906
0.00863075256347656 -0.000969886779785156 -0.0163040161132813 -0.0620613098144531
0.00324821472167969 -0.00819206237792969 -0.0283889770507813 -0.0689582824707031
-0.00774002075195313 -0.00925731658935547 -0.0657958984375 -0.0722503662109375
-0.0211296081542969 -0.0107917785644531 -0.0913772583007813 -0.0641632080078125
-0.0175647735595703 -0.0153379440307617 -0.0812149047851562 -0.0639190673828125
-0.0197277069091797 -0.0201587677001953 -0.0618057250976563 -0.0897903442382812
-0.00635337829589844 -0.0308418273925781 -0.012969970703125 -0.103225708007813
0.0132122039794922 -0.0298824310302734 0.0354385375976563 -0.0793228149414063
0.0292644500732422 -0.0139541625976563 0.064239501953125 -0.0374488830566406
0.0309085845947266 0.00857162475585938 0.0547103881835938 0.006866455078125
0.0241069793701172 0.0193538665771484 0.0214996337890625 -0.0161952972412109
0.00435638427734375 0.0196247100830078 0.036407470703125 -0.0734024047851563
-0.0164947509765625 0.07196044921875 0.0299835205078125 -0.0996246337890625
0.0221710205078125 0.0554046630859375 -0.00032806396484374 -0.0836410522460938
0.0539398193359375 0.0270919799804688 -0.00967788696289062 -0.05084228515625
0.0437431335449219 -0.019195556640625 -0.00975036621093749 -0.05712890625
0.0213470458984375 -0.045074462890625 -0.0173225402832031 -0.0605888366699219
-0.0194625854492187 -0.0537338256835938 -0.05438232421875 -0.0677299499511719
-0.0467414855957031 -0.0486717224121094 -0.077392578125 -0.0577392578125
-0.03857421875 -0.0526084899902344 -0.0680465698242187 -0.0512504577636719
-0.0418052673339844 -0.0601234436035156 -0.0540924072265625 -0.0736312866210938
-0.0094146728515625 -0.07086181640625 -0.0195541381835938 -0.0847320556640625
0.0326614379882813 -0.062835693359375 0.0205459594726563 -0.0677566528320313
0.0594749450683594 -0.0242538452148438 0.0483245849609375 -0.0393562316894531
0.0574874877929688 0.0302276611328125 0.0444183349609375 -0.0014495849609375
0.0353775024414063 0.0513992309570313 0.0156116485595703 -0.0172767639160156
-0.006439208984375 0.057525634765625 0.0258865356445313 -0.0677146911621094
-0.0255508422851562 0.102935791015625 0.0310211181640625 -0.07061767578125
0.0285491943359375 0.0842819213867188 0.0108146667480469 -0.0647468566894531
0.0820541381835938 0.0477981567382813 -0.00347137451171874 -0.0399589538574219
0.0772628784179688 -0.026824951171875 -0.00534057617187499 -0.0436019897460937
0.04400634765625 -0.0709457397460938 -0.00581741333007812 -0.040374755859375
-0.02166748046875 -0.09100341796875 -0.0342063903808594 -0.0497970581054688
-0.0622634887695313 -0.0804824829101563 -0.0507011413574219 -0.0401763916015625
-0.0528106689453125 -0.081756591796875 -0.0441360473632813 -0.0302925109863281
-0.061614990234375 -0.0897750854492188 -0.0370864868164063 -0.0474472045898438
-0.0191879272460938 -0.100654602050781 -0.0195236206054687 -0.0540428161621094
0.03887939453125 -0.093902587890625 0.0087127685546875 -0.0437431335449219
0.0794219970703125 -0.0440826416015625 0.0287609100341797 -0.0302619934082031
0.0864410400390625 0.0393905639648438 0.0267200469970703 -0.00197410583496093
0.0533905029296875 0.0764923095703125 0.00572299957275391 -0.0127849578857422
-0.00799560546875 0.090911865234375 0.0112457275390625 -0.0511245727539062
-0.0354461669921875 0.114921569824219 0.0254497528076172 -0.0328521728515625
0.0221023559570313 0.0996246337890625 0.0157356262207031 -0.0390586853027344
0.0898818969726563 0.0673599243164062 -0.00368118286132812 -0.0257072448730469
0.0983200073242188 -0.0207901000976563 -0.00885581970214843 -0.0220088958740234
0.0651931762695313 -0.0795822143554688 -0.00144481658935547 -0.00875329971313477
-0.0134506225585937 -0.113624572753906 -0.0139598846435547 -0.0182666778564453
-0.065765380859375 -0.101043701171875 -0.0182685852050781 -0.0132064819335938
-0.0599365234375 -0.097625732421875 -0.0136642456054688 -0.00484085083007813
-0.0743942260742187 -0.104942321777344 -0.010406494140625 -0.0185585021972656
-0.0321121215820313 -0.115577697753906 -0.00798797607421875 -0.0182552337646484
0.03411865234375 -0.114921569824219 0.00732898712158203 -0.0128936767578125
0.0854873657226563 -0.063751220703125 0.0157251358032227 -0.00903034210205078
0.107963562011719 0.0360336303710938 0.0116138458251953 0.00817394256591797
0.0723800659179688 0.089141845703125 -0.000123977661132808 0.00281834602355958
-0.00362396240234374 0.113235473632813 -0.00324630737304687 -0.0229244232177734
-0.0413742065429688 0.108299255371094 0.0128822326660156 0.00434875488281251
0.00765228271484374 0.0961685180664062 0.0127067565917969 -0.0151004791259766
0.0754318237304688 0.0771484375 -0.0138969421386719 -0.0145187377929687
0.098114013671875 -0.0058441162109375 -0.0232715606689453 -8.01086425781283E-05
0.0751800537109375 -0.0690383911132813 -0.00807189941406249 0.0257663726806641
-0.000785827636718742 -0.114341735839844 0.000978469848632813 0.0212535858154297
-0.0573196411132812 -0.104957580566406 0.0141429901123047 0.0201683044433594
-0.0571975708007813 -0.0990829467773437 0.0185775756835937 0.0211200714111328
-0.0760116577148437 -0.105537414550781 0.0193939208984375 0.00918388366699218
-0.039306640625 -0.114059448242188 0.012028694152832 0.0146579742431641
0.0252761840820313 -0.1175537109375 0.0162544250488281 0.0165786743164062
0.078948974609375 -0.0725860595703125 0.0132617950439453 0.0145101547241211
0.113258361816406 0.027374267578125 0.00606346130371094 0.0260066986083984
0.0806045532226562 0.0881500244140625 0.00199699401855469 0.0261554718017578
0.00308990478515626 0.118972778320313 -0.0127315521240234 0.013789176940918
-0.0399703979492188 0.0846481323242188 -0.00403213500976563 0.0374031066894531
-0.0055694580078125 0.07598876953125 0.00245261192321777 0.00240111351013184
0.0471954345703125 0.070159912109375 -0.0296974182128906 -0.0106849670410156
0.0767974853515625 0.0084228515625 -0.04461669921875 0.0150527954101563
0.0683479309082031 -0.0465431213378906 -0.0237617492675781 0.0530319213867188
0.00940704345703125 -0.094512939453125 0.00742340087890625 0.0594100952148437
-0.04034423828125 -0.0908050537109375 0.0416030883789062 0.053070068359375
-0.0458450317382812 -0.086151123046875 0.0484504699707031 0.0439376831054687
-0.064544677734375 -0.09149169921875 0.0493354797363281 0.0327835083007813
-0.0359115600585938 -0.0969085693359375 0.0353317260742188 0.0417251586914062
0.0182418823242188 -0.101570129394531 0.0289955139160156 0.0401687622070313
0.0649490356445313 -0.065277099609375 0.0170822143554688 0.0348739624023437
0.0982818603515625 0.0194625854492188 0.00873565673828125 0.0437583923339844
0.0734786987304688 0.0746841430664063 0.0100135803222656 0.0521392822265625
0.006256103515625 0.1053466796875 -0.0189399719238281 0.0526084899902344
-0.0289344787597656 0.0513153076171875 -0.0191383361816406 0.0594902038574219
-0.0120887756347656 0.0467605590820313 -0.00821781158447266 0.0119800567626953
0.0174369812011719 0.0491409301757813 -0.0435256958007813 -0.0126686096191406
0.0437698364257813 0.0143241882324219 -0.0638694763183594 0.02191162109375
0.0453300476074219 -0.0210990905761719 -0.0402259826660156 0.0697174072265625
0.0121231079101563 -0.0588874816894531 0.0091552734375 0.0879745483398437
-0.0197639465332031 -0.0609130859375 0.0608291625976563 0.0784225463867188
-0.0278587341308594 -0.0599327087402344 0.0711669921875 0.0592041015625
-0.0418205261230469 -0.0655479431152344 0.0720977783203125 0.0506591796875
-0.0231590270996094 -0.0693817138671875 0.0531578063964844 0.0609893798828125
0.0139236450195313 -0.0717926025390625 0.0382804870605469 0.0567054748535156
0.0452232360839844 -0.0461883544921875 0.0208282470703125 0.0497512817382813
0.0689544677734375 0.0126228332519531 0.01287841796875 0.0569038391113281
0.0515174865722656 0.0507164001464844 0.0172576904296875 0.0750274658203125
0.00551605224609375 0.0737533569335938 -0.0234527587890625 0.085662841796875
-0.0110054016113281 -0.0259208679199219 0.0191268920898438 -0.111747741699219
-0.0197811126708984 -0.0151462554931641 -0.0178756713867187 -0.0889968872070313
-0.0292167663574219 0.00209999084472656 -0.0228157043457031 -0.0550689697265625
-0.0225658416748047 0.0247764587402344 -0.019866943359375 -0.0590057373046875
-0.00786018371582031 0.0312042236328125 -0.03607177734375 -0.0682411193847656
0.0107440948486328 0.0340480804443359 -0.0685195922851563 -0.0668449401855469
0.0101814270019531 0.0258541107177734 -0.0941696166992187 -0.0605316162109375
0.006439208984375 0.0234241485595703 -0.0849075317382812 -0.0650787353515625
0.00197410583496093 0.0244693756103516 -0.0639114379882813 -0.0921554565429688
-0.00922298431396485 0.0120649337768555 -0.00903320312500001 -0.106819152832031
-0.0138521194458008 -0.000777244567871093 0.0405349731445312 -0.0814590454101563
-0.00446319580078125 -0.0128307342529297 0.0671234130859375 -0.0334739685058594
0.0092315673828125 -0.0200786590576172 0.0548629760742188 0.01165771484375
0.0186309814453125 -0.0149326324462891 0.0212364196777344 -0.0133628845214844
0.0184707641601563 -0.0208911895751953 0.0379180908203125 -0.0714263916015625
-0.0111083984375 0.0269546508789062 0.0245437622070313 -0.115631103515625
0.00522804260253906 0.0191249847412109 -0.012451171875 -0.0928115844726563
0.0142440795898437 0.0104389190673828 -0.0184593200683594 -0.055816650390625
0.00822067260742188 -0.000594139099121094 -0.0171012878417969 -0.0621490478515625
0.00313091278076172 -0.00855875015258789 -0.029510498046875 -0.0696525573730469
-0.00779104232788086 -0.0087580680847168 -0.0674972534179688 -0.0722274780273438
-0.0213718414306641 -0.0105552673339844 -0.0940322875976563 -0.0638580322265625
-0.0182838439941406 -0.0154266357421875 -0.083343505859375 -0.0634613037109375
-0.0205440521240234 -0.0199337005615234 -0.0644073486328125 -0.0900115966796875
-0.00687599182128907 -0.0311317443847656 -0.0147552490234375 -0.104324340820313
0.0131263732910156 -0.0305118560791016 0.0343093872070312 -0.0804672241210938
0.0297622680664063 -0.0145072937011719 0.0645294189453125 -0.038909912109375
0.0314979553222656 0.00819969177246094 0.0553970336914063 0.00626754760742188
0.0244464874267578 0.0184459686279297 0.0211753845214844 -0.0166530609130859
0.00400733947753906 0.01947021484375 0.0355758666992187 -0.0747146606445313
-0.0155410766601563 0.072601318359375 0.0287094116210938 -0.101837158203125
0.0231094360351563 0.0554046630859375 -0.00138092041015626 -0.08453369140625
0.0554962158203125 0.0265998840332031 -0.0103988647460937 -0.0515327453613281
0.0445976257324219 -0.0199356079101563 -0.0107994079589844 -0.0574607849121094
0.021270751953125 -0.0460624694824219 -0.0180244445800781 -0.0613670349121094
-0.0200920104980469 -0.0536117553710938 -0.0553321838378906 -0.0682258605957031
-0.0476531982421875 -0.0488204956054688 -0.0790863037109375 -0.0574264526367187
-0.0390243530273437 -0.0528564453125 -0.0695075988769531 -0.0504608154296875
-0.0435409545898438 -0.0599708557128906 -0.0560684204101563 -0.0735855102539063
-0.0103759765625 -0.0712738037109375 -0.021331787109375 -0.085968017578125
0.0321617126464844 -0.0637283325195313 0.0195960998535156 -0.069091796875
0.0602836608886719 -0.0253219604492187 0.0486793518066406 -0.0408897399902344
0.0587921142578125 0.0294418334960937 0.0447158813476563 -0.00211334228515625
0.0365676879882812 0.0513076782226562 0.0146560668945313 -0.0182056427001953
-0.00565338134765625 0.0589447021484375 0.0252876281738281 -0.0693511962890625
-0.0239181518554688 0.104804992675781 0.0302886962890625 -0.0720062255859375
0.0299072265625 0.0852737426757813 0.00946807861328124 -0.065399169921875
0.0844345092773438 0.046966552734375 -0.00340652465820312 -0.0401573181152344
0.0778732299804688 -0.0280914306640625 -0.00592803955078125 -0.0441207885742188
0.044097900390625 -0.0727996826171875 -0.00641250610351562 -0.0407867431640625
-0.0234527587890625 -0.0920028686523438 -0.0359382629394531 -0.0497665405273438
-0.0646209716796875 -0.0812606811523438 -0.0520172119140625 -0.040374755859375
-0.0548782348632813 -0.0818634033203125 -0.0453224182128906 -0.0298347473144531
-0.0636367797851563 -0.0896987915039063 -0.0380859375 -0.0475654602050781
-0.021331787109375 -0.102127075195313 -0.0206222534179688 -0.0545845031738281
0.0383682250976563 -0.0957412719726563 0.00817108154296875 -0.0445518493652344
0.07989501953125 -0.0456314086914063 0.0284671783447266 -0.0314064025878906
0.0885162353515625 0.0383987426757813 0.0268001556396484 -0.00308036804199219
0.0558395385742187 0.0764236450195313 0.00528526306152344 -0.0127983093261719
-0.00689697265624999 0.0927505493164063 0.010040283203125 -0.0517768859863281
-0.0337448120117188 0.11767578125 0.0251102447509766 -0.0335559844970703
0.024139404296875 0.100395202636719 0.01568603515625 -0.0399055480957031
0.0928955078125 0.0666656494140625 -0.00408172607421874 -0.0257682800292969
0.0996551513671875 -0.0224533081054688 -0.00907707214355468 -0.0218849182128906
0.0649566650390625 -0.0819320678710938 -0.00144672393798828 -0.00888347625732422
-0.0155868530273438 -0.114639282226563 -0.0146064758300781 -0.0185699462890625
-0.0677947998046875 -0.101081848144531 -0.0185394287109375 -0.0130653381347656
-0.0619583129882812 -0.0982513427734375 -0.0138282775878906 -0.00419616699218751
-0.0770263671875 -0.105186462402344 -0.0112934112548828 -0.0184192657470703
-0.0345458984375 -0.116737365722656 -0.00826454162597656 -0.018707275390625
0.032745361328125 -0.117172241210937 0.00726604461669922 -0.0128717422485352
0.0856857299804688 -0.0658798217773438 0.0152883529663086 -0.0098257064819336
0.110580444335938 0.035064697265625 0.0116691589355469 0.00795364379882813
0.0746307373046875 0.0889205932617188 -0.000604391098022456 0.00296521186828614
-0.0016326904296875 0.115348815917969 -0.003448486328125 -0.0234317779541016
-0.04022216796875 0.110671997070313 0.0129022598266602 0.00408744812011719
0.00930023193359375 0.0974960327148437 0.0126247406005859 -0.0154647827148437
0.077728271484375 0.0769119262695312 -0.0139436721801758 -0.014251708984375
0.099517822265625 -0.00725555419921875 -0.0232601165771484 0.000217437744140627
0.0755386352539063 -0.0713119506835938 -0.00774955749511719 0.0260200500488281
-0.00254058837890624 -0.116287231445312 0.000984191894531252 0.0212726593017578
-0.0594024658203125 -0.105392456054687 0.0147228240966797 0.0204219818115234
-0.0597763061523437 -0.099700927734375 0.0192680358886719 0.0213241577148437
-0.0787353515625 -0.105148315429687 0.0195999145507812 0.00960159301757812
-0.041534423828125 -0.114517211914063 0.0124044418334961 0.0148296356201172
0.023651123046875 -0.119697570800781 0.0168094635009766 0.0168075561523437
0.0789108276367188 -0.0746841430664063 0.0135221481323242 0.0144586563110351
0.115776062011719 0.0261306762695313 0.00655364990234375 0.026214599609375
0.083465576171875 0.0876846313476563 0.00210189819335938 0.0263080596923828
0.00485229492187499 0.1212158203125 -0.0127487182617188 0.0141239166259766
-0.0393447875976563 0.0865554809570313 -0.00366210937500001 0.0372848510742188
-0.00438690185546875 0.0773773193359375 0.00231122970581055 0.00234079360961915
0.048675537109375 0.070404052734375 -0.0299873352050781 -0.00994873046874999
0.078155517578125 0.00727081298828125 -0.0449028015136719 0.015716552734375
0.0685195922851563 -0.0478897094726563 -0.023681640625 0.0541839599609375
0.00768280029296876 -0.0956573486328125 0.008575439453125 0.0599479675292969
-0.0424346923828125 -0.091461181640625 0.0430145263671875 0.0534896850585938
-0.048187255859375 -0.086273193359375 0.0497398376464844 0.0437164306640625
-0.0666656494140625 -0.091400146484375 0.0501518249511719 0.0329475402832031
-0.0379791259765625 -0.0980911254882812 0.0356597900390625 0.0419769287109375
0.016876220703125 -0.103416442871094 0.0297431945800781 0.04052734375
0.0643806457519531 -0.0674781799316406 0.0176658630371094 0.035614013671875
0.100471496582031 0.01824951171875 0.00930023193359376 0.0436935424804688
0.0750503540039063 0.0748519897460938 0.0106658935546875 0.0527114868164063
0.00775146484375 0.107284545898438 -0.018585205078125 0.0533294677734375
-0.0288505554199219 0.0525360107421875 -0.01812744140625 0.0605850219726562
-0.0115432739257813 0.0481719970703125 -0.00729560852050781 0.0119361877441406
0.0187644958496094 0.0496978759765625 -0.04400634765625 -0.0123100280761719
0.0446548461914063 0.0138206481933594 -0.0642204284667969 0.0231513977050781
0.0457801818847656 -0.0220985412597656 -0.0393524169921875 0.0713272094726562
0.01123046875 -0.0599403381347656 0.0103530883789063 0.0886764526367188
-0.0215377807617188 -0.0616226196289063 0.06280517578125 0.0784835815429688
-0.0286979675292969 -0.0603866577148438 0.0728225708007813 0.05975341796875
-0.0435905456542969 -0.0658073425292969 0.0733795166015625 0.0503158569335938
-0.0247955322265625 -0.0697174072265625 0.0544471740722656 0.0612144470214844
0.0129852294921875 -0.0726852416992188 0.0394439697265625 0.0571517944335937
0.0450019836425781 -0.04766845703125 0.0216751098632813 0.0503349304199219
0.0702857971191406 0.0116615295410156 0.0138969421386719 0.0577850341796875
0.0534133911132813 0.0504722595214844 0.0188140869140625 0.0755386352539063
0.00707244873046876 0.0750808715820312 -0.022491455078125 0.087432861328125
-0.0111236572265625 -0.0268688201904297 0.0174942016601563 -0.113693237304688
-0.0203056335449219 -0.0154857635498047 -0.019683837890625 -0.0899276733398437
-0.029876708984375 0.00217819213867187 -0.0241546630859375 -0.05511474609375
-0.0223560333251953 0.0257530212402344 -0.0208244323730469 -0.0591583251953125
-0.00753974914550781 0.0317459106445312 -0.0373039245605469 -0.0686187744140625
0.0121269226074219 0.034149169921875 -0.0707473754882813 -0.0668563842773438
0.0111503601074219 0.0260143280029297 -0.096649169921875 -0.0594024658203125
0.00639724731445313 0.0235118865966797 -0.0872116088867188 -0.0645904541015625
0.00253105163574218 0.0245323181152344 -0.0662612915039063 -0.092376708984375
-0.00879669189453125 0.0125246047973633 -0.0111465454101562 -0.108367919921875
-0.0140886306762695 -0.000815391540527346 0.0394821166992188 -0.0828170776367188
-0.00474929809570313 -0.0127573013305664 0.0671157836914063 -0.03485107421875
0.00907325744628906 -0.0211162567138672 0.055755615234375 0.0106620788574219
0.0189933776855469 -0.0155181884765625 0.0212917327880859 -0.0137653350830078
0.0181674957275391 -0.0218067169189453 0.0372161865234375 -0.0730667114257813
-0.0104274749755859 0.0275115966796875 0.0227890014648437 -0.117462158203125
0.00572013854980469 0.0192966461181641 -0.0139617919921875 -0.0936431884765625
0.0143642425537109 0.0103588104248047 -0.0191879272460937 -0.0561981201171875
0.00873184204101563 -0.00109052658081055 -0.0177726745605469 -0.0627479553222656
0.00312328338623047 -0.00858402252197266 -0.0308990478515625 -0.07012939453125
-0.00814342498779297 -0.00897979736328125 -0.0694580078125 -0.0720367431640625
-0.0221099853515625 -0.0109424591064453 -0.096343994140625 -0.0629501342773437
-0.0184345245361328 -0.0152931213378906 -0.0855255126953125 -0.062347412109375
-0.0211601257324219 -0.0199718475341797 -0.0666656494140625 -0.0904006958007813
-0.00707244873046875 -0.0314292907714844 -0.0168533325195312 -0.105667114257813
0.0125923156738281 -0.0309200286865234 0.0335159301757812 -0.0823440551757812
0.0296745300292969 -0.0154571533203125 0.0642013549804688 -0.04052734375
0.0321521759033203 0.00752449035644531 0.0557174682617188 0.00537490844726563
0.0255928039550781 0.0184669494628906 0.0209636688232422 -0.0170440673828125
0.00461769104003906 0.0197353363037109 0.0343704223632813 -0.0763473510742188
-0.0145111083984375 0.0744247436523438 0.0274429321289062 -0.103157043457031
0.0245094299316406 0.0558624267578125 -0.00301361083984375 -0.0853271484375
0.0562400817871094 0.0262794494628906 -0.0114936828613281 -0.0516471862792969
0.0442581176757813 -0.0210609436035156 -0.0114860534667969 -0.05841064453125
0.0211906433105469 -0.0468711853027344 -0.0192756652832031 -0.0619468688964844
-0.0218467712402344 -0.0538787841796875 -0.0575942993164062 -0.0675888061523438
-0.0495758056640625 -0.0487747192382813 -0.0814285278320313 -0.0568466186523437
-0.0412712097167969 -0.0528144836425781 -0.0716018676757813 -0.0501556396484375
-0.0448226928710937 -0.0604782104492187 -0.0582427978515625 -0.0733718872070312
-0.0114593505859375 -0.07220458984375 -0.0229568481445312 -0.0859832763671875
0.0316963195800781 -0.0651130676269531 0.0189590454101563 -0.06988525390625
0.0601387023925781 -0.0264434814453125 0.048095703125 -0.0422286987304688
0.0604515075683594 0.0289840698242187 0.0453224182128906 -0.00320053100585937
0.0378532409667969 0.0511093139648438 0.0141696929931641 -0.01885986328125
-0.00463104248046875 0.059417724609375 0.0242385864257812 -0.0701904296875
-0.022857666015625 0.106849670410156 0.0291748046875 -0.073638916015625
0.0317230224609375 0.0856857299804688 0.00842666625976562 -0.0662689208984375
0.0866012573242187 0.0463943481445312 -0.00398254394531249 -0.0402603149414063
0.0788421630859375 -0.0296478271484375 -0.00658035278320312 -0.0443305969238281
0.0434494018554687 -0.0744171142578125 -0.00664901733398437 -0.0412750244140625
-0.0248870849609375 -0.0927658081054688 -0.0372085571289063 -0.0502433776855469
-0.06683349609375 -0.0807647705078125 -0.0534286499023438 -0.0400390625
-0.0567398071289063 -0.0819778442382812 -0.0463409423828125 -0.0293159484863281
-0.0659103393554688 -0.0898895263671875 -0.0396728515625 -0.0476875305175781
-0.0232925415039062 -0.102798461914063 -0.0217247009277344 -0.0548629760742188
0.037139892578125 -0.0973892211914063 0.00699234008789063 -0.0452919006347656
0.0805435180664063 -0.0474929809570313 0.0286369323730469 -0.0319118499755859
0.0903396606445313 0.0370559692382813 0.0269489288330078 -0.00348663330078125
0.057708740234375 0.0762710571289063 0.00427055358886719 -0.0138568878173828
-0.00494384765625 0.0938491821289063 0.00933837890625 -0.0529670715332031
-0.0323867797851563 0.120025634765625 0.02484130859375 -0.0348377227783203
0.025848388671875 0.101829528808594 0.0149612426757813 -0.0406150817871094
0.095184326171875 0.0663986206054688 -0.00430107116699218 -0.0256481170654297
0.100814819335938 -0.0244522094726563 -0.00925445556640624 -0.022705078125
0.06488037109375 -0.0842208862304688 -0.00107669830322265 -0.00907135009765626
-0.01763916015625 -0.116020202636719 -0.0152816772460938 -0.0186100006103516
-0.07061767578125 -0.101264953613281 -0.0188999176025391 -0.0126914978027344
-0.0646896362304687 -0.0984420776367188 -0.013880729675293 -0.00418472290039063
-0.0798187255859375 -0.105209350585937 -0.0118370056152344 -0.0182685852050781
-0.0370101928710938 -0.117584228515625 -0.00873947143554688 -0.0184230804443359
0.0310287475585938 -0.11859130859375 0.00713443756103516 -0.0134944915771484
0.0863723754882813 -0.068084716796875 0.0155563354492188 -0.0103473663330078
0.112693786621094 0.0337677001953125 0.0118169784545899 0.00762939453125
0.077301025390625 0.0890579223632813 -0.00030136108398437 0.00242686271667481
4.5776367187495E-05 0.117073059082031 -0.00378227233886719 -0.0232601165771484
-0.0390548706054688 0.113006591796875 0.0133867263793945 0.00406742095947266
0.0106124877929687 0.0990447998046875 0.0124521255493164 -0.0156335830688476
0.08038330078125 0.07659912109375 -0.0141639709472656 -0.0141143798828125
0.100852966308594 -0.00901031494140625 -0.0233364105224609 0.000566482543945311
0.0756301879882812 -0.0733489990234375 -0.00722694396972656 0.0259971618652344
-0.0046234130859375 -0.117683410644531 0.00135231018066406 0.0213680267333984
-0.0622100830078125 -0.105880737304688 0.0151920318603516 0.0200881958007812
-0.0623550415039063 -0.100059509277344 0.0198020935058594 0.0216102600097656
-0.0815887451171875 -0.105293273925781 0.0197906494140625 0.00917816162109374
-0.043975830078125 -0.115219116210938 0.0128021240234375 0.0147724151611328
0.0216445922851562 -0.121574401855469 0.0169277191162109 0.0167360305786133
0.0791168212890625 -0.07708740234375 0.0142860412597656 0.0143680572509766
0.117729187011719 0.0245132446289063 0.00678443908691407 0.0259017944335938
0.0859756469726563 0.0875167846679687 0.00252723693847657 0.0266742706298828
0.00692749023437501 0.122787475585937 -0.0125923156738281 0.014674186706543
-0.0384597778320312 0.0887451171875 -0.003265380859375 0.0379142761230469
-0.0034027099609375 0.0783233642578125 0.0029146671295166 0.00225114822387696
0.0510177612304687 0.0709381103515625 -0.0305004119873047 -0.00994300842285156
0.0795516967773438 0.0060272216796875 -0.0450820922851562 0.016448974609375
0.0689201354980469 -0.0497474670410156 -0.0224533081054688 0.0550537109375
0.00637054443359376 -0.0969161987304687 0.00916290283203125 0.0602912902832031
-0.0445938110351563 -0.091949462890625 0.0443801879882813 0.0531501770019531
-0.0498886108398438 -0.086944580078125 0.0511589050292969 0.0435218811035156
-0.069061279296875 -0.0911788940429687 0.0512275695800781 0.0326423645019531
-0.0401077270507813 -0.0985946655273438 0.037353515625 0.0420417785644531
0.0152511596679688 -0.105224609375 0.0306167602539063 0.0407447814941406
0.0646171569824219 -0.0693130493164063 0.0183372497558594 0.0355415344238281
0.102455139160156 0.0167465209960938 0.0102157592773438 0.0443458557128906
0.0776901245117188 0.0745315551757813 0.0114517211914063 0.0529136657714844
0.00993347167968751 0.108879089355469 -0.0179557800292969 0.0541496276855469
-0.028839111328125 0.0538520812988281 -0.0172538757324219 0.0612411499023437
-0.0109214782714844 0.0489654541015625 -0.00774478912353516 0.0123834609985352
0.0204200744628906 0.0500907897949219 -0.0449142456054687 -0.0115928649902344
0.0455474853515625 0.0133056640625 -0.0649528503417969 0.0244636535644531
0.0460433959960938 -0.0230560302734375 -0.0390090942382813 0.07305908203125
0.0103683471679688 -0.0611419677734375 0.0117568969726563 0.0897750854492188
-0.0229263305664063 -0.0618705749511719 0.064605712890625 0.0784149169921875
-0.031005859375 -0.0607719421386719 0.074981689453125 0.0591888427734375
-0.0452079772949219 -0.0657196044921875 0.0756149291992188 0.0502700805664062
-0.026458740234375 -0.0703887939453125 0.0565681457519531 0.0612716674804687
0.01226806640625 -0.0741958618164063 0.0411758422851563 0.0574531555175781
0.0453453063964844 -0.0491294860839844 0.0230026245117188 0.0505714416503906
0.0717239379882813 0.010345458984375 0.0150527954101563 0.0575332641601563
0.055084228515625 0.0503349304199219 0.0205001831054688 0.0757369995117188
0.00841522216796875 0.0760040283203125 -0.021270751953125 0.0888824462890625
-0.0116252899169922 -0.0260658264160156 0.0155715942382812 -0.115127563476563
-0.0209026336669922 -0.0154743194580078 -0.0218582153320313 -0.0906295776367188
-0.0305366516113281 0.00284767150878906 -0.02508544921875 -0.0552711486816406
-0.0222873687744141 0.0261459350585938 -0.0223274230957031 -0.0596466064453125
-0.00720977783203125 0.0325183868408203 -0.0392494201660156 -0.0687446594238281
0.0130252838134766 0.0341148376464844 -0.0720901489257812 -0.0665969848632813
0.0120429992675781 0.0265598297119141 -0.0987548828125 -0.05841064453125
0.00743675231933594 0.0239658355712891 -0.0893936157226563 -0.0636444091796875
0.00329399108886719 0.0245952606201172 -0.0690689086914062 -0.0918502807617188
-0.00894260406494141 0.0129499435424805 -0.0132369995117188 -0.108772277832031
-0.0146846771240234 0.000111579895019534 0.0382156372070312 -0.0846176147460937
-0.00508308410644531 -0.0128364562988281 0.0674018859863281 -0.0363540649414063
0.00852775573730469 -0.0215473175048828 0.0561141967773437 0.0097808837890625
0.0189094543457031 -0.0163497924804688 0.0209617614746094 -0.0143184661865234
0.0184345245361328 -0.0221271514892578 0.0360107421875 -0.0742111206054688
-0.00975608825683594 0.0279636383056641 0.0205230712890625 -0.119911193847656
0.00574684143066406 0.0194587707519531 -0.0163803100585938 -0.0945816040039062
0.0149440765380859 0.0103368759155273 -0.0207901000976563 -0.0566749572753906
0.0086359977722168 -0.000743389129638672 -0.0191688537597656 -0.0629463195800781
0.00323152542114258 -0.00870227813720703 -0.0322036743164063 -0.0707626342773438
-0.00825405120849609 -0.0092935562133789 -0.071441650390625 -0.0717620849609375
-0.0223617553710938 -0.0103244781494141 -0.0985336303710938 -0.0616302490234375
-0.0190200805664063 -0.0150508880615234 -0.0873031616210938 -0.0616226196289062
-0.0215702056884766 -0.0195503234863281 -0.0688934326171875 -0.0900650024414062
-0.0078887939453125 -0.0315093994140625 -0.0188446044921875 -0.106742858886719
0.0119953155517578 -0.0315361022949219 0.03240966796875 -0.0839004516601563
0.0297222137451172 -0.0156688690185547 0.064422607421875 -0.0421943664550781
0.0325431823730469 0.007110595703125 0.0562019348144531 0.00482940673828125
0.0259323120117187 0.017791748046875 0.0201892852783203 -0.0176486968994141
0.00513839721679688 0.0195293426513672 0.0335769653320312 -0.0779190063476563
-0.0133514404296875 0.0750732421875 0.0254364013671875 -0.105209350585938
0.0255928039550781 0.0560493469238281 -0.0049285888671875 -0.0866851806640625
0.0572090148925781 0.0255012512207031 -0.0120887756347656 -0.0517311096191406
0.0444869995117188 -0.0217132568359375 -0.0127182006835937 -0.0585441589355469
0.0205726623535156 -0.0479202270507813 -0.0200424194335938 -0.062957763671875
-0.0230751037597656 -0.0544776916503906 -0.0594406127929688 -0.06793212890625
-0.0509605407714844 -0.0479354858398437 -0.0830535888671875 -0.0556564331054688
-0.04217529296875 -0.0527687072753906 -0.0727310180664062 -0.0492019653320313
-0.046417236328125 -0.0602531433105469 -0.0601882934570313 -0.0738143920898437
-0.0128021240234375 -0.0724868774414063 -0.0250778198242187 -0.0867996215820313
0.0306968688964844 -0.0659446716308594 0.0177230834960938 -0.0711288452148438
0.0608139038085937 -0.027984619140625 0.0482139587402344 -0.0438346862792969
0.0617027282714844 0.0284233093261719 0.0452194213867188 -0.00385284423828125
0.039093017578125 0.0506401062011719 0.0135993957519531 -0.019622802734375
-0.00345611572265625 0.0604515075683594 0.023345947265625 -0.0718460083007813
-0.0208816528320313 0.108688354492188 0.0280914306640625 -0.0752716064453125
0.0334243774414062 0.0861434936523438 0.00738906860351562 -0.0674285888671875
0.0886154174804688 0.0453567504882813 -0.0047149658203125 -0.0405044555664063
0.0792465209960938 -0.0315475463867188 -0.00712966918945312 -0.0445480346679688
0.043060302734375 -0.0762252807617188 -0.0074920654296875 -0.0418205261230469
-0.0271224975585937 -0.0933303833007813 -0.0383796691894531 -0.0499610900878906
-0.0692291259765625 -0.0804214477539063 -0.0553054809570313 -0.0393295288085938
-0.0590133666992187 -0.08172607421875 -0.04718017578125 -0.0289535522460937
-0.0679244995117188 -0.0898666381835938 -0.0408744812011719 -0.0474662780761719
-0.0255050659179688 -0.103569030761719 -0.0231895446777344 -0.0552291870117188
0.0362167358398438 -0.0992355346679687 0.00652694702148437 -0.0456314086914063
0.0804367065429688 -0.0492935180664063 0.0280532836914063 -0.032623291015625
0.0922927856445313 0.0360260009765625 0.027191162109375 -0.00432395935058594
0.059906005859375 0.075714111328125 0.00423431396484375 -0.013646125793457
-0.00347137451171875 0.0955657958984375 0.0087127685546875 -0.0534744262695312
-0.0307235717773437 0.121917724609375 0.0245552062988281 -0.0358772277832031
0.0277252197265625 0.102760314941406 0.0142173767089844 -0.0414314270019531
0.0978851318359375 0.0651168823242187 -0.00465583801269531 -0.0257167816162109
0.101181030273438 -0.0262451171875 -0.00960540771484374 -0.0222396850585938
0.0644073486328125 -0.0861663818359375 -0.0012674331665039 -0.00943946838378907
-0.0201797485351563 -0.117172241210938 -0.0161495208740234 -0.0184097290039063
-0.073486328125 -0.101371765136719 -0.0197772979736328 -0.0120162963867188
-0.0673599243164063 -0.0982589721679688 -0.0143013000488281 -0.00390625
-0.0828094482421875 -0.104721069335937 -0.0124607086181641 -0.0182571411132813
-0.0394210815429688 -0.118667602539063 -0.00951385498046875 -0.0183086395263672
0.0293807983398438 -0.121040344238281 0.00643062591552734 -0.0131254196166992
0.0856170654296875 -0.0703887939453125 0.0154190063476563 -0.0106639862060547
0.1151123046875 0.0322113037109375 0.0122289657592774 0.00744152069091797
0.0797119140625 0.0881195068359375 -0.000708341598510738 0.00267982482910157
0.00191497802734375 0.118911743164062 -0.00454521179199219 -0.0235118865966797
-0.0372314453125 0.115455627441406 0.0138082504272461 0.00355815887451173
0.012451171875 0.0999374389648438 0.0128116607666016 -0.016448974609375
0.0828933715820313 0.0761795043945312 -0.0143041610717773 -0.0136566162109375
0.102256774902344 -0.010894775390625 -0.0236434936523437 0.00104713439941406
0.0755386352539063 -0.075897216796875 -0.00684928894042968 0.0261936187744141
-0.00653076171874999 -0.1190185546875 0.0012664794921875 0.0214614868164062
-0.0650863647460938 -0.106163024902344 0.0155544281005859 0.0204334259033203
-0.0646743774414063 -0.100006103515625 0.0202770233154297 0.0215530395507812
-0.084625244140625 -0.104667663574219 0.0202274322509766 0.00949668884277343
-0.0465621948242188 -0.115898132324219 0.0129613876342773 0.0149192810058594
0.0199050903320312 -0.12335205078125 0.0176773071289063 0.0166950225830078
0.0784912109375 -0.07928466796875 0.0141754150390625 0.0142316818237305
0.119720458984375 0.0226058959960938 0.00766944885253907 0.0258464813232422
0.08837890625 0.0871047973632813 0.00301933288574219 0.02667236328125
0.00941467285156251 0.12451171875 -0.0124549865722656 0.0150394439697266
-0.037109375 0.0904388427734375 -0.00201034545898438 0.0381431579589844
-0.0020294189453125 0.0794677734375 0.00304555892944336 0.0021359920501709
0.0533676147460938 0.0703964233398437 -0.0307254791259766 -0.00914955139160156
0.0805740356445313 0.00482177734375 -0.0453453063964844 0.0174560546875
0.0692214965820312 -0.052093505859375 -0.0216903686523437 0.055755615234375
0.00448608398437501 -0.0984649658203125 0.00984954833984375 0.0608062744140625
-0.0472946166992187 -0.09228515625 0.0459632873535156 0.0531463623046875
-0.0525894165039063 -0.086883544921875 0.0524215698242188 0.0431747436523437
-0.0719985961914062 -0.0910568237304688 0.0524101257324219 0.0322761535644531
-0.0423660278320313 -0.0988388061523437 0.038177490234375 0.0417747497558594
0.0133819580078125 -0.106819152832031 0.0316085815429688 0.0408706665039063
0.0643463134765625 -0.0711822509765625 0.0192680358886719 0.0354995727539062
0.104042053222656 0.015045166015625 0.0110435485839844 0.0442924499511719
0.0800094604492188 0.0738906860351563 0.0126495361328125 0.0531387329101563
0.012176513671875 0.109886169433594 -0.0166511535644531 0.0553245544433594
-0.0281829833984375 0.0554122924804687 -0.0160484313964844 0.0624313354492188
-0.0102729797363281 0.0495338439941406 -0.00650787353515625 0.0123863220214844
0.0217666625976563 0.0499839782714844 -0.0455894470214844 -0.0108070373535156
0.0462722778320313 0.0121688842773438 -0.0650253295898438 0.02532958984375
0.0463409423828125 -0.024566650390625 -0.037811279296875 0.0740890502929688
0.00933837890625 -0.061737060546875 0.0133056640625 0.090301513671875
-0.0246009826660156 -0.0620574951171875 0.0667877197265625 0.0782318115234375
-0.0322952270507813 -0.0608901977539062 0.0767288208007813 0.0583572387695312
-0.0470008850097656 -0.0654449462890625 0.0769805908203125 0.0494842529296875
-0.0283432006835938 -0.0704116821289063 0.0581245422363281 0.0610733032226562
0.01080322265625 -0.0757522583007813 0.0419998168945313 0.0569725036621094
0.04510498046875 -0.050445556640625 0.0235710144042969 0.0507583618164063
0.0729446411132813 0.00928497314453125 0.0162811279296875 0.0579719543457031
0.0561332702636719 0.0502052307128906 0.02203369140625 0.076263427734375
0.00988769531249999 0.0772247314453125 -0.0195846557617188 0.0903701782226563
-0.0123767852783203 -0.0266590118408203 0.0133819580078125 -0.116912841796875
-0.0215301513671875 -0.0157661437988281 -0.0238494873046875 -0.0904388427734375
-0.0309848785400391 0.00348472595214843 -0.0265350341796875 -0.0551986694335938
-0.0221462249755859 0.0269756317138672 -0.0230751037597656 -0.0598945617675781
-0.00618553161621093 0.0330772399902344 -0.0399627685546875 -0.0683250427246094
0.01422119140625 0.0341167449951172 -0.0740203857421875 -0.0658721923828125
0.0126609802246094 0.0262851715087891 -0.100433349609375 -0.0566635131835938
0.00835227966308593 0.0239791870117187 -0.0912704467773438 -0.0626373291015625
0.00387191772460937 0.0245914459228516 -0.0712432861328125 -0.0916366577148437
-0.00848674774169922 0.0129356384277344 -0.015777587890625 -0.110000610351563
-0.0147972106933594 0.000105857849121092 0.0370101928710937 -0.0862884521484375
-0.00552463531494141 -0.0127840042114258 0.0671501159667969 -0.0380325317382812
0.00777435302734375 -0.02191162109375 0.0568046569824219 0.00933074951171875
0.0185604095458984 -0.0169296264648438 0.0200443267822266 -0.0147838592529297
0.0179347991943359 -0.0233097076416016 0.0344924926757812 -0.07574462890625
-0.00938796997070313 0.0283889770507813 0.0182876586914063 -0.121360778808594
0.0062103271484375 0.0194549560546875 -0.0186080932617187 -0.0951995849609375
0.0146913528442383 0.00996685028076172 -0.0216560363769531 -0.05657958984375
0.00913238525390625 -0.00100898742675781 -0.0207710266113281 -0.0630264282226563
0.00291633605957031 -0.00841522216796875 -0.0337448120117187 -0.0707550048828125
-0.00828933715820312 -0.00897407531738281 -0.0738754272460937 -0.0711517333984375
-0.0228290557861328 -0.00980758666992188 -0.100563049316406 -0.0604324340820313
-0.0190486907958984 -0.0150127410888672 -0.0895767211914063 -0.0604934692382812
-0.0223121643066406 -0.0194835662841797 -0.0717620849609375 -0.0893478393554688
-0.0088348388671875 -0.0317363739013672 -0.0215530395507812 -0.107017517089844
0.0116443634033203 -0.0318641662597656 0.0312118530273437 -0.0851058959960938
0.0298900604248047 -0.0165462493896484 0.0642166137695313 -0.0439529418945313
0.0331840515136719 0.00623321533203125 0.0570564270019531 0.0036163330078125
0.0265083312988281 0.0176448822021484 0.0198688507080078 -0.0177898406982422
0.00547218322753906 0.0197410583496094 0.03216552734375 -0.0792236328125
-0.0116195678710938 0.0763473510742188 0.0236892700195313 -0.106826782226563
0.0267372131347656 0.0559654235839844 -0.00696563720703125 -0.0868759155273438
0.0585594177246094 0.0241012573242188 -0.0131645202636719 -0.0519180297851563
0.045013427734375 -0.0227470397949219 -0.013702392578125 -0.0588150024414062
0.0198554992675781 -0.0485000610351563 -0.0215568542480469 -0.06298828125
-0.0243873596191406 -0.0546722412109375 -0.061248779296875 -0.06719970703125
-0.0528106689453125 -0.04730224609375 -0.0848617553710938 -0.054656982421875
-0.0438156127929688 -0.0520210266113281 -0.074462890625 -0.04815673828125
-0.0483741760253906 -0.059600830078125 -0.0624160766601562 -0.0726165771484375
-0.0146484375 -0.0732803344726562 -0.0272903442382812 -0.0870895385742187
0.0299758911132812 -0.0673370361328125 0.0161590576171875 -0.0723342895507813
0.0608940124511719 -0.0294303894042969 0.0473556518554688 -0.0453033447265625
0.0627975463867188 0.0275230407714844 0.0457687377929688 -0.00508880615234375
0.040435791015625 0.0502243041992188 0.0131111145019531 -0.0198535919189453
-0.00221633911132812 0.0612640380859375 0.021728515625 -0.07305908203125
-0.018829345703125 0.110626220703125 0.0268325805664062 -0.07708740234375
0.0355377197265625 0.0868301391601563 0.00561904907226563 -0.0683174133300781
0.09002685546875 0.0441055297851563 -0.0055694580078125 -0.0406074523925781
0.0792160034179688 -0.0329971313476563 -0.00789642333984375 -0.0453147888183594
0.0419769287109375 -0.0776519775390625 -0.00815200805664063 -0.0426254272460938
-0.0290298461914063 -0.09368896484375 -0.0402870178222656 -0.0498237609863281
-0.0717697143554688 -0.0799713134765625 -0.0566215515136719 -0.0384101867675781
-0.061370849609375 -0.0813674926757812 -0.0481300354003906 -0.0274734497070313
-0.0710372924804687 -0.0889205932617188 -0.0425758361816406 -0.0468177795410156
-0.0276107788085938 -0.103874206542969 -0.024688720703125 -0.0551261901855469
0.0342254638671875 -0.100807189941406 0.005523681640625 -0.045928955078125
0.0804290771484375 -0.0512466430664062 0.0275173187255859 -0.0337409973144531
0.0943984985351563 0.0344314575195313 0.0272178649902344 -0.00493812561035156
0.061431884765625 0.0746841430664063 0.00367259979248047 -0.0138759613037109
-0.0016021728515625 0.0968475341796875 0.00792694091796874 -0.054229736328125
-0.0284347534179687 0.124031066894531 0.0240707397460937 -0.0368080139160156
0.0299148559570313 0.103256225585938 0.0135307312011719 -0.0419540405273437
0.100433349609375 0.0636215209960938 -0.0050525665283203 -0.0256671905517578
0.101890563964844 -0.0290451049804687 -0.00991058349609374 -0.0225677490234375
0.0637054443359375 -0.0887527465820313 -0.000870704650878901 -0.0100879669189453
-0.0226898193359375 -0.117767333984375 -0.0166835784912109 -0.0183792114257813
-0.0764312744140625 -0.101318359375 -0.0201206207275391 -0.0115566253662109
-0.0698013305664062 -0.0979690551757813 -0.0144252777099609 -0.00347328186035157
-0.0857009887695312 -0.103622436523438 -0.0129070281982422 -0.0183506011962891
-0.0420303344726563 -0.118766784667969 -0.0101852416992188 -0.0184288024902344
0.026824951171875 -0.122329711914063 0.00608062744140625 -0.0136251449584961
0.0854644775390625 -0.0727767944335938 0.0152311325073242 -0.0114469528198242
0.116950988769531 0.0300445556640625 0.0125370025634766 0.00677299499511719
0.0822906494140625 0.0874252319335937 -0.0007636547088623 0.00242185592651368
0.00437164306640625 0.1201171875 -0.00492668151855469 -0.0234928131103516
-0.0355072021484375 0.11767578125 0.014068603515625 0.00320148468017579
0.0141830444335938 0.100639343261719 0.0125970840454102 -0.0168037414550781
0.085784912109375 0.075042724609375 -0.0144567489624023 -0.0135250091552734
0.102981567382813 -0.0130538940429688 -0.0236568450927734 0.00139808654785156
0.0748443603515625 -0.0783920288085938 -0.00578689575195312 0.02655029296875
-0.00981903076171876 -0.119720458984375 0.00164794921875 0.0220432281494141
-0.0685501098632812 -0.1055908203125 0.0159664154052734 0.0201320648193359
-0.0675888061523438 -0.0995635986328125 0.0210762023925781 0.0214023590087891
-0.0875091552734375 -0.103782653808594 0.0207176208496094 0.00906753540039062
-0.0495681762695313 -0.115882873535156 0.0135517120361328 0.0150747299194336
0.0173187255859375 -0.125076293945313 0.0177040100097656 0.0166950225830078
0.078155517578125 -0.0814895629882812 0.0143699645996094 0.0139093399047852
0.121994018554687 0.0203781127929687 0.00801658630371094 0.02606201171875
0.0908279418945313 0.0853118896484375 0.00373268127441407 0.0263938903808594
0.0119247436523438 0.125755310058594 -0.0120363235473633 0.0156126022338867
-0.0357513427734375 0.0929107666015625 -0.00158309936523437 0.038177490234375
-0.000526428222656255 0.0806655883789063 0.00321483612060547 0.00200557708740235
0.0558700561523437 0.0704803466796875 -0.0307445526123047 -0.00861549377441406
0.081573486328125 0.00290679931640625 -0.0452423095703125 0.0181694030761719
0.0688552856445313 -0.0539207458496094 -0.0208587646484375 0.05682373046875
0.00256347656249999 -0.0992660522460938 0.0110282897949219 0.0611572265625
-0.0500335693359375 -0.0921096801757812 0.0471420288085938 0.0528335571289062
-0.0546340942382812 -0.0866317749023438 0.0540351867675781 0.042877197265625
-0.0742263793945313 -0.0903396606445312 0.0535316467285156 0.0316200256347656
-0.0450057983398438 -0.0992202758789062 0.0395278930664063 0.0416679382324219
0.011199951171875 -0.108207702636719 0.0325431823730469 0.0405311584472656
0.0638046264648438 -0.0734405517578125 0.0198478698730469 0.0355262756347656
0.105941772460938 0.013275146484375 0.0119514465332031 0.0442123413085937
0.0825958251953125 0.0725631713867188 0.01409912109375 0.0532341003417969
0.0142135620117188 0.11126708984375 -0.0157814025878906 0.055999755859375
-0.0274009704589844 0.0567512512207031 -0.0145034790039063 0.0632362365722656
-0.00909805297851562 0.0504150390625 -0.00639533996582031 0.0126848220825195
0.0233612060546875 0.0502891540527344 -0.0458450317382813 -0.0100288391113281
0.0472869873046875 0.01141357421875 -0.0652427673339844 0.0272636413574219
0.046051025390625 -0.0262680053710938 -0.0370635986328125 0.0755996704101562
0.00815200805664063 -0.062347412109375 0.015167236328125 0.0914230346679688
-0.026275634765625 -0.0624008178710937 0.0693817138671875 0.077423095703125
-0.03411865234375 -0.0608673095703125 0.07904052734375 0.0573043823242187
-0.0488624572753906 -0.0649871826171875 0.0786361694335938 0.04840087890625
-0.03009033203125 -0.0708694458007813 0.0597686767578125 0.0607032775878906
0.00922393798828126 -0.0764007568359375 0.0435905456542969 0.0569076538085938
0.0447120666503906 -0.0519485473632813 0.0250663757324219 0.0508346557617188
0.0741958618164063 0.00843048095703125 0.0176849365234375 0.0578689575195312
0.0578536987304688 0.0496826171875 0.0237655639648438 0.0764541625976563
0.0116424560546875 0.0780258178710938 -0.0178985595703125 0.0917434692382813
-0.0126094818115234 -0.0268535614013672 0.0107498168945313 -0.117897033691406
-0.02227783203125 -0.0151481628417969 -0.0261917114257813 -0.0904083251953125
-0.0313014984130859 0.00426292419433594 -0.0275535583496094 -0.0551223754882813
-0.0216712951660156 0.0278186798095703 -0.0246543884277344 -0.0601654052734375
-0.00556755065917969 0.0336875915527344 -0.0419807434082031 -0.0680770874023438
0.0152454376220703 0.0341205596923828 -0.07568359375 -0.0646743774414063
0.0134849548339844 0.0264968872070313 -0.102119445800781 -0.0549850463867187
0.00879096984863281 0.0238571166992188 -0.0934677124023438 -0.0612640380859375
0.0042877197265625 0.0249004364013672 -0.0738296508789062 -0.0909957885742188
-0.00846576690673828 0.0135307312011719 -0.0182647705078125 -0.110603332519531
-0.0146636962890625 0.000713348388671875 0.0356521606445313 -0.0873489379882813
-0.00608253479003906 -0.0129184722900391 0.0667572021484375 -0.0395431518554688
0.00754165649414063 -0.0221843719482422 0.057220458984375 0.00837326049804687
0.0183563232421875 -0.0174350738525391 0.0194740295410156 -0.0149021148681641
0.0179367065429688 -0.0235767364501953 0.0329055786132812 -0.0766220092773438
-0.00898361206054688 0.0281887054443359 0.015228271484375 -0.122657775878906
0.00679779052734375 0.019439697265625 -0.0211029052734375 -0.0954971313476563
0.0149202346801758 0.009246826171875 -0.0228996276855469 -0.0562934875488281
0.00867319107055664 -0.00106525421142578 -0.0219078063964844 -0.0628662109375
0.00305843353271484 -0.00893974304199219 -0.0351715087890625 -0.0707931518554688
-0.00863838195800781 -0.00849056243896485 -0.0753631591796875 -0.07000732421875
-0.0230598449707031 -0.00894927978515625 -0.102874755859375 -0.0587158203125
-0.0197200775146484 -0.0144729614257813 -0.09130859375 -0.0587921142578125
-0.022491455078125 -0.0193004608154297 -0.0742034912109375 -0.0887451171875
-0.00945663452148438 -0.0314426422119141 -0.0235748291015625 -0.107475280761719
0.0111503601074219 -0.0320529937744141 0.0295867919921875 -0.0863571166992188
0.0298957824707031 -0.0171127319335938 0.0632705688476563 -0.0452919006347656
0.0337085723876953 0.00581932067871094 0.0571136474609375 0.00225830078125
0.0266914367675781 0.0166206359863281 0.0196132659912109 -0.0183982849121094
0.00615501403808594 0.0199012756347656 0.0306015014648437 -0.0802154541015625
-0.0100784301757813 0.0773162841796875 0.0215072631835937 -0.108665466308594
0.0281410217285156 0.0556716918945313 -0.00897216796875001 -0.0876235961914063
0.0595855712890625 0.0229873657226563 -0.013916015625 -0.0515174865722656
0.044891357421875 -0.0239067077636719 -0.0145072937011719 -0.0590744018554688
0.01885986328125 -0.0494232177734375 -0.0225677490234375 -0.0634956359863281
-0.025787353515625 -0.0542259216308594 -0.0630912780761719 -0.0670013427734375
-0.0543098449707031 -0.0469284057617187 -0.08660888671875 -0.0528564453125
-0.0450248718261719 -0.0517845153808594 -0.076202392578125 -0.0472412109375
-0.0496330261230469 -0.059173583984375 -0.0639724731445312 -0.0716781616210938
-0.016387939453125 -0.0731201171875 -0.02899169921875 -0.0873336791992187
0.0286636352539063 -0.0681495666503906 0.0146942138671875 -0.0726547241210938
0.0605888366699219 -0.03033447265625 0.0468215942382813 -0.0467872619628906
0.0642890930175781 0.0261344909667969 0.0460662841796875 -0.00632476806640625
0.0419044494628906 0.049560546875 0.0124988555908203 -0.0201053619384766
-0.00107192993164063 0.0616874694824219 0.0206069946289063 -0.0743484497070313
-0.0159912109375 0.111839294433594 0.025360107421875 -0.077880859375
0.0373916625976563 0.0867233276367188 0.00439834594726563 -0.069000244140625
0.0920944213867188 0.0421981811523438 -0.00587463378906249 -0.0408821105957031
0.0792083740234375 -0.0347900390625 -0.00879287719726562 -0.0451736450195313
0.0411911010742187 -0.079345703125 -0.00871658325195313 -0.0427055358886719
-0.031158447265625 -0.0937423706054687 -0.0415115356445313 -0.0491104125976563
-0.074127197265625 -0.0785064697265625 -0.0577201843261719 -0.0369796752929688
-0.0636825561523438 -0.0806121826171875 -0.0492019653320313 -0.0268974304199219
-0.0732269287109375 -0.0879440307617188 -0.0437965393066406 -0.0463066101074219
-0.0301284790039062 -0.103981018066406 -0.025848388671875 -0.054931640625
0.0322723388671875 -0.102203369140625 0.00458526611328125 -0.0467109680175781
0.08026123046875 -0.052947998046875 0.0271358489990234 -0.0347862243652344
0.0961761474609375 0.03314208984375 0.0275325775146484 -0.00572013854980469
0.0641403198242188 0.0741119384765625 0.00333595275878906 -0.0144815444946289
0.00025939941406251 0.097625732421875 0.00676727294921875 -0.054473876953125
-0.0257644653320312 0.125823974609375 0.0233039855957031 -0.0379295349121094
0.0324172973632812 0.103485107421875 0.0129127502441406 -0.0426712036132813
0.102409362792969 0.0622024536132813 -0.0053558349609375 -0.0257797241210937
0.102310180664062 -0.0312042236328125 -0.0103969573974609 -0.0223598480224609
0.0627593994140625 -0.0906753540039063 -0.000900268554687496 -0.0105648040771484
-0.0251083374023437 -0.117630004882813 -0.0174446105957031 -0.0182151794433594
-0.0795364379882813 -0.100318908691406 -0.0204944610595703 -0.0116825103759766
-0.0727920532226563 -0.0971832275390625 -0.0141744613647461 -0.00287342071533204
-0.08880615234375 -0.102836608886719 -0.0135726928710938 -0.0177822113037109
-0.045257568359375 -0.11865234375 -0.0105724334716797 -0.0179576873779297
0.0247421264648437 -0.124008178710937 0.00558376312255859 -0.0134077072143555
0.0849685668945313 -0.075042724609375 0.0149497985839844 -0.0116500854492188
0.118621826171875 0.0277862548828125 0.012354850769043 0.00657272338867188
0.084869384765625 0.0860366821289063 -0.000497579574584956 0.00226163864135743
0.00696563720703126 0.121192932128906 -0.00545883178710938 -0.0236530303955078
-0.0333023071289062 0.119728088378906 0.0141048431396484 0.0026378631591797
0.0167007446289063 0.101547241210938 0.0122165679931641 -0.0173330307006836
0.0884552001953125 0.0741119384765625 -0.0146455764770508 -0.0131282806396484
0.103561401367188 -0.0150985717773438 -0.0235233306884766 0.00181007385253906
0.0743255615234375 -0.0805206298828125 -0.00480842590332031 0.0265865325927734
-0.01251220703125 -0.120681762695312 0.00185966491699218 0.0223026275634766
-0.071136474609375 -0.104911804199219 0.0168743133544922 0.0201988220214844
-0.0704421997070313 -0.09942626953125 0.0218620300292969 0.0212154388427734
-0.0904541015625 -0.102653503417969 0.0205879211425781 0.00898933410644531
-0.05267333984375 -0.115684509277344 0.0137319564819336 0.0151691436767578
0.015106201171875 -0.126312255859375 0.0180416107177734 0.0165481567382812
0.0772552490234375 -0.083587646484375 0.0146713256835938 0.0137834548950195
0.123756408691406 0.0177154541015625 0.00868225097656251 0.0255680084228516
0.0939712524414063 0.0840606689453125 0.00404548645019532 0.0263557434082031
0.0148696899414063 0.126998901367188 -0.0119609832763672 0.0158300399780274
-0.0343475341796875 0.0944671630859375 -0.000354766845703127 0.0388298034667969
0.00110626220703125 0.0816192626953125 0.00349044799804688 0.00190305709838868
0.0578117370605469 0.0696067810058594 -0.0311164855957031 -0.00780487060546875
0.0823745727539063 0.0013885498046875 -0.0453643798828125 0.0190811157226563
0.0684623718261719 -0.0558586120605469 -0.0197525024414062 0.0571022033691406
0.000213623046874998 -0.10003662109375 0.0124740600585938 0.0616035461425781
-0.0523757934570312 -0.0920028686523438 0.0487861633300781 0.0520706176757812
-0.0572586059570313 -0.0863189697265625 0.0556907653808594 0.0419082641601563
-0.0769195556640625 -0.089111328125 0.05438232421875 0.0308723449707031
-0.0475616455078125 -0.098968505859375 0.04071044921875 0.0413818359375
0.00919342041015625 -0.109054565429688 0.0337448120117188 0.0405197143554688
0.062835693359375 -0.07489013671875 0.0209674835205078 0.0350856781005859
0.107292175292969 0.0109939575195313 0.0130500793457031 0.04412841796875
0.0844650268554688 0.071807861328125 0.0150871276855469 0.0530624389648438
0.0168380737304688 0.112091064453125 -0.0144882202148437 0.0571403503417969
-0.0262794494628906 0.0582847595214844 -0.013275146484375 0.06396484375
-0.00817108154296874 0.051025390625 -0.00615024566650391 0.0127792358398438
0.0247955322265625 0.0501708984375 -0.045928955078125 -0.00901031494140625
0.0474929809570312 0.0103874206542969 -0.064910888671875 0.0286483764648438
0.046417236328125 -0.0271835327148438 -0.0354995727539063 0.0767669677734375
0.00680160522460938 -0.0630264282226562 0.0166091918945313 0.092010498046875
-0.0280265808105469 -0.0621223449707031 0.07122802734375 0.076385498046875
-0.0353317260742188 -0.0603904724121094 0.0803756713867187 0.05670166015625
-0.0509567260742188 -0.064666748046875 0.0801239013671875 0.0473861694335937
-0.031494140625 -0.0704421997070312 0.0616264343261719 0.0604324340820313
0.00798797607421874 -0.07708740234375 0.0452384948730469 0.0568923950195312
0.04376220703125 -0.0537910461425781 0.0260047912597656 0.0506210327148437
0.07489013671875 0.00659942626953125 0.0185356140136719 0.0577507019042969
0.0593948364257813 0.0489540100097656 0.0260543823242188 0.076202392578125
0.013519287109375 0.0786666870117188 -0.016021728515625 0.0932388305664063
-0.0133171081542969 -0.0269908905029297 0.00811004638671876 -0.11883544921875
-0.0225887298583984 -0.0149116516113281 -0.0283050537109375 -0.0902481079101563
-0.0319137573242188 0.00504875183105469 -0.0290679931640625 -0.0544853210449219
-0.0210857391357422 0.0288829803466797 -0.0254592895507812 -0.059112548828125
-0.00497245788574218 0.0339374542236328 -0.0433845520019531 -0.0677337646484375
0.0156230926513672 0.0343894958496094 -0.0777587890625 -0.0636367797851563
0.0137195587158203 0.0264606475830078 -0.104537963867188 -0.0528335571289063
0.00937271118164063 0.0241737365722656 -0.0948410034179688 -0.0597686767578125
0.00501060485839844 0.0247383117675781 -0.0758590698242188 -0.0897903442382813
-0.00797080993652344 0.0140933990478516 -0.0203170776367188 -0.110580444335938
-0.014801025390625 0.00107765197753906 0.03399658203125 -0.08843994140625
-0.00644683837890625 -0.0125932693481445 0.0662307739257812 -0.0409431457519531
0.00700569152832031 -0.0222091674804688 0.0572738647460937 0.00699615478515625
0.0181369781494141 -0.0177650451660156 0.0194206237792969 -0.0153656005859375
0.0172500610351563 -0.0240135192871094 0.0312576293945313 -0.0778884887695313
-0.00791740417480469 0.0288486480712891 0.0126724243164062 -0.123847961425781
0.00674057006835938 0.0190563201904297 -0.023193359375 -0.0951004028320313
0.0150108337402344 0.00923633575439453 -0.0242996215820312 -0.0561561584472656
0.00894260406494141 -0.00118541717529297 -0.0229530334472656 -0.0631294250488281
0.00299263000488281 -0.00922489166259766 -0.0369873046875 -0.0707626342773438
-0.00860309600830078 -0.00840282440185547 -0.0774688720703125 -0.0688629150390625
-0.0235099792480469 -0.00905990600585937 -0.104087829589844 -0.05645751953125
-0.0198554992675781 -0.0146026611328125 -0.0932998657226563 -0.0575714111328125
-0.0229396820068359 -0.0186767578125 -0.0761795043945313 -0.0876235961914063
-0.0102100372314453 -0.0314960479736328 -0.02642822265625 -0.107650756835938
0.0105533599853516 -0.0324192047119141 0.0274887084960938 -0.0875473022460938
0.0294036865234375 -0.0176467895507813 0.0625762939453125 -0.0468978881835938
0.0336990356445313 0.00477981567382813 0.05743408203125 0.00114822387695313
0.0271739959716797 0.0163726806640625 0.0189437866210938 -0.0188655853271484
0.00633430480957031 0.0198459625244141 0.02886962890625 -0.0815353393554687
-0.00809478759765624 0.0778884887695313 0.0194015502929688 -0.109771728515625
0.0290946960449219 0.0554008483886719 -0.0112838745117188 -0.087860107421875
0.0604820251464844 0.0219955444335938 -0.0147323608398438 -0.0518302917480469
0.0448188781738281 -0.0246734619140625 -0.0160903930664062 -0.0589103698730469
0.0185737609863281 -0.0502662658691406 -0.0237274169921875 -0.0636367797851563
-0.0269508361816406 -0.0540885925292969 -0.0646553039550781 -0.0656814575195312
-0.0561180114746094 -0.045928955078125 -0.0882797241210938 -0.0513381958007812
-0.0465431213378906 -0.0509986877441406 -0.0772705078125 -0.0454177856445313
-0.0514183044433594 -0.0583763122558594 -0.0663604736328125 -0.0708999633789062
-0.0179443359375 -0.0735015869140625 -0.0313644409179687 -0.0868148803710938
0.0271453857421875 -0.0690269470214844 0.0133285522460938 -0.0737152099609375
0.0607414245605469 -0.0319709777832031 0.0460052490234375 -0.0479888916015625
0.0652198791503906 0.024566650390625 0.0462570190429688 -0.00703048706054687
0.0429878234863281 0.0484848022460938 0.0121936798095703 -0.0205707550048828
0.000106811523437502 0.0621986389160156 0.0189666748046875 -0.074676513671875
-0.013916015625 0.11285400390625 0.024078369140625 -0.07916259765625
0.0398101806640625 0.0862960815429688 0.00243377685546876 -0.0694084167480469
0.093841552734375 0.0406265258789062 -0.00662231445312499 -0.04058837890625
0.07916259765625 -0.0370864868164063 -0.00916290283203124 -0.0454826354980469
0.0397796630859375 -0.0812454223632813 -0.00967025756835937 -0.04327392578125
-0.0335540771484375 -0.09344482421875 -0.0427436828613281 -0.0486373901367188
-0.0764846801757813 -0.0777740478515625 -0.0588035583496094 -0.0364761352539063
-0.0657424926757813 -0.0800094604492188 -0.0499114990234375 -0.0258064270019531
-0.07537841796875 -0.0867691040039063 -0.0448951721191406 -0.0452995300292969
-0.0323562622070313 -0.1038818359375 -0.0274772644042969 -0.0543022155761719
0.030303955078125 -0.10321044921875 0.00334930419921875 -0.0468368530273438
0.079742431640625 -0.0551986694335938 0.026153564453125 -0.0358200073242188
0.09765625 0.0309600830078125 0.0273189544677734 -0.00680351257324219
0.06524658203125 0.0727615356445313 0.00326251983642578 -0.0145664215087891
0.00234985351562501 0.0984573364257813 0.00551223754882813 -0.0551490783691406
-0.0233612060546875 0.127571105957031 0.0229301452636719 -0.0387153625488281
0.0344619750976563 0.103630065917969 0.0118560791015625 -0.0433197021484375
0.104751586914063 0.0603485107421875 -0.00539588928222656 -0.0253391265869141
0.102256774902344 -0.0334243774414063 -0.0105743408203125 -0.0222835540771484
0.0611801147460937 -0.0930023193359375 -0.000928878784179684 -0.0106878280639648
-0.0279541015625 -0.118179321289063 -0.0178947448730469 -0.0179233551025391
-0.0819549560546875 -0.0987091064453125 -0.0211334228515625 -0.0108585357666016
-0.0748977661132813 -0.0961990356445313 -0.0143661499023438 -0.00251102447509766
-0.0912017822265625 -0.10101318359375 -0.014775276184082 -0.0170755386352539
-0.048004150390625 -0.117576599121094 -0.0111637115478516 -0.0179920196533203
0.0223464965820313 -0.125297546386719 0.00547122955322266 -0.0136165618896484
0.0840682983398438 -0.0769424438476563 0.0147333145141602 -0.0124177932739258
0.120414733886719 0.0252151489257812 0.0124197006225586 0.00611305236816406
0.087066650390625 0.0845947265625 -0.000892162322998041 0.00224447250366211
0.00986480712890625 0.122093200683594 -0.00552177429199218 -0.0236167907714844
-0.0312118530273438 0.121421813964844 0.01434326171875 0.00183200836181641
0.0190048217773438 0.101776123046875 0.0120162963867188 -0.017608642578125
0.0906906127929688 0.072662353515625 -0.0148248672485352 -0.012598991394043
0.104080200195313 -0.0176849365234375 -0.0235309600830078 0.00214767456054687
0.0730972290039063 -0.0828399658203125 -0.00457382202148437 0.0266227722167969
-0.0149917602539063 -0.120811462402344 0.00248146057128906 0.0221996307373047
-0.0743026733398438 -0.103828430175781 0.0168876647949219 0.0204849243164062
-0.073089599609375 -0.098236083984375 0.0227718353271484 0.0208797454833984
-0.093292236328125 -0.10101318359375 0.0208148956298828 0.00872611999511718
-0.0554351806640625 -0.115150451660156 0.0142784118652344 0.0149765014648437
0.0123443603515625 -0.127159118652344 0.0181865692138672 0.0164012908935547
0.0761260986328125 -0.0861740112304688 0.0149812698364258 0.013401985168457
0.124763488769531 0.0152587890625 0.00908088684082032 0.0254592895507813
0.0958404541015625 0.0826492309570313 0.00460815429687501 0.026519775390625
0.017852783203125 0.127342224121094 -0.011967658996582 0.0163307189941406
-0.0327682495117188 0.0962677001953125 0.000679016113281249 0.0388031005859375
0.00304412841796875 0.081817626953125 0.00360822677612305 0.00165748596191407
0.0599403381347656 0.069061279296875 -0.0310535430908203 -0.00664520263671874
0.0832901000976563 -0.0001678466796875 -0.0446853637695312 0.0204696655273438
0.0683364868164063 -0.0580177307128906 -0.0186004638671875 0.0576858520507812
-0.00183868408203126 -0.100624084472656 0.0133438110351562 0.0619087219238281
-0.0549392700195312 -0.0909271240234375 0.0498390197753906 0.05120849609375
-0.0595779418945313 -0.085723876953125 0.0568428039550781 0.0410346984863281
-0.0792694091796875 -0.0878219604492187 0.0551567077636719 0.0303306579589844
-0.0496368408203125 -0.0984344482421875 0.0414543151855469 0.0409660339355469
0.00681304931640624 -0.110160827636719 0.034698486328125 0.0401992797851562
0.0618362426757813 -0.0768966674804688 0.0212993621826172 0.0349845886230469
0.108100891113281 0.00872802734375 0.0135879516601563 0.0436744689941406
0.0866775512695313 0.07012939453125 0.0163459777832031 0.0526237487792969
0.0193862915039062 0.1129150390625 -0.0136146545410156 0.0577545166015625
-0.0258331298828125 0.0593338012695313 -0.0116119384765625 0.0647697448730469
-0.00701522827148438 0.0518836975097656 -0.00539779663085938 0.0129489898681641
0.0262718200683594 0.0502281188964844 -0.0463752746582031 -0.00812530517578126
0.0483932495117188 0.0095062255859375 -0.0644874572753906 0.0301246643066406
0.0460128784179688 -0.028717041015625 -0.0339736938476562 0.077484130859375
0.00529098510742187 -0.0641670227050781 0.018341064453125 0.0917816162109375
-0.0294380187988281 -0.0619163513183594 0.0729293823242188 0.0752487182617188
-0.0371246337890625 -0.060028076171875 0.0822219848632813 0.0550460815429687
-0.0528450012207031 -0.064117431640625 0.081634521484375 0.046142578125
-0.0334510803222656 -0.0701217651367188 0.063323974609375 0.0595703125
0.00572204589843749 -0.077850341796875 0.0464439392089844 0.0563125610351563
0.0432052612304688 -0.0543098449707031 0.0274391174316406 0.0502433776855469
0.0758819580078125 0.0052337646484375 0.0198287963867188 0.0576057434082031
0.0611114501953125 0.048126220703125 0.0274581909179687 0.076141357421875
0.0152511596679687 0.0791244506835938 -0.0137557983398437 0.0937271118164063
-0.0137214660644531 -0.0267848968505859 0.00522613525390625 -0.119316101074219
-0.0230045318603516 -0.0151710510253906 -0.030364990234375 -0.08978271484375
-0.0321979522705078 0.00570297241210938 -0.0302009582519531 -0.0543289184570312
-0.0207729339599609 0.029510498046875 -0.027313232421875 -0.05926513671875
-0.00430679321289063 0.0342960357666016 -0.044677734375 -0.0673980712890625
0.0170173645019531 0.0340747833251953 -0.0790786743164063 -0.062469482421875
0.0148963928222656 0.0261058807373047 -0.105171203613281 -0.0509490966796875
0.0102291107177734 0.0239162445068359 -0.096710205078125 -0.0575180053710938
0.00558662414550781 0.0253238677978516 -0.0783538818359375 -0.088714599609375
-0.00757026672363281 0.0142536163330078 -0.022918701171875 -0.110786437988281
-0.0149059295654297 0.00148773193359375 0.032379150390625 -0.089599609375
-0.00688743591308594 -0.012272834777832 0.0652198791503906 -0.0425872802734375
0.00671005249023437 -0.022613525390625 0.05755615234375 0.00635528564453125
0.0175418853759766 -0.0185813903808594 0.0184135437011719 -0.0158672332763672
0.016937255859375 -0.0247707366943359 0.0297622680664062 -0.0786666870117188
-0.00720787048339844 0.028961181640625 0.00975799560546875 -0.124794006347656
0.007293701171875 0.0187873840332031 -0.0257110595703125 -0.0947952270507813
0.0155248641967773 0.00935077667236328 -0.0252532958984375 -0.0555343627929687
0.00905513763427734 -0.00116157531738281 -0.0242118835449219 -0.0625
0.00300788879394531 -0.00886917114257813 -0.0383033752441406 -0.0701904296875
-0.00858116149902344 -0.00824546813964844 -0.0787887573242188 -0.067779541015625
-0.0237102508544922 -0.008514404296875 -0.105606079101563 -0.0545120239257812
-0.0203666687011719 -0.0141334533691406 -0.094329833984375 -0.055755615234375
-0.0231952667236328 -0.0182228088378906 -0.0783767700195313 -0.0861892700195313
-0.0105724334716797 -0.0314464569091797 -0.02880859375 -0.107696533203125
0.00998687744140625 -0.032562255859375 0.0258026123046875 -0.0882339477539063
0.0289936065673828 -0.0182933807373047 0.0617790222167969 -0.0484962463378906
0.0341835021972656 0.00437545776367188 0.0573043823242188 6.48498535156253E-05
0.0277061462402344 0.0154094696044922 0.0183277130126953 -0.0191459655761719
0.00711250305175781 0.0197887420654297 0.0272293090820313 -0.0823593139648438
-0.00626373291015626 0.078643798828125 0.016571044921875 -0.111251831054687
0.0303840637207031 0.0552825927734375 -0.0133209228515625 -0.0876083374023438
0.0612106323242188 0.0206108093261719 -0.0160903930664063 -0.0510826110839844
0.0441169738769531 -0.0259284973144531 -0.01715087890625 -0.059234619140625
0.0176544189453125 -0.0508575439453125 -0.0251884460449219 -0.0635910034179688
-0.0279159545898437 -0.0536766052246094 -0.0668792724609375 -0.064483642578125
-0.0567741394042969 -0.0449256896972656 -0.0895767211914063 -0.0498275756835938
-0.0478782653808594 -0.0500984191894531 -0.078338623046875 -0.0438156127929688
-0.0524482727050781 -0.05731201171875 -0.0683021545410156 -0.0696792602539063
-0.0191268920898437 -0.0728683471679688 -0.0331954956054687 -0.0867385864257813
0.0261611938476563 -0.0699081420898438 0.0117645263671875 -0.0742340087890625
0.06036376953125 -0.0332603454589844 0.0451545715332031 -0.04925537109375
0.0659065246582031 0.0234718322753906 0.0459365844726563 -0.00826263427734375
0.0438880920410156 0.0477104187011719 0.0115451812744141 -0.0207805633544922
0.00143814086914062 0.0623550415039063 0.0173721313476563 -0.0750579833984375
-0.0113677978515625 0.113914489746094 0.0220565795898438 -0.0803070068359375
0.0411148071289062 0.0859756469726563 0.000804901123046871 -0.0700721740722656
0.09490966796875 0.0388870239257813 -0.00703811645507812 -0.0403671264648438
0.0787124633789062 -0.0386810302734375 -0.0102653503417969 -0.0454330444335937
0.0383529663085938 -0.0821914672851563 -0.0103492736816406 -0.0431938171386719
-0.0356216430664063 -0.0933151245117188 -0.0438079833984375 -0.0475616455078125
-0.0781707763671875 -0.0759124755859375 -0.0597343444824219 -0.0348625183105469
-0.0673751831054688 -0.0786514282226563 -0.050262451171875 -0.0249061584472656
-0.0775909423828125 -0.0855865478515625 -0.0462684631347656 -0.0443000793457031
-0.0345840454101562 -0.103424072265625 -0.0289230346679688 -0.0539474487304688
0.0281982421875 -0.104110717773438 0.00188064575195313 -0.0468978881835938
0.0792617797851563 -0.0565719604492188 0.0256462097167969 -0.0367965698242187
0.098907470703125 0.029022216796875 0.0268421173095703 -0.00759506225585937
0.067230224609375 0.0711898803710938 0.00240135192871094 -0.0143537521362305
0.00469970703125 0.0988082885742188 0.00419235229492187 -0.0553092956542969
-0.0206527709960938 0.128654479980469 0.021881103515625 -0.0397453308105469
0.0367050170898438 0.103302001953125 0.0111427307128906 -0.0434646606445313
0.107200622558594 0.0582809448242188 -0.00579452514648437 -0.0250873565673828
0.102218627929688 -0.0359649658203125 -0.0110092163085937 -0.0221214294433594
0.0598297119140625 -0.094573974609375 -0.000926971435546871 -0.0111169815063477
-0.0306167602539062 -0.117607116699219 -0.0188980102539063 -0.0177726745605469
-0.0854110717773438 -0.0973892211914063 -0.0213909149169922 -0.0102062225341797
-0.077423095703125 -0.0955123901367188 -0.0143938064575195 -0.00207042694091797
-0.0938568115234375 -0.0994033813476562 -0.0148344039916992 -0.0166025161743164
-0.051025390625 -0.117332458496094 -0.0116395950317383 -0.0175189971923828
0.0198135375976562 -0.125984191894531 0.00520038604736328 -0.0135374069213867
0.0827865600585938 -0.0789718627929688 0.0147886276245117 -0.0128622055053711
0.121383666992188 0.0228729248046875 0.0126810073852539 0.00556850433349609
0.0891036987304688 0.0828628540039063 -0.00139474868774413 0.00205457210540772
0.0126266479492187 0.122421264648437 -0.00639533996582031 -0.0232925415039062
-0.02838134765625 0.123039245605469 0.0146160125732422 0.00183200836181641
0.0210189819335938 0.101890563964844 0.0115280151367188 -0.0181179046630859
0.0928573608398438 0.0709304809570313 -0.014923095703125 -0.012059211730957
0.104248046875 -0.0199661254882813 -0.0234889984130859 0.00261878967285156
0.0717926025390625 -0.0852127075195313 -0.00389671325683593 0.0264205932617187
-0.0175628662109375 -0.121200561523437 0.00240135192871094 0.0223655700683594
-0.0768508911132812 -0.102706909179688 0.0176162719726562 0.0199527740478516
-0.0754928588867188 -0.0970840454101563 0.0232830047607422 0.0206756591796875
-0.095611572265625 -0.099273681640625 0.0208282470703125 0.00867080688476562
-0.0581588745117188 -0.114273071289062 0.0144634246826172 0.0149545669555664
0.00934600830078126 -0.12786865234375 0.0186882019042969 0.0161018371582031
0.0746307373046875 -0.0878219604492188 0.0151948928833008 0.0130472183227539
0.125961303710938 0.01251220703125 0.00964355468750001 0.0248928070068359
0.0978164672851563 0.0803985595703125 0.00467681884765626 0.0263957977294922
0.0205917358398437 0.127777099609375 -0.0112705230712891 0.0165853500366211
-0.0304489135742188 0.09759521484375 0.00146102905273437 0.038848876953125
0.00469970703125 0.0822525024414063 0.00387835502624512 0.00157403945922852
0.0625457763671875 0.0679473876953125 -0.0309410095214844 -0.00622749328613281
0.0835647583007813 -0.00257110595703125 -0.0445976257324219 0.021148681640625
0.0674591064453125 -0.060028076171875 -0.0171661376953125 0.0581626892089844
-0.0039215087890625 -0.101058959960938 0.0141754150390625 0.0617103576660156
-0.0577011108398437 -0.0898895263671875 0.0512542724609375 0.0503005981445312
-0.0621414184570313 -0.084259033203125 0.0576820373535156 0.0404281616210937
-0.0819320678710937 -0.0864791870117188 0.0558929443359375 0.029296875
-0.0521392822265625 -0.0976104736328125 0.0425987243652344 0.0403404235839844
0.00436401367187499 -0.1103515625 0.0352973937988281 0.0396766662597656
0.0604934692382813 -0.0783233642578125 0.0223407745361328 0.034210205078125
0.108924865722656 0.00646209716796875 0.0147438049316406 0.0434417724609375
0.0883331298828125 0.068450927734375 0.0173530578613281 0.0525169372558594
0.0219802856445312 0.113121032714844 -0.0120124816894531 0.0581817626953125
-0.0241928100585937 0.0607070922851562 -0.0103988647460938 0.0649452209472656
-0.0056915283203125 0.0521621704101562 -0.00548839569091797 0.0128040313720703
0.0278205871582031 0.0496559143066406 -0.0463600158691406 -0.00713348388671874
0.0489044189453125 0.00854110717773438 -0.0642051696777344 0.0309829711914062
0.0455513000488281 -0.0297203063964844 -0.0323410034179688 0.0785751342773437
0.00360870361328125 -0.0639877319335937 0.020538330078125 0.0918807983398438
-0.0315093994140625 -0.0615348815917969 0.0747756958007813 0.0745849609375
-0.0386276245117188 -0.0591659545898438 0.0835189819335938 0.0535202026367188
-0.0540390014648438 -0.0629844665527344 0.0832672119140625 0.0447463989257813
-0.0352058410644531 -0.069854736328125 0.0649642944335938 0.058502197265625
0.00420379638671875 -0.0782928466796875 0.0477371215820312 0.055755615234375
0.0423240661621094 -0.05572509765625 0.0285072326660156 0.049896240234375
0.0761642456054688 0.00341033935546875 0.0211639404296875 0.0573577880859375
0.0625 0.0470199584960937 0.02947998046875 0.0758438110351563
0.0173492431640625 0.0792465209960938 -0.011871337890625 0.0948028564453125
-0.0140476226806641 -0.0268936157226563 0.00246429443359375 -0.119430541992188
-0.0236454010009766 -0.0147857666015625 -0.0324859619140625 -0.0893402099609375
-0.0325794219970703 0.00630187988281251 -0.0311317443847656 -0.0534744262695312
-0.0200634002685547 0.0298862457275391 -0.0281219482421875 -0.0585746765136719
-0.00322532653808593 0.0346851348876953 -0.0462379455566406 -0.0671310424804688
0.0174293518066406 0.0339851379394531 -0.079681396484375 -0.060943603515625
0.0158882141113281 0.0258255004882812 -0.106735229492187 -0.0490341186523438
0.0108528137207031 0.0235996246337891 -0.0974807739257813 -0.05560302734375
0.00631904602050781 0.0250091552734375 -0.0803298950195312 -0.0872955322265625
-0.00708866119384766 0.0145425796508789 -0.0254592895507813 -0.110038757324219
-0.0148458480834961 0.00195598602294922 0.0305099487304688 -0.090301513671875
-0.00741291046142578 -0.0123519897460938 0.0647239685058594 -0.0439338684082031
0.00592994689941407 -0.0230636596679688 0.0573310852050781 0.0050048828125
0.0167980194091797 -0.0187568664550781 0.0178928375244141 -0.0163059234619141
0.0163822174072266 -0.0250835418701172 0.0279464721679688 -0.0796279907226563
-0.00615501403808594 0.0294685363769531 0.007232666015625 -0.12548828125
0.0073394775390625 0.0186424255371094 -0.02789306640625 -0.0943603515625
0.0153493881225586 0.00857353210449219 -0.0264091491699219 -0.0549659729003906
0.00928020477294922 -0.00145244598388672 -0.0259437561035156 -0.0625228881835938
0.00269794464111328 -0.0089874267578125 -0.0393257141113281 -0.0695991516113281
-0.00875949859619141 -0.00848197937011719 -0.0802993774414063 -0.0660476684570312
-0.0237751007080078 -0.00811195373535156 -0.107124328613281 -0.0524978637695313
-0.0205287933349609 -0.0137405395507813 -0.0952987670898438 -0.053955078125
-0.0237579345703125 -0.0177898406982422 -0.0802841186523437 -0.0847930908203125
-0.0109710693359375 -0.0310726165771484 -0.0310134887695312 -0.106842041015625
0.00916862487792969 -0.0322761535644531 0.023956298828125 -0.088775634765625
0.0285282135009766 -0.0188198089599609 0.0609054565429688 -0.0496673583984375
0.0339984893798828 0.00386428833007812 0.0570755004882813 -0.00087738037109375
0.0279216766357422 0.0147342681884766 0.0176048278808594 -0.0200004577636719
0.00742721557617188 0.0197105407714844 0.0250473022460938 -0.082763671875
-0.004241943359375 0.0787811279296875 0.0145950317382812 -0.111503601074219
0.031646728515625 0.0544204711914063 -0.015380859375 -0.0873184204101563
0.0616340637207031 0.0192680358886719 -0.0165176391601562 -0.0508041381835937
0.0438880920410156 -0.0265846252441406 -0.0179290771484375 -0.0587501525878906
0.0167350769042969 -0.0514297485351563 -0.0265731811523437 -0.0632553100585938
-0.0290908813476563 -0.0535125732421875 -0.0678787231445313 -0.0635604858398438
-0.05780029296875 -0.0435638427734375 -0.091217041015625 -0.0474777221679687
-0.0485916137695313 -0.0497322082519531 -0.0790328979492187 -0.0419845581054688
-0.0536727905273438 -0.0562896728515625 -0.069610595703125 -0.0685653686523438
-0.0207366943359375 -0.0730514526367188 -0.0356674194335938 -0.0856552124023438
0.0247726440429688 -0.0703887939453125 0.0100173950195313 -0.0745849609375
0.0599861145019531 -0.0343246459960938 0.0439949035644531 -0.050384521484375
0.0667877197265625 0.0219612121582031 0.0453414916992188 -0.009521484375
0.0446662902832031 0.0464859008789063 0.0107975006103516 -0.0209445953369141
0.00306320190429687 0.0627784729003906 0.0154953002929687 -0.0756683349609375
-0.00920867919921876 0.1143798828125 0.020721435546875 -0.0813980102539063
0.043121337890625 0.0853805541992188 -0.000408172607421879 -0.0695724487304688
0.0960922241210938 0.0366592407226563 -0.00815200805664062 -0.0402488708496094
0.0783157348632813 -0.040435791015625 -0.0110588073730469 -0.0449295043945312
0.036895751953125 -0.0832672119140625 -0.0105743408203125 -0.0434608459472656
-0.0375900268554688 -0.0930023193359375 -0.0452079772949219 -0.0467491149902344
-0.0799179077148438 -0.0748977661132813 -0.0605354309082031 -0.0335769653320313
-0.0690460205078125 -0.0775680541992187 -0.0506439208984375 -0.0236015319824219
-0.07928466796875 -0.083709716796875 -0.0477256774902344 -0.043487548828125
-0.0371017456054688 -0.103195190429688 -0.03033447265625 -0.0531463623046875
0.026031494140625 -0.10479736328125 0.000904083251953128 -0.0473861694335938
0.0782546997070313 -0.0585403442382813 0.0243453979492188 -0.0370140075683594
0.0995330810546875 0.0267791748046875 0.0270175933837891 -0.00824165344238281
0.0686454772949219 0.07000732421875 0.0020132064819336 -0.0147466659545898
0.00671386718750001 0.0989532470703125 0.00304794311523438 -0.0557212829589844
-0.01812744140625 0.129791259765625 0.0211715698242187 -0.0402641296386719
0.0384292602539063 0.103096008300781 0.0099945068359375 -0.0431785583496094
0.10858154296875 0.05633544921875 -0.00596046447753906 -0.0249385833740234
0.101699829101563 -0.0377426147460938 -0.0111141204833984 -0.0221805572509766
0.058258056640625 -0.0963211059570313 -0.00116539001464843 -0.0109405517578125
-0.0331268310546875 -0.117500305175781 -0.0187721252441406 -0.0173759460449219
-0.086761474609375 -0.0958175659179688 -0.02191162109375 -0.0102748870849609
-0.0793609619140625 -0.09393310546875 -0.0142784118652344 -0.00174903869628907
-0.0954437255859375 -0.0978164672851562 -0.0156536102294922 -0.0166244506835938
-0.052978515625 -0.116355895996094 -0.0121669769287109 -0.0171737670898438
0.01702880859375 -0.12652587890625 0.00466728210449219 -0.0137214660644531
0.0815353393554687 -0.08111572265625 0.0136508941650391 -0.013178825378418
0.122398376464844 0.0199508666992188 0.0125532150268555 0.00495815277099609
0.0909576416015625 0.0807647705078125 -0.00105643272399902 0.00223207473754883
0.0151519775390625 0.122512817382813 -0.00668525695800781 -0.0233325958251953
-0.025909423828125 0.123825073242188 0.0147552490234375 0.00133514404296876
0.0229644775390625 0.101829528808594 0.0112781524658203 -0.0181045532226562
0.0951614379882813 0.0693511962890625 -0.0149774551391602 -0.0117979049682617
0.104110717773437 -0.0221939086914062 -0.0233268737792969 0.00284004211425781
0.0704803466796875 -0.0870819091796875 -0.00321769714355468 0.0262851715087891
-0.0198440551757813 -0.120735168457031 0.00275611877441406 0.0221710205078125
-0.0792160034179687 -0.101181030273438 0.0178775787353516 0.0195159912109375
-0.07745361328125 -0.0957565307617187 0.0238018035888672 0.0204505920410156
-0.09783935546875 -0.0974349975585938 0.0211296081542969 0.00838088989257812
-0.060699462890625 -0.113204956054688 0.0148372650146484 0.0150279998779297
0.006866455078125 -0.128135681152344 0.0187110900878906 0.0161209106445312
0.0732421875 -0.0896682739257813 0.0152072906494141 0.0124588012695312
0.1263427734375 0.00977325439453125 0.00985336303710938 0.0246162414550781
0.0996780395507813 0.0788345336914063 0.00503540039062501 0.0260295867919922
0.02362060546875 0.128280639648438 -0.0109186172485352 0.0167102813720703
-0.0286941528320312 0.0984039306640625 0.00240707397460938 0.0386924743652344
0.00634002685546876 0.0828628540039063 0.00400328636169434 0.00150322914123536
0.0641555786132813 0.0666351318359375 -0.0309371948242187 -0.00550460815429687
0.0835952758789063 -0.00421905517578125 -0.0440177917480469 0.0219497680664063
0.0663032531738281 -0.0618858337402344 -0.0161514282226562 0.0585403442382813
-0.00640869140625 -0.101394653320313 0.0153350830078125 0.0619239807128906
-0.05950927734375 -0.0889968872070312 0.0521392822265625 0.0494842529296875
-0.0638046264648437 -0.083648681640625 0.0587196350097656 0.0391349792480469
-0.0836639404296875 -0.0849151611328125 0.0565567016601562 0.0283546447753906
-0.054107666015625 -0.0964813232421875 0.0431060791015625 0.0398139953613281
0.00213623046875 -0.110542297363281 0.0362815856933594 0.0393104553222656
0.0591888427734375 -0.0798416137695313 0.0229568481445313 0.0340785980224609
0.1094970703125 0.00423431396484375 0.0153274536132813 0.0428962707519531
0.0900192260742187 0.0671539306640625 0.0184745788574219 0.0519485473632813
0.02447509765625 0.113334655761719 -0.0108642578125 0.0583305358886719
-0.0232391357421875 0.0612449645996094 -0.00901031494140626 0.0647964477539063
-0.00455474853515625 0.0524253845214844 -0.0046701431274414 0.0127944946289063
0.0290565490722656 0.0492591857910156 -0.0458526611328125 -0.00621795654296874
0.0493087768554688 0.00715255737304688 -0.0636672973632813 0.0325698852539063
0.0450630187988281 -0.0310897827148438 -0.0307998657226562 0.079315185546875
0.00234222412109376 -0.0644950866699219 0.0219879150390625 0.0915679931640625
-0.0328025817871094 -0.0609550476074219 0.0762405395507813 0.0724334716796875
-0.040374755859375 -0.0586967468261719 0.0848312377929688 0.0520706176757812
-0.0557365417480469 -0.0617828369140625 0.0840682983398438 0.0433273315429687
-0.0366897583007813 -0.0688743591308594 0.0660247802734375 0.0577354431152344
0.0028533935546875 -0.0784759521484375 0.0488090515136719 0.0548973083496094
0.0418281555175781 -0.0564117431640625 0.0289649963378906 0.0493125915527344
0.0766067504882812 0.0019073486328125 0.0222625732421875 0.056488037109375
0.0631752014160156 0.0459747314453125 0.03106689453125 0.0750198364257813
0.0187606811523438 0.079620361328125 -0.00968170166015625 0.0947952270507812
-0.0143604278564453 -0.0268516540527344 0.000267028808593737 -0.119781494140625
-0.0243129730224609 -0.0145969390869141 -0.0341873168945313 -0.08843994140625
-0.0323734283447266 0.00686836242675782 -0.0323867797851562 -0.0527114868164063
-0.0194625854492188 0.0302410125732422 -0.0287246704101563 -0.0580825805664063
-0.00249099731445313 0.0352783203125 -0.0473594665527344 -0.0659408569335938
0.0185604095458984 0.0333652496337891 -0.0812835693359375 -0.0596771240234375
0.0163860321044922 0.0256366729736328 -0.107429504394531 -0.0470199584960937
0.0113449096679687 0.0235233306884766 -0.0983657836914063 -0.0538177490234375
0.00674247741699219 0.0248222351074219 -0.0822601318359375 -0.0856246948242188
-0.006927490234375 0.0145196914672852 -0.0276870727539062 -0.110061645507812
-0.0149736404418945 0.00253486633300781 0.0285491943359375 -0.0908355712890625
-0.00770378112792969 -0.0126008987426758 0.0635032653808594 -0.0447311401367187
0.00519943237304687 -0.0233440399169922 0.0573234558105469 0.00448226928710937
0.0167713165283203 -0.0191841125488281 0.0170755386352539 -0.0164518356323242
0.0160160064697266 -0.0255584716796875 0.02606201171875 -0.079681396484375
-0.00555038452148438 0.0293235778808594 0.00487518310546875 -0.125518798828125
0.00775718688964844 0.0180931091308594 -0.0301513671875 -0.0938339233398437
0.0154628753662109 0.00850391387939453 -0.0269622802734375 -0.0544471740722656
0.00907611846923828 -0.00136184692382812 -0.0263481140136719 -0.0616950988769531
0.0027918815612793 -0.00874090194702148 -0.0404243469238281 -0.0691108703613281
-0.00926971435546875 -0.0086517333984375 -0.0814666748046875 -0.06494140625
-0.0240249633789063 -0.00743484497070313 -0.107704162597656 -0.0502090454101563
-0.0208015441894531 -0.0127735137939453 -0.0965042114257813 -0.0516510009765625
-0.0241775512695313 -0.0175895690917969 -0.0820083618164063 -0.0831069946289063
-0.0113677978515625 -0.0306968688964844 -0.0333480834960938 -0.106399536132812
0.00852203369140625 -0.0329494476318359 0.0220947265625 -0.0893707275390625
0.0288581848144531 -0.0192661285400391 0.0599365234375 -0.0506134033203125
0.0339508056640625 0.00276947021484375 0.0573844909667969 -0.00219345092773438
0.0278568267822266 0.0142078399658203 0.0164508819580078 -0.019866943359375
0.00757789611816407 0.0193576812744141 0.0232925415039062 -0.0833587646484375
-0.003082275390625 0.0789337158203125 0.011962890625 -0.112068176269531
0.0324020385742188 0.0538063049316406 -0.01708984375 -0.0870208740234375
0.0620040893554687 0.0176315307617187 -0.0176658630371094 -0.0503044128417969
0.0435295104980469 -0.0276679992675781 -0.0189933776855469 -0.0583076477050781
0.015655517578125 -0.0518035888671875 -0.0269660949707031 -0.0630836486816406
-0.0302505493164063 -0.0526542663574219 -0.0692100524902344 -0.0621223449707031
-0.0583915710449219 -0.0425872802734375 -0.0914459228515625 -0.0458831787109375
-0.0496139526367188 -0.048797607421875 -0.0798873901367188 -0.0407180786132812
-0.0547866821289063 -0.0552711486816406 -0.0708770751953125 -0.0671157836914063
-0.0222015380859375 -0.0723953247070313 -0.0369491577148438 -0.0848541259765625
0.0234603881835938 -0.07080078125 0.008514404296875 -0.0742645263671875
0.0595588684082031 -0.0357322692871094 0.0429573059082031 -0.0511741638183594
0.0671958923339844 0.0212631225585938 0.0449485778808594 -0.0101890563964844
0.045654296875 0.0454330444335938 0.010223388671875 -0.0211639404296875
0.00401687622070312 0.0631179809570313 0.013946533203125 -0.076171875
-0.00638580322265624 0.114982604980469 0.0185470581054688 -0.081939697265625
0.0442428588867187 0.0846786499023438 -0.00199508666992187 -0.0692329406738281
0.0975341796875 0.0347213745117188 -0.00849151611328124 -0.0396385192871094
0.0772247314453125 -0.0418777465820313 -0.0113906860351562 -0.044891357421875
0.0357131958007813 -0.0844192504882813 -0.0112342834472656 -0.04339599609375
-0.0398330688476563 -0.09197998046875 -0.0463218688964844 -0.04644775390625
-0.0814285278320313 -0.0732803344726563 -0.06097412109375 -0.0322799682617188
-0.0708160400390625 -0.0760726928710937 -0.0508041381835938 -0.0223731994628906
-0.0807037353515625 -0.082275390625 -0.0483207702636719 -0.0422286987304688
-0.03948974609375 -0.102005004882812 -0.0313682556152344 -0.0527610778808594
0.02392578125 -0.105262756347656 0.000129699707031255 -0.0467872619628906
0.077606201171875 -0.060089111328125 0.0239410400390625 -0.0379714965820313
0.100044250488281 0.0245285034179688 0.0264644622802734 -0.00885581970214844
0.0697441101074219 0.0681991577148438 0.00168514251708985 -0.014735221862793
0.00881195068359376 0.099578857421875 0.00241851806640625 -0.0556831359863281
-0.0155868530273437 0.130409240722656 0.0203018188476563 -0.0406227111816406
0.0408172607421875 0.102142333984375 0.00925064086914063 -0.0442123413085937
0.110000610351563 0.053863525390625 -0.00611877441406249 -0.0243968963623047
0.101005554199219 -0.0394821166992187 -0.0114803314208984 -0.0219459533691406
0.0564041137695313 -0.0977935791015625 -0.000999450683593746 -0.0115413665771484
-0.0355682373046875 -0.1168212890625 -0.0193138122558594 -0.0165729522705078
-0.0894393920898437 -0.09393310546875 -0.0217304229736328 -0.00936889648437501
-0.0811309814453125 -0.0924453735351563 -0.0145759582519531 -0.00155258178710938
-0.0977935791015625 -0.0956192016601563 -0.0157594680786133 -0.0162467956542969
-0.0553436279296875 -0.115364074707031 -0.0126018524169922 -0.0171575546264649
0.01446533203125 -0.126853942871094 0.00445175170898438 -0.0136127471923828
0.0799407958984375 -0.0825958251953125 0.013676643371582 -0.0138149261474609
0.123222351074219 0.0179901123046875 0.0126771926879883 0.00437164306640625
0.09222412109375 0.078826904296875 -0.00139486789703369 0.00218510627746582
0.0178604125976562 0.1229248046875 -0.00751495361328125 -0.023162841796875
-0.02374267578125 0.124618530273438 0.0144748687744141 0.000994682312011726
0.0250320434570312 0.101547241210937 0.0104999542236328 -0.0187339782714844
0.0969161987304688 0.0674057006835938 -0.0148515701293945 -0.0111312866210937
0.103889465332031 -0.0240097045898438 -0.0232181549072266 0.00375938415527344
0.069305419921875 -0.0882339477539063 -0.002288818359375 0.0260009765625
-0.0224075317382812 -0.120353698730469 0.00282859802246094 0.0222969055175781
-0.081878662109375 -0.0993423461914063 0.0181941986083984 0.0192222595214844
-0.0795440673828125 -0.0937652587890625 0.0243148803710938 0.0201301574707031
-0.0997314453125 -0.0949783325195312 0.0211734771728516 0.00810813903808593
-0.0625152587890625 -0.111900329589844 0.0147151947021484 0.0147247314453125
0.00430297851562499 -0.128456115722656 0.0192222595214844 0.0157241821289062
0.0712890625 -0.0910873413085938 0.0152883529663086 0.012202262878418
0.126754760742188 0.00737762451171875 0.0102462768554688 0.0240364074707031
0.101036071777344 0.076751708984375 0.00589179992675782 0.0258255004882813
0.02606201171875 0.127677917480469 -0.0103607177734375 0.0167770385742188
-0.0265884399414063 0.0996627807617188 0.00314712524414062 0.0383415222167969
0.00786590576171874 0.08233642578125 0.00405788421630859 0.00130844116210938
0.0659446716308594 0.0657539367675781 -0.0307903289794922 -0.00453376770019531
0.0837249755859375 -0.0059051513671875 -0.0433235168457031 0.0225410461425781
0.065032958984375 -0.0631523132324219 -0.014862060546875 0.0585556030273437
-0.0086212158203125 -0.1007080078125 0.0164985656738281 0.0614356994628906
-0.0613937377929687 -0.0874862670898437 0.0527153015136719 0.048248291015625
-0.0657424926757812 -0.0825347900390625 0.0597152709960937 0.0380210876464844
-0.0855636596679688 -0.08319091796875 0.0571060180664062 0.0277366638183594
-0.0564804077148437 -0.09564208984375 0.0439682006835938 0.0391960144042969
-8.39233398437591E-05 -0.11083984375 0.0366325378417969 0.0388984680175781
0.0579910278320313 -0.0808792114257813 0.0232391357421875 0.0334854125976562
0.109481811523437 0.00185394287109375 0.0158958435058594 0.0424766540527344
0.0913009643554688 0.0654525756835938 0.0195846557617188 0.0514373779296875
0.0266647338867188 0.11309814453125 -0.0096435546875 0.0586128234863281
-0.0219459533691406 0.0618858337402344 -0.00781631469726563 0.0650558471679688
-0.0034637451171875 0.0525360107421875 -0.00427722930908203 0.0125856399536133
0.0303497314453125 0.0488739013671875 -0.0459098815917969 -0.00526428222656249
0.0494956970214844 0.00603103637695312 -0.0626678466796875 0.0336875915527344
0.0443954467773438 -0.0323829650878906 -0.0294876098632813 0.0795364379882813
0.00118637084960938 -0.0642738342285156 0.02349853515625 0.0913314819335938
-0.0344009399414062 -0.0598068237304687 0.0773849487304688 0.0708541870117188
-0.0414085388183594 -0.0580101013183594 0.0853118896484375 0.0504684448242187
-0.0572586059570312 -0.0604019165039063 0.0848846435546875 0.0418701171875
-0.0382194519042969 -0.0683174133300781 0.0669059753417969 0.0560989379882812
0.00125885009765625 -0.0789108276367188 0.0499153137207031 0.05438232421875
0.0408401489257813 -0.0575790405273438 0.0301094055175781 0.0487937927246094
0.0769805908203125 0.00079345703125 0.0229835510253906 0.0557060241699219
0.0643692016601562 0.04449462890625 0.0325241088867188 0.07403564453125
0.0207290649414063 0.0794296264648438 -0.00757598876953125 0.0948638916015625
-0.0149517059326172 -0.0267772674560547 -0.00202941894531251 -0.1195068359375
-0.0242786407470703 -0.0143852233886719 -0.03619384765625 -0.0873336791992188
-0.0330753326416016 0.00715446472167969 -0.0331573486328125 -0.0518379211425781
-0.0191707611083984 0.0309562683105469 -0.0300483703613281 -0.0573768615722656
-0.001556396484375 0.0350093841552734 -0.0481986999511719 -0.0649833679199219
0.0193767547607422 0.0328197479248047 -0.081878662109375 -0.058380126953125
0.0168895721435547 0.0249748229980469 -0.107681274414063 -0.044403076171875
0.0118198394775391 0.0231437683105469 -0.099212646484375 -0.0516281127929687
0.00713348388671875 0.0244312286376953 -0.0835723876953125 -0.0839309692382813
-0.00683879852294922 0.0149030685424805 -0.0293731689453125 -0.109085083007813
-0.0150051116943359 0.00306892395019531 0.0269088745117188 -0.0910186767578125
-0.00797271728515625 -0.0118513107299805 0.0628433227539062 -0.0460357666015625
0.00440597534179688 -0.0232791900634766 0.0570487976074219 0.00339126586914062
0.0159492492675781 -0.0194053649902344 0.0166664123535156 -0.0165081024169922
0.015350341796875 -0.0258693695068359 0.024200439453125 -0.0800094604492188
-0.00488471984863281 0.0288448333740234 0.00206756591796875 -0.125419616699219
0.0079345703125 0.0182628631591797 -0.0316696166992187 -0.0922622680664063
0.0156774520874023 0.00782871246337891 -0.0276870727539062 -0.0535049438476563
0.00862979888916016 -0.00121927261352539 -0.0268287658691406 -0.0616683959960938
0.00258159637451172 -0.00936603546142578 -0.0418357849121094 -0.0682525634765625
-0.0090799331665039 -0.00813102722167969 -0.0825958251953125 -0.0634078979492188
-0.0239200592041016 -0.00714492797851562 -0.108543395996094 -0.0482406616210938
-0.0207500457763672 -0.0125598907470703 -0.0965728759765625 -0.0499801635742188
-0.02398681640625 -0.0167579650878906 -0.0835952758789063 -0.08154296875
-0.0121917724609375 -0.0302600860595703 -0.0353927612304687 -0.105262756347656
0.00789833068847656 -0.0325450897216797 0.02044677734375 -0.0895233154296875
0.0285739898681641 -0.0202445983886719 0.0587310791015625 -0.0518646240234375
0.0338611602783203 0.00231742858886719 0.0567665100097656 -0.00295639038085937
0.0277118682861328 0.0136489868164063 0.0165061950683594 -0.0199851989746094
0.00844955444335938 0.0193290710449219 0.0218505859375 -0.0833282470703125
-0.00139617919921875 0.0788345336914063 0.00959014892578126 -0.112258911132813
0.0330963134765625 0.0535812377929688 -0.0190658569335938 -0.0861358642578125
0.0620689392089844 0.0164642333984375 -0.0181503295898437 -0.0496330261230469
0.0429344177246094 -0.0284423828125 -0.0195236206054687 -0.0580520629882813
0.0144386291503906 -0.051971435546875 -0.0281906127929687 -0.0625267028808594
-0.0310707092285156 -0.0516548156738281 -0.0700302124023437 -0.0607070922851563
-0.0597267150878906 -0.041168212890625 -0.0921859741210938 -0.0437393188476562
-0.049957275390625 -0.0478782653808594 -0.0802459716796875 -0.0387802124023438
-0.055267333984375 -0.0538101196289062 -0.0724334716796875 -0.0654525756835938
-0.0233688354492188 -0.0715560913085938 -0.0387420654296875 -0.084136962890625
0.0221481323242188 -0.0707473754882813 0.00738525390624999 -0.0741348266601563
0.0585975646972656 -0.0368003845214844 0.0416908264160156 -0.0515670776367187
0.0675125122070313 0.019683837890625 0.0445632934570313 -0.0110206604003906
0.0460433959960938 0.0442695617675781 0.00937271118164063 -0.0213108062744141
0.00533676147460937 0.0624351501464844 0.0126724243164063 -0.0759124755859375
-0.00450897216796874 0.114936828613281 0.016998291015625 -0.0819549560546875
0.0458984375 0.083953857421875 -0.00327301025390625 -0.06927490234375
0.0979537963867188 0.0325851440429688 -0.00848388671875 -0.0392951965332031
0.07696533203125 -0.0430526733398438 -0.0121726989746094 -0.0445022583007813
0.0337142944335938 -0.0847244262695313 -0.0121307373046875 -0.0437240600585938
-0.04119873046875 -0.0907516479492188 -0.0468940734863281 -0.0451164245605469
-0.082916259765625 -0.071044921875 -0.0616264343261719 -0.0307655334472656
-0.0720367431640625 -0.0750274658203125 -0.0506515502929688 -0.0212211608886719
-0.0823135375976562 -0.0801162719726563 -0.0490684509277344 -0.0413322448730469
-0.0407791137695313 -0.101119995117188 -0.0322303771972656 -0.0517387390136719
0.0220184326171875 -0.105224609375 -0.0012054443359375 -0.0467376708984375
0.076385498046875 -0.0613021850585938 0.0233573913574219 -0.0385093688964844
0.100471496582031 0.0228958129882813 0.026275634765625 -0.00965118408203125
0.07098388671875 0.0667800903320313 0.00100517272949219 -0.0149002075195312
0.010833740234375 0.0991058349609375 0.000892639160156246 -0.0555152893066406
-0.0133438110351563 0.131050109863281 0.0196266174316406 -0.0408668518066406
0.0421600341796875 0.101593017578125 0.00821685791015626 -0.0439414978027344
0.111000061035156 0.0521926879882813 -0.00616264343261718 -0.0241298675537109
0.10052490234375 -0.0412521362304688 -0.011688232421875 -0.0216464996337891
0.0549468994140625 -0.0990676879882813 -0.00105571746826172 -0.0117673873901367
-0.0377426147460937 -0.116111755371094 -0.0198211669921875 -0.0162334442138672
-0.091064453125 -0.0920944213867187 -0.0220527648925781 -0.0092926025390625
-0.08306884765625 -0.090789794921875 -0.0138101577758789 -0.00119590759277344
-0.0988235473632812 -0.093017578125 -0.0160446166992188 -0.0156402587890625
-0.0577239990234375 -0.113845825195313 -0.0129308700561524 -0.0165500640869141
0.012237548828125 -0.126937866210937 0.00373458862304688 -0.0133342742919922
0.0788421630859375 -0.0836715698242188 0.0130882263183594 -0.0140256881713867
0.123199462890625 0.01495361328125 0.012303352355957 0.00395679473876953
0.0934219360351563 0.0766372680664062 -0.00109577178955078 0.00213325023651124
0.0200347900390625 0.122337341308594 -0.007659912109375 -0.0228385925292969
-0.0211105346679687 0.125274658203125 0.0146560668945312 0.000273704528808601
0.0267181396484375 0.100929260253906 0.0105094909667969 -0.0186824798583984
0.0980758666992188 0.065887451171875 -0.0146255493164062 -0.0108699798583984
0.102973937988281 -0.0259246826171875 -0.0227413177490234 0.00379753112792968
0.067474365234375 -0.0899200439453125 -0.00190544128417968 0.0258808135986328
-0.0247116088867187 -0.119331359863281 0.00314903259277344 0.0223751068115234
-0.0836639404296875 -0.0975265502929688 0.0186100006103516 0.0188217163085937
-0.081146240234375 -0.0924835205078125 0.0245361328125 0.0196990966796875
-0.101463317871094 -0.093170166015625 0.0211238861083984 0.00785446166992187
-0.0646743774414063 -0.11065673828125 0.0149049758911133 0.0148286819458008
0.00175476074218751 -0.128288269042969 0.0193119049072266 0.0159645080566406
0.0699310302734375 -0.0920562744140625 0.0152387619018555 0.0116872787475586
0.12689208984375 0.0047760009765625 0.0103816986083984 0.0235652923583984
0.10235595703125 0.0744247436523438 0.00604057312011719 0.0256118774414063
0.0286712646484375 0.127403259277344 -0.00992393493652343 0.0171575546264649
-0.0246734619140625 0.100379943847656 0.00391769409179687 0.0382080078125
0.0097503662109375 0.0823822021484375 0.00422906875610352 0.0010361671447754
0.0672111511230469 0.0643386840820313 -0.0303802490234375 -0.00380325317382812
0.0835952758789063 -0.0072784423828125 -0.0425071716308594 0.0235252380371094
0.0637969970703125 -0.0647125244140625 -0.0136032104492187 0.0583877563476563
-0.0106124877929688 -0.100372314453125 0.0172348022460938 0.0613784790039062
-0.063446044921875 -0.0861129760742187 0.0538139343261719 0.0469818115234375
-0.06689453125 -0.081085205078125 0.0602912902832031 0.0372314453125
-0.086639404296875 -0.0810165405273438 0.0575294494628906 0.0262908935546875
-0.0581817626953125 -0.0938568115234375 0.0444374084472656 0.0384292602539062
-0.00181579589843749 -0.1107177734375 0.037109375 0.0382003784179687
0.05609130859375 -0.0818634033203125 0.0235004425048828 0.0326557159423828
0.109748840332031 5.340576171875E-05 0.0165328979492188 0.0414848327636719
0.0921630859375 0.0635528564453125 0.020416259765625 0.0508689880371094
0.02899169921875 0.112533569335937 -0.00833892822265625 0.058837890625
-0.0208511352539062 0.0626258850097656 -0.00629425048828125 0.0649948120117188
-0.00284957885742188 0.0529708862304688 -0.00397014617919922 0.0127086639404297
0.0316162109375 0.0479507446289063 -0.0459442138671875 -0.00433731079101563
0.0492477416992187 0.00522232055664062 -0.0620193481445313 0.0344200134277344
0.043853759765625 -0.0329971313476563 -0.0280380249023437 0.0796890258789063
-0.000495910644531249 -0.0644302368164063 0.0249786376953125 0.0911483764648438
-0.0356979370117188 -0.0591163635253906 0.0778884887695313 0.0694122314453125
-0.042694091796875 -0.0569953918457031 0.0862045288085938 0.0486068725585937
-0.0580177307128906 -0.0589256286621094 0.0851593017578125 0.0403900146484375
-0.0396385192871094 -0.0674819946289063 0.0676383972167969 0.055267333984375
-0.000335693359375001 -0.0782699584960938 0.0504150390625 0.0534400939941406
0.0394401550292969 -0.0583267211914063 0.0303535461425781 0.0477180480957031
0.0771942138671875 -0.00104522705078125 0.0243644714355469 0.0549507141113281
0.0648689270019531 0.043365478515625 0.0338134765625 0.0729751586914063
0.0219497680664063 0.079010009765625 -0.00608825683593749 0.09466552734375
-0.0148067474365234 -0.0267868041992187 -0.00400543212890625 -0.119384765625
-0.0249786376953125 -0.0140953063964844 -0.0374603271484375 -0.0858383178710938
-0.0327377319335938 0.00805282592773438 -0.033935546875 -0.0511932373046875
-0.0183677673339844 0.0312595367431641 -0.0303688049316406 -0.0566596984863281
-0.00140762329101563 0.0352592468261719 -0.0492897033691406 -0.0643997192382813
0.0199394226074219 0.0324935913085938 -0.0826416015625 -0.0569610595703125
0.01739501953125 0.0248527526855469 -0.108482360839844 -0.0426101684570312
0.0124893188476563 0.0230026245117187 -0.0995407104492188 -0.0499114990234375
0.00802993774414063 0.0242729187011719 -0.0844573974609375 -0.0820770263671875
-0.00667190551757813 0.0148649215698242 -0.031524658203125 -0.108047485351563
-0.015162467956543 0.00322628021240234 0.02532958984375 -0.090789794921875
-0.00841331481933594 -0.0118980407714844 0.0617904663085938 -0.0462074279785156
0.00409889221191406 -0.0234012603759766 0.0567741394042969 0.00261688232421875
0.0152626037597656 -0.0198841094970703 0.0160846710205078 -0.0162973403930664
0.0148487091064453 -0.0260601043701172 0.0227584838867188 -0.080352783203125
-0.00435638427734375 0.0289497375488281 0.000106811523437495 -0.124732971191406
0.0079193115234375 0.0178508758544922 -0.0336990356445312 -0.0915069580078125
0.0153274536132812 0.00756072998046875 -0.0282478332519531 -0.0527687072753906
0.00923824310302734 -0.00189685821533203 -0.0280036926269531 -0.0606880187988281
0.0021820068359375 -0.00905036926269531 -0.0425834655761719 -0.0679740905761719
-0.00913715362548828 -0.00768661499023438 -0.082763671875 -0.0618209838867187
-0.0238800048828125 -0.00656509399414062 -0.1087646484375 -0.046173095703125
-0.0208644866943359 -0.0129032135009766 -0.097320556640625 -0.0484542846679688
-0.0239181518554688 -0.0163536071777344 -0.0847244262695313 -0.0797119140625
-0.0123462677001953 -0.0303363800048828 -0.0370330810546875 -0.104316711425781
0.00769805908203125 -0.0323848724365234 0.019256591796875 -0.0892105102539062
0.0277214050292969 -0.0199413299560547 0.0573310852050781 -0.0525436401367188
0.0337009429931641 0.00188064575195312 0.0562286376953125 -0.00402069091796875
0.0275688171386719 0.01318359375 0.0154075622558594 -0.0199832916259766
0.00848770141601563 0.0189971923828125 0.0202102661132812 -0.0836410522460938
0.000205993652343743 0.0786972045898438 0.00794219970703126 -0.112396240234375
0.0339584350585937 0.0527801513671875 -0.0207977294921875 -0.085693359375
0.0625534057617188 0.0156021118164063 -0.0187492370605469 -0.0488166809082031
0.0422744750976563 -0.0291900634765625 -0.0203399658203125 -0.0575485229492187
0.0139503479003906 -0.0522003173828125 -0.0289459228515625 -0.0622825622558594
-0.0320510864257813 -0.0508003234863281 -0.070648193359375 -0.0594558715820312
-0.0599861145019531 -0.0398941040039063 -0.092864990234375 -0.0422286987304688
-0.0507621765136719 -0.0470237731933594 -0.0808486938476563 -0.037322998046875
-0.056121826171875 -0.0526809692382812 -0.0729598999023438 -0.0642471313476562
-0.0241622924804688 -0.071319580078125 -0.0399169921875 -0.083038330078125
0.0207748413085937 -0.0707550048828125 0.00585174560546875 -0.073638916015625
0.0581016540527344 -0.0374603271484375 0.0409164428710938 -0.0526046752929688
0.0677986145019531 0.0184860229492188 0.0441932678222656 -0.0121421813964844
0.0465011596679688 0.0432052612304688 0.00852012634277344 -0.0217456817626953
0.00639724731445313 0.0624160766601563 0.0111618041992188 -0.07598876953125
-0.00231170654296876 0.114837646484375 0.01556396484375 -0.08245849609375
0.0468673706054688 0.0827713012695313 -0.00504684448242187 -0.0686149597167969
0.0982589721679688 0.0308837890625 -0.00904083251953124 -0.0387687683105469
0.0756454467773437 -0.0445556640625 -0.0127830505371094 -0.0444259643554687
0.0329132080078125 -0.0855331420898438 -0.0124855041503906 -0.0432357788085938
-0.0423431396484375 -0.0897216796875 -0.0473823547363281 -0.0443611145019531
-0.0839691162109375 -0.0692977905273438 -0.0616455078125 -0.0295753479003906
-0.0727691650390625 -0.0735549926757812 -0.0507965087890625 -0.0205841064453125
-0.0829315185546875 -0.0785980224609375 -0.0498161315917969 -0.0401458740234375
-0.0419845581054687 -0.0994415283203125 -0.0332221984863281 -0.050933837890625
0.0202255249023438 -0.105361938476563 -0.00214004516601562 -0.0466575622558594
0.07525634765625 -0.0623245239257812 0.0221900939941406 -0.0382080078125
0.100791931152344 0.0213470458984375 0.0255928039550781 -0.0101165771484375
0.0711212158203125 0.0645523071289063 -1.33514404296818E-05 -0.0149984359741211
0.0125350952148438 0.0982208251953125 0.00024795532226563 -0.0553665161132812
-0.011138916015625 0.130447387695313 0.0182037353515625 -0.0417671203613281
0.0439529418945313 0.100807189941406 0.00742721557617188 -0.0437812805175781
0.111907958984375 0.050201416015625 -0.00598526000976562 -0.0236530303955078
0.099365234375 -0.0431442260742188 -0.0112323760986328 -0.0211811065673828
0.0531387329101563 -0.099456787109375 -0.00127029418945312 -0.0116100311279297
-0.0392608642578125 -0.114814758300781 -0.0204505920410156 -0.0155200958251953
-0.09271240234375 -0.09002685546875 -0.0219478607177734 -0.00838661193847657
-0.0841140747070313 -0.0890655517578125 -0.0139217376708984 -0.000617980957031254
-0.100028991699219 -0.0915298461914063 -0.0165233612060547 -0.0148439407348633
-0.059326171875 -0.112098693847656 -0.0131244659423828 -0.0156650543212891
0.00998687744140624 -0.126502990722656 0.00337600708007813 -0.0133333206176758
0.077392578125 -0.08447265625 0.0126104354858399 -0.0143299102783203
0.123191833496094 0.0131683349609375 0.0122547149658203 0.00362110137939453
0.0940780639648437 0.07464599609375 -0.00141048431396484 0.00163888931274415
0.0219497680664063 0.122032165527344 -0.00758743286132812 -0.0229644775390625
-0.019134521484375 0.1253662109375 0.0145978927612305 0.000147819519042976
0.028289794921875 0.100448608398437 0.009979248046875 -0.0185012817382812
0.09942626953125 0.0635452270507813 -0.0144596099853516 -0.0101089477539063
0.102798461914063 -0.0275955200195313 -0.0225410461425781 0.00402450561523438
0.06585693359375 -0.0909881591796875 -0.00150489807128906 0.0256137847900391
-0.0263137817382813 -0.118736267089844 0.00318145751953125 0.0223178863525391
-0.0850143432617187 -0.0956802368164063 0.0187416076660156 0.0185890197753906
-0.082611083984375 -0.090789794921875 0.0250473022460938 0.0189838409423828
-0.102577209472656 -0.0907440185546875 0.020965576171875 0.00795555114746093
-0.0665435791015625 -0.108390808105469 0.0151262283325195 0.0145807266235352
-0.000289916992187511 -0.127799987792969 0.0190677642822266 0.0156021118164062
0.0685348510742188 -0.0931320190429688 0.0148715972900391 0.0114154815673828
0.126747131347656 0.0026702880859375 0.010467529296875 0.0231437683105469
0.10296630859375 0.0727691650390625 0.00613021850585938 0.0249958038330078
0.0303878784179688 0.126792907714844 -0.00965213775634766 0.0170202255249024
-0.0229110717773438 0.100601196289063 0.00431442260742187 0.0381698608398438
0.0107192993164062 0.0821609497070313 0.00402736663818359 0.00111770629882813
0.0685768127441406 0.0627365112304688 -0.0302448272705078 -0.00321769714355468
0.0832366943359375 -0.00901031494140625 -0.0422592163085937 0.0239448547363281
0.0628471374511719 -0.06585693359375 -0.0125770568847656 0.0585594177246094
-0.0117340087890625 -0.100120544433594 0.0180816650390625 0.0606803894042969
-0.064666748046875 -0.0844650268554688 0.0538864135742187 0.0463523864746094
-0.0679779052734375 -0.0796279907226562 0.0606040954589844 0.0359992980957031
-0.0879287719726563 -0.0791168212890625 0.0572853088378906 0.025726318359375
-0.0594482421875 -0.092376708984375 0.0446548461914063 0.0380706787109375
-0.00403594970703126 -0.110145568847656 0.037506103515625 0.0374603271484375
0.05511474609375 -0.0826263427734375 0.02362060546875 0.0321903228759765
0.109725952148438 -0.00177764892578125 0.0170745849609375 0.040985107421875
0.0925750732421875 0.0616378784179688 0.0210838317871094 0.0502128601074219
0.0309066772460938 0.112060546875 -0.00736236572265625 0.0583877563476563
-0.0198326110839844 0.0631370544433594 -0.00487518310546875 0.0646858215332031
-0.00168609619140625 0.0527801513671875 -0.00346755981445313 0.0127382278442383
0.0328254699707031 0.0474853515625 -0.0452461242675781 -0.00360870361328124
0.04962158203125 0.0039520263671875 -0.061126708984375 0.0350341796875
0.0430488586425781 -0.0338668823242188 -0.0264129638671875 0.0797195434570313
-0.00152587890625 -0.0641326904296875 0.0262603759765625 0.0901947021484375
-0.03680419921875 -0.0580711364746094 0.0791397094726563 0.06768798828125
-0.0437202453613281 -0.0561408996582031 0.086700439453125 0.0473175048828125
-0.0587158203125 -0.0580177307128906 0.0856475830078125 0.038818359375
-0.0406417846679688 -0.066375732421875 0.0682716369628906 0.0544815063476563
-0.00159454345703125 -0.0786361694335937 0.0510368347167969 0.0528221130371094
0.0386848449707031 -0.058868408203125 0.0315895080566406 0.0471878051757813
0.0771713256835938 -0.00232696533203125 0.0246009826660156 0.0541038513183594
0.0654258728027344 0.0424232482910156 0.034942626953125 0.0718917846679687
0.023223876953125 0.0788955688476563 -0.00455474853515624 0.0947723388671875
-0.0151538848876953 -0.0265903472900391 -0.00594329833984374 -0.118980407714844
-0.0253543853759766 -0.0140285491943359 -0.0385284423828125 -0.0844192504882813
-0.0328292846679687 0.00855636596679688 -0.0341262817382812 -0.0498504638671875
-0.0176677703857422 0.0313472747802734 -0.0311546325683594 -0.0565261840820313
-0.000556945800781246 0.0353126525878906 -0.0496406555175781 -0.0633964538574219
0.0199775695800781 0.0319385528564453 -0.0826492309570313 -0.0558929443359375
0.0176296234130859 0.0246334075927734 -0.108268737792969 -0.041259765625
0.012664794921875 0.0226383209228516 -0.099578857421875 -0.0483932495117187
0.00834274291992188 0.0238075256347656 -0.085662841796875 -0.0804519653320313
-0.00579166412353515 0.0147933959960938 -0.0327529907226563 -0.106719970703125
-0.0144224166870117 0.0036163330078125 0.0240631103515625 -0.0909423828125
-0.00860881805419922 -0.0114278793334961 0.0602684020996094 -0.0470619201660156
0.00358963012695312 -0.0232658386230469 0.0564842224121094 0.0017852783203125
0.0150909423828125 -0.0202960968017578 0.0155324935913086 -0.0164289474487305
0.0146903991699219 -0.0266799926757813 0.0213546752929688 -0.07977294921875
-0.00351142883300781 0.0290603637695312 -0.0022430419921875 -0.124786376953125
0.00798797607421875 0.0177536010742188 -0.03472900390625 -0.0907516479492188
0.0154256820678711 0.00724315643310547 -0.0292816162109375 -0.0520362854003906
0.00864648818969727 -0.00166654586791992 -0.0286750793457031 -0.060089111328125
0.002716064453125 -0.00917530059814453 -0.0432205200195312 -0.0671195983886719
-0.00901412963867188 -0.00766372680664063 -0.0834884643554688 -0.0607833862304688
-0.0239448547363281 -0.00648498535156249 -0.109382629394531 -0.044189453125
-0.0208301544189453 -0.0118598937988281 -0.0974807739257813 -0.04669189453125
-0.0240669250488281 -0.0159797668457031 -0.0854034423828125 -0.0781478881835937
-0.0125942230224609 -0.0295467376708984 -0.038330078125 -0.103157043457031
0.0074462890625 -0.0321884155273438 0.0178604125976563 -0.0892868041992188
0.0275173187255859 -0.0200595855712891 0.0567741394042969 -0.05328369140625
0.0338077545166016 0.00121116638183594 0.0560569763183594 -0.00452041625976563
0.0278453826904297 0.0122451782226563 0.0147476196289063 -0.0198516845703125
0.0090484619140625 0.0189456939697266 0.018890380859375 -0.0835342407226563
0.00184631347656251 0.0780410766601563 0.005584716796875 -0.111701965332031
0.0341224670410156 0.0522384643554687 -0.0218353271484375 -0.0851211547851563
0.0624122619628906 0.0145149230957031 -0.0190582275390625 -0.0482864379882812
0.0413246154785156 -0.0292625427246094 -0.0212821960449219 -0.0573348999023438
0.0134735107421875 -0.0526580810546875 -0.0295028686523438 -0.061798095703125
-0.0325088500976563 -0.0502662658691406 -0.0713958740234375 -0.0582046508789063
-0.0603713989257812 -0.0385475158691406 -0.092864990234375 -0.0405426025390625
-0.0510597229003906 -0.0457763671875 -0.0802764892578125 -0.0358810424804688
-0.05645751953125 -0.051849365234375 -0.0741958618164063 -0.0625152587890625
-0.0252265930175781 -0.0701942443847656 -0.041290283203125 -0.0820465087890625
0.019805908203125 -0.071044921875 0.00498962402343751 -0.073455810546875
0.0572509765625 -0.037933349609375 0.0396881103515625 -0.052734375
0.067657470703125 0.0171470642089844 0.0436248779296875 -0.0126152038574219
0.0466804504394531 0.0422439575195313 0.00820350646972657 -0.0214195251464844
0.0077056884765625 0.0620689392089844 0.010406494140625 -0.0758514404296875
-0.000579833984375009 0.114913940429688 0.0141448974609375 -0.0821456909179687
0.047943115234375 0.082366943359375 -0.00597763061523438 -0.06842041015625
0.098541259765625 0.0296249389648438 -0.00917434692382812 -0.0386238098144531
0.074737548828125 -0.0450439453125 -0.0128097534179687 -0.0437889099121094
0.0310440063476562 -0.0859527587890625 -0.0131416320800781 -0.0433235168457031
-0.0433197021484375 -0.0885162353515625 -0.0478363037109375 -0.0433425903320313
-0.0846481323242187 -0.0680160522460938 -0.0620002746582031 -0.0285797119140625
-0.07379150390625 -0.0721664428710938 -0.0511436462402344 -0.0196533203125
-0.0835952758789063 -0.076995849609375 -0.0504875183105469 -0.0391120910644531
-0.0433349609375 -0.0991134643554688 -0.0340423583984375 -0.0501785278320313
0.018798828125 -0.105209350585938 -0.00254058837890625 -0.0457763671875
0.0745620727539063 -0.0631561279296875 0.0212860107421875 -0.038787841796875
0.100868225097656 0.0195465087890625 0.0252094268798828 -0.0108261108398437
0.0718765258789063 0.06341552734375 7.91549682617238E-05 -0.0148124694824219
0.0138702392578125 0.0979080200195312 -0.000766754150390625 -0.0551567077636719
-0.00865936279296874 0.131011962890625 0.0176467895507812 -0.0421218872070312
0.04473876953125 0.0996551513671875 0.00651168823242187 -0.0438499450683594
0.112457275390625 0.048309326171875 -0.00612258911132812 -0.0235538482666016
0.0985870361328125 -0.0439224243164063 -0.0117721557617187 -0.0211257934570313
0.051666259765625 -0.100128173828125 -0.00109672546386718 -0.0122394561767578
-0.041290283203125 -0.113655090332031 -0.0204887390136719 -0.0151920318603516
-0.0936813354492187 -0.0880203247070313 -0.0223178863525391 -0.00788688659667969
-0.085174560546875 -0.0872726440429688 -0.0135011672973633 -0.000379562377929691
-0.101249694824219 -0.089447021484375 -0.0170135498046875 -0.0144815444946289
-0.0607376098632812 -0.110862731933594 -0.0136547088623047 -0.015294075012207
0.0081939697265625 -0.125961303710938 0.00325870513916016 -0.0134239196777344
0.0756301879882812 -0.085845947265625 0.0119943618774414 -0.0146160125732422
0.123176574707031 0.0112228393554688 0.012242317199707 0.00315666198730469
0.0944366455078125 0.0735855102539063 -0.00147902965545654 0.00189018249511719
0.0241775512695313 0.121315002441406 -0.00778770446777343 -0.0228595733642578
-0.0168304443359375 0.125732421875 0.0145730972290039 -0.000460624694824211
0.0290908813476563 0.0999679565429688 0.00954627990722656 -0.0189495086669922
0.100250244140625 0.0618743896484375 -0.0143871307373047 -0.00977802276611328
0.102012634277344 -0.0287704467773437 -0.0223350524902344 0.00461578369140625
0.0647430419921875 -0.0921096801757813 -0.000778198242187496 0.0253314971923828
-0.0285263061523438 -0.117721557617188 0.00355720520019531 0.0223178863525391
-0.0863494873046875 -0.09381103515625 0.0189800262451172 0.0183219909667969
-0.0832901000976562 -0.0892333984375 0.0253963470458984 0.0185451507568359
-0.103263854980469 -0.0889968872070312 0.0210437774658203 0.00778007507324218
-0.0676422119140625 -0.107421875 0.0150794982910156 0.0144844055175781
-0.00234985351562501 -0.127120971679688 0.0193386077880859 0.0153217315673828
0.0670242309570313 -0.094024658203125 0.0151052474975586 0.0110712051391602
0.126266479492188 0.0009307861328125 0.0107269287109375 0.0228443145751953
0.103790283203125 0.0708541870117188 0.00645065307617188 0.0248298645019531
0.0327529907226562 0.126022338867188 -0.00905036926269531 0.0173053741455078
-0.0213470458984375 0.101142883300781 0.0052337646484375 0.0376663208007813
0.0119476318359375 0.0815963745117188 0.00426983833312988 0.000656604766845708
0.0694732666015625 0.0616798400878906 -0.0299205780029297 -0.00298881530761719
0.0831680297851563 -0.00988006591796875 -0.0416679382324219 0.0244407653808594
0.0617752075195313 -0.066436767578125 -0.0117835998535156 0.0580596923828125
-0.0137786865234375 -0.0991592407226562 0.0186309814453125 0.0604019165039062
-0.0657424926757813 -0.0828704833984375 0.0542106628417969 0.0453109741210937
-0.0689239501953125 -0.078033447265625 0.0607833862304687 0.0346565246582031
-0.0889053344726562 -0.07733154296875 0.0574150085449219 0.0251808166503906
-0.0609359741210938 -0.0911865234375 0.0451164245605469 0.0372428894042969
-0.00592803955078126 -0.110176086425781 0.0379524230957031 0.0372390747070312
0.05364990234375 -0.0834121704101563 0.0237522125244141 0.0316562652587891
0.109329223632813 -0.0037994384765625 0.0172119140625 0.0403404235839844
0.0934677124023438 0.0599822998046875 0.0218696594238281 0.0494842529296875
0.032501220703125 0.111221313476563 -0.00632476806640625 0.0584449768066406
-0.0187721252441406 0.063385009765625 -0.00407791137695313 0.0645637512207031
-0.00100708007812499 0.0527229309082031 -0.0028848648071289 0.01263427734375
0.0338592529296875 0.0465431213378906 -0.0449256896972656 -0.00300216674804687
0.0494499206542969 0.00339508056640625 -0.0609092712402344 0.0358810424804688
0.042449951171875 -0.0347213745117187 -0.0250778198242187 0.0799789428710938
-0.0027008056640625 -0.06353759765625 0.0269699096679688 0.0897445678710938
-0.037689208984375 -0.0572052001953125 0.0797348022460938 0.0667877197265625
-0.0442771911621094 -0.055328369140625 0.0873641967773438 0.0456924438476563
-0.0595474243164063 -0.0565147399902344 0.0861434936523438 0.0377044677734375
-0.0416488647460938 -0.0657730102539062 0.0687789916992188 0.0532035827636719
-0.00264739990234374 -0.0780410766601563 0.0518798828125 0.051849365234375
0.0378189086914063 -0.0594902038574219 0.0315132141113281 0.0467681884765625
0.0768280029296875 -0.0032196044921875 0.0251998901367188 0.0534934997558594
0.0656929016113281 0.0410842895507813 0.0357208251953125 0.0710830688476562
0.024749755859375 0.0779342651367188 -0.00251007080078124 0.0945358276367188
-0.0154018402099609 -0.0269603729248047 -0.00746154785156251 -0.118354797363281
-0.0257167816162109 -0.0138759613037109 -0.039215087890625 -0.084014892578125
-0.0327491760253906 0.0091552734375 -0.0342903137207031 -0.049591064453125
-0.0174770355224609 0.0315418243408203 -0.0315055847167969 -0.0557708740234375
-3.43322753906221E-05 0.0354118347167969 -0.0500907897949219 -0.0626945495605469
0.0209159851074219 0.0315017700195312 -0.0832061767578125 -0.0547332763671875
0.0182704925537109 0.0241069793701172 -0.108634948730469 -0.0395278930664062
0.0132579803466797 0.0225887298583984 -0.0999221801757813 -0.0468597412109375
0.0086212158203125 0.0235424041748047 -0.0864105224609375 -0.0789871215820313
-0.00527763366699219 0.0150623321533203 -0.034454345703125 -0.106277465820313
-0.014521598815918 0.00403785705566406 0.02288818359375 -0.0907135009765625
-0.00862884521484375 -0.0113449096679688 0.0596580505371094 -0.0477714538574219
0.00278472900390625 -0.0234336853027344 0.0564117431640625 0.00158309936523437
0.0144290924072266 -0.0201892852783203 0.0147600173950195 -0.0162410736083984
0.0142612457275391 -0.0266609191894531 0.020172119140625 -0.0797271728515625
-0.00295066833496094 0.0286026000976563 -0.00363159179687499 -0.124267578125
0.00812530517578125 0.0175485610961914 -0.0360488891601563 -0.0892715454101563
0.0150613784790039 0.00716781616210938 -0.0293083190917969 -0.0508842468261719
0.00882720947265625 -0.00148296356201172 -0.0292625427246094 -0.0599708557128906
0.00274181365966797 -0.00934314727783203 -0.0440483093261719 -0.0667686462402344
-0.00885963439941406 -0.00762557983398437 -0.0840530395507813 -0.05950927734375
-0.0238838195800781 -0.00569725036621094 -0.108879089355469 -0.04266357421875
-0.0203285217285156 -0.0117702484130859 -0.0974349975585938 -0.0455703735351562
-0.0241069793701172 -0.0155353546142578 -0.0863189697265625 -0.0764846801757813
-0.012786865234375 -0.0294227600097656 -0.0393753051757812 -0.102699279785156
0.00672721862792969 -0.0321731567382813 0.0164794921875 -0.088897705078125
0.0270118713378906 -0.0205726623535156 0.0551185607910156 -0.0538406372070312
0.0334625244140625 0.000932693481445313 0.0553817749023437 -0.00539779663085937
0.0278110504150391 0.0120658874511719 0.0144901275634766 -0.0197067260742187
0.00904464721679688 0.0184955596923828 0.0173492431640625 -0.0830535888671875
0.00255584716796875 0.0780792236328125 0.004241943359375 -0.111473083496094
0.0350189208984375 0.0511665344238281 -0.0235366821289062 -0.0839920043945313
0.0624160766601563 0.0134849548339844 -0.0191307067871094 -0.0476913452148437
0.0408287048339844 -0.029815673828125 -0.0215072631835937 -0.0561943054199219
0.012725830078125 -0.0530776977539063 -0.0300750732421875 -0.0613136291503906
-0.0327072143554687 -0.0494956970214844 -0.0713348388671875 -0.056793212890625
-0.0602836608886719 -0.0376396179199219 -0.0930633544921875 -0.03948974609375
-0.0513343811035156 -0.0449485778808594 -0.0804519653320313 -0.0353012084960938
-0.0569343566894531 -0.0512542724609375 -0.0746917724609375 -0.0611572265625
-0.0255699157714844 -0.0695075988769531 -0.0421295166015625 -0.0814208984375
0.0184860229492188 -0.0705490112304688 0.00415802001953125 -0.0735549926757813
0.0572624206542969 -0.038360595703125 0.0384712219238281 -0.0532035827636719
0.0677719116210938 0.016448974609375 0.0433692932128906 -0.0129318237304687
0.0470161437988281 0.0415687561035156 0.00776481628417969 -0.0213756561279297
0.00853347778320313 0.0616531372070312 0.00936889648437499 -0.074981689453125
0.00112915039062499 0.114418029785156 0.0131683349609375 -0.0816497802734375
0.0480422973632812 0.0815963745117188 -0.0074310302734375 -0.0677375793457031
0.0986251831054688 0.0279083251953125 -0.00940322875976562 -0.0376052856445313
0.0740890502929688 -0.0458297729492188 -0.0132789611816406 -0.0433158874511719
0.0303497314453125 -0.0860443115234375 -0.0133285522460938 -0.043670654296875
-0.0443878173828125 -0.0874099731445312 -0.0483016967773438 -0.0425453186035156
-0.08575439453125 -0.0662155151367188 -0.06243896484375 -0.0275382995605469
-0.0742721557617188 -0.0709915161132812 -0.0505943298339844 -0.0188674926757813
-0.0846328735351563 -0.0757904052734375 -0.0502510070800781 -0.038238525390625
-0.0442733764648438 -0.0977554321289063 -0.0345306396484375 -0.04937744140625
0.0176010131835938 -0.104652404785156 -0.0030670166015625 -0.0453567504882813
0.0738601684570313 -0.0637435913085938 0.0198783874511719 -0.0392341613769531
0.100669860839844 0.0181350708007813 0.0252094268798828 -0.0111236572265625
0.072235107421875 0.062591552734375 0.000409126281738285 -0.0147380828857422
0.01544189453125 0.0977249145507813 -0.00123977661132812 -0.0544624328613281
-0.00679779052734375 0.130577087402344 0.0174446105957031 -0.0420875549316406
0.0455856323242188 0.0989761352539062 0.00601577758789062 -0.0436172485351562
0.112831115722656 0.0464706420898438 -0.00635910034179687 -0.0227928161621094
0.0979843139648438 -0.0454177856445313 -0.0117626190185547 -0.0210781097412109
0.0505142211914063 -0.100944519042969 -0.00146675109863281 -0.0124120712280274
-0.0421295166015625 -0.112190246582031 -0.0207843780517578 -0.0146617889404297
-0.0944747924804688 -0.0864334106445312 -0.0222187042236328 -0.0077342987060547
-0.0864105224609375 -0.0863189697265625 -0.0134191513061523 -0.000288963317871102
-0.101699829101562 -0.0874252319335938 -0.0170106887817383 -0.0137338638305664
-0.0621109008789062 -0.110031127929687 -0.0138225555419922 -0.0150356292724609
0.00659942626953126 -0.125823974609375 0.00296115875244141 -0.0128049850463867
0.074554443359375 -0.08636474609375 0.0116643905639648 -0.0150880813598633
0.123046875 0.0094451904296875 0.0118341445922852 0.00296211242675781
0.0949020385742188 0.071685791015625 -0.0016716718673706 0.00144612789154053
0.025421142578125 0.120841979980469 -0.007965087890625 -0.0225887298583984
-0.0148544311523437 0.1258544921875 0.0143032073974609 -0.000639915466308586
0.030609130859375 0.0989532470703125 0.00950050354003906 -0.01861572265625
0.10052490234375 0.0603866577148438 -0.013981819152832 -0.00942707061767578
0.101387023925781 -0.029937744140625 -0.022216796875 0.00465965270996093
0.063079833984375 -0.0926513671875 -0.000341415405273431 0.0249767303466797
-0.029998779296875 -0.116874694824219 0.00378227233886718 0.0222320556640625
-0.0876312255859375 -0.0924148559570312 0.0189762115478516 0.0179195404052734
-0.0840835571289063 -0.0879974365234375 0.0256309509277344 0.0184707641601562
-0.1043701171875 -0.0872268676757813 0.0208110809326172 0.00772666931152343
-0.0687332153320312 -0.106063842773438 0.0150613784790039 0.0140714645385742
-0.0039825439453125 -0.126625061035156 0.0194206237792969 0.0151920318603516
0.0655746459960938 -0.0943145751953125 0.0150871276855469 0.0106611251831055
0.126121520996094 -0.00112152099609375 0.0107173919677734 0.0224132537841797
0.103965759277344 0.069549560546875 0.00677680969238282 0.0246181488037109
0.0340499877929688 0.125343322753906 -0.00893974304199218 0.0173511505126953
-0.0202865600585938 0.101104736328125 0.00571823120117187 0.0371780395507813
0.0128631591796875 0.0815353393554688 0.00427031517028809 0.000858545303344732
0.0701065063476563 0.0604400634765625 -0.0291633605957031 -0.00235748291015625
0.0828628540039063 -0.0109329223632813 -0.0410957336425781 0.0249519348144531
0.0607223510742187 -0.0674896240234375 -0.0106239318847656 0.0578727722167969
-0.0147933959960938 -0.0985946655273438 0.0191764831542969 0.0598983764648437
-0.0671844482421875 -0.0814743041992188 0.0544776916503906 0.0446624755859375
-0.0699996948242188 -0.077056884765625 0.06121826171875 0.034027099609375
-0.0892333984375 -0.0757980346679688 0.0575027465820313 0.0240974426269531
-0.0618209838867187 -0.0904159545898438 0.045501708984375 0.0365867614746094
-0.00688171386718751 -0.109405517578125 0.0384101867675781 0.0369873046875
0.052978515625 -0.08355712890625 0.0240612030029297 0.0313224792480469
0.109214782714844 -0.00478363037109375 0.0174751281738281 0.0396385192871094
0.0936050415039062 0.0592880249023437 0.0222244262695313 0.0487480163574219
0.034027099609375 0.110954284667969 -0.00519561767578124 0.0583229064941406
-0.0182838439941406 0.0639572143554688 -0.00298690795898438 0.0645027160644531
0.000217437744140623 0.0525703430175781 -0.00295829772949219 0.0126438140869141
0.0344810485839844 0.0455818176269531 -0.0443763732910156 -0.00199890136718749
0.04913330078125 0.00258255004882813 -0.0593109130859375 0.0365219116210938
0.0415763854980469 -0.0355148315429688 -0.0239715576171875 0.0792999267578125
-0.003692626953125 -0.0633010864257813 0.0279922485351563 0.089111328125
-0.0386505126953125 -0.056365966796875 0.0800704956054687 0.0648422241210938
-0.0452232360839844 -0.0540313720703125 0.087158203125 0.044586181640625
-0.0600547790527344 -0.0557785034179688 0.0860824584960938 0.036712646484375
-0.0419120788574219 -0.0649032592773437 0.0691032409667969 0.052520751953125
-0.00386810302734375 -0.077880859375 0.0521812438964844 0.0511589050292969
0.0369071960449219 -0.0594673156738281 0.0319557189941406 0.0460624694824219
0.0765914916992188 -0.004119873046875 0.0254478454589844 0.0528221130371094
0.0663223266601562 0.0407028198242187 0.0366477966308594 0.0695915222167969
0.0254364013671875 0.0780181884765625 -0.00157928466796875 0.0938949584960937
-0.0155849456787109 -0.0266323089599609 -0.00910949707031249 -0.117698669433594
-0.0253810882568359 -0.0138282775878906 -0.0402297973632813 -0.0828094482421875
-0.0325088500976563 0.00938034057617187 -0.0347518920898437 -0.0486412048339844
-0.0171470642089844 0.0317554473876953 -0.0315055847167969 -0.054656982421875
0.000696182250976561 0.0351295471191406 -0.0502586364746094 -0.0624008178710938
0.0211219787597656 0.0308990478515625 -0.0832443237304688 -0.0534820556640625
0.0188064575195313 0.0236530303955078 -0.107955932617188 -0.0382766723632812
0.0131053924560547 0.0221996307373047 -0.0996856689453125 -0.0456924438476563
0.00896835327148438 0.0236015319824219 -0.0871200561523438 -0.077789306640625
-0.00562763214111328 0.0150995254516602 -0.0351181030273437 -0.105735778808594
-0.0147180557250977 0.00398159027099609 0.021514892578125 -0.0905380249023438
-0.00864982604980469 -0.0109872817993164 0.0584945678710938 -0.0475616455078125
0.00282669067382812 -0.0230216979980469 0.0556106567382812 0.000930786132812498
0.0138626098632813 -0.0203781127929688 0.0142793655395508 -0.0162973403930664
0.0139484405517578 -0.0264167785644531 0.0190811157226563 -0.0791854858398438
-0.00259590148925781 0.0282611846923828 -0.00542449951171874 -0.123687744140625
0.0082550048828125 0.0172548294067383 -0.0367584228515625 -0.0881881713867187
0.0146770477294922 0.00695419311523438 -0.029693603515625 -0.0504531860351563
0.00858926773071289 -0.00193595886230469 -0.0291290283203125 -0.0591087341308594
0.00226402282714844 -0.00894546508789063 -0.0444984436035156 -0.0660858154296875
-0.0092926025390625 -0.00782012939453125 -0.0842208862304688 -0.0587844848632813
-0.0241470336914062 -0.00531196594238282 -0.109176635742188 -0.041351318359375
-0.0204811096191406 -0.0116195678710937 -0.0976486206054688 -0.044464111328125
-0.0239486694335937 -0.0154933929443359 -0.086944580078125 -0.0754318237304688
-0.0129470825195312 -0.02911376953125 -0.04052734375 -0.101325988769531
0.00662422180175781 -0.0318222045898438 0.0155181884765625 -0.088470458984375
0.0269546508789063 -0.0207386016845703 0.0546379089355469 -0.0539207458496094
0.033233642578125 0.000703811645507813 0.0549545288085938 -0.00571441650390625
0.0271549224853516 0.0113544464111328 0.0136489868164063 -0.0198268890380859
0.00935173034667969 0.0182628631591797 0.016387939453125 -0.0828170776367188
0.0042877197265625 0.0773849487304687 0.0025634765625 -0.111190795898438
0.0351638793945313 0.05108642578125 -0.024261474609375 -0.0831069946289063
0.0621566772460937 0.0128097534179688 -0.0193710327148437 -0.04736328125
0.0406036376953125 -0.030029296875 -0.0213737487792969 -0.0559463500976563
0.0121040344238281 -0.0526046752929688 -0.0306205749511719 -0.0615348815917969
-0.0331649780273437 -0.0489082336425781 -0.0719375610351562 -0.0562362670898438
-0.0607109069824219 -0.0370063781738281 -0.0930099487304688 -0.0378875732421875
-0.0514183044433594 -0.0444107055664062 -0.0801925659179687 -0.0335769653320312
-0.0569000244140625 -0.0499191284179688 -0.0750198364257813 -0.0600967407226562
-0.0266151428222656 -0.0688247680664063 -0.0430526733398438 -0.080657958984375
0.0177650451660156 -0.0701942443847656 0.00296783447265625 -0.0728378295898438
0.0563774108886719 -0.038818359375 0.0377197265625 -0.0533905029296875
0.067352294921875 0.0152702331542969 0.0424652099609375 -0.0134696960449219
0.0468788146972656 0.0402946472167969 0.0069427490234375 -0.0213794708251953
0.00931167602539062 0.0613746643066406 0.00826263427734376 -0.0755081176757812
0.0025177001953125 0.114082336425781 0.0116119384765625 -0.0823974609375
0.0495758056640625 0.08038330078125 -0.00777435302734374 -0.0669746398925781
0.0987091064453125 0.026123046875 -0.00938796997070312 -0.0373001098632813
0.0737075805664063 -0.0468521118164063 -0.0137939453125 -0.0432853698730469
0.0291061401367188 -0.086212158203125 -0.0137863159179688 -0.04351806640625
-0.0448455810546875 -0.0866241455078125 -0.0485496520996094 -0.0419845581054688
-0.0860061645507812 -0.0652542114257813 -0.0619697570800781 -0.0268058776855469
-0.0745849609375 -0.0701446533203125 -0.0505523681640625 -0.0185661315917969
-0.0847549438476562 -0.0743408203125 -0.050689697265625 -0.0374679565429688
-0.0452804565429688 -0.0967941284179688 -0.0348930358886719 -0.0486869812011719
0.0161590576171875 -0.104705810546875 -0.00386428833007812 -0.0453033447265625
0.0726470947265625 -0.0643539428710938 0.0198402404785156 -0.0393753051757813
0.100479125976563 0.01702880859375 0.0240993499755859 -0.0117969512939453
0.0724105834960938 0.0614395141601563 -0.000398635864257809 -0.0143251419067383
0.0163192749023438 0.0975265502929688 -0.00200271606445312 -0.0546340942382812
-0.00504302978515625 0.130592346191406 0.016815185546875 -0.0421600341796875
0.0467758178710938 0.0987396240234375 0.005279541015625 -0.043365478515625
0.113265991210938 0.0450363159179688 -0.00591087341308593 -0.0226688385009766
0.0971908569335938 -0.045806884765625 -0.0116634368896484 -0.0206985473632813
0.0492095947265625 -0.101531982421875 -0.00117206573486328 -0.0124664306640625
-0.04339599609375 -0.111640930175781 -0.0208396911621094 -0.0144214630126953
-0.0951766967773438 -0.0843048095703125 -0.022125244140625 -0.00749588012695313
-0.0868377685546875 -0.0851821899414063 -0.0131168365478516 -0.000126838684082036
-0.102142333984375 -0.0861892700195313 -0.0167732238769531 -0.0136213302612305
-0.062347412109375 -0.108131408691406 -0.0142431259155273 -0.0143718719482422
0.00527191162109374 -0.125350952148438 0.0026702880859375 -0.0126686096191406
0.0739974975585938 -0.0867691040039063 0.0112218856811523 -0.0147819519042969
0.12255859375 0.00841522216796875 0.0117225646972656 0.00248336791992188
0.0952682495117188 0.0702133178710938 -0.00177931785583495 0.00173914432525635
0.0266952514648437 0.119949340820313 -0.00832366943359375 -0.0225486755371094
-0.0138778686523438 0.125831604003906 0.0144109725952148 -0.000851631164550774
0.0316848754882813 0.0987472534179688 0.00904083251953125 -0.0185699462890625
0.101585388183594 0.0588760375976563 -0.0136308670043945 -0.00900077819824218
0.10101318359375 -0.0309829711914062 -0.0218048095703125 0.0048675537109375
0.0620498657226563 -0.0930023193359375 8.20159912109391E-05 0.0242633819580078
-0.031280517578125 -0.116020202636719 0.003753662109375 0.0220794677734375
-0.0880661010742187 -0.0904464721679688 0.0193328857421875 0.0179958343505859
-0.0849838256835938 -0.0871810913085938 0.0259552001953125 0.0179519653320312
-0.104400634765625 -0.0857620239257813 0.0209159851074219 0.00782012939453124
-0.06939697265625 -0.10455322265625 0.0150279998779297 0.0145101547241211
-0.00549316406250001 -0.1260986328125 0.0194034576416016 0.0151042938232422
0.065032958984375 -0.0947952270507813 0.0146675109863281 0.0103673934936523
0.125747680664063 -0.00269317626953125 0.0106029510498047 0.0218505859375
0.104049682617188 0.0679168701171875 0.00678825378417969 0.0241603851318359
0.035675048828125 0.12469482421875 -0.00852584838867187 0.0171709060668945
-0.0185165405273437 0.101455688476563 0.00580596923828125 0.0368881225585938
0.0141220092773438 0.0810775756835938 0.00448513031005859 0.00101947784423829
0.0712738037109375 0.059173583984375 -0.0290241241455078 -0.00234794616699219
0.082244873046875 -0.0123672485351563 -0.0405082702636719 0.0250358581542969
0.0598487854003906 -0.0679435729980469 -0.00946044921874999 0.0574607849121094
-0.0161285400390625 -0.0979537963867187 0.0197486877441406 0.0595169067382812
-0.0682525634765625 -0.0804443359375 0.0550346374511719 0.043609619140625
-0.070526123046875 -0.0761871337890625 0.0614128112792969 0.0331268310546875
-0.089874267578125 -0.0745010375976563 0.0576438903808594 0.0236778259277344
-0.06243896484375 -0.0889358520507813 0.045562744140625 0.0362052917480469
-0.00847625732421874 -0.108833312988281 0.0383834838867188 0.0362319946289062
0.0518646240234375 -0.084075927734375 0.0241489410400391 0.0309600830078125
0.108909606933594 -0.00594329833984375 0.0175018310546875 0.0392036437988281
0.0935897827148438 0.057373046875 0.0224494934082031 0.0479240417480469
0.0352401733398438 0.110595703125 -0.00468444824218749 0.0580406188964844
-0.0174179077148438 0.0639724731445312 -0.00227737426757813 0.0642509460449219
0.000556945800781245 0.0524559020996094 -0.00209903717041016 0.012115478515625
0.0352287292480469 0.0452842712402344 -0.0441780090332031 -0.00196075439453125
0.0491714477539063 0.00188446044921875 -0.0588836669921875 0.0370521545410156
0.041351318359375 -0.03546142578125 -0.0230178833007812 0.07952880859375
-0.00450897216796876 -0.0628662109375 0.0286636352539062 0.0886306762695312
-0.039520263671875 -0.0554351806640625 0.0801925659179688 0.0637664794921875
-0.0455093383789063 -0.0538482666015625 0.0873947143554688 0.0433120727539063
-0.0604591369628906 -0.0547714233398438 0.0857467651367187 0.035552978515625
-0.0428390502929688 -0.0640220642089844 0.069549560546875 0.0516586303710937
-0.0045623779296875 -0.077880859375 0.05224609375 0.0505142211914062
0.0364418029785156 -0.0601234436035156 0.0320587158203125 0.0455245971679688
0.07666015625 -0.00498199462890625 0.0257682800292969 0.0523262023925781
0.06658935546875 0.0398101806640625 0.037200927734375 0.0689010620117188
0.0265121459960938 0.07745361328125 -0.000419616699218744 0.0938568115234375
-0.0155067443847656 -0.0264225006103516 -0.0104827880859375 -0.117355346679687
-0.0261287689208984 -0.0136547088623047 -0.0409774780273437 -0.0820236206054688
-0.033050537109375 0.00973320007324219 -0.0348854064941406 -0.0480613708496094
-0.0169162750244141 0.0317039489746094 -0.0314826965332031 -0.0547065734863281
0.00055885314941406 0.03509521484375 -0.0511093139648437 -0.06170654296875
0.0213298797607422 0.0305538177490234 -0.0831069946289062 -0.0533905029296875
0.0189342498779297 0.0233840942382813 -0.1082763671875 -0.0371932983398438
0.0139007568359375 0.0221538543701172 -0.0996856689453125 -0.0446395874023438
0.00940895080566406 0.0232448577880859 -0.0871429443359375 -0.0766525268554688
-0.00507640838623047 0.0149974822998047 -0.0359268188476562 -0.104698181152344
-0.0145463943481445 0.00457477569580078 0.0207290649414063 -0.0905609130859375
-0.00927257537841797 -0.0106124877929688 0.0578727722167969 -0.0480308532714844
0.00223350524902344 -0.0231266021728516 0.05523681640625 0.000942230224609374
0.013885498046875 -0.0206089019775391 0.0141229629516602 -0.0163364410400391
0.0134372711181641 -0.0269222259521484 0.018157958984375 -0.0795211791992187
-0.00190544128417969 0.0285205841064453 -0.00704193115234374 -0.12335205078125
0.00803184509277344 0.01702880859375 -0.037689208984375 -0.0879440307617188
0.0146303176879883 0.00701045989990234 -0.0300979614257813 -0.0500373840332031
0.00838327407836914 -0.00176048278808594 -0.0291404724121094 -0.0586700439453125
0.00206184387207031 -0.0088958740234375 -0.0448036193847656 -0.0657882690429688
-0.00912094116210938 -0.00742530822753906 -0.084136962890625 -0.0575180053710938
-0.0235824584960938 -0.00528907775878906 -0.108772277832031 -0.0403289794921875
-0.0205326080322266 -0.0117321014404297 -0.0974044799804687 -0.0432052612304688
-0.0238895416259766 -0.0152778625488281 -0.0871353149414063 -0.0743942260742188
-0.0132389068603516 -0.0288467407226563 -0.0413436889648438 -0.100624084472656
0.00642776489257812 -0.0318737030029297 0.0143661499023437 -0.0882492065429688
0.0267047882080078 -0.0207595825195312 0.0535926818847656 -0.0543746948242188
0.0327835083007813 0.000486373901367188 0.0546455383300781 -0.00586700439453125
0.0272846221923828 0.0110206604003906 0.0133399963378906 -0.0198478698730469
0.00933074951171875 0.018463134765625 0.01519775390625 -0.0827713012695313
0.00462341308593749 0.07757568359375 0.00174713134765624 -0.11102294921875
0.0350685119628906 0.05059814453125 -0.0250091552734375 -0.082489013671875
0.0622100830078125 0.0120315551757813 -0.0199050903320312 -0.0467109680175781
0.0406417846679688 -0.0306358337402344 -0.0218391418457031 -0.0552558898925781
0.0117034912109375 -0.0527763366699219 -0.0306739807128906 -0.0610618591308594
-0.0333747863769531 -0.0488700866699219 -0.0720367431640625 -0.0554885864257812
-0.0611572265625 -0.0362968444824219 -0.0930633544921875 -0.0367355346679688
-0.0516319274902344 -0.0440788269042969 -0.0796127319335938 -0.0334014892578125
-0.0570526123046875 -0.0493354797363281 -0.075347900390625 -0.0593948364257813
-0.026947021484375 -0.0679779052734375 -0.043701171875 -0.079681396484375
0.0173873901367188 -0.0700645446777344 0.00222015380859375 -0.0723876953125
0.0561294555664062 -0.0390586853027344 0.0368614196777344 -0.0537605285644531
0.067169189453125 0.0146102905273437 0.04180908203125 -0.0137062072753906
0.0470733642578125 0.0396995544433594 0.006500244140625 -0.0216827392578125
0.00972366333007813 0.0615348815917969 0.007415771484375 -0.075347900390625
0.00363922119140626 0.113548278808594 0.0105361938476562 -0.0821685791015625
0.0500411987304687 0.0803604125976563 -0.0084991455078125 -0.0671920776367188
0.0985260009765625 0.0252151489257813 -0.00879287719726562 -0.0370330810546875
0.0730972290039063 -0.0470657348632813 -0.0138511657714844 -0.0431594848632813
0.028411865234375 -0.0867767333984375 -0.0139617919921875 -0.0433349609375
-0.0460433959960937 -0.0861053466796875 -0.0489387512207031 -0.0412864685058594
-0.0863418579101563 -0.0639190673828125 -0.0623359680175781 -0.0262184143066406
-0.0749664306640625 -0.0693817138671875 -0.0504684448242188 -0.017669677734375
-0.0848770141601562 -0.0734100341796875 -0.050933837890625 -0.0368576049804688
-0.0458526611328125 -0.0960311889648438 -0.0354347229003906 -0.0478439331054688
0.01513671875 -0.104103088378906 -0.00408172607421874 -0.0452766418457031
0.0726089477539063 -0.06494140625 0.0191230773925781 -0.0396995544433594
0.100296020507812 0.0161666870117187 0.0242347717285156 -0.0115261077880859
0.0721588134765625 0.0604476928710938 -0.000674247741699215 -0.0148859024047852
0.01739501953125 0.0967788696289063 -0.00200653076171875 -0.0540962219238281
-0.00397491455078124 0.130500793457031 0.0159225463867188 -0.0425186157226562
0.0472640991210938 0.0981521606445313 0.00453948974609375 -0.0435256958007812
0.113754272460938 0.0434417724609375 -0.00556945800781249 -0.0222568511962891
0.0965423583984375 -0.0469131469726563 -0.0119209289550781 -0.0203762054443359
0.04840087890625 -0.101806640625 -0.00104331970214844 -0.0126543045043945
-0.0440750122070313 -0.110366821289063 -0.021026611328125 -0.0137500762939453
-0.09588623046875 -0.083404541015625 -0.0221652984619141 -0.00721931457519531
-0.0870437622070313 -0.0838470458984375 -0.0128965377807617 5.62667846679636E-05
-0.102325439453125 -0.08514404296875 -0.0174627304077148 -0.0132951736450195
-0.0634841918945313 -0.107719421386719 -0.0143213272094727 -0.0141639709472656
0.00417327880859376 -0.124809265136719 0.00263404846191406 -0.0129060745239258
0.0730209350585938 -0.0871963500976563 0.0111150741577148 -0.0149497985839844
0.12261962890625 0.0067901611328125 0.011347770690918 0.00244140625
0.0952529907226563 0.0688247680664062 -0.00169885158538818 0.0014868974685669
0.0279083251953125 0.119926452636719 -0.00875663757324218 -0.0225906372070312
-0.0123977661132812 0.12548828125 0.0143852233886719 -0.000948905944824211
0.0322341918945313 0.0986404418945313 0.00889778137207031 -0.0188064575195312
0.102142333984375 0.0577621459960938 -0.0131502151489258 -0.0090036392211914
0.10076904296875 -0.0320510864257813 -0.0213871002197266 0.00506210327148437
0.06097412109375 -0.093963623046875 0.00034904479980469 0.0241851806640625
-0.0320663452148438 -0.115119934082031 0.00383186340332031 0.0224704742431641
-0.0891342163085937 -0.0894622802734375 0.0189628601074219 0.0177116394042969
-0.0854034423828125 -0.0859298706054688 0.0262584686279297 0.0178108215332031
-0.105377197265625 -0.0843124389648437 0.0207004547119141 0.00731277465820312
-0.0704193115234375 -0.103782653808594 0.0151548385620117 0.0145606994628906
-0.00658416748046875 -0.125892639160156 0.0194263458251953 0.0150127410888672
0.0642547607421875 -0.0950164794921875 0.0144672393798828 0.0100679397583008
0.125251770019531 -0.00331878662109375 0.0104045867919922 0.0213336944580078
0.104194641113281 0.0667953491210938 0.00720977783203126 0.0239448547363281
0.0363616943359375 0.124374389648438 -0.00835514068603515 0.0171718597412109
-0.0177001953125 0.101669311523438 0.00629043579101563 0.0369911193847656
0.0148391723632812 0.0809783935546875 0.00419521331787109 0.000792503356933599
0.0717620849609375 0.0580902099609375 -0.0285682678222656 -0.00194549560546874
0.0821533203125 -0.0129013061523437 -0.0400199890136719 0.0253105163574219
0.0592918395996094 -0.0685653686523438 -0.0093536376953125 0.0571746826171875
-0.0169219970703125 -0.0977020263671875 0.0198326110839844 0.0593910217285156
-0.0685806274414063 -0.0793380737304687 0.0547714233398437 0.0431709289550781
-0.0710983276367188 -0.075408935546875 0.0614280700683594 0.0325584411621094
-0.0903244018554688 -0.0733108520507812 0.0578079223632812 0.0237083435058594
-0.063140869140625 -0.0877151489257813 0.0454559326171875 0.0362472534179687
-0.00925445556640626 -0.108589172363281 0.0384025573730469 0.0361976623535156
0.0509185791015625 -0.0845947265625 0.0236873626708984 0.0305881500244141
0.108413696289063 -0.00714111328125 0.0175132751464844 0.0389442443847656
0.0937118530273438 0.056365966796875 0.0227317810058594 0.0474395751953125
0.0359420776367188 0.110031127929688 -0.00419998168945312 0.0581893920898438
-0.0166664123535156 0.0639991760253906 -0.00162124633789063 0.0636520385742188
0.000995635986328127 0.0525054931640625 -0.00203800201416016 0.0121173858642578
0.0358314514160156 0.0442352294921875 -0.0436935424804687 -0.00161361694335938
0.0492401123046875 0.00128173828125 -0.0585479736328125 0.0374298095703125
0.0411415100097656 -0.0363922119140625 -0.0222702026367188 0.07952880859375
-0.00516128540039063 -0.0625534057617188 0.0294876098632812 0.0883560180664063
-0.0399093627929687 -0.0549697875976563 0.0801162719726563 0.0628433227539063
-0.0464515686035156 -0.0532722473144531 0.0869674682617188 0.0424346923828125
-0.0607223510742187 -0.0539360046386719 0.08599853515625 0.0350189208984375
-0.0436744689941406 -0.0632286071777344 0.0697555541992188 0.0510177612304687
-0.0054473876953125 -0.0775604248046875 0.0527725219726563 0.0501785278320313
0.0360069274902344 -0.0602874755859375 0.031890869140625 0.0450515747070312
0.0767288208007813 -0.0057373046875 0.0258293151855469 0.051788330078125
0.0663948059082031 0.0392112731933594 0.0373573303222656 0.0678329467773438
0.0271682739257813 0.077362060546875 0.000335693359375002 0.0932769775390625
-0.0153083801269531 -0.0268268585205078 -0.0115280151367187 -0.117118835449219
-0.0259933471679688 -0.0134429931640625 -0.0416336059570313 -0.0813217163085938
-0.0332317352294922 0.00996017456054687 -0.0350914001464844 -0.0476837158203125
-0.0167388916015625 0.0319709777832031 -0.0320167541503906 -0.0543441772460938
0.000761032104492188 0.0351200103759766 -0.0511093139648438 -0.0611572265625
0.0213775634765625 0.0303268432617188 -0.0834579467773438 -0.0524368286132812
0.0195446014404297 0.0230674743652344 -0.107917785644531 -0.0365753173828125
0.0140228271484375 0.0219764709472656 -0.0993118286132813 -0.044097900390625
0.00972175598144531 0.0232219696044922 -0.08746337890625 -0.0758056640625
-0.00456428527832031 0.015284538269043 -0.0368194580078125 -0.103836059570312
-0.0138616561889648 0.00480461120605469 0.020263671875 -0.09051513671875
-0.00936031341552734 -0.010838508605957 0.0575294494628906 -0.0482101440429688
0.00189208984375 -0.0229816436767578 0.0552558898925781 0.000354766845703124
0.0134162902832031 -0.0208396911621094 0.0137596130371094 -0.0161113739013672
0.0132198333740234 -0.0269832611083984 0.0170135498046875 -0.079071044921875
-0.00189781188964843 0.0281600952148437 -0.00810241699218749 -0.123184204101563
0.00806236267089844 0.0164394378662109 -0.0383453369140625 -0.0870132446289062
0.0147457122802734 0.00644397735595703 -0.0300254821777344 -0.0491828918457031
0.00890922546386719 -0.00142383575439453 -0.0295486450195313 -0.0581893920898437
0.00225734710693359 -0.00910568237304688 -0.0448989868164063 -0.0651473999023438
-0.00902843475341797 -0.00733089447021484 -0.0841751098632813 -0.0569915771484375
-0.0233802795410156 -0.00509071350097657 -0.108772277832031 -0.0393218994140625
-0.0204181671142578 -0.0112781524658203 -0.0974273681640625 -0.0422439575195313
-0.0240497589111328 -0.0150661468505859 -0.0882568359375 -0.0734481811523437
-0.0129814147949219 -0.0284709930419922 -0.0423507690429688 -0.0998458862304688
0.00585746765136718 -0.0315322875976563 0.013885498046875 -0.0879058837890625
0.0261459350585938 -0.0205326080322266 0.0531005859375 -0.05413818359375
0.0326004028320313 1.33514404296875E-05 0.0544853210449219 -0.006500244140625
0.0269527435302734 0.0105018615722656 0.0129756927490234 -0.0195274353027344
0.00984764099121094 0.0181369781494141 0.0148239135742188 -0.0825958251953125
0.00537872314453125 0.0770034790039063 0.00039672851562501 -0.111030578613281
0.0356292724609375 0.0502471923828125 -0.0259857177734375 -0.0823440551757813
0.0621757507324219 0.0114822387695313 -0.0197715759277344 -0.0465240478515625
0.0401229858398438 -0.0306816101074219 -0.0217666625976563 -0.055084228515625
0.0110931396484375 -0.0527572631835937 -0.0311660766601562 -0.0608787536621094
-0.03363037109375 -0.04840087890625 -0.0724029541015625 -0.0544891357421875
-0.0609169006347656 -0.0351791381835937 -0.09283447265625 -0.0361480712890625
-0.0516929626464844 -0.0432815551757812 -0.0798568725585938 -0.0326080322265625
-0.0570182800292969 -0.0486183166503906 -0.0753097534179688 -0.058319091796875
-0.0268898010253906 -0.0677490234375 -0.0441970825195313 -0.0791702270507813
0.0168266296386719 -0.0699691772460938 0.00160980224609375 -0.0724105834960938
0.0558738708496094 -0.0391921997070313 0.0364723205566406 -0.0537071228027344
0.0675430297851563 0.0144157409667969 0.0419540405273438 -0.014678955078125
0.0469703674316406 0.0394859313964844 0.0065155029296875 -0.0212802886962891
0.010284423828125 0.0610504150390625 0.0072021484375 -0.0753250122070313
0.0046539306640625 0.113616943359375 0.00992584228515625 -0.082061767578125
0.0502090454101563 0.079315185546875 -0.00886535644531249 -0.0663299560546875
0.09869384765625 0.0248641967773437 -0.00891113281249999 -0.0366249084472656
0.0724868774414063 -0.047332763671875 -0.0134544372558594 -0.0428085327148438
0.0279006958007812 -0.0865554809570313 -0.0140609741210937 -0.0436019897460938
-0.046142578125 -0.0855178833007813 -0.0492439270019531 -0.0405120849609375
-0.0866928100585938 -0.0631561279296875 -0.0621795654296875 -0.0252494812011719
-0.0752639770507812 -0.0690078735351563 -0.0501785278320313 -0.0173454284667969
-0.0851287841796875 -0.0724868774414062 -0.0511970520019531 -0.0361900329589844
-0.0463638305664063 -0.0954360961914063 -0.0356063842773438 -0.0471458435058594
0.0147857666015625 -0.104286193847656 -0.00415420532226562 -0.0446128845214844
0.07196044921875 -0.0651397705078125 0.0185813903808594 -0.0392875671386719
0.100090026855469 0.0152206420898438 0.0234127044677734 -0.0119915008544922
0.0723190307617188 0.0591812133789062 -0.00097274780273437 -0.0146007537841797
0.0178756713867187 0.0969696044921875 -0.00239944458007812 -0.0542373657226562
-0.00304412841796874 0.130455017089844 0.0151290893554687 -0.0427398681640625
0.0480194091796875 0.09765625 0.00432586669921876 -0.0427474975585937
0.1142578125 0.0424652099609375 -0.00531578063964843 -0.0219001770019531
0.096282958984375 -0.04742431640625 -0.0115566253662109 -0.0203590393066406
0.0473861694335938 -0.101882934570313 -0.00123977661132812 -0.0132579803466797
-0.0450897216796875 -0.110015869140625 -0.0210132598876953 -0.0139694213867188
-0.0962295532226563 -0.0823898315429688 -0.0219497680664063 -0.00701141357421876
-0.0877151489257812 -0.0831832885742187 -0.0127267837524414 0.000190734863281245
-0.10272216796875 -0.0841598510742187 -0.0171375274658203 -0.0128202438354492
-0.0637054443359375 -0.106689453125 -0.0142917633056641 -0.0138015747070313
0.00318145751953124 -0.124610900878906 0.00272369384765625 -0.0124711990356445
0.0725479125976563 -0.0875473022460938 0.0104570388793945 -0.0154504776000977
0.122001647949219 0.00585174560546875 0.0111312866210938 0.00194168090820313
0.0949554443359375 0.0681915283203125 -0.00207471847534179 0.0013573169708252
0.0287857055664062 0.119430541992187 -0.00823020935058594 -0.0223140716552734
-0.0115737915039063 0.125823974609375 0.0141639709472656 -0.00140857696533202
0.0330352783203125 0.0979690551757813 0.00871849060058594 -0.0191249847412109
0.102920532226563 0.05694580078125 -0.0127649307250976 -0.00857734680175781
0.0999832153320313 -0.032562255859375 -0.0212173461914062 0.005035400390625
0.0604171752929687 -0.0942916870117188 0.000663757324218753 0.0237846374511719
-0.032745361328125 -0.114517211914063 0.00376129150390625 0.0223560333251953
-0.089569091796875 -0.087982177734375 0.0189361572265625 0.0173664093017578
-0.0860748291015625 -0.0852813720703125 0.0264682769775391 0.0172214508056641
-0.1055908203125 -0.082916259765625 0.0208740234375 0.00746917724609374
-0.0708847045898438 -0.102554321289063 0.0153799057006836 0.0147056579589844
-0.007232666015625 -0.125236511230469 0.0193443298339844 0.0151691436767578
0.0633163452148438 -0.0955810546875 0.0141735076904297 0.00983715057373046
0.125587463378906 -0.004241943359375 0.0101146697998047 0.0210971832275391
0.104408264160156 0.065826416015625 0.00711631774902344 0.0234394073486328
0.0375823974609375 0.124282836914063 -0.00811386108398438 0.0170888900756836
-0.0168838500976563 0.102005004882812 0.00691986083984375 0.0366859436035156
0.0154647827148438 0.0808258056640625 0.00464153289794922 0.000419139862060552
0.0724258422851563 0.0575332641601563 -0.0277328491210937 -0.00140762329101562
0.0820159912109375 -0.0135574340820313 -0.0393142700195313 0.025634765625
0.0581932067871094 -0.0692253112792969 -0.00880050659179688 0.0568122863769531
-0.0174789428710938 -0.0969009399414063 0.0201492309570313 0.05938720703125
-0.0692138671875 -0.078460693359375 0.054931640625 0.0426101684570312
-0.0714797973632813 -0.074676513671875 0.0616035461425781 0.0319480895996094
-0.0904464721679687 -0.0726089477539063 0.0575714111328125 0.0228691101074219
-0.0641098022460937 -0.0873031616210938 0.046051025390625 0.0360260009765625
-0.0102462768554688 -0.108207702636719 0.03851318359375 0.0355682373046875
0.0504379272460938 -0.084686279296875 0.0236415863037109 0.0301971435546875
0.108154296875 -0.00797271728515625 0.0175552368164063 0.0383110046386719
0.0937347412109375 0.0553817749023437 0.0231246948242188 0.0468902587890625
0.0371475219726563 0.109611511230469 -0.00377655029296875 0.0574722290039063
-0.0157432556152344 0.06488037109375 -0.00110244750976562 0.0633201599121094
0.0017242431640625 0.0524787902832031 -0.00177097320556641 0.0120115280151367
0.036468505859375 0.0435905456542969 -0.0435104370117188 -0.00106048583984375
0.0493927001953125 0.0008087158203125 -0.0574378967285156 0.0373420715332031
0.0404129028320312 -0.0368766784667969 -0.0213088989257812 0.079437255859375
-0.00565338134765625 -0.0623512268066406 0.029541015625 0.0876846313476563
-0.0404624938964844 -0.0539093017578125 0.0805740356445313 0.0620574951171875
-0.0462799072265625 -0.0523300170898437 0.0875396728515625 0.0422897338867188
-0.0612525939941406 -0.0530166625976562 0.0863265991210938 0.0343704223632813
-0.0439033508300781 -0.0630111694335938 0.069793701171875 0.0505180358886719
-0.005767822265625 -0.0775833129882813 0.0528411865234375 0.0498466491699219
0.0351829528808594 -0.0605049133300781 0.0322647094726563 0.0445938110351562
0.07623291015625 -0.00628662109375 0.0258750915527344 0.0507965087890625
0.0667953491210938 0.0391654968261719 0.0379371643066406 0.0672340393066406
0.0277175903320312 0.0768661499023438 0.000999450683593744 0.0931625366210938
-0.0153923034667969 -0.02679443359375 -0.0123672485351562 -0.116462707519531
-0.0268402099609375 -0.0136871337890625 -0.0421981811523437 -0.0807113647460938
-0.0335540771484375 0.0104484558105469 -0.035186767578125 -0.0468902587890625
-0.0161476135253906 0.0325298309326172 -0.0319328308105469 -0.0545463562011719
0.00120925903320312 0.0352706909179687 -0.0510597229003906 -0.0612068176269531
0.0216751098632813 0.0300617218017578 -0.0836105346679688 -0.0517730712890625
0.0195903778076172 0.0227508544921875 -0.107696533203125 -0.0355377197265625
0.0138816833496094 0.0219211578369141 -0.0995407104492188 -0.0432662963867188
0.00999832153320312 0.0223712921142578 -0.0876312255859375 -0.074859619140625
-0.00459671020507813 0.0150203704833984 -0.037445068359375 -0.103965759277344
-0.0142354965209961 0.00516510009765625 0.0195999145507813 -0.0905075073242188
-0.00993156433105469 -0.0108718872070313 0.056884765625 -0.0482292175292969
0.0016632080078125 -0.0231285095214844 0.0550537109375 0.000125885009765624
0.0131683349609375 -0.0206336975097656 0.0133171081542969 -0.0160770416259766
0.0127410888671875 -0.0271892547607422 0.0162277221679688 -0.0789260864257813
-0.00140571594238281 0.0277595520019531 -0.00931549072265626 -0.123123168945313
0.00836181640625 0.0170803070068359 -0.0391769409179687 -0.0867080688476563
0.0144062042236328 0.00642204284667969 -0.0298233032226563 -0.0490264892578125
0.00875282287597656 -0.00167512893676758 -0.0296821594238281 -0.0578575134277344
0.00233936309814453 -0.00881290435791016 -0.0449333190917969 -0.0654869079589844
-0.00914478302001953 -0.0076141357421875 -0.0840072631835938 -0.0565948486328125
-0.0232982635498047 -0.00523948669433594 -0.108757019042969 -0.0384597778320312
-0.0205287933349609 -0.0112857818603516 -0.0973968505859375 -0.0416793823242187
-0.0238914489746094 -0.0146312713623047 -0.088104248046875 -0.0725250244140625
-0.0131053924560547 -0.0282878875732422 -0.042877197265625 -0.0994644165039063
0.00579261779785156 -0.0308933258056641 0.0131378173828125 -0.0879287719726563
0.0264873504638672 -0.0208644866943359 0.052703857421875 -0.0546875
0.0323963165283203 -0.000158309936523437 0.0537757873535156 -0.00649261474609375
0.0265235900878906 0.0105609893798828 0.0128402709960938 -0.0194358825683594
0.00997161865234375 0.0180320739746094 0.0141983032226562 -0.0824737548828125
0.00549316406250001 0.0773696899414062 -0.000549316406250006 -0.111228942871094
0.0354690551757813 0.0498809814453125 -0.02642822265625 -0.0814132690429688
0.0623550415039063 0.0113639831542969 -0.0194168090820313 -0.0462684631347656
0.0394439697265625 -0.0307846069335938 -0.0222358703613281 -0.05535888671875
0.0107536315917969 -0.0528602600097656 -0.0312614440917969 -0.0610122680664063
-0.0344314575195312 -0.0482635498046875 -0.0720443725585938 -0.0541915893554688
-0.0609779357910156 -0.0346641540527344 -0.0930633544921875 -0.0354766845703125
-0.0522918701171875 -0.043243408203125 -0.0795135498046875 -0.0317306518554687
-0.0572013854980469 -0.0484428405761719 -0.07598876953125 -0.0576019287109375
-0.0276527404785156 -0.0671730041503906 -0.0445709228515625 -0.0783843994140625
0.0167503356933594 -0.0697975158691406 0.00107574462890625 -0.0717620849609375
0.0555648803710937 -0.0398406982421875 0.0358200073242188 -0.0538673400878906
0.0675926208496094 0.0137176513671875 0.0412178039550781 -0.0147895812988281
0.046783447265625 0.0389328002929688 0.00587844848632813 -0.0206775665283203
0.0110092163085938 0.0607948303222656 0.00604248046875001 -0.0748519897460938
0.00561523437499999 0.113082885742188 0.00952148437499999 -0.0817108154296875
0.0505218505859375 0.079254150390625 -0.009735107421875 -0.0662879943847656
0.0989456176757813 0.0234222412109375 -0.00860214233398437 -0.0365753173828125
0.0723495483398438 -0.0478439331054688 -0.013458251953125 -0.0425376892089844
0.02728271484375 -0.0871200561523438 -0.01416015625 -0.0438766479492188
-0.04681396484375 -0.0850143432617188 -0.0491790771484375 -0.0406265258789063
-0.0866622924804688 -0.0619583129882812 -0.0620040893554688 -0.0252952575683594
-0.0753631591796875 -0.0682296752929688 -0.0501022338867188 -0.0174407958984375
-0.0852432250976563 -0.0719223022460937 -0.051483154296875 -0.03570556640625
-0.0468673706054688 -0.0949783325195312 -0.0361061096191406 -0.0471038818359375
0.01385498046875 -0.103439331054688 -0.00488662719726562 -0.044647216796875
0.0716323852539062 -0.0658035278320313 0.0182304382324219 -0.039642333984375
0.100379943847656 0.0142288208007812 0.0229358673095703 -0.0122432708740234
0.0724639892578125 0.05859375 -0.00102996826171875 -0.014735221862793
0.0186614990234375 0.096282958984375 -0.00282669067382813 -0.0537872314453125
-0.00189208984374999 0.130516052246094 0.0152359008789063 -0.0424919128417969
0.0479736328125 0.0971221923828125 0.00417709350585938 -0.0430450439453125
0.114532470703125 0.0415802001953125 -0.00480461120605468 -0.0218143463134766
0.0956649780273438 -0.0477752685546875 -0.0113620758056641 -0.0202922821044922
0.0469436645507813 -0.10272216796875 -0.00125980377197265 -0.013336181640625
-0.0458297729492188 -0.109115600585938 -0.0209255218505859 -0.0136699676513672
-0.096893310546875 -0.0809173583984375 -0.0220680236816406 -0.00660324096679688
-0.0879592895507812 -0.082733154296875 -0.0126953125 -0.000143051147460942
-0.103363037109375 -0.0826950073242188 -0.0173625946044922 -0.0123996734619141
-0.0642852783203125 -0.106040954589844 -0.0148439407348633 -0.0136241912841797
0.00244140624999999 -0.124046325683594 0.00223827362060547 -0.0123701095581055
0.0720748901367187 -0.0876235961914063 0.00950050354003907 -0.015467643737793
0.12261962890625 0.0050811767578125 0.0105352401733399 0.00166988372802734
0.0952835083007813 0.067474365234375 -0.00199222564697265 0.00155258178710938
0.0297775268554688 0.119705200195312 -0.008758544921875 -0.0224018096923828
-0.0103530883789063 0.126411437988281 0.0143003463745117 -0.00169754028320312
0.033935546875 0.0977630615234375 0.00869560241699219 -0.0181808471679687
0.103012084960937 0.0562286376953125 -0.0123729705810547 -0.00815105438232422
0.100250244140625 -0.0328216552734375 -0.0210380554199219 0.00514030456542969
0.0597305297851562 -0.0949783325195313 0.000988006591796878 0.0237350463867187
-0.0338363647460938 -0.114166259765625 0.00385856628417968 0.0225067138671875
-0.0903701782226562 -0.0871047973632812 0.0192279815673828 0.0170726776123047
-0.0864715576171875 -0.0846405029296875 0.0263996124267578 0.0171127319335937
-0.10528564453125 -0.0821990966796875 0.0208778381347656 0.00724029541015624
-0.0713729858398438 -0.10211181640625 0.0151758193969726 0.0146684646606445
-0.00788116455078126 -0.124824523925781 0.0194473266601563 0.0151176452636719
0.06256103515625 -0.095794677734375 0.0141544342041016 0.00978755950927734
0.12493896484375 -0.00534820556640625 0.00986671447753907 0.0207996368408203
0.104537963867188 0.064849853515625 0.00712966918945313 0.0231971740722656
0.0383148193359375 0.12396240234375 -0.00788021087646485 0.0171470642089844
-0.0160293579101563 0.101531982421875 0.00696563720703125 0.0362548828125
0.0159378051757812 0.0810546875 0.0043797492980957 0.000566959381103521
0.072906494140625 0.0566024780273438 -0.0274944305419922 -0.00128746032714843
0.081695556640625 -0.0137786865234375 -0.0390472412109375 0.0259590148925781
0.0580520629882812 -0.0698738098144531 -0.00842666625976562 0.0570297241210937
-0.0184478759765625 -0.0965118408203125 0.0204658508300781 0.0591926574707031
-0.0697250366210938 -0.0774917602539062 0.0545806884765625 0.0420417785644531
-0.0720062255859375 -0.073822021484375 0.0618095397949219 0.0316848754882812
-0.0910415649414063 -0.0715560913085938 0.0573883056640625 0.0227279663085938
-0.063995361328125 -0.08642578125 0.0462188720703125 0.0358085632324219
-0.0110321044921875 -0.107902526855469 0.0385398864746094 0.0356712341308594
0.0500946044921875 -0.0852127075195313 0.0238590240478516 0.0300140380859375
0.108352661132813 -0.0084991455078125 0.0172500610351563 0.0382270812988281
0.09429931640625 0.0554656982421875 0.023345947265625 0.0466804504394531
0.0377044677734375 0.109130859375 -0.00333404541015625 0.0577316284179688
-0.0155181884765625 0.06475830078125 -0.000461578369140624 0.0631523132324219
0.00230026245117187 0.0526313781738281 -0.00166893005371094 0.0120792388916016
0.036773681640625 0.0431938171386719 -0.0429229736328125 -0.00102233886718749
0.0490074157714844 0.000102996826171875 -0.0571174621582031 0.0374755859375
0.0400810241699219 -0.03692626953125 -0.0207138061523438 0.0793228149414062
-0.00606155395507812 -0.0622520446777344 0.0301132202148438 0.0873031616210937
-0.0407791137695312 -0.0535354614257813 0.080291748046875 0.0615158081054688
-0.0469436645507813 -0.0521125793457031 0.0873031616210938 0.0413284301757813
-0.0618133544921875 -0.0528335571289063 0.0858306884765625 0.0338363647460938
-0.0444602966308594 -0.0622215270996094 0.0700569152832031 0.0500869750976562
-0.00644683837890625 -0.077239990234375 0.0529441833496094 0.0495758056640625
0.0349349975585938 -0.0606269836425781 0.0319328308105469 0.0446205139160156
0.0760421752929688 -0.00662994384765625 0.026123046875 0.0506591796875
0.0665283203125 0.038299560546875 0.0380821228027344 0.0666313171386719
0.0283432006835937 0.0771408081054688 0.00208282470703126 0.09295654296875
-0.0158061981201172 -0.0270709991455078 -0.0131378173828125 -0.11688232421875
-0.0270118713378906 -0.0136566162109375 -0.0429840087890625 -0.0801467895507813
-0.0334224700927734 0.0109348297119141 -0.0347747802734375 -0.0466651916503906
-0.0161609649658203 0.0324249267578125 -0.032135009765625 -0.0543975830078125
0.00174903869628906 0.0351409912109375 -0.0516357421875 -0.0609550476074219
0.0219612121582031 0.0298957824707031 -0.083465576171875 -0.0515594482421875
0.0199756622314453 0.0226554870605469 -0.10797119140625 -0.035125732421875
0.0140552520751953 0.0215911865234375 -0.0998382568359375 -0.0431137084960938
0.00989151000976563 0.0228595733642578 -0.0883255004882813 -0.0746078491210938
-0.00455760955810547 0.0150365829467773 -0.0380096435546875 -0.103561401367187
-0.0138483047485352 0.00506687164306641 0.0186767578125 -0.0901336669921875
-0.00969314575195313 -0.0101442337036133 0.0565223693847656 -0.0483551025390625
0.00134468078613281 -0.0231189727783203 0.0545501708984375 0.000167846679687499
0.0131816864013672 -0.0208911895751953 0.0127983093261719 -0.0158262252807617
0.0129928588867187 -0.0269756317138672 0.0157623291015625 -0.0788803100585938
-0.00104904174804687 0.0280323028564453 -0.00988769531249999 -0.122451782226563
0.00823211669921875 0.0165729522705078 -0.0395355224609375 -0.0859146118164062
0.0144786834716797 0.00653076171875 -0.0293960571289062 -0.0486221313476563
0.00851726531982422 -0.00150728225708008 -0.0299415588378906 -0.0577659606933594
0.00230026245117187 -0.00937747955322266 -0.0450820922851563 -0.0655708312988281
-0.00905036926269531 -0.00731372833251953 -0.0842514038085938 -0.0561599731445312
-0.0231647491455078 -0.00479507446289063 -0.108734130859375 -0.0378952026367188
-0.0204067230224609 -0.0116310119628906 -0.0972747802734375 -0.04107666015625
-0.0238742828369141 -0.0145912170410156 -0.0881576538085938 -0.0723190307617187
-0.0130100250244141 -0.0282859802246094 -0.0433807373046875 -0.0993499755859375
0.00586700439453125 -0.0308589935302734 0.0126953125 -0.087646484375
0.0259017944335937 -0.0205020904541016 0.0521049499511719 -0.0547370910644531
0.0324497222900391 -0.000385284423828125 0.0534324645996094 -0.00676345825195313
0.0265235900878906 0.0105018615722656 0.0121688842773438 -0.0193958282470703
0.0103855133056641 0.0177383422851563 0.0132675170898437 -0.0825729370117188
0.00692749023437501 0.0770797729492188 -0.00168609619140624 -0.11077880859375
0.0361328125 0.0499534606933594 -0.0269775390625 -0.0813446044921875
0.0621719360351563 0.0109825134277344 -0.0194473266601562 -0.0458030700683594
0.0397186279296875 -0.0307502746582031 -0.0221023559570312 -0.0548133850097656
0.0107955932617188 -0.0532951354980469 -0.0315361022949219 -0.0610237121582031
-0.0344161987304688 -0.0478401184082031 -0.0722579956054687 -0.0536880493164063
-0.0615081787109375 -0.0345420837402344 -0.093292236328125 -0.034881591796875
-0.0520439147949219 -0.0429458618164062 -0.0798721313476563 -0.0318527221679687
-0.0572700500488281 -0.0481948852539062 -0.076080322265625 -0.0572280883789063
-0.0276603698730469 -0.0672874450683594 -0.045379638671875 -0.0781402587890625
0.0161705017089844 -0.0696983337402344 0.000762939453124996 -0.0718841552734375
0.0553627014160156 -0.039764404296875 0.0353889465332031 -0.0541496276855469
0.0672492980957031 0.0138320922851562 0.040863037109375 -0.0146827697753906
0.046661376953125 0.0384941101074219 0.00573348999023438 -0.0210742950439453
0.0114021301269531 0.0607490539550781 0.00566101074218749 -0.0748443603515625
0.00608062744140626 0.11376953125 0.00855255126953126 -0.0825653076171875
0.0508041381835937 0.0791854858398437 -0.0102653503417969 -0.0656509399414063
0.0991744995117188 0.0230712890625 -0.00877380371093749 -0.0361709594726563
0.0720138549804688 -0.0481185913085938 -0.0137596130371094 -0.0424537658691406
0.02703857421875 -0.0874786376953125 -0.0142097473144531 -0.04400634765625
-0.0474014282226562 -0.08465576171875 -0.0492630004882813 -0.0399589538574219
-0.0874404907226562 -0.0613632202148438 -0.0623245239257812 -0.0248260498046875
-0.0758438110351563 -0.067962646484375 -0.0501861572265625 -0.0170783996582031
-0.0854110717773438 -0.07122802734375 -0.0515289306640625 -0.0351943969726562
-0.0468597412109375 -0.0945358276367187 -0.0364608764648438 -0.0466804504394531
0.0137557983398437 -0.103240966796875 -0.00500106811523437 -0.0441741943359375
0.0713043212890625 -0.0652389526367188 0.0175933837890625 -0.0398750305175781
0.100379943847656 0.0143051147460937 0.0229701995849609 -0.0126571655273438
0.07244873046875 0.0584869384765625 -0.00142383575439453 -0.0145606994628906
0.0197830200195313 0.096710205078125 -0.00269317626953124 -0.0541763305664062
-0.00100708007812501 0.130783081054688 0.0144920349121094 -0.0428123474121094
0.0488662719726563 0.0973968505859375 0.00368499755859375 -0.0425605773925781
0.114952087402344 0.0409469604492188 -0.00477981567382812 -0.0219802856445313
0.0955123901367188 -0.0487289428710938 -0.011383056640625 -0.0202198028564453
0.0463790893554688 -0.103263854980469 -0.00107383728027344 -0.014002799987793
-0.046295166015625 -0.109138488769531 -0.0210056304931641 -0.0131187438964844
-0.097320556640625 -0.080596923828125 -0.0223464965820313 -0.00669860839843751
-0.0880050659179687 -0.0823745727539063 -0.0125484466552734 6.77108764648398E-05
-0.103317260742188 -0.0821304321289063 -0.017608642578125 -0.0122203826904297
-0.0649795532226563 -0.105422973632813 -0.0145998001098633 -0.0131769180297852
0.00180053710937501 -0.123886108398438 0.00232410430908203 -0.0124168395996094
0.0717315673828125 -0.0882949829101563 0.00952148437500001 -0.0156431198120117
0.122154235839844 0.00432586669921875 0.0100955963134766 0.00113296508789063
0.0955429077148438 0.0670242309570313 -0.00221443176269531 0.00152087211608887
0.0305709838867188 0.119468688964844 -0.00848197937011719 -0.0220775604248047
-0.00959777832031249 0.126091003417969 0.0140495300292969 -0.00164318084716796
0.0341110229492188 0.0979080200195313 0.00840377807617188 -0.0185508728027344
0.104194641113281 0.0553054809570313 -0.0120553970336914 -0.00820636749267578
0.0999374389648438 -0.0336532592773438 -0.0205039978027344 0.00514793395996093
0.0595626831054688 -0.095428466796875 0.00125312805175781 0.0232467651367187
-0.0343399047851563 -0.113655090332031 0.0040130615234375 0.0226974487304687
-0.090728759765625 -0.0863723754882813 0.0193653106689453 0.0169563293457031
-0.0871505737304688 -0.0840911865234375 0.0267353057861328 0.0169849395751953
-0.105903625488281 -0.0814971923828125 0.0206928253173828 0.00780105590820312
-0.0720291137695312 -0.101112365722656 0.0152425765991211 0.0147809982299805
-0.00889587402343749 -0.125213623046875 0.0195140838623047 0.0149002075195312
0.0624847412109375 -0.0959625244140625 0.0137920379638672 0.00942993164062499
0.125320434570312 -0.0059356689453125 0.00978279113769532 0.0206260681152344
0.10455322265625 0.0645751953125 0.00715446472167969 0.0229473114013672
0.039215087890625 0.123817443847656 -0.00776958465576172 0.0172615051269531
-0.0152130126953125 0.102012634277344 0.0068817138671875 0.0361824035644531
0.0159759521484375 0.08099365234375 0.00479984283447266 0.00070571899414063
0.0735702514648438 0.056182861328125 -0.0274314880371094 -0.00107574462890625
0.0815353393554688 -0.0146636962890625 -0.0388870239257812 0.0256805419921875
0.0575637817382812 -0.0701637268066406 -0.0081939697265625 0.0564918518066406
-0.019134521484375 -0.096221923828125 0.0205612182617188 0.058990478515625
-0.0704421997070313 -0.0768051147460937 0.055023193359375 0.0417747497558594
-0.0725784301757813 -0.0734329223632813 0.0618972778320313 0.0312995910644531
-0.0911483764648437 -0.0709991455078125 0.0574073791503906 0.0229110717773437
-0.064605712890625 -0.086212158203125 0.0459175109863281 0.0358543395996094
-0.0113601684570312 -0.108001708984375 0.0390663146972656 0.0351409912109375
0.04974365234375 -0.0854873657226562 0.0237236022949219 0.0296669006347656
0.108589172363281 -0.0090789794921875 0.0172653198242188 0.0378570556640625
0.0944290161132813 0.0549774169921875 0.0234603881835938 0.0464439392089844
0.0383071899414063 0.109199523925781 -0.00282669067382812 0.057373046875
-0.0150222778320312 0.0652046203613281 0.00020217895507812 0.0629501342773438
0.00241470336914063 0.0527534484863281 -0.00122833251953125 0.0118608474731445
0.0371894836425781 0.0431251525878906 -0.0427131652832031 -0.000885009765625006
0.0490760803222656 -0.000102996826171875 -0.057098388671875 0.0381622314453125
0.0403518676757813 -0.0375480651855469 -0.02020263671875 0.0789718627929688
-0.00659179687500001 -0.0620689392089844 0.030517578125 0.0874557495117188
-0.0413894653320313 -0.0529365539550781 0.080535888671875 0.0611648559570313
-0.0469398498535156 -0.0521659851074219 0.0875778198242188 0.040863037109375
-0.0619010925292969 -0.0522956848144531 0.0859298706054688 0.0336074829101563
-0.0449371337890625 -0.0621109008789062 0.0699501037597656 0.0504684448242187
-0.00677490234375001 -0.0770263671875 0.0530815124511719 0.0492362976074219
0.0344467163085938 -0.0614280700683594 0.0322265625 0.0440406799316406
0.0765151977539063 -0.00698089599609375 0.0257911682128906 0.0504951477050781
0.0667457580566406 0.0380325317382813 0.0383872985839844 0.0658035278320313
0.02862548828125 0.07672119140625 0.0022735595703125 0.0931167602539063
-0.0157985687255859 -0.0271415710449219 -0.0136566162109375 -0.116813659667969
-0.0270042419433594 -0.0135650634765625 -0.0429000854492188 -0.0796127319335938
-0.0337734222412109 0.01055908203125 -0.0355415344238281 -0.046112060546875
-0.0161800384521484 0.0325660705566406 -0.0322418212890625 -0.0543098449707031
0.00189590454101562 0.0356788635253906 -0.0516738891601563 -0.0608329772949219
0.0226230621337891 0.0295295715332031 -0.0838623046875 -0.051788330078125
0.0200176239013672 0.022247314453125 -0.107872009277344 -0.0349655151367187
0.0146217346191406 0.0213394165039063 -0.0998916625976562 -0.0422744750976563
0.0104103088378906 0.0228462219238281 -0.0883026123046875 -0.0745315551757813
-0.00412082672119141 0.0153074264526367 -0.038238525390625 -0.103500366210938
-0.0139970779418945 0.00537490844726563 0.0183563232421875 -0.09051513671875
-0.010106086730957 -0.0103006362915039 0.0564041137695312 -0.0485877990722656
0.00137138366699219 -0.0231857299804688 0.0547676086425781 0.000167846679687499
0.0129909515380859 -0.0212326049804688 0.0124635696411133 -0.0156259536743164
0.0131359100341797 -0.0271377563476563 0.0152587890625 -0.0790481567382812
-0.000701904296874998 0.0273685455322266 -0.0107269287109375 -0.122627258300781
0.00772380828857422 0.0166902542114258 -0.0400238037109375 -0.0851516723632813
0.0145711898803711 0.00633621215820312 -0.0301322937011719 -0.0486984252929688
0.00856494903564453 -0.00157642364501953 -0.0298728942871094 -0.0581779479980469
0.00239276885986328 -0.00920963287353516 -0.0455093383789063 -0.0649528503417969
-0.0087285041809082 -0.00760412216186524 -0.0844802856445312 -0.0561981201171875
-0.0229606628417969 -0.00466346740722656 -0.108810424804688 -0.0377120971679688
-0.0203495025634766 -0.0113887786865234 -0.09735107421875 -0.0407638549804688
-0.0238628387451172 -0.0148067474365234 -0.0887603759765625 -0.0716018676757813
-0.0130558013916016 -0.0283718109130859 -0.0438308715820313 -0.0988006591796875
0.005859375 -0.0307502746582031 0.0122909545898438 -0.0882415771484375
0.02569580078125 -0.0209846496582031 0.052276611328125 -0.0550918579101563
0.0323715209960938 -0.000448226928710938 0.0535011291503906 -0.00704574584960938
0.0264892578125 0.0102119445800781 0.0120258331298828 -0.0194854736328125
0.0103912353515625 0.0180912017822266 0.0131454467773437 -0.082672119140625
0.0074005126953125 0.0767974853515625 -0.00225830078125001 -0.11090087890625
0.0359230041503906 0.0497474670410156 -0.027496337890625 -0.0806427001953125
0.062255859375 0.0100021362304688 -0.0190277099609375 -0.0454978942871094
0.0395011901855469 -0.0309181213378906 -0.0219001770019531 -0.0551033020019531
0.0104560852050781 -0.0531234741210938 -0.0318145751953125 -0.0612335205078125
-0.0345344543457031 -0.0474510192871094 -0.0728378295898437 -0.053253173828125
-0.0616035461425781 -0.0345306396484375 -0.0928497314453125 -0.0345382690429687
-0.0523338317871094 -0.0430526733398437 -0.0797195434570313 -0.031280517578125
-0.0574378967285156 -0.0476493835449219 -0.07659912109375 -0.0572891235351563
-0.0275077819824219 -0.06707763671875 -0.0455169677734375 -0.07763671875
0.0159835815429688 -0.0696983337402344 0.000541687011718758 -0.0721054077148437
0.0553741455078125 -0.0402450561523438 0.0349655151367188 -0.0543937683105469
0.066986083984375 0.0132865905761719 0.0407752990722656 -0.0145721435546875
0.0467147827148438 0.0384483337402344 0.00549697875976563 -0.0209674835205078
0.011688232421875 0.0611839294433594 0.005218505859375 -0.074981689453125
0.00761413574218749 0.114028930664062 0.008148193359375 -0.08251953125
0.0514907836914063 0.0791778564453125 -0.0107460021972656 -0.0658798217773438
0.0999298095703125 0.0228729248046875 -0.00835800170898437 -0.0359840393066406
0.0720367431640625 -0.0482864379882812 -0.0137939453125 -0.0425605773925781
0.0263900756835938 -0.0877532958984375 -0.0144195556640625 -0.0443153381347656
-0.0479049682617187 -0.0844497680664063 -0.04925537109375 -0.0399169921875
-0.0879058837890625 -0.0609588623046875 -0.0621109008789063 -0.0243988037109375
-0.076171875 -0.0678253173828125 -0.0500221252441406 -0.0166854858398438
-0.0859375 -0.0710296630859375 -0.0518531799316406 -0.0350685119628906
-0.047210693359375 -0.0941238403320312 -0.0366554260253906 -0.0463104248046875
0.0133590698242187 -0.103851318359375 -0.00529098510742187 -0.044342041015625
0.071441650390625 -0.0662689208984375 0.0170783996582031 -0.0401954650878906
0.100433349609375 0.0135726928710938 0.02264404296875 -0.0126590728759766
0.0726852416992188 0.0581512451171875 -0.00143432617187499 -0.0148019790649414
0.0202255249023438 0.09698486328125 -0.00323486328125 -0.0542526245117187
-0.000259399414062494 0.131027221679688 0.0144767761230469 -0.0430526733398437
0.0494308471679687 0.097564697265625 0.00350570678710938 -0.0422935485839844
0.115440368652344 0.0406417846679687 -0.00424385070800781 -0.0218544006347656
0.0955581665039062 -0.0486602783203125 -0.0109710693359375 -0.0201530456542969
0.0463180541992188 -0.103599548339844 -0.00114822387695312 -0.0138521194458008
-0.0468063354492188 -0.108863830566406 -0.0211124420166016 -0.0129451751708984
-0.0977554321289063 -0.0794143676757813 -0.0220317840576172 -0.0066070556640625
-0.088592529296875 -0.0818939208984375 -0.0119762420654297 0.000299453735351559
-0.103347778320313 -0.0817108154296875 -0.0177173614501953 -0.0121994018554688
-0.0650863647460938 -0.105224609375 -0.0146036148071289 -0.0131101608276367
0.00124359130859374 -0.124107360839844 0.00179195404052734 -0.0122699737548828
0.0716705322265625 -0.0887527465820313 0.0094289779663086 -0.0158357620239258
0.122688293457031 0.00429534912109375 0.0102272033691406 0.00118541717529297
0.0956268310546875 0.0662689208984375 -0.00205194950103759 0.00102281570434571
0.0314178466796875 0.11944580078125 -0.00892257690429687 -0.0224227905273437
-0.00884246826171876 0.126312255859375 0.0137844085693359 -0.00172233581542968
0.0344619750976563 0.0982513427734375 0.00812530517578125 -0.0186004638671875
0.104621887207031 0.0548324584960938 -0.0116806030273437 -0.00799846649169921
0.0997238159179688 -0.0340042114257812 -0.020477294921875 0.00551033020019531
0.058685302734375 -0.0960006713867187 0.00127220153808594 0.0232906341552734
-0.0349502563476563 -0.113189697265625 0.00397300720214843 0.0226192474365234
-0.0912551879882812 -0.0858306884765625 0.0192356109619141 0.01715087890625
-0.0874252319335938 -0.0839157104492188 0.02685546875 0.0169258117675781
-0.106491088867188 -0.0812225341796875 0.0207481384277344 0.00780296325683593
-0.071990966796875 -0.100906372070313 0.0151834487915039 0.0150690078735351
-0.00947570800781251 -0.125259399414062 0.0192852020263672 0.0150718688964844
0.0623550415039063 -0.0966720581054687 0.0136308670043945 0.00959777832031249
0.125381469726563 -0.0063323974609375 0.00944519042968751 0.0205554962158203
0.104660034179687 0.06390380859375 0.00755119323730469 0.0230560302734375
0.0399093627929688 0.123893737792969 -0.00759220123291015 0.0171918869018555
-0.0146102905273437 0.102973937988281 0.00742340087890625 0.0360794067382813
0.0166702270507813 0.08123779296875 0.00468349456787109 0.000587940216064458
0.0742340087890625 0.0558929443359375 -0.0268058776855469 -0.00115203857421874
0.081695556640625 -0.0149612426757813 -0.0388832092285156 0.0262985229492187
0.057159423828125 -0.0704727172851563 -0.00791549682617188 0.0562286376953125
-0.0193939208984375 -0.096435546875 0.0209732055664063 0.0591506958007812
-0.0706939697265625 -0.0763473510742188 0.0547599792480469 0.0417137145996094
-0.07281494140625 -0.0737380981445313 0.0620384216308594 0.03106689453125
-0.0918426513671875 -0.0705718994140625 0.0574378967285156 0.0227241516113281
-0.0652618408203125 -0.085723876953125 0.0462570190429687 0.0358009338378906
-0.0117340087890625 -0.107933044433594 0.0392112731933594 0.03546142578125
0.0495071411132813 -0.0857162475585938 0.0235404968261719 0.0297393798828125
0.108619689941406 -0.00948333740234375 0.0170745849609375 0.0377540588378906
0.0949554443359375 0.0545501708984375 0.0238838195800781 0.0458946228027344
0.03924560546875 0.109329223632813 -0.00301742553710937 0.0577011108398438
-0.0147209167480469 0.0656585693359375 0.000141143798828124 0.0631561279296875
0.00238800048828125 0.0529060363769531 -0.00146865844726562 0.0114774703979492
0.0379562377929688 0.0427513122558594 -0.0425033569335938 -0.000869750976562495
0.0492286682128906 -0.000701904296875 -0.0566215515136719 0.0382957458496094
0.0398483276367187 -0.0381202697753906 -0.0197525024414062 0.0791244506835938
-0.00664138793945312 -0.0620155334472656 0.0309219360351563 0.0873260498046875
-0.0418624877929688 -0.0527572631835938 0.080780029296875 0.060821533203125
-0.0475311279296875 -0.0516319274902344 0.0875473022460938 0.0405197143554688
-0.0622825622558594 -0.0519943237304688 0.08624267578125 0.0335769653320313
-0.0448799133300781 -0.0617904663085937 0.070098876953125 0.0499496459960937
-0.00741577148437501 -0.0772933959960938 0.0531730651855469 0.0489387512207031
0.0349922180175781 -0.061309814453125 0.0319290161132812 0.0441246032714844
0.0765838623046875 -0.00748443603515625 0.0258979797363281 0.0499839782714844
0.0671157836914063 0.0379257202148438 0.0388908386230469 0.0659599304199219
0.0293731689453125 0.07708740234375 0.00279998779296874 0.0934677124023438
-0.0159378051757813 -0.02752685546875 -0.01446533203125 -0.116950988769531
-0.0271224975585938 -0.0136222839355469 -0.0431900024414063 -0.0798263549804688
-0.0340976715087891 0.0113105773925781 -0.03521728515625 -0.0461196899414063
-0.0162620544433594 0.0327472686767578 -0.0321121215820313 -0.0541877746582031
0.00250244140625 0.0353431701660156 -0.0521278381347656 -0.0608558654785156
0.0226669311523438 0.0295906066894531 -0.0841903686523437 -0.0518417358398438
0.0203876495361328 0.0220680236816406 -0.108139038085938 -0.034637451171875
0.014434814453125 0.0213451385498047 -0.100135803222656 -0.0424957275390625
0.0104484558105469 0.0226840972900391 -0.0891342163085938 -0.0740280151367187
-0.00419902801513672 0.0151243209838867 -0.0390243530273438 -0.1033935546875
-0.014063835144043 0.00553131103515625 0.0183258056640625 -0.0905075073242188
-0.0103273391723633 -0.00992202758789063 0.0568771362304687 -0.04888916015625
0.00125312805175781 -0.0233707427978516 0.054840087890625 3.05175781249986E-05
0.0127544403076172 -0.0210990905761719 0.0119380950927734 -0.0157995223999023
0.0127105712890625 -0.0275955200195313 0.0148162841796875 -0.07916259765625
-0.000427246093750001 0.0276718139648438 -0.0111618041992188 -0.123237609863281
0.00804901123046875 0.0166158676147461 -0.0405731201171875 -0.0856399536132813
0.0143136978149414 0.00643253326416016 -0.0296592712402344 -0.0483245849609375
0.00838518142700195 -0.00159406661987305 -0.0300521850585937 -0.0578804016113281
0.00249671936035156 -0.00907993316650391 -0.0457115173339844 -0.0657615661621094
-0.00883579254150391 -0.00745487213134766 -0.0848846435546875 -0.0563812255859375
-0.023101806640625 -0.00478363037109375 -0.109161376953125 -0.036956787109375
-0.0201625823974609 -0.011474609375 -0.0975799560546875 -0.0407180786132813
-0.0236110687255859 -0.0145282745361328 -0.0891647338867188 -0.0715713500976562
-0.0130672454833984 -0.0281715393066406 -0.0446701049804688 -0.0990447998046875
0.00563812255859375 -0.0311679840087891 0.0118865966796875 -0.0882949829101563
0.0262718200683594 -0.0210208892822266 0.0515937805175781 -0.0551681518554687
0.0325469970703125 -0.000356674194335937 0.0536346435546875 -0.00698089599609375
0.0265064239501953 0.0100955963134766 0.0116443634033203 -0.0194263458251953
0.00998878479003906 0.0176277160644531 0.0126113891601562 -0.0826568603515625
0.0079345703125 0.0771026611328125 -0.0027923583984375 -0.111244201660156
0.0362052917480469 0.0502471923828125 -0.0278396606445312 -0.0804977416992188
0.0623893737792969 0.0101318359375 -0.0188369750976562 -0.0455169677734375
0.0400123596191406 -0.0311355590820312 -0.0219535827636719 -0.0547981262207031
0.0106315612792969 -0.0532913208007813 -0.0318832397460937 -0.061492919921875
-0.03448486328125 -0.0474281311035156 -0.073211669921875 -0.0534515380859375
-0.0619125366210938 -0.0340385437011719 -0.0929107666015625 -0.0341339111328125
-0.0523757934570312 -0.0429306030273438 -0.0802230834960938 -0.0315399169921875
-0.0577163696289063 -0.0480766296386719 -0.0771560668945312 -0.0565719604492188
-0.0280036926269531 -0.0670433044433594 -0.0457687377929687 -0.07763671875
0.0161018371582031 -0.0693893432617188 0.000183105468749995 -0.0723114013671875
0.0558052062988281 -0.0402641296386719 0.034515380859375 -0.0548324584960937
0.0672149658203125 0.0128822326660156 0.0408859252929688 -0.0149917602539062
0.0467453002929688 0.0384178161621094 0.00564384460449219 -0.0211772918701172
0.0119972229003906 0.0611419677734375 0.0053253173828125 -0.07550048828125
0.00818634033203126 0.114326477050781 0.00775146484375 -0.0828781127929687
0.051910400390625 0.079437255859375 -0.0107345581054687 -0.0654411315917969
0.100410461425781 0.022125244140625 -0.00823211669921874 -0.0365486145019531
0.0721969604492187 -0.0489044189453125 -0.0135841369628906 -0.0424461364746094
0.0264053344726562 -0.0882492065429688 -0.01422119140625 -0.0446128845214844
-0.0484085083007813 -0.08465576171875 -0.0496635437011719 -0.0399971008300781
-0.088348388671875 -0.0606231689453125 -0.0624771118164063 -0.02410888671875
-0.0765914916992188 -0.0678787231445312 -0.0500259399414063 -0.0170631408691406
-0.0863571166992188 -0.071136474609375 -0.0522270202636719 -0.0344505310058594
-0.0477752685546875 -0.0942535400390625 -0.0370521545410156 -0.0462760925292969
0.0129928588867187 -0.103485107421875 -0.00532913208007812 -0.0441436767578125
0.07122802734375 -0.0666885375976563 0.0172615051269531 -0.0404396057128906
0.101127624511719 0.0134811401367188 0.0223884582519531 -0.0128993988037109
0.0729827880859375 0.05810546875 -0.00177192687988281 -0.0146331787109375
0.0203781127929687 0.09710693359375 -0.00359725952148437 -0.0547218322753906
0.000457763671875007 0.1318359375 0.0140113830566406 -0.0434455871582031
0.0499267578125 0.0976791381835938 0.0031280517578125 -0.0422286987304687
0.116348266601563 0.0401763916015625 -0.00383758544921874 -0.0217685699462891
0.09576416015625 -0.049102783203125 -0.0109710693359375 -0.0203285217285156
0.04571533203125 -0.104377746582031 -0.000915527343749997 -0.0141019821166992
-0.047576904296875 -0.108909606933594 -0.0213031768798828 -0.0129280090332031
-0.0983428955078125 -0.0798263549804688 -0.0223026275634766 -0.00627517700195313
-0.0890426635742188 -0.08203125 -0.0122747421264648 0.000229835510253903
-0.104232788085938 -0.0820999145507813 -0.0178794860839844 -0.0117321014404297
-0.0655288696289062 -0.105209350585938 -0.0148992538452148 -0.0125188827514649
0.000587463378906254 -0.124465942382813 0.00191593170166016 -0.0122795104980469
0.0715103149414063 -0.0894393920898438 0.00895404815673829 -0.016057014465332
0.122795104980469 0.003631591796875 0.00990104675292969 0.0013427734375
0.0961532592773438 0.0665740966796875 -0.00227808952331542 0.00099420547485352
0.0320968627929687 0.119773864746094 -0.00885772705078125 -0.0225429534912109
-0.00815582275390626 0.127235412597656 0.0137748718261719 -0.00213336944580077
0.035064697265625 0.0984344482421875 0.00806999206542969 -0.0183620452880859
0.105491638183594 0.0545196533203125 -0.0109119415283203 -0.0079965591430664
0.100135803222656 -0.0345230102539063 -0.0204734802246094 0.00523757934570312
0.0588226318359375 -0.0966644287109375 0.00124359130859376 0.0228481292724609
-0.0354461669921875 -0.113632202148437 0.00389862060546875 0.0226707458496094
-0.0916213989257812 -0.085205078125 0.0194969177246094 0.0173778533935547
-0.0883407592773438 -0.0837783813476563 0.0270652770996094 0.0170764923095703
-0.106948852539062 -0.0808792114257813 0.0206050872802734 0.00774002075195312
-0.0726776123046875 -0.101165771484375 0.0151548385620117 0.0151376724243164
-0.00972747802734375 -0.125259399414062 0.0194892883300781 0.0148525238037109
0.062408447265625 -0.0972518920898438 0.0135278701782227 0.00928211212158202
0.125785827636719 -0.00682830810546875 0.00923156738281251 0.0203666687011719
0.105003356933594 0.0641326904296875 0.00737190246582032 0.0230922698974609
0.0407180786132812 0.124313354492188 -0.00760650634765625 0.0172863006591797
-0.0142669677734375 0.103652954101563 0.00774002075195313 0.035980224609375
0.0170440673828125 0.08111572265625 0.0047612190246582 0.000368118286132817
0.0748291015625 0.0555267333984375 -0.0263385772705078 -0.000951766967773439
0.082305908203125 -0.015350341796875 -0.0386772155761719 0.0258941650390625
0.0574188232421875 -0.0714492797851562 -0.00727462768554687 0.0563240051269531
-0.0196151733398437 -0.0963211059570313 0.0210037231445313 0.0595283508300781
-0.0712738037109375 -0.075897216796875 0.055511474609375 0.0416030883789062
-0.0733566284179688 -0.073211669921875 0.0621719360351562 0.0309028625488281
-0.0920181274414062 -0.070648193359375 0.0577354431152344 0.0226783752441406
-0.0656204223632812 -0.0858917236328125 0.0462226867675781 0.0359840393066406
-0.0126266479492188 -0.108238220214844 0.0390281677246094 0.0355415344238281
0.0494003295898437 -0.086181640625 0.0234260559082031 0.0295963287353516
0.109054565429687 -0.01007080078125 0.0171127319335938 0.0378570556640625
0.095123291015625 0.0545425415039063 0.0238800048828125 0.0457267761230469
0.03973388671875 0.109725952148438 -0.002227783203125 0.0580329895019531
-0.0140495300292969 0.0662727355957031 0.000690460205078128 0.0633049011230469
0.00308609008789063 0.0530204772949219 -0.00138092041015625 0.0117559432983398
0.0383186340332031 0.0428009033203125 -0.0422248840332031 -0.000877380371093753
0.0495681762695313 -0.00080108642578125 -0.0564346313476563 0.0382194519042969
0.0399360656738281 -0.038818359375 -0.0195846557617188 0.0791778564453125
-0.00722503662109375 -0.0619392395019531 0.031280517578125 0.0878448486328125
-0.0420722961425781 -0.0521659851074219 0.0808944702148438 0.0605697631835938
-0.04803466796875 -0.0518264770507813 0.0878143310546875 0.040618896484375
-0.062530517578125 -0.0519332885742188 0.0864791870117187 0.0335540771484375
-0.0452957153320312 -0.0617141723632813 0.0708389282226563 0.050048828125
-0.0075225830078125 -0.0775909423828125 0.0535240173339844 0.0491218566894531
0.0346298217773438 -0.0619049072265625 0.0321617126464844 0.0443649291992187
0.076751708984375 -0.00780487060546875 0.025970458984375 0.0503692626953125
0.0677909851074219 0.0381622314453125 0.039337158203125 0.0656471252441406
0.0296173095703125 0.0773849487304688 0.00337982177734375 0.093597412109375
-0.0159397125244141 -0.0277137756347656 -0.0150527954101563 -0.117530822753906
-0.0279331207275391 -0.0136508941650391 -0.0444259643554688 -0.0799407958984375
-0.0345897674560547 0.0114955902099609 -0.0355758666992188 -0.0461883544921875
-0.0159988403320312 0.0332984924316406 -0.0321426391601563 -0.0542335510253906
0.00246810913085937 0.0356674194335938 -0.0525360107421875 -0.0611763000488281
0.0225009918212891 0.0294399261474609 -0.08428955078125 -0.0518264770507813
0.0203876495361328 0.0221061706542969 -0.108261108398438 -0.0351028442382812
0.0149517059326172 0.0215415954589844 -0.100341796875 -0.04278564453125
0.0104007720947266 0.0226955413818359 -0.0899658203125 -0.0744247436523437
-0.00402736663818359 0.0151948928833008 -0.039642333984375 -0.103439331054688
-0.0141820907592773 0.00569915771484375 0.0180206298828125 -0.090728759765625
-0.0103769302368164 -0.0101480484008789 0.0567436218261719 -0.0491447448730469
0.000923156738281248 -0.0234031677246094 0.055084228515625 -6.86645507812514E-05
0.0128631591796875 -0.0217819213867188 0.011775016784668 -0.016047477722168
0.0128822326660156 -0.0279407501220703 0.0146331787109375 -0.0794448852539063
-0.000143051147460937 0.0275306701660156 -0.011688232421875 -0.123672485351563
0.00803565979003906 0.0160799026489258 -0.0410079956054688 -0.085540771484375
0.0143518447875977 0.00636768341064453 -0.0303459167480469 -0.0482292175292969
0.00858402252197266 -0.00150966644287109 -0.0302619934082031 -0.0582160949707031
0.00233745574951172 -0.00954914093017578 -0.0458488464355469 -0.0659980773925781
-0.00923824310302734 -0.00697708129882813 -0.0853424072265625 -0.0561294555664063
-0.0232772827148438 -0.00488662719726562 -0.109611511230469 -0.0367889404296875
-0.0203399658203125 -0.0114154815673828 -0.0983352661132813 -0.040924072265625
-0.0240039825439453 -0.014556884765625 -0.09014892578125 -0.071624755859375
-0.0129871368408203 -0.0280685424804688 -0.0449981689453125 -0.099273681640625
0.00589942932128906 -0.0308628082275391 0.0121994018554688 -0.0884933471679688
0.0258617401123047 -0.0208282470703125 0.0518836975097656 -0.055694580078125
0.0324459075927734 -0.000583648681640625 0.05364990234375 -0.00726699829101563
0.0263862609863281 0.0101547241210938 0.0118904113769531 -0.0196609497070313
0.0102481842041016 0.0174932479858398 0.0121612548828125 -0.0831222534179688
0.00835418701171875 0.0775070190429687 -0.00320434570312501 -0.112030029296875
0.0367851257324219 0.0499343872070313 -0.0284652709960938 -0.0807571411132813
0.0631866455078125 0.00998687744140625 -0.019256591796875 -0.0457878112792969
0.0396461486816406 -0.0313034057617188 -0.0223808288574219 -0.0551376342773438
0.0105781555175781 -0.0537071228027344 -0.0320968627929688 -0.0622482299804687
-0.0346603393554688 -0.0479087829589844 -0.0733795166015625 -0.0534744262695313
-0.0623207092285156 -0.03424072265625 -0.0936431884765625 -0.0341033935546875
-0.0528335571289063 -0.0431709289550781 -0.080352783203125 -0.0313796997070312
-0.0579376220703125 -0.0480690002441406 -0.0773086547851563 -0.05682373046875
-0.0281105041503906 -0.0673103332519531 -0.0468368530273438 -0.07794189453125
0.0160255432128906 -0.0701103210449219 0.00028228759765625 -0.0724411010742188
0.0563735961914063 -0.0405120849609375 0.0344924926757813 -0.0551910400390625
0.067779541015625 0.0131149291992188 0.0407142639160156 -0.0149955749511719
0.0466880798339844 0.0376930236816406 0.00525856018066407 -0.0210533142089844
0.0121955871582031 0.0614128112792969 0.00460052490234375 -0.07537841796875
0.00841522216796875 0.114761352539063 0.00727081298828125 -0.0834732055664062
0.0518112182617188 0.0798797607421875 -0.0113372802734375 -0.0653266906738281
0.100906372070313 0.0216522216796875 -0.00793838500976562 -0.0363655090332031
0.0726394653320313 -0.0491943359375 -0.0133552551269531 -0.042816162109375
0.0262451171875 -0.0887069702148438 -0.0143280029296875 -0.0451240539550781
-0.0486831665039063 -0.0849380493164063 -0.0498428344726563 -0.0398597717285156
-0.0884552001953125 -0.0606689453125 -0.0626716613769531 -0.0239105224609375
-0.0769424438476562 -0.0680313110351563 -0.0498619079589844 -0.0168075561523438
-0.086822509765625 -0.0714035034179687 -0.0531196594238281 -0.034912109375
-0.0479049682617187 -0.0939407348632813 -0.0373344421386719 -0.0459632873535156
0.0129241943359375 -0.103988647460937 -0.00548934936523438 -0.0447196960449219
0.0720596313476562 -0.0674819946289063 0.0167236328125 -0.0403366088867188
0.101387023925781 0.0131988525390625 0.0223598480224609 -0.0131206512451172
0.0731353759765625 0.0581893920898438 -0.00182533264160156 -0.0147132873535156
0.0214996337890625 0.0978546142578125 -0.0036773681640625 -0.0549125671386719
0.00144195556640624 0.132911682128906 0.01434326171875 -0.0437355041503906
0.0502777099609375 0.0983428955078125 0.00327682495117188 -0.0423736572265625
0.117088317871094 0.0396347045898438 -0.00331687927246093 -0.0214290618896484
0.096282958984375 -0.049713134765625 -0.0105266571044922 -0.0200405120849609
0.0455780029296875 -0.104804992675781 -0.000763893127441402 -0.0145626068115234
-0.0475997924804688 -0.108932495117188 -0.0214748382568359 -0.0130405426025391
-0.0992355346679688 -0.0793685913085938 -0.0222511291503906 -0.00633811950683594
-0.0900650024414063 -0.0820236206054687 -0.0119075775146484 -0.000247955322265631
-0.10498046875 -0.08184814453125 -0.0179233551025391 -0.0116119384765625
-0.0660476684570313 -0.10528564453125 -0.0151405334472656 -0.0123605728149414
0.000625610351562497 -0.124717712402344 0.0019683837890625 -0.0122365951538086
0.0723190307617188 -0.0900802612304688 0.00863265991210938 -0.0159988403320313
0.123558044433594 0.00341796875 0.00971984863281251 0.000875473022460938
0.096649169921875 0.06671142578125 -0.00246191024780273 0.00139045715332032
0.0325393676757813 0.120460510253906 -0.00889778137207031 -0.0227470397949219
-0.00789642333984376 0.128463745117188 0.0134706497192383 -0.00225639343261718
0.0355377197265625 0.0988998413085938 0.00786399841308594 -0.0186328887939453
0.106285095214844 0.054473876953125 -0.0106487274169922 -0.00799751281738281
0.100837707519531 -0.0352783203125 -0.0200653076171875 0.00520706176757812
0.0587005615234375 -0.097564697265625 0.00140571594238281 0.0228233337402344
-0.0356826782226562 -0.113807678222656 0.00413322448730468 0.0228862762451172
-0.0927505493164063 -0.0852432250976563 0.0192604064941406 0.0170974731445312
-0.0886611938476563 -0.0840835571289062 0.02728271484375 0.0167980194091797
-0.107337951660156 -0.0810089111328125 0.0207443237304687 0.00823593139648437
-0.0735931396484375 -0.100898742675781 0.0154705047607422 0.0154266357421875
-0.010009765625 -0.126060485839844 0.0197200775146484 0.0152626037597656
0.0626602172851563 -0.0981369018554688 0.0133790969848633 0.00939369201660156
0.126380920410156 -0.0070037841796875 0.00913429260253907 0.0201759338378906
0.105697631835938 0.0640792846679688 0.00744438171386719 0.0227680206298828
0.041107177734375 0.124794006347656 -0.0075531005859375 0.0171880722045899
-0.0138931274414062 0.10455322265625 0.007843017578125 0.036102294921875
0.0175018310546875 0.0820693969726563 0.00494813919067383 0.000571727752685552
0.0757598876953125 0.0557479858398438 -0.0262660980224609 -0.000780105590820306
0.0827865600585938 -0.0158767700195313 -0.0382919311523437 0.0261726379394531
0.0574417114257813 -0.0723342895507813 -0.00734710693359374 0.0564765930175781
-0.02032470703125 -0.0966415405273438 0.0211639404296875 0.0598678588867187
-0.0718917846679688 -0.0754241943359375 0.05535888671875 0.0414505004882813
-0.0742645263671875 -0.0738449096679688 0.0625457763671875 0.0310592651367187
-0.0925140380859375 -0.0706558227539062 0.0583381652832031 0.0228652954101562
-0.0660858154296875 -0.0860061645507813 0.0466499328613281 0.0360870361328125
-0.0127639770507813 -0.108924865722656 0.0394363403320313 0.0355949401855469
0.0497970581054688 -0.0870819091796875 0.0234947204589844 0.0294322967529297
0.10968017578125 -0.0103759765625 0.016998291015625 0.0376205444335938
0.095611572265625 0.0544967651367188 0.0240211486816406 0.0457534790039063
0.0404815673828125 0.110191345214844 -0.00226211547851563 0.0582962036132813
-0.0141944885253906 0.0669784545898438 0.000942230224609367 0.063446044921875
0.0036163330078125 0.0531120300292969 -0.00132274627685547 0.0113096237182617
0.0388870239257812 0.0427513122558594 -0.0425186157226563 -0.000774383544921871
0.0498580932617187 -0.00120162963867187 -0.05657958984375 0.0384674072265625
0.0399894714355469 -0.0386543273925781 -0.0194320678710937 0.0791244506835938
-0.00726699829101563 -0.0623893737792969 0.03125 0.088134765625
-0.0423088073730469 -0.0521583557128906 0.0813522338867188 0.0604095458984375
-0.0485267639160156 -0.0518455505371094 0.0883636474609375 0.040496826171875
-0.0631942749023438 -0.0516319274902344 0.08721923828125 0.0334396362304688
-0.0455513000488281 -0.0615882873535156 0.0712203979492188 0.0506591796875
-0.00824737548828126 -0.0781326293945313 0.054046630859375 0.0490989685058594
0.0345191955566406 -0.0622940063476563 0.0322761535644531 0.0442657470703125
0.0777969360351563 -0.00777435302734375 0.0260963439941406 0.0504570007324219
0.0677032470703125 0.0384445190429688 0.0394248962402344 0.0657119750976563
0.0298995971679687 0.0778045654296875 0.00359344482421876 0.0940399169921875
-0.0159854888916016 -0.0282115936279297 -0.015777587890625 -0.118011474609375
-0.0281181335449219 -0.0141372680664062 -0.0444259643554688 -0.0795516967773437
-0.0346832275390625 0.0116176605224609 -0.0357437133789063 -0.0458030700683594
-0.0158119201660156 0.0336551666259766 -0.0326614379882813 -0.0546112060546875
0.00290298461914063 0.0361404418945313 -0.0527534484863281 -0.0614471435546875
0.0232620239257813 0.0292930603027344 -0.0847930908203125 -0.052032470703125
0.0208282470703125 0.0219364166259766 -0.109138488769531 -0.03436279296875
0.0153388977050781 0.0213642120361328 -0.101150512695313 -0.0427627563476562
0.01104736328125 0.0223979949951172 -0.0904464721679687 -0.0746917724609375
-0.00401401519775391 0.0153112411499023 -0.0403671264648438 -0.104057312011719
-0.0142784118652344 0.0060129165649414 0.0179061889648438 -0.09130859375
-0.0106277465820313 -0.00995254516601562 0.0569419860839844 -0.0495109558105469
0.000436782836914063 -0.0234889984130859 0.0548820495605469 2.28881835937486E-05
0.0128154754638672 -0.0215129852294922 0.0117177963256836 -0.0156040191650391
0.0126724243164062 -0.0281047821044922 0.01422119140625 -0.07977294921875
0.000152587890625 0.0273952484130859 -0.0126876831054688 -0.124664306640625
0.00806617736816406 0.0163593292236328 -0.0414581298828125 -0.0854568481445313
0.0142688751220703 0.00659084320068359 -0.0299530029296875 -0.0484046936035156
0.00866079330444336 -0.0014491081237793 -0.030426025390625 -0.0584831237792969
0.002471923828125 -0.00902080535888672 -0.0466232299804688 -0.0666122436523437
-0.00904464721679688 -0.00762653350830078 -0.0860595703125 -0.0560073852539063
-0.0231075286865234 -0.00454330444335938 -0.110427856445312 -0.036651611328125
-0.0201969146728516 -0.0114574432373047 -0.0983505249023437 -0.0404891967773437
-0.0238933563232422 -0.0146617889404297 -0.0902099609375 -0.0717620849609375
-0.0129852294921875 -0.0283584594726562 -0.045806884765625 -0.0992813110351563
0.00570869445800781 -0.0308361053466797 0.0115127563476562 -0.0891036987304687
0.026092529296875 -0.0212154388427734 0.0519485473632812 -0.0560264587402344
0.0322189331054688 -0.00104904174804688 0.0537681579589844 -0.00725936889648438
0.026336669921875 0.00967025756835937 0.0114479064941406 -0.0195751190185547
0.0105037689208984 0.0179290771484375 0.0121383666992187 -0.0838851928710938
0.00915527343750001 0.0775527954101563 -0.00409698486328125 -0.112495422363281
0.0374259948730469 0.0504226684570313 -0.0288619995117188 -0.0808181762695313
0.0635452270507813 0.00955581665039063 -0.0189247131347656 -0.0458259582519531
0.0401802062988281 -0.0315132141113281 -0.0220718383789062 -0.0556182861328125
0.0103569030761719 -0.0538978576660156 -0.0322341918945312 -0.0622901916503906
-0.0354843139648437 -0.0482864379882813 -0.073944091796875 -0.053436279296875
-0.0623512268066406 -0.03399658203125 -0.0940322875976563 -0.0336761474609375
-0.0530891418457031 -0.0432052612304687 -0.08074951171875 -0.0315475463867188
-0.0581092834472656 -0.0481796264648438 -0.0780563354492188 -0.0568618774414063
-0.02813720703125 -0.0675621032714844 -0.0474319458007812 -0.0778579711914063
0.0159683227539063 -0.07037353515625 -0.000617980957031242 -0.0726547241210937
0.0560455322265625 -0.0413932800292969 0.0345840454101563 -0.05523681640625
0.0679359436035156 0.0127906799316406 0.040679931640625 -0.0153312683105469
0.0473175048828125 0.03826904296875 0.00506019592285157 -0.0210514068603516
0.0126876831054688 0.0616073608398438 0.00493621826171875 -0.0761184692382813
0.00933837890625001 0.115592956542969 0.00691986083984375 -0.0839309692382812
0.0527572631835937 0.0805892944335938 -0.0116539001464844 -0.0655860900878906
0.10198974609375 0.0216140747070313 -0.00746917724609374 -0.0362396240234375
0.0727691650390625 -0.049591064453125 -0.0133132934570312 -0.0432853698730469
0.0263748168945313 -0.0896987915039063 -0.0145530700683594 -0.045440673828125
-0.0493698120117187 -0.08477783203125 -0.050201416015625 -0.03985595703125
-0.0895156860351563 -0.0600814819335937 -0.0630760192871094 -0.0236587524414063
-0.0775299072265625 -0.0681686401367188 -0.0503196716308594 -0.0168304443359375
-0.087554931640625 -0.0714340209960937 -0.0534744262695313 -0.0345001220703125
-0.0483474731445313 -0.0948562622070312 -0.0375709533691406 -0.0459022521972656
0.0129013061523437 -0.105026245117187 -0.00586318969726562 -0.0446395874023438
0.0719985961914063 -0.0676498413085938 0.0162544250488281 -0.0409660339355469
0.102760314941406 0.0128631591796875 0.0222339630126953 -0.013153076171875
0.073822021484375 0.0582504272460938 -0.00202846527099609 -0.0149984359741211
0.0219345092773438 0.0982513427734375 -0.0037994384765625 -0.0548820495605469
0.00183868408203125 0.134056091308594 0.01385498046875 -0.0441856384277344
0.0511398315429688 0.0989990234375 0.00298309326171876 -0.0426368713378906
0.118507385253906 0.0395736694335937 -0.00312042236328124 -0.0215873718261719
0.09674072265625 -0.0505905151367188 -0.0105819702148437 -0.0204925537109375
0.0459442138671875 -0.105934143066406 -0.00101280212402344 -0.0148849487304688
-0.0484466552734375 -0.109748840332031 -0.0213756561279297 -0.0129070281982422
-0.0996551513671875 -0.078826904296875 -0.0222034454345703 -0.00606918334960938
-0.09039306640625 -0.0827102661132813 -0.0119028091430664 -4.10079956054713E-05
-0.106208801269531 -0.082000732421875 -0.0181846618652344 -0.0116748809814453
-0.0667648315429688 -0.105430603027344 -0.0152645111083984 -0.0122613906860352
7.62939453125098E-05 -0.125511169433594 0.00186061859130859 -0.0124053955078125
0.0724029541015625 -0.0909957885742188 0.0084218978881836 -0.016169548034668
0.1246337890625 0.00299835205078125 0.00945663452148438 0.000620841979980469
0.0970916748046875 0.0666656494140625 -0.00250887870788574 0.00114488601684571
0.0333786010742187 0.12127685546875 -0.0087738037109375 -0.0225543975830078
-0.00700378417968749 0.129341125488281 0.0138874053955078 -0.00216293334960937
0.0360870361328125 0.0996551513671875 0.00819015502929688 -0.0185165405273437
0.107650756835937 0.0539398193359375 -0.0102386474609375 -0.00788021087646484
0.101081848144531 -0.0356369018554687 -0.0196495056152344 0.00556182861328124
0.05902099609375 -0.0987548828125 0.00186538696289063 0.0226001739501953
-0.036224365234375 -0.114273071289063 0.00425529479980469 0.0232925415039062
-0.092926025390625 -0.0848159790039063 0.0193386077880859 0.0171394348144531
-0.089630126953125 -0.0841293334960938 0.0275287628173828 0.016754150390625
-0.108596801757813 -0.081024169921875 0.0210208892822266 0.00844764709472656
-0.0740737915039063 -0.101242065429687 0.0154800415039062 0.0157976150512695
-0.0104598999023437 -0.126693725585937 0.0197639465332031 0.0153846740722656
0.0627059936523438 -0.0989303588867188 0.0130901336669922 0.00905799865722656
0.127517700195313 -0.00760650634765625 0.00896263122558595 0.0206489562988281
0.10650634765625 0.0645828247070313 0.00760269165039063 0.022796630859375
0.0420455932617188 0.126007080078125 -0.00745677947998046 0.0171842575073242
-0.0130767822265625 0.105117797851563 0.00783538818359375 0.0360298156738281
0.017852783203125 0.0822830200195313 0.00457620620727539 0.00052261352539063
0.0767440795898438 0.0556640625 -0.0259304046630859 -0.000928878784179686
0.0831375122070313 -0.0162429809570313 -0.0380325317382812 0.02630615234375
0.0577392578125 -0.0728302001953125 -0.0070343017578125 0.0562515258789063
-0.0206985473632812 -0.0969619750976562 0.0215110778808594 0.0604095458984375
-0.0728530883789063 -0.0755081176757813 0.0558357238769531 0.0417022705078125
-0.0747756958007812 -0.0737533569335938 0.0630340576171875 0.0311660766601562
-0.0935516357421875 -0.0705108642578125 0.0587081909179687 0.0230827331542969
-0.066650390625 -0.085968017578125 0.0468597412109375 0.0362472534179687
-0.0132904052734375 -0.109748840332031 0.0398635864257813 0.0355491638183594
0.049713134765625 -0.0882186889648438 0.0234298706054688 0.0297222137451172
0.110359191894531 -0.0107955932617188 0.0168037414550781 0.0377883911132813
0.0962677001953125 0.0551376342773438 0.0243072509765625 0.0456352233886719
0.0412063598632813 0.110923767089844 -0.00196456909179687 0.0589408874511719
-0.0137481689453125 0.0674057006835938 0.00130081176757813 0.0638809204101563
0.00360488891601563 0.0537338256835937 -0.000944137573242187 0.0118007659912109
0.0397109985351563 0.0424766540527344 -0.0418052673339844 -0.000503540039062495
0.050079345703125 -0.00133895874023438 -0.0567817687988281 0.0387802124023438
0.0400581359863281 -0.0395851135253906 -0.0191802978515625 0.0795516967773437
-0.00766372680664063 -0.0626182556152344 0.0315475463867188 0.0884170532226563
-0.0432281494140625 -0.0520401000976563 0.0820159912109375 0.0609893798828125
-0.0492401123046875 -0.0515861511230469 0.0889205932617188 0.04046630859375
-0.0640106201171875 -0.0518951416015625 0.0875396728515625 0.0335311889648438
-0.0462417602539062 -0.0619926452636719 0.0718841552734375 0.050628662109375
-0.00824737548828126 -0.0787506103515625 0.0544929504394531 0.049285888671875
0.035064697265625 -0.0630722045898438 0.0322647094726563 0.0444793701171875
0.0781707763671875 -0.00820159912109375 0.0259208679199219 0.0503578186035156
0.0682449340820313 0.0384674072265625 0.0398826599121094 0.0657463073730469
0.0305557250976563 0.0782089233398438 0.00420379638671875 0.09478759765625
-0.0163059234619141 -0.0287952423095703 -0.01629638671875 -0.119094848632813
-0.0286674499511719 -0.0140609741210938 -0.0451507568359375 -0.0799713134765625
-0.0349998474121094 0.0121288299560547 -0.0360794067382812 -0.0457000732421875
-0.015960693359375 0.0337905883789063 -0.0327835083007813 -0.054962158203125
0.00305938720703125 0.0364456176757813 -0.0535354614257812 -0.0619239807128906
0.0235252380371094 0.0293426513671875 -0.0855255126953125 -0.0523529052734375
0.0214195251464844 0.0220413208007813 -0.110038757324219 -0.0344467163085937
0.0157546997070313 0.0216808319091797 -0.101936340332031 -0.042694091796875
0.0109615325927734 0.0224781036376953 -0.0914535522460937 -0.0741424560546875
-0.00396156311035156 0.0153274536132813 -0.041168212890625 -0.105079650878906
-0.0141620635986328 0.00634956359863281 0.0176620483398437 -0.0920181274414063
-0.011164665222168 -0.00999069213867188 0.0567283630371094 -0.0499610900878906
0.00029563903808594 -0.0237960815429688 0.0557136535644531 -1.45704163267975E-18
0.0125141143798828 -0.0218639373779297 0.0112524032592773 -0.0155239105224609
0.0128059387207031 -0.0286712646484375 0.0134353637695313 -0.080108642578125
0.000415802001953127 0.0273933410644531 -0.0134353637695312 -0.125083923339844
0.00771522521972656 0.016575813293457 -0.0422821044921875 -0.0855026245117187
0.0145540237426758 0.00643730163574219 -0.0302619934082031 -0.0487251281738281
0.00873136520385742 -0.00125598907470703 -0.0300941467285156 -0.0586624145507813
0.00216102600097656 -0.00944232940673828 -0.0471687316894531 -0.0667152404785156
-0.00914573669433594 -0.00784778594970703 -0.08721923828125 -0.0568084716796875
-0.0230216979980469 -0.00485801696777344 -0.111053466796875 -0.0363235473632813
-0.0203227996826172 -0.0119152069091797 -0.0994110107421875 -0.0407867431640625
-0.0242023468017578 -0.0147438049316406 -0.0919570922851562 -0.072723388671875
-0.0133762359619141 -0.0285682678222656 -0.0464096069335937 -0.100074768066406
0.00581932067871094 -0.0311298370361328 0.0114288330078125 -0.08978271484375
0.0261955261230469 -0.0212421417236328 0.05157470703125 -0.0566902160644531
0.0326099395751953 -0.00102043151855469 0.0545387268066406 -0.00751113891601563
0.02667236328125 0.00972747802734375 0.0111045837402344 -0.0193939208984375
0.010833740234375 0.0182552337646484 0.0113449096679687 -0.0840301513671875
0.00984954833984376 0.0780258178710938 -0.00460052490234375 -0.113128662109375
0.037353515625 0.0505867004394531 -0.0297775268554688 -0.0808029174804687
0.0640678405761719 0.0092010498046875 -0.0188522338867187 -0.0459709167480469
0.0403366088867188 -0.0321159362792969 -0.0218658447265625 -0.0558967590332031
0.0100173950195313 -0.0551948547363281 -0.0331916809082031 -0.0627555847167969
-0.0359115600585938 -0.0478897094726563 -0.0743560791015625 -0.053741455078125
-0.0630035400390625 -0.0339317321777344 -0.0946578979492188 -0.0335464477539063
-0.0538711547851563 -0.0437126159667969 -0.0814132690429688 -0.0311279296875
-0.0586776733398438 -0.0484046936035156 -0.0791397094726563 -0.0562973022460938
-0.0286140441894531 -0.0678367614746094 -0.0480728149414063 -0.0783615112304688
0.015716552734375 -0.07073974609375 -0.000717163085937506 -0.072845458984375
0.0567398071289063 -0.0415611267089844 0.0338973999023438 -0.0562171936035156
0.0686378479003906 0.0128860473632813 0.0405960083007813 -0.0153388977050781
0.0474777221679688 0.0385818481445313 0.004974365234375 -0.02093505859375
0.0131645202636719 0.062286376953125 0.00426483154296875 -0.0764312744140625
0.0103988647460937 0.117012023925781 0.00662231445312499 -0.08502197265625
0.05340576171875 0.0811233520507813 -0.0120620727539062 -0.0659408569335938
0.102874755859375 0.0213470458984375 -0.00713348388671874 -0.0368232727050781
0.0735015869140625 -0.050323486328125 -0.0132369995117187 -0.04327392578125
0.026275634765625 -0.0911636352539063 -0.0147972106933594 -0.0459060668945313
-0.0496902465820312 -0.0854873657226563 -0.0504951477050781 -0.0400314331054687
-0.09027099609375 -0.0605087280273437 -0.063507080078125 -0.0238151550292969
-0.0788421630859375 -0.06842041015625 -0.050537109375 -0.0170822143554688
-0.0884933471679688 -0.0714874267578125 -0.0538749694824219 -0.0344200134277344
-0.0488052368164062 -0.0953826904296875 -0.0380668640136719 -0.04638671875
0.0124435424804688 -0.105735778808594 -0.00588607788085938 -0.0448150634765625
0.0728225708007813 -0.0686492919921875 0.0159797668457031 -0.0418548583984375
0.103034973144531 0.0125808715820312 0.02203369140625 -0.0133686065673828
0.07379150390625 0.0586776733398438 -0.00201320648193359 -0.0150966644287109
0.0223617553710938 0.0991363525390625 -0.00400161743164063 -0.0557403564453125
0.00289916992187499 0.134803771972656 0.0136184692382813 -0.0445442199707031
0.0521011352539063 0.0999984741210938 0.00259017944335938 -0.0427398681640625
0.119895935058594 0.039031982421875 -0.0028553009033203 -0.0216712951660156
0.097991943359375 -0.0516357421875 -0.0104732513427734 -0.0205097198486328
0.04595947265625 -0.10723876953125 -0.000697135925292966 -0.0154075622558594
-0.0492172241210937 -0.109954833984375 -0.0214214324951172 -0.0129203796386719
-0.10101318359375 -0.0790863037109375 -0.022674560546875 -0.00589752197265625
-0.092010498046875 -0.0828704833984375 -0.0118732452392578 2.38418579101515E-05
-0.10687255859375 -0.0822906494140625 -0.0183544158935547 -0.0111331939697266
-0.0675125122070313 -0.106224060058594 -0.0152416229248047 -0.012028694152832
-0.000457763671875 -0.126480102539063 0.00170707702636719 -0.0123720169067383
0.0728225708007813 -0.0922088623046875 0.00806617736816406 -0.016657829284668
0.125396728515625 0.00263214111328125 0.00920867919921876 0.000818252563476563
0.0976638793945313 0.0669631958007813 -0.00255846977233886 0.000680208206176762
0.0344772338867188 0.122344970703125 -0.00919532775878906 -0.0225543975830078
-0.00637054443359376 0.131217956542969 0.0140495300292969 -0.00228404998779296
0.0370712280273438 0.100532531738281 0.00816154479980469 -0.0186195373535156
0.108985900878906 0.0538711547851563 -0.0098896026611328 -0.0080413818359375
0.101860046386719 -0.0364608764648438 -0.0196723937988281 0.00574684143066406
0.0591888427734375 -0.0997238159179688 0.00185203552246094 0.0223197937011719
-0.0371932983398438 -0.114814758300781 0.00436592102050781 0.02362060546875
-0.0943984985351562 -0.0848922729492188 0.0195636749267578 0.0172653198242187
-0.090484619140625 -0.0845870971679688 0.028167724609375 0.0167827606201172
-0.109588623046875 -0.081024169921875 0.0212421417236328 0.00815010070800781
-0.0750503540039063 -0.101776123046875 0.0155525207519531 0.016265869140625
-0.0114898681640625 -0.127464294433594 0.0198688507080078 0.0153961181640625
0.0631866455078125 -0.100563049316406 0.0128965377807617 0.00924491882324218
0.128814697265625 -0.00844573974609375 0.00891304016113282 0.0206489562988281
0.107383728027344 0.0643997192382813 0.00770759582519532 0.0229282379150391
0.0431747436523438 0.126609802246094 -0.00738525390625 0.0174541473388672
-0.0124435424804687 0.106986999511719 0.00811767578125 0.0361289978027344
0.0185546875 0.0830535888671875 0.00482416152954102 0.000795364379882818
0.0780258178710938 0.0557327270507813 -0.025604248046875 -0.000820159912109371
0.0842132568359375 -0.016754150390625 -0.0383262634277344 0.0268135070800781
0.0578079223632813 -0.0738983154296875 -0.00690841674804688 0.056976318359375
-0.0215225219726562 -0.0972671508789063 0.0218620300292969 0.06060791015625
-0.073883056640625 -0.0753250122070312 0.0562057495117187 0.0415687561035156
-0.0758590698242187 -0.07391357421875 0.0637054443359375 0.0304489135742188
-0.0948715209960938 -0.07061767578125 0.0588874816894531 0.0230827331542969
-0.0676193237304688 -0.0859298706054687 0.0476608276367187 0.0366706848144531
-0.0140304565429687 -0.110305786132813 0.0401229858398438 0.035552978515625
0.0500411987304687 -0.0888442993164062 0.0234565734863281 0.0298862457275391
0.111579895019531 -0.0114822387695313 0.0169410705566406 0.037872314453125
0.0971221923828125 0.0550460815429687 0.0248565673828125 0.0455284118652344
0.0423126220703125 0.112434387207031 -0.0018157958984375 0.0588912963867188
-0.0131607055664062 0.0685195922851563 0.00201797485351563 0.0636978149414063
0.00415802001953125 0.0541725158691406 -0.00105381011962891 0.0115423202514648
0.0406074523925781 0.0425453186035156 -0.0425643920898438 -0.000652313232421874
0.050506591796875 -0.00193405151367188 -0.0563163757324219 0.0392379760742188
0.0400428771972656 -0.0401649475097656 -0.01885986328125 0.0800552368164063
-0.00826644897460937 -0.062591552734375 0.032470703125 0.08892822265625
-0.0437088012695313 -0.05206298828125 0.082672119140625 0.0611495971679688
-0.0496826171875 -0.0516242980957031 0.0894012451171875 0.0402450561523438
-0.0646934509277344 -0.0519371032714844 0.08843994140625 0.0336761474609375
-0.0470085144042969 -0.0618362426757813 0.0723953247070313 0.0510635375976562
-0.00868988037109376 -0.079193115234375 0.055328369140625 0.0497779846191406
0.0351486206054688 -0.0635948181152344 0.03265380859375 0.044952392578125
0.0791091918945313 -0.00846099853515625 0.0260124206542969 0.0503616333007813
0.0689430236816406 0.0386466979980469 0.0405502319335938 0.065765380859375
0.031463623046875 0.0791244506835938 0.00480651855468751 0.0951766967773438
-0.0166015625 -0.0294189453125 -0.016998291015625 -0.119682312011719
-0.0293159484863281 -0.0144920349121094 -0.046173095703125 -0.0803909301757813
-0.0356216430664063 0.0125694274902344 -0.0368614196777344 -0.046051025390625
-0.0160446166992188 0.0345802307128906 -0.0332412719726563 -0.0553665161132812
0.00331497192382812 0.0369110107421875 -0.0543632507324219 -0.0623245239257813
0.02386474609375 0.029388427734375 -0.0866165161132813 -0.0528182983398437
0.0217685699462891 0.0217781066894531 -0.110877990722656 -0.0339202880859375
0.0161533355712891 0.0212078094482422 -0.102897644042969 -0.0425949096679687
0.0116653442382813 0.0229549407958984 -0.0924911499023438 -0.074798583984375
-0.00405597686767578 0.0158863067626953 -0.0418930053710938 -0.105194091796875
-0.0140953063964844 0.00676059722900391 0.0172958374023438 -0.092926025390625
-0.0111770629882813 -0.00990867614746094 0.0571784973144531 -0.0506515502929688
-4.57763671875013E-05 -0.0238876342773437 0.0557861328125 -0.000434875488281251
0.0122241973876953 -0.0223121643066406 0.0110330581665039 -0.0159311294555664
0.0124435424804688 -0.0289649963378906 0.0131454467773437 -0.0805511474609375
0.00061607360839844 0.0274581909179688 -0.0145721435546875 -0.1263427734375
0.00769615173339844 0.0166730880737305 -0.0433349609375 -0.0859146118164062
0.0146484375 0.00664138793945313 -0.0301513671875 -0.0487213134765625
0.00878572463989258 -0.0012965202331543 -0.030731201171875 -0.0589752197265625
0.00247573852539062 -0.00922870635986328 -0.0480575561523438 -0.0674705505371094
-0.00904369354248047 -0.00806236267089844 -0.0881195068359375 -0.05682373046875
-0.0235328674316406 -0.0045928955078125 -0.111846923828125 -0.0360641479492188
-0.0204982757568359 -0.0117778778076172 -0.10040283203125 -0.0404052734375
-0.024322509765625 -0.0147609710693359 -0.0930404663085938 -0.0716094970703125
-0.0135860443115234 -0.0284824371337891 -0.0472412109375 -0.100982666015625
0.00557899475097656 -0.0312290191650391 0.0108184814453125 -0.0904541015625
0.0263996124267578 -0.0217227935791016 0.0517654418945313 -0.0576362609863281
0.0327320098876953 -0.000865936279296875 0.0544166564941406 -0.0076751708984375
0.0266971588134766 0.00979423522949219 0.0108203887939453 -0.0196914672851563
0.0114994049072266 0.0179691314697266 0.010894775390625 -0.084869384765625
0.01055908203125 0.0793304443359375 -0.00534820556640625 -0.114364624023438
0.0378303527832031 0.0510025024414063 -0.0306930541992188 -0.0812225341796875
0.0647773742675781 0.00925064086914063 -0.0185165405273437 -0.0461311340332031
0.040802001953125 -0.0323333740234375 -0.0227203369140625 -0.0564804077148437
0.00976943969726563 -0.0555877685546875 -0.0335311889648437 -0.0638618469238281
-0.0361900329589844 -0.0485801696777344 -0.0752792358398438 -0.0537033081054687
-0.0635337829589844 -0.0333824157714844 -0.09588623046875 -0.033416748046875
-0.0544662475585938 -0.0438194274902344 -0.0819015502929688 -0.030914306640625
-0.0595474243164063 -0.048309326171875 -0.08013916015625 -0.056854248046875
-0.0291328430175781 -0.0680351257324219 -0.04876708984375 -0.0782928466796875
0.0155258178710938 -0.0712890625 -0.00100708007812499 -0.0739593505859375
0.056793212890625 -0.0421791076660156 0.0340919494628906 -0.0572662353515625
0.0694046020507813 0.0124740600585938 0.0408668518066406 -0.0157890319824219
0.0479621887207031 0.0382194519042969 0.00475502014160156 -0.0212364196777344
0.0141181945800781 0.0626220703125 0.00384521484375 -0.077423095703125
0.0115432739257813 0.117973327636719 0.00539398193359376 -0.0857925415039062
0.0544281005859375 0.08160400390625 -0.0127677917480469 -0.0660514831542969
0.104286193847656 0.020599365234375 -0.00712203979492187 -0.0368080139160156
0.0738906860351562 -0.0512771606445312 -0.0131378173828125 -0.0436630249023438
0.0257720947265625 -0.0923843383789063 -0.0152244567871094 -0.0468101501464844
-0.05047607421875 -0.0858840942382812 -0.0512771606445313 -0.0396957397460937
-0.091400146484375 -0.0598068237304687 -0.0642814636230469 -0.0235824584960937
-0.0797500610351563 -0.06903076171875 -0.0509529113769531 -0.0170974731445313
-0.0898666381835938 -0.07183837890625 -0.0544700622558594 -0.0345001220703125
-0.0496673583984375 -0.09588623046875 -0.0385665893554688 -0.0459861755371094
0.0117568969726563 -0.106590270996094 -0.00629425048828125 -0.0448226928710938
0.0731124877929688 -0.0699691772460937 0.0155143737792969 -0.0422210693359375
0.104164123535156 0.0122756958007813 0.0218467712402344 -0.0135841369628906
0.0749588012695313 0.0586700439453125 -0.00260066986083984 -0.0153560638427734
0.0234451293945313 0.100074768066406 -0.00412368774414062 -0.0557899475097656
0.00379943847656249 0.136978149414063 0.0134048461914063 -0.0450630187988281
0.0527801513671875 0.100776672363281 0.00237655639648438 -0.0426559448242187
0.121612548828125 0.0388107299804688 -0.00240707397460937 -0.0222320556640625
0.0982208251953125 -0.0523300170898437 -0.0105381011962891 -0.0209236145019531
0.0457000732421875 -0.108688354492187 -0.000944137573242185 -0.0157938003540039
-0.0506668090820312 -0.110618591308594 -0.0218887329101563 -0.0127677917480469
-0.101951599121094 -0.0789947509765625 -0.0229396820068359 -0.00601768493652344
-0.0930252075195312 -0.0835037231445313 -0.0119781494140625 0.000458717346191401
-0.107978820800781 -0.0825958251953125 -0.0185871124267578 -0.0115814208984375
-0.0684280395507813 -0.106948852539063 -0.0153036117553711 -0.0119056701660156
-0.000991821289062502 -0.127632141113281 0.00151348114013672 -0.0121946334838867
0.0730972290039062 -0.093231201171875 0.00781536102294923 -0.0168905258178711
0.127227783203125 0.00188446044921875 0.00928211212158204 0.000643730163574219
0.0990142822265625 0.0670700073242188 -0.00255870819091796 0.000638246536254887
0.035430908203125 0.123184204101562 -0.00934982299804687 -0.0232067108154297
-0.00470733642578124 0.13250732421875 0.0141706466674805 -0.00263023376464843
0.0378494262695313 0.101493835449219 0.00817680358886719 -0.0185184478759766
0.110427856445312 0.0538406372070312 -0.00959110260009765 -0.00803089141845703
0.10302734375 -0.0374298095703125 -0.0196762084960937 0.00574111938476563
0.0590057373046875 -0.101570129394531 0.00224685668945313 0.0221996307373047
-0.038665771484375 -0.115333557128906 0.00435638427734375 0.0237617492675781
-0.0959091186523438 -0.0846099853515625 0.020111083984375 0.0175380706787109
-0.0918960571289062 -0.0846405029296875 0.0283412933349609 0.0166645050048828
-0.111061096191406 -0.0813369750976563 0.0214157104492187 0.00854110717773437
-0.07635498046875 -0.102073669433594 0.0158090591430664 0.0164413452148437
-0.0122299194335938 -0.128623962402344 0.0200881958007813 0.0153598785400391
0.0629653930664063 -0.101356506347656 0.0124120712280273 0.00905132293701171
0.130104064941406 -0.00872039794921875 0.00862503051757813 0.0203380584716797
0.108894348144531 0.064727783203125 0.00794601440429688 0.0228309631347656
0.0445175170898437 0.127876281738281 -0.007293701171875 0.0176792144775391
-0.0119094848632813 0.107780456542969 0.00872039794921875 0.0364532470703125
0.0193634033203125 0.0840682983398438 0.00518465042114258 0.000516891479492193
0.07904052734375 0.0555191040039062 -0.0253238677978516 -0.000913619995117185
0.0843963623046875 -0.0174026489257813 -0.038330078125 0.0268363952636719
0.0581741333007813 -0.0750579833984375 -0.00667190551757812 0.0570030212402344
-0.0218124389648437 -0.0982208251953125 0.0223808288574219 0.0612754821777344
-0.0742874145507812 -0.0754470825195313 0.0569572448730469 0.0420074462890625
-0.0770645141601563 -0.074127197265625 0.0645484924316406 0.0305747985839844
-0.0962371826171875 -0.0706787109375 0.0596160888671875 0.0231513977050781
-0.0685348510742188 -0.0863494873046875 0.0481491088867187 0.0369758605957031
-0.01446533203125 -0.111434936523437 0.0405006408691406 0.0361671447753906
0.050079345703125 -0.0903472900390625 0.0234642028808594 0.0301303863525391
0.112602233886719 -0.0116653442382813 0.0170097351074219 0.0382804870605469
0.09844970703125 0.0553512573242187 0.0249748229980469 0.0458602905273437
0.043121337890625 0.112815856933594 -0.00119781494140624 0.0598030090332031
-0.0130844116210937 0.0699195861816406 0.00233078002929687 0.0644035339355469
0.00462341308593751 0.0547370910644531 -0.000723838806152344 0.0116090774536133
0.0415153503417969 0.0427360534667969 -0.0420188903808594 -0.000766754150390618
0.0512619018554688 -0.00240325927734375 -0.0570869445800781 0.0394210815429688
0.0404510498046875 -0.0410041809082031 -0.0186080932617188 0.0810470581054687
-0.00856781005859375 -0.0632438659667969 0.033233642578125 0.0896530151367188
-0.0442581176757812 -0.051971435546875 0.0836181640625 0.0611190795898437
-0.0503616333007813 -0.0520515441894531 0.0902099609375 0.0404815673828125
-0.0657386779785156 -0.0520248413085938 0.0892562866210938 0.0336532592773438
-0.0478134155273437 -0.0623626708984375 0.0734634399414063 0.0510711669921875
-0.00937652587890626 -0.08001708984375 0.0555877685546875 0.0498466491699219
0.034759521484375 -0.0648155212402344 0.0325584411621094 0.0448837280273437
0.079803466796875 -0.009002685546875 0.0264244079589844 0.05072021484375
0.0702247619628906 0.0388565063476563 0.0414161682128906 0.0656318664550781
0.0320205688476563 0.0794830322265625 0.00553131103515626 0.0962295532226563
-0.0168514251708984 -0.0295982360839844 -0.0183944702148438 -0.121002197265625
-0.0298786163330078 -0.0147113800048828 -0.0471420288085937 -0.0804214477539063
-0.03582763671875 0.0130844116210938 -0.0370216369628906 -0.0457000732421875
-0.0156326293945313 0.0350608825683594 -0.0336875915527344 -0.05548095703125
0.00336837768554687 0.0373191833496094 -0.055023193359375 -0.0625877380371094
0.0243320465087891 0.0292396545410156 -0.0878372192382813 -0.0527877807617187
0.0222415924072266 0.0215625762939453 -0.111862182617187 -0.033843994140625
0.0164508819580078 0.0216140747070313 -0.104293823242188 -0.0420074462890625
0.01165771484375 0.022796630859375 -0.0944366455078125 -0.07452392578125
-0.00331783294677734 0.0157585144042969 -0.0433273315429687 -0.105934143066406
-0.0138216018676758 0.00716304779052734 0.0168228149414063 -0.0937271118164063
-0.0114679336547852 -0.00984382629394531 0.0571327209472656 -0.0514068603515625
-0.000324249267578125 -0.0239353179931641 0.0563011169433594 -0.000926971435546877
0.0121974945068359 -0.0227088928222656 0.0109405517578125 -0.0157670974731445
0.0126247406005859 -0.0290279388427734 0.0128631591796875 -0.0816574096679688
0.00071525573730469 0.0276069641113281 -0.015655517578125 -0.127265930175781
0.00799369812011719 0.0164852142333984 -0.0441055297851563 -0.0860519409179688
0.0147542953491211 0.00713443756103516 -0.0307197570800781 -0.0486068725585938
0.0093221664428711 -0.00112724304199219 -0.03131103515625 -0.0597000122070312
0.00257492065429688 -0.00954437255859375 -0.0492782592773438 -0.0680618286132813
-0.00921154022216797 -0.00791072845458985 -0.0890045166015625 -0.05645751953125
-0.023529052734375 -0.00445747375488281 -0.113311767578125 -0.0360336303710937
-0.0210227966308594 -0.0118694305419922 -0.101432800292969 -0.040435791015625
-0.0244007110595703 -0.0152950286865234 -0.09454345703125 -0.07220458984375
-0.0133495330810547 -0.0289592742919922 -0.0487213134765625 -0.101615905761719
0.00610160827636719 -0.0308933258056641 0.010406494140625 -0.0913619995117187
0.0264797210693359 -0.0215301513671875 0.0520095825195313 -0.0587234497070313
0.0328006744384766 -0.000972747802734375 0.05487060546875 -0.0080718994140625
0.0270633697509766 0.00912666320800781 0.0109977722167969 -0.0198211669921875
0.0115432739257813 0.0177841186523438 0.0103378295898437 -0.086212158203125
0.0111541748046875 0.0796890258789063 -0.00652313232421875 -0.115234375
0.0388679504394531 0.0513954162597656 -0.0311660766601562 -0.0815353393554688
0.0655479431152344 0.00863265991210938 -0.0186386108398438 -0.0463409423828125
0.0408592224121094 -0.0329933166503906 -0.0229110717773438 -0.0568733215332031
0.00982666015625 -0.0562019348144531 -0.0344505310058594 -0.0642051696777344
-0.0370521545410156 -0.0483169555664062 -0.0765533447265625 -0.053863525390625
-0.0643539428710938 -0.0334396362304688 -0.0967864990234375 -0.0327529907226563
-0.0550155639648437 -0.0439529418945313 -0.0830612182617188 -0.0312576293945312
-0.0606117248535156 -0.0486297607421875 -0.0813980102539063 -0.0567474365234375
-0.029510498046875 -0.068603515625 -0.0495452880859375 -0.0791549682617188
0.0158004760742188 -0.0722732543945313 -0.00181579589843751 -0.074066162109375
0.0575103759765625 -0.0429229736328125 0.0333976745605469 -0.0576972961425781
0.06988525390625 0.01220703125 0.04095458984375 -0.0162391662597656
0.04840087890625 0.0383491516113281 0.00462150573730469 -0.0215091705322266
0.0147514343261719 0.0633659362792969 0.00321197509765624 -0.0781707763671875
0.0123748779296875 0.118698120117188 0.00485992431640625 -0.0864486694335937
0.05572509765625 0.0823440551757813 -0.01318359375 -0.066497802734375
0.105705261230469 0.0203704833984375 -0.00646209716796875 -0.0372200012207031
0.0742645263671875 -0.0520553588867188 -0.0134925842285156 -0.0441055297851563
0.0255661010742188 -0.0932693481445313 -0.0156440734863281 -0.0475196838378906
-0.0521011352539063 -0.0857772827148438 -0.0518608093261719 -0.0398826599121094
-0.0925521850585938 -0.059814453125 -0.0647087097167969 -0.0231475830078125
-0.0808181762695313 -0.0693206787109375 -0.0512313842773438 -0.0168228149414063
-0.0908203125 -0.07183837890625 -0.0549468994140625 -0.0341949462890625
-0.0507583618164062 -0.0960693359375 -0.0395355224609375 -0.0456771850585938
0.0116119384765625 -0.107673645019531 -0.00671768188476563 -0.0454139709472656
0.0739212036132813 -0.0714111328125 0.0153465270996094 -0.042816162109375
0.105514526367188 0.011505126953125 0.0217781066894531 -0.0140514373779297
0.0758514404296875 0.058868408203125 -0.00243949890136718 -0.0153713226318359
0.0244140625 0.101058959960938 -0.00497055053710937 -0.0564117431640625
0.00527191162109375 0.138069152832031 0.0129890441894531 -0.0460052490234375
0.0542984008789063 0.101646423339844 0.0020904541015625 -0.0430564880371094
0.123420715332031 0.03802490234375 -0.00188255310058593 -0.0223808288574219
0.0993118286132813 -0.0532684326171875 -0.0104598999023437 -0.0209522247314453
0.0455093383789063 -0.110824584960938 -0.000921249389648433 -0.015995979309082
-0.0514602661132813 -0.111236572265625 -0.0220737457275391 -0.0125141143798828
-0.103805541992187 -0.0789718627929687 -0.0230865478515625 -0.00568199157714844
-0.0944671630859375 -0.0833816528320312 -0.012141227722168 0.0001382827758789
-0.109619140625 -0.0822601318359375 -0.0190868377685547 -0.0108261108398438
-0.0696182250976562 -0.107322692871094 -0.0157690048217773 -0.0117616653442383
-0.00138854980468751 -0.128829956054688 0.00184345245361328 -0.0124549865722656
0.0736846923828125 -0.0950698852539063 0.0074300765991211 -0.0167856216430664
0.128463745117188 0.00101470947265625 0.00867652893066407 0.0007171630859375
0.1007080078125 0.0673294067382813 -0.0026404857635498 0.000831127166748051
0.0368804931640625 0.124687194824219 -0.00910758972167968 -0.0231723785400391
-0.00386047363281249 0.1341552734375 0.0142507553100586 -0.00269126892089843
0.0392532348632812 0.102798461914063 0.00835800170898438 -0.0189456939697266
0.112518310546875 0.0535125732421875 -0.00936126708984374 -0.00801277160644531
0.104377746582031 -0.0382461547851563 -0.0197830200195312 0.00583839416503906
0.059112548828125 -0.103507995605469 0.0022125244140625 0.0223960876464844
-0.0391769409179688 -0.116188049316406 0.00464057922363281 0.0240802764892578
-0.0972061157226563 -0.084442138671875 0.0201206207275391 0.0176105499267578
-0.0936813354492188 -0.0851593017578125 0.0285301208496094 0.0166473388671875
-0.112960815429688 -0.0812606811523437 0.0216712951660156 0.00864601135253906
-0.0772857666015625 -0.102622985839844 0.0163507461547852 0.0167093276977539
-0.0129470825195312 -0.129920959472656 0.0204849243164063 0.0155658721923828
0.0633392333984375 -0.103202819824219 0.0127038955688477 0.00938796997070312
0.1312255859375 -0.0094146728515625 0.00864791870117189 0.0208110809326172
0.110481262207031 0.064849853515625 0.00855636596679688 0.0230674743652344
0.0457534790039063 0.129325866699219 -0.00709724426269531 0.0177097320556641
-0.01092529296875 0.109794616699219 0.00892257690429688 0.0365333557128906
0.01995849609375 0.0849761962890625 0.00519704818725586 4.19616699218802E-05
0.0806350708007813 0.0552291870117188 -0.0252933502197266 -0.000616073608398436
0.0854949951171875 -0.0181808471679687 -0.037872314453125 0.0271644592285156
0.0578842163085938 -0.076568603515625 -0.0060577392578125 0.0571861267089844
-0.023529052734375 -0.0988540649414063 0.0224952697753906 0.0616226196289062
-0.0755844116210938 -0.0754852294921875 0.0576667785644531 0.0419807434082031
-0.0784759521484375 -0.0743026733398437 0.0650405883789063 0.0305023193359375
-0.0976028442382813 -0.0707168579101562 0.0603446960449219 0.0229873657226562
-0.0695266723632813 -0.08721923828125 0.0488052368164062 0.0373001098632812
-0.0156631469726562 -0.112403869628906 0.0412788391113281 0.0364303588867187
0.05029296875 -0.0917816162109375 0.023406982421875 0.0302162170410156
0.114166259765625 -0.0125656127929687 0.0168228149414063 0.0384559631347656
0.0997314453125 0.05511474609375 0.0258750915527344 0.0459251403808594
0.0446243286132812 0.1138916015625 -0.000770568847656252 0.0599708557128906
-0.0123214721679687 0.0708465576171875 0.00279998779296876 0.064910888671875
0.0049591064453125 0.055419921875 -0.000491142272949219 0.0114660263061523
0.0422019958496094 0.0428314208984375 -0.0421943664550781 -0.00055694580078124
0.0517234802246094 -0.00268173217773438 -0.0565605163574219 0.0399703979492188
0.0404014587402344 -0.041748046875 -0.0182266235351562 0.08154296875
-0.00904083251953125 -0.0636558532714844 0.0337905883789062 0.090118408203125
-0.0451431274414063 -0.0518264770507813 0.08428955078125 0.0611495971679687
-0.0514488220214844 -0.0521087646484375 0.0914154052734375 0.0400390625
-0.06671142578125 -0.0519638061523437 0.0901260375976563 0.0333328247070313
-0.0486183166503906 -0.0623817443847656 0.0746231079101563 0.0514373779296875
-0.0104522705078125 -0.0809860229492187 0.0565528869628906 0.049896240234375
0.0349159240722656 -0.065887451171875 0.0335617065429687 0.04498291015625
0.0804901123046875 -0.0094757080078125 0.0266380310058594 0.0517082214355469
0.0714950561523438 0.0391082763671875 0.0423507690429688 0.065765380859375
0.0329513549804688 0.0803604125976563 0.00617218017578125 0.097412109375
-0.0174846649169922 -0.0299949645996094 -0.0195465087890625 -0.121963500976563
-0.0307025909423828 -0.0143585205078125 -0.0480117797851562 -0.080474853515625
-0.0362167358398438 0.0136795043945313 -0.0376052856445313 -0.0460205078125
-0.0155487060546875 0.0354957580566406 -0.0344886779785156 -0.0556449890136719
0.0036468505859375 0.0378074645996094 -0.0562744140625 -0.062896728515625
0.0251579284667969 0.0295009613037109 -0.0887680053710938 -0.0527420043945312
0.0225028991699219 0.0214424133300781 -0.113006591796875 -0.0333023071289062
0.0168857574462891 0.0213890075683594 -0.105354309082031 -0.0421218872070313
0.01226806640625 0.0230731964111328 -0.0960464477539062 -0.0741958618164063
-0.00326347351074219 0.0158157348632813 -0.0445175170898437 -0.106605529785156
-0.0141077041625977 0.00727176666259766 0.0160064697265625 -0.094879150390625
-0.0117874145507813 -0.00968742370605469 0.0574531555175781 -0.05255126953125
-0.000930786132812501 -0.0243129730224609 0.0568313598632812 -0.000976562500000002
0.0119476318359375 -0.0230941772460937 0.0108890533447266 -0.0161285400390625
0.0126457214355469 -0.0294475555419922 0.0120620727539062 -0.082427978515625
0.00139617919921875 0.0276031494140625 -0.0172042846679688 -0.128608703613281
0.00816631317138672 0.0171060562133789 -0.0455245971679688 -0.0860137939453125
0.0143232345581055 0.00630378723144531 -0.031402587890625 -0.0487251281738281
0.00938892364501953 -0.00134086608886719 -0.0320243835449219 -0.0601806640625
0.00259876251220703 -0.00991535186767578 -0.0500297546386719 -0.0684127807617188
-0.00920581817626953 -0.00768184661865235 -0.090484619140625 -0.0567703247070313
-0.0238113403320312 -0.00461387634277344 -0.114738464355469 -0.0356521606445313
-0.0211887359619141 -0.0118579864501953 -0.102554321289063 -0.0402908325195313
-0.0246677398681641 -0.0148639678955078 -0.0961837768554687 -0.0719833374023438
-0.0136985778808594 -0.0289897918701172 -0.0503311157226562 -0.101829528808594
0.00570297241210938 -0.0316715240478516 0.00945281982421876 -0.0925216674804688
0.0268478393554688 -0.0222187042236328 0.0516510009765625 -0.0596237182617188
0.0329437255859375 -0.00137519836425781 0.05523681640625 -0.00823974609375
0.0273857116699219 0.00929641723632813 0.0106582641601563 -0.0203914642333984
0.0119705200195313 0.0182857513427734 0.00946807861328125 -0.0867462158203125
0.0121994018554688 0.0807952880859375 -0.00768280029296875 -0.116775512695312
0.0395278930664063 0.0518112182617188 -0.0322723388671875 -0.0820465087890625
0.065948486328125 0.00802993774414063 -0.0193634033203125 -0.0467071533203125
0.0413780212402344 -0.0334281921386719 -0.02349853515625 -0.0574378967285156
0.00932312011718749 -0.0572776794433594 -0.0351142883300781 -0.0651512145996094
-0.0379219055175781 -0.0489616394042969 -0.0772552490234375 -0.054351806640625
-0.0650444030761719 -0.0330429077148438 -0.097747802734375 -0.032623291015625
-0.0561981201171875 -0.0443344116210938 -0.0840225219726563 -0.0307235717773438
-0.0616989135742187 -0.0485916137695312 -0.08251953125 -0.0567245483398437
-0.029998779296875 -0.0695228576660156 -0.0510177612304688 -0.0788497924804688
0.0150985717773437 -0.0728912353515625 -0.00234985351562499 -0.0752410888671875
0.0574836730957031 -0.0434341430664063 0.0334510803222656 -0.0589103698730469
0.0708999633789063 0.0118331909179688 0.0410270690917969 -0.0166854858398438
0.0488700866699219 0.0384330749511719 0.0042877197265625 -0.0215969085693359
0.0153884887695312 0.0640296936035156 0.0027618408203125 -0.078765869140625
0.0137710571289062 0.120285034179688 0.00414276123046876 -0.0875244140625
0.05712890625 0.0828704833984375 -0.0140266418457031 -0.0670547485351563
0.106956481933594 0.0196456909179688 -0.00686264038085937 -0.0374221801757812
0.0750503540039063 -0.0533447265625 -0.0137252807617187 -0.0443649291992187
0.02484130859375 -0.0948486328125 -0.0162010192871094 -0.0482177734375
-0.0535202026367188 -0.0863723754882813 -0.0526771545410156 -0.03985595703125
-0.0943756103515625 -0.0594024658203125 -0.0648841857910156 -0.0228652954101562
-0.0821990966796875 -0.0693130493164063 -0.0520439147949219 -0.0164871215820312
-0.092376708984375 -0.071685791015625 -0.0565452575683594 -0.0339546203613281
-0.0520401000976563 -0.0969314575195312 -0.0401039123535156 -0.0462455749511719
0.0107955932617187 -0.10888671875 -0.00725555419921875 -0.0456352233886719
0.0740509033203125 -0.0724029541015625 0.0151748657226563 -0.0432815551757813
0.106475830078125 0.0106964111328125 0.0217056274414063 -0.0144424438476563
0.0768203735351563 0.0584869384765625 -0.00255870819091796 -0.0154619216918945
0.0256576538085937 0.101913452148437 -0.00510406494140624 -0.0573196411132813
0.00675201416015624 0.139640808105469 0.0125541687011719 -0.0462913513183594
0.0558090209960937 0.102554321289063 0.00163650512695313 -0.04339599609375
0.125335693359375 0.0373687744140625 -0.00162696838378905 -0.0221824645996094
0.100242614746094 -0.0547561645507813 -0.0103359222412109 -0.021209716796875
0.0449447631835937 -0.112205505371094 -0.00164985656738281 -0.0167694091796875
-0.05303955078125 -0.111984252929687 -0.0222301483154297 -0.0125179290771484
-0.105278015136719 -0.0783462524414062 -0.0231914520263672 -0.00565910339355469
-0.0962905883789063 -0.0835647583007813 -0.0121622085571289 0.00043106079101562
-0.111747741699219 -0.0824203491210938 -0.0194015502929688 -0.0105400085449219
-0.07122802734375 -0.107925415039063 -0.0159702301025391 -0.0115547180175781
-0.00280761718750001 -0.130462646484375 0.00157928466796875 -0.0123863220214844
0.0739822387695313 -0.096771240234375 0.00709152221679688 -0.0171098709106445
0.130126953125 8.392333984375E-05 0.00886058807373048 0.000533103942871094
0.102088928222656 0.06707763671875 -0.00251650810241699 0.00054717063903809
0.0381927490234375 0.12579345703125 -0.00968551635742187 -0.02362060546875
-0.00262451171875001 0.136039733886719 0.0144023895263672 -0.00295066833496093
0.0404510498046875 0.103271484375 0.00784873962402344 -0.0189418792724609
0.114212036132812 0.0528717041015625 -0.00891494750976562 -0.00842094421386718
0.104972839355469 -0.0398178100585938 -0.0191764831542969 0.00588417053222656
0.0589675903320313 -0.105140686035156 0.00248336791992188 0.0224151611328125
-0.0407638549804687 -0.117027282714844 0.00505828857421875 0.0239543914794922
-0.0985488891601563 -0.0847320556640625 0.0205459594726562 0.017669677734375
-0.0955810546875 -0.0851669311523438 0.0291996002197266 0.0167560577392578
-0.114585876464844 -0.0811767578125 0.0219306945800781 0.00887680053710937
-0.0792770385742188 -0.102851867675781 0.016571044921875 0.0168323516845703
-0.0143966674804688 -0.131431579589844 0.0208015441894531 0.0158576965332031
0.063323974609375 -0.105072021484375 0.0125312805175781 0.00923156738281249
0.132797241210938 -0.0109329223632813 0.00859069824218751 0.0208835601806641
0.112152099609375 0.0648345947265625 0.00842285156250001 0.0229949951171875
0.0476608276367187 0.130363464355469 -0.00716400146484375 0.0185947418212891
-0.00975799560546874 0.111114501953125 0.00960159301757812 0.0367546081542969
0.02105712890625 0.0858383178710938 0.00507068634033203 0.000427246093750005
0.0824432373046875 0.0551376342773438 -0.0251960754394531 -0.000782012939453124
0.0864791870117188 -0.0195159912109375 -0.0382499694824219 0.0274658203125
0.057769775390625 -0.0781173706054687 -0.00580978393554688 0.0578994750976563
-0.02392578125 -0.099609375 0.0235824584960938 0.0621376037597656
-0.0772781372070313 -0.0750579833984375 0.05828857421875 0.0416030883789062
-0.0800018310546875 -0.0743637084960937 0.0660629272460938 0.0301628112792969
-0.0991134643554688 -0.070343017578125 0.061248779296875 0.023101806640625
-0.0715103149414062 -0.0870132446289063 0.0495185852050781 0.0376167297363281
-0.016876220703125 -0.113449096679688 0.0422554016113281 0.0360755920410156
0.0499267578125 -0.0932235717773438 0.0236949920654297 0.0301837921142578
0.11541748046875 -0.0134506225585938 0.0172538757324219 0.0387611389160156
0.101394653320312 0.05523681640625 0.026580810546875 0.0457763671875
0.0462493896484375 0.114799499511719 -0.000202178955078129 0.0611572265625
-0.0115737915039062 0.0716705322265625 0.00327301025390624 0.0654296875
0.00556945800781251 0.0559425354003906 -0.000494003295898438 0.0114297866821289
0.0435066223144531 0.0425224304199219 -0.042510986328125 -0.000320434570312491
0.0523147583007813 -0.00352096557617188 -0.0570640563964844 0.0410652160644531
0.0405235290527344 -0.0427589416503906 -0.0178070068359375 0.0824356079101563
-0.009613037109375 -0.0645561218261719 0.0350189208984375 0.0912551879882812
-0.0461044311523438 -0.052093505859375 0.0859298706054688 0.0610885620117188
-0.05242919921875 -0.0522346496582031 0.0925445556640625 0.0399551391601562
-0.0679817199707031 -0.0518341064453125 0.09173583984375 0.033355712890625
-0.0495986938476563 -0.0623321533203125 0.0762176513671875 0.05181884765625
-0.011077880859375 -0.0818634033203125 0.057403564453125 0.0500221252441406
0.0348243713378906 -0.0671615600585938 0.0335617065429688 0.04559326171875
0.0819015502929688 -0.0101242065429688 0.0273284912109375 0.0514411926269531
0.0719757080078125 0.038818359375 0.04315185546875 0.0661735534667969
0.0339736938476562 0.0812301635742188 0.00724792480468751 0.0985031127929688
-0.0176982879638672 -0.0306396484375 -0.0214614868164063 -0.123077392578125
-0.0314750671386719 -0.0144824981689453 -0.0495986938476563 -0.0810470581054688
-0.0369148254394531 0.0141639709472656 -0.0382347106933594 -0.0458717346191406
-0.0153121948242187 0.0361137390136719 -0.0353584289550781 -0.0563392639160156
0.00446319580078125 0.0385284423828125 -0.0575027465820313 -0.0630111694335938
0.0254478454589844 0.0294151306152344 -0.090545654296875 -0.0527114868164063
0.0230369567871094 0.0212345123291016 -0.114578247070313 -0.0327987670898438
0.0173320770263672 0.02130126953125 -0.106719970703125 -0.0417022705078125
0.0125446319580078 0.0230369567871094 -0.0976028442382813 -0.074615478515625
-0.0026540756225586 0.0161714553833008 -0.046234130859375 -0.107612609863281
-0.0140113830566406 0.00759601593017578 0.015411376953125 -0.095794677734375
-0.0121335983276367 -0.00995254516601563 0.05712890625 -0.0536842346191406
-0.000835418701171874 -0.0246257781982422 0.0577354431152344 -0.00157928466796875
0.01190185546875 -0.0232734680175781 0.0106525421142578 -0.0160341262817383
0.0124549865722656 -0.0302410125732422 0.0111007690429688 -0.0836334228515625
0.00161933898925781 0.0274314880371094 -0.0184097290039062 -0.129554748535156
0.00850105285644531 0.0166988372802734 -0.0468902587890625 -0.086212158203125
0.0147314071655273 0.00663089752197266 -0.0313644409179688 -0.0490608215332031
0.00915622711181641 -0.00123310089111328 -0.0329017639160156 -0.0602836608886719
0.00218963623046875 -0.00951957702636719 -0.0510520935058594 -0.0689239501953125
-0.00949764251708984 -0.00784015655517578 -0.0913009643554688 -0.0567703247070312
-0.0238513946533203 -0.00433731079101563 -0.115837097167969 -0.03472900390625
-0.0213470458984375 -0.0120697021484375 -0.10418701171875 -0.039947509765625
-0.0252361297607422 -0.0149955749511719 -0.0978851318359375 -0.0717926025390625
-0.0140743255615234 -0.0292224884033203 -0.0518569946289063 -0.102226257324219
0.00565147399902344 -0.0319137573242188 0.00888824462890625 -0.0933609008789063
0.0266380310058594 -0.0223865509033203 0.0515174865722656 -0.0605354309082031
0.0334625244140625 -0.00198745727539063 0.055267333984375 -0.00898361206054688
0.0272769927978516 0.0092620849609375 0.0102806091308594 -0.0204200744628906
0.0121479034423828 0.0188465118408203 0.00846099853515624 -0.0878753662109375
0.0136871337890625 0.0812225341796875 -0.00886535644531251 -0.117965698242188
0.040283203125 0.0519294738769531 -0.0334396362304688 -0.0819320678710938
0.0672683715820313 0.00736236572265625 -0.0194740295410156 -0.0466537475585938
0.0415382385253906 -0.0342025756835938 -0.0236625671386719 -0.0579147338867188
0.00876617431640625 -0.0579071044921875 -0.0361747741699219 -0.0655250549316406
-0.0389137268066406 -0.0487403869628906 -0.0786056518554687 -0.054107666015625
-0.0663528442382813 -0.0324630737304688 -0.099212646484375 -0.0325241088867188
-0.056671142578125 -0.0442657470703125 -0.0848770141601563 -0.0306472778320313
-0.0626487731933594 -0.0483551025390625 -0.0845794677734375 -0.056610107421875
-0.0311737060546875 -0.0696678161621094 -0.0523757934570313 -0.0792312622070313
0.0152359008789063 -0.0741195678710938 -0.00296020507812501 -0.0759735107421875
0.0579299926757813 -0.0449714660644531 0.0331878662109375 -0.0596771240234375
0.0716934204101563 0.0113754272460938 0.0412406921386719 -0.0173530578613281
0.0496826171875 0.0386466979980469 0.00377655029296875 -0.0216999053955078
0.0167503356933594 0.0643577575683594 0.00208282470703125 -0.079742431640625
0.015533447265625 0.121986389160156 0.00311279296874999 -0.088623046875
0.0584182739257813 0.0832901000976563 -0.0146141052246094 -0.0669021606445313
0.108673095703125 0.0187301635742188 -0.00677490234374999 -0.0381278991699219
0.0752716064453125 -0.0547256469726562 -0.0135383605957031 -0.0449485778808594
0.024139404296875 -0.0968551635742188 -0.0169486999511719 -0.0485992431640625
-0.0545120239257812 -0.0871124267578125 -0.0531654357910156 -0.0399627685546875
-0.0956649780273438 -0.059356689453125 -0.0662193298339844 -0.0225181579589844
-0.083984375 -0.0694427490234375 -0.0527992248535156 -0.0161209106445313
-0.09393310546875 -0.0713653564453125 -0.0571403503417969 -0.0335235595703125
-0.0534133911132813 -0.0973892211914063 -0.0414085388183594 -0.0459365844726563
0.0103836059570312 -0.10986328125 -0.0077972412109375 -0.045928955078125
0.07452392578125 -0.073883056640625 0.0141181945800781 -0.0441055297851563
0.108268737792969 0.0103759765625 0.0216655731201172 -0.0148296356201172
0.077880859375 0.0586471557617187 -0.00313091278076171 -0.0154333114624023
0.02734375 0.103050231933594 -0.00611495971679688 -0.0579719543457031
0.00849914550781252 0.141616821289063 0.0123443603515625 -0.0471534729003906
0.0576248168945312 0.103385925292969 0.00144195556640625 -0.0435256958007812
0.127677917480469 0.0369186401367188 -0.00129508972167968 -0.0229320526123047
0.100845336914063 -0.0561676025390625 -0.010162353515625 -0.0216503143310547
0.0444564819335938 -0.114463806152344 -0.00107288360595703 -0.0171775817871094
-0.0544815063476563 -0.112312316894531 -0.0225639343261719 -0.0122947692871094
-0.10723876953125 -0.077911376953125 -0.0234756469726563 -0.00557518005371094
-0.0982284545898437 -0.0839004516601563 -0.0118284225463867 9.72747802734316E-05
-0.113960266113281 -0.0819320678710937 -0.0193996429443359 -0.010589599609375
-0.07305908203125 -0.108352661132812 -0.0164718627929688 -0.0110788345336914
-0.00395965576171874 -0.131668090820313 0.00128841400146484 -0.0122890472412109
0.0740585327148438 -0.098724365234375 0.00681304931640625 -0.0176734924316406
0.131813049316406 -0.0009918212890625 0.00854921340942384 0.00074005126953125
0.103721618652344 0.067291259765625 -0.00264787673950195 0.000386238098144535
0.0402145385742187 0.127433776855469 -0.00971221923828125 -0.0237216949462891
-0.000854492187500015 0.137901306152344 0.0144853591918945 -0.00312709808349609
0.0422286987304687 0.104324340820313 0.00787734985351563 -0.0193347930908203
0.1165771484375 0.0523147583007813 -0.00844812393188476 -0.00827789306640624
0.106094360351563 -0.0411148071289063 -0.0191364288330078 0.00586700439453125
0.0585784912109375 -0.107192993164063 0.00299263000488282 0.02227783203125
-0.0420684814453125 -0.117774963378906 0.00520896911621093 0.0245208740234375
-0.100257873535156 -0.0840530395507812 0.0208835601806641 0.0173969268798828
-0.0971527099609375 -0.085540771484375 0.029632568359375 0.0164699554443359
-0.116790771484375 -0.080902099609375 0.0223236083984375 0.00889587402343749
-0.0805816650390625 -0.10333251953125 0.0169906616210937 0.0170650482177734
-0.0156936645507812 -0.132339477539063 0.0212783813476563 0.0156993865966797
0.0630340576171875 -0.106887817382813 0.0123376846313477 0.0092172622680664
0.134056091308594 -0.012176513671875 0.00857543945312501 0.0212001800537109
0.113540649414063 0.0645751953125 0.00839996337890626 0.0227394104003906
0.0498046875 0.131675720214844 -0.00662612915039062 0.0186786651611328
-0.0088653564453125 0.112571716308594 0.0100784301757813 0.0369224548339844
0.022308349609375 0.0867385864257813 0.00525903701782227 0.000379562377929693
0.084136962890625 0.0546722412109375 -0.0250415802001953 -0.000667572021484373
0.08734130859375 -0.0206222534179688 -0.0379600524902344 0.0279541015625
0.0578079223632813 -0.0799407958984375 -0.00513839721679687 0.0581779479980469
-0.024688720703125 -0.10009765625 0.0242805480957031 0.0625038146972656
-0.078887939453125 -0.0750274658203125 0.0592498779296875 0.041839599609375
-0.0814208984375 -0.0746383666992187 0.0670051574707031 0.0301628112792969
-0.101295471191406 -0.0702438354492188 0.0620460510253906 0.0230178833007812
-0.0728836059570313 -0.0868988037109375 0.0508499145507812 0.0378379821777344
-0.01824951171875 -0.115036010742188 0.0426521301269531 0.0361061096191406
0.0495529174804688 -0.0952072143554688 0.0239810943603516 0.0304908752441406
0.116996765136719 -0.0150070190429688 0.01806640625 0.039154052734375
0.103469848632813 0.0550079345703125 0.0270576477050781 0.045867919921875
0.0477447509765625 0.116127014160156 0.000724792480468754 0.0616073608398438
-0.0104751586914062 0.0728988647460937 0.00458908081054687 0.0658721923828125
0.006561279296875 0.0567779541015625 -0.000466346740722657 0.0118741989135742
0.0445213317871094 0.042633056640625 -0.0425796508789063 0.000301361083984376
0.0529403686523438 -0.00404739379882813 -0.0576286315917969 0.0417404174804688
0.0401535034179688 -0.0435867309570313 -0.0166473388671875 0.0830612182617187
-0.0106773376464844 -0.064483642578125 0.0360107421875 0.0915756225585938
-0.0470619201660156 -0.0514488220214844 0.0873794555664063 0.0612030029296875
-0.0537033081054687 -0.0516777038574219 0.0938644409179687 0.03973388671875
-0.0691490173339844 -0.0516586303710938 0.0931015014648438 0.033111572265625
-0.0510406494140625 -0.0630416870117188 0.0774383544921875 0.0516128540039062
-0.0117645263671875 -0.0824356079101563 0.0586662292480469 0.0505905151367187
0.0344505310058594 -0.0681953430175781 0.0340423583984375 0.0454063415527344
0.0826950073242188 -0.0110931396484375 0.0279121398925781 0.05181884765625
0.073699951171875 0.0388870239257813 0.0441856384277344 0.0660781860351563
0.0352554321289063 0.0815887451171875 0.0085601806640625 0.099395751953125
-0.0182285308837891 -0.0309848785400391 -0.0225906372070313 -0.124183654785156
-0.0320396423339844 -0.0150508880615234 -0.0511932373046875 -0.0807647705078125
-0.0368461608886719 0.0148735046386719 -0.0387344360351563 -0.0457954406738281
-0.0151176452636719 0.0369796752929688 -0.0361251831054688 -0.0560646057128906
0.00496292114257813 0.0387840270996094 -0.0586128234863281 -0.0636405944824219
0.0267333984375 0.0292835235595703 -0.0919189453125 -0.0529251098632812
0.0236053466796875 0.021270751953125 -0.115524291992188 -0.0318679809570312
0.0179004669189453 0.0213623046875 -0.107879638671875 -0.0410232543945312
0.0130767822265625 0.0229053497314453 -0.09912109375 -0.0742950439453125
-0.00315189361572266 0.0162353515625 -0.0478897094726563 -0.107856750488281
-0.0142669677734375 0.00816822052001953 0.0144500732421875 -0.0970687866210937
-0.0123310089111328 -0.00956344604492188 0.0573310852050781 -0.0545234680175781
-0.00150871276855469 -0.0250663757324219 0.0580024719238281 -0.00212860107421875
0.0114383697509766 -0.0239944458007813 0.0103569030761719 -0.0165576934814453
0.0122051239013672 -0.0308971405029297 0.0102005004882812 -0.08428955078125
0.00235176086425782 0.0276508331298828 -0.0205230712890625 -0.131614685058594
0.00888156890869141 0.0166788101196289 -0.0483932495117187 -0.0864105224609375
0.0152339935302734 0.00615882873535156 -0.0323143005371094 -0.0489006042480469
0.00951385498046875 -0.00142002105712891 -0.0333786010742187 -0.0608024597167969
0.00238895416259766 -0.0100736618041992 -0.0524024963378906 -0.0693550109863281
-0.00998497009277344 -0.00746250152587891 -0.09320068359375 -0.0565109252929688
-0.0243091583251953 -0.00412750244140625 -0.117164611816406 -0.0338287353515625
-0.0218925476074219 -0.0119304656982422 -0.105308532714844 -0.0391082763671875
-0.025665283203125 -0.0148143768310547 -0.0998611450195312 -0.0714187622070313
-0.0143871307373047 -0.0294609069824219 -0.0534515380859375 -0.1025390625
0.00601768493652344 -0.0315837860107422 0.00837707519531249 -0.0942001342773438
0.0266799926757813 -0.0228767395019531 0.0517692565917969 -0.0618247985839844
0.0337619781494141 -0.00222587585449219 0.0560455322265625 -0.00995635986328125
0.0275135040283203 0.00921440124511719 0.01025390625 -0.0204086303710938
0.0125885009765625 0.0187091827392578 0.0072784423828125 -0.0887985229492188
0.0147705078125 0.08197021484375 -0.0107955932617188 -0.119194030761719
0.0416984558105469 0.0523796081542969 -0.0346450805664062 -0.0823135375976563
0.0679244995117188 0.0068359375 -0.0199203491210938 -0.0473060607910156
0.0414657592773438 -0.034881591796875 -0.0242843627929688 -0.0579605102539063
0.00843429565429687 -0.0590629577636719 -0.0374946594238281 -0.0662078857421875
-0.0397834777832031 -0.0490531921386719 -0.0796432495117188 -0.053863525390625
-0.0673599243164063 -0.0324783325195313 -0.100112915039063 -0.0313186645507812
-0.0583534240722656 -0.0438804626464844 -0.0858917236328125 -0.0302352905273437
-0.0636520385742187 -0.0484466552734375 -0.0860061645507813 -0.05584716796875
-0.0323448181152344 -0.0699501037597656 -0.0540847778320312 -0.0797500610351563
0.01495361328125 -0.074554443359375 -0.0039520263671875 -0.0767745971679688
0.0584983825683594 -0.0460968017578125 0.032562255859375 -0.0608406066894531
0.0727920532226563 0.0108413696289063 0.0412139892578125 -0.017547607421875
0.0507278442382813 0.0385894775390625 0.00351142883300781 -0.0220413208007812
0.0175590515136719 0.0655136108398438 0.0010223388671875 -0.0810317993164063
0.0178375244140625 0.123321533203125 0.00217437744140625 -0.0894927978515625
0.0605239868164063 0.084136962890625 -0.015533447265625 -0.0677909851074219
0.110404968261719 0.01702880859375 -0.00677490234374999 -0.0383567810058594
0.0758819580078125 -0.0560531616210938 -0.0142898559570312 -0.0453643798828125
0.0237350463867187 -0.0979156494140625 -0.0176849365234375 -0.0494956970214844
-0.0560302734375 -0.0869140625 -0.0545806884765625 -0.03936767578125
-0.096649169921875 -0.0589675903320313 -0.0669670104980469 -0.0221405029296875
-0.08587646484375 -0.0692520141601562 -0.0536956787109375 -0.0159454345703125
-0.09552001953125 -0.071502685546875 -0.0580978393554687 -0.0331153869628906
-0.0544662475585938 -0.0977401733398438 -0.0418739318847656 -0.0459098815917969
0.00906372070312501 -0.111305236816406 -0.00860977172851562 -0.0466995239257813
0.074432373046875 -0.07574462890625 0.0138130187988281 -0.0447578430175781
0.109672546386719 0.009521484375 0.0216484069824219 -0.0150661468505859
0.0800399780273438 0.0589218139648438 -0.00306892395019531 -0.015925407409668
0.0291366577148437 0.103858947753906 -0.00676727294921875 -0.0584182739257812
0.0108489990234375 0.143341064453125 0.011749267578125 -0.0480232238769531
0.0594253540039063 0.104415893554687 0.000907897949218756 -0.0437660217285156
0.129508972167969 0.035400390625 -0.000740051269531244 -0.0233325958251953
0.101356506347656 -0.0583724975585938 -0.0102977752685547 -0.0218143463134766
0.0436935424804688 -0.116355895996094 -0.00152778625488281 -0.0176448822021484
-0.0562286376953125 -0.113075256347656 -0.0231399536132813 -0.0124073028564453
-0.108840942382812 -0.0778656005859375 -0.0239467620849609 -0.005126953125
-0.100273132324219 -0.084014892578125 -0.0124235153198242 0.000179290771484369
-0.115974426269531 -0.0817489624023437 -0.02001953125 -0.0101337432861328
-0.0749740600585938 -0.10858154296875 -0.0166645050048828 -0.0110845565795899
-0.005218505859375 -0.132949829101563 0.00104045867919922 -0.0127592086791992
0.0739593505859375 -0.100616455078125 0.00646591186523438 -0.0179901123046875
0.133583068847656 -0.00238800048828125 0.0086045265197754 0.000361919403076172
0.105552673339844 0.0673751831054687 -0.00251960754394531 0.000605821609497074
0.0422821044921875 0.128173828125 -0.0103759765625 -0.0241851806640625
0.00105285644531251 0.139900207519531 0.0146284103393555 -0.00345611572265624
0.0439376831054688 0.10552978515625 0.00780868530273438 -0.0193328857421875
0.118919372558594 0.0516815185546875 -0.00824880599975585 -0.00856590270996094
0.106819152832031 -0.0429153442382813 -0.0192050933837891 0.00608062744140625
0.05767822265625 -0.1092529296875 0.00324249267578126 0.0222339630126953
-0.04412841796875 -0.118522644042969 0.00559997558593749 0.0247440338134766
-0.102104187011719 -0.0838088989257813 0.0212306976318359 0.0175437927246094
-0.0991744995117188 -0.0852127075195313 0.03009033203125 0.0165767669677734
-0.1192626953125 -0.0803298950195313 0.0227832794189453 0.00905799865722656
-0.0826644897460938 -0.103492736816406 0.0173873901367187 0.0175561904907226
-0.0172271728515625 -0.133842468261719 0.0214462280273437 0.0155525207519531
0.0630645751953125 -0.10882568359375 0.0122518539428711 0.00887393951416015
0.1361083984375 -0.0137786865234375 0.00901794433593751 0.0212268829345703
0.115570068359375 0.0643768310546875 0.00894546508789063 0.0229377746582031
0.0522308349609375 0.132797241210938 -0.00660514831542969 0.0187702178955078
-0.00689697265625 0.114372253417969 0.0102996826171875 0.037353515625
0.023529052734375 0.0879058837890625 0.00497579574584961 0.000628948211669928
0.0859603881835938 0.0543594360351563 -0.0246295928955078 -0.000545501708984371
0.0883255004882812 -0.02154541015625 -0.0382041931152344 0.0286598205566406
0.0578765869140625 -0.0817489624023437 -0.00424957275390625 0.0585212707519531
-0.0264511108398438 -0.101409912109375 0.0250625610351562 0.0635223388671875
-0.08001708984375 -0.0745849609375 0.0603904724121094 0.0416107177734375
-0.0832977294921875 -0.0741348266601563 0.0679931640625 0.0297966003417969
-0.103118896484375 -0.0699081420898438 0.0634613037109375 0.0230255126953125
-0.07427978515625 -0.087738037109375 0.0516891479492188 0.0378532409667969
-0.0194473266601562 -0.11572265625 0.0432815551757813 0.0362434387207031
0.04949951171875 -0.0968170166015625 0.0245342254638672 0.030517578125
0.118057250976562 -0.0164108276367187 0.0182037353515625 0.0393028259277344
0.105171203613281 0.0546875 0.0280265808105469 0.0457878112792969
0.0497055053710937 0.117195129394531 0.00166702270507813 0.0629081726074219
-0.00969696044921876 0.0744247436523438 0.00531005859375 0.06671142578125
0.00718688964843751 0.0574378967285156 -0.000185012817382811 0.0114250183105469
0.0459060668945313 0.0425758361816406 -0.0427017211914063 0.000232696533203121
0.0533638000488281 -0.00495529174804688 -0.0572662353515625 0.0425376892089844
0.0402984619140625 -0.0453338623046875 -0.0159835815429687 0.084014892578125
-0.0113639831542969 -0.0653915405273438 0.0376663208007813 0.0926055908203125
-0.0479583740234375 -0.05120849609375 0.0886917114257813 0.06060791015625
-0.0549278259277344 -0.0517349243164063 0.0954742431640625 0.0391693115234375
-0.0706863403320313 -0.0516891479492188 0.0943756103515625 0.03277587890625
-0.0520362854003906 -0.0629348754882813 0.0786590576171875 0.0514068603515625
-0.0135498046875 -0.0839996337890625 0.0596046447753906 0.0503997802734375
0.0342216491699219 -0.0695571899414063 0.035064697265625 0.0458030700683594
0.0839309692382813 -0.0117568969726563 0.0285530090332031 0.051910400390625
0.0749130249023438 0.0388107299804688 0.0455665588378906 0.066253662109375
0.036712646484375 0.08282470703125 0.0097198486328125 0.100631713867188
-0.0190696716308594 -0.0314579010009766 -0.0246734619140625 -0.125640869140625
-0.0328025817871094 -0.0142955780029297 -0.0524368286132812 -0.08087158203125
-0.0373268127441406 0.0157432556152344 -0.0396232604980469 -0.0452537536621094
-0.0150375366210938 0.0372238159179688 -0.0370025634765625 -0.0565605163574219
0.00564956665039062 0.0389556884765625 -0.0600624084472656 -0.0634727478027344
0.0270576477050781 0.0289878845214844 -0.09332275390625 -0.0522689819335938
0.0242290496826172 0.0210590362548828 -0.117340087890625 -0.03118896484375
0.0183753967285156 0.0214977264404297 -0.109527587890625 -0.0402069091796875
0.0137214660644531 0.0226993560791016 -0.101249694824219 -0.0736923217773438
-0.00279617309570313 0.0166845321655273 -0.0494918823242187 -0.108657836914063
-0.0140113830566406 0.00891494750976563 0.0132904052734375 -0.0982589721679688
-0.0126495361328125 -0.00924205780029297 0.0570487976074219 -0.0554847717285156
-0.00190162658691406 -0.0253982543945313 0.0584831237792969 -0.00307083129882813
0.0111427307128906 -0.0243434906005859 0.00983810424804688 -0.016566276550293
0.0121021270751953 -0.0311965942382813 0.00909423828125001 -0.08526611328125
0.00282669067382812 0.0280113220214844 -0.0223541259765625 -0.132476806640625
0.00865840911865234 0.0168418884277344 -0.049896240234375 -0.0865859985351563
0.0151968002319336 0.00594043731689453 -0.0329742431640625 -0.0488777160644531
0.00992107391357422 -0.000866889953613281 -0.034332275390625 -0.0610427856445313
0.00214290618896484 -0.00991535186767578 -0.0538482666015625 -0.0692787170410156
-0.00948047637939453 -0.00778770446777344 -0.0947189331054687 -0.055999755859375
-0.0241527557373047 -0.00387001037597657 -0.119102478027344 -0.0323867797851563
-0.0220470428466797 -0.0123920440673828 -0.106338500976562 -0.0381317138671875
-0.0257797241210938 -0.0147209167480469 -0.101913452148438 -0.0709304809570313
-0.014495849609375 -0.0295143127441406 -0.0554428100585938 -0.103118896484375
0.00501823425292969 -0.032012939453125 0.00676727294921874 -0.0954513549804687
0.0269775390625 -0.0238361358642578 0.0512504577636719 -0.0633621215820313
0.0336990356445313 -0.00266456604003906 0.0562477111816406 -0.0101814270019531
0.0278682708740234 0.0091400146484375 0.00955772399902344 -0.0204048156738281
0.0131549835205078 0.0180149078369141 0.0065460205078125 -0.089752197265625
0.0163955688476562 0.0824356079101563 -0.012542724609375 -0.1202392578125
0.0428466796875 0.052398681640625 -0.0362930297851562 -0.08251953125
0.0690231323242187 0.00593185424804687 -0.0202522277832031 -0.0470123291015625
0.0420913696289063 -0.0356407165527344 -0.0247611999511719 -0.05841064453125
0.00733566284179687 -0.05938720703125 -0.0389213562011719 -0.06646728515625
-0.0408058166503906 -0.0489463806152344 -0.0815048217773437 -0.0531082153320313
-0.0683021545410156 -0.0319862365722656 -0.101509094238281 -0.0303726196289062
-0.0593948364257813 -0.0442047119140625 -0.0871200561523438 -0.0294265747070313
-0.0647964477539062 -0.0482826232910156 -0.0879592895507812 -0.0550537109375
-0.0332107543945313 -0.0704879760742188 -0.055419921875 -0.0796127319335938
0.014312744140625 -0.0753326416015625 -0.00485229492187499 -0.0771255493164063
0.0585212707519531 -0.0471992492675781 0.0319786071777344 -0.0614700317382813
0.0735702514648438 0.0099639892578125 0.0415382385253906 -0.0183601379394531
0.051544189453125 0.0385093688964844 0.00329208374023438 -0.0225028991699219
0.0183677673339844 0.0657577514648437 -9.91821289062545E-05 -0.082000732421875
0.0194549560546875 0.124099731445313 0.000556945800781242 -0.0905380249023437
0.0623092651367188 0.0841522216796875 -0.0168304443359375 -0.0678901672363281
0.111984252929688 0.0164260864257813 -0.00636291503906249 -0.0386543273925781
0.076080322265625 -0.0572509765625 -0.0144805908203125 -0.0461044311523438
0.0228271484375 -0.0994186401367188 -0.0187034606933594 -0.0500640869140625
-0.057830810546875 -0.0871429443359375 -0.0552978515625 -0.0391960144042969
-0.098663330078125 -0.0577774047851563 -0.067962646484375 -0.0212860107421875
-0.0874176025390625 -0.0693283081054688 -0.0539627075195313 -0.0156745910644531
-0.0979385375976562 -0.0708694458007813 -0.0594253540039063 -0.0327568054199219
-0.0561599731445312 -0.0985107421875 -0.043121337890625 -0.0454788208007813
0.00801849365234374 -0.112815856933594 -0.00900650024414063 -0.0468215942382813
0.0747833251953125 -0.0773773193359375 0.0129280090332031 -0.0455284118652344
0.110931396484375 0.00824737548828125 0.0213050842285156 -0.01544189453125
0.0811691284179688 0.0587692260742188 -0.00361919403076171 -0.0162334442138672
0.0305023193359375 0.1048583984375 -0.0078277587890625 -0.0589103698730469
0.013458251953125 0.144866943359375 0.0114250183105469 -0.0486106872558594
0.061767578125 0.10479736328125 4.5776367187501E-05 -0.0439567565917969
0.131736755371094 0.0343551635742188 -0.000780105590820306 -0.0235939025878906
0.102058410644531 -0.0602951049804688 -0.0103206634521484 -0.0222854614257813
0.0423049926757813 -0.118888854980469 -0.00178718566894531 -0.0179252624511719
-0.0584030151367188 -0.112831115722656 -0.0233249664306641 -0.0118656158447266
-0.110946655273438 -0.076568603515625 -0.0241870880126953 -0.00469398498535156
-0.102218627929688 -0.0836639404296875 -0.0120630264282227 0.000476837158203121
-0.118179321289062 -0.0811843872070313 -0.0202522277832031 -0.00981330871582032
-0.0765762329101563 -0.109214782714844 -0.0167331695556641 -0.0109739303588867
-0.00691223144531251 -0.134651184082031 0.000826835632324219 -0.0123062133789063
0.0740737915039063 -0.103118896484375 0.00566673278808594 -0.0184288024902344
0.134994506835938 -0.00424957275390625 0.00840425491333009 0.000361919403076172
0.107574462890625 0.0665512084960938 -0.00297856330871581 0.000527620315551762
0.0446929931640625 0.12939453125 -0.0110340118408203 -0.0239372253417969
0.00312805175781251 0.141372680664062 0.0145950317382813 -0.00352287292480468
0.0458450317382812 0.10650634765625 0.00741577148437501 -0.0194606781005859
0.121101379394531 0.05059814453125 -0.00783681869506835 -0.00848150253295898
0.107955932617188 -0.0452728271484375 -0.0191555023193359 0.00631141662597656
0.05755615234375 -0.111351013183594 0.00363159179687501 0.0219879150390625
-0.04620361328125 -0.118980407714844 0.00585556030273437 0.0254402160644531
-0.104331970214844 -0.0826644897460938 0.0216026306152344 0.0175209045410156
-0.101638793945312 -0.08514404296875 0.0306758880615234 0.0159168243408203
-0.121543884277344 -0.0796737670898438 0.0232048034667969 0.00911521911621093
-0.08465576171875 -0.103569030761719 0.0176010131835937 0.0177497863769531
-0.0188751220703125 -0.135292053222656 0.0217361450195313 0.0153751373291016
0.0626602172851562 -0.110984802246094 0.012232780456543 0.00927543640136718
0.137733459472656 -0.0155563354492188 0.00914382934570313 0.0211448669433594
0.1177978515625 0.063568115234375 0.00955390930175782 0.0227851867675781
0.0542068481445313 0.133865356445313 -0.00642204284667968 0.0193958282470703
-0.0051422119140625 0.115631103515625 0.0112152099609375 0.0373268127441406
0.02496337890625 0.088348388671875 0.00537347793579102 0.000365734100341802
0.0882110595703125 0.0539321899414062 -0.024871826171875 -0.000616073608398433
0.0891876220703125 -0.0232772827148438 -0.0379142761230469 0.0292587280273438
0.0573577880859375 -0.0837860107421875 -0.00365829467773437 0.0592918395996094
-0.0282821655273437 -0.101821899414063 0.026214599609375 0.063751220703125
-0.0816726684570312 -0.0741195678710938 0.061431884765625 0.041351318359375
-0.08502197265625 -0.0736618041992187 0.0689773559570313 0.0294570922851562
-0.105072021484375 -0.0692214965820312 0.06402587890625 0.0222511291503906
-0.07598876953125 -0.08734130859375 0.052978515625 0.0376701354980469
-0.0212478637695313 -0.117012023925781 0.04437255859375 0.0359001159667969
0.048675537109375 -0.0986328125 0.0246047973632813 0.0306987762451172
0.11944580078125 -0.01800537109375 0.0185813903808594 0.0393218994140625
0.107093811035156 0.0537567138671875 0.0288200378417969 0.0455970764160156
0.05224609375 0.118019104003906 0.00234222412109376 0.0630569458007813
-0.00862121582031251 0.0753173828125 0.00604248046874999 0.0669784545898438
0.00814437866210938 0.0580482482910156 -6.48498535156249E-05 0.0118474960327148
0.0473823547363281 0.0420722961425781 -0.0430488586425781 0.000465393066406252
0.0539665222167969 -0.00568389892578125 -0.0571556091308594 0.0438652038574219
0.0401344299316406 -0.0463409423828125 -0.0150680541992187 0.0847320556640625
-0.0122833251953125 -0.0659523010253906 0.0387954711914063 0.093231201171875
-0.0488853454589844 -0.0513038635253906 0.0902023315429688 0.0600357055664062
-0.055999755859375 -0.0518875122070312 0.0966415405273438 0.0383224487304688
-0.0721817016601563 -0.0508346557617187 0.095855712890625 0.0320587158203125
-0.0533638000488281 -0.0631027221679688 0.0804824829101562 0.051116943359375
-0.0146560668945313 -0.0844955444335937 0.0608787536621094 0.0500564575195313
0.0336456298828125 -0.0706939697265625 0.0360679626464844 0.0460662841796875
0.0850067138671875 -0.0129547119140625 0.0296058654785156 0.0524253845214844
0.0762710571289063 0.0380935668945313 0.0470466613769531 0.0662841796875
0.0382080078125 0.0832748413085938 0.0114288330078125 0.101119995117187
-0.0196018218994141 -0.0316047668457031 -0.0269699096679688 -0.126510620117188
-0.0331935882568359 -0.0141334533691406 -0.0539016723632813 -0.0807113647460938
-0.0378952026367188 0.0163803100585938 -0.0402183532714844 -0.0450172424316406
-0.0142974853515625 0.0385398864746094 -0.0383110046386719 -0.05670166015625
0.00670242309570312 0.0395355224609375 -0.0614356994628906 -0.0633659362792969
0.0277462005615234 0.0289154052734375 -0.0947036743164062 -0.05181884765625
0.0245399475097656 0.0204982757568359 -0.1187744140625 -0.0299301147460937
0.0188770294189453 0.0212783813476562 -0.111106872558594 -0.0394287109375
0.0140552520751953 0.0231494903564453 -0.103981018066406 -0.073211669921875
-0.00219058990478516 0.0168867111206055 -0.0517196655273437 -0.108985900878906
-0.0139970779418945 0.00893402099609375 0.0121612548828125 -0.0989227294921875
-0.0135269165039063 -0.00909805297851562 0.0569953918457031 -0.0568771362304688
-0.00292015075683594 -0.0255985260009766 0.0589561462402344 -0.0037078857421875
0.0111293792724609 -0.02496337890625 0.00952720642089843 -0.0166797637939453
0.01171875 -0.0317096710205078 0.00761413574218751 -0.0864486694335938
0.00327682495117188 0.0276718139648438 -0.0243148803710938 -0.133712768554688
0.00881481170654297 0.0169153213500977 -0.0515670776367188 -0.0863418579101563
0.0154228210449219 0.00601959228515625 -0.0335159301757812 -0.0489730834960938
0.00977134704589844 -0.00149250030517578 -0.0351943969726562 -0.061187744140625
0.00230979919433594 -0.00990867614746094 -0.0555610656738281 -0.0695533752441406
-0.010188102722168 -0.00771808624267578 -0.0959243774414063 -0.055267333984375
-0.0246200561523438 -0.00348091125488281 -0.119804382324219 -0.0318374633789062
-0.0222721099853516 -0.0116195678710938 -0.108100891113281 -0.0373001098632812
-0.0261917114257813 -0.0147056579589844 -0.104171752929688 -0.0701904296875
-0.0148735046386719 -0.0295200347900391 -0.0572738647460938 -0.103355407714844
0.00546073913574218 -0.0327644348144531 0.0057220458984375 -0.0960922241210937
0.0272464752197266 -0.0239524841308594 0.0503730773925781 -0.0645179748535156
0.0341682434082031 -0.00287628173828125 0.0565719604492188 -0.0115623474121094
0.0278167724609375 0.00864219665527344 0.00923538208007813 -0.0208854675292969
0.0135021209716797 0.0185737609863281 0.00502777099609375 -0.0907974243164063
0.0175094604492188 0.0834503173828125 -0.0144729614257812 -0.121452331542969
0.04437255859375 0.0519294738769531 -0.0376052856445313 -0.0825576782226563
0.0701980590820313 0.00486373901367188 -0.0206832885742188 -0.0472145080566406
0.0417976379394531 -0.0366058349609375 -0.0259933471679687 -0.0590133666992187
0.00704574584960937 -0.0605964660644531 -0.0399703979492188 -0.0670433044433594
-0.0416641235351562 -0.0486488342285156 -0.0825042724609375 -0.0527114868164062
-0.0695304870605469 -0.0313568115234375 -0.103187561035156 -0.02960205078125
-0.0605010986328125 -0.0433845520019531 -0.08843994140625 -0.0287322998046875
-0.0662727355957031 -0.0477676391601562 -0.08935546875 -0.054351806640625
-0.0341949462890625 -0.070526123046875 -0.056976318359375 -0.0792694091796875
0.0132675170898438 -0.0763626098632813 -0.00598144531250001 -0.078033447265625
0.0587806701660156 -0.0484771728515625 0.0308380126953125 -0.0629005432128906
0.0743179321289063 0.00897216796875 0.0412139892578125 -0.0189590454101563
0.0523185729980469 0.0380935668945313 0.00254440307617188 -0.0224037170410156
0.0200691223144531 0.066314697265625 -0.00131988525390626 -0.0826873779296875
0.0219802856445313 0.12548828125 -0.000495910644531248 -0.09136962890625
0.064117431640625 0.0847854614257813 -0.0176239013671875 -0.0679740905761719
0.113716125488281 0.0147171020507813 -0.00668334960937499 -0.0389633178710938
0.0763931274414063 -0.0589523315429688 -0.0150299072265625 -0.046173095703125
0.0212020874023437 -0.101005554199219 -0.0193901062011719 -0.0500068664550781
-0.05938720703125 -0.0871658325195313 -0.0562095642089844 -0.0389633178710938
-0.100189208984375 -0.0572509765625 -0.068756103515625 -0.0209274291992187
-0.089080810546875 -0.0689468383789063 -0.0545806884765625 -0.0147819519042969
-0.09954833984375 -0.0703125 -0.0606689453125 -0.0320320129394531
-0.0583267211914062 -0.0983657836914063 -0.0443382263183594 -0.0455322265625
0.00669097900390625 -0.113670349121094 -0.00967025756835938 -0.0464210510253906
0.0750350952148437 -0.0791854858398438 0.0122604370117188 -0.0458297729492188
0.112594604492187 0.00606536865234375 0.0214462280273438 -0.0159549713134766
0.0826263427734375 0.0581588745117188 -0.00361251831054687 -0.0160226821899414
0.0329971313476563 0.106094360351562 -0.00873184204101562 -0.059661865234375
0.0162353515625 0.146560668945313 0.0104713439941406 -0.0489883422851562
0.0640640258789063 0.105636596679688 -0.000423431396484374 -0.0443801879882813
0.134033203125 0.0327377319335938 -0.000724792480468743 -0.0236587524414063
0.102302551269531 -0.0624465942382813 -0.0103683471679687 -0.0223369598388672
0.0415725708007813 -0.120384216308594 -0.00196456909179687 -0.0184307098388672
-0.0602035522460938 -0.113449096679688 -0.0233020782470703 -0.01202392578125
-0.112998962402344 -0.0760345458984375 -0.0242824554443359 -0.00471115112304688
-0.104148864746094 -0.082855224609375 -0.0124950408935547 0.000597953796386716
-0.120635986328125 -0.08056640625 -0.0207595825195313 -0.00938606262207032
-0.0789794921875 -0.109107971191406 -0.0168609619140625 -0.0102577209472656
-0.0088958740234375 -0.135650634765625 0.000876426696777342 -0.0126142501831055
0.0736923217773438 -0.105186462402344 0.00525665283203125 -0.0185298919677734
0.136253356933594 -0.00604248046875 0.00804519653320314 0.000484466552734375
0.109214782714844 0.0662002563476563 -0.00268316268920898 0.000670671463012699
0.0475540161132813 0.130485534667969 -0.0110816955566406 -0.0238494873046875
0.00595092773437499 0.142929077148438 0.0148820877075195 -0.00386714935302734
0.0482711791992187 0.106986999511719 0.00733566284179688 -0.0194053649902344
0.123550415039063 0.0493087768554688 -0.0076160430908203 -0.00886821746826172
0.108444213867188 -0.0470809936523438 -0.01904296875 0.00600624084472656
0.0561065673828125 -0.113487243652344 0.00409889221191407 0.0220928192138672
-0.0482635498046875 -0.119163513183594 0.00615119934082031 0.0256595611572266
-0.106437683105469 -0.0820846557617187 0.02203369140625 0.0175380706787109
-0.103469848632812 -0.0846405029296875 0.0311546325683594 0.0158729553222656
-0.123794555664063 -0.0787429809570312 0.0234928131103516 0.00892448425292968
-0.0870132446289063 -0.103446960449219 0.0183315277099609 0.0177783966064453
-0.0211257934570313 -0.136077880859375 0.022186279296875 0.0156726837158203
0.0619430541992187 -0.11334228515625 0.0120563507080078 0.00883960723876953
0.139488220214844 -0.0176239013671875 0.00953674316406251 0.02154541015625
0.119987487792969 0.0631103515625 0.00996589660644532 0.0226097106933594
0.0570526123046875 0.134368896484375 -0.00587081909179687 0.0196056365966797
-0.0030670166015625 0.117103576660156 0.0116539001464844 0.0376434326171875
0.0269241333007813 0.0892333984375 0.00543308258056641 0.000260353088378912
0.0902481079101563 0.0528945922851563 -0.0246028900146484 -0.000125885009765625
0.0898208618164063 -0.0251312255859375 -0.0374946594238281 0.02978515625
0.0567779541015625 -0.085601806640625 -0.00297927856445312 0.0594329833984375
-0.0297622680664062 -0.101959228515625 0.0272331237792969 0.0640525817871094
-0.0835952758789062 -0.0732192993164063 0.0624656677246094 0.0410690307617187
-0.0872039794921875 -0.0738983154296875 0.0700187683105469 0.0289230346679688
-0.106964111328125 -0.0682220458984375 0.0651321411132813 0.0218238830566406
-0.0780563354492188 -0.0871658325195313 0.0538825988769531 0.0374641418457031
-0.0233612060546875 -0.117965698242188 0.0451850891113281 0.0359725952148437
0.0478668212890625 -0.100288391113281 0.0250282287597656 0.0307216644287109
0.121253967285156 -0.019500732421875 0.0193901062011719 0.0399246215820313
0.109184265136719 0.0536575317382812 0.0298004150390625 0.0456886291503906
0.0546722412109375 0.118812561035156 0.00374221801757813 0.0642318725585938
-0.00693511962890625 0.07611083984375 0.0070343017578125 0.0676536560058594
0.00928878784179687 0.0584869384765625 0.000246047973632812 0.011998176574707
0.0485916137695313 0.0421066284179688 -0.0435447692871094 0.000675201416015636
0.0542869567871094 -0.00680923461914062 -0.0570106506347656 0.0446701049804688
0.0397605895996094 -0.0475654602050781 -0.014007568359375 0.0856170654296875
-0.0134048461914062 -0.0665512084960938 0.0409011840820312 0.0931472778320313
-0.050079345703125 -0.0511817932128906 0.0918807983398437 0.0601654052734375
-0.0574989318847656 -0.0513572692871094 0.097808837890625 0.0377960205078125
-0.0733489990234375 -0.050537109375 0.0975570678710937 0.0311355590820312
-0.0548591613769531 -0.0631256103515625 0.08184814453125 0.0510177612304687
-0.0159225463867188 -0.085357666015625 0.0623359680175781 0.0494728088378906
0.0334930419921875 -0.0724029541015625 0.0368843078613281 0.04620361328125
0.0858001708984375 -0.0143661499023438 0.0305747985839844 0.0523834228515625
0.0776748657226563 0.0378341674804688 0.0486259460449219 0.065460205078125
0.03961181640625 0.0833892822265625 0.01336669921875 0.102081298828125
-0.0201053619384766 -0.0315532684326172 -0.0294952392578125 -0.127059936523438
-0.0342082977294922 -0.0141544342041016 -0.0557098388671875 -0.0799484252929688
-0.0378875732421875 0.0170326232910156 -0.0409126281738281 -0.0447311401367187
-0.0137062072753906 0.0389862060546875 -0.0389633178710938 -0.0562896728515625
0.00722885131835937 0.0401535034179688 -0.0630302429199219 -0.06280517578125
0.028411865234375 0.0285549163818359 -0.0966110229492188 -0.0509719848632812
0.0254554748535156 0.0202369689941406 -0.120185852050781 -0.0285186767578125
0.0194206237792969 0.0211925506591797 -0.11248779296875 -0.0379791259765625
0.0147552490234375 0.0230140686035156 -0.10577392578125 -0.072174072265625
-0.00182819366455078 0.0172510147094727 -0.0540313720703125 -0.108856201171875
-0.0139751434326172 0.00943756103515625 0.0111236572265625 -0.100349426269531
-0.013636589050293 -0.00878143310546875 0.05657958984375 -0.0584335327148438
-0.003570556640625 -0.0258464813232422 0.0596809387207031 -0.00450897216796875
0.0105094909667969 -0.0254383087158203 0.00916767120361328 -0.0167531967163086
0.0115890502929688 -0.0324592590332031 0.00576019287109375 -0.0867691040039063
0.00392913818359375 0.0283164978027344 -0.0272369384765625 -0.134208679199219
0.0095224380493164 0.0168190002441406 -0.0534515380859375 -0.0860748291015625
0.0159339904785156 0.00570297241210937 -0.034210205078125 -0.0484733581542969
0.00966358184814453 -0.00147342681884766 -0.0360641479492187 -0.0613517761230469
0.00210952758789063 -0.0102252960205078 -0.0568733215332031 -0.0690383911132813
-0.0102653503417969 -0.00750064849853516 -0.0976333618164063 -0.0545578002929688
-0.0244159698486328 -0.00362777709960938 -0.121681213378906 -0.0305404663085937
-0.0221958160400391 -0.0118045806884766 -0.10955810546875 -0.0358200073242188
-0.0262336730957031 -0.0145530700683594 -0.105804443359375 -0.0689773559570312
-0.0156192779541016 -0.0296916961669922 -0.0595321655273437 -0.1029052734375
0.00513458251953125 -0.0329360961914063 0.00418853759765625 -0.0972671508789062
0.0266990661621094 -0.0245246887207031 0.0496940612792969 -0.0654487609863281
0.0339927673339844 -0.003173828125 0.0570755004882812 -0.0119857788085937
0.0284347534179688 0.00818634033203125 0.00905227661132813 -0.0210456848144531
0.0142879486083984 0.0181083679199219 0.00281524658203125 -0.0916595458984375
0.0194549560546875 0.0838699340820313 -0.0167388916015625 -0.121742248535156
0.0456314086914063 0.0522537231445313 -0.0392303466796875 -0.082977294921875
0.07061767578125 0.0040283203125 -0.0214424133300781 -0.0472755432128906
0.0422477722167969 -0.0378456115722656 -0.0268287658691406 -0.0591239929199219
0.006134033203125 -0.061248779296875 -0.0410041809082031 -0.0666389465332031
-0.0429153442382813 -0.0485076904296875 -0.0843505859375 -0.0520477294921875
-0.0702018737792969 -0.030548095703125 -0.103950500488281 -0.0280685424804688
-0.0616378784179688 -0.0434036254882813 -0.0897598266601563 -0.0274200439453125
-0.0674400329589844 -0.0472221374511719 -0.0912628173828125 -0.0532073974609375
-0.0356903076171875 -0.0709762573242188 -0.0592041015625 -0.0791473388671875
0.012237548828125 -0.0773239135742188 -0.00700378417968749 -0.078338623046875
0.058868408203125 -0.0499000549316406 0.0302391052246094 -0.0639839172363281
0.0752639770507813 0.00817108154296875 0.0416030883789063 -0.0202140808105469
0.0531959533691406 0.037567138671875 0.00233078002929688 -0.0228443145751953
0.021697998046875 0.0669097900390625 -0.003021240234375 -0.0831451416015625
0.0240631103515625 0.126411437988281 -0.00200653076171876 -0.0925521850585937
0.0660629272460938 0.0845489501953125 -0.0192031860351562 -0.0679283142089844
0.115432739257812 0.0124359130859375 -0.00715255737304687 -0.0394020080566406
0.0764007568359375 -0.0613555908203125 -0.0153160095214844 -0.046356201171875
0.0198822021484375 -0.102294921875 -0.0203056335449219 -0.0504646301269531
-0.0612869262695313 -0.0869064331054688 -0.0570869445800781 -0.0382575988769531
-0.101829528808594 -0.0561370849609375 -0.0699577331542969 -0.0200424194335937
-0.0910110473632813 -0.06817626953125 -0.0552482604980469 -0.0144119262695313
-0.101646423339844 -0.069732666015625 -0.0614891052246094 -0.0314369201660156
-0.0595779418945313 -0.0979766845703125 -0.045166015625 -0.0449943542480469
0.00546264648437499 -0.114952087402344 -0.0109748840332031 -0.0470695495605469
0.0744171142578125 -0.0814666748046875 0.0110511779785156 -0.0463447570800781
0.113609313964844 0.00478363037109375 0.0213165283203125 -0.0163059234619141
0.0847091674804688 0.0576095581054688 -0.00404357910156249 -0.0161123275756836
0.0352325439453125 0.106590270996094 -0.00956344604492188 -0.0599594116210937
0.01861572265625 0.147781372070313 0.00950241088867188 -0.0498466491699219
0.0666885375976563 0.105758666992187 -0.00102233886718749 -0.0446586608886719
0.135726928710938 0.0303955078125 -0.000320434570312493 -0.0241889953613281
0.103118896484375 -0.064605712890625 -0.0103721618652344 -0.0224056243896484
0.0399017333984375 -0.122200012207031 -0.00199508666992187 -0.0189933776855469
-0.0625534057617188 -0.113327026367188 -0.0237922668457031 -0.0113449096679688
-0.114799499511719 -0.074676513671875 -0.0246162414550781 -0.00437545776367188
-0.10693359375 -0.0826339721679688 -0.0127382278442383 0.000510215759277336
-0.122879028320312 -0.0790328979492188 -0.0209579467773438 -0.00912094116210938
-0.0811843872070313 -0.108627319335937 -0.0173912048339844 -0.0101337432861328
-0.0107498168945313 -0.136672973632813 0.000467300415039063 -0.0132770538330078
0.07269287109375 -0.107040405273438 0.00463676452636719 -0.0185756683349609
0.137481689453125 -0.00804901123046875 0.00852346420288087 0.000488758087158203
0.111328125 0.0652236938476563 -0.00313615798950195 0.000228643417358402
0.0500259399414062 0.131324768066406 -0.0113124847412109 -0.0242462158203125
0.00854492187499999 0.144500732421875 0.0147056579589844 -0.00431346893310546
0.0503616333007813 0.107353210449219 0.00702857971191406 -0.0195255279541016
0.125617980957031 0.04718017578125 -0.00760555267333984 -0.00905704498291015
0.109138488769531 -0.0492324829101563 -0.0186691284179687 0.00646972656249999
0.0548934936523437 -0.115890502929688 0.0045318603515625 0.0216484069824219
-0.0503387451171875 -0.119636535644531 0.00678634643554687 0.0260581970214844
-0.108245849609375 -0.081024169921875 0.0225582122802734 0.0173091888427734
-0.105941772460938 -0.0838851928710937 0.0318851470947266 0.0155620574951172
-0.126167297363281 -0.0772933959960938 0.0235538482666016 0.00875473022460937
-0.089019775390625 -0.103057861328125 0.0186996459960937 0.0178585052490234
-0.0239486694335937 -0.137130737304688 0.0223255157470703 0.0154857635498047
0.0605697631835938 -0.115608215332031 0.0121183395385742 0.00896739959716796
0.140655517578125 -0.0201568603515625 0.00951385498046876 0.0217666625976563
0.122116088867188 0.0615921020507813 0.0105609893798828 0.0223960876464844
0.059661865234375 0.135108947753906 -0.00533294677734375 0.0197391510009766
-0.000480651855468739 0.118743896484375 0.0125732421875 0.0374183654785156
0.0291671752929688 0.0897750854492188 0.00531721115112305 0.000561714172363287
0.0921783447265625 0.0523147583007813 -0.0246410369873047 4.95910644531252E-05
0.0904159545898438 -0.0266342163085938 -0.0372657775878906 0.0305252075195313
0.0557327270507812 -0.0874099731445312 -0.00187301635742187 0.0600013732910156
-0.0313949584960938 -0.102836608886719 0.0287513732910156 0.0643157958984375
-0.0852432250976563 -0.072845458984375 0.0633316040039063 0.0402870178222656
-0.0885543823242187 -0.0727996826171875 0.0711746215820313 0.0281448364257813
-0.109512329101563 -0.0670852661132812 0.0661468505859375 0.0212173461914063
-0.0803604125976563 -0.0868911743164063 0.0551223754882812 0.037384033203125
-0.0252227783203125 -0.11871337890625 0.0464630126953125 0.0356521606445312
0.0469512939453125 -0.10235595703125 0.0254936218261719 0.0304698944091797
0.121978759765625 -0.0217514038085938 0.0200729370117188 0.0400123596191406
0.110877990722656 0.0523757934570313 0.0309486389160156 0.0455780029296875
0.0569076538085937 0.119407653808594 0.00497817993164063 0.0646514892578125
-0.00511169433593749 0.0773086547851562 0.00844192504882813 0.0679664611816406
0.0103836059570313 0.0590629577636719 0.000457763671875001 0.0118551254272461
0.0498504638671875 0.0414772033691406 -0.0432968139648438 0.00110244750976562
0.0547828674316406 -0.00786972045898438 -0.056671142578125 0.0454673767089844
0.0391311645507812 -0.0488967895507812 -0.0129318237304688 0.086212158203125
-0.0145072937011719 -0.0665359497070313 0.0425033569335938 0.0937576293945313
-0.0514297485351563 -0.0502510070800781 0.0932235717773438 0.0587692260742187
-0.05859375 -0.0506477355957031 0.0993804931640625 0.03680419921875
-0.0752792358398438 -0.0500411987304688 0.0986709594726562 0.0301437377929687
-0.0564155578613281 -0.0624923706054688 0.0835494995117188 0.0502471923828125
-0.0174713134765625 -0.0856704711914062 0.063201904296875 0.0494766235351563
0.0324783325195313 -0.0737075805664063 0.0375480651855469 0.0457496643066406
0.0870285034179688 -0.0158004760742188 0.0314292907714844 0.0529975891113281
0.0790176391601563 0.0368499755859375 0.0500335693359375 0.0651512145996094
0.0415267944335937 0.0842208862304687 0.0154800415039063 0.103240966796875
-0.0211830139160156 -0.0317630767822266 -0.0319442749023437 -0.127693176269531
-0.0349235534667969 -0.0134735107421875 -0.0569534301757813 -0.0800933837890625
-0.0377769470214844 0.0180435180664063 -0.0417060852050781 -0.0439796447753906
-0.0132522583007813 0.0395736694335937 -0.0399246215820313 -0.0562820434570313
0.00783920288085938 0.0400657653808594 -0.0646286010742188 -0.061859130859375
0.0290699005126953 0.0282649993896484 -0.0974960327148437 -0.0501174926757813
0.0257778167724609 0.0202198028564453 -0.121025085449219 -0.0273361206054688
0.0203304290771484 0.0208549499511719 -0.114028930664063 -0.0371322631835937
0.0155105590820313 0.0230655670166016 -0.10736083984375 -0.0706405639648438
-0.00168800354003906 0.0170154571533203 -0.056365966796875 -0.108497619628906
-0.0135660171508789 0.00987148284912109 0.00923156738281249 -0.10113525390625
-0.0139732360839844 -0.00835704803466797 0.0562515258789063 -0.0597877502441406
-0.00413703918457031 -0.0259685516357422 0.0596427917480469 -0.00551223754882813
0.0101318359375 -0.025390625 0.00872135162353516 -0.0168819427490234
0.0111541748046875 -0.032989501953125 0.00436401367187499 -0.0872650146484375
0.0042266845703125 0.0282783508300781 -0.02960205078125 -0.134773254394531
0.00948905944824219 0.0171308517456055 -0.0548324584960938 -0.0855636596679688
0.0161037445068359 0.00581836700439453 -0.0350723266601563 -0.048065185546875
0.010462760925293 -0.00136947631835938 -0.0372123718261719 -0.0609779357910156
0.002105712890625 -0.00998497009277344 -0.05804443359375 -0.0689239501953125
-0.0101823806762695 -0.00739097595214844 -0.0991592407226563 -0.0534133911132813
-0.0248317718505859 -0.00337028503417969 -0.122650146484375 -0.0288772583007813
-0.0233173370361328 -0.0115547180175781 -0.11102294921875 -0.0345382690429687
-0.0272083282470703 -0.0140094757080078 -0.107864379882812 -0.0676040649414062
-0.0161418914794922 -0.0296440124511719 -0.0619049072265625 -0.102760314941406
0.0045928955078125 -0.0333099365234375 0.00225067138671876 -0.098114013671875
0.0265159606933594 -0.0250015258789062 0.0488395690917969 -0.066802978515625
0.0340576171875 -0.00391006469726562 0.057037353515625 -0.0131072998046875
0.0286846160888672 0.00806999206542969 0.00855445861816407 -0.0214347839355469
0.0147113800048828 0.0185127258300781 0.00181579589843751 -0.0922317504882813
0.0214309692382812 0.0843658447265625 -0.0186080932617187 -0.122825622558594
0.0467376708984375 0.0521278381347656 -0.0408172607421875 -0.08203125
0.07110595703125 0.00261688232421875 -0.0220375061035156 -0.0477561950683594
0.0415611267089844 -0.0385322570800781 -0.0276527404785156 -0.0591659545898438
0.00516891479492188 -0.0614166259765625 -0.0427627563476563 -0.0672569274902344
-0.0438156127929687 -0.0480079650878906 -0.0856399536132813 -0.0515213012695312
-0.0711898803710938 -0.0294418334960938 -0.105018615722656 -0.0269241333007813
-0.062774658203125 -0.0430259704589844 -0.0906982421875 -0.0269088745117187
-0.0685997009277344 -0.0464401245117187 -0.09259033203125 -0.0520401000976562
-0.036834716796875 -0.0708847045898438 -0.0606842041015625 -0.078948974609375
0.0114517211914062 -0.077606201171875 -0.00885009765624999 -0.0787429809570312
0.0581436157226563 -0.0510101318359375 0.0287513732910156 -0.0648918151855469
0.0758743286132813 0.0072174072265625 0.0412406921386719 -0.0208892822265625
0.0539741516113281 0.0371513366699219 0.00177001953125 -0.0233097076416016
0.0231170654296875 0.0670433044433594 -0.004425048828125 -0.0841522216796875
0.0274200439453125 0.1268310546875 -0.00379943847656251 -0.0926895141601562
0.0680389404296875 0.0842361450195313 -0.0198593139648437 -0.0677757263183594
0.116813659667969 0.0109176635742187 -0.00735473632812499 -0.0396537780761719
0.0761947631835938 -0.0627593994140625 -0.0160064697265625 -0.0466232299804688
0.0182876586914062 -0.103652954101563 -0.0211219787597656 -0.0505867004394531
-0.0628509521484375 -0.0864410400390625 -0.0583915710449219 -0.0375328063964844
-0.103828430175781 -0.0545578002929687 -0.0708236694335937 -0.0189285278320313
-0.093017578125 -0.0674972534179688 -0.055694580078125 -0.0140190124511719
-0.10333251953125 -0.0681076049804688 -0.0625228881835938 -0.0303153991699219
-0.0619049072265625 -0.0984725952148438 -0.0464553833007813 -0.0444602966308594
0.00352478027343751 -0.115692138671875 -0.0116806030273437 -0.0471229553222656
0.0735092163085938 -0.0836181640625 0.0107612609863281 -0.047210693359375
0.114799499511719 0.00305938720703125 0.0208759307861328 -0.0164833068847656
0.085845947265625 0.056610107421875 -0.00430107116699218 -0.0162439346313477
0.037872314453125 0.106796264648438 -0.0108642578125 -0.0602607727050781
0.0218658447265625 0.148712158203125 0.00874710083007813 -0.0502433776855469
0.069244384765625 0.105216979980469 -0.00174713134765625 -0.0443229675292969
0.137939453125 0.0285720825195312 -0.000358581542968741 -0.0246753692626953
0.102996826171875 -0.0668411254882813 -0.0108642578125 -0.0227508544921875
0.0383148193359375 -0.124305725097656 -0.00237083435058594 -0.0191898345947266
-0.06494140625 -0.113578796386719 -0.0239429473876953 -0.0108680725097656
-0.116600036621094 -0.0731658935546875 -0.0247631072998047 -0.00416374206542969
-0.10870361328125 -0.0814666748046875 -0.0123233795166016 0.00074100494384765
-0.124900817871094 -0.0776748657226563 -0.0208644866943359 -0.00857543945312501
-0.0835647583007813 -0.108001708984375 -0.0176239013671875 -0.00973701477050782
-0.0130996704101562 -0.137443542480469 0.000179290771484374 -0.0128765106201172
0.0714492797851563 -0.109825134277344 0.00374984741210938 -0.0193653106689453
0.138992309570313 -0.0109100341796875 0.00846862792968751 0.000132560729980468
0.113456726074219 0.0636138916015625 -0.00264763832092284 2.78949737548863E-05
0.0530624389648437 0.131423950195313 -0.0116291046142578 -0.0240383148193359
0.0116119384765625 0.14556884765625 0.014923095703125 -0.00446891784667968
0.0527496337890625 0.107406616210938 0.00697898864746094 -0.0196590423583984
0.127517700195313 0.0454559326171875 -0.00714015960693359 -0.00934123992919922
0.108795166015625 -0.0516433715820313 -0.0184879302978516 0.00668907165527343
0.053192138671875 -0.118110656738281 0.00466537475585938 0.021728515625
-0.0523910522460937 -0.119926452636719 0.00721549987792969 0.0260982513427734
-0.110572814941406 -0.0796356201171875 0.0229682922363281 0.0171413421630859
-0.10772705078125 -0.0823135375976563 0.032318115234375 0.0150623321533203
-0.128211975097656 -0.0760574340820312 0.0239009857177734 0.00855445861816406
-0.0913009643554688 -0.1024169921875 0.0193805694580078 0.0178108215332031
-0.026031494140625 -0.137825012207031 0.0229473114013672 0.0153141021728516
0.0590591430664062 -0.11767578125 0.012089729309082 0.00872707366943359
0.141830444335938 -0.022125244140625 0.0100650787353516 0.0215950012207031
0.124267578125 0.0604629516601563 0.0108528137207031 0.0225296020507813
0.0628128051757813 0.1356201171875 -0.00527572631835937 0.0200328826904297
0.00159454345703125 0.119491577148438 0.0131950378417969 0.0377349853515625
0.0306625366210938 0.0904464721679688 0.00560331344604492 0.000226020812988287
0.093994140625 0.050811767578125 -0.0243072509765625 -2.09808349609384E-05
0.0906448364257813 -0.0283126831054688 -0.0367965698242188 0.0309715270996094
0.0544281005859375 -0.0891494750976563 -0.00115966796874999 0.0599517822265625
-0.0333404541015625 -0.10284423828125 0.0298652648925781 0.0645790100097656
-0.0866622924804688 -0.07159423828125 0.0645256042480469 0.0399169921875
-0.0909194946289062 -0.0716629028320313 0.0716934204101563 0.0271072387695312
-0.11102294921875 -0.0655975341796875 0.0668182373046875 0.0206031799316406
-0.0822982788085938 -0.08648681640625 0.0562019348144531 0.0369224548339844
-0.027740478515625 -0.119178771972656 0.046783447265625 0.0353240966796875
0.0457229614257813 -0.103927612304687 0.0262088775634766 0.0306873321533203
0.122962951660156 -0.024200439453125 0.0206985473632813 0.0396156311035156
0.11285400390625 0.050994873046875 0.0321617126464844 0.0446929931640625
0.0595932006835937 0.119560241699219 0.00629425048828126 0.0647087097167969
-0.00419616699218751 0.0781402587890625 0.00946426391601562 0.0679092407226563
0.011566162109375 0.0592384338378906 0.000652313232421875 0.0123233795166016
0.0515480041503906 0.0408096313476563 -0.0434799194335938 0.00205230712890625
0.0552864074707031 -0.00870132446289063 -0.0561027526855469 0.0464057922363281
0.0385818481445312 -0.0500450134277344 -0.0113906860351562 0.0869827270507813
-0.015899658203125 -0.0670089721679688 0.0444259643554687 0.0937576293945312
-0.0524177551269531 -0.0498733520507812 0.094268798828125 0.0582427978515625
-0.0601615905761719 -0.0505256652832031 0.100616455078125 0.035186767578125
-0.0766525268554687 -0.0489349365234375 0.0998687744140625 0.0286712646484375
-0.0577125549316406 -0.0620841979980469 0.0849685668945313 0.0489654541015625
-0.019195556640625 -0.0862197875976562 0.0647163391113281 0.0487594604492188
0.0314254760742188 -0.0748291015625 0.0382881164550781 0.0457229614257812
0.0876083374023438 -0.0176239013671875 0.03240966796875 0.0527000427246094
0.080810546875 0.0365753173828125 0.0513648986816406 0.0644073486328125
0.0434112548828125 0.0844268798828125 0.0176544189453125 0.103721618652344
-0.0219211578369141 -0.0319252014160156 -0.0344772338867188 -0.127944946289063
-0.0355339050292969 -0.0131111145019531 -0.0587997436523438 -0.0792922973632813
-0.0381889343261719 0.0191612243652344 -0.0421905517578125 -0.04351806640625
-0.0125885009765625 0.0400924682617187 -0.0407676696777344 -0.0557632446289063
0.0090484619140625 0.0407981872558594 -0.065948486328125 -0.0616416931152344
0.02978515625 0.0282230377197266 -0.0990142822265625 -0.0490646362304688
0.0267238616943359 0.0192317962646484 -0.121559143066406 -0.0255889892578125
0.0204734802246094 0.0205459594726562 -0.114913940429688 -0.0351409912109375
0.0160560607910156 0.0225753784179688 -0.109512329101563 -0.0696640014648437
-0.00102806091308594 0.0175571441650391 -0.0586090087890625 -0.108512878417969
-0.0136537551879883 0.010406494140625 0.00749969482421875 -0.101570129394531
-0.014409065246582 -0.00788593292236328 0.0554161071777344 -0.0609245300292969
-0.00462913513183594 -0.0261249542236328 0.0600051879882813 -0.00621795654296875
0.00940895080566406 -0.0259761810302734 0.00832653045654297 -0.0170612335205078
0.0107688903808594 -0.0333023071289063 0.00235748291015626 -0.0878982543945313
0.005035400390625 0.0280971527099609 -0.0325775146484375 -0.134696960449219
0.00961399078369141 0.0167379379272461 -0.0573043823242188 -0.085205078125
0.0161981582641602 0.00544357299804688 -0.035797119140625 -0.0478401184082031
0.0100784301757813 -0.00184822082519531 -0.0381660461425781 -0.0610008239746094
0.00159931182861328 -0.010502815246582 -0.0598831176757812 -0.0682220458984375
-0.0104541778564453 -0.00738143920898438 -0.100677490234375 -0.052276611328125
-0.0250873565673828 -0.00296401977539063 -0.123634338378906 -0.027099609375
-0.0233249664306641 -0.0117397308349609 -0.112213134765625 -0.033203125
-0.0269298553466797 -0.0137233734130859 -0.109786987304687 -0.066192626953125
-0.0164165496826172 -0.0296516418457031 -0.0640869140625 -0.102218627929688
0.00473594665527344 -0.0332584381103516 0.0011138916015625 -0.0984954833984375
0.0260543823242188 -0.0256595611572266 0.0479087829589844 -0.068267822265625
0.0343513488769531 -0.0046234130859375 0.0573616027832031 -0.0145111083984375
0.0286750793457031 0.00732994079589844 0.00815391540527344 -0.0212688446044922
0.0154590606689453 0.0181808471679688 7.62939453125013E-05 -0.092864990234375
0.0236358642578125 0.0840835571289063 -0.0215606689453125 -0.122886657714844
0.0481681823730469 0.051239013671875 -0.0424346923828125 -0.0818252563476563
0.0721054077148438 0.0009307861328125 -0.0223274230957031 -0.0472068786621094
0.0412750244140625 -0.0394706726074219 -0.0286712646484375 -0.0591697692871094
0.00407028198242188 -0.0620384216308594 -0.0441436767578125 -0.0664558410644531
-0.0451087951660156 -0.0474090576171875 -0.08685302734375 -0.0499343872070313
-0.0718231201171875 -0.0285263061523438 -0.106048583984375 -0.0254287719726562
-0.0641021728515625 -0.0422325134277344 -0.0915756225585938 -0.0255126953125
-0.0695266723632813 -0.0453643798828125 -0.094268798828125 -0.0504837036132812
-0.0384292602539063 -0.07080078125 -0.0626296997070312 -0.0781936645507813
0.0101470947265625 -0.0784225463867188 -0.0101242065429688 -0.07928466796875
0.058135986328125 -0.0525932312011719 0.0277557373046875 -0.0656394958496094
0.0766677856445313 0.00577545166015625 0.0414695739746094 -0.0214157104492188
0.0552520751953125 0.0368270874023438 0.00148391723632813 -0.0231437683105469
0.0244407653808594 0.0670204162597656 -0.00629425048828124 -0.0839385986328125
0.0299224853515625 0.127693176269531 -0.00555419921875 -0.0933609008789062
0.0704345703125 0.0838241577148438 -0.0212631225585937 -0.0676193237304687
0.117942810058594 0.008575439453125 -0.00768661499023436 -0.0396537780761719
0.07568359375 -0.0646286010742188 -0.0168037414550781 -0.0470962524414063
0.016693115234375 -0.104736328125 -0.0221977233886719 -0.0508651733398438
-0.0648574829101563 -0.0858306884765625 -0.0589828491210938 -0.036651611328125
-0.105155944824219 -0.053009033203125 -0.0714797973632813 -0.0180206298828125
-0.094696044921875 -0.0662384033203125 -0.0564918518066406 -0.0131301879882813
-0.105278015136719 -0.067047119140625 -0.0633621215820313 -0.0293350219726563
-0.063873291015625 -0.09808349609375 -0.0471382141113281 -0.0438270568847656
0.00164031982421875 -0.1163330078125 -0.0124778747558594 -0.0475273132324219
0.072662353515625 -0.0854415893554688 0.00885391235351563 -0.0475578308105469
0.115943908691406 0.0010223388671875 0.0204944610595703 -0.0173664093017578
0.0871505737304687 0.0557479858398438 -0.00460720062255859 -0.0164995193481445
0.0399703979492188 0.107414245605469 -0.0116767883300781 -0.0603675842285156
0.0251617431640625 0.14984130859375 0.00815200805664063 -0.0508041381835938
0.0717620849609375 0.105461120605469 -0.0027923583984375 -0.0447120666503906
0.139701843261719 0.0261001586914062 -0.000341415405273427 -0.0248661041259766
0.102493286132813 -0.0690383911132813 -0.0111656188964844 -0.0227165222167969
0.0361480712890625 -0.126380920410156 -0.00284194946289062 -0.0193138122558594
-0.0669174194335938 -0.112625122070312 -0.0242996215820313 -0.0101413726806641
-0.118881225585937 -0.0711517333984375 -0.025238037109375 -0.00351333618164063
-0.110908508300781 -0.08013916015625 -0.0124588012695313 0.000681877136230465
-0.127578735351563 -0.0756454467773438 -0.0212059020996094 -0.00786209106445313
-0.0856246948242188 -0.107337951660156 -0.0177497863769531 -0.00914955139160157
-0.0153045654296875 -0.137931823730469 9.53674316406244E-05 -0.0132083892822266
0.0702056884765625 -0.111595153808594 0.0033721923828125 -0.0192661285400391
0.140518188476563 -0.0128707885742188 0.00823593139648438 0.000243186950683593
0.115226745605469 0.0624160766601562 -0.00245928764343261 -0.000384569168090817
0.0558853149414062 0.131507873535156 -0.0121536254882812 -0.0241641998291016
0.0144500732421875 0.14617919921875 0.0148000717163086 -0.0049762725830078
0.0552825927734375 0.107475280761719 0.00654983520507813 -0.0199069976806641
0.129600524902344 0.0433731079101563 -0.00696563720703124 -0.00923919677734375
0.108894348144531 -0.053375244140625 -0.0185260772705078 0.00681304931640625
0.051788330078125 -0.120018005371094 0.00521850585937501 0.0214481353759766
-0.0548095703125 -0.119140625 0.0081024169921875 0.0262565612792969
-0.112106323242188 -0.0779800415039063 0.0232086181640625 0.0170345306396484
-0.110191345214844 -0.0813522338867187 0.0329170227050781 0.0145626068115234
-0.130531311035156 -0.0739822387695312 0.0245380401611328 0.00869178771972656
-0.0939178466796875 -0.101493835449219 0.0199451446533203 0.01788330078125
-0.028594970703125 -0.137870788574219 0.0234737396240234 0.01495361328125
0.0577392578125 -0.119537353515625 0.0120162963867188 0.00860214233398437
0.142425537109375 -0.0247344970703125 0.0103855133056641 0.0216274261474609
0.126167297363281 0.0592269897460938 0.0113773345947266 0.0220584869384766
0.0658493041992187 0.1353759765625 -0.00449562072753906 0.0203666687011719
0.00408935546875 0.120292663574219 0.0140380859375 0.0374603271484375
0.0328598022460938 0.0900344848632813 0.00550174713134766 0.000258445739746099
0.0959320068359375 0.0492019653320313 -0.0245532989501953 0.00015640258789063
0.0907745361328125 -0.02996826171875 -0.0368194580078125 0.0314254760742188
0.0533676147460938 -0.09112548828125 0.000179290771484374 0.0601768493652344
-0.0352706909179687 -0.103126525878906 0.0310821533203125 0.0644416809082031
-0.0883407592773437 -0.0704193115234375 0.0650825500488281 0.039093017578125
-0.09259033203125 -0.07098388671875 0.0727005004882813 0.0261764526367187
-0.113189697265625 -0.0642166137695313 0.0677909851074219 0.0194435119628906
-0.08404541015625 -0.08514404296875 0.0572166442871094 0.0362167358398437
-0.0297470092773438 -0.11932373046875 0.0478782653808594 0.0348968505859375
0.0442047119140625 -0.105934143066406 0.0265579223632813 0.0299930572509765
0.123626708984375 -0.0263290405273438 0.0213508605957031 0.0397262573242188
0.113945007324219 0.049774169921875 0.0329666137695313 0.0441856384277344
0.062347412109375 0.11956787109375 0.00763320922851563 0.0651664733886719
-0.00254058837890624 0.0785293579101562 0.0111427307128906 0.0686111450195313
0.012725830078125 0.0598373413085938 0.00116252899169922 0.0125274658203125
0.05230712890625 0.0398979187011719 -0.0435028076171875 0.00278854370117188
0.0556488037109375 -0.00985336303710938 -0.0557174682617188 0.0475540161132812
0.0382537841796875 -0.0513801574707031 -0.00983428955078126 0.087615966796875
-0.0167999267578125 -0.06719970703125 0.0458297729492188 0.0939712524414063
-0.0535354614257813 -0.0488395690917969 0.0958404541015625 0.056915283203125
-0.0616035461425781 -0.0496788024902344 0.101959228515625 0.0340499877929688
-0.0780868530273438 -0.04742431640625 0.101226806640625 0.0272750854492187
-0.0593681335449219 -0.0611038208007813 0.086883544921875 0.0485382080078125
-0.0210494995117187 -0.0861892700195313 0.0655517578125 0.0479011535644531
0.0304489135742188 -0.0757827758789063 0.039398193359375 0.0453910827636719
0.088470458984375 -0.0188064575195313 0.0333671569824219 0.0522422790527344
0.0816879272460937 0.035369873046875 0.052581787109375 0.0636749267578125
0.0452117919921875 0.0840988159179687 0.0197372436523437 0.104095458984375
-0.0226573944091797 -0.0319080352783203 -0.036529541015625 -0.127731323242188
-0.0361289978027344 -0.0126991271972656 -0.0605316162109375 -0.0788803100585938
-0.03802490234375 0.0198287963867188 -0.0430412292480469 -0.0429039001464844
-0.0120277404785156 0.040435791015625 -0.0417366027832031 -0.0555381774902344
0.0097198486328125 0.0406761169433594 -0.0672988891601563 -0.0605621337890625
0.0307254791259766 0.0274085998535156 -0.1004638671875 -0.048095703125
0.0270366668701172 0.0188274383544922 -0.122482299804688 -0.0235366821289062
0.02130126953125 0.02008056640625 -0.116012573242188 -0.0336761474609375
0.0166435241699219 0.0224399566650391 -0.110916137695312 -0.0678939819335937
-0.000949859619140624 0.0176963806152344 -0.0608367919921875 -0.107688903808594
-0.0130815505981445 0.0110492706298828 0.00600433349609374 -0.102035522460938
-0.0148649215698242 -0.00780868530273438 0.0543785095214844 -0.0620765686035156
-0.00605010986328125 -0.0261249542236328 0.0598716735839844 -0.00762176513671875
0.00915718078613282 -0.0264091491699219 0.00804424285888672 -0.0168161392211914
0.0103340148925781 -0.03363037109375 0.000846862792968746 -0.088470458984375
0.00556182861328125 0.0281448364257813 -0.0347137451171875 -0.135116577148438
0.0101642608642578 0.016484260559082 -0.058258056640625 -0.0842514038085937
0.01605224609375 0.00528621673583984 -0.0362930297851563 -0.0473442077636719
0.0100517272949219 -0.00216293334960938 -0.0388565063476563 -0.06048583984375
0.00156497955322266 -0.0102519989013672 -0.0615272521972656 -0.0677337646484375
-0.0108375549316406 -0.00717544555664063 -0.101783752441406 -0.051361083984375
-0.0249500274658203 -0.00257873535156251 -0.124168395996094 -0.0252761840820312
-0.0233688354492187 -0.0111007690429688 -0.113189697265625 -0.0316543579101563
-0.0271587371826172 -0.0131969451904297 -0.11151123046875 -0.0646438598632813
-0.0171413421630859 -0.0291996002197266 -0.0659942626953125 -0.101608276367188
0.00395393371582032 -0.0333290100097656 -0.000633239746093744 -0.09942626953125
0.0261058807373047 -0.0261917114257813 0.0468254089355469 -0.0689468383789063
0.0341987609863281 -0.00496673583984375 0.0572395324707031 -0.0149040222167969
0.0287895202636719 0.00697517395019531 0.00737762451171875 -0.0215606689453125
0.0156726837158203 0.0178451538085938 -0.00203704833984375 -0.09283447265625
0.0251541137695312 0.0838241577148438 -0.023162841796875 -0.123291015625
0.0494194030761719 0.0508689880371094 -0.0441055297851562 -0.0808868408203125
0.0722732543945313 -0.00058746337890625 -0.0225067138671875 -0.0472564697265625
0.0407638549804688 -0.04052734375 -0.0296211242675781 -0.0591812133789063
0.00305557250976562 -0.0626296997070313 -0.0454864501953125 -0.0663414001464844
-0.0458221435546875 -0.0469245910644531 -0.0876541137695313 -0.0488052368164062
-0.0729522705078125 -0.027191162109375 -0.106704711914063 -0.0236587524414062
-0.06475830078125 -0.0412673950195313 -0.092193603515625 -0.0240097045898438
-0.070526123046875 -0.0444869995117188 -0.0957489013671875 -0.0489120483398438
-0.0391616821289062 -0.069976806640625 -0.0644912719726562 -0.077239990234375
0.00940704345703125 -0.0786972045898438 -0.0111160278320313 -0.0789642333984375
0.057647705078125 -0.0538177490234375 0.0265235900878906 -0.0665473937988281
0.0771560668945313 0.00449371337890625 0.0410957336425781 -0.0227470397949219
0.0560684204101563 0.0358352661132813 0.0011138916015625 -0.0231895446777344
0.0259742736816406 0.066802978515625 -0.00782012939453124 -0.0845260620117188
0.0324172973632813 0.127655029296875 -0.00758361816406249 -0.0936965942382812
0.0727005004882813 0.083099365234375 -0.0228538513183594 -0.06707763671875
0.11871337890625 0.0063629150390625 -0.00774002075195312 -0.0403594970703125
0.07513427734375 -0.0661087036132812 -0.0175056457519531 -0.0471038818359375
0.0150222778320312 -0.105690002441406 -0.0230712890625 -0.0508232116699219
-0.06646728515625 -0.0846328735351563 -0.05987548828125 -0.0362472534179688
-0.106132507324219 -0.0513687133789062 -0.07183837890625 -0.017059326171875
-0.096282958984375 -0.0650177001953125 -0.056671142578125 -0.0123214721679688
-0.107032775878906 -0.0655899047851563 -0.0641098022460938 -0.0280532836914062
-0.0655364990234375 -0.0973739624023438 -0.0485687255859375 -0.0430488586425781
-9.91821289062489E-05 -0.116859436035156 -0.013580322265625 -0.0469398498535156
0.0720901489257813 -0.0869598388671875 0.00790786743164063 -0.0480194091796875
0.116584777832031 -0.00092315673828125 0.0205478668212891 -0.0174369812011719
0.0886383056640625 0.0544052124023438 -0.00495719909667968 -0.0166749954223633
0.0427627563476563 0.107093811035156 -0.0131111145019531 -0.06036376953125
0.028656005859375 0.150070190429688 0.0073699951171875 -0.0514945983886719
0.0741195678710938 0.104507446289063 -0.0029754638671875 -0.0447273254394531
0.141250610351563 0.0236358642578125 -0.000194549560546866 -0.0252571105957031
0.101943969726563 -0.0711441040039063 -0.0110645294189453 -0.0228424072265625
0.0340042114257812 -0.127655029296875 -0.00314521789550781 -0.0195827484130859
-0.0693283081054688 -0.112014770507813 -0.0245113372802734 -0.0101089477539063
-0.12005615234375 -0.0695953369140625 -0.0252304077148438 -0.00314140319824219
-0.112739562988281 -0.0786895751953125 -0.0123281478881836 0.000864982604980467
-0.129264831542969 -0.0742263793945312 -0.0217247009277344 -0.00759696960449219
-0.0875778198242188 -0.106636047363281 -0.0179462432861328 -0.00887107849121094
-0.0177841186523438 -0.138526916503906 -0.000125885009765625 -0.012476921081543
0.068511962890625 -0.11346435546875 0.00270271301269532 -0.0194530487060547
0.14068603515625 -0.0152435302734375 0.00836753845214845 -0.000127792358398438
0.116622924804687 0.06072998046875 -0.0027022361755371 -0.000194549560546871
0.0589141845703125 0.131546020507813 -0.0125999450683594 -0.0241451263427734
0.0179290771484375 0.147171020507812 0.0147418975830078 -0.00514125823974609
0.0576553344726562 0.107284545898438 0.00640487670898438 -0.0197658538818359
0.131591796875 0.0410995483398438 -0.00696182250976562 -0.00969982147216797
0.108818054199219 -0.0559234619140625 -0.0181198120117187 0.00698280334472656
0.049652099609375 -0.121795654296875 0.00547981262207032 0.0213871002197266
-0.0571136474609375 -0.1190185546875 0.00828170776367187 0.0261669158935547
-0.114166259765625 -0.0764846801757813 0.0233631134033203 0.0165500640869141
-0.112327575683594 -0.08001708984375 0.0332183837890625 0.0142822265625
-0.132492065429688 -0.0717010498046875 0.0249519348144531 0.00825309753417968
-0.0959091186523437 -0.0999526977539063 0.0205860137939453 0.0176296234130859
-0.0308914184570313 -0.138427734375 0.0234947204589844 0.0146713256835937
0.0558700561523438 -0.121322631835937 0.011775016784668 0.00876140594482421
0.143356323242188 -0.0274505615234375 0.0105075836181641 0.0214385986328125
0.127784729003906 0.0575637817382813 0.0118827819824219 0.0217399597167969
0.0689010620117188 0.135398864746094 -0.00372886657714843 0.0206165313720703
0.00682830810546874 0.121261596679688 0.0146903991699219 0.0374298095703125
0.0344924926757812 0.0902481079101563 0.00564336776733399 0.000267982482910162
0.097503662109375 0.047454833984375 -0.0239028930664062 0.00018310546875
0.0905380249023438 -0.0320205688476563 -0.0362739562988281 0.0320816040039063
0.0516433715820313 -0.0926589965820313 0.000850677490234376 0.0603713989257812
-0.0372467041015625 -0.103042602539063 0.0321617126464844 0.0644645690917969
-0.0900650024414062 -0.069000244140625 0.06597900390625 0.0381507873535156
-0.0943984985351563 -0.0697097778320312 0.0732269287109375 0.0250091552734375
-0.114761352539063 -0.062286376953125 0.0684661865234375 0.0187492370605469
-0.0857391357421875 -0.0837631225585938 0.0581016540527344 0.0355606079101562
-0.0322189331054688 -0.119483947753906 0.0484275817871094 0.0340919494628906
0.0429763793945313 -0.106971740722656 0.0270500183105469 0.0299472808837891
0.124404907226563 -0.0283584594726563 0.0224189758300781 0.0397605895996094
0.115707397460937 0.04815673828125 0.0340042114257813 0.0435791015625
0.0649490356445312 0.11932373046875 0.00892257690429689 0.0654869079589844
-0.000183105468750002 0.0791397094726563 0.0119514465332031 0.0685768127441406
0.01422119140625 0.0596466064453125 0.00102710723876953 0.012542724609375
0.0539588928222656 0.0389556884765625 -0.0436248779296875 0.00310516357421875
0.0553092956542969 -0.0112190246582031 -0.0549850463867188 0.0485343933105469
0.03680419921875 -0.0522956848144531 -0.0087738037109375 0.0875015258789063
-0.0182952880859375 -0.067047119140625 0.0480194091796875 0.0934982299804688
-0.0541725158691406 -0.0480918884277344 0.0971145629882812 0.0556564331054687
-0.0626869201660156 -0.048614501953125 0.10272216796875 0.032806396484375
-0.0791854858398438 -0.0460891723632813 0.101821899414063 0.0258255004882812
-0.0603294372558594 -0.06036376953125 0.087799072265625 0.0471725463867187
-0.0225143432617187 -0.0869293212890625 0.0668220520019531 0.0470008850097656
0.029052734375 -0.0768890380859375 0.0400428771972656 0.0449981689453125
0.0885543823242188 -0.0209732055664063 0.0342445373535156 0.0518150329589844
0.0829696655273437 0.0340499877929688 0.0542335510253906 0.0629425048828125
0.0472335815429688 0.0839309692382813 0.0216827392578125 0.103752136230469
-0.0230274200439453 -0.0317649841308594 -0.0392303466796875 -0.127372741699219
-0.0362968444824219 -0.012054443359375 -0.0618438720703125 -0.0778121948242188
-0.0378074645996094 0.0204544067382812 -0.0431709289550781 -0.0419731140136719
-0.0109901428222656 0.0411567687988281 -0.0425605773925781 -0.0550918579101562
0.0106964111328125 0.0406150817871094 -0.0678977966308594 -0.0597267150878906
0.0310783386230469 0.0269966125488281 -0.100898742675781 -0.0461578369140625
0.0274829864501953 0.0183010101318359 -0.122962951660156 -0.0220947265625
0.0214614868164063 0.0197525024414063 -0.116729736328125 -0.0318527221679687
0.0172595977783203 0.0220832824707031 -0.112648010253906 -0.0660858154296875
-0.000492095947265625 0.0174932479858398 -0.06280517578125 -0.106864929199219
-0.0130720138549805 0.0107755661010742 0.00440979003906249 -0.1026611328125
-0.0152397155761719 -0.00753021240234375 0.0535163879394531 -0.0632514953613281
-0.006256103515625 -0.0260963439941406 0.0597877502441406 -0.00860977172851563
0.00887489318847656 -0.0269641876220703 0.007720947265625 -0.0170459747314453
0.010040283203125 -0.0340843200683594 -0.00140380859374999 -0.0880508422851563
0.00670433044433593 0.0279045104980469 -0.0374984741210937 -0.134513854980469
0.0104446411132813 0.0164813995361328 -0.0602569580078125 -0.0834121704101563
0.0164594650268555 0.00480747222900391 -0.0367507934570312 -0.046966552734375
0.0106887817382813 -0.00212860107421875 -0.0403861999511719 -0.0598640441894531
0.00189685821533203 -0.0102262496948242 -0.0627632141113281 -0.0668449401855469
-0.0108928680419922 -0.00667381286621094 -0.103004455566406 -0.049530029296875
-0.0253467559814453 -0.00206565856933594 -0.124824523925781 -0.02325439453125
-0.0236778259277344 -0.0108203887939453 -0.11376953125 -0.0296173095703125
-0.0276126861572266 -0.0128250122070312 -0.112823486328125 -0.0623550415039062
-0.0175266265869141 -0.0290260314941406 -0.0680160522460938 -0.10040283203125
0.00358009338378906 -0.0336780548095703 -0.00231170654296876 -0.099029541015625
0.0257663726806641 -0.0266895294189453 0.0455322265625 -0.0705490112304688
0.0340557098388672 -0.00585746765136719 0.0566864013671875 -0.0160598754882813
0.0290203094482422 0.00631141662597656 0.00662612915039063 -0.0213108062744141
0.0159645080566406 0.0178413391113281 -0.00433349609375 -0.0929794311523438
0.0269927978515625 0.0836639404296875 -0.0260848999023437 -0.123275756835938
0.0508460998535156 0.0502052307128906 -0.0456771850585938 -0.080169677734375
0.07232666015625 -0.0014190673828125 -0.0232582092285156 -0.0472526550292969
0.0405502319335938 -0.0411643981933594 -0.0302658081054688 -0.0586280822753906
0.00175857543945312 -0.0628585815429687 -0.0466995239257812 -0.0659523010253906
-0.0469131469726563 -0.0459632873535156 -0.0887374877929687 -0.0474777221679688
-0.07330322265625 -0.025848388671875 -0.107528686523438 -0.0218429565429688
-0.0656204223632813 -0.0404853820800781 -0.0928192138671875 -0.0225601196289063
-0.0716781616210938 -0.0434646606445312 -0.097137451171875 -0.0473861694335938
-0.0408515930175781 -0.069854736328125 -0.0658950805664063 -0.0759735107421875
0.00782775878906251 -0.078582763671875 -0.0126495361328125 -0.0793991088867188
0.0570106506347656 -0.0548019409179688 0.0252037048339844 -0.0672111511230469
0.077667236328125 0.0033416748046875 0.0405464172363281 -0.0229225158691406
0.0565681457519531 0.0350265502929688 0.00066184997558594 -0.02288818359375
0.0272407531738281 0.0665321350097656 -0.00949096679687501 -0.0841140747070313
0.0354385375976563 0.127243041992188 -0.00896453857421874 -0.09375
0.0742645263671875 0.081939697265625 -0.0239677429199219 -0.0669898986816406
0.119644165039062 0.00423431396484375 -0.00827407836914062 -0.0401344299316406
0.0743560791015625 -0.0678329467773437 -0.0180244445800781 -0.0471229553222656
0.0130462646484375 -0.106063842773438 -0.0238723754882812 -0.0508651733398438
-0.0681838989257813 -0.0836410522460938 -0.0603485107421875 -0.03521728515625
-0.106941223144531 -0.0493240356445313 -0.0721511840820313 -0.0156478881835938
-0.09759521484375 -0.064056396484375 -0.0572929382324219 -0.0116310119628906
-0.108161926269531 -0.0639801025390625 -0.0651931762695313 -0.0269622802734375
-0.0673446655273438 -0.0964126586914063 -0.0493354797363281 -0.04229736328125
-0.00228118896484374 -0.117584228515625 -0.0143356323242187 -0.0471839904785156
0.0707778930664063 -0.0886611938476563 0.00684356689453126 -0.0483741760253906
0.117073059082031 -0.002593994140625 0.0201187133789063 -0.0184726715087891
0.089691162109375 0.0531539916992187 -0.00545883178710937 -0.0171718597412109
0.0446548461914063 0.106468200683594 -0.01434326171875 -0.0604515075683594
0.0314483642578125 0.149734497070313 0.00612258911132812 -0.0511550903320312
0.0764541625976563 0.103630065917969 -0.00382232666015624 -0.0444831848144531
0.142242431640625 0.0208892822265625 -0.000816345214843743 -0.0255966186523437
0.101234436035156 -0.07330322265625 -0.0116901397705078 -0.0229110717773438
0.0319671630859375 -0.128807067871094 -0.00336074829101562 -0.0196628570556641
-0.071441650390625 -0.111030578613281 -0.024383544921875 -0.00940895080566407
-0.121414184570313 -0.0673370361328125 -0.025421142578125 -0.002532958984375
-0.114540100097656 -0.0770950317382813 -0.0124111175537109 0.00135707855224609
-0.131019592285156 -0.0719757080078125 -0.0219211578369141 -0.00688362121582032
-0.0897903442382813 -0.105323791503906 -0.0183010101318359 -0.0085277557373047
-0.0201568603515625 -0.138648986816406 -0.000638008117675784 -0.0129308700561524
0.0672988891601563 -0.115249633789063 0.00237655639648438 -0.0195598602294922
0.1414794921875 -0.01788330078125 0.00803756713867188 -0.00023031234741211
0.118209838867188 0.058990478515625 -0.00247812271118163 -8.34465026855438E-05
0.0616531372070313 0.130813598632813 -0.0128612518310547 -0.0239429473876953
0.0209503173828125 0.14703369140625 0.0144681930541992 -0.0056161880493164
0.0599441528320313 0.106651306152344 0.00598526000976563 -0.0199012756347656
0.133041381835938 0.0388336181640625 -0.00697898864746093 -0.00989341735839844
0.108314514160156 -0.0581588745117188 -0.0180320739746094 0.00701141357421875
0.0474472045898438 -0.123077392578125 0.00576210021972657 0.0210018157958984
-0.0590667724609375 -0.118202209472656 0.00881385803222656 0.0262947082519531
-0.115242004394531 -0.074310302734375 0.0235652923583984 0.0160388946533203
-0.113784790039063 -0.0785675048828125 0.0334262847900391 0.0136318206787109
-0.134002685546875 -0.0696487426757812 0.0252323150634766 0.00833320617675781
-0.097625732421875 -0.0990219116210938 0.0206680297851562 0.0175571441650391
-0.0336990356445312 -0.138229370117188 0.0236377716064453 0.0143909454345703
0.054473876953125 -0.122550964355469 0.0118637084960938 0.00851249694824218
0.143524169921875 -0.0301666259765625 0.0108547210693359 0.0216636657714844
0.128715515136719 0.0552597045898438 0.0124626159667969 0.0212936401367188
0.0715484619140625 0.134559631347656 -0.00365257263183593 0.0210247039794922
0.00936889648437501 0.121116638183594 0.0156135559082031 0.0372467041015625
0.0366439819335938 0.0897979736328125 0.00590229034423828 0.000598907470703131
0.099151611328125 0.045745849609375 -0.0240688323974609 0.000307083129882818
0.0903167724609375 -0.03369140625 -0.0357093811035156 0.0326576232910156
0.05010986328125 -0.0941925048828125 0.00194931030273438 0.0602493286132812
-0.0389480590820313 -0.102180480957031 0.0335731506347656 0.064239501953125
-0.0911407470703125 -0.0672073364257813 0.0668563842773438 0.037322998046875
-0.0957565307617188 -0.0681686401367187 0.0739898681640625 0.023773193359375
-0.116180419921875 -0.0604400634765625 0.0687332153320312 0.017608642578125
-0.0873184204101562 -0.082794189453125 0.0589332580566406 0.0349159240722656
-0.0346145629882812 -0.11920166015625 0.0487403869628906 0.0330734252929687
0.0408935546875 -0.108390808105469 0.0271739959716797 0.0295143127441406
0.12451171875 -0.0305099487304688 0.0230712890625 0.0393524169921875
0.117256164550781 0.046173095703125 0.034912109375 0.0427055358886719
0.0673675537109375 0.118675231933594 0.0107841491699219 0.06500244140625
0.00109100341796875 0.0795059204101562 0.0141067504882813 0.0682830810546875
0.0154571533203125 0.0599403381347656 0.00136470794677734 0.0124883651733398
0.0551490783691406 0.037994384765625 -0.0428276062011719 0.00339126586914062
0.0555076599121094 -0.0122146606445313 -0.0544891357421875 0.0491905212402344
0.0363044738769531 -0.0536766052246094 -0.006927490234375 0.0876846313476563
-0.0194358825683594 -0.0671424865722656 0.0496444702148438 0.0930557250976563
-0.0552825927734375 -0.0469436645507813 0.0983428955078125 0.053802490234375
-0.063995361328125 -0.0476493835449219 0.103569030761719 0.0311355590820312
-0.0805435180664063 -0.045074462890625 0.102684020996094 0.0240020751953125
-0.0619354248046875 -0.0597000122070312 0.088714599609375 0.0458602905273437
-0.0244598388671875 -0.0862045288085938 0.0673027038574219 0.0460090637207031
0.0283584594726563 -0.0779266357421875 0.0405960083007813 0.0444984436035156
0.0890579223632813 -0.0222244262695313 0.0353546142578125 0.0514984130859375
0.083709716796875 0.0328369140625 0.0553131103515625 0.0615005493164063
0.048828125 0.0836563110351563 0.0240097045898438 0.103935241699219
-0.0240230560302734 -0.0316123962402344 -0.0416412353515625 -0.126739501953125
-0.0371131896972656 -0.0116500854492188 -0.0630950927734375 -0.0764846801757813
-0.0378456115722656 0.0215225219726562 -0.0439300537109375 -0.0410079956054687
-0.0103187561035156 0.0412216186523438 -0.0431976318359375 -0.0544166564941406
0.011688232421875 0.0405960083007813 -0.0693092346191406 -0.0584030151367187
0.0317630767822266 0.0263996124267578 -0.102149963378906 -0.0450668334960938
0.02752685546875 0.0175704956054687 -0.123291015625 -0.0202789306640625
0.0220966339111328 0.0193405151367188 -0.116989135742188 -0.0304489135742187
0.0175609588623047 0.0218067169189453 -0.113616943359375 -0.0642547607421875
-5.62667846679695E-05 0.0175333023071289 -0.0645370483398437 -0.105812072753906
-0.0125665664672852 0.0113811492919922 0.00228881835937499 -0.102714538574219
-0.0151443481445313 -0.00706195831298828 0.052764892578125 -0.0637893676757813
-0.00699424743652344 -0.025848388671875 0.0596046447753906 -0.00946426391601563
0.00810813903808594 -0.0268745422363281 0.006805419921875 -0.0167570114135742
0.00929832458496094 -0.0342922210693359 -0.00264739990234375 -0.0876007080078125
0.00710868835449219 0.0277824401855469 -0.0402297973632813 -0.133689880371094
0.0108776092529297 0.0158920288085938 -0.0615158081054688 -0.0824661254882813
0.0164737701416016 0.00481796264648437 -0.0374565124511719 -0.0465278625488281
0.0105056762695313 -0.00225830078125 -0.0408439636230469 -0.0593757629394531
0.00154685974121094 -0.0103387832641602 -0.0639419555664063 -0.0658607482910156
-0.0106620788574219 -0.00663185119628906 -0.103340148925781 -0.0482940673828125
-0.0252571105957031 -0.00193023681640625 -0.125144958496094 -0.0217971801757813
-0.0236492156982422 -0.0107288360595703 -0.114204406738281 -0.0281753540039062
-0.0276775360107422 -0.0120277404785156 -0.114173889160156 -0.0602493286132812
-0.0177288055419922 -0.0289821624755859 -0.069915771484375 -0.0992279052734375
0.00329017639160156 -0.0336704254150391 -0.00416564941406249 -0.099151611328125
0.0256309509277344 -0.0269088745117188 0.0443267822265625 -0.070648193359375
0.0338649749755859 -0.00572776794433594 0.056427001953125 -0.0172691345214844
0.02911376953125 0.00601768493652344 0.00661277770996094 -0.0215263366699219
0.0167388916015625 0.017420768737793 -0.00579833984375001 -0.0923843383789063
0.0288314819335937 0.0835342407226563 -0.0280075073242187 -0.123153686523438
0.0512313842773438 0.049346923828125 -0.046966552734375 -0.079376220703125
0.07257080078125 -0.00318145751953125 -0.0235786437988281 -0.0472145080566406
0.0399742126464844 -0.0421180725097656 -0.0312957763671875 -0.0583915710449219
0.00074386596679688 -0.0626716613769531 -0.0476264953613281 -0.0651779174804688
-0.0472488403320312 -0.04522705078125 -0.0891342163085938 -0.046173095703125
-0.0737838745117188 -0.024810791015625 -0.107597351074219 -0.0204010009765625
-0.0664558410644531 -0.03973388671875 -0.0927200317382812 -0.0212173461914063
-0.0722122192382813 -0.0422286987304688 -0.097564697265625 -0.0460205078125
-0.0412101745605469 -0.0696640014648438 -0.0671157836914063 -0.0749359130859375
0.00685119628906251 -0.079193115234375 -0.0144424438476563 -0.0786895751953125
0.0563011169433594 -0.0553207397460938 0.023834228515625 -0.0674171447753906
0.0776901245117187 0.00188446044921875 0.0401611328125 -0.0235939025878906
0.0572319030761719 0.0342788696289063 0.000186920166015631 -0.0230331420898437
0.0288238525390625 0.066253662109375 -0.0118942260742187 -0.083953857421875
0.03857421875 0.127021789550781 -0.0106353759765625 -0.093658447265625
0.075897216796875 0.0807266235351563 -0.0248451232910156 -0.0661277770996094
0.119659423828125 0.00179290771484375 -0.00846099853515625 -0.0404090881347656
0.0730514526367188 -0.0693130493164063 -0.0183677673339844 -0.04656982421875
0.0113677978515625 -0.106819152832031 -0.0248260498046875 -0.0503768920898438
-0.0692520141601563 -0.0825881958007813 -0.0605125427246094 -0.0341072082519531
-0.107864379882812 -0.0475006103515625 -0.072509765625 -0.0146713256835938
-0.0989761352539062 -0.062652587890625 -0.0570526123046875 -0.0106773376464844
-0.109611511230469 -0.0618057250976563 -0.0651588439941406 -0.0255317687988281
-0.069244384765625 -0.0956192016601562 -0.0506515502929688 -0.0411567687988281
-0.003875732421875 -0.117813110351563 -0.0150489807128906 -0.0468406677246094
0.069610595703125 -0.0898590087890625 0.00593185424804688 -0.0485038757324219
0.11688232421875 -0.004669189453125 0.0197353363037109 -0.0180187225341797
0.0908279418945313 0.0517578125 -0.00575256347656249 -0.0166292190551758
0.047149658203125 0.105628967285156 -0.0151214599609375 -0.0601005554199219
0.035125732421875 0.149917602539063 0.00510025024414062 -0.051605224609375
0.0787506103515625 0.102592468261719 -0.0049896240234375 -0.0442543029785156
0.143356323242187 0.0181121826171875 -0.000791549682617176 -0.0256443023681641
0.100212097167969 -0.0749435424804688 -0.0116710662841797 -0.0227069854736328
0.0293045043945312 -0.129493713378906 -0.00384140014648437 -0.0200386047363281
-0.0727767944335938 -0.109298706054688 -0.0246620178222656 -0.00902175903320313
-0.122383117675781 -0.0649871826171875 -0.0255050659179688 -0.00223731994628906
-0.116050720214844 -0.0751419067382813 -0.0121440887451172 0.00144767761230468
-0.131904602050781 -0.0696868896484375 -0.0215950012207031 -0.00640487670898438
-0.0917739868164063 -0.10369873046875 -0.0186367034912109 -0.00800323486328126
-0.0225753784179687 -0.138420104980469 -0.00112056732177735 -0.0126733779907227
0.0654449462890625 -0.116630554199219 0.00133895874023438 -0.0193996429443359
0.1412353515625 -0.0198974609375 0.00807380676269532 -0.000200748443603517
0.119155883789063 0.0575332641601563 -0.0025959014892578 -0.000653743743896481
0.0641708374023438 0.130119323730469 -0.0133419036865234 -0.0239372253417969
0.0241546630859375 0.146697998046875 0.0145130157470703 -0.00548744201660155
0.0621337890625 0.106216430664063 0.00578880310058594 -0.0196533203125
0.134346008300781 0.0362930297851563 -0.00656700134277343 -0.0100002288818359
0.107398986816406 -0.0599899291992188 -0.0180721282958984 0.00710868835449218
0.0453643798828125 -0.124259948730469 0.00615692138671875 0.0207004547119141
-0.061248779296875 -0.116767883300781 0.00973892211914062 0.0262508392333984
-0.116447448730469 -0.0721664428710937 0.0241889953613281 0.0159626007080078
-0.114913940429688 -0.0766067504882812 0.0337505340576172 0.0129852294921875
-0.135337829589844 -0.0676193237304687 0.0256137847900391 0.00781822204589844
-0.0991973876953125 -0.0969314575195313 0.0211296081542969 0.0173454284667969
-0.0357208251953125 -0.137611389160156 0.0237998962402344 0.0141944885253906
0.0521469116210938 -0.123954772949219 0.0116052627563477 0.00812911987304687
0.143142700195312 -0.0325469970703125 0.011383056640625 0.0212860107421875
0.130302429199219 0.0534210205078125 0.0126094818115234 0.0204677581787109
0.0744552612304687 0.133712768554688 -0.00305366516113281 0.0208358764648438
0.0120849609375 0.121574401855469 0.0162429809570312 0.0370635986328125
0.0382919311523438 0.0895156860351563 0.00573921203613282 0.000649929046630865
0.100318908691406 0.0441818237304688 -0.0235843658447266 0.000429153442382814
0.0902023315429688 -0.0355987548828125 -0.0350322723388672 0.0327510833740234
0.0485000610351563 -0.0952911376953125 0.0024871826171875 0.0596237182617188
-0.0405960083007813 -0.101654052734375 0.034942626953125 0.0636405944824219
-0.0922088623046875 -0.0657272338867188 0.0674095153808594 0.0359115600585938
-0.097198486328125 -0.0668792724609375 0.07421875 0.0230560302734375
-0.117240905761719 -0.0587234497070313 0.0692100524902344 0.0166549682617187
-0.088836669921875 -0.0814666748046875 0.0598068237304687 0.0341682434082031
-0.036590576171875 -0.118705749511719 0.0495147705078125 0.0324058532714844
0.0393905639648438 -0.109169006347656 0.0276851654052734 0.029144287109375
0.124298095703125 -0.033233642578125 0.02337646484375 0.0389022827148437
0.118072509765625 0.0448074340820313 0.0356101989746094 0.041778564453125
0.0694961547851563 0.117561340332031 0.0121803283691406 0.0649604797363281
0.00311279296874999 0.0795745849609375 0.0149765014648437 0.0681686401367188
0.0164260864257813 0.0597076416015625 0.00173187255859375 0.0126409530639648
0.0559616088867187 0.0368576049804687 -0.0428314208984375 0.00413131713867189
0.055206298828125 -0.0132560729980469 -0.0534286499023438 0.0498466491699219
0.034759521484375 -0.0543441772460938 -0.00547790527343749 0.08721923828125
-0.0204277038574219 -0.0667572021484375 0.0509796142578125 0.0920562744140625
-0.0561408996582031 -0.0460700988769531 0.0990982055664063 0.0532608032226563
-0.0643157958984375 -0.0466461181640625 0.103858947753906 0.0294036865234375
-0.0811996459960938 -0.0438156127929687 0.102882385253906 0.0228271484375
-0.0629386901855469 -0.0586280822753906 0.089752197265625 0.0446243286132812
-0.0260391235351563 -0.0861053466796875 0.0683937072753906 0.0447196960449219
0.02679443359375 -0.0785369873046875 0.0410041809082031 0.0438957214355469
0.088897705078125 -0.023681640625 0.0362205505371094 0.0505714416503906
0.0846633911132813 0.0315475463867188 0.0565567016601563 0.0601577758789062
0.05047607421875 0.0833663940429688 0.0265884399414063 0.103378295898438
-0.0243263244628906 -0.0313529968261719 -0.0433883666992188 -0.126174926757813
-0.0371780395507813 -0.011077880859375 -0.0640716552734375 -0.0751953125
-0.0373382568359375 0.0219306945800781 -0.0440673828125 -0.0402641296386719
-0.00966262817382813 0.0411262512207031 -0.0436973571777344 -0.0536918640136719
0.0122222900390625 0.0403518676757813 -0.0695419311523437 -0.0571403503417969
0.0319671630859375 0.0260772705078125 -0.102455139160156 -0.0438079833984375
0.027862548828125 0.0167808532714844 -0.123779296875 -0.0184249877929688
0.0224533081054688 0.0189456939697266 -0.118019104003906 -0.028778076171875
0.0182247161865234 0.0214786529541016 -0.114463806152344 -0.0620574951171875
0.000234603881835937 0.0178356170654297 -0.0662994384765625 -0.104507446289063
-0.0121927261352539 0.0116806030273437 0.000267028808593743 -0.102470397949219
-0.0151691436767578 -0.0064697265625 0.0513954162597656 -0.0642738342285156
-0.00774574279785156 -0.0257568359375 0.0591392517089844 -0.0102691650390625
0.00724983215332031 -0.0271663665771484 0.00617694854736328 -0.0169601440429688
0.00882530212402344 -0.0346336364746094 -0.0043487548828125 -0.087493896484375
0.00754165649414062 0.0274581909179688 -0.0422821044921875 -0.133285522460937
0.0108890533447266 0.0160121917724609 -0.0626907348632813 -0.08111572265625
0.0161314010620117 0.00430965423583984 -0.0377311706542969 -0.0457191467285156
0.0105524063110352 -0.00250911712646484 -0.0417976379394531 -0.0588874816894531
0.00129985809326172 -0.0103683471679687 -0.0646438598632813 -0.0649070739746094
-0.0106172561645508 -0.00649452209472657 -0.103866577148437 -0.0466537475585938
-0.0251827239990234 -0.0012054443359375 -0.125457763671875 -0.0197372436523437
-0.0237159729003906 -0.010589599609375 -0.114364624023438 -0.026519775390625
-0.0277423858642578 -0.0124034881591797 -0.115188598632812 -0.058258056640625
-0.0180797576904297 -0.0289478302001953 -0.0714035034179688 -0.0977325439453125
0.00273704528808594 -0.0331211090087891 -0.005889892578125 -0.0988540649414062
0.0252208709716797 -0.0270805358886719 0.0431442260742188 -0.07135009765625
0.0335540771484375 -0.00644302368164062 0.0559654235839844 -0.0176048278808594
0.0288162231445313 0.00550460815429687 0.00582695007324219 -0.0213050842285156
0.0170097351074219 0.017277717590332 -0.00744628906249999 -0.09210205078125
0.0305328369140625 0.082672119140625 -0.0308380126953125 -0.1219482421875
0.05267333984375 0.0485115051269531 -0.0482864379882813 -0.0783462524414062
0.0727767944335938 -0.00423431396484375 -0.0239143371582031 -0.0467872619628906
0.0394210815429688 -0.0426063537597656 -0.0313835144042969 -0.058197021484375
-0.000102996826171868 -0.0629043579101563 -0.0488777160644531 -0.0645179748535156
-0.0475921630859375 -0.0443840026855469 -0.0897293090820313 -0.045318603515625
-0.0738525390625 -0.02374267578125 -0.107711791992188 -0.01849365234375
-0.0670356750488281 -0.0388107299804687 -0.0930023193359375 -0.0200042724609375
-0.07269287109375 -0.041351318359375 -0.0982818603515625 -0.0440444946289062
-0.0424957275390625 -0.0687637329101563 -0.0682373046875 -0.0736846923828125
0.005859375 -0.0792388916015625 -0.015594482421875 -0.0784378051757812
0.0552864074707031 -0.0568428039550781 0.0227088928222656 -0.0677871704101563
0.0774917602539063 0.00103759765625 0.0394706726074219 -0.0241279602050781
0.0573501586914063 0.033447265625 -0.00053024291992187 -0.0232391357421875
0.030242919921875 0.0655937194824219 -0.0126266479492188 -0.0837936401367188
0.0409011840820313 0.126419067382813 -0.0125274658203125 -0.0933837890625
0.0772628784179688 0.0803298950195313 -0.0257797241210937 -0.0654792785644531
0.119636535644531 -0.0004119873046875 -0.00894546508789062 -0.0403861999511719
0.0728302001953125 -0.0700912475585937 -0.019134521484375 -0.0465278625488281
0.00962066650390626 -0.106887817382813 -0.0255393981933594 -0.0502166748046875
-0.0706863403320313 -0.081085205078125 -0.0608329772949219 -0.0332603454589844
-0.108352661132813 -0.0457305908203125 -0.07244873046875 -0.0137481689453125
-0.0997314453125 -0.0608978271484375 -0.0568962097167969 -0.00965118408203126
-0.110107421875 -0.0601806640625 -0.0654678344726563 -0.0242042541503906
-0.07025146484375 -0.0942459106445313 -0.0506782531738281 -0.0400848388671875
-0.00569915771484374 -0.117263793945313 -0.0163955688476562 -0.0464401245117188
0.06854248046875 -0.091156005859375 0.00474929809570313 -0.0482711791992188
0.117507934570313 -0.0063323974609375 0.0193576812744141 -0.0184211730957031
0.0916061401367188 0.0507049560546875 -0.00639724731445312 -0.0166997909545898
0.0487213134765625 0.105178833007813 -0.0162734985351562 -0.0599250793457031
0.0377197265625 0.149139404296875 0.00458145141601563 -0.0514411926269531
0.08026123046875 0.101806640625 -0.005157470703125 -0.0439605712890625
0.143600463867188 0.0157470703125 -0.000770568847656241 -0.0260982513427734
0.0993118286132813 -0.0767898559570313 -0.0116825103759766 -0.0228347778320313
0.0273361206054688 -0.129852294921875 -0.00391387939453125 -0.0200538635253906
-0.0743942260742188 -0.1082763671875 -0.0245304107666016 -0.00849342346191407
-0.123245239257813 -0.0632171630859375 -0.0254077911376953 -0.00180816650390625
-0.117012023925781 -0.0733184814453125 -0.0119771957397461 0.00170040130615234
-0.132797241210938 -0.067657470703125 -0.0218276977539063 -0.00570869445800782
-0.0925674438476563 -0.1024169921875 -0.0187397003173828 -0.00751876831054688
-0.0242462158203125 -0.1378173828125 -0.000941276550292969 -0.0124320983886719
0.0635147094726563 -0.11749267578125 0.000919342041015629 -0.0195541381835938
0.141250610351562 -0.022216796875 0.00816488265991212 -0.000707626342773439
0.120086669921875 0.0558547973632813 -0.00283336639404296 -0.000710487365722653
0.0662841796875 0.128959655761719 -0.0134372711181641 -0.0236644744873047
0.0267486572265625 0.146697998046875 0.014561653137207 -0.00606441497802734
0.0637588500976563 0.105239868164063 0.00565719604492188 -0.0196914672851562
0.1351318359375 0.03411865234375 -0.00658798217773437 -0.010009765625
0.106666564941406 -0.061553955078125 -0.0176353454589844 0.00723075866699219
0.0433502197265625 -0.124946594238281 0.00649452209472657 0.0203189849853516
-0.0627975463867188 -0.11614990234375 0.0102424621582031 0.0263805389404297
-0.11724853515625 -0.0703506469726563 0.0241622924804687 0.0158977508544922
-0.116302490234375 -0.0746841430664062 0.0339088439941406 0.0125503540039062
-0.136192321777344 -0.0654144287109375 0.0256385803222656 0.00751113891601562
-0.100532531738281 -0.095672607421875 0.0212059020996094 0.0172672271728516
-0.03759765625 -0.136703491210938 0.0240802764892578 0.0141658782958984
0.0506057739257812 -0.124763488769531 0.0113182067871094 0.00822734832763671
0.142791748046875 -0.034942626953125 0.0117740631103516 0.0209312438964844
0.13116455078125 0.05133056640625 0.0130558013916016 0.0201072692871094
0.0763473510742187 0.132835388183594 -0.00266075134277343 0.0208339691162109
0.01446533203125 0.121139526367188 0.0167160034179688 0.036651611328125
0.039459228515625 0.0885086059570313 0.00624418258666992 0.000565052032470708
0.101119995117188 0.042022705078125 -0.0235805511474609 0.000654220581054693
0.0894927978515625 -0.03662109375 -0.0344734191894531 0.0335578918457031
0.0465545654296875 -0.0960006713867188 0.00374221801757813 0.0593528747558594
-0.04205322265625 -0.100845336914063 0.0358238220214844 0.0634040832519531
-0.092864990234375 -0.0641250610351563 0.0679092407226563 0.0355567932128906
-0.097930908203125 -0.065399169921875 0.0745925903320313 0.0218963623046875
-0.1181640625 -0.0563125610351563 0.0696296691894531 0.0158615112304687
-0.09027099609375 -0.0801773071289063 0.0602073669433594 0.0332679748535156
-0.0385665893554687 -0.118217468261719 0.0499534606933594 0.0320167541503906
0.0377426147460938 -0.109947204589844 0.0275211334228516 0.0288333892822266
0.124114990234375 -0.0350189208984375 0.0241317749023438 0.0382270812988281
0.118637084960938 0.0432052612304688 0.0360832214355469 0.04058837890625
0.071563720703125 0.116691589355469 0.0128707885742188 0.0650253295898438
0.00434112548828125 0.079193115234375 0.0161094665527344 0.0679550170898438
0.0177497863769531 0.0595893859863281 0.00219058990478516 0.0126409530639648
0.0566291809082031 0.0357933044433594 -0.0426902770996094 0.0047607421875
0.0547714233398438 -0.0143699645996094 -0.0528373718261719 0.0508613586425781
0.0342063903808594 -0.0549812316894531 -0.00431823730468749 0.08758544921875
-0.0217170715332031 -0.0661354064941406 0.0525131225585938 0.091644287109375
-0.0567283630371094 -0.0449981689453125 0.0995101928710938 0.051849365234375
-0.06512451171875 -0.0455398559570313 0.104095458984375 0.0279693603515625
-0.08197021484375 -0.0421142578125 0.103584289550781 0.0211181640625
-0.0635566711425781 -0.0575828552246094 0.0902786254882813 0.04327392578125
-0.0271530151367188 -0.0861282348632813 0.0687789916992188 0.0438270568847656
0.0255966186523438 -0.0790252685546875 0.0414924621582031 0.0432052612304687
0.088775634765625 -0.0250244140625 0.0369377136230469 0.0500717163085938
0.0852737426757813 0.0308151245117188 0.0573081970214844 0.0588722229003906
0.0520477294921875 0.0827407836914063 0.0277252197265625 0.102645874023438
-0.0250644683837891 -0.0311336517333984 -0.0453643798828125 -0.125602722167969
-0.0373802185058594 -0.0105056762695312 -0.0651779174804688 -0.0739669799804688
-0.0371475219726563 0.0226593017578125 -0.0441093444824219 -0.0396881103515625
-0.00894546508789063 0.0415153503417969 -0.0441093444824219 -0.0529403686523437
0.0131950378417969 0.0402107238769531 -0.0702171325683594 -0.0563621520996094
0.0324783325195313 0.0253753662109375 -0.102699279785156 -0.0423049926757813
0.0283107757568359 0.0163822174072266 -0.123863220214844 -0.0170669555664062
0.022918701171875 0.0182552337646484 -0.117927551269531 -0.0276031494140625
0.0183429718017578 0.0209770202636719 -0.115242004394531 -0.06024169921875
0.000581741333007811 0.0175580978393555 -0.0673599243164063 -0.103408813476562
-0.0121145248413086 0.0118112564086914 -0.000671386718749991 -0.102645874023438
-0.0155410766601563 -0.00612831115722656 0.0502090454101563 -0.0644989013671875
-0.00824356079101562 -0.0255870819091797 0.0587501525878906 -0.0107879638671875
0.00707435607910156 -0.0271072387695312 0.00588226318359375 -0.0166091918945313
0.00866317749023437 -0.0347862243652344 -0.00556945800781251 -0.0867538452148438
0.00816535949707031 0.0272006988525391 -0.0443496704101563 -0.132545471191406
0.0109405517578125 0.0163297653198242 -0.0637741088867187 -0.079803466796875
0.0161066055297852 0.00414276123046875 -0.0375251770019531 -0.0450973510742187
0.0106430053710938 -0.00194740295410156 -0.04217529296875 -0.0583038330078125
0.00146865844726563 -0.0102357864379883 -0.0648269653320313 -0.0637397766113281
-0.0106277465820313 -0.00619792938232422 -0.103767395019531 -0.0456085205078125
-0.0250072479248047 -0.0012969970703125 -0.125076293945313 -0.0183639526367188
-0.0238742828369141 -0.0101528167724609 -0.114547729492187 -0.025421142578125
-0.0277328491210938 -0.0120601654052734 -0.115371704101563 -0.0564727783203125
-0.018402099609375 -0.0285396575927734 -0.0727310180664062 -0.0968170166015625
0.0025177001953125 -0.0330448150634766 -0.00684356689453126 -0.098846435546875
0.0244541168212891 -0.02752685546875 0.0416641235351563 -0.0717620849609375
0.0331535339355469 -0.006561279296875 0.0554084777832031 -0.0182228088378906
0.0290431976318359 0.00539588928222656 0.00531959533691407 -0.0210609436035156
0.0171499252319336 0.0168037414550781 -0.00903320312500001 -0.0915451049804687
0.0320053100585938 0.0818099975585938 -0.0319747924804688 -0.121139526367188
0.0529212951660156 0.0480766296386719 -0.0491104125976563 -0.0770645141601563
0.07244873046875 -0.00543212890625 -0.0239028930664063 -0.0465164184570313
0.0389556884765625 -0.0428276062011719 -0.0321197509765625 -0.057403564453125
-0.00104141235351562 -0.0628166198730469 -0.0492095947265625 -0.0639991760253906
-0.0485115051269531 -0.0435028076171875 -0.089630126953125 -0.04351806640625
-0.0742034912109375 -0.022369384765625 -0.107749938964844 -0.0171279907226562
-0.0675811767578125 -0.0379486083984375 -0.09320068359375 -0.0182342529296875
-0.07342529296875 -0.040191650390625 -0.098541259765625 -0.0423507690429688
-0.0433502197265625 -0.0677032470703125 -0.0694732666015625 -0.0727996826171875
0.00458526611328124 -0.0793533325195313 -0.0164413452148438 -0.0781631469726563
0.0547714233398438 -0.0571174621582031 0.0214462280273438 -0.0680313110351563
0.0777969360351563 0.00040435791015625 0.0391006469726563 -0.0247154235839844
0.0579147338867188 0.032806396484375 -0.000831604003906248 -0.0227928161621094
0.0313453674316406 0.0651130676269531 -0.014251708984375 -0.0831069946289063
0.0431137084960937 0.125137329101563 -0.0140380859375 -0.0929641723632812
0.0787277221679687 0.078704833984375 -0.0267868041992187 -0.0646553039550781
0.119659423828125 -0.00200653076171875 -0.00881958007812499 -0.0405082702636719
0.0717010498046875 -0.0712356567382813 -0.0195808410644531 -0.04656982421875
0.00803375244140626 -0.107261657714844 -0.026153564453125 -0.0499725341796875
-0.0713348388671875 -0.0799713134765625 -0.06097412109375 -0.0323448181152344
-0.108802795410156 -0.0441970825195312 -0.0723419189453125 -0.0124969482421875
-0.100387573242188 -0.0595245361328125 -0.0569953918457031 -0.00913619995117187
-0.110916137695313 -0.0579071044921875 -0.0656318664550781 -0.0231208801269531
-0.0713729858398438 -0.0932235717773437 -0.0512161254882813 -0.0394783020019531
-0.00730895996093751 -0.116592407226563 -0.0167808532714844 -0.0463714599609375
0.067047119140625 -0.0919952392578125 0.0037384033203125 -0.048431396484375
0.116889953613281 -0.007904052734375 0.0189342498779297 -0.0187969207763672
0.0920944213867188 0.0495376586914063 -0.00673961639404296 -0.0163450241088867
0.050445556640625 0.104537963867188 -0.016998291015625 -0.0593948364257812
0.039886474609375 0.148117065429688 0.00360107421875001 -0.0515480041503906
0.0819015502929688 0.100395202636719 -0.00587463378906249 -0.0433311462402344
0.1439208984375 0.0131072998046875 -0.000848770141601556 -0.0264568328857422
0.0980758666992188 -0.078094482421875 -0.0118236541748047 -0.0229225158691406
0.0253143310546875 -0.130752563476563 -0.00439643859863281 -0.0203399658203125
-0.0758438110351563 -0.106773376464844 -0.0241737365722656 -0.00826454162597657
-0.12396240234375 -0.061279296875 -0.0254364013671875 -0.00124931335449219
-0.117988586425781 -0.0720367431640625 -0.0124969482421875 0.00173473358154296
-0.133758544921875 -0.06536865234375 -0.0219154357910156 -0.00572395324707032
-0.09405517578125 -0.10076904296875 -0.018585205078125 -0.00712394714355469
-0.026336669921875 -0.137413024902344 -0.00159454345703125 -0.0124759674072266
0.06195068359375 -0.118179321289063 0.000406265258789065 -0.0192413330078125
0.14105224609375 -0.0242156982421875 0.00798654556274415 -0.000837802886962892
0.120643615722656 0.0540237426757813 -0.00267314910888671 -0.000753402709960934
0.0683822631835938 0.127914428710938 -0.0136280059814453 -0.0231151580810547
0.0291595458984375 0.146041870117188 0.0145473480224609 -0.0058755874633789
0.0654754638671875 0.104217529296875 0.005279541015625 -0.0193843841552734
0.135528564453125 0.0315017700195313 -0.00638389587402343 -0.0101242065429688
0.105575561523438 -0.0632171630859375 -0.0174274444580078 0.00731658935546875
0.0415191650390625 -0.125732421875 0.00673103332519532 0.0199909210205078
-0.063934326171875 -0.114784240722656 0.0105819702148437 0.0262680053710937
-0.117561340332031 -0.068359375 0.0238990783691406 0.0154266357421875
-0.116874694824219 -0.0730133056640625 0.0339202880859375 0.0121326446533203
-0.136985778808594 -0.062957763671875 0.0255222320556641 0.00750732421875
-0.101181030273438 -0.094085693359375 0.0214767456054687 0.0170955657958984
-0.0396881103515625 -0.136207580566406 0.0241508483886719 0.0137195587158203
0.0485992431640625 -0.125350952148438 0.0112485885620117 0.00802516937255859
0.1429443359375 -0.03662109375 0.0119972229003906 0.0211448669433594
0.131874084472656 0.0497055053710938 0.0130977630615234 0.0195751190185547
0.078521728515625 0.131576538085938 -0.0019073486328125 0.0206623077392578
0.0164031982421875 0.120597839355469 0.0175590515136719 0.0362358093261719
0.0410079956054687 0.0883636474609375 0.00585412979125977 0.000435829162597662
0.101875305175781 0.0405502319335938 -0.0232334136962891 0.000617980957031256
0.0891189575195313 -0.038299560546875 -0.033884048461914 0.0332431793212891
0.0451507568359375 -0.0965652465820313 0.00458526611328126 0.0588150024414062
-0.0433731079101563 -0.0999755859375 0.0363388061523437 0.0625419616699219
-0.09332275390625 -0.0626373291015625 0.0680465698242188 0.0343704223632812
-0.0987396240234375 -0.063720703125 0.0748138427734375 0.0210647583007813
-0.118751525878906 -0.0547409057617188 0.0696945190429687 0.0151329040527344
-0.09112548828125 -0.0785140991210937 0.0607070922851563 0.03265380859375
-0.0400543212890625 -0.117767333984375 0.0501251220703125 0.0311775207519531
0.0359954833984375 -0.110382080078125 0.0277957916259766 0.0281791687011719
0.123802185058594 -0.0366058349609375 0.0242576599121094 0.0379676818847656
0.119499206542969 0.0414810180664063 0.0365028381347656 0.0400581359863281
0.0733871459960938 0.11566162109375 0.0142669677734375 0.0644111633300782
0.00587463378906251 0.0788650512695313 0.0172233581542969 0.0671501159667969
0.0185775756835937 0.0589370727539063 0.00239944458007813 0.0126628875732422
0.0574684143066406 0.03460693359375 -0.0423583984375 0.00482940673828125
0.0546379089355469 -0.0150260925292969 -0.051666259765625 0.0513191223144531
0.0330657958984375 -0.0555267333984375 -0.003143310546875 0.0870819091796875
-0.0224380493164063 -0.0657386779785156 0.0537185668945313 0.0906219482421875
-0.0565338134765625 -0.0438346862792969 0.0998001098632813 0.0503616333007813
-0.0655708312988281 -0.0447425842285156 0.104446411132813 0.027008056640625
-0.0824432373046875 -0.0405960083007812 0.1036376953125 0.0196762084960937
-0.0642013549804687 -0.0566520690917969 0.090972900390625 0.0426025390625
-0.0286483764648437 -0.0851516723632812 0.0693855285644531 0.0430068969726562
0.0244598388671875 -0.0792236328125 0.0419044494628906 0.0425758361816406
0.08880615234375 -0.0266571044921875 0.0375289916992188 0.049163818359375
0.0855178833007813 0.02960205078125 0.0582427978515625 0.0574569702148438
0.0529632568359375 0.0819625854492187 0.0296630859375 0.102302551269531
-0.0251560211181641 -0.0307998657226562 -0.0468673706054688 -0.124504089355469
-0.0378952026367188 -0.010528564453125 -0.066070556640625 -0.0730667114257813
-0.0367774963378906 0.023040771484375 -0.0441246032714844 -0.0389137268066406
-0.008331298828125 0.0415840148925781 -0.04449462890625 -0.0523757934570313
0.0137863159179687 0.0396919250488281 -0.0705642700195312 -0.0550613403320313
0.0324954986572266 0.0247402191162109 -0.102806091308594 -0.04150390625
0.0281772613525391 0.0159358978271484 -0.123451232910156 -0.0164337158203125
0.0228595733642578 0.0180759429931641 -0.117752075195313 -0.026275634765625
0.0185546875 0.0205154418945313 -0.115509033203125 -0.0589675903320312
0.00119590759277344 0.0175266265869141 -0.0685577392578125 -0.101921081542969
-0.011652946472168 0.0117578506469727 -0.0021514892578125 -0.101715087890625
-0.0157461166381836 -0.00579357147216797 0.0493545532226563 -0.0651931762695313
-0.00881767272949219 -0.0250778198242188 0.0584526062011719 -0.0116767883300781
0.00687217712402344 -0.0268287658691406 0.00546169281005859 -0.0164947509765625
0.0079803466796875 -0.034820556640625 -0.00710296630859374 -0.0859375
0.00834846496582032 0.0266551971435547 -0.0457992553710937 -0.131423950195313
0.0114660263061523 0.0159854888916016 -0.064239501953125 -0.0787353515625
0.0163993835449219 0.00400447845458984 -0.03802490234375 -0.0445823669433594
0.0107240676879883 -0.00234127044677734 -0.0424461364746094 -0.057586669921875
0.00133228302001953 -0.0103902816772461 -0.06536865234375 -0.062591552734375
-0.0106077194213867 -0.00617218017578125 -0.104194641113281 -0.0441970825195313
-0.0249614715576172 -0.000928878784179683 -0.125083923339844 -0.016693115234375
-0.0240306854248047 -0.0101604461669922 -0.114410400390625 -0.0241241455078125
-0.0277252197265625 -0.0114994049072266 -0.115875244140625 -0.0546875
-0.0184822082519531 -0.0283908843994141 -0.0733184814453125 -0.0953598022460938
0.00235176086425781 -0.0330810546875 -0.00839996337890626 -0.0975570678710938
0.0238933563232422 -0.0274620056152344 0.0405197143554688 -0.0718231201171875
0.0332889556884766 -0.00684547424316406 0.05499267578125 -0.0193290710449219
0.0288200378417969 0.00536155700683594 0.00477409362792969 -0.0208625793457031
0.0177192687988281 0.0164852142333984 -0.0101852416992188 -0.0912322998046875
0.0332260131835937 0.0814132690429687 -0.034027099609375 -0.120452880859375
0.0536346435546875 0.0471076965332031 -0.0498428344726563 -0.0762405395507813
0.0721893310546875 -0.0063323974609375 -0.0241012573242188 -0.0462226867675781
0.0383834838867188 -0.0431632995605469 -0.0321617126464844 -0.0572586059570313
-0.00164794921874999 -0.0628509521484375 -0.0501441955566406 -0.0631256103515625
-0.0484504699707031 -0.0428504943847656 -0.0897903442382813 -0.042877197265625
-0.0738525390625 -0.0217742919921875 -0.107688903808594 -0.0161972045898437
-0.0677146911621094 -0.0374298095703125 -0.0928802490234375 -0.0178146362304687
-0.0736160278320313 -0.0390167236328125 -0.0988082885742188 -0.0407257080078125
-0.0437774658203125 -0.0670928955078125 -0.069580078125 -0.0711593627929687
0.00433349609375001 -0.07904052734375 -0.01739501953125 -0.0775070190429688
0.05438232421875 -0.0578079223632813 0.020233154296875 -0.067474365234375
0.0772705078125 -0.00074005126953125 0.0385513305664063 -0.0253067016601563
0.0577125549316406 0.0318183898925781 -0.00127220153808593 -0.0229740142822266
0.0321006774902344 0.0648727416992188 -0.014862060546875 -0.08245849609375
0.0448074340820313 0.124282836914063 -0.0150985717773438 -0.0927200317382812
0.0793914794921875 0.0777435302734375 -0.0277099609375 -0.0641708374023438
0.11932373046875 -0.0038604736328125 -0.00905227661132812 -0.0404930114746094
0.0708389282226563 -0.0718917846679688 -0.0195236206054687 -0.0460968017578125
0.00672912597656251 -0.106979370117188 -0.0265388488769531 -0.0497856140136719
-0.072021484375 -0.0788040161132813 -0.0609664916992188 -0.0316162109375
-0.10906982421875 -0.0424575805664063 -0.0720596313476563 -0.0117645263671875
-0.100624084472656 -0.0583419799804687 -0.0570297241210938 -0.0082550048828125
-0.111038208007813 -0.0567855834960938 -0.0654487609863281 -0.0221595764160156
-0.0722732543945313 -0.0922698974609375 -0.051727294921875 -0.0382919311523438
-0.00836944580078126 -0.116539001464844 -0.0173149108886719 -0.0457344055175781
0.0661239624023438 -0.0924911499023438 0.0029144287109375 -0.0481796264648438
0.116905212402344 -0.00894927978515625 0.0185298919677734 -0.0191669464111328
0.0920028686523437 0.0483474731445313 -0.00693798065185546 -0.0166921615600586
0.05181884765625 0.103370666503906 -0.0178184509277344 -0.0593528747558594
0.0421600341796875 0.14727783203125 0.002899169921875 -0.0516090393066406
0.0830764770507813 0.099273681640625 -0.00623703002929687 -0.04327392578125
0.14385986328125 0.0109100341796875 -0.00103950500488281 -0.02655029296875
0.0972747802734375 -0.0792617797851563 -0.0119113922119141 -0.0227565765380859
0.0234832763671875 -0.130638122558594 -0.00449943542480469 -0.0202255249023438
-0.0768814086914062 -0.105842590332031 -0.023956298828125 -0.00767326354980469
-0.124099731445312 -0.05950927734375 -0.0254135131835938 -0.00113296508789063
-0.118492126464844 -0.070343017578125 -0.0120525360107422 0.00191307067871094
-0.134071350097656 -0.06365966796875 -0.0217876434326172 -0.00511741638183594
-0.0951995849609375 -0.0994720458984375 -0.0184593200683594 -0.00642395019531251
-0.0279464721679688 -0.136528015136719 -0.00159072875976563 -0.0124235153198242
0.060638427734375 -0.119346618652344 -0.000301361083984373 -0.019073486328125
0.140495300292969 -0.026031494140625 0.00797510147094727 -0.000902175903320314
0.121101379394531 0.0527877807617188 -0.00243234634399413 -0.00129032135009765
0.0698928833007813 0.127288818359375 -0.0139198303222656 -0.0229568481445313
0.03131103515625 0.14471435546875 0.0140819549560547 -0.00635623931884765
0.0668258666992188 0.103080749511719 0.00501823425292969 -0.0193099975585937
0.136215209960938 0.029571533203125 -0.00644779205322265 -0.0103979110717773
0.104896545410156 -0.0643234252929688 -0.0171184539794922 0.0071115493774414
0.0395889282226562 -0.126052856445313 0.006866455078125 0.0195579528808594
-0.0649795532226563 -0.113822937011719 0.0114078521728516 0.0262718200683594
-0.117919921875 -0.0666351318359375 0.0243473052978516 0.0151252746582031
-0.117790222167969 -0.0715408325195313 0.0338630676269531 0.0116138458251953
-0.137260437011719 -0.0610885620117187 0.0257167816162109 0.00729179382324218
-0.102394104003906 -0.0926589965820313 0.0216102600097656 0.0171413421630859
-0.0414199829101563 -0.135673522949219 0.0240497589111328 0.0130748748779297
0.0471267700195313 -0.125701904296875 0.0107793807983398 0.00791263580322265
0.142181396484375 -0.0384521484375 0.0123691558837891 0.0204067230224609
0.132499694824219 0.0480728149414063 0.0133209228515625 0.0189762115478516
0.080108642578125 0.1304931640625 -0.00193595886230468 0.0207042694091797
0.018096923828125 0.119560241699219 0.01788330078125 0.03582763671875
0.0423049926757812 0.0878448486328125 0.00586938858032227 0.000426292419433599
0.102333068847656 0.0385894775390625 -0.0230331420898437 0.000637054443359374
0.0886764526367188 -0.0390472412109375 -0.0334186553955078 0.0338306427001953
0.0438003540039063 -0.0972747802734375 0.00500106811523437 0.0586929321289063
-0.0446701049804688 -0.0991897583007813 0.0371475219726562 0.0622100830078125
-0.0937728881835937 -0.060943603515625 0.0682258605957031 0.0336647033691406
-0.0991287231445313 -0.06268310546875 0.0746383666992188 0.019866943359375
-0.1190185546875 -0.0531539916992187 0.0696601867675781 0.0142707824707031
-0.0914840698242188 -0.0771484375 0.0606956481933594 0.031951904296875
-0.0412826538085937 -0.11663818359375 0.0506782531738281 0.0305747985839844
0.03460693359375 -0.110542297363281 0.0276737213134766 0.0279579162597656
0.123207092285156 -0.0381698608398438 0.0250816345214844 0.0374488830566406
0.119705200195313 0.0398788452148438 0.0370292663574219 0.0390586853027344
0.0749740600585938 0.11444091796875 0.0152778625488281 0.0637092590332031
0.00709533691406251 0.0785064697265625 0.017791748046875 0.0665817260742188
0.0197181701660156 0.0589408874511719 0.00289344787597656 0.0126705169677734
0.0579757690429688 0.0334014892578125 -0.0419654846191406 0.00520706176757813
0.0542411804199219 -0.0156402587890625 -0.0509567260742188 0.0511550903320313
0.0319595336914063 -0.0555953979492188 -0.002227783203125 0.0863418579101563
-0.0235023498535156 -0.0654449462890625 0.0547027587890625 0.0896072387695313
-0.0574684143066406 -0.0430526733398437 0.100013732910156 0.0489654541015625
-0.0658416748046875 -0.0435562133789062 0.103889465332031 0.025482177734375
-0.0826568603515625 -0.0397186279296875 0.103523254394531 0.0184478759765625
-0.0649337768554688 -0.0555534362792969 0.0910797119140625 0.0410919189453125
-0.029937744140625 -0.0847549438476563 0.069366455078125 0.0419769287109375
0.023284912109375 -0.0796356201171875 0.0425491333007813 0.0418472290039062
0.088592529296875 -0.0274658203125 0.037872314453125 0.04852294921875
0.0860366821289063 0.028472900390625 0.0586051940917969 0.0564231872558594
0.0543060302734375 0.081207275390625 0.0308761596679688 0.101341247558594
-0.0258045196533203 -0.0305271148681641 -0.0482864379882813 -0.123641967773438
-0.0384902954101563 -0.00966644287109375 -0.0663528442382813 -0.0717926025390625
-0.0365447998046875 0.023651123046875 -0.0438652038574219 -0.0385360717773438
-0.00820541381835938 0.0415840148925781 -0.0445060729980469 -0.05194091796875
0.0142555236816406 0.0399513244628906 -0.0709228515625 -0.0543365478515625
0.0327396392822266 0.0242137908935547 -0.102752685546875 -0.040557861328125
0.0281715393066406 0.0154781341552734 -0.122779846191406 -0.0153045654296875
0.0230484008789063 0.0176868438720703 -0.117515563964844 -0.024993896484375
0.0191135406494141 0.0203323364257813 -0.116004943847656 -0.0574417114257812
0.000968933105468748 0.0174922943115234 -0.0694198608398437 -0.101066589355469
-0.0115518569946289 0.0121793746948242 -0.00289916992187499 -0.101280212402344
-0.0160818099975586 -0.00555324554443359 0.0486831665039062 -0.065582275390625
-0.00930976867675781 -0.0250568389892578 0.0579147338867188 -0.0119209289550781
0.00583839416503907 -0.0274257659912109 0.00506019592285156 -0.016139030456543
0.007568359375 -0.0350284576416016 -0.00807189941406251 -0.0853271484375
0.00929641723632813 0.0265178680419922 -0.0471572875976562 -0.13055419921875
0.011138916015625 0.0156755447387695 -0.06463623046875 -0.0774383544921875
0.0162696838378906 0.00387477874755859 -0.0376358032226563 -0.0440673828125
0.0109043121337891 -0.002655029296875 -0.0425910949707031 -0.0569419860839844
0.00165367126464844 -0.0105485916137695 -0.0659828186035156 -0.0619049072265625
-0.0107650756835938 -0.00597953796386719 -0.104248046875 -0.0432662963867188
-0.0247173309326172 -0.000843048095703123 -0.124649047851563 -0.016082763671875
-0.0239505767822266 -0.0101261138916016 -0.114280700683594 -0.0232925415039063
-0.0275478363037109 -0.0110492706298828 -0.115890502929687 -0.0531768798828125
-0.0185890197753906 -0.0276470184326172 -0.0745391845703125 -0.0942230224609375
0.00254249572753906 -0.0330448150634766 -0.00945281982421876 -0.0972213745117188
0.0238456726074219 -0.0272159576416016 0.039276123046875 -0.07183837890625
0.0326442718505859 -0.00729179382324219 0.054718017578125 -0.0194206237792969
0.0287990570068359 0.00477409362792969 0.00455665588378907 -0.0207748413085938
0.0179119110107422 0.0161209106445313 -0.0112838745117188 -0.0905075073242187
0.0343399047851563 0.0804824829101563 -0.0349578857421875 -0.119842529296875
0.0540809631347656 0.0464744567871094 -0.0504379272460937 -0.07525634765625
0.07208251953125 -0.00727081298828125 -0.0243759155273437 -0.045562744140625
0.0381927490234375 -0.0434150695800781 -0.0324897766113281 -0.0566329956054688
-0.00270080566406251 -0.0623626708984375 -0.0502548217773438 -0.0625648498535156
-0.0486602783203125 -0.0419235229492188 -0.0895233154296875 -0.0417022705078125
-0.073638916015625 -0.0207672119140625 -0.107086181640625 -0.0153427124023438
-0.0679092407226563 -0.0366630554199219 -0.0931015014648438 -0.0167160034179687
-0.0737533569335937 -0.0383148193359375 -0.0991058349609375 -0.0397872924804688
-0.0441398620605469 -0.066680908203125 -0.0703887939453125 -0.0698013305664063
0.00350189208984374 -0.0788650512695312 -0.0182571411132813 -0.0772476196289063
0.0533561706542969 -0.0584297180175781 0.0194358825683594 -0.0679359436035156
0.0772323608398438 -0.00128936767578125 0.0379753112792969 -0.0252799987792969
0.0581169128417969 0.0311698913574219 -0.00154495239257812 -0.0226173400878906
0.0328865051269531 0.0641899108886719 -0.0157241821289063 -0.081817626953125
0.0465240478515625 0.123519897460938 -0.0161590576171875 -0.0919723510742187
0.0804061889648438 0.0766830444335938 -0.0282707214355469 -0.0634117126464844
0.119438171386719 -0.00536346435546875 -0.00917816162109374 -0.0405082702636719
0.0703048706054688 -0.0725784301757813 -0.019927978515625 -0.046173095703125
0.005401611328125 -0.106895446777344 -0.0270423889160156 -0.049530029296875
-0.0726547241210938 -0.0778045654296875 -0.0608444213867188 -0.0310554504394531
-0.108139038085938 -0.0413970947265625 -0.0722808837890625 -0.0109405517578125
-0.101203918457031 -0.057098388671875 -0.0568771362304688 -0.00832366943359374
-0.111557006835938 -0.0553817749023438 -0.0657730102539063 -0.0212860107421875
-0.0725250244140625 -0.0911788940429688 -0.052001953125 -0.0372085571289063
-0.00922393798828126 -0.116134643554688 -0.0177764892578125 -0.0453224182128906
0.064666748046875 -0.0931396484375 0.00186920166015625 -0.0476799011230469
0.116905212402344 -0.0102767944335938 0.0180778503417969 -0.019317626953125
0.0926513671875 0.0474472045898438 -0.00655841827392578 -0.0167970657348633
0.0532608032226562 0.102890014648438 -0.0183525085449219 -0.0585403442382812
0.044342041015625 0.146499633789063 0.00211715698242188 -0.0514144897460937
0.0839309692382813 0.0983047485351563 -0.00681686401367187 -0.042327880859375
0.1439208984375 0.009185791015625 -0.00149536132812499 -0.0267105102539062
0.09625244140625 -0.080047607421875 -0.0121746063232422 -0.0228214263916016
0.0220870971679687 -0.130447387695313 -0.0052032470703125 -0.0203132629394531
-0.0775527954101563 -0.104049682617187 -0.0235595703125 -0.00765609741210938
-0.123794555664063 -0.0584030151367187 -0.0250968933105469 -0.00117874145507813
-0.119331359863281 -0.0692901611328125 -0.0118961334228516 0.00179672241210937
-0.134407043457031 -0.0618057250976563 -0.0216560363769531 -0.0046539306640625
-0.0958480834960938 -0.0980606079101562 -0.01873779296875 -0.00615882873535157
-0.0292892456054687 -0.13592529296875 -0.0018911361694336 -0.0123462677001953
0.0593490600585938 -0.119415283203125 -0.00112724304199218 -0.0192222595214844
0.140182495117188 -0.0276336669921875 0.00803279876708985 -0.00129556655883789
0.121482849121094 0.0513687133789063 -0.00300979614257812 -0.00126957893371582
0.0716629028320312 0.125892639160156 -0.0140876770019531 -0.0227680206298828
0.033599853515625 0.1441650390625 0.0140867233276367 -0.00635147094726562
0.0675277709960938 0.101982116699219 0.00476837158203125 -0.0192584991455078
0.136070251464844 0.02764892578125 -0.00587463378906249 -0.0107927322387695
0.104011535644531 -0.0657196044921875 -0.0171279907226562 0.0072488784790039
0.0379486083984375 -0.1260986328125 0.00706863403320313 0.0195865631103516
-0.0658645629882813 -0.112815856933594 0.0116977691650391 0.0260200500488281
-0.118141174316406 -0.0651626586914063 0.0242900848388672 0.0149078369140625
-0.118186950683594 -0.0707015991210938 0.0338344573974609 0.0112590789794922
-0.137351989746094 -0.0592193603515625 0.0257530212402344 0.00707817077636718
-0.10321044921875 -0.0911483764648438 0.0220508575439453 0.0165767669677734
-0.0427474975585937 -0.13470458984375 0.0241355895996094 0.0131149291992187
0.0456924438476563 -0.126007080078125 0.0106163024902344 0.00807476043701171
0.142074584960938 -0.0397186279296875 0.0121898651123047 0.0202751159667969
0.132499694824219 0.0468978881835938 0.0135993957519531 0.0186748504638672
0.0818099975585937 0.128883361816406 -0.00136375427246093 0.0202827453613281
0.0196990966796875 0.119056701660156 0.0182762145996094 0.0354804992675781
0.0431900024414063 0.087158203125 0.00605821609497071 0.000627040863037115
0.102668762207031 0.037445068359375 -0.0226402282714844 0.00060844421386719
0.0877456665039063 -0.039947509765625 -0.0327167510986328 0.0338497161865234
0.0425033569335938 -0.0973968505859375 0.00587844848632813 0.0581817626953125
-0.0451583862304688 -0.0982589721679687 0.0379371643066406 0.06195068359375
-0.0938873291015625 -0.059844970703125 0.0679664611816406 0.0328750610351562
-0.099884033203125 -0.061798095703125 0.0745086669921875 0.0194931030273438
-0.119300842285156 -0.0511627197265625 0.0695686340332031 0.0137367248535156
-0.0921783447265625 -0.0761871337890625 0.061187744140625 0.0312576293945312
-0.0424423217773437 -0.115776062011719 0.050567626953125 0.0301628112792969
0.0335006713867187 -0.110916137695313 0.0275764465332031 0.0277214050292969
0.122772216796875 -0.0393753051757813 0.0253868103027344 0.0370063781738281
0.1201171875 0.038848876953125 0.0378227233886719 0.03814697265625
0.07574462890625 0.113990783691406 0.0163345336914063 0.063262939453125
0.008148193359375 0.0786666870117188 0.0186920166015625 0.0663337707519531
0.0202369689941406 0.0583534240722656 0.00295257568359375 0.0124502182006836
0.0584335327148438 0.0326728820800781 -0.041900634765625 0.00532913208007813
0.0542411804199219 -0.0165977478027344 -0.0502281188964844 0.0517425537109375
0.0309715270996094 -0.0561256408691406 -0.0016021728515625 0.085906982421875
-0.0238800048828125 -0.0650711059570313 0.0554656982421875 0.0887680053710938
-0.0575027465820312 -0.0422439575195313 0.1002197265625 0.0483245849609375
-0.0662345886230469 -0.0430259704589844 0.10400390625 0.0249099731445312
-0.0831298828125 -0.0385055541992188 0.103302001953125 0.0176467895507812
-0.0656547546386719 -0.0544662475585937 0.0912704467773438 0.040252685546875
-0.0306320190429688 -0.083831787109375 0.0697135925292969 0.0412788391113281
0.0223617553710938 -0.0799560546875 0.0422096252441406 0.0416755676269531
0.0880661010742188 -0.0286712646484375 0.0384979248046875 0.0481643676757813
0.086029052734375 0.0274200439453125 0.0587882995605469 0.0552330017089844
0.0547637939453125 0.0802383422851563 0.0319976806640625 0.100502014160156
-0.0258502960205078 -0.0305557250976562 -0.049285888671875 -0.122947692871094
-0.0379409790039063 -0.00944137573242187 -0.0670623779296875 -0.0714111328125
-0.0365486145019531 0.0239639282226562 -0.04364013671875 -0.0374641418457031
-0.0074310302734375 0.0415802001953125 -0.0447273254394531 -0.0513114929199219
0.0148429870605469 0.0394935607910156 -0.0705413818359375 -0.054046630859375
0.0325851440429688 0.0239334106445313 -0.102943420410156 -0.039764404296875
0.0279808044433594 0.0150432586669922 -0.122962951660156 -0.0144882202148438
0.0232791900634766 0.0172157287597656 -0.117607116699219 -0.0242919921875
0.0193290710449219 0.0198822021484375 -0.116020202636719 -0.0555572509765625
0.00128841400146484 0.0175294876098633 -0.0703582763671875 -0.0999069213867188
-0.0113382339477539 0.0124053955078125 -0.00403594970703125 -0.100852966308594
-0.0159063339233398 -0.00507259368896484 0.047576904296875 -0.0653915405273438
-0.00946617126464844 -0.0246238708496094 0.0577812194824219 -0.0125656127929688
0.00562477111816406 -0.0273265838623047 0.00486660003662109 -0.0159578323364258
0.00779533386230468 -0.034942626953125 -0.00903320312499999 -0.0847930908203125
0.00933647155761719 0.02606201171875 -0.0482864379882812 -0.13006591796875
0.0113897323608398 0.015385627746582 -0.0650711059570313 -0.0767745971679687
0.0161104202270508 0.0035858154296875 -0.0376396179199219 -0.0437889099121094
0.0106925964355469 -0.00265789031982422 -0.043060302734375 -0.0566368103027344
0.00126743316650391 -0.010223388671875 -0.0662345886230469 -0.0612068176269531
-0.0105886459350586 -0.0062255859375 -0.104393005371094 -0.04296875
-0.0248870849609375 -0.000501632690429686 -0.124443054199219 -0.0150527954101562
-0.0238895416259766 -0.0100345611572266 -0.114242553710937 -0.0225906372070313
-0.0275459289550781 -0.0110492706298828 -0.116058349609375 -0.0522079467773437
-0.0187129974365234 -0.0274066925048828 -0.0749435424804688 -0.0932083129882813
0.00204277038574219 -0.032928466796875 -0.0102996826171875 -0.0972747802734375
0.0235633850097656 -0.0278606414794922 0.0386123657226562 -0.072021484375
0.0323505401611328 -0.0074920654296875 0.0542945861816406 -0.0198860168457031
0.0284633636474609 0.00465774536132813 0.00378990173339844 -0.0204029083251953
0.0181903839111328 0.0158100128173828 -0.0123977661132813 -0.0895767211914063
0.0349578857421875 0.0800857543945313 -0.0363388061523437 -0.119117736816406
0.0544166564941406 0.0457878112792969 -0.0506210327148437 -0.0745773315429688
0.0720672607421875 -0.00788116455078125 -0.0241165161132812 -0.0457000732421875
0.0377731323242187 -0.0437469482421875 -0.0329971313476562 -0.0561676025390625
-0.00276565551757813 -0.0625152587890625 -0.0503654479980469 -0.06195068359375
-0.0488319396972656 -0.0412826538085938 -0.0894851684570313 -0.0411911010742188
-0.0737152099609375 -0.0200119018554687 -0.107009887695313 -0.0145416259765625
-0.0679435729980469 -0.0360145568847656 -0.0924530029296875 -0.0165328979492188
-0.0737991333007813 -0.0378189086914062 -0.0988845825195313 -0.03857421875
-0.0445289611816406 -0.0659675598144531 -0.07086181640625 -0.06927490234375
0.00318145751953125 -0.0786056518554688 -0.0191574096679688 -0.0766830444335938
0.0528221130371094 -0.05841064453125 0.0184364318847656 -0.0678863525390625
0.0770263671875 -0.0017852783203125 0.0378379821777344 -0.0258445739746094
0.0583915710449219 0.0312461853027344 -0.00189781188964843 -0.0227909088134766
0.0336418151855469 0.0636177062988281 -0.0169601440429688 -0.0816726684570313
0.04718017578125 0.122528076171875 -0.0173721313476563 -0.091644287109375
0.081146240234375 0.0761184692382813 -0.0284996032714844 -0.0628204345703125
0.119163513183594 -0.00667572021484375 -0.00913238525390625 -0.0403671264648438
0.0695037841796875 -0.0728225708007813 -0.0199241638183594 -0.0458450317382813
0.00420379638671875 -0.106651306152344 -0.0276374816894531 -0.0491294860839844
-0.0727310180664063 -0.0768661499023438 -0.0606842041015625 -0.03045654296875
-0.108734130859375 -0.0403213500976563 -0.0720977783203125 -0.010467529296875
-0.101753234863281 -0.0565338134765625 -0.0567588806152344 -0.0075836181640625
-0.111045837402344 -0.0541000366210937 -0.06585693359375 -0.0203361511230469
-0.0730743408203125 -0.0901718139648438 -0.0523452758789063 -0.0366630554199219
-0.0105133056640625 -0.115715026855469 -0.0180473327636719 -0.0448684692382813
0.0639114379882813 -0.093719482421875 0.00113677978515626 -0.0477447509765625
0.116600036621094 -0.0115432739257813 0.0179767608642578 -0.0195636749267578
0.0925064086914062 0.0467300415039062 -0.00727081298828124 -0.0166234970092773
0.0539932250976563 0.102432250976562 -0.01873779296875 -0.0586471557617188
0.045745849609375 0.145294189453125 0.00171661376953125 -0.051025390625
0.0850753784179687 0.0972366333007813 -0.00720214843749999 -0.0422515869140625
0.143661499023438 0.007843017578125 -0.000713348388671868 -0.0269069671630859
0.0957717895507812 -0.0806655883789062 -0.0121040344238281 -0.0227947235107422
0.020721435546875 -0.130958557128906 -0.0048980712890625 -0.0199756622314453
-0.078216552734375 -0.103630065917969 -0.0234489440917969 -0.00714874267578126
-0.123847961425781 -0.0565872192382813 -0.0251026153564453 -0.000558853149414072
-0.119285583496094 -0.068115234375 -0.0118780136108399 0.00159835815429687
-0.134567260742188 -0.060302734375 -0.0214881896972656 -0.00429916381835938
-0.096038818359375 -0.097015380859375 -0.0186424255371094 -0.00629997253417969
-0.0299758911132812 -0.135604858398438 -0.00175285339355469 -0.011693000793457
0.05853271484375 -0.119697570800781 -0.00145912170410156 -0.0190887451171875
0.140289306640625 -0.028350830078125 0.00765991210937501 -0.00125312805175781
0.121650695800781 0.05023193359375 -0.00290632247924804 -0.00161957740783691
0.0729751586914063 0.124992370605469 -0.0140419006347656 -0.0227947235107422
0.0349884033203125 0.143218994140625 0.0142297744750977 -0.00632667541503905
0.0689849853515625 0.101730346679688 0.00483322143554688 -0.019073486328125
0.136314392089844 0.0262603759765625 -0.00603485107421874 -0.0107507705688477
0.103347778320312 -0.065826416015625 -0.0167274475097656 0.00734996795654297
0.0365219116210938 -0.126358032226563 0.00723457336425781 0.0189437866210937
-0.0665359497070312 -0.112007141113281 0.0115737915039062 0.025604248046875
-0.118331909179688 -0.0640106201171875 0.0241031646728516 0.0145282745361328
-0.118453979492188 -0.0693740844726563 0.0339565277099609 0.0112285614013672
-0.137428283691406 -0.05816650390625 0.0259628295898437 0.00704574584960937
-0.103668212890625 -0.0900650024414063 0.02178955078125 0.0167732238769531
-0.0436553955078125 -0.133987426757813 0.0240879058837891 0.0129470825195312
0.0450286865234375 -0.12615966796875 0.010319709777832 0.00772666931152343
0.1414794921875 -0.04095458984375 0.0124912261962891 0.0201358795166016
0.132568359375 0.0454864501953125 0.0133628845214844 0.0182552337646484
0.0833206176757813 0.128471374511719 -0.00065422058105468 0.0204410552978516
0.02105712890625 0.118568420410156 0.0187950134277344 0.0352020263671875
0.0438995361328125 0.0866851806640625 0.00607776641845703 0.000658988952636724
0.103248596191406 0.0360565185546875 -0.0227317810058594 0.000911712646484382
0.087432861328125 -0.040618896484375 -0.0324478149414062 0.0341358184814453
0.04132080078125 -0.0976409912109375 0.00614166259765626 0.0575141906738281
-0.0459671020507813 -0.0978851318359375 0.0385017395019531 0.0612831115722656
-0.0940628051757813 -0.0591049194335938 0.0681877136230469 0.03253173828125
-0.0999832153320312 -0.0607528686523437 0.0742645263671875 0.0191879272460937
-0.119728088378906 -0.0501632690429687 0.0697402954101562 0.0135116577148437
-0.092620849609375 -0.0751953125 0.0609855651855469 0.0310897827148438
-0.0434188842773438 -0.11553955078125 0.0503196716308594 0.0294075012207031
0.0323944091796875 -0.110908508300781 0.0276203155517578 0.0272102355957031
0.122940063476563 -0.0404586791992188 0.0254859924316406 0.0364418029785156
0.120307922363281 0.03778076171875 0.0375404357910156 0.0372810363769531
0.0771026611328125 0.113029479980469 0.0168266296386719 0.063079833984375
0.00896453857421875 0.0780258178710938 0.0189743041992188 0.0658798217773437
0.0207443237304687 0.0583229064941406 0.00322151184082032 0.0128612518310547
0.0587196350097656 0.0318870544433594 -0.041259765625 0.00558853149414062
0.0540313720703125 -0.0172691345214844 -0.0498313903808594 0.0518646240234375
0.0306129455566406 -0.0561599731445312 -0.000679016113281254 0.08551025390625
-0.0244293212890625 -0.0644111633300781 0.0559844970703125 0.088226318359375
-0.057373046875 -0.0417289733886719 0.100379943847656 0.0477218627929688
-0.0662841796875 -0.0424919128417969 0.103866577148438 0.0242691040039063
-0.083251953125 -0.03753662109375 0.103355407714844 0.0169830322265625
-0.0657920837402344 -0.0540351867675781 0.091064453125 0.0396041870117188
-0.0310821533203125 -0.0834121704101562 0.0697708129882813 0.0406112670898437
0.02178955078125 -0.0798110961914063 0.0422401428222656 0.0410232543945313
0.0880126953125 -0.029449462890625 0.0386428833007813 0.0472831726074219
0.0864486694335938 0.0270462036132813 0.0593032836914062 0.0541610717773437
0.0556488037109375 0.0802764892578125 0.0331954956054688 0.09991455078125
-0.025787353515625 -0.0306682586669922 -0.0506210327148438 -0.122116088867188
-0.038360595703125 -0.00925064086914062 -0.0672225952148438 -0.070465087890625
-0.0361442565917969 0.0239982604980469 -0.0439186096191406 -0.0372657775878906
-0.00701904296875 0.04150390625 -0.04461669921875 -0.0511093139648438
0.015167236328125 0.0395736694335937 -0.0705490112304688 -0.0530242919921875
0.0330333709716797 0.0235481262207031 -0.102867126464844 -0.0394439697265625
0.0284442901611328 0.0145950317382812 -0.122566223144531 -0.0139083862304687
0.0232810974121094 0.0170516967773438 -0.117332458496094 -0.023956298828125
0.0192184448242188 0.0198917388916016 -0.115921020507812 -0.05523681640625
0.00164508819580078 0.0175533294677734 -0.0704879760742188 -0.0988235473632813
-0.0110635757446289 0.012664794921875 -0.0045928955078125 -0.100540161132812
-0.0158967971801758 -0.00504398345947265 0.0470123291015625 -0.0653839111328125
-0.0100307464599609 -0.0245742797851563 0.057403564453125 -0.0128822326660156
0.00533294677734375 -0.0270214080810547 0.00440692901611328 -0.0157260894775391
0.00707054138183594 -0.0349960327148437 -0.00933837890624999 -0.0840911865234375
0.00987052917480469 0.0259380340576172 -0.0493698120117188 -0.129463195800781
0.0116052627563477 0.0154438018798828 -0.0656509399414062 -0.075927734375
0.0160741806030273 0.00340652465820312 -0.0376663208007813 -0.043365478515625
0.0111236572265625 -0.00257205963134766 -0.0427169799804688 -0.0564842224121094
0.00157833099365234 -0.0102243423461914 -0.0663070678710938 -0.0607070922851563
-0.0104160308837891 -0.00582313537597656 -0.104156494140625 -0.0418472290039062
-0.0245609283447266 -0.000667572021484374 -0.124000549316406 -0.01434326171875
-0.0239219665527344 -0.00973892211914063 -0.113677978515625 -0.0216827392578125
-0.0277175903320313 -0.0107002258300781 -0.116127014160156 -0.05133056640625
-0.0185699462890625 -0.0272674560546875 -0.0752716064453125 -0.0922393798828125
0.00225067138671875 -0.0329532623291016 -0.0108108520507813 -0.096771240234375
0.0235080718994141 -0.0275096893310547 0.0380172729492188 -0.0720367431640625
0.0321922302246094 -0.00731849670410156 0.0536727905273437 -0.0201950073242188
0.0283050537109375 0.00435066223144531 0.0037689208984375 -0.0202693939208984
0.018402099609375 0.0157089233398438 -0.0129165649414062 -0.0894012451171875
0.03594970703125 0.0796966552734375 -0.0370941162109375 -0.118721008300781
0.0546188354492188 0.0455551147460938 -0.051849365234375 -0.0739669799804688
0.07183837890625 -0.0089111328125 -0.0242385864257813 -0.0455703735351562
0.0371475219726563 -0.0444831848144531 -0.0329055786132812 -0.056182861328125
-0.00358963012695312 -0.0623893737792969 -0.0506820678710938 -0.0614891052246094
-0.0489387512207031 -0.0407485961914063 -0.0898208618164063 -0.0407638549804688
-0.0736083984375 -0.0194778442382812 -0.106513977050781 -0.0140914916992188
-0.0683326721191406 -0.0356674194335937 -0.0927886962890625 -0.016021728515625
-0.0736312866210938 -0.036956787109375 -0.0987167358398437 -0.0375442504882813
-0.0449104309082031 -0.0655784606933594 -0.0712127685546875 -0.0685653686523437
0.00270080566406251 -0.078094482421875 -0.0195770263671875 -0.0764617919921875
0.0524215698242188 -0.05914306640625 0.0176658630371094 -0.0675392150878906
0.0767669677734375 -0.00240325927734375 0.0371437072753906 -0.0259552001953125
0.0581321716308594 0.0303459167480469 -0.00208091735839843 -0.0222148895263672
0.0343284606933594 0.0634994506835938 -0.0174407958984375 -0.080841064453125
0.0488815307617188 0.12188720703125 -0.0177459716796875 -0.0914688110351562
0.0818634033203125 0.0751876831054688 -0.0293083190917969 -0.0620918273925781
0.119110107421875 -0.00756072998046875 -0.00951004028320311 -0.0404205322265625
0.068939208984375 -0.0733795166015625 -0.0200309753417969 -0.0457992553710938
0.0034027099609375 -0.106658935546875 -0.0273590087890625 -0.04876708984375
-0.073150634765625 -0.0760421752929687 -0.0606040954589844 -0.03021240234375
-0.108428955078125 -0.0394058227539063 -0.0716629028320313 -0.0100784301757813
-0.102119445800781 -0.0561370849609375 -0.0566177368164063 -0.00716018676757812
-0.111839294433594 -0.0532379150390625 -0.0655326843261719 -0.0200386047363281
-0.0738983154296875 -0.0896987915039062 -0.0525169372558594 -0.0361747741699219
-0.0109405517578125 -0.115577697753906 -0.0187149047851562 -0.0448150634765625
0.063568115234375 -0.0938949584960938 0.000762939453125008 -0.0474586486816406
0.116226196289063 -0.01226806640625 0.0174102783203125 -0.0194511413574219
0.0928955078125 0.045867919921875 -0.00716209411621093 -0.0163736343383789
0.0549087524414063 0.101974487304688 -0.0193214416503906 -0.0579261779785156
0.047119140625 0.1448974609375 0.000988006591796876 -0.0510749816894531
0.0855712890625 0.0969085693359375 -0.00780868530273437 -0.0419082641601562
0.143844604492188 0.0064849853515625 -0.00112724304199218 -0.0270977020263672
0.094696044921875 -0.08172607421875 -0.0120162963867187 -0.0228538513183594
0.0194778442382812 -0.130630493164063 -0.00503921508789062 -0.0205268859863281
-0.0786972045898438 -0.102218627929687 -0.0232372283935547 -0.00694274902343751
-0.123794555664063 -0.0557937622070312 -0.0250816345214844 -0.000417709350585944
-0.119613647460938 -0.0676956176757812 -0.0120487213134766 0.00205516815185547
-0.134376525878906 -0.0593643188476563 -0.0215415954589844 -0.0040130615234375
-0.0968017578125 -0.0962371826171875 -0.0189685821533203 -0.00553703308105469
-0.0311126708984375 -0.134811401367187 -0.00203609466552735 -0.0119476318359375
0.057464599609375 -0.120254516601563 -0.00220870971679687 -0.0190219879150391
0.139976501464844 -0.0294342041015625 0.00756883621215821 -0.00122547149658203
0.122032165527344 0.0496368408203125 -0.00302505493164062 -0.00168728828430176
0.0743331909179687 0.124748229980469 -0.0146522521972656 -0.0227470397949219
0.0361480712890625 0.142654418945313 0.0140504837036133 -0.00673294067382812
0.0696029663085938 0.101005554199219 0.0046234130859375 -0.0186786651611328
0.136383056640625 0.02484130859375 -0.00600814819335937 -0.0113115310668945
0.102806091308594 -0.0666885375976563 -0.0163612365722656 0.00729846954345703
0.0356292724609375 -0.126510620117188 0.00739288330078125 0.0187606811523437
-0.0670700073242188 -0.110801696777344 0.0121936798095703 0.0255546569824219
-0.118125915527344 -0.0628814697265625 0.0241756439208984 0.0144062042236328
-0.118919372558594 -0.0684585571289063 0.0338230133056641 0.0108432769775391
-0.137596130371094 -0.0569000244140625 0.0258636474609375 0.0066986083984375
-0.104110717773438 -0.089324951171875 0.0218753814697266 0.0168018341064453
-0.0446243286132812 -0.133216857910156 0.024139404296875 0.0126266479492187
0.0439224243164063 -0.126602172851563 0.0101890563964844 0.00772953033447265
0.141250610351563 -0.0419769287109375 0.0125408172607422 0.0198192596435547
0.132827758789063 0.044830322265625 0.0133857727050781 0.0176429748535156
0.0842514038085938 0.127754211425781 -0.00079727172851562 0.0200138092041016
0.0222091674804688 0.118270874023437 0.0189113616943359 0.0349006652832031
0.0446548461914063 0.0863571166992188 0.00653505325317383 0.00109863281250001
0.103439331054688 0.0350418090820313 -0.0224838256835937 0.000818252563476567
0.08709716796875 -0.0412368774414063 -0.0322647094726562 0.0341415405273438
0.0401229858398437 -0.0978775024414063 0.00640869140625 0.0571136474609375
-0.0466842651367188 -0.0970916748046875 0.0390243530273437 0.0610733032226563
-0.0940704345703125 -0.0582199096679687 0.0679054260253906 0.0323066711425781
-0.100250244140625 -0.059844970703125 0.0747909545898438 0.0183868408203125
-0.119529724121094 -0.0489120483398438 0.0694961547851563 0.0125389099121094
-0.0928573608398438 -0.0740890502929688 0.0611610412597656 0.0306968688964844
-0.04443359375 -0.114707946777344 0.0503807067871094 0.0292320251464844
0.0316162109375 -0.111137390136719 0.02728271484375 0.0270061492919922
0.12261962890625 -0.0413360595703125 0.0256729125976563 0.0361137390136719
0.120338439941406 0.0371322631835938 0.0377235412597656 0.0366973876953125
0.0779037475585937 0.112625122070312 0.0171623229980469 0.0625152587890625
0.00985717773437499 0.0774917602539063 0.0199241638183594 0.065704345703125
0.0213279724121094 0.0576362609863281 0.0032186508178711 0.0125722885131836
0.0588264465332031 0.0311813354492187 -0.0411109924316406 0.0055999755859375
0.0538063049316406 -0.017181396484375 -0.0491600036621094 0.0520133972167969
0.0298843383789063 -0.0566215515136719 -0.000373840332031255 0.084686279296875
-0.0251388549804688 -0.0641250610351563 0.0565109252929687 0.0876235961914062
-0.0576972961425781 -0.0412521362304688 0.100990295410156 0.046722412109375
-0.0666313171386719 -0.0417747497558594 0.103729248046875 0.023773193359375
-0.0832901000976563 -0.0368118286132813 0.103614807128906 0.0161209106445312
-0.0658454895019531 -0.0533218383789063 0.091339111328125 0.038970947265625
-0.0316925048828125 -0.0829086303710938 0.069610595703125 0.040191650390625
0.0213165283203125 -0.0799407958984375 0.0420379638671875 0.0405349731445312
0.0882110595703125 -0.0301666259765625 0.0387611389160156 0.046966552734375
0.0863723754882813 0.0262908935546875 0.0595321655273438 0.0533065795898438
0.0560989379882812 0.079742431640625 0.0342864990234375 0.0992507934570313
-0.0258941650390625 -0.0302391052246094 -0.051025390625 -0.121871948242188
-0.0383071899414063 -0.00930786132812499 -0.067352294921875 -0.0698814392089844
-0.036163330078125 0.0246047973632813 -0.0433769226074219 -0.0372276306152344
-0.00677108764648437 0.0414543151855469 -0.0447807312011719 -0.050872802734375
0.0155181884765625 0.0394783020019531 -0.0704193115234375 -0.0528488159179688
0.032958984375 0.0232925415039063 -0.102958679199219 -0.0388031005859375
0.0282707214355469 0.0143203735351562 -0.122489929199219 -0.013458251953125
0.0236358642578125 0.0171146392822266 -0.117134094238281 -0.0235671997070313
0.0197029113769531 0.0198650360107422 -0.115959167480469 -0.05438232421875
0.00211143493652344 0.0177650451660156 -0.0713882446289063 -0.098541259765625
-0.0107307434082031 0.0126762390136719 -0.00524139404296875 -0.100257873535156
-0.0157499313354492 -0.00436973571777344 0.0464744567871094 -0.0656585693359375
-0.0104274749755859 -0.0241451263427734 0.0571632385253906 -0.0130615234375
0.005340576171875 -0.0276927947998047 0.00422859191894531 -0.0155000686645508
0.00691986083984375 -0.0352554321289062 -0.0099945068359375 -0.0834197998046875
0.00979232788085938 0.0254917144775391 -0.0502395629882813 -0.128692626953125
0.0113582611083984 0.0151853561401367 -0.065826416015625 -0.0752639770507813
0.0161666870117188 0.00341510772705078 -0.0378990173339844 -0.0431365966796875
0.0109052658081055 -0.00249385833740234 -0.04266357421875 -0.0560531616210937
0.00146484375 -0.00994968414306641 -0.0660057067871094 -0.0606689453125
-0.0106563568115234 -0.00580310821533203 -0.104240417480469 -0.041778564453125
-0.02447509765625 -0.000326156616210934 -0.124038696289062 -0.0140609741210938
-0.0239715576171875 -0.00999641418457031 -0.113967895507813 -0.0214996337890625
-0.0275936126708984 -0.0112190246582031 -0.115959167480469 -0.0504531860351563
-0.0186100006103516 -0.027557373046875 -0.0760345458984375 -0.0917587280273438
0.00206565856933594 -0.0326042175292969 -0.0111770629882813 -0.0965499877929688
0.0233058929443359 -0.0276203155517578 0.0371932983398438 -0.0720901489257812
0.0321083068847656 -0.00741958618164063 0.0533561706542969 -0.0204582214355469
0.0283546447753906 0.00437736511230469 0.00352287292480469 -0.0202178955078125
0.0185890197753906 0.0154170989990234 -0.01361083984375 -0.0884017944335937
0.0368728637695313 0.07891845703125 -0.03778076171875 -0.118476867675781
0.0551834106445313 0.045013427734375 -0.0516204833984375 -0.0732955932617188
0.0714950561523438 -0.00934600830078125 -0.0243797302246094 -0.0454635620117188
0.0373115539550781 -0.0442314147949219 -0.0332260131835938 -0.0562057495117188
-0.00395584106445313 -0.0621414184570313 -0.0510902404785156 -0.0610618591308594
-0.0488739013671875 -0.0406570434570312 -0.0894241333007813 -0.0405960083007812
-0.0734634399414063 -0.0191192626953125 -0.10675048828125 -0.0137100219726563
-0.0684432983398438 -0.0352249145507813 -0.092742919921875 -0.015380859375
-0.0735702514648438 -0.0364151000976562 -0.0987625122070312 -0.0368804931640625
-0.0449981689453125 -0.0651741027832031 -0.0715255737304688 -0.06768798828125
0.00227355957031251 -0.0780258178710938 -0.0201873779296875 -0.0761871337890625
0.051971435546875 -0.0590324401855469 0.0171661376953125 -0.0673332214355469
0.076934814453125 -0.00283050537109375 0.0369453430175781 -0.0259590148925781
0.0584373474121094 0.0302276611328125 -0.00224494934082031 -0.0222053527832031
0.0349884033203125 0.0627288818359375 -0.0177993774414063 -0.0801467895507813
0.0500259399414062 0.12127685546875 -0.0182647705078125 -0.0911483764648438
0.0821456909179688 0.0746383666992188 -0.0293540954589844 -0.0614662170410156
0.118309020996094 -0.0084991455078125 -0.00942611694335936 -0.0407485961914062
0.06842041015625 -0.0735855102539063 -0.0202560424804687 -0.0455131530761719
0.0030670166015625 -0.10662841796875 -0.0278511047363281 -0.0486335754394531
-0.073211669921875 -0.0757217407226563 -0.0603065490722656 -0.0299034118652344
-0.108352661132813 -0.0390090942382812 -0.071624755859375 -0.00979614257812502
-0.102333068847656 -0.0554733276367188 -0.0566482543945313 -0.00725555419921876
-0.1116943359375 -0.0526123046875 -0.0656051635742188 -0.0193328857421875
-0.074249267578125 -0.0891799926757813 -0.0523300170898438 -0.0357513427734375
-0.0111541748046875 -0.115272521972656 -0.0186729431152344 -0.04443359375
0.062957763671875 -0.0943984985351562 -0.000247955322265619 -0.0478935241699219
0.116630554199219 -0.0129165649414062 0.0170993804931641 -0.0196208953857422
0.0930633544921875 0.0452423095703125 -0.00743675231933593 -0.0168552398681641
0.0558242797851563 0.10089111328125 -0.0195579528808594 -0.0575408935546875
0.0487823486328125 0.144424438476563 0.000724792480468749 -0.0508880615234375
0.086578369140625 0.0962677001953125 -0.00756454467773437 -0.0414772033691406
0.143753051757812 0.0052032470703125 -0.00103187561035155 -0.0274448394775391
0.0946044921875 -0.0820236206054688 -0.0119171142578125 -0.0228233337402344
0.0189361572265625 -0.130645751953125 -0.00509071350097656 -0.0207672119140625
-0.0788955688476563 -0.101768493652344 -0.023040771484375 -0.00748062133789063
-0.123634338378906 -0.0548553466796875 -0.0254020690917969 -0.000116348266601562
-0.119621276855469 -0.0665817260742187 -0.011754035949707 0.00197601318359375
-0.134269714355469 -0.058441162109375 -0.0213871002197266 -0.00381088256835938
-0.0973587036132812 -0.0957260131835938 -0.0191249847412109 -0.00553894042968751
-0.0319137573242188 -0.134773254394531 -0.0020294189453125 -0.0119972229003906
0.0565872192382813 -0.120468139648438 -0.00231170654296875 -0.0189189910888672
0.139701843261719 -0.0303115844726563 0.00750255584716798 -0.00172567367553711
0.122093200683594 0.0490036010742188 -0.00289463996887206 -0.00187540054321289
0.075042724609375 0.124114990234375 -0.0142574310302734 -0.0225143432617187
0.03765869140625 0.142425537109375 0.0137443542480469 -0.00697708129882812
0.0703811645507812 0.100303649902344 0.00461006164550782 -0.0185298919677734
0.136634826660156 0.0238037109375 -0.00593280792236328 -0.0116958618164062
0.10272216796875 -0.06707763671875 -0.0160694122314453 0.00716304779052734
0.0345001220703125 -0.12640380859375 0.00728034973144531 0.0185565948486328
-0.06732177734375 -0.110794067382813 0.0126800537109375 0.0256290435791016
-0.118186950683594 -0.062164306640625 0.0242710113525391 0.0143165588378906
-0.119308471679688 -0.0678939819335938 0.0340900421142578 0.0105400085449219
-0.137809753417969 -0.0556488037109375 0.0261116027832031 0.00702857971191406
-0.10443115234375 -0.0888595581054688 0.0223178863525391 0.0166702270507812
-0.0457000732421875 -0.133209228515625 0.0239028930664063 0.0126209259033203
0.0435562133789062 -0.126373291015625 0.00960731506347657 0.0075244903564453
0.141311645507813 -0.042999267578125 0.0125598907470703 0.0191574096679687
0.132820129394531 0.0440139770507813 0.0137996673583984 0.0169029235839844
0.084716796875 0.127204895019531 -0.000511169433593745 0.0199260711669922
0.0229110717773438 0.117767333984375 0.0188426971435547 0.0346603393554688
0.0452804565429688 0.0858078002929688 0.00626087188720703 0.00110101699829102
0.103736877441406 0.0343475341796875 -0.0224933624267578 0.000621795654296879
0.0867767333984375 -0.041778564453125 -0.0320777893066406 0.0339775085449219
0.039825439453125 -0.0976715087890625 0.00654983520507813 0.0566673278808594
-0.0468292236328125 -0.0969924926757813 0.0392265319824219 0.060516357421875
-0.0940933227539062 -0.0576705932617188 0.0684165954589844 0.032257080078125
-0.100830078125 -0.058868408203125 0.074798583984375 0.0180435180664062
-0.119674682617188 -0.04791259765625 0.0697441101074219 0.0126953125
-0.0928573608398437 -0.0735321044921875 0.0613288879394531 0.0305709838867187
-0.0447311401367187 -0.114387512207031 0.0504188537597656 0.0287590026855469
0.031005859375 -0.111213684082031 0.0270957946777344 0.0272541046142578
0.122589111328125 -0.0422210693359375 0.0258255004882813 0.0356979370117188
0.120513916015625 0.0362930297851563 0.0376472473144531 0.0358161926269531
0.0788040161132812 0.112083435058594 0.017791748046875 0.0622711181640625
0.0105514526367188 0.0775909423828125 0.0199317932128906 0.0653762817382813
0.0220794677734375 0.0576400756835937 0.00376319885253906 0.0124969482421875
0.0595436096191406 0.0303916931152344 -0.0411758422851562 0.00577163696289062
0.0536537170410156 -0.0174751281738281 -0.0487480163574219 0.0517807006835938
0.0293083190917969 -0.0564804077148438 6.95376506035728E-18 0.084259033203125
-0.0250129699707031 -0.0640068054199219 0.0571212768554688 0.0870285034179688
-0.0577926635742188 -0.0405426025390625 0.10015869140625 0.046417236328125
-0.0667343139648438 -0.0416374206542969 0.1041259765625 0.0235977172851563
-0.0838851928710938 -0.0361328125 0.102928161621094 0.0160293579101562
-0.0661888122558594 -0.0529518127441406 0.0916595458984375 0.0385208129882813
-0.032379150390625 -0.083038330078125 0.0696868896484375 0.0397758483886719
0.0207366943359375 -0.0802536010742188 0.042327880859375 0.0404167175292969
0.0882949829101563 -0.0311660766601563 0.0389976501464844 0.0461349487304687
0.08648681640625 0.0261459350585938 0.0594825744628906 0.0526542663574219
0.0565109252929688 0.0795516967773438 0.0345993041992188 0.0988235473632813
-0.0261135101318359 -0.0300674438476563 -0.0520401000976563 -0.121681213378906
-0.0384635925292969 -0.00887298583984375 -0.0676460266113281 -0.0695304870605469
-0.0363044738769531 0.0248985290527344 -0.0430374145507813 -0.0364646911621094
-0.00682830810546875 0.0414505004882813 -0.0445632934570313 -0.0506401062011719
0.0159149169921875 0.0392951965332031 -0.0705337524414063 -0.0527572631835938
0.0330791473388672 0.0227775573730469 -0.102691650390625 -0.0389022827148437
0.0281486511230469 0.0142288208007813 -0.122184753417969 -0.013580322265625
0.0234642028808594 0.0167198181152344 -0.116981506347656 -0.0235977172851562
0.0199184417724609 0.0193767547607422 -0.116065979003906 -0.0540237426757813
0.00230884552001953 0.0172977447509766 -0.0715484619140625 -0.0977325439453125
-0.0106277465820313 0.0126552581787109 -0.00539398193359375 -0.100196838378906
-0.0160512924194336 -0.00454139709472656 0.0463943481445313 -0.0655479431152344
-0.0107364654541016 -0.0243453979492188 0.056884765625 -0.0134506225585938
0.00523757934570313 -0.0273799896240234 0.00420761108398438 -0.0151996612548828
0.00679206848144531 -0.0349311828613281 -0.0104598999023437 -0.0830764770507812
0.0100822448730469 0.0250625610351562 -0.0508804321289062 -0.12841796875
0.0115175247192383 0.0151042938232422 -0.066070556640625 -0.0749130249023438
0.0158100128173828 0.00342655181884766 -0.0376853942871094 -0.043182373046875
0.0106401443481445 -0.00251197814941406 -0.0429878234863281 -0.05584716796875
0.00145530700683594 -0.0101327896118164 -0.0663642883300781 -0.0601654052734375
-0.0104007720947266 -0.00562095642089844 -0.104286193847656 -0.0417098999023438
-0.0250453948974609 -0.000490188598632812 -0.123992919921875 -0.0138015747070313
-0.0240020751953125 -0.00993919372558594 -0.113601684570312 -0.021575927734375
-0.0275802612304688 -0.010711669921875 -0.116020202636719 -0.0501785278320313
-0.0183753967285156 -0.0271358489990234 -0.0762710571289062 -0.0908660888671875
0.00186920166015625 -0.0326290130615234 -0.0120086669921875 -0.0960464477539063
0.0232620239257813 -0.0275802612304688 0.036956787109375 -0.0718002319335938
0.0320167541503906 -0.0074310302734375 0.053070068359375 -0.0205841064453125
0.0283241271972656 0.00432586669921875 0.00333976745605469 -0.0202465057373047
0.0186672210693359 0.0152244567871094 -0.0136871337890625 -0.08831787109375
0.037261962890625 0.0784683227539063 -0.038848876953125 -0.118133544921875
0.0556259155273438 0.04486083984375 -0.0518264770507812 -0.0727157592773438
0.0713424682617188 -0.009521484375 -0.0243873596191406 -0.0457839965820313
0.037109375 -0.0448265075683594 -0.0328865051269531 -0.0562324523925781
-0.00413513183593751 -0.0624504089355469 -0.0508499145507812 -0.0612220764160156
-0.0491294860839844 -0.0400123596191406 -0.0893478393554688 -0.0398406982421875
-0.0733718872070313 -0.0187530517578125 -0.106681823730469 -0.0132675170898438
-0.0686988830566406 -0.0351371765136719 -0.0929489135742187 -0.0152664184570313
-0.073577880859375 -0.0360336303710938 -0.0989608764648438 -0.03607177734375
-0.0453758239746094 -0.0648918151855469 -0.0720291137695313 -0.0671844482421875
0.00248718261718751 -0.078216552734375 -0.0204620361328125 -0.0755157470703125
0.0519523620605469 -0.05950927734375 0.0165367126464844 -0.0673675537109375
0.0769729614257813 -0.0030364990234375 0.0366439819335938 -0.02606201171875
0.0583915710449219 0.0300369262695312 -0.00275611877441406 -0.0223484039306641
0.0351715087890625 0.0628814697265625 -0.018402099609375 -0.08001708984375
0.0511550903320313 0.120872497558594 -0.0188751220703125 -0.0911636352539062
0.0829010009765625 0.074493408203125 -0.0296134948730469 -0.0611228942871094
0.118873596191406 -0.0087890625 -0.00932693481445312 -0.0408554077148438
0.0684890747070312 -0.0738906860351563 -0.0200080871582031 -0.0456771850585938
0.00214385986328124 -0.106651306152344 -0.0278396606445312 -0.0487556457519531
-0.0734024047851563 -0.074859619140625 -0.0601310729980469 -0.0295333862304688
-0.108299255371094 -0.0385055541992187 -0.0715408325195313 -0.0094146728515625
-0.102424621582031 -0.05523681640625 -0.0562171936035156 -0.00705337524414062
-0.111785888671875 -0.0523529052734375 -0.0655632019042969 -0.01904296875
-0.0743560791015625 -0.0885848999023438 -0.0527915954589844 -0.0350990295410156
-0.0118026733398437 -0.114990234375 -0.01910400390625 -0.0441932678222656
0.0626983642578125 -0.0946807861328125 -0.000202178955078123 -0.0474433898925781
0.116600036621094 -0.0132827758789063 0.0174140930175781 -0.0200634002685547
0.0934295654296875 0.045166015625 -0.00745201110839843 -0.0167713165283203
0.0564727783203125 0.100997924804688 -0.0197525024414062 -0.0575027465820313
0.0496368408203125 0.143539428710938 0.000438690185546882 -0.0511093139648437
0.0875320434570313 0.0960311889648438 -0.00778961181640625 -0.0412101745605469
0.14434814453125 0.0046844482421875 -0.000978469848632802 -0.0270481109619141
0.0939788818359375 -0.0827484130859375 -0.0115776062011719 -0.0227737426757813
0.0185012817382813 -0.130691528320313 -0.00530815124511719 -0.0206432342529297
-0.0789337158203125 -0.101570129394531 -0.0228443145751953 -0.00712776184082032
-0.1239013671875 -0.0544967651367187 -0.0251007080078125 -0.000297546386718754
-0.12060546875 -0.066497802734375 -0.0117435455322266 0.0020599365234375
-0.13482666015625 -0.0577392578125 -0.0216045379638672 -0.003570556640625
-0.097381591796875 -0.0954208374023437 -0.0185775756835938 -0.00540161132812501
-0.03216552734375 -0.134048461914062 -0.00225067138671875 -0.011897087097168
0.0564117431640625 -0.121040344238281 -0.00292587280273437 -0.0186080932617188
0.139999389648438 -0.0308303833007812 0.00764465332031251 -0.00162839889526367
0.12237548828125 0.0484848022460938 -0.00312805175781249 -0.00211691856384277
0.0756988525390625 0.123771667480469 -0.0144729614257812 -0.0226116180419922
0.03863525390625 0.1416015625 0.0137729644775391 -0.00679683685302733
0.0713272094726563 0.100227355957031 0.0045318603515625 -0.0182533264160156
0.13690185546875 0.0231857299804687 -0.00589275360107421 -0.011296272277832
0.1024169921875 -0.0678863525390625 -0.0163183212280273 0.00738048553466797
0.0341644287109375 -0.126663208007813 0.00719451904296875 0.0181236267089844
-0.0675888061523438 -0.110069274902344 0.0126209259033203 0.0257797241210937
-0.118354797363281 -0.06182861328125 0.0242671966552734 0.0146656036376953
-0.119369506835938 -0.0675201416015625 0.0340957641601562 0.0104885101318359
-0.138252258300781 -0.0551986694335937 0.0258693695068359 0.00708389282226562
-0.104446411132813 -0.088104248046875 0.0225429534912109 0.0169563293457031
-0.0460205078125 -0.132514953613281 0.0241165161132812 0.0126266479492187
0.042633056640625 -0.126457214355469 0.00951290130615235 0.00785160064697265
0.141525268554688 -0.0439910888671875 0.0124740600585938 0.0192909240722656
0.133110046386719 0.0438308715820313 0.0137186050415039 0.0168180465698242
0.0858840942382812 0.126968383789063 -0.000480651855468743 0.0197906494140625
0.0237960815429687 0.117523193359375 0.0190868377685547 0.0347938537597656
0.0458221435546875 0.085723876953125 0.00637054443359375 0.000999450683593755
0.103889465332031 0.0333023071289062 -0.0218048095703125 0.000186920166015623
0.0867919921875 -0.0421981811523438 -0.0316619873046875 0.0342292785644531
0.0389862060546875 -0.0980758666992187 0.00666427612304688 0.0566520690917969
-0.0473861694335937 -0.096282958984375 0.0394935607910156 0.0601921081542969
-0.0940399169921875 -0.0572891235351562 0.0679359436035156 0.03179931640625
-0.100868225097656 -0.0591583251953125 0.074737548828125 0.017822265625
-0.120086669921875 -0.0472412109375 0.0696678161621094 0.0125350952148437
-0.0936508178710938 -0.0732345581054688 0.0613059997558594 0.0303993225097656
-0.0455398559570313 -0.114120483398438 0.0502967834472656 0.0291976928710937
0.0307159423828125 -0.111473083496094 0.0267868041992188 0.0268898010253906
0.122566223144531 -0.0427093505859375 0.0258255004882813 0.0352401733398438
0.120918273925781 0.0361404418945313 0.037872314453125 0.0352134704589844
0.0793609619140625 0.111785888671875 0.0182266235351563 0.0620040893554688
0.010986328125 0.0772552490234375 0.0206146240234375 0.0650444030761719
0.0221710205078125 0.0579605102539063 0.00392723083496094 0.0128917694091797
0.0597496032714844 0.0299186706542969 -0.0408897399902344 0.00577163696289062
0.0535240173339844 -0.0176734924316406 -0.0488624572753906 0.0521965026855469
0.0288467407226562 -0.0567550659179688 0.000480651855468757 0.0842742919921875
-0.0254859924316406 -0.0638465881347656 0.0572280883789063 0.087066650390625
-0.0577468872070313 -0.0404014587402344 0.100555419921875 0.0460662841796875
-0.0668449401855469 -0.0410423278808594 0.104278564453125 0.0233688354492187
-0.0839691162109375 -0.0352935791015625 0.1031494140625 0.0158920288085938
-0.0664558410644531 -0.0526809692382813 0.091400146484375 0.0385971069335937
-0.0326461791992188 -0.0829010009765625 0.0698318481445313 0.0397491455078125
0.0204238891601563 -0.080078125 0.0422019958496094 0.0404129028320312
0.0884475708007813 -0.0310134887695313 0.0395126342773438 0.0462532043457031
0.086517333984375 0.0257034301757813 0.0596733093261719 0.0517807006835938
0.0569915771484375 0.0794830322265625 0.0352401733398438 0.0982589721679688
-0.0262107849121094 -0.0302162170410156 -0.052398681640625 -0.121551513671875
-0.0385589599609375 -0.00930023193359374 -0.0680503845214844 -0.0689048767089844
-0.0359878540039063 0.0251579284667969 -0.0431175231933594 -0.0365943908691406
-0.006500244140625 0.0416488647460938 -0.0444107055664063 -0.0504684448242187
0.0160408020019531 0.0393905639648438 -0.0705184936523438 -0.0521697998046875
0.033355712890625 0.0227680206298828 -0.103004455566406 -0.0390625
0.0281639099121094 0.0142402648925781 -0.122138977050781 -0.01348876953125
0.0238075256347656 0.0166282653808594 -0.117790222167969 -0.0235748291015625
0.0199680328369141 0.01959228515625 -0.116119384765625 -0.0535736083984375
0.00203132629394531 0.0175399780273438 -0.0715103149414063 -0.097686767578125
-0.0103750228881836 0.0134115219116211 -0.00562286376953125 -0.099853515625
-0.0162897109985352 -0.00407791137695312 0.0460700988769531 -0.0656318664550781
-0.0109195709228516 -0.0240955352783203 0.0565757751464844 -0.0134162902832031
0.00490188598632812 -0.0277462005615234 0.0041351318359375 -0.0148124694824219
0.0069427490234375 -0.0354499816894531 -0.0111312866210938 -0.0827789306640625
0.0103302001953125 0.0255088806152344 -0.051513671875 -0.12835693359375
0.0119304656982422 0.0150537490844727 -0.066619873046875 -0.0749435424804688
0.0159597396850586 0.00314617156982422 -0.037384033203125 -0.0429916381835938
0.011016845703125 -0.00285625457763672 -0.0427360534667969 -0.0561408996582031
0.00178337097167969 -0.0101537704467773 -0.066253662109375 -0.0600013732910156
-0.0105390548706055 -0.00577163696289063 -0.103919982910156 -0.041473388671875
-0.02490234375 -0.000394821166992185 -0.123931884765625 -0.0138473510742188
-0.0241222381591797 -0.00993537902832031 -0.114166259765625 -0.0213851928710937
-0.0276641845703125 -0.0106163024902344 -0.116355895996094 -0.0496597290039063
-0.0183353424072266 -0.0268917083740234 -0.0765151977539063 -0.0908889770507812
0.00212287902832031 -0.0328445434570313 -0.0118637084960938 -0.0957107543945313
0.0231361389160156 -0.0277385711669922 0.0365753173828125 -0.0721359252929688
0.0317516326904297 -0.00732612609863281 0.0530891418457031 -0.0204696655273438
0.0283603668212891 0.00375747680664062 0.00292778015136719 -0.0196781158447266
0.0190029144287109 0.0150318145751953 -0.0145187377929687 -0.0877838134765625
0.037811279296875 0.0783920288085938 -0.0390625 -0.117942810058594
0.0558128356933594 0.0447158813476563 -0.0522842407226562 -0.0721969604492187
0.0714874267578125 -0.00994873046875 -0.0242958068847656 -0.0456390380859375
0.0370216369628906 -0.0446395874023438 -0.0328330993652344 -0.0565414428710938
-0.00413131713867187 -0.0623855590820313 -0.0509071350097656 -0.0608367919921875
-0.048919677734375 -0.0401687622070313 -0.0889816284179688 -0.0399703979492188
-0.0729751586914063 -0.0189285278320312 -0.106704711914063 -0.0133132934570312
-0.0687103271484375 -0.0354423522949219 -0.0923080444335938 -0.0153427124023438
-0.0739364624023438 -0.035888671875 -0.0990066528320312 -0.0360870361328125
-0.0452957153320313 -0.0647392272949219 -0.0717849731445313 -0.0669021606445313
0.0022125244140625 -0.07794189453125 -0.0206298828125 -0.0752716064453125
0.0521659851074219 -0.0599861145019531 0.016082763671875 -0.0673255920410156
0.0768661499023438 -0.00296783447265625 0.0363883972167969 -0.0262451171875
0.0584564208984375 0.0300254821777344 -0.00326347351074219 -0.022064208984375
0.0359077453613281 0.0625953674316406 -0.0189743041992188 -0.08013916015625
0.0515518188476563 0.120147705078125 -0.0192337036132813 -0.0909423828125
0.0833816528320313 0.0745315551757813 -0.029632568359375 -0.06109619140625
0.119400024414063 -0.009185791015625 -0.00922775268554687 -0.0408821105957031
0.0682754516601563 -0.0743942260742188 -0.0202445983886719 -0.0457229614257813
0.00214385986328126 -0.107101440429688 -0.0279159545898437 -0.0487022399902344
-0.0734100341796875 -0.0746841430664063 -0.0601615905761719 -0.0296630859375
-0.108680725097656 -0.0377426147460938 -0.0716705322265625 -0.00962066650390624
-0.103004455566406 -0.0553054809570313 -0.0564765930175781 -0.00702667236328126
-0.111869812011719 -0.0517807006835938 -0.0659294128417969 -0.0189704895019531
-0.0746078491210937 -0.0884933471679688 -0.0525703430175781 -0.0346260070800781
-0.0121383666992188 -0.115089416503906 -0.0191383361816406 -0.0440597534179688
0.0625152587890625 -0.0944976806640625 -0.000934600830078116 -0.0474739074707031
0.1165771484375 -0.0140304565429687 0.0169639587402344 -0.0195980072021484
0.093292236328125 0.0450820922851563 -0.00778579711914062 -0.016779899597168
0.0572052001953125 0.100784301757813 -0.0202178955078125 -0.0572166442871094
0.0504302978515625 0.143447875976563 0.000614166259765632 -0.0508880615234375
0.0881271362304688 0.0959854125976563 -0.00798797607421874 -0.0408248901367187
0.14398193359375 0.0041961669921875 -0.00110816955566406 -0.0279769897460937
0.0944137573242187 -0.0828628540039063 -0.0118961334228516 -0.0228767395019531
0.0175399780273438 -0.130973815917969 -0.00548934936523437 -0.0208892822265625
-0.0789947509765625 -0.101348876953125 -0.0224666595458984 -0.0075225830078125
-0.124069213867188 -0.0541229248046875 -0.0253467559814453 -0.000303268432617186
-0.12042236328125 -0.0663681030273438 -0.0116558074951172 0.00189495086669921
-0.134956359863281 -0.057037353515625 -0.0213642120361328 -0.00362586975097657
-0.0976791381835938 -0.0950164794921875 -0.0183773040771484 -0.00499916076660157
-0.0326461791992188 -0.134071350097656 -0.00269222259521485 -0.0118169784545899
0.0563201904296875 -0.121177673339844 -0.00314140319824218 -0.0188617706298828
0.140609741210937 -0.03131103515625 0.00743579864501954 -0.00190782546997071
0.122573852539062 0.0482940673828125 -0.0031297206878662 -0.00226187705993652
0.0767288208007813 0.123741149902344 -0.0142917633056641 -0.0223770141601562
0.039154052734375 0.141571044921875 0.0137062072753906 -0.00669193267822265
0.0716400146484375 0.100418090820313 0.00464820861816407 -0.0179710388183594
0.137138366699219 0.0227203369140625 -0.00582027435302734 -0.0116109848022461
0.102294921875 -0.06793212890625 -0.0161781311035156 0.00714015960693359
0.0335769653320313 -0.126899719238281 0.00745391845703125 0.0180931091308594
-0.0679168701171875 -0.109893798828125 0.0129661560058594 0.0255680084228516
-0.117843627929688 -0.061614990234375 0.0240650177001953 0.0144500732421875
-0.120315551757812 -0.0673980712890625 0.0338077545166016 0.0108413696289062
-0.138053894042969 -0.0545196533203125 0.02606201171875 0.00701141357421875
-0.104812622070313 -0.0878982543945313 0.0222568511962891 0.0169105529785156
-0.0461044311523438 -0.132316589355469 0.0237941741943359 0.0124931335449219
0.0424652099609375 -0.127243041992188 0.00877571105957031 0.0078749656677246
0.141448974609375 -0.0440826416015625 0.0124149322509766 0.0187797546386719
0.13336181640625 0.04339599609375 0.013392448425293 0.0161685943603516
0.0864410400390625 0.1268310546875 -0.000101089477539058 0.0196037292480469
0.0243301391601562 0.117256164550781 0.0194835662841797 0.0346012115478516
0.0463943481445312 0.0853424072265625 0.00635099411010743 0.00120592117309571
0.104530334472656 0.0331497192382813 -0.0222015380859375 0.000146865844726566
0.0866622924804687 -0.0426025390625 -0.0312404632568359 0.0336570739746094
0.0388031005859375 -0.0984268188476563 0.00701141357421875 0.0562286376953125
-0.0470428466796875 -0.09637451171875 0.0397491455078125 0.0603179931640625
-0.0943832397460938 -0.0569610595703125 0.0681228637695312 0.0317306518554687
-0.101081848144531 -0.0586318969726563 0.0746841430664063 0.0178756713867187
-0.120361328125 -0.0472412109375 0.0697479248046875 0.0125579833984375
-0.093994140625 -0.0728836059570312 0.0618133544921875 0.0305213928222656
-0.04583740234375 -0.114097595214844 0.0502281188964844 0.0288658142089844
0.0304794311523437 -0.111572265625 0.02667236328125 0.0270595550537109
0.122932434082031 -0.0426864624023438 0.0258979797363281 0.0350456237792969
0.120964050292969 0.0361480712890625 0.0378684997558594 0.0348548889160156
0.08001708984375 0.111396789550781 0.0185050964355469 0.0616035461425781
0.0112838745117187 0.0771942138671875 0.0207901000976563 0.0648689270019531
0.0228004455566406 0.0574264526367188 0.00404644012451172 0.0129003524780273
0.059844970703125 0.0298118591308594 -0.0405807495117187 0.00572204589843749
0.0534248352050781 -0.0181045532226563 -0.0484886169433594 0.0521240234375
0.0286865234375 -0.0566902160644531 0.000587463378906248 0.0839996337890625
-0.0256767272949219 -0.0637321472167969 0.0569229125976563 0.0871658325195313
-0.057830810546875 -0.0398902893066406 0.100929260253906 0.045928955078125
-0.0673027038574219 -0.0412750244140625 0.10418701171875 0.0231704711914062
-0.0836715698242188 -0.035369873046875 0.103096008300781 0.0156402587890625
-0.0665168762207031 -0.0525169372558594 0.0920562744140625 0.0382308959960938
-0.0333099365234375 -0.0826416015625 0.0699501037597656 0.0390701293945312
0.0205154418945313 -0.0804290771484375 0.0421485900878906 0.0404891967773438
0.0884933471679688 -0.0317306518554688 0.0394744873046875 0.0455207824707031
0.087005615234375 0.02593994140625 0.0600166320800781 0.05133056640625
0.0574874877929688 0.0793228149414063 0.035614013671875 0.098297119140625
-0.026458740234375 -0.0306472778320312 -0.0525588989257812 -0.121665954589844
-0.0387382507324219 -0.00940322875976563 -0.0686874389648437 -0.0691871643066406
-0.0364952087402344 0.0250587463378906 -0.0425796508789063 -0.0365829467773437
-0.00643539428710937 0.0416450500488281 -0.0444755554199219 -0.0506172180175781
0.0161972045898438 0.03924560546875 -0.07049560546875 -0.0525741577148438
0.0332145690917969 0.0229129791259766 -0.103256225585938 -0.03912353515625
0.0281963348388672 0.0140705108642578 -0.122764587402344 -0.0137252807617188
0.0237312316894531 0.0165977478027344 -0.117439270019531 -0.0234527587890625
0.0203895568847656 0.0193309783935547 -0.116462707519531 -0.053497314453125
0.00230789184570312 0.0176162719726562 -0.0718841552734375 -0.0976715087890625
-0.0101108551025391 0.0130186080932617 -0.00579071044921874 -0.100112915039063
-0.0162639617919922 -0.00379848480224609 0.0460281372070313 -0.0655632019042969
-0.0112781524658203 -0.0244216918945313 0.0562324523925781 -0.0136032104492188
0.00519943237304687 -0.0277900695800781 0.00344371795654297 -0.0147819519042969
0.00693130493164063 -0.0356674194335938 -0.0115280151367188 -0.0825653076171875
0.0106353759765625 0.02508544921875 -0.052001953125 -0.128341674804688
0.0118045806884766 0.014683723449707 -0.0669479370117188 -0.0743331909179688
0.0155830383300781 0.00317192077636719 -0.0374259948730469 -0.0432167053222656
0.0111074447631836 -0.00261402130126953 -0.0426254272460938 -0.0563392639160156
0.00193214416503906 -0.0101709365844727 -0.0666580200195313 -0.0602836608886719
-0.0102176666259766 -0.00562000274658203 -0.104339599609375 -0.041961669921875
-0.0249919891357422 -0.000703811645507817 -0.124656677246094 -0.0141448974609375
-0.0243968963623047 -0.0103054046630859 -0.114555358886719 -0.0215835571289063
-0.0272789001464844 -0.0110340118408203 -0.116706848144531 -0.0494613647460937
-0.0182933807373047 -0.0275516510009766 -0.0769577026367188 -0.0912017822265625
0.00243759155273438 -0.0326213836669922 -0.0122222900390625 -0.0965957641601563
0.023651123046875 -0.0276546478271484 0.0362701416015625 -0.072174072265625
0.0316143035888672 -0.00730133056640625 0.0532569885253906 -0.0204696655273438
0.0278053283691406 0.0041656494140625 0.00292205810546875 -0.0193996429443359
0.0192852020263672 0.0148868560791016 -0.0145797729492187 -0.0875625610351563
0.0381546020507813 0.0784912109375 -0.0399246215820312 -0.118141174316406
0.05621337890625 0.0447959899902344 -0.0522842407226563 -0.0719070434570312
0.0714797973632813 -0.0098724365234375 -0.0242767333984375 -0.045989990234375
0.037384033203125 -0.0454139709472656 -0.03289794921875 -0.0561256408691406
-0.004486083984375 -0.0625839233398438 -0.051361083984375 -0.0610809326171875
-0.0490646362304688 -0.039764404296875 -0.0893707275390625 -0.040679931640625
-0.07342529296875 -0.018402099609375 -0.106910705566406 -0.0132675170898438
-0.0693931579589844 -0.0356330871582031 -0.0927886962890625 -0.0153427124023437
-0.073516845703125 -0.0360183715820312 -0.0995864868164063 -0.0359420776367187
-0.0453720092773438 -0.0651206970214844 -0.0726089477539063 -0.06695556640625
0.0020751953125 -0.0783233642578125 -0.0207061767578125 -0.0758285522460938
0.0520172119140625 -0.0596542358398438 0.015411376953125 -0.0673561096191406
0.0773544311523437 -0.00325775146484375 0.0366096496582031 -0.0262870788574219
0.0584945678710938 0.0300521850585938 -0.00305938720703125 -0.0222015380859375
0.036285400390625 0.0626792907714844 -0.01885986328125 -0.0796737670898438
0.0523529052734375 0.120773315429688 -0.0198440551757812 -0.0911483764648437
0.0842361450195313 0.0741500854492188 -0.0296516418457031 -0.0605697631835937
0.119300842285156 -0.01043701171875 -0.00916671752929687 -0.0410118103027344
0.0688018798828125 -0.0751953125 -0.0200614929199219 -0.0458488464355469
0.00159454345703124 -0.107032775878906 -0.0277748107910156 -0.0485763549804688
-0.0734100341796875 -0.0749130249023437 -0.0597572326660156 -0.029937744140625
-0.108787536621094 -0.0378875732421875 -0.071746826171875 -0.00957489013671876
-0.103050231933594 -0.0548171997070312 -0.056671142578125 -0.00734710693359375
-0.112174987792969 -0.0516204833984375 -0.0656204223632813 -0.0188751220703125
-0.0751190185546875 -0.0887908935546875 -0.0529212951660156 -0.0349311828613281
-0.0121917724609375 -0.115325927734375 -0.0193099975585938 -0.0438461303710938
0.0626449584960938 -0.0953750610351562 -0.00118637084960937 -0.0475196838378906
0.117134094238281 -0.0139923095703125 0.0168590545654297 -0.0198650360107422
0.0938796997070312 0.0448226928710937 -0.00791072845458984 -0.0171070098876953
0.0577850341796875 0.101158142089844 -0.0199928283691406 -0.0572547912597656
0.0513153076171875 0.143524169921875 0.000175476074218748 -0.0509071350097656
0.0882720947265625 0.0959243774414063 -0.00761795043945312 -0.0405197143554687
0.144790649414063 0.0031890869140625 -0.00100135803222655 -0.0280990600585938
0.0944900512695313 -0.0830154418945313 -0.0119895935058594 -0.0230731964111328
0.0175323486328125 -0.131332397460938 -0.00535202026367188 -0.0210056304931641
-0.079620361328125 -0.101348876953125 -0.0224704742431641 -0.00712394714355469
-0.124244689941406 -0.0538558959960938 -0.0252609252929688 -7.24792480468823E-05
-0.121231079101563 -0.0663909912109375 -0.011439323425293 0.00208187103271484
-0.13525390625 -0.057464599609375 -0.0210514068603516 -0.00354385375976563
-0.0976333618164063 -0.0948486328125 -0.0187873840332031 -0.00465011596679688
-0.0328140258789062 -0.134910583496094 -0.00263786315917969 -0.0117940902709961
0.0564498901367188 -0.121383666992188 -0.00384521484375 -0.0187721252441406
0.141067504882813 -0.0316925048828125 0.00717830657958985 -0.00199174880981445
0.123306274414063 0.0481033325195313 -0.00346302986145019 -0.00269365310668945
0.077362060546875 0.123924255371094 -0.0144824981689453 -0.0224113464355469
0.0395660400390625 0.141433715820313 0.0137138366699219 -0.00687503814697265
0.0722427368164063 0.100547790527344 0.00459289550781251 -0.0181560516357422
0.138023376464844 0.0218048095703125 -0.00585174560546874 -0.0120067596435547
0.10235595703125 -0.0685806274414062 -0.016057014465332 0.0072040557861328
0.0334930419921875 -0.127571105957031 0.00739288330078125 0.0182304382324219
-0.0682373046875 -0.109931945800781 0.0134468078613281 0.025604248046875
-0.118354797363281 -0.0613250732421875 0.0241317749023437 0.0144786834716797
-0.12042236328125 -0.0675506591796875 0.0342159271240234 0.0107250213623047
-0.138519287109375 -0.0546340942382813 0.0262832641601562 0.00696563720703125
-0.105186462402344 -0.0876998901367187 0.0222549438476562 0.0171489715576172
-0.0466232299804687 -0.132598876953125 0.0236110687255859 0.0125503540039062
0.04248046875 -0.128013610839844 0.00843954086303711 0.00780248641967773
0.142120361328125 -0.0449676513671875 0.0124149322509766 0.0188751220703125
0.134048461914062 0.0433120727539063 0.0131406784057617 0.0164451599121094
0.0871810913085938 0.127105712890625 0.000432968139648441 0.0195751190185547
0.0245895385742187 0.117263793945312 0.0195236206054687 0.0345306396484375
0.0466156005859375 0.0857009887695313 0.00636529922485352 0.00150012969970704
0.104843139648438 0.03216552734375 -0.0223426818847656 -0.000108718872070307
0.0866546630859375 -0.0431976318359375 -0.0315361022949219 0.0338420867919922
0.038665771484375 -0.0988845825195313 0.00675201416015625 0.0560188293457031
-0.0473403930664063 -0.0963897705078125 0.0401763916015625 0.0606613159179687
-0.0943450927734375 -0.0569000244140625 0.0682106018066406 0.0318183898925781
-0.101577758789063 -0.0589981079101562 0.074951171875 0.0181732177734375
-0.120758056640625 -0.0469512939453125 0.0701637268066406 0.0124473571777344
-0.0941848754882813 -0.0727386474609375 0.0618743896484375 0.0305328369140625
-0.0463790893554687 -0.113784790039063 0.0504417419433594 0.0286521911621094
0.030029296875 -0.11236572265625 0.0262813568115234 0.0270423889160156
0.1236572265625 -0.0439376831054688 0.0259189605712891 0.0347747802734375
0.121612548828125 0.0358047485351562 0.0378150939941406 0.0345039367675781
0.080535888671875 0.111915588378906 0.0188484191894531 0.0617218017578125
0.0114364624023437 0.0773239135742188 0.0211715698242188 0.0649147033691406
0.0230789184570313 0.057952880859375 0.00422286987304688 0.0132246017456055
0.0604629516601563 0.0294380187988281 -0.0406608581542969 0.00571823120117187
0.0534934997558594 -0.018157958984375 -0.0484199523925781 0.0524139404296875
0.028167724609375 -0.0572166442871094 0.000587463378906244 0.0839080810546875
-0.0261154174804687 -0.0635833740234375 0.0574951171875 0.0868453979492188
-0.0575599670410156 -0.0402374267578125 0.101081848144531 0.0459671020507813
-0.0673484802246094 -0.0410919189453125 0.104385375976562 0.0235977172851562
-0.0841445922851563 -0.0351486206054688 0.103485107421875 0.0153732299804687
-0.0668258666992188 -0.05224609375 0.092071533203125 0.038665771484375
-0.0335617065429687 -0.08294677734375 0.0700721740722656 0.0397109985351562
0.0199050903320313 -0.0808334350585938 0.0418777465820313 0.040618896484375
0.0886306762695313 -0.0319747924804688 0.0391807556152344 0.0453224182128906
0.0874176025390625 0.025848388671875 0.0595016479492188 0.0508193969726563
0.0577316284179688 0.0797042846679688 0.0360260009765625 0.0981903076171875
-0.0263328552246094 -0.0309925079345703 -0.0537185668945313 -0.121932983398437
-0.0396347045898438 -0.00905227661132812 -0.0689697265625 -0.06890869140625
-0.0365753173828125 0.0254936218261719 -0.0430335998535156 -0.0365829467773437
-0.00600051879882812 0.0417442321777344 -0.0445976257324219 -0.0511817932128906
0.01678466796875 0.039276123046875 -0.0703582763671875 -0.0524673461914062
0.0335006713867188 0.0231113433837891 -0.103607177734375 -0.03948974609375
0.0284633636474609 0.0140628814697266 -0.123527526855469 -0.0138702392578125
0.0240688323974609 0.0162677764892578 -0.118270874023438 -0.0234298706054687
0.0201435089111328 0.0189933776855469 -0.117362976074219 -0.0534896850585937
0.00217247009277344 0.0178546905517578 -0.0722579956054687 -0.098052978515625
-0.0103359222412109 0.0130376815795898 -0.00617218017578125 -0.100349426269531
-0.0164804458618164 -0.00384616851806641 0.0460472106933594 -0.0654525756835938
-0.0117073059082031 -0.0239696502685547 0.0566444396972656 -0.0135498046875
0.00457954406738282 -0.0276966094970703 0.00369167327880859 -0.0148134231567383
0.00664520263671875 -0.0359001159667969 -0.0114212036132812 -0.0824813842773438
0.0106925964355469 0.0252056121826172 -0.0527191162109375 -0.128677368164063
0.0118703842163086 0.014862060546875 -0.0673751831054688 -0.074371337890625
0.0159206390380859 0.00328445434570313 -0.037445068359375 -0.0436210632324219
0.0113649368286133 -0.00259017944335937 -0.0429801940917969 -0.0564613342285156
0.00189781188964844 -0.0106382369995117 -0.0667076110839844 -0.0604591369628906
-0.0100765228271484 -0.00575637817382813 -0.104721069335938 -0.0421829223632812
-0.0248050689697266 -0.000467300415039066 -0.124984741210938 -0.0142135620117187
-0.0242748260498047 -0.0100822448730469 -0.114761352539062 -0.02154541015625
-0.0276565551757813 -0.0108547210693359 -0.117317199707031 -0.0497283935546875
-0.0186538696289062 -0.0269908905029297 -0.0773086547851563 -0.0910491943359375
0.00252914428710938 -0.0327510833740234 -0.0123977661132812 -0.0963363647460938
0.0236663818359375 -0.0276870727539063 0.0364990234375 -0.0721817016601562
0.0321502685546875 -0.00741767883300781 0.0529136657714844 -0.0204238891601562
0.0282783508300781 0.00391769409179688 0.00276756286621094 -0.0191879272460938
0.0198459625244141 0.0149364471435547 -0.0149307250976563 -0.0876922607421875
0.0389480590820313 0.0784454345703125 -0.040191650390625 -0.118797302246094
0.0568428039550781 0.0446815490722656 -0.052734375 -0.0723648071289063
0.0720672607421875 -0.0102005004882813 -0.0241737365722656 -0.0460166931152344
0.0376091003417969 -0.0453376770019531 -0.0331916809082031 -0.0568466186523437
-0.00444030761718749 -0.0627555847167969 -0.0512657165527344 -0.0614585876464844
-0.0487060546875 -0.0396766662597656 -0.0897369384765625 -0.0409164428710937
-0.0737228393554688 -0.0186538696289062 -0.107109069824219 -0.0135726928710938
-0.0695648193359375 -0.0355148315429688 -0.0931396484375 -0.0153427124023437
-0.074127197265625 -0.0360488891601562 -0.0997161865234375 -0.0359420776367188
-0.0458869934082031 -0.0652236938476562 -0.0731582641601562 -0.0664825439453125
0.0025787353515625 -0.07867431640625 -0.0208587646484375 -0.0757598876953125
0.052001953125 -0.0602531433105469 0.0154800415039063 -0.0673255920410156
0.0777511596679688 -0.00336456298828125 0.0363082885742188 -0.0265045166015625
0.0587921142578125 0.0302963256835938 -0.00318336486816406 -0.0218544006347656
0.0368919372558594 0.0627861022949219 -0.0194091796875 -0.0797500610351563
0.053375244140625 0.120559692382813 -0.0198745727539062 -0.091461181640625
0.084869384765625 0.0741958618164063 -0.0301475524902344 -0.0606842041015625
0.119667053222656 -0.010589599609375 -0.00953292846679686 -0.0414581298828125
0.0689239501953125 -0.07568359375 -0.0199050903320313 -0.046417236328125
0.00121307373046876 -0.107582092285156 -0.02801513671875 -0.0495262145996094
-0.0737762451171875 -0.0752639770507813 -0.06005859375 -0.0305252075195313
-0.108650207519531 -0.0380477905273438 -0.0722274780273438 -0.00951385498046875
-0.103889465332031 -0.0555191040039063 -0.0568084716796875 -0.00742340087890625
-0.112648010253906 -0.0518341064453125 -0.0659942626953125 -0.0187530517578125
-0.0752334594726563 -0.0890121459960938 -0.05316162109375 -0.0347976684570313
-0.0120697021484375 -0.115638732910156 -0.0194129943847656 -0.0446205139160156
0.0629806518554688 -0.0960922241210938 -0.00156784057617188 -0.0478973388671875
0.118072509765625 -0.014312744140625 0.0166778564453125 -0.0203132629394531
0.0941009521484375 0.0450973510742187 -0.00847530364990234 -0.0169210433959961
0.0591049194335938 0.101455688476562 -0.0204925537109375 -0.0577201843261719
0.051788330078125 0.143753051757813 -5.72204589843663E-05 -0.0510330200195312
0.0891647338867188 0.0963668823242187 -0.00790023803710937 -0.0407638549804687
0.1453857421875 0.002685546875 -0.000806808471679679 -0.0283794403076172
0.0950927734375 -0.0836029052734375 -0.0117721557617187 -0.0230541229248047
0.0175323486328125 -0.131889343261719 -0.00524711608886718 -0.0212669372558594
-0.0796432495117188 -0.101509094238281 -0.0225028991699219 -0.00757789611816407
-0.124588012695312 -0.0537261962890625 -0.0258674621582031 -0.000173568725585941
-0.121734619140625 -0.0663833618164062 -0.0118951797485352 0.0017242431640625
-0.135871887207031 -0.0571060180664063 -0.0211963653564453 -0.00342369079589844
-0.0983200073242187 -0.095306396484375 -0.019073486328125 -0.00445175170898438
-0.033447265625 -0.135368347167969 -0.00281906127929688 -0.0118188858032227
0.0565643310546875 -0.121940612792969 -0.00385093688964843 -0.0188179016113281
0.141586303710938 -0.032470703125 0.00744628906250001 -0.00199937820434571
0.123764038085938 0.0483245849609375 -0.00339722633361816 -0.00291824340820312
0.0781021118164063 0.124343872070313 -0.0141639709472656 -0.0223445892333984
0.0407257080078125 0.1419677734375 0.0136842727661133 -0.00700283050537109
0.0729522705078125 0.100784301757813 0.00486373901367188 -0.0182056427001953
0.138481140136719 0.0212936401367188 -0.00574302673339843 -0.0119609832763672
0.103080749511719 -0.0692367553710938 -0.0158357620239258 0.00719547271728515
0.03302001953125 -0.128044128417969 0.00708770751953125 0.0178432464599609
-0.0685501098632813 -0.110282897949219 0.0136756896972656 0.0255470275878906
-0.118698120117187 -0.061492919921875 0.0244197845458984 0.0144901275634766
-0.12109375 -0.0676040649414062 0.0343399047851562 0.0105495452880859
-0.138877868652344 -0.0540542602539063 0.0265369415283203 0.00692367553710937
-0.106040954589844 -0.0880203247070313 0.0224437713623047 0.017181396484375
-0.0467147827148438 -0.133384704589844 0.0236339569091797 0.0127143859863281
0.0425567626953125 -0.128265380859375 0.00824546813964844 0.00781631469726562
0.14288330078125 -0.045257568359375 0.0124759674072266 0.0185565948486328
0.134735107421875 0.0435638427734375 0.013371467590332 0.0156221389770508
0.088104248046875 0.127372741699219 4.38690185546937E-05 0.0196113586425781
0.0252761840820312 0.117805480957031 0.0196094512939453 0.0343799591064453
0.0475082397460937 0.08624267578125 0.00655031204223633 0.00127840042114258
0.105514526367188 0.0322952270507813 -0.0221214294433594 -0.000102996826171869
0.0868301391601563 -0.043487548828125 -0.0315437316894531 0.0338077545166016
0.0384140014648438 -0.09930419921875 0.00662612915039063 0.0560951232910156
-0.0482635498046875 -0.0965728759765625 0.0404014587402344 0.0608673095703125
-0.0945663452148437 -0.0565109252929688 0.0687484741210938 0.0321159362792969
-0.102630615234375 -0.0589141845703125 0.0751876831054688 0.0183563232421875
-0.121208190917969 -0.0469131469726563 0.0703125 0.0123062133789062
-0.0948104858398437 -0.0727310180664063 0.0620994567871094 0.0311660766601562
-0.0467758178710937 -0.114570617675781 0.0503768920898438 0.0287818908691406
0.0303421020507812 -0.112869262695312 0.0261287689208984 0.0270004272460937
0.124404907226563 -0.0444412231445313 0.0263347625732422 0.0346202850341797
0.122200012207031 0.0359725952148438 0.0380172729492188 0.0339508056640625
0.0811920166015625 0.112319946289063 0.0190200805664063 0.0619239807128906
0.0120086669921875 0.0772628784179688 0.0210456848144531 0.0648422241210938
0.0235366821289063 0.0579719543457031 0.00446510314941406 0.0132007598876953
0.061065673828125 0.0292282104492187 -0.0405120849609375 0.00572204589843751
0.0534248352050781 -0.018310546875 -0.0484504699707031 0.0525054931640625
0.0283737182617187 -0.0573959350585938 0.000595092773437499 0.0842819213867188
-0.0261993408203125 -0.0640907287597656 0.0578689575195313 0.087371826171875
-0.0581169128417969 -0.0400657653808594 0.101554870605469 0.0462722778320312
-0.0680160522460938 -0.0412254333496094 0.104743957519531 0.0234603881835937
-0.0844268798828125 -0.0349655151367188 0.104339599609375 0.015472412109375
-0.0673179626464844 -0.0522575378417969 0.0926971435546875 0.0382232666015625
-0.0343551635742187 -0.0831680297851563 0.0698623657226563 0.03961181640625
0.0200958251953125 -0.0812911987304688 0.0418930053710938 0.0405616760253906
0.089508056640625 -0.0324325561523438 0.039276123046875 0.0452766418457031
0.0878982543945313 0.0260772705078125 0.0598258972167969 0.0503082275390625
0.0581130981445313 0.079864501953125 0.0361785888671875 0.0978240966796875
-0.0269927978515625 -0.0312423706054687 -0.0542831420898437 -0.122734069824219
-0.0399208068847656 -0.00942993164062501 -0.0694732666015625 -0.0689849853515625
-0.0370674133300781 0.0257415771484375 -0.0427513122558594 -0.0369110107421875
-0.00624847412109375 0.0421638488769531 -0.044708251953125 -0.0517425537109375
0.0167198181152344 0.0397415161132813 -0.0710067749023438 -0.0530624389648438
0.0338039398193359 0.0231342315673828 -0.103858947753906 -0.03985595703125
0.0281887054443359 0.0142364501953125 -0.124099731445312 -0.014190673828125
0.0241222381591797 0.0163078308105469 -0.119049072265625 -0.0242843627929688
0.0205459594726563 0.0189361572265625 -0.117897033691406 -0.0538101196289062
0.0023345947265625 0.0178661346435547 -0.0727615356445313 -0.098175048828125
-0.0101661682128906 0.0134048461914063 -0.00611114501953124 -0.100746154785156
-0.0166263580322266 -0.00346946716308594 0.045928955078125 -0.065887451171875
-0.0117759704589844 -0.0236759185791016 0.0568351745605469 -0.0134048461914063
0.00494766235351563 -0.0278968811035156 0.00368213653564453 -0.0143928527832031
0.00691986083984375 -0.0364494323730469 -0.011749267578125 -0.0826034545898438
0.0109634399414062 0.0248813629150391 -0.05328369140625 -0.129348754882813
0.0119876861572266 0.0150861740112305 -0.0678939819335938 -0.0744705200195313
0.0160198211669922 0.00395870208740234 -0.0374908447265625 -0.0437889099121094
0.0111894607543945 -0.00263118743896484 -0.0429840087890625 -0.0569992065429688
0.0019989013671875 -0.0103597640991211 -0.0666465759277344 -0.0610694885253906
-0.0101127624511719 -0.00593948364257813 -0.105270385742188 -0.0427474975585937
-0.0251312255859375 -0.000686645507812502 -0.125823974609375 -0.0148162841796875
-0.0242862701416016 -0.0104007720947266 -0.115364074707031 -0.0220565795898438
-0.0276145935058594 -0.0112018585205078 -0.117782592773438 -0.0495376586914062
-0.0185508728027344 -0.0272140502929687 -0.0782012939453125 -0.0913543701171875
0.00252151489257812 -0.0330677032470703 -0.0125885009765625 -0.0970840454101562
0.0238189697265625 -0.0274486541748047 0.03619384765625 -0.0727767944335937
0.031982421875 -0.00710487365722656 0.052947998046875 -0.0208892822265625
0.0281486511230469 0.00387382507324219 0.0023193359375 -0.0195045471191406
0.0199604034423828 0.0151824951171875 -0.0151443481445312 -0.0879364013671875
0.0393600463867188 0.0786285400390625 -0.040771484375 -0.118766784667969
0.0571327209472656 0.0447235107421875 -0.05316162109375 -0.0722732543945313
0.0723037719726563 -0.0101776123046875 -0.0238456726074219 -0.0462379455566406
0.0377159118652344 -0.0457801818847656 -0.0327377319335938 -0.0574417114257812
-0.00500488281250001 -0.0629844665527344 -0.0509300231933594 -0.0619163513183594
-0.0492973327636719 -0.0406227111816406 -0.0899810791015625 -0.0414581298828125
-0.0739288330078125 -0.0185546875 -0.1082763671875 -0.0135498046875
-0.0700798034667969 -0.0355110168457031 -0.0938262939453125 -0.0158462524414063
-0.0749588012695313 -0.0366744995117188 -0.100257873535156 -0.036102294921875
-0.0458908081054688 -0.0655593872070313 -0.0735092163085938 -0.0672454833984375
0.00229644775390625 -0.0794601440429688 -0.0212631225585938 -0.0762786865234375
0.0526161193847656 -0.0606689453125 0.0149955749511719 -0.0678901672363281
0.0783615112304688 -0.00341796875 0.0363922119140625 -0.0268783569335938
0.0593681335449219 0.0303993225097656 -0.00345039367675781 -0.0219573974609375
0.0372657775878906 0.0633010864257813 -0.01910400390625 -0.0803680419921875
0.0537872314453125 0.121185302734375 -0.0206985473632813 -0.0919952392578125
0.085479736328125 0.0750732421875 -0.0303497314453125 -0.060760498046875
0.120651245117188 -0.010894775390625 -0.00961685180664062 -0.041839599609375
0.069549560546875 -0.0761032104492188 -0.0199851989746094 -0.0467910766601563
0.0013885498046875 -0.108451843261719 -0.0279502868652344 -0.0496177673339844
-0.0741424560546875 -0.0756072998046875 -0.0603065490722656 -0.030548095703125
-0.109596252441406 -0.0380477905273438 -0.072906494140625 -0.00980377197265626
-0.104728698730469 -0.0552291870117188 -0.0573616027832031 -0.0075225830078125
-0.113090515136719 -0.0523300170898438 -0.0665321350097656 -0.0188140869140625
-0.0751190185546875 -0.089202880859375 -0.0536346435546875 -0.0346221923828125
-0.0122756958007812 -0.116813659667969 -0.0195846557617188 -0.0444259643554688
0.0632476806640625 -0.0968170166015625 -0.00192642211914062 -0.0477218627929688
0.11895751953125 -0.0146026611328125 0.0167121887207031 -0.020477294921875
0.0944442749023438 0.0451583862304688 -0.00821876525878906 -0.0172052383422852
0.0591049194335938 0.101890563964844 -0.0203361511230469 -0.0572280883789062
0.0525360107421875 0.144821166992188 6.1035156250003E-05 -0.0514984130859375
0.0902252197265625 0.0969085693359375 -0.00796890258789062 -0.0407066345214844
0.146514892578125 0.0025634765625 -0.000799179077148427 -0.0286445617675781
0.0955581665039063 -0.0850143432617188 -0.0116100311279297 -0.0233783721923828
0.0172958374023438 -0.133087158203125 -0.00547981262207031 -0.0215263366699219
-0.0798263549804688 -0.102165222167969 -0.0222949981689453 -0.00752449035644531
-0.125106811523438 -0.0545272827148438 -0.025665283203125 0.000106811523437494
-0.122695922851562 -0.0668563842773437 -0.0115718841552734 0.00197410583496093
-0.136756896972656 -0.057373046875 -0.0213356018066406 -0.00338172912597657
-0.0990219116210938 -0.0957717895507813 -0.0189990997314453 -0.00423240661621095
-0.0332489013671875 -0.135787963867188 -0.00297164916992188 -0.0117015838623047
0.0568389892578125 -0.123390197753906 -0.00464248657226562 -0.0187244415283203
0.1427001953125 -0.033233642578125 0.00719594955444337 -0.00241708755493164
0.124305725097656 0.048736572265625 -0.00374054908752441 -0.00311636924743652
0.0794906616210937 0.124961853027344 -0.0145282745361328 -0.0231037139892578
0.0414276123046875 0.142562866210937 0.0138483047485352 -0.00701618194580077
0.0737991333007813 0.101318359375 0.00459098815917969 -0.0177822113037109
0.139991760253906 0.0212936401367188 -0.00595760345458983 -0.0121774673461914
0.103752136230469 -0.069732666015625 -0.0160531997680664 0.00710010528564453
0.033172607421875 -0.12896728515625 0.007110595703125 0.0179443359375
-0.0687408447265625 -0.11114501953125 0.0137519836425781 0.0257301330566406
-0.11920166015625 -0.06170654296875 0.0244941711425781 0.0149135589599609
-0.122245788574219 -0.0686416625976563 0.0345096588134766 0.0108489990234375
-0.139785766601563 -0.0546112060546875 0.0262680053710937 0.00707054138183593
-0.106216430664062 -0.08837890625 0.0223369598388672 0.0178565979003906
-0.04730224609375 -0.134193420410156 0.0236377716064453 0.0126876831054687
0.0423507690429687 -0.129241943359375 0.00804233551025391 0.00804424285888671
0.144058227539063 -0.046051025390625 0.0124969482421875 0.0184650421142578
0.1353759765625 0.0437393188476563 0.0133218765258789 0.0153493881225586
0.089019775390625 0.128608703613281 0.000417709350585942 0.0195350646972656
0.02606201171875 0.117935180664063 0.0195178985595703 0.0347862243652344
0.0476837158203125 0.0865936279296875 0.0070033073425293 0.00175523757934571
0.106491088867188 0.0317001342773438 -0.0221328735351562 -0.000135421752929681
0.0877304077148438 -0.0435333251953125 -0.0314693450927734 0.0343208312988281
0.038665771484375 -0.0999526977539063 0.00646209716796876 0.0562591552734375
-0.0483627319335938 -0.0972976684570312 0.0403327941894531 0.0609397888183594
-0.09490966796875 -0.0570831298828125 0.0694541931152344 0.0324020385742187
-0.102996826171875 -0.0595932006835938 0.0758590698242188 0.0184249877929687
-0.121681213378906 -0.0466842651367188 0.0707244873046875 0.0125503540039062
-0.0952377319335938 -0.0729217529296875 0.0623741149902344 0.0307464599609375
-0.047210693359375 -0.115242004394531 0.0506134033203125 0.0289497375488281
0.03021240234375 -0.113410949707031 0.0260715484619141 0.0275478363037109
0.125541687011719 -0.0450439453125 0.0262413024902344 0.0345287322998047
0.123153686523438 0.0360794067382813 0.0378837585449219 0.033782958984375
0.0821609497070313 0.112831115722656 0.0192146301269531 0.0620841979980469
0.01220703125 0.0778579711914063 0.0215072631835938 0.0653495788574219
0.023345947265625 0.058380126953125 0.00478839874267578 0.0133275985717773
0.0614051818847656 0.0290603637695313 -0.0410194396972656 0.00547409057617187
0.0540428161621094 -0.0184555053710938 -0.0486526489257813 0.0525665283203125
0.0281524658203125 -0.0577659606933594 0.000144958496093753 0.0845794677734375
-0.026580810546875 -0.0642356872558594 0.0578689575195313 0.0878982543945313
-0.0584068298339844 -0.040374755859375 0.102043151855469 0.0468902587890625
-0.0682601928710938 -0.0417518615722656 0.105682373046875 0.0244064331054687
-0.0852508544921875 -0.0348663330078125 0.104354858398438 0.0155487060546875
-0.0675697326660156 -0.0525360107421875 0.0931320190429688 0.0388870239257813
-0.03460693359375 -0.0832443237304687 0.0700111389160156 0.0395393371582031
0.0203781127929688 -0.0816421508789063 0.0416946411132813 0.0409736633300781
0.0902862548828125 -0.033111572265625 0.0398712158203125 0.0452613830566406
0.088897705078125 0.026275634765625 0.0599746704101563 0.0505409240722656
0.0587692260742188 0.0810317993164063 0.0364227294921875 0.0981903076171875
-0.0267524719238281 -0.0309009552001953 -0.0549468994140625 -0.123519897460937
-0.0399436950683594 -0.0093231201171875 -0.070343017578125 -0.0694427490234375
-0.0375328063964844 0.0257797241210938 -0.0431365966796875 -0.0371856689453125
-0.00615310668945312 0.0423622131347656 -0.0448493957519531 -0.0521087646484375
0.0173149108886719 0.0399856567382813 -0.0709228515625 -0.0536041259765625
0.0339527130126953 0.0227584838867187 -0.104949951171875 -0.0404586791992188
0.0289115905761719 0.0142173767089844 -0.124969482421875 -0.014617919921875
0.02471923828125 0.0165023803710937 -0.119903564453125 -0.0245895385742188
0.0209579467773438 0.0193367004394531 -0.118698120117187 -0.05426025390625
0.00275802612304688 0.0177116394042969 -0.0736160278320313 -0.0990447998046875
-0.0103178024291992 0.0135984420776367 -0.00628662109375001 -0.101486206054688
-0.0171632766723633 -0.00337505340576171 0.0463790893554688 -0.0663414001464844
-0.0123882293701172 -0.0240707397460938 0.0569686889648438 -0.01361083984375
0.00451469421386719 -0.0284404754638672 0.00303363800048828 -0.0143489837646484
0.00702667236328125 -0.0364761352539063 -0.0118637084960937 -0.08294677734375
0.0113716125488281 0.024871826171875 -0.0537567138671875 -0.130386352539063
0.0116434097290039 0.0148038864135742 -0.0686111450195313 -0.0745773315429687
0.0158615112304688 0.00367069244384766 -0.0373802185058594 -0.0440826416015625
0.0113430023193359 -0.00272560119628906 -0.0434608459472656 -0.05755615234375
0.00200271606445313 -0.0105314254760742 -0.0673103332519531 -0.0611457824707031
-0.0103416442871094 -0.00592803955078125 -0.10595703125 -0.0430374145507812
-0.0250110626220703 -0.000497817993164067 -0.126762390136719 -0.014556884765625
-0.0249404907226563 -0.0103187561035156 -0.116462707519531 -0.0222702026367187
-0.0277023315429687 -0.0114860534667969 -0.118576049804688 -0.0500030517578125
-0.0184993743896484 -0.0277805328369141 -0.0782241821289063 -0.0918502807617188
0.00305938720703125 -0.0333099365234375 -0.0126800537109375 -0.0975418090820313
0.0236225128173828 -0.0281867980957031 0.0361480712890625 -0.0730743408203125
0.0318450927734375 -0.00693893432617187 0.0534515380859375 -0.0210342407226563
0.0282249450683594 0.0038604736328125 0.00239372253417969 -0.0192317962646484
0.0202198028564453 0.0149269104003906 -0.0151824951171875 -0.0879974365234375
0.0399017333984375 0.0785980224609375 -0.0413589477539063 -0.119735717773438
0.0574417114257813 0.0447769165039062 -0.0536575317382812 -0.0723419189453125
0.072723388671875 -0.0107498168945313 -0.0243072509765625 -0.0470008850097656
0.0378684997558594 -0.0462608337402344 -0.033172607421875 -0.0581130981445312
-0.00481414794921875 -0.0635910034179687 -0.0517578125 -0.0625686645507813
-0.0494117736816406 -0.0405082702636719 -0.09039306640625 -0.041717529296875
-0.0747299194335938 -0.0186767578125 -0.108612060546875 -0.0136642456054687
-0.070770263671875 -0.03631591796875 -0.0946044921875 -0.0161285400390625
-0.0749130249023438 -0.0366592407226562 -0.101081848144531 -0.0363845825195313
-0.0462226867675781 -0.0656089782714844 -0.07403564453125 -0.0675811767578125
0.00243377685546876 -0.0798416137695313 -0.0214920043945312 -0.07684326171875
0.0531196594238281 -0.0610389709472656 0.0149307250976563 -0.068603515625
0.078887939453125 -0.0033721923828125 0.0364303588867188 -0.0270004272460938
0.0594863891601562 0.03076171875 -0.00354957580566406 -0.0221977233886719
0.0377044677734375 0.0635147094726563 -0.019561767578125 -0.080474853515625
0.0546798706054687 0.121894836425781 -0.021087646484375 -0.092376708984375
0.0868301391601563 0.075225830078125 -0.0308189392089844 -0.060791015625
0.121925354003906 -0.0112380981445313 -0.00909805297851562 -0.0423507690429688
0.0698928833007813 -0.0766677856445313 -0.0200004577636719 -0.0470809936523438
0.000770568847656251 -0.109169006347656 -0.0284309387207031 -0.0500106811523437
-0.0746536254882813 -0.0758209228515625 -0.0603179931640625 -0.0313682556152344
-0.110313415527344 -0.0381851196289062 -0.0729293823242187 -0.0101242065429687
-0.105812072753906 -0.0564956665039063 -0.0576324462890625 -0.00749206542968751
-0.113998413085937 -0.052215576171875 -0.0674476623535156 -0.01873779296875
-0.0763626098632812 -0.08978271484375 -0.0540695190429688 -0.0347747802734375
-0.0124893188476562 -0.11700439453125 -0.0200080871582031 -0.0449600219726563
0.063720703125 -0.0977020263671875 -0.00275039672851562 -0.04827880859375
0.119651794433594 -0.0152664184570313 0.0170021057128906 -0.0207424163818359
0.0955352783203125 0.0457000732421875 -0.00877285003662109 -0.017329216003418
0.0601119995117187 0.102554321289063 -0.0205917358398437 -0.0580596923828125
0.0533905029296875 0.145401000976562 -0.000370025634765627 -0.0521163940429687
0.0912551879882813 0.0976409912109375 -0.00836944580078125 -0.0407829284667969
0.14801025390625 0.002044677734375 -0.000850677490234366 -0.0291996002197266
0.095977783203125 -0.0854110717773438 -0.0115680694580078 -0.0234889984130859
0.017181396484375 -0.134223937988281 -0.00536918640136719 -0.0217533111572266
-0.0804367065429688 -0.102561950683594 -0.0222530364990234 -0.00762939453125001
-0.125823974609375 -0.05462646484375 -0.0260543823242188 -7.05718994140665E-05
-0.123977661132813 -0.0677566528320312 -0.0123348236083984 0.00165939331054687
-0.137977600097656 -0.0575408935546875 -0.0215110778808594 -0.00360298156738282
-0.100067138671875 -0.0963668823242188 -0.019439697265625 -0.00423622131347657
-0.0339889526367187 -0.136962890625 -0.00287914276123047 -0.01177978515625
0.057220458984375 -0.124168395996094 -0.00517845153808594 -0.0185585021972656
0.144302368164062 -0.033172607421875 0.00718688964843751 -0.00261926651000977
0.125442504882813 0.0491561889648438 -0.00385093688964843 -0.00324940681457519
0.0801162719726563 0.125930786132813 -0.0145282745361328 -0.0227184295654297
0.041656494140625 0.143173217773438 0.0135698318481445 -0.0071735382080078
0.0745773315429688 0.1024169921875 0.00471687316894532 -0.0178451538085937
0.14117431640625 0.02069091796875 -0.0061807632446289 -0.0127954483032227
0.104324340820313 -0.0704269409179688 -0.0157985687255859 0.00726890563964843
0.0331497192382812 -0.129714965820313 0.00732421875 0.0177707672119141
-0.0693359375 -0.1114501953125 0.0138397216796875 0.0255413055419922
-0.119956970214844 -0.0622634887695313 0.02447509765625 0.0149364471435547
-0.123237609863281 -0.0688934326171875 0.0348987579345703 0.0107936859130859
-0.141098022460938 -0.0550994873046875 0.0268802642822266 0.00726509094238281
-0.107376098632813 -0.0891189575195313 0.0227832794189453 0.0179920196533203
-0.0481491088867187 -0.135208129882813 0.0238132476806641 0.0130729675292969
0.04339599609375 -0.130477905273438 0.00745153427124024 0.00812625885009765
0.145675659179688 -0.04693603515625 0.0122699737548828 0.0184078216552734
0.136932373046875 0.044342041015625 0.0132865905761719 0.0149478912353516
0.090057373046875 0.12933349609375 0.000478744506835944 0.0195274353027344
0.0264816284179688 0.118911743164062 0.0198879241943359 0.0346546173095703
0.0489578247070313 0.0875778198242187 0.00687503814697266 0.00164079666137696
0.107376098632812 0.0319290161132813 -0.0226287841796875 -0.000495910644531245
0.088592529296875 -0.0441360473632813 -0.0314388275146484 0.0344581604003906
0.0384521484375 -0.100807189941406 0.00661087036132813 0.0565376281738281
-0.048614501953125 -0.09808349609375 0.0410499572753906 0.0614814758300781
-0.0957107543945313 -0.0577163696289063 0.06939697265625 0.0328903198242187
-0.10400390625 -0.0600357055664063 0.0762863159179688 0.0188522338867188
-0.122688293457031 -0.0470733642578125 0.0714492797851562 0.0128936767578125
-0.0963363647460938 -0.073577880859375 0.0631904602050781 0.0313224792480469
-0.04779052734375 -0.116325378417969 0.0508079528808594 0.0291481018066406
0.0308990478515625 -0.114593505859375 0.025848388671875 0.0278339385986328
0.126640319824219 -0.0454177856445312 0.0264682769775391 0.0348472595214844
0.124320983886719 0.0367813110351563 0.0379600524902344 0.0336570739746094
0.0831832885742187 0.113914489746094 0.0196533203125 0.0623397827148438
0.0125274658203125 0.07843017578125 0.0219841003417969 0.0657615661621094
0.0240211486816406 0.0588722229003906 0.00496864318847656 0.0134010314941406
0.0620880126953125 0.0290451049804688 -0.0411758422851562 0.00540542602539062
0.0546684265136719 -0.0189018249511719 -0.0484428405761719 0.0531005859375
0.0281639099121094 -0.0578956604003906 0.000328063964843753 0.0850067138671875
-0.0267219543457031 -0.0650138854980469 0.0585556030273437 0.0885162353515625
-0.0585517883300781 -0.0406417846679688 0.102996826171875 0.047271728515625
-0.0690498352050781 -0.0416221618652344 0.106658935546875 0.02459716796875
-0.0859298706054688 -0.0349197387695313 0.1051025390625 0.0159759521484375
-0.0682868957519531 -0.0529060363769531 0.0940093994140625 0.0393447875976563
-0.034637451171875 -0.0841293334960937 0.0704727172851563 0.0402297973632812
0.020172119140625 -0.0825347900390625 0.0419387817382813 0.0413284301757812
0.0909805297851563 -0.0334701538085938 0.0400428771972656 0.0455093383789062
0.0893630981445313 0.0266189575195313 0.0606918334960938 0.0501251220703125
0.0593109130859375 0.0815200805664063 0.0374374389648438 0.0990066528320312
-0.0269508361816406 -0.0317440032958984 -0.0557632446289063 -0.124443054199219
-0.0405769348144531 -0.00967025756835938 -0.0708541870117187 -0.0697402954101563
-0.03802490234375 0.0262985229492187 -0.0430374145507813 -0.0378227233886719
-0.0062408447265625 0.0429344177246094 -0.0455474853515625 -0.0524063110351563
0.0176658630371094 0.0401420593261719 -0.0718536376953125 -0.0540618896484375
0.0342998504638672 0.0230464935302734 -0.105949401855469 -0.04095458984375
0.0290870666503906 0.0140857696533203 -0.126182556152344 -0.0149154663085937
0.0248394012451172 0.0162563323974609 -0.121368408203125 -0.024749755859375
0.0209007263183594 0.0188465118408203 -0.119720458984375 -0.054290771484375
0.00275802612304687 0.0181674957275391 -0.0743484497070313 -0.099395751953125
-0.010167121887207 0.013707160949707 -0.00666046142578126 -0.102188110351562
-0.0172281265258789 -0.00337696075439453 0.0467720031738281 -0.0669593811035156
-0.0126914978027344 -0.0240821838378906 0.0575294494628906 -0.0134811401367188
0.00469970703125 -0.0289897918701172 0.00298404693603516 -0.0143966674804688
0.00667572021484375 -0.037109375 -0.0121841430664062 -0.0829696655273438
0.0113391876220703 0.0248870849609375 -0.0550460815429688 -0.131401062011719
0.0125198364257813 0.0149250030517578 -0.0696792602539062 -0.0753555297851562
0.0159816741943359 0.00311756134033203 -0.037872314453125 -0.0448722839355469
0.0116405487060547 -0.00287818908691406 -0.0436515808105469 -0.0580863952636719
0.00193500518798828 -0.0106821060180664 -0.06756591796875 -0.061798095703125
-0.0102272033691406 -0.00580596923828125 -0.106559753417969 -0.0438766479492187
-0.0252246856689453 -0.000566482543945308 -0.128150939941406 -0.0149688720703125
-0.0249881744384766 -0.0107936859130859 -0.117752075195313 -0.02276611328125
-0.0278987884521484 -0.0114688873291016 -0.119888305664063 -0.0505218505859375
-0.0186958312988281 -0.0277996063232422 -0.0797042846679688 -0.0924453735351562
0.00273895263671875 -0.0333309173583984 -0.0130386352539062 -0.0983352661132813
0.0239448547363281 -0.0280990600585938 0.0365142822265625 -0.07391357421875
0.0325088500976563 -0.00685882568359375 0.0537910461425781 -0.0212593078613281
0.0287914276123047 0.00399017333984375 0.00246810913085938 -0.0191268920898438
0.0202007293701172 0.0148849487304688 -0.0157241821289063 -0.0886154174804688
0.041168212890625 0.079498291015625 -0.0420989990234375 -0.121231079101563
0.0587158203125 0.0455894470214844 -0.0545120239257813 -0.0729141235351563
0.0735702514648438 -0.01104736328125 -0.0242691040039062 -0.0475082397460937
0.0383720397949219 -0.0467529296875 -0.0334968566894531 -0.0583839416503906
-0.00526809692382813 -0.0644340515136719 -0.0521812438964844 -0.0631828308105469
-0.0498504638671875 -0.0408172607421875 -0.091156005859375 -0.0424957275390625
-0.075408935546875 -0.018768310546875 -0.110076904296875 -0.0139694213867187
-0.0714187622070313 -0.0363845825195313 -0.0953750610351563 -0.0166091918945313
-0.075653076171875 -0.036895751953125 -0.102005004882813 -0.036712646484375
-0.0467262268066406 -0.0668678283691406 -0.0746688842773437 -0.0677108764648438
0.00236511230468751 -0.0804901123046875 -0.021881103515625 -0.0776138305664063
0.053314208984375 -0.0615386962890625 0.014617919921875 -0.0690956115722656
0.0796432495117188 -0.00371551513671875 0.0369453430175781 -0.027069091796875
0.0599288940429687 0.0310020446777344 -0.00395584106445312 -0.0219764709472656
0.0389442443847656 0.0641059875488281 -0.0203323364257813 -0.0808563232421875
0.055999755859375 0.122894287109375 -0.021484375 -0.0931854248046875
0.0880661010742187 0.0760421752929688 -0.0314483642578125 -0.06109619140625
0.122940063476563 -0.0123214721679688 -0.00940704345703124 -0.0428733825683594
0.07012939453125 -0.0776901245117188 -0.0200233459472656 -0.0476493835449219
0.000656127929687494 -0.110794067382813 -0.0284843444824219 -0.0508346557617188
-0.0757217407226563 -0.0765533447265625 -0.0609397888183594 -0.0315818786621094
-0.111595153808594 -0.038360595703125 -0.0743331909179688 -0.00981140136718748
-0.106704711914063 -0.0567092895507813 -0.0582008361816406 -0.00770187377929688
-0.115180969238281 -0.0528640747070313 -0.0674018859863281 -0.0188102722167969
-0.0771026611328125 -0.0904541015625 -0.0547409057617188 -0.0352058410644531
-0.0127334594726563 -0.118568420410156 -0.0204238891601563 -0.0451164245605469
0.064239501953125 -0.0987625122070313 -0.003570556640625 -0.0479583740234375
0.121109008789063 -0.015472412109375 0.01678466796875 -0.0210723876953125
0.097015380859375 0.0460281372070313 -0.00891304016113281 -0.0178375244140625
0.0612335205078125 0.103858947753906 -0.0210304260253906 -0.0584068298339844
0.0546112060546875 0.146453857421875 -0.000301361083984366 -0.0523452758789062
0.09295654296875 0.0980606079101562 -0.00849914550781249 -0.0406036376953125
0.149505615234375 0.001739501953125 -0.00115585327148437 -0.0288219451904297
0.0970535278320312 -0.0867538452148437 -0.0119037628173828 -0.0240345001220703
0.0169601440429688 -0.135505676269531 -0.00560569763183594 -0.0218505859375
-0.0813827514648438 -0.103828430175781 -0.0225925445556641 -0.00779151916503907
-0.126846313476563 -0.054656982421875 -0.0260391235351563 -0.000116348266601571
-0.125518798828125 -0.0682220458984375 -0.0120162963867188 0.00176715850830078
-0.138992309570313 -0.0579681396484375 -0.0219306945800781 -0.00347518920898437
-0.100852966308594 -0.0970916748046875 -0.0197391510009766 -0.00439834594726563
-0.0343704223632812 -0.138191223144531 -0.0030660629272461 -0.0117406845092774
0.0574722290039062 -0.125846862792969 -0.00547981262207031 -0.0188045501708984
0.14569091796875 -0.034393310546875 0.00715684890747071 -0.00269031524658203
0.126785278320313 0.049346923828125 -0.00427579879760741 -0.00362467765808105
0.081695556640625 0.126930236816406 -0.0146503448486328 -0.0230255126953125
0.042938232421875 0.144882202148438 0.0139093399047852 -0.00728511810302734
0.075775146484375 0.103218078613281 0.00456237792968751 -0.0174732208251953
0.142822265625 0.0209197998046875 -0.0058755874633789 -0.0128517150878906
0.105522155761719 -0.071197509765625 -0.0159997940063477 0.00716972351074218
0.0331878662109375 -0.131195068359375 0.00715255737304688 0.0178050994873047
-0.0700912475585937 -0.112701416015625 0.0142116546630859 0.0260124206542969
-0.121261596679687 -0.0623245239257813 0.0245857238769531 0.015228271484375
-0.124984741210938 -0.0695266723632812 0.0348300933837891 0.0109577178955078
-0.142288208007813 -0.055084228515625 0.0267906188964844 0.00741386413574218
-0.108573913574219 -0.0896987915039063 0.0230312347412109 0.0181446075439453
-0.0486984252929688 -0.136344909667969 0.0241107940673828 0.0130157470703125
0.0434112548828125 -0.131988525390625 0.00714397430419922 0.00835371017456054
0.14703369140625 -0.047607421875 0.0124721527099609 0.0185050964355469
0.138145446777344 0.0442886352539063 0.0132980346679688 0.0151872634887695
0.091400146484375 0.130538940429688 0.00049972534179688 0.0197105407714844
0.027008056640625 0.119499206542969 0.0203170776367188 0.0351200103759766
0.0493850708007813 0.0881423950195313 0.00739240646362305 0.00205516815185547
0.108840942382813 0.0315628051757813 -0.0227756500244141 -0.000329971313476557
0.0893936157226563 -0.0445175170898438 -0.0317325592041016 0.0348434448242188
0.0385055541992187 -0.101860046386719 0.00670242309570312 0.0571327209472656
-0.0490951538085938 -0.0988006591796875 0.0413284301757813 0.0617713928222656
-0.0965118408203125 -0.0581817626953125 0.0702056884765625 0.03302001953125
-0.105491638183594 -0.0603408813476563 0.0768051147460937 0.018951416015625
-0.124046325683594 -0.0470428466796875 0.0719985961914062 0.012908935546875
-0.0970306396484375 -0.0740509033203125 0.0634307861328125 0.0315055847167969
-0.0486602783203125 -0.117088317871094 0.0512733459472656 0.0294113159179687
0.0311050415039063 -0.116203308105469 0.0256919860839844 0.0282669067382812
0.128105163574219 -0.0465469360351562 0.02679443359375 0.0347099304199219
0.125869750976563 0.0368881225585938 0.0384597778320313 0.0336723327636719
0.0847854614257813 0.115150451660156 0.0200462341308594 0.0625114440917969
0.0127029418945312 0.0789108276367188 0.0222930908203125 0.0661087036132813
0.0244522094726563 0.059417724609375 0.00522041320800782 0.0135364532470703
0.0632286071777344 0.0290145874023438 -0.0412139892578125 0.00558853149414062
0.0553359985351563 -0.0192527770996094 -0.0489921569824219 0.053619384765625
0.0283775329589844 -0.0588951110839844 8.39233398437491E-05 0.0852508544921875
-0.0272140502929688 -0.0656776428222656 0.059600830078125 0.08917236328125
-0.0594482421875 -0.0405921936035156 0.10357666015625 0.04766845703125
-0.0701942443847656 -0.0424003601074219 0.108108520507813 0.02447509765625
-0.0868148803710937 -0.0351104736328125 0.106117248535156 0.0158920288085938
-0.0691795349121094 -0.0531387329101563 0.0945663452148438 0.0394821166992188
-0.0353622436523438 -0.0849380493164063 0.0712356567382813 0.0402679443359375
0.0203399658203125 -0.0835189819335938 0.042388916015625 0.0415458679199219
0.0924148559570313 -0.0341796875 0.0402870178222656 0.0458564758300781
0.0905914306640625 0.026824951171875 0.0613136291503906 0.0499839782714844
0.0605926513671875 0.0820083618164063 0.0377044677734375 0.0997390747070313
-0.0275630950927734 -0.0324745178222656 -0.0568923950195313 -0.126014709472656
-0.0416374206542969 -0.00993728637695313 -0.0721664428710938 -0.070343017578125
-0.0383644104003906 0.0266494750976563 -0.0433273315429688 -0.0375823974609375
-0.00597381591796875 0.0435333251953125 -0.0454025268554687 -0.0529747009277344
0.0179862976074219 0.040557861328125 -0.0724105834960938 -0.05474853515625
0.0346012115478516 0.0234737396240234 -0.107315063476562 -0.0415267944335938
0.0290317535400391 0.0141258239746094 -0.128074645996094 -0.0150375366210937
0.0251426696777344 0.0167236328125 -0.123420715332031 -0.0252914428710937
0.0212612152099609 0.0193233489990234 -0.121383666992188 -0.0548171997070313
0.00316810607910156 0.0180454254150391 -0.07537841796875 -0.100547790527344
-0.0103845596313477 0.0143013000488281 -0.0066070556640625 -0.1031494140625
-0.0174398422241211 -0.00292396545410157 0.0468940734863281 -0.0677680969238281
-0.0130081176757813 -0.0242805480957031 0.0577545166015625 -0.0140495300292969
0.00425529479980469 -0.02911376953125 0.00274181365966797 -0.0140380859375
0.00676727294921875 -0.0376358032226563 -0.0124282836914063 -0.0837326049804687
0.0120563507080078 0.0249443054199219 -0.05609130859375 -0.132797241210938
0.012237548828125 0.0150022506713867 -0.0704193115234375 -0.0757598876953125
0.0160665512084961 0.00359535217285156 -0.0381507873535156 -0.0450477600097656
0.0122089385986328 -0.00301170349121094 -0.0441932678222656 -0.0591773986816406
0.00169658660888672 -0.0108871459960938 -0.0680618286132813 -0.0628166198730469
-0.0102424621582031 -0.00603199005126953 -0.108169555664063 -0.0442123413085937
-0.0256175994873047 -0.000427246093749996 -0.129379272460938 -0.0151138305664063
-0.0252857208251953 -0.0108013153076172 -0.1195068359375 -0.0230255126953125
-0.0280628204345703 -0.0114707946777344 -0.121109008789063 -0.0503463745117187
-0.0189189910888672 -0.0281276702880859 -0.08056640625 -0.0928497314453125
0.0030517578125 -0.0336074829101563 -0.0134506225585938 -0.0994491577148437
0.0240554809570313 -0.0281429290771484 0.0364990234375 -0.0747909545898438
0.0329132080078125 -0.00738143920898437 0.0541954040527344 -0.021514892578125
0.0288658142089844 0.00409698486328125 0.0021820068359375 -0.0190982818603516
0.0208091735839844 0.0150642395019531 -0.0159530639648438 -0.0889434814453125
0.0417709350585937 0.0795669555664062 -0.0430450439453125 -0.121696472167969
0.0592155456542969 0.0455970764160156 -0.0555496215820313 -0.0732879638671875
0.07427978515625 -0.0117950439453125 -0.0243873596191406 -0.04791259765625
0.0388832092285156 -0.0473709106445313 -0.0339622497558594 -0.0588951110839844
-0.00525665283203124 -0.0651588439941406 -0.0525360107421875 -0.0640487670898438
-0.0505828857421875 -0.0410079956054688 -0.0923614501953125 -0.0430755615234375
-0.075836181640625 -0.018829345703125 -0.111091613769531 -0.0142135620117188
-0.0725784301757812 -0.0370635986328125 -0.0966567993164063 -0.0165176391601562
-0.0766067504882813 -0.037384033203125 -0.103530883789063 -0.0365219116210937
-0.0470123291015625 -0.0672721862792969 -0.0763397216796875 -0.067901611328125
0.00209045410156249 -0.0815811157226563 -0.0225448608398438 -0.0783004760742188
0.0539741516113281 -0.0627670288085938 0.0144577026367188 -0.0696334838867188
0.0806121826171875 -0.00380706787109375 0.0367050170898438 -0.0276641845703125
0.0608100891113281 0.0311050415039063 -0.00382232666015625 -0.0225181579589844
0.0391502380371094 0.0645332336425781 -0.0201644897460937 -0.0814056396484375
0.0570907592773438 0.123939514160156 -0.0223846435546875 -0.09429931640625
0.0894699096679688 0.0763168334960938 -0.0315704345703125 -0.0613555908203125
0.124862670898438 -0.0126571655273438 -0.00955200195312499 -0.0432052612304688
0.0709915161132813 -0.0792083740234375 -0.0206565856933594 -0.0484504699707031
0.000572204589843758 -0.11212158203125 -0.0288887023925781 -0.0516395568847656
-0.0763015747070313 -0.0767440795898437 -0.06146240234375 -0.03253173828125
-0.112640380859375 -0.0388946533203125 -0.0750961303710938 -0.00972747802734374
-0.108688354492188 -0.0571670532226563 -0.0591812133789063 -0.0079498291015625
-0.116546630859375 -0.053009033203125 -0.0684852600097656 -0.0190582275390625
-0.0779647827148437 -0.0912933349609375 -0.0555534362792969 -0.0348663330078125
-0.0131683349609375 -0.120185852050781 -0.0204734802246094 -0.0455436706542969
0.0645599365234375 -0.0999832153320313 -0.0037689208984375 -0.048858642578125
0.122589111328125 -0.0158157348632813 0.0168399810791016 -0.0213432312011719
0.0974960327148438 0.0459823608398438 -0.00935745239257812 -0.0177211761474609
0.062591552734375 0.104194641113281 -0.0217132568359375 -0.0591468811035156
0.05609130859375 0.14764404296875 -0.000869750976562496 -0.0529098510742187
0.0939788818359375 0.0992965698242187 -0.00877761840820312 -0.041229248046875
0.151702880859375 0.001068115234375 -0.00117492675781249 -0.0298671722412109
0.0978469848632813 -0.0877456665039062 -0.0121021270751953 -0.0244331359863281
0.0166854858398437 -0.137321472167969 -0.00576591491699219 -0.0225601196289063
-0.0822296142578125 -0.104698181152344 -0.0224514007568359 -0.00818061828613282
-0.128318786621094 -0.0550918579101563 -0.0264129638671875 -3.81469726563284E-06
-0.127174377441406 -0.0689926147460937 -0.0123195648193359 0.00136184692382812
-0.140884399414062 -0.0580596923828125 -0.0222530364990234 -0.003173828125
-0.102394104003906 -0.097900390625 -0.0198707580566406 -0.00395202636718751
-0.0350875854492187 -0.139900207519531 -0.00330066680908203 -0.0120468139648438
0.0583343505859375 -0.127494812011719 -0.00613594055175781 -0.0190715789794922
0.14752197265625 -0.0356903076171875 0.00671768188476563 -0.00288057327270508
0.12835693359375 0.0495223999023438 -0.00404930114746093 -0.00369858741760254
0.0835113525390625 0.1282958984375 -0.0148048400878906 -0.0236415863037109
0.0439300537109375 0.146270751953125 0.0139198303222656 -0.00724029541015624
0.0771865844726562 0.104103088378906 0.00468158721923828 -0.0173788070678711
0.14447021484375 0.0202484130859375 -0.00620365142822265 -0.0134010314941406
0.106849670410156 -0.072540283203125 -0.0164566040039062 0.00710105895996093
0.0332870483398437 -0.132843017578125 0.00727653503417969 0.0180339813232422
-0.0708541870117188 -0.114128112792969 0.0147953033447266 0.0259056091308594
-0.1224365234375 -0.0628738403320312 0.0251636505126953 0.0154800415039062
-0.12628173828125 -0.070343017578125 0.0356864929199219 0.0112419128417969
-0.144363403320312 -0.055572509765625 0.0271968841552734 0.00727081298828125
-0.109756469726562 -0.0905380249023438 0.0231552124023437 0.0183238983154297
-0.0494461059570313 -0.137809753417969 0.0240669250488281 0.0131320953369141
0.0440750122070313 -0.133689880371094 0.00661087036132813 0.0085926055908203
0.149322509765625 -0.0489959716796875 0.01275634765625 0.0180892944335937
0.139869689941406 0.0443649291992188 0.0134725570678711 0.0146341323852539
0.0933609008789063 0.131843566894531 0.000692367553710945 0.0200958251953125
0.0279006958007813 0.121192932128906 0.0205574035644531 0.0353889465332031
0.0502777099609375 0.0891189575195313 0.00739669799804688 0.00219106674194337
0.11053466796875 0.031402587890625 -0.0227298736572266 -0.000583648681640622
0.0904541015625 -0.0450897216796875 -0.0320053100585937 0.0352401733398438
0.038970947265625 -0.103042602539063 0.006683349609375 0.0576820373535156
-0.0500411987304688 -0.09967041015625 0.04193115234375 0.0623931884765625
-0.0977325439453125 -0.0584640502929687 0.0709228515625 0.03363037109375
-0.106895446777344 -0.0610885620117188 0.0778884887695313 0.01898193359375
-0.125457763671875 -0.0472793579101563 0.0726547241210937 0.0129928588867187
-0.0981674194335938 -0.0747909545898438 0.0642967224121094 0.0319633483886719
-0.0492401123046875 -0.118545532226563 0.0519332885742188 0.0295639038085937
0.0307540893554687 -0.117347717285156 0.0258712768554688 0.0284690856933594
0.129745483398438 -0.047515869140625 0.0269603729248047 0.034637451171875
0.127265930175781 0.0370712280273438 0.0387115478515625 0.033111572265625
0.0857315063476562 0.11614990234375 0.02069091796875 0.0628890991210938
0.0128173828125 0.0797576904296875 0.0227432250976563 0.0669059753417969
0.0251808166503906 0.060150146484375 0.00551700592041016 0.0135993957519531
0.0640449523925781 0.0289573669433594 -0.0414657592773437 0.00563812255859376
0.0559234619140625 -0.0194740295410156 -0.0492362976074219 0.0542373657226562
0.0286712646484375 -0.059967041015625 0.000213623046875008 0.0860824584960938
-0.0273399353027344 -0.0662345886230469 0.0598678588867187 0.0900955200195313
-0.0601234436035156 -0.0411911010742188 0.105010986328125 0.04840087890625
-0.0713577270507813 -0.0425491333007812 0.109474182128906 0.0249404907226562
-0.08795166015625 -0.0351333618164063 0.107658386230469 0.0158767700195312
-0.0700950622558594 -0.0532913208007812 0.0958404541015625 0.0398178100585938
-0.0361175537109375 -0.085723876953125 0.0719223022460938 0.0408935546875
0.0202484130859375 -0.0844192504882813 0.0425529479980469 0.0418663024902344
0.0932769775390625 -0.0348892211914063 0.0409965515136719 0.0456809997558594
0.0923080444335938 0.0265884399414062 0.0616989135742188 0.049896240234375
0.0614089965820313 0.08306884765625 0.0381546020507813 0.100387573242188
-0.0280780792236328 -0.0324649810791016 -0.0587158203125 -0.127151489257812
-0.0421524047851563 -0.00976943969726563 -0.073516845703125 -0.0706863403320313
-0.0390243530273438 0.0278167724609375 -0.0443458557128906 -0.0377311706542969
-0.00609588623046875 0.0439529418945312 -0.0464439392089844 -0.0538253784179688
0.0186347961425781 0.0409393310546875 -0.0730056762695313 -0.0554962158203125
0.0352821350097656 0.0233573913574219 -0.108818054199219 -0.0422439575195312
0.0299701690673828 0.0139617919921875 -0.129371643066406 -0.0149612426757812
0.0255355834960938 0.0168704986572266 -0.125144958496094 -0.0254364013671875
0.0214595794677734 0.0191230773925781 -0.122909545898438 -0.05511474609375
0.00287055969238281 0.0185012817382813 -0.0765762329101563 -0.101692199707031
-0.0101432800292969 0.0145711898803711 -0.00756072998046876 -0.1041259765625
-0.0176582336425781 -0.00282669067382813 0.0471115112304688 -0.0689620971679688
-0.0137119293212891 -0.0247879028320312 0.0582618713378906 -0.014739990234375
0.00448417663574219 -0.0294876098632813 0.0024261474609375 -0.0140752792358398
0.00673675537109375 -0.0382537841796875 -0.0130233764648438 -0.0840835571289063
0.0123329162597656 0.0250434875488281 -0.057373046875 -0.134239196777344
0.0127296447753906 0.0151329040527344 -0.0715713500976563 -0.0762557983398438
0.0161161422729492 0.00349521636962891 -0.03857421875 -0.0454483032226563
0.0116968154907227 -0.00330066680908203 -0.04473876953125 -0.0597190856933594
0.00207424163818359 -0.0106210708618164 -0.0689430236816406 -0.063385009765625
-0.0105085372924805 -0.00562667846679688 -0.109878540039063 -0.044769287109375
-0.0261516571044922 -0.000480651855468747 -0.1312255859375 -0.0148849487304687
-0.0256423950195313 -0.0108413696289063 -0.121185302734375 -0.022735595703125
-0.0284557342529297 -0.011688232421875 -0.123420715332031 -0.0506591796875
-0.0190849304199219 -0.0281810760498047 -0.0818252563476563 -0.0939788818359375
0.00308609008789063 -0.0345249176025391 -0.0140228271484375 -0.100746154785156
0.0242481231689453 -0.0286026000976563 0.03631591796875 -0.0753936767578125
0.0329189300537109 -0.00737380981445313 0.0542716979980469 -0.0218582153320313
0.0293407440185547 0.00410842895507813 0.00193023681640625 -0.0193405151367188
0.0213489532470703 0.0152206420898438 -0.016448974609375 -0.089813232421875
0.0432510375976563 0.0806427001953125 -0.0445022583007813 -0.123207092285156
0.0607032775878906 0.0456390380859375 -0.0563735961914063 -0.0736923217773438
0.0753402709960938 -0.0124053955078125 -0.0252952575683594 -0.0484352111816406
0.03887939453125 -0.0481719970703125 -0.0340423583984375 -0.0596809387207031
-0.00531005859375 -0.0663223266601563 -0.0532379150390625 -0.0643844604492188
-0.0510139465332031 -0.0414886474609375 -0.0932998657226563 -0.0433502197265625
-0.0773849487304687 -0.018585205078125 -0.112899780273438 -0.0136795043945313
-0.0737762451171875 -0.037139892578125 -0.098175048828125 -0.0165557861328125
-0.0777511596679687 -0.0377426147460938 -0.105186462402344 -0.0369491577148437
-0.0480804443359375 -0.0676460266113281 -0.0774383544921875 -0.0686569213867188
0.0023956298828125 -0.0825958251953125 -0.023040771484375 -0.0792160034179688
0.0546531677246094 -0.0637741088867187 0.0141983032226563 -0.0705795288085938
0.08172607421875 -0.00438690185546875 0.0369834899902344 -0.0279502868652344
0.061676025390625 0.0308341979980469 -0.00461578369140624 -0.0229930877685547
0.0403556823730469 0.0648040771484375 -0.0214080810546875 -0.0820541381835938
0.0586776733398437 0.125076293945313 -0.0230712890625 -0.094940185546875
0.09130859375 0.076904296875 -0.0323486328125 -0.0618934631347656
0.126380920410156 -0.0136489868164063 -0.00974273681640624 -0.044036865234375
0.0717391967773438 -0.0806503295898438 -0.0205459594726563 -0.04876708984375
-0.000335693359374993 -0.113227844238281 -0.0291557312011719 -0.0521202087402344
-0.0773773193359375 -0.0776138305664062 -0.0621299743652344 -0.0325775146484375
-0.114036560058594 -0.0388870239257813 -0.0758514404296875 -0.00925445556640625
-0.110420227050781 -0.0576171875 -0.0596275329589844 -0.00775909423828125
-0.118125915527344 -0.0534744262695313 -0.0694770812988281 -0.0182685852050781
-0.0795669555664063 -0.09234619140625 -0.05609130859375 -0.0350723266601563
-0.0138626098632812 -0.121047973632813 -0.0210494995117187 -0.0458641052246094
0.0656509399414063 -0.101707458496094 -0.00431060791015625 -0.04913330078125
0.124656677246094 -0.0169906616210938 0.0166664123535156 -0.0218601226806641
0.0995635986328125 0.046875 -0.00933837890624999 -0.0178775787353516
0.0642547607421875 0.105339050292969 -0.0220756530761719 -0.0596084594726563
0.058197021484375 0.149017333984375 -0.000995635986328117 -0.0533409118652344
0.0961990356445312 0.0998992919921875 -0.00892257690429687 -0.0412254333496094
0.153594970703125 -0.00030517578125 -0.00122642517089843 -0.0302143096923828
0.0989608764648438 -0.0897140502929688 -0.0117435455322266 -0.0246772766113281
0.01629638671875 -0.139259338378906 -0.00557136535644531 -0.0231189727783203
-0.0836029052734375 -0.105857849121094 -0.0225429534912109 -0.00861358642578126
-0.130180358886719 -0.0550689697265625 -0.0268821716308594 0.000123977661132804
-0.129684448242188 -0.0693283081054688 -0.0125198364257813 0.00183296203613281
-0.142730712890625 -0.0589447021484375 -0.0224723815917969 -0.00302696228027344
-0.10369873046875 -0.0986404418945313 -0.0201873779296875 -0.00384902954101563
-0.036041259765625 -0.1412353515625 -0.00336074829101563 -0.0125026702880859
0.0583724975585938 -0.129592895507813 -0.0069122314453125 -0.0188827514648438
0.149398803710938 -0.0367431640625 0.00692176818847657 -0.00342988967895508
0.130416870117188 0.0497589111328125 -0.00420689582824706 -0.00411081314086914
0.0853195190429688 0.129722595214844 -0.0149707794189453 -0.0236282348632812
0.045074462890625 0.147308349609375 0.0137834548950195 -0.00740814208984374
0.0788955688476563 0.105140686035156 0.00473594665527344 -0.0175609588623047
0.146942138671875 0.01959228515625 -0.00627613067626952 -0.013397216796875
0.1082763671875 -0.0742416381835938 -0.0162143707275391 0.00713157653808593
0.0329513549804687 -0.135093688964844 0.00734710693359375 0.0177345275878906
-0.072113037109375 -0.114715576171875 0.01507568359375 0.0258865356445312
-0.124282836914063 -0.063385009765625 0.0253658294677734 0.0159950256347656
-0.128456115722656 -0.0706253051757813 0.0362892150878906 0.010894775390625
-0.146514892578125 -0.0555877685546875 0.027435302734375 0.00719833374023437
-0.111442565917969 -0.0912017822265625 0.0236320495605469 0.0187129974365234
-0.0508270263671875 -0.139213562011719 0.0240726470947266 0.0131072998046875
0.0440216064453125 -0.135810852050781 0.00634241104125977 0.00875902175903319
0.151229858398438 -0.0505523681640625 0.0126209259033203 0.0181121826171875
0.142379760742188 0.044586181640625 0.0134363174438477 0.0146188735961914
0.0955047607421875 0.1331787109375 0.000471115112304693 0.0200462341308594
0.029022216796875 0.122230529785156 0.0209922790527344 0.0353431701660156
0.0515518188476562 0.0899276733398438 0.00774526596069336 0.00226831436157227
0.111892700195313 0.0310745239257813 -0.0231208801269531 -0.000440597534179686
0.09173583984375 -0.0463027954101563 -0.0320701599121094 0.0353012084960937
0.038665771484375 -0.104682922363281 0.0069580078125 0.0582466125488281
-0.0507278442382813 -0.101097106933594 0.0427780151367188 0.0629844665527344
-0.09912109375 -0.0586013793945312 0.0719528198242188 0.0338516235351562
-0.108390808105469 -0.0613250732421875 0.079193115234375 0.0190963745117187
-0.127487182617187 -0.047088623046875 0.0738449096679687 0.01312255859375
-0.0996017456054688 -0.0751800537109375 0.0652503967285156 0.0321044921875
-0.0503463745117188 -0.119621276855469 0.0521507263183594 0.0296783447265625
0.0307235717773438 -0.119232177734375 0.0259532928466797 0.0287399291992187
0.131065368652344 -0.0488662719726563 0.0274581909179688 0.0348587036132813
0.129501342773437 0.0370941162109375 0.0395774841308594 0.0330696105957031
0.0876235961914063 0.11737060546875 0.0208358764648438 0.0634880065917969
0.0136871337890625 0.0803604125976563 0.0236091613769531 0.0673561096191406
0.0257911682128906 0.0604705810546875 0.00575828552246094 0.0139217376708984
0.0650749206542969 0.0284042358398438 -0.0420646667480469 0.00563812255859376
0.0564117431640625 -0.0202217102050781 -0.0495262145996094 0.0543746948242187
0.0286827087402344 -0.060638427734375 0.000350952148437502 0.087066650390625
-0.0281829833984375 -0.0668983459472656 0.0611724853515625 0.0912933349609375
-0.0607147216796875 -0.0416297912597656 0.106857299804688 0.0484237670898438
-0.0721817016601562 -0.0428085327148438 0.111007690429688 0.025115966796875
-0.0889892578125 -0.0352325439453125 0.109138488769531 0.0159225463867187
-0.0707931518554688 -0.0539321899414062 0.09759521484375 0.040191650390625
-0.0373458862304688 -0.0867919921875 0.0727386474609375 0.0410079956054687
0.0202178955078125 -0.0855178833007813 0.0429611206054688 0.0424346923828125
0.0950241088867188 -0.0359878540039063 0.0414009094238281 0.0457611083984375
0.093353271484375 0.0267868041992188 0.0627822875976563 0.0497169494628906
0.0626373291015625 0.084136962890625 0.0392684936523437 0.101448059082031
-0.028289794921875 -0.0329914093017578 -0.0604248046875 -0.128730773925781
-0.0431251525878906 -0.0097503662109375 -0.0748672485351562 -0.070709228515625
-0.0394020080566406 0.0279922485351562 -0.0442619323730469 -0.0381889343261719
-0.0058746337890625 0.0448455810546875 -0.0473899841308594 -0.0538101196289062
0.018951416015625 0.0415840148925781 -0.07415771484375 -0.0558090209960938
0.0358161926269531 0.02349853515625 -0.110542297363281 -0.0422515869140625
0.0300216674804688 0.0143470764160156 -0.131805419921875 -0.014923095703125
0.0259151458740234 0.0168247222900391 -0.126991271972656 -0.0253677368164062
0.0219135284423828 0.0195198059082031 -0.124839782714844 -0.0550689697265625
0.00356864929199219 0.0185832977294922 -0.078216552734375 -0.102256774902344
-0.0102148056030273 0.0143013000488281 -0.00838470458984375 -0.105583190917969
-0.0180416107177734 -0.00260353088378906 0.0475730895996094 -0.0699920654296875
-0.0140380859375 -0.0245018005371094 0.0589752197265625 -0.0145721435546875
0.00406074523925781 -0.0298118591308594 0.00245761871337891 -0.013850212097168
0.00699996948242188 -0.0385932922363281 -0.013275146484375 -0.0853652954101563
0.0125179290771484 0.0252532958984375 -0.0594329833984375 -0.135543823242188
0.0126752853393555 0.0150432586669922 -0.0733642578125 -0.0764694213867188
0.0163335800170898 0.00316333770751953 -0.0392646789550781 -0.0458602905273438
0.0120096206665039 -0.00348949432373047 -0.04541015625 -0.060150146484375
0.00212860107421875 -0.0112037658691406 -0.070648193359375 -0.0642776489257812
-0.0106430053710938 -0.00610923767089844 -0.111198425292969 -0.0454483032226562
-0.0260601043701172 -0.000404357910156246 -0.13336181640625 -0.0149993896484375
-0.0263652801513672 -0.0113296508789063 -0.123130798339844 -0.0234222412109375
-0.0287818908691406 -0.0119209289550781 -0.125442504882813 -0.0504302978515625
-0.0192241668701172 -0.0284633636474609 -0.0832290649414063 -0.0947265625
0.00273323059082031 -0.0348320007324219 -0.014801025390625 -0.101783752441406
0.0243167877197266 -0.0293769836425781 0.0363082885742187 -0.0769500732421875
0.0334587097167969 -0.00760841369628906 0.0547370910644531 -0.0223731994628906
0.0297069549560547 0.003875732421875 0.00173759460449219 -0.01953125
0.0217819213867188 0.0147857666015625 -0.017425537109375 -0.0910415649414062
0.0445098876953125 0.081451416015625 -0.0457382202148438 -0.124298095703125
0.06182861328125 0.0457649230957031 -0.0576019287109375 -0.0738983154296875
0.0761032104492188 -0.0128936767578125 -0.0257949829101562 -0.0492019653320313
0.0396270751953125 -0.0488815307617188 -0.0349502563476563 -0.06048583984375
-0.00589752197265625 -0.0669746398925781 -0.0543670654296875 -0.0655937194824219
-0.0520515441894531 -0.0419769287109375 -0.095123291015625 -0.0441207885742187
-0.0785675048828125 -0.0181503295898437 -0.114532470703125 -0.0137100219726562
-0.0752410888671875 -0.03759765625 -0.0997161865234375 -0.0164947509765625
-0.0790176391601563 -0.038055419921875 -0.106857299804688 -0.0364227294921875
-0.0486640930175781 -0.0683746337890625 -0.0787734985351563 -0.0686111450195313
0.001708984375 -0.0834808349609375 -0.0239791870117188 -0.0802230834960938
0.0548973083496094 -0.0648078918457031 0.01324462890625 -0.071319580078125
0.082550048828125 -0.00439453125 0.0373039245605469 -0.0289192199707031
0.0627632141113281 0.0311431884765625 -0.0047149658203125 -0.0225448608398437
0.0415840148925781 0.065399169921875 -0.0217742919921875 -0.0830841064453125
0.0604705810546875 0.126449584960938 -0.0237045288085938 -0.0960006713867187
0.0930557250976563 0.0774002075195313 -0.03289794921875 -0.06231689453125
0.127845764160156 -0.0147933959960938 -0.0102996826171875 -0.0446968078613281
0.0720596313476562 -0.0818862915039062 -0.0208854675292969 -0.0497016906738281
-0.00112152099609374 -0.114967346191406 -0.0298233032226563 -0.053009033203125
-0.078155517578125 -0.0788040161132812 -0.0631752014160156 -0.0328369140625
-0.115653991699219 -0.0382003784179687 -0.0770645141601563 -0.00923919677734374
-0.112297058105469 -0.0583953857421875 -0.0607872009277344 -0.00778579711914063
-0.120292663574219 -0.0536346435546875 -0.070465087890625 -0.0187759399414062
-0.0807418823242188 -0.092864990234375 -0.0574607849121094 -0.0350227355957031
-0.0142898559570312 -0.122703552246094 -0.0219535827636719 -0.046600341796875
0.0657806396484375 -0.103363037109375 -0.00506973266601562 -0.0497093200683594
0.126213073730469 -0.0179901123046875 0.0168590545654297 -0.0223426818847656
0.100967407226563 0.0465087890625 -0.009552001953125 -0.018310546875
0.0661697387695313 0.106353759765625 -0.02264404296875 -0.0600738525390625
0.0596771240234375 0.15087890625 -0.00169754028320312 -0.0542755126953125
0.0984954833984375 0.100692749023438 -0.00901031494140625 -0.0409965515136719
0.155899047851563 -0.001190185546875 -0.00163650512695311 -0.0308284759521484
0.10015869140625 -0.091827392578125 -0.0122814178466797 -0.0247440338134766
0.0156097412109375 -0.141281127929688 -0.00585746765136719 -0.0236167907714844
-0.0849456787109375 -0.106735229492187 -0.0228271484375 -0.00856018066406251
-0.132171630859375 -0.0556106567382813 -0.0274677276611328 0.000768661499023428
-0.131889343261719 -0.0700225830078125 -0.0125284194946289 0.00151729583740234
-0.145248413085938 -0.05853271484375 -0.0230178833007813 -0.00282669067382813
-0.105667114257812 -0.0996017456054688 -0.0204811096191406 -0.00388526916503907
-0.0372314453125 -0.143112182617188 -0.004119873046875 -0.012476921081543
0.058258056640625 -0.131752014160156 -0.007568359375 -0.0191421508789063
0.151214599609375 -0.038177490234375 0.00687026977539064 -0.00373125076293946
0.132049560546875 0.0499954223632813 -0.00482797622680663 -0.0043802261352539
0.0877227783203125 0.130973815917969 -0.0156307220458984 -0.0242481231689453
0.046905517578125 0.149215698242187 0.0141611099243164 -0.00755786895751952
0.0807342529296875 0.106048583984375 0.00476455688476563 -0.0175647735595703
0.1492919921875 0.0186309814453125 -0.0066232681274414 -0.0134668350219727
0.108924865722656 -0.0757522583007812 -0.0164146423339844 0.0073709487915039
0.03240966796875 -0.137153625488281 0.00739288330078125 0.0176792144775391
-0.0736923217773438 -0.115875244140625 0.0153236389160156 0.0262660980224609
-0.126152038574219 -0.0636062622070312 0.0254249572753906 0.0161380767822266
-0.131011962890625 -0.071136474609375 0.0365104675292969 0.0109748840332031
-0.148757934570313 -0.0552215576171875 0.0280513763427734 0.00709915161132812
-0.113746643066406 -0.0917205810546875 0.0239181518554687 0.0189666748046875
-0.052154541015625 -0.14068603515625 0.0244598388671875 0.0130672454833984
0.04376220703125 -0.138038635253906 0.00606918334960938 0.00897598266601562
0.153045654296875 -0.0522308349609375 0.0128269195556641 0.0176868438720703
0.1441650390625 0.0445709228515625 0.0136985778808594 0.0143013000488281
0.097930908203125 0.134544372558594 0.000986099243164069 0.0202903747558594
0.030181884765625 0.123359680175781 0.0212287902832031 0.036041259765625
0.0531463623046875 0.0908584594726562 0.00796699523925781 0.00230503082275391
0.114089965820313 0.0310211181640625 -0.0232925415039062 -0.000720977783203121
0.0925445556640625 -0.0476608276367188 -0.0322265625 0.0359725952148438
0.0384979248046875 -0.106277465820313 0.007110595703125 0.0585212707519531
-0.052093505859375 -0.102264404296875 0.0440139770507813 0.0635643005371094
-0.1007080078125 -0.0591659545898437 0.0728225708007813 0.0341644287109375
-0.110748291015625 -0.0618743896484375 0.0806121826171875 0.0193023681640625
-0.129600524902344 -0.047088623046875 0.0749664306640625 0.0128860473632812
-0.101707458496094 -0.0756378173828125 0.0664787292480469 0.0324668884277344
-0.0522079467773438 -0.120933532714844 0.0529594421386719 0.0298500061035156
0.0310592651367188 -0.121368408203125 0.026123046875 0.0292110443115234
0.133323669433594 -0.0507278442382813 0.0278549194335938 0.0350151062011719
0.131263732910156 0.0367813110351563 0.0399169921875 0.0331878662109375
0.09014892578125 0.118659973144531 0.0214881896972656 0.0643272399902344
0.0145263671875 0.0816726684570313 0.0238151550292969 0.0681800842285156
0.0266609191894531 0.061248779296875 0.00657176971435547 0.0142488479614258
0.0664558410644531 0.0287017822265625 -0.0423469543457031 0.00585556030273438
0.0572319030761719 -0.0209770202636719 -0.0498123168945313 0.0555000305175781
0.0286521911621094 -0.0613822937011719 0.000518798828125006 0.0881118774414063
-0.0290985107421875 -0.067901611328125 0.0624008178710938 0.0920181274414063
-0.0618934631347656 -0.0415916442871094 0.108268737792969 0.0487899780273438
-0.0735931396484375 -0.043243408203125 0.112876892089844 0.0249786376953125
-0.0903167724609375 -0.0349807739257812 0.110885620117188 0.0157394409179687
-0.072357177734375 -0.0541534423828125 0.0986175537109375 0.0399322509765625
-0.038299560546875 -0.08740234375 0.073883056640625 0.041015625
0.0202789306640625 -0.087188720703125 0.0432968139648438 0.0428657531738281
0.0960922241210938 -0.0376052856445313 0.0424346923828125 0.0457801818847656
0.0949172973632813 0.0269241333007813 0.0637855529785156 0.0495758056640625
0.0640716552734375 0.085174560546875 0.040496826171875 0.102317810058594
-0.0285358428955078 -0.0334281921386719 -0.0625228881835938 -0.130210876464844
-0.0436592102050781 -0.0095062255859375 -0.0764617919921875 -0.0711898803710938
-0.0399627685546875 0.0290336608886719 -0.0451011657714844 -0.0385818481445312
-0.00531387329101562 0.0460052490234375 -0.0481986999511719 -0.054931640625
0.0199432373046875 0.0418891906738281 -0.07562255859375 -0.0562591552734375
0.036956787109375 0.0233840942382813 -0.112350463867187 -0.0422134399414063
0.0306015014648437 0.0142745971679688 -0.133651733398438 -0.0145187377929688
0.0268840789794922 0.0167675018310547 -0.129241943359375 -0.025146484375
0.0226516723632813 0.0193634033203125 -0.126800537109375 -0.0548629760742187
0.00391769409179688 0.0190715789794922 -0.0797882080078125 -0.103385925292969
-0.00994873046875 0.0150575637817383 -0.009063720703125 -0.107009887695313
-0.0182933807373047 -0.00244140625 0.0475997924804688 -0.0713348388671875
-0.014678955078125 -0.0246677398681641 0.0594139099121094 -0.0153846740722656
0.00325393676757812 -0.0307445526123047 0.00206565856933594 -0.0138864517211914
0.00652313232421875 -0.0393562316894531 -0.0143814086914063 -0.0859375
0.0131149291992188 0.0247058868408203 -0.0615768432617188 -0.137168884277344
0.0131254196166992 0.0147781372070313 -0.0748672485351563 -0.07684326171875
0.0163707733154297 0.00310802459716797 -0.0398178100585937 -0.0459518432617188
0.0122852325439453 -0.00353145599365234 -0.0463523864746094 -0.0605735778808594
0.00201129913330078 -0.0112400054931641 -0.0717391967773438 -0.0648651123046875
-0.0104846954345703 -0.00600051879882812 -0.113105773925781 -0.0454940795898437
-0.0262527465820313 0.00013923645019531 -0.135116577148438 -0.0144119262695312
-0.0269203186035156 -0.0115108489990234 -0.124801635742188 -0.0228424072265625
-0.0291843414306641 -0.0121021270751953 -0.127326965332031 -0.050506591796875
-0.0197734832763672 -0.0289020538330078 -0.0855331420898438 -0.0952529907226563
0.00323867797851562 -0.0352439880371094 -0.0154037475585937 -0.103187561035156
0.0244140625 -0.0298881530761719 0.036163330078125 -0.0776901245117188
0.0338249206542969 -0.00766944885253906 0.0555076599121094 -0.0230369567871094
0.0299510955810547 0.00344467163085938 0.00153160095214844 -0.0193576812744141
0.0221099853515625 0.0149612426757813 -0.0181884765625 -0.091827392578125
0.04595947265625 0.0817642211914063 -0.0479354858398438 -0.1258544921875
0.0634803771972656 0.0459060668945313 -0.0589065551757812 -0.0750503540039063
0.07720947265625 -0.013824462890625 -0.0264015197753906 -0.0500831604003906
0.0394668579101562 -0.0501747131347656 -0.0359153747558594 -0.0612106323242187
-0.00682449340820312 -0.0679550170898438 -0.0555534362792969 -0.0659675598144531
-0.0529251098632813 -0.0423355102539062 -0.09613037109375 -0.0443191528320313
-0.0796432495117188 -0.0181884765625 -0.116477966308594 -0.0130386352539063
-0.0767822265625 -0.0375213623046875 -0.101310729980469 -0.0163116455078125
-0.0801620483398438 -0.0377349853515625 -0.10888671875 -0.036376953125
-0.0499229431152344 -0.0691108703613281 -0.0806045532226563 -0.0689926147460938
0.00135803222656249 -0.085113525390625 -0.0247268676757813 -0.0810546875
0.0550117492675781 -0.0665168762207031 0.012847900390625 -0.0723648071289063
0.0840911865234375 -0.0055694580078125 0.0375099182128906 -0.0294227600097656
0.0634613037109375 0.0313682556152344 -0.00532913208007812 -0.0231533050537109
0.0430946350097656 0.066436767578125 -0.0230789184570312 -0.0840835571289062
0.0625228881835938 0.127723693847656 -0.0252761840820313 -0.0968856811523437
0.0951309204101563 0.0778427124023438 -0.0342864990234375 -0.0624465942382812
0.1297607421875 -0.0162734985351563 -0.0107345581054687 -0.0453643798828125
0.0729141235351563 -0.0839767456054688 -0.02166748046875 -0.0501251220703125
-0.00180053710937499 -0.11669921875 -0.0302810668945313 -0.0538177490234375
-0.0797348022460938 -0.07940673828125 -0.0640144348144531 -0.0334243774414063
-0.117774963378906 -0.038421630859375 -0.0782012939453125 -0.00897216796874999
-0.114692687988281 -0.05865478515625 -0.06170654296875 -0.00792694091796877
-0.1219482421875 -0.0535125732421875 -0.071929931640625 -0.0186843872070312
-0.0824356079101562 -0.0937881469726563 -0.0587654113769531 -0.0348243713378906
-0.0151443481445312 -0.12432861328125 -0.0226936340332031 -0.0472488403320313
0.0659255981445312 -0.106132507324219 -0.00600433349609374 -0.0503959655761719
0.1280517578125 -0.0195693969726563 0.0165081024169922 -0.0229778289794922
0.102882385253906 0.0467453002929688 -0.0106010437011719 -0.0183429718017578
0.0681838989257813 0.107170104980469 -0.023468017578125 -0.0611915588378906
0.062042236328125 0.15252685546875 -0.0023651123046875 -0.0550994873046875
0.100662231445313 0.101791381835938 -0.00967025756835936 -0.0415763854980469
0.158462524414063 -0.0020751953125 -0.0016345977783203 -0.0314464569091797
0.10125732421875 -0.0933990478515625 -0.0125350952148437 -0.0250568389892578
0.014617919921875 -0.143569946289063 -0.00595283508300781 -0.0236454010009766
-0.0871963500976563 -0.107513427734375 -0.0227546691894531 -0.00882720947265626
-0.134300231933594 -0.0556564331054688 -0.0278530120849609 0.000562667846679688
-0.134483337402344 -0.070648193359375 -0.0129585266113281 0.00168704986572265
-0.1474609375 -0.058563232421875 -0.0238571166992188 -0.0030364990234375
-0.107803344726563 -0.100135803222656 -0.0207557678222656 -0.00317001342773438
-0.0388031005859375 -0.144744873046875 -0.00437259674072266 -0.0125894546508789
0.058868408203125 -0.134468078613281 -0.00850296020507812 -0.0191535949707031
0.15374755859375 -0.03985595703125 0.00644493103027345 -0.00403165817260743
0.134910583496094 0.0499191284179687 -0.00476408004760741 -0.00462245941162109
0.0897445678710938 0.131767272949219 -0.015869140625 -0.0239505767822266
0.0488433837890625 0.150741577148438 0.0141143798828125 -0.00775814056396483
0.0833282470703125 0.106918334960938 0.00483512878417969 -0.0173978805541992
0.152008056640625 0.0172119140625 -0.00703239440917968 -0.0137414932250977
0.109931945800781 -0.0777664184570313 -0.0162162780761719 0.0072803497314453
0.031768798828125 -0.139404296875 0.00753402709960938 0.0181140899658203
-0.0754241943359375 -0.117385864257812 0.0160408020019531 0.0263252258300781
-0.128028869628906 -0.0639266967773438 0.0260181427001953 0.0162239074707031
-0.133575439453125 -0.07147216796875 0.0371475219726562 0.0110282897949219
-0.1513671875 -0.055023193359375 0.0284538269042969 0.00723075866699218
-0.115814208984375 -0.0924301147460937 0.0245761871337891 0.0192890167236328
-0.0543670654296875 -0.1424560546875 0.0246772766113281 0.0134010314941406
0.0433197021484375 -0.14056396484375 0.0059051513671875 0.00910663604736327
0.155349731445313 -0.0544586181640625 0.0128078460693359 0.0180320739746094
0.146896362304688 0.0442047119140625 0.0138492584228516 0.0139474868774414
0.100509643554687 0.135894775390625 0.00119590759277344 0.0203399658203125
0.0318069458007812 0.125244140625 0.0217399597167969 0.0364837646484375
0.0546646118164063 0.091705322265625 0.00816059112548828 0.00268602371215821
0.116127014160156 0.0299224853515625 -0.0235729217529297 -0.000572204589843753
0.0935745239257813 -0.0488815307617188 -0.0324020385742188 0.0366477966308594
0.0384445190429687 -0.108322143554687 0.00732803344726563 0.0592231750488281
-0.0533065795898437 -0.103561401367188 0.0448646545410156 0.0642051696777344
-0.102462768554688 -0.0593338012695313 0.0743331909179688 0.0342941284179687
-0.113143920898438 -0.06219482421875 0.0818328857421875 0.0190200805664062
-0.131866455078125 -0.0468978881835938 0.075592041015625 0.0125198364257812
-0.103790283203125 -0.0760421752929688 0.0676498413085937 0.033050537109375
-0.0540237426757812 -0.122230529785156 0.053375244140625 0.0296974182128906
0.0304718017578125 -0.12359619140625 0.0262947082519531 0.0293655395507812
0.135261535644531 -0.052490234375 0.0282669067382813 0.0346298217773438
0.133697509765625 0.036590576171875 0.0406761169433594 0.0325164794921875
0.092254638671875 0.119979858398437 0.0223655700683594 0.0649528503417969
0.0152359008789062 0.0826873779296875 0.0252571105957031 0.068817138671875
0.02783203125 0.06195068359375 0.00677967071533203 0.0141658782958984
0.0678977966308594 0.0278968811035156 -0.0430526733398437 0.00614166259765626
0.0577468872070313 -0.0216102600097656 -0.0501556396484375 0.0565452575683594
0.0284576416015625 -0.0629043579101563 0.00104522705078126 0.0891036987304687
-0.0298233032226562 -0.0684242248535156 0.0640182495117188 0.0930328369140625
-0.0632820129394531 -0.041961669921875 0.110023498535156 0.0491943359375
-0.07525634765625 -0.0434341430664063 0.114601135253906 0.02447509765625
-0.0923080444335938 -0.0347442626953125 0.112167358398438 0.0153884887695313
-0.07403564453125 -0.0544815063476563 0.100273132324219 0.04058837890625
-0.039215087890625 -0.0885467529296875 0.0746994018554687 0.0413131713867187
0.0199432373046875 -0.0889434814453125 0.0440750122070313 0.0432281494140625
0.0976333618164062 -0.0388641357421875 0.0428581237792969 0.0460357666015625
0.0966262817382813 0.0269546508789063 0.0646438598632812 0.04949951171875
0.0656661987304688 0.0859909057617188 0.0419998168945313 0.103233337402344
-0.0295085906982422 -0.033782958984375 -0.0644149780273438 -0.131294250488281
-0.044830322265625 -0.00942230224609374 -0.078460693359375 -0.0714111328125
-0.0403480529785156 0.0298652648925781 -0.0460205078125 -0.0385475158691406
-0.00506973266601563 0.0461196899414063 -0.0493049621582031 -0.054962158203125
0.0206527709960938 0.0421180725097656 -0.07672119140625 -0.0568008422851563
0.0372505187988281 0.023590087890625 -0.114105224609375 -0.0427017211914063
0.0310306549072266 0.0140399932861328 -0.135704040527344 -0.0138168334960938
0.0274219512939453 0.0165443420410156 -0.131622314453125 -0.0248184204101562
0.0232830047607422 0.0195274353027344 -0.129447937011719 -0.0548782348632813
0.00416374206542969 0.0192337036132813 -0.0820388793945313 -0.103950500488281
-0.0100727081298828 0.0152168273925781 -0.0101165771484375 -0.108367919921875
-0.0189990997314453 -0.00212287902832031 0.0474853515625 -0.072540283203125
-0.0150814056396484 -0.0250530242919922 0.0598602294921875 -0.0157089233398438
0.00313568115234375 -0.0314826965332031 0.00228118896484375 -0.013671875
0.00646209716796875 -0.0403671264648437 -0.0153961181640625 -0.0870285034179687
0.0136260986328125 0.0254173278808594 -0.0637359619140625 -0.1383056640625
0.0134944915771484 0.0149335861206055 -0.076751708984375 -0.0770492553710938
0.0167312622070313 0.00321197509765625 -0.0407028198242188 -0.0467529296875
0.0126104354858398 -0.0035247802734375 -0.0474624633789063 -0.0610694885253906
0.00224685668945312 -0.0115842819213867 -0.0731658935546875 -0.0654525756835938
-0.0106086730957031 -0.00627708435058594 -0.114585876464844 -0.04541015625
-0.0270099639892578 0.00031471252441406 -0.137451171875 -0.013519287109375
-0.0278759002685547 -0.0112075805664063 -0.127067565917969 -0.0225830078125
-0.0300331115722656 -0.0120754241943359 -0.129768371582031 -0.0502700805664063
-0.0201244354248047 -0.0290565490722656 -0.0875473022460938 -0.0959854125976562
0.00260543823242188 -0.0358963012695313 -0.0167922973632812 -0.104278564453125
0.0246868133544922 -0.0302200317382813 0.036041259765625 -0.079071044921875
0.0339946746826172 -0.00771331787109375 0.055938720703125 -0.023895263671875
0.0300445556640625 0.00346946716308594 0.00115966796875 -0.0196628570556641
0.0228080749511719 0.0149650573730469 -0.0195541381835938 -0.0924835205078125
0.0472183227539062 0.08221435546875 -0.0496292114257813 -0.127281188964844
0.0648231506347656 0.0459060668945313 -0.0605926513671875 -0.0745773315429688
0.0785903930664063 -0.0150527954101563 -0.0272560119628906 -0.0503692626953125
0.0395889282226562 -0.0514678955078125 -0.0369300842285156 -0.0615653991699219
-0.00733947753906249 -0.0692024230957031 -0.056640625 -0.0669746398925781
-0.0536689758300781 -0.0426445007324219 -0.0980224609375 -0.0445938110351563
-0.080718994140625 -0.0177536010742187 -0.118423461914062 -0.0123367309570313
-0.07818603515625 -0.0378036499023438 -0.103073120117188 -0.0162734985351563
-0.0818710327148438 -0.0378799438476563 -0.110710144042969 -0.0357131958007813
-0.0510520935058594 -0.0696678161621094 -0.0821304321289062 -0.06939697265625
0.00109863281250001 -0.0864639282226562 -0.0257492065429688 -0.0820541381835938
0.0558128356933594 -0.0677413940429688 0.0120391845703125 -0.0735244750976563
0.0852279663085937 -0.005859375 0.0376167297363281 -0.0298385620117187
0.0647773742675781 0.0312309265136719 -0.00560760498046874 -0.0233936309814453
0.0443878173828125 0.0664901733398438 -0.0237197875976563 -0.0847702026367188
0.064727783203125 0.128509521484375 -0.0270462036132812 -0.0982894897460938
0.0975723266601563 0.07806396484375 -0.0354270935058594 -0.06256103515625
0.131492614746094 -0.0172576904296875 -0.0112113952636719 -0.0457839965820313
0.073394775390625 -0.0856552124023438 -0.0220527648925781 -0.0509071350097656
-0.00249481201171875 -0.118370056152344 -0.0315780639648438 -0.0545005798339844
-0.0818939208984375 -0.0796432495117187 -0.0656166076660156 -0.03375244140625
-0.119636535644531 -0.0378875732421875 -0.0799942016601563 -0.00868988037109376
-0.117164611816406 -0.0587844848632813 -0.0626602172851563 -0.00753402709960938
-0.124046325683594 -0.05328369140625 -0.0736007690429688 -0.0180206298828125
-0.0845870971679687 -0.0944976806640625 -0.0597572326660156 -0.0346260070800781
-0.0170364379882813 -0.126594543457031 -0.023681640625 -0.0476646423339844
0.0662078857421875 -0.107795715332031 -0.00672149658203125 -0.051055908203125
0.129707336425781 -0.0209579467773438 0.0163402557373047 -0.0236587524414063
0.104820251464844 0.0463943481445313 -0.0104808807373047 -0.0186538696289062
0.070556640625 0.108108520507813 -0.0241622924804687 -0.061309814453125
0.0644683837890625 0.153961181640625 -0.0027618408203125 -0.0553932189941406
0.103721618652344 0.102020263671875 -0.0100898742675781 -0.0418319702148437
0.160781860351563 -0.004791259765625 -0.00190734863281249 -0.0316257476806641
0.101860046386719 -0.095672607421875 -0.0129241943359375 -0.0255279541015625
0.0135345458984375 -0.145660400390625 -0.00630378723144531 -0.0242195129394531
-0.0890121459960937 -0.108413696289063 -0.0233020782470703 -0.00907516479492189
-0.136581420898438 -0.0553970336914062 -0.0286178588867188 0.000972747802734372
-0.137535095214844 -0.0702056884765625 -0.0130901336669922 0.00173187255859375
-0.150390625 -0.058074951171875 -0.0239944458007813 -0.00280189514160157
-0.110260009765625 -0.100837707519531 -0.0209369659423828 -0.00316047668457032
-0.040313720703125 -0.146759033203125 -0.0045623779296875 -0.0126485824584961
0.0580215454101563 -0.136520385742188 -0.00913238525390624 -0.0191459655761719
0.155715942382813 -0.0423126220703125 0.00633478164672853 -0.00417518615722657
0.137489318847656 0.0491180419921875 -0.00538539886474608 -0.00492191314697265
0.0927886962890625 0.133193969726562 -0.0163555145263672 -0.0245723724365234
0.051177978515625 0.152542114257813 0.0140323638916016 -0.0078287124633789
0.0853042602539063 0.107719421386719 0.00471210479736329 -0.0175371170043945
0.154006958007813 0.016021728515625 -0.00707244873046874 -0.0138282775878906
0.111473083496094 -0.0800857543945313 -0.0165739059448242 0.00774383544921875
0.0314483642578125 -0.14202880859375 0.00777244567871094 0.0183696746826172
-0.0775299072265625 -0.11859130859375 0.0161724090576172 0.0262088775634766
-0.130455017089844 -0.063385009765625 0.0262908935546875 0.0162715911865234
-0.136543273925781 -0.0713729858398437 0.0380706787109375 0.0106315612792969
-0.153900146484375 -0.05438232421875 0.0286674499511719 0.00736045837402343
-0.118186950683594 -0.0923080444335937 0.0248069763183594 0.0195522308349609
-0.0559844970703125 -0.144012451171875 0.0246963500976563 0.0133628845214844
0.043182373046875 -0.143478393554688 0.00569343566894531 0.00943279266357421
0.157180786132813 -0.0569610595703125 0.0129528045654297 0.0176849365234375
0.149566650390625 0.0437774658203125 0.0136480331420899 0.0136003494262695
0.103523254394531 0.13665771484375 0.00136375427246095 0.020416259765625
0.033355712890625 0.126441955566406 0.0224800109863281 0.0370330810546875
0.0565872192382813 0.0925445556640625 0.00807905197143555 0.00266599655151368
0.118217468261719 0.0289459228515625 -0.0240211486816406 -0.00089454650878906
0.0947723388671875 -0.05072021484375 -0.0322341918945313 0.0373191833496094
0.0378875732421875 -0.110481262207031 0.00798797607421875 0.0600509643554688
-0.0552444458007813 -0.104454040527344 0.046234130859375 0.0648689270019531
-0.104263305664063 -0.059326171875 0.0755081176757813 0.0340957641601562
-0.115081787109375 -0.0619888305664062 0.0834121704101562 0.0188446044921875
-0.134231567382813 -0.0463180541992187 0.07666015625 0.0125350952148437
-0.105911254882813 -0.07635498046875 0.0684928894042969 0.0326385498046875
-0.0558090209960937 -0.123565673828125 0.0545005798339844 0.03021240234375
0.0298538208007813 -0.125587463378906 0.0262985229492188 0.0297527313232422
0.136886596679688 -0.055023193359375 0.0289382934570313 0.0345802307128906
0.136077880859375 0.0358505249023438 0.0412788391113281 0.0321922302246094
0.094573974609375 0.120826721191406 0.0235671997070313 0.065338134765625
0.016204833984375 0.08380126953125 0.02593994140625 0.0698814392089844
0.0286140441894531 0.0625686645507812 0.00683212280273438 0.0142984390258789
0.0691413879394531 0.0274887084960938 -0.0432815551757812 0.00632476806640626
0.0587158203125 -0.0227928161621094 -0.0501174926757813 0.0575942993164062
0.0282478332519531 -0.0642356872558594 0.00172424316406251 0.0904464721679687
-0.0311050415039063 -0.0691947937011719 0.0654830932617188 0.0937118530273438
-0.0643272399902344 -0.0418739318847656 0.112495422363281 0.0493087768554688
-0.0769882202148438 -0.0432205200195313 0.11700439453125 0.0241622924804687
-0.0937881469726563 -0.03436279296875 0.11376953125 0.0149765014648437
-0.0757522583007813 -0.05450439453125 0.101966857910156 0.0403594970703125
-0.04095458984375 -0.0894851684570313 0.0764999389648438 0.0412826538085937
0.0195083618164063 -0.0901870727539062 0.0449638366699219 0.04339599609375
0.098724365234375 -0.0405349731445313 0.0436668395996094 0.0460700988769531
0.0987472534179688 0.0264892578125 0.06585693359375 0.0490188598632812
0.067779541015625 0.0865325927734375 0.04327392578125 0.103996276855469
-0.0305042266845703 -0.0341815948486328 -0.0671615600585937 -0.132369995117188
-0.0456962585449219 -0.00904464721679688 -0.080718994140625 -0.0713424682617188
-0.04095458984375 0.0310211181640625 -0.0469551086425781 -0.0386161804199219
-0.00468063354492188 0.0467796325683594 -0.0507125854492187 -0.0555915832519531
0.0220718383789062 0.0427818298339844 -0.0780258178710938 -0.0564422607421875
0.038116455078125 0.0234718322753906 -0.116172790527344 -0.0424652099609375
0.0318222045898438 0.0142879486083984 -0.137893676757813 -0.01318359375
0.0278816223144531 0.0166339874267578 -0.134254455566406 -0.0238876342773437
0.0237941741943359 0.0191707611083984 -0.132057189941406 -0.0541763305664062
0.00464820861816406 0.0194282531738281 -0.08404541015625 -0.104423522949219
-0.0096893310546875 0.0157089233398437 -0.0109710693359375 -0.109939575195312
-0.019256591796875 -0.00152778625488281 0.0472869873046875 -0.0742568969726562
-0.0160484313964844 -0.0246963500976562 0.0601539611816406 -0.0164794921875
0.00308036804199219 -0.0318737030029297 0.00173187255859375 -0.0138874053955078
0.005889892578125 -0.0411529541015625 -0.0162277221679688 -0.0875015258789063
0.0143680572509766 0.0253067016601563 -0.06658935546875 -0.139495849609375
0.0137243270874023 0.0151119232177734 -0.0789871215820313 -0.0769500732421875
0.0169486999511719 0.00310707092285156 -0.0418128967285156 -0.0465431213378906
0.0126676559448242 -0.00384140014648438 -0.0487632751464844 -0.0620269775390625
0.0018157958984375 -0.0122623443603516 -0.0746231079101563 -0.065765380859375
-0.0108423233032227 -0.00637912750244141 -0.117164611816406 -0.04522705078125
-0.0276355743408203 0.000244140625000005 -0.139549255371094 -0.0127639770507812
-0.0280742645263672 -0.0114154815673828 -0.129554748535156 -0.0216293334960938
-0.0305728912353516 -0.0120258331298828 -0.132011413574219 -0.0493240356445313
-0.0204792022705078 -0.0295162200927734 -0.0895767211914063 -0.0961990356445313
0.00255966186523437 -0.0361900329589844 -0.0185699462890625 -0.105323791503906
0.0245532989501953 -0.0306720733642578 0.0352706909179687 -0.0807876586914063
0.0342159271240234 -0.00875091552734375 0.05615234375 -0.0247039794921875
0.0306415557861328 0.00304412841796875 0.000717163085937503 -0.0196437835693359
0.0235805511474609 0.0145664215087891 -0.0210037231445312 -0.093292236328125
0.0492782592773437 0.0827102661132813 -0.0521087646484375 -0.128585815429688
0.0662460327148438 0.0460090637207031 -0.0622482299804687 -0.0750503540039062
0.0789718627929688 -0.0160293579101563 -0.0281295776367187 -0.0509262084960938
0.0397834777832031 -0.0528678894042969 -0.0378227233886719 -0.0626373291015625
-0.00832748413085938 -0.0696792602539063 -0.0578956604003906 -0.0674896240234375
-0.054718017578125 -0.0423431396484375 -0.0997543334960938 -0.0446014404296875
-0.0816421508789063 -0.0174407958984375 -0.120429992675781 -0.0117263793945313
-0.0801239013671875 -0.0374298095703125 -0.104873657226563 -0.015655517578125
-0.0834197998046875 -0.0376663208007813 -0.112548828125 -0.0354385375976562
-0.0526542663574219 -0.0702095031738281 -0.0842971801757813 -0.0697174072265625
3.81469726562442E-05 -0.0872955322265625 -0.0271224975585938 -0.08319091796875
0.0557594299316406 -0.0692329406738281 0.0108795166015625 -0.074249267578125
0.0866241455078125 -0.00725555419921875 0.0377273559570313 -0.0309715270996094
0.0662879943847656 0.0312232971191406 -0.00623512268066406 -0.0232601165771484
0.0459365844726562 0.0671195983886719 -0.0248641967773437 -0.0850906372070312
0.0677337646484375 0.129478454589844 -0.028076171875 -0.0995941162109375
0.100379943847656 0.0775680541992188 -0.0364418029785156 -0.0628166198730469
0.133674621582031 -0.0197219848632813 -0.0115890502929687 -0.0463027954101563
0.073211669921875 -0.0880355834960938 -0.0227127075195312 -0.0513038635253906
-0.00424194335937499 -0.120590209960938 -0.032257080078125 -0.0550117492675781
-0.0837478637695313 -0.0800933837890625 -0.06646728515625 -0.0338516235351562
-0.12152099609375 -0.0374603271484375 -0.0814971923828125 -0.00798034667968751
-0.119636535644531 -0.0585250854492187 -0.0641593933105469 -0.00720596313476563
-0.126907348632813 -0.0530929565429687 -0.074615478515625 -0.0176773071289063
-0.0866165161132813 -0.095123291015625 -0.0610198974609375 -0.0347023010253906
-0.018035888671875 -0.127754211425781 -0.02484130859375 -0.0479393005371094
0.0661087036132813 -0.110466003417969 -0.00823593139648438 -0.0513114929199219
0.131889343261719 -0.0222625732421875 0.0164146423339844 -0.0241584777832031
0.106468200683594 0.045989990234375 -0.0114078521728516 -0.0192623138427734
0.0728073120117187 0.108787536621094 -0.0251808166503906 -0.0621261596679687
0.0671234130859375 0.15533447265625 -0.00358963012695313 -0.0560989379882812
0.106758117675781 0.102088928222656 -0.0109519958496094 -0.041778564453125
0.163803100585937 -0.006591796875 -0.00232887268066406 -0.0322685241699219
0.102630615234375 -0.09832763671875 -0.0133934020996094 -0.0260658264160156
0.0120086669921875 -0.148391723632813 -0.00654792785644531 -0.0246677398681641
-0.0912704467773437 -0.109420776367188 -0.0237751007080078 -0.00922012329101563
-0.139106750488281 -0.054443359375 -0.0287208557128906 0.00122833251953125
-0.140510559082031 -0.0697250366210938 -0.0133399963378906 0.00167655944824218
-0.152969360351563 -0.0573883056640625 -0.0246849060058594 -0.00290489196777344
-0.113113403320313 -0.101203918457031 -0.0214672088623047 -0.00269126892089844
-0.0429534912109375 -0.148590087890625 -0.0050506591796875 -0.0129365921020508
0.0577545166015625 -0.139595031738281 -0.0100440979003906 -0.0191326141357422
0.158370971679688 -0.04498291015625 0.00623083114624024 -0.00450563430786133
0.139862060546875 0.0487518310546875 -0.00568151473999023 -0.00528860092163086
0.0963897705078125 0.133613586425781 -0.0169506072998047 -0.0247440338134766
0.0538482666015625 0.15386962890625 0.0143022537231445 -0.00786495208740234
0.08819580078125 0.108123779296875 0.00453758239746094 -0.0174188613891601
0.156524658203125 0.0143280029296875 -0.00748729705810546 -0.0140838623046875
0.112091064453125 -0.0828475952148438 -0.0164623260498047 0.00791740417480468
0.030029296875 -0.144287109375 0.00800323486328125 0.0181064605712891
-0.0796966552734375 -0.1197509765625 0.0170936584472656 0.0263595581054687
-0.133262634277344 -0.0630874633789063 0.0266551971435547 0.0164470672607422
-0.139640808105469 -0.0710906982421875 0.0383987426757812 0.0105857849121094
-0.157058715820313 -0.0536651611328125 0.0291213989257812 0.00690460205078125
-0.1209716796875 -0.09271240234375 0.0254669189453125 0.0196266174316406
-0.05853271484375 -0.145660400390625 0.0250473022460938 0.01300048828125
0.0421905517578125 -0.145492553710938 0.00528526306152344 0.00965404510498046
0.159194946289063 -0.059417724609375 0.0133628845214844 0.0174589157104492
0.152938842773438 0.0426483154296875 0.0141315460205078 0.013524055480957
0.106849670410156 0.137565612792969 0.001434326171875 0.0203723907470703
0.03521728515625 0.12774658203125 0.0234451293945313 0.0372734069824219
0.0586929321289063 0.0931015014648438 0.00884151458740235 0.00302696228027344
0.120506286621094 0.0280990600585938 -0.0244026184082031 -0.000394821166992185
0.095733642578125 -0.0526275634765625 -0.032318115234375 0.0378379821777344
0.0373687744140625 -0.112266540527344 0.00860977172851562 0.0603904724121094
-0.0571212768554688 -0.105499267578125 0.0473823547363281 0.0650062561035156
-0.106468200683594 -0.0590972900390625 0.0767822265625 0.0340042114257812
-0.118194580078125 -0.0616073608398437 0.0846939086914062 0.0181808471679687
-0.136756896972656 -0.0457382202148437 0.0780029296875 0.0117340087890625
-0.108566284179688 -0.0763015747070313 0.0702400207519531 0.032989501953125
-0.0584335327148438 -0.124916076660156 0.0552520751953125 0.0299530029296875
0.02899169921875 -0.128067016601563 0.0266838073730469 0.0301761627197266
0.138633728027344 -0.057647705078125 0.029449462890625 0.0345573425292969
0.13897705078125 0.0353317260742188 0.0419960021972656 0.0320396423339844
0.0977630615234375 0.121597290039062 0.0243797302246094 0.0658683776855469
0.0175323486328125 0.0846939086914063 0.0271530151367188 0.0702476501464844
0.0303192138671875 0.0630722045898438 0.0073394775390625 0.0143909454345703
0.0705718994140625 0.0268325805664063 -0.0436553955078125 0.00681304931640625
0.0597038269042969 -0.0232963562011719 -0.0499725341796875 0.0589790344238281
0.0280036926269531 -0.0656166076660156 0.00238800048828124 0.0914840698242187
-0.0322341918945313 -0.069854736328125 0.0675048828125 0.094329833984375
-0.0653953552246094 -0.0417671203613281 0.114532470703125 0.048492431640625
-0.0789108276367187 -0.0431060791015625 0.118659973144531 0.0236663818359375
-0.0958709716796875 -0.033599853515625 0.115730285644531 0.013946533203125
-0.077423095703125 -0.0543365478515625 0.103935241699219 0.0400848388671875
-0.042877197265625 -0.0902862548828125 0.0773468017578125 0.0410690307617187
0.0188064575195313 -0.091949462890625 0.0455093383789063 0.0438079833984375
0.100265502929688 -0.04217529296875 0.0449256896972656 0.0457420349121094
0.0999832153320313 0.0255813598632813 0.066986083984375 0.0485382080078125
0.0695571899414063 0.087371826171875 0.04486083984375 0.105232238769531
-0.0315341949462891 -0.0345458984375 -0.0703048706054688 -0.133575439453125
-0.046783447265625 -0.00888061523437499 -0.082672119140625 -0.071197509765625
-0.0410728454589844 0.03179931640625 -0.0479621887207031 -0.0385475158691406
-0.00431442260742188 0.0472831726074219 -0.0513076782226562 -0.05560302734375
0.0228233337402344 0.0428619384765625 -0.07958984375 -0.0568161010742187
0.0390396118164063 0.0236320495605469 -0.118736267089844 -0.04156494140625
0.0322914123535156 0.0139122009277344 -0.139900207519531 -0.012115478515625
0.0286445617675781 0.0165596008300781 -0.136741638183594 -0.0230026245117188
0.0247631072998047 0.0192909240722656 -0.134513854980469 -0.053619384765625
0.00510597229003906 0.0195178985595703 -0.0865631103515625 -0.104904174804688
-0.00950241088867188 0.0159492492675781 -0.01275634765625 -0.111495971679687
-0.0198421478271484 -0.00126266479492188 0.0470809936523438 -0.0755767822265625
-0.0166053771972656 -0.0249786376953125 0.061309814453125 -0.0172843933105469
0.002288818359375 -0.0324172973632813 0.00178050994873047 -0.0134572982788086
0.00576019287109375 -0.04193115234375 -0.01751708984375 -0.0881881713867188
0.0145454406738281 0.0249347686767578 -0.0693511962890625 -0.140731811523438
0.01397705078125 0.0145702362060547 -0.0810470581054688 -0.07708740234375
0.0170669555664063 0.00292015075683594 -0.0426712036132812 -0.0468292236328125
0.0129022598266602 -0.00417804718017578 -0.0501251220703125 -0.0622978210449219
0.00209617614746094 -0.0122566223144531 -0.0760879516601563 -0.066253662109375
-0.0111627578735352 -0.00597095489501953 -0.119232177734375 -0.0450820922851562
-0.0276336669921875 0.000741958618164065 -0.14251708984375 -0.01153564453125
-0.0287036895751953 -0.0114250183105469 -0.132415771484375 -0.0207061767578125
-0.0307388305664063 -0.0120506286621094 -0.134994506835938 -0.0487899780273437
-0.0209007263183594 -0.0297622680664063 -0.0927200317382813 -0.0960006713867187
0.00236892700195313 -0.0370712280273438 -0.0197982788085937 -0.106788635253906
0.0245323181152344 -0.0316410064697266 0.03466796875 -0.0821762084960938
0.0347919464111328 -0.00886154174804688 0.056488037109375 -0.0255126953125
0.0309200286865234 0.00263023376464844 0.000431060791015628 -0.0196723937988281
0.0242633819580078 0.0145149230957031 -0.0220413208007813 -0.0941009521484375
0.0510635375976563 0.0830459594726562 -0.0542373657226562 -0.129638671875
0.0680389404296875 0.0453948974609375 -0.0640335083007813 -0.0747528076171875
0.080047607421875 -0.0171051025390625 -0.0288848876953125 -0.0509757995605469
0.0400886535644531 -0.0537910461425781 -0.0392417907714844 -0.0629653930664063
-0.00938415527343749 -0.0711441040039063 -0.0593070983886719 -0.0683326721191406
-0.0558547973632813 -0.0424118041992188 -0.101806640625 -0.0444488525390625
-0.083160400390625 -0.016357421875 -0.122123718261719 -0.0107421875
-0.0819625854492188 -0.0372543334960938 -0.106895446777344 -0.0145111083984375
-0.0850753784179688 -0.037384033203125 -0.11492919921875 -0.0343246459960937
-0.0537376403808594 -0.0701065063476563 -0.0864944458007812 -0.0691375732421875
-0.000946044921875009 -0.0890426635742188 -0.0288772583007813 -0.0832901000976563
0.055694580078125 -0.0713882446289063 0.00984954833984376 -0.0755844116210938
0.0877838134765625 -0.00836181640625 0.0376014709472656 -0.0318641662597656
0.0672798156738281 0.0306396484375 -0.00635528564453124 -0.0235328674316406
0.0480003356933594 0.0672683715820313 -0.026458740234375 -0.0862503051757813
0.0704727172851563 0.130081176757813 -0.030364990234375 -0.100044250488281
0.102569580078125 0.0776824951171875 -0.0379219055175781 -0.063079833984375
0.135292053222656 -0.0218353271484375 -0.0124626159667969 -0.0466995239257812
0.0732421875 -0.0901641845703125 -0.0237770080566406 -0.0516548156738281
-0.00592803955078124 -0.122276306152344 -0.0333175659179688 -0.0556488037109375
-0.08563232421875 -0.0803298950195313 -0.0680160522460938 -0.0341148376464844
-0.123641967773437 -0.03594970703125 -0.0823898315429688 -0.00720214843749999
-0.122154235839844 -0.05767822265625 -0.0652618408203125 -0.00664138793945313
-0.12933349609375 -0.0522537231445312 -0.0761260986328125 -0.0169143676757813
-0.0889816284179688 -0.09515380859375 -0.0623931884765625 -0.0341949462890625
-0.019622802734375 -0.129531860351563 -0.025604248046875 -0.0484580993652344
0.0656051635742187 -0.113090515136719 -0.00934219360351562 -0.0518608093261719
0.133445739746094 -0.0247344970703125 0.0159549713134766 -0.0248241424560547
0.1085205078125 0.0457687377929688 -0.0116386413574219 -0.0193424224853516
0.0757369995117188 0.109245300292969 -0.0261917114257813 -0.0624809265136719
0.0702362060546875 0.156021118164062 -0.00462341308593749 -0.0567588806152344
0.109474182128906 0.102119445800781 -0.0115699768066406 -0.0420074462890625
0.165786743164063 -0.008880615234375 -0.00313758850097656 -0.032928466796875
0.102622985839844 -0.101478576660156 -0.0133628845214844 -0.0262222290039063
0.010284423828125 -0.150665283203125 -0.00711441040039063 -0.0252532958984375
-0.093963623046875 -0.109725952148438 -0.0240402221679688 -0.00949478149414063
-0.141403198242188 -0.053802490234375 -0.0294456481933594 0.00175285339355469
-0.143508911132813 -0.0694580078125 -0.0135030746459961 0.00181198120117187
-0.155868530273437 -0.05645751953125 -0.0253658294677734 -0.00252532958984375
-0.115921020507812 -0.101303100585937 -0.0223274230957031 -0.00240516662597656
-0.0449676513671875 -0.14984130859375 -0.00539302825927735 -0.0130863189697266
0.0569610595703125 -0.142623901367188 -0.0108413696289062 -0.0189342498779297
0.15966796875 -0.0478363037109375 0.00606393814086915 -0.00501203536987305
0.14276123046875 0.047576904296875 -0.00598716735839843 -0.00562667846679687
0.0999526977539063 0.134529113769531 -0.0172882080078125 -0.0248870849609375
0.0568084716796875 0.15533447265625 0.0142364501953125 -0.0082101821899414
0.0907974243164063 0.108657836914063 0.00463867187500001 -0.0172452926635742
0.159515380859375 0.0123138427734375 -0.00762271881103514 -0.0143575668334961
0.112808227539063 -0.0848236083984375 -0.0166893005371094 0.00791168212890624
0.0286102294921875 -0.146820068359375 0.00847434997558594 0.0183010101318359
-0.0821990966796875 -0.120323181152344 0.0176563262939453 0.0265026092529297
-0.135536193847656 -0.0624465942382813 0.0271434783935547 0.0168190002441406
-0.14276123046875 -0.0706634521484375 0.0390586853027344 0.0104866027832031
-0.159683227539063 -0.052734375 0.029296875 0.00693511962890625
-0.123947143554688 -0.0925445556640625 0.0260238647460937 0.0199527740478516
-0.0609588623046875 -0.14703369140625 0.0251655578613281 0.0133705139160156
0.0412445068359375 -0.148788452148438 0.00478172302246094 0.0099954605102539
0.161178588867187 -0.0626678466796875 0.0134181976318359 0.017359733581543
0.155319213867188 0.0415802001953125 0.0140800476074219 0.0128898620605469
0.110649108886719 0.138107299804687 0.00160598754882813 0.0208110809326172
0.0375289916992187 0.129402160644531 0.0241928100585938 0.0375213623046875
0.0608367919921875 0.0937347412109375 0.00914478302001953 0.00315093994140626
0.123008728027344 0.0264053344726563 -0.0249176025390625 -0.000267028808593744
0.0968475341796875 -0.0545654296875 -0.0324172973632812 0.0388679504394531
0.0359039306640625 -0.114608764648438 0.00953292846679687 0.0613479614257812
-0.0590667724609375 -0.106452941894531 0.0488052368164062 0.0653266906738281
-0.108268737792969 -0.0585479736328125 0.0786285400390625 0.0342788696289062
-0.120468139648438 -0.0613174438476562 0.086273193359375 0.017791748046875
-0.139320373535156 -0.04449462890625 0.0793533325195312 0.0110015869140625
-0.111000061035156 -0.075958251953125 0.0712890625 0.0325775146484375
-0.0605087280273438 -0.12591552734375 0.0562171936035156 0.0298004150390625
0.0281600952148437 -0.130218505859375 0.0269451141357422 0.03045654296875
0.140029907226563 -0.0603561401367188 0.0303115844726563 0.0343017578125
0.141403198242188 0.0341796875 0.0426712036132813 0.0315093994140625
0.100860595703125 0.122154235839844 0.0257110595703125 0.0664749145507813
0.0186614990234375 0.0857391357421875 0.028411865234375 0.0708847045898437
0.0313529968261719 0.0634498596191406 0.00808334350585938 0.0146312713623047
0.0723037719726563 0.025909423828125 -0.0442924499511719 0.00718307495117188
0.0603523254394531 -0.0246543884277344 -0.0500717163085938 0.0598602294921875
0.0275382995605469 -0.0668106079101563 0.003204345703125 0.0925369262695313
-0.033660888671875 -0.0707321166992188 0.0689315795898438 0.0950241088867188
-0.0669136047363281 -0.0417404174804688 0.116806030273437 0.0482101440429687
-0.080291748046875 -0.0429611206054688 0.120582580566406 0.0228195190429687
-0.0977706909179687 -0.0332107543945313 0.117660522460938 0.0130996704101563
-0.07916259765625 -0.0539703369140625 0.106025695800781 0.0396041870117187
-0.0445327758789062 -0.0911407470703125 0.078857421875 0.0410385131835937
0.0183029174804687 -0.093505859375 0.0462226867675781 0.0439872741699219
0.100997924804687 -0.0442123413085938 0.0461044311523438 0.0454444885253906
0.102066040039063 0.0250778198242188 0.0685272216796875 0.0478248596191406
0.0715484619140625 0.0878372192382813 0.0470199584960938 0.10614013671875
-0.0320854187011719 -0.0350303649902344 -0.0732498168945312 -0.134300231933594
-0.0474090576171875 -0.00838851928710938 -0.085052490234375 -0.0707321166992188
-0.0410652160644531 0.0331001281738281 -0.0485305786132812 -0.0381011962890625
-0.00373077392578125 0.048126220703125 -0.0531539916992187 -0.055938720703125
0.0235748291015625 0.0429191589355469 -0.0813217163085938 -0.056884765625
0.039794921875 0.0234603881835938 -0.120361328125 -0.04132080078125
0.0329322814941406 0.0133342742919922 -0.142532348632813 -0.0102996826171875
0.029296875 0.0160732269287109 -0.139175415039062 -0.0215225219726563
0.0249404907226563 0.0192375183105469 -0.137130737304688 -0.0522003173828125
0.00527000427246094 0.019622802734375 -0.0890655517578125 -0.104827880859375
-0.00960063934326172 0.0163946151733398 -0.0143966674804688 -0.112190246582031
-0.01995849609375 -0.000696182250976564 0.0468368530273438 -0.077117919921875
-0.0174999237060547 -0.0247058868408203 0.0613746643066406 -0.0184478759765625
0.00174713134765625 -0.0331382751464844 0.00129127502441406 -0.0134000778198242
0.00506210327148438 -0.0422859191894531 -0.0186080932617188 -0.0885543823242187
0.0157260894775391 0.0252609252929688 -0.0723419189453125 -0.141387939453125
0.0144424438476563 0.0146379470825195 -0.0830535888671875 -0.0761566162109375
0.0172348022460938 0.0025634765625 -0.044158935546875 -0.0468940734863281
0.0130376815795898 -0.00468921661376953 -0.0516471862792969 -0.0619468688964844
0.00188064575195313 -0.0124101638793945 -0.07806396484375 -0.0661468505859375
-0.0109624862670898 -0.00597476959228515 -0.12152099609375 -0.0447311401367187
-0.0282135009765625 0.0012054443359375 -0.143997192382813 -0.010009765625
-0.0290870666503906 -0.0113315582275391 -0.134025573730469 -0.0195388793945312
-0.0313663482666016 -0.0115852355957031 -0.137504577636719 -0.0476150512695312
-0.0215530395507812 -0.0298347473144531 -0.095245361328125 -0.0961227416992187
0.00191879272460938 -0.0371932983398437 -0.02154541015625 -0.107704162597656
0.0243797302246094 -0.0324840545654297 0.0338516235351562 -0.0834884643554687
0.0347862243652344 -0.00961494445800781 0.0569000244140625 -0.0267066955566406
0.0313510894775391 0.00236320495605469 2.288818359375E-05 -0.0192813873291016
0.0249252319335938 0.0141696929931641 -0.0234527587890625 -0.0946121215820313
0.0531463623046875 0.0831756591796875 -0.0575637817382812 -0.130279541015625
0.0694618225097656 0.0449790954589844 -0.0661544799804687 -0.074462890625
0.0810165405273437 -0.0188751220703125 -0.0298919677734375 -0.0511550903320313
0.0396537780761719 -0.0552864074707031 -0.0401229858398438 -0.0633087158203125
-0.0103836059570312 -0.0717926025390625 -0.06109619140625 -0.0684585571289063
-0.0572509765625 -0.0421714782714844 -0.103904724121094 -0.0442657470703125
-0.0845718383789063 -0.0156784057617187 -0.12371826171875 -0.00940704345703124
-0.083587646484375 -0.0368423461914063 -0.1085205078125 -0.013458251953125
-0.08673095703125 -0.03662109375 -0.117286682128906 -0.0333786010742187
-0.0557479858398437 -0.0704269409179688 -0.0883331298828125 -0.068878173828125
-0.00171661376953125 -0.0899429321289063 -0.03033447265625 -0.0843658447265625
0.0554580688476562 -0.0730972290039063 0.0084381103515625 -0.0763473510742188
0.08929443359375 -0.00966644287109375 0.0372200012207031 -0.0328865051269531
0.068878173828125 0.0303192138671875 -0.00708007812499999 -0.0235385894775391
0.0494766235351563 0.0671615600585938 -0.0279464721679687 -0.0865936279296875
0.0737075805664063 0.130630493164063 -0.0324859619140625 -0.101020812988281
0.1053466796875 0.0770416259765625 -0.0393714904785156 -0.0626220703125
0.136871337890625 -0.0246963500976563 -0.01318359375 -0.047515869140625
0.0735015869140625 -0.0928878784179688 -0.024993896484375 -0.0520401000976563
-0.00764465332031251 -0.1236572265625 -0.0344734191894531 -0.0561027526855469
-0.087890625 -0.080078125 -0.0690536499023438 -0.0339736938476563
-0.12603759765625 -0.0351715087890625 -0.083648681640625 -0.00576019287109376
-0.125244140625 -0.0570907592773438 -0.0661087036132813 -0.00604629516601563
-0.131553649902344 -0.051177978515625 -0.0772552490234375 -0.016265869140625
-0.0914077758789063 -0.0950851440429687 -0.0635719299316406 -0.0337257385253906
-0.0216445922851563 -0.131149291992188 -0.0268936157226563 -0.0488777160644531
0.0652008056640625 -0.11578369140625 -0.0106658935546875 -0.052154541015625
0.134841918945313 -0.0270004272460938 0.0154705047607422 -0.0259323120117188
0.111015319824219 0.044464111328125 -0.0125885009765625 -0.0193271636962891
0.0789337158203125 0.1090087890625 -0.0275421142578125 -0.0628814697265625
0.0739898681640625 0.157196044921875 -0.00560760498046874 -0.0575485229492188
0.112716674804687 0.102439880371094 -0.0124473571777344 -0.0420188903808594
0.168228149414063 -0.01171875 -0.00353431701660155 -0.0332279205322266
0.102874755859375 -0.104339599609375 -0.0138721466064453 -0.0264930725097656
0.00833129882812499 -0.1529541015625 -0.00756072998046875 -0.0257492065429688
-0.096710205078125 -0.110298156738281 -0.0246601104736328 -0.0096893310546875
-0.144195556640625 -0.052490234375 -0.0298118591308594 0.00203514099121093
-0.14691162109375 -0.06884765625 -0.0138540267944336 0.00205707550048828
-0.159072875976563 -0.0548553466796875 -0.0258769989013672 -0.00197601318359375
-0.118873596191406 -0.100555419921875 -0.0223560333251953 -0.00196456909179688
-0.0480804443359375 -0.1512451171875 -0.00576305389404297 -0.0132246017456055
0.055877685546875 -0.145675659179688 -0.0116176605224609 -0.0192737579345703
0.161605834960938 -0.0508270263671875 0.00597476959228516 -0.00552654266357422
0.145233154296875 0.04638671875 -0.00618886947631835 -0.00588846206665039
0.103378295898437 0.135040283203125 -0.0176353454589844 -0.0250034332275391
0.0599365234375 0.15631103515625 0.0144319534301758 -0.00858688354492186
0.0939407348632812 0.108726501464844 0.00432300567626954 -0.0174703598022461
0.162384033203125 0.009368896484375 -0.00824546813964843 -0.0145196914672852
0.113212585449219 -0.087738037109375 -0.0165338516235351 0.00819015502929687
0.0266265869140625 -0.149444580078125 0.00852584838867188 0.0180873870849609
-0.0846786499023437 -0.121208190917969 0.0179595947265625 0.0265827178955078
-0.138206481933594 -0.0613174438476563 0.0279350280761719 0.0166873931884766
-0.146148681640625 -0.06976318359375 0.0398521423339844 0.009857177734375
-0.162933349609375 -0.050994873046875 0.0295696258544922 0.00680923461914062
-0.126762390136719 -0.0920944213867188 0.0263290405273437 0.0200538635253906
-0.06451416015625 -0.148269653320313 0.0256729125976562 0.0128841400146484
0.03955078125 -0.151519775390625 0.00456428527832032 0.0104589462280273
0.163040161132812 -0.06622314453125 0.013728141784668 0.0171527862548828
0.158523559570313 0.0395965576171875 0.0141506195068359 0.0125923156738281
0.113967895507813 0.138282775878906 0.00213813781738282 0.0208873748779297
0.039825439453125 0.130302429199219 0.0249519348144531 0.0373764038085938
0.0633392333984375 0.094085693359375 0.00919914245605469 0.00290584564208985
0.12493896484375 0.0246353149414063 -0.0249691009521484 6.48498535156251E-05
0.0971603393554688 -0.0566558837890625 -0.0322608947753906 0.0393943786621094
0.0348739624023438 -0.116996765136719 0.0102500915527344 0.0621490478515625
-0.0614547729492187 -0.107109069824219 0.0505523681640625 0.065643310546875
-0.110870361328125 -0.0579833984375 0.0801010131835938 0.034027099609375
-0.123420715332031 -0.0605239868164063 0.0876312255859375 0.0165634155273438
-0.141937255859375 -0.042999267578125 0.0803146362304687 0.0103530883789062
-0.11322021484375 -0.0749969482421875 0.0727005004882813 0.031982421875
-0.0630874633789062 -0.126808166503906 0.0569038391113281 0.02947998046875
0.0266799926757813 -0.13287353515625 0.02728271484375 0.0306873321533203
0.14154052734375 -0.0634613037109375 0.0309066772460938 0.0338840484619141
0.14398193359375 0.0325469970703125 0.0433998107910156 0.0304908752441406
0.103927612304688 0.122451782226563 0.026763916015625 0.0667037963867188
0.0199508666992187 0.0865097045898438 0.0300827026367187 0.0712356567382813
0.0328521728515625 0.0637054443359375 0.00861740112304688 0.0147867202758789
0.0735855102539063 0.02484130859375 -0.0446128845214844 0.00799179077148438
0.0603904724121094 -0.0256614685058594 -0.0497817993164063 0.0609703063964844
0.0266990661621094 -0.0682907104492187 0.00465393066406251 0.0935592651367188
-0.03485107421875 -0.0714569091796875 0.0712738037109375 0.0955734252929688
-0.068634033203125 -0.0411605834960938 0.119255065917969 0.0475540161132813
-0.0820159912109375 -0.0421524047851562 0.12286376953125 0.0211563110351562
-0.0997314453125 -0.0316925048828125 0.119422912597656 0.0116043090820312
-0.0809249877929688 -0.0537643432617188 0.107864379882812 0.038604736328125
-0.0465927124023438 -0.091705322265625 0.08001708984375 0.0403289794921875
0.0168533325195313 -0.09539794921875 0.0475234985351562 0.0439300537109375
0.102134704589844 -0.046661376953125 0.0468482971191406 0.0450897216796875
0.10406494140625 0.024017333984375 0.0697402954101563 0.0471153259277344
0.0738296508789063 0.0882339477539063 0.0490036010742188 0.1065673828125
-0.0327625274658203 -0.0349769592285156 -0.0766983032226563 -0.134681701660156
-0.0484809875488281 -0.00768280029296875 -0.0877532958984375 -0.0701446533203125
-0.0412368774414063 0.0342788696289063 -0.0497856140136719 -0.0377578735351563
-0.00271224975585938 0.0488395690917969 -0.0542259216308594 -0.0556221008300781
0.0245819091796875 0.0429229736328125 -0.0831222534179688 -0.0565109252929688
0.0405006408691406 0.0228347778320313 -0.122848510742187 -0.040313720703125
0.0339069366455078 0.0131492614746094 -0.144775390625 -0.0088348388671875
0.0301647186279297 0.0158958435058594 -0.141372680664063 -0.0198211669921875
0.0258350372314453 0.0189456939697266 -0.139625549316406 -0.0511093139648438
0.0059356689453125 0.0198211669921875 -0.0919189453125 -0.104934692382813
-0.00927543640136719 0.0167179107666016 -0.015899658203125 -0.113174438476563
-0.0200710296630859 4.005432128906E-05 0.04571533203125 -0.0784759521484375
-0.0183181762695312 -0.0245494842529297 0.0616798400878906 -0.0196075439453125
0.00103759765625 -0.0334529876708984 0.00136470794677734 -0.0130481719970703
0.0044708251953125 -0.0435523986816406 -0.019927978515625 -0.0893020629882812
0.0165996551513672 0.0248489379882812 -0.076507568359375 -0.142257690429688
0.0148506164550781 0.0143251419067383 -0.085968017578125 -0.0757522583007813
0.0174827575683594 0.00235366821289063 -0.0451126098632813 -0.0466537475585938
0.0133171081542969 -0.00441837310791016 -0.052825927734375 -0.0622940063476562
0.00197982788085937 -0.0127115249633789 -0.0797958374023438 -0.0657119750976563
-0.0111589431762695 -0.0060577392578125 -0.123725891113281 -0.04388427734375
-0.0282726287841797 0.00111007690429688 -0.14605712890625 -0.0084075927734375
-0.0299663543701172 -0.0109977722167969 -0.136543273925781 -0.017822265625
-0.0320758819580078 -0.0114688873291016 -0.139808654785156 -0.0458984375
-0.0223255157470703 -0.0299663543701172 -0.0973739624023437 -0.09552001953125
0.00156021118164062 -0.0381011962890625 -0.0231094360351562 -0.108711242675781
0.0244235992431641 -0.0328788757324219 0.0328216552734375 -0.08477783203125
0.03515625 -0.0101051330566406 0.0570869445800781 -0.0277366638183594
0.0316257476806641 0.00170135498046875 -0.000211715698242188 -0.0194320678710938
0.0254917144775391 0.0138416290283203 -0.0251617431640625 -0.0951690673828125
0.0556259155273438 0.083282470703125 -0.0599517822265625 -0.130653381347656
0.0710906982421875 0.0443496704101563 -0.0680770874023438 -0.0738983154296875
0.0818710327148438 -0.020751953125 -0.0311546325683594 -0.0516815185546875
0.0391082763671875 -0.0567779541015625 -0.0417137145996094 -0.0632896423339844
-0.0116729736328125 -0.0724639892578125 -0.0629539489746094 -0.0684623718261719
-0.0582504272460937 -0.0417594909667969 -0.105537414550781 -0.0436172485351563
-0.0857772827148438 -0.0148086547851563 -0.125694274902344 -0.00763702392578123
-0.08575439453125 -0.0363998413085938 -0.110488891601563 -0.0121307373046875
-0.0884780883789063 -0.035888671875 -0.119285583496094 -0.0318527221679688
-0.0572280883789063 -0.0706405639648437 -0.0906448364257813 -0.068267822265625
-0.00281524658203124 -0.09100341796875 -0.031951904296875 -0.08489990234375
0.055267333984375 -0.07452392578125 0.00775909423828126 -0.0771636962890625
0.0899887084960937 -0.0113601684570312 0.0374031066894531 -0.0338020324707031
0.0701866149902344 0.02978515625 -0.00753593444824218 -0.023284912109375
0.0513153076171875 0.0671730041503906 -0.0296707153320312 -0.0871505737304687
0.0771255493164062 0.131088256835938 -0.0344772338867188 -0.101608276367188
0.108619689941406 0.0762252807617188 -0.0403556823730469 -0.0627212524414063
0.138633728027344 -0.02734375 -0.0143165588378906 -0.0477142333984375
0.072540283203125 -0.0953216552734375 -0.0260467529296875 -0.0524406433105469
-0.0100250244140625 -0.125442504882813 -0.0358238220214844 -0.056640625
-0.0897903442382812 -0.0798721313476563 -0.07025146484375 -0.0336990356445313
-0.127578735351562 -0.0338821411132813 -0.0847930908203125 -0.00498199462890625
-0.127876281738281 -0.0558624267578125 -0.0673599243164063 -0.00524520874023438
-0.134208679199219 -0.0495834350585938 -0.0790939331054688 -0.0151748657226562
-0.0940170288085938 -0.095184326171875 -0.0654106140136719 -0.0329055786132813
-0.0240097045898438 -0.132575988769531 -0.0278854370117187 -0.0491714477539063
0.064056396484375 -0.118461608886719 -0.0115814208984375 -0.0522117614746094
0.13641357421875 -0.0294570922851563 0.0153846740722656 -0.0261497497558594
0.112945556640625 0.0436630249023438 -0.0131053924560547 -0.0193881988525391
0.0817642211914063 0.109344482421875 -0.0289306640625 -0.0631103515625
0.077484130859375 0.158004760742188 -0.0065155029296875 -0.0581283569335938
0.115875244140625 0.10150146484375 -0.0128936767578125 -0.0418052673339844
0.170333862304688 -0.01495361328125 -0.00392723083496093 -0.033538818359375
0.102294921875 -0.107612609863281 -0.0145721435546875 -0.0262966156005859
0.00579833984375002 -0.154983520507813 -0.00777626037597656 -0.0261077880859375
-0.0991287231445313 -0.110038757324219 -0.0250492095947266 -0.00928497314453126
-0.146270751953125 -0.0509796142578125 -0.0301036834716797 0.0027179718017578
-0.150054931640625 -0.067840576171875 -0.014134407043457 0.00203514099121093
-0.161788940429688 -0.0535888671875 -0.0263347625732422 -0.00155448913574219
-0.121368408203125 -0.100502014160156 -0.02294921875 -0.00139999389648438
-0.050567626953125 -0.152603149414063 -0.00664615631103516 -0.0130443572998047
0.0543670654296875 -0.148681640625 -0.0127906799316406 -0.0186195373535156
0.162933349609375 -0.0541534423828125 0.0057506561279297 -0.00592756271362305
0.147781372070313 0.04443359375 -0.00647449493408202 -0.00611782073974609
0.106925964355469 0.134658813476563 -0.0185642242431641 -0.0250129699707031
0.0633087158203125 0.156875610351563 0.0144710540771484 -0.00873279571533202
0.0969696044921875 0.108131408691406 0.00467109680175782 -0.0175104141235351
0.164520263671875 0.0071563720703125 -0.00832653045654296 -0.0145111083984375
0.113731384277344 -0.0909042358398438 -0.0167150497436523 0.00861072540283203
0.0245513916015625 -0.151840209960938 0.00883293151855469 0.0183525085449219
-0.0877532958984375 -0.121536254882813 0.0190334320068359 0.0266532897949219
-0.140640258789063 -0.0604248046875 0.0283718109130859 0.0165576934814453
-0.149276733398438 -0.0684814453125 0.040435791015625 0.00972366333007812
-0.16522216796875 -0.04913330078125 0.0299930572509766 0.00647926330566406
-0.129684448242187 -0.0914535522460938 0.0268192291259766 0.0198745727539062
-0.067291259765625 -0.149078369140625 0.025726318359375 0.0127792358398437
0.03765869140625 -0.154327392578125 0.00438785552978516 0.0105190277099609
0.16363525390625 -0.0696563720703125 0.0136890411376953 0.0165605545043945
0.161026000976563 0.038238525390625 0.0142755508422852 0.0120811462402344
0.118400573730469 0.138038635253906 0.00255012512207032 0.0208644866943359
0.042236328125 0.13134765625 0.0257759094238281 0.0375595092773438
0.0656051635742188 0.0942611694335937 0.00966262817382813 0.00302600860595704
0.1270751953125 0.0228118896484375 -0.0251750946044922 0.000452041625976566
0.0977249145507813 -0.0589523315429687 -0.0320854187011719 0.0401039123535156
0.0338058471679687 -0.118667602539063 0.0109710693359375 0.062255859375
-0.063934326171875 -0.107734680175781 0.0517387390136719 0.0659751892089844
-0.112884521484375 -0.0572128295898437 0.0815582275390625 0.0328826904296875
-0.12567138671875 -0.060272216796875 0.0890426635742187 0.0156402587890625
-0.144744873046875 -0.0410614013671875 0.0815200805664062 0.00960540771484375
-0.116020202636719 -0.0742950439453125 0.0740814208984375 0.0314865112304687
-0.0657196044921875 -0.127479553222656 0.0578727722167969 0.028961181640625
0.024932861328125 -0.134651184082031 0.0279922485351563 0.03057861328125
0.142257690429688 -0.06683349609375 0.0315151214599609 0.0335273742675781
0.146453857421875 0.031005859375 0.0440025329589844 0.0300865173339844
0.107398986816406 0.122352600097656 0.0280952453613281 0.0670623779296875
0.0215911865234375 0.0874404907226562 0.031890869140625 0.07183837890625
0.0342864990234375 0.0640449523925781 0.00932693481445313 0.0148715972900391
0.0749053955078125 0.023956298828125 -0.0448684692382812 0.00841903686523439
0.0615043640136719 -0.027374267578125 -0.0493354797363281 0.0621566772460937
0.0261688232421875 -0.0696144104003906 0.00548553466796875 0.0946807861328125
-0.0364761352539062 -0.0717239379882813 0.0740509033203125 0.095855712890625
-0.0696029663085938 -0.0411567687988281 0.121055603027344 0.0463714599609375
-0.0841293334960938 -0.041595458984375 0.124801635742188 0.019744873046875
-0.101364135742188 -0.0305938720703125 0.120895385742188 0.0103073120117187
-0.0826187133789062 -0.053009033203125 0.109909057617187 0.0380096435546875
-0.0485076904296875 -0.0921554565429688 0.0815582275390625 0.039794921875
0.0159759521484375 -0.0968704223632813 0.0483512878417969 0.0436172485351562
0.102653503417969 -0.049407958984375 0.0483283996582031 0.044586181640625
0.105949401855469 0.0228729248046875 0.0709991455078125 0.046051025390625
0.076416015625 0.0884170532226562 0.051025390625 0.10693359375
-0.0339279174804687 -0.0345363616943359 -0.0799407958984375 -0.134880065917969
-0.0495376586914063 -0.006866455078125 -0.0897064208984375 -0.0692520141601562
-0.04144287109375 0.0354957580566406 -0.0508613586425781 -0.0372390747070313
-0.00222015380859375 0.0490608215332031 -0.0554046630859375 -0.055450439453125
0.0256004333496094 0.0430717468261719 -0.0845565795898438 -0.0559463500976562
0.0414466857910156 0.0226020812988281 -0.124801635742188 -0.0391311645507812
0.0341205596923828 0.0126476287841797 -0.146194458007813 -0.00752258300781248
0.0306453704833984 0.0154762268066406 -0.143447875976563 -0.0181732177734375
0.0265541076660156 0.0182094573974609 -0.141860961914063 -0.049285888671875
0.00664329528808594 0.0198307037353516 -0.0946807861328125 -0.104263305664063
-0.00885200500488282 0.0173454284667969 -0.0183029174804688 -0.114280700683594
-0.0207538604736328 0.000436782836914064 0.0453109741210938 -0.0799179077148438
-0.0190238952636719 -0.0242996215820312 0.061798095703125 -0.0207328796386719
0.0002593994140625 -0.0336093902587891 0.00101280212402344 -0.0129890441894531
0.004119873046875 -0.0441169738769531 -0.0214691162109375 -0.089447021484375
0.0174770355224609 0.0240936279296875 -0.0794677734375 -0.142196655273438
0.015202522277832 0.014246940612793 -0.08807373046875 -0.07489013671875
0.0177154541015625 0.00197410583496094 -0.0466499328613281 -0.0464439392089844
0.0130701065063477 -0.00516700744628906 -0.0542411804199219 -0.0620613098144531
0.00138187408447266 -0.0129985809326172 -0.081329345703125 -0.0652999877929688
-0.0115299224853516 -0.00603771209716797 -0.125717163085938 -0.0428085327148438
-0.0283241271972656 0.0017242431640625 -0.14825439453125 -0.00605773925781251
-0.030609130859375 -0.0107040405273437 -0.13848876953125 -0.0157623291015625
-0.0325794219970703 -0.0115623474121094 -0.1427001953125 -0.0443878173828125
-0.0228271484375 -0.0302047729492188 -0.100181579589844 -0.0950469970703125
0.000881195068359376 -0.0382537841796875 -0.0256881713867187 -0.109390258789062
0.0240650177001953 -0.0335254669189453 0.0315780639648438 -0.0862045288085938
0.035552978515625 -0.0105819702148438 0.0573043823242188 -0.0289840698242188
0.0320777893066406 0.00143051147460937 -0.000778198242187497 -0.0193424224853516
0.0259628295898438 0.0134162902832031 -0.0267715454101563 -0.0957489013671875
0.0580291748046875 0.0828399658203125 -0.063262939453125 -0.131248474121094
0.0726394653320313 0.0430831909179688 -0.0705337524414062 -0.0731658935546875
0.0826644897460937 -0.0222320556640625 -0.0323295593261719 -0.0512199401855469
0.0390243530273438 -0.05792236328125 -0.0433464050292969 -0.063568115234375
-0.0131149291992187 -0.0733718872070312 -0.0643577575683594 -0.0685844421386719
-0.0597343444824219 -0.0413017272949219 -0.107704162597656 -0.0430068969726563
-0.0868453979492188 -0.0136260986328125 -0.127227783203125 -0.00546264648437502
-0.0876998901367187 -0.0353317260742188 -0.112312316894531 -0.0109786987304688
-0.0898284912109375 -0.0349578857421875 -0.121040344238281 -0.0304107666015625
-0.0584945678710938 -0.0707321166992187 -0.0928802490234375 -0.0673065185546875
-0.00450897216796875 -0.0923843383789063 -0.033966064453125 -0.0850830078125
0.0546951293945313 -0.0764541625976563 0.0060577392578125 -0.0779495239257813
0.0906982421875 -0.012969970703125 0.0370292663574219 -0.035003662109375
0.0714111328125 0.0286636352539062 -0.00816535949707031 -0.0234928131103516
0.053314208984375 0.0668411254882813 -0.0314788818359375 -0.0873336791992187
0.0802993774414062 0.130844116210938 -0.0363998413085937 -0.101951599121094
0.1107177734375 0.0751495361328125 -0.0421371459960937 -0.0621757507324219
0.139549255371094 -0.0298385620117187 -0.0151901245117187 -0.0481948852539062
0.0720138549804688 -0.0974578857421875 -0.0271072387695312 -0.0530052185058594
-0.0119247436523437 -0.126724243164063 -0.0370140075683594 -0.056915283203125
-0.091888427734375 -0.0793838500976563 -0.0715484619140625 -0.0331649780273438
-0.129814147949219 -0.0320281982421875 -0.0856399536132813 -0.00363159179687501
-0.130455017089844 -0.0545501708984375 -0.0681076049804688 -0.004638671875
-0.136688232421875 -0.0480880737304688 -0.0803298950195313 -0.0136489868164063
-0.09637451171875 -0.094451904296875 -0.0666847229003906 -0.0321807861328125
-0.0264205932617188 -0.133399963378906 -0.0294380187988281 -0.0491180419921875
0.0629653930664063 -0.12109375 -0.01348876953125 -0.0523033142089844
0.137557983398438 -0.0323715209960937 0.0149936676025391 -0.0266780853271484
0.114997863769531 0.0423202514648438 -0.0134963989257812 -0.0194740295410156
0.0845947265625 0.108909606933594 -0.0302658081054687 -0.0629844665527344
0.0812225341796875 0.158172607421875 -0.00759506225585937 -0.0582389831542969
0.119377136230469 0.100341796875 -0.0139503479003906 -0.0415916442871094
0.171859741210938 -0.0185546875 -0.00473022460937499 -0.0339412689208984
0.102188110351563 -0.110511779785156 -0.0148677825927734 -0.0269832611083984
0.0036163330078125 -0.157058715820313 -0.00811195373535156 -0.0262317657470703
-0.102333068847656 -0.109825134277344 -0.0255279541015625 -0.00942039489746095
-0.148757934570313 -0.0494842529296875 -0.0303573608398438 0.00323295593261718
-0.153091430664063 -0.06573486328125 -0.0145645141601563 0.00195980072021484
-0.1646728515625 -0.051055908203125 -0.0269756317138672 -0.000692367553710936
-0.124435424804688 -0.0992965698242188 -0.0231246948242188 -0.0010356903076172
-0.053375244140625 -0.153533935546875 -0.00690269470214844 -0.0131921768188477
0.052947998046875 -0.151535034179688 -0.0137844085693359 -0.018453598022461
0.164093017578125 -0.05816650390625 0.00554752349853517 -0.00633525848388672
0.15032958984375 0.04302978515625 -0.00700235366821288 -0.00618505477905273
0.110755920410156 0.134048461914063 -0.0188560485839844 -0.0253372192382812
0.0667266845703125 0.157943725585938 0.0145158767700195 -0.00897216796874999
0.100250244140625 0.107879638671875 0.00435161590576172 -0.0170993804931641
0.166610717773438 0.0040130615234375 -0.00890922546386718 -0.0143861770629883
0.113601684570313 -0.0935134887695312 -0.0167179107666016 0.00896930694580078
0.0224456787109375 -0.154067993164063 0.00956344604492188 0.0184173583984375
-0.091033935546875 -0.1217041015625 0.0192337036132812 0.0264530181884766
-0.143417358398438 -0.05877685546875 0.0290069580078125 0.0165119171142578
-0.152236938476563 -0.066650390625 0.0408477783203125 0.00902175903320312
-0.1685791015625 -0.0472259521484375 0.029998779296875 0.00636482238769531
-0.13275146484375 -0.0900344848632812 0.0278434753417969 0.019989013671875
-0.07049560546875 -0.14971923828125 0.0262851715087891 0.0127143859863281
0.0357666015625 -0.156784057617188 0.00421619415283203 0.0111207962036133
0.164688110351562 -0.0735626220703125 0.0138778686523438 0.0165042877197266
0.16339111328125 0.0360260009765625 0.0146856307983399 0.0115299224853516
0.121757507324219 0.137710571289063 0.00261497497558594 0.0209941864013672
0.04522705078125 0.131988525390625 0.0268096923828125 0.03759765625
0.067901611328125 0.093994140625 0.0103111267089844 0.00346851348876954
0.129096984863281 0.0205001831054687 -0.0257129669189453 0.00084495544433594
0.0980453491210938 -0.0616302490234375 -0.0317611694335938 0.0411643981933594
0.0318527221679688 -0.120735168457031 0.012054443359375 0.0625801086425781
-0.0661468505859375 -0.107940673828125 0.0539054870605469 0.0659713745117188
-0.115135192871094 -0.056121826171875 0.0828399658203125 0.0325546264648437
-0.128921508789063 -0.0583419799804687 0.0904464721679687 0.0142974853515625
-0.14691162109375 -0.039154052734375 0.0825042724609375 0.00838470458984375
-0.118629455566406 -0.0733642578125 0.0754623413085938 0.031036376953125
-0.0687713623046875 -0.127593994140625 0.0584754943847656 0.02874755859375
0.0230178833007813 -0.136802673339844 0.0281410217285156 0.0309352874755859
0.142913818359375 -0.0699920654296875 0.0322093963623047 0.0329246520996094
0.148834228515625 0.02850341796875 0.0447235107421875 0.0289497375488281
0.110893249511719 0.121788024902344 0.029876708984375 0.0672035217285156
0.0236587524414062 0.0878524780273438 0.0336074829101563 0.071685791015625
0.0358352661132813 0.0640716552734375 0.0100669860839844 0.0150299072265625
0.076324462890625 0.0224990844726562 -0.0452880859375 0.00914382934570313
0.0611953735351562 -0.0285301208496094 -0.0488929748535156 0.063720703125
0.0250167846679688 -0.070587158203125 0.00716400146484376 0.0954666137695313
-0.0382766723632812 -0.07196044921875 0.07586669921875 0.0953750610351563
-0.0713348388671875 -0.0401153564453125 0.123176574707031 0.0449371337890625
-0.0860214233398438 -0.0404129028320312 0.126594543457031 0.0182113647460937
-0.102813720703125 -0.0293655395507813 0.122444152832031 0.0085906982421875
-0.0848312377929688 -0.0523452758789063 0.11151123046875 0.0369338989257812
-0.0506820678710938 -0.0921630859375 0.0827102661132813 0.0386581420898437
0.0142593383789063 -0.0985336303710938 0.0494270324707031 0.0436820983886719
0.103271484375 -0.0517196655273438 0.0490608215332031 0.0438194274902344
0.1075439453125 0.0212249755859375 0.0723342895507813 0.0446243286132813
0.0787811279296875 0.0879898071289063 0.0537643432617188 0.107444763183594
-0.0345039367675781 -0.0352516174316406 -0.0830764770507813 -0.134605407714844
-0.0502281188964844 -0.00677490234375001 -0.0915908813476563 -0.0673828125
-0.0412445068359375 0.0364265441894531 -0.0514297485351563 -0.036651611328125
-0.00140762329101562 0.0501251220703125 -0.0568389892578125 -0.0550270080566406
0.0267372131347656 0.0428810119628906 -0.0863189697265625 -0.0554885864257813
0.0422210693359375 0.0219230651855469 -0.126724243164063 -0.0377960205078125
0.0348281860351563 0.0121994018554688 -0.14794921875 -0.00486755371093753
0.0311527252197266 0.0150318145751953 -0.145645141601562 -0.01593017578125
0.0272006988525391 0.0183258056640625 -0.144454956054688 -0.0472869873046875
0.00695991516113281 0.0200252532958984 -0.0972671508789063 -0.1036376953125
-0.00854873657226563 0.0176467895507813 -0.0201416015625 -0.114715576171875
-0.0210342407226562 0.000822067260742183 0.0444183349609375 -0.0811614990234375
-0.0198783874511719 -0.0242557525634766 0.0618667602539063 -0.0216827392578125
-0.000209808349609375 -0.0342693328857422 0.000416755676269532 -0.0126819610595703
0.00310134887695313 -0.0446090698242188 -0.0230560302734375 -0.0895614624023437
0.0178337097167969 0.0242195129394531 -0.08306884765625 -0.14208984375
0.0156431198120117 0.0139446258544922 -0.0900802612304688 -0.0734024047851563
0.0179767608642578 0.00189971923828125 -0.04754638671875 -0.0458793640136719
0.0134429931640625 -0.00541114807128906 -0.0557441711425781 -0.0617523193359375
0.00115776062011719 -0.0133342742919922 -0.0835723876953125 -0.0648956298828125
-0.0115671157836914 -0.00597095489501953 -0.1278076171875 -0.0414047241210938
-0.0291423797607422 0.00221443176269531 -0.14996337890625 -0.00387573242187498
-0.0309009552001953 -0.0104484558105469 -0.140853881835938 -0.014007568359375
-0.0330562591552734 -0.0111274719238281 -0.14453125 -0.042266845703125
-0.0233535766601563 -0.0302066802978516 -0.102981567382813 -0.094329833984375
0.000438690185546874 -0.0388603210449219 -0.0278778076171875 -0.110252380371094
0.0236015319824219 -0.0342273712158203 0.0299301147460937 -0.0871810913085938
0.0353736877441406 -0.0113639831542969 0.05670166015625 -0.0298652648925781
0.0324440002441406 0.00107383728027344 -0.00110435485839844 -0.0193157196044922
0.0265331268310547 0.0129127502441406 -0.0284194946289062 -0.0961532592773438
0.0599441528320313 0.082489013671875 -0.066619873046875 -0.131156921386719
0.0743865966796875 0.0422592163085937 -0.0720977783203125 -0.07244873046875
0.0827255249023438 -0.0242843627929688 -0.0336265563964844 -0.0513191223144531
0.0384178161621094 -0.0594367980957031 -0.0445137023925781 -0.0637130737304688
-0.0143051147460938 -0.0737152099609375 -0.0664024353027344 -0.0683746337890625
-0.0608711242675781 -0.0410079956054687 -0.109489440917969 -0.0419082641601563
-0.0881500244140625 -0.012298583984375 -0.128654479980469 -0.00380706787109374
-0.0888519287109375 -0.0342025756835938 -0.113800048828125 -0.00925445556640626
-0.0914535522460937 -0.0339889526367188 -0.123161315917969 -0.02850341796875
-0.0604248046875 -0.0703353881835938 -0.0952377319335938 -0.0661697387695312
-0.00596618652343749 -0.0928497314453125 -0.0357208251953125 -0.0853424072265625
0.0535507202148437 -0.0779571533203125 0.00421905517578126 -0.0789718627929688
0.0913772583007813 -0.0148696899414063 0.0365257263183594 -0.0357322692871094
0.0725326538085938 0.0277252197265625 -0.00859260559082031 -0.0233383178710938
0.0555305480957031 0.0662994384765625 -0.032745361328125 -0.0876007080078125
0.083740234375 0.130561828613281 -0.0391311645507812 -0.102073669433594
0.113395690917969 0.0740280151367187 -0.0436058044433594 -0.0614204406738281
0.140434265136719 -0.0329971313476563 -0.01605224609375 -0.0481681823730469
0.0714263916015625 -0.099945068359375 -0.0279808044433594 -0.05322265625
-0.0145950317382813 -0.128067016601563 -0.037750244140625 -0.0565910339355469
-0.0939712524414063 -0.0789871215820312 -0.073150634765625 -0.0325698852539063
-0.131439208984375 -0.0306854248046875 -0.0868911743164063 -0.00257110595703124
-0.132759094238281 -0.053436279296875 -0.0693588256835938 -0.00361633300781251
-0.138740539550781 -0.04632568359375 -0.0817489624023438 -0.0126266479492187
-0.0989990234375 -0.094207763671875 -0.0677947998046875 -0.0313644409179688
-0.0286407470703125 -0.13470458984375 -0.0307502746582031 -0.0490608215332031
0.06170654296875 -0.123489379882813 -0.0147666931152344 -0.0525932312011719
0.138633728027344 -0.03533935546875 0.0140209197998047 -0.0275745391845703
0.116607666015625 0.0409774780273438 -0.0139827728271484 -0.0195903778076172
0.087799072265625 0.10882568359375 -0.0313796997070312 -0.0635871887207031
0.0848846435546875 0.157958984375 -0.00897598266601562 -0.05853271484375
0.122459411621094 0.0992584228515625 -0.0147018432617187 -0.0416450500488281
0.173568725585937 -0.0223388671875 -0.00518417358398436 -0.0338897705078125
0.100944519042969 -0.113487243652344 -0.0154380798339844 -0.0267009735107422
0.000717163085937493 -0.158706665039062 -0.00893974304199219 -0.0267391204833984
-0.105087280273437 -0.109664916992188 -0.0254802703857422 -0.00946426391601563
-0.150955200195312 -0.047821044921875 -0.0307273864746094 0.00428581237792969
-0.156280517578125 -0.0639801025390625 -0.0146751403808594 0.00236225128173828
-0.167129516601563 -0.048980712890625 -0.0272998809814453 -0.000278472900390626
-0.127273559570313 -0.0982208251953125 -0.0234527587890625 -2.28881835937579E-05
-0.056915283203125 -0.154144287109375 -0.00784683227539063 -0.0130186080932617
0.050811767578125 -0.154266357421875 -0.0143508911132812 -0.0180435180664063
0.165084838867188 -0.061279296875 0.00496339797973634 -0.00675487518310547
0.15277099609375 0.04071044921875 -0.00731801986694335 -0.00639820098876953
0.114120483398438 0.133682250976563 -0.0196609497070312 -0.0253524780273437
0.070037841796875 0.1580810546875 0.0141220092773438 -0.00908470153808593
0.103233337402344 0.107192993164063 0.00450706481933594 -0.0168390274047851
0.168411254882813 0.0005950927734375 -0.0091581344604492 -0.0142583847045898
0.112983703613281 -0.0964889526367188 -0.0166873931884766 0.00910186767578124
0.0202484130859375 -0.156112670898438 0.00986862182617188 0.0180377960205078
-0.0936431884765625 -0.121597290039063 0.0199928283691406 0.0264663696289062
-0.145645141601563 -0.0572967529296875 0.0298500061035156 0.0163116455078125
-0.155410766601563 -0.064971923828125 0.0413627624511719 0.00852584838867187
-0.171005249023437 -0.0447540283203125 0.0304298400878906 0.00607109069824218
-0.135597229003906 -0.0888900756835938 0.0281848907470703 0.0201568603515625
-0.0733489990234375 -0.149932861328125 0.0262126922607422 0.0123977661132812
0.033355712890625 -0.159317016601562 0.00387287139892578 0.0115642547607422
0.164993286132813 -0.0774383544921875 0.0139913558959961 0.0158481597900391
0.166275024414063 0.0336456298828125 0.014948844909668 0.0107755661010742
0.125503540039063 0.137039184570313 0.00329208374023438 0.0210857391357422
0.0478591918945313 0.132102966308594 0.0280227661132813 0.0375633239746094
0.0700912475585937 0.0937271118164063 0.0103082656860352 0.00344276428222657
0.130836486816406 0.0180892944335938 -0.0256175994873047 0.00114822387695312
0.09820556640625 -0.0633087158203125 -0.031097412109375 0.0420188903808594
0.0302276611328125 -0.122352600097656 0.0127983093261719 0.0631141662597656
-0.0688323974609375 -0.108406066894531 0.055328369140625 0.0656585693359375
-0.116859436035156 -0.0551071166992188 0.0846328735351562 0.0313796997070313
-0.1314697265625 -0.0568084716796875 0.0917205810546875 0.013397216796875
-0.148818969726563 -0.03692626953125 0.0832443237304687 0.00714874267578125
-0.120849609375 -0.071990966796875 0.0767593383789062 0.0298690795898437
-0.0718002319335938 -0.127899169921875 0.05938720703125 0.0276260375976562
0.0214157104492187 -0.138938903808594 0.0287914276123047 0.0309677124023437
0.14337158203125 -0.0737762451171875 0.0330753326416016 0.0322132110595703
0.150924682617188 0.0267486572265625 0.0454673767089844 0.0281982421875
0.114547729492188 0.121192932128906 0.0312614440917969 0.0673751831054688
0.0253677368164063 0.0884780883789063 0.0350112915039063 0.0717239379882813
0.0374107360839844 0.064453125 0.0105924606323242 0.0144996643066406
0.07763671875 0.02142333984375 -0.0452423095703125 0.00986480712890625
0.0618324279785156 -0.0300064086914062 -0.0482368469238281 0.0646324157714844
0.024017333984375 -0.0716552734375 0.008514404296875 0.0960845947265625
-0.0402984619140625 -0.0721435546875 0.0786361694335938 0.0957717895507813
-0.0728607177734375 -0.03985595703125 0.125526428222656 0.0440292358398437
-0.087890625 -0.0395736694335937 0.128822326660156 0.0164413452148437
-0.104827880859375 -0.0276947021484375 0.12396240234375 0.00714874267578125
-0.086639404296875 -0.0512466430664063 0.113273620605469 0.0351486206054687
-0.0527114868164062 -0.092071533203125 0.08349609375 0.0378952026367187
0.012969970703125 -0.0997085571289063 0.0503959655761719 0.0434303283691406
0.103851318359375 -0.05438232421875 0.050048828125 0.0426101684570313
0.109291076660156 0.0201187133789063 0.0733108520507813 0.04351806640625
0.0812149047851563 0.0877685546875 0.0555267333984375 0.107147216796875
-0.0355949401855469 -0.0350837707519531 -0.0863800048828125 -0.134063720703125
-0.0509109497070313 -0.00591278076171874 -0.094024658203125 -0.066375732421875
-0.0408821105957031 0.03759765625 -0.0524482727050781 -0.0363006591796875
-0.000518798828125004 0.0504264831542969 -0.0577468872070312 -0.0541458129882813
0.0280227661132813 0.0424385070800781 -0.0877838134765625 -0.0547637939453125
0.0430870056152344 0.0212593078613281 -0.129066467285156 -0.0366439819335938
0.0353431701660156 0.0118675231933594 -0.149551391601563 -0.00283813476562499
0.0320148468017578 0.014434814453125 -0.1475830078125 -0.0140380859375
0.0278339385986328 0.0176200866699219 -0.146331787109375 -0.045318603515625
0.0073394775390625 0.0200366973876953 -0.1004638671875 -0.103019714355469
-0.00832176208496093 0.0177955627441406 -0.0220947265625 -0.115264892578125
-0.0211467742919922 0.00139617919921875 0.0428848266601563 -0.0826263427734375
-0.0205955505371094 -0.0236988067626953 0.0616569519042969 -0.0225028991699219
-0.00116729736328125 -0.0347614288330078 0.000462532043457031 -0.0122623443603516
0.00261688232421875 -0.0451202392578125 -0.024566650390625 -0.089599609375
0.0185871124267578 0.0231914520263672 -0.086578369140625 -0.14105224609375
0.0159749984741211 0.0136280059814453 -0.0923004150390625 -0.0719757080078125
0.0181236267089844 0.00133705139160156 -0.0484580993652344 -0.0452003479003906
0.013361930847168 -0.00596046447753906 -0.0568618774414063 -0.0610466003417969
0.00113773345947266 -0.0135297775268555 -0.0849685668945313 -0.0643768310546875
-0.0115985870361328 -0.0062713623046875 -0.129768371582031 -0.040008544921875
-0.0289745330810547 0.00242042541503906 -0.151473999023438 -0.00180053710937502
-0.0315341949462891 -0.0101985931396484 -0.142547607421875 -0.0119476318359375
-0.0335464477539063 -0.0108509063720703 -0.146820068359375 -0.03997802734375
-0.0240688323974609 -0.0299873352050781 -0.10528564453125 -0.0930938720703125
0.000267028808593754 -0.0391006469726563 -0.0300445556640625 -0.11065673828125
0.0233860015869141 -0.0349102020263672 0.0287322998046875 -0.0886001586914062
0.0356025695800781 -0.0117454528808594 0.0566825866699219 -0.0308837890625
0.0322208404541016 0.000209808349609375 -0.00139236450195312 -0.0191688537597656
0.0271568298339844 0.0123786926269531 -0.0302734375 -0.0957565307617188
0.0619735717773438 0.0816268920898438 -0.0694503784179687 -0.13055419921875
0.0761871337890625 0.0412445068359375 -0.0739822387695313 -0.0712356567382813
0.0828094482421875 -0.026214599609375 -0.0343589782714844 -0.0513191223144531
0.0376434326171875 -0.0607452392578125 -0.0456428527832031 -0.0630340576171875
-0.0158309936523438 -0.0744247436523437 -0.0676803588867188 -0.06817626953125
-0.0618705749511719 -0.0401840209960937 -0.111274719238281 -0.0406341552734375
-0.0887680053710938 -0.0109634399414062 -0.1297607421875 -0.00183868408203128
-0.0903854370117188 -0.0331192016601563 -0.115150451660156 -0.00775909423828124
-0.0930404663085938 -0.032684326171875 -0.124702453613281 -0.02630615234375
-0.0622711181640625 -0.0699005126953125 -0.096893310546875 -0.0649566650390625
-0.00759124755859375 -0.0935821533203125 -0.0377044677734375 -0.085418701171875
0.0527191162109375 -0.079833984375 0.00251007080078125 -0.0789566040039062
0.0921630859375 -0.01654052734375 0.0360984802246094 -0.0365562438964844
0.07373046875 0.0267410278320312 -0.00899124145507812 -0.0232295989990234
0.0574607849121094 0.0653152465820313 -0.0346221923828125 -0.08758544921875
0.0863037109375 0.130027770996094 -0.0409698486328125 -0.10205078125
0.116104125976563 0.0718231201171875 -0.0448875427246094 -0.0605010986328125
0.141250610351562 -0.036346435546875 -0.01702880859375 -0.0479927062988281
0.0703201293945313 -0.101715087890625 -0.02899169921875 -0.0529441833496094
-0.0169906616210937 -0.1285400390625 -0.0393409729003906 -0.0570068359375
-0.0961227416992188 -0.0779571533203125 -0.0742568969726563 -0.0322341918945313
-0.132766723632813 -0.0284576416015625 -0.087615966796875 -0.000854492187500009
-0.1353759765625 -0.0513229370117188 -0.0701255798339844 -0.00254821777343751
-0.140716552734375 -0.044189453125 -0.0829238891601563 -0.0113143920898438
-0.101264953613281 -0.092864990234375 -0.0694084167480469 -0.0298385620117187
-0.0313491821289063 -0.135505676269531 -0.0319557189941406 -0.0489387512207031
0.060302734375 -0.125389099121094 -0.016204833984375 -0.0527801513671875
0.139015197753906 -0.0380096435546875 0.0134716033935547 -0.0282249450683594
0.118331909179688 0.0390701293945313 -0.0147953033447266 -0.0195274353027344
0.090576171875 0.107551574707031 -0.0331153869628906 -0.0631980895996094
0.0885009765625 0.1575927734375 -0.0103263854980469 -0.0585784912109375
0.125511169433594 0.0977859497070313 -0.0148811340332031 -0.0411262512207031
0.174636840820313 -0.0258331298828125 -0.00571441650390624 -0.0341949462890625
0.100273132324219 -0.116104125976563 -0.0160236358642578 -0.026519775390625
-0.00219726562500001 -0.160003662109375 -0.00909805297851562 -0.0265750885009766
-0.107582092285156 -0.108787536621094 -0.0258560180664063 -0.00921249389648438
-0.1531982421875 -0.0453033447265625 -0.0308685302734375 0.00439453125
-0.158950805664063 -0.0623626708984375 -0.0148696899414063 0.00240612030029297
-0.16925048828125 -0.046905517578125 -0.0278053283691406 0.000244140624999998
-0.13006591796875 -0.0967330932617187 -0.0239143371582031 0.000286102294921867
-0.0597381591796875 -0.154464721679688 -0.00816440582275391 -0.0131464004516602
0.048187255859375 -0.156478881835938 -0.0154762268066406 -0.01763916015625
0.165237426757813 -0.0650787353515625 0.0047903060913086 -0.00687360763549805
0.154983520507813 0.0384368896484375 -0.00805377960205077 -0.00649404525756836
0.117866516113281 0.132102966308594 -0.0199928283691406 -0.0252285003662109
0.07403564453125 0.158004760742188 0.0141534805297852 -0.00932788848876952
0.106063842773438 0.105720520019531 0.00418949127197266 -0.0173835754394531
0.169830322265625 -0.00299072265625 -0.00937461853027343 -0.0147008895874023
0.11260986328125 -0.099639892578125 -0.0163288116455078 0.00932121276855468
0.017181396484375 -0.157562255859375 0.00986862182617188 0.0178260803222656
-0.0966033935546875 -0.1207275390625 0.0207424163818359 0.0261154174804687
-0.147628784179688 -0.0557861328125 0.0304279327392578 0.0160770416259766
-0.158172607421875 -0.06304931640625 0.0418701171875 0.007568359375
-0.173126220703125 -0.04180908203125 0.0305080413818359 0.00590896606445312
-0.138389587402344 -0.0870361328125 0.0287570953369141 0.0199737548828125
-0.0768280029296875 -0.149917602539063 0.0262470245361328 0.01220703125
0.0310821533203125 -0.161346435546875 0.00350761413574219 0.0115604400634766
0.165725708007813 -0.0816192626953125 0.0142230987548828 0.015380859375
0.168228149414062 0.0309906005859375 0.0147714614868164 0.0104455947875977
0.129440307617188 0.135612487792969 0.00357627868652345 0.0211524963378906
0.0510711669921875 0.132514953613281 0.0289459228515625 0.0373992919921875
0.072906494140625 0.0930557250976563 0.0112476348876953 0.0035848617553711
0.13226318359375 0.0157318115234375 -0.0261669158935547 0.00150299072265625
0.0982284545898438 -0.0656585693359375 -0.0308151245117188 0.0427093505859375
0.0283355712890625 -0.124076843261719 0.0141754150390625 0.0633811950683594
-0.0715866088867187 -0.107765197753906 0.0569000244140625 0.0654106140136719
-0.118988037109375 -0.053436279296875 0.0854721069335937 0.0304107666015625
-0.133407592773438 -0.0548858642578125 0.0925827026367187 0.011871337890625
-0.151321411132813 -0.0346832275390625 0.083892822265625 0.00608062744140625
-0.123077392578125 -0.070526123046875 0.0779037475585937 0.029296875
-0.07470703125 -0.127632141113281 0.0597419738769531 0.027069091796875
0.0186614990234375 -0.140670776367187 0.0290718078613281 0.0311470031738281
0.143341064453125 -0.0771484375 0.0331344604492188 0.0319271087646484
0.152572631835938 0.0241241455078125 0.0459632873535156 0.0267753601074219
0.117912292480469 0.119537353515625 0.0322418212890625 0.0669975280761719
0.0270614624023437 0.0887985229492188 0.0365371704101563 0.0718994140625
0.0391654968261719 0.0640029907226563 0.0114946365356445 0.0144901275634766
0.0788421630859375 0.0199966430664063 -0.0455513000488281 0.0104751586914063
0.0616264343261719 -0.0318756103515625 -0.0474929809570312 0.0661201477050781
0.0229263305664062 -0.073150634765625 0.0102386474609375 0.0973129272460938
-0.0419387817382813 -0.0718841552734375 0.0807723999023438 0.0952301025390625
-0.073638916015625 -0.0386276245117187 0.127227783203125 0.0421066284179687
-0.0895538330078125 -0.0385360717773438 0.130134582519531 0.0148849487304687
-0.106040954589844 -0.0256271362304687 0.125282287597656 0.0049591064453125
-0.0880355834960937 -0.050079345703125 0.114982604980469 0.0340576171875
-0.0551528930664063 -0.091888427734375 0.084625244140625 0.0371932983398437
0.0110549926757812 -0.100776672363281 0.0511932373046875 0.0430526733398437
0.10357666015625 -0.0567550659179688 0.0511970520019531 0.0420036315917969
0.110374450683594 0.0184707641601563 0.074493408203125 0.0419692993164063
0.0836563110351563 0.0869522094726563 0.0578231811523438 0.106468200683594
-0.0365180969238281 -0.0348167419433594 -0.0897979736328125 -0.133285522460938
-0.0510978698730469 -0.00497817993164062 -0.0957794189453125 -0.06494140625
-0.041046142578125 0.0389938354492187 -0.0529594421386719 -0.03521728515625
0.00045394897460937 0.0507316589355469 -0.0589599609375 -0.0537261962890625
0.0288658142089844 0.042510986328125 -0.0889739990234375 -0.0536117553710938
0.0435829162597656 0.0208473205566406 -0.130096435546875 -0.03521728515625
0.0357933044433594 0.0110054016113281 -0.15093994140625 -0.000686645507812525
0.0326862335205078 0.0141811370849609 -0.14892578125 -0.0114593505859375
0.028045654296875 0.0171680450439453 -0.148086547851563 -0.043060302734375
0.00778961181640625 0.0196304321289063 -0.10211181640625 -0.101699829101562
-0.00821495056152344 0.0182456970214844 -0.0245590209960937 -0.115592956542969
-0.0213127136230469 0.00214004516601563 0.0417938232421875 -0.0839004516601563
-0.0214176177978516 -0.0236263275146484 0.0617141723632813 -0.0236053466796875
-0.00136947631835937 -0.0348682403564453 0.000243186950683594 -0.0120706558227539
0.0013885498046875 -0.0457077026367188 -0.0264892578125 -0.08935546875
0.0192661285400391 0.0229568481445313 -0.0899505615234375 -0.140640258789062
0.0162086486816406 0.0131797790527344 -0.09442138671875 -0.0703125
0.0179214477539063 0.00128555297851563 -0.0489540100097656 -0.0451431274414063
0.0134086608886719 -0.00605678558349609 -0.0582160949707031 -0.0609931945800781
0.000977516174316406 -0.0133323669433594 -0.0863189697265625 -0.063629150390625
-0.01153564453125 -0.00555229187011719 -0.131126403808594 -0.0384292602539062
-0.0290679931640625 0.00316810607910157 -0.152374267578125 0.000320434570312497
-0.0321407318115234 -0.00984382629394532 -0.144088745117188 -0.00961303710937498
-0.0341644287109375 -0.00995063781738281 -0.148757934570312 -0.0377655029296875
-0.0245895385742188 -0.0298404693603516 -0.107589721679688 -0.09173583984375
-0.000572204589843746 -0.0396080017089844 -0.0318222045898438 -0.110618591308594
0.0226478576660156 -0.0350971221923828 0.0271759033203125 -0.0891265869140625
0.0355186462402344 -0.0125694274902344 0.05596923828125 -0.0324020385742188
0.0324802398681641 -0.000123977661132813 -0.0017242431640625 -0.0187740325927734
0.0277976989746094 0.0116405487060547 -0.0320358276367188 -0.0959014892578125
0.0638427734375 0.0809097290039063 -0.072113037109375 -0.130020141601563
0.0772323608398438 0.0396957397460937 -0.0756072998046875 -0.0698089599609375
0.0829620361328125 -0.0277557373046875 -0.0355567932128906 -0.0505447387695312
0.0369911193847656 -0.0618057250976563 -0.0465164184570312 -0.062774658203125
-0.0174484252929688 -0.0743865966796875 -0.0692291259765625 -0.0677986145019531
-0.0626602172851563 -0.0394783020019531 -0.112739562988281 -0.03973388671875
-0.0892486572265625 -0.00979614257812501 -0.130622863769531 -3.05175781249937E-05
-0.091827392578125 -0.0322723388671875 -0.1165771484375 -0.00605773925781249
-0.0943679809570312 -0.0315628051757812 -0.126205444335938 -0.0244064331054688
-0.0638427734375 -0.0693931579589844 -0.0988922119140625 -0.0634231567382812
-0.00917053222656249 -0.093994140625 -0.0391464233398438 -0.0854339599609375
0.051910400390625 -0.0814361572265625 0.00110626220703125 -0.0795822143554688
0.092193603515625 -0.0180130004882813 0.0354423522949219 -0.0373382568359375
0.0745010375976563 0.0260238647460937 -0.00961112976074218 -0.0231971740722656
0.0587387084960938 0.0644073486328125 -0.0363082885742187 -0.0871734619140625
0.089630126953125 0.128875732421875 -0.0432662963867188 -0.101554870605469
0.118247985839844 0.0700225830078125 -0.04632568359375 -0.059814453125
0.141494750976562 -0.0389862060546875 -0.0179824829101562 -0.0481224060058594
0.068572998046875 -0.104644775390625 -0.0296516418457031 -0.0526466369628906
-0.0195236206054688 -0.129638671875 -0.0406875610351563 -0.0573005676269531
-0.098052978515625 -0.0770950317382813 -0.075103759765625 -0.03131103515625
-0.134170532226563 -0.0265045166015625 -0.0887527465820313 0.000411987304687479
-0.137420654296875 -0.0493392944335938 -0.0707855224609375 -0.00194549560546876
-0.14276123046875 -0.0421600341796875 -0.0836334228515625 -0.00982666015625001
-0.103347778320313 -0.0915756225585938 -0.0701713562011719 -0.0289077758789063
-0.0338058471679687 -0.135368347167969 -0.033233642578125 -0.0485153198242188
0.0583877563476562 -0.127632141113281 -0.0176315307617187 -0.0520172119140625
0.139350891113281 -0.041290283203125 0.0130805969238281 -0.0287551879882813
0.120140075683594 0.0371780395507813 -0.0151538848876953 -0.0190505981445312
0.0935592651367188 0.106422424316406 -0.0342941284179687 -0.0628662109375
0.09295654296875 0.156692504882813 -0.011260986328125 -0.05828857421875
0.12799072265625 0.0961151123046875 -0.015869140625 -0.0406341552734375
0.175247192382813 -0.029083251953125 -0.00664138793945311 -0.0341281890869141
0.099151611328125 -0.11859130859375 -0.0163478851318359 -0.0267524719238281
-0.00482177734375002 -0.16119384765625 -0.0097198486328125 -0.0270175933837891
-0.110160827636719 -0.107734680175781 -0.02655029296875 -0.009246826171875
-0.1549072265625 -0.043121337890625 -0.0309867858886719 0.005035400390625
-0.161346435546875 -0.0594940185546875 -0.0151348114013672 0.00301170349121093
-0.17169189453125 -0.0435943603515625 -0.028228759765625 0.000837326049804684
-0.132164001464844 -0.0947723388671875 -0.0243682861328125 0.000823974609374994
-0.0631103515625 -0.154693603515625 -0.00856781005859375 -0.0127830505371094
0.045989990234375 -0.158737182617187 -0.0163564682006836 -0.017115592956543
0.1649169921875 -0.069091796875 0.00455045700073243 -0.00746393203735352
0.156723022460938 0.035858154296875 -0.00829076766967772 -0.00660228729248047
0.121047973632813 0.130653381347656 -0.0206737518310547 -0.025115966796875
0.0772247314453125 0.157089233398438 0.014068603515625 -0.00932693481445312
0.108711242675781 0.104484558105469 0.00392723083496094 -0.0170440673828125
0.171142578125 -0.0063018798828125 -0.0100021362304687 -0.014225959777832
0.111907958984375 -0.102447509765625 -0.0164785385131836 0.00956249237060546
0.014495849609375 -0.159011840820313 0.0105075836181641 0.0178699493408203
-0.0989913940429687 -0.120193481445312 0.0211696624755859 0.0261459350585937
-0.149307250976563 -0.052642822265625 0.0308170318603515 0.0158271789550781
-0.16033935546875 -0.061004638671875 0.0422401428222656 0.00687789916992187
-0.175338745117188 -0.0389862060546875 0.0307178497314453 0.00553703308105468
-0.140541076660156 -0.0850143432617188 0.0291404724121094 0.0198917388916016
-0.0801849365234375 -0.149551391601562 0.0265750885009766 0.011932373046875
0.0284576416015625 -0.163223266601563 0.0035858154296875 0.0118236541748047
0.165176391601562 -0.0852813720703125 0.0141477584838867 0.014775276184082
0.16973876953125 0.028472900390625 0.0145788192749024 0.00975513458251953
0.132621765136719 0.134101867675781 0.00366783142089844 0.0211620330810547
0.0532379150390625 0.132362365722656 0.0297126770019531 0.0369110107421875
0.0751190185546875 0.091949462890625 0.01141357421875 0.00325107574462891
0.133392333984375 0.013153076171875 -0.0261440277099609 0.00209999084472656
0.0977935791015625 -0.0681381225585938 -0.0300216674804687 0.0434608459472656
0.0264739990234375 -0.125595092773438 0.0149688720703125 0.0635223388671875
-0.0739517211914063 -0.107452392578125 0.0581474304199219 0.0646171569824219
-0.120620727539063 -0.0519561767578125 0.086822509765625 0.0295181274414062
-0.135848999023437 -0.0532379150390625 0.0936813354492188 0.0103378295898437
-0.152755737304688 -0.0318603515625 0.084442138671875 0.0045623779296875
-0.125160217285156 -0.0683975219726563 0.0789413452148437 0.0285797119140625
-0.0775527954101562 -0.126983642578125 0.0606689453125 0.0263328552246094
0.0167236328125 -0.142013549804688 0.0291042327880859 0.0307788848876953
0.142822265625 -0.08038330078125 0.0340461730957031 0.0308265686035156
0.153976440429687 0.0219879150390625 0.0464668273925781 0.0256576538085938
0.120735168457031 0.1187744140625 0.0336494445800781 0.0669898986816406
0.029022216796875 0.0888442993164063 0.0381088256835937 0.0711593627929688
0.0409507751464844 0.0636024475097656 0.0120477676391602 0.0143756866455078
0.0796661376953125 0.0182647705078125 -0.0453987121582031 0.0114288330078125
0.0619430541992188 -0.0330581665039063 -0.0464363098144531 0.0668563842773437
0.0217437744140625 -0.0735931396484375 0.0118637084960938 0.0973281860351563
-0.0434341430664062 -0.0716629028320313 0.0830307006835938 0.0944137573242188
-0.0747146606445312 -0.0375747680664063 0.128890991210938 0.04052734375
-0.0908203125 -0.0369720458984375 0.131355285644531 0.0124359130859375
-0.107559204101563 -0.0237884521484375 0.125740051269531 0.00336456298828125
-0.0893402099609375 -0.048828125 0.116119384765625 0.0327377319335938
-0.0570144653320313 -0.0917282104492188 0.0855560302734375 0.0358734130859375
0.0095367431640625 -0.102081298828125 0.0521621704101563 0.0428924560546875
0.103034973144531 -0.0588531494140625 0.0521583557128906 0.0410346984863281
0.111770629882813 0.0164337158203125 0.0752182006835938 0.040252685546875
0.0855636596679688 0.0861968994140625 0.060089111328125 0.106346130371094
-0.0373115539550781 -0.0347251892089844 -0.0928878784179688 -0.131980895996094
-0.05206298828125 -0.00410461425781249 -0.0974349975585938 -0.0628890991210938
-0.0405960083007813 0.0397148132324219 -0.0537147521972656 -0.0345687866210938
0.0011444091796875 0.0507774353027344 -0.059906005859375 -0.05279541015625
0.0296630859375 0.0421409606933594 -0.0902099609375 -0.0526962280273437
0.0448837280273438 0.0200042724609375 -0.13140869140625 -0.0337982177734375
0.036102294921875 0.0104408264160156 -0.152114868164063 0.00143432617187503
0.0324802398681641 0.0132827758789062 -0.150238037109375 -0.00900268554687501
0.0287723541259766 0.0162792205810547 -0.149810791015625 -0.04083251953125
0.00834083557128906 0.019866943359375 -0.104278564453125 -0.100883483886719
-0.00745391845703125 0.0183696746826172 -0.0266647338867187 -0.11541748046875
-0.0213966369628906 0.0029296875 0.0403671264648438 -0.0848388671875
-0.0221977233886719 -0.0228633880615234 0.0611190795898438 -0.0246391296386719
-0.00281143188476562 -0.035186767578125 -0.000323295593261719 -0.0120944976806641
0.000915527343750003 -0.0460243225097656 -0.0279464721679687 -0.0893630981445313
0.0195293426513672 0.0227108001708984 -0.0926437377929687 -0.139495849609375
0.0165424346923828 0.0128202438354492 -0.0958175659179688 -0.068603515625
0.0180397033691406 0.000616073608398438 -0.0502281188964844 -0.0439529418945313
0.0134487152099609 -0.00629615783691406 -0.0593185424804688 -0.05987548828125
0.000840187072753907 -0.0138797760009766 -0.0876541137695312 -0.0629730224609375
-0.0117864608764648 -0.00586509704589843 -0.132270812988281 -0.037506103515625
-0.0290145874023438 0.00354576110839844 -0.153549194335938 0.00257873535156251
-0.0325088500976563 -0.00985145568847657 -0.145187377929688 -0.00749206542968752
-0.0342292785644531 -0.0101051330566406 -0.149917602539063 -0.0352020263671875
-0.0250759124755859 -0.0293846130371094 -0.109695434570312 -0.0903472900390625
-0.00107574462890625 -0.0396537780761719 -0.0340499877929688 -0.110244750976563
0.0221710205078125 -0.0356521606445313 0.02545166015625 -0.0899658203125
0.0352554321289063 -0.0128898620605469 0.0559349060058594 -0.0330047607421875
0.0329303741455078 -0.0005645751953125 -0.00221061706542969 -0.0183448791503906
0.0283660888671875 0.0109367370605469 -0.033447265625 -0.0953903198242188
0.065765380859375 0.0796890258789063 -0.0749664306640625 -0.129119873046875
0.0783233642578125 0.0384979248046875 -0.0773391723632813 -0.068145751953125
0.0833587646484375 -0.029632568359375 -0.0361595153808594 -0.0501174926757813
0.0360374450683594 -0.0629615783691406 -0.0477943420410156 -0.06243896484375
-0.0185165405273438 -0.0749588012695313 -0.070404052734375 -0.0669479370117187
-0.0637321472167969 -0.0386466979980469 -0.114006042480469 -0.0380096435546875
-0.0898284912109375 -0.00824737548828124 -0.131828308105469 0.00206756591796872
-0.0928802490234375 -0.03076171875 -0.117202758789063 -0.00370788574218751
-0.0948715209960938 -0.0300445556640625 -0.127044677734375 -0.0227127075195312
-0.0649681091308594 -0.0686531066894531 -0.100250244140625 -0.0619125366210938
-0.0104827880859375 -0.0946502685546875 -0.0413284301757813 -0.0850906372070313
0.0505752563476563 -0.0828323364257813 -0.000801086425781247 -0.0796432495117188
0.0925827026367187 -0.0198593139648438 0.0349617004394531 -0.0381965637207031
0.0755081176757813 0.02447509765625 -0.0104236602783203 -0.0224838256835937
0.060302734375 0.063720703125 -0.038055419921875 -0.08673095703125
0.0926666259765625 0.127227783203125 -0.0453338623046875 -0.100975036621094
0.120048522949219 0.0683364868164063 -0.0471572875976562 -0.0590934753417969
0.141586303710938 -0.042449951171875 -0.0187416076660156 -0.0474929809570313
0.0675277709960937 -0.105827331542969 -0.0306129455566406 -0.0526084899902344
-0.0218887329101563 -0.129684448242188 -0.04150390625 -0.0571365356445313
-0.0996551513671875 -0.0755538940429688 -0.075897216796875 -0.0306777954101562
-0.13519287109375 -0.0244369506835938 -0.0888671875 0.001953125
-0.139335632324219 -0.0475311279296875 -0.071746826171875 -0.00060272216796874
-0.144012451171875 -0.0399627685546875 -0.0847549438476563 -0.00817108154296877
-0.105056762695313 -0.0907211303710937 -0.0710983276367188 -0.0274581909179688
-0.0360946655273438 -0.135574340820313 -0.0343360900878906 -0.0485610961914063
0.0566864013671875 -0.1292724609375 -0.01898193359375 -0.0515708923339844
0.139259338378906 -0.0439453125 0.0123462677001953 -0.0291023254394531
0.121208190917969 0.0352935791015625 -0.0155067443847656 -0.0193405151367187
0.0958633422851563 0.104766845703125 -0.0353164672851562 -0.0622787475585938
0.095794677734375 0.155532836914063 -0.0124320983886719 -0.0581932067871094
0.130424499511719 0.0940170288085938 -0.0165939331054687 -0.0401268005371094
0.175918579101563 -0.032684326171875 -0.00714683532714843 -0.0340938568115234
0.0974197387695312 -0.121315002441406 -0.0167865753173828 -0.0266475677490234
-0.00794982910156252 -0.162078857421875 -0.00970077514648437 -0.0270919799804688
-0.112167358398438 -0.106414794921875 -0.0268363952636719 -0.00884628295898438
-0.156463623046875 -0.041351318359375 -0.030975341796875 0.00566673278808593
-0.1634521484375 -0.0571746826171875 -0.0152559280395508 0.00281238555908203
-0.1732177734375 -0.04119873046875 -0.0287151336669922 0.00166702270507812
-0.134773254394531 -0.0935821533203125 -0.0243663787841797 0.0013904571533203
-0.0661773681640625 -0.154434204101563 -0.00905799865722656 -0.0129375457763672
0.0435791015625 -0.159866333007812 -0.0173072814941406 -0.0167407989501953
0.164993286132813 -0.072174072265625 0.00408554077148439 -0.0075211524963379
0.158416748046875 0.033477783203125 -0.00844192504882811 -0.00659513473510742
0.124526977539063 0.129188537597656 -0.0211219787597656 -0.0250015258789062
0.080322265625 0.156356811523438 0.0141105651855469 -0.00943756103515624
0.111549377441406 0.10345458984375 0.00418472290039063 -0.0168371200561523
0.171585083007813 -0.009521484375 -0.0100183486938476 -0.0139760971069336
0.111068725585938 -0.104751586914063 -0.0165519714355469 0.00998878479003905
0.011993408203125 -0.160507202148438 0.0107698440551758 0.017491340637207
-0.101615905761719 -0.119186401367187 0.0220260620117187 0.0257396697998047
-0.150802612304688 -0.05169677734375 0.0313949584960937 0.0157356262207031
-0.162948608398438 -0.0584259033203125 0.0425148010253906 0.00649261474609375
-0.177093505859375 -0.036346435546875 0.03076171875 0.00508689880371093
-0.142471313476563 -0.0829925537109375 0.0296955108642578 0.0196056365966797
-0.0830230712890625 -0.148956298828125 0.0264816284179687 0.0116653442382812
0.026123046875 -0.164703369140625 0.00327205657958985 0.0121345520019531
0.164581298828125 -0.0887603759765625 0.0141410827636719 0.0142641067504883
0.171096801757813 0.0254364013671875 0.0147085189819336 0.00947761535644531
0.13623046875 0.132545471191406 0.00429534912109376 0.0210990905761719
0.056182861328125 0.131813049316406 0.0304527282714844 0.0369529724121094
0.0767974853515625 0.0911026000976563 0.0117902755737305 0.0032339096069336
0.134353637695313 0.0105819702148438 -0.0259819030761719 0.00234031677246094
0.097198486328125 -0.0701828002929688 -0.0294990539550781 0.0439720153808594
0.0243682861328125 -0.126762390136719 0.016632080078125 0.0636062622070312
-0.0760650634765625 -0.106918334960938 0.0597496032714844 0.0642242431640625
-0.122154235839844 -0.0501632690429687 0.08795166015625 0.0284957885742187
-0.137924194335938 -0.0512161254882813 0.094482421875 0.00931549072265625
-0.154205322265625 -0.029571533203125 0.0847396850585937 0.00371551513671875
-0.126556396484375 -0.066741943359375 0.0794677734375 0.0277862548828125
-0.0798492431640625 -0.126045227050781 0.0609970092773438 0.0255813598632812
0.0140533447265625 -0.14324951171875 0.0296611785888672 0.0306415557861328
0.14227294921875 -0.083465576171875 0.0343894958496094 0.0300388336181641
0.1551513671875 0.0196075439453125 0.0466537475585938 0.02447509765625
0.123519897460938 0.117286682128906 0.0348281860351563 0.0662422180175781
0.03070068359375 0.08868408203125 0.0402679443359375 0.0708694458007813
0.0419425964355469 0.0632972717285156 0.0125904083251953 0.0145168304443359
0.0805282592773438 0.016754150390625 -0.0453605651855469 0.0120964050292969
0.0613975524902344 -0.0342826843261719 -0.0455551147460937 0.067901611328125
0.0208663940429687 -0.0746231079101563 0.01300048828125 0.0974807739257813
-0.0448837280273438 -0.0710678100585937 0.0848464965820313 0.0936660766601563
-0.0761337280273438 -0.036773681640625 0.130363464355469 0.0386734008789063
-0.0921401977539063 -0.0355224609375 0.132888793945313 0.0104293823242187
-0.108306884765625 -0.0222625732421875 0.126815795898438 0.0014495849609375
-0.0905303955078125 -0.0472030639648438 0.11688232421875 0.0306243896484375
-0.0587921142578125 -0.09112548828125 0.0865554809570313 0.0351715087890625
0.00801086425781251 -0.102180480957031 0.0522079467773437 0.0418357849121094
0.102958679199219 -0.0612564086914063 0.0526199340820313 0.0399398803710938
0.112197875976562 0.014892578125 0.0754547119140625 0.0388412475585938
0.0877532958984375 0.0853118896484375 0.0624313354492188 0.106048583984375
-0.0379447937011719 -0.0343170166015625 -0.0957565307617188 -0.131126403808594
-0.0523757934570313 -0.00339508056640624 -0.0988616943359375 -0.0608291625976563
-0.0398941040039062 0.0408363342285156 -0.05426025390625 -0.0333786010742187
0.0019683837890625 0.0508460998535156 -0.0604591369628906 -0.0522804260253906
0.0306854248046875 0.0417251586914063 -0.09100341796875 -0.0518646240234375
0.045135498046875 0.0197219848632813 -0.132400512695312 -0.0321807861328125
0.0365982055664063 0.00982666015625 -0.152786254882813 0.00340270996093748
0.0330162048339844 0.0128822326660156 -0.151138305664063 -0.00697326660156248
0.0289173126220703 0.0154476165771484 -0.150909423828125 -0.0387115478515625
0.00884246826171875 0.0195446014404297 -0.106498718261719 -0.0992279052734375
-0.007476806640625 0.0186805725097656 -0.02825927734375 -0.115684509277344
-0.0214672088623047 0.00339126586914062 0.0390090942382812 -0.0856704711914063
-0.0226669311523438 -0.0224895477294922 0.0608100891113281 -0.0257835388183594
-0.00321197509765625 -0.0353775024414063 -0.000347137451171876 -0.0113706588745117
0.000484466552734377 -0.04632568359375 -0.0290679931640625 -0.0889053344726562
0.0203056335449219 0.0220928192138672 -0.0957412719726563 -0.138259887695313
0.0167369842529297 0.0123796463012695 -0.0972061157226563 -0.0669174194335938
0.0183601379394531 0.000339508056640625 -0.0510635375976563 -0.0432853698730469
0.0129690170288086 -0.00670433044433594 -0.0599899291992188 -0.0592575073242188
0.000535964965820313 -0.0139856338500977 -0.0887832641601563 -0.0621337890625
-0.0118865966796875 -0.0056467056274414 -0.133865356445312 -0.03546142578125
-0.0292263031005859 0.00380706787109375 -0.153823852539063 0.00489807128906252
-0.0329303741455078 -0.00875091552734374 -0.145965576171875 -0.00529479980468752
-0.0345878601074219 -0.00966835021972656 -0.1512451171875 -0.03314208984375
-0.0255355834960937 -0.0295124053955078 -0.111564636230469 -0.0891799926757813
-0.00177383422851562 -0.0395431518554688 -0.0359878540039063 -0.110420227050781
0.0217323303222656 -0.0358390808105469 0.0243148803710937 -0.0904922485351563
0.0351600646972656 -0.0134315490722656 0.0551338195800781 -0.0340805053710938
0.0326328277587891 -0.00125312805175781 -0.00225448608398437 -0.0180625915527344
0.0289134979248047 0.0103912353515625 -0.0349044799804687 -0.0947723388671875
0.0672454833984375 0.0784835815429688 -0.0775909423828125 -0.128067016601562
0.0796432495117188 0.0370712280273438 -0.0783767700195312 -0.0669021606445313
0.082733154296875 -0.0314712524414063 -0.036834716796875 -0.0496139526367188
0.03497314453125 -0.0638275146484375 -0.0486335754394531 -0.0618553161621094
-0.0201873779296875 -0.0745162963867188 -0.071685791015625 -0.0665817260742188
-0.0643234252929688 -0.0381431579589844 -0.115089416503906 -0.0371246337890625
-0.0902786254882813 -0.00698089599609374 -0.131866455078125 0.00401306152343752
-0.0943603515625 -0.0292739868164062 -0.118324279785156 -0.00225830078125001
-0.0958175659179688 -0.0287246704101563 -0.128463745117188 -0.0201950073242187
-0.0660820007324219 -0.0681076049804688 -0.101875305175781 -0.0605392456054688
-0.0119705200195313 -0.094818115234375 -0.0430221557617187 -0.0847702026367188
0.0493621826171875 -0.0840530395507812 -0.00223541259765625 -0.079498291015625
0.0921554565429688 -0.0212326049804688 0.0342216491699219 -0.0387001037597656
0.0760879516601563 0.0233612060546875 -0.0106678009033203 -0.0226631164550781
0.0619544982910156 0.0628433227539063 -0.0391616821289063 -0.0863189697265625
0.0953598022460938 0.126228332519531 -0.0473403930664063 -0.100059509277344
0.121910095214844 0.06646728515625 -0.04833984375 -0.0581893920898437
0.141830444335937 -0.045318603515625 -0.0198402404785156 -0.0474929809570312
0.0663681030273438 -0.107582092285156 -0.0312538146972656 -0.0525588989257813
-0.0240249633789063 -0.129302978515625 -0.0422325134277344 -0.0568618774414063
-0.101409912109375 -0.0748367309570312 -0.077117919921875 -0.02996826171875
-0.135787963867188 -0.02239990234375 -0.088958740234375 0.00303649902343748
-0.140945434570312 -0.0454559326171875 -0.072174072265625 0.000740051269531258
-0.145675659179687 -0.0381927490234375 -0.08538818359375 -0.00669860839843749
-0.107093811035156 -0.089508056640625 -0.0717849731445313 -0.026275634765625
-0.0384674072265625 -0.136123657226563 -0.0354156494140625 -0.0477294921875
0.0545501708984375 -0.130790710449219 -0.0201950073242188 -0.051055908203125
0.139495849609375 -0.0466079711914063 0.0120639801025391 -0.0295333862304688
0.122955322265625 0.0334854125976563 -0.0160274505615234 -0.01910400390625
0.097564697265625 0.10345458984375 -0.0361824035644531 -0.0623893737792969
0.098846435546875 0.154647827148438 -0.0134239196777344 -0.0580825805664062
0.132865905761719 0.0922317504882813 -0.0171318054199219 -0.0396347045898437
0.175811767578125 -0.036865234375 -0.00798606872558592 -0.0333595275878906
0.09600830078125 -0.123420715332031 -0.0169639587402344 -0.0265350341796875
-0.0102386474609375 -0.163040161132813 -0.0103759765625 -0.0273876190185547
-0.114295959472656 -0.105278015136719 -0.02679443359375 -0.00902175903320314
-0.157440185546875 -0.0389862060546875 -0.0317039489746094 0.00645065307617187
-0.1654052734375 -0.055084228515625 -0.0157508850097656 0.00314521789550781
-0.1744384765625 -0.0383453369140625 -0.029266357421875 0.00218200683593749
-0.136741638183594 -0.0916824340820312 -0.0241775512695313 0.00211334228515624
-0.0684814453125 -0.154067993164062 -0.00975799560546875 -0.0127601623535156
0.041351318359375 -0.161666870117188 -0.01800537109375 -0.0160999298095703
0.164443969726563 -0.0753326416015625 0.00341176986694337 -0.00804758071899415
0.1590576171875 0.0310516357421875 -0.00887584686279296 -0.00687026977539062
0.127029418945313 0.127204895019531 -0.0218009948730469 -0.0247898101806641
0.08380126953125 0.155746459960937 0.0141925811767578 -0.0094776153564453
0.113815307617188 0.101608276367188 0.00426387786865235 -0.0167427062988281
0.172470092773437 -0.0130462646484375 -0.0103015899658203 -0.0139827728271484
0.109397888183594 -0.10699462890625 -0.0163459777832031 0.010040283203125
0.00944519042968749 -0.161407470703125 0.0110397338867188 0.0171995162963867
-0.103713989257813 -0.118385314941406 0.0226154327392578 0.0252323150634766
-0.152236938476563 -0.0491790771484375 0.0317020416259766 0.015167236328125
-0.1644287109375 -0.0559234619140625 0.0426788330078125 0.00600051879882812
-0.178192138671875 -0.0334320068359375 0.030853271484375 0.00512313842773437
-0.14422607421875 -0.0810699462890625 0.0301132202148437 0.0195064544677734
-0.0855560302734375 -0.1483154296875 0.0262565612792969 0.0114612579345703
0.0234527587890625 -0.165847778320313 0.00273609161376953 0.0125274658203125
0.16387939453125 -0.09222412109375 0.0141391754150391 0.013880729675293
0.172119140625 0.02313232421875 0.0144844055175781 0.00859546661376953
0.138908386230469 0.130752563476562 0.00463104248046876 0.0207633972167969
0.0581893920898437 0.131118774414063 0.0317001342773438 0.0365447998046875
0.0786209106445312 0.0899734497070312 0.0123510360717773 0.00288963317871094
0.134979248046875 0.0081329345703125 -0.0260810852050781 0.00292205810546875
0.0968399047851563 -0.0720901489257812 -0.0288772583007812 0.0445365905761719
0.0220260620117188 -0.127922058105469 0.0170516967773438 0.0635185241699219
-0.0783157348632812 -0.105842590332031 0.0613136291503906 0.0635604858398438
-0.123275756835938 -0.04852294921875 0.0889968872070312 0.0274581909179688
-0.139373779296875 -0.0486679077148438 0.0948562622070312 0.00728607177734375
-0.155426025390625 -0.0271759033203125 0.0851593017578125 0.0023956298828125
-0.12823486328125 -0.0649032592773437 0.080596923828125 0.0268020629882812
-0.0823516845703125 -0.125205993652344 0.0611801147460938 0.0250282287597656
0.0118560791015625 -0.143997192382813 0.0299854278564453 0.0309391021728516
0.141769409179687 -0.0866546630859375 0.0344944000244141 0.0290679931640625
0.15643310546875 0.0167999267578125 0.0467185974121094 0.0234146118164063
0.125717163085938 0.115806579589844 0.0362167358398438 0.0657691955566406
0.0320358276367188 0.0884628295898438 0.0413894653320312 0.0703506469726562
0.0430145263671875 0.0623016357421875 0.0134572982788086 0.0135602951049805
0.0807647705078125 0.01513671875 -0.0453529357910156 0.0126457214355469
0.0613746643066406 -0.0354957580566406 -0.0449066162109375 0.0685539245605469
0.0196151733398438 -0.0752334594726563 0.0146331787109375 0.0980606079101563
-0.0470199584960938 -0.0711288452148438 0.0868072509765625 0.0927658081054687
-0.0767135620117188 -0.0355072021484375 0.131355285644531 0.0374755859375
-0.0932464599609375 -0.0343475341796875 0.1331787109375 0.008453369140625
-0.109077453613281 -0.0204620361328125 0.127174377441406 -0.000144958496093751
-0.091644287109375 -0.0458297729492187 0.118118286132813 0.0295791625976562
-0.0603561401367187 -0.0902862548828125 0.08673095703125 0.0337295532226562
0.00647735595703124 -0.10308837890625 0.0529098510742188 0.0414695739746094
0.102081298828125 -0.0630340576171875 0.0531883239746094 0.0386428833007812
0.113456726074219 0.0135879516601563 0.0761260986328125 0.0372085571289063
0.0895462036132813 0.0843429565429688 0.0637741088867188 0.10516357421875
-0.0386161804199219 -0.0341606140136719 -0.0980987548828125 -0.129554748535156
-0.0528106689453125 -0.00309371948242187 -0.100067138671875 -0.058868408203125
-0.0396041870117188 0.0415534973144531 -0.0543861389160156 -0.0325508117675781
0.00286865234375 0.050628662109375 -0.0611419677734375 -0.0510292053222656
0.0314102172851563 0.0412940979003906 -0.092193603515625 -0.0509414672851563
0.0455436706542969 0.0186843872070313 -0.13336181640625 -0.0305862426757812
0.036895751953125 0.009521484375 -0.1534423828125 0.00579833984375
0.0334815979003906 0.0122547149658203 -0.152130126953125 -0.004638671875
0.0298480987548828 0.0152359008789063 -0.151992797851563 -0.0364837646484375
0.00886154174804688 0.0193061828613281 -0.108230590820313 -0.098388671875
-0.00730133056640625 0.0189189910888672 -0.0296401977539063 -0.115158081054688
-0.0215396881103516 0.00393104553222656 0.037872314453125 -0.08599853515625
-0.0235462188720703 -0.0221462249755859 0.0603370666503906 -0.0264472961425781
-0.003997802734375 -0.0353240966796875 -0.000555038452148438 -0.0116910934448242
-0.000640869140625002 -0.0467872619628906 -0.030487060546875 -0.0887222290039063
0.0204830169677734 0.0215625762939453 -0.097869873046875 -0.136543273925781
0.0167951583862305 0.0122509002685547 -0.0987167358398437 -0.0653076171875
0.0181751251220703 -5.91278076171875E-05 -0.0513725280761719 -0.0426025390625
0.0134239196777344 -0.00728130340576172 -0.0608329772949219 -0.0585975646972656
0.000552177429199219 -0.0138673782348633 -0.08990478515625 -0.0610427856445312
-0.0120553970336914 -0.0059967041015625 -0.13482666015625 -0.033966064453125
-0.0291156768798828 0.00416183471679688 -0.154281616210938 0.00711059570312498
-0.0334529876708984 -0.00889205932617188 -0.146774291992188 -0.00340270996093748
-0.0347957611083984 -0.00936698913574219 -0.152328491210938 -0.030731201171875
-0.0261745452880859 -0.0292987823486328 -0.112983703613281 -0.0875244140625
-0.00262451171875 -0.0399627685546875 -0.0376434326171875 -0.109748840332031
0.0212059020996094 -0.0362472534179687 0.0229339599609375 -0.090789794921875
0.0346145629882813 -0.0140247344970703 0.0550003051757812 -0.0348167419433594
0.0324516296386719 -0.00159835815429687 -0.00272846221923828 -0.0174970626831055
0.0288486480712891 0.00992965698242188 -0.0363006591796875 -0.0945663452148438
0.068939208984375 0.0774383544921875 -0.0803909301757812 -0.126869201660156
0.0803070068359375 0.0359725952148438 -0.079315185546875 -0.065185546875
0.0825347900390625 -0.032928466796875 -0.0379447937011719 -0.0492820739746094
0.034454345703125 -0.0647354125976563 -0.0493659973144531 -0.0613861083984375
-0.0214691162109375 -0.07470703125 -0.0724868774414063 -0.0659027099609375
-0.0651779174804687 -0.0373344421386719 -0.116165161132813 -0.0355377197265625
-0.0907669067382812 -0.005828857421875 -0.132186889648438 0.00579833984375002
-0.0950469970703125 -0.0283889770507813 -0.118751525878906 -0.000915527343749977
-0.096588134765625 -0.0273818969726562 -0.128982543945313 -0.0184555053710938
-0.0670852661132813 -0.0672187805175781 -0.103118896484375 -0.0589141845703125
-0.0133590698242188 -0.0948486328125 -0.0443267822265625 -0.0841217041015625
0.0485382080078125 -0.0849761962890625 -0.00350952148437499 -0.0793991088867187
0.0923919677734375 -0.0235137939453125 0.0335960388183594 -0.0393524169921875
0.0764923095703125 0.0224685668945312 -0.010986328125 -0.0224151611328125
0.0629615783691406 0.0615501403808594 -0.0406494140625 -0.0863418579101563
0.0978469848632812 0.124549865722656 -0.0485458374023438 -0.0995407104492187
0.123481750488281 0.0645294189453125 -0.0489883422851562 -0.0567245483398438
0.141357421875 -0.04754638671875 -0.0202217102050781 -0.0475311279296875
0.064788818359375 -0.109550476074219 -0.0316123962402344 -0.0519905090332031
-0.0261611938476563 -0.130195617675781 -0.0432548522949219 -0.0564193725585938
-0.102554321289062 -0.0733108520507813 -0.0778274536132813 -0.0293197631835938
-0.136337280273438 -0.0205841064453125 -0.089385986328125 0.00430297851562499
-0.14190673828125 -0.043731689453125 -0.0723037719726563 0.00151824951171873
-0.146408081054688 -0.0361175537109375 -0.0859756469726563 -0.00524139404296875
-0.108413696289063 -0.0879135131835938 -0.0719375610351563 -0.0252532958984375
-0.04034423828125 -0.135726928710938 -0.0363807678222656 -0.0473594665527344
0.0529098510742187 -0.132110595703125 -0.0211715698242188 -0.050537109375
0.139175415039063 -0.0493545532226563 0.0111217498779297 -0.0296955108642578
0.123306274414063 0.0319900512695313 -0.0166149139404297 -0.0188941955566406
0.100425720214844 0.10174560546875 -0.0373420715332031 -0.0616912841796875
0.101776123046875 0.1529541015625 -0.0143585205078125 -0.0579376220703125
0.134925842285156 0.090667724609375 -0.0173492431640625 -0.0390968322753906
0.175872802734375 -0.0393524169921875 -0.00847244262695311 -0.0335655212402344
0.0945816040039062 -0.125381469726562 -0.0174293518066406 -0.0262393951416016
-0.01300048828125 -0.163101196289062 -0.0103530883789063 -0.0274448394775391
-0.116188049316406 -0.104118347167969 -0.0272216796875 -0.00870704650878907
-0.158432006835938 -0.03656005859375 -0.0308933258056641 0.00681304931640625
-0.167251586914063 -0.052978515625 -0.0154056549072266 0.0033721923828125
-0.175918579101563 -0.0361328125 -0.0294628143310547 0.00295257568359375
-0.138275146484375 -0.089874267578125 -0.0246810913085938 0.00304031372070312
-0.0709381103515625 -0.153579711914063 -0.0100994110107422 -0.0127687454223633
0.03912353515625 -0.162933349609375 -0.0183544158935547 -0.0155868530273438
0.16357421875 -0.078369140625 0.00318098068237306 -0.00835895538330079
0.16015625 0.0289306640625 -0.00907135009765624 -0.00726509094238281
0.129440307617188 0.125434875488281 -0.0221633911132813 -0.0244541168212891
0.086151123046875 0.154876708984375 0.0141916275024414 -0.00968265533447265
0.11578369140625 0.0999679565429688 0.00417423248291016 -0.0166397094726562
0.172775268554687 -0.0159912109375 -0.0105056762695312 -0.0134391784667969
0.108612060546875 -0.109100341796875 -0.016108512878418 0.0103464126586914
0.00727844238281248 -0.161834716796875 0.0115747451782227 0.0171327590942383
-0.10589599609375 -0.117271423339844 0.0228614807128906 0.024871826171875
-0.153533935546875 -0.0472869873046875 0.0323715209960937 0.0149497985839844
-0.166595458984375 -0.053680419921875 0.0428733825683594 0.00519943237304687
-0.179641723632813 -0.03106689453125 0.0308208465576172 0.00472450256347656
-0.145797729492188 -0.078948974609375 0.0303497314453125 0.0191535949707031
-0.087646484375 -0.147598266601563 0.0265178680419922 0.0110073089599609
0.02130126953125 -0.167037963867188 0.00285148620605469 0.0131864547729492
0.163330078125 -0.095306396484375 0.0141210556030274 0.0134506225585937
0.173583984375 0.0205535888671875 0.0144920349121094 0.0081634521484375
0.14111328125 0.128921508789063 0.00473213195800782 0.0210933685302734
0.0611038208007812 0.130653381347656 0.0324478149414063 0.0359001159667969
0.0805206298828125 0.0893173217773438 0.0124406814575195 0.00288963317871094
0.135894775390625 0.0054931640625 -0.0262966156005859 0.0034027099609375
0.0959243774414063 -0.0740966796875 -0.0282440185546875 0.0451393127441406
0.0206375122070313 -0.128440856933594 0.0180625915527344 0.063232421875
-0.0801620483398438 -0.105567932128906 0.0624275207519531 0.0626907348632813
-0.124671936035156 -0.0469284057617188 0.089813232421875 0.0263290405273437
-0.14056396484375 -0.0471115112304687 0.0952835083007812 0.00650787353515625
-0.156234741210938 -0.0250091552734375 0.08544921875 0.00164031982421875
-0.129547119140625 -0.0632705688476562 0.0808792114257812 0.025970458984375
-0.08441162109375 -0.124496459960938 0.0614356994628906 0.0243377685546875
0.0099334716796875 -0.144577026367188 0.0301685333251953 0.0306968688964844
0.141159057617188 -0.0892333984375 0.0347843170166016 0.0283241271972656
0.156890869140625 0.01470947265625 0.0468254089355469 0.0221977233886719
0.128166198730469 0.114036560058594 0.0375633239746094 0.0657119750976563
0.0336532592773438 0.0882720947265625 0.0427818298339844 0.0698814392089844
0.0442047119140625 0.0618934631347656 0.0138893127441406 0.0133228302001953
0.0815353393554688 0.0136337280273438 -0.0447998046875 0.0131568908691406
0.061279296875 -0.0365486145019531 -0.0438232421875 0.068939208984375
0.018402099609375 -0.0758209228515625 0.0159454345703125 0.09765625
-0.0474319458007812 -0.070556640625 0.0882110595703125 0.0919952392578125
-0.0776214599609375 -0.0346832275390625 0.132637023925781 0.03515625
-0.0940399169921875 -0.032928466796875 0.134284973144531 0.00679779052734375
-0.109390258789063 -0.0184860229492187 0.127479553222656 -0.001617431640625
-0.0924758911132813 -0.044708251953125 0.118644714355469 0.0281295776367187
-0.0623321533203125 -0.089630126953125 0.08734130859375 0.03271484375
0.0048675537109375 -0.103424072265625 0.0539474487304688 0.0410499572753906
0.10186767578125 -0.065399169921875 0.0534629821777344 0.0375595092773438
0.113960266113281 0.0114364624023438 0.0767288208007813 0.0355072021484375
0.0909500122070313 0.0833740234375 0.0652389526367187 0.104171752929688
-0.0392112731933594 -0.0342559814453125 -0.100624084472656 -0.128135681152344
-0.0530891418457031 -0.00177001953125001 -0.101219177246094 -0.0575180053710938
-0.039306640625 0.0425643920898438 -0.0552597045898437 -0.0321273803710938
0.00332641601562499 0.0510063171386719 -0.0616302490234375 -0.0506744384765625
0.0319366455078125 0.0410079956054688 -0.0928955078125 -0.0501251220703125
0.0460929870605469 0.0178031921386719 -0.134147644042969 -0.0295181274414062
0.0368576049804687 0.00866317749023437 -0.154037475585938 0.00692749023437497
0.0338001251220703 0.0117073059082031 -0.152801513671875 -0.00260925292968749
0.0296421051025391 0.0149974822998047 -0.152938842773438 -0.034637451171875
0.00923919677734375 0.0192050933837891 -0.109687805175781 -0.0966796875
-0.00645065307617188 0.0191440582275391 -0.0316085815429688 -0.114944458007813
-0.0216255187988281 0.00480842590332031 0.0369644165039063 -0.0867080688476563
-0.0240478515625 -0.0217342376708984 0.0602569580078125 -0.0270004272460938
-0.00475692749023438 -0.035369873046875 -0.000113487243652344 -0.0110912322998047
-0.000869750976562499 -0.0467681884765625 -0.0311813354492188 -0.0882568359375
0.0212306976318359 0.0210075378417969 -0.0995407104492187 -0.135902404785156
0.016972541809082 0.0118589401245117 -0.099334716796875 -0.0639572143554688
0.0181427001953125 -0.000127792358398438 -0.0516319274902344 -0.0416450500488281
0.0129384994506836 -0.00704479217529297 -0.0615043640136719 -0.0582160949707031
0.000279426574707032 -0.0141153335571289 -0.0905914306640625 -0.0604400634765625
-0.0118207931518555 -0.00556087493896484 -0.1353759765625 -0.0331954956054688
-0.0290298461914063 0.00469017028808594 -0.154922485351563 0.00837707519531247
-0.0333824157714844 -0.00847053527832032 -0.147430419921875 -0.00164794921875
-0.0348434448242188 -0.00871276855468749 -0.152557373046875 -0.0290069580078125
-0.0260143280029297 -0.0289211273193359 -0.1146240234375 -0.0861282348632813
-0.002838134765625 -0.0401840209960938 -0.039093017578125 -0.109710693359375
0.0208053588867188 -0.0363922119140625 0.0216445922851562 -0.09112548828125
0.0346088409423828 -0.0146999359130859 0.0543785095214844 -0.0356063842773438
0.0326519012451172 -0.00232124328613281 -0.00244140625 -0.0172328948974609
0.0294780731201172 0.00907516479492188 -0.0372772216796875 -0.0941390991210938
0.070465087890625 0.0766525268554687 -0.0819168090820312 -0.125595092773438
0.0806732177734375 0.0347061157226563 -0.0801239013671875 -0.0637893676757813
0.0825119018554687 -0.0345993041992188 -0.038177490234375 -0.0486907958984375
0.0332717895507813 -0.0651130676269531 -0.0499687194824219 -0.0610122680664062
-0.0225601196289062 -0.0748138427734375 -0.073516845703125 -0.0653305053710938
-0.0658760070800781 -0.0368728637695313 -0.116950988769531 -0.0346298217773438
-0.0908203125 -0.004852294921875 -0.133209228515625 0.00735473632812501
-0.0957107543945313 -0.0273361206054688 -0.119285583496094 0.000976562499999989
-0.0972747802734375 -0.0267486572265625 -0.130271911621094 -0.0165863037109375
-0.0678901672363281 -0.0665512084960938 -0.103874206542969 -0.0577774047851562
-0.0147018432617187 -0.0952987670898438 -0.0453720092773437 -0.084228515625
0.0475387573242188 -0.0853500366210938 -0.00469207763671874 -0.0790481567382813
0.0923233032226563 -0.024139404296875 0.0327835083007813 -0.0398063659667969
0.0769500732421875 0.0211029052734375 -0.0111141204833984 -0.0222702026367187
0.0639533996582031 0.0605888366699219 -0.041534423828125 -0.0856704711914063
0.0994110107421875 0.123001098632813 -0.050506591796875 -0.09869384765625
0.12481689453125 0.0628204345703125 -0.0495758056640625 -0.0559196472167969
0.140838623046875 -0.0500030517578125 -0.020660400390625 -0.0467414855957031
0.0635223388671875 -0.110404968261719 -0.0324440002441406 -0.0517158508300781
-0.0276947021484375 -0.129844665527344 -0.0438003540039063 -0.0564651489257813
-0.103836059570313 -0.0723342895507812 -0.0780105590820312 -0.028961181640625
-0.136962890625 -0.0192947387695313 -0.0899276733398438 0.00544738769531249
-0.143707275390625 -0.0419158935546875 -0.07330322265625 0.00230407714843749
-0.147445678710938 -0.0343475341796875 -0.08612060546875 -0.00414276123046874
-0.109359741210938 -0.0867233276367188 -0.07293701171875 -0.02398681640625
-0.042205810546875 -0.135597229003906 -0.0373458862304687 -0.0470352172851563
0.0512313842773437 -0.133094787597656 -0.02239990234375 -0.050537109375
0.138656616210938 -0.050811767578125 0.0106334686279297 -0.0300045013427734
0.124229431152344 0.0303497314453125 -0.0168399810791016 -0.0186843872070313
0.101768493652344 0.100837707519531 -0.0377388000488281 -0.0611572265625
0.104232788085937 0.15203857421875 -0.0148887634277344 -0.0575332641601562
0.13629150390625 0.0883712768554688 -0.017425537109375 -0.038665771484375
0.1761474609375 -0.042236328125 -0.00873756408691405 -0.0331001281738281
0.093353271484375 -0.126899719238281 -0.0178050994873047 -0.0261173248291016
-0.014892578125 -0.16363525390625 -0.0109596252441406 -0.0272865295410156
-0.117660522460938 -0.103080749511719 -0.02764892578125 -0.0086345672607422
-0.159286499023438 -0.035003662109375 -0.0307941436767578 0.00706672668457031
-0.168075561523438 -0.0510711669921875 -0.0155582427978516 0.00369548797607422
-0.176712036132813 -0.0336151123046875 -0.0294933319091797 0.00363731384277343
-0.139396667480469 -0.0880279541015625 -0.024444580078125 0.00319671630859374
-0.0728607177734375 -0.152938842773437 -0.0107946395874023 -0.0123825073242188
0.0371551513671875 -0.164031982421875 -0.0188694000244141 -0.0148754119873047
0.163070678710937 -0.081207275390625 0.00268268585205079 -0.00867986679077149
0.160720825195313 0.0268096923828125 -0.00976371765136718 -0.00715827941894531
0.131645202636719 0.123527526855469 -0.0221157073974609 -0.0239009857177734
0.0888214111328125 0.1536865234375 0.0142402648925781 -0.00953006744384765
0.117225646972656 0.0985565185546875 0.00401878356933595 -0.0162124633789062
0.17291259765625 -0.0184326171875 -0.0108375549316406 -0.0132408142089844
0.107643127441406 -0.111061096191406 -0.0156269073486328 0.0106678009033203
0.0051727294921875 -0.162094116210937 0.0118513107299805 0.0171318054199219
-0.107749938964844 -0.116302490234375 0.0235633850097656 0.0247325897216797
-0.154541015625 -0.04541015625 0.0328407287597656 0.0146827697753906
-0.1676025390625 -0.0519561767578125 0.0433082580566406 0.00499343872070312
-0.18048095703125 -0.0282135009765625 0.0305328369140625 0.00444221496582031
-0.147109985351562 -0.0774993896484375 0.0307598114013672 0.0194721221923828
-0.0898895263671875 -0.146530151367188 0.0263614654541016 0.0109424591064453
0.0193634033203125 -0.168075561523438 0.00271320343017578 0.013606071472168
0.162216186523437 -0.097442626953125 0.0139427185058594 0.0126924514770508
0.174362182617188 0.018646240234375 0.0143098831176758 0.00736331939697266
0.143600463867188 0.127105712890625 0.00518989562988282 0.0207748413085938
0.0627593994140625 0.130035400390625 0.0330657958984375 0.0354385375976563
0.08221435546875 0.08782958984375 0.0129575729370117 0.00267410278320313
0.135810852050781 0.003570556640625 -0.0261573791503906 0.00394058227539062
0.0950698852539063 -0.0756378173828125 -0.0280342102050781 0.0450401306152344
0.0188446044921875 -0.129188537597656 0.0191650390625 0.063323974609375
-0.0813446044921875 -0.10430908203125 0.0632667541503906 0.0623321533203125
-0.125602722167969 -0.0453720092773438 0.0904998779296875 0.0254440307617187
-0.14208984375 -0.0452880859375 0.0958023071289062 0.00521087646484375
-0.157180786132813 -0.022613525390625 0.0855941772460937 0.0013580322265625
-0.130607604980469 -0.0617446899414063 0.08160400390625 0.0253677368164062
-0.08624267578125 -0.12359619140625 0.0613136291503906 0.0239067077636719
0.00788879394531248 -0.145599365234375 0.0302371978759766 0.0305213928222656
0.140495300292969 -0.0918197631835938 0.0348281860351563 0.0275230407714844
0.1575927734375 0.0128631591796875 0.046661376953125 0.0213508605957031
0.130050659179688 0.113204956054688 0.0380325317382813 0.0651664733886719
0.0349960327148438 0.0879974365234375 0.0439987182617188 0.0690650939941406
0.0450820922851563 0.0611038208007813 0.0141935348510742 0.0128870010375977
0.0824966430664063 0.01214599609375 -0.0448989868164062 0.01409912109375
0.0611991882324219 -0.0377998352050781 -0.0431747436523438 0.0697975158691406
0.0172958374023438 -0.076080322265625 0.0170516967773438 0.0979232788085938
-0.0489883422851563 -0.0699920654296875 0.0895919799804687 0.0909881591796875
-0.0781707763671875 -0.033782958984375 0.133682250976563 0.0341339111328125
-0.0951614379882813 -0.0316390991210938 0.134719848632813 0.00510406494140625
-0.110313415527344 -0.0170059204101562 0.127853393554688 -0.00298309326171875
-0.0933380126953125 -0.043487548828125 0.119369506835938 0.0268402099609375
-0.06329345703125 -0.0892333984375 0.0875244140625 0.031707763671875
0.003753662109375 -0.104034423828125 0.0536880493164062 0.0405426025390625
0.101188659667969 -0.06707763671875 0.0537605285644531 0.0366668701171875
0.114784240722656 0.010498046875 0.07647705078125 0.0344467163085938
0.0918045043945313 0.0823516845703125 0.0668258666992188 0.103759765625
-0.0397224426269531 -0.0336189270019531 -0.102256774902344 -0.127288818359375
-0.0533065795898438 -0.00139999389648438 -0.102119445800781 -0.0560226440429688
-0.0387840270996094 0.0428047180175781 -0.055023193359375 -0.031036376953125
0.0040435791015625 0.0508918762207031 -0.0618171691894531 -0.0500946044921875
0.0327949523925781 0.0404930114746094 -0.093231201171875 -0.0493698120117188
0.0463600158691406 0.0173454284667969 -0.135108947753906 -0.0284652709960937
0.0369110107421875 0.00843048095703125 -0.154449462890625 0.00869750976562503
0.0339298248291016 0.0112571716308594 -0.153305053710938 -0.00132751464843748
0.0299587249755859 0.0144481658935547 -0.153213500976563 -0.0330657958984375
0.00984001159667969 0.0191326141357422 -0.110816955566406 -0.0956497192382812
-0.00643539428710937 0.0189800262451172 -0.032867431640625 -0.114646911621094
-0.0217189788818359 0.00512504577636718 0.035736083984375 -0.08721923828125
-0.0242710113525391 -0.0215072631835938 0.0599441528320313 -0.0276641845703125
-0.00540924072265625 -0.0352935791015625 -0.000447273254394531 -0.0107870101928711
-0.0014495849609375 -0.0468254089355469 -0.032196044921875 -0.0879898071289063
0.0217323303222656 0.0206832885742188 -0.102577209472656 -0.133918762207031
0.017216682434082 0.0115785598754883 -0.100563049316406 -0.0619659423828125
0.0178871154785156 -0.0006256103515625 -0.0523605346679688 -0.0409469604492187
0.0130338668823242 -0.00745296478271484 -0.0621147155761719 -0.0571670532226563
0.00035858154296875 -0.0140151977539063 -0.0917282104492188 -0.0598983764648438
-0.011906623840332 -0.00562095642089844 -0.136665344238281 -0.032073974609375
-0.0291118621826172 0.00506019592285156 -0.155303955078125 0.0098876953125
-0.0336990356445313 -0.00772476196289063 -0.147903442382812 0.000305175781249987
-0.0348167419433594 -0.00853919982910157 -0.153717041015625 -0.0275421142578125
-0.0266742706298828 -0.0286598205566406 -0.1156005859375 -0.0845489501953125
-0.0030059814453125 -0.0399627685546875 -0.0403366088867188 -0.109245300292969
0.0203056335449219 -0.0369110107421875 0.0205307006835938 -0.0909042358398437
0.0346660614013672 -0.0148429870605469 0.053802490234375 -0.0360832214355469
0.0322380065917969 -0.00277519226074219 -0.0024261474609375 -0.0172748565673828
0.0296764373779297 0.00875282287597656 -0.0385589599609375 -0.09356689453125
0.071807861328125 0.0754928588867188 -0.083465576171875 -0.124397277832031
0.0817642211914063 0.0335693359375 -0.080810546875 -0.0621109008789063
0.0818099975585938 -0.0354080200195313 -0.0387687683105469 -0.048248291015625
0.0325889587402344 -0.0661201477050781 -0.0508956909179688 -0.0606422424316406
-0.0234375 -0.0746383666992188 -0.0741653442382813 -0.0653228759765625
-0.0661888122558594 -0.0363044738769531 -0.117546081542969 -0.0343704223632813
-0.0912704467773437 -0.00363922119140624 -0.133453369140625 0.00876617431640624
-0.0967788696289063 -0.026153564453125 -0.12005615234375 0.00186157226562499
-0.0975799560546875 -0.025390625 -0.130584716796875 -0.0148162841796875
-0.0687789916992188 -0.0658531188964844 -0.104774475097656 -0.056610107421875
-0.0157241821289062 -0.0951690673828125 -0.0470046997070313 -0.083343505859375
0.0466156005859375 -0.086090087890625 -0.00640869140625001 -0.0791168212890625
0.0923690795898438 -0.025360107421875 0.0323486328125 -0.0403594970703125
0.0772171020507812 0.0205307006835938 -0.0116195678710937 -0.0220680236816406
0.065277099609375 0.0597686767578125 -0.042572021484375 -0.0849380493164063
0.101768493652344 0.122138977050781 -0.05157470703125 -0.0980911254882812
0.125801086425781 0.0614547729492188 -0.0500068664550781 -0.0546836853027344
0.140518188476563 -0.052032470703125 -0.0213546752929687 -0.0464019775390625
0.0625 -0.110908508300781 -0.0329322814941406 -0.0515289306640625
-0.0295486450195312 -0.129692077636719 -0.0444107055664063 -0.0561866760253906
-0.104484558105469 -0.0712661743164063 -0.0790786743164062 -0.028106689453125
-0.137214660644531 -0.017974853515625 -0.089691162109375 0.00644683837890625
-0.144668579101563 -0.0401763916015625 -0.0735015869140625 0.00321197509765625
-0.147933959960938 -0.032867431640625 -0.0867080688476563 -0.00237274169921874
-0.110794067382813 -0.0854949951171875 -0.0735549926757813 -0.02325439453125
-0.04412841796875 -0.135116577148438 -0.0380630493164063 -0.0464744567871094
0.0494308471679688 -0.134201049804688 -0.0233001708984375 -0.0498504638671875
0.138298034667969 -0.0533599853515625 0.0100612640380859 -0.030059814453125
0.125114440917969 0.0285797119140625 -0.0175437927246094 -0.0188541412353516
0.103416442871094 0.0989608764648438 -0.0387992858886719 -0.0613288879394531
0.10675048828125 0.1507568359375 -0.0155525207519531 -0.0571670532226563
0.138076782226563 0.0861587524414063 -0.0180244445800781 -0.0380783081054687
0.176055908203125 -0.044921875 -0.0090961456298828 -0.0328845977783203
0.0922698974609375 -0.128036499023438 -0.0173244476318359 -0.0256443023681641
-0.0170745849609375 -0.164047241210938 -0.0112972259521484 -0.0277690887451172
-0.118843078613281 -0.102005004882812 -0.0276927947998047 -0.0084362030029297
-0.160049438476563 -0.0334930419921875 -0.0307140350341797 0.00770378112792969
-0.169906616210938 -0.048797607421875 -0.0153884887695313 0.00344657897949218
-0.177581787109375 -0.0318603515625 -0.0298728942871094 0.00433540344238281
-0.140838623046875 -0.0870819091796875 -0.0245819091796875 0.00383758544921874
-0.07525634765625 -0.152496337890625 -0.0109958648681641 -0.0122079849243164
0.0352935791015625 -0.1649169921875 -0.0194969177246094 -0.0141105651855469
0.162551879882813 -0.0837249755859375 0.00248146057128907 -0.00888442993164063
0.161865234375 0.0244598388671875 -0.0100202560424805 -0.00698280334472656
0.133827209472656 0.122276306152344 -0.0228767395019531 -0.0240192413330078
0.0907440185546875 0.1534423828125 0.0143117904663086 -0.00994586944580077
0.118995666503906 0.0970687866210938 0.0040731430053711 -0.016108512878418
0.173553466796875 -0.0211944580078125 -0.0108346939086914 -0.0132961273193359
0.106590270996094 -0.112686157226563 -0.0154190063476562 0.0109653472900391
0.00338745117187501 -0.162612915039062 0.0121326446533203 0.0167093276977539
-0.109016418457031 -0.115005493164062 0.023651123046875 0.0242443084716797
-0.155410766601563 -0.0438995361328125 0.0330123901367187 0.0147018432617187
-0.169403076171875 -0.0500030517578125 0.0431556701660156 0.0041046142578125
-0.181182861328125 -0.02630615234375 0.0306358337402344 0.00465965270996094
-0.148193359375 -0.075836181640625 0.0308570861816406 0.0190048217773437
-0.092132568359375 -0.14630126953125 0.0260105133056641 0.0109081268310547
0.0173492431640625 -0.168731689453125 0.00226783752441406 0.0139694213867187
0.161468505859375 -0.1002197265625 0.0138635635375977 0.0123805999755859
0.175308227539063 0.0161590576171875 0.0140743255615234 0.00683403015136719
0.145477294921875 0.125244140625 0.00552940368652345 0.0206508636474609
0.0642166137695313 0.129615783691406 0.0339813232421875 0.0350856781005859
0.0831069946289063 0.0870895385742187 0.0132122039794922 0.00239276885986329
0.136573791503906 0.0016632080078125 -0.0260868072509766 0.00390625
0.0946121215820313 -0.0769271850585938 -0.0271949768066406 0.0456161499023437
0.0169906616210938 -0.129371643066406 0.0197639465332031 0.0628738403320312
-0.0830459594726562 -0.103561401367188 0.0641746520996094 0.0615921020507813
-0.126136779785156 -0.0440216064453125 0.090911865234375 0.0243148803710937
-0.143280029296875 -0.0435028076171875 0.09625244140625 0.00423431396484375
-0.157440185546875 -0.02081298828125 0.0857772827148437 0.000419616699218749
-0.131378173828125 -0.0598831176757813 0.0821456909179687 0.024444580078125
-0.0877609252929688 -0.122879028320313 0.061767578125 0.0232315063476562
0.00668334960937501 -0.145950317382813 0.0302410125732422 0.0305442810058594
0.139671325683594 -0.0937042236328125 0.0348567962646484 0.0266132354736328
0.158615112304688 0.011016845703125 0.0467491149902344 0.0201263427734375
0.131462097167969 0.111335754394531 0.0391197204589844 0.0649452209472656
0.0362014770507813 0.0877151489257813 0.0451278686523438 0.0685844421386719
0.0460014343261719 0.06072998046875 0.014643669128418 0.0128040313720703
0.0823745727539063 0.0109939575195313 -0.0448341369628906 0.0142860412597656
0.0609054565429688 -0.0384902954101563 -0.0421371459960938 0.0701446533203125
0.0165328979492187 -0.0765457153320313 0.0182342529296875 0.0976104736328125
-0.0496444702148438 -0.0694847106933594 0.0910797119140625 0.0905685424804688
-0.07916259765625 -0.0327835083007813 0.134559631347656 0.0325164794921875
-0.0955810546875 -0.03070068359375 0.1351318359375 0.00345611572265625
-0.111007690429688 -0.016021728515625 0.12823486328125 -0.00406646728515625
-0.093963623046875 -0.042510986328125 0.120384216308594 0.0255889892578125
-0.06475830078125 -0.0882339477539062 0.0876235961914063 0.0309524536132812
0.00225067138671875 -0.104141235351562 0.0538978576660156 0.0400848388671875
0.100753784179687 -0.0684356689453125 0.0540542602539063 0.0357170104980469
0.114997863769531 0.00920867919921875 0.0769577026367188 0.0329971313476562
0.0933380126953125 0.0817718505859375 0.0680923461914063 0.103141784667969
-0.0402030944824219 -0.0335845947265625 -0.104057312011719 -0.125770568847656
-0.0536727905273438 -0.000938415527343743 -0.102973937988281 -0.0540313720703125
-0.0385475158691406 0.0436668395996094 -0.0551872253417969 -0.0305290222167969
0.00460433959960938 0.051025390625 -0.0623855590820313 -0.0496559143066406
0.0334129333496094 0.039947509765625 -0.0943679809570313 -0.0489044189453125
0.0469818115234375 0.0171966552734375 -0.135940551757813 -0.027801513671875
0.0370597839355469 0.0078887939453125 -0.155380249023438 0.00987243652343751
0.0344791412353516 0.0106906890869141 -0.153549194335938 0.000534057617187507
0.0301074981689453 0.0141334533691406 -0.154266357421875 -0.031524658203125
0.00981330871582031 0.0195198059082031 -0.112403869628906 -0.0944137573242187
-0.00623321533203125 0.0195503234863281 -0.0339813232421875 -0.114501953125
-0.0211868286132813 0.00561332702636718 0.0347137451171875 -0.0880279541015625
-0.0245876312255859 -0.0208148956298828 0.0593338012695313 -0.0285682678222656
-0.00590133666992188 -0.0356559753417969 -0.000225067138671876 -0.0101604461669922
-0.00207901000976562 -0.0470237731933594 -0.0329513549804688 -0.0874786376953125
0.0217952728271484 0.0197334289550781 -0.10357666015625 -0.132820129394531
0.0172491073608398 0.0113382339477539 -0.101325988769531 -0.0601272583007813
0.0182952880859375 -0.000619888305664063 -0.0523757934570312 -0.0403671264648438
0.0128488540649414 -0.00746726989746094 -0.0622825622558594 -0.0569496154785156
-0.000364303588867188 -0.0144386291503906 -0.0918045043945312 -0.0589065551757813
-0.0115747451782227 -0.00571537017822266 -0.13739013671875 -0.0304946899414062
-0.02911376953125 0.0050048828125 -0.155502319335938 0.0113525390625
-0.0338878631591797 -0.00760650634765626 -0.148757934570313 0.00169372558593749
-0.0354537963867188 -0.00885391235351562 -0.154678344726563 -0.025726318359375
-0.0264129638671875 -0.028656005859375 -0.117271423339844 -0.0835800170898437
-0.00350570678710937 -0.0400543212890625 -0.0418930053710938 -0.108978271484375
0.0200424194335938 -0.0369949340820313 0.01922607421875 -0.0915756225585938
0.0346546173095703 -0.0150928497314453 0.053619384765625 -0.0367317199707031
0.0322971343994141 -0.0029754638671875 -0.00290298461914062 -0.0170516967773438
0.0296840667724609 0.00824928283691406 -0.0391006469726562 -0.0932083129882813
0.0727767944335937 0.0742874145507813 -0.08502197265625 -0.123558044433594
0.082427978515625 0.0323410034179688 -0.08172607421875 -0.0612335205078125
0.0822067260742188 -0.0367584228515625 -0.039337158203125 -0.0477867126464844
0.0318565368652344 -0.0666770935058594 -0.050994873046875 -0.0599098205566406
-0.0243606567382813 -0.0742340087890625 -0.0750503540039063 -0.0646820068359375
-0.0667228698730469 -0.0359954833984375 -0.118537902832031 -0.033477783203125
-0.0914230346679688 -0.00289154052734376 -0.133499145507813 0.00997161865234376
-0.097747802734375 -0.02508544921875 -0.120407104492188 0.00363159179687498
-0.0985260009765625 -0.0244903564453125 -0.131340026855469 -0.0132675170898438
-0.0694580078125 -0.0652503967285156 -0.106071472167969 -0.0551834106445313
-0.0166549682617188 -0.09521484375 -0.048248291015625 -0.0835800170898438
0.0460128784179687 -0.0869674682617188 -0.00708007812500001 -0.0790481567382813
0.0919723510742187 -0.0268478393554687 0.0316085815429688 -0.0403175354003906
0.0775222778320313 0.0198135375976563 -0.0114669799804687 -0.0214939117431641
0.0663032531738281 0.0586509704589844 -0.043365478515625 -0.0847091674804688
0.103500366210938 0.120773315429688 -0.0523910522460937 -0.0972900390625
0.127029418945313 0.0596771240234375 -0.0504875183105469 -0.0538139343261719
0.140167236328125 -0.0546722412109375 -0.0217437744140625 -0.0461769104003906
0.061492919921875 -0.112586975097656 -0.0332794189453125 -0.0511665344238281
-0.031585693359375 -0.130119323730469 -0.0454330444335938 -0.0561637878417969
-0.105430603027344 -0.0703811645507813 -0.0796127319335938 -0.0275421142578125
-0.137657165527344 -0.0161895751953125 -0.089508056640625 0.00746154785156248
-0.145767211914063 -0.039093017578125 -0.07342529296875 0.00391387939453126
-0.14886474609375 -0.0311737060546875 -0.0872039794921875 -0.00121307373046874
-0.111793518066406 -0.0846099853515625 -0.073822021484375 -0.0221099853515625
-0.045135498046875 -0.135223388671875 -0.0388755798339844 -0.0464134216308594
0.0481796264648438 -0.135063171386719 -0.0240287780761719 -0.0494003295898438
0.137710571289062 -0.055328369140625 0.00947570800781251 -0.0305805206298828
0.125312805175781 0.0274734497070312 -0.0174846649169922 -0.0182476043701172
0.105239868164063 0.0979766845703125 -0.0394439697265625 -0.0604324340820312
0.108474731445313 0.149490356445313 -0.0163154602050781 -0.0570259094238281
0.13934326171875 0.0848007202148438 -0.0178604125976562 -0.0374946594238281
0.176116943359375 -0.0476837158203125 -0.00928497314453124 -0.0328445434570312
0.0908584594726563 -0.130355834960938 -0.0179576873779297 -0.0258464813232422
-0.018951416015625 -0.164260864257812 -0.0115756988525391 -0.0277938842773438
-0.120147705078125 -0.101097106933594 -0.0279178619384766 -0.00848579406738282
-0.160293579101562 -0.0317535400390625 -0.0309104919433594 0.00829887390136719
-0.171066284179687 -0.0474700927734375 -0.0162229537963867 0.00395107269287109
-0.1785888671875 -0.02978515625 -0.0299854278564453 0.00492477416992188
-0.142257690429688 -0.084991455078125 -0.0247325897216797 0.00417900085449218
-0.0768585205078125 -0.152053833007813 -0.0114860534667969 -0.0122003555297852
0.0336151123046875 -0.165878295898438 -0.0199260711669922 -0.0137996673583984
0.161895751953125 -0.0860443115234375 0.00181293487548829 -0.00913715362548829
0.162490844726563 0.0234222412109375 -0.00984573364257811 -0.00743675231933594
0.135765075683594 0.120613098144531 -0.0227756500244141 -0.0238380432128906
0.0931243896484375 0.152099609375 0.0145998001098633 -0.00986003875732421
0.120018005371094 0.0955963134765625 0.00452232360839844 -0.0161199569702148
0.173675537109375 -0.023651123046875 -0.0108499526977539 -0.0128517150878906
0.105636596679687 -0.114059448242187 -0.0156221389770508 0.010859489440918
0.00132751464843751 -0.163726806640625 0.012451171875 0.01666259765625
-0.110908508300781 -0.114509582519531 0.0241832733154297 0.0240955352783203
-0.156295776367187 -0.042236328125 0.0332775115966797 0.0138721466064453
-0.170272827148438 -0.04827880859375 0.0433578491210937 0.00378036499023437
-0.181930541992188 -0.0242156982421875 0.0307712554931641 0.00503730773925781
-0.149658203125 -0.07391357421875 0.0311679840087891 0.0193328857421875
-0.0938262939453125 -0.145294189453125 0.0261058807373047 0.0106430053710937
0.0156402587890625 -0.16949462890625 0.00200748443603516 0.0142583847045898
0.161102294921875 -0.102493286132813 0.0134611129760742 0.011749267578125
0.175750732421875 0.01416015625 0.0137853622436524 0.00661468505859375
0.147506713867188 0.123733520507813 0.00562286376953126 0.0203361511230469
0.066253662109375 0.128868103027344 0.0345172882080078 0.0347976684570313
0.0842514038085938 0.0856552124023438 0.013458251953125 0.00260162353515625
0.136787414550781 -0.0001068115234375 -0.0261859893798828 0.00417137145996094
0.0942764282226563 -0.078216552734375 -0.0265731811523438 0.0459175109863281
0.0157852172851562 -0.130126953125 0.020416259765625 0.0629348754882813
-0.0846405029296875 -0.10321044921875 0.0655975341796875 0.0612297058105469
-0.126937866210938 -0.0431060791015625 0.0915756225585938 0.0236282348632812
-0.14434814453125 -0.041900634765625 0.0965347290039062 0.0032501220703125
-0.15802001953125 -0.018707275390625 0.0855941772460937 -0.000465393066406251
-0.132171630859375 -0.0584945678710937 0.08251953125 0.02386474609375
-0.0891342163085938 -0.122055053710937 0.0618057250976563 0.0230140686035156
0.00494384765625 -0.146331787109375 0.0299892425537109 0.0307712554931641
0.138801574707031 -0.0954971313476563 0.0348300933837891 0.0260639190673828
0.159088134765625 0.0092315673828125 0.0469436645507813 0.0195236206054688
0.132911682128906 0.109916687011719 0.0394744873046875 0.0642051696777344
0.0374069213867187 0.0877304077148438 0.0466117858886719 0.0678482055664062
0.0469436645507812 0.0603904724121094 0.0149593353271484 0.0126781463623047
0.08270263671875 0.00998687744140625 -0.0447998046875 0.014862060546875
0.0603828430175781 -0.0394554138183594 -0.0413131713867188 0.0707855224609375
0.0157546997070313 -0.0771713256835938 0.019195556640625 0.0979156494140625
-0.0510139465332031 -0.0691566467285156 0.092742919921875 0.0897140502929688
-0.0795974731445313 -0.0324249267578125 0.1357421875 0.03173828125
-0.096588134765625 -0.0295639038085938 0.135726928710938 0.00229644775390625
-0.111648559570313 -0.0144271850585938 0.128173828125 -0.005584716796875
-0.0949325561523437 -0.0415725708007813 0.120765686035156 0.02496337890625
-0.0660629272460938 -0.08831787109375 0.0879745483398437 0.0306320190429687
0.00137329101562499 -0.104743957519531 0.0540962219238281 0.0395698547363281
0.100364685058594 -0.0695114135742188 0.0541534423828125 0.0345687866210937
0.115577697753906 0.0080108642578125 0.0767745971679688 0.0318069458007813
0.094390869140625 0.0807113647460938 0.0689926147460938 0.102928161621094
-0.04046630859375 -0.0333938598632812 -0.105827331542969 -0.124778747558594
-0.0540428161621094 -0.0002288818359375 -0.103729248046875 -0.0530319213867188
-0.0382575988769531 0.0441665649414063 -0.0552330017089844 -0.0299606323242187
0.0047760009765625 0.0511589050292969 -0.0628128051757813 -0.04925537109375
0.0340538024902344 0.0401420593261719 -0.0946884155273438 -0.0486526489257812
0.0470314025878906 0.0167388916015625 -0.136688232421875 -0.0266342163085937
0.0372886657714844 0.00727462768554687 -0.155853271484375 0.011322021484375
0.0345573425292969 0.0105514526367188 -0.15423583984375 0.00167846679687502
0.0306339263916016 0.0134220123291016 -0.154998779296875 -0.0300140380859375
0.0105152130126953 0.0188484191894531 -0.113571166992188 -0.09356689453125
-0.0059814453125 0.0195217132568359 -0.0351791381835938 -0.114608764648438
-0.0213375091552734 0.00598526000976562 0.0342178344726563 -0.08819580078125
-0.0251331329345703 -0.0203399658203125 0.0591087341308594 -0.0287551879882813
-0.00640869140625 -0.0355758666992188 -6.00814819335946E-05 -0.0101156234741211
-0.00235366821289062 -0.0473785400390625 -0.033782958984375 -0.0876235961914063
0.0219497680664063 0.0195579528808594 -0.105438232421875 -0.132438659667969
0.0174083709716797 0.0107955932617188 -0.101966857910156 -0.0587387084960938
0.0182285308837891 -0.00107574462890625 -0.0529823303222656 -0.0398406982421875
0.0126218795776367 -0.00796318054199219 -0.0628128051757813 -0.0567092895507813
-0.0002593994140625 -0.0150556564331055 -0.0927963256835938 -0.0592498779296875
-0.0118522644042969 -0.00549221038818359 -0.138160705566406 -0.03021240234375
-0.0290641784667969 0.00544548034667969 -0.156402587890625 0.0126800537109375
-0.0345726013183594 -0.00811004638671874 -0.149307250976562 0.00323486328125
-0.0352935791015625 -0.0082855224609375 -0.154998779296875 -0.024169921875
-0.0266304016113281 -0.0288143157958984 -0.118400573730469 -0.0825424194335937
-0.0038604736328125 -0.0402336120605469 -0.043182373046875 -0.109100341796875
0.0198593139648437 -0.0369758605957031 0.0179519653320313 -0.0919570922851563
0.03448486328125 -0.0152530670166016 0.0530014038085938 -0.0368614196777344
0.0324363708496094 -0.00351142883300781 -0.00299167633056641 -0.0168180465698242
0.0299663543701172 0.00784111022949219 -0.0400619506835937 -0.0931167602539062
0.0737686157226563 0.0732345581054688 -0.0868377685546875 -0.122810363769531
0.0826492309570312 0.0312652587890625 -0.0823593139648438 -0.0601272583007813
0.0816497802734375 -0.0378189086914063 -0.0394325256347656 -0.0470466613769531
0.03143310546875 -0.067169189453125 -0.0517158508300781 -0.0598373413085938
-0.025054931640625 -0.07470703125 -0.0757064819335937 -0.064453125
-0.0667381286621094 -0.0349845886230469 -0.119331359863281 -0.0322418212890625
-0.0915298461914063 -0.00170898437500002 -0.133819580078125 0.0111541748046875
-0.0984039306640625 -0.02484130859375 -0.120880126953125 0.00440979003906252
-0.0987548828125 -0.0234527587890625 -0.131950378417969 -0.0120010375976563
-0.0703353881835938 -0.0648651123046875 -0.106498718261719 -0.0542449951171875
-0.0175323486328125 -0.0955810546875 -0.0487518310546875 -0.082977294921875
0.0452423095703125 -0.0874557495117188 -0.00778198242187499 -0.0790481567382813
0.0920562744140625 -0.0277175903320312 0.0310478210449219 -0.040618896484375
0.0777969360351562 0.0187149047851563 -0.0116405487060547 -0.021240234375
0.0670127868652344 0.0583076477050781 -0.044189453125 -0.0842819213867188
0.105072021484375 0.119903564453125 -0.0539093017578125 -0.0966262817382812
0.128158569335937 0.05804443359375 -0.0508689880371094 -0.0528945922851563
0.140403747558594 -0.0562973022460938 -0.0218734741210937 -0.0455970764160156
0.0603485107421875 -0.11334228515625 -0.0336647033691406 -0.0506477355957031
-0.0329742431640625 -0.130416870117188 -0.0456428527832031 -0.0563468933105469
-0.106491088867188 -0.070098876953125 -0.08013916015625 -0.0273208618164063
-0.138450622558594 -0.0153274536132812 -0.0897750854492188 0.00815582275390625
-0.146896362304688 -0.03753662109375 -0.0739288330078125 0.00466156005859376
-0.149551391601563 -0.029876708984375 -0.087615966796875 -0.000755310058593735
-0.112823486328125 -0.0838775634765625 -0.0745391845703125 -0.0213088989257812
-0.046905517578125 -0.135391235351562 -0.0394363403320313 -0.045989990234375
0.04742431640625 -0.136329650878906 -0.0247879028320312 -0.0486068725585938
0.137596130371094 -0.0568695068359375 0.00901603698730469 -0.0307769775390625
0.125984191894531 0.026458740234375 -0.0177154541015625 -0.0186634063720703
0.10626220703125 0.0966796875 -0.0403404235839844 -0.0599403381347656
0.110549926757813 0.148269653320313 -0.0165786743164062 -0.0564460754394531
0.140640258789063 0.0836639404296875 -0.0181541442871094 -0.0372314453125
0.175338745117188 -0.0499114990234375 -0.0097522735595703 -0.0326614379882813
0.0900650024414063 -0.131301879882813 -0.0180854797363281 -0.0256233215332031
-0.02105712890625 -0.164642333984375 -0.0114650726318359 -0.0279464721679688
-0.121917724609375 -0.100357055664063 -0.0278396606445313 -0.00867271423339845
-0.1611328125 -0.0303802490234375 -0.0305690765380859 0.00817108154296874
-0.172348022460938 -0.0453338623046875 -0.0162229537963867 0.00406360626220703
-0.179046630859375 -0.02838134765625 -0.0300617218017578 0.00531578063964843
-0.142837524414063 -0.0840606689453125 -0.0246238708496094 0.00506210327148437
-0.07830810546875 -0.15179443359375 -0.0119171142578125 -0.0115814208984375
0.0321807861328125 -0.167068481445313 -0.0207233428955078 -0.0131759643554688
0.161666870117188 -0.088134765625 0.0018301010131836 -0.00959205627441407
0.16326904296875 0.0210723876953125 -0.0104846954345703 -0.00777912139892578
0.136795043945313 0.119377136230469 -0.0232410430908203 -0.0234260559082031
0.09515380859375 0.151107788085938 0.014307975769043 -0.00981140136718749
0.121902465820313 0.0940628051757813 0.00459098815917969 -0.0161628723144531
0.173370361328125 -0.025970458984375 -0.0109491348266601 -0.0129261016845703
0.104934692382813 -0.116157531738281 -0.0150527954101562 0.0112123489379883
-0.000335693359374992 -0.16412353515625 0.0128183364868164 0.0163249969482422
-0.112052917480469 -0.113677978515625 0.0245990753173828 0.0237178802490234
-0.156829833984375 -0.0408782958984375 0.0334682464599609 0.0139350891113281
-0.171859741210938 -0.0464935302734375 0.0437049865722656 0.00345993041992187
-0.182830810546875 -0.02264404296875 0.0306034088134766 0.00508499145507812
-0.150405883789063 -0.0728302001953125 0.0313129425048828 0.0192623138427734
-0.095428466796875 -0.14471435546875 0.0257568359375 0.0107612609863281
0.0141448974609375 -0.170150756835938 0.00222110748291016 0.0146121978759766
0.160385131835938 -0.104995727539063 0.0132617950439453 0.0112695693969726
0.176605224609375 0.01202392578125 0.0135335922241211 0.00582599639892578
0.1490478515625 0.122604370117188 0.00600051879882814 0.0205192565917969
0.0676956176757813 0.128616333007813 0.0347652435302734 0.0347785949707031
0.0852203369140625 0.0854873657226563 0.0136375427246094 0.00232887268066407
0.137077331542969 -0.00205230712890625 -0.0261688232421875 0.00469017028808594
0.0940170288085937 -0.0794601440429688 -0.0263786315917969 0.0463790893554687
0.0147171020507812 -0.131088256835938 0.0213165283203125 0.0628433227539062
-0.0859298706054688 -0.102622985839844 0.0661277770996094 0.0603485107421875
-0.1279296875 -0.0419692993164063 0.0925369262695313 0.0229644775390625
-0.145309448242188 -0.04095458984375 0.0966567993164062 0.002410888671875
-0.158935546875 -0.016937255859375 0.0862045288085937 -0.000801086425781251
-0.133049011230469 -0.0576171875 0.0829544067382812 0.0235977172851562
-0.090545654296875 -0.121360778808594 0.0619163513183594 0.0222892761230469
0.00366210937500001 -0.147018432617188 0.0300998687744141 0.0307693481445312
0.137962341308594 -0.0982894897460937 0.0348052978515625 0.0250740051269531
0.159942626953125 0.007568359375 0.0466842651367188 0.018585205078125
0.134628295898438 0.109352111816406 0.0405693054199219 0.0639381408691406
0.0383148193359375 0.0875320434570313 0.0472183227539063 0.0670738220214844
0.0475234985351563 0.05987548828125 0.0152778625488281 0.0119905471801758
0.0831756591796875 0.00907135009765625 -0.0446128845214844 0.01513671875
0.06072998046875 -0.0403861999511719 -0.0409011840820313 0.0710983276367188
0.01495361328125 -0.0772171020507813 0.0204010009765625 0.0977096557617188
-0.052001953125 -0.0686492919921875 0.093353271484375 0.0894241333007813
-0.0802230834960937 -0.0316238403320313 0.13623046875 0.0303802490234375
-0.0969619750976563 -0.0288162231445313 0.136650085449219 0.0012054443359375
-0.111434936523438 -0.01312255859375 0.12872314453125 -0.00698089599609375
-0.0949554443359375 -0.0405807495117188 0.121444702148437 0.0235519409179687
-0.0671539306640625 -0.0875625610351562 0.0878524780273438 0.0302810668945312
0.000564575195312505 -0.105224609375 0.0546340942382813 0.0398445129394531
0.099639892578125 -0.0716552734375 0.0543594360351563 0.0335655212402344
0.115943908691406 0.00672149658203125 0.0767745971679688 0.0305938720703125
0.0955810546875 0.0803756713867188 0.0705490112304688 0.102188110351563
-0.0413169860839844 -0.0333023071289062 -0.107551574707031 -0.123832702636719
-0.0547218322753906 0.000457763671875009 -0.104202270507813 -0.051055908203125
-0.0376853942871094 0.0446357727050781 -0.0553703308105469 -0.0293617248535156
0.00540542602539063 0.0512847900390625 -0.0632057189941406 -0.0488853454589844
0.0343246459960938 0.03985595703125 -0.0948104858398438 -0.047698974609375
0.047149658203125 0.0162086486816406 -0.1375732421875 -0.0260696411132813
0.0378761291503906 0.00726699829101562 -0.156478881835938 0.0125732421875
0.0345745086669922 0.0100650787353516 -0.155227661132813 0.00347900390624999
0.0308570861816406 0.0132999420166016 -0.155960083007813 -0.028717041015625
0.0104598999023438 0.0189380645751953 -0.114669799804688 -0.0931625366210938
-0.00585746765136719 0.0197353363037109 -0.0366668701171875 -0.114723205566406
-0.0214653015136719 0.006317138671875 0.0334625244140625 -0.0889434814453125
-0.0255260467529297 -0.0202732086181641 0.0591545104980469 -0.0289268493652344
-0.00668716430664063 -0.0355186462402344 -0.000444412231445313 -0.00975608825683594
-0.00313949584960938 -0.0474205017089844 -0.034454345703125 -0.087310791015625
0.0223617553710937 0.0189399719238281 -0.107307434082031 -0.130867004394531
0.0174074172973633 0.010533332824707 -0.102630615234375 -0.0579910278320313
0.0179977416992188 -0.00107765197753906 -0.052703857421875 -0.0392875671386719
0.0129804611206055 -0.00768089294433594 -0.0630607604980469 -0.0562362670898438
-0.00040435791015625 -0.0145597457885742 -0.093505859375 -0.0586013793945312
-0.0115289688110352 -0.00568294525146485 -0.139457702636719 -0.0294265747070312
-0.0288276672363281 0.00546836853027344 -0.157272338867188 0.01397705078125
-0.0348072052001953 -0.00729751586914062 -0.1502685546875 0.00445556640625001
-0.0356826782226563 -0.00842666625976562 -0.156097412109375 -0.022705078125
-0.0268440246582031 -0.0282974243164062 -0.119468688964844 -0.0819549560546875
-0.00389480590820313 -0.0403823852539062 -0.0443572998046875 -0.108528137207031
0.0195350646972656 -0.0372734069824219 0.0172805786132813 -0.0919265747070313
0.0340099334716797 -0.0158405303955078 0.0528221130371094 -0.0372238159179688
0.0322914123535156 -0.00374794006347656 -0.00286388397216797 -0.0165376663208008
0.0302009582519531 0.00749778747558594 -0.0407028198242188 -0.0931396484375
0.0750885009765625 0.0726776123046875 -0.0878067016601563 -0.121917724609375
0.083587646484375 0.0306777954101563 -0.0827178955078125 -0.0589447021484375
0.0818862915039063 -0.0387115478515625 -0.0398902893066406 -0.0464439392089844
0.0308609008789062 -0.0675735473632813 -0.0520286560058594 -0.059417724609375
-0.0259170532226563 -0.0745010375976563 -0.076873779296875 -0.0642623901367188
-0.0670700073242188 -0.0349845886230469 -0.120384216308594 -0.0319595336914063
-0.0918350219726563 -0.00122833251953124 -0.134452819824219 0.01177978515625
-0.0988540649414063 -0.023773193359375 -0.121574401855469 0.00541687011718752
-0.0992279052734375 -0.0227127075195313 -0.132278442382813 -0.0107192993164063
-0.0708847045898437 -0.0648345947265625 -0.1075439453125 -0.0533523559570313
-0.018096923828125 -0.095794677734375 -0.0495529174804687 -0.082550048828125
0.0444183349609375 -0.0886459350585938 -0.00885772705078125 -0.0786972045898438
0.0921478271484375 -0.0289993286132813 0.0310783386230469 -0.0412139892578125
0.0785140991210938 0.0183258056640625 -0.0118312835693359 -0.02154541015625
0.0678939819335938 0.057098388671875 -0.0448074340820312 -0.0844268798828125
0.106544494628906 0.119224548339844 -0.054473876953125 -0.0962600708007812
0.129264831542969 0.057037353515625 -0.0514259338378906 -0.0525169372558594
0.139862060546875 -0.0580291748046875 -0.0225982666015625 -0.0453453063964844
0.0594558715820313 -0.114471435546875 -0.03411865234375 -0.0505599975585938
-0.0339889526367187 -0.131240844726563 -0.0460662841796875 -0.0563278198242188
-0.107254028320313 -0.0696182250976562 -0.0807418823242187 -0.0268325805664063
-0.139076232910156 -0.0137252807617188 -0.0900344848632813 0.00872039794921874
-0.148269653320313 -0.0364532470703125 -0.07464599609375 0.00510406494140625
-0.150299072265625 -0.028350830078125 -0.088165283203125 0.00096893310546875
-0.113990783691406 -0.0828323364257813 -0.0746688842773438 -0.020782470703125
-0.04803466796875 -0.135520935058594 -0.0407257080078125 -0.04608154296875
0.0461959838867188 -0.137191772460937 -0.0257530212402344 -0.0485687255859375
0.137527465820313 -0.0582199096679688 0.00851631164550782 -0.0312252044677734
0.126541137695313 0.02545166015625 -0.0183315277099609 -0.0180168151855469
0.1077880859375 0.096038818359375 -0.0406608581542969 -0.0602684020996094
0.112564086914063 0.14776611328125 -0.017059326171875 -0.0565567016601562
0.141860961914063 0.0819549560546875 -0.0182647705078125 -0.0367393493652344
0.175811767578125 -0.05242919921875 -0.00975608825683592 -0.0326557159423828
0.0889968872070313 -0.133071899414063 -0.01812744140625 -0.0251274108886719
-0.0227508544921875 -0.165267944335938 -0.0118198394775391 -0.0284595489501953
-0.122810363769531 -0.0998001098632812 -0.0279941558837891 -0.00855827331542969
-0.162307739257812 -0.0290985107421875 -0.0305042266845703 0.00858497619628906
-0.173828125 -0.044219970703125 -0.0164699554443359 0.00422954559326172
-0.180191040039063 -0.0264129638671875 -0.0306720733642578 0.00626182556152343
-0.14398193359375 -0.0833282470703125 -0.0246257781982422 0.00526237487792969
-0.0796356201171875 -0.1513671875 -0.0121879577636719 -0.0116138458251953
0.0309295654296875 -0.168045043945313 -0.0212039947509766 -0.0126781463623047
0.1614990234375 -0.0899658203125 0.00130653381347657 -0.00960540771484376
0.163864135742188 0.020050048828125 -0.0102615356445312 -0.00740909576416016
0.138839721679688 0.118186950683594 -0.0234451293945312 -0.0232372283935547
0.0968017578125 0.150466918945313 0.0147304534912109 -0.0100955963134766
0.123298645019531 0.0930709838867188 0.00455951690673829 -0.0156593322753906
0.173828125 -0.0279388427734375 -0.0110349655151367 -0.0122804641723633
0.104476928710938 -0.117027282714844 -0.0148639678955078 0.0113143920898437
-0.00178527832031251 -0.164749145507813 0.0127964019775391 0.0158901214599609
-0.1131591796875 -0.113128662109375 0.0251007080078125 0.0236606597900391
-0.157882690429688 -0.0399169921875 0.0340366363525391 0.0138359069824219
-0.173263549804688 -0.045074462890625 0.0435981750488281 0.0027618408203125
-0.183746337890625 -0.0204010009765625 0.0305957794189453 0.0048828125
-0.151412963867187 -0.071685791015625 0.0319614410400391 0.0190658569335937
-0.0970611572265625 -0.144317626953125 0.0257606506347656 0.0106563568115234
0.0123443603515625 -0.171401977539063 0.00169467926025391 0.0150299072265625
0.15997314453125 -0.107101440429687 0.0133905410766602 0.0111427307128906
0.176742553710938 0.01080322265625 0.0133266448974609 0.00577259063720703
0.150604248046875 0.121475219726563 0.00620651245117188 0.0203323364257813
0.069366455078125 0.128288269042969 0.0355911254882813 0.034027099609375
0.0865249633789063 0.0846405029296875 0.0139780044555664 0.00202178955078126
0.137489318847656 -0.00395965576171875 -0.0262832641601562 0.00480461120605469
0.0935592651367188 -0.0808181762695313 -0.0259437561035156 0.0463676452636719
0.0134353637695312 -0.131744384765625 0.0218429565429687 0.0627555847167969
-0.0867767333984375 -0.102394104003906 0.0670013427734375 0.0602684020996094
-0.128265380859375 -0.0411911010742188 0.0932388305664062 0.0221481323242187
-0.146697998046875 -0.0399932861328125 0.0972137451171875 0.00177001953125
-0.159393310546875 -0.0153045654296875 0.086181640625 -0.00112152099609375
-0.133827209472656 -0.0562057495117188 0.08331298828125 0.0230484008789062
-0.0920181274414062 -0.121192932128906 0.0617446899414062 0.022369384765625
0.00189208984375001 -0.14801025390625 0.0302524566650391 0.0308952331542969
0.137687683105469 -0.099456787109375 0.0345783233642578 0.0244064331054687
0.160964965820313 0.0063934326171875 0.0461387634277344 0.0177650451660156
0.136604309082031 0.108291625976563 0.0411033630371094 0.06396484375
0.0393600463867188 0.0874557495117188 0.0478248596191406 0.067291259765625
0.0484352111816406 0.0593643188476563 0.0152254104614258 0.0115633010864258
0.0837173461914062 0.008026123046875 -0.0444526672363281 0.0153617858886719
0.060272216796875 -0.0410499572753906 -0.0402374267578125 0.0715408325195313
0.0139923095703125 -0.0784072875976563 0.0211563110351563 0.0977783203125
-0.0530509948730469 -0.0683746337890625 0.0947189331054687 0.08905029296875
-0.080841064453125 -0.0306854248046875 0.137001037597656 0.0292816162109375
-0.0982131958007813 -0.0278472900390625 0.137107849121094 -0.000305175781250002
-0.112174987792969 -0.0120086669921875 0.129035949707031 -0.00699615478515625
-0.0955886840820313 -0.0396347045898437 0.121673583984375 0.0234146118164062
-0.0679473876953125 -0.08697509765625 0.088134765625 0.0296859741210937
-0.000480651855468755 -0.105628967285156 0.0549240112304688 0.0392303466796875
0.0993576049804688 -0.0725631713867188 0.0540847778320313 0.0327720642089844
0.11663818359375 0.0059814453125 0.0768890380859375 0.0296554565429688
0.09661865234375 0.0800399780273438 0.0714340209960938 0.101707458496094
-0.0418281555175781 -0.0335235595703125 -0.109298706054688 -0.123031616210937
-0.0545310974121094 0.000736236572265624 -0.105430603027344 -0.0496902465820312
-0.0380630493164063 0.0450706481933594 -0.0557594299316406 -0.0289230346679687
0.00571060180664063 0.0515518188476562 -0.0630569458007813 -0.0483970642089844
0.0346412658691406 0.0395698547363281 -0.0955886840820312 -0.0474319458007813
0.0479850769042969 0.0158195495605469 -0.138313293457031 -0.02545166015625
0.0379371643066406 0.006683349609375 -0.157302856445313 0.0130157470703125
0.0348548889160156 0.00952339172363281 -0.156463623046875 0.00486755371093752
0.0311546325683594 0.0127239227294922 -0.157211303710938 -0.0279083251953125
0.0110263824462891 0.0190906524658203 -0.115875244140625 -0.0923385620117188
-0.00601005554199219 0.0200042724609375 -0.0371780395507812 -0.114601135253906
-0.0217304229736328 0.00701332092285157 0.0328750610351562 -0.08935546875
-0.025909423828125 -0.0198078155517578 0.0589218139648437 -0.0291595458984375
-0.00749969482421875 -0.0357704162597656 -6.96182250976565E-05 -0.00967693328857422
-0.00324249267578125 -0.0474586486816406 -0.0350494384765625 -0.0873336791992188
0.0226612091064453 0.01861572265625 -0.1090087890625 -0.129928588867188
0.0174579620361328 0.0103244781494141 -0.103439331054688 -0.05657958984375
0.0182132720947266 -0.00167655944824219 -0.0537796020507813 -0.0388641357421875
0.0128774642944336 -0.00800037384033203 -0.0636215209960937 -0.0557060241699219
-0.000359535217285156 -0.0144987106323242 -0.0944595336914063 -0.0584335327148438
-0.0118026733398438 -0.00567245483398438 -0.140083312988281 -0.0288314819335938
-0.0292339324951172 0.00560379028320313 -0.157974243164063 0.014923095703125
-0.0349330902099609 -0.00722694396972656 -0.151138305664062 0.00585937499999998
-0.0358695983886719 -0.00794601440429687 -0.156814575195313 -0.0214996337890625
-0.0277137756347656 -0.0282268524169922 -0.120452880859375 -0.081146240234375
-0.00424957275390625 -0.0406570434570313 -0.0450363159179687 -0.108680725097656
0.0190048217773437 -0.0372085571289063 0.0166168212890625 -0.0922622680664063
0.0340442657470703 -0.0159416198730469 0.0525703430175781 -0.037567138671875
0.0321102142333984 -0.00430870056152344 -0.00298023223876953 -0.0162715911865234
0.0302886962890625 0.00677871704101563 -0.0410537719726562 -0.09246826171875
0.07611083984375 0.07208251953125 -0.08929443359375 -0.121444702148437
0.0846786499023438 0.0292587280273438 -0.0834732055664062 -0.05780029296875
0.0816802978515625 -0.0400848388671875 -0.0399017333984375 -0.0463447570800781
0.0304374694824219 -0.0680885314941406 -0.0523681640625 -0.0595741271972656
-0.0266342163085938 -0.0749740600585938 -0.0771865844726563 -0.064544677734375
-0.0679550170898438 -0.0348472595214844 -0.121170043945312 -0.0311355590820312
-0.0921707153320312 -0.000755310058593753 -0.134933471679688 0.0126876831054688
-0.0999755859375 -0.0230331420898437 -0.122474670410156 0.00640869140625
-0.0998764038085937 -0.0222320556640625 -0.13336181640625 -0.009185791015625
-0.0711212158203125 -0.0644073486328125 -0.108680725097656 -0.0524215698242188
-0.0189971923828125 -0.095855712890625 -0.0512237548828125 -0.0829925537109375
0.043792724609375 -0.0887832641601563 -0.00968170166015625 -0.0787200927734375
0.0921783447265625 -0.0298385620117188 0.0306472778320313 -0.0416450500488281
0.0788726806640625 0.017791748046875 -0.0121231079101562 -0.0211505889892578
0.0687751770019531 0.0569305419921875 -0.0452041625976562 -0.0838699340820313
0.108100891113281 0.118034362792969 -0.0555343627929687 -0.0959548950195313
0.130203247070313 0.0558929443359375 -0.0517997741699219 -0.0515556335449219
0.14007568359375 -0.0601348876953125 -0.022369384765625 -0.0453720092773438
0.0594406127929688 -0.115509033203125 -0.0342369079589844 -0.0505752563476563
-0.0353317260742188 -0.131111145019531 -0.0468559265136719 -0.0561752319335938
-0.108299255371094 -0.0688018798828125 -0.0811080932617188 -0.0264892578125
-0.139808654785156 -0.0129318237304688 -0.090728759765625 0.00936889648437501
-0.149215698242187 -0.03533935546875 -0.074859619140625 0.00579071044921874
-0.150802612304687 -0.0274200439453125 -0.088958740234375 0.00176239013671876
-0.114692687988281 -0.0823211669921875 -0.0748672485351563 -0.0201568603515625
-0.0494384765625 -0.13592529296875 -0.0410003662109375 -0.0454483032226563
0.0453109741210938 -0.138404846191406 -0.0266036987304687 -0.0482330322265625
0.137687683105469 -0.0599517822265625 0.00802612304687501 -0.0310955047607422
0.127418518066406 0.0241851806640625 -0.0185012817382812 -0.0179080963134766
0.109115600585938 0.0952835083007813 -0.0412139892578125 -0.0603294372558594
0.114700317382813 0.147140502929688 -0.0174140930175781 -0.0563278198242188
0.143325805664063 0.0809326171875 -0.0182418823242187 -0.0362014770507812
0.175949096679688 -0.054595947265625 -0.0100440979003906 -0.0320167541503906
0.0885086059570313 -0.134307861328125 -0.0182743072509766 -0.02545166015625
-0.024261474609375 -0.165496826171875 -0.0118675231933594 -0.0287284851074219
-0.123779296875 -0.0990753173828125 -0.0281352996826172 -0.00821495056152344
-0.16339111328125 -0.0282440185546875 -0.0307846069335938 0.00878143310546876
-0.175704956054688 -0.0429534912109375 -0.0163145065307617 0.00438213348388671
-0.181076049804688 -0.0254364013671875 -0.030853271484375 0.00656890869140625
-0.145095825195312 -0.0821075439453125 -0.0246067047119141 0.0056304931640625
-0.0816650390625 -0.1514892578125 -0.0126628875732422 -0.0115470886230469
0.0292816162109375 -0.168975830078125 -0.0218524932861328 -0.0120468139648438
0.161697387695313 -0.091705322265625 0.000897407531738291 -0.00995063781738282
0.165054321289063 0.018707275390625 -0.0110578536987305 -0.00794506072998047
0.14068603515625 0.11724853515625 -0.0238151550292969 -0.023590087890625
0.0988616943359375 0.150299072265625 0.0150861740112305 -0.0102176666259766
0.124702453613281 0.0926666259765625 0.00481319427490235 -0.0158662796020508
0.174179077148438 -0.029815673828125 -0.0114650726318359 -0.0122528076171875
0.103973388671875 -0.118598937988281 -0.0145454406738281 0.0114984512329101
-0.00321960449218748 -0.1654052734375 0.0134248733520508 0.0159273147583008
-0.11456298828125 -0.112899780273437 0.0255317687988281 0.0232372283935547
-0.1588134765625 -0.038970947265625 0.0344314575195312 0.0134086608886719
-0.174636840820313 -0.044036865234375 0.0438728332519531 0.002899169921875
-0.184829711914063 -0.0196685791015625 0.0310230255126953 0.00506210327148437
-0.152206420898438 -0.0707855224609375 0.0322055816650391 0.0193386077880859
-0.098419189453125 -0.144332885742188 0.0254783630371094 0.0105419158935547
0.0113983154296875 -0.172195434570312 0.00145912170410156 0.0156431198120117
0.15960693359375 -0.108978271484375 0.0128536224365234 0.0106468200683594
0.17803955078125 0.009368896484375 0.0132923126220703 0.00519657135009766
0.152572631835938 0.120529174804687 0.0062999725341797 0.0204601287841797
0.0709762573242188 0.127731323242188 0.0363044738769531 0.0340080261230469
0.0873031616210938 0.0841445922851563 0.0141077041625977 0.00179862976074219
0.137794494628906 -0.00531005859375 -0.0258960723876953 0.00527763366699219
0.0936737060546875 -0.0820465087890625 -0.02557373046875 0.0469322204589844
0.0130691528320312 -0.132164001464844 0.0224456787109375 0.062774658203125
-0.0879287719726563 -0.101737976074219 0.0680198669433594 0.0598411560058594
-0.129783630371094 -0.0402603149414063 0.0936965942382812 0.0214462280273437
-0.147720336914063 -0.0386810302734375 0.0976638793945312 0.000732421874999998
-0.16046142578125 -0.01422119140625 0.0866317749023437 -0.00140380859375
-0.134666442871094 -0.0555419921875 0.0839157104492187 0.0232009887695312
-0.0935134887695313 -0.121025085449219 0.0620689392089844 0.0222206115722656
0.00126647949218751 -0.148849487304688 0.030426025390625 0.0309963226318359
0.137550354003906 -0.101097106933594 0.0345401763916016 0.0237522125244141
0.161209106445313 0.005035400390625 0.0459747314453125 0.0170173645019531
0.137886047363281 0.107658386230469 0.0417518615722656 0.0637702941894531
0.0403976440429688 0.0872116088867188 0.0488357543945313 0.0663681030273438
0.0488014221191406 0.0589828491210938 0.0159587860107422 0.0114564895629883
0.0837173461914063 0.007110595703125 -0.0441360473632812 0.0158500671386719
0.0602645874023437 -0.0416908264160156 -0.0402297973632812 0.0721359252929688
0.0133438110351563 -0.0785293579101563 0.0219573974609375 0.0980300903320312
-0.0537567138671875 -0.0680770874023438 0.0962677001953125 0.0883712768554688
-0.0810546875 -0.0302352905273438 0.138336181640625 0.028411865234375
-0.0988006591796875 -0.0270538330078125 0.137794494628906 -0.00128936767578125
-0.112640380859375 -0.0106964111328125 0.129852294921875 -0.007965087890625
-0.09613037109375 -0.039093017578125 0.122764587402344 0.02252197265625
-0.0686187744140625 -0.0865402221679688 0.0885238647460938 0.0296554565429687
-0.00139617919921875 -0.105949401855469 0.0548782348632812 0.0394020080566406
0.0991363525390625 -0.0736541748046875 0.0539588928222656 0.03192138671875
0.117225646972656 0.005035400390625 0.0765609741210938 0.0285263061523437
0.0980377197265625 0.0795516967773438 0.0722808837890625 0.101943969726563
-0.0421905517578125 -0.0335731506347656 -0.110626220703125 -0.122100830078125
-0.054779052734375 0.00129699707031251 -0.105743408203125 -0.0487518310546875
-0.0377578735351563 0.0459136962890625 -0.0558319091796875 -0.0283622741699219
0.00603485107421875 0.0514793395996094 -0.0639457702636719 -0.0481910705566406
0.0355606079101563 0.0390090942382813 -0.0964508056640625 -0.0474929809570312
0.0482292175292969 0.0153427124023438 -0.139289855957031 -0.02508544921875
0.0381813049316406 0.0062713623046875 -0.158172607421875 0.014190673828125
0.0350093841552734 0.00951957702636719 -0.1572265625 0.00564575195312498
0.0312023162841797 0.0125522613525391 -0.157638549804688 -0.0269775390625
0.0112056732177734 0.0190277099609375 -0.1168212890625 -0.0923538208007813
-0.00522041320800781 0.0202503204345703 -0.0383987426757812 -0.114814758300781
-0.0215663909912109 0.00723838806152344 0.0319137573242188 -0.0895233154296875
-0.0265560150146484 -0.0194015502929688 0.0588111877441406 -0.029541015625
-0.00763320922851562 -0.035980224609375 0.000194549560546874 -0.009307861328125
-0.0037078857421875 -0.0480194091796875 -0.0354843139648437 -0.08721923828125
0.022674560546875 0.0181236267089844 -0.110511779785156 -0.129676818847656
0.0177650451660156 0.00993537902832031 -0.10400390625 -0.055328369140625
0.0181884765625 -0.00152778625488281 -0.0538139343261719 -0.0383186340332031
0.0128107070922852 -0.00843334197998047 -0.0640411376953125 -0.0556716918945313
-0.000478744506835938 -0.0147132873535156 -0.0946884155273437 -0.0590362548828125
-0.011937141418457 -0.00562095642089843 -0.140975952148438 -0.0282440185546875
-0.0292568206787109 0.00580596923828126 -0.158294677734375 0.015625
-0.0354843139648438 -0.00649642944335938 -0.151779174804688 0.00691223144531251
-0.0363273620605469 -0.00780487060546874 -0.157974243164063 -0.020263671875
-0.0277214050292969 -0.0283622741699219 -0.121902465820313 -0.0803680419921875
-0.00493240356445312 -0.0407333374023438 -0.0463638305664063 -0.108818054199219
0.0192375183105469 -0.0375328063964844 0.0158538818359375 -0.092681884765625
0.0340747833251953 -0.01617431640625 0.0522689819335938 -0.0381202697753906
0.0323257446289062 -0.00426101684570312 -0.00234413146972656 -0.0158624649047852
0.0308170318603516 0.00654220581054688 -0.0420608520507813 -0.0928115844726563
0.0768051147460938 0.0713958740234375 -0.0905838012695313 -0.121017456054688
0.0850067138671875 0.0287933349609375 -0.08428955078125 -0.0571136474609375
0.0814208984375 -0.0408401489257812 -0.0404434204101562 -0.0459976196289063
0.0302963256835938 -0.0691146850585937 -0.0528030395507813 -0.059173583984375
-0.0270004272460937 -0.0751724243164063 -0.0784225463867188 -0.0649490356445312
-0.0685501098632813 -0.0344886779785156 -0.122566223144531 -0.0309600830078125
-0.0926437377929688 -0.000167846679687483 -0.135498046875 0.013702392578125
-0.100936889648438 -0.0222854614257812 -0.123397827148438 0.00755310058593752
-0.100608825683594 -0.0216751098632813 -0.134262084960938 -0.00833892822265628
-0.0720672607421875 -0.0641326904296875 -0.109352111816406 -0.0518646240234375
-0.0200729370117187 -0.0964584350585938 -0.0521011352539063 -0.0823135375976562
0.043121337890625 -0.0895919799804688 -0.0107345581054687 -0.0785675048828125
0.0923385620117187 -0.03106689453125 0.0308647155761719 -0.0417327880859375
0.0791397094726563 0.0170440673828125 -0.0117912292480469 -0.0209064483642578
0.0698699951171875 0.0563392639160156 -0.0459671020507813 -0.0838546752929687
0.109886169433594 0.117568969726563 -0.0565109252929688 -0.0954055786132812
0.131584167480469 0.0546493530273438 -0.0522422790527344 -0.0514678955078125
0.140213012695313 -0.0614852905273438 -0.022613525390625 -0.0449981689453125
0.0586471557617187 -0.11651611328125 -0.0340766906738281 -0.0506477355957031
-0.036376953125 -0.131706237792969 -0.0473442077636719 -0.0567703247070313
-0.109024047851563 -0.06878662109375 -0.0821990966796875 -0.0266265869140625
-0.14031982421875 -0.0120620727539062 -0.0912322998046875 0.00962066650390623
-0.1505126953125 -0.0344085693359375 -0.0754318237304688 0.00643920898437498
-0.152175903320312 -0.0263214111328125 -0.08917236328125 0.00306701660156249
-0.115348815917969 -0.0820159912109375 -0.0758438110351563 -0.0189590454101563
-0.0505142211914062 -0.136177062988281 -0.0420379638671875 -0.0455322265625
0.0446395874023437 -0.139305114746094 -0.0273284912109375 -0.0478591918945313
0.137779235839844 -0.0611495971679687 0.00746345520019532 -0.0314922332763672
0.127983093261719 0.0235671997070313 -0.0185680389404297 -0.0183067321777344
0.110496520996094 0.0941848754882813 -0.0416831970214844 -0.0597991943359375
0.116561889648437 0.146514892578125 -0.0174903869628906 -0.0561485290527344
0.145065307617187 0.0796661376953125 -0.0184555053710937 -0.0357780456542969
0.176315307617188 -0.056640625 -0.0102558135986328 -0.0319557189941406
0.0882339477539062 -0.135948181152344 -0.0180034637451172 -0.0251407623291016
-0.025299072265625 -0.166519165039063 -0.0118045806884766 -0.0294132232666016
-0.125381469726563 -0.0985794067382812 -0.0280799865722656 -0.00863075256347656
-0.163986206054688 -0.0272216796875 -0.0308094024658203 0.00886726379394531
-0.17730712890625 -0.0415802001953125 -0.0167675018310547 0.00458812713623047
-0.181991577148438 -0.0243377685546875 -0.0305423736572266 0.00748825073242187
-0.146469116210938 -0.0818023681640625 -0.0246353149414063 0.00627899169921875
-0.0825653076171875 -0.152191162109375 -0.0128507614135742 -0.0111417770385742
0.028167724609375 -0.170364379882813 -0.0219345092773438 -0.0116081237792969
0.161392211914063 -0.0939788818359375 0.000375747680664072 -0.0103044509887695
0.165786743164063 0.017242431640625 -0.01129150390625 -0.0078277587890625
0.14202880859375 0.116455078125 -0.0238246917724609 -0.02362060546875
0.100616455078125 0.150054931640625 0.0149745941162109 -0.0102148056030273
0.125831604003906 0.0919265747070313 0.00512027740478516 -0.0157098770141601
0.174606323242188 -0.031585693359375 -0.0113763809204101 -0.0124101638793945
0.103919982910156 -0.120285034179688 -0.0145158767700195 0.0116806030273437
-0.00459289550781249 -0.166336059570313 0.0136327743530273 0.0155849456787109
-0.115943908691406 -0.112586975097656 0.0256404876708984 0.0229759216308594
-0.159912109375 -0.0381011962890625 0.0347347259521484 0.0131988525390625
-0.176223754882813 -0.042633056640625 0.0443077087402344 0.00255584716796875
-0.18548583984375 -0.0181427001953125 0.0309581756591797 0.00526046752929687
-0.153640747070313 -0.070343017578125 0.0323886871337891 0.0193023681640625
-0.0997467041015625 -0.144256591796875 0.0254135131835937 0.0110187530517578
0.01007080078125 -0.173477172851563 0.00148677825927734 0.0158290863037109
0.1597900390625 -0.111083984375 0.0125341415405274 0.0101509094238281
0.179031372070313 0.008270263671875 0.012812614440918 0.00451469421386719
0.154006958007813 0.119949340820313 0.00671386718750001 0.0204601287841797
0.0722579956054687 0.127922058105469 0.0367050170898438 0.0336456298828125
0.0888290405273438 0.0837554931640625 0.0148563385009766 0.00185585021972657
0.138603210449219 -0.0064544677734375 -0.0262794494628906 0.00548362731933594
0.0935211181640625 -0.0828857421875 -0.0250015258789062 0.0471725463867187
0.0116043090820312 -0.133453369140625 0.0229454040527344 0.0627784729003906
-0.0893020629882813 -0.10162353515625 0.0686531066894531 0.0596809387207031
-0.130241394042969 -0.0396804809570312 0.0949859619140625 0.0211181640625
-0.149002075195313 -0.037506103515625 0.0982208251953125 4.57763671874977E-05
-0.161239624023438 -0.012908935546875 0.0871810913085937 -0.00130462646484375
-0.13568115234375 -0.0551223754882813 0.0844192504882813 0.022552490234375
-0.0948638916015625 -0.120895385742188 0.0617637634277344 0.0224266052246094
0.000320434570312498 -0.14959716796875 0.0304718017578125 0.0313949584960937
0.137832641601563 -0.103065490722656 0.0342483520507813 0.0233821868896484
0.162033081054688 0.0038299560546875 0.0462265014648438 0.0163116455078125
0.139183044433594 0.107009887695313 0.0421104431152344 0.0636138916015625
0.0409317016601562 0.0871963500976563 0.0496482849121094 0.0664710998535156
0.0494956970214844 0.0589866638183594 0.0162544250488281 0.0110683441162109
0.084228515625 0.00638580322265625 -0.0445289611816406 0.0162124633789062
0.0604057312011719 -0.0425224304199219 -0.0394210815429688 0.072723388671875
0.0129165649414063 -0.07916259765625 0.022735595703125 0.0982208251953125
-0.0547523498535156 -0.0684814453125 0.0972824096679688 0.08795166015625
-0.082000732421875 -0.0298919677734375 0.139503479003906 0.027679443359375
-0.0996627807617188 -0.0264892578125 0.138648986816406 -0.0016937255859375
-0.112953186035156 -0.00980377197265627 0.130577087402344 -0.0086517333984375
-0.0967025756835937 -0.0384445190429688 0.123199462890625 0.0224227905273437
-0.07000732421875 -0.0868759155273438 0.0892562866210937 0.0293426513671875
-0.00177001953125 -0.106803894042969 0.0551223754882813 0.0393829345703125
0.0995941162109375 -0.0750198364257813 0.0540962219238281 0.03131103515625
0.118179321289063 0.0042877197265625 0.076812744140625 0.0277099609375
0.0990982055664063 0.07952880859375 0.0737533569335938 0.101806640625
-0.0426673889160156 -0.0336380004882813 -0.112396240234375 -0.122161865234375
-0.0552444458007813 0.00147628784179687 -0.10711669921875 -0.0476531982421875
-0.0377120971679687 0.0467910766601563 -0.0558624267578125 -0.0282058715820313
0.00641250610351563 0.0521392822265625 -0.0636138916015625 -0.0483169555664062
0.0363044738769531 0.0390472412109375 -0.09698486328125 -0.0473480224609375
0.0486640930175781 0.0151863098144531 -0.140525817871094 -0.024627685546875
0.0386161804199219 0.006378173828125 -0.1602783203125 0.014984130859375
0.0354995727539063 0.00903701782226563 -0.15838623046875 0.00665283203125001
0.0316085815429687 0.0121822357177734 -0.159164428710938 -0.0262298583984375
0.0113201141357422 0.0188579559326172 -0.118621826171875 -0.0920944213867188
-0.00530815124511719 0.0201435089111328 -0.0391006469726563 -0.115188598632813
-0.0215644836425781 0.00782585144042968 0.031463623046875 -0.0902175903320312
-0.0266494750976563 -0.0194129943847656 0.0586776733398438 -0.0299415588378906
-0.008331298828125 -0.0361557006835938 0.000118255615234375 -0.00924968719482422
-0.00369644165039062 -0.048187255859375 -0.03619384765625 -0.0875778198242188
0.0231952667236328 0.0178680419921875 -0.112098693847656 -0.129341125488281
0.0178565979003906 0.00955772399902344 -0.105438232421875 -0.0543746948242188
0.0183658599853516 -0.00177574157714844 -0.0538749694824219 -0.0380363464355469
0.012913703918457 -0.00861930847167969 -0.0642967224121094 -0.0556640625
-0.000903129577636717 -0.0147686004638672 -0.0961380004882813 -0.0586624145507813
-0.0120677947998047 -0.00599956512451172 -0.14239501953125 -0.0279693603515625
-0.0293216705322266 0.00606727600097656 -0.159759521484375 0.0168304443359375
-0.0362358093261719 -0.00660324096679687 -0.153289794921875 0.00769042968749997
-0.0365753173828125 -0.00770187377929688 -0.159225463867188 -0.0194549560546875
-0.0277900695800781 -0.028656005859375 -0.123023986816406 -0.0800018310546875
-0.00495147705078125 -0.0408210754394531 -0.0473251342773437 -0.109649658203125
0.0191078186035156 -0.0378532409667969 0.0148849487304687 -0.0931472778320312
0.0340938568115234 -0.0166397094726563 0.0523796081542969 -0.0384101867675781
0.032379150390625 -0.00433158874511719 -0.00263214111328125 -0.0155115127563477
0.0307559967041016 0.0061798095703125 -0.0431137084960938 -0.0929489135742187
0.0779190063476563 0.070770263671875 -0.091705322265625 -0.12066650390625
0.08575439453125 0.0280303955078125 -0.0847396850585938 -0.0564651489257812
0.081207275390625 -0.0420455932617188 -0.0404167175292969 -0.0458259582519531
0.0301399230957031 -0.069305419921875 -0.0527687072753906 -0.0594711303710938
-0.028076171875 -0.0752410888671875 -0.078643798828125 -0.0649261474609375
-0.0689888000488281 -0.0345840454101563 -0.123199462890625 -0.0309982299804688
-0.093170166015625 0.000602722167968758 -0.136734008789063 0.014373779296875
-0.102119445800781 -0.0216903686523438 -0.124610900878906 0.00827789306640623
-0.101905822753906 -0.0211639404296875 -0.13543701171875 -0.00742340087890627
-0.0727920532226563 -0.0641708374023438 -0.110084533691406 -0.051239013671875
-0.0203399658203125 -0.0968780517578125 -0.0528030395507813 -0.0823287963867187
0.0430145263671875 -0.0905227661132813 -0.01153564453125 -0.0786666870117188
0.0925216674804688 -0.0314254760742188 0.0298805236816406 -0.0421791076660156
0.0797119140625 0.0165939331054688 -0.0121879577636719 -0.0211086273193359
0.0703353881835938 0.05572509765625 -0.0469589233398437 -0.0841522216796875
0.111618041992188 0.117149353027344 -0.0573654174804687 -0.0959091186523437
0.133193969726562 0.0537338256835937 -0.0518302917480469 -0.0504417419433594
0.140525817871094 -0.0631027221679688 -0.0229721069335937 -0.0448837280273438
0.0583877563476563 -0.118133544921875 -0.0345382690429687 -0.0507087707519531
-0.037567138671875 -0.13250732421875 -0.0476646423339844 -0.0573616027832031
-0.109840393066406 -0.0688629150390625 -0.0828475952148438 -0.0263900756835937
-0.141250610351563 -0.011383056640625 -0.0915756225585938 0.0102691650390625
-0.15234375 -0.0338287353515625 -0.0759658813476563 0.00705718994140625
-0.15374755859375 -0.025665283203125 -0.0897064208984375 0.00366210937499999
-0.116508483886719 -0.0817337036132813 -0.0766220092773438 -0.01861572265625
-0.0515060424804688 -0.136825561523438 -0.0424346923828125 -0.0456161499023438
0.0438079833984375 -0.140579223632813 -0.0280342102050781 -0.0477142333984375
0.138168334960937 -0.063232421875 0.00752258300781251 -0.0319080352783203
0.128944396972656 0.0223541259765625 -0.0182762145996094 -0.0180702209472656
0.111770629882813 0.093963623046875 -0.0423164367675781 -0.0602378845214844
0.118423461914062 0.146240234375 -0.017669677734375 -0.0561561584472656
0.146514892578125 0.0792694091796875 -0.0184249877929687 -0.0355224609375
0.176864624023437 -0.058197021484375 -0.0103473663330078 -0.0321521759033203
0.087677001953125 -0.137367248535156 -0.0179386138916016 -0.0256271362304688
-0.0269775390625 -0.168045043945313 -0.0119838714599609 -0.0291175842285156
-0.126487731933594 -0.0989532470703125 -0.0281352996826172 -0.00871849060058594
-0.165176391601563 -0.0268402099609375 -0.0309867858886719 0.00922203063964844
-0.178970336914062 -0.0407867431640625 -0.0165948867797852 0.00488090515136719
-0.183547973632813 -0.023223876953125 -0.0310344696044922 0.00818061828613282
-0.147430419921875 -0.0814208984375 -0.0249595642089844 0.00669479370117187
-0.0844879150390625 -0.152374267578125 -0.0137033462524414 -0.0111904144287109
0.0280609130859375 -0.171737670898438 -0.0227317810058594 -0.0113143920898438
0.161712646484375 -0.0954742431640625 -4.38690185546778E-05 -0.0108184814453125
0.167404174804687 0.0166015625 -0.0114021301269531 -0.0083475112915039
0.144180297851563 0.115890502929688 -0.0242118835449219 -0.0237331390380859
0.102310180664063 0.15008544921875 0.015202522277832 -0.0105438232421875
0.127265930175781 0.091033935546875 0.00512409210205079 -0.0155792236328125
0.175323486328125 -0.0336456298828125 -0.0111446380615234 -0.0117149353027344
0.103462219238281 -0.121543884277344 -0.0143871307373047 0.0119390487670898
-0.00587463378906251 -0.16778564453125 0.0138578414916992 0.0154800415039062
-0.11749267578125 -0.112274169921875 0.026092529296875 0.0228805541992187
-0.160980224609375 -0.0372161865234375 0.03497314453125 0.0131759643554687
-0.17791748046875 -0.0418701171875 0.044219970703125 0.00229263305664062
-0.187088012695312 -0.016693115234375 0.0312213897705078 0.0055084228515625
-0.15478515625 -0.069580078125 0.0328025817871094 0.0195484161376953
-0.101852416992188 -0.144683837890625 0.0253009796142578 0.0110034942626953
0.0091400146484375 -0.174819946289063 0.00135231018066406 0.0167379379272461
0.159744262695313 -0.112762451171875 0.0122852325439453 0.00996398925781249
0.180419921875 0.0071868896484375 0.012455940246582 0.00396060943603516
0.155975341796875 0.119552612304688 0.00669479370117188 0.02044677734375
0.0737152099609375 0.128105163574219 0.037841796875 0.0334510803222656
0.0896453857421875 0.0835113525390625 0.0149602890014648 0.00187873840332032
0.13922119140625 -0.00791168212890625 -0.0259666442871094 0.00586128234863282
0.0932769775390625 -0.084259033203125 -0.0250205993652344 0.0472602844238281
0.0105133056640625 -0.134620666503906 0.02398681640625 0.062713623046875
-0.0906524658203125 -0.101806640625 0.0698127746582031 0.05963134765625
-0.131439208984375 -0.038848876953125 0.0955963134765625 0.0206146240234375
-0.150680541992188 -0.0366363525390625 0.0990753173828125 -0.000244140625000002
-0.162460327148438 -0.0121307373046875 0.0877532958984375 -0.0018768310546875
-0.136650085449219 -0.0540924072265625 0.0853271484375 0.0227584838867187
-0.096405029296875 -0.120552062988281 0.062042236328125 0.0222091674804687
-0.000946044921875012 -0.150543212890625 0.0310001373291016 0.0317211151123047
0.137939453125 -0.104576110839844 0.0341548919677734 0.0231132507324219
0.163650512695312 0.0030364990234375 0.0460700988769531 0.0158004760742188
0.140792846679688 0.10699462890625 0.042938232421875 0.06378173828125
0.0423583984375 0.0874557495117188 0.0503654479980469 0.0660591125488281
0.0501289367675781 0.0590934753417969 0.016261100769043 0.0109138488769531
0.0847854614257813 0.00557708740234375 -0.0445747375488281 0.0161170959472656
0.0608253479003906 -0.0433235168457031 -0.0394744873046875 0.0731658935546875
0.0122909545898438 -0.0798110961914063 0.0234222412109375 0.0990142822265625
-0.0554046630859375 -0.0678596496582031 0.0984725952148438 0.0879669189453125
-0.0823898315429688 -0.0298233032226563 0.140609741210938 0.027069091796875
-0.100639343261719 -0.0260772705078125 0.1396484375 -0.003173828125
-0.113677978515625 -0.00926971435546874 0.131675720214844 -0.00928497314453125
-0.0977554321289063 -0.0381011962890625 0.124801635742188 0.0219039916992188
-0.0712356567382812 -0.0869064331054688 0.0895233154296875 0.0292892456054687
-0.00250244140625001 -0.107406616210938 0.0553359985351563 0.0396652221679687
0.0998611450195313 -0.0764389038085938 0.0540580749511719 0.03076171875
0.118896484375 0.0035400390625 0.0767822265625 0.0269927978515625
0.100074768066406 0.0795974731445312 0.07452392578125 0.102455139160156
-0.0431594848632812 -0.03375244140625 -0.113731384277344 -0.121513366699219
-0.0561065673828125 0.00194549560546876 -0.107887268066406 -0.0473251342773437
-0.0376396179199219 0.0473709106445312 -0.0563468933105469 -0.0278205871582031
0.00678253173828125 0.0525016784667969 -0.0637779235839844 -0.0480232238769531
0.0367164611816406 0.0393791198730469 -0.0980224609375 -0.0474777221679687
0.0489997863769531 0.0150108337402344 -0.142471313476563 -0.0242767333984375
0.0388603210449219 0.00623703002929688 -0.161163330078125 0.0153045654296875
0.0354957580566406 0.00902175903320312 -0.160186767578125 0.00791931152343749
0.0317916870117187 0.0118618011474609 -0.160659790039062 -0.0252532958984375
0.0114288330078125 0.019134521484375 -0.119972229003906 -0.091949462890625
-0.00519752502441406 0.0207443237304688 -0.0403976440429688 -0.11572265625
-0.0215301513671875 0.00840950012207031 0.03118896484375 -0.0911407470703125
-0.0270938873291016 -0.0191383361816406 0.0591239929199219 -0.0302505493164063
-0.00873565673828125 -0.0361900329589844 0.000585079193115235 -0.00878286361694336
-0.00426864624023438 -0.0489959716796875 -0.0369186401367188 -0.0880279541015625
0.0232830047607422 0.0173931121826172 -0.11346435546875 -0.129348754882813
0.0183696746826172 0.00952911376953125 -0.105934143066406 -0.0542373657226562
0.0182361602783203 -0.00193214416503906 -0.0544357299804688 -0.0378265380859375
0.0125055313110352 -0.00868320465087891 -0.0652389526367188 -0.0557823181152344
-0.000683784484863282 -0.0150184631347656 -0.09716796875 -0.0586624145507812
-0.0118236541748047 -0.00562095642089844 -0.143768310546875 -0.02777099609375
-0.0294685363769531 0.00625419616699219 -0.161575317382813 0.01788330078125
-0.0365982055664063 -0.00668716430664063 -0.154708862304688 0.0088958740234375
-0.0369758605957031 -0.00800323486328126 -0.16064453125 -0.018524169921875
-0.0280380249023437 -0.0286426544189453 -0.124290466308594 -0.07965087890625
-0.00484848022460938 -0.0410423278808594 -0.0485458374023438 -0.110069274902344
0.0190086364746094 -0.0381813049316406 0.0145797729492188 -0.0937652587890625
0.0340538024902344 -0.0169486999511719 0.0524978637695313 -0.0391349792480469
0.032440185546875 -0.00474739074707031 -0.0027322769165039 -0.0156774520874023
0.0313968658447266 0.00580596923828125 -0.0435562133789063 -0.09356689453125
0.0791244506835938 0.0704879760742188 -0.0929031372070313 -0.12054443359375
0.0866470336914062 0.0277099609375 -0.0851364135742188 -0.0560379028320313
0.0817413330078125 -0.0431900024414063 -0.0411491394042969 -0.0456466674804687
0.030181884765625 -0.0703811645507813 -0.0532684326171875 -0.0593338012695313
-0.0287628173828125 -0.0760498046875 -0.0794830322265625 -0.0653305053710937
-0.069366455078125 -0.0344161987304687 -0.124275207519531 -0.03076171875
-0.0935897827148438 0.000907897949218744 -0.137596130371094 0.0150070190429687
-0.10302734375 -0.0216751098632812 -0.125419616699219 0.00910949707031251
-0.102592468261719 -0.0210494995117187 -0.136383056640625 -0.00623321533203125
-0.0735397338867188 -0.0641250610351563 -0.111396789550781 -0.0508270263671875
-0.021148681640625 -0.0977859497070312 -0.0538787841796875 -0.0828018188476562
0.0427932739257813 -0.0915145874023438 -0.01251220703125 -0.0789566040039063
0.0930328369140625 -0.03240966796875 0.0301551818847656 -0.0424613952636719
0.0804977416992187 0.0162811279296875 -0.012115478515625 -0.0208625793457031
0.0714950561523438 0.0555343627929688 -0.047393798828125 -0.0842742919921875
0.113349914550781 0.1163330078125 -0.0582351684570313 -0.0953369140625
0.1343994140625 0.0527877807617187 -0.0528640747070312 -0.05023193359375
0.141632080078125 -0.0653076171875 -0.0230712890625 -0.0447998046875
0.05804443359375 -0.119407653808594 -0.0347709655761719 -0.0509414672851563
-0.0387496948242188 -0.132858276367188 -0.0482368469238281 -0.0578575134277344
-0.11102294921875 -0.0685958862304688 -0.0835723876953125 -0.0264892578125
-0.142364501953125 -0.01055908203125 -0.0926132202148438 0.0105438232421875
-0.153411865234375 -0.0330810546875 -0.077117919921875 0.0075531005859375
-0.154922485351563 -0.0247650146484375 -0.09075927734375 0.004791259765625
-0.117813110351562 -0.0822296142578125 -0.0773239135742188 -0.0181045532226563
-0.05279541015625 -0.137298583984375 -0.0433349609375 -0.0453987121582031
0.0434417724609375 -0.142196655273438 -0.0287551879882812 -0.0474891662597656
0.138687133789063 -0.0642929077148438 0.00696372985839845 -0.0324554443359375
0.13043212890625 0.0216598510742188 -0.0192413330078125 -0.0182571411132813
0.113632202148438 0.0933990478515625 -0.0425148010253906 -0.0603752136230469
0.120162963867187 0.146072387695312 -0.0182151794433594 -0.0565719604492187
0.148239135742188 0.0787353515625 -0.0183639526367188 -0.0358238220214844
0.17803955078125 -0.060516357421875 -0.0100536346435547 -0.0317592620849609
0.0880966186523437 -0.138839721679688 -0.0177421569824219 -0.0252876281738281
-0.02838134765625 -0.16864013671875 -0.0126743316650391 -0.0301132202148438
-0.128517150878906 -0.0990676879882813 -0.0287799835205078 -0.00880622863769532
-0.16650390625 -0.0255126953125 -0.030843734741211 0.00914955139160156
-0.180572509765625 -0.0398712158203125 -0.0168495178222656 0.00493335723876953
-0.185211181640625 -0.022125244140625 -0.031209945678711 0.00860023498535156
-0.148666381835938 -0.08123779296875 -0.0249366760253906 0.00703811645507812
-0.0861663818359375 -0.153091430664063 -0.0139141082763672 -0.0109701156616211
0.0269622802734375 -0.1732177734375 -0.0230312347412109 -0.0105743408203125
0.162155151367188 -0.097808837890625 -0.000257492065429678 -0.0105476379394531
0.168411254882813 0.0151214599609375 -0.0119571685791016 -0.00859928131103515
0.14581298828125 0.116012573242187 -0.0241107940673828 -0.0235996246337891
0.10443115234375 0.14996337890625 0.0160207748413086 -0.0108270645141601
0.128715515136719 0.0907745361328125 0.00567150115966797 -0.0158843994140625
0.176666259765625 -0.0354766845703125 -0.011500358581543 -0.0113439559936523
0.104042053222656 -0.123847961425781 -0.0138959884643555 0.0120944976806641
-0.00700378417968751 -0.169448852539063 0.0141668319702148 0.0152683258056641
-0.119285583496094 -0.1126708984375 0.0267677307128906 0.0227069854736328
-0.162796020507813 -0.03668212890625 0.0356674194335937 0.0130615234375
-0.1795654296875 -0.0406036376953125 0.0447235107421875 0.00215530395507812
-0.1883544921875 -0.0156097412109375 0.0315780639648437 0.0057525634765625
-0.155853271484375 -0.0690460205078125 0.0331153869628906 0.01983642578125
-0.103652954101562 -0.145095825195313 0.0253810882568359 0.0111141204833984
0.00814819335937502 -0.176513671875 0.00146579742431641 0.0170621871948242
0.160110473632813 -0.115402221679687 0.0120964050292969 0.00947761535644531
0.18182373046875 0.006011962890625 0.0123586654663086 0.00369644165039063
0.15838623046875 0.119171142578125 0.00699424743652345 0.0205230712890625
0.075347900390625 0.128410339355469 0.0384674072265625 0.0334587097167969
0.0905303955078125 0.0833892822265625 0.0152626037597656 0.0015249252319336
0.14013671875 -0.0090179443359375 -0.0262947082519531 0.00583839416503906
0.0941238403320313 -0.0856552124023438 -0.0246429443359375 0.04833984375
0.0096588134765625 -0.135597229003906 0.0240554809570312 0.063201904296875
-0.0918426513671875 -0.102256774902344 0.0707778930664063 0.0594482421875
-0.132675170898438 -0.0387496948242188 0.0969009399414062 0.0201416015625
-0.152297973632813 -0.0359954833984375 0.100135803222656 -0.000877380371093752
-0.163482666015625 -0.0104522705078125 0.0885772705078125 -0.0018310546875
-0.137733459472656 -0.0540237426757813 0.0861434936523437 0.0228729248046875
-0.09771728515625 -0.120803833007813 0.0623588562011719 0.0225067138671875
-0.0018463134765625 -0.152175903320313 0.0309829711914063 0.0318679809570312
0.138465881347656 -0.106788635253906 0.0342693328857422 0.0222206115722656
0.16485595703125 0.0019378662109375 0.0458793640136719 0.0150337219238281
0.142623901367188 0.106826782226562 0.0438575744628906 0.0641708374023438
0.0430755615234375 0.0878219604492188 0.0515365600585938 0.0661277770996094
0.0510711669921875 0.0589256286621094 0.0169811248779297 0.0105562210083008
0.0852127075195313 0.0045166015625 -0.0448684692382812 0.0166549682617188
0.0611953735351562 -0.0442237854003906 -0.0389480590820313 0.07373046875
0.0118560791015625 -0.08062744140625 0.0244827270507813 0.0992050170898438
-0.0561447143554687 -0.0683021545410156 0.100212097167969 0.0882720947265625
-0.0836639404296875 -0.0294570922851562 0.142425537109375 0.0263519287109375
-0.101730346679688 -0.0253753662109375 0.141067504882813 -0.0042572021484375
-0.114494323730469 -0.00817871093750001 0.132637023925781 -0.01007080078125
-0.0980911254882813 -0.0377120971679688 0.125495910644531 0.0214996337890625
-0.072021484375 -0.0871810913085937 0.0902023315429687 0.0291824340820312
-0.00337982177734376 -0.108612060546875 0.0561790466308594 0.0395774841308594
0.100387573242188 -0.0778732299804688 0.0544624328613281 0.0302162170410156
0.119941711425781 0.00311279296875 0.0770797729492188 0.0261993408203125
0.10150146484375 0.0793075561523438 0.0755691528320313 0.102272033691406
-0.0439338684082031 -0.0338478088378906 -0.115928649902344 -0.121734619140625
-0.0564994812011719 0.00182342529296874 -0.108535766601562 -0.0461578369140625
-0.0374412536621094 0.0478706359863281 -0.0565986633300781 -0.0272560119628906
0.00693130493164062 0.05255126953125 -0.0650291442871094 -0.0481681823730469
0.0369758605957031 0.0390396118164062 -0.0985488891601562 -0.047393798828125
0.0495033264160156 0.0146293640136719 -0.143646240234375 -0.0239105224609375
0.0390434265136719 0.00600051879882813 -0.163101196289062 0.0166015625
0.0359611511230469 0.0091705322265625 -0.161575317382813 0.00920104980468752
0.0320205688476562 0.0116920471191406 -0.162338256835938 -0.0245513916015625
0.0117073059082031 0.0189533233642578 -0.121589660644531 -0.0917205810546875
-0.00518035888671875 0.0212230682373047 -0.04144287109375 -0.116462707519531
-0.0218372344970703 0.0084991455078125 0.030548095703125 -0.0919265747070312
-0.0276203155517578 -0.0186729431152344 0.05938720703125 -0.0305252075195312
-0.00911712646484375 -0.0364341735839844 0.000668525695800781 -0.00862216949462891
-0.00461578369140624 -0.0497322082519531 -0.037322998046875 -0.0883712768554688
0.0237045288085938 0.0170211791992187 -0.115478515625 -0.129264831542969
0.0182666778564453 0.0094146728515625 -0.106948852539063 -0.052825927734375
0.01837158203125 -0.00207138061523438 -0.0545692443847656 -0.03759765625
0.0128307342529297 -0.00883960723876953 -0.0652732849121094 -0.055633544921875
-0.00107765197753906 -0.0153274536132813 -0.0977554321289063 -0.0587234497070313
-0.012115478515625 -0.00564384460449219 -0.1455078125 -0.0273590087890625
-0.0293903350830078 0.00616455078125 -0.1630859375 0.0183868408203125
-0.0367088317871094 -0.00660324096679687 -0.156478881835938 0.010040283203125
-0.0373382568359375 -0.00759506225585938 -0.162124633789063 -0.017425537109375
-0.0283718109130859 -0.0288658142089844 -0.1258544921875 -0.0794448852539063
-0.0054168701171875 -0.0414466857910156 -0.0495452880859375 -0.1104736328125
0.0190391540527344 -0.0385932922363281 0.0139846801757812 -0.09393310546875
0.0344619750976563 -0.0171909332275391 0.0529327392578125 -0.03948974609375
0.0325813293457031 -0.00518035888671875 -0.00234031677246093 -0.0156440734863281
0.0316219329833984 0.00555992126464844 -0.0439834594726562 -0.0936813354492188
0.0804061889648438 0.0700302124023438 -0.0949172973632812 -0.120750427246094
0.0876922607421875 0.02679443359375 -0.085968017578125 -0.0554733276367187
0.0822372436523438 -0.044525146484375 -0.0413932800292969 -0.0453453063964844
0.0294036865234375 -0.070892333984375 -0.0538787841796875 -0.0599098205566406
-0.0298385620117187 -0.07672119140625 -0.0809402465820313 -0.06573486328125
-0.0700340270996094 -0.0348281860351563 -0.125984191894531 -0.0306320190429687
-0.0945281982421875 0.00163269042968751 -0.138954162597656 0.0158157348632813
-0.10430908203125 -0.0205535888671875 -0.12677001953125 0.0100326538085938
-0.103385925292969 -0.0202560424804687 -0.137565612792969 -0.00525665283203125
-0.074371337890625 -0.0643386840820313 -0.11279296875 -0.05035400390625
-0.02197265625 -0.0982513427734375 -0.0551223754882813 -0.0837783813476563
0.042724609375 -0.0924224853515625 -0.0127716064453125 -0.07916259765625
0.0934371948242188 -0.0336456298828125 0.02978515625 -0.0430107116699219
0.0810623168945312 0.0155258178710937 -0.0123538970947266 -0.0208206176757812
0.0726470947265625 0.0551528930664062 -0.0488510131835937 -0.0846023559570313
0.115379333496094 0.116737365722656 -0.0589447021484375 -0.0953292846679687
0.135810852050781 0.0518341064453125 -0.0528526306152344 -0.0500259399414063
0.141921997070313 -0.067138671875 -0.0231781005859375 -0.044830322265625
0.0575408935546875 -0.120941162109375 -0.0350570678710937 -0.05157470703125
-0.0404281616210937 -0.133895874023438 -0.0487861633300781 -0.0586318969726563
-0.112342834472656 -0.068450927734375 -0.084747314453125 -0.0262908935546875
-0.1434326171875 -0.01007080078125 -0.0930557250976563 0.011383056640625
-0.155548095703125 -0.0319366455078125 -0.0777511596679688 0.00825500488281251
-0.156463623046875 -0.023895263671875 -0.091552734375 0.00552368164062499
-0.1192626953125 -0.0816116333007812 -0.078125 -0.0176162719726563
-0.0543899536132813 -0.138565063476563 -0.0442962646484375 -0.0454368591308594
0.042724609375 -0.143585205078125 -0.0294113159179688 -0.0471038818359375
0.139335632324219 -0.0662155151367188 0.00668907165527344 -0.0325183868408203
0.131675720214844 0.0211410522460938 -0.0193500518798828 -0.0186233520507812
0.114898681640625 0.0934524536132813 -0.0433235168457031 -0.0605201721191406
0.122848510742187 0.146224975585937 -0.0187149047851562 -0.057037353515625
0.150192260742188 0.077728271484375 -0.0184860229492187 -0.035247802734375
0.179412841796875 -0.0629730224609375 -0.0105800628662109 -0.031829833984375
0.0876312255859375 -0.1407470703125 -0.0180187225341797 -0.0257129669189453
-0.0297088623046875 -0.169677734375 -0.0122528076171875 -0.030731201171875
-0.129486083984375 -0.0995330810546875 -0.0289802551269531 -0.00891685485839844
-0.16827392578125 -0.024627685546875 -0.0312671661376953 0.00938415527343749
-0.1829833984375 -0.0388946533203125 -0.0173206329345703 0.00550174713134766
-0.187240600585937 -0.02032470703125 -0.0314102172851563 0.00943565368652343
-0.150680541992188 -0.0805206298828125 -0.0251007080078125 0.00773429870605468
-0.0876312255859375 -0.153579711914063 -0.0142545700073242 -0.0109186172485352
0.0263519287109375 -0.175338745117188 -0.0236167907714844 -0.0103244781494141
0.162704467773438 -0.0999298095703125 -0.000670433044433585 -0.0112085342407227
0.170196533203125 0.014129638671875 -0.0121517181396484 -0.00884914398193359
0.147933959960938 0.1156005859375 -0.0248146057128906 -0.0237331390380859
0.106201171875 0.150161743164063 0.0159206390380859 -0.0107336044311523
0.130302429199219 0.09039306640625 0.00570774078369141 -0.0158681869506836
0.177871704101563 -0.0373687744140625 -0.0117130279541016 -0.0114622116088867
0.103836059570313 -0.125358581542969 -0.0141725540161133 0.0120086669921875
-0.0084228515625 -0.170791625976563 0.0146608352661133 0.0150423049926758
-0.120475769042969 -0.112922668457031 0.0270042419433594 0.0228061676025391
-0.164459228515625 -0.035675048828125 0.0359420776367187 0.0128822326660156
-0.182144165039063 -0.0393524169921875 0.0450553894042969 0.00225067138671875
-0.190139770507812 -0.014404296875 0.031839370727539 0.00628662109375
-0.158065795898438 -0.06878662109375 0.0338420867919922 0.019989013671875
-0.1053466796875 -0.14593505859375 0.0254917144775391 0.0112266540527344
0.00720214843750001 -0.178009033203125 0.00120735168457031 0.0175971984863281
0.160751342773438 -0.117340087890625 0.0117788314819336 0.0091867446899414
0.183547973632812 0.0047607421875 0.0120105743408203 0.00324821472167969
0.16009521484375 0.118988037109375 0.0075817108154297 0.0204677581787109
0.07708740234375 0.128486633300781 0.0389900207519531 0.0330734252929688
0.0919876098632813 0.0834884643554688 0.015538215637207 0.00142669677734376
0.14129638671875 -0.010101318359375 -0.0261306762695312 0.00648689270019531
0.0944137573242187 -0.0872116088867188 -0.0246429443359375 0.0484580993652344
0.00904083251953124 -0.136825561523438 0.0249519348144531 0.0633659362792969
-0.0934371948242188 -0.101882934570313 0.0718460083007813 0.0594558715820312
-0.134124755859375 -0.0378494262695313 0.0978317260742188 0.0201034545898438
-0.154159545898437 -0.0350341796875 0.101181030273437 -0.001373291015625
-0.164901733398437 -0.00950622558593752 0.0893325805664062 -0.00173187255859375
-0.139114379882813 -0.0535888671875 0.0873870849609375 0.0226516723632812
-0.099578857421875 -0.121894836425781 0.0630836486816406 0.0222434997558594
-0.00282287597656249 -0.153244018554688 0.0310287475585938 0.0323276519775391
0.138618469238281 -0.108848571777344 0.0341587066650391 0.0221443176269531
0.166336059570313 0.00103759765625 0.0460968017578125 0.0140724182128906
0.144790649414063 0.107009887695313 0.0442543029785156 0.0644378662109375
0.0441665649414063 0.0881576538085937 0.0522422790527344 0.0654754638671875
0.0516853332519531 0.0591278076171875 0.0171918869018555 0.0102806091308594
0.0860519409179688 0.00408172607421875 -0.044647216796875 0.0166168212890625
0.0611763000488281 -0.0454826354980469 -0.0386276245117187 0.0743026733398438
0.0112075805664063 -0.0812606811523438 0.0252532958984375 0.0998764038085937
-0.0573387145996094 -0.0684814453125 0.101493835449219 0.0881576538085938
-0.0846176147460938 -0.0289306640625 0.144180297851563 0.02569580078125
-0.102981567382813 -0.0243988037109375 0.14239501953125 -0.004974365234375
-0.115425109863281 -0.007537841796875 0.133903503417969 -0.0104217529296875
-0.0992431640625 -0.0370635986328125 0.127052307128906 0.0211868286132812
-0.0733642578125 -0.0870437622070312 0.0907440185546875 0.0291213989257812
-0.00401306152343749 -0.109764099121094 0.0563545227050781 0.0397796630859375
0.100593566894531 -0.0793075561523438 0.0544624328613281 0.029510498046875
0.121284484863281 0.00255584716796875 0.0772857666015625 0.02587890625
0.102821350097656 0.0796966552734375 0.077301025390625 0.102493286132813
-0.0444602966308594 -0.0338325500488281 -0.11767578125 -0.121376037597656
-0.0571022033691406 0.00279617309570314 -0.110061645507812 -0.0451126098632812
-0.0376052856445313 0.04876708984375 -0.0567550659179688 -0.0268898010253906
0.00740814208984374 0.0529594421386719 -0.0653915405273438 -0.0481796264648438
0.0382232666015625 0.0393905639648438 -0.100006103515625 -0.0474777221679687
0.0501670837402344 0.0143470764160156 -0.145477294921875 -0.0232086181640625
0.0396270751953125 0.00582122802734375 -0.16485595703125 0.017852783203125
0.0370407104492188 0.00863265991210938 -0.163665771484375 0.010223388671875
0.0321426391601563 0.01153564453125 -0.16412353515625 -0.0233917236328125
0.0115623474121094 0.0194187164306641 -0.123573303222656 -0.0916519165039063
-0.00498580932617188 0.0214996337890625 -0.0421829223632813 -0.117599487304688
-0.0217609405517578 0.008941650390625 0.0299148559570312 -0.0932693481445312
-0.02783203125 -0.0186939239501953 0.0599746704101563 -0.0313072204589844
-0.00960922241210938 -0.0369987487792969 0.000893115997314453 -0.00853109359741211
-0.00527191162109375 -0.0500068664550781 -0.038330078125 -0.088897705078125
0.024017333984375 0.0169887542724609 -0.117095947265625 -0.128677368164063
0.0186443328857422 0.00931930541992187 -0.10821533203125 -0.0520248413085938
0.0186481475830078 -0.00262832641601563 -0.0551185607910156 -0.0375099182128906
0.0129556655883789 -0.00924587249755859 -0.0659751892089844 -0.0561180114746094
-0.00111103057861328 -0.0153713226318359 -0.0990524291992188 -0.0591888427734375
-0.0123968124389648 -0.00597476959228515 -0.14776611328125 -0.0267791748046875
-0.0301322937011719 0.00670433044433594 -0.165054321289063 0.019561767578125
-0.0376663208007813 -0.00658798217773438 -0.157943725585938 0.0113372802734375
-0.0377540588378906 -0.007537841796875 -0.164154052734375 -0.016082763671875
-0.0291347503662109 -0.0287151336669922 -0.127899169921875 -0.0793380737304688
-0.00535964965820312 -0.0415916442871094 -0.0510177612304687 -0.111228942871094
0.0189361572265625 -0.038604736328125 0.0131072998046875 -0.0949630737304688
0.0344924926757813 -0.0175724029541016 0.0529327392578125 -0.0398178100585937
0.0327262878417969 -0.00576019287109375 -0.00220966339111328 -0.0154056549072266
0.0319881439208984 0.00512123107910156 -0.0452194213867188 -0.0941925048828125
0.0818939208984375 0.070159912109375 -0.0959854125976562 -0.120277404785156
0.0886993408203125 0.026031494140625 -0.0871124267578125 -0.0548248291015625
0.0828857421875 -0.0458831787109375 -0.0418357849121094 -0.0452880859375
0.0294570922851563 -0.072235107421875 -0.0543060302734375 -0.060028076171875
-0.0306167602539063 -0.0771102905273438 -0.0819320678710938 -0.0657806396484375
-0.0709304809570312 -0.0345535278320313 -0.12725830078125 -0.0302200317382812
-0.0953445434570312 0.00217437744140624 -0.140342712402344 0.016510009765625
-0.105926513671875 -0.0200271606445312 -0.128211975097656 0.0111465454101562
-0.104728698730469 -0.0200958251953125 -0.1390380859375 -0.00376129150390623
-0.0756149291992187 -0.064666748046875 -0.11444091796875 -0.049896240234375
-0.0230712890625 -0.09918212890625 -0.0567169189453125 -0.0836334228515625
0.0422439575195312 -0.0936431884765625 -0.0140151977539063 -0.0797958374023437
0.0940704345703125 -0.0343856811523438 0.02972412109375 -0.0437355041503906
0.0821914672851563 0.0151214599609375 -0.0119266510009766 -0.0209331512451172
0.0740280151367188 0.0550613403320313 -0.04931640625 -0.0851364135742188
0.117576599121094 0.116355895996094 -0.06011962890625 -0.0957412719726562
0.137657165527344 0.0507965087890625 -0.0537643432617188 -0.0497398376464844
0.142807006835938 -0.06939697265625 -0.0233497619628906 -0.0444717407226563
0.0573806762695313 -0.122711181640625 -0.0352401733398437 -0.0517768859863281
-0.0418319702148438 -0.135269165039063 -0.0498733520507812 -0.0591087341308594
-0.114013671875 -0.0687179565429688 -0.0858078002929688 -0.0262832641601563
-0.144943237304688 -0.00933837890624999 -0.0939407348632813 0.0122604370117188
-0.157913208007813 -0.0311126708984375 -0.0785369873046875 0.00878906250000001
-0.158370971679688 -0.0234527587890625 -0.0923004150390625 0.00630950927734375
-0.120857238769531 -0.0819549560546875 -0.0788421630859375 -0.016845703125
-0.0555038452148437 -0.139495849609375 -0.0453453063964844 -0.0455398559570313
0.042572021484375 -0.145858764648438 -0.0299224853515625 -0.0469856262207031
0.139900207519531 -0.0679092407226563 0.00640487670898438 -0.033172607421875
0.133270263671875 0.020172119140625 -0.0196075439453125 -0.0188179016113281
0.116935729980469 0.093048095703125 -0.0439262390136719 -0.0608749389648437
0.124923706054688 0.146011352539063 -0.0191497802734375 -0.0571136474609375
0.15252685546875 0.0771026611328125 -0.0189285278320312 -0.0353202819824219
0.180068969726562 -0.0650787353515625 -0.0104751586914062 -0.031646728515625
0.0874481201171875 -0.143051147460938 -0.0179767608642578 -0.025848388671875
-0.0315704345703125 -0.172134399414062 -0.0127983093261719 -0.0311546325683594
-0.131675720214844 -0.0994338989257813 -0.0297412872314453 -0.00912094116210939
-0.170150756835938 -0.0238037109375 -0.0314922332763672 0.00977325439453124
-0.185150146484375 -0.037811279296875 -0.0178451538085938 0.00546646118164062
-0.189361572265625 -0.0197601318359375 -0.031820297241211 0.0101356506347656
-0.152252197265625 -0.0806427001953125 -0.02545166015625 0.00840377807617187
-0.0897979736328125 -0.154922485351562 -0.0149030685424805 -0.010777473449707
0.0249481201171875 -0.177841186523438 -0.0240859985351563 -0.00973129272460939
0.1634521484375 -0.102737426757813 -0.00108718872070312 -0.0115594863891602
0.17205810546875 0.0132293701171875 -0.0124616622924805 -0.00888442993164062
0.149887084960938 0.115478515625 -0.0249691009521484 -0.0238285064697266
0.109085083007812 0.150665283203125 0.0162477493286133 -0.0111532211303711
0.132423400878906 0.0899658203125 0.00565719604492188 -0.0159873962402344
0.179214477539063 -0.03948974609375 -0.0116090774536133 -0.0113468170166016
0.104644775390625 -0.127670288085938 -0.0140752792358398 0.0121641159057617
-0.00967407226562501 -0.17279052734375 0.0145092010498047 0.0146999359130859
-0.122161865234375 -0.113388061523438 0.0274848937988281 0.0220489501953125
-0.166549682617188 -0.0350189208984375 0.036651611328125 0.0127754211425781
-0.18438720703125 -0.0389556884765625 0.0457420349121094 0.00165939331054687
-0.192337036132812 -0.0130767822265625 0.0323314666748047 0.00654220581054687
-0.159759521484375 -0.06829833984375 0.0339756011962891 0.0203227996826172
-0.107528686523438 -0.146331787109375 0.0255527496337891 0.0112628936767578
0.00616455078125001 -0.180435180664063 0.000898361206054688 0.0180835723876953
0.161468505859375 -0.120574951171875 0.0113344192504883 0.00880813598632812
0.185760498046875 0.0031890869140625 0.0118627548217774 0.00273704528808594
0.1630859375 0.118820190429688 0.00730133056640626 0.0206241607666016
0.079010009765625 0.129470825195313 0.0399932861328125 0.0326766967773438
0.0936660766601563 0.0835418701171875 0.0158538818359375 0.00116729736328126
0.14251708984375 -0.01153564453125 -0.0262928009033203 0.00632667541503906
0.0946502685546875 -0.0887680053710938 -0.0242576599121094 0.0491943359375
0.00804901123046875 -0.138458251953125 0.0257720947265625 0.0636482238769531
-0.0950393676757813 -0.102470397949219 0.0732192993164063 0.0592422485351563
-0.135910034179688 -0.0376815795898437 0.0990676879882812 0.0195083618164062
-0.156234741210937 -0.03411865234375 0.102279663085938 -0.0020904541015625
-0.166839599609375 -0.0083770751953125 0.090545654296875 -0.00246429443359375
-0.140487670898438 -0.053009033203125 0.08843994140625 0.022613525390625
-0.10137939453125 -0.122283935546875 0.0635948181152344 0.0224418640136719
-0.00367736816406251 -0.155105590820313 0.0314750671386719 0.0329647064208984
0.139205932617188 -0.111000061035156 0.0339736938476563 0.0214176177978516
0.168365478515625 -0.0005035400390625 0.0460128784179688 0.0137138366699219
0.146865844726562 0.107192993164063 0.0452423095703125 0.0649528503417969
0.0453109741210937 0.0882720947265625 0.053253173828125 0.0653495788574219
0.0522651672363281 0.0592079162597656 0.0172080993652344 0.01025390625
0.0873184204101563 0.0032806396484375 -0.0446853637695312 0.0171623229980469
0.0615386962890625 -0.0461921691894531 -0.038604736328125 0.0753326416015625
0.0111846923828125 -0.0823440551757813 0.0262374877929687 0.100517272949219
-0.0588150024414063 -0.0684814453125 0.103645324707031 0.08819580078125
-0.0854644775390625 -0.0287628173828125 0.145294189453125 0.02490234375
-0.104255676269531 -0.02398681640625 0.143966674804688 -0.00604248046875
-0.1168212890625 -0.00650787353515627 0.135124206542969 -0.0105209350585937
-0.100357055664063 -0.0367355346679688 0.12841796875 0.0208053588867187
-0.0748062133789063 -0.087646484375 0.0913772583007813 0.0293197631835937
-0.00484466552734374 -0.110786437988281 0.0570602416992188 0.0400657653808594
0.100791931152344 -0.0808563232421875 0.054412841796875 0.0289306640625
0.122398376464844 0.0015716552734375 0.0774459838867188 0.0247879028320312
0.104789733886719 0.0797805786132813 0.078277587890625 0.10333251953125
-0.0453605651855469 -0.0342750549316406 -0.12017822265625 -0.121414184570313
-0.05767822265625 0.00287628173828126 -0.111289978027344 -0.0440750122070313
-0.037750244140625 0.0495109558105469 -0.05712890625 -0.0265083312988281
0.00751876831054687 0.0536117553710938 -0.0660018920898437 -0.0485267639160156
0.038970947265625 0.0393257141113281 -0.101394653320312 -0.047271728515625
0.0510025024414063 0.0139236450195313 -0.1475830078125 -0.022674560546875
0.0399208068847656 0.00529861450195312 -0.16693115234375 0.0189361572265625
0.0367355346679688 0.0083770751953125 -0.165145874023437 0.011627197265625
0.0325927734375 0.0113468170166016 -0.165740966796875 -0.022308349609375
0.0122261047363281 0.0189418792724609 -0.125785827636719 -0.092010498046875
-0.004852294921875 0.0217361450195313 -0.0440750122070313 -0.117950439453125
-0.0219345092773438 0.0092010498046875 0.0298843383789063 -0.094024658203125
-0.02874755859375 -0.0184745788574219 0.06005859375 -0.0313644409179688
-0.01025390625 -0.0369758605957031 0.00137138366699219 -0.00850343704223633
-0.00520706176757812 -0.0506248474121094 -0.0392913818359375 -0.0895233154296875
0.024444580078125 0.0167350769042969 -0.119735717773437 -0.129440307617188
0.0186042785644531 0.00899314880371094 -0.10943603515625 -0.0507583618164063
0.0184612274169922 -0.00247764587402344 -0.0555610656738281 -0.0373954772949219
0.0128669738769531 -0.00923728942871094 -0.0668563842773438 -0.0560302734375
-0.0011444091796875 -0.015533447265625 -0.101158142089844 -0.05889892578125
-0.0123176574707031 -0.00616741180419922 -0.149276733398438 -0.0262451171875
-0.0303974151611328 0.00686073303222656 -0.167022705078125 0.020782470703125
-0.038116455078125 -0.00563430786132813 -0.160079956054688 0.0126800537109375
-0.0383796691894531 -0.00748825073242187 -0.166091918945313 -0.01483154296875
-0.0295162200927734 -0.0288772583007813 -0.129745483398438 -0.0790481567382813
-0.00600051879882813 -0.0421066284179688 -0.0528488159179687 -0.111953735351563
0.0189552307128906 -0.0391616821289063 0.012420654296875 -0.0962066650390625
0.0346298217773438 -0.0181369781494141 0.0532035827636719 -0.0400772094726563
0.0328483581542969 -0.00586700439453125 -0.00201797485351562 -0.0157184600830078
0.0322952270507813 0.00442695617675781 -0.0459060668945313 -0.0949020385742188
0.0832748413085937 0.0695648193359375 -0.0977630615234375 -0.120780944824219
0.0897979736328125 0.0253219604492188 -0.0879974365234375 -0.0542068481445313
0.0830001831054688 -0.0470046997070313 -0.0421485900878906 -0.0452919006347656
0.0295257568359375 -0.0732955932617188 -0.0549964904785156 -0.0602340698242188
-0.03204345703125 -0.0775299072265625 -0.0832977294921875 -0.0666046142578125
-0.0717926025390625 -0.0344467163085938 -0.1292724609375 -0.0298385620117187
-0.0959701538085938 0.00266265869140623 -0.14263916015625 0.0175628662109375
-0.10760498046875 -0.0194625854492188 -0.130149841308594 0.0123291015625
-0.106178283691406 -0.0196151733398438 -0.140571594238281 -0.00252532958984372
-0.0765457153320313 -0.0647964477539063 -0.116096496582031 -0.0495986938476563
-0.0240936279296875 -0.100334167480469 -0.0578155517578125 -0.0842971801757813
0.0421905517578125 -0.0951995849609375 -0.0146560668945312 -0.0803909301757813
0.0945053100585938 -0.0355300903320313 0.0296821594238281 -0.0441741943359375
0.08294677734375 0.0147781372070313 -0.012115478515625 -0.0209407806396484
0.0747451782226563 0.0546722412109375 -0.0503158569335937 -0.085845947265625
0.120018005371094 0.11614990234375 -0.0610885620117187 -0.0963592529296875
0.139694213867188 0.05010986328125 -0.054290771484375 -0.0491142272949219
0.143768310546875 -0.0718536376953125 -0.0239753723144531 -0.0445747375488281
0.0575408935546875 -0.124427795410156 -0.0357704162597656 -0.0520172119140625
-0.0436019897460937 -0.13629150390625 -0.0508384704589844 -0.0595474243164063
-0.115547180175781 -0.0688858032226563 -0.087005615234375 -0.0265121459960938
-0.14654541015625 -0.00804138183593751 -0.09490966796875 0.0125885009765625
-0.160186767578125 -0.0303802490234375 -0.0797119140625 0.00966644287109376
-0.159637451171875 -0.022308349609375 -0.0933914184570313 0.00785064697265624
-0.122421264648438 -0.0822219848632812 -0.0799484252929688 -0.0160903930664062
-0.0572357177734375 -0.140419006347656 -0.0465278625488281 -0.0457725524902344
0.041656494140625 -0.147903442382812 -0.0311088562011719 -0.0470008850097656
0.140960693359375 -0.06951904296875 0.00583457946777344 -0.033447265625
0.134521484375 0.0191421508789063 -0.0198993682861328 -0.0187854766845703
0.118949890136719 0.0926742553710938 -0.0447540283203125 -0.0611190795898437
0.128189086914063 0.146347045898438 -0.0192222595214844 -0.0576095581054687
0.1546630859375 0.0759429931640625 -0.0190238952636719 -0.0351715087890625
0.18145751953125 -0.067626953125 -0.0104541778564453 -0.0321807861328125
0.08770751953125 -0.145599365234375 -0.0180397033691406 -0.0259857177734375
-0.0337066650390625 -0.173812866210938 -0.0128669738769531 -0.0314865112304688
-0.134040832519531 -0.09954833984375 -0.0302333831787109 -0.00921630859375001
-0.171951293945313 -0.0227508544921875 -0.0316715240478516 0.0098419189453125
-0.188125610351563 -0.036865234375 -0.0181865692138672 0.00564193725585937
-0.191818237304688 -0.0184783935546875 -0.0319976806640625 0.0109920501708984
-0.154403686523438 -0.08026123046875 -0.0259513854980469 0.00881576538085937
-0.0919342041015625 -0.156051635742188 -0.0156726837158203 -0.010828971862793
0.023834228515625 -0.17987060546875 -0.024444580078125 -0.00928306579589845
0.164596557617188 -0.105316162109375 -0.00170516967773437 -0.0117626190185547
0.174285888671875 0.0117034912109375 -0.0130043029785156 -0.0092315673828125
0.152984619140625 0.1148681640625 -0.0256843566894531 -0.0236854553222656
0.111495971679687 0.151168823242188 0.016510009765625 -0.0115146636962891
0.134788513183594 0.08953857421875 0.00585269927978517 -0.0155010223388672
0.180511474609375 -0.0417938232421875 -0.0113487243652344 -0.0108461380004883
0.104713439941406 -0.130142211914063 -0.0137357711791992 0.0127277374267578
-0.0112457275390625 -0.174850463867188 0.015228271484375 0.014251708984375
-0.124778747558594 -0.113822937011719 0.0280075073242187 0.0221347808837891
-0.168319702148438 -0.0342254638671875 0.0372886657714844 0.0127143859863281
-0.187164306640625 -0.037750244140625 0.0460968017578125 0.00117874145507812
-0.194549560546875 -0.011688232421875 0.0328216552734375 0.00671768188476562
-0.161636352539063 -0.068084716796875 0.0349941253662109 0.0206470489501953
-0.1099853515625 -0.147216796875 0.0254344940185547 0.0114078521728516
0.00471496582031249 -0.182357788085938 0.00097465515136719 0.018524169921875
0.162612915039062 -0.12298583984375 0.0107212066650391 0.00845146179199218
0.18743896484375 0.0018768310546875 0.011709213256836 0.00259590148925781
0.165557861328125 0.118911743164063 0.00793457031250001 0.0208263397216797
0.0804977416992187 0.129920959472656 0.0405426025390625 0.0324935913085938
0.09539794921875 0.0829010009765625 0.0164222717285156 0.00101566314697266
0.14349365234375 -0.013214111328125 -0.0263824462890625 0.00712776184082032
0.0952835083007813 -0.0908126831054688 -0.0239334106445312 0.04949951171875
0.00681304931640625 -0.140396118164063 0.0266876220703125 0.0639114379882812
-0.0967178344726563 -0.1031494140625 0.0747756958007813 0.0594863891601562
-0.137886047363281 -0.0369491577148437 0.100456237792969 0.0189056396484375
-0.15863037109375 -0.032806396484375 0.103569030761719 -0.0025634765625
-0.168487548828125 -0.00700378417968749 0.0916519165039062 -0.002471923828125
-0.142471313476563 -0.052764892578125 0.0896148681640625 0.0224990844726562
-0.103431701660156 -0.122642517089844 0.0638656616210938 0.0226020812988281
-0.00509643554687501 -0.1566162109375 0.0316352844238281 0.0333518981933594
0.14013671875 -0.113777160644531 0.0339813232421875 0.020751953125
0.170333862304688 -0.001617431640625 0.0460090637207031 0.013153076171875
0.149917602539063 0.107025146484375 0.0462875366210938 0.0650482177734375
0.0463714599609375 0.0889739990234375 0.0546455383300781 0.0655937194824219
0.0536079406738281 0.0591583251953125 0.017791748046875 0.00961875915527344
0.0880203247070313 0.00228118896484375 -0.0450820922851562 0.0180320739746094
0.0621833801269531 -0.0474433898925781 -0.0384979248046875 0.0762557983398438
0.0104751586914063 -0.0837783813476562 0.0271759033203125 0.101463317871094
-0.0598182678222656 -0.0690040588378906 0.10552978515625 0.0887374877929688
-0.0867538452148437 -0.0283660888671875 0.147750854492188 0.0239410400390625
-0.105979919433594 -0.0234527587890625 0.145614624023438 -0.00701904296875
-0.11798095703125 -0.00536346435546876 0.136886596679688 -0.0118637084960938
-0.101806640625 -0.0368423461914062 0.130195617675781 0.0205307006835938
-0.0760955810546875 -0.0878829956054688 0.09234619140625 0.029205322265625
-0.00563049316406251 -0.112327575683594 0.057891845703125 0.040435791015625
0.101325988769531 -0.082672119140625 0.0546302795410156 0.0284194946289062
0.123924255371094 0.00067138671875 0.0777969360351563 0.0242156982421875
0.106246948242188 0.0799407958984375 0.0802383422851563 0.10406494140625
-0.0464553833007813 -0.0340385437011719 -0.12274169921875 -0.120979309082031
-0.0583763122558594 0.00334930419921874 -0.1131591796875 -0.0426712036132813
-0.0372543334960938 0.0504493713378906 -0.0578269958496094 -0.0262565612792969
0.00814437866210938 0.0538558959960937 -0.06689453125 -0.0483894348144531
0.0394744873046875 0.03948974609375 -0.102897644042969 -0.0470809936523437
0.0517425537109375 0.013671875 -0.149871826171875 -0.0224761962890625
0.0406112670898437 0.00510025024414062 -0.169113159179688 0.0207366943359375
0.03759765625 0.0079803466796875 -0.167724609375 0.0132293701171875
0.0331783294677734 0.0108375549316406 -0.1685791015625 -0.0211181640625
0.0123443603515625 0.0195274353027344 -0.128013610839844 -0.0917434692382812
-0.0043487548828125 0.0220909118652344 -0.0456085205078125 -0.119277954101563
-0.0222434997558594 0.0100193023681641 0.029052734375 -0.0952224731445313
-0.0293235778808594 -0.0183067321777344 0.0598945617675781 -0.0324020385742188
-0.0111122131347656 -0.0373764038085938 0.00152826309204101 -0.00792074203491211
-0.00594711303710937 -0.0512428283691406 -0.040130615234375 -0.0898971557617187
0.0248489379882813 0.0162220001220703 -0.121856689453125 -0.1292724609375
0.0192050933837891 0.00859451293945313 -0.110847473144531 -0.0499267578125
0.0190200805664063 -0.00299835205078125 -0.0565109252929688 -0.0366935729980469
0.0127925872802734 -0.00919055938720703 -0.0674705505371094 -0.0564117431640625
-0.00141334533691406 -0.0158624649047852 -0.102363586425781 -0.0591583251953125
-0.0124034881591797 -0.00640010833740234 -0.151229858398438 -0.0260772705078125
-0.0305728912353516 0.00724029541015625 -0.169296264648438 0.0222015380859375
-0.0389060974121094 -0.00549316406250001 -0.162307739257813 0.0144805908203125
-0.0388908386230469 -0.00738525390625 -0.168319702148438 -0.01348876953125
-0.0298557281494141 -0.0292472839355469 -0.132125854492188 -0.07904052734375
-0.00638198852539062 -0.0426826477050781 -0.053863525390625 -0.1131591796875
0.0185279846191406 -0.0397796630859375 0.0113296508789063 -0.0968170166015625
0.0344371795654297 -0.0185775756835938 0.0533027648925781 -0.0413665771484375
0.0331096649169922 -0.0060577392578125 -0.0018768310546875 -0.0155677795410156
0.0328826904296875 0.00400924682617188 -0.0474700927734375 -0.0957107543945313
0.0852127075195313 0.069061279296875 -0.0997695922851563 -0.121353149414062
0.0912933349609375 0.0243453979492188 -0.0891876220703125 -0.0533981323242187
0.083404541015625 -0.0486373901367188 -0.0426788330078125 -0.0450363159179688
0.029144287109375 -0.0745697021484375 -0.0559425354003906 -0.0606269836425781
-0.0330657958984375 -0.0784759521484375 -0.0847930908203125 -0.0667648315429687
-0.07281494140625 -0.0342178344726562 -0.131141662597656 -0.0294418334960937
-0.0973587036132813 0.00352478027343749 -0.144256591796875 0.01904296875
-0.109458923339844 -0.0188064575195313 -0.131645202636719 0.013641357421875
-0.107742309570313 -0.018890380859375 -0.142807006835938 -0.000946044921875
-0.0780563354492187 -0.0649185180664063 -0.118179321289063 -0.0490951538085937
-0.0250701904296875 -0.100875854492188 -0.0597076416015625 -0.0844802856445313
0.0417022705078125 -0.0967864990234375 -0.0158843994140625 -0.0807723999023438
0.095062255859375 -0.03692626953125 0.0298690795898438 -0.0449752807617188
0.0839691162109375 0.014068603515625 -0.0127429962158203 -0.0210895538330078
0.0764617919921875 0.0543441772460938 -0.0513916015625 -0.0860519409179688
0.1229248046875 0.115386962890625 -0.062469482421875 -0.0963973999023438
0.141616821289063 0.049102783203125 -0.0546188354492188 -0.0490951538085938
0.144927978515625 -0.0739288330078125 -0.0239906311035156 -0.0446319580078125
0.0569686889648438 -0.126693725585938 -0.0365371704101562 -0.0522079467773438
-0.0452728271484375 -0.137680053710938 -0.0519294738769531 -0.0608177185058594
-0.117767333984375 -0.0689315795898438 -0.0885772705078125 -0.026214599609375
-0.148101806640625 -0.00724792480468752 -0.0964126586914063 0.0134658813476563
-0.1629638671875 -0.02886962890625 -0.080841064453125 0.0105361938476562
-0.162521362304687 -0.020843505859375 -0.0943756103515625 0.00881195068359375
-0.124832153320313 -0.0820465087890625 -0.0806503295898438 -0.0155563354492188
-0.059173583984375 -0.141845703125 -0.0476303100585938 -0.0457954406738281
0.0410308837890625 -0.14996337890625 -0.0322074890136719 -0.046630859375
0.142379760742188 -0.072265625 0.00568389892578126 -0.0340118408203125
0.136314392089844 0.01788330078125 -0.0201873779296875 -0.0188198089599609
0.121170043945313 0.0924835205078125 -0.0458335876464844 -0.0618515014648437
0.131332397460938 0.1466064453125 -0.0197906494140625 -0.0579071044921875
0.157241821289063 0.0753936767578125 -0.0189743041992187 -0.0351390838623047
0.1824951171875 -0.0701446533203125 -0.0107479095458984 -0.0315723419189453
0.0872650146484375 -0.1480712890625 -0.018310546875 -0.0262317657470703
-0.0355224609375 -0.175674438476563 -0.0134792327880859 -0.0323219299316406
-0.136199951171875 -0.099609375 -0.0305023193359375 -0.009124755859375
-0.174148559570313 -0.02154541015625 -0.0321140289306641 0.0105476379394531
-0.19097900390625 -0.0350494384765625 -0.0181808471679688 0.00583648681640625
-0.193862915039063 -0.016815185546875 -0.0322513580322266 0.0115699768066406
-0.156951904296875 -0.0801239013671875 -0.026153564453125 0.00956535339355468
-0.0946197509765625 -0.156723022460937 -0.0160770416259766 -0.0106735229492188
0.02276611328125 -0.18267822265625 -0.0250129699707031 -0.0086345672607422
0.165313720703125 -0.108245849609375 -0.00210571289062499 -0.0119285583496094
0.176254272460938 0.0101165771484375 -0.0132589340209961 -0.00944423675537109
0.156097412109375 0.11517333984375 -0.0260829925537109 -0.0239601135253906
0.114028930664063 0.15155029296875 0.0171422958374023 -0.0119714736938476
0.137077331542969 0.0887832641601563 0.0062398910522461 -0.0161838531494141
0.181915283203125 -0.04425048828125 -0.0114297866821289 -0.0107765197753906
0.104835510253906 -0.132415771484375 -0.0135297775268555 0.0128602981567383
-0.013214111328125 -0.176956176757813 0.0155601501464844 0.0142316818237305
-0.127471923828125 -0.114219665527344 0.0288238525390625 0.0220165252685547
-0.17059326171875 -0.03326416015625 0.0382270812988281 0.0122108459472656
-0.189971923828125 -0.0362091064453125 0.0465202331542969 0.00112533569335937
-0.197189331054687 -0.0099945068359375 0.0336246490478516 0.00717926025390625
-0.164093017578125 -0.0678253173828125 0.0354270935058594 0.0211181640625
-0.112548828125 -0.147903442382813 0.0255107879638672 0.0116348266601562
0.003265380859375 -0.184951782226563 0.000846862792968748 0.019296646118164
0.162872314453125 -0.126190185546875 0.0109777450561524 0.00811481475830078
0.189910888671875 0.00030517578125 0.0115776062011719 0.00200653076171875
0.169052124023438 0.118728637695313 0.00786972045898439 0.0209140777587891
0.0831832885742188 0.130470275878906 0.0416603088378906 0.0324516296386719
0.0969467163085937 0.0830001831054687 0.0164308547973633 0.000708580017089849
0.145431518554688 -0.01513671875 -0.0263767242431641 0.00747108459472656
0.0955657958984375 -0.092742919921875 -0.0235366821289063 0.0504188537597656
0.0057525634765625 -0.142166137695313 0.0273208618164062 0.06414794921875
-0.0985794067382813 -0.10345458984375 0.0758514404296875 0.0590896606445313
-0.139938354492188 -0.0360031127929688 0.101974487304687 0.018157958984375
-0.160781860351563 -0.031982421875 0.104751586914062 -0.00362396240234375
-0.17071533203125 -0.0059814453125 0.0926589965820312 -0.00286865234375
-0.1446533203125 -0.0524139404296875 0.0907745361328125 0.0221328735351562
-0.105789184570313 -0.123268127441406 0.0644950866699219 0.0226554870605469
-0.0063323974609375 -0.1590576171875 0.0323829650878906 0.0336380004882812
0.140701293945313 -0.116653442382812 0.0338916778564453 0.0204200744628906
0.172286987304688 -0.0031280517578125 0.046051025390625 0.0121803283691406
0.152542114257813 0.106842041015625 0.04754638671875 0.0653724670410156
0.0480880737304688 0.0895462036132813 0.0557861328125 0.065216064453125
0.0544815063476563 0.05975341796875 0.0179386138916016 0.00911903381347657
0.0887603759765625 0.00154876708984375 -0.0454864501953125 0.018341064453125
0.06243896484375 -0.0487136840820312 -0.0384140014648437 0.0772781372070313
0.00965118408203124 -0.0848846435546875 0.0284576416015625 0.10235595703125
-0.0612144470214844 -0.0686416625976563 0.107620239257813 0.08843994140625
-0.0880126953125 -0.027984619140625 0.150390625 0.0231475830078125
-0.107475280761719 -0.0227279663085938 0.147506713867188 -0.0086669921875
-0.119705200195313 -0.00437164306640625 0.138351440429688 -0.012939453125
-0.102897644042969 -0.036346435546875 0.131744384765625 0.0199508666992187
-0.0778427124023438 -0.0881271362304687 0.0931930541992188 0.0292739868164062
-0.00642395019531249 -0.113533020019531 0.0586090087890625 0.0401573181152344
0.101768493652344 -0.0844879150390625 0.054595947265625 0.02783203125
0.125900268554688 -3.0517578125E-05 0.0784225463867188 0.0234756469726563
0.108268737792969 0.0805206298828125 0.0821685791015625 0.104438781738281
-0.0472831726074219 -0.0344619750976563 -0.125259399414062 -0.121208190917969
-0.059051513671875 0.00394439697265626 -0.114669799804688 -0.0413894653320312
-0.0373573303222656 0.0519332885742187 -0.0585556030273437 -0.0255966186523437
0.00883102416992187 0.0548667907714844 -0.0678520202636719 -0.0482902526855469
0.0404014587402344 0.0394020080566406 -0.104393005371094 -0.0469970703125
0.0526504516601563 0.0130691528320313 -0.15179443359375 -0.0215911865234375
0.0411224365234375 0.00487518310546875 -0.171432495117187 0.022369384765625
0.0381431579589844 0.00786972045898438 -0.170135498046875 0.01568603515625
0.0335750579833984 0.0105476379394531 -0.171127319335938 -0.019805908203125
0.0127410888671875 0.0193309783935547 -0.13031005859375 -0.0914535522460938
-0.00418853759765625 0.0225048065185547 -0.0471343994140625 -0.12017822265625
-0.0224533081054687 0.0105075836181641 0.0282440185546875 -0.0964279174804688
-0.0302009582519531 -0.0180873870849609 0.060943603515625 -0.0331192016601563
-0.0115890502929688 -0.0374908447265625 0.00184488296508789 -0.00811386108398438
-0.0065155029296875 -0.0521392822265625 -0.0414886474609375 -0.0909957885742188
0.0254039764404297 0.0158710479736328 -0.124671936035156 -0.129409790039063
0.0192737579345703 0.00840377807617188 -0.112716674804688 -0.0490341186523438
0.0190067291259766 -0.00317001342773438 -0.0566253662109375 -0.0365219116210938
0.0132474899291992 -0.0098562240600586 -0.0684471130371094 -0.0563316345214844
-0.00160789489746094 -0.0158500671386719 -0.104217529296875 -0.0591506958007813
-0.0125083923339844 -0.00611972808837891 -0.153839111328125 -0.02484130859375
-0.0304336547851563 0.00752639770507812 -0.17138671875 0.0241851806640625
-0.0396194458007813 -0.00524520874023438 -0.164703369140625 0.0164794921875
-0.0395851135253906 -0.00701141357421876 -0.170654296875 -0.0121612548828125
-0.0305004119873047 -0.0290088653564453 -0.13507080078125 -0.0785064697265625
-0.00656890869140625 -0.0428466796875 -0.0560531616210938 -0.113594055175781
0.0184440612792969 -0.0401496887207031 0.0109786987304688 -0.0980606079101563
0.0346336364746094 -0.0190715789794922 0.053802490234375 -0.0421104431152344
0.0334415435791016 -0.00645828247070312 -0.00186443328857422 -0.0155344009399414
0.0335559844970703 0.00371360778808594 -0.0487213134765625 -0.09637451171875
0.0869522094726562 0.069000244140625 -0.102226257324219 -0.121322631835937
0.0923995971679687 0.023468017578125 -0.0901718139648438 -0.05255126953125
0.0840682983398437 -0.0506591796875 -0.0431365966796875 -0.0452995300292969
0.0288848876953125 -0.0760574340820313 -0.0566482543945313 -0.0609779357910156
-0.034210205078125 -0.0788040161132813 -0.0863723754882813 -0.0675277709960937
-0.0738906860351563 -0.0345535278320312 -0.1331787109375 -0.0284500122070312
-0.097808837890625 0.00451660156249998 -0.146041870117188 0.0206756591796875
-0.111228942871094 -0.0178146362304688 -0.133720397949219 0.0152740478515625
-0.1092529296875 -0.0178756713867187 -0.144210815429688 0.000442504882812474
-0.0796585083007813 -0.0651626586914063 -0.120216369628906 -0.048187255859375
-0.0263824462890625 -0.101783752441406 -0.061248779296875 -0.08544921875
0.0413589477539063 -0.098297119140625 -0.0170364379882812 -0.08099365234375
0.09625244140625 -0.038604736328125 0.0296516418457031 -0.0457496643066406
0.0850753784179688 0.0131683349609375 -0.0123291015625 -0.0211277008056641
0.078155517578125 0.0539093017578125 -0.0528030395507812 -0.0869369506835938
0.125473022460938 0.116004943847656 -0.063873291015625 -0.0970611572265625
0.144027709960938 0.0479278564453125 -0.0554428100585937 -0.0485458374023438
0.145538330078125 -0.07696533203125 -0.0247459411621094 -0.0450325012207031
0.0566787719726562 -0.128768920898438 -0.0369796752929687 -0.0527000427246094
-0.0475921630859375 -0.138954162597656 -0.0529899597167969 -0.06103515625
-0.119247436523437 -0.0687713623046875 -0.0898971557617188 -0.0260391235351563
-0.149993896484375 -0.00587463378906249 -0.0975799560546875 0.0146865844726562
-0.165328979492188 -0.0275421142578125 -0.0818252563476563 0.0115737915039063
-0.164871215820313 -0.01953125 -0.0954513549804688 0.0101547241210938
-0.126625061035156 -0.0820465087890625 -0.0823211669921875 -0.014801025390625
-0.0616302490234375 -0.142822265625 -0.0490226745605469 -0.0458221435546875
0.04010009765625 -0.152374267578125 -0.0333023071289063 -0.0467376708984375
0.143020629882813 -0.0745391845703125 0.00513839721679689 -0.0344676971435547
0.138290405273438 0.0167999267578125 -0.0206623077392578 -0.0190563201904297
0.123680114746094 0.0920639038085937 -0.0471458435058594 -0.0616645812988281
0.134628295898438 0.146224975585938 -0.0202980041503906 -0.0584335327148437
0.159774780273438 0.07403564453125 -0.0188808441162109 -0.0349197387695312
0.184249877929688 -0.073638916015625 -0.0107555389404297 -0.0317840576171875
0.08740234375 -0.151168823242187 -0.0185050964355469 -0.026174545288086
-0.0380401611328125 -0.178146362304687 -0.0140419006347656 -0.0330829620361328
-0.138839721679687 -0.0998764038085938 -0.0309791564941406 -0.00929641723632814
-0.176971435546875 -0.0205230712890625 -0.0325374603271485 0.0107765197753906
-0.194183349609375 -0.0337677001953125 -0.01861572265625 0.00620841979980469
-0.1966552734375 -0.01513671875 -0.0326519012451172 0.0128307342529297
-0.159500122070313 -0.0800323486328125 -0.026113510131836 0.0103321075439453
-0.0975189208984375 -0.158157348632813 -0.0166234970092774 -0.010493278503418
0.021331787109375 -0.185623168945313 -0.0256233215332031 -0.00820922851562501
0.1663818359375 -0.111572265625 -0.0026865005493164 -0.0122222900390625
0.178543090820313 0.0081634521484375 -0.0135316848754883 -0.00958633422851563
0.159271240234375 0.114776611328125 -0.0266094207763672 -0.0239086151123047
0.117294311523438 0.152008056640625 0.0172710418701172 -0.0126075744628906
0.139656066894531 0.08880615234375 0.00644969940185548 -0.0160951614379883
0.184036254882813 -0.0469512939453125 -0.0118999481201172 -0.0107927322387695
0.105201721191406 -0.135292053222656 -0.0133590698242187 0.0131072998046875
-0.015472412109375 -0.179412841796875 0.0156345367431641 0.0139846801757812
-0.130096435546875 -0.114646911621094 0.0293331146240234 0.0217075347900391
-0.17303466796875 -0.032135009765625 0.0381851196289062 0.012298583984375
-0.19342041015625 -0.034393310546875 0.0471649169921875 0.000591278076171873
-0.200103759765625 -0.0081787109375 0.0340347290039062 0.00699424743652343
-0.166397094726562 -0.0669403076171875 0.0361709594726562 0.0211601257324219
-0.1153564453125 -0.14892578125 0.0254764556884766 0.0117397308349609
0.00126647949218749 -0.187789916992188 0.00107955932617187 0.0198402404785156
0.163787841796875 -0.129806518554688 0.0104913711547852 0.00783920288085937
0.192520141601562 -0.002197265625 0.0110635757446289 0.00161457061767578
0.172210693359375 0.118484497070312 0.00839996337890626 0.0209999084472656
0.0853958129882813 0.130577087402344 0.0427627563476563 0.0318450927734375
0.098876953125 0.0830612182617188 0.0169229507446289 0.000531196594238286
0.146560668945312 -0.01678466796875 -0.0268115997314453 0.00795745849609375
0.0963363647460938 -0.0949172973632812 -0.0234413146972656 0.0516395568847656
0.00399780273437501 -0.144271850585938 0.0284233093261719 0.0644683837890625
-0.101112365722656 -0.103950500488281 0.0776748657226563 0.059478759765625
-0.1419677734375 -0.03509521484375 0.103645324707031 0.0174484252929687
-0.163497924804687 -0.0302581787109375 0.10650634765625 -0.00476837158203125
-0.172531127929687 -0.003875732421875 0.094268798828125 -0.00316619873046875
-0.14691162109375 -0.0514678955078125 0.0922012329101562 0.0220108032226562
-0.108177185058594 -0.123878479003906 0.0653877258300781 0.0227813720703125
-0.00802612304687501 -0.161392211914063 0.0326557159423828 0.0342140197753906
0.141632080078125 -0.119232177734375 0.0338077545166016 0.0200099945068359
0.174697875976563 -0.0050048828125 0.0463943481445313 0.0118255615234375
0.155593872070312 0.106597900390625 0.0491790771484375 0.0656509399414063
0.049774169921875 0.0901947021484375 0.0573043823242188 0.0654945373535156
0.0556640625 0.0600204467773438 0.0181503295898438 0.00916671752929688
0.0901947021484375 0.00052642822265625 -0.0457992553710937 0.0191230773925781
0.0626907348632813 -0.0501747131347656 -0.0373001098632812 0.0783920288085938
0.00927734374999999 -0.0859756469726563 0.02984619140625 0.102996826171875
-0.0623779296875 -0.0693283081054687 0.109794616699219 0.08843994140625
-0.0894927978515625 -0.0275344848632813 0.1527099609375 0.02166748046875
-0.109138488769531 -0.0217971801757812 0.150436401367188 -0.0099639892578125
-0.121414184570313 -0.00315093994140623 0.14019775390625 -0.0140914916992188
-0.104690551757813 -0.03582763671875 0.133811950683594 0.0191421508789062
-0.079742431640625 -0.08880615234375 0.0947494506835938 0.0290756225585937
-0.00736999511718751 -0.114852905273438 0.0595893859863281 0.0401573181152344
0.10260009765625 -0.08673095703125 0.05511474609375 0.0269660949707031
0.127777099609375 -0.0015716552734375 0.079010009765625 0.0227584838867188
0.110641479492188 0.0806732177734375 0.0841445922851563 0.105331420898438
-0.0487861633300781 -0.0345535278320312 -0.128486633300781 -0.120819091796875
-0.0597648620605469 0.00460815429687501 -0.116226196289062 -0.0400619506835938
-0.0373878479003906 0.0528068542480469 -0.0589256286621094 -0.0252227783203125
0.00944137573242187 0.0553398132324219 -0.06866455078125 -0.0483665466308594
0.0417594909667969 0.0392227172851563 -0.105705261230469 -0.0464096069335937
0.0531158447265625 0.0130615234375 -0.154464721679688 -0.0204315185546875
0.041961669921875 0.00428009033203125 -0.174087524414062 0.024383544921875
0.0386581420898437 0.00743865966796875 -0.172500610351563 0.017547607421875
0.0340805053710938 0.0102252960205078 -0.173553466796875 -0.018280029296875
0.0134563446044922 0.0194549560546875 -0.133392333984375 -0.0913619995117188
-0.00399971008300781 0.0234298706054688 -0.049285888671875 -0.120643615722656
-0.0226306915283203 0.0114364624023437 0.0275192260742188 -0.0979232788085938
-0.0307464599609375 -0.0176639556884766 0.061126708984375 -0.0339736938476562
-0.0125846862792969 -0.037628173828125 0.00233268737792969 -0.00818538665771485
-0.00714874267578125 -0.0524787902832031 -0.042999267578125 -0.0917510986328125
0.0255870819091797 0.0159149169921875 -0.127044677734375 -0.129119873046875
0.0193328857421875 0.00799369812011719 -0.114517211914063 -0.0480194091796875
0.0191669464111328 -0.00401687622070313 -0.0576324462890625 -0.0360298156738281
0.0130901336669922 -0.0100898742675781 -0.06982421875 -0.0567169189453125
-0.00192070007324219 -0.0162744522094727 -0.106155395507813 -0.0589447021484375
-0.0128517150878906 -0.0066232681274414 -0.156326293945313 -0.0237274169921875
-0.0310001373291016 0.00765419006347657 -0.173934936523438 0.0260467529296875
-0.0402793884277344 -0.00457000732421876 -0.166824340820313 0.0186767578125
-0.0403671264648438 -0.00686645507812501 -0.173263549804688 -0.0101318359375
-0.0311546325683594 -0.0288200378417969 -0.137603759765625 -0.0772628784179687
-0.00697708129882812 -0.0431785583496094 -0.0582733154296875 -0.114616394042969
0.0185203552246094 -0.04058837890625 0.00964355468749999 -0.099365234375
0.0349254608154297 -0.0197315216064453 0.05389404296875 -0.0433425903320313
0.0335636138916016 -0.00687789916992188 -0.00144386291503906 -0.0155792236328125
0.0338726043701172 0.00312423706054688 -0.0506439208984375 -0.0970916748046875
0.0890579223632813 0.0682296752929687 -0.104583740234375 -0.121879577636719
0.09375 0.022430419921875 -0.091766357421875 -0.0518798828125
0.0840225219726563 -0.052642822265625 -0.0441436767578125 -0.0450859069824219
0.0285491943359375 -0.0768814086914063 -0.0578193664550781 -0.0612258911132813
-0.035797119140625 -0.0796432495117188 -0.0886154174804688 -0.067291259765625
-0.0752334594726563 -0.033935546875 -0.135711669921875 -0.0281219482421875
-0.0994720458984375 0.00550842285156252 -0.147567749023438 0.0223541259765625
-0.112922668457031 -0.0163116455078125 -0.13568115234375 0.016876220703125
-0.111106872558594 -0.0170364379882813 -0.1461181640625 0.00241088867187503
-0.0811080932617188 -0.0651931762695312 -0.122459411621094 -0.0470657348632813
-0.0277175903320313 -0.103004455566406 -0.0631561279296875 -0.0857772827148438
0.0407333374023438 -0.099945068359375 -0.0181045532226562 -0.0816726684570313
0.0967025756835938 -0.0401763916015625 0.0294342041015625 -0.0465927124023438
0.0863113403320313 0.0124893188476563 -0.0125904083251953 -0.0212764739990234
0.0799026489257812 0.0535202026367187 -0.0541534423828125 -0.0872879028320313
0.128440856933594 0.115249633789063 -0.0657196044921875 -0.0973281860351562
0.146286010742188 0.046173095703125 -0.05670166015625 -0.048095703125
0.146621704101563 -0.0800933837890625 -0.0250930786132812 -0.0446662902832031
0.0560073852539062 -0.131217956542969 -0.0372161865234375 -0.0532035827636719
-0.049713134765625 -0.140335083007813 -0.0542449951171875 -0.0618782043457031
-0.122032165527344 -0.068267822265625 -0.0915069580078125 -0.0253067016601563
-0.1522216796875 -0.00440979003906253 -0.0990447998046875 0.015716552734375
-0.16790771484375 -0.025848388671875 -0.0832061767578125 0.0125808715820312
-0.167037963867188 -0.018218994140625 -0.0965957641601563 0.0117340087890625
-0.128952026367187 -0.081573486328125 -0.0832748413085938 -0.0135726928710938
-0.064117431640625 -0.14422607421875 -0.0503387451171875 -0.0457916259765625
0.038787841796875 -0.155120849609375 -0.0341224670410156 -0.0467147827148438
0.143966674804688 -0.077606201171875 0.00457763671875001 -0.035186767578125
0.139938354492188 0.0155258178710938 -0.0209789276123047 -0.0191326141357422
0.1268310546875 0.091796875 -0.0485763549804687 -0.0620841979980469
0.138275146484375 0.146224975585938 -0.0208930969238281 -0.0592384338378906
0.162734985351563 0.073211669921875 -0.0195598602294922 -0.0350017547607422
0.185577392578125 -0.07720947265625 -0.0111751556396484 -0.0317878723144531
0.0869903564453125 -0.15423583984375 -0.0187892913818359 -0.0264244079589844
-0.0410614013671875 -0.179183959960938 -0.0146675109863281 -0.033956527709961
-0.141510009765625 -0.099945068359375 -0.0314483642578125 -0.00952148437500001
-0.178848266601563 -0.0186309814453125 -0.0331859588623047 0.0113449096679688
-0.198318481445312 -0.0314178466796875 -0.0187702178955078 0.00659370422363281
-0.199661254882813 -0.013275146484375 -0.0326290130615235 0.0137786865234375
-0.162155151367187 -0.0792999267578125 -0.0261325836181641 0.0110454559326172
-0.100479125976563 -0.159072875976563 -0.017364501953125 -0.010218620300293
0.0191497802734375 -0.1884765625 -0.02630615234375 -0.00769805908203126
0.167373657226563 -0.115066528320313 -0.00297546386718749 -0.0127315521240234
0.181167602539063 0.0064697265625 -0.0139341354370117 -0.00999069213867188
0.162384033203125 0.113800048828125 -0.0269393920898437 -0.0235996246337891
0.120620727539063 0.151687622070312 0.0174417495727539 -0.0129528045654297
0.142410278320312 0.08770751953125 0.00641155242919923 -0.0163402557373047
0.185333251953125 -0.050384521484375 -0.01171875 -0.0105047225952148
0.105247497558594 -0.138595581054688 -0.0129632949829101 0.0132122039794922
-0.017608642578125 -0.181320190429688 0.0161008834838867 0.0135860443115234
-0.133255004882813 -0.114707946777344 0.0299720764160156 0.0214481353759766
-0.17578125 -0.030792236328125 0.0392189025878906 0.0119819641113281
-0.196701049804688 -0.03277587890625 0.0480194091796875 0.000278472900390623
-0.202194213867188 -0.00596618652343746 0.0347862243652344 0.0072784423828125
-0.169097900390625 -0.066192626953125 0.0369873046875 0.0212860107421875
-0.118896484375 -0.149520874023438 0.0255126953125 0.0119171142578125
-0.00048828124999998 -0.190444946289062 0.000934600830078124 0.0206527709960937
0.164459228515625 -0.133407592773438 0.0101118087768555 0.00750160217285155
0.19500732421875 -0.0044403076171875 0.0107803344726563 0.00107669830322266
0.175979614257813 0.1180419921875 0.0085430145263672 0.0211811065673828
0.0883102416992188 0.131202697753906 0.0435676574707031 0.0319862365722656
0.100730895996094 0.08282470703125 0.017329216003418 0.000233650207519536
0.14849853515625 -0.0191802978515625 -0.0268516540527344 0.00834274291992187
0.0962295532226562 -0.097625732421875 -0.0231094360351562 0.052154541015625
0.002288818359375 -0.146194458007813 0.0294723510742187 0.0649223327636719
-0.103279113769531 -0.103927612304688 0.0795745849609375 0.0590438842773437
-0.144271850585938 -0.03424072265625 0.105690002441406 0.0166091918945312
-0.166488647460938 -0.028900146484375 0.108039855957031 -0.0064239501953125
-0.174972534179687 -0.00173950195312497 0.095703125 -0.00432586669921875
-0.149017333984375 -0.050689697265625 0.0940933227539063 0.021240234375
-0.111137390136719 -0.123809814453125 0.0659828186035156 0.02252197265625
-0.0098114013671875 -0.163742065429687 0.0333251953125 0.0343074798583984
0.141525268554688 -0.123016357421875 0.0338401794433594 0.0195446014404297
0.176956176757813 -0.0068511962890625 0.0463409423828125 0.0111579895019531
0.158966064453125 0.106277465820313 0.0503273010253906 0.0660133361816406
0.0512313842773438 0.0907211303710938 0.0585746765136719 0.0648918151855469
0.0571670532226563 0.0598106384277344 0.0183906555175781 0.00872993469238282
0.0910797119140625 -0.000885009765625 -0.0463142395019531 0.0198936462402344
0.0636138916015625 -0.0517539978027344 -0.0370254516601562 0.079681396484375
0.00814056396484376 -0.0876007080078125 0.0311965942382813 0.103843688964844
-0.0646209716796875 -0.0692901611328125 0.112648010253906 0.0883331298828125
-0.090972900390625 -0.0270309448242188 0.154861450195313 0.020599365234375
-0.111297607421875 -0.0208892822265625 0.151748657226562 -0.0118408203125
-0.122360229492188 -0.00180816650390625 0.142303466796875 -0.0155029296875
-0.106575012207031 -0.0350875854492187 0.136177062988281 0.0186080932617187
-0.0817337036132812 -0.0891647338867188 0.0959548950195313 0.0284881591796875
-0.00910186767578124 -0.11627197265625 0.0603446960449219 0.0406913757324219
0.103111267089844 -0.0894241333007813 0.055572509765625 0.0264778137207031
0.129066467285156 -0.0027618408203125 0.0795364379882813 0.0216903686523437
0.113357543945313 0.080474853515625 0.086944580078125 0.105827331542969
-0.0496025085449219 -0.0342597961425781 -0.131523132324219 -0.120269775390625
-0.0607376098632813 0.00559616088867188 -0.117813110351563 -0.038482666015625
-0.0372314453125 0.053924560546875 -0.0595436096191406 -0.0247611999511719
0.0103111267089844 0.0564308166503906 -0.0698356628417969 -0.0484123229980469
0.0422210693359375 0.0391273498535156 -0.107894897460937 -0.04632568359375
0.0544166564941406 0.0121955871582031 -0.157089233398438 -0.0189208984375
0.04248046875 0.0040283203125 -0.176345825195312 0.02679443359375
0.0392341613769531 0.00727462768554688 -0.174835205078125 0.0202789306640625
0.03448486328125 0.00993156433105469 -0.176132202148438 -0.016021728515625
0.0136489868164062 0.0197963714599609 -0.136642456054688 -0.0904388427734375
-0.0037078857421875 0.0236129760742187 -0.0513229370117187 -0.121864318847656
-0.0226364135742188 0.0121231079101562 0.026458740234375 -0.09906005859375
-0.0319671630859375 -0.0172672271728516 0.0613670349121094 -0.0352973937988281
-0.013275146484375 -0.0384635925292969 0.00223636627197266 -0.00851011276245117
-0.00808334350585938 -0.0532722473144531 -0.0448989868164063 -0.0920562744140625
0.0263404846191406 0.0153961181640625 -0.130271911621094 -0.128349304199219
0.0199337005615234 0.007598876953125 -0.115486145019531 -0.0465316772460937
0.0190887451171875 -0.004241943359375 -0.0584373474121094 -0.0356521606445312
0.0132961273193359 -0.010279655456543 -0.0709991455078125 -0.0565872192382813
-0.00200366973876953 -0.0164422988891602 -0.108139038085938 -0.0586700439453125
-0.0127458572387695 -0.00651264190673828 -0.158935546875 -0.0225677490234375
-0.0309982299804688 0.00804138183593749 -0.176055908203125 0.0286865234375
-0.0408554077148438 -0.0039520263671875 -0.169326782226563 0.02105712890625
-0.0408477783203125 -0.00662612915039063 -0.17547607421875 -0.00781249999999998
-0.0319290161132813 -0.0291461944580078 -0.140670776367188 -0.0766143798828125
-0.00757217407226563 -0.0437202453613281 -0.0608444213867188 -0.114852905273438
0.0185203552246094 -0.0412788391113281 0.00827789306640624 -0.100547790527344
0.0347938537597656 -0.0203762054443359 0.054290771484375 -0.0443000793457031
0.0335750579833984 -0.00767135620117188 -0.00187110900878906 -0.0155267715454102
0.0343723297119141 0.00239372253417969 -0.0521697998046875 -0.0978240966796875
0.0910568237304688 0.0677261352539063 -0.107368469238281 -0.12158203125
0.095306396484375 0.0211944580078125 -0.093353271484375 -0.0508804321289063
0.0844802856445313 -0.0546035766601563 -0.044952392578125 -0.044830322265625
0.0278778076171875 -0.0786819458007813 -0.0589370727539062 -0.0611534118652344
-0.0373382568359375 -0.0802383422851563 -0.0905227661132813 -0.0676422119140625
-0.0765609741210937 -0.0337448120117187 -0.137962341308594 -0.0269622802734375
-0.1007080078125 0.00685882568359374 -0.149703979492188 0.0243072509765625
-0.11468505859375 -0.0148468017578125 -0.136878967285156 0.0189285278320312
-0.112861633300781 -0.0157852172851562 -0.147781372070313 0.00437927246093751
-0.0828857421875 -0.0652084350585938 -0.123870849609375 -0.045989990234375
-0.0295257568359375 -0.103736877441406 -0.0652999877929687 -0.085693359375
0.0399398803710937 -0.101676940917969 -0.0198211669921875 -0.0823822021484375
0.0972747802734375 -0.0419845581054688 0.0288124084472656 -0.0475845336914062
0.0875244140625 0.0118408203125 -0.0129566192626953 -0.0214519500732422
0.0816268920898438 0.0526885986328125 -0.0559616088867188 -0.0873031616210938
0.131614685058594 0.114768981933594 -0.0671234130859375 -0.0973892211914063
0.148849487304687 0.0440826416015625 -0.0572853088378906 -0.0474281311035156
0.146820068359375 -0.0834503173828125 -0.0256576538085937 -0.0445098876953125
0.055267333984375 -0.133613586425781 -0.0381546020507813 -0.0534515380859375
-0.0526123046875 -0.1412353515625 -0.0557746887207031 -0.0622825622558594
-0.124214172363281 -0.068115234375 -0.0932083129882813 -0.0250473022460938
-0.154052734375 -0.00245666503906251 -0.100364685058594 0.0173568725585938
-0.170883178710938 -0.0240631103515625 -0.0842056274414063 0.013946533203125
-0.169723510742187 -0.01629638671875 -0.0975799560546875 0.014068603515625
-0.131515502929688 -0.0812835693359375 -0.0847244262695313 -0.0128631591796875
-0.0664215087890625 -0.145416259765625 -0.0520172119140625 -0.0454940795898438
0.0371246337890625 -0.15753173828125 -0.0350532531738281 -0.0462570190429688
0.144866943359375 -0.0806121826171875 0.00384140014648438 -0.0356292724609375
0.14190673828125 0.013458251953125 -0.0214366912841797 -0.0192070007324219
0.129081726074219 0.0907669067382813 -0.049774169921875 -0.0621566772460937
0.1417236328125 0.1456298828125 -0.0215415954589844 -0.0595207214355469
0.165573120117188 0.0712738037109375 -0.0198516845703125 -0.0352630615234375
0.1866455078125 -0.08099365234375 -0.0114040374755859 -0.0320549011230469
0.086212158203125 -0.157791137695313 -0.0188808441162109 -0.02679443359375
-0.0436248779296875 -0.18115234375 -0.0151481628417969 -0.0345287322998047
-0.144805908203125 -0.099456787109375 -0.032135009765625 -0.00930786132812501
-0.18121337890625 -0.0167236328125 -0.0332107543945313 0.0117053985595703
-0.200576782226563 -0.0291748046875 -0.0191555023193359 0.00715255737304688
-0.202041625976562 -0.010284423828125 -0.0331897735595703 0.0145130157470703
-0.16473388671875 -0.0782470703125 -0.0265350341796875 0.0115756988525391
-0.103973388671875 -0.160171508789063 -0.0184993743896484 -0.00985717773437501
0.01739501953125 -0.191421508789063 -0.0268878936767578 -0.0070323944091797
0.16754150390625 -0.119400024414063 -0.00354480743408202 -0.0132284164428711
0.18377685546875 0.00421142578125 -0.0148181915283203 -0.0099782943725586
0.1666259765625 0.113128662109375 -0.0278739929199219 -0.0237789154052734
0.124664306640625 0.151763916015625 0.0176849365234375 -0.0138816833496094
0.14501953125 0.0866241455078125 0.00673103332519532 -0.0167789459228516
0.187026977539063 -0.0536346435546875 -0.0117893218994141 -0.0100040435791016
0.104644775390625 -0.141510009765625 -0.0129985809326172 0.0136098861694336
-0.02020263671875 -0.183486938476563 0.0163307189941406 0.013031005859375
-0.136322021484375 -0.114669799804687 0.0307960510253906 0.021249771118164
-0.178436279296875 -0.028778076171875 0.0399742126464844 0.0113372802734375
-0.20001220703125 -0.0308074951171875 0.0482673645019531 -0.000614166259765627
-0.20550537109375 -0.00328063964843751 0.0355606079101562 0.0071868896484375
-0.172286987304688 -0.0647735595703125 0.037750244140625 0.0214920043945312
-0.122177124023438 -0.149932861328125 0.0258960723876953 0.0120143890380859
-0.00335693359374998 -0.19317626953125 0.00102806091308594 0.0212154388427734
0.164566040039063 -0.13787841796875 0.0098867416381836 0.00709533691406249
0.197738647460938 -0.0070037841796875 0.0107498168945313 0.000865936279296875
0.179916381835938 0.1165771484375 0.00949287414550782 0.0211429595947266
0.0910186767578125 0.131362915039063 0.0442352294921875 0.0312385559082031
0.103172302246094 0.0822830200195313 0.0176048278808594 -0.000123977661132807
0.149917602539063 -0.0216522216796875 -0.0268802642822266 0.00906562805175781
0.0964431762695313 -0.1002197265625 -0.0225105285644531 0.0529251098632812
0.000274658203124989 -0.148300170898438 0.0307426452636719 0.0653572082519531
-0.105964660644531 -0.104385375976562 0.0811996459960938 0.0587615966796875
-0.1461181640625 -0.0328369140625 0.106887817382813 0.015655517578125
-0.169097900390625 -0.0272979736328125 0.109161376953125 -0.00783538818359375
-0.17730712890625 0.000488281249999987 0.0970611572265625 -0.00511932373046875
-0.151504516601563 -0.0493927001953125 0.0955276489257812 0.020904541015625
-0.114013671875 -0.124183654785156 0.0667762756347656 0.0222854614257812
-0.0116424560546875 -0.165740966796875 0.0339202880859375 0.0344867706298828
0.141891479492188 -0.126129150390625 0.0339241027832031 0.0189418792724609
0.179153442382813 -0.0096893310546875 0.0463371276855469 0.0103530883789063
0.162445068359375 0.105850219726563 0.052093505859375 0.0663490295410156
0.0529556274414062 0.0911636352539062 0.0598869323730469 0.0645751953125
0.0586433410644531 0.0598640441894531 0.0188064575195313 0.00839424133300782
0.0924453735351563 -0.0019378662109375 -0.046173095703125 0.0205116271972656
0.0635604858398437 -0.0534629821777344 -0.0364303588867188 0.0810470581054688
0.00682830810546876 -0.088775634765625 0.0329513549804687 0.104904174804688
-0.066009521484375 -0.0694580078125 0.115318298339844 0.0877532958984375
-0.0923538208007813 -0.0259475708007813 0.157379150390625 0.018463134765625
-0.113021850585938 -0.01922607421875 0.153488159179688 -0.0142364501953125
-0.124244689941406 -0.000160217285156247 0.144271850585938 -0.0172271728515625
-0.108062744140625 -0.03448486328125 0.138275146484375 0.017486572265625
-0.0841064453125 -0.0889892578125 0.09716796875 0.028076171875
-0.0102005004882813 -0.117843627929687 0.0616607666015625 0.0402450561523437
0.102867126464844 -0.0915985107421875 0.0554237365722656 0.0258026123046875
0.131141662597656 -0.004669189453125 0.0801773071289063 0.0207061767578125
0.115760803222656 0.0803146362304688 0.0894699096679688 0.106498718261719
-0.0511665344238281 -0.0344467163085938 -0.134635925292969 -0.119766235351563
-0.0611801147460937 0.00648880004882812 -0.11962890625 -0.0363922119140625
-0.0369377136230469 0.0550308227539062 -0.0601577758789063 -0.0239372253417969
0.0110702514648437 0.0567550659179688 -0.0709457397460938 -0.0477981567382812
0.0435409545898438 0.03924560546875 -0.109817504882813 -0.0454559326171875
0.05517578125 0.0116958618164063 -0.159515380859375 -0.0174713134765625
0.0433845520019531 0.0032501220703125 -0.178756713867188 0.0296783447265625
0.0396041870117188 0.00664520263671875 -0.176956176757813 0.0230255126953125
0.0351676940917969 0.00929641723632813 -0.178695678710938 -0.0139923095703125
0.0143642425537109 0.0198516845703125 -0.139595031738281 -0.08978271484375
-0.00335121154785156 0.0242080688476563 -0.053924560546875 -0.122489929199219
-0.0227260589599609 0.0128688812255859 0.025177001953125 -0.100540161132813
-0.0323295593261719 -0.0168952941894531 0.0619430541992188 -0.0360679626464844
-0.0138206481933594 -0.0382041931152344 0.00292491912841797 -0.00816965103149414
-0.00873565673828126 -0.0541839599609375 -0.0466690063476562 -0.092926025390625
0.0269145965576172 0.0146732330322266 -0.134086608886719 -0.1279296875
0.0201034545898438 0.00694084167480469 -0.117790222167969 -0.0446701049804687
0.0190849304199219 -0.00420761108398438 -0.0589370727539063 -0.0349273681640625
0.0135307312011719 -0.0107593536376953 -0.0720901489257813 -0.0561294555664063
-0.00236892700195312 -0.0166721343994141 -0.110542297363281 -0.0584182739257812
-0.013300895690918 -0.0067586898803711 -0.161605834960938 -0.02093505859375
-0.0314006805419922 0.00873756408691406 -0.17840576171875 0.031005859375
-0.0416717529296875 -0.00366210937499999 -0.170928955078125 0.02362060546875
-0.0412712097167969 -0.0064849853515625 -0.178024291992188 -0.00531005859375002
-0.0326042175292969 -0.0291538238525391 -0.143310546875 -0.0756988525390625
-0.00843429565429688 -0.0440330505371094 -0.0630874633789063 -0.115684509277344
0.017608642578125 -0.0421905517578125 0.00687408447265626 -0.101486206054688
0.0345458984375 -0.0207843780517578 0.0540771484375 -0.0454864501953125
0.0339107513427734 -0.00798416137695313 -0.00148200988769531 -0.0159482955932617
0.0352249145507812 0.0015716552734375 -0.053955078125 -0.0981216430664063
0.0931320190429687 0.06683349609375 -0.110092163085938 -0.12078857421875
0.0968170166015625 0.01953125 -0.094390869140625 -0.0493927001953125
0.0847244262695313 -0.0568084716796875 -0.0453834533691406 -0.0442276000976563
0.02703857421875 -0.0799560546875 -0.0599708557128906 -0.061279296875
-0.0392913818359375 -0.0808792114257813 -0.0923690795898437 -0.0675430297851563
-0.0779953002929688 -0.0334396362304688 -0.139854431152344 -0.02587890625
-0.101638793945313 0.00810241699218749 -0.151748657226563 0.026885986328125
-0.116561889648438 -0.0133819580078125 -0.138954162597656 0.0213775634765625
-0.114326477050781 -0.014434814453125 -0.149978637695313 0.00697326660156252
-0.0842742919921875 -0.064666748046875 -0.126693725585938 -0.0448150634765625
-0.0312118530273437 -0.104804992675781 -0.067657470703125 -0.0856399536132813
0.0391464233398437 -0.103675842285156 -0.0209197998046875 -0.0824356079101562
0.097625732421875 -0.0439376831054688 0.029022216796875 -0.0488204956054688
0.08856201171875 0.0102462768554688 -0.0130500793457031 -0.0215797424316406
0.0833892822265625 0.0521163940429688 -0.05792236328125 -0.0879745483398438
0.135055541992187 0.113105773925781 -0.06939697265625 -0.0976486206054688
0.151168823242188 0.0424957275390625 -0.0579032897949219 -0.0470962524414063
0.146957397460938 -0.0870208740234375 -0.0258255004882812 -0.0445060729980469
0.0541915893554688 -0.136207580566406 -0.0393714904785156 -0.053741455078125
-0.0558624267578125 -0.14239501953125 -0.0576705932617188 -0.062591552734375
-0.12701416015625 -0.06768798828125 -0.094818115234375 -0.024017333984375
-0.156097412109375 -0.000610351562499983 -0.101478576660156 0.018646240234375
-0.1739501953125 -0.02093505859375 -0.0855178833007813 0.0155792236328125
-0.172149658203125 -0.013763427734375 -0.0989227294921875 0.0159149169921875
-0.134567260742188 -0.0803604125976563 -0.0858612060546875 -0.0110015869140625
-0.0695953369140625 -0.145904541015625 -0.0537223815917969 -0.0455513000488281
0.0355682373046875 -0.160263061523438 -0.0367202758789062 -0.0461692810058594
0.145065307617188 -0.0836029052734375 0.00328445434570314 -0.0362968444824219
0.143722534179687 0.0115966796875 -0.0221366882324219 -0.0193729400634766
0.132682800292969 0.089599609375 -0.0510902404785156 -0.0621376037597656
0.145843505859375 0.14501953125 -0.0229072570800781 -0.0599212646484375
0.168807983398438 0.069549560546875 -0.0203704833984375 -0.0349826812744141
0.187515258789062 -0.085235595703125 -0.0116996765136719 -0.0312576293945313
0.0850982666015625 -0.160873413085938 -0.0193004608154297 -0.0266151428222656
-0.0471343994140625 -0.182769775390625 -0.0159320831298828 -0.0347270965576172
-0.148025512695313 -0.098785400390625 -0.0324230194091797 -0.00960731506347657
-0.18353271484375 -0.014495849609375 -0.0336284637451172 0.01190185546875
-0.204010009765625 -0.0265960693359375 -0.0194053649902344 0.00761604309082031
-0.20538330078125 -0.00775146484374995 -0.0329608917236328 0.0157260894775391
-0.168060302734375 -0.0774383544921875 -0.0268898010253906 0.0124225616455078
-0.107269287109375 -0.160507202148438 -0.0191230773925781 -0.00966453552246095
0.0143890380859375 -0.194305419921875 -0.0273780822753906 -0.00638580322265626
0.168075561523438 -0.122970581054688 -0.00413513183593749 -0.0136604309082031
0.185836791992187 0.001129150390625 -0.0153360366821289 -0.01025390625
0.170059204101563 0.111648559570313 -0.0279750823974609 -0.0236721038818359
0.128265380859375 0.151382446289063 0.0178394317626953 -0.0142440795898437
0.148101806640625 0.0851898193359375 0.00651931762695313 -0.0167026519775391
0.187896728515625 -0.0574798583984375 -0.0117158889770508 -0.00988483428955078
0.103836059570313 -0.145233154296875 -0.0130519866943359 0.0136451721191406
-0.023529052734375 -0.185638427734375 0.0169858932495117 0.0127363204956055
-0.139686584472656 -0.114410400390625 0.0314884185791016 0.021026611328125
-0.180801391601563 -0.0267333984375 0.0406112670898437 0.010894775390625
-0.203338623046875 -0.0276031494140625 0.0490951538085937 -0.00106430053710938
-0.208206176757812 1.5258789062482E-05 0.0364189147949219 0.00722885131835938
-0.175125122070313 -0.063873291015625 0.038848876953125 0.0211982727050781
-0.125747680664062 -0.1500244140625 0.0260658264160156 0.0121173858642578
-0.0060882568359375 -0.1959228515625 0.00130844116210937 0.0215263366699219
0.164581298828125 -0.141769409179687 0.00954151153564454 0.00686931610107421
0.200149536132813 -0.0098419189453125 0.0101089477539063 -7.24792480468756E-05
0.18414306640625 0.115509033203125 0.00995063781738282 0.0214366912841797
0.0945358276367188 0.131187438964844 0.045440673828125 0.0305099487304688
0.105514526367188 0.0815963745117188 0.0175361633300781 -0.000210762023925776
0.151199340820313 -0.0242462158203125 -0.0271835327148437 0.00943756103515625
0.0963592529296875 -0.103157043457031 -0.022003173828125 0.0538597106933594
-0.00161743164062501 -0.149917602539063 0.032073974609375 0.06494140625
-0.108978271484375 -0.103981018066406 0.0834274291992187 0.057952880859375
-0.14923095703125 -0.0313720703125 0.10894775390625 0.013885498046875
-0.17169189453125 -0.0248870849609375 0.110618591308594 -0.009552001953125
-0.179641723632813 0.00308227539062501 0.0987319946289062 -0.00611114501953125
-0.154098510742188 -0.0482025146484375 0.0971221923828125 0.0200271606445312
-0.117729187011719 -0.124443054199219 0.0679359436035156 0.0221366882324219
-0.0138702392578125 -0.167892456054688 0.0344886779785156 0.0349597930908203
0.141921997070313 -0.1302490234375 0.0338211059570313 0.0182285308837891
0.181137084960938 -0.011962890625 0.046630859375 0.00953292846679688
0.165985107421875 0.104751586914062 0.0536994934082031 0.0663261413574219
0.0550613403320313 0.0909652709960938 0.0618247985839844 0.0638504028320313
0.0597801208496094 0.0597915649414062 0.0189323425292969 0.00801658630371094
0.0936279296875 -0.00389862060546875 -0.0461997985839844 0.0215415954589844
0.0637283325195313 -0.0554351806640625 -0.03564453125 0.0821304321289062
0.00539398193359375 -0.0898284912109375 0.0352935791015625 0.105842590332031
-0.0679206848144531 -0.0694694519042969 0.117744445800781 0.0873031616210937
-0.094268798828125 -0.0250473022460938 0.160018920898437 0.0164337158203125
-0.114990234375 -0.018096923828125 0.155868530273437 -0.016448974609375
-0.125892639160156 0.00190734863281249 0.1463623046875 -0.019256591796875
-0.109725952148438 -0.0334701538085937 0.140335083007813 0.0159225463867187
-0.0862197875976562 -0.0888290405273438 0.098175048828125 0.02777099609375
-0.0121612548828125 -0.119499206542969 0.0620880126953125 0.0397377014160156
0.1033935546875 -0.0947189331054688 0.0558395385742188 0.024505615234375
0.132591247558594 -0.00612640380859375 0.0805435180664063 0.0194931030273438
0.117965698242187 0.0801010131835937 0.092315673828125 0.106338500976563
-0.0523338317871094 -0.0341110229492187 -0.137748718261719 -0.118453979492187
-0.0620231628417969 0.00716018676757814 -0.121078491210938 -0.0342636108398438
-0.036529541015625 0.0563087463378906 -0.060821533203125 -0.02301025390625
0.0123062133789062 0.0570144653320312 -0.0722198486328125 -0.0470504760742188
0.0448951721191406 0.0388374328613281 -0.11126708984375 -0.0445175170898437
0.0558891296386719 0.0108184814453125 -0.161529541015625 -0.0158233642578125
0.0435562133789062 0.00263214111328125 -0.1810302734375 0.032470703125
0.0401382446289063 0.00603485107421875 -0.178863525390625 0.0262908935546875
0.0352020263671875 0.00916290283203125 -0.18157958984375 -0.0112152099609375
0.0149707794189453 0.0198822021484375 -0.142578125 -0.08831787109375
-0.00258827209472656 0.0248394012451172 -0.0560150146484375 -0.123123168945312
-0.0227680206298828 0.0135269165039063 0.0239639282226562 -0.101875305175781
-0.0332202911376953 -0.0164947509765625 0.0620841979980469 -0.0370216369628906
-0.0148468017578125 -0.0385551452636719 0.00277328491210937 -0.00851297378540039
-0.00955963134765625 -0.0549964904785156 -0.0485610961914062 -0.093170166015625
0.0274791717529297 0.0142555236816406 -0.136924743652344 -0.126907348632813
0.0207424163818359 0.00670814514160156 -0.118911743164063 -0.042755126953125
0.0191841125488281 -0.00493431091308594 -0.0596542358398437 -0.0338287353515625
0.0131216049194336 -0.0114240646362305 -0.0735244750976563 -0.0559463500976562
-0.00278759002685547 -0.0169801712036133 -0.112174987792969 -0.0572891235351563
-0.0132942199707031 -0.00613975524902344 -0.163558959960938 -0.01934814453125
-0.0314064025878906 0.00909996032714844 -0.181106567382813 0.0340118408203125
-0.0419502258300781 -0.00313949584960937 -0.173141479492187 0.0270233154296875
-0.0423545837402344 -0.00529479980468751 -0.180435180664063 -0.00271606445312498
-0.0332183837890625 -0.0293292999267578 -0.145965576171875 -0.0744476318359375
-0.00896072387695313 -0.0443000793457031 -0.0656661987304688 -0.115638732910156
0.0169448852539063 -0.0428810119628906 0.0053863525390625 -0.102218627929687
0.0347652435302734 -0.0214271545410156 0.05413818359375 -0.0467147827148438
0.0342178344726563 -0.00852775573730469 -0.00163078308105469 -0.0159225463867188
0.0354423522949219 0.000888824462890625 -0.0564498901367188 -0.0980224609375
0.0951919555664063 0.0656967163085938 -0.11260986328125 -0.120758056640625
0.0981597900390625 0.0177230834960938 -0.0959014892578125 -0.047943115234375
0.0844345092773438 -0.05914306640625 -0.0461196899414063 -0.0437049865722656
0.0261611938476563 -0.0814895629882812 -0.0614242553710937 -0.0615005493164063
-0.041046142578125 -0.0806503295898438 -0.094482421875 -0.0672225952148438
-0.0796432495117188 -0.032928466796875 -0.142227172851563 -0.02435302734375
-0.102767944335938 0.0093841552734375 -0.153839111328125 0.0291290283203125
-0.118698120117188 -0.0115585327148438 -0.140541076660156 0.0240707397460937
-0.116035461425781 -0.0133056640625 -0.15228271484375 0.00975036621093748
-0.086395263671875 -0.0647048950195313 -0.128768920898438 -0.042999267578125
-0.0329742431640625 -0.105598449707031 -0.0699539184570313 -0.0858306884765625
0.0378875732421875 -0.105255126953125 -0.0228195190429687 -0.0833663940429688
0.0979461669921875 -0.0461807250976563 0.02862548828125 -0.049468994140625
0.0896377563476563 0.0091094970703125 -0.0134105682373047 -0.0217685699462891
0.0853042602539063 0.0508346557617188 -0.0595321655273438 -0.0882492065429687
0.139015197753906 0.112167358398438 -0.0709915161132813 -0.0979843139648437
0.153488159179688 0.040008544921875 -0.0593147277832031 -0.0465164184570313
0.147232055664063 -0.0909576416015625 -0.0264167785644531 -0.044586181640625
0.0522994995117188 -0.139129638671875 -0.0400390625 -0.0536460876464844
-0.058624267578125 -0.143661499023438 -0.0593833923339844 -0.0630111694335938
-0.129127502441406 -0.0660934448242188 -0.096160888671875 -0.0233917236328125
-0.157913208007813 0.00163269042968753 -0.102668762207031 0.0208587646484375
-0.176681518554688 -0.0190277099609375 -0.0865325927734375 0.0172882080078125
-0.174560546875 -0.01116943359375 -0.0997695922851563 0.0174942016601562
-0.136573791503906 -0.079498291015625 -0.0869979858398438 -0.00970458984375002
-0.072601318359375 -0.146774291992188 -0.0552787780761719 -0.0451736450195313
0.033599853515625 -0.162857055664063 -0.0373306274414063 -0.0458602905273438
0.145095825195313 -0.087127685546875 0.00300598144531251 -0.0367851257324219
0.145492553710938 0.0097198486328125 -0.0225391387939453 -0.0191879272460938
0.135406494140625 0.0886917114257813 -0.0525360107421875 -0.0620803833007813
0.150421142578125 0.143768310546875 -0.0234413146972656 -0.0606002807617187
0.171737670898438 0.0670623779296875 -0.0205230712890625 -0.034891128540039
0.187911987304688 -0.0897369384765625 -0.011749267578125 -0.0315265655517578
0.0841064453125 -0.164108276367188 -0.0196113586425781 -0.0265293121337891
-0.0505218505859375 -0.184600830078125 -0.0167732238769531 -0.0357780456542969
-0.15130615234375 -0.098175048828125 -0.0328025817871094 -0.00928878784179688
-0.1866455078125 -0.0122222900390625 -0.0338993072509766 0.0130100250244141
-0.20733642578125 -0.023284912109375 -0.0193881988525391 0.00784683227539063
-0.208343505859375 -0.00453186035156246 -0.0330486297607422 0.0169181823730469
-0.171218872070313 -0.07574462890625 -0.0263710021972656 0.0128498077392578
-0.110855102539063 -0.160537719726562 -0.0199394226074219 -0.00923156738281251
0.0113983154296875 -0.1971435546875 -0.0280647277832031 -0.00547027587890626
0.16827392578125 -0.12725830078125 -0.00456237792968749 -0.0136613845825195
0.187820434570313 -0.001495361328125 -0.0158224105834961 -0.0102977752685547
0.173629760742188 0.110366821289063 -0.0288047790527344 -0.0235691070556641
0.132431030273438 0.150299072265625 0.0180110931396484 -0.0148582458496094
0.1507568359375 0.083648681640625 0.00685787200927735 -0.0167484283447266
0.18914794921875 -0.0614166259765625 -0.0119867324829101 -0.00959968566894532
0.103225708007813 -0.148483276367188 -0.0124502182006836 0.0142126083374023
-0.027252197265625 -0.18817138671875 0.0171823501586914 0.0123167037963867
-0.143310546875 -0.113677978515625 0.0323448181152344 0.0207424163818359
-0.183303833007813 -0.024658203125 0.0412101745605469 0.0103225708007812
-0.206268310546875 -0.0245513916015625 0.0499610900878906 -0.00200653076171875
-0.210739135742188 0.00321960449218752 0.0372734069824219 0.00725555419921875
-0.178115844726563 -0.0615997314453125 0.0395240783691406 0.0214958190917969
-0.129867553710938 -0.149566650390625 0.0256137847900391 0.0119400024414062
-0.00886535644531249 -0.198562622070313 0.00140380859375 0.0225296020507812
0.164413452148438 -0.146316528320313 0.00896835327148439 0.0065631866455078
0.202178955078125 -0.0133209228515625 0.00945472717285157 -0.000454902648925782
0.18817138671875 0.114013671875 0.0100898742675781 0.0214500427246094
0.0977401733398437 0.131324768066406 0.0466041564941406 0.0297317504882813
0.107620239257812 0.08062744140625 0.0181484222412109 -0.000730514526367182
0.152435302734375 -0.0272064208984375 -0.0268402099609375 0.0102939605712891
0.0962982177734375 -0.106224060058594 -0.02117919921875 0.0546646118164062
-0.004180908203125 -0.152023315429688 0.0332527160644531 0.0653076171875
-0.112106323242188 -0.103294372558594 0.0849533081054688 0.057403564453125
-0.151214599609375 -0.029693603515625 0.110366821289063 0.0127182006835937
-0.17449951171875 -0.022369384765625 0.111740112304687 -0.01153564453125
-0.181869506835938 0.00602722167968748 0.099700927734375 -0.00786590576171875
-0.156143188476563 -0.0463714599609375 0.0990753173828125 0.0189743041992187
-0.120956420898437 -0.123954772949219 0.0684394836425781 0.02203369140625
-0.0172576904296875 -0.169708251953125 0.035186767578125 0.0352973937988281
0.141647338867188 -0.134292602539063 0.0337944030761719 0.0171947479248047
0.183242797851563 -0.015045166015625 0.046478271484375 0.00831222534179687
0.16998291015625 0.103759765625 0.055267333984375 0.0663070678710938
0.0572967529296875 0.0909652709960938 0.0631370544433594 0.0632286071777344
0.0613517761230469 0.0590782165527344 0.0192127227783203 0.00768661499023438
0.0947494506835938 -0.00563812255859375 -0.0462188720703125 0.02239990234375
0.0640487670898438 -0.0568962097167969 -0.03509521484375 0.0837554931640625
0.00384521484375 -0.0912933349609375 0.0374221801757812 0.106338500976563
-0.070281982421875 -0.0690498352050781 0.120864868164063 0.0868301391601563
-0.0959396362304688 -0.0237808227539063 0.162246704101563 0.01458740234375
-0.116676330566406 -0.0163803100585938 0.157196044921875 -0.0194549560546875
-0.126655578613281 0.00362396240234377 0.148666381835938 -0.0212249755859375
-0.111663818359375 -0.0320968627929687 0.142135620117188 0.0142059326171875
-0.088531494140625 -0.0883636474609375 0.0996170043945312 0.02703857421875
-0.0138931274414063 -0.120849609375 0.0634727478027344 0.039794921875
0.10296630859375 -0.0970306396484375 0.0561447143554688 0.0236854553222656
0.134658813476563 -0.00876617431640625 0.0813827514648438 0.01849365234375
0.120803833007813 0.0794525146484375 0.09478759765625 0.106193542480469
0.0160300658578152 0.0711256883098757 0.0358191243044186 -0.187190935045458
0.0570755573880286 0.0480723857142519 -0.0176733079821871 -0.140863898918583
0.0751350109059148 -0.000778040352639103 -0.0177839335897808 -0.084188256233568
0.0480497032238056 -0.0462525609369156 -0.00736172365523105 -0.0924770801429416
0.00858924954877029 -0.0579272685229556 -0.0254104419432113 -0.122979103086564
-0.00969611580797277 -0.0457180054321051 -0.0598742664394311 -0.146292999207848
-0.00880391777707457 -0.0425631465391999 -0.0968826765150741 -0.159087263931605
-0.00859513162358921 -0.0366667607743226 -0.109763778659974 -0.159776835364906
-0.000538150236408375 -0.0311167092885046 -0.064986277435688 -0.173115957226587
0.015588075528201 -0.021507959226189 0.00779128555204936 -0.164142617507268
0.022348575263011 -0.00791521247728247 0.086821193308968 -0.113490763999262
0.024033332357343 0.0175786792542342 0.107550128562031 -0.0300143422234546
0.00754106209443676 0.0354484078691983 0.067524611320392 0.030805987903936
-0.0208300570007819 0.0337129675884553 0.012122445368832 0.0025899501085787
-0.0353393754583048 0.0378028230878701 0.045318888874599 -0.085698914576671
0.0147646823706053 -0.0170428058756137 0.0314008000530111 -0.185742338508048
0.00471571271838 -0.0189758674856325 -0.0196438768659807 -0.12987108441636
-0.00903527465770352 -0.0116123007114499 0.000388534569110378 -0.0688178555405504
-0.0117867236894729 -0.000309970885721498 0.0168223541964088 -0.088843644011351
0.00131156823398068 0.0182253812368056 -0.00427633150028368 -0.135752386628076
0.0191940101909977 0.0192700456173599 -0.0503715396920723 -0.158092230761085
0.0349642563580635 0.0219475934221859 -0.08898417931048 -0.165647490133664
0.0356216549327685 0.0298669088337264 -0.103341349469466 -0.160559462181757
0.0307760885930586 0.0444278899631344 -0.0647406646023858 -0.173519146913966
0.00693865824309947 0.0466838477805635 0.0040241564192864 -0.159171853436698
-0.0251746920374186 0.0423044249978736 0.0832280362813268 -0.112118942951938
-0.0477843159214928 0.0161187567961077 0.099912467641777 -0.0362485924294518
-0.0437895676391425 -0.0064495427504725 0.0670542255643039 0.0246653741200531
-0.0260613263742191 -0.0199339343391882 0.0105449295166491 -0.00609334800373755
-0.0130925849120154 -0.0238754661677857 0.0400062731337168 -0.100067643365475
0.0190370992142243 -0.0991094167091318 0.0263615301301493 -0.156980658544182
-0.0365161647740339 -0.0894006768721993 -0.016064298216405 -0.100217274005152
-0.0927882745012399 -0.0346759277544584 0.021546536307516 -0.0396731397140963
-0.0831761442689646 0.0378668551274159 0.0444447087820736 -0.0680632346249146
-0.0204940448477974 0.0942062644811242 0.0256356132239548 -0.128402556530343
0.0372281972524983 0.0868678632590152 -0.0287628767825498 -0.148113796719895
0.0699365543006377 0.0863243936874066 -0.0660532005055207 -0.148720385573854
0.0746585355854001 0.0922418778370029 -0.0809315301372496 -0.136212266953182
0.0639858979730751 0.111562348283161 -0.0575675948287075 -0.146902733135448
0.0108523036756379 0.109790129925997 -0.00587448535177339 -0.13039243802573
-0.0544869511871386 0.0992709288110033 0.0610024330260909 -0.0981461833682955
-0.113097242361552 0.0348699462110461 0.072189777658633 -0.0433755290304862
-0.103022236038264 -0.0315154262641635 0.0532291450012031 0.00786943732874413
-0.0438863372052356 -0.0721574485968258 0.00314215098864847 -0.0183715530608748
0.00218222952126522 -0.0870158335638545 0.0249909382448467 -0.101733224069537
0.0301461064542999 -0.159754191655171 0.0192748771243606 -0.107831495790852
-0.0557247032943879 -0.148565947756424 -0.0112245654188773 -0.0587924889013048
-0.157549790190844 -0.0686433383021059 0.0320280728879019 -0.0036977464298395
-0.153911735093337 0.0543895849998788 0.0595915162446767 -0.030713349105469
-0.0580950171183165 0.151882462895094 0.0507553100600652 -0.0933890799891801
0.0366772438975937 0.145168386742668 -0.00155351377103967 -0.110617600055843
0.0873634489643988 0.140260368659405 -0.0329343031498117 -0.106570538080052
0.101812270349894 0.140071380346286 -0.0465440921819321 -0.091387346419347
0.0946821077038785 0.160230721073172 -0.0394312324247009 -0.0996663094950875
0.0270223741501028 0.158515520599231 -0.0084764121813396 -0.0818225141938497
-0.0596181653450226 0.153964881494423 0.0371549587503023 -0.0644735815277095
-0.159847839995511 0.0713586124032573 0.0368759309115166 -0.0324358066994843
-0.162037815769894 -0.0351149882643785 0.0284879208574318 -0.000323239543329865
-0.0752144013197075 -0.115375014387922 -0.00847549419272528 -0.0234509441681427
0.00724793095603964 -0.144959282748308 0.00401402472149837 -0.0852133657108211
0.0444467504103265 -0.189122379992068 0.00806461766680311 -0.0477288558464718
-0.0486773420379468 -0.180293372074823 -0.00984466984107146 -0.0182962177086521
-0.182123334194439 -0.104529242157347 0.0224024376338656 0.0257327568621066
-0.199359952492226 0.0421040608023831 0.0471828867125784 0.0122216023126015
-0.0987704543825902 0.173211332985266 0.0545624337921477 -0.0364526648075711
0.0193495309892587 0.17871110090197 0.0183971275996263 -0.0487841107882091
0.0853801646460309 0.173438845986113 0.00215671379473419 -0.0442625566598383
0.113442063732344 0.167137781625355 -0.00516414331666815 -0.0329013835048695
0.115423364646339 0.183890907398037 -0.0102082012847322 -0.0407718906282012
0.0476724037098631 0.182726180088745 0.0028458311501923 -0.02291426914026
-0.046145626766311 0.18997152492317 0.0259656999143473 -0.0166750189238103
-0.177234948002022 0.108089405871558 0.0102868734675648 -0.00247581579869248
-0.204918201908321 -0.0234057766041178 0.00642137207305344 0.00978984526736686
-0.108536197837939 -0.141553954514021 -0.0172027824188848 -0.0103261106437924
0.00453421601674372 -0.187320052021714 -0.0159424357852366 -0.0473922774244805
0.0538369166136735 -0.182473097231235 -0.00765951230099318 0.0101620849508059
-0.0249803215196393 -0.174984620768265 -0.0139572035598072 0.0102269809901244
-0.15919219727226 -0.124188190163444 -0.00505991236634926 0.0343866539197141
-0.200534793036296 0.0109599863650408 0.00648928843092319 0.0417877604877915
-0.121953889624624 0.153803170211822 0.0274787558812102 0.0250366882593734
-0.00365554765198294 0.178107492295196 0.0210188465580779 0.0251968032434188
0.0681519744608884 0.177097286450406 0.0300660549948432 0.0284525628070065
0.10690982118464 0.168260958840108 0.0360892402745553 0.0305434552803097
0.118193066805081 0.18107302276624 0.0264205361144453 0.0206202459129796
0.059706009402132 0.179838883709971 0.0256121786858738 0.0358584717216038
-0.02818783419669 0.195404699492591 0.0282378061814417 0.033958724951837
-0.167313871108028 0.125400727123342 0.000617920466343541 0.036124824363765
-0.215601273633625 -0.00958141008130843 -0.00116793145794988 0.0329719495036804
-0.126618870143433 -0.14639988447735 -0.0149664676923841 0.018662887465558
-0.000839585922284683 -0.201849261878955 -0.0296130757325242 0.00863430283851026
0.0517244660456636 -0.149204269861974 -0.0255269002685995 0.0565883019803146
-0.0016909400471566 -0.138581789340645 -0.0176663312533628 0.0223140067863816
-0.108694392469984 -0.114957841973329 -0.035101484758227 0.0174952438509514
-0.15794000424784 -0.0154126251165903 -0.0451558727469102 0.0459336013171129
-0.114235502221963 0.105899147980552 -0.0195246234743419 0.0709419036938797
-0.0196957342562688 0.143042296078575 0.00683824741294415 0.092936635647675
0.0435961784021701 0.15054071306897 0.0476390290960111 0.0996020644189838
0.0845944750100756 0.144233528774423 0.0721933287504068 0.0896742829764139
0.100517863476117 0.153853588093116 0.0620344780951504 0.0765051576359387
0.0547654211677294 0.154356330762942 0.0505031699912425 0.0857958949075492
-0.0162663943769606 0.171188330427266 0.0357371701552554 0.0764238641341792
-0.139644124597119 0.114498613927233 0.00288254221382489 0.0694141054569111
-0.193049794501358 -0.00348879310281679 0.00345186198024012 0.0565525651028623
-0.119577837585149 -0.131988988769031 -0.00316836603397919 0.0541238600350294
-0.00300989365273293 -0.184420022442501 -0.0367921786296164 0.0708003026095041
0.0373659165348979 -0.0990349417379238 -0.0369565621770263 0.0876531908277959
0.00926729733830558 -0.0876508089982116 -0.0153536372330361 0.023393262097534
-0.0550708161804251 -0.0797897996758662 -0.0545581340898826 -0.0105853283046645
-0.0913490273159586 -0.0237084064549118 -0.0862709572101953 0.0324924963576994
-0.0756613423947701 0.0525258973647657 -0.0650758743287101 0.0958928762428482
-0.0219627458513447 0.0854629582627092 -0.0125066481401936 0.141035155456074
0.0174392392307755 0.0976928509887002 0.0552640828022222 0.153745107503433
0.0501869050928402 0.0986672246879491 0.097953492844285 0.135492864841072
0.0643177904992294 0.106993735138393 0.0888441325441425 0.120350447087513
0.0358911675995662 0.110295917739202 0.0678099333055635 0.123323941574464
-0.0120433292688211 0.123213926848207 0.038977318613915 0.107388481132571
-0.100279765922867 0.0817629185767922 0.0064244649929048 0.0919062989547249
-0.142456299155212 -0.00465994038280648 0.0102841453908738 0.0729096024759126
-0.0876895232995219 -0.0989149596570452 0.00938891121032957 0.0861062720328921
-0.000590450628968853 -0.136315538390044 -0.0397078398679605 0.126597817717885
0.0173515242162675 0.0721562443460172 0.0326830484048159 -0.189602912945086
0.0579164871997704 0.0470537070466078 -0.0211173485649848 -0.141401079982298
0.0757626787150849 -0.0020459698189903 -0.0198460998679508 -0.0834922065978467
0.0477660421434955 -0.0477266572664191 -0.00887570183261584 -0.0925200270962191
0.00762972836059838 -0.0586956666280605 -0.0273092571535914 -0.123240444167188
-0.0104851240586874 -0.0458892212026135 -0.0627796353458549 -0.147280341603566
-0.00958281193570796 -0.0427830572970025 -0.100938877593922 -0.159200661609705
-0.00958536689708074 -0.0370815236557744 -0.114460318867296 -0.159135450555808
-0.00110761429666983 -0.0311564790469994 -0.069259370649287 -0.173767558084919
0.0155794239895392 -0.0222311807485638 0.00476891288197211 -0.16605065112829
0.0220809324822654 -0.00855062044461746 0.0856558979609949 -0.116195527684223
0.0244149708739917 0.0165332989257364 0.107387914174045 -0.0320602049672494
0.00815914709338135 0.0355400135845685 0.0686645767895681 0.0300492017194108
-0.0205500175563881 0.0344860973530443 0.0130094088531573 0.0018839656413806
-0.0354768650850517 0.0393858164542547 0.0440547488753413 -0.0870620856014225
0.014399248157679 -0.0170669817568551 0.0281746783485284 -0.187780982529785
0.00445495740010143 -0.0193982867375663 -0.0229296313522121 -0.130061151691753
-0.00947049457577341 -0.0111857782034066 -0.000525829174674622 -0.0690358918124111
-0.0123610110299697 0.000333579749662264 0.016116710024 -0.0893312521010936
0.00182530337333522 0.0183542123238415 -0.00625628251790031 -0.13758290760003
0.0198342093120102 0.0190090500691628 -0.0532817794601448 -0.159324696684973
0.0352472473915937 0.0216297290381026 -0.0930399958214946 -0.166350408916906
0.0365797292812335 0.0295630678320698 -0.107046055123523 -0.160352825569309
0.0319536460618428 0.0445422087989165 -0.0688740682521189 -0.174157187142342
0.00731653437890459 0.0466607207202721 0.000534155467248518 -0.160841602066324
-0.0246797033520712 0.0425799142231293 0.081494638708048 -0.115091889590023
-0.0477759031422167 0.0168111949120834 0.0995088261013469 -0.0382905716636981
-0.0434937000825371 -0.00569249730896728 0.0679897186134162 0.0237277980326259
-0.0266947159638338 -0.0197395563256206 0.0104544265912625 -0.00583610634114542
-0.0137982138066041 -0.0233165620405668 0.0386061004735533 -0.101701641269161
0.0173692299962108 -0.0999891892544583 0.0236549301910759 -0.158789223539454
-0.0384958267351794 -0.0892728258908283 -0.017995069028081 -0.10000069998194
-0.0947839386051617 -0.0331379762726127 0.021092677287398 -0.0399713551031805
-0.0838888877172712 0.03955418967957 0.0441148072191238 -0.0694536078521949
-0.0189016768361032 0.0951797105747123 0.0237285857059045 -0.129808576124584
0.0384996495507818 0.0871285314941527 -0.0314703245675252 -0.149485779650348
0.0718623796265222 0.0856936667164633 -0.0693528323423799 -0.149458878520116
0.0771887635352978 0.0918153877150434 -0.0850000653884809 -0.136286273774021
0.0663248533282032 0.111459580067126 -0.0609314473799781 -0.147771056018216
0.0120694056365773 0.110705199723514 -0.00878926548618442 -0.131692092924761
-0.0535320201762391 0.101102666728422 0.059596798458274 -0.100333452998909
-0.113972632314063 0.0365713785808538 0.0720811766867257 -0.0447973980676213
-0.104418313087195 -0.0299901025327926 0.0538785303646196 0.00675134239229291
-0.0458702418889836 -0.0719190171366104 0.00309267551573721 -0.0183666386513145
0.000365187483087487 -0.0875579279582249 0.0236042806996162 -0.103404857330159
0.0269623336680897 -0.161827646142702 0.0178734034744523 -0.108836520990612
-0.0590703644353669 -0.148936190569492 -0.0121803934333088 -0.0585869121689069
-0.160291335193456 -0.0666960542855904 0.0322805788074658 -0.00379824384319153
-0.1543653928523 0.0572598350939177 0.0598135358189491 -0.0318506776479571
-0.055603899664612 0.154666079327966 0.0500945906232137 -0.0958964474579608
0.0390137899041709 0.145890993410891 -0.00340990271612931 -0.111805596850615
0.0898895947064876 0.139934071250967 -0.0351577025360963 -0.107029055625186
0.105301346917441 0.139937334658149 -0.0488040199247558 -0.0916896719848946
0.0987241079113494 0.160126687528859 -0.0420301190048337 -0.0999253359349265
0.0302724934006781 0.159324483453805 -0.00993364284559439 -0.0825304311110306
-0.0576013526875697 0.156628472932503 0.0364881888559206 -0.0663635833853383
-0.159861531109548 0.0748873109870227 0.036396083814545 -0.0334237363349015
-0.164563651468977 -0.0327505170580481 0.0286713321512708 -0.00123036630714951
-0.0780168228367107 -0.114835941459869 -0.00876548854070772 -0.0228282676505939
0.00450875167882589 -0.146623666256062 0.00250090323550348 -0.0863452659946439
0.0403690201000545 -0.191430390262354 0.00757792152459856 -0.0477495471458943
-0.0522823971467146 -0.180873966441119 -0.0104552790489898 -0.0175765056776264
-0.185833394238933 -0.102099074910304 0.0228400405457809 0.0267191476772176
-0.200969003515118 0.0462956006034952 0.0479274089508743 0.0120070358817546
-0.0968089914328933 0.177028847187446 0.0544445252416987 -0.0381634524865694
0.022452068475797 0.180569279766411 0.0179716291981412 -0.049679742856603
0.0888328748180267 0.173747135414406 0.00192961990315637 -0.0446300387964379
0.117499849693594 0.167311829660092 -0.0058852547258882 -0.0331519719127892
0.119558769899035 0.183882630966957 -0.0112775411747656 -0.0404392529692042
0.0513781191924578 0.183924136532096 0.00235207156337708 -0.0226891496071125
-0.0436264577495983 0.192904234702718 0.0257498739155796 -0.0172571303402931
-0.177171593667088 0.112204340359639 0.0097980778264549 -0.00237424381801285
-0.207020333669548 -0.0201547509611138 0.00693150700576075 0.00907501933410257
-0.112430341107207 -0.140968321634554 -0.0178017787908539 -0.0102476295578135
0.00094639213152503 -0.189061484810619 -0.0173273510845757 -0.0472396130406528
0.0503583123548491 -0.185320156348325 -0.00726296313238803 0.0105471345295338
-0.0284207053212229 -0.176131054686516 -0.013833325890436 0.0112550243647106
-0.163155581602339 -0.12216291326831 -0.00474379459173752 0.0351670577504587
-0.20262370148107 0.0146020514889601 0.0073192957854941 0.0421751551408522
-0.120745948032774 0.157730517778934 0.0287080809427819 0.0246842907224105
-0.000864674707496071 0.180251419519297 0.0220325202710939 0.0252893892459166
0.0721148322885745 0.177714139466496 0.0309675361889377 0.0286029026166301
0.111519716014255 0.168030272170467 0.0373008889327055 0.0300524447941861
0.12290632178359 0.180751795338395 0.0267228653689659 0.0209815775996179
0.0632549424623864 0.180824535160805 0.0264676337979099 0.036337179526395
-0.0248964233962187 0.198449208919499 0.0286836081829268 0.0331444709067242
-0.167119058343182 0.129818773918811 0.00144510635318413 0.0366640234523977
-0.218066245745967 -0.00585515876824169 -0.000765960717996508 0.0326267082029131
-0.130989783004399 -0.145935385636658 -0.0149704456150657 0.0185183203972777
-0.0049007954423563 -0.203924761072181 -0.029814249332492 0.009623562631476
0.0489867666866826 -0.150872849950509 -0.0243793449743686 0.0572349282071373
-0.00401141226334952 -0.139691260205559 -0.0170704508554487 0.0224829770624727
-0.111516085750698 -0.114308419592489 -0.0352440127010322 0.0187468451439246
-0.160236334635946 -0.0132866329739704 -0.0442747728475945 0.0472123895564651
-0.113395060575508 0.109811987088901 -0.0179682501200862 0.0718190137194243
-0.0175420037424164 0.145115043080474 0.00872977897435523 0.0938031792773901
0.0463980783221703 0.151045623249981 0.0498502350256114 0.0996240503233168
0.0884167927294046 0.14469743900689 0.0747597853584358 0.0889596243981116
0.104425284130557 0.153480875994924 0.0640125571417343 0.0762258164457685
0.0581835660373147 0.15513844326021 0.0524281027455065 0.0864618961717926
-0.0134395925226336 0.172861409687094 0.036337217058112 0.0763119887210048
-0.138970813888889 0.117751394373636 0.00384080338988372 0.0701810397901696
-0.194952580965908 -0.000664656080290536 0.0041616112430345 0.0562000458961643
-0.122928659930701 -0.131628717548939 -0.00253519680183606 0.0541180187376586
-0.00633820961560536 -0.186353802212219 -0.0352855600969505 0.0718138422772855
0.0355672846905189 -0.100663411074908 -0.0353294040405226 0.088957970072552
0.00812535484973741 -0.088804934773547 -0.0152320784471116 0.0232595904477113
-0.0575367494499388 -0.079724053834941 -0.0555473967995111 -0.00962686620766113
-0.0931576104738567 -0.0222689180317569 -0.0866790040865474 0.0342469621272223
-0.0755427846156353 0.054575095919137 -0.0643166126946094 0.0977581598586832
-0.0203230898407668 0.087150259605295 -0.00995719784442103 0.143039692944168
0.0192006458364841 0.0979744764753794 0.0585086994061213 0.154636089837255
0.0524059918373136 0.0991241155912054 0.101002275683925 0.135415497717704
0.0668765841838085 0.10704504695038 0.0927923054599595 0.120709128138861
0.0385048734945135 0.1106278945787 0.0705042692440367 0.123888513399149
-0.0105049224950733 0.124480872103866 0.040258921756697 0.107923538482679
-0.100159242103381 0.0847481868990722 0.00806563027190689 0.0923782074984784
-0.143773533469997 -0.00239683118995932 0.011492898445456 0.0727469539425205
-0.0904528086352061 -0.098467387951264 0.0107060969593182 0.0862875822164045
-0.00300542087467361 -0.138420709882567 -0.0377369736381506 0.129273777030089
0.0188491924700073 0.0727363983823808 0.0294215597789572 -0.191682756603275
0.0596827202022849 0.0465615039016819 -0.0239677500182463 -0.141218320528142
0.0761200014791995 -0.00333027187958898 -0.0211078132584044 -0.0832937624895202
0.0474121880362888 -0.0490442803530098 -0.0102354379718982 -0.0931068884992021
0.00608970545159054 -0.0589344797543178 -0.0294093912045535 -0.12389387607585
-0.0115937563704728 -0.0460656155528187 -0.0657873073044841 -0.147920943214408
-0.0108377010297254 -0.0431567235576403 -0.104882274491852 -0.159136078298401
-0.00998558983661047 -0.0374787297906566 -0.118414609506641 -0.1590171796413
-0.0016417575171152 -0.0317831248499899 -0.0725535682887173 -0.174227836003115
0.0155318319669655 -0.022951221298328 0.0018662812815522 -0.167687389164824
0.0224162373596746 -0.00927937940488955 0.0843524725106998 -0.118540764040268
0.0253873401366009 0.0167381912470142 0.108177304377332 -0.034464459444082
0.00948212411392143 0.0356244900504427 0.0697307498412214 0.029334237828237
-0.0198827792612727 0.0350425884999421 0.0130334256196667 0.00222749011315409
-0.035108896620726 0.0401902766990058 0.0429087265446639 -0.0887632676555812
0.0136465035012177 -0.017625074253808 0.024658762663243 -0.189675836488514
0.00425410833701365 -0.0194362919271355 -0.0258140977087014 -0.130010138763399
-0.00982432879852745 -0.0114157590956661 -0.0019973489085532 -0.0685906600665159
-0.0126340365630176 0.000688048510626285 0.0152931151878964 -0.090396529785054
0.00181390365621618 0.0187181959583669 -0.00820485089287015 -0.138131678433677
0.0201195470549213 0.0192003679898241 -0.0563192268511353 -0.160081421691227
0.0364746535893703 0.0212637354968841 -0.0969020647922054 -0.166637257526917
0.0381022252901377 0.0291641041513345 -0.111521829057438 -0.159953332948168
0.0331105336321441 0.0446800226658716 -0.0732307195097863 -0.174701391219497
0.00840415733285524 0.04711003005091 -0.00250835842345599 -0.161938469856062
-0.0240040605640729 0.0436301542067359 0.0801426071621331 -0.11722384587945
-0.0475171003698075 0.0181396191411932 0.0998826782555293 -0.0403033410607877
-0.0441657608022971 -0.00465058829252881 0.0691153214040446 0.0225368400930681
-0.0271339984713477 -0.0197252668328694 0.0109836309252423 -0.00598357759236268
-0.014790882869632 -0.0234141861725085 0.0373911737432181 -0.10331489313765
0.0150782325843614 -0.101202540714548 0.0208077344652718 -0.160068641173051
-0.0409391253391675 -0.0895753681065476 -0.0201572921157003 -0.0997704748139092
-0.0964949264856627 -0.0312910939529503 0.0205908724729189 -0.0401786922264063
-0.083850708247598 0.0416182898190981 0.0436921364008007 -0.069610158881725
-0.0172678880254004 0.0963940649402536 0.0223944994832539 -0.132193714910343
0.040251296887915 0.0876644337284401 -0.0341035807707315 -0.150650093275918
0.0737173736325724 0.0856810750928504 -0.0728475045189851 -0.149305801276997
0.0799981653489237 0.0912677892883641 -0.0883041543350564 -0.136204399075672
0.0694306420978683 0.111432494428179 -0.0649316860516167 -0.147929129690962
0.014500226417244 0.111306711547607 -0.0110950736386302 -0.132552153126035
-0.0521734083400769 0.102665221313874 0.0578025171970292 -0.102417464301079
-0.114205016956515 0.0392063664940019 0.0713713520466792 -0.0462884469527443
-0.106048190567267 -0.0282539020164655 0.0546342237143329 0.00597304344254801
-0.047748318989532 -0.0718743037326579 0.00327375988719339 -0.0185663736047125
-0.00110189904679995 -0.088303808871703 0.0217928773065219 -0.104597535238128
0.0234357404107723 -0.163964427090788 0.0161724928077901 -0.109553133849426
-0.0628490731134534 -0.148615727996327 -0.0132180950226446 -0.0582047592593502
-0.164043791996841 -0.0640511020220104 0.0321811020062074 -0.00322296043896094
-0.155595049710611 0.0607114554499064 0.0600634600967665 -0.0326388107328337
-0.0528089938923318 0.157039773455412 0.048601737929732 -0.0980315448847388
0.041740890641757 0.146512871490105 -0.00511697743625174 -0.113357099700745
0.0936832965178647 0.140017532183214 -0.0373740675716763 -0.108015963180292
0.109507978643131 0.13930441822545 -0.0509834602391069 -0.0918105052111826
0.102323873494637 0.15979975434022 -0.0447138325766533 -0.0994428985512415
0.032942345409713 0.160131766497823 -0.0122031630108317 -0.0831411798492514
-0.0556655125229272 0.158675003375314 0.0350834697023008 -0.0675254645030558
-0.160247441043648 0.0787773521942456 0.0357319749620663 -0.0344734483224364
-0.166845519674637 -0.029721361960458 0.0293390371749528 -0.00230579466697657
-0.0812002165138616 -0.114162691118945 -0.00907236151550333 -0.0230210031586861
0.00128381433582024 -0.148128591194945 0.000967594928137203 -0.0869993338756241
0.0367018909463618 -0.193871631085753 0.00699208007753698 -0.0479634990311479
-0.0565739015860761 -0.181553822447446 -0.0110034227688958 -0.0173329948673163
-0.189590013364512 -0.0994967069507963 0.0236038936732225 0.0270849498419707
-0.202160125377691 0.0497602805675632 0.0487225899570446 0.0113205996659121
-0.0937727299687094 0.181053694627665 0.0547065892761532 -0.0395926918608641
0.0260412841157942 0.182093567534202 0.0174422766335341 -0.0503250695653125
0.0926364690362973 0.17381036169417 0.000659959223615626 -0.0451952275732986
0.122137178131705 0.166339210873961 -0.00673955409407854 -0.0336712448060883
0.12446395447118 0.18376015257122 -0.0122023351942423 -0.0405306707037535
0.0550745612071515 0.1846883584192 0.0018368582564305 -0.0227916255312568
-0.0404598056056339 0.195873206939621 0.0249229530180974 -0.0182975969513232
-0.176756224986758 0.116554984642185 0.00973525202125919 -0.00265144445448312
-0.209471540960508 -0.0158732553425315 0.00676116483456557 0.00892420673317061
-0.115939150150411 -0.139889015988121 -0.0178008584889588 -0.0104398221587836
-0.00244604917177005 -0.190839966935546 -0.0178728435895412 -0.0472123806109883
0.0470065336380836 -0.18746156225807 -0.00688130071342957 0.0109228259007847
-0.0315460074200164 -0.176512357494509 -0.0138856189208316 0.0113946237539537
-0.167240450299781 -0.12041945771476 -0.00435365237194275 0.0360384581650167
-0.204352563678757 0.0186726751442992 0.00831834416706567 0.0424224941900836
-0.118537746644573 0.161091787552973 0.0293765090222058 0.0240437537962848
0.00243045254087631 0.181983409266403 0.0228440413607328 0.024921881063623
0.0756799513797622 0.178327737051191 0.0320233872870478 0.0283736575754619
0.115997925167058 0.167861685825961 0.0377967741745861 0.0297646818110165
0.127616660472366 0.180578749741973 0.0271334056670711 0.0211387462929664
0.0668481912132101 0.181790152063357 0.0270250187257504 0.036327364230301
-0.02139991027303 0.200448384855313 0.0283582849871347 0.0331284318756229
-0.166648405411464 0.13444172975476 0.00160806462243576 0.0370432646820649
-0.220648995450656 -0.0013542734814706 -0.000138757355408522 0.0323811289853889
-0.134607062649535 -0.144500686986666 -0.0144667815656548 0.0183611546287197
-0.00855603928094924 -0.206031413385436 -0.0299952440189973 0.010272210571643
0.0462440457920982 -0.153214828468084 -0.0230692477913479 0.0580924551964085
-0.00640046052182941 -0.140868367794811 -0.0169054847867549 0.0232966603322056
-0.115189250196848 -0.11263923438906 -0.0350968037446901 0.0194711038966732
-0.162102874812553 -0.0103842775000829 -0.0437012026534053 0.0485280732957223
-0.112242551678746 0.113091474825444 -0.0170298111572272 0.0724967816991222
-0.0149965774996449 0.147013991460071 0.0101278286804898 0.0941584409420714
0.049463029137499 0.152046705621842 0.0524265499447628 0.100190695259614
0.0922391192463178 0.14451995022734 0.0772371452835584 0.0888395672705321
0.108874878391005 0.153214129259489 0.065722931550156 0.0760493538723681
0.061245060626586 0.155572361869784 0.0543454552930877 0.0866245599102572
-0.0103967499892376 0.174985759305186 0.0377936169086094 0.0763416783907453
-0.138341858579365 0.121906919246638 0.00508260130901588 0.0704474564101903
-0.197020961037663 0.00328632944831225 0.00535457012166549 0.0558097723279138
-0.126518497710305 -0.129885785654049 -0.00194041031097142 0.0538612978086487
-0.00935219884434118 -0.188435921679994 -0.0344227509071126 0.0732907723952861
0.0340498529956258 -0.101766037319818 -0.0339740357095981 0.0901157904871617
0.0064804618074996 -0.0895600540726795 -0.0147866214480937 0.0230158732739878
-0.0595794300430057 -0.0792931282291158 -0.0559387165723529 -0.00843300182579492
-0.0948290072150544 -0.0208807527391418 -0.0863634067173268 0.0366804627515647
-0.0757467660625288 0.0564212569316122 -0.0626360103524989 0.0997681140145398
-0.0185241566498521 0.0882969796678837 -0.00767089382950137 0.144225838109503
0.021451941546455 0.0994396647216826 0.0623042132526812 0.154829122686193
0.0552056258624735 0.0990282735532027 0.104935159430577 0.134644368346393
0.0695051198115963 0.106466621003957 0.0954184715504351 0.120919085204221
0.0405224781465615 0.111563346590543 0.0736450305143286 0.124258327560153
-0.00793689853117266 0.125935991389137 0.0415861181566293 0.107734723472439
-0.0997995723516314 0.0871369771017001 0.00961149240932121 0.0926410921668688
-0.145475336314699 0.000810386866780763 0.0126719710831436 0.0721385990561614
-0.0930559651689918 -0.0980885201258199 0.0122307787593345 0.0855997966628061
-0.0055943913978913 -0.139933897980147 -0.0355931731920832 0.130743958614701
0.0202614713094033 0.0724893819005696 0.0254297548953298 -0.193362546228394
0.0605426104456204 0.0461571467745645 -0.0271768698681537 -0.140943640022833
0.0770027816965796 -0.00470743859905906 -0.0230294092017085 -0.0833693984130798
0.0474009298156046 -0.0500277503179181 -0.0112001764486352 -0.0938712923091481
0.00480143022762064 -0.0595725169635176 -0.0313362741141887 -0.124204126263892
-0.012646619793478 -0.0463601459157212 -0.068661993735853 -0.148582102574733
-0.0113566782169936 -0.0431271414420852 -0.108441265346404 -0.159241001470631
-0.0109881746062164 -0.0372693227163375 -0.122590936102045 -0.158516834499998
-0.00213719689864723 -0.0317223268951193 -0.0772031707924483 -0.175111793087569
0.0154071641251836 -0.0232539016850847 -0.00180005514950452 -0.169004935421073
0.0223328166063555 -0.0098773364376902 0.0828843520336641 -0.121113694111391
0.0261259714419007 0.0158961269278361 0.107894822984275 -0.0369396843490928
0.0102503404173841 0.0357701499868059 0.0709388178094439 0.028347027288526
-0.0195566303267063 0.0358661970873641 0.0136210966285114 0.00257603366534076
-0.0343701096521205 0.0410652568257818 0.0413222581080253 -0.0898952602968875
0.0133947035380903 -0.0177900287531169 0.021208717283905 -0.190964242098552
0.00358796048682589 -0.0197664363913446 -0.0286912060827448 -0.13003521386757
-0.0102228510740744 -0.0106355767952588 -0.00242857930028411 -0.0686031424345325
-0.0124254816904645 0.000745290076698298 0.0140457945789059 -0.0909365353618738
0.00231796537942804 0.0187400181004759 -0.0104032931789235 -0.139544470476042
0.020238160836822 0.0188942859992089 -0.0590981758201058 -0.160548735038327
0.0367247921754894 0.0205399637783198 -0.10090396340237 -0.166492666074232
0.038594296040494 0.0285820250192464 -0.116175212361051 -0.159658855995488
0.03376629567191 0.0441443838624928 -0.0765998216216569 -0.17440126713388
0.00919301388754607 0.0471596808368115 -0.00529727356307888 -0.162990093029127
-0.0237812044466433 0.0438015635684515 0.07858076390903 -0.119881080989717
-0.0477344986345725 0.0189573125334153 0.0995141453957891 -0.0422136775487163
-0.0444741500946586 -0.00450166677416889 0.0697741780439196 0.0221260672828076
-0.0277579481988606 -0.0193790874463945 0.0113719285644569 -0.00586071477764381
-0.0154284009445311 -0.0234688356899513 0.0354653166695324 -0.104738750588596
0.0127019126826386 -0.101863214936308 0.0182282561403669 -0.161496444690019
-0.0432636147844048 -0.0887638696907491 -0.0220539754279754 -0.0994957727236671
-0.0979014395806853 -0.0290718677667539 0.020448866485269 -0.0397029840070355
-0.0841500310277821 0.0438233743326876 0.0433467063369766 -0.0713270035100467
-0.0157487307755929 0.097605077323187 0.0201324054313966 -0.133421106776412
0.0419667978919147 0.0876911101016862 -0.0367324678626055 -0.151431929649949
0.0755457407125466 0.084884273020514 -0.0765015872642816 -0.14967866155568
0.0825988903189663 0.0903982815459752 -0.0921112334067432 -0.135662484002379
0.0719180699881774 0.111440394424519 -0.0685643324916155 -0.14735223798856
0.0162523277006987 0.111989161225507 -0.0141423658584911 -0.133216500074067
-0.0503437429471424 0.10433723180953 0.0562205511579826 -0.104777328402874
-0.114389804472389 0.0420146295957908 0.0707871125005152 -0.0479769902150029
-0.107490302151582 -0.0258321858011882 0.0550817834447355 0.00492577738378485
-0.049073474458981 -0.0714059251892149 0.00301372222055282 -0.0183869125387928
-0.00339934476996221 -0.0889700778961611 0.0200370931751943 -0.105659542431874
0.0199617120615764 -0.165123481626036 0.0141811202036998 -0.110260694555255
-0.0663552495819202 -0.148668624782537 -0.0147258162160742 -0.0579487525304302
-0.166255581472601 -0.0605694850366536 0.032785713002471 -0.00358266764373929
-0.155729460787046 0.0639895285018716 0.0601641701656236 -0.0337487924214003
-0.0510658951045602 0.159549247028393 0.0479662238197881 -0.0999526045872266
0.0447505726045002 0.147806981054476 -0.00648915204542437 -0.114281829296533
0.0964453469216157 0.139406824771084 -0.0397574071261795 -0.107977243489034
0.113262891776551 0.138248134950308 -0.0536845661853755 -0.0916037632866997
0.106756032229365 0.159118146849495 -0.0475393547185519 -0.0997070293901983
0.0359864004920251 0.161011896089166 -0.0140467388550366 -0.0833310143512477
-0.0528401662106102 0.161013153673552 0.0336829386366698 -0.0691365829952158
-0.159891695629048 0.0822203593560636 0.0348044604835247 -0.0355153545136797
-0.168684168444579 -0.0263874943965812 0.0295204249993573 -0.00293212258662351
-0.083939538474877 -0.11351506747199 -0.00948118114799757 -0.0229339112544466
-0.0019062811023004 -0.148654148856998 -0.000493171356528743 -0.0871568149986591
0.0324546876218459 -0.195486941651326 0.00600080508935313 -0.0485579713482514
-0.0603576816874031 -0.180775110507549 -0.0112455592986636 -0.016920607826992
-0.193213490737232 -0.0960070338199481 0.023958197951732 0.0276991395960497
-0.203321224412397 0.0543157412681837 0.0497060490768472 0.0109856707424821
-0.0910842092724882 0.183783300269255 0.054636500501454 -0.0409455779174664
0.0291010804344876 0.183096750701357 0.0169528697579494 -0.0515422669347503
0.0968919394275763 0.173366629176434 -8.57035520339399E-05 -0.0457206341196869
0.126492970556027 0.165320686128043 -0.00758421540215303 -0.0337210664014334
0.128693227828632 0.182705374772104 -0.0132754578068038 -0.0399739454035582
0.058860287366435 0.18499350714921 0.00123799721988547 -0.0228158639537805
-0.0372094105570833 0.198207351311874 0.0244452105996188 -0.0191020533140247
-0.176029189414499 0.121760374374862 0.00920699093608885 -0.00282924875839276
-0.211211804479438 -0.0119477051489442 0.00708561629175995 0.00785223701160448
-0.119164084692756 -0.138854983556337 -0.017995048048516 -0.0107542087033082
-0.00703529299045242 -0.192328623492101 -0.0191534125036268 -0.04721772048875
0.0430361071465423 -0.189600495591087 -0.00637614159382415 0.0109501696811573
-0.0355218917869158 -0.176734589174538 -0.0135850560049486 0.0118735705789785
-0.17075369600548 -0.117280053009425 -0.0030724898565532 0.0367641884342043
-0.206730981642276 0.022404343285457 0.00929080665681739 0.0434449358593442
-0.116735248244928 0.16520719069805 0.0303788636603301 0.0233566733138367
0.00544240526929817 0.183655570851531 0.0237297374729295 0.0251757737375353
0.0795033177367065 0.178431291514581 0.0326237389415719 0.0280844584183508
0.120610707403473 0.16646033253264 0.0384952571313434 0.0291542526332982
0.132358810146339 0.179093474943549 0.0273312901963409 0.0208922469524975
0.0705483180632921 0.182035692897208 0.0275963586660824 0.0361292154021598
-0.0178975673490777 0.202565359200978 0.0290901837255837 0.0326274720542008
-0.165770089398786 0.138355124489985 0.00177248219708631 0.0371054736909654
-0.221912317863092 0.00285074238472788 0.000137001380605139 0.031638017808737
-0.13840091819525 -0.14279754962673 -0.0143265121226668 0.0184269690062519
-0.012907403090771 -0.207917565418626 -0.029863663559395 0.0107882942801512
0.0433617012495526 -0.154688575339739 -0.0221122667164413 0.0590740915740115
-0.00915847123975436 -0.14154129643864 -0.0167040891382196 0.023503663580101
-0.117920867598215 -0.111266214595648 -0.0349430409304199 0.0206389191266455
-0.163831703421611 -0.00760045996931016 -0.0429280104688522 0.0502445797070448
-0.11086409762401 0.116244575053866 -0.0153340795528057 0.0733514766692277
-0.0120803393331949 0.148290642482238 0.0122864504409385 0.0950287012879769
0.0527768392685286 0.152497710228602 0.0548231044558128 0.100098000707657
0.0957372485323573 0.144050370735184 0.0792845145302011 0.088408521902206
0.112467689457399 0.152541774388249 0.0677825095225682 0.0762860722338606
0.0644224574224433 0.156032459608414 0.0562281887177218 0.0864229322675978
-0.0071159276520313 0.176987020804969 0.0386286039514358 0.0763543375920543
-0.137856654042572 0.125427389409033 0.00592668999044558 0.0710085279713989
-0.198836447250796 0.0073545878169453 0.00623566721959421 0.0552716403804153
-0.130176769209887 -0.128686245718192 -0.000671786031223248 0.0536567480598569
-0.0130196227797084 -0.189893802810919 -0.0331972657275418 0.074713134188616
0.0322011417231376 -0.103138908149198 -0.0323135398242507 0.0907422184203654
0.00505461675709982 -0.0900642107481435 -0.0145599975008176 0.0233637598602672
-0.0616273134873553 -0.0785880132245593 -0.0563638722017982 -0.00741957834439503
-0.0960288393776338 -0.0193359606694472 -0.0862488587085922 0.0381133366101213
-0.0747759487284945 0.0583640057776691 -0.0615262114750192 0.101688868948342
-0.0170051184559685 0.089101707924809 -0.00477902291299937 0.145847701168649
0.0234241142646089 0.0992163134978398 0.0658527051509856 0.155520420432639
0.0574995369079399 0.0990364962484335 0.108537824591322 0.134061159591797
0.0722173376965422 0.106115506035966 0.0983363330251141 0.120677228456192
0.0427489407806064 0.111770087689332 0.0762297921637662 0.12425444159105
-0.00563006100476376 0.127423579929598 0.0437619577269754 0.107646666935599
-0.0992519780313496 0.0898282493844391 0.0111006990024033 0.0928604498032367
-0.146798200946414 0.00327972492345174 0.0135785659826616 0.0714603229541464
-0.095603248142706 -0.0967835643739093 0.0139799359172515 0.0856130815467658
-0.00788001385933048 -0.140970711261839 -0.032971274951296 0.132314876360553
0.0215973203824241 0.0728455736715916 0.0217395434292689 -0.194376714755926
0.0614552363407703 0.0451034483332933 -0.0307542342070358 -0.140336968291317
0.0772086290797704 -0.00616053360710671 -0.0241947574924339 -0.082570922682034
0.0460914254422918 -0.0509774973579811 -0.0129534097003637 -0.093506996590498
0.00402441304669258 -0.0601252741062289 -0.0336613266507635 -0.124502279662409
-0.0139258774342925 -0.0461047638414368 -0.0714069185418951 -0.148238380928134
-0.0124302703458323 -0.0433389219766927 -0.112501456010589 -0.158955259776543
-0.0119447482277186 -0.0373559534227082 -0.126184683523618 -0.156957637448476
-0.00316437629525079 -0.0319977467399902 -0.0812570364501924 -0.174105750313127
0.0142614175117734 -0.0242768761874379 -0.00514807121431405 -0.169824164050565
0.0222672752072127 -0.0108697199497908 0.0807193313285872 -0.123422977925882
0.0268457079494348 0.0155360117391916 0.107521965889408 -0.0393273557995763
0.0110300714914135 0.0356802439603588 0.0718969108289941 0.0272722597643112
-0.0184676166949578 0.036587050367148 0.0139893911093241 0.00263132457120719
-0.0341153397140926 0.0420012322176022 0.0399379703262593 -0.091346643915843
0.0128781844756827 -0.0178188831210994 0.0173013278624424 -0.192098928053087
0.0026243627893369 -0.0191850115563531 -0.0307592432987434 -0.128857839890226
-0.0103708773301354 -0.0106352092099438 -0.00415536381822906 -0.0687681235024476
-0.0128556868918326 0.00110330131366925 0.0121467191248072 -0.0917103287270088
0.00279242619363276 0.0193777429407541 -0.0124425623636524 -0.140065757696261
0.0206600082031876 0.0191707576749257 -0.0626245996259222 -0.16097659592202
0.0374592712838867 0.0202887652359836 -0.104697458736655 -0.16628897377979
0.0397974852313507 0.0280168779731272 -0.120251839044177 -0.158324040617412
0.0352630239440681 0.0438711482278097 -0.0807104574422505 -0.174604311477883
0.00997877219630347 0.0475166631116343 -0.00907179310753406 -0.16426523817972
-0.0227226038543194 0.0447777923013352 0.0764036324197037 -0.122504052708905
-0.0473066581832059 0.0197806630879073 0.0990975134179368 -0.0447175515441901
-0.0448614147819669 -0.00357113617067309 0.070860122360628 0.0208263879950088
-0.028464210318408 -0.0186896006781189 0.0115581487397596 -0.00552396662853991
-0.0163994798370823 -0.0228471528255448 0.0337249705224999 -0.105959934901241
0.0104894628582149 -0.102668138675045 0.0153562766445737 -0.162390428863428
-0.0451245633281017 -0.0888340290649362 -0.0244512516036002 -0.0989427884607845
-0.0994174278718929 -0.026945771023361 0.0200277263213138 -0.0398423171614958
-0.0839895439283329 0.0461977695733064 0.0426388320644942 -0.0724967562696704
-0.0140305338001197 0.0985754045776132 0.0180065599689224 -0.135002991119576
0.0435281764692579 0.087603804339355 -0.0395288614173297 -0.152110152793464
0.0774800676223747 0.0840507062554921 -0.0793405979101737 -0.149068267466255
0.0847482754201807 0.0893584323197413 -0.0954669963309969 -0.135290001873146
0.0749510331223845 0.110818888328952 -0.0720230686053499 -0.147128362260647
0.0183191401038054 0.112241178557049 -0.0171017784879809 -0.133668905904254
-0.0488806146094702 0.106205344295124 0.053868561665031 -0.106654710678363
-0.11424988571339 0.0441472384316694 0.0696308935825898 -0.0494107777789791
-0.108041566542637 -0.0241269443947151 0.0556877342622319 0.00403386260539325
-0.0511575452797053 -0.0706118181873251 0.00294988296078104 -0.0182674328881528
-0.00531633498783436 -0.0889981279843497 0.0178763466160718 -0.106652722214928
0.0164558645512827 -0.165932289017942 0.012382362647574 -0.110669509472387
-0.0700000714127063 -0.147435247365696 -0.0162053241764758 -0.0575747523688862
-0.168976866070872 -0.0571201147288533 0.0331764194433412 -0.00366661948169253
-0.156123497342533 0.0675932176223475 0.0605533566655877 -0.0347257108411
-0.0477807157532701 0.161281544211726 0.0467387779306069 -0.101787610303829
0.0484107147328718 0.14760839944794 -0.00884941916330008 -0.115187386821174
0.100042545843261 0.138636582304771 -0.0420777123687648 -0.108164379105502
0.116889522058979 0.137013352431065 -0.0560742668715735 -0.0914254295695194
0.110945896687536 0.158124679970749 -0.0498739236565419 -0.0995234452231093
0.0389068969618846 0.161237616277068 -0.015870612333886 -0.0834415255284667
-0.0500352570650826 0.163277718013763 0.0322613330002404 -0.0708840655180866
-0.159515145495553 0.086052352452055 0.0339383526154638 -0.0362777095911478
-0.169689830347249 -0.0231249036285706 0.0296310400645628 -0.00351421023375377
-0.0865285656381903 -0.113177156430505 -0.00987970350886194 -0.0230764754220889
-0.00455534745651121 -0.149473970541872 -0.0022849430915923 -0.0877140139854057
0.0286504655052331 -0.196528520134088 0.00590243197258365 -0.0490859713692739
-0.0646418760928845 -0.180746003451315 -0.0121721302653128 -0.0162857647083826
-0.196179152498189 -0.0915630352195187 0.0250660773135312 0.027438286761082
-0.204531427110065 0.0589307700688574 0.0505218787803355 0.0107590252368121
-0.0881446150859935 0.187033399037582 0.054404079138466 -0.0427310895596568
0.03272972231025 0.18394200369304 0.0165672247492765 -0.0518276214655915
0.100629906806203 0.172956720726372 -0.00113011561681409 -0.0461214720037642
0.131120238286858 0.163863917521432 -0.00864386506295161 -0.0337179237279605
0.133537660428912 0.181106328748234 -0.0147323184453963 -0.0398197831343145
0.0623042530385155 0.185032452919467 0.000385957959714186 -0.0228461493605374
-0.0334199558243963 0.200210345328999 0.0234287381425554 -0.0199203443179922
-0.174864747474069 0.125412815605018 0.00869768908788679 -0.00287588801229429
-0.212140256461379 -0.00768023605940941 0.00758930894122529 0.00747038218181342
-0.122360670527733 -0.136809691040337 -0.0180630847009195 -0.010445081226561
-0.0107401525041881 -0.192711383729345 -0.0196607798183984 -0.0470900014458366
0.0392075275133806 -0.191186045842128 -0.00593755793764821 0.0111810178226881
-0.0387904978733009 -0.176623823182385 -0.0135156472784458 0.0122286394352772
-0.174022028892031 -0.114042207303203 -0.00285851637761217 0.037799230558083
-0.207081934834903 0.0262347234656057 0.0106305378927324 0.0436390020572714
-0.113947447507605 0.168411191028258 0.0313379288992239 0.0230129459883289
0.00922104867028228 0.184949266944692 0.0245108632859342 0.0242961949732311
0.0832105651844117 0.178200127979627 0.0335311017384766 0.0279276812065299
0.124581432437395 0.166056759899325 0.0394523385177245 0.0285484513830947
0.136959436641353 0.177895755875493 0.028136650397108 0.0206140867562164
0.0743402387218847 0.181726316086035 0.0284966974109056 0.0363235969828452
-0.0138783232388874 0.204160695459778 0.0292676654940696 0.0319723341839571
-0.163926629187881 0.142899176450451 0.00232567488014494 0.0372840977023963
-0.223692847436899 0.00768432412498077 0.00086560495044164 0.0310367514444315
-0.142323487504895 -0.140881083467781 -0.0137654856385957 0.0181575335453569
-0.017499760031145 -0.208354096250597 -0.0295649671359356 0.0114733188104025
0.040448392542558 -0.156697099153028 -0.0208810129471541 0.0592041048768903
-0.0118223582321643 -0.141697614843482 -0.0164858233701716 0.0236462904013423
-0.120957437836936 -0.109305802642504 -0.034563090963046 0.0218304008032882
-0.165635739940785 -0.00464034011124751 -0.0421979777448556 0.0511681880719822
-0.109268302129053 0.118574669093342 -0.0142637082463334 0.0736853585395009
-0.00974142833679649 0.150033646323748 0.0145721892408642 0.0952940915995156
0.0559815589521841 0.152329139972952 0.0570687488549193 0.0993844060057799
0.0993530854843866 0.142973053083508 0.0815878727058544 0.087201834907942
0.115692313761074 0.151283072514259 0.0693762295979637 0.0758012747940901
0.0677759360497196 0.155648549088054 0.0579271606352781 0.0864372107772122
-0.00374858166475249 0.177613773751795 0.0395879790685276 0.0758047042350467
-0.136328993395191 0.128777766952107 0.00714303881035328 0.0708602201152313
-0.199632592981867 0.0112215528432713 0.00719610638912542 0.0546073551602112
-0.133151660216985 -0.127002057921843 0.000194665981890842 0.0534639289249153
-0.0171210831299798 -0.19092153045064 -0.0318310362755466 0.0759546435566414
0.0306662972013203 -0.104080202140875 -0.0308411680957425 0.0915837958586824
0.0037193588660394 -0.0907088444485309 -0.0144082389457905 0.0233139274044801
-0.0637378014351059 -0.0781330520412273 -0.0568076334537639 -0.0064985623679771
-0.0969693033171416 -0.0175633838079954 -0.0858583031064535 0.0398714049565319
-0.0742079735795992 0.0602536824599021 -0.0595729063706755 0.1035155436473
-0.0155084400205516 0.0901273714452085 -0.00200410011512112 0.146375164757906
0.0255718759305671 0.100182704865026 0.0695737252250831 0.154975202044045
0.0602070614873452 0.0988718131693152 0.112025484907924 0.133340571421564
0.0750526517443926 0.105413219743034 0.101456023978935 0.120015336909869
0.0447089457914954 0.111775018459611 0.0788144223804007 0.123995136843567
-0.0029197915326251 0.128089985440471 0.045256892957471 0.107563653986903
-0.0986720163100738 0.0921616089314034 0.0126123929018107 0.093157943122278
-0.147458647852992 0.00613142985274312 0.0153229427751657 0.0703429111361293
-0.0981708702205674 -0.095870194226685 0.015263496205097 0.0852734843585995
-0.0104766588716892 -0.14229936945419 -0.0305453730082938 0.134025385610014
0.0233415374613607 0.0727784420456119 0.0180098330951087 -0.195579675566792
0.0626389132902696 0.0440223026713467 -0.0335705649292434 -0.139450030250664
0.0773576015094956 -0.00758170655513543 -0.0259228891324942 -0.0819159228380075
0.0453822647894292 -0.0517102863073469 -0.0140027980374506 -0.0933731933585242
0.00290099156755979 -0.0602964884106636 -0.0351051739097026 -0.124379743276405
-0.0147855348115938 -0.0458635432045081 -0.0742878539926765 -0.148182811086749
-0.0133663821419415 -0.0434561312480927 -0.116426787408662 -0.15808179941236
-0.0128756724723948 -0.0374595258724064 -0.130300965587392 -0.155573955221389
-0.00352339864823403 -0.031941945007806 -0.0847271440306911 -0.173837687810825
0.0139734403374659 -0.0246935226138612 -0.00837266815076663 -0.170732333841519
0.0220062394990597 -0.0113758746435367 0.0785415275440683 -0.125349372772066
0.0275652146736424 0.0148535885869669 0.106971139662011 -0.0414044758075331
0.0123002139905323 0.0353664345204329 0.0723848439322977 0.0262948985040895
-0.0181555479972514 0.0371886723381527 0.0142196076840495 0.00265365398248177
-0.0336430827756194 0.0433093900786212 0.0384051908700187 -0.0924389758299527
0.0122775218861299 -0.0183864979980377 0.0137803594277657 -0.193042444838372
0.00215843098889687 -0.0194524824026942 -0.0334780388412065 -0.128476107336197
-0.0109588066332695 -0.0101159483628431 -0.00508304508367897 -0.0679046011714354
-0.0129489492641575 0.00139210689714546 0.0112500527741653 -0.0915685330083778
0.00283195486408797 0.0192284986763963 -0.015134337971757 -0.140453260443653
0.0212258538948231 0.0190762404059232 -0.0651124267369963 -0.161345184646995
0.0376174398150062 0.0198434199892958 -0.108394692245554 -0.164965343083134
0.0404515659141445 0.0273701964231766 -0.123346925134465 -0.157101941379664
0.0357374411535546 0.0435280156326086 -0.08473474900151 -0.174340058486014
0.0107528416189004 0.0474066615913453 -0.012527681801221 -0.164561557520321
-0.0222464702615018 0.045416353970853 0.0744942035261794 -0.124445213549797
-0.0475227692157953 0.0201360093772012 0.0980532545177975 -0.0462914125212388
-0.0448032145525616 -0.00250511062026308 0.0717180094964955 0.0197237214720684
-0.028654749178342 -0.0180860320275605 0.0119382465853435 -0.00576482094857232
-0.0170712554679707 -0.022344073681986 0.0316215117076908 -0.106491327136514
0.00833914732561785 -0.102551008029193 0.0126617513540217 -0.163190265753071
-0.0478023207156885 -0.0871674709579045 -0.0260616106940102 -0.0980151994769747
-0.100606215968074 -0.0245815220362167 0.019639135487958 -0.0399481613937109
-0.0836263810637484 0.0473026347587719 0.0413071812795393 -0.0731075746226667
-0.0124400911443072 0.0996799735135558 0.0158937930401272 -0.135809883783061
0.0454049221583423 0.0873252015017534 -0.0418543073335314 -0.152142620784212
0.0797134050003537 0.0830591484993258 -0.0828672515408209 -0.14880909061527
0.0874259040116583 0.0875778792283489 -0.0986778960241984 -0.133701050235382
0.0775100899611178 0.109830196759719 -0.0747078472232791 -0.14639653826915
0.0200134505326903 0.112582091434297 -0.0192608911436881 -0.133866086423266
-0.0473657517837837 0.107022090984986 0.0522808720966311 -0.107880967761798
-0.11356203045162 0.0463522634507254 0.0684655466088689 -0.051367592773238
-0.108879266452689 -0.0217028940395305 0.0561531752667059 0.00281985657101236
-0.0523938044054409 -0.0695578350024237 0.00301350948612622 -0.0184316199490595
-0.00730459975981559 -0.0893561513922991 0.0162349341252632 -0.106771004293102
0.0128384993673642 -0.166911177389995 0.0104135234918254 -0.11115453257246
-0.0733865921589487 -0.146242885678302 -0.0169860718470785 -0.0565533765091087
-0.170610211395094 -0.0532411905229307 0.0337578729274206 -0.00329505803086516
-0.155376092968184 0.0704321877583192 0.060306416347025 -0.0356420397354235
-0.0448334473846861 0.163102001204167 0.0450300519987355 -0.103349671225431
0.0505672740210849 0.147724044092819 -0.0103426647075554 -0.116065395978922
0.102806817473894 0.137433039814384 -0.0444917123622694 -0.10828712673559
0.120303342994371 0.135392837556275 -0.0588193620359564 -0.0904020530863643
0.113967524327377 0.157131495273415 -0.0522752274927472 -0.0984692259720412
0.0415719759848348 0.161336008551024 -0.0175579879614607 -0.082811270560856
-0.0479190519694036 0.164752572769333 0.0307225719198295 -0.0713862332531274
-0.158470775764229 0.0892287053688795 0.0337846952400055 -0.0366983244908892
-0.171212823967713 -0.0200822887003113 0.0295474097928507 -0.00438578401670586
-0.0890020094673156 -0.110810238314831 -0.0097699490004512 -0.0235594625021833
-0.00823110935837698 -0.149978069780628 -0.00379366006854082 -0.0876869506708716
0.0245249809227192 -0.197817033615438 0.00506846598960473 -0.0491186527682106
-0.0686120210833844 -0.179551050512883 -0.011852952698302 -0.015576549084829
-0.198822240774492 -0.0881999204466793 0.0260000193640697 0.0279040037409493
-0.204215058709936 0.0627210628803968 0.0509621660577396 0.0102242271185928
-0.084637954214365 0.190074111847242 0.054203781607087 -0.0443309122492792
0.03606092320931 0.184598545862365 0.0158738780651415 -0.0524342046199788
0.103959834998941 0.172549789831424 -0.00183482407984523 -0.0464091140264664
0.135273149637986 0.162467542333661 -0.00949888997569156 -0.0340045244695221
0.138207280855197 0.179542088399145 -0.0160325498432104 -0.0396079290161169
0.0656359047948352 0.185174785642269 -0.000117668038130323 -0.0228896333567703
-0.0297040043657774 0.201601687251134 0.0227733652992698 -0.0206156312034133
-0.173421688850425 0.130145226943636 0.00875807699527491 -0.00319397737881953
-0.213829086482711 -0.0035661090664271 0.00769028668603965 0.00713398438475702
-0.126115729648252 -0.13554682811041 -0.0181983354759092 -0.0107254667605943
-0.014353078070196 -0.193437748837169 -0.0208147960354123 -0.0466712868017919
0.0353383789062183 -0.192156087249563 -0.00563621171234524 0.0110835809992554
-0.0423738567758984 -0.176381240986561 -0.0134803854146098 0.0127917548165844
-0.177295354272889 -0.11095400587545 -0.00187469538249673 0.0382900409155616
-0.208475604194488 0.0304116350191339 0.011854194993599 0.044142884911269
-0.111491386870125 0.17124000077194 0.0320540175290994 0.0221196066580059
0.0124248212545963 0.185833188998069 0.0254910677642754 0.0237788696809766
0.0871497732163698 0.17777245185382 0.034363969319516 0.0273538001707518
0.128884750702402 0.164317100695629 0.0400464412096849 0.0280495525625094
0.140796630514246 0.175926536964148 0.0281142956179622 0.0210692043935778
0.0779756766567667 0.181503916960554 0.0290193847866052 0.0364418066378254
-0.00987884479506233 0.205558150231574 0.0295099435864471 0.0316203039875618
-0.162512208007843 0.146830023103316 0.00268966581262742 0.037183286293957
-0.224505480408072 0.0117816437278768 0.00139424941035163 0.0303557591232268
-0.145317961517459 -0.138906933952381 -0.0136972820189181 0.0178335992966779
-0.02125664711665 -0.209005695403789 -0.0293937108934743 0.0122370244570808
0.0372470081532928 -0.157382895846752 -0.0196345910194409 0.0595595082712105
-0.0143200936383921 -0.141843924910542 -0.0161917768298113 0.0239830749932616
-0.123491580414413 -0.107086198782368 -0.0340984828316664 0.0227592734855254
-0.166384567222997 -0.00154505070531895 -0.0414133477829873 0.0524847243060847
-0.107375395248905 0.121331267525714 -0.0124604197643976 0.0742639160779571
-0.00687702345125612 0.15072571411113 0.0162905204229386 0.0950066133205877
0.0594204633244787 0.152088287935694 0.0594298847803803 0.0987191455150822
0.102884728267507 0.141885618434777 0.0836441992285245 0.0864336222079165
0.119682310367296 0.149538694613331 0.0712177657676037 0.0750259076331765
0.0706429477741662 0.155235364158566 0.0596459746616263 0.0861406256153493
-0.000157611189236151 0.178735599895095 0.0405848132151181 0.075353473633812
-0.134844510769643 0.132308335069577 0.00787090800929335 0.0708092492619988
-0.200188775193737 0.0149917264389615 0.0080900081547346 0.0535455624964525
-0.136068056505858 -0.125083071765909 0.00114645335854152 0.052545634385121
-0.0208354474859922 -0.191610987633573 -0.0304154546379647 0.0767392437792677
0.029040217691362 -0.104953074031615 -0.0290126262384135 0.0920013837192639
0.00226736846564361 -0.0909599700695606 -0.0141813504336646 0.0234258237696696
-0.0655891479235593 -0.0771737817785731 -0.0567118042182996 -0.00513229591289804
-0.0982116472178325 -0.0154183900179874 -0.0848922866022727 0.0417794610894732
-0.0729629316947984 0.0625719840905748 -0.0575663724693353 0.10447488550284
-0.0136017903868142 0.0908401763164199 0.00123634554485313 0.147494361622736
0.0277877655150079 0.100305181445143 0.0726975278919291 0.154714438890655
0.0625245781920684 0.098023800380365 0.115023084823372 0.131307524836902
0.0771014794337043 0.104417922768827 0.10414682036417 0.11917082841944
0.0478344157144614 0.112088281748792 0.0816672766582856 0.123359095880437
-0.000875161943396635 0.128898247888123 0.0467941582009316 0.107730892184389
-0.0970890170595803 0.0946254736505955 0.0139536912495628 0.0929862281588375
-0.148329946669266 0.00928767842714763 0.0163434905921326 0.0697126512225398
-0.100281841053037 -0.0944899085490553 0.0168935040312684 0.0848799774908501
-0.0135925919280037 -0.142753055448581 -0.0279953986763885 0.135489740349492
0.024139956036605 0.072078815375552 0.014296724735436 -0.195551801955025
0.0632436758939848 0.0431961076377698 -0.036693692094821 -0.138182983113805
0.0773106637068433 -0.00883302751516128 -0.027206554264138 -0.0806233238329343
0.0445939463739804 -0.0526939459981787 -0.0151754799305735 -0.0928308989696273
0.00147534479312357 -0.0605931815973454 -0.0371107394760968 -0.124360878755005
-0.0157124620722768 -0.0459448664478959 -0.0767314744469735 -0.147725364788595
-0.0144425125626583 -0.0432939641795373 -0.119806919381947 -0.156402802174123
-0.0135696868558001 -0.0374282230951486 -0.134305086843577 -0.153541885953278
-0.004216005868058 -0.0317192982473519 -0.0882980403540682 -0.172708642985704
0.0137317416310445 -0.0252465468612516 -0.0119057348609544 -0.17122229605674
0.0215610038352941 -0.0119791388813002 0.076409291120912 -0.127505868428963
0.0282146789046516 0.0144995339302442 0.106274338768608 -0.0432552303001613
0.0130375005655568 0.0353118913551656 0.073232375657331 0.0251471627975783
-0.0173938239235064 0.0377248876277715 0.0148351691283767 0.00283887731541743
-0.0330194424214635 0.0440119281076003 0.0365718437826362 -0.0929772732263158
0.0115453293402511 -0.0185629386170114 0.0103814936776475 -0.192905254960967
0.00171829620594417 -0.0188266006016976 -0.0363076701553726 -0.127329677544906
-0.0111543380939024 -0.00952272425914161 -0.00613676426063202 -0.0676614125127852
-0.0132747874085371 0.00195154147053467 0.0102344689425083 -0.0920833234581169
0.00305030813036551 0.0194431870645268 -0.0163163924265574 -0.14052763192112
0.0214938318600456 0.0186029627480113 -0.0679634062541523 -0.161331517131507
0.0383360803134512 0.0190136710790892 -0.112293456391712 -0.164601097310103
0.0411189598868193 0.0269334371784621 -0.12770962871202 -0.155683904849469
0.0370904487281836 0.0428982008285432 -0.0893831581241048 -0.172949587695414
0.0116209013426218 0.0470601019588797 -0.0154666330573601 -0.165137378381347
-0.0218087149621371 0.0453082790820725 0.0717748523819113 -0.126443262600099
-0.0470139939588016 0.0212773065524415 0.097246654081412 -0.0486918274836478
-0.044891066863289 -0.00151783953152758 0.0721397669661346 0.0187997377062588
-0.0292055644564689 -0.0176100117297794 0.012027907292667 -0.00540486109629775
-0.0179112663835467 -0.0221828644077361 0.0299656279485691 -0.107597843448414
0.00594632407555925 -0.102920306827598 0.00920072697836734 -0.162738411207467
-0.0493031776655532 -0.0863078766498545 -0.0280829438059366 -0.0971140438881914
-0.100986909989583 -0.0229449736228049 0.0189736995893854 -0.0393300212525036
-0.0837421860462993 0.0494467774424995 0.0412405047732403 -0.0736684030761867
-0.0101911880716733 0.0998280151809346 0.0138410466466298 -0.136843012384343
0.0471505626049522 0.0865982758113316 -0.0443901059408618 -0.152217184717139
0.080804336986015 0.0820330173751149 -0.0859982641513397 -0.148082670736628
0.0893255527344081 0.0871422031406402 -0.102134660775541 -0.133270533016674
0.0799340383328446 0.108568052237389 -0.0788219339911704 -0.145602866557607
0.0221939499236849 0.112374622851542 -0.0222539568811105 -0.134018143096379
-0.0460640790254379 0.108212081156058 0.0500623985801666 -0.109296403469418
-0.11328780143792 0.0488067973969608 0.0676693902981773 -0.0523685085288907
-0.109516062703632 -0.0199727167318568 0.056338932025843 0.0023600147416863
-0.0533483729309204 -0.0690166932206707 0.00297223482216341 -0.0187255080785025
-0.0093953837376396 -0.0887635088364208 0.0141329958353372 -0.107377548164768
0.00903348673768837 -0.167103591725165 0.00862105076312468 -0.111289093760816
-0.0762132834393215 -0.145025061795108 -0.0182163850851199 -0.0556519479749452
-0.172168513990247 -0.0499056765024407 0.0341282119984912 -0.00310614862360277
-0.155396819696036 0.0739853453319023 0.0602505130912678 -0.0362759531151451
-0.0420661140576663 0.164127724265151 0.0433392618224174 -0.104371234413985
0.0532946100451379 0.147510667356446 -0.0124911520887472 -0.116081554166672
0.105297868353637 0.136319169275103 -0.0464905269778405 -0.107577956513594
0.123976550888444 0.133690575229551 -0.0608075471457832 -0.0899596987272859
0.117632627193653 0.155165168808736 -0.0544633809572262 -0.0975337983196663
0.0447976207734205 0.161255527442312 -0.0195242580054723 -0.0824423331864423
-0.0447224315672693 0.166054238079703 0.0287466351974555 -0.0730407650730087
-0.157554531000135 0.0931761768216285 0.0325762113710653 -0.0376545951631705
-0.171359771252597 -0.0162559874893038 0.0295390473578194 -0.0053681860556078
-0.0914034542564707 -0.109874636126477 -0.0101114645028595 -0.022911726900704
-0.011377309382592 -0.14997068348977 -0.00563129541440049 -0.0877377351141447
0.0202104654152884 -0.198543811292455 0.00444144302497255 -0.0493098009909809
-0.0718788014619288 -0.178269226234156 -0.0125206959356507 -0.0151701377512483
-0.201037284996605 -0.0841575849788422 0.0270125663601726 0.0281575197137832
-0.203742177418126 0.0667122138928815 0.051758143234429 0.0097966057554904
-0.0814762613163871 0.191799339676116 0.0535398118577271 -0.0455798322247672
0.0399349661269475 0.184375606932371 0.0153382975872025 -0.0534320795322436
0.107207919507578 0.170565594536099 -0.00294707307635616 -0.0463147831042741
0.138632555319762 0.16047353771697 -0.0105235594245322 -0.034211421833143
0.142182921115131 0.177680795771963 -0.0168416344103359 -0.0388143708466068
0.0690158065982587 0.184179958133189 -0.000497098183239664 -0.0223094302777394
-0.0263821531912672 0.2027711644587 0.0221863897958371 -0.0211876286750921
-0.172200660963347 0.133830482766876 0.00799880854797143 -0.00327075385395527
-0.214415922806988 0.000550680668315772 0.00740939058418544 0.0063426210773201
-0.128472194264814 -0.132773410259841 -0.0182411566203054 -0.0105897569034482
-0.0185494391261435 -0.193705951712766 -0.0218451306405916 -0.0461920988183348
0.0311437164015441 -0.192845359703528 -0.00511156184836528 0.0112722492885594
-0.0455534029893356 -0.175956781536757 -0.0134805831159597 0.0133103678173063
-0.179515889951908 -0.107642555161242 -0.00120150218452117 0.0386751927685667
-0.208253365806199 0.0341042655262114 0.0124925310883721 0.04401648662964
-0.108789180933211 0.174039833296379 0.0327288292494469 0.0212989563992019
0.0157008985585868 0.186297162910792 0.0264011593380214 0.0237972682483256
0.090365378793283 0.176896638709287 0.0348937610053163 0.0268197075744954
0.13255574971158 0.162972142053435 0.0406701660916058 0.0271373907461773
0.144827968751768 0.174329980221124 0.028454882373541 0.0211659679891258
0.0812137225261937 0.180818326713942 0.0296951516543992 0.0360735555786021
-0.0063437162763845 0.206559264906115 0.0291917608445763 0.0311974969649247
-0.160811359324108 0.150179321899784 0.00271223063927377 0.0374127628636897
-0.224846493618515 0.0158703663495194 0.00151935979712017 0.0298372015215932
-0.14812630698042 -0.136572897695769 -0.0134404809027022 0.0173113660340149
-0.0254017626463942 -0.208887217541667 -0.02914838836296 0.0127906439928456
0.0342574966996426 -0.158001531183416 -0.0183532518897714 0.0596785992943908
-0.0167351977810842 -0.14194270268298 -0.015999858177625 0.0243036887898133
-0.125877979117799 -0.104770168419324 -0.0338888403719754 0.0237525849131132
-0.167193809979924 0.00189381114751614 -0.0401354174791255 0.0534305556251787
-0.105582339439429 0.123991411598044 -0.0110321175926858 0.0746737029670433
-0.00422085341726838 0.151252803681248 0.0183862828034174 0.095375735006177
0.0620048792180685 0.151475163647394 0.0611483780376624 0.0984005882585185
0.106165161892872 0.140457223098821 0.085445577605137 0.0850465141326849
0.123228918704231 0.147821435011761 0.072572039063837 0.0752037941886956
0.0735902526741212 0.154534796499831 0.0614507922563197 0.0858562784611408
0.00264024279299789 0.179561444277048 0.0411188346595504 0.0750872309519614
-0.133196552164944 0.135103045523462 0.00898224107218951 0.0709403979567653
-0.200764423954089 0.0185435835477754 0.00824934616623421 0.0526234903584182
-0.138837198725404 -0.12319935747718 0.00173811701252049 0.0520498985600579
-0.0247940799866127 -0.192052857589478 -0.0288680134910914 0.0781002121773683
0.0267275190969142 -0.105219324159813 -0.0270278209463461 0.0921144222781792
0.000711115471303232 -0.0914376079974286 -0.0143011376881554 0.0233947663096201
-0.0670156610668381 -0.0758369063085924 -0.0569634354585736 -0.00430145457505246
-0.0986846258731832 -0.0140647594839985 -0.0845603965204784 0.0434020179631343
-0.0723930109190066 0.0635455897561429 -0.0558522891269415 0.1054078176453
-0.0116723371345365 0.0916648535649047 0.00359659583837161 0.147802173858168
0.0298609724454412 0.10025992814088 0.076237843405233 0.153936332698141
0.0648994390214136 0.0972696279117178 0.118549814086893 0.129720839044349
0.0792310169226913 0.103317393192886 0.107201056264131 0.118314192734271
0.049200592274622 0.111339257535289 0.0841569143970324 0.122765906448411
0.00184776205021786 0.129548266655316 0.047834132048052 0.106964303356252
-0.0959970100494689 0.0967889155859958 0.0154826907006733 0.0929425191056793
-0.148774912712456 0.0121944831683806 0.017011303779582 0.0684623038611068
-0.102057304336871 -0.0930436240404204 0.0181247344930994 0.0834577936117599
-0.0158556321332368 -0.143144779672076 -0.0257306344115004 0.136308044151737
0.0253229377457105 0.0722095852664668 0.011106672845855 -0.195871347076764
0.0636399886336244 0.0425900242179105 -0.0388936687758176 -0.136754910053902
0.0774063307784706 -0.0103227930070258 -0.0288111661176215 -0.0797875514645285
0.0440509807895179 -0.0539113539202853 -0.0166644654861683 -0.0927148172767181
0.000579294065705621 -0.0602571675398977 -0.0388027587983036 -0.123678241778188
-0.0163600059788524 -0.0454598231904439 -0.07923006147691 -0.147278322772906
-0.0147958675065543 -0.0430185672360326 -0.122784044322752 -0.155606343551046
-0.0144110653021172 -0.0374365351764332 -0.137221541118143 -0.152228211848674
-0.00436392777619491 -0.0319848946450256 -0.0921093046272829 -0.171859189776578
0.0134430399821276 -0.025555985319295 -0.015013369679128 -0.170940335033307
0.0215469271518854 -0.0129590594905842 0.0737718744007892 -0.128796815565145
0.0289759135452711 0.0136625231686089 0.105143722340136 -0.0454740154659716
0.0140570161694025 0.0351190629718153 0.0737185103768302 0.0238718650258091
-0.0167202886756237 0.0379386980767563 0.0153848173757248 0.00249789955857141
-0.032618013471934 0.0446717809925368 0.0350014370352082 -0.0937898546851422
0.0113543571735773 -0.0183057330596819 0.00693064664116905 -0.193801343032891
0.000744579314270948 -0.0189180031991087 -0.0387821978302464 -0.125955151432714
-0.0115116447496764 -0.00924498954892863 -0.00731892968865297 -0.0661285331091154
-0.0130277598668366 0.00225565931030489 0.0088753760973344 -0.0917206947937972
0.0034070369998888 0.0195121067743606 -0.0189684983221293 -0.140489476637739
0.0214791545593483 0.0183591343354671 -0.0704605534202885 -0.160272798909063
0.0384430901627444 0.0183054456530139 -0.115362541125434 -0.163501575609094
0.0417398307109872 0.0259688806189344 -0.13060390686017 -0.153735783685924
0.0383302025104705 0.0425280095855929 -0.0918195448987538 -0.171579131820936
0.0123172231232492 0.0469673488662786 -0.0182928862178652 -0.165089662439262
-0.0210797760114522 0.0457400777784491 0.0698916982762034 -0.127800251379166
-0.0465344622751645 0.0221390632087763 0.0964109609337663 -0.0500627976318044
-0.0443165286186742 -0.000575222696779691 0.0727935863933156 0.0169341317312376
-0.0294531868381311 -0.0169829770403544 0.0123636890364894 -0.00630060833720297
-0.0183478194113019 -0.0216589121311919 0.0279188008238831 -0.10778590003151
0.00368891779802086 -0.102848672762199 0.00695152862194165 -0.162991133595003
-0.0516682149471278 -0.0856281355219332 -0.0299572099547215 -0.0953160758238745
-0.101631579715404 -0.0207080808566916 0.0186415805066143 -0.0395898803403855
-0.0830534353572237 0.0508014507655105 0.0401875829975613 -0.0740130048551012
-0.00890094100879689 0.100282200903333 0.0120126993343024 -0.137637402168416
0.0482536134885211 0.0866729083459664 -0.0464674579679391 -0.152099895795017
0.0821855239196594 0.0808691998560682 -0.0884747985818035 -0.147020722042065
0.090790797211587 0.0852114224283008 -0.104984441393206 -0.130946333221159
0.0823324785302394 0.107750864718511 -0.0812709680575925 -0.144777437550347
0.0235417254745284 0.11219244844637 -0.0256254078439819 -0.133480889084305
-0.0441149151776479 0.109245755724652 0.0479742992618072 -0.110580556784064
-0.112264035838435 0.0511105399050337 0.0671733979990369 -0.0538558006126382
-0.109764372135107 -0.0183209862339801 0.0567568803922359 0.000643113643240096
-0.0549292608613163 -0.0678878688848037 0.00305360838960295 -0.0181502215303656
-0.0113256690994308 -0.0891283810282035 0.0122427046381072 -0.107552007003485
0.00550752174168724 -0.166692503347727 0.00696195210919194 -0.111387982788434
-0.0789896458583942 -0.143627381600834 -0.019035859858643 -0.0549231266832852
-0.173321463921809 -0.046704253897213 0.0343950284027117 -0.00351102849439158
-0.154630480736589 0.0767267773655861 0.0603066545163544 -0.0367577994304169
-0.0393713813776209 0.165608342356393 0.0426469624475139 -0.10575519141764
0.0554222818065069 0.147169584717945 -0.0135691804302436 -0.11608852984019
0.107947773940325 0.134799440738847 -0.0486826068496404 -0.10767884246513
0.126626934293454 0.131717123594494 -0.0626463013723783 -0.0888505974641246
0.121460983190063 0.1537577557257 -0.0563400004432902 -0.09676202558914
0.0469833302470771 0.160469923442216 -0.0212514796965377 -0.0826905350155938
-0.0421675464011323 0.167216921773078 0.0272389503025204 -0.0732879164203019
-0.156364097684423 0.0959753027484939 0.0315537068946365 -0.0382586362028858
-0.171601020687512 -0.0135493666623466 0.0300438659221251 -0.00624368320120397
-0.0933322354115361 -0.107950630005758 -0.0103605875934745 -0.0231204785348171
-0.0138023716187708 -0.149517133395997 -0.00680145392811291 -0.0876095768526567
0.0162043483444992 -0.19830672726157 0.00363455654543752 -0.0491720285940996
-0.0747799162366861 -0.1771425956164 -0.012986886875066 -0.0145549880271777
-0.203109944902789 -0.0798691286283715 0.027629297649481 0.0280547074602457
-0.203804536317769 0.0704589851384755 0.0522569359859942 0.00908344709167327
-0.0784680089268294 0.193992765225859 0.053289429253841 -0.0469270508262993
0.0427767431066217 0.184884680443584 0.0149062712522903 -0.0542166417916056
0.110138801319103 0.16930533536366 -0.00392031781486582 -0.0462018558284661
0.142267017052892 0.158509506632244 -0.0114589403230626 -0.0334593588440331
0.14545008064832 0.175515073652086 -0.0177169561736265 -0.0383420168861238
0.0720931280711244 0.183536778346001 -0.00123995926963359 -0.0221246770839878
-0.0227475708163337 0.203105889729367 0.0209835462607265 -0.0220321779545741
-0.169912755043197 0.13660951852398 0.0079634268021445 -0.00359719129964017
-0.214539229226611 0.00477828816497363 0.00777754340655252 0.00556390315429029
-0.131056816430144 -0.130675443755857 -0.0184183019023422 -0.0109688123962898
-0.0221966740730081 -0.193731915207922 -0.0220401198453109 -0.0457109606992888
0.0270608515080957 -0.193430480004191 -0.00477268046767764 0.0112896857428381
-0.0486624803654081 -0.174671702637625 -0.0131196274241624 0.0134655118287598
-0.181860319060652 -0.104348652297661 -0.000544395609773133 0.0391439138953274
-0.208829383996935 0.0382186765587874 0.0136754028908785 0.0442328310428992
-0.105435031019817 0.176505775368836 0.0334764928581839 0.0203553085945927
0.0185567329452104 0.186462187995415 0.0267793619586104 0.0228271079206334
0.0938586647236051 0.175793947475942 0.0354136968534703 0.0263749067533505
0.136126540395359 0.160290516502103 0.0410588679022598 0.0266509185114262
0.148795580984879 0.171903425489814 0.0282872693175686 0.0207531147222365
0.0843034949443386 0.180147616548015 0.0304478028606926 0.0361537870473841
-0.00284363191099906 0.207082823555563 0.0292292646984351 0.0307467749378674
-0.158023764172462 0.153420714632473 0.00304947596221622 0.0369581168970461
-0.22480482449528 0.0203188295021429 0.00181371099320432 0.0287440361769126
-0.15105758835077 -0.134123463369985 -0.0130632268628609 0.0170035685645266
-0.0295505250287843 -0.208882994931208 -0.0287064074191339 0.0135499413506214
0.031158328567809 -0.158218384306382 -0.0172431510449025 0.0599606649393725
-0.0191913605064875 -0.141610183354154 -0.015470534439981 0.0246545528282046
-0.12822243712694 -0.102807407328754 -0.0334618277914538 0.0247727033104347
-0.16746741052557 0.00473281386050026 -0.0389928715333816 0.0543696099362945
-0.1034412400119 0.126241969617726 -0.00930080573901537 0.0745305574586598
-0.00133073339999628 0.15168574412325 0.0200472371323798 0.0954377096093914
0.0650757807098426 0.151239907203672 0.0631171129695865 0.0974246191903986
0.109718194869478 0.139009547075698 0.0873306168268505 0.0837501272833146
0.125854642620465 0.145918422847287 0.0741192065123779 0.0738868487772913
0.0760048486110678 0.154156781143813 0.0629438260753193 0.0854643490346597
0.00658111093373187 0.180171825949501 0.0417407278000766 0.0742684675267714
-0.131333794830901 0.137934953941611 0.00989740644100965 0.0708090713230348
-0.201437488684282 0.0225255500414573 0.00911606610029721 0.0516660778605933
-0.141075420998612 -0.120754761485926 0.00245891428820566 0.0514676399090572
-0.0279502441128318 -0.191977046477111 -0.0272251713932714 0.0781917891175221
0.0251298508700123 -0.105827384915519 -0.0256955730510835 0.092436602660992
-0.000308891626490517 -0.091343156366378 -0.0135286742408939 0.0231006844013712
-0.068641886455299 -0.0742377953042974 -0.056674322241277 -0.00340282389242393
-0.099545388839958 -0.0120688271254904 -0.0835958741100959 0.044762300110591
-0.0710516713848698 0.0654134179276927 -0.0543099863852442 0.106383756520072
-0.0103052422225214 0.0917838551382273 0.00600330400178314 0.148043623101198
0.0315588857468783 0.0997829111671006 0.0796548277082726 0.153277093874744
0.0666377726015077 0.0966297100462754 0.121237109515492 0.128052307223711
0.0812691418494869 0.102078659200467 0.108981470752601 0.116762684989334
0.0513768734574251 0.110846411038274 0.0860570589227803 0.122231725625107
0.0037681405531672 0.129394404299798 0.0487375192999383 0.106321741949142
-0.095208699968036 0.0989540657283176 0.0165525620710462 0.092554071116284
-0.148704951674687 0.0147091053635283 0.0177806458405092 0.0674985043653884
-0.103750299430532 -0.0917128766940228 0.0192747294945775 0.0827549032300615
-0.0180804108439756 -0.143323513296151 -0.022507603227893 0.137127515421046
0.0264979687685818 0.0719434482475301 0.00764466054922567 -0.195698281145128
0.0641636591006068 0.0421670346081397 -0.0409612743373596 -0.135599609264018
0.0769673522399501 -0.0112116441571044 -0.029491874680959 -0.0782936380538027
0.0431046197830339 -0.0543600491970638 -0.0175486508308167 -0.091840742905918
-0.000402862016594121 -0.060537979611136 -0.0400179945077065 -0.122906508221681
-0.0170129996224385 -0.0454805156707459 -0.0813931203318835 -0.147012720226181
-0.0158555012043557 -0.0429510279439886 -0.125843498919761 -0.15464299609204
-0.0153093570893988 -0.0376834912482922 -0.140041899710488 -0.150244719074752
-0.00509005728653083 -0.0316478308384686 -0.0950219834059803 -0.170561617764111
0.01294236171454 -0.0255291544870915 -0.0178439627585231 -0.171168528422473
0.0215076222690457 -0.0133878958554556 0.0721900070354753 -0.130215695011716
0.0290729664074235 0.0132412180203689 0.104464411111714 -0.0468745401149655
0.0146208955479489 0.034900765104453 0.0745850049795015 0.0232329263900189
-0.0161710367222628 0.0383243110632114 0.0157835192428894 0.00224315643079887
-0.0320027996552611 0.0454352713959181 0.0333807375593824 -0.094124846830843
0.0104459815627965 -0.0188734772185378 0.00391559117009684 -0.192846047544074
0.000144306302778705 -0.0186662190090585 -0.0409450762579611 -0.124487495119784
-0.0115150655726422 -0.00896507056642789 -0.00809884991425739 -0.0657818586042167
-0.0134064274677106 0.00245111115578315 0.00810303628011447 -0.0917647542872659
0.00384996089474566 0.0193225238316968 -0.0207487747411602 -0.140734395713877
0.0214818063196353 0.0182899582674917 -0.072718247396008 -0.160044926446944
0.0383759005690328 0.018212786436167 -0.118142063859368 -0.162003407824425
0.0418681304473492 0.0253147968692135 -0.13371527174609 -0.151438989366892
0.0387344253623301 0.0418407997405926 -0.0950649998902121 -0.170627070847277
0.0127256547428554 0.046693911183614 -0.0215662320678565 -0.164672223146071
-0.0202561684765388 0.0459333284541931 0.0674566153078227 -0.129138764551825
-0.0460878498488179 0.0226768810378504 0.0954641700503223 -0.0516565772309727
-0.0442249745068117 -0.000213975234234677 0.0732654350189681 0.0162045135975787
-0.0298219212788532 -0.0164568916221383 0.0125400952325333 -0.00611617616576508
-0.0188589145166218 -0.0211851195511141 0.0263203631430858 -0.108302208444598
0.00116060962808375 -0.102472816127275 0.00448136427278035 -0.162854765366497
-0.0533320273297084 -0.0840477518043078 -0.0313135664965829 -0.0941308829572013
-0.102492770046356 -0.0184336193587129 0.0185782344863683 -0.0388187872689013
-0.0824636077161353 0.0520003705024071 0.0395071735149252 -0.0741895555056962
-0.00713027455648554 0.10054815919946 0.0105745585302549 -0.13820479018908
0.0496563454155551 0.0859104147651714 -0.0487754059340726 -0.152381620298271
0.0835542854332021 0.079762815937171 -0.0915519442478537 -0.146264763962016
0.0930102420380294 0.0841236622751244 -0.107150882830779 -0.129841752324429
0.0841131016171743 0.106119356253578 -0.0842364947140162 -0.143392985757813
0.0254108122558272 0.112285470018088 -0.0275644145515779 -0.133172980840178
-0.0423072626325981 0.109791046815795 0.0458098896956559 -0.111605612808426
-0.111515756042507 0.0525853986757909 0.065430628998942 -0.0545400839460755
-0.109248288474873 -0.0166191938422977 0.0569056013514892 1.76051516151556E-05
-0.0560087121127923 -0.066934293899135 0.00337706217332716 -0.018610024777164
-0.0129129439684006 -0.0886576856670868 0.0104270094252607 -0.107844379328434
0.00252296468529217 -0.166812358874882 0.00509288305757614 -0.111111529602653
-0.0814973774470652 -0.141650751943488 -0.0202280711725134 -0.0542600793800636
-0.174332024263718 -0.0430633430612847 0.0343466362742726 -0.00293465434958759
-0.153970172145743 0.0794520340188896 0.0598819812782636 -0.0373842911298489
-0.0367048906821309 0.166505151558114 0.0409257462650086 -0.106860291294871
0.0580405041874767 0.146939680167274 -0.0154416810813727 -0.116855704983765
0.109644612031392 0.133578700670113 -0.0502718247702381 -0.106725107520901
0.128922859295258 0.12985362585651 -0.0646161439987595 -0.0884733028782404
0.123592456418299 0.151577877163262 -0.0585443584390833 -0.0953908551611729
0.0498812648713721 0.159866191425868 -0.0227394074160788 -0.0824211662405677
-0.0391822515986815 0.167924884728803 0.0253872500360208 -0.0741831014913596
-0.15493585543364 0.0986474387379214 0.0307540137263758 -0.0386566529034205
-0.172027801757868 -0.0107697318431606 0.0301364155600532 -0.0068889209408062
-0.0950581686765996 -0.106840519752117 -0.0103916427111392 -0.0231502590689317
-0.0168459211368531 -0.149579923898049 -0.00848827420389553 -0.0873855552354849
0.0125561908098137 -0.198526306086852 0.00328640495693954 -0.04926000853427
-0.0779563317958895 -0.175891667162065 -0.0130589834770118 -0.0138244454879278
-0.204390801899987 -0.0762363681165613 0.0281413938929723 0.0281424499619556
-0.203098030042817 0.0741876327560045 0.0530388507503363 0.00867401060520557
-0.0751989187821661 0.195190391071316 0.052675445619508 -0.0480685981803239
0.0452448844867064 0.184613525155199 0.0140701789780379 -0.0542789564681839
0.112825432376855 0.168077840576174 -0.00469484642732871 -0.046361946955166
0.145255007894057 0.156401664292982 -0.0122120139521571 -0.0336844303199156
0.149060274430116 0.173451772691093 -0.0189122315094303 -0.037789225375882
0.0751109345918194 0.183139120639812 -0.00191775414217163 -0.0220396393880161
-0.0194355991463821 0.203560110653831 0.019472918621481 -0.0222951268399123
-0.16853940772386 0.140135084701046 0.00755171239055705 -0.00349370950493318
-0.214365158064636 0.00806844866811688 0.00804725970263389 0.00490872085044527
-0.133137741827983 -0.128747249376926 -0.0185763329161511 -0.0108414580106691
-0.025534224492825 -0.193200502788428 -0.022969830286161 -0.0454545430351007
0.0240116586477455 -0.193198631938464 -0.00453744550076494 0.010862015328341
-0.0513537297535119 -0.174006426322242 -0.0132494866797308 0.014000373583999
-0.183582453170746 -0.100960927106126 0.000492000266247712 0.0396304279198241
-0.20893397188825 0.0415232947155752 0.0147036659914577 0.044791992355911
-0.102382477458101 0.178304964085063 0.0339947800924314 0.0198857646977598
0.0221129177741363 0.186763742889946 0.0274668155275542 0.0221976320421914
0.0964516354635648 0.175313055109077 0.0360869006011771 0.0259162938381085
0.138899469043695 0.158764161829954 0.0415175214316508 0.0261436178280645
0.152431110752976 0.169984578362535 0.029048075309286 0.0207516457166669
0.087197712248652 0.179102628673785 0.0309841948698495 0.0361922226688949
0.000773216071518235 0.207431832342832 0.0291340486332405 0.0301828186022627
-0.156179381407491 0.156627542760789 0.00325105336716314 0.0370957455678449
-0.224704140630276 0.0241777049737588 0.00227370893346699 0.0279277869785611
-0.152901019469518 -0.131402701033788 -0.0130856578939865 0.0170770766412034
-0.0326946010922859 -0.208308695771923 -0.0284488459721338 0.0142250308805959
0.0284544028415719 -0.158121976485609 -0.0161870752306047 0.059651721053642
-0.0208615911271236 -0.141079971410997 -0.0154450711941306 0.0243564106198181
-0.129680962383476 -0.100562815408456 -0.0331403494564172 0.0253407581180512
-0.167754118231564 0.00729213880512914 -0.0381637855044405 0.0550029757294894
-0.101227626817567 0.128092007672455 -0.00824691758036095 0.0746081153589746
0.000631257503757124 0.152372566763646 0.0219706076659483 0.0950176774059889
0.0675325481229872 0.150720687226548 0.0652989101829483 0.0970325906318634
0.11229083570773 0.137848791111332 0.0888918564313829 0.0826136154178916
0.128272693087437 0.143961719147884 0.0752370332833003 0.0736332317643513
0.0784840453000771 0.153145361337721 0.0643961181549373 0.0852228763195438
0.00923098422697239 0.18015411606937 0.0422283981193857 0.0740129601665917
-0.129669000344233 0.140039819343232 0.0103331359464277 0.0702131841724957
-0.200745207364867 0.0262027526277073 0.00950535987576476 0.050263940381864
-0.143278119702749 -0.118609610293076 0.00340009882021886 0.0507773039308895
-0.0314521726566594 -0.191808354451649 -0.0256039936388475 0.0789120861623352
0.0231475924256985 -0.105460124509578 -0.0240264116318607 0.0925654298454635
-0.00172790761585748 -0.0909525891312928 -0.0134600784513092 0.0231061119601129
-0.0698200234407681 -0.0733071410722925 -0.057005886768015 -0.00246770288296545
-0.100416892460334 -0.0105677568825905 -0.0825944912761696 0.0465306379892684
-0.0703170172447136 0.0663122189645708 -0.0522682246957175 0.107521004424294
-0.00885435778146512 0.0921797804203112 0.00898707711371074 0.148104232432462
0.0332064141810823 0.099641608085055 0.0821814936268206 0.152359743753504
0.0686269325277349 0.0958845001629562 0.123150019208191 0.126100794300054
0.083418917436255 0.100927457894267 0.111269245744373 0.115817854261228
0.0532358696397552 0.110035469335891 0.0880028962131666 0.121188226143003
0.00624548941338795 0.130189293878185 0.0503347063808611 0.106301285927043
-0.0937857132117543 0.100434520206778 0.0171247478183104 0.0918324499965217
-0.14892513972197 0.0168451223416875 0.0182296011909668 0.0660753889313311
-0.105221991284112 -0.0902120479828972 0.0203378631472889 0.0819631490438203
-0.020318662352398 -0.143099566042073 -0.0202636560386994 0.137312435607291
0.0276284027448706 0.0714052742380605 0.00452423466645993 -0.195608249275345
0.0649645984450867 0.0412749786248814 -0.0432717813362894 -0.13424591152578
0.0768304822862069 -0.0122547649227603 -0.0308498871398196 -0.077652639550378
0.0428593228504005 -0.0550267667843806 -0.0182663388085011 -0.0913340181423466
-0.00146885991092014 -0.0603282975621499 -0.0410829471371627 -0.122879867517866
-0.0180219865871559 -0.0448560495161269 -0.0833613209196803 -0.146891992845023
-0.0163589657508608 -0.0428889851503028 -0.128017917587476 -0.153316084788789
-0.0158046290941865 -0.0373343962777636 -0.142892684497721 -0.14816728886174
-0.00562255257806486 -0.0317297710474665 -0.0977229029128513 -0.169846976115268
0.0122990220507834 -0.0257369269435695 -0.0207526497263115 -0.171175027368131
0.0211928461873749 -0.0135557824620349 0.0702364729716176 -0.131300944444323
0.0298455619283648 0.0126999060555731 0.103274919246054 -0.0486720788105756
0.0156755167776114 0.0343805635598159 0.0749462208671891 0.0216560639346056
-0.0160551885103962 0.038341197217174 0.0160847771943255 0.00256997912906659
-0.0315441591540764 0.046462507237597 0.0319351101435474 -0.0945807655464708
0.009705056382106 -0.0182169604269022 0.00138385845685675 -0.193085589582717
-6.92158138114931E-05 -0.0182322734454508 -0.0423442285918329 -0.123111589560247
-0.0119180724427318 -0.0080957113440329 -0.00866656434445603 -0.0651488386705333
-0.0136387475410592 0.00315406089199909 0.00750890857210563 -0.0912449371127689
0.00421576510543618 0.0195768028833753 -0.0220973449203679 -0.140687356779236
0.0218593964674449 0.0185646150569396 -0.075037056422096 -0.159611531623092
0.0388163058261773 0.0177246600789325 -0.120977819755563 -0.160773527229337
0.0425767108537571 0.0247955173130464 -0.13600061673812 -0.150178746889531
0.0398944522625512 0.0414723337566439 -0.098530013765003 -0.169471797468285
0.0129997400790183 0.0465625168380087 -0.0243648158426812 -0.16503906385879
-0.0198517259900164 0.0459928546182063 0.0656209409457261 -0.130349945284051
-0.0454264939836489 0.0234580317735481 0.0946333942148057 -0.0533171103645817
-0.0442741543674887 0.000118249743959267 0.0737276281554627 0.0154368915271456
-0.030073252742246 -0.0161169259964705 0.0127936219938833 -0.00587353714968518
-0.0195749181709248 -0.0207663212451311 0.0245755109057821 -0.108412434600679
-0.000320600018293562 -0.102456411252036 0.00212321240000132 -0.16275224323589
-0.0545579175489666 -0.0830393287457919 -0.0323683426931434 -0.0929266523823839
-0.102959847750099 -0.0163421658216702 0.018320100482384 -0.0384608540587628
-0.0825458175442578 0.0537841047468578 0.0396543871408936 -0.0743241367693919
-0.00575232031453354 0.100837811525352 0.00883929087194954 -0.138595536665324
0.0511808978352388 0.085783577250859 -0.0505961739695955 -0.152191981104817
0.0844990048136539 0.0788901257374155 -0.0935119379519555 -0.145276552686988
0.0940901854241279 0.0827305771348029 -0.10968620769527 -0.128408603430944
0.0858648353156457 0.105313229460511 -0.0866255181854277 -0.142215719979023
0.0265147427896446 0.111670363455006 -0.0293371793757847 -0.132994199599973
-0.0406523647079251 0.11044983339837 0.0435800649997966 -0.112849246782329
-0.11108746669439 0.0541656851031827 0.0643873618687712 -0.0553007248435713
-0.109484584671471 -0.0142091904323454 0.0569551413375711 -0.00124080948958878
-0.0573068229432442 -0.066322901045371 0.00322449834673097 -0.0180034419618474
-0.0143950091522057 -0.0878823667466166 0.00944085805680909 -0.107800850517994
-0.00102666384608501 -0.166354558050432 0.00400497368523551 -0.110663838786201
-0.0839230241612147 -0.140714289042429 -0.0211258497037466 -0.0529745006033285
-0.175445091482095 -0.0398983497908676 0.0350155949140046 -0.00266866327212118
-0.153208981495049 0.0823604598943337 0.0602680229202469 -0.0378679709947499
-0.0340099053009834 0.167187644285124 0.0398299847021876 -0.107680420020755
0.060012522907583 0.146295719472017 -0.016894671202001 -0.117160915544669
0.11147580844188 0.132420036878957 -0.0519093374205418 -0.106394825572257
0.131682790463355 0.12804012986138 -0.0660813500231659 -0.0874992061242074
0.126348744511923 0.150086174082619 -0.0599966615554341 -0.0947117237155004
0.0516378501266648 0.159656684115937 -0.0241073397255126 -0.0816937796841396
-0.03691171517314 0.168264138263216 0.0240005503755027 -0.0747465552584335
-0.153516081611833 0.100734647978936 0.0301605376578806 -0.03892249773967
-0.172173757998589 -0.00801283258050391 0.0302180625120928 -0.00752763910125501
-0.0970368934839433 -0.104381090865168 -0.0103990019156854 -0.023281016774124
-0.0193080457636218 -0.149064340605302 -0.00957929768407903 -0.0870540047754676
0.00898412965951911 -0.197910694956416 0.00260588279132821 -0.0489490463760051
-0.0806070981753093 -0.174196994158406 -0.0135019100400685 -0.0130963132647401
-0.205909666026365 -0.0728118173993648 0.0289751224370033 0.0285862028208059
-0.202808337574279 0.0771741929913978 0.0532140335004104 0.00842876474178914
-0.0722572304314972 0.196666432978498 0.0525611719388375 -0.0491310393939954
0.0478731190383402 0.183981956602213 0.0137452916285829 -0.054799433756501
0.115249561066109 0.167088887915488 -0.0053123800604852 -0.0461853630825646
0.148020371531615 0.154581853198296 -0.0125069175256041 -0.0335647176716876
0.151843607201797 0.1710948100699 -0.0198658583910415 -0.0371240597671928
0.0771332868744162 0.182149788979384 -0.0020971989978262 -0.0215991386711747
-0.0162005142306908 0.204557936900816 0.0189078441605194 -0.0230479712636297
-0.16626018752171 0.142631892073186 0.00710724569555148 -0.00396093093319025
-0.214560010295442 0.0113576126298873 0.0080338507913373 0.00424740091921696
-0.135427540171435 -0.126108607754774 -0.0185935747128842 -0.0110384629063166
-0.0288271315906383 -0.192759944857253 -0.0234659409149737 -0.0449356373424707
0.0208019736638602 -0.192731910491889 -0.00377398055926403 0.0110491499479102
-0.0538230914625251 -0.172790583444428 -0.0132726043958198 0.0145066373720016
-0.185485855704457 -0.0979228807586213 0.00123946542328966 0.0403064871940762
-0.209034722269653 0.0448167035905204 0.0156356953342696 0.0449165864035833
-0.100064157588595 0.18006800597113 0.0344928015733717 0.0192580942334358
0.0244675678404435 0.186582518194944 0.0278410308728098 0.0220523892486577
0.0995639427065713 0.174095185929985 0.0365620300253485 0.0255523451990104
0.142163164730006 0.156841591850738 0.0419447583088912 0.0258497947963191
0.154547126981131 0.167354053617557 0.0289956456418802 0.0208840303122426
0.0895901263373369 0.178283295575943 0.0314978492271723 0.0359757239533944
0.00336412155880951 0.207360821677949 0.0285494713439383 0.0297558479564607
-0.154310905296955 0.159115430194838 0.00394194866238833 0.0371515054371947
-0.224935664935739 0.0271550559694895 0.00219394625685376 0.0272123960947444
-0.154982230359242 -0.129813707477865 -0.0129790196472907 0.0164504567279068
-0.0367300989857972 -0.208420884737895 -0.0279759838336239 0.0147101276760924
0.0261182258980597 -0.158186943127283 -0.0151193523705217 0.0595688613722151
-0.0227208935462895 -0.140472423391696 -0.0154915581045516 0.0248914076311578
-0.131111865753206 -0.0978123284802501 -0.0321249626226723 0.0258346036734648
-0.168166729641859 0.0101347788481622 -0.037331255859307 0.0561995203081102
-0.0995445744319221 0.129408782261843 -0.00744002873991446 0.0747413369332683
0.0030703349757263 0.15241460192549 0.0234148441581783 0.0949079812977292
0.0697348951671886 0.150174695727971 0.0667477077609202 0.096144738035409
0.115012405154295 0.136035288949174 0.0899862280648228 0.0816051964164578
0.131148837283389 0.142416298483466 0.0761997472552196 0.0730849750517346
0.080813601805426 0.152655303172497 0.0658047840036753 0.084518082638539
0.0116910329366848 0.180030197317725 0.0430573471824039 0.0737079513524199
-0.127619753326743 0.14251655429697 0.0111439989316662 0.0700757610604027
-0.201002143497334 0.0292995103144871 0.00980912539711712 0.0492103270467569
-0.144918835194628 -0.116694602318984 0.00348120670059832 0.0499909078269056
-0.0344373228176837 -0.191424131099907 -0.0243523095529567 0.0795288787319489
0.0218690203987452 -0.105703765704757 -0.0227316703059632 0.0920269425313366
-0.00273318253214692 -0.0912636469482406 -0.0132677496098368 0.0230381162657634
-0.0710972317834715 -0.0723625742408216 -0.0568864352967477 -0.00161580238247619
-0.100507999996554 -0.00900668644664697 -0.0814970982754561 0.0477326767762564
-0.0692152120081543 0.0673864624786652 -0.0507865697536976 0.108379719345494
-0.00736966185899746 0.09276003578937 0.0111036631867351 0.148430163853568
0.0351081629875242 0.0996312230201908 0.0850398729668371 0.151105205835495
0.0704237025407483 0.0948621392423429 0.125772461178956 0.12505452797654
0.0848144388207001 0.0997126781707298 0.113333366437429 0.11484029897492
0.0547607126210504 0.109909024699354 0.0896081859930481 0.120713257237798
0.00826690247556945 0.129845376182795 0.051229000384854 0.105897891150226
-0.0923590852830423 0.101948736688668 0.0182011185122273 0.0910609175216337
-0.148771257957809 0.0189555960914807 0.0187668693842587 0.0648847077759617
-0.106446424268327 -0.0885221240826539 0.0212823453546967 0.0810305973597157
-0.0230656728034774 -0.143458660175756 -0.0179866754681552 0.138107085115818
0.0488353538445077 0.0587243835566353 -0.0605654532315584 -0.188077839443169
0.0748274714004325 0.0170131436669989 -0.0871154583768342 -0.111653399616655
0.0686497423970409 -0.0375446126317294 -0.0539503084821901 -0.0588805553145896
0.0205359589727056 -0.0667108848535821 -0.0431978855492462 -0.0780661664524691
-0.0213140051630312 -0.0573026764350455 -0.0740645572241237 -0.103570404889669
-0.0321764490071646 -0.0383651004795567 -0.124382276897429 -0.112550183426014
-0.0311565254453293 -0.0369771875134775 -0.17195506740159 -0.101798749785908
-0.0274604969320353 -0.030702961108035 -0.182826952560408 -0.0928836877731461
-0.0154655163902755 -0.0284930739939835 -0.145235816292416 -0.128845712529784
0.00320361274510615 -0.02820006019705 -0.0726134587701738 -0.155409490125867
0.0158990389507584 -0.0194299508046375 0.0238381328573814 -0.144584840147826
0.0319212983170524 0.00250330418442838 0.081873713055677 -0.0771728961875251
0.0254887929000325 0.0276774084531655 0.0780060429893836 -0.00331459365750072
-0.00286769357131846 0.0416158056286857 0.0169277792330774 -0.00279505544872294
-0.0159520702073435 0.054371653247937 0.00426391398059351 -0.098007775304782
0.00122400412689738 -0.0218078261895571 -0.0593444451908967 -0.182859349815244
-0.00772747205716818 -0.0176197880384695 -0.0782023010058318 -0.102695804339916
-0.0144734754174456 -0.00405899360134912 -0.0273872753372835 -0.0590200308426507
-0.0118900008840343 0.00753161885838626 -0.0213476202324184 -0.0903287132918386
0.00942088655820951 0.0156838917652595 -0.0650842724707045 -0.127476529773846
0.0256938601236336 0.00825951797786534 -0.123643352655345 -0.127315764251078
0.0420847829627775 0.00331581529424497 -0.170074469274604 -0.113102688556419
0.0462736490675909 0.00926666930524552 -0.178626947267491 -0.0960972274071013
0.0503068214895808 0.0259210209182067 -0.146647015332317 -0.128615827637234
0.0265177375835121 0.0404438238115571 -0.074377669894097 -0.149211142843517
-0.00367804460327001 0.0497701739111302 0.0197128013213556 -0.143836342068888
-0.0358300350455183 0.0362995839101132 0.073406318395495 -0.0796052992496841
-0.0414054602498861 0.0142346172405065 0.0758912826479869 -0.00790543562492977
-0.0334562367736834 -0.00523166500983108 0.0110075294511366 -0.00886587484573561
-0.0246602674066669 -0.0130238720534211 -0.00851135152191301 -0.107815151309125
-0.0369936968186474 -0.0994025784946424 -0.0454048806285839 -0.15289999530939
-0.0817976078435526 -0.0605006255912674 -0.0545690698975669 -0.0775725671331265
-0.103566928113937 0.0193404908183406 0.0088872050316576 -0.0474744469659243
-0.0588343868996328 0.0791988694113882 0.013587368142582 -0.0889657357444115
0.0271171799477562 0.0955708774039439 -0.0384659850358834 -0.137100955286834
0.0742919891107735 0.0629025216591568 -0.100749090311995 -0.127894236676823
0.105918841288092 0.0478803545120166 -0.141162755045299 -0.108581894212533
0.113113084829582 0.0477890999115136 -0.148578429943283 -0.0836187414910629
0.114255444148787 0.0717037872008095 -0.128613724132072 -0.106296177360324
0.0597534451560975 0.0976350777445408 -0.071452067450581 -0.118571830046278
-0.00360777211669455 0.117151654240406 0.00439536549599285 -0.122410664011773
-0.0879903168402447 0.085755556198754 0.0458659107832802 -0.0739161266247083
-0.108254073601937 0.0201556263542355 0.0563290555515795 -0.017585440762341
-0.0751248689695632 -0.044215108301712 -0.00226764620714972 -0.0171503457502662
-0.0404148363660556 -0.078993492956408 -0.0245675090937756 -0.101854509722797
-0.0579915907538199 -0.160853708320259 -0.0253530106239988 -0.103211812124698
-0.129611811279137 -0.105290543573818 -0.0273278487322431 -0.0426509913739316
-0.180246380819372 0.021292915184088 0.0392821658954692 -0.0223872712273679
-0.115503484749556 0.13080802040688 0.0447860271345327 -0.065592001023963
0.021820483275948 0.167736434802822 -0.00183433082750589 -0.119614649429067
0.102462153314124 0.117271468360666 -0.0595441951966173 -0.105774762032676
0.149376341953045 0.0906682362445354 -0.0897380233620478 -0.0867063288161098
0.16247532017844 0.0790811891376671 -0.0947117729628476 -0.0590004954035603
0.166421328376654 0.10080974970377 -0.0893447464734703 -0.0690835569849245
0.09880399990843 0.134800946695617 -0.0514232604719108 -0.0722491178883098
0.0189984797858842 0.170668279943379 -0.00386273267493197 -0.0819415112754798
-0.114170680941013 0.143909844644417 0.0188018213347939 -0.0490741513980547
-0.164649808983803 0.0454931352530013 0.0296926329564277 -0.0151582517883998
-0.125011170579279 -0.0683158596019535 -0.0168768864140314 -0.0167272091355878
-0.0639577367297599 -0.136183941629533 -0.0377303187177915 -0.0756562565572639
-0.0591037799647356 -0.193937596570543 -0.00627475380393465 -0.0424163402865029
-0.136808693258336 -0.138750160847956 -0.0069500317728782 -0.00589968441985258
-0.220028687884236 0.000567300438231401 0.04555586011413 0.00797009458486758
-0.163731511948225 0.143955261964542 0.054349168513256 -0.0215350909550246
-0.0043446256943119 0.208298163099779 0.0274438813700936 -0.0697094978017917
0.103838943318495 0.15742502467211 -0.0116838847273692 -0.0574051737333213
0.164780898477173 0.123565999513214 -0.0258931682257446 -0.046522883167003
0.185801916470704 0.0984620755626617 -0.027429377086341 -0.025404941679314
0.196940657349327 0.11329184011058 -0.0329934508705656 -0.0272537705616088
0.130619193957706 0.148039604771374 -0.0127467668562613 -0.0219647618672229
0.0485720357908438 0.198155312578868 0.00700252564612509 -0.0315341884335423
-0.113238215516912 0.187245454838601 0.00769932287693258 -0.00906302619022092
-0.199093439689754 0.0772421401636129 0.0130179575613973 0.00245295269729433
-0.168400033014784 -0.076732121656494 -0.0212311933857452 -0.00190053068410527
-0.0858683513151773 -0.175536580216966 -0.0392393250889335 -0.030968016315448
-0.0452045467078203 -0.193024092534363 0.0057033364365164 0.0171143061158017
-0.110327687547297 -0.146789515667362 0.000787546234807434 0.0207427988660232
-0.208874090643775 -0.0299704756313265 0.0235087196057244 0.0295569360916375
-0.180640360910502 0.115420004759781 0.0309178229797031 0.0253747394571393
-0.0361024475405233 0.202470934170034 0.032956760548813 0.000183298651675499
0.0818040897137146 0.168145296206581 0.0271352015879286 0.0101719173704018
0.152165075210542 0.136502695639606 0.0383477371106644 0.00722080737628064
0.182072869247166 0.103103594545589 0.0431123848641749 0.0121855446546063
0.198331913832114 0.108746108994673 0.0313211343785748 0.0122518351355655
0.140459597423815 0.140351723883061 0.0366947339892401 0.0229023526137916
0.0691785768374525 0.194676198252317 0.0321573281713557 0.0150999567817331
-0.0963717610584621 0.199429645862738 0.0165238268130733 0.0302275588786462
-0.203354951771259 0.0955328640137843 0.0149111631859344 0.0260325747452761
-0.188254693051029 -0.0731522521855005 -0.007631243100952 0.0226865394462418
-0.0979033802176428 -0.188372394870753 -0.0262933834000769 0.0264994760300278
-0.0282782775385443 -0.161084201039886 0.00926386315096931 0.0658095132981579
-0.0697067998962446 -0.126607166810767 -0.000451048459010531 0.0316576622231622
-0.158171822069732 -0.0485242494974279 -0.0142888982133536 0.0296992714025579
-0.155235324392779 0.068574086002381 -0.0143844136767298 0.0554880977092237
-0.0521463664842869 0.155625432029086 0.0126223728505135 0.0670789480865025
0.051427863126556 0.143527607837031 0.0475165503418197 0.0802793898974366
0.116636528178118 0.122901454265959 0.0915966471566575 0.0647298463750401
0.150239166132181 0.0921102938997652 0.107541073768346 0.0483753995639091
0.168369140532672 0.0922228413802619 0.0928657777612197 0.0466150573745331
0.124520542374345 0.118525945711314 0.0849691919718543 0.058505801645164
0.0678057679579214 0.166045225023606 0.0595028271225536 0.05252525923582
-0.0767889833660245 0.175400258343404 0.0330099472393591 0.0594037888192536
-0.180484597825991 0.090204305091942 0.0281434605660169 0.0443097558217809
-0.174409498203689 -0.064763293147005 0.01837261528943 0.049010481706916
-0.0908587711546241 -0.173846398651431 -0.00367442678894526 0.0860035711605069
-0.0136160761656499 -0.108861307003033 0.0102875969571715 0.097767158786472
-0.0335706320744538 -0.0866533819205094 -0.00193370538530962 0.0288303639607045
-0.0926650750088398 -0.0446319428983607 -0.0487599893223032 0.0139586671507043
-0.0983221883686336 0.0274163535509405 -0.0605276791844626 0.0656213836527475
-0.0435174983489785 0.0875184882037652 -0.0162778116975184 0.114757784753246
0.0224207171882364 0.0913020014348975 0.0554794057677792 0.135564914949333
0.0669030620367473 0.085842448323617 0.128815789909505 0.112330615600834
0.0962585968925619 0.0673608187746141 0.156575515942763 0.0772048737564425
0.11156507120549 0.0672234432712152 0.141618147530303 0.0741069598008787
0.0867306126424188 0.0862864452000708 0.119980369497996 0.0856689274303169
0.0488682897716319 0.120070452423244 0.078420292694759 0.0811572592026768
-0.0561226026133884 0.125501587335103 0.0462982264488139 0.0780350155510657
-0.134684679920064 0.064163762169677 0.0400932066524945 0.0558247875526003
-0.129389671652122 -0.0515119621089291 0.0438346481352993 0.0721103555606974
-0.0653911723031574 -0.131472427910723 0.0202029397904102 0.137842330189714
0.0492815715041021 0.0583944440906106 -0.0623312928072432 -0.1874073709452
0.074922638124755 0.0163663107247294 -0.0876482251930308 -0.109939735991103
0.0679471249270865 -0.0379307273036716 -0.0537753361157237 -0.0572523274201596
0.0201898686592775 -0.0667784191032755 -0.0432332290173298 -0.0771151563710217
-0.0221613607418218 -0.0571311556121656 -0.0750717542331326 -0.103006882798433
-0.032755367929182 -0.037628609232188 -0.125620004076024 -0.11216445144843
-0.0314521290835486 -0.0365357722289615 -0.173696859452709 -0.100018244819856
-0.028002911951631 -0.0303048230687152 -0.183692803236758 -0.0901154739386079
-0.0161475524339822 -0.0281329576684922 -0.14741194136189 -0.127858872327132
0.00259565573747157 -0.028345040431607 -0.0742632902728527 -0.15435069918838
0.0152086439412548 -0.0199657529683788 0.0226854908162052 -0.145091434412911
0.0320882947296028 0.00158327999860748 0.0808541781755791 -0.0777450288469213
0.0262069674139919 0.0273207549351543 0.0780250067819721 -0.00440841956519185
-0.00257363310159667 0.0417144337944481 0.0173303157608502 -0.00281859389973443
-0.0153856566420678 0.0549721984755149 0.00274603465311936 -0.0977077503402374
0.000894835223143358 -0.021634234875344 -0.0617957025936191 -0.181921053099709
-0.00824592435228296 -0.0169586076933185 -0.0790197102526147 -0.10057164064983
-0.0147375184302567 -0.00326775855297585 -0.02766784068834 -0.0579260586356023
-0.0115307554804676 0.00814739598603592 -0.0211413296309851 -0.0902549504128768
0.00957135650082635 0.01575740406915 -0.0660027337393743 -0.126863462056577
0.0252749066160204 0.00824832169848116 -0.124928750538519 -0.126621692943548
0.0419655337216264 0.0031906997918487 -0.17171519709947 -0.110976756517846
0.0466475518948572 0.00868949472437049 -0.180611247423872 -0.093877899647522
0.0508205727140835 0.0256156088076674 -0.148230968730798 -0.127305435693518
0.0271613879759837 0.0399719284214598 -0.0768170760295952 -0.14866636899822
-0.00340357184434677 0.0497715600081074 0.0176622341529923 -0.144335460312899
-0.035284282789671 0.0362222087925834 0.0724029510951061 -0.080143863957914
-0.0407725424831217 0.0142883050318576 0.0757440725633532 -0.00901605653025077
-0.0334873544276132 -0.00464338975859994 0.0114313507972714 -0.00895297441799388
-0.0255497726297073 -0.0126551512063691 -0.00984261205460968 -0.107425346963338
-0.038431949723352 -0.0985930047289025 -0.0473260418331085 -0.15181778662605
-0.0826552135509979 -0.0591767227405044 -0.0556228516532874 -0.076222693477357
-0.103198012325653 0.0206737121765909 0.00928728258617352 -0.0471194324062385
-0.0580530654448217 0.0800550435704947 0.0127988602388399 -0.0890284771603015
0.0279433347665315 0.0952490879921778 -0.0396791695747813 -0.136549035582042
0.0753202218695262 0.061833478217979 -0.102137592255954 -0.12693928118419
0.106703450193253 0.0471399204173159 -0.142521582776089 -0.107108642292443
0.113842328095951 0.0461892540468552 -0.150012014031521 -0.0816821746599905
0.115361900974612 0.0699847944603115 -0.130425866972288 -0.104660647004573
0.0607615178846291 0.0971638242813649 -0.0729364652171057 -0.117174268831675
-0.00210118982200823 0.116964099018383 0.00214988627511659 -0.122729935399557
-0.0868822528642716 0.0871110606489299 0.0448101301937118 -0.0742688923301154
-0.107521674801789 0.0217213885466875 0.0565714653114852 -0.0184953660900727
-0.0757078547752471 -0.0431898089746656 -0.00205546644144419 -0.0171518786510921
-0.0419451091637332 -0.0785756861478834 -0.0257705121809628 -0.100996609208136
-0.0606570051095722 -0.159557932054399 -0.0268453515834417 -0.102383848506845
-0.130188387919843 -0.103387751614293 -0.0276405604516122 -0.0418272108867948
-0.179808125154542 0.0240007614751166 0.0393947659872889 -0.022175030248421
-0.114247213468918 0.132598226753132 0.0443348503119548 -0.0657804759402918
0.0241908337510034 0.167814659156679 -0.00279704852125971 -0.119430718958922
0.103929568517494 0.116401006605897 -0.060707301716533 -0.10553519003381
0.150389432418809 0.0893122327287853 -0.0907847092027747 -0.0854833278917685
0.163840018327891 0.0767221624784206 -0.0963288893248806 -0.0576662535956519
0.168216849963933 0.0993929315492981 -0.0903698271382885 -0.067962996944592
0.099815067189764 0.134102265077609 -0.0521977822139287 -0.0711662424043575
0.0206730322143199 0.170189374241919 -0.00533778649432897 -0.0819422361748745
-0.111851353665239 0.145037399642529 0.0175863718314233 -0.049151015658036
-0.164062734121347 0.0477100547442131 0.0293422820674852 -0.0159757489481463
-0.125636423063099 -0.0668474536954206 -0.0169650172398979 -0.0166204644404781
-0.0652351067998561 -0.135302398847041 -0.0383925252521592 -0.0752817512920568
-0.0615768900816588 -0.192825250195945 -0.00681050938879824 -0.0422597277259462
-0.138799663054648 -0.136238552815433 -0.00649726431434645 -0.00541612596196365
-0.219772441060631 0.00418965375757518 0.0464548287551818 0.00796779563374332
-0.162107950917622 0.146196004723821 0.0542360714333285 -0.0223736127536235
-0.00178133968071982 0.208175520308301 0.0269642359485248 -0.0704643410940309
0.105463320914379 0.156797193807916 -0.0120042050704777 -0.0574112103828975
0.166606087499874 0.122041319187295 -0.0263130694872392 -0.0461538024439698
0.187862038185745 0.0958403442535374 -0.0280720743654426 -0.0250938940375406
0.199159638024958 0.110521300826021 -0.0337176224308674 -0.0268167656316597
0.131780782436633 0.147141723313037 -0.0130920152812965 -0.0208894888041124
0.0517462584602925 0.197585023969794 0.00566216091492176 -0.0318216564512569
-0.110929406208551 0.189040901469793 0.00694078341852258 -0.0093747822948726
-0.197820865485756 0.079845332694011 0.0129556239968556 0.0021000873706766
-0.169273533685108 -0.0742860888172016 -0.0212313362793933 -0.00203710461756455
-0.0884559542436085 -0.17415963272497 -0.0395088879589649 -0.030389401800713
-0.0479539021483897 -0.19164429431999 0.00618583060973768 0.0169346541989609
-0.11196549594374 -0.145308813289899 0.000902572202401182 0.0211725527872509
-0.208761058091817 -0.0268155791318942 0.0243057196984579 0.0293789357986407
-0.180124548579607 0.118039877351091 0.0315555926895068 0.025513416590716
-0.0335493328210817 0.202843657880288 0.0328916742340936 -0.000510879554077683
0.0841729725772129 0.167266934116103 0.0271278593608465 0.00960338416381383
0.153902556724642 0.13475881468662 0.0384010725396136 0.00716493057197131
0.183704422979318 0.100411413422824 0.0430936247681844 0.0116769549656113
0.200180940187999 0.106497972399215 0.0311367745503369 0.0125287344573325
0.142301905136622 0.139046472429055 0.03712191011541 0.0227150141694861
0.0715170657418839 0.193970341075676 0.0316471280663204 0.0149201225454472
-0.0940746115170121 0.201169173198092 0.016557443292339 0.0296737652804711
-0.20228092200012 0.0987357737375078 0.0145737843458356 0.0251470288880831
-0.188933821611739 -0.0707229572589259 -0.00741426907297296 0.0219266335618749
-0.100995065953294 -0.187827975284408 -0.0258911625927527 0.0265954319139573
-0.0299318457090409 -0.160275357371553 0.00964339234483265 0.0655634160130401
-0.0709238067063116 -0.125919240166875 -0.000255048868917455 0.0315834300849378
-0.158360290665025 -0.0460332214357361 -0.0135603658169221 0.0298174617676737
-0.154901283294745 0.0706446232072143 -0.0135638842313552 0.0559035125784217
-0.0500212409121921 0.155792835560165 0.0134301204918381 0.0664003276706987
0.0535559595144479 0.143155414810148 0.0487468977788365 0.0798154457123918
0.118203292010892 0.121657654762897 0.0926824344019517 0.063705286394966
0.151989630164888 0.0902779200567974 0.108415820238379 0.0471106511311744
0.170009043077308 0.0904024840391524 0.0938049425811086 0.0458241149810112
0.12590922565251 0.117260316271385 0.0855820071395294 0.0581214192572177
0.0701966832195089 0.165368327422927 0.0595468553689741 0.0523125876187811
-0.0750352752299321 0.177031395817454 0.0331001207302747 0.0589237196769841
-0.179190740203393 0.0926113649729996 0.0278985689141514 0.04332215149104
-0.175471988177092 -0.0625726531319938 0.0183882534618319 0.04838670851713
-0.0936234354488896 -0.172801277552512 -0.00228278571068122 0.0857465030845236
-0.0149412017206443 -0.108127245022199 0.0112264592699439 0.0971739178833251
-0.0339708674335482 -0.086070730655604 -0.00173750249967064 0.0287088855425488
-0.0930237644224221 -0.0431286760529905 -0.048704142948023 0.0143509996153658
-0.0983169079516982 0.0285964670881651 -0.0594796125450918 0.0662853076545456
-0.0422560224047585 0.0879625392032157 -0.0142754741748912 0.114760813052059
0.0236120061619139 0.0905990891355282 0.0573073528383784 0.135283499448466
0.0683427198462691 0.0850144403393726 0.130331847314988 0.110961131656831
0.097960681182988 0.0659939485650599 0.158025536155315 0.0749789274513265
0.112617335129105 0.0658030867127762 0.142549070315316 0.0725628497215393
0.0877136753595372 0.0850590933969551 0.121328589111268 0.084847271076296
0.050359692929296 0.119121893204731 0.0788176695651739 0.0809026028314294
-0.0546587455381018 0.126119509258049 0.0464722628961921 0.0776044896785278
-0.133922186815609 0.0657419931557947 0.0398233877782522 0.0546225123366671
-0.130262729117184 -0.0498526986840583 0.0442414805857825 0.0710524070939969
-0.0674735812434247 -0.130587398817005 0.0221548124555773 0.137283968601785
0.0497706574646424 0.0577980219155818 -0.0643569019000263 -0.185513475770915
0.0748232711540864 0.0156621672088427 -0.0887964094170188 -0.107836612226924
0.0680732902694354 -0.0388808092950684 -0.0543073054665446 -0.0561289128877265
0.0197754608911031 -0.0670804276756831 -0.0434174048050142 -0.0770166422469487
-0.0225852683495915 -0.0566711580738298 -0.0755561277617156 -0.102709072091449
-0.0330891274800713 -0.0376257933861793 -0.127053386010324 -0.111614009015008
-0.0322888406044657 -0.0363639026845124 -0.175329466644899 -0.0986081836017861
-0.0283800592235764 -0.029756527663897 -0.185627105470704 -0.0886561391327237
-0.0161322225705618 -0.0281295427905735 -0.149288000602748 -0.125888868992743
0.00211223616405604 -0.0284527458352026 -0.0765425706332254 -0.153502088228725
0.0149995656195833 -0.0203779460549247 0.0202463993124423 -0.145133841073181
0.0328237402013756 0.00130034065432802 0.079663663018215 -0.0790081260813965
0.0265714701584947 0.0270187339076407 0.0783096000498177 -0.00514166032589491
-0.00177704365701262 0.0419563140421912 0.0177211502252734 -0.00310772366374588
-0.0149958465469247 0.055231014701697 0.00176401986233867 -0.0976629585821175
-1.90320711044439E-06 -0.0214437909985054 -0.063174049460984 -0.180548718318019
-0.00860445441401536 -0.0163181988256635 -0.079130299909112 -0.0991795017576806
-0.01434691737902 -0.00302031172685778 -0.0276042186055004 -0.0572079627477952
-0.0115532905336847 0.00826388581164934 -0.0215894612223419 -0.0898055958029475
0.00950760473349137 0.01578232825802 -0.067240593174975 -0.126849781824268
0.0255569541778293 0.00813922863736018 -0.126566168465667 -0.125988419796803
0.0419125006769591 0.00251044011069418 -0.173641492142064 -0.109347464337709
0.0466673225620419 0.00823919311025485 -0.182250327980346 -0.0912942100197506
0.0510316047132805 0.0249795264499655 -0.150637520049075 -0.125510995399828
0.0271490389155621 0.0398014951018179 -0.0784940599188809 -0.147453944606126
-0.00299441686076364 0.0498920107977155 0.0159336578779116 -0.144891824906761
-0.0347145980582163 0.0365804117434477 0.0715316900147546 -0.0808786740027886
-0.0406127941349031 0.0148593074725514 0.0761311208850352 -0.00998336668038987
-0.0338475046135199 -0.00446696901126524 0.011787502427886 -0.00911250940502335
-0.0255060050506096 -0.0121536282302248 -0.0107928152771721 -0.106916636699082
-0.0402385357700254 -0.0974267007278582 -0.0485425846020542 -0.15113685421796
-0.0835911080595018 -0.0578599315396474 -0.0559011037296221 -0.0750066575435038
-0.102788906961641 0.0222881209360397 0.0094584000717315 -0.0464895092508392
-0.0568456304773386 0.0812230556163505 0.0128856789258146 -0.0894154477533304
0.0290739763146389 0.0954288044723584 -0.0409224440022587 -0.136757814275004
0.0756478120747621 0.0614671944037653 -0.103509931162726 -0.126599572909607
0.107414964695835 0.0460378923657142 -0.143825856856486 -0.105968079462214
0.114310431590276 0.0450477502168175 -0.150874179540761 -0.0796830154208475
0.116389910489452 0.0688112578364002 -0.131724633851133 -0.102697971311431
0.0611158377560238 0.0968212073691029 -0.0742019438021719 -0.116116434496563
-0.000883070785729744 0.11695418888541 0.000176660369800973 -0.122535560168708
-0.0859209132079727 0.0879334034656866 0.0439763374677663 -0.0743214188594278
-0.107406288601564 0.0225085026799319 0.0564476350162408 -0.019214764547722
-0.0760585938177531 -0.0423314595881084 -0.00194878170690087 -0.0170939629577792
-0.0427472184466258 -0.0772302328993571 -0.026217766632851 -0.100482892717619
-0.0626049524697038 -0.158115299510443 -0.0277440139338172 -0.101301082354188
-0.131572811181355 -0.101181963097488 -0.0273782678300201 -0.0407120893910544
-0.179287942513893 0.0268096867141435 0.0398179831548123 -0.0223795014337794
-0.113123510992918 0.134276112543822 0.0441293358645214 -0.0662178999394307
0.0259756158852585 0.16750514814686 -0.00400636382828811 -0.120248196869125
0.105278017628941 0.115554780703163 -0.0611317840218346 -0.105241425503524
0.1517200222407 0.0882453143718511 -0.0923881729359791 -0.084692143473336
0.164893415423129 0.0749116836952241 -0.0973261012949675 -0.0566331931732892
0.168714266600321 0.0972203986868244 -0.0915626956715093 -0.0664071206961064
0.10155033446386 0.133395381633769 -0.0534767370141324 -0.0702507890127875
0.0226693493947898 0.170040205640951 -0.00679675763662493 -0.081630190152313
-0.110642402000763 0.146912982536596 0.0173231840217925 -0.0495966434854971
-0.163922671098236 0.0500373786025748 0.0292557427932462 -0.0166211659445379
-0.126249522429724 -0.0652934410431649 -0.0167143121036114 -0.0166001514678982
-0.0675003787196877 -0.134357771359682 -0.0389147437890599 -0.0744832307161539
-0.0637605351252332 -0.191004458129302 -0.00682716432365893 -0.0424474284110218
-0.13996301904988 -0.134768298971768 -0.00692211438716322 -0.00473604319049857
-0.219483289501466 0.00658799700450235 0.0465282484612461 0.0080047799226839
-0.1612212980779 0.147999837637153 0.0544125193131404 -0.0225110313830402
0.000536990597893894 0.208310936642628 0.0261646532088633 -0.0710057724408892
0.107364904718673 0.155918351149375 -0.0125875752997593 -0.0577076127319918
0.167824546877725 0.120549743348152 -0.0269704122057724 -0.0457656384682543
0.189626674697948 0.0940764916250662 -0.0287158599796234 -0.0242914602996075
0.200619298162682 0.108501225820158 -0.03398241532463 -0.0257070742220384
0.13389646514691 0.145907912285217 -0.0134388966808009 -0.0209426516567567
0.0538867309956879 0.196946259524805 0.00450891005377486 -0.0313701384214836
-0.108668201043288 0.190995413074206 0.00723351347088555 -0.00954698767464811
-0.197163201447592 0.0822512465660424 0.0125826811481163 0.00134649873316091
-0.169800528976391 -0.0726692060797191 -0.0212682859242648 -0.00235699033948479
-0.0906350808852454 -0.173296965264779 -0.0393698353867799 -0.029889428577063
-0.0504565339383425 -0.190275962504002 0.00633783118905981 0.0166064327718635
-0.113161808653856 -0.144047682974304 0.00121240134946096 0.0217150209951791
-0.209118390846579 -0.0239474745988209 0.0250428504582279 0.0295358701266131
-0.179154065731396 0.120395155398843 0.032044617407494 0.0251377711193989
-0.0314767009365015 0.203426805372397 0.0333871976066763 -0.00114281833842776
0.0863521318754711 0.166581118432139 0.0274525966602743 0.00909309345069267
0.155794054469379 0.133186677035466 0.038833093695379 0.00651953089348333
0.185436236681587 0.0987404285486482 0.0435149601708509 0.0111980042510228
0.202471817620393 0.104154694082747 0.031801026839726 0.0121580143930708
0.143686692397315 0.137966101846951 0.0374196310582389 0.0225488731853387
0.0738559868837441 0.193118724096164 0.0313577318023324 0.0150691392434388
-0.0922853171522753 0.202350902413233 0.0161405741227862 0.0294430535215278
-0.201147669381436 0.100860496191664 0.0143614133217205 0.0243041047883287
-0.189838099173322 -0.0686538137618313 -0.00771112493462059 0.021601006804044
-0.1030625766013 -0.186001082153601 -0.0252612197222264 0.0271124083358822
-0.0314673748947634 -0.159109755657055 0.0100937176614954 0.0649730744960117
-0.0718318269436668 -0.12479255127735 -0.000356785663408367 0.0316962189398716
-0.158967263782032 -0.0444569924554616 -0.0131749375591681 0.0303351946122846
-0.154233180199384 0.0723567805695943 -0.0130815852221737 0.0562153001617835
-0.0488633205399748 0.156842448972478 0.0146165704419894 0.0662974202174624
0.0550665690088034 0.142447439859178 0.0496118421222854 0.079151331230138
0.119893986584875 0.120950439712265 0.0938772868619562 0.0626376071785808
0.153791083112082 0.0886717079300884 0.108958644847367 0.0455578146895735
0.171232942203935 0.0886334016851813 0.0947506190152758 0.0451229134250635
0.127124195349543 0.116384599478787 0.0865114942580275 0.0574502953887084
0.0721151482075438 0.164441225085084 0.0596937321688524 0.0520281223539579
-0.0731009456631952 0.177613297756021 0.0334303687867451 0.0584049075268324
-0.178852473301351 0.0944240119900731 0.027641254859867 0.0423299476017562
-0.176171274374835 -0.0610715884799181 0.0184318704259978 0.0476635977559799
-0.0954992205014714 -0.171881800410054 -0.000992806193414855 0.0856708902880814
-0.0158952397693298 -0.107760028147271 0.0120242063547029 0.0967772513141815
-0.0348766669174301 -0.0861673557153875 -0.00246617223517776 0.0289021316333216
-0.0935351529667699 -0.0416424901987896 -0.0482560821055062 0.0147601063262984
-0.0982866670384412 0.0295045284959564 -0.0585296281352534 0.0668736098736366
-0.0417953740019147 0.088535759651985 -0.0132926659362341 0.114923326335212
0.0247291953946718 0.0908316893403425 0.0590202268736203 0.134826728057506
0.0692809629360859 0.0843848395053595 0.132275586294293 0.109497016780755
0.0990532100972188 0.0648937945701238 0.159029273619536 0.0728092344466603
0.113346815065347 0.0645620356847844 0.143922519712863 0.071452932367227
0.088340250203964 0.0847260935938034 0.122397403235702 0.0840129975755882
0.0515683517892403 0.118920385058792 0.079237814453074 0.0804450332199217
-0.0540367412277803 0.127146080175363 0.0461833284185393 0.0768250555294301
-0.133596397676639 0.06746349801012 0.0394497883153626 0.0537110826907127
-0.130691424260697 -0.0485844316897331 0.0448437419330801 0.070059887153367
-0.0689631068268238 -0.13014586959943 0.0243429693664205 0.137309138197848
0.0502573288567697 0.057491804271342 -0.0663689771772473 -0.184801403475876
0.0750455736431687 0.0154208400206914 -0.0899029846845333 -0.106386364059438
0.0675467854887744 -0.039791306792365 -0.05385308817879 -0.054865831689051
0.0194494192518522 -0.067039049147941 -0.0433253311690968 -0.0765348957388231
-0.0233594918428755 -0.0564147489674036 -0.0761388352424743 -0.102279364804612
-0.0336080452495352 -0.0371981692510878 -0.128144701340722 -0.110912881086318
-0.0327609346544097 -0.0360712402778752 -0.17719522404514 -0.0974470209147629
-0.0291168916518533 -0.0295559105556787 -0.187004101924866 -0.0867713866170609
-0.016527422790787 -0.0278608724422969 -0.151196015506185 -0.124633537087154
0.00141055353120872 -0.0287122765613674 -0.0783928894973797 -0.153075832305166
0.0145212689366796 -0.0202896508503715 0.0187120680666201 -0.145837807677067
0.0326105935399543 0.000384201578601814 0.078561159730717 -0.0796452831649613
0.0271012418651954 0.0264536190368433 0.0783184995897292 -0.00598972319327792
-0.00151026909762078 0.0422522610015617 0.0183422169283779 -0.00354936713359377
-0.0143677313303497 0.055625688261995 0.000847486823977392 -0.097126912026533
-0.000344474931963414 -0.0210631258671072 -0.0646778806858321 -0.179937564499574
-0.00910134480758548 -0.0158469412172589 -0.0805820156108462 -0.0977575458936308
-0.0141464812498503 -0.00228478265467661 -0.0274674100257619 -0.0564581756650492
-0.011485402199249 0.00834606138258998 -0.0215860810222315 -0.0896128156241933
0.00976713889531809 0.0158116925844979 -0.0678244584757026 -0.126608656151758
0.0257274685371796 0.0081530043246217 -0.12769504977387 -0.125816870815971
0.042081007089554 0.00251177838073725 -0.175082665190354 -0.108608732673778
0.0467240016562747 0.00755874508241408 -0.183821554026518 -0.0894135993248844
0.0516556229461385 0.0241549085870095 -0.152398826500981 -0.123368510028452
0.0276295124924705 0.0395293815162123 -0.0806814640557292 -0.146600629088232
-0.00280407429322458 0.0493997806624582 0.0139144669939721 -0.144952431534776
-0.0343800695907151 0.0365528048983837 0.0703595106234962 -0.0815122985022358
-0.0402656653053515 0.0152841127635537 0.0763726324009822 -0.010785110901805
-0.0336892992218423 -0.00392440439552254 0.0122013263784164 -0.00912522022554899
-0.0257645309077818 -0.0115026673185345 -0.011862884819352 -0.106800095360363
-0.0412574013214379 -0.0966356156352443 -0.0497157462452876 -0.150368676765475
-0.0843170634517521 -0.0566842846645121 -0.0559356585669253 -0.0739160382258976
-0.102443874019697 0.0238806492519347 0.00955170315455359 -0.0460839969097401
-0.056434446205876 0.0823186610455136 0.0125116974951498 -0.088857323400908
0.0300429521972587 0.0955554551422856 -0.0419914242296185 -0.136858037825509
0.0762054043400283 0.0612756699273375 -0.104414288996668 -0.126691880430408
0.107898022218158 0.0453443044870684 -0.145859802998885 -0.104931083894757
0.115478923771026 0.0441875047816847 -0.152018870216205 -0.0784720174425952
0.117204028402574 0.0674658805447176 -0.133137529864077 -0.101354072674102
0.0624936351969992 0.0962906387616034 -0.0759971967320693 -0.115632728720707
-1.16783109205924E-05 0.11695444678012 -0.00125747036073011 -0.122541748148228
-0.085210288888718 0.0886738560265637 0.0427956329227527 -0.0752156067701448
-0.106975442550687 0.0235879275231958 0.0564108135794658 -0.0201861697038074
-0.0762505045565204 -0.0414377614216879 -0.00175310946077795 -0.0174162677603796
-0.0434925227232592 -0.0768898560313931 -0.0270164361365391 -0.099958187878679
-0.0647882834681552 -0.157289702076037 -0.0281913597398728 -0.101291743630964
-0.132676129427815 -0.0994576790340609 -0.0275149301469496 -0.0401856258956044
-0.178483413236111 0.0291910028120675 0.0400264583785037 -0.0223865198464681
-0.11218527719661 0.136370139443617 0.0448296275247266 -0.0666625287467173
0.0273054686899985 0.167275021233591 -0.00474670184168701 -0.120459938990665
0.106378852242792 0.115009279235893 -0.0622640158019522 -0.105609375052424
0.152862272627204 0.0872602202337614 -0.093138917830947 -0.0842959503201011
0.166301391950412 0.0733686558298392 -0.0981877081939677 -0.0553413129021081
0.170768424315691 0.0951703971449008 -0.0923943728871301 -0.0653206961725141
0.102793029502837 0.1322655282621 -0.0543426126620922 -0.0698224180347264
0.0239422169414278 0.170234572006492 -0.00837996857292084 -0.0812462541668553
-0.109267402362424 0.148047271044815 0.0163672563538169 -0.0497765540156225
-0.162934842680881 0.0516389174452089 0.0291318831632992 -0.017646930153595
-0.126549812287372 -0.0638531770507628 -0.0165781370848861 -0.0170972050485585
-0.0689105560365501 -0.133253384071758 -0.0395628631334693 -0.0735566901657895
-0.0660194987238506 -0.189700683198763 -0.00720195208830301 -0.0421776227091624
-0.14119072989851 -0.133090782673018 -0.00657167692579741 -0.00431738143066641
-0.219283351815846 0.00916731563889432 0.047295076824865 0.00826848325982022
-0.160138507157298 0.15027606230129 0.0548215867119689 -0.0224939651794436
0.00275880575578811 0.209014316564874 0.0259823997106145 -0.0716842545162035
0.108636312162321 0.155083887117228 -0.013073739968943 -0.0584755125677644
0.169575897136669 0.119369850234561 -0.0274820179980749 -0.0456862698119319
0.191230131369982 0.092151844047885 -0.029300432877016 -0.0237946175481005
0.202378803867354 0.10596236122052 -0.0343027114468567 -0.0252816443754326
0.135200043126736 0.145087241972737 -0.0138431665773522 -0.0206443410782186
0.0557396356833268 0.196422739913113 0.00356135583987762 -0.031125499296819
-0.107517082373546 0.192337495215244 0.00658241551484658 -0.00945350121494149
-0.1965914189885 0.0842718322942158 0.0120949866408839 0.000731359161916188
-0.170385781942216 -0.0710756061898186 -0.0212819062765075 -0.0026155842052911
-0.0926096661261504 -0.172095592515745 -0.0399519975126677 -0.0296334917690425
-0.0516082669316804 -0.189049494099539 0.0063978719462528 0.0163167964764628
-0.114638256823297 -0.142411668270117 0.00128667218154672 0.021893028210606
-0.209219148652428 -0.0217312907976107 0.0254142185246521 0.0300369283206003
-0.178227133774919 0.122346199663805 0.0330681776874331 0.0250920266077612
-0.0288972144392525 0.204152894178658 0.0333499189076705 -0.00179152670236994
0.0884502789348134 0.166057842145697 0.0278227076832499 0.00861413470447311
0.157278160564432 0.132004109208224 0.0388038698468055 0.00610028453095995
0.187045850095381 0.0970794669065525 0.0430827425212587 0.0113592762677895
0.20350842165507 0.101699224054799 0.032057055508688 0.0126282008269176
0.145297259882477 0.136767733768971 0.0376056829349406 0.0227006375575194
0.0759358403334459 0.192710130560865 0.0308763158659606 0.0149807328570977
-0.0900230293554097 0.204063939566539 0.0164123661741332 0.029422644601197
-0.200554105641275 0.103388677890725 0.0138892293502519 0.0236032238107168
-0.19070019590823 -0.0665624481461936 -0.00762435539961988 0.0211556707779744
-0.104901627963742 -0.185008939352802 -0.0247587525979496 0.0272912766647007
-0.0329988716598266 -0.158294814757526 0.0109026906418321 0.0644926355303249
-0.0725578252893908 -0.124791827371377 -0.000657988850875815 0.0320145127361409
-0.15961661961337 -0.042715657263211 -0.0128018690609423 0.0309297831006364
-0.154029892798083 0.0741856652720498 -0.0118567850801056 0.0564837234326218
-0.0468748290224361 0.157454507127918 0.0151721602159911 0.0656548638381863
0.0567008091737062 0.142518265051382 0.0509489880633448 0.0788327423144046
0.121876428584518 0.12007577976984 0.0949519326258503 0.0614784323103078
0.155285994590043 0.087074850966762 0.109786309581063 0.0449620951907107
0.17249020269845 0.0868370555990585 0.0955256784487926 0.0447646879044373
0.128474682153488 0.115432187663416 0.0869635510412987 0.0570528665487895
0.0739903694029213 0.163981525528201 0.0596144442287357 0.0520673262339609
-0.0716042363512231 0.179240948793309 0.0335026435849652 0.0581697155308553
-0.177773592553512 0.0962122646149446 0.0269128615525899 0.0412320492608713
-0.176922882927681 -0.0592642528921888 0.0186068881324057 0.0470411249747043
-0.0973987167830178 -0.17095779699046 0.00014693785463478 0.0855825581327149
-0.0168645455702642 -0.107385547000506 0.0129879656867739 0.0959166379222404
-0.0352014832311484 -0.0861410458802413 -0.00232643632240974 0.0287687576158929
-0.0941396702213881 -0.0407290735862303 -0.0479197690237687 0.0155764027115188
-0.0986331601765288 0.0308040692598125 -0.0577055797699815 0.067415976507987
-0.0409332075420506 0.0890324627853487 -0.012073909047632 0.115431998133505
0.0259840489450286 0.0906871112673982 0.0602016064612425 0.134906008741501
0.0705777005810627 0.0838590723027891 0.133921699634588 0.108285588034138
0.100081782644452 0.0642576838505087 0.160087771541727 0.0713245216051042
0.114116208923424 0.0632666179912583 0.14509963188087 0.0708726180296677
0.0898891145700706 0.083746171064547 0.123080663929075 0.0833562050905141
0.0529185179155803 0.118597022715921 0.0796879301898205 0.0802043046948525
-0.0527464808493261 0.128482555688785 0.0466877199168217 0.0760213447401334
-0.133087165149207 0.0694651551340758 0.0392952250762014 0.0523592740955311
-0.131324162985601 -0.047248319052989 0.0452863840208054 0.0695440387569407
-0.0702513144845434 -0.129833496744628 0.0256876830834061 0.136589590224309
0.0502813212412302 0.0574352439390315 -0.0686469050980913 -0.183620655089198
0.0751305783769532 0.0155720116780834 -0.0903198170778577 -0.104794743750908
0.0673594683095809 -0.0397882211937562 -0.0538585972954208 -0.0536593871506121
0.0185622625411396 -0.0671187779139913 -0.0433393023146464 -0.0760060424437706
-0.0239559541174531 -0.0560190617106577 -0.0764673796904613 -0.102713357715923
-0.0340398948274147 -0.0367937548396954 -0.12963851315581 -0.111110842168929
-0.033447849466877 -0.0357887685361268 -0.179182435735785 -0.0959461532026332
-0.0296018008225552 -0.0289672385786439 -0.188508244948777 -0.0852989519711644
-0.0165868769579711 -0.0275259379797406 -0.152783236794813 -0.123406648467415
0.00098928964063176 -0.0287142355777209 -0.0800479934229154 -0.15275210446002
0.0146216049454755 -0.0205673202726679 0.0175432696301722 -0.14607016609721
0.0325323248612509 7.08054475137797E-05 0.0778658318295203 -0.0801312073226871
0.0277327616268195 0.0261621998304204 0.0783464915360154 -0.00663583107715465
-0.0013254791143963 0.0423430775580991 0.0186154640278918 -0.00362285319571419
-0.0139781803749338 0.055882046877983 0.00021448611942513 -0.0970571027049119
-0.000846671188248781 -0.0204464259711624 -0.0662397852649689 -0.179072314867475
-0.00932578011382731 -0.0153844824770253 -0.0807053384110687 -0.0963334346584675
-0.0141281082090134 -0.00205644436231651 -0.0269177201657029 -0.0558749140069872
-0.0108689763113313 0.00903392816628401 -0.0218788203944292 -0.0897574114318338
0.00995333842906288 0.0160544018249109 -0.0684426689219424 -0.127146107025627
0.0259242584611701 0.00827215828175643 -0.128721432130751 -0.125622552623283
0.0421829715640268 0.00210733274055948 -0.176650131407805 -0.106938470927045
0.0468997995105651 0.0071963837931278 -0.184955727518568 -0.087769832772632
0.0517336155364118 0.0240771983861055 -0.153738496199735 -0.122527550623273
0.0275655910428403 0.0394201107194151 -0.0822565374475152 -0.146220634494504
-0.00281239363617327 0.0495941108788181 0.0127163913083137 -0.145156449730745
-0.0338772437133024 0.0368310914018124 0.069221991679329 -0.0819289421842028
-0.0400322611012519 0.0153349514153115 0.0767045026294993 -0.0117451468865291
-0.0338014485815026 -0.0036705331918411 0.012348795785866 -0.00940834734753431
-0.0259288663529468 -0.010655881820759 -0.0124019635263024 -0.106696156002749
-0.0423765875201915 -0.0958163097953406 -0.0510916495632981 -0.149900701119512
-0.0846826824925341 -0.0556603942079967 -0.0562682949204333 -0.0727185504374394
-0.101987479000236 0.024978215429339 0.00963416388476814 -0.0457690281142078
-0.0559468433318494 0.0835394755870602 0.0127211318900627 -0.0894989331372344
0.0310318432442557 0.0953834715875894 -0.04268156466336 -0.137494439055507
0.0769939826790229 0.0608990151201356 -0.105778391609061 -0.126653335030009
0.108200450999231 0.0448864546392776 -0.147226390828875 -0.103830970359785
0.115882626140148 0.0428303225476778 -0.153467261896444 -0.076628477101663
0.118070166508023 0.0664767460512389 -0.134913564930535 -0.0997924622271706
0.0630738596687718 0.0959159937551623 -0.0773270053775671 -0.115036270876185
0.0013632286989899 0.117156952878994 -0.00292951579464754 -0.123110391183924
-0.0843781524073409 0.0894431041279303 0.0422932505058887 -0.0756484600163732
-0.106836646779568 0.0246830585956093 0.0566527558115919 -0.0208655495427109
-0.0764740215151932 -0.0406325771180768 -0.00154282588500803 -0.0171174837980444
-0.044873648580447 -0.076161925253776 -0.028099965396753 -0.0995054156989821
-0.0662408298046009 -0.155405163961974 -0.0288370662568637 -0.101051644173329
-0.1335485563719 -0.0983810023916747 -0.0278556483469028 -0.038992706531251
-0.178768713520091 0.0309092482666361 0.0406464785278122 -0.0218836116266111
-0.111611401219192 0.137624775896281 0.0447445338119654 -0.0668670749996163
0.0295137599833228 0.167641480045537 -0.00591044807547207 -0.120851124981316
0.107385539705831 0.114454723315094 -0.0635624425830903 -0.105605194033017
0.15393584824955 0.0859591235849181 -0.0940581640226217 -0.0833651855957829
0.16715645661037 0.0719264560152497 -0.0990158152060592 -0.0546609199950174
0.172168744963021 0.0937150440250827 -0.0932561019094563 -0.0643966494354878
0.103998821467756 0.132183121265802 -0.0550277462141243 -0.0689869879676346
0.0256598583329504 0.170110684543592 -0.00977660037570812 -0.0812383436256043
-0.108060049784274 0.149460839541508 0.0161364953241662 -0.0500922351612483
-0.1622293311751 0.0532984039311576 0.0291089938841166 -0.0184025777566713
-0.127443496394516 -0.0629304091843154 -0.0169111672916295 -0.0170976826290661
-0.0703969203506463 -0.13231897162309 -0.0399414136245992 -0.0732529181072075
-0.068012615192295 -0.188748131913959 -0.00735168936040577 -0.0421395832525083
-0.142047120481517 -0.131955554857442 -0.00682967184911143 -0.00388493949266013
-0.219398581515133 0.0116420936355869 0.0479632658320487 0.00854937030961356
-0.159335442952509 0.151829518028576 0.0553766432179167 -0.0230216882676341
0.00493783441781593 0.209337764924677 0.0252071771591514 -0.0722360498817788
0.110589117190403 0.154610673408912 -0.0129943067914408 -0.0583672328879173
0.171630087403501 0.118590158669628 -0.0276637109861629 -0.0455961164898138
0.192906359991913 0.0905066173824493 -0.0296928631983789 -0.0235010223877059
0.203918409267918 0.104542030416873 -0.034736070963057 -0.0242106492767982
0.136448626094368 0.143949040784664 -0.0137766980282758 -0.0201561337463873
0.0579419582596057 0.196554572132115 0.00263348844167168 -0.0311962682987422
-0.105921588997194 0.193996905172048 0.00628270628547292 -0.00977898362368413
-0.195882670789055 0.0864951760639247 0.0120221036966755 -9.41417241601383E-07
-0.171334679271707 -0.0692493291659303 -0.0212885069688625 -0.00285833746187804
-0.0943755402471148 -0.171022129202551 -0.0398442370799896 -0.028977127608736
-0.0537781777844659 -0.187815664532744 0.00645612373177945 0.015925878460916
-0.115312967530576 -0.141354962119303 0.00118549667646926 0.0224898457131055
-0.209471982939608 -0.0192785496861007 0.0266735087355837 0.0302252919860101
-0.177773822708831 0.124296765882684 0.0339830079208193 0.0252122176371535
-0.0272731401309752 0.204779988401052 0.0334416005950888 -0.00233635814796084
0.089912332681317 0.165883313276529 0.0282459326725138 0.00845301262446387
0.158757115565452 0.131221239007022 0.0390687185418955 0.00604089295084925
0.18899225048028 0.0951122908269808 0.0436571226506415 0.0106694585255209
0.205419068554287 0.0997324602656798 0.0321716128401337 0.0129325899508267
0.146922902384828 0.136274810632941 0.0382675173504003 0.0228479244335994
0.0779438615770038 0.192621423497495 0.0300542525133667 0.0154758466180583
-0.0887965671435351 0.205119848850247 0.0162826045082741 0.029479107477382
-0.199883404149992 0.1057597634715 0.0134668362567638 0.0224819804557248
-0.191488019391656 -0.0657016366432504 -0.00764247387847042 0.0212600842268649
-0.106846331169282 -0.184295799260751 -0.0241921148525274 0.0275604392848255
-0.0340925801543737 -0.157674371608239 0.0112396352782989 0.0638563691868766
-0.0731468119668661 -0.124134341334754 -0.000574273409724618 0.0322548352360834
-0.159984003456156 -0.0409041414498174 -0.0122142168424279 0.0311711905378573
-0.153506510529411 0.0756806889724016 -0.0115939695882615 0.0564083130994661
-0.0453566431350134 0.158037452065541 0.0159287479806924 0.0658735737630097
0.0579990264258848 0.142754971280876 0.0519298871505353 0.0784546543826967
0.122980288729907 0.119401223828894 0.0958858238314595 0.0610527229717753
0.156855569350583 0.0858394359313763 0.110325401681434 0.0439393160032411
0.174138372154694 0.0852803551520246 0.0961629422093513 0.0443181707167502
0.130173938678101 0.114874470624569 0.0880370208079306 0.0566281929056469
0.0757819344975756 0.163296029978764 0.0595629456536639 0.0523282290636898
-0.0702912874542218 0.180399514417131 0.0335663401532481 0.0581463550626914
-0.177304365227628 0.0987180349060801 0.0263781786047228 0.0406219570805593
-0.177318433253282 -0.0577529217277557 0.0184209851630161 0.0461882758254424
-0.0992483254940208 -0.170045376117104 0.00131331120829165 0.0852195434682653
-0.0174494212483303 -0.106900039541568 0.0131848067877548 0.0954100464133246
-0.0354928382470779 -0.0863957889715175 -0.00282303453805581 0.028934928733935
-0.0945762542726109 -0.0399212019255213 -0.0481865091750976 0.0158774369509076
-0.0985139611161035 0.0319564465031285 -0.0570232930661024 0.067774518175693
-0.0400676787458347 0.0900260054474201 -0.0107755546474662 0.115337978645181
0.026812655221507 0.0907470267122983 0.062067795298339 0.134546821578855
0.0720463573578372 0.0835147895629657 0.135217390268313 0.107048665852275
0.101227899640559 0.0630068238636291 0.161369968786291 0.0702647379585264
0.115419692807868 0.0625542284863661 0.146810343729389 0.0698565420010837
0.0908036299730723 0.08351198472361 0.124318239619933 0.0827692327054529
0.0543221961576132 0.118322985995516 0.0798379342451633 0.0805044778263411
-0.0520694120604848 0.129298841896756 0.047271514204639 0.0759525931056729
-0.132638432619496 0.0703296560329045 0.0385237493305854 0.0516305076105667
-0.132343634286773 -0.0463934380922113 0.0452940988333454 0.0684402465636534
-0.0715510992217012 -0.129604797999537 0.0272802844964216 0.136092804241341
0.0509061825779058 0.0568895615793384 -0.0697579702386617 -0.183518579085407
0.0754625723576995 0.015326300550976 -0.0907635465193968 -0.103568352059512
0.0676677586290961 -0.0404178186059736 -0.0538138230005116 -0.0529227780423713
0.0186239131004752 -0.0674836868328805 -0.0433100910419373 -0.075932211575369
-0.0242526400397598 -0.0560823213705723 -0.0768520369877768 -0.102481552511959
-0.0347810678338945 -0.0366853405790867 -0.130883938362029 -0.111234427180258
-0.0339045901870891 -0.0352355501804339 -0.180693678607442 -0.095621289378338
-0.0302585306880484 -0.0291137795177487 -0.190280495679828 -0.0842019706829765
-0.0173898279177509 -0.0277886178429601 -0.154715281134207 -0.122782894341206
0.000845298016945056 -0.0290874980212279 -0.081577998425175 -0.152212078174994
0.0142482116762025 -0.0212080981661361 0.0161413260765701 -0.14676495411206
0.0328050616194399 -8.14185348863563E-05 0.077516617117694 -0.0807653059100868
0.0279779451530596 0.0260316400418514 0.0793317498859241 -0.00758595212294497
-0.00101463624600908 0.0426052649391739 0.0191939731135194 -0.00395957537689139
-0.0135600805566318 0.0563592579458323 -0.000819881672471255 -0.097076119359792
-0.00132518967015467 -0.0201881301984429 -0.067473732554567 -0.17872170203696
-0.00934343822994715 -0.0150265116582595 -0.081353739318365 -0.0950912762843334
-0.0141182497116928 -0.00141165407373831 -0.0271158308833173 -0.0551909059240459
-0.0113886742475781 0.00898764936912496 -0.0216064502138588 -0.089316126661233
0.0103844266162622 0.0163508184149226 -0.0693617840048545 -0.127187889130908
0.0259082986748818 0.00795393804248203 -0.13064481933224 -0.125959658810157
0.0419017136954513 0.00233226778605729 -0.178703810186782 -0.106585754703467
0.0469898598288628 0.00692843083971109 -0.186305768414093 -0.0868973103633122
0.0522575619953429 0.0233113261739735 -0.155820719566179 -0.121819363765031
0.0274517675626712 0.0393587057314785 -0.083980178050912 -0.145642023130163
-0.0020228502259812 0.0495812081147653 0.0113610650594252 -0.14589350479418
-0.0338820262923593 0.0368312012306878 0.0692846654481284 -0.0825631619268752
-0.0396886817326342 0.0158421161069751 0.0769296979108561 -0.0130577753433412
-0.0337402483949633 -0.00321119141813541 0.0131654367442369 -0.00959295697520648
-0.0262719316209174 -0.0105398283116426 -0.0134883146382434 -0.106266035717555
-0.0435933346964655 -0.0950830116936812 -0.0520580999677005 -0.149164336853085
-0.0853582640902932 -0.054475407794997 -0.0568790597714219 -0.0720195625564578
-0.10214863759252 0.0265441078358554 0.0105508769765406 -0.0455347990870984
-0.0553483128641068 0.0841202345373204 0.0124211421433094 -0.0896247690317663
0.0318770475574901 0.0955328639444136 -0.0437033362437211 -0.137967924361462
0.0779447589311074 0.0606388903559559 -0.107375659050836 -0.126896697214946
0.109715418732027 0.0448405550773054 -0.148827914827905 -0.103333667048332
0.116995800010612 0.0423297115551382 -0.155292893515557 -0.0758061293962
0.118892562067842 0.0653320729398169 -0.136083487203802 -0.0987575852004993
0.0638275832587088 0.0961426628278597 -0.0784628555053136 -0.114585442183057
0.00175116318545879 0.117553090922741 -0.0038710072516741 -0.123244607696208
-0.083936881165695 0.0904915139752402 0.0417109076438402 -0.0757315735950219
-0.106688640696813 0.0254274112674638 0.0565616721905517 -0.0219743878828311
-0.077335260662839 -0.0402736846690882 -0.0010466505075647 -0.0172888598897714
-0.0456400347366812 -0.0754598629392417 -0.0288621074472424 -0.0995145349548031
-0.0678553646648184 -0.154322450030028 -0.0293871746255806 -0.100763217067568
-0.134643386448579 -0.0972291060619066 -0.0277579581588161 -0.0382110362929183
-0.178587339655585 0.0326071513030514 0.0416117455142052 -0.0220205374457371
-0.110766574884827 0.139808552132039 0.0451375786894692 -0.0672618846237996
0.0310837723066376 0.167960714952733 -0.00664218439189489 -0.122142407806437
0.108657677039907 0.114623552463313 -0.0641747542235519 -0.106013721484427
0.15532875995614 0.0859857009875293 -0.0952431740297284 -0.0829513961317859
0.168688182371844 0.070762479587443 -0.0997287854342562 -0.0535484902968296
0.173626248016914 0.0923148891407781 -0.0942729425496132 -0.0635056130426314
0.105302412470987 0.131805316668127 -0.0560469022866157 -0.0685834149596009
0.027084105607896 0.170147847935872 -0.0108577406345641 -0.0812215994643216
-0.107546593153867 0.149978354932837 0.0150517658696843 -0.0499464498712686
-0.162647786511594 0.0544763212269942 0.0291528184459297 -0.0188081243307417
-0.128073440296711 -0.0622876522870347 -0.0166484665098826 -0.0172897811602845
-0.0717853081849018 -0.131642068803141 -0.0401803260585828 -0.0730794884024271
-0.0697422910244072 -0.187209169556795 -0.00725904542933102 -0.0421300584463352
-0.143199866926389 -0.130931346506917 -0.00631711768436438 -0.00294361076303057
-0.219349045333584 0.0145161307257578 0.0487345159969772 0.00851546526042413
-0.158928552213073 0.154148801818179 0.0559390288010706 -0.0230115869216335
0.00631415673074185 0.210540649888076 0.0255358519875814 -0.0726025043181883
0.112404483592156 0.154675227914135 -0.0134291814822063 -0.0592688272173451
0.172688586556104 0.117760782520114 -0.0283140986710472 -0.0454444424829086
0.194424459300863 0.0888747824454484 -0.030596136199802 -0.0231928803844884
0.205762649534428 0.103033975066377 -0.0352047073013742 -0.0241359572295252
0.138026908792694 0.143894344727439 -0.0142593926580115 -0.0196003527176908
0.0591587550507356 0.196785308966069 0.00216189001573837 -0.0304332349885808
-0.104473116017935 0.195406484876211 0.00582646828168876 -0.0100626329113828
-0.195272901358159 0.088329242843448 0.0116961774246906 -0.00101238627706106
-0.171786535387769 -0.0682592754114659 -0.0214212738183482 -0.00281497007891365
-0.0959314925917074 -0.170348386739521 -0.0398251686078522 -0.028740808208928
-0.0551467351382102 -0.187118873023456 0.00655820200447582 0.0160650130490512
-0.116151767413316 -0.141163153653069 0.000956980858366641 0.0229134192576542
-0.210282493538594 -0.0176461309919412 0.0267691077691294 0.030587218878555
-0.177616344262265 0.12639259001995 0.0345459840322286 0.0252335131819125
-0.0260662749778197 0.205719832692479 0.0337642144751585 -0.00305096876438224
0.0917990638322287 0.166322034062327 0.0286995125949587 0.00785141391758206
0.160648910732928 0.130611111496024 0.0393670424355638 0.00580645169982049
0.190730656076673 0.0938580399862347 0.0438626959746088 0.0109608022881046
0.20722325617106 0.0981718012453438 0.0324075050854391 0.0125920810747369
0.148615706152723 0.135838487317075 0.0383468899829612 0.0234126566247258
0.0793190777781937 0.192203683343422 0.0299756139227974 0.0155370469607891
-0.0876329603309266 0.206735771311843 0.015947845127433 0.0294687742877115
-0.199824538318666 0.107143556753434 0.0128909969932287 0.0219809843533203
-0.191911205983716 -0.0641226554661839 -0.00758973312884358 0.0203281675242038
-0.108815578671244 -0.183570418199652 -0.0236499611101723 0.0277512543063958
-0.0352442422492085 -0.157356994354278 0.011517426919408 0.0637892619306272
-0.0736959497157726 -0.124407944396109 -0.00112222959608352 0.0327254509505449
-0.160387049534941 -0.0396513438004942 -0.0119492197428748 0.0315867035082852
-0.154083769307397 0.0770887788806579 -0.0107760463988375 0.0573869387832505
-0.0446119825501022 0.159265170578083 0.0167633295933239 0.0659953583020362
0.0595816657860772 0.14216905127711 0.0529802483935042 0.0781315424232853
0.124573998295689 0.11864052597568 0.0968949065624802 0.0607341648338783
0.158165239972363 0.0846151951020864 0.11141164299242 0.0432781428559795
0.175661395634582 0.0838452474871779 0.0970914017597048 0.0443437964851648
0.131264510910225 0.114344700545248 0.0887484810315982 0.05690682314025
0.0773934621248735 0.163903082150648 0.059550454464826 0.0525180917622953
-0.0691617693088182 0.181677951448907 0.0334388321611861 0.0579080199479526
-0.176968382970415 0.100327994490892 0.0259181984850127 0.0398389099441744
-0.178395371366527 -0.0566078866214806 0.0185651527599131 0.045689469873351
-0.101221134583704 -0.169731878566368 0.00185522476224152 0.085764771743743
-0.0179835415177006 -0.107035631874435 0.0136147446504512 0.095137909365456
-0.0362508297395431 -0.086085559486271 -0.00273159709643086 0.0292047909345329
-0.095162409222365 -0.0389875602294069 -0.0481287076318018 0.0163653129927944
-0.0988831568084995 0.033138746020457 -0.0562388877700937 0.0686367257428353
-0.0395594516633859 0.0906065756542182 -0.0103276705342496 0.115467071720104
0.0277604267364215 0.090458982600701 0.063331043120264 0.134551078151216
0.0730365919214137 0.0832274697139544 0.136991075093457 0.106402950551901
0.102472634433402 0.0623786395287961 0.162298222701557 0.0688712974720003
0.116352414047901 0.0617344950339292 0.147329922131454 0.0688039477074617
0.0920421480863504 0.0832186331325235 0.126162474967452 0.0824639173619261
0.0551043954843789 0.118103089076396 0.0801254492961807 0.0806679121926986
-0.051411984394463 0.130117783388537 0.0469987355689714 0.0757409071561134
-0.132707396418348 0.0716580854801515 0.0378436577499714 0.0510666881950568
-0.132659960699112 -0.045664544739152 0.0454481888917197 0.0671570380734334
-0.0730636535377147 -0.129508387998606 0.0288575570056164 0.136316611746355
0.0513329985405706 0.056912819029515 -0.0711190126251892 -0.183334241794441
0.0758186809524781 0.0150342186423186 -0.0915123530565963 -0.10235790833227
0.0676554253343927 -0.0407791710654221 -0.0536180567016996 -0.0519672837566917
0.0184898727664792 -0.067998560214629 -0.0434462312246901 -0.0757254164657922
-0.0246823580781251 -0.0559162805050606 -0.0770180541067709 -0.10276788483074
-0.0348711718591522 -0.0365358650246684 -0.132769598386038 -0.111587733109242
-0.0343137674490537 -0.0357525719524202 -0.182753831094437 -0.0950968933540631
-0.0309183273834315 -0.0291285617409407 -0.191798261916466 -0.0827032188405554
-0.0174375664699248 -0.0275584866676375 -0.156741407599018 -0.12159416919867
0.000342244519979891 -0.0291190075753729 -0.0838982256477917 -0.152120482781449
0.0136715268290859 -0.021406899569779 0.0148541037014956 -0.146836045666022
0.0330339143548745 -0.00130304191015441 0.0769483474107231 -0.0819050153794756
0.0287034436937456 0.025681267443661 0.0795686040841994 -0.00851902127047525
-0.000732671955153046 0.042829760214715 0.019597947000525 -0.00423150895152264
-0.0132841028152875 0.0567181708301526 -0.00118563002643477 -0.0970217727715912
-0.00150060537877899 -0.0197767743583605 -0.0688467037856929 -0.178435683779965
-0.00948345971811717 -0.0141900339566396 -0.0815555866882578 -0.0937478616249392
-0.0142919277872829 -0.00122766669349358 -0.0269209827970884 -0.0541951814930873
-0.0112914550143209 0.00967036309711898 -0.021728297484522 -0.0898099634693732
0.0107542684729715 0.0158775629095492 -0.0701909989157715 -0.127592458908089
0.0260900390055362 0.00798599180904374 -0.131987084766051 -0.126643066085259
0.0423919223067783 0.0019180970573794 -0.180707372642267 -0.106291867943363
0.0469319780097872 0.00651125192547663 -0.188684614336508 -0.0854574741064031
0.052734426589562 0.0233360114183772 -0.157837622581083 -0.120578870485801
0.0278865054432053 0.0395027873291888 -0.0859224486174085 -0.145801023266385
-0.00209055381140282 0.0500161845559194 0.00932712174875232 -0.146386490435352
-0.0330041826591113 0.0370055122626403 0.0684152630762402 -0.0835692923778763
-0.0397198359875785 0.0162907818770442 0.077453631735528 -0.013541637946887
-0.0338039290088187 -0.00244270572411326 0.0136480292177515 -0.00978929458507676
-0.0265473680219044 -0.0101506205665085 -0.0136677886232039 -0.106332796771334
-0.0443488868124621 -0.0943462197744932 -0.0530708769010086 -0.148885679270624
-0.0863181126888694 -0.0536807067747806 -0.05685398498473 -0.0709473390390064
-0.102032079640559 0.0278855170780779 0.0108631835418892 -0.0451183210622352
-0.0552761352823542 0.085194888097754 0.0130443541043958 -0.0899375331156289
0.0326347651963117 0.0959025267299592 -0.0447135923705955 -0.13827483011094
0.0786578120538813 0.0609614666535308 -0.108260352008186 -0.127941003499574
0.110198081345982 0.0439259388456409 -0.15007010429127 -0.102976175562561
0.117849371907973 0.0410206340577932 -0.156400478480635 -0.0747474311486806
0.120580256922074 0.0647623317874326 -0.137594823388925 -0.0980467704850777
0.0649400098601649 0.0957188266476717 -0.0798486632244452 -0.114143958074317
0.00261976488741666 0.117649968553304 -0.00544306744471619 -0.123625589426193
-0.083457715133067 0.0905736413907369 0.0408098254448813 -0.0764107447331134
-0.106833416833873 0.0265528118233597 0.0569151311844367 -0.0230876740752366
-0.0776807451997095 -0.0396927187994753 -0.000702711337516997 -0.0176370091717595
-0.0464712583621031 -0.0749749556561835 -0.0291626419809387 -0.0990414121171651
-0.0690566644606291 -0.153720859982411 -0.0298444283635354 -0.100873991884
-0.136126898569179 -0.096258526572812 -0.0277545965598162 -0.037685060353919
-0.178533973566241 0.0345675366882821 0.0420551486481682 -0.0217700794964646
-0.110049581859758 0.140807529925921 0.0453507780521537 -0.0675155489242996
0.0321933206360212 0.168843291485541 -0.00726468911883077 -0.122678193265463
0.110396194304744 0.114641321852174 -0.0650296465352649 -0.106647444228766
0.156931051985732 0.0854877035561757 -0.0964158441345373 -0.0833011973888139
0.170495325777273 0.0695466619908646 -0.100961354066719 -0.0528691786320328
0.175125461632181 0.0909418240234042 -0.0956125547290084 -0.0622022727036338
0.10653954722933 0.131491432571934 -0.0573369089904278 -0.0682316794807754
0.0280612598270579 0.17087498064898 -0.0122163161324796 -0.0814249168055744
-0.106744230156521 0.152028720580503 0.0146636661678297 -0.0497850607524353
-0.162523202844718 0.0560533748168513 0.0288565168933445 -0.019566120230377
-0.128923322972875 -0.0610928132448195 -0.0163336162776862 -0.017517674809201
-0.0728309720019858 -0.13124110864533 -0.040558441388034 -0.072861414250109
-0.0712383208644195 -0.186538161437856 -0.00749537386708469 -0.042144302740593
-0.144481165100159 -0.130162313567039 -0.00654086169234925 -0.00235716788632132
-0.219514298860212 0.0163526400451099 0.0495093679212134 0.00879736024894087
-0.158532448604469 0.156252889346904 0.0568123359517301 -0.0235979319452925
0.00801253612751773 0.211476289817979 0.024786773688773 -0.0738927062700413
0.114081133177446 0.154640188011973 -0.0138267246916309 -0.0594672503138989
0.174418485969841 0.117235062199692 -0.028921869341354 -0.0456704121922878
0.196308465381537 0.0878871275934349 -0.0304116763695924 -0.0228726743237387
0.207117566636688 0.101023087854925 -0.0355024112371953 -0.0233033688555089
0.139942396476687 0.14366185858363 -0.0142094380130295 -0.0192804938123403
0.0609925419687095 0.196572151139426 0.0010150869088246 -0.0304348970393497
-0.103700333254293 0.197321592365648 0.00526271900884695 -0.00968438362746973
-0.19550700012395 0.0903176216789391 0.0113077787306785 -0.00164753695293609
-0.173018284477774 -0.0667932939849115 -0.021420165333365 -0.00338968440967722
-0.0975530508911486 -0.169862015486616 -0.0397370392720196 -0.0285739296818451
-0.0568414485224288 -0.186821569605261 0.00692595178086958 0.0158036158316196
-0.117115701620763 -0.140777162837553 0.0012985178130297 0.0233022728995259
-0.210536818645859 -0.0157462120261792 0.0272156782278671 0.0306621840998369
-0.177582701802109 0.128186212346172 0.0357005203634669 0.0253161954354589
-0.0243305558670436 0.206804236062347 0.0338791317762714 -0.00340448042121831
0.0931954341296853 0.165849308889872 0.0288302393411119 0.00741938689434217
0.162457252630034 0.130084882648977 0.0396723408999312 0.00531925028082228
0.192907328467583 0.0923984664063789 0.0438855493189041 0.0103013046290848
0.209009454468563 0.0967263687959867 0.0327479518302588 0.0131755331750198
0.150398186636343 0.134941711258622 0.0389035761863419 0.0231915081551521
0.0817303246375936 0.191984586886103 0.0292729056990741 0.0162004120503164
-0.0860380895452218 0.208573358132764 0.0155403287709876 0.0296815564506232
-0.199509227398072 0.109614057612775 0.012616959178285 0.0216008829605749
-0.192923770525823 -0.0626326482866293 -0.00794982525058823 0.0202138455008988
-0.111051477001069 -0.183376973043851 -0.0236887906285079 0.0279280678088447
-0.0361587608198314 -0.156737889301036 0.0118986130916903 0.063432299135331
-0.0745113130236972 -0.124014636229976 -0.000674169354611758 0.0330641902270769
-0.161116771288736 -0.0385806405966444 -0.0117434568132502 0.0317795581344859
-0.154199035151486 0.0789790820344188 -0.00992853009923577 0.0576425789619929
-0.0433219811697963 0.159999017706277 0.0175289583289159 0.0653650226051274
0.0608778612239201 0.14209039716417 0.053799517339202 0.0782518767950703
0.126130174891187 0.118424688517368 0.0981487595114515 0.059868957657043
0.160163989766643 0.0837419259215474 0.112090953567072 0.0429924730506783
0.177445971538515 0.0823860960927331 0.0982052192054214 0.0441613117058115
0.133271139709188 0.113962389970408 0.0899650395329609 0.056730095097114
0.079151481000081 0.163796131847611 0.059557431257388 0.0526368786424935
-0.0683383111493667 0.183772467027898 0.0334544446573717 0.0578925470370045
-0.176978531271691 0.101844100967082 0.0255846121289363 0.039241050858124
-0.179432068805194 -0.0555150421124349 0.0185816298613859 0.0454268691474772
-0.102868008749731 -0.169694391845259 0.00287152459408992 0.0854028986131979
-0.018492551883154 -0.106958466267694 0.0141960139661915 0.0948024611543585
-0.0366360690651081 -0.086925579384782 -0.00331870820318292 0.0293217405254728
-0.0959892331841277 -0.0387027630971884 -0.048423225505501 0.0168279174395489
-0.0994021884148112 0.0339080019376766 -0.0558034325585467 0.0693431972424075
-0.0389338303374119 0.0908643222085423 -0.00903154558543346 0.11600552463236
0.0289173813212642 0.0906781842458501 0.0644645904948749 0.134212694016178
0.0736883645277893 0.0832574674212405 0.138887499415514 0.105563218190633
0.103677733552951 0.0617154708171989 0.164207939926959 0.0681973226534338
0.117407273145429 0.0604257983109826 0.14950019095323 0.0687832053164132
0.0929884133609865 0.082937245602209 0.127358497954598 0.0821699020170878
0.0564677956754097 0.118132879123546 0.0808106007480208 0.0808183025401672
-0.0510194715547868 0.131857473351336 0.0467334690108749 0.0758204698042843
-0.132873330029621 0.0729651746560331 0.0374147785394744 0.0504140044177965
-0.133644646569976 -0.0448490338176068 0.0457357955065314 0.0665759432284601
-0.0741717746951759 -0.129545049701605 0.0299557933323556 0.136456344143065
0.0515384979103755 0.0570563134156859 -0.0726819144521005 -0.183279669570393
0.0760677697435165 0.0149530217883463 -0.0920304834974444 -0.101419422546584
0.0673330454945691 -0.0414253078351673 -0.0533360366714564 -0.0509114083743694
0.0187259692952484 -0.0679974285505956 -0.0432667260928343 -0.0758172695819835
-0.0251823745321102 -0.055765236962806 -0.0775733875420316 -0.103680907818432
-0.0351817664701078 -0.0365931666792486 -0.134133856089171 -0.112536273437148
-0.0350958965607403 -0.0354302103084852 -0.184912254188874 -0.0943352301139313
-0.0312196142061831 -0.0286269949431837 -0.193894628086649 -0.0816295159732031
-0.0183109353190513 -0.0273645990705029 -0.158441363699817 -0.120850312693611
-2.98745698524561E-05 -0.0292105389123783 -0.0855304954641559 -0.152221335281257
0.0136016395869031 -0.0215498210211069 0.0137384851090069 -0.147885948092855
0.0336804080826244 -0.00168864128015201 0.0764895483194145 -0.0829043662237494
0.0288902580688575 0.025590671717596 0.0798004314080694 -0.00936744472406556
-0.000365211781563706 0.0438770811305742 0.0203219383847205 -0.00465775810087583
-0.0127847711917308 0.0573728849626906 -0.00157109726052916 -0.0971398626058387
-0.00196073502807035 -0.0193867891104245 -0.069998441609488 -0.1777360222842
-0.00998416183775171 -0.0141187236822571 -0.0818510730235997 -0.0931974384639906
-0.0141302999841741 -0.000803375372388536 -0.0263100490318756 -0.0538735017392113
-0.0111832431522525 0.0100501938837505 -0.0214429696086414 -0.0898054861049674
0.0108030030491997 0.0163378404740438 -0.0707170026464776 -0.128153690294498
0.0264644134310316 0.00857939009808367 -0.133751051663086 -0.127096277106819
0.0425742348825371 0.00171725814486613 -0.182623420524096 -0.105479310713276
0.047511810030704 0.00592898129271118 -0.190668070995472 -0.0845966036645244
0.0532099421934041 0.0224626411482946 -0.160153551402907 -0.119775728493216
0.0280939465645768 0.0395825641081735 -0.0877856707070211 -0.145281382902474
-0.00175323470845256 0.0500560880223386 0.00856879003868091 -0.147089557450857
-0.0331326463071352 0.0372265890072314 0.0680531119309392 -0.0845121504057312
-0.0395263508560561 0.0167493997969033 0.0779475058517811 -0.0144416494879347
-0.0341150935081707 -0.00227668844717517 0.0140278007460507 -0.0101058745686396
-0.0266316373409813 -0.00951016907349956 -0.0146521165172504 -0.106528462266684
-0.0457674606854599 -0.0934671912452438 -0.0535636028319611 -0.148880346680232
-0.0865998011034467 -0.0528041363786156 -0.0569112849460405 -0.0702000114549551
-0.101897348001611 0.0289723398645679 0.0115947244760597 -0.0447713449254391
-0.0547554847145854 0.0868941256902555 0.012988437081104 -0.0906959652005135
0.0338740262567185 0.0960971622222439 -0.0451282549682392 -0.13944242942919
0.0793545149720271 0.0609558438254291 -0.109726946664849 -0.128271317690077
0.110950930559802 0.0439793846931581 -0.15178512701467 -0.102465582413515
0.118822873455432 0.0403498916977241 -0.157957855940546 -0.0736534940270926
0.12160002378548 0.0635771642878415 -0.139519038437729 -0.0969065074055924
0.0656046387080979 0.0959885420407503 -0.0814194637637616 -0.113513141260454
0.00327465785623523 0.118155580903964 -0.00720605844562159 -0.123900474193336
-0.0833195109383437 0.0920594573117583 0.0403532084104114 -0.0770079934709371
-0.106548615025027 0.0270114150677928 0.0568650963300188 -0.0237125987295674
-0.0780676230907827 -0.0385730592088307 -0.00033607721658908 -0.0181608650233531
-0.047513357349393 -0.0747392196038799 -0.0298487229137471 -0.0992770715643463
-0.070426676741199 -0.153105252978376 -0.0302344641129551 -0.100211185465732
-0.136878123152108 -0.0951011588681692 -0.027553730304555 -0.0364747170565277
-0.179310484900588 0.0367352321171734 0.0428579026556498 -0.0215574936069284
-0.109918172751393 0.142749703836069 0.0462954259442906 -0.0679114853505278
0.0333490684580686 0.169235577221408 -0.00790161394935483 -0.124087800272236
0.111871367507597 0.114972178473254 -0.066025550768496 -0.107369428078435
0.158299890030438 0.0847692761410786 -0.0975592255789736 -0.0825831594964167
0.171726810467535 0.0684046138910555 -0.102031948300493 -0.0514549152522546
0.177029024438002 0.0899166705633772 -0.0964559990367127 -0.0619526581461203
0.107671724378257 0.131905004393107 -0.057771161525273 -0.0675511769601975
0.0293665737205102 0.171398663238411 -0.013612009251213 -0.081341699169775
-0.105945240684901 0.153360461395483 0.0142557373666966 -0.0505509439363524
-0.162936982091397 0.0577184971078197 0.0287822404778736 -0.0205313565196573
-0.129748406600453 -0.0604138590312894 -0.0160493723118355 -0.0175672043992238
-0.0744256535005716 -0.130604763778675 -0.0408083432570577 -0.0726930323945318
-0.0730834001904901 -0.185865476226543 -0.00742673131368505 -0.0419116197080279
-0.145833022602511 -0.129494653509097 -0.00618628778211744 -0.00199129851311515
-0.219971965526405 0.0185992696888125 0.0504453026915786 0.00877066624421125
-0.158665919196152 0.158949925363791 0.0573461163674431 -0.0234442491059621
0.00954374149394354 0.212094887282213 0.0246873500760686 -0.0747396151441068
0.115825641778935 0.155080317954508 -0.0141489613646473 -0.060172729428067
0.176734646400961 0.11707994722992 -0.0290992565155315 -0.0454533851694423
0.198234468457196 0.0859475423812651 -0.0309890772307599 -0.0226865108706995
0.209709989155639 0.0996826147759578 -0.036012145215044 -0.022543901072899
0.141467315945848 0.143340519501733 -0.0150526075335668 -0.018851212001371
0.0627832399591339 0.19762969466722 0.000208099596300037 -0.0302312076520073
-0.103014560226648 0.198843219060189 0.00503757000845143 -0.0098440886115086
-0.195339217414987 0.0923668475235358 0.0109738654779172 -0.00216740107158869
-0.173866917013055 -0.0661745247943144 -0.0212551157141411 -0.0034797668480597
-0.0995452904634815 -0.169468958417473 -0.0396115989397131 -0.0283148897280568
-0.0580892211509153 -0.186197231041481 0.00688246207540672 0.0154491106286062
-0.118399696382501 -0.140260420663263 0.00118680204115646 0.0240361021554576
-0.211021106838936 -0.0139533365052835 0.0277743826533428 0.0312541269438376
-0.177881256803099 0.130323686775562 0.0362117331106323 0.0256749003590777
-0.0231088430617801 0.208462388227433 0.0344929039644207 -0.00365787168796946
0.0951712859253564 0.166470770981848 0.0292198334087724 0.00707645402355182
0.164381634159156 0.130200589792414 0.0403635330859755 0.00546938042715864
0.195201977220078 0.0914242732388229 0.0442992495009467 0.0105625303576841
0.210923888533804 0.0952960269685105 0.0333970905209584 0.0135367797452118
0.152340930832332 0.135016740848988 0.0394732944976822 0.0233700691738842
0.0837004143975258 0.192835698181175 0.0293390623984053 0.0160586986432571
-0.0850646844753562 0.210373958326807 0.0154011196776184 0.0297188566499399
-0.199593045500616 0.112055815607598 0.012247939425192 0.0210812927453963
-0.194383058082769 -0.0614213626414725 -0.0077423703715298 0.0194287219013275
-0.112891245031514 -0.182534629234964 -0.0231501100240045 0.0279552498079556
-0.0372709343464948 -0.156438133991251 0.0122075800531804 0.0636325194008402
-0.0756010227894855 -0.124572943776086 -0.00106704861851201 0.0336564605170323
-0.161842501227962 -0.0369660412600614 -0.0111799018468737 0.0322928722703806
-0.154912542766016 0.0808625478936177 -0.00899777147632138 0.0580254555034764
-0.0429792701607387 0.161262924186374 0.0181527841409375 0.0655517732975125
0.0622734054087958 0.142964909191873 0.0550206059039042 0.0784154055468421
0.127742920270121 0.118288319591942 0.0994222968816797 0.0595876172516695
0.161832295396923 0.0825158262155628 0.113238158458469 0.042130419243146
0.178960893508791 0.0814447306553577 0.0992992689583626 0.0436461723779296
0.134542858226509 0.113785776078536 0.0911081172820022 0.0568135179699179
0.0807082673709284 0.163945717872637 0.0598281222222647 0.0534979398187351
-0.0678198831196287 0.185218097318257 0.0334314798181492 0.0581294085167964
-0.177660048842085 0.104237205951887 0.0249966523854248 0.0388003555682691
-0.180533127160957 -0.0548048086935688 0.018259629154653 0.0444965608889024
-0.104579733304306 -0.169440828981304 0.00395075356876934 0.0857817795832024
-0.0192814239526762 -0.106346938426385 0.0145181946179336 0.0946229123476225
-0.0369463272240391 -0.0871546961923392 -0.00393351354886054 0.0295358027147805
-0.0965055901653476 -0.0379911888280353 -0.0482874773930883 0.0174774577572466
-0.100336328351157 0.0350919378343631 -0.0553559283782008 0.0701944485222678
-0.0388111959260714 0.0919372008185259 -0.00803150229790357 0.116214381469566
0.0299154388424257 0.0907576682317801 0.0660826701577056 0.13459064994967
0.075367918461468 0.0829842731011243 0.140551394487747 0.104733087825994
0.104915709854904 0.0609635583401234 0.165423242271187 0.0670634048788356
0.118662500180559 0.0601222996375088 0.151607347216723 0.068495024189661
0.0941777921257986 0.0826340381210896 0.128875357383177 0.0826148769689886
0.057941061140922 0.118412041032933 0.0808418703791552 0.0809867302433526
-0.0505396534480002 0.133083894798117 0.0472586094059887 0.0754529588299366
-0.133132076437497 0.0743372046028631 0.036501012700343 0.0497622505632488
-0.134633728067483 -0.044929583115316 0.0458047055408652 0.0663719198247132
-0.0757148481055693 -0.129625728465399 0.0311140597309746 0.136183240844104
0.0516910872479429 0.0573431738127738 -0.0739838272756628 -0.182901224335794
0.0766969879546718 0.0149606853324444 -0.0930157206023532 -0.1008947045932
0.0677830579132208 -0.0420886982699064 -0.0529034241907215 -0.0503904787595006
0.0185458672984163 -0.0690982680745464 -0.043624791417273 -0.076254363612811
-0.0257385378638558 -0.055762416094895 -0.078506592909972 -0.10456984400581
-0.0361899312379868 -0.0362598987408433 -0.13591657954364 -0.11291988505654
-0.0358263207199711 -0.0355825806530809 -0.187379356758731 -0.0940450408027178
-0.0320186183862479 -0.0282950042467371 -0.195846550527502 -0.0803421610548511
-0.0184046798158435 -0.0276350375383731 -0.161107767009303 -0.120614856384271
-0.000246198832921452 -0.0293708062333406 -0.0876534229371165 -0.152563588583471
0.0136345670250923 -0.0220193572369598 0.0125466144286364 -0.148815630523558
0.0340255985745042 -0.00240677417819334 0.0761351651421853 -0.0836012306759856
0.0294910210720762 0.0256254063736844 0.080772643156084 -0.00999602856091753
-3.81939498560159E-05 0.0439253762171794 0.0210916813734712 -0.00499695572483388
-0.012739586284221 0.0579704180852205 -0.00226614435432245 -0.0973661555015621
-0.00213572981711694 -0.0186788434960685 -0.070942460789107 -0.177762614420097
-0.0101160658648765 -0.0133856959694145 -0.0822655653320204 -0.0918595482006259
-0.0136559605441794 -0.00047932370695068 -0.0259231315320755 -0.0535969696520741
-0.0100475011264877 0.0101462667045857 -0.0220279978449581 -0.0902832785022806
0.0108655161287756 0.0164573724088086 -0.0714205337289323 -0.12952986076281
0.0263914428747496 0.0081063489372492 -0.136204234629325 -0.127603956061344
0.0430589704562771 0.00165241542594272 -0.185108764479743 -0.105086563655011
0.0478211745103351 0.00595555875875241 -0.192529187872305 -0.0832799130852663
0.0531869957432718 0.0220960898766383 -0.162298446359781 -0.118902540247832
0.028395692972708 0.0394381653666087 -0.089314416141254 -0.145452223612575
-0.00164074753795694 0.0501620423444226 0.00678247288901626 -0.147966049183535
-0.0328426238247167 0.037015275508195 0.0673186665769836 -0.0854435630830508
-0.0394759753159704 0.0168694294357071 0.0789636902260485 -0.0154722680309593
-0.0346063642792596 -0.00195669577067796 0.0146110852307236 -0.0102131602954456
-0.0271564209576417 -0.00899226188370409 -0.0149188297907916 -0.106709171213539
-0.0468303487224652 -0.0931058628455077 -0.0546527668928054 -0.148904111683348
-0.0880350892542488 -0.0517484340519871 -0.0569989501845153 -0.0688480086487538
-0.102031784812112 0.0300541189845622 0.0120432111695954 -0.0449265623800873
-0.0545571583763764 0.087828679973882 0.0134457692066398 -0.0913248204896742
0.0346328233524269 0.096474341699839 -0.0463721677489263 -0.140297616840803
0.0805097887648723 0.0611237605406742 -0.11190144226776 -0.129153267317427
0.112411637033876 0.043421285222033 -0.154407027445056 -0.101626579021871
0.120382774037073 0.0394716176235334 -0.160380925546094 -0.0724129779431841
0.122828696363543 0.0630442783708104 -0.141573876574129 -0.0963947252465303
0.066623967062277 0.0965509797449685 -0.0828326711008257 -0.113784688605641
0.00426900985117512 0.118810101666364 -0.00881784096465266 -0.124529010712031
-0.0834487818903507 0.0926887131871189 0.0397998774315282 -0.0775314912351856
-0.106940248495192 0.0283111971570809 0.057910180727506 -0.0247693551116628
-0.078753236978709 -0.0385042180194031 -6.08982644402733E-06 -0.0184646282365029
-0.0481617815842612 -0.0745031820956148 -0.030291170418873 -0.0990921853659434
-0.072301681756555 -0.152349123839123 -0.0308196120086397 -0.100373287990396
-0.138312971238944 -0.0943640470402117 -0.027393800851542 -0.0358536353929725
-0.17936008708112 0.0386845353510715 0.0439344709309038 -0.0214204451694543
-0.109548434250304 0.145166812156785 0.046351190143151 -0.0688029089925193
0.0349599605033928 0.170127603769418 -0.00873540365535141 -0.124810483492614
0.113180137756084 0.114823339143414 -0.0675119559694333 -0.108268392191331
0.160464435265656 0.0846426924884581 -0.0990059911080206 -0.0822672720217111
0.17416408950108 0.0674583881828164 -0.103537569907031 -0.0511816836378439
0.178492525102313 0.0885767136929646 -0.0979936596105204 -0.0610210989415503
0.10927430428833 0.131764786089123 -0.0591448105072701 -0.0673463277260936
0.0309858855250802 0.172072684211821 -0.0147114412143048 -0.081649390460215
-0.10600131883629 0.155444084069295 0.0133076214713013 -0.0509643786982013
-0.162837115299019 0.0592117101274815 0.0289760972110563 -0.0215782059841606
-0.131052721837729 -0.059852058747481 -0.0163495445532652 -0.0180952416453804
-0.0757464825492903 -0.130433249763359 -0.0410793298918328 -0.0727337370022783
-0.0740932881221133 -0.185320583143768 -0.00757454363839055 -0.0422661661513031
-0.147464261684883 -0.128921540492862 -0.00610509355019161 -0.000949233828433102
-0.221250937113533 0.0200120148470245 0.0509593779662509 0.00914446658554674
-0.158581193218086 0.160861393952153 0.0583326078576876 -0.0239581808807519
0.0112642738175445 0.213894016280781 0.0244390259244604 -0.0757007192115779
0.117780164419615 0.155041799576317 -0.0145358788274568 -0.0605925447595887
0.178757430337109 0.116795257376859 -0.0296433983401523 -0.0456790358057704
0.20080804909172 0.0846714322106522 -0.0317992441288061 -0.0219935197225843
0.212009558272517 0.0981419240652664 -0.0361970205665569 -0.0222684552229586
0.143193912291727 0.143765685365671 -0.0150715400888927 -0.0184894252106766
0.0647255065366911 0.197885981370218 -0.00063219230246107 -0.0301629206587964
-0.101909804868132 0.2013235355192 0.00448648820872015 -0.0100069559187575
-0.196004411403253 0.0942196907732971 0.0104205662766815 -0.00283955557670962
-0.175064680616103 -0.0653212279498892 -0.0215186570139188 -0.00399578448329294
-0.102012594512346 -0.169326570204169 -0.0400258861306009 -0.0279820571006376
-0.0596031377914357 -0.185805938710699 0.00715849254680861 0.0153720207073023
-0.119609654772831 -0.14082592237269 0.00136086748190776 0.0245263208439307
-0.211672941722966 -0.0121846441602022 0.0287275884969113 0.0317678910768867
-0.178394635312705 0.132652601195159 0.0371754622200686 0.0258633232053967
-0.0213094676103222 0.209221184193417 0.0347365384434157 -0.00419300305452079
0.0972142116108043 0.167198758523192 0.0299345132910418 0.0069276020418193
0.167159396672496 0.129819972757834 0.0406852898678982 0.00495950975978818
0.197157442017164 0.0898063082142296 0.0444644970192412 0.0104534971973247
0.213657247451292 0.0943266140551612 0.0336632119263065 0.0134792011970397
0.154029684809179 0.135319640088736 0.0399400752544001 0.0238262285492905
0.0854965361096131 0.193121966859097 0.0291048127893918 0.0167993000956277
-0.084739800537969 0.212716914480424 0.0154242756314173 0.0299387926398027
-0.200050296255905 0.114438626441926 0.0114956764723344 0.0206340620775685
-0.195697428563809 -0.0605564020723595 -0.00834734028763456 0.0195004752499739
-0.114847325406205 -0.182656098748108 -0.0225886942015432 0.0283599458515986
-0.0383738913140372 -0.15664781612843 0.0125868408869962 0.0633009000310293
-0.0766370319042705 -0.125421305647853 -0.0016287047666277 0.0341410877232037
-0.16326790741057 -0.0360968118288429 -0.0107836374826117 0.0329678115598933
-0.15537360690734 0.0822404333653794 -0.00874404337850673 0.0588374184735099
-0.0421952439363383 0.162797095718503 0.0188896673021606 0.0661713538150059
0.0639548960707385 0.143372621730577 0.0560711906235972 0.0781502634528112
0.129961937953932 0.118367100008649 0.100800254977872 0.0592368537119011
0.164284981941179 0.0816225809105905 0.114464060034302 0.0418296300122456
0.180928772088011 0.0795510268319758 0.1003739543843 0.0437427703237787
0.136633734174922 0.113863210566826 0.0924131686398299 0.0569451390513343
0.0825847758226012 0.164709989369202 0.0600197627486017 0.0537803360473833
-0.0672832215811061 0.187156427600758 0.0335828863295888 0.0585324402344741
-0.177951035168821 0.106284539463374 0.0240680762558731 0.0383045812731095
-0.18195309885188 -0.053657166289034 0.0182275162731895 0.044354082488475
-0.106661808556527 -0.1696000577944 0.00464818711646052 0.0855867283454799
-0.0193200152133504 -0.106887177281844 0.0142863012032901 0.0949961112591554
-0.0376977101786269 -0.0881591779562625 -0.0039545561962535 0.0302799821481735
-0.0976375547225958 -0.037719028310097 -0.0486234583388544 0.0186780528849622
-0.10024973888744 0.0363194469331737 -0.0550924108298434 0.0707604360443768
-0.0382916549970364 0.0931025757486322 -0.00730602681291347 0.1168824414977
0.0308370098756341 0.0912508438657096 0.0683708605207382 0.135281337456362
0.0762759607106382 0.0826443197421698 0.142338369131778 0.104430274803258
0.106276294822889 0.0603902174282815 0.167022910241513 0.0663928523330158
0.120387175755393 0.05933408263288 0.152985333646013 0.0677959984631321
0.0955258430573503 0.082579354116199 0.130928938021084 0.0819546394991175
0.0590878731675847 0.118597390361087 0.0815833039417661 0.0821766956440054
-0.0496650461202553 0.134657782846329 0.0474212031284377 0.0757843343711935
-0.133533706807397 0.0757221419983244 0.0358900321549209 0.049393112108412
-0.135562246464826 -0.0441539678467407 0.0462200687454058 0.0658935792807888
-0.0770510463423031 -0.129870154654331 0.0330126220410368 0.136281476228424
0.0524656386859085 0.0575396890220467 -0.0756160761313109 -0.182801810385922
0.0771573819178722 0.014930584750302 -0.0937296933446364 -0.0992352678360995
0.0682392594532392 -0.042924574520888 -0.0526585782600408 -0.0496606239014039
0.0181485818709425 -0.0693881317384724 -0.0432815943636306 -0.0765672811888646
-0.0261693091673185 -0.0557954747193244 -0.079571358606949 -0.105486814803595
-0.0363504733981052 -0.0358545298127845 -0.13864049839588 -0.113760661125081
-0.0365650128336935 -0.0355255664184114 -0.190646238829893 -0.0928794886964852
-0.0324545359126961 -0.0281533929249603 -0.198505786349559 -0.0798529568188983
-0.0186623251566745 -0.0279264455283119 -0.163920412337367 -0.120041211891127
-0.000494519085507577 -0.0295258998582665 -0.0897219359607575 -0.153054438277038
0.0132441646424033 -0.0224730110332816 0.0110926432829504 -0.149966372133642
0.0346127971641084 -0.00307452322087445 0.0757407623170613 -0.0848322150532872
0.0304488457774405 0.0255514152115173 0.0810903627764335 -0.0112780670810263
-0.000107315772126945 0.0446485252574738 0.0215872760666754 -0.00515328362950122
-0.0125449480646395 0.0583549939400851 -0.00272321190020675 -0.0973700220652233
-0.00290415899508424 -0.0187995552623353 -0.072735782081125 -0.178116911951667
-0.00989030073369301 -0.0125861738972501 -0.0831714873109157 -0.0917523321667264
-0.0138506232194644 0.000146952524726032 -0.0254933320764745 -0.0530730831443833
-0.0108793991025867 0.0105758199422959 -0.0218588390029705 -0.0902710690477938
0.0109001485736523 0.0166295502333016 -0.0724724560320365 -0.130024150340107
0.0271129391544719 0.0081452066807008 -0.138187752173929 -0.128796451495535
0.0429784799929138 0.00166646279160011 -0.187597124699966 -0.104670429250703
0.0482037549014487 0.00569428161389184 -0.195354569883229 -0.0821186347913886
0.0539815219162608 0.0217479539911031 -0.164894121999028 -0.118349401424088
0.0290702226281964 0.0397913020875434 -0.0918071911294827 -0.145511907696409
-0.00137077147038584 0.0504867949787812 0.00550591331666419 -0.149082792447375
-0.0331318793862875 0.0375377169655011 0.0674828367375517 -0.0864667119878841
-0.0392722329360526 0.0173505832342807 0.0790761581461875 -0.0166881581623404
-0.0342917033451011 -0.00166214611019697 0.0152884508699963 -0.0112185041124742
-0.0274455165634392 -0.00841922221007613 -0.0154977544597363 -0.106719979433455
-0.0480626536967126 -0.0927155775409167 -0.0556023685384787 -0.148884953049652
-0.0892293791077626 -0.0509710228253677 -0.05679468128172 -0.0686137602589164
-0.102362793915217 0.0315614103919034 0.013139372219825 -0.0444658957101841
-0.0543889119060549 0.0892222599973762 0.013793567370904 -0.0915151657541058
0.0361367903282913 0.097495539476498 -0.047474472862378 -0.141883897544158
0.081620302206306 0.0609954284123008 -0.113283877992908 -0.129764940414077
0.114131304043217 0.0431114842502768 -0.156724252543311 -0.102088598782327
0.121708477833521 0.0390259671294754 -0.162427735323935 -0.0716766240432529
0.124269680198156 0.0621038387246182 -0.143756706325235 -0.0958478834204364
0.0679080568832841 0.0965825052303281 -0.0852734391349699 -0.113481165887527
0.0047864915802106 0.119786714219506 -0.0100699245564468 -0.125210514619485
-0.0830587893773661 0.0939376883829336 0.0390842126200488 -0.0788857633007691
-0.106855678640562 0.0291887967719862 0.0577308765383082 -0.0261482648046413
-0.0795916198209652 -0.0377320247906363 0.000471100796424934 -0.018680385133275
-0.0493569942820646 -0.0739059696426377 -0.0306362387632562 -0.0994183430135931
-0.0734490565909996 -0.152085017473589 -0.0313108880489216 -0.10075312809722
-0.139667378282854 -0.0934333781544648 -0.0274258880423817 -0.0351981184625779
-0.180021118223199 0.040752972925902 0.0447504287304879 -0.0216947372259457
-0.109593801492426 0.147641659483944 0.0476304298104526 -0.0690443768497079
0.0372337777692495 0.171730496302111 -0.00919440020300358 -0.126200396329611
0.114708968477326 0.115003465705775 -0.0687381962515049 -0.109033518589921
0.16279222234978 0.0839262044031916 -0.100567030576525 -0.082483500537549
0.175841696649966 0.0663908601992437 -0.104974882701091 -0.0508518934672318
0.181213139572501 0.0874827325559831 -0.0994663466039805 -0.0599618920256682
0.111180496828024 0.132214254707203 -0.0607736867998792 -0.0669111645331563
0.0322642997490946 0.172783931054348 -0.0162135952880824 -0.0815813201877801
-0.105218828026759 0.157477317175165 0.0124254557425312 -0.0515247019591367
-0.16327100971996 0.0610359278892892 0.0291757693422147 -0.0226132828779964
-0.131507094514997 -0.0590280076680165 -0.0158490124056294 -0.0186611951666733
-0.0773986221076373 -0.130555247277723 -0.0416629125598233 -0.0730643862947564
-0.0763693398293698 -0.185149803631742 -0.00780761385344072 -0.0423348993537261
-0.148948734048408 -0.12846528595279 -0.00575426327591408 -0.000240167812927517
-0.222154608868135 0.0226669467775513 0.0521314844010762 0.00947329261472757
-0.158414991141288 0.163611402618772 0.0593166118110052 -0.0240578949318051
0.0133474913786095 0.215024478515005 0.0241937258092996 -0.0763537684197116
0.119710698502038 0.15570715753779 -0.0147441006010147 -0.0617752267823966
0.181353196317206 0.116150034134913 -0.0301194956010065 -0.045422067201612
0.203478455147903 0.0839594323855009 -0.0320068361181224 -0.0214807060605205
0.214730915182642 0.0971507544218129 -0.0369737963688862 -0.0215217936102559
0.145830445881996 0.143805514537812 -0.0154931749387021 -0.0181789774195699
0.0664976303647474 0.199022574287781 -0.00136743589614468 -0.0295700855462219
-0.101043815708811 0.203802892864725 0.00406366206394656 -0.0101911658049746
-0.196543354511631 0.0965405519940274 0.0101243202274336 -0.00372641181891601
-0.176850742475015 -0.0641326107080604 -0.0217639817935362 -0.00436394390553177
-0.103553882787532 -0.169290843444584 -0.0401704137681021 -0.027897757590342
-0.0609945323851499 -0.185721663155742 0.00706602284494835 0.0153679154620975
-0.120887837140628 -0.140681828919733 0.00142603624421299 0.0254400024338733
-0.212997199968073 -0.0106680110436176 0.0295416682412022 0.0316913545854766
-0.178940386828047 0.135162553899328 0.0382091562142072 0.0259906078901433
-0.0196880951348748 0.211200280917352 0.0351351122302881 -0.00466427979230547
0.0994883747353122 0.167789953799643 0.0302911936742875 0.00634337211698684
0.170194876204216 0.129201318427303 0.0409509364203072 0.00490294845301454
0.200067519040765 0.08867444876836 0.0449926248802219 0.010292656268487
0.215859809996965 0.0923624911356319 0.0339732548670906 0.0138904634890974
0.156851784778419 0.135004226846605 0.0403444668818279 0.0239991754915652
0.0876820625581401 0.193588219771798 0.0290195592075289 0.0170492825836629
-0.0835506755774875 0.215017878201778 0.0153656177367748 0.0298221259620779
-0.200072319862786 0.116751481796228 0.0108310017393809 0.0198515562222802
-0.197571775202039 -0.0594204097303515 -0.00842732702509876 0.0191509333462083
-0.117013108804802 -0.182835098351176 -0.022931768235697 0.0283680629693346
-0.0388838330903563 -0.156707946587425 0.0126000474083272 0.0633121439499208
-0.0771488512478071 -0.12557473588642 -0.00172440789867092 0.0346676892034438
-0.164131689759006 -0.0354470445369158 -0.0108620017015487 0.0336499001716537
-0.156335321565176 0.0846734026020554 -0.00769557628965688 0.0595245391204906
-0.0408867436113206 0.164160741044469 0.01956763693439 0.0660169878374938
0.0658269287787309 0.14390813367006 0.0576027812315864 0.0784260669864867
0.132581488493037 0.117754079557032 0.102055129450045 0.0588177377010702
0.166514893322257 0.0807276797589454 0.115431843628142 0.0412272637166208
0.183327955583845 0.0792732807870943 0.102062023645222 0.0437778448241503
0.138492526729863 0.11348692941117 0.0938889625950282 0.0568021880218241
0.0844031731360539 0.1646588732239 0.0603938672517977 0.0546755216631202
-0.0662334888604937 0.18937921971603 0.0336756059747686 0.0587215531350201
-0.17811341519311 0.109003650656531 0.0235796086117426 0.0378432458362838
-0.184221385075555 -0.0527776456631206 0.0185175290306302 0.0436423556483507
-0.108731737161691 -0.169828470644534 0.00541713406090182 0.0861040271055539
-0.0200691027674046 -0.107160478905661 0.0152275207396013 0.0949348783336108
-0.0384148358937452 -0.0883553680923956 -0.00453715936412216 0.0307147074062905
-0.0984266580441322 -0.0370615608829358 -0.0489383804176063 0.0189802214249801
-0.101742938973641 0.0370304454484687 -0.0546047396245541 0.0719503319727106
-0.0380290743681112 0.0942954393904693 -0.0059056875612519 0.11784209817885
0.0315585146875506 0.0913769934546615 0.0701385153996542 0.135638615515054
0.0782761113508299 0.0830639643070306 0.144715006933323 0.104372763861791
0.108103907955412 0.0596069871530865 0.169347236722965 0.0650595060770739
0.12159815619404 0.0588715253424063 0.15486496890564 0.0675939955849795
0.0971574631699923 0.0828674997367867 0.132513430677865 0.0820107694196782
0.0603464604944231 0.119185288883652 0.0829124418108977 0.0825507344031516
-0.0502374481196563 0.13635068472206 0.0472658463552131 0.0762089022086094
-0.134004201371903 0.077802686726899 0.0355832836390762 0.0491792855811509
-0.137102298664876 -0.0438826091807229 0.0460761954862068 0.0651412046688184
-0.0788676079256795 -0.13008813392874 0.0345241999103328 0.137165362265576
0.053379186071014 0.0574224865066386 -0.0774679922615768 -0.183101975899469
0.0779375061968649 0.0150527667596048 -0.0943025530414418 -0.0986687370714146
0.068597319999967 -0.0434262820062551 -0.0527949771699842 -0.0489844383361966
0.0183260350060234 -0.0700118237815366 -0.0432213230682294 -0.0768531364820078
-0.026931413483783 -0.0559423642940717 -0.080078605756129 -0.106275131168219
-0.0372214146548778 -0.0358095570646596 -0.141038988931055 -0.114094689304597
-0.0371621122650768 -0.0350346665176929 -0.193034442580591 -0.0928411615943833
-0.0334457444739479 -0.0283734663467661 -0.201197423849093 -0.0782198370971953
-0.0193274787482469 -0.0276781401722326 -0.166607717503393 -0.119369100046523
-0.00121011066054348 -0.0298536774138768 -0.0922081141430706 -0.153267892801845
0.0131658089970385 -0.0228745020770951 0.0096603589137238 -0.151396032998578
0.0351798915238031 -0.00366695734508711 0.0755383323650268 -0.085826577227759
0.0307801428248318 0.0249833956498246 0.081581976466399 -0.0125199965212494
0.000474754666408511 0.0452214728005579 0.0224836175075549 -0.00553648423684859
-0.0121210528482846 0.0591774111709658 -0.00290612556378597 -0.0981466276310487
-0.00277711160205593 -0.0182108640093777 -0.0745849343659545 -0.178459043134243
-0.0104930435864371 -0.0125897369228151 -0.0838839681615094 -0.0905452272171886
-0.0138482173898196 0.000239515039543553 -0.0257055293527574 -0.0529413308486993
-0.0105867877395717 0.0110960093644918 -0.0213800889952284 -0.0908960051374165
0.0118889691666101 0.0169034059721915 -0.0740871278666487 -0.13138900673535
0.0272799955044609 0.00841940819161808 -0.140482834152243 -0.129450692431793
0.0436180066981861 0.00145670444098894 -0.190928866300511 -0.104120997648788
0.048868678310379 0.00528838193856071 -0.198223147091489 -0.0811312988386018
0.055142706097418 0.0212998756165109 -0.167628501409343 -0.117832176598628
0.0293045311375625 0.0394987283016724 -0.0934171446345399 -0.145630684972932
-0.00114215313992421 0.0510522559026173 0.00414345296667672 -0.150075962960241
-0.0328221957356615 0.0374653863625439 0.067030761854276 -0.0871507210773462
-0.0393729993868324 0.0178035889189954 0.0794944884953404 -0.0175335044954745
-0.0346921126122076 -0.00110284999516401 0.0156411622158126 -0.0112458636444421
-0.0280232989188969 -0.00794528469463382 -0.0158005326884206 -0.107070650373325
-0.0487072158659537 -0.0923068546713833 -0.0567679641312052 -0.149632839338898
-0.090442576805785 -0.0502938817028026 -0.057698526954026 -0.0676065669643565
-0.102655109909609 0.0330020960835207 0.0136454124970059 -0.0446205670045051
-0.0540038945674929 0.0905167036483182 0.0136685354789176 -0.0926525450850778
0.0371199871696313 0.0975016403665993 -0.0487421292090283 -0.143164239152576
0.0827670060027054 0.0611248494528227 -0.115779586700588 -0.130835535116042
0.115019097143766 0.0425117780961313 -0.159061274282456 -0.101314631824853
0.123398224146176 0.0381345458803281 -0.164325740470684 -0.0704109094396325
0.125571052707282 0.0613504031056863 -0.146713008465818 -0.0944919018210019
0.0690913213937838 0.0969468951331557 -0.0869729499473135 -0.112955947262645
0.00570062480069491 0.120465594190755 -0.0117735618219444 -0.125919542981177
-0.0828796045079096 0.0949413554216769 0.0384953136595776 -0.0796025078225139
-0.107579382225147 0.0303804195538435 0.0580329924523645 -0.0275449805624085
-0.0802811484336162 -0.0370456484867367 0.000781122785774798 -0.0193729453573907
-0.0504311629395349 -0.0734175957789948 -0.0314686530998016 -0.0994671777282916
-0.0755889223363031 -0.151508875122248 -0.0318176702711691 -0.100930505269466
-0.141556183253623 -0.0922665075250313 -0.0276204750370284 -0.0349935125000305
-0.180935501367909 0.0436161361725897 0.0464622177826195 -0.0218954831448968
-0.109548349120357 0.150159065836816 0.0481090927576674 -0.0699942447393189
0.0387733822774973 0.172973902331723 -0.0101495906010066 -0.127333229361951
0.117025468165069 0.115213533910924 -0.0698480081618875 -0.109860590249668
0.164866406149758 0.0839346923754889 -0.102222534020933 -0.0822219722558888
0.17855854292206 0.0651740446647026 -0.10625739429738 -0.0495038456336849
0.183667131477747 0.0863298770358721 -0.101327320413778 -0.0592113259795302
0.113254016466721 0.132551594762499 -0.0613342962909608 -0.0665959482991769
0.0339392933183197 0.174089265556351 -0.0173091270028118 -0.0823211493360597
-0.104765404954087 0.159146399760045 0.0121190420418786 -0.0520762702452789
-0.163964015716635 0.0629566259765212 0.0287402081317008 -0.0235529049618648
-0.133068705623826 -0.0582871170722033 -0.0161753731126663 -0.0186067082598648
-0.0792761307460635 -0.130230501219134 -0.0423613906089527 -0.0728745927776341
-0.0775716359548199 -0.185059247371626 -0.00870287754820838 -0.0426204137747288
-0.150823890433491 -0.128531948720891 -0.00567929700102 0.000663207092802104
-0.223373546108143 0.0250428707795502 0.0534880914946993 0.00938090947073571
-0.159047693539006 0.167341302712833 0.0607380289972242 -0.0247115369074203
0.0154439179090607 0.216809766349284 0.0237687253911605 -0.0778667616655879
0.12245748819318 0.156468282256441 -0.0154939926805307 -0.0629828277617624
0.184269906798618 0.11619673907955 -0.0305802832655175 -0.0458448099172193
0.206665049188229 0.0826377471653582 -0.032184091253316 -0.0215793649671764
0.217234020013138 0.0955237163359415 -0.0375750179423344 -0.020884811618312
0.148498857554174 0.143791126546514 -0.0157317013436464 -0.0177044356947507
0.0692287647635626 0.199797627277313 -0.00227518694831752 -0.0298996388729631
-0.0999276745656401 0.206360999330676 0.00361285234297775 -0.0102444107062812
-0.196908786247323 0.0995856438419127 0.0099699140707821 -0.00408253327069854
-0.178590894436824 -0.0636398700332635 -0.0222733325925686 -0.00422682994512733
-0.105701389150565 -0.168965696818229 -0.0402806677970223 -0.0277757251274396
-0.062308839600526 -0.185932963392949 0.00735616441332821 0.0152268325357513
-0.122910110030516 -0.140894422130739 0.00171157799512302 0.0258608221058005
-0.214680077025344 -0.0091809343511424 0.0302800020533865 0.0325286402888997
-0.179454387420094 0.138453314086576 0.0392943684838112 0.0262154801026032
-0.0181414604134892 0.213350711250104 0.035437611375221 -0.00537407366346967
0.101564804434975 0.168673963825201 0.0308009344466324 0.00601860075195627
0.172673749627539 0.129142588677334 0.0418151092154841 0.00397806936544338
0.202688092979674 0.0875925488406018 0.045993609533872 0.0102823541450752
0.219242348759756 0.0911286324320466 0.0346145286900114 0.0143016245429987
0.158915338327113 0.135276765023994 0.0411990194305142 0.0242684368626605
0.0902373986380471 0.194442868787971 0.0284044652603566 0.0180069346723384
-0.0825823992101544 0.218266207445789 0.0149059958280233 0.0300195959616386
-0.200931665960177 0.119853364399487 0.0107920157609028 0.0197418490548745
-0.199668037534354 -0.0581516102944313 -0.00861105664039349 0.0188461356418258
-0.119729067396118 -0.182887019990613 -0.0220933448874693 0.0285863808073217
-0.0397778495269924 -0.157312451650645 0.0129351778314533 0.0632292950089546
-0.078635066732457 -0.126458594110296 -0.00167347258869222 0.0354276154887853
-0.165403104885458 -0.0344175082321162 -0.0106348644999711 0.0345608293237873
-0.157130319753518 0.0867950650918522 -0.00708199990074263 0.0600503650204364
-0.0395132802563048 0.16624373691732 0.0205241023280031 0.0659916677223645
0.067345364317316 0.144373316338288 0.0590034098415071 0.078488613937199
0.134872839144687 0.117721570866651 0.103645182652867 0.0584577453070257
0.168918593474237 0.0794434744998042 0.117313598828922 0.0404132098150427
0.186158444857971 0.0780430014157082 0.103247826027088 0.0430718813685936
0.140635247840471 0.11365452569284 0.0951006922635605 0.057118302588484
0.0869133366729976 0.165338481450106 0.0608455230622857 0.0548830926708517
-0.0654316021648232 0.192081640920841 0.0333753889039503 0.0589230867894716
-0.178650608882503 0.110931567796684 0.0229760139861269 0.037842763221879
-0.185703888798057 -0.051820076988805 0.0186704437770529 0.0432984688942604
-0.111283368474855 -0.169807838332497 0.00643092060888223 0.0865238047970797
-0.0204387384268755 -0.107936144208466 0.0153774871326429 0.0950857042684046
-0.0384785503373098 -0.0895546600036299 -0.00510287017176545 0.0311390251093257
-0.0994271170438921 -0.0367956742058335 -0.0491570395689174 0.0197285112344605
-0.102458544468419 0.0386226490771284 -0.0542135954984298 0.0731788608385506
-0.0374699948509938 0.095017427124595 -0.00510339565302366 0.118951389201765
0.03281529985085 0.0919431040598884 0.0718846118676302 0.137040453539023
0.0799902008835619 0.082834865896784 0.147444396555494 0.103538200392903
0.109860743710485 0.0590940311637731 0.171752045918804 0.0642764910620481
0.123743051788847 0.0579633457153823 0.157362974167071 0.0666153213601481
0.0989385269666657 0.0828087827072723 0.134788244852512 0.0817750528126111
0.0625530647441195 0.119363223761531 0.0835543949023083 0.0832077305518006
-0.0490869226103351 0.137687313061822 0.0472518969281374 0.0763089782754996
-0.134427349205168 0.0796201400340831 0.0350453654938467 0.0487013475193248
-0.138691090295233 -0.0431540423732015 0.0463391208798463 0.064880453709519
-0.0803550751942213 -0.130643543159915 0.035910539477911 0.137008406921056
0.0543107323773254 0.057520425963221 -0.0798144491432137 -0.183757026963983
0.0789319379458467 0.0149768383480377 -0.0956389294078872 -0.0984701147760072
0.0685247678616994 -0.0441635082901487 -0.0525371282192773 -0.0487435967307345
0.0178288081675492 -0.0709804464996666 -0.0437013778169016 -0.0770925878841242
-0.0274044924466403 -0.0564106913116064 -0.0815356966135065 -0.107280357170869
-0.0378746621160967 -0.0358592581077208 -0.143811390931323 -0.11455434326063
-0.0381201274046861 -0.0357001399723946 -0.196431893117311 -0.0919213285096706
-0.0340867401600867 -0.0277109319997628 -0.204410861829309 -0.0766209756431406
-0.0202295133505435 -0.0279821765216598 -0.169939705763902 -0.118540212155011
-0.00160040038892487 -0.0302688809411086 -0.0951591667840026 -0.152987670694379
0.0127566942512586 -0.0231467337483344 0.00810162486806454 -0.1524470729898
0.0353733745247676 -0.00463176466516566 0.0750871868383743 -0.0873287540877252
0.0317263586256601 0.0251286936887668 0.0824930860981439 -0.0138744173271766
0.00100507725352365 0.046018167129694 0.0228242761882636 -0.00630068153751562
-0.0116389588228075 0.0601006369420578 -0.00336071117025469 -0.0987859205196866
-0.00333383139598454 -0.0181891556465451 -0.0763638823217406 -0.178777976704838
-0.0105160384133006 -0.0123657280356346 -0.08521481578281 -0.0894092562005195
-0.0139576832433713 0.000696914578505288 -0.0249188925113634 -0.0522026821244298
-0.0101538573676664 0.0110849221586169 -0.0218518714091828 -0.0917719175681328
0.0117406425176502 0.0166147427960904 -0.0755174646265024 -0.132177735098853
0.02743590876115 0.00847633789155828 -0.143963746891524 -0.129987841245489
0.0439727832520372 0.00096360522470644 -0.194629694144086 -0.103334380185527
0.0495152113437609 0.00526715552170346 -0.200432221600632 -0.0799549154933501
0.0554337401033741 0.0208614362861513 -0.170859426323808 -0.116496191053164
0.0296478012541578 0.0398661142720385 -0.0963062189673112 -0.146080125677296
-0.00103433539496345 0.0507720953446675 0.00237921450458013 -0.151227370818841
-0.0327261027217108 0.0379197144978722 0.0663080536280672 -0.0888878561070045
-0.0389289553539921 0.0180150808085061 0.0800634839061747 -0.0190873200637847
-0.0347814902426797 -0.000273712177177625 0.0165010444321384 -0.0117827377132467
-0.0284661372666336 -0.0074462848197027 -0.0166195570466061 -0.107642067303294
-0.0503992733564513 -0.0919269950632943 -0.0579988399111919 -0.149674604120771
-0.0913348405009071 -0.0490852640608929 -0.0573897604215645 -0.0668492734778974
-0.103106887084081 0.0348826228342441 0.0143574286835746 -0.0444171864877891
-0.0534543497684078 0.0925273031551545 0.0143943066202863 -0.0936414535664338
0.0382152448888551 0.0983799695839836 -0.050215346477741 -0.144357241044201
0.0840182696545556 0.0615207376599764 -0.118229913146476 -0.131805293003242
0.117051919532497 0.0421347952698236 -0.161993158609418 -0.100911861739742
0.125066060208436 0.0369094283004123 -0.166682333335827 -0.0693596544700057
0.127496749760478 0.0614332102277241 -0.148744157876222 -0.0935968049123748
0.0701771022169298 0.0977405895755308 -0.0891666936890333 -0.113056459574897
0.00679237060351799 0.121672627239851 -0.0135026623488496 -0.126545671936961
-0.0826863793891583 0.0962230302373483 0.037642918783723 -0.0811293719201817
-0.107559896276612 0.0317122362054738 0.0585015660703343 -0.0285967912510726
-0.0810162688547454 -0.0364933886090224 0.00103556575555836 -0.0200439587441963
-0.0516016874706872 -0.0733060013985646 -0.0321074592597946 -0.0997122182886689
-0.0774571839484833 -0.151316003816007 -0.0324449068169801 -0.101585172667976
-0.143664469596161 -0.0913921065142945 -0.026994280492638 -0.033715324118671
-0.181826657369919 0.0455247596688227 0.0469192024477567 -0.0220025986042224
-0.108751647979785 0.152581865728258 0.0484181367918802 -0.0709620020968044
0.0407035716713816 0.174286216919223 -0.011409568202045 -0.129045425819674
0.119453521218886 0.115350491915645 -0.0724253498210943 -0.111374339101365
0.168009224860555 0.0831966978677035 -0.104263228680715 -0.082600577604529
0.180705935922288 0.0643995651095672 -0.107791373316928 -0.0489242589402309
0.186651744294768 0.0848716000130681 -0.102594494942543 -0.0585458282360692
0.115392491627448 0.133051827970523 -0.0630286640906647 -0.0660461071733317
0.0359317645581949 0.175730938768136 -0.0185092154844528 -0.0822768471186861
-0.103960823985845 0.161629968292222 0.0110450282031362 -0.0523759514810942
-0.164426993425659 0.0652911171036639 0.0283992328324288 -0.0247777188484531
-0.134708249311254 -0.0575158414783987 -0.0158126137447123 -0.0191051573723789
-0.0810509228218732 -0.129916838186816 -0.0429307219609434 -0.0729028305742278
-0.0795377199296396 -0.184427526801756 -0.00833508742555776 -0.042715657093952
-0.153337158793353 -0.127539144595786 -0.00540552337428691 0.0011098326569776
-0.224514909537741 0.027635430262884 0.0543059191073848 0.00943049587929658
-0.158671862327499 0.170013310594013 0.0612858439633982 -0.0247465294780275
0.017376452618112 0.219208622166456 0.0238216410350826 -0.0791362473407809
0.125203714571218 0.156894128658518 -0.0160435106386219 -0.0632474619167045
0.187819584057647 0.115592505025817 -0.03143886250902 -0.0460442046465177
0.209210976108541 0.0807981736477701 -0.0329323520232662 -0.0209969853825981
0.220770705356729 0.0938715197461912 -0.0381093025562329 -0.0200186639192134
0.150865526425436 0.143984715841442 -0.0160776889117313 -0.0171425075089004
0.0718094935389465 0.200427693928928 -0.00344149231225237 -0.0293879101569857
-0.0993197041756425 0.208781682421617 0.00269130676749214 -0.0101737724551886
-0.197519471151085 0.102357914052435 0.00916569769700771 -0.00495387302296854
-0.180874044328046 -0.0623481339157119 -0.0219732833212417 -0.00468109970012979
-0.108029783265056 -0.169031408063426 -0.040624748105083 -0.0277386850036221
-0.0636108540171427 -0.185978288726256 0.00729848301732385 0.0152572456613284
-0.124363039689532 -0.140893749821526 0.00157377738923962 0.027153971267689
-0.216406182618015 -0.00685532094851223 0.0311463963934209 0.0329815852441002
-0.179327896477632 0.141167786700614 0.0402339415296055 0.0265704629970466
-0.0164602269435587 0.21557718188859 0.036035673968604 -0.00584810508767499
0.104263309022459 0.168903606212021 0.0312572936427868 0.00578986590910545
0.176766810073153 0.1292025889579 0.0425533609207796 0.00399588280292383
0.205592765339234 0.0862643241763846 0.0466155556583326 0.0103768966463796
0.222533356768327 0.0889816514450227 0.0351968519854785 0.0144665227404311
0.162063776429315 0.135284479028397 0.0421305131863205 0.024647798012429
0.0927832978478991 0.195482020042409 0.0283306212754952 0.0183347218400951
-0.0813568811466217 0.221129968545536 0.0146627193050178 0.0301137254833782
-0.201138727095192 0.122898903821777 0.00964695575183016 0.0191978953532501
-0.202077400474234 -0.0573839161754202 -0.00867542229744008 0.018575974242251
-0.122594991720381 -0.183165304303554 -0.0221846957345832 0.0286837056650906
-0.0408772664973266 -0.157376502728022 0.0131046702578011 0.0632426217252419
-0.0801308588234147 -0.127546671091669 -0.00203421844324763 0.0362835545349514
-0.166999159154683 -0.0325551678910636 -0.0103900789735174 0.035359669190446
-0.158168433105727 0.0889894390595267 -0.00593507299036265 0.0613751391299097
-0.0384543040232654 0.1683442780602 0.0215988554739253 0.066222726048081
0.0697309232738559 0.145415916872581 0.0604941994271716 0.0783402146519999
0.137474868573364 0.118389517329278 0.105657983228491 0.057681399582613
0.171561758462326 0.0783739130049606 0.118988102901204 0.0396955997852417
0.188549704641026 0.0766365019153373 0.105524962111542 0.0430737561161094
0.143454163511355 0.113453514167784 0.0971451472336951 0.0569903410654496
0.0891594558637305 0.166009245463354 0.0615778038342956 0.0558102444555255
-0.0646058168297578 0.19444483987101 0.0336900583358993 0.0592853611879819
-0.179289042216352 0.114207989822804 0.0222375388722813 0.0373516880539681
-0.187517567772066 -0.0511070767703771 0.0184820507511775 0.0429225831752166
-0.113639499584082 -0.170116234257413 0.00742394313314744 0.0868667943614977
-0.021372150216337 -0.108503343158494 0.0159167984449098 0.0953482856716852
-0.0397517746530161 -0.0909004453175582 -0.0055182115898967 0.0318447183891325
-0.100938958842507 -0.0357368473053565 -0.0497132051849453 0.0208266483208913
-0.103256035646256 0.0402124015479192 -0.0534963692974377 0.0744603022480664
-0.0370458010372799 0.0966242032023249 -0.00371495073278765 0.119138968803503
0.0342762206580831 0.0924857738509493 0.0746376873305481 0.137078046139585
0.0819870407866066 0.0829105206968154 0.149865322205752 0.102236275303364
0.112108410950319 0.0584878985564798 0.174198719042851 0.0629969782691736
0.125739457263673 0.0567959727489751 0.160191147785776 0.0659182492636749
0.10065669386168 0.082688689109606 0.137294118324422 0.0821255346979682
0.0639883370977467 0.119854501300786 0.0845251589742317 0.0840043062141479
-0.0484906200903392 0.140256170851073 0.0480309982483979 0.0770669101607313
-0.135269430863064 0.0816005501367835 0.0347587926789335 0.0490043306993828
-0.140215620368973 -0.0425266090233764 0.0469811954267833 0.0641873727285615
-0.0823631662698224 -0.131371914103217 0.0373646803638986 0.136922730531855
0.0548297238003135 0.057921436618655 -0.0817182028335294 -0.184066424372052
0.0797715090006515 0.0146889707007783 -0.0969122747428281 -0.0974557761259075
0.0689559167923023 -0.045197806751526 -0.0520210673324856 -0.0476057027061494
0.0178406421885194 -0.0717896828426845 -0.04376958228402 -0.0780015888492173
-0.0285107752920191 -0.0561859892710932 -0.0826331818924631 -0.107920406169483
-0.0384148618293739 -0.0358154848629311 -0.146909904224364 -0.115281922589064
-0.0390517870977423 -0.0348224906462767 -0.200103430841108 -0.0905344285320712
-0.0349151864427515 -0.0275152616316769 -0.207693681877743 -0.0750282788050948
-0.0207380256726697 -0.0276779036444454 -0.172985723458606 -0.117488079979273
-0.00236211389660127 -0.0306146608813968 -0.0978292240497176 -0.153360598455435
0.0126817203903019 -0.0234910073577261 0.00616071063213865 -0.154183103331063
0.0361788990615116 -0.00548210350084685 0.0746913923788208 -0.0893553934677244
0.0325253823426286 0.0248359691470128 0.0831234167344626 -0.0149286167503618
0.00164147325515956 0.0467118302620596 0.0238050340209139 -0.00675960195056117
-0.0114236670587094 0.0609451991591699 -0.00428822768508135 -0.0990313385200064
-0.00342127526159303 -0.0171997585037445 -0.0781206667117291 -0.179109548798805
-0.0107869449980507 -0.011252886515807 -0.0855150443934287 -0.089144147443525
-0.0134117358766858 0.000984610266687822 -0.0246266999656342 -0.0522965779801062
-0.0102242534053162 0.0114361773162132 -0.0220925568483666 -0.0924105125708328
0.0122698335941263 0.0171750062639746 -0.077502453083441 -0.133948490570282
0.0281402790130499 0.00840841116952431 -0.147181613068692 -0.130875829509672
0.0444920088185863 0.000880773038562176 -0.197582962011356 -0.103035374418221
0.0498935159366318 0.00430769469668006 -0.203780453366843 -0.0776698370418786
0.0561880899227102 0.0205978352066896 -0.173885214661411 -0.115615301069929
0.0303833735702763 0.0398312759752286 -0.0994385728449638 -0.14603624608398
-0.00047457860153082 0.0514761168114549 0.000557305210060224 -0.152207387183731
-0.032498822125923 0.0384223204222688 0.0658240107473803 -0.0904312177338237
-0.0389895045264509 0.0183845475938961 0.0811113715418088 -0.02041605085237
-0.0349790803803512 0.000275086980712889 0.0171198692470434 -0.0123050453558525
-0.028852370641373 -0.00660496533256734 -0.0175062263257633 -0.107822855224925
-0.0515049497118274 -0.0913691438431416 -0.0594056272623483 -0.1500339223117
-0.0927058233280053 -0.0482893816056391 -0.0587124471439652 -0.0663885512760561
-0.103571935206441 0.0364968726041407 0.014959632152129 -0.0445797485343629
-0.0534134544791514 0.0939284757338189 0.0143460306710178 -0.0944664130199878
0.0397290821999808 0.099351475879311 -0.0520432364926221 -0.14629331136769
0.0857087998499442 0.0613419288238638 -0.121376306372629 -0.132069678827763
0.118998961657484 0.0419813644982347 -0.165212854864976 -0.10049036207149
0.126468863053111 0.0360785792699077 -0.169230094073337 -0.0678309397394982
0.129499493957434 0.0598191436308368 -0.151588664872854 -0.092572928313667
0.0715806306245632 0.097851940158898 -0.0912828525048628 -0.112633679790366
0.00793552648417364 0.122433577296772 -0.0153452596842621 -0.127698215214822
-0.0826602366125222 0.0982809119590017 0.0371369926499772 -0.0817858497894387
-0.108532535036907 0.0332649439885045 0.0585335344250773 -0.0302760835089801
-0.0822124005349562 -0.0364527075176373 0.00183246856462161 -0.0202634345472161
-0.0527471843317065 -0.0727145346864154 -0.0326237276383377 -0.10015932669451
-0.0794247025376663 -0.150739880783515 -0.0335286817672548 -0.102092790430557
-0.145851541897923 -0.0910999298396966 -0.0275215827173469 -0.0331139649329128
-0.182368665724098 0.0479395719557655 0.0479450899945281 -0.0225282902920699
-0.108574984813886 0.155535796261925 0.0494894545455794 -0.0719594279577987
0.0434854757747353 0.175279519420809 -0.0125684200200994 -0.130676094595677
0.12170090840247 0.115895888716742 -0.0740807600902089 -0.111867853691034
0.170127970705024 0.0826567614747327 -0.106477305573497 -0.0820230351809137
0.183549958683808 0.0625104563418042 -0.109615423290585 -0.047597354468705
0.189108269813357 0.0835792386451322 -0.10491122875458 -0.0573960816508233
0.117787023870236 0.13330028376506 -0.06453713093395 -0.0655140839265684
0.0381841050081421 0.176215012032971 -0.0207215782916258 -0.0825133430592189
-0.103501396566864 0.164017057974943 0.0097118333852231 -0.053008414280519
-0.16537039540751 0.0671864513821881 0.0280371613361861 -0.0257371014613112
-0.135783281610139 -0.0564339339893245 -0.0158206978217757 -0.0194645727540287
-0.0832034600946478 -0.129977298295492 -0.0432968339868424 -0.0732863353878412
-0.0818149351170213 -0.184958870180831 -0.00865917072421398 -0.0430584309442542
-0.155460350486088 -0.127182742607516 -0.00508660425796894 0.00240754404771049
-0.22578418713898 0.0299030135939994 0.0559979324523751 0.00932551440775877
-0.158680375444341 0.173644000211973 0.0624412428108349 -0.0257574249659467
0.019537761388191 0.220765675911557 0.0234911900429065 -0.0803451987891755
0.128171818846736 0.157352766647767 -0.0172161073252813 -0.0642965484235754
0.191187460841834 0.11507565565878 -0.0322615860146689 -0.0457592487649242
0.212781021823876 0.0795566116085982 -0.0335422304809148 -0.0206361968194913
0.223947649809169 0.091945835932495 -0.0389605720344194 -0.0197756176466344
0.154139502475255 0.144039919879884 -0.0167761145676791 -0.0163963152424401
0.0745227206851174 0.202194743916984 -0.00392605724788467 -0.0290939409370067
-0.098250942605766 0.212801860351736 0.0023584949062841 -0.0104309256762012
-0.197888839089053 0.105178422984638 0.00887686748620244 -0.00586575686833232
-0.182759720463041 -0.0606405796911717 -0.0220971816741564 -0.00495108657161481
-0.110998773483944 -0.168595180948019 -0.040946656868655 -0.0275607216613403
-0.0656220952807879 -0.18606329519419 0.00769281328739558 0.0150642076319433
-0.126678417768323 -0.141033908450947 0.00214291559440979 0.027644874643364
-0.217981936941702 -0.00400254058137272 0.0323092018548433 0.0335527989514361
-0.18053838812005 0.144865162597648 0.041746546771969 0.0266524102989277
-0.0141652067399678 0.217916424062679 0.0365367789838499 -0.00677562668148564
0.107397381169574 0.169624213110942 0.0321683850123043 0.00490605279977807
0.179569606659926 0.128623226818257 0.0429639925875644 0.00371872109820691
0.209065056869558 0.0844326479187383 0.0470348826318412 0.00999744237668069
0.225833735178349 0.0877875558713216 0.035933676366754 0.0147371499773593
0.165216946218016 0.134896260675035 0.0426695328200589 0.0248217820053374
0.0959769664664285 0.196285064507255 0.0278836734973827 0.0190898261722009
-0.0806002916100632 0.224923360624854 0.0145372053136591 0.0308681756974371
-0.201850632142298 0.126049891806068 0.0086879272785859 0.0189001136738169
-0.204384719363405 -0.0555110421200348 -0.00890401308168831 0.0183430566235409
-0.125346485778495 -0.182845508056492 -0.0215209580449017 0.0293003494559246
-0.0426283470131535 -0.158049580776467 0.01390333979007 0.0635927263609924
-0.0816638588339883 -0.128051811625547 -0.00226223936538156 0.0369947616443767
-0.168756293119285 -0.0316197242769243 -0.00985967939413921 0.0361572975063625
-0.159843281977482 0.0917526264545601 -0.00486786225565964 0.0622898278317846
-0.0369055561775084 0.16997426178041 0.0225652734183977 0.0666395139101883
0.0721765359775342 0.145892642949953 0.0623389578013229 0.07865817420745
0.141210650344549 0.11730293825713 0.107349666736423 0.0570283910114012
0.174523385840256 0.0769052627846941 0.120891288074135 0.0392553592855357
0.191595547804285 0.0749711663659398 0.107044355578401 0.0429747632389372
0.146298329428341 0.11329007128684 0.0988433888842848 0.0570790521471332
0.0916618607121015 0.166445385341522 0.0621756651064649 0.0566296211493866
-0.0630474777391417 0.197626808211273 0.0338458859759725 0.0596720523274033
-0.179472185303242 0.117194971997277 0.0215334214771186 0.0369389326246551
-0.190027303309177 -0.0497475131596159 0.018610032849584 0.0430178615458424
-0.116337973903669 -0.170357170869361 0.00851495765715629 0.0872106058810741
-0.0218631565868983 -0.109058470356557 0.0159544764801005 0.0957476826575478
-0.0409577268826553 -0.0918967459911882 -0.0059853068935367 0.0329455434049257
-0.102241496899722 -0.0352417345982241 -0.0497003431717889 0.0219276108974118
-0.104160926522049 0.0418721077517932 -0.053179811358614 0.0757305968530625
-0.0363763787679117 0.0982431183722828 -0.00231261058391206 0.120588709437025
0.0356025695338648 0.0930948638112326 0.0773955827016033 0.137702831992482
0.0839834123953614 0.0826937003161313 0.153038784833542 0.101488667276116
0.113796078946876 0.057111963329216 0.176311669476199 0.0617577133596986
0.127621168173209 0.0560048516031844 0.163226997193655 0.0651846803385212
0.102488429349492 0.0823534058698058 0.139692145207555 0.0820126005821936
0.0660577812365477 0.120458401636503 0.0859931922657884 0.0848751633595213
-0.0479059653587474 0.142764073087128 0.0482706743405311 0.0774753656348565
-0.135936987777299 0.0842287022438188 0.0342070488268029 0.0487161402912309
-0.142286064112692 -0.0418769371365653 0.0470283768470863 0.0638138624157913
-0.0841680885113423 -0.13156855214014 0.0390436330240239 0.137662398033815
0.0556187334169867 0.0579246602728866 -0.0838582938170516 -0.184048983926222
0.0805412759078719 0.0143427075195668 -0.0979274506253005 -0.0962490152972546
0.0692562503684317 -0.0464284767945077 -0.051881967296138 -0.0469648120362438
0.0172847326797216 -0.0727500184467846 -0.0441024139091594 -0.0775057444153545
-0.0291877818457229 -0.0567327610514252 -0.0847960038532309 -0.109041461918613
-0.0390373821058564 -0.0356227654185528 -0.150769659194858 -0.115397009217769
-0.0397666557472494 -0.035001577988187 -0.203955601355783 -0.0897647704260522
-0.0356197481112272 -0.0272775464410084 -0.21085089911492 -0.0727590770036086
-0.0213861506807244 -0.0279544048296757 -0.176674699644884 -0.116018334027287
-0.00259747282359486 -0.031060622775285 -0.10149503960944 -0.15380649976304
0.0123039746017417 -0.0237621529292685 0.00412371029381254 -0.155310500725759
0.0360217906322355 -0.00596082191311203 0.073800571477422 -0.0906855122283111
0.0334084512083247 0.0248761142193764 0.0837614915059008 -0.0167024026601173
0.00221249050827629 0.0473292773445719 0.0245658545353089 -0.00769537796713648
-0.0109784875921345 0.061752642699585 -0.00482526252902661 -0.0993270154769146
-0.00402639363842781 -0.0170626714026459 -0.0800646284618199 -0.179431476687537
-0.0111264241351324 -0.0108108980406744 -0.0868367609545838 -0.0879585099166994
-0.0133215083956287 0.00129722972452429 -0.0244554791524481 -0.0519364648682003
-0.0096714427217989 0.0118763033190799 -0.0221786688269507 -0.0929722632334211
0.0128067556729193 0.0175521214849254 -0.0794481318667524 -0.134652941356702
0.028748859465674 0.00825714627824805 -0.150568202593333 -0.131510507853531
0.0455159651487271 0.000131640975252378 -0.202211181211258 -0.101175904925289
0.0503218110996901 0.00407695706350982 -0.207176110803895 -0.0762313791866197
0.05702393388298 0.0199838096051704 -0.177536792029086 -0.114798972753107
0.0309890602048332 0.040131077237239 -0.102449660996431 -0.146071531320043
4.91678421872454E-05 0.0518032688596316 -0.0017714936708877 -0.154060872129593
-0.0330039820530868 0.0384777382134575 0.0652303074166431 -0.0917564216172176
-0.0382302733079972 0.0188368656258153 0.0810718791456472 -0.022036465467746
-0.0354580000021535 0.00112178207437471 0.0177522298273643 -0.0129278149803633
-0.0290213716367856 -0.00607837244513417 -0.0184869141599857 -0.108311534133255
-0.0527287250447271 -0.0906988968876671 -0.0614022370472125 -0.150358592974184
-0.0940422688611476 -0.0470891836956489 -0.0586906778099287 -0.0656809706575053
-0.103153709066357 0.03807099884896 0.0155432291982827 -0.0451574801130969
-0.0522208176456767 0.0954584069592142 0.0140366641807692 -0.0957019723424156
0.0416239224161978 0.0999970025003069 -0.0538683318012492 -0.147655430923199
0.0875638785555276 0.0611777394867513 -0.124492320840504 -0.133341683031919
0.120709411018976 0.0409732433151697 -0.168566167530533 -0.0998261192085081
0.128403537160815 0.0344976740656086 -0.172431030201086 -0.0661550513483773
0.131429498311605 0.0588757687033561 -0.154618196401897 -0.0913457587322875
0.0734331631845843 0.0978104505426888 -0.0940046519911243 -0.112011259910108
0.00923833055239622 0.12339344640838 -0.0173677483687139 -0.127801485955144
-0.082260037500874 0.100271066080834 0.0360909398052058 -0.083171888322509
-0.108247176208059 0.0345047550519698 0.0586612513383299 -0.0315929789005703
-0.0830983453408405 -0.0357220364224094 0.00151988102900207 -0.0208073000976311
-0.0535808890464776 -0.0723675281760069 -0.0336281152252313 -0.100461741097087
-0.0810689451441072 -0.150657656278368 -0.0342697722193935 -0.101851477711394
-0.147594521782852 -0.089991959459053 -0.0272757403782105 -0.0327703767473337
-0.183151839550039 0.0508233833225253 0.0494688887762929 -0.022528746241272
-0.107753628998351 0.158314530457764 0.0499036562148864 -0.0731286561027405
0.0455610777962675 0.176803760308116 -0.0142570837689499 -0.132148004590376
0.125045967621058 0.115973557360043 -0.0758327719524617 -0.113321933005357
0.173715047626747 0.0816751089417651 -0.108539418283543 -0.0817323745925553
0.186459334550893 0.0603533768186343 -0.111525453288657 -0.0461605436077448
0.192066783771261 0.0817222890310345 -0.106542553559813 -0.0564885536410379
0.120575893042365 0.133143640974662 -0.0656873092944195 -0.065126418036221
0.0398273281309992 0.177825470115388 -0.022078384062567 -0.0826023451732838
-0.102793656517817 0.16683139110329 0.00906397620151544 -0.0539209213072153
-0.165809217866503 0.0699944245602772 0.0278849118970361 -0.0273664077478042
-0.138085005952367 -0.055449284774091 -0.0157180115685649 -0.0202596213608551
-0.0850412156490244 -0.129671522881814 -0.044227498577304 -0.0731811361885535
-0.0843982385498596 -0.184394600073765 -0.00868398779380258 -0.0428574130573365
-0.157810001976912 -0.126235006305177 -0.00448030866976323 0.00244759347122848
-0.227086034100949 0.0326364042371795 0.0572119379649236 0.00969809068143685
-0.158832842295919 0.177391724908682 0.0637004641345677 -0.0260085049005482
0.0233408144605315 0.223116511312185 0.0232900725221898 -0.0823217662433194
0.131453477006544 0.157994457936989 -0.0179931676881247 -0.0649774307686879
0.194829000431066 0.114481483613992 -0.0329364776082304 -0.0460585387813067
0.216241804723229 0.077527560811901 -0.0336690576174422 -0.0201402268875528
0.227669428270003 0.0895938993951977 -0.0393457684410679 -0.018844807917448
0.157133237137492 0.143753100092056 -0.0165170808906508 -0.0158142169046465
0.0774181079390665 0.202481640922839 -0.00500575111884403 -0.0288588191858305
-0.0965878435572942 0.215804121634799 0.00144990222481404 -0.0107548894250899
-0.198331313690227 0.108391530635779 0.00797046517230194 -0.00672940803262923
-0.185009654597214 -0.059828938522143 -0.0224480270308486 -0.00539964064742668
-0.11418152521744 -0.168651136698311 -0.041189799513801 -0.0274900629951884
-0.067538451299123 -0.186250140027653 0.00786160251092411 0.0148875678653174
-0.128989378804134 -0.141300556285973 0.00215110219399882 0.0285373008978262
-0.219478593735936 -0.00200309851960635 0.0331076612464465 0.0341075261946981
-0.180680694687332 0.147975050723091 0.0427806689385138 0.0266977480235608
-0.0116590344304629 0.220476766358939 0.0365566034577385 -0.00730524108834456
0.110460002194114 0.170157663732199 0.0323295429110775 0.0044282934891227
0.18353038818549 0.127895492867823 0.0437816455758138 0.00281253235377527
0.212788878766498 0.08245246084452 0.0479449114052604 0.0100276381567187
0.229382722020382 0.085683921456177 0.0365824567579966 0.0147724911756074
0.168781640473767 0.134366012028614 0.0437118768723884 0.0249251825594478
0.0990122759812736 0.196918494234821 0.0283074330489362 0.0194960955536214
-0.0782496108960719 0.228507588915267 0.0142995492459603 0.0308524223176972
-0.202081793979653 0.129573125556936 0.00801789316390238 0.0184732297727265
-0.2069390785611 -0.0541411144424978 -0.0092378399053164 0.0179988777567696
-0.128658975043027 -0.182584556249076 -0.0211769708613847 0.0293034816819944
-0.0437552173336093 -0.157823419939435 0.0141933711269255 0.0633505953951664
-0.0835643274069664 -0.128535013085667 -0.00161480939843801 0.0382299533168959
-0.170146099326162 -0.0300405912889734 -0.00979358121125503 0.0372953607373398
-0.160060783878747 0.0943094717125105 -0.00349178762783612 0.06293272913659
-0.0358496042998471 0.172251230112922 0.0240078301925705 0.0668806652386586
0.0743709135303609 0.14675717373969 0.0643784890572321 0.0782466381269397
0.143885820018453 0.117407227478951 0.109972370119285 0.0561347781339916
0.177641845733974 0.0752801476335851 0.122300637652399 0.0379032803364926
0.194941787333448 0.0728738524300004 0.108797072875803 0.042035865219995
0.149350676301868 0.112552518075027 0.100673169161578 0.0567985396507306
0.0946743795135988 0.167066533007526 0.0629488253428026 0.057243306863901
-0.0616810547120562 0.200628365980589 0.0342050147882126 0.0599934221930524
-0.180364538369374 0.120629740804451 0.0211265359614519 0.036872489666298
-0.192536388755307 -0.0480328290556271 0.0183953036675777 0.0422335404714785
-0.119240332901657 -0.170566617819842 0.00959066356735797 0.0871243029317859
-0.022158697391848 -0.109765384906021 0.0164868101362121 0.0957495426830031
-0.0420332077951062 -0.0924904286931688 -0.0058476347062381 0.0339239064773634
-0.103694021050426 -0.03481326441969 -0.0498709404338002 0.0234268172406486
-0.105368967169623 0.0434224932758472 -0.0525250275410082 0.0770028593286192
-0.0360545574647395 0.0993915847755493 -0.000775721888277884 0.121766616793562
0.037168400383686 0.0931297960899431 0.0797360541530654 0.138435357786131
0.0857462140473338 0.0826209481244771 0.156271883100518 0.100600328150823
0.115707330262291 0.0565834575846851 0.179275571987811 0.0604419009323651
0.129886396146906 0.0547629676824386 0.165943539371508 0.0642260456963239
0.105194230614649 0.0821925360289885 0.14236591967147 0.0817180083908182
0.0682866345010435 0.120736760388627 0.0874057897931339 0.0858592649531023
-0.0468525645580885 0.145006757592443 0.0486846102027552 0.0781364891887868
-0.136450031375993 0.0866568612457792 0.0339129923746422 0.0485247767826583
-0.143950354810844 -0.0405989718051777 0.0472990109715786 0.0632475213159413
-0.0865116310511072 -0.131901655537572 0.0410682382665436 0.138049279931902
0.056626712019252 0.0581529439872537 -0.0864711316498155 -0.184317621489686
0.0816079822123471 0.0137473158931224 -0.0992891108611387 -0.0951311799135133
0.0693692997220543 -0.0476886240543355 -0.0519615845347034 -0.0466118938819976
0.0169723014293648 -0.0742710706123731 -0.0444005292352696 -0.0784707819960092
-0.0297231197496004 -0.0565034275732944 -0.0862045335268534 -0.109638824477426
-0.040391092351514 -0.0351761184879951 -0.153959913133733 -0.115512595491094
-0.0410356811445963 -0.0347252036511477 -0.20795948869379 -0.0877245268942202
-0.0367333675840051 -0.0269949320412754 -0.214044534627885 -0.0705769576933505
-0.021890564677231 -0.0277370316784775 -0.180284085124933 -0.114918739303454
-0.00323669120666989 -0.0310607867882695 -0.104269923125997 -0.1536513351955
0.0122137797089156 -0.0244647862470233 0.00223338093729366 -0.156515597890946
0.0365048628355175 -0.00705135726631521 0.073220701669426 -0.0919844379791389
0.0340631984365076 0.0245237532018482 0.0842187114193924 -0.0183894803761837
0.00308755516193428 0.047758711322488 0.024934890428897 -0.00852654282790706
-0.0103694102237894 0.0625695265131423 -0.005405760462832 -0.0998084905204772
-0.00437090596737456 -0.0164665756940965 -0.0828809335018769 -0.180113282295456
-0.0113053307944719 -0.0100076301597912 -0.0878523171477444 -0.0869075480377811
-0.0134023836174924 0.0022285663581148 -0.0241056192851064 -0.0516980073888437
-0.00915922098205792 0.0121175806562273 -0.0223845505078471 -0.094314978956629
0.0134235783033465 0.0174575599203651 -0.08178241332992 -0.136325033011511
0.0290176557593349 0.00817541445746972 -0.153925103067074 -0.131177000679594
0.0454758940915928 5.02288303935988E-05 -0.205792942107056 -0.099543352133591
0.0512207118226284 0.00322738497609968 -0.210665949516305 -0.0733156346697806
0.0575493840307385 0.0193168834039234 -0.181370725923391 -0.112769048080146
0.0315095264496165 0.0398761863098925 -0.1055904737237 -0.145809590591608
0.000373360837782937 0.0525155143586143 -0.00435768618201422 -0.155028610710849
-0.0324628166229861 0.0389303544947983 0.0645606900697898 -0.0934119955186938
-0.0378769835745885 0.0194912690735149 0.0817740702188727 -0.024065579929097
-0.0352655356202428 0.00174246597300782 0.0183315585358104 -0.0140936727382698
-0.0295054411273036 -0.00512457619642525 -0.0185200621403498 -0.108978222784654
-0.0543186901870224 -0.089940835165102 -0.0627373544319383 -0.150308080529455
-0.0948416788306737 -0.0456115796513353 -0.0592641333255816 -0.0647280689287682
-0.103732715245509 0.0402339961568094 0.0167351150923797 -0.0455406803171329
-0.051531487428227 0.0976886434836297 0.0142937529949532 -0.0966139909409268
0.0431405073326302 0.100155551930495 -0.055519463118881 -0.148357050407436
0.0894646842702783 0.0607972764444991 -0.127556893212109 -0.13380493488605
0.123145356924112 0.0394114510629916 -0.172055312477752 -0.0986520934011839
0.13021943999568 0.0332210142075887 -0.175043177443449 -0.0644970008690995
0.133143842025789 0.0570854104798666 -0.157364460700753 -0.0893711778304849
0.0754387991177682 0.0980009609795035 -0.0963062616958529 -0.111552401484729
0.0102361625397446 0.124518436367553 -0.0198461593149837 -0.128772819956174
-0.0819987847073345 0.101633235291401 0.0348332329911716 -0.0842023772272295
-0.108269821586726 0.0361135266167006 0.0586701014495734 -0.0332915461790585
-0.0837113301063854 -0.0346504449131556 0.00236667511080103 -0.0217082072107755
-0.0550217650166445 -0.0714367454100806 -0.0345040125347551 -0.100937421466327
-0.0830007853129708 -0.14944858180886 -0.0353754617454616 -0.102668559699799
-0.14955768481604 -0.0877601259131667 -0.0272384482095791 -0.0317233066787924
-0.183706772434027 0.0539873477354324 0.0505498091265981 -0.0232438633147753
-0.106912917714016 0.162019391280149 0.0506614996577975 -0.0745746674215085
0.0491081243479019 0.177528000823294 -0.016137568588454 -0.134194413736829
0.12736453958787 0.11575474939645 -0.0782808434944477 -0.113171373095627
0.176456955590183 0.0803530247604285 -0.11096368539343 -0.0810564326224526
0.189392122107847 0.0578063494750371 -0.112854773274156 -0.0455702370359146
0.195293639448629 0.0794556228584294 -0.108520087657369 -0.0546714672250344
0.123820625050997 0.133236425610915 -0.0674657823970439 -0.0644508045425074
0.0423381729345632 0.178818190393715 -0.023988654138616 -0.0825983259156911
-0.101301040732349 0.169542272984297 0.00772552848440324 -0.054572424566161
-0.165924239889674 0.0725610400991213 0.0278497291169231 -0.0284960512575307
-0.139759808276595 -0.0538953608807878 -0.0159392368979105 -0.0206873936444562
-0.0869612621056659 -0.128825133641427 -0.0449396768235312 -0.0730732605245454
-0.086208041171525 -0.183949337173072 -0.00915332424291346 -0.0433508952124373
-0.160467290864994 -0.125731513316545 -0.00397447630236196 0.0035287375156539
-0.228360801194934 0.0360893144885872 0.058470440473424 0.00948586356311643
-0.158088213150745 0.181153863387978 0.0646642063752148 -0.0267509978896232
0.0261174993760107 0.225252078724946 0.0220622226942752 -0.083299378055049
0.134951473593154 0.158186255361449 -0.0187177667371678 -0.0658737046668834
0.199299437279581 0.112786590771621 -0.0340301249245644 -0.0468186443696779
0.21998954484057 0.0747044044765589 -0.0346546671719692 -0.0196754609983717
0.231150774036322 0.0873257996655319 -0.0399021795725306 -0.0180620367047285
0.160929003914263 0.143639698246206 -0.0174433036493775 -0.0159753448896324
0.0804770857572674 0.203787218257713 -0.00625535589881557 -0.0283697834221095
-0.0947095870789842 0.219237282678503 0.000409085869115708 -0.0104693655547124
-0.198116950463557 0.111855534671409 0.00706636257932307 -0.00734664028506864
-0.187264126350816 -0.0578499504831894 -0.0230107922170321 -0.00593783579217538
-0.11667680005473 -0.168327176608758 -0.0415751032166776 -0.0272581021895371
-0.0698099356252517 -0.186322923452901 0.00820042224008951 0.0149570369020735
-0.131599723215156 -0.141548755947019 0.00231913528739483 0.0299020788434409
-0.220713240151865 0.000726416904911938 0.0341031891190671 0.0345064685700611
-0.180908252127308 0.152392310726128 0.0445805587785425 0.026951521819809
-0.00877232445399555 0.222870363608464 0.0370627216113783 -0.00811471811866008
0.114026134273325 0.170683487102592 0.0331155002976258 0.00343006538715529
0.187533365471193 0.126392929570943 0.0439540895677416 0.00219743606395508
0.216794233777122 0.0797012834864223 0.0484417025412062 0.00905759733975198
0.233017940295648 0.0816770048751983 0.0373141640475822 0.0152150327629415
0.172390844337039 0.133442293579443 0.0447000052880727 0.0251650073453441
0.102724967592864 0.197475527372766 0.0283765354508746 0.0202323523342752
-0.0761524128241056 0.231786064833142 0.0139825184941413 0.0313121416032441
-0.202384829603218 0.13379910169127 0.00793117048541868 0.0183024914105676
-0.208657282872169 -0.051611193957874 -0.00944626375566967 0.0177192923110489
-0.131866841645294 -0.182430097182725 -0.0210595360068654 0.0294358002901208
-0.0452083962080579 -0.158625435112287 0.0146754461497673 0.0637907888711262
-0.0853670601978974 -0.129384421512642 -0.00199245360879286 0.0394213453114596
-0.171996761554849 -0.0283919673594157 -0.00937602527026615 0.0383547783059362
-0.160885542706124 0.0977821748920021 -0.0025426625849457 0.0638912246507733
-0.0331528701258516 0.174466409782134 0.0248154827254735 0.0669308702051575
0.0778198141635788 0.146514737931678 0.0662407983095992 0.078534323002196
0.147272811057242 0.116294751019975 0.111707508681695 0.0549681093426298
0.180830721369374 0.0731204427007486 0.124327460392355 0.0368952727797055
0.197170356719065 0.07024866887718 0.110992358600016 0.0418750278774425
0.152312749440708 0.112551863983019 0.102951160804994 0.0563632679080469
0.0976527028710391 0.167067056459151 0.0639863030955845 0.0583972061041782
-0.0594136570315376 0.203591692225441 0.0340573463459454 0.0605006954453701
-0.18011036616272 0.124471602951348 0.0208653630870621 0.0368187124121982
-0.194945671202078 -0.0457712151007358 0.0186858160093896 0.041652861887618
-0.122434278852229 -0.170437901109033 0.0109597644401013 0.0873297432579724
-0.0234414207988097 -0.110355728585102 0.0172027601658084 0.0960857921405605
-0.0431325685055702 -0.0938783982313629 -0.00624358463237061 0.0349377511296128
-0.104616477281971 -0.0336296282921208 -0.0498436960183994 0.0245155087251314
-0.105964827788044 0.0459145443766987 -0.0514019324392291 0.0785833640193153
-0.0347925851669481 0.101504825275597 0.00095528682462064 0.122346801550942
0.0390280607390692 0.0938085873264042 0.0824752809513411 0.137983825289213
0.0881207178287166 0.0820089106075371 0.159347840038491 0.0990328193264521
0.118212777103123 0.0549135703294834 0.182193383912048 0.0578957353306141
0.13163168447754 0.0532388450690991 0.168756075216467 0.0628219754086053
0.107397200702053 0.0816952517643017 0.145368866735795 0.0808377389738047
0.0702766646030829 0.120465175415385 0.0887966989126884 0.0863822445556503
-0.0453184373831532 0.147544599734153 0.0494350411243475 0.0783994850458524
-0.136859345041673 0.0892372547118896 0.0336085110043332 0.0483099564557513
-0.146226368942925 -0.0395517415769606 0.047811306116539 0.0626620402069795
-0.0889563760141321 -0.131941502362725 0.0429917997245757 0.138424142599025
0.0575763653459709 0.0577946770296763 -0.0891375477322038 -0.183661494161198
0.0826936089419867 0.0135247618005393 -0.100726503047004 -0.0943516209629202
0.0697074665956545 -0.0488201498461954 -0.0516795290205478 -0.0456713382877924
0.0165289939088452 -0.0748541687031854 -0.0447465234070593 -0.0785187163125917
-0.0312886977382656 -0.0564750975048673 -0.0879319549883393 -0.110023019865288
-0.0409213783737246 -0.0347168471529487 -0.15746958042838 -0.115016958358804
-0.0422198374526535 -0.0344556771241011 -0.211635470492344 -0.0857567395756931
-0.037368423797918 -0.0264258862791772 -0.216998976217692 -0.0680396134032899
-0.0230801790589186 -0.0274028959073353 -0.183071897388046 -0.112749788367941
-0.00385499843318572 -0.0316075853289513 -0.10809565318387 -0.153307338175137
0.0115940903176079 -0.0249345717980807 -0.000263109132943006 -0.157908935374284
0.0368844866442791 -0.00804891239817248 0.0722415842757621 -0.0938478719193152
0.0354494092083106 0.0241251093861797 0.0845285999316749 -0.0202059732194604
0.00389225591058566 0.0486250692965778 0.025820641496996 -0.00957732394000936
-0.00953304127816961 0.0636584891154194 -0.00648844880585842 -0.100166595257661
-0.00445800181173164 -0.0159983147272071 -0.0849440206634352 -0.179635296228926
-0.011568370881053 -0.00912392540465043 -0.0882337622379094 -0.0863368554261795
-0.01344229515755 0.0025100544527289 -0.0237544532197718 -0.0514630188395785
-0.00916180640612606 0.0124262330038668 -0.0226933520310216 -0.0948579474773795
0.0140357838302306 0.0177350518986183 -0.0840208632097454 -0.136330227787783
0.029609059738055 0.00845354800240362 -0.157847699085327 -0.1316980715875
0.0461601071920406 -0.000739361387933232 -0.210130812567165 -0.0976096205719563
0.0516398341431729 0.00254873807127833 -0.21311522590941 -0.0711138746970802
0.0582306537304435 0.0184149399626724 -0.184326261477662 -0.11029837536448
0.0320228373661775 0.0399605976511173 -0.108713162491184 -0.14489762268583
0.00106762844988367 0.0527918014959026 -0.00697268750362341 -0.155543509352788
-0.0321386695519592 0.0395353116607062 0.0630793056760842 -0.0949700778235047
-0.037997388998146 0.0200439504607438 0.0823044263662581 -0.0256924354331292
-0.0353765269546427 0.00243199828321286 0.0189836961079554 -0.01443170526542
-0.0293238148502045 -0.00435707063820013 -0.0200582495500054 -0.109332270693487
-0.0559770089047715 -0.0896269385572813 -0.0646902069825283 -0.150787500925006
-0.096144522539613 -0.0439260087017237 -0.0595381233927449 -0.0638022686861177
-0.103669320664407 0.0421692142215526 0.0169095888777844 -0.0454455890314626
-0.0505486062392757 0.0996217696083517 0.0141139573577831 -0.0983064223576376
0.0456095492057941 0.100728576072242 -0.0584196345020371 -0.150648394183476
0.0914233960605602 0.0599490810508703 -0.131403576828523 -0.134052075736019
0.125381286051133 0.0385730390328443 -0.17537560373462 -0.0974243726659928
0.132006689015786 0.0317965257072045 -0.177352182727979 -0.0619154065853909
0.135327211452339 0.0549657173663607 -0.160338036452521 -0.0875830955178324
0.0776210620448116 0.0975825994976788 -0.0992478352911915 -0.110305357532756
0.0125562122882216 0.125125686412594 -0.0223386146547474 -0.129364492073649
-0.0811219002204438 0.102881364468979 0.0334351902066358 -0.0855250293643545
-0.10875478568473 0.0375227641840934 0.0582620833585366 -0.0353965123324597
-0.0847621522307133 -0.0334634816121533 0.00283895328087583 -0.0222935846212869
-0.0560060888916993 -0.0710698414208274 -0.0358120966227818 -0.101018036596863
-0.0856459906927087 -0.148929114760794 -0.0364092942440501 -0.102339907814775
-0.152950510971963 -0.086634926908518 -0.0268374500351773 -0.0306060558289441
-0.183993382130181 0.0569604653108275 0.0512223506661935 -0.0235323655850086
-0.105874946868253 0.164635602807857 0.0507036988373422 -0.0755573501328642
0.0514997441494561 0.179104951448878 -0.0170942889681467 -0.135507784875045
0.130176083909242 0.114922325292477 -0.080832752588526 -0.114459644409842
0.180012645301113 0.0785009965659888 -0.113200706034424 -0.0803255901970995
0.19210723292754 0.0556790608837501 -0.114639331352547 -0.0435572561865635
0.197934876235002 0.0768067424357955 -0.110327142644251 -0.0530831030581449
0.12660757515554 0.132715863709499 -0.0691489114989952 -0.063130840498448
0.0453106267608853 0.179218166203332 -0.0257745017287487 -0.082597406991563
-0.0998535936809077 0.17244898218211 0.00651056449147678 -0.0550802736841396
-0.166039561553281 0.0755242870153411 0.0270290417712675 -0.0294053307641854
-0.140893786974345 -0.0526100706564648 -0.0160267425795345 -0.0215493955209861
-0.0894993716183485 -0.128115382899512 -0.0458816719503128 -0.0730904292085843
-0.088611878343189 -0.18337032052012 -0.00960530882493482 -0.0437274972425027
-0.163180879084632 -0.124162108612869 -0.00380845717795286 0.00476075671408952
-0.228728552255517 0.0396128205461666 0.0594653625625 0.00951280443839238
-0.156925937400362 0.185915554743562 0.0662846394381573 -0.0277848432205744
0.0295665094190441 0.226789321133844 0.021300634645698 -0.0843497382212136
0.138535820435358 0.157308800800398 -0.0196940927535026 -0.0666306008359313
0.2027847194919 0.111027116427949 -0.0352609063403549 -0.0460646175722483
0.22339785331179 0.0719354938341685 -0.0350388738493217 -0.0193213679679812
0.23471595944131 0.0838871816054744 -0.0405363744370901 -0.0168026362785498
0.163931033946009 0.14248306048132 -0.0177006100426055 -0.0151218308525386
0.0839910344711642 0.204004884023294 -0.00723415115903675 -0.0277957348155947
-0.0928356546223724 0.222971711594148 1.42881189081705E-05 -0.0106030173513444
-0.198445314812877 0.115844722366113 0.00641795210963259 -0.00796263798478954
-0.188918343813182 -0.0556003313932597 -0.0230887357294372 -0.0062755013969133
-0.119936971372289 -0.167729322458737 -0.0419463440179209 -0.0269351325098244
-0.0720487229665846 -0.185943023530924 0.00808552250720063 0.0150395360597763
-0.134040354158841 -0.141235129262955 0.00294752255865251 0.0307847076811362
-0.222518169507397 0.00336873588966783 0.0351832825630757 0.0350948950622008
-0.180643267695546 0.156185805412207 0.0455667064648487 0.0271163111678102
-0.00604153618469577 0.224785035968536 0.0375272473854564 -0.00890915314396727
0.117649356268273 0.17035933750695 0.0336666649411438 0.00302165090595685
0.191094935608683 0.125339395561269 0.044932290018336 0.00130933769641633
0.220205525841367 0.077061960447898 0.0493359269541115 0.00880056285622103
0.236525655924174 0.0792038746034543 0.0380728486897303 0.0149249633155272
0.175990619332387 0.132223779177254 0.0453075255320257 0.0251816913576297
0.106415158449527 0.197270939171651 0.0285250044074732 0.0206869528067815
-0.0733410265521189 0.235148890673749 0.0139111312528576 0.0315924339462817
-0.2018974676016 0.138341630912296 0.00726282090780051 0.0176622959678601
-0.211172969646176 -0.0493262572535566 -0.00975042833106561 0.0172232727712263
-0.134994124429096 -0.181715887106597 -0.0204807260221173 0.0297053830874922
-0.0468439632771961 -0.158969297937944 0.0147182870713263 0.0634946350555178
-0.087617082730626 -0.129771678337348 -0.00169038946132625 0.0401171952095626
-0.173509377573611 -0.02601196593624 -0.00827333251073429 0.0391365825933394
-0.160984145849532 0.100986762603043 -0.000788094842423144 0.0645372446836334
-0.031421238945354 0.177182043616174 0.0262043310389059 0.0669184429489316
0.0806320568004212 0.147164937386921 0.0681274018718949 0.0777547127786058
0.150764218641266 0.115370098972912 0.113370577535236 0.0534310017049115
0.183849785069199 0.0709845797321154 0.126269044561723 0.0353770803232206
0.200048190739959 0.0677482544951699 0.113382221328459 0.04095518542059
0.155907022822704 0.111179243934986 0.104987147323509 0.0555212172266716
0.101358260577016 0.167303519765395 0.0652292009911132 0.0583628737338187
-0.0572248394731575 0.20729332192383 0.0349588940104915 0.0610083654195796
-0.179954877748951 0.128429444085981 0.0203081315744277 0.0365126949742971
-0.197345753491013 -0.0443214808157073 0.0186910439221172 0.0415322939767646
-0.125826146748452 -0.169621705778202 0.0121358309525634 0.0877194337223201
-0.0240943361284808 -0.110816064310403 0.0177335571193439 0.0966009314876901
-0.0448870122300103 -0.0946001081737816 -0.00637352066315873 0.035406678874592
-0.106014379895205 -0.0326654471638998 -0.050548452426528 0.0253269237119858
-0.106723212959005 0.0480679583460401 -0.050095331120226 0.0804419246699457
-0.0338630589486829 0.102749531023191 0.00328818334180498 0.12318202925392
0.0406751883124745 0.0937553465503493 0.0859869978583341 0.138032076965949
0.0904756971549552 0.0812205121233028 0.162192690107643 0.0979891027461388
0.120244466945339 0.0538814443527356 0.184644729016479 0.0558048020418271
0.134352959620118 0.0514000695850757 0.17223370417202 0.0610786663430674
0.110105876356527 0.0807569128256205 0.148368769506489 0.0794866856926363
0.0728162064080174 0.120522578853332 0.0906295319096406 0.0868952728567447
-0.043859173174498 0.149473718663302 0.0499973645054278 0.0786129682954926
-0.136768451025622 0.0926795328014721 0.0329153551488717 0.0478792757149873
-0.147961385382622 -0.0376221490186007 0.0488254955182334 0.0623678362146441
-0.0914592693792391 -0.132117456959726 0.0451894904408156 0.138017957161397
0.0587075569460911 0.058239088532153 -0.091962970522247 -0.18300883288119
0.0838356076534665 0.0130878992360319 -0.101791926713738 -0.0928353705565632
0.0694182078717912 -0.0500889736979091 -0.0516438934443562 -0.0449579424541705
0.0157258264912877 -0.0762460990877661 -0.045566359634305 -0.0792903856839852
-0.0321160533398283 -0.0565322792225211 -0.0904646347653933 -0.110639026704241
-0.0421802391613221 -0.0342654548618812 -0.161486411556282 -0.114980418075544
-0.0432611296103123 -0.0338891850023118 -0.215395038536787 -0.083433490827689
-0.03866817057067 -0.0259281153735519 -0.22022747922672 -0.0649472420523381
-0.0232769901730107 -0.0276353954055838 -0.187285594249105 -0.110168687651943
-0.00486705065911874 -0.0316487940218366 -0.111024462287719 -0.152200907729421
0.0112164518508235 -0.0252203453370798 -0.00313430042331831 -0.159028601756428
0.0372555308108379 -0.00924626207259906 0.0712067041670081 -0.0959681072690924
0.0362884876569462 0.0237984723813593 0.084608727232975 -0.0219704806952997
0.00431755285403439 0.048982527708211 0.0263296198638356 -0.00987174746612331
-0.00856889050993391 0.0643418052711541 -0.00728241394554217 -0.100970112892128
-0.00522461842862235 -0.0155232598467587 -0.0874960860691015 -0.178906677863442
-0.0115145086413886 -0.00868476984136022 -0.0895064159352504 -0.0847707718968706
-0.0129399633904208 0.0028208279050403 -0.023417238758248 -0.0510845242554713
-0.00889924255136978 0.0129797832019139 -0.0233020526174377 -0.095517996038901
0.0144323438287234 0.0175351706788879 -0.0866489669324384 -0.137484802823733
0.0299526767414822 0.00812613107904395 -0.162235013885421 -0.130983708432316
0.0470120854201983 -0.00167932382328957 -0.213701674106137 -0.0955341017396593
0.0520036472247903 0.00179778852332827 -0.216708167385992 -0.0680541385285058
0.0588415051593982 0.0176852402787558 -0.188145242295003 -0.107486340947983
0.0328412222980682 0.0401958080044446 -0.11232035357092 -0.14416984010914
0.00169815066014883 0.0530614963529283 -0.00952487576822047 -0.157023662031089
-0.0317394052418426 0.039038816564976 0.0615516257405888 -0.0968701759137673
-0.0372961876998101 0.0203139198756973 0.0821442084436396 -0.0282559248442569
-0.0352645544290663 0.00358146166284015 0.0192969932159235 -0.0155483630189456
-0.0296799633261715 -0.00349440159385621 -0.0213220727980311 -0.109897910485224
-0.0577050619908874 -0.0881150208642632 -0.0664759564166491 -0.150220943124423
-0.0976454490251033 -0.0426125621567669 -0.0599165550803849 -0.0627168750175137
-0.103307617314514 0.0441720845280909 0.0172705444165479 -0.0463021513040455
-0.0497219765781521 0.101118256857887 0.0136661578466974 -0.0991373037455077
0.047485250759157 0.100758933280222 -0.0609630504535204 -0.15074711717703
0.0931961525467761 0.0598729454265739 -0.135040372868519 -0.133883933747161
0.127207412031256 0.0370561936004846 -0.178703232097007 -0.0955117229792696
0.133933372803124 0.0297193487110482 -0.179990915031394 -0.0598885251689837
0.137478326230676 0.0531290673249429 -0.163575935245413 -0.0851794736650815
0.0795419104593166 0.0973973292258279 -0.101998167066418 -0.109904975430079
0.0141111900049902 0.125796912177681 -0.0252574923805331 -0.129801381918079
-0.0805362132071101 0.104925580306953 0.0320504621077398 -0.0869074197010546
-0.108551317743584 0.0391296302774783 0.0582459980398524 -0.0370181563200252
-0.0851277703630719 -0.0326981482310166 0.00266646958131655 -0.0232031555567487
-0.05744902083963 -0.0701121319921169 -0.036709691541951 -0.101295525259737
-0.0878167749340332 -0.148070146746266 -0.0370503409668703 -0.102121953125494
-0.154148412387586 -0.084526986920518 -0.0265534152932224 -0.0303083232226632
-0.183945011975703 0.0600990487829783 0.0524962351094467 -0.0238608942013492
-0.104309709344486 0.167995840474676 0.0511705997163721 -0.0771312712848559
0.0555746043844166 0.179605777421194 -0.0195225898045356 -0.137135682281886
0.133777194102766 0.114444354010443 -0.0835334264788042 -0.114638509717667
0.183388846431423 0.0767606684675291 -0.115960391472784 -0.0791819642680903
0.195003928704511 0.0533902594269415 -0.116285843219062 -0.0415878281048243
0.2009588568582 0.0742604829931439 -0.11191137282592 -0.0513173294535656
0.129648980325448 0.132212462814307 -0.0707900266502564 -0.06249593164401
0.0482449982841881 0.18050551091406 -0.0283100290336146 -0.0822700210169866
-0.0985991516073927 0.175457498355247 0.00547773959189198 -0.0554195186431697
-0.165541536847104 0.0781155171310939 0.025878209795467 -0.03054431259139
-0.14315349112849 -0.0512547195083915 -0.0162987928320094 -0.0216604363192604
-0.0916728582189168 -0.127045066153113 -0.0465621849945986 -0.0725866039448203
-0.0909452855735005 -0.18286145552692 -0.0103596329769044 -0.0435465818109935
-0.165562181796476 -0.122862052892228 -0.00325000109192332 0.0051089771524767
-0.230070228925912 0.0434595225402701 0.0614532798829698 0.00872615443166018
-0.155576170568092 0.189690059731604 0.067276429992402 -0.0289448345773323
0.033520603097921 0.227927147445689 0.0201545084645021 -0.0858326218504784
0.14236110957237 0.157048592210829 -0.0210519358735594 -0.0675559025768947
0.206968722662625 0.109172312133073 -0.0360065895377859 -0.0462469946554118
0.226572242514309 0.0688821437643727 -0.0352987444110538 -0.0182695886157294
0.237913922263463 0.0806870166122966 -0.0413483578051456 -0.0155173790066415
0.167963339848099 0.141576085955764 -0.017930619822621 -0.0140613860633217
0.0880163553114686 0.204728685929688 -0.00763171116637774 -0.0272569788583844
-0.0906878596763314 0.226207329412465 -0.000870550405110067 -0.0104406592047878
-0.198116235188778 0.119739430070971 0.00566732658368747 -0.00854860832268009
-0.191196097978374 -0.053210649036061 -0.0235889096663108 -0.00668175999947851
-0.122517995108756 -0.166449286814831 -0.0422755937567275 -0.0267741377758429
-0.07407814897879 -0.185752647061839 0.00832433244161335 0.0148920092967224
-0.136493969291134 -0.140271457009046 0.00350477272241043 0.031570525088459
-0.223715637127238 0.00691947167427303 0.036630563492888 0.0352183931221338
-0.179988746797575 0.160176024908378 0.0470179754877403 0.0265324853213216
-0.00236015081083524 0.226932054703243 0.0380227273270483 -0.00994031690938915
0.121415787685239 0.170063068846164 0.0342666792731632 0.00215229334964945
0.19544843724792 0.123215003503802 0.0452777930905581 0.000863416165491988
0.223189184624949 0.0740351909076734 0.0502787357627599 0.00832543593997254
0.239422122497124 0.0760450620677977 0.0390236185206649 0.0150983832436935
0.179939287994316 0.130736392897585 0.0465262460384471 0.0252298242724964
0.109996748982 0.197510361239451 0.0287362221379989 0.021313390554529
-0.0707094067855783 0.238956213140386 0.0136002236121905 0.031910622394718
-0.201309245093941 0.142031069293528 0.00640909207170402 0.0177383721520302
-0.213683036712085 -0.0466204630570164 -0.00986368032140864 0.0170906179298288
-0.13840709711296 -0.180681752359899 -0.0201560377184621 0.0300738342387953
-0.0485285471643188 -0.159446412897304 0.015568022233459 0.0639841801277866
-0.08982456612572 -0.130210911603753 -0.00153792481410196 0.0415794986555352
-0.175205114850262 -0.0242349922915707 -0.00765232419486479 0.0402826855701138
-0.161513172751618 0.104431365085987 0.000749525866409678 0.0654836628591348
-0.0292360621958201 0.178514418352601 0.0275722329827193 0.0669727866366391
0.0833231944232636 0.146412421623645 0.0700585252176237 0.0775627873431382
0.153938102740926 0.113426497655757 0.115878837681485 0.0525367839270787
0.186717185437713 0.0683445913007249 0.128187203180965 0.033467241251424
0.203597233093951 0.0648064835571469 0.115078398575624 0.0394438874963167
0.159068533857218 0.109839140119378 0.107214913680222 0.0550989627434582
0.104385946270868 0.167086908316276 0.066481083002432 0.0585294814897575
-0.0547183744837164 0.21043135859552 0.0351944272991985 0.0610558741831765
-0.179485287443622 0.132004753283623 0.0195939792992462 0.036489562924633
-0.199404059636618 -0.0415185510986497 0.0185429403505255 0.0410087658734375
-0.128642598090342 -0.169237195720505 0.0133519706024451 0.0874746981296457
-0.0251809022968819 -0.111186978701196 0.0187685232244942 0.0969101016215514
-0.0463630867650669 -0.0953477025738965 -0.00648965230039561 0.0369737486901943
-0.107616412100751 -0.0314030526258924 -0.0503111944647886 0.0272704522888054
-0.107202038075078 0.0505200850246338 -0.0488514106319861 0.0817246023940685
-0.0326057803201589 0.10440394060662 0.00534725111560323 0.123565845555063
0.0426688662540818 0.0936647625683844 0.0896769182172128 0.138170412987707
0.0924369477185891 0.0800372976065515 0.165082876611905 0.0956222153189495
0.122151113724614 0.0517181719692205 0.186898013485805 0.0533276548077115
0.136250738105751 0.0496743675950104 0.174502082131147 0.0586345096771796
0.112325780826282 0.0799503088546527 0.150938670120785 0.0786864471821647
0.0753016978958092 0.120372019625239 0.092744447561703 0.0867501086629056
-0.0420702329265402 0.152378981972227 0.0502020823142964 0.0788848537062148
-0.136697305601656 0.094905006147702 0.0327856330240523 0.0484933527263899
-0.149999773671339 -0.0361162906339003 0.0493926751118769 0.0617292548346202
-0.0938063377792556 -0.132020773716982 0.0470597960710766 0.137898531316426
0.0598415027488953 0.0576450124130972 -0.0947228199817461 -0.182902818716627
0.0844733442012145 0.013051818290469 -0.103118833560146 -0.0911966574237753
0.0692618514372481 -0.0511987350257354 -0.0511779093271849 -0.0443718275359092
0.0151710392152009 -0.0769386601911822 -0.0458772612739306 -0.0794802639645654
-0.0331438394605372 -0.0563126075771917 -0.092463724924991 -0.111203493722362
-0.0430901935684954 -0.0338058129348202 -0.165243199787582 -0.113759947398259
-0.0439154070498446 -0.0335783341860447 -0.218676666612462 -0.0798769047710999
-0.0390778793968389 -0.0256433229895245 -0.223256620213329 -0.0615024773629245
-0.0240954026656249 -0.026908184015702 -0.190917470903574 -0.107795880079068
-0.0056527787889826 -0.0320666622519175 -0.11479169280109 -0.15078090771616
0.0112110575986743 -0.0259951919473014 -0.00621516674422505 -0.159571913248863
0.037358252626819 -0.0103782009702528 0.0698967906414765 -0.0972176367608354
0.0375380697329155 0.0226250053949295 0.0844328174058455 -0.0243201618629281
0.00514328828036288 0.0493241824594162 0.0266498044377027 -0.0112472191169187
-0.00773697634870381 0.065367851079431 -0.00794597477363228 -0.101371817099107
-0.00517778794562566 -0.0152006123231931 -0.0901480297166091 -0.178048887374912
-0.0110857979266552 -0.00768279942064527 -0.0905398644773846 -0.083409394497415
-0.0128292977453766 0.00342836901504839 -0.022656586501036 -0.0512411949845118
-0.00848503319828152 0.0131388906958161 -0.0240369964118227 -0.0960376109975895
0.0152046636083102 0.0175450527418733 -0.0893090877056023 -0.138127842073795
0.0302358521869502 0.00822424546422557 -0.166042949203662 -0.1305216488737
0.0473658610132343 -0.00190200592814846 -0.217880592748699 -0.0930513992740533
0.0522244928038704 0.000967803636284478 -0.219615532781218 -0.0647326424477149
0.0595022944991487 0.0167407022271926 -0.191499266937058 -0.105059819833185
0.0336795256974171 0.0399178513033204 -0.115596702996098 -0.142836827299217
0.00218063540352965 0.0533066823359591 -0.0125496937975358 -0.157613438795472
-0.0313165679252241 0.0399801181572158 0.0604696876761581 -0.0982403921127332
-0.0368407391411433 0.020913875241994 0.0821387226416267 -0.0302423462407932
-0.0349903582714005 0.00410228343664992 0.0198598631184237 -0.0168854413020222
-0.0297528045095128 -0.00252495861135016 -0.0217265545199382 -0.110160582926785
-0.0587076109385564 -0.0873638494261646 -0.0686519984534864 -0.149876992027302
-0.0989170223541876 -0.0409996172594909 -0.0603827466281544 -0.0619810023739214
-0.103569773353022 0.0462412928636229 0.0181836810104162 -0.0464912979432814
-0.0480559691154645 0.102703314233869 0.0133716703201958 -0.100101207704558
0.0499088129787784 0.101009487137301 -0.0632746735545218 -0.151776126453397
0.0950546581340579 0.0589399051348471 -0.138735574216746 -0.133968020300653
0.128935516974156 0.0354465280876982 -0.182232143115385 -0.0932279824211018
0.135698871889545 0.0275328215574372 -0.182514533636253 -0.0568133449753943
0.13945791891009 0.0509332652946661 -0.166133752770713 -0.0825312918255117
0.0811769606918254 0.0973193867361562 -0.104234753982583 -0.108047699973172
0.0158885439423955 0.126394383765564 -0.0275369056665242 -0.129533702415791
-0.0796214168555581 0.106680797036251 0.0305837747089742 -0.0873993301856696
-0.108594319469448 0.0410279755998125 0.0579847720410036 -0.0386930376524557
-0.0861315733033521 -0.0313144787571721 0.00315677635360517 -0.0241005699805525
-0.0587675558862731 -0.0694167102269851 -0.03769552280644 -0.101144910972494
-0.0899864892739826 -0.146867698790317 -0.0390356534642928 -0.10197269089664
-0.155877674887429 -0.0826021648336522 -0.0263880696163993 -0.0293722979760057
-0.183917788951173 0.0636946237087706 0.0535078449071955 -0.0251230349261988
-0.102862381442521 0.171387729125314 0.0510378958019614 -0.078504755165763
0.0585855580804958 0.180232069148314 -0.021826919582542 -0.138136610014013
0.136652300671162 0.113392762000391 -0.0863345680513146 -0.114917351688425
0.186339682020252 0.0743311275967515 -0.118138414343766 -0.0780166539306945
0.197587419486189 0.049845884884405 -0.117929904291457 -0.0398602647922618
0.203530997287975 0.0707837516556101 -0.114170964479758 -0.0489900311544517
0.132715295104699 0.130912813667338 -0.0726343503545347 -0.0613858178041983
0.0512604195370142 0.180784813625739 -0.0300453641025395 -0.0818735099579268
-0.0966084715239113 0.178024705231672 0.00356901754261189 -0.0558489204953069
-0.165556300005687 0.080849055081446 0.0251762160959304 -0.0321636007089404
-0.14366435827658 -0.0494053642787303 -0.0163089848447287 -0.0228667380316339
-0.093795721727158 -0.12602289556343 -0.0469534881735936 -0.0723793031515685
-0.0936736973470464 -0.181616009785749 -0.0102080574548274 -0.0440000993280249
-0.167692876246644 -0.120972482291728 -0.0027876079962957 0.00584560514713552
-0.230128862326086 0.0471424089690792 0.0622623723072978 0.00815377217147507
-0.153871972263413 0.193820158098127 0.0676413079497833 -0.030056620855708
0.0374035601697898 0.229405611553054 0.0192660486100946 -0.0879237017465358
0.145770004855494 0.156248712812033 -0.0220052535660727 -0.0681873853826991
0.210657565932091 0.106083473970454 -0.037380826053269 -0.046431293799195
0.230004744224826 0.0648647207785259 -0.0358970022956635 -0.017986508244489
0.241084002683466 0.076628717361176 -0.0417532942728889 -0.0145837836899628
0.17157377103832 0.139675110767619 -0.018146475113959 -0.013672320481839
0.0914515657902001 0.2050272209911 -0.00881936094001529 -0.0270875890377985
-0.0875883497464023 0.229301332530537 -0.00172943976950228 -0.0101413356779673
-0.197343781703936 0.123338019990238 0.00485715090967126 -0.00926015899591401
-0.193027710093953 -0.0508969625162369 -0.0236874053948126 -0.00690899714696795
-0.125427015268951 -0.165017851709068 -0.0425684463718717 -0.0265915775866422
-0.0762478317631816 -0.185218267629862 0.008307536704111 0.0146460763022016
-0.138991003172724 -0.140281271222393 0.00409407319280712 0.032608511737391
-0.224753739200898 0.00974014533436154 0.0377906041639215 0.0355534135597676
-0.17958119045762 0.164269610009776 0.0489957326237379 0.0265677573060017
0.000990189244756034 0.228096659980491 0.03831111401988 -0.0109939663172773
0.124884363960476 0.169307239855191 0.0346818636874405 0.00138196694285101
0.199324236698628 0.121118608945869 0.0459878944803898 -4.23280884139644E-05
0.226420035802867 0.0701830653365678 0.0507024070240539 0.00805792492601074
0.242637097413476 0.0717302169181069 0.0396313062553482 0.0150172897658366
0.183535696171636 0.129544289904329 0.0476041424129601 0.0251858838908879
0.114056684674514 0.197058591861772 0.02885421109123 0.0219512109671393
-0.0675171076073143 0.24154022636653 0.0133219367553551 0.0321894444415228
-0.199960021721442 0.146186451242054 0.00545599725580229 0.0173862786923438
-0.215338037637209 -0.0440505824358956 -0.0101604458118351 0.0167671745979853
-0.141562251400773 -0.179137291460561 -0.0196606671113906 0.0302722362447372
-0.0498357711931193 -0.15899483799759 0.0159803787540095 0.0638984817020502
-0.0919853752170944 -0.13026232957539 -0.000961719279445715 0.0428097816566289
-0.176071067239838 -0.0218139935818464 -0.00724250721853024 0.0413662149456809
-0.161315015991867 0.107555823315324 0.00182979616225718 0.0662551587588699
-0.0266344427661502 0.180795880519691 0.0295295021565566 0.0664812047556596
0.0861700295332232 0.146440336348359 0.0724800258811394 0.0767765047360649
0.157309256094276 0.112043960455648 0.11752507718797 0.0506004926888896
0.189317117757726 0.0652810095152303 0.129799351471782 0.0322045943731457
0.205786060112085 0.0617589490538818 0.116999185424697 0.0383063632999307
0.162266596330344 0.107863291246305 0.109402197252153 0.0541406861895151
0.107891837599669 0.166412827947325 0.0671460982960125 0.0589729798504062
-0.0520200744071318 0.213216345807226 0.0353785963578297 0.0612467855443948
-0.178322746994286 0.135768041442231 0.0189813766337499 0.0363921729238687
-0.201233864776039 -0.038833278037614 0.0186781971697008 0.0406812946870939
-0.1322276111439 -0.168186156128122 0.0146124396574246 0.0873107608272687
-0.0263619806276226 -0.11150664861675 0.0189002499226457 0.0970009139722971
-0.0482695613593701 -0.0957854942149287 -0.00655627515942333 0.0380701595054164
-0.108963904288132 -0.0298223118789166 -0.0495215818623872 0.0291100535602922
-0.107593402483742 0.0524818190960821 -0.0480894541211134 0.0830386004099783
-0.0311442158314595 0.105806670148951 0.00727567709853271 0.124256374961963
0.044479037407591 0.0936454134631659 0.0928426892882904 0.137434508759159
0.0950864970215067 0.0792870905690108 0.168305137814511 0.0938075302029968
0.124272826428701 0.049690932806325 0.189898571778269 0.0508813034316921
0.137715679558235 0.0473838448261511 0.177297715071218 0.0565626455064993
0.114307155023487 0.07876000293882 0.153874318262727 0.0767330466540395
0.0776895391239592 0.11985610310419 0.0939938657894886 0.0872459613912056
-0.0406074045525236 0.154864629917902 0.0514534929253918 0.0790984359083955
-0.135996032507056 0.0980768433296822 0.0321741403645662 0.04811051869343
-0.151551958754921 -0.0345548351804241 0.0492127279132314 0.06071558988793
-0.0958780107762917 -0.131496502869567 0.0493163557353368 0.137418034673857
0.0610984540185342 0.0577650053084162 -0.0969382189253554 -0.181718068540417
0.0857393116703243 0.011994198208561 -0.103716451499036 -0.0894038176228956
0.0691153571180857 -0.0525559504001402 -0.0505387222206443 -0.0435469073126196
0.0143575260870863 -0.0778912559849608 -0.0459768891953027 -0.0801352120367161
-0.0343698165135656 -0.0559353865089729 -0.094271389283908 -0.111462621394883
-0.0437692408450512 -0.0328229220741851 -0.169248488734882 -0.113059880902833
-0.0452941286170179 -0.0330410110051077 -0.222982422034813 -0.0768557813747245
-0.0396716909296506 -0.0246936688164557 -0.225825019017422 -0.0583369664172696
-0.0246658206392213 -0.0266329918435301 -0.193978223448842 -0.104850685923972
-0.00612832286217844 -0.0318656781791884 -0.118117141441439 -0.149686382345054
0.0106539296763031 -0.025963083850077 -0.00842127883099438 -0.160285758051481
0.0373232774104855 -0.0118436107621027 0.068212612510389 -0.0987033076727835
0.037922024704908 0.0222164800462311 0.0845694796675805 -0.02615400074001
0.00642822253076134 0.0499797384900248 0.0270034987054102 -0.0123161775198576
-0.00689268684461256 0.066041135155906 -0.00881938298445166 -0.101515436640147
-0.00499603886474643 -0.0143712352027727 -0.092167434606029 -0.177941526711156
-0.011212867003127 -0.00678166440471887 -0.0913527687505439 -0.0820661823426577
-0.0126160989866451 0.00416555836353531 -0.0223252805370133 -0.0510887125110141
-0.0081876735994001 0.0128667054448895 -0.0243971352833842 -0.0969573024216288
0.0153297936855769 0.0170182317282929 -0.0914531298734935 -0.138422805872641
0.030948109203548 0.00797570496516633 -0.169474293978753 -0.12922248196597
0.0480013892500452 -0.00295615673673804 -0.220968805386164 -0.0903558025570097
0.0528134331202733 0.00024204315896601 -0.222155313606424 -0.0615545631313529
0.0601484639236552 0.0158080572735323 -0.194920460146248 -0.102239492146717
0.0337827502316419 0.0398124632804335 -0.11839061240488 -0.141031145645169
0.00323927255333153 0.0536652997003441 -0.0151181657210048 -0.157962506488516
-0.0306610013196184 0.0404137593580695 0.0588598027026646 -0.0997043340777871
-0.0362746251501252 0.0215110554441343 0.0821720255661529 -0.0320508819734399
-0.0348057925790118 0.00479481092372298 0.0205361894305611 -0.0175089792412704
-0.029736141916591 -0.00197543203811371 -0.0227782031243647 -0.110410764804912
-0.0596212875358483 -0.0864462915824414 -0.0701462311372283 -0.149744357657955
-0.0993542314483652 -0.0389352755847358 -0.0605559204480726 -0.0607299154283887
-0.102597121251611 0.0486989862580048 0.0189290164512198 -0.0468623801465044
-0.047283174606092 0.104533211308457 0.013109989029419 -0.101380751924331
0.0516005157347234 0.101503039394903 -0.0658178853529252 -0.152459850905904
0.0967325494639337 0.0580472582013285 -0.142304799739074 -0.132841194667733
0.130631579043776 0.0335835156255336 -0.185627223324686 -0.0915827676497047
0.136963360842953 0.0254973671832804 -0.184616419082676 -0.0541006678730919
0.140934620098133 0.0490460319017535 -0.1684882234909 -0.080028910435804
0.0831402551450232 0.09675558128295 -0.106629342307847 -0.106770992480395
0.0180245042054394 0.127477243752219 -0.0307179044889985 -0.129392323173873
-0.0783757677273142 0.107946542901868 0.028287625883407 -0.0878338212429133
-0.107935143626122 0.0424341944664153 0.0572904701709714 -0.0402372104474497
-0.0866740454319984 -0.0300733479707837 0.00313563353524631 -0.0251401794447215
-0.0595011975883114 -0.0681977261541959 -0.0385319429406094 -0.101572876818663
-0.0915265804971521 -0.145556392117443 -0.0396472382056995 -0.102152184379655
-0.157506512560238 -0.0805064136225191 -0.0262211353236173 -0.0287458875339082
-0.183487097233797 0.0671029916663495 0.0545961822329442 -0.0254661010730786
-0.100213663756578 0.174258153264215 0.0514928127858736 -0.0799595949069247
0.0617020021606649 0.180537566025763 -0.0235980364623605 -0.138874091229161
0.140030314814426 0.111899111951935 -0.0891214989212454 -0.114889705909641
0.18877903931012 0.0719635338960368 -0.119981466689514 -0.0767041052305469
0.20027229027892 0.0471101046616664 -0.118961636398469 -0.0382478689805198
0.205722603084641 0.0675102888167169 -0.115506506653592 -0.0468365824591441
0.135252628221437 0.129947902175284 -0.0737483490479177 -0.05973410951645
0.054201299375249 0.18110192143598 -0.0321392204735992 -0.0811738210241849
-0.0944412351501312 0.180181942742214 0.00238551988073685 -0.0560337275726144
-0.164392146861111 0.0836200035406556 0.0245443433215674 -0.0331202588351497
-0.145257470688944 -0.0470278875950744 -0.0164741546959738 -0.023370798138599
-0.095424543777236 -0.124612176685043 -0.0481661937487736 -0.0726560334792321
-0.0952807586862822 -0.180804483119325 -0.0110554021883907 -0.0438571330943373
-0.170451204378122 -0.119392702611203 -0.00194243343615474 0.0066137514266183
-0.230041980401561 0.0507011875933303 0.0637512519338949 0.00812683489180256
-0.152078976191072 0.197374192021248 0.0684614005701072 -0.0312867181606387
0.0414303666416979 0.230111918353456 0.0184118124121981 -0.0890457772876137
0.149548160844251 0.154725920909127 -0.0233090680630591 -0.0686229885851414
0.21435112532455 0.104070889600682 -0.0381583419730423 -0.0458569373415676
0.232616188853887 0.0618180901365828 -0.0360857683379088 -0.0169917630817471
0.244042226674039 0.0730858273617741 -0.0418454400920593 -0.0136989854634405
0.175408923873121 0.138166440500659 -0.0183618424689212 -0.0127342412814829
0.0950585581503443 0.204412794033664 -0.0103301087815091 -0.0261840919193148
-0.0841844549662922 0.231648547490471 -0.00316109959181752 -0.0100247363375033
-0.196350428725007 0.126851710624271 0.00392673474250113 -0.00963936942744796
-0.194714726276721 -0.0479962038094325 -0.0237134642192016 -0.0071875400743093
-0.127902389120996 -0.163834190317221 -0.0427314914245943 -0.0263807246842593
-0.0778792856609079 -0.184781580246991 0.00843925781705654 0.014380657049428
-0.141219845864918 -0.138974745749338 0.00453651833640104 0.0334608784242221
-0.225611543201861 0.0129143564502235 0.0392727895570382 0.0359342533928767
-0.177546801420101 0.168375164595549 0.0505126190117333 0.0263130339616728
0.00448600366612926 0.229833141130436 0.0388408038468171 -0.0117286629670865
0.12900287158101 0.168623328670522 0.0350150407015231 0.000688332250596252
0.203072273684714 0.11826549521985 0.0460239882400607 -0.000964796011492644
0.229519882422736 0.0668457432997577 0.0514004236218351 0.00707836060020572
0.245218303614584 0.0676844101261736 0.0406835125881979 0.0151618491832947
0.186618077362852 0.127206013027969 0.0482478890970964 0.0251012628135508
0.118140943157281 0.196042252232113 0.0286452068799376 0.0227557863126194
-0.0642077364896121 0.24463070071907 0.0131300308817049 0.0327809016023891
-0.198886820804401 0.149799040559942 0.0045959295567607 0.017439453821563
-0.217542568553136 -0.041314193564602 -0.0104817234327836 0.0165198469696294
-0.144688093831851 -0.177551625252503 -0.0192415325561941 0.0305651560326145
-0.0515734468450103 -0.159105761041979 0.0161695207030223 0.0640789222376332
-0.0939006222056257 -0.130427010095984 -0.000727872920520899 0.0439370665048503
-0.177346366687282 -0.0199204535203803 -0.00623755241706226 0.0424809998325184
-0.161010838927274 0.111155074009754 0.00390894238746935 0.0669048702901016
-0.024292811310839 0.182133945852772 0.0306648666887807 0.0662915047879739
0.08937220225065 0.145603824866873 0.0743924762582698 0.0757735369985438
0.160805033124353 0.109955893079592 0.119221370045594 0.0490961690893485
0.192312144609775 0.0621407800812598 0.131235380593565 0.0301235010999198
0.208594590522913 0.0582132743152581 0.118995635560883 0.0370173504047779
0.164936093293036 0.106187744403166 0.111155854284626 0.053085199191455
0.11127393913285 0.165720054039472 0.0685092461878289 0.0592958987890735
-0.0489651991107885 0.216052184559531 0.0353695284680351 0.0615018161991722
-0.177286511703174 0.139477626217268 0.0186223164310569 0.0365048914801327
-0.203259010538503 -0.0360608975798194 0.0187173307382473 0.0397149532621011
-0.135480274197691 -0.166582586126969 0.0161157101017993 0.0874879054077927
-0.0273191112269359 -0.111882766976425 0.0197319023258021 0.0970258989985427
-0.0496821213232943 -0.0966611681320142 -0.00686422492034066 0.0392190120135929
-0.110157669216982 -0.0285866208319365 -0.0494208571475643 0.0307116012031319
-0.107360224232824 0.054655932481391 -0.046210710181219 0.0841738513024033
-0.0301198210285307 0.107127200537755 0.00981045075046617 0.124824892023968
0.0464179725460577 0.0932648978561116 0.0952330327547786 0.135927991601407
0.0971369586812521 0.0784185948097933 0.17129239564286 0.0910496601595166
0.125832539606809 0.0477166911621808 0.191820920923546 0.0479265821084059
0.139573912262461 0.0451027559192837 0.18064784404328 0.054415510846502
0.116392074112371 0.0771898739669719 0.156839190442354 0.0754591191677912
0.0800357253805234 0.11942202883591 0.0963513972604402 0.0875294565626176
-0.038301758087308 0.156708416596008 0.05191338219864 0.0792863866391098
-0.135409522925667 0.101330969711788 0.0327712963883612 0.0475321027369064
-0.152834005512714 -0.0327020369861735 0.0496522464037013 0.0595836499882765
-0.0984354084373027 -0.130675177112067 0.0514352616097301 0.137255356948338
0.0618118774582631 0.0572319110369984 -0.0997615532211728 -0.180930511979348
0.0862129275221001 0.0110705103007186 -0.104707848927354 -0.0879333453716434
0.068918916887846 -0.0538895545119862 -0.0500570639534298 -0.0429051783995794
0.0129421573825793 -0.0787020942351383 -0.0466822985133506 -0.0798333904195231
-0.0347825791677553 -0.0557097692027556 -0.0966739029173667 -0.111314590858641
-0.0444429737757409 -0.0323662048726134 -0.173080348044119 -0.111173151174769
-0.0464112851682829 -0.0326605352894419 -0.225551979157885 -0.0735647777701466
-0.0405872600407136 -0.0242349014518799 -0.228657698329481 -0.0539565068325624
-0.0256468136335473 -0.0265208136237871 -0.19670353129851 -0.101589334197316
-0.00736618502805871 -0.0320233106473269 -0.12173897389058 -0.148145837140714
0.0100286825593321 -0.0264313878822271 -0.011925732112059 -0.16054562626468
0.0376944772431318 -0.0126214673937086 0.0667577693357087 -0.100219294038198
0.0390562990093437 0.0216070400630873 0.0841126009746919 -0.028619432917507
0.00730947985260624 0.0504082419857343 0.0276108227983044 -0.0137732685419055
-0.00602446321856601 0.0667242490694544 -0.00957587942844978 -0.101834402453572
-0.0056853010212639 -0.0134982996910017 -0.0940753564036903 -0.176346792058746
-0.0114378656656817 -0.00619666902111398 -0.091405306896064 -0.0806665009763072
-0.0119654642504058 0.00445664305155963 -0.0221047736624522 -0.0507673329390017
-0.00790656019901573 0.0135485102430669 -0.0251176594974085 -0.0973797911630457
0.0159260716832015 0.0169869853641012 -0.0942258358294621 -0.138142011878985
0.0318405024589105 0.00759871198944382 -0.174184728347138 -0.127818979754931
0.0479365828755197 -0.0035275513415487 -0.224681456112863 -0.0863848848650971
0.0530962017510813 -0.000793208264661565 -0.224653600546959 -0.0573538474679029
0.0606216655570571 0.0149610258637239 -0.197882240558434 -0.0987473031047642
0.0349483721606907 0.0394849114589601 -0.121965927690331 -0.139766533506897
0.00396279850596854 0.053812756349643 -0.018737776118531 -0.157774715842956
-0.0305303580993346 0.0406191411956978 0.0571233051194541 -0.101160305940932
-0.0359698996935416 0.0215440318942825 0.0819116133444703 -0.0340841808207086
-0.0345277881624831 0.00518846097995751 0.0209451815475188 -0.018833622985898
-0.0297044599021867 -0.00105265905020874 -0.0237337542776659 -0.110193513509561
-0.0609205008518533 -0.0850668145845417 -0.0715408136317708 -0.149011050219299
-0.100228845029983 -0.036907031683333 -0.0605384918585153 -0.0597514533254505
-0.101699280796311 0.0505242322402089 0.0195767392555997 -0.0471351333646245
-0.0448800939612926 0.105964641331363 0.01237770839892 -0.10252345447002
0.0537607234902777 0.10071807084691 -0.0690995323557949 -0.152674998228098
0.0984601719277075 0.0570793716513619 -0.145731619382116 -0.131895306343191
0.132246325745397 0.031392328647534 -0.18844395445659 -0.0883330481765396
0.138499009723406 0.0227297535902333 -0.186415788901376 -0.0503153800437993
0.142366985428421 0.0466705245598129 -0.17101296636403 -0.0765604982008083
0.0853365122450754 0.0960920347188278 -0.109671612259922 -0.105112854070061
0.0197540472747864 0.127133241026873 -0.0333361495363332 -0.129299385483909
-0.0772550764001632 0.109308029030492 0.0265927880658718 -0.0892175209282196
-0.107138428666377 0.0439576057669649 0.0562054058166008 -0.0423201021786628
-0.0873575538686523 -0.0290180342590401 0.00318071622390076 -0.0261690640737387
-0.0602292863360627 -0.0666742529221996 -0.0390732064426422 -0.101501938362129
-0.0934963165144865 -0.143739447567187 -0.0406946157307094 -0.101790532944184
-0.159396175094557 -0.0775871244918624 -0.025579696989897 -0.0280292913437241
-0.182413478129303 0.0701974515184018 0.0552418393648432 -0.0262680600069352
-0.0981662085462097 0.17647609590811 0.0516278235369488 -0.0810683380920181
0.0658122210491796 0.180111463825914 -0.0259682672215243 -0.139859501700962
0.142566574318549 0.11041837319193 -0.0922988371589158 -0.114337093084932
0.191431228393573 0.0685923705189122 -0.122869455359958 -0.0749638674495983
0.202173301456058 0.0434194519505335 -0.120228605187688 -0.0362554454696915
0.208467816237756 0.0637764945242911 -0.116618077987929 -0.044680680825516
0.137806960479498 0.128646137476561 -0.075171933861483 -0.0579439627109907
0.0578152326462388 0.181343672774235 -0.0340753713603079 -0.0804136033117718
-0.0923926904559228 0.182613309945367 0.000660086378207544 -0.0557235289023126
-0.163716976344991 0.0862202729333013 0.0231028587105147 -0.0343817236660733
-0.146467957645868 -0.0451167260138994 -0.0166306430298542 -0.0237701613235747
-0.0974163056724533 -0.123273618614337 -0.048506440077748 -0.0720586979520937
-0.0972288235929741 -0.179582906677192 -0.0112459988671187 -0.0441742976742845
-0.172782339647715 -0.117569594372335 -0.00140748669072471 0.00757066051612084
-0.229791413820965 0.0540672329123259 0.064911866819645 0.00738318715582021
-0.149716301447314 0.201156505062205 0.0699873559235636 -0.0323569342924154
0.0458788138234102 0.230245972676953 0.016809708563897 -0.0899447496075232
0.15314659349686 0.153011559058843 -0.0247297477951601 -0.0689777790567627
0.217489109361537 0.100400505432105 -0.0398227045664777 -0.0452960377321596
0.234785809353437 0.0576692664685145 -0.0364716812256958 -0.0164050084225207
0.246035920911839 0.0679749253610003 -0.0423685322145108 -0.0122220477908061
0.178461935231018 0.136088531720829 -0.0185131227432173 -0.0120542756550131
0.0988649268081982 0.203698051698394 -0.0111314842090206 -0.0249645794722214
-0.0809187830866494 0.23470858642823 -0.00413867470832794 -0.009423812889709
-0.194623591640725 0.130201476645063 0.00304115408816378 -0.0103813718353042
-0.195779989102965 -0.0456740669390899 -0.02430104628229 -0.00753975678485562
-0.130711110036293 -0.162028514534284 -0.0430277463804607 -0.0261218377719623
-0.0797150145761782 -0.183906474478704 0.00844993472710877 0.0143721783235753
-0.143888426724404 -0.137967953479032 0.00562933052999903 0.0344472756554286
-0.225682580691545 0.0161659976677329 0.0401695397592315 0.0361184557408448
-0.176601570376324 0.172050304321643 0.0524339736116601 0.0258517117744211
0.00823528217257373 0.230855332831908 0.0388324909718942 -0.0128741222732252
0.131981104194762 0.167455145998808 0.0356418122594515 -0.000528130175162771
0.206753803296364 0.115189952303551 0.0464593337543261 -0.00169939365153392
0.23225697365086 0.0624864545058523 0.0523210404918032 0.00637410907584411
0.247558238005469 0.0630545684817346 0.041573828603917 0.014730509633188
0.190431509618992 0.125228341948581 0.0497089512765304 0.0249424569988678
0.121800183270977 0.195268992298013 0.0289804612334154 0.0231352278527032
-0.0605416609745467 0.247687555042968 0.0127483266129064 0.0329701694893484
-0.197195904043764 0.154262801594524 0.00415130722245963 0.0172051091248296
-0.218577571423058 -0.0377365809091409 -0.0106132014059266 0.016113729936896
-0.14743598323651 -0.175866495089046 -0.018551687885195 0.030382582673646
-0.0532011689910237 -0.158909166020103 0.0168196328704633 0.0637698588221137
-0.0960397691495354 -0.130499798981802 -0.000427769723405638 0.0449564995468456
-0.178617046419794 -0.0167047057055721 -0.00487578755839703 0.0430783937632138
-0.160484551839519 0.11429712934187 0.00569870071555083 0.0674573108735922
-0.0210687404551578 0.183296872557156 0.031964676523323 0.0653517094570289
0.0922443617398926 0.145242929214027 0.0764330684599957 0.0746221312934673
0.163557798826255 0.107537924106537 0.120739173326742 0.0471219271042245
0.194453708422979 0.0589526964886824 0.132530021621578 0.0279445398459851
0.210472979501424 0.0546763640439801 0.120431181264034 0.035404257238555
0.168505223220806 0.103864944376532 0.112855046545369 0.0519687757376065
0.114503613943678 0.164674570627751 0.0696214253488913 0.0593613445463929
-0.0457475692754004 0.218476147352339 0.0361862617509694 0.062228896740221
-0.175830955564345 0.143010612811051 0.0179089317848865 0.0363179087319291
-0.204307546371295 -0.0329153701902393 0.0186262388980159 0.0394129701484613
-0.137467725429244 -0.164997228831763 0.017216581217093 0.0869485146829045
-0.0280801502070081 -0.112398526524949 0.0201679795311973 0.0971496056962652
-0.0513393985877809 -0.0967307801357651 -0.0064057836623881 0.040669403558746
-0.111163763785671 -0.0274983417170053 -0.0490374935919065 0.0319419200187233
-0.107537557207977 0.0571239599283202 -0.0444215627876346 0.0855887244570157
-0.0284425465224047 0.108011087793569 0.0116451458559057 0.124584597022246
0.0477438894117096 0.0927025408584099 0.0989011405779171 0.135268982108596
0.0993458825843271 0.0765692979826028 0.174117572520691 0.0884704405833308
0.127510870622995 0.0457008417236094 0.193758950965878 0.0448977557891574
0.141272541375152 0.042551860645498 0.18282666099594 0.0514092626332775
0.118292660961555 0.0755358518887436 0.159429267329563 0.073234661021446
0.0825985202790924 0.118866578055384 0.0978916088295372 0.0872113800514296
-0.0362833920267029 0.158950632888204 0.0523875810814697 0.0797299089318341
-0.134745604940595 0.103685234592 0.0313531454699789 0.0477396570604982
-0.154402880784161 -0.0305515135498972 0.0497837060945707 0.0590204946589737
-0.100845528617767 -0.129933185002761 0.0537673522890144 0.136624993076629
0.0656377922641107 0.0464799840489075 -0.122579723079867 -0.165323905515569
0.0840657266313263 -0.00135410461909558 -0.115830189044286 -0.0699870374122631
0.0602972699081371 -0.0632313723654354 -0.0525216744967795 -0.0315197676565366
0.00054751309341502 -0.0815225344543817 -0.0522745730613378 -0.0718259351437353
-0.0447272782103372 -0.052514234562105 -0.107153103767668 -0.101086832710136
-0.0531569355191164 -0.026882980133109 -0.1829799758488 -0.0904421507864277
-0.0550004203945377 -0.0249952445265017 -0.231574473462835 -0.045118317671292
-0.045835248778627 -0.0173564975327281 -0.231809942109002 -0.0274126391666224
-0.0317911622407511 -0.0217931983925091 -0.206808465221927 -0.0817984585796282
-0.0128400091916354 -0.0295366025038534 -0.13572343447707 -0.136695427470189
0.00479378077143363 -0.0274548033330824 -0.0272640140851687 -0.158261257012358
0.0346240217473156 -0.0187478406008006 0.0564299558046961 -0.105958414012974
0.0405461843376863 0.015723583227808 0.0804429974151352 -0.0377614272709155
0.0131755069751242 0.0497566357109919 0.0281979790592245 -0.0175074019887373
-9.08251135710338E-05 0.0684281049718199 -0.0156038117734997 -0.10101847654583
-0.0104908040860297 -0.014538731340518 -0.112692366739146 -0.162799063990794
-0.0141296038127271 -0.00443967943304325 -0.0988241326677527 -0.0686289385905869
-0.0121431431937706 0.00538420932383691 -0.0266585798668801 -0.0483415175066059
-0.0068468415680664 0.0127672926362776 -0.0366003106885799 -0.0953656166914028
0.014934893489329 0.0129401604036813 -0.111311380223402 -0.127083899166466
0.026397642438827 0.00287065548031911 -0.188853794009029 -0.105130033837658
0.044805149296589 -0.00930813659571523 -0.235845850577722 -0.0579818565878176
0.0493151328815154 -0.00499797038623978 -0.229027519698276 -0.0298431989097092
0.0599399332151555 0.0089890775731694 -0.208118893116913 -0.0784072905399045
0.0377005540992074 0.037192409982024 -0.136613406962407 -0.128695061037933
0.00812031644772867 0.0525894374893193 -0.0340261910500765 -0.156009409738421
-0.0274037818807855 0.0435477177546021 0.0480505933485172 -0.107012021234654
-0.0338864812316379 0.024219624622269 0.0792113685295975 -0.0427972276184479
-0.0339185841381444 0.00951987267468324 0.0195497327982535 -0.0206361950372774
-0.0304923422493956 0.00293118273557167 -0.0317540087588387 -0.107260328848697
-0.074922157030042 -0.0772644969614969 -0.0828755999089197 -0.138225604395409
-0.105699757500213 -0.0219557479024422 -0.0629360975628797 -0.0553683787035017
-0.094055425088306 0.0640895692917717 0.0149044140817622 -0.0560001646659192
-0.0298778606736505 0.109519901087634 -0.00282020183481495 -0.109308996108823
0.0639424399202191 0.0901024734620403 -0.0927450889669871 -0.144076840526357
0.0997517299133985 0.0430228290908935 -0.163413173974413 -0.110582195082928
0.134885446008078 0.0144404498348862 -0.203891483480861 -0.0649858720040895
0.136586427477669 0.00836808668108519 -0.191273887946218 -0.0265144415826662
0.146158079909095 0.0300892703318383 -0.179500928351486 -0.0582541060698004
0.0958030576921301 0.0872664344103546 -0.122005267140918 -0.0959289947317995
0.0336948936356383 0.124258172816098 -0.0472558532015975 -0.126882127522727
-0.0654150048028595 0.119476572606404 0.0199006474161849 -0.094377892756176
-0.102667151274777 0.0555517179523686 0.0550972765716478 -0.048370297135875
-0.0902597091824447 -0.0189664724877682 0.000816437898411576 -0.0248369855183417
-0.0680800280581897 -0.0602542352931813 -0.0479298586511017 -0.0952310332298201
-0.114281079232833 -0.130672857437123 -0.04386442045642 -0.0954325590411159
-0.168969656520931 -0.0537482291569591 -0.0215410889903516 -0.0294657515660879
-0.171032887162539 0.0943671452653345 0.0540631440011415 -0.04367823245083
-0.071176710295514 0.187902158250079 0.036926287329075 -0.097510752225748
0.0857735762299408 0.167136559053886 -0.0521763178053151 -0.136559772399928
0.150645920946556 0.0906437586170348 -0.110441223940112 -0.0991141653855152
0.201991157867432 0.0438792138416879 -0.139942743404398 -0.0609573992331553
0.202974563273765 0.0212648971449453 -0.124445953007159 -0.0187119100773657
0.215433500124752 0.0387287387121247 -0.122044286137136 -0.0310137848425259
0.153481611283596 0.113001042408013 -0.0841293985718346 -0.0520591461702536
0.0782672094452058 0.173032402368908 -0.0444367358288802 -0.0786702825946267
-0.0708895230375561 0.195110073324851 -0.00300419781904234 -0.0606422342863448
-0.153733105846443 0.104288069662765 0.0240783563339127 -0.0377556194779885
-0.150517173492022 -0.0285540715129614 -0.0190368011424242 -0.0190844527418914
-0.110408337246173 -0.112934647860501 -0.0558288482020504 -0.0636575967199806
-0.121878666686703 -0.164873418486036 -0.00699505898023595 -0.0416157205731393
-0.18713019469081 -0.0914656811349791 0.0086011273387869 0.00292896163693635
-0.220114646996529 0.0855702706680667 0.0693380776463571 -0.0136247453031518
-0.118502813239328 0.220300462680303 0.0614391509401226 -0.0539635095044001
0.0742804373167434 0.220395545207331 -0.00472516397009986 -0.0934521149649821
0.168759994610818 0.131682954422444 -0.0398650746543444 -0.0622124982050074
0.233872756685124 0.0719214694213985 -0.0544187250566356 -0.0424643480665493
0.238018098494675 0.0309346205887831 -0.0397844111962556 -0.00827658802371323
0.255845313700016 0.0375524319290467 -0.0442487198934713 -0.00591023987567889
0.196150635791211 0.114737722112765 -0.0233817822593857 -0.0109548841983384
0.122968522384658 0.190005359626807 -0.0168308560361757 -0.0259608583330046
-0.0524723441059318 0.246396398073213 -0.00341584024011149 -0.0147957767121933
-0.178736787865141 0.152166957249198 0.00723317301303399 -0.0120731051998696
-0.199708357832874 -0.0233900301109125 -0.0251896887367492 -0.000523405713381485
-0.147659424205071 -0.148792703178015 -0.0472128394081233 -0.0169229188308983
-0.103541109240492 -0.171201192928731 0.0186378626532166 0.0147546314568182
-0.161085737324758 -0.115789921322914 0.0187617449762296 0.0308391127307776
-0.221613591923395 0.0479323589253984 0.049909270701488 0.0191593860782397
-0.149588481051401 0.196662122060777 0.0532511784881252 0.00559075345407012
0.0388158869581362 0.226428891626643 0.0268616093062103 -0.0207788880095363
0.151592215703854 0.148300744260507 0.0278028465695843 -0.00248019455181732
0.22560273762454 0.0877549592779677 0.0365973009445461 -0.00998312118427232
0.236816445353968 0.0356201235192064 0.0502681559915661 0.00344310381891313
0.257671842781987 0.0314478952557727 0.0421120484824741 0.0122988161395381
0.206617394815825 0.100975288603617 0.0484048448372261 0.0197697703572051
0.144869542103496 0.178793193942403 0.0275484282432366 0.0188518064225602
-0.0298302428593919 0.256575262926684 0.016481318580005 0.0259449147349763
-0.177482363135993 0.175939936018184 0.0105874104565003 0.0144800135405958
-0.221614348837656 -0.0133550655056451 -0.00921694433530858 0.0226678701010884
-0.165654952570367 -0.16161720951081 -0.0185162473108734 0.0379117736482958
-0.0732428639638873 -0.149976978352885 0.0305654198514215 0.0636118673063054
-0.113346694112435 -0.114687280558315 0.0130446055149733 0.0439659805272172
-0.179776891965076 0.00833262811555905 0.00630154827459325 0.0350851446597196
-0.141936960056435 0.138002049435644 0.0140868725162634 0.0549128062672507
0.00359635785746925 0.186082815387712 0.0328154897217601 0.0574687093118008
0.111365684992439 0.132636725648133 0.0782751661695568 0.0654230904344996
0.183043146743572 0.0852792230976793 0.117904390631459 0.0290402729506477
0.200454279887671 0.0353668234413084 0.132572316655956 0.0147179450531911
0.219775148163111 0.0265807964345386 0.123950883469775 0.0250163805281841
0.182515671590116 0.0821010612138433 0.11549187233688 0.0412444808582387
0.134764024855162 0.148447768926338 0.0721499584154425 0.0521696286076269
-0.0179327437176928 0.225032339754828 0.0418947286997389 0.0540690563515473
-0.158157027590512 0.162682877864965 0.0259588865387468 0.0329678366211858
-0.207010892717348 -0.0111564129810216 0.0221049473049536 0.0431184472543479
-0.154380822608876 -0.152142499335218 0.0217382562176984 0.0904016656303883
-0.0415444021622122 -0.106241576685329 0.0355859968089603 0.0952803965619262
-0.0650300861631577 -0.0885314532368974 0.00364227864160593 0.0417146228978966
-0.115229518750994 -0.0106793185301393 -0.0401834583758485 0.0333517963188593
-0.0986335329272085 0.075026833590936 -0.0325188137544382 0.0833120121309349
-0.0131316274113548 0.113588300946689 0.0225993258154064 0.119728115115774
0.0625722285936817 0.0875340810753715 0.110711307433298 0.121503456988331
0.114495823967355 0.0634364378310636 0.179028862685804 0.0639800991526439
0.134103091818692 0.0290610970073686 0.195824693811908 0.0234765035663427
0.149145971513085 0.0230805076318618 0.187365729991125 0.0339030299116914
0.129414372776486 0.0592160563420456 0.164793069184998 0.0589419918071786
0.0977172653580416 0.106917863691937 0.104227257120929 0.0770074425343169
-0.0148240257976844 0.16371890113092 0.0597129265187054 0.0713280482168889
-0.121497307428863 0.118432504123093 0.0387862837017654 0.0439030709936313
-0.157188681122935 -0.0143355715435354 0.0551109829392253 0.058336613056987
-0.113307055217014 -0.12112337411503 0.062007707449574 0.134800868564558
0.0660032381840728 0.0458050606585073 -0.12416394383008 -0.163076790532034
0.0847703033336947 -0.00178012778813986 -0.115809629364211 -0.0684970587533286
0.0595840303070635 -0.0641889131935595 -0.0514769334574491 -0.0312070254036606
-0.000446254107540222 -0.0822909294167416 -0.0529122160304512 -0.0718036932494415
-0.0455170887468319 -0.0516703380231664 -0.108872807789679 -0.100776419010558
-0.0535000914192235 -0.0260230354482208 -0.186190303866806 -0.0883574523798431
-0.0555834504226702 -0.0238628852678669 -0.233725588325324 -0.0411821604693293
-0.0462294286265158 -0.0162434601220661 -0.232755323010134 -0.0237816925875221
-0.0322059644579006 -0.0212752794037262 -0.20846435951622 -0.0785169454255206
-0.0138111397762277 -0.0291669185876428 -0.138277136071098 -0.134268301906186
0.00436720964494904 -0.0279767307242469 -0.029850129586861 -0.157549700908725
0.0345072032011369 -0.0200298180429897 0.0543826737018204 -0.106339941536377
0.0411298607864616 0.014850889129202 0.0795973216209573 -0.0393475939219638
0.0141558109708623 0.0499277401966943 0.0284096981815554 -0.0183665566409492
0.000977844890080594 0.068735166549974 -0.0159270153724215 -0.101264750270964
-0.0104492500471748 -0.0140386555265706 -0.114086112215265 -0.160906406202513
-0.0137931708119191 -0.00368644746530203 -0.0992731346983911 -0.0672643686121436
-0.0115514084106638 0.00549709063130701 -0.0261303354263921 -0.0480762725820346
-0.00649518447102938 0.0127234059403446 -0.0371653621646207 -0.0952238709312691
0.0153404866502958 0.0127530171377472 -0.114075229235146 -0.126181559627243
0.0264677031309709 0.00256215141340762 -0.19149113347256 -0.102215104308797
0.04458839023937 -0.0100081130270085 -0.237787669084022 -0.0540026054323172
0.0491350967307929 -0.00585385275809859 -0.230096685190075 -0.0260673473833367
0.0602287515070462 0.00784994355899139 -0.209886210213186 -0.0747304663010174
0.0383441523473038 0.0365777210464393 -0.13880558533749 -0.126188649818566
0.0088161411223577 0.0525875332177709 -0.0370873302142547 -0.155321228728036
-0.0269849138333016 0.0432189534471213 0.0462638093477903 -0.107610703576389
-0.0330809315745617 0.0246042369150322 0.0779263258783895 -0.0443356143234735
-0.0335770983964737 0.00986261634155119 0.0198369644680326 -0.0217884974826227
-0.0301647369232469 0.00369250307323089 -0.0320652838972589 -0.107405293470079
-0.0752667054783262 -0.0756804374486593 -0.0842738351964982 -0.137290003734763
-0.106010268757682 -0.0198446226590281 -0.0623072694500739 -0.0543206958688343
-0.0925267534151177 0.0652657973048354 0.0152983186592252 -0.0566561885040421
-0.0277510100505531 0.110503915442409 -0.00358944021939587 -0.109844328588841
0.0652273756409505 0.0890979701788615 -0.0950590589878301 -0.143505048766092
0.100616683522819 0.0421410736250346 -0.166223654090548 -0.108670011700223
0.13583359103989 0.0118392968704903 -0.205928132262822 -0.0611188847299562
0.137093885688597 0.00617558921625736 -0.191580591831955 -0.0232720091507237
0.147081397524709 0.0278543744742093 -0.180279699979393 -0.0549533831270248
0.0971600363945351 0.0861537901940967 -0.123608764734513 -0.0934115765208051
0.0352667591497104 0.123883129343918 -0.0498201477929846 -0.126047852148176
-0.0638542960151957 0.12062757647984 0.0179647789849285 -0.0947017408439503
-0.101725019547253 0.0562147004912343 0.0538318491510136 -0.0496431290396523
-0.0900435751239981 -0.0174743543740771 0.000641534962159257 -0.025790343501433
-0.068338027513293 -0.0589917720942491 -0.0483817661803844 -0.0946721543629844
-0.115133991205649 -0.128942079694 -0.0444186648073868 -0.0953235281642788
-0.169355417550745 -0.0509674865766974 -0.020785467527148 -0.0292649395366734
-0.16988481306184 0.0971856718079657 0.0546432963734728 -0.0450112398341807
-0.0681955344540337 0.189637609422128 0.0360050977236353 -0.0987078666270743
0.0887023325348171 0.166004908716906 -0.0543896382345985 -0.136978105128021
0.153064344673907 0.0884893051023223 -0.112161643524172 -0.0975425486082001
0.203861447724559 0.0401749716349801 -0.141178080636417 -0.0586295301248242
0.203820630996184 0.0179067113966385 -0.124772237330076 -0.0166140027839159
0.216477913032045 0.0351156166370944 -0.122943186905949 -0.0288569443511767
0.15603284231111 0.110971992870539 -0.0852362909674114 -0.0504751153164319
0.0808688098481746 0.172192311732028 -0.0460175947581577 -0.077673520704097
-0.0683126401803478 0.196378215031938 -0.00446980708566129 -0.0606437263466186
-0.152327561626255 0.106275548821247 0.0230305410603883 -0.0386936641323733
-0.150627739066051 -0.0268246342274489 -0.0195817681988886 -0.0197717568279576
-0.111032838477329 -0.111384829012374 -0.0561674998891935 -0.0634458467200949
-0.122553263436105 -0.163110130840463 -0.00713068366110419 -0.0412189630699956
-0.188101288036238 -0.0887079424498385 0.00981887501106342 0.00290149680660557
-0.21827451692105 0.0887560610153345 0.0701996082474658 -0.0144468256769719
-0.115838500779903 0.222200727181213 0.0618045773261165 -0.0550603995608508
0.0778334663593364 0.219368783308645 -0.006113247604437 -0.0936664659987043
0.170809405412433 0.128714426910485 -0.0412495248998084 -0.0619155528036597
0.235304155617802 0.0674508207505912 -0.055305664999533 -0.0415031764254875
0.239449340809364 0.0269362831416808 -0.0395719987908446 -0.00783891823786502
0.256293489814023 0.0327666261176202 -0.0443038656525333 -0.00492630190640589
0.198404097422942 0.111528152084734 -0.0233086847493447 -0.0102576031818377
0.126508994293938 0.188393209394005 -0.0175735081878099 -0.0245919827637602
-0.0491249547240029 0.248188219230701 -0.00494068571656724 -0.0143141674102781
-0.176848522758303 0.154827004152798 0.00611732745924855 -0.0126299369597087
-0.199960559270627 -0.0206637876172198 -0.025554831206387 -0.000870974899138317
-0.149274329582445 -0.146460231892461 -0.0469750221507979 -0.0169750101808527
-0.104791065877076 -0.16984404352531 0.0184442428845201 0.014758688715794
-0.162827711599461 -0.114574524655499 0.0195363225144161 0.031406635836121
-0.221006909507866 0.0502660477049184 0.0512935118645869 0.019059276087666
-0.146501777572925 0.200010096806143 0.0543229883573057 0.00473991229687804
0.0425994829280465 0.226670313392973 0.0265769181268255 -0.0220122707777321
0.154395185766986 0.146138051966546 0.027771894968618 -0.00360059627878032
0.228489066439936 0.0838306717203805 0.0363156766160906 -0.0106536560308751
0.238255609358312 0.0316464591679041 0.0506601361901929 0.00294277830787607
0.258404542450616 0.0264429308925749 0.0428519488769926 0.012311480419624
0.209385995725939 0.098100503848374 0.0493722777607974 0.0194921005278946
0.148127877188387 0.177017684531574 0.0279370059011016 0.0194883641680787
-0.0253472035289095 0.258059680330211 0.0160302368123169 0.0263352192104899
-0.175924050665611 0.178709672249797 0.00981701057245243 0.014887420601562
-0.222070166813429 -0.0103145944306727 -0.00953051531612788 0.0223600093197008
-0.167290354132216 -0.159383731468063 -0.0179428049150033 0.0374155436595924
-0.0741224502152139 -0.149128223177134 0.0306381954244806 0.0630767807802264
-0.115347333828831 -0.113942838487196 0.0135711787726341 0.0452744506810635
-0.180513745443557 0.0104972372924551 0.00739216285353568 0.0362965549315218
-0.140442590016459 0.1407480722391 0.0158487112541557 0.0550123690372319
0.00655977515278493 0.186103885415878 0.033640225276974 0.056874984185544
0.113164363565855 0.130995234212547 0.0800697732949603 0.0644362212185432
0.184905164426502 0.0820262431677628 0.119080970546522 0.0270581935572296
0.201712382702033 0.03188877967507 0.133659388367711 0.0126061055947777
0.220406366875128 0.0222631177134868 0.124596696563549 0.0231852993971915
0.18471143778007 0.0790402612818511 0.11692142971028 0.0399365181421632
0.137274169852108 0.146680313056486 0.073206896392274 0.0519106576117734
-0.0140961389242615 0.226130666343369 0.0418547027036225 0.0538349375749195
-0.155925117812868 0.165407909114616 0.0252394279648083 0.0330783389806223
-0.207354173694157 -0.00756200467248676 0.0221336982336825 0.0419947871092731
-0.156417492022626 -0.150390552618858 0.0229183641244882 0.0898737637012082
-0.0423344593761216 -0.10602146460297 0.036045258200741 0.0950990443562355
-0.0666292645512056 -0.0882366780551417 0.00396458734751071 0.0428197116537063
-0.115438810729118 -0.00919700024143932 -0.0389363684008402 0.0346067093708626
-0.0980996145384125 0.0768599083085784 -0.030847712764144 0.0838413212579861
-0.0110576225928373 0.114561654394062 0.0249111340207345 0.11895868947632
0.063908963503064 0.0864296767687935 0.112776914612328 0.119750412214053
0.115973536378959 0.0611026651888881 0.180751093369613 0.0612404324486305
0.13524922342913 0.0267492116140068 0.196549454650965 0.0201515071378893
0.150146488411641 0.0206993702076069 0.189075695199686 0.0310683286802805
0.131095660928557 0.0573836168146463 0.166952086524246 0.0561355114633854
0.0996435683422114 0.105355852475735 0.105490028780545 0.0768834895872693
-0.0125902165997636 0.164796944938966 0.0603001351177368 0.0710527025666189
-0.120156266833536 0.120938827032827 0.0387300886020088 0.0438678666274281
-0.15811816305314 -0.011782406415307 0.0552112639308932 0.057471897302429
-0.115499907984915 -0.119676574335813 0.063017833696489 0.134077295265657
0.067009788072488 0.0455408802619815 -0.125504981633458 -0.161202637853979
0.0852425955311079 -0.0027229267551537 -0.115767818097081 -0.0666005807782465
0.0589568495512068 -0.0652404357045053 -0.0509613910983128 -0.0309137540608449
-0.00137615751499763 -0.082144190491514 -0.052903516266279 -0.0723430597275583
-0.0464439274557426 -0.0512422823031583 -0.110575605059675 -0.0998764225416318
-0.053902212861133 -0.0250047778229507 -0.188410293353746 -0.0857984342667133
-0.056385603902517 -0.0232139191275773 -0.234974627935484 -0.0374728770297165
-0.0468040525318717 -0.0156457543661327 -0.233920147104137 -0.0194057511956299
-0.0325127086679784 -0.0207439727546976 -0.209717310052585 -0.0748324715997347
-0.0144603886964191 -0.028711995526419 -0.140809330138874 -0.131733237726924
0.00378264074845744 -0.0279510722219288 -0.0323332993629201 -0.156541773407524
0.0338407436049458 -0.0210476123706697 0.0526265446843261 -0.106880257943177
0.0415183332549744 0.0139866642779525 0.0787210177457684 -0.0410563119152781
0.0149991995739666 0.0498130984917624 0.0284067429300234 -0.0197625740071273
0.00210955767126697 0.0689447972912958 -0.0164784668008154 -0.101377534836385
-0.0102160315785877 -0.0131247682950547 -0.11502004810246 -0.159656672884011
-0.0131473599618006 -0.00299588593501452 -0.0993879541984068 -0.0661214418371236
-0.0104763321069582 0.00592463835658088 -0.0254676523942947 -0.0480711006446757
-0.00590822706570756 0.0127669362101888 -0.037549081999091 -0.0960724197013596
0.0157554395836399 0.0122275504806326 -0.11615376804898 -0.125591457163776
0.0267385568490051 0.00204374649635491 -0.193788539587988 -0.0997863449798399
0.0443420910603537 -0.0111543727358843 -0.240249914977844 -0.0503414054733028
0.0493650398496111 -0.00633989669142125 -0.230561782804427 -0.0217975254316364
0.0600887262062571 0.0068022391877528 -0.210891238863926 -0.0709082537546264
0.0388173575604552 0.0361153938229045 -0.140947438438739 -0.123603687421287
0.0094516141861964 0.0525758605767622 -0.0398821292827025 -0.154220522062388
-0.0267176858917387 0.0432632429817644 0.0445650151741919 -0.107488951193753
-0.0326595436208409 0.0243674779441682 0.0768531099149039 -0.0462207365886174
-0.0328918192276881 0.0103146876651879 0.0197938808517965 -0.0231058953854974
-0.0295259327642051 0.00460245647578572 -0.0326233127662113 -0.107256072382069
-0.0755247616357906 -0.0741412184574227 -0.0852894657299633 -0.136577877903829
-0.10522697706041 -0.0179419748335074 -0.0620575600697532 -0.0534329306044398
-0.0912826281098752 0.066680638878847 0.0156558943710252 -0.0569451266318961
-0.0264264898103626 0.111015355556436 -0.00467942032436554 -0.110636193635254
0.06701524458681 0.0882189683839715 -0.0977135230118192 -0.142744282179409
0.101631657492388 0.0405266492189936 -0.16934925073077 -0.106841385947496
0.136974534441439 0.0096958118195907 -0.207518073436106 -0.058054427616836
0.137545550342875 0.004039458503217 -0.192222897612056 -0.0196826562226895
0.147567934999975 0.0248476752957767 -0.181523330387395 -0.0514322865803983
0.0983644822449057 0.0846372836970597 -0.125472437701082 -0.0910853652547777
0.0366582976444021 0.123643900585083 -0.0518280592473614 -0.124552277147376
-0.0621806274033221 0.120964580790572 0.0157818300768426 -0.0944188844785538
-0.100335895607477 0.0569563823490539 0.0521888404168683 -0.0508983517086553
-0.0898726010327766 -0.0161570869808217 0.000826627125189044 -0.0269400815518265
-0.0682978939367398 -0.0580077728357619 -0.0489821839409274 -0.0944772293853966
-0.11544454519617 -0.126970215324309 -0.0449928632775566 -0.0946656241367853
-0.170051670394284 -0.049281485530427 -0.0203418084989259 -0.0284728801464497
-0.167722250322766 0.0994038490312445 0.0552202557175705 -0.0459630349198735
-0.0657292555754425 0.191216910763772 0.0366104560797443 -0.099862404869303
0.0917775017868271 0.165095983482691 -0.0563056037935188 -0.136543065313982
0.154711273080688 0.0861575111669921 -0.11449319455153 -0.0963775350943763
0.204737656870571 0.0365467390901245 -0.14273952901578 -0.0562305887222801
0.204624114992397 0.0143860811582711 -0.125186458958326 -0.0148322941022874
0.217275241270413 0.0310007102188377 -0.122880921720417 -0.0264085111348193
0.157866898976328 0.108722473008222 -0.0855241104440207 -0.0489647908649756
0.0831656730828899 0.170911557195641 -0.047812981670451 -0.0761047898629657
-0.0654501011773233 0.197313387049824 -0.0062762194919639 -0.0598460700994929
-0.150351547327747 0.107933447651054 0.0220312971337168 -0.0393905738712546
-0.15068977350028 -0.024415280234936 -0.0196918534500683 -0.0203239446870669
-0.112348239945743 -0.109402357515524 -0.056509119270163 -0.0631074541130251
-0.123532986098012 -0.161475077422261 -0.00782437297666324 -0.0410320412046632
-0.18861849127594 -0.0868473102167591 0.0103390214168446 0.00341611893404962
-0.217132168893431 0.0917486660105042 0.0711199278202721 -0.0149294365329286
-0.112657173596134 0.225123949056925 0.0621502469554768 -0.0562343659968981
0.0813101594329076 0.218213419706542 -0.0075130150540448 -0.0947411046170177
0.173548220574625 0.126315945619138 -0.0423616970924299 -0.0616955084192313
0.237490125934696 0.0642128899827862 -0.0561803172078845 -0.0410110958595223
0.240311846667439 0.0223374372019967 -0.0396733515545028 -0.00704434859697239
0.257168650953362 0.0281643078333877 -0.0439776667706952 -0.00378032300960344
0.199928239725696 0.109025817403878 -0.0233803883941546 -0.00910342119847055
0.128728339408546 0.186798883659513 -0.0181725399688306 -0.0233935694970323
-0.0453734728748115 0.249168633368262 -0.00564338805579378 -0.0135749417237739
-0.174236297061658 0.156838494644447 0.0050247379408504 -0.0125393765795005
-0.200154633426717 -0.0179681540745817 -0.0262895724871683 -0.00146673537898669
-0.15018392207526 -0.144322614484992 -0.0469987740991113 -0.0163519797191172
-0.105981858996687 -0.169295854784038 0.0181853212802708 0.0149374615075769
-0.16441640449853 -0.11291091977607 0.0203217047509849 0.0322149242474746
-0.21988269495081 0.0532127053198482 0.0522002687121411 0.0189669501240659
-0.144191660995412 0.201723777479891 0.0554245961216171 0.00430679699442342
0.0456038503110678 0.22620227938728 0.0268291723768467 -0.0224306843932679
0.157007912271936 0.144023957906945 0.0280178060286479 -0.00412652407060391
0.230470462408337 0.0804103033916866 0.0360763394399802 -0.0112108692886467
0.239337870397007 0.0271588114513527 0.0511691754957722 0.00202672771031801
0.258863881838786 0.0221735311852921 0.0438424952615164 0.0119889719979651
0.211278642301663 0.0950209534666593 0.0501501645614285 0.0187585733565407
0.151091939862681 0.174574149272162 0.0283529964531447 0.0202252894412608
-0.0214261930292914 0.259051736749005 0.0155978539951392 0.026899470014018
-0.172967299472654 0.181097952579174 0.00900906730499183 0.0148636449880001
-0.221690342876934 -0.0071352122774924 -0.00964288478440694 0.0218805824516698
-0.168997678610257 -0.156767520466249 -0.0176400336258261 0.0373122167912827
-0.0754557550491138 -0.14850669193669 0.0307657501232136 0.0629459615421715
-0.116739936666462 -0.11311324379547 0.0143294168341912 0.0457808919367725
-0.18019742696634 0.0132046265698396 0.00872152628011414 0.0364725523479466
-0.1387740519234 0.143102543587745 0.0175382131790287 0.0548176571482011
0.00915319529944318 0.186185044045132 0.0346389185137847 0.0558765413369145
0.115620286964426 0.129326506353208 0.0812227456839212 0.0625899780509757
0.186500586018322 0.0794246740052543 0.119141893860559 0.0253117104596893
0.20236993339503 0.0282137233019474 0.134042194052104 0.010534008265189
0.221040802130651 0.0186990365684685 0.125776201919338 0.0211831341100137
0.185989035098781 0.0765119045526586 0.118070630150767 0.038118340689181
0.139855729463904 0.144926367112231 0.0741932999533327 0.0517784285995366
-0.0110168440432851 0.227198258909087 0.0419576936740633 0.0543364563548658
-0.153641727163724 0.167959669304461 0.0241580314163961 0.033236818368375
-0.207544252121337 -0.00500611682589691 0.0215514122239925 0.0421068786150018
-0.158326402644391 -0.148340174659086 0.0236276984395247 0.0889777233224028
-0.043137853212477 -0.106330235610265 0.0359290901348554 0.0953220750430285
-0.0682223471310532 -0.088013224872635 0.00474712070563756 0.0440766007653704
-0.116294416038579 -0.00770380433298351 -0.0378562454945174 0.0358230071003879
-0.0971284958164103 0.078992218495582 -0.0288870721605723 0.0840958365296979
-0.00941495605368789 0.114741695001075 0.0267540863297951 0.118740826075114
0.0652168089018904 0.0856415490909701 0.115023405741524 0.117704073940544
0.1174876585738 0.0592181543385068 0.181948727925527 0.0581951442091403
0.135632410857154 0.0244743934526356 0.197563040883587 0.0170849452703739
0.150369906620204 0.017537200898568 0.190508681027167 0.0278436458158813
0.132134174346329 0.0550333618997785 0.168818191784908 0.0541501227579657
0.101822094431436 0.104026817905196 0.106958178358831 0.0762782500595995
-0.0098164972107319 0.165570018453992 0.0604212090625952 0.0711020343213526
-0.118079478562724 0.122971519167316 0.0380899479159629 0.0434671437493816
-0.158456359243877 -0.00985123158617401 0.0546688471595261 0.05667475468442
-0.117005344606943 -0.118509108233392 0.0645359113863572 0.132478927644846
0.0671374680143012 0.0449453639791824 -0.126352080174184 -0.159096728409676
0.0860741124601928 -0.003318609847628 -0.11541050301236 -0.0650185745176617
0.0581770839577748 -0.0657769095588557 -0.0496949678209009 -0.0303714643028864
-0.00248364295009386 -0.0825357284911909 -0.0529136077038151 -0.0723430447430194
-0.0466223051986511 -0.0507604096212263 -0.112067505570964 -0.0995244039241494
-0.0539281739562688 -0.0243761965509835 -0.191071992594925 -0.0836127584496393
-0.0566989965186665 -0.0223128892240463 -0.236383895609675 -0.0342513749589903
-0.0471560454596063 -0.0149298569529928 -0.23394279389457 -0.0159519611899216
-0.0324588235157639 -0.0198440102196309 -0.211086571968998 -0.0709256874297793
-0.0148249413788646 -0.0283824010373191 -0.142604400207448 -0.129105407269691
0.0036371994177228 -0.0285844283398197 -0.0349131586364576 -0.155311807476774
0.0335392548727048 -0.0216560778358967 0.0507941419567317 -0.107493433376949
0.0420631342606419 0.0129758882823197 0.0774105064523518 -0.0424705400018929
0.0159141980965434 0.0497139603025473 0.0281356513241952 -0.0212164486826861
0.00307048170392078 0.0692079108068725 -0.0165849644552925 -0.101399467691007
-0.0100588085836859 -0.0126799093424858 -0.11612512107175 -0.157940878893096
-0.0125680671163172 -0.0020581279032695 -0.0986308079544087 -0.06460678317369
-0.0104864423933846 0.00621098822937065 -0.0246500100315425 -0.0481960226415225
-0.00560568927930569 0.0127519921325503 -0.0380533289678367 -0.096299293508807
0.015604228947391 0.0119745036579978 -0.118195902206633 -0.125230535564947
0.0271867666799332 0.00164545970877806 -0.196803206641779 -0.0980137533314455
0.0445890094552478 -0.0115823119302918 -0.24170794062771 -0.0467567711038316
0.0491917331661221 -0.0073953759313406 -0.230889008583661 -0.0184697678364894
0.0601180334849275 0.00612430901395354 -0.211540724007291 -0.0671518390727166
0.0392086794036455 0.0358737675888457 -0.142682042128323 -0.12113166848203
0.00989855984688558 0.0522967905618533 -0.0421401476976406 -0.152968582320459
-0.0259123248766611 0.0432104349145971 0.041946561497438 -0.107908091697611
-0.0319723802333742 0.024408634363149 0.0759332799654797 -0.0476186389274905
-0.0321176415106084 0.010923968079159 0.0196427619946313 -0.0241634093554354
-0.0293764074666589 0.00516601391002802 -0.0332736558115909 -0.107182524882329
-0.0754767565430756 -0.073176715485375 -0.085743338375313 -0.135145237462649
-0.104760017018259 -0.0164844141876055 -0.0615301529758401 -0.0531718926634206
-0.0898373198295206 0.067941331917742 0.016252308067845 -0.057524191410718
-0.0247780604812675 0.111586392598445 -0.00508294666418341 -0.111249578100142
0.0682295662927898 0.0871397954225434 -0.0996298610577584 -0.141978395538558
0.102505739761428 0.0391405031750017 -0.17119229765109 -0.104629296865622
0.137191941457839 0.00755849712022181 -0.209334813602064 -0.0553897005904356
0.137924845949859 0.00207298839963625 -0.192605570178387 -0.0174024796284341
0.147452477167677 0.0225315568329634 -0.181814962988032 -0.0484201098626889
0.100183262125949 0.0837664517705766 -0.12588542366009 -0.0887330653289855
0.0383253756268064 0.122847520673711 -0.0538179081985969 -0.123275407357316
-0.0612574216090036 0.121137966972124 0.0143927199838199 -0.0941425596308039
-0.0994637803325682 0.0578265768696053 0.0508814575962639 -0.0522224641778227
-0.0897352543754606 -0.0156883210129204 0.0002266809829625 -0.027912857752863
-0.0683007325471347 -0.0570060869963947 -0.0490689025729062 -0.0948309547636582
-0.115825400746835 -0.12496234340317 -0.0453829649336076 -0.0941711724213501
-0.169534859720883 -0.0470299961432267 -0.0194314966374562 -0.0284496174953035
-0.166113225909477 0.101486728331308 0.055892626013254 -0.0465358176084894
-0.0628388945589898 0.192300936868939 0.0360737382746899 -0.100803134604149
0.0937927706559726 0.163714801839128 -0.0581764811362703 -0.136154240376452
0.156053412462073 0.0841498794052631 -0.116321427806405 -0.0951665781328818
0.205809582325231 0.0336952071506407 -0.143988894510974 -0.0540225010214711
0.205102523963791 0.0107209324337611 -0.125512681451346 -0.0126633495292634
0.217520624097947 0.0276337159429999 -0.123178069433235 -0.0238606226867406
0.15935095616783 0.10672303678444 -0.0861494587531157 -0.0467602612985732
0.0851521066410352 0.169761845293246 -0.049239035956458 -0.0746143020340114
-0.0632732025952035 0.197818786964942 -0.00758368222116118 -0.0591472881754258
-0.148569547797005 0.1094192651563 0.0203299907103545 -0.0398558624178371
-0.150455520690519 -0.023201650332737 -0.0201227715195056 -0.0212464031126011
-0.112673979092552 -0.107966024905605 -0.0564406169967077 -0.0629355767783262
-0.124170624660493 -0.160050926931754 -0.00755196764509417 -0.0410371761012769
-0.189279987941849 -0.0842698226899809 0.0114725659468164 0.00404928854499186
-0.214960539122157 0.0932870834328542 0.0716250615652686 -0.0157376310540404
-0.109967485032526 0.226544480177183 0.0627341427041051 -0.0576239660051327
0.0838682327516499 0.216744820441571 -0.00865760085364696 -0.0946458348941196
0.175205790156781 0.123897751566594 -0.0435178196759366 -0.0620257832727689
0.238551547749787 0.0606876645186639 -0.0571704215612121 -0.0398071695698311
0.240871263319057 0.0186834579729556 -0.0394016879132108 -0.0062817300745835
0.256972548369981 0.0241586199073013 -0.043793337140874 -0.00253370969930079
0.20208304876204 0.106276029319082 -0.0230285848257751 -0.00870013919404347
0.131052081758042 0.184689112590684 -0.0185475076602377 -0.0223948601581891
-0.0423177015956931 0.249639205874682 -0.00652839223011075 -0.0130857479136006
-0.172350813736732 0.158666147426466 0.00392029008456802 -0.0127152838285515
-0.199856356516803 -0.015765208972718 -0.0266144316049696 -0.00176669058361632
-0.151376969645275 -0.142322675961862 -0.0468851839685743 -0.0162501960689362
-0.106494423667196 -0.168337830758046 0.0179731904865564 0.0148247527656854
-0.165199071641695 -0.111106503052771 0.0216868784417448 0.0325073063518243
-0.219066609548836 0.0555187643630757 0.0530169490839761 0.0190512478013677
-0.142049403120877 0.204101239008676 0.0567779994253429 0.00311746470249339
0.0489173492112674 0.225535579834882 0.0263744637239465 -0.0230401290827217
0.15835304925734 0.141590110897201 0.0279231071579663 -0.00466840641573773
0.232031578640962 0.0767628890852209 0.0362966658600519 -0.0115907003952656
0.239816704691535 0.0234885097428402 0.0510681908853368 0.00127954947431198
0.258994710925605 0.0181242463348034 0.044114145819668 0.0112912205789561
0.212950436725938 0.0918589686902535 0.0505800764018943 0.0184204146456842
0.153106452230016 0.172480551197543 0.0285597671977575 0.0203991764005156
-0.0177476484546755 0.259278971474488 0.0154385253082868 0.0277034890568286
-0.169761509971091 0.183433065991582 0.00816939025469427 0.0147062203789173
-0.221608115411528 -0.00469961004657574 -0.0103146273613057 0.0216890089174374
-0.170500445582122 -0.154834257401797 -0.0176114749338839 0.0370145088248957
-0.0756305255219518 -0.147914282815981 0.0308063433941511 0.0628824146674694
-0.118252698973526 -0.112436559772751 0.0152496017884157 0.0467409099982438
-0.17959758062725 0.0147078018878579 0.00953568356087792 0.0369202448071314
-0.136976483941007 0.145505967328355 0.0192034620922276 0.0542861690897469
0.0112875514239153 0.185881352089153 0.035608474615208 0.0547364109838926
0.116974890282599 0.127427181846774 0.0822667606953779 0.0611429520455677
0.188085624831233 0.0764807229578501 0.119818649229482 0.0234162591125498
0.203060627169702 0.0248833690510415 0.134233376917432 0.00850619296289733
0.221044717695147 0.0149753650699299 0.126492950736453 0.0192958173461679
0.187715859727809 0.0732339291830375 0.119331069797006 0.0367245606267943
0.14174095299499 0.142574882321361 0.0752247422904171 0.0518836683727998
-0.00765739517418886 0.227681417690945 0.0422297850420375 0.0548066517342982
-0.151014455461372 0.1696118248317 0.02354760960026 0.0329668444054891
-0.207812073292861 -0.00237384523238789 0.0212103212146512 0.0412414630318295
-0.159831443330312 -0.146323055711501 0.0241712050018819 0.0882108223757789
-0.043370602911867 -0.105975809656159 0.0361222005410791 0.095192071266037
-0.0695509134148877 -0.0877379554622265 0.00522593361762929 0.045242876804164
-0.116312568559271 -0.00624674972832504 -0.0369470189882317 0.0365243562801091
-0.0963694826995116 0.0805990160945937 -0.027000912171788 0.0845593499386359
-0.00814961489634932 0.115168251217868 0.0283229560739257 0.117146125449881
0.0664092943263592 0.0841387287215915 0.116952763217427 0.115564064664824
0.117803240199374 0.0575427005715673 0.182184725689139 0.0552114995090735
0.135937443013395 0.0222811387926593 0.197173488217453 0.0142322170569382
0.15073887634573 0.0152480514996287 0.191137319237203 0.0248728368590089
0.132940227383185 0.0530190757886634 0.170276130462585 0.0519356522374153
0.102652808067644 0.102774368537242 0.108313694006803 0.0755309829574968
-0.007940058908372 0.166519834692734 0.0608791548722784 0.0714688789808301
-0.116775291462197 0.124087051484532 0.0375291633322012 0.0434757341533376
-0.158303042668906 -0.00798187604152023 0.0539609276324912 0.0555277724544706
-0.1186673776997 -0.117358018323698 0.0657875891372126 0.131652974243033
0.0674320566870246 0.0447110611266834 -0.12707055180642 -0.157894692467481
0.0864350792333515 -0.0036376520787054 -0.115244861284907 -0.0636209675075505
0.0581717589393716 -0.0663873385467096 -0.0487072567188328 -0.0308620639601477
-0.00342951217680323 -0.0826087706562556 -0.0529764683273857 -0.0728653437485762
-0.0475322381314862 -0.0502309167308107 -0.113574736592285 -0.0993902723722225
-0.0544758647307905 -0.0231682070190566 -0.192938821497162 -0.0811135914343472
-0.0575913963906831 -0.0211051283761442 -0.237584947906281 -0.030044261450449
-0.0471541950021253 -0.0144087577335251 -0.234543823992487 -0.0129302052735689
-0.0329558173774706 -0.0191969494294161 -0.211837513741792 -0.0682323176803435
-0.015234270436853 -0.0284023140235612 -0.144281976199377 -0.126822549594678
0.00250949229279101 -0.0284489028651353 -0.0369196810299841 -0.154313316414428
0.0329745284606875 -0.0225914954289662 0.0492290828209754 -0.107179584947599
0.0424444596564013 0.0125711135657802 0.0761310844506177 -0.0435321657950208
0.0168239871737896 0.0494148989411601 0.027610976899765 -0.0226720921155893
0.00395505289445118 0.0693297507424261 -0.0165441749286639 -0.10155823636712
-0.0100481516942685 -0.0120947391155491 -0.117008690316182 -0.15663076098988
-0.0119710903200962 -0.00161839960480952 -0.0980893848823715 -0.0640643467440033
-0.0101116351832952 0.00645227222698994 -0.023868474700238 -0.0483088217833216
-0.00520587775687716 0.0130129400029122 -0.0386803292195004 -0.0967724824907852
0.0161053576559384 0.0116225503829967 -0.119645089572928 -0.124425234508744
0.0275406439786479 0.00178796111282562 -0.199173311216429 -0.0953341536671985
0.0443860726896454 -0.0123310617669904 -0.242750291906073 -0.0429726822382032
0.0489842800472353 -0.0080738189222322 -0.230918583345511 -0.0151562917563821
0.0600953546498555 0.00516876332133591 -0.212076986878105 -0.0642429865279731
0.0392321846210162 0.035057465154313 -0.143979635687158 -0.11865540221813
0.0104952108367801 0.0522484039755863 -0.0437805440834874 -0.151484873739007
-0.0262591755772946 0.0428254361049056 0.0406784501612087 -0.107981733459532
-0.0312150513983725 0.0241790900300843 0.0744983471905567 -0.0488653193454489
-0.0315530413647125 0.0110935302920513 0.0193160660489065 -0.0253618185327206
-0.0286917074028328 0.00565335921822058 -0.0330548226309002 -0.107278227756103
-0.0753775725065119 -0.0716772644460855 -0.0859960527222564 -0.134503061176511
-0.104226876171519 -0.0148071930328079 -0.0606608178173082 -0.0523704094578029
-0.0882990725473886 0.0689577362800583 0.0167701153483789 -0.0582300498909353
-0.0235370838415172 0.11184434442723 -0.00516268793359562 -0.112337367252546
0.0692208102575667 0.0860234131985607 -0.101346791882663 -0.141471689313034
0.103215754898009 0.0380256665303617 -0.173176866725069 -0.103030920590503
0.137266079752997 0.00551900783197462 -0.210415731375994 -0.0519860812833475
0.137824710040483 -0.000226066293374405 -0.192565873670593 -0.0141552830309518
0.147510252560283 0.0203580551907939 -0.182311748608726 -0.0454958894073203
0.100629525427782 0.0824267879082246 -0.127110062499645 -0.0862760860171172
0.0393387051999403 0.122389749675391 -0.0551010916618666 -0.12163813356619
-0.0599807484556795 0.121514582359653 0.0124150225250862 -0.093821729512372
-0.0982979058463526 0.0585006739063948 0.0497307821965563 -0.0530231985161662
-0.0891126204119585 -0.0146530974884008 -0.000256610789038465 -0.0289972557069638
-0.0680188038408634 -0.0561358344057927 -0.0493914403874604 -0.0943082991407149
-0.115632369692645 -0.123571151558325 -0.0459858583026931 -0.0937943610072205
-0.169490353460145 -0.0449109243950313 -0.0183259397199794 -0.0281279508487718
-0.163854702864056 0.102793560783359 0.0559698937897804 -0.0473735643011114
-0.0608048895185039 0.192527196266229 0.0359506611969098 -0.101463876938896
0.0959370545539685 0.162163704876508 -0.0604193920590936 -0.136109937204805
0.157435970497254 0.0823641109033542 -0.11771406671886 -0.0941917763202922
0.206426689237544 0.0311876460379001 -0.144914836134906 -0.0520613294612007
0.205500518073935 0.0079162518276574 -0.124901941761346 -0.0109264045877043
0.217050795444644 0.0244760234121332 -0.123224827892908 -0.0217838473752283
0.160673124654237 0.104831533449182 -0.0864704713631855 -0.0452586418211969
0.0867328803367778 0.168536545287236 -0.0505142752589819 -0.0728348760607868
-0.0605841372638108 0.198894799715439 -0.00896396226763218 -0.0586183545708549
-0.147054217636661 0.110559426259615 0.0191830008379147 -0.0402618259724495
-0.150544953219466 -0.0214902573246585 -0.0208295739415339 -0.0217566917127246
-0.112751119947729 -0.106770590866243 -0.0565490405431728 -0.0626456095311887
-0.124065253917112 -0.158497506629995 -0.00795513100521215 -0.0409514968292898
-0.18970871029339 -0.0834052618626457 0.0120551770351101 0.00381055221890674
-0.213493211832504 0.0956754133005984 0.0723291369582662 -0.0164471784095856
-0.107235366397758 0.227914392267849 0.0630395403495402 -0.0583958111921066
0.0868138683787135 0.215959585023349 -0.00992840899393032 -0.0951564996544247
0.176851176306589 0.122002812435872 -0.0441105708052264 -0.0616301542416011
0.239812184852578 0.0566544116209705 -0.0579878711221832 -0.0387818544171776
0.241249757542879 0.0151169021728742 -0.0394480014979719 -0.00584254351093994
0.257240282380555 0.020085950851821 -0.043451884557365 -0.00164673664884602
0.203181600703384 0.103733802557075 -0.0228974415553509 -0.00795755518440718
0.133447835298338 0.183027484071025 -0.0192023923978125 -0.0210830632108898
-0.0384952971331423 0.250054506925107 -0.00733302925179692 -0.0121841453013184
-0.170123487174824 0.160425204686281 0.0026229175278335 -0.0127498426136413
-0.199276061932311 -0.0139886306946495 -0.0270679056782303 -0.00258766575908424
-0.151636541784462 -0.141073184823349 -0.0466843967239178 -0.0159657845798571
-0.106592723899185 -0.166701267152953 0.0182858945661699 0.014577034747661
-0.165995339925277 -0.109738116814112 0.0223561994307609 0.0330003064741105
-0.218368340823422 0.0574039870132501 0.0543369520660861 0.018724604075375
-0.139568694781633 0.205743980205699 0.057839476990026 0.00257185683521635
0.0511853644854464 0.224686743673682 0.0259784542521512 -0.0239492143007345
0.160399575148653 0.13950406133432 0.0275342581385143 -0.0058435852322591
0.232622933150777 0.0734090519073044 0.0357591791479268 -0.0123916618584355
0.240291918904373 0.0197913681560276 0.051326869437121 0.000723510534561199
0.259113162541812 0.0137563384474677 0.0448440608810535 0.0108968933831759
0.214033673450845 0.0893219401753259 0.0515984469269418 0.0181855316555324
0.155017570771672 0.170432947994381 0.0287770507430896 0.0209458522330663
-0.0148800466795673 0.259607856541535 0.0151744501120147 0.0280211495106831
-0.16808151285867 0.184734083204118 0.00718964108350082 0.0151593041495816
-0.2211570086141 -0.00289193626893107 -0.0109655037357646 0.0214477420936822
-0.170975042607661 -0.153270719226381 -0.0170355083482755 0.0371357824349844
-0.0760609313207016 -0.147514278951723 0.0306815582752066 0.0627025537874325
-0.119171249689226 -0.111759346440473 0.0158345426176579 0.0475652826449351
-0.179307300106205 0.0158827456448107 0.0105492282078419 0.0376020907069244
-0.135815467947378 0.146914370987006 0.0206542155175555 0.0541484230356465
0.0137248892645469 0.186178226972682 0.0363542512794976 0.0538153858864413
0.118405285542121 0.125905318702049 0.0830675155387674 0.0594119372979585
0.189125390992997 0.0737565634788263 0.11995407713866 0.0214874117764372
0.203574100176674 0.0223543307392693 0.134390789183869 0.00655694303198674
0.221254469346882 0.0119109212860371 0.127137595389453 0.0180424142370546
0.18838759711855 0.0713661243303711 0.120432586141926 0.0355300201916817
0.14313702094749 0.141046969243727 0.07555370342718 0.0520669040076109
-0.00502803865922945 0.22807865606019 0.0422221044659703 0.0551914001216934
-0.149030123042369 0.171115211320222 0.0228328847411769 0.0333214413824628
-0.20743594108481 -0.000220514541517179 0.0207394536267497 0.0404423626034112
-0.160580126233433 -0.144916994930719 0.0244643188419495 0.0882142116659847
-0.0441307032961588 -0.106333987214639 0.0360219055601352 0.0954070543980825
-0.0709989803986961 -0.0877968395909126 0.0059319684040705 0.046507526168881
-0.116660275950095 -0.00539505867977463 -0.036259778073643 0.0372989758847463
-0.0956107992550326 0.0820684435676699 -0.0255683645535097 0.0842164855421289
-0.00670172423662335 0.115750505874529 0.0297854241492929 0.116658407728434
0.0668578255072577 0.0833206934627617 0.118658334650746 0.113836990562455
0.119011056470028 0.0556322065425874 0.182734548899529 0.052379037792979
0.135925744781259 0.0200386057723211 0.197528899456359 0.0110680112320273
0.15037996693374 0.0126875929532403 0.191542984554764 0.0229154826996129
0.134053501412875 0.0516811860081668 0.171008957414635 0.0498239838335511
0.103827639116366 0.100814832013629 0.109480513976287 0.075493563777103
-0.00526171854973211 0.166959264883995 0.0610103846840179 0.0714762032943117
-0.114823891950822 0.125864528866164 0.0362339198979226 0.0440707788755045
-0.158348228660578 -0.00656835799263915 0.053000833932213 0.0547883872537131
-0.119430362899102 -0.116181650165847 0.0658701702182666 0.130202860709644
0.0678236655178095 0.0443539540291606 -0.126910801852435 -0.156570915842994
0.0865351901050404 -0.00463570410730126 -0.114799560970214 -0.0626346979412486
0.0576787739761133 -0.0667509042279819 -0.0475988826502544 -0.0308850076149478
-0.00421076397997513 -0.0830625905739196 -0.052968253504108 -0.0730548597602756
-0.0477541991972325 -0.04999471993942 -0.114509911501394 -0.0988338461684382
-0.0543398908830935 -0.0228259806530957 -0.194861005818866 -0.079698263831128
-0.0574533874403084 -0.0206364098694754 -0.238586616813156 -0.0280838885934282
-0.0475033546753608 -0.0133854109690755 -0.234080074526662 -0.00963515705590579
-0.0329883228088115 -0.0189291122005746 -0.211909814206047 -0.0652216129756883
-0.0152994507308985 -0.0280893992981243 -0.145255291061173 -0.124783871234844
0.00254728833857835 -0.0286271209452658 -0.0381128075375627 -0.153214499443777
0.0327798392573122 -0.0237354009994693 0.04776496474644 -0.107068607635245
0.0428885250926715 0.0115155349785282 0.0748755371897215 -0.0446050568202705
0.0175553029325751 0.0496533918413663 0.0278841147068843 -0.0234450820190795
0.00466352991174403 0.0694492473994654 -0.0168738823512475 -0.102443171025738
-0.00914835396161904 -0.011926913986724 -0.116675037379412 -0.155414493450123
-0.011236825898958 -0.00144781281930413 -0.0976712248635847 -0.0625433902679939
-0.00951550101143306 0.00645024446399322 -0.0232818960727383 -0.0484442133504396
-0.00506160804541149 0.0126664549787977 -0.0386722997909363 -0.0969832482337003
0.0164012302657376 0.011477996399549 -0.121051117641197 -0.124225184352238
0.0276896495038958 0.00119754723630454 -0.201016101671218 -0.0936572209851787
0.0439253419730432 -0.0128044333063333 -0.243196159903635 -0.0401157818290983
0.0493486940690536 -0.00843030618248708 -0.230945500749776 -0.0123751707207672
0.0599808902631233 0.00419455842922903 -0.21257208283532 -0.0611087133506115
0.0396614625963175 0.0347586381912539 -0.145192489079528 -0.116458374760254
0.0104297733410734 0.0521206863991087 -0.0456626487073489 -0.150446086323058
-0.0257098891903102 0.0428331865197126 0.0392302450390241 -0.10788696264065
-0.0311084292433034 0.0238526663069882 0.0732275599936639 -0.0497373166538547
-0.0309762136143021 0.0111054335816686 0.0190310157777433 -0.0266693569586053
-0.0278332396120298 0.00583036186466128 -0.0328320392347578 -0.107605049457452
-0.075186873382208 -0.0707781110259731 -0.08637887718941 -0.133918535969179
-0.103832449874194 -0.0139218470977705 -0.0604184314098273 -0.0517641309724746
-0.0875646459977913 0.0695531723353622 0.0176210191577552 -0.0586076651331777
-0.0221973959089321 0.112053936526391 -0.0053352862634677 -0.112867330810382
0.0703699055168341 0.085181878240068 -0.103009416243988 -0.141351583336501
0.104005065775199 0.0370542191030284 -0.175047062936328 -0.101513890069239
0.13782374240013 0.00383149525817132 -0.211293873308205 -0.0491921849744481
0.138244619373232 -0.00200781601854571 -0.192397671576799 -0.0123153088323066
0.147322696872063 0.0190093752661235 -0.182509767909263 -0.0431161387652117
0.101460079392702 0.0818628577352261 -0.127473273345894 -0.0846368523271812
0.0404279588143069 0.121855212874966 -0.0565569659458048 -0.120109087838829
-0.0591423271949182 0.121852935541713 0.0113104204504463 -0.0931082965176836
-0.0976966172243606 0.0586504352730785 0.0484660193159736 -0.0539149032775169
-0.0885971115109407 -0.0141479846561126 -0.000278682560594487 -0.0305427354537942
-0.0677921175187983 -0.0554131822069738 -0.0488987955281374 -0.0946515544882723
-0.114819684797593 -0.122887102192212 -0.0462646647899937 -0.0935205768338754
-0.16909092476188 -0.0432843431905977 -0.017865124715335 -0.0280981790338053
-0.162770444627606 0.104080254313871 0.0565230002258672 -0.0484786446139518
-0.0593113446369589 0.193644609039073 0.0357138976070261 -0.102523077945344
0.0979337994880916 0.161117180796456 -0.0610949775810396 -0.135827439707052
0.158800015838232 0.0807256102028708 -0.119456767989462 -0.0936345678578349
0.207108048692033 0.0282269432244681 -0.145836504063985 -0.0501414299639882
0.205519819922402 0.00558786579517563 -0.125079777637725 -0.00990705701474114
0.216715575760693 0.0219201497606804 -0.122981230042066 -0.0199974070730279
0.161070778450888 0.102667657330975 -0.0865731525725338 -0.0434062412658619
0.0880864364327769 0.167648269151242 -0.0512017666706881 -0.0720013862701981
-0.0589911666029046 0.198881909821587 -0.0104633363110251 -0.0576982270020883
-0.146133085905473 0.110791510004581 0.018058882598746 -0.0406868546536593
-0.149627381535481 -0.0209131581210557 -0.0209952109294664 -0.0224496005913952
-0.112903150098679 -0.106046981235558 -0.0565523895057859 -0.0623736259547716
-0.123824844816475 -0.157697658609876 -0.008005992395261 -0.0407596468489305
-0.189696234139479 -0.0819502954701745 0.0127555260091233 0.00450589229636044
-0.212516005882945 0.0971548618962236 0.0731455238116887 -0.0167693031352587
-0.105476134361537 0.228796716680839 0.0636498520935716 -0.0595696599944244
0.0891694290104844 0.214792146469387 -0.0107433765220225 -0.0952358816498435
0.178189826174495 0.120027871665427 -0.0452435194097479 -0.0616909566049616
0.24041417083363 0.0536348623536644 -0.0584264800043204 -0.0379945615334197
0.24146321731856 0.0121636035579552 -0.0395165886411098 -0.00546621344276199
0.256807271046328 0.0173501190166205 -0.0430048725418026 -0.000815402528892776
0.204552962591232 0.101368240678855 -0.0226689765292979 -0.00694185126525904
0.134626845131907 0.181752079227804 -0.0195944589042386 -0.0199865609938953
-0.0372468630759223 0.250902848100068 -0.00798316930464773 -0.0110416406042901
-0.167638086239391 0.161085533846199 0.00161327832484258 -0.0128989291839848
-0.198897177642459 -0.0128472056315108 -0.0276510303815067 -0.00291455912024635
-0.151792562845558 -0.139555727424356 -0.0465806191547833 -0.0161499091757942
-0.106704080911624 -0.166328756551678 0.0181622770937342 0.0145691678481553
-0.166966743865464 -0.109213340740298 0.023107147062087 0.033581507232183
-0.217307801924855 0.0583074377008048 0.0553566217001535 0.0185829115219232
-0.137914954415004 0.207254472369219 0.05852719175199 0.00168954970803559
0.0532431744770495 0.224266808111557 0.0258735495382676 -0.0250056838938254
0.161305582261305 0.13802741729657 0.0277363330804844 -0.00640441102830381
0.234036788789849 0.0707290301227518 0.0353531157271807 -0.0125145058279967
0.240582046786265 0.0170983471367678 0.0515668651464948 0.00016567608393162
0.258619319467151 0.0107303416186516 0.0454630609404942 0.0110683525157085
0.214902232236071 0.0868698735523053 0.0522125364667259 0.0177168616556653
0.156615123473954 0.168411682316827 0.028909292150355 0.0216197324042849
-0.011984399022942 0.260069312037798 0.014652846042221 0.028729153712144
-0.166266224603571 0.18618509437742 0.00633901179060986 0.015370902456533
-0.220377011263052 -0.00114200331029172 -0.0118253735411715 0.0207784366211715
-0.171041252404462 -0.151587420304691 -0.0167883430993587 0.0368317313646012
-0.0760586372486012 -0.147444166355049 0.0304712003671446 0.0631719284682764
-0.120453774150214 -0.111603532908777 0.0166369655514992 0.0485828187258778
-0.179643245925279 0.0174082299076074 0.0119450904848641 0.0377011043742431
-0.134845617182962 0.149031080822975 0.0220574773341182 0.0533733893869293
0.0150347648904984 0.185802432175158 0.0370195994477465 0.0532427785171463
0.119181368139353 0.124287999598009 0.0837330982042495 0.0583371626326893
0.19010206775214 0.0708590298149272 0.120199262192193 0.020306467991547
0.20382291809877 0.0195900537979279 0.134688686031583 0.00509526181210701
0.220705616664957 0.00888359800099957 0.127903996549284 0.0167670090149997
0.189662818026904 0.0690298180234507 0.121109673798239 0.0343272740678078
0.144610363354857 0.139397116285427 0.0762858644444347 0.0516915756710027
-0.00243506520917578 0.228401339362239 0.0419438457481449 0.05543216362426
-0.146997451022137 0.172571588704669 0.0219496007943817 0.0335571805998882
-0.206863130806223 0.00163859345166436 0.0201363689180767 0.040426092697111
-0.161319342822887 -0.143835775176055 0.025010614632867 0.0872600441734725
-0.0441734249983334 -0.106724656392937 0.0359268737386458 0.0956525892770837
-0.0720698700331556 -0.0879097935269817 0.00613529539865749 0.0474903616110419
-0.116915297055847 -0.00428736768375832 -0.034544961146163 0.0387355622768799
-0.0946239812307417 0.0830911059597281 -0.0242983846454303 0.084041634950456
-0.00545642835888455 0.115904633815084 0.0309229068088969 0.115430875516118
0.0678456190794693 0.0825000825427445 0.119790295066813 0.112421591158635
0.119717045111673 0.0538363025524451 0.183744240235849 0.0505818193157721
0.136820857622268 0.0187108664565428 0.197417245075554 0.00854993259434072
0.150644648257483 0.0110803064907805 0.192082837801552 0.020624400174982
0.135023415093892 0.0499780782311202 0.172637166593208 0.0478897446700465
0.104878988446671 0.0999955828497971 0.110510011893934 0.0752363302665707
-0.00351784065052105 0.167106769562884 0.060769060867553 0.0718716346207206
-0.11429795300518 0.126756830486001 0.0358133659030263 0.0440627623736355
-0.158265117383517 -0.00534738972634295 0.0527385399155369 0.0537486601416026
-0.120021287723512 -0.115377167974339 0.0660737742842057 0.1297453699064
0.0684469005843381 0.0442220268689928 -0.126982479916177 -0.155527798020384
0.087294121675755 -0.00488262670517785 -0.113754987863922 -0.0618859059138195
0.0575881974100471 -0.0670834842651062 -0.0466088011637341 -0.0309427186920785
-0.00450886460454353 -0.0834274276528968 -0.0535274050977063 -0.0737371464113924
-0.0479643137057432 -0.0495272372883554 -0.115636165582092 -0.0988939843288787
-0.0545993441163111 -0.0222144529311935 -0.197051152872297 -0.0777275998136227
-0.0578086625094239 -0.0199571537115708 -0.239221911597129 -0.0245884363464091
-0.047532954010013 -0.012881585287913 -0.234242252444822 -0.00748289748981438
-0.0332638847442396 -0.0184747920159184 -0.212430306939993 -0.0631990157521116
-0.0161304170646416 -0.0280070326354202 -0.146295564095514 -0.122765792081924
0.00209760806444715 -0.0280792876984838 -0.03907973107759 -0.152175177215906
0.0320084260797162 -0.024148003384482 0.046671930217292 -0.107015486180181
0.0429708680831752 0.0111560764770836 0.0738942066519861 -0.0455721090300249
0.0181580007984191 0.0492945176623912 0.0275030482589009 -0.0247118104474243
0.00471590638192624 0.0696892817738998 -0.0167574625986954 -0.102380563929603
-0.00892168941332263 -0.0115642307842919 -0.116818854025155 -0.155343022326902
-0.010253026572857 -0.000874723852949904 -0.097089654437957 -0.0621342494868269
-0.00908259276234151 0.00632305907290959 -0.0221742480610742 -0.0488161112851553
-0.00499403326749376 0.0124647254252016 -0.0388024787328804 -0.09796309625246
0.0165948802725389 0.0108431900464384 -0.122431313729718 -0.123291481667365
0.0280541080646801 0.00130602962915623 -0.20242165399077 -0.0919530613757734
0.0441576943561478 -0.0128957280588839 -0.243999218806285 -0.037400896160297
0.0491377338280988 -0.00904541073506715 -0.231327884725613 -0.00979217244724877
0.0597096989829854 0.00374466544355107 -0.212728024065455 -0.0591866314577059
0.0396279129828596 0.0346589771441543 -0.145950934989797 -0.114697144383622
0.011296313532919 0.0516381654954037 -0.0469749307334883 -0.149350288396455
-0.0257811089894158 0.0423333144691666 0.0380169273335378 -0.107179562403425
-0.0306376172959865 0.0237220489957997 0.0722941909364282 -0.0505571564151029
-0.0303176601532066 0.0112186837889136 0.0188561308759492 -0.0282061484634633
-0.0274269437148884 0.00631345699339569 -0.0331299558131026 -0.107798330357261
-0.0746641226622241 -0.0702517143064444 -0.086231163954472 -0.133414360652859
-0.103064721015235 -0.0129748998739823 -0.0596974525522552 -0.0515440238182369
-0.0862158400009251 0.0700255073844994 0.0178477731482531 -0.0596317844901726
-0.0211790517947802 0.111972324988064 -0.00557726204984406 -0.113634558784324
0.0710555169830764 0.0845203653204549 -0.104493858161735 -0.141105315864642
0.104776631903362 0.0363221714681497 -0.176283483736328 -0.100288612960836
0.137693594276536 0.00213190694383328 -0.211863387156977 -0.0466261775309197
0.137992035685873 -0.00360959350409823 -0.192673784160755 -0.0103547968717016
0.147128368701041 0.0175043416068133 -0.182582898038561 -0.0407407340120693
0.101967261529587 0.0808010742002632 -0.128190213754253 -0.0827335434506474
0.0411757289120186 0.121321827502533 -0.0579499205891893 -0.119118849069039
-0.058570888633266 0.121950276338371 0.0100981934282843 -0.0926070620530138
-0.097047079942821 0.0584631738175275 0.0472307110448993 -0.0546894292477737
-0.087872118132366 -0.013733384340715 -0.000708450555089418 -0.0311656646046641
-0.0672283551947454 -0.0551665128297514 -0.0489617127763127 -0.0950693886632742
-0.114918706617396 -0.122074842846786 -0.0460169169308734 -0.0934276899992286
-0.168756343863335 -0.0424894168781559 -0.0173090392149025 -0.0278680178153412
-0.161403482378308 0.104617386373028 0.0570196295907178 -0.0488511696633682
-0.0574954392135262 0.194153013772752 0.0360782038249166 -0.103603574261527
0.0996062095098702 0.159912505439077 -0.0629082480161891 -0.135911038114189
0.159372720083784 0.079295113501337 -0.120617294828079 -0.0924053996100668
0.207450801661123 0.0258662216486161 -0.146433201570694 -0.0482579509280137
0.205209424253178 0.00319610105961157 -0.124806243304892 -0.00847430374160111
0.217027360263996 0.0192891937541381 -0.123106914653074 -0.0177974680559794
0.16184875574339 0.101435019116576 -0.0870152724582884 -0.0425666965556438
0.0898095058700181 0.16678697179847 -0.051759212948768 -0.0704843142027587
-0.0576836255810594 0.199518729801831 -0.0109014779928721 -0.0569183757841283
-0.144749981853393 0.111150363974411 0.0167214325131976 -0.0411391867882507
-0.149337136775414 -0.0199393327150067 -0.0219807984469132 -0.0236842661963003
-0.112097230308237 -0.105629472780684 -0.0567330929278282 -0.0630150433456387
-0.123392216158268 -0.157147649815911 -0.00814566529592844 -0.0405080300479013
-0.189408642311333 -0.080962359355738 0.0137285586874596 0.00425928667223632
-0.211476083887313 0.0976242826393884 0.074077617329476 -0.0172298917605011
-0.104019707783273 0.229814303966244 0.0643548656929085 -0.0602393332167313
0.09006015963354 0.21403006951788 -0.0118750957458671 -0.0957235918735944
0.179173840418521 0.118227752611421 -0.0459787093980456 -0.0615457712900033
0.241194892711977 0.051427019275406 -0.0589939813090002 -0.0371310102471002
0.241477216797155 0.00922574073228302 -0.0391585809313526 -0.00492314251616453
0.256577434148758 0.0143483446955734 -0.0426759323501107 0.000263115969667397
0.205143657550829 0.0993830577229299 -0.0219900708261439 -0.00664046471129203
0.136082342351513 0.180649078874229 -0.019427872884069 -0.018944126842703
-0.0347807518368521 0.250659394765189 -0.00878743789666294 -0.0103917860515478
-0.166952464463238 0.161732524034131 0.000589662497412803 -0.0126761917224464
-0.198405025119038 -0.0115013528553887 -0.0279136050065566 -0.00339274460650928
-0.1514658951291 -0.138525807692895 -0.0467560854909256 -0.0163653113467898
-0.10618190251261 -0.166317135777337 0.0178870593833772 0.0148083299041595
-0.167249394469215 -0.108360983501818 0.0237611239588502 0.0339187577213767
-0.216683435119928 0.0594812254609184 0.0565385294618356 0.0185207026852216
-0.136621763089237 0.208832572973186 0.0596876874904933 0.000489066457190323
0.0546586925347807 0.223904935574895 0.0260135534277066 -0.0257337138237256
0.162635455149966 0.136494679687725 0.0281715883512144 -0.0068632763350275
0.234929696869133 0.0678592743028613 0.0353935620928864 -0.0126180098961685
0.240604301105724 0.0142432048648255 0.0518527440300507 -0.000630205126900831
0.258665194672173 0.00775089797540617 0.0454435001059371 0.0106180264286069
0.215994084306102 0.0848265031112039 0.0528573924343957 0.0176665965049674
0.157636989740278 0.167328621059208 0.0293560584154243 0.0224880903479905
-0.00993726061046288 0.260377551634655 0.0147608882862301 0.02974840870131
-0.163904669818883 0.186733222844849 0.00543662123589799 0.0153531082354479
-0.219991821354564 0.000436985601376567 -0.0119960880553031 0.0206192805675622
-0.171689886518025 -0.150699900597336 -0.0167846674510128 0.0365710138388301
-0.0757261477618837 -0.147795255828578 0.0299123110574853 0.063538403486398
-0.121338488949392 -0.111300075128286 0.0171701480420349 0.0494361526591252
-0.179185888739152 0.018637015102294 0.0130700739969853 0.0383195153299332
-0.133379674305034 0.150624682291472 0.023145847640792 0.0529359148028193
0.0167689151414828 0.185970413219644 0.0368017470803779 0.0522363331822717
0.120371149825826 0.123344600066561 0.0844489854588198 0.0569837066857761
0.190471651652772 0.0686427704515534 0.120062510943282 0.0190855922260108
0.204156793240145 0.0171908309839069 0.134667028232862 0.00364637149898706
0.220566748875197 0.00658687878368142 0.128090258160466 0.0154729125131195
0.190626872518147 0.0669042101003993 0.12178491427133 0.0331828958452979
0.145407976848409 0.138300698285328 0.0772813884836012 0.0520234232028845
-0.000226021592298831 0.228473790703011 0.0419689836459942 0.0559187935938019
-0.14512247126906 0.173554902198202 0.0211915852586457 0.0340057992374243
-0.206189238347621 0.00253384849774443 0.0193763370282261 0.0398528040050483
-0.161395976686645 -0.142568424011533 0.0248930215920501 0.0869258700240076
-0.0442851019006179 -0.107069539294847 0.0354348911860483 0.096111136740323
-0.0729403578349608 -0.0875501022785685 0.00679035558655474 0.0484343685496416
-0.1171149887279 -0.0037669056282878 -0.0337556992716912 0.0392460688375749
-0.0944334491761055 0.0846149063946853 -0.0226431501012318 0.0837825379774441
-0.00487261166727 0.116250173262777 0.0316839778541226 0.114534229167776
0.068050372527693 0.0818313528574348 0.121064984301005 0.110358660953611
0.120087832772306 0.0524435498418684 0.183880607505606 0.0485337872905623
0.13713806545176 0.0166673307093374 0.197617523677035 0.00678571003277225
0.150890639318915 0.00947656600167982 0.192768310237032 0.018853727205909
0.134652905720819 0.0485355612737045 0.173343780335988 0.0463563904097733
0.105806865708688 0.0988760244324181 0.111319225311471 0.0751210622989477
-0.0015434272504207 0.167933031299852 0.060904975667625 0.0721163766034978
-0.112703799104802 0.127414686476782 0.0349999203100041 0.0443215824780984
-0.158447803225217 -0.00432822568353532 0.0518945686631169 0.0538769668688188
-0.120551684592908 -0.114637681690684 0.0664510381450326 0.129106281697961
0.0686458334684468 0.0441568601003675 -0.126595078819036 -0.155077610142337
0.0879480594322529 -0.00522512322237126 -0.11299866089736 -0.0615195205477951
0.0571794647206087 -0.0676099540250077 -0.0454969190272388 -0.0316179930817485
-0.00501137048782877 -0.0834845379295628 -0.0533534433626807 -0.074572738652313
-0.0482095170060657 -0.0493086683687919 -0.116511501372429 -0.0989646928222293
-0.0545072186687491 -0.021743734725505 -0.19827926855793 -0.0763526101297845
-0.058036130459847 -0.0191260836443615 -0.239748689940432 -0.0229209122675881
-0.0478915110975891 -0.0124981240685446 -0.234624115737588 -0.00501800937024769
-0.0333533349247029 -0.01809379594959 -0.212732678606982 -0.0615455827961141
-0.0160441813204971 -0.0277822841713319 -0.147395457219661 -0.121171878474965
0.0018625225115053 -0.0284521929401301 -0.0402797659484376 -0.15148742094833
0.0317807286947863 -0.025542677690828 0.0456239509113385 -0.106620127241092
0.0433144047094584 0.0103261023753423 0.0730764437395265 -0.0463745269629459
0.0184012312629668 0.0497114521973454 0.0274418084289871 -0.0258708516971921
0.00549482168885221 0.069720655143763 -0.0161904492059532 -0.10328422088171
-0.00839907129600451 -0.0113686714709568 -0.116286448375368 -0.154599970774972
-0.00978495729728693 -0.000517040243873904 -0.0962298056692568 -0.0620047153530964
-0.00857317969966489 0.00613281315877599 -0.0212417920506226 -0.0496524333291155
-0.00463977262197732 0.0121842821853561 -0.0388226256402607 -0.0987703466301095
0.0166027958866464 0.0108896362473097 -0.123476251746914 -0.123718004631475
0.0279522275512211 0.0011684886392808 -0.204287124992302 -0.0908982562857726
0.0438814676728185 -0.0135900087924669 -0.245153965909111 -0.0354260802983416
0.0491897438611703 -0.00963123379572406 -0.231469511505543 -0.00792030362986903
0.0592251281512878 0.00334869797657364 -0.213329302623675 -0.0569055747158978
0.0400913907957014 0.0348792383603118 -0.145992366004419 -0.113222109895331
0.0107392682761535 0.0512163279242077 -0.047788400046433 -0.147923855797214
-0.0260143315432738 0.0419849881377036 0.0369276992941944 -0.106856243372419
-0.0301114620069468 0.0230466225895154 0.0713406540384945 -0.0511214487245121
-0.029765597252752 0.0114047735965265 0.0188638110749165 -0.0287794111147666
-0.0267791173165983 0.00611244503599662 -0.0329967452105381 -0.108739871484065
-0.0739134805802572 -0.0698540297863605 -0.0863871465561241 -0.133381420939968
-0.102440759658078 -0.0121002820532794 -0.0588220794420246 -0.0516399260495725
-0.0851433111802758 0.0703455853501685 0.0185387395340768 -0.0600643283168978
-0.0203825023406788 0.112388976882991 -0.00541150902287763 -0.114251453105566
0.0715253108590217 0.0840272027196027 -0.105546385600769 -0.140850615381035
0.105153333887797 0.0356066827028767 -0.178140956161909 -0.0989732282509105
0.137759672861132 0.00130777350529512 -0.212845057993607 -0.0448961078735595
0.138087708761951 -0.00487711069813772 -0.192707101506956 -0.008422599490349
0.147298867515029 0.0159171280284741 -0.182730898218665 -0.0390460095239376
0.10248698826817 0.0803735380052411 -0.128810634382789 -0.0811523910304507
0.0417157623045653 0.121039786717916 -0.0593469282697333 -0.11780555335701
-0.0582343173025422 0.121508991568444 0.008870181609768 -0.092021478999744
-0.096473782674648 0.0588168038428754 0.0460543700326641 -0.0550362151367276
-0.0877478111762412 -0.0136235792253507 -0.00113314657634566 -0.0319495093404557
-0.0671398790490064 -0.0547314368772378 -0.0489958406935903 -0.0953882896945554
-0.11434323906374 -0.121850016580067 -0.0457197208791235 -0.0933108015609092
-0.168074619997574 -0.041601820167335 -0.0162856004555161 -0.0276473157646991
-0.160846450571067 0.105271641896687 0.0584390883917951 -0.0493708438923204
-0.0561651337454201 0.194420105021164 0.0357327098079804 -0.104349565091734
0.100239740760893 0.159008437694943 -0.0639071498362137 -0.135710735259607
0.159959710981334 0.0782626207831971 -0.121843175876664 -0.091959637726688
0.207536486579272 0.0241026475147885 -0.146827075855067 -0.046882912334251
0.206372942354241 0.00136432797146186 -0.125022555439571 -0.00750180732674902
0.21657710412044 0.017980125052991 -0.122795499980721 -0.0165933849114284
0.162771878114196 0.100654826214258 -0.0866629024318709 -0.0414512771093487
0.0902192692101769 0.166079747146027 -0.0526677693379149 -0.0695882305869937
-0.0567251074989202 0.199381134850414 -0.0120955457549152 -0.0560908225828059
-0.144252569305736 0.111364585298286 0.0151195133137794 -0.0413044468417125
-0.148963023310018 -0.0198739109417161 -0.0223444674698256 -0.0243509847740544
-0.111834761269499 -0.10511363520444 -0.0564798445737783 -0.0631955508451792
-0.122833697949662 -0.157140753481136 -0.0080481353624428 -0.0406127541527503
-0.190228140553972 -0.0807360659046724 0.0146546206166772 0.00480270248612061
-0.210466295906321 0.0984284092682263 0.0747422302668192 -0.0178363588958177
-0.102502183612498 0.231373807440248 0.0643937473536516 -0.0611756559109476
0.0915118850494845 0.213462229412416 -0.0121873386885246 -0.0960044665055022
0.180184829333803 0.117150534280144 -0.0467099946278253 -0.0615538823384735
0.241639973956409 0.049039988653542 -0.0595460201606873 -0.0364389981570406
0.241886332146024 0.00765395802710554 -0.0392362214074961 -0.00466769292390923
0.256273571314108 0.0119708368121372 -0.0424289622296942 0.000872998285558737
0.206226585446133 0.0980339569455753 -0.0217392331441947 -0.00628986437112322
0.136709249053561 0.179614774887819 -0.0199895162243403 -0.0180043839650823
-0.0332765614680217 0.250717780100746 -0.00966727201830392 -0.00946987739764696
-0.165603396348528 0.162161608373806 -0.000682812686185939 -0.0124808358411961
-0.198000676954138 -0.0110133626088956 -0.0288680699886348 -0.00370770382804593
-0.151249225389497 -0.138507186607457 -0.0463121950817694 -0.0164382542753432
-0.105139590932939 -0.166229734313246 0.0174303573805927 0.0149284825454969
-0.167367747307173 -0.108630952846601 0.0242602323787597 0.0347120322871156
-0.216344898739163 0.0599034255536654 0.0572499465985912 0.0184981842919213
-0.135650446965068 0.210012863319536 0.060936840184242 -0.000405651455756833
0.0562616373061071 0.223411957204842 0.0257840240951732 -0.0263912954204011
0.163559923185973 0.135185737678665 0.0275899534601657 -0.00756767051530995
0.235232478613138 0.0659489149960382 0.0351811017606261 -0.0127982349258644
0.241247613256033 0.0118548117972785 0.0515544138956805 -0.00118853279015982
0.257877793724033 0.00556286760579163 0.0461090350760615 0.0108603863836866
0.216425410904133 0.0828731948277934 0.0533194389124472 0.0172403054814933
0.158880448728174 0.166600341877761 0.0297677137227945 0.0230627437342768
-0.00783695857960494 0.260702689423217 0.0141516424610773 0.0303996118508833
-0.162942815809132 0.187521769960826 0.00467326405950588 0.0158755711403844
-0.219741126127041 0.00133370359724377 -0.0126008117207804 0.0204018869142459
-0.171218091184199 -0.150349847208952 -0.0167220220701302 0.0362078650262062
-0.0754092918445886 -0.148019762462648 0.0298124305645153 0.0639369311921174
-0.122039026777631 -0.111219080889454 0.018108488408755 0.0503920282615802
-0.179545488591697 0.0192810376083283 0.013853508943834 0.0385978893750932
-0.133249542274651 0.150913470294881 0.0243565115951385 0.0526107202839622
0.0179114428863042 0.186367996114215 0.0371835280769968 0.0512069031984826
0.120577661823938 0.122829638092311 0.0845728051384665 0.0556891176488744
0.191448440926595 0.0668941985354401 0.120289155864603 0.0181430953422023
0.204054822570816 0.0152719407948364 0.13492236074081 0.00267974919650048
0.220490044807852 0.00443882767626915 0.128489899158225 0.0145372770619595
0.190618980090137 0.0656990485883463 0.122986598694549 0.0327107668316943
0.14663934489571 0.137176264497831 0.0774551298406928 0.0527543174785061
0.00158033204859196 0.229288608831474 0.0420649477287137 0.0567911668515561
-0.144145807562444 0.1741136540179 0.0206956987005395 0.0348579000858418
-0.205948987408257 0.00349076332033909 0.0183435101489161 0.0399750662543958
-0.16152115673545 -0.14168284104853 0.0248687400175997 0.0864453136781346
-0.0443960288981965 -0.10781071441029 0.0348532492464879 0.0970328955131251
-0.0741730261167067 -0.0879113710526913 0.00767191838477515 0.0497931952046899
-0.117465010618293 -0.00331865129633266 -0.0328099157949897 0.0399429014528385
-0.0941077240833099 0.0857908944607948 -0.0213719206823749 0.0835586574127379
-0.00381089328302374 0.116421457836021 0.0321546093485111 0.113772225589144
0.0683355403562346 0.0812250637072036 0.121557482116869 0.108935363266125
0.12060989805161 0.0512197045919033 0.183875901513824 0.0460132324416617
0.137547118209287 0.0154959132804888 0.197511356092628 0.00569256791083033
0.150257335050207 0.00809267933199812 0.192895132185799 0.0172000033183527
0.13585849847252 0.0473395991647263 0.174394680863171 0.0447462303799623
0.106606153229019 0.0975706947509607 0.111944276998872 0.0751319763497792
5.26065475097469E-05 0.168367650735259 0.0609979616633377 0.0730090542544435
-0.112005881552531 0.128425575930492 0.0343933862984818 0.0450633087062291
-0.158175793171908 -0.00334145902544073 0.0511633512720114 0.0535842783730936
-0.120754529266549 -0.114187772301343 0.0665780340489505 0.128483259466643
0.0686574375856189 0.0444814087655834 -0.126480622295591 -0.155185835096692
0.0885069797919589 -0.0051373410882173 -0.112441401051657 -0.0611709063846458
0.0578833773979208 -0.0681053019777189 -0.0445856870892432 -0.0323235422284292
-0.0051115321077154 -0.0837219845748226 -0.0532231497866854 -0.0755643248537304
-0.0485967476192942 -0.0492478959848142 -0.117890521831365 -0.0988722567462423
-0.0545357813458388 -0.0212873113369576 -0.200234034723902 -0.075425368842373
-0.0586235328639453 -0.0187107026647395 -0.240826467041886 -0.021013132421788
-0.0476952992872566 -0.011984891672461 -0.234764959823837 -0.0030634028596857
-0.0332682563023253 -0.0179051346053235 -0.213253463652851 -0.0598203636425774
-0.0165235417360867 -0.0274421403438819 -0.147737848842664 -0.119820777893776
0.00153776764296771 -0.0287989684568077 -0.0410615297150276 -0.15063015608814
0.0316497973022173 -0.025579921014019 0.0448265976606227 -0.106682520710369
0.0434146536882163 0.00965066406262357 0.071652352319733 -0.0462624909223164
0.0195839310787105 0.0493645438403848 0.027334337783567 -0.0267230712103891
0.00620393935367538 0.0700527022468778 -0.0159232539790098 -0.10422974293198
-0.00819028339641492 -0.010997165673815 -0.116111340763813 -0.154712933252536
-0.00881855629034639 -0.000464278248566048 -0.0955208243301081 -0.0623169682263944
-0.00815410606116049 0.00682271322718753 -0.0201776709688529 -0.0506347871213658
-0.0044705383015149 0.0125604116400302 -0.0390009163090028 -0.0998553401420819
0.0167939174879594 0.0106617740928256 -0.124485780327657 -0.124082034329207
0.0285589830680948 0.00132528579803424 -0.206437695663078 -0.0895638987947105
0.0435381445327232 -0.0139119416087512 -0.245854092617388 -0.0331362509218286
0.0492391491176255 -0.01014542269761 -0.231689760575184 -0.00653454521618493
0.0594004333314314 0.00304295943672943 -0.213371651894957 -0.0553316002773507
0.0401725580910201 0.0344794170091873 -0.146935800634516 -0.112057510718925
0.0107822619072536 0.051375334851689 -0.0486013998482746 -0.147414192663844
-0.0263440706282078 0.0419087235137743 0.0360551327713664 -0.106694309827002
-0.0300602695138233 0.0228075969721871 0.0706163509648441 -0.0522547660666066
-0.029536060971904 0.0114378050418739 0.0182539023322587 -0.0302461184529565
-0.0264557390702548 0.00662263537052311 -0.0324563849315315 -0.109644189126799
-0.0734954894032648 -0.0696721336765134 -0.0857187113739525 -0.133540395314359
-0.101419436494734 -0.0119401104748761 -0.0579180305305538 -0.0518599850036504
-0.0851837870931508 0.0707098005081517 0.0196047319316946 -0.0609875117134621
-0.0197137219119628 0.112321630519501 -0.00544899574848595 -0.115390934159896
0.0724864967919474 0.0835763949560482 -0.106772145991562 -0.141409939443669
0.105730510068195 0.0346569414165292 -0.179731623463738 -0.0982836546711446
0.138259460866201 -5.32211483309179E-05 -0.213609516860291 -0.0427732384610342
0.138212497666736 -0.00559069478945732 -0.192206377864669 -0.00727908654046769
0.146745072879699 0.0151600471739596 -0.182778673517716 -0.0372372194335513
0.102711949493833 0.0794300083583335 -0.128999008682737 -0.0802293191374564
0.042183846518041 0.120535958846729 -0.0595824185140028 -0.116855789012056
-0.0584453326421081 0.122424853542839 0.00821322184372019 -0.0911937058515084
-0.0965994623887903 0.058250385268528 0.0451130345097766 -0.0552905141010241
-0.0873411569443618 -0.0137000581884607 -0.0015168847175779 -0.0331771704983041
-0.06629296901672 -0.0545338394328247 -0.0485775246394895 -0.0964032744562959
-0.11306399031955 -0.121722231496045 -0.045596142391048 -0.0936300720569109
-0.167713176909831 -0.041170914377797 -0.0155747962270464 -0.028457392788492
-0.159584636330159 0.106339376836427 0.0593297504563471 -0.0503055873555301
-0.0558565257079968 0.19552745075998 0.036328638843566 -0.105594612705038
0.101445685422185 0.158832288685359 -0.0646980235351332 -0.136440232762236
0.161254213792353 0.0775154804789374 -0.123045451756947 -0.0919372339572228
0.20843974934365 0.0218760106557249 -0.147584425218597 -0.045540114540956
0.206101996560636 -0.000110350714881519 -0.125293499606054 -0.00694481923694385
0.216286903994752 0.0160320833227316 -0.122724684174086 -0.0157617792795056
0.163613827492429 0.0992612531279339 -0.0868159898436746 -0.0407386300811042
0.0912476000512417 0.165687349888225 -0.0526492192677992 -0.0683972204719221
-0.0564880919125239 0.200273170975756 -0.0125187272177717 -0.0549354606155057
-0.143732854175139 0.111864983115501 0.0147747523088693 -0.04127255305933
-0.148481756896081 -0.0199523770088935 -0.0228593053981594 -0.0250648410169526
-0.111596608583851 -0.105343211758151 -0.0563694750237251 -0.0636363286836795
-0.121904027026905 -0.157099771952451 -0.0082408700937465 -0.0408810373717658
-0.189652335434811 -0.0808455557510412 0.0152994408705449 0.00445496077948629
-0.210000448038539 0.0987077143363828 0.0757936416415163 -0.0184056574906422
-0.101333809225316 0.232291997559421 0.0652243387665118 -0.062459851318472
0.0926692379293571 0.212850459577792 -0.0131852414709611 -0.0961974122113688
0.181422885823382 0.116159647452819 -0.047093626229701 -0.061773763906503
0.242746559617415 0.0468764734930422 -0.0595140916578514 -0.035891308983478
0.242557232926671 0.00553719540076334 -0.0392464727996403 -0.00443025401532409
0.256068578157301 0.0101233348289825 -0.0423117135153837 0.00136818960285488
0.206968748793699 0.0969510182392115 -0.0215229363773317 -0.00555036075000901
0.137940440426346 0.179060879282045 -0.0200072906005907 -0.017452079889037
-0.0319400931222675 0.251784096631835 -0.0097923451130232 -0.008433166748586
-0.165128523844776 0.163138241905691 -0.0016021628970449 -0.0126185497994971
-0.197864504124347 -0.0108089225309602 -0.0296982101925442 -0.00461338167724171
-0.151797843232374 -0.138639489561596 -0.0467672277708963 -0.0169608045708052
-0.104875303356301 -0.167183602699152 0.0174713221728182 0.0152952965678823
-0.168171666710555 -0.108744706906946 0.0254879008054168 0.0352940568607022
-0.216479541324404 0.0605837379916548 0.0582860589450563 0.018538847379853
-0.134732393757115 0.210780113515593 0.061601219987551 -0.00112613456497283
0.0570716416574493 0.223599018124793 0.0252890660981566 -0.0268883898355342
0.16403473868437 0.134283678540454 0.0274445868341675 -0.00806136944509285
0.236193952244016 0.0633355747511891 0.0348583344794796 -0.012822838288143
0.241462842987528 0.0101304275879105 0.0517688436911721 -0.00165963009238056
0.258097424158876 0.00370527567704658 0.0464640037588216 0.0104256279085207
0.217357871111014 0.0817518870009934 0.0540108441038468 0.0171102210871342
0.159763981364638 0.165373744807602 0.0299131291034321 0.0238321047787088
-0.00641499351055932 0.261639860694082 0.0140500808960478 0.0310357831648039
-0.162354887593122 0.188027611739674 0.0036536772800677 0.0166312977665597
-0.219184011440161 0.00196722437599407 -0.013736820526945 0.0200710604648717
-0.171355749918397 -0.149930971066179 -0.0167502167271766 0.0360629868360022
-0.0748866064641695 -0.148907302924995 0.0295338888448049 0.064671156288101
-0.122807841270131 -0.112102924088739 0.019005048178013 0.0512458272970668
-0.179432513419388 0.0192483314973707 0.015068225003907 0.0389571542154352
-0.132578429541573 0.152482287939309 0.0255244815758029 0.0519136456315559
0.0186554235007278 0.186529402941333 0.0374163893006714 0.0505191126675621
0.121047975927237 0.122084962150534 0.085102861267246 0.0551784515866756
0.191948042520297 0.0656018419987317 0.120785969542996 0.0172600471187778
0.204649286931539 0.0136383150251016 0.134811483420461 0.0015401600006762
0.220520698277776 0.00318021732193393 0.128995290242839 0.013621642561246
0.191900307821778 0.0642412026388036 0.123710605037364 0.0317478237366212
0.147446933121128 0.136143743561712 0.0782524043051836 0.0529506074684566
0.00348057027165106 0.230008290596216 0.0420963850497476 0.0577607304383305
-0.143528976312007 0.174949736450394 0.0197262471205987 0.0352072048835084
-0.206183218390939 0.00431104591758341 0.0173602323781698 0.0399077277592039
-0.161507681734659 -0.141973191044669 0.0248393352573443 0.086721686614944
-0.0438501465756768 -0.108326362552278 0.0342919991777895 0.0976806020584375
-0.0749873382671012 -0.0879893942858113 0.00780008195422592 0.0513338799119303
-0.117987623397984 -0.00250443193910401 -0.0319258226330537 0.0405952176898821
-0.0940314852253879 0.0865419034112824 -0.0204190724012118 0.0832610401623848
-0.00315336344954417 0.117075953997337 0.0326981368091213 0.113241121637872
0.0684592206148993 0.0810581891898172 0.122197950468801 0.108014797456327
0.121398703132191 0.0502051516212971 0.184886079972217 0.0449546068940245
0.137470524869227 0.0143048632843095 0.197236929103844 0.00391821451375753
0.150587071650366 0.00677259113063848 0.193370591006184 0.0162401719316901
0.135890042577327 0.0466562295938845 0.175236585244406 0.0438559235396784
0.107588437709771 0.0974980812636653 0.113234495077002 0.075409766039703
0.00124982830433941 0.168757343728381 0.0610996455193963 0.0736135007383397
-0.111851869180907 0.12921203708637 0.0337362157955282 0.0462664075136697
-0.158363418836966 -0.00292620732578472 0.0497553015602431 0.0532574064413467
-0.1213656314386 -0.114631966949891 0.0655701478704647 0.128629586804161
0.0687362357915279 0.0445310823661245 -0.126025127520863 -0.15574592650991
0.0892265249895464 -0.00558603904453928 -0.11181634360073 -0.061651065163292
0.0577227270901803 -0.0682017493127639 -0.0437069877689798 -0.0332804817579172
-0.00569598879165869 -0.0846289479850865 -0.0534660545667892 -0.0764087523518968
-0.0486326471492948 -0.0491773647680335 -0.119056490596964 -0.0998487327889076
-0.0544622216871857 -0.021549607584403 -0.202099708100315 -0.0744038739434624
-0.0592028705641171 -0.0179727992385968 -0.242094450601373 -0.0190808349690985
-0.0479092277236626 -0.0117322946034764 -0.235170335127661 -0.00234069825720259
-0.0335772354287252 -0.0178604323771626 -0.213389089241274 -0.0581556932120465
-0.0164633230211578 -0.0275256117434744 -0.148618495613414 -0.119326243773201
0.00139173281652404 -0.0288412066529642 -0.0415636892825757 -0.149919909210021
0.0311479937636601 -0.0265923654135844 0.0442001836488252 -0.106506470194443
0.0437934993665647 0.0092346385309843 0.0712182073698173 -0.0468826357023132
0.0201051532948419 0.0502539380071248 0.0274543623316032 -0.0279330102631058
0.00638794691258555 0.0704984075267804 -0.0153059357132826 -0.105345101334523
-0.00763918185328019 -0.010979310202813 -0.1157328526296 -0.154918089998935
-0.00802846566422449 -0.000272656527474642 -0.0944982310650463 -0.0624842551344981
-0.00741013235754878 0.00654599872302511 -0.0196203261643863 -0.0514779970809074
-0.00415349681845595 0.0120786490930909 -0.0390272586771505 -0.100245854271621
0.01735336371005 0.0102170748734498 -0.126199008426425 -0.123789648537229
0.0287746199408194 0.000811631998699044 -0.207941803209229 -0.0892401691852658
0.0436062331255841 -0.0140793819659316 -0.246985836933054 -0.0316678040688034
0.0490584498053306 -0.0106867037398318 -0.231850731116297 -0.00511260290174434
0.0594531877731157 0.00249835308990583 -0.214114628615277 -0.0535855590753262
0.0404446331884585 0.0342432601741658 -0.147775623881858 -0.110846542655391
0.0113096120077075 0.0513406021264455 -0.0496113463559871 -0.146762712503534
-0.026893319282019 0.0413701113800403 0.0356984631197401 -0.10641206424493
-0.0297377822529086 0.0223162041346655 0.0696208588357777 -0.0527981647071987
-0.0293296399302793 0.0114991078192985 0.0181823845497559 -0.0313313011654179
-0.0258636207006465 0.00658268172476398 -0.0319607033876597 -0.111215032636503
-0.0724032657406614 -0.0699279419574005 -0.0853647385030311 -0.134274644350007
-0.100992568851317 -0.0117568895243519 -0.0573644744757315 -0.0526057172107302
-0.0845785145926654 0.0709940766231689 0.0207229613085248 -0.0614750841793649
-0.0186911539709155 0.113255136813389 -0.00547264937080756 -0.116603939827282
0.0730488769050895 0.0834032547157475 -0.108149653906947 -0.141436537027562
0.106028100002861 0.0345316824679044 -0.181640802609323 -0.0976183548352777
0.138565899862829 -0.00100034918888745 -0.214730957985907 -0.0414903149203495
0.13838263961038 -0.00688900999414349 -0.193256391988509 -0.00612486894760875
0.147139744096821 0.0141634775978366 -0.182881278421518 -0.0359141699455497
0.102936443859292 0.0792285161976485 -0.129593476049818 -0.0796383384895644
0.0425768244530861 0.120878278772718 -0.060465271590204 -0.116155572179296
-0.0580846818038912 0.122116186275069 0.00718449887877452 -0.0909084437220714
-0.0966763034860122 0.0580370617732969 0.0442350237298882 -0.0559192542487355
-0.0870071455439037 -0.0140332293977397 -0.00178267985995228 -0.0341919696000169
-0.0658697347533974 -0.0550248575665266 -0.0489190804744384 -0.0971345348335213
-0.112355368908623 -0.122365590320561 -0.0457405781082924 -0.0941688516141195
-0.167500943934344 -0.041069894254049 -0.0145978716285627 -0.0290045273379206
-0.159426592482048 0.106250431507764 0.0600887371225767 -0.0514434758493658
-0.0551376845081465 0.196292839305332 0.036946944173094 -0.106621500308609
0.102044483349785 0.158698209189884 -0.0659153660448102 -0.136644752018148
0.161962926736862 0.0768025538866233 -0.124140788304336 -0.0918371469077716
0.209132575657748 0.021270655636835 -0.148856124832319 -0.0440579310261108
0.20671517266947 -0.00198257061693774 -0.125407810550874 -0.00631237795698034
0.215872485845292 0.0150919867071401 -0.122899957443291 -0.0145931889580463
0.164148937494736 0.0991443358225188 -0.0869082288923548 -0.0400430209734783
0.0916272137138722 0.165709031878255 -0.0538306682474033 -0.0671725336079233
-0.0559105097427087 0.20065236537935 -0.0139566900639979 -0.0541892947666955
-0.144119751159764 0.111772813414595 0.0135073373526461 -0.0413598517819558
-0.148691341476033 -0.019615720132846 -0.0233920244680948 -0.0260470323044321
-0.111026448090328 -0.106072488987081 -0.0563054005222741 -0.0646562787905029
-0.121399812950492 -0.158338865198677 -0.00817798189296931 -0.040643904517241
-0.189686757275471 -0.0804962845094224 0.0159297666478741 0.00453231638990664
-0.210084095088931 0.0992460183655745 0.0766843376398896 -0.0187152689159434
-0.101252493194648 0.232765985443511 0.0660350606942141 -0.0633030399957892
0.0938892517724818 0.213666311165038 -0.0138559083537883 -0.0971057385972353
0.181830366698313 0.116242277697252 -0.0477061250009459 -0.0619992840453453
0.243680134977913 0.0456269095114418 -0.0601519170694496 -0.0353929136544753
0.242750496360699 0.00348345809380953 -0.0391449545378361 -0.00452888660220952
0.256234793196078 0.00898901703454748 -0.0414892705901772 0.00193927042427361
0.207660187329775 0.0955829258896179 -0.0211450505375739 -0.00513087035473597
0.13862209948726 0.178805644819375 -0.0199275595017447 -0.0166541656356024
-0.0313173851148596 0.253105286015531 -0.0100470160583141 -0.00765572304076768
-0.165457413827241 0.163369743356057 -0.00207515970046355 -0.0121830080187478
-0.197865792381004 -0.0106591289328257 -0.0300498887396638 -0.00480232451802486
-0.151473896871873 -0.1388821923076 -0.0465068974871173 -0.0172140940625318
-0.104250983204872 -0.167861158075721 0.0172097014362052 0.0155780386182433
-0.168595773516485 -0.109287794820652 0.0265229759493483 0.0355853599795687
-0.21675735785712 0.0607847120069578 0.059759403957476 0.0184765286018724
-0.135492132504177 0.212650349595096 0.0630875628070577 -0.00175394028632118
0.0580163191198987 0.223578295720824 0.0251177411201641 -0.0276229159490457
0.164925084741506 0.13420853036507 0.0276952262827803 -0.00860889440196603
0.236883325018412 0.0622302093391012 0.0346863909483695 -0.0132440153517267
0.242202225206922 0.00863645687819762 0.0521527701677828 -0.00189175663886909
0.258578396595151 0.00187223897146487 0.047108653770824 0.0106033270021354
0.218515520761469 0.0806836848523115 0.0547104108622542 0.0167512988671057
0.160958897368895 0.16532261797783 0.0304480824163317 0.0240853858484883
-0.00579442785702061 0.262144033932654 0.0134740656562081 0.0325024161257353
-0.161869294317323 0.188874768549233 0.00316648700321758 0.0171870181073661
-0.219848467968058 0.00196660199686026 -0.0145820238266541 0.0198961052151668
-0.172110942334465 -0.150469319974614 -0.0166408656570527 0.0359648573238862
-0.0749483766303362 -0.15001597225432 0.0290767780614117 0.0652278705030076
-0.123448494184331 -0.112511507602939 0.0196750725319722 0.0520740731161339
-0.180559451844829 0.0191680308157492 0.0160954874632598 0.0393379627973593
-0.133070193291874 0.153524313714837 0.0265489368006523 0.0516731955399125
0.019581164774385 0.186956156711043 0.0379596706218387 0.0502338016720698
0.12161278764519 0.121625659817763 0.0857029986400262 0.0544521097118323
0.192387545659176 0.064553961816754 0.120567827702915 0.0165360337142742
0.205309897592639 0.0124603641756153 0.135364138223995 0.00118593650501654
0.220706163721486 0.00168637729830955 0.12950134074168 0.013074256581451
0.192603356573296 0.0634615229731583 0.124871059744726 0.0311097897350972
0.148375729911802 0.135803085132293 0.0792767923203518 0.0533077446326791
0.00436667264574082 0.230503963201922 0.041995941065137 0.0588796966675552
-0.143066112210315 0.175575744595001 0.0188412374443983 0.0358277466700047
-0.206598394717459 0.00437005400438388 0.0164574922224433 0.0397204780523562
-0.162145323823782 -0.141915655293382 0.0243039449378428 0.0861332872115564
-0.0434813359557465 -0.108897737752224 0.0341262211246792 0.0988509973430498
-0.0761416800780883 -0.0886555212154484 0.00880134284105009 0.0523289438719701
-0.118697201192615 -0.0025221689595011 -0.0310900379624788 0.0412919334899539
-0.0940974023821042 0.0876481551424468 -0.020127368779849 0.0833203666937058
-0.00257692442160915 0.118211561964709 0.0329464500915665 0.112405768565867
0.0689615864414666 0.0808742296761599 0.123785314948905 0.107174867787129
0.121489269187297 0.0493494455114461 0.185202698916186 0.0439218346758212
0.138179479153162 0.0135147080822324 0.197651117159399 0.00290049372191631
0.150604589849736 0.00559817918964833 0.194681457304471 0.014875096101663
0.136970896614585 0.0458828384614309 0.176496243685116 0.0432736924450502
0.108076056371913 0.0975858304211 0.113750977662641 0.0756243554827265
0.00185097824561678 0.169209444551365 0.0609842044978448 0.0749375563989909
-0.111683138859978 0.129864807348767 0.0330413370684085 0.0470474975077621
-0.158903002871035 -0.00278014220688573 0.0490264866495349 0.0536985271776084
-0.121509354351184 -0.114673036027475 0.0652872808546211 0.128929944486392
0.0690301387037072 0.0451653091493211 -0.125654585046658 -0.156548553146597
0.090202522888235 -0.00571307907568918 -0.111578158312745 -0.061936819527006
0.0581405973479351 -0.0691228596004819 -0.0429402056080547 -0.033868991680951
-0.00556964210457257 -0.0852842887433208 -0.0539058766527706 -0.0777299322622761
-0.0490143863931957 -0.0494392677262002 -0.119746417076737 -0.100682407527218
-0.0545921067588109 -0.0210407102920004 -0.203964065655827 -0.0739813226368652
-0.0595437619190072 -0.0177169678995233 -0.242806963580066 -0.0177998751984479
-0.0483688114311212 -0.0114443968897394 -0.236179344641944 -0.000982240804710093
-0.0336943559380863 -0.0173997880213197 -0.213909562715669 -0.0573874447277492
-0.0168526518542058 -0.0274752605700871 -0.149350944342116 -0.118090292541057
0.0014533207789984 -0.0293233544153121 -0.0418036611547842 -0.150402265200322
0.0311269883964904 -0.0269822596628022 0.0439268270997184 -0.106688191836021
0.0444430555100556 0.00855650664752094 0.0706753072386391 -0.0475928407117516
0.0204907210434561 0.0500243107321736 0.0268692847401977 -0.0288060217035661
0.0067196154121655 0.0706765835782992 -0.0150582546127275 -0.106783411638021
-0.00693770471950276 -0.0110930814038826 -0.115176133158089 -0.156625601338458
-0.00766899259279483 -0.000280620627870905 -0.0946259028178159 -0.0627010674949052
-0.0073491800822762 0.00675531547112857 -0.0183541273741833 -0.0524246061393323
-0.00404738337470789 0.0123927571925901 -0.0388206373237797 -0.102254393332155
0.0174904121068514 0.0100159983163358 -0.127502710939436 -0.125165847912048
0.0292217316481622 0.000774660511299961 -0.209782024766042 -0.0883291782378768
0.0436017755410966 -0.0143175204379681 -0.248536509516025 -0.0302532311576671
0.0491870053372248 -0.0105261166694674 -0.23256428755219 -0.0041637293413534
0.0593995513377436 0.00226733677823565 -0.214819049617455 -0.053183574137406
0.0403584848796082 0.0343567590962374 -0.148092869923492 -0.110258823859573
0.0108509985137292 0.0513399965004025 -0.0499170182159505 -0.146846431600119
-0.0269433461869087 0.0414579423847369 0.0351530025262393 -0.106267231849296
-0.0298389077000817 0.0215719478537313 0.0687151995857017 -0.0528028490143794
-0.0282986981967008 0.0111874489074276 0.0179129605864711 -0.032281826474376
-0.0259781688866616 0.00642870105637457 -0.0320751560301377 -0.111986680031471
-0.072341590059761 -0.0702227645956586 -0.0849703442676625 -0.135037560467195
-0.100862729929017 -0.0112922364572707 -0.0567720603288124 -0.0526124110162566
-0.0842726187067231 0.0710903715571677 0.021021978913255 -0.0624476467218202
-0.0194157782972147 0.113915489933349 -0.00517675428660931 -0.117883417642314
0.0736019032990867 0.0832039969242967 -0.109215581037314 -0.142630286843472
0.10736886714171 0.0343405045047882 -0.182962465783443 -0.097427388158843
0.138895772454186 -0.00192162880512332 -0.216381239508505 -0.0400748803119746
0.139363898382898 -0.00745416439419722 -0.193675574169197 -0.00521645719885142
0.147117822153246 0.0137107587264582 -0.183321746241051 -0.0351507027278722
0.103862807332096 0.079655175192391 -0.129523588663395 -0.0784759475159809
0.0427521509666935 0.121056787271628 -0.0607371985071342 -0.115219293130662
-0.0586922539313853 0.122753019109981 0.00706315972128101 -0.0903387046036972
-0.0968451097649094 0.057813004644622 0.0436215984070051 -0.0562895626247615
-0.0869669291761278 -0.0148402034467085 -0.00300118779301679 -0.0352450190134161
-0.0655217378407517 -0.0558630450973176 -0.0484416975825855 -0.0986204054507011
-0.11219235704685 -0.123014405983376 -0.0446346685272243 -0.0947094388999553
-0.167988613667859 -0.041042174392458 -0.0139762942778831 -0.0291273497999763
-0.159858359592426 0.106059424775725 0.060443445090824 -0.0518435536791873
-0.0543143346766106 0.197023019488456 0.0374014979466983 -0.107664559218373
0.103475423746832 0.158539169420599 -0.0667607195467601 -0.137592972540808
0.163235732680123 0.0766037814456619 -0.125447512159286 -0.0922161888321293
0.209300674286756 0.0199522818706239 -0.149543039781062 -0.0432635932057994
0.207380550569184 -0.00293306322401402 -0.126031514451641 -0.00530333193420802
0.216915351098997 0.014281059430336 -0.123114070920003 -0.0143042043235808
0.165207938426464 0.0992294459882919 -0.0866458237417021 -0.0394615163115611
0.0923298790953716 0.16595706592581 -0.0538596143084404 -0.0667061716591492
-0.0564967900336412 0.201535589423631 -0.0139363574749338 -0.0534667483622593
-0.144448152552617 0.111770067172477 0.012788971643091 -0.0419162851246919
-0.148896931416033 -0.0205332830047898 -0.0241208684101165 -0.0269670565905697
-0.111294915802858 -0.106671418445169 -0.0561825223256965 -0.0656446122658936
-0.120616732976989 -0.159092352368706 -0.00788097440991937 -0.0410141855154109
-0.190416139347252 -0.0810315319692272 0.0169635631015153 0.00432842963105733
-0.210741484740641 0.0991438292228259 0.0778272812079886 -0.0189329419184358
-0.10187508599316 0.234806439502266 0.0671387819754603 -0.0643640403367197
0.0947099937159762 0.213791844989022 -0.0140172414156221 -0.097894100564824
0.183205845809072 0.115310982078838 -0.0483793027587494 -0.062529334914327
0.244401834015623 0.0442211220849298 -0.0603948753748721 -0.0347999332091296
0.244365564257129 0.00250170350111841 -0.0394695888441896 -0.00470862082986179
0.256647105555395 0.00808194994417669 -0.0414776741729187 0.00248935247228567
0.20872224301574 0.0958241183413302 -0.02074648565393 -0.00529869282968018
0.139314250768713 0.178926953943119 -0.0199786226679715 -0.0156545424740784
-0.0313225323328636 0.253350930982889 -0.0108357042053904 -0.00651810464353986
-0.165271322150468 0.163894014721512 -0.0029262312998054 -0.0124003006167969
-0.198213598755877 -0.0110165550412292 -0.0310876461251341 -0.00562534220260712
-0.150936890606598 -0.140263027185893 -0.0469248218259558 -0.0180790829012092
-0.103427437715918 -0.169680271541877 0.0171279263730019 0.01624212057827
-0.169349492981329 -0.109902671627158 0.0272707604983312 0.0358619615801223
-0.218086311258986 0.0606989004518509 0.0607413274480019 0.0187854927153194
-0.135278300666426 0.213747771707066 0.06403686237506 -0.00222301228616312
0.0586792761248959 0.22465453031425 0.0248848934737568 -0.02817903742852
0.165698393882656 0.133912613855914 0.0276364625573537 -0.00896302133726132
0.237642655607563 0.0614120757577643 0.0355065827149543 -0.0130476814700352
0.243008325783828 0.00706043600192768 0.0521228088687696 -0.00212585625270424
0.258782803989499 0.000775995410115514 0.0477746583649635 0.0105000220374001
0.219467507270443 0.0803072454400866 0.0557145566832161 0.0171037302300921
0.161726688270657 0.164846241212966 0.0305749653619893 0.0249505819716013
-0.00460307400422249 0.263749022491567 0.0135343630838343 0.033650717665335
-0.162139794960718 0.189357119653407 0.00211175701228697 0.0177937516632965
-0.220071401052601 0.00162056647087553 -0.0155673395149753 0.0196490705554959
-0.172179807450494 -0.15196505747494 -0.0172896585054211 0.0361412728868251
-0.0739190333593307 -0.151838218435099 0.0287080960634114 0.0662027754218434
-0.12429726940272 -0.113724765420175 0.0202577015076149 0.0532919513181442
-0.181822688516361 0.0194605735700138 0.0169305817877343 0.0398978480100784
-0.133367333898582 0.154762059511629 0.0276392261982228 0.0510256777735666
0.0201153463930882 0.188386975400604 0.0378500276296436 0.0496677403202154
0.121946016159911 0.121899012140192 0.0864671824635877 0.0538514974247251
0.19348241132861 0.0633074774648415 0.121174206764017 0.0159409659943105
0.206274761792849 0.01145018363035 0.135661205388231 0.000227549749664304
0.221631056865537 0.000326679456145119 0.130412368276731 0.0127406224090029
0.193654548120636 0.063007684267955 0.125851594562303 0.0306455375272055
0.14921141642654 0.135902777274272 0.0801666066478331 0.0540410493331991
0.00560259077349751 0.231908606951436 0.0419810012284653 0.059845830544659
-0.143244683602223 0.176148817252373 0.0184456241747598 0.0367055527305674
-0.206925631040926 0.00433788116553182 0.0155093421896833 0.039816327558285
-0.162366693752445 -0.143516562650065 0.023885123566217 0.0869590703316331
-0.0434857662236768 -0.110723881480385 0.0336875397325962 0.100329629960206
-0.0770241373647002 -0.0896026839721912 0.00953778808348469 0.0535188682846729
-0.119428124882792 -0.00224836721857476 -0.0301440276912138 0.0416119277611921
-0.0938397405222026 0.0883315364273717 -0.0192186807959749 0.0828644698946232
-0.00226879095649452 0.118563711170984 0.0328583854601998 0.112271236705024
0.0694015001802499 0.080859445489225 0.124132625882233 0.106782659643715
0.122390592171148 0.0489093269892626 0.18560040509899 0.0428736267954013
0.138560046101845 0.0125436093525371 0.19874633584341 0.00219427659176715
0.15123582157588 0.00518242515314254 0.195493799443593 0.0141015548341161
0.137841019852707 0.0451723559193543 0.177519874305411 0.042671766201546
0.108573563455856 0.0977139729651776 0.115197289991474 0.0760990215688642
0.00320422000236923 0.170903207953632 0.0615896306786784 0.0757939489937487
-0.111565657788436 0.130890201343933 0.0325289541843318 0.0473210994545821
-0.159541852126776 -0.00270080526537851 0.0483393829739973 0.0539282731114806
-0.122195064982372 -0.115402708276694 0.0648581104019776 0.129267213178643
0.0696672397421646 0.0456081910021985 -0.125029497352004 -0.157881918891206
0.0909515907738281 -0.00555627449905739 -0.111208685028557 -0.0622950034295699
0.0588408335405596 -0.0690317392804757 -0.0421678657342333 -0.035408637561914
-0.00571549355226015 -0.0859080703963039 -0.0539999536402042 -0.0793921286423269
-0.0489002043821175 -0.0502334172180994 -0.121838504446329 -0.101421410718391
-0.0547443372656734 -0.0210836394443371 -0.206134262349218 -0.0737100594732453
-0.0603131858786383 -0.0175453065893647 -0.244875821248172 -0.0172122155304887
-0.048667271850068 -0.0109957365927094 -0.237309426706522 0.000419166836271811
-0.0338293885090734 -0.0173517185819127 -0.215251752528202 -0.0570140900141857
-0.0174975904171377 -0.0277732061008353 -0.150090175583076 -0.117927783615815
0.00125812807172215 -0.0297290968931584 -0.0423855558166099 -0.150404277987166
0.0307080352920658 -0.0272158002863112 0.0438538708997839 -0.106800972105061
0.0450719667200367 0.00850477495007902 0.0702950167871159 -0.0480286910622185
0.0209076589546567 0.0506891076978286 0.0267061108599519 -0.029760195337671
0.00704143658846277 0.0718411578136127 -0.0146859347629015 -0.108279971723644
-0.00654157479851811 -0.0108483232084782 -0.11442534289934 -0.15799883446413
-0.00657603893734782 -0.000545439765265382 -0.094886561229801 -0.0636036125968193
-0.00681193095491949 0.00636589408038955 -0.0179011599209193 -0.0532421236458957
-0.00449710677189741 0.0119681901758299 -0.0393342249782518 -0.103721129675828
0.0177693291539641 0.00977490588587206 -0.128890495407188 -0.126409378840307
0.0298334130689173 0.000757969908843191 -0.213069128889654 -0.0880719430438165
0.0440378118106108 -0.0147936417327177 -0.250530221503998 -0.0290385070760646
0.0496677413233975 -0.0109698303628587 -0.234109175999972 -0.00343849425742046
0.059826352971513 0.00232956409191758 -0.215558828068885 -0.0521049034623017
0.0407710870576024 0.0348519498442786 -0.148868392172054 -0.110359465214305
0.0111604055503897 0.051873574604001 -0.0499130836094727 -0.146659615711703
-0.02752575771121 0.0414688397044478 0.035031500190714 -0.106158753467263
-0.0296522731291977 0.0215193110479384 0.0683820781195681 -0.0534615140249343
-0.0281247272003207 0.0108055714862848 0.0176792308923149 -0.033675953528894
-0.0254093376055581 0.0059189661751405 -0.031500942004767 -0.113977237178507
-0.0715213288848651 -0.0708547601900728 -0.0843549301168767 -0.135998499229174
-0.100570785870482 -0.0122099153259882 -0.0563900001835446 -0.0533457281409171
-0.0844055994037548 0.0718142709932472 0.0221585992899808 -0.0636248602964353
-0.018579701164488 0.114535466455995 -0.00475942641917655 -0.11975600115575
0.0742335897656363 0.0829266412466899 -0.110730444286242 -0.143335428718805
0.108151178959331 0.0340198058470666 -0.185152759553104 -0.0975206562422029
0.139903467099554 -0.00263223950310069 -0.217260863468813 -0.0391853428088947
0.140301501050371 -0.00847535016152743 -0.194711510168746 -0.00504092148648031
0.148001335221036 0.0133373067776175 -0.183966935335965 -0.0349331273684317
0.103982934314941 0.0792571153297109 -0.130518450855215 -0.0784300264972313
0.0430379183973053 0.122058486269452 -0.061112068346296 -0.115104885195489
-0.0592256673576211 0.123500000775057 0.00648277738351781 -0.0901012171267415
-0.0973356113814458 0.0576397613232883 0.0430893594185059 -0.0563629560299169
-0.0878252479432557 -0.0151915229613285 -0.00327927847317224 -0.036532736933406
-0.065393073004937 -0.0569938172405947 -0.0481305140316031 -0.100144312627409
-0.112093115566563 -0.124551331084972 -0.0444815308873604 -0.0957878823449548
-0.168031126269704 -0.0418831145364735 -0.0140557819517898 -0.0297930573382811
-0.160367246890154 0.107390892164551 0.0623346803610141 -0.0523445740199473
-0.0550142928634433 0.19889547806724 0.0378305235589665 -0.109394989436954
0.103425723264694 0.159265984832482 -0.0680017346414616 -0.138628074542651
0.164380763847419 0.0765676152769724 -0.126616367487047 -0.09232694544906
0.2111402158718 0.019140001823637 -0.150306872221374 -0.0427705411472977
0.209188057912515 -0.0038305576819625 -0.126932968211422 -0.00568092842838838
0.217647741528734 0.0131339869891615 -0.122876368340015 -0.0132916643750293
0.166068116629942 0.0989872043776896 -0.0869602709917862 -0.0387052411724915
0.092205969103786 0.166582853070733 -0.0541764865581291 -0.0656923452492566
-0.0565731861217915 0.203101079015543 -0.0143623867791606 -0.0530864383323058
-0.14552988512983 0.111936114538506 0.0121466750229898 -0.0420081850850286
-0.149111525177608 -0.0210433255469263 -0.0249627139499014 -0.0280691615811252
-0.111008444345187 -0.107874823906344 -0.0565926294409272 -0.0669359686907077
-0.12009402292994 -0.161253630634021 -0.00742095303609508 -0.0416924057122971
-0.19077424176774 -0.0825525061182159 0.0175035003743177 0.00489076950884984
-0.21201356305948 0.0998223276056461 0.0792145604734966 -0.019420113644021
-0.101631016877499 0.236732479029639 0.068786498303513 -0.0656482005690882
0.0957807124061239 0.214392986378768 -0.0149856633152917 -0.098629276311472
0.184326597534639 0.115822017980241 -0.0493129920962523 -0.0629224525856327
0.245747412547787 0.0436709039469247 -0.0607480366246841 -0.0344696893749348
0.245842778274825 0.001361268239617 -0.0395691625034624 -0.00420639932114338
0.25826367491554 0.00667403440932306 -0.041519444296182 0.00308776984387216
0.209994249534704 0.0954158467074128 -0.0204929905685759 -0.00490239320794994
0.140470307752339 0.180032265473177 -0.0200078108668248 -0.0149575719777542
-0.0309334656436755 0.255359966743668 -0.0109005213533231 -0.0054123089998526
-0.166359729013633 0.164215660776156 -0.00387463796297439 -0.0115037791537525
-0.199338008925972 -0.0116911261915747 -0.0325569119974046 -0.00625647396901848
-0.151493141746095 -0.141659946172566 -0.0470387481533474 -0.0186549329854316
-0.102998194314828 -0.171744960378454 0.0173379190571119 0.0166041382475412
-0.17002091548802 -0.111473273647261 0.0283759584812363 0.0368734203055607
-0.219297850811901 0.0604573084850702 0.0617604008458575 0.0188289453053761
-0.135842009127469 0.21518548339083 0.0650018251416023 -0.00314523880976631
0.0597001570237802 0.22608359133963 0.025023286702237 -0.0290943906828409
0.166807245649602 0.134598330288026 0.0279066975466387 -0.00981638416034647
0.238801774599848 0.0602204010020077 0.0350504089789612 -0.0125908575547411
0.245078388692853 0.00609229556219096 0.0524333555663294 -0.00261209182268891
0.259806456419891 -4.82208976000493E-05 0.0483969015416712 0.0105801593724345
0.221179396832952 0.0797964169924494 0.0561615286916222 0.0168175189060935
0.162837352653713 0.165402809279411 0.0309932949708403 0.0258156977499705
-0.00420858511638836 0.265351572576964 0.0135858885324797 0.0349148748058243
-0.16342580478311 0.190273604624525 0.00189169826045423 0.0185117507614163
-0.221408263059643 0.00106254287428166 -0.0166215178552809 0.0196168851648291
-0.172647750103298 -0.153475913837993 -0.0180517128800822 0.0361592160494935
-0.0736922700044422 -0.153705713090258 0.0283210142875092 0.0675283811047681
-0.125569575649234 -0.114742194059728 0.0213514493315523 0.0543950307252242
-0.18264689597401 0.0192392406662568 0.0183087123922922 0.0404375792752023
-0.134527500600595 0.1562993395861 0.0284858837174781 0.0509703114334808
0.0204774164527757 0.189492955585078 0.0376733597871451 0.0491998501848958
0.122867079613999 0.122347007028035 0.0867966974842792 0.0534369383440626
0.194214078664985 0.0631857727880063 0.121935774958161 0.0161344878722422
0.207628373115489 0.0102377100277688 0.136409451085701 -9.08192310447962E-05
0.222217835012554 -0.000326461868644172 0.131551872997182 0.0124987704321973
0.194973484570871 0.0623973968509879 0.127025990104833 0.0300843118041117
0.150205369064403 0.136345923591157 0.0807180358196202 0.0546247262521202
0.00643010242221854 0.233026821501703 0.0422676525279036 0.0612399836600179
-0.143950270121324 0.177627399852599 0.0178586626622405 0.0376383141598187
-0.208246926273778 0.00480858241721741 0.0147721836659017 0.0401773813152612
-0.162998937595201 -0.144464462728008 0.0235083692926097 0.0871554137333282
-0.0434770200818825 -0.112387627475221 0.0327940926800828 0.102162487822914
-0.0778482817083449 -0.090296013540531 0.0101823916650135 0.0550445298087279
-0.12016503339151 -0.00239024697137421 -0.0291449222981639 0.0421144299108041
-0.0943377255809432 0.0900121969741241 -0.0180645713705115 0.082278455365937
-0.00182179312898077 0.11933206176661 0.0330540641730248 0.112679991673502
0.069283889557621 0.0810799849846667 0.124405325136513 0.106250654533327
0.123099332562458 0.0478427277479738 0.186248347086879 0.0432944808904918
0.139557539456109 0.0122284423730971 0.199973130758676 0.00109516289864972
0.151696117749799 0.00439865680521287 0.197238604807172 0.0137965853116814
0.138652793374493 0.0449347722428964 0.178960628649899 0.0419059590078627
0.109454772066785 0.0974019189178348 0.116081561619593 0.0773134518464927
0.0036954660778657 0.171159269151406 0.0614448641061249 0.0772890763364752
-0.111985746260179 0.131856738170882 0.0315799698402204 0.0484990629474753
-0.160433217942811 -0.00278396984199158 0.0474018090032555 0.0548345678782991
-0.122949764071667 -0.116571865685738 0.064734255476653 0.130219148770712
0.0703794619291207 0.0461856103132897 -0.125247060938478 -0.159352809607287
0.0925048443653446 -0.00559638836642471 -0.111427153008473 -0.0634554034394363
0.0597153851662518 -0.069697601569479 -0.0415962246342445 -0.03626085521163
-0.00575075885455192 -0.0865848786348808 -0.0543474603482443 -0.0810795532680607
-0.0497711678070326 -0.0502766214011096 -0.123178099320424 -0.102510661154299
-0.054949868263531 -0.0212876577770389 -0.208906831669522 -0.0737478935614323
-0.0601952060308746 -0.0170975240898245 -0.247349367937702 -0.0164442431232626
-0.0489244434847348 -0.0109300045198884 -0.23896965096979 0.000513024203956695
-0.0342583904351104 -0.0175100542665889 -0.216635454582649 -0.0568974404004017
-0.0177498065852197 -0.0279274329741003 -0.151336858563992 -0.117944698213861
0.00081142719382768 -0.0300276208834899 -0.0417514690734747 -0.150847709539392
0.0311392778962782 -0.0284686607585757 0.0438855680785694 -0.10700738455403
0.0455242437086487 0.00834203243619316 0.0697774905719424 -0.0482460149304779
0.02147033338929 0.050606440093901 0.0265359642187887 -0.0309213767228671
0.00692989189992382 0.0719328954810777 -0.0141847815150178 -0.110355356423786
-0.00630963049589519 -0.0109663624441949 -0.114300523996727 -0.15939376029758
-0.005921699523569 -0.000380596746538581 -0.0940013795094138 -0.0652585275108567
-0.00675585661078582 0.00656175464245016 -0.0173770706238129 -0.0551874637897704
-0.00417489091014086 0.0120702359774969 -0.0391143957569405 -0.105356086101087
0.0176698824901622 0.00972966527706904 -0.130590798484485 -0.127229479762668
0.0300931854797154 0.000334669892962731 -0.214866775813335 -0.088519243370099
0.0443569417817658 -0.0148713253350186 -0.252437563220121 -0.0282263620982833
0.0500184131077658 -0.0110063192252188 -0.23559780597734 -0.00191789852501826
0.0596822045158477 0.00229119471178059 -0.216524857204323 -0.0514438772329935
0.0409083880957838 0.0348064101086954 -0.150346225745093 -0.109879501432432
0.0107482586541639 0.05194577887702 -0.0503025360574088 -0.147596494935736
-0.0283379624118628 0.0414643875751382 0.035511028997873 -0.106592416649664
-0.0302626297645899 0.0208424906767905 0.0683243525775096 -0.0538077037849771
-0.0282690537260814 0.010858554995986 0.0173032121697961 -0.0345324431590871
-0.0251502046376391 0.00590967664409736 -0.0310852936412406 -0.116252787787552
-0.0714820452151871 -0.0718762770056652 -0.0842081301776416 -0.138806665619442
-0.10070773920822 -0.0123250956537571 -0.0563147224951025 -0.0549860987090775
-0.0845972339167789 0.0718184789874758 0.0228393920468017 -0.0647878312425357
-0.0187739266752724 0.115376796028628 -0.00525654874300669 -0.121333075828287
0.0745343386293655 0.0834555603760842 -0.111931151995074 -0.144872318044322
0.109369611349395 0.0338484946680136 -0.187578696503386 -0.0981984679131819
0.140349321064632 -0.00270183172239604 -0.219031884730204 -0.0388152083725744
0.14099184787038 -0.00910428016619559 -0.196452634616813 -0.00444892073410829
0.148315758327523 0.0133120006841174 -0.185126497776173 -0.0343520776338931
0.10464875300307 0.0802850265394921 -0.130612161472895 -0.0782899884470871
0.0428084089449937 0.122763329314736 -0.0616538403397457 -0.115590022308437
-0.0599315092017659 0.124187382802325 0.00662402334321097 -0.0900929762459182
-0.098257614325743 0.0569159664788164 0.042411265657978 -0.0568914851979147
-0.0876545055307446 -0.0157112033012056 -0.00403725014689925 -0.0373529042293402
-0.065176069515781 -0.0576943009974676 -0.0485049395382317 -0.102034479981863
-0.11149484212753 -0.126012973343826 -0.0437297427054419 -0.0964624424143001
-0.168721392370748 -0.0428156882428261 -0.0126850382261171 -0.0303347565932294
-0.161185478418967 0.107315812555108 0.0634340237449989 -0.0538760619847069
-0.0555623915641667 0.201014668721835 0.0387080820037288 -0.111349788971715
0.104611836041518 0.160289629671954 -0.0682706834200185 -0.139836082536331
0.166112298012416 0.0767006998800105 -0.128585416641668 -0.0932083956026909
0.212879651020275 0.0185991266048809 -0.152130397909658 -0.0427776625502185
0.210197846356739 -0.00497207124631126 -0.12706615249301 -0.00542295269224282
0.21884571067325 0.0126359660168273 -0.123951496841992 -0.0130957664727304
0.167276874665013 0.099482653837118 -0.0870495445897176 -0.0384618636686643
0.0931120205637943 0.168066614501476 -0.0542883022659221 -0.0657035167476011
-0.0574199595534211 0.204497733310749 -0.0147433297486832 -0.0528597818813756
-0.146365392575541 0.11208860870277 0.0114295348831747 -0.0421460918439796
-0.150123440719416 -0.0218654804581865 -0.0259789799547606 -0.0290735755597764
-0.111733378079542 -0.10979850419897 -0.0572116581678666 -0.0681402447674422
-0.119923792708872 -0.163772706455454 -0.00757009300616532 -0.0416840788593632
-0.192208502407437 -0.0833357289493171 0.0185214434928245 0.00473361872609261
-0.213751023966849 0.099878264254183 0.0806085733206072 -0.0193870761003508
-0.102597562691364 0.238910593432014 0.0693170776960005 -0.0672437215827929
0.096111555873271 0.215736795710878 -0.0148429816008962 -0.0998287902360874
0.185598583558782 0.116635601566283 -0.0500677271938215 -0.0638716275054319
0.247788731216399 0.0432222624817261 -0.0614092719658081 -0.0338220997255356
0.247830578035723 -9.72580346122981E-05 -0.0399177378247622 -0.00450806658340771
0.260006946238247 0.00574081312201322 -0.0414254417322822 0.00312908124163112
0.211797572881479 0.0963177624546029 -0.0199258324739634 -0.00527452133369462
0.141324881067067 0.18066169982897 -0.0199783163646882 -0.013826036402433
-0.0309711646372441 0.257533311209006 -0.0112858776774741 -0.00458466495239642
-0.168215359907011 0.16483326326773 -0.00446989168094599 -0.0113629921991986
-0.200753711912026 -0.0121954530193982 -0.0336225337965112 -0.00632294220994205
-0.152252405049332 -0.143610946242758 -0.0476267333250727 -0.0189573009653792
-0.102790379580952 -0.174507026793437 0.0169248086703513 0.0172003225539158
-0.171804969589942 -0.113074651590181 0.0288199552134432 0.0376047088665958
-0.221128091036243 0.060657150358714 0.0630296522757242 0.0190742897704576
-0.137079160446799 0.217767201467573 0.0662537000753675 -0.0041430461033537
0.0601472345533137 0.227607074657536 0.0248848495183215 -0.0296988280947127
0.168114539386435 0.135210026064982 0.0277480006363351 -0.0105046418868324
0.241272196775276 0.0606120515553786 0.0351220075349969 -0.0130188152613293
0.24673104999767 0.00505853035876678 0.0531899108727756 -0.00282289238062382
0.261422514083275 -0.00122557697522585 0.0489906680398532 0.0110369258594908
0.222976789297298 0.079916910782245 0.0568029182485866 0.0165600658745758
0.163949386984803 0.167006927569139 0.0316589700893014 0.0268123622559544
-0.0038292009225706 0.267278166031849 0.0134703214798815 0.035791007038834
-0.164305945158555 0.191314028911998 0.000843112541391189 0.0187409159818259
-0.223029133615862 0.000951138871587385 -0.0174075306895897 0.019581687665029
-0.173127240376806 -0.155225323671146 -0.0179695582673638 0.0364534973331699
-0.0731459432249 -0.156311936169219 0.0280604962694159 0.0690421525341465
-0.126503183729534 -0.116375740930918 0.0218579833260935 0.0556481149306227
-0.184505373728917 0.0191766086766258 0.0191807485650721 0.0410364932116919
-0.135629909455766 0.157872857563641 0.0293286708191489 0.0506396979247666
0.0207672678975313 0.190791490112951 0.0376396660651832 0.0490874818208636
0.123594505028281 0.123341811445715 0.0875926657866963 0.0530264994105392
0.196251682092618 0.0631795509910618 0.122437600610348 0.0158899823933533
0.209400513036754 0.00964656368082475 0.137181360365975 -0.00128985467161858
0.223549435520821 -0.00136183276428425 0.133211171497086 0.0125772595600281
0.196858884772098 0.0623095874455164 0.128380270769446 0.0302134927955348
0.151192081801121 0.136554068107687 0.082214876133534 0.0558807476430259
0.00686506728810182 0.235442736576089 0.0423006345357638 0.0629363562242783
-0.145208161902698 0.178861138313383 0.0175550920612868 0.0387642743862772
-0.209184987750394 0.00401781039131622 0.0136905096708351 0.0407789926043277
-0.163955625739186 -0.146690359990508 0.022705542778925 0.0883849820246296
-0.043394175504882 -0.114394300039341 0.0322580357539829 0.104095895285223
-0.0791026445843424 -0.091384532692276 0.0112074467328571 0.0567475345276657
-0.12215941670713 -0.0023330085460164 -0.0286445961108945 0.0427952233324357
-0.0952585808436432 0.0908382865312717 -0.0180493661161242 0.0824111534731928
-0.00143146397006944 0.120939095152833 0.0330436995315798 0.112496525077416
0.0699703409049046 0.0824253609950594 0.125723289314291 0.106377536505788
0.123820356933531 0.0485957700810485 0.188288696061068 0.042892867942147
0.140626736274453 0.0116006064246591 0.201109991157335 0.000252592098073366
0.152477925302826 0.00405204585901266 0.198669738897077 0.0128304143522514
0.139695421402138 0.0449764043921167 0.18125233126608 0.0416476634289754
0.110148264627653 0.0982413110575812 0.117840374768545 0.0782870864668068
0.00423351662796684 0.173160571993545 0.0616318716783044 0.0788262666404691
-0.112736373665919 0.132724012959947 0.0315090930979442 0.0499954557478648
-0.161584349795113 -0.00292297236822431 0.0470946389305658 0.05535144133698
-0.123510130071241 -0.117562974786898 0.0642519933053296 0.131793510173504
0.0709563474475257 0.0469456261646255 -0.124835167541907 -0.162414493567821
0.0937187612078512 -0.00537124290436676 -0.111592998697704 -0.064643637223832
0.0602754998066569 -0.0706202496782247 -0.0410347664113921 -0.0375872922831331
-0.00597053401939507 -0.087647619855623 -0.0546059009671599 -0.0827150278730681
-0.0501793925011861 -0.0508839213148757 -0.124960905044739 -0.104233488323524
-0.0555276167277564 -0.0209366306897794 -0.211938021985341 -0.0734520296823653
-0.0611267406786618 -0.0166888048052673 -0.249755566005496 -0.0155588999827269
-0.0496977185452439 -0.0109471137737405 -0.241204349120293 0.00182021006299111
-0.0348215877877038 -0.0175461360335069 -0.218198149980607 -0.056708426899608
-0.0177201011308733 -0.0282432581936748 -0.152368271814651 -0.118516685401366
0.000896371880512897 -0.0302508000097117 -0.0419118379268668 -0.151676241610665
0.0306032522701673 -0.0287646354556944 0.0439609424866195 -0.10763524209701
0.0458610965303008 0.00769816799626301 0.0694028663948945 -0.0486314628327984
0.0218600451444934 0.0514732095634111 0.0263347480084027 -0.0322115100547312
0.00739070533197721 0.0729534857404661 -0.0136783520928513 -0.113108768085586
-0.00591927870294479 -0.0114915131147244 -0.114727922853061 -0.161866148090278
-0.00585094468309372 -0.000748524606757857 -0.0944192006450818 -0.0664870748721245
-0.0059584723424657 0.00616086127812186 -0.0173781601893621 -0.0572091088978228
-0.00440866800391374 0.012060715461008 -0.0395522997513726 -0.106927362220605
0.0179959332007464 0.00953056272152612 -0.132362029144755 -0.129101851891951
0.0305541961501586 -7.09043416691601E-05 -0.217868799853693 -0.0880983813009056
0.0441578268253173 -0.0151491931428519 -0.255004971947016 -0.0272936084900276
0.0503847038964787 -0.0113937762798976 -0.237557160065527 -0.00212685038162759
0.0601953406462728 0.00205759497747614 -0.218540453781364 -0.0517266288160177
0.0410838315675424 0.0350959657189592 -0.1512242784547 -0.109936613971236
0.0107117606173749 0.0524052523977679 -0.0504527986206887 -0.147712859695237
-0.0289247030995242 0.0415666332827642 0.0352291692200412 -0.106932446307629
-0.0306602095074555 0.020559860569325 0.0680400818009592 -0.0539897724519227
-0.0281797555479668 0.010404285514474 0.0168424676214224 -0.0357801930097447
-0.0250942180119872 0.00613012066066085 -0.0313292617292892 -0.118883499720944
-0.0711271095350473 -0.0730759426919605 -0.0841295653973105 -0.139945898452918
-0.100384693315192 -0.0124169592959517 -0.0561372938617128 -0.0562262101397157
-0.0845563520398818 0.0720422351292382 0.0240813233729007 -0.0661363251954981
-0.0192637659478355 0.116580422978644 -0.00434592223134204 -0.12372110463989
0.0759867458467265 0.0842042050454542 -0.113883529405908 -0.146155584276245
0.110546208930407 0.0339943544704523 -0.190546457437653 -0.098843298024016
0.141879312929409 -0.00369847700076827 -0.221514928721095 -0.037881908948309
0.142364884686669 -0.0096532990737396 -0.198108730291334 -0.00392291637229608
0.14952637627982 0.0129057180421508 -0.186758523998403 -0.0336817351497543
0.105574794097454 0.0809559541031178 -0.13115146843503 -0.0782831964825085
0.0433270226153498 0.123587595183964 -0.0618507826085264 -0.115510354275594
-0.0610861089726345 0.12484235073502 0.00606409013347801 -0.0901841088916792
-0.0995883770539166 0.0573769179317646 0.0418061924919239 -0.0573379262337269
-0.0880668389984627 -0.0164888493322792 -0.00467178679659328 -0.0391723591565524
-0.0656378005792257 -0.0590579708036226 -0.0486470935591791 -0.104569732580363
-0.111816825076539 -0.128322261795113 -0.044101184297992 -0.0982764565812748
-0.170150526358922 -0.0439915932830066 -0.0121517581788805 -0.0309738020316179
-0.16296750844546 0.108003492350512 0.0642976157238349 -0.0550406979881773
-0.0553624056101895 0.203061709318742 0.0393914753254435 -0.112824866276403
0.105930514094088 0.161369633473107 -0.0698470759518032 -0.141874059708278
0.167777121547432 0.076997622059893 -0.13025024084353 -0.0937321010787685
0.214638282214471 0.0180580266423392 -0.153084956552584 -0.0417173971047756
0.212693746161359 -0.00569466852509855 -0.128441796246715 -0.00473885582141628
0.220587210213223 0.0126423787303725 -0.124360060391457 -0.0121355223359614
0.169048968616804 0.100629044804075 -0.0872356662821012 -0.0386553689164369
0.0938185543201353 0.169736776870573 -0.0546709277992117 -0.0653703492374826
-0.057781180867015 0.206733528740804 -0.0154181025152855 -0.0523207342354749
-0.14831045056543 0.112897306916294 0.0107732715996847 -0.0425853827209863
-0.15158708165574 -0.022957728042405 -0.0267659730349175 -0.0299638619782413
-0.112295243113277 -0.111404640671227 -0.0572878311287997 -0.0697223262986991
-0.119993507034627 -0.166232245725235 -0.00761707253718322 -0.0417512956404891
-0.19319725034935 -0.0853632965571246 0.0195505252166123 0.00434686098165575
-0.21567448668131 0.100305020388307 0.082437241986239 -0.0196478423988027
-0.10343318384095 0.241025725332495 0.070506614205917 -0.068118675925149
0.0973695224644719 0.218082754519284 -0.0155376330492349 -0.101210644996318
0.187931307740847 0.117533465423867 -0.0504224161620298 -0.0645347747681401
0.249714890651818 0.0422909527795125 -0.0618804405504884 -0.0338295664236389
0.25001409532004 -0.00117374606267844 -0.0397730716220775 -0.00429193064369625
0.261470476482175 0.00465516856020559 -0.041292066203188 0.00356065963280023
0.213882440859374 0.0968975005365206 -0.0203895818026933 -0.00513619987470333
0.142556711102757 0.182303459024952 -0.0199838450447889 -0.0136084811545262
-0.0312952896082326 0.260130815707047 -0.0119482809418163 -0.00378700679797411
-0.169734008398037 0.166394518088819 -0.0056528765450932 -0.0114538715811155
-0.202263036767236 -0.013343968509228 -0.0345194673859693 -0.00695084771348594
-0.152878697727991 -0.146223651967734 -0.0481158921080197 -0.0197159656748084
-0.102683706879128 -0.177781550612915 0.017107461622335 0.0175297894928466
-0.173227203992236 -0.115205687731264 0.0301059020576927 0.0382911103834823
-0.223690125872285 0.0603278196687897 0.064774649774802 0.0193024395484059
-0.138990721879566 0.219963491070463 0.067722920395978 -0.00457075276579092
0.0603625121266714 0.229850643350048 0.0247306014063304 -0.0301888511310923
0.169855489937221 0.136538704444858 0.0278740981929769 -0.0109839332567585
0.243466780489465 0.0598844651968757 0.0355607544277684 -0.01316438873056
0.249554977224789 0.0039012959942506 0.0533666063611653 -0.00299808597492687
0.262986384471448 -0.00196847935801684 0.0500986344114266 0.0108950376990301
0.225241681005172 0.0802330546274765 0.0581694921324492 0.0168033459498615
0.165446846182017 0.168021254524834 0.0323034014245177 0.0277117199531286
-0.00386303907072495 0.270477459302063 0.0136682090354389 0.0375519230313167
-0.166017719388461 0.193217893873659 0.000438910840893366 0.0196422020402265
-0.224856237055339 0.000215392482921531 -0.0185920717014326 0.0195554431277777
-0.174590707455147 -0.157315426401414 -0.0188571082424551 0.0362426328413399
-0.0737481539939232 -0.159158044861461 0.0281492775658603 0.0708663188558482
-0.128327337309562 -0.118630529150563 0.0233126297780188 0.0568039778377068
-0.186759877730657 0.0188676665687916 0.0205785315223672 0.0415954267656931
-0.136883903161372 0.160140822575766 0.0306378636680824 0.0502328275408121
0.0206304955755725 0.193054243864607 0.0382367515997796 0.0488374891565791
0.125050053848143 0.124390873917779 0.0886246116741491 0.0530669447415741
0.197701399068548 0.0628285949406381 0.123733367776258 0.0156102149483886
0.211495384069631 0.00875033787369785 0.138434426976932 -0.00135930705336893
0.224786445111185 -0.00212803916256448 0.134492276163953 0.0124809103221803
0.198602337518158 0.0625789319875608 0.129939369153227 0.0295808622930782
0.153175125898275 0.137815243227322 0.0832218461544384 0.056833323532278
0.00763500777581933 0.238245962110377 0.042677559096337 0.0642649782846665
-0.146378110553365 0.179964861468015 0.0167993964054316 0.0398894345236237
-0.210994343440365 0.00351173239745181 0.0129757142640004 0.041656451616816
-0.164969495724607 -0.148459587341043 0.0226065607383737 0.0890749996268615
-0.0431966819627626 -0.116670913336051 0.0317853464514355 0.106261115711017
-0.0801217595122804 -0.0927682259224935 0.0124286305423702 0.0581030807129078
-0.123257505710986 -0.00218681059924947 -0.0279386704857662 0.0431037737261725
-0.0965535532784872 0.092150753812003 -0.0175539726980699 0.0829999151485327
-0.00131596024682341 0.122054336428134 0.0332735450633009 0.112212105910102
0.0707423656372067 0.0827025595770305 0.127496899235601 0.10690912565977
0.124890450994075 0.0482231812668029 0.189404492996532 0.0421972421155424
0.142422009427692 0.0111172342133395 0.202654430282813 0.000439098799718416
0.153799877098875 0.00358274741479017 0.200851779272286 0.0125879559158489
0.141350149746035 0.0447086611782657 0.183122710332011 0.0411745534705621
0.111403542624996 0.0983788865897286 0.119375025927086 0.0798339512790398
0.00515936093627477 0.175255683549263 0.0623533001704166 0.0808856534537941
-0.113728898522436 0.133902172706567 0.0310286789937741 0.0517056127618792
-0.163494866863255 -0.00336791363265281 0.0461926924258558 0.0562976456917049
-0.125191958501031 -0.119230192797758 0.0639495952593351 0.133532747082883
0.0717885122963577 0.0477493388629804 -0.125968739228747 -0.164481258151928
0.0951756243112022 -0.00604841173949077 -0.11220411090923 -0.0654644268625557
0.0613179617290442 -0.0716110339625506 -0.041299020823666 -0.0390962093923775
-0.00642739365938319 -0.0893831181333204 -0.0551798826989367 -0.0845676593930029
-0.0510478758168504 -0.0515735699909923 -0.126690150931008 -0.105574386007633
-0.0563035052011484 -0.0217797753623073 -0.2150063572735 -0.0736265659578056
-0.0619847609921474 -0.0171110717116817 -0.253242915708377 -0.0144369054910448
-0.049753020515492 -0.0108675971226596 -0.243591309487378 0.00226819631658134
-0.0347802041896275 -0.0179094611312777 -0.22048715853082 -0.0566105279506462
-0.017863658744939 -0.0282602097356494 -0.153879959678765 -0.119051548823284
0.000626404773515001 -0.0310945502524722 -0.0428930180385647 -0.152223696207041
0.0306396965914497 -0.0295517031039873 0.0444712605331329 -0.10830752240618
0.0467307422240834 0.00754921417034656 0.0694219941780907 -0.0495240002962985
0.0228530095989133 0.0519475069933435 0.0262646241075408 -0.0334332217205221
0.00775039411956737 0.0740994352334117 -0.0137608393091491 -0.115252900617257
-0.00550037760658594 -0.0113659947998594 -0.11513092512709 -0.165107633258505
-0.00481630669064376 -0.000876934166687464 -0.0952393537510486 -0.0674716774440517
-0.00561951290880467 0.00562885260488485 -0.0165247476288519 -0.0578036356789446
-0.00412931340267376 0.0119552656146219 -0.0397445972345419 -0.109693458196149
0.0183981784421008 0.00942939081829814 -0.134071569451255 -0.130653266728687
0.0310058313858899 0.000286856139942402 -0.221202436055238 -0.0887650132182737
0.0447412234944571 -0.0152659637272569 -0.258048088660684 -0.0266928120726855
0.0508036674991108 -0.0119442067951929 -0.240588177338471 -0.00121819250683084
0.0609254653517238 0.00249593137127547 -0.220481502653769 -0.051402139651421
0.0413175583960878 0.0356901214540228 -0.152396357191158 -0.111178812577788
0.0109084122675685 0.0528272199489828 -0.0510250014819081 -0.149048473492053
-0.0293966676842531 0.0419740926907004 0.0350066700844848 -0.107522349012185
-0.0305987109342175 0.0199230190973327 0.0678381181721806 -0.055104153442442
-0.0279865328206716 0.00983989624075901 0.0163547456914753 -0.0370565260207547
-0.0249289227072742 0.00547691335784846 -0.0314413733059471 -0.121037109688517
-0.0715766147393023 -0.0743938203603282 -0.0844335430830323 -0.142624026710756
-0.101216059882649 -0.012742318549694 -0.0559869745354149 -0.0573131003358515
-0.085483313603692 0.0730480663059001 0.0247603994783763 -0.0679795403956721
-0.018472388211886 0.117833584405867 -0.00467225031636719 -0.12582102529676
0.0766080043595725 0.0845643660138802 -0.115809233539588 -0.148086222005915
0.112257535572124 0.0341023252492985 -0.192684664137911 -0.0996632242103288
0.143377553253259 -0.00410192771374852 -0.223887751620974 -0.0371776010886611
0.144281583121234 -0.0106732423772389 -0.200167491591582 -0.00287894878733718
0.151009843601147 0.012781876590244 -0.189079430026015 -0.0331616817812738
0.106925477931032 0.0818767762434909 -0.133006114559785 -0.0783696320303328
0.0433578149792335 0.125347830439191 -0.0624392090632196 -0.116168077577732
-0.0623120807160058 0.126639659104038 0.00605908221176731 -0.0900153834442576
-0.100542581124422 0.0570867229203197 0.041461657070547 -0.0579918579716952
-0.0889510240639116 -0.0173318592790217 -0.00532987356033296 -0.04018307530397
-0.065996591409275 -0.0602168744961735 -0.0489955442941788 -0.106478415029602
-0.11211810004186 -0.131151785407329 -0.0442639325441918 -0.0994129479264356
-0.171357462640573 -0.0445259012640472 -0.0120443558078105 -0.0318518135090172
-0.164015018589239 0.108719536295909 0.0657467223579568 -0.0561663741351487
-0.0564543690779508 0.20526822764602 0.0404899781071949 -0.11511838620916
0.107567514665807 0.162989062802426 -0.0709992017642199 -0.143293336531735
0.169929409414797 0.0777274532080112 -0.132891635196008 -0.0948577402834857
0.216622260215269 0.0174003040150224 -0.154899088239083 -0.0412508118528225
0.214867559569554 -0.00660351396411317 -0.129641925764825 -0.00509516164397729
0.222325097232916 0.0116840675134125 -0.126001975817538 -0.0119003917402813
0.170883568286859 0.101446802099151 -0.0881408674824909 -0.038700575091427
0.0944142017406291 0.171544251187095 -0.0552453551898368 -0.0650934643262819
-0.0592193023868766 0.208849271560463 -0.0156288067866146 -0.0514501919216528
-0.15024775970023 0.113631125434765 0.010009583408682 -0.0428131520477798
-0.153290687829304 -0.0239340873277842 -0.028104404450458 -0.0310735117150689
-0.113052149136463 -0.113987778256539 -0.0579864693014597 -0.0712850503904744
-0.120375561472261 -0.169628501055407 -0.0066222208399442 -0.0427739269950262
-0.196096262999337 -0.0869066661983446 0.0206544466223225 0.00436896403955289
-0.218354974608221 0.10092935219326 0.0839033479522564 -0.0201620781427729
-0.104640843004159 0.244533195123597 0.0718726978898845 -0.0701105442717368
0.0984071677100491 0.220614536138031 -0.0162058195773037 -0.102271408624004
0.189956773122194 0.118168190018997 -0.0515069073336345 -0.0656706455944391
0.252976569534484 0.0424224589926372 -0.0627023033767595 -0.0340382639572621
0.252861229282974 -0.0019973497396565 -0.0406556970364744 -0.00479610508397578
0.26357098697308 0.00448401046394343 -0.0415533842310762 0.00432528617031052
0.21635440150899 0.0965828678195519 -0.0197610811500881 -0.00462955572153586
0.144541322209669 0.183997759701233 -0.0200795897220409 -0.0126542250477797
-0.0309981638248447 0.263135592021116 -0.0120913632591246 -0.00298936306986833
-0.171961302293828 0.167431554675723 -0.00622680423195936 -0.0110171246027263
-0.204871497391296 -0.0139165087071102 -0.0354465163575297 -0.00727427127316328
-0.154583625726997 -0.14865599340298 -0.0487175244793409 -0.0202918390398917
-0.103024160831188 -0.180992405973872 0.0172470085942469 0.0181646594258227
-0.175507187440672 -0.117730940561637 0.030861950257251 0.0391562879199453
-0.225892341969036 0.0609441933269251 0.0659675206978022 0.0195645540765637
-0.140802764079216 0.223021780508649 0.0691523316204455 -0.00485177018345893
0.0615367528679074 0.232493136797686 0.0248729056214957 -0.031125565676602
0.171845744441157 0.137787873757048 0.0280751435404932 -0.011886544323632
0.245810411467438 0.0596272506248549 0.0360682295493641 -0.0129423498240147
0.251641004615769 0.00306827901573983 0.0538588840116996 -0.00325757823242109
0.265762478585461 -0.00300912169146544 0.0504499590821873 0.0109215812767107
0.227941115382022 0.0803827322747138 0.0591854684981984 0.0163571112695091
0.167536497439485 0.169457032445104 0.0326943980820352 0.028599775750804
-0.00252811893579353 0.273418448699588 0.0137166183233735 0.0387142624869342
-0.167944191752541 0.194730461626789 -0.000567043777969223 0.0203630024456036
-0.227143190590708 -0.000533394605560444 -0.0200338746056407 0.0199889249651091
-0.176505772706047 -0.160155557060731 -0.0197013551480078 0.0367852732201829
-0.0738805865679555 -0.162473876217847 0.0279515405508834 0.0724301806154534
-0.13015927630788 -0.1201692461073 0.0243125296396287 0.0581386437195929
-0.189531723349696 0.0191931298235296 0.0213827849780913 0.0421878812441714
-0.138738539952576 0.16228342657877 0.0314905206701739 0.0503269358469398
0.0215536088909326 0.195280616296866 0.0377857759737996 0.0490353399225504
0.126463290193569 0.125809205855108 0.08930248232729 0.0528724955004157
0.19997339408126 0.0628286185125827 0.125470730770564 0.0155327751688916
0.213884096375087 0.00777973625029099 0.140402126848131 -0.00200364923604694
0.227403318786382 -0.00250376406209976 0.136533097636952 0.0119131198274501
0.200951956815801 0.0622641533048761 0.131724279555791 0.0296555104602419
0.155401148627974 0.13908974632703 0.084215291890427 0.058135603743088
0.00829557624131945 0.240794263681918 0.0435350797097378 0.0660197423122351
-0.147766348408567 0.182287358984881 0.0167295002819279 0.0410099122449789
-0.213580702245193 0.00305143567562735 0.0120985067187831 0.0420976525067189
-0.167208051167362 -0.151084215600659 0.0225127339289579 0.0904392623969874
-0.0439635134897738 -0.118758083081045 0.0322481044057519 0.109126045272795
-0.0815834687765797 -0.0940598950122576 0.013221659009965 0.0593392973395297
-0.125604225079458 -0.0020458246914309 -0.0274796507682342 0.0439059419816649
-0.0976706449800492 0.0939908949266162 -0.0172072086183806 0.0830937787073682
-0.00103194880351761 0.124172864873053 0.0333001887635532 0.113151525459641
0.0711976837039893 0.0838264278619325 0.128856015258111 0.10675285669429
0.126392248546413 0.0483121742907208 0.191651998991192 0.0419671539939387
0.14376416021305 0.0105438850950691 0.204608605921852 -0.00032311175824491
0.154974376015566 0.00332571266532688 0.203789686847843 0.0124705986516904
0.142977136166869 0.0454887203733931 0.18569935990996 0.0409360668384264
0.11266257097482 0.0993286072175659 0.121277816105276 0.0809605337565603
0.00574496878057174 0.177375903543699 0.0631335375808134 0.0824820595854733
-0.115173063378942 0.13580611266759 0.0307926229529076 0.0527334067115882
-0.165330494070012 -0.00336706398729717 0.0457849803988413 0.0575414427455833
-0.126119343206495 -0.121500325286718 0.0638353129267428 0.135948801851493
0.0726990988630417 0.0489332647187539 -0.12599536410764 -0.168210854755534
0.0968066250902529 -0.00579971174517598 -0.112703104841238 -0.0674532709240948
0.062431188890241 -0.0726038139544247 -0.0410378285612253 -0.0408115071839112
-0.00656239725437339 -0.0906720993873604 -0.0560581617724377 -0.0867207462802262
-0.0516347074743856 -0.0518318724123523 -0.129441800171276 -0.108196180357264
-0.0571851209634498 -0.0219621893935366 -0.21919300134459 -0.073158145433984
-0.0628728237245431 -0.0163565205187562 -0.256747300136366 -0.0135833834173904
-0.0507104790848624 -0.010747551549468 -0.246821731088715 0.00320477716442239
-0.0353889334059708 -0.0177210591646864 -0.223533438386855 -0.056505047845172
-0.0181608307491886 -0.0286629563135322 -0.156032328621917 -0.119784595111853
0.000557139918420478 -0.0312981411687686 -0.0433129708195728 -0.15417155019231
0.0306037570378158 -0.0302935420013705 0.0451750822200495 -0.109078544277427
0.047170779296731 0.00724344994381749 0.0697730421911807 -0.0494753810575771
0.0235002071512376 0.0520824103852503 0.026195357316392 -0.0347862157589833
0.00811710032875525 0.0752784988185645 -0.0137979087537259 -0.118359020136419
-0.00517680659653741 -0.0118714055388167 -0.11595731324905 -0.167864474823157
-0.00454195155967341 -0.000848081920714028 -0.0952550489632432 -0.0689544656719631
-0.00567156048874867 0.0057515158455906 -0.0162474234731774 -0.0592536228123501
-0.0042663415631461 0.0124601264820658 -0.0404933644484786 -0.112150185053339
0.0183015660719253 0.00963652614310205 -0.137135233593748 -0.132161117727746
0.0318223375176445 -0.000254704779439627 -0.225317037928079 -0.0894991012891271
0.0450139748217884 -0.015690346341026 -0.261617619078637 -0.0254076203893043
0.051710320211939 -0.0121184597961286 -0.243198760384383 -0.000602617600337461
0.061511634254177 0.00247202529335325 -0.223444666865704 -0.0510302921986528
0.0417366217307392 0.036383856594414 -0.154197056934356 -0.111240050016166
0.0105062144267011 0.0536560650905217 -0.051608629544486 -0.149771975252703
-0.0306877814515052 0.042059109391449 0.0357760725957534 -0.108311182223348
-0.0315524031996494 0.0197367126211754 0.067930998075169 -0.0553716375308939
-0.0279621576341349 0.00931641193332774 0.0160120910639043 -0.0384363742196615
-0.0248304883930962 0.00557664980188221 -0.0317172638012613 -0.124311638249274
-0.0717736270902797 -0.0760069113654192 -0.0846573478282394 -0.14537976905831
-0.102234349312549 -0.0135382609625494 -0.0563211278781551 -0.0585890159620725
-0.0860331145685816 0.0736130049071215 0.0256705045407328 -0.069713018472834
-0.0192297139878105 0.11931095082215 -0.00458634963758053 -0.128563488539099
0.0777122933158749 0.0852554331107185 -0.118410500971054 -0.150593729888722
0.113712804013285 0.0341659252653638 -0.196518780207353 -0.099989803533953
0.145613898028246 -0.00510526615557449 -0.227111551609894 -0.0360355465743075
0.14561254687002 -0.0113720091153299 -0.202749819942018 -0.00301363901642953
0.152642235279084 0.012350842508705 -0.190474237152829 -0.0327986153114192
0.108369333569256 0.0825216025285218 -0.134715819211409 -0.0788025750548394
0.0438698230139788 0.126645216144626 -0.0632204539529232 -0.116681359051901
-0.0635282274923703 0.12812483866751 0.00604472483164213 -0.0901647418310924
-0.10219512116391 0.0573011344168077 0.041342334927632 -0.0590567251412503
-0.0903184049330829 -0.0181856377469628 -0.00643586459301243 -0.0411332295999898
-0.0665248426800465 -0.0617745590253447 -0.0499047713305992 -0.109174759209851
-0.112325369769097 -0.133848411609348 -0.0442305602928459 -0.101901293689886
-0.173191106665067 -0.0457946622521565 -0.0116093000414332 -0.0324051341000913
-0.166257356359984 0.110008545068442 0.0672410771686295 -0.0571590664494336
-0.0566868158727252 0.20866810175124 0.0409121012134049 -0.118096695011135
0.109083045013664 0.164685175223195 -0.0727159633139478 -0.145495337419269
0.172611770653752 0.0783494110240475 -0.13491417675689 -0.0957298330319533
0.220001366004406 0.0167661672412707 -0.156714073667376 -0.0410229128214529
0.217734614631099 -0.00798817377426076 -0.131689019594684 -0.00410977611178253
0.225525079326003 0.011523676105342 -0.126629521959032 -0.0113345106946943
0.173377459265651 0.102364778556367 -0.0892149614303394 -0.0384548474006005
0.0958646763078927 0.173342680491495 -0.0561155516212873 -0.0653901374499947
-0.0593734412026165 0.211840279814003 -0.0156585873482307 -0.0512255620460184
-0.152560064861124 0.114846268059379 0.00927174913991741 -0.0434434443627719
-0.155146890069884 -0.0253199411512634 -0.0293456744378936 -0.0317580307500366
-0.11407587994469 -0.116086090609692 -0.058599835857117 -0.0731483621043019
-0.121405923982885 -0.173798028979689 -0.00701961832474988 -0.0430137910671408
-0.198890584632622 -0.0885482570684089 0.0212443621173165 0.00452673269345846
-0.221233044128611 0.102067116222491 0.0860004204761139 -0.0211409147100514
-0.106628273425674 0.248460729363169 0.0736297399793288 -0.0716214760940405
0.100481274007283 0.223158047298856 -0.0172654207039407 -0.104227877904267
0.19297505181825 0.119135453190022 -0.0528229709501867 -0.0667133820304316
0.25599407637009 0.0415408741770787 -0.0634577110310757 -0.0340294201560415
0.256248663071677 -0.00313311783667681 -0.0413495214407195 -0.00471133983309552
0.266937136412069 0.00336011630886179 -0.0416923016366815 0.00458126457445523
0.219275266360062 0.0976655623937025 -0.0197092448505879 -0.00476061173669338
0.146177160930477 0.18647184105353 -0.020048054461625 -0.0119265395541832
-0.0312150254791375 0.267115654860232 -0.0120679908171364 -0.00147769613987964
-0.174113877278771 0.169312480380422 -0.00664063534616735 -0.0110731303694705
-0.207589741694071 -0.0149747860588757 -0.0372056384673111 -0.007885885502708
-0.156102361147149 -0.152188879047114 -0.0498778729932243 -0.0209459706371988
-0.103705201182023 -0.184675877139281 0.0174572773804915 0.019529838963252
-0.177916738124457 -0.119860005103578 0.0322390423235992 0.0395883072351356
-0.229547946948596 0.0617800361796726 0.0677832476209323 0.0199772451934575
-0.142412122137949 0.226368209096616 0.0706976327217843 -0.00623523289856652
0.0626209121778222 0.235756942452413 0.0249036581657298 -0.0319868117616853
0.17415446486483 0.139633245578449 0.0284410937016107 -0.0124245238990836
0.24942478396743 0.0595374149230015 0.036584086794571 -0.0130343483004698
0.254906976484114 0.00134570948394737 0.0547189437153316 -0.00367238027550366
0.268293335749957 -0.00386913399652473 0.0517971334445516 0.0110084025237238
0.23085563356061 0.0807148965221636 0.0602645697127061 0.0165867930101187
0.169989070192382 0.170835540307962 0.0335142103852818 0.0296366686420021
-0.00260294161074665 0.277680228550846 0.0141106532679641 0.0401350808990601
-0.169760818249868 0.197699041254074 -0.00106170250817128 0.0209411614492902
-0.229956406396419 -0.000767470386808777 -0.0208983022624712 0.0200524540680057
-0.178151807060735 -0.163532503889873 -0.0198191034266317 0.0370581400585759
-0.074237278990761 -0.165914344137857 0.028411742303814 0.0746685372734902
-0.132302376086968 -0.122678061950632 0.0255381055836657 0.0600286750076352
-0.192552396119499 0.0190630077981191 0.0226526372539436 0.0429585075299612
-0.140800839862547 0.165080621241699 0.0325664309442873 0.0500000109229083
0.0230731806408241 0.198315470591897 0.0380021043788513 0.0488043277467433
0.127981606309877 0.127399283739764 0.0902647674995897 0.0529112176178874
0.20267692277567 0.0630245271843409 0.127076169950532 0.0153733890851536
0.216693351062665 0.00696578189223084 0.141621559162445 -0.00251364760028441
0.230235385650034 -0.00341803586175885 0.138484540598138 0.011655727676172
0.204039319667027 0.0630062076859449 0.134097990402859 0.0291079215503195
0.157435698563996 0.140505451227011 0.0859672663056177 0.0590574060819975
0.0092023317987232 0.244082079526209 0.0443339539267775 0.0677296051810097
-0.149787959765736 0.184724916634511 0.0161758241536617 0.0421024710408537
-0.216194451279455 0.00327822629698639 0.0109926504365985 0.0430654604049217
-0.169100058098656 -0.153592715168801 0.0222586866105687 0.0918523828251696
-0.0440087437577333 -0.12184289721063 0.0318129769328328 0.112459351905228
-0.0834492502315016 -0.0958421402698903 0.0143113538179776 0.0611589534987932
-0.127531643765394 -0.00227903856180858 -0.026757719237604 0.0446859736976305
-0.0989336663246955 0.0955296523162644 -0.0169985840439125 0.0834758877671614
-0.000162441828307026 0.12582454787595 0.033562783065386 0.114544434700836
0.072267434325747 0.0846296691637186 0.130089948289698 0.107129255664799
0.128001732839246 0.0483128115964371 0.193444207825884 0.041571256747639
0.14554374701985 0.00998286841641053 0.20712898271964 -0.00122558705168482
0.15731766937469 0.00266045337921299 0.205672697373312 0.0116342735677626
0.145244995045801 0.0454243876892946 0.189047448201183 0.0405595938888787
0.114616262489296 0.100133258693119 0.123567549739061 0.0820132400959661
0.00640673710527736 0.179690072561599 0.0640799770625691 0.0847010628636648
-0.116341806392689 0.137987334352122 0.0305345917350812 0.0541843840545727
-0.167103278862393 -0.00345457455666051 0.0455480796891945 0.0582222675838588
-0.12781529438802 -0.12322589789022 0.0641776467782982 0.137472780918731
0.0737709895290033 0.0494442359849092 -0.1271397093301 -0.171143026556919
0.0988561994550499 -0.00556765523583977 -0.114035316154617 -0.0680861336179627
0.0636228620382691 -0.0737931407504726 -0.0412427525234528 -0.0427709570563975
-0.00678547173623229 -0.0918553484842879 -0.0573151225484294 -0.0886984365444639
-0.0526419274970776 -0.05259779325632 -0.131739462587791 -0.109560583565309
-0.0579795009503437 -0.0218345147756526 -0.223414802525572 -0.0732310299470072
-0.0639751726782385 -0.0160227483671588 -0.261022284115866 -0.0121983759861126
-0.0515632356179547 -0.0108795988497201 -0.250277654746523 0.00538359192959748
-0.0359410136225567 -0.0180609949274394 -0.226845929856349 -0.0566306006531562
-0.018834457406857 -0.0289995545624351 -0.158167534852587 -0.120686102268804
0.000268342971609405 -0.0316918517971407 -0.0437022161798128 -0.155938185024548
0.0305510944178075 -0.0315628035872253 0.0454419080238428 -0.110112055693068
0.0488023410283181 0.00687229250731582 0.0697438459342739 -0.0503235471843578
0.0239593028860653 0.053206659198875 0.0256048614261231 -0.0361912489540177
0.00856363107301009 0.0768133996207567 -0.0139627603743879 -0.121430739860682
-0.00543528844987306 -0.0120688789395424 -0.116637885520983 -0.171199436306675
-0.00418135277383028 -0.00112632612710766 -0.0964000269167243 -0.0705916168282805
-0.00598006344919224 0.00592073905508947 -0.0156196815407522 -0.0618076127290886
-0.00403646656937256 0.0124149481692807 -0.0418456227520502 -0.114574930471087
0.0189801832113296 0.00921752578339918 -0.139952805528644 -0.134624449275431
0.0321954541364549 -0.000364344897470788 -0.229667618715096 -0.0891066486771611
0.0456843716848157 -0.0161341931189182 -0.265836348612364 -0.0244203625658519
0.0520976763078509 -0.0127450716830812 -0.2464411796519 0.000833397048096232
0.062050311854773 0.00194110318928432 -0.227262857892713 -0.0507681811295613
0.0424801951598949 0.0363769483675527 -0.156656683681047 -0.111752680815326
0.0106592888916127 0.0546253450979873 -0.0528938279368124 -0.151133511118446
-0.0312437454275595 0.042547534447687 0.035839340167949 -0.109047964098034
-0.0319540063213681 0.0197418715991734 0.0681786530865133 -0.0566483179844592
-0.0285643721974509 0.00966945518945687 0.0154559784198599 -0.039994948992419
-0.0251379139213865 0.00505242595217716 -0.0322795526254264 -0.12731978452782
-0.0724713573836443 -0.0776983614097614 -0.085273993915142 -0.147818681379803
-0.103354963362939 -0.013526578421311 -0.0566640077803194 -0.0599632671073169
-0.0877353434005502 0.0742544975484264 0.0266273315120938 -0.0712731156243066
-0.0192321319467773 0.121684889440944 -0.00485120886068542 -0.131063445311765
0.0790790373493025 0.0862038894114393 -0.120739297782623 -0.152124375164004
0.116051291878682 0.0334622996439895 -0.200859612916928 -0.100846656623276
0.147134418680543 -0.00555883526265602 -0.230562481525674 -0.035642919865031
0.147676978766536 -0.0124395181221879 -0.205506897460852 -0.00170033401257611
0.154205208891556 0.0121437147976434 -0.19318049856467 -0.0324501013049641
0.110168366791947 0.0836851886968331 -0.136434533343195 -0.0792227535783529
0.0445924500476694 0.128456953742633 -0.0645028526762854 -0.117760800792703
-0.0642479707651916 0.129750719028426 0.00592923862954243 -0.0911945551532652
-0.104141548422074 0.0583191944132286 0.0412197826949728 -0.0598714629158509
-0.091468281227624 -0.0189464210111654 -0.00696715701495437 -0.0430331334026121
-0.0670407512603911 -0.0631399261634102 -0.050550799942659 -0.111923282105083
-0.113176687103982 -0.13622750072639 -0.0445727762196891 -0.10377890754907
-0.175341871159959 -0.0466546104499924 -0.0110194571694239 -0.0336705126025891
-0.168364180463365 0.111459572158599 0.0688266425440473 -0.0588554546330268
-0.0572676877352205 0.212567162913627 0.0417407246645766 -0.120714332749662
0.111218772920765 0.166944947973615 -0.0745238374691172 -0.147446631310652
0.175121719796052 0.0788744157189228 -0.137843438286274 -0.0967011412479703
0.222719904880203 0.0151494918749681 -0.159404645672715 -0.0402457767435174
0.220690680168473 -0.00909893497128137 -0.133399449599874 -0.00381009445687502
0.22751965827343 0.0111177463110275 -0.128509010305607 -0.0106902299738628
0.175967620806833 0.103135315107156 -0.0900634227508962 -0.038455572330222
0.097739857553894 0.175906462868979 -0.0568517315651541 -0.0653248597743608
-0.0607507007120591 0.215436028821622 -0.0162549708853895 -0.0514924254188789
-0.154926679833934 0.116313600482661 0.00874394412322201 -0.0436464001354403
-0.157770237543572 -0.0259281161215035 -0.0305979940056432 -0.03305074216495
-0.115996710789234 -0.11887029262186 -0.0599931414067163 -0.0746168114364814
-0.122672643331133 -0.177035935906372 -0.00734068086916059 -0.0440439488856969
-0.201448485925559 -0.0905155353914121 0.0219000784132942 0.00408158104864673
-0.224409744172425 0.103034035838355 0.0874913255913943 -0.02171719808533
-0.107697851182795 0.253271459083603 0.075023279739709 -0.0736395440377596
0.102486955202472 0.225878854396488 -0.0176545909672875 -0.106610356551324
0.19642713497801 0.120871819139927 -0.0539694480861638 -0.067713487124177
0.260570872081114 0.0412682298394552 -0.0643338372184403 -0.0340706816158663
0.259637059150753 -0.00513341269111735 -0.041670635182086 -0.0048272414514716
0.269940685971901 0.00217861328079224 -0.0418274151875476 0.00465101934799405
0.222619500444289 0.0981345907277486 -0.0195993221087439 -0.0047891316176526
0.148916773925802 0.188907383505456 -0.0202510482624636 -0.0114884584114868
-0.0311693679053057 0.271805842221613 -0.0122933896075851 -0.000971772869736573
-0.177016521021715 0.172246197099072 -0.0078194017088267 -0.0107343101242717
-0.210723166343073 -0.0153249102512881 -0.0382854128934262 -0.00848086638479042
-0.159074508440412 -0.15493855972177 -0.0509331389044195 -0.0217293085253068
-0.104577254889901 -0.189239644148253 0.0175549727291014 0.0205069704138214
-0.180923593634638 -0.122127547498848 0.0334484802530084 0.0406167358651522
-0.233719944185577 0.0625216517774556 0.0699498836907051 0.0200789290407404
-0.14426333889495 0.230670892116357 0.0724390073864471 -0.00734886642074713
0.0644066038595593 0.239197374011292 0.0246860948230176 -0.0328751031163198
0.176987193568174 0.141196274823981 0.0284062340011111 -0.013286712613428
0.252829707555314 0.0591793152440046 0.037552249852763 -0.0129467861443111
0.259307834472342 0.000139979530715143 0.0549239800045056 -0.00442559819336715
0.272081301229802 -0.00497313512583495 0.0530126823546679 0.0111196049052816
0.234744308418526 0.0812156855696345 0.0616694075414966 0.0164006964217808
0.172803122279791 0.173162028977378 0.0347712443194833 0.0307730417257127
-0.00180495599045942 0.28151786642788 0.0144719465463787 0.0416036382472641
-0.172951322284817 0.200592125974321 -0.00147719112317442 0.0219275489893627
-0.233783939690369 -0.00101206902156856 -0.0221700219831586 0.0204536778617521
-0.180895613447746 -0.166684679534189 -0.0205120940660471 0.0375790179968672
-0.0753988009264804 -0.169994220041135 0.0285102593449213 0.0770400506605601
-0.134982419721547 -0.125153336737508 0.0266229121772879 0.0614030078588725
-0.196163039712655 0.019729141199602 0.0242782758699769 0.0433136786246224
-0.142760507365688 0.16881508853944 0.0337193484354579 0.0500844731240338
0.0232788121825809 0.201125184392245 0.03826313959689 0.0489330266717448
0.130168976233116 0.129084568521654 0.0917024481982018 0.0527645101222641
0.206040736841997 0.0625283004205949 0.12897285982709 0.0150880510285787
0.2200117595347 0.00563922291991547 0.143533258158871 -0.00324590792723634
0.23332500655443 -0.00475109609692865 0.140545730510829 0.0112404459114512
0.206878027198166 0.0622348418000734 0.136325977675504 0.0290929000910835
0.160126532293289 0.14192345015124 0.0879426195518345 0.0607647481663398
0.00995036322179757 0.248122888806846 0.0452828758481711 0.0697106841976036
-0.151712664087259 0.188147978702082 0.0161011731705887 0.0436039928124866
-0.219361009129507 0.00310500151698207 0.0107377591308948 0.0437732010955525
-0.171454568459598 -0.156728898215692 0.0218672422788633 0.093529721752061
-0.0448334937478048 -0.125021334473713 0.0324702851962289 0.115048611089331
-0.0852347534633835 -0.0973333591726461 0.0155764619860401 0.0629205852561097
-0.130093095659859 -0.00140496379098724 -0.0258259084763713 0.045142021802095
-0.0999623119736135 0.0980304600016278 -0.016962455869076 0.0839431410865543
0.000725580675540568 0.128166717115952 0.0335448221650088 0.11536760428391
0.073518897083807 0.0860688346533385 0.131963627576122 0.10815885095587
0.130124828965713 0.0484022136319234 0.19685119897078 0.0414060884408521
0.148083450862676 0.00910198909895808 0.210267595970437 -0.00241964125175202
0.159369173799311 0.00196710322863605 0.209265903659002 0.0105241021981542
0.147582395476745 0.0449113375993867 0.192024240787659 0.0402075918752016
0.116881787628811 0.101540617741351 0.126198820549535 0.0836067286259029
0.00747163315464881 0.182714173421409 0.0652965661916387 0.0865413642958249
-0.117721007661213 0.140140438629671 0.0309989985745879 0.0559471720841666
-0.169707697949558 -0.00343306766916691 0.0451501507756419 0.0599347658407087
-0.130048408476305 -0.12530075677749 0.0647711910826944 0.140401636901101
0.0756442780659717 0.0504398720775213 -0.129760596231871 -0.174600812770117
0.10070363682468 -0.0067175099554294 -0.115986998237976 -0.0695977626969166
0.0645031313897882 -0.0755683739961997 -0.0416320011247283 -0.0440368245989649
-0.00737842552588425 -0.0939491277394421 -0.0593876661320794 -0.090824823946721
-0.0539746008802475 -0.0534516962633784 -0.135401827892499 -0.111120525752747
-0.0586357788264204 -0.0219829524040084 -0.228300291130693 -0.0728913040584875
-0.0651050745130689 -0.0159916196060745 -0.265249000442598 -0.0106608108063332
-0.0524701841601025 -0.0102099695484679 -0.254111403919106 0.00605715031857802
-0.0366834902956786 -0.0182339188600626 -0.230232313913232 -0.0559458904662541
-0.0191892990819608 -0.0294937275411392 -0.160962201250695 -0.121264793922938
0.000130440225710495 -0.0327337253320652 -0.0444988054907904 -0.158184436831395
0.0306692693490459 -0.0327083697884912 0.0455919648733711 -0.111906696956541
0.0493159205826182 0.00638568917326795 0.0697212830679026 -0.051090089506626
0.024762836169361 0.0538200609370666 0.0255116661567996 -0.0371777143556136
0.00903592995304559 0.0780716094643027 -0.014621858010797 -0.124860696984756
-0.004997242932904 -0.0128380462947725 -0.119040938711558 -0.174725059767072
-0.0032535486726476 -0.00105027567183539 -0.097865546907862 -0.0718703053665677
-0.00546266590404838 0.00560617735049147 -0.0158205533643314 -0.0636085617112754
-0.00390423417094069 0.012638809271445 -0.0428866291466231 -0.11690155240533
0.0190698583351208 0.0093978784367841 -0.143450298888523 -0.136352045383991
0.0328258280746219 -0.000442234334886292 -0.234178243461319 -0.0892331386533888
0.0464294654181721 -0.0167511220469364 -0.27013606828287 -0.0227884117945037
0.052887476565277 -0.0134683891811908 -0.251138452625383 0.00228406105645931
0.0631796291544923 0.00174300166299249 -0.230597167112425 -0.0508800234921738
0.0433950741906958 0.037127275146027 -0.159978389011809 -0.112747098523672
0.0107077121739755 0.0553857908294655 -0.0533176093341989 -0.153240749616849
-0.0323214782836234 0.0430247975396861 0.0358573785380843 -0.110885646448158
-0.0322915695286469 0.0194173990721015 0.0685901243416053 -0.0575014836267358
-0.0286719421706001 0.00942190603312354 0.0150978808099652 -0.0411888640613821
-0.0250921636921983 0.00517576481348472 -0.0332371811324923 -0.131498244292365
-0.073698215836621 -0.0794695578737536 -0.0866155817939834 -0.151250225552874
-0.104597562636653 -0.014338168037163 -0.0575371617842012 -0.0615894457202417
-0.0882985855175844 0.075875211948736 0.0270558413038527 -0.0739746240150224
-0.0184972228144807 0.12394272106294 -0.0051058669271725 -0.134037907822396
0.0806410690833135 0.0871685670732693 -0.123580467511771 -0.154413117832512
0.117794445763972 0.034374862228589 -0.204558172969697 -0.101202977203734
0.149469466384434 -0.00694464070270343 -0.234686620604507 -0.0340028815067352
0.150273940870876 -0.0134984672574021 -0.208471079265241 -0.00080149182333092
0.156582784342451 0.0119146842137416 -0.196025880639809 -0.0315148732588504
0.111968151612308 0.0847054453482829 -0.138801278615462 -0.0796087136375382
0.0452343595299979 0.130852955850622 -0.0656775334133181 -0.118897280113036
-0.0656063031175395 0.132903269414773 0.00540327812826337 -0.0918035148747974
-0.106518877976021 0.0590552785312846 0.0411985852039973 -0.0607224775221447
-0.0927698173902595 -0.0198744847597122 -0.00811672792833117 -0.0442116641786207
-0.0681664028317929 -0.0649660095260698 -0.0522324532837044 -0.115054627812849
-0.115522827511644 -0.139454477996134 -0.0452337848667413 -0.105527366345347
-0.178548193626183 -0.0473675622117179 -0.0110425503250986 -0.0348189240761723
-0.171570889285122 0.113625192859959 0.0702346271400504 -0.0606077267130223
-0.0572615359408546 0.216134658346868 0.0422531335552524 -0.123500128378837
0.113328323947436 0.168954189449555 -0.0768515364046992 -0.149829651130976
0.178818209964476 0.0790771793215038 -0.140644128956774 -0.0983665438875695
0.226713030536596 0.0141962964765621 -0.161814886183788 -0.0403275496389397
0.224045915913569 -0.0109596056792875 -0.135432461391335 -0.0036152580444618
0.231007036656179 0.00932339081051752 -0.1300486543012 -0.0100857908825362
0.179426569222357 0.104412236635277 -0.0914572404208915 -0.0386185070666988
0.100159125984105 0.178377892374751 -0.0578681691564681 -0.065725224150888
-0.0609291875830214 0.219152594476005 -0.0168245899602847 -0.050954690179966
-0.157809619698327 0.11844977935675 0.00774306827314502 -0.0443403184866575
-0.160614434596192 -0.0267399164474243 -0.0322942270203444 -0.0337141317002441
-0.118219478673318 -0.121432453992418 -0.0617515133608581 -0.0770718673971487
-0.123997705606739 -0.181015504552027 -0.00698786834607733 -0.0449268227419622
-0.20565685219402 -0.09272450088641 0.0231108214491994 0.00414731469806354
-0.228991221104675 0.105549984278847 0.0895103408806235 -0.0227746083525239
-0.10850731521172 0.257793060614611 0.0762385378452922 -0.0761016999878207
0.104600631813739 0.22989920245141 -0.0183130842412739 -0.108190928998516
0.20032373573866 0.12202050955848 -0.0554842366333135 -0.0690236492405444
0.264218804607903 0.0398896197835057 -0.0649807690648288 -0.0334893034996986
0.264435113630265 -0.00669491227838216 -0.0425614952524143 -0.00480637114567953
0.273509617229026 0.000577644166611039 -0.042432850049559 0.00508599646830967
0.226662378345381 0.0989400795477729 -0.0199079306152177 -0.00451375823947568
0.152129988001057 0.191325956212543 -0.0207748666160522 -0.0110710086602484
-0.0308230908328118 0.276550108518819 -0.0122305852919242 -8.77881395142809E-05
-0.179652798917546 0.175386284073975 -0.00845271246153095 -0.010932268920054
-0.214571517748809 -0.015787524654526 -0.0399888056726989 -0.00877585059650191
-0.16211939902999 -0.158083176860662 -0.0517926314931771 -0.0223901655482502
-0.106156464107975 -0.19389716076662 0.0182706893766887 0.0209633648422343
-0.184731426355682 -0.124701342988718 0.034952616678674 0.0414593075876671
-0.23771821540464 0.0641270733998362 0.0721792899314669 0.0196743907114158
-0.146425399225236 0.235549981786104 0.0740375463729421 -0.00840025318018747
0.0664261564359637 0.243107631616178 0.0246921576484185 -0.033672954120137
0.180218909496268 0.142947986015453 0.0290465543448249 -0.013882376154958
0.257132921252419 0.0591749564542054 0.0381990959988598 -0.0135867261669323
0.263468372907371 -0.00171843009423565 0.0558755797849448 -0.00460809388848939
0.276493087848177 -0.00635212114585791 0.0541474654056493 0.01089881426468
0.238877189592269 0.0813568935124004 0.062882078215189 0.016325881905985
0.17673357447246 0.175008574913199 0.0356470410770444 0.0312794317274842
-0.00052199302430124 0.286862136095188 0.0146969341217412 0.0434880279934007
-0.175237922487995 0.204594770311826 -0.00190069419437336 0.0229531994152891
-0.23793587460795 -0.00115718278411623 -0.023708767905855 0.0212815938055682
-0.184609782590702 -0.169994928471463 -0.0213224386090693 0.0384721604516235
-0.0765764068070101 -0.174268837539207 0.0292156461622437 0.0790129248095023
-0.138009400435066 -0.127498192106781 0.0282647956447285 0.0626032442847464
-0.199829965765952 0.0207421680487975 0.0259763455334081 0.044289660431824
-0.144947774889744 0.172530569164241 0.0350900867618387 0.0502425393152182
0.024216867495123 0.205018911611096 0.0388976840918077 0.0488867055644078
0.13263136188863 0.130943638701262 0.0935984048375818 0.0524645043226259
0.209240467381384 0.0623700390194788 0.131055168321916 0.0151185023817058
0.223328243909902 0.00451716743572715 0.145741975503967 -0.00406900927439433
0.2369788677471 -0.00554950490574012 0.143704815078657 0.0103584210191167
0.211297120277702 0.0629471479057701 0.139110505024472 0.0280695871703786
0.163388582057434 0.143852628776917 0.0902210642617918 0.0613897085118221
0.011383641191565 0.252757790882754 0.0466750161535943 0.0717952788951527
-0.153626560369351 0.191383145147974 0.0157277375501349 0.0445015264585946
-0.2230197774585 0.00295217321016808 0.0104801209128563 0.0447613186507088
-0.175816094370411 -0.159358767555325 0.0220420609337835 0.0958318046921393
-0.0458697040112303 -0.127784034043715 0.0332992757907628 0.118269600118621
-0.0876129043107527 -0.0989140667938132 0.0172152561339072 0.064738947177885
-0.132731819920911 -0.00127712672452385 -0.0250250713935974 0.0460908893084778
-0.101469788191755 0.100606298486158 -0.0163669331743064 0.0849371774981961
0.00105593901786397 0.130791122095372 0.0344497945096557 0.116533053502676
0.0748219812258683 0.0876985143558697 0.13455390124516 0.108723491220176
0.132193221176867 0.0483878150442726 0.199729398193561 0.0410972576978826
0.150940906237869 0.00824148654407244 0.213396050860058 -0.00347703572429675
0.161914732672932 0.00107991786625978 0.213085899480906 0.00933027401994656
0.149934611293293 0.0450659237286611 0.195320626539865 0.0398799810929305
0.119477980505641 0.102549404259743 0.129237833964876 0.0849037921237174
0.00846532249180463 0.186187442648302 0.0675149186400857 0.0887516129965978
-0.119429613413268 0.142958739024344 0.0312819829041247 0.0579012856518985
-0.172672644186249 -0.00329452990671236 0.0453747283608284 0.0612586586723579
-0.132998622860959 -0.127600333668483 0.0658527946857117 0.143807820758236
0.0771116657357941 0.0521520687656141 -0.132341692468081 -0.178657733611477
0.103311937192346 -0.00721844027521534 -0.117779635177779 -0.0708433315678457
0.0660903684961118 -0.0773368312838724 -0.0424941280698443 -0.0459801803566853
-0.00813220786100012 -0.0957761730553839 -0.0606016946304045 -0.0936697993895162
-0.0547762829398105 -0.0541862147529694 -0.138866477138284 -0.112584701503911
-0.0598405676236635 -0.0219617199281441 -0.23365826045721 -0.0725779421156774
-0.06676415570198 -0.0158172055873898 -0.27044091670894 -0.00816814704966721
-0.0537043392856883 -0.0103569157326989 -0.258058947051877 0.00835722870545193
-0.0369468060436688 -0.0180176344863902 -0.235053843306429 -0.0556587455702105
-0.0198438655546696 -0.0295989104361258 -0.164339411763573 -0.122187884824845
-0.000168656120159847 -0.0333331199709072 -0.0460060506029532 -0.160333625504284
0.03077522244761 -0.0336340975135094 0.0455805122929253 -0.113784678969671
0.050481909942017 0.00582851730110681 0.070229432789053 -0.0518967966217682
0.0258353338302858 0.0547488234333987 0.0252856718687106 -0.039139380910291
0.00973659387778856 0.079747625523152 -0.0155770949179722 -0.128874427583138
-0.00460829314364541 -0.0129532012036131 -0.121356889410553 -0.17832628634016
-0.00314164908501534 -0.00115022967368846 -0.0993724382424941 -0.0731062890134604
-0.00501221475539574 0.00560240702901778 -0.0157028899787879 -0.0650799696182291
-0.00388297317669964 0.0128141534838562 -0.0443672890034223 -0.120179007566153
0.0194472729017827 0.00919224672641761 -0.146949959347685 -0.138329134915062
0.0336197023616119 -0.000851282556999532 -0.240055859830323 -0.0893835541773543
0.0469925861255546 -0.0172506480108179 -0.275804268583735 -0.020652318452833
0.053406618605653 -0.0137194509801319 -0.255282203315648 0.00408941600916175
0.0640856340814428 0.00150010218334475 -0.234427201446771 -0.0498866133688354
0.0441847331185305 0.0376538374578045 -0.162317942459879 -0.113471932021366
0.0108630637623106 0.056371807634525 -0.0549142203408727 -0.155374673134881
-0.033375158283774 0.0441388362341503 0.0359732084733122 -0.11252863378385
-0.0336224925634083 0.0193844465770869 0.0683320134268255 -0.0584833817843705
-0.0293818917696907 0.0095005343005609 0.0141238184583283 -0.0429494698989815
-0.0255416178288276 0.00474373061375503 -0.0346128448506509 -0.134232780885898
-0.0748676849517989 -0.0816079031528305 -0.0886015454801498 -0.155181438111967
-0.106040780515985 -0.014457418527804 -0.0585485598398249 -0.0631579799862214
-0.0890079753825692 0.0774081619100517 0.0276465537050207 -0.076154787688975
-0.0183500949769143 0.126935710426241 -0.00593479217155752 -0.137836130569046
0.0822319906153858 0.0880997231155197 -0.127502206469847 -0.156711482146797
0.120549263212512 0.0336807913086873 -0.210233711165169 -0.102112749653703
0.151998290170281 -0.00774709362130275 -0.238656342201727 -0.0329112537065394
0.152686896869221 -0.0153034902903413 -0.21310057349076 0.00043334494310262
0.159258509857658 0.0105743170336276 -0.19981853028835 -0.0305354226843116
0.114306328827034 0.0855511076041643 -0.141462897812547 -0.0798383931521844
0.0467468830298607 0.13282918805848 -0.0668740947786147 -0.119685563917098
-0.0666868488429688 0.1359069125179 0.00552177009686214 -0.093091768797169
-0.108157463620213 0.0599794926138827 0.0412655780445694 -0.0620711628327182
-0.0946751873395969 -0.0204735827836395 -0.00942383125248347 -0.0458029846275014
-0.0696645962208074 -0.0671473252596367 -0.0543031912941985 -0.117787272638633
-0.117509743036562 -0.14328215015339 -0.0459293696938894 -0.108260791010924
-0.181741534058608 -0.0483263303722311 -0.0109954277847154 -0.0365090977453323
-0.174070132824413 0.11623587457688 0.07182056208624 -0.0628189763586062
-0.0571578584190621 0.22128274769985 0.0422400755927778 -0.127130411328391
0.11647717589847 0.171614498576616 -0.0804471765472646 -0.152324781935344
0.182368782157177 0.0792033337254961 -0.144534489008977 -0.0991302106600775
0.230848225586903 0.0129875386084572 -0.165115425556094 -0.0392973567151754
0.228244531707897 -0.0133692292806428 -0.13736403022401 -0.00257232827145899
0.23481196750403 0.00831839078092318 -0.132279206573748 -0.00898226625642773
0.18314739379344 0.105064655234529 -0.0930070175078032 -0.0385034180522672
0.101950778786001 0.181507728413197 -0.0590986794319684 -0.0656879654853792
-0.061138896831847 0.224191813554947 -0.0175039575886279 -0.0515204732292618
-0.160633192393209 0.121023966400104 0.00683095578104587 -0.0450857859512358
-0.163611200400187 -0.0269666401235928 -0.0338758284907256 -0.0345436602288206
-0.120827205625136 -0.124523854402514 -0.0632816285702509 -0.0789204168954157
-0.12678287444159 -0.185684962005586 -0.00707367644539287 -0.0455437904400371
-0.209080615795638 -0.0943719397131651 0.0240011569716502 0.00370763692742541
-0.233068855955033 0.107950250663838 0.0919801369245843 -0.023975007025119
-0.10960669621205 0.263719277403155 0.0782013739096466 -0.0785945442063887
0.10815632748484 0.233576141232024 -0.0201009054094778 -0.110211317192155
0.204623773777339 0.123158680708039 -0.0569348018689393 -0.0699606346535031
0.268728068921095 0.0388199508730428 -0.0662616371986545 -0.0336603573352191
0.268732082983353 -0.00921603432061568 -0.0436639462861326 -0.00445534479396313
0.278726827623569 -0.00111135883628635 -0.0425318360993851 0.00594352232582298
0.231910267322522 0.0993599633433747 -0.0196559203538284 -0.00444759252227575
0.155138960716224 0.194283790313124 -0.0205111587888986 -0.0101574842982413
-0.0300425685364902 0.282467710110745 -0.012676704581038 0.00092667010229083
-0.182871946272344 0.179354034896711 -0.00946299534494139 -0.010757356469215
-0.218652528056054 -0.0159902348835861 -0.0416300885208028 -0.00884353365428987
-0.165650871111608 -0.161569388097744 -0.0532709244016122 -0.0230966157938246
-0.108880554088624 -0.199110009218152 0.0187358565113845 0.0219508100236651
-0.189124507914451 -0.127411090106271 0.0362950689794352 0.0424661606655854
-0.243169972414099 0.065812425209808 0.0747844709988094 0.0201992065913695
-0.148957934869049 0.241568423062115 0.076290591363222 -0.00942244524924796
0.069142164038879 0.247686937766139 0.0245610938791687 -0.0349135296625483
0.184577661966525 0.145105364445907 0.0289035662255321 -0.0151729073704139
0.262482131035152 0.0579237054098801 0.0392560203495873 -0.0136124947110365
0.268314394690755 -0.00406370010905512 0.0568057568040485 -0.00497516231424758
0.2810199498735 -0.00842929819583947 0.0555191917833253 0.0109902887540202
0.24379030067909 0.0806749292576963 0.0645031573890716 0.0157756215379333
0.180757550493256 0.177398080519177 0.0368494807748035 0.0327242923425081
0.00130408018362309 0.291998597205486 0.0157406355638802 0.0449877912076187
-0.177455861445902 0.209477977893993 -0.00218422432984933 0.0236371222747031
-0.242255223760431 -0.000349404598616947 -0.0244862672905057 0.0216384968278092
-0.189445230936924 -0.173081693249725 -0.0218871411477325 0.0391123041714842
-0.0787507061841137 -0.179197588188173 0.0300670386424797 0.0817366847014158
-0.141388623827771 -0.130308025798164 0.0303029062554058 0.0640373318873056
-0.203980134943391 0.0218009650271052 0.0277496352693425 0.0448460575231144
-0.147312205535453 0.176636970112131 0.0364253754786534 0.0499391510464517
0.0263377001287731 0.208734684086117 0.03966396144516 0.0496163047099117
0.135572593282367 0.132931818083303 0.0950369161878781 0.0523662580681591
0.213636840894564 0.0622707132037063 0.133406182501685 0.0141654506836971
0.228198411660685 0.00226069611665084 0.148133912187461 -0.0051800957470841
0.240398639856887 -0.00765212429122441 0.146648307180091 0.00967826720139183
0.215574635939312 0.0623754803775038 0.141969545010157 0.0278241195259304
0.167056245263077 0.145080819336003 0.0929158679527994 0.0626108701403715
0.0132870099284518 0.25775132488147 0.0480277891824292 0.0735067969793079
-0.155967792218207 0.195858307823691 0.0163652219738119 0.0462375866359769
-0.22721739067146 0.00396223766675283 0.00971449253450003 0.0458482862887414
-0.179724507618316 -0.162394434817863 0.022498540068285 0.0981034735523855
-0.047471360471692 -0.130918687199771 0.0343488219970124 0.121923309281746
-0.0904762808947682 -0.100989318458361 0.0189954622386412 0.0662108234109578
-0.135650661372062 -0.000133606157132055 -0.0242969839648161 0.0470363930375841
-0.103256985612302 0.103406959696368 -0.0157134941328006 0.0861345634413859
0.0021809290642396 0.133128972929288 0.0349119911270835 0.118046164601731
0.0767040226943125 0.0889356682055645 0.137871523754754 0.109582462751378
0.135088541619534 0.0480207588758517 0.203565677283173 0.0401305879679581
0.153399468691093 0.00723321730994236 0.217411367221088 -0.00511387337067238
0.164894329806886 -3.00288830377155E-05 0.216762527029693 0.00829214478568785
0.153475028018131 0.0448461201529594 0.199782226487616 0.0386216140745123
0.121961653432288 0.103914713436109 0.132662424583865 0.0862936312024863
0.00996547884156935 0.189635912085304 0.0692244640451441 0.0910383923800864
-0.121012532883063 0.146903759669927 0.0322519827639092 0.0593734587361463
-0.176023416105065 -0.00253745187907409 0.0455157995795281 0.0624726458051637
-0.136352054189369 -0.130419020213204 0.0666350005658775 0.146587149939488
0.078723240606896 0.0522559059209137 -0.135113937123459 -0.182187374646145
0.105985138190817 -0.00808451255295807 -0.120376927836651 -0.0718552513788305
0.0668409636572301 -0.0799039867177228 -0.0432541738690922 -0.0471951418014221
-0.00912235531745496 -0.0979709768677915 -0.0628560202919232 -0.0960131756720523
-0.0561758508356119 -0.0554782546517991 -0.14318490310836 -0.113863533699165
-0.0609148120522461 -0.0215478480481998 -0.239256947673706 -0.0710055264724854
-0.0678419144250845 -0.0149905387172959 -0.276001588462475 -0.00562371353774773
-0.0548614202071784 -0.00971123234478645 -0.262666470052974 0.0107429980793471
-0.0381967373548977 -0.0176473171624546 -0.239823304843645 -0.0543520331904332
-0.0203726160437863 -0.0302890827789448 -0.167923027195444 -0.122460574462892
-0.00062764521408423 -0.0339672413221511 -0.0473482430963938 -0.163088324409113
0.0311224377118094 -0.0345139027088134 0.0457039469206056 -0.115891249957114
0.0516153779792786 0.00506046101545044 0.0700811243278332 -0.0533415712625613
0.0269604282609624 0.0555001632198689 0.0247807925446453 -0.0408822655859143
0.01058372193766 0.0811839665484736 -0.0168162160321159 -0.132328807735082
-0.00472240444974369 -0.0132518292262693 -0.123519142768662 -0.183542744127605
-0.00306601748953053 -0.00141215245593878 -0.101789689950334 -0.0746773932806709
-0.00497558532476848 0.00564891111475997 -0.0162905648690708 -0.0669261346569105
-0.00382709709152948 0.013225801487849 -0.0461243409701311 -0.123386974533464
0.0197654295232619 0.0089067707508032 -0.152262635073271 -0.139875451686331
0.0344272283570045 -0.00159681222805214 -0.246468992214288 -0.0883263425696126
0.047662086978073 -0.018030262709914 -0.280911912312595 -0.018288868049972
0.0544627539042539 -0.0147809524795405 -0.25987422727735 0.00670189169821188
0.0650732319333153 0.00109429164749035 -0.239409319847556 -0.0486408188402559
0.0450870943855099 0.0384100230097711 -0.166201063921767 -0.114046372010848
0.0113085817361134 0.05742309696481 -0.0567123069481278 -0.157161538039226
-0.0338395027466834 0.04498956220502 0.0364608821970048 -0.11407713819487
-0.0337895626821691 0.0195996973575093 0.0686545611527318 -0.0599147016653443
-0.0291903980400455 0.00920720363060922 0.0132198861411997 -0.0445285043970522
-0.0258398142164691 0.00462109824781641 -0.0361914798937217 -0.138228515300246
-0.0764133913837562 -0.0833299134888791 -0.0904846591517476 -0.158630014366606
-0.107987033910702 -0.0140520401033062 -0.0598276919968491 -0.0649852624166419
-0.0907135246261796 0.0792170954190185 0.0280355947917863 -0.078970977058058
-0.0177914344078717 0.129320927372746 -0.00728079579086774 -0.141313151850491
0.0849815221357027 0.0890118819238651 -0.131530064002101 -0.15907545548795
0.122695394334232 0.0332015160052952 -0.214981730767008 -0.101675552343775
0.154454363562592 -0.00940496168857182 -0.243239447090834 -0.0307469523422233
0.155513951506598 -0.0169802461970005 -0.21696197960706 0.00286287302381976
0.162149525827698 0.00963601675073467 -0.203439113078939 -0.0294246638837769
0.117347441845388 0.086508697497536 -0.144165265446656 -0.0798845856973324
0.0483281527453781 0.135240962582989 -0.0688302407381621 -0.121015960822324
-0.0677821527833858 0.139146127008367 0.00495157265063225 -0.0943457162528161
-0.11024065705469 0.0615811858107757 0.0403905868214106 -0.0631575843690419
-0.0967688838289948 -0.020996062951502 -0.0110820960941664 -0.0470460316001358
-0.0718494553287769 -0.068609406635913 -0.0557863149076457 -0.120940372001443
-0.12048514752623 -0.146533351276847 -0.0473614729330365 -0.110923033630334
-0.185594093251587 -0.0488401960788362 -0.0116709640596587 -0.0372408323669882
-0.176979420037143 0.119112547418234 0.0736251767365022 -0.0647297314909459
-0.0567318050136515 0.226227060218553 0.04290392384454 -0.130440475938102
0.119786747725277 0.173915027371705 -0.0828533518053199 -0.155048883828569
0.187017256074335 0.0795659782694014 -0.148664867506497 -0.100011128162636
0.235108705943502 0.0115734745399473 -0.167815126763757 -0.0380158315357813
0.23232237239685 -0.0161392752696415 -0.14059407020742 -0.0009866237573377
0.238825270920459 0.00646478619469867 -0.134694838413067 -0.00796412495647052
0.187047404549256 0.106302631780479 -0.0942378084505324 -0.0383016993132414
0.105241176985715 0.18401846670647 -0.0599940502207776 -0.065723156547573
-0.0615309607653434 0.229157940004883 -0.0175729469092863 -0.0510944079655508
-0.163208247346056 0.123991664174098 0.00619612088127774 -0.0454378530013956
-0.16749723941327 -0.0273558685430273 -0.0357554901927784 -0.0357190272808263
-0.123767565790548 -0.127163789069155 -0.0652848202769761 -0.0806926999614616
-0.129778513840635 -0.19016901660404 -0.00735607197275439 -0.0467716377808646
-0.214955521471608 -0.0955016919395848 0.0248652153626593 0.00349345411134045
-0.237391873426505 0.111654843794778 0.0943739988823573 -0.025257904690052
-0.110040318383197 0.270444904604729 0.0795423227800537 -0.0809998780129752
0.111870123972779 0.237095218913869 -0.0216940846275242 -0.112456086069902
0.209056226743589 0.123887740275293 -0.0591386665966985 -0.0716873854262152
0.274792571513302 0.0367589619828683 -0.0679153005897977 -0.0334507380772821
0.273529771771958 -0.0126339711592118 -0.0444510077653879 -0.00468213551206863
0.283592650174941 -0.00328540687333166 -0.0426845182175946 0.00629903648111379
0.236153394894539 0.099730814721015 -0.0197767258412029 -0.0039973850865393
0.159385620054484 0.196852085346772 -0.020924940667215 -0.00939570504872255
-0.0291888100761907 0.2882988481091 -0.0124165411346452 0.00219346564739412
-0.185383490985479 0.183742425861439 -0.0104741830813858 -0.0105391145048961
-0.223315346364195 -0.0157604472471567 -0.0437669742740767 -0.00844038961095722
-0.170204143344818 -0.165143063457802 -0.0550884758816884 -0.0237519263546407
-0.112052611346841 -0.203570499805869 0.0192399871475221 0.0226013476050357
-0.194102014319208 -0.129486750734616 0.0381970479415237 0.0431401904588431
-0.247970906384812 0.069038593935377 0.0770359751506669 0.0197728520204625
-0.150040082308521 0.247943466863216 0.0781211183723023 -0.0112038595032927
0.0719522083512488 0.25162006166593 0.0244078250946401 -0.0362031759397044
0.189052510844917 0.146620349080231 0.0290451542297659 -0.0159372509088284
0.267371254257495 0.0562044796229443 0.0396222457333857 -0.0142973603333086
0.272813055155104 -0.00650320490707004 0.0578990486939554 -0.00592773516766061
0.285627003562686 -0.0114733887420222 0.0567633471700088 0.010447454519057
0.249210037384116 0.080292096993306 0.0660227561033956 0.0156885011988008
0.185227192583605 0.18001460114056 0.0382111850495615 0.0334725409104107
0.0031737201856794 0.299079897853446 0.0170333954301094 0.0466793994729913
-0.179908216459842 0.214365738429006 -0.00247318528188673 0.0245751736375021
-0.247035580154326 0.000314790823298919 -0.0256245419970919 0.0221147272789572
-0.194388464082617 -0.17657576190739 -0.0225673461905799 0.0403320791732529
-0.0811584715334693 -0.183485235335964 0.0311042879327478 0.084022802413059
-0.145870190832581 -0.132478162259518 0.0322234299900101 0.065671070678441
-0.208437300371602 0.0236174090753161 0.0294169616130922 0.0453288060543176
-0.148918509139857 0.182567065267725 0.0383844059000271 0.0502827111382184
0.028099628883841 0.212963040371538 0.0403197918885559 0.0495777615958134
0.139271829801537 0.134728959289769 0.0971946608718193 0.0523633650911507
0.217822770507119 0.0611702707827413 0.136808951682942 0.0133341518548306
0.232142599140924 0.000104282615491148 0.150847843581367 -0.00690978494815249
0.244635688530038 -0.00983629007928916 0.149582242340904 0.00858067104861501
0.220355278966964 0.0616969202354058 0.145055621707148 0.0263607769054546
0.171271456465942 0.146461636399183 0.0953055712234595 0.06364146787144
0.0162414388348787 0.262856921282412 0.0498836589282887 0.0756469678025818
-0.157489249037287 0.201066393238587 0.0165664317522367 0.0474766181449202
-0.232248338835927 0.0051619705007013 0.0090643836622847 0.047339918570213
-0.184348035135763 -0.165435120646303 0.0232442352384052 0.100076882749954
-0.0492170947093355 -0.134762118328413 0.0356934386126086 0.126277183796289
-0.0934065174291771 -0.102548948032244 0.0205547044612022 0.0678622779131901
-0.139067408725236 0.00121243752227567 -0.0233565819946657 0.0477762732887586
-0.104775469704105 0.106612238790045 -0.0149632237344655 0.0867966828586102
0.00377488707014657 0.135459108550996 0.0355285713307259 0.119732531969002
0.0788308060544439 0.0903321070761413 0.141030945596053 0.109920283236283
0.138042095212693 0.047600911922586 0.207803044362212 0.0394986041534674
0.15645029931476 0.00604526832313853 0.220648041385727 -0.00708652647595668
0.167774001370956 -0.00146291465140437 0.221590991510891 0.00573514057073777
0.156650021072405 0.0441825549938641 0.204023960748569 0.0370029220628925
0.125024467583735 0.104554451750158 0.136509553884865 0.0875514234007636
0.0118392907719491 0.193197662547983 0.0717347925196159 0.0933178952672177
-0.122334418389808 0.150822642464567 0.0325135515833383 0.0611548312167313
-0.17943479849126 -0.00151814981142868 0.0462553095186769 0.0644107643015838
-0.139795387284184 -0.132509700159704 0.0687250808080926 0.149932846691819
0.0802020768348672 0.0456665340625099 -0.149151292610771 -0.175862126111903
0.102599984523484 -0.0165734198490755 -0.125913396468194 -0.060853942289167
0.057973362529163 -0.0865526085744122 -0.04020450104917 -0.0400653037490985
-0.0214053461879445 -0.097725252874197 -0.061854840471159 -0.0926518482456034
-0.0645486259969882 -0.0500654299934373 -0.149991573065025 -0.110729020819691
-0.0662016358424245 -0.0151489998438837 -0.245729334687061 -0.0601550111476943
-0.0723778421849228 -0.00728196167465777 -0.27551194579324 0.0110324196315815
-0.0567023186776873 -0.0047070584305347 -0.26631078274965 0.028772377730319
-0.040061845450055 -0.0147646368064043 -0.251393059373331 -0.0401692955700684
-0.0213870211186803 -0.0293184413002253 -0.181848788065712 -0.11724841796662
-0.00133743920673723 -0.034161978333265 -0.0585935760184783 -0.165395281243768
0.0298252708056341 -0.0362015249546777 0.0401156118013114 -0.121425718284801
0.0535250218468632 0.0016636686821691 0.0668668822567727 -0.0592837053487014
0.0328582295377671 0.0562807144071894 0.0232228138459892 -0.0484849993483431
0.018383191948094 0.0842826254056517 -0.0209614297088778 -0.142779183766421
-0.00907543685748797 -0.0123077925375492 -0.131774852703557 -0.181665884959818
-0.00467888016534709 -0.000328332491788326 -0.106758851777868 -0.0712383451875992
-0.00497413319570225 0.00545593802700348 -0.0207876718281894 -0.069208032993771
-0.00411914584397318 0.0121208132657918 -0.0551878032624823 -0.123337563302905
0.0167075451260973 0.00720859630322674 -0.164595464037445 -0.131007066434749
0.0306424069278355 -0.001364231129004 -0.254813038256697 -0.0724273284608889
0.0451246020157151 -0.0217027944492307 -0.287433815099623 0.00506246683254691
0.0522619977721033 -0.0172635023196826 -0.262718807592108 0.0256503053466007
0.0650830677677084 -0.00519165275052139 -0.25038319140035 -0.0342772919429304
0.0502387702208797 0.0343187182858783 -0.181111292772538 -0.108727458436569
0.0183216174622789 0.0564700960093431 -0.0698430009614322 -0.1608193022724
-0.0292905763405124 0.0501462565834011 0.0306683514971956 -0.122774228881554
-0.0325432982369959 0.0231225122474991 0.0682604417670036 -0.0675963076077569
-0.0289888929948548 0.0117518266710796 0.0120894955928468 -0.047720251680667
-0.024361369172667 0.00549952346424447 -0.0431480099418519 -0.142214081998056
-0.0868003428246152 -0.0756178606663248 -0.0915420067021516 -0.162561300085867
-0.110317392388102 -0.00397573401327958 -0.062490059606855 -0.0694801115056109
-0.0838155043766301 0.0878841153559482 0.0182017449665822 -0.0906168054501458
-0.00562155113429651 0.129255711678902 -0.0257211029354833 -0.147836681684485
0.0884658380768488 0.0810203066779408 -0.150335176049713 -0.147173067111926
0.122520286219929 0.0260607845988151 -0.226790580696528 -0.0838621280744367
0.154126694081109 -0.0249172814787143 -0.255650196385942 -0.00513285378931145
0.153527473857988 -0.026376442901763 -0.218318343407519 0.0203433853021919
0.163151641152599 -0.00499082750849743 -0.21214392095199 -0.0169325903807743
0.126708212929022 0.0766535323262619 -0.15798240431503 -0.0746638787564168
0.0610373970810108 0.131298890311758 -0.0821683865386126 -0.123153861045113
-0.0547522787581746 0.147532017019841 -0.00114404910718519 -0.103452304269384
-0.106479650514878 0.0715018854519379 0.0417467699499447 -0.0717972001236509
-0.101169458213448 -0.0148690491519372 -0.010675676223243 -0.0443650148080224
-0.077185801367708 -0.0683541420998785 -0.0627690903292094 -0.117884695096689
-0.135959043325119 -0.134805644459484 -0.0413273289607188 -0.118806774932441
-0.190585959076755 -0.0325096980842721 -0.00899574809413411 -0.0483562607581803
-0.165531817388992 0.135179808910005 0.0622995055485823 -0.086897588494313
-0.0344624121297724 0.230339187661824 0.0186387647706486 -0.144662680769211
0.131742597325183 0.162377664367875 -0.105934061150333 -0.143915586842218
0.19028061175489 0.0673793570445868 -0.161442086936342 -0.0832603001923076
0.238280171464737 -0.012833217899778 -0.185513869049446 -0.0149227774252089
0.230809616269262 -0.0305796647269124 -0.140649467989653 0.0123511608203956
0.23984772940998 -0.0154679866100134 -0.139899623980682 0.00106197898902665
0.19863714541091 0.0907727575928705 -0.105265217991783 -0.0343253713029882
0.12131920361822 0.175369280678608 -0.0715038846908812 -0.0659344256255261
-0.0407696511220389 0.238018583490666 -0.0239567570234014 -0.0599499758606504
-0.155863481441789 0.139677201112561 0.00991365484975258 -0.0551177236910705
-0.174554104702062 -0.0170270182398862 -0.0328840067434018 -0.0285595431804379
-0.136610096210144 -0.126530323667882 -0.0697851996803338 -0.0696654096450549
-0.14878065751278 -0.177966134808515 0.00563582815090281 -0.055199325040076
-0.222426018727 -0.0767116203169946 0.0327807971602337 -0.0103840447092483
-0.22658528671456 0.133821658529796 0.0876000513245884 -0.0532088232341297
-0.0821746554126947 0.280760778719359 0.0563354080889747 -0.102360674490591
0.130923689676723 0.226150309862824 -0.0459527875641714 -0.105065239264645
0.217003687805698 0.109433171141309 -0.0713724999908587 -0.0590243455356299
0.282017574967042 0.00931389993527468 -0.0873450832433404 -0.0161460501599559
0.273415379668599 -0.0294175445254524 -0.0429620317945374 0.00305204010661571
0.28383615754566 -0.0291163648509339 -0.0438320851334986 0.00985883795963889
0.247385924881083 0.0802289180584099 -0.0260245797287807 -0.00294348227996082
0.176461809456065 0.183741212373988 -0.0277295273690543 -0.00890330044884851
-0.00335734761941009 0.294507892582156 -0.017239934750153 -0.00582285132486051
-0.174281205262757 0.201854792913194 -0.00488130975845926 -0.0197014498617565
-0.231602599069083 -0.000895828055485299 -0.0360980714239459 0.00212844235128731
-0.187480967750905 -0.163319609643044 -0.0554874130745647 -0.0073125802957449
-0.131110568320742 -0.193497414854046 0.0366174021349713 0.0163294169161418
-0.205457378010318 -0.112162804808532 0.0505050358887679 0.030920736690416
-0.241426774829177 0.0926925271470368 0.0768710109086767 -0.00685271103131368
-0.12392449689329 0.263383089771009 0.0621369274450187 -0.0337426198975491
0.0934242405193372 0.244804108544149 0.00495471445886566 -0.0334342595738227
0.200685308788296 0.132922488548843 0.0197121940212752 -0.00907310831926459
0.277609283358147 0.0300694281034518 0.0224445816124672 -0.00611440686114346
0.272935867991996 -0.0248507239912637 0.0609316311584452 -0.0060224948462346
0.285271289227121 -0.0377402348862328 0.0595934409928749 0.00757418454591435
0.257870499941198 0.0601551950426041 0.0646934773958998 0.0128704164409051
0.199610688474365 0.164374647832072 0.0362307616322136 0.0328647334686317
0.0301442105885647 0.301687879929201 0.0154170370278921 0.0391681886264465
-0.166645883144218 0.232236574083206 0.00483347838843486 0.0144307194764764
-0.256175542372182 0.0169600517901182 -0.013455263312053 0.0335566635234538
-0.213851549068455 -0.173528148271108 -0.0183436388750798 0.0595888185804297
-0.0976673084950489 -0.175662149448618 0.0494105318349556 0.0808642885044076
-0.157232835495086 -0.118954296610483 0.0459760476582763 0.0568549627179823
-0.206446772114998 0.044712876023748 0.0334679689258241 0.0257068130434294
-0.129045005472184 0.199081194002289 0.0301119412814319 0.0315374939044792
0.0479151694398681 0.210587182814176 0.0284854513012214 0.049936342713008
0.151503074377074 0.12454325566129 0.0937451122446848 0.0532033936131604
0.228342526543503 0.0396624939298584 0.124069152164053 0.011876472273785
0.233206407878343 -0.0156795041715297 0.154718188884867 -0.0145899294804663
0.245175401945552 -0.032568199813929 0.15538592567309 -0.00135766295377307
0.226480721154031 0.0443939707162936 0.148658318855222 0.0193657590928439
0.18266570831771 0.132832359434408 0.098593515516078 0.0612271087648443
0.0388021871712948 0.26461762314174 0.0520644924609037 0.0683472327847338
-0.144880068006298 0.216852463896556 0.0254998835567566 0.0389266850468335
-0.240835470566798 0.0214604804476535 0.0241479237658407 0.0572608026818981
-0.203867193033725 -0.161692645868794 0.0311017634794306 0.118758456798691
-0.0604876867572094 -0.129669148021614 0.0521934461126524 0.125600751520057
-0.10203286224983 -0.0937605952655059 0.0325859960092465 0.0634641462207656
-0.139087017616963 0.0160069790640848 -0.0184069582388939 0.0371597835696518
-0.0928847363993994 0.119815054441434 -0.0163960661602012 0.0769001321182265
0.017248458128861 0.136830068296687 0.034450600568857 0.11887938597997
0.0887456387630824 0.0844752918770224 0.143073581512878 0.106049572965146
0.14660250934205 0.0339074908784714 0.203416295088782 0.0294695083851247
0.157765248497566 -0.00559851958725549 0.225034294489993 -0.0204011891807531
0.168005308656145 -0.0162323984380911 0.229977569954738 -0.008537019535602
0.160726031685624 0.0326622436824605 0.21136844678066 0.026413334740997
0.132085446196384 0.0952885590999624 0.144701140679573 0.0828452690327638
0.0276763069497607 0.195050820380972 0.0772619741610233 0.0874168789188502
-0.113320123324281 0.163459803179232 0.0419349182634038 0.0542906734766818
-0.187705602642303 0.0113753255318138 0.0611081592557646 0.0714700580798504
-0.15615514472729 -0.129374109792402 0.0797103098662468 0.165655903040828
0.0827457040491411 0.0457545683887108 -0.154152938599599 -0.17914876374256
0.104887767836539 -0.0184340098372458 -0.128500634963942 -0.0614709550636303
0.05849556324432 -0.0893469763159352 -0.0412842958301983 -0.0408227249271958
-0.0228623565931729 -0.0997267289370839 -0.0644695358962034 -0.0945313184522561
-0.0666743059010814 -0.0500821269765283 -0.154830718717579 -0.111317424067718
-0.0678589015203986 -0.0146933877181401 -0.251569770818485 -0.0572973015207237
-0.0739682340016738 -0.00566387628475197 -0.281015093926776 0.0157656451213245
-0.0575492126315671 -0.00386981812106591 -0.271249455490495 0.0332786027501188
-0.0410948793045348 -0.0148149669683141 -0.256230757108149 -0.0380293423123091
-0.0224897120017855 -0.0299198982396612 -0.186172920019439 -0.116614898176537
-0.00180166634530615 -0.0349750947577404 -0.0611461548049067 -0.167969290383937
0.0295564279383647 -0.0377278837582449 0.039523707454802 -0.123989839335751
0.0548847994685558 0.00088253136819096 0.0667618537475001 -0.0604239776643544
0.0344426615544959 0.0569119595926615 0.0223021403009683 -0.0503204920982153
0.02011629283019 0.0856827943870265 -0.02346496906984 -0.14689001377283
-0.0093236891151928 -0.0123021496265943 -0.136045153498695 -0.185048162141181
-0.00478036378616096 -0.000758957217876523 -0.10977793080441 -0.0724246541308697
-0.00497865999050447 0.0055031559290761 -0.0221431918363504 -0.071522012237115
-0.00434847812113264 0.0124813097515495 -0.0580584150245766 -0.125567275497816
0.0171054514958395 0.00703884836363908 -0.169807898643534 -0.131588767222228
0.0311893650928565 -0.00204277319000602 -0.261586329009986 -0.0697284909194158
0.0447174501767352 -0.0233198080611548 -0.293104066904959 0.0102909395912139
0.0531158432396788 -0.0186006245813219 -0.267357666182667 0.0298001378414483
0.0662797286171428 -0.00586150340558607 -0.256097487952815 -0.0318025318751527
0.0520226462350476 0.0342966683899981 -0.186220399666389 -0.107737199457747
0.0190486196737119 0.0577928280300692 -0.0726556880326752 -0.163069140858337
-0.0297617705625673 0.0511726053781804 0.0298864719709515 -0.125188940744638
-0.0330002885387561 0.023513623784312 0.0683188677700533 -0.0692563112778303
-0.02970634312765 0.0117827692389073 0.0109178902693518 -0.0488023449132331
-0.0247170912640264 0.00572044323008252 -0.0460462042971119 -0.146530110220745
-0.0890857445530895 -0.0770151313125741 -0.0949106053221438 -0.166359910016742
-0.112464314621714 -0.00351718622557858 -0.0645813312313937 -0.0711105462053258
-0.0840319338858871 0.0900720879719919 0.0180787402689724 -0.0934663856859824
-0.00394800922970068 0.132577876383175 -0.0276016817704383 -0.151132204961355
0.0913662181135899 0.0815512255567372 -0.155423407524921 -0.148224898014322
0.125351146975109 0.0251692161447679 -0.233142100007018 -0.082062551823884
0.156677586769219 -0.0273276832159783 -0.261184537468277 -0.00161220192228512
0.156047373159263 -0.0291686795029831 -0.221827745941397 0.023585531741387
0.166062433517114 -0.00718845720000887 -0.216500725327553 -0.0142966296126257
0.130584085946407 0.0768901723219125 -0.161568943015399 -0.0739189654555243
0.0639749793600995 0.133679497467899 -0.0843771614943011 -0.123676058552814
-0.0544396577134899 0.151227869661635 -0.00220289397485823 -0.105064278250623
-0.10859773171712 0.0740295615964763 0.0411672244487645 -0.0733142690401886
-0.103314034100651 -0.014770855233877 -0.0128608278000237 -0.0456948807065859
-0.0799469037095828 -0.06988066677032 -0.0657583229863865 -0.120540005404088
-0.140020619043781 -0.137678374408054 -0.0428069774022153 -0.121187376525665
-0.194488495389163 -0.0314869540426128 -0.00978817879087371 -0.0500845279140252
-0.167988714131652 0.13992282389938 0.0631601081185065 -0.0904040953129054
-0.0319826159092373 0.236092901575885 0.0174416952934264 -0.148598356506728
0.136461331799477 0.163976097232967 -0.110205312683709 -0.14562909920933
0.195280929853222 0.0662589864758141 -0.166602312264867 -0.0823322112068806
0.242555500720809 -0.0159566070915957 -0.189141449246483 -0.0121243699426147
0.234563085315448 -0.0340226198575605 -0.143612159792065 0.0135983507177362
0.244752653535352 -0.0186846350780226 -0.142114116947561 0.00263549594190292
0.203503422841776 0.0902721947913547 -0.107239653788962 -0.0336628332632819
0.126049738568512 0.17776057929148 -0.0731726175201099 -0.0655432076452344
-0.038630869619408 0.243380772375443 -0.0252333446985591 -0.0601665201148412
-0.158396828168011 0.143749285733054 0.00822292225147797 -0.0554703987410793
-0.178551615717268 -0.0162767737885847 -0.0350938999718664 -0.0283734250923886
-0.140917389949723 -0.128606908337588 -0.0726377645749579 -0.0710808002815597
-0.153958527944448 -0.181841508287278 0.00551683501599076 -0.05641894920589
-0.228685997459233 -0.076253738010706 0.0340612990704117 -0.0111426922838425
-0.230428274284594 0.139346921005805 0.0893748485511502 -0.0554832971723108
-0.0796887592445382 0.287936183033622 0.0565769743092154 -0.105832076365323
0.135976697543297 0.229151727026229 -0.0481978674959556 -0.10689397600901
0.223455862095641 0.108585482672473 -0.0742524491874292 -0.0598219115930268
0.287585139363619 0.00596018228299504 -0.0880903506672502 -0.0154934565515465
0.277709477173053 -0.0341930332125028 -0.0435851172541879 0.00345853799288872
0.288756923911683 -0.0331809667254 -0.044248330753913 0.0104615680092552
0.253844071319277 0.0784632443783877 -0.0264843757623988 -0.00250185825086012
0.181711021282227 0.18526693053688 -0.0280858286630093 -0.00831414810293765
0.000826834982114293 0.300449933207281 -0.0172621292397354 -0.00479598684107093
-0.175996676303151 0.208097824390971 -0.00595815642409117 -0.0199119736777957
-0.237126965606395 0.000711782431688901 -0.0376446997461441 0.00216728083988967
-0.193842722948153 -0.165693293101115 -0.0571532084685759 -0.0065672842795751
-0.136210522977945 -0.197296377071046 0.0377262904941753 0.0165978135245986
-0.210989290995116 -0.112813351434312 0.0529820380770234 0.0308195913905642
-0.246216408001591 0.0975607049372448 0.0789389318577833 -0.00833651747234158
-0.123554012344003 0.271340693999937 0.0634233590457874 -0.0365362700660795
0.0983885949120692 0.249465473071456 0.00445189506472129 -0.0345215744130741
0.206357183230958 0.133291518704704 0.0199450238465 -0.010316786196964
0.283330142203445 0.0266096990761162 0.0232740806209256 -0.0065379166200255
0.277789146822776 -0.0296266284253666 0.0618191255437557 -0.00748453182689659
0.29046254910206 -0.0421197932781575 0.0611473724424975 0.00645955189519449
0.263724049599632 0.0578911461992516 0.0662220985578936 0.0117689445511207
0.205580455734514 0.165801631782295 0.0380475364847533 0.0338076247985842
0.0346801656909352 0.308654604160103 0.0168311597369398 0.0401754003627315
-0.166994591509675 0.238828423072624 0.00493348037740765 0.0152216240383738
-0.261053145885626 0.0198061787086373 -0.0141049246416871 0.0347029135293177
-0.221216297045822 -0.175371370350273 -0.0181473752869354 0.0612870972420819
-0.101939873504378 -0.180158266998153 0.0517187738394107 0.082829242211996
-0.161965325889416 -0.120605500856072 0.0483883170881398 0.0578984074500317
-0.210564245940801 0.0480879147833015 0.0355715396957956 0.0258936188598973
-0.129812500853014 0.205070050510096 0.0314033642397689 0.0309273525078787
0.0518469798765206 0.214818342199555 0.0290545853787968 0.0498988227017677
0.155800994250003 0.125590646905276 0.0958070487968635 0.0526044242258848
0.233129884760728 0.0373376527367934 0.127235727821945 0.0107689159816369
0.23717153086706 -0.01944787404545 0.157888035050621 -0.0166940309775322
0.249308447694809 -0.036416835804528 0.158503451850522 -0.00390852047207237
0.231277416992444 0.0421672676815256 0.152301182889077 0.0174209573157635
0.187402991750746 0.133551329952348 0.101708924152147 0.061543942428761
0.0433873306915912 0.269966399855547 0.0543615529281689 0.0696394122139352
-0.145821977587678 0.223479567110473 0.0261214196711789 0.0398559919731319
-0.245535222553415 0.0243800554896913 0.0249576928969888 0.0582450030722568
-0.210508959576991 -0.163270742412267 0.0329694055665838 0.122001436594021
-0.0636168484887648 -0.13297484476307 0.0547905080559929 0.12856195579255
-0.105931789728066 -0.0947054819241854 0.0354712139303294 0.0647471199965294
-0.141901914667085 0.0181983254208569 -0.0173660164905008 0.0382088556375457
-0.0934679006531268 0.124387223136005 -0.0157545444185814 0.0779243768543846
0.0196096565532121 0.139960794635388 0.0357258231912908 0.120858406118546
0.0916089870477654 0.0849899000501157 0.147251458234027 0.106210570092226
0.149828650359565 0.0324689483085048 0.207542419983016 0.0270426101141021
0.160958121019523 -0.00783768569065588 0.229097670777462 -0.0242932065168044
0.171011564533487 -0.0195553191335335 0.234207384376897 -0.0124597433401021
0.164509523339365 0.0309971847193326 0.216567240668343 0.0238038850958538
0.136253473917237 0.09532709817984 0.148975451516907 0.0829319016801555
0.0311012231057116 0.198720158839979 0.0806705647471488 0.0892901475078848
-0.113946155375963 0.168049492338589 0.0429605418292923 0.0559229961130615
-0.191591527838732 0.0134457096545392 0.062668996173246 0.0730945663835354
-0.161261662170987 -0.130483740427653 0.0830913197927989 0.1689696288071
0.0850248054097832 0.0461781360046995 -0.159426797043664 -0.181738500137138
0.107144898008615 -0.0199684928578075 -0.131735121165675 -0.0614986017343242
0.0586022198121672 -0.092055789288526 -0.0425330699614775 -0.0423953325826048
-0.0246144624906863 -0.101834924506562 -0.0676572430273727 -0.0963421743152714
-0.0685801787682088 -0.050272011411995 -0.159555434995269 -0.111231517644045
-0.0693941685621551 -0.0139609118213711 -0.257646802317943 -0.054001350138678
-0.0755809586156173 -0.00444872994896181 -0.286877096286995 0.0206272608681418
-0.0589841912623366 -0.00329859428323586 -0.27599701978086 0.0380241929750174
-0.0420116594091221 -0.0142964071914685 -0.261923903202018 -0.0348805164188895
-0.0234736973535673 -0.0303458178934069 -0.19149510752274 -0.115953139181262
-0.00245297144731834 -0.0359698644399491 -0.0648625579120656 -0.17039846249682
0.0292794886874121 -0.0389767066569748 0.0386268273818851 -0.126405702237238
0.0560194082774462 -0.000715526874295767 0.0665601519986441 -0.061663626442596
0.0359597638485598 0.057339848544522 0.0213662592514439 -0.0519394210647402
0.0222291267682187 0.0875537434170417 -0.0265342288706579 -0.151295201332134
-0.0100434147631329 -0.0128584347531195 -0.14082312644499 -0.188632838209552
-0.00419189163160531 -0.00133682568239105 -0.112697604893544 -0.0726843257817544
-0.00485860753117423 0.0056677153677857 -0.0228504425232882 -0.0726012574152357
-0.00418609082850609 0.0125818393248053 -0.0610466301159355 -0.128253882500781
0.0174616164023532 0.00695206015112632 -0.17524844681686 -0.132499923970543
0.0323036924704042 -0.00261552476101602 -0.268631672072144 -0.066849499642905
0.0455869567698434 -0.0241470895491141 -0.299052323681217 0.0145706061193279
0.0538058962011605 -0.019299705071437 -0.27169106982977 0.0348458109500688
0.0674358899884468 -0.00685910939924402 -0.26125425066275 -0.0277830819855164
0.0531261944897567 0.0343839594577903 -0.190443673707054 -0.107237665284346
0.0200242415711476 0.0585134607885092 -0.0756484060342664 -0.164841556848654
-0.0300260206423251 0.0526092530511836 0.0293043777415686 -0.127456018376816
-0.033436078348299 0.0242331652820295 0.068262853136573 -0.0714012955930806
-0.0297575919090503 0.0120227677645702 0.00966807474234781 -0.0509270867329409
-0.0251309791968372 0.00576281096909168 -0.0493423457698867 -0.150348547423771
-0.092173598482193 -0.0780845337386005 -0.0987005450408589 -0.169442885075529
-0.114521877641017 -0.00275123495402102 -0.066621016967094 -0.0720557528063868
-0.0849346218975817 0.0926769103650088 0.0172886289490438 -0.0962636673107882
-0.00241503944354556 0.135130293097933 -0.030824936575716 -0.15417753377221
0.0947133079530833 0.0816972166163175 -0.161483069786113 -0.148690652500915
0.128356238850216 0.0234461009006254 -0.239335816482447 -0.0794372664464386
0.158922332037921 -0.0300366730914925 -0.265657410714814 0.00289475355636493
0.158441323634175 -0.0321494818776625 -0.225564610065527 0.0277457093116327
0.169047562026112 -0.00952498135544456 -0.220755104938106 -0.0114503643617845
0.133864121985089 0.0768310837435869 -0.165210138937068 -0.0731934999625151
0.0665762973574629 0.135702512791275 -0.087599617151014 -0.124824249251822
-0.0538057759009745 0.155625030655839 -0.00309310087868298 -0.106415498591619
-0.110408645436016 0.0764213808829196 0.040593832803987 -0.0750187703677305
-0.105801668702381 -0.0142870462410259 -0.0146197172785415 -0.0467147573225541
-0.0828544786783962 -0.0705331850902382 -0.0694259756494817 -0.12335995547036
-0.144651547946488 -0.139716783996797 -0.0445830827616416 -0.124105320799608
-0.198553923703743 -0.030322022193206 -0.0110073764644041 -0.0515028645058093
-0.16941567408083 0.145909339802988 0.063986638915752 -0.0932375626202957
-0.0291175097462069 0.242041597882738 0.0162311487808653 -0.152590225663595
0.141440685071543 0.16486035492164 -0.115023217020044 -0.146489867955827
0.20039138197508 0.0649671838629233 -0.171049814329637 -0.0815925098877204
0.246945638420211 -0.019918485174722 -0.192248385367324 -0.00944359901331303
0.23878936190242 -0.039269596941806 -0.146271904565048 0.0164574203537124
0.248169768228846 -0.0228860624672196 -0.144419504655328 0.00527572687849337
0.208938220394324 0.0887776728269706 -0.109433707895686 -0.0322643310056205
0.130858624940409 0.180238160354475 -0.0746288637080241 -0.0649280426808333
-0.0371403405310403 0.249470697488584 -0.025466578492296 -0.0601786837765895
-0.159833635573896 0.148840510665866 0.00730244661764461 -0.0569396911482284
-0.183529147215971 -0.0148102903096646 -0.036937956559536 -0.0287272332605751
-0.146067738194009 -0.130496915822361 -0.0757968302929728 -0.072410594585095
-0.159589133471586 -0.185019531639927 0.00499407613978753 -0.0575154617612711
-0.234889712469024 -0.0760076214966586 0.0348181968258574 -0.0117275983573312
-0.23397671333521 0.145438240619977 0.0915099882802961 -0.0583217534031736
-0.0779990405684165 0.295774280042999 0.0565326299762729 -0.109781133122001
0.141728755147934 0.231661616900542 -0.0506200535452926 -0.108172858475785
0.229648871232748 0.107891232714185 -0.0768041387069476 -0.0598945006813342
0.293135751232693 0.00181404632402665 -0.0900711571639325 -0.0141162808317529
0.282593038880282 -0.0400269743603098 -0.0444468938466548 0.00441361258269788
0.293163053346245 -0.038200831948974 -0.0444277945868845 0.0115475658894571
0.259536271731701 0.0761796196396345 -0.0265574682628433 -0.00221385591835798
0.188190306822922 0.186590067247646 -0.0285146376488758 -0.00743063241028858
0.0041319499822815 0.30746372041911 -0.0173082313150223 -0.00402378338485669
-0.177404778950163 0.214163118527949 -0.00668742854234973 -0.0202339271676502
-0.242486010925308 0.00317738743131204 -0.0393277082759966 0.00315578322916951
-0.200545584586661 -0.167360042780231 -0.059110045874329 -0.00620935038484445
-0.141781337931679 -0.201662908848904 0.0391054758228934 0.0172519822471456
-0.217702346702506 -0.11351255904327 0.0551521951248214 0.0306761003317388
-0.250459610872841 0.103128191295805 0.0819231371527582 -0.0097925632643131
-0.122576794295913 0.279272131475224 0.064422030055418 -0.0383356851502314
0.103943864853545 0.253047203975929 0.00341043335379826 -0.035510051305439
0.212608994197921 0.133083549515167 0.0197019420894731 -0.0113209259611997
0.289011389708583 0.0227119309671272 0.0240163947428703 -0.00677729955966958
0.283083275798789 -0.0350275818640543 0.0627611901899355 -0.00845308322610663
0.294983312629367 -0.0476864926127302 0.0626059702327359 0.00565211069937565
0.269889681722047 0.0548043756945626 0.0677387272659884 0.0107068659778976
0.211884066961427 0.165628134199087 0.039493235146638 0.0343945336115948
0.0396404421281721 0.313947148189985 0.0180681846245472 0.0418171657397623
-0.167885599069533 0.246520715477826 0.00502299604510677 0.0161037645618524
-0.266366079028246 0.0232385994317467 -0.0148455912139052 0.0357977310948668
-0.228547728051909 -0.177137923431345 -0.0181657715705392 0.0632103164940754
-0.106602133952584 -0.183885971622727 0.0542704470390251 0.0849495597056248
-0.168074582817106 -0.121282743639289 0.0512133797550838 0.0588488474120682
-0.215417381021512 0.0522592715464559 0.0376907217162945 0.0254211469095002
-0.130019846292937 0.211891317656546 0.0332838943921395 0.0304955440417828
0.0558613590425555 0.218712555688072 0.0302284877144853 0.0502025093836751
0.160960015879014 0.126228423655793 0.0983455139776297 0.0514649419656469
0.238205613345479 0.0340293525890984 0.129700841842166 0.00871626020963533
0.241607418382858 -0.0239602836326232 0.159953568453891 -0.0192889761987466
0.25335517084377 -0.0409751627735686 0.161847271881226 -0.00628558196751453
0.23675451243623 0.0392964086515084 0.155216311863948 0.0151049209019958
0.193311233772926 0.133685352050088 0.105281602270468 0.0615047955991891
0.04789617017908 0.274960506580862 0.0568152026608997 0.0711278083699263
-0.145504441578426 0.229549174630793 0.026463739650189 0.0407753047504177
-0.250825453654957 0.0272719387572542 0.0253592255676724 0.060088084497147
-0.217322581859065 -0.164578970896054 0.0352195146780562 0.124582061588384
-0.0671682679510823 -0.13567907898547 0.058257663972204 0.132350009699254
-0.110087707701049 -0.0954787831633559 0.0379661030861682 0.0659958160872634
-0.145655702665435 0.0212833164104271 -0.0160953628704528 0.0391191088125451
-0.0933118517032537 0.129069825885744 -0.0145521909455801 0.0787537307612069
0.0223813691402129 0.142404917468244 0.0375852122779256 0.122487450416073
0.0946442818052018 0.0856826249247479 0.15164393438727 0.105377287094063
0.153174212229411 0.0305701279692069 0.21162195927069 0.024539483317459
0.164137940312414 -0.0109719726309985 0.233028173005033 -0.0278391800608361
0.174450718533874 -0.0221911459420118 0.238859171141186 -0.0161526774205199
0.168095880870778 0.029400510919443 0.221155561958535 0.0201825021053253
0.139944012980901 0.0952708038868163 0.154065185497385 0.0827445514661359
0.034993718823997 0.202455073784193 0.0839241561710013 0.0906654105657948
-0.113725856898061 0.173526249495817 0.044474149462074 0.0571479293911869
-0.195624141216092 0.0160153014534542 0.0641168097432762 0.0742233644130466
-0.16669616907647 -0.131884132398798 0.086301502838482 0.172678194622524
0.0873086187550384 0.0460911479940448 -0.165339449386604 -0.184579837741271
0.109209110681823 -0.0221733075847998 -0.135139896528817 -0.0606888099482353
0.0585761139845502 -0.094979564530508 -0.0438757113110036 -0.0434050447999014
-0.0269053166409801 -0.103799600818183 -0.0706559659004214 -0.0976788498047864
-0.071002427195167 -0.0500065041026379 -0.165331286887123 -0.110961152357752
-0.0711317775059638 -0.0131054113794731 -0.264047585151953 -0.0494293026736771
-0.0770976528566003 -0.00317220407873125 -0.291533334986409 0.0265390752330069
-0.060355349892378 -0.00202914184935588 -0.280692070303128 0.0440090842611533
-0.0432391269390818 -0.0138933963617045 -0.267625860002162 -0.0305018489449944
-0.0244904701168011 -0.0302608661967112 -0.196445223774144 -0.113867747991634
-0.00316752473418985 -0.0365876984800212 -0.0677022858709781 -0.172703872440926
0.0288383239393259 -0.0405726739519695 0.0376974141356834 -0.129126731933606
0.0570227498583262 -0.00210302458638981 0.0662964662872994 -0.0635128130251232
0.0380025113511989 0.0578533560988849 0.019807601566094 -0.0538825377979297
0.0243813401238833 0.0891656240281514 -0.0301018774168651 -0.155508919673706
-0.0103013813651594 -0.0134056289589252 -0.146699512480354 -0.191774110852744
-0.00407506809048473 -0.000937242154772519 -0.11564512307835 -0.0729924584235579
-0.00460053685952701 0.00542039656813688 -0.0245254590794644 -0.0746203898429779
-0.00442059965983 0.0128216178491123 -0.0647100828190167 -0.130491055467167
0.0174208394235567 0.00709735586179891 -0.181334621800019 -0.131294803388147
0.0326422009456926 -0.00326904768487481 -0.275033536068831 -0.0633784532060867
0.0455696680579387 -0.0252638993679244 -0.303688108648993 0.0203960774106017
0.0540934379851055 -0.0207849243841376 -0.276659080545176 0.0401972589263456
0.0686117056850382 -0.00841363468389442 -0.266500824513758 -0.0237389137018759
0.0545885700328488 0.0345129245888556 -0.195437276351027 -0.105977027499651
0.021238969446593 0.0596528067049767 -0.0794101135035053 -0.166476070499797
-0.030068399492587 0.0547203809191945 0.0277076974122062 -0.12964739624428
-0.0342215405172537 0.0246263798087628 0.0678488095079797 -0.0731001854255393
-0.0303250807726568 0.0123962021716751 0.00819171912613255 -0.0523603290197283
-0.025786141795347 0.00610321681305597 -0.0538435973132752 -0.154078440291924
-0.095264484467964 -0.0792786461522385 -0.102818272633629 -0.172703765759786
-0.116749497796494 -0.00126793497127221 -0.0690687659170852 -0.0728815337939727
-0.0851876509931973 0.0957584031838774 0.0162284881579574 -0.0993055586127013
0.00024424253755703 0.138205838850902 -0.0343110145040966 -0.157246379623386
0.0974395880765587 0.0815017709206328 -0.167138916717139 -0.148918594888781
0.131309901073777 0.0214220773651409 -0.245875610000031 -0.0767472954494237
0.161147434233553 -0.0339252956534864 -0.270516979131016 0.00775582014690199
0.160624404691505 -0.0356099692208642 -0.22971533118668 0.0321942321606122
0.172071997969448 -0.0126538422150477 -0.225291692363283 -0.00734053792231047
0.137333448098236 0.0760986156519148 -0.169509769830813 -0.0712258407662039
0.0697439467762791 0.137562540386671 -0.090879365506486 -0.12562782899448
-0.0530706253027974 0.160211956765256 -0.00460617002967723 -0.107757178035581
-0.11195443773819 0.0797646779638369 0.0393645428427515 -0.0769509597702486
-0.108446833512466 -0.0135189206745569 -0.0164981584463078 -0.0477180228182852
-0.0859895598260401 -0.0715387610693099 -0.0737651156066977 -0.125874595819106
-0.149857859025639 -0.141901933284535 -0.0473113518487345 -0.12665333261874
-0.203743809463537 -0.028554311019221 -0.0114340908625271 -0.0525433607497667
-0.171124394600676 0.150577381855264 0.0642842489020534 -0.096198975460025
-0.0262389210451807 0.247721108934814 0.0142113416539065 -0.156561769963039
0.146603899946908 0.165829438907356 -0.120209906520586 -0.147390224910073
0.204963609161541 0.0625617389653307 -0.176147426751619 -0.0803031488270116
0.250928050853524 -0.0245530780107641 -0.195741371277513 -0.00586071873326438
0.242236730525595 -0.0444061832955765 -0.148549140533532 0.0199681664054458
0.252997243234694 -0.0273076566034831 -0.146646895466901 0.00804035866028461
0.214263307017643 0.0872309360402975 -0.111953947092454 -0.0308968867760201
0.135697223699226 0.181306574312898 -0.0771560231808116 -0.0646514583505533
-0.0335021495346374 0.255052600009528 -0.0268925911419289 -0.0604228865713519
-0.161395547159802 0.154079080219917 0.00593255127444538 -0.057838259295924
-0.187370134959336 -0.0130511927593154 -0.0393497655581637 -0.0286847617436814
-0.15198153176705 -0.132216313643958 -0.0788370570480052 -0.0731699068587671
-0.16582120913771 -0.188276045875473 0.00495013856094767 -0.0592094097998962
-0.241076425617254 -0.0749063630985687 0.0356074278498505 -0.0128345486741756
-0.237109679480293 0.151489554500253 0.0933883300059158 -0.0617551881082215
-0.0747909067016326 0.303783497024977 0.0564427228352823 -0.113223252940527
0.1482032157232 0.234428336247471 -0.0536637224699292 -0.109714873804161
0.235514562563795 0.106731439995312 -0.0798578676468403 -0.0602149496717307
0.298409484196375 -0.00355983431098085 -0.0910888218673219 -0.0126496853590271
0.287098768263266 -0.0461437537610279 -0.0458818080992979 0.00519409307328405
0.297905524265777 -0.0441512641057036 -0.0447419736017951 0.0123422816917928
0.265604443299827 0.0730029657387684 -0.0266448118744179 -0.00185003120920103
0.194132167654401 0.187382219738419 -0.0283788286450123 -0.00625966130709391
0.00941362288097209 0.313543176661389 -0.0169147307583708 -0.00339466440795008
-0.177777364056299 0.221686821178906 -0.0074567348073609 -0.0202400633761112
-0.247629774952318 0.00654152491552264 -0.0411549904340964 0.0039374266698094
-0.208264301213371 -0.16879260601818 -0.0605081706778704 -0.00571677069324996
-0.14832521988869 -0.204936748266101 0.0408896091867079 0.017656411283833
-0.224352726735242 -0.112941441600619 0.0571595574781774 0.0300848720355038
-0.254724609364425 0.108893920777707 0.0840406552345126 -0.0112344008130338
-0.120628650535674 0.288443408277341 0.0655565458035294 -0.0412473630146419
0.10957038402858 0.256669207016916 0.00266539102056141 -0.0361409586255315
0.219025663051751 0.132423055126267 0.0193487588307793 -0.0123227266220812
0.294865407065129 0.0176206468290491 0.0244705878269778 -0.00756107623309721
0.287606116127276 -0.0406363813460485 0.06388731813916 -0.00981963555354957
0.29973780931396 -0.05387930506707 0.0643533701186138 0.00450413689382334
0.275886949947485 0.0509795122802175 0.0693527417268939 0.00984090173477037
0.218604821519049 0.165695722316883 0.0415422323585217 0.0350076171887672
0.04610081292259 0.320054517104322 0.0193445859312829 0.0426809855876366
-0.167784654989597 0.254179169401407 0.00498180048000841 0.0165255494052676
-0.27229636247424 0.0274862824273814 -0.0152391126676222 0.0375687263334044
-0.236842828137365 -0.177708479842281 -0.0176936375776348 0.0651081385783823
-0.112096896471418 -0.187498253039138 0.0572803058608585 0.087202995888742
-0.17414618038922 -0.121368129105495 0.0542929278343446 0.0589589467638849
-0.219632720726564 0.0569181052606987 0.0398969249592591 0.0248233115907751
-0.129550297963748 0.21892760931048 0.0342530612997599 0.0299413263857779
0.0603206565861894 0.222528676000276 0.0310867611009296 0.0505220946915267
0.166353448566199 0.125726981926922 0.100408829231594 0.0504837898503293
0.243265274907732 0.030877608072467 0.132883297807273 0.00626903131316327
0.245835220703144 -0.0291714531120947 0.162813982599597 -0.022246942072753
0.257105335936184 -0.0461934066358262 0.165169633885633 -0.00953766819524505
0.24208576698181 0.0358859965536949 0.158383940645099 0.0124362485624178
0.19919412368215 0.132841064782466 0.109287677157041 0.0613495094435798
0.0537182525901356 0.279802161111097 0.0603038502330532 0.0722889705404349
-0.14548098507891 0.236865382010782 0.0277979337711812 0.0414543645344337
-0.255342387843224 0.0319236094107229 0.0266992653335954 0.0612853411212067
-0.225406023089668 -0.165475959825266 0.0376743298807466 0.12719788128627
-0.0713199937479423 -0.139059440229238 0.0624529814159133 0.13650024977349
-0.114539922595932 -0.0959992283241464 0.0407677584968007 0.0671302903381369
-0.148377220827864 0.0241597696592023 -0.014766602460314 0.0396380000339132
-0.0936789184952444 0.13318427593291 -0.0136930057970294 0.0797966799083233
0.0257793890398175 0.145003886613486 0.0393152546720315 0.123935321656925
0.0979226943415656 0.0861834502404479 0.155793920126449 0.104676066002724
0.156288277144412 0.0288618434116924 0.21643300003629 0.0210945517507623
0.167135429994186 -0.0147931753474476 0.236875005893832 -0.0328537460481462
0.176657903194641 -0.0258418310584807 0.243332897908607 -0.0209277152389569
0.172269479018446 0.026381365081246 0.225577175874972 0.0163240294090784
0.144032549716349 0.095096305976417 0.159181278919168 0.0818316722316573
0.0395915662284747 0.20629120201184 0.0877308751020411 0.0913552244903568
-0.112937308553702 0.178822542595466 0.0457419186850032 0.0579717109132332
-0.199263587409123 0.0192888768519239 0.0662318288567388 0.0752957171776416
-0.173130058311799 -0.132115505908499 0.0909183513271214 0.175954790419879
0.0898849721114751 0.0455634714216916 -0.171871876630079 -0.186391330952104
0.111088884227588 -0.0247021775753814 -0.138712370854861 -0.0604738023156787
0.0578481645362327 -0.0979626426488532 -0.0457096763307251 -0.0447265290930103
-0.0292621009357539 -0.105250557352061 -0.0746414885347286 -0.0986182566937941
-0.072919017968347 -0.0496269611284456 -0.171288712780698 -0.110168719147196
-0.0727757338159331 -0.0118153988295114 -0.26972304270984 -0.0452949058244369
-0.0783535640493323 -0.0011429950370042 -0.296779649393802 0.0334053100243864
-0.061517979550695 -0.000405073623327883 -0.283916341867533 0.0503518019047359
-0.0440865002982616 -0.0133619348853911 -0.272413496971715 -0.026400619257584
-0.0256656391976229 -0.0305684723264822 -0.201857807073575 -0.112705366552826
-0.00467728304907313 -0.0373222553936572 -0.0723109231964669 -0.174806074912828
0.0281158764778602 -0.0424911941277985 0.0357503915989902 -0.131677772094486
0.0580350109432845 -0.00374958887492367 0.0660763577830338 -0.0650732652158386
0.0401607594241865 0.0583238226604734 0.0184853601616673 -0.0554860850313164
0.0265734263995523 0.0906336270504347 -0.0342618358199681 -0.15898587173602
-0.0109746429161372 -0.0136902371956965 -0.152935624352368 -0.194652221566459
-0.00386540445853473 -0.00132967930836088 -0.119308068595411 -0.072428803624874
-0.00453235561751834 0.00547505283237274 -0.0268828109181368 -0.0767924018967352
-0.0035577527027086 0.0134887068776886 -0.0686575210302906 -0.13255210243266
0.018077764102396 0.00643955268224208 -0.18792775597446 -0.130360689498993
0.0332014484543424 -0.00446019266983533 -0.281710021118496 -0.0582227958673069
0.0458631138261636 -0.0265335016942735 -0.308554620598707 0.0275362959276204
0.054463831906003 -0.0222504005798941 -0.280472312420166 0.0464216519113179
0.0696566273536699 -0.00964959126843297 -0.2717000584408 -0.0191529377345787
0.055936309040096 0.0341752120876408 -0.200517930695664 -0.103558108622618
0.0224933687236301 0.060428495932317 -0.0834154713364119 -0.168051485765546
-0.0300352592996882 0.0560797324455973 0.0264032614066853 -0.132134229305881
-0.0346578652866755 0.0251234326230477 0.0670034298739874 -0.0752704657312597
-0.0305090436738313 0.012567832258592 0.00619150963805335 -0.0536781066844207
-0.026211772031676 0.00624589520727179 -0.0578655982780631 -0.156653595103497
-0.0986776258376466 -0.0798500270411603 -0.10754395605589 -0.174792506080083
-0.118708064778962 0.000229291545552816 -0.0719548936308372 -0.0735908131122156
-0.0850878413674897 0.0989893623149879 0.0152882991787578 -0.101792384966055
0.00255895783314481 0.141391000172052 -0.0375627111357338 -0.160362480843749
0.100713777425058 0.081154113750339 -0.17316072832145 -0.148752055925952
0.134270306653016 0.0196090504817053 -0.251854075201458 -0.0735990011541411
0.163631760625959 -0.037291778375024 -0.274636616848747 0.0135286744391871
0.161985991228533 -0.0397232928942078 -0.232915538825855 0.0372361325469075
0.174649815741645 -0.0158948891712819 -0.22865315753091 -0.00313242744753163
0.141203239947428 0.0751192061936116 -0.173485221695364 -0.0692672815880761
0.0736638765913776 0.13869028067922 -0.0943923237039623 -0.12579005321218
-0.051032707152594 0.164350185896013 -0.00633401866811427 -0.108874583016321
-0.112815271941082 0.0830957962147502 0.0383136851067626 -0.0787087969281297
-0.111031103857241 -0.0123599932695263 -0.0187139442191083 -0.0485743223661946
-0.0892074262005659 -0.0722124697618345 -0.0779884800834153 -0.127692480281239
-0.155754282624942 -0.142861655175451 -0.0502853109108062 -0.129020635026624
-0.208230100556318 -0.0257763762585085 -0.012366565037406 -0.0535782797183973
-0.172337083094291 0.156195007379586 0.063881823819447 -0.0997264782881971
-0.021542876089061 0.253611925944471 0.0112252484723301 -0.160066522896708
0.15205211800098 0.166373552485039 -0.12446812634396 -0.147958995935934
0.209942525892018 0.0598168329384727 -0.181466195889135 -0.0787381335133201
0.255058712298977 -0.0305228998103383 -0.198477793569266 -0.00232842659430427
0.245377182114814 -0.0501997056152876 -0.150851061817877 0.0224520593825141
0.256089873146853 -0.0322424030415114 -0.14887795983973 0.0112201748336349
0.21923832601596 0.0847909126227768 -0.113826402472814 -0.0295045658546566
0.141849051925957 0.182869654090182 -0.0788496827118137 -0.0644662190737103
-0.0296501765786812 0.261546241507408 -0.0278867321695139 -0.0602652031919162
-0.162233400235816 0.160157194574393 0.00466212809719273 -0.0588639295267419
-0.191680755817618 -0.0103935657633696 -0.0411210161229668 -0.0286600984382786
-0.15772609124214 -0.132825184365372 -0.0824514423633782 -0.0733464171918417
-0.1726490804461 -0.189884380997088 0.00406397459635493 -0.0605017046625464
-0.2475083446931 -0.0727246912141173 0.0361145049420302 -0.0141047970223849
-0.239144068518741 0.158547914420911 0.0942797533470032 -0.0644489111807841
-0.0702947504379079 0.311131823735869 0.0554626471694813 -0.117671309416234
0.155454698697721 0.235941005089689 -0.0571392522182631 -0.110834969419272
0.242486345739481 0.104087719699208 -0.0831740133626696 -0.0602319829814804
0.303520495607254 -0.00990896394673413 -0.092328324461204 -0.0109966437871479
0.29135123257787 -0.0528501043779828 -0.0461754757607602 0.00598051074964625
0.301825091353657 -0.0507395441463829 -0.0451121508939559 0.0140000049868777
0.271948820752 0.069620940262536 -0.0273345134480505 -0.0015200107298022
0.201478496640127 0.187735764517467 -0.0285524716781586 -0.00542225079003116
0.0154361457297604 0.319644738837287 -0.0169256351404154 -0.00219009529040802
-0.17751157317273 0.22893078906065 -0.00846330235749073 -0.0203087224337529
-0.253170576421846 0.0105052692401455 -0.0424135960756875 0.00490551919637414
-0.215841716803573 -0.16945773398495 -0.0624373690260511 -0.00431116430683914
-0.155208879718797 -0.208059380832881 0.0424694846304758 0.0172840639857891
-0.23220825081172 -0.11173674622829 0.0594191050927515 0.0300430341623292
-0.257761748590654 0.115751581197829 0.0862747986745513 -0.0134830123939682
-0.117631816670062 0.296234250043104 0.0661680977652954 -0.0439533219592863
0.116663142809624 0.25963802919904 0.00144307362960464 -0.0370584179642407
0.225605061443546 0.13103671942784 0.0192415944429111 -0.0131379940165043
0.300043297182153 0.0120671430986494 0.0256308770456634 -0.00815166321090362
0.291979371125337 -0.0473574812934123 0.0647926332619936 -0.0113884015250465
0.30357245319618 -0.0598272267207449 0.0662510635925477 0.00364242730261882
0.282129700235405 0.0468926431156854 0.0711972282703572 0.00825885540179378
0.225620099315006 0.164640294977387 0.0435793683695576 0.0350724718776004
0.0527695282642465 0.325649952895711 0.0209511673061364 0.0436709585021417
-0.166567114672169 0.261790394730574 0.00449669733384277 0.0171928062389293
-0.277598149045368 0.0324602464263737 -0.0153718698856777 0.0387400987310604
-0.245080409786165 -0.178003016402698 -0.0172892829071012 0.0669040742200221
-0.118175179062602 -0.190277561873315 0.0606624404541949 0.0889763873317866
-0.180142546591852 -0.121307826361803 0.0570382475226637 0.059701241961987
-0.223292864889037 0.0620039069504935 0.0420942803723516 0.0245186198508775
-0.127993406212015 0.22653117451305 0.0360050268024253 0.0286989569919796
0.0657958578198668 0.22565077085584 0.0318882752156932 0.0510671262672188
0.171530498975345 0.125256869355006 0.102778605936344 0.0488523545643905
0.248099103052001 0.0264761512227977 0.135405809262071 0.00379625231744169
0.249749171309736 -0.0350308444822902 0.164992299375261 -0.0264685642090159
0.260206806106858 -0.0522647159981527 0.168090562541511 -0.0130164425040368
0.247176060570775 0.0311876694956972 0.161448264664845 0.00921703760444449
0.205044820399762 0.131705105385468 0.113265450931837 0.0606761678852771
0.0602786489869164 0.284082715592557 0.0631127294292386 0.0729357542591662
-0.144208106030344 0.244567442573101 0.0288448686960715 0.0420698446929745
-0.259918080039249 0.035912865287657 0.0271003002547378 0.0628782152220839
-0.23281148981724 -0.164991872377653 0.0403356538751145 0.129627200765024
-0.0754023722608219 -0.140697990118111 0.0670640474489626 0.139134737160342
-0.118947312274287 -0.0962247235171964 0.0441799982933748 0.0677906850770106
-0.151075304564959 0.0274410032733853 -0.0134191963366429 0.0397956942728736
-0.0925233069545184 0.138208121053578 -0.012289044742417 0.0805301635318557
0.0288970901997074 0.147364990192017 0.0418251291965142 0.125352262947926
0.101416603143959 0.0856637745361064 0.159760522401131 0.103235030410833
0.15993043212092 0.0259353482333823 0.220247446800593 0.0176071640487986
0.169869245328732 -0.0184552994176002 0.239942663705122 -0.0381132824984249
0.179362043391811 -0.0300608635469622 0.247234120512459 -0.0267264766670709
0.175613834791865 0.0237797015440471 0.229792682679449 0.0118757420064123
0.148482791125341 0.0939651495565035 0.164127341498882 0.0812036546831166
0.0441096603109673 0.209398680730095 0.0914823745780067 0.0921119465236817
-0.111905615455685 0.184578695645167 0.0477339641208652 0.0588239741134733
-0.203042282130337 0.0228231099503094 0.0682654361731353 0.0765026493357418
-0.178928645880574 -0.13192420093817 0.0957774860395001 0.178809075672699
0.0926142877275495 0.0451244790379766 -0.177924734871005 -0.188453792489114
0.112593978165534 -0.0275169634437923 -0.141938839976178 -0.0588869762077257
0.0573615547155357 -0.10122069765401 -0.0476028751422431 -0.0455099059683039
-0.0319675434430688 -0.106711285854254 -0.0788459179215477 -0.0996937013200056
-0.0752878663811059 -0.0489615434126286 -0.176474842274748 -0.108201983378107
-0.0739777336516182 -0.010958318632747 -0.276652214855443 -0.0397158816087377
-0.079791445563667 0.000529488775464947 -0.301095938539357 0.041190521924654
-0.0625143742421646 0.000964656456524552 -0.287396400305429 0.0573305504504445
-0.0455714947924112 -0.0121752359758807 -0.277289130280883 -0.0205777755568547
-0.0270660877719279 -0.0304556320334575 -0.207288825135692 -0.110226209798
-0.00535856837432473 -0.0382071007835376 -0.0762846646386704 -0.176088764266772
0.0278674175613222 -0.043877770915775 0.0337923981765234 -0.133866329932526
0.0591192241396479 -0.00558028653914741 0.0654047700742084 -0.0669125973501706
0.0419612082621558 0.0586553973685438 0.0169815633045387 -0.0573215616822452
0.0290564965231818 0.0917324296056085 -0.03897084986456 -0.162545884133967
-0.011328817923015 -0.0145274823741292 -0.159260474041236 -0.195900879971287
-0.00389992480781797 -0.00164952201678197 -0.122756838932701 -0.0722636676128339
-0.00436944672880491 0.00517639828778898 -0.0284970753820864 -0.0790060960605177
-0.00312286543569651 0.0132418649527567 -0.0729776578382794 -0.133584878143722
0.01849038395458 0.00609493981468941 -0.194230775918651 -0.128880021894196
0.0335687670825686 -0.0053232304167874 -0.288003749513842 -0.0529709360164864
0.0461119243952332 -0.0278367171906584 -0.312945790608875 0.0348704798331535
0.0548907974333613 -0.0238256945266298 -0.283756762390108 0.0534628831522156
0.0700006340063864 -0.0110095970876715 -0.276199864064442 -0.013622100705051
0.057540716207109 0.0332441111671218 -0.205257700345285 -0.101374298574789
0.0237695629891705 0.0609609987978903 -0.0875953295563599 -0.169385804481053
-0.029763191885129 0.0574170319451917 0.0241610841752837 -0.134270340805334
-0.0350682566949893 0.0258003887051056 0.066443300033849 -0.0776128235303507
-0.0311415909308842 0.0133065744826449 0.00450390982747438 -0.054972064256782
-0.0268496755799584 0.00656377263559692 -0.0627618594588263 -0.159831906996419
-0.10237317288118 -0.0804202824196635 -0.112761095866482 -0.178192732653301
-0.121042322057776 0.00193924082197057 -0.0741997816149791 -0.0738421623017129
-0.0848698558261625 0.102150322905854 0.0137127162109558 -0.104642701501043
0.00547048590309713 0.14397652822227 -0.0416728930067672 -0.162929572326744
0.103717685849724 0.0806055519670169 -0.178993605384066 -0.147809289807266
0.137024933213493 0.0173732465092464 -0.258131267894245 -0.0694904908594002
0.165551293981439 -0.0416386798749989 -0.278233895515193 0.0196724822123688
0.164438192731191 -0.0440047136814577 -0.236457351706454 0.0428354310791379
0.176917643590653 -0.0197975397512794 -0.232440390347241 0.0020715345525638
0.145230667784677 0.0739566688273697 -0.176994230492926 -0.0670583447181404
0.0775713378097387 0.140303215094586 -0.0977062605812422 -0.125924483707353
-0.0494722985721238 0.168985492129583 -0.00810748824696617 -0.110298878764862
-0.113712194761273 0.0862223072678681 0.0369172477493143 -0.0804106561319664
-0.114310915432901 -0.0111930499007194 -0.0209834776167273 -0.0490585543854273
-0.0926184755882029 -0.0724973498603297 -0.0826091101472183 -0.129385409403521
-0.161475973153117 -0.143428741294101 -0.0531069351443188 -0.131237468451445
-0.212740658556404 -0.023341403720755 -0.0136481570148022 -0.0549040699344803
-0.172780267923117 0.162611582300502 0.0630829806515709 -0.103749721393146
-0.0173943397233329 0.259155497928149 0.00842889003880606 -0.163833416890385
0.157798607402495 0.166803393990852 -0.129703797487663 -0.147917707011112
0.215063556739964 0.0567805420890155 -0.186268071216972 -0.0763852754535488
0.258260265247999 -0.0360873042261543 -0.201522348740065 0.00211270371249072
0.248354095455875 -0.0567951194602908 -0.153196054756205 0.0263435656827341
0.259843875377963 -0.0384162131665299 -0.150868196922897 0.0145183589480161
0.224577741539242 0.082361344719399 -0.116216441661647 -0.0276138207964603
0.147273304000729 0.183566207382733 -0.0811706104155344 -0.0629907268789942
-0.0250154777697683 0.267245420947132 -0.0295545724200469 -0.0599843449518489
-0.162601059585889 0.16641457629348 0.00309695819876239 -0.0596001838777675
-0.196076542167196 -0.00771684629765582 -0.043522447775032 -0.0284756699638075
-0.163831195984076 -0.133031511286859 -0.0860897048538616 -0.0740529341849704
-0.1798278719778 -0.192308022682826 0.00392175697101523 -0.0620462445375593
-0.253559334949084 -0.0701473665947925 0.0370976692561165 -0.0151734583428605
-0.241384804995909 0.165989433824193 0.095717100852127 -0.0679450123874001
-0.0657424622946461 0.319362378501862 0.054825374641944 -0.121320496032774
0.162205200944714 0.237328468830564 -0.0605970693068475 -0.111704020925833
0.248573747241829 0.101147768342526 -0.0856798986286216 -0.060074412238586
0.30827612371401 -0.016694803211368 -0.0934450431780004 -0.00913404716991014
0.294968161092549 -0.0607375758003676 -0.0473900718296446 0.00685296101944511
0.305968181933937 -0.0575071196370104 -0.0453477535402786 0.0151067261093156
0.277595504232554 0.0651386819341175 -0.0273261975428991 -0.000975465425744431
0.208593605778272 0.187469027237357 -0.0286167650568408 -0.00457633725097782
0.0224037479113412 0.326286104044689 -0.0165406673084746 -0.0015153778908488
-0.176776110946426 0.236907856723306 -0.00967150885893986 -0.0200744465341687
-0.257827903121061 0.0149641858610721 -0.0442224706976143 0.0061117514820036
-0.223841190708429 -0.168985070285932 -0.06412305107324 -0.003656923263732
-0.162512965108764 -0.210689577282335 0.0441209259246562 0.0176052900059465
-0.2387372475191 -0.110276419215699 0.0618971192190943 0.0293155538777952
-0.26183832176542 0.122419317554368 0.0886338564268617 -0.0157808016034631
-0.114471118315292 0.304696054512702 0.0668872977005623 -0.0465133305178504
0.123713256432543 0.262078043815192 0.000773447305378362 -0.0377043211809575
0.231907983843597 0.128977395188672 0.0190479042858506 -0.0145229688519588
0.305539507065738 0.00639561148379372 0.0263357356194443 -0.00911330487901542
0.295362382781983 -0.0550162221717979 0.0653021504139622 -0.0127417077388539
0.307206020709835 -0.0674916391820407 0.0676582008357237 0.0021300580237147
0.287487508593748 0.0414628610936323 0.0724352518130875 0.00672051274835459
0.232638536510398 0.163408673500101 0.0457784987247174 0.034849700548835
0.0606786153921893 0.330540332542273 0.0227034684653704 0.0446134424952411
-0.164797725932463 0.269484748198163 0.00460158059535721 0.0174500742346478
-0.282218622460964 0.0374527086243386 -0.0157208319270031 0.0405199185571404
-0.25379144466052 -0.177420650680229 -0.0164452463071288 0.0687642132569756
-0.124674049955237 -0.193023829855007 0.0643893240671623 0.0903695588776709
-0.186342179657337 -0.121293535716835 0.0601219786275975 0.059520046527461
-0.227409696615334 0.0673703618155845 0.0449648015107326 0.0237330511692745
-0.125981950730907 0.233868681041914 0.0373089976321364 0.027679541753393
0.0714561160647045 0.228482150493308 0.0329581465273339 0.05114668625208
0.176918270117753 0.124575671925106 0.105016401765416 0.0471875725733179
0.25295452449584 0.0222455177397033 0.138158400033741 0.000727906672338964
0.253053047447942 -0.0412915863907109 0.167174886135316 -0.0303415665145961
0.263517673830828 -0.0585340104053636 0.170452123058615 -0.0165605245491882
0.25222437097734 0.0269018638948109 0.16485881178361 0.00545016219737303
0.211018584820902 0.129875857785731 0.117114487226132 0.0595440202433084
0.067533728611425 0.288952890313966 0.0664009204570542 0.0731620427896188
-0.141951608965083 0.251944439550121 0.0299091658531915 0.0427428373880837
-0.264902765958365 0.0418017650521491 0.0284281750771692 0.0641606346267411
-0.241540997805957 -0.16431633031814 0.0435299015562725 0.132329054580555
-0.0800199662346901 -0.143471316902488 0.0713068218206147 0.141098049837096
-0.123576375410356 -0.0959701118851537 0.0471871011591606 0.0682642963373579
-0.153912171871075 0.0313471772682082 -0.0120047295887246 0.0401245251559977
-0.0917118225123952 0.143534729053781 -0.0109128606796018 0.0815741351623121
0.0322914321413272 0.149314494663987 0.0440670948184013 0.127197086748909
0.104974749550742 0.0854889114074926 0.164296197873461 0.101657404854898
0.163263981354922 0.0229444621504929 0.224757763368559 0.0120269810820613
0.172238621082411 -0.0222067546096284 0.243296810444591 -0.0437680942398839
0.181874137905842 -0.0339877277878337 0.250754336958611 -0.0324958529806143
0.179480561142926 0.0201793490706808 0.234016536703475 0.00633523228578144
0.15286709472156 0.0922839897635512 0.169539389052535 0.078893892238365
0.0499138487482363 0.212628856704594 0.0957452266105719 0.0921812259893255
-0.110516499424543 0.190035217973716 0.0495700472935527 0.0595242316213772
-0.206428654301001 0.0270272451266645 0.0705562988207949 0.0771784519261271
-0.185180023031306 -0.131366945164736 0.100750422737031 0.18109517507775
0.0950907607178045 0.0441446633932594 -0.185235790225412 -0.188239778061627
0.114201682881078 -0.030244191778779 -0.145694387454136 -0.0575815358022512
0.0564403638478974 -0.103983514407098 -0.0498387556913803 -0.045815703151703
-0.0347527696367454 -0.108284032332413 -0.0827473736289987 -0.0998056032795685
-0.0775735521115132 -0.0480396153459921 -0.182249410234574 -0.105977554133983
-0.0757453100775689 -0.00914805523650954 -0.281255766788885 -0.0328217756381272
-0.0810954074553017 0.00247379731954538 -0.304639858912266 0.0491989980971058
-0.0633526095962805 0.0024922341644259 -0.290762704804009 0.0644045773979494
-0.0465803483809601 -0.0117633232589465 -0.282240332017723 -0.014663626119379
-0.028425688158099 -0.0304528484400728 -0.211895769777286 -0.107002764390917
-0.0065495662859606 -0.0387451963920159 -0.0810945142458453 -0.177956589379329
0.0268395633430063 -0.045339065565642 0.0318822325109333 -0.136393364802956
0.0596971559267093 -0.00749648895605485 0.0646329391770542 -0.0686732291777082
0.0441949399051355 0.0586139351144262 0.0150360237550144 -0.0589079824493239
0.0316228722249092 0.0925858090021057 -0.0439488633422598 -0.165521437800584
-0.0120137376133882 -0.014391813861698 -0.165430249453178 -0.197227765908746
-0.00340439273082213 -0.0019475960907499 -0.126416259671146 -0.0716385254555816
-0.0043162496707418 0.00532956038573312 -0.0303524330173941 -0.0796287523060156
-0.00311716662699391 0.013537770272181 -0.0771328989054771 -0.134413225816719
0.0187732377842075 0.00571426614430623 -0.199728919815927 -0.126912512883138
0.0342919999068093 -0.00586158610506438 -0.293811865583342 -0.0469569553321109
0.046187033820191 -0.0289012438834869 -0.316666544846615 0.0429372987176097
0.055254237622726 -0.0257098021646536 -0.286474962939458 0.061390149278853
0.0707186259967835 -0.0125660128003739 -0.280561651183697 -0.00725441747675368
0.0586298093321566 0.0329501298718549 -0.210547413730211 -0.0977485946931429
0.0254191774897978 0.0617200442828715 -0.0920469380375992 -0.169999835869307
-0.029629325876017 0.0589945860143141 0.0221776800577754 -0.136437890301684
-0.0356443780289262 0.0267303647470245 0.0657442857740428 -0.0795314924520138
-0.0316949048654726 0.0135210445844925 0.00280667244056982 -0.0557655367395384
-0.0270502710532363 0.00679227112684334 -0.0682667731678127 -0.162184335201025
-0.106099890365311 -0.0803195770044958 -0.118385511111296 -0.179775470147197
-0.122976797484699 0.00428046586071841 -0.0775861596123923 -0.0742819823714508
-0.0838503969926094 0.10530212263147 0.011678948784697 -0.107494880593694
0.00892535886021511 0.14597966524249 -0.045716637863288 -0.165124995514109
0.10671799668427 0.0792923263926848 -0.185387416935737 -0.145622323032489
0.139678137302756 0.0142260757527342 -0.263879980859634 -0.0644911738850749
0.16688257464373 -0.046290380917565 -0.281986177762305 0.0264162229156775
0.165235930504708 -0.0484882990529097 -0.238758234255485 0.0489938628860357
0.179087965195206 -0.0243283147062743 -0.235407928091598 0.00767062154896693
0.148997937140168 0.0725607961966397 -0.180587440410354 -0.0636155250696486
0.0814061132941815 0.140851576571424 -0.101304200658375 -0.125511491676346
-0.0469879814748394 0.172493177735804 -0.0104651832740162 -0.111335900530627
-0.114298859748662 0.0898689462510534 0.0353656672814932 -0.0821980894156929
-0.11626267187157 -0.00922656590404942 -0.0235787355875856 -0.0492499841994049
-0.0964076358969282 -0.0722960645015121 -0.087386808872498 -0.130522464584227
-0.167855726104815 -0.143748182176605 -0.0561968329424928 -0.13341320770522
-0.216991215600996 -0.0201923898307747 -0.015327308346651 -0.055794165529484
-0.172214878298748 0.168951349325641 0.0626630553609789 -0.106780924555589
-0.0120358662222649 0.26376255515341 0.00577317233325529 -0.167133941944323
0.163455066642471 0.165574592244052 -0.135101883744766 -0.147115679705004
0.21967325517623 0.0521089163795682 -0.191178848208625 -0.0735554880968801
0.261482024113798 -0.0422365832156163 -0.203829066733377 0.00645568818161949
0.250016020205757 -0.063622884167157 -0.154808592455371 0.0301483234007835
0.262087434376577 -0.0445394435983846 -0.152363678576705 0.0185209065725516
0.230517344245116 0.0785759920099857 -0.118332814247143 -0.0254879199600279
0.153405035931084 0.183487843535157 -0.083247885725658 -0.0620828550661767
-0.0199258250778979 0.272278415167306 -0.0306779309696153 -0.0599007900980519
-0.162158670718428 0.172290155202113 0.00129543322588186 -0.0599639558641019
-0.199918609046473 -0.00414820218386633 -0.0459366456973917 -0.0276034435644375
-0.170073113195903 -0.132672379540632 -0.0896981952855972 -0.0733056550127915
-0.187413270057398 -0.192780852111002 0.00274544704132196 -0.0631637614931566
-0.259901900422825 -0.0669875316298517 0.0372961614762494 -0.0164256515798086
-0.241782231246468 0.173518915535213 0.0959955303234769 -0.0710960251026204
-0.0603659529736725 0.326896720529399 0.0532265054842464 -0.125064099973505
0.169848178114971 0.237727180266125 -0.0640369207992247 -0.111568615604166
0.254809569436571 0.0973216928278997 -0.0886675020864095 -0.0593436562061264
0.312009843438773 -0.0234907673846906 -0.0945597810422644 -0.00713489229057865
0.297381773423423 -0.0679286251871685 -0.0478652294734705 0.00845817344977626
0.308871603641079 -0.0657451182116091 -0.0452972456472407 0.0165450105743469
0.282669379511674 0.0602474014216991 -0.027494435454029 -0.000536855107941766
0.215536805195593 0.185586696768083 -0.028419308443742 -0.00345558869328668
0.0298542196968277 0.331697957348042 -0.0166643180330763 -0.000810949352657548
-0.175383493233572 0.24430317352424 -0.0104549684741377 -0.0198742520171987
-0.262093882806852 0.0202477526671637 -0.0452930497659083 0.0077478349566979
-0.232269005375318 -0.16796132357314 -0.0655508635196717 -0.00236430613620691
-0.170518126212722 -0.212099560441337 0.0457385140033296 0.0171401557872455
-0.245386830997099 -0.107605234452825 0.0639846677255629 0.0284096636442186
-0.263771206883762 0.130441083777495 0.090627497980332 -0.0184831964882702
-0.109469444945452 0.313340126966262 0.0673777603565082 -0.0500961352294686
0.131049439421845 0.263646517023436 -0.000399877453065102 -0.0385598651824587
0.238619619691565 0.126216997725826 0.0186788613464532 -0.0156842206387249
0.310151924439571 -0.000183857977738614 0.0269540795505042 -0.00983229908537776
0.298688013574058 -0.0631306994859834 0.0658731644697845 -0.0141865189437349
0.309460434801491 -0.0757948287501353 0.0688759282373425 0.000754451990006114
0.292688423572691 0.0355640633831652 0.0737611070927037 0.00502306212554949
0.239459673667395 0.161109672353173 0.0477838508458968 0.034996322503778
0.0688118728143895 0.334706029363228 0.0246453034190263 0.0453137249527387
-0.161915025970977 0.277837074865664 0.00477042994962979 0.0179017647556048
-0.286600158226703 0.0436673478508888 -0.0155670881771977 0.0419566686057187
-0.262340315045813 -0.175614803799973 -0.0154929075319405 0.0704938692956627
-0.131872208544178 -0.19515357961254 0.0685221285055699 0.0915378559672394
-0.192895011872895 -0.11960778723566 0.0633636915334963 0.0594255613561386
-0.229639775757778 0.074154905720981 0.0468043615686791 0.0223308740077139
-0.122919048579551 0.241062218949541 0.0385672023333042 0.0263790253266726
0.0771686989299716 0.230565776561926 0.0344211040183613 0.0510588466871908
0.182784018658133 0.122671313662956 0.107252709098589 0.045183232747871
0.257046129412933 0.0161946871023503 0.140352879950683 -0.00214428778090024
0.255705085569527 -0.048196700145274 0.168743935320928 -0.0344449540203764
0.265543478845028 -0.0657102098203621 0.173342464329177 -0.0208293193068349
0.256213006445234 0.0212164077397099 0.166896700641605 0.00164891490414669
0.217100165190639 0.127099407164725 0.120798821663222 0.0574321836734511
0.0753181571029594 0.291555661893209 0.0693408998248246 0.0732499380448499
-0.138259797469017 0.258956221229784 0.0311861454436471 0.0431511327693948
-0.26777919312767 0.0476381208388619 0.0298259075184333 0.0649150876590274
-0.249118324854471 -0.161928903611574 0.0469791892334213 0.134191312368223
-0.0851243775981641 -0.145448904423137 0.0764658949492372 0.143498126384719
-0.128921276830403 -0.0950353022306635 0.0507347023665292 0.0684212370124701
-0.155947385724249 0.0355903538197361 -0.0102377942854023 0.040340438214775
-0.0903768097633662 0.148195421051451 -0.00921872486447704 0.0820941985471832
0.0361836203064234 0.151769311808522 0.0471504040976308 0.127722467084238
0.108844048646884 0.084677565647383 0.168846127832913 0.0985992108675366
0.166216804708739 0.0198969703908973 0.228048693530919 0.00734838896679352
0.174390400753927 -0.0272777387418784 0.245484697699538 -0.0501411424963224
0.183656801676364 -0.0386374035321097 0.253661462597868 -0.0389379937643943
0.181902679351374 0.0162936221589427 0.237210830408945 0.00175780887269318
0.156939353702389 0.0907966683420635 0.17467808259219 0.0766440372486761
0.0557878037452379 0.215315050445913 0.1001287617824 0.0920719879105129
-0.108115570207863 0.196147900712076 0.0514867625483027 0.0601070649552427
-0.2095384472691 0.031505920178916 0.072747972829244 0.077982084398307
-0.19109973718337 -0.129542100160897 0.106490130320736 0.182659684520697
0.0972979186452324 0.0432096421753228 -0.192187239080877 -0.188822986489064
0.115814605341383 -0.0333922332238105 -0.148848346434197 -0.0557603330924863
0.0550327259449665 -0.106950785894155 -0.0515136824549441 -0.0457870138843947
-0.0376305816305851 -0.109098363672792 -0.0863771692571319 -0.0995816009485137
-0.0795338152178521 -0.0471876631916362 -0.187702925310639 -0.103528102475363
-0.0768207118529051 -0.0073704925229476 -0.286195200862142 -0.0265257984331567
-0.0822046140584419 0.00456047005930174 -0.306619676037823 0.0576214538719212
-0.0646638251538264 0.00430143951732652 -0.29211133264024 0.07256418879801
-0.0474072228775971 -0.0109376128884335 -0.285633314803961 -0.0078007057767387
-0.0297029671643445 -0.0299140795351776 -0.216521269268157 -0.103348892767202
-0.00745723455301157 -0.0392299440441144 -0.0857754978689985 -0.177952928022803
0.0258339482601507 -0.0472032076165207 0.02928065710242 -0.138613863794997
0.0603355297548381 -0.00935847503535002 0.0637496669847462 -0.0704388572897581
0.0466631517087165 0.0580012044689912 0.0128738198547164 -0.0603474718917248
0.0348063906722665 0.0929449975790189 -0.0496198245173209 -0.168500982398092
-0.0125022735465161 -0.0146895393439495 -0.172711254453883 -0.197635634054186
-0.00344168946654173 -0.00211824279103041 -0.129733397229389 -0.0704485978782893
-0.00397588159597895 0.00556437662809194 -0.0328145625959389 -0.0805991224764169
-0.00274056942370032 0.0136917044975547 -0.0813200397156438 -0.135176056544494
0.0190282008045055 0.00521115327971301 -0.205214019727481 -0.123115614104386
0.0343655884771394 -0.00679990873866236 -0.298923643888687 -0.0403670626118071
0.0456616721509492 -0.0303578556982538 -0.319365925475791 0.0515664642292882
0.0548550866551198 -0.0269016459449376 -0.288864228830366 0.0677620187465006
0.0714393009274944 -0.0145707068798838 -0.283710863980245 -0.000664718830116947
0.0606912584926467 0.0321241002680776 -0.214474808966251 -0.094500242380908
0.0271039648693726 0.0621332363917036 -0.0970160412630308 -0.170389703043299
-0.0290067028574326 0.0609949898617632 0.0197277146061117 -0.138255850719953
-0.0359307081581043 0.0275147284261378 0.0639694148266279 -0.0811994300744265
-0.0315955978165697 0.0143225340914377 0.000636136311980185 -0.0566754783314636
-0.0273317336300534 0.00715461904110186 -0.0743958954879223 -0.164042224236706
-0.109701411742288 -0.0798030438921033 -0.123839953535174 -0.180742023939448
-0.123950068950449 0.00639579554501404 -0.0802859249989401 -0.0739568192258756
-0.0826202885649824 0.108714827246825 0.00963249010365762 -0.109572437686204
0.0128029991957866 0.148357115128005 -0.0502953991682806 -0.166698543319036
0.109888469173543 0.0781548016788589 -0.1911280407533 -0.143500905983456
0.141691476621374 0.0109050439383331 -0.269027859340155 -0.0587229204092693
0.1672322386879 -0.050333933663714 -0.284097811120848 0.0336251385884802
0.166067969352504 -0.0531866954452284 -0.2405435770114 0.055499796867392
0.180230081406552 -0.0283158901999377 -0.238148781882342 0.0134095417043697
0.152492660433228 0.0692545094054251 -0.184205585201793 -0.0600474946265737
0.0855128999620989 0.141465089317714 -0.105129598006315 -0.124556049886081
-0.0440637790827529 0.176543817839732 -0.0124576199870502 -0.111855493636603
-0.114545691545358 0.0936203369642806 0.0335663137916006 -0.0835839024545998
-0.118624202985488 -0.00741428256466072 -0.02567345056778 -0.0493996238374286
-0.09984728978515 -0.0718714693080579 -0.0926708572063188 -0.131029061759675
-0.174195191753355 -0.143225752991265 -0.0598214474015095 -0.134435623674937
-0.220874875563048 -0.0164033537954225 -0.0166593926240622 -0.0567208013846722
-0.171477137087866 0.174900132303057 0.0621770091375341 -0.110078977396011
-0.00589721643800088 0.26827792677335 0.00187440758645134 -0.169979198578427
0.169311477052897 0.164033457489299 -0.140677649901407 -0.145903358562266
0.22407491879272 0.0482076508069006 -0.195701456029128 -0.0699165806706633
0.262881932540779 -0.0490651919731804 -0.205004251914492 0.0112385703596006
0.251600396818566 -0.0707627628870585 -0.156488317255258 0.0341231011740446
0.26400882495564 -0.0509114363042287 -0.153544974736086 0.0219625515723068
0.23461830225129 0.0745636914474294 -0.120070369398387 -0.0228272806870645
0.15952294941339 0.182965513776366 -0.0854541640655578 -0.0605585365858261
-0.0142050165097459 0.277047961015451 -0.0316299676142527 -0.0594146968694848
-0.161393578714691 0.178049002433666 -0.000720224128807279 -0.0608040532244507
-0.203163022455246 0.000112573582705676 -0.0479076586600106 -0.0267553992663102
-0.176218375752247 -0.130846950144453 -0.0930249284606276 -0.0729081344032317
-0.195422804228975 -0.192467244048364 0.0019630134407085 -0.0643706165052204
-0.265992170716079 -0.0630760148269479 0.0375852759180674 -0.0179525501774122
-0.242500651755942 0.181934269403409 0.0968077488456848 -0.0747420994558991
-0.0535207907251494 0.333151004132561 0.0512523640882117 -0.128521960945499
0.177574556404184 0.236861226806017 -0.0674366164367064 -0.11184263290315
0.260326346091669 0.0928475868755221 -0.0921076005846949 -0.0581256638841728
0.315313260916756 -0.0314870171443817 -0.0953623082544034 -0.00555125897679856
0.299166096505682 -0.0770030529976061 -0.0481587733836225 0.00928618168394853
0.311102542654785 -0.0737723304397455 -0.0451249034025585 0.0177334454943049
0.287909581738274 0.0545371254317412 -0.0276169212644561 0.000143179159134542
0.222074991856747 0.184058972199215 -0.0281179447242714 -0.0026925195702053
0.0375990901162688 0.335469950015855 -0.0157938726315107 0.000156759464526514
-0.172685656769802 0.252455963301727 -0.011176178143655 -0.0196392091734307
-0.26674532363103 0.0262016755454952 -0.0464539816703334 0.00896596358688135
-0.240333822583151 -0.165473978219546 -0.0669208758427276 -0.000571550704002995
-0.17829356946957 -0.213188077066591 0.0476575380178464 0.0168912804051828
-0.252953300186584 -0.104220210714122 0.0659145445217568 0.0272465724271754
-0.265370604883912 0.138583138637659 0.0926845692944124 -0.0211513987283282
-0.104428243917166 0.320623064394869 0.0673488819372883 -0.0531403732887424
0.138571800093502 0.264077839650784 -0.00174699360588286 -0.0387119950336153
0.2453362655561 0.122922965007377 0.0178285194705153 -0.0166158141198828
0.313623367721674 -0.00780153843690643 0.0278660684906127 -0.0109091062514644
0.300789948629111 -0.0717359956937755 0.0661493933034232 -0.0162079237700551
0.312087552716206 -0.0833068062243626 0.0699528679110745 -0.00103265795392789
0.297237836563728 0.0291825453576204 0.0748112601866485 0.00344105226617837
0.245858511493267 0.157874350381823 0.0499689270528548 0.0345189413574495
0.0784054599161958 0.337971702075238 0.0265308948046868 0.0453730173515771
-0.158310923988951 0.285965251371346 0.0048812069244632 0.0182517767055561
-0.290674099959867 0.0504155947152882 -0.0156512524243245 0.0431462338112092
-0.271164249101219 -0.172195404203533 -0.0139300507737017 0.0725007950290234
-0.138439187928152 -0.196060438100735 0.0718269637021568 0.0924164406419533
-0.199599138853628 -0.11772656196112 0.066484495378724 0.0585727060333287
-0.231965222541258 0.0805528400015725 0.0486816882125211 0.0209296264305021
-0.119389992406645 0.248291235043426 0.0398706460840379 0.0250125068567757
0.0837505979694954 0.231786596666881 0.0352885454885059 0.0510477337502847
0.188484131905893 0.120161026429045 0.108841896767991 0.0428878559797239
0.260631642307329 0.0103836790153752 0.142650726973206 -0.00591443435943906
0.257522054573811 -0.0551975453762135 0.169772609976217 -0.0386802887761695
0.267670706462399 -0.0725995002300968 0.174975745395088 -0.0258023968730326
0.260069750520553 0.0151879897844149 0.168757894055557 -0.00295372960754171
0.222758151052018 0.12444731950791 0.124137618767358 0.0559531556175901
0.0835380472231585 0.294018610502463 0.0723229852667922 0.0733043034600782
-0.134548436029391 0.265655844175908 0.0320312786597897 0.0432418084778341
-0.271363388882347 0.0536350148247457 0.0309382681265019 0.06613052106337
-0.256936799638976 -0.159299269748195 0.0508458734546818 0.135656571933589
-0.0903352779136398 -0.145971636037117 0.0819703955058275 0.145714049295087
-0.133521074449842 -0.0938169555344949 0.0538850296815276 0.0683172805935437
-0.157885785342441 0.0402055003011341 -0.00861040118490622 0.0408850179941855
-0.087852771963564 0.153628082886624 -0.00744471739464658 0.0822584861151366
0.0396495267221498 0.152708881422119 0.049459340842426 0.128768941050515
0.111746144939063 0.0832987340555508 0.172208468547345 0.0958537503249246
0.168478345425357 0.0159516710657887 0.231372047562641 0.0021223290860237
0.175861086026498 -0.0324201753028822 0.247068766509165 -0.0565972353040045
0.184988558097961 -0.0433932685261573 0.256532025098991 -0.0457024525405205
0.184860635372847 0.0120449837377999 0.240435525865957 -0.00466087246443162
0.160924536904268 0.0883708565295486 0.179549517894529 0.0737941383184107
0.0611027848054559 0.216545295399766 0.104017840244969 0.0911921620436123
-0.10512160621605 0.201380580338788 0.053350916520753 0.059723354119963
-0.211718142280853 0.0364406835992758 0.0751813758174812 0.0781517817896503
-0.197647419274763 -0.127636469448083 0.112210049706453 0.184265084994892
0.099687010427484 0.0421364669436062 -0.199273099769731 -0.187821030652649
0.116290050147587 -0.0361699382947636 -0.151580394045899 -0.0531884293908693
0.0535219623360673 -0.109685925589161 -0.0532283203945112 -0.0460245802917953
-0.0408738305099254 -0.109692144177525 -0.0901223665079612 -0.0988140328622965
-0.0819104944124495 -0.045844120251469 -0.192246227230072 -0.10008682594984
-0.077659142944346 -0.00529835381244066 -0.289248054504349 -0.0190252981500179
-0.0826500567342605 0.0071654744450496 -0.30927466077996 0.0661239349555597
-0.0650942548712252 0.00620415067513402 -0.293608573829419 0.0798813999113735
-0.0482741545744687 -0.0098765894414007 -0.288936458904088 -0.000964403199451118
-0.0308344692395685 -0.0296332975840034 -0.2207114277282 -0.098979500191795
-0.00903182934151461 -0.0395069760669342 -0.0903880972024715 -0.178018771324272
0.0247579821410303 -0.0484982502345583 0.026594247127831 -0.140269796195536
0.0605218884179186 -0.011088643889855 0.0623324328969852 -0.0717970650830697
0.0483198391944336 0.0575348748631789 0.0108512737302557 -0.0614114997685344
0.0374554592883859 0.0931656914903936 -0.0553391803779141 -0.170180488650361
-0.0134303877581114 -0.0145667502782053 -0.179918157594395 -0.197954721390695
-0.00339065010303825 -0.00224030002230356 -0.132563856487948 -0.0684073551527454
-0.00381669630296833 0.00532962355935044 -0.0354271097246039 -0.0815909047329937
-0.00239775691553448 0.0138769764502306 -0.0862980101564687 -0.135006085592237
0.0189160660914741 0.0046489606030415 -0.211667075899496 -0.119603971979975
0.0346044242180817 -0.00809691244536167 -0.303610949148589 -0.0329200947190132
0.0453091713058019 -0.0317924232184768 -0.321250719623359 0.0597656393262931
0.0545716941548604 -0.0286593433995445 -0.289853980271155 0.0762344836896662
0.0713118911471462 -0.0160894949350352 -0.286542706114196 0.00689872258857424
0.0615831682570969 0.0313133208350903 -0.218458134464636 -0.0904265377449513
0.0286978109464755 0.0623345750811956 -0.101391975638004 -0.169896232180256
-0.0286117826102107 0.0622377369284823 0.0169905597770316 -0.139942506210369
-0.0361731916644955 0.0279352943473156 0.0627249584761793 -0.0829981230494359
-0.032202002666908 0.0145325875919067 -0.00182545211036949 -0.0577741559785223
-0.0276651115330368 0.00721901078666196 -0.0797148898285688 -0.165121798302839
-0.112880903920553 -0.0787567673702206 -0.129470053037689 -0.181192461081305
-0.125989157645926 0.00880331463407932 -0.0824251583096352 -0.0730187174466491
-0.0811277016133901 0.112120769396288 0.00724980745237858 -0.112003692705476
0.0165088028350955 0.150084557388534 -0.0547852568986061 -0.16812241330005
0.112922701604244 0.0763461294026933 -0.19673569323023 -0.140390296820056
0.143562675091137 0.00761092954829812 -0.273845885681535 -0.0525894861066955
0.167895435331413 -0.0553835352594456 -0.286485726992916 0.0411366368795716
0.166064647120427 -0.0579198659465024 -0.242325084790167 0.0621773166501403
0.181568981880374 -0.0328135924779104 -0.239599950853092 0.0193704779721341
0.15546749665903 0.0675135048390252 -0.187073627955452 -0.056780547242813
0.0893857894024584 0.141182598746548 -0.109153840394579 -0.123671488173484
-0.0401478350432192 0.18002737528368 -0.014568695505719 -0.112705062385945
-0.114607661367658 0.0969207384514195 0.0316542122774146 -0.0848009219940576
-0.120898822555996 -0.00477828547194893 -0.0279430531392494 -0.0494759109158561
-0.103191154743646 -0.0708475549098575 -0.0978607741424036 -0.131448712144086
-0.179833592576157 -0.142335745223147 -0.0635721371913933 -0.136061783212299
-0.22438134741099 -0.0123105833955718 -0.0183489086924165 -0.0567087029477709
-0.169850355569327 0.180615139164998 0.0602650181515894 -0.113779070390588
0.000327164386986019 0.271499031939827 -0.00154705327996109 -0.172485702072872
0.174933190682667 0.161687700083444 -0.145088953269641 -0.14384850235276
0.227902715025645 0.0433526094212433 -0.200266312121646 -0.0661149870342203
0.26483362370463 -0.0564118483522137 -0.206532746726741 0.0165996549268726
0.25226897160233 -0.0778009311378256 -0.156672773073405 0.0382879414426983
0.265330607428497 -0.0580132420204999 -0.15427309498103 0.0265976383912098
0.238563750736967 0.0702069948467092 -0.121343868884626 -0.0198358824397553
0.165616281036083 0.181769801887742 -0.0871009756595906 -0.0590636119575994
-0.00794666945778988 0.281515932111106 -0.0330897589032515 -0.0591004783357779
-0.159563875097584 0.183878503321181 -0.00231591589777568 -0.0611013907790384
-0.206062023281888 0.00449379123547502 -0.0499408721936213 -0.0258915521913418
-0.182526105903283 -0.129320333694063 -0.0967947390738979 -0.0717202024889612
-0.202671428469309 -0.192751668201507 0.000321254760469248 -0.0652059537460613
-0.271173706777957 -0.0582953414193715 0.0380813091609303 -0.0190240320023605
-0.241622605377394 0.190004953660568 0.0970564217883779 -0.0784184829703772
-0.0463925174401477 0.339360594175791 0.0490331037631227 -0.131908690905886
0.184548608862552 0.235708126715054 -0.0709169813664373 -0.111644081479021
0.265877834609207 0.0876358354513148 -0.0940845284306161 -0.0569252743948512
0.318039819959266 -0.0391389937822111 -0.095868739872443 -0.0036667496017489
0.300643324960949 -0.0852070089505447 -0.0484577627333752 0.0109508330204307
0.31224112636902 -0.0818595442723425 -0.0449733993000437 0.0193849348100565
0.292344449488618 0.048308080089415 -0.027915530333215 0.00041224205034036
0.229058219913822 0.181195565479504 -0.0277276022553834 -0.00166142529012411
0.0459673222934582 0.339256873219393 -0.0156686707629899 0.000924091337436456
-0.169569655786807 0.258961620822944 -0.0126414367098177 -0.0194975531204445
-0.269433027399672 0.0322225998153065 -0.0476555637454776 0.0106074762225099
-0.24778980891844 -0.16237689124214 -0.0680688724906985 0.000802644646686908
-0.186480580579558 -0.212914257032206 0.0492797078510161 0.01650941841736
-0.259474785556005 -0.100966093209906 0.0683260129070936 0.025844578472365
-0.265707778764475 0.14683546540701 0.0937044388271271 -0.0238623013543546
-0.0978849390651921 0.328178230627088 0.0674759841939204 -0.0559068991771385
0.146234792665929 0.264551895869095 -0.00302819027324229 -0.0395057434934787
0.250791740795665 0.118277674476954 0.0172201174415635 -0.0179167919359288
0.316317224856354 -0.0152795656200957 0.027990478274079 -0.0120547830030053
0.30230531463194 -0.0800560652557546 0.0663691098821452 -0.0177339025100755
0.312558642522023 -0.092374233379078 0.0711694335204311 -0.00291453396973386
0.300728313358305 0.0222504322659367 0.076022090969577 0.0015197454538883
0.252505428322271 0.15459162928279 0.0517714154157785 0.0339467904222073
0.0872372054012052 0.340789970239245 0.0284035775655336 0.045655080229949
-0.153726895367631 0.292766330792994 0.00468273715384424 0.018749847451548
-0.292655196492693 0.0569541250209758 -0.0151713359078506 0.0446739884480083
-0.279091578829811 -0.168831523765688 -0.0126479900873726 0.074085264169995
-0.145489633233018 -0.19689391139173 0.0762004059772276 0.0929090587196338
-0.205310922646274 -0.114272297208274 0.0695671306151091 0.0573385646358131
-0.233490404620472 0.0872252454270518 0.0511569349336644 0.0194465153828872
-0.114891893726726 0.25497595933262 0.0410757908347807 0.0234204090191644
0.0893162338523087 0.233438381850828 0.0362562600597701 0.0509733141670749
0.192873282286473 0.117608268232473 0.11068685061095 0.0402099990126032
0.263326496093903 0.00424103808480988 0.144221950242116 -0.00989265446129861
0.258542066402331 -0.0623640113532232 0.170672230259149 -0.0429798544238338
0.268116492972821 -0.0802141732965553 0.176400117704298 -0.0303910368394057
0.263424292867713 0.0089438793487254 0.170580931782457 -0.00722082843506544
0.228043663563696 0.120199863763482 0.128228220075892 0.0537926413443617
0.0910785387739228 0.295816911679699 0.0757096442992682 0.0722162267694565
-0.129659396442011 0.271979690963125 0.0330186974345025 0.0433789585229021
-0.273337186585243 0.0602670055326647 0.0326169819948091 0.066483612642356
-0.264661067993243 -0.155963637654767 0.0545287268706258 0.136687917257239
-0.0957194762489724 -0.146895259725655 0.0877257633834079 0.146555003663103
-0.137834332930745 -0.0920767287764548 0.0574149182558607 0.0681354260064183
-0.159221927523628 0.0445829622658225 -0.00668195756460135 0.0401793304282937
-0.0854247438173991 0.157640816067222 -0.00559223643472577 0.0827906435155849
0.044402049947161 0.154086836136753 0.0530402666537511 0.129158923515989
0.115476564865479 0.081955179269299 0.176215597767204 0.0927869758780417
0.170518981071898 0.0114615356863122 0.23356661001079 -0.00381810346160732
0.176952560322854 -0.0368113716065078 0.248262617655714 -0.0633104063302333
0.185891630536205 -0.0484551716516287 0.258308614459694 -0.053192617828478
0.187551738938514 0.00738747897030211 0.242638436614421 -0.0104869935030246
0.164718337685212 0.0857007148530689 0.183956639636547 0.0698858484149463
0.0673791430904874 0.217545963358809 0.107493211907052 0.0901800592794439
-0.101199955640223 0.205767854555786 0.0550624966396283 0.0601300043957538
-0.213685706550972 0.041850177973115 0.0776828666188788 0.0781155032551002
-0.203390841968658 -0.124844236278681 0.117748144602244 0.18486552885111
0.101735813719662 0.0403941399733721 -0.206006962584375 -0.186617303784913
0.117017712047147 -0.0393123065233456 -0.154282584950275 -0.0507004038463739
0.0517309393306605 -0.112494409939622 -0.0553591519653389 -0.0458238994712348
-0.043717311405139 -0.110455398884817 -0.0940169396569707 -0.0977430600798058
-0.0833068373472818 -0.0442977534567206 -0.196666331937529 -0.0965825606786415
-0.0783516831958044 -0.00376726158334308 -0.292475586249384 -0.0116900859570681
-0.0829347265786875 0.00931810544544972 -0.310524317563396 0.0742115412897594
-0.06592701140703 0.00783962909243198 -0.29423446233315 0.0885885500248283
-0.0491383966168126 -0.00861679484809276 -0.291159676974779 0.00551540695948514
-0.0317106536802212 -0.0292109526196253 -0.224604055637025 -0.0948007952858193
-0.0101631190345178 -0.0397383545466268 -0.0952635124925063 -0.177886612339434
0.0232225591020258 -0.0498840510347738 0.0236159900596438 -0.141604836605958
0.0603384101111585 -0.0140429990619334 0.0611686373226399 -0.073191239932056
0.0501394774307902 0.0566109733520801 0.00927162304089927 -0.0620041188525604
0.0403314972656041 0.093213615398115 -0.0603986203787544 -0.171543278285943
-0.0142959562570165 -0.0143060388487226 -0.185725707837405 -0.197015352298584
-0.00356867741377919 -0.00225977644481905 -0.136057334656931 -0.066549406830897
-0.00351221079041628 0.00534371242764663 -0.0375936563369932 -0.0824595272138287
-0.0018223192538422 0.014077906041695 -0.0909394161965535 -0.135033782771459
0.0191379776293343 0.00427515527097423 -0.215444409108676 -0.115789799132365
0.0347929938148345 -0.00862702987091378 -0.307343673414139 -0.025444506973908
0.0450919560984964 -0.0327422118523755 -0.322136486910989 0.0689017649812021
0.0543288793788551 -0.030404920669307 -0.290676342224966 0.0840027512546798
0.0718747327930655 -0.0178611740198896 -0.289097250183422 0.0136832024334538
0.0630082519748715 0.0303580924537246 -0.222276427815071 -0.0857908042962588
0.029744442553999 0.0623544074407022 -0.106233275512974 -0.169526383047402
-0.0275231876521624 0.0634930083771194 0.0143242546874175 -0.141080734170178
-0.0362817371500122 0.0290688773615128 0.0611723109574287 -0.0847743820135389
-0.0321197332115164 0.0152653066061542 -0.00393991827685824 -0.0583384472919403
-0.0278053607111197 0.0078802753269435 -0.0856143256432214 -0.166494606897777
-0.116090015621406 -0.077579782198595 -0.134382231019985 -0.181447413325644
-0.127093312953597 0.0111142926344829 -0.0853475005715075 -0.0721095671547814
-0.0793395386973006 0.114827991518917 0.00507433871823132 -0.11328565724355
0.020367749276218 0.150950230903887 -0.0589459777597195 -0.168303561194837
0.115449629681576 0.0744857541786963 -0.201542444867838 -0.136970568438488
0.145426057330734 0.00441255115068102 -0.277963625831428 -0.0463233726038076
0.167768703492533 -0.0593770880364281 -0.286979498769635 0.0482468052935626
0.165977690349336 -0.0627285930870372 -0.242232447658543 0.0682490450801313
0.181999070706968 -0.0373462008224739 -0.240964590503787 0.0254443688104839
0.158392236595862 0.064450154497883 -0.189462378634704 -0.0523152244883121
0.0938063348180996 0.141171098129091 -0.112193020554053 -0.12193151001642
-0.0371721413841822 0.183221340197287 -0.0170770603409747 -0.112704994618833
-0.113737091551241 0.10062196456724 0.0297425402899309 -0.0860573044084642
-0.122695979296156 -0.00250939500289468 -0.0303876022540324 -0.0491651749980273
-0.106637384192445 -0.0695919857685183 -0.102711429149547 -0.131010601608605
-0.1854783842468 -0.140650039298532 -0.0669135334556882 -0.136473134524794
-0.227138422934718 -0.00848478948733574 -0.0198623522155616 -0.0571968468750054
-0.16740954285479 0.186267619881227 0.0579885052132333 -0.116518623330909
0.00728304640684151 0.27512247235114 -0.00576105262826678 -0.175070943900032
0.180200296891133 0.159528421471734 -0.149546404486855 -0.142515295462067
0.231175069262529 0.0386520890170597 -0.204028241820938 -0.0624252877254721
0.2654366889745 -0.0628024949681948 -0.207739585886301 0.021168588618431
0.252408096975148 -0.084801247268831 -0.157268095336293 0.0430725662576828
0.266645745054224 -0.0649173932245048 -0.15464341557041 0.030907293777117
0.242327906272794 0.0655599658659884 -0.122317016261956 -0.0177380085590188
0.171053206857766 0.180131599769111 -0.0886415536069081 -0.0573791131156675
-0.000941508888115442 0.284962987187136 -0.0338335734321003 -0.0586698909125632
-0.158365387735134 0.189445331006121 -0.00416424439387511 -0.0614573455091679
-0.209108292132966 0.0086812061758708 -0.0516333044393216 -0.0244810625170599
-0.187643967587859 -0.126599583929837 -0.0995123533437305 -0.0709715644198523
-0.209970673645908 -0.191006770320125 -0.000537910867932457 -0.0665268893493339
-0.275955181869992 -0.0533479753120366 0.0380517622536694 -0.0199558505738242
-0.240199327268539 0.197607986059902 0.0966680365284629 -0.081495837694321
-0.0390675156864878 0.344195310275247 0.0470388150164737 -0.135017366498416
0.19128907170041 0.234074797504108 -0.0733454643180945 -0.111144745232804
0.270774992685318 0.0827038012008761 -0.0972285479003875 -0.0554330650906504
0.319567700920888 -0.0472250361694991 -0.0963408761516591 -0.00145320142163406
0.300881910881849 -0.0933832896654699 -0.0485860319260839 0.011956594182096
0.312566389090439 -0.0900652442562361 -0.0444811043092947 0.0203387136226788
0.295406896430916 0.0420703304917772 -0.0277547318678353 0.000912392540894316
0.235236689675987 0.177866737503331 -0.0278784634604305 -0.000917122996120945
0.0550473179611878 0.342193299125769 -0.01526807930598 0.00132590863302429
-0.165044986383647 0.266114619085363 -0.0140043290117958 -0.0194566695040266
-0.271956601081909 0.0379786037168043 -0.0482388963146283 0.0118275363930575
-0.254817669265431 -0.159180670159071 -0.0690967367386415 0.00245702980887138
-0.194071532718024 -0.212267435916917 0.0507541804297688 0.0159634665961934
-0.264741434543624 -0.0965144555440864 0.0697016535388322 0.0247362365595993
-0.266413691190052 0.154580762149032 0.0951293629699416 -0.0270149437445589
-0.0914823712053264 0.335163388534627 0.0671693316269774 -0.0595078166389529
0.153486793934597 0.264024581185202 -0.0041275546828949 -0.0397624969083583
0.255945658137029 0.113699688091968 0.0162702012910593 -0.018643354771142
0.318593347593483 -0.0233523410289605 0.0285207148959843 -0.012948019953645
0.302055202084681 -0.0883612907698043 0.0661904691953428 -0.0192413287435668
0.312929975740572 -0.101106400367927 0.0715644910800332 -0.00474270244157037
0.303622371103759 0.0151792054101799 0.0767139539462407 -0.000575187272459177
0.258076213189088 0.150149937449195 0.0538540829453579 0.0330557961847195
0.0961913172085355 0.342411108574217 0.0308820250728905 0.0455829837410975
-0.148089464722992 0.299334468184947 0.00484162504361753 0.018944709649275
-0.295166606554838 0.0639408482758586 -0.014829898767298 0.0457656619929135
-0.286780019007186 -0.164854759891079 -0.0113748021290639 0.075556229603396
-0.15262545104496 -0.197322170533677 0.0798648695925775 0.0928559683008563
-0.211836495194798 -0.111761282888769 0.0722883283778688 0.0565806554951266
-0.234282035073879 0.0938559208855264 0.0526021603878243 0.0177520406306643
-0.109566005822457 0.261051934296724 0.0416542398118237 0.021650659904144
0.0960780102657832 0.233579895019416 0.0373721233159871 0.0504467084257943
0.197920300696938 0.113982924887561 0.112079717079906 0.0379908553789356
0.265661543873842 -0.00174779034164113 0.145127613732135 -0.0136182276196031
0.259604975366104 -0.0695923560731825 0.170891858858626 -0.0475581717464513
0.268293837806239 -0.0867865740946496 0.177342949684043 -0.0353161915761164
0.265387481307012 0.00265201934449111 0.172048580480761 -0.0115959333927204
0.232290088588271 0.116087309605514 0.131238620260029 0.0517580383753581
0.0994340719052723 0.297000217644945 0.0787140999975749 0.071421236907341
-0.124963921763774 0.278118897721718 0.0343751757595488 0.043395239921746
-0.275466049336131 0.0668242219841721 0.0338264063666244 0.0672028588359051
-0.271640744805609 -0.151773420166971 0.0581260886856095 0.13782717779327
-0.100403046927321 -0.147206404108617 0.092844505256974 0.146973056460962
-0.141967441077432 -0.0897370289114209 0.0606011710555814 0.0669818620606407
-0.160459999141977 0.0489163579271568 -0.00556730840316736 0.0397083627882123
-0.0822084113499904 0.162569113566481 -0.0038583306333353 0.0827451719674389
0.0483005887751879 0.154660222504588 0.0561125297302487 0.128544919174059
0.117960835264946 0.0802316171807435 0.179538214423611 0.0892777727577923
0.171797837078862 0.00752706330449532 0.235474247039314 -0.00941751234155057
0.177627818277853 -0.0421350398060929 0.248688412777695 -0.0691371527435627
0.18596778614835 -0.0532297071838406 0.258756651937639 -0.0592437490030145
0.188737204672541 0.00286192751618904 0.244477549887486 -0.0164637345755768
0.168243915704069 0.0827795198295048 0.187712496608823 0.0662043781753687
0.0737723577600099 0.218263572377899 0.11110979163772 0.0888775141824816
-0.0974403330718792 0.21123854894705 0.0566585233968502 0.0598707831840734
-0.215164364376643 0.0467095849211413 0.0798295666259048 0.0777693708178384
-0.208408007193107 -0.121048347821847 0.123542476320509 0.184898644171367
0.103083438563054 0.0391711438639123 -0.21192758445963 -0.184581864262296
0.117567198421387 -0.0422674807249687 -0.157188339006284 -0.0479343038596584
0.0497413090302087 -0.114641531364412 -0.0565850928553274 -0.0452040229756958
-0.0461308750418335 -0.110673761457152 -0.0973542283690749 -0.0964841122673886
-0.0850103961734105 -0.0430761415863521 -0.200100403974858 -0.092349662307307
-0.0789782372807142 -0.00185090285906258 -0.29481049698294 -0.00480378203452827
-0.0832642574160859 0.0119017300138237 -0.31058731043808 0.0830893668668491
-0.066004666479743 0.00927745762068556 -0.293789912002032 0.0955726627304754
-0.048967970125921 -0.0077529926424123 -0.293529062626743 0.0129005521666607
-0.0328050757300765 -0.0284338145959663 -0.227999077838888 -0.090107819353925
-0.0110806950616265 -0.0401014592226263 -0.0998229017267341 -0.177108267164094
0.0219740767061046 -0.0503289642251264 0.021243608992833 -0.142551193980041
0.0603241087391265 -0.015358389949142 0.0600777970877864 -0.0739911069826125
0.0525996813747369 0.0561168094634398 0.00692145886566568 -0.063252505076061
0.0429749750840052 0.0929968213966352 -0.0664052151216284 -0.172551320649181
-0.0149866391623327 -0.0143115803529891 -0.191528916033206 -0.195934084672251
-0.00376702613692978 -0.00287480299236839 -0.138243517342153 -0.0643221337533069
-0.00341097334821377 0.00524451027947088 -0.0394722391044109 -0.0826151067550453
-0.000978639473114493 0.0139389226080858 -0.0945989092697617 -0.133467059341444
0.0194170899581979 0.00396106173725864 -0.219816080923343 -0.111817192960399
0.0348015688580375 -0.00984400038048144 -0.309675649930811 -0.0173215280036451
0.0441872586036933 -0.0342693098744318 -0.322831162191743 0.0765995904521668
0.0537696058811753 -0.0315397646909702 -0.290252267263487 0.0905217262525891
0.0712613308852554 -0.0194699979616456 -0.290242255433168 0.020132324056961
0.0633549073629098 0.0288810923331927 -0.22524867388873 -0.0814487170594383
0.0311615815261213 0.061800879531149 -0.110182114067999 -0.168053327510813
-0.026929040651608 0.0647091334187308 0.0118256538321317 -0.142116647854167
-0.0363756332293865 0.02956370149264 0.0595075019588095 -0.0862643144017807
-0.032043215084053 0.0156583849228408 -0.00594020424194802 -0.0586657209923975
-0.0285672626603307 0.00830558311791573 -0.0911001714350703 -0.166560869441675
-0.119855858178865 -0.0763413382137792 -0.140141850604338 -0.181086093037276
-0.127943743657776 0.013319079996663 -0.087893071268373 -0.0713334682763111
-0.0775985679158128 0.117488746369685 0.0024659298362171 -0.114907614171972
0.0241447137103179 0.152645622702948 -0.063366453950828 -0.168729950139884
0.117787766065746 0.0725881528736575 -0.205517543647726 -0.13340520969558
0.146216635859511 0.000692350623472747 -0.281304450603965 -0.0402001904772359
0.167441843464581 -0.0639116821266572 -0.287331598622236 0.0554731355185174
0.165710851199233 -0.0671025807043858 -0.24240450437167 0.0740091474725715
0.181917332681016 -0.041714396283222 -0.241922096780378 0.0319342969339229
0.160669008923903 0.0615440155351698 -0.191927941023095 -0.0486195304886485
0.0976841951036835 0.139673133684364 -0.115164192439646 -0.120692317523465
-0.0336142492248756 0.185603652930633 -0.0192609872689068 -0.112805581535016
-0.112936525124525 0.103861158884983 0.0278238078414825 -0.0868819664455078
-0.124134009504546 -0.000388725993971333 -0.0323921468252225 -0.0483727543101326
-0.109837005513748 -0.0681317627493776 -0.107346904086056 -0.13022233269599
-0.190876934021841 -0.139073935093334 -0.0705878115662001 -0.136476690282776
-0.230084814751333 -0.00368776420456319 -0.0206748574636982 -0.0574428147779659
-0.165186301135828 0.1919656925901 0.0568222214303784 -0.119089569358634
0.0126970716380946 0.277559576664588 -0.00927455680977373 -0.176723143248228
0.184721265063898 0.157098172407538 -0.154030983290666 -0.139593483401779
0.233734215495726 0.0335728171724412 -0.207156632768108 -0.0582361874489669
0.265815070959057 -0.0693638817473563 -0.208243777328552 0.0261586138086673
0.251500989974442 -0.0914965595002719 -0.157921463803668 0.0470921076079123
0.265794767908539 -0.0707182120736431 -0.154820009835117 0.0345591999097994
0.245199097984068 0.0607764583687569 -0.123155288753986 -0.0152097817036994
0.176147250780818 0.177711767118531 -0.0898475147771094 -0.0553959258970096
0.00523332564811225 0.287818599493364 -0.0345822240548133 -0.0579856809098192
-0.154652428577363 0.194345671309444 -0.00633662956698698 -0.0613468742530758
-0.211136085537184 0.0128812811720447 -0.0535762971933788 -0.0232310578671963
-0.193367053600837 -0.124408409111932 -0.103278691458075 -0.0694597059624277
-0.217150918887545 -0.189745914803548 -0.00127820442555024 -0.0668213036618234
-0.280424414761101 -0.0480295478794768 0.038062723683429 -0.0211939464060599
-0.238565564768924 0.204964919790756 0.0961988739920929 -0.0846884643980086
-0.0319702826828653 0.349053642656631 0.0450254113122171 -0.137997589195826
0.19747264584664 0.231617142932473 -0.0763956120368905 -0.109984382096935
0.274076623632616 0.0772222005567595 -0.0996650915073018 -0.0539236958862389
0.320231752108107 -0.0546637524330048 -0.0966903837602676 0.000511359997266748
0.299533656489712 -0.101780887368124 -0.0487022483823797 0.0137103807701789
0.312429304126558 -0.097385137157239 -0.0437195255890885 0.0214386837817286
0.298448945291091 0.0353524341173739 -0.0276858348149273 0.00157220892354083
0.240637464179816 0.174239254469193 -0.0272834317994601 -8.28526045543902E-05
0.0627194739970633 0.343763036765139 -0.0146014910663411 0.00203979286183157
-0.160710872207942 0.271951857192588 -0.0146451270180901 -0.018935520361512
-0.274475244565263 0.0443860191932008 -0.049030533003208 0.0136564973047948
-0.261011704427841 -0.155266268313956 -0.069627209859112 0.00430656181747391
-0.20145675053449 -0.211003800691218 0.052274204515209 0.0146455063410993
-0.270062823773235 -0.0920865994869404 0.0716056582608721 0.0234137529626016
-0.265486925957053 0.162133147208004 0.0962252144858106 -0.0301673878361494
-0.084306039943455 0.340193673489917 0.0663865793641379 -0.0616518114343486
0.160728325172293 0.263172686423142 -0.00488202484269618 -0.0402012333237949
0.25973909353203 0.109443439457456 0.0155282712430337 -0.0192665042633775
0.320419878823081 -0.0308464287703211 0.0289811314859272 -0.0145362366321265
0.30169669904796 -0.0962234288434048 0.0662544489841285 -0.0211431248472893
0.312592883172562 -0.108321026524081 0.0723785502656113 -0.00656440902366193
0.305937395912211 0.00857387114860955 0.0768243439627982 -0.00280599255044631
0.263357441216716 0.145770227895311 0.0556093128332764 0.0318826645762244
0.105407373594065 0.343057291572129 0.0325048444436946 0.0452625134511793
-0.14277167919228 0.305473332939785 0.00509341501116874 0.0190838625061483
-0.296122066521207 0.0710582969549598 -0.0141635511940583 0.0467437312314934
-0.293966180552594 -0.159520381245339 -0.0094924919799774 0.0766489441014598
-0.159167053789855 -0.196402299013966 0.0834767785097557 0.0920426129100913
-0.216543725502918 -0.107608798328137 0.0751805114943531 0.0552903016139563
-0.234792736775462 0.100436909611096 0.0540273015728807 0.0160348262841681
-0.104849732457063 0.266552824113134 0.0431629694888237 0.0199913152999122
0.102338783765309 0.233850935915974 0.0383448733668218 0.049988135020037
0.202255222133057 0.111261877114384 0.113212947695275 0.0354231780420161
0.267289850693493 -0.00786322220169087 0.146292362718067 -0.0177764973890814
0.259486283304466 -0.0763625474471448 0.170829625108389 -0.051574651913526
0.268057236634185 -0.09368123763042 0.177841539995648 -0.0394002791690995
0.267191058029518 -0.00399914122563109 0.172523035076918 -0.0156214756701899
0.23667636716303 0.112336687677622 0.133564508668721 0.0486793726732963
0.107278011661858 0.297061000611953 0.0811067645220101 0.0704834944998036
-0.120187250134226 0.283594600062967 0.0353929397826139 0.0433447867785802
-0.276063649842747 0.0734890825583455 0.0358027464480383 0.0670444983090238
-0.277289676348382 -0.146914591353739 0.0620416243990403 0.138494780838218
-0.105456576087848 -0.146962160008935 0.0978430342321305 0.147156323240089
-0.146360409534705 -0.0876254719164773 0.0639081003275406 0.0660383834441833
-0.161064269291696 0.0539024529456371 -0.00375687461354856 0.0397705586347482
-0.079109593658376 0.166086465509926 -0.00250252516684019 0.0824416932600773
0.0522362793166844 0.155004385847061 0.0584022941460949 0.12833869249117
0.12106757981743 0.0782462128232409 0.181819901214228 0.0853505078031913
0.173768525330678 0.00364568550311798 0.236475566618616 -0.0152983711313928
0.177764086644823 -0.0464221497779044 0.248742287817955 -0.0756610166594647
0.186666775871302 -0.0578688227775602 0.258943901529942 -0.0665680928905536
0.190407254195229 -0.00174781545794253 0.245291400315787 -0.022790897178328
0.170764434628191 0.0797273682073349 0.191542004368723 0.0619204917863772
0.0794246529717539 0.218233145317085 0.114211684067799 0.0868036247390045
-0.0932527128266261 0.214676323380359 0.0582090139016397 0.0593721378010578
-0.216070924260578 0.0515979384266878 0.0817031837073786 0.0772725957996347
-0.21322455649926 -0.117843164268366 0.129260523827322 0.184953281997587
0.104689605627894 0.0377226179926268 -0.218364674864213 -0.182403285716992
0.117534117959248 -0.0444173013076009 -0.158817625334269 -0.0451618912806335
0.0479087554775288 -0.116757394691708 -0.058080810590281 -0.0445469547100193
-0.0491560200606384 -0.11049105431961 -0.100477637238447 -0.0953042782339147
-0.0866760048681531 -0.0417429687276523 -0.203510781602614 -0.0889163882445816
-0.079840869349064 -0.000106543802374012 -0.29633958561844 0.00256980269773156
-0.0830932765419944 0.014340691126449 -0.310505738989855 0.090350843110406
-0.0661520965749737 0.0111762651599394 -0.292599355890626 0.102371281850118
-0.0500056938786153 -0.00673063339958612 -0.29386566376044 0.0196427555712648
-0.0337846520848547 -0.0280139875808349 -0.230927190746975 -0.085801810590511
-0.0119810407046316 -0.0402046969535349 -0.103758242616192 -0.175867318371398
0.020449680337418 -0.0519398923235763 0.0183716607061303 -0.143361554414791
0.0602986632969104 -0.0172350859906462 0.0587461850717371 -0.075179887515029
0.0542657329396875 0.0550480692305067 0.00507197430389408 -0.0637514893683064
0.045313888124873 0.0928218769134145 -0.0712107488501316 -0.173296816392332
-0.0152331965683768 -0.0140328360910455 -0.19770956819265 -0.194647770997327
-0.00328364256820967 -0.00292613881218761 -0.141058490216047 -0.0617315247390444
-0.00302766205662095 0.00554195575069538 -0.0411993193717603 -0.0828752740834634
-0.00091319697573325 0.0138762384928673 -0.0985450017602179 -0.132915594671671
0.019850082917438 0.00319678702156776 -0.223541930834839 -0.108229066980087
0.0348553821130428 -0.0103237167992357 -0.312038468661225 -0.0111783077026081
0.0434433218159208 -0.0348395839976815 -0.322357262644855 0.0848429084462393
0.0531666824961772 -0.0329697287011631 -0.290295779873235 0.0983284779764034
0.0711482520756762 -0.0214117650208875 -0.291447479605839 0.027010848061024
0.0643995189297197 0.028170858518128 -0.2276860461184 -0.0768632854176725
0.0332456181596199 0.0616372253481943 -0.113703079338854 -0.166996210764502
-0.025889017993678 0.0660282194308422 0.00887897871943074 -0.143008966691099
-0.0364363489853667 0.0300453013073679 0.0576011503734567 -0.0872143798230079
-0.0320616276980674 0.0163103629117336 -0.00787708497954297 -0.0588421519813599
-0.0286018431273654 0.0086852113300461 -0.0961080561641701 -0.165936120580618
-0.122731809884543 -0.0749496315317477 -0.144624657913555 -0.180406055706175
-0.128489025246026 0.0162535455036065 -0.0899036683498909 -0.0699378040029935
-0.0758968391073726 0.119865404637837 0.000666662079538536 -0.116566420704299
0.0273706800676561 0.152377429371085 -0.067252940900775 -0.168870225820046
0.119862525689876 0.0706758698914836 -0.209633876778797 -0.129982474377318
0.147434730531378 -0.00235224966102056 -0.283446788157827 -0.0344314806065515
0.16686098109624 -0.0676379079529893 -0.28749626283867 0.0620457932564077
0.164332992354732 -0.0710502143478241 -0.242140364805389 0.0800982363645639
0.18189863891729 -0.045362769493121 -0.242562772855848 0.0371721422359943
0.16278489910172 0.0583853700543792 -0.193085750309219 -0.0448621379933091
0.100891590287989 0.139003765249555 -0.117972699426032 -0.118415915499095
-0.0298157848526269 0.187866726923384 -0.0208998223573995 -0.11294865847502
-0.11229456232922 0.106566508285343 0.0258723453814464 -0.0875266446028642
-0.125479534156841 0.00233539122933415 -0.0341645138291539 -0.0483094488666613
-0.112507327818043 -0.0669746090888501 -0.111949903706676 -0.129321361604928
-0.195567299893105 -0.136967761771243 -0.0738274884082332 -0.137625733009079
-0.232171194318534 0.000487707343685791 -0.0227362051064821 -0.0577399375695367
-0.162013095382963 0.197033976654314 0.0552435829754921 -0.121795503631738
0.0196121340271085 0.279838040825411 -0.012837594286312 -0.178449210536226
0.188051989691839 0.154507703139939 -0.157088491130769 -0.137383341403048
0.23592350835453 0.0288573693535925 -0.209970996514314 -0.0543059670800576
0.265210662391538 -0.0751852898374677 -0.207777303234045 0.03086994894327
0.251284897068131 -0.097850523863889 -0.156943283935603 0.0506695382022672
0.265443648340762 -0.0767722146801588 -0.154248878309957 0.0381009227655287
0.247594090838978 0.0559217073473632 -0.124027398498282 -0.0125197831788791
0.18102703441011 0.175923130384721 -0.0910638541614955 -0.054050350066092
0.011055424689797 0.28943270786658 -0.0357999458238372 -0.0575426340479598
-0.153241202870884 0.199281170958772 -0.00760830198833392 -0.0615631572472744
-0.213524034374152 0.017604472216639 -0.0551784160593118 -0.0219043016503281
-0.197897945410461 -0.121460796981567 -0.105419604740084 -0.0677978294128372
-0.222970296449626 -0.187658406217254 -0.00221976543312236 -0.0679988246177189
-0.284172113640502 -0.0438239102302775 0.0381269535814658 -0.0220211081557831
-0.236732552279385 0.210992576950094 0.09589756743074 -0.0879859799777062
-0.0241638545621423 0.353113177750767 0.0424585567952718 -0.140543735644295
0.203729202172826 0.22945036252833 -0.0793956160049501 -0.10946772225599
0.277581241002012 0.0718058338913453 -0.101633079933433 -0.0524403417544364
0.32096045138479 -0.0624573275441858 -0.0963909637545252 0.00231566761050194
0.299472604688256 -0.109307526918976 -0.048784240679697 0.0149751190978664
0.311826376473746 -0.105009019576711 -0.0432919213392543 0.0225990365358892
0.300828175224763 0.0291434266750951 -0.0279203318360937 0.00207968050378093
0.245699710012004 0.170800736687668 -0.0272293342393566 0.000501562563764432
0.0707557851605023 0.345001149476319 -0.014331701486292 0.00245523421102119
-0.156500825143879 0.276722415047355 -0.0161723679577692 -0.0185607532545248
-0.275790263657044 0.0502489050472559 -0.0495257926691818 0.0151015247777331
-0.267408826175024 -0.150772285320706 -0.0702000651815563 0.00580168045271395
-0.208238877156786 -0.209938191125013 0.0538627703656595 0.0141632831866324
-0.275238146112963 -0.0874398433330625 0.0730974671211933 0.0219493251048738
-0.264678786158214 0.169148855423707 0.0969348531744499 -0.0325206435630191
-0.0776812396408159 0.344647821105909 0.0657266263167241 -0.0643620868141018
0.166561580417595 0.26137322325319 -0.00602681451055487 -0.0398852485505835
0.263908247241233 0.104741784926529 0.0145296166772291 -0.0200492109356408
0.321294692224711 -0.0378039217413332 0.0290640940865591 -0.0157933362997145
0.301080439725078 -0.103552331029039 0.0661654555272275 -0.0222477095486934
0.311291883824652 -0.115753482726523 0.0728359915879387 -0.00822313403878781
0.307345680961786 0.0018453487574664 0.0780054689417515 -0.00435033822361091
0.267875894603626 0.140758617846578 0.0571571992513986 0.0314175693017301
0.113692892537122 0.343363974396474 0.0341000119443758 0.0449582486958867
-0.137567916156533 0.310383667456803 0.00493823268197586 0.0193754989955836
-0.297368735677038 0.0770312083996607 -0.0141969705478241 0.04787944709057
-0.299595954853535 -0.154786398203815 -0.00794120208453879 0.0781659907781552
-0.165844327596752 -0.195541441116979 0.0876070852174582 0.091894203798395
-0.221633640680866 -0.104975537568878 0.0780333894886735 0.054389571228206
-0.234861194116091 0.106199371514353 0.0556196108101152 0.0141554272742962
-0.0999450434574056 0.271853365790663 0.0434206008245597 0.0181955912524135
0.107057988122659 0.233195224169854 0.0395913714229123 0.0496471916225826
0.205740374308167 0.107294563310851 0.113984889096306 0.0331833258867617
0.26850726989335 -0.0140901504033609 0.146628708158658 -0.0211673409099432
0.258901745656704 -0.0827943043755026 0.170272698751844 -0.0558103378021778
0.267158846322151 -0.1002334237074 0.177889804241993 -0.0439089214901733
0.268102252104784 -0.00910928881515423 0.173040291378833 -0.019421837745036
0.240005579362136 0.108370336860727 0.136154880324024 0.0460054349229303
0.1149678797362 0.296600940266222 0.0838212902897381 0.0690291630229063
-0.11463588212775 0.287273746377628 0.0359599954362154 0.0433990975002054
-0.276453487938572 0.0793848652233801 0.0370009960138329 0.0676319197160374
-0.283277282741845 -0.142457848548738 0.0655708685509881 0.138637741680519
-0.109951294750113 -0.146592390333593 0.103293310745794 0.147312811486557
-0.149973272836074 -0.0849003451387953 0.066522731265499 0.0650793086427308
-0.160759862478039 0.0577282625606649 -0.0024399250558277 0.0392945007362383
-0.0760975724444026 0.169643620966165 -0.000935863684231008 0.0823193309186302
0.0560643399439484 0.155042517055514 0.0609930346501422 0.128731604035771
0.123322456738107 0.0765173882214575 0.184116924171468 0.0818908765707724
0.174352478270521 -0.00042579499919736 0.237334422586045 -0.020850169159198
0.177419200455342 -0.0509176319810034 0.247928176518715 -0.0809566986719404
0.185480310802545 -0.0622937313738575 0.259204567475448 -0.0725872171493875
0.190980116397285 -0.00594729655190641 0.246379030566287 -0.0286513915985685
0.174095590717723 0.0764755856802337 0.194047464028692 0.0583776632238665
0.0850072227263809 0.218276754375245 0.117355060770123 0.0846407557471387
-0.0893611988772337 0.217370783714455 0.0597991509753048 0.059105698490117
-0.216597045411797 0.0564528701114387 0.0835694769863763 0.0766895437775503
-0.216985167701406 -0.114214838152615 0.134324006657025 0.184230090370129
0.106375484288138 0.0360524489279914 -0.2234206000864 -0.180873747251234
0.117609050607713 -0.0473090389488964 -0.160764604301702 -0.0424171148002878
0.0460257289014895 -0.118765255612604 -0.0599215256721955 -0.0440982975935261
-0.0515874249126791 -0.110079240027418 -0.102962523629783 -0.0934361190231215
-0.0875263810230271 -0.0404130416071254 -0.206283468809102 -0.0845650450701946
-0.0795945377522915 0.00111982375586998 -0.297596117377603 0.0091386159312765
-0.0837374151625259 0.0163165748517138 -0.309842917751707 0.0979695330854876
-0.0660932839995302 0.0132477204095802 -0.291115855271587 0.109059254763618
-0.0506662119873089 -0.0052939275453089 -0.294144581086901 0.0256220854644173
-0.0349404471496023 -0.0273376259258631 -0.232335120464925 -0.0813988418178665
-0.0133172474315107 -0.0403999058171277 -0.107908206929223 -0.174896259920473
0.0194287979430568 -0.052791627386932 0.0157955933825681 -0.143966934653267
0.0599337765273548 -0.0192868975006777 0.0578715937683393 -0.0763498106562081
0.0556115643569134 0.053951671100585 0.00302629646837813 -0.0640478518819492
0.0477241859275413 0.0923358922086976 -0.0762342594851436 -0.173847450669726
-0.0158468019873124 -0.0138516914142061 -0.203109011501148 -0.193416255324883
-0.00321583529162149 -0.00289253648703582 -0.14296037460297 -0.0600055105484436
-0.00299435189478333 0.00539425060065073 -0.0440534363955611 -0.083156295943837
-0.000443501722296343 0.0139572034357758 -0.101588157232561 -0.132158556525302
0.0197213806861275 0.00329415664748218 -0.226521317573207 -0.103982096692022
0.0350480971182353 -0.0113524999480448 -0.313611781558554 -0.00423632790598121
0.043532331102164 -0.0355600641947248 -0.3220237769728 0.091268321717924
0.0524249062249801 -0.0339646046774755 -0.288683263487685 0.10465615681658
0.0714985938634185 -0.0221604527573572 -0.291105515931679 0.03304968110284
0.0656071600462554 0.0273743953756216 -0.229579499600081 -0.0728594917449673
0.0342296287429849 0.0612613056688469 -0.117143576043596 -0.165373656114137
-0.0248191755999035 0.0668981407340332 0.00716435787799303 -0.143440006837743
-0.0368659058477958 0.0307493773617635 0.056828755948997 -0.088238888402144
-0.0325946561368293 0.0163887614391232 -0.0101812249882734 -0.0581927756915919
-0.0287655506604078 0.00877506681784318 -0.100960528763952 -0.165597414593623
-0.124906358507846 -0.0733758039999959 -0.148738739118943 -0.179690268668696
-0.129196824646762 0.0181447115494347 -0.0920478363594579 -0.0686393586201801
-0.0734806144511108 0.121833682877385 -0.00188461537229767 -0.117308083116273
0.0311820362775971 0.152737930134197 -0.0709663744956174 -0.169152529013672
0.121342172331587 0.0690083516588199 -0.212536908333141 -0.126563966125874
0.148271097944696 -0.00542442127229626 -0.285438444438197 -0.0286377910286741
0.165659237479865 -0.071235243913009 -0.287143896932765 0.0679765557022128
0.163137592765643 -0.0751206916138905 -0.241190849505852 0.0857636014237158
0.181433530489956 -0.04956595347896 -0.241432488973058 0.0426464823233254
0.164647454604051 0.0561553583433011 -0.193997900345884 -0.0412569062792876
0.103418761249393 0.138262533230651 -0.120336038744706 -0.116700096625631
-0.0263037755774485 0.189499993016794 -0.0231132947233588 -0.112546522075977
-0.11127072628896 0.109400641045735 0.0239504829166986 -0.0882575281919963
-0.126561870028998 0.00441003487464167 -0.0362436175557919 -0.0474877490103328
-0.11486341789355 -0.0652299427143107 -0.115760391758745 -0.127892592856721
-0.20036696281411 -0.134977044570092 -0.0765647271965231 -0.137244023070182
-0.233518581129641 0.0049971870437118 -0.0239525429501871 -0.0574226661826761
-0.15997857115581 0.201120900333991 0.053928372714498 -0.12381743834393
0.0250686833315422 0.281363708784084 -0.0160468281769703 -0.179217386155678
0.192107762119704 0.151733215023667 -0.16074476761245 -0.134896886089429
0.23739572420654 0.0235460957147296 -0.212254652304571 -0.0499652921982131
0.264506474200494 -0.0815993144188406 -0.207103513147866 0.0343691111064843
0.249335612877511 -0.103464713755233 -0.157116852402669 0.0538390308639975
0.265025395899092 -0.0827279738167349 -0.15377425662937 0.041547333319739
0.249511201269612 0.0511171569092832 -0.12448651010857 -0.009999557194556
0.185267222230259 0.172750829952998 -0.0922110595289571 -0.0524063754377659
0.0176359446134714 0.291661597044288 -0.0370651231866641 -0.056754707612168
-0.149971737683509 0.203199979015361 -0.0095456189082095 -0.0614267731519174
-0.214425356182082 0.0213614197244876 -0.0563258566815056 -0.0206586782985598
-0.202871466460372 -0.117957069391048 -0.107780011778247 -0.0662994300505336
-0.229223750314765 -0.18507601712193 -0.00338789234179265 -0.0684552916801596
-0.287687472897799 -0.0388487403912352 0.0384347961522959 -0.0227284827499349
-0.234345172257619 0.217289993979366 0.095630145885259 -0.0907515998500399
-0.0174167174813599 0.35547173803428 0.0401191354660059 -0.142630698378628
0.209130123845204 0.227158719919311 -0.0821273128793397 -0.108505500966173
0.280655392867885 0.0662558082512048 -0.103991829927839 -0.0508164918407636
0.320247979945554 -0.0694340159026545 -0.0961728324960022 0.00363063087626976
0.297488678395379 -0.115633879259286 -0.048974201673806 0.0164128862167818
0.310233710144784 -0.11148430968971 -0.0426765990375692 0.0237193435541025
0.302400898078995 0.0230589603920755 -0.0276270880249271 0.00293341112164341
0.24995035212552 0.16709013999136 -0.0263058380187266 0.000993237201254705
0.078511229535747 0.345665462232498 -0.0139701297132899 0.00281063298409727
-0.152236296126898 0.282028317884335 -0.0169622979490281 -0.0184461754713733
-0.276859220292467 0.0553099405631595 -0.0499808673549712 0.0166964258163899
-0.272239648122858 -0.146214220067743 -0.0705951162204011 0.0074363782980379
-0.214987572313315 -0.20763296486596 0.0550513350191076 0.013719374352157
-0.279061264634946 -0.0829317725794502 0.0743729117751084 0.0205429832245528
-0.262903660105191 0.175235337864889 0.0974146551592125 -0.0352359699580932
-0.0708967731371868 0.348949510996377 0.0650160473794367 -0.0670543456260294
0.172309897887089 0.260270962163244 -0.00714163615357784 -0.039880789298028
0.26751588771973 0.0995427887007198 0.0133980204989466 -0.0208007944946181
0.320991122355705 -0.0452885102414089 0.0292820101585248 -0.0166268911723463
0.299748611664377 -0.111053641019425 0.0656955575376979 -0.0235648705377888
0.309044091181601 -0.122835521504682 0.0730792699161628 -0.00980464237644129
0.308343867531045 -0.00462382621163959 0.077658488703917 -0.00596506438394528
0.271527953146766 0.13676214018956 0.0591556623050941 0.0301769109702764
0.121863927405077 0.343010621749984 0.0353152040308619 0.0444839813107609
-0.132568439845376 0.314533860826811 0.00478872076830809 0.0195373948522709
-0.297930247410878 0.083450677772233 -0.0132902894483324 0.0490753741857715
-0.304817882902853 -0.150130647823895 -0.00657793317039273 0.0786226963663759
-0.171736575032368 -0.19410182754794 0.0905353460727154 0.091287951024649
-0.225626369099935 -0.100846200074067 0.0803359229992379 0.0528515777627674
-0.234539459357632 0.111977069110908 0.0565302782950365 0.0125142743881721
-0.0954377545213048 0.276559579660927 0.0442347573584535 0.0163341173052719
0.112608302786671 0.233084000328928 0.0400301757365909 0.0492279297433546
0.20829706634776 0.104170476546357 0.114803597356119 0.0307982963271003
0.269093541995773 -0.0203892502843127 0.146800457485182 -0.0248343810091836
0.257617514182417 -0.0891985467184794 0.169816727565107 -0.0593959985221206
0.265984529923048 -0.10629108588851 0.17764944295241 -0.0478999194026868
0.26906231569423 -0.0152318763780155 0.172623679846313 -0.0232797308548635
0.243564412358982 0.104152425744994 0.138165263008822 0.0430482423275152
0.122138149141917 0.296074798730338 0.0859590738837306 0.0673925527746257
-0.109859113238438 0.291532451139755 0.0367446120640106 0.042978399319673
-0.276731804365628 0.0851115982874039 0.0381060443376627 0.0679024846335245
-0.287583158400406 -0.137571478162445 0.0689510571580067 0.138587680946589
-0.114336891132941 -0.145218032023057 0.108765226576255 0.14710661013565
-0.153245831585511 -0.0825058339176497 0.0694048734856858 0.0637175166809947
-0.160722155033503 0.0620040183007263 -0.00127552055252594 0.0385219108627502
-0.0726214904830594 0.173358947792054 0.000705202085803254 0.0816928288649769
0.0595940157739498 0.155751043827445 0.0633845290035108 0.128270242941891
0.125205791057798 0.0745099119434292 0.185858879202023 0.078436376983531
0.175637120513589 -0.00415034059942359 0.237529947653774 -0.026099483812289
0.177052477307816 -0.0558281307706651 0.247149506237299 -0.0858589170311197
0.185203453901593 -0.0662182034124758 0.258880930936193 -0.078664869394684
0.191468613703245 -0.00986695569707233 0.245846529477988 -0.0334094579006097
0.175540545238896 0.0740891773626712 0.196987654405803 0.0542154983618502
0.0899967474163633 0.217552370300273 0.119723286143493 0.0826004349489172
-0.0850785036569386 0.220484046011768 0.0606252800829357 0.0583347275079442
-0.216362275425181 0.0602956525682569 0.0853977411325026 0.076025988835222
-0.221303229241755 -0.11065818809604 0.138729273681222 0.184006759977103
0.107901952291596 0.0346864123465068 -0.228602066793844 -0.178450845864429
0.117363003185926 -0.0496631747740659 -0.162000170042338 -0.0398147772021837
0.0444727583164787 -0.120227112044028 -0.0612754170231865 -0.043010399626692
-0.0537676324838115 -0.110342667082626 -0.10563403352075 -0.0920920216709616
-0.0886182204407373 -0.0389507435918684 -0.208947968783836 -0.0817139308916493
-0.0796711853697457 0.00303210512261052 -0.297808656073228 0.0148580878685317
-0.0831432643645304 0.0179196612247017 -0.308727321737434 0.104516119958144
-0.0662191549734377 0.0140200698894733 -0.290352932650293 0.115054297969164
-0.0509711173394637 -0.00445058959654553 -0.294739116795698 0.0312069819998606
-0.0352764417149672 -0.0268878694383782 -0.234222972992257 -0.0777050646125492
-0.0144485774641739 -0.040259608820856 -0.11126697615325 -0.174128886050554
0.0182575507053342 -0.0534111850277424 0.0132752598601294 -0.14453053472721
0.0595842686986343 -0.0207274816704382 0.0562074804550184 -0.0767702477692947
0.0568378776810711 0.0528208720565014 0.00112502555218494 -0.0643032796100693
0.0499288966948121 0.0914918222627454 -0.0815112039910091 -0.173746879447405
-0.016735682741564 -0.0134954851103473 -0.207994404597396 -0.191293994771525
-0.00320982231648394 -0.00320889227423572 -0.143895477449169 -0.0575774496293048
-0.00227109645930329 0.00512340960276056 -0.0457961752393602 -0.0826892538550948
2.17624206973023E-05 0.0136422588023816 -0.104093787618241 -0.130624477220126
0.0199315073958854 0.00293116682460569 -0.229360426472281 -0.100388419971098
0.0347757383446066 -0.0118151025440695 -0.31494023723033 0.00229891927200057
0.0427337700940048 -0.0365169997001355 -0.320288157325431 0.0978218549894258
0.0517813592977759 -0.0352654673278866 -0.286504953150827 0.110360490852253
0.0706995499195993 -0.0237985284374303 -0.291111058447782 0.0391971040934047
0.0662301614293972 0.0261897561585535 -0.230825261245072 -0.0686666809742299
0.0353671994864475 0.0607799763367875 -0.120433462457553 -0.163747975846884
-0.0241973999128224 0.0678329904674331 0.0045618239084104 -0.143855838772451
-0.0365700165927746 0.030830268168443 0.0547003518115148 -0.088904804121968
-0.0321619539430705 0.0171727246794474 -0.0117020346454334 -0.0587754387783327
-0.0291103089398356 0.00955567820882454 -0.105610183811352 -0.165488524371617
-0.127758620888655 -0.0714230401225476 -0.15290254750682 -0.178666605981767
-0.129071900120273 0.0195303740598101 -0.0934775141261049 -0.0676456824339668
-0.0719943553512095 0.123806173621819 -0.00411005839978169 -0.118264270201844
0.0336607630843236 0.152788905242665 -0.0739975115643709 -0.168905358892438
0.122913544327755 0.0667844926320548 -0.216121572400743 -0.122944411294716
0.148476900958734 -0.00827894177523173 -0.287666461051502 -0.0230874048077736
0.164619443004852 -0.0741644183013067 -0.285734824627334 0.0734486665870251
0.162450148780463 -0.0787873830308655 -0.240551678621016 0.0904503818647271
0.181326688535121 -0.052812342298809 -0.24184602415529 0.0472942813812876
0.166404039369998 0.0528414354420726 -0.195587722624071 -0.0372894097128144
0.107027048767717 0.136981219835724 -0.122473574506414 -0.115108169382446
-0.0228436228584176 0.191721562536554 -0.0242615973432309 -0.112478274571948
-0.110018657302767 0.112054749709064 0.0221286387630737 -0.0886386239201045
-0.127180406245385 0.00650558130645817 -0.0381733401570722 -0.0467730132549652
-0.117354789399573 -0.0636472995879933 -0.119551500288752 -0.126847454242266
-0.204465900706359 -0.1320245669504 -0.0795904523174539 -0.137046050195809
-0.234929408106996 0.00817867300287605 -0.0250060967747257 -0.0571609485651957
-0.157291712077273 0.20500604202137 0.0518662997941155 -0.125665037394613
0.0310967518783752 0.28261952503429 -0.0192798100375642 -0.180232957598395
0.195721252432997 0.149418383076498 -0.163250273488497 -0.132214100685149
0.238196047801414 0.0193697712610104 -0.21463394482018 -0.0462500949729067
0.263172377513932 -0.0873723163455276 -0.206940733115156 0.0387737471619037
0.248048845993755 -0.108657171884831 -0.156487860785546 0.0577053504189398
0.263914122676136 -0.0876039864836337 -0.153251796268376 0.0448152587820468
0.251678868548321 0.0471817619421755 -0.124848135794017 -0.0078250558758274
0.188869273136423 0.170784550244954 -0.0928930004812202 -0.0506935006715174
0.0230993784865108 0.292132587817792 -0.0375343949714175 -0.0563766935522669
-0.14733303727475 0.207274730887972 -0.0110144037540679 -0.0611336534628573
-0.21538149983305 0.0258710349188293 -0.0571236022023466 -0.0191127010670503
-0.206511070108021 -0.115235036615059 -0.110367216653636 -0.0645635273738378
-0.234436432513009 -0.183120998578764 -0.00425747131860588 -0.0688742430776958
-0.290398328007695 -0.034245155964788 0.0384100830588036 -0.0236273816073869
-0.231954161179276 0.223009400621557 0.0949484590909882 -0.093041394705789
-0.0105054296551879 0.359473505644885 0.0381917642772992 -0.145237072340492
0.213635744056883 0.225331956913267 -0.0841759031457918 -0.107068941550332
0.282970556733916 0.0612349246907512 -0.105914062660982 -0.0490529800066372
0.320162989043132 -0.0755517529614115 -0.0961747536929148 0.0044944507315534
0.296079655110855 -0.121911507951949 -0.0488872449469573 0.0169609306576863
0.308663126409202 -0.117638962544459 -0.0422536341985903 0.0247014169182184
0.303213050959321 0.0182475346773019 -0.0274196551612265 0.00324666359544679
0.254752635502745 0.162965597721742 -0.0266058763367135 0.00152085483790489
0.0859083852063132 0.345748083562335 -0.0131011885070144 0.00267551055312333
-0.148362965811942 0.286069959729312 -0.0172978776481964 -0.0181055075570603
-0.276966663173862 0.0606504808163993 -0.0506295998163875 0.018156586610408
-0.277356988050915 -0.142320593570993 -0.070758085077861 0.00891799016650247
-0.221054146124253 -0.206647240772148 0.0562641681606539 0.0129183831067937
-0.283043718041954 -0.0795173527131591 0.075582369590606 0.0194682698164806
-0.26174736987947 0.181518724117941 0.0975741059489048 -0.0380693391995574
-0.064336893870244 0.353270959301581 0.0639559587781795 -0.0692850969610951
0.177717501998567 0.25875342310899 -0.00770214306875303 -0.0402990480757619
0.270108129258833 0.0952061488881544 0.0128355834921696 -0.0213287905168033
0.321520415838013 -0.0513483997164637 0.0292027563610192 -0.017787313615547
0.298465908734515 -0.116965603183152 0.0653373144235159 -0.0250812231141463
0.308417391615186 -0.128157168333765 0.0736406409056134 -0.0117474399917968
0.309221136230305 -0.0102692800403334 0.077866295811597 -0.00770211567370181
0.275252457685753 0.133182723057529 0.0601202937178857 0.0288632293605871
0.128143521860153 0.342386933775021 0.0370943609992825 0.0435620754671813
-0.1269178455293 0.318699663855706 0.00472072666714518 0.0193957748410776
-0.298266816271999 0.0892987157866298 -0.0125734431836629 0.0498855502530788
-0.309801408807835 -0.145306487939514 -0.00472483986532921 0.079888916797692
-0.1774473837849 -0.192467104460483 0.0941379631809205 0.0904626366879831
-0.229939824378529 -0.098323218162903 0.0821934356047841 0.0511506154082957
-0.233746583274619 0.117087565530195 0.0577857241514424 0.0105175354536774
-0.0901599502693174 0.279707025653426 0.0447328057608465 0.0147358111475791
0.11718689555236 0.232556264750651 0.0411818990758009 0.0486038051542505
0.211111823670093 0.100790916484905 0.1148813806791 0.0287216096025977
0.26911421224184 -0.0251884893853748 0.146899906236786 -0.0284607845362184
0.256773565309078 -0.0942617124324357 0.168594917419729 -0.0628606776133844
0.264347361209273 -0.111354704606426 0.177447889213186 -0.0515592808936384
0.268846017406933 -0.0198387743875528 0.172969889182964 -0.0269019458130614
0.246474148604532 0.0999689598080973 0.140128279015034 0.0408306484976264
0.128472287406821 0.294958991891844 0.0876332684684935 0.0658906280730451
-0.104451150112299 0.295100053498229 0.0370236166323886 0.0427201220151378
-0.277010081647597 0.0900260187625393 0.0395482348426132 0.0685357829929446
-0.291723808118482 -0.132814751897475 0.0722837844137078 0.13891664843618
-0.118672955847501 -0.145246854655153 0.112435844914733 0.146420408585491
-0.156364339390688 -0.0801774012704945 0.071369526852329 0.0623153984922495
-0.160723092912111 0.0654665466226102 -2.73172772173204E-05 0.0379933388898585
-0.0693163696738173 0.175843856285746 0.00237207423832673 0.0808498968719368
0.0631965750693055 0.155412123014922 0.0655063445651977 0.127618495593632
0.126788810228394 0.0724384500074473 0.188093500959038 0.0755564541642674
0.175178879960959 -0.00766394929078498 0.237454083425502 -0.030895993318398
0.176316701945997 -0.0588578678383857 0.246212398862343 -0.0913079385551962
0.184641007373618 -0.0702056434903456 0.25713287198775 -0.0836657396654389
0.192094040489829 -0.0134831322787595 0.245196234913877 -0.0386829251775484
0.177415805961339 0.0709575474497218 0.19947185140583 0.0508267953905123
0.0945669801269157 0.216333027879652 0.122440714266447 0.0813215195730237
-0.0817153462581086 0.223514330736998 0.0620467045658943 0.0580923592138342
-0.216585592588382 0.0646855908030858 0.0871864639058307 0.0758606258741336
-0.224640096499911 -0.107464508710067 0.143049353760475 0.182769506972533
0.108989565059435 0.0334583122667876 -0.233372276541188 -0.177067128374
0.117823290578961 -0.0517598240810988 -0.163994865167738 -0.0378266361507202
0.0423409642274368 -0.121409848382752 -0.062167454061917 -0.0425244915222733
-0.0558817427013917 -0.110296714235503 -0.108006550709292 -0.0906577215988813
-0.0894132251992603 -0.0381720468446148 -0.21139407226646 -0.0787895022822586
-0.0796679699556176 0.00485748358396195 -0.298793812002812 0.0202390762589866
-0.0827296477450842 0.0199915901806896 -0.307352216718704 0.110521868980408
-0.0658931339696976 0.0156162521680555 -0.288500344736236 0.120652338981849
-0.0508951088633393 -0.00383513511632289 -0.294261546071404 0.0369759059204993
-0.0363162882121 -0.0260194971268186 -0.236186538080917 -0.0736118807225959
-0.015558614576233 -0.0402613992910612 -0.113991871291799 -0.172137405551611
0.0167395299139019 -0.053840288763257 0.0115627797376797 -0.144792028211347
0.059204631240136 -0.0222323563865559 0.0554672039810596 -0.0772447128721163
0.0578659493659632 0.052068690045943 -0.000755661120271846 -0.0647944611422216
0.051578114677739 0.0910735691725197 -0.0857356273582339 -0.173475495749051
-0.0170160125504352 -0.0135937013618523 -0.212731975169117 -0.189552571966535
-0.0030424130999766 -0.00323356753500963 -0.146165097631016 -0.0555084970229349
-0.00254414380701419 0.00549160454792335 -0.0468285821578956 -0.0829535141491998
-0.000206304168223466 0.013856192972153 -0.106576058145291 -0.129562977737837
0.0199486261454858 0.00254250051490866 -0.231163128673206 -0.0968046377347641
0.0349492552855099 -0.0126942495740999 -0.315499365988811 0.0079933638054365
0.0419599842020186 -0.0370491558812487 -0.319320397198849 0.104411367208364
0.051244728439874 -0.0358362073913372 -0.286461813292079 0.115688364947871
0.070362272966878 -0.0247603162000191 -0.291268240121906 0.0444773098708956
0.0665985326513156 0.0254542049265595 -0.232434025405415 -0.0651891709467866
0.0362851580711656 0.0604704486399144 -0.123567901023467 -0.16263933697576
-0.0233225252090723 0.0685480401301402 0.00318360913087225 -0.143632845155017
-0.0367306191720759 0.0318873536807225 0.0534086101507886 -0.090049479224534
-0.0323168238696067 0.0180142594551519 -0.0131494967318847 -0.0586142821203316
-0.0297706081956172 0.00994294582142113 -0.110517892464667 -0.164572005339423
-0.129915831377191 -0.0698462328767358 -0.157073753044999 -0.178005688682224
-0.129962621166806 0.0223625274123304 -0.095412238858289 -0.0661073367569429
-0.0705225308276359 0.12532112743506 -0.00560299539556471 -0.119131872554464
0.0367311034420501 0.1532658231705 -0.0769923223987481 -0.168897520942574
0.124492205135425 0.0656185467553754 -0.217943238555938 -0.119935273131133
0.148627179245293 -0.0108577435607352 -0.288544348412551 -0.0181955649185597
0.163805021538441 -0.0773079890350087 -0.285152461908251 0.0787046804752619
0.161324963532536 -0.0815713828675855 -0.239190308063193 0.0949754820785988
0.180193863705847 -0.0557509998307792 -0.241124548427027 0.0521037615145113
0.167558136820123 0.0508003187907113 -0.196093438802795 -0.034469956491289
0.109645831554715 0.13592680785231 -0.124824929902075 -0.113097910698529
-0.0202064154558279 0.19256060272667 -0.0260650954892558 -0.112511272973912
-0.109135998924873 0.114511663868201 0.0207778323537872 -0.0887952972659021
-0.127783146762113 0.0085405049110303 -0.0389263007897473 -0.0459726713083835
-0.11940456304072 -0.061839043926586 -0.123258681138113 -0.125958991964312
-0.208651595812173 -0.130426613284541 -0.081907708209081 -0.136749781202547
-0.236713059959991 0.0122555787566259 -0.025502025804657 -0.0571728092055627
-0.154550059735942 0.208801953586936 0.0504340668337262 -0.127460711023111
0.0361321702284702 0.283299631285379 -0.0220566113866574 -0.181230365515173
0.198097627671142 0.146608931393361 -0.165717771040646 -0.130847671543223
0.240017927689216 0.0154086834988726 -0.215802100887785 -0.0428115944579355
0.262483889856696 -0.0915300208032601 -0.206738669136111 0.0416230966159615
0.246778297745096 -0.113506918375914 -0.155862067903101 0.0607010464318225
0.26323533673009 -0.0924409874388815 -0.152416444009882 0.0475642218428908
0.252579946302549 0.0431703437898842 -0.124988182270888 -0.00589917920572354
0.192513539912002 0.168929973254266 -0.0936546555128369 -0.0494116026746324
0.027688365850935 0.293961143263743 -0.0382462323257255 -0.0556596738963046
-0.145197157748228 0.210903862236188 -0.0126907007805657 -0.060599675541388
-0.216299270264582 0.0288989356941484 -0.0583261878675901 -0.0183511815201949
-0.209751695241168 -0.111875805261669 -0.112259534909072 -0.0632173636789842
-0.240197634553837 -0.1810663335453 -0.0046028575332206 -0.0694827114950022
-0.293412598177134 -0.0306455160632691 0.0380782598430583 -0.0246487074418325
-0.229753788735199 0.227603952601381 0.0941466219584384 -0.0960376126393736
-0.00404580005160706 0.36098994514088 0.0359245591131225 -0.146514196872833
0.217906426949538 0.223287012996658 -0.0858249368024517 -0.106591175688334
0.284802944068941 0.0565253527776773 -0.107758822832017 -0.0474641987442632
0.319149015857522 -0.081087298376535 -0.09598880035044 0.00588488482086764
0.294038033734391 -0.12801427365301 -0.048273543169193 0.018398506553403
0.307715660591413 -0.12284802908512 -0.0415012886370993 0.0251875727617049
0.30436965885406 0.0131293507018009 -0.0277975846605436 0.00344375525464022
0.258107422369896 0.15975386378548 -0.0256636912702333 0.00216243023699056
0.0918505253484167 0.346399867121839 -0.0128073393343287 0.00342595933271855
-0.143734179998211 0.289826358553668 -0.0188325644548612 -0.0172810023099856
-0.278195753029921 0.0650820433758598 -0.0507799156635606 0.0192986873043428
-0.281426657240269 -0.138533668460598 -0.0714528800370065 0.0102731059861815
-0.225969776024479 -0.204525150743268 0.0575947623999012 0.012290448626456
-0.287383992251698 -0.0746124654175295 0.0771890224057914 0.0179856603323501
-0.260349520370749 0.187394937850482 0.0981591208808786 -0.0402975892763688
-0.059258575838856 0.356608430127243 0.0633092892483863 -0.0713334378221777
0.182614750519941 0.257711246724774 -0.00866244505040997 -0.0407195247154737
0.272994093047917 0.0908765749952609 0.0117053863551165 -0.0217474449386835
0.320879166629677 -0.0566330332590988 0.0294766649745989 -0.0190034521773434
0.297246362363921 -0.122694649544116 0.0650917569512603 -0.0260976050380191
0.30627707789764 -0.13435658395009 0.0737563588777102 -0.0128660111104563
0.309250816092774 -0.0151230368150955 0.0780538157796583 -0.00918253941831299
0.278267669690573 0.128632790234041 0.06115647425885 0.0278956830119965
0.135081245740458 0.341455314116109 0.0380030276588766 0.0434066198089398
-0.122824176267193 0.322201430362574 0.0044734474055902 0.0198901014922368
-0.297956214146908 0.0940582150467999 -0.0122819238495802 0.0508426977266286
-0.314664182795535 -0.140322436528853 -0.00323154806557466 0.0808112152006819
-0.182703122340708 -0.19172479615943 0.0971490144366129 0.089975833148809
-0.233323078873515 -0.0943545846899244 0.0840355643395972 0.0497399527719854
-0.233455291706368 0.122159015974404 0.0585380810068955 0.00887429929606908
-0.0849939008816603 0.283482606250833 0.0448069914872101 0.0133869736927706
0.12185578463231 0.231895172524917 0.0415662622453566 0.0483124862841619
0.213324705067329 0.0979245367162215 0.11513342763285 0.0263786647581532
0.269347327833771 -0.0297863557857746 0.146920517803768 -0.0312084511371904
0.255811418028025 -0.0994087693328809 0.167973872121573 -0.0652699747760937
0.263227280443992 -0.11613085339526 0.177151529354429 -0.0550441199083267
0.269232689635901 -0.0250099732927664 0.172442462929509 -0.0298707540035242
0.248691264839222 0.0970754013698487 0.141644764213577 0.0377657499850324
0.134297623032315 0.29341413734764 0.0894586435821299 0.0649293334998656
-0.0999775381006221 0.297518761425111 0.0375232063289992 0.0426712748236538
-0.276721042334337 0.094705561434277 0.0406378865917872 0.0682870387276495
-0.295647772407415 -0.128902880144108 0.0752206523176554 0.139090279813908
-0.122529374452383 -0.143987357047325 0.116808928257621 0.145686459116413
-0.159459639278554 -0.0776520846228506 0.0741226868261538 0.0612042815850376
-0.160486617798105 0.0690464006704807 0.000789533954232484 0.0365105409928771
-0.0662886402302716 0.178653206000166 0.00284406289561285 0.0805916333763674
0.0657604540947001 0.155164662971297 0.0676225795793528 0.126970202621411
0.128735846640047 0.070953746598219 0.18901587884374 0.0725987013660244
0.175206081420628 -0.0108058536669859 0.23726815170915 -0.0355391177052242
0.175821009134056 -0.0632168078978585 0.24506387569851 -0.095495287179604
0.183590035217902 -0.0735361067670787 0.256766405704763 -0.088698854652925
0.191811814024174 -0.0171392214872899 0.245258039462731 -0.0427847429280408
0.179610698532508 0.0685169332954993 0.201194585773295 0.0468414993932645
0.0995436093303528 0.215752046024231 0.124310350127616 0.0786984970783097
-0.0781460004708099 0.225403443050374 0.0633808219484868 0.0578093060889223
-0.216395707572873 0.0680270268527582 0.0883487422398724 0.0748696371600415
-0.227813533121914 -0.104326998386879 0.147613761772608 0.182656227928603
0.109691266791895 0.0324989394983365 -0.237224723995232 -0.174675088375881
0.117775438618354 -0.0537749298444382 -0.165307293307597 -0.0357706389856277
0.0414700319302839 -0.122899296418913 -0.0633170933265722 -0.0424041513834997
-0.0582559144987215 -0.109925540555009 -0.109691562765354 -0.0890772275379236
-0.0901305384930257 -0.0367776434874177 -0.212756566289296 -0.0760344490903926
-0.0798589738400459 0.00583768590852694 -0.299010328771321 0.0257063481499236
-0.0828657665280269 0.0214179668518881 -0.305861310855346 0.116696782324689
-0.0662376111567992 0.0167591092026547 -0.287600903063089 0.124703354610057
-0.0514093277901073 -0.00308352355166507 -0.294606054730809 0.0421026205569816
-0.0367385679332973 -0.0255954104619386 -0.23742939771492 -0.0699473125492174
-0.0163466965333491 -0.0407520885710882 -0.117017073973286 -0.17109418807078
0.0155603062545845 -0.0549316383873432 0.0094483595374934 -0.14463645766717
0.0583808935572221 -0.023631933939883 0.0542642239060277 -0.077814388185517
0.0590926374552823 0.0512703591145786 -0.00243545298682019 -0.0653185833006879
0.0533541561281609 0.0899474249132646 -0.0902338051547796 -0.173073536099065
-0.0175059705951453 -0.0128855617899663 -0.216401554085588 -0.188471152575386
-0.00296602926584498 -0.00348834423661923 -0.147682373380865 -0.0537318320180506
-0.00221353219622473 0.00507570829638028 -0.0483037588717559 -0.082599457261793
0.00044705792637389 0.0131585371583383 -0.109658187257413 -0.128369428615187
0.01975942490649 0.00203946640036287 -0.23374488685268 -0.0937449191703251
0.0347867391938788 -0.0133783011780882 -0.317426242375291 0.012803368645039
0.0415199537040594 -0.037646247041778 -0.318167088872069 0.109945936355252
0.0508018470056555 -0.0371062434072254 -0.285149909484524 0.120559481277309
0.0700489581767146 -0.0262294455187274 -0.29162335482511 0.0496975216035391
0.066986772602685 0.0244718772423768 -0.234221042127913 -0.0617602135400411
0.0370676922920971 0.0605819799139384 -0.126214515533478 -0.161210904899639
-0.022323871315268 0.0689462668314547 0.0010773619890872 -0.144243655150699
-0.0367891513649508 0.0322735026949552 0.0522950704756943 -0.0908373130369944
-0.0328737671883678 0.01787406220037 -0.0150071234801005 -0.0582355084376569
-0.029939389271994 0.0104552369010984 -0.114601841860565 -0.163845561358898
-0.13221966848282 -0.0687276546548189 -0.160948875723564 -0.178030431301009
-0.130451373962249 0.0239480897626318 -0.0967792374661026 -0.0651956254685884
-0.0685680771699761 0.127175054952873 -0.00761385045976152 -0.120205884670281
0.0395778901481864 0.153376609908729 -0.0798366884324635 -0.168290856382448
0.125272692843859 0.0637288928191269 -0.220591454330722 -0.117662629170043
0.149255468830823 -0.0131088468470867 -0.290179114186442 -0.0135322662254551
0.163112756757444 -0.0798803214749878 -0.284393678906936 0.0828403320616461
0.159687581937141 -0.083753525905342 -0.238025001597538 0.0990654206636809
0.180051444391347 -0.0586833590646297 -0.240379714142035 0.0558670747500067
0.169259879540699 0.0490897518362323 -0.19697539415411 -0.0320125298623416
0.112093429951364 0.134736659903864 -0.126578781732858 -0.112064025453357
-0.017787566774658 0.194186688599929 -0.0272019672084495 -0.112220504685389
-0.108519611885194 0.116098043506307 0.0189597378557074 -0.0891182091891657
-0.129160681204256 0.0103315202367658 -0.0402289508511524 -0.0452202800426105
-0.121995177177746 -0.0607405205754583 -0.126605220949792 -0.124852659415135
-0.212203065693702 -0.128587360452746 -0.0844468574104971 -0.137050739691111
-0.237896762367014 0.0141366045795416 -0.0271822983760842 -0.0563862713932987
-0.153043106112374 0.212049146555527 0.0494097396293364 -0.129388167245165
0.0403895701429887 0.284227248582289 -0.0250087236812942 -0.182050763302262
0.201142721505383 0.144721280411166 -0.168319853942414 -0.128581773417905
0.241366268801864 0.0116133987990749 -0.218055858603397 -0.0390536485419989
0.261889309278254 -0.0958902171621343 -0.206184146196853 0.0446768462345455
0.245115242540964 -0.11739979675007 -0.154797253634111 0.0629874348340205
0.261667091737365 -0.0970448105621788 -0.152512280683471 0.0503401396345822
0.254376580638914 0.0399650228219949 -0.124643717066006 -0.00425254010173885
0.195530839698824 0.166620387498964 -0.0944365954251126 -0.0477769197246682
0.0322609323153748 0.294944724851452 -0.0382572344403333 -0.0560227064278721
-0.142544593247695 0.213929665843706 -0.0135841919216155 -0.0604269666029267
-0.21741615253261 0.032545516306537 -0.0591804591421532 -0.016841798722525
-0.213444761481272 -0.109530169233642 -0.114066783699702 -0.0616413414196641
-0.245126560377382 -0.1788377991449 -0.00573498910388026 -0.0696557904179005
-0.295788295949841 -0.0261313337962092 0.0383970693061201 -0.025135582368554
-0.227937044535106 0.232934458355133 0.0936123047854042 -0.0984977400454221
0.00144800132635144 0.362894855680427 0.033922871949028 -0.148600418980987
0.221927575852634 0.220646715481141 -0.0878921103847195 -0.105840004737316
0.286137652598895 0.0523656503834564 -0.109204172720361 -0.0459972289156478
0.318517880021838 -0.0867459560632254 -0.0955891895352808 0.00695649859213848
0.292641909053571 -0.133249602993616 -0.0482125745677458 0.0193956897832999
0.305659694957291 -0.128415592808055 -0.0405622047564631 0.0262595877716859
0.305631936194897 0.00871701089099152 -0.0271565622459312 0.00378415176901872
0.261548507806649 0.157234345575135 -0.0255326397084437 0.00215383448480647
0.0982524511827858 0.346505528471177 -0.0126862557257517 0.00335418346452118
-0.140764771174064 0.293766832607126 -0.0194667117149506 -0.0168535449575418
-0.278519886237214 0.0693140118173158 -0.0507207805914054 0.0206725658665692
-0.285932286254622 -0.134807539726653 -0.0712129672318636 0.0115902774377835
-0.231405317874099 -0.203040168688353 0.0589157881138853 0.0109636498590406
-0.290627677209482 -0.0707914043555672 0.0780380934602658 0.01643774387297
-0.259011024568303 0.192264337279249 0.0988376314448867 -0.0430914854615767
-0.0535632610051251 0.359959175291175 0.0624802537448436 -0.0733476917097816
0.186930411301905 0.256403971980067 -0.0088712517912282 -0.0404509881891197
0.275046386860066 0.0873792195571493 0.0109021281882669 -0.0221445973343804
0.321213361701898 -0.0624218965280623 0.0295115389804365 -0.0199100599997208
0.295522313728577 -0.128013430129469 0.0645544127826963 -0.0271280007727012
0.304687226667052 -0.139847785923255 0.0739566643706236 -0.0139506632316321
0.309705319779702 -0.0201542125511175 0.0777917080046657 -0.0105838846706373
0.281302819474269 0.125047627968639 0.0624705082116768 0.0270988275543599
0.141170741747726 0.341071438500171 0.0390623298161057 0.0427011884309789
-0.118256015437959 0.326227285351688 0.00426259724558753 0.0203109348250902
-0.298428155862567 0.0989221401705709 -0.0117750766849622 0.0519340257128293
-0.318395536266772 -0.135845525853034 -0.00192348731201874 0.0809694419402497
-0.187397633876817 -0.19081657447513 0.0999156488242941 0.0888661632489404
-0.237007842031096 -0.0917491997832286 0.0861848975485481 0.0484460547599272
-0.232893102833677 0.126560641095877 0.0592801466633666 0.00681893651366605
-0.0805932164839325 0.286707596559067 0.0451738396267381 0.012090063357435
0.125649030863855 0.231538503600546 0.0425758600813729 0.0479872164023678
0.215581372498898 0.0951788749723766 0.115279490583133 0.024596627117231
0.26971640227592 -0.0348403277803472 0.146816750949501 -0.0341081824087909
0.254686268612028 -0.103999731153968 0.167150314705649 -0.0685849509498244
0.262008308976286 -0.120525696142493 0.176564290428043 -0.0578242581185374
0.269703654508671 -0.0290134758972933 0.172707120841355 -0.0325870673982502
0.250830142882372 0.0937313380335924 0.143103083302134 0.0353800661352257
0.139396291026857 0.292421678973942 0.0910939286794108 0.0634888593364501
-0.0959179529424821 0.300426969489044 0.037722297388238 0.0425665851152619
-0.276696422861334 0.0983716685800958 0.0414981348828912 0.0687317482258165
-0.299279465149081 -0.12479763955781 0.078051132444444 0.138624279594881
-0.126287659342201 -0.143470915873578 0.121006656460978 0.145205566221501
-0.161633119341276 -0.0756732707452678 0.0758791757970748 0.05974768075706
-0.160088186460968 0.0722419762296647 0.00168711539041419 0.0362651593802137
-0.0630441756620062 0.181411573334118 0.00392206531141248 0.0800953145414492
0.0690962494642711 0.155389043419562 0.0694029420865478 0.127220290301766
0.130210964196394 0.0694037874618892 0.190581113274325 0.0697777658213532
0.176104860456804 -0.0136567588114349 0.237369181357322 -0.0399913365454615
0.175202240801169 -0.066097515722642 0.244391784032951 -0.0991586580165345
0.182821032316164 -0.0768928602118179 0.255737903848234 -0.0930971490390831
0.192041509219561 -0.0204696360232125 0.244805812016862 -0.0468767032203823
0.181193253379157 0.0660797004213471 0.202701363279903 0.044074414723716
0.103195250012615 0.215408309676897 0.125890052427036 0.0778568008918757
-0.0752499443716859 0.227436832243135 0.0644188971984823 0.0575376024465588
-0.216405850585046 0.0710038176096946 0.0896731896055662 0.0750482118240483
-0.229794104380057 -0.10113380818524 0.151334043069682 0.181718859282651
0.110780014321529 0.0319974919420337 -0.241319876134204 -0.172921256204297
0.117788396179559 -0.0556291589311062 -0.166314039705244 -0.0336589787063502
0.0402615757942693 -0.124482622239742 -0.0639331326946171 -0.0413387558569396
-0.0602606870416927 -0.110490710194272 -0.111504659637783 -0.0878623411951287
-0.0909311977797586 -0.0362999611096454 -0.2151459771157 -0.0732880969116608
-0.0798384222355753 0.00706148790243787 -0.299593405899696 0.0309138836054856
-0.0821959066286099 0.0231687858276519 -0.305228834778896 0.122069626714803
-0.0660243713953748 0.0180398114239559 -0.28683518853317 0.130142163694077
-0.0518097647253473 -0.00201262391270411 -0.294932696807341 0.0458725406853604
-0.0374588509791612 -0.0250253368323795 -0.238729664406423 -0.0669531130606425
-0.0172268054435393 -0.0403664366555538 -0.1196223743668 -0.169815937509002
0.0145873410538866 -0.0558526151779671 0.00841300629522173 -0.145111181409399
0.0584595822110092 -0.024991169733798 0.0538860922106096 -0.0786379079576252
0.0605932906842817 0.0508849511926948 -0.00388170581432873 -0.0657606287358265
0.0550351534896698 0.0899848574173905 -0.0944055307890407 -0.173421553448969
-0.0181079192866801 -0.012765954193099 -0.220507833473725 -0.187088974556728
-0.00313053965140367 -0.00375303747817371 -0.149744503380035 -0.0517248694398407
-0.00215450288151622 0.00514913846867043 -0.0495872552265552 -0.0823738652663254
0.000124749847843391 0.013063411274893 -0.111663033111187 -0.127065942170256
0.0200057474189041 0.00131393352735199 -0.23619215716718 -0.0905575544442433
0.0346805542274464 -0.014175925720952 -0.317487864759617 0.0177347039469203
0.0407923702232125 -0.0379224243989833 -0.317417571190421 0.114918606321537
0.0498958031117238 -0.0374558948716553 -0.28374510263949 0.12550014537977
0.0700572397200577 -0.0269704655542695 -0.290771062766751 0.0541059377636524
0.0674805074244558 0.0241339687537042 -0.234863867983022 -0.0590193796324766
0.038263357528356 0.0601749210803682 -0.128478722026133 -0.16020371009503
-0.0215793377180011 0.0694095698047316 -0.000901464994388603 -0.144815039320896
-0.0372204871526734 0.0327992850743536 0.0514294446825715 -0.0914485370438894
-0.0331810021574515 0.0182319654242768 -0.0164533157462483 -0.0579554338825529
-0.0300149318887397 0.0107381801272567 -0.118244501082558 -0.163649016527558
-0.134056036649561 -0.0675607939766133 -0.164586938380728 -0.176925145075214
-0.130616549523287 0.0257071254466149 -0.0981655562160189 -0.064202764755638
-0.0674974542296631 0.128823241421224 -0.00890901811578879 -0.120393973197033
0.0421123494912437 0.153612933448494 -0.082825713122551 -0.168364721225701
0.126593531828903 0.0623929277069383 -0.223217144281197 -0.115094728901112
0.149153260333058 -0.0153932177498023 -0.291733249214309 -0.00928060569345164
0.162089067409395 -0.0825517493925863 -0.283405615346663 0.0870861647012822
0.15923330772446 -0.0870101379417414 -0.23701497906412 0.102641333891541
0.179018603262212 -0.060950047950386 -0.239956443373393 0.0600611884690858
0.169957343905568 0.0466378013852244 -0.198098556196709 -0.0290250295272162
0.114006189946258 0.134045296331931 -0.127945791563727 -0.110630832896777
-0.0146058112492196 0.195324598406237 -0.0283454905303502 -0.11191750522692
-0.10799057414702 0.118260544192025 0.0175682336049265 -0.0893789144551196
-0.130003819752601 0.0120586606519787 -0.0419899576019815 -0.0445041681381851
-0.123355882441742 -0.0592460496715966 -0.129816997370337 -0.124034568967343
-0.215734560708453 -0.126989406127241 -0.0864998877331866 -0.137195963963064
-0.23986988857406 0.0178760533061851 -0.0277147201525208 -0.056484663536969
-0.150782951856661 0.216307602428207 0.0482129863755738 -0.131382393119244
0.0452732175252537 0.285570594215442 -0.0266080471329777 -0.182980575810382
0.20341544743947 0.143461663698161 -0.170065460209101 -0.127537774439078
0.242076957197525 0.00855001335842092 -0.220106996498507 -0.0372066013826909
0.26083010229644 -0.0994566294305809 -0.205662416803736 0.0469239795237836
0.243892871415799 -0.122052367163091 -0.154613550533999 0.0657258995093406
0.261301930070362 -0.100602235954943 -0.151093259803129 0.0527745151834622
0.255717170454541 0.036514681080486 -0.125213193798811 -0.00267020746871484
0.198673690025883 0.165271157609431 -0.0946193882106627 -0.0474552767062447
0.037020220399838 0.295954458190045 -0.0386227088464852 -0.0551063228358255
-0.14073801367911 0.217033804595512 -0.0151717065465785 -0.0602564632829717
-0.218486558189357 0.0353222898395966 -0.0603658663574681 -0.0156058817296918
-0.216937344111577 -0.10710836387101 -0.115778822881229 -0.0604578062632978
-0.249417093413646 -0.17713193739034 -0.00591308538838591 -0.0705467288451954
-0.299082026900781 -0.0229528826678502 0.0385252077268324 -0.0256063037952446
-0.225935829694616 0.237708167501944 0.0935064609100482 -0.100748433701802
0.00688325813277647 0.365210798480952 0.0323789962987929 -0.150203935144155
0.225398714006319 0.219705471930757 -0.0890131256153919 -0.105077049904133
0.288940404668218 0.0487551904903933 -0.111144629081636 -0.0453762344054724
0.318647488967122 -0.0912691364020924 -0.0955436086843385 0.00781966282051611
0.291541605116255 -0.137770570514652 -0.0486944318972471 0.020459798475138
0.304423771691999 -0.132972885054292 -0.0403153121717421 0.0271880941575046
0.306816399279993 0.00446698437022319 -0.0271512516662677 0.00409343089848263
0.264871881280993 0.15438129654537 -0.0247774893589507 0.00255295643541971
0.104117691017202 0.346762673327621 -0.0121036911692959 0.0038287648249276
-0.137242817891525 0.297263875565365 -0.0203179734591033 -0.0164821886402123
-0.279745427923902 0.0740183333586488 -0.0510485044971465 0.0215121039524695
-0.289606134618529 -0.131264327813073 -0.0714427298845114 0.0126855161682394
-0.236865724570474 -0.201361334339954 0.059965281981255 0.0105667369682731
-0.293640210126244 -0.0674853880018265 0.0789294062365901 0.0153429271954133
-0.258397960837232 0.197556917084827 0.0988786297747788 -0.0451490176246804
-0.0479908238267351 0.362383157229463 0.0614818706007443 -0.0751998288546879
0.191229118606291 0.255425437657569 -0.00967189564363301 -0.040498231594492
0.277248939049474 0.0838321088987669 0.00975903039553291 -0.0226444048242651
0.321215128275464 -0.0667631826547 0.0292415029934132 -0.0212493179403764
0.293889031286146 -0.132767531689723 0.0648990504475096 -0.0278080365907664
0.303099771275565 -0.144201091435951 0.0741779304801049 -0.0152474064140576
0.31019674757826 -0.0242308910644888 0.0775892534382204 -0.011896006513856
0.28431690580439 0.122428798382554 0.0629971295343821 0.025648276143243
0.147338939569422 0.340078533173334 0.039571488530018 0.0422852422756143
-0.114474119435277 0.328778277794322 0.00419199108546569 0.0203424855024819
-0.299031410670679 0.103232715753415 -0.0110834683327927 0.0523690835625644
-0.321995718540999 -0.13295263065598 -0.000441697750889785 0.0820781621008409
-0.191764690009819 -0.189645676863482 0.102972440989885 0.088584112681603
-0.240359161094709 -0.0884954873324718 0.0875841816251376 0.0476823333076396
-0.232706766464521 0.131150649839067 0.0601456322409506 0.00534714591391416
-0.0767757888954361 0.289911578729591 0.0455112610792886 0.0109800105703317
0.129099267513224 0.231959143979243 0.0429334333094614 0.047813155202834
0.217713294115887 0.0924648242521017 0.115453304093677 0.0232585079916092
0.269560072761512 -0.0383137621837735 0.146800561911182 -0.0371775991263722
0.253167653179708 -0.108477226896922 0.166883915861532 -0.070550524312577
0.260370713159711 -0.124410907813705 0.176335906250262 -0.0605761587457574
0.269488906958954 -0.0329797408219168 0.172191304557055 -0.0356748318738568
0.253006210627328 0.0906825831061415 0.144658857398127 0.0336794993428493
0.144954098169966 0.291701927360572 0.0921089073368854 0.0622009106702422
-0.092678907053314 0.302773981171702 0.0381817944532003 0.042671753472954
-0.277059880197002 0.102934264202315 0.0428044931988881 0.0690218142276004
-0.303182960955907 -0.121836279943748 0.0805249412895968 0.139021200180066
-0.129912128229103 -0.14290518914147 0.125010541129079 0.144489744272059
-0.164580737065472 -0.0735909332459344 0.0778462556997063 0.0586918955076287
-0.160444004318452 0.0753449099311995 0.00268441635955726 0.0357727460952776
-0.0606517526980618 0.183096068201146 0.00430342143295388 0.0801969456371778
0.0720012815269601 0.155659352322192 0.0711511924830026 0.127063283826171
0.131852614969713 0.0677921294431568 0.192226709094256 0.0675131243349843
0.175903850585723 -0.0162610902861101 0.237266189829327 -0.0437678967977986
0.174611558927798 -0.0692823551027054 0.243443862035536 -0.103480944415062
0.182418761165862 -0.0796676789344989 0.255097705332989 -0.0967947288926298
0.192040787951428 -0.0232307723988877 0.245080326718154 -0.0505712128075306
0.182787429200209 0.0636868648444238 0.204540066497092 0.0406688736481508
0.107247565302204 0.214615449950739 0.12756916148545 0.0759988790122017
-0.0720753923062515 0.229456779105935 0.0650313660186532 0.0575667702205714
-0.216974563599341 0.0741332717103854 0.0909805205590179 0.0747299321279059
-0.232821200511407 -0.0987282388335974 0.155378616531754 0.180638371184797
0.112449958676031 0.0308695814411111 -0.246011227064859 -0.172046641166745
0.117814616121236 -0.0573136732763394 -0.167426668549111 -0.0315081385873232
0.0385118709025509 -0.125936791757659 -0.0651108882089439 -0.0410913284970696
-0.061971432524244 -0.110148421321561 -0.113227536048535 -0.0868183686377863
-0.0923625389534646 -0.0350791817088965 -0.217039818807761 -0.0706567732480058
-0.0800469172133408 0.00773981482848937 -0.30028897010819 0.0353595381391979
-0.0822271318717734 0.024513087855715 -0.304947088555202 0.126214789344443
-0.0661538456801715 0.0191701663303497 -0.285587366137749 0.134653520132913
-0.0520014656337939 -0.00134996226499761 -0.295568222196326 0.0507168898001259
-0.038088064898399 -0.0249616594675286 -0.240455706485858 -0.0639802120393271
-0.0183250845956928 -0.0406814226861345 -0.122048285382583 -0.169722454321765
0.0134856454505458 -0.0562574562309483 0.00644598297354386 -0.145640537125039
0.0579304095556122 -0.0259778570384919 0.0531897953064356 -0.0789411910641457
0.0609916653979585 0.0497813136418318 -0.00525227500651636 -0.0654129968791378
0.0563510012706941 0.0897732612081979 -0.0981806855099276 -0.173481372005987
-0.0187546391316126 -0.0120939507751062 -0.225268578265597 -0.186398833267748
-0.00276329310699671 -0.00400819092937277 -0.150831660787489 -0.050246930030256
-0.00186033551643408 0.0047480624138909 -0.0513270687554746 -0.0826752653146649
0.000504465211975724 0.0130631233380362 -0.113401166249349 -0.126676659498353
0.0199210579678079 0.00137996033987945 -0.237987792543164 -0.0889439828974717
0.0346082430720825 -0.0148126657390003 -0.31921259384625 0.0225549443375451
0.040970047343233 -0.0385545308142933 -0.317366083028637 0.11991770773013
0.0500917294097849 -0.0382228438773744 -0.283339941066493 0.129358409445683
0.0695106021470563 -0.0278694228074273 -0.290813788174032 0.0584479315432298
0.0681131553773354 0.023388287333097 -0.236838757233616 -0.0561421816778847
0.0388087374869199 0.0600279023806026 -0.131124341792673 -0.15908600950973
-0.021271681760421 0.0706134781285936 -0.0017968838039882 -0.145168421919879
-0.0372508043576383 0.0330132217281401 0.0499853187246086 -0.0915917107999358
-0.0332741604980919 0.0189604744431978 -0.0176404630616003 -0.0578184637962515
-0.0304128148985801 0.0106639548442567 -0.122410123752529 -0.163689041004005
-0.136672954075339 -0.0667007498931871 -0.167893887361688 -0.177008900787929
-0.13172011643223 0.0268543939175599 -0.0995970271669001 -0.063087253385443
-0.065520935957234 0.130300692477152 -0.0101860654213279 -0.121849029771041
0.0443975670577729 0.153809966259928 -0.0853844676341223 -0.168562559371448
0.128180173284499 0.0615505152914217 -0.225416666266904 -0.113526441446793
0.150107146018194 -0.0180593666187647 -0.293426273483218 -0.00511127936117744
0.161204093515194 -0.0845777608333974 -0.283551284434445 0.0913414568162464
0.158171478327998 -0.0892013994686093 -0.236568763656389 0.106669915023517
0.179131776036634 -0.0639739136106895 -0.240401684608004 0.0632467168756838
0.17130475150583 0.045165452250759 -0.198252587850923 -0.0271955182802871
0.116257768029677 0.133511133498898 -0.12959624195603 -0.109882569202211
-0.0121411248738427 0.196788883575251 -0.0297543612323712 -0.112792506994668
-0.107349584166217 0.120697397741103 0.0167868988586454 -0.0896399590446256
-0.131508961906673 0.0139395808714327 -0.0433326518373169 -0.0441558496639239
-0.125657286993101 -0.0578523107282744 -0.13258124652156 -0.122827766578708
-0.218967927502766 -0.12565185654369 -0.0887772656217735 -0.137126232923109
-0.241314250444984 0.0200580972117736 -0.0279255199213636 -0.0563363606572239
-0.148895123556874 0.218793899970106 0.0470909510148988 -0.133107855443861
0.0494609032112306 0.286840235316568 -0.02921842328999 -0.184272501661033
0.206133383428605 0.141667412858557 -0.172105344832082 -0.126325616742364
0.242595362638442 0.00483956492493882 -0.222316688312819 -0.0341587458246074
0.259982947483986 -0.103439021309832 -0.20595596951837 0.049582076235826
0.24324620201765 -0.125842394754575 -0.154141198726617 0.0683045987053227
0.260785767584782 -0.103911123582704 -0.150861902714827 0.0552137614877273
0.257038133663345 0.0334580179281309 -0.125443686745737 -0.000972219581206834
0.202051336284501 0.164181125145116 -0.0953301652179933 -0.0462059935398148
0.0412294211756667 0.297519328065208 -0.0393173881557389 -0.0553972796650756
-0.139024606690525 0.220387666665759 -0.0165667328842483 -0.0602576531558675
-0.219559910128982 0.0383553916278406 -0.0606964617916196 -0.0155102658841631
-0.220145415963688 -0.105156827268408 -0.117880194025846 -0.0596601240427492
-0.254078257975685 -0.17563219326836 -0.00657964149586242 -0.0713766180375269
-0.301389594109292 -0.0201801514752748 0.0385506095271088 -0.0263800382661983
-0.224598087534499 0.241469268792519 0.0929758590868171 -0.103212488408962
0.0124834584341154 0.368395527534917 0.0307347723683772 -0.152513806449731
0.229723473968188 0.218195845035026 -0.0909028122626553 -0.10489734047439
0.289940647452005 0.0455612240227857 -0.112820087654094 -0.0439449722931016
0.318120674159235 -0.0954157341592231 -0.095662052535316 0.00817610425962189
0.290355696407705 -0.142307643657282 -0.0476470267698465 0.0208683078700314
0.304001981403144 -0.13746667007346 -0.0397352021170662 0.0274992868989929
0.307348661712407 0.00158557812190512 -0.0270466598057322 0.00414221445962993
0.267637126782997 0.151931560789482 -0.0247957623799997 0.00294338436720986
0.109478464971639 0.347778479095551 -0.012089931669839 0.00322610071317719
-0.134782544991493 0.300295393140813 -0.0210269399167407 -0.0158621617797336
-0.280499476196685 0.0776503956518954 -0.0512376850416598 0.0225758597711563
-0.293458677673107 -0.128165859976707 -0.0718177981022325 0.0138320959320168
-0.242287244752387 -0.200196339444566 0.0615283552670629 0.00969424647511431
-0.297451631945673 -0.0645180309962857 0.0801286454890276 0.0146275415723729
-0.257618129596745 0.202250584905882 0.0992711981749505 -0.0476038802272009
-0.043033179583467 0.366544727120729 0.0608718366837912 -0.0774805210968511
0.195713020512234 0.255221866503252 -0.0102740225652623 -0.0406329964025385
0.279739283636399 0.0813334824322252 0.00890004771996143 -0.0229583807147691
0.320842274324126 -0.0715723981020445 0.029080342502929 -0.0223696873077562
0.293043576645412 -0.137957603624145 0.0648302068814124 -0.0286851807491207
0.302514765144718 -0.148132746730922 0.0746231148890326 -0.0160358185309799
0.310562124578192 -0.0283872384837298 0.078173689084349 -0.0128739744157892
0.28615913297025 0.119514226020611 0.064453836281601 0.0251587969040255
0.152407733233342 0.340327901960615 0.0405882792150369 0.0415853557713704
-0.111106411712656 0.331952882707928 0.00367362363070419 0.0211559797538942
-0.299524731697944 0.106705184132599 -0.0108877605912811 0.0532658816947847
-0.325855121150805 -0.129328987545854 0.000774722703187154 0.082634984493868
-0.197049143032302 -0.188824096315596 0.105411274874546 0.0878816523179469
-0.244110525894067 -0.0863071225188399 0.0890872458589879 0.0462859765288402
-0.23274108272999 0.13535666205753 0.0609751239133548 0.00389537546597013
-0.0728514043605223 0.293098750400476 0.0453122096224091 0.0092565395648223
0.132777695076666 0.231770159887515 0.0432525675464084 0.0477446190174622
0.219891254534426 0.0909579720626183 0.115789894323768 0.021953523027537
0.269868394739419 -0.0420294941677832 0.146434003870017 -0.0394522852508105
0.253034810498901 -0.112236695690385 0.167042573481964 -0.073086129482865
0.259784972809504 -0.128389383750472 0.176354371869647 -0.0634669011628971
0.270305704597602 -0.0364942342846985 0.172573952131196 -0.0375639628724643
0.255352298439809 0.0881022640173595 0.145919771036102 0.0312918202668833
0.149528649117533 0.291347433215222 0.0931355634700586 0.0614017298994436
-0.0888653740021694 0.305603219728175 0.0383626813532838 0.0425375927163775
-0.277344020179082 0.106218900022921 0.0435311581145575 0.0690577723248434
-0.30648543597592 -0.118532723295483 0.0833991048792681 0.139285974655117
-0.133402825601932 -0.142273174202775 0.129141732592364 0.143764377314704
-0.167486191484336 -0.0719683417503162 0.0797128724474956 0.0579142412483287
-0.160423191868331 0.078520514108992 0.00287476492712204 0.0345097117563934
-0.0577681805448766 0.185685467455774 0.00498553186113785 0.0794724721691455
0.0743345703048795 0.156064897805012 0.0726195698057708 0.126714750975557
0.133180874137858 0.0670642031461618 0.192926176888191 0.0654722497831706
0.176357722607894 -0.01882905197811 0.236953613020402 -0.0471904191322982
0.173946802098829 -0.0715434141818314 0.243268992371275 -0.106889897007832
0.181865579211101 -0.0820566289964806 0.254927187657418 -0.100515588208236
0.192214505045018 -0.0254912877447465 0.245124606953468 -0.0544076212624001
0.184468791743626 0.0621617523630622 0.206420260585553 0.0375287679800778
0.110756995792335 0.21376951394875 0.129670776979549 0.0748107577389557
-0.0695342278824193 0.231820719620892 0.0655436027202798 0.0568148001489144
-0.217274341679496 0.0770367988358079 0.0924559266826236 0.0744461265250811
-0.23568617282348 -0.0963025837493831 0.159538537843286 0.180914937861565
0.113669279083197 0.0305873103748602 -0.249730740450275 -0.171191745197249
0.118238810714488 -0.0590019603270699 -0.169433385685173 -0.0297580613437032
0.0383881800182832 -0.127236409334105 -0.0663107852733769 -0.0408150909758375
-0.0639591456272259 -0.11073869201948 -0.114821264921934 -0.0860267871214102
-0.0928716527562699 -0.0351552982081431 -0.219307257200601 -0.0686281538111534
-0.0799397243178618 0.00874585984748789 -0.301188940005448 0.0386128028808349
-0.0820706048087795 0.0261784796570283 -0.304423461783512 0.131571743320381
-0.0658942966159219 0.0207528445916952 -0.285222054297134 0.137585590110217
-0.0521997263500689 -0.000852889155388269 -0.296236437192055 0.0543939021574513
-0.0390107484950978 -0.0246770726814174 -0.241553589432394 -0.0620039104855126
-0.0188023720456129 -0.0413175575245756 -0.125271919084729 -0.169289475201026
0.0124229928034947 -0.0570189678584905 0.00544718146472556 -0.145996703736832
0.0577189215667777 -0.0274561691174331 0.0525459889243981 -0.0795060785703007
0.0620272364112038 0.0496191515242386 -0.00674753858208452 -0.0661133831674277
0.0576720651840366 0.0890208967054378 -0.102437207974407 -0.173688034727158
-0.0189547787573851 -0.0119645574988596 -0.229018875704843 -0.186315991646199
-0.00291531971390754 -0.00380590847938364 -0.152287169627429 -0.0491430630725131
-0.00151153783487267 0.0047669032347461 -0.0522083193051303 -0.0831935122083362
0.000726292384838746 0.0125463769761567 -0.115766038106802 -0.126787019004906
0.0200675561369147 0.00104390533672395 -0.240370322601986 -0.0867747008001906
0.0348152744125199 -0.0151358863348769 -0.32000527338153 0.026585640084576
0.0405020024446502 -0.0388080125412964 -0.31704594636901 0.124182821113192
0.0493901031453995 -0.0387748810085314 -0.283256833289664 0.133473299410264
0.0694913215198144 -0.0289781671703948 -0.291584200753899 0.0616411836742224
0.0688328885802604 0.0234494739342201 -0.238420168242267 -0.0540190900031688
0.0395787921768377 0.0599526544261661 -0.133557821561923 -0.158723016812436
-0.0210448260821016 0.0713740736224389 -0.00297703195289252 -0.146052547397062
-0.0371362431502809 0.0332776994375471 0.0492769177230351 -0.0929056308633617
-0.0336343880586854 0.0189805032228286 -0.0191630727580601 -0.0578586858187622
-0.0308545138651431 0.011366967599433 -0.126041417782186 -0.163233140140942
-0.139214676269154 -0.0655701743710732 -0.17107505978402 -0.176937946125282
-0.132455557611154 0.028234029580226 -0.100794622250368 -0.0623727118803142
-0.0651220644061905 0.131780491544543 -0.0111270497090378 -0.122878421647273
0.0470141523000512 0.154086257968503 -0.087278944808832 -0.169510243788969
0.129484745948974 0.0601737166577608 -0.227432386202059 -0.111634824284344
0.150813778434175 -0.0195614907249207 -0.295563365226469 -0.00182424290778307
0.161682279095649 -0.0872128892013037 -0.28386939811616 0.0941698401299803
0.157604755458472 -0.0915864038380223 -0.23688300977673 0.109541682104093
0.178891154482623 -0.0663817598279209 -0.240194811619302 0.06669140323002
0.172996799212417 0.0439456802957849 -0.199219124819981 -0.0247647663747937
0.118741297886768 0.133039965578568 -0.13149022941653 -0.109173159628374
-0.00930338801271711 0.198446507528322 -0.0304532974513777 -0.113410483393346
-0.106843216922263 0.122535959095206 0.015573018128787 -0.0897195370107809
-0.132037525719233 0.0151721590287543 -0.0444060878458328 -0.0434818833665155
-0.127961640596418 -0.0568682950965168 -0.135475261213976 -0.122411330054238
-0.223155247175278 -0.124516415686265 -0.0912074685087881 -0.138027060327016
-0.243611795675937 0.0229768717040598 -0.0286261939671716 -0.056889822562759
-0.14825418014385 0.22225547366316 0.0461688132998968 -0.134477989730792
0.052559858383983 0.288468423140878 -0.0312214128036871 -0.185626074889776
0.209762878536076 0.141126627858969 -0.174581965621662 -0.125952451752564
0.244450950789405 0.00221461466294186 -0.223782158157319 -0.0317560166451029
0.260443810752768 -0.107129518053801 -0.206299229970083 0.0518659178936203
0.242191706503885 -0.129495484830508 -0.153898536341323 0.0709135020359505
0.26093456243048 -0.107983541695159 -0.150516968792769 0.0573549355866172
0.259291717684176 0.0311655923185622 -0.125873912369654 -0.000266133162371713
0.205410427472171 0.162464248690878 -0.0962877066078797 -0.0455916463190889
0.0454019971132095 0.298869009316652 -0.0398978168506428 -0.0550726139610865
-0.137393372233978 0.223116626735935 -0.017724092375488 -0.0598293663254057
-0.221429612444097 0.0401768681763377 -0.0623437398931398 -0.0143281261642795
-0.223564688616232 -0.103314825878418 -0.119727075941285 -0.0584692877664799
-0.259409340561533 -0.175028481473747 -0.00695974167783225 -0.0720321059456757
-0.30489686741764 -0.0165745855886929 0.0391826235784944 -0.027062595261939
-0.223649047861692 0.246370787134649 0.0929245693844448 -0.105432070644589
0.01676104496911 0.371073225839239 0.028965009672603 -0.154830124025736
0.233104303266285 0.218208386813365 -0.0925163457455653 -0.104773364012519
0.292259374921689 0.0428816138528207 -0.114550144533657 -0.0431142092471414
0.318405183312743 -0.100168301611395 -0.0960127381674878 0.00886331296008753
0.289645111171346 -0.147183092113873 -0.0476376176392941 0.0216155724012907
0.3029331805629 -0.141830774898707 -0.0396434169828335 0.0282593394639678
0.308870094081596 -0.00227938320834562 -0.0271605934958284 0.00476792303389264
0.271477936858262 0.150143428794418 -0.0244849641939858 0.00302804667503144
0.114028233656054 0.34847078381123 -0.0119191500583379 0.00334190160139826
-0.132386368449942 0.304435140284911 -0.0220682340847073 -0.0157441092159849
-0.281720026539665 0.0815699395526708 -0.0516373238443546 0.0241125094088587
-0.297664403542758 -0.125521978321293 -0.072238422311097 0.0151534300942494
-0.247904408705885 -0.199351991484261 0.062738025920038 0.00917800697348503
-0.301756014685537 -0.0619987738890158 0.0811500015588374 0.0139991929935141
-0.257433626388661 0.206944364025992 0.0997748615162574 -0.0496815203731785
-0.0390433834987488 0.370125812353993 0.060369286511919 -0.0791854520980889
0.199527466208061 0.255743152910448 -0.0108464403438029 -0.0410876642611023
0.282527084643079 0.0787208346775884 0.00797729712425893 -0.0231438419563321
0.321873199988393 -0.0752827302187368 0.0291715895853511 -0.0234823226544528
0.292609433802793 -0.14265495807493 0.0648968757404219 -0.0294463977097356
0.30220367994964 -0.153251714558244 0.0751060433372359 -0.0169106328141203
0.311933655026629 -0.0318156796954155 0.0780573524664288 -0.0138112913902619
0.290125489661061 0.11736452362639 0.0651357904154946 0.0242445104103113
0.158155740698962 0.340786685579939 0.0415171312241682 0.0413731040013594
-0.107983786109432 0.335566988786675 0.00312008302144977 0.0212572995024915
-0.300645281294664 0.110688719473544 -0.0104468894770365 0.0542394152097075
-0.329843697956357 -0.126698723108541 0.00188237574720923 0.0835187283039942
-0.201796447678297 -0.188432504439584 0.10867415260062 0.0872417270016515
-0.247543819528846 -0.0837701189959618 0.0913911061766589 0.0453804883458619
-0.233335947084193 0.139677505471824 0.0619251091758821 0.00270629856243812
-0.0693992532536468 0.296553027476384 0.0452714728279127 0.00830199573587803
0.137171439479759 0.232731227703257 0.0438740151776166 0.0471427810402318
0.222392333224724 0.0890927089892408 0.116392700704183 0.0210393055468751
0.270801652579308 -0.0457609439019934 0.146518951964459 -0.0419815279313462
0.252778651315099 -0.116329462125891 0.166771684494965 -0.0754006462411553
0.25942242450342 -0.132036202598369 0.176586529433399 -0.0658815475288982
0.270616557503183 -0.0402309850584528 0.172591569165991 -0.0396432783368213
0.257548600008681 0.085943658320368 0.147523619192901 0.0297615196136329
0.153968020726563 0.291396686634517 0.0945326322015825 0.0604126762181421
-0.0861700234707975 0.308634554497203 0.0387089913721434 0.0430086169238975
-0.278073773918217 0.109681753620522 0.0444343241287885 0.0696634370103743
-0.310136608721186 -0.116175643930454 0.0860520485973393 0.140072976576339
-0.137235459436296 -0.141894465529394 0.132885458420582 0.143923711929233
-0.169897721172873 -0.069847683521138 0.0819720514793096 0.0568092595703232
-0.161472353851219 0.0809451022404603 0.0038094750005708 0.0342695004497797
-0.0560167444239299 0.188537157665958 0.00585338683841078 0.0794490892045461
0.0771604507873134 0.156983193073487 0.0745803893375241 0.126907029170273
0.13449385032543 0.0660148166413955 0.193845352409757 0.0643146120668489
0.176909386354921 -0.021081622392221 0.237693669353896 -0.0508232994203447
0.174642272970082 -0.0746522487063687 0.243126867994917 -0.110196437552867
0.181831845011132 -0.0853719328131224 0.255275497418415 -0.104741125574412
0.193061464158236 -0.0279709236663854 0.245637879725815 -0.0567546611560218
0.186388007679569 0.0607341482713264 0.20801718361045 0.0355167571890713
0.113850208124976 0.214102705809426 0.131109013216615 0.0739666254246391
-0.0672695841200991 0.233557986779069 0.066286464556474 0.0571422175597522
-0.217695737722913 0.079113407883818 0.0937900436956271 0.0744756272157573
-0.238433993759988 -0.0948420483048173 0.162849647236126 0.180697890607123
0.115593418495272 0.0300158849714497 -0.255130327204462 -0.170884170187815
0.119135605905515 -0.060905326837458 -0.170840648394458 -0.0280342418618299
0.037393825230632 -0.128898723963594 -0.0668370025893424 -0.0405256917614973
-0.0660089108622457 -0.111127484179735 -0.116453340526241 -0.0850516884521915
-0.0940931293665107 -0.034793217978587 -0.221699999066846 -0.0670919870064315
-0.0804059675144779 0.00943191742115116 -0.302488809231822 0.0424231493624149
-0.0819929409855665 0.0273952101601236 -0.305386096851462 0.135807016657575
-0.0663173213747653 0.0211353748391092 -0.285706963627887 0.142669390454309
-0.0523292373217837 -0.000686418069829648 -0.297149503203359 0.0575220873188277
-0.0394349243817896 -0.0237784780037577 -0.243566000328095 -0.0600542114025518
-0.0201006596532111 -0.0414945703445974 -0.127783565117635 -0.168862474214396
0.0116510439492368 -0.0578729018999008 0.00405700136331 -0.147112999241024
0.0571929469054793 -0.0283255391475966 0.0525258222646556 -0.0800401232464065
0.0628923946910564 0.0492190486538343 -0.0079874968384088 -0.0664962069427125
0.0593761944425218 0.0894413238884731 -0.106054518339414 -0.17477691532107
-0.0192531009521743 -0.0114270067028642 -0.23323685197504 -0.186026624765988
-0.00271790140075252 -0.00404092169551013 -0.153638087239555 -0.0482617445427729
-0.00128226829179603 0.00429136419947999 -0.0535194176882433 -0.0827938373921079
0.00104083017685568 0.0126278636674949 -0.118200089658404 -0.126504567907282
0.020111838268462 0.000447938571892754 -0.243181674923938 -0.0847798542152291
0.0350294626371862 -0.0158382224698739 -0.321912121447895 0.0306456326398076
0.0402477261116094 -0.0395984638970084 -0.317983128187004 0.12875463211964
0.0488297802069153 -0.0394713089629085 -0.282678612404173 0.137280697035377
0.0697490818892896 -0.0294907793206893 -0.29256760519694 0.0654924132415572
0.0691460918980324 0.0221936622138976 -0.239801460084899 -0.0515746292866984
0.0403228217238195 0.060129018739082 -0.136106882604324 -0.158366093565524
-0.02041877768382 0.0721902864414907 -0.00460329750139505 -0.146788533487239
-0.0376115539672465 0.0341492260942007 0.0489883409525127 -0.0935568354369987
-0.0334927307075253 0.0195937778932872 -0.0202683400747158 -0.0584342719265731
-0.0311932027999104 0.011640522860165 -0.130194331259466 -0.163368391627627
-0.141400776906671 -0.0645884471859747 -0.174966060892169 -0.177506056005341
-0.133703854899282 0.0294211891833588 -0.102165279534608 -0.0616599097856776
-0.0641066197528283 0.133714446719985 -0.0123824821170122 -0.123693189531099
0.0490368087547818 0.154911057090201 -0.0897284574957719 -0.170095589135848
0.130957370427148 0.0599355789343418 -0.230208303090254 -0.110298278292145
0.15131808159209 -0.0214214237795399 -0.298171153943341 0.00187911105336705
0.16140467497069 -0.0891271990493027 -0.28460687039982 0.0979901850007359
0.157437988807283 -0.0941007412604208 -0.236924889565576 0.112844431060528
0.179409718916182 -0.0688217086158481 -0.24077507724054 0.0701349903232308
0.174444889207528 0.0423915711212192 -0.200753375583161 -0.0233416221844528
0.120830112378593 0.132812444610133 -0.133592558572892 -0.108414042348496
-0.00807872537348418 0.200364968139592 -0.0318439649783973 -0.113117481680573
-0.107140008883486 0.124612238873545 0.0141318190700215 -0.0906323610258547
-0.13367757402912 0.0166647838897493 -0.0456362639874393 -0.0429832163440235
-0.12991565898465 -0.0560251779834217 -0.139364720610963 -0.121941906017553
-0.227273685933618 -0.123791865850531 -0.0927888101829449 -0.139103160665145
-0.246592178146271 0.0253055265660771 -0.0299393294144181 -0.0567849163794715
-0.146790414281891 0.225728822091696 0.0450946129549662 -0.1361628900799
0.0573599325572321 0.290690667166523 -0.0338065868881452 -0.187321806030844
0.212252331226261 0.140367227053606 -0.177114294195479 -0.125394308008049
0.246307543034515 -1.26286117229767E-05 -0.226463283157117 -0.0290472077854984
0.260834798087566 -0.110350174680389 -0.206912059901343 0.0535199228756284
0.241831682778899 -0.132971137021441 -0.15419142099191 0.0727020327351604
0.260885542811292 -0.11062642559988 -0.150432984210921 0.0595841872669396
0.261066528776089 0.0296612351879353 -0.126874491168258 0.00153370555095457
0.208763036389508 0.162101532814629 -0.0968531746756745 -0.0448318262558065
0.0489583891594465 0.301114390925384 -0.0404360804363118 -0.0551142603842571
-0.136832523470944 0.226106062411015 -0.0186011272095914 -0.0598856600797496
-0.222782832394972 0.0429039551592592 -0.0632720890159565 -0.0134102113925588
-0.226614412552969 -0.101823323506699 -0.121613735868727 -0.0573613987116393
-0.264085675899697 -0.174085346816612 -0.00759678889721333 -0.0725809604223289
-0.308594006866515 -0.0134151920529019 0.0390508554316381 -0.0275907052868325
-0.223613346657239 0.251456944991507 0.0927686279674071 -0.107698016401586
0.0209388208704835 0.374197817578207 0.0278969888261846 -0.15661243647839
0.236930569263634 0.218289234422819 -0.0939580698041909 -0.105377335306603
0.295142373228599 0.0398512436381506 -0.116552530656661 -0.0421598385562907
0.318578892129341 -0.103900192075623 -0.096263555299024 0.00922670521333615
0.290013157724178 -0.151240033865584 -0.047894166575684 0.0224922118571214
0.303324243255192 -0.14606007952264 -0.038817252263174 0.0287172483147069
0.310889841116651 -0.00513457051587964 -0.0269826344214766 0.00483816386563866
0.27489691069097 0.14878330862392 -0.0242607557496858 0.00317890383485694
0.119725054015096 0.349373372816829 -0.012148444486881 0.00344996139691225
-0.130487332726012 0.307723629265387 -0.0226046744542946 -0.0144578162426378
-0.283821110583381 0.0847965253256084 -0.0516360473526435 0.0245908068512003
-0.302266324433389 -0.123463264514524 -0.0726416005005624 0.0156554473943334
-0.25324162236233 -0.19886630708064 0.0643481787701298 0.00818831734031673
-0.30557908083116 -0.0586847219802937 0.0825194937017276 0.0127481926462462
-0.258091355613499 0.211815925636223 0.100436856311035 -0.0515652860739485
-0.0349809192895954 0.374137561941314 0.0598682152590077 -0.0813148927190287
0.20435029416122 0.256176245930181 -0.0112579401548681 -0.0412421698446876
0.284849871206142 0.0764726944291355 0.00721945049400883 -0.0231855247639287
0.322675043671852 -0.0796401593108394 0.0292491988911572 -0.0243783111147226
0.292740837152885 -0.146474151268507 0.0650363720802096 -0.0304024000365894
0.302003883265626 -0.157565810801846 0.0752244858972218 -0.0180787103011271
0.313409062888696 -0.0350397397888897 0.0783870299464776 -0.014969594522621
0.293128105036964 0.115107139596822 0.0661386122371695 0.0232266005710508
0.163184399303091 0.34101244380005 0.0420391987773036 0.0409871234611349
-0.105272189121826 0.338543105451098 0.00317363913497331 0.0219574848658178
-0.302000053390544 0.114434711045318 -0.0102294735639397 0.0548228455606887
-0.334810731574196 -0.123927877848496 0.00333980552249158 0.0842022505149379
-0.206046487631681 -0.188009807175289 0.11171125449647 0.0868739725698608
-0.251381873147215 -0.0814778833893718 0.0926949622548511 0.043978971105121
-0.23379770267583 0.143298535961272 0.0626106805896818 0.00149190475738136
-0.0666125973487987 0.300488495562737 0.0457267987609446 0.00697553469860072
0.141087706347553 0.233772053909695 0.0452878527050388 0.0473215188933575
0.22467046994737 0.0876121039674311 0.116522168119174 0.0194195090310107
0.271989879032032 -0.0491100554909339 0.146815050871014 -0.0443710174139251
0.252813407992422 -0.120078566712866 0.166989952515588 -0.0776458039537546
0.259461342511408 -0.135947593422341 0.176891131919768 -0.0680609033352981
0.27203352892223 -0.042928846216513 0.172532551774871 -0.0421018687579895
0.260744039534991 0.0839808689275632 0.148989393088373 0.0281600877398375
0.158636312845766 0.29219907648253 0.0959963931555102 0.0595973511069327
-0.083548242092894 0.311655459836901 0.0388685437324048 0.042929868595125
-0.279128185955492 0.11301654584654 0.0452328334008027 0.0698718942830377
-0.314411749646176 -0.113765312987085 0.0887552516079137 0.140405668275978
-0.140554918441917 -0.142055387903467 0.136849502366907 0.143702779628301
-0.172495523295742 -0.0682618269435605 0.0839081047470795 0.0556141975958323
-0.161760118807718 0.0836630452868669 0.00450091343764538 0.0337489320187219
-0.0536721265337741 0.191077126652563 0.00628988294627546 0.0793839260432674
0.0801043835611362 0.157640454416247 0.0759736450855237 0.127284661815964
0.136724702547105 0.0658745236150806 0.195887178838073 0.0623425670756074
0.177341613797656 -0.0232265244331744 0.23832369536583 -0.0537732819446798
0.174432042738661 -0.0771074384394849 0.242785433095691 -0.112884662052542
0.182176738864324 -0.0876708719766426 0.255209928887038 -0.108067772130669
0.193447831076803 -0.0303667571362661 0.24616158279106 -0.05961722429645
0.187879316688197 0.0595050962061235 0.210161967217787 0.0328455347404355
0.117568675847981 0.214357131034519 0.132970567915217 0.0726726161591023
-0.0652822743599876 0.236453713313418 0.0672935860875704 0.0572251485167688
-0.218909936829685 0.0819280761089192 0.0952864489768851 0.074862285607846
-0.241183085341731 -0.0927327241519913 0.166774901729366 0.180965811528523
0.11488104006105 0.00606624713411537 -0.293858065533065 -0.116954948958772
0.101770401369935 -0.0814166333430968 -0.174230886359456 0.00826593780550484
0.0086151654650846 -0.131210611801123 -0.0651718883998264 -0.0316326872789655
-0.0891449425345595 -0.092133892092196 -0.127928768064868 -0.0719533589851502
-0.101060612224039 -0.0124028599435777 -0.239863491922296 -0.0299661604240727
-0.0761305382977419 0.0285330495412349 -0.298691232097057 0.0987331899381652
-0.0735084089119693 0.0469709735869412 -0.280763619513507 0.18718451639199
-0.0613789299226311 0.034666656577361 -0.255174654817206 0.196835030099109
-0.0534923581795336 0.0103453538486239 -0.286939104908308 0.118136844684785
-0.0449502470950295 -0.016809050813012 -0.258352188902872 -0.0100844211676463
-0.0276803656282424 -0.0383807670824279 -0.163569916229723 -0.143905001953185
0.00162430935494862 -0.0602344054860355 -0.025626328534529 -0.147993047716862
0.0505342248858621 -0.0388730658605857 0.0368615402003425 -0.089490554953871
0.0730225792969842 0.0340103681243136 -0.0278950837649283 -0.0656333519971034
0.0764322243817998 0.073303264521813 -0.150104278050679 -0.157605158257237
-0.0214046771585158 -0.0081566141182462 -0.279855577342532 -0.1456337827153
-0.00421877855878261 -0.00201978160117534 -0.167582225506689 -0.0181978400227382
-0.000662470435946366 0.00466533350761416 -0.0710453867002806 -0.0735253814846357
0.00103900254867763 0.0120183446718064 -0.14457920882647 -0.104807582861161
0.0163876988604733 -0.000561124249253444 -0.260588298926664 -0.0363277764584824
0.0307592364123168 -0.017892133423876 -0.31562127073188 0.094501383077845
0.0296831320695667 -0.0439836392040541 -0.287175225166204 0.190492530720735
0.0398168494710027 -0.0457553510215551 -0.252899389823629 0.192096452937376
0.0592670560178497 -0.0407973568746727 -0.282539778095253 0.125308942928419
0.0697462167295272 0.00779735394336277 -0.255748189976297 -0.00191654249095989
0.0484191429931524 0.0474669205698316 -0.17240947440476 -0.131195430117545
-0.00465383548074991 0.0717278007986236 -0.0368837380393498 -0.148517408367309
-0.0288750006572382 0.0394800035590378 0.0283782703662319 -0.106998347424907
-0.028768784615552 0.0252317506056028 -0.0333462746789445 -0.055659103947708
-0.0294248111788564 0.0145762866631413 -0.164984486793141 -0.140781150220106
-0.148070153124913 -0.0362806647710951 -0.220379321329898 -0.1560638543597
-0.123470599130584 0.0564475921764225 -0.122400941889471 -0.0472076239880596
-0.034552574867816 0.140152288199946 -0.0492948765278913 -0.120381781621792
0.0779697756924675 0.136799674313072 -0.133853033038236 -0.145702329973232
0.135272796557598 0.0337606112458036 -0.250962308850721 -0.0555267352348178
0.141926381140781 -0.0463080122978222 -0.292498738592481 0.065852641493676
0.135014367960421 -0.117825490071637 -0.253690826839698 0.161454476633495
0.135468491757153 -0.118070375938344 -0.211406389580278 0.159841443289137
0.158533487024983 -0.0982820791168062 -0.231516231074305 0.119992117241957
0.17612766020182 0.00796238672609821 -0.213210759833213 0.0205489557954008
0.138637251461634 0.103147142926411 -0.160164847060372 -0.0795010106345243
0.0316071562446651 0.193565496168551 -0.0604518268841814 -0.109960271007489
-0.078119432792362 0.139640791239426 -0.00929869001936706 -0.100572226227462
-0.127910136828393 0.0427125909325752 -0.0509118561180701 -0.0381924984483766
-0.141296243878528 -0.0316181811903446 -0.158453612097211 -0.0972628647626685
-0.241897873936721 -0.075804881309306 -0.128815847750906 -0.140015859097625
-0.23304819717094 0.0750382427759749 -0.0501127712154691 -0.0616182589014407
-0.0949536145507084 0.245202204547119 -0.00376782053013851 -0.145843904904176
0.115659094543368 0.264749841910052 -0.090678959821745 -0.169733213228904
0.230574807516444 0.094698137154818 -0.200509717998734 -0.0726112624056111
0.238045230368253 -0.0447266787007838 -0.22478797945631 0.026144276679481
0.225875541381363 -0.160231823509234 -0.181293835899477 0.110594586375518
0.211143318601639 -0.171847844950782 -0.137038044967835 0.103817347801824
0.229412036552905 -0.155011268367211 -0.144137491459198 0.0918251431503508
0.257673900728466 -0.0212765786969595 -0.13403170825862 0.0323664839756789
0.227901140112996 0.11602689303842 -0.110517522140112 -0.0219017543097396
0.105643179452944 0.281382722126927 -0.0600068450607535 -0.0491755261680085
-0.0868032645307196 0.243914171970809 -0.0406299179202969 -0.0652229598994571
-0.210614647687807 0.0875992535661102 -0.0581106508236618 -0.00835866174194041
-0.246959574312156 -0.0562260886769219 -0.120775377090769 -0.0362181733344298
-0.286220402907146 -0.116605093487334 -0.026160799122418 -0.0934570824122906
-0.301267677853002 0.0491506976460705 0.0262354204082184 -0.0497007583852816
-0.163035194306145 0.285580711648972 0.0448966377113617 -0.129790569979493
0.100259737812249 0.351876608749859 -0.0304578430018398 -0.149819793201025
0.271380885715854 0.163505058764817 -0.115277721810166 -0.0637860324948563
0.293745525847929 -0.0159851797128985 -0.117058796440172 -0.00459559805351876
0.283719681076868 -0.167802166306253 -0.079238044131169 0.0499859031748399
0.254358033656144 -0.198831238557484 -0.0413794824498241 0.0336002153827994
0.265325254054333 -0.196779997336867 -0.0381417306571255 0.0387989753310931
0.30119920427481 -0.0635417742801452 -0.0324265061500117 0.0161540794130863
0.28936993057735 0.0925460272212923 -0.0268176587017405 0.0125929349464008
0.18233059527757 0.31584011974347 -0.020156174822696 0.0052323689321128
-0.0652813595514671 0.321745688943963 -0.0388120771717477 -0.0193995007412583
-0.262315746774904 0.141061760237782 -0.0371668236431694 0.0243371200022416
-0.326485884793108 -0.0611076938797399 -0.0511444642656466 0.0270282234427864
-0.280086088176351 -0.142732045029544 0.0659370435283346 -0.024945061065761
-0.307212676716524 0.00508982792157812 0.0807030634153071 -0.0180451177744915
-0.203189880670296 0.254898633137336 0.0642049989098833 -0.0786984415252622
0.0480363192317682 0.364799336775583 0.0142603684487132 -0.0841561418794702
0.248459276820543 0.206621973610424 -0.0225130008464855 -0.0155484066848264
0.290869400510429 0.0197202944718199 0.00890848687987499 -0.00871249600655576
0.292914382548263 -0.146044590055346 0.0368412887437102 -0.00648721089620241
0.258865411456104 -0.195698213409114 0.0598338347269558 -0.0409831701467793
0.26275720062856 -0.208427806856922 0.0676887275468621 -0.031480031847527
0.298398018471396 -0.093589360753659 0.0706472177957093 -0.0248911602751608
0.301898485282993 0.0575809961511642 0.0696698251815773 0.0142080503796316
0.223163426403866 0.300541353152332 0.0425083546221764 0.0325472534744018
-0.0351952485690311 0.346771975004632 -0.00635065783668401 0.0135512292156409
-0.27412391308568 0.175747197192041 0.012308030941722 0.0436009478835908
-0.35728822224251 -0.0539048466781698 0.0408017081984398 0.0800690549848846
-0.233397964672537 -0.140329907222083 0.132840594332599 0.0485326408511541
-0.258617617247864 -0.0276865084791349 0.100430370242673 0.0131618955880453
-0.194232076646844 0.185120242820153 0.0421805158962486 -0.0199703840329504
0.00228079593646536 0.30197852910389 0.0217634453028258 0.00296793731707463
0.184376978531164 0.19790554920072 0.049999982349433 0.0580700573187807
0.236342734366242 0.0408500417412911 0.124016704009986 0.0108635350320835
0.250828718336561 -0.10576445187225 0.146842108088333 -0.0518107393346183
0.224595915407646 -0.16359111188241 0.151564973895305 -0.108545560981505
0.226990311181917 -0.180686758613027 0.160407993717474 -0.102559187776799
0.257571164818883 -0.0928615738255013 0.161991185192858 -0.0729904062570188
0.265536184327034 0.0340644376415247 0.155209973361127 0.000925879345975217
0.210068421795413 0.253984758308206 0.101794416742829 0.0406294407972185
-0.0202641717770832 0.316213888113938 0.0354588648216633 0.0289126173751879
-0.251645564807695 0.170007419787815 0.0716698610259301 0.0475350183670325
-0.334474187653137 -0.0467886755846043 0.137918807376147 0.119796383618219
-0.161553833785769 -0.10839011572209 0.171959673738483 0.106641901898508
-0.180292653677561 -0.0305636457786965 0.0950768122065963 0.0302089629966177
-0.136853952408193 0.11461147709896 -0.00226202052008909 0.0261116434287676
-0.00873633313489195 0.195813297968331 0.00454520395295783 0.0806127322489935
0.11163799906236 0.136138730522725 0.0979890540575184 0.125639366815146
0.147166214995229 0.0353817071635474 0.210753118374031 0.0332942154035434
0.166786739508724 -0.0619221380803905 0.232655649910282 -0.0848618667858038
0.156374608383433 -0.108069270863966 0.2197681532935 -0.159682396605605
0.161441841572366 -0.119505520582155 0.233104527045338 -0.159291078707296
0.18530888591748 -0.0658741376783837 0.234237186442461 -0.107964231867073
0.19341460219 0.0236890043321395 0.218342868173562 -0.00812864647647518
0.155553104420686 0.187512779211735 0.144266766637672 0.0455592106854656
-0.0165629277133249 0.240866661273949 0.0708678727664774 0.0386239545216758
-0.198245531320374 0.127798025255615 0.12097800109786 0.0443509527801731
-0.257195718696828 -0.0399403544340479 0.221214493769655 0.146998348930347
0.116983808434029 0.00538781521006911 -0.299051449908201 -0.115841344454345
0.103177366452949 -0.0838042050977973 -0.176114394136795 0.0104185548772692
0.00738797615674177 -0.133159346139631 -0.0657741581807844 -0.0311580536089604
-0.0915756704153715 -0.0920888760084893 -0.130269839786304 -0.0713600196593105
-0.101963722900989 -0.0116717562790051 -0.242178764154545 -0.0276992187314238
-0.0767814549913461 0.0291844192625732 -0.300595623998044 0.103476182514635
-0.073445535904902 0.0478384801528124 -0.280633325268435 0.192442738263246
-0.0615420347992448 0.0358807119983693 -0.255033479948399 0.201815916894842
-0.0540894712364095 0.0106487364158609 -0.288406650262957 0.123055855894489
-0.0460068995785407 -0.0170600652806029 -0.260118439813652 -0.00801639740617651
-0.0287916262448608 -0.0385929475538789 -0.16627398091412 -0.143616389074627
0.000510238851565637 -0.0605505406889894 -0.0267799307734115 -0.148851645535267
0.0500606537065641 -0.0400735166819718 0.0365442635929021 -0.0907137508734082
0.0740444378562982 0.0339265421116305 -0.0295786428706136 -0.0658738495311588
0.0781577242052997 0.073220649527707 -0.154697826161187 -0.157643967671142
-0.0219076931101222 -0.00765946156319328 -0.284850666331966 -0.145088340164072
-0.00404325073660736 -0.0024983051999473 -0.168876022680854 -0.0171312009439883
-0.000514586228395639 0.00442686047528352 -0.0726247691442471 -0.0739833493923137
0.00129820697618258 0.0117721424030944 -0.147291093448849 -0.104087511700327
0.0163245992522729 -0.00104603024554063 -0.264208751269644 -0.0340178939667042
0.0308624631808187 -0.018503942581462 -0.318124508692503 0.0992369000302322
0.0293587159546291 -0.0440981629514302 -0.287505723217064 0.19498731404298
0.0392578477291417 -0.0468740373614291 -0.253153117019239 0.196808395919846
0.059441310529452 -0.0421294020045235 -0.283772647073847 0.129672878438111
0.0702504863773869 0.00696109746003979 -0.25810784739724 0.000679854553966226
0.0489878281354115 0.047445525848382 -0.174936333464058 -0.130480790002467
-0.0041906599940309 0.0723933583778207 -0.0384246363825026 -0.149551203178665
-0.0290928065688075 0.0399110815251408 0.0276644374324662 -0.107951986488554
-0.0289224119989522 0.0262272483940342 -0.0343719575936018 -0.056216601353822
-0.0299747817728295 0.0152734887749637 -0.169615717854754 -0.140445256289575
-0.150808688116132 -0.0353043057709376 -0.223965424048436 -0.156653227781728
-0.124577352770373 0.0580388399760165 -0.123840180156267 -0.0465644581961343
-0.0337833540023384 0.142409415329441 -0.0504138479283157 -0.121531110001832
0.0798789754615391 0.138080843103122 -0.136301836486622 -0.146298004002012
0.137120360232737 0.032714821334435 -0.253589064664417 -0.054733369323934
0.143304393072106 -0.0482748014783166 -0.295037633717222 0.0698432915788827
0.1347472223715 -0.12022116363352 -0.254344609393533 0.165677381468172
0.135030999141288 -0.120279048819572 -0.211560131697032 0.163496461703879
0.158549211466585 -0.100619446289069 -0.231740317834295 0.12391836355547
0.178069071402898 0.00634876863911361 -0.214279568908432 0.023025015031043
0.141104822948397 0.102803833851304 -0.162499746917659 -0.0792462321294117
0.0339807725362534 0.196070203107437 -0.0620057917298899 -0.110362163044015
-0.0778103426553095 0.142100632164021 -0.0102941554703988 -0.101358153107009
-0.128936040351623 0.0448092136324386 -0.0516982226934124 -0.0380156603947497
-0.144060322869201 -0.0303390763597909 -0.161882684615001 -0.0962991770254463
-0.24610809718589 -0.0743470989447905 -0.132347217048341 -0.140891512471748
-0.235413533653256 0.0775610226253667 -0.0512154298934129 -0.0619798611351931
-0.0937738185927524 0.249153573608708 -0.00479679275550546 -0.147843309063114
0.119941071607479 0.266563374703682 -0.0931120974829386 -0.171286308557895
0.23368033878532 0.0936014323836542 -0.202699797687223 -0.0720157929782314
0.239976670733795 -0.0481095842056505 -0.226544414777571 0.0287837114712075
0.226311255146077 -0.164121695517745 -0.182057385758014 0.113104714124262
0.210614842349771 -0.175645009594439 -0.13698609225712 0.106495495572381
0.22974053610427 -0.158824296360628 -0.143992659871024 0.0942188362452267
0.260402983526424 -0.0233493807893469 -0.134964855076308 0.0335140585519803
0.231631589146885 0.115318940741654 -0.112028817315556 -0.0209957150470247
0.109336093599802 0.283479457522581 -0.0605602663576176 -0.0487948987992019
-0.0860650732145598 0.247526520814146 -0.0419692019115018 -0.064638894259076
-0.212713954992554 0.0912222527277013 -0.0588536972051102 -0.00732131940654209
-0.251042232130636 -0.0538704562141486 -0.122608643864531 -0.0353433626691052
-0.292028274597545 -0.115397587378582 -0.0272750880457884 -0.094485268722984
-0.304841269523485 0.0529423516174898 0.0260264523075558 -0.0505034489366052
-0.162066229172545 0.290784925686637 0.0443421132033169 -0.132329129817053
0.105926499924624 0.355884355209924 -0.0325463253754034 -0.152267595982034
0.276169849222571 0.163358189982024 -0.116944935308566 -0.0638578374944054
0.296069591812825 -0.0194434583848067 -0.118714325393377 -0.00291958952226225
0.284018532815605 -0.172313758614899 -0.0793073507930058 0.0506296101954438
0.253929751493881 -0.20389718481517 -0.041465615019093 0.0342271163733975
0.264942059148936 -0.20158739889491 -0.0375107317027005 0.0397138239653088
0.303626802447951 -0.0675160595820588 -0.0329096953910467 0.016923204943928
0.293708913589492 0.0910156896748411 -0.0267078397869132 0.0126922628932425
0.187530736557565 0.317432366911773 -0.0204560209154857 0.00514727886549609
-0.0636468819439548 0.324873747826584 -0.0396222042956307 -0.0184397350064694
-0.263996332668598 0.145256735697849 -0.0372025861862723 0.0253764072814054
-0.330740417420334 -0.0583446623797826 -0.0513316140159194 0.0276637541943147
-0.285671793733649 -0.141415406619729 0.0669625464930476 -0.0261061385393047
-0.311737730005515 0.00831431312247498 0.0817104137436406 -0.0195665433961834
-0.20302190372053 0.260591308276722 0.0644104434077567 -0.0807387582235468
0.0530047344278218 0.368476882333071 0.0133873318320911 -0.0856114240565346
0.253393612922226 0.206952161059924 -0.0230590206861666 -0.0157106263322808
0.294174960801241 0.017166436793434 0.00812671450318781 -0.00842531557767965
0.293580764124783 -0.149910990690869 0.0370773902353465 -0.00746444361616723
0.258452631742377 -0.20083238936653 0.0600731680257941 -0.0422868170152542
0.26222984199306 -0.212883674480042 0.0681144933791748 -0.0323666885757972
0.299952998027927 -0.0966527607324941 0.0709577737215303 -0.0259595555969807
0.30543130229087 0.0554862749122394 0.0702710462124358 0.0135045428305337
0.229054369830105 0.300910064807441 0.0427018444411033 0.0325351466857658
-0.032460571207114 0.350672367634117 -0.00677837487499286 0.0141826990309756
-0.275426064480196 0.180132442252562 0.0128720029679655 0.0442343683287436
-0.362265521191763 -0.0509202707103809 0.04266931751316 0.0804413950490646
-0.238470019038793 -0.139096385622527 0.135718242738327 0.0472416519049071
-0.262373723400379 -0.0253021428672662 0.101511146288238 0.0121059517595836
-0.194404328906683 0.19058998533365 0.0425514677336137 -0.0212527504825163
0.00686054667449398 0.305566268382335 0.0215858605369253 0.00232943555349693
0.188960475170525 0.198223628761689 0.050722651939934 0.0582708187437643
0.238609298014256 0.0394508699948054 0.125076065611812 0.00991844177019003
0.25203422655501 -0.109926664040433 0.147339804635062 -0.0543237312121421
0.224976256183243 -0.167885642319758 0.151679422913224 -0.111386945674655
0.226856400757468 -0.184553962604922 0.160951488313215 -0.105299289009666
0.259578277440116 -0.0965290096990832 0.162489289846176 -0.0753035105367899
0.269245512873934 0.0316884978352418 0.156250242121053 -0.00118369623321502
0.214409170610974 0.254400440065097 0.103197123454211 0.0401462443794702
-0.0168302553567769 0.319972717027703 0.0356346891931162 0.0291105852826716
-0.252923633534677 0.173708056241562 0.0722921286867557 0.0473582057458423
-0.338718550276499 -0.0437450392599435 0.140904172182862 0.120056066477899
-0.165744891107744 -0.108106919880745 0.176637055713297 0.106203272853548
-0.183290142077033 -0.0287858006282137 0.0967397647401911 0.029147784299139
-0.137802709748523 0.117747836018305 -0.0021707718833412 0.0257968853670185
-0.00600753030846123 0.198328095106771 0.0051845011941246 0.081306487453838
0.115125181911322 0.136832662722553 0.100110536942241 0.126299997026259
0.148803141432363 0.0343615082640529 0.212516869963208 0.0320064607887332
0.167084000059554 -0.0645820774340992 0.233380935960815 -0.0878834556349773
0.156435273499747 -0.111481940987279 0.220303474998661 -0.163222071739255
0.161944532088663 -0.122437559074661 0.233054481879146 -0.16310102508397
0.186162807394289 -0.0683604442083604 0.234603090795017 -0.111126811995903
0.194693179008178 0.0223177838522163 0.220582758779479 -0.0105271781499552
0.15934980908018 0.186819744616081 0.145912436408409 0.0441869140638726
-0.0144410875154573 0.243392273569707 0.0715680850868416 0.0389422009697625
-0.199003099885127 0.130686465286067 0.123269629059167 0.0442374356714901
-0.260721613361106 -0.0375640010849913 0.225963089144534 0.146664669031707
0.118773025917172 0.00478172212960873 -0.305240282674336 -0.114146331492536
0.103573646359488 -0.0859337844090574 -0.177718952743898 0.0127283432719706
0.0065785783974409 -0.134740371193229 -0.0670771784275602 -0.0309099681255378
-0.093238977274403 -0.0927733027158665 -0.132307694426164 -0.0709554642512406
-0.103717136688559 -0.0108920646392965 -0.245717702550514 -0.0256404277934196
-0.0770706411730222 0.0301127401877996 -0.302120583722534 0.107169727120395
-0.0735310673457897 0.0493858118222227 -0.282029286571773 0.197983725191431
-0.0619624878758087 0.0372021784340102 -0.25576686936414 0.206330468163071
-0.0545998589258959 0.0119533567221651 -0.290227365623304 0.12632904694843
-0.0467962512382715 -0.0165723198803507 -0.26311216407838 -0.0054451871458902
-0.0296330703992489 -0.0387448204665497 -0.170065376673687 -0.143870827371607
-0.000696684212043599 -0.0615225308812723 -0.0282988880199999 -0.150287659835892
0.050294561210727 -0.0413257214392984 0.0362971466054292 -0.091643910950194
0.0752832118280208 0.0333335648229846 -0.031606084265699 -0.0658777305504919
0.0798770798515347 0.0733028205550965 -0.15956320524221 -0.157774464673959
-0.0220241021818389 -0.00759481483274917 -0.290579173547431 -0.144101047227646
-0.00417556563818009 -0.00287627867987217 -0.170526574529972 -0.0153659665612252
-0.000377475759735167 0.00399697134326777 -0.0742215691292343 -0.0744558664760964
0.00134002313921625 0.0115824431619067 -0.150200825410452 -0.104093092468498
0.0164129098627047 -0.0010704133107061 -0.267644251905305 -0.0319477983755841
0.0308271518833089 -0.0193356210002786 -0.320119505796216 0.104119910293538
0.0293849091786497 -0.0446978974944265 -0.288661031110482 0.200453210056138
0.0394036653309371 -0.0471472547905305 -0.253928674299173 0.201387382940951
0.0589780532914487 -0.0428030381474739 -0.285436444982155 0.134511966073626
0.0713876343166084 0.00677671946625278 -0.26065463824737 0.00307007502129215
0.0501715652906112 0.0475800980765747 -0.178004433921104 -0.130537966656134
-0.00365506808167649 0.0738650500732234 -0.0397052517811039 -0.150802547926763
-0.0294909853964001 0.0411153878604937 0.0270191021720514 -0.109284572020371
-0.0292326987672892 0.0264656552555421 -0.035913516927233 -0.0561902754179541
-0.030297161152286 0.0158174529319061 -0.174129773819295 -0.140504454767254
-0.153327395340181 -0.0340120985190894 -0.229261481476078 -0.157062842090418
-0.12614264079211 0.0600678246523023 -0.125723475158811 -0.0462759317590208
-0.032453485133152 0.144490305889547 -0.0522414286840113 -0.123052409492113
0.0830270765286658 0.139265348071167 -0.139780967249645 -0.146742815886177
0.138909798385621 0.0321969213131551 -0.257193218205856 -0.0529540100972538
0.144272563528401 -0.050329711721415 -0.297828976781921 0.0742531930075608
0.134712034572291 -0.122483695043025 -0.255578283728218 0.169960921577531
0.135172191246752 -0.122974655215052 -0.211942294163316 0.167245736556634
0.159074849367058 -0.103559960540506 -0.232670451604985 0.127727281996694
0.180026877060372 0.00486824295055465 -0.216358357690764 0.0249900632978455
0.143847692577609 0.102894733381879 -0.165003067480029 -0.0786735029832356
0.0364416991162015 0.197880546954047 -0.0632473850904176 -0.111198297565812
-0.0773131100254601 0.144958678218578 -0.0120873829742342 -0.101726003814143
-0.130152760750309 0.0465701978437182 -0.0528986780192048 -0.0373646921072193
-0.146759986976553 -0.0287186455478348 -0.165478607093585 -0.0957815478699306
-0.250445474501673 -0.072558448861055 -0.135613343313778 -0.141815731165894
-0.238438085719773 0.0811541501555715 -0.0521705309457607 -0.061947497906716
-0.0921646247477603 0.253698000057079 -0.00585119349884524 -0.150549718452758
0.124620066794477 0.26855005771151 -0.0962513481739985 -0.172753633485135
0.238119911574296 0.0927872480259472 -0.205779242891121 -0.0715307905359688
0.242586677016629 -0.0508289703500638 -0.229746815203691 0.032144952635246
0.226678155032051 -0.167789883295817 -0.182696335484601 0.115860293141479
0.210999939859321 -0.180118788317704 -0.137310801954019 0.108857244843479
0.230745036339081 -0.163023709096887 -0.143589427026677 0.0965927252967905
0.263510419230144 -0.0259241435948998 -0.136258059927367 0.0351551047327504
0.23612344602164 0.114603297058478 -0.113310711527882 -0.0206317843755027
0.114197592309684 0.285386934564092 -0.0620568280806769 -0.0493045462023171
-0.0845057110408815 0.251805712857689 -0.0432749915908247 -0.0651836581194239
-0.214279232808699 0.0946049293636026 -0.0597581247390061 -0.00668063964584075
-0.255140942888401 -0.0518710393593863 -0.125022314059724 -0.0342346466519558
-0.297614774054754 -0.114167174394846 -0.0288281216278024 -0.0963354716737322
-0.309019863594195 0.0571629225231725 0.0258473918602022 -0.0514024833954808
-0.160884222328865 0.297387355338991 0.0432493174929179 -0.135258020729658
0.111256666240256 0.359112693370024 -0.0347479874688885 -0.154176855986141
0.281666472298813 0.163464594334886 -0.119163336748385 -0.0635122889646127
0.299485984554432 -0.0227762763398393 -0.120613657718685 -0.00159647836511752
0.285008794198659 -0.176714460443762 -0.0802932167637316 0.0515240002498172
0.254124700249243 -0.209026252861051 -0.0409801840765042 0.0347818057075481
0.265535131672413 -0.206165796966923 -0.0369489284284396 0.0405198774729362
0.306047343270845 -0.0705650154565307 -0.0332614027662953 0.0173893081437729
0.297889953089422 0.0889542700148665 -0.0267769718379194 0.0128928156866109
0.19381587676315 0.319212707862376 -0.0208714105927907 0.00565759188006835
-0.0605486395777531 0.330112756844587 -0.0409806716342001 -0.0174391809821173
-0.265984519454635 0.14955778014809 -0.0375444964429596 0.0262397941632654
-0.335926431006265 -0.0554153331099948 -0.0516934759448135 0.0285587957058508
-0.291662100483147 -0.139872884189932 0.0685665229514776 -0.0278014178775719
-0.316193298083285 0.0119252946640806 0.08269400342719 -0.0209656095300877
-0.20338771485044 0.266501404037885 0.0642337638856388 -0.083384511561221
0.0580246638574438 0.372948971735523 0.0126145556549282 -0.0877918709521123
0.258694748957065 0.207032562733761 -0.0234199089878089 -0.0155868318717133
0.297782127708327 0.0147226403190835 0.00740321765520868 -0.00830894518961225
0.295386710621109 -0.154282403245755 0.0368298970360873 -0.00842765281010727
0.25857173707371 -0.205350897191021 0.0606324593038952 -0.0432689597281757
0.262920344860076 -0.217684207149112 0.0689583468207478 -0.0336059205444742
0.302404715098558 -0.100630261015077 0.0714436258967527 -0.0273004880266435
0.309842353781689 0.0532568713008943 0.0716103630233998 0.0123855892593941
0.235068789984941 0.302381567536785 0.0436670055206057 0.0321402820995177
-0.0290091578705332 0.355488771342612 -0.00701497719402261 0.0150349151807378
-0.277313659528662 0.184419082908819 0.0134983610579253 0.0448419029223589
-0.36740401620685 -0.0481369774301707 0.0444559505694869 0.0808363706539877
-0.244120260778965 -0.138841615462203 0.139331066078747 0.046282325707874
-0.267120600042801 -0.0221175144584757 0.103586143241348 0.0103382553006379
-0.194960499756886 0.194921162746949 0.0427268696059548 -0.0224960393089936
0.010001822755732 0.309977734094511 0.0215019962175906 0.00155176464507876
0.193780114659978 0.199101015434158 0.0520066955057582 0.0586884324632184
0.242143958789117 0.0378548722420975 0.125692068926101 0.00935094853369048
0.253545490628637 -0.113841858991365 0.148032575006912 -0.0564878079422733
0.224980130248899 -0.171963148908801 0.152433880037852 -0.11348806974553
0.226706025104864 -0.18886651740882 0.161610664141701 -0.108102271569285
0.26029699391811 -0.10015394506234 0.162770795406095 -0.0773156994572926
0.272444159536241 0.029625274217857 0.158148196758868 -0.00308235760829042
0.220393628486209 0.254954188373282 0.1043858906293 0.0394700371094345
-0.0138118453054128 0.324264801772623 0.0365064025590361 0.0298695970628657
-0.254663484056138 0.178470116237913 0.0740915164540955 0.0477749424563124
-0.343252407943501 -0.0412502055104623 0.144589106599882 0.119982002409526
-0.16944625297752 -0.107231684978044 0.18077602833788 0.105179587580374
-0.185812454141722 -0.026175786682088 0.098962706492768 0.0282282092554938
-0.137932972269208 0.121446405582246 -0.00218160661317753 0.0254147337693227
-0.00333198364605067 0.201069246190674 0.00546715533220813 0.0817999958395347
0.118273506418839 0.137084456765279 0.102762348507039 0.126950933842858
0.15111253809484 0.0340363500815717 0.214759963895522 0.0303543255684302
0.168404592129291 -0.0668838446936503 0.234169883375835 -0.0922268195426685
0.15696336984204 -0.114411505361524 0.220796964494787 -0.16653772680961
0.162229063808967 -0.126061495148695 0.234005211777338 -0.167402524830919
0.187531583462343 -0.0714541952765034 0.235516951971627 -0.114309471478045
0.197663768169163 0.020859830514598 0.222909928531256 -0.0138773827635986
0.163447948065443 0.187928411483174 0.147886792150054 0.0437160369689197
-0.0124437922433704 0.246059763233333 0.0727591302994288 0.0392547829070048
-0.200608956733212 0.134485925025394 0.12543048191257 0.0439036638552567
-0.263917960627518 -0.0360045643581358 0.230922304194027 0.146605992179841
0.120883219746896 0.00388171203660376 -0.311286498087752 -0.112989472379047
0.104363702722934 -0.088381020114935 -0.179855250123466 0.0146319877891319
0.00535537548993292 -0.137249885202235 -0.0683818020365401 -0.0310053038783963
-0.0961831800375939 -0.0929682986850216 -0.135138987185648 -0.0704437986273902
-0.105457409752587 -0.010478247248578 -0.248779903301503 -0.0236691595856624
-0.0776971636076361 0.0313349561100461 -0.304660605683349 0.111878728629494
-0.0735557150091219 0.050756395497736 -0.282446685530766 0.203812413707857
-0.061990451324597 0.0383150028751516 -0.256705433075091 0.211583551746366
-0.0554266299766984 0.0124417167366732 -0.291932761851535 0.131396463295401
-0.0474246686336539 -0.0162855163681066 -0.266675965602297 -0.00312141339758412
-0.0305824118934762 -0.0390387626018949 -0.173462346133312 -0.143819346718042
-0.00157851879174126 -0.0624309740599254 -0.0299753438081179 -0.151594132823032
0.0498052471004479 -0.0420036294560862 0.0359154206468439 -0.0927583310743078
0.0770711654330301 0.0331027162377336 -0.0331257507063496 -0.0666925217249429
0.0816327204802258 0.073268439587965 -0.164794579136864 -0.15770466834743
-0.0225160031986703 -0.00683982403137406 -0.296152886220724 -0.143511801598948
-0.00416909480316321 -0.0028902440163834 -0.173227836590075 -0.0136768452596742
-0.000129832164552355 0.00375250432521447 -0.0757986562665809 -0.0744409899100723
0.00131723348239298 0.0113676581259428 -0.153239339838725 -0.103917123376677
0.016613381285245 -0.00158249565949065 -0.27125901129749 -0.0298909504865594
0.0309655606154647 -0.0203848005324021 -0.32251650880884 0.10886812021496
0.0292530545696876 -0.0456800546209537 -0.29001852406723 0.20645591064317
0.0389579134544394 -0.0480526782563925 -0.254449206193918 0.206937412285613
0.0595641868995222 -0.0438258803932835 -0.286734767346828 0.139306663369065
0.0721868906083524 0.00618026921800368 -0.263766053269138 0.00610261271585908
0.0509260100855673 0.0478314479429225 -0.182004194751729 -0.130109501317095
-0.00284478031371455 0.0744576920894466 -0.0420598801561222 -0.1522045920087
-0.0298469794550492 0.0418893598683898 0.0264272311310149 -0.110341318938079
-0.0290926666283296 0.0270173779171629 -0.0374360486306103 -0.0562677808703102
-0.030895203786505 0.0165807332485171 -0.17896298963655 -0.140136574713806
-0.156497840417604 -0.0326238909480007 -0.234981999292637 -0.157545213401883
-0.127093798655086 0.0616504374514239 -0.127679662637946 -0.045506060511014
-0.0310802017839703 0.146422732753749 -0.0542160110767939 -0.124136728003027
0.0857259044128975 0.138982725225708 -0.142912319222496 -0.147221759429542
0.141369361350463 0.0313668844888522 -0.261003965869363 -0.0510569110109541
0.145359576515199 -0.0528413918304229 -0.300838927944236 0.0792041273755391
0.135359234983211 -0.125519101397649 -0.256325489036599 0.174737371348654
0.134898864464371 -0.1263162489056 -0.212530907232496 0.171885510909818
0.159499604895611 -0.106076620771338 -0.233780606755588 0.131720377699313
0.182278927676762 0.00325564104875998 -0.218703924834501 0.0278345435158399
0.147328922727175 0.102816417769049 -0.167719678400781 -0.0777123684671027
0.039344379792669 0.200325608791241 -0.0653880979327163 -0.112568094720295
-0.0773958724965475 0.147623853506049 -0.0128600763667234 -0.102498805670108
-0.131723832608268 0.0489614767568178 -0.0542497868963989 -0.0369843860497896
-0.149456105542565 -0.0274435862451308 -0.169630827594221 -0.0949302662862955
-0.256163882603765 -0.0709237897801582 -0.138793640357515 -0.143270753923801
-0.241382876406829 0.0847017071460247 -0.0534619796974044 -0.0624094751590876
-0.090785787941133 0.258691666838156 -0.00771689910925717 -0.152519917892366
0.129405847060067 0.270597135304129 -0.0994170694444358 -0.174289999641795
0.242748536935004 0.0925048498748092 -0.209383380049228 -0.0702286308345076
0.244716155868697 -0.0540235230901046 -0.232992053384708 0.0359141103032035
0.227618830031737 -0.172789122381759 -0.184002721393449 0.118835283991416
0.211025187860541 -0.18426182978878 -0.137665572884702 0.111579033375042
0.231529075317009 -0.166864628877087 -0.143909703145891 0.0997054823792995
0.266847549502374 -0.0290293769486575 -0.136816459744056 0.0371727965318157
0.240221547296287 0.114010171909772 -0.114552366053773 -0.0197813792959719
0.118672194848212 0.288399724432451 -0.0631421910653232 -0.0496042630075186
-0.0833759413093611 0.256173717603289 -0.0447583071437583 -0.0650161001266776
-0.217165303740716 0.0977144640401899 -0.0608495600664761 -0.00567505992306566
-0.259734112351928 -0.0497302816940645 -0.12759154907881 -0.0334157280787633
-0.304538325773008 -0.112701749546634 -0.0293968510769332 -0.0979811293738906
-0.313849280169093 0.061436682023904 0.0265517271048397 -0.0524554401485846
-0.160275748711635 0.303432747486377 0.0426426322105711 -0.138156290379809
0.117581904438755 0.362781035424337 -0.0370087714563909 -0.155953031921013
0.287659293452498 0.162757495180592 -0.120759154717107 -0.0634624707006695
0.302768917537745 -0.0258831922287148 -0.122687776857616 0.000545390951108501
0.286791821193405 -0.18165959920907 -0.0808555298884253 0.0525835068891646
0.255145935884235 -0.214468499521853 -0.0413250219951634 0.0356184153499901
0.266984931225156 -0.211739450222534 -0.0368744840349946 0.041131627579799
0.308706219941913 -0.0744625824350603 -0.0333363426826877 0.0175163569618754
0.302664376103115 0.0866974391646327 -0.0267738105801532 0.0129502800399381
0.200195453590988 0.321364894731415 -0.0210981397403554 0.00565069901031791
-0.0578404539277629 0.335840327012594 -0.0420848575185893 -0.0173126861555061
-0.269054802770208 0.15467744392847 -0.0377086128221387 0.0270468539971097
-0.341386977512622 -0.0520826743026424 -0.052069382401435 0.0290284341818312
-0.299103280544438 -0.139425967447411 0.0696330218200088 -0.0295262466358195
-0.320389107303953 0.0153635257606528 0.0836436744687656 -0.022617614036907
-0.203232683462027 0.273184854521861 0.0642163690211732 -0.0856615004041309
0.0639255143363817 0.37734937136124 0.0114806459314011 -0.0888375929713855
0.265439246080285 0.207893088760662 -0.0240688275313441 -0.0159182796340216
0.301871678272778 0.0124518380650121 0.00699777610286361 -0.00818603178682025
0.296338158208899 -0.159863149383604 0.0368355243320987 -0.00945236820503631
0.259379773704361 -0.210823283557196 0.0610222242903759 -0.0444155533399378
0.262849555421857 -0.22331589336059 0.0693698519558793 -0.034724722230515
0.305115600389948 -0.104990082044458 0.071771685290726 -0.0279018378009505
0.31430712347903 0.0510505317763703 0.0726913370990267 0.0119069897122569
0.24114765271556 0.30302522946296 0.0441702158040454 0.0323347079612291
-0.0258569682549546 0.360281015386577 -0.00772810404088827 0.0155881423534998
-0.279732219698887 0.189594626319182 0.0141391775491865 0.045834200584453
-0.373742972173638 -0.0439866377684755 0.0463026348215603 0.0812794474796083
-0.250189374686111 -0.137803193123401 0.142779326460336 0.0447479993001025
-0.27220315316353 -0.0186821621231127 0.105326207404767 0.00885376304643524
-0.195379655901424 0.200590825875793 0.0428056225694865 -0.0241174198965607
0.0143476812331572 0.314099504796114 0.0216216817475068 0.00100876951856338
0.199148951138407 0.200213154392454 0.0535252384430828 0.0587703049194962
0.245637937006355 0.0365111750098946 0.126981511158168 0.00813760743384509
0.255143442374259 -0.117858447007321 0.148968052275722 -0.0588877826473511
0.225578315991981 -0.176915370175326 0.152856305015129 -0.116823426116278
0.22763258699104 -0.193579373853426 0.162257722806353 -0.11116328329704
0.263310290331661 -0.104256451520943 0.164166107147306 -0.0801569600962447
0.276224420991977 0.0272934446459577 0.159836450481973 -0.00513826520925279
0.225966205124409 0.25550611216555 0.1058128973434 0.0388615710338347
-0.0103214685749815 0.328350119218936 0.0368853754032054 0.0301912734447229
-0.25639981123589 0.182808493396636 0.0757290838343651 0.0479812017284099
-0.348672129971094 -0.0380316278108473 0.148697805227487 0.120014201253401
-0.173719603403847 -0.106619967347855 0.18513289277204 0.104539086522012
-0.189080121489797 -0.0238210391641431 0.101050500742159 0.0271313892528202
-0.138207154549781 0.125145035834282 -0.00199923259490994 0.0249796129999898
-0.000445660549776513 0.20383986894777 0.00635432797530475 0.0823342569303015
0.121920379348508 0.138054452117214 0.104573708422194 0.126988033047552
0.153456051485983 0.0330495064695541 0.21707966218091 0.0283277584247771
0.169095655894122 -0.0699548415118721 0.234993181684331 -0.0954216649245453
0.156765383192738 -0.118015120337371 0.221647468181103 -0.17139783484722
0.16281348497357 -0.129532231443186 0.23458247074046 -0.17203547654688
0.18869908981981 -0.0736598629203877 0.236869980052235 -0.118273393397589
0.200006808573943 0.0190609866078971 0.225031784393284 -0.0165301283874142
0.167699322181944 0.188044825073317 0.149765774929192 0.0425729126884228
-0.00936958534883307 0.249518513524675 0.0738943239152662 0.0394395446561499
-0.202161210378957 0.13780227036167 0.127927781951548 0.0435341397442073
-0.268652742621621 -0.0335301520237343 0.236319479405358 0.146319121208779
0.123184502886488 0.00284755958377992 -0.318424810499958 -0.110933979783697
0.104994274453882 -0.0910069099471223 -0.182068647564801 0.0172949299082405
0.00375323312085694 -0.140322165773851 -0.0697225748385464 -0.0300615175958362
-0.0992518263044561 -0.0937494930625208 -0.137018092143909 -0.0696865987398048
-0.107319500142632 -0.00934621881736731 -0.253158053284568 -0.0214581034748848
-0.078606523595848 0.0326035820861183 -0.307497060937151 0.117931290551624
-0.0731805780049779 0.0524357968107676 -0.283715479615636 0.210946758384137
-0.0620517667965055 0.0399793434185205 -0.257474207833502 0.21742559515301
-0.0559548197602443 0.0131309764534704 -0.294644980880716 0.136645704815543
-0.0483721835165979 -0.016267856785005 -0.269608848836567 -0.00026623002436903
-0.0316250240977729 -0.039506656548113 -0.177237919738445 -0.143681145381456
-0.00275858201824312 -0.0635331254402698 -0.0314847161569201 -0.153403684643115
0.0498950425321269 -0.0438747498037246 0.0358510657124529 -0.0944002501349028
0.0785157222962796 0.0328299348918529 -0.0343460160339587 -0.0670538296890429
0.0840001777940105 0.073182875921775 -0.170511026118954 -0.158107119171454
-0.0227600357790469 -0.00693096474627661 -0.304136893885126 -0.143175552076496
-0.00424316486038698 -0.00300435646499556 -0.176394142272236 -0.0115421066429988
-0.000177021646728908 0.00355401406429101 -0.0772108763981685 -0.0749262428211619
0.00117606823856859 0.0113940641383207 -0.15630859051071 -0.103391090175395
0.0168131581460831 -0.00183787011834346 -0.27539974029284 -0.028263568600255
0.0311858922422158 -0.0208097598285098 -0.326139850671719 0.11516428029181
0.0292534646907326 -0.0468715666794729 -0.29113727981727 0.213941186855474
0.0390092364680864 -0.0487905193985765 -0.255461967844653 0.212626441699745
0.0593763316102353 -0.0450363307899105 -0.288635634156195 0.144762378709553
0.073558163795206 0.00565652991901858 -0.266988923107668 0.00914097944901787
0.052392458727076 0.0475707605865291 -0.185710336956945 -0.129738250749254
-0.00223316852070482 0.0755017264078003 -0.0439573140753536 -0.154155855372325
-0.0304017574132589 0.0428608964055475 0.0254754677578321 -0.111847671843081
-0.0295663367669444 0.0277485113974261 -0.0393581323594844 -0.056155696693884
-0.0313049713788822 0.0172061352709825 -0.185064386058354 -0.139617270151076
-0.15961911350305 -0.0314654636911954 -0.240580455871745 -0.158258184397718
-0.128320344615489 0.0638724062548824 -0.130188644096864 -0.0446503859686558
-0.0297344776644064 0.149510843582187 -0.0570355110508145 -0.125896318536167
0.0889574155049312 0.14007002584265 -0.146922397465563 -0.148169796115104
0.143672078212065 0.029923925043763 -0.265447368505334 -0.0493769095612443
0.146737815310517 -0.0552399420162205 -0.304251497887788 0.0840846730519241
0.135551038408581 -0.128707959549996 -0.257969014085096 0.1803700897693
0.135169990625172 -0.129311510497823 -0.21365718390889 0.176987955221377
0.160299398504394 -0.109569659333224 -0.234929092062848 0.136681713426443
0.184994098480947 0.0011437475781029 -0.221646014429015 0.0300870489386546
0.150230798943105 0.102686016695963 -0.171326233342332 -0.0772806417151565
0.0425466322367765 0.202783601082436 -0.0670090075496116 -0.113220483396147
-0.0772652643261425 0.150694149775738 -0.0145216270868535 -0.103700456833695
-0.133738426834697 0.051090750343751 -0.055943701372477 -0.0365659369503201
-0.152721512612433 -0.0258876094873203 -0.174379459060912 -0.094212447365796
-0.261522382920259 -0.0689975424320746 -0.143061790238595 -0.145177988874916
-0.244695119695214 0.0893007250401201 -0.0553327736932713 -0.062974674256858
-0.0888069511901837 0.264070588938228 -0.00957262966830277 -0.155021119336329
0.135955111886759 0.2736456269328 -0.103075891298589 -0.176554773416921
0.247943351387374 0.0914569622307642 -0.213695628211614 -0.070072370067993
0.24782899279591 -0.0580402085600633 -0.236011002354217 0.0398446941830108
0.228691105818207 -0.177349980958759 -0.18534668390467 0.12252839133541
0.211426974954333 -0.190089485657126 -0.138002820885272 0.114967880423628
0.232540434289617 -0.172356003961553 -0.144536993352002 0.102270713374144
0.270128101273873 -0.032539909482082 -0.138391124362521 0.0392087389198214
0.245714378052222 0.112508181990257 -0.116405405863405 -0.0185817713112819
0.12475723139588 0.291176443921092 -0.0649583353528373 -0.04971407355213
-0.0814267695801737 0.260983814572265 -0.0464348283556879 -0.0650680307564877
-0.219785832156993 0.102188986216224 -0.0622649391089658 -0.00460204142874215
-0.265042300391251 -0.0464783593515623 -0.129934889148227 -0.0327485003592689
-0.311789887481901 -0.110796762668622 -0.0311979362440104 -0.100213321861107
-0.318707112141039 0.0657175788867354 0.0258040953187081 -0.054061115578062
-0.158909932290531 0.310626216501533 0.0414342962530229 -0.141217842878589
0.124523571581658 0.36756559399421 -0.0394619922218964 -0.158621521345569
0.294625404801203 0.162394766125479 -0.12397094745357 -0.0632222860809187
0.307179451712715 -0.0301132533995701 -0.125065388291875 0.00235299027503754
0.288608692023823 -0.187232871139978 -0.0811448944212883 0.0537365315629577
0.254631231416602 -0.22023988267208 -0.0408037708013577 0.0363646665690643
0.267097066428478 -0.217689074107262 -0.0367131890945282 0.0424742004247483
0.312692493020771 -0.0788241678296593 -0.0336012881553338 0.0180457481333047
0.309069058374841 0.0853010130951024 -0.0269564224418094 0.0134054959131185
0.207734113356456 0.324217617946435 -0.0216652206728833 0.00611286340379129
-0.0551852262188938 0.341647238908651 -0.043142786006368 -0.0164989329915428
-0.271066979098447 0.159994805839251 -0.03768640254564 0.0281039986730455
-0.347753246252308 -0.0482322235202064 -0.0526849590097581 0.030277752632515
-0.306677229427092 -0.137870196202343 0.0711813357502923 -0.0313682585533689
-0.326619573298743 0.0205296465934077 0.0849456922426495 -0.0241713313602029
-0.203258970802164 0.280505721041066 0.0645023478075183 -0.0880773381918625
0.0696659939728509 0.383507233685651 0.0101768554424575 -0.0913751333151003
0.272988148134404 0.208467186387048 -0.0243547552724094 -0.0158317791609312
0.306571802637857 0.00964963553348055 0.00622057932409965 -0.00819969206903032
0.298904128377915 -0.165456136427203 0.0368937753204533 -0.010493898361556
0.26036474121744 -0.217079616178676 0.0613305249924022 -0.0460873465365189
0.264176926507288 -0.22880168558043 0.0704530973735439 -0.0362851640944079
0.308377062652438 -0.109938924893602 0.0723334025214422 -0.0293435173697137
0.320020605434122 0.0479875711711131 0.0734947742826102 0.0106220333246346
0.249545423912375 0.305173957118288 0.0449089755672334 0.0324154176782082
-0.022050331398569 0.366262462212407 -0.00806084259607919 0.0166920559463809
-0.28246603789934 0.196022419123263 0.014982510375671 0.0464754514371584
-0.380972715615372 -0.0402241828928796 0.0486750257540337 0.0823118362534549
-0.257446868014739 -0.136838531983432 0.1461152608325 0.0428606526498604
-0.276737899155551 -0.0153753127640361 0.107325027618205 0.00724388846754102
-0.195767134208456 0.206759162850144 0.0432160891331767 -0.0253731313234952
0.019139204202104 0.318434636430947 0.0211498713093644 0.000851172929852184
0.205869562659417 0.20142907751062 0.0547258803497683 0.0591876642246786
0.250092503142605 0.0344183461993266 0.128643881237956 0.00690226736737496
0.256906816971298 -0.121972099903068 0.149464082381079 -0.0620513950471836
0.226266363284576 -0.181989061455113 0.153610552562519 -0.12039215588946
0.228103699471461 -0.199175401759113 0.163304172811668 -0.114900686745786
0.2648795408736 -0.108078657813373 0.165364384896521 -0.0826552449767001
0.28130889695183 0.0242347437923286 0.162021518055304 -0.00738313533349843
0.232815306970547 0.256328470437462 0.107550558810308 0.0377727151718709
-0.00688069186447185 0.333430117207223 0.0376365244891907 0.0308861235485072
-0.258846719255824 0.189351041697499 0.07768911369566 0.0481298727816664
-0.355013971215862 -0.0348876848980021 0.153133071001553 0.120407451350574
-0.178362918413526 -0.106293198846947 0.191107720382827 0.103600566029478
-0.192939339701137 -0.0218668145987571 0.103239899896152 0.0249128874104191
-0.139085574179563 0.129395560871657 -0.00132420958075701 0.0248700013893342
0.00300871041846123 0.207686722240921 0.00675389246977886 0.0832002258283154
0.12680280427744 0.138748967200074 0.108231929586888 0.128397013991856
0.156443611957491 0.0320259011051367 0.220411052991997 0.0266246327306471
0.170603969566716 -0.0729190145707982 0.236560951825777 -0.0996545414607364
0.157376559932384 -0.122142115612012 0.222565288616351 -0.176968213929499
0.163505197144067 -0.133211276765924 0.236164648110997 -0.17751877490952
0.190263897036079 -0.0772060186569794 0.238928126872071 -0.122844913298068
0.203486503648738 0.0169565736831619 0.228394957315919 -0.0195348692173613
0.17275618917398 0.189367702274541 0.15268786329042 0.0414788447738625
-0.00670360624393635 0.25387540662023 0.0756981575804673 0.039316941210498
-0.204039984753186 0.142297635431476 0.130400180825603 0.0431318280350583
-0.273251870963936 -0.0305637284736651 0.243254857565324 0.14619418515432
0.125665113284324 0.00124193315481979 -0.325813075958504 -0.108882681867797
0.105497407535076 -0.0946219433449489 -0.184971693707565 0.0200657881992551
0.00212996257255505 -0.142610784813404 -0.0708868318458743 -0.0298129278370879
-0.102404481092806 -0.0936286938743249 -0.14013674091927 -0.069062897927143
-0.109299272586129 -0.00810733963859703 -0.257242195036353 -0.0184905095685945
-0.0793610084106243 0.0333804230469874 -0.31049421031424 0.124510803962552
-0.0731777084716518 0.0545241681271799 -0.283943483401798 0.217997688060269
-0.0625241644780422 0.0417193898414784 -0.258245597070293 0.224714625185579
-0.0568644049371022 0.0141834152608252 -0.297021523069435 0.143028231835281
-0.0494518352344432 -0.0155864376896049 -0.273171094588118 0.0032388395807331
-0.0329636237473788 -0.0397502014335725 -0.181896957278273 -0.143515164409979
-0.00420901729980045 -0.0643936714920342 -0.033499788679334 -0.154892878408782
0.0497227517373423 -0.0448660554453665 0.034803441884992 -0.0959811955295115
0.0802784664541029 0.032435046170264 -0.0365701305601536 -0.0675488096630266
0.0864538074736254 0.0732803072749243 -0.176483859245026 -0.158705478851808
-0.0234644667681604 -0.00624226721654803 -0.312128455390202 -0.142096152080631
-0.00444649720849865 -0.0030987581088906 -0.178985279432487 -0.00914439236211392
-0.000194945673209543 0.00340446344207714 -0.0795853224312724 -0.0752712388365195
0.0015803750921302 0.0115400916033711 -0.160091950747642 -0.103640178082392
0.0167846955186879 -0.00157473895276346 -0.280374415406846 -0.0249217148272563
0.0313842801629276 -0.0216455486176488 -0.328944742895972 0.121511541956541
0.0293296240287937 -0.0475743762323745 -0.292003535613817 0.220389274036652
0.0390026029353503 -0.0499808768619791 -0.255801397351137 0.219033381176523
0.0597309676581504 -0.0463579577921947 -0.291054853327233 0.150905986927549
0.0746403355980147 0.00456499789249586 -0.270869520658826 0.0124956866434298
0.053446042036947 0.0475893177271127 -0.190269195384641 -0.129468470716576
-0.00149634497473747 0.0770787860980182 -0.0461551897883722 -0.155302883452908
-0.0304033486169637 0.0438569511744837 0.0241155654867853 -0.113854290843997
-0.029981437236661 0.0285834768200713 -0.0408934623640031 -0.0565743628807929
-0.0319766729037436 0.0179416097115228 -0.191202180427559 -0.139166622531222
-0.163049668357467 -0.0292452529162569 -0.247409828841936 -0.158137566874156
-0.130284694666881 0.0667616477103243 -0.132755122241767 -0.0432276121590638
-0.0280411037618452 0.152301225267969 -0.0592483374079827 -0.127355244899384
0.0925110339265269 0.141615814402952 -0.151522420873301 -0.149264505498406
0.14644501236977 0.0287079362599457 -0.270535248873301 -0.0470221467061498
0.147868478888543 -0.058195167965759 -0.308573139902988 0.0899139625801523
0.135637735264668 -0.132247865886491 -0.259488638678539 0.186556069080294
0.135251808499749 -0.133488162118279 -0.21380247972881 0.182504878053739
0.161678141035611 -0.113500359941031 -0.236510017719158 0.141485635518854
0.188222811266315 -0.00100000246721454 -0.224684081928171 0.0338486630272313
0.154460523516453 0.102286760231589 -0.174436191471993 -0.0757871478021596
0.0460432628882235 0.205684985929998 -0.0699439484488375 -0.114167571053435
-0.0766113625614532 0.154389943251586 -0.0164669694959762 -0.104765384762183
-0.135416028916085 0.0541948004324554 -0.0575303135108678 -0.0363439683466623
-0.155879550905397 -0.0237711157573025 -0.179162130745383 -0.093023520626261
-0.268134918668177 -0.0666536502080351 -0.146918958268925 -0.145762440121688
-0.248693906740371 0.0937057421301503 -0.0567013589205439 -0.0630535302548084
-0.086881835059543 0.269949471330894 -0.0117655554136731 -0.158131329984982
0.142112516196786 0.277022352181227 -0.106712517080182 -0.178060239908529
0.253023077053392 0.0895376567843398 -0.218211532757192 -0.0682999691758597
0.25063512859964 -0.0617094923518809 -0.239416458647201 0.0433620870685488
0.229171473248398 -0.183493562956644 -0.186550797769186 0.126273971283453
0.21149361138707 -0.195347693211484 -0.138210000719218 0.118654620487309
0.233174424648796 -0.178038923313654 -0.145136542937836 0.106417166801851
0.273547488309968 -0.035774172422651 -0.139790044263689 0.041364256433537
0.251061209072345 0.111169293478007 -0.118816940553326 -0.01764771728511
0.130908286113388 0.294746341179733 -0.0668490528305956 -0.0495042364106624
-0.0799574293188144 0.267125987525105 -0.0484296912943395 -0.0648792842200647
-0.222354248749479 0.107338567611925 -0.0631159945319712 -0.00376469872976625
-0.270596182526014 -0.0432801857972701 -0.133132349658463 -0.0311514522162058
-0.319565846327718 -0.108340497720516 -0.0325298482479847 -0.10200637682344
-0.324001591855527 0.072463627331926 0.026327203279524 -0.0554053251311832
-0.157151525186095 0.318598879990049 0.040369742901548 -0.144478446460628
0.132364437961437 0.371588175861187 -0.0423972089912356 -0.161203009461311
0.302163787864537 0.161683069126144 -0.126611838092575 -0.0630090662583233
0.311646553909931 -0.033773777507879 -0.127433154227745 0.00412080632327461
0.289904912415183 -0.194360940275658 -0.0825215193762672 0.055305643883077
0.255775359314826 -0.227510693303392 -0.0410658788789534 0.0374275558703979
0.268205917745253 -0.224567260392092 -0.0361308969353863 0.0430698815469381
0.316508883932156 -0.083964604315318 -0.0338173301831172 0.0186191185641108
0.314985017269878 0.0824455949464246 -0.0272569698073881 0.0138536828375168
0.215511570698709 0.326216231784725 -0.022112956575726 0.00611759754271346
-0.0516884042191202 0.348237125415485 -0.0442635637447979 -0.0156591264870148
-0.27341535091463 0.166852412526563 -0.0383580590895333 0.0293609606721199
-0.354763690184659 -0.044432403946314 -0.0530546585060319 0.031751325325379
-0.314559173239321 -0.135724834718481 0.072602568952775 -0.0336343208843422
-0.332816223586123 0.0262069497108313 0.0861522399776311 -0.0261525589411081
-0.202728863728983 0.289003806469857 0.0638729955549399 -0.0913462542800561
0.0768898627957765 0.387903497528312 0.00884111576822684 -0.0931404464824965
0.280759715789931 0.209056438710453 -0.0253704173378481 -0.0159080530642586
0.311608260763743 0.00513467451410547 0.00550569324123174 -0.00769178676272896
0.3007410092743 -0.172031354908325 0.0370278318965085 -0.0114929263897326
0.26051634196213 -0.224018158168729 0.0615968073504123 -0.0477716918834288
0.264670818446882 -0.236142260535059 0.0708401051037315 -0.0379646996105693
0.311065619427878 -0.115644484713067 0.0724252978670501 -0.030850649629285
0.32591710588214 0.0444608724461731 0.0747786271021829 0.00978850244910781
0.257291240347955 0.306434977975995 0.0456283428043097 0.0319375925010271
-0.0176939811593892 0.373320578514368 -0.00796823924337281 0.017444268525606
-0.28485231881985 0.202755137171282 0.0159480702771323 0.0474963053667651
-0.387414409707245 -0.0355832564982131 0.0510812817348272 0.0829317641953161
-0.264065349787642 -0.135335865990036 0.150365809846463 0.0409758266946285
-0.282333854541849 -0.0113921753725009 0.109667435436468 0.0052032813049705
-0.196432212610149 0.21360681739458 0.0436749992542293 -0.0271059006888955
0.0241855795911211 0.324437146495214 0.0211958388409455 -0.000539607013546038
0.211968773801451 0.202110080730533 0.0563667849465825 0.0595832918477471
0.254580070401074 0.0324219575547348 0.130041710264419 0.00562008059246198
0.258501696129833 -0.12726126788146 0.1503955280401 -0.0654409007423651
0.226662272531387 -0.188446000525159 0.154851940996185 -0.124387147288594
0.228656611432351 -0.205241271713034 0.164576799251269 -0.118600175130556
0.267781462163434 -0.112872743650163 0.166509424928717 -0.086163540169767
0.285216741772668 0.0210474153614979 0.163953792909895 -0.00980654197001791
0.240545161746238 0.257530356401813 0.109354072480885 0.0372160382864463
-0.00262413516256034 0.338989489508545 0.0382863482127018 0.0312754465693747
-0.260754076059201 0.195187134948658 0.0794189899366265 0.0483922664650746
-0.361852916070021 -0.0294836843056502 0.158407207977158 0.120727811159392
-0.183939381738197 -0.105524479849676 0.197519256117299 0.101332417551822
-0.196562138573168 -0.0185312128540501 0.105361945132926 0.023528904469122
-0.139475436937205 0.133885622713979 -0.00148325920804527 0.0250987896194798
0.00644674400145156 0.211460518334712 0.00733860910138247 0.0841012230023528
0.131304157208578 0.139470148575155 0.111773622461511 0.129510127685305
0.159946790016279 0.0306360252577103 0.224078917934692 0.0239493179109464
0.171501284542963 -0.0760991416390973 0.238407319963053 -0.104490577564204
0.158223783801312 -0.126307565755981 0.223587847435912 -0.182120313217303
0.16458009693733 -0.137606529341976 0.237494611492944 -0.183689369287655
0.192186658025541 -0.0807546039643406 0.24061776197563 -0.127238372450536
0.207146400535265 0.0141942965349931 0.231288166290017 -0.0235309219581141
0.17927558763552 0.189733377935885 0.154907284517726 0.0397046048749415
-0.00385208076027179 0.257614646886916 0.07718936895711 0.039758993624582
-0.205988484263608 0.146536778841461 0.133295464831915 0.0426620491274143
-0.278506075115156 -0.0276894692123567 0.249951966767476 0.145546933139529
0.128293621586044 -0.000701354799222936 -0.334129248056263 -0.10571313872242
0.106258971252187 -0.0983550942376525 -0.187554625562617 0.0237517093260124
-0.000165266624646191 -0.145392513960822 -0.0725021718250555 -0.0291978364439933
-0.105710105722863 -0.0943373789288742 -0.142990503755949 -0.068069631247622
-0.111569671444873 -0.0065531075872186 -0.261977023227522 -0.0142434255611234
-0.0798790614432792 0.0352055215252609 -0.312701434381772 0.130645165192419
-0.0728632242311838 0.0566867906434549 -0.284875821067276 0.226667865757009
-0.0626198734988627 0.0433099309496039 -0.257882976718725 0.231992397521875
-0.0576404722463965 0.0155800476459912 -0.298825294789398 0.150128791051195
-0.0506308929899369 -0.0152773589558979 -0.277413863637104 0.00731788793258718
-0.0348664596326102 -0.0395738238547816 -0.187661358886247 -0.142705154676554
-0.00547444210728984 -0.0655996723849199 -0.0360466040413272 -0.156641453738928
0.0497705137970358 -0.0465711804590731 0.0338469049949864 -0.0977944525754878
0.0821896754757885 0.0314040765484684 -0.0391321327646779 -0.0674066165270563
0.0890832687941216 0.0726172717141864 -0.183847685279053 -0.157370410471248
-0.0242238987580971 -0.00588022072832861 -0.319579807120957 -0.140699420786097
-0.00409975759671072 -0.00361129709824038 -0.181024153836176 -0.00684239723084114
0.000250311851995533 0.00296760160075565 -0.0817659596358883 -0.0754760838197904
0.00162918262164933 0.0119468270963336 -0.16402271973239 -0.10318092574414
0.0168550747934233 -0.0026738303909415 -0.285187968647422 -0.0204104836461894
0.0310764614772237 -0.0228828522791533 -0.332594988775994 0.128521495855589
0.0296149997813451 -0.0485908819937097 -0.29262239677355 0.229005675904928
0.0386661935285432 -0.0510009180076097 -0.256323566045936 0.226530209130618
0.0594881996066774 -0.0476758073092854 -0.292999532156287 0.15816019312377
0.075799305014118 0.00375262852796318 -0.274414882504637 0.0164310436565192
0.0549626404054888 0.047497829118126 -0.194644238463893 -0.128478098441684
-0.000650731641170361 0.0787871276254129 -0.0493702067630605 -0.157110799413156
-0.0304088330635022 0.0450734357093262 0.0226174575862169 -0.115738288450175
-0.0299099581707886 0.0297910828959196 -0.043419642125815 -0.0565132720424686
-0.0321406455874854 0.0187890690992773 -0.19744843516784 -0.13818138524616
-0.166989970154494 -0.0279322586895001 -0.255054818621648 -0.158334765724545
-0.131751351613201 0.0695382650680313 -0.135688000724237 -0.0424295131201518
-0.0262875454454824 0.155337673556096 -0.0621486019930578 -0.12875207229067
0.0964680289930855 0.142473369295237 -0.156087531502275 -0.150051395129432
0.149979618382703 0.0272094628878992 -0.276259963142957 -0.0437570896883102
0.149357901472432 -0.061273873511734 -0.312512125135971 0.0968177475729527
0.135867412239495 -0.136460351282678 -0.260098511155736 0.193158909484107
0.13527439641402 -0.13741810676004 -0.213937797220847 0.188533415620639
0.161553665795138 -0.117300977396685 -0.237076724677909 0.147910709912841
0.191838582007052 -0.00404374296270126 -0.22744137884508 0.0376240324486507
0.158347054119514 0.101615348408589 -0.178814608641414 -0.0742575496612893
0.0502358665376534 0.208472885841068 -0.0730502707150025 -0.115241703934405
-0.0756555839660491 0.158191238883479 -0.0184282363571381 -0.106095316534745
-0.137266959853556 0.0570502107183805 -0.0594970702243256 -0.035825146792893
-0.159526966270169 -0.0214298037549895 -0.184314430906065 -0.0916177015271166
-0.274126469557144 -0.0635359854344225 -0.152397959816382 -0.146996403826452
-0.251850065560414 0.0995943713829355 -0.0585537727563808 -0.0632928873272213
-0.0838326850845697 0.275953816010783 -0.0146019984528395 -0.160888394005266
0.14905269956492 0.279466561992546 -0.111350059504551 -0.180303360785227
0.259230994981986 0.0873299734331648 -0.222540001062051 -0.0666892805343123
0.254196828464904 -0.0670705217608318 -0.244049158297159 0.0482505127861144
0.229999491666815 -0.189078383503311 -0.187545137229883 0.130715542751368
0.211930343061787 -0.202566319229595 -0.138678903295383 0.122466866207803
0.233996907620533 -0.184293830445728 -0.14509644952688 0.110712974155264
0.27827574995069 -0.040729714096864 -0.142115490506013 0.0439238138295581
0.256986375323347 0.10914379028175 -0.120940036480023 -0.0157205441291538
0.138096286585018 0.298230958821116 -0.0689174294325266 -0.0495491089918108
-0.0769550277377825 0.272453459497785 -0.0506215367544885 -0.0646980183099971
-0.224708583673143 0.112509088754933 -0.0647090050857018 -0.00237799078461696
-0.276248352358774 -0.0395463111965761 -0.136021795730299 -0.0297560412123736
-0.327556545182275 -0.105332371968947 -0.0345961001111886 -0.103887110591994
-0.329318248437017 0.0788697178606733 0.0256639670212639 -0.057018315238534
-0.155037213359337 0.327178711045291 0.0387264258843468 -0.14806063549567
0.14146311579489 0.376960128713246 -0.0460964903803955 -0.163697688743034
0.309946756468717 0.16026260491342 -0.130015136731263 -0.0622234353396708
0.316341758508773 -0.0389465273561315 -0.130441985590836 0.00678436057836379
0.291235197938898 -0.2023317495766 -0.0830051879392073 0.056902696763071
0.25577029743914 -0.234765536822236 -0.0408005260636163 0.0382850156140505
0.268631865284278 -0.232014010857954 -0.0356770737486201 0.0441494514795691
0.320493335000454 -0.0897125250664021 -0.0347636119012726 0.0194776780655308
0.32215145362619 0.0788195921234107 -0.0277367193152961 0.0143102776341854
0.225186094158922 0.328485095327416 -0.0226712132735862 0.00657321280435608
-0.0468281003090881 0.354292825143324 -0.0460694110421974 -0.0145928084733663
-0.27632877105478 0.173828877383533 -0.0385381891520534 0.0305470063729383
-0.361903602780283 -0.0386953577377545 -0.0528355396086814 0.0325775693931581
-0.323098517371823 -0.132588964229882 0.0740141605957506 -0.0360982624541309
-0.338403690967591 0.0318111630138618 0.0873017303997535 -0.0284172671134649
-0.201342870908571 0.297205185823409 0.0634237374461011 -0.0940388444591875
0.0851271950755095 0.394423820528474 0.00739593002421693 -0.0956283718463573
0.289861433856354 0.208551619754268 -0.0260491146043321 -0.015689103583306
0.31691032931496 0.00148593083327475 0.00503028084514173 -0.00764725231246626
0.302871031731207 -0.17867829673814 0.0367165404980038 -0.0128714513721577
0.260380182680087 -0.232274664324661 0.0620359070800011 -0.0494911563862703
0.264603608172001 -0.24442507035298 0.0716055573579551 -0.0396933941510345
0.313829668109415 -0.121404633202304 0.0737028399121041 -0.0319127926330161
0.332076621930742 0.0408425054573499 0.0760302712350708 0.0086627608565111
0.267717317907297 0.307327880304048 0.0460810723246559 0.0320049186393864
-0.0124558116549167 0.379569595052474 -0.00815896787915663 0.018671628883105
-0.286779737891826 0.210782386670172 0.0167817094793879 0.0481790118061311
-0.395324147618269 -0.0299199655461194 0.0534415753288765 0.0833793889911457
-0.272279326630179 -0.133127131794485 0.154455228044585 0.0388481438575081
-0.287836506759862 -0.00659103781674473 0.111570996970232 0.0032223866673698
-0.196550891562958 0.220874563100779 0.043892620458134 -0.0289609008640059
0.0306905161869941 0.32958061569414 0.0209894430414709 -0.00088569326315869
0.219859000093853 0.202817831090312 0.0579495385112838 0.0599808539946582
0.259558575732622 0.0288364852348044 0.132087725614464 0.0041808068176478
0.260408857563483 -0.133373334094276 0.151531400549026 -0.0685058925421555
0.227234417756727 -0.195459869774864 0.155325463814015 -0.128924470363418
0.229559319378084 -0.211599842260814 0.165225799302619 -0.123972351854739
0.270325264224148 -0.11927395060497 0.16748638166046 -0.0896097179643138
0.290642376237311 0.0175543602207891 0.166431576214568 -0.0126070341139733
0.248523397282009 0.258079842121472 0.111316921626882 0.0360674491046511
0.00250577525269403 0.344376376254772 0.0389740517659346 0.031659168141248
-0.26261768528975 0.20165439968963 0.0817106461129326 0.0482917608353978
-0.368373583374985 -0.0246214908084868 0.163285961385586 0.120333613746619
-0.18959388031458 -0.10404012444568 0.203295717254145 0.100224301196224
-0.200665908563089 -0.0153021822522807 0.107998215324327 0.021709844748607
-0.13935934431966 0.139236710398798 -0.000995610076881223 0.024626104404701
0.0104365377256357 0.214884759015019 0.00893726639330431 0.0851557889820999
0.136412294625373 0.139089341967316 0.11560348131885 0.129835462225366
0.163391996220829 0.0290308387833665 0.227831447901975 0.0212492450906526
0.173037761938063 -0.0803834638304209 0.239892416920544 -0.110414854709185
0.15872243566485 -0.131282780800922 0.224277632725108 -0.188737959047329
0.164788657820515 -0.142592995196911 0.237387220471807 -0.190767435200172
0.194270710929668 -0.0853531150700812 0.242223773927575 -0.133382804797557
0.211067694481959 0.0118168359577404 0.234875101532949 -0.0271358750111419
0.185055903786585 0.189996629986093 0.157679195256236 0.038228323834724
0.00052039784889336 0.262428333448572 0.0786209552727343 0.0394261784056882
-0.207660835074131 0.151914049565876 0.136172647044263 0.0416333161009378
-0.283535409626583 -0.0235894293098555 0.257283148096144 0.143919132504406
0.131161524820295 -0.00261727128910193 -0.342668569346194 -0.10197786851742
0.106616510950931 -0.101860973550125 -0.190144099017694 0.0277160610033565
-0.00280163480084273 -0.148317669756788 -0.073683920517203 -0.028512643803901
-0.109643417158225 -0.0939135404118817 -0.146570032541369 -0.0671482382418255
-0.114043936272854 -0.0048749985973735 -0.266269079075593 -0.0107172618941809
-0.0806767510144867 0.0370440973458289 -0.315827586954205 0.138808766529972
-0.0729496884914464 0.05855543303366 -0.284821808236565 0.236169387011931
-0.0629208441632666 0.0455641800077278 -0.257790015432443 0.240309365896391
-0.0585588125033746 0.0169365351616441 -0.30152229875677 0.158441383049832
-0.0517933642402498 -0.0142129542345953 -0.281276121414119 0.0121828554414635
-0.0364753584347937 -0.0395521527844129 -0.192448594631476 -0.141495135280546
-0.00747118768376452 -0.0666091568483251 -0.0390797597637899 -0.158534986680455
0.0492781287618446 -0.0484199630423755 0.0330588380889325 -0.0999110217551847
0.0846902493605185 0.0303765557951904 -0.0415543225357427 -0.067828584040842
0.0922885209743408 0.0721597846170534 -0.190855950454775 -0.156906288178517
-0.0247427343899605 -0.00501991450810381 -0.328924001834872 -0.13780542856597
-0.00453728574711727 -0.00375678379811216 -0.184690794505938 -0.00309446952567516
-5.66015006182473E-06 0.00285059013005605 -0.084469364607251 -0.0754561634246821
0.00134612539978863 0.0117121485486607 -0.168482518723794 -0.101603832706455
0.0167602006137294 -0.00261540138513091 -0.290901936079935 -0.0167561787612232
0.0316604700714742 -0.0238118789257697 -0.336189426134867 0.137635622180185
0.0293035755099277 -0.0499103486975663 -0.293512184673682 0.237487146354178
0.038191470789532 -0.0526629522136806 -0.256674621645339 0.235294311557392
0.0598984455060732 -0.049728300224182 -0.294342259856401 0.166265609360662
0.0771740735221156 0.00252022782768329 -0.278784796496666 0.0211583630047659
0.0566916189124372 0.0472554006564323 -0.201055410540928 -0.127468181900194
0.000665805965523604 0.0796958756467928 -0.0529493799604583 -0.159060360027615
-0.0305496938326146 0.0465581419570957 0.0214055459202922 -0.11797660494447
-0.0298797722688374 0.0310244384865737 -0.0452011128059492 -0.0569357304917844
-0.0327916228768947 0.0199678565160222 -0.204677443385069 -0.137069424236874
-0.170894350286659 -0.0245172374542477 -0.262822949349985 -0.157249238783997
-0.132983924621205 0.0736315477354385 -0.139110254269805 -0.0405891035015175
-0.0235222691688277 0.158738900396691 -0.0656663554280311 -0.13003203906053
0.100780237091202 0.142736517134549 -0.161282801728694 -0.150005379888228
0.153133515791514 0.0253539732374625 -0.281889603184735 -0.0400191828590215
0.150832659047444 -0.0648318191369106 -0.316147423553636 0.104231225000116
0.135886151858158 -0.140718584432225 -0.260817582788117 0.20136516365178
0.134511012038445 -0.142229989332924 -0.214101642845063 0.19544222249559
0.161838082530677 -0.122162344506422 -0.237810334852315 0.154596257688342
0.194750875176919 -0.00726228937913536 -0.229875949477548 0.0422405736902435
0.162486708495106 0.100261260071771 -0.182790075782443 -0.0725262264319455
0.0547343353125699 0.211105989992603 -0.0760226395211559 -0.116046437542865
-0.0747651876076809 0.162420657075997 -0.0206497227942092 -0.107033930772156
-0.138974508815149 0.0607029982216967 -0.0613697822239378 -0.0351337133310729
-0.162945222974718 -0.0188697232911392 -0.19009498869152 -0.0893443818478648
-0.281660681585701 -0.0597382318474863 -0.158080558531137 -0.147492157075495
-0.254782272266247 0.106211130985378 -0.0605120996827955 -0.0636809056690973
-0.0804004495535974 0.282489671737886 -0.0178238350634409 -0.16396804591996
0.156501616650274 0.282106941796229 -0.116545428386723 -0.182047809522997
0.265930148311855 0.0844429471447755 -0.228159323527699 -0.0641710495485855
0.256680469385861 -0.0719296826768568 -0.247027312481096 0.0544884557290315
0.230217973447495 -0.196344026359473 -0.18802917067174 0.136113457977836
0.210299620617508 -0.208822794087631 -0.138335315697336 0.126759680468307
0.23367874796517 -0.191017563833637 -0.144566263982544 0.114605061104649
0.282262655573146 -0.0460297757601277 -0.14362723743302 0.0471815885144447
0.263360319996604 0.106965589308332 -0.122729952976389 -0.0141485078787974
0.146255712850477 0.299864708842505 -0.0707558576596491 -0.049479385422492
-0.0740386961417982 0.279034165892595 -0.0524812125016684 -0.0649992628115525
-0.226048750987721 0.118384974480949 -0.0656359879016151 -0.0020705519441246
-0.282114526062804 -0.0347647713311236 -0.139080901638117 -0.0274972347578792
-0.336520078677872 -0.101227087004312 -0.0366990364084612 -0.105752451509605
-0.333687085969179 0.0864096701384763 0.0245681381416084 -0.0584624857313835
-0.152207244042422 0.335784658435688 0.0371191629556546 -0.151947102027154
0.150633218232399 0.380829281836346 -0.0491490172955355 -0.165939706044827
0.319629322220629 0.15805947606711 -0.133409178319209 -0.0615346927827644
0.32115147074308 -0.0447482819313483 -0.132762647311809 0.00998350676360836
0.291965590544989 -0.210212037382486 -0.0835431798762096 0.0593257515094995
0.255143101959122 -0.243565875661449 -0.0404802838398162 0.0397741425529889
0.268679953784706 -0.240369829346928 -0.0353711004446511 0.0458300662545562
0.32434229900047 -0.0967616236456488 -0.0346742581272015 0.0206600486240842
0.3285303860643 0.0747872205825188 -0.0280087384552641 0.0147846080592183
0.234881526467702 0.330231536152836 -0.0233392165606124 0.00727125536864342
-0.0418270243233558 0.361986769385481 -0.0469958795759825 -0.0142606522265539
-0.277973310445455 0.181742970727812 -0.0393326061538415 0.0323031524312906
-0.369760690904828 -0.0335048726099896 -0.0532886382233992 0.0342155160799718
-0.332955313439481 -0.128835672008981 0.0749191352960553 -0.0390867405567139
-0.34478033136419 0.0393335036035131 0.0882556018640358 -0.0308441330796003
-0.199826350807946 0.307240722540428 0.0631247610417204 -0.0972734078254721
0.0941990255028315 0.399567158721221 0.005752402253252 -0.0972782261945032
0.299321621552625 0.207570533033046 -0.0269039713424404 -0.0155688926828997
0.322651133069187 -0.00373659596894598 0.00460241641548046 -0.00750542452835935
0.303177973801158 -0.18713087374855 0.0368504031714282 -0.0137413091403949
0.259985514644287 -0.240649690721542 0.0622115573195107 -0.0518264104192018
0.264005323834085 -0.25253112962649 0.0719740509632339 -0.0415333327205054
0.317670670270485 -0.128878681325209 0.0737245091132399 -0.0338092495376136
0.338340007190207 0.0351418882501408 0.0773431579820787 0.00735190024155948
0.277323340107698 0.307622491025079 0.0473013553222425 0.032052984196841
-0.00583309831413247 0.386462302726359 -0.008532784345688 0.0193086758286237
-0.287741047570605 0.219302043323071 0.0177853950337705 0.048837586873393
-0.403094691311134 -0.0224617091519128 0.0566093456887512 0.0838298399441598
-0.28043727774568 -0.130515243214343 0.159078499626719 0.0363377941100649
-0.293398232890928 -0.000647553002824488 0.113487938339743 0.000797528548297323
-0.196315622934026 0.229196315295485 0.0439392209323183 -0.0303700986093152
0.0383968078318378 0.334846710833285 0.0211329790645532 -0.00140047244765284
0.228673689708055 0.202463557679547 0.0600265278416814 0.0592650821474077
0.264712086867191 0.0253741517650892 0.133998386765336 0.0023818151372702
0.261990549866131 -0.140168929580382 0.151843794531058 -0.0731157228810559
0.226961484760621 -0.202224616934811 0.154955999891492 -0.134170516492167
0.228999228753344 -0.21959975593897 0.165726193062502 -0.128645346663747
0.272127758673341 -0.125251371771392 0.16857230177827 -0.0938994606382236
0.295985021454894 0.0124022982093449 0.168901635561964 -0.0158503627486957
0.2572621006483 0.257068215942839 0.113027783659312 0.0349176419657945
0.00827929682330976 0.350636783272668 0.0400515980064082 0.0320003846488761
-0.264165394259146 0.210211528544563 0.0843897819582931 0.0482121919750562
-0.376752199588314 -0.0186917571451411 0.169075486543184 0.119335621450648
-0.195760475424733 -0.102113872497095 0.210157164988387 0.0974356422829678
-0.204229760758434 -0.0110867803058795 0.1107989750874 0.019245302713293
-0.139509596959444 0.144757905677584 -0.000343583398820261 0.025045426401332
0.0151834405834915 0.218818613446082 0.00977655676645759 0.0861541716278907
0.142249343689734 0.139723191194404 0.119601019607361 0.130212201821537
0.166899714259431 0.0265157747842912 0.232079545706526 0.0181186885700684
0.17388534713752 -0.0841357671265024 0.241087099779025 -0.115875748031488
0.158642691230386 -0.136229582216186 0.224160785728117 -0.195903287682648
0.164185556959592 -0.147998722605174 0.238363282286827 -0.198266320785766
0.195492080991181 -0.0901888648248483 0.244352648722166 -0.138837728502955
0.2151950369393 0.00824285948841471 0.237984652309272 -0.0324650667680862
0.191651374648055 0.189344430669375 0.160585684700826 0.0366949694337017
0.0047629847503853 0.266495304492555 0.0804976793622338 0.0391701208087581
-0.209134386335493 0.157739056346837 0.139723475918837 0.0406250157376811
-0.289509717823905 -0.0195881097172022 0.265449591238017 0.142269502417156
0.133221324684644 -0.00513680597379956 -0.351195707449727 -0.0974184057259299
0.106501422350567 -0.105748794054187 -0.191799164265698 0.0316264279528416
-0.00544504567926488 -0.151564865516404 -0.0753897680130709 -0.0279091651779406
-0.113622604057593 -0.0935707311890863 -0.149937282915971 -0.0650358065042237
-0.116805088773925 -0.00303448828778338 -0.27152953650004 -0.00551746658052618
-0.0810540870699769 0.0391670477972735 -0.317553474407656 0.147512697846795
-0.0724375503077018 0.0612129356565597 -0.283909014082271 0.245538767808796
-0.0629166356339583 0.0477592146212331 -0.257394843606931 0.24965705811583
-0.0593165910673621 0.0183431409852964 -0.302345485020327 0.16719591386602
-0.0532364720184625 -0.0133888558733106 -0.285389723928836 0.0180676083533441
-0.0378247791744014 -0.0399854183179837 -0.198554486406127 -0.140702707698765
-0.00909105955845573 -0.0675020071844544 -0.0423434381098786 -0.159878229143703
0.0491339339659302 -0.0503976285134007 0.0315132592019747 -0.102441876591624
0.0866200271459218 0.029309959890399 -0.04382347120299 -0.0676067250701525
0.0948687577103959 0.0720030274844324 -0.198713891612809 -0.155105062825579
-0.0250259632827222 -0.00433127742436729 -0.338174287382064 -0.133517990956509
-0.00486899466927552 -0.00387925773048427 -0.187863117057286 0.00032426630110804
0.000356888834441976 0.00258793094445508 -0.0877770008220601 -0.0755044779298891
0.00161901958476936 0.0113395312680613 -0.173492536601675 -0.100317111261924
0.0168408922368505 -0.00301621642210662 -0.296459543336091 -0.0121334055159545
0.0312515042537226 -0.024761377260778 -0.338456086291425 0.146684038072926
0.0290634200746977 -0.0508311260120439 -0.293457113658805 0.248045138109649
0.0377119184483957 -0.0537936935248837 -0.255842371487655 0.24409462855816
0.059382703891458 -0.0512671662137751 -0.29523069471562 0.174805103489414
0.0782846358775884 0.000936036235184047 -0.282813728227385 0.026846054780318
0.0581544150490155 0.0471419816350612 -0.20662100229099 -0.125604828021384
0.00191787917735841 0.0811973935466611 -0.0564355704618694 -0.160713385427428
-0.0303293296683806 0.0478610077745944 0.0187575271326836 -0.120230895723607
-0.0300192162197664 0.0320279667329521 -0.0479375113556868 -0.0565016951317756
-0.0330531820237767 0.0209286060933795 -0.212483861624491 -0.134819312858472
-0.175183192127169 -0.0216212371643856 -0.271393956503068 -0.155282642166086
-0.134104451473812 0.0767477028480002 -0.14162077960847 -0.0385098300729595
-0.0206453643535639 0.161248588938461 -0.0690361777087672 -0.131492398843615
0.105591921645352 0.143397413808387 -0.166616436345103 -0.149555134283475
0.156423227460702 0.0228956842769255 -0.287913206212858 -0.0353689682502913
0.152204290595222 -0.0691461750265025 -0.318925615479816 0.113098639700287
0.135181731072853 -0.145722848897116 -0.261348823708527 0.209478318076952
0.133885621238245 -0.146754092921886 -0.213711824063109 0.202454625708206
0.161978676564393 -0.126725057673106 -0.238442195782714 0.162051226873957
0.197304918962314 -0.0106805121288039 -0.232619454220876 0.0470143205653479
0.167479317212939 0.099165797017724 -0.187294437141859 -0.0706138163327299
0.0600502936084092 0.213555994985751 -0.0796916408982836 -0.116014778967086
-0.0726291583479673 0.166954924853297 -0.0232146412529481 -0.108263429179304
-0.140213269143697 0.0644531575843002 -0.0637723053582701 -0.0340685917627278
-0.166521814787168 -0.0157078585821998 -0.195818239633939 -0.0870683174312224
-0.289030873404437 -0.0553679718433598 -0.164278949564566 -0.148056599895372
-0.257257382885929 0.11253017667558 -0.0629188347482035 -0.063251766186214
-0.0766230215893829 0.289655302753236 -0.0209374591797736 -0.166747295455191
0.165986812498324 0.284070549771273 -0.12193635922527 -0.18281745948228
0.273554590201359 0.0810346360917103 -0.233599679297634 -0.0607985423113263
0.259496936834286 -0.0784505087336503 -0.24993344767901 0.0605080292063136
0.230169257254995 -0.204622508428089 -0.188430986635478 0.14160118698683
0.210210947206035 -0.216265431485691 -0.138059504577066 0.131712675598247
0.233620940783877 -0.198146712379606 -0.144648697157887 0.11910829510851
0.286406567106384 -0.0518441327758712 -0.144560967695336 0.0503388378147941
0.26998837078449 0.103293762696671 -0.125381079592008 -0.0121677589522264
0.154909559262226 0.303012188184073 -0.073341761198161 -0.0486809034822044
-0.0703795165677003 0.285699545367667 -0.0549291956397035 -0.0646215196958021
-0.228187800672655 0.124454032398552 -0.0673868335064587 -4.32894026143389E-05
-0.288270645059 -0.0288093593298765 -0.142618385255891 -0.0254758160042182
-0.345918197314333 -0.0956818773122857 -0.0392963887530821 -0.10773754545131
-0.338903730669301 0.0949135828678265 0.0240940468744831 -0.0607244537479795
-0.147952322406814 0.345742481583732 0.0347086286065121 -0.155824854380714
0.161445469492112 0.385013214292399 -0.0536180618480674 -0.168715174044763
0.328097407672945 0.154572712915843 -0.136961730572182 -0.0603996448006218
0.325510388709042 -0.0515712639577304 -0.13501172113235 0.0130055860451154
0.292579123883961 -0.219295209828419 -0.0842208636663394 0.0612397105673857
0.254658005287177 -0.252484057081534 -0.040284765833139 0.0405893277269388
0.267613994660439 -0.249280895275793 -0.0346181662266349 0.0468683625022045
0.327659768250596 -0.104450479398084 -0.0347639109512852 0.0216178092819468
0.336176910421638 0.0701848440246434 -0.0278692663777917 0.0158147586772909
0.245451221379322 0.330680789133951 -0.0242612092638229 0.00792209216853083
-0.035256889890884 0.369641950954917 -0.04847062784806 -0.0125688846518158
-0.279776223401926 0.189977308116516 -0.0390034593711318 0.0335503790391861
-0.37684565935461 -0.0259597004978721 -0.0529705583828874 0.0361447166559376
-0.341966427864627 -0.124852920266998 0.076426875611911 -0.0420148661940497
-0.350176117169407 0.0478678723460261 0.0891602060080647 -0.0337247891394509
-0.1967571706222 0.317028458206321 0.0620720607881953 -0.10070982053848
0.104547337392886 0.405391006097137 0.00353387080444465 -0.0997207719787195
0.308876727349069 0.205538639844522 -0.0277644608054701 -0.0159042740131808
0.328076251215115 -0.00980439964424007 0.00407048592623852 -0.00713809347761509
0.30523863200185 -0.195632658301674 0.0365782413372884 -0.0152876941496018
0.259053500565235 -0.250023898296548 0.0624098327453403 -0.0544349189119052
0.263306953646735 -0.261663314855647 0.0728400345777677 -0.0437969862128101
0.320353223305866 -0.137017646021112 0.0744039290652487 -0.03576460358848
0.344782728527595 0.0295204955227104 0.0782961771155668 0.00562668508581642
0.288538690247005 0.30699706861517 0.0479654854973437 0.0319270166622928
0.00187669815554691 0.393002914556912 -0.00842765391672409 0.0206967357709859
-0.289112463393154 0.228476838070321 0.0194967100322644 0.0494703217563005
-0.410185344576385 -0.0154433853586654 0.0594018297548918 0.0839823945702586
-0.289048194140172 -0.127132617591928 0.16320814213947 0.0328868439544826
-0.298878778373415 0.0055259139722114 0.115435173035804 -0.0017175352260232
-0.194161165271582 0.237352915669875 0.0441517002256938 -0.0323236069727223
0.0463686590435257 0.339919715509343 0.0208946890400862 -0.00242913184696363
0.237268600740681 0.201267563063927 0.0621651563724894 0.059673079895769
0.270649071259519 0.0206984448780865 0.135602069779112 0.000306257890665513
0.263123125433426 -0.14715139093877 0.152602908077153 -0.0773686839256505
0.225956023126299 -0.210359736909393 0.154979840964261 -0.1392179163519
0.227787760744903 -0.228152792672675 0.165966524405849 -0.134203254851737
0.274274071713008 -0.132789550717104 0.169317753035863 -0.0985767968678887
0.301358898519083 0.00758395262567541 0.17085883428362 -0.0198661001297467
0.26752552898237 0.257003875920525 0.115266498782111 0.0335932549015063
0.0149828253870395 0.356589535412133 0.0413039899486181 0.032521603861913
-0.265362408153983 0.218483814154775 0.0865652907130019 0.0476782380607842
-0.383028493257201 -0.0114583127553928 0.17528881088915 0.118244044945525
-0.20173774783013 -0.0997562227189144 0.216693653265574 0.0945019759640552
-0.208731844359456 -0.00718401237160799 0.113006869221653 0.0170740735690989
-0.138386468328547 0.150789402893536 -0.000528032441238354 0.0246073898482344
0.0211361232905319 0.222674545288245 0.0111576982727017 0.086982879869584
0.148340928614972 0.138826460185367 0.124017231045005 0.130207865614871
0.170480562645532 0.0244757997049581 0.235755808469074 0.0138969589312625
0.174978179670069 -0.0883603452507539 0.242416498769931 -0.122801795298266
0.157812429265359 -0.142041927172977 0.223907324308861 -0.20429525800206
0.164377513226578 -0.153741874372249 0.238355005269525 -0.206408440402847
0.19683073325573 -0.0952184040417621 0.245230033602117 -0.145152649905014
0.218619470128118 0.0046611215561243 0.240564590205343 -0.0374675613437705
0.198223056918973 0.188604474025747 0.16385373412388 0.0339997261632596
0.0100039881647609 0.271237630526982 0.0828841900250551 0.038732414181965
-0.209591819381225 0.164515146326062 0.142921821955591 0.0383618894253849
-0.2949319470961 -0.0133827987933677 0.273966265670015 0.13915926094397
0.136244761359624 -0.0075512117829723 -0.360743946671063 -0.0911912087545848
0.105787175800506 -0.109978321091159 -0.193984103206186 0.0369329626253032
-0.00920675708657204 -0.154342534356848 -0.077148643799974 -0.0264792830080512
-0.118156002044095 -0.0927183631625346 -0.153376271225316 -0.062611422380825
-0.11919016847597 -0.000216481801774178 -0.275721149266548 -0.000323378490276124
-0.0816927269820509 0.0408259132972114 -0.319458328017074 0.157092014782358
-0.0712559576966572 0.063214072440672 -0.282363331192831 0.255882621896846
-0.0628548265263543 0.0504692337741643 -0.25557563483082 0.25829826502734
-0.059972581003702 0.0203488346096915 -0.303462000118281 0.176362933728081
-0.0546392695862439 -0.0127145097838204 -0.289703984981771 0.0239695917236826
-0.0399244875628192 -0.0400468166440719 -0.2045851093011 -0.138497598717249
-0.0112760321661155 -0.0683466031926758 -0.0462750895772454 -0.161655657748131
0.04834950676186 -0.0523746840851173 0.0300246389553397 -0.104234427247028
0.0889178587609679 0.0277604982027073 -0.047043968964408 -0.0673507200813578
0.0983378409133928 0.0709256207350867 -0.206623722990585 -0.153054886363443
-0.0259879665819034 -0.0039826737490815 -0.346697334608464 -0.128976689205536
-0.00528499879224728 -0.00396131534945142 -0.190884844736893 0.00424097311014993
0.000751924302986769 0.00187428162380325 -0.0905426278386312 -0.0750727493148328
0.00199490850029189 0.0116834550951537 -0.177949867135566 -0.0988505668449803
0.0169234619423054 -0.00357745111578061 -0.301274228593807 -0.00600149006456364
0.0313979365700407 -0.0260223550127177 -0.340108912128034 0.155994398232169
0.0285933382862746 -0.0522691764115267 -0.291539567594469 0.25805792546218
0.0372171988109468 -0.0552921744430277 -0.254258069913673 0.253320710120487
0.0589289506366555 -0.0534033789681839 -0.296580214045433 0.183752811843294
0.0796985333981584 -0.000811410055823143 -0.286465389902544 0.0337694384141371
0.0599725209117443 0.0467470587371126 -0.212174691904531 -0.123358953527713
0.00394815407207682 0.0824241673992165 -0.0603324787053465 -0.162443068420671
-0.0304515190246645 0.0498073299675438 0.0167539424738159 -0.122267807618034
-0.0298162779250825 0.0332250764289939 -0.0500456453399424 -0.0562056731258723
-0.033411218052088 0.0224801094104889 -0.219505580265272 -0.13152261523105
-0.179468238641362 -0.0176461277000448 -0.280120448430406 -0.152530219003721
-0.134731476406839 0.0814677064554124 -0.14457639817199 -0.035778293235608
-0.0174752048416194 0.164702074836791 -0.073335681424458 -0.132816164947675
0.110805309503944 0.143681143496562 -0.172305029928666 -0.148841530598042
0.159528764863269 0.0197124586070884 -0.292648606397455 -0.0303934445041789
0.152855970221731 -0.0732457670235183 -0.321978950173096 0.121493022546404
0.134345201299673 -0.150772035241024 -0.261024131645355 0.218312369165091
0.132431494981453 -0.151635846194675 -0.212023348193267 0.210460219208227
0.161272277058502 -0.131738913900525 -0.238226891344944 0.17006348740604
0.201134514320093 -0.0154826359739799 -0.235867004815956 0.0523938432424223
0.172035841784081 0.0972917675070685 -0.191313380381334 -0.0675654995542988
0.0663311840632362 0.215692114835826 -0.0837405900275265 -0.116700546671272
-0.0706263257569196 0.171263933892146 -0.0259563052614847 -0.109515770254894
-0.141276181701627 0.0687063426864536 -0.0657058731975625 -0.0333182329005375
-0.169963364435751 -0.0116251610971469 -0.20176162041742 -0.0836672431204246
-0.295517665872409 -0.0492744744068313 -0.17025381477264 -0.148107186081008
-0.260310455487986 0.120721291974443 -0.0652310138125771 -0.0627902909329009
-0.0709035223809004 0.296782084764971 -0.0247844855403591 -0.16937940020838
0.175257950165703 0.284767807205417 -0.127665155298127 -0.183271228589917
0.279666182412888 0.0766539948411311 -0.238316058536149 -0.0577929723131278
0.262423262220692 -0.0846346874289727 -0.253197183020208 0.0671282443487892
0.22871912016275 -0.212236403187782 -0.188797909720232 0.147687021209434
0.207924242366041 -0.224273684120754 -0.136822296644083 0.136370632819122
0.232948623088509 -0.20609664710331 -0.144278623311663 0.12441076774823
0.28989739556338 -0.0590514948565522 -0.145827349782397 0.0546044174243055
0.277011185763772 0.0991640823245036 -0.127736140235173 -0.00994074778730538
0.164540480215989 0.304269741533271 -0.0757828138867732 -0.047426912184209
-0.0655943061848409 0.292030061336023 -0.0568668116113049 -0.0637287162713217
-0.229908850978508 0.131475701438576 -0.0686001481924702 0.0018300993455348
-0.294538621540049 -0.0230782356008847 -0.1456225395659 -0.0221340905524893
-0.355254660695691 -0.0902664583354413 -0.0423299369815416 -0.109708043404961
-0.342872831953513 0.104243119722867 0.0235225743829875 -0.0623252089289027
-0.142244184377434 0.354878521228442 0.0316538727620618 -0.159073261508071
0.173401743339574 0.387681117264169 -0.058184612166864 -0.170525591229956
0.338532938875231 0.150366983399132 -0.140533943000844 -0.0585238909114832
0.329781145687189 -0.0586447857053264 -0.13726875677625 0.0167346428359287
0.291853276912793 -0.22837708794308 -0.0845582198266409 0.0634400776735356
0.252597599976857 -0.262367444445402 -0.0402528814988028 0.0420066871747861
0.265856003489668 -0.259007944132002 -0.0337846882895131 0.0483677412063858
0.330405359254325 -0.112721597341683 -0.0349703891262827 0.0228517941315665
0.342794948740074 0.0635103170102833 -0.0282637841767666 0.0162307326273936
0.257047156488339 0.330023433187128 -0.0251951874452423 0.00917702904423493
-0.0281320057596348 0.375913606565611 -0.0497629875799051 -0.0112111021838196
-0.280386559627639 0.199190042690008 -0.0388333885644107 0.0348516908773283
-0.383507922727453 -0.0171061906304728 -0.0530364854901534 0.0374541973665023
-0.353159398652123 -0.119199050756337 0.0774398232093479 -0.04512418418151
-0.356000922023778 0.05611349422004 0.0903144611908043 -0.0365099525993701
-0.192900368658487 0.327113397771182 0.0607322836876042 -0.103855627784269
0.115756480815215 0.408967103123512 0.00106497969434714 -0.101269329431867
0.319416769344906 0.202091715743232 -0.0286326434941904 -0.0156496736617126
0.333667604658527 -0.0167537480148729 0.00367246619316311 -0.00660633733831208
0.304932047652092 -0.2048035775461 0.0364874921381786 -0.0166993584944137
0.257302962866533 -0.259011757472717 0.0620388561899345 -0.0564140018712098
0.261671371874604 -0.271110779287434 0.0733459047349277 -0.0460595593278608
0.322310227598152 -0.145325279603927 0.0743023785201632 -0.0381034993701761
0.351401998737271 0.0227888361705062 0.0794864384767343 0.00418374730048696
0.300297204974378 0.306075318576122 0.0493009303124947 0.0313535963037916
0.00945861382615401 0.399801153009273 -0.00819908650739431 0.0212115997170468
-0.289400202274544 0.238020149907023 0.0208239652209572 0.0499701841463591
-0.418377123706106 -0.00587425735495033 0.0625963415180852 0.0837015660608987
-0.297065339587926 -0.122710523266704 0.167425467748982 0.0288445052153705
-0.304308258509374 0.0124407843536945 0.118204826155944 -0.00543909804859302
-0.191859434621083 0.246720056758304 0.043777571546808 -0.0342239491666197
0.055122909691665 0.345505124519586 0.0213438909918376 -0.00325158818212707
0.246668531873926 0.19982950410942 0.064473534855688 0.0593840284110691
0.275548249637852 0.0158083530244436 0.137355412683591 -0.00257594943088626
0.263504675199589 -0.155088878544546 0.152285037153866 -0.0818206254445429
0.224656150357089 -0.218616113746251 0.154203978271646 -0.144872766124336
0.226201176013654 -0.235760251171792 0.165410305023743 -0.140053450146243
0.275151060189836 -0.140582891106775 0.16969139883739 -0.103341356461855
0.30615370098767 0.000836192410000679 0.172924042597216 -0.0236976734376594
0.277315134627712 0.254990756409193 0.11733847920288 0.0321703979939962
0.0232234372406635 0.361671163533135 0.0424614292457754 0.0325333189631413
-0.265098733242581 0.227493338606676 0.0892250336464418 0.0462471504709898
-0.389739587363142 -0.0024504596389404 0.181266880272266 0.116056316104036
-0.208230368129199 -0.0963677046858595 0.223237384845991 0.0902711679577315
-0.212607596336636 -0.00261235211925213 0.115505737455989 0.0142031564611036
-0.137126694376797 0.157273364595746 1.62708754967419E-05 0.0245078892150334
0.0263833864823351 0.226582130695699 0.0131793320680793 0.0876767395452293
0.154771958955804 0.137812034976539 0.128768561161409 0.129335721521958
0.174191441843359 0.0216891011728659 0.239313676325819 0.00953229200428973
0.175155151104225 -0.0943648530334485 0.242690718767894 -0.12951697561679
0.156549824270493 -0.147481690865181 0.223035833990666 -0.21137044736711
0.163951609854683 -0.160423197270452 0.236662850348917 -0.2144374002773
0.197703665958285 -0.100596173045325 0.245490444425953 -0.153281488381456
0.222502068628617 -0.000478587028429876 0.243180604323692 -0.0438073501896866
0.205338835761627 0.18749295206456 0.167238456740419 0.0314811036723878
0.0159061529900254 0.275327512038827 0.0849221576522264 0.0383746502763684
-0.210041704417107 0.17187154940948 0.146352861251157 0.0363509094771751
-0.300408020776889 -0.00769343847871396 0.28307710799496 0.135226922694174
0.138248459797722 -0.0113968775394533 -0.369084603453342 -0.0842286617320026
0.105146138332641 -0.114671524056777 -0.195784871377096 0.0419498138401621
-0.0131348500876989 -0.156852699466115 -0.0783790881648386 -0.0252089918318649
-0.122522850168422 -0.0913642232009395 -0.156762991272603 -0.0602628046397664
-0.121236754186555 0.00222022285848604 -0.280128997359051 0.0057791206888432
-0.082001347560187 0.0431140808990374 -0.319574178395516 0.166994776079563
-0.0707076700310564 0.0656895619414967 -0.279522060173499 0.266690079651682
-0.0622912553097408 0.0526926354730231 -0.252475131017684 0.269170614576527
-0.0605997585587446 0.0222308799737358 -0.302939352569054 0.186527414867637
-0.0557498766173142 -0.0113190458599475 -0.293070329610492 0.0306222410379837
-0.0419625231321494 -0.0393875362578186 -0.210143585277796 -0.135877868098569
-0.0136863987592371 -0.069516042774222 -0.050076257985846 -0.163150465475651
0.0476832890055128 -0.0543871464580254 0.028120471420427 -0.106254457086427
0.0910215421970692 0.0261696739241655 -0.0495838048038381 -0.0674040554415086
0.101478296912993 0.0694545783608484 -0.214577348120232 -0.150232082833639
-0.0261303352390961 -0.00290515653507013 -0.356810470330299 -0.123510645291894
-0.0050775854013354 -0.00416455594330522 -0.193327973687596 0.00889360589549175
0.000774562743080687 0.00188349717908329 -0.0936609526800741 -0.0744758774858083
0.00209841807960561 0.01179389115402 -0.182330176796298 -0.0965483303286325
0.0169675628420254 -0.00364973711212147 -0.306238086369296 0.00112501958170714
0.030903483856125 -0.027420282789742 -0.341388951780934 0.166999631670046
0.0280947331253232 -0.0538627771496112 -0.288843324315636 0.26894666509994
0.0366601660864059 -0.0566773855956765 -0.252451732452818 0.262618924616832
0.0585035079801969 -0.0549349028797882 -0.294985534599475 0.193796754112423
0.0808574763588879 -0.00207769640870413 -0.289454418605495 0.0403321591595184
0.0614508537334032 0.0457810846768864 -0.218239300194086 -0.120072227416008
0.00545115145321667 0.0836854880761991 -0.0653984528746287 -0.163049106318107
-0.0299231674715932 0.0510590049332365 0.0145684244439282 -0.124201370020072
-0.029528107772254 0.0343622064576458 -0.0530056147059482 -0.0552403675903428
-0.0336318762118807 0.0232266409163281 -0.227419122053339 -0.127683990998744
-0.182537798812457 -0.0134226320806108 -0.289121880020627 -0.149259431648739
-0.135202613476214 0.0858784346329741 -0.148087942643331 -0.0333417499503176
-0.0137420817779723 0.167758740207685 -0.0774240909649325 -0.132969870392736
0.116271265366686 0.142891400842254 -0.17836432960348 -0.147696005940703
0.162377792037458 0.0165287304930002 -0.298452912631332 -0.0245842290874207
0.15311377741164 -0.0782363219827741 -0.323648853376541 0.131531282290796
0.133040181642394 -0.15608949805308 -0.25910354071414 0.2275745989838
0.130449278937126 -0.157163155911635 -0.210320112170524 0.218023791738405
0.160782908887402 -0.137297736593305 -0.236793551919776 0.177685488566216
0.203678910441694 -0.0198336862344202 -0.237785892221302 0.0588389230643991
0.1771862505879 0.0939164884234145 -0.195927858287042 -0.0639744206932104
0.0719386861772194 0.217856160915446 -0.0876794312057367 -0.116249504550411
-0.06816276928595 0.175922884846666 -0.029245806305853 -0.109760119125945
-0.141627791338913 0.0731164694125478 -0.0681195475649116 -0.031764582139185
-0.173293476523085 -0.00755257559517048 -0.207930292568322 -0.0797991669461435
-0.302130860931009 -0.0428678770238849 -0.177345892768391 -0.146907288630156
-0.261356215820124 0.128770465457438 -0.0678054070706366 -0.0627761018148245
-0.0649085474793305 0.302727749126515 -0.0293277211912677 -0.171782372302064
0.185763263168621 0.284269734256881 -0.134339059697042 -0.184249855773499
0.285963527855644 0.0710022425604073 -0.244206162427262 -0.0531197167156699
0.264210002544596 -0.0922175306491538 -0.255939275726756 0.0750367138362366
0.227143587980554 -0.220706581721972 -0.188034806386764 0.154405115730492
0.205426003264918 -0.232618644212444 -0.135660620189246 0.141507698179365
0.230196921054126 -0.214556762243462 -0.143023546494248 0.129527480921534
0.292487728766738 -0.066148982112664 -0.146678032556932 0.058546954700181
0.283382984578223 0.0941186460913039 -0.129480291845828 -0.00666382648044654
0.174583347241015 0.304914245395756 -0.0779891281553917 -0.046502675633392
-0.0593673385531526 0.298509800804487 -0.0602166109742896 -0.0633853194231912
-0.230405806961421 0.13891006551558 -0.0697917165322219 0.00337194686267021
-0.299737026147308 -0.0158217577749123 -0.149164933067927 -0.0189277964392361
-0.364436911279085 -0.0818660340584749 -0.0458431196034073 -0.111754466568015
-0.346375444830658 0.114569401082135 0.0221947496265613 -0.0636180034801529
-0.135953429167175 0.364778371618251 0.028303078239024 -0.162890358508668
0.186102160255894 0.389342690739637 -0.063134828748325 -0.172239658135411
0.347827400107169 0.143827154179639 -0.144415174101078 -0.0563294754201336
0.333432130135655 -0.0677776518900155 -0.13914613963231 0.0215318362931067
0.290577465835713 -0.238293902375097 -0.0841180880188778 0.0658957945984461
0.249303568573037 -0.271532543803747 -0.0393592420829177 0.0434973347199977
0.263648274877456 -0.267784499686554 -0.0324782426593105 0.0495570708396415
0.332532237522476 -0.122349216404642 -0.0351010349146279 0.023805850831141
0.350108939948686 0.0566683229892751 -0.0283183473713843 0.0172365906421649
0.270522271684148 0.329986275581295 -0.0254292430625452 0.00991434135541768
-0.0193511106671265 0.382876287471108 -0.0511166810753833 -0.00994035084650441
-0.279973928739238 0.209048391495052 -0.0388672422702818 0.0361335050431629
-0.390548824488671 -0.00823935140704624 -0.0532090617206221 0.0392094405531903
-0.361847270348466 -0.111844105958657 0.0779328805722555 -0.0486581607120377
-0.360335180904328 0.0665565801688314 0.0904689672374092 -0.0393418423259167
-0.188090863848745 0.338100249830783 0.0592936917458985 -0.107569754339341
0.128170510037612 0.413675392947589 -0.00117586060027952 -0.103547551345433
0.330559589206841 0.197378874088379 -0.0294608897953703 -0.0152763268322069
0.338977423635986 -0.0242351602640353 0.00295535685177736 -0.0064373785141117
0.304194336443742 -0.214744262820258 0.0358915490671879 -0.0178524754616545
0.254291524249094 -0.268977365680554 0.0610497758736075 -0.0593693001060102
0.258214245687594 -0.280891010748311 0.0728911213719397 -0.048890303561965
0.323588520778008 -0.154728220698265 0.0744777215701719 -0.0399502419779258
0.357217761084579 0.0147147680258979 0.0806031905891384 0.00217672506479869
0.312649598143604 0.30313070114342 0.0496872268677087 0.0311647000378792
0.0192737214284749 0.405685661036602 -0.00846136297719553 0.0223270036355886
-0.288817541333829 0.248451933509747 0.0223015750941323 0.0502460836865322
-0.424958169624233 0.00402464641137703 0.0660469991068957 0.0836496447940189
-0.306155806431467 -0.11700002009558 0.171895158643207 0.0246238341494764
-0.308523765953961 0.021462826553431 0.11934997949715 -0.00855114487422277
-0.188609271544379 0.255664955493689 0.0435145146949243 -0.0361929932993186
0.0650217835072827 0.349827969991234 0.0211703136469814 -0.00430020758729344
0.256605863559811 0.196152141428666 0.0671775985921482 0.0584174806143121
0.280792560906135 0.0103489085982859 0.139282535506146 -0.0052566688172099
0.263345102835592 -0.16286414931097 0.152380425825984 -0.0864750594337003
0.222216251028422 -0.227407951417328 0.152984487011099 -0.15110460159543
0.223651217874246 -0.24490168155058 0.16443025614416 -0.146362768556345
0.276693233272045 -0.148716357813017 0.169706992563222 -0.108317563090217
0.311121096389302 -0.00637722426000158 0.17412615751958 -0.0278840190645171
0.28838430163712 0.251544357394001 0.119531069163511 0.030596317416462
0.0317885692125817 0.367175291250638 0.0436879164202466 0.0323634820190698
-0.264425220058576 0.23755507389065 0.091850465538555 0.0454341618467818
-0.396935695479648 0.00609550686481204 0.187756664422408 0.113543518761495
-0.21467759655492 -0.0924605194245945 0.229574839853495 0.0855026235207265
-0.216148281465673 0.00374407761606274 0.117758421466036 0.011007116661552
-0.135610104227759 0.163192601390422 0.000676096733353378 0.0241785492787773
0.0332807078637122 0.229232000682462 0.0149755317213657 0.0883656664729175
0.161553395462646 0.135596570803221 0.134345262950883 0.127996937986401
0.178280548262115 0.0178709214794097 0.243159216063095 0.00430155332602945
0.175396778744302 -0.0988474388300458 0.242791327019156 -0.137355089344685
0.155281184606786 -0.154159576230031 0.22074027297063 -0.220654047722914
0.162162544835729 -0.166765796369577 0.234939087750868 -0.223379746034417
0.197899991649687 -0.107253810360445 0.24506773892375 -0.160454867344298
0.226337687028299 -0.00558674492994992 0.24539346955518 -0.0504514106421252
0.213984582181736 0.185282641302759 0.169670207323646 0.0282225385674469
0.0227230095014732 0.279506782524184 0.0872523855927254 0.0370550904408752
-0.209559200856108 0.179381399820286 0.149894237886073 0.0336339807534521
-0.305590984742386 -0.00068764639722875 0.291365070318958 0.131124066598432
0.14002781598866 -0.0142557630472545 -0.376300725830586 -0.0766378975453586
0.104291600669726 -0.118770990976629 -0.197593762542243 0.0471622045448459
-0.0174378718741996 -0.159277941744419 -0.0796053104715201 -0.0239516238104363
-0.126914845154599 -0.0900579067641056 -0.160391579912394 -0.0572713543093441
-0.123505740054265 0.00604741204522696 -0.283476907304671 0.0121692648709901
-0.0817099196846997 0.0458725681272397 -0.320696132441224 0.176968075951673
-0.0694085513485761 0.0682812629914144 -0.2762957972628 0.278150963538249
-0.0616379204181625 0.0548379377487106 -0.248517958817144 0.278469095558263
-0.0610240854801589 0.0239369134547358 -0.301908441119692 0.196415122468055
-0.0572543260322017 -0.0103090539154583 -0.296035937965748 0.0383165666016892
-0.043605172262446 -0.0387721378960124 -0.216050176132245 -0.131991195802563
-0.0155248535049928 -0.0699571007145744 -0.0542277590793242 -0.163741490788664
0.0467180675464344 -0.056377884113174 0.0257820407479491 -0.108108743668379
0.0930430437875909 0.0244258189662889 -0.0531150294027051 -0.0666971237746546
0.104817950079231 0.0680069515636947 -0.222480496306127 -0.145575538674868
-0.0269283738969473 -0.00242895110878374 -0.367321416741059 -0.116836681676219
-0.00560736571317084 -0.00417384892963854 -0.195158107434071 0.0135415017390599
0.000914779806300806 0.00136117101257538 -0.0963615826595323 -0.0728676182411706
0.00238939600397194 0.0110379148030755 -0.187819149395667 -0.093507270775904
0.0169438754621038 -0.00440823739257702 -0.310465701226598 0.00787672622136663
0.0306637100256133 -0.0282941396778273 -0.341573050250342 0.178569152762784
0.0271071950066971 -0.0553396048047837 -0.285966350064916 0.279834550936387
0.0353766756321359 -0.0580184590488552 -0.248007030873431 0.272802561296342
0.0573073487010765 -0.0571306301850326 -0.294158984159241 0.203985332873719
0.0818105056886285 -0.00436500754982639 -0.292105200023774 0.0478381015834527
0.0633433603655672 0.0448419331019234 -0.224159319464161 -0.116135264668163
0.00732921364337618 0.0845773523353327 -0.0695400625637826 -0.163477112600177
-0.0291616610965508 0.0525509610311238 0.0110945907266724 -0.12589387462955
-0.0286029658085764 0.0356325737832294 -0.0556095894169157 -0.0544273949995546
-0.0331722170711962 0.0247245040397224 -0.235386439804889 -0.123392663776024
-0.185908413964156 -0.00872282721120513 -0.297437222181719 -0.145600094114463
-0.135657201722975 0.0905257709701588 -0.150391741698105 -0.0296090680257914
-0.00919581043417363 0.170468536709344 -0.081633111565502 -0.133206761794864
0.121737369199106 0.141967189574475 -0.184615016326747 -0.145793106051827
0.165876442035924 0.0128348193255875 -0.303769434693838 -0.0179261890667992
0.153548945852384 -0.0829643567081956 -0.324353878436939 0.142046208043021
0.130981214485299 -0.161970887239703 -0.256565815276714 0.237074766235513
0.128424206651555 -0.162057418441841 -0.207299404641031 0.226375196920611
0.158673562938569 -0.143081830692635 -0.235661975553293 0.186231424031512
0.206114489177829 -0.0253548617221651 -0.238940942156266 0.0655934024489095
0.181946030363868 0.0914099166002824 -0.200021633725941 -0.0601121117298571
0.0787551043145211 0.218567922739558 -0.0921473525691818 -0.115946621602134
-0.0646122548615089 0.180743231091406 -0.0322839450537495 -0.11087615254345
-0.142567006283828 0.0776033484116734 -0.0700149320916856 -0.0305409437690847
-0.176310590691977 -0.00306315236255188 -0.213039570940148 -0.0751797976260799
-0.308877331672834 -0.0354424528221626 -0.184349297576817 -0.145927211603692
-0.263038625274136 0.137599779762944 -0.0698947294690398 -0.0619549786954377
-0.0579144955213943 0.309028726930376 -0.0343179172975471 -0.173625215246539
0.19633164143072 0.283777390091351 -0.141091055674894 -0.18393543170312
0.293033469437401 0.0651945662952218 -0.248718025020449 -0.0482620073669851
0.266076449511086 -0.0997071594283312 -0.256856975493951 0.083502810236143
0.224482793806046 -0.228675331068453 -0.18689531461738 0.159984716047083
0.201837379087649 -0.240835912047833 -0.133699492357454 0.146432378926937
0.228188264547826 -0.222572818852188 -0.141010191490969 0.134371250240457
0.295390229281754 -0.0746227795279203 -0.14723665936199 0.0630592063092762
0.290354627528729 0.0884608167307188 -0.131479429106146 -0.00370285317387517
0.1850424945196 0.304809003787101 -0.0809193134831155 -0.0450084195506693
-0.0528561071897122 0.304393798727151 -0.0627210117322514 -0.062418593782571
-0.230348880785462 0.147392610833432 -0.0707997174692209 0.00554074350275513
-0.30494372369088 -0.00791400149158046 -0.151796998928432 -0.0152148516907106
-0.372146037162242 -0.0742668403468217 -0.0494695696177952 -0.112354812744565
-0.349214581772583 0.125074474055775 0.0204505533140384 -0.0658069262732272
-0.129285888183247 0.37351968227658 0.0244471994788757 -0.166010010547849
0.19943712843762 0.390632806990776 -0.0681705484671949 -0.173291617919988
0.35757824917047 0.137911130413084 -0.148206446336437 -0.0534104248270763
0.336609321721346 -0.0765144507038071 -0.140980732584209 0.0255966291739774
0.288176380930796 -0.249196002007141 -0.0843863170724437 0.0689671278312117
0.245340332582617 -0.282048341011719 -0.0393989914116014 0.0450977631448939
0.259688519171482 -0.278736175203811 -0.0317824554575049 0.0508589974022113
0.334735494712363 -0.131326152120867 -0.0349290949278289 0.024829068282789
0.356263979431661 0.0485836491966692 -0.0284529145356017 0.0180665486626226
0.282081266397771 0.325953902613331 -0.0261341096844135 0.0112991480386938
-0.0101203502493277 0.389400681767922 -0.0523373968360905 -0.00823900921400001
-0.2801592404705 0.218600837032422 -0.0382423283647917 0.0387559602653884
-0.396725987979568 0.00245407813123592 -0.0527339625058656 0.0410627892831118
-0.371257268430092 -0.104131478015639 0.0781077366207136 -0.0524240007565639
-0.364386015680768 0.0768806160231364 0.0908933067801663 -0.0422667114189544
-0.182285325822282 0.347758484440613 0.0572153095121459 -0.111130925318034
0.14149746389672 0.415844298350869 -0.00409251636451727 -0.105452489094602
0.341030359069667 0.191872456996566 -0.0301002360128168 -0.0149215015399409
0.343329769746883 -0.0328947168200232 0.00234011064560807 -0.00601047307563596
0.302894620327268 -0.225295290898468 0.0355145650817201 -0.0193452966632711
0.250913691645096 -0.278807260551813 0.0607370724332676 -0.061622171663926
0.254603028176635 -0.291457026422619 0.0731291526747928 -0.051504414835144
0.324062425206436 -0.164919720127744 0.0744722286542727 -0.0422438950995827
0.362666440708073 0.00584750670745687 0.0811571592830086 0.000355582895368009
0.324983994894708 0.299422777773145 0.0509007709001776 0.0313855475557125
0.0300494111775845 0.411038625646656 -0.00826488619878994 0.0233682783814149
-0.286776937363789 0.25916683255181 0.0236678841339594 0.0504033156936354
-0.431323723421833 0.0151275757664489 0.0694164248419851 0.0826156902970859
-0.315027573115895 -0.110121540429251 0.175101608026953 0.0195927355407769
-0.313188381396435 0.0297959001820551 0.120616648810292 -0.0121968162330954
-0.184855813138175 0.264800807974479 0.0432137369834612 -0.0382083215410241
0.0755140711368588 0.353273910615458 0.0211990500684694 -0.00541955144002591
0.266044698794748 0.193166758884205 0.0693467921006943 0.057559265239116
0.285379472109876 0.00324569673285431 0.140522305760345 -0.0084170884945326
0.263019316760831 -0.171578612042943 0.15174874008053 -0.0916076840048375
0.220019084163035 -0.236514519581868 0.151375267882265 -0.157156191061317
0.220591577418822 -0.254225865666847 0.162853620432841 -0.151918142955385
0.276845955448696 -0.157158549423268 0.169224382583929 -0.113481434284745
0.315586140594015 -0.0140346507151629 0.175838535418954 -0.0330934278494408
0.298374300881034 0.248178901963503 0.121696404172239 0.0282895955713659
0.0415348470483146 0.37139730889132 0.0446226794522354 0.0319866918357145
-0.262821876115678 0.247483924901729 0.0945357866640731 0.0438358408803614
-0.402124502106022 0.016002361693498 0.193422431861131 0.110497908216916
-0.220224935075081 -0.0877622070615307 0.235725301318222 0.0799959671642068
-0.218969069375759 0.00948529836618092 0.119664017209695 0.00801063040292942
-0.132259799629808 0.169566667209471 0.00122650116696029 0.0240142584918795
0.0403109396066006 0.231331334260969 0.0169684335480747 0.0891391867459374
0.168129144694656 0.133435002658682 0.139190154712352 0.126579007285201
0.181695161876609 0.013582022056454 0.246692822564429 -0.00244605059529957
0.175258304868418 -0.104458084086693 0.241560248872788 -0.145329795109395
0.152583791134964 -0.160427821521624 0.218430787471573 -0.228512839565924
0.159618604723263 -0.17342827430538 0.232112286838138 -0.232314635130951
0.198058521711387 -0.113180160098042 0.24400364971621 -0.169137421063131
0.228878439169151 -0.0110347410483096 0.247742953201971 -0.0566853575165348
0.221603586478972 0.182467542658419 0.172533248147996 0.0247117992664115
0.0298664211280236 0.282819567309743 0.0891512774690622 0.0357385136594672
-0.208870126674782 0.187014256600958 0.153605548683427 0.030622727978187
-0.309717418103598 0.00757224182947981 0.29944740609823 0.12521793147858
0.142327913652724 -0.0179520527026016 -0.384431056335489 -0.0673097022931637
0.101813566716 -0.12394817998096 -0.197762920116978 0.0534579161501112
-0.0220858348250875 -0.161060854513934 -0.0809419028451682 -0.0226504631866681
-0.130910254376646 -0.0873707235053418 -0.163268110173803 -0.0538774553538031
-0.125018329602334 0.00884717819653011 -0.287149741788242 0.0202712626593303
-0.0819689286885753 0.048590853066497 -0.318824974469779 0.188282789541561
-0.0680438066819782 0.0707913112416098 -0.27096833327 0.287676591181258
-0.06065718455015 0.0574928640570024 -0.243613109937946 0.287786751954594
-0.0608212311836663 0.0262654715693345 -0.300375769568338 0.206903881207353
-0.0585511098715393 -0.00865167579632216 -0.298218495193461 0.0465888558891761
-0.0452628481496514 -0.0381159470310154 -0.222301761717838 -0.127368658234088
-0.0182809403121106 -0.0701168220703289 -0.0588362282647136 -0.163942150504337
0.0455057930631518 -0.0582434503385743 0.0233950123194973 -0.109861663751199
0.0947778024369395 0.0219582387199302 -0.0558133260384356 -0.0659553338887839
0.108273849316421 0.0654505022169237 -0.230987289577344 -0.141031293514841
-0.0266923527385089 -0.00126858385975708 -0.375230590543403 -0.10857973061655
-0.00587635316436548 -0.00454272646921995 -0.197436928424408 0.0197287533914822
0.000889308489094469 0.00095881486375877 -0.0994281343448855 -0.0715967811368636
0.00262175273035604 0.0114458612661376 -0.192550166803953 -0.0898622229240001
0.0168323033554014 -0.00496102901762207 -0.314274247761236 0.016463472765936
0.0299190173568976 -0.0296021743893971 -0.340815237667175 0.189663738629
0.0262573029607335 -0.0568306744349505 -0.281289503650023 0.290517213911012
0.0342054973896979 -0.0596667783772956 -0.243149872667868 0.282248120270077
0.0563696123680584 -0.058551432566947 -0.290996985835112 0.214254862751603
0.0829301413862542 -0.00638616531739442 -0.293533011124275 0.056294407670778
0.0654592467625868 0.0435342765223113 -0.229590970077602 -0.112318895980101
0.00987086668313135 0.085227948755821 -0.0747710396772984 -0.16335043137032
-0.0281546365724161 0.0539583217482292 0.00801292236528989 -0.12782439172969
-0.0283348749253582 0.0368001826617189 -0.0580789553463035 -0.053075606666135
-0.0330860918088896 0.0262238366312356 -0.241834933803601 -0.11796192582963
-0.189024332891716 -0.00338153641227264 -0.305572630805224 -0.139568339444917
-0.134946238400786 0.0951040989770922 -0.153330348015686 -0.0261655819411351
-0.0049538644183517 0.172399979837701 -0.0860681185520762 -0.132913815293289
0.126874646917587 0.140411248085802 -0.190269174694507 -0.142739567924152
0.168280628947828 0.00823601110223789 -0.307765682795436 -0.0102477893279661
0.152905096005906 -0.0880948022488428 -0.324073055001589 0.153067648177899
0.127857920020568 -0.166313256525406 -0.252781039966859 0.246297404006496
0.12512390544177 -0.16711227017863 -0.203333837650244 0.233365273555229
0.156769230986733 -0.148298898459998 -0.232276187715533 0.194611615622858
0.207554528314718 -0.0312136936242807 -0.240185561676066 0.0724657895807376
0.186427502113914 0.0875905971022299 -0.203798067710147 -0.0558861732635534
0.0857940200363687 0.219491865672907 -0.0960772936387404 -0.114267491004144
-0.061097262738562 0.184488106867118 -0.0354174738019865 -0.110735354221858
-0.142263720239142 0.0820338567240865 -0.0721095445541978 -0.0282141503240653
-0.178549602104315 0.0022886853928876 -0.218337234621945 -0.0702814818450237
-0.314083343831148 -0.0270865976318607 -0.190658517927251 -0.143376709977383
-0.26241030832778 0.146332394769472 -0.0731856154739739 -0.0613675477509191
-0.0495926477844265 0.315133159134456 -0.0389791345038915 -0.174920785035803
0.206605067757986 0.282176967801288 -0.147125146851731 -0.182296455307484
0.298487042991137 0.0583207169028066 -0.253546191116253 -0.0427563407446682
0.266343629725606 -0.10793913340176 -0.257639440257267 0.0911599122674085
0.220688044062722 -0.237435732968742 -0.185072953747634 0.167120946111461
0.197299502121353 -0.248573150989265 -0.131654246795995 0.151318205062803
0.224458631381851 -0.231486953581324 -0.138043987663507 0.139999062510151
0.296504964906335 -0.0828568068082216 -0.147005599680375 0.0674553564321684
0.296015309443752 0.0821126307976806 -0.133321644647044 -4.74702454712711E-05
0.195643143956293 0.303174279618677 -0.0835508325528162 -0.0429910489062731
-0.0456068705171761 0.30979951011688 -0.0655182841273231 -0.0611602267959092
-0.229647361865668 0.155266140269921 -0.0716351172951975 0.00749555929888737
-0.308939330634525 0.00116793440263202 -0.154253981406952 -0.0109158789786089
-0.380200847273551 -0.0638574295785714 -0.0531736771374111 -0.113763657630723
-0.350109888137247 0.136630664788748 0.0186128843099941 -0.066680485992552
-0.119498963022591 0.382427922211045 0.0201154537369427 -0.168847738475896
0.213313733783654 0.389590663300608 -0.0736933165944933 -0.174140271786247
0.365971861355886 0.130306573164934 -0.151041437594287 -0.0508316925480954
0.33873405528406 -0.0859768233361986 -0.141997768896565 0.0301408630886468
0.285214397433162 -0.258411419261163 -0.0836398582842838 0.0714161236713703
0.239597626487853 -0.291374350819793 -0.0383380178176427 0.0459631403614581
0.254801199512828 -0.288306707863974 -0.0307155008436231 0.052030786659291
0.334605018756554 -0.141572864260743 -0.0346307007178301 0.0262066300271424
0.362097963668546 0.0392719513529575 -0.0287231748546332 0.0192589633314006
0.29461896754315 0.322795719854309 -0.0267410804601144 0.012333692626666
-0.000449403323805685 0.393800871927431 -0.053475528808698 -0.00665861459609926
-0.277653160660555 0.229064262947509 -0.037763666967084 0.0395762150433401
-0.401385376329665 0.0137876776375903 -0.0522987045866533 0.0429204744699232
-0.379467370644208 -0.094494738428298 0.077518773639221 -0.0559156560747318
-0.367056615324913 0.0879670636361628 0.0902590006418815 -0.0459886850231425
-0.174395228656701 0.357261205842354 0.0550851107234034 -0.113792853491239
0.155420843456474 0.417203696271996 -0.00729711921400979 -0.106740460455435
0.351318064928816 0.185133813380224 -0.0316568390279443 -0.0143975176130203
0.346820718774376 -0.0416941605593028 0.00226945088494624 -0.00561080247565582
0.299907359174227 -0.235026858154359 0.0348502092539972 -0.0206731221328245
0.245695944731631 -0.289215541651373 0.0592349999591954 -0.0639273874798782
0.248911528330854 -0.300629066755242 0.0725666082151936 -0.0540223473184076
0.323608722924397 -0.175147987466149 0.0741926514548633 -0.0442854986767791
0.367321091918674 -0.00369197597518617 0.0817364622195238 -0.00200386307312279
0.337291897050849 0.293333710408285 0.0520085520059055 0.0307913006407794
0.0404963170189883 0.415257300167367 -0.00776933299437351 0.024452563427782
-0.2835985103406 0.269531751100591 0.0249448587992395 0.0506894970441645
-0.435773834858707 0.0270802738985144 0.0732217464229686 0.0817169994624371
-0.32240761348381 -0.102526722334143 0.178371492240438 0.0143703213777118
-0.315566587803429 0.0386385056817781 0.12153913012601 -0.0158909851088191
-0.179749069775999 0.273062536613439 0.0427285951405114 -0.0400671316982405
0.0867846398831148 0.355021194493799 0.0210067083053576 -0.00625426044161832
0.275118519682407 0.187961556341883 0.0713926519757853 0.0563191754911131
0.289355619205155 -0.00370298905923733 0.142237146657255 -0.0117515920869801
0.261755390084774 -0.180006855075701 0.150083886359472 -0.0963689502787232
0.214888704487808 -0.244524368501087 0.148274467695417 -0.163035476677122
0.216089266957657 -0.262937019168219 0.160610095965968 -0.158304061952089
0.275308230991634 -0.166230561389759 0.167816509147388 -0.119784189109614
0.319011858163017 -0.0223844587602157 0.17650583736219 -0.0376794146410359
0.308501820945235 0.242652535121776 0.122946020768269 0.0256190839761984
0.0518711443348955 0.37480578908753 0.0456846083845711 0.0319131423372903
-0.259653423333841 0.256813207412203 0.0967417395437571 0.0417076692037236
-0.406264199330926 0.0277745229651021 0.200125466408118 0.105972147895567
-0.226610746478774 -0.0823436649041579 0.242063629840696 0.073987612546856
-0.221004304988944 0.0161513930521993 0.120907720785382 0.00436661259699432
-0.129118648297563 0.175989802158672 0.00177044389037231 0.0237729238623338
0.0479756563227606 0.233497521534545 0.0192359781332709 0.0888574298417569
0.174496826879872 0.129955940137735 0.144590649336912 0.124608858633326
0.185003766955318 0.00891540172278822 0.248652514858928 -0.00806576179142102
0.174533624136737 -0.11013850693855 0.24010510081192 -0.1532614087712
0.149577109023878 -0.166302612841299 0.213832593085619 -0.237133656432578
0.156789040078827 -0.179666283425367 0.228362252870306 -0.24091705774628
0.19740054857531 -0.119696565456124 0.242595704709378 -0.176668247324803
0.2316259826457 -0.017462889024132 0.248102018034639 -0.0644331604687122
0.229680021014165 0.178010848321769 0.174664663751948 0.021072499686682
0.0377688788883175 0.285416603670212 0.0907694109233909 0.0343734099333938
-0.206696110672545 0.194846428847975 0.156147623351895 0.0263991619575046
-0.313665426457226 0.0156339377141874 0.308081649897961 0.118480293938698
0.14360216684855 -0.0227506443770866 -0.391346743396968 -0.0569009966240601
0.0996616460134423 -0.127854302432145 -0.197664617573216 0.0598013380339893
-0.0264645761332138 -0.162027346520824 -0.0821427607744699 -0.0204771444308299
-0.135134455857546 -0.0844519282519859 -0.165964729482597 -0.0503344724634435
-0.126492915262493 0.0124933146664575 -0.289186187037054 0.0281902191210981
-0.0814794310565868 0.0509019140843118 -0.315914557736617 0.19854938018257
-0.0664766048532289 0.072466748845393 -0.263977929565893 0.297588138879818
-0.0590361362234628 0.0597770498454615 -0.23734350186363 0.297229710076591
-0.0608956797642265 0.0281662491488442 -0.295833140004718 0.217104833429953
-0.0595160483505228 -0.00739289169708278 -0.299026266707588 0.0551360948240741
-0.0471404798882636 -0.0372203573622044 -0.22770309496253 -0.122422634490742
-0.0213612246674522 -0.070831531029126 -0.0635892635012522 -0.163747336419404
0.0443192003950217 -0.0602349027508327 0.0203792654532765 -0.111312391889483
0.0964465831586434 0.0193284439488316 -0.0591082114904328 -0.0642751856234652
0.111088328553173 0.0630332031142315 -0.238050530137628 -0.135055043764231
-0.0271044969315073 -1.37342480597651E-05 -0.38141631590777 -0.100172377090399
-0.00618465520431542 -0.00444687026085942 -0.198683000924582 0.0251762011923368
0.00107732222224984 0.000962127305601348 -0.10185220794416 -0.069728798436628
0.00255867663913072 0.0111100466059971 -0.196411310353664 -0.0859959888494962
0.01731875590881 -0.00502011279189306 -0.317338798429844 0.0250158990953287
0.029227768681093 -0.0308471675832071 -0.338396851901681 0.201313163280627
0.0256319159308717 -0.0582996108381184 -0.274740350459667 0.30118937503021
0.0327671127714695 -0.0606635910865721 -0.237305551715156 0.291112155700923
0.0551083125776654 -0.0598630790249694 -0.286749683011138 0.22327704834917
0.0830431872890915 -0.00880124553903039 -0.294866689341415 0.0646431419977697
0.0669534086079801 0.0421390037945677 -0.23483203097927 -0.106596534220648
0.0118222591746234 0.0858430089619511 -0.079356617113453 -0.162462980635351
-0.027449803011728 0.0554450393787314 0.00434865582128873 -0.128293961651602
-0.0278455003254016 0.0380869653581271 -0.0607778940059447 -0.0516931602200163
-0.0332061374420443 0.0275908612443736 -0.248387851169779 -0.11149992110874
-0.19135499636285 0.00181443420899895 -0.313991780825802 -0.133250221655508
-0.134044090208579 0.0996974734879066 -0.155119497079234 -0.0214483302491209
2.04113347375629E-06 0.17387327530436 -0.0908944849922708 -0.132156714633445
0.132607708740549 0.1373893076059 -0.195793846776346 -0.139409756404204
0.170368389177845 0.00366649019897066 -0.311410902814684 -0.00238216379567504
0.151674364559509 -0.0930341927145609 -0.322431658070741 0.163712344078202
0.124492604464217 -0.171406728816823 -0.248070574372179 0.25628348654223
0.121398206799905 -0.17160424652144 -0.197770495544521 0.241735493317169
0.154050231664617 -0.153644865848438 -0.2286634523401 0.202638066459355
0.209164587727003 -0.0367628915472934 -0.240167285963837 0.0794175102850154
0.190186632579855 0.0834117235782285 -0.206837014461986 -0.0508450292732301
0.0931664860306059 0.219367175990163 -0.0998271600611984 -0.112820218629221
-0.0566198736292708 0.18854414337296 -0.0393402919017885 -0.110823930317136
-0.14104050269925 0.0871624964150136 -0.0739093892501405 -0.0267353250020692
-0.180791554333772 0.00762364368547039 -0.223537140810357 -0.0636236216961239
-0.318262543783032 -0.0176841702554541 -0.196907090532121 -0.14054468789972
-0.261673713095854 0.15503643104967 -0.0758660994420379 -0.0594102771619103
-0.0414056988434299 0.319399807504616 -0.0445840648111388 -0.175534084627564
0.217053034805049 0.278574362577509 -0.153280814847793 -0.180612316118023
0.30437166086642 0.0501414325882203 -0.257300280841454 -0.0365461890940114
0.265670982127657 -0.116108001443817 -0.257696733148058 0.0998486203107194
0.216657409834748 -0.245369660824298 -0.181680229092292 0.173831933821373
0.192024121996402 -0.255819448150736 -0.128317659933553 0.155492425833004
0.219039609803142 -0.239497130123091 -0.13525253758672 0.144420108001751
0.297448139622794 -0.0915736131056835 -0.146609889268785 0.0716541810146142
0.301043701312761 0.0743926592899778 -0.134728578028503 0.00313638445992646
0.206552267606705 0.299974973215396 -0.0857696345915412 -0.0406004421809084
-0.0374014638845539 0.313955384651822 -0.0679357248975025 -0.0592881639182267
-0.227548693822075 0.162862992225252 -0.0723496248915997 0.00955927173668897
-0.311825178631408 0.0105157698274634 -0.155921454527285 -0.00679051912693662
-0.386577524238962 -0.0539921122776707 -0.0570047960393632 -0.114438735858399
-0.350448985619118 0.148046814709415 0.0170981774889354 -0.0681419821174076
-0.110115300315152 0.389627607388903 0.0158704885828248 -0.171091178377435
0.22734476738454 0.387624077718856 -0.0793691381906732 -0.174151202884254
0.373666848986059 0.120785448106224 -0.154531001849171 -0.0472890181232517
0.340028625832941 -0.0961770696494274 -0.142472644428581 0.0353893575992468
0.279981055651695 -0.268556934924397 -0.0828765585396895 0.0738314782646122
0.23395664126207 -0.300082286554628 -0.0374767995163616 0.0470756576421816
0.248305115984478 -0.297003033115106 -0.0288041145117815 0.053631150057757
0.333938889562919 -0.151774265274696 -0.034352766376375 0.0276074047613255
0.36685776013089 0.030410862387718 -0.0284700696418944 0.0198343938928824
0.307033034122207 0.317260115228165 -0.0268648156396135 0.013405282331164
0.0110556444927257 0.398872323726521 -0.0543268657631802 -0.00503142643527903
-0.274102240736851 0.239162075220829 -0.0370770516368464 0.0409309794160294
-0.404945492513718 0.0257255024816919 -0.0510408205242676 0.0443802162791143
-0.387168294652525 -0.0850536971962799 0.0768649251103336 -0.0594892455610076
-0.36859911750825 0.0998288627077571 0.0895170237016357 -0.0488994820725806
-0.165345748300712 0.366642250478653 0.0520830875499842 -0.11692630862725
0.168953469166019 0.416900528039384 -0.0102017631234492 -0.108045729124348
0.361105876172517 0.176911344079198 -0.0322839781734351 -0.0139347976816041
0.349573921466544 -0.0509634883728061 0.00191020570774569 -0.00497585654346484
0.296176744168933 -0.244927255825112 0.0342016082869258 -0.0219552840159141
0.239181769022644 -0.298343539265496 0.0576769481026192 -0.0666418540956594
0.242117104003583 -0.311065339194896 0.0716280142313444 -0.0567457155874337
0.321173824014489 -0.185268814316731 0.0733628404906265 -0.046073224533188
0.370974066293286 -0.0131952647136145 0.0824391519692572 -0.00410057506298926
0.348874320982765 0.287273519858314 0.0526672180409418 0.0302673873448574
0.0525257347948777 0.418398336699615 -0.00766779510776136 0.0249219830219936
-0.279418056090773 0.28005739848109 0.0269468211600462 0.0506988393608354
-0.439679627527535 0.0399599178667411 0.0766542727183921 0.0799874427290129
-0.329336530895628 -0.0936288034555487 0.181179714136709 0.00839835671370486
-0.318092165366524 0.0490341037276262 0.122022421908731 -0.0195442901714742
-0.172829481590828 0.281564859894939 0.0422673991860298 -0.0425974796274085
0.0982590329844019 0.356223840234668 0.020445194616878 -0.00725595323128254
0.283803416375987 0.181370344581374 0.0738949984892343 0.0546561756364303
0.292855961444272 -0.0118569679611851 0.142857839583276 -0.0151820773796951
0.258373364405026 -0.188135858643174 0.147923786128209 -0.101607244169355
0.209609885794646 -0.253232704741366 0.144798473620846 -0.168365434981516
0.210141857992095 -0.271304374855552 0.157009935907808 -0.164092841816511
0.273474011734802 -0.175305089208512 0.165869286824953 -0.124571805429524
0.322135942493235 -0.0305884495669411 0.176511104216533 -0.0431244448513558
0.319106869085543 0.235691102121034 0.124783667840174 0.023547515104121
0.0626597886357671 0.376993777958298 0.0469587027057007 0.0314276339787085
-0.255639349437713 0.266092612627188 0.0991294465310373 0.0395907406820453
-0.410326487336776 0.0393787565577844 0.205691434314711 0.101320469878378
-0.231714138848875 -0.0762155217249152 0.246888835973503 0.0670494989725343
-0.222869792410893 0.0229524096887753 0.122196744123614 0.000458493342714283
-0.124700443838842 0.181788148182685 0.00219462409773876 0.0229978418508613
0.0558277567368176 0.234229597546954 0.0212532582095804 0.0892031356791631
0.180973527246677 0.125822204929578 0.149250587585082 0.121651489192916
0.187196148493092 0.00412433167901227 0.250801841675662 -0.0153835671720484
0.17236546880123 -0.115405251332456 0.237898988476803 -0.161324033669416
0.146167142405619 -0.171891845112232 0.208984617901965 -0.245143452073669
0.153145033880253 -0.185671441211276 0.22359672732632 -0.249029542668966
0.195595907371844 -0.125809848993208 0.239908106175401 -0.184704644356902
0.233348334132202 -0.024140829193561 0.248202251132471 -0.0713829701419795
0.236646743229775 0.173493568486563 0.176040764828197 0.0166979666873654
0.0461172972271833 0.286476006357167 0.0922464007730264 0.0322019235395314
-0.203602674388411 0.202002017414325 0.158649672537954 0.0228454596360655
-0.316658599205829 0.0248636332076069 0.314918939778948 0.110964828638716
0.144528344566269 -0.0264534060076824 -0.396926168363149 -0.0462022517883767
0.0966060356834161 -0.131527806573231 -0.197483407343156 0.0651701514019973
-0.0325188063504068 -0.163323420990122 -0.0823219405470571 -0.0182359396256406
-0.138617494560658 -0.0817257302492573 -0.168557314834295 -0.0465534119425122
-0.127180336385534 0.0168925806624116 -0.290573415872731 0.0361091259652987
-0.080777691487577 0.0535127284858125 -0.311379010789856 0.208561779962134
-0.0641667469104693 0.0745659953085779 -0.256690549168375 0.307495746636663
-0.0575916231611644 0.0620336806864932 -0.230212925617478 0.305752354724548
-0.0605002591689223 0.0304728571307881 -0.291521073413416 0.226629239924352
-0.0597531871251112 -0.00559985726407794 -0.299218104696681 0.0635912416621687
-0.0491566094380972 -0.036372061006877 -0.232032707352877 -0.117247643547136
-0.0230667374861426 -0.0704228442332964 -0.0677137505970951 -0.162856553658688
0.042576996990614 -0.0619290165288616 0.0170389002869022 -0.111696359300832
0.098071731480143 0.0167969055615071 -0.0613819203635033 -0.0633797395229017
0.113665013084507 0.0600254025466065 -0.245100411881495 -0.128352187028768
-0.0278155291320629 0.00135403064944501 -0.389205904457421 -0.0906224758634574
-0.00630933614704778 -0.00444324643392466 -0.198382475950308 0.0310124307800569
0.000897513550652797 0.000553947216927667 -0.104393172992931 -0.0674439357154951
0.00280539737930301 0.0113228153876863 -0.199591644482839 -0.0810975057006828
0.0163747392245694 -0.00568445795408298 -0.318457103140443 0.033794285626308
0.0287119663051494 -0.0317786282059897 -0.334822976861601 0.212009850001626
0.0241108966656198 -0.0589899628409454 -0.267610752847587 0.31097446129761
0.0313098736503838 -0.0618580430855115 -0.229747071568924 0.299335814486647
0.0538452948967754 -0.0618739638578653 -0.281700352506372 0.233550066810958
0.0829134339785732 -0.0113799233206856 -0.29415751798767 0.0731087747913401
0.0684288208645773 0.0404612832612888 -0.239363019683139 -0.100613056655265
0.014552258878827 0.0857206950531685 -0.0847445063975163 -0.162061498146095
-0.0261459489891647 0.0563652671290758 0.00113883056336433 -0.129076068788971
-0.0262049247618849 0.0387786869857096 -0.0630239289152485 -0.050039418350387
-0.0327004277062802 0.0288963645023374 -0.254687512387712 -0.104108258283374
-0.192990564686583 0.0078626362480747 -0.320986675195544 -0.125735699454407
-0.1326336278246 0.104334125854146 -0.156485494948047 -0.0180887376316505
0.00495517227076252 0.175169682254837 -0.0947978854277706 -0.13030637494537
0.137093936046913 0.134776288592207 -0.200908739748908 -0.13549414862843
0.171399734935989 -0.000975859328510919 -0.313903849378264 0.00596138727722347
0.150249887352002 -0.0975736380039827 -0.320282578805605 0.174463788172181
0.120589324123753 -0.176344161909925 -0.242639904950277 0.263951679053844
0.117117776576659 -0.176400584854304 -0.192933315737204 0.248430673174173
0.150174722606294 -0.157960826037298 -0.223733009048418 0.210423882783947
0.20920314379616 -0.0428536090864351 -0.239202761863346 0.0862866788765663
0.193814348104817 0.0784275300697204 -0.210383002230499 -0.0450611556407706
0.0998190253902726 0.218290716202654 -0.104116407148113 -0.11107194459758
-0.0519112078503203 0.191031071833272 -0.0425745719549475 -0.109862172221637
-0.140252301998089 0.0915905234967297 -0.0755947193363153 -0.0240223329633236
-0.181804432713689 0.0132648563660035 -0.227646978514349 -0.0575354999683179
-0.322167872331273 -0.00923608675931473 -0.202678073064894 -0.137137856368161
-0.259260146796479 0.164080561798905 -0.0776550224195703 -0.0576426217352199
-0.0325240514110045 0.323382827959438 -0.049512608013198 -0.176377491396583
0.227353501560365 0.274277721764099 -0.159684383729232 -0.177978796759715
0.307189600201767 0.0420204220951565 -0.260619623156546 -0.0293727846192667
0.264527726798968 -0.123997966416694 -0.256261281735803 0.108860681671001
0.210904507262566 -0.252252503641176 -0.178236593504015 0.179606888337639
0.185380670124856 -0.262913594709951 -0.124835162472773 0.160325680634817
0.214104618413697 -0.246091238664359 -0.131006606536342 0.149362970115014
0.296849642445256 -0.100232761661315 -0.145236332621291 0.076664499972831
0.305354944183942 0.0666061282467231 -0.135646527526687 0.00705209674467341
0.217475708598342 0.296749730012556 -0.0872755448774906 -0.0383709296591435
-0.0292064034757545 0.317877597568209 -0.0696243567163533 -0.0582488734976683
-0.225119556251681 0.170888421987756 -0.0729594710145982 0.0121807675649055
-0.313971739183592 0.0197976218969604 -0.15745135573183 -0.00258434607281395
-0.39152378645012 -0.0422992994125899 -0.0610773032626925 -0.115012219129204
-0.34930844241893 0.159680035646416 0.0147391009226543 -0.0692126369099001
-0.0996288298608312 0.395890550547067 0.010874293700661 -0.173170312379158
0.240581219926143 0.384349059651568 -0.0851189346019934 -0.173894430352079
0.38074418493983 0.111762642746475 -0.157124092119284 -0.0440364086158712
0.33985187767831 -0.105731358050917 -0.142597647403625 0.0399189019831673
0.273720138877437 -0.277688569941103 -0.0811806436361354 0.0767490425631576
0.225838778575045 -0.308134112117376 -0.0366315471033504 0.0482934229608689
0.241620248414173 -0.305633798245508 -0.026984409943929 0.0540916392297472
0.331558997680742 -0.161709741959013 -0.0340185809685505 0.0287261455709435
0.370189474983801 0.0199848709109749 -0.0283524204600141 0.021188845247714
0.318328903430445 0.310650708277804 -0.026969225336742 0.0149352645871124
0.0221739126015432 0.401338537745892 -0.0551340703447287 -0.00340139878249125
-0.269989970351106 0.248300972499691 -0.0364742073047074 0.0423978018999872
-0.407492300043163 0.0382064596911213 -0.0502255938765302 0.0456403064028005
-0.39345444059265 -0.0732877456763499 0.0757129284395189 -0.0633901725922899
-0.368274854551202 0.11089047140951 0.0884150998286249 -0.0516648112492531
-0.156527310956909 0.374825240007636 0.0492226453082648 -0.119423464179043
0.182786784497142 0.415564035757709 -0.0133556630534941 -0.109271278715957
0.368646659202516 0.167411035471109 -0.0327142159966491 -0.0131169513701636
0.351008775593987 -0.0608854551598004 0.00192272876489644 -0.00479565198211511
0.290836409080985 -0.253617930986887 0.0334364807677617 -0.0234628450018132
0.231947677817449 -0.307033710641338 0.0563184618948361 -0.0691340241467254
0.234558423285619 -0.319757917671727 0.0708873265483373 -0.0590110914209984
0.31829473783296 -0.195642926739325 0.0723017299015559 -0.0484386893957422
0.373139908653469 -0.0233168368936958 0.0823991337488236 -0.00622919495386399
0.359185967273855 0.278721903559243 0.0536764753524546 0.0295310034866884
0.0649263900388961 0.419912414167789 -0.00726594103173046 0.0256972502603408
-0.273682925773025 0.289527875229021 0.0283668008304346 0.0500548238354608
-0.441877735149944 0.053291340199761 0.0797088128434036 0.0780457569569128
-0.335307617074705 -0.0838012870597811 0.182884246275626 0.00225184775130288
-0.318651140747268 0.0583077695361103 0.122502523078211 -0.0235877619136816
-0.165584533431839 0.288879450407564 0.0408136990791402 -0.0442143211148708
0.109534735371651 0.35656972094788 0.0203817621204128 -0.00851759053658767
0.291607371517145 0.174349228316828 0.0757937818283898 0.0533308832761879
0.295687465817811 -0.0198544719148468 0.142663282999752 -0.0190288339432662
0.255089080667209 -0.196546238551733 0.145475090765328 -0.106494908083715
0.203120703502106 -0.260636267763558 0.140497070107947 -0.173878133289149
0.203515911743901 -0.27902721969358 0.153258977193845 -0.169730175090581
0.269786604238489 -0.183956966221149 0.163278705572353 -0.129894413199337
0.322729999531774 -0.0403048364227707 0.175999460679264 -0.0478474522719752
0.327773151198591 0.228597847363079 0.125651240297675 0.021101369513322
0.0733138430787549 0.378293568102843 0.0479548055130787 0.0309797478117921
-0.250526810009987 0.275038560979756 0.10092283910475 0.0374481624903256
-0.412142887147034 0.0517829491540556 0.210668353115471 0.0963074436983263
-0.236101316750687 -0.0701817090321467 0.250984794468379 0.0597978053939047
-0.223641057530685 0.0295079757748372 0.123199252399999 -0.00327871726374172
-0.119779611444489 0.187076132619981 0.00292999389894625 0.0231142116307872
0.0636495072545247 0.234951145100638 0.0242151991673686 0.0886042352189951
0.18637919967948 0.121028884585892 0.15367004979956 0.118563689981513
0.190056809399118 -0.00116185396903801 0.251244678905107 -0.0224113189177197
0.170464603084214 -0.120626282651572 0.233724823424526 -0.168322984371008
0.141663524421019 -0.177404720874465 0.203101509407761 -0.25184383331045
0.148238049696816 -0.191644317338017 0.21721225676589 -0.257005980971475
0.193538799324236 -0.132448018173157 0.236253482538734 -0.191900267681473
0.23452148350607 -0.0306614521906498 0.247184935166802 -0.0785118919541546
0.243431346216015 0.167656865481741 0.177755610706241 0.0125604882432132
0.0544356347745148 0.287902218160723 0.0935274958242254 0.030387470428259
-0.199837300795321 0.20906131915168 0.160395653260808 0.0189323648915112
-0.318062245068774 0.0335177607699829 0.321261745190456 0.102534353801214
0.144911538534729 -0.0308174758293234 -0.400240345857263 -0.0358333232344667
0.0933594151636156 -0.134495503406209 -0.195369939987446 0.0710670630084808
-0.0369977273526353 -0.16345608807708 -0.0829337047692936 -0.0168295223575275
-0.14229270963666 -0.0780404131911124 -0.170263765852076 -0.0421984363833675
-0.127290198206049 0.0207077021824411 -0.291276187906359 0.0432303162987997
-0.0796604706539656 0.0557585011009514 -0.306867905669158 0.217909237496912
-0.06218544657709 0.0770789193343514 -0.248775948247708 0.316129181348408
-0.0557979481218768 0.0641179596759102 -0.222273272336141 0.312680952122141
-0.0599123779653884 0.0324361304757972 -0.285451063233467 0.235706819643867
-0.0606014358100053 -0.00384673497987524 -0.298620634523336 0.0714545857118581
-0.0506271435062151 -0.0352269408477733 -0.236184810093727 -0.110986788303792
-0.0255963882428174 -0.0699779551887012 -0.0721129654982525 -0.162222051509444
0.0410520213145611 -0.0633120011022933 0.0146689350025512 -0.112688640415637
0.0989298590177203 0.0143429929198316 -0.0642557764797658 -0.0613600361212998
0.115597255209309 0.0565206449711218 -0.250359265824843 -0.121363088426258
-0.0275601377356163 0.00203109909116088 -0.395544765979197 -0.0800093735967771
-0.00677205497968567 -0.00404316244102407 -0.198029826381995 0.0364219343281538
0.000929488365360751 7.1994307007787E-05 -0.106714085674702 -0.06495755191414
0.00296999486988806 0.0110887848466827 -0.202487920761142 -0.076768231727558
0.0162513365844861 -0.00593986104407205 -0.318973894170609 0.0421113654573676
0.0279298103055246 -0.0324860614377178 -0.329792837786376 0.222537271982871
0.0226541891202349 -0.0601995273344823 -0.259656973250332 0.31913233136425
0.0300048444081697 -0.0628319864146661 -0.22318633774383 0.305854715540837
0.0522856074681904 -0.0634845504035176 -0.276135228998437 0.242147943376808
0.0826272608992547 -0.0132442696572028 -0.293554477018252 0.0814673011424964
0.069447455215707 0.0390405974233535 -0.242741888994066 -0.094298045425693
0.0170886828867801 0.0862298521964218 -0.0892385934242341 -0.160234072995163
-0.0247176061821945 0.0573858518590069 -0.00267691437319507 -0.129618773301703
-0.0256733307846479 0.0399055249737076 -0.0651072698209663 -0.0481333500451626
-0.0326551715001055 0.0296889180767416 -0.259534599050538 -0.0966000805381305
-0.193832441651294 0.0140269736563712 -0.327013793622952 -0.11846143880097
-0.130549611269913 0.108728265296815 -0.157372634605419 -0.01381076953539
0.00986477092282351 0.175865929103833 -0.0987339251660487 -0.129381800024069
0.142015890913327 0.131967178739522 -0.205601559590697 -0.131293866601285
0.172033515519521 -0.00597410588494618 -0.315458924686618 0.0144613696981631
0.148250396200866 -0.102284306819199 -0.316613110908108 0.184651276642639
0.115828337974644 -0.180137457516216 -0.235273269758577 0.272100964933177
0.112446663287154 -0.179908024215967 -0.186296015460801 0.25465017063981
0.145937868543358 -0.162308461887484 -0.217370574415015 0.217141817948677
0.20875160880507 -0.0490479905412763 -0.237863225553114 0.093684068195232
0.197253398768477 0.073717825021866 -0.211966557192106 -0.0397757953520039
0.105945770661992 0.215632315203303 -0.107800768189372 -0.107869789668051
-0.0472118294965378 0.193710985745703 -0.0457137650566192 -0.108982396758762
-0.137870288851399 0.0957426505030986 -0.0768787369264551 -0.0217543254424993
-0.182232099837888 0.0193013410273194 -0.230248915918765 -0.0510973165575886
-0.324287061928727 0.000384936610563144 -0.209412903870551 -0.132595822036713
-0.256001971593981 0.172195983413544 -0.07958226096622 -0.0554921987030825
-0.0233500906938282 0.3258869797034 -0.0541781423077334 -0.175615689569904
0.235909651056008 0.270522841318407 -0.164998506450546 -0.17489119350775
0.31015933205299 0.0333463888349886 -0.262421980340408 -0.0228634777656213
0.262242958966486 -0.13168576287441 -0.254987260925693 0.116345663141647
0.204671249722801 -0.259366539857158 -0.174083212352596 0.184951259672529
0.17808615070371 -0.269212956811206 -0.120752262564093 0.1642031590991
0.207315732122116 -0.252028422535614 -0.126910465003305 0.153025634566156
0.295297211773373 -0.109299060760624 -0.143596243257586 0.0807863611915695
0.30886781170395 0.05851962855334 -0.13592889538297 0.0107056188497286
0.227079266163302 0.291361435039579 -0.0894827155180085 -0.0356447547757768
-0.0204622978543146 0.32020859710754 -0.0714240420070027 -0.0558387302910279
-0.22117817291841 0.177753669646836 -0.0729857876968739 0.0140777999679935
-0.314992750037891 0.0287642694590824 -0.158671800508765 0.00223247406609495
-0.395963108563926 -0.0312094632791824 -0.0653934033199603 -0.114706378927108
-0.346595307237626 0.170375095341057 0.0128512537922755 -0.0698406796801819
-0.0880429715732916 0.400847631824292 0.00624876968379321 -0.174046424865404
0.252426820633613 0.378612592034318 -0.0898658819036927 -0.172093093365181
0.386529044467944 0.101017820752392 -0.159282590031665 -0.0397127676238806
0.338689201424103 -0.115210772403224 -0.141950560431657 0.0446438435127753
0.267015963539311 -0.285916695960544 -0.0798115362207213 0.0787860250582795
0.21773848024094 -0.316296817983148 -0.0357106724137033 0.0491473897196991
0.232466380447379 -0.312851522782563 -0.0259351700391499 0.055285061768822
0.329379335275479 -0.1719551926827 -0.033552678798557 0.0299139859896145
0.372166457236011 0.0101510297345078 -0.0284371374931026 0.0218754341472087
0.328760808384205 0.302960615490093 -0.0274684581387739 0.0161443927245718
0.0333874181579898 0.402747878811098 -0.0558223942944718 -0.0012372334484924
-0.264642028024331 0.256894391915809 -0.0355994587689619 0.043259377297312
-0.408003580391875 0.0495183647235307 -0.0493143191703209 0.0474582461651696
-0.397841988425121 -0.0613664379177079 0.074207877926203 -0.0666718956168098
-0.367311239690625 0.121784061351345 0.0868965132465732 -0.0545335294687867
-0.145077208421721 0.380748967391259 0.0457409642839498 -0.121269009260792
0.196277500828872 0.412276446561987 -0.0168545027818902 -0.109797549778108
0.375878797643865 0.15745942391058 -0.0335252662083327 -0.0124211834260861
0.350809770936868 -0.0709373841366924 0.00144124039400931 -0.00406238632622579
0.284560400990871 -0.263249738667074 0.0321598886851098 -0.0243089335619231
0.223870610568803 -0.314556711888107 0.0541941578811377 -0.0708277428238318
0.22692065324846 -0.326871615515618 0.0690845872756858 -0.0617092312094782
0.314297637380563 -0.204318678073525 0.0713082782302003 -0.0507304524999745
0.373754330823628 -0.0338185717941581 0.0820847836771356 -0.0080939313362733
0.368362096447642 0.269375274377305 0.0540700982940699 0.0287541389355756
0.0762636850680508 0.420630811260447 -0.00644340188630419 0.0265874489818954
-0.267473309010084 0.29822081006818 0.0300479017038588 0.0494781631868995
-0.442025836461614 0.0657758300597198 0.0820920022965657 0.0756603365164737
-0.339887886097927 -0.0742599286323967 0.184255147258026 -0.00403513675043216
-0.319123322012012 0.0677818330216366 0.122282134120723 -0.0268369410473627
-0.158277161111649 0.295572751870407 0.0400669427062838 -0.04572737779412
0.121476661253105 0.354145417542001 0.0201630557859984 -0.00922225526426656
0.29809378021057 0.166476567741264 0.0772541729611286 0.0508990060928723
0.296422173073134 -0.0275426240669696 0.142737691226214 -0.0227966232724479
0.250661805445736 -0.203804355454572 0.142706959486169 -0.110663403871657
0.196800133417998 -0.267686601649412 0.135719992480724 -0.178402692437385
0.196107069186972 -0.285639600568908 0.149963760019886 -0.174582595063136
0.265624412641698 -0.191113631258794 0.160658626485157 -0.134394342204447
0.323619345075106 -0.0495505589740724 0.17501179343788 -0.0527883560586713
0.336130338760434 0.220327597254699 0.126336711930195 0.0177816155255489
0.0842728224953582 0.378105924214383 0.0487903915841409 0.0300922472113316
-0.244436390906076 0.28283634205071 0.102256905340351 0.0346689267403454
-0.412323544541148 0.0632580170597854 0.214694390625112 0.0901466465240972
-0.239826868261106 -0.0629824742670433 0.255014078881193 0.051841314133963
-0.223637794908415 0.0365558504949495 0.123506231558494 -0.0071647564666028
-0.114660412983557 0.191397939007322 0.00354962217545489 0.0224162065272515
0.071235775397203 0.233963806342357 0.0261302598972416 0.087884607386301
0.191128401407244 0.115523576171791 0.157178907257371 0.114562663322689
0.191517860569823 -0.00658607996221126 0.25183221086009 -0.029024717438736
0.167742323304796 -0.125490749143858 0.229019959113392 -0.175677380724645
0.13714317342044 -0.182326540612503 0.196525296208173 -0.258521619139504
0.143765772829048 -0.196342283909955 0.211108358231966 -0.264203585022573
0.190332686100922 -0.138271018348083 0.231777742370638 -0.198881754169256
0.235244652574535 -0.0369972871567725 0.24554644869933 -0.085661791884539
0.249339524041522 0.161562865043598 0.178406391362238 0.0085393621582469
0.0626634495808701 0.28770205803313 0.0950289529500193 0.0280967277609256
-0.195969686998088 0.215393735825487 0.161962862075472 0.0148289756930975
-0.318541097936468 0.0424315388030454 0.326321608620198 0.0937956789789758
0.144762098333243 -0.0348724673604513 -0.403738965893539 -0.0250263088450594
0.0895742924949955 -0.137527542440783 -0.192922280768636 0.0760777147341367
-0.0414193141598084 -0.163372560035004 -0.0833151401630433 -0.0144386464784941
-0.145154372186589 -0.0742679610640169 -0.170891031831468 -0.0375188235672091
-0.127758582865046 0.0246646821641357 -0.290100920465538 0.0513049433105206
-0.0785610981542493 0.0576932142426115 -0.301488196851342 0.226257145578004
-0.0596924343280089 0.0780651313128622 -0.239975517864471 0.322596877380984
-0.0535328259741503 0.0657685231024417 -0.214467498038857 0.318336526185443
-0.0594876286983895 0.0343080325145009 -0.279129834580174 0.243622277600921
-0.0609417197613525 -0.00178177484931605 -0.296741197630302 0.0791704501918645
-0.0520683961080719 -0.0333240909677297 -0.239453845154114 -0.105221049329355
-0.0278661494092149 -0.0693469965857327 -0.0759689870749616 -0.160513093325642
0.0393715248789843 -0.0646984148283628 0.0108972600452029 -0.112882407630807
0.099878421435731 0.0117184261230818 -0.0663346644698583 -0.0590964448581129
0.117417629509322 0.0536998870964946 -0.255580291462453 -0.114221858547237
-0.0275037737260172 0.00307591010128534 -0.398629656809061 -0.0701395827709363
-0.00701507604812902 -0.00422860373647839 -0.197256775405569 0.0412907800069628
0.00104926821637393 -0.000215299629063941 -0.108084975113098 -0.0625817978813372
0.00284507555971706 0.0104971981165318 -0.204960556638218 -0.0713545832877183
0.0158076414447683 -0.00650460226799087 -0.319125369536209 0.0501408580103587
0.0269695444601038 -0.0332192719526128 -0.324302735054869 0.231740705732729
0.020870416696991 -0.0610352230107202 -0.25072610803676 0.32658702415863
0.0285398510109769 -0.0636979900498064 -0.214466112767463 0.312016969256349
0.0501643380684528 -0.0643221998090522 -0.268988583967519 0.249194090733836
0.0829474589486738 -0.0154520490183841 -0.292222307561788 0.0886750326310335
0.0701741703941696 0.0371639840686585 -0.245025153197726 -0.0876810716706942
0.0194558368538041 0.0853087225519078 -0.0936099229148399 -0.15782228995138
-0.0239145558600667 0.0580665860164951 -0.00653985192141597 -0.12929832010657
-0.0243933563327496 0.0404008593038309 -0.0668096243370839 -0.0460595982099481
-0.0311240861559838 0.0310793790399587 -0.263265210509377 -0.0894557808245248
-0.19441072549898 0.0198106163421911 -0.331736682075825 -0.110563688172405
-0.127963894818826 0.112191228199122 -0.158415255410474 -0.00941391908576851
0.0151628252496254 0.175481804266097 -0.102177298577063 -0.127032087857511
0.145892128651565 0.127722248532294 -0.209235049861926 -0.126387487221348
0.17258471091971 -0.0101992035186186 -0.315874862042311 0.0222265464602846
0.145751477517295 -0.106300311249923 -0.311408114137058 0.193364946889148
0.11100491028935 -0.183514436635931 -0.228585639016351 0.278516188751736
0.107790983217332 -0.182246391648819 -0.180084537085906 0.259427016524683
0.141903587657741 -0.165841270259983 -0.211913247625896 0.222813167306198
0.207525573856849 -0.0534610157888965 -0.234894664504847 0.0996447960635373
0.198637740587917 0.0686379669330072 -0.213607923691042 -0.0340311028957483
0.112618800404482 0.21367416043348 -0.110763785556836 -0.1053058398189
-0.0419232925623473 0.195579092659152 -0.0488932107253845 -0.107425278421664
-0.13551151828849 0.0998382973563224 -0.0774731768074344 -0.0199323749079068
-0.182250111260298 0.0245574949879522 -0.232865990877199 -0.0442182676676855
-0.325825566272622 0.0101212376441217 -0.213973518520051 -0.127878606421512
-0.25276171673258 0.179767360327651 -0.0812372843152345 -0.0537297846449928
-0.0142138886006385 0.32808731466141 -0.0593292827276311 -0.174688264307277
0.244391024368084 0.26353459118955 -0.169536971875155 -0.171530245556898
0.31226178178039 0.0252142363830138 -0.263840718156446 -0.016289243500619
0.259252988225317 -0.138746818919557 -0.251434886030213 0.124514124451393
0.197951004846773 -0.265212321502407 -0.16927918127721 0.188726780866823
0.171655293216138 -0.273491100894443 -0.11616919669963 0.166866328381875
0.200984038238951 -0.257773783799643 -0.122247822512496 0.156291979493248
0.292366790242569 -0.116600210278078 -0.141965810901202 0.0849105643184587
0.310726660029991 0.0500710964683817 -0.135644655307277 0.0147662772313897
0.234865123783723 0.285344565190009 -0.0904670503697641 -0.0325126142676619
-0.0117711352389084 0.322254193801518 -0.0733648292020055 -0.0537438611047408
-0.217072869247787 0.184010099806728 -0.0729857001354865 0.016464635653175
-0.315100074044249 0.0383047406864657 -0.15874373239134 0.00640407987104675
-0.398149451461456 -0.0200454074677804 -0.0683200586608756 -0.113784354631611
-0.343034838137106 0.180624201086302 0.0112203008926114 -0.0699609374915925
-0.0768371030083418 0.404258841531587 0.00170150167096878 -0.175070206908377
0.263732556419415 0.372914691816513 -0.095013878590204 -0.170939477268887
0.390959023082596 0.0908182599481219 -0.160541664861221 -0.0360107065262363
0.335795894127916 -0.124658542290759 -0.140932989101875 0.0494423100594033
0.259292323124152 -0.293753815909642 -0.0781208070642766 0.0812835953330295
0.209944031632643 -0.321634495139751 -0.0348939019994776 0.0499506610963921
0.225484760639457 -0.318998345565247 -0.0239473798857881 0.0556615711254803
0.324798905278922 -0.180025311217476 -0.0325413903676512 0.0310693834959688
0.373912761847655 0.000225952758727551 -0.0276095223714864 0.022811381196286
0.338321332411853 0.294502371491199 -0.0265499376923449 0.017851193511299
0.0437549805943592 0.402629490599438 -0.056016459430477 0.000308801006624876
-0.258499388531606 0.264078866613105 -0.0346975823113369 0.0447712259551757
-0.407620969313136 0.0622441361363043 -0.0480087597111417 0.0484083442245702
-0.401975686552852 -0.0502418537785731 0.0723780575668013 -0.0700052615190212
-0.365028064899358 0.133537021771744 0.085758453529311 -0.056762554478539
-0.134828885131906 0.385739664922545 0.0426016122459058 -0.122756774097922
0.208289075706618 0.407211937273462 -0.0198321621733668 -0.109411235367193
0.382551154139924 0.147869324823565 -0.0339482544956988 -0.0119589453555262
0.350640946639963 -0.0801991939957323 0.00140494488391488 -0.00333952930741873
0.278586257109013 -0.270346283572057 0.0313933866259601 -0.0252966694202763
0.215367683887004 -0.320903663411969 0.0519115406327247 -0.0727859713811573
0.217724184486695 -0.33328356546732 0.0675521575295041 -0.0636738965137728
0.309104172868783 -0.2124863416937 0.0696879482671836 -0.0524171397339938
0.373955320495801 -0.0441507716067266 0.0816128042974127 -0.0098382403190679
0.376739171207797 0.260172151359865 0.0546487362718327 0.0285134756348621
0.0877994679580047 0.419024208685477 -0.0062133919714103 0.027088825095503
-0.260458212445552 0.305327567293709 0.0310144157561565 0.0487162103831583
-0.441538216536177 0.0779684646599545 0.0846901912396701 0.0736171084148949
-0.344168065388447 -0.0641889275294031 0.184950415619949 -0.00969724780495214
-0.317502690504549 0.0764112494263497 0.120947023825894 -0.029865505925203
-0.149726709989523 0.300278873148065 0.0382620340393317 -0.0470094631477359
0.131426240551024 0.351968009554013 0.0192626677551384 -0.0101838021156351
0.304309152831186 0.158214277980346 0.0787451796931341 0.0494673303343577
0.297144492124191 -0.0359798675409531 0.141865688412499 -0.0260776995074718
0.244693822967384 -0.209941538738777 0.13944384348232 -0.114543451969561
0.189005734824617 -0.273283403209074 0.131030388238197 -0.182149259370056
0.18819608061017 -0.291524886104262 0.145097439961476 -0.178702191225484
0.261044401759581 -0.198896088110891 0.156933242747046 -0.138826890643375
0.323240991093373 -0.0579709156106466 0.173629690944814 -0.0575194613240285
0.342568612271956 0.210701437528786 0.126735448888525 0.0156183656498368
0.094822535863042 0.376735377209959 0.0490624170455953 0.0289576623349297
-0.237743511820312 0.289890267703597 0.103882712106639 0.0321134464472571
-0.411382229419807 0.0750008437067048 0.218075288334165 0.0839712822569419
-0.24219389688171 -0.0557156615057333 0.257511638639865 0.044318886951002
-0.223372305041312 0.0427195836189665 0.123533214754927 -0.0106843861855843
-0.108444710583558 0.195505811888873 0.0036574041507869 0.0220555111581903
0.0788024053741622 0.232803669879829 0.0271916059191783 0.0867619308215373
0.195411856474677 0.110147815169491 0.160668802937273 0.110850042667182
0.192217473773759 -0.0117222658410798 0.251427332416923 -0.0355398811360617
0.164484138060161 -0.129865193104038 0.224311441708105 -0.180987366044664
0.13135548562138 -0.186725272094038 0.189350678646204 -0.264201906217378
0.138051192300742 -0.200694647994018 0.203909468403867 -0.270452750166315
0.187019852077287 -0.143015362689374 0.226969316818915 -0.205657073794388
0.234442506792904 -0.043415665306226 0.243372777913517 -0.0927870831312676
0.254047869383173 0.154752149002372 0.179420625615407 0.00470767639943665
0.070560202394324 0.287143980652611 0.0960056315401757 0.0258241756154491
-0.190633711642468 0.220834817588545 0.162489126369844 0.0101865988650585
-0.317828488746574 0.0512305906072286 0.331113858334015 0.0842612248405424
0.14412571902366 -0.0383750858504671 -0.404671734872037 -0.0147386244198462
0.0863029143182732 -0.139721296557476 -0.190672743681527 0.0807551760443507
-0.0467712167990026 -0.162395961880623 -0.0830827125618312 -0.0127866504736338
-0.147266740473403 -0.0706813372995203 -0.171782270552323 -0.0339113117741162
-0.127300771739366 0.0277740321335012 -0.288864427694227 0.0581691727705235
-0.0771314342486096 0.0594703949973555 -0.294521907218901 0.233834764000636
-0.057825743551221 0.079124177918716 -0.230646970667911 0.328746991978673
-0.0519359183300349 0.0672276754180781 -0.204592337360827 0.324016375209522
-0.058186531761204 0.0359087635214654 -0.272176129749698 0.250210966620399
-0.0609392289092509 -0.000336176652570339 -0.294249651350933 0.0866204416910971
-0.053260565640452 -0.0320103733476064 -0.24182428516374 -0.099096234397785
-0.030101767934626 -0.0684812820993252 -0.0798323656309923 -0.158387180978769
0.0374277276158218 -0.0655880588309481 0.00815579978113606 -0.112736495978043
0.10044698670995 0.00883212668213361 -0.0684558302118874 -0.0572711281355932
0.118627197342008 0.0504534841864367 -0.258515046473381 -0.10691818574201
-0.0273396115116525 0.0041651442089937 -0.401255380892341 -0.0607567330795423
-0.00733704393071255 -0.00417430261683507 -0.195944560419056 0.0464730308605735
0.000370607006170383 -0.000276526911537069 -0.109714170100613 -0.0602739990540978
0.00304647157783533 0.0108527476518986 -0.20672316152619 -0.066729458503767
0.0156764607876026 -0.00653993139512468 -0.317636036763069 0.0579356020019147
0.0257797175415702 -0.0339487223457914 -0.3171341852135 0.239694216836845
0.0196580442190351 -0.0619071741349215 -0.24186186223208 0.332758119452365
0.0270539071274904 -0.0640208311915752 -0.205917675249858 0.316522478145183
0.0488721169599573 -0.0651033889552502 -0.261660323618786 0.255867450225963
0.0823926513316455 -0.017435132025825 -0.289290063625741 0.0956807511940511
0.0708752794675181 0.0354458225833882 -0.247011672117627 -0.0818463352607087
0.02134872033905 0.0848907845418602 -0.0973480536432507 -0.155639133813711
-0.0224274694333074 0.059044195284687 -0.00914178461848881 -0.128599581299284
-0.0237911881884905 0.0407884531382203 -0.0686522672316694 -0.0436564191557661
-0.030631475567274 0.0318475628065126 -0.266308012482054 -0.0819495386395631
-0.194073936028976 0.025319843417499 -0.335768747732727 -0.103519090396192
-0.125447721425013 0.115676018349955 -0.158260348946925 -0.00541983031382366
0.0193360992888514 0.175359442251747 -0.10580444035353 -0.124274047977272
0.14984017063155 0.123672080025473 -0.21254879305517 -0.121300779241295
0.172103591391257 -0.014851671510442 -0.315240588808776 0.0302183775759879
0.142962068199253 -0.108995901681555 -0.306272765821639 0.201261335146716
0.106302384177716 -0.186108896303394 -0.221853473812023 0.283893378700028
0.103216947594807 -0.185196023843944 -0.173018695727371 0.263106994273711
0.137540520536466 -0.169559598181179 -0.205338800430482 0.228223141359459
0.206162209674453 -0.0593722490106205 -0.232853335961058 0.105516671064265
0.20071087894244 0.063659973149973 -0.214216724466167 -0.0287827856873744
0.118267206190364 0.209787227209078 -0.113586483744249 -0.102283226021916
-0.0370810622107283 0.196332482613974 -0.051889296036553 -0.10643227464331
-0.133588364477205 0.103320916647388 -0.0779746725511404 -0.0174046752106471
-0.181886649184599 0.0289937685202408 -0.234235086973161 -0.0377314290249778
-0.326327464446363 0.0185497836043346 -0.217612147626665 -0.123289052640404
-0.248256743562704 0.186523360331116 -0.0828845226446425 -0.05139212288841
-0.00558294360766066 0.327660539482552 -0.0637646582616723 -0.173178974007348
0.25162543594623 0.257360621754871 -0.17367477239863 -0.167983763069203
0.312993776313143 0.0171799756660844 -0.26441096190322 -0.0101400651123942
0.255793355382157 -0.144821834161594 -0.248095447533913 0.130819518060837
0.190838179500981 -0.269553710677021 -0.164486169432396 0.19374927264338
0.164162098137054 -0.277859588423818 -0.112272856171003 0.169549070262807
0.19398560098448 -0.261899945681923 -0.118802717849565 0.159157155235218
0.290096551503128 -0.124366793063493 -0.140035831746762 0.088141635050174
0.311971147303288 0.0423555076692237 -0.135656744818692 0.0184069209912295
0.24220230529298 0.279725282518275 -0.0912506680912728 -0.030381919252984
-0.00340968806511465 0.322047164112038 -0.0751152589330409 -0.0515450369092874
-0.212664845291607 0.189149159526587 -0.0727848980273389 0.0184949038579981
-0.31409047448771 0.0469503165683769 -0.159186348898767 0.0109349891025834
-0.400567522782015 -0.00900951227262282 -0.0718551695401559 -0.113310952115649
-0.339043002737115 0.189180667971843 0.00915744071411229 -0.0703323200419213
-0.0665961413477701 0.406218505561678 -0.00260544469790569 -0.174701534339786
0.273763643190518 0.365786381024161 -0.099031058108643 -0.168993475902674
0.39316614596611 0.0802563759215585 -0.161918080976143 -0.0319370825540859
0.333585798264994 -0.132624967112288 -0.139428116021109 0.0533468197392626
0.252588326265103 -0.299601642128854 -0.0762725622847872 0.0828620047139857
0.201010006527119 -0.327116201876343 -0.0334368147372438 0.0507340313163407
0.216897795025809 -0.323810317949587 -0.0222204864315594 0.0558784604196761
0.320521196288002 -0.188051630091692 -0.031546485408492 0.0317986760554745
0.373727500624044 -0.00967622809214781 -0.0273629593249439 0.0236866008118418
0.345659838995142 0.28511253141766 -0.0265937865918704 0.0185212819813844
0.0539422245053887 0.401623405784272 -0.0560542692337853 0.00233492792289688
-0.25132733216226 0.270493119629923 -0.0337360254493151 0.0457569100297887
-0.4057220490403 0.0716207640636535 -0.046900634719757 0.0493715684974457
-0.403317544114487 -0.0396704213313624 0.0705888950089861 -0.0724594365533187
-0.361773292463837 0.142410819412172 0.0836705648553534 -0.0587342247498548
-0.125217290771146 0.39051168752552 0.039726672591877 -0.124290662696805
0.219829528539403 0.402060510547896 -0.0226940934037632 -0.109639499048362
0.386497177065076 0.13718634750077 -0.0341592159464084 -0.0109945912486058
0.348859663391098 -0.0891365804645654 0.00124955094908983 -0.00301083529203775
0.271346888425961 -0.277158095153011 0.0299435966083493 -0.026274188532522
0.20649353759129 -0.32597586842995 0.0498072320657696 -0.0740878069893992
0.208820487246462 -0.337771729462176 0.0661944566161966 -0.0652945508372792
0.304504804016734 -0.219627100414175 0.0683068630287344 -0.0540415841620735
0.372341339160009 -0.0530199258789358 0.0812250347158028 -0.0117013561932686
0.382927577621009 0.249837754839738 0.0550635907134974 0.0280585191490593
0.0986131731828739 0.417309117763436 -0.00590110981105458 0.0274669810790833
-0.253355192697015 0.312047377850062 0.0321610068513275 0.048165488793954
-0.439113394887365 0.0896838710333204 0.0868696322382656 0.0708507693288044
-0.345880627041241 -0.0553740604837831 0.184197614995213 -0.0155469125052155
-0.315879880338109 0.0854119271545524 0.120187645987247 -0.0335421525308007
-0.141285104496816 0.305137869995983 0.0366589358771378 -0.0486282237656054
0.141389668488595 0.348961241220098 0.0187097754078133 -0.0113145597591092
0.309502261763056 0.150153685156123 0.0798447602320421 0.0468019060943887
0.29711232295821 -0.0429690647207298 0.141239985571335 -0.0294301787743371
0.240085632415945 -0.215464835296916 0.135612225706888 -0.117793818519675
0.181876332407955 -0.278633683719104 0.125639460704987 -0.185349376449782
0.180281897630208 -0.296467005694584 0.14018540460379 -0.18172503798444
0.256264211968607 -0.205322766999523 0.153582695745918 -0.142542160452217
0.321495098848811 -0.0666173612367314 0.171551887421059 -0.0609599839536731
0.348293456451029 0.202639257865537 0.127190102561241 0.0132540705367752
0.104578829262801 0.374242858865626 0.049845729510042 0.0278439246593713
-0.23097844579765 0.296056810767852 0.104371624226557 0.0291139457221347
-0.409082362956378 0.0855123547173849 0.220958444778328 0.0781603274901834
-0.244428157979734 -0.0490939849712711 0.259061425144272 0.0375609065070286
-0.222158843009586 0.0485062596830587 0.123129736169104 -0.013692031400331
-0.103440863056966 0.198553334815692 0.00431867989100917 0.0208945815124833
0.0854210210593516 0.230262304481749 0.0292449979314041 0.0857813985810152
0.198703190367709 0.104202455383347 0.163415821572444 0.106104439964524
0.192043423418984 -0.0168793823665506 0.249567609586811 -0.0411352523834732
0.161548628062171 -0.133606951418138 0.219528892334373 -0.186866485222237
0.126278751552311 -0.18995553223525 0.182562150252409 -0.26822200917879
0.132711045604321 -0.204910905533046 0.196448830634953 -0.274897659600519
0.183785841008481 -0.148021090381991 0.221254173739798 -0.210686932635851
0.233678475523006 -0.0491098117814985 0.24008296307647 -0.0983969794108868
0.258362339079651 0.147607165754509 0.178729780375059 -0.000155810322769808
0.0779969293209082 0.285104937551792 0.0957485031086533 0.0238506363977238
-0.18561187248707 0.225616987750127 0.162960339060853 0.00604477680054938
-0.316791473256156 0.059988463898927 0.333546700858801 0.0759912221326577
0.144239564947815 -0.0415673802554154 -0.405056405568363 -0.00525829370878166
0.0829383869115365 -0.141892168275864 -0.188440734552937 0.085327041216432
-0.0503165573220103 -0.161150999043539 -0.0823833772518844 -0.0111725262437437
-0.149127439461186 -0.0673348858631463 -0.172062535746198 -0.0302830247302343
-0.126341941040101 0.0310120843084351 -0.287471022943571 0.0649717158633247
-0.0759516187110295 0.0610451201081595 -0.288528093682774 0.240072529238195
-0.0556288775548378 0.0801121649985117 -0.221704866630306 0.333279036581848
-0.0498379665715209 0.0685474675867364 -0.197184744780555 0.327279389307214
-0.0570356849319069 0.0380898418148415 -0.265528050114478 0.255362574655272
-0.0611566453280493 0.00100191768972273 -0.291595720584968 0.0932333187787746
-0.0545931039353534 -0.0310860541259899 -0.24297012964718 -0.0934312198069192
-0.0321142718493431 -0.0676651345169292 -0.0828270982397759 -0.156471586857664
0.0356453002746268 -0.0666437420336978 0.00575637624170011 -0.112579989132674
0.100412541489974 0.00650413225677676 -0.0700768951334711 -0.0547297390593188
0.119545401103471 0.0476010621833258 -0.26198509851147 -0.0995416270861972
-0.0268404254806837 0.00506029116871169 -0.403851344162314 -0.0520687555170027
-0.00765445417084085 -0.00356819218521404 -0.194153170497579 0.0505034090348406
0.000485646570955496 -0.000430677616788123 -0.11058495752709 -0.0575907595977826
0.0030674070683817 0.0106916318059202 -0.207410009036904 -0.0629057863810802
0.0153411730249351 -0.00710042339664903 -0.316019331996231 0.0641778178819786
0.0247272067478351 -0.0343806645941104 -0.311180009410376 0.246942714481366
0.0182614218404175 -0.0622380548457398 -0.233034050331203 0.337453542924151
0.0254632276080809 -0.0641463224152268 -0.198288684760431 0.321072942572838
0.0468877889183957 -0.0657380338512824 -0.25458166498323 0.261531280827628
0.0818904310063345 -0.0192398938484583 -0.286188707613119 0.101842451481794
0.0710782050013977 0.0337378653569369 -0.248621624418949 -0.0767178644124406
0.0227222485618547 0.084391307193937 -0.100528504603011 -0.153027573541338
-0.0210166041098304 0.0596230259445229 -0.0121684072272316 -0.128270541023085
-0.0225153994416788 0.0412232530348535 -0.0699985924258046 -0.0414780284488885
-0.0297675280037075 0.0322865233515614 -0.268823344530276 -0.0740021513469925
-0.193217288451164 0.0303742272574452 -0.338577501421123 -0.0960307084408634
-0.123080979520973 0.118733575240202 -0.157580857195882 -0.00197174408140189
0.0239073259325263 0.174350631988128 -0.107981328178874 -0.12157001668689
0.152165989995926 0.120207787544438 -0.214838447993009 -0.117128061235387
0.172077920985193 -0.0188078161696288 -0.314112236700017 0.0372783512885239
0.140422347798296 -0.112051935631785 -0.300895451233861 0.209031667816868
0.101716760323923 -0.187982240360915 -0.213622288277439 0.288415523630614
0.098035299168967 -0.187049758767701 -0.166633476627641 0.266817841576896
0.133051995907808 -0.171535785908657 -0.198670819492895 0.231827683000848
0.205007839137334 -0.0633064626303335 -0.230022705089754 0.110065447379793
0.20173602608488 0.0587223888100246 -0.21411437599821 -0.023309994610259
0.122653839027527 0.206693959458569 -0.115092647421865 -0.0993794425090588
-0.0330199622611443 0.197190899506065 -0.054157226864479 -0.104547635792634
-0.131051554185123 0.106099237079748 -0.0788867711280938 -0.0151069799819559
-0.180771479198539 0.0341630554873568 -0.235147117251311 -0.0321978827534549
-0.326127216880065 0.0274313153583898 -0.221277026710323 -0.119030076057633
-0.24420557943083 0.192427428291975 -0.0837693669364979 -0.0492592917700402
0.00234083018028101 0.327776545059786 -0.067391209841478 -0.172100842833823
0.257164152695445 0.250752230550687 -0.178011564119736 -0.164361877138978
0.313735281066373 0.00972193683695 -0.264021938121515 -0.00440168982832836
0.252527543423378 -0.150214092927982 -0.244554678700501 0.136441600197446
0.184450062509601 -0.272691355654854 -0.15940288604823 0.196424903023234
0.157366679919646 -0.280620834748139 -0.108087775664687 0.171539597110536
0.18787215224878 -0.265107480876222 -0.113516768696728 0.161129007179308
0.286390787495205 -0.130143335641051 -0.137027092372282 0.0912032867654849
0.312853600641757 0.0352561892920779 -0.135309708572218 0.0209544747904876
0.248228859810491 0.271928016620641 -0.0924862121857138 -0.0273775890421424
0.00423176688814632 0.321960241409016 -0.0761792318695693 -0.0499578973952748
-0.208169531823374 0.194097886920799 -0.0725127542356858 0.0198204874183147
-0.312356849536166 0.0545093592538887 -0.158766123814069 0.014262874073208
-0.400344495489867 0.00176252328511822 -0.0750692990142402 -0.112299562209707
-0.334683781513952 0.197935642160375 0.00727451250026882 -0.070000890812852
-0.0561227407895065 0.407812216462785 -0.00715137573662944 -0.174780402623077
0.282611192297056 0.35904944034764 -0.102781071393028 -0.166990426382084
0.395321290199696 0.0708967938452482 -0.162377868765777 -0.0280470232005958
0.330522949755765 -0.139989229996737 -0.137634926308214 0.0566320090731149
0.244118192826322 -0.303970268762711 -0.0745437383765523 0.0839592003320216
0.19353754827149 -0.330535489514922 -0.0326387532707715 0.0509249097292075
0.208852450584817 -0.327726127354141 -0.0203782151991904 0.0561425269964846
0.315075543054078 -0.194122904616004 -0.0309092626941179 0.0325308987945954
0.373342780287928 -0.0178815566357871 -0.0269976783903717 0.0246969037037515
0.351319909840504 0.277462109364499 -0.0260257220889956 0.0203270431650736
0.0632213917459381 0.399842293324234 -0.056470202494322 0.00337697253534204
-0.245434059833102 0.275471323934902 -0.0330467984730844 0.0460918004602682
-0.403415941133345 0.0819613266610028 -0.0456727591290736 0.0499441989179832
-0.404328790963512 -0.0284553986103243 0.068450528509662 -0.0747145063199788
-0.358151100458592 0.151214366079535 0.0823248114049978 -0.0604467202279083
-0.11496592274265 0.392766038798401 0.0368090812719455 -0.12532383605023
0.228982535574044 0.3970488710194 -0.0251023612568028 -0.109448108675777
0.389483626764675 0.128249538730512 -0.0345824240679817 -0.0103093025289757
0.346673171055129 -0.0965644542188021 0.00127177885011529 -0.00250147855639465
0.264616011842844 -0.282112768208257 0.0286862386417876 -0.0265259250620584
0.198861438092288 -0.329715746281169 0.0476888663787565 -0.0751825073032181
0.200254119479373 -0.341485836998413 0.0645641577654414 -0.066958154892307
0.298294362471267 -0.225758460971836 0.0670674749705106 -0.0550955574938222
0.370969822376867 -0.0613378189074599 0.080565924286663 -0.0130267983905387
0.388851255199833 0.241111946080737 0.0555039528266614 0.0272877553645999
0.107617558351543 0.414388617491262 -0.00581096836566464 0.0284566551256955
-0.246419267100646 0.317120160529157 0.0329856230194907 0.0473153119579321
-0.435978594218915 0.100008186312025 0.0886032052164676 0.0685221021900285
-0.347562553497624 -0.0458494268418515 0.183894654287956 -0.0204016252755508
-0.313847827287994 0.0922080901878942 0.118533580653057 -0.0355625045194388
-0.13337561969951 0.308082321744004 0.0364240367820553 -0.0493311207374185
0.150169892710297 0.345039258960112 0.0183919167554342 -0.0117931812448956
0.312543930674969 0.142348168009659 0.0806930347469006 0.045026634370283
0.296400918624209 -0.0507965750658135 0.140656357291652 -0.0317601204657035
0.235023426492774 -0.220673477628337 0.132177371322813 -0.120087588759626
0.174614846043985 -0.281718684660431 0.120847259581345 -0.187727179300628
0.17394081289143 -0.298881966764828 0.135876160511951 -0.185029829582572
0.251305946236405 -0.210003048298716 0.149705920005237 -0.145353708170216
0.320042669322987 -0.073060613174392 0.169550698358906 -0.0652180647747826
0.351866444196536 0.193766784392536 0.126830471948574 0.0110752246830939
0.1122950866509 0.371450281855922 0.0498555063119861 0.0273357543274673
-0.224549304426686 0.300777007346632 0.105022352589748 0.0267754140547111
-0.407024429140474 0.0947751343483077 0.223037310165429 0.0725758685044296
-0.244782914197191 -0.0423988234484294 0.259823316160574 0.0299300317615208
-0.220070402551949 0.0539897087382481 0.122648602681348 -0.0167202591221402
-0.0978698400966293 0.200556393293939 0.00456008802563713 0.0203819730305799
0.0909881503761535 0.228264542842349 0.0305395611524174 0.084546477311976
0.201065732648722 0.0986364716594325 0.165418741250535 0.102608193464727
0.192531423289915 -0.0213549059568107 0.248213565715342 -0.0468257605517043
0.158282697553945 -0.136637716567037 0.21391583106452 -0.191499085856089
0.120652402259023 -0.192612608022671 0.175901514144773 -0.271562738256942
0.127294643242959 -0.207138755456463 0.189678635710986 -0.278195981575476
0.179270435726294 -0.15168301008695 0.216039658477374 -0.215120282007298
0.231959237879579 -0.0549328147488551 0.237585437647033 -0.103210450562332
0.260871952625954 0.141430511377888 0.178541085111223 -0.0027149578601512
0.0838906066637851 0.28237871384001 0.0962860328982706 0.0218997757238291
-0.180659985400733 0.229715006023643 0.163203653228771 0.00208572717553199
-0.31456815506024 0.0668081792312081 0.335642801419024 0.0672485231655623
0.142913936732042 -0.0442850859708817 -0.404660554590785 0.00332098923467865
0.0803453197345751 -0.142975699871891 -0.185574964739885 0.0880196805387792
-0.0536455350605749 -0.160220994375058 -0.0825370247029929 -0.00978533058363064
-0.150082618816356 -0.0639334947397489 -0.171915134349026 -0.0271341891343801
-0.126133389949817 0.0340475471776339 -0.285837156161619 0.0693919839481549
-0.0746305216452301 0.0626813944922277 -0.282752134416104 0.244669826879621
-0.0539245088982159 0.0804873073210489 -0.213251877947266 0.335829213808698
-0.048253058140425 0.0693606351725233 -0.189318249021178 0.330359048754373
-0.0562627424957121 0.038793704706153 -0.258256030962693 0.260280676527417
-0.0612901225021195 0.00262538536060291 -0.288057752538517 0.0984713847764206
-0.0553726644368689 -0.0295781359296744 -0.244588887786996 -0.0880333532952098
-0.0332527689741352 -0.0665457425089667 -0.0854982524848413 -0.154771644096421
0.034372674218113 -0.067453459999794 0.00345752474913957 -0.111907269885388
0.100851564173851 0.0045173887124003 -0.0714950969202751 -0.0529964250263838
0.120243139831468 0.0449449997096065 -0.263821871923392 -0.0928261621642945
-0.0265359608966156 0.00626521867308198 -0.404588904907786 -0.0431998046049266
-0.00784021307311529 -0.00360631149746518 -0.1921638538901 0.054276651291433
0.00016522473675497 -0.00101210177175196 -0.110947595412005 -0.0559037424972264
0.00322554716434444 0.0101126059218313 -0.208127716123362 -0.0583715477768071
0.014987395081314 -0.00718398007966795 -0.313591228694433 0.0707047412521363
0.023983563045674 -0.0349117395943362 -0.304289063416888 0.25241872011864
0.0171701000011025 -0.0622785417118206 -0.224623066463091 0.341146511314598
0.0241835125021818 -0.0645237409904348 -0.190308869066085 0.323939981083292
0.0454645314820572 -0.0658840439226385 -0.248295893045676 0.265143405353621
0.0810436701091257 -0.020562245983351 -0.282941154054773 0.107225632561553
0.0711140503969951 0.0326665548713957 -0.248735744470841 -0.0706284720234595
0.0242541933037395 0.0836500748631538 -0.103198480805209 -0.150001402259946
-0.0199690656233468 0.0596335249147794 -0.0154621171467769 -0.127012742483846
-0.0219860290072631 0.0413444206958781 -0.0707601661899461 -0.0395172727291289
-0.0291639862140162 0.0333126261707228 -0.269524518305758 -0.0682662870936012
-0.192204292918104 0.0349401923880467 -0.340806099379852 -0.0881799196289689
-0.120285738013569 0.120814806462386 -0.157735435723489 0.00153483324557982
0.0272961572234595 0.173564477674097 -0.110154042046645 -0.119767784174731
0.154094359143484 0.116753157236209 -0.21641954055499 -0.112917286855667
0.170734605754367 -0.0222294942272159 -0.312539298439123 0.043026510833505
0.137759750806136 -0.114675200631109 -0.294722806666961 0.213654294677967
0.0977480743309953 -0.189180759069656 -0.206870764308713 0.290849524651414
0.0941611842232366 -0.188205976314948 -0.160832595663008 0.269317064012257
0.129110904747938 -0.173005637291354 -0.192795654072196 0.235058331024963
0.202662046410206 -0.0674611790688007 -0.226971396797852 0.114407462421786
0.20257856053 0.0545374102668361 -0.214877354629834 -0.0188480131545323
0.126544483333982 0.203415524794105 -0.117158019432463 -0.0959076180493942
-0.0285970858675887 0.197459970940127 -0.0561306737007198 -0.102704367786333
-0.127991898183127 0.108469862686901 -0.0791747837707759 -0.013323457729364
-0.17955291139311 0.0379810251181392 -0.235375022410777 -0.0263944550932201
-0.324818416880312 0.0345999883826838 -0.223949320945855 -0.114487872434578
-0.239980921373092 0.197219826284762 -0.0848471457558571 -0.0471429515934728
0.00964704885668277 0.327123548183374 -0.0707246192232517 -0.170340575608773
0.262228517182043 0.244874114311995 -0.180264753976889 -0.160232453185357
0.313399027076242 0.00274630956050065 -0.263525776918495 0.000809240388461839
0.248786901421993 -0.154965812094813 -0.24052673818368 0.141592315310685
0.178411900169294 -0.275983525165012 -0.155639672424934 0.199063996172789
0.150688404146276 -0.283317869612299 -0.104885508854805 0.172625675796342
0.181240326738941 -0.266890410663384 -0.109868553135216 0.163080940845607
0.283011430286377 -0.135287479619106 -0.134671023199033 0.093931391661357
0.3122669655482 0.0287129226382802 -0.134047603532071 0.024032604982166
0.253553997188517 0.266899531684555 -0.0923497647712511 -0.0252810715935017
0.0104014550815049 0.321125703584251 -0.0771735140711633 -0.0483996180846372
-0.203818555595804 0.197814965090139 -0.0713851590188365 0.0215797913245542
-0.309981067460083 0.0611970999956205 -0.158224125212692 0.0177304382658066
-0.399139386039573 0.0103177632615811 -0.0782944700901251 -0.111345417687715
-0.329129933725863 0.20373554849805 0.00554351160661494 -0.069794499787985
-0.046680535888785 0.408243469339752 -0.0103490662907809 -0.174101849481848
0.290455393085488 0.352003644126884 -0.105909166128278 -0.164909627427035
0.395829750049308 0.0620109687198248 -0.162441226933472 -0.0250646946340859
0.326996972100771 -0.146513184628049 -0.135790658219857 0.0595336321638914
0.23793569751754 -0.307486320337321 -0.0732549863213147 0.0850427853479781
0.185369255419251 -0.333355388859032 -0.0318739239992126 0.0509620485270308
0.200691223141362 -0.330639730876804 -0.0193603792912225 0.0562693077135858
0.310497410375743 -0.200095437172343 -0.030017506264589 0.0332663622109822
0.371737040698555 -0.0248052030190995 -0.0261950440299607 0.0253332750729781
0.356055355903354 0.268537261816286 -0.0255710517568738 0.0216764077992444
0.0715020315737215 0.397604397406135 -0.0562977026835369 0.00499456794330595
-0.239769892989148 0.279420774874889 -0.032274130506082 0.0469215541477063
-0.400229704865447 0.0893676025985979 -0.0449157499387908 0.0507578595815241
-0.404395955175751 -0.0189218747375681 0.0658358532889036 -0.0773726513521124
-0.35405705276113 0.158284816581215 0.0803851962647229 -0.0618409040128678
-0.106516868106746 0.393963103841478 0.0340935657163533 -0.125712907077836
0.237775552739992 0.390588980682934 -0.0277757591186578 -0.108995286144663
0.392104457614563 0.119250325778118 -0.0346808647798836 -0.00972915253413582
0.345196901005667 -0.103525952027393 0.00111707008233894 -0.0023232154296099
0.257695827115056 -0.286626599246479 0.0280891029279843 -0.0272661159515064
0.1903258819819 -0.333133345177584 0.045436516769636 -0.0757569846614264
0.192760679942962 -0.344378144909842 0.063039426770925 -0.0678428604184114
0.292789712937222 -0.23060615956149 0.0657096214065188 -0.056006077154431
0.36926282279277 -0.0687357551178892 0.0793514148104774 -0.0147026580493296
0.39274426075425 0.231568804663425 0.0559306174041525 0.0272448020203672
0.115576825302061 0.410828837062033 -0.00539737868246735 0.0285220524756146
-0.238965541619261 0.320821580854716 0.0338548636359925 0.0462435144501321
-0.432710202987141 0.108974025456036 0.0900511380641612 0.0662229078701917
-0.34781732782352 -0.0374726018405931 0.182516538774708 -0.0251188572446988
-0.310644008470127 0.0987626495376148 0.117605929747518 -0.0380876138934974
-0.125482835444734 0.310777248872529 0.0348761742791557 -0.049961258091629
0.157730444124585 0.340177631539244 0.0174794336538313 -0.0127753888614071
0.315185855905773 0.134942495482217 0.0812161486905158 0.0428623614413555
0.295080095355903 -0.0560299583515407 0.139254636220448 -0.0345187228243302
0.229676295922375 -0.224363433023744 0.128971741044231 -0.122687724086563
0.167856075737198 -0.284121969706483 0.116042547688801 -0.189628177650374
0.166308220063313 -0.301401552257136 0.131191024978899 -0.186528185989434
0.245939861538307 -0.214067243576653 0.146020928125188 -0.147492356122959
0.317064178401934 -0.0797732854996408 0.166674410872388 -0.0676735933707633
0.354930969105563 0.185520291494079 0.126620468573344 0.00911322790020283
0.119578503564437 0.368059688833483 0.0501009409349421 0.0265827165959925
-0.217658940920878 0.303904567658448 0.105037239880346 0.0244572041060172
-0.404094062598011 0.103377260533174 0.22432108028444 0.0671001579350457
-0.245271634715158 -0.0365022624217503 0.260385838785384 0.0235557578404123
-0.218538121652239 0.0582921627723608 0.121793469547606 -0.0190457040667881
-0.0930738359417337 0.202460886087974 0.00501029326026737 0.0203959525758633
0.0967057705308693 0.225399343743843 0.0314954666138792 0.0829106128153942
0.202829951390232 0.0934689580997334 0.166890239539378 0.0983839517027329
0.19149245441386 -0.0255043311461277 0.246163520808086 -0.051874743521231
0.155036419489513 -0.139321448189793 0.208639552348492 -0.194276276387691
0.116410768134079 -0.194634637360266 0.16875684729305 -0.274390403664781
0.121973427377066 -0.209032417211259 0.182643147262706 -0.280922090839457
0.175949363086868 -0.154549487085975 0.210813796125199 -0.217790404809049
0.230640357458878 -0.0599927310857474 0.233770627917998 -0.107290065056198
0.26337839903027 0.135453607948741 0.177883452317854 -0.00609809511504286
0.0896033806396325 0.279997600662487 0.0962314904491371 0.0198376036357851
-0.175928424006529 0.231920113087546 0.162607413868664 -0.00111741524012166
-0.312025474237247 0.0732537167108727 0.336713907295079 0.0593756191912143
0.127841533395048 -0.0550749444443976 -0.390641001782211 0.0717032820512953
0.0583704522839067 -0.145454953312724 -0.165062565526462 0.113492389684565
-0.0743070876638056 -0.145439020394513 -0.0835859019046035 -0.00898956100281683
-0.155943553972555 -0.03563289179638 -0.182023791350767 -0.0105229240927866
-0.117202875597286 0.0563816938213784 -0.281865096118611 0.116261158420531
-0.0621228736663997 0.0751327537370314 -0.248506910907802 0.29050912294234
-0.0379724769936623 0.0880457524155922 -0.169452383066755 0.372253218969334
-0.0367974384785059 0.0759733646115315 -0.14078077728334 0.356332912645048
-0.0487187353908008 0.0483981438131582 -0.216965494975083 0.299638170027774
-0.061421717790444 0.0124487694508164 -0.270835648624628 0.144799970626187
-0.0605129301462042 -0.0220760630530228 -0.256807954871487 -0.0474845526506092
-0.0433784031542249 -0.0638007921332189 -0.107920146650266 -0.137758283018548
0.0255487628548041 -0.0703983274890709 -0.0135840009692955 -0.110921191797807
0.0984854884907593 -0.0108569179899227 -0.0807851593082341 -0.0368621262898273
0.120718326904096 0.029837332290609 -0.274590828271155 -0.0509080457947765
-0.0315232421292636 0.0141783397512442 -0.40654530987189 0.027798495794339
-0.00840766520538962 0.00171223386789326 -0.182146090948539 0.0862460168572199
-0.00182511728554402 0.000425592724443713 -0.11885681877939 -0.036844847822524
0.0017980055844458 0.0132635130657109 -0.216467338807546 -0.0253196208928432
0.0130917021339846 -0.0014856519257241 -0.300491684960622 0.120538952709738
0.0225382527755951 -0.0329683482219667 -0.26383729583313 0.29790215151408
0.0109101151349828 -0.0606995507467374 -0.174311267449829 0.374453548042287
0.0176201471335267 -0.0635214687468993 -0.140597769203232 0.349949235061136
0.0381595033380199 -0.0687533344665208 -0.20517606187249 0.306713227575235
0.0759475819612276 -0.0290225579635234 -0.264736705288679 0.156808734088484
0.0712003619392144 0.0248202607134343 -0.260274073612639 -0.0292006485608452
0.0335781532799444 0.0775162738343521 -0.126886150953915 -0.133594418962402
-0.0124437275824675 0.0595351673076807 -0.03668059001593 -0.122776931283765
-0.0167768624546678 0.0428305640055687 -0.0765226926835332 -0.0268453308919013
-0.029449508562177 0.0376828504084424 -0.275944421431284 -0.0271764008523315
-0.189363881374398 0.0609101424915333 -0.360490487646006 -0.0273763124721873
-0.100973628813573 0.136552891778251 -0.162292560654738 0.032786580051304
0.0472397655557264 0.164171284689055 -0.129532342410875 -0.0878241924972066
0.161200796128185 0.092826289967394 -0.228949426628714 -0.0647798597400225
0.16134189402552 -0.0379727155521341 -0.292301353892194 0.0933907500496564
0.123223881898937 -0.126424123596199 -0.254691638348935 0.254950294252252
0.0718832076596852 -0.195796201535625 -0.156748781952813 0.317876561038708
0.0711867411905142 -0.193741953961512 -0.116747978397001 0.291226743173337
0.106039518625555 -0.185810653685355 -0.155550184322647 0.270575224667975
0.190553434837353 -0.0921897520060605 -0.206829926107853 0.158129173568153
0.202578673857353 0.032073861533439 -0.217110850813276 0.0170798622855964
0.150645166677651 0.183541737470662 -0.134972489495806 -0.0796463454717072
-0.00506046316853669 0.195135207367553 -0.075531663540014 -0.0906902839319738
-0.112027264866446 0.123429045095088 -0.0805752863779212 -0.00296075574231349
-0.177378833031333 0.0613384747508391 -0.235304911197556 0.00750233676959553
-0.317205125488035 0.0750688757796026 -0.257212725027283 -0.0738263280296263
-0.206490324632075 0.225289451025139 -0.103905496703839 -0.0263167611834147
0.0501754166338009 0.313549200424272 -0.103351517267028 -0.134121111501345
0.283472184447349 0.198884924943463 -0.199105408309538 -0.105678231996393
0.30236619963676 -0.0344027411024098 -0.240798757301227 0.04681584714824
0.226694938533245 -0.181059300304293 -0.206978494018181 0.171986982796712
0.136622637486812 -0.291440752291088 -0.112773617080434 0.21562847240481
0.114723291124961 -0.293644543515498 -0.0743553643277994 0.187365460394587
0.144458508399906 -0.286996347320981 -0.0828960078487021 0.187306479336163
0.261054657356186 -0.170708069008071 -0.118029411783589 0.124602089305362
0.308875865321206 -0.00517997568572527 -0.131005349422413 0.0466255288880499
0.285432070846567 0.230522356853451 -0.102795628712308 -0.0132339324567389
0.0471542296284375 0.31127437541525 -0.0889567762046887 -0.0305210039983728
-0.174076418623963 0.221790380270103 -0.067598860727998 0.0270367561323874
-0.302912621826685 0.100602186410122 -0.152567637618071 0.0372827015773156
-0.3903548517268 0.0590258196736478 -0.115842806376325 -0.0971237091203099
-0.292038298995675 0.243293507839562 -0.0211233636016054 -0.0640035936720887
0.00684178553221003 0.398774801502564 -0.05009027312126 -0.14294978855438
0.326467851247074 0.295615722931297 -0.128050297634494 -0.113065412081701
0.390800569898558 0.00936563938160801 -0.138671776413406 0.00928824680312621
0.303204792784564 -0.184341006525946 -0.111341300481364 0.0750717191644086
0.189431042654882 -0.331695460860076 -0.0430592991317097 0.0889641596781833
0.141506173700414 -0.349319014598864 -0.0196902112271772 0.0553557272412872
0.155276810408669 -0.352452501594062 -0.00878648329246746 0.0675951321861836
0.280550434343934 -0.239296402308358 -0.0226286035126212 0.0480956839116214
0.361793613281742 -0.0653204217225282 -0.0240713567023387 0.0306295421184729
0.388176251684379 0.219334098899013 -0.0309240014142051 0.0233021642225121
0.115427129263271 0.379854082136108 -0.0598474808731225 0.0199100619163468
-0.197555907822339 0.30746658230477 -0.0262881354045864 0.0431650878833443
-0.387342647165653 0.140419701650611 -0.0359465200363734 0.052187895916081
-0.396438979609461 0.0293970677308414 0.0318879118848051 -0.0902613347071293
-0.321128357537329 0.201195060624028 0.0541695568477367 -0.070901242388122
-0.0500099114898915 0.392620222714927 -0.0016853996039212 -0.104448639888457
0.282523017871364 0.339617723941308 -0.0461189797234649 -0.0697002093282727
0.395640015313316 0.0628318775434373 -0.0105296610462068 0.00730405976812065
0.326076482319557 -0.147025902456655 0.0172097781090688 -0.00584474595859522
0.211284628522774 -0.314773327688683 0.0427629937101294 -0.0372990269482389
0.146726740408481 -0.350520023421911 0.0383878103863393 -0.0823468254021103
0.143743017165437 -0.36525116641818 0.0538470752213946 -0.0696668050269655
0.258538595737087 -0.268668075053376 0.0597845948967701 -0.0570557928861867
0.355651724168803 -0.10887901484747 0.0750136433986767 -0.0264129426860086
0.420860990611023 0.177659346124514 0.0499016245673836 0.0167338015046577
0.160592756002313 0.387576952700735 -0.00557822574934459 0.0358280639666646
-0.191022612386568 0.348159256457994 0.0382052146672729 0.0309546720043735
-0.4154505520547 0.161891281419993 0.0988855111961471 0.0471123127976376
-0.340836434713907 0.00318325713827698 0.158755077343127 -0.0595805385317296
-0.287319221462198 0.136818906968849 0.0973793866717534 -0.0559421049700321
-0.0798830885992256 0.315201038850995 0.0114191735643405 -0.0364196016495036
0.202281751221362 0.30350911084495 0.0109632384772019 0.0126252427445173
0.325454107286661 0.0847956880258483 0.108315953176891 0.0415622877571032
0.282536797677076 -0.0954616944262957 0.147556464670376 -0.0574647597081512
0.19192747269563 -0.252341771023541 0.128038001963256 -0.146159423793015
0.129178239342173 -0.300983177914204 0.0910130794501096 -0.205752245325796
0.122549088345486 -0.320899730516979 0.103044611299552 -0.200635760034677
0.215162778878534 -0.247012970995626 0.124802085064607 -0.163095532211162
0.304197711285669 -0.115024459579763 0.153145073938643 -0.0934409848963386
0.377800939988216 0.13716275582132 0.118177991368664 -0.0111447883380196
0.160103738311103 0.345430955153686 0.0495576362505942 0.0239015527062686
-0.171130244178149 0.328697060779199 0.10417469911849 -0.0019408897369389
-0.38514583513625 0.151645905935169 0.231229171141084 0.0290844111847142
-0.239153307486276 -0.00830333500106889 0.248081925267226 -0.0246578684050483
-0.202848312632969 0.0850816003825743 0.10881629061685 -0.0388786308160598
-0.0611749465156452 0.207742663930644 -0.00277445696844317 0.031387424630797
0.128467896752506 0.201810372391848 0.04108318599861 0.0957914898494785
0.21254706300792 0.059579004755421 0.195389801174984 0.0791723949580593
0.18486265534719 -0.0537885248987319 0.246641781401481 -0.0900926083599902
0.130226969193135 -0.159171235818309 0.192106485703567 -0.228196886613411
0.0896028967813506 -0.206535711493591 0.129404934718866 -0.297618216060898
0.0904773428100817 -0.225139809415023 0.139236910485147 -0.305138946073617
0.153175788093969 -0.179000535898218 0.176783354757521 -0.247204248792549
0.221562412914316 -0.0860191660405625 0.213640372081477 -0.144396373170067
0.281065936669093 0.0999068982268062 0.168355219251615 -0.0347500076170096
0.120083354032371 0.263051823347787 0.0954248322152067 0.00880342722279694
-0.138374079578172 0.252747164221478 0.157124823125167 -0.0349437806953263
-0.296703250702023 0.110533271895771 0.341370434127677 0.00571156742103515
0.126977711548228 -0.0570358733405631 -0.389178688370013 0.0773938119656984
0.0560274334324464 -0.145901744285935 -0.161929878612449 0.1148129342162
-0.0765723380821064 -0.144226411782943 -0.0830253397510777 -0.00783043499293454
-0.15637234363657 -0.0327225348371209 -0.181924791839897 -0.00792973390138795
-0.116363395616035 0.0585001490100405 -0.279433896663471 0.119904603889296
-0.0609303945479462 0.0762768443269981 -0.242470761865528 0.293401874248494
-0.0365436633598777 0.0877549152819211 -0.163050551044764 0.37262115019769
-0.0358279359788488 0.076891962052045 -0.133183965373012 0.356746260655541
-0.0479285978573047 0.049321322182731 -0.211241258829462 0.30188678508826
-0.0614272740865252 0.0135738907974743 -0.267497671169195 0.148164114821401
-0.0606301789116122 -0.0210884947033719 -0.256268270647286 -0.042869245762022
-0.0441336958660517 -0.0629379599315815 -0.109796692831607 -0.136037870755311
0.0243181725960942 -0.0704487122791201 -0.0153792925911354 -0.110270598615955
0.0979158724843325 -0.012269344528269 -0.0811138198685698 -0.0350324926388508
0.120424200174819 0.02800176243185 -0.27515564056468 -0.0460246892970163
-0.0310030959972388 0.0149264982450485 -0.405891393312218 0.0334667437311976
-0.00818754486804015 0.00201280196386981 -0.179650796362435 0.0882366273602875
-0.00197932685413789 0.000415581175231989 -0.118575115826865 -0.0355064550206231
0.00195251729892117 0.0136320534591952 -0.215450438231771 -0.0220545256629753
0.0128546593970435 -0.00150731069111855 -0.297111628946071 0.125108450424511
0.0213500178556885 -0.0333233578614172 -0.257794244243059 0.300548629853076
0.010001630454478 -0.0606580624119564 -0.167042626131676 0.374577214262773
0.0169405861580042 -0.0634042977788302 -0.133836761325396 0.350848948318455
0.0365427122383925 -0.0685570650714351 -0.199847377322281 0.308189154864542
0.0751350611636851 -0.0301844077484726 -0.261061790538338 0.159635109266498
0.0708244079800192 0.0239155861186336 -0.258814498389515 -0.0252020882674412
0.0345877377348611 0.076431673040361 -0.128682428593254 -0.130922173913355
-0.0117225443679092 0.0596765691415763 -0.0387738868734686 -0.121411621828207
-0.0154958972261311 0.0425949206103769 -0.0772748526364669 -0.0257024451360636
-0.0285716759305413 0.0380220580341876 -0.275837966491173 -0.0218203333740289
-0.187568597422518 0.0641182454837654 -0.360729949167708 -0.0225194077440474
-0.0985893637637346 0.138410746355986 -0.161108176610455 0.0346276800550429
0.0495498826602603 0.162620003852973 -0.13063472084509 -0.086278498134442
0.162494114319817 0.089609063353133 -0.228836022955079 -0.0616730702381402
0.160541200072823 -0.0404401472559591 -0.290400404044148 0.097445577226779
0.120533453006612 -0.127894366809926 -0.249754688512927 0.258094348639334
0.0684078211017374 -0.195931733069253 -0.151108944121296 0.319011707667735
0.0678800204525988 -0.194054117557694 -0.111939837830619 0.291425635756081
0.102956642637723 -0.185872606734289 -0.150240430233612 0.271186251612307
0.187772978840479 -0.0944730074790014 -0.203292365739521 0.160514577817095
0.202581283881087 0.0291997271703943 -0.216339344721752 0.0193867547677137
0.153530397749994 0.179967315543336 -0.136451436366076 -0.0765516474839898
-0.00216372112231017 0.194436722676564 -0.0768729948937822 -0.0893824711634381
-0.110174623986685 0.124464889076179 -0.0803897028237688 -0.000921786649917408
-0.176111870444725 0.0637580090241441 -0.234336416435769 0.0117073556462137
-0.315310373340551 0.0807186905517398 -0.257737408108155 -0.0700008632791523
-0.202335935806331 0.228628144529557 -0.103276945101926 -0.0240348701861017
0.0552694239213234 0.311414169655674 -0.10484377938339 -0.131768457115538
0.286237582494991 0.192898243312344 -0.199772928368622 -0.102475690094111
0.301540040953648 -0.0384587537932065 -0.239381754667329 0.0503508864429401
0.222995020001475 -0.184020045759778 -0.203087829027104 0.17481588392524
0.132639674725219 -0.291880213346401 -0.109229019367982 0.216601233175004
0.109753160850416 -0.294367845144396 -0.0716215032733332 0.187534025351131
0.139546908307832 -0.287137676370839 -0.0796347963151951 0.188080330399675
0.257865227718613 -0.173828300503248 -0.115634600894334 0.126111873665659
0.308082494948598 -0.0100758896346055 -0.129826906091701 0.0478516281804963
0.288523013742199 0.224443142114214 -0.102360849031204 -0.0110743999020867
0.0519728219428446 0.309705201015396 -0.0895479648384815 -0.0289382785373485
-0.170502446098552 0.223277379379502 -0.0670387058787451 0.0284228196271238
-0.300171332581499 0.105037154175396 -0.151732125063537 0.0397534580247202
-0.388784539549483 0.0658805948867134 -0.118262778458135 -0.0956299101076334
-0.287926495064114 0.247331886650099 -0.022281418802379 -0.0631883063095375
0.0131223589515171 0.397368704863926 -0.051349964028253 -0.142097636893162
0.330135494087048 0.289857095066647 -0.129366124675817 -0.111676011293056
0.390125896967258 0.00318392633628049 -0.13860782866155 0.0114222367546553
0.299740023668356 -0.187603046512028 -0.109521155738742 0.0772123516566127
0.184122265862817 -0.332658474608409 -0.0420569205050332 0.0889848023761263
0.135402348187813 -0.349887902782607 -0.0192100685108051 0.0557347925658891
0.148440824000805 -0.352767279166989 -0.00713741336456643 0.0669947030014313
0.275509548048349 -0.242648246997226 -0.0216006260602051 0.0484466327571532
0.360182564416565 -0.0707411972400745 -0.023430077473292 0.0311259172634404
0.391038948918199 0.212764993554596 -0.0305702582158117 0.0241768752539827
0.120570429355621 0.376802364876453 -0.0595120251969253 0.0210810038528654
-0.192309302534886 0.309751997457824 -0.0249670836903279 0.04349906989466
-0.383421552506784 0.145688455891067 -0.0349266313938824 0.0522253005749941
-0.395216036315159 0.0356809208208228 0.0294650592122705 -0.090938582012811
-0.31811863011375 0.205408312803326 0.0525780831142219 -0.0708997121645193
-0.0440944180736611 0.392128311703254 -0.00345451124416917 -0.103931689893163
0.288419798830873 0.333710273648624 -0.0472806437488191 -0.0695204964193213
0.395442466010874 0.0555007827257562 -0.0101481244939863 0.00769721349306226
0.323464403697165 -0.151095292130977 0.0170707031108099 -0.00603517107899011
0.206099121876407 -0.316353641267754 0.0414757355395114 -0.0376513334389041
0.140317383743825 -0.350951974633365 0.0364683743440991 -0.0826377054585707
0.137550111913007 -0.366015920257144 0.0529120277695668 -0.0698415084322406
0.254730982437197 -0.270669903533134 0.0584427376516535 -0.0576320665208465
0.352371363029035 -0.114030148009043 0.0738222523333946 -0.026991514525459
0.42195217222182 0.171005473536831 0.0499570421001273 0.0168913286260076
0.166378507202228 0.383945611572344 -0.00512682350818869 0.0360935015299173
-0.18543588856589 0.350265538533983 0.0383261114832186 0.0301053331965138
-0.411220305353057 0.167819431512473 0.0990061865958391 0.045220292645577
-0.339770912680685 0.00940695490945815 0.156733452366297 -0.0625080292054577
-0.283599494208901 0.140624461530654 0.0960421976816536 -0.0566385156275158
-0.0739456448783734 0.315041534229913 0.0107562379663174 -0.0367174182059711
0.206319922897939 0.298914091598792 0.010516337920057 0.011903610289161
0.325997160492015 0.0792797483869156 0.108605982992167 0.039689694138576
0.280969400694423 -0.100286098727216 0.146066416997246 -0.0592279342438475
0.187238726219267 -0.253504937283032 0.124360750733449 -0.147112673992241
0.123692898966316 -0.301478174173621 0.0868407346816702 -0.206238190064914
0.116405282357284 -0.321742033421449 0.0994989682009891 -0.201596509782461
0.210269905062079 -0.248416989196144 0.122059938843477 -0.164292128084827
0.301087647844255 -0.119158798284956 0.150674857588604 -0.0950926973347158
0.379083111553072 0.130505648023754 0.118017591367168 -0.012402839229791
0.164560472707212 0.342182660477852 0.0495926908081698 0.0236896923084252
-0.165680922917121 0.329867470527621 0.103437339426472 -0.00346075961422644
-0.381850015899368 0.158062251927986 0.23147918980901 0.0245214528873382
-0.23864737577655 -0.00350071365016065 0.24699319878628 -0.0292626406958074
-0.200684202989204 0.087683141334822 0.107695959398797 -0.0403644948494254
-0.0576554314832866 0.207674235744778 -0.00196074055211073 0.03123598194151
0.131938987404235 0.198902722161932 0.0413552388357516 0.094687712734268
0.213002585121526 0.0549926866880909 0.195616563672243 0.0750698548100263
0.183534640167612 -0.057233706221729 0.244793608858269 -0.0933329267927633
0.12754273014761 -0.16109909910681 0.187815970757087 -0.230126598384877
0.0848727716538362 -0.208078598759513 0.123493569226866 -0.298094203891877
0.0866804384489996 -0.225444384843736 0.133057478453972 -0.305678861320752
0.149431296005642 -0.179940402618465 0.172612681312782 -0.249010519762497
0.219366921183939 -0.0887292402475401 0.209758850297149 -0.146641649943643
0.281759202526579 0.0943180565283478 0.167420841561889 -0.0364983257856886
0.124068495001779 0.259910300202344 0.0948791958619353 0.00769098047863148
-0.134085877445551 0.254020554149647 0.155741255813136 -0.0374944262910279
-0.294172224937331 0.113975290428202 0.340190087981385 -0.000134355696066978
0.126048237352899 -0.0586630392678115 -0.387493762168229 0.0826343661590242
0.0539156113532137 -0.145883913856719 -0.159522600995805 0.1163609168756
-0.0785962716506278 -0.142563872618 -0.0821774994693995 -0.00732502459250653
-0.15684015403482 -0.0304069591049129 -0.18082281788807 -0.00616048645292778
-0.114848587264688 0.0602782609002396 -0.277449614329836 0.123585887018957
-0.0595727121789833 0.0765484502221251 -0.237184445608008 0.295020589021309
-0.0353395528337773 0.0878994861522452 -0.156904221123942 0.372943215554559
-0.0342160296481379 0.0771380717192876 -0.128439556181057 0.356424544455259
-0.0470256745594522 0.0500538801869282 -0.205831736468336 0.303831743480272
-0.0611735518011535 0.0147749818600432 -0.264189898116415 0.150911327143112
-0.0611833267301866 -0.0201131228509148 -0.255253900926735 -0.039574097434144
-0.0452400730036369 -0.06182784530965 -0.110071275405831 -0.134385644056595
0.0230814371456454 -0.0705129400162534 -0.0160147654393934 -0.109128211556334
0.0977362753019946 -0.0136075692595635 -0.0816780682235989 -0.0332732513778409
0.120326036693962 0.0261955868724459 -0.275128974545652 -0.0412093719452229
-0.0303832226915226 0.0155651499186556 -0.405637494529853 0.0389206095770995
-0.00833800497903838 0.00230996147857739 -0.177991420033356 0.0897769943605553
-0.00184880913232113 0.000119246922243093 -0.118817851289372 -0.0343396007200301
0.00185816107492469 0.0131540595068036 -0.215819205661915 -0.0199731735489654
0.0131176850004721 -0.0013945707725275 -0.29529902646043 0.128019364622247
0.0213643193659212 -0.0333366470381918 -0.253163752975572 0.302547622324288
0.0090492692981016 -0.0606951094909018 -0.160647181776332 0.375415928902896
0.0158589443193681 -0.0629329874039806 -0.129030751709614 0.350386921237178
0.0354724685547653 -0.0679274871215757 -0.194304653428252 0.309355779498549
0.0738844114596088 -0.0306964694796895 -0.257586358349911 0.16298578732626
0.0705217559480631 0.0230578835863273 -0.258176757736005 -0.0214668240039916
0.0352638044293374 0.0758289585237845 -0.129536537354891 -0.128890041329442
-0.0108945288170603 0.0596231749027134 -0.0395905470010725 -0.120238162344416
-0.0151318138542692 0.0425482515079709 -0.0776526173827779 -0.0239011405456568
-0.0280888867322853 0.0385763507963692 -0.275735254663891 -0.0174027774681552
-0.186429295678459 0.0671119775948169 -0.362047096171453 -0.0171675331465081
-0.0965791820261057 0.139460711664262 -0.159663305591772 0.0364234435954297
0.0516475851557586 0.16144753724307 -0.130728218335243 -0.0840874706625727
0.163413924474185 0.0870488216727801 -0.229187897213369 -0.0588687131980993
0.159661600229779 -0.0420865309172287 -0.28827987243407 0.100577410710903
0.11893986590498 -0.129275262482516 -0.245435650099159 0.259987010128031
0.0656537757237102 -0.195733145306659 -0.146514870073255 0.319137510308753
0.0647362905946679 -0.194248094858335 -0.10772471530891 0.29170754151364
0.100527154161392 -0.185584695461429 -0.1453498212774 0.271719962984663
0.186404800994049 -0.0967302131345887 -0.2007022728857 0.162494246431652
0.202108699159255 0.0265071539206321 -0.215346480634562 0.0225043275862183
0.155257001858522 0.177094204385688 -0.136347876952124 -0.0741684587606431
0.000217430780237993 0.194381252482377 -0.077829143186719 -0.0876212561735392
-0.108351448739107 0.125637434193886 -0.0803879846626554 5.37397015736442E-05
-0.174652469427707 0.0669216449842825 -0.233651968599721 0.0151178713323518
-0.313280340398031 0.0853839509637159 -0.259164748327786 -0.0663381594766153
-0.199358043942412 0.230742833626896 -0.103598394411627 -0.0226008392669407
0.0596985568966129 0.310186148904618 -0.106048728375828 -0.130377445820048
0.287370163608198 0.188344185660567 -0.20054759751014 -0.100486880738916
0.299913918155006 -0.0430955861321195 -0.237740286433396 0.0536951741963631
0.220512062724966 -0.186097307415913 -0.19957874114753 0.177329916730687
0.12740489297106 -0.292785989298561 -0.105810280645 0.216917598203634
0.105131138615082 -0.294836377181657 -0.0687082801973106 0.187627486095245
0.135478377799288 -0.287552811298028 -0.0760299356979209 0.187670554515029
0.254549013385874 -0.176507353232105 -0.113013476177357 0.126807302339802
0.306741328118153 -0.014318076794644 -0.129147850633506 0.0498774030268976
0.290486597636576 0.219974861718374 -0.101970561909343 -0.00916293579911916
0.0555089205887648 0.308466747624325 -0.089553169845965 -0.027915054319468
-0.167562931689403 0.225007173058234 -0.0667989346404121 0.0291236452758253
-0.297483091510059 0.109959879238585 -0.150816517085805 0.041200102297911
-0.387335892684488 0.0712398992171682 -0.119836983940161 -0.0941621139928831
-0.283228856699912 0.250352639178835 -0.0232571675826107 -0.0623591562579944
0.0187356669262841 0.396814264370051 -0.0528790686091026 -0.140774629598773
0.333563691213829 0.284483824237112 -0.130311374562374 -0.110249164081769
0.389071620897982 -0.00272185235014972 -0.137929905404112 0.012455291996557
0.29760478089687 -0.191527092052419 -0.107704511571659 0.0782212811370687
0.178605544411084 -0.333972563417104 -0.0407708714207843 0.0893166632759724
0.130090974928508 -0.349915089114379 -0.0184759388722713 0.0553521575326566
0.142891707374877 -0.35270475123011 -0.00630159025691588 0.0670693595886232
0.271376712037724 -0.244811955585634 -0.0209877542605792 0.0484290851706872
0.357915798356875 -0.0754234910860527 -0.0231457336488364 0.0313427517488336
0.392169735891633 0.205707245975989 -0.0299854029895776 0.0253910871857757
0.125638053978234 0.373834186825776 -0.0594921098425352 0.0218055729567854
-0.188175795004302 0.310802892618342 -0.0247726543314359 0.0437662107773174
-0.380050519336973 0.150712950747399 -0.034500861845007 0.0521210772373141
-0.393915012302291 0.0428140317448976 0.0278869129692513 -0.0917646735553434
-0.314206986175531 0.208957676706886 0.051527488510765 -0.0710553284242351
-0.0376541716576773 0.391815565317051 -0.00459845937058946 -0.103442784084773
0.292347898305582 0.328625086147476 -0.048034593014353 -0.0689578570339586
0.396324659916643 0.0495895971658255 -0.0102343841853352 0.00749113213419801
0.32127514094655 -0.154151579258143 0.0173162761297054 -0.00549306657533302
0.20190361709493 -0.317895623462045 0.0404273225561111 -0.0381132516320901
0.135126832034405 -0.351647938441985 0.0345672253808228 -0.0826908731969155
0.131785111750481 -0.36601899887098 0.0515124929120883 -0.0702668243256302
0.249899279929833 -0.273021233948829 0.0577306148294258 -0.0577808549630846
0.350128643992348 -0.118093457581932 0.0731929475815557 -0.0274454385080155
0.423615430454305 0.164264945066582 0.0503177192900158 0.0167889422861
0.170547455653159 0.38070249390767 -0.00493734419591792 0.0364472735934685
-0.180662080714357 0.35154562873904 0.0384324096930245 0.0294440109632406
-0.408114017428977 0.173166524306921 0.0995583847039759 0.0432289051235614
-0.338399173393992 0.0156037958041473 0.15499961208203 -0.0651727263121939
-0.28121659683529 0.144209430292665 0.0948582755532784 -0.0575139344421574
-0.0686345545600691 0.315325598315208 0.00997344961979255 -0.0368169159693645
0.210547193554137 0.294387475276622 0.0101616696394827 0.0112205697166129
0.326136916294233 0.0741124027296396 0.108957774890968 0.0377538778169765
0.279621548757779 -0.103240274708027 0.145155981278342 -0.0603873678967055
0.183479144049601 -0.255438188711168 0.121783865876841 -0.147697308582896
0.119379437895571 -0.302235575775762 0.0837409669983853 -0.206339572153074
0.111893736893847 -0.321509890131564 0.0968099884928311 -0.201898294416046
0.206203967056568 -0.250575123654521 0.119404045029192 -0.164837925056504
0.298782273498235 -0.12262973926531 0.148706586769026 -0.0960415972612857
0.379490125190052 0.124989000185445 0.117182302719978 -0.0129314836690461
0.168678918484369 0.338751818486985 0.0493724378462025 0.0233274677661953
-0.161827957187938 0.331490385879254 0.103571596832423 -0.00498083611927721
-0.378499680693622 0.161703718651765 0.231083157100724 0.0209452797955465
-0.238424445906023 2.99441029566437E-05 0.245872588182428 -0.0327327160667527
-0.198987923676656 0.0903941508949673 0.10727039652912 -0.0420805118740032
-0.0541068087859569 0.208015469068855 -0.00184207463293235 0.0304275104589547
0.135117459391202 0.195969561997823 0.0420295065396231 0.093476575025839
0.213341174421733 0.0512705562900401 0.195984815041671 0.0723866352791791
0.182894999176513 -0.058848285912913 0.242936593960119 -0.0958739294192666
0.124450347332966 -0.16194183922395 0.183479533157131 -0.230889587170035
0.0817206120907943 -0.207996757734847 0.119554176600023 -0.299107094355361
0.0831913721802083 -0.226046879358784 0.128577624739327 -0.306193009873113
0.146798502814094 -0.181809947325963 0.168394909544884 -0.249628433688661
0.216932608919294 -0.0916698355334148 0.206794767888961 -0.148434300389669
0.281786063097271 0.0906098593284349 0.166304741658562 -0.0376554736880624
0.127763921787132 0.257436679720613 0.0940215829573203 0.00699450087639259
-0.131056522574411 0.255136102940835 0.154732758354339 -0.0398447308592188
-0.291601008196607 0.117858547904869 0.340058269969515 -0.00532146366880506
0.125805948006279 -0.0602975833469509 -0.386920002949775 0.087257623414884
0.0521131882100499 -0.146093576114463 -0.157605409695358 0.117455403672682
-0.080272210150553 -0.141702330428438 -0.0818030101148717 -0.0066139999384906
-0.15712468153222 -0.028413246829319 -0.180157264770039 -0.00473241519636588
-0.114270573687103 0.0618118781985325 -0.275214907497364 0.12597718739838
-0.0590177520222143 0.0770294730000225 -0.233431702431789 0.296728357524743
-0.0344514954134072 0.0879441819954728 -0.150904431894209 0.372662876601927
-0.0328416025800438 0.0775397252714972 -0.124086882049267 0.356744685859845
-0.046039588754426 0.0506701368323986 -0.201582160461567 0.304454877599157
-0.0610252116198531 0.0153352899807974 -0.261746981437036 0.153248676671113
-0.0614809415287009 -0.0190966357801749 -0.255163152945331 -0.0366612370792254
-0.0459431408961091 -0.0610729986564045 -0.111075450264787 -0.133111044593672
0.0223918503623368 -0.0708931671545587 -0.0172607665904336 -0.108220087934046
0.0974939863076619 -0.0148508192185136 -0.0820794637279045 -0.0321214063617366
0.120136203416967 0.0249847284479735 -0.275688362820255 -0.0373437104695545
-0.0296172175026174 0.0161071904788086 -0.405384945228711 0.0432882583483088
-0.00817589149105525 0.0021965599472856 -0.176739740238828 0.0915077446835079
-0.00210574159679929 0.00015425526376424 -0.11868987214857 -0.0336288797291558
0.0018279216541945 0.0135633259591983 -0.21519899424245 -0.018189516319158
0.0129674750232488 -0.00131286082843317 -0.293360490792067 0.13074861870787
0.0208065024408871 -0.0332498452077411 -0.248786596601413 0.3048405166248
0.00859263305573669 -0.0604111336595203 -0.156706540979022 0.375256703828751
0.0155897921289439 -0.0633435486693234 -0.124603832603113 0.350596744217881
0.0354741201962723 -0.0682392580745679 -0.190070049660114 0.309791398959545
0.0736818494737658 -0.0312640809547425 -0.255625328710729 0.164857565582917
0.0704744581446009 0.0221255820145665 -0.25812607346841 -0.019102231742992
0.0360786054467568 0.0751296262508321 -0.13047217329897 -0.126864524321953
-0.0104765819374009 0.0596739245124349 -0.0408265089782831 -0.119172916917658
-0.0146418886354583 0.0426024824496475 -0.0777876859596681 -0.0222302915475438
-0.0280883274084813 0.0393496160955534 -0.275541878899707 -0.0135252637597296
-0.185521102584975 0.0694228007238329 -0.362403370706728 -0.0137621691946346
-0.0949995157915151 0.140594742688235 -0.158853837561574 0.0377808083473104
0.0537049932024116 0.1609331442816 -0.131465020197863 -0.0827421570528469
0.163975275055975 0.0850860016472361 -0.229445319001978 -0.0571307449570041
0.159008869795494 -0.0438676617694948 -0.28743349370867 0.103107337922518
0.117612513260352 -0.129621143472921 -0.241402755982103 0.262130906309317
0.0631529875702684 -0.196769945220916 -0.142169621297432 0.32011353542148
0.0626082320683353 -0.194023539262725 -0.104150256587068 0.291819707026126
0.0983488519134979 -0.186552950426166 -0.141956925824422 0.272855960911669
0.18494068609257 -0.0982564920374204 -0.198952651620667 0.164297024287114
0.201815232940248 0.0244552858682142 -0.214121803618145 0.0243928683840758
0.15626829918106 0.175543093425333 -0.136404321055314 -0.072356061984607
0.00208521669393787 0.194027865071336 -0.0784990242493007 -0.085977704621591
-0.107040338599938 0.126443246901852 -0.0798497558219856 0.00132149671137091
-0.17317991275542 0.0686226207010731 -0.233562387114803 0.018078595652527
-0.311352239935519 0.0900750993546995 -0.2607312298481 -0.0639740790221026
-0.196140929762862 0.232792655518202 -0.103344622893235 -0.0214515987792189
0.0628021897395258 0.309273572440547 -0.107223946762577 -0.129033153640321
0.290293729945615 0.185161219167648 -0.201157313770037 -0.0990632812922285
0.298962076789063 -0.046419644149533 -0.236873249336364 0.0552443421865086
0.21798650061673 -0.187984029448444 -0.196472439377006 0.179471939215577
0.124031179042435 -0.293333961436945 -0.10315957847179 0.216648737542003
0.101902780123876 -0.295220285841057 -0.0666525686209291 0.18726574833718
0.13181340717827 -0.287212010292832 -0.0734280286216686 0.187867889592738
0.252506891441823 -0.178133949084227 -0.111620871543121 0.127675371141717
0.306010123665219 -0.0176625324027054 -0.128137268538304 0.0512324222903423
0.29233366352226 0.215803579545128 -0.102031350333338 -0.00779102256170268
0.0590878835622501 0.307518523257154 -0.0900165268235516 -0.0264254894331455
-0.164524371093271 0.226699929898801 -0.0666402794725327 0.029966079701096
-0.295744342770082 0.112462836362882 -0.150434914444389 0.0434297878514233
-0.385341506393744 0.0769521964226989 -0.121599857180757 -0.092760430127991
-0.280339850505793 0.253194480333246 -0.0237188778255398 -0.0614693887218038
0.0244022523898028 0.395748969628388 -0.0545166174023524 -0.139950216251373
0.336967046641814 0.279250730349697 -0.131329984681658 -0.10916058100971
0.388874802267172 -0.00740874593685643 -0.137503240382685 0.013655060222344
0.295605681219514 -0.194156862355721 -0.106707579581454 0.0796528218447193
0.175248192440787 -0.334849128420306 -0.040082764871041 0.0893305980653317
0.125919426250718 -0.350490086145853 -0.018490035096965 0.0553850382968405
0.138738120643472 -0.353211850965954 -0.00554757580159008 0.0663252345205037
0.268686901629671 -0.246477216645731 -0.0204379713465477 0.0489787840293169
0.356755049694367 -0.0790401599469051 -0.0230578176273822 0.0315386766242844
0.393766626835939 0.200907193289443 -0.0297327682884263 0.0261996592304101
0.129629872723871 0.372638988594027 -0.0595503825743376 0.0226569392150513
-0.184500406219558 0.312073395838425 -0.0242403140981564 0.0437757903610709
-0.377086622758187 0.154766491296808 -0.0335270974310023 0.0521255995001645
-0.39270184806154 0.0471840523193317 0.0260968184378192 -0.0915412788926474
-0.311788422959926 0.212624805273164 0.0507608493294078 -0.0707746668883288
-0.0324679259085403 0.391582515947174 -0.00572617597060915 -0.103316969423367
0.295644464682065 0.32464616084281 -0.0489009044460421 -0.0686041686739108
0.39583208256112 0.0445128840973518 -0.00966162147311161 0.00726624278040327
0.319292822838247 -0.158515471972566 0.0174773952847675 -0.00544636807893436
0.198496610754668 -0.31840593499095 0.0392306182453594 -0.0388266973678113
0.1304352455795 -0.351837890777828 0.0330081540493216 -0.0827429078294037
0.127490718054415 -0.366096500451097 0.0513572590368132 -0.0712058621049131
0.24646873854675 -0.275059584013815 0.0570358827834121 -0.0578554652598327
0.348284182636454 -0.121696257411085 0.0724890322321437 -0.0277371670859085
0.423413559982229 0.159422572054702 0.0509767352940695 0.0166513255058756
0.174622626674585 0.378697908032192 -0.00473452802682822 0.0364296560114604
-0.177452716052498 0.352722384914912 0.0385109485584489 0.0290092074613118
-0.405120972899531 0.176489017479104 0.0999895238112998 0.041532195996558
-0.338189999909474 0.0196481113907182 0.153920381854853 -0.0670592426670409
-0.279661747242263 0.146763187109711 0.094482593809668 -0.057890471686215
-0.0651274904272724 0.314701101478278 0.00974665284910752 -0.03719354214548
0.214109127311087 0.29248918636673 0.00966902597684503 0.0109685943281139
0.326851000235229 0.0697792871675949 0.108636127404836 0.0362309304490688
0.278130587451961 -0.106782995969814 0.144622180202156 -0.0618739805020269
0.180983446752837 -0.256245649801735 0.119729212400352 -0.148554683232929
0.114874656323387 -0.302526472259917 0.0809394837134478 -0.207016826176493
0.108183138367657 -0.322296785408063 0.0942951710380788 -0.201801925429772
0.203484562496306 -0.251748619998818 0.117118704122538 -0.165417760676515
0.296514573428997 -0.125979783283587 0.147564043240484 -0.096936955176954
0.380275601765615 0.120462204869141 0.117227772905265 -0.0135828547183777
0.172084703788103 0.337318089577498 0.049497078609967 0.0231469128887704
-0.158304166238556 0.33270223137339 0.103233033962082 -0.00612519191222752
-0.375411110133005 0.165538258074462 0.231258194727742 0.0177973383524149
-0.237869785273502 0.00329429046469217 0.245191659963711 -0.0359560176645796
-0.197188106200794 0.0920481595755615 0.106413457915531 -0.0424904398948091
-0.05154553658849 0.208012593363084 -0.00198447197125824 0.0301257851373168
0.137436334142374 0.194044867740603 0.0419633120832933 0.0920966539065865
0.213280064914461 0.0481120366955874 0.195993454442677 0.0699895490453694
0.181818497332841 -0.0618584124615897 0.241051115827956 -0.0976754397241516
0.122884346771699 -0.16314321236759 0.180098644267745 -0.231610890912925
0.0789076603204864 -0.208451314477854 0.115586292651281 -0.298992431657145
0.0793886388791376 -0.22604340776989 0.125342306814106 -0.306551096130646
0.144880800317692 -0.182507479545516 0.165265670455459 -0.250462488306485
0.215633276280744 -0.0940366236774222 0.205133186701494 -0.149539566376197
0.283235100955057 0.0867201507789886 0.165827945350741 -0.0387294152299616
0.13003612669337 0.256148421218841 0.0934599803695685 0.00612877040642651
-0.128444551320258 0.255693427921697 0.153805175792591 -0.0412395884591977
-0.290261605863165 0.120803681897164 0.339524273745943 -0.00948958668012773
0.125658559285384 -0.0614159829506502 -0.386457647622719 0.0901886701127251
0.0507711366685892 -0.145980279735521 -0.156419782108642 0.118907224985642
-0.0820312432623025 -0.140934834960729 -0.0814445478080989 -0.00697266955327489
-0.156985837547757 -0.0271639784350771 -0.180175979830831 -0.00353661907853981
-0.113891790655292 0.0629281415581943 -0.274859908176618 0.127764799013436
-0.0582876805487052 0.0774818540727111 -0.230919921064631 0.298531122231032
-0.0337860529313156 0.0876696560842286 -0.147249916964425 0.374286543079725
-0.0322544574339373 0.0776944848187527 -0.12111402292282 0.356822204436574
-0.0451667348869329 0.0510252757752214 -0.199795850532342 0.305360754003046
-0.0605694814445736 0.0157930218902492 -0.260322290284992 0.154995472139128
-0.0623035072543501 -0.0184424579782173 -0.25496613703907 -0.0347138353856241
-0.0471001877128726 -0.0604628561986119 -0.112029556009535 -0.132318026773353
0.0215396291591764 -0.0709120812302111 -0.0180276830662752 -0.107928307751604
0.0975668806213041 -0.0158601229517549 -0.0825689122355866 -0.0307839260957654
0.120373164647926 0.0238912888867689 -0.276305254136499 -0.0337301607940373
-0.0295299504920988 0.0164500633356343 -0.406258672865683 0.0471365934224021
-0.00814747868484967 0.00285203835555638 -0.175347634582524 0.0923735850526159
-0.00223477716248591 -0.000163921554650476 -0.118290508353625 -0.0328175141564332
0.00179670576317012 0.0134354021698155 -0.215631889481744 -0.0166888419884841
0.0130857641029731 -0.00109189831220935 -0.29205660398589 0.1332095044805
0.0206390456930426 -0.03340821102132 -0.24606008485659 0.306510820362926
0.00810542205923181 -0.0604994244907478 -0.152111684595221 0.376333329730886
0.0151762581621223 -0.0628863512300882 -0.121199290065445 0.351098490820987
0.0347801955030474 -0.0680094964147834 -0.186758255778636 0.311289426894545
0.073123175986204 -0.0317541574498427 -0.254204068975911 0.166805109823495
0.0704818360511134 0.0222277759281647 -0.257622923363703 -0.0171199077086884
0.0363059204741392 0.0747943809846979 -0.13115776697695 -0.126269994043244
-0.00987978839495812 0.059757677083271 -0.0422909682524269 -0.118419036232062
-0.0143468530215901 0.0426818465358027 -0.0782191827895938 -0.0212037907453759
-0.0276132128317313 0.0391768607597051 -0.276331918935606 -0.01058259308581
-0.184436254793198 0.0713124977419418 -0.363422982357312 -0.0102282254037664
-0.0941054767006497 0.141645587317752 -0.15825995702316 0.0392492612929785
0.0546368514398457 0.160590262540884 -0.131811031504373 -0.0820760451000969
0.164863899587826 0.0834464052778464 -0.229509262907311 -0.0557270193564289
0.158553245147984 -0.0454375429956957 -0.286346749286414 0.105618703713586
0.11650690924516 -0.130503104732932 -0.239273268597971 0.264468844088418
0.0617150472558754 -0.196386885988898 -0.139144298685325 0.320440922782447
0.0607877977741488 -0.194351735762183 -0.101779568065555 0.291989008661622
0.0966134767565467 -0.186239380734663 -0.139166824088372 0.272702840085811
0.184272054517766 -0.0993308030885172 -0.197169590265228 0.165173988893786
0.201529742239323 0.0224659266559857 -0.214172581480275 0.0264398823898783
0.158503493539408 0.173708429024173 -0.137280022828434 -0.0713811136845782
0.00354910732030567 0.194130973797961 -0.0793630809826102 -0.0854028491921197
-0.106318844654595 0.127293723944203 -0.08035094659853 0.002342649921576
-0.172364353804993 0.0700384164058856 -0.23433228449857 0.0203291889201953
-0.311163156087536 0.0931000227412187 -0.262188513500628 -0.0625306974643453
-0.194569581759632 0.234706887729023 -0.103034043420297 -0.0198254212449
0.0662981577106048 0.308149826333608 -0.107797706266168 -0.128302139585545
0.291521053014619 0.18238501710322 -0.202079479265928 -0.0977904643990111
0.298817550442768 -0.0492709550941979 -0.236449120345353 0.0565628714147821
0.216201645030004 -0.189270626586821 -0.194909248628017 0.181029734911626
0.121720816094198 -0.293749592307259 -0.101837402668826 0.217164134524493
0.0985548905879663 -0.295150100027172 -0.064887787532807 0.188149042922903
0.129094446853041 -0.288289127960458 -0.0718182508890646 0.187412815684908
0.25109256374948 -0.18019454617331 -0.111032095437204 0.12854487887394
0.30608252478157 -0.0196943411092584 -0.127443412827939 0.0524501494023533
0.293880632708092 0.213371414704793 -0.101731998525178 -0.00664996567320743
0.0618602218083051 0.307032741232617 -0.0907300744881103 -0.0254634289671536
-0.162899061932185 0.22758747021724 -0.0663270629986465 0.0309845410731625
-0.294738143411387 0.115134866939801 -0.150159124515783 0.0448840991705803
-0.385159546279298 0.080749445036516 -0.123198175235749 -0.0915642983992991
-0.278674654727618 0.256291234378198 -0.0241240665397195 -0.0608952365406736
0.0277558265470879 0.39528273861046 -0.0553441370132441 -0.139652664998479
0.33992230693665 0.276640780675245 -0.13248590429677 -0.108609136849455
0.38906281264636 -0.0117306973280221 -0.137179949850531 0.0145441782519675
0.29424635804088 -0.196201233932347 -0.105397544175014 0.0807064265742259
0.171760265222764 -0.336042843827492 -0.0396107075503773 0.0895659560339687
0.123315540173346 -0.351201675022809 -0.0179669058028763 0.0554874658312971
0.13583845441512 -0.35294544165209 -0.0047710580213808 0.0660966601801551
0.266642184248165 -0.248121614335787 -0.0199986376657522 0.0491971025328647
0.356104241098194 -0.0820950264375992 -0.0228549507463722 0.032353909749449
0.395388196778257 0.197220372291944 -0.0290076370655365 0.0270930489153892
0.132417631678047 0.371567486334728 -0.0599784134229406 0.023371013678861
-0.182581567867233 0.313397998882873 -0.0243418874950415 0.0441179795351093
-0.375829774179572 0.157859351295791 -0.0334352277126536 0.0525699866164467
-0.393024140079788 0.0509551037454674 0.0247786343131081 -0.0926029064213238
-0.310235566307654 0.214852683336962 0.0499123797930716 -0.0707578932306916
-0.0291110729234377 0.390657014074343 -0.0060280066723025 -0.103301498272226
0.299322033769756 0.322122750844978 -0.0496461179839093 -0.068709226515942
0.396478744505018 0.0405168336625777 -0.00982135286646424 0.00702241062030648
0.318524246833382 -0.161453059978311 0.0177296450161092 -0.00542022003475052
0.195530853583947 -0.319696994906196 0.0390169396589038 -0.0388551114807044
0.127450909074933 -0.352975666118711 0.032545199056828 -0.0827060745886766
0.124876057567015 -0.366421456037746 0.0502454144052435 -0.071523417235343
0.244470100949141 -0.276319726893012 0.0565545727825117 -0.0579150704910154
0.347386899719219 -0.124983055578704 0.0723371643192849 -0.0278924797222363
0.425388019034366 0.156359728841519 0.0514309199333004 0.0170568364190957
0.17791686819121 0.377153599131246 -0.00517984309341877 0.0367503161455282
-0.17433100884879 0.354129413663442 0.0383441799228228 0.0285693062771969
-0.403375091391426 0.180774088838157 0.100560130200957 0.0404352482203119
-0.337657786786023 0.0235221654227536 0.152961639186815 -0.0685297102254163
-0.278253997225472 0.149455511352612 0.0942849617450746 -0.057925038207753
-0.0618049172975794 0.3154966305015 0.00941165767267999 -0.0370811769322267
0.217143223406343 0.290238728725579 0.00960647510613548 0.0102686980620868
0.327016697841279 0.0660296214143776 0.108875175700312 0.0351017223116874
0.277635969625159 -0.109266897701079 0.14387277868619 -0.0626265075834995
0.178662251275647 -0.257363478046348 0.118448513301256 -0.148946791515988
0.111471936514949 -0.303247218244151 0.0790287554483225 -0.206103981016259
0.105448644754165 -0.322847729578976 0.0927492777107666 -0.202341032756938
0.20126379742822 -0.253104725356047 0.115895620505196 -0.165690239342951
0.295653605142021 -0.128305409759528 0.146583184554526 -0.0975456176004096
0.381064762115875 0.116669042947256 0.117392994920208 -0.0131608453831803
0.175210773606921 0.335443123574276 0.0489681256426648 0.0231898181404628
-0.156435133796424 0.333517648090425 0.102590470403723 -0.00708943712734164
-0.374625322637425 0.168345480130432 0.232119061480023 0.0156516301488172
-0.237512739765559 0.00587386700597099 0.245388660139344 -0.038819252497323
-0.196903479557285 0.0932307425194918 0.106107929108823 -0.0429697616881249
-0.0492725688941793 0.208186613463616 -0.00176838797011701 0.0298121824421074
0.139850082718086 0.192119084743096 0.0426597979314429 0.0916510954125976
0.213358983762889 0.0455443791828001 0.196958839198325 0.0677789530769483
0.181774258126407 -0.0639857155939144 0.23986130798529 -0.100093387956801
0.121457278533601 -0.163965499491098 0.177886659489681 -0.233063439804362
0.0762908242297947 -0.208690696583731 0.11306556647017 -0.299086309280874
0.0773613728082722 -0.226101615874228 0.122861951918669 -0.306833654081002
0.143029017175475 -0.184114060525244 0.163458817027107 -0.251194136622628
0.21527396955451 -0.0955027597060917 0.2034556300681 -0.150702350680676
0.283198173033189 0.0840125083962198 0.165693112036889 -0.0391165356874371
0.132016938602599 0.254597754162648 0.093707590814444 0.00575674179880947
-0.126911803617777 0.256998750215051 0.153370933715221 -0.0430996379151334
-0.288596431287531 0.122721528065152 0.339834498685008 -0.0131178873832591
0.1252604757336 -0.0622654671415379 -0.387311017067894 0.0929425765631122
0.0505517543420981 -0.146339242800497 -0.155857806824281 0.118844024566068
-0.0830271437157973 -0.140506727861746 -0.0814747065761033 -0.00670169853355473
-0.15784096973231 -0.0263212640301264 -0.179838876261009 -0.00242682587390138
-0.113498960306823 0.064287117735989 -0.274566121943573 0.129932559088463
-0.0576908745318375 0.0781094572753197 -0.228849936082496 0.299603048663787
-0.0328599296535475 0.0880789022148968 -0.144453160591026 0.374099767615098
-0.031124993130653 0.0780759022404921 -0.118372858319674 0.356966897583185
-0.0448631161021562 0.0519556106951674 -0.197088701179844 0.306335474088671
-0.0610232910730544 0.0168427880289032 -0.259428497732019 0.155698624135893
-0.0628276185674209 -0.0179773074880802 -0.255072031138152 -0.0335386235225458
-0.0476123599784985 -0.0605311018664831 -0.113171077810725 -0.132035606943237
0.0209926619251618 -0.0715880141478206 -0.0184649373404287 -0.107459812880524
0.097959104726021 -0.016412855987394 -0.082937946316134 -0.0294627208704729
0.120491342942969 0.0231465165728482 -0.277149996806382 -0.0313589309982811
-0.0290494461438696 0.0167324462842399 -0.407256476453316 0.050493656017879
-0.00812258968736754 0.00312110776751948 -0.174627704421812 0.0938163722622821
-0.0026863529058038 8.3800007640621E-05 -0.118073842992642 -0.0322013081740453
0.00182926645888474 0.0131833401343979 -0.215609779909907 -0.0156887363866692
0.0130374103411974 -0.000903604699990838 -0.292916019625814 0.135006132448935
0.0203503539680735 -0.0334088848528447 -0.243719252261516 0.309028608330199
0.00738777500547583 -0.0605215056854557 -0.149342641435968 0.377412139754451
0.0148142758393306 -0.0627932720575899 -0.119519480106934 0.35223232129588
0.0346761031419279 -0.0673825162690535 -0.185158850836775 0.312186757667498
0.0728500963318246 -0.0319872992716649 -0.252374453967264 0.167897989175208
0.070551737553968 0.0213578757933429 -0.257895319447468 -0.016055917928282
0.0364558489557725 0.0744784371061258 -0.132375536951122 -0.12537698345181
-0.00930130513020058 0.0600623135546077 -0.0425112992960943 -0.118338330512791
-0.0142703288038008 0.042746113226382 -0.078213701611824 -0.0198012852929383
-0.0274383690961265 0.0393929314195327 -0.276568680588449 -0.00732192805042897
-0.183947595311169 0.0738479218760432 -0.365484056282694 -0.00735744388488023
-0.0937880787206579 0.142751704240179 -0.1578624050293 0.0402760295715063
0.0559140571740625 0.160231178056633 -0.132116799043575 -0.0815814824044915
0.165474286697953 0.0827176799140067 -0.230127953927484 -0.0548637151159825
0.158304415331527 -0.0458826177952005 -0.286262370554672 0.106621997087306
0.11576756476564 -0.131024356106015 -0.237944172509752 0.265828481920552
0.0605507447522719 -0.196149323874073 -0.137022226051177 0.320447742960328
0.0601670060460947 -0.194434804616753 -0.100347424322638 0.29299400581662
0.0954593465190835 -0.186442209524454 -0.136653816572732 0.273025002207898
0.183522081965683 -0.10036081849471 -0.195848211144265 0.166322244044009
0.201735234574057 0.0214894759496779 -0.21354950790099 0.0276260561386912
0.159248312803401 0.172616860767929 -0.13776006146547 -0.0702456873652137
0.00531061324829712 0.194550086903887 -0.0805057013614946 -0.0845940395644322
-0.105368773984646 0.128257025486828 -0.0803485880646725 0.00341607773341899
-0.172020663302911 0.0715338037370083 -0.234212131671173 0.0226567364415281
-0.311137689750456 0.096244560122632 -0.264617552972862 -0.0605254936719427
-0.193842851342982 0.236807384363265 -0.103692660196442 -0.0188143489764625
0.0688379664051339 0.308356328769751 -0.108603243250144 -0.127354356364663
0.293783222555531 0.18069427482543 -0.202967623978964 -0.0969380483339665
0.299407950777284 -0.0510262508516903 -0.236470671159437 0.0580518713550651
0.21585232359484 -0.19157368116478 -0.193069045542572 0.182642833016477
0.120271460835171 -0.294128632639271 -0.100388119377034 0.217524430200157
0.0968438798805957 -0.296450769737454 -0.0641928685497069 0.188369753232434
0.12785701399729 -0.287599129592129 -0.070461972283814 0.187798545798668
0.249951405587105 -0.181068152541044 -0.110005543091117 0.129182880343102
0.305628135847046 -0.0219349693936463 -0.127139884582815 0.0533072733542077
0.29588698977428 0.210697380755415 -0.101678192627671 -0.00548820140269563
0.0634943842657822 0.30744886490689 -0.0912170469874989 -0.0251286516881763
-0.163035730296943 0.229242437944473 -0.0664116063984587 0.031594866559492
-0.293370841455863 0.117056838206727 -0.150226506390459 0.0457974641156313
-0.385592699852193 0.0842583933569496 -0.124614870694418 -0.0917630715006439
-0.277828586746934 0.258461971282988 -0.0245939869637084 -0.0604218190510142
0.0307782425331585 0.395798061105335 -0.0560093229109121 -0.139387675896521
0.342022535539041 0.27541341965332 -0.133338909322926 -0.108657658658639
0.389763180604199 -0.0138513138525992 -0.137582370117746 0.0150097263319285
0.29379207386664 -0.198788401447202 -0.104628255503511 0.0816162837358673
0.17011436669686 -0.336761343650833 -0.0392626025627013 0.0895532012215497
0.120272007328637 -0.351837492945806 -0.0180396916200754 0.0558011109075833
0.134046268751408 -0.353066485251801 -0.00381056283825246 0.0657728599517578
0.265666926736825 -0.249961946503468 -0.0198068552006411 0.0496578256605795
0.355664456119856 -0.0845590467839569 -0.0225931382911044 0.0327133981469367
0.396805697857236 0.194500605803056 -0.0283880705618325 0.0276927542264212
0.135133789838724 0.371466597369355 -0.0604904229222957 0.0240134370421354
-0.181337316159772 0.315352955380172 -0.0243260603059109 0.0443899185699663
-0.375048931916008 0.160563197030205 -0.0331577068480012 0.0525444927741169
-0.392394177751329 0.0547699990689379 0.0234098360923288 -0.0927993615342803
-0.309233310108338 0.217097479345251 0.0497322339708757 -0.0704280718275827
-0.0255570867274784 0.391756241671754 -0.00692554269341134 -0.103214228808063
0.302093766523665 0.320029602625557 -0.0503337126736881 -0.0688308935828758
0.396817718690597 0.037373749568803 -0.00963242414946773 0.00672443910808029
0.318242524619106 -0.164090183610284 0.0180583979270624 -0.00515745858746922
0.193663883058332 -0.32154767193254 0.0382073195834559 -0.038763060431179
0.124281590486909 -0.353804340376205 0.0316356297172942 -0.0829390890283099
0.121691925328814 -0.367278633545825 0.0499286709365162 -0.0717852387181519
0.243114643486981 -0.278056874302246 0.0562582040538327 -0.0580667721056184
0.34677598778262 -0.127026895929367 0.0722120640619717 -0.0278159745927924
0.42643856313279 0.153137564045764 0.0522544802169534 0.017522250814702
0.181220254626862 0.377419308568327 -0.00533641178707838 0.0374098600655164
-0.173338884679901 0.354711333044812 0.0382293980017214 0.0284707548906971
-0.401960275025925 0.183302581348864 0.100698739682688 0.0392413457477265
-0.338133714093243 0.0267197014713077 0.152758345000827 -0.0702915947806859
-0.277674258942035 0.15153022805847 0.0940307845760996 -0.0585752314950496
-0.0586169196124574 0.316754415988692 0.00909056055111069 -0.0374272608182913
0.219827501800452 0.288836027135043 0.00916558374567329 0.0100723724304008
0.328373068372642 0.0631835657628965 0.109122477035266 0.0339979047694088
0.277573999399663 -0.111433686497225 0.143872625991851 -0.0636083827033551
0.177480530558419 -0.258516925210487 0.116649701755782 -0.150370750379029
0.109948235055594 -0.304778250784193 0.0773108610098168 -0.207155372236098
0.102100659856862 -0.323175338807505 0.091584443811698 -0.203627726132466
0.199794267631652 -0.253777181215538 0.114922444859891 -0.166591496022683
0.294896129561889 -0.130128158539602 0.145957380635212 -0.0978412928965746
0.382581010700923 0.114917638156157 0.118407810078605 -0.0136238365763735
0.17717298938875 0.334655910855486 0.0486926556966062 0.0234883489121462
-0.154653789413955 0.334864107652196 0.102268162103711 -0.00807285705548488
-0.373343340078369 0.171092303345282 0.23228074036525 0.0134549385803316
-0.237460730301089 0.00843660638010393 0.245482258752368 -0.0412535503749344
-0.196761384505618 0.0948830196260772 0.106363391731295 -0.0437202665520275
-0.0472764313532514 0.208798949046139 -0.00160690996801381 0.0293841060522048
0.142213503093329 0.191734181645309 0.0427851017556039 0.0911728988053794
0.214020751491454 0.0435129343764505 0.196841377725428 0.0666412929039557
0.181920498683112 -0.0653653869974021 0.239645945558781 -0.101340909831628
0.12063359449113 -0.164928162057345 0.175791380478932 -0.233679865563862
0.0746538493141474 -0.209606215882269 0.110260056411401 -0.299352382810451
0.0756384142427623 -0.227173023337334 0.120587862299547 -0.307499271480421
0.142323852578989 -0.18414133871199 0.16150329794159 -0.25238310160402
0.214643386652477 -0.0976132138471921 0.202679838722482 -0.151298912039651
0.283963100806627 0.081799151522609 0.165816783240083 -0.0397145795305254
0.134426723971592 0.253893771081661 0.0934596831210171 0.00569607431809598
-0.125924223197087 0.257466438738611 0.15264420021395 -0.0439287161902461
-0.288437925098049 0.124535248104924 0.34068113941571 -0.0160016553824929
0.125973300985293 -0.063701684182632 -0.388938563744182 0.0961438781486934
0.0499379992789345 -0.146904972524904 -0.155780187246147 0.119638440538897
-0.0847552534196615 -0.140503796888077 -0.0815655098238714 -0.00710128945347412
-0.158691709926978 -0.0252232944879336 -0.180341433757562 -0.00209813447043984
-0.113071108517515 0.065709567236207 -0.274889501243107 0.131553424700126
-0.0576785636805084 0.0787724932466815 -0.227446711192486 0.302079959997939
-0.0327777138297346 0.0882207636177272 -0.141752811808695 0.375134918370213
-0.0306989480010159 0.0786066388944125 -0.116706423167933 0.359129892077919
-0.0446503600069946 0.0524569081104977 -0.195388823378493 0.307940072715994
-0.0609667443901875 0.0174807958243997 -0.258965774411717 0.157531089103627
-0.0634280937966108 -0.0175334329485777 -0.25588321795334 -0.0324267908319785
-0.0482839258863626 -0.0601040181032663 -0.114128271639297 -0.131740779377689
0.0208068185535491 -0.0719173401365508 -0.0189824749355746 -0.107841319554802
0.0981117017965013 -0.0169559970169892 -0.0831131373960405 -0.0283205106077756
0.120799056390202 0.0225972550840826 -0.279121126746992 -0.028626548729055
-0.0289375809389345 0.017160737127082 -0.409507725077408 0.0521061739122633
-0.00835402005579171 0.00346709875112265 -0.174469650480971 0.0946549155736778
-0.00259718055015186 0.000121175496335997 -0.118561983559639 -0.0321324885080782
0.00199210705433836 0.0137252918951876 -0.215977222256366 -0.015393135964177
0.0129022147191133 -0.000548855956129616 -0.29306842083093 0.136433474126537
0.0201937769219521 -0.0336941171178011 -0.24284336960223 0.309945166847226
0.00741343018733714 -0.0607935692640127 -0.147651427086316 0.378640327351511
0.0143345859646473 -0.0630416521026105 -0.11743995921332 0.352950189265371
0.0343949297908481 -0.0679240571564918 -0.183157480011306 0.313863863872487
0.0731099044922541 -0.0320762388095067 -0.252212028495425 0.170053058672777
0.0707107988546448 0.0215033947747522 -0.25883487688289 -0.0140874816779666
0.0369073778846186 0.0746594966955982 -0.133002434750647 -0.124937293189162
-0.0093956266916671 0.0602779295632934 -0.0438632423789094 -0.118070778008134
-0.014161681564285 0.0429231379973315 -0.0785734412899158 -0.0195069719249643
-0.0273801649059511 0.0402210390809308 -0.277700213051393 -0.0059635330267425
-0.184260617452184 0.0753668797118155 -0.368244242322582 -0.00551829361003831
-0.093203902281715 0.143806484946515 -0.158463431689225 0.0413089170392211
0.0577692762741885 0.16036972240585 -0.133074656945761 -0.0810081744390401
0.167300517120385 0.0817883216365411 -0.231275461976327 -0.0545832968068634
0.158746954593659 -0.0471260474813618 -0.286908546990151 0.108869893153598
0.115631263947224 -0.132387465258597 -0.236466291543983 0.267957319916851
0.0599713569396533 -0.197055489555162 -0.135714677435569 0.322490329002136
0.0588185961688291 -0.195150712435427 -0.0985908949327716 0.293891282852479
0.0949230861565936 -0.186950440422051 -0.135777371184132 0.274480740394548
0.184021036903884 -0.101199040939936 -0.195728294723026 0.167795544909531
0.202565955616606 0.0204061520590249 -0.215101663830337 0.0289071690118905
0.160233347507045 0.17208094379731 -0.138263151570924 -0.06985465662709
0.00657950415755156 0.195061468306549 -0.0811543566274146 -0.0846222262022434
-0.105557505976875 0.128882420177559 -0.0805522383675918 0.00397092277859519
-0.17221642076372 0.0736351070314316 -0.235309075761648 0.0244572764358472
-0.311655372427387 0.098331411834116 -0.267154739776569 -0.0590249035186381
-0.192885239736971 0.239028267706776 -0.103775296577468 -0.0182916778740124
0.0706515560143449 0.309331025000683 -0.109608169469522 -0.128104121220394
0.296430904515657 0.179381522507369 -0.204395207891868 -0.0972367927174758
0.300161017765915 -0.0538760895607001 -0.237430805103678 0.059032697370884
0.2159336549066 -0.193150087785195 -0.192384613934505 0.183909990040075
0.118512074237943 -0.29523641074609 -0.0992554035602542 0.218688640126504
0.0950309016762665 -0.297161597100418 -0.0637898547532157 0.189463227953745
0.126874078565673 -0.289075634153657 -0.0692510847181662 0.188022880065584
0.250120922435208 -0.183406279025215 -0.109993431567349 0.130133091736252
0.306945262598778 -0.0236404508449891 -0.127855686338781 0.0545022244662471
0.297675671559639 0.210620312204823 -0.101470750669685 -0.00454140095937462
0.0662350780025209 0.308644402978402 -0.0918662357976814 -0.0243814658446247
-0.162144341322699 0.230335440058893 -0.0668079770188809 0.0316919415937145
-0.293822417293179 0.119981160663201 -0.150076323116588 0.0468515318879699
-0.386323352069739 0.0878946271243176 -0.126848546604197 -0.0914832307878714
-0.27808556668966 0.261177570435742 -0.0249020853653439 -0.0599249474461245
0.0338926427067508 0.396834120970444 -0.0566699206690196 -0.139616121109952
0.345901273108988 0.273681357578793 -0.134515617198993 -0.108974340541731
0.390591596182512 -0.0166950664058134 -0.137764463787387 0.0153568245592713
0.293480684390822 -0.201106174137458 -0.104011972297538 0.0822132153069496
0.169445288667749 -0.338570595445216 -0.0391422357432042 0.0895721239390949
0.11834911093097 -0.353769189167964 -0.0179589458990146 0.0561766139537694
0.131730877375964 -0.354419503121086 -0.00362860379648058 0.0657526117283438
0.265090860498982 -0.252233690073619 -0.0196682054036684 0.0499254530577368
0.356603000681513 -0.0867272194907436 -0.0226993570787979 0.03318437137512
0.399814881303173 0.193341803707982 -0.0276368563375596 0.0282627955835075
0.138029185637465 0.371848623673151 -0.0609721957741279 0.0252168664583915
-0.180931438438176 0.317420863371213 -0.0242565300431387 0.0443651674315806
-0.375258577314868 0.163315671260803 -0.0332698490564449 0.0526700971282113
-0.39373981034896 0.058643522174135 0.0226268682849534 -0.0938300280872059
-0.309271342231083 0.220086680990647 0.0498613743065602 -0.0705736268380459
-0.0228860544382374 0.393942016669002 -0.00733498849318655 -0.103330791663479
0.305456457764594 0.319664905643876 -0.0511158987523627 -0.0694880966883874
0.399239262419704 0.0347085534160145 -0.00988604033371856 0.00631779678507567
0.318804845989501 -0.165720453119953 0.0185812435641109 -0.00553563530525376
0.192524496395571 -0.322906770862714 0.03829705994831 -0.0393614748198114
0.122544945161469 -0.355332315584629 0.0307221559514055 -0.0830880457218159
0.120704102561554 -0.368647585666579 0.0506331482965212 -0.07191265354734
0.242686210057573 -0.279726175152151 0.056001044458607 -0.0582490381418429
0.347164770219874 -0.129136469706433 0.0720930804905855 -0.0278686212856907
0.428952106054922 0.151005392302922 0.0531820701379568 0.0179688193005515
0.183668496362073 0.377003900561844 -0.00564642884102549 0.0383563498263255
-0.172215207227 0.357557228832681 0.0383188563140431 0.0284790317160142
-0.402778630507446 0.185653990889556 0.101332728368909 0.0387614687590864
-0.339063887102924 0.0296558543613894 0.152813733691806 -0.0714376025518305
-0.278199218390496 0.153124655928139 0.0942569624004811 -0.058647814126381
-0.0564444169648479 0.317582113525556 0.00887181012569668 -0.0378629143594326
0.222561720453148 0.288253108442104 0.00859903080397439 0.00938771445438355
0.33037546198504 0.0609010822998604 0.110089446535658 0.0333716207126477
0.278672839089432 -0.113917954999728 0.144150424009832 -0.0640588297304652
0.176407924699248 -0.260158431761656 0.115984623714827 -0.150594184235802
0.107559861591795 -0.306329625584976 0.0760225312929964 -0.208419153223087
0.100653416740042 -0.324413779074367 0.0910136673810765 -0.204207443223732
0.199295769792861 -0.256394232196174 0.114618179138668 -0.167030818013031
0.295623902939161 -0.132528568322216 0.14537345191437 -0.0985133596382095
0.383837444291114 0.113061853803009 0.119129727304676 -0.0136652687772146
0.180285575507152 0.335196339535332 0.0487709778957805 0.0237680863297923
-0.153898641536221 0.336856930379273 0.102091116121585 -0.00828857843369324
-0.373924448435307 0.173513607374335 0.233540985997488 0.0117119054351778
-0.238379770790873 0.0104324069457338 0.246156676101291 -0.0433783645813401
-0.196903122787066 0.096273033501106 0.106918476219236 -0.0443864648216151
-0.0457134290208914 0.209713826181893 -0.001270148198194 0.0295045264829783
0.143975141599794 0.191105833178775 0.0424411066506709 0.0909539569055253
0.214790061173985 0.0417046271112591 0.198000794489221 0.0656741777713079
0.182034799475508 -0.067218853793679 0.239398241961048 -0.10256605544396
0.120740715595907 -0.165551184265227 0.175241474902803 -0.234687583914384
0.0733866535500451 -0.210550449736234 0.10884619949327 -0.30055798662307
0.0741173144866057 -0.228000031623274 0.118794019046579 -0.30901684195759
0.140889255052746 -0.185686437104371 0.161122511861729 -0.253353580523138
0.214847619315967 -0.099236108844622 0.202342792944005 -0.152561169794471
0.285213641034019 0.0809047583342887 0.166676177948164 -0.0406408793243043
0.135819731868406 0.254481785403756 0.093134139193519 0.00565682956925533
-0.125067312160708 0.259211515711672 0.152982922024121 -0.0450091668826446
-0.288298055492043 0.12597585900641 0.341866399714969 -0.0184888271896908
0.1267389891572 -0.0647155682616087 -0.391194187880514 0.0986297889739102
0.0498738108210652 -0.147777570512082 -0.15566628004885 0.120186145318015
-0.0859723234180009 -0.141097265213004 -0.0815006913387321 -0.00687388703097965
-0.159731574577098 -0.0242264900423962 -0.180960131585896 -0.00182871759765472
-0.112825808282429 0.0663716837927829 -0.276399756299938 0.133388175151035
-0.0576383571299517 0.0793128777603176 -0.227298514718238 0.304027391796903
-0.0320459758494353 0.0885352199041995 -0.140792819918543 0.377956684397109
-0.029977200830747 0.0792219070263148 -0.115723115120688 0.36103290585909
-0.0442635118769902 0.052823919628257 -0.194812272458279 0.310813329112747
-0.061354669325474 0.0178523780149651 -0.25993928206287 0.15941099208278
-0.0640954023912364 -0.0170295215338152 -0.257367128783314 -0.031656623541897
-0.0494032511404254 -0.0598415831167127 -0.114945631945721 -0.13208440566042
0.0200797254436773 -0.0722542950349373 -0.0191878965139606 -0.107462536061818
0.0989081915509599 -0.0175408549906734 -0.0839757783404871 -0.0278881465009866
0.121395027241618 0.0220665014943956 -0.281647003890624 -0.0264046662753654
-0.028801813366906 0.0175248517503711 -0.413531665393112 0.0552053059990789
-0.0080634740298289 0.00353546155472062 -0.17528082966169 0.0953232047011406
-0.00230081533574278 0.000230777141275748 -0.119245673609535 -0.0323190624728714
0.00200400874049086 0.0136653261710082 -0.217530322990189 -0.0149082240027583
0.0129386359082028 -0.000406017424341678 -0.294261925447796 0.13857971121607
0.0205456779765169 -0.0338030383350437 -0.241897409964198 0.313012668628048
0.00708850414240649 -0.0615617718889889 -0.145830112757118 0.381532513922289
0.0145201147983165 -0.0634211824792816 -0.116997193278991 0.355830950605426
0.0348965924012731 -0.0679062077475389 -0.182521034338105 0.315169294075879
0.0735882775429639 -0.0323231582478283 -0.253387663400174 0.171221642025374
0.0703915171740822 0.0217041770789392 -0.260474184914062 -0.0131021802230705
0.036947347589228 0.0748154236565508 -0.134027877734277 -0.125710009677753
-0.0092384669731515 0.0604781409827564 -0.0446103851089011 -0.118162532040501
-0.0142361426201413 0.0434618160116022 -0.0789746900148126 -0.0184675743595157
-0.027447651271418 0.0404862205632121 -0.280739512626313 -0.00338734338474645
-0.184796140584444 0.0775317467059371 -0.37196612340362 -0.00420765075627366
-0.0929680328438426 0.145699425048163 -0.159014997567794 0.042000388093976
0.0586774149348846 0.160870514853903 -0.133345742245054 -0.0812311957618977
0.168870251237368 0.0813787080020237 -0.232757513739588 -0.0546523439433389
0.159786832847297 -0.0484093622769768 -0.288180396076664 0.110058473877431
0.11555843964912 -0.133803408520994 -0.235896070501377 0.270431460551881
0.0589316845561092 -0.198329054148961 -0.134872644790537 0.324137849810539
0.0580982116739956 -0.196630908911044 -0.0980550995855027 0.295765934403902
0.0950733483861912 -0.187964074673978 -0.134503592055387 0.275784851486891
0.185040397228776 -0.102497270977618 -0.19602489089352 0.169430797032183
0.203912862586312 0.0200003914611539 -0.215931057915723 0.0295552222911233
0.162270365018687 0.17212908570085 -0.13906730965768 -0.0691524723574841
0.00729110326448187 0.196913749241517 -0.0823814759456754 -0.0845212785116793
-0.105663051654617 0.130623730875339 -0.0809585965299743 0.00446294945772024
-0.173065095626965 0.0748246795223425 -0.236510095633977 0.0260083058370016
-0.31301948169169 0.101294648734305 -0.269749051189359 -0.0581860302654852
-0.193124707091234 0.241857153031755 -0.104680926788573 -0.0183951350284299
0.0732946122675055 0.310380920704972 -0.110459369197073 -0.127607447861099
0.299495633420226 0.1783108881833 -0.205854439311595 -0.0970017016606014
0.301625992782843 -0.0555271138452143 -0.238956161532009 0.0598885065073595
0.216852166383871 -0.195268605344847 -0.192398460473851 0.186064896811418
0.118096417429267 -0.29711027325419 -0.0993498274457629 0.21912429590772
0.0946148080338139 -0.299354694755932 -0.0628346706274562 0.190829295018826
0.126145090428545 -0.290758235678149 -0.068379235617655 0.188595574485552
0.251037516023055 -0.184965104802113 -0.110017127529765 0.131205948057246
0.308422528124905 -0.0253188326314701 -0.128376992650431 0.0551202122131674
0.300505476737024 0.209582920724561 -0.102160056149708 -0.00394456242144632
0.0680688633251484 0.310434509551727 -0.0932624866036252 -0.0240335788158725
-0.161926429012116 0.23259996068883 -0.0670235477871826 0.0323534888643992
-0.295285407790418 0.122111193612235 -0.150959165357406 0.0478311313128461
-0.387953049064162 0.0907590600086321 -0.129380747146457 -0.0915100630703199
-0.27805140338843 0.264680549312681 -0.0248479115041763 -0.059873731035705
0.0361582701809182 0.399227056178113 -0.0574559304865008 -0.140207299651321
0.349665701764204 0.27268192422442 -0.135723824105316 -0.108864454676977
0.393139052394846 -0.0192435187869488 -0.138729154981883 0.0157111554437546
0.295300299990002 -0.203632033260933 -0.103554238289122 0.083496436074767
0.168565937714518 -0.340168451435006 -0.039584640882948 0.0903236557503154
0.116888364175592 -0.356014323360861 -0.0180072853948958 0.0565645039542444
0.131766854874681 -0.356606572724572 -0.00301946606031639 0.0655342146087225
0.265749977645637 -0.254153521997969 -0.0195088193508517 0.0504814940662251
0.357954365546386 -0.0891931846105463 -0.0228013371789581 0.0339818598847001
0.402581878251035 0.19193614145898 -0.0274580748787926 0.0294291689645094
0.141053539764368 0.373226838844384 -0.0621746732786016 0.0257040767680307
-0.180281104601271 0.320254460933822 -0.0243404933335659 0.0450066761031883
-0.377089306931737 0.165884458299729 -0.0331836536522783 0.0527847488430467
-0.395914469504795 0.0610551406525431 0.0216899682768963 -0.0943549081209184
-0.310582804300018 0.223066775264797 0.0499586143532372 -0.0707696485145976
-0.0206397102825505 0.395734046190493 -0.00767796312533135 -0.103917725284132
0.309998397851367 0.31971261847927 -0.0524762596173936 -0.0697771881071048
0.401994990440491 0.0329509276717058 -0.0102527857715849 0.0062144370073631
0.320681371497131 -0.169119274694202 0.0190576190165456 -0.0054296475412174
0.191986547855817 -0.325283924674153 0.0379957040183505 -0.0398028443003425
0.121691467378854 -0.358421693077272 0.0307337448794695 -0.0835337061195983
0.119127391490065 -0.370572619786136 0.0503973093524649 -0.0732031706712811
0.242276101554657 -0.281735576787445 0.056157850015488 -0.0584291462339721
0.349115065983369 -0.131759965369018 0.0720996576280168 -0.0275470953877026
0.432700550236143 0.149321663243677 0.0538315133090661 0.0185249315425061
0.186438527127608 0.378451379505384 -0.0061050552452659 0.0393270913962352
-0.172453090986359 0.35983711978589 0.0383002562386565 0.028516686531038
-0.404299264658473 0.18887644885901 0.102339391963605 0.0378110439963625
-0.340505563521602 0.0318169394208539 0.152715280522571 -0.0731993747638234
-0.279596540631958 0.155901498687713 0.095093116965903 -0.0591256629026324
-0.055007276358726 0.319787148665062 0.00899435555432314 -0.0381464091421125
0.225942818049889 0.289240477639065 0.00854911924995449 0.00920227313168147
0.332825064582472 0.0589280114339817 0.110624918568561 0.0328614414510516
0.280111247845327 -0.116153378665158 0.144847842664457 -0.06466150191352
0.17667241660938 -0.262454255767789 0.11599117157376 -0.151594696661644
0.106580234918612 -0.307961096511751 0.0751523038556963 -0.209294777473764
0.0991785277844506 -0.325678513969301 0.0904801838901806 -0.205542821078841
0.198869670969961 -0.258185136958335 0.114443739014928 -0.168196908776279
0.29673970819734 -0.135096662045011 0.14602485352607 -0.0987298022329262
0.387274735035181 0.111091211818705 0.119696853399205 -0.0137573053888759
0.183297421340995 0.335781892614438 0.0485844117476702 0.0245541700971385
-0.153431965374753 0.339651027912096 0.102576820844477 -0.00925759064211187
-0.374775715845267 0.176147969395568 0.23583786134057 0.0099942434085011
-0.238969082629414 0.0120996234646491 0.247941620591375 -0.0447386285383715
-0.198357288868009 0.0978093872874929 0.108117810878927 -0.044903234059906
-0.0449301170249834 0.210960216082748 -0.00203264288130817 0.0290177183924616
0.146370390550438 0.191282839406534 0.0419161912927169 0.0909830764885697
0.216427540920404 0.0400948676709852 0.199453039192354 0.0646702991927656
0.183279025021845 -0.0691531265382124 0.240970276781757 -0.104005211896648
0.12063223467179 -0.167172124377522 0.174618454633428 -0.235884959088957
0.0720526152093225 -0.212142361557225 0.108160913464414 -0.302901826566975
0.0731633426405192 -0.229348643807766 0.118762185649529 -0.311145711124146
0.1408278288443 -0.186994987271768 0.16030108329326 -0.25542403440097
0.215602342702309 -0.101501456369501 0.202552040497853 -0.153655210840711
0.287629210746221 0.079781085818932 0.167787012379395 -0.0407918495371439
0.137792003459424 0.254644705448793 0.0929813154805146 0.00602066025112161
-0.12523042192972 0.261585636460251 0.153224070057048 -0.0459155393796352
-0.289824330368073 0.127922258289108 0.34451005762325 -0.0209877760722276
0.127563478619838 -0.0660169395069608 -0.394767878240304 0.101818728040434
0.0501290451025551 -0.149342529281352 -0.156899497315595 0.121235356010645
-0.0871794547903456 -0.141517258811174 -0.0819231106314507 -0.00729288607901313
-0.161636735264567 -0.0231936354453639 -0.182217338900337 -0.0011449003091719
-0.114100448893042 0.067883407370206 -0.278430296692634 0.136018087465544
-0.0580203928740844 0.0805823807581427 -0.228652315101914 0.307336855922766
-0.031984256388438 0.0895384782852168 -0.139639549415583 0.380734708938907
-0.0296618145781446 0.0801580928660292 -0.114796994946239 0.363829611268468
-0.044355466498707 0.053834166830368 -0.194680095190501 0.313239782421118
-0.0620106220381562 0.0181372066600433 -0.261600740759034 0.161396741681782
-0.0653177405621057 -0.0164804801718135 -0.259164050799046 -0.0312027370510893
-0.0505527482181802 -0.0603535060760964 -0.116574990156287 -0.133185118025335
0.0199269451349444 -0.0733831743128171 -0.0200656733392093 -0.108456727159513
0.0997269373142464 -0.0184380672514254 -0.0852131582237795 -0.027794282018232
0.122611528096461 0.0220149484904277 -0.284432621677616 -0.0249123270198319
-0.0286374246960418 0.018064735870985 -0.41809478132089 0.0584921276710993
-0.00806090002926323 0.00416815008428518 -0.175449394796168 0.096652857622575
-0.00277119564423729 5.13502681736252E-05 -0.12009649088588 -0.0323558606445281
0.00175286596144367 0.013724215908787 -0.21947117586642 -0.0147075049541044
0.0134328178383593 -0.000500851972842982 -0.296804571988454 0.141183164347305
0.0205704379326708 -0.033965574960086 -0.242452854774945 0.316410260364967
0.00704308045920824 -0.0617706974011291 -0.145205465386805 0.383989039752158
0.0147239920122102 -0.063835685559135 -0.116342051113689 0.358412187308093
0.0349039592350728 -0.0684023568067296 -0.182248222282467 0.317570418417765
0.0740185402855879 -0.0328961977582948 -0.254973937852191 0.17401625416388
0.0711312828324988 0.0215299558459834 -0.262097125925874 -0.0125881509734794
0.0373864928864883 0.0755639201822756 -0.1350425010054 -0.125806287365306
-0.00916628733276539 0.0613555817036772 -0.0451154625110727 -0.118461219507255
-0.0140401115290215 0.0440565903546183 -0.0796962419652142 -0.0181047725712372
-0.0276453979769143 0.0416146645662742 -0.282421106859732 -0.00185543000289755
-0.185759346014952 0.0788003338472888 -0.376287374092018 -0.0022773294841984
-0.0927084671764551 0.14721912401164 -0.160245692726659 0.0431081167705255
0.0600731602581992 0.162161905785275 -0.134794155563346 -0.0817348302425615
0.170484788085514 0.0812443520401177 -0.234988827403242 -0.0546810446513143
0.160518268888991 -0.0492588312810474 -0.290622567055153 0.111511096995422
0.115978816841514 -0.135095798912123 -0.236226070340472 0.273591616022115
0.0585197945128521 -0.199916923505602 -0.133373603176679 0.326529560134782
0.0578127930574855 -0.197989332308633 -0.0975447581882118 0.298430688467174
0.0950608531325721 -0.18976482760414 -0.134670050913816 0.278453874408863
0.185044652279297 -0.104064093442634 -0.196944995466094 0.171895474717317
0.205076967451585 0.0188384157395008 -0.217485661265577 0.0308184967034641
0.163877424872325 0.172850964371026 -0.140636156656411 -0.0691971347339294
0.0081972884506409 0.198739292165033 -0.0836082285571387 -0.0846619258676838
-0.106720298701931 0.131803053074096 -0.0817645451786907 0.00542382666990256
-0.173843816329762 0.0760795293802528 -0.238596432137215 0.0279031971632988
-0.315517219451407 0.104326795921163 -0.274009716306037 -0.0571264447679529
-0.193907323017324 0.245367434458175 -0.105047227674535 -0.0177237660611147
0.0757665611412579 0.312883505869781 -0.111487947048018 -0.128953442776719
0.303184639795187 0.178830433946107 -0.208435238890968 -0.0976357115034755
0.304465246100705 -0.0573123594899823 -0.240646111421736 0.061225833079703
0.217719736353356 -0.198044632182928 -0.192733067843916 0.188302748972374
0.117274567785105 -0.299661435906375 -0.0993506310339533 0.221534471023613
0.0939720171550431 -0.301585151037428 -0.0634605228222903 0.191980309688385
0.126201789746594 -0.292914440095569 -0.0681068956661114 0.190204939979935
0.251947528427573 -0.187230232205769 -0.11036167810451 0.132837414178253
0.310681889503538 -0.0274267823070459 -0.129569489849573 0.0564355655394793
0.304150196474914 0.209649103917371 -0.10250048555033 -0.00320217108317524
0.0698682798494279 0.312656136302987 -0.0942048763959231 -0.0241132743985331
-0.162992927375628 0.235206240402831 -0.0678245885234321 0.0336135746763153
-0.297439220212762 0.124683699559312 -0.152323212051365 0.0490920718305102
-0.390558862369855 0.0947688766921185 -0.131604292453105 -0.0912586997018583
-0.280184775058342 0.268080768632272 -0.0255327903399309 -0.0592068846284214
0.0387778790512634 0.402513520461946 -0.0581436823413201 -0.140938993008736
0.354212476105433 0.273353189645879 -0.137698417311844 -0.110267132828895
0.396905861419655 -0.0213102876820686 -0.139929864491472 0.0158834005911835
0.296891895600243 -0.206718818697933 -0.103552723109602 0.0846693100070046
0.168410981633921 -0.34318510890549 -0.0394857010166794 0.0909701278588727
0.116265536444518 -0.35897076336406 -0.0178917315824952 0.0568411768670087
0.131448988203659 -0.35937469901199 -0.00239032215309796 0.0659306357850619
0.267850737945866 -0.256965773513332 -0.0194448212294942 0.0511720881659749
0.360718501862237 -0.0914540662754962 -0.0228897209488006 0.0342055938887346
0.406761296332428 0.191360600528414 -0.0271401094387676 0.0302090864031188
0.143873993802067 0.376514329251359 -0.0627074040252687 0.0265239566496134
-0.181910192742205 0.323442316691333 -0.0246972373289392 0.0456353442584669
-0.379694233750913 0.169105950694924 -0.0331293421881157 0.0532647995800502
-0.398935279044173 0.0648667849065344 0.0209281184083192 -0.0953731659323311
-0.312530267253834 0.226634495169039 0.0502602020616351 -0.0707443670190684
-0.019379313951529 0.399542564804973 -0.00789314682182018 -0.104925172288242
0.313779670523998 0.320825950054181 -0.0536347320835372 -0.0707320183842119
0.405294483276727 0.0311534439941624 -0.0104952397579723 0.00562619673292424
0.322862426047952 -0.171742878222201 0.0193584642602473 -0.00508901613356664
0.193074133642377 -0.328820013813184 0.0375000767277452 -0.039980201359857
0.119917715606599 -0.36091803591538 0.0300786871897873 -0.0843079786210213
0.117962228050266 -0.373405803652886 0.0506338594021022 -0.0743536186658957
0.244070128794171 -0.285462038049383 0.0563871076719144 -0.058818478316657
0.351501757873359 -0.134974909752874 0.0723987963956198 -0.027483925123625
0.436579377559763 0.149421438605511 0.0551743632787875 0.0188956117891242
0.189975862537017 0.381095506443934 -0.00660810824542052 0.0400174486781718
-0.173409951421887 0.364292344581777 0.0386395208841849 0.0285363368603923
-0.406892857486127 0.191339689377648 0.103425931509751 0.0373349822654325
-0.343302212387361 0.0343521153435036 0.154060368215392 -0.0746703423708426
-0.281715165112987 0.157719709664877 0.0958298077441902 -0.0599853673351171
-0.0541402581331299 0.32218948447129 0.00905100180362959 -0.0388467309778231
0.230182602347149 0.290106638058672 0.00757281346429336 0.0088579172214177
0.335658964970327 0.0571615695141076 0.111299032506696 0.0322899856022017
0.281945441688644 -0.118849193260757 0.14615969445729 -0.0660643789583871
0.177292621636041 -0.264878226966912 0.115788601620777 -0.153068675004124
0.105300807973116 -0.311256721177813 0.074100236389932 -0.211211015509354
0.0981306021838528 -0.328680060641588 0.0900988408184201 -0.207761652076796
0.200359635831422 -0.260479283428552 0.115340733275439 -0.169419402740936
0.298627871169115 -0.13713768552152 0.147165044238545 -0.0999262862725105
0.390803242124842 0.110298897553386 0.121498293370469 -0.0140451918185853
0.18601643902458 0.337947767130186 0.0485206125582357 0.0248098745870099
-0.154284197689448 0.343309809914338 0.103234110302851 -0.00949316239711475
-0.377341421342404 0.178764565401442 0.237471542743915 0.00879423273779234
-0.241027729747571 0.0133511742802334 0.249658773555339 -0.0472028838760051
-0.199410342923045 0.0990653553186031 0.109551407262654 -0.0460331790204622
-0.0434951228495291 0.212871989613282 -0.0019219358182338 0.0295349881906195
0.148894733311477 0.191654402739685 0.0423805123561892 0.0915800130600559
0.217773590847222 0.0384251091263652 0.200882254385765 0.0640964996459423
0.184616144715416 -0.0706555197988807 0.242795042970305 -0.106529979348006
0.120877785008223 -0.169109506650952 0.174811113048121 -0.238465525203449
0.0712675898984307 -0.21415094790747 0.107024303363993 -0.304974555835938
0.0726905613281865 -0.231344333528065 0.118018250623837 -0.314119420178578
0.141422731192291 -0.189502586764995 0.160598824961995 -0.257265334693512
0.216610025697272 -0.102590099608576 0.203676344146214 -0.15468645741027
0.290370276438291 0.079303031003198 0.169521970007029 -0.0411311706618563
0.14058747615179 0.256178227108067 0.0937835242184645 0.00626377236882252
-0.125187515630605 0.264269297048162 0.153901762053146 -0.0468593615431098
-0.291499813623252 0.130185442156881 0.347727700742005 -0.0233590598249011
0.128961324927743 -0.0675288024858015 -0.399804217594007 0.105117424689255
0.0501866717578222 -0.150693449549612 -0.157668229297512 0.122992996959096
-0.0890939002435329 -0.142466002492895 -0.0822362723040995 -0.00765658302121286
-0.163571142360018 -0.0228915880296817 -0.184274205412348 -0.00134457909097881
-0.114650557150048 0.0696116429845099 -0.281203234664995 0.138224703525006
-0.0580826922305389 0.0818253534568524 -0.229329852572413 0.311143978338087
-0.0319599576304107 0.090284733209592 -0.138510562502227 0.38380331915703
-0.0290752111452593 0.0812107125458932 -0.114048981356421 0.36734479340242
-0.0446516800766436 0.054632374483971 -0.195389156006233 0.31773173540827
-0.0629497253715305 0.0190611047468853 -0.262749568810678 0.163033418548174
-0.0661677475117997 -0.0160874266944708 -0.262973945885204 -0.0303971954202637
-0.0514371255673729 -0.0606219631002469 -0.117993389428237 -0.133833488733898
0.0196771771526488 -0.073768774010568 -0.019993196236765 -0.109252058364133
0.10085148097833 -0.0188256803885282 -0.0856403500319588 -0.0267214992089457
0.123640356201003 0.0220042164748305 -0.287395823213759 -0.0227745134193758
-0.0284435915503993 0.0182696172812913 -0.422546453159559 0.0605633346416256
-0.00770955968911119 0.00462274338250799 -0.177910595069979 0.0980969375165498
-0.00257879873104044 -0.0001263736965807 -0.121510791065954 -0.0328794261969788
0.00164401986906823 0.0139821519694759 -0.221303013067759 -0.0139784445586295
0.0140114714076679 -0.000339494391398923 -0.299910693522034 0.142843206674371
0.0206391972874018 -0.0343528023034719 -0.243149867505119 0.320382188549301
0.00696322227311501 -0.0620553527300267 -0.144941901860779 0.387731748528548
0.014650572624033 -0.0641455842319171 -0.115823358726124 0.36235476631303
0.0350256519378675 -0.0689340231072508 -0.182515380571572 0.322340972828272
0.0739264666371182 -0.0330787609580487 -0.256807502081288 0.176494992475271
0.071510113937735 0.0214307237264886 -0.265541097792229 -0.0121840918183975
0.0375754016424161 0.076143097372449 -0.137879152034924 -0.126537732166639
-0.00934623701955276 0.0619073577092234 -0.0459097624393252 -0.119382674169624
-0.0138673962693788 0.0439674233904642 -0.0809483339362239 -0.0174930819395599
-0.0276548627437968 0.0417732951689254 -0.286385468251653 -4.72522912866739E-05
-0.187271247313894 0.0809685745310599 -0.381777067736923 -0.00108206697537317
-0.0933107250263165 0.150450879572366 -0.161364779207975 0.0440773671849054
0.0615351776729713 0.163681473575816 -0.136097902757007 -0.0823721955973712
0.172767671862495 0.0812235602486065 -0.238134874151059 -0.0548180857571592
0.162716436935529 -0.0503016197771351 -0.293598938331644 0.113803291846769
0.117534913425277 -0.136873021264435 -0.236865082810672 0.277425191657026
0.0585210573280351 -0.202208746900804 -0.134046105573457 0.329906847750723
0.0573821696589114 -0.200341260825846 -0.0970414639877217 0.30167884468784
0.0956773397301395 -0.191288201389556 -0.134196351541513 0.280961654162213
0.18722139954611 -0.10553491621512 -0.19860284371472 0.174283332460145
0.207779323032171 0.0183092174288598 -0.219897050500793 0.031976416306895
0.166554892812274 0.174144851328922 -0.142055804454418 -0.0694308195182772
0.00939490625069142 0.201050573314895 -0.085469284866841 -0.0847639604443065
-0.107583292127687 0.133979774502039 -0.0821730404793269 0.00584063206541859
-0.175414993519714 0.0783612656662175 -0.241312628366193 0.0295723015318283
-0.318089569133337 0.107446245310037 -0.278255609408909 -0.0565392723864322
-0.194975440189677 0.248745405919343 -0.10652177028423 -0.0168103419389199
0.0778694353468165 0.316051454605914 -0.112544470237105 -0.129866628468316
0.307261009392521 0.179399046870817 -0.211011482934191 -0.0986946271167666
0.307782317328537 -0.0595088427800288 -0.243565896231467 0.0618986365259102
0.219924314452292 -0.20074893745548 -0.193306057114492 0.191275720118293
0.117380494507155 -0.303062155115341 -0.0995219100569303 0.223803777890917
0.0929739843944032 -0.305124567639796 -0.0631634785408525 0.194080298987856
0.126694977514076 -0.295975832167722 -0.0673857127359322 0.192100754012439
0.254465042645202 -0.189701049154564 -0.111170501909848 0.135141270088883
0.313914787429871 -0.029075187236917 -0.130961255674715 0.0576589357956817
0.308294192309021 0.210549935094616 -0.103710574137062 -0.002890317100741
0.0727333838985767 0.315723427778304 -0.0962766090377128 -0.0233237904885083
-0.164144481876168 0.238331564219843 -0.0680850493063924 0.0341523978322047
-0.299894359437486 0.126966416606777 -0.154103509271682 0.0500960943709802
-0.39440416866592 0.0977151188452854 -0.13437236916125 -0.0917798358406614
-0.28203526657796 0.272670995501984 -0.025631254042796 -0.0595185499168744
0.0417012009639916 0.406775043342635 -0.0592763323798853 -0.142093367042558
0.360712314210337 0.275304017817269 -0.139523256979865 -0.111415757980875
0.401299506900613 -0.0232121998714707 -0.141477519814475 0.016102884721389
0.299981313564969 -0.21095166700066 -0.104307240820643 0.0858098978134104
0.169355154081907 -0.348015943675562 -0.0401524134495874 0.0915409295258012
0.115498791855723 -0.363505718990527 -0.0183263833696453 0.0574497461063454
0.130775101885747 -0.36351836478593 -0.00180872775744235 0.0660945375888326
0.269728138989066 -0.260181343762839 -0.0196328745153844 0.0519860083893041
0.364417286424339 -0.0937139004860882 -0.0231541326832259 0.0350820813175524
0.412184470253933 0.19191255754114 -0.0269335086105075 0.030832114322757
0.146997641863408 0.380052949740162 -0.0636614568928831 0.0276158426328114
-0.182297482894332 0.327780582897066 -0.0250182840955347 0.04626699768229
-0.382293789702436 0.17266803996858 -0.0334546801874058 0.0537527267309196
-0.402764914220183 0.0681536176108942 0.0205061434078513 -0.0969402843045538
-0.315352966695481 0.230840943675701 0.0510397853557779 -0.0713167888676731
-0.0172092590633126 0.403655045812199 -0.00779893482292428 -0.106087877402065
0.320059266476473 0.322843436206189 -0.0545307593774756 -0.0716627277947555
0.410617934510173 0.0292314097402453 -0.0106131339370729 0.00549694128841373
0.326245252010317 -0.17565356699206 0.0200834399739556 -0.00534709011210684
0.193717300512052 -0.332521989041233 0.0375281643429794 -0.040709968992761
0.119857721003026 -0.366014447589111 0.0295581401897978 -0.0848396673239579
0.118004699411252 -0.377398797380255 0.0510853022838555 -0.0760548516360698
0.245405740451844 -0.288824918658882 0.0567341316858127 -0.0594813448052493
0.354334283869968 -0.138170000211815 0.0733777498154538 -0.0281291650684219
0.441772423233364 0.148109085520284 0.0561336504158063 0.0194666058768085
0.193769108782313 0.384728722219793 -0.00708956846407708 0.041175815296886
-0.173907031682483 0.369081499115961 0.0390499468555047 0.0286823414068472
-0.410402183198264 0.195367891766808 0.104933250472721 0.0372368847789839
-0.347173150288959 0.0367657210832447 0.155196745077859 -0.0761829644747933
-0.284098153289141 0.160559247195424 0.0971457108539854 -0.0603122845923665
-0.0526131957356228 0.326050817179436 0.00920226795873215 -0.0389247156999355
0.2342814293114 0.2916565238604 0.00728838497494597 0.00872166008374777
0.339335058116787 0.0562707258660977 0.112009345676814 0.0317582055647247
0.285672412535873 -0.12196017387442 0.148015574096064 -0.0671523416109197
0.178255232382771 -0.26833416992533 0.115920995803585 -0.154615684350046
0.10469545438834 -0.315604226219846 0.0736504608579964 -0.213082894833825
0.0981099387539527 -0.332669018593333 0.0907502989193224 -0.210332396615289
0.201086781955443 -0.264196040879382 0.115859362119181 -0.171505005341733
0.30147040589074 -0.140352962804061 0.14820154326342 -0.101494142684325
0.395745405765901 0.110795560344534 0.123193656730025 -0.0146692052001742
0.189639929348183 0.341315952338484 0.0480698125678843 0.0256007755129574
-0.155497278848683 0.347397926102637 0.104067040426356 -0.0101299785598606
-0.381205634544801 0.182259785376271 0.2403485002206 0.00715239753896086
-0.243698602023084 0.0153730796974186 0.252852539386888 -0.0492686990865545
-0.201752177217761 0.101430372512502 0.110750102638702 -0.0472560995050089
-0.0427544990441567 0.215004579139284 -0.00217686787642529 0.0290090910617494
0.152775704964741 0.192856638937648 0.0415377720403191 0.0918165560022156
0.220807919928796 0.0379013364036225 0.202744023637135 0.0638450011118185
0.186569368711621 -0.0725751984656435 0.244700404441795 -0.108376944267859
0.121630401796032 -0.171544141751275 0.175381889754055 -0.240464694904377
0.0705701984113526 -0.216215743880657 0.10757280004378 -0.308357829347342
0.0718135326178833 -0.234112334407129 0.117924938374427 -0.317466648362264
0.142435326944114 -0.191511517475086 0.161824002449637 -0.260699543762399
0.218919590622173 -0.104755176267511 0.204731374258849 -0.15692809138861
0.294203121296949 0.079040334805874 0.171209758842444 -0.0418556614177323
0.143226585439639 0.258990792774493 0.0941795182976173 0.00657480280991966
-0.12683718269285 0.267548449009429 0.155189815662491 -0.0479028381578084
-0.29439027046334 0.132530887987702 0.351825592966283 -0.0252953076491296
0.130688054874436 -0.0692516014988401 -0.405466273806937 0.108583889903471
0.0502898954903121 -0.152891498752341 -0.159331779867397 0.124857963060507
-0.0911385521853341 -0.144099603973171 -0.0825361928837775 -0.00830940826233878
-0.166760075172648 -0.0227470474368987 -0.185656557258067 -0.0014435701309844
-0.116014132075199 0.071715123099718 -0.284851230757777 0.141294106705897
-0.0585252623821811 0.083233879167029 -0.230621209764113 0.316088825101713
-0.031933221930663 0.091385233844394 -0.137834836785352 0.38987964092884
-0.0290013251920496 0.0822635144171628 -0.113612935717748 0.372925675470345
-0.044726732218193 0.0556829843024963 -0.196375635058896 0.321880004882201
-0.0637629209444424 0.0197015873163525 -0.265906822511355 0.166788655711358
-0.0675555574998882 -0.0157098231672617 -0.265805885452551 -0.0298183554621942
-0.0528716218138474 -0.0610474915095871 -0.120219139769764 -0.135162280122127
0.0192562338841682 -0.0749437811738841 -0.0205537286097157 -0.109890943161092
0.10235005395007 -0.019666173206907 -0.0876264336142063 -0.0264958310680578
0.125786519260126 0.021469692810032 -0.29256729412104 -0.0213055910711776
-0.0286404741119676 0.0190762990957906 -0.430332260567683 0.0635682852857764
-0.00771170571964214 0.00474268277455273 -0.179757134592092 0.0998268402129749
-0.00246331203892686 1.77487766204517E-05 -0.122913470596202 -0.0330051581819306
0.00184262876328124 0.0139065790285528 -0.224819607169057 -0.0137742467389917
0.0140160679385602 0.000113861255748916 -0.303214126385071 0.146131649213281
0.0209415500134434 -0.0343736898573798 -0.245113692755494 0.325754733011234
0.00665984402213303 -0.063172868690679 -0.144478097611213 0.393423841034081
0.0146695590139705 -0.0651180375261484 -0.115451194572371 0.366943159531106
0.0354968484432114 -0.0697846745951581 -0.183544933440825 0.326464677345822
0.0749887502904061 -0.0332994674252783 -0.258840842210079 0.179364680602719
0.0721748856575593 0.0220114704764133 -0.269241957512344 -0.0112866594334777
0.0384522564504287 0.0766891365372088 -0.139973791474188 -0.127904265091209
-0.0090209743216838 0.062981195639017 -0.0469965941493557 -0.120644029843491
-0.0141049788987787 0.0445673479224707 -0.0821619514575779 -0.0163806027455648
-0.0273355699778754 0.0433035180836877 -0.290526863783988 0.00225754549981725
-0.189012276821436 0.0831293006805019 -0.387996164361829 0.0018653506081836
-0.0941379875296501 0.152969869193594 -0.163003764076556 0.0459319989332651
0.0637558059754653 0.16570982092144 -0.138126484352183 -0.0836438158530009
0.175535374891716 0.0814432757334092 -0.241585446941946 -0.0554475577906166
0.16494932719049 -0.0520870343151911 -0.296724126080777 0.116669594398776
0.118017344509784 -0.139121651224017 -0.238076715630916 0.282534190678216
0.0583157380684323 -0.204875095823089 -0.134339543205297 0.335033777200247
0.0572366458575737 -0.202813033035799 -0.0976764684394269 0.305618392624929
0.0964033378080092 -0.194025480966194 -0.13472375621158 0.284545428503032
0.189151641731646 -0.106922318394539 -0.199788307054031 0.177568995344099
0.210574889322109 0.0179225799623387 -0.223197200700095 0.0333773907530667
0.168770469284607 0.175280146802029 -0.144233008719914 -0.0695891000678765
0.0105670741064196 0.20391695869605 -0.0870040646159913 -0.0854128754249093
-0.108130379508103 0.135823512329906 -0.0836684211038379 0.00696430275842953
-0.177805368580725 0.0803778491986509 -0.24457970868245 0.0314605359063402
-0.32167009236255 0.111144348941823 -0.283465504436143 -0.0560332851299588
-0.196597442483538 0.253439229665239 -0.107523652584707 -0.0160155528905393
0.0812747577745409 0.320050751357351 -0.114485403872196 -0.131256689644953
0.312935806621231 0.180040428322598 -0.214382146453746 -0.100004902425189
0.311990237025104 -0.061704926595311 -0.246624234858992 0.0636128488113768
0.221922368705254 -0.204742051837505 -0.194929591022657 0.194433052071992
0.117812356684378 -0.307737134188363 -0.0997829703786216 0.227080784584828
0.0930598509257057 -0.309950774435603 -0.0633912417208271 0.197047611050582
0.126619262734832 -0.299584505896847 -0.0669459643153846 0.194484329593829
0.257075306344864 -0.193623152594978 -0.112334998329426 0.137399484917336
0.317992135255044 -0.0302770800568177 -0.1324898974371 0.0592257814318077
0.313558688175244 0.212004865156332 -0.104204489961453 -0.00207063140584493
0.0749648066802981 0.320288026439048 -0.0977969821715376 -0.0227226652015554
-0.164907581731218 0.242699224686752 -0.0687995265983738 0.034830467184078
-0.303707240728105 0.130895172111668 -0.156311195579014 0.0517563640614907
-0.400067005856667 0.101535743352703 -0.137437271438387 -0.0923098519606878
-0.284929591622928 0.277731622788116 -0.0259580579977837 -0.0600781079587127
0.0446887855986199 0.411665874479949 -0.0602264372151303 -0.144033847207719
0.366548816872227 0.276653994318109 -0.142455622492705 -0.11254524362341
0.407274103218627 -0.0262185471836678 -0.143781257495816 0.0161787010383885
0.303803559753085 -0.21484470606792 -0.10488782101573 0.0872888458230365
0.170479707128567 -0.35297171171633 -0.0404792724481687 0.0927358462146568
0.114879468948745 -0.368615409376809 -0.0188873959377146 0.0588994405443812
0.131351421115313 -0.368064938122121 -0.00133290186067478 0.0666572331401684
0.27251011083951 -0.264546696595867 -0.0193402677130076 0.0529852200616506
0.368951611751685 -0.0962140247749197 -0.0230810937603551 0.0361087764813946
0.418621149876074 0.193781665548914 -0.0266073526585612 0.0317972928734721
0.150952796419698 0.385374546270606 -0.0651753173975107 0.0284133786875665
-0.184242080333914 0.332535894109548 -0.0254004347347652 0.0471295654378441
-0.386445160019972 0.176655137430396 -0.0339350609048682 0.0547529888135331
-0.407877075142295 0.0714405964830087 0.0195636747377443 -0.0979372410897007
-0.318685155776537 0.234594259772567 0.0516390326628116 -0.0717426707807397
-0.01461293243202 0.408996792672896 -0.00836346601297179 -0.107364708967187
0.326226102455129 0.325824048463056 -0.0560215366027447 -0.0730004908364437
0.416392199250714 0.0269575862786677 -0.0105708467314865 0.00509511064160539
0.330647545768963 -0.180210737921326 0.0208165937256162 -0.00534848087509365
0.195202267523906 -0.337689289040054 0.0375235671487264 -0.0413222337723705
0.119307481392186 -0.371360198348435 0.0291291896607872 -0.0859121771317528
0.117907086202376 -0.382489892463301 0.0520156505332895 -0.0773851851915108
0.247943184290844 -0.294061727550845 0.057370883784028 -0.0603591172789049
0.359701699290935 -0.141114248782334 0.0741430248317812 -0.0285492896166989
0.449273082424018 0.148265601836979 0.0575063450952827 0.019982992586219
0.198310882478695 0.389682617944334 -0.00764104634158968 0.042365007722238
-0.175315845170356 0.37484436846654 0.0392851223473949 0.0289981528590261
-0.415122944778616 0.200072229104092 0.106310281549096 0.0365986569478204
-0.351097961965043 0.0403361859510126 0.156807471866913 -0.0782602587225877
-0.287618560869637 0.164932419610881 0.0985662605268441 -0.061059195641296
-0.0516071345850537 0.330692866098876 0.00895064485961294 -0.0401242438493766
0.240034005933473 0.294145585381505 0.00699144817924499 0.00831415663340277
0.344640392819545 0.0547011072048139 0.113881128985897 0.0314561028011496
0.289155536611242 -0.12564888279852 0.149837831825349 -0.0693428086950526
0.179386405373959 -0.27294109065444 0.116512536788951 -0.156953464208533
0.10403097894731 -0.319847226192222 0.0739896209888322 -0.216708411289184
0.0975487373852074 -0.337189446600481 0.0908473254012791 -0.213988939251149
0.203001005664124 -0.268040055666679 0.117339327186175 -0.173999683703412
0.304171525664254 -0.143802108133656 0.149477448834514 -0.102477626471135
0.401920439956571 0.109862841545518 0.124978850325588 -0.0147965831978934
0.194334411224511 0.345205233255913 0.0487029966164576 0.026596068578147
-0.156477290872746 0.35272316166984 0.10485510785873 -0.0101828963474775
-0.385788565785813 0.187254257705994 0.244573488036541 0.0056164211907266
-0.246222947070157 0.0168273873493669 0.255913733366034 -0.0506867730617837
-0.20406305462876 0.103589572484769 0.112872176124 -0.0479168365684517
-0.0418425847635249 0.217789791221838 -0.00206069187660196 0.0293915333030269
0.156341571789034 0.194673960200003 0.0425360956074682 0.0928211986910286
0.22387151291596 0.0366783829165718 0.205902982545866 0.0635445346037717
0.189104857833134 -0.0753973262972311 0.247541006267922 -0.110503161474855
0.122564131553384 -0.174676907752268 0.176538051969396 -0.24448992570825
0.0696710400043944 -0.219947637556069 0.10645014096009 -0.31255382812432
0.0716241770094241 -0.237295875612945 0.118112503258964 -0.322316673592219
0.142861720335714 -0.194695205355266 0.162830991635586 -0.263989902386808
0.221129303024519 -0.107533944062977 0.207255173984256 -0.159523633487552
0.298326983821654 0.0779518083140615 0.173867670154927 -0.0431046345346625
0.146167207736049 0.261074633538594 0.0950724020509878 0.00716043746481685
-0.127457474948788 0.271557512391873 0.156319745600112 -0.0490611435338096
-0.297337272697234 0.135773112982245 0.357110543705767 -0.0282098385064617
0.132339171045724 -0.0717468173826259 -0.412434215368375 0.113643661947605
0.051202646925575 -0.15557682027768 -0.161481799313765 0.12712876752372
-0.0938297859622462 -0.146218109450708 -0.0840014513215933 -0.00834398825222162
-0.169769000843691 -0.0217605752944795 -0.188343455907193 -0.000181380290538527
-0.117399305212501 0.0733359427620516 -0.289312257493411 0.144677586943996
-0.0590951811169979 0.0850088996230269 -0.232833193204087 0.32163884354852
-0.0320246714256239 0.0927274040091354 -0.137342190639352 0.396041658391818
-0.0283647462354087 0.0837436525932324 -0.113006742136822 0.378984394666684
-0.0452351813052939 0.0567683189425525 -0.197914719877627 0.328493851498868
-0.0646042079368376 0.0206138689807216 -0.269226979281803 0.169924975337476
-0.0689026875973665 -0.0156618627835153 -0.269943452406493 -0.0292422900448236
-0.054572402025063 -0.0617968244230005 -0.122577618684245 -0.137461318287973
0.0192566431430275 -0.076929285089454 -0.0210466098189654 -0.11093741310115
0.104081857763297 -0.0203896256441406 -0.0888078857330347 -0.0260790066902593
0.12804781398799 0.0215076676428735 -0.297825058645992 -0.0192054553916645
-0.0288443495593253 0.0192177508753201 -0.437627531828573 0.0673662485860339
-0.00789748897941677 0.00536464919796329 -0.181869474372838 0.102395768195892
-0.00225594273882132 0.000217497499256226 -0.12413791188528 -0.033305289258897
0.001693271775648 0.0144711626747423 -0.228395359701904 -0.0137332904350516
0.0144037299482206 0.000203534136816803 -0.307718577250537 0.149703798372578
0.0209602827074964 -0.0352322885295614 -0.24681825810812 0.332736890361111
0.00672165509352727 -0.064449231367129 -0.144343135237815 0.398881746426781
0.0146856746756089 -0.0658826627074139 -0.115632641456463 0.373696874315444
0.0361063364499565 -0.0707776949520642 -0.184048301592422 0.332206140736679
0.0763738327661817 -0.0344117209513781 -0.262668480056557 0.183545850345106
0.0731703758028273 0.0221854237435139 -0.273306194305796 -0.00979663330342293
0.0387926563618968 0.0778852328287222 -0.142466730719405 -0.129083146358406
-0.0087095866278574 0.0641425687511255 -0.0487920365523962 -0.122094263327757
-0.0143496247270257 0.0454354006109708 -0.0833594724505405 -0.0159180613555149
-0.0280641875646196 0.0442471657884586 -0.295419996523815 0.00452476048730418
-0.19223100434604 0.0862390245111154 -0.395600598360742 0.00407386746944183
-0.0944777486202331 0.156371793615242 -0.165925776205291 0.0471036494273336
0.0656577562237911 0.167870415817125 -0.140505317821987 -0.0841683526317629
0.179860663585101 0.0815226100956538 -0.245557845846175 -0.0556094893636169
0.167881764993603 -0.0536482123172374 -0.301932716588487 0.120089335406056
0.119483080157631 -0.142292621921203 -0.24083378062964 0.288317089329636
0.0582915230708341 -0.208548416967979 -0.134260284167747 0.339973699666969
0.0569024198267361 -0.206489146737717 -0.0973907098897751 0.311188343622817
0.0973996368243977 -0.196916337814139 -0.135144308319451 0.289622823415149
0.192282259459829 -0.10950854845792 -0.202427183081224 0.181088571545092
0.2132225582053 0.0173975535267089 -0.226685687987583 0.0353340983699596
0.172519272791576 0.177906112844505 -0.146710992612468 -0.0703300832917963
0.0121429750621851 0.20738477316398 -0.0895617658405719 -0.0865577772207916
-0.109850094038621 0.139069007459163 -0.0846213951491242 0.00770819998500701
-0.180324288808928 0.0831266014869087 -0.24906284218944 0.0335856041813696
-0.326688251914738 0.115555715449504 -0.289881265428116 -0.055080516767781
-0.198910375013673 0.259281241707524 -0.109184114233905 -0.0155841042789046
0.0848865248871282 0.32536626879502 -0.116704867250549 -0.133117492405225
0.32049783594219 0.181257201927588 -0.219323750197773 -0.100936868908359
0.316931600616548 -0.0645184159139734 -0.250141863896088 0.0655774465773512
0.225265614909716 -0.209641241168314 -0.1968094263164 0.198457459699122
0.118495068395603 -0.312983335925946 -0.101203183387248 0.230699245478276
0.0918748632141733 -0.315423571907835 -0.0638455117959892 0.20079817701537
0.12830394775739 -0.304678327315114 -0.0673724431555725 0.197068926732125
0.260311183141014 -0.197217558706059 -0.113209999363452 0.140189365524406
0.32342226591881 -0.0326031051673318 -0.13453197380456 0.0609758896973859
0.319705774479199 0.214447634587246 -0.105815368940178 -0.00122416198751338
0.0784562853433198 0.325606862050142 -0.10043116072045 -0.0222427855759081
-0.166962724144519 0.248075725061434 -0.0698648803244075 0.0361209859075956
-0.307813185967044 0.135108888429084 -0.158211825430963 0.0535631596825918
-0.405564003956546 0.106281196797814 -0.140954428733273 -0.0933372006852828
-0.28818084623704 0.28507341533944 -0.0260512693596485 -0.0600528306422607
0.0479638855676554 0.418601494700834 -0.0615832865654327 -0.145864191183623
0.37570214680428 0.279614450767434 -0.145527352545045 -0.11459102727682
0.414416386550143 -0.0297863983321652 -0.146159307894562 0.0169241800709752
0.307951765008026 -0.220204306205469 -0.105777591906871 0.08946676590902
0.171289716539917 -0.359602606622883 -0.0414500113717141 0.0943186452155603
0.114612031035999 -0.375537992456878 -0.0191745800610153 0.0596486878069966
0.131163465490007 -0.373627551576711 -0.00100745150747982 0.0674960956987133
0.276360867317019 -0.27048599432437 -0.0196919683079237 0.0536998457090891
0.37433579614153 -0.100853185678321 -0.023655256702138 0.0369881499551432
0.426621841151935 0.193533801332571 -0.026565986797211 0.0332141314225111
0.156432680724103 0.390735202580813 -0.067007161531727 0.0300595320292532
-0.185749459329075 0.339288855672779 -0.0259001167113462 0.0481479628882526
-0.392948644141219 0.182129075958199 -0.0344253282798454 0.0553393299306783
-0.41438130612904 0.0753284476027447 0.0187430034930461 -0.0998101312834507
-0.323556144214535 0.241542223801078 0.0527212612883295 -0.0728436255674297
-0.0121797929213365 0.415967586103936 -0.00868400120390794 -0.1092519155248
0.33381848155568 0.328758798844 -0.0576201123462117 -0.0741432667328967
0.423784585802458 0.0240848176669868 -0.0114134656088796 0.00503452173188256
0.335725090911853 -0.186019433004046 0.0211568547055093 -0.00570939824323578
0.196785098258276 -0.344220511803535 0.0374355730923427 -0.0423710373087069
0.118832243422879 -0.377736347240062 0.0289329409988209 -0.087374581432604
0.117492811963754 -0.388868510762859 0.0525945350085417 -0.0787867475465447
0.250962718486457 -0.299651113039592 0.0580434617776023 -0.0608386978588708
0.364530250338308 -0.14531807244893 0.0752054354951136 -0.0285244993595346
0.457163791733194 0.149123609734058 0.0596632101861765 0.0201184800670311
0.203908157816841 0.395885181802228 -0.00820884790969703 0.043558143047757
-0.177042029034624 0.382489922715105 0.0397545436519467 0.0292115220842313
-0.421420572579411 0.205493292997631 0.108555314004829 0.0364943571764005
-0.356179239505669 0.0431532183026431 0.158506770978936 -0.0809693554939777
-0.292580126039191 0.169325142967565 0.100881254275282 -0.0622625345009274
-0.0502177457451171 0.335748467135828 0.0092783531748836 -0.0407522043894639
0.245511610271692 0.297424290593636 0.00605872046223527 0.00870424292113346
0.350622458399683 0.053544097705094 0.115952916805394 0.0310955525393937
0.293314999383366 -0.129718797032751 0.151707076947276 -0.0707126653884018
0.180936838828339 -0.278394211613761 0.117433044806893 -0.160252431722669
0.103561538881816 -0.326056528764596 0.0734205603141107 -0.219312323912503
0.0973217581971873 -0.342366990400546 0.0918543666837605 -0.217933363324533
0.20537603729554 -0.273952174785213 0.118450634544886 -0.177137212860687
0.309287304102463 -0.148500647005842 0.15132534673294 -0.104251816209666
0.409018810654485 0.110210348576505 0.128469360527052 -0.0151004626267523
0.19948256299614 0.350219978017498 0.0492839969419624 0.0274883341928025
-0.158247938243372 0.360093947475512 0.106496791067085 -0.0111718946867304
-0.391454156671698 0.19136011812851 0.248894188493749 0.00389133502331548
-0.249804027731643 0.01892044749709 0.260373777882197 -0.0545177837140657
-0.207082818121307 0.106501025792221 0.114894233589941 -0.0492298839057815
-0.0417299689916507 0.221857051568476 -0.00164615486445241 0.0299955748531869
0.160600077402901 0.197096131550715 0.0430510790361044 0.0943567138971321
0.227618934162012 0.0354724106748243 0.209754735937172 0.0630228038655227
0.191948287686618 -0.0780094772300766 0.250322226779288 -0.113698805063654
0.123557003430226 -0.177784442496497 0.177632704545229 -0.24861516027686
0.0692384443087797 -0.223789970016964 0.106192697894123 -0.317498737801597
0.0707269905940508 -0.241426072986626 0.118435804344096 -0.328081835699721
0.14467166980872 -0.19850404924683 0.165025873278834 -0.269135737986585
0.224562377385496 -0.110750313616743 0.209740441349706 -0.162650296213365
0.303899990958443 0.077712473124087 0.177355205986721 -0.0439595703891048
0.150225875942015 0.265371317339022 0.0965942357729744 0.00720046617266995
-0.128958922285212 0.277121090856866 0.158713812784152 -0.0505677220760361
-0.301718114817504 0.139907936123932 0.362859039261875 -0.0317842825900704
0.134814660346741 -0.0738473200519141 -0.420118508017044 0.119298525310718
0.0511503056197981 -0.158660040366978 -0.1635440508648 0.130676192229897
-0.0968326912753433 -0.147701599410215 -0.0853587458045573 -0.00873023811599821
-0.17321944270136 -0.0206328123242169 -0.191793723251125 0.00021629641721554
-0.117915368442086 0.0759494171369851 -0.293845352838909 0.148919822164899
-0.0594591070134625 0.0868782992285879 -0.234580148056746 0.329282126182787
-0.0322169637387967 0.0950421331227441 -0.136690124010137 0.403188304093006
-0.0284998279351844 0.085893805439565 -0.113219137949521 0.386016263442429
-0.0448256795204536 0.0587347147229538 -0.198695451806411 0.3354593937574
-0.065750620303452 0.0216236762120275 -0.273077851001734 0.174824783105157
-0.0707319858250458 -0.0153152150518498 -0.27515793174531 -0.0278149556068935
-0.0563336070545974 -0.0623230144776872 -0.126815074482752 -0.138712364530165
0.0190532723132963 -0.0785484564208073 -0.0219105562510639 -0.112843912043519
0.105838946287352 -0.0218451386200023 -0.0908471688057042 -0.0258972072860098
0.130438599968344 0.0210974056372043 -0.30377748277019 -0.0163062418792243
-0.0287338508627752 0.0199975794328793 -0.446920923492898 0.0725792344377124
-0.00748972971943157 0.00549541499323222 -0.184511942075301 0.105232169155651
-0.00271801203444842 0.000292459787056281 -0.126449660404507 -0.03400356895739
0.00220975873476912 0.0148128698812301 -0.232754586303817 -0.0128914116166545
0.0150343857415954 -7.52535111936898E-05 -0.312953150332032 0.155247437597972
0.0214782796219994 -0.0359565871521091 -0.248990150425742 0.339854297195676
0.00629337799298088 -0.0654185304479046 -0.143440689886668 0.406617507745605
0.0143880791632806 -0.0668677370977938 -0.114818680083219 0.380800320038878
0.0366095486171007 -0.0720145847253278 -0.185687128525512 0.33913689684924
0.0775861488852302 -0.0350656444377314 -0.265627474162299 0.188577022718136
0.0748068530483795 0.022051189229963 -0.27841099567777 -0.00805584518128318
0.0399407660398082 0.0792161368391859 -0.146412210390261 -0.130231908087849
-0.00818925032980846 0.0651108532445027 -0.0501926174030682 -0.123452822827613
-0.0143436386863562 0.046396839248383 -0.0844794982102492 -0.0152294172948744
-0.0284971527520288 0.0455008645701598 -0.301657180905629 0.00775560466380022
-0.194566856669449 0.0896692323509099 -0.40472954997518 0.00824098804852892
-0.0948211367117025 0.160417256242173 -0.168362284887386 0.0494121419359332
0.068433396254116 0.170889692289074 -0.142763724062085 -0.0853550375167299
0.183275469462035 0.0815423403201856 -0.250612904755022 -0.0554461066758724
0.170893734630853 -0.0556714208286572 -0.307427935524937 0.123909324886405
0.121251029568351 -0.146036636331291 -0.243053910640796 0.294697071875931
0.0580127104289864 -0.212668983261429 -0.134381093134388 0.346724868940924
0.0567810340008409 -0.210465550372647 -0.0965287862093212 0.317023201604353
0.0976967738416771 -0.201032249926277 -0.135186874643048 0.295971837758184
0.194977692615409 -0.11289718108481 -0.205593214304796 0.185566480671459
0.217577103246414 0.0166135527554198 -0.23049571908291 0.036952861670474
0.177054944646438 0.179072120248903 -0.149594563854762 -0.069471946044218
0.0138159707481083 0.210942981453465 -0.0917444102575664 -0.0870057152876226
-0.110761996488862 0.14217062591102 -0.0861297089131294 0.00899901962662946
-0.183188967433014 0.0857879193689983 -0.253309223758967 0.0367651384728451
-0.331020959777211 0.120649825664298 -0.297463122004016 -0.0533049907175129
-0.201165972117544 0.266219121543433 -0.111075258341284 -0.01511564485793
0.0894149716403541 0.330318584128062 -0.119776771475105 -0.134751392383411
0.32793190822832 0.181982785073078 -0.2242676084259 -0.101634629221998
0.322758720511289 -0.0690314806959122 -0.254562871949652 0.0680586574910199
0.228113648591447 -0.214970942901909 -0.199233182794876 0.203308619668033
0.11800763713788 -0.318959411055951 -0.101028198039835 0.234541138168195
0.0913888582160799 -0.321236876542752 -0.0628694188004214 0.203952180333017
0.127560996371083 -0.311065578911066 -0.0665210582306754 0.20106738750763
0.263806279052847 -0.202406529220955 -0.113883863239896 0.143729568706315
0.32907771827809 -0.0355771676313909 -0.136385231493088 0.0629699437022977
0.327023620981525 0.215333589191521 -0.107168557357585 -3.05701368508229E-06
0.0828877543865287 0.330916305465243 -0.102672002448488 -0.0224694752418355
-0.169227151906828 0.253567679727948 -0.0709408620355231 0.0372519888692944
-0.31266198822432 0.139770807265802 -0.160985760826798 0.0556685097850659
-0.412197894426123 0.111606091314205 -0.145286098542656 -0.0936256246212109
-0.29271392908231 0.291903947716934 -0.0268738868780426 -0.0603301243541555
0.0523992271178898 0.425939431894192 -0.0633462075744692 -0.148642313683214
0.38465903987909 0.281221180485626 -0.149540319643737 -0.11615903010999
0.422527362580572 -0.0331167447266922 -0.148766474056299 0.0180354909724734
0.31261481967412 -0.227414212192143 -0.106563966998416 0.0918351430047408
0.172123210294524 -0.366846215108005 -0.0418229695801955 0.0960704253292273
0.114331498153696 -0.382884408750926 -0.0192488958493702 0.0613121874508534
0.131059796608074 -0.381596895202566 -0.000411076058532806 0.0682738566298532
0.27940493252575 -0.277378827226308 -0.0195360152665707 0.0558187348582268
0.381320562247606 -0.104653585558227 -0.024284368881263 0.038045034271936
0.437223108852014 0.19390662775008 -0.0264244183682664 0.0341553619295155
0.162297934305004 0.397563110266951 -0.0687427887774714 0.0315674449476243
-0.187124280267644 0.34699388828804 -0.0261833844719184 0.0496607128863458
-0.398571027194479 0.188601964309691 -0.0346325713746401 0.0564509171972187
-0.421290652496113 0.080763546842707 0.0178962026818246 -0.101652030910823
-0.328520327254539 0.248746895920653 0.0534939339236395 -0.0737839748569355
-0.00926836088709368 0.424124334784723 -0.00930161138238695 -0.111369912692117
0.343807612223898 0.33281798389032 -0.0598912416884571 -0.0752513306618759
0.432743135519135 0.0212604416483292 -0.0111763251465246 0.00439036476266677
0.340514353738374 -0.191774747772286 0.0217601404684238 -0.00613590575215132
0.197869906882259 -0.351623803512538 0.037591321590203 -0.0433648591182096
0.117115995186914 -0.385407615550305 0.0290256705264463 -0.0888654585987539
0.116630676252255 -0.396263882931832 0.0531899166408073 -0.0809906147149017
0.253636579455667 -0.306750822012715 0.0591420342009164 -0.062375697886243
0.369983174168735 -0.150650949693244 0.0759823992664711 -0.029185159030203
0.467417899371941 0.14817897159408 0.0610112535225422 0.0206336248767393
0.211104860013903 0.40158949981721 -0.00870168716357035 0.0456922612987075
-0.178732893440374 0.390028183030919 0.0404270988429566 0.0299199638426652
-0.428027693496046 0.212188544071446 0.11120743052995 0.0362294985179057
-0.362205780076109 0.0473638286995269 0.161501573875981 -0.0839418118846085
-0.297428111200578 0.174825082914605 0.103130577178006 -0.0642384293387081
-0.0486813217540734 0.342643293257128 0.00914411068906204 -0.0415298277035545
0.254300039380544 0.300933630963551 0.00549735834738928 0.00839688257187879
0.357967571159835 0.050781500061076 0.117829233392762 0.0307008561121979
0.298443105803082 -0.135092597572523 0.15447211480385 -0.0731753912635335
0.182686351876084 -0.28461310122304 0.117952031758049 -0.163646972284179
0.102670772261296 -0.332651808433256 0.0731330857572409 -0.22378598223284
0.0963195896992941 -0.349723504511793 0.0919963063346375 -0.222232081821764
0.206797039311525 -0.279811458278602 0.119650160030212 -0.180652805451133
0.31363708278523 -0.153080494581694 0.153844463349475 -0.106322386214111
0.41784418258304 0.108376765713359 0.130664330034251 -0.015726935328963
0.205863719762167 0.354741646702638 0.0496423753220183 0.0286134612606708
-0.159075126743362 0.367877019772656 0.107870097582635 -0.0119698541214999
-0.397438467183609 0.198472157566031 0.253514081943325 0.00178972485942318
-0.254420573981965 0.0217376112671682 0.265595687242353 -0.058042966193122
-0.21076849481917 0.109780185729802 0.117737961803699 -0.0511304598155628
-0.0406123385749389 0.225973337484204 -0.00179727131450585 0.0303134361665578
0.165266880079673 0.198649978911283 0.0433230892124332 0.0957365235780644
0.232096809758398 0.0338014930127394 0.213227826409722 0.063342454049186
0.194512340480501 -0.0815037187439717 0.254865192979644 -0.117295694061455
0.124814559132012 -0.182416191171403 0.17916283545587 -0.253360495805878
0.0682300886518652 -0.227794995787837 0.105804005591753 -0.32423721860489
0.0704607469364286 -0.246498538147594 0.118243584056709 -0.334900276910186
0.146260746917117 -0.203183588353388 0.16603116658841 -0.274568178506052
0.227435083464699 -0.114577991257477 0.211661407332155 -0.166718720685463
0.309928761521397 0.0769274594760865 0.180280522298255 -0.0457152877331089
0.155270295572803 0.268548855131562 0.0979093888076156 0.00768101182027854
-0.129526981247243 0.283091690477323 0.160597110408336 -0.0524785185869651
-0.307016334934704 0.144159324355414 0.369820164394928 -0.0355241782433138
0.13655381606353 -0.076678980160137 -0.428766749306889 0.126044172480025
0.0513960368100082 -0.16209803716131 -0.165183212067348 0.134568918983475
-0.10000072576092 -0.149978200955319 -0.0868259071726701 -0.00871452729463989
-0.177423692381246 -0.019652222059706 -0.195450703805925 0.00155743705058002
-0.12003080076122 0.0785985414219334 -0.298766727076533 0.154735398230437
-0.0598821443858736 0.0896274685026828 -0.236325277109909 0.337761468980302
-0.031990315428696 0.0970811472779496 -0.135404260231781 0.412270676553992
-0.0274150900442768 0.0881433611385368 -0.11092141427937 0.394265555803517
-0.0456631809928851 0.060426018346079 -0.199461604982097 0.343610053126902
-0.0668632567858588 0.0226846084203628 -0.27729799995296 0.181080074958207
-0.072501196749451 -0.0145029800075802 -0.28123830061503 -0.0263277662471943
-0.0586439354452863 -0.0629891394113868 -0.12999908587955 -0.140509179166533
0.0186321907003162 -0.0802284974500129 -0.0232127135563042 -0.114982481192155
0.108539918867914 -0.0233182974832013 -0.0928170202585063 -0.0250015355662805
0.133305130352762 0.0202364887906992 -0.311122861370022 -0.0132502372712091
-0.0289284950331467 0.0204992713169462 -0.456791025752356 0.0782980217708261
-0.00672173809156308 0.00582750607018342 -0.187734526879458 0.108713317899923
-0.00282280701526044 -5.43747422031221E-05 -0.128778105017933 -0.0338817264419473
0.0020413456486097 0.0145832714497439 -0.237480059433902 -0.0119074878195152
0.0154811324657442 0.000410834746494439 -0.318430390832281 0.160819328737002
0.0215608561632625 -0.0370705125952956 -0.251252609532339 0.349039586732144
0.00538471407976343 -0.0669396042604189 -0.142434366952058 0.415202301547677
0.0146592302389414 -0.0684025052300909 -0.113060503316917 0.388973887488633
0.0369161375891509 -0.0732913967666562 -0.185607209423427 0.347168984671495
0.0786275077975225 -0.0364983343852131 -0.269351179134231 0.194298620221973
0.0760458355525963 0.0225157258728596 -0.284640630563736 -0.00623782666557579
0.0415853558196612 0.0800118019739456 -0.150147631949405 -0.131776328772545
-0.00803158921949849 0.0664198175718864 -0.0527445035982485 -0.125580757635704
-0.0140804006262017 0.0477394207353543 -0.0864282566986285 -0.014909792548968
-0.0285367900486026 0.0469639867764214 -0.307932304771435 0.0118407110314992
-0.197889620039281 0.0935641848462454 -0.414171896841209 0.0116488642882536
-0.0956958565918083 0.164922483480723 -0.171537551354918 0.0521946506568895
0.071951105948754 0.173819534115943 -0.146724071842033 -0.086177686161504
0.188525040321266 0.0814755684374858 -0.2566188479608 -0.054755246105106
0.173934590611629 -0.0580969235086468 -0.312164403674763 0.128895253772489
0.122777574989702 -0.149674765727426 -0.245410677742088 0.302921913296415
0.0574767427709846 -0.216981596790132 -0.13425449023466 0.354233062236839
0.0560999223752938 -0.214470203633878 -0.0959915072532767 0.324403359714523
0.097921157251303 -0.205278033607248 -0.135401448726331 0.30222847376613
0.198284486831846 -0.116594580648097 -0.20795485837702 0.191514244577048
0.221499922094076 0.014515672906868 -0.235109324377118 0.0405180332611109
0.182121481104898 0.181405824702942 -0.152788801030935 -0.0703005673598251
0.0161764951728299 0.215155008701303 -0.0944691236880349 -0.0874266088800748
-0.112217739902612 0.146447813068797 -0.0877742700537384 0.00992285454928437
-0.185489387134091 0.0903542242428458 -0.258686855220228 0.039832885286972
-0.337420726201105 0.126545851128231 -0.304553467064966 -0.0520054085376666
-0.203441311570419 0.274148334076464 -0.113369112420727 -0.013876254443084
0.0945369525131359 0.336215357198708 -0.122306236256536 -0.136433264758359
0.337130145445851 0.182752674959507 -0.229840984750281 -0.102679176069405
0.32909006833294 -0.0729281961190437 -0.260059984715496 0.0709315018363306
0.230958312506008 -0.221715182232429 -0.20046108845447 0.208830007819065
0.118256760428624 -0.326968961864466 -0.101117552640845 0.239907222727791
0.0905267392984779 -0.328329931961786 -0.0629954021553011 0.209431684991483
0.127561243382269 -0.318141781958378 -0.0662760287635147 0.205260837186234
0.268602408950442 -0.20914628930946 -0.115434052292642 0.147409109090769
0.335466456946662 -0.0390617722318568 -0.139393050552307 0.0657413523762586
0.336093502917815 0.216768658414212 -0.109328953904005 0.000901059738859261
0.0873907933925031 0.33729562272722 -0.10575344304067 -0.0207532347511331
-0.170846436213858 0.260168130706841 -0.0723623195266262 0.0388419520094988
-0.317435621907221 0.145432111967611 -0.164406493857493 0.0582904465904915
-0.41949306060022 0.118547328029404 -0.150280782783027 -0.0943253303272676
-0.296274806272095 0.301693309774616 -0.0268446298635849 -0.060967962712696
0.0582057530190081 0.434454571882499 -0.0649846323668156 -0.150795050954673
0.396097263858603 0.283263176104294 -0.153628548289495 -0.117455499727619
0.430604665050159 -0.0379836022986268 -0.151846050580017 0.0188795208201953
0.317767966378937 -0.235332500673819 -0.107709867470475 0.0944222582567392
0.172534891018527 -0.375928911100164 -0.0421751608497353 0.0983032235500954
0.11221867475562 -0.39126103884715 -0.0196208642378513 0.062649768982424
0.130824391895801 -0.389958772104049 0.000408531937728198 0.0691153822013007
0.283056999956562 -0.28556911546905 -0.0197898823122057 0.0570497204517136
0.387475409479339 -0.110764086604416 -0.0247166373260747 0.0396570559799266
0.447658777219223 0.194272240962304 -0.0254191824520826 0.0351815394531632
0.169986472958421 0.404017357048648 -0.0702834679667747 0.0333302422161611
-0.189390019482911 0.356136116295351 -0.0264526979851806 0.050792939835097
-0.405392992899037 0.195765379981553 -0.0343307328007949 0.05737203274567
-0.428450003414015 0.0857397471563447 0.0173898066057449 -0.103727029591301
-0.333140495505365 0.256727115118006 0.0548001904678155 -0.0757833695482783
-0.00505359343791308 0.432396589564414 -0.00989918834379797 -0.113604239727211
0.355025114375719 0.336773099147568 -0.0622551395643224 -0.0768168007188802
0.44163115378298 0.0173320452166967 -0.0115528351115847 0.00442426077522385
0.347122040500007 -0.199273683648863 0.0225932160948203 -0.00673883195385334
0.199629403906379 -0.3605810754345 0.037437312698728 -0.0446675378554542
0.116532959292189 -0.394697684754008 0.0281033557814836 -0.0911760700779402
0.115274841741395 -0.405001321092074 0.0536214948289911 -0.0840290245721373
0.256692999263201 -0.31508900065916 0.0597279214046661 -0.0640250439778963
0.376599338925772 -0.158015556048366 0.0773252629419393 -0.0297890516641008
0.478397376758891 0.146574670548296 0.0631074028056289 0.0207518813308313
0.219270369837866 0.407821000629071 -0.00884362498206655 0.0468961105868838
-0.17984398985047 0.40028145222538 0.0411473734678473 0.0300135205343845
-0.434985342273425 0.220632691391841 0.11395001323957 0.0353537441671278
-0.369597935715312 0.0515494936324173 0.164162677459231 -0.0871743294185147
-0.301814282766942 0.181104740595799 0.105202542261454 -0.0659453703941256
-0.0463890025346602 0.350166127938519 0.00934851766696057 -0.0426444257345
0.262481746990463 0.304972566513042 0.00522592177626955 0.00876075928330904
0.366031400758934 0.0484333022208646 0.12055359870601 0.0296179499675599
0.303388342574218 -0.140487171445946 0.157445868424362 -0.0767105303798824
0.184209298693384 -0.292260429401586 0.118796741346115 -0.167526501971799
0.101548611615973 -0.340212338500921 0.0722903568154641 -0.228328235586073
0.0949937318916945 -0.356753197532039 0.0916590310197879 -0.227940582832997
0.209067735149724 -0.287712513722295 0.119912983131785 -0.184886792138923
0.319072797746308 -0.15864481971943 0.155606004033097 -0.109645233705054
0.426959828878997 0.107665210470585 0.134058061088815 -0.0169885333396185
0.214050008963241 0.360664275884202 0.0505449485795941 0.0292646106178478
-0.15969891016171 0.376575510296299 0.109820995467337 -0.012905452489556
-0.403944533892388 0.205686496896589 0.259819642016955 -0.000915702517903885
-0.258915669753543 0.0243106439162081 0.27125145837145 -0.0621415085088051
-0.214748850950157 0.1139474093377 0.120617708454691 -0.0533186899770832
-0.0394847179845733 0.231317050464888 -0.0019314164922711 0.0305953206425077
0.171625076493337 0.201110617216242 0.0446721489612126 0.0975337588000372
0.236754965798793 0.0318466947388274 0.217938152987109 0.0616557394675868
0.198439756108349 -0.0849552445761067 0.25882030343276 -0.122636247042259
0.125505753750975 -0.187163611609526 0.180589166985007 -0.259916682366401
0.0671180414876468 -0.233488879557288 0.105266657752026 -0.331158060371733
0.0691563997727167 -0.251387334810924 0.11833513610896 -0.342386774665022
0.147368182578869 -0.208251689991648 0.166819084246656 -0.282149837719499
0.231093216697829 -0.119281717807871 0.214786835395336 -0.170328287074204
0.317648989395273 0.0754005524465235 0.183641063654796 -0.0478427073459256
0.160271396240053 0.273432415371649 0.099423963674399 0.00753182099037597
-0.129899222102635 0.290234211533729 0.163260680151417 -0.055047966128666
-0.311940701179203 0.149706215948545 0.377697505654184 -0.0398333821301476
0.138664580326754 -0.0801669109837805 -0.437066421080739 0.133696777492329
0.0516951237744308 -0.165912473833695 -0.167852566212076 0.139000912223008
-0.104198708020104 -0.152513410207185 -0.088395530785631 -0.00905305817707438
-0.181872843116564 -0.0174894190932951 -0.199329634366694 0.00263962411973768
-0.12167663628291 0.0826207372956195 -0.303593137112056 0.161548451229345
-0.0599449406219962 0.0923314768158952 -0.238493775072847 0.348111248631314
-0.0319699987161077 0.099361657222084 -0.133026386629114 0.421205403305809
-0.0267682983982556 0.0901438152473093 -0.109014492715719 0.404774762236453
-0.0462736365521508 0.0625368792326366 -0.200152086286021 0.352791654728804
-0.0683797746642004 0.0244334940556507 -0.281069831482085 0.187081827446779
-0.0745239432375152 -0.0134780388508093 -0.287718386123579 -0.0235682701217643
-0.0609108860979687 -0.0636167537309402 -0.134525311594113 -0.142526709833844
0.0181148947553441 -0.082501758708913 -0.0246311344240702 -0.116787454524426
0.110242175351318 -0.0248636953661871 -0.0951803460008889 -0.0244600060317393
0.136834685285532 0.0193628627684582 -0.318901763270206 -0.00945070437809954
-0.0292397776703143 0.0210837631516637 -0.467248887131214 0.0863530560054683
-0.00701740992901227 0.00632030283344282 -0.190883585807974 0.113221699811308
-0.00263779092492467 0.000546447318765586 -0.131683208036304 -0.0342734576908364
0.00186097280996861 0.0153791877379225 -0.242446650020076 -0.00980374113916315
0.0159734887315467 0.000632823965114242 -0.323858601099943 0.167569955907307
0.0225346922437796 -0.0383472479640183 -0.252911633457037 0.359733937754832
0.00460692617316916 -0.0682286739682372 -0.14090304137005 0.425183069244372
0.0144740715612708 -0.0698685625376301 -0.112033248958075 0.398466597627725
0.0372097502400878 -0.0753296899532689 -0.185524958037371 0.356664776987794
0.0800406604189519 -0.037371303769159 -0.273466378343379 0.20136488092678
0.0779344641577322 0.0218054645948278 -0.291227866473175 -0.00311642415712297
0.0424969334764782 0.0819578758720575 -0.154744966030781 -0.133197995710492
-0.00749317152154981 0.068448151138842 -0.0544023310290626 -0.127157535083018
-0.0141011114113845 0.0486219466002913 -0.0881314603848204 -0.0139979605311745
-0.0288753591699423 0.0486587078278437 -0.315336169572468 0.0162139846403858
-0.200812664250128 0.0982242194262503 -0.424983192957346 0.0170398361126224
-0.0958249422835943 0.17032497148629 -0.174582276739692 0.0552161055696383
0.0759327700669844 0.176980005934984 -0.150175623606719 -0.0872890238819219
0.193764087472425 0.0814428601520322 -0.262855735605705 -0.0530195034030635
0.177518373997628 -0.0614866004186611 -0.319333800123652 0.13447037721842
0.124078530426524 -0.154830532270856 -0.247338279791778 0.312041169859093
0.0560115643527099 -0.222496673593668 -0.132446770367201 0.362452019621262
0.0547197424625038 -0.220168042482113 -0.0949100688566724 0.332829150003769
0.0986616977592301 -0.211076509545544 -0.134443395726316 0.309919059725679
0.201777690020014 -0.12112118628348 -0.210259004543821 0.197839192805412
0.227196831153352 0.0130607569395342 -0.240613867341398 0.0437016811000536
0.187942707783331 0.183439143033221 -0.157207829540269 -0.0698511124632243
0.0192196992050704 0.220188807149613 -0.0979651669934611 -0.0881388970844791
-0.11420828084548 0.150692441175241 -0.0893973174998974 0.0119261874004683
-0.189198728017012 0.0944875965288821 -0.264191328061784 0.0444590684025461
-0.343489149739196 0.133680737487721 -0.31391401645032 -0.049091980386689
-0.204558833627944 0.282489952145799 -0.115610720146757 -0.0126917970177259
0.100925325866006 0.343360986143018 -0.126469687663551 -0.139138853221293
0.34667949852649 0.182958423059034 -0.236413038904836 -0.103080125959018
0.336159089839132 -0.0785250652092513 -0.265599143289797 0.0752163825760417
0.234307311038088 -0.229288574373306 -0.203132269349352 0.216089632220902
0.117547633396637 -0.335411555871048 -0.101693645252863 0.24613571023665
0.0884663004842847 -0.337060481847971 -0.0624741094863022 0.214596873640951
0.127553266288532 -0.325810916494741 -0.0652561395331596 0.209723973082108
0.272939028515084 -0.216454805965758 -0.116335434493341 0.152342149562755
0.342808611532988 -0.0438862841586748 -0.141649552614325 0.0684852438053112
0.345766065832253 0.218790659084113 -0.111579300911753 0.0024209846350223
0.0941092640590828 0.344084079671921 -0.108580398704019 -0.0192252023907513
-0.173151272980964 0.26832934461175 -0.0730599721536024 0.0407597099406412
-0.322486803683161 0.153119085849129 -0.167463110098015 0.0614358325467412
-0.427787935649684 0.126344628418585 -0.155171599498089 -0.094363733149766
-0.29982029743029 0.312265769175033 -0.0278861608671238 -0.0612826181391956
0.0653176562702205 0.443562707654155 -0.0684206785992333 -0.15352085878084
0.408956917794765 0.285313546028133 -0.158854760914466 -0.118746452174718
0.440346871103228 -0.0443989947446125 -0.155383700160357 0.0208327015952396
0.322326910761012 -0.244776067283641 -0.108703290878534 0.0975389599988031
0.172988277906571 -0.386094233439815 -0.0423272049216367 0.100071103810229
0.109896340275968 -0.401320283920913 -0.0193781820704584 0.0647644755496259
0.129621239117635 -0.399271299263817 0.00156345688116909 0.070165064981199
0.287189604988788 -0.294780995819921 -0.0194885957528532 0.0587890975308214
0.394895516633693 -0.116802079759506 -0.0244806552010157 0.0411166597322198
0.45929513846127 0.193755176457666 -0.0250380893756494 0.0370173682423538
0.178086693561543 0.411501947953643 -0.0724851811823558 0.0357715374317613
-0.189821291055174 0.366936499646093 -0.0264475869229028 0.0522041003272256
-0.412446247845272 0.205225282847182 -0.0347613405789815 0.0591591839482743
-0.436970607119503 0.0937425722888867 0.015814771368587 -0.106095605824886
-0.338199697692007 0.266764817875601 0.0560124192072863 -0.0772332267802431
-1.88652743159166E-05 0.442554966028011 -0.0114951967619832 -0.11591532551517
0.367301727139081 0.339936952540491 -0.0646189915771372 -0.0781032567474901
0.452185498534291 0.012455781245684 -0.0121073895660505 0.00405118753365064
0.352778475283728 -0.20765299897518 0.0232716972687264 -0.00734488336533838
0.200319025376457 -0.370606379842522 0.0373112416950053 -0.0457469584690752
0.11392836807514 -0.405171446758188 0.0277904620742227 -0.0928102770891562
0.11343254885083 -0.415096510730019 0.0539338731745463 -0.0863796355049115
0.259251805908496 -0.324444300845415 0.0606379583977998 -0.0655678518947911
0.383459319461273 -0.164939307744701 0.0791600555829044 -0.0306305156640033
0.490679789387764 0.145289199195623 0.0656420940030458 0.0212587093654553
0.229925667112575 0.415552872268317 -0.00939200251510814 0.0490431269713117
-0.179933481479214 0.411612651496106 0.0422730042308644 0.0303991895991581
-0.442969132288364 0.231405697262338 0.117468975882941 0.0346247882079093
-0.376861464747326 0.0572976051322397 0.16715237974858 -0.0917341810664236
-0.307182503736969 0.188202649573943 0.107379548729325 -0.0685445660665532
-0.0433950362270041 0.358586745184824 0.00899311550659304 -0.0436666636969616
0.272068404772017 0.307849427766149 0.00457069768541611 0.00893201957618676
0.375052078253826 0.0450443384175793 0.122872827402196 0.0291214410677791
0.309699118686774 -0.148188933774535 0.16018938182614 -0.0798276483418872
0.185448905389694 -0.300672617236512 0.119458658737198 -0.17235709475078
0.098923415581965 -0.348561017048684 0.0714161384626038 -0.234266021689858
0.0928564986515039 -0.36568501963635 0.0914027342418378 -0.234210776604657
0.211007069295627 -0.296246575479774 0.120655532292005 -0.190461552699127
0.323854773069213 -0.165548756344125 0.158718049752395 -0.113116215071255
0.438093048573226 0.104711434868659 0.137223343728751 -0.018527519448873
0.222700057235902 0.366109373838121 0.0511368738596112 0.0305426829900015
-0.159619734443056 0.387853570956286 0.111752441339378 -0.0142399066570105
-0.411046120941423 0.215182522321604 0.265951354401245 -0.00459051466247083
-0.263907208973717 0.028470871963342 0.277419179760851 -0.0674755688527854
-0.218535968877299 0.11931096365135 0.12373592156728 -0.0558108827194238
-0.0370810349527031 0.23679831634051 -0.00120794611542297 0.0315046651829432
0.178045860449043 0.203106886138906 0.0449361709666254 0.0990759256437933
0.242331229697169 0.0291810787495671 0.22358939260903 0.0608150381456885
0.202037421244036 -0.0898010842944035 0.263174914518953 -0.128173528037156
0.126400478607205 -0.1924694888455 0.181651219490917 -0.267875994325257
0.0658170453750647 -0.239123044490748 0.103629170659416 -0.338900799691779
0.0674440108221803 -0.258489217229518 0.116558109546868 -0.35124405121891
0.148300095262381 -0.214766753822785 0.16809560305536 -0.289435680236238
0.235220962466931 -0.124161847787543 0.21836983411477 -0.176137521204495
0.325006708603505 0.0737246124242624 0.188178411650879 -0.0507991011300199
0.166940993729669 0.277575028693538 0.101400442050746 0.00736713005176503
-0.130806699296232 0.298080645923973 0.166060918462341 -0.0573623667185512
-0.31719920119723 0.156495089876954 0.386176559904873 -0.0462611530041289
0.141261132940609 -0.0844241024171085 -0.446873454129437 0.14408506103804
0.0504822411510152 -0.171155945133967 -0.170376695901338 0.144299921160889
-0.108698290157232 -0.154479699835594 -0.0907481385825995 -0.00834290352476125
-0.187037054356756 -0.0150228510106646 -0.203312689162226 0.00493250103892909
-0.123244828428079 0.0856899403160436 -0.30900526761695 0.169409499681034
-0.0604959621495638 0.0954707969017381 -0.238781249802505 0.359319383506351
-0.0307733376197538 0.102063525508807 -0.130539151967854 0.432198529718799
-0.0258784615811413 0.0928901106795145 -0.106008898469408 0.415463688434743
-0.0456162460524577 0.0647506043718618 -0.199727583994475 0.364169716270809
-0.0700738531957976 0.0260923845255551 -0.285162512536657 0.195597689695913
-0.0769689130839493 -0.0128904902928895 -0.295066424654599 -0.020837840658504
-0.0639957398901396 -0.0645246296040662 -0.139237211400955 -0.143904351343827
0.0173039303832669 -0.0846205458262986 -0.0266063216999601 -0.119992091919827
0.113929275923745 -0.0268232456929866 -0.0977723798225612 -0.0238569436795757
0.140113014974646 0.0179897913301207 -0.326973264623841 -0.00375626752160308
-0.0296829068468825 0.0221938744648694 -0.479123310594525 0.0962027440381976
-0.00609853614834857 0.0068440848362244 -0.194093158971191 0.118394552769868
-0.0023235860253175 0.000651595669523886 -0.135147790749947 -0.0335866234384552
0.00248533957206967 0.0158652689182515 -0.248147761778187 -0.00783527728737998
0.0167886878817896 0.000541830622032537 -0.329812927777133 0.176217870447417
0.0216802542174567 -0.0395003372083 -0.253238090953327 0.371125045874334
0.00471386823007262 -0.0698146279003287 -0.138631149920311 0.436379626521137
0.013769935023178 -0.0715672253753542 -0.109069341508213 0.40972907660314
0.0372220328203966 -0.0771325437483869 -0.185106650145446 0.367893699381381
0.081975153865908 -0.0389609493045284 -0.276879490228297 0.210105180063439
0.0797820213601679 0.0226238502977183 -0.298638797177147 0.000212465408271229
0.0448376787897601 0.0839370122196378 -0.160611997965059 -0.134589048102838
-0.00699840477383134 0.0700043935234718 -0.0574369167849023 -0.129717259236928
-0.0139504384665007 0.0502910849418109 -0.0904698514359178 -0.012614363585458
-0.0288363368850257 0.0507421611334908 -0.323289976288948 0.0217854340301725
-0.204144014689997 0.10387989363522 -0.436247233832651 0.0240643442094063
-0.0957948751847559 0.176052472309636 -0.178516640911552 0.0585735142093924
0.0804642795462523 0.180070286956593 -0.154693686999539 -0.0873686673213041
0.199810696833222 0.080621286605074 -0.270162689928037 -0.0528159837692839
0.181111683768122 -0.0661584940784023 -0.324799903378147 0.142704048247668
0.125043047256754 -0.160411696556869 -0.248074692505275 0.322743438047992
0.0546633139621216 -0.228648615883499 -0.131629744502572 0.373167847925685
0.0526209662353411 -0.225844699343322 -0.0925584624110897 0.341313476842012
0.0984401763457525 -0.216753856539323 -0.132902200013609 0.318065426063604
0.204622090990487 -0.126732351224617 -0.212047443291854 0.205150625825281
0.232316989392786 0.00982168447521927 -0.245273568062422 0.0485104887546664
0.195278158887149 0.184915649852356 -0.161687191171686 -0.0697798189411855
0.0234252738648425 0.225255392301019 -0.101959023712707 -0.0886164013387492
-0.115540343867737 0.156189845441351 -0.0907873655919849 0.0130754595943863
-0.191902475985814 0.0998284323711834 -0.270337306034199 0.0492402975330166
-0.349954179482905 0.141969323989637 -0.323326402110699 -0.0449082041860985
-0.206055066536529 0.292874650672622 -0.118224943942321 -0.0112989381446208
0.108917664463485 0.349665503080473 -0.130365545805489 -0.140689067224717
0.359344160899216 0.182129391616119 -0.243700442340622 -0.102931729188814
0.343236764094609 -0.0858778889238221 -0.271188789049734 0.0801083377093126
0.236771215473535 -0.239047424931469 -0.204010789877351 0.224054174716872
0.115925040595416 -0.344680891149029 -0.10098710272039 0.253063072599672
0.0855398491880208 -0.346508970235597 -0.0606563176074016 0.220882795056543
0.126206383816571 -0.335635745694195 -0.0639141624558474 0.215158168341355
0.276133366172057 -0.224535322584775 -0.11693826085677 0.157881259778997
0.350404274317315 -0.0489915946573341 -0.14442327063004 0.0720395139675782
0.35687370834935 0.218003268347272 -0.113678604754352 0.00409430813909779
0.100794224596482 0.351412493311756 -0.112468368706316 -0.0180258123664771
-0.173369432132199 0.277491061732844 -0.0743907598796642 0.0427474438259809
-0.328654017136675 0.16178269364309 -0.171062267304402 0.0647905745604151
-0.436822222109348 0.135413514898046 -0.160550669137114 -0.0936297629406077
-0.303196960730672 0.32454303887027 -0.0293170051292397 -0.062085470587147
0.073199740364862 0.453338365886415 -0.0711111339320648 -0.156733606450285
0.423785209692595 0.286439064377847 -0.164613308106159 -0.120549858263551
0.451817705407033 -0.0513532769374229 -0.159433249521119 0.0227893019094664
0.326921727396982 -0.255549553219382 -0.109768883424214 0.101018403120667
0.171021509164176 -0.397250648266186 -0.0422367534494249 0.103165236538434
0.106535966753422 -0.412345710378148 -0.018938946202731 0.0665337192958121
0.126887194355494 -0.410267359097636 0.00252956814957328 0.0713237783071003
0.290508413814013 -0.305450254434451 -0.0190078704404352 0.0609303774452827
0.403288111583774 -0.125534731244506 -0.0249227080330519 0.0429171386494688
0.473222842951266 0.191375599520428 -0.0252569258094919 0.0381080708745345
0.188816493518976 0.419565612222618 -0.0739535082139075 0.0381454671886193
-0.190149691743393 0.37845608900848 -0.0265239362838754 0.054313350693571
-0.420049500553139 0.215946830529077 -0.0347988651300914 0.0613740664309695
-0.446195104055265 0.102194814726463 0.0149212876845929 -0.108809967027377
-0.343135811873897 0.278387009280123 0.0570407710987234 -0.0801779862729514
0.00681288320686813 0.453763772515672 -0.0126466716219321 -0.118980694194111
0.381342330835478 0.342524898438653 -0.0681401885508111 -0.0792250236459975
0.463130984874333 0.00629119687817947 -0.0126074571349236 0.00423815401292343
0.358975468084165 -0.218219554791468 0.0240550655728206 -0.00790658671656429
0.199995945702687 -0.382531376166189 0.0374294588283212 -0.0473893438828566
0.110191916362644 -0.416252219916468 0.0265956661130738 -0.0949772188331255
0.111033551825787 -0.426664994344774 0.0542405771601161 -0.0896079000769479
0.26174025421057 -0.335914995324867 0.0610132584119419 -0.0672316390914152
0.389544143036382 -0.174505802419082 0.0803420999155632 -0.0320417839656209
0.50544894742927 0.14150459427104 0.0678681577776013 0.0204503487963013
0.241728458786526 0.421364531458423 -0.0098371118444884 0.0513264748158496
-0.179322138048262 0.423804356676185 0.0434124822055898 0.0308803537153276
-0.451306878972947 0.241770105750407 0.120672297238582 0.0334139932198435
-0.384416694874134 0.0648752653681434 0.17005439342196 -0.09584920242749
-0.313412337299887 0.198439964680013 0.110068112861602 -0.0714658951510176
-0.0386047158817077 0.368052681931188 0.00899229121115778 -0.0454984357076347
0.284126576883624 0.3117970791775 0.00401914820067581 0.00873628728851331
0.38444203383746 0.0399736427491229 0.126396706171873 0.0274885780659129
0.314114776407562 -0.156414229031191 0.163123703273553 -0.08407905396698
0.185998390525162 -0.310387014190024 0.120231346505676 -0.178340503223118
0.0956433240564544 -0.358327216037769 0.069301415207213 -0.240456029002829
0.0896924197863398 -0.37608798425139 0.0908572325021533 -0.241080790373256
0.211562460938866 -0.306631891568319 0.121931491145487 -0.195794282789659
0.32975513137393 -0.174436658767248 0.160836224651939 -0.11674536164198
0.450426943867671 0.100845162579026 0.140669667496163 -0.0206369037010597
0.234016053524906 0.371337219485966 0.052350873402695 0.0320374480397848
-0.15919205144104 0.398911513984912 0.113789068450541 -0.0159608474922541
-0.418238319073195 0.225386109633004 0.273084593162846 -0.0094463504162735
-0.270021057044775 0.0336724579599014 0.28338167201223 -0.0732375732550467
-0.22268601470494 0.12587669357185 0.126350748548866 -0.0592446027754599
-0.0346245142747829 0.242676553548178 -0.0013043497649761 0.0318377744730392
0.186135741994165 0.204911266837711 0.0472569132499411 0.101293821375123
0.248808783283942 0.026471918311219 0.229190055044463 0.0586386672861952
0.205779053841916 -0.095240673542109 0.267474077136352 -0.134882767350511
0.12687393088715 -0.198867085804906 0.181981383772048 -0.276531759144008
0.0629957334553194 -0.24597869212197 0.100932668117801 -0.347835695033613
0.0650486953107052 -0.265161163473661 0.114145386110979 -0.360736537952555
0.148760659987906 -0.221911685984578 0.168389679936882 -0.298143860807489
0.239070135764568 -0.130730317520687 0.22190977551984 -0.183358700529244
0.334177054963892 0.0709663116505406 0.192420768966875 -0.0544153789773959
0.175004815904134 0.281130131172087 0.10337400358034 0.00741040624497314
-0.130424381494814 0.306984846587047 0.169100523911034 -0.0610477258912744
-0.323295339366849 0.164214135037103 0.395759234036975 -0.0530976152274988
0.143517265155615 -0.0890255030346096 -0.457718466531579 0.15558079708664
0.0495800150732997 -0.175822170765393 -0.172195655097781 0.150528722176614
-0.113987964548533 -0.15648563124493 -0.0926380689916518 -0.00780355022475615
-0.192536312536383 -0.0118661597281133 -0.208357626288348 0.00743035126801836
-0.124464918737706 0.0906900688982272 -0.314394369388625 0.179198629235321
-0.0599355661734225 0.0985195203968161 -0.238837751138054 0.371872148283634
-0.0304610905856519 0.104916407709235 -0.126101970897869 0.444945614822892
-0.0244239180602666 0.0959527479715422 -0.102572508744732 0.426388489115435
-0.0454124970624194 0.0676204991558145 -0.198450402959464 0.375357188110183
-0.0715309162479751 0.0282869988993505 -0.28918130953428 0.204586534938468
-0.0795302812914753 -0.0113938776294271 -0.302003549376945 -0.017042980114234
-0.0666637516572767 -0.0645722557800726 -0.14548761298973 -0.14558730678865
0.0161918152419465 -0.0873144351175047 -0.0286879286999298 -0.12192169308203
0.115933765843711 -0.0297733986476159 -0.100171037133188 -0.0223535753628646
0.144249643784514 0.0161574222148807 -0.336496224491473 0.00266516676280816
-0.0299497977690896 0.0230194021489027 -0.489933553936076 0.10716746798058
-0.00600330069000185 0.00699805346243349 -0.197000648319693 0.124304820266973
-0.00237902406671789 5.42867966788624E-05 -0.138753977529914 -0.0330577578657517
0.00233491729760781 0.0161269409105992 -0.254533852621631 -0.00477169458900153
0.0172719796054498 0.000387948160409817 -0.335220930284238 0.185742081008747
0.0220057802466183 -0.0405966304905981 -0.252954839646738 0.385069861780397
0.00321395533086395 -0.0717001605162111 -0.134138957527969 0.449125858199525
0.0134288589355145 -0.07341583428767 -0.104700928614636 0.42085931932023
0.0372546922080106 -0.0798905059654785 -0.183510886350705 0.379256246013666
0.0828099397082666 -0.0412720074261991 -0.280635492385751 0.219287328821271
0.0814634047040902 0.0214876356996157 -0.305527183329914 0.00561825167281747
0.0467314694597742 0.0851722204846087 -0.166052744122963 -0.135276080738085
-0.0055354577134997 0.0719289749171323 -0.0612638557752404 -0.131586046401131
-0.0132268121937704 0.0519900112424827 -0.0931809696487645 -0.0112369406273763
-0.0284681752184261 0.0525930041978381 -0.331702515700321 0.0283452734115419
-0.207378719542587 0.109489706131136 -0.447700128795792 0.0336336897568212
-0.0950453154332613 0.181933318535261 -0.181120651493097 0.0633861527867663
0.0860416621901495 0.18296519067209 -0.159485564721468 -0.0876491120857366
0.206141667179922 0.0792190484103537 -0.278128043210382 -0.0498752232400409
0.184884748978694 -0.0704540446164294 -0.331094717829559 0.150846559116368
0.125707780698071 -0.166597640063529 -0.249147571641913 0.335404568169258
0.0524026771178249 -0.234481099310198 -0.127328059912649 0.384650645048185
0.0503978417679675 -0.232123721334333 -0.088671564634055 0.350888297576698
0.0973263898401024 -0.223570995343259 -0.130936049646721 0.328391708344122
0.208095969960568 -0.132216073677286 -0.214741049746545 0.21401506759437
0.238177525356247 0.00687421741527263 -0.25122346513814 0.0536348328610784
0.203192302346088 0.186541670853882 -0.166767361318727 -0.0683532147282404
0.0276643712913326 0.230786052282572 -0.106090755021732 -0.0890406355136429
-0.115241274089058 0.16262976670675 -0.0926569779038603 0.0148772994984845
-0.195900316821273 0.105854160682484 -0.276647400809014 0.0556360953845394
-0.356449650085114 0.151958420851421 -0.3325589070022 -0.0403420149132356
-0.205930116339857 0.304932374041214 -0.121258690418867 -0.00925493665209079
0.11835170644342 0.356930370674878 -0.135944537068213 -0.142153751296307
0.372085359490701 0.180623426851801 -0.251726755321669 -0.101979266769727
0.351336616799544 -0.0938558066313052 -0.276484197874794 0.0860244200133957
0.239478712722733 -0.248668882692848 -0.205213682307568 0.232535269120636
0.113586943790833 -0.355140004016846 -0.099719448722489 0.260461033819309
0.081891974076265 -0.35515022745727 -0.0589325260523165 0.226637634979943
0.123999608649669 -0.344506664445499 -0.06143217200268 0.220896526046002
0.279838361066621 -0.235010646076784 -0.117045836552069 0.163411832770299
0.357923071787169 -0.0560465860232161 -0.146888253907425 0.0768540586140869
0.370239650571641 0.218177810156657 -0.116171563726349 0.00563134837525916
0.110280103443025 0.358396113766072 -0.115960254080463 -0.0157858898459287
-0.173801382122914 0.287504880424232 -0.0752995749054455 0.0453634521643606
-0.335156627806001 0.171318788273923 -0.174013550491541 0.0707298755613249
-0.445503300255096 0.148098338108564 -0.16720309193484 -0.0933970836176532
-0.305098235063629 0.337632050840953 -0.0305505731381454 -0.0624649208086779
0.0833665580820775 0.463957887605125 -0.0749069921076678 -0.159522838486293
0.439355276461431 0.285664662514988 -0.171368672795738 -0.120852958531293
0.462499554662604 -0.0611741420385302 -0.163358254394849 0.0259226384082216
0.331655161895851 -0.267946618200291 -0.11085042517394 0.105514967478848
0.169803460994451 -0.41065332245738 -0.0423587387080999 0.106809646852716
0.101891034855542 -0.424687946759048 -0.0187895177504784 0.0686460076673312
0.123740130460556 -0.422724255899384 0.00404735992178588 0.0724418595000088
0.293138124924793 -0.317394387426735 -0.018606148097758 0.0628188038533409
0.411410697555148 -0.135320592911259 -0.0248590962701758 0.0449377957583029
0.488856445058852 0.187930213779804 -0.0246786310681887 0.0395568005006031
0.201456527738303 0.426848855186772 -0.0759572914073665 0.040951394001788
-0.189405343711787 0.391603593077028 -0.0261327692534784 0.0559950974497336
-0.426000391015351 0.22844937508564 -0.0350197011590269 0.0629409711782733
-0.456738658145686 0.113782398411168 0.0128211676703767 -0.112015122013902
-0.348412455351801 0.291160761291841 0.0575374190070447 -0.0820532303910634
0.0149178400310474 0.464375996888246 -0.014457904460463 -0.121716829072697
0.397828284970693 0.344302059652336 -0.0714585854393844 -0.0802304126612004
0.475508926708564 -0.00292488764359095 -0.0134887015160049 0.00392314208162212
0.364657425785005 -0.230281082215332 0.024782307794306 -0.00865864110781303
0.1987043403238 -0.395182583921242 0.0367277627151696 -0.0491863546457146
0.105303327946222 -0.428414934386036 0.0252602052813441 -0.0977517972671526
0.106336483119894 -0.43821437489968 0.05408477554907 -0.0932077552556161
0.263309802281954 -0.348423786443912 0.061988390753941 -0.0700143403586818
0.396937276885815 -0.185117427309345 0.0816207537464679 -0.0338575878739281
0.521449539998268 0.136928284191521 0.070699377804189 0.019657327423666
0.254874616373597 0.428069099664913 -0.00943498769439863 0.0534297337748935
-0.176731182372677 0.438317291330563 0.0446821986874178 0.0310506721444556
-0.458644174511474 0.257111397514837 0.124856740938033 0.0318745225646236
-0.393264886596734 0.0733993540995943 0.173230649624171 -0.101775324288095
-0.318489587507663 0.208194716140984 0.113028170275424 -0.0747840419591347
-0.0330009321564421 0.377448876317353 0.00868811569681122 -0.0463762206141542
0.297421820951023 0.314010915873446 0.00397155408108315 0.00901458838183011
0.395591594144834 0.0335164883083925 0.129356307568478 0.0257774736634704
0.320185622093635 -0.166292614186581 0.166333513301012 -0.0890323607736549
0.185410633388888 -0.322045279488418 0.119010820857073 -0.184422238856618
0.0910078239049049 -0.368855555971211 0.0667956929226658 -0.246950979811915
0.0851467234284136 -0.38601888763821 0.0885521547268056 -0.249571189024174
0.212009751325 -0.317322266343092 0.121024902894814 -0.202696606614904
0.334632973140288 -0.184171063374008 0.162519642038352 -0.12224032335376
0.464703567443229 0.0956589390267644 0.144601854708847 -0.0237379781673859
0.245642957488646 0.377354591803016 0.0540195221855915 0.0327347441161986
-0.156826197105292 0.411629582115679 0.116104183728529 -0.0180615861306038
-0.425430855818382 0.238353952223717 0.279768640226725 -0.0148042958549445
-0.276096044514766 0.0388573387629703 0.289675437521631 -0.0809357684293471
-0.226877404140991 0.133198398330846 0.129340844284416 -0.0633289039893335
-0.0315962110891769 0.249337325376349 -0.000415527021207276 0.0321603086642098
0.195043534836874 0.206698174375372 0.0489949434688369 0.102559183455499
0.254779808876749 0.0220854029092865 0.23560730316329 0.0563538400282329
0.209212889583094 -0.101806841577977 0.272444475918255 -0.142247929749815
0.126724887134594 -0.206268654616345 0.181598216627006 -0.285058940676127
0.0599538923159409 -0.252932444144325 0.0977140459892119 -0.358128570821526
0.0615297706162136 -0.272508605150411 0.111884125448182 -0.371985372618096
0.148915782101129 -0.229584392148169 0.167500893297327 -0.308599226061852
0.242747693205589 -0.138080398971929 0.223944832218057 -0.190794765026161
0.343418094264229 0.0665889278706009 0.196350519664022 -0.0589943682274316
0.184402884537867 0.28548439022278 0.106250190433907 0.00692685515524612
-0.128760263867399 0.316946997668785 0.172037777536748 -0.0646398980248248
-0.328848435890921 0.173641179257315 0.405479073535714 -0.0622448431836668
0.145395899158577 -0.094533012863522 -0.466896013289013 0.16969220913345
0.0479373194200979 -0.182221182882277 -0.173598460258027 0.157670393759303
-0.12043301055342 -0.15841473542143 -0.0945943251354885 -0.00759673771224485
-0.198022503443053 -0.00810296722893199 -0.21330194621223 0.0109803922294252
-0.125786327941486 0.095632803265144 -0.319853603246555 0.189770686743363
-0.0599872170046832 0.102851695200977 -0.237980283805374 0.386207536360514
-0.0287561979924486 0.1082849360328 -0.119707986275863 0.457132030411084
-0.0224868840012927 0.0988265986151857 -0.0955033169104905 0.43814138483833
-0.0457309206400537 0.0699673561028146 -0.195712141636565 0.389974479235765
-0.0730544215247873 0.0309267481449727 -0.292810138417625 0.215531028136017
-0.0822675178478768 -0.00954568249393272 -0.310733664036078 -0.0110856723490475
-0.0701271688064265 -0.0644565574232637 -0.15221325759484 -0.14637639117225
0.0146605470961868 -0.0898938546658743 -0.031108075786067 -0.124757968229282
0.118587261647711 -0.0327174081700353 -0.103616570469343 -0.0208998117571359
0.148172844012899 0.0141738681319543 -0.345238226025242 0.00986779021581835
-0.0298590793207997 0.0243983982077815 -0.501540944179923 0.119936351430217
-0.00572322689863866 0.00747355843554442 -0.199259826549751 0.131332698055419
-0.00226284764092333 2.5252929490396E-05 -0.142888238938725 -0.0320833704211634
0.00265697183470873 0.0169921896675752 -0.2613672319405 -0.000696595830286296
0.017955681593634 0.000140739313798779 -0.340836802564617 0.196994284004766
0.0217256400759474 -0.0421493004526525 -0.251262080099745 0.398755195856131
0.00209865090487753 -0.0733555204194947 -0.129243665996871 0.46262867389747
0.011952993764599 -0.0754913746144328 -0.0990526659110206 0.433591794484726
0.0371979636729186 -0.0820293199904365 -0.179950915516705 0.392278833009273
0.0841062420252398 -0.0435475906833603 -0.283716130803826 0.230192718918594
0.0840466885588091 0.0206577812827387 -0.313509921557928 0.0118309976828812
0.0493099417149174 0.0861302793777648 -0.17326248555676 -0.135337888522592
-0.00477384654961577 0.0735982681988774 -0.0652889224617224 -0.133336558923275
-0.0129346163703022 0.0535624179253113 -0.0953240401436215 -0.00944701065323588
-0.0278578768221311 0.0552391857070904 -0.340407481949192 0.0360820118844433
-0.210712301737108 0.116659505529259 -0.460848290641808 0.0440456766835445
-0.0935196462837686 0.189295041448917 -0.184512070193342 0.0683974565058466
0.0924674625985231 0.185605326640087 -0.164638523011374 -0.0873261707501502
0.213835744269342 0.0767459724947441 -0.286656742193018 -0.047037742221121
0.188428649901187 -0.076229194796926 -0.337256252814001 0.160777337905931
0.125980391688392 -0.173971494172397 -0.248658913753077 0.348423155066959
0.0488854259991545 -0.242025260890119 -0.124382170084262 0.396151639334427
0.0472326556042949 -0.239050353397864 -0.084800682403205 0.361787200656598
0.0960815029465436 -0.230389451114735 -0.1269986575355 0.338686458429463
0.21052520952705 -0.140199818418653 -0.216058091029846 0.223985793197505
0.244509967894944 0.00261892118800813 -0.256764997243012 0.0594498294176819
0.211527794651232 0.187569130232256 -0.172104504728145 -0.0669334172348125
0.0332958093833317 0.236250321055111 -0.110916939637536 -0.0886544978987308
-0.115203655280363 0.168877858959815 -0.0952990060430623 0.0171488847133108
-0.198196040916757 0.113182009790505 -0.283146393291143 0.0629486516977927
-0.362905520555485 0.16388838928993 -0.343220629404733 -0.0337181484497626
-0.204756836294938 0.316645315778617 -0.124249022440595 -0.00661057871792127
0.129024816007424 0.363734716041832 -0.141218648940951 -0.143531708554737
0.385047265944691 0.176203017847888 -0.260389544838517 -0.100099568452511
0.358922026130946 -0.103633697369433 -0.282457672092894 0.0936683126967575
0.24082802414946 -0.260512955121069 -0.20535999463789 0.242703587479026
0.10954582169732 -0.36674435816975 -0.0973609899054266 0.269583278210317
0.0758305089621679 -0.365738272542378 -0.056380757552404 0.233817177397406
0.120530350627944 -0.356075289383644 -0.0581071777559779 0.227044480937383
0.283198627917105 -0.246744332784767 -0.117136336883831 0.170653790021425
0.365672581146826 -0.064418623995855 -0.149649645809343 0.0821501051478798
0.384887106315561 0.216311763694343 -0.118826685204274 0.00829567175881674
0.120480144817261 0.365863477194563 -0.119865236075895 -0.013265993786776
-0.173028461941176 0.299297236623278 -0.0762304346550053 0.0479726581735864
-0.339727024062803 0.18290899065766 -0.177594967334913 0.0758073278297021
-0.454313398574131 0.160970376703541 -0.174553215437414 -0.0918768062543997
-0.307434306771531 0.353552565044102 -0.0316787054326784 -0.0632527418206771
0.0952319551327655 0.474865225867762 -0.0793531796597193 -0.16256508472703
0.457713957186409 0.284825084879393 -0.178387684392143 -0.120832829287518
0.473418141118405 -0.0724423849456105 -0.167145771840428 0.0291052958720697
0.335680437203739 -0.281490166254377 -0.11104378717475 0.109904393373538
0.165857613346081 -0.424707866609468 -0.0418827330288571 0.109984939940569
0.0961674974000623 -0.43728599754118 -0.0184642567289701 0.0705997265265181
0.118770934075281 -0.43511191207383 0.00523394174520218 0.0733090246353407
0.294361306904782 -0.331056813925469 -0.0173528351283938 0.0650811026666023
0.419319780073133 -0.146730778120115 -0.0245919674950299 0.0472728530379601
0.506075624468321 0.18405098459999 -0.0244168869678574 0.0408659502730233
0.216275494600246 0.433996813172126 -0.0777493273983122 0.0445179838780243
-0.186923159779092 0.405385768079731 -0.0261692621852356 0.0580879597997647
-0.433318211223887 0.243706951069251 -0.0346049681882911 0.0650137579780192
-0.465786126246279 0.126587316068272 0.0108774172567514 -0.115204402586295
-0.352621335158683 0.306059679620817 0.0583510725223853 -0.0850722589423049
0.0250040547648039 0.476520962165167 -0.0165890176057138 -0.124769804221934
0.414904392570578 0.344439955835174 -0.0757952319902086 -0.0809864581841198
0.488697660752341 -0.0122613795043892 -0.0136135579766539 0.00356589436559251
0.370465191595653 -0.243874336899276 0.0258064759146666 -0.00988514743265477
0.195808180195238 -0.409349615925507 0.0365566755854345 -0.0515165676654404
0.0991230533186439 -0.441091693161013 0.0239397664730563 -0.100509039777495
0.100291261912788 -0.451514550222631 0.0532459590430853 -0.0968843621867818
0.264262155317765 -0.362953174273647 0.0621326678097737 -0.072491028516488
0.403237072694377 -0.197798873555472 0.0840808101471569 -0.0356331565215177
0.536977608540432 0.130339829730275 0.0732831802155492 0.0191388850302874
0.27052382028942 0.434296391716887 -0.00940800773404782 0.0565736934381578
-0.173603958975909 0.453763447486373 0.0465208907572089 0.0312603002441852
-0.465329156864593 0.271767805676604 0.128746943119969 0.0295997212473589
-0.402066415342375 0.0835994556771885 0.17581947198071 -0.108376649661769
-0.323193194131719 0.220377465751799 0.114973517978565 -0.0790748361939213
-0.0265311427873492 0.388513480761015 0.00822002868572369 -0.0486600383971065
0.312770680825778 0.316095494267122 0.00305391863734201 0.00941754236858741
0.406038651339459 0.0264476074926407 0.133090989207379 0.0232338460524237
0.325698873897904 -0.178080278999442 0.168508855855693 -0.0952776230309715
0.18367490245203 -0.333899652443996 0.118815182382398 -0.191456365166937
0.0855506789206821 -0.380414093112304 0.0641707177016024 -0.254311225488259
0.0802638091841481 -0.397732826241999 0.0860396745029156 -0.257915359476645
0.212290544280308 -0.329573526949327 0.121421965242147 -0.209720718083445
0.339911452578367 -0.196171118161513 0.164397610520331 -0.127722863756908
0.477986772931304 0.0880753495723969 0.148335526405416 -0.0266321680345848
0.259939127265808 0.381538015098963 0.0552132101908549 0.033628578348323
-0.153544440164869 0.425907260024546 0.118663670063775 -0.0206119960787407
-0.432246814249822 0.252221987836754 0.287605087472633 -0.0211184479622708
-0.281640940600082 0.0454740851047383 0.2965271522753 -0.0900256976759204
-0.230711985959546 0.140672608863328 0.132178851866409 -0.0675179044436053
-0.027177786154586 0.256572077238739 0.000214018251681877 0.0332739387477221
0.205065279092296 0.206976877985062 0.0515331966500418 0.105064483870351
0.262068974610799 0.0171203703456416 0.242377615478669 0.0528411825322553
0.212858770921195 -0.109140317843759 0.276704268273739 -0.151960415184836
0.12616843569092 -0.214189551738001 0.180692009731916 -0.295314443107316
0.0551997714672977 -0.261055641057452 0.0932312236340756 -0.367894919590423
0.0582352600447668 -0.280759909314211 0.107053681464977 -0.38369338854166
0.148172908465195 -0.238244117848821 0.166840366451109 -0.31919085865141
0.246354190952599 -0.146695436294825 0.225858717694286 -0.198842090511821
0.354211829480455 0.0620068214502138 0.201083216374304 -0.0644347843663118
0.1952723594247 0.289355162890376 0.10855464186897 0.0061412959972876
-0.126526603709118 0.328010556933368 0.174663624973164 -0.0691720935526939
-0.334436015890601 0.184696037426771 0.415682436168442 -0.0725599627867982
0.146616010465307 -0.100625155845901 -0.475569347119288 0.186274533117346
0.045920520617666 -0.187799946066147 -0.175023300836341 0.165383367982283
-0.126850765716893 -0.1592069930263 -0.0971942951507225 -0.00654503747622018
-0.203015842579944 -0.00360989872619906 -0.218641552377491 0.0150407719582425
-0.126378738674418 0.101361480797422 -0.324013460405379 0.201703978925134
-0.0588125440902033 0.106507906193795 -0.235143610580781 0.401180263821968
-0.0272930244803285 0.111211742267698 -0.111844996910212 0.470438010020496
-0.0206195073351068 0.102088683396504 -0.0880919645541305 0.451238282168473
-0.0446634993820572 0.0730517430948451 -0.190785693122525 0.403972973569414
-0.0743934126689822 0.033363248644548 -0.295190475958422 0.227218251248729
-0.0852669873745169 -0.0078275982279134 -0.318426541571238 -0.00453844221069391
-0.0741426466840114 -0.0645321621332046 -0.159182046073135 -0.14661778748971
0.0127920779486662 -0.0924465216929137 -0.0346424642437933 -0.127055156729171
0.121137575708228 -0.0363013007035258 -0.106897542150967 -0.018892215841104
0.15236885415839 0.0111625664296257 -0.354936575746912 0.0205440173174296
-0.0306412429384111 0.0258928828530801 -0.512702266139186 0.136668847860013
-0.00511085057837032 0.00771147882082801 -0.201803884642491 0.138469544485126
-0.0019870539273099 -8.66850497488305E-05 -0.147100721827012 -0.0300973865361777
0.00321443221120002 0.0171641982091777 -0.267905740057848 0.00440721952519426
0.0188186500701975 -0.000317896656834735 -0.345034948799896 0.209452385459095
0.0213888923217196 -0.0436966498970451 -0.248523229322047 0.415099307297028
0.000170769619873893 -0.0752951644411517 -0.120913776861512 0.476487931616998
0.0115721743101003 -0.0775843915072568 -0.0919552953101954 0.446503687018266
0.0364227478691908 -0.0843966656599282 -0.174941704038109 0.406234696900199
0.0857593463923623 -0.0462709981621056 -0.285650940414552 0.242653594844297
0.0862096500970451 0.0196292564505282 -0.321855499642353 0.019423186575633
0.0521659839737843 0.0875514177866869 -0.180871762665479 -0.135104242819031
-0.0028334212655234 0.0758567877925711 -0.0699597209288304 -0.135030381352336
-0.0118345073841598 0.0553848605823675 -0.0982011769544228 -0.00730138060828048
-0.0274615945477853 0.0574812139707155 -0.348122960286338 0.0465869096157567
-0.213246830320527 0.125278128277538 -0.472481360890432 0.0569873229262549
-0.0914591165241663 0.196449375051328 -0.187708526360978 0.0747169278119897
0.0995483589898917 0.188251943672218 -0.171010794757119 -0.086532405551562
0.221165838611986 0.0729601800384553 -0.294876069975011 -0.0412583700943143
0.19186849104532 -0.0828014108638716 -0.342035555043475 0.1729683208642
0.125419066567281 -0.180840456420373 -0.245630464925544 0.363337842598136
0.044819737084872 -0.248966060494274 -0.119031561993911 0.408040561159792
0.0429025290556748 -0.246263199140502 -0.0784561388728461 0.372832677101677
0.0933548633538738 -0.238232717174967 -0.122755329301495 0.34937109448015
0.213212983109083 -0.148224409559459 -0.216472086501206 0.234455336612468
0.25053027457964 -0.00280351887896817 -0.262949769981886 0.0669966811168611
0.221320543528449 0.187901787905628 -0.177921398657608 -0.0648436704393796
0.0390292624164396 0.240933873939596 -0.115730941052028 -0.0875028746665974
-0.114628200643251 0.176422533468301 -0.0965570178678091 0.0200334402509779
-0.200906238535361 0.121450227116235 -0.289047641058631 0.0720038150684346
-0.368008011913354 0.176320717488554 -0.353841945035632 -0.0260066581357976
-0.203164504116081 0.330386409042586 -0.126933300988862 -0.00388488054927202
0.141159680800856 0.370264980915006 -0.1479426642441 -0.144518723908877
0.399621419990846 0.172053109416817 -0.269199201799834 -0.097136025855819
0.365680440583697 -0.115318455555091 -0.287537574975364 0.102593165076101
0.241685743303696 -0.273034373470961 -0.205078755722026 0.253474232091862
0.10398071030314 -0.378306288445415 -0.0939187398686116 0.277894981654132
0.0698033137359018 -0.377227907257149 -0.0521211715234342 0.240925984993186
0.115872955428577 -0.367246023017408 -0.0548838514127642 0.233699773811882
0.284495816472142 -0.259714824803889 -0.116026584724096 0.177721675995907
0.373703592928888 -0.074960400279235 -0.151552606525578 0.0879950805130854
0.399116662690329 0.212637065162995 -0.121193823224878 0.0116801186860633
0.132426732738424 0.372626871159314 -0.123502242507008 -0.0105257929482477
-0.170735267707138 0.310568372945071 -0.0772695560565836 0.050335301889368
-0.344567586558087 0.195803954502359 -0.180685488663498 0.0819675696177601
-0.461309351105978 0.175815433322665 -0.181711589852167 -0.0897619532349056
-0.307077500417652 0.370171767342177 -0.0340799079554152 -0.0641051593156731
0.110325867346309 0.483319122985157 -0.0846381870073552 -0.164852172583741
0.477115123370347 0.280331373488239 -0.185844679164631 -0.120774250704611
0.483880194904724 -0.0863025118868077 -0.170874282282392 0.0330213919331733
0.337083664513358 -0.297974830344789 -0.110827485207181 0.11534949624172
0.160689062797363 -0.438131578424494 -0.0409605160342108 0.11333779013725
0.0865222641382269 -0.450214780962627 -0.017273989641858 0.0733015635186075
0.111354257667103 -0.448215150472443 0.00721394458768257 0.0744244852910849
0.295105975735668 -0.346603362204999 -0.0163373822941291 0.0675751203390577
0.427194607930137 -0.160316873861126 -0.0243809290475058 0.0489967715392517
0.524034311762432 0.176792446085592 -0.0233641967341477 0.0420758176516377
0.232545503867208 0.439337171947438 -0.0792591594671551 0.0485898945688537
-0.182705455388222 0.420535360985319 -0.0254935168662705 0.0598903531980409
-0.437741683314988 0.259818105125646 -0.0341497951285934 0.0673567514520252
-0.47395571751505 0.140742745078726 0.00777084570155258 -0.118406557635984
-0.35456661031024 0.322571133322109 0.0587349202445574 -0.0880240963092049
0.0375025600834051 0.487886644836075 -0.0195458593975382 -0.127796162053546
0.43540017072773 0.34277610695966 -0.0795782954317543 -0.081129086641755
0.501647141675797 -0.02561857407054 -0.0144472673083389 0.00370990704626988
0.374235951767915 -0.260538746710431 0.0261199028531846 -0.01084346403446
0.192252074113706 -0.424254003014046 0.0355882191823318 -0.0534852169138941
0.0903397170038795 -0.454874902407058 0.0217946860839935 -0.102573892417275
0.0916766167475324 -0.464246376471307 0.0524773426503364 -0.101319691906942
0.262413931611269 -0.378128622568798 0.0625213473007381 -0.0757133690634382
0.408743564959118 -0.211914472914708 0.0851278921792016 -0.0377058329903202
0.554954740363972 0.120333168320379 0.0761603788236768 0.0177299715700412
0.287254020448058 0.439091260182648 -0.0087815695331823 0.0594475376462243
-0.169472193583749 0.468994615976466 0.0485069256141011 0.0316239383706296
-0.471074230971253 0.289632102533066 0.133007130079248 0.0269368906524121
-0.4098792181614 0.0954987306305094 0.177736794550681 -0.115521962067238
-0.326573453330148 0.23482395592438 0.116699755400367 -0.0840472500259572
-0.0178918488131534 0.399315504045947 0.00770765007757288 -0.0501700185814346
0.327553737021343 0.316105305155048 0.0030287970828475 0.00964887921139411
0.417203328636711 0.0164120053844677 0.136620920252165 0.0208562018824073
0.329813892252038 -0.19034821060829 0.170822193104116 -0.101714298236629
0.180985423095148 -0.346257412172034 0.117160333911911 -0.198144714747292
0.0778184633506389 -0.390920903757315 0.058839549826779 -0.261526153829093
0.0723253013131539 -0.409996453404606 0.0816451756046349 -0.266360413989084
0.210153030415391 -0.342420180360526 0.119456352442853 -0.217725450135842
0.343717002669398 -0.209346030244 0.165950292099872 -0.134261613568874
0.492430628871685 0.0796886731214311 0.152151815454108 -0.031235719690979
0.27617806830082 0.385218156811476 0.0571987078853855 0.034728479069723
-0.148761218401954 0.440408269135879 0.12099800252025 -0.0235011691370745
-0.437931109919896 0.270113173306891 0.295028467525562 -0.0290925959287363
-0.287108983481999 0.0534979797211675 0.301895913468206 -0.0997077715320593
-0.233839141274348 0.15034706469715 0.135326844475531 -0.0728940972503148
-0.0219992148193454 0.264131268074566 0.000910984551064575 0.0335627692686704
0.215232963229329 0.207577475245799 0.054849744962674 0.106783494166447
0.268808285362777 0.0109454060526617 0.249544295410221 0.0483698820762268
0.216094934132311 -0.117594537518777 0.279559170986558 -0.162400389599851
0.124423708484875 -0.222571146728943 0.177992820551671 -0.306696813611888
0.0499854675565211 -0.268699778273987 0.0867236110910094 -0.378538482016488
0.0528473100493829 -0.28934114944941 0.0994219262131273 -0.395862763009851
0.146515477901758 -0.247750141366712 0.163431850744525 -0.330962530417738
0.24939082758152 -0.156281800752389 0.226929676260383 -0.208761572440279
0.365346927814111 0.0551059377579511 0.204678635210305 -0.0703926947940812
0.206444369283728 0.291751780254458 0.111019158984441 0.00441154064351023
-0.123024009718155 0.339135295967922 0.177428885227417 -0.0750342002482466
-0.338903172657094 0.197211009726514 0.4244822490443 -0.0852214340334544
0.147131876596025 -0.107012005316145 -0.483734780918299 0.203634084119587
0.0427147281804417 -0.193554541762113 -0.174775755946021 0.173580538915176
-0.134535278561559 -0.159531064326649 -0.0999149498539007 -0.00502770051382548
-0.208835698764755 0.00248927659833645 -0.223109573131195 0.0197578141917767
-0.126612347656709 0.10677059113262 -0.32665869595823 0.215218171419695
-0.0577204711605552 0.111169934887812 -0.229871320956578 0.417831483606739
-0.0246424985010267 0.114358989078676 -0.101450379193748 0.484396856208018
-0.0173938610372278 0.104567169644478 -0.0782160161108582 0.463659622997511
-0.0434325235142554 0.076279600702496 -0.185560975110054 0.418394691770735
-0.0754676502974088 0.0367922575095844 -0.296092976671072 0.240764933040365
-0.087969316792968 -0.00477790743403927 -0.327018277111254 0.00417935710722336
-0.0777556660820797 -0.0642902757017157 -0.167309817670342 -0.146300927151474
0.0103559248870732 -0.0952331481964641 -0.038520867283356 -0.129028172658718
0.12379003986665 -0.0402165242882404 -0.110366981649414 -0.0162085592381649
0.156325538429556 0.00730918064338382 -0.363688426761017 0.0319350996190387
-0.0305440819621176 0.0272610174345644 -0.523750541515729 0.155221787711574
-0.00458513697520388 0.00857202399276116 -0.2029726542723 0.147745980064925
-0.00149601006196119 -0.000191858389407221 -0.150999348761133 -0.0282462540009061
0.00378333965428044 0.0177683946856122 -0.274356058532241 0.0109001672644825
0.0196705693640469 -0.000659243013225673 -0.348596104876648 0.22445171581758
0.0208001418754202 -0.0452037437663989 -0.243424681458554 0.432088301215371
-0.00159048075395071 -0.0771142710785456 -0.11126776587022 0.490936239618978
0.00971486250162716 -0.0797171390147709 -0.0818632765660419 0.459429535061516
0.0352732632258483 -0.0873112532745252 -0.167974285512991 0.421113888810225
0.0867836300261638 -0.0495058913125509 -0.286499006830999 0.256324063905307
0.088550691832508 0.0180610365626227 -0.329979379636167 0.0274546151249482
0.0555002905997784 0.088475066384656 -0.18887260269589 -0.133652523828429
-0.000970962870126666 0.0775820145219465 -0.074913498842071 -0.136366336460856
-0.0105458498547035 0.0569429115037579 -0.100543494172213 -0.00526320202229922
-0.0264188361252896 0.0597776898554275 -0.355635668436749 0.0583797620568297
-0.215468078543283 0.134327452115162 -0.483033682001098 0.0721517715720311
-0.0879971761115489 0.204314624791296 -0.18996526735098 0.0815538141704973
0.108129858051303 0.190306968493698 -0.176620284086193 -0.0850295508403915
0.22917826294748 0.0690063859168354 -0.303647108393692 -0.0354977952531059
0.195114436030209 -0.0900622020857388 -0.346080602627398 0.185588666644518
0.123215592655521 -0.189008760867417 -0.241063079635297 0.377961123122211
0.0392289847017284 -0.25679106567415 -0.111480931183834 0.421011083532113
0.0371428491402103 -0.25328345349678 -0.0699481785309103 0.383708116908638
0.089466950948156 -0.246091012950501 -0.116425791644137 0.361209737191579
0.215534977895303 -0.157510457088965 -0.215459608124244 0.245632868854303
0.255985446170218 -0.00976792846437432 -0.267938275017178 0.0759136428295129
0.231457828683159 0.186228657904612 -0.18413642133465 -0.0614439153976051
0.0469398971868087 0.246091632339334 -0.121453526280818 -0.0859761676871863
-0.112746374874836 0.184087902925051 -0.0985719673371549 0.0228631460158611
-0.202444767882529 0.129772105332339 -0.294045289516227 0.0822326823610303
-0.371997066250476 0.190846144137637 -0.364019340807449 -0.0166158763484649
-0.199775731435115 0.344788663286504 -0.13020197696293 -4.38679538474594E-06
0.155441374916668 0.374645267613296 -0.154759430616545 -0.144288148255578
0.415176372766209 0.165031021676161 -0.278898102656206 -0.0929318999978392
0.372210936984978 -0.128240374043533 -0.292787099686223 0.112114716860116
0.240342330887451 -0.286492636239221 -0.202460247417834 0.264648037670999
0.0959463128724109 -0.389493928211882 -0.0894175681953761 0.286848336741115
0.0605710972968115 -0.38837711472892 -0.0468978616966525 0.24877632159515
0.109507149876104 -0.378854573567877 -0.0497290176313533 0.240218764979545
0.285447004825315 -0.272694375649878 -0.114141773611498 0.185213319800221
0.381208928430516 -0.086383587705778 -0.153600598162041 0.0944539760329854
0.414897022849035 0.207221676673374 -0.123887063995116 0.0150697870977932
0.146532142076043 0.378298345476258 -0.127540407723113 -0.00626042683364249
-0.167125385965879 0.323112740788867 -0.077763961642553 0.0545101977768047
-0.346983494088505 0.21013197723622 -0.183183337911107 0.0892121093134951
-0.467920856675826 0.192497561958157 -0.18855082987388 -0.0866035197203111
-0.305373174973098 0.388196265340038 -0.0355958221506112 -0.0638931596616214
0.126272589280498 0.493716398863143 -0.0904246803288464 -0.167026596804227
0.496217179718808 0.27417682943215 -0.194078065076271 -0.118640356152086
0.494066154896451 -0.101297748191687 -0.17482114958797 0.0380506798670784
0.338024262251323 -0.315047822530643 -0.110169891282058 0.121043208579391
0.153073545433917 -0.453339416809508 -0.0393088588976451 0.116723150107963
0.0765541946837739 -0.463327918548535 -0.015873867061138 0.0759449136974778
0.102021486487381 -0.462225131113882 0.0092075993422923 0.0761972551354797
0.29393436282928 -0.362879998371595 -0.0143760751723548 0.0700861255662951
0.433301387688201 -0.175362322139717 -0.0235690736902575 0.0513239840448217
0.542662730265689 0.166292186310706 -0.0225371285669547 0.0438734870468515
0.249851487300777 0.444281469787543 -0.0799676167065421 0.0531155907390502
-0.177471252842339 0.436216086582333 -0.0245976925357497 0.062493106263179
-0.442244547051821 0.278778020104756 -0.0327765653113426 0.0692979456752258
-0.481739929420719 0.157572172414992 0.00523174444833389 -0.121513181257858
-0.355030207455079 0.34078448927794 0.0587017539116301 -0.0918143547323579
0.052132964268778 0.499679201301275 -0.0230750090422167 -0.130545509839929
0.456441109259013 0.338215293179051 -0.0840034645640519 -0.0807575003084448
0.513013546101433 -0.0402530966814658 -0.0150050298772008 0.00367393308779159
0.376473251918963 -0.277011697072469 0.0268312459734988 -0.0117116626382438
0.186164136999394 -0.440662760209458 0.0345735264141745 -0.0553966336564739
0.0790598461790914 -0.467515369530954 0.0195353921781512 -0.105580611190495
0.0826619864984573 -0.478174840015036 0.0510416660093741 -0.10569709172523
0.25911278689599 -0.394698743604319 0.0624356617717569 -0.0786635292761805
0.414097610441314 -0.228561686480132 0.0860418843927719 -0.0400351014184197
0.571587484226749 0.107856780572121 0.0792626691813718 0.0162850528230039
0.307683454092123 0.44151237443337 -0.00772672636611941 0.0625532120073734
-0.162377221155957 0.485774124048923 0.0505624771870334 0.0313552317050571
-0.475459028554138 0.309693854719198 0.137157235835469 0.0232357817342898
-0.41664366155163 0.109423124539358 0.179293941502063 -0.123819077082598
-0.329140533577802 0.248854968121497 0.118599736524912 -0.0892283436575142
-0.00725504764772241 0.408884903967477 0.00683367079503075 -0.0517542762873541
0.345780080626743 0.314203181709442 0.00234443853375129 0.010228545950951
0.428342004626957 0.00552422087327868 0.140020419526516 0.0174273511122877
0.332869256528021 -0.20530783681387 0.172836240223252 -0.109645049077574
0.176137086223985 -0.359762996960058 0.114682368460565 -0.205818639558434
0.068661957826711 -0.402359124157781 0.0531642570776218 -0.268602327116618
0.0631139170314069 -0.421527166808882 0.0763499973423372 -0.275444241713677
0.205878663786759 -0.357037820649891 0.117527682283399 -0.226449161569107
0.346971239333594 -0.22359447795952 0.166729591547479 -0.141099384629384
0.50736559049251 0.0670783635567367 0.155772483729879 -0.0358196777071948
0.293859341708796 0.38763948737007 0.0592276832775654 0.0348981954005351
-0.140858255107148 0.455774627417564 0.123280427048337 -0.0268874957629214
-0.442690370110459 0.289686097779796 0.302196702986024 -0.038629031750538
-0.292471098092198 0.0629308829417917 0.307227176327562 -0.111379605840371
-0.23544847909374 0.160465719490214 0.137580947905102 -0.0791896488051686
-0.0153687588337502 0.270678815664108 0.00183505318649308 0.0345326046701455
0.227393954347385 0.205962217054359 0.0575433427740213 0.108946765169341
0.275889509096113 0.00330988503073364 0.256894116691044 0.0430296084474572
0.218058558988514 -0.126449656032578 0.282355206328745 -0.174042861402627
0.121494175324618 -0.231791627564303 0.173832017083537 -0.31816502230158
0.0428869619648663 -0.27585821808713 0.0788058013445449 -0.390062011938845
0.0453645080545941 -0.297760949386928 0.09223618575172 -0.408409208475113
0.144083553138624 -0.257709161944481 0.15942391201022 -0.34329764218504
0.251211565429313 -0.166642108833534 0.227598083478291 -0.219059990127439
0.375120641841615 0.0463747394905116 0.20807942378037 -0.0780145409000076
0.219616469346836 0.292883007251477 0.113718820389162 0.00311995408417047
-0.117743730685652 0.351450223778226 0.179590216317157 -0.0809798475925114
-0.342294753570944 0.211415082911116 0.433851139555684 -0.0993418495154536
0.164278513082142 -0.0641698104831924 -0.512437335894164 0.107060532029105
0.0827351626179009 -0.178333697219285 -0.207115877457837 0.136656399312529
-0.0997598987140557 -0.184002127891491 -0.106226257893478 -0.0347967218173912
-0.20625050370274 -0.0331674862197244 -0.242709571604752 -0.0284430357164426
-0.144869810654015 0.0876341535707523 -0.376029027771716 0.163465794527073
-0.077929320901404 0.104425696626881 -0.312930070367062 0.381096789426563
-0.0472928530371429 0.111294772187855 -0.198083157111543 0.475353698196384
-0.0401216142479979 0.104414104827941 -0.168521968997573 0.454644199650479
-0.0599649991623504 0.0670562400805273 -0.265811665087405 0.389569851597797
-0.0855471023392884 0.0227042976344223 -0.343518049919363 0.187630703374189
-0.0905656498404004 -0.0261721980351286 -0.327134933940324 -0.0542853586060941
-0.066924236048391 -0.0837579907335875 -0.135172886169022 -0.176430457251553
0.0333406383321543 -0.0953467315171192 -0.0152606902622431 -0.13460888205561
0.133175013706707 -0.014959676660425 -0.113031164941774 -0.0357250980285878
0.156749845539296 0.0451412015552306 -0.380818160715826 -0.0466021620009524
-0.040783498738872 0.0315252501522165 -0.551004399234147 0.0542027026738577
-0.00506261476407345 0.0113224979364711 -0.231654934728695 0.110747335827735
-0.0027276851597973 0.00116050702639971 -0.14586681096954 -0.05737535827916
-0.00104651717827411 0.022968852909725 -0.279863636293677 -0.0408000719719399
0.0219537299550309 0.0113625677904437 -0.392691223806229 0.162002473940061
0.0329910614724936 -0.0358485393006094 -0.32600352434428 0.390758200957443
0.0142462630723208 -0.0747315264724564 -0.203416251521839 0.475873081831402
0.0294768564418377 -0.0736325946296164 -0.171438140094904 0.447978300541985
0.0537503325799282 -0.0802379011244529 -0.248722760690231 0.39777927954893
0.0959736928004064 -0.0296948926363858 -0.337436739434554 0.2089331791458
0.0819033339854934 0.0390031581968179 -0.340328895202966 -0.0321227613513768
0.0367356239512629 0.0974400397902015 -0.169078973488537 -0.173625741421844
-0.018600956833699 0.0755533176186956 -0.0497989045670488 -0.152697378700342
-0.0245472869682047 0.0546074608889233 -0.0986670577832624 -0.0266953735450089
-0.0447096253072769 0.0577271462020838 -0.368295773630351 -0.0163466035376005
-0.246440729091999 0.0967335944881288 -0.503314267306653 -0.017979114730897
-0.126439784341364 0.186603257778948 -0.20974835515384 0.0526243510811714
0.0646703869903596 0.210902274228591 -0.155447511672261 -0.10711587532502
0.208941930455683 0.116110284650202 -0.288360474495574 -0.0846068112868918
0.212584544962746 -0.0418948634985125 -0.374526316229009 0.116982364564378
0.165160691987111 -0.158617036986954 -0.31116137035384 0.332838873994614
0.0898649491826778 -0.244260828793418 -0.185074891119448 0.401481598612238
0.0958693520075967 -0.240951822207536 -0.145478770625873 0.37388608713212
0.141618838244877 -0.227529519698454 -0.183751481523446 0.3499076032018
0.248099345905692 -0.111688907877329 -0.265203776772915 0.216046883900988
0.258499770532767 0.0500719126657275 -0.292772829278661 0.0276321059650037
0.194888022607723 0.233184150539946 -0.190087980804486 -0.102680462963138
-0.00992212058782902 0.257214021250345 -0.106128627396096 -0.114860959105456
-0.155795228183418 0.160921396937145 -0.0968065825730998 -0.00365833554150633
-0.243088734975137 0.0897848126011664 -0.301134209602874 0.021193275294796
-0.412991975311186 0.11775782792603 -0.374424823962989 -0.0828653904837759
-0.265510015038439 0.301518247349863 -0.13721953979087 -0.0137108437771475
0.0731883625952895 0.401780134265455 -0.118989091960669 -0.152100190362839
0.372455999600779 0.244464707487771 -0.244154491413024 -0.127245122288297
0.394250431634959 -0.0449529127322321 -0.296941058341715 0.0498337810813902
0.301542772225929 -0.234105343096678 -0.246509950952212 0.224039310864736
0.172333357268517 -0.366080586831631 -0.134288537915164 0.268264057576528
0.14922485911518 -0.371701662177967 -0.0947610778904552 0.241800588019511
0.189188398608983 -0.356043447773782 -0.0924646747482373 0.242147117615426
0.343899942649973 -0.213329420966765 -0.150557464254506 0.176487936138346
0.40397597314229 0.00227819654670227 -0.185418516584019 0.0684340849118723
0.376445427067107 0.292407111384753 -0.154832652732043 -0.0122112898704996
0.0580586056420979 0.414086766554569 -0.129227891653901 -0.039854587513573
-0.241355642392876 0.290515756315422 -0.0792420842506517 0.0256540354661277
-0.41041099865819 0.139843994448782 -0.180691050976515 0.0496724340537983
-0.5057080956352 0.0948767742373895 -0.19080870603882 -0.119175157131924
-0.37776353939383 0.322708685562777 -0.0334040935802489 -0.0597326423306485
0.0192698741527877 0.511016148520908 -0.05253319052006 -0.155170476358428
0.431905497246504 0.364716769161203 -0.150237670894373 -0.127540476862291
0.508782659157127 0.00282079923814036 -0.157033226650599 -0.00330551059968188
0.404848091750197 -0.243582809022778 -0.123530922324681 0.0954375553833177
0.241419442951104 -0.41982241272586 -0.0476315822939381 0.104558820781899
0.182965854807739 -0.446434742415205 -0.0300638635846582 0.0732153245286673
0.200533730975546 -0.440642242538724 -0.000896997578760219 0.0870009134460569
0.372417397587097 -0.303383425664488 -0.0269126484472315 0.0796327387073578
0.47909361485572 -0.0760619460825577 -0.0490150381718656 0.0521487198101507
0.513837002848815 0.278563455937741 -0.0643208261702686 0.0414980319210138
0.146996334265249 0.506993958749507 -0.0956258518368151 0.0269988557565465
-0.275700294063867 0.403092275017194 -0.0268366414855739 0.0389614936750062
-0.523888272905541 0.18931560918268 -0.0194437249796544 0.0605280106451783
-0.511248756125252 0.0538489302931633 0.00899231405858884 -0.117896846479885
-0.418568780745842 0.26400203918278 0.0655244496784337 -0.0716057328697503
-0.0535328790083319 0.499761586480495 0.0036747393370322 -0.105775124065764
0.381082752743639 0.418269047053602 -0.050540264568523 -0.0656369721567168
0.514141441652812 0.0651836033241566 0.0122685364225826 -0.00472656330660404
0.434740715582425 -0.200290923193948 0.040081397453457 -0.0123058429005231
0.27174540189453 -0.400928195839309 0.0612731259956954 -0.056342116915049
0.185974276688899 -0.449867487502803 0.0405155168903844 -0.103948696460912
0.183069526235336 -0.460405980579358 0.0757488221456055 -0.0897918695953233
0.343647169642962 -0.342953902047577 0.0793533236203491 -0.0568968593401756
0.472980728843513 -0.134956894485832 0.0786824872226894 -0.0183795996098937
0.558181168572735 0.22567457529863 0.0419160096636079 0.0365971737029547
0.205537996898094 0.517320214927031 -0.0252579699595409 0.0492867145796996
-0.268469531704281 0.456786138856362 0.0529266906272555 0.0192327681873822
-0.56268464745031 0.212454344603008 0.163969597963148 0.0476508970727658
-0.433646901691289 0.016072219583029 0.185376008175556 -0.0880408084513283
-0.373483030905007 0.177850762251194 0.126357651514824 -0.0611218720571202
-0.0921073099772449 0.399597826938225 0.0151961539427407 -0.0266490407820914
0.279763483183476 0.372984806692138 0.0137558417480883 0.0395507442749803
0.423393410840884 0.0885657903085109 0.161784678310653 0.0405890475153729
0.376423883098306 -0.139090992509831 0.20423034312454 -0.0821301263875147
0.246504216245902 -0.323424190731169 0.16864825023922 -0.192373561106143
0.159572533576177 -0.389294520667839 0.106735521821089 -0.262123033702484
0.151639447439762 -0.407750862116704 0.132585320508877 -0.258985061809423
0.28326162736804 -0.317178912209036 0.161741780983641 -0.197408481528362
0.404905802876685 -0.14560379127007 0.180938270673567 -0.104846602100587
0.50220437335416 0.172491177020544 0.133277012788693 -0.000883080706220108
0.205231481769996 0.460228145723489 0.0475176154136127 0.0362212483219994
-0.240806369887811 0.430166450470805 0.136164442727039 -0.0231277583967073
-0.521405314616904 0.197482084527458 0.341425046919451 0.0194663852179286
-0.298745882829778 -0.00575412654088577 0.315302346724557 -0.0523826900345579
-0.264270218496536 0.109003191000018 0.146226217188437 -0.0501403769497602
-0.0699606716947881 0.263821670143217 -0.00629117918277404 0.0506955596394189
0.186148632042106 0.24380731809223 0.0460254530694767 0.139795106128109
0.273696319281105 0.054296215369615 0.266310700206323 0.0890164630653913
0.244531589653455 -0.0860727728393286 0.32430633837166 -0.12603946150504
0.167124745492914 -0.208035985543127 0.24654541062934 -0.293791012343805
0.104809126216443 -0.268923160474925 0.155682707910377 -0.379775685687197
0.10811601083646 -0.287433854023683 0.171951915224091 -0.393146075419851
0.200053080095566 -0.230911654448493 0.225531485425015 -0.310899472770189
0.294864236742185 -0.112035980359189 0.259247949310781 -0.173416715605751
0.37360563137843 0.123066127591082 0.201992462134484 -0.0334451874027983
0.15365101406371 0.347493605782285 0.109597658410158 0.0164426615370172
-0.193268140953061 0.330063448229369 0.2013024783816 -0.0613294532580172
-0.398815437506026 0.139129387007703 0.479158436831546 -0.0137169300733217
0.165377677828088 -0.0710055717437617 -0.521101243679421 0.127661972781558
0.078933693681039 -0.18474341920707 -0.206360809355333 0.145634162612026
-0.108262224495925 -0.184499358984038 -0.109203218289636 -0.0325470198462125
-0.211706629902248 -0.0263433903628605 -0.248253148176521 -0.021786782480777
-0.14432840931763 0.094520492102323 -0.379015825137786 0.1788980933459
-0.0761186869604625 0.109088122545548 -0.306696702921606 0.399592050564051
-0.0444982030396148 0.1152328871078 -0.185829121300626 0.491502036192044
-0.0371569906648862 0.107449049239778 -0.158232461549441 0.469558339721884
-0.0592453912693741 0.0707515901659505 -0.258109696800845 0.406794750810745
-0.0867474178062199 0.0265218645055012 -0.344680386776925 0.202452827885325
-0.094236551892538 -0.0235721590109269 -0.334874017277343 -0.0456520955289839
-0.0717753967255081 -0.0830757051828853 -0.143309245268401 -0.17518385199382
0.0313365087296902 -0.0983303055564553 -0.020264292541154 -0.136800167189906
0.135904388381879 -0.0196969827139136 -0.116518474415875 -0.0328332196109358
0.162134195129635 0.0405912669723706 -0.390685376727737 -0.0337513394922725
-0.0405788918186568 0.0333196772381722 -0.563368857237751 0.0733566507209973
-0.00436284936505251 0.0119816707758433 -0.23292032256517 0.120806223380123
-0.00264007246445842 0.00106679789085239 -0.150064102339272 -0.0546380068483984
-0.000638629256421417 0.0235425077721238 -0.287011006318539 -0.0332705673027778
0.0232283277494175 0.0108256259102129 -0.39566149131294 0.177718703472893
0.0324825160953791 -0.0376233027058167 -0.32008547109654 0.409138991316138
0.0118104353215743 -0.0764346785233488 -0.192388689040134 0.491603809232635
0.0280056899779279 -0.0758972346085358 -0.161602855077889 0.462479333682373
0.0526008036105762 -0.0829459667366527 -0.240814481633324 0.41414720990755
0.0966775276502783 -0.0331194691515109 -0.337874227792486 0.225293092169166
0.0845284916118612 0.0381131458357542 -0.348754310234519 -0.0218946844780901
0.0403185350816828 0.0987123859545638 -0.178931393382827 -0.171947667585788
-0.0164959901737619 0.0779057140150455 -0.055892558862613 -0.154245947866401
-0.0234168017974046 0.0565364963593916 -0.101467664484974 -0.0243834639215883
-0.0437548576163574 0.0608373091645575 -0.377307220638832 -0.00471816536402236
-0.248328449445249 0.107455558246947 -0.515918585224069 -0.001252324155731
-0.122940949886738 0.194956405883645 -0.212003440945023 0.0609464324284268
0.0738666267858503 0.212606151456337 -0.160875346628699 -0.10499684482384
0.217583992874531 0.111844318123376 -0.297065130950482 -0.0774879417922987
0.215856893676144 -0.04927943453641 -0.378917091098526 0.130856161806795
0.163055627470735 -0.167595263402526 -0.306353688546073 0.350529197178992
0.0836948196973102 -0.252319715252118 -0.175692122538043 0.415574856156664
0.0895261995732561 -0.249252539717276 -0.135878026236048 0.386844751151457
0.137311978017588 -0.236385678524939 -0.17554327646263 0.362781487038916
0.250502633454003 -0.121563349547524 -0.263493895570779 0.22949450262619
0.265915427295051 0.0430035587271127 -0.298712301608299 0.0375517604804808
0.206527117945143 0.231304853766233 -0.197455259256873 -0.0988847439502132
-0.00179421741943423 0.262635008684591 -0.112405051593724 -0.113509826668148
-0.154158798541326 0.169252801883138 -0.0987975333921085 -0.000853682310150551
-0.245258380240859 0.100728502369311 -0.307359537706761 0.0316520865058199
-0.418247815025858 0.133977547530115 -0.386368572168529 -0.0706436826549544
-0.261569049553167 0.316525952072367 -0.140071547862781 -0.00924176167202609
0.0892990192255954 0.40791371327391 -0.126006279545342 -0.151623909477779
0.38868500958155 0.237717397395772 -0.253271575942041 -0.122958323282053
0.4015607674989 -0.0590338048503036 -0.302049321265557 0.0598268529081351
0.30019049098607 -0.249100503265263 -0.244360574172293 0.237000610280346
0.164379264473319 -0.379809399452486 -0.1277882119223 0.277826798499559
0.139749306550638 -0.384569027418676 -0.0888572461191352 0.250262245575187
0.181636504789592 -0.369617204648919 -0.0867177576761182 0.249597829674312
0.345085736916491 -0.228806188989235 -0.14784413655065 0.185226842391922
0.412421335896031 -0.0110524084585828 -0.18761009415486 0.0768590132097287
0.393355370349735 0.285702141535638 -0.157677369413352 -0.00732018854461222
0.0733675958172632 0.420406366218546 -0.133716668035219 -0.0354044040513351
-0.238325543520344 0.304781810776144 -0.0801874684611867 0.028362802577374
-0.414754305144786 0.157003204468795 -0.183410376813315 0.0571213399901689
-0.513676490844 0.114923639549772 -0.199164827830789 -0.114945151704918
-0.374778171329082 0.341132838617535 -0.0353255112184792 -0.0597173217515778
0.037916831380805 0.520396554730953 -0.0579755542363919 -0.156960261400857
0.454234265457344 0.358651162483576 -0.15804832890491 -0.126038455255126
0.520661697724399 -0.0145052591411574 -0.160642054882033 0.000915159301550539
0.40583143813747 -0.263239643712616 -0.123304061079724 0.101336316956877
0.233235652771371 -0.43596185194171 -0.0456241382906619 0.108448996259221
0.170983926845402 -0.461142231705291 -0.0284953357913783 0.0757389608393468
0.189609610801891 -0.455437158469521 0.00237657138950352 0.0882075014409654
0.370649219964336 -0.322360638782578 -0.0251740887219331 0.0827299443841955
0.48677010083311 -0.0932746350234666 -0.0483289431551438 0.055606559092987
0.535877947453801 0.266977337229926 -0.0640517082043866 0.0439493955474644
0.167618810855303 0.51275670553663 -0.0970438237433462 0.0317918524037937
-0.268753029262467 0.420825117478048 -0.0264332456361346 0.0404542237050234
-0.52767271834171 0.209945777613981 -0.0176460100703822 0.0619835804475217
-0.518676383799212 0.0712430489968885 0.00491001638859298 -0.12082809907019
-0.419024006202006 0.282911773867135 0.0651588997320046 -0.0754295710521883
-0.0380360348893568 0.512967852483717 0.00116599572198365 -0.108105024879191
0.40569855035341 0.41542354249076 -0.0544207719383958 -0.06562410346737
0.528462835603961 0.0488503115253074 0.0118844356300761 -0.00609803422387587
0.437907610613604 -0.220338392106097 0.040933378383491 -0.0145761145111018
0.264677780675723 -0.418674539901091 0.0599159227775285 -0.0591294183117245
0.174066440463946 -0.465753674925871 0.0379530890235241 -0.106635981633848
0.171568177737081 -0.476270764415471 0.0742529370116203 -0.0950190872533993
0.34059108523031 -0.361146754330106 0.0789664853813264 -0.0603274683204287
0.478741029897455 -0.152602484990441 0.079858568228069 -0.0205229560785461
0.577970280025357 0.211367214600459 0.0447243395557731 0.0358514749084999
0.228632432905076 0.52238953382314 -0.0251376733110821 0.0525292042878933
-0.260603813479738 0.47530471767336 0.0547088997211117 0.0181550621329818
-0.568934232722865 0.235350376983051 0.16959383111766 0.0432506546672096
-0.441410936021072 0.0310869510747726 0.186619665581934 -0.0968483965428366
-0.376528242804544 0.193857925374446 0.127858147929748 -0.0669136230438604
-0.0800709726397743 0.411079956569425 0.0151000385277511 -0.0277364636365003
0.29871252759289 0.37103024994839 0.0146956205335083 0.0399027428534374
0.434599004800054 0.0766934110665547 0.165865409044481 0.036115765408387
0.379882973697057 -0.15446429502215 0.20603620667671 -0.0908295269981666
0.241117391435975 -0.339197523771023 0.165742481170366 -0.202000938227955
0.149285842415378 -0.40291841757807 0.0999387215049081 -0.270444234122775
0.140549916437346 -0.421247747968479 0.127120082889943 -0.268759669866966
0.279408762794015 -0.332349388656216 0.159340453645695 -0.206780150974217
0.408248042107905 -0.162329365974303 0.181329103523659 -0.111631518788795
0.518282781895119 0.159055266732053 0.136466033785642 -0.00472947607752357
0.22405405496179 0.46316323512583 0.0493288783833005 0.0370117719392754
-0.23369229303944 0.448216266210873 0.138378012567889 -0.0276424918354055
-0.52670609689924 0.21895776013434 0.349514833292148 0.00769447956708746
-0.304339335783341 0.00394760580348916 0.321049375611718 -0.0650169547470407
-0.267146233933094 0.120109279282375 0.148556834456307 -0.0561277117312101
-0.0629220263775608 0.27114942467475 -0.0043351513277387 0.0514662671091044
0.198690172730805 0.242329151541158 0.0508959115101627 0.142169945125244
0.281070956901946 0.0464585781295234 0.274252733027889 0.0818077105493351
0.247347518594691 -0.0961355702026618 0.326237864941276 -0.139572175892534
0.163867403400897 -0.218128707753043 0.242080067465469 -0.30722942785851
0.0970436469862315 -0.277758441865255 0.146700197038939 -0.39157125610692
0.100855838413894 -0.297393360384157 0.161944265373122 -0.406788788463629
0.196663477917986 -0.242866258520193 0.220259253829386 -0.324738844344612
0.29737595096522 -0.123981292663396 0.259578976519952 -0.185298081270531
0.385734246001223 0.112905227512965 0.204672863179789 -0.0406352196440866
0.168847681294987 0.349787049260837 0.112047051837583 0.0146661809071125
-0.187445936623566 0.342952162561425 0.202945322342286 -0.068932866935416
-0.403449973650678 0.155116158399158 0.490158455439424 -0.030359159939754
0.166200247609091 -0.0781480661603115 -0.528423582942761 0.149492590934001
0.0743931429181575 -0.191705156301254 -0.205578377684223 0.155754285356659
-0.116915955150123 -0.184156196547471 -0.112052745260084 -0.0306125485995083
-0.216817925486563 -0.0195195101726439 -0.25332637775981 -0.0144993529418735
-0.14294931610181 0.100916882547594 -0.380362948393484 0.196266651359689
-0.0740177056052119 0.114064177578526 -0.298126213240951 0.418256101585682
-0.0411964219343846 0.11897978078053 -0.172421469441924 0.50539879097648
-0.0330556324966947 0.111207086031288 -0.144268201025303 0.483024515835894
-0.0574007895370951 0.0742221701126528 -0.248666277507623 0.423112966210798
-0.0875071867790241 0.0304566593630967 -0.343832947423291 0.217795547529877
-0.0971827291213168 -0.0198406405006307 -0.343199634158469 -0.034420688371302
-0.07660718055235 -0.0817597120197237 -0.151905338068792 -0.172876790264813
0.0281128927602648 -0.101218217520303 -0.0248613417246937 -0.138574584034259
0.138219759441758 -0.024713846076974 -0.120409760955735 -0.0294066703103636
0.166521245469564 0.0356518370179873 -0.400434511253893 -0.0191955789270507
-0.0402507849342812 0.0358660433825229 -0.571149477307928 0.0966606689779782
-0.0032845244888255 0.0118377796704399 -0.233414272523389 0.130843400710103
-0.00295124755570392 0.000912669331229615 -0.154771835879485 -0.0515024113357673
0.000378133189115299 0.0240832673739378 -0.293818490640618 -0.0249345993131287
0.0242580656518105 0.0104850278907803 -0.397893598145214 0.194565817263267
0.0319305368024372 -0.0392735657419286 -0.311404100525512 0.427946963140423
0.0096072387534625 -0.07836271261621 -0.178912492918552 0.506711389040799
0.0259889755778772 -0.078355499393283 -0.147130690402955 0.477016848563125
0.0509427299144222 -0.0861270518723273 -0.230291820156298 0.429997630360653
0.0974627419077147 -0.0366624395293458 -0.336086391568403 0.240983422159343
0.0867193556432271 0.0357058600007315 -0.356484675360477 -0.0108783776566783
0.0435269267191949 0.0990248188940131 -0.187685719875318 -0.168977491786625
-0.0140678552329399 0.0801112427863838 -0.0619828829934213 -0.154662185463591
-0.0215037326571078 0.0586999865461668 -0.104346339607968 -0.0214240537366821
-0.0424575394119865 0.0639970035025957 -0.38458936648086 0.0101136332911601
-0.249241234559985 0.118180551048587 -0.525956659778903 0.0181222717736846
-0.118192730949833 0.203664274798752 -0.213474494915255 0.0694600333443822
0.0834290242544547 0.214247047953756 -0.167415122768342 -0.10244147082062
0.226119323091923 0.105427803930262 -0.305703637806974 -0.0695013891718311
0.218760196893652 -0.0585198656053924 -0.380882932135211 0.147374470184021
0.160295922458202 -0.177076986265976 -0.299956145183601 0.368160107910016
0.0771641055436293 -0.259180083665338 -0.165037635040771 0.428691824527267
0.0825147493926117 -0.256566810430676 -0.124858667585807 0.398502181795939
0.131433291859489 -0.244724717382425 -0.165618374558581 0.375619222498162
0.251314231738764 -0.132593839041258 -0.259752302204647 0.243070811137981
0.27217235446715 0.0352341782183151 -0.303441436316741 0.0491468219900776
0.218489914150723 0.2285813160392 -0.204342472310385 -0.0935805672065561
0.00749865062310206 0.268064462586032 -0.118633480223436 -0.111501054585624
-0.151583707235292 0.178395097506776 -0.100556312078371 0.00264966303656816
-0.245751981542724 0.111976185977388 -0.312264826537979 0.044151915389432
-0.420849847029335 0.151337119555975 -0.396789884792901 -0.0578223678787628
-0.25527991802257 0.332198926411259 -0.14251395527601 -0.00419441746652718
0.105387645402495 0.411717131514756 -0.133320405181021 -0.15064408977175
0.405620864769021 0.227715675294514 -0.262709835123761 -0.117080677225474
0.407150653879844 -0.0744893190176747 -0.306009108858256 0.0705666004635519
0.297370395156618 -0.265164675893143 -0.24000411652558 0.249502399438416
0.154102043421126 -0.39205035683438 -0.12156592299139 0.286841503958062
0.128430725399612 -0.396231269091478 -0.0823547582876565 0.258073351218222
0.172737399237155 -0.382024439341963 -0.0788782545624064 0.256723030484706
0.343938456340222 -0.24502455582318 -0.143937606952162 0.194803420987132
0.419765459051376 -0.0257857687307042 -0.188676868702112 0.0852690339228617
0.411660705762628 0.277012455469632 -0.161401269157855 -0.00147853476979831
0.0903330650019891 0.425971556710201 -0.138342516485944 -0.0309692535952847
-0.231828447669722 0.320208070292124 -0.0801802588969313 0.0315211814440686
-0.41729776173029 0.175315890266311 -0.184651863063336 0.0648296162504153
-0.519516269408101 0.134977602894851 -0.207591692499362 -0.109994141735666
-0.370575748420612 0.36277410979608 -0.037687657451003 -0.0590709975228179
0.0578571136958251 0.528162949439143 -0.0634647840839023 -0.158521898321846
0.476339471768522 0.34839502199425 -0.165383998497716 -0.1230987605777
0.530680859787292 -0.033710377413236 -0.163782694575582 0.00597732826961802
0.404881005108626 -0.282421383544405 -0.121564054275706 0.106729237517819
0.222550418512939 -0.452677285011982 -0.0433194186143899 0.111621153192571
0.158663014208071 -0.475190890595422 -0.0271561835398871 0.0787245651282247
0.177451583049138 -0.470019742367727 0.00533555865034092 0.089155716000733
0.365960235387828 -0.340527253593282 -0.0222488268354657 0.0855535326770558
0.492696254756539 -0.11284911649513 -0.0478010576200591 0.0595632429749664
0.553870553823357 0.252985328525062 -0.0633372413420362 0.0472150065842527
0.189155918551699 0.516217711787284 -0.0984321979575052 0.0364352116219759
-0.2597749638613 0.437661172311916 -0.0251880424944124 0.0421411651737973
-0.53100030486741 0.23283001373308 -0.0154944648997579 0.0639347483436517
-0.526684095899751 0.0909355912903459 0.000951250721907957 -0.123287738645544
-0.41730450910276 0.303198696662506 0.0649139669311919 -0.0783946865345428
-0.0197746436697932 0.52355473235177 -0.00186280881356141 -0.110744076100856
0.428760907953891 0.40901746520716 -0.057888851467407 -0.0647661390604806
0.540409343387208 0.0298997142457232 0.0113919480793824 -0.00729690218514025
0.438774715940212 -0.241054081067889 0.041702795595997 -0.0167480679614686
0.25589393832234 -0.434742189037781 0.0586335231967596 -0.0626151884274276
0.159691531094842 -0.481273976640606 0.0345522293253193 -0.10961863052022
0.158190784687623 -0.490712906874962 0.0722229288263774 -0.099562445842029
0.334449456612235 -0.380977342170824 0.0786863539293177 -0.0633051972952755
0.48240534911166 -0.173013882563063 0.0803103208296748 -0.0228183567641887
0.596122029621589 0.195589330479064 0.0472444717803598 0.0344958970158008
0.251097958327256 0.523008505452544 -0.0235948872473087 0.0561665303969614
-0.249645203591092 0.493571136463585 0.0563429067870216 0.0165563404095235
-0.569602904855331 0.262005446319509 0.174964616459363 0.0368507015195925
-0.448262423898455 0.0473054987146609 0.187134509107595 -0.105914166640567
-0.377188207737614 0.211727514985015 0.129351683758383 -0.0727757132333239
-0.0675279778072341 0.42161579174145 0.0145969966378397 -0.0291599891919598
0.317811415670902 0.366597337766156 0.0158614282653468 0.0404173476247141
0.444966536727513 0.0616337537534021 0.170889502695865 0.0300423601769947
0.381637619249727 -0.171902855800843 0.206809408044428 -0.100364762754172
0.233535876789524 -0.354068684228202 0.161436677375224 -0.211559317149565
0.136988128691315 -0.414871714263191 0.0921905794955902 -0.278893719048333
0.128137517199235 -0.433878106760904 0.11966283398826 -0.278663043032256
0.27287132910296 -0.349044306455361 0.155310526234428 -0.215649659917334
0.409990057740819 -0.179868508440991 0.180632343971383 -0.119743165801032
0.533985007087553 0.143732261398815 0.138816930674791 -0.00994118332663218
0.246492889840719 0.463822205834648 0.0509644709486752 0.037011070447094
-0.222484344340596 0.465688657102097 0.139760311345333 -0.032978852410602
-0.529021333805946 0.24221558659849 0.3573580313393 -0.00569500011045744
-0.309911926676542 0.0150470254838463 0.3243606154564 -0.0784426358436196
-0.268479738490629 0.132449465763791 0.150491866271353 -0.0634322405602623
-0.0542551570639946 0.278459283395923 -0.00272501130156158 0.0526895167563148
0.21178771817623 0.239083249853069 0.056158645022744 0.143453911648821
0.287436253611257 0.0365150828702223 0.281563973151764 0.0734861667609179
0.248172288330369 -0.107555310265504 0.327303228678238 -0.153600725823295
0.159077409801819 -0.228386604950519 0.235672645934324 -0.321341959445193
0.0887706199058418 -0.286040798172393 0.13488699671796 -0.403986721711281
0.0916860128229284 -0.306237528825927 0.150862539647774 -0.420034731793495
0.191670559774291 -0.253935386263575 0.213705791954059 -0.337665468367149
0.298604987765172 -0.137053748663363 0.258062932842629 -0.196527458397085
0.397688857415943 0.101617589833083 0.207930243354788 -0.0485995507026212
0.184116616666371 0.350198790287334 0.113995530765533 0.0127279093434582
-0.179050758501378 0.356271680202998 0.204762299689898 -0.0772510515378864
-0.405290933820145 0.172047411218833 0.498522653472012 -0.0504875462528538
0.16545132104323 -0.0857746170104205 -0.530994486414379 0.173058250690417
0.068752785863677 -0.196730291399016 -0.203059223455512 0.165545162935906
-0.126024452518528 -0.182620989141676 -0.114519539163478 -0.0280452505865008
-0.221237889129164 -0.0108719368657826 -0.257736824729078 -0.00658458463320597
-0.141060940347716 0.108442531988331 -0.37906899568422 0.21338222002491
-0.0705684285083077 0.11811762832858 -0.287497397731174 0.435342917352836
-0.0373574863168111 0.121970456847997 -0.156182472127622 0.518632999471586
-0.0288475516752926 0.114323063235846 -0.127976591645603 0.49516003469889
-0.055338796053243 0.0779552685138254 -0.236109390106162 0.438829936698116
-0.0877903709074194 0.0339562432814347 -0.341632774061754 0.233754501838017
-0.100105746947007 -0.0164758349341896 -0.349969218059171 -0.022339002216274
-0.0809928402117212 -0.0799075999860715 -0.16070449425775 -0.169821716783535
0.0249967126223137 -0.10424953107122 -0.0299684191490893 -0.140308888172809
0.140057222021908 -0.0304206484785574 -0.123890264932095 -0.0255382040022893
0.170472239655124 0.0296257418159415 -0.40860599312724 -0.00360679183527107
-0.0396016713922182 0.0380984788547933 -0.576672273243432 0.119258265404639
-0.00256068230603315 0.0125495112192754 -0.231847924664801 0.141969598335007
-0.00248306651230348 0.000684501106623118 -0.158641916094219 -0.0475740995893194
0.00132864016482687 0.0245079664522162 -0.299315331228507 -0.0150030909411029
0.0255274701487878 0.00995654948201114 -0.397218427550935 0.212101578048059
0.0310612335672794 -0.0413461189631621 -0.300533398728089 0.446371001657725
0.00684008942984652 -0.0795456740610738 -0.162854384165505 0.52219022456366
0.0234772573833508 -0.0802847449375734 -0.132119782351534 0.48937343016269
0.0489285135861318 -0.088853453597392 -0.217493656275555 0.444745271397759
0.098009183663927 -0.0407913203706646 -0.333068600881146 0.256328688970049
0.0892899322357238 0.0333709262418033 -0.362703830444806 0.00311594777253552
0.0482654837592498 0.099060140594183 -0.197002831890987 -0.164553121833024
-0.0112942884922089 0.0810704725783741 -0.0686363346491101 -0.154339792060256
-0.0196732929758334 0.0601152031887433 -0.107322712029749 -0.0176105861021637
-0.0405405000306942 0.0666748046379715 -0.391276449990041 0.0261804303988443
-0.248996971923788 0.129783781906607 -0.536082095486392 0.0384424085344176
-0.112169941011996 0.210925162681859 -0.214349455031027 0.0783713898248393
0.0934551939189233 0.214331263276372 -0.173384976026692 -0.0984079326794273
0.234286040320822 0.0983722849163702 -0.312855129816924 -0.0600100517529176
0.220029857371949 -0.0672477086717023 -0.382860381037239 0.163687890048714
0.156624823226399 -0.185685083809116 -0.290067118505819 0.384244947361964
0.0683950341321226 -0.267010407772507 -0.15138922985051 0.441417807144179
0.0743306544265493 -0.263305292856168 -0.112024798639243 0.409331934996871
0.125225160802397 -0.253209686060823 -0.153943512396794 0.386332145862155
0.250021836261121 -0.143384147561931 -0.254718959199438 0.256819331454677
0.277459190747921 0.0261030968051545 -0.305889345576905 0.0612047409268548
0.23050508172446 0.224341065271018 -0.210945020928573 -0.0874418497581638
0.0178965433923459 0.271500161070431 -0.124934072277424 -0.107945257301582
-0.147316942074832 0.187069804506108 -0.1021486488761 0.00609749136756622
-0.245447378784584 0.12275330985045 -0.315125824867508 0.0568089986406953
-0.42194219292542 0.170416568201065 -0.405712786024617 -0.0434313708700685
-0.246062370142474 0.347245511982413 -0.144646396740294 0.00172877035813521
0.123615642767526 0.414647087155073 -0.140219723149545 -0.148502035586256
0.420997920239013 0.215763881618768 -0.271009577438797 -0.109111241681097
0.411699568549498 -0.0918164305198971 -0.308812767677811 0.081680140834859
0.29229913925597 -0.280165161192861 -0.234765630923049 0.26215993716344
0.142106943955026 -0.404533390382933 -0.113135740237428 0.295824756133801
0.115987443008262 -0.406273329107187 -0.0737014026271837 0.265178226932817
0.161400079047332 -0.393826128931971 -0.0702155626495748 0.262748259370095
0.340075933933228 -0.261668798938911 -0.138948201289376 0.202993302106029
0.425001460218632 -0.0418493986947276 -0.188985383283964 0.0944604430374631
0.428172369379865 0.266283545562708 -0.163515657469158 0.00451081198450325
0.106656607015761 0.428395174143675 -0.14160631987069 -0.0246759221787724
-0.224470128208193 0.333965213350969 -0.0800844103490234 0.0346548049974423
-0.416635870570941 0.194446327317801 -0.185125699428761 0.0729889591066859
-0.52386955737453 0.157464674337206 -0.215549812297697 -0.103270064448138
-0.3639486342129 0.380463805849357 -0.0397435970181275 -0.0580754898521143
0.0795884505814427 0.535216208453942 -0.0701495915014671 -0.158700994115518
0.497490124465766 0.335428702384964 -0.17260667048437 -0.11940112781869
0.537815378175429 -0.053865013046834 -0.166875829029333 0.0111375629632406
0.400258969709579 -0.302309500214167 -0.119237481643695 0.112568752495073
0.209627242345424 -0.467642828083157 -0.0405859772968992 0.115291912884232
0.140421973414447 -0.488330168078768 -0.0243577105622941 0.0811951024953543
0.163470701903591 -0.484204616355914 0.00816329560812344 0.0896747951884311
0.359550039282421 -0.359319783310919 -0.0197009582570072 0.0881840283441623
0.495900951748388 -0.133187007877767 -0.0466814062993974 0.062870064612647
0.572808366476787 0.236272466640786 -0.0621638260869651 0.0499223677680277
0.211246478343892 0.516885033564796 -0.0987277711382271 0.0420140277404199
-0.248047485033514 0.456796997423679 -0.0236860331959945 0.043246397204583
-0.530696046711007 0.256836824062075 -0.0134659605576958 0.0646536952632951
-0.53011304719949 0.113745882776739 -0.00353895877311723 -0.125108512734805
-0.412704829815376 0.325086969728188 0.0635053689809121 -0.0819136627508532
0.00137843818551245 0.532781256023881 -0.00555926003166876 -0.11241475068371
0.451552666987058 0.398421850578239 -0.0613377113199251 -0.0636133174164641
0.549426533306114 0.00964439140010696 0.0114529514775614 -0.00827732272221995
0.437177863976503 -0.26073179591987 0.0412055665022524 -0.0192502381713209
0.243013718853701 -0.452675847315892 0.0565202138777571 -0.0655441257180771
0.144054681228846 -0.494668224982081 0.0308679213275057 -0.112016544841821
0.142266899731965 -0.504848788674875 0.0692940872793285 -0.104517429126504
0.325724182953755 -0.398379765031744 0.0778713305351999 -0.0673749945257881
0.483186722240316 -0.194948841011517 0.0810105381725799 -0.0245875461265447
0.613876291300599 0.175649664723003 0.0498464487626615 0.0334079482693245
0.273995760139894 0.522010470706276 -0.0220822409267351 0.0591046563838055
-0.236261555413083 0.511733953133225 0.0580448877671956 0.01498237740104
-0.56909775440562 0.286972351236503 0.179464528925019 0.0305061388575132
-0.453454172545223 0.0655749442970384 0.18594428019233 -0.114782080947145
-0.376491046582666 0.228828773216522 0.129103397561806 -0.0787731676542773
-0.0515160737225335 0.430931056894483 0.0144600787971067 -0.030428217547499
0.337090903652118 0.360112786692371 0.0173525886492734 0.0407087113088832
0.454689883291736 0.0458687979950787 0.173679451614649 0.0237628039863623
0.381523864955982 -0.190295540117673 0.206219377672819 -0.109878714667116
0.225146859148332 -0.368355722612992 0.155487766121434 -0.219834431137869
0.122854764981947 -0.426501823568184 0.0834501263035431 -0.286079043214795
0.114576709983657 -0.445713148721353 0.110579277521391 -0.287294680368992
0.264384274300492 -0.364233389840759 0.150473823679788 -0.223928969531653
0.40946146128845 -0.198206647337552 0.179685737358399 -0.127538888155587
0.54884592688737 0.126263955741379 0.140869084918069 -0.0158678233790955
0.265956494386181 0.461344124648078 0.0532578988166259 0.0372576290348913
-0.209407699976537 0.480613282776612 0.140642421316394 -0.0385450406980468
-0.528575105924669 0.265528556734827 0.363174315888945 -0.0202153855963542
-0.313880831195719 0.0261742966759649 0.327294697320203 -0.0932007544542395
-0.267943310283594 0.144798223329659 0.151126479831896 -0.0701981930186549
-0.0442219449876637 0.285188083905954 -0.00023907062349333 0.0532524037580488
0.224298163957417 0.234159565747433 0.0617684033296529 0.143601844961669
0.293116619967641 0.0254580367772813 0.288210869353624 0.0633657034574053
0.247877523680883 -0.119457446336566 0.326819187065482 -0.168890085719756
0.152941757044792 -0.238042579520975 0.227092783440168 -0.33428043716717
0.0790468523129649 -0.293572585218264 0.122040681633214 -0.414337797134941
0.0818100230699256 -0.315486332575943 0.137112542018302 -0.432201998763986
0.185185487715921 -0.264846480905709 0.204591916271295 -0.351510881057404
0.298642799795514 -0.150664179294534 0.254193812451135 -0.208595505534641
0.4072393280882 0.0883715979766181 0.209347095429303 -0.0569514593122651
0.199183080901124 0.348436708722808 0.116732218917934 0.00954311508458091
-0.169226440806665 0.369165863185096 0.204711112906999 -0.0857275628056656
-0.405446809621258 0.189664449768977 0.505552086893016 -0.0704082589128061
0.163981017506586 -0.0935084281118241 -0.532423371944377 0.195494477463721
0.062907728354945 -0.202728104207245 -0.199925521838268 0.175671287987492
-0.134159986673655 -0.180524834465938 -0.117428434243132 -0.025037950863718
-0.224786862353525 -0.00209575599376472 -0.260701547407165 0.0016723078354003
-0.138380050186148 0.115388485413991 -0.376364023393923 0.230273921529081
-0.0669159592346302 0.122914791373353 -0.274770835551558 0.451640185350642
-0.0330244293698516 0.12555828455192 -0.138514210280036 0.530195228589665
-0.0245161162453073 0.116821186305767 -0.111789576139053 0.505760328429128
-0.0530254400675456 0.0809872262833589 -0.221815770363299 0.453525808791953
-0.0878275552684913 0.0381029457448956 -0.337442180231314 0.249958561024346
-0.102339938114136 -0.012255241207324 -0.355158756451553 -0.00958034186497342
-0.0856467025374319 -0.0779918991111491 -0.169390457697815 -0.166265472892567
0.0213977734194459 -0.106332965777177 -0.0353326266670546 -0.141413098283468
0.141109669667598 -0.0363729007610811 -0.126650571978397 -0.0211597882890813
0.174188326674505 0.0238544887888304 -0.414482454222066 0.0135619449259968
-0.0384792577774615 0.04025332278431 -0.580469241657258 0.145308744524232
-0.00133156993583843 0.012441231957452 -0.229445351847488 0.152610847551378
-0.00228907636220293 0.000646132710840148 -0.16268727542609 -0.0432809205047582
0.0021495119957418 0.0253223383711414 -0.304045598350211 -0.00573073607141314
0.0264586926928597 0.00874542347499874 -0.394448147349619 0.229643852696929
0.0300265721124799 -0.0431061436987981 -0.28771845462543 0.463095926418897
0.00429370548818074 -0.0806765045731689 -0.145650845894626 0.532460886015482
0.0215892825128456 -0.0820604134309893 -0.115837034402306 0.499979144464295
0.0465271506064422 -0.0915846428165841 -0.202638691470081 0.458015801389116
0.0975012875232058 -0.0444186250685116 -0.327372374597628 0.272699195354748
0.0915328639491801 0.0309792121109927 -0.367156357707692 0.0166739566601563
0.0521643801721258 0.098572182142403 -0.205667293858782 -0.158530439964089
-0.00819317219281276 0.0827654740042935 -0.0752362575494058 -0.154047919517173
-0.0177345014674088 0.0621386812654051 -0.108630114268221 -0.0137568564322502
-0.0382794665400023 0.0690063021681512 -0.395341107390347 0.0422559339676947
-0.247081291213923 0.141876349513783 -0.542421154682872 0.060284873495686
-0.105320084065625 0.218637970490344 -0.213942716810323 0.0878909572913681
0.103220739472386 0.21289548886464 -0.178692436773377 -0.0943064683756398
0.240986531599744 0.0906206276416602 -0.319086554652068 -0.0497956584718464
0.221085551982738 -0.0767674502016175 -0.381179642698428 0.178695798246208
0.151316287752242 -0.194127909197114 -0.278923886565125 0.399965047098074
0.0590746868222883 -0.272775712341664 -0.136928251280712 0.452003282378473
0.0653435044180298 -0.269028488052202 -0.0984532528781214 0.418303510381521
0.117921939934338 -0.261370359582522 -0.141549515427176 0.397226460694552
0.248531399827919 -0.154531678185547 -0.248621178798576 0.269573037837411
0.281694446308087 0.0165129210970924 -0.308658637220341 0.0741010339747656
0.241656681484086 0.218582707564701 -0.216760136071794 -0.0804578427576712
0.0284825920422004 0.274192082307596 -0.130459714701786 -0.104191270712056
-0.14277683764241 0.195583180992859 -0.102701275478876 0.00983788832240301
-0.243530766363324 0.134725150334349 -0.317522013000104 0.0698013750278008
-0.420896171797688 0.189533355780737 -0.413755481388896 -0.0269566890286673
-0.236967663462888 0.361568352674251 -0.146443057229552 0.00709135242204611
0.142210832170958 0.414712707324628 -0.146884472063354 -0.146380279704062
0.43513888966601 0.20196602599008 -0.278236874608498 -0.10128225167177
0.412989195464758 -0.109038138308415 -0.309035919058653 0.0940201277595314
0.284832360523475 -0.295773740128727 -0.227729926945402 0.273900937054843
0.129242030376189 -0.415152918016489 -0.103786917304753 0.30318239875167
0.100958461666617 -0.416028240890838 -0.0653052892001825 0.271550426780741
0.148969212406714 -0.403874470599762 -0.0620657718638713 0.267732487166594
0.335255660436531 -0.278166093127745 -0.133267057441464 0.211475367715175
0.428577782448797 -0.0581695174856937 -0.188291756665711 0.102995771030414
0.444359650408396 0.253714684877799 -0.165065801853333 0.0100983501780853
0.125932596903207 0.430056112465632 -0.144547742846803 -0.0194792144680263
-0.21506848711114 0.346633007087236 -0.079626933838107 0.0376036931218946
-0.414763813790338 0.21329846940323 -0.184549568194969 0.080850061590214
-0.523342323405258 0.178856060030893 -0.222487100425375 -0.0958874294802
-0.355284712865451 0.401136741750069 -0.0417129451367464 -0.0566519416760634
0.102316890960897 0.538039937200579 -0.0764580459628736 -0.158930834854146
0.51690634721847 0.321003671974298 -0.179500930898571 -0.114933243654805
0.541537647912557 -0.0759502419523882 -0.168956921781471 0.0169308962958783
0.393586874197362 -0.321911791550734 -0.116270522070166 0.117909660385777
0.19442233725743 -0.482098044398962 -0.0378724933923935 0.118106507293354
0.12508602349626 -0.499897163715853 -0.021812696698813 0.0833564696203032
0.147151025782636 -0.496384188809126 0.0113323704041557 0.0901320107099067
0.350913534115764 -0.377267721197578 -0.0161762226790325 0.09046654659204
0.496917404154874 -0.151830149016538 -0.0448356817787626 0.0656378548138151
0.589655189361093 0.21727871130762 -0.0605537854360452 0.0532026521327947
0.235111018487994 0.513635008878928 -0.0992353485090067 0.0478173084147089
-0.235423859884061 0.47143393944098 -0.0224599754301614 0.0450167382767882
-0.528450134418812 0.281030226554181 -0.0108964714254598 0.0659291107266395
-0.533248316014442 0.134910303808717 -0.00866028539921637 -0.126799261777652
-0.405812020757849 0.344373654339412 0.0620564076985111 -0.085090152237116
0.0210876042304661 0.538857455143294 -0.00921563396229764 -0.114183456196121
0.472368586555989 0.385949719486366 -0.0644055106986929 -0.0621465732026965
0.557024118658597 -0.0114401508673983 0.0105448453811618 -0.00963660919481198
0.433040997232216 -0.282211383497609 0.0411831737479395 -0.0215930873284814
0.229552247225033 -0.467363079194778 0.0542897184823277 -0.0682389989446762
0.127940899350081 -0.505418775915801 0.0267699474627768 -0.114070034103189
0.126208011484478 -0.515530000532424 0.0656306880239074 -0.108786803639883
0.316161953478629 -0.415905748346166 0.0768020712462554 -0.0704846823910422
0.482302574150667 -0.214715362235195 0.0811421317912134 -0.0273068470500076
0.629633838148016 0.155602277100494 0.0522230872918528 0.0319481153051836
0.297383747361681 0.518627212366294 -0.0206357190784966 0.0624935542035788
-0.220326154427539 0.527101165869967 0.0592851676950737 0.0125997460193901
-0.566452923624674 0.31176488242123 0.182753260626172 0.023469553583069
-0.457013462195381 0.0839383951457367 0.18419956138947 -0.124274961500408
-0.372878607136644 0.245930514710411 0.129095921566595 -0.0848416510303096
-0.0356525004991493 0.439108344830036 0.0139266318430637 -0.0319701434204227
0.35681193649385 0.351396633946272 0.0184883040066539 0.0410244393457639
0.462344807592784 0.0280874146146975 0.176460675697917 0.0167925523109545
0.378964567760055 -0.20695880949904 0.203953402296321 -0.119532981585003
0.213153870069515 -0.382353599710008 0.148968528779014 -0.228527920123832
0.107322995979577 -0.436153832626761 0.0733843932908685 -0.291553532022596
0.0988790820011192 -0.455551908290709 0.100877061567537 -0.295803145359457
0.254711617298296 -0.378761536906317 0.143503456036616 -0.232621763785964
0.407941272046759 -0.216746071349815 0.17668206425499 -0.134377219469181
0.56112535096737 0.105900795424922 0.142571446577535 -0.0208752462831483
0.287158551035053 0.456771061918074 0.05510478740875 0.0373897102074265
-0.195683765074422 0.495776383116541 0.141532254492371 -0.0444464501681668
-0.52431484481284 0.28974562617972 0.367631300614847 -0.0356182028072422
-0.316298552279158 0.0385296454257002 0.328470643768573 -0.10827746387795
-0.266344588489592 0.156457822435458 0.151236233853362 -0.0779176490219628
-0.0337421416485756 0.290714154411148 0.00172101352907288 0.053739808855321
0.237272382716107 0.228339788444508 0.0675400569444801 0.143913100424381
0.297777440066543 0.0145740162123825 0.293694801150118 0.0528040119299528
0.24705201723138 -0.130755842850594 0.323220964254008 -0.183598149280216
0.146241876862198 -0.24726941434456 0.217403141553112 -0.34664907654783
0.0678046104581534 -0.300126469007716 0.10861803289592 -0.423512713981327
0.0700494141489696 -0.321922297368528 0.121850659486569 -0.442318474528515
0.178548578099267 -0.275265791235916 0.194176111078741 -0.362462706474505
0.297021259414463 -0.163427846571135 0.250645017863426 -0.220878592358051
0.416410923991447 0.0736637693033541 0.209687799234812 -0.0655739691375905
0.214984914630572 0.345278418011739 0.118341917701355 0.00700505831518844
-0.158649439073812 0.380204293914081 0.204160408223661 -0.0943080629315315
-0.403053152882407 0.207580795761762 0.50901335145727 -0.0913753504851422
0.162079198111437 -0.0997684481823117 -0.529432913898284 0.219529058705106
0.0564118874553628 -0.206948131697974 -0.194520728060714 0.185102749492828
-0.14253634998693 -0.17715721586254 -0.118959523801701 -0.021735110017707
-0.226912868230895 0.00692071044568991 -0.263258319581451 0.010324880428658
-0.135111677573456 0.122097597203372 -0.370729524139352 0.247135023971913
-0.0627202932015729 0.126806996673858 -0.260118394919441 0.465728606931111
-0.0288365910543189 0.127585370977955 -0.118607139480512 0.539554892917644
-0.0199093388384359 0.118625692420792 -0.093639439203568 0.514490776122041
-0.0503135268854498 0.0846050065533059 -0.205249681566316 0.46542597091612
-0.087403164689302 0.042343263640969 -0.330803252153453 0.264229800337497
-0.104064156550047 -0.0079333535525456 -0.359097954731577 0.00409798768542843
-0.0898622887825868 -0.0749821170842141 -0.177009800886276 -0.160813910134443
0.0173180661903034 -0.108609267591838 -0.0409898336374768 -0.14121568606557
0.141624422186358 -0.04203417425731 -0.129326816523469 -0.0166732735734802
0.176997920614889 0.0172640205446326 -0.418306544613703 0.0311360443881939
-0.0375633487342431 0.0424775606963583 -0.582417836913859 0.170462967459132
-0.000463824903000702 0.0128108561546627 -0.22588374839833 0.162296298992902
-0.00202726114461644 0.000401444118751027 -0.16531226508393 -0.0385181720934712
0.00350482073323811 0.0248395109643985 -0.306568187580736 0.00520187743630259
0.0275757449377695 0.00795302874754539 -0.388726562705927 0.246613569520767
0.0285389782046194 -0.0445285896209942 -0.271534491030859 0.477426555765235
0.00100834432088081 -0.0818443283323608 -0.125945569608144 0.542745206388177
0.0183945050391859 -0.0836507373356111 -0.0966567204584313 0.507607256432098
0.0435708469964021 -0.0939502630355402 -0.186741287523388 0.469143549228572
0.0969383408446889 -0.0479303495887679 -0.319715524081425 0.287655249895988
0.0931946117576769 0.0283151844540341 -0.370268193579689 0.0313572050777337
0.0559972746484001 0.0977133791522344 -0.213920945514296 -0.152198012527034
-0.00496670147279803 0.0836888647968112 -0.081442112117979 -0.151779610279045
-0.0153126113418047 0.0630203367408952 -0.110701907304951 -0.00982711763196599
-0.0356199456860771 0.0711962190943272 -0.397624296294852 0.0589629501527555
-0.243745308326327 0.152706668512949 -0.545031033355883 0.0829490007834412
-0.0974780824291657 0.224688278830004 -0.212591691758333 0.0976036828428508
0.112571082334363 0.210196251451747 -0.184033989555253 -0.0893256206241349
0.246763506930105 0.0821110771970635 -0.324417185025946 -0.0388860020999202
0.220546914920151 -0.0861318546833501 -0.378389197975027 0.195342288232459
0.144982238156407 -0.202346144782533 -0.266383392703362 0.413557929428925
0.0497170940843408 -0.276859063937983 -0.121337131310479 0.460810390153947
0.0553844399093468 -0.27418983544204 -0.082419896319723 0.425235520881683
0.109157653985778 -0.267622079614431 -0.127023081086868 0.405765160193032
0.244460413541789 -0.165371892298336 -0.240136545371832 0.282268313083484
0.284325204741247 0.00554574309952646 -0.308719691618035 0.0868697268421327
0.251991149575565 0.211196234238194 -0.221980946725289 -0.0731350218823256
0.0395194176483396 0.275242629928576 -0.135620312139217 -0.0997115919594733
-0.136745956071616 0.203220909618689 -0.103470955160599 0.0140302587516819
-0.240596708527977 0.145234906030465 -0.317382941222391 0.0830093692886999
-0.417460685197723 0.206683154658477 -0.419327791471063 -0.0110263809227934
-0.224960316347079 0.37461595652312 -0.147311373572481 0.0130449387920056
0.159652398092763 0.412421080593155 -0.153145759838616 -0.142112572121394
0.44826671723109 0.185846721323618 -0.284614324118402 -0.092804650104121
0.4131708282317 -0.127174822135522 -0.309422166652234 0.106271437405993
0.275637276691799 -0.30983560345896 -0.218922467213671 0.284252018126395
0.114537421883956 -0.422847152537681 -0.0935487261659211 0.309636528570699
0.0860915736520595 -0.423515484321753 -0.0556897173833897 0.276427551048108
0.134518787420501 -0.413593473225298 -0.0525392364628878 0.272814349073554
0.328109145936643 -0.292940156685298 -0.125891856036309 0.218838377839303
0.430702490218045 -0.0752711685510361 -0.185921877383114 0.111560554532052
0.458415989592095 0.238750514635813 -0.166202354909982 0.016573068649981
0.142747559326499 0.428601673322583 -0.14662658926894 -0.0127313031285333
-0.204608211358106 0.358481995489011 -0.0793885689277083 0.0414113214784346
-0.41043478040711 0.230933256866281 -0.183443611513098 0.0889872681717938
-0.520769978355057 0.202705649939013 -0.228372868831219 -0.0878845749042353
-0.343411027342427 0.41878569619155 -0.04382107212593 -0.0552118931577901
0.123793847823112 0.539832691647131 -0.0820273329954402 -0.157867455745668
0.536690866516239 0.302252509633433 -0.185180595910356 -0.108924753557607
0.544511885491858 -0.0981752797189109 -0.169892165901428 0.0227681553883159
0.384683058451711 -0.341569436533554 -0.112824519717544 0.123258456802312
0.176904871321677 -0.493074333898596 -0.033960959847618 0.12068934571854
0.105356107368889 -0.509726850761877 -0.0192028925270155 0.0852835891451546
0.129911773332406 -0.506797872617741 0.014645366330759 0.0899692307099936
0.341514700962653 -0.394104080744843 -0.0126089448157959 0.0922060872875358
0.494504741133932 -0.174488294062529 -0.0430010754585993 0.0694123464369439
0.604244303674322 0.197216727350889 -0.0590748931031749 0.0553096322852244
0.256509039799056 0.509166191946558 -0.098035255093006 0.0537756070384653
-0.219872220415971 0.485442725866863 -0.0204778197429357 0.0460872943012075
-0.521819769190332 0.304770791167448 -0.00816867783865402 0.0661007852904846
-0.533848917158681 0.157687783940036 -0.0139066950491405 -0.127564234600937
-0.397595866817337 0.363449224086252 0.0602587802971574 -0.0879219100538347
0.0428932905723505 0.544146481088779 -0.0127539777658147 -0.11514001892803
0.492264020493525 0.369448096426904 -0.0672264150708438 -0.0604030616215643
0.562518558954453 -0.0329751646627133 0.0101621735452656 -0.0112872845029554
0.426053717000078 -0.302571479132937 0.040735905229479 -0.0241675191222234
0.213416576550822 -0.480502749670107 0.0517207099207886 -0.0707854699688148
0.107770593311815 -0.51402055569279 0.0229020129271307 -0.115555507158549
0.105674520837358 -0.52459947373617 0.0615378561523759 -0.112660931871641
0.303544325033514 -0.432121004178623 0.0748830742813308 -0.0739983417742022
0.479030875348761 -0.235236938544252 0.0810901965198427 -0.0302149591057936
0.64081105296677 0.13129060356499 0.0541374177690377 0.0299806429083952
0.321054735687746 0.510710464533672 -0.0187914297515003 0.0655641472844389
-0.204235142806524 0.542184717074829 0.0608299083659782 0.0105859217498782
-0.560365156376771 0.338748437430299 0.186271982174602 0.0155305871041687
-0.456856358865711 0.101331971934893 0.181246257054658 -0.133222251026817
-0.367700969939776 0.263923388573474 0.128127378154581 -0.0913979070411976
-0.0191884004010456 0.443290034730179 0.0132126523161193 -0.0328827822459739
0.373435010618446 0.340137742749077 0.0206474975208155 0.0408605301943922
0.467063803037663 0.0102033292392348 0.177708049216564 0.00961717720752481
0.374609175378312 -0.224707265475152 0.201284041031004 -0.129524259846325
0.200852017676533 -0.393494769202299 0.141461905139186 -0.235822885630973
0.0910907364364208 -0.443753083010686 0.0623936908698227 -0.296806153654196
0.0815910470634121 -0.463076997617058 0.0902172320049127 -0.302599663684959
0.242514988046591 -0.392550477690636 0.136703832231587 -0.23946162810798
0.40324207009347 -0.23509189381246 0.173615723049342 -0.141896649124161
0.571084561821683 0.0844940454117318 0.14287069621634 -0.0268305796241707
0.308408211275768 0.448851565575813 0.0572387646965589 0.0369011877568698
-0.178784679276821 0.50737768103214 0.141061203043232 -0.0495053830955275
-0.518128709926084 0.311648550161377 0.369850471273114 -0.0513057042438638
-0.31727174970582 0.0510795489956623 0.327168424854062 -0.122948301998717
-0.263750096487153 0.168774619115066 0.151113882788588 -0.0852541173789254
-0.022589359354154 0.294884935522674 0.00414126849935697 0.0539609759955132
0.249013178938828 0.220547614184562 0.0732832317937338 0.142653782421046
0.300409981759484 0.00307089372848014 0.297420273250364 0.0421045734528955
0.24410328713086 -0.142236495561511 0.319254988307883 -0.198028531005472
0.137455574554082 -0.255392802530582 0.20627221595313 -0.35714448217125
0.0558885229675405 -0.304416214214377 0.0929177242878403 -0.43024406461946
0.0587509874597701 -0.327459871725447 0.105908161297182 -0.450893871834302
0.169540170302808 -0.284828728555186 0.182333606756609 -0.373164191471288
0.292963185763533 -0.177250762614224 0.244368338820353 -0.230823358133423
0.422863968353659 0.0579969405900295 0.209108819556394 -0.0742580598843249
0.230397429328723 0.33950232496506 0.119804825142565 0.00340630172531375
-0.146109811694742 0.389574713873494 0.202584277600063 -0.102695242980897
-0.398988393217103 0.224838468428596 0.511376169955695 -0.113577974145681
0.159425993389058 -0.106484230481919 -0.523707423362651 0.242522781092305
0.0490868687364616 -0.210708070134804 -0.188969334164933 0.193078429659993
-0.150161726682659 -0.172241311092604 -0.121213676201508 -0.0187330865246025
-0.228602052168833 0.0161363397220663 -0.264619161050907 0.0200763274828054
-0.130518892426883 0.127837292568114 -0.36314462035882 0.262561337127815
-0.0577366766813472 0.129507523026456 -0.244083476258532 0.476948479512999
-0.0240457633192663 0.129738378937474 -0.0983213904922183 0.546028456238147
-0.014447862956063 0.120043448927666 -0.0744593010320776 0.520075243217904
-0.0471917721184981 0.0871020789655613 -0.188311648998968 0.475086832268176
-0.0866115545125114 0.0464889825958513 -0.322805961227186 0.279326265104228
-0.105363121977741 -0.0031396456917143 -0.360381347053479 0.0183282191873518
-0.094057903372171 -0.0718006955323296 -0.184200010078271 -0.154640346329774
0.0134767386977528 -0.110029034923807 -0.0468860960223942 -0.140606246593365
0.141061276133534 -0.0483485608220175 -0.131467846740883 -0.0111758212304755
0.178409231185604 0.0105080289988894 -0.4196942811944 0.0495326881318171
-0.0363526536275409 0.0444022543983085 -0.578821152621615 0.194038597895869
0.000696727930729172 0.0128852912720448 -0.221155385189129 0.171794725253988
-0.00163552421404419 0.000290768760811552 -0.168197696574757 -0.0337824635822436
0.00422707959331861 0.0253770522840872 -0.308872912455348 0.0162666143561847
0.0280872507992544 0.00702708733967542 -0.38180606953484 0.263251371231806
0.0271175051735606 -0.0457883396982415 -0.254487802342298 0.49118888907349
-0.00197648981415965 -0.0821497919273663 -0.10610141231988 0.550084038847212
0.015872519444606 -0.0848338122172341 -0.0789414428942931 0.51477574452636
0.0405453222381451 -0.0960801861056399 -0.169631779315134 0.478459867034806
0.0957329827818957 -0.0516747859067493 -0.310952480808569 0.301112491049269
0.0942790324880592 0.0256700904891833 -0.371911733764931 0.04553296198962
0.0600498516426637 0.0960861185538508 -0.220916673785416 -0.144407568413627
-0.00212196894412494 0.0840275664860378 -0.0876648814741237 -0.149662666601679
-0.0124795960374046 0.0641417613404562 -0.111842073032089 -0.00572566866170131
-0.0328756687134494 0.0736298526700229 -0.398452965226356 0.0764232969789123
-0.239409410116227 0.1635961643648 -0.546487375389166 0.106777343525718
-0.0895963780252166 0.229899042312968 -0.209622239857616 0.105800587024709
0.121688979843294 0.206498609746831 -0.18785534493546 -0.083936155593561
0.25178930308911 0.0721851124299952 -0.327701348503282 -0.0276957097005186
0.217870832818216 -0.095684845612211 -0.373008200056359 0.209820164173778
0.138739295789137 -0.209172535151805 -0.251639489861809 0.426091791929514
0.0387472603528895 -0.280304723039276 -0.104602387372253 0.467493717353395
0.0453471941296456 -0.277526179724428 -0.0675689387272783 0.43030522664661
0.100365799033423 -0.272576311047537 -0.111856992434616 0.41236583153887
0.240359333945189 -0.174992279376895 -0.231620695309718 0.292918851987776
0.286310202650378 -0.00505811438575812 -0.307399760023551 0.0998511805022775
0.261797591341055 0.202663598059856 -0.225895569255078 -0.0645999727855969
0.050447553802181 0.275285355878829 -0.140678973016296 -0.094297208325474
-0.129924888168278 0.209970897862035 -0.103360937842598 0.0178021919083483
-0.235971743692923 0.155581598947776 -0.317048604658192 0.0968418300555855
-0.41217703349119 0.225232929752927 -0.422363013346987 0.00565320792615346
-0.211338691386068 0.386051351820614 -0.146710176394272 0.0197509920811042
0.177753600234016 0.40851952173278 -0.158787583499964 -0.138293701868131
0.457572172758068 0.168746027888703 -0.28953924054396 -0.0829579371349843
0.410805292081192 -0.143817317342034 -0.307174799560005 0.117692299598629
0.265492758559104 -0.322964176556924 -0.209397168301443 0.294102783810857
0.0988749900744719 -0.429771709458681 -0.0826738509211205 0.315790101008154
0.0701557961862111 -0.42838354188554 -0.0454419091269073 0.279376902583534
0.120243038017244 -0.420641411038781 -0.0424515885172695 0.275658063236159
0.318644517756032 -0.307349126034885 -0.117616699618189 0.224816823080589
0.430232630285349 -0.0918863341034402 -0.182882057609029 0.120536774594725
0.470623147031375 0.221554815058025 -0.166367592759303 0.0225394455953657
0.161344014379238 0.425864512786827 -0.148684100913766 -0.0064723907009021
-0.192057151901642 0.368873071629987 -0.07804304016433 0.0440914756627879
-0.40372674056057 0.249005452579751 -0.181834477208478 0.0970010244705656
-0.51727262682073 0.224380592276976 -0.233186653359467 -0.079285503503105
-0.329601380649302 0.435136174784967 -0.0454665463767891 -0.053704262484535
0.147003248419585 0.536575792742924 -0.0879902751256659 -0.156257006194096
0.551639099845531 0.280865881141983 -0.190233048342685 -0.103356601893581
0.543022874955533 -0.120882662188618 -0.17078676821243 0.0285022282302498
0.373891504164261 -0.357798793303038 -0.109249756029079 0.127208849166483
0.159415227867381 -0.50360421816026 -0.0300954527243019 0.122979057046839
0.0861895780602326 -0.515251532624673 -0.0157787468248521 0.0867042156464756
0.110799978417198 -0.512798211204663 0.018139918741393 0.0892903900563841
0.328434023962301 -0.408977483999459 -0.00868097598722788 0.0937963786854641
0.493425932036201 -0.193496908935462 -0.0404273979390791 0.0719431881256841
0.616452036810098 0.174887465483979 -0.0571044127791635 0.0581329520723122
0.277366495485369 0.504423104165709 -0.0966355396731183 0.0589199045199586
-0.203638196354035 0.497328748930245 -0.0191697762659906 0.0465651503336645
-0.513024450557657 0.327493678253038 -0.00562409478581197 0.0665657511335345
-0.530424593347908 0.178808385714338 -0.0187644913097869 -0.128143426410742
-0.387311985851715 0.382774323761106 0.0583513594711342 -0.0908144506903743
0.065550901092582 0.54363581144627 -0.0164792460668564 -0.115866588590686
0.510643402337162 0.352763064760037 -0.0700833452546656 -0.0583383014446464
0.563571237500006 -0.0561993642774553 0.00907249817651811 -0.0123023619395378
0.416454306399553 -0.321471795278986 0.0397657286734065 -0.0262986540394875
0.195306389470098 -0.490994068154826 0.0489382272080001 -0.072915368135994
0.0863632812896518 -0.521755111073212 0.0183896291540406 -0.116907305706962
0.0862903814972389 -0.532466661867012 0.0573521934167969 -0.115816867565836
0.288695757699128 -0.445891649106202 0.0732518691318126 -0.0768491110945613
0.472982846158164 -0.255513126406941 0.0803539400057282 -0.0323953898044364
0.651314133350417 0.106199621121499 0.0553478647272113 0.0276764103249677
0.342258235616683 0.501316310167947 -0.0163398941397406 0.06765847503626
-0.185132396002896 0.553468907982239 0.0618066359325581 0.00806611391237697
-0.550154430087657 0.361216241888233 0.187869328983207 0.00752883207826123
-0.456137894589184 0.119764779836059 0.17734849828836 -0.141499261154274
-0.359891485272155 0.279990687482284 0.125688638816685 -0.0967783425547553
-0.00129829379247816 0.446510159310503 0.0127300489967852 -0.0344926664392962
0.389743548689925 0.326610297856392 0.0220081038448112 0.0403640756575536
0.470586505301462 -0.00858602715361751 0.178856547932768 0.00238075516664486
0.367939985466282 -0.240906848255443 0.196786338016427 -0.138586318444484
0.186821623475049 -0.404405286617331 0.132988418268557 -0.242520265117905
0.0732439873875466 -0.449608455838603 0.0516514645916379 -0.300292806924299
0.0642975406312385 -0.469064100361803 0.0789096092171423 -0.307508316450376
0.22952268603749 -0.40365487625781 0.128299123791992 -0.246128233177651
0.396346745461094 -0.250770555187743 0.169278555942716 -0.148111643137286
0.578587708752095 0.0628736419094822 0.142819888843051 -0.0328502601241261
0.327275903620161 0.440975412618329 0.0590711952210644 0.0365083827601079
-0.160951468451819 0.518729047577296 0.140106780716639 -0.0555914876765873
-0.509355163353723 0.33412457932024 0.370425843510116 -0.0667807856537559
-0.316692854636023 0.0632836097833776 0.324364096098783 -0.137041962927163
-0.259358674644642 0.180755510037179 0.148852684826985 -0.0924823434975559
-0.0111083557860409 0.296996726984994 0.00666382976198937 0.0534987751836384
0.259392130475926 0.210701230165145 0.078956432938077 0.141525992728363
0.302219153055342 -0.00947162142307703 0.300646063262762 0.0309285050327868
0.239856013908995 -0.152721360469881 0.312585029345815 -0.211293600999159
0.128844545205847 -0.26216458014746 0.193975911560457 -0.366498958436565
0.0437970636274894 -0.308520715864318 0.0770442828974657 -0.43578176563569
0.045426947369854 -0.331740525230988 0.0875710070715098 -0.456341419565562
0.15997146605688 -0.292679122940017 0.169386499057724 -0.381663580569769
0.287561605189773 -0.189323736440132 0.237585073182844 -0.241260669457986
0.427853609784931 0.0419037289733269 0.207064009087081 -0.0829660205662283
0.244067233247851 0.333334192647363 0.120916489434677 0.000121383224414954
-0.133174227729757 0.398323384510547 0.199696950280683 -0.110546442751388
-0.392003985381124 0.241348487147838 0.509696643041001 -0.135601656871364
0.155201230435984 -0.1121558392772 -0.517040777577313 0.263976518251484
0.0423902892701431 -0.213274992856192 -0.182638522157286 0.200089119498152
-0.157393402000685 -0.167271425074766 -0.122522048783042 -0.0151155908952111
-0.228084613437471 0.0246344293885621 -0.264227049993512 0.0285648029649836
-0.125925382519666 0.133726531239959 -0.354399979101999 0.276604719771723
-0.0529900749681074 0.132587724534279 -0.225880702941478 0.488999169053374
-0.0191179114112767 0.130646055099235 -0.0788919541159777 0.549469774663086
-0.0096200792529971 0.120715473265168 -0.0560582444907708 0.523267020160713
-0.0438272221367186 0.088957418268085 -0.17031913137861 0.483504374188031
-0.0850926789812209 0.0502425017793106 -0.313697113528085 0.29176079796736
-0.106493282267264 0.00113785664366046 -0.360499936528378 0.0316489371500227
-0.0973117383099654 -0.0685857833726303 -0.190762320621071 -0.148485090871565
0.00901943665518149 -0.111132104368003 -0.0519045042898679 -0.139858679857562
0.140832482104327 -0.0538430178021425 -0.132551544131494 -0.0065217132042177
0.17963430630702 0.00392592411806479 -0.41922014016879 0.0669346543776844
-0.0347188821653504 0.0465822181613711 -0.57326926649443 0.216697327001803
0.0016134944479748 0.0128853252882134 -0.215559219581076 0.181535501085366
-0.00167171529847399 -0.000309953860111995 -0.169906673577377 -0.0282190902192961
0.00554720248351729 0.0251478022825536 -0.308669680819786 0.0269686269649313
0.0288195528080779 0.00588296686714633 -0.373414436262588 0.277983851981344
0.0255622009045799 -0.0471200839121121 -0.236711576346607 0.500993506609258
-0.00519125695471116 -0.0822630926960425 -0.0856731833119184 0.552929231524515
0.0131607220314327 -0.0856388831614819 -0.0597041042197021 0.518622732993421
0.0376348708031664 -0.0973157198670839 -0.151619359874275 0.485600214155137
0.0939862818333793 -0.0552633861883635 -0.300177862390478 0.313625945111758
0.0954081141909619 0.0228822438933326 -0.371164902282296 0.0598866956758512
0.0635197804614884 0.0944321526374047 -0.226450839068599 -0.136762737663968
0.00111871835893487 0.0837501720558636 -0.0927323862663095 -0.146445882912206
-0.0101372419827295 0.0648823969168334 -0.112953486033425 -0.00122009901949235
-0.0300302219969177 0.0749609108380357 -0.396066288026055 0.0928049914446819
-0.233894089428409 0.173351678830351 -0.543452286979809 0.128239600375765
-0.0811649728004603 0.234112216572416 -0.206322475509628 0.114275133098947
0.130541758694479 0.202435033043953 -0.191482232936958 -0.077998484509032
0.256450803630405 0.0625675153685398 -0.32951342457058 -0.0172529027864734
0.215381378456 -0.104183063724946 -0.3672202251149 0.224549954501732
0.131000842697285 -0.214973904149225 -0.235585365486838 0.436014163633563
0.0293399431160919 -0.282032660020099 -0.087644393595168 0.472853315478458
0.035460019280628 -0.279971747308152 -0.050897503730083 0.434384657368964
0.0907659263198988 -0.27730302077848 -0.0971256698515667 0.416461167212137
0.234913595752684 -0.184869639926293 -0.220685619205289 0.302759108195269
0.286909492372987 -0.0150773686823968 -0.304812955440088 0.111954390064711
0.269556430181619 0.193045225949884 -0.228729120428145 -0.0557431579939337
0.0612470453271384 0.273245624076716 -0.144454944153913 -0.0889647889727682
-0.122609477671319 0.215789037112709 -0.102939470388289 0.0211017022703279
-0.23089104784211 0.166114476377077 -0.314091335489704 0.109833883647579
-0.404634759914388 0.242331360186655 -0.424319726839617 0.0231011498378708
-0.199500307500999 0.394805902185146 -0.145843740769098 0.0254767637063704
0.1945335157039 0.401933772943481 -0.164095901468956 -0.133424205803658
0.465908845948579 0.152576693568737 -0.293851985508178 -0.0730376457852122
0.406958158364529 -0.160110615932216 -0.304633022863082 0.129011772043282
0.253897214382148 -0.333570500573334 -0.197378857105294 0.302885951127539
0.0836647347586814 -0.434474682776417 -0.0715332600682666 0.319539880454942
0.053445516085431 -0.432283331466154 -0.0349018881834927 0.282126515505496
0.10579545081124 -0.426141609398977 -0.0319871850856086 0.277045699366808
0.309471996618174 -0.319951265758658 -0.110243542026219 0.230448601402084
0.428294499492854 -0.108082353322109 -0.17950565322635 0.12817879527447
0.480911663602345 0.20474351635049 -0.166173391989275 0.0294371596557896
0.177515840509399 0.420773699129082 -0.148742435292941 -0.000191562023555263
-0.178773125703177 0.378113192195326 -0.0765180132739057 0.0468137426241717
-0.394949072735658 0.264506512563677 -0.178415059644725 0.103739066897112
-0.510310057939469 0.244810250184559 -0.237079474489188 -0.0705579112045654
-0.31302431022754 0.44800936332261 -0.046620939549003 -0.0517583508768008
0.167629063568407 0.532114713733494 -0.0933443074039261 -0.153746703323034
0.565565055738653 0.262079053496683 -0.194797735303317 -0.0969697366176402
0.541140914366163 -0.142759342529906 -0.170519728839948 0.0344110453111201
0.361734589116656 -0.374073565940312 -0.104308984891732 0.131678236407686
0.141162734776661 -0.511009207296099 -0.0259884107143105 0.124368090427861
0.0659047473269622 -0.519617513647443 -0.0127832720040726 0.0880713487561017
0.0927919103950514 -0.519182422738398 0.0209988682907551 0.0885194046771824
0.314530026453452 -0.423344292291331 -0.00539207254456158 0.0946673437980234
0.48757740439614 -0.213070925050446 -0.0382576570902445 0.0741974016068203
0.625002057041518 0.151167371842816 -0.0549466759625005 0.0603479431503915
0.297045489427932 0.493111269958433 -0.0948204592718813 0.063854723375943
-0.184785909886847 0.507849476929747 -0.0173668304073213 0.0474162864111004
-0.502094666535946 0.347442463410768 -0.00303950059067832 0.0664650964255605
-0.525016053027469 0.200622209816871 -0.0236684722169996 -0.12790795001397
-0.373955707999775 0.398008455193394 0.0558758965207279 -0.0935046290718728
0.0863754632813974 0.541902628784926 -0.020148484581588 -0.116407459183035
0.525717805608106 0.333838143017844 -0.0721265580879653 -0.0558054271968726
0.562608603805997 -0.0785574109539635 0.00829238486572126 -0.0134646649363545
0.405914470133626 -0.338060750080997 0.0388969631605781 -0.0284764122422715
0.178080096535196 -0.501164309812461 0.0456643073848556 -0.0748590017511389
0.0677581398429035 -0.525790657937776 0.0137687472126664 -0.117504247135878
0.0679134290027743 -0.535894541862713 0.0526938749255287 -0.118811450546329
0.273597923947551 -0.4586097119572 0.0711366197080474 -0.0791767758266568
0.463543948124919 -0.274223221013114 0.0798597237249183 -0.0344129160680758
0.656331854770349 0.083003853163818 0.0571247420076067 0.0257260391618974
0.363069050854881 0.490326304618626 -0.0133222292421482 0.0697365227863063
-0.165225347952071 0.563093138849051 0.0620758907499508 0.00570963481921791
-0.537354536220706 0.383677848285997 0.188998738473745 -0.000568839717293779
-0.452568239283108 0.137740090576839 0.173003333397776 -0.149362284578795
-0.351736619275399 0.294345242735158 0.123842487282083 -0.102331942962874
0.0158389535684226 0.448462184130171 0.0117250505250675 -0.035325311710386
0.404644365899719 0.312704134788645 0.023343264032976 0.0401259716243758
0.470989070120492 -0.0270574457970097 0.178714723271251 -0.00443236290125702
0.35938461446871 -0.256146713757142 0.192417393882924 -0.146398899557558
0.172577503746536 -0.412947814265509 0.12434836179909 -0.2478897981325
0.0558101910093834 -0.452951503577184 0.0412661862655191 -0.302602675296364
0.0458064979593314 -0.472687471905724 0.0671197336194881 -0.311102118336859
0.215620042740801 -0.413982300497583 0.120313060261595 -0.251956106654532
0.387685918527782 -0.267257604374879 0.165101628334604 -0.154256765798341
0.582254212585322 0.0433090494060986 0.142711192625878 -0.0382764337120715
0.344095628155826 0.429188098941348 0.0610571864101998 0.0356572070134739
-0.142002681499115 0.526229356004063 0.138358489148746 -0.0609444488568885
-0.497878724058059 0.354360027175088 0.369116874616383 -0.0819546777803338
-0.315106666907961 0.0750536145595231 0.320108765104788 -0.150904169188211
-0.253360833601218 0.19042934389121 0.146907853643498 -0.0987348451986043
-0.000574863889050983 0.298104479048064 0.00917323076348849 0.0531222513433183
0.268111171592836 0.200900193097414 0.0845684458573766 0.139573757644511
0.302775141856045 -0.0212714702698412 0.301709876051675 0.0197510984373548
0.234719096036716 -0.162843918704286 0.305767445304168 -0.223722008620696
0.119005127913196 -0.267726880741377 0.180506608166415 -0.374586993155945
0.0312921275689849 -0.310026994837662 0.0613561197872575 -0.43972295304911
0.0324660906686828 -0.334216248438268 0.0711096670014356 -0.461661327519983
0.149704428425234 -0.299774868938645 0.155908759246842 -0.389267499131274
0.281412978415987 -0.20076162819604 0.228739998880439 -0.249522117306891
0.431021500497852 0.0261376700831583 0.204831301489039 -0.0905006980730569
0.257114650066277 0.324850187519949 0.121172976798058 -0.00318965222992312
-0.118710593053371 0.40471994509735 0.196573657918838 -0.118103400592695
-0.383388165575907 0.256875311921023 0.506077308839097 -0.156092701574719
0.151238794719884 -0.117646767011912 -0.507519255092758 0.283808849928048
0.0352057485002108 -0.215006004931454 -0.175435153202766 0.207542694803932
-0.163627672295886 -0.161512877546118 -0.123199011375535 -0.0115470369574133
-0.227856750229719 0.033196644517256 -0.263723775259992 0.0368439256576438
-0.120590587677382 0.137571262450035 -0.344711587133944 0.288695279188647
-0.048732647735966 0.134341402283505 -0.208776774588784 0.496711040766243
-0.014328249933501 0.131600554082338 -0.0615545586125212 0.550443032069567
-0.00427851527903442 0.120724299293803 -0.0378534039038487 0.524599736700917
-0.0401207883406254 0.0913514922375262 -0.153023548582191 0.488950595095276
-0.0836083958357905 0.053241347292798 -0.303253123813762 0.303312480114346
-0.106471974366491 0.00563100738626257 -0.360110816840109 0.0441672292665242
-0.0999894838129779 -0.0646015840324106 -0.195859176376068 -0.14146721321131
0.00528134523178663 -0.11171280040749 -0.0567987446275128 -0.138210926733949
0.139157562818498 -0.0590189213962275 -0.133684659763224 -0.00123430575514934
0.17949172968962 -0.00256487860305328 -0.417357392079766 0.0834706888828201
-0.0332916769401439 0.0479811389278166 -0.56564722760568 0.239496269280014
0.00219636109330875 0.0125710994583864 -0.209065438533672 0.189126999708505
-0.00167825382699117 -0.000431252632033658 -0.17076301632319 -0.0235367451132732
0.00591085297090213 0.0249495761725556 -0.308100881051617 0.0365180990322999
0.0289359775212605 0.00501381137305217 -0.364111474327637 0.290490175756148
0.02391577015175 -0.0479340551726266 -0.219019494855753 0.50874291990036
-0.00737696456027308 -0.081714825624943 -0.0671675803941312 0.555406924776363
0.0101832833559695 -0.0857873690167707 -0.0410007918238182 0.520601982617676
0.0345637872411837 -0.0984420053349728 -0.134294230492175 0.490616656747731
0.0920539874546053 -0.0578888109357761 -0.290131313723454 0.324783513280507
0.0957995490778847 0.019938219211601 -0.369663869395851 0.0729097630918045
0.0660927874874931 0.0926033998470834 -0.231309627732694 -0.129287502743995
0.00415732401483252 0.0835790850456397 -0.098404297417743 -0.143334556266297
-0.00741730225601308 0.0654527363216536 -0.113253311850108 0.00227515044190645
-0.0275499416845933 0.0764683615319796 -0.39309319946687 0.107890765304045
-0.227858869035978 0.182366129212459 -0.540401833388686 0.14904214351581
-0.0724839043693292 0.236905086026969 -0.201762166488871 0.122218099047489
0.137950415121498 0.196889323147271 -0.194101023794604 -0.0721314495550474
0.258173384377852 0.0531389166039601 -0.330166426206891 -0.00577993845208899
0.211882131369144 -0.112221446426339 -0.35926232533116 0.236298090251895
0.12299908056073 -0.21962057658851 -0.219622102915776 0.44429769317362
0.0190009245617204 -0.283485648616397 -0.0714973686940012 0.475442624448641
0.0250133923518292 -0.281109893559491 -0.0354723687211369 0.436399879172769
0.0813013061168336 -0.279863379231713 -0.0821329058194325 0.418859368225177
0.228603260556629 -0.19271011986814 -0.209765618451096 0.310556192529219
0.286431093078163 -0.0247471518409449 -0.301284369328995 0.122917783867168
0.276420519964498 0.184102530502575 -0.230322929453084 -0.0483026597380617
0.0698419342671079 0.271202656447927 -0.147225120883515 -0.0828851233366627
-0.115246657462674 0.219884902593351 -0.102591665496279 0.0248246343051912
-0.224188145348991 0.173789712076984 -0.309580722041097 0.12132167688045
-0.396676184833939 0.257135662587383 -0.423698482557075 0.0391701720976284
-0.18442841688133 0.402831939418051 -0.144773297812268 0.030836578769465
0.209047734560154 0.394471163039263 -0.168578571743413 -0.128614810397051
0.472807514540738 0.135124405833457 -0.295868171656497 -0.0636423196948431
0.401332708632997 -0.175132502672465 -0.301025907291139 0.138294427923189
0.24238892177714 -0.343478481549352 -0.187751774348966 0.309410572558919
0.0680781007864872 -0.437524767085388 -0.0610724253752169 0.321401081074959
0.0377868872675291 -0.433946194334078 -0.0254752936247131 0.284163915602703
0.0899243394842351 -0.429477769348282 -0.0226424473434697 0.278029140051087
0.297803872013126 -0.330209687698014 -0.101526687273379 0.234620028747518
0.424052270754175 -0.1228997416674 -0.175521940186784 0.135783292701106
0.488079292310021 0.187877950408161 -0.164705359494195 0.0350699071303676
0.193349196637582 0.413720930937347 -0.149069390076427 0.00622195336829775
-0.166215251330212 0.38423006412106 -0.0745092966687671 0.0492073094616902
-0.384691150614821 0.279418865918556 -0.174243391043067 0.109910489899248
-0.501343945832912 0.263496147161108 -0.240576394216405 -0.0618230946026359
-0.298694042885208 0.460433563695576 -0.0476218626221818 -0.0495428476909963
0.187736422976246 0.526814433019817 -0.0979216373457721 -0.151401537545487
0.574815475197319 0.240600164802263 -0.198142540912287 -0.0903547345769026
0.53679396647357 -0.162294890189264 -0.169571282431609 0.039191273868386
0.348323361423101 -0.388290606756356 -0.0999893165761092 0.134347991656888
0.123550913825612 -0.516261705982269 -0.0225967096230593 0.126070845292462
0.0469695122304872 -0.521405003316237 -0.00960644332147305 0.0886815923659833
0.0762982697026375 -0.522346558433565 0.023413074159283 0.0871049988398846
0.299557696691939 -0.434557987426323 -0.00137901379433827 0.095200842852284
0.477706064413934 -0.229797358568346 -0.0351862495202992 0.0767640181138188
0.629990706366691 0.128967297027173 -0.0521978385985882 0.0624825273276088
0.316097053921668 0.48231349867587 -0.0923568495889982 0.0683217979648536
-0.169045642516866 0.514566463404005 -0.0153263610404419 0.0476011672241389
-0.489856384293777 0.365537592442231 -0.000662407331916986 0.0662825869216798
-0.518075542445329 0.220330067793044 -0.0282491995821444 -0.127379688417004
-0.3615840522592 0.411818355919528 0.0533168557300148 -0.0952699982267911
0.105811740372444 0.539358846995956 -0.0236797613966596 -0.116195557604996
0.538674652227517 0.313346349759188 -0.0740178293737833 -0.0536635595239864
0.561400856704069 -0.100933634765257 0.00717808593549587 -0.0142547812541133
0.393048815365465 -0.353748320650623 0.0373021828391846 -0.0305122714301336
0.160600039773898 -0.507188520835545 0.0427456514532019 -0.076131467759453
0.0473336232134055 -0.527644431930861 0.0102449439298045 -0.117473504196801
0.048264429108241 -0.538640171871402 0.048248323559698 -0.121213455077775
0.256968888135296 -0.467540967667442 0.0690972896853055 -0.0816255824767762
0.453747313792015 -0.290069734656849 0.0789856313605211 -0.03626149371855
0.661300062118684 0.0608038715961111 0.0578373854852893 0.0235039015076737
0.379872820612075 0.475502194977543 -0.0111316713442781 0.072155555290966
-0.146104469601086 0.568470301267769 0.061982813569722 0.00332312883135597
-0.523435809884506 0.402399899110579 0.189346854750743 -0.00821631424279023
-0.447461122988251 0.154091116691756 0.167134098533693 -0.15619853183757
-0.341752754918917 0.307815931318569 0.120685228572333 -0.106980389265282
0.0317507685458885 0.447209507134589 0.0111465486241317 -0.0360684398904133
0.415197422368869 0.297789039464661 0.0244527350587985 0.0392306878118669
0.470065446097605 -0.0445850526220014 0.178177831461334 -0.0112247640779182
0.350543110241966 -0.269618843611699 0.18599658199155 -0.153599701726179
0.157562886761814 -0.418319116400962 0.114552833521662 -0.252053664639975
0.0384908595572708 -0.454664211576609 0.0304156847375966 -0.303135050204289
0.0286567354444332 -0.474485625582009 0.0550248898751167 -0.313924089512945
0.200848358425326 -0.421105371918759 0.111364794493945 -0.255834900429109
0.378243729882276 -0.2813152946642 0.160253472407527 -0.159349124616244
0.583078374620964 0.0197268239014699 0.141281824098329 -0.0429670623391645
0.359198248711937 0.416823275722567 0.0623419287458746 0.0347817960335701
-0.125308054008592 0.53328772011287 0.136669618669831 -0.0663617723683583
-0.485694005993469 0.371364164668563 0.36633478455764 -0.0967658105120202
-0.312664666321476 0.0862749813471645 0.314220108210675 -0.163976904343885
-0.247428424747939 0.200316315853643 0.1437468057632 -0.105098675416346
0.0105894738848169 0.298329922758614 0.0111357356942346 0.0521065483114529
0.275739708202903 0.190730528233417 0.0887853979894724 0.136494421406255
0.301756682769038 -0.0320074208191146 0.302017786054054 0.00875397199351571
0.228393509547053 -0.171592387940519 0.296885564492204 -0.23482669940015
0.109565834648384 -0.271820456719873 0.167675600580107 -0.381241522586413
0.0199028691862449 -0.311793839888947 0.0458149780761666 -0.44062986662765
0.0208179974526446 -0.335031018070022 0.0550007854455684 -0.463731713990043
0.139144887160719 -0.305488860533365 0.142601596439564 -0.395032383044444
0.273898593104712 -0.210612847012557 0.221038328984188 -0.256475787375442
0.432113175086278 0.00997343483222531 0.201864106114173 -0.0975717010710311
0.268353813001383 0.315785016751407 0.122065235709199 -0.00598623716007275
-0.105448177673093 0.409327739636433 0.192277571330198 -0.125670997520968
-0.375068444597795 0.269340408831609 0.50123703879735 -0.175672853560282
0.146575131091587 -0.122340669037799 -0.497390391457402 0.302460560520533
0.0278167857648456 -0.216416412188014 -0.168784926930429 0.213156635447634
-0.168708658494193 -0.156091711610248 -0.123537105276962 -0.00833300635651999
-0.225802568382151 0.0419798078178624 -0.262619486261232 0.0450404190519022
-0.115363834538503 0.141400453256033 -0.334497754132068 0.300560900664569
-0.0435134049320975 0.136026924267595 -0.192070361921244 0.503056782466397
-0.0097461366401439 0.131736094737686 -0.0410731746997462 0.551229052372738
0.000196660356052432 0.120353864340097 -0.020469246064851 0.5245325426385
-0.0363980277904387 0.0923304555548643 -0.13583769136124 0.492665814310716
-0.0817883387628825 0.0568108105862408 -0.293051550620263 0.312127272325603
-0.106470611979538 0.00972206849869778 -0.357849351077388 0.0567693868556902
-0.102500756625545 -0.0611578686418651 -0.200460480282905 -0.134353272260864
0.00154655722982442 -0.111714482108855 -0.0614503950291335 -0.135731613418565
0.137277111412648 -0.0643426786090379 -0.133731748347884 0.00339108207731436
0.179303247901926 -0.00873182435021059 -0.414388467800162 0.0983818177979478
-0.0317339001052688 0.0496897363189985 -0.556594775515665 0.259487497991445
0.00291116210044024 0.0125807750986613 -0.202130774544213 0.195639355065812
-0.00137534678736002 -0.000341683360917095 -0.171852108451691 -0.0189481290782295
0.00721705609705204 0.0250671947111921 -0.306964464937559 0.0455530959498114
0.0298038400818516 0.00369424597960402 -0.354046549089848 0.302477905309268
0.0223654083951026 -0.0487562293380423 -0.202137929973549 0.515325732863977
-0.00977009121880657 -0.0813303612293632 -0.0474726124929204 0.5566913849032
0.0078084672913916 -0.0861313290345954 -0.0242503527524846 0.520842123443159
0.0316009282157647 -0.0994131463190935 -0.117187964681986 0.493312348579315
0.0901993555722066 -0.0607299873130459 -0.278045356209641 0.333374191105232
0.0961822895111795 0.0174357965000283 -0.36567690814461 0.0867267406050495
0.068900949919889 0.0906105037606224 -0.234865206215563 -0.120663275740754
0.00647821266351072 0.0828714173611627 -0.10273181109192 -0.139691069866822
-0.00496337815942547 0.0651940721559169 -0.113266905194497 0.00634066281653787
-0.0244108292543918 0.0774659536676485 -0.388731832050021 0.121988017050279
-0.221317909939399 0.191063902810266 -0.534860740153994 0.167468708558575
-0.0643728306576056 0.239501924718658 -0.197211335440641 0.128847763962821
0.144991942404489 0.191240572856357 -0.196357575827371 -0.0664800284514214
0.259857889871684 0.0442028563151425 -0.330259779293687 0.00390815681871929
0.208100545803312 -0.119417329528771 -0.351665504980316 0.247287666757242
0.115874824340336 -0.223761908071957 -0.205050167997886 0.449953331709403
0.00993646416414301 -0.283074465082654 -0.0554626453149966 0.47672844867613
0.0159991948924426 -0.280808368061625 -0.021500075139083 0.436265020732181
0.0722020725922358 -0.281945533452514 -0.0681100041992438 0.420595282351701
0.221910780855871 -0.199739147676059 -0.198412318703641 0.317131430561981
0.285383172762677 -0.0340611796382482 -0.297316468155936 0.134256259855889
0.282024613017985 0.174752325454944 -0.231738911127555 -0.0403251044267161
0.0794878415782411 0.268215359918696 -0.149792512821958 -0.0779387179321991
-0.107465715599682 0.22455078334269 -0.101559550044488 0.0280334697528924
-0.217833659121567 0.181641314447905 -0.304855092139258 0.13278708765798
-0.386634422118223 0.270636049592395 -0.42174051477027 0.0540581445501344
-0.17039284070666 0.409373289258233 -0.14254657267246 0.0357897622886184
0.223583163224876 0.386267792967931 -0.17222180139957 -0.123766096150662
0.47578146490639 0.117422776040746 -0.297900902659333 -0.054741726612455
0.395043545902426 -0.189688822133766 -0.295501039497707 0.148234723342631
0.230279178891751 -0.351740853398711 -0.176523190390429 0.313657405924474
0.0533416144623778 -0.438332306996512 -0.0499974524019504 0.323557613391031
0.0230039303329158 -0.434050425335356 -0.0154690675296355 0.283576635326079
0.0758269604561715 -0.430621688840919 -0.0126135766942483 0.277880057116046
0.28725444146653 -0.34023460430148 -0.0928143501700623 0.238391138228504
0.418744061801789 -0.136638810068288 -0.170643525445325 0.141940281043376
0.493980708518583 0.170967987097971 -0.163116168529687 0.0409222237761376
0.206660484479062 0.406004892422553 -0.148947773500939 0.0120234336520518
-0.153815600819476 0.390335992665272 -0.0725113780902977 0.0508793691643124
-0.374416349063731 0.292252801749932 -0.170306163693492 0.115888633374338
-0.491803369989643 0.280770214663559 -0.242091502415428 -0.052525637844084
-0.28239570878676 0.470428629696928 -0.0487077395758138 -0.0477632477653814
0.206206745871077 0.517787775422582 -0.10220524641824 -0.148853766094195
0.583484259123354 0.218952791916131 -0.200060514400086 -0.0846277594155102
0.529741282904459 -0.182039891263218 -0.168523966821757 0.0438533425948418
0.334243995431347 -0.400560501086625 -0.0951324999666851 0.136859353769422
0.10655569705026 -0.519323429208817 -0.0191138333593611 0.126205365797239
0.0283394053127404 -0.521182311894177 -0.00630357147245766 0.0891621274298053
0.0562453776352058 -0.521919541275073 0.0265126370719005 0.0862560034647962
0.286192288466595 -0.443848769174882 0.00222565504527396 0.0954675402023038
0.471530043494178 -0.244567281731316 -0.032907710047591 0.0786009971677428
0.632882571021845 0.106006312590815 -0.0502886194138516 0.063780986285639
0.330703010125023 0.4705861452437 -0.0897633707352613 0.0724518935116901
-0.151977511608684 0.520472392000124 -0.0139681689368651 0.0479194151698237
-0.476063777527437 0.38121582107541 0.00154882444165197 0.0654680474923922
-0.508694454179241 0.237212761098904 -0.0330207136429901 -0.126313200738309
-0.346378478410161 0.424439206629743 0.0510780161990242 -0.0966636903693064
0.124754607880691 0.535112150200521 -0.0272096176390557 -0.115774604630377
0.547885374701329 0.294120727949059 -0.0750780255390492 -0.0510902447263024
0.556912338406259 -0.119350044521304 0.00558670439609481 -0.0153235244974253
0.380617121852217 -0.366899335293541 0.0360721258350528 -0.0320029328734772
0.142809812477101 -0.511586680237254 0.0396896220309705 -0.0773825181148417
0.0288904330793425 -0.528298162654967 0.00627105204107445 -0.117238315713614
0.0289826299715006 -0.538106877039397 0.0433584920139065 -0.122464303162495
0.241736267213714 -0.477067783916934 0.066319419824855 -0.0830617734777255
0.444328315969495 -0.305331774497353 0.0777255247897359 -0.0379518713128008
0.663313655783855 0.0364095322432734 0.0581232102424933 0.0214906591223284
0.395574949343719 0.462523268720877 -0.00791800744876879 0.0735527357318378
-0.127373613149744 0.573279822356093 0.0623306531382047 0.0010058965794122
-0.508417174593255 0.42031926667037 0.189038922394458 -0.0155581287605447
-0.440920140369577 0.168094825904746 0.161376015962796 -0.162954772466273
-0.332003806793182 0.31923150190733 0.117605812197943 -0.111192210479392
0.0469604814430344 0.444263425514535 0.0105730681942002 -0.0373035594844349
0.425657048084252 0.281004131682694 0.0263387874748138 0.0387260812163769
0.46759565537019 -0.0602853242387156 0.176987365048296 -0.0180454199859028
0.340361654661496 -0.281877947234236 0.180136060271957 -0.159883866760996
0.143058112209525 -0.423746202043215 0.10569773076193 -0.254604648731438
0.0219200377437653 -0.454591985415105 0.0199153074524829 -0.303021708863943
0.0130714384027329 -0.474270620930681 0.0437350946196399 -0.314877279568022
0.187415961663333 -0.427847197919387 0.103175291490696 -0.258744400178881
0.368643339494587 -0.293088068571781 0.154567240738572 -0.163964412406951
0.583471101630296 -0.000306158703062984 0.13922850476826 -0.0475763542540143
0.372136559801905 0.404361010408489 0.0638324041583266 0.0342673898937764
-0.1078840838765 0.535849740843352 0.133942587851793 -0.0702869093830937
-0.471386865812668 0.387954201703848 0.362636205859991 -0.110200228162943
-0.309132612661213 0.0964518994155261 0.308188236000427 -0.175382756225799
-0.240876437728163 0.208620054536897 0.140761934402178 -0.110811341667274
0.0206189230146515 0.297352775180654 0.0132527465801498 0.0510454294515007
0.281986673886471 0.180578100223935 0.0928611372825773 0.134066608269772
0.299750587393298 -0.0430097360005388 0.30104897958898 -0.0012060875927133
0.222492398677918 -0.179159430501702 0.287769756593223 -0.244984119965814
0.100408362909509 -0.27549299125393 0.153787291974649 -0.385594075824052
0.00921453719537206 -0.311188698071709 0.0315820678167417 -0.44132797239461
0.00888541999971219 -0.33538660917932 0.039023975976283 -0.463749318234864
0.128791821956655 -0.310180736310227 0.129107369501893 -0.398497498569824
0.267030746159234 -0.219693037934077 0.212849207989034 -0.263410350226904
0.432403588725993 -0.00517380732437418 0.197388682569217 -0.104338857377927
0.278747860190196 0.306230929198459 0.122027975079363 -0.00861603271655994
-0.0913049209167443 0.412385836442642 0.187726778949167 -0.131797140380434
-0.364864222861222 0.281799606041877 0.494377488394172 -0.194313290992377
0.142471512246639 -0.126348114294154 -0.485402880208546 0.317467440982719
0.0218325713282109 -0.216812539158864 -0.161062946774162 0.21826040574454
-0.17318162905303 -0.149857481838152 -0.123601637974968 -0.00522006268891285
-0.224100498743768 0.0494639398415658 -0.260534715990019 0.0519888776194009
-0.110618329871873 0.144677246199373 -0.324393152839411 0.309252522683661
-0.0390886002295852 0.136708206432203 -0.175694131087025 0.506444049325297
-0.00540600266556305 0.13180141932318 -0.0231888555008288 0.55079612439556
0.00437900235972438 0.119681488275796 -0.00391945809065118 0.523444258769039
-0.0337488246757936 0.0934556902026112 -0.118987721997723 0.49473192187621
-0.0799589499409586 0.0596823954746923 -0.282017877440915 0.320703885789545
-0.10622938251936 0.0135246166727231 -0.354459627599223 0.0675883182189163
-0.104706189046158 -0.0572986521301069 -0.203432519723854 -0.127990132941755
-0.00225329749374028 -0.111849352780874 -0.0651423572898509 -0.134139474355717
0.135581003966111 -0.06839507816169 -0.133707797946771 0.00765446538743143
0.17846687074166 -0.0142517182633583 -0.41007407683778 0.113386578701466
-0.0299333355601877 0.0512371593131954 -0.547201362595752 0.276830321096761
0.00353238158763681 0.0125112146917979 -0.19568275671475 0.201432281120899
-0.00138708832325602 -0.000605293507251365 -0.1723905957822 -0.0144785619559395
0.00795559577209718 0.0244710198225542 -0.304394957405975 0.0543821493856939
0.0298329530734493 0.00234394660037839 -0.344092603092234 0.312049804868819
0.0210693284380835 -0.0494295102295819 -0.184513508552044 0.519208049480894
-0.0128482630827461 -0.0804932308831626 -0.0316710203565367 0.556736503771954
0.0055619181228947 -0.0862044778689817 -0.00748705958869605 0.519170056329887
0.0288493299151708 -0.100079733975463 -0.101873418740444 0.495946092708387
0.0884199853184468 -0.0627825892353078 -0.267096848256298 0.340975818705502
0.0966146809404244 0.0150080176982952 -0.362474983651311 0.0970810742358083
0.071226996782466 0.088182493594354 -0.238064027607455 -0.112986886148966
0.00934265979403943 0.082446833157223 -0.10660976431496 -0.135604422859099
-0.00331824717443441 0.0655756538359737 -0.112638164644736 0.0100630116280814
-0.0222467949308518 0.0780793286757735 -0.384318232389024 0.134589857463324
-0.214592829329541 0.197519476724416 -0.526663007544739 0.185474740572973
-0.0563392108336603 0.240745508099487 -0.192300566784771 0.135110532335318
0.150991638793098 0.185390684862175 -0.197908659323653 -0.0611808572576223
0.260371832445822 0.0356479223028232 -0.329401526334417 0.0142471871990722
0.203758216520735 -0.12598737547999 -0.343136215328419 0.256765046807695
0.108297365703824 -0.226700860858001 -0.189348243550983 0.455286046505407
0.00122563900912602 -0.283009892904653 -0.0414204943635461 0.47698496066273
0.00688082563819208 -0.280491952693924 -0.0082715337987122 0.435728244269397
0.0635221450970998 -0.283468436666307 -0.0545702776593952 0.421767897231078
0.215670383769261 -0.205885373575924 -0.188241191521625 0.323002856886594
0.283133382262411 -0.0421492482931559 -0.291809276621647 0.143319279469916
0.286898302588599 0.165283006170731 -0.232718482444004 -0.0332459816502582
0.0877610646555441 0.264399459345991 -0.151497513050123 -0.0727243244621647
-0.100760842183531 0.227045408913357 -0.0999736142805541 0.030480769430575
-0.211960940849015 0.188085851480139 -0.300668898020869 0.142606278728205
-0.377640299084978 0.284223923237736 -0.418934014705172 0.0677615003234252
-0.157237439957859 0.413461180877876 -0.140628346625128 0.0408055073436572
0.234273554848649 0.376954324033464 -0.174913551872535 -0.118605942127987
0.479260740344661 0.101791274364762 -0.298710994885957 -0.0461256136499599
0.387928630530184 -0.201445023574132 -0.290693087695016 0.155919764762375
0.218433077114973 -0.357495333707208 -0.166590705137886 0.317752943788436
0.0396401177806612 -0.439640199914975 -0.0407532231339812 0.323547523171446
0.00909700033696757 -0.432586667221467 -0.00701127428354429 0.284101933690919
0.0625595625914022 -0.432783192513526 -0.00465460436732364 0.277439769615729
0.275959187666949 -0.348248215924828 -0.0850321041203425 0.240142749397916
0.413603114962336 -0.15005784171122 -0.166049275775572 0.147672957978466
0.497377733294861 0.153835061114533 -0.161159646067689 0.0453145000503555
0.217927594750093 0.397982591733487 -0.147291713253033 0.0173734942560232
-0.140786234040406 0.394687338719895 -0.0707363019316496 0.053102151502958
-0.364454247547563 0.304034434510098 -0.165881492553581 0.120757926343937
-0.481674393363937 0.294299042056031 -0.242783011930907 -0.0440157127530176
-0.267202789081106 0.47931639470376 -0.0488575947954611 -0.045397182245024
0.221231888300514 0.509122388990648 -0.106128258772771 -0.145654304608248
0.586306647709649 0.200191571510043 -0.202159727678806 -0.0785742314883875
0.522467982423607 -0.198851718411915 -0.168038511347804 0.0483684474065507
0.32016346009047 -0.409654127072195 -0.0909484292408144 0.139527573007276
0.0901398516848314 -0.521739443493541 -0.0153098833059281 0.126873139335435
0.0115585693271181 -0.520032578596055 -0.00388554940876537 0.0888199132864817
0.0400215090240024 -0.522004837046596 0.0287647278212283 0.0850903382678886
0.270416955186361 -0.451488367775354 0.00548480340725635 0.0954624832026539
0.461475870011414 -0.260538044595569 -0.0296992259348996 0.0809624573464044
0.635869262797255 0.085452952775386 -0.048011737292704 0.0649612569382406
0.344707673615385 0.459868938440408 -0.0866200630535783 0.0762105642424303
-0.13591964233029 0.524693608225651 -0.0126316988641714 0.0477620270989653
-0.46284807700448 0.395425958211288 0.00374563657733877 0.0652288630301197
-0.50044887734971 0.253502896046293 -0.0370431243296951 -0.125090504255084
-0.332513137675709 0.434852456933393 0.0487966959447454 -0.0981315184156838
0.14045773648753 0.527579809124466 -0.0298340859817138 -0.115264920662894
0.556965428989417 0.276460539567153 -0.0765406299185616 -0.0490133562919685
0.551320578977898 -0.136891460795789 0.00454534451597308 -0.0158638517194304
0.366551492263359 -0.377883395988134 0.0343044556587752 -0.0339144963664581
0.127078200813577 -0.515473342430677 0.0365751065609298 -0.0776964030165444
0.010634196336246 -0.526863754694795 0.00216676583439124 -0.11641139324876
0.0125831133413097 -0.538207293864818 0.0387895362466148 -0.123362644971157
0.2266452357909 -0.482953471347829 0.0641125621518397 -0.0852367241397132
0.432713589949496 -0.317822356452483 0.0773371010841949 -0.0394320710594563
0.661544275456946 0.0153729721109192 0.0590963594883799 0.0195173195476841
0.408902881358675 0.449099288538824 -0.00524586418020957 0.0753701307955862
-0.109084236324354 0.576613401492612 0.0622292146692051 -0.00141194256951019
-0.49295736572445 0.43581970236711 0.188017721337688 -0.0227148576081581
-0.434140045844206 0.182269592293968 0.155275240631629 -0.167971265970628
-0.321454612923431 0.328992538187804 0.114832524388362 -0.115358214857261
0.0617187339707468 0.441877740921714 0.00960163821319154 -0.0382828610859675
0.433789569538651 0.266215183656228 0.0268532104603254 0.0379811117351108
0.46461229540345 -0.075559482926368 0.174456411938149 -0.0232210760953198
0.330261792195622 -0.292634020419565 0.173868576845336 -0.165677269422585
0.129926863512889 -0.426729801401699 0.0973765615012859 -0.25729649533398
0.00713797598455435 -0.453471683292867 0.010799658338224 -0.302409273505591
-0.00190432335509267 -0.472394005989846 0.0336727212415372 -0.31503114413879
0.173329766240763 -0.431792417901643 0.0955414644820398 -0.261747555593759
0.358435129447961 -0.304430821947444 0.149678044458088 -0.167092214312204
0.583688027964732 -0.0196423254771461 0.136680677276876 -0.0514590145231688
0.383831052066697 0.390831500592079 0.0655867233624805 0.0333270560264337
-0.0906652546875987 0.537684090956553 0.131503072550199 -0.074857772132203
-0.457884344111809 0.402084594546035 0.35874319324986 -0.122948453219353
-0.30541182485695 0.105617397917491 0.301523717807755 -0.185679825618619
-0.233500431308011 0.216568557025086 0.137476817212065 -0.115862707149785
0.0300738733004421 0.296005064562858 0.0149718775856938 0.0502051338798254
0.286663176631924 0.170403769389623 0.0964299198203563 0.130973276999479
0.297746706996482 -0.0521281892674462 0.29883844442565 -0.0108113986722348
0.215144314669644 -0.186620260853583 0.279181534740441 -0.252448357058821
0.0914070110760499 -0.278140268707417 0.141180725232086 -0.388394170472828
-0.00215072501034031 -0.30892723483469 0.0177692024281435 -0.440329460069977
-0.0023808891521369 -0.334732948236234 0.0232124537733993 -0.463647489354907
0.119321962573529 -0.312721980178357 0.11637308999343 -0.401887050349285
0.258194246356946 -0.228525175106781 0.204451216367145 -0.268414911820698
0.431505933302311 -0.0194552435453756 0.19318158619906 -0.109522227379379
0.287488667550208 0.29618674783619 0.121816442903427 -0.0114425953122619
-0.0794609915150978 0.414760788858844 0.183128004136447 -0.137331757329766
-0.355114404009359 0.292153781278411 0.48627710912438 -0.209861812268314
0.138643970155518 -0.129658766934323 -0.473847590374147 0.330899200605035
0.016212331142489 -0.217125884659446 -0.154831655263976 0.221851063617217
-0.176894344685544 -0.144021898477077 -0.124198002766807 -0.00257493560066589
-0.221976386817487 0.0559084035557861 -0.257908373698876 0.0584871745629313
-0.105902629770243 0.14752032394105 -0.314480260322911 0.31713827720633
-0.0348548981010944 0.137243599418259 -0.161132214978272 0.51047182884024
-0.00161666348931945 0.131263121132037 -0.0083301503550059 0.548399348717476
0.00847964196369712 0.118887113676631 0.0109920430983351 0.520807534748165
-0.0300652537383433 0.0942655684901627 -0.104152851162462 0.495916432901482
-0.0777060762216231 0.0618756299790646 -0.271801788220211 0.327641229322896
-0.105839797325941 0.0171727618422517 -0.351876299689922 0.0781920464310253
-0.106272290318795 -0.0534151025890336 -0.206280901686634 -0.120682206226218
-0.00538729157111389 -0.111651694050294 -0.068880264360055 -0.131932341365931
0.133134027163051 -0.0728220930071125 -0.133755457911948 0.0120981628548007
0.177565731510455 -0.019393068213287 -0.405183367485716 0.126453355473022
-0.0282006013831006 0.0518604001156134 -0.537376773284643 0.294929604305851
0.00456939537736064 0.0118239594840529 -0.188837657437488 0.207180827164423
-0.00131325214976944 -0.000892770068245107 -0.171942832417738 -0.0101613770649389
0.00855477060420421 0.0242136992579906 -0.301664974831019 0.0624184926705204
0.0296239100368202 0.0015957945096515 -0.332966945644266 0.320631967220825
0.0192644292402088 -0.0497911965280457 -0.168614441513468 0.522826496859606
-0.014961413125907 -0.080302130648546 -0.0154045603871946 0.55319127400957
0.00317098576454721 -0.0862244719720359 0.00693264771226699 0.517657177322639
0.026601456721117 -0.0997544867787908 -0.0863940010604085 0.495682142057946
0.0867076948821981 -0.0651147115721974 -0.256231163097744 0.348386655256516
0.0961216397304456 0.0127227592855944 -0.358685383591012 0.108293768461235
0.073321668155861 0.0858713968375764 -0.240190552948761 -0.105653760207794
0.0111018862066485 0.0815240734457932 -0.110099498561098 -0.131622484187195
-0.0015470460919125 0.0651857780181584 -0.112337034983207 0.0138781965836008
-0.0192679772426593 0.0782662965390412 -0.378766154433769 0.146908704114797
-0.208321182989301 0.203774727120531 -0.521522916130236 0.201788147874499
-0.0491771269238189 0.241418124404252 -0.187240383599218 0.140229933102062
0.155726170001747 0.179659937238919 -0.198600634472988 -0.0563403727957772
0.260783668067706 0.0268090223317397 -0.327518791326693 0.0227860201497124
0.199280022729717 -0.131850872105595 -0.335352264278951 0.266114418308484
0.101463930879588 -0.229092453110018 -0.175538757491599 0.458206211826928
-0.00683295013008963 -0.281757557290541 -0.0278802591264015 0.474680421489236
-0.00150467336391689 -0.279781182134898 0.00485212589353129 0.434480977122683
0.0549046384496381 -0.284036131157915 -0.0419591140292655 0.421078222797986
0.209097653638787 -0.210638214764506 -0.177354594252764 0.326995699388519
0.28103219410824 -0.0501522311346873 -0.286828217070755 0.151523811993022
0.29016752169462 0.156126090726187 -0.231667102985729 -0.0261172277118465
0.0957083287694087 0.260705940239547 -0.152730913534293 -0.0672487248974135
-0.0936151461104306 0.229536079565736 -0.0990800228718865 0.0336460626574836
-0.205175211657068 0.193248442412441 -0.295410708109993 0.151834759994815
-0.367903398892661 0.294178134697286 -0.41560376124759 0.0804002143109425
-0.143929957065006 0.417824972384505 -0.138038717926503 0.0453780578611442
0.245162318357703 0.368096851956059 -0.177448535603313 -0.113860031320356
0.480788860863568 0.0858304505469262 -0.298908529113327 -0.0375567553496052
0.379923626623431 -0.213522274844513 -0.286722047618765 0.163199146097693
0.206855508052027 -0.363288937403434 -0.156315120510463 0.321538484102176
0.0264513179012914 -0.438838015481416 -0.0315059222876754 0.324027200831424
-0.00475444245656259 -0.431228372352968 0.00199581554210726 0.282406760203665
0.0505244179357672 -0.432419716232834 0.00319707176664215 0.276103854924175
0.265176461901295 -0.354347080162252 -0.0764971028476501 0.242226788827216
0.407329954415757 -0.16108924753949 -0.160169190545341 0.152822777813627
0.5009425775579 0.139563936250263 -0.159140863744336 0.0494144473800387
0.229406159354448 0.3902971053212 -0.146045127587136 0.0221630488488622
-0.129418881536097 0.397763107340471 -0.069385923876477 0.0541274451532289
-0.353440409739693 0.313256754765829 -0.16159304880689 0.124940265098476
-0.47085710221106 0.308726148146558 -0.243669184149514 -0.0367030487478565
-0.253168473011038 0.484866723419623 -0.0496003000977621 -0.0432091255712218
0.235868283379936 0.499712045921642 -0.109707576998132 -0.142902574469016
0.591884300359551 0.179867243482094 -0.203689868886643 -0.0731595944146473
0.514848467316425 -0.213418965778726 -0.166504967935649 0.0520729955468858
0.306131062529155 -0.417172320977833 -0.086545816579477 0.140857348720605
0.0742254000201923 -0.521753819996456 -0.0121758315023674 0.127116851757173
-0.00390265458355108 -0.517623889430434 -0.00101815860557009 0.0887983671508908
0.0247611282806987 -0.520623514762531 0.0305373063083804 0.0836128205568069
0.257679696927822 -0.457275873408298 0.00880614140139682 0.0949995688765817
0.45104824109347 -0.271548079987519 -0.0269766741001645 0.0816617811304037
0.636590748444184 0.066839597368794 -0.0456593160276707 0.0662532045368372
0.357255123730742 0.447085017514384 -0.083821154929775 0.0789751418878533
-0.119620982347414 0.527338589835395 -0.0110755811892469 0.0474122119447966
-0.449300892095494 0.407848227168277 0.00589638884286041 0.0641203194968304
-0.490790703156822 0.267003311350801 -0.0405825980903572 -0.123659826028429
-0.318847042788105 0.443678243116511 0.0466016773475419 -0.0990982029312943
0.157282487032758 0.52156964302537 -0.0328846245783488 -0.114861150237847
0.562794264310947 0.256054963977315 -0.0772621929410546 -0.0469321607441528
0.544571440811992 -0.153939352293118 0.00306828474880351 -0.0169564101290389
0.354261242186876 -0.388060426830791 0.0328336686967791 -0.035152887767602
0.112154077461823 -0.516895746567715 0.033629902297105 -0.0783627362743085
-0.00511778098058617 -0.524349913017429 -0.000616342724025743 -0.115762634988846
-0.00344292466767695 -0.536767356704531 0.0345821245595425 -0.123503486249062
0.212599390847015 -0.488741896409484 0.0617477748547328 -0.0864669930348707
0.420575501449783 -0.330572082927315 0.0759353811819802 -0.0401552394390617
0.65982011731835 -0.00603605495461778 0.0592169585144868 0.017986791599964
0.420602873498101 0.435555387294417 -0.00247824217411018 0.0758268833044769
-0.0924168200055898 0.578391442909033 0.062155586084897 -0.0035911500581749
-0.478631208418324 0.448587104067707 0.186771759559976 -0.0290048188119279
-0.428384193925832 0.194238537035857 0.14982928806352 -0.172429781601101
-0.311221515679016 0.337951379325963 0.111538290985477 -0.118842912084796
0.0741673141443462 0.437957126091305 0.008863328173362 -0.0392352465813836
0.439662312802255 0.252229100076225 0.028357247292963 0.0369302627012074
0.460054303850236 -0.0892916366649688 0.172548210294204 -0.0290703206051739
0.320346515974163 -0.301050336941719 0.167348951003747 -0.1702128487397
0.116318428888914 -0.429156465962798 0.0893638163918119 -0.259165707140541
-0.00684706642679485 -0.451332329545179 0.00249389707055442 -0.300955355306262
-0.0171578003667406 -0.470155603766255 0.024371088911747 -0.314555952267739
0.159759779895891 -0.436080874218137 0.0876849530820967 -0.262557829891969
0.34655821054599 -0.313870623648889 0.144842877176516 -0.169946329920335
0.580393195384762 -0.03649641126185 0.135028384054582 -0.0558546286723964
0.39285094252203 0.375821339279026 0.0661949994444047 0.0328062085418617
-0.0762046654856845 0.540646327448217 0.128967192141458 -0.0787020868993682
-0.443741309820752 0.412870464164633 0.353236482920263 -0.134111095512424
-0.301012716618531 0.113223565788394 0.294765960253797 -0.194892696929922
-0.227283944471162 0.222667616162805 0.133954939719985 -0.120172488649014
0.0387311783422392 0.293920585510474 0.0160764124317196 0.0488175621469859
0.291195406220388 0.160146960309725 0.0998400841338048 0.128204222397064
0.294700132126042 -0.0612679723463173 0.296674823834889 -0.0193957991010773
0.209327657167252 -0.192096677389222 0.268701806069308 -0.260016458862108
0.0830294598328157 -0.279376320668784 0.129639442157952 -0.39125462075154
-0.0111453590290851 -0.30695635136495 0.00531172986113276 -0.438380001493397
-0.0128747822225624 -0.333200662050994 0.00964400815214769 -0.462262116763808
0.109748910766608 -0.315601446471052 0.104321899472877 -0.404004770235583
0.250959735801729 -0.234730373416191 0.196264426157203 -0.272701651627099
0.428794453198448 -0.0318491480185432 0.189333964994968 -0.114684351390024
0.293996840168091 0.286831566322341 0.121587161842763 -0.014059272578617
-0.0674055750413583 0.415635343229911 0.178153702959412 -0.141961432061755
-0.345254732187003 0.301145049844437 0.478294004518994 -0.224392780133873
0.134097656797852 -0.132846564885204 -0.463731577190432 0.343523214056293
0.0105658231329317 -0.216877713005473 -0.147820052189173 0.225625210261591
-0.180387144168489 -0.138738131152137 -0.123627160336814 0.00014455200735367
-0.219371140027733 0.0616327917087092 -0.256019102407066 0.0641440845684053
-0.1012339444646 0.149653850378507 -0.305300917330296 0.324934684029597
-0.0307978467700172 0.137314607861439 -0.144211651408547 0.511478452634962
0.00183733041760806 0.130708759482783 0.00620722936112198 0.544017763390462
0.0122110321445591 0.117773619512101 0.0246123594063134 0.518293178915763
-0.0271230882242028 0.0951318079299519 -0.090276027739905 0.495850556400519
-0.0759367117045138 0.0640660032631249 -0.26139821185776 0.333410311168221
-0.104577982394562 0.0210099033261987 -0.347586602548795 0.0866659508744564
-0.107367085549358 -0.0502947905143682 -0.207844606715665 -0.11437548939903
-0.00862868792743532 -0.111005579126866 -0.0724225053714881 -0.129268822865812
0.131175079210415 -0.0766989375648205 -0.1338482534157 0.0160612387022381
0.175688815180215 -0.0244240544557151 -0.399605480643827 0.138184985459002
-0.0265456915571912 0.0530365185319492 -0.527867215092768 0.309115629039829
0.00508048659212304 0.0115474081183691 -0.182727950836227 0.211091771685219
-0.0018005049270431 -0.00182257398413075 -0.171850354993488 -0.00593951155226316
0.00949354600635938 0.0237547880782279 -0.299350120007359 0.0689270293489626
0.0300215067122656 0.000448083188900168 -0.324239170834774 0.327798758352712
0.018117224339477 -0.0502445443544397 -0.153914783328038 0.524188046545945
-0.0165744682283751 -0.0790273864948944 -9.73736083104005E-05 0.551238767619291
0.00139115904933524 -0.0857743492504376 0.0202745739887125 0.514724933010654
0.0239079342393497 -0.100342528535341 -0.0725256746262741 0.495639041814891
0.0848241799370341 -0.0665382115207694 -0.245796765314853 0.35363551070729
0.0961759972393234 0.0110610104952241 -0.354203330427241 0.117121557261936
0.0751248673002964 0.0840283873728841 -0.24145165134433 -0.0984506528158073
0.0132683508043844 0.0807565652712088 -0.113134618056357 -0.128290043313663
0.000755277108006118 0.0647161942003424 -0.111636494949176 0.0161942217768847
-0.0167643032963342 0.0791455656845375 -0.372767440534077 0.157569612536065
-0.202223315529142 0.208993271701269 -0.512825557323641 0.216075752294574
-0.0420746079099197 0.242258926385896 -0.182763526816568 0.145548381974209
0.159762406766798 0.174193538701033 -0.199322450752092 -0.0513867951359704
0.260517538746114 0.0190595079792008 -0.325819522783851 0.030296997544458
0.194955420460571 -0.137349205070219 -0.327049326308968 0.273056876320309
0.0944498792846746 -0.230751384585183 -0.162456475687739 0.460681359768189
-0.0138391610114306 -0.279914664283835 -0.0148383722239022 0.474011038385677
-0.00927837330581936 -0.277795056296768 0.0163367655099279 0.432133252209691
0.0483836493560544 -0.284422501629856 -0.0303485109103373 0.419582013818481
0.20317000141737 -0.215031811394975 -0.168078722061613 0.331062508374782
0.27763236723857 -0.057068786065922 -0.281515721368704 0.159276442614326
0.292828665529465 0.148243422826161 -0.231250705268793 -0.0197950885794943
0.101347590741954 0.256452466158585 -0.153594551993424 -0.0625120299168959
-0.0875327751524431 0.231326012619162 -0.0980616139008746 0.0353544208764589
-0.198612269902799 0.198727186009636 -0.288811263853521 0.159045430133244
-0.358416009899835 0.303900731312685 -0.411282825332239 0.092374289392211
-0.132945428129782 0.420161040630328 -0.136061198140942 0.0491753975573839
0.254957046834717 0.359420689081835 -0.179276804582469 -0.109984900660909
0.481738817940528 0.0714896881038148 -0.29881306087105 -0.0301944151350694
0.372730956161528 -0.223497106231232 -0.281507171414009 0.169411359437388
0.196534433852197 -0.367591312991805 -0.147384976902868 0.323278832550093
0.0144070944927801 -0.43810324732797 -0.0230359088779875 0.32384031456028
-0.0162419400108276 -0.429117516359209 0.00901093211528583 0.281572602329087
0.0385030986911658 -0.431414951232488 0.0109066518642183 0.274068113018317
0.25523137776212 -0.360304209340916 -0.0693918991926722 0.243109894657236
0.400550326042242 -0.172164251138296 -0.155828643174542 0.157659273465999
0.502708658079897 0.125426822386185 -0.15692991494272 0.0538146583823518
0.238773708873202 0.380945103604638 -0.144293379262601 0.0271521513534357
-0.118219508162919 0.400060971435355 -0.0679396565323471 0.0558765371491962
-0.34381979029265 0.321084193186024 -0.15740349341277 0.129607550408038
-0.460967018261762 0.321296955099319 -0.244256962081902 -0.0299319351589149
-0.238247528832023 0.490791601596396 -0.0494689768886602 -0.0417473062003068
0.24862036692526 0.490359742121261 -0.112131990126778 -0.140384785333458
0.594736802055112 0.162842088014013 -0.204407026085881 -0.0675358669809585
0.506352166687032 -0.226343298995449 -0.165348992875347 0.055920110875467
0.293905479425532 -0.424568638249307 -0.0829331283073636 0.142311800825612
0.0597622047372927 -0.522486088262236 -0.00895741705197815 0.126875649394235
-0.0193231027182703 -0.515561383255815 0.00183047914681424 0.0885039060190947
0.011481673856445 -0.520368386745159 0.0324058401194114 0.0826395788357266
0.243958031335982 -0.463052858006024 0.0121359643707154 0.0948540732187617
0.442534308127275 -0.284147149292627 -0.024527806160905 0.0835737351847183
0.634387762797854 0.0471265119866108 -0.0437734868571184 0.0670992419525881
0.367577661202609 0.434899656406743 -0.0809244975943048 0.0826139178125693
-0.106099604117908 0.527265053261728 -0.0100978996760987 0.0470120913169415
-0.434839316625014 0.418157710235087 0.00773584831433964 0.0627937586521273
-0.482405694586676 0.279873279675028 -0.0439475406963741 -0.121688967678883
-0.306587415193677 0.451421377549226 0.0446908159977103 -0.100302276734983
0.170623909336465 0.51403405300531 -0.0353109477820357 -0.114274728740217
0.567706938237846 0.238988138089402 -0.0783285209569788 -0.0447327425549943
0.537636817775337 -0.168202616920517 0.00191028058037089 -0.01782935644857
0.341592734025729 -0.395931613276674 0.0307614675338066 -0.0362810796409057
0.098014398102455 -0.518177892609248 0.0310341182838694 -0.0782038351079255
-0.020145337772562 -0.521608347490503 -0.00364673907798049 -0.115040163955414
-0.0177684431973107 -0.53290064104425 0.0311711261437111 -0.124243350857418
0.199122724832798 -0.492819449218328 0.0593274301143446 -0.0872304499299671
0.411044943036758 -0.341110808981123 0.075067225812824 -0.0415041309902558
0.658096325472598 -0.0240050104284259 0.0595268239903705 0.0158413697290282
0.430596740859992 0.422329646978051 0.000376106273969177 0.0767583867191245
-0.0770472440827691 0.579833875974649 0.0615741798088414 -0.00586856783090146
-0.464249477605026 0.459497566129114 0.185606165195392 -0.035341594430312
-0.420881439762946 0.205500709878237 0.144409568582049 -0.176122994864253
-0.300721851623157 0.345047367351296 0.108700843718953 -0.122606733659095
0.085896279014193 0.433526456521625 0.00805615505214796 -0.0398600349457931
0.445002350306013 0.237673009687593 0.0288453046115212 0.0357146919685501
0.455586390942669 -0.102345960267296 0.170516679172526 -0.0337876515284955
0.310509133148895 -0.309506202032136 0.161073776869732 -0.173573369866767
0.104645648610422 -0.430552322958588 0.0814383081645408 -0.259282930116945
-0.0195733086401097 -0.448549313360316 -0.00595836665102531 -0.299514553699638
-0.0294535952771144 -0.467857456197105 0.0151579016665129 -0.312567826804666
0.148066841212236 -0.438778814665038 0.081263882926194 -0.263767011509603
0.337292914222082 -0.321098227294941 0.140360017320558 -0.1728413224653
0.577333239134774 -0.052429753612943 0.132896586550475 -0.0594614184941806
0.4019518292258 0.363431590054235 0.067920158434137 0.0320153956197593
-0.0617537108050919 0.540015099509242 0.12573835825033 -0.0816290050370807
-0.430203755827293 0.422140098929694 0.34834561329032 -0.144496889523296
-0.296083852946404 0.119998326009924 0.28756727638587 -0.203403135235388
-0.220493070133208 0.227955110212201 0.130945392459541 -0.124313684922477
0.0463635677265053 0.29184397311 0.0181477241875121 0.0474696965463796
0.294717777197617 0.150255893764966 0.102693043184324 0.124967368985196
0.290923214231919 -0.0683679084706192 0.294354719636557 -0.0276126075318435
0.202711922430648 -0.197402370308073 0.260423084764443 -0.26570774022669
0.0745666915201619 -0.280757698961528 0.119202086207866 -0.391849689827548
-0.0200568218091104 -0.305014771922122 -0.00645821115354288 -0.436180314820841
-0.0217956732194404 -0.331023580502033 -0.00235665620304189 -0.459828920096743
0.101314904278214 -0.317272911796812 0.0942121878158283 -0.404423073982167
0.243455707255461 -0.240434055739075 0.188993006876845 -0.275469754592775
0.426004420341873 -0.0436506039798186 0.185351256347511 -0.119195705927743
0.299886005803183 0.278034674015698 0.121245870388449 -0.0159621221583334
-0.0562871486020091 0.416867888138102 0.173956525109003 -0.146471366483006
-0.335218790944049 0.307769517730525 0.469995534730505 -0.238068814997624
0.130551033477192 -0.134783070504593 -0.452885492383656 0.355246632598097
0.00605277251344907 -0.216493389077806 -0.142298557262486 0.228154170513692
-0.182528022030196 -0.133254628927083 -0.12388811109786 0.00219250110775977
-0.217266471736238 0.0674305270319181 -0.253091856122013 0.0694274647940192
-0.0965485958257001 0.15153307022673 -0.296002436298811 0.331235399660059
-0.0273652835658563 0.137437838918871 -0.132278436835659 0.513206591895681
0.0057026384522264 0.130403822425039 0.0192637689340791 0.541820109436096
0.0155675195305655 0.116664609456475 0.0371442637728534 0.5150375266784
-0.0244445811259927 0.0955336528246176 -0.0774765090674958 0.496082616336817
-0.0738782195499604 0.0662835660982649 -0.252127202447021 0.338235587152866
-0.104222319255126 0.0239891882151151 -0.344485425908919 0.0947062469000996
-0.108783741019452 -0.0469017755425832 -0.209948551055409 -0.108640735320268
-0.0112410484670514 -0.11085585236588 -0.0753639563853806 -0.127121061333618
0.129219563784093 -0.0798968891523575 -0.132784685774823 0.0198680142306516
0.174697298233821 -0.0288020203481698 -0.394882930748692 0.149359132195908
-0.0250951512849529 0.0541252058681033 -0.518078316388227 0.321050230595728
0.0054472833272828 0.011416969775909 -0.176872148102724 0.215365004372235
-0.00157856625025685 -0.0018102040234945 -0.171831978220951 -0.00274131008575472
0.00949081334770837 0.0236010140709934 -0.296623078634772 0.0751965015338534
0.0302277934100972 -0.000276057432387835 -0.315326927344395 0.334095004360318
0.0167652257069506 -0.0503142922304383 -0.140162514606257 0.525870945486087
-0.0182224182444765 -0.0784763292310248 0.0132462314520699 0.548188296985382
-0.000473127666118093 -0.0855318349742553 0.0329186705496436 0.511320074138401
0.0219448471386035 -0.10021073407573 -0.0594617164251052 0.494365016539459
0.0826960247244053 -0.0681110456865751 -0.235298500439891 0.35847069949428
0.0958809227633808 0.00899499420460138 -0.349800664515377 0.126288468634598
0.0762756766972241 0.0821137825830935 -0.242640339053082 -0.0913922724869721
0.0152311591361264 0.0794107806889761 -0.116140188681898 -0.125613194840171
0.00248143796312039 0.0646555466840182 -0.111174854421863 0.0198365199785107
-0.0153861403737 0.079237563303545 -0.366970298661986 0.167599581968214
-0.195509749965662 0.213940723812116 -0.504438437916849 0.227861254373038
-0.0355045452227718 0.242806140486671 -0.178032103378926 0.150260190036853
0.164203628717716 0.168812173079785 -0.199918741842803 -0.0470852630133137
0.259814967882166 0.0124148099076197 -0.324382992015953 0.0369253174402276
0.190904178668503 -0.141746298985621 -0.318962726479486 0.279861087161927
0.0883470103447998 -0.231971551565436 -0.150693624509537 0.462569207629969
-0.0213028229492495 -0.278438047116419 -0.00328089047656713 0.471440806017451
-0.0159127757607338 -0.276084773100261 0.0271658677785264 0.428928773281068
0.041289848368035 -0.284078223309393 -0.0201222780541323 0.417633547673098
0.197470787703606 -0.219480800794794 -0.158399989145233 0.333539273943606
0.275148291174599 -0.0629462968242478 -0.276566433898271 0.166587890932477
0.295524114679752 0.139814120490964 -0.230683094001866 -0.0142715705230449
0.108048497616136 0.253282955782643 -0.154699262980565 -0.0586058097864681
-0.0813051024648293 0.232916366181695 -0.0968401998731859 0.0376999577591854
-0.192763012744552 0.203039828199928 -0.283733572341659 0.166148305496457
-0.34966021410047 0.311604620049636 -0.408393416308438 0.102605999919618
-0.121499256134579 0.422134591125776 -0.132831292081136 0.0530628116527559
0.262135594755939 0.350967214667636 -0.181103913172517 -0.105501417314454
0.481183052357457 0.0584715907807209 -0.299147044196481 -0.0237083838341485
0.365351926378895 -0.231141043718 -0.276764185950681 0.174811412863997
0.185969076013215 -0.371422527880451 -0.138574318823436 0.324890296789567
0.00417642826737249 -0.435338971780085 -0.0152710598198818 0.322879063140293
-0.0268046474723197 -0.426086229554567 0.0165920449114018 0.280344723612393
0.0281112436781064 -0.430285326268675 0.0175546602853611 0.272592165076377
0.246215287876583 -0.365278048257247 -0.063391581694121 0.243682282023089
0.395394440193725 -0.180306522356261 -0.150917178823167 0.161448257062946
0.503098699947402 0.11146290153965 -0.155421683565345 0.0577863645490926
0.247345168584197 0.374145733086307 -0.142981693676765 0.03174510977622
-0.108756007404415 0.401522326284384 -0.0661529927393041 0.0566994127632254
-0.333268398071364 0.329849181522766 -0.153119005855738 0.132061093451665
-0.451517131593651 0.333046731345726 -0.244004779602152 -0.0234622140682599
-0.226900654467741 0.495135714239558 -0.049579957492401 -0.0397228103362849
0.260478216297642 0.481185701085277 -0.114589931874633 -0.13762782471146
0.597551067108662 0.14642017661114 -0.205776818441137 -0.0635606062512882
0.497840242566067 -0.240103645825516 -0.164662199973521 0.058755875124468
0.282385017205282 -0.430551385898016 -0.079220583876554 0.142729498126652
0.0478160891759212 -0.520783599973339 -0.00661786278567991 0.12684824221581
-0.0322432397097433 -0.51238346635279 0.00398927912922507 0.0891682570403408
-0.00159676259538059 -0.517511564851624 0.0338909325132482 0.081260145852849
0.23267438664338 -0.46826684547875 0.0150151583975204 0.094149804636033
0.433098955425607 -0.293499329825135 -0.0218217259866851 0.0849381275616116
0.633583920910721 0.0310903033090991 -0.0415675556069809 0.0675021650533177
0.375740804742735 0.422526234766771 -0.0782440810798793 0.0853434376972404
-0.0935941275370178 0.529237438312424 -0.00877346899369612 0.0466373415191031
-0.423952303894274 0.427829637363395 0.00924730582024794 0.0621588757105576
-0.473649878276291 0.291065156078176 -0.0471132000308458 -0.120470239642211
-0.294256879426281 0.458746008049046 0.0428371904494603 -0.101145797158413
0.181971601896565 0.507848041548707 -0.03727558517464 -0.113823365553994
0.572338452317958 0.2233845061704 -0.0795161671098876 -0.0431684289265268
0.530803210255306 -0.181955311291255 0.000518076795517531 -0.0181926602976148
0.331370406946255 -0.403300631762328 0.0291822111816575 -0.0369643232953006
0.0845843309542854 -0.51698819204899 0.0286396709580285 -0.0787948297161774
-0.0343398364764631 -0.517670902367632 -0.00632192674329911 -0.113741813405684
-0.0316144479013106 -0.531035187533004 0.0272883977926847 -0.123861220982566
0.186130434009036 -0.495342891199441 0.0579676861562071 -0.0880821844247834
0.400136849187021 -0.349758017740728 0.0741549784577992 -0.0421812900459021
0.654299776200997 -0.0405026919085701 0.0597507768977115 0.014033943801868
0.437862792157489 0.408671523822958 0.00255745960695816 0.077707383460425
-0.0635802758349236 0.580183197195252 0.0611896400166261 -0.00758950558276839
-0.449657907366548 0.468042459327912 0.183080649040083 -0.0408283967899382
-0.414180528292487 0.215018784904196 0.139093928406313 -0.179619414631274
-0.292103002871464 0.352028026119113 0.105737387671921 -0.125046288993546
0.0966214922723666 0.429317903341874 0.00700242667026021 -0.0409913873223853
0.449946681382661 0.225013668399984 0.0297177226883629 0.035127110166856
0.450529981767033 -0.113364971760645 0.168118611840931 -0.0383495704201229
0.301101219409622 -0.315228764987989 0.156334295295979 -0.177510340820493
0.0930288866172535 -0.431442580202527 0.0748612796893566 -0.260077276889764
-0.032160822165802 -0.445088362488041 -0.0129083698634013 -0.297506321867402
-0.0416298279369905 -0.465293775222949 0.00662605845116219 -0.312584554892214
0.136543098064713 -0.441024596308144 0.0744698771378472 -0.264205961107119
0.327791679874813 -0.328101511094028 0.136362716642315 -0.174103478526103
0.57445617332572 -0.0669701771897877 0.130407667962031 -0.0620991490278046
0.409491901502801 0.352887170874912 0.0690054270832898 0.0309711150360072
-0.0483963379713336 0.540931603108734 0.123390275259299 -0.0852058221539756
-0.418065844032235 0.432420014927757 0.34293112134082 -0.154091052959272
-0.292195170395521 0.126995536128804 0.280949095103913 -0.209609519013852
-0.214611346964203 0.233503042965387 0.12765370665674 -0.12844190994569
0.0535517825277706 0.289402043824739 0.0192385618369329 0.0457951255210437
0.297102964827743 0.141985193985548 0.105266388381042 0.122162733413947
0.288553924131895 -0.0766514009662707 0.291679118334252 -0.0347434810949797
0.196607968095286 -0.201829990059883 0.252360319053818 -0.270736117606159
0.0670380456312835 -0.281797118298853 0.109007409146866 -0.393200714966175
-0.0278614451691367 -0.302876974777283 -0.0162799552932077 -0.433394050367628
-0.031088091041646 -0.329623944803752 -0.0148171028375074 -0.456883202615459
0.0929596854734543 -0.318871839023535 0.083488599002398 -0.404633537296064
0.236205854403723 -0.245759191070833 0.181247934557154 -0.278403183047515
0.423826919908316 -0.0542167384045382 0.181390310867109 -0.12278240298348
0.305911216692035 0.269036705507078 0.120629385173484 -0.0184885477918815
-0.0470630084935947 0.416341806922667 0.169794379849771 -0.150180108053537
-0.325355754603187 0.31581008183822 0.462718281003876 -0.250785843939828
0.126533850742997 -0.137094246630506 -0.443749010812696 0.366763775703166
0.00103192794608606 -0.216401429174706 -0.136964783981493 0.231180703089482
-0.185414164211217 -0.128707662777526 -0.124047973026598 0.00473221223374558
-0.214970285324562 0.0727638771953093 -0.251194507254374 0.0738047676910127
-0.0932244016991832 0.153259368203449 -0.286637973679435 0.336183518520237
-0.0238798702047727 0.137818126701515 -0.119542365731288 0.514000585644159
0.00820794761635744 0.129577486768026 0.030551048255487 0.538758937825617
0.0188938014800797 0.115668319591264 0.0491626824578809 0.511676648425998
-0.0217611653817634 0.0956929563816313 -0.0655250368823428 0.495974682163009
-0.0721891867168746 0.0686136938326483 -0.243877525570958 0.343206821094958
-0.103289328115536 0.0272021718879527 -0.341773810134423 0.102918530557353
-0.109425853230363 -0.0440545121039937 -0.210874973343087 -0.103552549154483
-0.0136426099655832 -0.110302207559575 -0.0781925955296187 -0.124892559804128
0.127102427394333 -0.0832413158638108 -0.132494018073999 0.0234373638625101
0.173155934972553 -0.0329155333989617 -0.38970220676229 0.159772707972287
-0.023391697453261 0.0552031349253607 -0.507425563878229 0.33242044157786
0.00609135886047899 0.0110099603719192 -0.170815573781214 0.219132206975153
-0.00140649717313831 -0.00189990397896808 -0.171561019765345 0.000156311625153838
0.0103998348812124 0.0232570257679263 -0.293485109982202 0.0808960634457375
0.0300576788846038 -0.00129222879818804 -0.3065283725846 0.340099033844334
0.0158797107902485 -0.050729396696282 -0.127334871764465 0.526190338312924
-0.0199004212608093 -0.0775373684795626 0.0255204449587025 0.545221826695979
-0.00207405416363823 -0.0856582700106521 0.0439199883233803 0.50917956024717
0.0197580151698026 -0.10065144149715 -0.0473005169994518 0.493691638186047
0.0809854787301622 -0.0695797767287134 -0.226805996128279 0.362008901370101
0.0956579252467452 0.00745890835100597 -0.345899311214969 0.134055414191668
0.0772664211683973 0.0802632430646566 -0.244199946405424 -0.0858973363783975
0.0162213066762496 0.0788717521134867 -0.11738086528359 -0.121639146852109
0.00387397185754186 0.0640056013578774 -0.110765752264835 0.0223439715670949
-0.0132912093566909 0.0789899239185629 -0.36158969074749 0.17614484954299
-0.189632133039137 0.218640748606531 -0.496818950956745 0.239402591996097
-0.0295443076230122 0.242943283852519 -0.17293484478761 0.153489522322184
0.167103179493325 0.163854505685433 -0.200503514559871 -0.0433329557206158
0.259367457926231 0.00549422415499451 -0.322112308462331 0.0436560521143139
0.18719893219426 -0.145483842454733 -0.312622167787113 0.285484325394533
0.0826684625322088 -0.234002078052682 -0.138972769865528 0.463335110085736
-0.0267977977209231 -0.277631636699724 0.00673513138718413 0.470261210725657
-0.021366195638437 -0.274621230545801 0.0368582451977719 0.427002263983387
0.034514962199293 -0.283797511088929 -0.0106466456282655 0.416873831631388
0.192536595713363 -0.222564941576029 -0.150354545206494 0.336543935108335
0.272749393515961 -0.0687101499967225 -0.271793554544947 0.173693564640889
0.297473966310374 0.132900050347485 -0.230122125497976 -0.00892018289478379
0.112512807689236 0.249263023815958 -0.155020948558614 -0.0545109242880511
-0.0765344760292472 0.234512351616543 -0.095484945862695 0.0396204086512026
-0.186590945390911 0.20727012296255 -0.278669867710906 0.172095030070674
-0.340325084473009 0.319433794996066 -0.404067599227547 0.11250082059383
-0.11220894536719 0.424326226489439 -0.130514275485855 0.0557596792805313
0.269780269104757 0.341944178913742 -0.182374062709968 -0.101652338947799
0.481641374703403 0.0467627767804809 -0.298573982300262 -0.0183928502848632
0.359184215184866 -0.23940328000118 -0.272621697297476 0.180400166608431
0.176538199982022 -0.373618033837979 -0.130680998839542 0.327114387391666
-0.00590653770035984 -0.434159279132179 -0.00845189491215442 0.321968124808892
-0.0366875030057456 -0.423971619541537 0.0225044824325108 0.278447610670158
0.0187761842649675 -0.429147111519907 0.0230690697639531 0.270747788775068
0.237055995614387 -0.369377747935779 -0.0571274458588981 0.245032242637621
0.389610801192125 -0.188351597319175 -0.146817636299875 0.165324649273949
0.504652679356422 0.0983305933644718 -0.152971708580398 0.0603008863933548
0.254869204303021 0.367319445276287 -0.141000771497747 0.0349092398779172
-0.0990750828238758 0.404320863406682 -0.0648709786486116 0.0575200783933337
-0.324155405363814 0.335903134892667 -0.150027268785624 0.134938412584907
-0.441939639252552 0.341785789187248 -0.243055954810407 -0.0171377434013955
-0.213449181074959 0.499998384797528 -0.0490317731529415 -0.0382439251310495
0.271292878287251 0.473013193172038 -0.11681453755885 -0.135393534842725
0.599072477465529 0.130076814863617 -0.206378510048266 -0.0595092857546201
0.490118380820093 -0.25068254897827 -0.163363919484342 0.0614083414181415
0.270756804418517 -0.434258391483223 -0.0758487434974805 0.143845486796889
0.034408661462463 -0.520612580234952 -0.00347510476740465 0.127169729955266
-0.0450755242504679 -0.507862764570992 0.00600615915058349 0.0885291633310113
-0.0141032446590457 -0.515771483442474 0.0355962191876046 0.08025757749309
0.222072038366706 -0.471352009147433 0.0177597463719316 0.0934864481896742
0.424944978011443 -0.302707760535108 -0.0199008245587203 0.0861445000514543
0.633762500450002 0.0166267226516604 -0.0400206945801874 0.0679903687522369
0.385516162196023 0.413476558987721 -0.0758661192691623 0.0876189593410201
-0.0807423946821691 0.52972383851899 -0.00824667331210132 0.0461274317339456
-0.411958934046563 0.43662728423758 0.010916818367181 0.0604321216611552
-0.465284586108846 0.30086471118639 -0.0499630919642367 -0.119007909010944
-0.282981043833002 0.464146056061348 0.0412606471922943 -0.101763776103126
0.193897972618515 0.501365389022437 -0.0397694074884338 -0.113366167858819
0.57542653773178 0.208659951790619 -0.080008148286062 -0.0418178166626427
0.524840344241593 -0.193864727744206 -0.00119772821273892 -0.0187462732004635
0.319917739315873 -0.409827902691204 0.027756498855879 -0.0377934392938039
0.0705741486676836 -0.518797076583472 0.0266153226897018 -0.0781947047182969
-0.0460665958437367 -0.514908615263575 -0.00831006524688051 -0.113457997764065
-0.0442255974162452 -0.528798698388785 0.0239530527649715 -0.12377030604429
0.175056171655617 -0.496985691554695 0.0561547192843542 -0.0892713995742446
0.390991689721037 -0.356360926652482 0.0737818385637373 -0.0436131993411907
0.650569400641431 -0.0558131159972969 0.059581920591327 0.0127505312345635
0.446583676683734 0.396844104574943 0.00477879537858321 0.0786444490338749
-0.0493484814268063 0.580692833420617 0.0603787602185479 -0.00957437247351849
-0.437700969340909 0.478313710067021 0.182397058532898 -0.0464351401807839
-0.408019494829903 0.223475793694002 0.134329982341871 -0.182771213023677
-0.283368086036336 0.358462464126313 0.103732079823486 -0.1277804848447
0.106161474666828 0.425344857265559 0.00611940233032863 -0.0415079149149173
0.453645456118993 0.212938385018644 0.0300625956988078 0.033906358382986
0.445802858311399 -0.123854447034779 0.16555041606486 -0.0417675732159152
0.292225283352377 -0.322833165234694 0.15073243034774 -0.180671428129352
0.0828577698987386 -0.431905159470608 0.0685865404364907 -0.260894071277424
-0.0428203188799371 -0.441620217319064 -0.0190119177461873 -0.295733906075811
-0.0530477159880375 -0.462147690798528 -7.49841976122564E-05 -0.310647361224688
0.126141536742562 -0.443369746250206 0.0686426240425452 -0.266120264986074
0.318423214173606 -0.334407571147187 0.132068798577989 -0.176189139937867
0.569852066515938 -0.0811904751096269 0.128552594753977 -0.0650075823041175
0.415903620422599 0.341772648458447 0.0701346273746395 0.0304549117282293
-0.0360939562544425 0.540258313997864 0.120736196125116 -0.0880323686884151
-0.405354315126831 0.439112258203183 0.338101980510012 -0.163134719825787
-0.288435516866671 0.132741839856769 0.274116361815534 -0.216172594589126
-0.208988624026065 0.237344144803047 0.124254101525752 -0.132318247888197
0.0603054042431826 0.287167803735854 0.0199810723238806 0.0444885265447396
0.299801070638347 0.134307035111246 0.10677987535346 0.119950791549767
0.285131390516465 -0.082623660312481 0.289465395037717 -0.0413236821813186
0.191645123210171 -0.205575879141017 0.244869623389295 -0.275311742209549
0.0603299798972739 -0.28221320420139 0.0996788628141303 -0.39434616845872
-0.0358147941271768 -0.300041974598741 -0.0263876556667862 -0.431968804200807
-0.0393825615495978 -0.327508303126812 -0.0249758827039118 -0.454448011461817
0.0860550931994437 -0.320917192367498 0.0742047361979704 -0.405360630169607
0.229244607713532 -0.24989962805086 0.175862027850512 -0.280734986077539
0.42138093029982 -0.064416488333942 0.177770140830183 -0.12577471220395
0.310865715713407 0.261744027243185 0.120188951606882 -0.020377172976549
-0.0367177129963691 0.416123538763307 0.165542068204163 -0.153853601809477
-0.317129871653615 0.321405492135684 0.454678263370707 -0.261542861176477
0.123726478582932 -0.139200298265673 -0.433864026895927 0.374983005859711
-0.00336633686404763 -0.215981520037428 -0.130906955272902 0.233648195437054
-0.187537444731933 -0.123899419606716 -0.123699772262035 0.0066696341443912
-0.21258476704048 0.0773557376115766 -0.24944877777631 0.0778347072433277
-0.0892529281343546 0.154463990611318 -0.279488505214846 0.341124145192671
-0.0209068037757635 0.137723303446835 -0.108189464718838 0.513887325368735
0.0118325399136564 0.129276729792047 0.0417110396177773 0.53561937286577
0.0216396818744971 0.113974142891681 0.058035545870683 0.509601980024376
-0.0193334821500362 0.0967172385077746 -0.0546274593322873 0.494458399297046
-0.0708310654140405 0.0702044231654834 -0.236864769054929 0.347370911826887
-0.102655921483941 0.0300239893817026 -0.337611848590877 0.109632571997425
-0.110926042435082 -0.0410453127499029 -0.212648082825444 -0.0984155872926205
-0.0165365626348707 -0.110077578291929 -0.0803827418128765 -0.122900548852868
0.125498004617863 -0.0863011728351793 -0.132324610186062 0.027025675371964
0.172424692346013 -0.0361251893240602 -0.384874686943875 0.169377453491713
-0.0221348915368125 0.0564358639008614 -0.498465314230262 0.34490546079232
0.00657453578132224 0.0108600231377364 -0.165673195568711 0.22206117301507
-0.00183973724509978 -0.0019961595577085 -0.171454541473719 0.00295429554978528
0.0104825588993654 0.0230384355699763 -0.292194237995096 0.086158899119905
0.0299519422385976 -0.00205858715627064 -0.299189198501897 0.345552699947995
0.0146414762734491 -0.0510583967027624 -0.11621737326535 0.527424382042802
-0.0212350252525083 -0.0769938619669152 0.0361868372002991 0.542912853061398
-0.00406760641111882 -0.08534819175661 0.0537571531311834 0.506411795500176
0.0174538004866395 -0.100335055483816 -0.0372227830672062 0.493050185187768
0.0796701178451005 -0.07041598680839 -0.218102557896219 0.366820773341216
0.0959835122628625 0.00651771450811948 -0.342539126675062 0.141185238140799
0.0791833694310071 0.0786731366788427 -0.245169331387905 -0.0805768703274136
0.0179061016477943 0.0783000228220402 -0.119990891478461 -0.119056741393549
0.00527064866472375 0.063611993913642 -0.110246120848101 0.0247362882954981
-0.0116984008952276 0.0796713839179007 -0.356807158652565 0.184351995734552
-0.184503915343831 0.223154991122825 -0.491045465341032 0.251347628169915
-0.0241080850204204 0.243274511882309 -0.169284818487262 0.157126147901247
0.170240036033837 0.159551664423706 -0.200627866583608 -0.0396945852245184
0.25918756591278 -0.000703981265391776 -0.320668216515499 0.0491469830317926
0.182949142591835 -0.15018435892119 -0.307185362976672 0.290163335952434
0.0775767196941937 -0.235116543937476 -0.129593755720809 0.464794564717154
-0.0329172713529898 -0.275627203072992 0.0165907504728522 0.468546800449442
-0.028142319653099 -0.273363416741854 0.0455153028438306 0.425268203151809
0.0291989246306361 -0.284150830283431 -0.00123919024641884 0.415675489301229
0.187228650865969 -0.226194849395491 -0.142191294887767 0.338642132844453
0.270799532830968 -0.0738569530947153 -0.267162653546031 0.179341076575345
0.300128291581774 0.125938769442289 -0.229707186936003 -0.00402777929678169
0.117999781595989 0.246112135693945 -0.15574242223817 -0.0503608161993295
-0.0706816871794502 0.23537216271997 -0.0953015461099717 0.0413539052199893
-0.182250923334944 0.21020459560517 -0.273748747818017 0.178313375819279
-0.333441186129268 0.327511094651443 -0.400173486738334 0.1217587223756
-0.102762555679973 0.425656753155937 -0.128712068162948 0.0592882032865342
0.27641601146262 0.336161014960538 -0.184301442740027 -0.0986582507652296
0.481642003748214 0.0352671903119838 -0.298067376468025 -0.0128740447366196
0.352505001017985 -0.247692328599388 -0.26925141006749 0.18470230307201
0.168210750769953 -0.376905129503119 -0.123330760430579 0.328728111040595
-0.0147624053918344 -0.433722497404725 -0.00207881916858683 0.321249531747916
-0.0462107364846207 -0.420934842076763 0.028693757460637 0.277033469374651
0.00916546733646763 -0.429002429050953 0.029022780484234 0.269594437770691
0.229293025203335 -0.373748466408031 -0.050726021769869 0.245664379485515
0.384629965119314 -0.195336082396939 -0.141963359126233 0.169050415677353
0.506403579414141 0.0877039976756939 -0.151226606265173 0.0636020659614481
0.262190759772804 0.360193079226718 -0.139913408062567 0.0382900570947769
-0.090997306412837 0.405464318563415 -0.0636742680553354 0.0580624537302721
-0.316404445623637 0.342889380507681 -0.146128703239479 0.137700814194885
-0.432285971424222 0.351861483312283 -0.243290194213254 -0.0117984876330653
-0.20423685581489 0.503826830648843 -0.0490853125163454 -0.037060814270923
0.281001808071006 0.465588530313176 -0.119587867224174 -0.133172289908703
0.600977231559241 0.117735377090272 -0.206832397310322 -0.0556716479898808
0.484172889076549 -0.260798187918163 -0.162596180667891 0.0644303628732651
0.261301391592874 -0.439544303231653 -0.0735850518939533 0.145114296348476
0.0231716679208449 -0.520060067323731 -0.00135009743521258 0.127591792366914
-0.0567982538817002 -0.505108338605378 0.00806802374820745 0.0879836702319497
-0.0255649071937347 -0.512926683174786 0.0369009075402101 0.0796653090346566
0.211823553854445 -0.474914690476338 0.0202238112213528 0.093267248668035
0.417591983813688 -0.310058249270038 -0.0169009727149456 0.0867007709438395
0.632709580674137 0.00271733589863423 -0.0383983215366184 0.0687233173712114
0.392725767409171 0.40387476717543 -0.0727919417744756 0.0898022647808358
-0.0696350948605988 0.532439773659225 -0.00672308949537834 0.0456248009246577
-0.399503420682935 0.445545976365992 0.0119813642228434 0.0587409110542042
-0.457384224384199 0.309971059213532 -0.0524713848580442 -0.11770412556898
-0.273204417933965 0.469370239930408 0.0401976766491603 -0.102717143009195
0.205597822342753 0.495291928964078 -0.0416846954375016 -0.11279779581677
0.579363560150557 0.194214395578668 -0.0809271114747395 -0.0399821746598182
0.518714800678441 -0.205034302203721 -0.00245570300841604 -0.0189624192882855
0.309283130497137 -0.416788431534444 0.026005785848602 -0.0381711220857922
0.0615005612569429 -0.520846207492534 0.0243972156100447 -0.0780857574009036
-0.0582057059437132 -0.511275813684775 -0.0105893421132038 -0.112399071433101
-0.0551248803396813 -0.52464344338933 0.0211926673115089 -0.124104615275693
0.163841926475498 -0.501197513645773 0.0548093614453526 -0.0899637719038685
0.381278356707645 -0.363752157291737 0.0736777631248137 -0.0431493489819817
0.649383049783343 -0.0699595704523495 0.0597058024815832 0.0109788265579752
0.454014793323205 0.386179256292224 0.00707705454907854 0.0789285353002372
-0.0373535768521197 0.581711115975546 0.0596310663600833 -0.0113431700788384
-0.42616201413091 0.485821508500677 0.180625519697867 -0.0516422656265991
-0.403012515409485 0.231667719836598 0.130173264606048 -0.185491414903316
-0.27612232070587 0.36443535716584 0.100961702816197 -0.130341745118903
0.11533339413154 0.421487293790639 0.0054013677827169 -0.0423980623889481
0.457729290544198 0.201148752042607 0.0301234930370459 0.0336555295991367
0.442405574035237 -0.132715406611369 0.163352799225859 -0.0455504620242898
0.284783214374443 -0.327615730254661 0.145816809184386 -0.183075536010176
0.0733715368622043 -0.433137865628946 0.0627648888023627 -0.26116215498548
-0.0527852200270139 -0.438898187000099 -0.0252396729836339 -0.294349932286741
-0.0627344915006488 -0.460299410124343 -0.0079153931585876 -0.3096375061241
0.117288791583887 -0.444856660762274 0.0629282584830945 -0.266830551378035
0.309944623855355 -0.340936826421078 0.128822136263404 -0.177587365337972
0.567596937898936 -0.0932327146329466 0.126469658729183 -0.0670277418838738
0.422669788723651 0.332117089986697 0.0712198078505539 0.0292422698355327
-0.0245516082680416 0.54074524223236 0.118567143405265 -0.0909315064338028
-0.395752122658221 0.447854484681757 0.333553704111007 -0.172187695088014
-0.284839116555784 0.138241295630811 0.268709660760886 -0.222528067581303
-0.203842959496597 0.242072543243344 0.122010931344761 -0.136122427410911
0.0664946393040916 0.285305157267135 0.0209274112973009 0.0434525399335718
0.301627396165839 0.126630671144882 0.109775837381911 0.118041556866883
0.282734403190576 -0.0894099653226705 0.287557953516971 -0.0476079923622585
0.186513361286108 -0.209291096832173 0.237515180075778 -0.279591266679909
0.0541177483884334 -0.282801405299606 0.0905955877812085 -0.395161064855364
-0.0424090111969642 -0.297997294332773 -0.0343287536591838 -0.430674765659263
-0.0464862579691573 -0.325524030531458 -0.0344285549968087 -0.452115238074077
0.0790261875088696 -0.321929004278273 0.0663324324626534 -0.406613210020777
0.22347997260153 -0.25485197771362 0.169518134074937 -0.283579162393206
0.41857883735818 -0.0737172319387727 0.174736925152745 -0.129275708289757
0.315304698546145 0.254454743172114 0.120026833747223 -0.0216654317131443
-0.0280817955376802 0.417414459489926 0.161256258453576 -0.1570193341286
-0.309849268980769 0.32624935146273 0.447079256278405 -0.27236146806694
0.121058694189282 -0.140300585577664 -0.423971211884369 0.38421562821152
-0.0070964237523214 -0.21591169602094 -0.126467934141442 0.236727508440859
-0.189887321812832 -0.120727495504706 -0.123708438598954 0.00839860833468598
-0.210632989181659 0.0822007495857024 -0.248132757944238 0.0814428821456672
-0.0856944273905736 0.156666073594814 -0.272490821706743 0.347184166417178
-0.0177237073373201 0.13799177027149 -0.0974972042619322 0.516074612580054
0.0143436389734306 0.129193083913217 0.0523042053054854 0.533290923883381
0.0241190465397829 0.113268258805966 0.069602461626839 0.506854343177149
-0.0165414175446367 0.0971886805551957 -0.0445688165668835 0.495224308483629
-0.0690315615477543 0.0721477431583358 -0.230002808133701 0.352414170370304
-0.102058114479932 0.0328328178544934 -0.33568108484505 0.116310722344484
-0.11196334246312 -0.0386964214354291 -0.214383488305453 -0.0937337593358443
-0.0183085435704559 -0.11011560584594 -0.0832277856036002 -0.121468239087588
0.124404061767099 -0.0888010733101743 -0.131786983011016 0.0300406466250892
0.170762124238465 -0.0395832158065008 -0.380736210224573 0.179207538938736
-0.0204941627351456 0.0574384538128867 -0.490998943828768 0.355469526537105
0.00739536347948173 0.0106701227263653 -0.160426100964747 0.226351663910837
-0.00212007262322267 -0.00257786703947802 -0.172287827681204 0.00591305916914455
0.0111295098000553 0.0223435977318817 -0.290766848051948 0.0907594332333248
0.0303715074578257 -0.00265827081837486 -0.292339775061206 0.350611571393033
0.0136852491038874 -0.0511110727186872 -0.10564570351779 0.528863426184438
-0.0228720372635225 -0.0762195611022238 0.0475475255591693 0.539789645324608
-0.00557550794716518 -0.0852466249658322 0.0655466367645254 0.504722867983491
0.0162252286539196 -0.100752304226518 -0.0271133997213105 0.493235754126488
0.0789790466006686 -0.0718285382171569 -0.210738828433701 0.370691385227911
0.0954146791239594 0.00470463507366667 -0.338824910586356 0.148740885171455
0.080153368588236 0.0774752203740109 -0.24566197139274 -0.0760003877970565
0.0193069375657041 0.0774326776358938 -0.12211690383327 -0.116224846906842
0.00607929047201307 0.0634320924414725 -0.109303222047756 0.0271812522127236
-0.00955633368139345 0.0799243120529423 -0.352124981588532 0.193368678613933
-0.179461687512649 0.227553896926647 -0.487218432332293 0.261507261276489
-0.0189536899777134 0.243622927090201 -0.164929013634327 0.160670584682626
0.173379636232042 0.155301796728661 -0.201764302128416 -0.0367006673899755
0.259119829053999 -0.00661693264858814 -0.320484074957883 0.054974131149388
0.179836282116125 -0.153536953162491 -0.301195524542998 0.29691253888454
0.0728982875678482 -0.236318064114925 -0.119518016341709 0.466467919428763
-0.0383429992030942 -0.275349048418825 0.0257383352604327 0.467391593561875
-0.0332693971863859 -0.272375431269749 0.053717118471466 0.423819264363564
0.0239085501074646 -0.283771809151142 0.00704426173226767 0.41526713928763
0.183091510477866 -0.229732933571952 -0.135846385473159 0.341019600840724
0.269109487682779 -0.0789629665757316 -0.263467815283568 0.184677833443469
0.302134070385235 0.119664577552985 -0.229618653376574 0.00110593635199072
0.122187557838345 0.243171980000791 -0.155602482233302 -0.047165726211944
-0.0664598538479392 0.237479119739825 -0.0940446961435998 0.0429253101957572
-0.177907077583465 0.214346622870604 -0.270256344372085 0.185027136583078
-0.325371015665184 0.335215582939208 -0.397952489732802 0.130113869948923
-0.0937618855562987 0.427975227755717 -0.126591461563779 0.0621511799399625
0.283801377171632 0.328608702509621 -0.185725920403382 -0.0963558578038193
0.482159463210577 0.0239727857060129 -0.298227899577035 -0.00759382311131393
0.347168628965329 -0.254619781993563 -0.265963346660203 0.18938624619838
0.160006739864716 -0.379961950670165 -0.117286068501799 0.330777126002425
-0.0244832144781084 -0.433366013461168 0.00428340539295499 0.321343031715691
-0.0551705350253184 -0.418952967391498 0.0345022329588713 0.276193577525516
0.0016953447681819 -0.428581490923912 0.0338258592693527 0.268639411646818
0.222771788443706 -0.377868571712321 -0.0454654518127985 0.246809611524592
0.380352687115116 -0.202820254464726 -0.138582350839223 0.172374806556913
0.506556138199543 0.0767512015950776 -0.149430062111973 0.0663086279861505
0.26888580298013 0.354190047581632 -0.138651839611365 0.0412924327285066
-0.082403691309438 0.406758674030463 -0.0625414144776373 0.0588066589468104
-0.308258481014597 0.349034811190796 -0.143001977124562 0.140544009480154
-0.424773814798149 0.362330017703058 -0.242964773556588 -0.00642292726432594
-0.19326866423149 0.508502834556212 -0.0485435128582618 -0.0360340139674629
0.289875466009841 0.458792667024464 -0.121424516396734 -0.131599111820473
0.602649291770816 0.104572397353456 -0.208494358049349 -0.0522202102967777
0.478269955768132 -0.27062751457528 -0.162884614469146 0.0671687112645996
0.251368468176494 -0.44480425198646 -0.0709985402817288 0.145968643553672
0.0138936429740743 -0.518679993077379 0.000608944766447047 0.127715479386155
-0.0671029676797471 -0.503330404064745 0.00961742447778085 0.0880219098678168
-0.0363719680667421 -0.511422493138809 0.0384160846564763 0.0785659359968858
0.202972250333798 -0.479654657343927 0.0224801713928139 0.0928428650357229
0.41139803033025 -0.317957559302452 -0.014981609503123 0.0874470003929945
0.631541037438501 -0.0119520787818779 -0.0376492617325582 0.069788886950494
0.400779680181851 0.395100400485709 -0.070678738047931 0.0917798255250245
-0.0604466130030865 0.534430571476998 -0.00653447869017222 0.0449440914950818
-0.391853113501455 0.45218490960411 0.0131516594669694 0.0584559572517944
-0.450372690829005 0.320614071831224 -0.0550852051344624 -0.116919832487372
-0.264858441763126 0.475265764547968 0.038859034256037 -0.103697537604462
0.213477458082157 0.489273045009602 -0.0437857381841965 -0.113022147226618
0.581866554437028 0.180958163426112 -0.0813184515251325 -0.0389659510028335
0.513506845986079 -0.215499071492073 -0.00379726858061574 -0.0195410669216632
0.301099624320027 -0.422742075317753 0.0247833009450195 -0.038981954417534
0.0498968291038957 -0.520302775759773 0.0223865907343693 -0.0785388927363787
-0.0688838522947941 -0.5086329680104 -0.0132960181074304 -0.112170610873603
-0.0666686933267918 -0.523552479387867 0.0186612247352169 -0.123956472982263
0.155123655960312 -0.504487172158001 0.0533210391601001 -0.0911694927651375
0.37450946992907 -0.370855926500395 0.0727177184052232 -0.0447024448003077
0.647903347095095 -0.084460570267031 0.0598766172646617 0.00980347121210966
0.460023585186713 0.377044919600292 0.00973356626619058 0.0796995653064269
-0.0270533691642959 0.581674682898755 0.0593021829894809 -0.0129878672140154
-0.41595952913695 0.493290985871224 0.179067419661329 -0.0561875752612115
-0.396481017056521 0.240206583797275 0.125220880093454 -0.188545393336263
-0.268386072324917 0.37086582333515 0.0989472423164516 -0.132934500416266
0.123341562594773 0.418625805207865 0.00429947110335056 -0.0434039082462779
0.460151824130555 0.191025949336173 0.0309631774149256 0.0333248661055982
0.438343212040172 -0.142517883219411 0.161753506622029 -0.0491654808320548
0.277544869246571 -0.333609904127484 0.140947502934161 -0.185320705004693
0.0639514560073802 -0.433918005085401 0.0569174635845229 -0.262078206836914
-0.0617570349281776 -0.435443023192746 -0.0301791039896871 -0.293250485592861
-0.0719906825796076 -0.458695452820437 -0.0139841251501934 -0.308967954327009
0.108629787888143 -0.448290921251053 0.0580870964844893 -0.267488967616389
0.303023017867899 -0.347023463206858 0.125923809849118 -0.179374306355044
0.565306673666038 -0.106457032388872 0.124503782852239 -0.0691823432937572
0.42904205953338 0.323743247093598 0.0720040066445054 0.0288352031883453
-0.0143270865283325 0.542120647669166 0.115959059417293 -0.09343357697115
-0.387635372779685 0.453107756130754 0.329259925509884 -0.180301184726552
-0.281852822056921 0.144182195345231 0.263434828688274 -0.228777390479084
-0.199474980590833 0.246562868073616 0.11884802972964 -0.139703012333607
0.0721213280468247 0.283707789364263 0.0209810855357766 0.0419050010641983
0.304622419597035 0.119842074396708 0.111446281681089 0.116082663558793
0.280546304275247 -0.0948579060233959 0.285391865299886 -0.0531204688773577
0.181932714351186 -0.213522991011924 0.230554116101466 -0.28315250793866
0.0477818346602283 -0.283700414951622 0.0829064289892887 -0.396058533359219
-0.0483109502816852 -0.296163745241406 -0.0430488296310567 -0.427879918757887
-0.0535922317671129 -0.323847815476266 -0.0440606867379905 -0.450432955978458
0.0721446086167462 -0.323471877361777 0.0580629360772828 -0.407435088991989
0.217315271323468 -0.258545786733822 0.164855722004587 -0.286226508815027
0.416742774781404 -0.082871607889328 0.171585313758643 -0.131852818085998
0.319995631309688 0.247406465336652 0.120038995660831 -0.0234364711210021
-0.0197045694186981 0.41765708056292 0.157757984883434 -0.159975144240638
-0.303558619409953 0.331460615136285 0.439900581080626 -0.282503340937471
0.118868166510752 -0.143134058096375 -0.417694661608548 0.392417020945496
-0.0112532303820997 -0.216722722750639 -0.121785337554276 0.23962231625927
-0.192561961275223 -0.117090478408317 -0.123785144385244 0.0104676355555448
-0.20950796282211 0.0862042427456081 -0.24628458573792 0.0858403395281942
-0.0823201204564322 0.158148655973196 -0.265823325821449 0.352074269646957
-0.0151466659183956 0.138125614056379 -0.0884295312113665 0.517989293086907
0.0169029264455616 0.128608741181146 0.0615155815222135 0.531823523648312
0.0269873845137956 0.112415319684363 0.0785390351913676 0.506468732868332
-0.0148004645006382 0.0973581861066986 -0.0344759411281249 0.495641637860088
-0.067989615180691 0.0740003092207355 -0.222686677205354 0.357017032444341
-0.101341551462993 0.0356490175283564 -0.333714605377208 0.123565923753209
-0.112902911904533 -0.0359071700564407 -0.215706403690623 -0.0898085843183868
-0.0207706055337175 -0.109400757821067 -0.0856894423842997 -0.119998094301499
0.122189431369775 -0.0928019480935685 -0.131805958470103 0.0341387106957892
0.170905329948109 -0.0427520925630874 -0.377917016737915 0.18772095564808
-0.0191315751126424 0.0582098076115371 -0.484925178505149 0.365027104235141
0.00817968539886506 0.0104388891742914 -0.156869668479347 0.229767310815447
-0.00197990171848817 -0.00255595392471001 -0.172180399511452 0.00900484641761632
0.0114655294140192 0.0225440732000823 -0.289304243271631 0.0951049897773942
0.0306769503242033 -0.0031891232614333 -0.285830924465483 0.356882122831486
0.0129080007842451 -0.0513926876791555 -0.0953413461624657 0.530395523223613
-0.0241025148733128 -0.0764675388670619 0.0558972006798524 0.540683501951931
-0.00682195389466579 -0.0856083944239377 0.0739533096165697 0.502838484576078
0.0146654382626623 -0.100754182463615 -0.0173970358422021 0.493043844860276
0.0776131775892079 -0.0730330050242553 -0.203582685476961 0.374780130473464
0.0959658232790599 0.0035939575705677 -0.337078475855123 0.15534061962643
0.0817969845720535 0.0759615497060799 -0.247360656145272 -0.0708761188266158
0.0204652963537835 0.0770710730060623 -0.123735148208387 -0.114174746484896
0.00790996823706168 0.0634514659350941 -0.109394009546411 0.0296036264368125
-0.00782367035208944 0.0803945640185537 -0.349052205145798 0.200329526233769
-0.175090102400801 0.231603433187931 -0.481292795223272 0.271352436905008
-0.0143705420437987 0.24453290346961 -0.162271088366944 0.164339236383551
0.176280047205314 0.151474434542202 -0.202466537126132 -0.0334902016810727
0.258795397047162 -0.0111558833403934 -0.320003222680926 0.0597338635766941
0.177039976037881 -0.157222933435651 -0.297103631019908 0.302037747996649
0.0683387393945973 -0.237829887717401 -0.111432136551313 0.469120615321374
-0.0432103616453342 -0.274306588366582 0.0345903682049392 0.467335858183381
-0.0387415260304714 -0.271188505998021 0.0620373116194008 0.422040751794609
0.0186403999363053 -0.285116031414036 0.0147539831269611 0.414447073321831
0.178557564108513 -0.233338903339806 -0.128527930938686 0.343958970371452
0.26764477205807 -0.0836719411211005 -0.260033831379271 0.191578110977091
0.304759647545875 0.113693390618446 -0.229785318605855 0.00517733236717091
0.12626434583024 0.240869220168924 -0.156406729339324 -0.0441543650383537
-0.0623452579914056 0.238804421387877 -0.0940712309327993 0.0453122548769152
-0.173728590146202 0.218449200458764 -0.266202481980084 0.189721836655
-0.318751516243703 0.341756696891284 -0.395140356752146 0.137927804380109
-0.0859944400792814 0.430404067731776 -0.124194410675726 0.0644645848118948
0.289508786211126 0.322844561039219 -0.187761841238137 -0.092966604741994
0.482527489891128 0.0148342018276191 -0.298922812307996 -0.00271948546845363
0.342107807344708 -0.261650690136574 -0.264734117515178 0.193841665796498
0.15284349649194 -0.384057196778781 -0.111383908181934 0.33283113431202
-0.0315843251964529 -0.43220877117073 0.0100300832059741 0.322228784730196
-0.063655280468792 -0.418051577221764 0.0393884625068529 0.275814247725292
-0.00689301157305318 -0.428357877445248 0.0391870032711118 0.267824279971254
0.215627026962409 -0.382931925813547 -0.0405792755112253 0.247589483608163
0.376798650479076 -0.210509994992994 -0.135146818056492 0.176288546206416
0.509225187876572 0.0671231190082195 -0.148761811357826 0.0697483861674228
0.275868821045615 0.348946791870011 -0.137676109828966 0.0446215553741432
-0.0752744349030343 0.410260657683548 -0.0618315970324164 0.0599435684647099
-0.302817067358951 0.35460319483444 -0.140836271462227 0.143071231612466
-0.418256683943785 0.369451244601628 -0.243233696239971 -0.00212069722219545
-0.184388014692219 0.51283010178382 -0.0484506656129894 -0.0349495723341463
0.29956711810164 0.45271097256608 -0.12402839975485 -0.130524805141457
0.603701783744282 0.0915083927802811 -0.209564117800317 -0.0489527381744556
0.473592430640278 -0.28129044511691 -0.162476348715779 0.0694780305190122
0.241930391978222 -0.449846399352742 -0.0689597475105279 0.147399958268059
0.00375951601680134 -0.520694661070767 0.00292772858537266 0.12836435649394
-0.0778223925955535 -0.502227219730294 0.0120841076036255 0.0877529947348746
-0.0451903930982576 -0.512423046231596 0.0398909267459389 0.0781504771720107
0.193486519188853 -0.482847352519846 0.025147289833393 0.0926153690446292
0.403841362581931 -0.325284990254901 -0.0122838347992433 0.0897232903193354
0.631988816544666 -0.0240869803061755 -0.0359804356258727 0.0700533462343766
0.408886991421812 0.387410471311951 -0.068307336358757 0.0938390006564543
-0.0493243876760774 0.535355408889869 -0.00638834837666537 0.0449035826491426
-0.384319604033961 0.460418760081428 0.0145422783517689 0.0573890901802069
-0.445022089667777 0.329419151007815 -0.0575341260554621 -0.115743106645877
-0.255282275499308 0.482510159782467 0.0379571795702854 -0.104833224668278
0.223303393721655 0.484872243527328 -0.0459830713700304 -0.113033065455901
0.586129895758314 0.169368231128116 -0.0824015271821156 -0.0376157757317504
0.510382602524476 -0.227425073458884 -0.00503553371040568 -0.0199070822005928
0.2916541586996 -0.428831845606794 0.0232963938204474 -0.0391263526885163
0.0402364802785547 -0.52129995819186 0.0206911544729813 -0.0786454504020188
-0.0799570185996639 -0.507560384316074 -0.01512371526245 -0.111461741622094
-0.0762589974158874 -0.523282638760596 0.0157870123476412 -0.123807349177687
0.144497281509488 -0.508300213422576 0.0524445322033883 -0.0924208598523013
0.367227810096784 -0.378323224994048 0.0731288454939402 -0.0448374740978889
0.646197836268337 -0.0976392472901139 0.0596106048372962 0.00898877420764614
0.468156946763272 0.367383417374197 0.0117583663048499 0.0800536430047476
-0.0167017928343633 0.584650698671128 0.0587354909727168 -0.0146722238559015
-0.406560232848359 0.502518958126287 0.17801622272382 -0.0609139406161501
-0.392592371702703 0.248501634428877 0.121188055382471 -0.191395348028983
-0.262318072585237 0.376893425930091 0.0975276174600537 -0.135668571499285
0.132158370397132 0.416113073848073 0.0039171383273193 -0.0445164925044997
0.465263917793628 0.181230572650228 0.0316734957403986 0.0325817895473437
0.435280494177379 -0.151451700625944 0.159520864438485 -0.0522883117147737
0.271601544677495 -0.339162415023603 0.137067883346802 -0.18803125022424
0.0563069161309132 -0.436262807767069 0.0518271451593538 -0.263194190006422
-0.0706020916465975 -0.434803301020494 -0.036448122766133 -0.292625337649567
-0.0821148085689955 -0.456178230784309 -0.01995914698276 -0.308057544192634
0.100407039211688 -0.449836302391238 0.0532451840768823 -0.26914406174643
0.296973441988511 -0.352072474929996 0.123357282639251 -0.181430906788287
0.564072309839259 -0.116414065809485 0.12306379498527 -0.0715193345439367
0.433177560412661 0.315336966413546 0.0734589723612617 0.0290109355815943
-0.00438483099658114 0.542281786280672 0.113798140888444 -0.0961710681096053
-0.378337060405853 0.462254038430723 0.325679719586231 -0.187792450791254
-0.279547425537299 0.149295725647546 0.258963202421459 -0.235254121831072
-0.195172712057171 0.251020659386076 0.116953089722418 -0.142915184395298
0.0777852860743941 0.282719813213228 0.0222141061161757 0.0408070473830458
0.307051271191031 0.112183076735545 0.113351217734653 0.114298057078737
0.278344895720801 -0.100622629450474 0.284117318876517 -0.0581334855642202
0.177257127162867 -0.217722573024551 0.225393325676963 -0.287376284522564
0.0434455837603283 -0.285295625464184 0.0759145919241279 -0.397842005348787
-0.0541135557234874 -0.294312600784592 -0.0513495214683207 -0.427805046731892
-0.0604223710243541 -0.322899398049265 -0.0524085673484172 -0.449210691361312
0.0659912837920308 -0.325104156154529 0.0504852410228729 -0.409049093537863
0.213080461465029 -0.263428714866874 0.160183779661667 -0.288689568751107
0.41572924564846 -0.0909040552077858 0.169431031729338 -0.134862682017682
0.325194255189355 0.242271843009396 0.120263680346909 -0.0250287096810085
-0.0118479062618072 0.419409353639121 0.154382565074873 -0.163571302285028
-0.297248815164621 0.337946841871319 0.435350345156181 -0.292587811102104
0.116482753437018 -0.144959516984707 -0.411620132537321 0.40240934370084
-0.0143888309454832 -0.216925616802712 -0.117460495294487 0.243009167251269
-0.195002571851218 -0.113075343647397 -0.124573471471965 0.0123241427652439
-0.20800838081364 0.0911202271639041 -0.246073844159328 0.0892862439322904
-0.0796193439420072 0.160115807041738 -0.260264005132812 0.357574195083698
-0.0126173250572257 0.138820905570459 -0.0796799464111893 0.520018908388546
0.0193976846294425 0.128441259095292 0.0727638673138752 0.530147607724275
0.029211007095923 0.111828351256084 0.0878339278800336 0.505473153543621
-0.0124676170218258 0.0979783052720348 -0.0251339921827097 0.497045686408656
-0.0665191889588226 0.0760117122328868 -0.216405163807595 0.36225656385218
-0.100957040591471 0.0380974035996998 -0.331975457518489 0.130349646125364
-0.114251036523179 -0.0333870367780686 -0.217692670354444 -0.0859388304056508
-0.0232293187491905 -0.110010932517263 -0.0877990590943628 -0.1182679855599
0.121334706724836 -0.0957178374622912 -0.131770994770308 0.036379774635229
0.170061511208659 -0.0467446349794802 -0.374481840969647 0.196613775667875
-0.0178700862986669 0.0591584098862745 -0.477228479515137 0.377374852358381
0.00818539163494634 0.0102524828892133 -0.152328508488873 0.233299430190497
-0.00163707742175297 -0.00272762158735578 -0.172819928661266 0.0114056643167319
0.0121422951324694 0.022642747818131 -0.288663415074897 0.100011578756312
0.0301536813085001 -0.00422795234267151 -0.280105722066586 0.363256968151292
0.0117876424890466 -0.0520515624684876 -0.0848463264417079 0.532398511983656
-0.0250870424628891 -0.0759513360455673 0.0658936213334813 0.53968586296594
-0.0082947574891047 -0.0856913018345598 0.0831523960474252 0.503187482903996
0.0134059134661925 -0.101397179651488 -0.00795139051711213 0.494473172688173
0.0765772500796288 -0.0743032589459816 -0.196743184717091 0.379494208786613
0.0961327945577408 0.00231296897108848 -0.333897011378082 0.16254023399422
0.0826683916244394 0.0751537101930433 -0.248752449083925 -0.0663041036564603
0.0219608107218345 0.0763658731763985 -0.126126402906052 -0.11205704884499
0.0088253626204728 0.0634715528676672 -0.109244991453139 0.0318265557718648
-0.00656316940959384 0.0806848297393374 -0.344964657316377 0.209424999686973
-0.170262937510643 0.236042652145006 -0.477172574402066 0.283300168259932
-0.0092751335466657 0.245277395688137 -0.157746174488751 0.168436178793877
0.17989314824781 0.14750784366634 -0.203751549459366 -0.0302882187307862
0.258917967845744 -0.0163218033415366 -0.319755443505273 0.0645218149001861
0.174471886014592 -0.161574812690526 -0.292507197022547 0.308266489004313
0.0635427730430601 -0.239697141970345 -0.102852645592358 0.471429107730515
-0.0482903378172894 -0.274672659413657 0.0423462117389182 0.467148159071999
-0.0438700103870001 -0.270899043005857 0.0702997158966657 0.421806900828393
0.013854099154515 -0.285835620345611 0.0230071472147567 0.415411700848642
0.175341413705577 -0.236998428582463 -0.122054763177434 0.347782065798116
0.266874513350456 -0.0879436911007312 -0.256287789764467 0.19689474414306
0.306896652244725 0.109103967345429 -0.229119719133322 0.00906305989483522
0.13127012495182 0.239250007005554 -0.157822073656033 -0.041218495710815
-0.057653071587294 0.241593973311239 -0.093172056051041 0.0463836150178328
-0.169669766985528 0.222529006571744 -0.263083861167005 0.196352661589744
-0.311821495442483 0.349284331302957 -0.394200760230879 0.147289509966673
-0.0774222702822688 0.433838421828165 -0.122575150749768 0.0676085247325137
0.296517846247725 0.317454020353285 -0.189622865010234 -0.0905920190946554
0.483668925434483 0.00427541362580882 -0.300193759793608 0.00189833243931999
0.33779799357347 -0.268923567728088 -0.262772033779083 0.199507527917559
0.145579712736069 -0.386893280697555 -0.105290502440393 0.334774397370434
-0.0401234506709857 -0.432653502560123 0.0158059514862401 0.322522474671514
-0.0722452493240695 -0.416719271521082 0.0442351421762986 0.275532697182546
-0.0144412022128097 -0.429109756011502 0.0449684284623039 0.267328035806752
0.209861024149336 -0.388375618630531 -0.0358807075784889 0.249605624318433
0.374146763538592 -0.21722456329385 -0.131628485647359 0.179695099878035
0.51200546124451 0.0571517626175412 -0.147420350630259 0.0721490115221898
0.282589185112037 0.344857056211329 -0.13622662964567 0.0480222059137258
-0.0678377198811013 0.412423097332904 -0.0614186992865686 0.060711190789535
-0.295818736412353 0.36153879373527 -0.138237533861078 0.145889032735371
-0.411620852532875 0.379512291496755 -0.24431962931682 0.00300306512766846
-0.174791112140987 0.518387540205576 -0.0481357476910489 -0.0345088309163853
0.308363256860953 0.447388358502616 -0.126380036008306 -0.129195415021239
0.607946362026203 0.0788094694929834 -0.211151947989881 -0.0457364569311202
0.468323458953258 -0.290785272504225 -0.162482621320625 0.0723537814983753
0.2340167468057 -0.456524922296743 -0.066198343579131 0.148966775937252
-0.00755088018647117 -0.522744358892261 0.00514319356768034 0.128640044073036
-0.0877032969710317 -0.500414049550571 0.0134118960496341 0.0878538985429939
-0.0545456889116362 -0.512045721785887 0.0405865812070639 0.0774776196569354
0.18599183860399 -0.488418904627782 0.0273038868766945 0.0920983976068857
0.399644519630634 -0.334415481528608 -0.0103805453870633 0.0901339947144418
0.633641909963446 -0.0362311358211744 -0.0349882195507559 0.0705947094835442
0.416305451158143 0.379951338770431 -0.0660021109999094 0.0960258469026601
-0.0393104557571797 0.539060292494322 -0.00599277436226682 0.0445199237907401
-0.37528194284898 0.468357945543542 0.0151090540915276 0.0560712785742587
-0.439200466778428 0.339870240121479 -0.0599271739002766 -0.114959300893354
-0.246943334719863 0.489609634470233 0.0367578373481682 -0.105958817862378
0.233714726712732 0.481361436827743 -0.0477775190305915 -0.113301066134039
0.589476105992832 0.157181607209074 -0.0834503373819899 -0.0365003217628701
0.506476609618083 -0.237479046185019 -0.00656738348730854 -0.0201224757012036
0.284826949559758 -0.436256989380776 0.0223105664637274 -0.0395341227864069
0.0303800115312916 -0.522061927358026 0.0185371351119006 -0.0788585508062093
-0.0890403183954351 -0.505626140964128 -0.0169538183904123 -0.111604699304353
-0.0875030837039885 -0.521536075508371 0.0132770164051062 -0.124168768476098
0.135666273141184 -0.512752966583471 0.0509580462680044 -0.0932232232158715
0.359413303669229 -0.386489705730686 0.0734351190597639 -0.0456360329278866
0.645429473839074 -0.111316728622182 0.0599250165307631 0.00809507863156939
0.477113054888962 0.359934675070702 0.0137747523181618 0.0811785272947332
-0.00484842231778326 0.586750085686679 0.0581364932962303 -0.016417688890166
-0.397661216268196 0.511317356244919 0.176391005177921 -0.06602221156559
-0.388963992744712 0.256578624649082 0.117490004513482 -0.19466305053147
-0.255496047716156 0.383132021828516 0.0952935249298461 -0.13898630955771
0.140052306792408 0.415036908995864 0.00293817068896575 -0.045412950466321
0.468681290472327 0.171610519622088 0.0322966270769802 0.0320632297522864
0.433578498503672 -0.1601675965666 0.158222357718641 -0.0553038620546313
0.265741733131626 -0.345702545113739 0.133223878934969 -0.190525118449419
0.0480320845270934 -0.438310683736966 0.046761576632947 -0.263774637825287
-0.0798339332440032 -0.432839146121392 -0.0421071660998189 -0.29228996410493
-0.091847817096595 -0.455332255318292 -0.0264678631998757 -0.307768248437948
0.0918700598562673 -0.453927181003684 0.0490213244727178 -0.270875429665448
0.290860645927775 -0.358910189474369 0.120738448226964 -0.18336660942964
0.562108843101695 -0.128128587608703 0.121551562490045 -0.0741842343511676
0.441255416591653 0.306927788571824 0.0752338001910009 0.0279093011033402
0.0076749994116351 0.544436996764444 0.111336284047891 -0.0990530162958402
-0.368550440931387 0.470151538825765 0.322359621786237 -0.196069334451862
-0.277967202233336 0.154245351246475 0.25447381473155 -0.241050585203708
-0.191729597345613 0.256141970786293 0.113705986339516 -0.146995599876867
0.0834286549988576 0.281785246784667 0.0227219606700365 0.0395571530758604
0.309218722757123 0.106951589380711 0.115791580840528 0.112437624906432
0.276935627799363 -0.105686118713584 0.28329577100195 -0.063695729771224
0.174464378313635 -0.221562948921045 0.21959893856316 -0.292134256816016
0.0374260699060293 -0.286427276744933 0.0681023472845053 -0.399890094055741
-0.0604333377739414 -0.293362911584674 -0.0598890088702007 -0.427589948493821
-0.0684360112688796 -0.322178147145149 -0.0614506021079363 -0.449357797897702
0.0596692320894144 -0.327918539030666 0.0435709381359515 -0.409969737292773
0.208280860198712 -0.267699940103385 0.155571439352886 -0.291128636451728
0.414959028769958 -0.0998285116508184 0.166693361272305 -0.137755965027852
0.329567899219728 0.236519065221551 0.120563561990501 -0.0264828516098297
-0.0038973956091648 0.420699390434567 0.151391532389385 -0.167043170431371
-0.291588007799414 0.343023264394357 0.429366494464938 -0.303026431912306
0.114458241848776 -0.147466157324597 -0.40424086668213 0.413676184976142
-0.0182081754241715 -0.218272489846706 -0.11265420264629 0.24615429777638
-0.198173569802265 -0.109488147616215 -0.125326881616623 0.0143715112037798
-0.206819216003051 0.0962549805305057 -0.245308648761321 0.093672564388185
-0.0764262618846218 0.161526360401159 -0.253095910224244 0.36402443544143
-0.00976994009468514 0.139465089192476 -0.0689315975323974 0.523055531193642
0.022015050170545 0.128297102709399 0.0820334577765032 0.531820253469942
0.0322884381441469 0.111181773175754 0.0973300717430917 0.505821914401895
-0.00987478132005686 0.0987356248315763 -0.0167653683075748 0.498521956715691
-0.0651764825084466 0.0780378079561952 -0.20960570116631 0.367952817876345
-0.100603439071277 0.0409202471588146 -0.330426104533269 0.136993893167921
-0.115644023613514 -0.0306596330868762 -0.219457081487638 -0.0821921056825043
-0.0254037115609462 -0.110603420090705 -0.0905898623598385 -0.117472935799965
0.120180463728484 -0.0990554902681163 -0.131598740391985 0.0403139352025409
0.169426053665373 -0.0497814117251075 -0.371153424061186 0.206673392986479
-0.0162434379669489 0.060556660341337 -0.472837490264842 0.387845938399583
0.00871832018575335 0.0101313320957436 -0.148293646501122 0.23721601161853
-0.00184749295783537 -0.0029423927340569 -0.173615083020629 0.0141950762107715
0.0123181488859581 0.0222802439923392 -0.288262273008093 0.105155543618056
0.0304897480360678 -0.00462092723180213 -0.2741600786267 0.368567934261001
0.0107444981180989 -0.0523755601800623 -0.0753391313516516 0.536594805969745
-0.0266217524037681 -0.0758206202837706 0.0768117594544117 0.538678468257348
-0.00999022718109497 -0.085530408118039 0.0933550887564668 0.50284154534871
0.0118241336657695 -0.102365495150017 0.00136122830461627 0.495860705759714
0.0761584369640371 -0.0758589501695998 -0.189938729322096 0.38495992700413
0.0964236827251377 0.00155308385805581 -0.332279300424004 0.170205951781016
0.0845258180371064 0.0742863143407706 -0.250400883124694 -0.0619994815677271
0.0231815806742099 0.0758346997492828 -0.128621890150499 -0.10984151966492
0.00996517868873695 0.0630560725677086 -0.108906420306264 0.0344921895565272
-0.00493657216162174 0.0812831879590802 -0.341413945554764 0.218513761215836
-0.165925032493 0.241099220302923 -0.473442509309011 0.293519029018467
-0.00461748700331582 0.246539007093802 -0.155029096338725 0.171972427120842
0.183245937048963 0.144391590865573 -0.20525108402364 -0.0275079852737943
0.259386927387228 -0.0220830434175912 -0.320363316691615 0.0706753975547254
0.171776506159489 -0.165623895193984 -0.288304216774918 0.314036670083376
0.0595930505776668 -0.242024753086696 -0.0943429178656428 0.47420930826985
-0.0540278883562301 -0.274079713578855 0.051400036323467 0.468056346383799
-0.0495203487615811 -0.270923479532162 0.0788772290357456 0.422142846103708
0.00874002413214499 -0.287175941655288 0.0311133977102762 0.415984103078059
0.172499551460118 -0.241093725179206 -0.115823709599085 0.350494393461771
0.265813952212834 -0.0932743416535301 -0.253475591376891 0.203532942029043
0.309914780544745 0.10337118677292 -0.229468285471748 0.0132819283119041
0.135547505899348 0.237419661002709 -0.15826425878078 -0.0379133000363156
-0.0535841232293508 0.243663109651094 -0.0926060084223221 0.0482307611549564
-0.165691137257109 0.22653625586125 -0.259518176107815 0.201669611194246
-0.306273412940645 0.357049594301042 -0.392232817174171 0.155504914533324
-0.0689298392527521 0.436996013289184 -0.120565476581289 0.0704498321163385
0.303730170142857 0.311906221689211 -0.192316095854864 -0.0878591650305525
0.485572336314046 -0.00494774985131626 -0.301783767843653 0.00743069397799241
0.333835411925613 -0.276782750472683 -0.260887246752222 0.204538818648747
0.138823134796798 -0.391338532102614 -0.099801767575429 0.337890531115432
-0.0486600182713949 -0.433373709673797 0.0209282428372382 0.32305396853079
-0.0808647630459007 -0.416343137239609 0.0503357067534908 0.275581727666394
-0.0225995292280489 -0.430861591789144 0.0494841632353828 0.267743691459031
0.203438806565979 -0.393504222291364 -0.0303485656081842 0.250958870250163
0.370096280626587 -0.225169933058373 -0.127582286057431 0.183398650628274
0.514727869823585 0.0476378304570475 -0.146162741076514 0.074826110023149
0.290543821975504 0.341262655657593 -0.135554398907119 0.0507288635858141
-0.0604639030315384 0.417093951158217 -0.0602938039168589 0.061705049938492
-0.289922024431859 0.369501829192839 -0.136018734122028 0.148389137791722
-0.405522353325012 0.389047627929697 -0.245157861854143 0.00858292501358476
-0.166229946198911 0.52479146780497 -0.0473435215376841 -0.0335851480810238
0.318145418178125 0.442862930432731 -0.129018778558737 -0.128084651647153
0.61093417800289 0.0674885461894697 -0.212818555110142 -0.04275502191977
0.463228881450053 -0.30142189053305 -0.163601967057508 0.0751958299443971
0.225519056009894 -0.46215133535553 -0.0640833290369374 0.150932817778848
-0.0164272022626998 -0.52378605623857 0.00699369652551099 0.129275486031298
-0.0979696376261804 -0.49881965935055 0.0154538886164885 0.0877125762009994
-0.065071401459151 -0.512903484069272 0.0424839517876594 0.0768376485905471
0.176044881407276 -0.494922785363853 0.0297641011090408 0.091999250720858
0.394101587636845 -0.34348877409733 -0.00774739254888976 0.0919204066732828
0.635658113379903 -0.0501940170535009 -0.0339090893373003 0.0713945680110919
0.425221066715491 0.373011867896167 -0.0635770475005852 0.0988687144976234
-0.0297253035797287 0.543457425285612 -0.00533149726265783 0.0447211049525902
-0.366644497281088 0.476919134611867 0.0160476654634538 0.0551363312842856
-0.433555742814761 0.349784183243874 -0.0625172914297232 -0.114127112794731
-0.238844949590753 0.496194822439773 0.0361273648438954 -0.107559070674375
0.24358944343274 0.477610567210127 -0.0500532010688882 -0.113460875147962
0.594086701804167 0.144163221871722 -0.0842116682579858 -0.0355346521542357
0.503867290268327 -0.248014848501426 -0.00790318022801942 -0.0203417351580745
0.278360000849122 -0.44261226326156 0.0211261769006313 -0.0400155556233081
0.0200056967521668 -0.526728061437015 0.017415059649506 -0.0785734722581858
-0.0998609031696461 -0.504839069288548 -0.0188592021908446 -0.111252782027119
-0.0972428872038368 -0.52145596347754 0.0107776472194256 -0.124623050794861
0.126454854165346 -0.517606529105368 0.0499498988551745 -0.0947934096619017
0.353883592275612 -0.393997157733483 0.0734014532668234 -0.0467271890847462
0.645916459627063 -0.126092207043825 0.0600398805357655 0.00714323805710203
0.484745856094982 0.35048807357404 0.0160418546468956 0.0818792899738059
0.00632363164264414 0.589179713609558 0.0573503728328771 -0.0176647406953328
-0.388726560384713 0.520757949921145 0.175717821745251 -0.0708909801858749
-0.385591397748136 0.264716373179782 0.113993354099279 -0.198068020524312
-0.250100142159572 0.390285439193175 0.0933226170564451 -0.142389137309767
0.148433590747052 0.413318672831777 0.00176760011906356 -0.0465211579643793
0.474205240662444 0.162746258812176 0.033193300120928 0.0319179851199688
0.431089356870194 -0.169534267194725 0.156727348231072 -0.0589037632067803
0.258855848800284 -0.352671326155848 0.129723449844169 -0.193225715819658
0.0398664759888023 -0.44059613178558 0.0421529691185706 -0.265055750077042
-0.0892333158152212 -0.432202809337996 -0.0474884466702547 -0.292380368742818
-0.100798939964029 -0.454653448067582 -0.0319499582151107 -0.308219720545377
0.0834368889573762 -0.457896405096758 0.0444224292109586 -0.272557665759923
0.284758321662294 -0.364991063680793 0.118780487676357 -0.185629842908416
0.562522174279291 -0.14037790127272 0.120327685151764 -0.0762385822558013
0.44900259415835 0.301306690756318 0.076641728381421 0.0275557786684793
0.016223976219528 0.54692833561 0.109562510136846 -0.101671222869929
-0.360938730310315 0.478181388245843 0.318662737309089 -0.204857882951051
-0.276346054335387 0.160092902506007 0.250294368067117 -0.246862590815006
-0.187011638395043 0.261486483218052 0.111628963565421 -0.151011702147521
0.0894573289558702 0.280895917245687 0.0231594330779623 0.0387035110700305
0.313154175098772 0.100559022937712 0.118409945690748 0.11164196548646
0.276003912922709 -0.112256447953534 0.28180988919113 -0.0684756272963161
0.169953873769882 -0.226514707725741 0.215526406878637 -0.296587836945364
0.031622311406826 -0.288997418292807 0.0612224594564144 -0.402055864084333
-0.0661533416298665 -0.291979181445004 -0.0673567215585362 -0.427062142178981
-0.0747202616061436 -0.321495386238032 -0.0686457196270955 -0.44811945638142
0.0532429204386827 -0.331074752433625 0.0357116510046557 -0.412542250944425
0.203684938591052 -0.272819679631775 0.151329909052299 -0.295867715231069
0.414042696114455 -0.108466300721774 0.164312190241996 -0.141253800083717
0.334659999652528 0.230994541283743 0.121134329284607 -0.0279474485425858
0.00302268891084369 0.423249037996824 0.148004740454989 -0.170568964804427
-0.28660811171758 0.349233525895867 0.424426301644831 -0.313452137241353
0.054214383724119 -0.179705361581218 -0.191255592219877 0.542316826375
-0.102801435252762 -0.190051560124626 0.00246720811450372 0.272537600315176
-0.222110399154372 -0.0155680322359826 -0.114163190338798 0.0755557721627992
-0.138475714783767 0.173877320893892 -0.183504046369545 0.20538069582797
0.00704772418037382 0.175529925175358 -0.0583813915181829 0.446925797662876
0.0551238852095557 0.128106201168768 0.174979422935091 0.503920375763121
0.0747380663491628 0.106538128544228 0.313955623710505 0.446793335053812
0.0771723436454642 0.0853274204512446 0.315753094182421 0.412356524685288
0.0332569104547699 0.0962923843419247 0.211060799823888 0.456014916275306
-0.0242156859241402 0.101670336815729 -0.0254083888531294 0.425636759473412
-0.0753286106898121 0.0841450539162213 -0.237668492242989 0.266011437146312
-0.121122250725237 0.0231550628562789 -0.235789642049444 0.0141784999436711
-0.0728084274338138 -0.0922936431142481 -0.128778964932025 -0.0663545995678693
0.0639216945406995 -0.144069696859025 -0.0960929852597951 0.0999011532406706
0.131233510586373 -0.123683999651241 -0.244718749360182 0.359253980167701
0.0213953938898375 0.0629093868927734 -0.25869173809545 0.558401339378953
0.0163606000380509 0.00292697076680713 -0.0271726855358131 0.280080166590811
-0.00104188465532063 -0.000407519452789728 -0.150080805501671 0.0893558588709949
0.024380796405242 0.0167563823393522 -0.212599271675949 0.223883583946112
0.0324952346934631 -0.0182916785799915 -0.0804863087159141 0.453334883035701
-0.00867748882704603 -0.0542820186601241 0.171648148107146 0.51364463138805
-0.0561587083895505 -0.0558072134002764 0.308596306171251 0.450539878189624
-0.0444716414747252 -0.0786130076285753 0.311773332863982 0.410211590744596
-0.0333754380300578 -0.0971762711341439 0.227332124341098 0.444589068330592
0.0376461346969608 -0.10092422821786 0.00621618538458686 0.432499980203257
0.0901437946854446 -0.0386620526448924 -0.219742249300196 0.304639688118469
0.105027564281381 0.0296257717995195 -0.254414712477627 0.0628279796830166
0.0533691857803127 0.0580687535166324 -0.166190420082914 -0.0395327499019276
0.036228410918946 0.0536052200158578 -0.086593726694154 0.0795425962464812
0.0320669361381495 0.0806039697108943 -0.219608906959554 0.345605994946284
-0.0417643739489278 0.289329225738293 -0.298245020102423 0.48286852034606
0.102389697146873 0.221408941400536 -0.0559393277897612 0.225728683333548
0.226508179258521 0.055969465013735 -0.187042445887844 0.0595218431076681
0.223920055761148 -0.12693243824564 -0.250749438851528 0.196776878608254
0.0907393669663911 -0.221637122981086 -0.121150124931577 0.403318129164296
-0.0472196775391792 -0.245637109529044 0.124654843313878 0.462549745395296
-0.165444008125676 -0.222946641410719 0.249384660005621 0.39150361582331
-0.159758374444785 -0.231697749727475 0.262579029877704 0.343377745241965
-0.116123708334096 -0.265574208858853 0.220549323526139 0.358199808810014
0.0534821687414098 -0.29421759547653 0.06350603486517 0.366996206630456
0.205538358063798 -0.200130630338903 -0.129908167636583 0.306066146254117
0.321264706026967 -0.0435904198190325 -0.196192724742888 0.137006085022411
0.227361839338319 0.158839244215789 -0.166142166271597 0.0438193916312269
0.0590081197891696 0.246909265673132 -0.0755640392446525 0.0819458119084082
-0.0476357980119397 0.29163749535591 -0.158383505583271 0.284816281901139
-0.125565295728729 0.452152174832441 -0.282256237290345 0.329043538673285
0.122749829052866 0.420217826001279 -0.0653825860457889 0.120999020219322
0.403588539234355 0.157778594538298 -0.192423351839616 -0.00472459021575015
0.429237492386358 -0.207718772542407 -0.254434154947897 0.122738228019895
0.186082746498353 -0.389363990844597 -0.147851218410302 0.283656657126068
-0.0409285086564025 -0.41510451110954 0.0556432010815675 0.338365229168563
-0.228269014878316 -0.368626561213719 0.154730868503376 0.269100646106291
-0.250868712488021 -0.351737018856489 0.171559901299036 0.222537796392794
-0.206034885974094 -0.383221746606958 0.17183784766316 0.215580606059877
0.0156554695549135 -0.447189217241869 0.0992405288082225 0.236820578990434
0.244754677587978 -0.369124491497272 -0.0198538708447531 0.235542648286617
0.481157436894512 -0.18427413208693 -0.0830844518931463 0.166894653876895
0.415173503518573 0.186761144511368 -0.10930558668538 0.120242065448541
0.130885454867749 0.408676549739876 -0.0493262234933625 0.0795489661611952
-0.0948169983035163 0.48053584529353 -0.0758585608345988 0.173323803259851
-0.20589423982262 0.521967271219093 -0.213622209345239 0.136372525598323
0.0710811576244897 0.540703228757514 -0.0438059506773445 -0.00285186483625444
0.469469121980895 0.269047982314922 -0.147279595672864 -0.0665119758224286
0.569447704706912 -0.197153905978253 -0.189526721147254 0.0360148200589193
0.290566781335418 -0.465584058034924 -0.117961223375113 0.118976317374925
0.00559218496614529 -0.51619270328261 0.00284267438017551 0.151240175048143
-0.238882226083167 -0.463672207882492 0.0540520794001401 0.0966955579196503
-0.302197652030339 -0.419413256911547 0.0557448767258969 0.067544362505097
-0.280069225874613 -0.440948733546111 0.080009408359316 0.0462952163526769
-0.0532708200112842 -0.530105953779316 0.0827783670564701 0.0645097340544875
0.214563306822995 -0.489007889586439 0.0524605297469619 0.0999675495852396
0.548434074937982 -0.326093520535706 0.0273615319024757 0.118068910543157
0.554339407427836 0.159523190020566 -0.0242082691228686 0.136636979307875
0.216443796958943 0.51090239044795 -0.0140222892492815 0.0414327341025798
-0.114814415671325 0.615661730899276 0.0154970480678072 0.0165577562469256
-0.251868986551303 0.497213113648194 -0.10225891420582 -0.054063332799635
-0.00915981315460435 0.544687986390242 -0.00313323445120068 -0.105503428969957
0.418073217834502 0.331553424425706 -0.0693977755180419 -0.0849428901141028
0.586006266786423 -0.122681193774988 -0.0672228721667513 -0.0118619708556695
0.344547226970584 -0.435116189531008 -0.0194784997635525 -0.0377030710273408
0.0571749680248139 -0.520051586970785 -0.00478357537428713 -0.05850771475771
-0.20695438983639 -0.48079218762067 -0.0291987571600119 -0.0970966196454998
-0.307773707599649 -0.422190942770815 -0.0653726448256073 -0.0961800894680045
-0.312989876721945 -0.436219365443494 -0.0399161378095492 -0.121543878302364
-0.109782459668563 -0.529249738040586 0.0161564013815961 -0.114003879269897
0.155747157045304 -0.520020898659706 0.0651252315180761 -0.0624045785088902
0.523811064289683 -0.40087192643667 0.088833632791413 0.0169192389556403
0.601731931026545 0.112407453433632 0.0413561503041808 0.0887955249123328
0.269704160864353 0.53562530069764 0.0134062975530028 -0.0392927114902902
-0.113058680190181 0.664991887784646 0.103002819767204 -0.169462376541811
-0.245068729276879 0.398225320655703 0.0192104797755486 -0.209694588916573
-0.064289624226674 0.454321479812618 0.0297661121007174 -0.16269503496834
0.304054299014199 0.31122441292226 0.00248076181636301 -0.0440723798274766
0.486637302043934 -0.0573692641725336 0.0657515515139447 0.00129298421641283
0.31127697164353 -0.335147929863062 0.113509985740728 -0.142905466857817
0.0794830170192601 -0.430427160968328 0.0260205595036599 -0.242942404334057
-0.153108991351168 -0.413193440994616 -0.0882936813695952 -0.274205520790716
-0.264850756289665 -0.358838140600694 -0.172912783022788 -0.246161542388145
-0.288641258096694 -0.373416797886711 -0.162069293064721 -0.267241447652776
-0.123644695319689 -0.455687387258763 -0.0712594220773397 -0.271084420477727
0.102853058988968 -0.463426157513775 0.0421587561805995 -0.210284757709414
0.445633647720986 -0.37783725044618 0.103797705529257 -0.0905082752983792
0.546031524060236 0.0817798773903847 0.0729042423500246 0.0119041739281413
0.261910811151961 0.491735391948563 0.0257428429265593 -0.136865959998338
-0.107124444681171 0.610677573865845 0.176269185044778 -0.351033380118379
-0.191678455813358 0.25746781293446 0.119634879077663 -0.32000920848284
-0.0619615012828528 0.313309289528619 0.0388347024539366 -0.180955652134901
0.19745915631987 0.215216212343061 0.0522688015240931 0.0235907878637995
0.318067307077712 -0.0465454275331186 0.171464486775087 0.0386774357885274
0.194425469839197 -0.219048555717073 0.221200739235787 -0.201580408221193
0.0524348827370631 -0.278005214139872 0.0570975551288966 -0.369745845491244
-0.094324413239684 -0.273471919081475 -0.129629050001453 -0.401413028083489
-0.185694313163246 -0.23870599174866 -0.252075431680417 -0.357350942926651
-0.20700263087209 -0.262523564887687 -0.26176919515287 -0.375365752177284
-0.0959968969781268 -0.32679470872822 -0.145668047796996 -0.391360461765544
0.0688947142161083 -0.343346706186949 0.0176579357303631 -0.325805332807056
0.326385354267528 -0.283585455438956 0.106953410471966 -0.17651044845584
0.411475991936615 0.0658708888520703 0.0896090370385998 -0.0622405102526027
0.194404273371764 0.383557919093391 0.0368159492930467 -0.216980349560454
-0.0973728179560606 0.45638279396119 0.231537720773196 -0.490714343972815
0.0514999027490005 -0.181919810730089 -0.179419543469495 0.550911512885229
-0.107191034133841 -0.189515655753563 0.00827761379205809 0.274364723786264
-0.224035526847075 -0.0110961483948514 -0.113763969420011 0.0782887348914669
-0.135281434196684 0.178293720808019 -0.181096918788792 0.209254260896619
0.0109861360889533 0.176342034834998 -0.0495879498100503 0.45076968455375
0.0581767021971315 0.127472111284259 0.187433996295028 0.501885004519829
0.077456355488741 0.105517188254421 0.324568569943075 0.441530185536137
0.0794888610142859 0.0839347281489699 0.325697920408757 0.409132264581251
0.0358605179856545 0.0962969896985169 0.220372334559004 0.454840224493334
-0.0222262191772099 0.103091477559321 -0.0160923109700754 0.429013442278827
-0.0735303239686553 0.0867706132930701 -0.232967008447129 0.271595832327925
-0.121631123722757 0.0263503765958065 -0.237166733977321 0.019541275313234
-0.075806618550203 -0.0915828382518413 -0.130686995974521 -0.0643374711233811
0.0613670527134623 -0.146470296260859 -0.0936855180570537 0.103282147786691
0.129566913838204 -0.127200724440471 -0.238135126036619 0.368801662297716
0.0236829235083689 0.0631009100638703 -0.249201773226716 0.568530415969253
0.0169852902085071 0.00230479790674025 -0.0209667354849756 0.282275848756941
-0.0012756027782112 -0.000515989940077594 -0.149588483451966 0.0927438795978982
0.0251847187614049 0.0161087123572146 -0.209802452891529 0.229582143836063
0.0323689580699758 -0.0193948559909686 -0.0715853891824709 0.45830296911377
-0.0100394051749966 -0.0543477312776553 0.184366306032968 0.513125707188539
-0.0574437670516936 -0.0551231550163263 0.320053934431976 0.445330542672348
-0.0463723661333031 -0.0783817765266015 0.322357935739808 0.405637588524282
-0.0350350341045563 -0.0974477382352685 0.237774065071658 0.442141264404807
0.0366654959980921 -0.102522673986849 0.0157088151807801 0.434585722723991
0.0902383340324795 -0.0401148908808801 -0.215067957298146 0.311917540659273
0.106023221456264 0.028087485406461 -0.254854386295198 0.0688345785274177
0.0546252464770992 0.0577716859398819 -0.168194249913053 -0.0366501863833182
0.0375045557792826 0.0528735034616165 -0.0851671230376528 0.0821848358772662
0.0339091321928064 0.0804367191967223 -0.211828149563135 0.35373697981364
-0.034732472439289 0.292340095474505 -0.288913563583386 0.492619901954713
0.108341336866291 0.220996733946586 -0.0505081645138246 0.228462970170043
0.228640639210289 0.0511088290678322 -0.187349074267114 0.0630540016211045
0.222211562081492 -0.13239361497817 -0.249182857425505 0.202310402947821
0.0861339879166728 -0.22524605586295 -0.114226510435402 0.409087607091764
-0.0527631611777763 -0.24631228308951 0.134766970558505 0.461872506080236
-0.171090680928223 -0.220515011639172 0.257986095693938 0.388925210407003
-0.165444460002939 -0.229762955600313 0.270492018690608 0.3387960345046
-0.122435607409174 -0.264753592420613 0.229539643264883 0.355270233095511
0.0483054889496339 -0.297897231040611 0.0712551006809451 0.368408929991293
0.203381444710234 -0.205421826956314 -0.123678754903759 0.310874295211363
0.322105303661172 -0.0506984533252189 -0.194660778089086 0.142078666141588
0.231777793556051 0.154298640836306 -0.166231692152279 0.0473741263767378
0.0649544583978241 0.248121557242001 -0.0743488864282968 0.0837037841857753
-0.0410096829559171 0.294266992713182 -0.152860863078073 0.290120152126343
-0.114920670130276 0.458745362615597 -0.277167053134569 0.338101591670245
0.132350974248929 0.421383141591242 -0.0617062200558143 0.122932230631421
0.409503317862904 0.149716758163137 -0.193893711930959 -0.00151089059320818
0.427356749481445 -0.218523586135149 -0.254524751894612 0.128052368874273
0.179336451294847 -0.39565117813832 -0.143916051073334 0.289087208986512
-0.0499606142288524 -0.416238819724806 0.0630378560864374 0.339616456270785
-0.238204720318414 -0.366303028768302 0.161278425917382 0.267473542865284
-0.258971606785808 -0.348868331115195 0.176791070872863 0.219889279655566
-0.21570313965197 -0.381340108711947 0.177201155735587 0.213449082074187
0.00688789263452015 -0.451490348397332 0.10451991924477 0.235535278618188
0.238755743795441 -0.375677251936856 -0.0138481501936729 0.238336985182243
0.480561121794493 -0.196197425142583 -0.0803474379931556 0.169493219755282
0.421034217659658 0.179116411418436 -0.10674486424438 0.123283787762944
0.13983640516057 0.409087926492569 -0.0487810535007109 0.0811018653921364
-0.0856849849200772 0.485620248129936 -0.0732403951185006 0.175624206984315
-0.195355107119615 0.530466961207031 -0.211676923841731 0.141879248673745
0.082090537526244 0.543003937796933 -0.0429483281346292 -0.00269092129471161
0.477821028165935 0.260498907703731 -0.149487016413648 -0.0649869008733222
0.567432916931493 -0.210629057323666 -0.190513513191926 0.0398598275158101
0.281907622306437 -0.474266386460093 -0.117747715807462 0.122443356599263
-0.00418588334832175 -0.518927827628698 0.00607031731965729 0.152539892856657
-0.248719583402548 -0.461312519245584 0.0563013274961547 0.0966542120570165
-0.312381844598938 -0.41556264568235 0.0572199170854995 0.0674228777141777
-0.292271043910168 -0.436597258935177 0.081776700403562 0.0452547792229528
-0.0638089236229106 -0.531760683600769 0.08541700255103 0.0631010309408682
0.205861359997309 -0.496962110922787 0.0560453753509669 0.0997363228462334
0.544271457285437 -0.340172811405407 0.0299289471743929 0.118385815086413
0.561642630317759 0.147338687265049 -0.0208122955394508 0.138284485563442
0.22821860157157 0.510057512757312 -0.0134468437795796 0.0419556961953435
-0.101494648491014 0.622002072862314 0.0147842058010114 0.0157596166205255
-0.242394781007517 0.504771367245184 -0.104386994833351 -0.0520881017525862
0.00181833755724295 0.549232034650673 -0.00486679594262902 -0.106978208032218
0.426095546360558 0.325072794607832 -0.0718523192981594 -0.0846927427864815
0.587378180556342 -0.135733515927797 -0.0687214866184362 -0.011071291699627
0.337214262163169 -0.444258396870162 -0.0216038370217207 -0.0374664759560055
0.0474480219164856 -0.525609346561273 -0.00627102162398977 -0.058336967394671
-0.219520809083223 -0.479333491121548 -0.0314192846831735 -0.0961239426851557
-0.317651200214343 -0.417673973941533 -0.0672933171071828 -0.0953713584753271
-0.325427065348288 -0.431186276488983 -0.0427194367235421 -0.121337416901661
-0.121211927248582 -0.530866279026911 0.0144460162987923 -0.11541300229146
0.144663368169107 -0.526800778079409 0.0657900221924464 -0.0637159017690619
0.51979037731387 -0.413810445218308 0.0892411257619208 0.0152382621510838
0.607076555779731 0.101114389440733 0.044432275009874 0.0888699880280282
0.282712155941765 0.533535787336558 0.0112467209592855 -0.0396046394487225
-0.100127061626438 0.670785144354782 0.098620915079637 -0.173306891114877
-0.239170634855958 0.406661671889189 0.014778318639693 -0.212206660147156
-0.0553059980726451 0.459851849084581 0.0269073312167977 -0.16571475637116
0.312727984834107 0.306250799793143 0.000652043499986889 -0.045184663489778
0.487362902712781 -0.0690636883590049 0.066176481267223 -7.83820896624849E-05
0.306332675850035 -0.343856552449622 0.110425025553549 -0.145858535023667
0.0710162374685603 -0.434476723547737 0.0202353443647589 -0.244389805220444
-0.163042407685961 -0.413191806422313 -0.0937413200290353 -0.27300082782323
-0.274741707250784 -0.355537327213581 -0.178751560306056 -0.24337018001854
-0.298938283931036 -0.369157587495921 -0.168487430125477 -0.264912521293647
-0.134361231682388 -0.456372922860576 -0.0771972080504365 -0.271337815914486
0.0935189689400931 -0.468321309516051 0.0394397406267595 -0.212260646554563
0.439087511565849 -0.389836279053896 0.102552014905319 -0.092911098909139
0.551326208804758 0.0708909454756068 0.0743418040680175 0.0110046279918798
0.27376324417015 0.489341578226261 0.0223351773351624 -0.138443738117043
-0.0951122997853671 0.615703683303974 0.168646765651318 -0.35782100352415
-0.187507857549047 0.262422822038399 0.112911087121407 -0.324961885635652
-0.0565524098288298 0.317703243195574 0.035046798129049 -0.18385219620301
0.203066013867368 0.212808720470966 0.0523807100928143 0.0222431713929527
0.318679999485491 -0.0543316674965276 0.17284821845374 0.0356691514604133
0.190924661610093 -0.224021696385371 0.217522118694883 -0.206461421025381
0.0466356113243019 -0.280822527218685 0.0496629247794216 -0.372932769158124
-0.100507918619612 -0.273635911580695 -0.138500801842304 -0.400323439401784
-0.19181185531848 -0.235640362757068 -0.261263451186877 -0.354213605302796
-0.213908426591283 -0.259789878720633 -0.271080298611066 -0.371904043691652
-0.104151319465161 -0.32718175594286 -0.154803025039957 -0.391152283107355
0.0612091373273074 -0.346562441205667 0.012135385211293 -0.327686229226237
0.322048315177531 -0.293159617755544 0.104124175066042 -0.179694941798374
0.415699981602169 0.0589530038037626 0.0895373062675495 -0.0643843794574526
0.203491350962307 0.381935637944197 0.032265523330806 -0.218666484686971
-0.0883665223294849 0.460959116752337 0.220401398306702 -0.499859071718662
0.0481954438741034 -0.184117874174275 -0.169268006950393 0.558484299976909
-0.111893638943076 -0.1888640797922 0.0153852000219557 0.275843667141034
-0.225650566483627 -0.00569934644857852 -0.113511893885503 0.0811407706891757
-0.132001897569881 0.183398749103372 -0.17869955360375 0.214470313172343
0.0149994494022933 0.177368730836221 -0.0404839415844522 0.455106832272684
0.0614625433376305 0.12722197284427 0.199151005917322 0.501265767241589
0.0804165493637984 0.104555603310726 0.336005011135541 0.43956167789264
0.0819841637166529 0.0823378387120879 0.336972640707021 0.404168745227749
0.0389874066689174 0.0962329237809536 0.232757503303764 0.452217707123897
-0.0196118495525549 0.104805863933293 -0.00745776467747298 0.432620211785832
-0.0720165602438788 0.089428986423324 -0.228561131473885 0.278975314252928
-0.121575538822529 0.0299454201815521 -0.237712322782469 0.024016012486895
-0.0787316241802938 -0.0910785578352983 -0.133034979283702 -0.0620621265645967
0.0578865294872354 -0.149636623948732 -0.0919770335789336 0.106837383043692
0.127992970011672 -0.130813057418781 -0.230633667443431 0.377295242850282
0.0259131214662928 0.0635116932731386 -0.23738187219339 0.578363222551087
0.0176109718888915 0.00170338842336478 -0.013816459607894 0.285290411024524
-0.00159561922796307 -0.000766420983175513 -0.149197643265488 0.0970066372587916
0.0259368573696041 0.0158620241539844 -0.207438274260124 0.23506548945038
0.0321852742374398 -0.0204310007265383 -0.0620317694302736 0.463526993249139
-0.0109100577869774 -0.05474535538601 0.195214504870742 0.512873070869766
-0.0591700170807101 -0.0543257373866788 0.329848526743118 0.443964915018136
-0.0483003208039326 -0.0778708809115682 0.332411665590773 0.401642853869996
-0.0368471454455342 -0.0972552749708145 0.248704274568297 0.439780165683323
0.0347632185802099 -0.103793198519895 0.0249187266168232 0.437498839052119
0.0904219451926618 -0.0418224170025193 -0.209481950815456 0.319450755726122
0.107155254384528 0.0261014519348701 -0.254620658514409 0.0738477710713086
0.0554301937437275 0.0565767715804503 -0.169847454463573 -0.0337350564366051
0.0390934801908877 0.0526837402339507 -0.0848158133709163 0.0848706903403534
0.036213261272592 0.0805740009789424 -0.205036326575381 0.361279913861564
-0.0278472573077548 0.295382344038969 -0.279018154073444 0.502077228531173
0.1141871899539 0.220324158483033 -0.0452983163104926 0.231165020257574
0.231899398968951 0.0465208866004036 -0.187822864319505 0.0674984065127485
0.220832395029432 -0.138778409179767 -0.24741906190807 0.208662717727923
0.0816254648545962 -0.228589932275801 -0.107711088260943 0.414829700489993
-0.0583435772869508 -0.247161593174904 0.145339111424847 0.462695559876879
-0.176863805680948 -0.218387503544578 0.268387288461219 0.385549885369475
-0.171626891943064 -0.227585328147561 0.279601704918206 0.335562277593593
-0.128534300602799 -0.264357422803763 0.238675251726853 0.352314206744235
0.0420694355101064 -0.300961077549865 0.0807141813517479 0.369288043322126
0.20073233950782 -0.210903563827872 -0.117505074595513 0.316447403692824
0.322918193220241 -0.0578380585663887 -0.192708277895841 0.147146282357466
0.236393221027149 0.150575577658807 -0.166051760919231 0.0507786531692623
0.0705262229835227 0.248937050717769 -0.0732230108770728 0.0859588919608595
-0.0349224099154019 0.297320030700698 -0.147503970818749 0.295294073468866
-0.105010469020169 0.464471526183588 -0.27084205610622 0.346271949469739
0.143241028304776 0.421214715458738 -0.0587833077786023 0.124148181553122
0.415154806742317 0.140499455294655 -0.195952719516159 0.00219490223516652
0.425138386327165 -0.228609709945224 -0.254530226346771 0.133970762301287
0.171492495243532 -0.402369520421104 -0.140611105327746 0.294266342821186
-0.0592003653235633 -0.41916577868101 0.0709500128527125 0.339456311922306
-0.248108398104723 -0.363341697785714 0.168189379335861 0.266613595753981
-0.26862519247363 -0.344251901139795 0.182893643259782 0.217273680182861
-0.225817173295604 -0.379365103218846 0.183583202107131 0.210472344158456
-0.00316298061217084 -0.455283889125004 0.111420175165886 0.235218310497499
0.23251479601392 -0.383700232962665 -0.0079156881825623 0.24047847225923
0.480165636003597 -0.208077855522999 -0.0770347055077273 0.172426801446201
0.427672811514317 0.171589389892004 -0.10465080056532 0.126439809405724
0.150534356214933 0.409619722846947 -0.047828558192238 0.0824351329982817
-0.0744083515755062 0.491552458165237 -0.0704336544220738 0.178361949340657
-0.184096982990829 0.537870019159099 -0.209891709112882 0.148006701412505
0.0945661984149502 0.545774697700396 -0.0426482935069281 -0.00213917701628735
0.487476821680317 0.251715365384268 -0.152365371803522 -0.0627482961597583
0.566770488144005 -0.224864006090445 -0.191495429986681 0.043412067204064
0.273009312717433 -0.48387739220674 -0.117782522753363 0.12589758318711
-0.0170440177003175 -0.522959045057717 0.00912901404921003 0.153685456110925
-0.261638015294922 -0.459380397251878 0.0590142333691317 0.0964784884000878
-0.322887174264229 -0.410934241054694 0.0591505647340666 0.0668296140502906
-0.30381136969136 -0.433758814111532 0.0833841144280861 0.0436810295615606
-0.0767662217470197 -0.535905186840115 0.087795276676382 0.0612418619535543
0.196611576512242 -0.505161753756949 0.0599254826829666 0.0997200220384027
0.540569344188694 -0.353648183456925 0.0327402725714549 0.118123715523967
0.56766175118413 0.136819327783376 -0.0168122757239794 0.139800236082361
0.241308422677985 0.509288866261283 -0.0138773597293761 0.0427557438271528
-0.0885484348254775 0.629111899538576 0.0142863655998128 0.0146166706965414
-0.23317314929198 0.514957171574157 -0.106289485451009 -0.0500527490419096
0.0144751788386254 0.554558810973122 -0.0069282757745468 -0.108333913916578
0.436315490933593 0.316437255881203 -0.0745571275123129 -0.084411034059365
0.588557806036637 -0.150772695201159 -0.0694611159848538 -0.00985929631212445
0.329535319983932 -0.456894315495821 -0.023624188267812 -0.0366377860735014
0.0369096330863832 -0.529558961676398 -0.0076298294873386 -0.0581396568280527
-0.229728397241756 -0.47812621341725 -0.0335499417103108 -0.0953722336541006
-0.328518288215958 -0.412878971163453 -0.0698336367129081 -0.0949093814989972
-0.335692946453795 -0.426115847756561 -0.045300900109407 -0.121023059718344
-0.134220668878352 -0.532984522844004 0.0124816656218992 -0.116702342961635
0.13513814428277 -0.53349457436864 0.065938626190783 -0.0652992427924662
0.514161759023543 -0.428149219218991 0.0899981292948223 0.0134482464139227
0.613065753911918 0.0875665690514342 0.0480020458685025 0.0889979834310067
0.29796084743656 0.532245327273747 0.00969110796919007 -0.0405486661877378
-0.0848763212249736 0.679058014094203 0.0943365155148048 -0.178167671531686
-0.231539090485533 0.414713886618988 0.00942459290063113 -0.214263795589338
-0.0454041542649359 0.465718107739375 0.02267827649827 -0.168108917818255
0.321166057102102 0.301556325051678 -0.000801422172957608 -0.0457950840961295
0.488836302990045 -0.0813310523420268 0.0671964308546841 -0.00163820228539566
0.300218490179936 -0.353710688436507 0.107025450076013 -0.148519378102942
0.0612892097796481 -0.440203844436998 0.0153802386304934 -0.245896182075333
-0.172549217416117 -0.412422576870634 -0.101408722215853 -0.27313931879466
-0.284542063883128 -0.351100369240454 -0.185242242598588 -0.241382102006976
-0.309225730912415 -0.363628047281205 -0.174983451335908 -0.262621059324306
-0.144717022191292 -0.457459057024391 -0.0834955429990599 -0.272038581054964
0.0844045858327711 -0.473106782402398 0.036139965143033 -0.21445094715359
0.43372186370984 -0.402735856817356 0.101214828713818 -0.0952983670402392
0.556230016190586 0.0598679127684335 0.0760388208727856 0.00943374976837745
0.286292441922763 0.487864812656781 0.0186545843934568 -0.139589168448144
-0.0819880647170319 0.622384110632509 0.160687736528886 -0.364662394117629
-0.18347460493109 0.268971327455401 0.105826261911571 -0.330115060736405
-0.0498502119050144 0.322395563359797 0.0301453799251671 -0.187175197531594
0.209599485262457 0.209486011911744 0.0518825568753022 0.0206839063636064
0.319893920648959 -0.061916668109542 0.174790257406917 0.0322952912370823
0.187347862012906 -0.230635894601486 0.214410610628026 -0.212418796506172
0.0404980683922678 -0.284294080105491 0.0421354976358189 -0.376259896326226
-0.10763280220032 -0.273940127471977 -0.148990574765747 -0.401015028988411
-0.198439517429502 -0.232320480550379 -0.270445401106322 -0.351678202509967
-0.221769215217466 -0.256186262082114 -0.280587298319938 -0.368080548349969
-0.11188201457841 -0.327638588637556 -0.164358981650023 -0.390357281347881
0.0543783832273707 -0.350196134272882 0.00542509607426407 -0.330494745209737
0.318020796965377 -0.302202058878666 0.100877565701948 -0.182778774139035
0.420352230883181 0.050489671330033 0.089452943238771 -0.0661973904902707
0.213183835588068 0.380553646851749 0.0272372379755416 -0.220771124607406
-0.0799492495783538 0.466320017941754 0.209988611543966 -0.508693424424774
0.0450452769080703 -0.186186282015799 -0.156225481835118 0.567825790076349
-0.116780151329538 -0.188774475178415 0.0223436618714846 0.278672422717248
-0.227500143061489 -0.000965912447347378 -0.113084995547546 0.0843300128744883
-0.128464494801903 0.187952119904011 -0.17610891887434 0.219520369704676
0.0192949073688659 0.178367119953429 -0.0297461562060808 0.459010159089415
0.0647616203429156 0.126817960140709 0.211694495841832 0.500934745449643
0.083297863337214 0.10332746413727 0.34734749986544 0.435462113134439
0.084360376261785 0.0802397280734507 0.348541648598812 0.399501033714131
0.0414848463181888 0.0954786944388928 0.244695330112065 0.449811112351628
-0.0165257744782225 0.106783531541372 0.00378700193058395 0.436014523413571
-0.0699972311923735 0.0924810708838295 -0.224043356758601 0.286709965268072
-0.121743108215853 0.0330701795254756 -0.238246184396148 0.029952168477739
-0.0818650254886005 -0.0901128516989074 -0.135764897412328 -0.0594581680295053
0.0551318384639802 -0.152241667461422 -0.0901238456808641 0.110156148456903
0.125927979036587 -0.134744993050974 -0.221726107857322 0.387056405188559
0.0284151703890085 0.0636643850672108 -0.225272237917758 0.589134282932295
0.0177928581243901 0.000975907213746597 -0.00700114887163962 0.287887989623738
-0.00143167764540915 -0.000721883665364711 -0.148413091433221 0.100312787849533
0.0263543053124716 0.0157052078188198 -0.20479021176162 0.240865674227027
0.0318288146475871 -0.0217226345257641 -0.0528807384841946 0.467913543203468
-0.0126307438191636 -0.0548687077219876 0.208520667776098 0.512083470682473
-0.0607629394071729 -0.0533775978154611 0.343068700398739 0.43873874138588
-0.0504319659225704 -0.0775314349456891 0.344976360014186 0.397710608526701
-0.0392858778833595 -0.0977901534573139 0.26113592523374 0.4364355289164
0.0331112363727991 -0.105294637245729 0.0362292552731581 0.440625632852927
0.0905113393859312 -0.0433723057851327 -0.203573259610636 0.326272909251068
0.108923270739924 0.0238593913562959 -0.255199742521199 0.080641514168496
0.0568108178776941 0.0557148707662669 -0.172236117472746 -0.0298259719301571
0.0402736622142894 0.0520726717394557 -0.0827286762358387 0.0878319820160502
0.0385523172845745 0.0805838184405414 -0.197284512271028 0.368882667118674
-0.0202695096058823 0.298427759072451 -0.269182453429238 0.51386810559223
0.120485845569945 0.219365693459133 -0.0388323812361281 0.234091335627251
0.234173478326456 0.0405717837463197 -0.188386048466935 0.0713552229453332
0.219089641285672 -0.145247255428445 -0.24559308439171 0.215719658665223
0.0762915341633332 -0.232527639304901 -0.0989362548384064 0.420471056620307
-0.0640064112841159 -0.247592433954264 0.157139815823061 0.462964513424097
-0.183985716450158 -0.216160500044674 0.280168856815232 0.383502168849481
-0.177842468580185 -0.225192036378062 0.28978590115434 0.331692970828614
-0.136068468316056 -0.26301133321164 0.248248929081161 0.349621505072982
0.036230488371306 -0.305039170675166 0.0903393733226159 0.370247058284795
0.19753048142727 -0.216670964076382 -0.109833527163525 0.321868378658916
0.324717950944289 -0.0659398543315458 -0.190870536006621 0.152286605149968
0.241566923608025 0.146640071704265 -0.165714792959091 0.055300221025206
0.0769576093220877 0.249521148465065 -0.0724121926845115 0.088240993382204
-0.027623887896843 0.301007595662003 -0.140512555169108 0.300734803459903
-0.0942402522673439 0.471123704310804 -0.264696294626098 0.357287888178982
0.15387181838042 0.422151588560165 -0.055117991849289 0.126169169739658
0.421569615967577 0.131600276661798 -0.197943799469684 0.00633522708342706
0.421758681168237 -0.242516022485568 -0.253794206686034 0.14080896352594
0.162799163103756 -0.409739706288158 -0.135277872803958 0.300835144743358
-0.069004414457674 -0.420957575498802 0.0784608448238742 0.341353111405061
-0.257983176173778 -0.3614707868573 0.175773757359802 0.265122739305192
-0.278529236659993 -0.340292336363707 0.189160476117753 0.214980111339432
-0.235454168801099 -0.377390045237672 0.189597884617696 0.207885227317172
-0.013449429568885 -0.460039988136762 0.117568590036842 0.23419873171419
0.226013930256699 -0.391833681330395 -0.00147692198296491 0.243125980913767
0.478466223720525 -0.222112976514194 -0.0742242107459165 0.175586555906338
0.435428316086274 0.162527438955618 -0.101760253475293 0.129974282235276
0.161269271181574 0.409462338449082 -0.046979193249264 0.0841276594644736
-0.0630356328422466 0.497074453566629 -0.0666609985872927 0.180495425333153
-0.172287569623032 0.546966966347501 -0.207425350687575 0.153683692818877
0.10859454198109 0.549618949703467 -0.0421787097131755 -0.00189731207049668
0.496696521626301 0.240827550218754 -0.155784221188107 -0.0602560361466468
0.565248613369746 -0.24243257547214 -0.192749832094688 0.0482104661390018
0.263227803042894 -0.494668997071062 -0.116660965223995 0.13011451714887
-0.0299476796389361 -0.526872414131736 0.0123709670128931 0.154576696076669
-0.275079553845733 -0.458430321234687 0.0618554795043789 0.0963410763457102
-0.335616261044299 -0.404937296379543 0.0614917386588269 0.0656230868122339
-0.315416214285863 -0.430848402430292 0.0853173338487271 0.0419726764911443
-0.0886942969180216 -0.537546321153341 0.090475960177319 0.0590616248521491
0.187016496953396 -0.512229819494704 0.063896655273449 0.0991839852164483
0.536593642698037 -0.371013730583785 0.0350349113387996 0.118733032284411
0.575440000717546 0.124941600908387 -0.0128976126257858 0.141598053438255
0.255776080145074 0.507253137032397 -0.0134466084864889 0.0432275450086382
-0.0744628822322051 0.637693698139646 0.0145120446957975 0.0136198333042823
-0.222046173230423 0.524506543689746 -0.108310085429267 -0.0482526367069895
0.0266147728691724 0.559876139913519 -0.0091399664244102 -0.110143916063879
0.447313186152528 0.308524690603483 -0.0774077248576144 -0.0840829915854604
0.588468846740089 -0.166768488941857 -0.0701305414720454 -0.00888616358125334
0.321971543347943 -0.467089676915922 -0.0257395293312957 -0.0356856571831065
0.0239464277992198 -0.5361241124105 -0.00919186084798044 -0.0579378224615135
-0.244265683356535 -0.477760222864158 -0.0357881080645312 -0.0948614462749033
-0.341762475674327 -0.406737545465392 -0.0721506712478494 -0.0934096632610386
-0.350143238507215 -0.422056520311179 -0.0483921633775406 -0.120821464006283
-0.147637337045018 -0.534450691936207 0.0103892332490196 -0.118266023188603
0.123968669522336 -0.540868026414833 0.0661155790585582 -0.0676064496586942
0.508646851415872 -0.444517616501478 0.0905338602553421 0.0114544183019672
0.619301283342973 0.0746059286316342 0.051064844672617 0.0886574416540227
0.312678350457282 0.53028012516712 0.00841346177397786 -0.0406849200423726
-0.0699688797293934 0.685157329874305 0.0894308266107215 -0.182670409267087
-0.223240021472677 0.42298769950913 0.00445076799977324 -0.216279542116779
-0.0359822083531671 0.471573845514942 0.0186955463725911 -0.170857263841903
0.331243036666939 0.296050079388367 -0.00266132530383034 -0.0469904524862924
0.4900799752337 -0.092869016254972 0.0668753584994724 -0.003222529517101
0.294032349938072 -0.362670333384225 0.103129174219173 -0.151310139107741
0.051388862715035 -0.445768332091729 0.00968590158122682 -0.248079179041939
-0.183888016512061 -0.412079543143388 -0.107254973213241 -0.272362685975087
-0.294827537577722 -0.346283517209045 -0.191962502930013 -0.238909654332543
-0.320661527818909 -0.358904595930842 -0.182483203761698 -0.260644053326464
-0.157311331283613 -0.457943509230382 -0.0905635256970892 -0.27285938159096
0.0741770875212662 -0.480021857090641 0.0323654973598019 -0.21688696236884
0.426529429830089 -0.416783756442705 0.0998265438154481 -0.0982412145848916
0.561892544475505 0.046762925129189 0.0779247737365196 0.00851160777943906
0.300701955488044 0.485467057279576 0.0148485675116833 -0.141155848176644
-0.0686738967535092 0.630694543498018 0.151991354326428 -0.372870027880785
-0.179645863852354 0.275148164971607 0.0982217666609093 -0.335449395745999
-0.0424587489203108 0.326896767103266 0.0251362255386198 -0.190450069127916
0.215948472501318 0.206748601024116 0.05235728632786 0.0189197948284308
0.319821963138921 -0.0704783338706038 0.177322664441808 0.0288031505443343
0.183711941024815 -0.236499890096205 0.210609156870827 -0.2189787527028
0.0346863222914839 -0.287433353255217 0.0338338702533757 -0.37958617619593
-0.11536807079669 -0.273611010937438 -0.157716947067596 -0.400248345712579
-0.20536600620106 -0.229055020879571 -0.280398304495266 -0.347879834213533
-0.22940073950145 -0.25225070412518 -0.291020274909854 -0.364671551015696
-0.121211685896977 -0.327597088479937 -0.174172661328776 -0.389836393550401
0.0467345465889765 -0.354541121374468 -0.000674730384969715 -0.33301911137822
0.313328846721278 -0.312394851590836 0.0976433652195336 -0.185560580128179
0.424809145838687 0.0408131921788768 0.0896919013912258 -0.0682532866923786
0.223195889798937 0.378473646120696 0.0217169250020228 -0.222688156208877
-0.0706868330672634 0.471216029621903 0.198097931809618 -0.518305615065249
0.0414031583199048 -0.188912569540916 -0.142865441822586 0.575948521459678
-0.122797686076304 -0.188013597470702 0.0300668398278385 0.280250866903306
-0.229296327545808 0.00473687717354484 -0.112095662333964 0.0875718737117937
-0.124994589904552 0.192781508495947 -0.173049317733694 0.225169317343079
0.024280701872505 0.178928961923194 -0.0189251171519203 0.463228665411035
0.0682641403558334 0.126282905381935 0.225543966794795 0.499266754099021
0.0869148739192587 0.10240466841361 0.361565190897568 0.429010094372382
0.0870821783104662 0.0785077809419755 0.361745272780196 0.394586636605546
0.0449191744011782 0.0948596593739722 0.257379168510131 0.446516431689971
-0.0140294979456576 0.108246490951556 0.0135930770333398 0.440016859214399
-0.0679021755670228 0.0959816306131377 -0.218318228049316 0.294673644261767
-0.122093649137307 0.0369093371032169 -0.239894532257605 0.0360125947099542
-0.085551683923536 -0.0888105950031797 -0.138449697896173 -0.0564013569868222
0.0514108071601735 -0.156006432088919 -0.0878773082544224 0.113983131040459
0.123361612210169 -0.13908310912498 -0.212725161433534 0.397353251762388
0.0311593870276951 0.0632820282950392 -0.212944837624491 0.599285706690438
0.0183458562801591 0.000290668601838061 0.00125446213282158 0.290677490173818
-0.0015370925972081 -0.00107466271886352 -0.147789906642155 0.104947483872504
0.0270275895959829 0.0150297024323511 -0.201619148352135 0.247823729876558
0.0317405509969789 -0.0224181124746006 -0.0419670886479887 0.47404066872559
-0.0140005457468322 -0.0552126258795001 0.222650292587413 0.509899229483791
-0.0627682882403558 -0.0525871331186404 0.35613213910358 0.433564543585678
-0.0525801459631297 -0.0770599671533956 0.357606412391387 0.391699286019729
-0.0419631393394691 -0.0979248576675732 0.273866155023549 0.434051049684277
0.0315687215170176 -0.106932748672029 0.0475142612911407 0.443507239064707
0.0908039504189243 -0.0453926268219222 -0.19589946208158 0.334156048568613
0.11046099151584 0.0223374473222762 -0.25501160943651 0.087576333396784
0.0583722316996284 0.0547488604449283 -0.173822148373696 -0.0263076493173755
0.0416896071437705 0.0518095301229816 -0.0811115252913916 0.0907377779902025
0.0412429188204382 0.0802377668389656 -0.18882121095882 0.377782177030733
-0.0120593363535644 0.302354508423155 -0.256915783622353 0.525202483694482
0.127620700396423 0.217934815721108 -0.0328531600707247 0.236140688816906
0.23715431844515 0.03448210216566 -0.189028948534494 0.0761963456228646
0.217469477066686 -0.151908880911713 -0.242516319077398 0.222951066368083
0.0713408064878286 -0.236431813904123 -0.09036951579863 0.426928523431567
-0.0712470142239475 -0.2485655969809 0.169114302859792 0.462428008436518
-0.190749107954192 -0.213834093725533 0.291409038443644 0.380128440596778
-0.185000057533802 -0.222404394230761 0.299630506552695 0.327274322051012
-0.143074507408721 -0.26253433602343 0.25931551667844 0.346429654489986
0.029646887253843 -0.309074282289415 0.100731079896476 0.371015152929467
0.194801761917224 -0.223212862659247 -0.102202577647143 0.328094284427524
0.325583236771979 -0.0746745117494605 -0.18890504994366 0.158084419505172
0.24685877855623 0.142063685479532 -0.165896992699223 0.0598269033164748
0.0838959904528636 0.249672842891091 -0.0713285410242214 0.0912967280827744
-0.0205001114595811 0.304052244422044 -0.134551287878922 0.307520538964215
-0.0829520383303625 0.477487827701782 -0.257986196969169 0.366556666675203
0.166154029776058 0.422106626314998 -0.0517393689120874 0.128378299175518
0.429109974561298 0.121899268460963 -0.199611270599154 0.0102145210625481
0.420517158365387 -0.254174922409646 -0.252821370376973 0.147599269857409
0.153319137856565 -0.417824339323379 -0.130817246033031 0.30736220164117
-0.0806322481051157 -0.422695973066026 0.088236624045693 0.342087414050355
-0.269933698060869 -0.358301715485046 0.183426206092783 0.263865651138559
-0.289300342274919 -0.335775017591117 0.196078255398454 0.212120213947656
-0.247209290991502 -0.374798892313517 0.196517486298877 0.204917056809027
-0.024807788031308 -0.464322681924672 0.124876334796824 0.23340246411378
0.219618655841568 -0.400666548868173 0.00509895995299063 0.245658452303261
0.476316852829683 -0.234775584176631 -0.0702948319203202 0.178395859636262
0.442459033491872 0.154355752365915 -0.0992107210145404 0.133447949790055
0.173049193546141 0.410448242548283 -0.0456419370932876 0.0860153163741319
-0.052140173524323 0.50234022636575 -0.0631672313472047 0.184401930294606
-0.159949551094678 0.556409436395125 -0.205685199916527 0.160933442255954
0.123177713824977 0.550318600840672 -0.0418464316488867 -0.0016380795263268
0.506860873104282 0.230341856410011 -0.159075720672189 -0.058082632430768
0.56434314547847 -0.258216612176824 -0.193465132442952 0.0524679714003472
0.252734578958212 -0.506421279717769 -0.115974076710696 0.135187728963755
-0.0430743098019631 -0.531660136398306 0.0161017266524862 0.155986378136943
-0.289319456656299 -0.453268335267121 0.0646826808365681 0.0961554783118666
-0.348110582215974 -0.398722282431362 0.0635672720938587 0.0648068586673968
-0.330290290612533 -0.425038571073135 0.0874145798151832 0.0400931970704405
-0.103996314353604 -0.541949429003222 0.0930665459778529 0.0571375365979279
0.176954468149126 -0.522061402181939 0.067867517478716 0.0986980962664254
0.531687617852368 -0.387987044004218 0.0382851683316789 0.118933968596971
0.583701057913868 0.112909784167326 -0.00895651203928711 0.14270102683305
0.271284718751659 0.506237564975336 -0.0133251345390351 0.0440298989561255
-0.0586609146445191 0.643277016108829 0.0139796232246669 0.0132196124694935
-0.210215934584806 0.53478423499398 -0.110553799885453 -0.0456836294720635
0.0415540205078723 0.564823513088693 -0.0118678932388204 -0.111762441474474
0.457609681107593 0.299347524875095 -0.0806319852307995 -0.0838713913178873
0.5896239490039 -0.183412407380875 -0.0709711698915097 -0.00727913629914066
0.313251801828422 -0.480168277894224 -0.0283266056096378 -0.0351498811008084
0.0102058248972962 -0.540641972236306 -0.0110162438190501 -0.058299359235338
-0.25866015294786 -0.475821926484627 -0.0383787342427347 -0.0945311577638742
-0.35356209929045 -0.40138282634328 -0.0753359369246142 -0.0923718891163667
-0.363613079833511 -0.415777755462966 -0.0513684817396798 -0.120231270798108
-0.162639306533594 -0.535648747054596 0.00764243719365098 -0.120037292760653
0.112712448273416 -0.546975804355978 0.065767468295532 -0.0701021074878815
0.501058643364439 -0.461471899300348 0.0912548371222627 0.00981647367188044
0.625346424765016 0.0581283857657096 0.0548737306650645 0.0885972982744056
0.32865175859491 0.52820828333604 0.00660441171018204 -0.0414488060865982
-0.0541939656954369 0.695145282406195 0.0847428126647441 -0.187182906811523
-0.214966195824851 0.432314700435615 -0.00136387128420117 -0.218193638477596
-0.0240429058460925 0.477362795045267 0.0140282189064422 -0.174009793718577
0.34135372729179 0.290249384384973 -0.00466459179050381 -0.0476287130642748
0.491624880137103 -0.106855164533847 0.0676030020218667 -0.00540492481870623
0.287534607813443 -0.373492746777087 0.0994488998016507 -0.155455208625378
0.0411598584489 -0.45057533565232 0.00327578033049958 -0.249928769430061
-0.196264281766118 -0.411194217347788 -0.114846349456157 -0.271227182274319
-0.305511046406667 -0.341153281021936 -0.199313926559482 -0.236215329563396
-0.331958809644584 -0.353575103023464 -0.190592435949611 -0.257880792749186
-0.17068372164219 -0.458408007633137 -0.0975299983841256 -0.272502949289036
0.0633386185547645 -0.484864625853402 0.0285064119802541 -0.219706960376383
0.420086428882885 -0.43110979882888 0.0977288646686354 -0.100829722856486
0.569669959110508 0.0338984517460402 0.0795564292747436 0.00677528390786851
0.314712141866797 0.482485742226907 0.0110304599547719 -0.142007664617183
-0.0546429618002398 0.638358494696364 0.142356550623307 -0.380688542449038
-0.174520670202669 0.281663857379095 0.0896232514536243 -0.341099052102054
-0.0355025600349194 0.331929989761068 0.019678331094679 -0.193782778715949
0.223205855697864 0.203326683517583 0.052323635723664 0.0171356688191155
0.321446567562133 -0.0798514923748051 0.179626819715097 0.0246568621074617
0.178945185282516 -0.242819160300646 0.206261665070491 -0.225322956818966
0.0269448892434794 -0.291456361085889 0.0251275874160611 -0.383704571868116
-0.123897158533869 -0.272891860088506 -0.169406854980296 -0.400493383588844
-0.211815728721296 -0.225398910561232 -0.290832267349624 -0.344101307476401
-0.238437553018138 -0.247958441722123 -0.30218142579331 -0.359729173830384
-0.130450034835245 -0.327961845205225 -0.184846673520656 -0.389196985910548
0.0375313898339728 -0.358064597205272 -0.00765595056386626 -0.335978157120995
0.308444500892631 -0.322829896805327 0.0941771757210786 -0.189210785425208
0.429930752671594 0.0312035691062487 0.089420538738275 -0.0707786355899425
0.234344374740779 0.37743776502749 0.0162099857242728 -0.224414682282483
-0.0594323758144404 0.476932001582365 0.185196648817271 -0.52782814949783
0.0370303858637017 -0.191880224475415 -0.127933412973196 0.585034806396834
-0.128245835392723 -0.187108828555868 0.0389065120048212 0.282093120558825
-0.230745202087868 0.0113279910157797 -0.110669234692088 0.0914251127852281
-0.120222792326661 0.19838111739119 -0.169312048446384 0.230962827001807
0.0291806325646699 0.179729707881707 -0.00643699986234546 0.4680115908103
0.0721271379106508 0.125632620099489 0.240240871067703 0.497711797212846
0.0907397689767125 0.100982221906978 0.375289035765077 0.422754829675367
0.0897331801044853 0.0762222961985101 0.374863421244301 0.387710008898888
0.0480534361044239 0.0942267652478362 0.271703188753642 0.44277684143753
-0.0107202721980272 0.11020952093913 0.0268373763940535 0.443465936822251
-0.0651405022181628 0.099211354860799 -0.212097450215452 0.302995447158949
-0.122155140846046 0.0412357163569462 -0.239924363492399 0.0423692575253518
-0.0891213958430974 -0.0875055072528848 -0.141274736253036 -0.0535055357737753
0.0474447472532197 -0.159084493323854 -0.0848558938836746 0.11773937001183
0.120719567034817 -0.143988881517967 -0.202168474103413 0.407011280131632
0.0340968592815424 0.0629929851000308 -0.198148996554392 0.611874601440124
0.0190996995154033 -0.000811037204074098 0.0099005838463734 0.29352557875125
-0.00156754626466295 -0.00126855625262421 -0.146717194960978 0.109417819550393
0.0275092343566418 0.0148041135090029 -0.196692685993006 0.254372530406228
0.0311981289959385 -0.0235686424498216 -0.0295280261549153 0.479435267764957
-0.0156539968152381 -0.0554291466049655 0.23798779316661 0.507615379402537
-0.0647406956727164 -0.0516923886515104 0.368756458506211 0.426818253497633
-0.0550623066748392 -0.0764114180386178 0.371491526382742 0.386103910449344
-0.044809247273294 -0.0977702840477017 0.287960756151113 0.429671434495286
0.0291595166485492 -0.10891869161289 0.060000560564053 0.44628580364533
0.0908280755748439 -0.0482858158661412 -0.189020603831032 0.342708083421983
0.111920318737855 0.0196067203404163 -0.254528755390055 0.0946629586412248
0.0597574473420458 0.0540272217872118 -0.17591613187601 -0.0216506258786489
0.0437105710469613 0.0509146601027703 -0.0795796354350308 0.0940772448488002
0.0438958689099809 0.0798932962405026 -0.179592091246096 0.386334593189569
-0.00310378043133044 0.30492793761713 -0.245930700074405 0.537970810527139
0.134760594609703 0.216380227313852 -0.025979462371384 0.238955827621342
0.239168630519908 0.0280945950020291 -0.188649452389986 0.0815770233872797
0.214556072564404 -0.159725636531204 -0.239720806587636 0.230652031470973
0.0652617479892419 -0.240276430622198 -0.0809837504866531 0.433925415610884
-0.0786800478862341 -0.248832237774087 0.182561614413231 0.462041263337938
-0.197838478586414 -0.209748334623995 0.303452528391467 0.375123636522523
-0.191758971157257 -0.218983568316878 0.311945497441929 0.321213332228253
-0.15123156214413 -0.261281279949334 0.270013554059008 0.34209034915526
0.02154470313947 -0.312852664331694 0.111671637148627 0.371513264931095
0.190583776084358 -0.229852768657863 -0.0935394331364127 0.333503215213757
0.326530461221647 -0.0839894686831615 -0.18592306119502 0.164501307532653
0.252797731539116 0.136868159806604 -0.165232857278531 0.0641007929679937
0.0915042643858832 0.250118421355979 -0.0696805469199116 0.0937021089380386
-0.011957087904729 0.307613589568019 -0.127552190139719 0.313676791839299
-0.0687104376839353 0.483815824425577 -0.249059459900927 0.377115683305662
0.179799963563835 0.421508053620189 -0.0471605452730181 0.130475062145895
0.434699148156436 0.110458864662228 -0.201299413554985 0.0150545442597266
0.416767556967372 -0.268865339119679 -0.251998887379221 0.155730192980291
0.142984048251693 -0.425093179898302 -0.124361912591064 0.314489505182048
-0.0924721066066744 -0.424184984077908 0.0973131309152215 0.342975550896543
-0.28147232777907 -0.353965137955241 0.192988086678464 0.261563014137098
-0.300594168533749 -0.330583275020133 0.203663597232375 0.209214821873263
-0.259212534320914 -0.370862355226354 0.204406727927363 0.200897273763171
-0.0376818059287556 -0.467956045326005 0.132773637845419 0.231377580301842
0.209734361078988 -0.409425627107834 0.0131455143367836 0.247439685087819
0.474392889552055 -0.25049547991614 -0.0660822730197037 0.181506476661656
0.449669835446746 0.14351774381289 -0.0952336209333608 0.137365706071717
0.186322335717154 0.409002416514215 -0.0446875476720878 0.0880430601462111
-0.0382173460429565 0.509532177121626 -0.0591591907294153 0.186943423351005
-0.144109209674313 0.566054719108144 -0.202838213731521 0.167994497369932
0.139510867273939 0.553852734027237 -0.0413583920957546 -0.00108249376554543
0.516006310302842 0.218640581640273 -0.161816107338924 -0.0551144518443924
0.560662999456566 -0.275871473541223 -0.19396833532401 0.0578935502942736
0.240844868335538 -0.517367777353748 -0.114396071068828 0.140036607520787
-0.0577412123917625 -0.53500775133091 0.0209014310757008 0.156993571533923
-0.304312046090436 -0.449905985445304 0.0682727081183068 0.095639563167507
-0.361287930225623 -0.391463672362808 0.06581582580945 0.0635101108005503
-0.344253996119145 -0.419435621505291 0.0895195919438034 0.0384041103584136
-0.119293205509811 -0.543875415399162 0.0955038155984917 0.0546755026284835
0.163768087087965 -0.530512677306656 0.0723338142604446 0.0977247473198881
0.52490776759779 -0.405304641074774 0.0417382743885348 0.118529857855416
0.590958357466141 0.0958239139355874 -0.00450625729554548 0.144580229613976
0.28686431496181 0.504633470313984 -0.0132018277084991 0.0447861213672494
-0.0425943387253118 0.650490881223967 0.013355169624658 0.0125313589865265
-0.197049675166254 0.545377529721102 -0.112710094233091 -0.043279889726839
0.0578075776084694 0.569801279364321 -0.0146452982642273 -0.113046295631384
0.470492484372041 0.289139457133016 -0.0843881003186835 -0.0827210657130266
0.588018661899564 -0.202402743709712 -0.0721509733144507 -0.00598901011467829
0.301292394334076 -0.491953416042201 -0.0305713688791629 -0.0337818957330443
-0.003937890488557 -0.546137956375034 -0.0123849412833957 -0.0577391815233337
-0.273208777064473 -0.4739016076164 -0.0406668563394309 -0.0938801753353371
-0.367915895400783 -0.39462871807862 -0.07817081896527 -0.0909006023042047
-0.378558831260337 -0.408853974565302 -0.0541592579381901 -0.119875175563508
-0.179250998439423 -0.536560270605837 0.0045843592092112 -0.121414192641016
0.0975905647553906 -0.555428100419336 0.0662311221566736 -0.0720253445142447
0.492117360961048 -0.479750417801002 0.0921783382763151 0.00758892324330615
0.632981953069688 0.0439641034054562 0.0588903493710533 0.0875190862446752
0.34572393909948 0.523046719443197 0.00491577305654535 -0.0415429703816276
-0.0371756594118752 0.701922812615529 0.0787178497385891 -0.191251078993828
-0.205305783607981 0.442601673736658 -0.00726051145880457 -0.220087224608852
-0.0123771893014856 0.483362554683676 0.00887808012488209 -0.176741544638994
0.352046445389734 0.283722771974098 -0.00684294145338197 -0.0483682917990753
0.492023954020395 -0.121736330503505 0.0682275678487935 -0.0070215223374866
0.279829940109039 -0.384454559223873 0.0956928181576843 -0.158320702928684
0.0290704021687596 -0.455621066868955 -0.00308462504640694 -0.251514829125098
-0.209395284091357 -0.409608795470828 -0.122971873423141 -0.27130806043565
-0.316566071578886 -0.335177810408047 -0.206976169325613 -0.233320230255538
-0.344679302974438 -0.346380953303703 -0.198876490020135 -0.254707014470543
-0.185035230910468 -0.457655981671799 -0.105571654831118 -0.272598228632614
0.050402653836177 -0.490630796406442 0.0236793241039888 -0.222411866923445
0.4115882393133 -0.447288197399926 0.0962092772069595 -0.103899678681568
0.574749425080959 0.0195394060514692 0.0816371513465112 0.004875948145985
0.330893877653051 0.477837154869153 0.00670516346344152 -0.143146685458178
-0.0374662111903121 0.645065014888397 0.131232436378733 -0.387888390272988
-0.168890501351625 0.28974509853008 0.0807029470778198 -0.346814952990715
-0.0268741709723922 0.336747458926642 0.0135526360189747 -0.196982815844512
0.230513727323566 0.19867466316631 0.0525065217095638 0.0157767364903223
0.321221008263125 -0.089181769992487 0.18193809535288 0.019751768164919
0.174097216644265 -0.25019198808219 0.201440928654707 -0.231994863583184
0.01893256652938 -0.294933730523726 0.0150588918013815 -0.386586788676347
-0.132055485913504 -0.27185127389253 -0.181338585511947 -0.398745859964876
-0.219704829042329 -0.220626996498017 -0.302679033216753 -0.339686092613935
-0.247242765009042 -0.242634115572181 -0.313878412725471 -0.354598134666345
-0.141066822706982 -0.327284279116696 -0.197686316028331 -0.38780997503401
0.0281561584866683 -0.363254827562348 -0.0159193312773196 -0.339410657494812
0.301465196446498 -0.334985180140917 0.0899899108393194 -0.192509415984756
0.433727156033605 0.0203709378677191 0.0893528622340972 -0.0738895597730677
0.246612170630786 0.374465496419812 0.00964885408244963 -0.226504044383695
-0.0480290673944687 0.482662384312176 0.171215455037872 -0.53759817653526
0.0323952105594359 -0.194334175997449 -0.111140433652481 0.593688680285381
-0.134620562594594 -0.185623272473644 0.0479961703621541 0.283522129300542
-0.232561970510505 0.0179868957118716 -0.109080244760242 0.0951213711650044
-0.115249116562264 0.203619388276588 -0.164485177278418 0.237328613783845
0.0347515599596351 0.180407936532701 0.00661394678039709 0.471205174503391
0.07646578693789 0.124401495640574 0.257143294014073 0.493832668029703
0.0946641716353053 0.0988872253759647 0.387934875946518 0.415646946348719
0.0927861076962534 0.073679565164968 0.388827259897497 0.379958478399835
0.0519183214377984 0.0932451247642851 0.286556632183239 0.438033401035415
-0.0069237532083285 0.111479561111916 0.0396148954083247 0.446326327505835
-0.0624503176501271 0.102318410576609 -0.205181953970667 0.31200242614832
-0.12198428434194 0.0452449672239389 -0.240818384897866 0.0496796530293802
-0.0926394707156196 -0.0857322766042537 -0.143941041688699 -0.0501447479469871
0.0426833172407721 -0.162081640529109 -0.082041122317668 0.121794620586139
0.117601166133699 -0.148590185877051 -0.190271640769471 0.416947759385384
0.0369971894136705 0.0625625089079546 -0.179734264983005 0.621782836784363
0.0189278541818207 -0.0015510242224009 0.01950260935686 0.294908331394455
-0.0018284954386498 -0.00140966898511492 -0.145222582506795 0.113956006203304
0.0283914227160978 0.0137388365519316 -0.192188747069169 0.261732209104346
0.0306148822504298 -0.0249328055159642 -0.0163140324761108 0.483873436359382
-0.0176052458135726 -0.0552847112645603 0.255269567604671 0.505446600279368
-0.066763848835987 -0.050140606580336 0.386342040607514 0.421276160531354
-0.0577415690831248 -0.0755621844372644 0.384712723894887 0.378269954528482
-0.0478916160962097 -0.0973124398601499 0.303014547380158 0.424088605306557
0.0264603669360297 -0.110690655387258 0.0731463938599311 0.447528102517232
0.09085903402978 -0.0507317390222046 -0.179766199521228 0.351149031097551
0.113379046079533 0.0167506069119831 -0.253616504259865 0.102642052258409
0.0612072655904232 0.0527375747491612 -0.178065095828758 -0.0171813465384406
0.0456650304233921 0.0500601123702371 -0.0772177092526051 0.0967366889159507
0.0467993872216289 0.0792880011174267 -0.168305018772341 0.395291690638268
0.0065165301335292 0.307429788461657 -0.23170773567265 0.549732403181959
0.142004466839007 0.214077901623429 -0.0177847782469347 0.241290747075906
0.242393389759804 0.0211808122531009 -0.188492180079342 0.0874048654454695
0.211055191149723 -0.167209154726015 -0.236121541176788 0.239315008772374
0.0588096508596611 -0.244274852824922 -0.0702848552473248 0.439201782927703
-0.0866414976646535 -0.248697892553159 0.197224385807008 0.460230734517716
-0.205736923262864 -0.206512006773278 0.316873861041114 0.36934668499192
-0.199717897850466 -0.214881570289846 0.323543613936936 0.315897018445876
-0.160224900510457 -0.258825326576027 0.282988965485803 0.335738174333198
0.012750751864079 -0.316126979076641 0.123734975138949 0.369835777163012
0.185835245040453 -0.237308368779311 -0.0838520590832005 0.339605322980132
0.325905823781091 -0.0935192908483486 -0.182659874986694 0.170508907383694
0.258172971870094 0.130006067496422 -0.164271480639648 0.0695654147632821
0.0997636399896747 0.249619944979079 -0.0673779181032726 0.0964326579070917
-0.0027973134394541 0.310492557299687 -0.11827745422009 0.319168804879155
-0.0536056839969337 0.490598145801897 -0.23994603884535 0.386957819596948
0.194348000408636 0.420278993078553 -0.0437369437819281 0.132030259781304
0.441685822722827 0.0981429129371352 -0.202536998155412 0.0203163604910014
0.411134963345599 -0.283148705447201 -0.249734819872335 0.163708252183894
0.131277568372088 -0.433266018815826 -0.118010805045251 0.32089204796584
-0.106745820184814 -0.425263917646498 0.108030479444272 0.341997195308706
-0.294871647494265 -0.348622235164675 0.201268354616301 0.257542534882021
-0.312113358555899 -0.323529666799916 0.211210629317964 0.204887672194712
-0.272747187964005 -0.3662777451532 0.211535801162305 0.196122012630129
-0.0513453453704135 -0.470810523027597 0.140948377623197 0.228292075305762
0.200628945603461 -0.41874304058878 0.0215671397075893 0.249218995648542
0.469937626085089 -0.267101717208896 -0.0615502675172882 0.184760536814472
0.457411364226507 0.131194649767866 -0.0915411090857104 0.140741476025935
0.199951518942085 0.407830436160461 -0.0431475121015552 0.089667626900545
-0.0226287377349721 0.514218912322619 -0.0541464664806754 0.189970535471881
-0.128287751329855 0.57458541221247 -0.199676702913507 0.17543173448653
0.157766516559294 0.553224884723287 -0.0410933662827701 -0.000795972914231605
0.527187422678094 0.203193758120319 -0.164995180117216 -0.0512352632794853
0.556597586545184 -0.296095441957937 -0.194294683231019 0.0632298414300036
0.226726194227705 -0.52819693914574 -0.112439361764541 0.1452229714932
-0.0738861634372458 -0.537899473227949 0.0250399861040886 0.157705778521788
-0.319295244708943 -0.445319075506474 0.0721301771617393 0.0950670333994905
-0.375918715656815 -0.385639431655498 0.0683704428337594 0.0624082502891791
-0.35866766957732 -0.412596128896147 0.0916443514230403 0.0359743855048857
-0.136361638543829 -0.545345582527657 0.0985347307964784 0.0524267363146043
0.150493484111737 -0.539476295647594 0.0769474791015275 0.0966868760024568
0.518075126618315 -0.426330790514935 0.0446175258787656 0.119007881421516
0.598621801779771 0.0800218669880692 0.000368718888843956 0.145332458467188
0.303604392587747 0.500577382941937 -0.0123881060225267 0.0456129554162913
-0.0230779937863463 0.656848956342296 0.0126872888670281 0.0116851641413365
-0.183004855679428 0.555102581285133 -0.114668507527364 -0.0403151432967876
0.0734132725018288 0.573749520714487 -0.018264696704207 -0.115045586831914
0.481190524831443 0.278087252053283 -0.0879429433291346 -0.080968308461535
0.586652619294722 -0.221358941437219 -0.0734696834256893 -0.00402691430006796
0.288131914606681 -0.504343207542607 -0.0328307541952569 -0.0325012403196494
-0.0203653161134123 -0.550582297527028 -0.0146640249524199 -0.0575283916217723
-0.289094572986121 -0.469188921689516 -0.0435090106679459 -0.092869757770044
-0.380877539796597 -0.38668010248148 -0.0810730638116184 -0.0892506882788784
-0.393815602682321 -0.400087628032244 -0.0582229919689781 -0.119150789500122
-0.194549446500837 -0.536537760263083 0.000923675723206095 -0.122600764065018
0.0827846765702849 -0.562948661868538 0.0656927597851358 -0.0745470334651252
0.481269981258617 -0.498976188431715 0.093546248532284 0.00554996013924158
0.639759207090141 0.0260426671274154 0.0627195944617194 0.0863686226582653
0.364225733506989 0.517619160457022 0.00309608600300685 -0.0416304400986412
-0.0158887629136126 0.707854146202218 0.0723824154182831 -0.195818968358623
-0.19321555853347 0.451220775285987 -0.0145718235440265 -0.222081865857106
0.0019486992363866 0.489744053064011 0.00335645853152653 -0.179556694317985
0.361937172492639 0.275243568570886 -0.00901386067011214 -0.0491637930969271
0.49307459901348 -0.137038760000878 0.0683038807175088 -0.00919111602541334
0.269979067295045 -0.395714909152074 0.0906734405320645 -0.161647483419659
0.0158434871902993 -0.461032609829636 -0.00974286092822211 -0.252990195787687
-0.223741217344709 -0.407573222505019 -0.131292059238754 -0.268853718525535
-0.329508468426757 -0.327397193408148 -0.215205275046105 -0.228393043966339
-0.357664537453373 -0.338696163133651 -0.207102028805221 -0.25067468291623
-0.200057290556887 -0.456572094507169 -0.114551843687393 -0.271588560300204
0.0355319026563807 -0.49538258648307 0.0185990946017564 -0.22533204114463
0.40113780123951 -0.463988820334759 0.0936353912742236 -0.106689976350507
0.578347909109759 0.00384853912526973 0.0837212227371555 0.00245617471863345
0.347299661790766 0.472956743868633 0.00221948244332775 -0.143852650857013
-0.0189961549541901 0.64971240278603 0.11853132076512 -0.395715155644301
-0.161899188206596 0.297142162740964 0.0709867352992766 -0.35171114472855
-0.0167812595563954 0.34127636830617 0.00684272069612245 -0.199282151359727
0.238395556704036 0.193733426746815 0.0524648924365611 0.0139680788606676
0.320643719639009 -0.099831781626057 0.183370588247114 0.0147394928683172
0.167520161309403 -0.257314782694635 0.195931345056803 -0.238748733178785
0.0105451375677271 -0.297714640430693 0.00378840537421395 -0.389780746025688
-0.141533845542523 -0.270056487679803 -0.193800787173653 -0.396606807062133
-0.227852157065366 -0.21518492372527 -0.31524281943634 -0.333082102058589
-0.256538995732278 -0.236257133677202 -0.32605346311857 -0.347769061217296
-0.151715669227348 -0.32640030567529 -0.210135459974182 -0.384726843157874
0.0181213346119542 -0.366680393598915 -0.0254759792143658 -0.341656504035116
0.294095124717843 -0.347150902184726 0.0847348673607281 -0.195749819087182
0.438057508774693 0.0086280694104555 0.0891956734005213 -0.0764346272921728
0.260434146178699 0.369539662024332 0.00293319603419518 -0.227935903465082
-0.0336517500254315 0.487739813103183 0.155197357772294 -0.54778299432667
0.0269104964877192 -0.196320912200263 -0.0915480848124511 0.601309727056711
-0.141253910642447 -0.183235072754548 0.0586607664879694 0.283701453855087
-0.232935495070159 0.0251038478083261 -0.107058913545354 0.0985755015588958
-0.109302087623432 0.209108331986926 -0.159539428972139 0.24304384938901
0.040859129744834 0.180235760316552 0.021205100404761 0.474464387429687
0.0808305076696282 0.123003813884178 0.273754028688352 0.489610539372661
0.0983058573198422 0.096447199335937 0.404113962309216 0.40691973026656
0.0954721712687934 0.0710209713815894 0.403889860259977 0.370703673449425
0.0553527526911989 0.0918244985373793 0.301856752603658 0.431874035437008
-0.00309458528268822 0.112593706384458 0.0538095459246083 0.447845409619934
-0.0594108566950417 0.105533814713105 -0.196799258938669 0.320174048257441
-0.121606728614357 0.0496876296506743 -0.240610338079482 0.0571604905323843
-0.0963842749516556 -0.0834944266782228 -0.146474201838191 -0.0460139476595976
0.037839574605909 -0.164774496402256 -0.0783388506407814 0.125012442218932
0.113706554328956 -0.152676858068529 -0.177032339082445 0.426004345150188
0.0396959518531115 0.0622619083761416 -0.16154379571075 0.632737547150789
0.0194421500389619 -0.0022630643540207 0.0298668628298199 0.296230537855105
-0.00178159002810761 -0.00203504812015591 -0.142605196939136 0.119125138322823
0.0290599190038907 0.0132207123622428 -0.185573868407622 0.268824980553088
0.0301828924549784 -0.0257296583466285 -0.00141601233350913 0.488239028622475
-0.0197037284206763 -0.0555414047312175 0.27048172688538 0.500252456929449
-0.0684194003000934 -0.0482854415141548 0.400527971176536 0.411793939824615
-0.060277668313098 -0.0747770392102727 0.3994917668288 0.36822299755532
-0.0510223871909693 -0.0970071187346532 0.318206878253063 0.417018794014216
0.0237317539449824 -0.112430596030717 0.088357662079534 0.44877204003611
0.0905841891097558 -0.0534245393379798 -0.169497186625659 0.359340744648995
0.114083687705256 0.0141146666913902 -0.252315852076541 0.110815235598159
0.0629996467640849 0.0511308081256212 -0.179588904108196 -0.0120160726622338
0.0470621783398559 0.0491391498353487 -0.0743672479437416 0.10044434553969
0.0497763784604824 0.0786764198585798 -0.156362018515483 0.403974784173697
0.0172357501388534 0.309413589085097 -0.214611449291075 0.560722036155858
0.150484769176663 0.211391063778479 -0.00922770564143372 0.242874258200038
0.244061032152062 0.0127685500210727 -0.187216917482397 0.0939026564655429
0.207325828992394 -0.175331291658795 -0.230548498105 0.248346206478856
0.0511389328743079 -0.247988196940076 -0.0577040974527527 0.445694642719431
-0.0953983300906404 -0.247738625826727 0.212596966831723 0.456804892974326
-0.213595667472174 -0.201549164542527 0.330411597305161 0.362989588072486
-0.207615378834332 -0.210183732618535 0.335524320122632 0.30755854312991
-0.168513365607652 -0.256106363292034 0.295209533070036 0.329217935550216
0.0029216130458763 -0.319250193266285 0.135824758637759 0.369133254614779
0.180293275380576 -0.244149912781231 -0.072794412145937 0.344212113555119
0.32551107219303 -0.10480638517147 -0.178596835375298 0.177463203518559
0.263766613476079 0.123213027263472 -0.162939712448555 0.0749231204262052
0.108686564121483 0.248508922434008 -0.0656700599423947 0.0991370609837697
0.00728478889298877 0.312537599577506 -0.109134168146081 0.326431669163577
-0.0386898900040213 0.495599878516139 -0.229483440887301 0.39801487073057
0.207539170106836 0.417520251573907 -0.0384604734975612 0.133449733142702
0.447532231654833 0.0849074353298175 -0.204066738601355 0.0261590163172526
0.404436853170432 -0.297874058023636 -0.24791562513624 0.171952322925247
0.119183967889886 -0.43997572137306 -0.109629490287396 0.327588295644405
-0.119604230048054 -0.424376957210717 0.118749221709732 0.340951586954971
-0.307028331529338 -0.341715658439224 0.210974457062622 0.253577079292891
-0.323672728609266 -0.315167681278868 0.218473012001459 0.199531434087406
-0.285444300583045 -0.360430260888419 0.218883719907185 0.190889647562728
-0.0666615458436917 -0.473361527679646 0.149119055590269 0.225930814233269
0.18871250552231 -0.427860686301945 0.030548985529697 0.250260399579056
0.465147658126892 -0.283508335329546 -0.0569609826486334 0.188335062135084
0.464267460791444 0.117712993196662 -0.0874299422624649 0.144355587851774
0.213743097428518 0.404127595456025 -0.0407531150494397 0.0920511761105982
-0.00613892261967755 0.518534057514698 -0.0496669768681882 0.192422652240825
-0.110430102187569 0.58226076277119 -0.195009768807935 0.182945605286225
0.175743892601523 0.554748170287619 -0.0411222251818763 -0.000138582829518914
0.536804759937938 0.187143011936864 -0.16824066346814 -0.0471602433606671
0.550306157539531 -0.315244783551545 -0.193802983514249 0.0693579611999876
0.21099248991051 -0.539005221589529 -0.11005372163446 0.150391059768114
-0.0903941739460932 -0.541261377476903 0.029955325111051 0.158539706539594
-0.335542466125726 -0.438781071695833 0.0753750130167222 0.0940156142304212
-0.38988055635195 -0.375204501544667 0.0711678390833817 0.0608762686674857
-0.374670640802827 -0.404949877354962 0.093454840362306 0.0331502907001629
-0.154011835453402 -0.54548555389534 0.100848270330379 0.0491306077792701
0.13492759354253 -0.548670467079404 0.0816235046387786 0.0950856369962577
0.508927358918419 -0.444080106166783 0.0487190923529791 0.117922999290108
0.605494112045195 0.0625602012067272 0.00575931949009631 0.146407395466819
0.3224990284925 0.494419098372461 -0.0119581515641544 0.0465256985529016
-0.00160678244314678 0.662395986192949 0.0124078254023808 0.0108660945328157
-0.166204132568885 0.563846573118739 -0.117076910508277 -0.0369542417431314
0.0928933164506893 0.576095900685441 -0.0216222668643587 -0.115581357091245
0.49290121848702 0.263077205083419 -0.091740531186623 -0.0794182136741394
0.583507742086958 -0.241234211042417 -0.0740583644701018 -0.0025204784605495
0.273812775331541 -0.517038392850162 -0.0354895645783854 -0.0304173241539235
-0.0371136718465456 -0.553603424540782 -0.0163634343227684 -0.0571906756574095
-0.306469458195699 -0.463823825377795 -0.0468299047896119 -0.0918152331445403
-0.394909271863605 -0.376768627551124 -0.0845747228146437 -0.087413906530536
-0.409578698274157 -0.389836680967935 -0.0615821508406692 -0.118230053634103
-0.214135917683496 -0.532937966739055 -0.00178539933501198 -0.123852211176459
0.0671429805698539 -0.56897431931868 0.0648317903104449 -0.0770803212488683
0.469661155483547 -0.519710827893178 0.0934765742165252 0.00361655929868778
0.644930814065971 0.00568354692668986 0.0671160419012447 0.0847988873248418
0.382852594182194 0.511750782091253 0.000973209707891293 -0.0415867537688647
0.00654757553871671 0.71381609533867 0.065320768760014 -0.20017206271224
-0.180637411771633 0.461344843597389 -0.0219235014747791 -0.223205361299485
0.0173511280975646 0.493455838172583 -0.00295697444594838 -0.181421342689544
0.372882598522855 0.265590092860063 -0.0115196566229678 -0.0493908995981455
0.491102759725663 -0.155565140755255 0.0681311247681257 -0.0116435124617838
0.259561719069551 -0.406282147385711 0.085333783314836 -0.164375391821986
0.000911951324734929 -0.464180942687548 -0.0180716097440404 -0.253956275424837
-0.237902024683865 -0.402201447829351 -0.140802794447931 -0.266984347714625
-0.341314962049888 -0.318795562368734 -0.223827642109403 -0.224032409859628
-0.371131025083925 -0.328604817970112 -0.21574191691886 -0.245994610330859
-0.21706354701921 -0.454474969112807 -0.122983508323313 -0.269677614602961
0.0214282133550134 -0.498944017386079 0.0132375456750082 -0.227322138281522
0.389191146866788 -0.479234064716218 0.0909464016982592 -0.109405614524638
0.583065459152856 -0.0151348685889156 0.0854459311834842 -4.89784674719526E-05
0.365484200080509 0.465136043644726 -0.00302923687355331 -0.144479095050698
-0.000651051966752823 0.655622837080554 0.105925931427033 -0.401596906370295
-0.154524659653545 0.304419595244036 0.0592710717801616 -0.35682108699785
-0.00678998016322316 0.345110351557118 -0.000834811809935801 -0.201188064602003
0.245744885916344 0.187559236197632 0.0520016651172994 0.011935118073505
0.319366273083395 -0.111216991434341 0.185290897897657 0.00955283301661805
0.160691839792061 -0.2643677977045 0.188853602956861 -0.246565194033403
0.000677432761913759 -0.299897906650488 -0.00797971009773872 -0.392758058992857
-0.151192753833949 -0.267551563333433 -0.207251008670068 -0.393270583540508
-0.235640340047856 -0.2097568305382 -0.327024905241706 -0.325755305800569
-0.265760548281773 -0.229480788295028 -0.338526714039602 -0.339973229800238
-0.163639784487816 -0.323521762357057 -0.223674971363246 -0.380616948681883
0.00657621064577374 -0.369384795160554 -0.0345938266737648 -0.342801268627066
0.284625337879537 -0.358360397316201 0.0797303569917439 -0.198863416906212
0.440909288383727 -0.00521108242022282 0.088724245625748 -0.0796603502148948
0.273456164839525 0.364524852061454 -0.00479113583887472 -0.22875979877088
-0.0191591904290963 0.491943661827688 0.136492888582021 -0.555746010224829
0.0214899626562632 -0.198685204204396 -0.0724676667169207 0.607668716947771
-0.147654004078908 -0.180402801630724 0.0685508607129818 0.283313265816373
-0.233238303995231 0.0325056172939195 -0.104647375123658 0.102658796715331
-0.102176589473981 0.213916930058815 -0.152908691291062 0.249566202535601
0.0467728122291991 0.180138565444441 0.0367829855490393 0.475713574317919
0.0848686549785375 0.121017561978845 0.290517499062116 0.482055050843942
0.101999074854583 0.0938608732755541 0.418231983986456 0.395685549978369
0.0982011092860655 0.0675049785754586 0.417104402207906 0.359775365256152
0.0590822461298831 0.0901517385154951 0.317306058340281 0.423423320710282
0.00112637870616273 0.113734828685943 0.0698300969035699 0.448726335311508
-0.0554871122160888 0.10844532191915 -0.186951426659215 0.327675056143474
-0.120413149597627 0.0547676217412872 -0.239119582050323 0.0650169482580091
-0.0998220654556098 -0.0804026560771931 -0.149062332296402 -0.0412782317434569
0.0324523534976395 -0.167387185428003 -0.0744730958981822 0.128991840560549
0.109570658889899 -0.157656807281833 -0.162119075294078 0.434196154781822
0.0429594751058982 0.0609765269836328 -0.1398070875022 0.64211855071262
0.0196424075420157 -0.00357087702147224 0.0405673482995864 0.296445669587829
-0.0019194187407927 -0.00203382595926992 -0.140071931017191 0.124366832084503
0.029627137803287 0.0125272515762616 -0.178930258737769 0.276244674624468
0.0294725258087904 -0.0268528990967996 0.0143113071894402 0.490796841233616
-0.0213462570872181 -0.0550309940646432 0.289374648623885 0.494237934893258
-0.0708505459870338 -0.0465129201587673 0.413907108125457 0.401184710710322
-0.0628287734576682 -0.0730158825053765 0.413027563426769 0.358430759141781
-0.0541315971322898 -0.0958620060309285 0.332572029012187 0.408350622669395
0.0206089385492917 -0.113990619488294 0.103586905286561 0.447316959346454
0.0897032415806438 -0.0564072348802864 -0.158713949318006 0.366719541643637
0.115810187685198 0.0106982275265054 -0.249689430907212 0.118789316002808
0.0647340921567292 0.0497069779205197 -0.18099248431672 -0.00651468460014519
0.0493232963113925 0.0478064504978129 -0.071607338312083 0.103631197152049
0.0525265468631539 0.0775952436384393 -0.141811809219054 0.411237265311408
0.0288967543403535 0.309659122213113 -0.197963953951276 0.5705941995239
0.15816194818429 0.207359064941877 -0.00115351224538589 0.243493048792804
0.245650131987648 0.00421027907080623 -0.185728315325973 0.0999763899386544
0.202386668177958 -0.182883890627723 -0.224711701187539 0.256379502006262
0.0431377484515212 -0.250198798806022 -0.043196276089061 0.450579808000354
-0.103777728453628 -0.24586776913823 0.229199068771331 0.452741097203243
-0.221590851642721 -0.196041047764133 0.343013133930072 0.353847360138699
-0.215091338577741 -0.204419526496008 0.346868053533546 0.29789062511388
-0.177819257093353 -0.25187146281848 0.306580374840191 0.320152671578596
-0.00669503744000109 -0.321734554014377 0.149736717397982 0.366590532919274
0.174343572578154 -0.251406951357743 -0.061132531844415 0.348123069037662
0.323213685472728 -0.116045892355423 -0.173718029235742 0.183916370473666
0.268203105941552 0.115758720047841 -0.161088982692077 0.0803714685439675
0.117196018295276 0.246762785847448 -0.062576670574028 0.101536846361685
0.0178386448311624 0.314148932098074 -0.0984648172981424 0.331010744713233
-0.0216333887385106 0.498736938453304 -0.217386367434844 0.407538726283825
0.222681549128897 0.413291176126434 -0.0341521550960369 0.135204689590063
0.45146536671292 0.06996459796881 -0.204438331085362 0.0326729219002673
0.396300937481403 -0.312556539812509 -0.243587841078795 0.179734178409334
0.104225302531491 -0.446548593016254 -0.100298428904148 0.333941240615848
-0.135014166223743 -0.423926404606848 0.130406195857894 0.339116739582808
-0.3206953234075 -0.333503651914723 0.220781726607038 0.248211803786281
-0.335009849059247 -0.306053560553035 0.226312357849699 0.192967379650291
-0.298672762921674 -0.352330797926154 0.226774635685756 0.184886504648051
-0.0820841065783069 -0.473526016365456 0.157767977885124 0.222058472667052
0.176699628122235 -0.436227686166562 0.039189819552475 0.250512564652444
0.458492681461211 -0.300411382172138 -0.0516132461300371 0.190799338253997
0.469516525784834 0.103784103894701 -0.0829641721901985 0.147986918422474
0.228632096654836 0.399667521552616 -0.0386837121065094 0.0936304180695439
0.010134992608151 0.521991088636619 -0.0429664489417113 0.195039291500438
-0.0919833722464881 0.58991696769463 -0.189968836440265 0.190758521026837
0.194691157087274 0.55261667929322 -0.0406231043247172 0.000184912735699012
0.544278922594816 0.171585834692376 -0.170787037280802 -0.0427257426617154
0.542780313768807 -0.334880749243012 -0.193239119758712 0.0751303915546827
0.193938809219305 -0.548692231994736 -0.107111167032098 0.155987667148426
-0.108974601688194 -0.53981578977565 0.0351944214906373 0.157928507071206
-0.352448145729118 -0.430038540156275 0.079116340383231 0.0922223868836395
-0.40493985534847 -0.363509909443474 0.0730779136311034 0.0585581650962581
-0.389092635618795 -0.392863423624282 0.0954004896320589 0.0299248352236459
-0.172505076596835 -0.544390704980543 0.103320867468721 0.0458487040968495
0.118797179806224 -0.553404576909522 0.0863034936681308 0.0920156566365048
0.49430270849266 -0.464437462629267 0.052675882175509 0.117399086750785
0.610719077410468 0.0435395990314649 0.0117332686205105 0.146909142887322
0.340027109539935 0.486922575087792 -0.0108953775619724 0.0473182312299865
0.0186721967978636 0.664377993193693 0.0115191266787651 0.0106662324572427
-0.147399183161335 0.573433411756338 -0.118972768546354 -0.0330745753300366
0.1114203380766 0.57769746153148 -0.0255147820925087 -0.115909247270309
0.503009878254863 0.249147186281718 -0.095299654519151 -0.0775516164621752
0.578699282209623 -0.262506670871399 -0.0746847538363981 -0.0005916215822974
0.259145423443017 -0.527976739321237 -0.037898393284327 -0.0282390133545498
-0.0563389777864084 -0.556945124236796 -0.0181320284802437 -0.0566963355951736
-0.323681978540369 -0.455969231402992 -0.0496064996377416 -0.0906000560371001
-0.409241772365971 -0.364884489598775 -0.0875282040497236 -0.0849901213671532
-0.424058022508319 -0.376746121067106 -0.0654286108360894 -0.116525467307315
-0.232991081157661 -0.529782533090652 -0.00547816172834426 -0.124429183041723
0.0481134370855117 -0.57442838882467 0.06419640879736 -0.0798578746596649
0.454125489837765 -0.53665502033006 0.0944859857399405 0.000323190693736106
0.648579438148923 -0.0166653238703377 0.0705760336527633 0.0834208157380869
0.401658783720687 0.50103294139677 -0.00110578149027987 -0.0411468102710649
0.0295507829200342 0.716215503923923 0.0573055335883971 -0.203341790244735
-0.167360394237701 0.469979193534976 -0.0300630019365571 -0.223781805655074
0.0346343270190914 0.497019806946855 -0.00986628893374227 -0.18290483877399
0.382701789941918 0.254503408195422 -0.0142579350505035 -0.0494334792548065
0.487603588949393 -0.170783900606388 0.068157286062848 -0.0141510150650262
0.247175001953748 -0.417056917334306 0.0794198992208106 -0.167302354237766
-0.014551419581681 -0.467747166099773 -0.0262740901304406 -0.254516896523049
-0.252568824328296 -0.397402039018438 -0.14982740163952 -0.263612557002461
-0.352161214868461 -0.30882124403535 -0.231366129505703 -0.217421624913614
-0.383610566645287 -0.317896617811207 -0.224551750653578 -0.239926668714953
-0.233209911086199 -0.450288082228725 -0.131801681473977 -0.267554363708616
0.00568270577217678 -0.502690213039362 0.00643394281193375 -0.229225736568952
0.374934608718113 -0.494419611821229 0.088328336175149 -0.112724377232993
0.585969180652006 -0.0333760712750125 0.0864964978178112 -0.00286272755932179
0.382501311996567 0.456586084972971 -0.00824822595671763 -0.144396315846294
0.0207940758559519 0.658188603299677 0.0916563420724244 -0.407940267980665
-0.145735346934881 0.311070384472764 0.0468534651071745 -0.361137524237662
0.00505081485413666 0.34864625121555 -0.00853889146611939 -0.203246671695176
0.253566012039676 0.180750147746259 0.0516855600002811 0.0107599960245528
0.316271335712683 -0.122660355666141 0.186102350735265 0.00363821999162876
0.153202609133643 -0.271030878491441 0.181724832283891 -0.253528225153349
-0.00933986918235263 -0.302453780690997 -0.0205874669431284 -0.39461487327544
-0.160692317810765 -0.264204859201555 -0.221123771534002 -0.388041517569051
-0.242909354947204 -0.202341684758007 -0.338516712348171 -0.317643530704711
-0.274766144704796 -0.221013060730306 -0.350477193623726 -0.330326010706638
-0.175495544089535 -0.320543298746231 -0.237026892827345 -0.375170899950888
-0.00517083803823302 -0.371730558053753 -0.0460744154185664 -0.344062025133131
0.274622693484432 -0.371041605873281 0.0733150047386397 -0.201127040234406
0.443551298165903 -0.019775132766843 0.0871639620091071 -0.0823171599040306
0.286718203363359 0.357933282524337 -0.0118336016102287 -0.22898236438782
-0.0038955524854626 0.494593278453289 0.117837478146309 -0.563830526843146
0.0151980210404999 -0.199705349877005 -0.0500250705341516 0.612408441830801
-0.154272143964807 -0.176263960968427 0.0791644364717363 0.281524098524026
-0.232905973759749 0.0408832833935196 -0.101556143421813 0.1063046551291
-0.0954590098163272 0.218091889705984 -0.146713167245281 0.255434130748075
0.0533248881943278 0.178669182995328 0.0531669769078224 0.475979343043567
0.0893458612093236 0.118625398330113 0.306984513329957 0.474962194142599
0.105418981786254 0.0904646490036976 0.433333564682473 0.384022836843787
0.100699638757583 0.0642226870221542 0.430722805674272 0.345486368025697
0.0625095748866644 0.088230579316832 0.333102017303783 0.414444369528692
0.00566839972873118 0.114410827615097 0.0853259017352186 0.447218533717267
-0.0516059942613707 0.111162863239991 -0.175966134105827 0.335352616948642
-0.11912982711453 0.0597320439243492 -0.237273810748219 0.0729577028651945
-0.103641081767843 -0.0776490506280348 -0.151125606699105 -0.0360270431006931
0.026701435146499 -0.169375089483656 -0.0699888351122661 0.132543925220318
0.104269057434296 -0.161610840525483 -0.146268699367695 0.441783947124788
0.045873010149061 0.0589648849753545 -0.11866595260999 0.648858189044287
0.019763730281519 -0.00468461504400981 0.0512798514007092 0.295562389791158
-0.00253243747080111 -0.00224166667685231 -0.13622447996805 0.129505244891074
0.0300678517410847 0.0120124377867899 -0.170431801235873 0.282983450374397
0.0289244858564469 -0.027910889027132 0.0295196596224254 0.492047378487224
-0.0233537286812221 -0.0545595466504081 0.306108230476572 0.487086203968144
-0.0726980765612554 -0.044375135312121 0.430421554588041 0.388506634370976
-0.0656076244114706 -0.0715129417237585 0.427247845603806 0.344843682336144
-0.0578560059510711 -0.0949451348313862 0.348143385641544 0.397731035842448
0.0172167278192981 -0.115138393139923 0.119246437042409 0.445803846916355
0.0890429045240215 -0.0590912115373608 -0.145881702568157 0.373303230412707
0.115922347690109 0.00688118442301665 -0.245921260493965 0.127430634023781
0.0659319696761745 0.0477416746310715 -0.181823209585351 -0.000573796973787553
0.0508678005019852 0.0464243974469631 -0.068138850845744 0.106690589754194
0.0558226526876588 0.076072199918837 -0.127779603407792 0.41791526759196
0.0399034030755293 0.309423030353676 -0.178028409781484 0.580239926658987
0.166055657259025 0.202344438370304 0.00816681045786686 0.244522675891244
0.246122723254735 -0.00439323858790542 -0.183219465327963 0.105931323005923
0.196392589585006 -0.190485279057591 -0.217316522494223 0.264529130694596
0.0346708091743171 -0.25296162671222 -0.028567236720427 0.453912286847855
-0.112507301844444 -0.243516539304668 0.244022231837838 0.445653162656864
-0.229640775528896 -0.189285566616911 0.355828618851109 0.343120081981531
-0.22290761625584 -0.19814499444982 0.357888183816219 0.287828299452232
-0.18764365004179 -0.246840826183977 0.319805032185848 0.311446718142742
-0.0178864229319171 -0.323768830160374 0.161744245277319 0.362354700475031
0.166598216012085 -0.257366746395196 -0.0489537669983242 0.351657902932474
0.320554803883632 -0.127000519562892 -0.168429351295953 0.190257110531177
0.273038386189019 0.107074740741904 -0.15884990592644 0.0854614364472331
0.126400033640852 0.244258435467877 -0.05967307131297 0.103939929072424
0.0291534609332675 0.314789404257746 -0.0869792987767538 0.336371665376762
-0.00350058393181613 0.499630956257961 -0.203950815120504 0.416613300305274
0.238768924649111 0.407214469578989 -0.0282055274788289 0.135567415227386
0.454695306012403 0.0542528576497831 -0.203882701968569 0.0392724150793544
0.386248359393064 -0.328860391945167 -0.239131860443898 0.188689613569302
0.0885681137530652 -0.452029594213105 -0.0896021735737626 0.339561321474327
-0.14983454697858 -0.421355604110933 0.141883549425738 0.33545694075344
-0.333948642766429 -0.323895981712797 0.229972012398082 0.241656929817528
-0.346297829511392 -0.295340798998494 0.233184149647553 0.185932661709844
-0.312492723091542 -0.343533748188663 0.234435657409654 0.176941975394052
-0.0994846530402673 -0.473331763930478 0.166006874055655 0.217387559254936
0.162953308779705 -0.443884661555374 0.0498106505590214 0.25001682673156
0.448358771162235 -0.316776330922646 -0.0446275279685303 0.193023269876391
0.475739063261161 0.0881087875879645 -0.0780067982597156 0.150778236629288
0.24373223970209 0.394041099041294 -0.03634429105552 0.0956873216299733
0.0284171312518328 0.523760648503646 -0.0372168549137456 0.197535173601423
-0.0713414023768992 0.594220913439549 -0.184138991371778 0.197558453234013
0.215093871518092 0.548162468643719 -0.0398442979234252 0.000938765397338541
0.550714507170444 0.152184046989525 -0.172843909518813 -0.0376441257710122
0.531610228550232 -0.354478795487132 -0.192140197936002 0.081815583159786
0.175933498518449 -0.55796255730145 -0.103077159425358 0.161693898912594
-0.128311760882045 -0.53888310935646 0.0408192642368892 0.157505544444904
-0.367938437088414 -0.418781528022519 0.0827480953922086 0.0898895917346925
-0.416186100131925 -0.350725406254318 0.0754578200834672 0.0567686338958885
-0.403167909749727 -0.38024929577568 0.0972429741828328 0.0265949167363434
-0.192654607664294 -0.540896022419815 0.105262472050038 0.0424584586438357
0.100122141931797 -0.560141590996068 0.0907483996285851 0.0898125867954992
0.480422278939778 -0.483585604379456 0.0570273498390243 0.116401328328557
0.612478477352964 0.0234650360674811 0.0173311654818591 0.146248065522496
0.35807846610645 0.475411947874105 -0.010537192467399 0.0487411137734034
0.0424737969503751 0.6675603449101 0.0109263516238201 0.00939648118033032
-0.12719900524597 0.580113851080893 -0.120917657543497 -0.029377259282749
0.130232657841245 0.576299482361195 -0.0295659554443765 -0.116197486647962
0.513830472825718 0.23256221169997 -0.099180687687738 -0.074634330057321
0.569602036973452 -0.282973037385165 -0.0753505785169265 0.00169892212399231
0.24195352790988 -0.537917492082067 -0.0401269357184024 -0.0258806903780772
-0.0749659785862556 -0.556240329756675 -0.0199025109812568 -0.0561177049537671
-0.340092017773582 -0.446321073982301 -0.0523298762597535 -0.0890718104394638
-0.422335692659791 -0.35125870928234 -0.0907763866496552 -0.0819812780441345
-0.437045839625394 -0.364323575046784 -0.0694725485299893 -0.11498665431605
-0.25138017015582 -0.5244167312129 -0.0100105086199092 -0.125374391103759
0.0281181044390986 -0.57682620704103 0.0627701061373605 -0.08274196171925
0.437639191160088 -0.553284315141109 0.0944378866976744 -0.0025040743274446
0.648486395631214 -0.0363230859953915 0.0748041178938307 0.0809303877569
0.421388213372362 0.488863608903668 -0.00332993424706574 -0.0407575289501298
0.0535298773420719 0.716231463593285 0.0488612514440438 -0.205997987604416
-0.15201372514239 0.477325210309563 -0.038271632013232 -0.223764688861834
0.0505513919978491 0.499407070789557 -0.0169984284977277 -0.18392313622032
0.393085730365657 0.242792719806336 -0.0167518928619441 -0.0491323333686251
0.483601388159457 -0.18921001589524 0.0677495649287465 -0.0166818325344163
0.233632565452093 -0.427537328887329 0.0732522060331737 -0.169463503858393
-0.0312300985558608 -0.469112633230135 -0.0350668336743391 -0.254116600892531
-0.267903742659147 -0.389852396440344 -0.158725470011856 -0.259280137814753
-0.364106225288926 -0.296534619921739 -0.240079603496417 -0.20974852230733
-0.395814287922137 -0.304631816164607 -0.232904455939386 -0.232970555766892
-0.249490399330741 -0.442178892299506 -0.141277904239499 -0.26451982797118
-0.0122384317550132 -0.505400739873444 0.00033494936938307 -0.230379882626149
0.35894395116398 -0.511357815498086 0.0844373096735686 -0.114264699529433
0.585669049585953 -0.0541355827771749 0.088146745321236 -0.00566408747242302
0.398154079435811 0.445700124871048 -0.0135132403856622 -0.144042880180447
0.0443891794902164 0.659255108121858 0.0756355048337195 -0.412565866026164
-0.136473901825896 0.317774691698781 0.0336357711917299 -0.363393788727412
0.0170823710742493 0.350717887713383 -0.0167191795408092 -0.203473781272037
0.260518561388378 0.172428679059312 0.0512577286903982 0.00925219162232602
0.313731563640841 -0.134111775801984 0.187308543066298 -0.00286344158659205
0.144128338678623 -0.276928309008903 0.173263002644742 -0.258822741375726
-0.020295127582574 -0.303589035097501 -0.0343299077795273 -0.394483158960798
-0.170704648630795 -0.259317618068709 -0.234754776395778 -0.38246286647075
-0.250673158675894 -0.194116922684193 -0.350752281855759 -0.306756888645378
-0.28332745794125 -0.209917295069262 -0.363461934484278 -0.319616250054381
-0.188137740866581 -0.314753185298657 -0.250189763525035 -0.369064946018607
-0.0187085144590068 -0.372755783125147 -0.0563332407165257 -0.343546127318746
0.262131589543252 -0.380601118080677 0.0675737977106169 -0.203970456355368
0.44450954294344 -0.0344010200785531 0.0854391132440863 -0.0857784656192778
0.298780477467123 0.350636519466907 -0.0194053088650449 -0.229094962333139
0.0129771862226116 0.497190146119649 0.0982472898885716 -0.569836422617743
0.00939135763093051 -0.200474657425936 -0.0291747657085379 0.614692477267238
-0.160659862062217 -0.172664739752228 0.0893663787687971 0.279157294611924
-0.231826325164107 0.048451663950486 -0.0978526927079282 0.109273325160614
-0.0874724981624003 0.222317902547825 -0.13864224656313 0.259326727224458
0.0593876006659497 0.176984980822755 0.0689122159265851 0.473883223887875
0.0936086725756713 0.116074273512827 0.324208022192532 0.465288919184922
0.108504898988992 0.0870538430609465 0.445709922073188 0.368863420806864
0.102877573984911 0.0603042952728043 0.444244495559717 0.33257599481453
0.0657519556810537 0.0855566128221783 0.34688589405728 0.40238214531867
0.00964568534694306 0.114521334759826 0.100100578570953 0.4447101979881
-0.0474639185941883 0.113153097474647 -0.165366609077308 0.341685045281213
-0.117342934972917 0.0642317249453461 -0.235341200827632 0.080710460850946
-0.106714726738507 -0.0741149576255146 -0.152706251986685 -0.0312159102238798
0.0208947606012173 -0.170513325249033 -0.0651324395593814 0.135254504371321
0.0984781621930824 -0.165854747214994 -0.129232497149222 0.447143132809965
0.0488037446622341 0.057820564363705 -0.0955210799139746 0.654560612626093
0.0199008596061303 -0.00612316762492708 0.0621916006184075 0.293956151960672
-0.00266906967478133 -0.00277829528498238 -0.132057699883354 0.133698379152493
0.0308118765115569 0.0109547307384326 -0.162962928037971 0.288409624854165
0.0274133670664394 -0.0294063127296813 0.0469436072511024 0.492028568614949
-0.0255142760866552 -0.053922109785336 0.322564531081385 0.476734040230118
-0.0740913338086494 -0.0419210288285246 0.444336042169676 0.375173952276303
-0.0682102741369796 -0.0695116937348892 0.438524963610897 0.331254918236
-0.0612494487854328 -0.0931913097924147 0.36169007226423 0.386972104248653
0.0135745597522858 -0.116351633510478 0.134848367741189 0.441796345167901
0.0878855002205133 -0.0620788367662946 -0.132541710902448 0.378674116839857
0.116700242102467 0.0038618336318658 -0.241688339988975 0.135430587748863
0.0671455515620733 0.0457053815512161 -0.181687839890055 0.00516502693243117
0.0525902937180691 0.0444938721784266 -0.0648919925172844 0.10923953421781
0.0586061463945264 0.0744750371769181 -0.112569801898179 0.422483877911057
0.0515050213293735 0.308751858370114 -0.158017768648737 0.586044623425838
0.173264978458761 0.196942557078746 0.0174056971037293 0.243977340339779
0.244986570982766 -0.0137957883090817 -0.179810966622161 0.111632349166615
0.189717073379427 -0.197493674854218 -0.209810249620804 0.271057515269206
0.0254299331490006 -0.254626262006649 -0.0146131760611142 0.455472766200012
-0.12090128856733 -0.240255164521636 0.259111395001476 0.438020650261451
-0.23583910912863 -0.181783214759478 0.368517108853372 0.331355270525377
-0.229633009852691 -0.189834662924921 0.368924166600801 0.276031347319619
-0.196995060652861 -0.240179673235025 0.330507200507663 0.299864923935544
-0.0285933888310493 -0.323147962938911 0.174853518595206 0.356647463147222
0.159148315627631 -0.26304917639084 -0.0367080542070754 0.353631527890999
0.316496993400432 -0.137899510545204 -0.162132376222309 0.196105303399285
0.276880325615379 0.0984527551996627 -0.155806995109773 0.0908422180578741
0.135088143380849 0.240096968945641 -0.0563730509430098 0.10668388778404
0.0401195961346572 0.314162814233315 -0.0755364403945509 0.338860696924447
0.0152879412540863 0.499927558017037 -0.189039576079832 0.424771353114774
0.25260394117432 0.399600315632383 -0.0232679317509157 0.136283471082559
0.456447510140328 0.0379504043119298 -0.20348253796502 0.0457031391448735
0.374708092071451 -0.342575464444196 -0.233603850579018 0.196863113988793
0.0734846267499593 -0.454688391511498 -0.0798388278589696 0.343664897940082
-0.164571171293283 -0.416637465583277 0.153419811299258 0.331742887165379
-0.345003685881359 -0.312830861016646 0.238791182105945 0.2344652151799
-0.357661219501607 -0.283815542995649 0.240689057588717 0.178555617451485
-0.323493339559276 -0.333640367701369 0.24038146593709 0.168478805350134
-0.114770827091752 -0.47131445934863 0.173565477124387 0.211632199722092
0.148008428612871 -0.449737868898003 0.0591970078223731 0.248893743298685
0.438457587972331 -0.333343297606764 -0.038601901245762 0.194923066087447
0.479223470330261 0.0729314838676013 -0.0723185495884263 0.153238056008473
0.257429936345085 0.386458161424679 -0.0335728474852408 0.0967206958969076
0.0472011849945421 0.522443336049039 -0.0307411416078657 0.198589411523312
-0.050062781737676 0.596381426455476 -0.176851442670944 0.204249144349177
0.233328852572065 0.542362543718626 -0.0398149833702309 0.00208851135526643
0.556543439123095 0.13320873086982 -0.175029649340184 -0.0320959612871702
0.518609087959054 -0.374147716092086 -0.189762711987202 0.0878631643735169
0.157059202623077 -0.564211507300411 -0.0985697727464086 0.166099891848405
-0.146800348248866 -0.535710095674342 0.0460757979861488 0.156743273926492
-0.38387636245139 -0.408168960546034 0.0863939531304509 0.087778557843664
-0.427927789188323 -0.336631071139814 0.077583941011235 0.0545198126376505
-0.41721503029288 -0.367625512403011 0.0982841754869654 0.0228651105837161
-0.212130153213622 -0.534693902217027 0.107570690494665 0.0388072944664655
0.0822303632563452 -0.564183857797469 0.0954045626447169 0.0867759283376604
0.463119996932727 -0.501447228006614 0.0612471726669737 0.115153353294466
0.615251122288566 0.00231706889584056 0.0227717735638185 0.145552441570518
0.37446641256693 0.464468606560989 -0.00949708887036384 0.0490652292252935
0.0646763612279116 0.665480934890338 0.00988185939326505 0.00951613104178164
-0.108503410200629 0.583865084519934 -0.122152667861471 -0.0253319690502719
0.152204018142451 0.573586775941803 -0.0336895696505512 -0.115943754669559
0.521845124557583 0.214964658804485 -0.101989659130265 -0.0713831543224742
0.559374390813889 -0.302852856609408 -0.0755852646206287 0.0039524395556118
0.222920983491762 -0.548446348866485 -0.0417387383968022 -0.0233372903100298
-0.0952729851098115 -0.555455618330722 -0.0219967598977353 -0.0550390822840114
-0.356603810682167 -0.434740142713973 -0.0557739551193685 -0.0872222412853284
-0.434362168905568 -0.336295347675064 -0.0937448117220705 -0.0789773665177295
-0.450397497260169 -0.348617488835318 -0.0730960977707012 -0.112453701258511
-0.269761090792793 -0.516529364372206 -0.013790697482144 -0.125429584062066
0.0101509513013613 -0.578070650407416 0.0613970025407753 -0.085035331797023
0.416511812215762 -0.571675890404625 0.0947366051188253 -0.00440376316806997
0.649133512389063 -0.0595910505601068 0.0783107873970726 0.0783917661602731
0.437326764515885 0.476181998491087 -0.00479221866357284 -0.0402813050896545
0.0779848762874553 0.715398563889019 0.0405933796124964 -0.207643456600164
-0.135436192595404 0.482787884832785 -0.0466183850879867 -0.223148751274446
0.0694792588590908 0.500388802132179 -0.023974719150864 -0.184134059899504
0.402144692748147 0.228710978321185 -0.0192586847992179 -0.0486038242391766
0.475655344562762 -0.205702620530287 0.0672841736770409 -0.0190154737888425
0.219172296091166 -0.435964658374498 0.0665145412864396 -0.170727630188686
-0.0479465451934411 -0.468680936219072 -0.0433256868024049 -0.252730403056208
-0.281666978314393 -0.381349086746576 -0.168396966349651 -0.25383040472048
-0.374325725353931 -0.283633094785748 -0.246698052928877 -0.202340831256763
-0.406492476263616 -0.290499236975222 -0.240764505884544 -0.225903043997339
-0.265585779647096 -0.435659566615331 -0.150304281385423 -0.259342252854338
-0.0286676033678582 -0.505680572597789 -0.00665475799711037 -0.230754169246692
0.340443883422914 -0.523849634564947 0.0813323416855392 -0.116718871876827
0.58495582851825 -0.0741220100587286 0.0889893085288499 -0.0088657218667224
0.413861623890104 0.433196669580425 -0.0187254061469838 -0.143252386035482
0.0665266599511673 0.658976920126217 0.0602761990926751 -0.415910178985025
-0.125591925631638 0.322685963472749 0.0212660505932646 -0.365168072151935
0.0294914848893474 0.351895309014168 -0.0251646197769839 -0.203479237989563
0.266499311385627 0.163973185107923 0.0500791737314449 0.00739364150368438
0.308095953561203 -0.145154409634915 0.186971699500998 -0.00906791084161615
0.134869280807519 -0.282259221036032 0.163433094580086 -0.264324710569214
-0.030711061689865 -0.30367148111837 -0.0469106759192598 -0.393490430975928
-0.180256965049305 -0.254039465243595 -0.247985059056016 -0.375419564542067
-0.2568569965846 -0.185400937104386 -0.361568681748433 -0.29543654613242
-0.290487753201863 -0.200616529695055 -0.373485600107179 -0.307627067610465
-0.199780081761712 -0.308669553744822 -0.261851149931724 -0.360412527407907
-0.0310409908875472 -0.372082031707823 -0.0673336512566393 -0.342808150265802
0.248903097429002 -0.391374544823487 0.0603432939877646 -0.204858123321875
0.444248974780506 -0.0487989461608131 0.0834527770379779 -0.0889270021916262
0.310792825460514 0.34039410434094 -0.027727947721471 -0.228265192269504
0.0295821378534704 0.495667791998424 0.076257854529933 -0.573444755186355
0.00219618981201621 -0.20068871775157 -0.00665918878143875 0.614165992449721
-0.166440128735418 -0.167155356363991 0.100329134840087 0.275284656265167
-0.229358070739083 0.056407110134068 -0.0940597135670209 0.112024157937888
-0.0790838587592065 0.225261824268571 -0.13010257542062 0.264043999362515
0.0652730140517449 0.174774427888425 0.0847481541332355 0.470583638915714
0.0977901257828943 0.11274555678478 0.339749673571064 0.454206418475081
0.11125695401621 0.0827439330248667 0.457889709602409 0.352927219551946
0.104796514450025 0.056219335899151 0.454121213908806 0.316180757395314
0.0690030568026976 0.0829279906223726 0.360719300904667 0.389160293038137
0.0144571243709479 0.114091559792358 0.116402801260646 0.441644742542162
-0.0425445633841801 0.11532485493169 -0.152990470893079 0.346559960676485
-0.114775901128714 0.0688754867602668 -0.232244462873829 0.0881627121145676
-0.109695448515283 -0.0704067912951868 -0.15362566701252 -0.0260676698073498
0.0149207249627812 -0.171272844871488 -0.0604983611622122 0.137316899823368
0.0927246001755789 -0.168756545206046 -0.111676667441367 0.452057338107611
0.0513206429573575 0.0552664464439581 -0.0719638903806767 0.655407257041719
0.0195997046542398 -0.00676374292165468 0.0734422373005671 0.2903578470013
-0.00311413701242921 -0.00318297464591294 -0.127601417575322 0.137425410269703
0.0312416461638143 0.00995365867867517 -0.152173991728628 0.293172105419155
0.0266400382541861 -0.0299706259794255 0.0634031133482969 0.489629642524645
-0.0275154307923612 -0.0528450227045065 0.338986844629686 0.463647407096568
-0.0757147552608095 -0.0390466798027651 0.456494976739439 0.359380480425336
-0.0706889316916222 -0.0671029929358482 0.449568876537586 0.314509865352739
-0.0640696326549682 -0.091379738155882 0.374998286641629 0.372542205270298
0.00978481395121583 -0.116767501446518 0.151077516768123 0.436656527949911
0.0859649900586827 -0.0647544716511171 -0.119371122837318 0.383222728200997
0.116544970026708 -0.000132259100020815 -0.236748250201701 0.143229250157101
0.068408103495792 0.0438037597651672 -0.181917351828162 0.0112245555667536
0.0538876865329773 0.0430336659123991 -0.0605273380379019 0.111472662687941
0.0610889995960044 0.072253833150481 -0.0958777470896491 0.426651490925315
0.0632743500214951 0.305347050033991 -0.136968883221159 0.591771025034879
0.180248774565374 0.190249071933004 0.0267718690020003 0.241994120228351
0.244351809520071 -0.0227136166871685 -0.176572253045835 0.117467519288459
0.182193037222783 -0.204308454697085 -0.201340048561624 0.278183354887497
0.016021281865696 -0.254880668254189 0.00121731616796874 0.456362111564059
-0.129781953694033 -0.236346323032385 0.273650617488129 0.428313736009963
-0.242369714383119 -0.172837472706082 0.379285658390824 0.318907832378331
-0.235812356858551 -0.181255768574131 0.377271929961364 0.262555913117487
-0.20440413625504 -0.233232351110797 0.340184169605334 0.287499966032312
-0.0399338962229093 -0.322228822162649 0.187795361935187 0.35053447975724
0.14995996443787 -0.268623831237003 -0.0230256906334672 0.354779707619512
0.311008701991343 -0.148720729250818 -0.155377893392877 0.201400337389476
0.279786245636661 0.0887176402506755 -0.152924855621366 0.0956551496880497
0.144130219825552 0.235690845375041 -0.0528925214322933 0.108144673320806
0.05170451431734 0.312139500017238 -0.0631083760275935 0.341146539267641
0.0331095338134621 0.500357464765509 -0.172920044893952 0.43131207674292
0.266414412568282 0.39151334960649 -0.0171640320543282 0.1360695938873
0.456392609024103 0.0212029259992314 -0.202129936963152 0.0522516962900724
0.361531971161693 -0.355599840415889 -0.227459549261868 0.20327296808476
0.0567927565913685 -0.457009521083828 -0.0684075368601663 0.347658472747381
-0.17900197396029 -0.411046091066495 0.164486455343683 0.326009759386471
-0.355906985449701 -0.300475471615861 0.246475234993797 0.226393493151622
-0.365902356212506 -0.270768701392071 0.246764891979891 0.170061560054058
-0.335181834494798 -0.321552424533089 0.246493810067026 0.159637876768281
-0.131801364271167 -0.467229546820105 0.181232979621511 0.205344831251639
0.132652364763848 -0.453754246416769 0.0694686150001912 0.246301974406649
0.425322328574508 -0.347257948941213 -0.0319284861071189 0.195623422178672
0.480373548640226 0.0555965393845013 -0.0667511337764043 0.155520192547385
0.271318093334109 0.377416892520755 -0.0305635367801898 0.0979970261968545
0.0662063042462616 0.52106520524543 -0.0241595316066771 0.199722558897808
-0.0277296537834929 0.596490960915212 -0.169145303196581 0.210558200435721
0.253587225039678 0.534602211244401 -0.0390506088925117 0.0023199183515063
0.560528005703967 0.112640429529507 -0.176925239439251 -0.0263158080575239
0.504219490875776 -0.392097809344008 -0.187042851698643 0.0938670717842557
0.136431428872934 -0.569072626242982 -0.0943995197729158 0.171598121216346
-0.166915730737701 -0.529885876487315 0.0510779411288842 0.154688421516477
-0.397251013696656 -0.393446698898243 0.0895759687104921 0.0849170226015538
-0.43964451631959 -0.319014736013915 0.0797103549259948 0.0513913849184842
-0.430191507530585 -0.352263250609469 0.0995466655816172 0.0197216897118462
-0.230510973326228 -0.527304338432676 0.109324394351582 0.0344275687588146
0.0619596328102757 -0.567694927595953 0.0993511474623262 0.0829524124887343
0.444281812669022 -0.515077822967738 0.0643741861653439 0.112731565307179
0.613457526366906 -0.0185548941457632 0.0286177375589277 0.144386965932207
0.390749196959532 0.451584261889681 -0.00811696127930035 0.0498000855505748
0.088163304920664 0.663213244571241 0.00959694872925708 0.0094316320832538
-0.0876009743171432 0.58744713910684 -0.122758331143882 -0.0209274345535796
0.172741662010804 0.568822660167725 -0.0379118846381318 -0.115135398854456
0.527224696586918 0.195931609283305 -0.105128628311055 -0.0681124267549976
0.546926255365397 -0.322127623171622 -0.0758275969746804 0.00568115421826169
0.202814395604995 -0.556130826061214 -0.0436630633505977 -0.0203457630842129
-0.114630338251477 -0.551479076870683 -0.0240457422197825 -0.0541278485377335
-0.373626077877061 -0.42186889344654 -0.0579527435474185 -0.0846138370862286
-0.445633979252377 -0.320103062096906 -0.0963963101930648 -0.0755602843686255
-0.46202490513004 -0.331081797060341 -0.076879956182721 -0.110249103825026
-0.288817150477373 -0.506889129235191 -0.0179016106746853 -0.124556439899307
-0.010565768989749 -0.578933004238108 0.059381961888622 -0.087802571422983
0.395746546585502 -0.586089349992299 0.0942093305373894 -0.00724424264365862
0.645158603187382 -0.081349330730519 0.0819431875395655 0.07458372870876
0.453240381565141 0.460296807683324 -0.00663045848036721 -0.039360899380068
0.104276204658721 0.711669319932 0.031024498913592 -0.208991359611399
-0.118867171098076 0.486707090871297 -0.0543939082344799 -0.220730475260096
0.0866521891906798 0.49768157410696 -0.0307347282904197 -0.183390713728952
0.40914797677812 0.214553761050121 -0.0220550483874776 -0.0475584763201557
0.467433449974703 -0.222057379740177 0.0658200035193173 -0.0214203684990082
0.203519844289538 -0.443308629985939 0.0599405359404434 -0.17202239745561
-0.0643276682745985 -0.46860600688985 -0.0517682247114512 -0.250807995384131
-0.294972216132868 -0.370632747829521 -0.176176375657473 -0.247673762840076
-0.383120993077301 -0.269292004048013 -0.253984129855102 -0.192993887076896
-0.415633602410447 -0.274714559675157 -0.247721179782433 -0.215964109735946
-0.280830778021429 -0.425307599082852 -0.159363578419195 -0.254330459157688
-0.0471315388826211 -0.504308737316878 -0.0141070739572583 -0.230715755816871
0.320188050874221 -0.535002180609049 0.0773446599585598 -0.119097602387916
0.58195185306804 -0.0936527589397434 0.0899825183607288 -0.0123628897832657
0.42868103175746 0.417677796931602 -0.0237734848692832 -0.141871358684939
0.0903480657229507 0.655120913240248 0.0433744216820677 -0.417140363863738
-0.113889934275829 0.326212442505223 0.00727302021386751 -0.36542551542851
0.0419439947859219 0.35193206397476 -0.033432085283612 -0.202014822486026
0.272168867345337 0.15468188064528 0.0495717085593142 0.00588129715740181
0.302166336207447 -0.15707258284352 0.186639612146664 -0.0153567831146466
0.125237852893327 -0.286368054098912 0.153840551561391 -0.267918461368955
-0.0426355928599982 -0.302138405462263 -0.0607751764557573 -0.390814986386893
-0.189634468626091 -0.247601544820966 -0.260581907794276 -0.365913695040733
-0.263079481699757 -0.175914135114299 -0.370713471358036 -0.282361277868449
-0.29683592111563 -0.188964520895622 -0.383896027015817 -0.293849460436368
-0.211001492428089 -0.301298627503699 -0.27407288252857 -0.351524287213971
-0.0446934708084696 -0.370394427574051 -0.0782599277858706 -0.340125397407301
0.234822592901747 -0.400621967321338 0.0537041919859759 -0.206219050019101
0.442155285119084 -0.0644845715025089 0.0812458221700119 -0.0913438449272979
0.322057171064897 0.329102375364771 -0.0357225266436465 -0.226285454043626
0.046497640161706 0.49505749412939 0.0543748330991234 -0.574984710511229
-0.00409253972932117 -0.199982641541097 0.0157540786283335 0.613046988025587
-0.171774665034665 -0.161479458973413 0.110472057330391 0.26975328859746
-0.226770278360174 0.0645091781691893 -0.0898100401805877 0.114505813768147
-0.070628250110823 0.227809435526088 -0.121095987774888 0.266666241661934
0.0711882895625279 0.171979926104002 0.101216596471257 0.46527136988548
0.101425471157724 0.109100900924881 0.352642881394533 0.441031790339341
0.113996797577715 0.078637877586888 0.468070157238244 0.335136131662784
0.105972826337327 0.0519108567262953 0.46384572846609 0.298662878906142
0.0718684132600039 0.0794406290523593 0.371880577662286 0.374882175888146
0.0189825215381966 0.113308267118397 0.131276654547655 0.435417799802823
-0.0375296524633046 0.116868206411264 -0.139789284785672 0.35110072780731
-0.112208792448547 0.0731290890868404 -0.227436886390911 0.0958612646431772
-0.11209658232729 -0.0656011983126475 -0.154425089262239 -0.0207771556800965
0.00822820160640847 -0.172010587602792 -0.054906696664105 0.139776580601663
0.086399817114231 -0.17123943862504 -0.0934882366423725 0.453223322426422
0.0535950802611024 0.0530362018513256 -0.0482088218977664 0.657564533841872
0.018784784194478 -0.00836913185121616 0.0842814658330736 0.286451238417929
-0.00366443658088688 -0.00293877944166432 -0.122523355627969 0.141260781764235
0.0313632119799996 0.00884356363945794 -0.142924694223429 0.296876534780122
0.0253428682173966 -0.0305171490590634 0.080195048583769 0.486380836873585
-0.0293377847815314 -0.0517466162127367 0.354043871104168 0.450914927344062
-0.0771563103996849 -0.0364818281654051 0.465382524321191 0.34232708268101
-0.0727867603931306 -0.0647139549340002 0.459032136810235 0.298355921090489
-0.0669002771690966 -0.0890874136256575 0.386611251926453 0.356988370216912
0.00601726822234823 -0.116716841413523 0.165854017828911 0.429584343865874
0.0836854950235696 -0.0671923560620123 -0.10446302099648 0.385882651457761
0.116194587857004 -0.00432374344566754 -0.231100150337442 0.150957195723034
0.0692525975608189 0.041187118840965 -0.180077467553909 0.0173963708800787
0.0554451239318988 0.0409220229787623 -0.0565200917025432 0.11329551977463
0.0638535990859088 0.0699250693252259 -0.0793622792005285 0.427731000895903
0.0746225811417775 0.30187682884831 -0.113838534818217 0.594144629882745
0.186428076984055 0.183212018218004 0.036320370953908 0.239717981115623
0.242082750949958 -0.0315463004815381 -0.171680527898767 0.122862533255318
0.173991379131425 -0.210282640104603 -0.190971414257469 0.283667831838746
0.00727607582641057 -0.25434593310764 0.017266773206676 0.455533167031826
-0.137949201153273 -0.230885505542222 0.287831218443956 0.4168236187259
-0.247736187650459 -0.16355499896393 0.38905036160998 0.304617788378166
-0.24154044853485 -0.173085845479337 0.384863300671302 0.248044763155031
-0.212132023535108 -0.225797087191827 0.350193020312055 0.274001890506723
-0.051655777402394 -0.320546900104461 0.199804888451197 0.342932734631101
0.140094574266224 -0.272673856117046 -0.00910171013280309 0.353699094535595
0.304345333673305 -0.159420569801999 -0.147533920111615 0.206169315753229
0.281639877360085 0.0790919248097749 -0.148398115419023 0.100361607708197
0.151527139947549 0.229965308575785 -0.049326992305571 0.10996048104587
0.0623884375128742 0.30973353136974 -0.0498221622922556 0.342288683222789
0.0506341793432773 0.496430013615912 -0.157370999648421 0.435176140333536
0.279705456974927 0.380904754948046 -0.011378871253412 0.135367821472593
0.454901784633098 0.00465239196410749 -0.199667801526467 0.0583704519142924
0.345974016267733 -0.367550682407597 -0.219781551326208 0.210307471382515
0.0405716534305109 -0.457858427471977 -0.0564716106368726 0.350003854880707
-0.192999613992555 -0.40310153998671 0.175456626552191 0.318489706577133
-0.365601925252547 -0.286528491789232 0.253555238952532 0.216877463073479
-0.373842279755857 -0.256332101564466 0.251247517062101 0.160828547279029
-0.345560693695971 -0.308362251430031 0.251042265969435 0.150067932028021
-0.147679699692497 -0.461724008333614 0.188229509629746 0.197989219227155
0.116515512504101 -0.456947657971216 0.0786351273418649 0.242710230264901
0.409768736284968 -0.362774370740359 -0.0248299609470911 0.196532484729138
0.479764581988198 0.0393438039112552 -0.0604388773015715 0.156032724357292
0.283651506363154 0.366362013047911 -0.0276949601491711 0.0995140247195964
0.085113353623417 0.517012750135841 -0.0175970258118439 0.199116558799643
-0.00620869104232631 0.596126869022343 -0.161380016960335 0.215701142120303
0.270441681303244 0.525024861134981 -0.03829742504062 0.00361255044910465
0.560466470024756 0.0932204401655086 -0.177066173072655 -0.0198552057681151
0.488372968955176 -0.40868993818139 -0.183940278357544 0.099401417176816
0.114627929884794 -0.570779104037068 -0.0883386704685418 0.175133129586004
-0.184325048335433 -0.522523288406392 0.0561986296698961 0.152543954725897
-0.411049641908934 -0.377985299052625 0.0928330310143675 0.0814341739633218
-0.447749484808017 -0.30287906872564 0.0810865750039152 0.0484250316896706
-0.439282721069562 -0.335696073800807 0.0997226473225998 0.0154616788759522
-0.247562423991688 -0.5178229473433 0.109914869577334 0.0305582589287825
0.0423678173652462 -0.567226653565381 0.103467752284701 0.0785764982418261
0.424363268755075 -0.530292545140265 0.0679417154651374 0.110694338126446
0.61005107108638 -0.03959453133425 0.0339911385659371 0.142162009664349
0.405946757188945 0.43687376915799 -0.00700756449371579 0.0501353474689141
0.111677120273536 0.657437241451419 0.00863825058615806 0.00907735776992185
-0.0653161443843231 0.5883384598455 -0.123460842591439 -0.0165246444291835
0.191940243046522 0.563260411150242 -0.041762528253257 -0.113454725861782
0.531927108341237 0.176681319876877 -0.107777008172753 -0.0637916060949469
0.53412691078349 -0.341114620948673 -0.075554291233051 0.00846183532831158
0.182225085028892 -0.560262428934631 -0.0449018562761842 -0.0174382558372968
-0.134010137780952 -0.545651456962355 -0.0256953047152781 -0.052911340500075
-0.386783856441897 -0.407149122775367 -0.060129665503219 -0.0823743261099738
-0.453881720495501 -0.303672299184914 -0.0982221982469269 -0.071686260988839
-0.47192790683071 -0.313430198677997 -0.080079908628239 -0.107571451972359
-0.306594210856263 -0.495823926131373 -0.0217895988635108 -0.124117573150224
-0.0300336524933052 -0.575559859012591 0.0575969388664836 -0.0903933664791147
0.372370073539784 -0.596966006505689 0.0939015095862881 -0.00983544019558045
0.640927635841407 -0.103269317443244 0.0846494067556372 0.0713926719381477
0.468157277152375 0.442220103767572 -0.00870397806153289 -0.0378969023995014
0.127641114074065 0.704703988268522 0.0222134427676717 -0.208867059910986
-0.101270348001326 0.489085488772669 -0.063142148901809 -0.21807697089923
0.10502291451008 0.494350662934732 -0.038081203739434 -0.181497630105585
0.414471166546062 0.199195479519532 -0.0241889147576185 -0.0461717169738706
0.458163244856966 -0.238564113705457 0.0644547221295559 -0.0238483215723999
0.187358743181098 -0.448830816506563 0.0527412719721621 -0.17172894421197
-0.081739060140665 -0.464137326236847 -0.0609419190305373 -0.247249837058362
-0.307380258100204 -0.359502896835237 -0.184003832199316 -0.240277598050199
-0.390465788358119 -0.253979183360358 -0.259126846960876 -0.184021409013234
-0.424686923599935 -0.258547962360405 -0.254823090199353 -0.207157538196518
-0.294838499441749 -0.413992497744991 -0.166438324714128 -0.248552374097615
-0.0644102612363811 -0.500842952834492 -0.0203662604258232 -0.230124412849772
0.300917118290617 -0.54540322465116 0.0724983746700675 -0.120326346267115
0.576369176659141 -0.113821934941627 0.089759258723952 -0.0159094743089932
0.441888320967789 0.400759721640827 -0.0292635967545403 -0.139566589170539
0.111141289605171 0.649135813179077 0.0270905347781386 -0.416238283694993
-0.102712761488288 0.32988848802605 -0.00714206849849929 -0.364461072893361
0.0549117257935889 0.350168015163437 -0.0414841145942312 -0.200649312435453
0.27656866118653 0.144157834410637 0.0484669464119682 0.00468141596704273
0.295375740721651 -0.167075265077512 0.185113665007411 -0.0214256873440699
0.114543967616537 -0.290260699073095 0.143540464244271 -0.271895984782097
-0.0529661396356667 -0.299606699310928 -0.0734425793116301 -0.387070191292992
-0.197543129100265 -0.240469330187918 -0.272604469434073 -0.356245801877572
-0.26789233583426 -0.165411500969001 -0.379519342130442 -0.268551712616242
-0.302255597805417 -0.177146425121716 -0.392123167525541 -0.279366623599758
-0.2204650293015 -0.293641360899512 -0.286135149859269 -0.339513234700181
-0.057288934343167 -0.367361667736677 -0.0894946686138528 -0.336232052452655
0.219847891156946 -0.40733346377426 0.0470539922684695 -0.206103265224875
0.438215807284349 -0.0802255726271389 0.078695595574438 -0.0936956008094913
0.332641979894091 0.318242750721072 -0.04328044920087 -0.223756462207383
0.0631424248531772 0.490709421915408 0.0319864634448844 -0.574272825865423
-0.0103165069566239 -0.199014968275167 0.0365341980763712 0.60853495036657
-0.176654063704025 -0.155570107572898 0.120029783524173 0.264253107621904
-0.223572964239861 0.0712929158831405 -0.0851050400634613 0.116451064242003
-0.0612868275863165 0.228418882660269 -0.113263738045848 0.268431261983448
0.0765316793365897 0.168305896668088 0.115688432226465 0.459181241370217
0.104201923428797 0.105034532780087 0.366155714953725 0.425432051242398
0.116339227893061 0.0734273345630707 0.476156830868784 0.316376355853416
0.106998811834416 0.047616643829593 0.472240922868351 0.28127591058043
0.0744509276023514 0.0759903105028011 0.382549713817361 0.359825807611181
0.0236076038800207 0.111677810884106 0.145704530740621 0.428095898082259
-0.0328389330335941 0.11778456241846 -0.127055098280788 0.35360280898348
-0.108847630893508 0.07691915870504 -0.222877883495281 0.102265257037512
-0.114072166181622 -0.0616105845594464 -0.154325131802492 -0.0152051403301833
0.0021057071173487 -0.171506347652586 -0.0493155023159065 0.141139609799941
0.0797562694469059 -0.173066023710836 -0.0763830912695865 0.454009285115522
0.0558335375097459 0.0502479983414615 -0.0238852792781394 0.653652403179144
0.0185973130111664 -0.00922358100336846 0.0944950243503252 0.281423102057583
-0.00387949915045916 -0.00308991712524315 -0.117604667368126 0.144376261362591
0.0317811991759131 0.00785935759608484 -0.133236300249362 0.299530146038515
0.0242555646078878 -0.0313565907750036 0.0963992260424648 0.480503295859412
-0.0310583658687976 -0.0505695124632358 0.366787069193248 0.436297518226163
-0.0775296848722438 -0.0334820852597205 0.473035864072652 0.324117628568658
-0.0744771021415019 -0.0621240057577452 0.466703121901258 0.280541993514834
-0.0696869297030937 -0.0867245959757653 0.396617378415821 0.341128519844894
0.00231128562331793 -0.116742575620298 0.179421628495119 0.421104351275312
0.0819247962504612 -0.069771930705815 -0.0898327305305715 0.386362921973538
0.115218868012287 -0.0074028399543883 -0.224866511131639 0.157089111149513
0.0700824303947196 0.0389179851206166 -0.178535566540754 0.0232048571377106
0.0565381092417576 0.0387632627913609 -0.052076741069214 0.114491653341652
0.0661968220801031 0.0675811231766988 -0.0624531106951763 0.428044253057267
0.0855966271768964 0.297146820818674 -0.092970037995184 0.595860738489288
0.191136722797347 0.175882929116203 0.0452861614443532 0.236190864346224
0.239002667890209 -0.0400665991599916 -0.166511830082082 0.127691871208292
0.165153634735221 -0.214701933956659 -0.181217345513965 0.287924374140266
-0.00149627452661443 -0.253053413629609 0.0330346070879127 0.452898542787263
-0.14495967039064 -0.22503496496159 0.2997453654986 0.404487163643397
-0.25255049795119 -0.154038974096032 0.397194462734317 0.288711051370568
-0.245395263616514 -0.163049724089286 0.391797399010652 0.232871273611105
-0.218149169759238 -0.216692079912367 0.356720378661341 0.259843838717626
-0.0617540854523066 -0.31711579125415 0.210236065791483 0.334219627483474
0.130598153800493 -0.275920642474183 0.00284718052712422 0.352364397561681
0.297316279413201 -0.168425604390347 -0.140051289613766 0.209745258768486
0.282629871517799 0.0686319018303922 -0.144539019728211 0.104048825370061
0.15802046600209 0.223846137501141 -0.0452605010845654 0.111437397277577
0.0727098520362876 0.305140405520327 -0.0380056606546084 0.342235794506664
0.0684963023018107 0.491709956349576 -0.140751533230324 0.439094714193379
0.292218307648006 0.36956868697419 -0.00613652357448889 0.134008096275485
0.451211994983165 -0.0112288111373215 -0.196988241886454 0.0642719204492082
0.331302690187387 -0.378165329528067 -0.212622077065683 0.215934891664555
0.0237582772864569 -0.45539922436421 -0.0443254580302687 0.350936736398618
-0.206071189045425 -0.394916309536318 0.185286186436896 0.309983932270263
-0.373692403532661 -0.271912016935269 0.259422566657815 0.207228364497854
-0.379924674707095 -0.241825139879937 0.254908019418085 0.15092486269659
-0.354247815066342 -0.294369029448355 0.254691737941956 0.140117043563954
-0.163032516963093 -0.454500324222778 0.194288747013732 0.190371022617481
0.101532098030641 -0.458199607367951 0.0871755164157671 0.238050016880593
0.394594233101644 -0.37504247664465 -0.0182419224432163 0.196612866063438
0.478176817155751 0.0231779230615486 -0.0546302017812307 0.157010017380135
0.294557264617791 0.354419364737022 -0.0245411360653458 0.100457589004864
0.101706758548899 0.509735722755981 -0.0109409801346494 0.198766959017592
0.014061255685349 0.591062611905571 -0.152647529230571 0.220147713878765
0.287581483393288 0.513443671440515 -0.037752616442179 0.00357720107054996
0.560492642389179 0.0728821627859261 -0.177106144143665 -0.014189326939798
0.470571592599622 -0.423200840878392 -0.179798925721457 0.105067581134611
0.0942955258408335 -0.570421464883096 -0.0825192110951956 0.178598556682001
-0.202561657583809 -0.514002545767761 0.0611894438774973 0.150044446191896
-0.421633142422762 -0.362614880488139 0.0950278869076163 0.0786621908553194
-0.457033284461662 -0.284908633219766 0.0822538439543664 0.045727244785172
-0.448569446236019 -0.316855192073274 0.100224837687117 0.0112775759276222
-0.265256616170645 -0.507455134561954 0.111266671540153 0.0265922934840768
0.0227884496091651 -0.564943950101132 0.106354024730543 0.0738736468604305
0.402272939874495 -0.543208844671187 0.0712242371190029 0.108642741670134
0.604958586573793 -0.0609443069458885 0.0388449027621744 0.139758819075439
0.417817708497409 0.420082141998936 -0.00574715616608856 0.0511484050576471
0.135682909577785 0.650209817123435 0.0074447874443505 0.00831369667311867
-0.0459498884710512 0.587055540371581 -0.123305088131065 -0.0120241860625131
0.211170305343504 0.552492926083952 -0.0460068918560104 -0.112078938970609
0.535384998147826 0.1564670689506 -0.109852958435994 -0.059978220621401
0.516994877256429 -0.357751845467806 -0.0751697803666407 0.0107635339513747
0.161840892037232 -0.562446786895636 -0.0457348254404588 -0.0141167162817596
-0.15327315874592 -0.538546680169589 -0.0274002369572293 -0.0514127977073272
-0.397559577439871 -0.392246316373621 -0.0625163867746375 -0.0796443394549532
-0.462226553335531 -0.283739500730917 -0.0998553298761542 -0.0681700154466557
-0.479920070595793 -0.294742175915161 -0.0824205499819548 -0.104085710590505
-0.321438519524827 -0.481327899157794 -0.0254858773700191 -0.122729494013751
-0.0505662046271173 -0.572399815273329 0.054644715407498 -0.0913167564299651
0.350398818504092 -0.607585305835388 0.0929964691065701 -0.0119177872686673
0.634140538846686 -0.124793127561075 0.0874988419761018 0.0674062343599575
0.480080726851479 0.424290724896585 -0.0103708202615514 -0.0371747119214415
0.151062569892159 0.696337696820227 0.0134962197225096 -0.208010373934499
-0.0827516885666743 0.48961430123059 -0.0704338211879263 -0.214468987135223
0.122462830758764 0.489540934119812 -0.0450826898227587 -0.179022488507266
0.418983030026207 0.184807254853119 -0.0268196385143537 -0.0449795893514331
0.447273372979215 -0.253082340050562 0.0630614167089692 -0.0258658667772852
0.170280619964145 -0.452307379305624 0.0460734546412287 -0.17101998751163
-0.0972228096662246 -0.45968443617437 -0.0685982982462699 -0.243926187303849
-0.318178493602726 -0.346457069015008 -0.191209185202138 -0.23275959601916
-0.398230255536077 -0.240169708500676 -0.264140054075875 -0.173264865122103
-0.43057376505549 -0.241147018138948 -0.259438124723446 -0.197276282480526
-0.307788553005068 -0.401176229463348 -0.1740668004642 -0.240903563227445
-0.0798657465428077 -0.49542039674781 -0.0271744913957016 -0.228322520021604
0.279728866447892 -0.552752333421896 0.0681861759156566 -0.120961641320482
0.568199228011651 -0.133662352107518 0.089421134006515 -0.0188209809630645
0.45196729651167 0.385092413018928 -0.0337024071281992 -0.137401277904136
0.133545360089448 0.640871549069921 0.0110528097230945 -0.415106691648364
-0.0909528716618768 0.332172811610491 -0.0197034369766512 -0.362278274439584
0.0673309706654161 0.346677980939942 -0.0498619833310394 -0.197586051318881
0.280415889093946 0.133602897117118 0.047618556665627 0.00348952308402001
0.287037225277449 -0.176620565358696 0.183090784305413 -0.027457290692579
0.103324867084778 -0.292637460331455 0.132688682260993 -0.273532490761607
-0.0634734071623613 -0.296514068200276 -0.0862640020646998 -0.38119905813593
-0.204930902323766 -0.231629965551965 -0.283196708382149 -0.344841306073751
-0.271123631831245 -0.155045917934073 -0.386864058342576 -0.253642576085454
-0.306696757094703 -0.164857801947984 -0.399214388886262 -0.26457030429121
-0.229873722277845 -0.283424956584962 -0.295731306769713 -0.328184952286526
-0.0692054929384444 -0.363359365754789 -0.0993452490439069 -0.331817499197925
0.203869413731478 -0.412131958193261 0.0402142296864162 -0.206134940853823
0.432300007441862 -0.0945481648373483 0.0764095502714352 -0.0960648112454989
0.341328668411 0.304434327696804 -0.0506202252008443 -0.220458957973034
0.079826452521726 0.486225705561848 0.0105181632747847 -0.572044271027597
-0.0162317760672974 -0.197230794489136 0.0574986693025696 0.601878452597993
-0.181095850252271 -0.149123574463606 0.129123902588671 0.257626760508699
-0.218442936426367 0.077817915522118 -0.0807002743407002 0.117488751921351
-0.0534428475185321 0.22915232234862 -0.103786857452296 0.270135059799583
0.0822011998942906 0.164052579441973 0.130098978622938 0.45133823061212
0.107149939343617 0.101150596665223 0.377858433628338 0.409547025149981
0.117850955199915 0.0693251223283515 0.482738258279185 0.299241253190228
0.107312937066447 0.0431884467333071 0.476886928963225 0.263002698699616
0.0760848863312689 0.0730541334256551 0.392283344595106 0.343631720939762
0.0274536058362372 0.110300753437592 0.159195587487586 0.41925956951482
-0.0282612189603721 0.118335619635278 -0.11325285322063 0.35537298723283
-0.105101878857064 0.0804715276157223 -0.217337042318589 0.10789623562692
-0.116034227116205 -0.0568342239159346 -0.153407931550669 -0.009644558121253
-0.00338132696524119 -0.170206177191897 -0.0440850728467821 0.141743327352736
0.073213911744495 -0.174428467831478 -0.0582772836047114 0.4526203358394
0.057611833829036 0.0476437935787857 -0.00159582260807946 0.648991565837745
0.0180071182014845 -0.010544694202732 0.103816726903689 0.275305140450762
-0.00421259159598872 -0.00355333724263575 -0.110970428678378 0.146868803297166
0.0316928882000465 0.00646609166710023 -0.122645304455231 0.301512639218386
0.0229016056068861 -0.0319859284567243 0.110560939301236 0.473020165950807
-0.0322949840381242 -0.0488858080463899 0.37792894136274 0.420658894139877
-0.0784118018857448 -0.0307009235932274 0.482696261479114 0.306317493267795
-0.0759221096192701 -0.0598741482232408 0.472701605126937 0.263292887339093
-0.07218566024535 -0.083835666219667 0.404586089422866 0.324593781054394
-0.00152745668475352 -0.115977044734777 0.192432771311901 0.411919893991853
0.079564135033501 -0.0719415647240357 -0.0765265693998045 0.386147993710981
0.114082578686736 -0.010559778081405 -0.21786749638313 0.162921224609844
0.070184408670459 0.0363857420315475 -0.177145954968757 0.0286791855320383
0.0574535701182266 0.0364466877165946 -0.0477340098244651 0.115840182551923
0.0675934173401389 0.0645879470305249 -0.0465191756242008 0.426487902128028
0.0949221501652115 0.291027127747069 -0.0708310777240662 0.594279816185468
0.196364811640199 0.167718346611379 0.0535682372739417 0.231833759577078
0.235107914558442 -0.0483431229842391 -0.161431230800072 0.131154688890058
0.156333938695496 -0.218551725617763 -0.171295703070322 0.291323426895823
-0.0103483320756582 -0.25115133642009 0.0466274902619277 0.449319793269164
-0.151932367647568 -0.2183792286851 0.311290239818493 0.390077873023441
-0.256297427729888 -0.144122443577761 0.404134040559244 0.274096477166636
-0.248940432591386 -0.154298911915608 0.396194907538842 0.218203248941895
-0.224060856473784 -0.208607191300671 0.362335218121895 0.245244119982023
-0.0724161717687892 -0.313006797412889 0.220391273628221 0.323286742724285
0.12089048716312 -0.277810715323353 0.0163563469053195 0.348841193298299
0.288493748970663 -0.177918482559327 -0.132140881225244 0.212480974479721
0.28204209242931 0.0590753750712405 -0.13990837975728 0.10772905001927
0.165119904076534 0.216774915247854 -0.0413021113462947 0.111703720900513
0.0826764817459787 0.3005866754352 -0.0249788593615189 0.34105269797295
0.0845641897103772 0.4842993291988 -0.124436206130787 0.440043794006396
0.301138503649665 0.356609824772322 -0.000253052182554753 0.132485344851032
0.446847344877455 -0.0276131716853631 -0.193840375047433 0.0700100724877386
0.314987781737138 -0.386024634496642 -0.204583909556931 0.221269027051216
0.00800950869473759 -0.453022632266874 -0.0325892388309021 0.351005260924558
-0.217996841400696 -0.385174905774604 0.19331151500928 0.301425529023632
-0.380359917728668 -0.25647377639457 0.264761530087672 0.196770690496706
-0.385296596192425 -0.226893202987696 0.258777098666316 0.141199421542351
-0.360322968583615 -0.279562805764299 0.257340022999953 0.129501558950099
-0.177661234773646 -0.446374737335943 0.199754767109418 0.181827332267577
0.0851706987272863 -0.457672964655749 0.0958066906120984 0.232793006576085
0.378459115564126 -0.384304865889559 -0.0118259514481441 0.195717193960182
0.475519452271108 0.00609676408253902 -0.049268594555962 0.15717443524625
0.304475285815872 0.342598491055149 -0.0216003796013573 0.100249138050434
0.117335039981379 0.502593939917212 -0.00465355984043791 0.197563709968158
0.0352429169683408 0.586404972931145 -0.14371992388967 0.224156504271264
0.30342910997454 0.499006742870462 -0.0370886675255164 0.00454080922776244
0.557694353850809 0.0526140395538903 -0.176321614377709 -0.00833712384077511
0.452030485376666 -0.436175894077357 -0.175587455558676 0.110018113924295
0.0737599375774507 -0.569979768497054 -0.0764149798840764 0.181566630411065
-0.218342333414286 -0.503604987531569 0.0657059908910668 0.146869430556168
-0.43219678639729 -0.343247120636203 0.0976442255527175 0.0743897033444468
-0.461733237991694 -0.266942375045341 0.0831725545939015 0.0426219465607751
-0.455895920730893 -0.300252963703529 0.099742532926886 0.00791525109029243
-0.280454571783128 -0.494612081977203 0.111356769594222 0.0218859137156817
0.00329608366940574 -0.561846356423403 0.109415359789473 0.0697505301399482
0.380213040909032 -0.553051508494425 0.0737515402475499 0.105320054788421
0.598065317717334 -0.0808673651663649 0.0437926368453012 0.136963587241443
0.428970011860909 0.402504013117924 -0.0045206721501724 0.0512546506713329
0.156049576329581 0.638611635080823 0.00712206259454844 0.00857335909718763
-0.0247314085322582 0.583854142888007 -0.122873597575202 -0.00787996773134903
0.227515817651543 0.543324035445091 -0.0494551802746016 -0.110032278759816
0.534948953365334 0.137824337016948 -0.111363506358673 -0.0556157291914669
0.501164321096174 -0.371162110469691 -0.0748462685867299 0.0131127327090747
0.141806722484154 -0.563560397313693 -0.0464441820135741 -0.011090168962578
-0.170829392559676 -0.529734365514707 -0.028649361498303 -0.0498958768663281
-0.408722948961936 -0.374064647998801 -0.0638523227212466 -0.0769270107056952
-0.467024142665229 -0.266670272491547 -0.10157798962704 -0.0635589663000318
-0.485769700063417 -0.274743121401823 -0.0854284894457141 -0.100752623620836
-0.336323273067461 -0.468130995818113 -0.0291317536904086 -0.121320632457826
-0.067446203710481 -0.566420912353678 0.0522556684571201 -0.0933606585477954
0.32501124313319 -0.615654879818984 0.0920366184853276 -0.014105162845079
0.623624283654131 -0.144726673232704 0.0898110409655573 0.0632340488963801
0.490921831554598 0.406207175714304 -0.0114685295031682 -0.0362891793241509
0.175089709277454 0.684577274317343 0.00477338313277595 -0.206721195390797
-0.0659648584394057 0.488752843331347 -0.077505628012491 -0.210332388441482
0.137370691889737 0.483848371927337 -0.0511384831071 -0.176580967996712
0.421421105401509 0.168492497234829 -0.0286895199827229 -0.0430258156990319
0.433267054967455 -0.267023927160963 0.0621266169820077 -0.0274721144506918
0.153794056534571 -0.454275947171363 0.0402934258938573 -0.169768179215725
-0.113396158912201 -0.450914514179126 -0.0756890661128929 -0.239626878663181
-0.328890415718222 -0.332661820816669 -0.197714636837663 -0.224070003990212
-0.402463494186392 -0.22430845117146 -0.267422915406488 -0.162748508853152
-0.434526961349249 -0.223477559126642 -0.2636813698285 -0.186920190092105
-0.319688670715696 -0.387956367765584 -0.180209375487813 -0.233086028738636
-0.096551522844543 -0.48787927360582 -0.0338666525763661 -0.226618411853006
0.258344726446632 -0.558890023071474 0.0640454839708931 -0.12127276645338
0.559706238484954 -0.150409584233753 0.0885634056427311 -0.0222729414115036
0.461515678081435 0.366636082174933 -0.0382814344251645 -0.134560604910362
0.152695045479339 0.630322980249473 -0.00475098439251552 -0.410920502467692
-0.0792170782452689 0.332136459161675 -0.0319310043614981 -0.357772770781491
0.0795513872500068 0.343152477750555 -0.056803510501049 -0.194691046985111
0.283011723744475 0.12282701790465 0.0464597947664305 0.00274769192320353
0.278302356525453 -0.184481108200227 0.180804651502486 -0.033043629879829
0.0928851946823135 -0.293998638744131 0.122541433061309 -0.274565854139794
-0.0729150071845859 -0.292096992875135 -0.0985985059841155 -0.376476393477073
-0.211464618714213 -0.222675743073382 -0.292608328482472 -0.332120755540781
-0.27433744850275 -0.14435559076825 -0.391205032346919 -0.238703487599725
-0.309449438476484 -0.152569649755333 -0.404455591910623 -0.248787832277221
-0.238367173359522 -0.272776650897856 -0.304126604119547 -0.315682344098565
-0.0812263824699566 -0.358046198440384 -0.109277271662972 -0.326319020988483
0.186712815712604 -0.416700335881 0.0335562950526643 -0.204608301563666
0.42700265289045 -0.108603363151865 0.0731804948422854 -0.0979101434809089
0.348501542857261 0.291601887188815 -0.0576218501748168 -0.216190309069149
0.0956974573848148 0.478763502993573 -0.0104593595860059 -0.566290000638601
-0.0218880756131753 -0.195133558950135 0.0765001713598044 0.594550568656527
-0.184209769462798 -0.142859176880456 0.136001843541576 0.250427291981913
-0.214505659319109 0.0836256225261079 -0.0765950798760142 0.118287286926304
-0.0445611882607251 0.228435617550213 -0.0952990043506053 0.270279402016294
0.0862859566883281 0.159983300978001 0.142909059261308 0.441534036025686
0.109608315366241 0.0965847882844161 0.386396827009594 0.394024423553367
0.119024206561419 0.0649878390532803 0.487421059307036 0.282231520002875
0.10714943301097 0.0385619018239455 0.481150805869981 0.245852578072427
0.0780257222533808 0.0695245831285662 0.39868726877528 0.328393333431472
0.0310636551575286 0.108609809609816 0.170829689861346 0.40975218314761
-0.0236630638060256 0.117985903429067 -0.101751176213746 0.355037264949763
-0.101148398727063 0.0836676113647539 -0.211826511188454 0.11373556607761
-0.116724069312917 -0.0526940754357453 -0.152869203597117 -0.0049548014680948
-0.00917169341407634 -0.168535923587356 -0.0386285665666942 0.142039615754054
0.0658980611913293 -0.174493162223524 -0.0426540516331834 0.450622439992377
0.0591144809136925 0.0449225977813886 0.0209167164118094 0.643029355446662
0.0173433948103359 -0.0113981259310047 0.113070371448874 0.268308362464323
-0.00495577719908268 -0.00372800955492454 -0.105479212779846 0.148501874363854
0.0320683406488334 0.00564058333101711 -0.112873876232071 0.301449162753049
0.0214980042093121 -0.0323898039415349 0.126106182229693 0.464657575119853
-0.0337311410813262 -0.047778842385278 0.387918535883554 0.403521538377986
-0.0785696211760189 -0.027831757540933 0.485307009033168 0.287555467036842
-0.0772021584491339 -0.05712879896389 0.475583874606848 0.244270353985663
-0.073976405495749 -0.0806948455007122 0.411100917680087 0.307529910946511
-0.00519315458468993 -0.114872433288744 0.204469253255929 0.401902900253104
0.0769572680883696 -0.0732113558471211 -0.0629772447053131 0.384528983348659
0.112420307068022 -0.0144647718073989 -0.209996426321982 0.168518354137531
0.0705007539527707 0.0341810840171781 -0.174122535790841 0.0343633406527195
0.058042894841716 0.0341164652571554 -0.0435675106197183 0.116137939390113
0.0691023550313202 0.0619040268840567 -0.0322771316591594 0.423306858544489
0.103976139503473 0.284291193212117 -0.0506294715187732 0.589336989230852
0.199058963539354 0.159709077882898 0.0613398670839156 0.2274164994091
0.230036366383242 -0.0557169287232806 -0.155621263957069 0.134977628403687
0.14735356693537 -0.22188548148991 -0.161726894548984 0.293972759500141
-0.0185880544525525 -0.248144294130323 0.060953022516444 0.443052661939587
-0.158041225520811 -0.211787341857369 0.320320219649986 0.376628371178269
-0.25835441883107 -0.134275633862442 0.408923283445214 0.259410136337016
-0.251453216250777 -0.145014562184206 0.399565193956035 0.203697782485782
-0.228562377150366 -0.198386183821407 0.36696670156959 0.230250453157715
-0.0815948103476457 -0.308578434253992 0.228529129097914 0.313328010574684
0.111655109416609 -0.278789138558248 0.0270543542907163 0.344100250926305
0.280113167591782 -0.184962321841652 -0.124431791399542 0.213864226956235
0.280995167052895 0.0495259796140685 -0.135153906343336 0.110843950724824
0.169966667847821 0.209632900315539 -0.0376697051710638 0.112471551707815
0.0923892217731872 0.295078642839065 -0.013927989203143 0.337416225582866
0.100393113500484 0.474680509922287 -0.10881805621952 0.440399346193113
0.310026193986891 0.34372741428534 0.00381071662661133 0.130572566479137
0.440652645661272 -0.0419705970366216 -0.189330456487135 0.0751920915776597
0.299112862346979 -0.392374075877856 -0.195337936572562 0.224781113694557
-0.00742091595148155 -0.450036798069408 -0.02211889781505 0.349545900855348
-0.229190599701532 -0.374320799731616 0.201609159620132 0.292606893899858
-0.384582036446992 -0.241999927783549 0.268489772797162 0.187595455554412
-0.387389994676182 -0.211856166321672 0.260317151545999 0.131951719932107
-0.366129329339886 -0.266286927633996 0.258785857490786 0.119695241367829
-0.190477842816761 -0.435853254910042 0.203316665922723 0.173475528491752
0.0700936831193396 -0.456064197712448 0.10288186452341 0.226989923665235
0.3624287269551 -0.395018905722277 -0.00580908240885889 0.193961351270602
0.470835958485394 -0.00891770088255321 -0.0429340424241678 0.156814678076619
0.312181163057819 0.329845041592384 -0.0187984616317464 0.100169133013903
0.133366774081885 0.493448468985707 0.00167106406606595 0.195958031037133
0.0544324302314623 0.578254612138831 -0.135470754778121 0.226530249092966
0.316220738200664 0.486735760275245 -0.0360290191238671 0.00522484509974353
0.553122339098988 0.0339191524463372 -0.175368931274213 -0.00271296630106715
0.431567738977933 -0.446250628692454 -0.170819871874201 0.11380447673394
0.0545914795486007 -0.566843785043749 -0.0704659935183647 0.183729042490096
-0.232516927018898 -0.491619828297739 0.0698450462359261 0.142846591459491
-0.438421660022948 -0.326229282277673 0.0992405865686487 0.0706953672001265
-0.465618127040626 -0.249532750537076 0.083525847823468 0.0399827367948663
-0.458690188073688 -0.281923362195759 0.0987108456535537 0.00393815844607951
-0.293913067858705 -0.482301911238453 0.111029643153697 0.0183004993664271
-0.0140152207834649 -0.556902556153554 0.111071410231042 0.0649481860063885
0.357212671543072 -0.559739998009662 0.0766636025812985 0.102546607778965
0.590145566894769 -0.0995933570277428 0.0476965032171522 0.133590986599417
0.438246918291316 0.385626573232629 -0.00314240059699631 0.0508710131413035
0.17444675314095 0.627564019890685 0.00631909479365314 0.00845470311577373
-0.00416512889962549 0.578119147304502 -0.121910873949653 -0.00379952297546535
0.244869445623704 0.53188728152684 -0.0524747443109861 -0.107381033981091
0.532795602395686 0.119424762093837 -0.112638446212563 -0.051065477527906
0.48342040263361 -0.384971972428886 -0.0736726750376435 0.0153488785889782
0.121116996486321 -0.561851594831893 -0.046635762675234 -0.00776793816826244
-0.186010972691444 -0.519257325166608 -0.0298988919902474 -0.0483016789672245
-0.41771426305117 -0.358428953612793 -0.0657038291059929 -0.0739543688408557
-0.471523970086603 -0.248117484024424 -0.102218803979332 -0.0599417621525032
-0.488497130063936 -0.256953558975181 -0.087637361610209 -0.0969712949771667
-0.348974693714382 -0.451850982582108 -0.0323617351479769 -0.119322171379192
-0.0850199253368166 -0.558177966535253 0.0501331096000848 -0.0948479397226085
0.301974211948492 -0.620142897337197 0.090607401368515 -0.0161081240190005
0.612444931706946 -0.16290213587633 0.0912484259121187 0.0593573723586078
0.499226395117523 0.386418933245277 -0.0128883033925303 -0.0348210937641419
0.192448451438307 0.670912473382811 -0.00288537467890686 -0.203887027599022
-0.0491947743888457 0.485398037804833 -0.0836405488109299 -0.20573297889475
0.152892630607882 0.475257890573421 -0.0571103869277818 -0.173054997464622
0.422712404702606 0.153183694096647 -0.0299807156764649 -0.040907539679383
0.41899637945525 -0.277852887611424 0.0607863937731811 -0.029150196025492
0.139024468052333 -0.455251199636089 0.0341551657167009 -0.16725824741985
-0.127339434043245 -0.444380455631738 -0.0825198570578231 -0.233777766629491
-0.335485192463336 -0.318773152126544 -0.201825671523607 -0.215896796858171
-0.404299008078055 -0.209052528825167 -0.270052477614086 -0.152967884228998
-0.436703802819437 -0.207626341148638 -0.266953988820941 -0.177132978146204
-0.329714937481975 -0.374205870496349 -0.185788138840385 -0.225135139794249
-0.111213124719044 -0.48066638023627 -0.0403970192732136 -0.222865278734293
0.236051720222477 -0.561939569022592 0.060253332702515 -0.121052705246758
0.54978183944251 -0.166405886780993 0.0876587500936614 -0.0251345578232226
0.467958363661263 0.348683338874814 -0.0422453963558858 -0.131285536545203
0.17274390191105 0.620148808388711 -0.0200772475887189 -0.406806183129736
-0.0675343719525272 0.331907217828916 -0.0435554554669235 -0.352663883803361
0.0899072212622907 0.338482025802164 -0.063339369271799 -0.189977522396627
0.284424844888478 0.11311158133418 0.0455377495289673 0.00221360621789043
0.268833320989436 -0.192263482298031 0.177769071546694 -0.0378586604079818
0.0824679396924391 -0.293877275532288 0.112567557851414 -0.274543224632614
-0.0830264365330469 -0.286307826652616 -0.109327939892019 -0.369570247270111
-0.217350164348349 -0.213500716389073 -0.301945895144146 -0.319824568486502
-0.276010468922856 -0.133137192916244 -0.395773913285074 -0.223869486453496
-0.310693439744669 -0.140395129495582 -0.408130448289887 -0.233481435679093
-0.244881578531245 -0.262250169928559 -0.310787384174975 -0.303392267985235
-0.0918009628151434 -0.352312567613844 -0.117214980424013 -0.31999673458706
0.172157358240996 -0.419188839897242 0.0273690799841146 -0.202599204677005
0.418891584213833 -0.120669359431909 0.0695383592407633 -0.0999208012105717
0.353712656221052 0.278369361132254 -0.0638698974529885 -0.211910406795135
0.108120588697751 0.470366682358655 -0.0293250029574692 -0.559504641235008
-0.0276605141168818 -0.192146223538808 0.0942079047641458 0.584469280647241
-0.186613372643999 -0.136046440399562 0.14371073148498 0.242565223807292
-0.208996796900718 0.0895850835055992 -0.0721349521977602 0.118591002249588
-0.0368308181901961 0.227835849426276 -0.0873697520377319 0.270287666424664
0.0902212263876648 0.155340679500635 0.154080989268371 0.43143643147639
0.111530576756307 0.0922077213277411 0.39370183741445 0.377538728720146
0.11946652823121 0.0610271844542265 0.4890141027061 0.264051962546669
0.10704820713168 0.0348142060288215 0.482666011963453 0.229333727300734
0.0793018475940281 0.0660744618458796 0.403902358116026 0.311498741566551
0.0343775441828388 0.106165566918404 0.182173031409348 0.400690729517958
-0.0189616389898545 0.117551526854631 -0.090421556578217 0.353963245923128
-0.0974627806146559 0.0862885323599382 -0.206279114098079 0.117788081154524
-0.117783357079809 -0.0484299266562401 -0.15131124133467 0.000438567705924771
-0.0148101712493211 -0.166751416668429 -0.0337530500899566 0.142049594312952
0.0605079023386821 -0.174451220766585 -0.026380351190086 0.445452526532721
0.060100119651465 0.0423811378992413 0.038796246267774 0.634128605869186
0.0168344408503336 -0.0118537591225611 0.120575616365622 0.261574589094258
-0.00552847009371406 -0.00390707463666763 -0.100348150488133 0.149670328249201
0.0314523328260197 0.00490522156993996 -0.104209358478434 0.301368442364277
0.020541077018895 -0.0325581493542499 0.137129928346587 0.456081574976754
-0.0348482266784218 -0.0458383025393221 0.394524206069719 0.388268145260989
-0.0791002295034017 -0.0249849844734396 0.489757987073538 0.270526860273751
-0.0785408145331588 -0.0536855404616362 0.477772144088119 0.227171821166058
-0.0762972003846175 -0.0775965063970014 0.416159866013626 0.292489936334716
-0.00831588321353779 -0.113946830127718 0.213874300694789 0.390845326246756
0.0745863298662304 -0.0749624339966313 -0.0498437511597325 0.382622448443438
0.110892998640997 -0.016904221863321 -0.202625149821618 0.171932777021472
0.0701706209795448 0.0323243611645365 -0.171469596169473 0.038295019738713
0.0586832623275434 0.0322487176008054 -0.0393545971319404 0.116544627419226
0.0703220750589531 0.0597677798767897 -0.0172294869267641 0.419727863158726
0.111422349384241 0.277743521977802 -0.0327072832502311 0.584860862576132
0.202780258315094 0.151847722063337 0.068243711701191 0.221529648698322
0.225382006935537 -0.062637091389576 -0.149790512417163 0.138131978645636
0.139025173452205 -0.223822172740933 -0.151168119819964 0.294517085608819
-0.0264155880357164 -0.244904500192403 0.0731749436355761 0.438119037123332
-0.162183651141421 -0.204820788537008 0.327859741345603 0.362997584711023
-0.259997944824385 -0.124929683074331 0.411764004762955 0.243503195014492
-0.252409778794794 -0.135601602132285 0.401415445898862 0.189870426748751
-0.232456104601184 -0.189786054745307 0.369555514729753 0.216001614880796
-0.0902215123584612 -0.302657754923282 0.235468552409435 0.302899626569616
0.102556196807925 -0.279883408032162 0.0379914876749125 0.339393602391151
0.270694115017651 -0.191266373778422 -0.116678663299731 0.2154035182614
0.278861567832525 0.0411901767770766 -0.129903295366186 0.113423464953832
0.175133520413465 0.20180925071502 -0.0341547864304197 0.112243741281153
0.100613244334215 0.289077067567862 -0.00276586700744765 0.334288671459163
0.113057104768017 0.466130444782017 -0.0941076256496028 0.43862251976542
0.31782730895002 0.3311822893305 0.0085441587970048 0.128002812872202
0.433386340353004 -0.0550554822263408 -0.185290540386952 0.0796394533957481
0.283508231132843 -0.398631293585082 -0.187535415434742 0.228379418848603
-0.0204940467188636 -0.443647742931534 -0.0107405821219593 0.347456010011378
-0.238305459740985 -0.363885282444069 0.208118660113721 0.283649172292996
-0.388651569950657 -0.227530889082763 0.271909455164314 0.177114640089424
-0.390025129067975 -0.197907651984137 0.261515359949531 0.122542345969261
-0.36940364043944 -0.251389829788527 0.259593910805275 0.110315236116055
-0.201296069543637 -0.426475366134426 0.206759859078119 0.165148614547018
0.0559150057910976 -0.453560099853374 0.109716370464353 0.22048392127369
0.34577661127863 -0.400671615068644 -0.000293337157465205 0.192476791642415
0.465731876649398 -0.0237237736239458 -0.0384497283559434 0.155564280875644
0.31981472515245 0.316801408207896 -0.0153202838204133 0.099641935288655
0.146858631444964 0.483665571134958 0.00726017991003053 0.194303543350675
0.0712004525852331 0.568460103198424 -0.126519434945079 0.227588073553381
0.328060643125694 0.471650675835556 -0.035272329816864 0.0054694370848323
0.54716973904545 0.0164447753841451 -0.173789034741575 0.00241641092930324
0.413136800839455 -0.454731019331382 -0.166058565401914 0.117178489716661
0.0366057937759466 -0.562331750042826 -0.0642526343169658 0.185769404911219
-0.246299975913798 -0.479497671063427 0.0734530724007323 0.13924029009501
-0.44298118846317 -0.310686086675678 0.100790399898458 0.0674321700667119
-0.467157547440131 -0.232710523224451 0.0839506289002457 0.0374176374955979
-0.463925081286102 -0.265650900751798 0.0978144115542406 0.00111699645961124
-0.30583015656065 -0.468422338806807 0.111052616494725 0.0147035477825689
-0.0299723020142593 -0.549939689072045 0.112975628913898 0.060001273513098
0.336364120659601 -0.565422043102288 0.079062461729351 0.100088360274592
0.580481569631088 -0.114727837495974 0.0511405119009987 0.129476225414729
0.445307891392837 0.36803019982149 -0.0020770735982634 0.0511625781750871
0.191929484878458 0.615304977236058 0.00563701227002433 0.00833009327710691
0.0135004742660669 0.570679943461575 -0.120835466532983 0.000713200835847245
0.258375749132647 0.519179241891473 -0.0552053286140326 -0.104477588482753
0.531176688875187 0.101342087128465 -0.113293325588679 -0.0466716840843571
0.46704109904817 -0.396245025901171 -0.0729160487232937 0.0171850144621744
0.103190100983391 -0.561639538080285 -0.0463096421014996 -0.00461756839936615
-0.200132416743219 -0.508885508590902 -0.0308799814772421 -0.0469725951124801
-0.424025390592293 -0.341914458720742 -0.0666823317878057 -0.0710327258263036
-0.472551630790351 -0.23104571256976 -0.102593035772182 -0.0558186159977158
-0.490816063507784 -0.23919869316058 -0.0891217751443265 -0.0939136072612594
-0.358790417419961 -0.436676745648416 -0.0352300150670781 -0.116955180670572
-0.101047795173061 -0.549881699719678 0.047421006997849 -0.0955683508204969
0.279831221338293 -0.622421793128696 0.0886048987832579 -0.0180093185343782
0.601219894938896 -0.180946057937749 0.0921772252447036 0.0558972046704457
0.504057878531018 0.367858727504738 -0.0137038674288776 -0.0335175399656778
0.210610881420961 0.657839172006815 -0.0104402229664849 -0.201074396831149
-0.0339343442459877 0.480988420729936 -0.0895199172037862 -0.200284263670008
0.166113057361749 0.465146469914605 -0.0625604878038421 -0.168840582500759
0.42180365947616 0.138773090775825 -0.0321361970616699 -0.0383663759055447
0.407167703187124 -0.288453436018047 0.0584629307653255 -0.0299679885232338
0.121910599933035 -0.455222315512698 0.0283623263326657 -0.165237603995289
-0.139577679876286 -0.435934040310066 -0.0884778302227091 -0.228817756768965
-0.342452170420771 -0.304813311582823 -0.206778352528374 -0.20715955556861
-0.405664569311037 -0.194449593708397 -0.271513924040834 -0.142746540730202
-0.437675705634246 -0.190747529755327 -0.268113413073968 -0.166883796537449
-0.337586676009161 -0.359801982414792 -0.189691505033338 -0.21768337016336
-0.124555164022233 -0.472627203233922 -0.0452660488067242 -0.22037069562096
0.215991840555702 -0.562722737692667 0.0564351025425727 -0.120499544830421
0.537943815888026 -0.181208244146655 0.0868076881440072 -0.0280009116006062
0.474252885735021 0.331709775953947 -0.0458258935480091 -0.128367564758699
0.187458243268789 0.607049534774581 -0.0333176111535464 -0.400477881246756
-0.0568125733512671 0.33008321167535 -0.0552628060160408 -0.347694673915915
0.100555733178335 0.332551486230672 -0.0695765986338036 -0.185287836866814
0.283940718454935 0.10334808892488 0.0445844639268894 0.00130291542607613
0.259780007802547 -0.197907253446497 0.175306769319855 -0.0428092587574879
0.072507861404588 -0.293532025162087 0.10329811098747 -0.273710233049257
-0.0911189015738411 -0.281364231655543 -0.119179676823171 -0.360980532174541
-0.221349527333723 -0.204747775038787 -0.306913777345495 -0.306825686505574
-0.276640462724381 -0.12283186096876 -0.397545565880383 -0.208943480228983
-0.311009083545904 -0.128956624092151 -0.410729904296424 -0.218385809143549
-0.250511736998912 -0.251925770365653 -0.316510761745637 -0.290707002606254
-0.101409334458737 -0.345409605433726 -0.124925752506651 -0.313441059076351
0.157065161967691 -0.419633284506087 0.0219235298432413 -0.200121260482472
0.410299212444163 -0.131830981002854 0.0670672180841074 -0.100794557121763
0.357979075455184 0.264888161769704 -0.0695567826254415 -0.207392924328747
0.12126979149235 0.461748650681101 -0.0472692998975257 -0.551681888595809
-0.0320979310265785 -0.188947674971844 0.110028338636221 0.575965107700779
-0.188359280034856 -0.13000688617004 0.14971093034542 0.234871108598836
-0.20452545449683 0.0939166059407531 -0.0686675064975409 0.118554469660706
-0.0297042169657907 0.225739330583574 -0.0798283044798242 0.268707248978157
0.0941038806237962 0.150996955977639 0.163771089104526 0.42116994859918
0.112887872515724 0.0881663158633746 0.399229474589008 0.362938129615779
0.12016432506102 0.0567303860711504 0.490242634092459 0.248341244505431
0.10608994951119 0.030592354905969 0.483652648478692 0.211824435972132
0.0803977924623879 0.0628350035015951 0.40726930041638 0.296479803658063
0.0378549062758124 0.103929373358797 0.190108562720953 0.390328745609091
-0.0149323614363514 0.116791129932231 -0.0786579628991961 0.352604339813459
-0.0940243388615226 0.0884035490813161 -0.200615909083154 0.121927790802104
-0.117703826510645 -0.0446317086009325 -0.149777320891522 0.00459969009106313
-0.0189448032687778 -0.164482902836564 -0.0289939303752016 0.141827958861939
0.0549205140042718 -0.173323472663765 -0.0122268828668732 0.440432191094953
0.0610836071231236 0.0394736449462924 0.0569060265521823 0.625972163198112
0.0160579827923974 -0.0125554410733908 0.126334992168179 0.253848766009976
-0.00608337105377385 -0.00369419490484008 -0.0948620289563024 0.14970072796331
0.0317006176274936 0.0038547137556695 -0.0954066127365947 0.300019240346915
0.0190194532700906 -0.0325596475848775 0.148117909511134 0.446382457484114
-0.0357854874175146 -0.0443914663696381 0.400605437119074 0.373106292645643
-0.0786234466038859 -0.0222292265938456 0.491825908825856 0.254488234388335
-0.0786884636867322 -0.0511784728924354 0.479083223106016 0.211222313864207
-0.0771460175618453 -0.0754373837648781 0.417627992951791 0.276235261221028
-0.0114011563693383 -0.112501642729548 0.222871943851505 0.380230591241021
0.0721945875793826 -0.076237986967316 -0.0392031569295176 0.379109532219749
0.109345889525619 -0.019172451017951 -0.196141650052897 0.175431379995927
0.0699572410919095 0.0301517986813343 -0.168345547207026 0.0427089714147159
0.0586954857913455 0.0300788814776908 -0.0354101638191484 0.116316711940386
0.0713919240512972 0.0566877946616348 -0.00509947094727775 0.414441859483883
0.118576894427475 0.270577264046482 -0.0134261254302413 0.578675082071189
0.204095383188123 0.144811743450373 0.0744771140998412 0.216198461742758
0.219979676346297 -0.0683447330738831 -0.144525139023364 0.1399050625552
0.130702596456666 -0.225123501693147 -0.142874010201258 0.295110087512353
-0.0326937565321196 -0.241214027233859 0.083956025343083 0.430137651519557
-0.166219932978909 -0.197792964608387 0.333749943062068 0.350021723547768
-0.260017974983066 -0.11580029382847 0.413877981203273 0.230017173155622
-0.253464582252045 -0.127149869494386 0.401173851135742 0.176360275634581
-0.234200321383566 -0.180575654600928 0.370775369197544 0.202992534774888
-0.0977753719663816 -0.296874364472133 0.2419642865738 0.292690882531016
0.0934931683791524 -0.279381089758371 0.0481155511885791 0.334132369622285
0.262630199905467 -0.196232381726759 -0.109839655000585 0.216140658290019
0.276404830839271 0.0331299865341923 -0.125501118665351 0.115388775244791
0.178839651272222 0.19456900859046 -0.0309536471329089 0.112064609201805
0.107380872153282 0.282258813140222 0.00665458796193042 0.330347885873962
0.126442403395608 0.45687739334084 -0.0803498158076039 0.436348631749267
0.322397791889448 0.318695754986509 0.0127693333965134 0.125809902758455
0.425938694569218 -0.066205941223855 -0.180584811658183 0.0838286350646148
0.268998259861403 -0.399907448324042 -0.180504222251598 0.230339915134458
-0.0333429938135459 -0.438479239147866 -0.00182891445714743 0.344495214559403
-0.246092583450121 -0.352629707473847 0.212812134392074 0.27484092419142
-0.390464366087064 -0.213881653254183 0.27411958548565 0.167270196709042
-0.389891821999696 -0.18441643540697 0.262223848931561 0.113728097367745
-0.372002188961752 -0.238571193628594 0.259203319079156 0.10117821035959
-0.211994836070045 -0.416558934983856 0.209451444380994 0.157464947355917
0.0428177146756721 -0.449495383698187 0.115064248238396 0.214956097178651
0.33006815351319 -0.405695322292105 0.00458802614240957 0.19057512244639
0.458873077274093 -0.0355597082971249 -0.0335894771149708 0.154603406335727
0.324515239662225 0.305238919130084 -0.0132533396097827 0.0996366936197135
0.159609231194848 0.473378942608788 0.0117311689529882 0.191621483332885
0.0865796066896773 0.560583159076239 -0.118712214998891 0.229292000403417
0.338231533253734 0.456366434148947 -0.0340969081321333 0.00619003392769508
0.53925954899255 0.000892006656931571 -0.171184009235741 0.00717711955192918
0.396161413993051 -0.460873751453555 -0.161410828087574 0.120084766935346
0.0203730655125669 -0.557667857693711 -0.0579442025652687 0.186576483789196
-0.255969295608919 -0.467604661576474 0.0761821856261545 0.136160893821383
-0.447956364020907 -0.292446462141949 0.101326219455972 0.0639618920233718
-0.468796743339218 -0.216963777980184 0.0844075740311362 0.0347492341862897
-0.465298756987753 -0.248365432542762 0.0966564982713014 -0.00233262751233959
-0.316839946507459 -0.454502337317469 0.110347785436331 0.0111514002782762
-0.0457133783367889 -0.542658433905212 0.114474468223323 0.0560301460780521
0.315985782764708 -0.568826685715051 0.080545552492235 0.0970593548566842
0.56982322964786 -0.12969075172625 0.0543109296966814 0.127043060559034
0.450376872917054 0.353456322575821 -0.00130281520521413 0.0505766476629535
0.205229470731664 0.601787258441354 0.00499538928433363 0.00911175509767801
0.0289828035953894 0.565150578619554 -0.119165009910946 0.00430214521586777
0.270168711340509 0.506438322600003 -0.0578157262386925 -0.101502468742461
0.525079167266692 0.0851676527908441 -0.113153704541063 -0.042580995677887
0.448834526737329 -0.40289028359972 -0.0717343575477376 0.0188923302249183
0.0845940487502973 -0.556726241463168 -0.0464987676228247 -0.00142100824449804
-0.212660868050352 -0.498204164538899 -0.0317359023907766 -0.0448308053038197
-0.428734250607916 -0.326034607428569 -0.0676459130249489 -0.0682394869608229
-0.472384125061607 -0.214737731081075 -0.102941767908954 -0.0518704100516096
-0.491523953589531 -0.221870733264344 -0.090705554475626 -0.0904676174415739
-0.36715157773188 -0.42185074415093 -0.0373163897156097 -0.114941786400077
-0.115601265471922 -0.541239195192865 0.0455394707693534 -0.0962706367688442
0.256802833951679 -0.62247870046856 0.0883992120622559 -0.0192419695223971
0.588340371681738 -0.194549825211134 0.092795365181569 0.0520581456178801
0.508100492046676 0.349605790278304 -0.0146740259389992 -0.0320920722108959
0.226458565073057 0.643616895107651 -0.0174620972410578 -0.197598166577621
-0.0210285306773746 0.475452605292813 -0.0949133456460219 -0.195388004541589
0.177854802173013 0.455606467883688 -0.0668586470104539 -0.164519731954869
0.420100792045547 0.12574581795083 -0.0331321123056562 -0.0368798560229274
0.392420093184006 -0.295805823957308 0.0572592882398879 -0.0311613864279591
0.108072845791916 -0.452211567366462 0.0236434782268907 -0.162398434265264
-0.151053684400628 -0.426112759252245 -0.093422194562078 -0.223579471597771
-0.347613856341109 -0.291710878830355 -0.209449670573401 -0.199382036344959
-0.406324382882175 -0.180755596534333 -0.271753261844568 -0.133684721537649
-0.437895633735742 -0.175864917539165 -0.269922128196986 -0.158031297598362
-0.344496779493454 -0.34573419656337 -0.19320369116239 -0.209733322946402
-0.135619859063726 -0.46314013450024 -0.0503030797193302 -0.216462487364248
0.196518571770154 -0.562762976487178 0.0533782449335552 -0.119592712581227
0.526609812505471 -0.195407800554372 0.0853635662556851 -0.0298301679770609
0.476265978713649 0.315683598297178 -0.0485564292479307 -0.125204121426954
0.200859158336393 0.593392941138327 -0.0452064701383968 -0.393503234720234
-0.0475509699090995 0.328742462450182 -0.0649589069785291 -0.340722527319653
0.108817051101597 0.327234395654984 -0.0746782679108838 -0.180642288484535
0.284088313111435 0.094153665738176 0.0435736574766362 0.000681901106947124
0.250670738830515 -0.203495371113414 0.171947990822616 -0.0462930234704918
0.0639124490548398 -0.29218494819511 0.0943319722175646 -0.27177365894626
-0.0982177741181479 -0.275348008695943 -0.12722460901268 -0.353497779440141
-0.224749793599469 -0.19569150535537 -0.311226111884785 -0.295319103460775
-0.27680640549494 -0.114392407527986 -0.398764978554445 -0.195340333516182
-0.310603687458898 -0.117943072290078 -0.410382980964758 -0.204072328921228
-0.254527227990608 -0.242022702372773 -0.319808260218374 -0.278535632793103
-0.109263438399944 -0.33819897387553 -0.131584422781431 -0.306651706176376
0.142888705138258 -0.419332928431654 0.0164507920499152 -0.19716183424674
0.402057097867315 -0.141451057632986 0.064152880470221 -0.101711393472138
0.360492351870783 0.252070712385838 -0.0741695945493466 -0.202113636495865
0.132379133187992 0.452606801742615 -0.0640549808597236 -0.543087532649499
-0.0359364158254078 -0.185875187796169 0.124108281768977 0.563042237983741
-0.189806133196492 -0.124006517724027 0.154013984517352 0.227097652001408
-0.199611921280807 0.0976644549888582 -0.0643198864176408 0.117877716795666
-0.0224617681584064 0.223802978366245 -0.0733387738001571 0.267370097027593
0.0964565710997631 0.146620510386238 0.172044835845588 0.410875850546942
0.113543746635006 0.0842690366326414 0.403422560457421 0.348679062632496
0.120008165231914 0.0524903598471755 0.49100072238495 0.232260679818365
0.105880969386299 0.0278998330826392 0.482763629853457 0.196434884767291
0.0811032167823556 0.0597705517885201 0.410064885600855 0.281026079715114
0.0403192361386536 0.10173285544815 0.198879572694396 0.380363234926741
-0.0114863140375554 0.1162080141944 -0.0682387278721586 0.349353769754002
-0.0898431565446406 0.0905385349191087 -0.194639587834729 0.124978392454674
-0.117827958211147 -0.0401879979699672 -0.147946548301788 0.00877144156483272
-0.0230906684436394 -0.162328921762568 -0.0250392640153129 0.141092736613959
0.0494732063257478 -0.172639142942285 0.000141476106874791 0.43519967664095
0.0613283582419537 0.0365712275764964 0.0726347431007876 0.616180712551171
0.0150795413962244 -0.013365216677663 0.132193485763167 0.246276687688601
-0.00642888625555184 -0.00366165657214694 -0.0900746188373886 0.149456955605976
0.031342917312075 0.00284104154932699 -0.0875921679466155 0.298325628123892
0.0178142871675537 -0.033057088030962 0.157603982403359 0.436956983757579
-0.0364617442278876 -0.0432810605508227 0.405346935712379 0.357167512313404
-0.0785194248172565 -0.0203947293423075 0.490615097959249 0.237645829469829
-0.0795529350379246 -0.0488546568849703 0.477732497634685 0.196243103707862
-0.0782028396604386 -0.0719199133116953 0.419754735937823 0.261944357614188
-0.0143965637958762 -0.111087640179354 0.230237937587757 0.369652744336828
0.0693803596461919 -0.0770390380609633 -0.0275597762588038 0.374265805256407
0.107479024205607 -0.0216109842163672 -0.189254460632316 0.178066851441221
0.0695797341259835 0.0282958940457686 -0.165276079527801 0.0461605343431426
0.0585821067243816 0.0278132134914918 -0.0318026502797743 0.116116373009536
0.0718560818047152 0.0544704166903496 0.00743840409113956 0.408816964986408
0.123902049204371 0.262690521408292 0.00128593291705092 0.572120465542158
0.205002072324937 0.137670532674605 0.0795770592143405 0.210594722560983
0.214840901813713 -0.0738373287578837 -0.138872820776406 0.141094701902765
0.122978027357744 -0.225718100894859 -0.134139398350799 0.29427663663858
-0.0391123548282912 -0.237151355030625 0.09411450669232 0.424018448986585
-0.169735876609316 -0.191010708579452 0.338354360878498 0.337048088330241
-0.260066545510363 -0.107455372972366 0.414586478235453 0.215989678666799
-0.253399494117369 -0.118524958859731 0.40134536273859 0.163310908780416
-0.23588287320099 -0.172891026186322 0.370703512586562 0.189855238657889
-0.104586682784359 -0.291208205965844 0.246703122643154 0.282556329145492
0.0861457503659523 -0.27817291867032 0.05666359997385 0.327842386586062
0.253417844491726 -0.200717257571348 -0.102782346141068 0.216371902657635
0.273829873409186 0.0257745808325086 -0.121127751293968 0.116679617605647
0.18141385012735 0.188103312717281 -0.0270758443810867 0.111396829436891
0.113458187859068 0.275955177951212 0.0157177105895755 0.325973863760002
0.135894610170986 0.447196758711985 -0.0675727903162897 0.432551716099641
0.327893271085735 0.306884555085995 0.016600442541455 0.122818671706952
0.417785367152008 -0.0767576544541491 -0.176518671188958 0.0867463032132847
0.254379131267617 -0.402050549789622 -0.172563504169998 0.231643569588047
-0.044172749855738 -0.431682679042443 0.00696435816881946 0.341857456852306
-0.252842605807353 -0.342121042340031 0.216157669837937 0.265376966406993
-0.391327165582609 -0.201213895194684 0.274391905142336 0.158582746750073
-0.390950648685777 -0.171983235211704 0.261424130371454 0.106162654605401
-0.373547259593403 -0.225100157316127 0.258283774960834 0.0925576943498657
-0.219319301373432 -0.406014283011651 0.211277610941182 0.149588212794312
0.0302497248069321 -0.445132900183581 0.119895258038774 0.208275084554816
0.314488793598521 -0.409653145068389 0.00902759543803456 0.188751368367833
0.451746924998869 -0.0463431102905108 -0.0293466073617905 0.153262640802744
0.327516883290793 0.293418965012137 -0.0101205356577385 0.0989210351176908
0.169404654521207 0.463589419999148 0.0166655289573768 0.188855144538851
0.0991877125775896 0.550213482125681 -0.111206578857098 0.22925571078326
0.345939721951239 0.443266134440469 -0.0328731750219424 0.00663653685997665
0.531850223533879 -0.0128603925325406 -0.169373228342737 0.0114533282679861
0.37740302854227 -0.464989262309104 -0.156622779984265 0.122660546526157
0.00506351627580425 -0.549175323798781 -0.0527408817526693 0.187553672337711
-0.265938383917894 -0.454729008553749 0.0782738591240961 0.132450169236983
-0.450325091454709 -0.27803692921746 0.102316023703985 0.060173928727627
-0.467525461724609 -0.20174180967823 0.0839216464768858 0.0324064792933432
-0.463930120603408 -0.232072222956049 0.095378101899503 -0.00501536949631986
-0.323033330276649 -0.441059967192724 0.109496588921938 0.0077796751505269
-0.0591334132089971 -0.534744157596705 0.115041083024108 0.0517856343951584
0.296063027261941 -0.569344844251004 0.0824007942731086 0.0947687595382729
0.559347648015161 -0.143656697352643 0.0565616552617727 0.123558822387451
0.452142102158204 0.336881417640459 -2.0223666566191E-05 0.0510971101463494
0.219364366389612 0.587437326574145 0.00419216111027234 0.00877109651142593
0.0432063179516704 0.554838774172879 -0.117567148210258 0.00702121117152872
0.280437506955443 0.492664569711285 -0.0596187349308094 -0.0988790403015851
0.520087149413748 0.0699508906435814 -0.112863268021843 -0.0386989049675423
0.4316750209733 -0.409246418086205 -0.0706652090019507 0.0202251225820624
0.0698033114419523 -0.551844177964205 -0.0453293314638264 0.00159844425244774
-0.223244212491668 -0.485249682053114 -0.0326848438719676 -0.0433687810849117
-0.432016323980516 -0.310491606066496 -0.0684094813084295 -0.0659194756890638
-0.472503973766072 -0.198120612867734 -0.102819340665784 -0.0485038556996614
-0.490434607961696 -0.206210194417651 -0.0919967363217444 -0.0871743767177608
-0.373597727366346 -0.407299115793322 -0.0398622152775474 -0.11272589656193
-0.127869473403582 -0.530504546028471 0.0427968636213277 -0.0969537708086738
0.237467672054587 -0.622934288049821 0.086814369241866 -0.0205309955080327
0.576200049795053 -0.206890159099517 0.0932957281582696 0.0485192049323928
0.510836530877839 0.331577946724004 -0.0159795530108645 -0.0306822500836649
0.240148670800018 0.629965473274073 -0.0232623313013435 -0.193986429001375
-0.00641095634545811 0.470973490139715 -0.0985187433265202 -0.189646891802091
0.189227066809734 0.446962336775659 -0.0705422294114473 -0.160341130943941
0.418347051134758 0.113250003780514 -0.0334294685507427 -0.0347324197627437
0.379677217201234 -0.300584111697449 0.0557541464319712 -0.0323336959215385
0.0948252618505002 -0.449720217138605 0.0191417025610203 -0.158781950397134
-0.160842950136219 -0.417460874739074 -0.0979199269852008 -0.217700148271274
-0.351202568317409 -0.279380056076685 -0.211801943213879 -0.19142027468158
-0.405809708658239 -0.167492925925465 -0.271068143110516 -0.123835331512153
-0.436305090663798 -0.161776441563052 -0.270440089788028 -0.14869146407663
-0.349242174506228 -0.333550048362801 -0.196923465520042 -0.201628808922923
-0.14535709357012 -0.454045619531274 -0.0543096510578157 -0.212960820623968
0.179116433340309 -0.56113510334486 0.0503029371700715 -0.118811335389349
0.514401291694562 -0.204209559596672 0.0838406736581844 -0.0323655518175187
0.478603087267855 0.298550015224764 -0.0513125191487341 -0.12142803677813
0.214121991361023 0.57979321761792 -0.0557883228506506 -0.386549932454173
-0.0386932773325684 0.325394968371074 -0.0734332978386112 -0.334437896154636
0.117233202452748 0.320742672714745 -0.0796377238341178 -0.17545071393943
0.283124312295592 0.0852254622999766 0.0427474261054445 0.000941809507007609
0.242003562890592 -0.207536828730676 0.168920135606178 -0.0503537342527357
0.0547543699319183 -0.289763923796738 0.08576916342257 -0.268993033585327
-0.104464604862092 -0.269361002222931 -0.13439135862531 -0.345428480379703
-0.227682268854091 -0.188082851687437 -0.315864913381197 -0.283276035376881
-0.275214311462817 -0.105292175477648 -0.398184718633548 -0.182290144749143
-0.30957849005048 -0.107741595347665 -0.410591104093601 -0.191444849535363
-0.258097021492022 -0.232076341710772 -0.322923300480906 -0.266780239031595
-0.116613291259665 -0.330811118122498 -0.136556954395354 -0.299135574150206
0.128309971202907 -0.418431058380946 0.0126055219021946 -0.193561244483263
0.392594669311871 -0.149699553137285 0.0615065857443771 -0.101918106698587
0.361664862608546 0.240728898929229 -0.0782053158077883 -0.197135293282053
0.141529020420826 0.442893731791197 -0.0774874819953553 -0.533293468153446
-0.0395146382311917 -0.182811941144088 0.136176698325857 0.554152568691775
-0.190240960234293 -0.118326092404579 0.157961748828658 0.219101824255762
-0.194326739109261 0.1009134077389 -0.0615238448039099 0.117009906415506
-0.0165844921011196 0.221127721134082 -0.0669698125494658 0.265466891466302
0.0983377806065727 0.141915522207267 0.180060216200797 0.401065083343309
0.114452432541662 0.0805316399079321 0.406641125327567 0.33335052270455
0.119690571977948 0.0489622399512838 0.488156289016035 0.216748235011966
0.104522945628118 0.0244648878485472 0.480208642191034 0.182636992009668
0.0813209936377552 0.0561854872169757 0.410754371313297 0.267719478055714
0.0428939335308882 0.0992248286900548 0.205529404272715 0.370450037482788
-0.00791486979744281 0.114820289687124 -0.0588858265634966 0.345728361772026
-0.0866669314385803 0.0917297510619375 -0.189267598103806 0.127050132425279
-0.117311852059887 -0.0372764302174929 -0.145927936466282 0.0117519499804926
-0.0268127560361864 -0.15993772342981 -0.0215494878184276 0.139633518216682
0.0448862634219619 -0.170784750944986 0.0123876203158477 0.428802314892658
0.0620559458452406 0.0346003955400879 0.0887119032784221 0.604998663940113
0.0144941790454215 -0.0138619803215107 0.13696852438025 0.239065655149905
-0.00725667662557663 -0.00342808879691705 -0.0858907081226013 0.148817602561889
0.0315539892805836 0.0021773148030465 -0.0802733209879556 0.29640645533777
0.0170980947935677 -0.0326026153036311 0.16539183571565 0.427719651248177
-0.0372264751727973 -0.0415696433578938 0.409015469250479 0.342351014187387
-0.0777391284154896 -0.0174979739229711 0.490599421658409 0.22276961934418
-0.0797829827347965 -0.046609358295516 0.476855505954481 0.182477001368743
-0.078721163998768 -0.0689618421041326 0.419366902594067 0.248046150610006
-0.0163695784171963 -0.1093104254387 0.236456952270973 0.358763476592955
0.0673785442961614 -0.0778753810086403 -0.0181130350194392 0.370459735947378
0.104994308043759 -0.0236173513248007 -0.182763805378233 0.179626333295751
0.0688444198264189 0.0266499022368981 -0.161851820169792 0.049407670773529
0.0587139348719853 0.0260835173425251 -0.0288773816400388 0.115348841994416
0.0727610732782464 0.052007976903898 0.0176363671061253 0.403546377223477
0.129521417026761 0.255788947592124 0.0154053433766103 0.564392172102172
0.206411246622467 0.13080094774405 0.0846620055753851 0.204382199040797
0.208865936257881 -0.0782359609543003 -0.133981303845841 0.141607427741608
0.115650604513315 -0.225905542835586 -0.126752211082579 0.293356751993326
-0.0441666495131861 -0.23345512859568 0.103525776231691 0.416055559201805
-0.172593908397058 -0.184452737226154 0.342401764408834 0.3234029357048
-0.259513010473006 -0.0996665845412935 0.413528799715736 0.203883890866154
-0.253496199203088 -0.111017717198693 0.399538842823838 0.151526611272813
-0.236638473408629 -0.164810938451014 0.371082425565031 0.178045413428559
-0.110181471096776 -0.28481367050857 0.250143845752598 0.273127512065558
0.078656105349387 -0.276778195439174 0.0637860023424105 0.321833708414611
0.245010270004869 -0.203566373566074 -0.0967204553886851 0.215637212799428
0.270205063947092 0.019505846333143 -0.116973851467747 0.117931068198468
0.1835446803566 0.181148306759315 -0.0242938423889746 0.111302764961971
0.119493843941221 0.269577181943933 0.0230833167156481 0.32031599770736
0.145321080135589 0.436586692436234 -0.0553674374589017 0.428626257935084
0.33019592737385 0.29598087406747 0.01986884367897 0.120082404530921
0.40946948475871 -0.0859347732995493 -0.172249193703315 0.0895759812335072
0.240288812781026 -0.403690971388282 -0.165366344028697 0.232369173650843
-0.0543491727742029 -0.424724074431154 0.015318394887767 0.338179480431714
-0.258574219194575 -0.331716295919839 0.221334625318272 0.256253740322697
-0.391262421883918 -0.188847186744964 0.275550830016513 0.149302070922167
-0.388972470962309 -0.160518879591781 0.260675890549611 0.0986737063799992
-0.374482657327932 -0.212634438781086 0.257079757281537 0.0851470824769569
-0.228070596053939 -0.395661866153074 0.212416090168518 0.142845263448779
0.0199312734904017 -0.440040980256083 0.123967053366117 0.202577239222604
0.299517116316401 -0.411163431611883 0.013606546189226 0.186351391868319
0.444123412463825 -0.0566124426944311 -0.0252340789809557 0.151409250180247
0.330758323737757 0.280848759927859 -0.00854206288456446 0.0984503603796212
0.177883996643009 0.453034881965619 0.020428530353228 0.186439697831716
0.11208044060894 0.539592500210256 -0.103363315423676 0.229120959406409
0.352672571808805 0.43169334199563 -0.0319606251953509 0.00669840964312382
0.523582460381631 -0.0249039187754693 -0.166847998415238 0.0154204665956829
0.360483581762059 -0.468706419960603 -0.152284932550823 0.124808667671327
-0.00878117080587971 -0.542926152411653 -0.0476316563309428 0.187713343702629
-0.274432353077289 -0.442483152398183 0.0806369465582816 0.128740018553469
-0.451569373140347 -0.263106502824958 0.102605812408246 0.0575860261067144
-0.46439974977031 -0.187694218092955 0.0833431933764854 0.0300582155488005
-0.464073928727598 -0.218698937435478 0.0939039533879342 -0.00759093633270585
-0.33100968830091 -0.427946672993707 0.108566315569558 0.00524629137703401
-0.0721113206616548 -0.526302343855324 0.115674700782051 0.047496574059798
0.276547076072533 -0.569259917878573 0.0831312548393403 0.0924640884809976
0.547875586737198 -0.153313330977075 0.0588345115090106 0.119752761494302
0.453614328317124 0.3216395031529 0.00113893605836982 0.0507375264749106
0.228936851294382 0.574493288782827 0.00354526911538543 0.00969112029650693
0.0552569179434929 0.546393136867698 -0.115870148130603 0.010334939168761
0.288781599834662 0.48153929968147 -0.0613107408099858 -0.0960310751602105
0.514437824577465 0.05633479354071 -0.112260367244307 -0.0345554308557633
0.415129574669322 -0.414366475251084 -0.0693529521030085 0.0217171179339365
0.0556500904814644 -0.546280820521296 -0.0443800547723906 0.00469750897165489
-0.234004372619064 -0.474026106561157 -0.0325459902785133 -0.0418144610479027
-0.434339599889491 -0.295887666701981 -0.0683777715495709 -0.0627207473358
-0.469574182456674 -0.184339874200466 -0.102411635319495 -0.0449742599700984
-0.488890557584992 -0.191505351818752 -0.0926317517446465 -0.0839324802828243
-0.379499419164458 -0.393250330398404 -0.0414710180350293 -0.110339318222991
-0.137430786386792 -0.520607292109318 0.0408744809926358 -0.0975641416723725
0.217681496775686 -0.619715024792324 0.0854858270937244 -0.0210215092012727
0.563743993725333 -0.218075432892006 0.0934008145349654 0.04546397456741
0.512385064866172 0.315825406017938 -0.0165030794115284 -0.0293356168140498
0.252971681099511 0.614050635399781 -0.0290552329389384 -0.190251303367171
0.00343251354022795 0.463975503662511 -0.102195037403851 -0.184785575161107
0.197780828663862 0.437570388541423 -0.0739149954948753 -0.155398683667623
0.415057299329228 0.100901753631321 -0.0338650046897524 -0.0324085630348508
0.365279506261719 -0.307334979811008 0.054293005884296 -0.0331807816952033
0.0812970336322469 -0.445807464616494 0.0154546435721883 -0.155484575152178
-0.169772631950609 -0.407554183254853 -0.101698441622434 -0.212606185053562
-0.353099291627972 -0.266677022265639 -0.213768210370132 -0.184056256732031
-0.403203239669928 -0.154324749304257 -0.270850945012372 -0.116141360224367
-0.433898809859151 -0.149125484058801 -0.270663525966816 -0.139433780943515
-0.353118096284736 -0.320144601232271 -0.198579572295743 -0.195096068532107
-0.15462670377868 -0.44287194949109 -0.0579703551292193 -0.209906772673271
0.162536642946399 -0.558274841250442 0.0473466356324269 -0.117033920714118
0.503256804908932 -0.215116676252398 0.0823327239770053 -0.0335399819215195
0.47925960538668 0.285428877338202 -0.0535591065074693 -0.118456144038779
0.225220736606766 0.566778159200934 -0.0654436001986272 -0.379461364100593
-0.0301795808215226 0.322479086965486 -0.080312067196447 -0.328038666952332
0.124099984690533 0.313939365310173 -0.0834483402060535 -0.170426715113165
0.281331140841815 0.0784271220831075 0.0418665714003335 0.00033750220340566
0.23331174177962 -0.210052995511532 0.165651951496746 -0.0533804199908859
0.0469715650536076 -0.287451078979202 0.0791907083876873 -0.266231826037322
-0.110540710687419 -0.263342052980096 -0.140863830148783 -0.337514643756845
-0.229072393738792 -0.179674713230757 -0.318905538005431 -0.271834016082618
-0.273971147758826 -0.0966379679534151 -0.397365654392524 -0.170503826612731
-0.307354054496137 -0.0981473762632844 -0.410528557728755 -0.178737696130135
-0.260445033371696 -0.222578307716064 -0.324352551983369 -0.255654585968558
-0.124118809607568 -0.323788283806619 -0.141455658542471 -0.291955924545012
0.116524219669318 -0.41564689495177 0.00883017380617124 -0.190459137496779
0.384861782982018 -0.157804293797282 0.0587176370489509 -0.102601151295368
0.362575152483314 0.229596844105492 -0.0824151166988547 -0.192802060512681
0.150195035597859 0.433369408383661 -0.0908314052918584 -0.524065031819171
-0.0253830216060258 -0.190514238897998 0.106530522507999 0.551171850557967
-0.183493868072849 -0.129457166703995 0.146171904098299 0.226044220347491
-0.19694885585968 0.091832454827334 -0.0601587356968281 0.120200176243331
-0.0214929009325298 0.21520680725533 -0.0673848180694319 0.264531799568001
0.0941932848545408 0.138598199952557 0.173307489455812 0.395133545990183
0.111960328693207 0.0795444961039083 0.391833436555441 0.332215353234543
0.121122122485489 0.0548948433100584 0.479286055506642 0.221969292369239
0.104589544575019 0.0288244575291154 0.472337174805794 0.185756573095432
0.0838240766260771 0.0599155078789054 0.400776007862743 0.271280609043292
0.0441148415867196 0.102225074060127 0.197072820636772 0.367992858822458
-0.00900601847221707 0.117690912275596 -0.0680781082206523 0.338983756619424
-0.0894683949864945 0.0916871805925306 -0.194739999451744 0.12027298814217
-0.118219317118698 -0.0397907183768968 -0.144095916007181 0.00334373385183516
-0.0246854073123374 -0.157211519568066 -0.0202446633876893 0.135264222921217
0.0480410132096867 -0.165323292335015 0.000634998973175194 0.419427281597394
0.0666061246847303 0.0331462017609055 0.0669894172476752 0.599470076440587
0.0161188341970598 -0.016082522402579 0.127455226264764 0.237932865681823
-0.00538643439220618 -0.00389990917029038 -0.0891836238485601 0.141973450312698
0.0330709727483698 0.00303071481347516 -0.0874014206037354 0.288069902825478
0.0217774311597308 -0.036622260148651 0.151232881364014 0.420084992429588
-0.0336450670942558 -0.0455224547629125 0.388263561849 0.342884743990013
-0.0721013726128982 -0.0180186881176423 0.476425155319807 0.229672511490101
-0.0776518884884615 -0.0489909901841053 0.465560183540646 0.184297029097763
-0.0736508465216691 -0.0692091400343643 0.411295331139856 0.248557654023993
-0.0115593482623677 -0.108623401586591 0.229839902426709 0.354528972396814
0.0710392450010084 -0.0743867277361726 -0.0209800950792093 0.363242909216575
0.102237099829071 -0.0169710082218242 -0.179199732943165 0.17363656837675
0.0650403247823318 0.0289439533712605 -0.159493371648116 0.0458296413209537
0.0567709309478842 0.0286841101813791 -0.032236724243072 0.114710115354291
0.074865864695632 0.0553500988508033 0.000581006250546116 0.396144759149567
0.122971799893571 0.25919104833083 0.00596811710603522 0.556155146206108
0.200106519827305 0.136829898189452 0.0801165177903932 0.196305669700262
0.213666558234346 -0.0670208892311505 -0.139137558539828 0.124403659654405
0.123813255242354 -0.215919134947457 -0.137456566441043 0.274906051070408
-0.0302296434957472 -0.234451724481079 0.0813174787864224 0.404519314284879
-0.162767803031543 -0.190775689543442 0.318182330367444 0.324790180846484
-0.249494858482272 -0.105591009810321 0.397126917816882 0.211517454581638
-0.250365088170351 -0.12022932107281 0.387755089266147 0.152865720157245
-0.230387401985319 -0.168665740465974 0.363775135041103 0.176617621154137
-0.103678037779069 -0.287149507738461 0.247661615298167 0.266741749798166
0.085580681347017 -0.274669708399509 0.0672610748404189 0.314928038717711
0.244490425705432 -0.190790066904811 -0.085277197666778 0.209680360737739
0.266097038932831 0.0279712791196735 -0.113626009997388 0.11929729069266
0.17835280412631 0.185051878437424 -0.0327781013501748 0.114594752117677
0.118666045954484 0.270040699357177 0.00282422588421035 0.319242767564908
0.128702764362442 0.44344702573109 -0.0506927491091911 0.420307700282391
0.316581947839637 0.307068025379473 0.0240401947328952 0.106015496407167
0.412451346261195 -0.0651863566295842 -0.174303936395656 0.0628256264358654
0.251574465904063 -0.3844298718134 -0.17721969216999 0.204109194528838
-0.0330279151011324 -0.421144049343927 -0.00977944874877846 0.322811252892638
-0.243325234243453 -0.338014952729401 0.196841387841271 0.25632393126166
-0.378824989513374 -0.198320770602773 0.256957293237128 0.156515799194165
-0.384823281069347 -0.174931045762564 0.250321738051521 0.0986448658719103
-0.367730916013129 -0.221297715464875 0.253351937576093 0.0813093343050359
-0.220161494770517 -0.400212119383756 0.212418160421201 0.134689783008952
0.0307288020507664 -0.441281439653104 0.13284498424457 0.195016757561498
0.303513455626988 -0.395013311165128 0.0326118617094651 0.177231165484414
0.443414961775193 -0.0425632593152366 -0.019600090297615 0.158660863856169
0.322232923385966 0.286669679385743 -0.0182875484875562 0.107014509852479
0.176008065783671 0.450294014757719 0.000856122009963111 0.190791193026173
0.0873708027208309 0.547611000870572 -0.0878955759529546 0.224801176165905
0.330472822457782 0.443962371139235 -0.0195290377253681 -0.00786360007840416
0.522200006831248 0.00207553402233077 -0.163598748827326 -0.0138378656853688
0.370043026154048 -0.44326819673897 -0.159764470848744 0.0932225145885623
0.0149615512596912 -0.534147475824269 -0.0719598637004348 0.16975573579413
-0.256890294675641 -0.447280043654974 0.0605019980324539 0.127589958710195
-0.437645877766976 -0.273977876321006 0.086514298110026 0.0621516877566338
-0.459791771467675 -0.20417924675578 0.076290201044447 0.0287312504328521
-0.458546207086483 -0.228846278774422 0.0934772507692701 -0.0136179657241894
-0.324597276069578 -0.434496684069044 0.111124788893558 -0.00415301987561156
-0.0589638235504711 -0.5306518258929 0.129304690025944 0.0386666625619728
0.286503440979494 -0.552062342083242 0.107288873793921 0.0804177611263138
0.549623670298093 -0.137178712819987 0.068452456076458 0.131358720701591
0.445011240169981 0.328192617357989 -0.00848652372785436 0.0648879168173976
0.223858086223094 0.570524717889215 -0.0121949709894278 0.0196352556489662
0.0292961432031327 0.552207996960201 -0.0923903893941726 0.0106208418651525
0.266015890852819 0.492214927273846 -0.0436704499095116 -0.107434599891129
0.508482334684592 0.0825667034035297 -0.105045667097161 -0.0600579230083053
0.420444124056328 -0.38914890910158 -0.0717358581620467 -0.00621415109564188
0.0752259428799662 -0.534444759369773 -0.0635235556734925 -0.0115030524118534
-0.215056987327597 -0.475739670642978 -0.045922703837386 -0.0427895594188621
-0.419696392008822 -0.307982570406785 -0.0802411597215111 -0.0606616750075666
-0.465856965645671 -0.202188079921716 -0.106314891200045 -0.0474535359541009
-0.485473388910166 -0.202785776867722 -0.090198274658479 -0.0910451964155442
-0.374315720371842 -0.40198010623179 -0.0371158090967469 -0.119908159111711
-0.127535264647749 -0.526351437534426 0.0573468662350843 -0.10702091646715
0.228444204366213 -0.604049602781275 0.112392708767518 -0.0347800106595453
0.567349249811839 -0.200584192164208 0.106316984430796 0.0591081528504781
0.502229301559894 0.323964620048616 -0.0222510889768541 -0.0131079919333467
0.244396003804593 0.608327711025758 -0.0368622433308313 -0.175141987418857
-0.0222337126510107 0.469376219808156 -0.0755657572201908 -0.179513325306961
0.176112490763841 0.445091910214588 -0.0553373647727241 -0.163157295140282
0.407655213600049 0.121124957543069 -0.0264582831248608 -0.0501329253687667
0.367375446116366 -0.287350795558203 0.0537324093960062 -0.0520105290601197
0.0961730621547996 -0.434415159946005 0.0037104167655069 -0.165133109625161
-0.156189554704542 -0.40633823968481 -0.105943947555691 -0.211045157539856
-0.342283773577654 -0.277471676381129 -0.218728035706652 -0.183251189056773
-0.401086054465709 -0.170189862284395 -0.269856935651327 -0.119057632255898
-0.432242873193003 -0.158390569769754 -0.265143301709412 -0.148174996760583
-0.350720107331567 -0.327625652319832 -0.19153604963488 -0.203564940993889
-0.147026414329492 -0.450899964533995 -0.0399768196513165 -0.217999501602277
0.170455439687677 -0.548014293619369 0.0741667974157506 -0.128835189453047
0.506330147201246 -0.201861224893863 0.0974360253962312 -0.0204524223902782
0.468899010298597 0.288566062398061 -0.0551562158175361 -0.101688815435931
0.216177192230924 0.559637185120295 -0.0643039904112974 -0.36194272162727
-0.0498055389551983 0.325203836851398 -0.0551062040323747 -0.320637296370423
0.108917947762204 0.319595178005678 -0.0681931331246949 -0.175156024091012
0.276631721144968 0.0901442193965459 0.04449879454631 -0.00953037336564456
0.232615965414278 -0.1983210438949 0.163341439512099 -0.0610849869382618
0.0544421169379553 -0.279810444670529 0.073633538215006 -0.266735946145613
-0.102625506914219 -0.261936977618266 -0.136700223372195 -0.332825049574412
-0.223731006540318 -0.188328706991475 -0.316058420493732 -0.273116437401907
-0.272682286766606 -0.107143056117826 -0.391939447225286 -0.173469755060445
-0.308447305914278 -0.105817754620433 -0.401446403961507 -0.186255707507819
-0.260971621036698 -0.227577363123444 -0.315452249614861 -0.26227118308926
-0.119566950505254 -0.328719340409666 -0.124329985844635 -0.297633293639404
0.121660835322531 -0.410124204203609 0.0316437640411202 -0.198196796197331
0.387572925201182 -0.148223690423707 0.0726280418395274 -0.0902933870694016
0.3548182401953 0.231663038393039 -0.0793657644719652 -0.179455583633216
0.140907651719605 0.424986925471727 -0.0798473255766574 -0.50641339965356
-0.0280515204827409 -0.187835371775735 0.116422736562201 0.541155929517778
-0.183845239005377 -0.124444862777448 0.149360974728111 0.219502579363035
-0.192752298437501 0.0947037305382077 -0.0577269936159429 0.119107092074832
-0.0162854527049765 0.21281281142347 -0.062029615425727 0.262533433073921
0.0960060433781341 0.134699640778293 0.17852550325263 0.386126029441769
0.112531304324537 0.0767631826695604 0.393141166499613 0.319964575156774
0.120962332239803 0.0514680997744338 0.478378333610056 0.210565620300388
0.103734033925583 0.0264173294963285 0.470065587533347 0.174091910016071
0.0843572815326181 0.0569544918113366 0.401125296595078 0.259813765502608
0.0462748769959631 0.0998223301358338 0.201714519751198 0.359569451934521
-0.00569817865631473 0.116468365714915 -0.0600931639272021 0.336787549585811
-0.0864285446931643 0.0933050639131429 -0.190327368439341 0.122453854653812
-0.117905757911184 -0.0365129414624464 -0.142482957037357 0.00601314019917938
-0.0273373077595125 -0.155377819628913 -0.0172805487190178 0.134246741178498
0.0440350551745436 -0.164096154194677 0.0104427787696131 0.413038306049149
0.0668893965670602 0.0313271252795087 0.0786475455508021 0.590753173363623
0.0154393352592518 -0.0166733968139676 0.131786314164425 0.231170401442289
-0.00589952866056791 -0.00360247512173626 -0.0857249579528949 0.141605933117057
0.0328531651871492 0.00243541941701473 -0.0815621675752278 0.285537209524661
0.0206225874384755 -0.036296257633669 0.157882274816745 0.411512443346345
-0.0344103665950892 -0.0443027130254897 0.389384455271064 0.331662547922371
-0.0715948435765086 -0.0159967987091771 0.475504255148181 0.217778018711536
-0.0783164903280064 -0.0470213130914525 0.463349526384551 0.172864614170243
-0.0739315370064101 -0.0673251972284725 0.411444805819563 0.236535186445125
-0.0139194545582669 -0.107039799556906 0.235073084893178 0.345111644089168
0.0692850699509061 -0.0744567144068551 -0.0126893979294451 0.359786160700132
0.100489768609669 -0.0183691495624045 -0.173536340891079 0.175081494901091
0.0645722214029375 0.0277676744274027 -0.156797743003548 0.0480038978336349
0.0564650162067638 0.0270614370813604 -0.0295569736844742 0.113545717237902
0.0750581263200224 0.0533138126495251 0.00885205359560841 0.390990499943838
0.126303555075565 0.253264574964097 0.017140493144222 0.547262007935761
0.199825338403064 0.130486011261604 0.0840719158357593 0.191039385082207
0.208472947047244 -0.0705713560737109 -0.134977133222104 0.124271979739998
0.11791194926372 -0.216072209704912 -0.131413822846812 0.273747988994675
-0.0341703281863676 -0.23095549040948 0.0882844975128661 0.398564554984721
-0.165001605652062 -0.184913330495277 0.320572995407152 0.315192033740629
-0.248288903581718 -0.0988787675580663 0.397064130733466 0.200345170473157
-0.249156448970604 -0.114000525358887 0.386205471971943 0.143470055170441
-0.23044150680327 -0.161814493512333 0.363000151527173 0.166443902427546
-0.108186845459901 -0.281645442920475 0.249354737239165 0.257803324742341
0.0796145314284304 -0.273627423193601 0.0730762016170826 0.309714081335279
0.23759559870809 -0.192910266060575 -0.0796732632170562 0.208622211193717
0.26355834723918 0.0222460893218664 -0.110394813659674 0.119729086064916
0.180093912977314 0.179462959519741 -0.0296797152396079 0.113595051634813
0.123201715284559 0.264145400986104 0.0098365758466442 0.315159196515051
0.136226994183559 0.434592618927893 -0.0412734371843986 0.41694964867474
0.31853182805378 0.296637575579659 0.0266039078199595 0.103478252585668
0.404398615694872 -0.0721602952483278 -0.170611677594344 0.065520917489446
0.240008291386483 -0.383748028419754 -0.172033945120896 0.204820173793207
-0.0413237341656107 -0.415226274433207 -0.00394018106567536 0.320287160832405
-0.248130007856606 -0.328782842084825 0.19903797705645 0.248657080615062
-0.378277841398835 -0.187884934985392 0.257192701119691 0.149746213430005
-0.383276549174235 -0.16459574084012 0.249417547351028 0.0922617530608301
-0.366341022883621 -0.210494054620227 0.251818328300551 0.0742929318929955
-0.225006125847845 -0.391506697820608 0.212480520677295 0.128609492460735
0.021919568582137 -0.437010560060661 0.136298424645531 0.189695926726577
0.291626528028976 -0.396260257782313 0.0357691742224988 0.175140925742414
0.437303767286366 -0.0499100284708333 -0.0169471084092178 0.15633540867606
0.323863569236937 0.277689768396051 -0.0162130480792573 0.106228219659345
0.182583345275572 0.441275933506177 0.00412722520948981 0.188451858039612
0.0975384010726812 0.538683713338335 -0.0817488355194012 0.223390584888051
0.337217096729424 0.432401725352405 -0.018940001640422 -0.0079054060534272
0.514763346075815 -0.00882487451304834 -0.161537983667599 -0.0102283789638169
0.35619512335253 -0.444936726049492 -0.156422547016266 0.0949907802817461
0.00456934601296807 -0.528371711618561 -0.0672327362169509 0.170603043541561
-0.262924445449067 -0.436120810113596 0.062221924527855 0.124553273995286
-0.437170433923965 -0.263342913764548 0.0868399482277675 0.0596549151711771
-0.460101543574384 -0.192627281531721 0.0761898408004169 0.0271599427341092
-0.457417119001846 -0.215721016996099 0.0923063167528599 -0.0156036499372442
-0.328931741505155 -0.422110000142173 0.110108401458495 -0.00667345212078536
-0.0690662304558235 -0.523419564906519 0.128525928008645 0.0348962839476016
0.270762798323129 -0.551744331761 0.107956797307881 0.0780005108887958
0.540519953934164 -0.146360666945466 0.0701715941852932 0.128642006465315
0.445717004851858 0.317383583567953 -0.0070348225673543 0.0639214142562942
0.231945240867673 0.559019646530961 -0.0122898866280792 0.0203007397786254
0.0391577454067946 0.544197167937996 -0.0911330351908742 0.0128722351531063
0.273660004930282 0.481864262081495 -0.0449827765219335 -0.105264755235226
0.503665220824372 0.0713152049965944 -0.104486162941879 -0.0569128364869935
0.406431386927913 -0.391606508763217 -0.0711743387827054 -0.00464523870951836
0.0643942662577675 -0.52769316381104 -0.0624456810690998 -0.0083482791884483
-0.223589891129941 -0.464709589950519 -0.0461334763582939 -0.0412827973519561
-0.423019154535914 -0.295335237948336 -0.0803477861521251 -0.0583026300027274
-0.464526367394614 -0.190796164501742 -0.10550321220385 -0.0443301347657961
-0.482498174442133 -0.189264210859468 -0.0907493304023818 -0.0889322737333029
-0.379327305714066 -0.389224457529082 -0.0382330577350986 -0.117852509551871
-0.135989046308214 -0.517814109573077 0.0554046440693035 -0.107551112616324
0.211537863754866 -0.602807713254594 0.110984836390932 -0.0351096812334729
0.555095291663297 -0.209745728008906 0.106577994990092 0.0563205097343657
0.502121693581276 0.31019230507624 -0.0228244036433129 -0.0120710857267632
0.252326633225335 0.595015691137779 -0.041314757022978 -0.171784996268777
-0.0115901035726623 0.462777607814816 -0.078268257619805 -0.175978959653934
0.183781109113439 0.436917838489084 -0.0583876368312563 -0.159649186753781
0.404638472651313 0.111542132600517 -0.0272354853949398 -0.0478839720464339
0.355716329344087 -0.290284375216392 0.0520058986782331 -0.052150676961364
0.0874255333393807 -0.430055129825903 0.00117431350504649 -0.161656267671872
-0.162872996707305 -0.399016956324934 -0.108311568712137 -0.206117467134337
-0.344618763040392 -0.267467558305383 -0.219553693437698 -0.176642918593411
-0.399221944100205 -0.159514703414188 -0.2691624798704 -0.112046780590267
-0.429847968410541 -0.147026358044332 -0.264170663940759 -0.141302159217802
-0.352886404956895 -0.315789633344101 -0.19263982027494 -0.19776588701674
-0.154116180624044 -0.443069327843844 -0.0423266977592371 -0.215820364880349
0.156650255475272 -0.544338470414405 0.0707206571562633 -0.127792715875486
0.495859143944171 -0.209137586511158 0.0959503268010972 -0.0216490571481457
0.469672279083079 0.277316487580184 -0.0564488028557951 -0.0993743945390865
0.22433889752428 0.54824957590047 -0.0719431569523447 -0.35586213679309
-0.0435162363516622 0.322376599870448 -0.0611568610009333 -0.316204367719094
0.114342590702518 0.313991634862902 -0.0710588963814825 -0.170675955121322
0.275027915538007 0.0832844218738075 0.0440154465317626 -0.00933262537474895
0.225891410235365 -0.200450351676523 0.160181099624327 -0.0632431357928283
0.0476176831121992 -0.2773582505096 0.0679319291922045 -0.263510366495827
-0.107041965977242 -0.256795943843108 -0.14217372734571 -0.325870798932008
-0.225591999317641 -0.181824190130733 -0.317937537445595 -0.26258044698131
-0.27032223128153 -0.100679088156119 -0.390310816372323 -0.162875334344802
-0.306522084344866 -0.0975944927409623 -0.400312363774171 -0.175895660760919
-0.262236164282324 -0.21958815615435 -0.316142909650116 -0.253160652479654
-0.124415916479203 -0.322516550486612 -0.128523622186005 -0.291596843369771
0.111726189661651 -0.40697967103866 0.0287154070183222 -0.195561563146203
0.379478243976739 -0.153454990864355 0.0702240976545819 -0.0905630443855423
0.355082460611496 0.222148375654221 -0.0819235169484826 -0.175476662082082
0.147966255954048 0.416664797105128 -0.0892768213471533 -0.498310437499702
-0.0306791577870587 -0.185375626152155 0.125672268256023 0.533349445106864
-0.18445117530663 -0.120535266549545 0.151925017353274 0.213512934443182
-0.189146906226023 0.096705842425152 -0.0552080008807111 0.117784194921385
-0.0121636986950066 0.210731508842776 -0.0574856293347248 0.260460746056222
0.097565911024783 0.13139201010829 0.183210589425285 0.378116953157139
0.112809566440778 0.0734338720162812 0.393563204942521 0.309966530786104
0.120433648394355 0.0491111227562146 0.476444984844975 0.199305423581335
0.102805015629811 0.0235893244259619 0.466436611117095 0.163051831060585
0.0839535334184194 0.0546195567594018 0.40148250670077 0.24849275395604
0.0474668587967309 0.0980581339564965 0.206566749331055 0.351794651492792
-0.00310247215340857 0.115141146047767 -0.0537867684279808 0.333470407797921
-0.0832301338378016 0.0936205618646594 -0.18609650186427 0.124013787792638
-0.11752689795286 -0.0338100049004121 -0.140843638412447 0.00895479571087227
-0.0302671790239166 -0.153589330062359 -0.0139670021402167 0.13340811463499
0.040809301297724 -0.162091283987098 0.0191476166361003 0.407336247626347
0.0664970805027955 0.029035868172623 0.0894961189024681 0.581002851292548
0.0145341213728155 -0.0168702383779595 0.134296782340535 0.225821507793071
-0.00664150722346669 -0.00364501000476618 -0.0825102330227761 0.140571019411167
0.0328167677824396 0.00176672890831572 -0.0767415395001008 0.283896795946405
0.0197253148252766 -0.0367625078651353 0.162597969159005 0.403388524504697
-0.0348129710306885 -0.0432696894019556 0.39060517370935 0.320757345975953
-0.070986088634409 -0.0144036185505365 0.474253658492444 0.206354988599322
-0.0785910573244237 -0.0449197985154647 0.460968553150274 0.161990840590063
-0.0746617483924943 -0.0651847883257307 0.411118562855483 0.226879239659055
-0.0155089551429065 -0.105830071541925 0.238514785771458 0.336663851396493
0.0674957892118677 -0.0751744704364013 -0.00673220915124139 0.354874492957677
0.0992035174696367 -0.019490423725888 -0.168847162564411 0.17599698573557
0.0638845217549272 0.0264052601177933 -0.154490604985552 0.0501293258227573
0.0565221702208768 0.025693978698155 -0.0270226533756636 0.112874308954694
0.0754864787312102 0.051573415969314 0.0162544770097034 0.385561826246148
0.129747132204359 0.247752228537286 0.0283905158799372 0.541780630562479
0.200412599780313 0.1258940666536 0.0863021767991658 0.18613240569189
0.203477360639183 -0.0733938362370452 -0.131651174856615 0.125334528902094
0.112293699961183 -0.215307867618628 -0.125487670945933 0.272569943374998
-0.0386261792059365 -0.227628407611736 0.0942356465443737 0.393209774133565
-0.16675755825435 -0.180004601324476 0.322035094030924 0.304595424206649
-0.247676083886619 -0.0924432447863776 0.395282493147351 0.191107032850427
-0.248610404106889 -0.107478455011132 0.383999031053316 0.134227348725814
-0.231233862706912 -0.156288556185909 0.36141496318227 0.158347675713997
-0.112713433072783 -0.277200922464092 0.252574033866295 0.250098183979349
0.0749538767633678 -0.27182802355754 0.0784482905681053 0.304764225713941
0.230504869166468 -0.194847786288505 -0.0757187103163507 0.207586197925234
0.260808448022567 0.017989897898501 -0.107213581581716 0.119957949462301
0.181517691498015 0.173879922525237 -0.0276074168421436 0.113136805593636
0.12629935653998 0.258719839477623 0.0149407638996472 0.310909154218757
0.141782770509872 0.427718807119928 -0.0332370448257459 0.412389024383797
0.321113622403897 0.288897892561588 0.0288667236426829 0.101159458213725
0.397386721393069 -0.0787864261842492 -0.167595557549459 0.0672942405699905
0.228943957018039 -0.38445982093231 -0.167276020400507 0.205382672368084
-0.0488357294968254 -0.409611764658746 0.0022513444753977 0.317472251791328
-0.251445230708761 -0.321116221112425 0.200937459186248 0.2429825501231
-0.377228744562506 -0.178685147288162 0.257084208107573 0.143494635403257
-0.382595552550379 -0.15571047597612 0.24852673411399 0.0870528427753302
-0.366655178692561 -0.201219540449351 0.249864491994166 0.068789900917515
-0.231627382500231 -0.383625008601629 0.212706049850603 0.122848102298485
0.0134735355290318 -0.431821766596277 0.138334066978197 0.184433946955774
0.281840535503331 -0.396616618124187 0.0383370200662908 0.172855897553719
0.431027531584081 -0.0573755929414675 -0.0138748665340028 0.15487006195636
0.325789832551138 0.267931075677581 -0.0143214844243577 0.105829264972754
0.188442286274061 0.430982036108332 0.00737097964727751 0.186505477547232
0.105897288484527 0.529494027613513 -0.0768594328907411 0.222859663236068
0.340544926405147 0.421598623382325 -0.0182111957339749 -0.00758608620429336
0.506904146152822 -0.0181529210868451 -0.159736767769001 -0.00743214884897316
0.34352160261679 -0.446633551806151 -0.152922978132135 0.0962936959349566
-0.00528247456473541 -0.52142466653264 -0.0624658092422906 0.171417095740429
-0.269770690521805 -0.426246830575273 0.0641488943891402 0.122186417791691
-0.43679504665435 -0.252553577247219 0.08738134107475 0.0572652977084443
-0.457969637580849 -0.181471352052286 0.0763579784376529 0.0258153348209508
-0.45535763184302 -0.204875685454812 0.0906183746076248 -0.0173084060050634
-0.333544140471502 -0.412426895781181 0.108918237806118 -0.00871522495266837
-0.0777679273797348 -0.516093787850926 0.128562510142611 0.0318662273672912
0.257000326237792 -0.550538371494112 0.108279205363319 0.0759281303465202
0.530683777939101 -0.154640754014542 0.0711995733171283 0.125352998466355
0.44645794890902 0.305828780554112 -0.00611561818660458 0.0639629134980316
0.240134204424313 0.547082648779097 -0.0124269009947176 0.0207175541577957
0.0476566372858203 0.537196131038729 -0.0893377655069335 0.0146922383889701
0.279462886861528 0.472363641010181 -0.0459241678195439 -0.103129319053848
0.497895136235895 0.0614604561751055 -0.104238887922222 -0.0542029733483643
0.393831862438138 -0.394302789888783 -0.0703587532994731 -0.00356610112255923
0.0540221175469078 -0.523847312065923 -0.0611474967038874 -0.00528550725506169
-0.228630320282802 -0.455923364833245 -0.0461923513322471 -0.0397401046899435
-0.423412667946122 -0.282678187419278 -0.0801950637757481 -0.0565510780817836
-0.461932676431153 -0.179559972247726 -0.104892827707966 -0.0418641581044098
-0.479866018086141 -0.178056693205567 -0.0913447964763011 -0.0862467980632424
-0.381478958956782 -0.378803919160524 -0.0396834520301384 -0.115996377997297
-0.143804894398612 -0.510703732202991 0.053584480880056 -0.107711314099135
0.197901517707525 -0.600068576743272 0.109092035659223 -0.0355230318260979
0.544709439825624 -0.217509375262122 0.10614471229294 0.0537404157050254
0.501456911452593 0.29871547482212 -0.0231158771977716 -0.0108429515589974
0.260589754030323 0.584441699151979 -0.0444442215283805 -0.168184502962039
-0.00414365573671067 0.45871788826966 -0.0811375335971224 -0.171960087602263
0.190678665984083 0.428598946599065 -0.0609017538326481 -0.156365542319005
0.401717590709309 0.103836290039949 -0.0274781226741834 -0.0461152067733297
0.347634047733495 -0.293215336050358 0.0508996848186444 -0.0524838649987867
0.0776618001264214 -0.426671991301615 -0.00100066227697071 -0.158258929157191
-0.167900508404937 -0.392559311371129 -0.111297348607795 -0.20170193889589
-0.345697206445443 -0.257740508042523 -0.220811517128993 -0.170945851713581
-0.39642064317336 -0.149248631808159 -0.268040770681544 -0.10527340151643
-0.428196863741649 -0.138038041977837 -0.263290432871793 -0.134542800348159
-0.355303113270342 -0.306372043498758 -0.193570799575951 -0.191947993696011
-0.1592067860031 -0.434968108253501 -0.0460425210095515 -0.212549367260562
0.144897809501518 -0.540007901077637 0.0688497754642276 -0.127050474975437
0.485729739826412 -0.214595466225149 0.0953463841841226 -0.0239543396094313
0.469562188261353 0.266940563644428 -0.0578563101718081 -0.0967962968632659
0.230881956337818 0.537059987925642 -0.0788265423809205 -0.349348558881201
-0.0369023812251499 0.3196892381541 -0.0666189340305442 -0.310227338000768
0.119968351368061 0.309002740732761 -0.0736942814051892 -0.166366661732033
0.273024879315893 0.0772772419004032 0.0432862032960572 -0.00947902659205362
0.219643228776886 -0.202415299866306 0.158014825492057 -0.0658650932112812
0.0426744652253127 -0.275552134071403 0.0633146632247818 -0.260738565753485
-0.110858489931869 -0.251887427465315 -0.145182503495727 -0.319565338535229
-0.225940138324943 -0.174886276944669 -0.318963862303626 -0.254450863114673
-0.269626716539037 -0.0943197892768826 -0.388953820240971 -0.154089958340779
-0.303857899987592 -0.0907273032436545 -0.398673796219644 -0.16666703774229
-0.263118308572497 -0.212040092093596 -0.317152978344131 -0.244626688783673
-0.129003426833885 -0.31682933002876 -0.131010575557801 -0.287060765625798
0.1024842593089 -0.404740435757666 0.0262031126619163 -0.193357702984594
0.371902924050607 -0.15893712185991 0.0687526958025149 -0.0905733629703374
0.354730398948775 0.214439697743894 -0.0843744683713624 -0.171647509437057
0.152600359174251 0.409523787858583 -0.0982363092305904 -0.490310768059613
-0.0333083427546234 -0.183405563563876 0.131585357569182 0.525412983247432
-0.184944984574115 -0.116876597200784 0.155023582013548 0.207610652215851
-0.185516940263403 0.098693213421969 -0.0528829270120172 0.116946815314944
-0.00776434728793304 0.208709766728358 -0.0543241693871305 0.25887191378803
0.0984801050065084 0.128547208839663 0.186795631329775 0.371181981749936
0.113004165871532 0.0705153051688327 0.394093031155655 0.30041919641313
0.120323894046417 0.0462827058783714 0.475111207500397 0.190980551633707
0.101843952192451 0.0216547999135104 0.465588141502646 0.152656422818662
0.0842083035407345 0.0522934634018964 0.401589729495369 0.239236360021189
0.0496288535913097 0.0959501381582905 0.210578784267562 0.345104761046796
-0.000716301405958988 0.114275337909292 -0.0476868837892743 0.331065367448542
-0.0809801899596752 0.0948306630798079 -0.182600926728435 0.12500795514758
-0.117125589373909 -0.0315178292340833 -0.139501530029043 0.0114160844646923
-0.032916154413796 -0.151973321736446 -0.0114889435411903 0.132329422829189
0.0380651397561054 -0.161360098864544 0.0258296982593427 0.402883459160206
0.0667532835036523 0.027296352755595 0.0974235978291523 0.574597783740236
0.01422816146692 -0.017322429509283 0.137225451784808 0.220357708076934
-0.00724395778812583 -0.00366142677194572 -0.0800639181864711 0.140064278251299
0.0324415457514664 0.00118410231485409 -0.0723795739636824 0.281962033883611
0.0190324088931884 -0.036336683701549 0.167466349552297 0.396840778364887
-0.0354417817215025 -0.042069477449203 0.392051111080306 0.311541689658928
-0.0706567478954809 -0.0130173046089529 0.472624210143295 0.19823288053031
-0.0784145625835978 -0.0435147293399381 0.459938289269122 0.153043519078768
-0.0749175764684952 -0.0638787043467183 0.410572181735532 0.217434261165785
-0.0172007757386137 -0.104975290887835 0.242176339337604 0.329137216808724
0.0662434067421144 -0.075907822489072 -0.000588895741314461 0.351708950006452
0.0975961906993365 -0.0203409686250156 -0.164482694780065 0.17677409083515
0.0640917812197189 0.0254449166816896 -0.153001006923683 0.0520322708472051
0.0562349414094558 0.0242390702824639 -0.0246936511995612 0.112965282674835
0.075614741202058 0.0500396554755837 0.0237276857488494 0.381617027550035
0.13238189047363 0.242774485211897 0.0371076264171668 0.536323432177433
0.200602453914595 0.121569948035136 0.0892763441999586 0.182084937847228
0.199807775229235 -0.0758613245516113 -0.12833832543985 0.126014950768003
0.106932694209416 -0.215193270350002 -0.121371691076872 0.272061187988456
-0.0418355607029765 -0.224713585679554 0.0998390284787195 0.38892820693856
-0.16888090670871 -0.175528229694333 0.32322871337336 0.297092129642938
-0.247226644694195 -0.0879617472061937 0.39541311543955 0.183038963413196
-0.248271908200234 -0.102751963181416 0.383253974881674 0.127143451128085
-0.231131906325944 -0.150857380428856 0.360612702939451 0.150268083163747
-0.116215692429144 -0.272755741038377 0.254243309730753 0.243941100986683
0.0698270631130792 -0.27018054477606 0.0833602918762718 0.300261582678556
0.225171100946896 -0.196491888473059 -0.0716467171258375 0.207141186206983
0.258366648378674 0.0135284066414713 -0.104437120254646 0.120398719401248
0.182491834605408 0.16956332514729 -0.0253988723150369 0.113049932378414
0.129990339664913 0.254781218791664 0.0206604949954266 0.307274618927281
0.147117618104789 0.41989672814975 -0.0253606625256125 0.409228415252303
0.323322744751287 0.281155232530947 0.0308323705866944 0.0992442428354555
0.391525152638985 -0.0846713828469248 -0.164972648201459 0.0691047588173101
0.220623888683811 -0.384704889068765 -0.163413319684406 0.206314570711031
-0.0559403813367329 -0.404280426413133 0.00772133090866235 0.315408735589868
-0.254873053789448 -0.31403476091043 0.202970804716782 0.23755467927718
-0.376754019875749 -0.170091526573174 0.257619918928287 0.137335217347093
-0.381499979519169 -0.147263971847648 0.247962089974707 0.082257015461026
-0.366487531302519 -0.193145016701003 0.248589400420138 0.0637639237175072
-0.235537846234117 -0.375905578074145 0.213496372295093 0.117829037808657
0.00615807904379502 -0.42904154907756 0.140539711164392 0.180084463578684
0.27085612952592 -0.396324599526802 0.0405219902790777 0.171191701021918
0.425097347609178 -0.063313799470826 -0.0116589891474019 0.153639233220438
0.326547199275901 0.261045462171552 -0.012938075850307 0.105062412212042
0.194076087399452 0.425140091249096 0.0103126272957993 0.184648555984041
0.112961239490698 0.521648751089423 -0.0717286736781813 0.222111023463276
0.344910335334631 0.41311978630612 -0.0179451497965898 -0.00749030706523214
0.500104056073323 -0.0267169688026131 -0.157453129741556 -0.00463660062776685
0.332752659551378 -0.44830595426133 -0.150597658019398 0.0970173866622144
-0.0140475324111921 -0.516918080459336 -0.0585666092366057 0.172089502272947
-0.273378619394929 -0.418073988419814 0.0651175422563879 0.120269950489143
-0.437901252839577 -0.242229203242385 0.0874174527063088 0.0550312635798292
-0.455812150682534 -0.172519421906179 0.0761032728526063 0.0244519629865951
-0.454793689696689 -0.195686592093964 0.0893112685653212 -0.0188925398414757
-0.33768306377664 -0.403953928675174 0.108330406687883 -0.0105722231374784
-0.0852420123086825 -0.509712610781949 0.128581634473298 0.0287025412931149
0.244147474274295 -0.548033714271092 0.10871822078705 0.0742849701592791
0.523916261537488 -0.161618135310103 0.0720169464021423 0.123087341102694
0.447392018704348 0.296274490241587 -0.00565743330269373 0.0640078665953799
0.246247438334644 0.537225139664018 -0.0127081090350477 0.021210856130457
0.0569200599857508 0.531254542250613 -0.0881713203537572 0.0160954109481587
0.284844314316663 0.464877662934901 -0.0466654477116717 -0.101104082548909
0.494127276947874 0.0546641310396004 -0.103558194147085 -0.0510209736747733
0.382810859656291 -0.398044236466693 -0.0699446983718112 -0.00278597112669771
0.0449479318121276 -0.520142794054139 -0.0600618006957203 -0.00272490525258591
-0.235398176724743 -0.447503513870759 -0.0460485069331218 -0.0382384456499941
-0.42256570143631 -0.273205831041655 -0.0806951225867001 -0.0546560972183347
-0.460509502539553 -0.171171185048114 -0.103894995501959 -0.0391137822225876
-0.477664731409975 -0.168111422882722 -0.0918465441499796 -0.0839718372786564
-0.385411399022056 -0.368258448690139 -0.0407967687013978 -0.114810697945529
-0.150094006692827 -0.503224914066429 0.0522376134756183 -0.108061775148644
0.185446737480241 -0.596798863762811 0.108320379909467 -0.0364727807531121
0.535452577493562 -0.226334772385892 0.106281581233436 0.0516850717395737
0.50091998623597 0.288063263476658 -0.02307288042971 -0.00975684156110395
0.2679503189281 0.573827324512124 -0.0479316361582261 -0.165393103234632
0.00397015983767068 0.453287432085651 -0.0826454495716697 -0.168744780131879
0.197197756728582 0.421749976156114 -0.0627027242236516 -0.152927094905873
0.399088104738353 0.0959030330675419 -0.0275826802187398 -0.0447713749066603
0.338478532776015 -0.295598597976571 0.049834763476678 -0.0531432816582189
0.0691525666695109 -0.424326490101878 -0.00288826740666976 -0.155172299883001
-0.173629066844935 -0.384912028911078 -0.112560783296945 -0.19779288668367
-0.346980950877687 -0.249617624157568 -0.221016353400005 -0.165149893816667
-0.395139336254524 -0.141832913301277 -0.266248203548358 -0.0997859205684974
-0.42489612654095 -0.128745603932885 -0.263475262280069 -0.129647631436334
-0.357447131046834 -0.297535117430033 -0.194782742796436 -0.187067779289102
-0.16521514522448 -0.428610066688445 -0.0476544709891356 -0.209907647694112
0.132720012055646 -0.538056785673605 0.0676361908467315 -0.125223241934641
0.478100607029381 -0.220150125244961 0.0939926436350441 -0.0254385076826895
0.467955598587483 0.256994368015611 -0.0586085935340615 -0.0943072387617368
0.236120603690571 0.528000737243016 -0.0847140304335452 -0.343350387739037
-0.0314081840824613 0.316936568612048 -0.0711817924810577 -0.305572244701767
0.124689638373796 0.304212750076466 -0.0759596121536382 -0.162687203102223
0.271842975584492 0.0729919974847807 0.0425724066343809 -0.00936088171603282
0.213695210151289 -0.203649803579239 0.1549891033141 -0.0674946518407218
0.0366774790896469 -0.273724134361285 0.0592278998198747 -0.257563841122476
-0.114019613513105 -0.247002581503833 -0.149497372333876 -0.314132373631841
-0.227326155936443 -0.169723186920093 -0.320701893221687 -0.24646762407229
-0.26817972594757 -0.0886439274448825 -0.387195474156035 -0.146376422342133
-0.302504292523431 -0.0844475662251257 -0.39685671088701 -0.159007597698312
-0.264644178629343 -0.205092200414453 -0.317774212192115 -0.236991643304896
-0.132866785349797 -0.311730181713905 -0.133797737175514 -0.282488833302851
0.0944353663026243 -0.402311695743299 0.0235574270281951 -0.190862995692555
0.366178071052257 -0.164306312170318 0.0670313195529451 -0.0911505042800555
0.353696312485018 0.206985726966077 -0.0861785118300202 -0.168105242223312
0.157047727602064 0.402956817106866 -0.106924046062312 -0.482524321540638
-0.0352527048224616 -0.18079707245745 0.139290471401979 0.517699864623743
-0.185337328760922 -0.112850940405348 0.156620594985112 0.20273429324122
-0.182652637859951 0.100826129113277 -0.0516891646724793 0.116031864483688
-0.00452519066482793 0.207066878634991 -0.0508923169595629 0.257346265601847
0.0999375486871719 0.125635186830632 0.189019681743697 0.364402284553281
0.113268964324368 0.0683128785514691 0.395835254360558 0.291485051698532
0.120155537910077 0.0438595724822056 0.47346565085908 0.180756753514819
0.101001179988914 0.0195478243245105 0.463060001537879 0.143416951935622
0.0841342051911531 0.0506281948011418 0.401683670051797 0.231336011322596
0.0505796283289867 0.0943412330574081 0.214507289487635 0.339043188204196
0.00144389526854414 0.113462269435789 -0.0418765474014374 0.328547317808706
-0.0785791206878432 0.0957273997008742 -0.179041635254735 0.126243331614801
-0.116576360999271 -0.0288795326569997 -0.137986675178751 0.0135060344616214
-0.0348829353805623 -0.150550944169643 -0.00912860529340699 0.131932272069527
0.0350726948353043 -0.159908043573001 0.033500890846117 0.397540546504298
0.066468841602639 0.0257405410194551 0.106259074649982 0.567703368429525
0.0135941106208335 -0.0174132862760359 0.13993802536007 0.214685445794339
-0.00763945933286407 -0.0037920603890059 -0.0771622811290875 0.139555732987158
0.0325123561131684 0.000660459323756848 -0.0684352765610839 0.280665920199621
0.0181011343313046 -0.0363130671394101 0.17204824685728 0.390767580554748
-0.0360694356163164 -0.0413626092016117 0.392344001872665 0.302090793851482
-0.0699912466444651 -0.0114703975586414 0.470992139212914 0.188831922426745
-0.0787289206722775 -0.0420526188437132 0.458004392578393 0.144084925097504
-0.0755797223607 -0.0618022524335376 0.410042050057499 0.207903938750199
-0.0184511579852944 -0.104184285056102 0.244485274257577 0.322786582437127
0.065218119060974 -0.0762856413439433 0.00499568324308213 0.347894934194681
0.0967192978255856 -0.021580806474402 -0.16064538626745 0.177332673310201
0.0636731422020158 0.0245190242372629 -0.150823254991243 0.0536576051238665
0.0560114575175664 0.0230194189780519 -0.02236168010311 0.112269651359303
0.0760358089207724 0.0487004384068872 0.0300261608515995 0.376810538908129
0.135352629878166 0.2381588598501 0.0457509697156304 0.53051688863852
0.20076862061223 0.117438106054422 0.0919175032359871 0.178213168546355
0.195495400738443 -0.0787032901514076 -0.125784194759115 0.125982572167111
0.102497984144471 -0.215393177867206 -0.117221245791097 0.271174994339342
-0.0452525940771637 -0.221889861425719 0.104598055517645 0.383378197454442
-0.169865702670271 -0.171157946576786 0.324321142180271 0.288828103168527
-0.246441181739792 -0.0824929165072727 0.395513366178946 0.175372847619725
-0.247789673425414 -0.0973274034947944 0.381174784752946 0.119319976280585
-0.23269121326285 -0.145917653654892 0.359635229026377 0.142521374937379
-0.11969032718307 -0.268643112104273 0.256262155219931 0.237097713952157
0.0651787855885359 -0.269277071422452 0.0867995016357154 0.295742831943623
0.21982559945317 -0.19776779951192 -0.0684382940225559 0.206808043146081
0.256459144644041 0.0102056650210239 -0.102394773913205 0.120508405150574
0.183555655907758 0.165030678829868 -0.0234716538179175 0.112761648516058
0.132623075902327 0.250079452005828 0.0262293180603425 0.304729891441956
0.15158254215113 0.412670087226776 -0.0189580446958755 0.405755530732394
0.325413142801361 0.272862704542742 0.0327177758680031 0.0964872746009927
0.385653909912797 -0.0898018518891108 -0.162908445028449 0.0706500821172624
0.211261347567612 -0.386022691118593 -0.158816936646472 0.206153186348206
-0.0609304949709859 -0.401032851260463 0.0133271617495634 0.313896598922806
-0.258488139981512 -0.307044119858849 0.204305171350226 0.231655889228197
-0.376579896252988 -0.162352077472646 0.25796017698935 0.132132487361414
-0.379962471234954 -0.139577229585646 0.247369675318781 0.0774826188734261
-0.36583113719303 -0.185844356369091 0.246949029973805 0.0590782087040649
-0.239859156802812 -0.369108990235298 0.21327798264469 0.113188824677344
0.000330206203226898 -0.425229043148803 0.14184356992162 0.175952296663746
0.261121000668608 -0.398995433339998 0.042695201509085 0.169876447518773
0.419755462553658 -0.0701434743783658 -0.00941772773425263 0.152334024411132
0.328218009525999 0.254228976656737 -0.0111645187284982 0.104704532439447
0.197378806026159 0.417983984070877 0.0132336207297284 0.183122540830635
0.120662543407678 0.514488705299779 -0.0674794592300768 0.221001873092583
0.349996667708874 0.405146367124109 -0.0169178450258676 -0.00729485021727484
0.49764008372795 -0.0341946226238754 -0.156119231535753 -0.00208678464350513
0.32163706424872 -0.449935644961019 -0.148422340883685 0.0985192942933141
-0.0221456748402244 -0.512487770098051 -0.0547691008519978 0.173049567982285
-0.278379012156764 -0.410540407328764 0.0666846609502255 0.118256841879298
-0.438238622098485 -0.233948394201804 0.0883713252039288 0.0530615709867251
-0.454534455200343 -0.163131613731102 0.0762212008228232 0.0235277913829125
-0.452485512939634 -0.186777538519249 0.08802498787103 -0.020366337915795
-0.342786746118016 -0.395595346029093 0.107548274702824 -0.0122527639550297
-0.0916438076321541 -0.504227725857323 0.128164436155212 0.0255631710190698
0.233136624576148 -0.54774550073309 0.108971893748344 0.0726392346834356
0.516556829281447 -0.169025686088607 0.0734506341129295 0.121084102057161
0.448867701047932 0.287964975872403 -0.004777985912466 0.0635299299490519
0.25185140747418 0.529026337643158 -0.0122912600951141 0.0220787413371257
0.0643670184808044 0.523788822536705 -0.087513888442512 0.0174705221106891
0.292158185962675 0.456557936541081 -0.0473243075147924 -0.0993203250009544
0.489634882421821 0.0447223329978389 -0.102978808620791 -0.0488251009851347
0.371645603692463 -0.400089505168656 -0.0693147540688195 -0.00195621223422353
0.0350613240208671 -0.515808535271115 -0.058403552975054 -0.000247068531558221
-0.241235325811405 -0.440668209537522 -0.0459126615725919 -0.0371560006425145
-0.42426469805007 -0.265264870970231 -0.0805395598685987 -0.0527299210609729
-0.458834424967441 -0.161664189279129 -0.103482190914003 -0.0371401999162524
-0.476016724644778 -0.159531137930704 -0.093021974972308 -0.0817113105195228
-0.388976271972373 -0.35903387224134 -0.0418328872133061 -0.113304448440308
-0.156891741263907 -0.49753242354486 0.05032174197149 -0.108579261668385
0.173060679253364 -0.595588288063298 0.107345204977271 -0.0367429736447131
0.527676281397006 -0.232228473059713 0.106184361384445 0.0489654607199054
0.502764825067445 0.278215451048815 -0.0230681805299033 -0.00895843010065218
0.272446673739809 0.564514597975106 -0.0507120485143702 -0.162202259813478
0.011728811036546 0.449543318871579 -0.0846602578440673 -0.165365200319816
0.20282489404108 0.415927434669922 -0.0639352675387471 -0.150020547427769
0.396941882359886 0.0887769057398076 -0.0276557167548082 -0.0432832588978625
0.330074293206028 -0.298856320449671 0.0482545732173879 -0.0531958923234733
0.0617694543976757 -0.421763740713999 -0.00459108068451622 -0.152462454914719
-0.179011484588389 -0.379528754261254 -0.114462683756486 -0.193990988127881
-0.347810803529699 -0.241666154133736 -0.22183322598417 -0.160504951078225
-0.394254763329569 -0.133689421874838 -0.265749550848908 -0.0943338115862322
-0.423287442558888 -0.120196430147925 -0.26296281741309 -0.124000796646336
-0.359533200910766 -0.288720692189179 -0.195612307464613 -0.182740973050152
-0.171242420575417 -0.42232361954356 -0.0503455475309744 -0.207793421685054
0.12200999322601 -0.5356585214184 0.065447216503757 -0.124413827531641
0.471127489643201 -0.226384854431468 0.0930229494133146 -0.0265351918729749
0.466957477581213 0.248310407887465 -0.0598209291186057 -0.0921500224036079
0.241164999628812 0.519881005128635 -0.0900547463492219 -0.338311273101199
-0.026277390317282 0.314167542035758 -0.0753731691468523 -0.302026605142392
0.129887160991457 0.299811794623378 -0.0776582667016953 -0.159846638118762
0.270991073227855 0.0677892563324361 0.0426429609005987 -0.00911324075207236
0.207625674744869 -0.205452233012524 0.152951548907979 -0.069272287328566
0.0324906847346895 -0.272056191905869 0.0554535065469656 -0.25524662125281
-0.118324799522325 -0.242833065141278 -0.152607918832854 -0.308717140117628
-0.22832148374848 -0.164512772372447 -0.321677208057834 -0.239116262924929
-0.267201038740455 -0.0834652405845079 -0.385917744812326 -0.139080037288298
-0.300484144733275 -0.0778906731355943 -0.39647526363977 -0.150543208863891
-0.265973681272359 -0.199113713261705 -0.317829534120595 -0.229830166635241
-0.136784428593293 -0.306003514762301 -0.136350215329012 -0.278463754801827
0.0864750924594925 -0.400401979853908 0.0212864061389024 -0.188845297488718
0.360762172135203 -0.168068208663058 0.0656658714756401 -0.0912060219312114
0.354234137057243 0.199884165226955 -0.0877388812108542 -0.164647887658797
0.160774869527221 0.396268899023942 -0.113988213662512 -0.475996533079135
-0.0375551177705427 -0.179042113707986 0.146727227910311 0.511539061093269
-0.186500773899185 -0.109819682553313 0.159032761698047 0.198240915804202
-0.180361676118414 0.10240580923273 -0.0498963002783005 0.115141908460099
-0.000623169693175771 0.204915101196102 -0.0477046907749929 0.256504260936612
0.1007032687547 0.123361103863973 0.192557133938612 0.358304031496462
0.113899292607182 0.0662655499514887 0.39639224166856 0.282557702716263
0.120062828088532 0.0414396201558851 0.473913652536615 0.173293777633032
0.100675125815491 0.0178117796081677 0.462537315046837 0.136596449961766
0.0843091814980576 0.0484969023987711 0.402361142756718 0.223498182082384
0.0524648246821488 0.0928352279371231 0.218167928223546 0.333398813800625
0.00409002870379093 0.112629717207476 -0.0369884470994691 0.326327391766198
-0.076161225498445 0.0966493017118291 -0.176707056709553 0.128437861296306
-0.116898984501128 -0.0269941794705591 -0.137486476601607 0.0154492436212461
-0.0370747290824047 -0.149082486814979 -0.00669309309750292 0.131044581951872
0.0327434061410414 -0.159253628490569 0.0399272952275003 0.394282690842676
0.0664871668140706 0.0243063966314979 0.114721472647374 0.560582711630328
0.0127896473806781 -0.0182082833190584 0.141888613792113 0.209424410383768
-0.00807295052339418 -0.00349931992790029 -0.075067117246685 0.138740675837502
0.0320639187160149 -0.000281399851841146 -0.064415923177152 0.27944485529556
0.0177405502434527 -0.0364784919450449 0.175472983968022 0.384822998121972
-0.0362823705497963 -0.0400941072331866 0.394684239960498 0.293728264005218
-0.0695649001588554 -0.0102922730928183 0.471542447148211 0.180419372965058
-0.0789995285042051 -0.0404414946817325 0.457287858874262 0.135977246024591
-0.0756535470447903 -0.0601831903936862 0.409675542918334 0.200641928916405
-0.0198851742998435 -0.103060420107235 0.24880945307306 0.317125031342666
0.0639480863237037 -0.0767394910478324 0.010344587934663 0.345444122630229
0.0955959505950571 -0.0227934014639576 -0.157178133007005 0.178828519488839
0.0633632644986289 0.0236642911085819 -0.149281009037226 0.0555709400761807
0.0563401952968558 0.0221317737780774 -0.0205797543357505 0.111839791627001
0.0760887683322457 0.0471640142766854 0.0368941898550503 0.373604824934221
0.137347162347217 0.233678349119127 0.0529928066967191 0.524800563497058
0.200933247193284 0.113697930488053 0.0945382602563002 0.173807137160656
0.192139535511035 -0.0806054909960086 -0.123273127484387 0.126302957526615
0.0981094121053601 -0.214979427747646 -0.113531534999159 0.271224092528255
-0.0486176737732577 -0.219654882191746 0.110077199923846 0.379297012158124
-0.172066260293625 -0.167522006773784 0.326585978394095 0.281959321331334
-0.245768119438434 -0.0782791580060538 0.395501981347239 0.167565744033624
-0.247986015727935 -0.0930190344056697 0.381346202666883 0.11362787793913
-0.232478211997772 -0.140902582731555 0.358844793533698 0.135784958626454
-0.123844450828727 -0.264852872110804 0.258804139231123 0.231474563427355
0.0609254264609191 -0.268351208978675 0.0905712573049092 0.291830534259877
0.214970428153688 -0.200163360630308 -0.0652736376053876 0.206381990187624
0.254241840278648 0.00621410304423921 -0.100002813543896 0.121174224788335
0.184497471184755 0.161688266072276 -0.0219447685968172 0.112235545954491
0.135543696917108 0.24594546783719 0.0300825095139967 0.301656286714895
0.156476439011535 0.408225586393522 -0.0120876334092393 0.403259557661942
0.326875464112628 0.267035650007175 0.0345346188127263 0.0943127724175201
0.380896807244204 -0.0948720504482407 -0.160152954347845 0.0721604874355665
0.205236431229579 -0.385806776204818 -0.15510320965067 0.207348271972291
-0.0682306254680322 -0.396662970646116 0.0179515252898048 0.311489743066551
-0.261733469069902 -0.300999087326784 0.206260166895357 0.227696097781891
-0.377028575408551 -0.155171922584527 0.258004256479063 0.127505750780033
-0.37975532341671 -0.13345846674936 0.246748351971898 0.073636629121
-0.366228071260477 -0.179351053904095 0.246003497073149 0.0546576061759498
-0.243749951629873 -0.363258826175695 0.21393570378087 0.109204393040421
-0.00572051699933996 -0.422288722694202 0.144243212461826 0.171941053954768
0.252274292535105 -0.399255395092073 0.0450247696358368 0.168391699659344
0.416449893466305 -0.0757075032491088 -0.00790811730808409 0.151150207642375
0.329714688934793 0.247248157498018 -0.010289808030053 0.104247314479538
0.203058178932519 0.411648407985459 0.0151810603750391 0.181813170778361
0.127474861222976 0.509387186422284 -0.0627878324112465 0.220542290121758
0.354223273714572 0.396663054795836 -0.0161613575317711 -0.00761599156121714
0.491730253895407 -0.041453112672146 -0.154857218057886 -5.25332030073778E-05
0.311375592434439 -0.451350739151577 -0.146059090527707 0.0993467820947286
-0.0304457325603805 -0.508378912053552 -0.0505195993036167 0.17376995528297
-0.284049130352001 -0.403735125523598 0.068249376379503 0.116531275627822
-0.438899901985565 -0.22390403738157 0.0886107606716978 0.0512709890268677
-0.453426699524669 -0.155507467748745 0.0760300138534683 0.0225669694733388
-0.452883736399598 -0.178041500462677 0.0868057250020518 -0.0215163341283675
-0.346688139332565 -0.386571410163786 0.107072891369954 -0.0144138884292151
-0.0989827520628909 -0.500958474183994 0.128747897869811 0.0234971000783631
0.221294889116775 -0.547280201160407 0.109709848978217 0.0713788798114306
0.508539448732957 -0.174739412545107 0.0740218435027735 0.118543983466876
0.448444638851656 0.278960085018455 -0.00371933448680818 0.0642898642664885
0.257991623007027 0.521625899679607 -0.0128293801808072 0.0225546493327026
0.0719286379277661 0.519864392494058 -0.0860923419794617 0.01893577167382
0.297012248684388 0.44945773981777 -0.0479240954497503 -0.09780085773025
0.487403846296446 0.0373906583214369 -0.102269774115287 -0.0463990006306852
0.364022155982283 -0.403210273070486 -0.069195070415401 -0.00138641116427658
0.0272486679830642 -0.512210637146271 -0.0568990092127715 0.00217455737420287
-0.247325637258955 -0.433472545888082 -0.0458507708398208 -0.0359735129644157
-0.426482136809296 -0.256555566739253 -0.0805730536756934 -0.0511051447523087
-0.457567554496402 -0.152055855874836 -0.10267090478343 -0.034714361323847
-0.475782417787176 -0.151953592485789 -0.0930881107308643 -0.0799174566451061
-0.392681249913426 -0.350819845813522 -0.0428315383199276 -0.111742293141036
-0.163555241117124 -0.491203900652672 0.0488861429506499 -0.109080748182492
0.162488916375189 -0.593236877341109 0.10684856560116 -0.0372417499219961
0.520636208220246 -0.237679602118044 0.106180001870328 0.0470720488558106
0.501533830894885 0.269159645664067 -0.0232941258661283 -0.00817032918197036
0.279193019872776 0.555226483570661 -0.0540289198212155 -0.159455301609467
0.0175169624481871 0.446549854336507 -0.0862940474489867 -0.162234154709615
0.207582119304769 0.410636073949595 -0.06575829475725 -0.147009132990596
0.395150018560936 0.0821137759941669 -0.0276380640817013 -0.0417320644931151
0.322962899172863 -0.301375657494598 0.0473421764988184 -0.0539723320595699
0.0552787389676534 -0.420217998460638 -0.00600908878140122 -0.149873082610819
-0.185114393194488 -0.373613076107407 -0.116073956392276 -0.190828096873308
-0.349445071474185 -0.234236348508433 -0.222992740656384 -0.155512368582821
-0.39192736398734 -0.125456620710443 -0.265192787135183 -0.0893846696001386
-0.421431941976292 -0.113278709947984 -0.263269780817306 -0.119401877521025
-0.361584535123235 -0.280862532672021 -0.196374717257982 -0.178838897751512
-0.175166714482091 -0.417046144736759 -0.0518178696167513 -0.206109201265365
0.114017319978676 -0.53295596090546 0.0643377382479086 -0.123608674906671
0.464218399749222 -0.231138968004854 0.0923894683329554 -0.0283621297722642
0.467994715687449 0.240614300174081 -0.0609947867620956 -0.0900242537478103
0.246759222913987 0.511891489645879 -0.0954724877317685 -0.333444960790961
-0.0214394095741776 0.312973539298203 -0.0792437564510193 -0.297498040728788
0.134038232481422 0.296844147840899 -0.0796169895064682 -0.156160353401755
0.26987590286881 0.0627642861635452 0.0425763070483135 -0.00932092700750044
0.202916282621118 -0.207067916017445 0.150776111526363 -0.0709341798991525
0.0277266787170747 -0.270553818038644 0.0521786190985069 -0.253320564736012
-0.121292476738329 -0.239571026365089 -0.155315222251391 -0.30427538876334
-0.229626950057732 -0.159459150769342 -0.323053132237278 -0.232173767531226
-0.266363779228066 -0.0784266824436342 -0.385376659875888 -0.131697322357773
-0.300003652444574 -0.0732280086547933 -0.394909440557838 -0.143766917641805
-0.267694148963404 -0.193626282073379 -0.318129916906538 -0.223504281001896
-0.140234656865066 -0.302296342161775 -0.138011261380342 -0.274471527517203
0.0787235727275185 -0.399102968063869 0.0206871184730565 -0.187088350947527
0.3551441895007 -0.172513311494879 0.0640685068079086 -0.0917069928079912
0.354622739414279 0.194533176839109 -0.0894808434626554 -0.162010048939526
0.165370742524374 0.391353842888975 -0.121168358000444 -0.469351137240768
-0.0399167463805403 -0.177751657203691 0.153102161138906 0.506610891968704
-0.186963293702645 -0.106904360791614 0.161403947904537 0.19289379017249
-0.178084967526173 0.104556927094347 -0.0491019108881464 0.114517412207687
0.00282560076482757 0.203758392318768 -0.0445820864837855 0.255872240694447
0.10232681723491 0.120797574567114 0.195941874141377 0.352506524324646
0.114029326512539 0.0645806847738715 0.399367043072967 0.275154837422524
0.120156173634268 0.0395156236488303 0.472980618766792 0.165134011421026
0.100344889058888 0.0160502602401877 0.461415809118473 0.128160313189295
0.0846511874614688 0.0465450323094106 0.402889494056257 0.215537987278604
0.0534183567358694 0.0912889096793495 0.222133172577151 0.327304151844604
0.00582879682565047 0.111784876733744 -0.0322404113896 0.324619507499685
-0.0741171196131946 0.0970392548413507 -0.173632791652754 0.129857500674925
-0.116691538326719 -0.0244958368105523 -0.136888211589564 0.01722002254156
-0.0393350496750875 -0.147806458958824 -0.00429807560589778 0.130637991588156
0.0300373543565883 -0.158201516874659 0.0467574684554195 0.390806226473835
0.0669151538092049 0.0229453290566646 0.122157519410469 0.555291134299404
0.0122264265827146 -0.0183604225268575 0.144642132558492 0.205413119318615
-0.00892997056845153 -0.00334517716925141 -0.0737416654492913 0.138506608276706
0.0320848894769478 -0.000757888012739497 -0.0615710464574243 0.278930533131062
0.0171524135734888 -0.0367589824257598 0.180326522102733 0.379875912453292
-0.0366367714458797 -0.0395309029124927 0.395772075529816 0.285508773532392
-0.0692206490926151 -0.00915483072748675 0.471272144077532 0.171903653838291
-0.079329726150241 -0.0389996122991589 0.456126295140919 0.127970264169786
-0.0763396634048616 -0.0587772760597936 0.410499059792509 0.193216303754687
-0.0214707001259855 -0.101942440620704 0.252503775662736 0.311036702678453
0.0629597836752568 -0.0778848004102303 0.014897026136456 0.343250981810896
0.0945723619286697 -0.0234947480444639 -0.15428369596508 0.180007118314384
0.062870714913468 0.0232132900581584 -0.148122783960145 0.057481898850937
0.0559933119776699 0.0208234011314541 -0.0188235681177564 0.111703761997034
0.0766987817930176 0.045530112266914 0.0424063828362054 0.370634073534196
0.140123434617974 0.229459633963386 0.0624830618347129 0.521393277982497
0.201604933617592 0.110180971892568 0.0968864760103798 0.171274098821258
0.189480365187093 -0.083350471796683 -0.120991328638666 0.126961210650581
0.0937782544426238 -0.215289950888607 -0.109947967853131 0.270905820069193
-0.0515512145970097 -0.218000965097886 0.115027376702847 0.376091371662268
-0.173715788019871 -0.163972046359623 0.328650093443322 0.275751369142864
-0.245780132229061 -0.0740524598478379 0.395810981007243 0.161089556244193
-0.247527633476837 -0.0891051227442137 0.380418244928554 0.106578457634796
-0.233660908945441 -0.137257567285503 0.358027879343294 0.129216695943262
-0.127325052435427 -0.261698560088528 0.26085016140933 0.22666362601442
0.0572123874218254 -0.267934243495951 0.0947640204142374 0.288710683902982
0.210704034726566 -0.201625380477032 -0.0620400355619725 0.206630582334688
0.252653727214584 0.00250976724064316 -0.0984555740499473 0.121969166530135
0.186193299011124 0.157753027525848 -0.0201519938119785 0.111934353666906
0.138636374425455 0.2429841264993 0.0347297976501292 0.299235022265596
0.162342726518848 0.402750662272489 -0.00627763431323169 0.401422649559857
0.329090623466803 0.261381393629059 0.0363003374575121 0.0925342309229322
0.375900976430675 -0.100179933064109 -0.158194926637729 0.0734167358460642
0.197943666854488 -0.386393548643544 -0.152630281921203 0.208121090653999
-0.0730022578103718 -0.393566495321157 0.0237671263406696 0.310911496186667
-0.264661119033565 -0.295819655767352 0.207838517884276 0.223155907123086
-0.376834201733846 -0.148758294624636 0.258695824863771 0.122542293351629
-0.37903998619118 -0.12705064156978 0.246492822103705 0.0691561485815202
-0.366612648503065 -0.171551486730021 0.245367653879001 0.0501030359709537
-0.248627317674979 -0.358133605808901 0.215295154629923 0.105220132073761
-0.0121666761110557 -0.419287960051354 0.146396548828146 0.168219203762328
0.244643450823647 -0.40033387101916 0.0471130050380266 0.167229328672953
0.41243901236649 -0.0819670757731488 -0.00636856557904804 0.150434333180334
0.331610000372512 0.24161692999391 -0.00854404715149537 0.104671509255387
0.209312441690574 0.40563670674874 0.0174839262089802 0.180809417131429
0.133219694429339 0.504068860313856 -0.0596034852958248 0.220514902920302
0.359126208590984 0.390547442901508 -0.0154340705802948 -0.0080126184895051
0.486893180892954 -0.0477339829803986 -0.153469343932411 0.00258747330410933
0.302813720194948 -0.452381068061546 -0.144792086717715 0.100858306956882
-0.0388909516657173 -0.505312468943634 -0.0471168680990357 0.174638007120089
-0.288076273799173 -0.397290568352434 0.0695359770641071 0.115173608736802
-0.440304552683641 -0.216084908847491 0.0888286726711218 0.0496645231425787
-0.453484467068729 -0.147202113558296 0.0767058443740005 0.0218040404876184
-0.452129319679367 -0.17012397889218 0.0857020665603058 -0.0228084466657085
-0.350640759756801 -0.379610777060559 0.106387562538666 -0.0161499069098739
-0.104898006329918 -0.495365283687185 0.128246751152555 0.0208616609615657
0.211980211007677 -0.548169534085851 0.109768150546695 0.0700692231829422
0.503356294505059 -0.181719837906494 0.0754876682734789 0.117064412632456
0.450643221223055 0.271627329442782 -0.00322247157572737 0.0639064543007906
0.264134038381964 0.513735523820078 -0.0129670229465681 0.0226838077475772
0.0786443643416623 0.515072743184927 -0.0851499381676477 0.0205294920151582
0.303496712872884 0.442912732208434 -0.0482207791889285 -0.0961162051259997
0.483130111509615 0.0302927416767549 -0.101817506310583 -0.0445156026217127
0.354031091685933 -0.40561812240511 -0.0689495858178688 -0.000530874860514884
0.0201053166000352 -0.511298277790326 -0.0556770079101872 0.00393198477370512
-0.252688018026742 -0.426944077041807 -0.0458619576084778 -0.0348210984150558
-0.428365249671818 -0.247924984863717 -0.0809621459209698 -0.0496024164839679
-0.457075222720661 -0.145112560567676 -0.102618206883908 -0.0329762536485856
-0.474429945859685 -0.141783266509386 -0.0938488130860156 -0.0776399565741581
-0.395535433084643 -0.343034445022052 -0.0440112689314985 -0.11088282266324
-0.168953457871222 -0.485842971235043 0.0476717771378449 -0.109910489762492
0.151432241940592 -0.593321251278081 0.105890039221489 -0.0381086623101554
0.513453608678604 -0.242414264471744 0.106425505024731 0.0456189207662355
0.503339584788054 0.261527593912747 -0.0236283898320918 -0.00742073123142271
0.286386377264624 0.546741491607352 -0.0567292171526602 -0.156927015798957
0.0234272311761554 0.44355733668807 -0.088176965421414 -0.160095283992782
0.21361623169184 0.406296637583309 -0.0667782305972813 -0.14476896420856
0.393246509058178 0.075457799757841 -0.0275227589125497 -0.0408667708205793
0.316383713165016 -0.303858117459955 0.0462214198714726 -0.0541039836658682
0.0486165728232009 -0.418550731676224 -0.00675119823804904 -0.147627700200046
-0.190376358824045 -0.36881072111847 -0.117791721793909 -0.18767251127552
-0.35215016141775 -0.227515098704929 -0.223717080660369 -0.151210186393713
-0.392311589405464 -0.119664922707971 -0.263861413701318 -0.085230809756
-0.420675841688636 -0.105408315031351 -0.263361181095224 -0.113964738151154
-0.364885525703532 -0.274094880768596 -0.197890229206045 -0.175083265066522
-0.180695118740032 -0.41166811237434 -0.0537786574505188 -0.205097675515177
0.104020510168188 -0.532989174711909 0.0631115258313873 -0.123129364113327
0.458046478354786 -0.236697258561619 0.0915633026608785 -0.0288587431822895
0.468334935476867 0.233090669899068 -0.0618146866675627 -0.088022288206472
0.252110352929746 0.505736817445048 -0.100271552640983 -0.329769252141645
-0.0166601087358814 0.31222395012681 -0.0834163399275008 -0.294323613592265
0.138105898681951 0.293460127308025 -0.0814135537534847 -0.153676183805326
0.26935229836739 0.0584992921600744 0.0422969103505047 -0.00917106368086999
0.198379244650069 -0.208761665476019 0.149331152107662 -0.07278200270556
0.0234869485329322 -0.270057724935505 0.0491701788319232 -0.251865552460155
-0.12447808729641 -0.236333371291211 -0.15778501813321 -0.300339780742525
-0.231276995964107 -0.154927780647165 -0.325044514631338 -0.225793403970199
-0.265701438385043 -0.073599845462467 -0.384844790178034 -0.124636628366786
-0.298343192796085 -0.0679814567596018 -0.395271829150142 -0.136542242459283
-0.268711681254273 -0.188112459194307 -0.32037651431401 -0.217631434167436
-0.143658191285891 -0.298821911048286 -0.140987576300098 -0.271585220399287
0.071939997260407 -0.398323301531268 0.0182438834830721 -0.185878193870109
0.350559940382936 -0.175976110043702 0.0629983632637802 -0.0921707583212578
0.35545926302872 0.189033832252603 -0.0916102150788328 -0.159454574480982
0.170012303693028 0.385111508305798 -0.128732819643899 -0.463959756804877
-0.0413831421365503 -0.176543666005899 0.161422740040962 0.501427607070132
-0.188406133188644 -0.104294910658302 0.163426191786574 0.188720236131677
-0.17550171822889 0.107242928418445 -0.0478045236675561 0.114101040562376
0.00605375547936081 0.202547003846996 -0.0417096255139619 0.255300845417996
0.103649889521344 0.119012030562046 0.20001646571455 0.348116969374442
0.114947844265225 0.0622235855771079 0.399773476838782 0.269214655484139
0.12010784349505 0.0373515677022971 0.472907759183352 0.157190351548269
0.0992482905641345 0.0142545578584344 0.461287423775921 0.120718755849295
0.0851890012069296 0.0453439000629929 0.404357622456852 0.207610909847643
0.055328051557594 0.0901819835092491 0.226190315321955 0.322815285014713
0.00783153416545667 0.111451932293531 -0.0269112974856975 0.324194904931594
-0.0722495612168383 0.0982068692930945 -0.171078419276073 0.131374434239003
-0.116514362880059 -0.0226662457765896 -0.13565518525527 0.0199302206494753
-0.041752082800262 -0.147187825336448 -0.00214765722413083 0.130004403636129
0.0279801938749398 -0.157783373160161 0.0536279558974567 0.387046588471219
0.0667029967201689 0.0212533003071657 0.129004388099496 0.551731375790969
0.0121509933598024 -0.0181959175447631 0.14691787495505 0.200879560533907
-0.009242223852754 -0.00280179573307965 -0.0714617226506285 0.138745776095757
0.0317715173065188 -0.0010809991507089 -0.0583394258183721 0.278776630077996
0.0165239525362951 -0.0366599373941665 0.184717436140962 0.375684948284174
-0.0371068111246193 -0.0387685118308064 0.398004049857473 0.280021537438001
-0.0691409056124614 -0.00822345790578322 0.472401048643849 0.164706553327113
-0.0798140664962813 -0.0375238349279663 0.456448435395562 0.120433863091005
-0.0766750884944693 -0.0573590388493299 0.411611170674265 0.184500928817368
-0.0231890958842009 -0.101564917355443 0.256080521792967 0.305625542033054
0.0618778832735752 -0.07810784345577 0.0207106060973924 0.341337257312874
0.0940269845156649 -0.0246159794756475 -0.151242586910967 0.181300457555794
0.0631936646747355 0.0220480538907522 -0.147159796556005 0.0591616284489215
0.0556841581883918 0.0201113270672098 -0.0167414897331896 0.111681384432611
0.077180212042159 0.0440161729957264 0.0482161312756887 0.367896991914681
0.142847155511065 0.226004942360765 0.0694621741762362 0.519087765278661
0.202860821146595 0.106629101477694 0.0987754459980324 0.167941646595068
0.185919581043699 -0.0854957217113231 -0.119084358159811 0.127343780068005
0.0901505389164875 -0.215346448974624 -0.105859342849727 0.271552539921103
-0.0543644785594244 -0.216070409854322 0.120214648221089 0.374186946274891
-0.17608173000727 -0.16111390933611 0.331532890027795 0.270019561620211
-0.246166645006448 -0.0696684701860918 0.396083274023049 0.153843485493189
-0.248168015889589 -0.0847313908201519 0.380572741038652 0.100488536003288
-0.235089048984038 -0.132754846236687 0.358673817497523 0.123239318398505
-0.131024043332927 -0.259444917113939 0.262795343270738 0.221198863684273
0.0536573704267523 -0.267835743731351 0.0987767941748428 0.285913322319479
0.206457286564548 -0.204013077971093 -0.0587572896037822 0.207227692113609
0.251207490055286 -0.000633389880717683 -0.0966760366146917 0.123076388614049
0.187352819596966 0.154566403095644 -0.0189419153378182 0.111955307530593
0.141924088914023 0.239773117186402 0.039481922611871 0.296785886636176
0.166614401346362 0.398102558278856 0.000291365754880035 0.399596859697952
0.332706087944274 0.255716867330467 0.0382536645875279 0.0905667870946924
0.371640476625564 -0.105017000919469 -0.156649958466279 0.0745470242079967
0.190149633279083 -0.387698403624157 -0.14975472984693 0.208272450942436
-0.0785847653846029 -0.391047082262855 0.0281171139253218 0.309637026233251
-0.268352632365954 -0.290505951157008 0.211738796150801 0.218903708610196
-0.37757652289568 -0.142814451616819 0.259958116603908 0.118119768488743
-0.379444233560592 -0.120172243889995 0.247176789431546 0.0658101655755859
-0.367769099794026 -0.165683771117388 0.244349531509384 0.046068437294319
-0.25362509943862 -0.353581022117082 0.216062855782813 0.101534535747799
-0.0180372434055442 -0.418249365757601 0.148465154701011 0.165424936981792
0.236639606139152 -0.401709258749934 0.0493343058764056 0.166675469304963
0.409637535742958 -0.086636295345073 -0.0043736162130093 0.150153101900299
0.334484784844467 0.23603155863933 -0.00731042065416188 0.104275540018714
0.2129658511238 0.400329851813325 0.0200945275649272 0.179453164189699
0.139402527704991 0.499111754993736 -0.0555403178343301 0.220315580846046
0.363896933137533 0.383874749415763 -0.0145767991635802 -0.00781997654504009
0.481854261972235 -0.0542553669534211 -0.152451180403933 0.00373764747889591
0.294567047700362 -0.455054711480568 -0.143141406685565 0.102054168836478
-0.0465217229276897 -0.501206514115455 -0.0435653236790719 0.17626795778249
-0.29453338622937 -0.39015885628818 0.0707890349065734 0.113984066533222
-0.441060913463944 -0.209104388131488 0.0894324569169948 0.0485244436907877
-0.454326538657701 -0.139806243582384 0.076900051719041 0.0208122754504748
-0.453736826523911 -0.162619297224456 0.084770897123843 -0.0242422348275156
-0.355682203162484 -0.374747965258145 0.106485311423844 -0.0173773802888727
-0.111417558083234 -0.492571604335615 0.128586320741767 0.0179098191769133
0.201827254821666 -0.548880894862951 0.111243354200686 0.0691958208482696
0.498596205978334 -0.187984038361881 0.076046486850884 0.115300942533387
0.453508607984346 0.262806007878951 -0.00296012164342331 0.0641040320684919
0.269717763333626 0.508683890740541 -0.0129769705922915 0.0230673101319665
0.0854480068561118 0.512546449214775 -0.0839254278645425 0.021972757213185
0.308657492951696 0.436902731724074 -0.0485216871083459 -0.0950627450826779
0.480655961794005 0.0233078898713475 -0.101354573905968 -0.0425749921732109
0.34660263135896 -0.408373566620303 -0.0689504358838234 0.000324438803033101
0.012014997115297 -0.508536853598094 -0.0544151184004244 0.00636576651307591
-0.259073103632416 -0.42214689679708 -0.0458409222998117 -0.033897280922654
-0.429885293541365 -0.240249752275514 -0.0812562423510353 -0.048371778889132
-0.459106571460313 -0.137077825631053 -0.10210770334839 -0.0308373974193898
-0.474356681488359 -0.133536045792973 -0.0946853332557823 -0.076239791443426
-0.398551315713927 -0.335516449433924 -0.0450617787060629 -0.109891351493603
-0.175626365774468 -0.480470052433314 0.0468407555817579 -0.110600985217291
0.140950840374176 -0.591040529773694 0.106189553775435 -0.0386432824302815
0.508289801248874 -0.248392955187344 0.106287154692595 0.0435756828153621
0.504512913907924 0.252978006611199 -0.0236102421873232 -0.00643685425138503
0.290599589527451 0.541477744699712 -0.0589638130583499 -0.154684687371082
0.0294816903129937 0.441191312248954 -0.0899654693977982 -0.157389884993706
0.220278017130427 0.401021401035079 -0.0687417092122576 -0.142637301187563
0.392787021484983 0.0703808446241446 -0.0274574287834059 -0.0394678366611782
0.309599934042944 -0.30822516493053 0.0450938166852754 -0.0552197356379969
0.0419787490195204 -0.417056324334942 -0.00792882918943768 -0.145604395549228
-0.195318396881409 -0.363837622447729 -0.119635567001749 -0.185698629112573
-0.354193651839961 -0.220783505771682 -0.22526331022852 -0.147514464274995
-0.392453959638039 -0.112503920122117 -0.263806140392923 -0.0802152229414674
-0.420514220559683 -0.0989176417211889 -0.263894220107775 -0.109987087903499
-0.367206610449454 -0.267223906404795 -0.19886857195262 -0.171030728449153
-0.185924388345853 -0.407716160955949 -0.056501486986444 -0.204321960113317
0.0945690610074764 -0.530760000480306 0.0620289008167037 -0.123255021032367
0.451185136696119 -0.243388061677394 0.0907965858732037 -0.0301519163619082
0.469371099736652 0.226440820696772 -0.062802566001381 -0.0862910330024327
0.258348047269808 0.498090411354578 -0.105781763532456 -0.325707012630807
-0.0121515451811899 0.311007437555276 -0.0872348132763161 -0.291495667472313
0.143232798047442 0.29008503362409 -0.0830871764270132 -0.151168225228054
0.269335419196861 0.0544671015818366 0.0423095691014494 -0.0093197542067526
0.194264261238701 -0.211016433637947 0.147863425040954 -0.0747494933223779
0.0194225770938814 -0.269137437345988 0.0466728035851286 -0.250434946899666
-0.128225080679302 -0.233997929215508 -0.162194005104394 -0.29646977427967
-0.232956621606907 -0.150740993835018 -0.32778323561061 -0.219882522417097
-0.265286421423234 -0.06971115338839 -0.385017176557479 -0.117914638807363
-0.297553562628886 -0.0627524471008628 -0.395030756105506 -0.130022088785081
-0.270193610133722 -0.18324908977233 -0.322295388386604 -0.212568140091211
-0.147160810506217 -0.295573082590496 -0.143642119670838 -0.269041053879521
0.0656047379240115 -0.3975800530962 0.0165876511588829 -0.184922800562635
0.346607525168886 -0.181157201073093 0.0621708866356767 -0.0928374793810714
0.357766698619359 0.183755796159352 -0.0936586650185197 -0.156838693427878
0.174164975991576 0.381750453860762 -0.134669727641641 -0.459670112494027
-0.0438063489707223 -0.17507978340826 0.167415192745569 0.497312327579564
-0.189733541569932 -0.101006991150037 0.166165917863774 0.184818997444875
-0.173948053090173 0.108498038673546 -0.0466582519357244 0.114032295832775
0.00936412525428519 0.202118921496895 -0.0388816586136975 0.255691079956819
0.104946900962144 0.116999039188745 0.203125674296429 0.343765600209532
0.115898117153166 0.060440532026891 0.402667971478219 0.262673886721563
0.120705545235825 0.0353706009655336 0.473709537928452 0.150153494477876
0.0990937283546966 0.0124504789248281 0.461137561133772 0.11276980238607
0.085379016750077 0.0436784333338638 0.406279246782563 0.201179332566411
0.0568049688330974 0.0889749603737401 0.230436695442033 0.318398930366338
0.00989116730416841 0.110482371525118 -0.0225709088948099 0.323697344964766
-0.0696531601315094 0.0997218149554722 -0.169383811748844 0.13318150399774
-0.117161887245372 -0.0208820544593897 -0.135990145179626 0.0219733939718295
-0.043755894602687 -0.146572216901403 6.1032920949622E-05 0.1300935951595
0.0256697687038897 -0.157417488524328 0.0599931176392484 0.385183826244311
0.0672166373330503 0.0199743153761263 0.13756572893702 0.548162626443374
0.0122386302027239 -0.0187682937759261 0.150302068588512 0.197425718229396
-0.0101240334111144 -0.00263774396644327 -0.0697050063719713 0.138633309602733
0.0317078007426093 -0.00177373985562868 -0.0545068651298983 0.278954605180222
0.0158450429623775 -0.0364622673838654 0.188685412542083 0.372595452990769
-0.0377436637798742 -0.0381437399821755 0.401255084405267 0.273033361230269
-0.0690640064576727 -0.00741086787757781 0.472755669239762 0.157585380728241
-0.0806069248489672 -0.0363352737497767 0.456115780865306 0.112508601891999
-0.0772540282356604 -0.0560583893183675 0.412740060307379 0.178355091078912
-0.0243739360232348 -0.101031182086876 0.261013844833107 0.301523297169359
0.0608966019322618 -0.0788480816952255 0.0251067984618129 0.339771626048973
0.0934998600346313 -0.0251503336788651 -0.148454663607336 0.183137237375059
0.0630576988858856 0.0211187465009265 -0.146183688082309 0.0615167528057765
0.0559770732964896 0.0189321156726456 -0.0149401622090222 0.112152337908699
0.0778289052753609 0.0437280595219316 0.0543961203122804 0.365669245549812
0.1454924551298 0.223100675724573 0.0771864050065513 0.516617624566416
0.203910438902531 0.103587105928804 0.10169192406545 0.164306104715075
0.183218982311907 -0.0878754555002323 -0.117435600463244 0.127970846216756
0.0864451786002558 -0.216209375472444 -0.103002534992884 0.27167092793907
-0.0578986269699811 -0.215108779823243 0.124953551653414 0.370574810088345
-0.178339543659272 -0.157143597904809 0.334118307018214 0.26430816404576
-0.246855647403354 -0.0660728287760481 0.39877823296235 0.147792630058495
-0.248369857325012 -0.0802456227742236 0.381296622016486 0.094250678915285
-0.23567765782681 -0.128337835261551 0.358784171749428 0.117355407259789
-0.135139391159978 -0.256153284378706 0.266474738463456 0.216276109147381
0.0497518720635802 -0.267771835242764 0.102879620074795 0.282984702521052
0.202340606168125 -0.205494808973611 -0.0556680912824133 0.207524563653797
0.25085620632034 -0.00400503504111404 -0.095167532892992 0.123829702928275
0.18960957657263 0.15189664133813 -0.0169025700478365 0.111955084373265
0.145525461876627 0.236765038152333 0.0440333130594067 0.295891846900673
0.171689448780503 0.393838471896479 0.00637904334497169 0.397933012415328
0.336194742637814 0.249803498857503 0.0400713132141093 0.0886855315786679
0.368676044704458 -0.109739264924379 -0.155003397956791 0.0764191792525326
0.182977717676863 -0.389977749809231 -0.146606466925333 0.210155102884932
-0.0846192386425858 -0.388484147994571 0.0331107923571885 0.309409104386349
-0.272858662145874 -0.284943069737904 0.213582205996814 0.215662671870474
-0.378566173795826 -0.136857820559711 0.261222897707611 0.11376130342315
-0.380058606583743 -0.114150991993149 0.248077924867417 0.0619400273578485
-0.368638139326433 -0.160031168614502 0.244368718791726 0.0420389889681149
-0.259617877342043 -0.347978531211471 0.21730277751245 0.0978886791886592
-0.024185254855579 -0.417877075856975 0.150913410940998 0.161799916517927
0.231178256732736 -0.403477258195586 0.0512108216077345 0.166055683669236
0.405683016747813 -0.0926940661988039 -0.00269444249674319 0.149693260786995
0.337127712775416 0.231481648656267 -0.0060874420529263 0.104477022209181
0.218626073191042 0.396543181011826 0.0225166709859258 0.179265201233645
0.1459996625244 0.495548470707353 -0.0516870234979396 0.22074573084479
0.368546343179931 0.37786383842746 -0.0141106840777527 -0.00787082064472307
0.480095733955616 -0.0610966473908221 -0.151391278855938 0.00607189263198882
0.28531732184751 -0.459313900253266 -0.1413557797609 0.10370161821293
-0.0523713326765414 -0.500515771216603 -0.0394643907134299 0.177578276594525
-0.299384091828422 -0.386474923938123 0.072227447092735 0.112348575819043
-0.443563356917207 -0.201649366903461 0.0897163682408683 0.0468528897391556
-0.454664789465043 -0.132626814763578 0.0773857420259803 0.0194914096215977
-0.453519010328884 -0.155995756982712 0.0840740958134432 -0.0255629202526264
-0.360222844160274 -0.367302392713486 0.106257245234739 -0.0194570007677224
-0.118689806426112 -0.490632112980472 0.128489734624774 0.0155601599009336
0.192821960011893 -0.54959027342756 0.112279466366829 0.0682984773260384
0.493985167079674 -0.194289577268658 0.0776093090609861 0.113967516182637
0.456136313479354 0.257493348011819 -0.00240518946712795 0.0644832167955948
0.276461229021969 0.502750496069858 -0.012921361236217 0.023995327601103
0.0927032038599497 0.508380486827015 -0.0833926221400865 0.0231099013807134
0.316146699902367 0.430764008283247 -0.0493150515567235 -0.0939996037678555
0.479135703991953 0.0165731520344119 -0.10072608317468 -0.0408012514535855
0.338833328321947 -0.412707983918939 -0.0691501437726864 0.000882547721283465
0.00392430588558097 -0.507233229586927 -0.052274101493122 0.00809776884171582
-0.265316276837768 -0.416791699924687 -0.0459324600894744 -0.0333427865155548
-0.433608127121836 -0.232694425409008 -0.0817950934146899 -0.0470296089852333
-0.45942909484846 -0.130143926709743 -0.101556165694108 -0.02892021416626
-0.474117025532312 -0.12587793693588 -0.0959716044132444 -0.0745234160241901
-0.404316885189175 -0.329221430333564 -0.0461517601497469 -0.109053162631565
-0.182660701106213 -0.478429005723026 0.0453496671496264 -0.111534877224179
0.13224129801439 -0.592457862414497 0.105720831401489 -0.0391748436972052
0.502212791081511 -0.256210432777456 0.10697230729481 0.0419809103234097
0.507137131912411 0.245310563851843 -0.0237182798332899 -0.00556539030602487
0.298776123397141 0.535726687670604 -0.0623421045594858 -0.152992191185838
0.0365280302192171 0.439207559110107 -0.0912645295449361 -0.155545726985321
0.226736321611728 0.397342233340272 -0.0698592224761451 -0.140838670357815
0.39295804391238 0.0641862363767782 -0.0271805711075303 -0.0384616789256595
0.302391333472253 -0.312077759833272 0.0440221022532163 -0.0558222094330128
0.0357023253761739 -0.418407624895322 -0.00843212363642521 -0.143910647577152
-0.200204985987828 -0.360209352393892 -0.121911643864899 -0.183143423494421
-0.357280507720515 -0.214672105510042 -0.227006734327904 -0.143216688642383
-0.392829369465609 -0.106565660506427 -0.263354995817192 -0.0760273623053685
-0.419700029903609 -0.0923112582580048 -0.264405177909732 -0.105602689930943
-0.370589036563702 -0.260972083869205 -0.200819206300455 -0.167851776485144
-0.191124115632658 -0.404618535423546 -0.059161666359409 -0.203212816312327
0.085993958242924 -0.530786399828602 0.0612452104005168 -0.122765645473506
0.44610145812938 -0.249188922281036 0.0911437501024194 -0.0311477343234025
0.472685592456905 0.219119177184035 -0.064167309872997 -0.084961304388643
0.263740373359793 0.492091364993494 -0.110962185825 -0.321609557401144
-0.00764085536789822 0.31008728312774 -0.0911523534922675 -0.289198738188443
0.148268128866809 0.287972378000457 -0.0850735027616079 -0.148719067285533
0.269030113094405 0.050796730211988 0.0424806364265562 -0.00927941924718164
0.18982788172597 -0.213371563929622 0.14595248155257 -0.0767165811755349
0.0154567337423739 -0.269507214957339 0.0433779288644175 -0.249849339833128
-0.1319915161238 -0.23116345133387 -0.164785451090538 -0.29400285503462
-0.235221267384928 -0.146889523716805 -0.330228800965664 -0.214148556876862
-0.265462646490686 -0.0649743814769676 -0.385321263862829 -0.112233305397686
-0.297269838278451 -0.0569948135222487 -0.395133188120586 -0.123474170605035
-0.272308531466172 -0.178461779800892 -0.323732676841912 -0.207330522436036
-0.151897528229612 -0.291877393644073 -0.147055793738238 -0.265792667024883
0.0587667434785634 -0.397447373252322 0.0148114594345455 -0.183741936029158
0.342143549854061 -0.184070861313549 0.0614580047737791 -0.0940040323071015
0.35852265091985 0.177871948428125 -0.0957846086291491 -0.154356273296719
0.178740675268817 0.378537272284434 -0.14216340330755 -0.455132406102517
-0.0457200224672069 -0.174512440341617 0.174304377019187 0.492804427712057
-0.191484289082796 -0.0983036453099055 0.168058466202463 0.181127551699297
-0.171894963474762 0.111720052658113 -0.0456313918477583 0.113716807249609
0.0131361984220035 0.201270817846857 -0.0358936391536281 0.255979117790259
0.106493501455022 0.114957563965126 0.207202606678318 0.339589013899386
0.1166286244736 0.0583855532223027 0.406138189709803 0.255774357768774
0.121437513421034 0.0335057320059644 0.476641897830836 0.14241337032518
0.0989178846501734 0.010884554538655 0.461712116900183 0.105060631743454
0.0861395258630978 0.0419217963430993 0.409193927934157 0.193649551302212
0.0585132240394331 0.0883603089922192 0.235228250645585 0.314341245557701
0.0120763776139038 0.109689071938595 -0.0172557421840215 0.323684103996517
-0.0684384959711821 0.100738878257526 -0.167055613636387 0.134705627153798
-0.117301923443135 -0.0192453585440205 -0.135021810024309 0.0240528281340137
-0.0465910638748305 -0.146065523132467 0.0024123692061364 0.130434728271378
0.0234740861832117 -0.157212109809421 0.0662734840280888 0.383295535836017
0.0678458679189137 0.0188658181267796 0.14692423453048 0.544823613416707
0.0112450794458818 -0.01890509476442 0.153045922271426 0.194177862753164
-0.0104610546419915 -0.00234737330854828 -0.068568841727348 0.138875300549972
0.0316119821689611 -0.00221166089088275 -0.0519606759312609 0.279174160454914
0.015570076380143 -0.0371396709427851 0.193613348614181 0.369149203459967
-0.0383342885183935 -0.0373427098567894 0.405423529533007 0.266571314199918
-0.0691546687642209 -0.00609621171357266 0.473895174384824 0.148286044930604
-0.0805277092096598 -0.0350235945667763 0.457632332773898 0.105000859097046
-0.078125512497011 -0.0550346701473961 0.414785456895177 0.17117514081263
-0.0262048730122945 -0.100971182598025 0.264672173291427 0.29613881928643
0.0600847863835654 -0.079998415824371 0.030564208715567 0.339196256318321
0.0929262152384592 -0.0265391042588359 -0.14567202891976 0.184734917953545
0.0634465418927702 0.0203803581348999 -0.145573525236541 0.0633421961156608
0.0560156420646061 0.0181444980403348 -0.0127113327047343 0.112003274605057
0.0793129415886624 0.042290791007123 0.0605094943559906 0.363796539625282
0.149186165368985 0.219664423824406 0.0846578330414304 0.512959067136964
0.205460019474048 0.0998293477833779 0.104245336747374 0.161788357721914
0.18093878174683 -0.0906096296084827 -0.115267229449227 0.129697905266199
0.0826073966884041 -0.21735264531637 -0.0996788850326081 0.27318465512467
-0.061349172085645 -0.213528209737213 0.130514185655689 0.369199119322658
-0.180259495197268 -0.154457490276054 0.337633245019329 0.258466425042757
-0.247287746441284 -0.0618247264792952 0.399895739029258 0.141379786260506
-0.249626393827748 -0.0763094526816656 0.382643398752568 0.0874505001646358
-0.237830313298549 -0.124878835174789 0.360769317451733 0.111058875805576
-0.139407759006465 -0.25368292301958 0.269505900347469 0.211589673950305
0.0451822417775216 -0.268889841455883 0.107221018656056 0.28141060238982
0.198995066755932 -0.208079095421008 -0.0531623925405714 0.208204772970671
0.250574506646135 -0.00809410676577238 -0.0938513169912229 0.125410000905069
0.191793523157908 0.148819219265787 -0.0157221461673487 0.112435089931497
0.149420975254139 0.23388112226124 0.0488507211389366 0.294187262140752
0.17695694814187 0.389797009521572 0.0128431020826523 0.396709095148328
0.339995723833024 0.244379274573983 0.041657551499834 0.0878016779410283
0.36553391596549 -0.115370919911361 -0.153681793941851 0.0781662825163281
0.175614081945588 -0.391383683313507 -0.143939166752095 0.211753069306352
-0.0905173815314166 -0.386650161875762 0.0383090004679135 0.308874606747711
-0.277857347426912 -0.280514302599673 0.216193989842436 0.211769266970639
-0.380572458916984 -0.129698835573961 0.262451992767124 0.109444678656186
-0.381762624417242 -0.107285880727987 0.248576927301881 0.0577008350072082
-0.371302724686627 -0.153820092334682 0.243679481887027 0.0379492014994123
-0.265060930816999 -0.343460238161419 0.218634737545967 0.0939680428124754
-0.0299156394421703 -0.416920950729204 0.153201435949812 0.159211162210449
0.22364679156695 -0.407059191721026 0.0538997301575645 0.165652527253673
0.404813301518981 -0.0996592282336096 -0.000999461854187169 0.149921351880845
0.339779471360382 0.225525407852016 -0.00475851548427953 0.105024914136936
0.224166605513933 0.392101137194241 0.0252716363363187 0.179111028467114
0.152912048122351 0.490836523073672 -0.0479718607580847 0.221233090730844
0.37519639701722 0.371952918961526 -0.0135235618789611 -0.00850212477727502
0.476532599945364 -0.0690226929695452 -0.150566602738935 0.0077864672330716
0.277516177033015 -0.461536838978172 -0.140641370375172 0.10507139945896
-0.0624837737846857 -0.498622774091068 -0.0360711397345314 0.178426349445399
-0.305476059711343 -0.380753191715524 0.0744002339562174 0.111124526963714
-0.446087058287338 -0.192289649617289 0.0903432627870036 0.0452198798216993
-0.455981562866303 -0.125488294600314 0.0786466359007175 0.0183390701053845
-0.456699610944687 -0.148225252984555 0.0832551062332539 -0.0267221136148485
-0.367192203480132 -0.360826072212745 0.106130849022513 -0.0211375701084736
-0.126549993107345 -0.486978292794573 0.129585358580551 0.0134939273791494
0.182771888351127 -0.551194748083323 0.113429088248748 0.0675214945833607
0.489997000826461 -0.202643371643463 0.0786196776411498 0.113206598494799
0.46008352348321 0.250739330450351 -0.000756511327897009 0.064437574510973
0.282355392430341 0.49889637875533 -0.013150537723867 0.0247267200669862
0.100377316105523 0.505891938557618 -0.0824090417395859 0.0247259575476197
0.3226404607427 0.426580652598977 -0.0499325860511366 -0.0930185159921522
0.478655814094176 0.00939537295781024 -0.100712958651923 -0.0389203607027842
0.330066383653031 -0.417663661536341 -0.0694383615088094 0.00166508457213158
-0.00423205399204468 -0.506974157504216 -0.0513203625870969 0.0102243266224616
-0.271474931040639 -0.412887320728504 -0.0460318513091008 -0.0323941518719546
-0.43610668681524 -0.226351074448566 -0.0823616360333733 -0.0455489774133281
-0.460024922729857 -0.121800325035367 -0.101427060079014 -0.0266449980152233
-0.476153865339854 -0.117256890526042 -0.0966553377157238 -0.072738175410563
-0.408789504825283 -0.321539748118658 -0.047359505602759 -0.108518388516383
-0.189790386761099 -0.475365664554183 0.044247388755342 -0.112441408469679
0.119670303883457 -0.59469848537573 0.105704754845855 -0.0395045572303638
0.497764492126641 -0.263712995623626 0.107273223149448 0.0404140125896143
0.510828869938081 0.238649587358199 -0.0242085777926583 -0.00484099856020542
0.304756719986575 0.529131253122046 -0.0649178613124297 -0.150753241676922
0.0428370420065334 0.43734769721705 -0.0936395698308101 -0.153697754359551
0.233485873693752 0.39453633353691 -0.0712482941460611 -0.139122589223382
0.392799012867053 0.0584502632696654 -0.0271157907321727 -0.037867039011173
0.296762254640991 -0.315563380019255 0.042995224030674 -0.0566106124828093
0.0289767025370896 -0.417768836045217 -0.00964241887466447 -0.142978112678266
-0.206903127289854 -0.355995595228146 -0.123708621658255 -0.180970812247201
-0.3604942823489 -0.208807656162763 -0.22898307918855 -0.13940787180112
-0.394070717431836 -0.100279146641127 -0.263852561391576 -0.0711556006428046
-0.420948143420326 -0.0846496019481103 -0.265669313936409 -0.101039357994239
-0.374820482495223 -0.25413555641401 -0.203024858547979 -0.164826831962861
-0.196969519393025 -0.400608618678968 -0.0606589264148394 -0.2023319076271
0.0771808694357962 -0.531657844183899 0.060445648876944 -0.123057822118832
0.442263256009278 -0.256012869823385 0.0903146969819966 -0.0327501042926698
0.475176719035053 0.212366299330219 -0.0654399352241016 -0.082985857432272
0.269755365137367 0.489045414666111 -0.116590609068659 -0.319147431794153
-0.00331821511476368 0.309827455901087 -0.0955671309302731 -0.28676853027531
0.153176373713288 0.285052096978685 -0.0869529269976198 -0.147080977741961
0.269967527496125 0.0463372832240634 0.0429666981363273 -0.0096273211723132
0.185940742405101 -0.215497342339553 0.144729971337392 -0.0791667913022018
0.0106164971580149 -0.2694686983404 0.0404537768133648 -0.249620766052024
-0.135653127399747 -0.22798593324189 -0.168868208899389 -0.290647634467991
-0.237670351604084 -0.142262910412749 -0.33296713353109 -0.208775863263734
-0.265817110251631 -0.0604453396929453 -0.386256588507118 -0.104859418582022
-0.297567674031716 -0.0522306701137056 -0.396633243266915 -0.116891274561525
-0.275003141372468 -0.1736817957347 -0.326281151643624 -0.202161174803619
-0.156053022885966 -0.290252259401462 -0.149825505857185 -0.264160963041122
0.0512373898845565 -0.397498661858089 0.0138051685711204 -0.183520506248861
0.339004973249766 -0.190257812795554 0.0601592596571049 -0.0946586559354453
0.3609982626747 0.173518380705644 -0.0977099905502948 -0.152036386913938
0.182572809271916 0.374871438975505 -0.148929172145991 -0.450926880466414
-0.0483248276932588 -0.173565943754204 0.182084854101685 0.490058843789367
-0.193824805407841 -0.0961043305779591 0.170911342807254 0.177815362327121
-0.170204503289666 0.114513542064538 -0.0444832793627905 0.114166741553591
0.0164418249605965 0.200867153751748 -0.0330157995326651 0.257153629748367
0.108574999959639 0.113434653252707 0.211139080032057 0.336440049612672
0.117255829118207 0.056146207283578 0.408959114543712 0.249615344852155
0.122009667398549 0.0307974826583123 0.479254813815409 0.134792704027261
0.0986800644497384 0.00889929142391552 0.464150719717457 0.096644603326788
0.0870163623813282 0.0404637027707724 0.411544187269683 0.18700185671169
0.0599159123864008 0.0871240819724396 0.240531187758567 0.310159093473658
0.01445043729219 0.110066014959547 -0.012325047116145 0.324380090398162
-0.0661568193514599 0.102112564507726 -0.165476730975287 0.137598985704704
-0.117836065286624 -0.016717100094327 -0.134550963507663 0.0265831891154358
-0.0488271247637328 -0.145655327372944 0.00521566514626623 0.130178569919407
0.0216421488382282 -0.157320738224475 0.0740425937625519 0.381469729556807
0.0678918704450164 0.0176636383545963 0.1549569349224 0.541813947664897
0.0110784750346325 -0.0197128580910824 0.155943664231782 0.190886728659841
-0.0110152731991584 -0.00231262821187101 -0.0667636402960605 0.139621619330722
0.0319578132071945 -0.00261821409641027 -0.0482109422302266 0.280474460367216
0.0149173579584982 -0.0373150943327344 0.199317351663394 0.365537080825007
-0.0388448286768681 -0.0367931729028768 0.409181773353199 0.260004410845517
-0.068825217122007 -0.00436515571638021 0.476778739571323 0.141216986343479
-0.0809328326923587 -0.0336052431602352 0.458976190333981 0.0976637576691592
-0.07912888109168 -0.0542058487046759 0.417700102705172 0.1638755882721
-0.0279296379919965 -0.100062781710547 0.270557260589379 0.291749990368329
0.0590205576377228 -0.0808461604508645 0.0365260180376489 0.33829741252603
0.0929974053655292 -0.0274263493111476 -0.143753484222385 0.187697729871774
0.0631322871602039 0.0199077819063408 -0.144932492077053 0.0659009636305653
0.0563363798728911 0.0171065896775399 -0.0111667773965648 0.112465424073856
0.080108913188118 0.0408718371057303 0.0673346636442413 0.361994092963733
0.151547713653096 0.216927957557783 0.0939485615432775 0.511734801584169
0.207266945494627 0.0966992036996308 0.106924466720335 0.159120434047337
0.179094274319498 -0.0930193880647964 -0.113811528784094 0.130866328507393
0.0789685214509444 -0.218890253270386 -0.09673335326823 0.274631254428531
-0.0647963772906542 -0.212543942729793 0.13730434686268 0.367408688858109
-0.183574774781817 -0.151792670608877 0.342135377485525 0.252472290273795
-0.247937572900039 -0.0575318998831805 0.401566789750587 0.134532710233591
-0.251317542239132 -0.0719845178477423 0.383899965183323 0.0817479994313466
-0.239808977752561 -0.120797671449129 0.361720133303058 0.105073052886438
-0.143638178057029 -0.251802324170238 0.273460244898495 0.207156228453062
0.0417929216926224 -0.27020580293631 0.111755254628478 0.279437003027121
0.195223749929103 -0.2115320125096 -0.0498508822696224 0.209879938911219
0.250784748063544 -0.0117877177149115 -0.0924735336412039 0.126880190583245
0.194226036048079 0.146381057889218 -0.0138070794846641 0.113143241757436
0.152476590863668 0.232207310294565 0.0539556843712991 0.293655336068787
0.183538255667037 0.387137575836667 0.0202367158666894 0.397377172108478
0.345027726614498 0.239730454504845 0.0437751383775699 0.0855417041348588
0.362656067251829 -0.12138826106092 -0.152403779397526 0.0799311913526374
0.16929312525883 -0.393642271345251 -0.14198162109987 0.214004301945773
-0.0969068054086927 -0.384858269654739 0.0442354515295548 0.309121067368157
-0.282662658602294 -0.275856867281441 0.219227301064535 0.207842754774559
-0.383298141623947 -0.123545666990918 0.264119061059533 0.104757894208865
-0.383706755735826 -0.100878366474127 0.250059330678205 0.0544665478408817
-0.372951275931083 -0.147505272344459 0.244357754879406 0.0341678285152153
-0.271393625610012 -0.339489724365183 0.221234631836709 0.090164915443045
-0.0358141606627949 -0.416928143252928 0.155747365883305 0.156665685294667
0.216353997610369 -0.410299101043507 0.056680501585185 0.165794825017235
0.402964201106513 -0.104793895701456 0.00106382895025269 0.149892127145608
0.343966159146347 0.220463769109043 -0.00338665376280346 0.105170634695198
0.230586308558921 0.38947357074241 0.0284887228966818 0.178420844374915
0.160554716495194 0.489750864087894 -0.0441814722030123 0.221880838338013
0.381912699486079 0.365620133546082 -0.0132126861458932 -0.00867814926822651
0.475233063298708 -0.0759320839911768 -0.150373254797539 0.0101492571953717
0.26917080639951 -0.46631702197644 -0.139714625694924 0.106992140430789
-0.0690023350156569 -0.497790105574369 -0.032465504841432 0.179655800852797
-0.313153230108756 -0.376190515072771 0.0757555029513209 0.110149726958091
-0.449148977347537 -0.185210610615676 0.0910897989940603 0.0433224478060063
-0.456786263952874 -0.118533271734805 0.0791829524696489 0.0171385857648124
-0.458551895918868 -0.140813647894849 0.0829086264963192 -0.0281010110647716
-0.373374911906139 -0.355367845009076 0.106412696452266 -0.0234994025868447
-0.133598530890914 -0.486143672225609 0.130187362333323 0.0109845392211239
0.174384931168078 -0.553683156024878 0.114356858296801 0.0665029875525166
0.486733212146578 -0.209437832100136 0.0807345276934401 0.111678423071935
0.464250782294373 0.245431893931809 -0.000642349535848608 0.0654478459418337
0.291882113838807 0.492993205684575 -0.0136932694296455 0.0251028224124898
0.106972290313997 0.504565324144784 -0.0817605132926525 0.0255311033924678
0.330096556492747 0.422833698265073 -0.0503785931901545 -0.0923221063066748
0.477803349339619 0.00143283623148178 -0.100756389533009 -0.0375479033896271
0.323554431403261 -0.423790270464758 -0.0695658401940018 0.00213173272073123
-0.0133716535445764 -0.506978564381455 -0.0497127406622989 0.0116470648607618
-0.27958254525214 -0.408043066831622 -0.0463423070229702 -0.031927264244765
-0.441675958850314 -0.218030944002768 -0.0831509218224118 -0.0440938038033181
-0.461552936945709 -0.113580670689922 -0.101341262549639 -0.0250078125405154
-0.476677667817445 -0.110162980920319 -0.0981978560039502 -0.0714945449365522
-0.415448840079239 -0.314434846259387 -0.0484121600861246 -0.108071729310808
-0.196779108574288 -0.472668190940068 0.0429387125200474 -0.113404171310835
0.110058624366144 -0.595017444826833 0.106346977914677 -0.0405698662795748
0.492641846778738 -0.271993568770954 0.107935326736942 0.0386467340854936
0.51435389983683 0.230221499410567 -0.0246883434530933 -0.00341767428244998
0.313761707694654 0.524799920673078 -0.0684367878697444 -0.149049137720471
0.0500844037277697 0.437287600773942 -0.0960751864355189 -0.152410441486272
0.240980304555406 0.390465579938144 -0.0724507236214132 -0.137520965397421
0.393508628836558 0.051852228787106 -0.0271978647980131 -0.0367867539737417
0.291505841620388 -0.320429031212734 0.0420660643281947 -0.0575663026861599
0.0212671753198549 -0.418134105412739 -0.0102593686507547 -0.141777235921333
-0.212528639374317 -0.353180736250729 -0.126403970399961 -0.179252578265833
-0.364932992501654 -0.202327441243166 -0.231024285389515 -0.135196101457422
-0.39531813947771 -0.0929177446961651 -0.264985214011129 -0.0667920167116134
-0.421287673654537 -0.0773405493056801 -0.267034605479332 -0.0969009193293425
-0.379799115070993 -0.248382739750407 -0.204912220587151 -0.161883837413466
-0.203498814473961 -0.398695004752201 -0.0640933898683436 -0.201284836781837
0.0664704358801882 -0.532738773076732 0.0596883219393768 -0.123445211187642
0.437398534131702 -0.262696990604602 0.090582002052183 -0.03431082462963
0.478896680672756 0.205748553889165 -0.0669205367854291 -0.0812550204380824
0.278374257787351 0.48318621761287 -0.122393072688704 -0.316068844322849
0.00127007117482757 0.310284825216992 -0.0994894643123388 -0.284998656249984
0.15837315735785 0.28318976410935 -0.0885871146020854 -0.144408903377611
0.271421954635264 0.0421158553885025 0.0430364609381675 -0.0101310199168717
0.182230617977379 -0.21833770526641 0.143707867763245 -0.0810736809519263
0.00652563490186191 -0.270082772033746 0.0380414032714733 -0.248985683481798
-0.139856801926396 -0.22580006951014 -0.17434594822147 -0.28795114590053
-0.240469230234867 -0.137998106704721 -0.336416236763072 -0.202717650557769
-0.266781162728525 -0.0557731591972599 -0.387434312763372 -0.0982847744322971
-0.297852549032551 -0.0475555018799772 -0.398103588106903 -0.110461696690343
-0.278698626482801 -0.168594513562234 -0.329209776043765 -0.196958179902545
-0.160732352005928 -0.287593985768472 -0.153812536702588 -0.262386086463647
0.0448008035386391 -0.398082286206161 0.0120964087041796 -0.183801076177478
0.336272662303021 -0.19498512823824 0.0594739237788366 -0.0956500399252224
0.364104019817952 0.168180548681298 -0.100113755258771 -0.150173333673453
0.187615977901943 0.371531750710811 -0.156563186168083 -0.447401071735436
-0.0506776933358586 -0.173226614273322 0.192026148304212 0.4881102825614
-0.195642084782924 -0.0927553520312187 0.174104811327711 0.173918745222995
-0.168516448601449 0.117378493920224 -0.0433072837160768 0.114107798686525
0.0202533246541184 0.200593326814898 -0.0294454632658694 0.257764928334619
0.110715381134562 0.111200657930274 0.216318557374978 0.332769070574469
0.118895504548764 0.0541150039739967 0.414494185223277 0.24370557153621
0.123430827979497 0.0285361780406026 0.479816524432249 0.126715938309293
0.0990333166301902 0.00715427960368904 0.465907186894506 0.0884342350926503
0.087553468628684 0.0387238444703454 0.415460130664128 0.179432855890383
0.0620546232929477 0.0857202018235191 0.246117181840548 0.306048904306384
0.0169489623425028 0.109753205468869 -0.00687778742705275 0.324597237800313
-0.0645902474353771 0.103738254293484 -0.163585360766354 0.139974906914006
-0.118855942593578 -0.0145086369100308 -0.134858859531943 0.0291333147862134
-0.0520073310170295 -0.145371444026901 0.00814195104061835 0.130109253911598
0.0190940060185094 -0.157577712895054 0.0818939004363225 0.379432600116503
0.068831757133538 0.0161994618888793 0.164818099689 0.539437516529144
0.0103611341404821 -0.0197187019765814 0.158955438992699 0.187023818045011
-0.0119807723545275 -0.00175113517997448 -0.0648174978736065 0.140405244688245
0.0317368529034992 -0.0036592095226445 -0.0444530011569184 0.281646821640737
0.0139529672997009 -0.03762183539805 0.205108411436319 0.362615981842988
-0.0396224655346612 -0.0360711381307966 0.413167439462475 0.252291741480924
-0.0684566945746065 -0.00316189543915489 0.479493957682547 0.133257882185475
-0.082369135516953 -0.0326217776577021 0.461413394344788 0.0893066994983404
-0.0805063402932904 -0.0524161385643282 0.420571155534782 0.156324936956091
-0.0293271595243732 -0.0999343692977158 0.275866494111661 0.287547342579054
0.0581133152522623 -0.0822813529800496 0.0421873477954633 0.337980949783634
0.092204818685275 -0.0286743983682488 -0.140259864576779 0.190013443844835
0.0634438574178828 0.0188859120772763 -0.144198739244978 0.0687055323549418
0.0562455223460253 0.0160890124753186 -0.0087462322825887 0.113198583600938
0.0809822000720501 0.0397996216121964 0.0742466543474875 0.360887846388611
0.1557872629344 0.214808619957604 0.102412777380105 0.510398931026071
0.209628910082697 0.0927831706309628 0.110330502595369 0.155670818235946
0.176207181337274 -0.0957252895079157 -0.112186126443994 0.132183932888519
0.0747397490135136 -0.220685538579203 -0.0928446483164585 0.276761468521525
-0.068599689261932 -0.211258528499468 0.142864703666422 0.365278256407404
-0.186792366233416 -0.148649916625732 0.346066378847221 0.247694879835852
-0.249607402821464 -0.052907843127411 0.40501762556293 0.127590019167251
-0.252500511198317 -0.0676489194773831 0.385749808303084 0.0751116579008831
-0.241901101597345 -0.116676659385271 0.363508604238998 0.0985365758062533
-0.149003148650729 -0.249197386833406 0.277905510286543 0.202305976308143
0.0375288489998072 -0.271023620267049 0.117263380832761 0.27756762836807
0.191586186059387 -0.214392058335113 -0.0462804080223857 0.211294597822691
0.250009139724901 -0.0157623034550543 -0.0908272978736374 0.128323563839003
0.197136171798336 0.143061400068384 -0.0118391392082329 0.113490143186632
0.156977509357716 0.228950409162043 0.0587258576582865 0.292424946187598
0.189700411628161 0.38465613291527 0.0268110316390816 0.396709345808604
0.350097786030817 0.233346766496422 0.0457373555077802 0.0837678886590599
0.359709896150657 -0.127087018602263 -0.151242179276183 0.0821152287533148
0.161393975523309 -0.397496565139753 -0.139436845517752 0.216793141445964
-0.104572026082387 -0.383749504884782 0.0497646151133164 0.309374655592729
-0.288150901166244 -0.27099807669118 0.223263826261374 0.204784219471819
-0.385854906250178 -0.116688276884124 0.266261580401712 0.100211773784615
-0.38566762670487 -0.0941453811111622 0.2515918353257 0.0500214715512396
-0.375972512974464 -0.141002681742213 0.244834997878029 0.02961975011113
-0.277990825304182 -0.334802584969067 0.223277477065589 0.0861630020482759
-0.0430487879735896 -0.416695550493978 0.159303018622295 0.153746405884931
0.209737714067579 -0.413679217696628 0.0595122035371876 0.165737867336648
0.402239409231941 -0.111606643078055 0.00309887980772501 0.150223997015193
0.348446080477765 0.214883322919597 -0.00194161149311646 0.106094914656225
0.237063448496983 0.384793950500619 0.0313367750870211 0.178356443144428
0.169459912417156 0.487194364626211 -0.0396391103253316 0.22274088626272
0.390138723793154 0.359694203871478 -0.0122981005265773 -0.00922359412041804
0.473245200640839 -0.0827569945897553 -0.149437189604517 0.0122875346791782
0.261273247715155 -0.472255398336535 -0.138185950119792 0.108747981020178
-0.078484593042876 -0.496698708714815 -0.028139404573686 0.181345513589871
-0.321500906744209 -0.370530367320205 0.078076952040379 0.108673607277489
-0.454253815234098 -0.178672048509539 0.092029995504456 0.0419245736973349
-0.459566885556446 -0.108221250967713 0.0793818178288188 0.0163973235832285
-0.460012541674705 -0.132779840458649 0.0817447370704229 -0.0297067526367961
-0.380832647004871 -0.348816246787083 0.106645831652188 -0.0258796832767411
-0.141465885914928 -0.484857925676817 0.130523543173408 0.00842259543841783
0.162641806122718 -0.556607903223251 0.116520453076113 0.0648688721434999
0.483135439991697 -0.218149574936639 0.0824108360133908 0.110451652555561
0.468404112417235 0.236595728541155 0.000417290695797643 0.0658484492884509
0.298914105844207 0.486899202439702 -0.0134968824547236 0.0264244361233806
0.115356357728683 0.503609084356626 -0.0809107328439716 0.0272413714784583
0.338998819592296 0.417023894200234 -0.0510279525357378 -0.0916588371482186
0.477448218922574 -0.00512596400182619 -0.100615199888821 -0.0358363388961167
0.316573948778293 -0.429004854276067 -0.069999310123717 0.0033370558467286
-0.0217353798565962 -0.507359966027527 -0.0478748774484733 0.0132192960669296
-0.288025454446508 -0.403812100817084 -0.046477673824056 -0.0312468216235696
-0.44593557784472 -0.209671927422207 -0.0840581133544192 -0.0427118375703346
-0.463950940777674 -0.105129486505195 -0.101191995614744 -0.0229237376373055
-0.47878710440025 -0.102651763576618 -0.0994882469453738 -0.0691627651383998
-0.421865141710199 -0.307337103957985 -0.0502460098379265 -0.107783676475578
-0.205051813035227 -0.470258143160536 0.0412465426850697 -0.115098637852845
0.100344762989248 -0.597855479411604 0.106600078865182 -0.0411004045269951
0.487930354582843 -0.280540396603526 0.108877924127648 0.0376286172996668
0.519058470075187 0.223540976974736 -0.0247568640412461 -0.00276485650029863
0.321867537942144 0.520655988190491 -0.0714613695000479 -0.14706913951279
0.0565889691134323 0.437148256321041 -0.098721179681058 -0.150593793375015
0.249469004855527 0.386835037308584 -0.0748713346726873 -0.136616972786892
0.394103473902596 0.0461055972216988 -0.0273901863051904 -0.0364332772261597
0.286115835746917 -0.324708199879836 0.0408365330629107 -0.058277102522481
0.0141211336077577 -0.419699851008705 -0.0116552401002761 -0.141087136251496
-0.219717774354702 -0.349430527055222 -0.129682195584209 -0.177473998363236
-0.368560061422228 -0.196079065106619 -0.234426216842552 -0.131427800341464
-0.397105616851415 -0.0857618424639058 -0.265492589551485 -0.0614719401115818
-0.422513186038146 -0.069245638194403 -0.269104111305444 -0.0921210187682344
-0.383462817534214 -0.24114537699334 -0.207736333584013 -0.158493078834524
-0.211019367596791 -0.394718615610097 -0.0664434379487764 -0.201709234697752
0.0565118892817483 -0.533573134351183 0.0590491000025441 -0.123885260838248
0.433235151986933 -0.269508197152668 0.0903305370828519 -0.0359756355250886
0.483139747512686 0.197409072752075 -0.0685297857555221 -0.0796835745872937
0.285637814952702 0.479076726007351 -0.128824796096069 -0.312947576635734
0.00735980144257207 0.31025075737868 -0.104809750408422 -0.283504770561175
0.164237271372763 0.280546064042398 -0.0905580805623154 -0.142482018482823
0.272120074078408 0.0370348096517363 0.0433155731403954 -0.0102797509754031
0.178322745668917 -0.22189891624291 0.142416705151084 -0.0834453747606773
0.00114852290173409 -0.270665740907399 0.0349487706573757 -0.249436059432102
-0.144211372588254 -0.223556967521971 -0.178581529005701 -0.285830689108438
-0.242804867554911 -0.133812737140146 -0.34054038156893 -0.196847099800783
-0.267460468228417 -0.0509192313014464 -0.38859597275393 -0.0922790794943171
-0.298859416190529 -0.0411750153908619 -0.400111037465655 -0.10421346505252
-0.281619217821791 -0.163529568748406 -0.332634494689652 -0.190939699316474
-0.165749491455907 -0.28474197038 -0.157633447944179 -0.260128405359939
0.0369735115665163 -0.399610385811817 0.0104280856279251 -0.183013750988179
0.333094738967771 -0.200612283232623 0.0581507617235424 -0.0966601465234927
0.367219828889278 0.162493942532761 -0.102827037924562 -0.148077702971468
0.19423026896645 0.368181222232422 -0.165536305309697 -0.444202827664441
-0.0535930784696009 -0.172841148970406 0.200629251913357 0.484966042149951
-0.198465447411729 -0.0897864626210725 0.177735063125003 0.170457393656484
-0.166898117000167 0.121200258903483 -0.0421376667202386 0.115208694550304
0.0243035987658663 0.199942473931512 -0.0260540102244559 0.258612950370666
0.11267405855292 0.108982472836335 0.221343509571365 0.329401198991664
0.120161892691843 0.051665530203632 0.419787832031436 0.236502591936609
0.123897817719015 0.0260429189926245 0.484482032807465 0.118103932229151
0.0990282979042151 0.00511915319395772 0.466350808511876 0.0788041858524952
0.0883603439083722 0.0367681533208591 0.419126882291625 0.171784981404475
0.0638503939084943 0.0846162993123189 0.252415991506667 0.301625548350124
0.0195400913294911 0.109660697977585 -0.000830544962761494 0.324942580404741
-0.062080852411822 0.105518502322595 -0.161045056376115 0.143111665675892
-0.119240584371983 -0.0124945574020437 -0.134635361017913 0.0319285024141485
-0.0548426287143316 -0.144674042421748 0.0106426101148122 0.130631071478311
0.01678252562468 -0.158367442752486 0.0887324446300057 0.377309378719358
0.069370935599479 0.014839057232156 0.176904186915051 0.536841517565566
0.00996988690362271 -0.0206415205090061 0.162233327929673 0.183244214130174
-0.0124238500322153 -0.00126518996430746 -0.0634719278855056 0.141282655743027
0.031628108680041 -0.00431256245500734 -0.0406655289052221 0.283615453120514
0.0135857575239483 -0.0382002890886769 0.212176553391152 0.359677500657539
-0.0406974915943383 -0.0353650825416338 0.418142070488269 0.246246959071674
-0.0688843497858751 -0.00229247488746171 0.483337019135259 0.123818568589166
-0.0833070794976908 -0.0308703296142036 0.464310246895304 0.0808898205237607
-0.0813277189410761 -0.051126469569516 0.423733564118383 0.148361989554533
-0.0316011293079033 -0.0990388502536278 0.282366238217025 0.282484908141388
0.0576349762077461 -0.0838500672135482 0.0484900685577551 0.337704245699764
0.0918350766345973 -0.0303539173416922 -0.137009748888942 0.192989478596949
0.0636266732147146 0.0180765168384323 -0.143906743076135 0.0712172397852676
0.0569751821118089 0.0150036823378134 -0.00648285202178015 0.112837066577175
0.0820117643683753 0.038555531634723 0.0817602159001058 0.359652863789265
0.160279280326012 0.212070229227937 0.113934120156167 0.508570223997946
0.211980761267822 0.0891694410204546 0.113546798256956 0.15315245444784
0.174452762681352 -0.098867650160703 -0.110359614168365 0.134369217232911
0.0701390299373057 -0.222373611518849 -0.088614163388065 0.278889466664611
-0.0729550863834025 -0.21130578936364 0.150941376494872 0.363137678095444
-0.189839866548903 -0.14485024892841 0.350791291459095 0.241017064659688
-0.250693933072173 -0.0477561748417113 0.407599191600094 0.12019751771163
-0.254421985345139 -0.0628361116122986 0.387581071789503 0.0675679832942786
-0.24454243151987 -0.112427476374002 0.365464316448815 0.0919446506267697
-0.153768555317384 -0.246340311352567 0.282762185776736 0.197299770722052
0.0327602231667983 -0.272779475241635 0.121876431379071 0.275854637210403
0.187102935287347 -0.217636936254859 -0.0424747440546097 0.213206965463324
0.249937270289287 -0.0203158629382619 -0.0889335548336127 0.130910156035342
0.200053757878515 0.139568864405171 -0.00985656163509231 0.114295305357122
0.161369642293917 0.226530591173957 0.0650665476447816 0.291645914953309
0.19855815336221 0.38074528261595 0.0355564037576017 0.396499875977848
0.355442848284416 0.227988051502838 0.0474830778436006 0.082460914970433
0.356980689349909 -0.134191391782832 -0.149882595286187 0.0841582927399746
0.154141085554527 -0.401606324865022 -0.136613662932222 0.218978550562535
-0.111815362978985 -0.382353146244657 0.056613076177032 0.308862256525756
-0.294083780729937 -0.266193607498845 0.227523034406153 0.201554142172565
-0.388825136176491 -0.109649066413236 0.268398488160927 0.0957066338421313
-0.387939226434274 -0.0871067895699024 0.252964775032512 0.0448144360652248
-0.379471687796333 -0.134279929238791 0.245702244764245 0.0249040391378497
-0.28562867994284 -0.329534069816565 0.225765705839673 0.0816394304624664
-0.0506347354379105 -0.417166900223964 0.161981432988372 0.150976757653352
0.200010863671111 -0.418329980392486 0.0626949153571621 0.165099754134582
0.399924178528386 -0.118641304800265 0.00513646179407639 0.150207516309794
0.352646379086551 0.210002237061841 -0.000160407859696669 0.106097615548084
0.244358245515673 0.381663887813209 0.0345005707968714 0.177766619125544
0.176898012647392 0.483875237701483 -0.0353692603152447 0.22422029302727
0.39765207203543 0.353349134796304 -0.0119545911230572 -0.00970493457849962
0.473082846422817 -0.0919141398835086 -0.149328074745144 0.0145980815310636
0.25302423469891 -0.476463771511622 -0.137773350760926 0.111410628588762
-0.0891324309857246 -0.496358361811597 -0.0234919470273849 0.182033269123888
-0.329548003763803 -0.364592235648897 0.0803553684511749 0.107655371047111
-0.458765938554156 -0.16875209986881 0.0931572408895817 0.0404003926829463
-0.463475232846928 -0.0995132846595713 0.0805528552968456 0.0147048082112713
-0.464065826359033 -0.123858413364804 0.0816336543581247 -0.0309286755404485
-0.388480258113745 -0.341499243329929 0.10662857598836 -0.0279252316425786
-0.149855547047458 -0.483406866528277 0.131062951660622 0.00570773435365194
0.151287324969128 -0.561233876060113 0.118455188278235 0.0641229303428328
0.480143087554629 -0.227594796591568 0.0841469475182342 0.109955930632551
0.473079147039193 0.229165655826757 0.00130579978517432 0.0662672798098069
0.3086145421366 0.482490325779387 -0.0134464637010042 0.0270151978701442
0.124742656384547 0.501303544310222 -0.0800571830081026 0.0287011502493968
0.349844377282157 0.412732341083841 -0.0523203537466456 -0.0909518183712513
0.478613497793158 -0.013863626864428 -0.100913031528516 -0.0341714087378512
0.30792458200566 -0.435030002850479 -0.0703658819727721 0.00427648972843736
-0.0314465006784402 -0.508523267654236 -0.0466511435014493 0.0149597929649302
-0.297596490872238 -0.397360438807658 -0.0469641261839004 -0.0300558959911784
-0.450554256991058 -0.201858542764659 -0.0850188141092308 -0.0411906102776088
-0.465870398637496 -0.0962153777741912 -0.101612712705759 -0.0211358913662143
-0.480673515272103 -0.0931921012139526 -0.101188540550151 -0.0673664765295593
-0.428618099189604 -0.300935366846088 -0.0520615922163645 -0.107040245268141
-0.214620882519349 -0.467487090813492 0.0397656868358689 -0.116700061585635
0.086094271910748 -0.600532029032081 0.10710860390231 -0.0430747251485654
0.483274146920784 -0.289932832589854 0.109507670077984 0.0355918658503934
0.524829503861547 0.213880249038636 -0.0252589164699247 -0.00164583720521527
0.332257103391848 0.513713222893717 -0.0752556288034358 -0.144701352270391
0.0654921425553849 0.434964618184804 -0.1010619750153 -0.148979818525906
0.257756902019534 0.382303623186805 -0.0768569538815087 -0.13522402215672
0.395171375580886 0.039112623549897 -0.0271205388891627 -0.0357855442310567
0.280143607811047 -0.331268858128414 0.0394527397465889 -0.0592803565276484
0.00587377435150322 -0.420458682106484 -0.0125315403149448 -0.140479596930371
-0.226050424594242 -0.344950550748303 -0.132705495310205 -0.175315764624723
-0.373651116567084 -0.18792938485441 -0.237272808828155 -0.127153867719466
-0.398699009026579 -0.0786779892762854 -0.267030609586407 -0.0562673712287839
-0.423941805701159 -0.0619032167275494 -0.270938533227194 -0.0867777979192604
-0.390134329840598 -0.234817664304678 -0.210667184543631 -0.154869092150405
-0.218683166177092 -0.3909790694969 -0.069905512940078 -0.2009618076463
0.0462660956095225 -0.536049478737698 0.0580159960307053 -0.124671396290919
0.428837481246751 -0.278860391171087 0.089625953489782 -0.0370941885978336
0.487108251644123 0.190276169507178 -0.0698478390522009 -0.0776990208004801
0.294504483147302 0.473698523809014 -0.135229985642382 -0.309621988124835
0.0125402066598823 0.310804932719926 -0.109922054518095 -0.282324819169106
0.170842438506833 0.278205298564783 -0.093100279644382 -0.141276651660889
0.273246909812407 0.0321525027660331 0.0441099714484609 -0.0108491173081364
0.174435473342211 -0.225133760723125 0.140441590996145 -0.0862563765266191
-0.00406712491772725 -0.271691826982626 0.0314876038430183 -0.250066082726298
-0.149062963719242 -0.220755719962423 -0.183602302271659 -0.282875065118731
-0.246406374801289 -0.129188206771645 -0.34497051577539 -0.190524881363147
-0.268534469447437 -0.0459826666150977 -0.39056975553088 -0.0846194607534116
-0.299579282867341 -0.0361578417272674 -0.4025610631075 -0.0957051166543332
-0.28479340195355 -0.158339541897148 -0.336644096473506 -0.185607182892507
-0.171259775507617 -0.282096765551528 -0.162590166964893 -0.257646878096642
0.0285354632728878 -0.400906278427262 0.00825129513223866 -0.183251776018215
0.330086913436114 -0.207516715518794 0.057011801931274 -0.0977074239074642
0.371520712824298 0.156443573785825 -0.105781871958003 -0.145310584485562
0.199616721583671 0.365006475401811 -0.174624175631313 -0.440710096112935
-0.0563787355853883 -0.171692690998456 0.208682252778908 0.481975239445166
-0.201051797662824 -0.0861321553612718 0.181448694761424 0.165901155038894
-0.164736993674556 0.12425855090716 -0.0409822485734265 0.11553452202293
0.0288779822165098 0.199683648759405 -0.0214315424058078 0.260447017989425
0.115329466107289 0.107208101480415 0.227038320388801 0.325362592563891
0.121404941582967 0.049436056979482 0.424974419142072 0.227636863731109
0.124583895864027 0.0234146670524744 0.487161480757706 0.108175405191994
0.0987390435263602 0.00338114625115447 0.469936807832303 0.0692419971647948
0.0896345548880133 0.0351490397659782 0.42293774908081 0.163351289576173
0.0661275340553906 0.0834787683337254 0.259167330815274 0.296651929185649
0.0216202526970286 0.109144271569849 0.00546730170695768 0.325305170586309
-0.0599668130660675 0.107164924951257 -0.159246608160877 0.146152642026311
-0.120122421947276 -0.00991492048644293 -0.134617149592316 0.0351991672338297
-0.0583587367607959 -0.144205698161099 0.0140228040558022 0.130721153098328
0.0133495737403507 -0.158256400694067 0.0977465257421694 0.37577388911471
0.0700058436121568 0.0132693399402049 0.186220085587829 0.534171842731185
0.00936949914003113 -0.0208444070911399 0.166242546885555 0.17952540101467
-0.0129182986328446 -0.000952016060195 -0.0613325358469852 0.142511638549275
0.0314574925690495 -0.00491676665458657 -0.0358894871015309 0.284785405042359
0.0122752824281298 -0.0383912065008231 0.218643810845392 0.355391628595727
-0.0415622835826154 -0.0347299934350964 0.422871975808149 0.237748026554533
-0.0688808461770032 -0.00124178062312117 0.485730402595712 0.114489639462034
-0.0840170314277037 -0.0290500604548218 0.465229659890888 0.0711579779383358
-0.0822871857482287 -0.0497073083825735 0.426995364118001 0.140481295834639
-0.0335189959854391 -0.0991615760427212 0.288663191504828 0.276376401253045
0.055774583422138 -0.0854975782775848 0.0552158099421531 0.337830529686044
0.0919322424038293 -0.0316480395740527 -0.133705603612535 0.195989905095399
0.063856430252133 0.0168779399846226 -0.143453164015404 0.0744833254519999
0.0572615188382242 0.0136483479126016 -0.0037942601723878 0.113559715413968
0.0836788428881287 0.0368573461209586 0.0896149438380358 0.357699422276472
0.163597019205072 0.208364137143662 0.12377838842303 0.507749028451023
0.214244045049812 0.0851816975212609 0.116921886254614 0.150292523737752
0.171957894508575 -0.10191973443167 -0.108704037470195 0.136001648563046
0.065453965181838 -0.223742346800438 -0.0847925926589027 0.2813780451137
-0.0770478680669053 -0.209630684413845 0.158184273682626 0.360373903705099
-0.193356875004678 -0.141476031656515 0.356451837627849 0.235049722046817
-0.251189861851837 -0.0432127753923794 0.410893653324991 0.11177923662148
-0.256353767911035 -0.0574291668316219 0.39000767590365 0.0602622078766574
-0.247389591706538 -0.107371630682169 0.367365488628099 0.0840014975253335
-0.159180874077727 -0.244348770325073 0.286797074180135 0.191392474178712
0.0275624228071546 -0.274125798417536 0.127736010977167 0.274194606592896
0.18333734827507 -0.22167925457484 -0.0384993390639001 0.214630203192947
0.250020634660181 -0.0249864457641663 -0.0868711007243432 0.132707378467286
0.203205646539743 0.136259813559736 -0.00757833712420799 0.114420919493177
0.166516905227686 0.223518353202828 0.0707286218481576 0.291082573797955
0.204874643166409 0.377615152028091 0.0432480936266051 0.396410971581778
0.360712996261164 0.221448877435461 0.0498963010931024 0.0806933836362381
0.354440777247341 -0.140358864417195 -0.148890137021345 0.0873472068120705
0.145895284672167 -0.404845358500287 -0.133797373880963 0.222125092190938
-0.119452134814658 -0.381014357375932 0.0636964905664779 0.308759636547742
-0.301034187434285 -0.260109566136287 0.231425610204701 0.196775548199561
-0.391712843707209 -0.100990707871091 0.27056844700613 0.0890851769981639
-0.39027297294659 -0.0787211379120901 0.254315623685609 0.0397331012604131
-0.382609888187685 -0.126412584179918 0.245711272632542 0.0195626639000219
-0.293136173137176 -0.324304225396304 0.228173060224294 0.0769006636098269
-0.0590761636477131 -0.417177437020212 0.165532102744244 0.147738818308457
0.19165717540546 -0.423576851799297 0.0668386159705731 0.165209329850899
0.39960080779997 -0.127193216525709 0.00734051436051742 0.150736341267841
0.358250989178348 0.203288307044984 0.00145980563802842 0.106717497834092
0.253089782610843 0.376854793435054 0.0376456536111528 0.178112849373128
0.18720954287324 0.48026207214373 -0.0308638066600566 0.22505629971916
0.405481159013319 0.346160207548706 -0.0110349417937333 -0.00997029865221461
0.470895068379158 -0.101722300208974 -0.148804702970793 0.0170455848355416
0.24279347570525 -0.481828978855639 -0.136365011122075 0.113790423253986
-0.0991756833692185 -0.496178320376598 -0.0191269581948493 0.183982002498218
-0.337360759618083 -0.358204690809299 0.0825427860519149 0.105526224114678
-0.462376444575065 -0.158078225527774 0.0942146337650968 0.0382680752223542
-0.465141648518455 -0.0897724624557022 0.0813555111008222 0.0128092211511574
-0.466469662753033 -0.113660058546297 0.0811767521752848 -0.0330805290607736
-0.397005513117201 -0.334189826016908 0.10692599714601 -0.0302252810720808
-0.161515072055381 -0.481991989767367 0.13203351450582 0.0026445182024571
0.140271310301984 -0.565831183006926 0.120381652448624 0.0629834687923363
0.475217369162787 -0.238045547122495 0.08692123838338 0.108512276899764
0.478635840487741 0.220756022918984 0.00245411997214751 0.0664612975941861
0.318278790140699 0.477685834888799 -0.0131364422890421 0.0277075196103437
0.134497000745886 0.50057860063684 -0.0793932139492134 0.0306972141969145
0.358480777578889 0.405588824992899 -0.0531820892338122 -0.0906154928764543
0.477632798617427 -0.0231762870762763 -0.101000914449559 -0.0325723367179108
0.299298690575196 -0.440995821027676 -0.071193641028709 0.00523895842598834
-0.0420646968980583 -0.509101697928635 -0.0450454258847709 0.0165238371614859
-0.305650564882035 -0.391459628649181 -0.0475656666173157 -0.0296552879881575
-0.457559860622178 -0.192718731033058 -0.0859711237491144 -0.0390382399728465
-0.468257604339194 -0.0874529044503524 -0.101391109867736 -0.0191268693231136
-0.484144717045045 -0.0831760929764756 -0.102469858335819 -0.065739237573488
-0.435157856855529 -0.292548455973321 -0.0541219970254711 -0.106338461700887
-0.223824141702587 -0.463698139982462 0.0379649154822235 -0.118062571853106
0.074698066178969 -0.602517533524687 0.107037328362819 -0.0442411434225625
0.478253262252073 -0.299234492667386 0.11050021261688 0.033392790939301
0.529208402278328 0.204438098795344 -0.0251800527184997 -0.000442131780274942
0.341311675572956 0.50828297920575 -0.0785822007011388 -0.142685821636055
0.0719162241337222 0.435722185818739 -0.104072539626266 -0.146671747806006
0.265854447732928 0.378608680988255 -0.0788056900825881 -0.133829779336213
0.39662086622473 0.0314825295703294 -0.0270111576322094 -0.0351888246236492
0.273793646740468 -0.336769210188981 0.0382339081453319 -0.0599597812783149
-0.00188099565560171 -0.422437743459179 -0.0134923989347152 -0.140114507312733
-0.23533988636717 -0.34112010730519 -0.135428894326969 -0.172903104829714
-0.378280759066833 -0.181167701574171 -0.239797794223365 -0.121874565839377
-0.400398923087995 -0.0703012690412114 -0.267390358005798 -0.0507906223768395
-0.425781777747484 -0.0529892096324405 -0.273437454219384 -0.0813415883492318
-0.395576897332139 -0.227345351060879 -0.213641386362394 -0.151554566440075
-0.226276043117247 -0.38842881727544 -0.0734465171988447 -0.200426826098913
0.0356370053390256 -0.537484730723526 0.057329173309173 -0.125629220727616
0.423967607503265 -0.286841624237885 0.08935309144874 -0.0393310723967253
0.491080254392606 0.180683808128076 -0.0716324975500881 -0.0756422430860914
0.302686523109323 0.469483219660602 -0.142390156939925 -0.306904367866323
0.0182494849665112 0.311067189547131 -0.115397748353256 -0.279657937730638
0.17754956604261 0.274847002588259 -0.0958068302364386 -0.139194630514732
0.274003927767776 0.026954909619126 0.0443650639880768 -0.0112237414010772
0.169991759350135 -0.228889003617714 0.139427498878457 -0.0891246030388173
-0.00980676240234637 -0.271947661391535 0.0280106286462385 -0.250655120975785
-0.154211433960648 -0.218382452290614 -0.189201755695553 -0.279259055058109
-0.249902451982811 -0.123772580588463 -0.349833036579267 -0.184208632314293
-0.269897931421383 -0.0406379490725083 -0.392873618557248 -0.075638544814885
-0.300771359158834 -0.0296894197789861 -0.404761928489475 -0.0878929364429019
-0.288968605919413 -0.152704789477005 -0.340685622393411 -0.178971013485973
-0.17682566911108 -0.279827047382022 -0.166204034216571 -0.256881372383343
0.0201817700738487 -0.402132792647055 0.00625993334230924 -0.183762511048058
0.326076663732891 -0.214373782294957 0.0558922764068298 -0.0992931926779359
0.374935554502378 0.149929494026338 -0.108550431543961 -0.142855668734604
0.206708960082197 0.361734119389922 -0.1838014493878 -0.436752521070679
-0.0594535921353096 -0.170960829451231 0.221541458769766 0.475617485724224
-0.202852850307933 -0.0821801684148029 0.185084897792009 0.161588254576626
-0.162636404274066 0.128109217959419 -0.0396045308703878 0.116095233418409
0.0331970697355889 0.199048891899066 -0.0170237501838192 0.261311856860304
0.117857463293686 0.104434583511856 0.233336536412292 0.321175158575729
0.122591421800163 0.0465340726829133 0.429252034949222 0.218698716265701
0.125404036644531 0.0204732373105902 0.490479595371954 0.0978462342803057
0.0990586941515469 0.000662738689045395 0.472150433880405 0.059789066419211
0.0909290920584106 0.0321363831064805 0.42710912135089 0.152912012894986
0.068341767913659 0.0822687088005146 0.265700352872178 0.291436053700443
0.0246319919529597 0.108983405584575 0.0128608779743135 0.326082070466722
-0.0572464071191629 0.10942992038987 -0.156442095051343 0.149796083488818
-0.120807961549325 -0.00693673351745101 -0.134360440389018 0.0387169311651292
-0.0623188912216166 -0.143846540742942 0.017017413011732 0.130621299059834
0.0107046313226033 -0.158441130723096 0.106456039375903 0.373118242088883
0.0706203664183374 0.011297778405843 0.197132647089736 0.53026637957993
0.00883321344826598 -0.0209919340109008 0.170876145339416 0.174964960275734
-0.0131182454701143 -0.000293129371671958 -0.0597735564531001 0.14343847965346
0.0312906126459344 -0.00599570749991138 -0.0308574720353872 0.286787886588919
0.0116757506661282 -0.0390597473213534 0.22543791984941 0.351494870743681
-0.0425391076961201 -0.0339888743613056 0.429384621747773 0.22846179850631
-0.0688560762194602 0.000125096493199594 0.48905732074899 0.104864691252047
-0.0853866404570322 -0.0273747541361739 0.466973346128985 0.0609758873451942
-0.0840583891671307 -0.0481147502094415 0.430993680152276 0.130398424470309
-0.0359994057286988 -0.0984507176209441 0.295779840612178 0.270842045611658
0.0544275367189246 -0.0868645065572149 0.0628682189728422 0.337793966166051
0.0916751450210025 -0.0330239060996744 -0.130406019138122 0.199754375507063
0.0643372295353548 0.0160369742030005 -0.141839105914357 0.0785606235939182
0.0572318681838424 0.0129122369752794 -0.00107824280465042 0.114049694918531
0.0847297225811721 0.0354792243801608 0.0975687968875159 0.355848790860927
0.168778273177967 0.20564500149713 0.135809179470347 0.504981857973736
0.21664387230625 0.0805766715404523 0.120248129486712 0.14668129716436
0.169210549105882 -0.10557790433698 -0.106102168104471 0.137987451218709
0.0604571841776241 -0.225609939606548 -0.0797813967268983 0.283729798132834
-0.0820927989164291 -0.208473450676494 0.166402766699627 0.358602360496082
-0.197629782559629 -0.136929580360618 0.362100052518666 0.227757670958983
-0.2529718244647 -0.0373582078800484 0.413806655322863 0.103021459208841
-0.257837690568427 -0.0516046996494308 0.392010320647804 0.0507856365035929
-0.249674105340538 -0.101952380112548 0.368893813854137 0.0754534277824866
-0.166012515157825 -0.241101809055395 0.292534158145666 0.185065812890298
0.0220206502003749 -0.275602184950129 0.134880166709531 0.271560833056532
0.178823975718311 -0.225389539164089 -0.0336461363854152 0.216475261791009
0.249513155727724 -0.0310467301341619 -0.0849119996238014 0.135366215848085
0.206495126469526 0.131543338752563 -0.00508459385595611 0.115488451475505
0.172347758589237 0.220043989792476 0.0769007711527613 0.28928369230271
0.213210776711806 0.373013065877399 0.0520958404723239 0.395739678922695
0.366837748936642 0.214377455299834 0.0521936731749477 0.078330270553782
0.351186164709656 -0.147714392613519 -0.147501712243147 0.0901210015732522
0.136373581730387 -0.407791584221974 -0.129834510007185 0.225556934769414
-0.129201250539803 -0.378753157634257 0.0709946405365529 0.307941158216193
-0.30746135374219 -0.254148932191438 0.236631227490341 0.192246884762389
-0.394925673147712 -0.092404312342004 0.273519486269284 0.0831933576714263
-0.39243914551239 -0.0697937591737363 0.255619063629505 0.03442298283633
-0.385919030583777 -0.118076279417307 0.247168955833645 0.0141045127606668
-0.301738284880347 -0.318292397650905 0.230710571021177 0.0714387833058948
-0.068283189632241 -0.417008239592151 0.169502800677155 0.144576429344303
0.183159766906381 -0.42733206471318 0.0702241998536867 0.164638832055012
0.396153030371156 -0.135989009835427 0.0106805178901225 0.151372189567764
0.363409209044865 0.196529299080243 0.00401178378286454 0.107099376586345
0.260204655217204 0.372836175943379 0.041538558455329 0.177771305423938
0.198237839950231 0.47696336099758 -0.0252437378049167 0.225935368391829
0.415410465219224 0.338386094888514 -0.0107347681336893 -0.0109139541792689
0.468419057023083 -0.111448715273857 -0.14845717706822 0.0197210163026764
0.232508950370097 -0.488898994135421 -0.135044345701776 0.116903104384382
-0.110195994468171 -0.494686628646137 -0.0137523552080853 0.185297825511303
-0.346744981839168 -0.35134788577224 0.0850072810168328 0.104058748404586
-0.467607430612506 -0.149679260073726 0.0952065796249213 0.0360719737956511
-0.467846094749074 -0.0783932406621322 0.082676569058782 0.0112725753438867
-0.469552814103606 -0.104161752914362 0.0800471303231705 -0.0350553531786124
-0.405815735256558 -0.326410101981657 0.106744321760034 -0.0330396751480378
-0.171836192514562 -0.47890751499134 0.132515937126679 -0.00054155620097761
0.127427744083905 -0.569395184712785 0.122994873864423 0.0609366123955696
0.471962104737172 -0.248055986622753 0.0887061495753901 0.107263049128886
0.485293548104134 0.210263563004625 0.0036410928878291 0.0674010117255743
0.328736183456736 0.471547114345154 -0.0126247867772108 0.0288655685873846
0.14616587257994 0.496464676054935 -0.0784110309705347 0.0323918178341944
0.3696914466168 0.398680316936553 -0.054577103361055 -0.0900696072586024
0.477015521828211 -0.0333159089973701 -0.101107652260278 -0.0307035099167359
0.289373783875045 -0.447740989247881 -0.0717095825996941 0.00672926922174018
-0.0527799097211111 -0.508491071907254 -0.0429562998496693 0.0179841921545837
-0.316025869823199 -0.384590777620139 -0.0480246288133392 -0.0289816424746322
-0.462458845643886 -0.181874450198085 -0.0870757588899431 -0.0375089764093002
-0.472060508247235 -0.0753173456931448 -0.101255711944949 -0.016508186421181
-0.48603039147203 -0.0722492828791525 -0.104303247887821 -0.0631842694939674
-0.443769671772944 -0.282293590759567 -0.0555454046449037 -0.105977935062732
-0.234855992371413 -0.460538197631956 0.0356721782043451 -0.11922498100204
0.0603806414839403 -0.605358578571022 0.107814812618773 -0.0459643816616399
0.472984241331827 -0.312319976544711 0.111394166300826 0.0314206261160237
0.53504498160985 0.194142045686016 -0.0255105007087868 0.000651507407465388
0.352516492633481 0.502843686309893 -0.0823679141412845 -0.140841326159913
0.0827019564262082 0.435353489082784 -0.107207912379499 -0.144979035595025
0.277855060773874 0.373345802448997 -0.080748477651631 -0.132012663741465
0.398528968677303 0.023332056916903 -0.0272193392763439 -0.0345870267170868
0.266417028937111 -0.342690408165435 0.0370664320991858 -0.0606915355616796
-0.0124235281735601 -0.422699198555927 -0.0154489218394606 -0.139199447016246
-0.244368528782736 -0.337328850774901 -0.139371464356756 -0.171009079723316
-0.383020267007513 -0.172289322331065 -0.243535565341243 -0.116931797969313
-0.403013797107429 -0.0610540524472463 -0.268836722699765 -0.0451680270432934
-0.426971334448744 -0.0434852462420782 -0.275445390806251 -0.0749683566535256
-0.402125916842919 -0.218658972504485 -0.216975344258251 -0.147177038699207
-0.235461639528838 -0.385222899618943 -0.0778014217179633 -0.199795925412616
0.021443052480235 -0.539234790832696 0.0561095405875237 -0.126311766956868
0.41882791185633 -0.296871712877408 0.0894526047321254 -0.0409308305872834
0.497482881378226 0.171153489688911 -0.0735215449758365 -0.0737089670354361
0.312705833498831 0.463290014086095 -0.149885536941505 -0.303112081642367
0.0250049791555543 0.311312030549668 -0.121939422730849 -0.27764776411649
0.184925880797364 0.271719051424783 -0.0985037913526459 -0.136895401104056
0.275678034245543 0.0211902372865014 0.044643186193143 -0.0128545343851413
0.164532882867684 -0.232965968308481 0.137861801331153 -0.0917673350846643
-0.0158210895558132 -0.272924116634213 0.0237393388358089 -0.251282831028945
-0.159404388060207 -0.215133608222845 -0.196467814290702 -0.276455339159859
-0.253265606803724 -0.118003568140986 -0.353659920127892 -0.175341272291483
-0.271065919773427 -0.0338800393122963 -0.394949489135473 -0.0678349438807363
-0.301355382793785 -0.0223282981700206 -0.407417393049481 -0.079346225638372
-0.292604177416425 -0.146893379423598 -0.345313684050626 -0.172848262978405
-0.183560229350285 -0.276029299381189 -0.172454682487138 -0.253651143676374
0.0112551736689039 -0.403502564116464 0.00338479791883589 -0.18446590449721
0.32210438939621 -0.222190281487421 0.054458442712153 -0.100519171217388
0.378976862703382 0.142535132147673 -0.111999072771475 -0.140477986337489
0.214805966516644 0.358218597100952 -0.194909818393447 -0.432045400858992
-0.0634463652239466 -0.170228640372554 0.233713254694947 0.472432696469371
-0.205871809032503 -0.0782797327542151 0.18879665338098 0.156919296845244
-0.159920048002484 0.131945063226691 -0.03731718238777 0.117055767886705
0.0380350293487264 0.198615332071966 -0.0111936648261195 0.263191013733841
0.120150154982127 0.101913212558794 0.240395788208057 0.31612180822635
0.124648683621686 0.0437826786741922 0.435158045596698 0.208694276769406
0.126216335081396 0.0177018385938753 0.4929532796268 0.0857656036224304
0.098920044766204 -0.00180315363493721 0.472888403744301 0.0473165571052236
0.0917175654555381 0.0300315140558822 0.431230343402445 0.142598266975684
0.0706870628330318 0.0802449356631665 0.274320299285981 0.286339930548284
0.0273898400699773 0.108613616765383 0.0214028499234791 0.326188054018599
-0.0541536091856779 0.111153433674092 -0.153817791171968 0.153990883190529
-0.121499251526566 -0.00385510085540872 -0.133532905428774 0.0422872227391527
-0.0658732186316202 -0.142662423939442 0.0203310003193779 0.130409198666671
0.00703271623914001 -0.159064334651117 0.116090775412353 0.370587065073631
0.0705832912586471 0.00982043781598489 0.211449743715366 0.527949059285153
0.00831363123751543 -0.0214378920380486 0.175149169622004 0.171257763584992
-0.0140146126329111 0.000720798055779126 -0.057260066370415 0.144699058101688
0.0310444486596935 -0.0069686427636933 -0.0250524348859402 0.287685236340591
0.0108852077204094 -0.0393626481426263 0.234095984558944 0.346447207367866
-0.0431602087646264 -0.033053659399221 0.434829497411392 0.219386166396508
-0.0690704115957815 0.00205259292413678 0.491499638098955 0.0915675271010308
-0.0864257741026577 -0.0253434056897157 0.468684133965076 0.0499122544414361
-0.0848453971966646 -0.0457506064870756 0.434572037319744 0.119212537806623
-0.0382569349154656 -0.0974076636326927 0.302368038389752 0.264347336747702
0.0527048573225091 -0.0883595946600129 0.0709068341997099 0.336274182852154
0.0911217490889168 -0.0351375370286749 -0.125997378066413 0.203356476428906
0.064584584037113 0.0144509952454801 -0.141026022998994 0.0820495175449243
0.0577526071113201 0.0113667179986574 0.0018566765220669 0.114021304570508
0.0865710516276861 0.0332646852060298 0.106368549274016 0.353614297936741
0.17348972536325 0.201373106895147 0.147421658210053 0.502429065255905
0.219310977498636 0.0757804255014998 0.124007012904707 0.142802119505581
0.166416072339001 -0.109170552730183 -0.104155289705914 0.139790883997676
0.0549409361372493 -0.22751647384659 -0.0744450168827031 0.286886677874708
-0.0872094239404507 -0.206678524158866 0.175381707168594 0.35548257736764
-0.200733900813062 -0.13292664291251 0.368327686981834 0.219451761443793
-0.254086340012877 -0.0309367729046124 0.416649141004299 0.0927313091652526
-0.259536173277226 -0.0456456506072217 0.393223932550772 0.0413437473920084
-0.252584566600821 -0.095846773567805 0.372001568541796 0.0660434591169421
-0.172194713538725 -0.236248525873713 0.298128852064086 0.178080645347451
0.0157211777714983 -0.276939596662107 0.141397511754384 0.26857550456563
0.173692567087516 -0.23026229882752 -0.0293424952089258 0.218437760083082
0.249498610356292 -0.0364324921448176 -0.0823467716996533 0.138115629864418
0.21049670139613 0.127422318188433 -0.00212838530272034 0.115442240212408
0.17776272541868 0.216393347884238 0.0843985278599561 0.287688625702923
0.222321022069717 0.368122114137272 0.0615513486983546 0.395374886085637
0.373194830388422 0.205703604150874 0.0538075648916135 0.0760654783314173
0.347020931746672 -0.155330172932198 -0.145666931694864 0.0926532445129391
0.126378357501929 -0.412093274733864 -0.125652374676718 0.228765632954485
-0.138118991011676 -0.376484627244959 0.0789106400007075 0.307275679752656
-0.314514505261874 -0.247187554430514 0.241356798414464 0.18618762382944
-0.397869480904728 -0.0831574712067251 0.275719394807509 0.0769133349861481
-0.39417799073599 -0.0604331791657604 0.257739682462578 0.0281661644016766
-0.389907953990818 -0.109008969181725 0.247347881580131 0.00808564645085651
-0.310158157820939 -0.311280233741123 0.233072490639792 0.06560192551372
-0.0775220235790572 -0.416439945779555 0.173279240142545 0.140037030849185
0.172818336378812 -0.431929875589587 0.0745336707375239 0.163826045385566
0.392735549846278 -0.146163638140223 0.0141641813732967 0.151770251300539
0.368796448294566 0.187509133511593 0.00629938068853594 0.10804513327716
0.270661911431823 0.36711426362033 0.0458505418180698 0.177352259615852
0.209056218938019 0.473254744359625 -0.0199633208974351 0.227105728182822
0.425057073754319 0.328717012753448 -0.0104781192241198 -0.0115107978371253
0.46568685734848 -0.121728358959602 -0.147827193684834 0.02312510992374
0.220246201475202 -0.494713821261795 -0.132978342785256 0.12066441073399
-0.122101655822071 -0.492792466581231 -0.00831740326832837 0.185767467755856
-0.355264551956196 -0.343863053295182 0.0883464073640684 0.10211636358848
-0.472800914104481 -0.137975796109068 0.0961679988736425 0.0338892435649596
-0.47093064510503 -0.0684887114982577 0.0835276157715894 0.00943254420924359
-0.473016063749925 -0.0926963867495245 0.0790317335821009 -0.0363572678124719
-0.413925759771858 -0.316934875103604 0.106189828176938 -0.0359161339335164
-0.183928154271638 -0.477021023281047 0.133200751338387 -0.0036963237324272
0.112838219655487 -0.572218622434611 0.125105156101144 0.05917525085805
0.466672152931739 -0.259801903015826 0.0910741993811872 0.105699259583501
0.490966825228176 0.200386286476587 0.00520666920520996 0.0680959632590677
0.339594260598051 0.463918393047384 -0.0125914172536438 0.0302583769092134
0.158070358574445 0.494765165869605 -0.077395776147098 0.0338507557950035
0.379493916862548 0.391411977185038 -0.0557515179617562 -0.0890637798764383
0.477246660305331 -0.0444450278061526 -0.101164270647181 -0.0288924603560171
0.27952528854361 -0.454987978358419 -0.0723524959511603 0.00847164227570165
-0.0661693081218521 -0.509150936925179 -0.0413194010327605 0.0194016528720128
-0.326371956933587 -0.378724293177014 -0.0483300814599124 -0.0281436996027428
-0.466865734458563 -0.171237812326649 -0.0880094770623262 -0.0352843411736336
-0.473339137889921 -0.0652760994390519 -0.101351382000067 -0.0139085227055632
-0.489986291707384 -0.0598152870100545 -0.105495755718477 -0.0607678113140077
-0.451215562531449 -0.270573110511622 -0.0583440287923102 -0.105419913705126
-0.246422227287122 -0.457027408807164 0.0338547024193813 -0.120868443546682
0.0441717508517691 -0.60844951510439 0.108717482110887 -0.0482868907338873
0.466953849233068 -0.322798730543958 0.112452065426707 0.0292351735352379
0.540373287987153 0.182108340644987 -0.0254135248638811 0.00196317944073126
0.364073670001146 0.494482241967466 -0.0862499990500006 -0.137931109807809
0.0924871563702226 0.433700400544742 -0.110461832493226 -0.142414948424417
0.287321254411197 0.367848117859879 -0.0830630984761555 -0.130764590110512
0.399121792816041 0.0133844019106342 -0.0270190625413377 -0.0343665913947778
0.258704139569579 -0.349666149855573 0.0354773662424253 -0.0619088350100808
-0.021553897419093 -0.424086220387217 -0.0169230275806344 -0.139116381532777
-0.252710312570745 -0.331452108121657 -0.143918678428057 -0.168730934287344
-0.388375241804643 -0.163354953372804 -0.246599595734912 -0.111212745665109
-0.404213624432848 -0.0510098251350058 -0.2695845665683 -0.0383369776664283
-0.428790867625378 -0.0327873812133243 -0.276981811551753 -0.0686098202703043
-0.40725839794876 -0.208788953208891 -0.220973895283247 -0.142607514675812
-0.244168800046126 -0.380974645334495 -0.0817871029462002 -0.198631574406316
0.00791886637120745 -0.541325039285161 0.0543307318311854 -0.127277096504369
0.411875717336318 -0.307429759466366 0.0885118188569585 -0.0431229491818965
0.502363883974411 0.160160465290026 -0.0751735080042002 -0.0714769181439964
0.324642356222984 0.457457842097623 -0.157644335876723 -0.298835950224259
0.0325839918340458 0.311319265589407 -0.128328547050155 -0.275606325470814
0.192212869101649 0.267393056119376 -0.101478871920913 -0.134908070422365
0.276545342018632 0.0143872649942489 0.0450886743338301 -0.013343751512427
0.159553796338334 -0.237218180913659 0.135637638507625 -0.0952537658480567
-0.02309637505163 -0.273406635337317 0.0183436955583462 -0.252413779186487
-0.165931504132927 -0.211393582292477 -0.202572894167404 -0.272046031432273
-0.257492978689759 -0.111881502039744 -0.359007615004126 -0.166266108076823
-0.271805571938275 -0.0275450391836465 -0.396736742916555 -0.0580553531734434
-0.301938574038816 -0.0151554717120298 -0.409078799579521 -0.0697240041514927
-0.297393968230199 -0.139964215109734 -0.349824416077573 -0.165146967529691
-0.190817358412607 -0.271744281925191 -0.177696706374541 -0.251055000023382
0.00131897423830007 -0.40435953140295 0.000308905556194243 -0.184424781650159
0.31728212276271 -0.230259967924891 0.0525535501222895 -0.102655929155231
0.383654415649934 0.13487749731676 -0.115087022338498 -0.138250157957343
0.222134178850327 0.35330901583007 -0.20482667162215 -0.427396955033366
-0.0671379585944624 -0.16902787683886 0.244021028729756 0.465654016515262
-0.208228772505876 -0.0730301974424162 0.193138786341494 0.151279160334156
-0.157232494492038 0.136878316201812 -0.0353885430645488 0.117982205784435
0.0434381655714179 0.19762530432703 -0.00575685325204155 0.263740438931617
0.122930840939684 0.0987601255229996 0.247247452127796 0.310241622431029
0.125335026044811 0.0403744579987377 0.441504549327546 0.199198274295282
0.127073200474564 0.0136031812938633 0.495407731860721 0.0734418610523485
0.0983288668652396 -0.00394856583595963 0.473768565261498 0.0363455557989852
0.0925135906369262 0.0281185239623337 0.435063135269405 0.132102254361306
0.0731581889616611 0.0785863159965834 0.281838558992341 0.279128825589502
0.030309378800889 0.107890392113915 0.0280568837512516 0.326192874145654
-0.051431331900923 0.113046581495327 -0.150400619731626 0.157444158671966
-0.121803663264233 -0.00143716647711026 -0.133159263284615 0.0460053889419433
-0.0696797261382862 -0.141291053818227 0.0239732231140154 0.130047421956382
0.00380382435313379 -0.159105151455105 0.126186597830994 0.367488007169355
0.0715273988472426 0.00795331445559581 0.225667868801577 0.522437350617452
0.0076638851056514 -0.0222499930247567 0.178989465724161 0.165457957950748
-0.0143825040767858 0.00128380129174336 -0.0542069260094217 0.146492692928402
0.0311230001444233 -0.00732929207470025 -0.0194943815127029 0.289258313098472
0.00950460477970556 -0.0397128215770289 0.242367213930181 0.34066604331056
-0.0442156134819967 -0.0319297774593585 0.441014662953191 0.209011199706335
-0.0690045931304887 0.00355409875076472 0.494942068474863 0.0804990211030556
-0.0874143027530519 -0.0231751690330292 0.470938454428206 0.03813727599208
-0.0860571558331931 -0.0442124266543206 0.43646553804747 0.108714177687754
-0.0408508824443717 -0.0967860073371746 0.310014688273886 0.256477237016552
0.0511727749025776 -0.0904050123702703 0.0790444065082445 0.33552233105614
0.0902810853119297 -0.0370804482711484 -0.121227972697446 0.206891297650458
0.0651616890846461 0.0134054274310057 -0.1394641088855 0.0863116446788673
0.0582631045681505 0.00994081541822059 0.00446834931140417 0.114351797636951
0.0876788190480083 0.0311441760052487 0.115590361301915 0.350699645717881
0.179412432861087 0.197474552130329 0.15990471192016 0.499339430554345
0.221756819890943 0.0699351285507435 0.127308209928591 0.139439728504156
0.16321332518173 -0.113250104089352 -0.101184304686531 0.142398564732118
0.0486859951230951 -0.228756596692885 -0.0690505884717828 0.288846317311495
-0.0924047753489612 -0.204900245727325 0.184915580932091 0.351973842396568
-0.204813202073912 -0.126955546343345 0.372607135002013 0.210990960346076
-0.25586716355991 -0.025297755117811 0.419415240472107 0.0821989805809248
-0.260967377801009 -0.0387579153663185 0.395034881965501 0.0314634472977692
-0.255115974466717 -0.0894866304426365 0.372985670321126 0.0579345253329333
-0.178342798315889 -0.232772380407315 0.303158602896025 0.171090744787988
0.0089397730387431 -0.278158993125002 0.148375030578901 0.265975096955949
0.16773580866561 -0.233594157845782 -0.0234755216678601 0.219433989353534
0.248429412810854 -0.0422309405979907 -0.0798767727205866 0.140715564925694
0.213926719506185 0.123321892772644 0.000687939007053605 0.116226067560843
0.184170793681724 0.211495052103559 0.0920279218454978 0.285998040303242
0.230136927893009 0.36345434765332 0.07199256717139 0.394144872333767
0.379701735858221 0.196669082644093 0.0568640805529807 0.0738611920466472
0.343626591849727 -0.163331327327002 -0.143926697521924 0.0957084496115102
0.115778501345291 -0.4153425906078 -0.12205828929138 0.232788729906815
-0.147621540013868 -0.373490523800674 0.0872837782354421 0.305640285301759
-0.321499190570568 -0.239064641377057 0.24553610467949 0.181234941794669
-0.400537493120573 -0.0725280333771663 0.277512507259981 0.0705105539031389
-0.396736038742272 -0.0502910773468936 0.258490848216408 0.0217313346055918
-0.391941190619414 -0.0992277009645393 0.247174395987606 0.00168654240155419
-0.319074998078931 -0.304494854781645 0.235686508815006 0.0598746262357221
-0.0886535601518582 -0.415565281565456 0.176896109622091 0.136437052026926
0.160744894440431 -0.436227907276666 0.0796691943318778 0.163388547276745
0.389801102349677 -0.1561863224964 0.0176619306152942 0.152510964064344
0.374756422673699 0.179762375191748 0.00867046621657013 0.10806189598075
0.279983115586895 0.359834047608247 0.0496480111402863 0.176840026613785
0.221077774884831 0.468963311130496 -0.0142498754776114 0.227627518592113
0.434704332126767 0.318882483247711 -0.00998046476409441 -0.0116008556418598
0.463216034276903 -0.131532150415596 -0.147388866798592 0.0260814436977698
0.208326872126395 -0.499433577423114 -0.131242028885417 0.124188461963947
-0.134172769526453 -0.490541545986861 -0.00218377219237997 0.186435885131273
-0.365436730741709 -0.334465440714841 0.0912992557115423 0.100332902951558
-0.476665357869379 -0.126545914837079 0.0967847104977953 0.0315743810254255
-0.472950853402869 -0.0558239566873615 0.0841347433757799 0.007335651481157
-0.47573401154519 -0.0805375059192571 0.0781601158243914 -0.038688402556182
-0.42382602618181 -0.307312330159286 0.106403757273645 -0.0391002794686392
-0.195913825456377 -0.473988647368375 0.1338369546846 -0.00749553148505854
0.0990437121665324 -0.574728902304128 0.128009530193779 0.0569842674822677
0.46129280295489 -0.272289889913585 0.0935661028676502 0.104401423389195
0.497159498060032 0.187719701509111 0.00660945437528374 0.0683820551666415
0.35205020974273 0.456439421406312 -0.0124613478387939 0.031147453850329
0.169130508218012 0.490592043338468 -0.0763829198839793 0.036295997021525
0.391938014152509 0.382054897626869 -0.0572495687804942 -0.0882071123804483
0.475738067684129 -0.0558890768381105 -0.101396974272866 -0.0262980138465283
0.267559585320374 -0.462596132643242 -0.0723502127438421 0.0102649579671547
-0.0793146915732346 -0.507709403983272 -0.0390452943176203 0.0206280416856646
-0.336999126497155 -0.371301938705691 -0.0490733349634205 -0.0274882208136689
-0.472732776820002 -0.158404170142871 -0.0890487273204757 -0.0332314141288017
-0.475882861331977 -0.0524672405453109 -0.101060453463305 -0.0115505855683938
-0.490822098319814 -0.0473164509392553 -0.107335613796816 -0.0586623802736342
-0.459687485152302 -0.259903319266736 -0.0603997360813251 -0.104014829611056
-0.258044411973777 -0.452747081561279 0.0311564271032843 -0.122309152834469
0.0286385528065955 -0.609527674044526 0.108241767816261 -0.0499770934343041
0.458445551868305 -0.334528914139946 0.113288875812648 0.0264871301118253
0.546667066796578 0.17016161037683 -0.0253750015996802 0.00301615527523753
0.376002023471211 0.4872461976197 -0.0899673382984111 -0.134854661393248
0.103225427097686 0.431433106622898 -0.113681327806304 -0.140311427345395
0.298187142461626 0.360337836612696 -0.0856864873657808 -0.128360058319328
0.399674892392287 0.00443531340931213 -0.0272120504865661 -0.0336246535176877
0.249035544188864 -0.357158529005653 0.0337215900837953 -0.0628048789622133
-0.033508694582181 -0.423890153305072 -0.0190726922372842 -0.138261810408324
-0.262322712031768 -0.324795041074709 -0.147816954362038 -0.165482200730132
-0.39334000214692 -0.152890609253179 -0.249306843823681 -0.104859575784228
-0.405958989138263 -0.0409366051583091 -0.269829235206691 -0.0320323534717921
-0.429690130733862 -0.0217844580637912 -0.279032301584199 -0.0619233283639769
-0.413273411905276 -0.198882033820817 -0.224389953951322 -0.138079836273078
-0.253637381587594 -0.374929276779252 -0.0864145527809576 -0.197571913427421
-0.00471588909588353 -0.541370408713828 0.0527814957567131 -0.128242026643077
0.404757454638198 -0.318635346805854 0.0879676005646284 -0.0455798682983151
0.507378633285706 0.149172899293399 -0.0771082196933531 -0.069457370595752
0.334636576217599 0.450790466115845 -0.165441629354305 -0.294623942200497
0.039698679662998 0.31165863795047 -0.135302987998756 -0.272817312085924
0.200206065856611 0.263469983770724 -0.104485288783868 -0.132542279766782
0.277688990271441 0.00738261922314972 0.0451184474743742 -0.0143745998887986
0.153130925761629 -0.241634688966211 0.133623155550902 -0.0989595843358996
-0.0300019391277657 -0.273191119522645 0.0140042405983464 -0.252525273786484
-0.171009670276971 -0.206917752660028 -0.209716057250953 -0.268736339365866
-0.26020913909055 -0.104984530896113 -0.363399170631065 -0.157673707896978
-0.272526162029547 -0.0207692116420278 -0.397694168973941 -0.0486882669971751
-0.302763215457435 -0.00718108384759391 -0.4106890493252 -0.0587473095785497
-0.301242636990943 -0.131879555995485 -0.354705881466319 -0.156094127409256
-0.197655471282038 -0.268545118706103 -0.183545098452126 -0.246875098388559
-0.00984059068254709 -0.404215723670624 -0.00204155729149745 -0.184926394345387
0.312126423717814 -0.23753780888931 0.0502126941580773 -0.103790650485521
0.387166651358406 0.125613044209925 -0.118386314152485 -0.134343438172507
0.229897392203371 0.348748253872404 -0.216127252032772 -0.421265550843739
-0.071283764780197 -0.167389101428827 0.256903178716117 0.460038009186941
-0.210900937634257 -0.0675360802035697 0.1964575559624 0.146121918874807
-0.153354433790098 0.140855229803503 -0.0331941725790556 0.118648614677239
0.048987750996814 0.196002711013577 0.00021676354147786 0.26360940886507
0.125443494896207 0.095529020782242 0.25416989531217 0.304458891750842
0.126641776820628 0.0368500525415413 0.445686354303817 0.188497586370274
0.127385454480655 0.0101439139325054 0.497104661773542 0.0595425322508909
0.0978028956670035 -0.00730285571036359 0.475148584951495 0.0244446712000608
0.0931183211630156 0.0251844797964536 0.438107964142294 0.119486822639559
0.0756149561349633 0.0769886471192595 0.289519478527134 0.270662491724751
0.0335901234543941 0.107027354490428 0.0374976585340046 0.325621332872343
-0.0484521632150281 0.114315099350702 -0.146686762127633 0.160842339141058
-0.122134889569073 0.00242394386382193 -0.131861729573748 0.0499937933815467
-0.074070446804882 -0.139500279830386 0.0277460865468141 0.12941401939465
-0.000398524416006883 -0.159144935157248 0.136401661259928 0.362936147989543
0.0721930750067346 0.00577424897861245 0.238403476179321 0.51626030579658
0.00681382316253311 -0.0227447648829387 0.183399792847073 0.159821694596456
-0.0147843521519904 0.002064791230608 -0.0512510934486456 0.147718791547203
0.0309413397132695 -0.00858044114441739 -0.0124234742304957 0.290030470748794
0.00877023569794315 -0.0402294986047371 0.251094498404971 0.33481138459766
-0.0449478754126172 -0.0309743615949626 0.44499477373464 0.19693873756954
-0.0689962087281018 0.00509863707267604 0.497251225023846 0.0667466124031167
-0.0877301920471495 -0.0208042405662909 0.471569742037169 0.0247977331347227
-0.0867932081304203 -0.0421968712343068 0.439084669924094 0.0969429781173819
-0.0434495714678591 -0.0953421238008315 0.316811785484158 0.247657967640937
0.0491539312597248 -0.0922848697165247 0.0886771281914077 0.333249722133652
0.0894854017099411 -0.0390675729869072 -0.116284519943627 0.210081812627479
0.0653654345244667 0.0119371977840205 -0.137604756487029 0.0900189415114402
0.0585238784884701 0.00790247745436135 0.0076735064742352 0.114216001458831
0.0889506472223164 0.0286254159877317 0.125365917526137 0.34631875082924
0.184155938471821 0.192333734937025 0.172875955429223 0.495297178133156
0.223217306927891 0.0638331766243944 0.130874835531406 0.135249129854089
0.159435581137299 -0.116571969561181 -0.0983118421722724 0.145029317621412
0.0420150399231917 -0.230729435362573 -0.0620840057948468 0.291291219649735
-0.0980531230898012 -0.202554164898736 0.193207971255318 0.346056312865253
-0.208418619992043 -0.121560896902403 0.378354339864712 0.201096439105121
-0.256468462771497 -0.0180532378658728 0.421354339576062 0.0708863491474171
-0.261779593223889 -0.0313912356517025 0.395947932339835 0.0200589954636912
-0.257353385637791 -0.0828987788629532 0.374274137918334 0.0470140392803349
-0.184753341240625 -0.227934095022091 0.307632940830731 0.162601946154345
0.00196023210759708 -0.278884381176391 0.156066121193634 0.261903420466103
0.162090948140068 -0.23843264462631 -0.0174291739495073 0.22068910080366
0.24771513237961 -0.0485041896625483 -0.0759936154266202 0.143411852084219
0.217479898270527 0.117484249167491 0.00347636201661588 0.115801983770459
0.189300233568383 0.207032969811454 0.0995338363254132 0.28359069206312
0.239916243066941 0.356707770458556 0.0820218170543253 0.392237409484619
0.385090354069505 0.186777411837569 0.0586054105923847 0.0713685609794635
0.337721814379506 -0.173226844649462 -0.14133394523315 0.0993613266787001
0.104461954963355 -0.418495920613032 -0.116977870053983 0.235157618827806
-0.157618529558133 -0.369782982867808 0.0964456096421829 0.303126923081346
-0.328439007319409 -0.230222230042521 0.251092471824702 0.174179571852196
-0.402564480590428 -0.0612624902875152 0.279787249854986 0.0628790373715288
-0.39744228110652 -0.0393560220134188 0.259423909645914 0.0146829191843863
-0.395307690243818 -0.0884550508196969 0.246874996275368 -0.00510133776215516
-0.327818439156661 -0.29486312357266 0.237616232620066 0.0530231071956605
-0.0997198646375958 -0.414420617506969 0.180930971366805 0.131264492210262
0.150610174414798 -0.440682999597093 0.0844234178696972 0.161961133523194
0.385896863395874 -0.165162321007679 0.0205210852088653 0.152516298230913
0.37929200101383 0.170321524680431 0.0113670098286431 0.107936476703641
0.289460960745236 0.35205604488318 0.0544285559965175 0.175071831688375
0.232248703968049 0.462529693098078 -0.00751946314177649 0.227710436489138
0.444124861704735 0.307444198502443 -0.0096866178581141 -0.0127284188260538
0.457940333176518 -0.143734746967749 -0.146056018842119 0.0289860495685932
0.193862332042518 -0.504397762658942 -0.128943552050738 0.127732647175963
-0.147967036510886 -0.486679761641238 0.00382119507930005 0.186468007458049
-0.374868170533028 -0.324706491746912 0.0935526541128304 0.0972363065476448
-0.480378529559479 -0.113522818542186 0.0978921882497893 0.0285773143417604
-0.473676631274886 -0.0429857806136597 0.0850766289218667 0.00493126661409387
-0.476942621620207 -0.0675684016853227 0.0764700232955959 -0.041102442162784
-0.431753340026158 -0.294733471798175 0.105253564641043 -0.0424632722284877
-0.208400477438673 -0.468314557555325 0.133504301176595 -0.010803625195693
0.0818330367069267 -0.577702520711181 0.13031638749875 0.0542823082692008
0.45354266959106 -0.283304098007662 0.0958783183456616 0.102110350392964
0.502506582278127 0.176270578809891 0.00813321344711553 0.0688297416932359
0.362650093643334 0.446900516957662 -0.0120936715596314 0.0319300125786041
0.18202526078412 0.486369060841774 -0.0750028956104313 0.0378805261687751
0.402509236776816 0.371691861975098 -0.0586190928766689 -0.0875823730954847
0.473719718242899 -0.0682706072792743 -0.101705644519046 -0.0245157511194824
0.255508220931373 -0.470543567123305 -0.072673047049081 0.012053672992708
-0.0939105192973367 -0.504954348114784 -0.0372320312013949 0.0219942799163715
-0.346415350910251 -0.360806198798857 -0.0495493995945713 -0.0265130655206108
-0.477564204615717 -0.145446335446402 -0.0903685147355379 -0.0306383564469985
-0.476210067021055 -0.0388677569610739 -0.100886792130729 -0.00880845949595638
-0.491164958249392 -0.034693677416793 -0.109177503381379 -0.0551454356885685
-0.466564632306977 -0.24854771044778 -0.0629802589199224 -0.103149271131711
-0.270293690010183 -0.445371318495394 0.0285344804723225 -0.123413758922874
0.0128909771139483 -0.610465537216723 0.108250862238827 -0.0520554603324519
0.450400090087792 -0.347250960389076 0.114322642437145 0.0240428203359793
0.551169319754481 0.155949964828068 -0.0255052699463342 0.00443487574032822
0.38848612192864 0.475144753022236 -0.0940899764542062 -0.131469589806751
0.11342960464428 0.429355560037742 -0.117441941200901 -0.137239975468618
0.308758647949001 0.352830628786642 -0.0884817961864429 -0.126691981131528
0.399602216285208 -0.0064227164200804 -0.0277284031132649 -0.0330052095449973
0.23952708151307 -0.362810895599499 0.0318330429829752 -0.0634371343869251
-0.0445107476496059 -0.423311488415786 -0.0209507904287014 -0.137599097529994
-0.271570619781727 -0.318142502489783 -0.152239361036577 -0.162266465192786
-0.397852644631797 -0.14158443109442 -0.252390307082646 -0.0978719971959384
-0.405844156992895 -0.0293318291060446 -0.270398989034822 -0.0243868064154766
-0.430457143323738 -0.0102284444969619 -0.280389671597678 -0.0544006514876944
-0.418673731684597 -0.187015002710151 -0.227491915030619 -0.131994117626871
-0.264594412869601 -0.368522442095247 -0.0909956633118401 -0.196045917457577
-0.0208385563408867 -0.541107278641463 0.0511530949639677 -0.130145554621021
0.396839890626043 -0.329001583481587 0.0868365420164036 -0.0477427161794882
0.510937483203224 0.135517972309558 -0.0784383444842818 -0.0664000168062863
0.346149951771843 0.440546794040199 -0.173848279598592 -0.288646314072
0.0486753660999815 0.310438537184983 -0.142795967236582 -0.269576959731053
0.208122105359757 0.258396793239489 -0.107802993281791 -0.129240669343153
0.277495472418064 1.88491895718769E-05 0.0453205374143131 -0.0157162787539315
0.146191993952965 -0.244985151633091 0.130997369213457 -0.101975403385526
-0.037854980797003 -0.272409799283245 0.00834671306981423 -0.253313724989286
-0.177437841318597 -0.201996361971426 -0.217092902884618 -0.263254542821774
-0.26386294658049 -0.0974757374149558 -0.367947388459831 -0.147571847705255
-0.272824494325394 -0.0134199372750423 -0.397939419101659 -0.0372500057988422
-0.302018094657781 0.00126897396346256 -0.412330561911318 -0.0480441528472167
-0.304589215635565 -0.124077283149962 -0.357881341292639 -0.147630383288113
-0.205055246817482 -0.263363772688468 -0.189703936183478 -0.242838944662133
-0.022032962328446 -0.403351204677245 -0.00578295449803567 -0.184476341345607
0.305815450357144 -0.24649295675443 0.0478565085206389 -0.105555835074964
0.39105235885441 0.11521276291677 -0.121533763449461 -0.130227939132225
0.238154380940818 0.342558583009094 -0.227250253618594 -0.414747707549272
-0.0753787411749173 -0.165380088281773 0.267661157912971 0.452553986098567
-0.212778947812102 -0.0620675519343409 0.200051651699358 0.139935813432917
-0.149414481060856 0.145008818295563 -0.0310980579501662 0.118980508985406
0.0541260245529122 0.193763689413396 0.00751711367322263 0.263409818583215
0.127866722072166 0.0917186518599482 0.261250817873833 0.297034042201268
0.127278717604761 0.0333253073206722 0.449429598544366 0.175531317168665
0.127933124436827 0.006137828378532 0.498067331836065 0.0469525214414213
0.0971914534533243 -0.0101892494130673 0.474184273906605 0.0105289234664985
0.0938544508628634 0.0218647503297223 0.440543606641479 0.106632379466886
0.0782570520340374 0.0741629887299453 0.297015349584016 0.262604367625302
0.0368106075657673 0.105897387698139 0.0459877206770977 0.324347291824134
-0.0444143146673666 0.115932274633255 -0.142451033523004 0.165123222229071
-0.122228242293005 0.0062780848931839 -0.130447815748488 0.0536347300526033
-0.077869085978751 -0.137662076753491 0.0315506366982591 0.128404483617192
-0.00394275484252692 -0.158944241895233 0.146599171116152 0.357616523606414
0.0721725794991436 0.00351809942269258 0.251890539774574 0.507769321329776
0.00624901704514349 -0.0229874897069037 0.187041603037926 0.15381552938263
-0.0148901722942481 0.00288040852022644 -0.0478780709886211 0.148697226531577
0.0304515520600479 -0.00991946916418997 -0.00545695386943371 0.290980957797367
0.00730088371438989 -0.0402899703188937 0.259252151115599 0.327419418056102
-0.0460499807040677 -0.0295304294850145 0.450318811858743 0.184680350585476
-0.0687587325394808 0.00691348594572013 0.498650920044737 0.0530590448406859
-0.0880237249891732 -0.0185537377982018 0.471396317987206 0.0119278400049173
-0.0880168883795189 -0.0391944668912246 0.440928960903996 0.0838887833570929
-0.0458656443114183 -0.0937930451337941 0.324577815892456 0.238091896230343
0.0467556480878172 -0.0939075287825805 0.0984576594427114 0.3297812156152
0.0887237883718938 -0.0412789116162929 -0.109995080326452 0.213212299555405
0.0653624934968925 0.0100202765922971 -0.135161406094632 0.0948058524952854
0.0585578620690416 0.00661258195996331 0.0109308530202806 0.113476415544881
0.0899799041560404 0.0261970899641784 0.13526566943437 0.342254079455822
0.188847689643904 0.186657950873112 0.186998427404936 0.490069390887122
0.225325206860131 0.0575480197156431 0.134681514434255 0.130465521817229
0.155613073190205 -0.120856581012259 -0.0949917980925503 0.146991360289626
0.0360978471766106 -0.231175339346015 -0.0553142169723672 0.292651288617838
-0.103598664474472 -0.199762360426902 0.20303901500123 0.340462003027704
-0.212501905376841 -0.115687896079673 0.383200040792154 0.190414908965298
-0.256512022324645 -0.00992698456803298 0.423622389217538 0.0582471132166172
-0.262023811299001 -0.0240399071551069 0.395769623908461 0.00913497573005689
-0.259875955515923 -0.0757799306097402 0.374740582205171 0.0360739674078976
-0.192079513725691 -0.222423366894306 0.312329969644159 0.153139440132978
-0.00536085757059766 -0.27933656666223 0.16313313709525 0.256688270332957
0.154639898646093 -0.24196745104471 -0.0116247574716415 0.221134381873343
0.245704862700979 -0.0550834334837197 -0.0731192791994296 0.145882350048582
0.220553817379225 0.111555679551573 0.00673484916730077 0.116219181304615
0.195665990082199 0.201296554144827 0.1064739073732 0.279572939450117
0.249403858305046 0.350159014898721 0.0935090608771737 0.38901152759447
0.390425567090622 0.175598059997004 0.0606923870818025 0.068749773054844
0.332649595444474 -0.180185243813613 -0.138954174775975 0.102296536667309
0.0914972017596905 -0.420415131041508 -0.111017833718222 0.238981478907809
-0.167606001575271 -0.364948826785538 0.104828086253232 0.300343667791182
-0.334959908048082 -0.219555985996586 0.255027620521074 0.166920370110015
-0.403670772776834 -0.049507145789267 0.281099880529833 0.054758162539353
-0.398369347810395 -0.027273948614326 0.25867476990244 0.00722100411214625
-0.396746797882096 -0.077730130808844 0.245691808915568 -0.0120995592796133
-0.336132874505362 -0.284910606837682 0.238573989986277 0.0460416284098164
-0.110969914741856 -0.410688384345562 0.18521077157801 0.126176122165379
0.136392555721895 -0.441872709360021 0.0888335775701745 0.160118434320005
0.380270443702702 -0.176522311274058 0.0241019724875786 0.151798367472218
0.384396562050438 0.160070985559982 0.0142673021861163 0.107423980439514
0.299313765406733 0.343429367977194 0.0585740471574409 0.173426196051955
0.245293234953079 0.456078255804316 -0.000781840629296821 0.227569617760125
0.453237877784688 0.294775398477941 -0.00948500651699062 -0.0131238182016165
0.452408928620625 -0.155983683145091 -0.144914992140822 0.0325804625250044
0.180289692892723 -0.510098114629826 -0.125795881136745 0.130596683897971
-0.161851749392261 -0.48225609835388 0.0104269523070634 0.186111174656849
-0.384172205425815 -0.312551806675556 0.0956753702038177 0.0944540365235796
-0.482725893787501 -0.0970647446937912 0.0982091618489146 0.0260154203361928
-0.474074991038297 -0.0291501083566517 0.0857184281537151 0.00249406884724352
-0.479793908767109 -0.0540272296303896 0.0750811007485722 -0.0429404222484679
-0.441563173369618 -0.281234467981815 0.104168823702175 -0.0460578121274365
-0.220649428715694 -0.463931932251738 0.133720251063526 -0.0147933225346599
0.0659756871956462 -0.578896164808486 0.132609883947622 0.0512047479049375
0.444481569877005 -0.295830902100465 0.0979644714499662 0.0996364908330347
0.506835446388378 0.161736451314324 0.00990723652852457 0.0693030281769981
0.37540285721042 0.436074106323676 -0.0115697573057782 0.0326470541371147
0.194297999976142 0.480515623818673 -0.0735347602007291 0.0396966241111381
0.41333595212006 0.359418283469933 -0.0604437346635196 -0.0862868218273441
0.471256042399508 -0.0802287676525387 -0.101335215242787 -0.0221119349645305
0.241031809291986 -0.475261065843589 -0.0725782002587192 0.0144924609044629
-0.107083060724007 -0.502083973497475 -0.0350809676913488 0.022612057956963
-0.358036860926288 -0.349685112650215 -0.0506510923225046 -0.0253300339899153
-0.479644151082818 -0.13068130534089 -0.0908889812010738 -0.0279429404506116
-0.476879480095772 -0.0251972670830119 -0.100427965646434 -0.00595395398395249
-0.491325273525037 -0.0199336135138914 -0.110263876096873 -0.0517449121290648
-0.472217268238072 -0.234314568330642 -0.0657665912372617 -0.101159527993954
-0.282194079374945 -0.437867458304131 0.0255350460169549 -0.124339472452699
-0.00638461941222869 -0.609482229029457 0.10784544219504 -0.0548230684238232
0.4390006321104 -0.357793901737453 0.114496742420292 0.0208930893774086
0.55539012363231 0.139206704869575 -0.0255216731101425 0.00585177042413306
0.400486553041822 0.464469873735248 -0.098131826493268 -0.127281370640047
0.124808656039369 0.425082188793546 -0.120555834816337 -0.133904659613573
0.318718983844691 0.343103166070932 -0.0913781897865964 -0.124537117739988
0.398999541883995 -0.0167915352454471 -0.0274483247318212 -0.032388637821704
0.229221065461618 -0.368196532784188 0.0295478616687576 -0.0637953911203352
-0.0570545120785024 -0.42183296814942 -0.0237467252802802 -0.137110562226081
-0.279613679662228 -0.309008327844712 -0.156716269312758 -0.157916193571495
-0.401305938465025 -0.12973623580889 -0.254467325112791 -0.0908770503031773
-0.406195028955068 -0.0177841106894002 -0.269890003777043 -0.0166600129499289
-0.430377983491384 0.00240125733150206 -0.281252958087443 -0.0465607400217841
-0.424638513809998 -0.174746045046333 -0.230846271064403 -0.125572835377372
-0.274538078048491 -0.361067600433833 -0.0956768543366369 -0.193312033632264
-0.0364235157314747 -0.53850078101299 0.0486138128903395 -0.130690025267358
0.385897168352414 -0.33860029943542 0.0860081856887863 -0.0500533692283612
0.514963402997285 0.123629246549335 -0.0798322221923732 -0.0637494286238749
0.356445422604957 0.431147234351554 -0.182108196451991 -0.28240942772182
0.0565784447928526 0.308377121839634 -0.149754240387217 -0.265251679417665
0.215695590763646 0.251646658575976 -0.110729512712943 -0.126193663602523
0.277534677879106 -0.00775543845456832 0.0453042341082947 -0.0168829237197848
0.139571742283804 -0.248904397538468 0.127957196878667 -0.105426382689597
-0.0459174807393 -0.271804247993797 0.00267993246743271 -0.25292447725143
-0.18348978495198 -0.196434596095418 -0.224390480711125 -0.25676447163319
-0.265710630053344 -0.0892934586930861 -0.371730722727295 -0.136954722525932
-0.272873830277913 -0.00529048341870507 -0.397803972339971 -0.0263451576423462
-0.302042946000222 0.0100210303010754 -0.411961550361405 -0.035922736771519
-0.308139698834416 -0.114639590126862 -0.36080622285462 -0.137286572426203
-0.211999330492092 -0.256985170644619 -0.195629049510443 -0.238801477619679
-0.0334688934236487 -0.402054887492325 -0.0093883149558154 -0.184216652108678
0.298761530011173 -0.25469243813581 0.0455108588327882 -0.106872545171364
0.393201519110114 0.105279271373894 -0.124634962915828 -0.126206794279734
0.246907946069322 0.336980095734969 -0.239653130107977 -0.406776681659734
-0.0794083798227322 -0.162968056677816 0.280207408610926 0.44337194056627
-0.214581741015386 -0.0557632351104028 0.203155160173639 0.132366616565678
-0.144818457005451 0.149002797208562 -0.0283678009551904 0.120043043902616
0.0597926910102582 0.191428525883458 0.0137855048067319 0.263163221877673
0.129859467571746 0.0878757913712185 0.26723460221188 0.288374087606546
0.127920237889551 0.0291534141504247 0.453778239628395 0.162205419604179
0.127299591238555 0.00208700481628503 0.497719081332024 0.0314568036080016
0.0965684339901607 -0.0127394665196194 0.47185610195328 -0.00269452638865989
0.094102462995357 0.018830086067318 0.441365471017423 0.0937460586192531
0.0797831654431517 0.0718862084122879 0.304279497995666 0.252290902043387
0.0398621767812028 0.104355484330001 0.0550634875111604 0.321880579604614
-0.0407664600208362 0.117233718155556 -0.137840079098519 0.168034917528426
-0.121318863091795 0.00975308478156552 -0.127930692230986 0.0572301229485335
-0.0823677975632624 -0.1351637288601 0.0359490390114293 0.126581807630366
-0.00829907512558813 -0.157780251596586 0.15685619903426 0.350513135282445
0.072484879134185 0.00110056724787727 0.265436457725371 0.499363585520452
0.00548204749733437 -0.0233591836586314 0.19039928069836 0.14727847475352
-0.0152132638956609 0.00353929384100198 -0.0443767315212109 0.149182699697556
0.0299330622852778 -0.0106185039740982 0.00255660369017729 0.290360904015738
0.00620884704269187 -0.0408476985785061 0.266279385439712 0.319220880344862
-0.0469317310851693 -0.027885262244311 0.45425406972929 0.172364840144734
-0.0677184033865475 0.00925767919500452 0.498627365911005 0.0375201155565908
-0.0887634359281811 -0.0153700434405185 0.469177424472614 -0.00203152799454214
-0.0891600831544694 -0.036775460186899 0.440901683025899 0.0708375284766468
-0.0486473712698041 -0.092448202994762 0.33033448860815 0.227595929807866
0.0437885242421869 -0.0949402600852453 0.106388633087636 0.326512506843704
0.0873692001620348 -0.0433838842821378 -0.104187154779591 0.216288694255935
0.0653148786113031 0.00878835915931446 -0.132909471319522 0.0982584116528353
0.0582848921744435 0.00528499271297699 0.0150231512701047 0.113037238999207
0.0909860521289145 0.0230809967140833 0.144597955087152 0.335912606481609
0.193898983111083 0.18069539652725 0.200441856010063 0.481708004182216
0.226426913569981 0.0505920332541886 0.13758618798254 0.125070982991035
0.151064173229505 -0.123831966025552 -0.0903956133032117 0.148792500324687
0.0285846897531024 -0.231240633882781 -0.0475664526257136 0.29378470399028
-0.109013614932005 -0.196169385058631 0.21202931641049 0.333838227861726
-0.214866981487809 -0.109039787454614 0.387755862180936 0.178029312844109
-0.255323235320708 -0.00275034471002594 0.422615155061594 0.0457808529923711
-0.262155925224546 -0.0164499817071309 0.393771456777307 -0.00199370200971237
-0.260843525551865 -0.0685074766671805 0.372758000631034 0.0252912571557404
-0.197690131925281 -0.215252230479473 0.316662459998636 0.143221664192303
-0.0129659006129718 -0.277817020035247 0.169751161606478 0.251392614162298
0.146800609142607 -0.245537995279873 -0.00533371980465504 0.221758777467254
0.243269719391917 -0.0618190067861642 -0.069153957623219 0.148092216826495
0.22381664729121 0.104421935702131 0.00975587161311379 0.115834178134633
0.200671371631158 0.194396199277208 0.114725757419044 0.275849373444871
0.259479254486622 0.341398430466779 0.104375735742139 0.384220477110897
0.395743702999405 0.163332236044308 0.062985445337054 0.0661156813929792
0.325530894060235 -0.188380992408037 -0.135499715003909 0.105644898073708
0.0797569430337555 -0.421871205701713 -0.105413772685443 0.242175295758174
-0.177677259910191 -0.358553049582168 0.113842576282524 0.29650778840948
-0.340437895697269 -0.210058681997069 0.258658953519763 0.159129390424862
-0.403085553672019 -0.0374395397600677 0.280927721946487 0.0458113930318159
-0.397519550487946 -0.0147371968189361 0.259015951787054 -3.31126123534198E-05
-0.396879906257289 -0.0656980899618806 0.244311790694049 -0.0191390991118056
-0.343169756823036 -0.274037852123586 0.240125292747821 0.0384238909791018
-0.122341604985558 -0.40777310178861 0.188070973024224 0.121270352301591
0.123177682638466 -0.446334658686273 0.0940805589466708 0.158127286412554
0.3736509677164 -0.18589323823212 0.0283345712953875 0.151154435985178
0.387986323109102 0.14922697468059 0.0171859812568107 0.107413850543517
0.307939522920718 0.334446053017333 0.0632503991575202 0.172028246912037
0.256130442003238 0.448263385079263 0.00633526316334559 0.227161904950198
0.461679093764895 0.281187262123274 -0.00920811324011274 -0.0139249621366002
0.446244968932188 -0.168378088193852 -0.143312735989466 0.0356810470404157
0.163402707853951 -0.511825496768523 -0.122881449924529 0.134110742328514
-0.175343322655545 -0.476790304030595 0.0163968393803345 0.185109708881297
-0.393274212883206 -0.30119793389312 0.0982794809535553 0.0911957941595736
-0.483922102309447 -0.0837474142331297 0.0983670884021403 0.0228763601812591
-0.472862925412535 -0.0150055705199218 0.0856849240877816 -0.000153158697895199
-0.478194779268603 -0.0393207722554737 0.0739908273127219 -0.0446998602165471
-0.447602555750071 -0.26823542062329 0.103457452263661 -0.0494276033753032
-0.233365577347728 -0.456451204927237 0.133437254168283 -0.0188773690386058
0.0481052091899064 -0.579959030710307 0.134077371674525 0.0478351362302179
0.433869366686405 -0.30757478385795 0.100469779502965 0.0970528597717335
0.509478482373845 0.148728319380557 0.012471991314094 0.0687042701421418
0.385667092420875 0.423582629704537 -0.0104407993542041 0.033151350131061
0.207151994917565 0.474863670911959 -0.0720616370342922 0.0416035040844394
0.423691420702846 0.346796631635753 -0.0622575901796867 -0.0848549460772223
0.467504138930521 -0.0922510660414033 -0.100759927179162 -0.0195511623459245
0.226709247768158 -0.48058057631894 -0.0723179706428128 0.0162421789544141
-0.121117347098877 -0.49867989282898 -0.0329386815363927 0.0234331259573314
-0.366202448185911 -0.33829169771523 -0.0510396728689151 -0.0243185186638516
-0.482728507537743 -0.115974365872718 -0.0915255773390703 -0.0253776419151921
-0.475883698072163 -0.0111500892829133 -0.099412512186628 -0.00294055340968166
-0.489714951344239 -0.00659323382461923 -0.111521183316922 -0.0487521391514631
-0.47838941710775 -0.220513649474437 -0.0680157526050475 -0.0992499828963062
-0.293671601332897 -0.429634155855534 0.0224660901616537 -0.125091164893211
-0.0238071040074411 -0.605737977193923 0.107567084272278 -0.0573546562837626
0.426662336578954 -0.369080462433606 0.11492145033714 0.0181045079582781
0.5581504660234 0.124580871977771 -0.0255270667160314 0.0069442572684837
0.411473708175744 0.452548349764829 -0.101320944635696 -0.123894933259507
0.137209480346175 0.420153012877657 -0.123890304880071 -0.129934280499801
0.328819602649607 0.333659762440436 -0.0937445388510789 -0.121795173616671
0.396968881299847 -0.027734652542965 -0.0275389796655971 -0.0316110915604557
0.217090022380343 -0.373871627598054 0.0275839197605803 -0.064370523244569
-0.0704114063260326 -0.418439531821631 -0.0259111494336675 -0.135801902208099
-0.288080317090538 -0.299956990034362 -0.160872748459327 -0.153156871820227
-0.404017619340077 -0.117209171477802 -0.257025018113564 -0.0823220987924556
-0.405522638874268 -0.00644383145739879 -0.268792904062958 -0.00966570608342772
-0.427882334687061 0.0150256461142025 -0.280998057158015 -0.0376533537613858
-0.427563982580018 -0.161653813719184 -0.233938956524718 -0.119389020399701
-0.284560180618309 -0.353327640881441 -0.100670769688802 -0.190753192399713
-0.0520935165611692 -0.534853107979099 0.0465804503208898 -0.13205014462918
0.375055500500101 -0.348166929860976 0.0845217203885722 -0.0523286963107623
0.516260887577668 0.108415104974493 -0.0816591827220439 -0.0607862269288902
0.367497730625834 0.419536524633938 -0.18947105758797 -0.27459337050887
0.064962115858301 0.306102165223081 -0.156556741661168 -0.260167824202211
0.223303221458874 0.244705249689526 -0.113552765712823 -0.123352175338852
0.27642799973124 -0.0157390502227092 0.0454013430365507 -0.0182429204649293
0.131149413415066 -0.251865511267379 0.124581145626073 -0.108251117560273
-0.0538540463351749 -0.269673903282936 -0.00363659227733491 -0.251834238575421
-0.18826161052399 -0.190497476033197 -0.230997848905997 -0.250375930582695
-0.26820229887067 -0.0809244534272099 -0.37422986484067 -0.125291309532035
-0.271734307620538 0.00297227276943776 -0.396880238207282 -0.0146683594697176
-0.300283054413937 0.0192781509165654 -0.411348303994796 -0.0241915188577829
-0.310434851314584 -0.105504835109777 -0.364099005190977 -0.126282477745417
-0.21925485005629 -0.250350345536722 -0.201259989175445 -0.23208806806338
-0.0449247021228951 -0.400463722878365 -0.013061527763728 -0.183342802256526
0.290004616319808 -0.261917194137559 0.0428391372186528 -0.108134477715432
0.395300194361809 0.0944923693164168 -0.127366676090168 -0.121849092169024
0.254720137130734 0.327426977737748 -0.249942922415655 -0.396996324694729
0.0091624472688526 -0.188015085493599 0.0389932873896664 0.528305623668378
-0.166484101888672 -0.152598355787966 0.123663531163385 0.216418549034803
-0.196578840290937 0.0643893887731834 -0.0744014216745403 0.0928455702104654
-0.0320751645189976 0.192121632779721 -0.104132370329437 0.238039108816156
0.0750910273807649 0.13233290543874 0.107514347281103 0.373096538832631
0.101232823650925 0.0812439143570022 0.322381247721453 0.351194433245434
0.116581634867304 0.0595708615114756 0.420955266611988 0.258647491526829
0.0934040787883152 0.0326408687385243 0.415175739665348 0.207848787638209
0.0774539462514536 0.0569775439542028 0.345099262337523 0.279801426078823
0.042209976367361 0.0992148065756895 0.151123956406916 0.356876140637524
-0.00996056650455001 0.112419432415014 -0.100358620452347 0.309589933802011
-0.089208536459103 0.0873396312166259 -0.203121983706758 0.0846616235667792
-0.113337914249172 -0.047578209209449 -0.141725579993186 -0.0118388452337119
-0.0100731764224245 -0.155139380534695 -0.0252768545602922 0.129157751455138
0.0656765822412325 -0.142426543143621 -0.0336893869185325 0.387454274522249
0.0670652101938492 0.0277155102068883 0.00383255519934163 0.566798246440854
0.0142778857629522 -0.0219114069922372 0.100426364705739 0.218280437339331
-0.0134516509849867 -0.00468366150407669 -0.109154949331916 0.110604453137178
0.0337905211849506 0.00196724084642763 -0.132632136524054 0.257444078754551
0.0264262468359595 -0.0384211762031091 0.0863843595072814 0.403517082447187
-0.0271451716463218 -0.0495633225302367 0.316675590049298 0.36555485861694
-0.0599404804096283 -0.0238971095085113 0.418617045498572 0.264218134650592
-0.0706932782576952 -0.0567806587754201 0.411009503266941 0.209908645449749
-0.058896470261073 -0.0748556815996272 0.354953979251291 0.259111378628443
0.00136041482269859 -0.103733386975538 0.187286488930464 0.345321825919385
0.0839947718523622 -0.063185223848432 -0.0511110549826055 0.334952298271958
0.0956373125016469 0.00556557896711586 -0.188700771912269 0.14163063145229
0.0519181944142037 0.0388096833350463 -0.163791631111248 0.0259339948839414
0.0494729517358352 0.0326475482634813 -0.042060692099226 0.108283461863823
0.070831009612419 0.0624548141199546 -0.0397334211563594 0.368278369940505
0.0913533184718297 0.244130267797619 -0.0420575843670723 0.518239595936998
0.177862010465954 0.146197952896661 0.0597181313995897 0.16855801316407
0.193755585216449 -0.0406769118477618 -0.156037208846447 0.0865907684184773
0.134024761221258 -0.191437317145159 -0.185340488882959 0.237103902762612
-0.00161601532304627 -0.227081907138566 0.0230927757488272 0.39527387279575
-0.138626307897347 -0.197798117984808 0.253961886320853 0.343956565969111
-0.221484556907438 -0.120409127483225 0.34864064703532 0.239290472838393
-0.225190017089697 -0.137453031166074 0.34392762508377 0.176625001731621
-0.197392825358792 -0.179483668882897 0.316228697952475 0.18807836812902
-0.0760171562376824 -0.279797383646956 0.214136226373954 0.263269746504752
0.116043583102046 -0.252801896815477 0.0418586472635887 0.294572470095411
0.241147638717753 -0.144431521857343 -0.0993029779206161 0.190304220788564
0.241644638133553 0.0605080892589694 -0.128122843987698 0.103448781497846
0.14953103795703 0.196674371454638 -0.0520554763867487 0.111268211413253
0.0898668446838527 0.263530951862896 -0.0398313627209492 0.299413533893024
0.0721079917094512 0.419289321210807 -0.0768945739047154 0.385372142511756
0.276007192475933 0.326419857402926 0.0188887654159629 0.0754704068805056
0.379399837301033 -0.0161293404824827 -0.17952455918716 0.0232171199740038
0.265726200414311 -0.333972132532858 -0.216865849910663 0.162102852099161
0.0139183946628632 -0.401107012770648 -0.0543225421590811 0.319472223878215
-0.202836335633136 -0.343758036772142 0.148148689719239 0.271249648879078
-0.339338882758076 -0.219121363696075 0.223695301010334 0.175268688088428
-0.347615081964075 -0.199706219105248 0.223738405957397 0.118526501926604
-0.319742283789222 -0.238591621571443 0.223497124685707 0.0909128216263453
-0.180367766996989 -0.397496920875162 0.195286908699281 0.135231216210838
0.0781467467120902 -0.417257787029639 0.120587711940932 0.18326055901127
0.310641949153829 -0.330537781054977 0.0212204025131824 0.176363080142863
0.415697467555795 0.0124071269942418 -0.0399755435312097 0.15454228939299
0.273797340941307 0.31067692666858 -0.0452966016068783 0.110502822766584
0.120911541886704 0.435432913449644 -0.0370003062811158 0.182450312811467
0.0204292491668524 0.514437384584866 -0.0884794439856972 0.19866548381719
0.281708536262963 0.461464488127339 -0.00756327068235126 -0.0321475419701764
0.477965328438765 0.0606101741099789 -0.155363732254786 -0.0447282148447827
0.37864919424314 -0.37390999449228 -0.18581663812337 0.0559231326789165
0.0693541576937376 -0.500777509041446 -0.094259960835555 0.17557584476299
-0.208144343053544 -0.448045853314793 0.0363358745167453 0.138090893279798
-0.39153422229919 -0.296138364773383 0.073553241866853 0.0712089488767334
-0.415746119142022 -0.234466408758046 0.0717199089457236 0.0412632925630963
-0.405171626278967 -0.252676880776542 0.0857995076250496 -0.0084970073078659
-0.277446063266425 -0.438519004516575 0.114792122641453 -0.00368447779926682
0.00113076701745296 -0.511593167025828 0.135577296601068 0.0319679909807424
0.306666492839836 -0.482860001555508 0.109497341970725 0.0949471893188713
0.526625040195505 -0.0659648169940933 0.0532507142139206 0.141496168474797
0.383536916684753 0.36517100460828 -0.032934855809666 0.0768541743818647
0.148083429308364 0.551289491443444 -0.0351446993495318 0.0242000142431142
-0.0376728884743457 0.517990914775202 -0.070869325769292 -0.00138974460567666
0.218060642952243 0.505244103748248 -0.0189756952935227 -0.120437311145229
0.4590374044257 0.136161056352016 -0.0897384281145571 -0.0753965603401036
0.418420038733234 -0.316745574505051 -0.0858174925384927 -0.0266667227903769
0.124563768886326 -0.493292214103036 -0.0634349024544274 0.00737592368766727
-0.168822312734484 -0.46708682908093 -0.0420120083401613 -0.0340561737503004
-0.376624485044162 -0.325785922963023 -0.0713695104758684 -0.059521758723668
-0.42001507226792 -0.232830034905982 -0.0884452069581872 -0.0451755121197173
-0.431399938437753 -0.227375583292604 -0.074581961991905 -0.095132480003883
-0.327654215376018 -0.40914291019959 -0.0127377719672351 -0.124950068905935
-0.0653393727104612 -0.516366140189805 0.08540819311807 -0.113428598401899
0.254375436261362 -0.542234057156456 0.134523276173689 -0.0119863066630357
0.549184750877574 -0.124098374507724 0.105192000885434 0.0778437922292238
0.434650790396639 0.365681462297461 -0.0356262419296262 0.00581496767987166
0.157244136424192 0.58738947679616 -0.0376192425706843 -0.158894709656717
-0.075753432903517 0.43984172310408 -0.0381276566881753 -0.176860390435389
0.139363146257848 0.449964594604871 -0.0286604148081198 -0.165484027238264
0.366495672160299 0.160713581956519 -0.0167170326250968 -0.051363833309563
0.359012403524496 -0.227388933910242 0.0435989398013208 -0.0511476692738095
0.131275983581557 -0.399156464293209 0.0202953693764214 -0.132207236276654
-0.119085008086841 -0.395864686531904 -0.0773362593235045 -0.200560018638764
-0.307389303441139 -0.290072609436962 -0.188952004775653 -0.18711748083909
-0.359841333911117 -0.194501052982885 -0.233107982305318 -0.127268272458789
-0.385064078196954 -0.178134577447544 -0.228397635056034 -0.161420357838395
-0.309492131438815 -0.334337690415842 -0.148977206374025 -0.215113720034478
-0.0936222976058701 -0.443332588119754 0.005585454062252 -0.225396274785887
0.196087709024325 -0.493357248903806 0.113905194906811 -0.105019124775182
0.49430787012512 -0.132540059850096 0.110888488547099 0.000119155876529614
0.40514471120531 0.330067689822397 -0.0519903851852168 -0.0816099528497414
0.132056002626157 0.537456067756562 -0.038963205664388 -0.335707157502946
-0.0865497883164935 0.305866213679438 -0.00939612500147498 -0.305636056524253
0.0863178014267194 0.322980799014858 -0.0448507044664961 -0.171479896251071
0.253327806627041 0.114328934688364 0.0434027557291297 -0.00242311111026754
0.22745403548366 -0.161150018631367 0.153257275879286 -0.0433551482695243
0.0746745945831796 -0.26010140594025 0.100462489619274 -0.223883234914973
-0.0809693417417329 -0.253268957491722 -0.0907640075713116 -0.322095007262709
-0.203964109384606 -0.195604657351616 -0.271219310652031 -0.280729859986933
-0.244776443777498 -0.123399023775537 -0.342128546312679 -0.190391244747892
-0.275297352308892 -0.116599277226766 -0.348931572649955 -0.207778105276207
-0.231107698234312 -0.231083216461341 -0.259833282929958 -0.278374039489132
-0.0826021921656499 -0.322923185768621 -0.0654702928459318 -0.303770066963611
0.139640698321231 -0.372417696897468 0.0829083512887936 -0.175217457559704
0.3776806579338 -0.0957786078260588 0.0980473243537195 -0.0704793796980057
0.303710735355921 0.262776499392457 -0.0609294943610445 -0.160723111739044
0.0725107884287366 0.40478199071281 -0.0288851716334191 -0.473599238427183
0.00432749319961205 -0.18722655729891 0.0540957660283661 0.522532376354033
-0.169913642374672 -0.146119232623476 0.129001708606883 0.210340983211372
-0.19327467972516 0.0702174834888915 -0.0716044738142407 0.0942128960716778
-0.0261846898548186 0.191701744628146 -0.0970831088598253 0.239412140288086
0.0782750262915609 0.128996984170097 0.116416757901833 0.366648499849116
0.102693098960289 0.0775457206597987 0.329807413329576 0.339714172256994
0.117720962990596 0.0558974270248861 0.426065916153734 0.242593037559098
0.0937311438387169 0.0289985380557404 0.417335318351861 0.194300487134779
0.0787441236809533 0.0543216790022124 0.351242258432687 0.267979042765128
0.0453505889260382 0.09788393464054 0.161018698977071 0.35067748170731
-0.00620425897575298 0.112237840354664 -0.090924344335294 0.310414062713731
-0.0857021675228976 0.0896813624994098 -0.19935005085262 0.0899566349329756
-0.114141459241814 -0.0442297388476003 -0.141840205512984 -0.00768539484737432
-0.0148908182838964 -0.154119791871753 -0.0209578053948594 0.129528182205647
0.0616789853535619 -0.143929888352303 -0.0212536290660599 0.385300608339107
0.0679770883623636 0.0257719808228932 0.0202829036392408 0.562785790586176
0.013998506538649 -0.0224220120254551 0.10614698984901 0.213325786283099
-0.0136870586309761 -0.00395286671456474 -0.10549821730013 0.113030101351384
0.0336558906231205 0.000552957406984447 -0.126068927010675 0.259428817094635
0.0253140197506308 -0.038890655198164 0.09637124842132 0.398031959101934
-0.0287110164859984 -0.0486364750988324 0.325477777265404 0.352854109332125
-0.0601564711339352 -0.0221498043488113 0.423410735928248 0.252275875598576
-0.0722340085982175 -0.0540773465717971 0.414063776750395 0.195471062152446
-0.0604337345667928 -0.0731414214766047 0.360435749571268 0.245567098080796
-0.00176956211836996 -0.102877250466228 0.196437921515376 0.33703566551454
0.0818699409818793 -0.0656594899456792 -0.0416883322741643 0.335110477251281
0.0955059145959011 0.00302811700434254 -0.184321104815915 0.146610904139921
0.0523378189684935 0.0372271426577664 -0.162290642143973 0.0310887269125029
0.0501216815859182 0.031108166441393 -0.0387359911668994 0.10899753498269
0.0723541320550036 0.0594368806909745 -0.0290668316783401 0.36636979552999
0.0976892277271367 0.239690380648926 -0.0259041184253354 0.514643666814606
0.181148925197532 0.140015900470788 0.0642517464509928 0.164997257253587
0.190497808003198 -0.0451282190379792 -0.152484220597232 0.0898428230301617
0.126516414978866 -0.193891676741836 -0.177815204604047 0.240753889625931
-0.00826883390106728 -0.226155115232593 0.0342864091197978 0.391928015835354
-0.14319147945993 -0.192394230566416 0.261801263724972 0.334184292764314
-0.22389498815456 -0.113101938779659 0.353322822641566 0.22811245629219
-0.227975822213431 -0.130295263251279 0.345930864407416 0.165528834642699
-0.200956731756585 -0.172731789597842 0.319976438726639 0.17720106254603
-0.0845564765635033 -0.275711225828389 0.220904042064751 0.254287711637638
0.108212198779335 -0.255060031576547 0.0504449865022869 0.291328938732015
0.234930267117813 -0.149890973896747 -0.0932128067545638 0.192941111014823
0.241734239096961 0.0532998967261618 -0.125177520592943 0.106559678686616
0.153258692031743 0.190816236871611 -0.0487551431422327 0.111961913224401
0.0969531439318686 0.25855050228759 -0.031235387112282 0.297946616557265
0.0838152249276812 0.413717815384939 -0.0653239648227345 0.384670265333258
0.284219860926251 0.315917804709175 0.0212298229411022 0.0735501446386741
0.375813875106464 -0.0263713294937599 -0.17753696192326 0.0278207043738237
0.252602851441495 -0.339022194254673 -0.211923128762615 0.167490546629195
0.00197957214675053 -0.398548192582212 -0.0441381366529985 0.319303517870276
-0.212196795833212 -0.335797917810635 0.154847893751224 0.265143350524953
-0.342851730330125 -0.207314870403518 0.227153000020706 0.167601416220513
-0.350100945160777 -0.188309350326942 0.225857607023101 0.111331808980415
-0.324627268300369 -0.227726744136695 0.224485316833541 0.0836744347184172
-0.190986730366094 -0.389899786394416 0.198025802683773 0.128519072481847
0.0654714600482171 -0.417667033840335 0.125556057165048 0.179293901279519
0.298133776019478 -0.338527811258943 0.0265745449326506 0.175499473633238
0.412910766530834 0.00109332403275085 -0.036098745335067 0.155045593512717
0.281152624487081 0.300725695780209 -0.041847060952273 0.111766282825916
0.132438310796678 0.428105543918427 -0.0318826660681788 0.182699374308996
0.0347456176561143 0.510099189701471 -0.0817469615532755 0.199538311770864
0.293583009369807 0.449731320877083 -0.00768157369056185 -0.0322262096833944
0.47382693139865 0.0469027953372875 -0.15497957073693 -0.0403086052093801
0.364097270176038 -0.382379404098299 -0.183800470135569 0.0609583252885636
0.0546896787529175 -0.499337752040911 -0.0874203364930636 0.177168301649113
-0.220418954397482 -0.437281907642634 0.0404831541740617 0.135849716944511
-0.397837153297258 -0.281551775919833 0.0747133527360993 0.0683437308232226
-0.419694535113979 -0.220312628756723 0.0728230341415305 0.0388639286298545
-0.40877338167441 -0.237995120994049 0.0849330505651935 -0.0112001301506379
-0.288721561509904 -0.428173863145421 0.114072272170944 -0.00752129056801242
-0.0151103017679227 -0.509990478780784 0.136174857752245 0.0280376314996351
0.289478837274278 -0.489518470066169 0.112260277827246 0.0922282548453309
0.520333526937691 -0.0810740071498545 0.0566263274334683 0.139750804262259
0.390339311376006 0.353284537783958 -0.0306738194510574 0.0777215025179085
0.162828454585208 0.541898858321254 -0.0351779798657345 0.0257297567768141
-0.0223961985713367 0.516530371778397 -0.0702424226275389 0.00059386582530741
0.231441887204933 0.495184210310973 -0.0218745961657043 -0.118978490809032
0.460927649853898 0.122967599022977 -0.0908983487837867 -0.072586820642653
0.405772795925289 -0.32741930037144 -0.086264329444382 -0.0240289233913898
0.109632569787904 -0.494300461687478 -0.0615920936261258 0.00957143764864986
-0.182449975279086 -0.45928035043986 -0.0423832771148914 -0.0328387372389101
-0.38328706051181 -0.312326775336239 -0.0724698710539987 -0.0571047740111467
-0.424042333002325 -0.217018197160029 -0.0885792998124269 -0.0425153103045548
-0.433407840342549 -0.212197532793925 -0.0774553850251709 -0.0922773770610395
-0.337660104929749 -0.396882097744631 -0.0160680376914763 -0.12357689418419
-0.0804983548818228 -0.511409539564655 0.0822508817610755 -0.115444325400936
0.234745794096758 -0.544693487342522 0.13463594529444 -0.0149732775704959
0.541344073658382 -0.139057896016125 0.106357602943276 0.0742107820047752
0.442382983376625 0.351638805758431 -0.0356146862084002 0.00728335723430087
0.172999707872377 0.577994927680685 -0.0428572665533824 -0.155890348705333
-0.0621997359376373 0.438935405458 -0.0429339084850343 -0.175082171977038
0.151569988828912 0.443553030054859 -0.0319696656402584 -0.163890860101545
0.367940125599437 0.149489937158311 -0.017690691784125 -0.0505373850490591
0.35031273628676 -0.237298040723336 0.0417264248104002 -0.0523431263994372
0.118899068086306 -0.399981112795832 0.017985782800607 -0.131352188860205
-0.129681574713462 -0.389054681300737 -0.0827031478280364 -0.197513641491871
-0.314204008653857 -0.278433565191219 -0.192929851452798 -0.180493643746025
-0.362484333519169 -0.182458487423213 -0.235314184874845 -0.118935717968165
-0.388818465043057 -0.165387261161591 -0.231774434268302 -0.153642714573095
-0.317310646588362 -0.322372534885998 -0.154485099109905 -0.20956232025814
-0.105854909606119 -0.438109033774755 3.56807087616936E-05 -0.224439788958298
0.180405630898559 -0.496411891765941 0.111467876079298 -0.107078405073412
0.487129211313878 -0.145164770092688 0.110633478233501 -0.00316750585541528
0.412105107309887 0.316587203216402 -0.0541085836995459 -0.0788259957557583
0.145725918132957 0.530041585135261 -0.0496408101947065 -0.33074085657481
-0.0783376893193613 0.30577805605401 -0.0186266579092419 -0.303236981983625
0.0957563895426513 0.317965342030638 -0.0488235494265225 -0.169301375049003
0.25506222454597 0.106072578934651 0.0434169445977034 -0.00343223582186217
0.221061388235532 -0.16645866051389 0.151143865525855 -0.0465822959606051
0.0668469536686397 -0.261061141284186 0.0953393588975307 -0.224726722875383
-0.0879453906509498 -0.249269335026759 -0.0996102184203767 -0.317862165092183
-0.209118127617121 -0.187283500765747 -0.278372808234314 -0.270312830046544
-0.246920309374989 -0.115632687349406 -0.344079456965702 -0.179103057970031
-0.276591002000605 -0.107104755306437 -0.352617480838529 -0.195431443972124
-0.236435610989138 -0.222840484488107 -0.265435870618698 -0.268747797480401
-0.0912624250761416 -0.318388414029327 -0.0731778453147585 -0.300889430712303
0.127361873010127 -0.37353946667254 0.0793838432896356 -0.175824301528707
0.372687889102828 -0.106499852995697 0.095775679699464 -0.0722112037436581
0.309075774088063 0.252742345428668 -0.0655934467597532 -0.156802616080859
0.0840437765209062 0.400276205100514 -0.0432781597409097 -0.468169332749232
6.9612788147772E-05 -0.186390000602171 0.0670569431953072 0.517648410144403
-0.172157659960163 -0.140407363893539 0.135141406123939 0.204792143369285
-0.190061775039395 0.075450222275409 -0.069823055338931 0.0948276782405189
-0.0208439473457272 0.191166491508538 -0.08925099964899 0.240177042410984
0.0810386538717599 0.126205435872804 0.123879910317039 0.359175975935628
0.103842533521655 0.0735537258315502 0.337999053216213 0.327402764478126
0.117906970085515 0.0515009166675246 0.429951400886292 0.228483692518047
0.0934389089212953 0.0264804276884692 0.418550509484293 0.182620919266525
0.0799829151399173 0.0512384842350651 0.355649641207511 0.255890372402399
0.0487769322877272 0.0955475906341391 0.170404807656905 0.341985669416594
-0.00312390041508032 0.111909219017646 -0.0801652313032728 0.310706225011577
-0.0830627277663121 0.0913877477013559 -0.195279762747369 0.0948908294718538
-0.11419246591207 -0.0406082123251092 -0.140793374803868 -0.00268686599526388
-0.0195576903070072 -0.152452240583787 -0.017420703863903 0.128354725420628
0.0582520326786982 -0.143570060456068 -0.00971676368208599 0.382066333823178
0.0677523382737092 0.0232989012218503 0.0347324670691249 0.558007620289646
0.0126057495940655 -0.0231694636541298 0.111256053336962 0.208269447131181
-0.0136106579308165 -0.0030948458086417 -0.102440492872258 0.114348609866311
0.033835010946119 -0.000139182877251357 -0.117340454488236 0.260525109898052
0.0245888655562906 -0.0389419614203614 0.105094691401541 0.392246895906288
-0.0293053624624337 -0.046910618765486 0.333933703002406 0.341648475890253
-0.0594653641546724 -0.0207300637565819 0.42774341191933 0.234864364854714
-0.073049590982208 -0.0511170294375826 0.415209047077835 0.183423442050232
-0.0618405834924527 -0.0702013103022132 0.363530991873131 0.233710344142134
-0.00409281370632306 -0.102371221493012 0.205238267040502 0.329251661316246
0.0802048449857153 -0.0681048359541818 -0.0311326941999664 0.331958272887788
0.0943683329750248 0.000506357585605534 -0.178760472372182 0.150022517773849
0.0523554737444057 0.035749054323031 -0.161441058718258 0.0355039912234249
0.0509932981272587 0.029378483558407 -0.0350268584131055 0.108545821245556
0.0740760274500102 0.0575505906283146 -0.0177447382033435 0.362937717517576
0.103411706062215 0.234394882571884 -0.00925614939697388 0.511705709936871
0.184286401791734 0.132859899352828 0.0686787089645463 0.159196260953069
0.186720743294015 -0.0499176184653771 -0.150584237544234 0.093418091362762
0.120070121696925 -0.196948832371392 -0.169852076738324 0.244302915801606
-0.0159238526320882 -0.224415472388818 0.0444988369055933 0.389194317578125
-0.147680215402228 -0.186411204089734 0.270300998162834 0.323769325263762
-0.225650789525216 -0.105302164400441 0.355840190393741 0.214543817525241
-0.229834051431316 -0.121512729736999 0.347511547703173 0.154803097418047
-0.204754718552034 -0.166490670172085 0.322685762375428 0.165683368010841
-0.090632353073625 -0.270846013615644 0.227069269306545 0.246663135923531
0.0997428714475729 -0.256389271714107 0.059696824183457 0.28835314404623
0.228314192183131 -0.155818305805996 -0.0879332923426041 0.194691530158763
0.241260091114839 0.0454515042020591 -0.120619758404856 0.109527987732544
0.158408236220661 0.185738540757424 -0.0456167795582035 0.111986584045721
0.10501893260512 0.253392079426902 -0.0221824193897342 0.295488749279514
0.0932909448212986 0.407470131289804 -0.0528141935565114 0.382096631379876
0.291281524592085 0.3041379572961 0.0232948435728185 0.0720255956701753
0.371082522070384 -0.0352150785354518 -0.175562292940927 0.0319910204690959
0.240186999148771 -0.343911774382051 -0.206190758743017 0.172233476941851
-0.00979589888076161 -0.395913658140954 -0.034298132318631 0.318357636163044
-0.220263860419191 -0.326602276136114 0.160750756495717 0.258814886959823
-0.34613808434035 -0.194420710510696 0.230552062280545 0.159552779657244
-0.352997732637947 -0.176149910341286 0.226585453764794 0.102926187615308
-0.328168810740921 -0.216275651917609 0.224736339147762 0.0771283763834452
-0.201406762767232 -0.378856783061776 0.201446106334811 0.121834221297062
0.0528662183580013 -0.416218514444908 0.129614782035374 0.173143917599004
0.28721857668251 -0.342898932993788 0.0317900684003118 0.174491660393668
0.410145274950727 -0.0111294983674425 -0.0312810846128685 0.155560493652478
0.287595258088034 0.290388588036621 -0.039092439511316 0.113067691599677
0.14346902789293 0.420223790990168 -0.0275652429024508 0.182190871867898
0.0488585341569127 0.504352960232136 -0.0756628216532838 0.199904493498675
0.304491030551564 0.439172313408528 -0.00721425161535956 -0.03173558311737
0.472039824753183 0.0338008720095022 -0.154097912800477 -0.0366278415434909
0.350310398913826 -0.388542694822166 -0.18027877768122 0.0649888877433968
0.0391103766288837 -0.496427102261239 -0.0810228690630599 0.17999105617422
-0.231781554257023 -0.427037465061709 0.0431938767738687 0.132940000415447
-0.402119338560562 -0.268172436094856 0.0758496174715706 0.0658200745567851
-0.423321913148725 -0.205306705013356 0.0746133294189485 0.0359568538897852
-0.41149871248413 -0.223244491636731 0.0829995782524182 -0.0142580016019354
-0.298985592104764 -0.415473467069689 0.11354138408416 -0.0106985074558816
-0.0279923463583734 -0.505784347457956 0.136016794901781 0.02456452185409
0.271532062189895 -0.494086117906862 0.114837154377231 0.0899534195322159
0.514729643923021 -0.0949684427534115 0.0601218910717612 0.137118805440432
0.397904618374416 0.339258895533513 -0.0281076924966266 0.0783527050010129
0.175662160991284 0.532260463806197 -0.0338791955823354 0.0263831166793143
-0.00728386157815499 0.511201471660543 -0.0689684387173922 0.00208486536927286
0.24468390713125 0.485526186965668 -0.0240385054312853 -0.117420736406764
0.460235818186587 0.108014769693655 -0.0913195753657938 -0.0694825327972954
0.393001622449056 -0.336649980715447 -0.086612122445061 -0.0210721860112476
0.0938571097124017 -0.493335571224533 -0.0596950843833886 0.0119450042337836
-0.193065992768738 -0.449654634448912 -0.0435210573377059 -0.0316577869983843
-0.388843096666929 -0.29732904127751 -0.0742397161965335 -0.0548977210361633
-0.4271316347132 -0.203176441176691 -0.0882787462665154 -0.0388916899893653
-0.436284087947396 -0.196650346890601 -0.0794572591890416 -0.0893234636094708
-0.346809867475497 -0.382413576595923 -0.0188257233493509 -0.122764830835747
-0.0946978420677884 -0.505164202500576 0.0787188265777968 -0.116239471259419
0.216585143841839 -0.54736844310072 0.133612554607721 -0.0175170408065005
0.534458914031955 -0.154510412023376 0.107735905397897 0.0710643936923608
0.44826758222777 0.337269863579691 -0.0353241320802634 0.00902627585537363
0.186344310802093 0.567595184072545 -0.0478928418510309 -0.152473390541685
-0.049694414521569 0.436405175527809 -0.0472257764005777 -0.172345986229137
0.164622345704647 0.436509607593518 -0.0361191883351561 -0.161208806501155
0.369069186708556 0.137438919536358 -0.0176915977277227 -0.0490438582819804
0.33972494748726 -0.244545190355697 0.0396382738031905 -0.0522168850367482
0.106610810130132 -0.401639400724233 0.0154215418759297 -0.129822123081244
-0.138688147651216 -0.381891580637946 -0.0877652695348589 -0.194151460280353
-0.320017242475465 -0.265567028097814 -0.196575439192968 -0.173757526178104
-0.364318005174271 -0.170339992978253 -0.235037662983392 -0.111284457576474
-0.389576303800761 -0.151279044984073 -0.234643679119816 -0.145948622781432
-0.323884803379423 -0.311710759696508 -0.158368836750208 -0.203610868017536
-0.117105586004259 -0.43093000380192 -0.00546086412215037 -0.223151787044382
0.162641317517012 -0.496369451702603 0.108673795950797 -0.108729701965858
0.478377149857086 -0.157271530672748 0.108942080248895 -0.0054594803600681
0.418421904510567 0.303883181083825 -0.0558268491147032 -0.0761127828011104
0.157131318939721 0.52067024148296 -0.0584796790487205 -0.325190974802585
-0.0695560507265907 0.305453383710831 -0.0280268185686919 -0.300376552146495
0.105372499950017 0.312263639026321 -0.0532871746590707 -0.165049163411089
0.255997050610775 0.0975384342360987 0.0430540143471216 -0.00454301659812202
0.214294102101227 -0.172101290840222 0.149186192999356 -0.0509989256165512
0.0581185736275578 -0.26052441609027 0.0888715730719476 -0.224623880398941
-0.0958348692438042 -0.244618108258684 -0.107804208245971 -0.311723165913738
-0.213240255346633 -0.178819536204718 -0.284770874444876 -0.259789819990786
-0.2471160837142 -0.106664775430178 -0.346069241981957 -0.167735329433256
-0.277148217422921 -0.0970471041950121 -0.355063829036154 -0.184118513326407
-0.24091299545837 -0.214904450813527 -0.271557037453411 -0.25839810784133
-0.100273886441037 -0.313695351924721 -0.0805115710119311 -0.296251425781917
0.114274839516783 -0.374043616122779 0.0751920073885416 -0.176386110269284
0.366740999472695 -0.115351297507663 0.0934095163304487 -0.0742161535543804
0.314437448075233 0.242490389406392 -0.0694839113255256 -0.152797834608097
0.0942047005749291 0.394598802241172 -0.0561574169308824 -0.461977860141098
-0.00512403073166012 -0.184150495226304 0.0809453271667102 0.510124839514608
-0.1753647432914 -0.134496429682202 0.138605625484491 0.198109145389871
-0.185702524010795 0.0795082811145333 -0.0664990174647344 0.0951262513362751
-0.0144216232981955 0.189276323991594 -0.0835002705959706 0.240105242587094
0.0840578568176664 0.122217825606755 0.131815400103612 0.353522356124908
0.105361124365648 0.0699360208260112 0.341039295379851 0.31510252203041
0.118945243212857 0.0471327076796914 0.431409090061319 0.215543621906443
0.0929364204084631 0.0231462188921014 0.420032377203628 0.16758083114216
0.0801835141212073 0.0480963373666412 0.35872033663334 0.241879237206423
0.0506251887263958 0.093442627067483 0.179387340579293 0.334563514507118
0.000673259506285273 0.110494159594986 -0.0716565732105161 0.309522822221316
-0.0786635431182478 0.0931581736114658 -0.191178268401531 0.0987191459946665
-0.114771692246156 -0.0365938339690048 -0.139894705252173 0.00135331261459516
-0.0236258730737297 -0.151450515902616 -0.012873427678979 0.128240405068111
0.0532880318182538 -0.143584931313908 0.00192542243528636 0.37786693040912
0.0687814663423734 0.0209306178407096 0.0489247896909171 0.550651087060337
0.0120055592744707 -0.0234081735116257 0.115951094577165 0.202419814163636
-0.0145360222385701 -0.00269419611613738 -0.0985968731273801 0.116027976441264
0.0329778690376021 -0.00151270858710974 -0.110615606458388 0.26251687106996
0.0228825902595412 -0.0396926883400536 0.115520168251589 0.385498327663819
-0.0309399820878625 -0.046324653327309 0.339203689629844 0.328264185767884
-0.0601197738968105 -0.0182734135135243 0.429346289148517 0.221348718602687
-0.0740423593392178 -0.048880355172854 0.41568957812383 0.169044686164289
-0.0636897772385385 -0.06872565198346 0.36659378066918 0.220954345294375
-0.00722305995741482 -0.100986661921022 0.212910061786059 0.319067060845456
0.0772673755983043 -0.0696258075214785 -0.0214458378390683 0.331454392598835
0.0941899623222282 -0.00146772516585753 -0.172937309254737 0.154321413159643
0.0530387895847128 0.0340566979685601 -0.158486763139434 0.0402649232222771
0.0508038076184298 0.0275033815535831 -0.0313301910984638 0.108682182823832
0.0749486099386004 0.0541993960151565 -0.00726113358371708 0.360114475888031
0.108831305550186 0.229508607000745 0.00381115343667526 0.506544252072068
0.186296713793019 0.127241342618714 0.0728811292662213 0.156628138717107
0.183266954628139 -0.0539133318519313 -0.145882128637013 0.0955700103563284
0.112885723966768 -0.197539179839463 -0.163074328434398 0.246206251231864
-0.0212053796653422 -0.221593934026077 0.0551769797710246 0.38296381968137
-0.151735727826957 -0.180464399046489 0.275758892456153 0.313247919202497
-0.226012735601518 -0.0976164289638471 0.358865786864291 0.20272503286123
-0.230899785541356 -0.114304827811255 0.348315185893997 0.142564254851679
-0.206604372854559 -0.158262099579646 0.321933795121412 0.155289155584117
-0.0979292704700271 -0.26558130205286 0.231904920700979 0.236941671740064
0.0923613344551284 -0.257405164740966 0.0670209012354027 0.284097918029605
0.22130557152942 -0.159988577202346 -0.0811109582079267 0.195421841176951
0.240313169573224 0.0393073652353777 -0.11829350849161 0.112199962188763
0.162242809661912 0.179265603312402 -0.0419150216359224 0.112574364501397
0.110305990806203 0.248515346362043 -0.0134800050214779 0.294389904765645
0.104586878761498 0.401455636456205 -0.0420540067648868 0.380107684235447
0.297166996551291 0.293721828697844 0.0261619398462399 0.0695786858366387
0.365994018579487 -0.0455006227048592 -0.173514020012626 0.0363772429569318
0.228994423962854 -0.346959714236694 -0.200445088721777 0.176526861154627
-0.0214538604686448 -0.391386209619123 -0.0245366262591272 0.315854039747756
-0.228533421074468 -0.317131722457349 0.166354116516098 0.250600552416423
-0.347708529178874 -0.182534881625732 0.232143139699837 0.151105809548189
-0.353758774623882 -0.164586955136894 0.227697343761428 0.0961487303629398
-0.33108680668846 -0.205303785034362 0.223928034964423 0.0689889558408164
-0.209927469054574 -0.370946657748029 0.202501078289884 0.113797573862735
0.0403390907197248 -0.41476115245334 0.133344731693743 0.168623378765493
0.273790047069408 -0.348076525265644 0.0364884874229948 0.172633553478936
0.40512747911924 -0.0219553406871261 -0.0275134350440562 0.15529766845953
0.293893452574405 0.280308512875495 -0.0355589507953772 0.111967021361421
0.153925963414435 0.412381232212413 -0.0213938813096634 0.18152132285205
0.0615879414487773 0.498365399269719 -0.0691354081215639 0.200245474261399
0.314966129743515 0.426049190605849 -0.00790057709810278 -0.0328817690961364
0.468068657115302 0.0208595658833062 -0.153900558174659 -0.0322813612693863
0.336853421183117 -0.396018723452917 -0.178522449928105 0.0699028694925749
0.0243287761181357 -0.494176018246431 -0.0747797621625586 0.179137728764107
-0.241901201629545 -0.416851014510004 0.0471899428006487 0.130183797491439
-0.4044918493567 -0.253123311531184 0.0771337850577043 0.0624122718397779
-0.423423169658246 -0.191399293932753 0.0744501949057867 0.0343363648826084
-0.413624094244892 -0.211533680174971 0.0822814677648537 -0.0159065258540846
-0.307448802094569 -0.402367388419549 0.112407649185749 -0.0148453025715637
-0.0423653133176698 -0.500697074578034 0.136250295848109 0.0201526083593653
0.254573817119372 -0.494842049241863 0.117125847738868 0.0857253758293365
0.50669760886465 -0.107498360412791 0.0624526767391148 0.134608956574957
0.403382151874894 0.325114015237911 -0.0264796242008838 0.0784058382254173
0.188396124691089 0.522660268899012 -0.0338471063306039 0.0282976782769646
0.00566832319053385 0.507363150087841 -0.0683335989786906 0.00409216166201378
0.256809687550044 0.474228567534999 -0.026289009438794 -0.11683621052652
0.457207359237642 0.095005214755537 -0.091809436712059 -0.0668265697200648
0.379359266258843 -0.34241874354367 -0.0865438180816699 -0.018699620845696
0.0786742496876571 -0.491098773361806 -0.0577527731157357 0.0130591954914035
-0.204526714806996 -0.439214591740597 -0.0435922152544631 -0.0307863518839622
-0.394811855601763 -0.283751483390583 -0.0746748849356095 -0.0520556073676493
-0.427655284263388 -0.188511337790947 -0.0881891712647109 -0.0363283206190573
-0.436637472178256 -0.182414697974202 -0.0810909048217614 -0.0859440716773103
-0.353517810655494 -0.368961594547896 -0.0216722262518655 -0.121022127291285
-0.107920381687323 -0.498148378867011 0.075915464979188 -0.117866853751008
0.19937660371709 -0.548150211412316 0.13309842573223 -0.0207675441590627
0.523821418054701 -0.166410861547518 0.108516921085161 0.0676199681564752
0.453769054663804 0.323199321678735 -0.0348217750916587 0.0101134110035631
0.200921092233779 0.557449675830967 -0.0522846701228683 -0.148939785573333
-0.037827901137562 0.433717812914705 -0.0518520124543154 -0.169150914347671
0.175715469797074 0.42605303227373 -0.0399458692331033 -0.159057965681954
0.369303814721959 0.126443344418344 -0.0186771873881665 -0.0490429869829739
0.330071278221935 -0.250976864959366 0.0378484777903457 -0.0530880477382853
0.0922661629922355 -0.400040693336978 0.012692174844596 -0.128853337953645
-0.150086497640424 -0.374411388796354 -0.0925931443516427 -0.190386398685579
-0.324031598166837 -0.253568446219492 -0.200167093682205 -0.16584046669496
-0.366595259022355 -0.15652593006264 -0.235575185570949 -0.103802320949969
-0.389403419336916 -0.139131921454064 -0.235836534365979 -0.137392145081465
-0.330273144826713 -0.298912157436165 -0.1625765257739 -0.197493941075502
-0.127875467373523 -0.425284858192326 -0.010865462079898 -0.221210683827665
0.147593412066085 -0.497083879519521 0.10601629644265 -0.110309367999552
0.468796307898667 -0.168333242047689 0.108554413042263 -0.00900623180158565
0.422275874983096 0.290361025571205 -0.0577084847998079 -0.073380368663056
0.171210764408002 0.512625074073727 -0.0677061958558198 -0.320488983532902
-0.0595957894228236 0.304882165689867 -0.0356316968894604 -0.296272876667355
0.113075535814922 0.307148564925331 -0.0568191646561138 -0.163232547623458
0.256440750303621 0.090161343019031 0.0433111562280452 -0.00559926851703861
0.206950020568047 -0.175896049946021 0.145604417972974 -0.0535064519420302
0.0495741770737759 -0.261065992494818 0.0827807665970751 -0.225501816106009
-0.10097519522708 -0.238669349318246 -0.115900823944127 -0.306491605973551
-0.216348239280129 -0.171648063136122 -0.288425638049144 -0.249244780767511
-0.247770763573396 -0.0989801587840286 -0.346698008173092 -0.15597735985815
-0.277172372322732 -0.0883437088093909 -0.356045333046304 -0.172252804481133
-0.244937688195274 -0.205008100000545 -0.276095006534402 -0.249440756057732
-0.108105627289153 -0.308127990699511 -0.087668811206367 -0.2919642570357
0.102316216357254 -0.374094167330677 0.0707384122908634 -0.176278622769988
0.359270380719248 -0.125216211407125 0.0910002819225589 -0.0764700698097787
0.318101562676065 0.231608726199024 -0.0725850559131541 -0.149279963659174
0.101893979039673 0.388091419469421 -0.0687308291807372 -0.454944115947672
-0.00927600688499416 -0.181891606307156 0.0936515528374057 0.5020282225437
-0.177915221902973 -0.128541693418535 0.143174905671974 0.191066480148127
-0.181207386111651 0.0838406023319695 -0.0636543470535108 0.0958952154783525
-0.00909509106996126 0.187083042958723 -0.0767841833623712 0.239393879826599
0.0860980848553758 0.118699168019501 0.138108001071718 0.345734836962579
0.105797324052544 0.0662411608139045 0.347597228440217 0.302776787900339
0.118669792390296 0.0434434603683618 0.431799439121325 0.201613131633218
0.0920551782335811 0.0203202696634741 0.419174265458058 0.154659631479874
0.0811269157172612 0.0445866612074982 0.360887062793921 0.229248045824642
0.0527425837023173 0.0908642242972213 0.185844565270893 0.325276931045342
0.00390785296898101 0.109210709082804 -0.0621165953638031 0.308506450693673
-0.0751756617865531 0.0945493046728772 -0.186203713929931 0.102360421582994
-0.114969964068049 -0.0327144317411242 -0.13845076466682 0.00496605025146645
-0.0278654656771571 -0.149381163297052 -0.00905288008246857 0.126926690292731
0.0493620818733067 -0.143385484039282 0.0126370366950932 0.373063348567891
0.0688922958045466 0.0188674361561506 0.0649267220065948 0.543258566256087
0.0115219068031422 -0.0235542152053929 0.120246681973358 0.196260404819016
-0.0142645724265412 -0.00200396727402498 -0.0949031593751873 0.117090015212787
0.0324649455057404 -0.00231869379289768 -0.10290447529031 0.261578701969795
0.0213898689733867 -0.0402825598988183 0.123155924226985 0.377832716988239
-0.0318133573553586 -0.0446964513642006 0.343171741833455 0.315000251889217
-0.0594201643700382 -0.0165390554892022 0.430232667747229 0.207008541303015
-0.0744269034850717 -0.0458895843249117 0.414515361942556 0.155794715199848
-0.0643563395268528 -0.0664116308254521 0.366936640933891 0.207331836915631
-0.00953062105977294 -0.0996868956681951 0.219440025107774 0.309397817049739
0.0752626495303993 -0.0708623178533661 -0.0121033385859659 0.328197506580773
0.09334365318595 -0.0039979036240503 -0.166884822790318 0.1580041828508
0.0532306180943033 0.0324075889370577 -0.155740076729386 0.0447800199572209
0.0514732900709484 0.0252055963142805 -0.0286018509161879 0.108930029835564
0.0763812103023207 0.0519548409525256 0.00310161882153307 0.3560506496023
0.11436464555643 0.223430852421083 0.0168018410036096 0.499780681633498
0.187614413942023 0.12057882078055 0.0764315797620257 0.151456712177487
0.179304659761613 -0.0580097363542072 -0.142609667030225 0.0982336915161672
0.106111950584313 -0.198641964930001 -0.155365777032935 0.248002269424602
-0.026951432441413 -0.218398568828953 0.0640847337800796 0.377016957430483
-0.155734844107247 -0.174605044325471 0.280154523947762 0.302357139543687
-0.225897200526344 -0.0901699056918124 0.360312421065861 0.189759996323137
-0.231454776946141 -0.106269260446411 0.347872859003189 0.132508808585449
-0.208059544843677 -0.150637838994786 0.321641536736259 0.144774917522793
-0.104009156244599 -0.259727836825846 0.2357879895877 0.226597195040567
0.0845643242848769 -0.257825369999869 0.0737832155880187 0.279503750298792
0.214630448944204 -0.163712489092666 -0.0745522879900678 0.195992171608831
0.238141520822775 0.0324856090850724 -0.114116491027782 0.115001604405248
0.165682963588847 0.17288053206136 -0.0386271334214076 0.112855985772633
0.116650524874861 0.242183397916131 -0.00598070230876432 0.290716001954116
0.113921551256236 0.393290726923319 -0.0310830564243781 0.376780580030259
0.302335122097699 0.282765885953164 0.0281156620042815 0.067275895859933
0.360043954564411 -0.0542971915670069 -0.170494667339777 0.040222164533684
0.21655791152903 -0.348714685595879 -0.19437088122103 0.179663035028595
-0.031464592344434 -0.386843918464705 -0.0159809583163835 0.312992124824391
-0.234402220734436 -0.307151355524963 0.170918611866451 0.243007885120523
-0.349567477631002 -0.171244031647261 0.233301750519438 0.142703531660387
-0.353897796161871 -0.151996610633743 0.22754930717914 0.0893399221266865
-0.332459215740875 -0.193785001679107 0.22257948375088 0.061831652126725
-0.217928977730123 -0.360936040692619 0.20373608523199 0.106484622497008
0.0291418168190982 -0.411472289900092 0.136749460872632 0.163404250028635
0.259778045041995 -0.352125262444854 0.0407100824969491 0.170500461901195
0.40021662113079 -0.0330104670172476 -0.0240394265215499 0.154872112835445
0.298594501020962 0.26977216220082 -0.0330069480309739 0.111884318659784
0.163305054014371 0.403772362270141 -0.016712392762817 0.180312768814425
0.0731822324671485 0.491570687033353 -0.061996961148992 0.199680357624239
0.323209584063178 0.413239803472315 -0.0077720760805925 -0.0330110351506899
0.461794311230777 0.00927223476287848 -0.15272339967575 -0.0282039196785645
0.32033039281968 -0.400056836801344 -0.175182519980027 0.0736867702898127
0.0117729306978561 -0.48945473370883 -0.0675452335226311 0.179226430896338
-0.249839468281707 -0.405125045533654 0.0498136722818397 0.127125839480666
-0.409012767684993 -0.238960392862898 0.0774292353053328 0.0596217349241951
-0.423466525031549 -0.177640608262121 0.0747715415143641 0.0317802639264023
-0.414571334544249 -0.19768873341979 0.0800720993198243 -0.0177880966886565
-0.315708692219305 -0.389123873347739 0.111033600983057 -0.0178943576990774
-0.0554793682369821 -0.493649736854449 0.135400384335873 0.0157143159824672
0.237647877006605 -0.495726884119852 0.118423957855319 0.0829067229992486
0.497849588159558 -0.119581915353867 0.0647532398836855 0.131803669670277
0.408488240420572 0.311918489665659 -0.0243175903619888 0.0785674992386334
0.20047938496879 0.512392237592607 -0.0328412380815427 0.0292697697994985
0.0190162360161986 0.500903445093107 -0.0671498610156365 0.00572324200034416
0.267384228977004 0.462533218948419 -0.0283504014636099 -0.115092153058647
0.453994640727691 0.0819839282355672 -0.0920041201113026 -0.0637545095401111
0.365573126302142 -0.34898988492241 -0.0863285882287143 -0.0160851393473001
0.0647429221479598 -0.487686780099359 -0.0554826259954455 0.01501644948524
-0.215138626515799 -0.42903692648105 -0.0439486968827134 -0.0293665987451936
-0.398668893805066 -0.267495499274768 -0.0757729442970885 -0.0496176877740288
-0.427262923533438 -0.174830292743158 -0.0877378386015719 -0.0334303687082333
-0.437145568281306 -0.16860424678155 -0.082447249828576 -0.0825543467532321
-0.360378331231149 -0.354564930666102 -0.0248340811700941 -0.119460977223988
-0.120023769391549 -0.490102320036313 0.0718236384993972 -0.118916945311906
0.18111500443995 -0.546892934737505 0.132457949499527 -0.0234027657199577
0.512977584977104 -0.17918059055129 0.10895905674514 0.0644619608648728
0.457668123800028 0.307619885661693 -0.0344144158299947 0.0113145255426702
0.212539271685422 0.5470053250178 -0.0562100832652015 -0.145165477925441
-0.0261465633436843 0.429214384176919 -0.055738452597103 -0.166054044944089
0.186341518870682 0.418845488679028 -0.0430127712021145 -0.156599979072927
0.368465171820099 0.115334409167437 -0.0190408574100507 -0.0478911768032021
0.319361396298447 -0.257291004213966 0.0361559290569586 -0.0533391001738324
0.0808940401056842 -0.399061691332416 0.0104469429243493 -0.127922931425202
-0.159425718463671 -0.366176465858463 -0.095771562664825 -0.185862647968687
-0.328608955484137 -0.241475169736812 -0.203460754057693 -0.158728613121753
-0.365676130215472 -0.145459811264296 -0.235251081157571 -0.0959106603792148
-0.388817849737982 -0.126283745141812 -0.236228193818788 -0.129673633927566
-0.334806542388307 -0.285329207179697 -0.165698067621903 -0.190465013498142
-0.138468395224631 -0.417257910851698 -0.0163591018067256 -0.218459496882899
0.130252413094153 -0.494132084183838 0.103266559351701 -0.111441612760614
0.45860968359774 -0.179616006280487 0.107362070053632 -0.010857679502809
0.424482828829085 0.277437322695605 -0.0584442111423783 -0.0707235901218078
0.181318494197813 0.50147313520453 -0.0761055490619534 -0.313787456179913
-0.0509607480604523 0.302759311091278 -0.0426319205332043 -0.292104298269714
0.12136168951697 0.300917736753598 -0.0603424815306925 -0.159178670773016
0.255789123252866 0.0822217158083362 0.0435121532544727 -0.00714693760582598
0.19970605559025 -0.179413140213901 0.142819931825206 -0.0567724269506395
0.0418214173936208 -0.259247089840846 0.0768818128510115 -0.22478670973616
-0.106605619408625 -0.233490300600286 -0.123175370950188 -0.300233928093603
-0.21814694244394 -0.163580795172389 -0.29218703670149 -0.238997910427334
-0.247238195380816 -0.0907086387905792 -0.346495456798413 -0.145357435467531
-0.27639745560535 -0.0790507533868674 -0.355791519915457 -0.161081190678297
-0.247568774211134 -0.195881503692161 -0.279506179363954 -0.238530837946094
-0.115058869583615 -0.302068297760253 -0.0938579686538491 -0.286619213961574
0.0898706173533704 -0.371809646222771 0.0660263934373865 -0.176543901418964
0.351546941764077 -0.132906284539931 0.0883692571605738 -0.0778584659619015
0.319625120369057 0.220304667331594 -0.0757268250297087 -0.144613875378485
0.111354208949986 0.381385768304548 -0.080881806683242 -0.447140188823688
-0.0135936045569553 -0.179289979755983 0.105525499218325 0.492906653262978
-0.178998054899338 -0.122651559176433 0.146022953087957 0.184012420470536
-0.176882363072369 0.0869759814480056 -0.0612049500416004 0.0960841887059561
-0.00417874952185755 0.185045580396469 -0.0704359782649605 0.238522814478406
0.0883216725728993 0.114736842619571 0.144364281434311 0.337572138822271
0.106049577810684 0.0623055155007785 0.350044854404393 0.290380903045854
0.11844821306989 0.0393234948618902 0.431463869801647 0.186374291174408
0.0912863249099392 0.0178990055365706 0.417136824068366 0.141245924170141
0.0813534015750344 0.0415259536488292 0.361962427363853 0.216668388802877
0.0553696432061875 0.088302685947226 0.19267667348699 0.315515309763697
0.00732484287826808 0.108034148620853 -0.0531922443390178 0.306046505285535
-0.0710925663723591 0.0955665868543385 -0.181974877512813 0.106116565787513
-0.113940070438901 -0.029108504131593 -0.136612016458768 0.00926190512375482
-0.0312367769295507 -0.146937110137511 -0.00562349983076318 0.125822962632995
0.0450661196595326 -0.143169158007551 0.0224330580921535 0.36679594452903
0.0687500301940336 0.0164935606328099 0.0784331306807046 0.533826434173158
0.0106309161073987 -0.0237511025620438 0.124129825219156 0.189899933948455
-0.0146343906289055 -0.00137074743910723 -0.0912909104976334 0.11776467481205
0.0316800711331353 -0.00361244314931175 -0.0955562923601717 0.260566298312505
0.0199284400404817 -0.0405480155428664 0.130355722660036 0.369966349353512
-0.0330361250900884 -0.0437460136623166 0.347028205957279 0.301673728341063
-0.0595038705167844 -0.0149059628991711 0.429165414917028 0.194303155278465
-0.0750858452372657 -0.0436251370678488 0.413461591003967 0.143248455565171
-0.0650331003725327 -0.0640220925528381 0.367588563669346 0.195567917338354
-0.0120155175529726 -0.09787572934106 0.225147166595406 0.299533363154916
0.0723877636012406 -0.0723812871189959 -0.00300153816457513 0.324623193396345
0.0923246604264071 -0.00656119018977814 -0.161097485588737 0.160114138004467
0.0531416583199777 0.0308453804596132 -0.153335452915209 0.0476994578258987
0.0510847624462085 0.0236057400454569 -0.0254473689128075 0.107572873952683
0.0773213528987148 0.0491088564667919 0.0122129994764648 0.35076137600482
0.118252215261713 0.217634313158383 0.0301547266479684 0.493438966182259
0.18849562520246 0.113861999598383 0.0792210646886645 0.147356064552381
0.175342721700045 -0.0612251317736455 -0.138519589319516 0.100335306953448
0.0993875350478732 -0.198930263136057 -0.148115114698346 0.249159123315699
-0.0321314403965404 -0.215139161320551 0.0732199388123082 0.370562378194654
-0.158215090855221 -0.168021630706037 0.283866972100309 0.291035364153278
-0.22529837349715 -0.082979574216535 0.360380779410611 0.177960956192516
-0.231444053491771 -0.0983265540433922 0.347151234384642 0.121256352005522
-0.209451168785696 -0.143393256979792 0.320823248372804 0.134319883170443
-0.110177442676354 -0.254032795497381 0.239353375441001 0.217761116899089
0.0768057542645696 -0.256630687043373 0.0802418751678015 0.274285039304911
0.207556661677949 -0.16665498545509 -0.068635399815187 0.196000238675912
0.235981309644679 0.0260095846114332 -0.110050587919605 0.117160204640068
0.168156647687275 0.166784795355044 -0.035252399249524 0.112297093246917
0.120870640377076 0.23622049102299 0.00166470830831892 0.28785342582286
0.121712046163328 0.385264401776134 -0.0205364345913048 0.372568518758731
0.306890020484877 0.271057806855151 0.0297526303314425 0.0652495213632967
0.35305069324805 -0.0627585093183863 -0.167914281262553 0.0434173658708047
0.203567290443697 -0.35071490499378 -0.188392926289649 0.182921731088854
-0.041851185173621 -0.382311158518034 -0.00718325959982754 0.309326210295864
-0.240150783791743 -0.29733398092439 0.174988523412323 0.236099198634598
-0.349233146415582 -0.158888893143536 0.233715964762789 0.135018852142554
-0.353149085188024 -0.140505107201016 0.228147588054374 0.0815525350176746
-0.332925727281749 -0.182624355298765 0.220774646867899 0.0555221574628148
-0.224810223292392 -0.350566124314235 0.203937515891444 0.0994484922127295
0.018281291529016 -0.408078149179412 0.139924343246633 0.158308590487829
0.246847881688153 -0.353405765139261 0.0454858024167334 0.167759908775271
0.393746439064147 -0.0419891374849697 -0.0200632153216749 0.154002086599186
0.301394011603646 0.258770295440699 -0.0299451442038749 0.111725549878116
0.17172320701612 0.394214010230092 -0.0124703268216353 0.178691992637913
0.0854774598310075 0.482115402067429 -0.0558240399599451 0.198107154526802
0.330480271567219 0.399692641897964 -0.00805803831518456 -0.0329010153747006
0.455302757945904 -0.00189512262655026 -0.150720837273298 -0.0244716829369057
0.30573105140332 -0.404245414541899 -0.171615929611555 0.0774277293454437
-0.00270194783589979 -0.483356051133796 -0.0616465891577496 0.178353485753631
-0.258686980645542 -0.392118758266486 0.0522285806827223 0.123628084548407
-0.409116134171378 -0.224395871605693 0.0779290254266478 0.056625194288441
-0.4225617962909 -0.162850670437626 0.0749422134436139 0.0295755351338961
-0.41514683221912 -0.18379456552883 0.078438923585833 -0.0195175479495265
-0.322631291749547 -0.37645629430184 0.109734791968779 -0.0207781422060171
-0.0684218442280359 -0.487648502861806 0.135104563226099 0.0119970552069076
0.22208731491463 -0.496554961956646 0.120569624022326 0.079767340986363
0.489084382579765 -0.13068108090817 0.0667924694647144 0.129545442237466
0.411119016818959 0.297719691271237 -0.0222382440601453 0.0790619546174638
0.211191709604086 0.499198101737061 -0.0320844042791425 0.0302234922707641
0.0311732125669575 0.494029510958203 -0.0659809950739193 0.00721420392775482
0.276597208558906 0.450604066709955 -0.0300401228401483 -0.113519844912864
0.450582192038696 0.0699610816890221 -0.0915725201011295 -0.0608716325451536
0.350311087167753 -0.354190217618202 -0.0860043098579357 -0.0137952511233157
0.049882019456431 -0.484997200532033 -0.0529473103164855 0.0159866030589796
-0.224268193301088 -0.417734424932911 -0.0443360196639909 -0.0283518571805223
-0.400124911790499 -0.252747167853089 -0.0763055873539619 -0.0468740401119672
-0.426853903028661 -0.16015408333943 -0.0867724965068148 -0.0308658403165563
-0.435397334450749 -0.154455178353783 -0.083535659625426 -0.0796116875802314
-0.365891615674525 -0.340920141948343 -0.0271371382983213 -0.117549008170001
-0.131902878721806 -0.482965163479842 0.0689255302009543 -0.11950116683107
0.163430870695395 -0.544857072790251 0.131191377957317 -0.0261634770501001
0.502190778526604 -0.189702798836937 0.109001204030142 0.0612527030875601
0.459626631300625 0.291910808437973 -0.0337643662793755 0.0124802887006985
0.222333010123004 0.533924106964637 -0.0595726386914016 -0.140946817276339
-0.0144805090639892 0.42453373258287 -0.0594547600177147 -0.162417491073069
0.195559818355901 0.407920746480465 -0.0460936853356326 -0.15354947832284
0.366256933911571 0.104627320713117 -0.0192751281222871 -0.0467946790673172
0.307733378227901 -0.262005757315714 0.0341398787932499 -0.0539131412271645
0.0692993842118315 -0.396795786171998 0.00862443287501746 -0.126561177244238
-0.167701534246189 -0.357028782106805 -0.100058742948278 -0.181939517909601
-0.329737227528245 -0.229588463526356 -0.204780893525098 -0.151079831227003
-0.364181815109448 -0.132667643402511 -0.234094567400971 -0.088783535643586
-0.386491109108779 -0.113645283549833 -0.236132033807254 -0.121291975241337
-0.338274436558678 -0.273621710833126 -0.168589234539902 -0.183834169360245
-0.148133561946925 -0.409076943974154 -0.0209679084835249 -0.216313747991604
0.115286068860861 -0.491381547176732 0.100510151129149 -0.112390160846254
0.448832932332875 -0.188212728497577 0.105650750184438 -0.0139192532346044
0.427793042159051 0.262801936395219 -0.0596327672001042 -0.0675462488385472
0.191854611058998 0.489703284557512 -0.0837371126627353 -0.30702838214167
-0.0420436796718669 0.300564313168847 -0.0499466930411605 -0.287463867879751
0.128531604163333 0.293778095393379 -0.0633948265542445 -0.156180573999378
0.254436437854346 0.0744374812751461 0.0432125431954573 -0.00789534989737319
0.192286690898789 -0.182310751067315 0.13994623965461 -0.059732216678177
0.0341474947775636 -0.257581782394854 0.071197781807689 -0.223363483168016
-0.112127497542214 -0.227161043965203 -0.129837086799646 -0.292845592305402
-0.220242508446159 -0.154841127550709 -0.294858161250253 -0.227620170305344
-0.246566107006002 -0.0830936777278714 -0.344806565279407 -0.134442481920268
-0.27420454532655 -0.0707001770258861 -0.35434397126329 -0.150013248303798
-0.250255092965848 -0.186505247202962 -0.282145458500169 -0.228159154284562
-0.122015938468653 -0.295392522363652 -0.0991222891718447 -0.280906509639209
0.0784873919175903 -0.369322388710724 0.0623125309203524 -0.17565012055167
0.343662486552829 -0.140236475825176 0.0854449884356317 -0.0789077780842744
0.321339878991485 0.211682039136459 -0.0782878494278276 -0.14105181497496
0.118121628865297 0.372977327217789 -0.0921121685507962 -0.43902347440145
-0.0171375930531691 -0.176693738205336 0.115960371246233 0.484308668662643
-0.179870062455097 -0.117002313728007 0.149186680765306 0.177990220904003
-0.172051841866751 0.0904922373034356 -0.0588328344794688 0.0953930870523704
0.000657116072932346 0.182387389954425 -0.0643645550047604 0.237161009890507
0.0898517298646554 0.111219550329583 0.149535731968772 0.329913005190545
0.106484412877466 0.059184359210301 0.352358263315595 0.277883981034249
0.117709581917586 0.0352219099416917 0.431117214646409 0.173582789602089
0.0899897820564523 0.0151267067790351 0.415779996715822 0.130924218437995
0.0810641188417838 0.0386289519756363 0.361668473457045 0.203502962974303
0.0571081901429772 0.0855859429179862 0.197888464145826 0.306623128730723
0.0101116727696611 0.106264316352239 -0.0449402486037752 0.303327906674009
-0.0677842297593734 0.0960683789649397 -0.178223303224878 0.108887589227759
-0.113815129250146 -0.0264339637619235 -0.134656754413625 0.0129266311885959
-0.034974094441443 -0.145081892316927 -0.00217381480996188 0.124126587269906
0.0414329231484192 -0.141948257242071 0.0315732756660465 0.360970994476513
0.0684908743683281 0.0147022612384854 0.0904763570363203 0.524527728345767
0.00933692398019595 -0.0240822523974738 0.127126635560091 0.183183489048557
-0.0148055090091484 -0.000445896156223491 -0.087656974555043 0.118087593088136
0.0311564338392695 -0.00442576149704836 -0.0886625012385653 0.260199487753262
0.0187453668531101 -0.040092631660551 0.137499232989334 0.361392611175273
-0.0334707239170851 -0.0420528459240054 0.350006637349718 0.288981497280895
-0.058494849454722 -0.0129989200626885 0.428738885621719 0.179655798090868
-0.0751875173354511 -0.0414043202261896 0.41042483792172 0.130423714300489
-0.0657764181087791 -0.0614918892378003 0.366961144937437 0.182662405072371
-0.0139229845766248 -0.0960797192412943 0.229504822339262 0.289285775108586
0.0699469982775793 -0.0731200280586759 0.00500210076106485 0.320076185659753
0.0906368144240904 -0.00837741973483653 -0.155445195202348 0.162311600590679
0.0528235009277753 0.0291894283432059 -0.150728539656601 0.0520161599183787
0.0511023442802142 0.0218103482167663 -0.0221212199079578 0.107705354515183
0.0775640885877292 0.0459753408477913 0.0212640027205455 0.34556393921206
0.122316498273689 0.211612023732151 0.0413354352945791 0.485747491285247
0.189100418553094 0.107389425104644 0.0825116780749416 0.142618893356999
0.171003774688545 -0.0643389211089911 -0.134260535019763 0.102280530330489
0.0927135784404523 -0.1986298522946 -0.140896682080566 0.24972514571915
-0.0371504216742372 -0.211561509999347 0.0805133687500548 0.363634908235341
-0.160688800820307 -0.161590509615623 0.287954224537533 0.279443136130455
-0.224014841654527 -0.0754022792929537 0.359856701727809 0.166542050650502
-0.23036747984778 -0.0912485802882211 0.344678009899977 0.110604900509329
-0.210417933469127 -0.136442782320893 0.319698450186347 0.124114370071115
-0.114535360585441 -0.247194714344878 0.241671394169884 0.208597399874787
0.0697300358852394 -0.255799790360958 0.0859444233585321 0.268543988512426
0.200593760499039 -0.169738543825384 -0.0625402084014703 0.195544626037752
0.233021436069744 0.0200806051324095 -0.106173655983219 0.118753364113613
0.169837550241484 0.160373459686427 -0.0322267880575986 0.112007117884577
0.125796031219649 0.229047071401143 0.00916294995849231 0.283678273855686
0.13064623890348 0.377066736523122 -0.0106593248280929 0.367904478972999
0.309646063067166 0.260506013893227 0.031368972122345 0.06282680590327
0.34625706561399 -0.0694156964351867 -0.164622648030121 0.0467277564424149
0.192430600676283 -0.350398034182678 -0.182015537665506 0.18458765855598
-0.0505494521938893 -0.375467608314545 0.0011197171085933 0.305169270814713
-0.243869172970664 -0.287176295210075 0.178080940498868 0.228047186170267
-0.348860395468441 -0.147566605706589 0.23365868308093 0.126818714724391
-0.351795833481622 -0.129026513465858 0.226567702521947 0.0751984874117115
-0.333432858584124 -0.171964488756658 0.219043648799681 0.0494656449819667
-0.230861434764241 -0.340222109255958 0.204235067101397 0.0930961293069784
0.00752471578546186 -0.403934361451051 0.142217223610927 0.152610278851194
0.234852448592825 -0.354516073605614 0.0490010264184553 0.165786507748324
0.388442319100069 -0.0505184798387955 -0.0166402687234866 0.152834938324591
0.304160057196772 0.248624596936431 -0.0271315987540248 0.111201520417689
0.179030851092759 0.384892314976746 -0.00787515432054336 0.176691889963717
0.0948512838942285 0.475026768582672 -0.050281480214682 0.196870163950793
0.337092480159051 0.387317936267695 -0.00767171728544836 -0.0332920389407375
0.449649643550823 -0.0138464654340529 -0.148977286578696 -0.0204332118041335
0.290969294088133 -0.405128299952461 -0.167722293583358 0.0804145953887127
-0.0142567771320477 -0.477747512103078 -0.0552831537810702 0.177498365465446
-0.265325725738771 -0.381106425509558 0.0542618550713904 0.120731856183976
-0.409559409376356 -0.211034547320166 0.077695400193877 0.0539451568096283
-0.4211450836139 -0.150614861603637 0.0751750772414057 0.0272549736178212
-0.413915409016162 -0.169311126080059 0.0768927855898496 -0.0210402207937621
-0.327510832466556 -0.363023344974269 0.107816014021647 -0.0238704513988308
-0.0795029604407473 -0.479974028711166 0.134113077856484 0.009190826682012
0.205797411364409 -0.49322994154954 0.121408244704998 0.0760310169999131
0.478078504599501 -0.141095218295361 0.0689459714340995 0.126369551680422
0.413933581954489 0.283621588491216 -0.0206885301258338 0.0789806918070709
0.21989100809228 0.487778524889374 -0.0316836940237461 0.0314154489690339
0.0431926193837043 0.485602185634915 -0.0647113154730656 0.00861712030583862
0.285517183717778 0.436187149810697 -0.031707354713795 -0.111552704382761
0.446266118560092 0.0599828354303921 -0.0913287484006904 -0.0583071958140653
0.336282703976212 -0.358165965475929 -0.0853700858208523 -0.0113497054460804
0.037397531999543 -0.47929474101869 -0.0506612145179393 0.017080672775552
-0.231431778615716 -0.407308857293544 -0.0446924771000899 -0.0272497385321201
-0.401399171593524 -0.238395594663114 -0.0770172170632418 -0.0441861234582808
-0.425127050546737 -0.147292994969413 -0.0856419651094878 -0.0280785487096506
-0.433568082926965 -0.140392735429154 -0.0845497822481513 -0.0762465902835936
-0.367976487315485 -0.326672344747843 -0.029478821387609 -0.115837707531329
-0.141847433051694 -0.473304487995096 0.0651714137069535 -0.119860031759005
0.148302732751903 -0.540976204290459 0.129981672616998 -0.0282594406316847
0.490072087061479 -0.19947770826893 0.109203330114746 0.0582866152926055
0.461375037754524 0.27741341499063 -0.0330611158570993 0.0137442194796716
0.232339173321952 0.521452852239629 -0.0628330461662822 -0.136991557100037
-0.00405258211127084 0.419689372415172 -0.0622069235716957 -0.158591110184663
0.20406730773254 0.398484444638749 -0.0480806247049155 -0.150044063838515
0.364225828362017 0.0950559214906467 -0.0196231469050015 -0.0458214290713886
0.296839583815516 -0.266300055890586 0.0323655340699616 -0.0532447043409973
0.0574722273906987 -0.393296326926341 0.00671246668284385 -0.124872423154614
-0.173657771491855 -0.34804595796411 -0.103612952996031 -0.176610927358205
-0.332171003859541 -0.217103060579342 -0.205817056122247 -0.144118676246453
-0.362966211779229 -0.121758480674232 -0.232397115235322 -0.0821656301963705
-0.383702761103319 -0.102069186267106 -0.235991113209416 -0.114201710959291
-0.340135311771651 -0.261051183014019 -0.170216640360413 -0.17742825721433
-0.156428752680829 -0.401111887144046 -0.0256542655083296 -0.212532360732238
0.101099351025327 -0.486583486109841 0.0981420674548825 -0.112905339561352
0.437375447220174 -0.196176232064136 0.104252845020786 -0.0154456362448715
0.429197511916009 0.25017459202244 -0.060822349299861 -0.0649218845100363
0.199337368668893 0.479659411640826 -0.0903537059773906 -0.300091644695963
-0.0346367787739993 0.297636235235472 -0.0564594239683653 -0.282414859691632
0.13396944479491 0.286439906750085 -0.0662788137132238 -0.152150041721442
0.253275601165619 0.067567866493145 0.0425948614552115 -0.00880239144915896
0.185202189903991 -0.184496435517831 0.13616347773189 -0.0625519499211365
0.0264970438032855 -0.255451331409067 0.0654085499785968 -0.222411529964007
-0.116548047764165 -0.220976190330525 -0.134353053486421 -0.285930895320668
-0.221438909042181 -0.146970749019982 -0.296747771678412 -0.217201633691314
-0.244976352629526 -0.0755442630266932 -0.343461842167925 -0.12461169229684
-0.271885347276521 -0.0622362260092663 -0.352875430493165 -0.137859014683443
-0.251086984171018 -0.177883425469791 -0.282748951457321 -0.218035267314844
-0.127856526016342 -0.288451007139931 -0.10427454489128 -0.275160979701871
0.0680695829018224 -0.365905870957033 0.0586681691665092 -0.174784867404299
0.336149867129283 -0.146617040180028 0.0828352238192693 -0.0799551568161084
0.322760355714667 0.200996383390301 -0.0805798163816907 -0.136722481057657
0.124816963253551 0.365319148057059 -0.101667437178008 -0.429847906705146
-0.0201367383629807 -0.173838500883795 0.125570192227144 0.474153449080765
-0.180359354861319 -0.110678445826253 0.151098048849221 0.171226909859238
-0.167592091057181 0.0929558976720803 -0.0561761839693602 0.0951557743089728
0.00505047560718881 0.179594397309025 -0.0582651492708989 0.235142642979734
0.0915237912246974 0.107664270503321 0.153966828703801 0.321786725431584
0.106221044957639 0.0551594647941038 0.352831129207858 0.26515964832101
0.116891072307904 0.0316884339861342 0.429683488634799 0.161369503701178
0.0890060227242078 0.0126639466766115 0.412075664856317 0.118133674612812
0.0806393193991322 0.0356541211300499 0.360355729298937 0.192598898894841
0.0589142762612182 0.0830827504493707 0.201826893078569 0.296822515648607
0.0125621607740198 0.104569061375481 -0.0376108956355183 0.300512086489708
-0.0638303669044163 0.0967409575065494 -0.172976790981534 0.111554583986825
-0.113070035421495 -0.0231562618893399 -0.133068101166669 0.0162642262209285
-0.0378177846912296 -0.141844065342414 0.00117285913584498 0.122403849764233
0.0385033826103929 -0.141011814253969 0.039879158513357 0.354537871376164
0.0683434764390744 0.0127573376398868 0.101718523691989 0.513112100819793
0.00881739064813691 -0.0239637565842215 0.129739321887779 0.177399628205331
-0.0148280569165416 0.000100741964586113 -0.0844063559881992 0.118321538853959
0.0304896024483773 -0.00483644454149713 -0.0820064785652303 0.258508356426402
0.0178227855928376 -0.0404012034064776 0.143070368806147 0.353310106943805
-0.0339444687466694 -0.0408937501363483 0.350978273358294 0.278232975001951
-0.0578353150568817 -0.011384993340333 0.427046649406447 0.167938243441626
-0.0753399137667156 -0.0383639769944731 0.40761919958685 0.119502986792523
-0.0661065737825122 -0.0595927196851878 0.364816729925928 0.171787745885859
-0.0157471535089085 -0.0941361285090338 0.233305319909524 0.279466370533651
0.0677268061080996 -0.0741711300535596 0.0126650044389075 0.315819041236341
0.0894973368171872 -0.00998250737111786 -0.14989229245746 0.163469086701893
0.0528749860541653 0.0278401288451089 -0.14748237658187 0.0551534505497224
0.0509652027960136 0.0202259076498728 -0.0189413583559234 0.106607034665386
0.0776749241390779 0.0435413567269601 0.0289139816129144 0.339361651947528
0.125241003546784 0.206285980482422 0.0517868263284125 0.477765315298195
0.189250446377146 0.101459162495934 0.0844498176893734 0.137910578356227
0.166695152401762 -0.0671701953992901 -0.130471468337675 0.103328191717484
0.0861956398823536 -0.197933719470483 -0.134525242969701 0.249329714600834
-0.0411891255892373 -0.208164104562817 0.0876888049134839 0.357399064268238
-0.16212525093689 -0.156007867277394 0.28964010889571 0.269138303816942
-0.222645848849008 -0.0692780411997004 0.358265306210741 0.156099129017777
-0.228843424443272 -0.0843555750533913 0.341537695540899 0.101614912708327
-0.210088489640158 -0.129728502924445 0.317276909994022 0.114724378574948
-0.118937793449315 -0.240776655314574 0.243291086738091 0.199999073330811
0.0631085868452436 -0.253894446560484 0.0915901801828922 0.263007187185308
0.193751869561379 -0.171322182243081 -0.0567813847430078 0.194877551161891
0.230239546562463 0.0145748846800014 -0.102348037301403 0.120261414395302
0.171962345385682 0.154964103509037 -0.0294752198718461 0.111314231104256
0.12991127398143 0.223108300636674 0.0149722760032885 0.27883872097796
0.135803226506911 0.368985153963963 -0.002260993885421 0.363328333040535
0.312447747372898 0.249273276622064 0.0330753052801981 0.0599865681736775
0.339468340400499 -0.0759276830792261 -0.16119250657962 0.0493870586445736
0.17999751307341 -0.349399689358793 -0.176101873347591 0.186293986748058
-0.0589416019134786 -0.368868637573876 0.0084649521867428 0.300677224410314
-0.248115133424327 -0.276648640492415 0.180622367283396 0.220127459075273
-0.346861799760744 -0.137017838779464 0.23299540129101 0.11959302331112
-0.349972177684597 -0.118487217885024 0.225028477989588 0.069211116805464
-0.332394663382511 -0.161274746833617 0.216878925292986 0.0437912418476484
-0.236034150602451 -0.329072916643784 0.203738740808412 0.0863557147651695
-0.00118331831662997 -0.398198707394263 0.143819958111455 0.147387112679193
0.224555064498302 -0.354119278704872 0.0528162889058436 0.162177842401
0.379863841116898 -0.0596484384758043 -0.0129291394651076 0.151713904275407
0.305711581987845 0.237940927410157 -0.0241948277066694 0.110699693413732
0.1855828252628 0.374975689960889 -0.00381873521543634 0.175135451453711
0.103910424701711 0.465415421591484 -0.0442627944583342 0.1949727963556
0.341273067243072 0.373542798069146 -0.00791219466338857 -0.0331119546917177
0.442345949199916 -0.0222548962611506 -0.147260396296957 -0.0177135510188537
0.277094832674169 -0.406559136580563 -0.164176508967883 0.0830671692074175
-0.0247277341270819 -0.471431216222388 -0.0496866122769626 0.176093457852005
-0.270043344762192 -0.36901020498732 0.0562751756285197 0.117482781149713
-0.40803778651438 -0.197181195255669 0.077675425845194 0.0510562277900472
-0.418210145807341 -0.137633033088836 0.0753575768578516 0.0247955904160364
-0.41163251615515 -0.15782826102384 0.0746546650001179 -0.0227102060161741
-0.332697298233711 -0.350475023935575 0.106294493465249 -0.0261795845005591
-0.089243597661828 -0.471952844100487 0.132565003286033 0.00512172308752477
0.190961785880919 -0.491862088732574 0.122268086688855 0.0730920255420181
0.46822681289168 -0.149968999895509 0.0705047440707867 0.123746984793367
0.415354337634261 0.270774507596644 -0.0192253688652715 0.0779700526055764
0.227704256708929 0.476245322945416 -0.0310399076410167 0.0319905375379698
0.053711545787345 0.478472303918127 -0.0631553368495908 0.00963643928538801
0.291783043906507 0.424005462337833 -0.0334524613729708 -0.109743746871418
0.440033973380682 0.0488507693576731 -0.0906168783764642 -0.0551578133146849
0.323692745533779 -0.360846365726648 -0.0843526208399524 -0.00950517996640835
0.0248473433023423 -0.474430722589682 -0.0485208967454064 0.0172080236151978
-0.237813680954951 -0.39570706356995 -0.045300234714997 -0.0265180137669029
-0.400797048212004 -0.225686603413972 -0.0769519357965707 -0.0419549808495014
-0.420926549610398 -0.134946940313322 -0.0848642563204368 -0.025832787649952
-0.431508638853944 -0.127857541288823 -0.0851340974618011 -0.0732666622748609
-0.371978808200426 -0.314409691009595 -0.031741879609431 -0.113635684034755
-0.151997809344355 -0.463586777371331 0.0624488744261117 -0.120084046413765
0.132236040185779 -0.536055123924232 0.128833633620057 -0.0301812636231442
0.479578948146756 -0.20790915728546 0.109008724434733 0.0554461149059324
0.462154495742236 0.264078865258651 -0.0325944191683005 0.014413222425934
0.241786816203278 0.508381660748316 -0.0655474873799717 -0.133113139659631
0.00488757626842954 0.413951078188285 -0.0646545392182702 -0.155059090053981
0.210728447013693 0.386634537811191 -0.0507823297462076 -0.147348711216266
0.361696877872255 0.0849847112568414 -0.0199734407136224 -0.0450077833415407
0.286828646847771 -0.269856496743365 0.0309226740197471 -0.0530706660485403
0.0474321011952562 -0.389178223773138 0.00487695011085697 -0.123608418860786
-0.179521906578167 -0.338935694749439 -0.106197041424198 -0.172220977281695
-0.332074677578108 -0.206323044724386 -0.207009696219722 -0.137343923420173
-0.359411989323011 -0.112349022431014 -0.230589484199893 -0.075647443408653
-0.380269038728356 -0.0913087614978967 -0.234834075240437 -0.106518203697916
-0.341839379573955 -0.24977030059256 -0.172075827069378 -0.171466872322191
-0.163633322116492 -0.39150819282936 -0.0295366405643824 -0.20936499287954
0.0877743376142032 -0.482639790443348 0.0951485847592327 -0.113621448347155
0.426596920969391 -0.204610344115169 0.102500735764062 -0.0179149745848414
0.428380155497308 0.236859228776208 -0.0610759192472059 -0.0618707412755182
0.206820028264094 0.46840111815239 -0.0963384106464467 -0.292452119839193
-0.0275066240355433 0.294250538874459 -0.0620647947625466 -0.277612103194247
0.139862351824013 0.279580016861363 -0.0684584093097484 -0.148741725417192
0.251611156538509 0.0604255723334319 0.0420030717830027 -0.0100316171867059
0.178079322645191 -0.185933345363325 0.132951036137685 -0.0639039443405581
0.0201960898976201 -0.252693821108959 0.0606613445654427 -0.220985773874124
-0.119929911929451 -0.215145655362762 -0.140323600988296 -0.279143172956217
-0.221901788281314 -0.139520705294692 -0.297770069398648 -0.206594724960516
-0.242600967533284 -0.0687435442021388 -0.340900023049331 -0.114444407080926
-0.268954854433762 -0.0546911915836079 -0.350877079136587 -0.128137344666141
-0.251883071413549 -0.169931270072717 -0.283815537298557 -0.208453789694594
-0.132694693639925 -0.281604754607633 -0.108408028699184 -0.269058356033201
0.0579074699436062 -0.362240465602527 0.055060557566412 -0.174075054458387
0.327199137239639 -0.152256947533571 0.0800297906053459 -0.0806840650105145
0.32309535907215 0.191070305840973 -0.0826033364642782 -0.132417026573178
0.131394723340534 0.357655543698484 -0.11019882125167 -0.421094324806668
-0.0227890074301761 -0.171002491988892 0.134093005737224 0.464295444291716
-0.180348547012823 -0.105256138955623 0.152748864893982 0.16454942608085
-0.162712304724722 0.0952295778698645 -0.0541448872286806 0.0945783656479843
0.00895156652382013 0.176779940506245 -0.0531233995232537 0.232705452764945
0.0917364347407031 0.104010762812727 0.156917419690473 0.31473518961411
0.105896836335334 0.0521595585683526 0.354136292963882 0.253443773016314
0.116145062012203 0.0284296960757375 0.425362441670799 0.149212082232613
0.0871954205180226 0.0105956861610105 0.406501895321191 0.107465942237308
0.0803576838569023 0.0330428860977224 0.359202228683044 0.181190440666495
0.0594484296459221 0.0805736242791976 0.206034001656805 0.287818486041075
0.0148480470783079 0.102833528650198 -0.0308722661916426 0.296832195095597
-0.0607753939500912 0.0967397456126739 -0.168732068978531 0.113544202718123
-0.112809335089137 -0.0200826201228457 -0.130459924321917 0.0190192893130344
-0.040608916519366 -0.139985309683755 0.00393172431126887 0.120681112033296
0.0351193355393866 -0.139423549565098 0.0472389682922921 0.347056479696312
0.0680020680470602 0.0106728103361844 0.110646640093501 0.505106480456751
0.00850274439770275 -0.024288946799485 0.131752343722137 0.171308529806907
-0.0145499192743264 0.000476083507267583 -0.0813153299568 0.118223499862415
0.0299906675360343 -0.00555977301613147 -0.0762969546846746 0.256855092766995
0.0164155266343814 -0.0401484391323611 0.148290915790436 0.345253919572369
-0.0346475247232118 -0.0394727528848245 0.351771852045876 0.265310451460059
-0.0574673864251487 -0.0103049445516162 0.423940586273528 0.155555413780144
-0.0750732636110776 -0.0362006951982135 0.403867298794649 0.109033790210424
-0.0665857025982695 -0.0571821594465891 0.363090498611915 0.161820326493248
-0.0177033943595366 -0.0925008268326343 0.236407809780046 0.270006266891053
0.0648391576193881 -0.074960699955402 0.0197164888441694 0.311155512391267
0.0882157231219866 -0.0114035356479341 -0.143771115274322 0.165236611251097
0.0527892501996049 0.0261436117792455 -0.14475337682595 0.0576369102732535
0.0513996671537872 0.0185766068683698 -0.0165219432649409 0.105123974151188
0.0774596748058748 0.0409960601994172 0.0367576078048142 0.333361275701961
0.127631478054038 0.200050665809088 0.0622541323661442 0.468584585852297
0.189346749695392 0.0958365232893299 0.0864150524369629 0.133509943678116
0.162471149675585 -0.0690644945816865 -0.127016357099249 0.104672388164757
0.0805327468141289 -0.197130439273203 -0.127521293743847 0.249180541225156
-0.0455399250244534 -0.2042125481919 0.0940016752363965 0.350117327254509
-0.163665541495507 -0.149779176208512 0.291155681016676 0.258403675110934
-0.220843185186727 -0.062930353595271 0.355554812308135 0.145770669097862
-0.227605784820452 -0.0776709981825936 0.338948693511737 0.0933534735370666
-0.209614112813288 -0.123280987184502 0.31485978820489 0.105782986198413
-0.12216510102556 -0.234821382599613 0.244615945295723 0.191047854971638
0.05644737369636 -0.252453239971736 0.096165564883143 0.257527273527303
0.187335955693524 -0.172742323149582 -0.0517005987049424 0.193784161573271
0.227144417419392 0.00916394975167946 -0.0987271935389782 0.121005016106023
0.173274734886869 0.148390327432788 -0.0266556948493928 0.110601273022181
0.132468898103747 0.216513388342513 0.0211913464180656 0.274959637678871
0.14163633028119 0.361013824881059 0.00606147737758939 0.357971372441738
0.313464759402843 0.238628018191432 0.0340930232409343 0.0580193274829626
0.332630501154589 -0.0816580399083954 -0.158021263731364 0.0514092894019428
0.170389609957211 -0.34972868791147 -0.171232883796685 0.187367753852509
-0.0660699015997909 -0.362992697522252 0.0148462849211656 0.296068749401287
-0.251054130023473 -0.267538827417647 0.182412977969718 0.213095336588879
-0.344444225962042 -0.127538172548857 0.231634309999563 0.112591413762402
-0.347364713254899 -0.109068296763853 0.223115785594575 0.0634193272787222
-0.330749797243286 -0.152168194376042 0.213555904522144 0.0381639265580475
-0.239461895741973 -0.319521535001219 0.203086049167536 0.0803012648111176
-0.0107231377772563 -0.393626811331983 0.145473328790974 0.142203201914931
0.212112077995314 -0.353743120204898 0.0560806727517548 0.159685714851728
0.373994469979431 -0.0663362059710738 -0.0103612595441465 0.150517652043739
0.307120783458372 0.229143237433839 -0.0217431535966393 0.109660245588589
0.190778905126641 0.364984276039475 2.06608884458967E-05 0.172612786243672
0.112698247553993 0.456504642727709 -0.0397108060842011 0.193366354784576
0.34601487344638 0.360751352413975 -0.00789377352109062 -0.0332881516337758
0.435153023575192 -0.031925567982321 -0.144929707700051 -0.0142042795870767
0.264596879516406 -0.406033224558274 -0.16013684648105 0.0855892713852797
-0.0345142544259928 -0.463707028889655 -0.0444258827876251 0.174685551081221
-0.275024252340057 -0.356493855264327 0.0572498274313312 0.114052332447705
-0.406880407786774 -0.185281051265435 0.0767324401651988 0.0485262274352145
-0.414725900394794 -0.125548489492332 0.0746388522139418 0.0229576759187943
-0.408089017856241 -0.145769520143443 0.073062004214854 -0.0239304365676073
-0.334789947183479 -0.338364966982408 0.104491110214937 -0.0285426836310569
-0.098337373826852 -0.463748271645834 0.131413225296617 0.0024707498936261
0.176962031159275 -0.48924021104778 0.123538242255395 0.0700566665523906
0.457043813553186 -0.157765581056443 0.0726536567665694 0.120725940048748
0.41601826476357 0.259422838623479 -0.0174301775570746 0.0780930304499173
0.234866678968141 0.463784981455095 -0.0301643471539443 0.0328566272850695
0.0625745587726822 0.471096733909012 -0.0620989273859823 0.0108790736479073
0.297066204873841 0.411162866849906 -0.0345148430588122 -0.107487784862012
0.435207523702826 0.0387199141679023 -0.0899023295633375 -0.0532644949376181
0.310975564630501 -0.361236909597414 -0.0838127122261835 -0.00762224987993643
0.0145928057519944 -0.468443055909757 -0.0459847124698526 0.0180141297468211
-0.244370991342905 -0.38346523008078 -0.045322629648564 -0.0252300028217248
-0.401488481406072 -0.213463396034756 -0.0775365830382512 -0.039535981643705
-0.41816327261989 -0.123633648988503 -0.0832373781440153 -0.0239614867989568
-0.426290187138361 -0.116684132411003 -0.0851940334595684 -0.0702222977628744
-0.373726808911132 -0.301163886808855 -0.033195797967143 -0.111600018800971
-0.16045112243407 -0.453219994221524 0.0597116845485289 -0.120202684645821
0.117495956508314 -0.531065943014893 0.127728883547129 -0.0320788725475061
0.467801343586202 -0.21544426688524 0.10851562972068 0.0528553716728562
0.46092587553875 0.251575503925007 -0.0320241822395497 0.0154589645994558
0.247835051190498 0.496346869847701 -0.0674804358131299 -0.129040991473428
0.0136831629786403 0.408274340151249 -0.0673957088119372 -0.151645034436692
0.21755135417375 0.376520620119657 -0.05279812561337 -0.14416680924077
0.357492131321567 0.0765581107383219 -0.0198535524393035 -0.0436959824444337
0.276856422325616 -0.271692672198459 0.0295852743600129 -0.0529425487579112
0.0380205272773041 -0.384990323120684 0.00349570924491524 -0.12263584710535
-0.184747925897862 -0.328859429193075 -0.108874515422174 -0.167544938972964
-0.332086653075412 -0.194977163638929 -0.207308820329282 -0.130327930135225
-0.356653865477406 -0.10084674142972 -0.228219814089875 -0.069594329596041
-0.37585796982711 -0.0817305438988319 -0.233315566991318 -0.0998658337683067
-0.342849750453084 -0.238606748939971 -0.173197222129511 -0.164888332162112
-0.170206370975799 -0.383370342146271 -0.0331476862902628 -0.206097050075653
0.074701579461681 -0.47744302504023 0.0931747481749662 -0.11391605735969
0.415299238855074 -0.209758369348539 0.101096487990076 -0.019966472273216
0.427548566554348 0.225317972497281 -0.0614177568464872 -0.0594553450779092
0.212677992659389 0.456324492830149 -0.101698134745723 -0.284899228891184
-0.0208129872583071 0.291119551733487 -0.0671321399392327 -0.271483427032616
0.144711335118912 0.27202552092274 -0.0709023943879203 -0.145154764864469
0.248935547006244 0.0541030582074773 0.0417954769790422 -0.0105089546552516
0.171167322617861 -0.187632638915171 0.129580087408536 -0.0659246096991922
0.0137728846892114 -0.249470095537741 0.0564234836234426 -0.219052234278509
-0.122874311849181 -0.208973247083488 -0.144273087361533 -0.27207217253414
-0.221574199243903 -0.131935032888621 -0.298823257594738 -0.196775291277308
-0.240239341499249 -0.0629750084873758 -0.337537622032958 -0.105608585372664
-0.266419182980108 -0.0469208618869939 -0.34733294309469 -0.118948779203386
-0.252184556190928 -0.161309550564354 -0.284695848668623 -0.199124520936389
-0.137310523357545 -0.274455009166338 -0.112527986782397 -0.263424728698938
0.0487572144243999 -0.357747678125505 0.0514041257493682 -0.172119795670134
0.318641048975557 -0.157122450009477 0.07779071024521 -0.0818614413649555
0.322423200763636 0.181809132897435 -0.0839207711756966 -0.128095645794249
0.136137745267012 0.349866459274178 -0.117819619067882 -0.411877537620903
-0.0254023561478357 -0.168525861394415 0.141523027251938 0.454221819443664
-0.180853307033811 -0.100696249604624 0.154170467151583 0.157738984098402
-0.158718690940677 0.0968002450989018 -0.0518285940240413 0.0939537391180703
0.0122934799638879 0.173527869149427 -0.0479813625605006 0.230208279642001
0.0925822167636345 0.101313717694781 0.160247238590452 0.307148641058077
0.10567003015658 0.0492336666149459 0.353581197530268 0.243225493954649
0.114956316898389 0.0254183337158296 0.421843327980447 0.138082261187871
0.0859333478910202 0.00807878246640285 0.402384817319935 0.0974709922955805
0.0797383467496236 0.0303564281322215 0.356036868768308 0.171727554380588
0.0610467120848983 0.0778386119310221 0.209342088853957 0.279184669243375
0.017299444526694 0.100964459646935 -0.0231510235908869 0.293676307233222
-0.0574728162851016 0.0964866978187757 -0.164492622728314 0.115239423530638
-0.110916960026909 -0.0175817262335141 -0.128217677922824 0.0220662225351069
-0.0434740370891507 -0.137105499628053 0.00653374929371092 0.118925781415294
0.0320585103514632 -0.138313953886346 0.0537955917729073 0.340528053018249
0.0674890329839352 0.0091381136553413 0.118918106559325 0.494289915608804
0.00783866902653035 -0.0245511386877014 0.13314056392406 0.164960656391072
-0.0148150951750755 0.00125826142201213 -0.0778693304661106 0.117986542967108
0.0291257898336533 -0.00697538841780293 -0.070488857301427 0.254920554545686
0.0156449305463719 -0.0401761580255869 0.15213705006288 0.338009604046922
-0.0347130411148797 -0.0380832147044884 0.352499606267413 0.25395346493705
-0.0564904382521221 -0.0083120656773474 0.419551090455406 0.144490834580264
-0.0748549822217747 -0.0342600350101664 0.399623907118446 0.0996668990646877
-0.0665865867718101 -0.0555350461251108 0.360181936671348 0.151433459837598
-0.0185165843764585 -0.0907112659468616 0.239482817296821 0.261058993524579
0.0627773662753258 -0.0754796432964038 0.0251548967500683 0.306518917171638
0.0866572107471665 -0.0128685615581298 -0.138797945977296 0.165536153515199
0.0521366240932355 0.0248820745024228 -0.141536130937425 0.0602793475447228
0.050570184809699 0.0175635058613126 -0.0139296647205971 0.104286673377565
0.0781570088815467 0.0387629477902255 0.0427418356477017 0.327040806669601
0.129577252144278 0.194688022806607 0.0705083150325378 0.460826427563035
0.188224226785167 0.0905400261391619 0.0880238189689395 0.12904630135985
0.158724470089492 -0.0703787674095306 -0.123360628521063 0.105630783570884
0.0749172721341888 -0.195467606077181 -0.12206922824924 0.247519488072275
-0.0488049715432756 -0.20089846769746 0.0996450832425758 0.343112432578601
-0.163957694959075 -0.143825715913073 0.292993660129349 0.248923035341913
-0.218771705561984 -0.0577492267781082 0.352578424573431 0.136062363228284
-0.225682305998581 -0.0714824684845381 0.336091676710536 0.0842932491607837
-0.209990933481436 -0.116737798255621 0.311664791288783 0.0981352009611468
-0.125307888386541 -0.228801599327585 0.245205119868866 0.18324770555626
0.0504810807482605 -0.250307014023112 0.100474763949874 0.252076547214744
0.181562157856245 -0.174342843411134 -0.0467666213738722 0.192463323502198
0.223613884236595 0.00435633822611524 -0.0955217909171833 0.121897693555968
0.173534857562192 0.143290794975369 -0.0246535293255055 0.11019483741487
0.13554986085545 0.210801065385817 0.0258383882627467 0.27101242575958
0.146456030050917 0.351237205633099 0.0121867402611988 0.352792338367758
0.314213762357231 0.228267213847965 0.0349421624609854 0.0561405999128519
0.325547540515338 -0.0861465503186785 -0.154463811716814 0.0535058309622084
0.160369724197143 -0.34748198999732 -0.165229275520046 0.18832852614397
-0.0728944215868845 -0.355895689090929 0.0208466971498423 0.291211161313428
-0.252268000525489 -0.259156929415485 0.183744217302396 0.205991267923647
-0.342204294277432 -0.117756124070121 0.230043753996754 0.105882581241704
-0.343556133750479 -0.0997949440119991 0.220651870865246 0.0575752891744461
-0.329218895347813 -0.142828620770304 0.21142465217475 0.0337687158936951
-0.242893521867671 -0.310185512018403 0.201480888984502 0.074801213905996
-0.018387950282366 -0.388226088308301 0.146306588427552 0.137426121950703
0.201219665530439 -0.352770725021256 0.0585543414562522 0.156596443307146
0.367904044099132 -0.0737577857951842 -0.00786170676615885 0.149492311845561
0.307441097993642 0.220084213139953 -0.0195965946920097 0.108587842258795
0.195999579311966 0.356250195907057 0.00338580979512941 0.170403652141491
0.118844926470565 0.447424358896655 -0.0352276227049655 0.190715739435273
0.348981909302152 0.349155672765779 -0.00795764577198591 -0.0329109361055662
0.428517533726031 -0.0394726111995392 -0.143217299100076 -0.012120008437398
0.252797722989206 -0.405523978234304 -0.157204195034405 0.0876484053210052
-0.0448659817288807 -0.455427345894444 -0.0393879347205541 0.173136714120924
-0.278879720573032 -0.346893506194791 0.0588179574566838 0.111042679191891
-0.405007627785304 -0.175271849930178 0.0765199700069547 0.0464373637342079
-0.411531106702638 -0.114811062975646 0.0749978024551828 0.0215274618731049
-0.404436958586554 -0.134396605011752 0.0707118280064011 -0.0247773603134495
-0.337262603939432 -0.326104607520369 0.10226084749107 -0.030517446747388
-0.10653515753599 -0.455129851469141 0.130726477999642 -3.75414073773285E-05
0.163436696405137 -0.485084613727038 0.123517792417329 0.0670597664918767
0.447999515286774 -0.165349092731131 0.0731476197585851 0.118714980492311
0.415891652905117 0.247042996516742 -0.0158214620445712 0.0772011905306145
0.241983815486149 0.452306084891017 -0.0300671321343869 0.0336585756469899
0.0704223124577254 0.461645871468052 -0.0604960635649224 0.0120168342520173
0.304419968786991 0.400062329481506 -0.0356139923509828 -0.105980034175077
0.428330262841309 0.0296447090795379 -0.0887812643620771 -0.0507747766345122
0.298987387956913 -0.362376063876047 -0.0828922913588936 -0.00591090436936455
0.00447565819005847 -0.461270545969951 -0.0439471279981645 0.0185541464797784
-0.249520570003636 -0.373087994816793 -0.0456603852944817 -0.0243784520226466
-0.399361865093402 -0.201248152822776 -0.0771691694767482 -0.0373656740508992
-0.412810734206645 -0.111803574236709 -0.0825877180615636 -0.0220027036856059
-0.42258919384345 -0.107097778246645 -0.0858039759588201 -0.0671917686594498
-0.373557236989655 -0.289769687239745 -0.0345093174693222 -0.110042677320852
-0.167033376654228 -0.444821472790621 0.0566144709035835 -0.119990034827554
0.105274676493897 -0.524809624268675 0.125978007753509 -0.0342507835354083
0.457165709276754 -0.220300577202684 0.107748662234826 0.0500862721746854
0.458687661086475 0.238673175880371 -0.0315785937981751 0.0166195280471013
0.253577999258831 0.482982441403494 -0.0691458176918492 -0.124791370000732
0.0220483773072594 0.402162944943297 -0.0694153671887368 -0.148367595768813
0.221961024172854 0.367189366368756 -0.0546294917215276 -0.141251446014088
0.35311952574967 0.0685581522185044 -0.0199240422015614 -0.0430978962237787
0.266005971439048 -0.272555470829199 0.027744143036956 -0.0525307563896957
0.0288531299031292 -0.38003595800298 0.00203391082875606 -0.120810008269055
-0.188446200840571 -0.319967222367152 -0.110984621655495 -0.162658696401636
-0.331514488716947 -0.184941235995859 -0.206869395962416 -0.124103815168469
-0.353138498831494 -0.0924648421198211 -0.225679334180652 -0.064214887057235
-0.372458366335841 -0.0721122186166202 -0.231232835910719 -0.093326874293623
-0.342551526777094 -0.227938829659075 -0.17347435892656 -0.158975171975154
-0.175556197717798 -0.373061146674059 -0.0365079106349257 -0.20304250463322
0.0628860860742313 -0.471479190760832 0.0903707179264298 -0.114495140540173
0.406071358477252 -0.215690571750096 0.0995783078230335 -0.0207236268849309
0.426411639634703 0.213967374476288 -0.0623327688170211 -0.0571537305245346
0.218716328585624 0.446156476375128 -0.105875063608004 -0.278637502064736
-0.0149170375629801 0.286454544701911 -0.0718546118406515 -0.266472251130555
0.148980121583795 0.264997606797116 -0.072254637384877 -0.140823732529264
0.246889714302501 0.048427556428085 0.041098033745437 -0.0114304425169207
0.164349107125441 -0.18822440767982 0.126523487588546 -0.0673522209001826
0.00753180299683662 -0.246441588270096 0.051427877863626 -0.216651681055673
-0.12617361919752 -0.202958084676787 -0.148972803828036 -0.265216867666846
-0.2215064040294 -0.124838643247881 -0.299490894757415 -0.187672535915817
-0.237614778770873 -0.0560140652254641 -0.334604284731444 -0.0976593108981089
-0.262629114589628 -0.040189547572285 -0.344944626350827 -0.109718684436622
-0.252144505233287 -0.154423321236981 -0.284113896835852 -0.190163711179912
-0.141225128026057 -0.269035316223177 -0.115738558564672 -0.258300480341307
0.0402050859557485 -0.352974288298256 0.0478923514537665 -0.171257265793349
0.311674130571041 -0.160768657818045 0.0749480449516818 -0.0816533791992236
0.321841602432814 0.173267610046808 -0.0848744138369833 -0.124274091416109
0.140718917867906 0.342323864877721 -0.124711579122088 -0.40200333347143
-0.0274642156667082 -0.166030360848587 0.147301120925614 0.444767008860611
-0.180217623136297 -0.0959865782621371 0.154806828814943 0.153024789195999
-0.154442077901768 0.0987817859675412 -0.0500042330491013 0.0935758911523044
0.0155382312685366 0.170795561463014 -0.0439771459011311 0.228183121196065
0.0933587788103148 0.0977585800209587 0.162815318028861 0.300477504723897
0.104746162119535 0.0462315980378303 0.353658479452312 0.233160426604405
0.114054173966177 0.0226293972974256 0.419525538918223 0.128710944444615
0.0844046869693818 0.00654264276424222 0.398499643893515 0.0889209599406516
0.0792083854338637 0.0278633914003485 0.355079885331761 0.161550935088248
0.061944526069858 0.0758813651091056 0.211961364117393 0.270329585502346
0.0193445238309842 0.0993307015561464 -0.0178925946901482 0.289601378475416
-0.0552695957682382 0.0965778376699856 -0.160090634874055 0.116686655716085
-0.110058850872307 -0.0150833271485322 -0.125942009248084 0.0242675954855133
-0.0454893391273014 -0.134951942987373 0.00886220253086845 0.116876718856507
0.0293713979473476 -0.13672072321975 0.0600672299166964 0.33399456224509
0.067022677099613 0.00780546681722566 0.125648453952989 0.485453078375376
0.00681993918868333 -0.023948120860674 0.134500583319649 0.159991889225461
-0.0146375148585961 0.00124410042059517 -0.0753413229384145 0.11720782968477
0.0286914815155382 -0.00687915099784428 -0.0660262271035941 0.252735571486021
0.0142706238052984 -0.0398691973887481 0.155139588118878 0.329826065370662
-0.0357035546129029 -0.0366670243876489 0.351268741474756 0.243729753847094
-0.0558833988522915 -0.00758355462863794 0.418078786941005 0.134727337294284
-0.0747802760045057 -0.0319688162186991 0.396464220262918 0.0900239548114549
-0.0668685863463158 -0.0540503865627979 0.358129502263367 0.142717761883916
-0.0199781104780274 -0.0892852951929275 0.240054520315093 0.25275052621204
0.0606662532366423 -0.0757528609573501 0.0315150671864655 0.302397111955657
0.0854668820120798 -0.0142061023019128 -0.13389741258946 0.166121747557267
0.0517673393201537 0.0237718575942006 -0.138512941522644 0.0628044538209325
0.0504800649615548 0.0160180498008763 -0.0119052077461033 0.103152576529544
0.0778668904076421 0.036201573088324 0.0481233271040688 0.321472823870803
0.131459567304844 0.189873980595002 0.078945219292166 0.452465733726215
0.187576631730812 0.085482203456171 0.0894689957169692 0.124600751645055
0.15487724905057 -0.0726974933898921 -0.120074418113863 0.106212922332812
0.0702124541504063 -0.194458624869021 -0.115947331366356 0.247027555525253
-0.0526693223885356 -0.197180033677946 0.103712545896874 0.336333895779566
-0.165573760088036 -0.138707564506593 0.291630932175641 0.239236240094256
-0.216769814499131 -0.052477008308138 0.350770723625568 0.127540650801637
-0.223416787137467 -0.066294172863919 0.332644211152327 0.077486713256055
-0.208499597387427 -0.112358910260686 0.308362865025195 0.0916617254468447
-0.12798228749039 -0.223143672340696 0.245033031378143 0.175003208608752
0.0454408852696433 -0.248225396533048 0.103773826429709 0.246574137894198
0.175376362090634 -0.17441829241765 -0.0430830605277705 0.191077172496253
0.220848253382634 0.000963101716417591 -0.09261332205672 0.123257266214569
0.174596892160596 0.137901755791026 -0.022388752650136 0.108788791968158
0.137090208983393 0.205068526216753 0.0316186667179972 0.266422194951205
0.150290300633236 0.345066356509112 0.0192944045799948 0.347055233294061
0.314336412637881 0.219774401041117 0.0361898065875615 0.0531674899132599
0.318975398940415 -0.0902847205728447 -0.151750292324734 0.0554758372890713
0.15044466501588 -0.345538522952494 -0.159698712481615 0.188414598383414
-0.0787062313735787 -0.350798893475472 0.0256824138236113 0.286429911055708
-0.254226697190411 -0.250594910934684 0.184382028826386 0.199594913925092
-0.340029942594689 -0.11003548320433 0.228296215609553 0.0999725868299281
-0.34090214749496 -0.0915294959394626 0.219617975320764 0.0526521960758408
-0.326611694197622 -0.134391241482573 0.208136020598492 0.0292533550354226
-0.244305529043817 -0.301808998223409 0.200862487137293 0.0694281230183029
-0.0257326450242398 -0.382903359841408 0.14781319984441 0.132861677383489
0.192133559110409 -0.352068316046656 0.061734653124988 0.154090740651464
0.360631202831495 -0.0776883955857852 -0.00531116079154745 0.148309602117248
0.308826682971411 0.211361800894322 -0.0176300976630565 0.107834796698923
0.199482492794056 0.346571096602915 0.00580735943055814 0.168172303841843
0.125964222918183 0.438866783509828 -0.031204904917218 0.188537146009302
0.352516960529197 0.336022166162181 -0.00818443791254975 -0.0331550385015134
0.420443127919733 -0.0465931029493415 -0.140964047155933 -0.00942938891814124
0.240251399324639 -0.405010573868083 -0.153799970285241 0.0894666834823789
-0.0525782915547004 -0.449482027146892 -0.034916164637611 0.170706460661496
-0.283202888163877 -0.337595446897228 0.0596084527188963 0.108133083096002
-0.402258302022056 -0.16338152778711 0.0762870442671391 0.0444722914453125
-0.407403303458348 -0.10485996259426 0.0742146592536964 0.0194899714700451
-0.403689195359168 -0.125453386448437 0.0691536107422218 -0.0252628165930276
-0.338958814978173 -0.313622884026941 0.100860322648044 -0.0324127482549434
-0.11274401497597 -0.448897495283799 0.128867082493213 -0.00310699859922416
0.151678311771705 -0.480486710622658 0.123749840867144 0.0640835053174881
0.438332950542947 -0.171091728660402 0.0738606438904112 0.116052095928949
0.415068821639678 0.236988727793292 -0.0143898609478755 0.0771653153774923
0.245497519979235 0.441208215641857 -0.0286697004522749 0.0343760458699887
0.078012361918575 0.45501407690179 -0.0595841280552484 0.0128455421646732
0.307003622896081 0.387793321132451 -0.0361462509133181 -0.104329800569339
0.424512752858802 0.0225779427011161 -0.088221666498854 -0.0489214804320835
0.287562794366841 -0.364402095709252 -0.0823652984633019 -0.00410415201155069
-0.00459740652635236 -0.455681687950123 -0.0421833287390326 0.0188638703063308
-0.253561716858852 -0.363203343583681 -0.0456048968310664 -0.0235284494186361
-0.397253514002012 -0.190083969370335 -0.0778640277345687 -0.0353599503111716
-0.409490487479706 -0.102851912461294 -0.0809946359275903 -0.0204292392905301
-0.417938796759865 -0.0970287757898925 -0.0854154703794181 -0.0645296549754481
-0.374836808962056 -0.27855836096418 -0.035951530290634 -0.107835104210148
-0.172491803493758 -0.435478959239218 0.0542307689329211 -0.119453899156219
0.092865949963484 -0.520333966387138 0.124919596588537 -0.0354726095782033
0.447078806073739 -0.226353213847324 0.107308583981939 0.0482436617740242
0.459218018542431 0.22724074832805 -0.0309642468874974 0.0173146245326374
0.258620794249567 0.471474476266453 -0.0712080840542234 -0.121202815681811
0.0292682814559108 0.395571082805201 -0.0712698370774072 -0.145070036323885
0.228111713732702 0.357502301725729 -0.0558212699250232 -0.138583032260007
0.350554062375766 0.0614795596356273 -0.0198256827908302 -0.0421927841972011
0.257197795137536 -0.27412002228516 0.0263348954956797 -0.052477765853067
0.0215061306831173 -0.375566600127392 0.000676960680819424 -0.119476924471307
-0.192922620852858 -0.312465537776785 -0.112578948999493 -0.158861901162521
-0.330576885863045 -0.175884744402182 -0.207677442845483 -0.118061946385157
-0.348729884851547 -0.0838867772898687 -0.223272291986142 -0.0591933191008298
-0.367770059183624 -0.0630638161901361 -0.229664083779405 -0.0886971389507568
-0.342442452674204 -0.217660159253283 -0.173995077996945 -0.154286943313829
-0.18073898102743 -0.366027385355166 -0.0389511852403303 -0.20048166863415
0.0533657231684583 -0.464939512828838 0.0887835874165085 -0.113952648788118
0.395972310977051 -0.220490534442782 0.0982623877676705 -0.0231054996554142
0.424805212542772 0.202312470341515 -0.0622115291034441 -0.0543995463201951
0.224324666455363 0.435721422112966 -0.110112585942757 -0.272057468176347
-0.00965447340599332 0.283279990818192 -0.0755252579164405 -0.260988520144515
0.153033627293901 0.258530617710774 -0.0738845176421852 -0.13793171476232
0.244143721798231 0.0433191306116563 0.0410104855464402 -0.0122747415282241
0.158872193422767 -0.188230707766248 0.123647605761527 -0.0687262927812771
0.00304565507388501 -0.243476614127703 0.048141716831866 -0.215223066137076
-0.127661329402433 -0.198371694239074 -0.152042482551399 -0.258890699128921
-0.22101475024732 -0.118900854422189 -0.298482558573062 -0.179332746726014
-0.23560658390168 -0.0509650056876603 -0.331509177808356 -0.0898185838988054
-0.258933046517117 -0.034537586856746 -0.340935766637643 -0.103081132219684
-0.251624758196672 -0.147339997955895 -0.283101072716002 -0.183077000847858
-0.144602912597508 -0.261967648481767 -0.118524808005206 -0.252321310506589
0.0327428155939424 -0.349190019713092 0.0457467880943237 -0.169731272562235
0.304095398647347 -0.164380584963222 0.072767568895786 -0.0822196164700645
0.321175295249654 0.166157602071537 -0.085838717988513 -0.120604641789595
0.143560621848355 0.335182663766262 -0.130377211092681 -0.393295269295148
-0.0297213828016851 -0.164004155063252 0.154348133849503 0.435976332372037
-0.179765944929674 -0.0915078725295202 0.155446566536795 0.147412694045518
-0.150377359148704 0.100387159965754 -0.0484239279917586 0.0928275562361886
0.0182803785272732 0.168496605112375 -0.0401482133639311 0.225247008868396
0.0937543829337518 0.0946299133590733 0.163850251118838 0.293388002182027
0.103850445275747 0.0440346577489463 0.351740707637892 0.223838491537608
0.112219703933133 0.0199969515982772 0.413850727331002 0.119580125576304
0.0828175178652756 0.0049548494418813 0.394647706987314 0.081588761831627
0.0782601023681029 0.0257416293481289 0.352502443244865 0.154299081720498
0.0627795153287746 0.0739480538218262 0.214075072726914 0.262752780623027
0.0209003488194689 0.0975707577475754 -0.0123500723352672 0.285966165923004
-0.0521610590905434 0.0960312604689618 -0.155717010278406 0.117820046655705
-0.109276325323604 -0.0126979921903119 -0.12425287149688 0.0264796656445462
-0.0474857170540508 -0.13207076036588 0.0114094856235842 0.114836643596794
0.0265004705211447 -0.135897693930848 0.065513952258685 0.327447769032184
0.0661883792584927 0.00605002788894412 0.132465987750671 0.477124343179746
0.00615105951266291 -0.0238577410631851 0.136050554174264 0.154284897814875
-0.0142899975858507 0.00187786210623445 -0.0734638894767729 0.117212991407374
0.0280328026839685 -0.00729580897939607 -0.0610236096544795 0.250960475749563
0.0133483659988711 -0.0396619263888249 0.157414084620425 0.322987389716062
-0.0356941155100415 -0.0358402477706304 0.351007912880164 0.233596883577971
-0.0551241841410533 -0.00647880929160423 0.413052435306377 0.124966297724114
-0.0745036972421654 -0.0303040852689047 0.391609475229268 0.0823246104273459
-0.0669507491903484 -0.0520079714648654 0.354794738288439 0.133849425435515
-0.021613273886517 -0.0876482141209314 0.241762774042119 0.244053423186123
0.058486878369484 -0.0761142975193995 0.0366151810110676 0.297829495463895
0.084133147015686 -0.0152354567272003 -0.128920853639803 0.16651494289075
0.0513195050465211 0.0227246092470659 -0.135798636646289 0.0647240403162951
0.0497947934592363 0.0147304851890974 -0.00989303452504437 0.102098519689174
0.0773543487126101 0.0342748621385845 0.0533443656444449 0.316500874623609
0.133265255690465 0.184080599507631 0.0852288133456846 0.445156597171462
0.186819284965946 0.0808079473388479 0.0904786907219794 0.120068634139113
0.150903967717957 -0.0737314104952327 -0.116806892657741 0.10678145632109
0.0649386336384052 -0.192997546799459 -0.11102598055414 0.246259932856162
-0.0557915272246561 -0.193404578546183 0.108206670211647 0.32938519210715
-0.165561154755817 -0.134121976972316 0.291654258842064 0.230861139492707
-0.214251802621869 -0.0475474516096979 0.347484219415403 0.118875062279738
-0.22210354807446 -0.0609886625561322 0.32920568394612 0.0703096497464165
-0.207723787533422 -0.106615307750518 0.305404646339009 0.0843200662633922
-0.129998779404969 -0.217848027735018 0.245679945869656 0.167783343066145
0.0400233800397297 -0.246170883171856 0.107585239698793 0.241887930342837
0.169739565658991 -0.175213651178277 -0.0384969781117922 0.189493880765068
0.217880979700301 -0.0030740739411826 -0.0893515805881746 0.123121240743521
0.174624490882299 0.132735567185771 -0.0200149672588447 0.107679574385101
0.139767189350831 0.198321750201686 0.0359733772295462 0.261976000026703
0.154326629649208 0.337841969966823 0.0253157178713152 0.342078920624666
0.314521867290214 0.211375247410992 0.0371292778895654 0.0511665282549699
0.313330072751206 -0.0945102398113161 -0.148417145756206 0.0566663716577069
0.14264269662975 -0.344073811005519 -0.154829174460286 0.189267630167731
-0.0840140707846626 -0.343903265156916 0.0309605911712697 0.28221511621718
-0.255533764553406 -0.241087308243552 0.185229676055574 0.193092558116023
-0.336693976500845 -0.10204747731521 0.226141166903184 0.094842704390607
-0.337841925433886 -0.08369248459226 0.217223793987426 0.048080131820303
-0.324837048024883 -0.126385008274049 0.205160910039908 0.0253272360128774
-0.247283789390531 -0.292539884336359 0.199914936786072 0.0646831990389394
-0.0318978363624914 -0.377974047190389 0.148743834460196 0.128720444600998
0.183458863962495 -0.349161967556268 0.0642901620016086 0.151674289547195
0.354794789048159 -0.0836890681752023 -0.0029403592459725 0.146654812408803
0.3088449174746 0.20356367651359 -0.0156768325315181 0.106564731678151
0.203641450729304 0.337915274778919 0.00881466595299515 0.16657746811439
0.131181115975354 0.431350359246612 -0.0271209393455058 0.186710308419548
0.353224250175947 0.326171715807364 -0.0070600152326797 -0.0331944390145862
0.414171715241615 -0.0526976752944913 -0.138876954352088 -0.00727539069319171
0.229119324462125 -0.402827565733755 -0.15044761054025 0.0908305056977404
-0.0597963927371223 -0.442030777571358 -0.0305869426181121 0.168341698503351
-0.284305662900865 -0.326739827694119 0.0602496141015165 0.105231377072625
-0.400163408455367 -0.153782631248912 0.0751234428770259 0.0422483818264049
-0.402461293845856 -0.095615756000343 0.0741448745125343 0.0177101854392971
-0.399804112134522 -0.116329360317685 0.0675581333351571 -0.0263502181776587
-0.33976483423876 -0.303981557637934 0.0991917199893964 -0.0345637420869095
-0.120668077919987 -0.440838699968027 0.127851817455444 -0.00531305978667193
0.140474244170339 -0.476462268700612 0.124354788450995 0.0619108088693522
0.429344792916238 -0.175791444983683 0.0749719192720709 0.113891171904721
0.413204224883763 0.227300248220452 -0.0131192798985152 0.0768130437486036
0.250824770965945 0.431904477638283 -0.0275480541686042 0.0347514287751022
0.0839666448327444 0.447412945986366 -0.0585920418041057 0.0132738105251756
0.311688550123885 0.37702544955772 -0.0369377595406665 -0.102975128959639
0.417884291497331 0.0155051920316275 -0.0870345882767414 -0.0469976054385641
0.276722735043163 -0.363420896134981 -0.0812892632191397 -0.002763482554544
-0.0135295238300574 -0.449888367975866 -0.0401695692129942 0.0184517724860466
-0.256263011976815 -0.352631756677215 -0.0458820396694561 -0.0223079330173972
-0.395374399288127 -0.17911371188731 -0.0777165607185357 -0.0334125410031327
-0.405226024979067 -0.093055038063179 -0.0795001346844776 -0.0190542304866308
-0.413665787862497 -0.0869054948604018 -0.085759198601129 -0.0617700213576
-0.375896277280116 -0.267410555178356 -0.0372086196154955 -0.105919052592362
-0.178572412828032 -0.427871474009661 0.0519301674734701 -0.119364807949319
0.0825831537960002 -0.512771690623715 0.12406811143929 -0.0372945942458573
0.43447631685448 -0.23063154656535 0.106917905657427 0.046008282506972
0.456145823309968 0.216702508958582 -0.03017486830967 0.0179589989364877
0.264384834689486 0.459420612063736 -0.0729936410705818 -0.117188567003976
0.0345554570961999 0.389734356727494 -0.0725589799366992 -0.14148632466692
0.232108486134382 0.348339062982246 -0.0566471017684175 -0.135922879277755
0.346085577498566 0.0549107527348811 -0.0195911511844639 -0.0416515070994882
0.247826486805128 -0.274538497723544 0.0250901900896567 -0.051996110977191
0.0132901898151995 -0.370748562436732 4.09928064138186E-05 -0.118116695456834
-0.196026087576159 -0.304161879879817 -0.114562178582592 -0.154901145443099
-0.328519608218655 -0.166740666996361 -0.20712603834697 -0.112641146043347
-0.345702347343823 -0.0765064146755103 -0.22101420761559 -0.0550943247177617
-0.363419542125078 -0.055079448338926 -0.228005503585581 -0.083459284701986
-0.342661134926811 -0.208631834836849 -0.174311252707227 -0.148922623294584
-0.185496611985515 -0.357748601416172 -0.04156813737694 -0.196903952208448
0.0442370942820847 -0.460049724267864 0.0864187976804913 -0.113758610752812
0.38668575797981 -0.222911957871368 0.0966034729289062 -0.0239704530001555
0.422490013156551 0.192506293111047 -0.0620546606971879 -0.0520117092675459
0.228099309959079 0.426008470158529 -0.113996766626051 -0.265437402711283
-0.00466574852074942 0.279086594493173 -0.079837562416727 -0.25642753814879
0.155594438191314 0.251745400363511 -0.0750323782371961 -0.134908796971473
0.241924310467716 0.038547887981072 0.0406869655603041 -0.0130201025531513
0.153568939519768 -0.188564606056206 0.120729945738479 -0.0694456893214807
-0.00211251759052946 -0.239804801830158 0.0446356197302057 -0.213182485277433
-0.130051122642754 -0.192957350896222 -0.154171477513461 -0.252606890478547
-0.219520499066573 -0.112674066855139 -0.298163607493959 -0.170569917997991
-0.232441965137778 -0.0464303846734772 -0.32736059061487 -0.0837077628291668
-0.255791064049268 -0.0282952850160761 -0.33764823860103 -0.0952175294957492
-0.250401780494118 -0.140187783509332 -0.282636370925874 -0.175176288711793
-0.147838659805084 -0.25549956411366 -0.121429590250089 -0.247679042295141
0.0255455461964324 -0.344347672728941 0.0433350744535184 -0.168536245153683
0.296895746918574 -0.167691050411626 0.0709300078874689 -0.0823057477635941
0.320260033046603 0.158359358154222 -0.0870665151923052 -0.117309670388951
0.146911213528271 0.328072292237225 -0.135644984188626 -0.384844375037985
-0.0313817664923073 -0.161115229695328 0.159706443646442 0.427268028236862
-0.179298370680021 -0.0873060479259166 0.155648548184451 0.142097601012039
-0.146999989259308 0.10148183685885 -0.0469370755788345 0.0922118653469511
0.0212000422662503 0.165249417570082 -0.0367405894450149 0.22353718362187
0.0940781254568565 0.0915724518705938 0.1664666990586 0.287183452051888
0.103046258424156 0.0412891137609319 0.351473666384029 0.215893099106471
0.111327996916833 0.0175048525766564 0.411312417819719 0.110289144116941
0.0816390943704947 0.00326402591337138 0.389843784628989 0.0748703881111177
0.0781977765862412 0.0231486350478873 0.350456195316769 0.14530197518683
0.0634481423631319 0.0709373566792455 0.215707180555004 0.254918977442147
0.022756302605271 0.0958971215592948 -0.00681643539101191 0.282866249252438
-0.0496014745423885 0.0955265212182949 -0.152468874501278 0.118549287689986
-0.108031476721936 -0.0105563790413949 -0.122245659148413 0.028755725029057
-0.0496193858934375 -0.130098287695112 0.0130399074741014 0.113289898586437
0.0242520778962521 -0.134342373684785 0.0703223584778592 0.321484735170967
0.0660083188952949 0.00479741318514982 0.139397936211897 0.467607766271568
0.0055704099213961 -0.0238002638983383 0.136812879148241 0.149691309317261
-0.0141698608026657 0.00301377728876763 -0.0704367179463194 0.116898763808109
0.0271217469160764 -0.00778196010395571 -0.0566731307341196 0.248432409283662
0.0124356600387666 -0.0394134425051105 0.160581397656303 0.316188201905418
-0.0359214661880234 -0.0348911736804238 0.349460188337748 0.226026472794525
-0.0544049864655493 -0.00531015899144341 0.41084601731985 0.115474375094516
-0.0738192463507772 -0.0282758747052517 0.38733432529158 0.0750625082812294
-0.0668302761864713 -0.0507731671889403 0.351328450320495 0.125958353708865
-0.0222978746825943 -0.0861007584884929 0.243505078941576 0.235928987490244
0.0565233422807993 -0.0761396624882102 0.0414988672159209 0.292798402660227
0.0826072515685779 -0.0167293678361672 -0.124645155573659 0.166198529660795
0.050734895526067 0.021583075132168 -0.132831729667723 0.0668714592090669
0.0493327060329121 0.0135981726696532 -0.00800020168030785 0.101034461329202
0.077571752648962 0.0320076899188759 0.0595278687123029 0.310707613781607
0.134361610579863 0.179600464658221 0.0911266623942986 0.436881241755365
0.185968749042861 0.0762862543269543 0.0916450166122428 0.116855132122126
0.147613768496432 -0.0749968502248031 -0.11392719381677 0.107307399880465
0.0605409849895095 -0.19154591370105 -0.106458961049704 0.245094026972368
-0.0585335004331197 -0.190247631152507 0.111572912289643 0.323240587304629
-0.165860383411301 -0.129329969632651 0.291641236658235 0.222925468889929
-0.211962040548908 -0.0435224168516905 0.34442329076433 0.111943389078041
-0.219639608393726 -0.0556440241738016 0.325341031279282 0.0641534103554402
-0.206928455118516 -0.101402545677495 0.301866176924446 0.0780425356753324
-0.13217538121279 -0.212629145350734 0.245031100345589 0.161231900292034
0.0350481431380439 -0.244073389907297 0.110652930897144 0.237190791305612
0.164054064899422 -0.175747562150512 -0.0342433625396846 0.188358646972891
0.214527272348972 -0.00701446429273123 -0.0862208687353556 0.12402213136902
0.174974184629923 0.128409134537265 -0.0183229702258682 0.107240196383938
0.140960392457622 0.193738011343112 0.0395215594233518 0.257855400167785
0.157820251183512 0.330493012446308 0.0309605386933027 0.336212374637502
0.314589983829333 0.20218412744999 0.0378111464009199 0.0490836175416018
0.306891748118311 -0.0974945229637604 -0.14548273266888 0.0583664880845013
0.135202999866141 -0.341122597370534 -0.150585849769967 0.18967062078771
-0.0890286506492452 -0.338476729381558 0.0358324321920377 0.277348001767708
-0.256626697488066 -0.234124055411608 0.185436873154631 0.187300452519991
-0.333899964724828 -0.0939929204548012 0.224988863892951 0.0894920164861259
-0.333705695032527 -0.0766609409923277 0.215427021041757 0.043936856609333
-0.322374239940793 -0.118868022931249 0.202314759872235 0.021652002179663
-0.249032606053734 -0.284147883760045 0.198100506825148 0.0597278408315591
-0.0387393210561919 -0.373227937059235 0.149622743777738 0.124654365063314
0.174048898893529 -0.347668739030145 0.0669173032633167 0.149090351427521
0.348058658288406 -0.0891614863725803 -0.000253888122026077 0.14599660126519
0.308674194697136 0.195659915358882 -0.0138040061940961 0.105921189850239
0.20623533518038 0.329437230855631 0.0114934181012779 0.164480240807632
0.136368973509271 0.423604087874366 -0.0233990028474721 0.184144720273098
0.355401565932951 0.316337273771045 -0.00743429643022222 -0.0335994362727647
0.407031954019418 -0.0571381932676244 -0.13658944024906 -0.00525976730979301
0.219818620163564 -0.401371849891665 -0.147694140746821 0.0921716061192017
-0.0680825995018446 -0.436282920708886 -0.0266004648346507 0.166282135376635
-0.286108390405492 -0.317654582158305 0.0610039302915168 0.10239718250575
-0.398008091622411 -0.143569608788988 0.0744877095593742 0.0404264597264453
-0.398307027132177 -0.0867992316930392 0.0734233211139534 0.0157207140682744
-0.395515467790823 -0.107340295935614 0.0658222690897518 -0.0269483502235303
-0.340813788583543 -0.293170519644652 0.096839941738672 -0.0357488977379074
-0.127074080303396 -0.43413796294617 0.126266585371787 -0.00728701268594826
0.129834592496302 -0.471619638725347 0.124743109210261 0.0590779115886088
0.421692458331678 -0.181362788875857 0.0758319047917835 0.111755335002819
0.413134450489199 0.217831660011039 -0.0117531960149899 0.0761992247534216
0.255267055335356 0.420503701435035 -0.0273573936509826 0.0354868156396604
0.0898105156959307 0.440142209080902 -0.0574293435817267 0.0143922215086028
0.313914375414157 0.366693477751513 -0.0374848116311179 -0.101397381629865
0.412647571600199 0.00841313449781222 -0.086669432795053 -0.0456059600407152
0.266630198169706 -0.363535762856497 -0.0803806974067492 -0.00104423434964734
-0.0211174047127666 -0.442429227027479 -0.0377912743991991 0.0186161105536045
-0.258244998693269 -0.343891830865379 -0.0461143776791288 -0.02199318792721
-0.393294383838641 -0.169803893719234 -0.0780390192637896 -0.0313076152585835
-0.400870349885752 -0.0850455223815851 -0.0787652320219379 -0.0177038202975912
-0.408044831303095 -0.076937846793263 -0.085651141895393 -0.0597528187563089
-0.375679498673596 -0.257906469867738 -0.0382551420944642 -0.103861796258034
-0.185460267471678 -0.418256672242073 0.0500448378710707 -0.11885836902098
0.072021634544651 -0.507861124350496 0.122596001383495 -0.0389658507659968
0.426226974781063 -0.234835065718946 0.106347667370634 0.0435068293533071
0.4544515477786 0.207253199554694 -0.0296359746008635 0.0179402704600613
0.270317638981422 0.450146409585748 -0.0743885689248984 -0.114197957449427
0.0403853018925503 0.384995955488564 -0.073908681559959 -0.138642247931388
0.23438722426087 0.339411586523254 -0.0577295172171743 -0.133240134814583
0.342417190630612 0.0478906176126965 -0.0192446672000306 -0.0413578023547908
0.240612941853111 -0.274517598966201 0.0240314531205256 -0.0515404073623187
0.00571842354642431 -0.367278647982691 -0.00127740555498297 -0.117019081359686
-0.199035112868756 -0.296252730893056 -0.116508038226302 -0.15097812978837
-0.327808768229065 -0.158259033339202 -0.206987188441799 -0.106920537863423
-0.341909920621519 -0.0690669679537741 -0.218114182636853 -0.0513134929201462
-0.358999548498132 -0.0479045364416695 -0.226569724579994 -0.0784487372118218
-0.341408206833502 -0.199450684638137 -0.173986733751511 -0.143792574402816
-0.188399425198169 -0.350690003462545 -0.0440262169687004 -0.193925850641312
0.034186777642042 -0.455260873004411 0.0842100546116799 -0.113970671962939
0.37792087265215 -0.228259177266104 0.0947654468041488 -0.0252868204012986
0.421212261650929 0.185117571796347 -0.0621743479096703 -0.0503138637507573
0.23160481576445 0.416364904524214 -0.117142358878106 -0.259173877419464
-0.000113929889106465 0.276374665636338 -0.0828823993219156 -0.251657336772183
0.158860158113764 0.245828048482 -0.076435526956328 -0.131996076252173
0.238770783607434 0.0335367206615064 0.0399924308887639 -0.0135318520981441
0.148017742485862 -0.188803474991083 0.11800353938575 -0.0706570366880942
-0.00634844707371316 -0.236492240414935 0.0419338518352835 -0.211648424003534
-0.131369452026692 -0.187760425653958 -0.157013077516768 -0.246543627263444
-0.218655273759036 -0.107131435234232 -0.296827333097249 -0.162910413069738
-0.229843324890749 -0.0413286876936237 -0.324347918698031 -0.0767938944694826
-0.252363959560802 -0.023147199416868 -0.334569633506592 -0.0883071813132966
-0.249875578075933 -0.133825231798909 -0.280806018815052 -0.168116206956167
-0.149877692948569 -0.24976720826766 -0.123201482103149 -0.243038096713828
0.0188956839951908 -0.339627364090416 0.0411392467157467 -0.167134194991384
0.289871090251688 -0.170456497483786 0.0690151663685632 -0.0825518154316398
0.318442372412432 0.151410058489719 -0.0870937140307876 -0.113590984894953
0.150499688877851 0.321670464058902 -0.140757565412925 -0.37731283298459
-0.0331007920610121 -0.158264512257942 0.163382987447604 0.419120150738275
-0.178531930413686 -0.0834036256225305 0.156178302298858 0.136047367870967
-0.143226435639342 0.102135290865622 -0.0455579002409173 0.0915138183469614
0.0237322473856426 0.162772138334511 -0.0331161450299884 0.221383110812247
0.0949896623947386 0.0889656940971509 0.167507314987064 0.281848941388018
0.102296317714127 0.0387613534214711 0.349104257191555 0.206866521364691
0.11038603521005 0.0150799914639106 0.407139161308682 0.102648113680195
0.0802354126037506 0.00212777588727871 0.386076997362867 0.0670499030926943
0.0765211072281069 0.0214217662194854 0.347716865916392 0.137586530682142
0.0642463159852635 0.0693017016273678 0.21703826705207 0.248086098637058
0.024195206257832 0.0944497206300318 -0.00220504685275039 0.279101628253438
-0.0472001167402756 0.0952654120063749 -0.148776551301998 0.120414904467639
-0.107129441964781 -0.00877035198101993 -0.120256893752058 0.0309676211962442
-0.0512675292914602 -0.128109228997609 0.0148162540740589 0.11182433350347
0.0223028488565597 -0.133054898626918 0.0746891276013527 0.315241375760316
0.0651379775116595 0.00315741927353149 0.14483143595324 0.458479293658841
0.00493028678285503 -0.0238685604317795 0.137218316445711 0.14442799354053
-0.0139441664064484 0.00277092293072434 -0.0678560251995974 0.116146789259657
0.0269567762210204 -0.00812537316900926 -0.0527866103160965 0.246509431556808
0.0113668826242303 -0.039341146635473 0.162611717160176 0.309750067567274
-0.036263867085753 -0.0336082860002005 0.347938636508738 0.216834935876187
-0.0538381597542349 -0.00474348050907651 0.406047301889768 0.107483476675454
-0.073601472873782 -0.0267429588290075 0.383800558780719 0.0674611399994503
-0.0672187579832055 -0.0492287954900475 0.348106959807487 0.11888171971988
-0.0231942491329452 -0.0845747908301379 0.243949031056036 0.228348434044337
0.05476712674236 -0.0765414180709213 0.0456454452853197 0.288799625092024
0.0815807686649713 -0.0177234303415848 -0.120705252199914 0.166396694925699
0.0504307672281588 0.0204891413686466 -0.130337839165663 0.0688862029416034
0.0486436470104067 0.0123613540462023 -0.00607933441583256 0.0995704252977335
0.0771954993577322 0.029883775166852 0.062847185691485 0.305017355908488
0.135495922000722 0.175219159755269 0.0972364892207722 0.429357137253453
0.184903581551839 0.0718234641179268 0.0927087766025641 0.112841099443275
0.144182159252634 -0.0759867953977962 -0.111108529823881 0.107185468200352
0.0569490489427396 -0.18960118555505 -0.101711606414427 0.243393855951412
-0.0606033637940081 -0.187102699788139 0.115808540305702 0.317263885907933
-0.166107030153677 -0.124942646612206 0.291385106245225 0.21503353452559
-0.209711505254788 -0.0390292688007012 0.341329426872962 0.104290852969773
-0.217387472478629 -0.0515332575908063 0.322428826990095 0.0582911221611838
-0.205675035946317 -0.0972281721823163 0.299029727994505 0.0729678312519376
-0.133541924297189 -0.207605407143622 0.245077874217846 0.154318437660124
0.0305470856167312 -0.241835193714482 0.113551823714116 0.232465593952137
0.159396254533692 -0.175720147677223 -0.0308308745915036 0.18722083815931
0.211653308360579 -0.00995726512310377 -0.0835153106111155 0.124370550259373
0.175900187048999 0.124183876957063 -0.0163362643938876 0.106190650460322
0.141891693557991 0.188302912066623 0.0435719069935726 0.253829538914084
0.161266780012205 0.323707153266712 0.0355419078288813 0.33141674572656
0.315029347847951 0.194300025837734 0.0385448734287336 0.0468225639960369
0.301104260006838 -0.100883604049752 -0.142813118130316 0.0596584567273578
0.127120936111764 -0.338484436597153 -0.146749028860783 0.189357799931311
-0.0934047264160131 -0.332949838744068 0.0399040957699862 0.273193645215956
-0.257727431772918 -0.226295798074414 0.186175266957013 0.181317448218588
-0.331003420923173 -0.0869332458146128 0.222963849611118 0.0848758282564732
-0.329938607103608 -0.0694485932893947 0.212919423136 0.0394933151140496
-0.320646240538014 -0.112469342153246 0.199365449759669 0.0182947303460489
-0.250206591233604 -0.276495988741585 0.197047068791647 0.0551721089615644
-0.0442922099027137 -0.368132255604192 0.150795754178469 0.120865605051655
0.165883170836726 -0.34621166123058 0.0686385727841552 0.146686662059444
0.341621136254256 -0.0925155519133245 0.00168699630298699 0.144319866836463
0.308869190416165 0.188274378855549 -0.0122917723812255 0.105234286745207
0.207698563534776 0.32178312266763 0.014094566912022 0.16263159663608
0.14067649682605 0.415664187054754 -0.0198922326103629 0.181811759470454
0.356824548186981 0.305892141787772 -0.00706151718558988 -0.0337729459607034
0.401503048272004 -0.0631649875094202 -0.134536983280585 -0.00363239107115377
0.209435148435365 -0.399506624221991 -0.144634069181939 0.0938021673266649
-0.0752996748198857 -0.430552085142306 -0.0236750195678799 0.16444354632691
-0.28915969557585 -0.307998681701887 0.0610678251195215 0.0997198174934246
-0.393302292384003 -0.133845328513959 0.07345152056465 0.0388725917113169
-0.394036392274628 -0.0792757292011415 0.0727641421457016 0.0145518385911045
-0.391703273580246 -0.0984054524171552 0.0643020717011972 -0.0275603879733552
-0.342047932866498 -0.284607961416246 0.0960448046460784 -0.0372553768709323
-0.133161056364998 -0.425591447659023 0.12502949389903 -0.00919710341593893
0.119848059383714 -0.467808320106377 0.124913743494476 0.0566205106120651
0.412952266123109 -0.185551797586901 0.0763766447822877 0.10933722232374
0.412286292574481 0.208369640854934 -0.0111210321121062 0.0758579574892424
0.255928809707102 0.410498781744398 -0.0264064883336647 0.0362377803666123
0.0958532363149941 0.433553532515462 -0.0563502764371355 0.0146923352585471
0.316655139496386 0.356682994589235 -0.0381498403002373 -0.0996804779674929
0.407757442843948 0.00198150220103654 -0.0851254518519361 -0.043886162464351
0.257034949460751 -0.363049933299651 -0.0797503086953424 0.000261349048876325
-0.0292648713958389 -0.437798286706745 -0.0367816602957013 0.0182155585597711
-0.261707431066356 -0.334069136008734 -0.0464344808602632 -0.0209116533796924
-0.390377244330525 -0.160497818962344 -0.0779057542475706 -0.029400028753452
-0.397063092846478 -0.0774172856528765 -0.0773867481783846 -0.0164060366455156
-0.405079179727142 -0.0705362991160302 -0.0851458299971989 -0.0575694515082266
-0.374877847169315 -0.248664792966958 -0.0395291794547935 -0.102027041108157
-0.189710295080932 -0.410191369813015 0.047870737497944 -0.118552917708062
0.0621723712612449 -0.501763251858202 0.121533779213737 -0.0401363368104999
0.415996866946211 -0.238221850953866 0.105882375246937 0.0419250034246271
0.453293149312716 0.196027297476374 -0.0293686568243995 0.0190640924066873
0.270493947835684 0.439442131971938 -0.075301851423974 -0.110293644565222
0.0459824369588365 0.378973174819855 -0.0752891950251496 -0.135613463378805
0.238028598888613 0.330815533616517 -0.0587904908069056 -0.131398321099766
0.338896813054669 0.0420637891602048 -0.0193062829100817 -0.0405758829596262
0.232646818397546 -0.27479255972349 0.0229960543906191 -0.0510646392219702
-0.000407107301127193 -0.361327657907334 -0.0016631253060501 -0.115921310006829
-0.201031045374771 -0.289910060716517 -0.117812937434062 -0.147635428498325
-0.325596746513053 -0.150798937660955 -0.206683441620953 -0.101877931601082
-0.337876014963283 -0.0620909489032874 -0.216072429714704 -0.047340731384671
-0.354211127801516 -0.0402793909672456 -0.224545212580012 -0.0735062032810408
-0.339678081657495 -0.191294964007229 -0.173837501521791 -0.139346251858758
-0.193637447717736 -0.343017687899866 -0.0463091480451754 -0.191543034575133
0.0262816856787096 -0.448691739082872 0.0826774032881136 -0.113826895607012
0.368974301263731 -0.230938718842598 0.0936871951914565 -0.0264272657558909
0.419371370168287 0.17596282246689 -0.0622356879333059 -0.0485789750687767
0.234867811771645 0.407733651114001 -0.12037241481914 -0.253572926370262
0.00465220622647853 0.272347906281084 -0.085606568059282 -0.246811146547787
0.161180028456642 0.240001376015882 -0.0767379525491972 -0.128854330371537
0.23682698008553 0.0299399217345532 0.0399667923491215 -0.0142221880226111
0.142525358143628 -0.188507746036504 0.11567152380731 -0.0711336391699222
-0.0103811003212449 -0.233592506286528 0.038486311141741 -0.210047861575828
-0.133073559279503 -0.182902453161204 -0.159174058279502 -0.240735591077202
-0.217762052756696 -0.101547719568252 -0.296155175508282 -0.155524665274968
-0.227113090596113 -0.0370703621639879 -0.321491134351304 -0.0715186322759313
-0.248440932430856 -0.0192637562913486 -0.331896697610113 -0.0814625768556375
-0.249245158472488 -0.128105992456061 -0.280295620261571 -0.161224637055663
-0.152783549287822 -0.244388399691409 -0.1253409912561 -0.238193629161516
0.0123629991154533 -0.334834862077046 0.0389560870004949 -0.166203589328406
0.28333160972372 -0.173138915183349 0.066904244446242 -0.0826329806838349
0.31704335696784 0.144672355863612 -0.0878758098245276 -0.110553655670566
0.152341256561315 0.315217416990034 -0.144780977451992 -0.36859195212724
-0.0347798615198223 -0.156264100263117 0.168265104939399 0.412574466410572
-0.177999890964356 -0.0794663751893859 0.15654626524166 0.131865109151862
-0.139812091502107 0.103004416390757 -0.0441013018981651 0.0909831654575424
0.0257077463857661 0.160449301602313 -0.0297711317362617 0.21869359350071
0.0945812000398033 0.0862198192927398 0.168182081222152 0.276310192879459
0.101814400350869 0.0367210998946035 0.349210471828522 0.19881012585781
0.108837507047435 0.0130206293908335 0.402411205884938 0.0942885603748499
0.0791353910809862 0.000944198997510264 0.382185785414646 0.0609397173752011
0.0759831574616929 0.0196464418784285 0.345392338920339 0.130179169955304
0.0649264189983087 0.0674715069515716 0.218509662116703 0.241561152146356
0.0257911194502548 0.0929462473045053 0.00205597933988487 0.275839286466119
-0.0452905683972934 0.0951250272891058 -0.145760824517624 0.121038910344225
-0.106225394038415 -0.00672936825873195 -0.118295687154415 0.032961681722123
-0.0528249164456737 -0.125612878943721 0.0161477911616511 0.110129064049992
0.0200633461004527 -0.13194333421799 0.0791120490407196 0.309691533269679
0.0648112253258296 0.00233045392103674 0.150100547218364 0.450867004243202
0.00445469527008709 -0.0239766104611949 0.137600143476757 0.139864857461951
-0.0141831108677459 0.00323505426428304 -0.0657302135922043 0.116240831681535
0.0261504041277819 -0.00849788408363454 -0.049145721434215 0.244407051589492
0.0105265009975309 -0.0388755562195673 0.164927723504725 0.304495349298374
-0.036584857785995 -0.0329334076020979 0.347465164702774 0.208759816161255
-0.052792385508576 -0.00386681867168436 0.401926507393784 0.0998211431232796
-0.0728049109617031 -0.0249746728840308 0.379601476991784 0.0616662620330805
-0.0670998751386359 -0.0474772781577324 0.345682853485938 0.111412864697565
-0.0242307416220757 -0.083447725586021 0.244724511770782 0.221617982474159
0.0531720415818165 -0.0765386048561804 0.0499338078134609 0.28480454995862
0.0803932482584462 -0.0184198178611815 -0.116509237019742 0.166699717592745
0.0502792721994243 0.0195401584987377 -0.127504291878082 0.0704993142612822
0.0485283958548008 0.0114933422124038 -0.00453636037429496 0.0985524261286984
0.0762920542283446 0.0282134546197311 0.0673180495712597 0.300750524632072
0.136541269857876 0.170620384609198 0.101926698400656 0.422273918535862
0.183699695952436 0.0680339615268094 0.093247186612521 0.108977701674914
0.141228834947165 -0.0768476611133047 -0.108403550649537 0.107783748629495
0.0526907061479746 -0.188477905434068 -0.0971476871523534 0.242700272252592
-0.0631683760237806 -0.184059027330699 0.118718161499865 0.31153224602964
-0.166164388535556 -0.120982005837613 0.290763927700166 0.20770488421913
-0.207608596288637 -0.0350892508438193 0.338503271919112 0.0987641623916756
-0.215818209538124 -0.0472023406181798 0.319495432177795 0.0531787394311842
-0.204790744801853 -0.0930642633340595 0.295826704868021 0.066960533770216
-0.135619521764733 -0.202808753724646 0.244823390947346 0.148290948137428
0.0261111066691644 -0.239545504778872 0.116307818787727 0.227917052267787
0.15430569173064 -0.1760770957322 -0.0270573537145025 0.185617972062031
0.209678770499063 -0.0131648073309624 -0.0806506356378959 0.124726285779803
0.175407636575368 0.119670306860912 -0.0147924058928477 0.104806967932392
0.143337480082037 0.183791937277451 0.0476296810577777 0.250108120721767
0.163185105836618 0.317454187663628 0.0404243230185258 0.32626620525084
0.314699619827698 0.186679250229712 0.0387724322621605 0.0445825637407025
0.296395602585761 -0.10367185063581 -0.140350175714896 0.0608302514050687
0.119166691910512 -0.337063427392712 -0.142725718725261 0.189975150716366
-0.0983937718351493 -0.327395530315679 0.0435192630417608 0.269122943458117
-0.258387068279308 -0.219483689090574 0.185453396694781 0.17646521663588
-0.327821931210358 -0.080658334077598 0.221273190016454 0.0799328809088007
-0.326472849347018 -0.0630572628066943 0.211673207632112 0.036262344325621
-0.317960821605616 -0.106150067613048 0.196725781937888 0.0154765941669421
-0.251690291232332 -0.268854495693127 0.195460573647459 0.0513871733147123
-0.0496012892323095 -0.363250127162465 0.150574128203512 0.116946011727181
0.159533643296484 -0.344338301989165 0.0709058448364916 0.143897385104805
0.336388443295153 -0.0970966272163536 0.00387011411022477 0.143413105803062
0.308435336998211 0.181937195011824 -0.0104497149248387 0.104433686652447
0.211724507305362 0.314178131759917 0.0162285973278529 0.160687132568905
0.146214813037006 0.409449910290142 -0.0166699937134863 0.179713390302029
0.357174589980681 0.29587629609403 -0.00709429086384846 -0.0336105809774909
0.395226550486098 -0.0669558099965109 -0.132362621698802 -0.00207896254972745
0.200423220668185 -0.398132508883787 -0.141965261453248 0.0941499645617092
-0.0815464456183046 -0.423336976131203 -0.0205128236326389 0.161949353583751
-0.289516060253033 -0.299384027143457 0.061460545693869 0.0974685231959467
-0.390692143725299 -0.126718327119602 0.0723462033860433 0.0376532427238583
-0.390948267916589 -0.0706248385021566 0.0727428717173382 0.0128291814129758
-0.388158554797287 -0.0905133192394169 0.063252278672523 -0.0277866430954472
-0.34281807665104 -0.275200133000863 0.0944136128790886 -0.0387119457811813
-0.138232117919265 -0.41981720545035 0.124142877332989 -0.0112031621325184
0.110195371126556 -0.464410361706627 0.125487536156132 0.0544867189997401
0.404177625192989 -0.189495424534787 0.0777464509940484 0.107508992643444
0.411232962032845 0.200670120072307 -0.0100435493579112 0.0753189763677435
0.260717284341667 0.401539099031413 -0.0256025574082068 0.036358864396324
0.10082461772918 0.426467846004897 -0.0552898656876991 0.0154148875950873
0.319338287572841 0.347475859257009 -0.0384380372322227 -0.0985819837882992
0.402338436593858 -0.00347324231693227 -0.0838953817071459 -0.042560929901788
0.247298420611477 -0.361952210431947 -0.0784339529129221 0.00150231175354511
-0.0357201577063639 -0.432516906300053 -0.0348112233273998 0.0178300967393702
-0.264429418690137 -0.326005092591418 -0.0469201021909692 -0.0204205300645221
-0.38805525263135 -0.152321308289007 -0.0782310029724181 -0.0274171433978708
-0.392550722109026 -0.0701571996988389 -0.0764780569994866 -0.0152716235850507
-0.40183008983172 -0.0613786923147401 -0.0849386905545726 -0.0553117491339602
-0.37448099293697 -0.238225525522893 -0.0400856136089342 -0.101047060589831
-0.194058753307125 -0.403603695397014 0.0459320740372142 -0.118127988501659
0.0524834297047911 -0.495166712631228 0.120378334026087 -0.0411363576489827
0.408062634445769 -0.242590261972687 0.105222985657134 0.0400484968605303
0.451585320488408 0.187346435417668 -0.0287506940614841 0.0194614813943787
0.275181196489101 0.430925596838214 -0.0765133788628856 -0.107511989179921
0.0508641148804977 0.373998473976473 -0.0763847238586692 -0.132723012320263
0.240793178972072 0.322639219662601 -0.0594601798445041 -0.128921859121889
0.33554793224054 0.0368323040365306 -0.0191061608789645 -0.0400610279431116
0.224349468865627 -0.274953387906725 0.0219919904923782 -0.0509193636168795
-0.00621458016642173 -0.356073809416593 -0.00279752209337956 -0.11489900177735
-0.20289757165855 -0.282214605071653 -0.118965360319296 -0.143801825463763
-0.324306800339307 -0.143118320815139 -0.205734399282914 -0.0970039101744412
-0.334318959687272 -0.0560380675425214 -0.213834158172144 -0.0435593089606286
-0.350299192196468 -0.0340170388447016 -0.222506326452669 -0.068968570434445
-0.33958502596164 -0.183657535249921 -0.173899027447464 -0.135054350637526
-0.196887733257165 -0.335528410348622 -0.0477521814908055 -0.189175017487034
0.0187072838115474 -0.443224562259266 0.0805471115463691 -0.113980639936874
0.360010559768569 -0.233405487000029 0.0923574633529497 -0.0269526142105508
0.417655090735152 0.167475897779161 -0.0624488434868149 -0.0468725557851337
0.238374405467412 0.397676299018308 -0.123189748544237 -0.247974762984104
0.00869067262105588 0.269062762712099 -0.0887417486296472 -0.242557618309949
0.163485456111983 0.234130578049618 -0.077662971433095 -0.126370413456716
0.235155732087228 0.0255160399504115 0.039372603470813 -0.015269940942918
0.138044102433059 -0.188059281039972 0.113759092753877 -0.0718216246631347
-0.0140464198766214 -0.230633624115656 0.0358543973172071 -0.208447323251527
-0.134050332723139 -0.178529099018505 -0.161439131346385 -0.235621882354981
-0.216538912074346 -0.0967767175431792 -0.295335109170192 -0.148855886603727
-0.225358758038866 -0.0330013599551446 -0.318158828298188 -0.0657410913099026
-0.245298083558792 -0.013938502987395 -0.328940300989896 -0.0761968012006706
-0.248327607426421 -0.122379987272978 -0.278949218576183 -0.155094647779277
-0.15506386791271 -0.239009082322205 -0.12681617753161 -0.233619499930361
0.00679990442842322 -0.331103429908621 0.0365714842681263 -0.164666820983909
0.277078185933735 -0.175191274973881 0.0651247256478359 -0.0825862318216689
0.315626017848437 0.138405949030386 -0.0882540089006105 -0.107268508669711
0.156544743457961 0.309917312026943 -0.148752502226846 -0.361897740617828
-0.0365913595289568 -0.15450287745566 0.172499885052482 0.405899838088348
-0.177731175134815 -0.075698827048324 0.156619285066874 0.126586933218027
-0.136623149870449 0.104107201897838 -0.0429451029905134 0.0904937570646307
0.028189178069618 0.15781003140591 -0.0264586778882254 0.217136847943752
0.0953512690497938 0.0841373991003104 0.169843519198171 0.270666141931226
0.101017606871735 0.0345451074915517 0.34745941246811 0.190557289367874
0.10835058127806 0.0107540460476452 0.402092174869016 0.0868975884050693
0.0781531013802263 -0.000181653251067216 0.378490408299952 0.0539960981977164
0.0752635312294572 0.0180613241561061 0.342348692372491 0.123365037332035
0.066064460511113 0.0654083264363515 0.219655171695318 0.234647344837682
0.0273044039800759 0.091134327057145 0.00617376574667754 0.27277315678958
-0.0430203406339842 0.0943870914723022 -0.142368487758674 0.121962826529024
-0.104937929658623 -0.00514880840613727 -0.116346672987735 0.0346954466680436
-0.0548864326916694 -0.123661006401268 0.0187024919300851 0.108284144563419
0.0175360165842824 -0.13079391603037 0.0831674217268688 0.30437488735653
0.0644857858873139 0.000932005878635378 0.155410038161588 0.442149080189265
0.00385262062149563 -0.0237771798928638 0.138355764854363 0.135208860636176
-0.0136304798306487 0.00361576179088385 -0.0642406674266949 0.115369286540673
0.0255039690699804 -0.00897915702702847 -0.0454619607545599 0.242319298854511
0.00959572997738017 -0.0392180016661301 0.167319096844006 0.298071430805346
-0.0372923511940298 -0.0314396075560312 0.34646102060095 0.201556586015568
-0.0522913107981093 -0.00306465209500419 0.399212982682292 0.0925111920842172
-0.0726644626702103 -0.0233884170112185 0.37652752634839 0.0547914188778873
-0.0671132426421466 -0.0461327456696623 0.34321362111958 0.105546361191276
-0.0249613962885028 -0.0821255061853816 0.245368713869657 0.215016668818193
0.0508904629113939 -0.0769261233374767 0.0539716307495452 0.280708843872404
0.0790726136821896 -0.0194462904849289 -0.112013531117269 0.166418582401784
0.0492563474841799 0.0189775066967183 -0.125493187174899 0.0723879447927044
0.048019628642604 0.0102174677886076 -0.00287124922400747 0.097402730664356
0.076242956648375 0.026484848146359 0.0715621432396994 0.295357769062511
0.137546473763417 0.166684394421532 0.107510594323896 0.416940061217954
0.183169895565842 0.0643684887456139 0.0940808112553833 0.105162582158449
0.138256454846124 -0.0772107704192876 -0.10547421126367 0.108109173658133
0.0488536212879119 -0.187018945579302 -0.0932401881742672 0.242058031990964
-0.0655757915582649 -0.181027320518069 0.120989793906419 0.306555907352669
-0.166546552910053 -0.116570529754709 0.289824143284193 0.201354656382417
-0.205469705645187 -0.0314391024756163 0.335514801936182 0.0911983849174476
-0.213531601854913 -0.0431334637481707 0.316546072266547 0.0468383541237876
-0.204106999703297 -0.0883507167229611 0.293097002793427 0.0615580752522424
-0.136682055014282 -0.198515963116484 0.244148022561187 0.142737887809295
0.0222304265971442 -0.238081829749149 0.118705644388848 0.223259714888769
0.149590037125146 -0.176530544267916 -0.0235264828620184 0.184202107700715
0.206162901654746 -0.0159347600307282 -0.0780310670436074 0.125414915897878
0.175997040681057 0.115608038027334 -0.012624214920584 0.104325745479521
0.14483555311609 0.178881088042585 0.0508327484890553 0.246564627495053
0.165681622164767 0.311141934580681 0.0452679275059653 0.32156851573814
0.314228397616266 0.179997861079179 0.0398517247555806 0.0432807011040448
0.29137430453752 -0.106819554669018 -0.137510422887152 0.0619265352187126
0.112673416855574 -0.334396485449618 -0.138404632445429 0.190175513707227
-0.102369386870656 -0.322508584867284 0.047194347209093 0.264228246077865
-0.259372822422724 -0.213065810125308 0.186296695425975 0.171367436999005
-0.325600883680818 -0.0741335386369365 0.219198073999656 0.0758111806988491
-0.323721106067822 -0.0574669083881362 0.209550710524785 0.0324439965951275
-0.315727321394236 -0.0992752095664631 0.194366413697172 0.012915130648412
-0.253357920976393 -0.261727864350779 0.194425221941688 0.0470847898290572
-0.0557992390979209 -0.358726434171519 0.151547633040346 0.113214728363477
0.151754923192897 -0.341908829573659 0.0726660134303495 0.141840336715273
0.331767292609928 -0.101886041171282 0.00542489687237024 0.142583189986672
0.308339972429335 0.17497175683449 -0.00930221161878175 0.103705188842677
0.213760194937058 0.306610126329408 0.0191322137624198 0.158762144729046
0.15148688528902 0.40246688380609 -0.0136518887048912 0.177959957794341
0.360055956360832 0.287768495911655 -0.00714728369750742 -0.0342932574318296
0.390089559662045 -0.0715818311120089 -0.130279369052708 4.62427746897716E-05
0.1907769142708 -0.396800079932974 -0.13949827373914 0.0960688271206358
-0.0879465252449429 -0.417619261381798 -0.016671782714213 0.159979477235615
-0.292318823862128 -0.291029713911295 0.061646723214384 0.0953236790785823
-0.388228635786397 -0.118296360397135 0.071600457870108 0.0363327632693655
-0.386635081644096 -0.0644008876143427 0.0723273934238694 0.0113772892244209
-0.3847936213185 -0.0838977601025846 0.0617480916449741 -0.0280050262991445
-0.34274487174201 -0.266693575177066 0.0927705527723987 -0.0398935740959755
-0.143263505544023 -0.411865984359867 0.122999498981948 -0.0134869647215845
0.101591657626873 -0.460111043167159 0.12562639902918 0.052479039944244
0.397915223528498 -0.193591633097091 0.0781768833153603 0.106218384512856
0.410074881321242 0.191416587786336 -0.00871672120375101 0.0749724862077976
0.264831626592424 0.393211702522231 -0.0247723283259561 0.0367878310860231
0.106243566781654 0.421358310353958 -0.0545009833295676 0.0159300080498787
0.322480986495353 0.337283386025038 -0.0389522702008696 -0.0975663087471071
0.397606627099702 -0.0093013051029156 -0.0832715382351198 -0.0410039033517303
0.239328137853121 -0.362286948168722 -0.077856306135764 0.00276582624729113
-0.0431090846056791 -0.426431035215645 -0.0335019799440779 0.0175878870680026
-0.266402026879609 -0.317294198861096 -0.0470490914124665 -0.019294466480518
-0.386041132407211 -0.14425370910385 -0.078109648724735 -0.0256750496868653
-0.388748760697187 -0.0620415249577893 -0.0752393934194018 -0.0145689006517965
-0.397293174236574 -0.0528728194923372 -0.0848444443351914 -0.0532314729049007
-0.373856765448792 -0.230692404897972 -0.0411144744641359 -0.0990718474972102
-0.198493181046009 -0.39496404669856 0.0440574106820484 -0.118030284349792
0.0427508739392081 -0.49091135900985 0.119481998251569 -0.0430079729186545
0.399411231952171 -0.246185362785585 0.104306198563061 0.0383672229614405
0.449671991121213 0.179322117060918 -0.0282288138377023 0.0198533323742365
0.278820636546354 0.420870492151428 -0.0776173106719582 -0.104468751739219
0.0569695565507067 0.369016825138958 -0.0777898909710391 -0.129853998630498
0.24491766433078 0.314633207100079 -0.0605573679175072 -0.126406279305867
0.332686227436349 0.0318949090420477 -0.0189505466182793 -0.0394867148314322
0.217816114066106 -0.27528909434821 0.0212509306509246 -0.0500599314169515
-0.0128695718430133 -0.353467781809916 -0.00380551712969693 -0.114478332575195
-0.205441967879659 -0.274963062445872 -0.119919162900163 -0.140104125154765
-0.322425185744307 -0.135807425061592 -0.205890883235058 -0.0920038672788897
-0.330784134455793 -0.0496377381389428 -0.211784588197375 -0.0400865128144408
-0.346273254478181 -0.0275700072325026 -0.221410288773947 -0.0651705531760237
-0.33848798404078 -0.175527830273643 -0.173646798507084 -0.130902744710233
-0.198724358147977 -0.32877465503437 -0.0505173897021365 -0.186765860918219
0.0108588566773899 -0.438226782552166 0.0796142142982763 -0.114463100876487
0.35336094447078 -0.236586259679336 0.0909690738735622 -0.0279021175463578
0.416089510715589 0.160138497067377 -0.0621292443262784 -0.0449261441300585
0.240777012922817 0.391321822776556 -0.12573735658307 -0.242237280468467
0.0121925902080118 0.265887078827614 -0.0916429082042013 -0.238207081094094
0.166280983238586 0.228428329552643 -0.078796655913167 -0.124204271362189
0.232821216401123 0.0216884317437887 0.0391620431939051 -0.0157375565905954
0.133333521916176 -0.188114876343061 0.111510718347246 -0.0727146600370402
-0.0183507050232366 -0.227577214685932 0.0332308575545337 -0.207303778455358
-0.135588194067618 -0.173881553999936 -0.163582126446813 -0.229777624945817
-0.215744683344777 -0.0916269858414433 -0.294378970348845 -0.141124131851953
-0.222190346351858 -0.0295792192599651 -0.315435302495082 -0.0604251599266196
-0.241795269517071 -0.00934293978904532 -0.325863114960484 -0.070903034151993
-0.247812079938085 -0.116334177681851 -0.277893081310795 -0.148954580574344
-0.157469999592419 -0.23371421273004 -0.128689882205852 -0.230001817704446
0.00106591911326461 -0.327475741044531 0.0346239767688812 -0.16387923907613
0.271510375266612 -0.176962233740179 0.0634938350060198 -0.082783085468138
0.314575454594752 0.132559012966823 -0.0888758045083271 -0.104646358970508
0.158260593409493 0.303440618811353 -0.15374418688605 -0.354141633237361
-0.0379373015421208 -0.152453023940212 0.175988562732873 0.398221723501621
-0.177368489210976 -0.0713842263773623 0.157092586535096 0.122686144417408
-0.134170383329139 0.105230007058388 -0.0414878258704361 0.0902708104571626
0.0298332269518408 0.155389297191382 -0.02411633027272 0.215409316815906
0.0955807789428207 0.0814360883254254 0.171217040111477 0.266539770080577
0.10029558008734 0.0330182691810457 0.346331472583129 0.183926855512953
0.107092893752647 0.00906422997944919 0.399107939703698 0.0794097948690796
0.0768885407484543 -0.00148757733835548 0.376301576655702 0.04844600070954
0.0744044242738821 0.0159889105256537 0.340820075728669 0.117116523374279
0.0662723489417065 0.0640064662392335 0.220354628899527 0.228689858092008
0.0290511020634136 0.0897261627476096 0.0107403050060218 0.27047877626849
-0.041158578091328 0.0944728833261677 -0.13989136296162 0.122368206759276
-0.104549631397109 -0.0029019264654886 -0.114877401055185 0.0365478527103874
-0.0567655214035772 -0.121751634408801 0.0199051465834518 0.107122335945828
0.0161053459340336 -0.129640598702132 0.0873056731669329 0.299554552282204
0.0639212986572029 -9.2102375063727E-05 0.160013108292139 0.436875901928739
0.00324412463136324 -0.0238398427480861 0.139269368876441 0.131384964257681
-0.0138731445985824 0.00387901483543579 -0.0618994556605013 0.11548010769474
0.0251083156718509 -0.00928375362678469 -0.0424782209938458 0.240479127061096
0.00905378922912956 -0.0387865613056063 0.169093172937995 0.29250947735979
-0.0370865169277709 -0.0307002681095529 0.345812685315736 0.193204433080979
-0.0516680876185564 -0.00275896478468355 0.396540525445172 0.084811451490954
-0.0722153557390092 -0.0219607625750959 0.372675446231614 0.0495713874068518
-0.0675469048513502 -0.0447954048701828 0.34125268868994 0.0996003303477847
-0.0257996655566739 -0.0809535214566831 0.246031828830253 0.20893832300765
0.0493048744767838 -0.0769475668731893 0.0585850612118367 0.277493484220323
0.0785238236405053 -0.0205460276137103 -0.108846988254544 0.167074852748342
0.0490420733645468 0.0181811251515125 -0.12346925403805 0.0740753305888273
0.0479233296227957 0.00950120306796263 -0.00109666343605078 0.0963068664557419
0.075793080997757 0.0246964202914769 0.0763835028624604 0.291503401625867
0.138609309648791 0.162815329819442 0.112512506644838 0.411239193875037
0.181904925223912 0.0609480440058612 0.09434475152049 0.102071138876272
0.135372154040679 -0.0785034576796444 -0.103487732788081 0.10852348781578
0.0457258868271694 -0.185570825905813 -0.0885557521117225 0.240625945866774
-0.0679583131854712 -0.178740929050437 0.12467242092893 0.302449402615964
-0.166969606739252 -0.112994412247182 0.289261781912751 0.194757830869954
-0.204379350857729 -0.0281182926168009 0.33319642357236 0.0853874790297031
-0.211488128878498 -0.0393757921139038 0.314342960361626 0.0419176220392652
-0.20329336110618 -0.0849698446733111 0.289964861254817 0.0573657715520353
-0.138761452539249 -0.194839252521817 0.244594948961345 0.13686682410814
0.0187859589204356 -0.235952781709133 0.121744833642079 0.220042216976417
0.146198380915537 -0.176214186767782 -0.0203715053812241 0.18304541664228
0.203982947197366 -0.0186976029025813 -0.0759016896679826 0.125799479585981
0.176477241693812 0.112409153501242 -0.011410974039513 0.103108840716016
0.146122954867607 0.174747177416237 0.0544353330549785 0.243641698569986
0.169496361403169 0.306173567675995 0.0493739109631183 0.318336489453877
0.314634159348759 0.173219632213519 0.0403461293647101 0.0413355753788991
0.286427010075969 -0.108572979508911 -0.13499151734976 0.0632327351879487
0.106059929293017 -0.332097766768252 -0.135133950789928 0.190137544027533
-0.107759952584168 -0.318196866195195 0.0502923076428469 0.261028221119936
-0.260432579627126 -0.20634881770176 0.186073923248716 0.166960068231924
-0.322716710862705 -0.0682547567263233 0.217971670293357 0.0726494902940969
-0.320739964076282 -0.0519045250983813 0.208076573935066 0.0291971488436133
-0.313815948210315 -0.0937230071455777 0.192977360273925 0.0104177698442542
-0.254960447611982 -0.255445714548212 0.193152807594852 0.0435946389772449
-0.0605579410736126 -0.355365526615329 0.151785270786108 0.109965985918479
0.144849864723899 -0.33980886458549 0.0748982968551715 0.139800987094267
0.327892777493954 -0.104754667953329 0.00764958452659858 0.141819461756404
0.307820758891035 0.168269085089387 -0.00718588591001669 0.102958739075178
0.216758977001995 0.30000234235016 0.0205405386413195 0.157046279567529
0.154896872583714 0.396518717071597 -0.010656871359738 0.176402674992275
0.361539881178186 0.278101215655199 -0.00749740267285734 -0.0347878995941911
0.384489721028637 -0.0770121230489918 -0.129083745777592 0.0013768508640995
0.183001830343669 -0.39561280833532 -0.136959627090567 0.0971406263723396
-0.0935310229835186 -0.411902208094048 -0.0139166387085143 0.1579860779966
-0.293312611020143 -0.284410222859989 0.0617647070437228 0.0933408465348342
-0.385797482209741 -0.112274263658386 0.0712243032677286 0.0346096038556468
-0.382450392216237 -0.0576052353407595 0.0722477243002273 0.0100983567125804
-0.381254369144304 -0.0767625489031522 0.0602443308389293 -0.0284321349107141
-0.34287836442595 -0.259328601910781 0.0917319766655125 -0.0413899293076471
-0.149322926194276 -0.407028122619293 0.122213223554242 -0.0151998093998341
0.0928666581393381 -0.456063969542139 0.126379155773843 0.0501743780248676
0.391192123727077 -0.197814564732767 0.0785280758158927 0.104588501087414
0.408687529290764 0.183784042665636 -0.00823004561290223 0.0747783317416997
0.267730674871172 0.38520857777504 -0.0248506690796381 0.0370103034785222
0.111735063666779 0.415388418666026 -0.0535975443395127 0.0166568631199604
0.325050717026541 0.329589216467257 -0.0392021403137126 -0.0964394411672602
0.39378261119293 -0.0141612952608734 -0.0822392788119348 -0.0399459450275113
0.231399344465117 -0.362184061388117 -0.0768561358765927 0.0036427627828857
-0.0493321483519798 -0.422578199318317 -0.0322150382067244 0.0172871352648388
-0.267547356174057 -0.311125914342268 -0.047263530368136 -0.0184476145216266
-0.384217807408741 -0.137381606743206 -0.078588534354134 -0.0239498750290503
-0.385870504888003 -0.055775572528648 -0.0744850175251052 -0.0132748953047506
-0.391708959546688 -0.0485837344991741 -0.0854827925161966 -0.0510439618201606
-0.374331206632614 -0.223161220143993 -0.0422367386094092 -0.0975372997900885
-0.202672852982953 -0.388849814492704 0.042695109965836 -0.117912805424073
0.0358203903332152 -0.48591602746975 0.119158118169633 -0.0438506649966582
0.392262713618183 -0.248937810549121 0.104356656239114 0.036855934752019
0.449704114006492 0.171638237317539 -0.0280004829128947 0.0209462405469843
0.282119801037326 0.412841966902309 -0.0786681979102086 -0.102032614596274
0.0600032192600035 0.364309074647401 -0.0788099941822394 -0.127145284079378
0.247761318730714 0.307621098984922 -0.0610234787797076 -0.124946980718359
0.329972045634853 0.0266425294714914 -0.018792509452391 -0.0395898504864992
0.210907499583694 -0.276000433105254 0.0204488896228107 -0.0503511172778398
-0.0170723209995572 -0.350008721404024 -0.00423340155321913 -0.114110256311405
-0.207813253121305 -0.269533403004276 -0.121251848464343 -0.137545533769201
-0.321431672979679 -0.128288096163028 -0.204919586774333 -0.0878010801716065
-0.327882556106696 -0.0446568333216051 -0.210008576958851 -0.0372927883702352
-0.342201587257181 -0.0218057439955117 -0.219744963129744 -0.0610277241861588
-0.337861518272906 -0.168941212553283 -0.174009828501053 -0.127785412830656
-0.202652280308785 -0.324540335055614 -0.0518402304548931 -0.184452224189796
0.00372726295677218 -0.434041923183353 0.0783959622028855 -0.114013244340973
0.34640210794958 -0.238492078936554 0.0900547322313101 -0.0293244594421217
0.414811208253875 0.152170923856032 -0.0624392316813567 -0.0430840731772133
0.244083199749416 0.383892031075118 -0.127847870393465 -0.237670420746382
0.0156870197861981 0.263451795435943 -0.0930962621967262 -0.234870604797979
0.167794338750864 0.223408379950239 -0.0794766347636391 -0.121548315313774
0.2309636447259 0.0184132191427003 0.0388172740283715 -0.0164128597938572
0.129432849585552 -0.188033866046215 0.109827642060335 -0.0734433717606169
-0.0216900532312659 -0.22546847985935 0.0308095716733253 -0.206219997600665
-0.136247186799962 -0.170356697979378 -0.164542728660046 -0.225244919925607
-0.215111614011909 -0.0874845578233592 -0.294526598806172 -0.13471209796065
-0.220386856216704 -0.0261838984374797 -0.314008745840143 -0.0556971294872835
-0.239159828081874 -0.00556956566412026 -0.322854477768932 -0.0655902074253408
-0.24719412436173 -0.111487523851596 -0.276912937709536 -0.143444304294857
-0.159426912161933 -0.229629838481031 -0.130300335983826 -0.226301660414423
-0.00474807201855077 -0.323967737397508 0.0337198683924658 -0.1628164477816
0.265825179752457 -0.179033905105641 0.0619402249922612 -0.0829583589329009
0.313486003148901 0.127171426431185 -0.0895774726248903 -0.101827608380915
0.159893448988182 0.298347515289896 -0.157164296044879 -0.348203327566765
-0.0393416350863737 -0.150882086772156 0.179542499031447 0.392122822773589
-0.176694913882041 -0.0686373571323127 0.157243198639029 0.118117293545196
-0.131247578424742 0.10589133203637 -0.0403948058984235 0.0897635204703873
0.0319838359411188 0.153240450862053 -0.0213046942826748 0.212751377326808
0.0957284907827924 0.0792653051143306 0.172334085025051 0.261812391094885
0.0995042175486834 0.0306844993369424 0.345471667225868 0.175674258955281
0.105553381696133 0.00716805625209849 0.394833626324208 0.0725834538317898
0.0757698436744509 -0.00233510049736218 0.372374731262406 0.0434806352237108
0.073349895212832 0.0147508822411304 0.33912480134708 0.109884744224915
0.0669677130201773 0.0613898148806572 0.222115792143129 0.222758601687596
0.0302020436776844 0.0883109153899713 0.0145856129726377 0.267374375381909
-0.0393950920301651 0.0945761797647257 -0.137053427881073 0.124058602126959
-0.10366403153242 -0.00148817478973718 -0.113032211461434 0.0385025641013019
-0.0581273687059112 -0.120261850597884 0.0215285610730186 0.106077998584669
0.014317303768441 -0.128775237657806 0.0909114971839766 0.294150765805836
0.0632886953496423 -0.00153118808386461 0.164263968311889 0.430419102476737
0.00286031453175219 -0.0237743743188416 0.139742156683706 0.126702261303402
-0.0134810864008215 0.00431744670019581 -0.0600158599885958 0.115213388449885
0.024558468166575 -0.00964053486692181 -0.0388851926845436 0.239226118762991
0.00815666521624301 -0.0385033472051902 0.171072782025498 0.287405566494752
-0.0378999160898866 -0.0296139254539727 0.345218412193128 0.185731355736581
-0.0514519923870951 -0.00174637584804975 0.393781213410934 0.0785207754088631
-0.0718515973707507 -0.0208830781208545 0.369340181321222 0.0441171071969225
-0.0678897908913746 -0.0436554018703358 0.338488739282847 0.0935785991832581
-0.0262479291975696 -0.079808988608972 0.247181819066874 0.202196886027877
0.0475363388437768 -0.0765843295141894 0.0621642649976652 0.273856433403314
0.0771518447162739 -0.0212683256171782 -0.105468597127686 0.167465977430062
0.0488634149183415 0.0172185132366879 -0.120937497809279 0.0756572762642744
0.0473160996705121 0.00852316219803909 0.000432116632519329 0.0957956579763094
0.0755251918167521 0.0227270174982876 0.0791081619218657 0.286214337125573
0.139886358266212 0.159152782226747 0.116467206635325 0.404915518016018
0.181336805815459 0.0575625186743756 0.0953811915115825 0.0987796556800317
0.132978516157445 -0.079130551341102 -0.101054385372006 0.108277562060696
0.0420078704368745 -0.184776131193689 -0.0856512453671729 0.23966823371453
-0.069702981663436 -0.175596319613571 0.127468879885237 0.296799830878293
-0.167180651172378 -0.108976465087172 0.289074383049432 0.188373786943715
-0.202436441522366 -0.0238643713373074 0.330940107691812 0.0801604811439341
-0.209451320531744 -0.0355891186000009 0.311103478984885 0.0376394709899471
-0.202197651751761 -0.0803092418502309 0.288236575854154 0.0525126373825284
-0.140047174219047 -0.190810614617517 0.244080139917627 0.131427301396413
0.0146396745699206 -0.233765172983824 0.123876623612109 0.216024107787091
0.141991779571608 -0.176609584751415 -0.0170444067577253 0.181594674348886
0.201600621450284 -0.0210928195354151 -0.0729053149742113 0.126348209134751
0.176417193568756 0.108278100712332 -0.00979381577027485 0.102785925461569
0.147348706130221 0.16966251365716 0.0572168610372945 0.24050122886695
0.171467565800018 0.300392636876059 0.0536861900306716 0.314248946078601
0.315090297288491 0.165886988894341 0.0410853785200433 0.0393571956361766
0.281281780117942 -0.111531966463166 -0.132391389636521 0.0636744182535559
0.1003128237862 -0.331579972131251 -0.131299705330683 0.190359213363649
-0.110376105832761 -0.313487918872057 0.0540067448919992 0.257656301670132
-0.261383839389652 -0.201457344095955 0.185675434790537 0.161641526102074
-0.319574721609364 -0.0625182801954574 0.216370441907431 0.0684412269790731
-0.317441417946837 -0.046195033744748 0.206899492301179 0.0260740966719206
-0.311388952082109 -0.0880072078132982 0.19064128418581 0.00768440276348698
-0.256519711061238 -0.249224852666393 0.191885697032113 0.0396740734844011
-0.0661140107595268 -0.350692797329164 0.152766679460839 0.106840200088716
0.138343457835487 -0.338229074623053 0.0767412590925644 0.137411473775926
0.321940779072333 -0.108223559369653 0.0097839442976794 0.140832098725952
0.308656863305061 0.161494778139007 -0.00633609247105042 0.102628243293297
0.217961346081349 0.293561185450035 0.0231680206091753 0.155521513339054
0.157508368291186 0.391317246412111 -0.00769099002694636 0.174253230746115
0.361787901035178 0.268667598327272 -0.00687086874568002 -0.0346486483821653
0.379592447529739 -0.0815023620064701 -0.126896691422592 0.00263095367301316
0.175125522794026 -0.393174876997596 -0.134157840540938 0.0974606912984248
-0.0986086632123459 -0.40761159191355 -0.0108734099993195 0.156286046365837
-0.294294025780233 -0.278548946342458 0.062137094739253 0.0910840517854137
-0.384467256829905 -0.103907954189634 0.0706042265001778 0.0340092892357999
-0.379138385756367 -0.0514015101142977 0.0717085842452378 0.00821972347968268
-0.378475468869466 -0.0696030446329331 0.0591834115713688 -0.0285057027280725
-0.344494223357429 -0.252316634603829 0.0900271356717189 -0.042248811242853
-0.154315977722828 -0.401481413747888 0.121181982566168 -0.0170987706877936
0.0845947390244483 -0.454259174718636 0.126436592604103 0.0477348689577109
0.383491216268775 -0.201303507678663 0.0794134293488488 0.102881734245021
0.409035541289073 0.176432765426424 -0.00709998148114787 0.0741957692935536
0.26961040936602 0.377104572105664 -0.0237453870718505 0.0374252161358619
0.116485565893888 0.40956435860359 -0.0526387934705725 0.0168699178141345
0.327036969671517 0.320422830329951 -0.039628243515511 -0.0957107218478474
0.389503137540624 -0.0199240001257241 -0.0814043664028206 -0.0389917316382157
0.223363952364065 -0.360369330589831 -0.0762806951671483 0.00503223947583693
-0.0558611450765501 -0.41740292684349 -0.0309420025563738 0.0170199784415396
-0.270378890400164 -0.303380114030199 -0.0477520990516011 -0.0178588739887645
-0.381397810997428 -0.129171453183005 -0.0781461101551666 -0.0220427348232771
-0.381633213594344 -0.0497973731607363 -0.0735739324110559 -0.0127629736909759
-0.388545514828031 -0.0414845329673593 -0.085603340750725 -0.0491006359496947
-0.373842826819552 -0.214360109984685 -0.0426669275089255 -0.0963453458040802
-0.208252263209802 -0.382502872448216 0.0409589320542286 -0.117790200182717
0.0284244006002218 -0.480515180641503 0.118314024510683 -0.0454990709386948
0.385417248294736 -0.253543468291097 0.103546364745087 0.0354019183817667
0.447629325885039 0.163766589910795 -0.0280251214731483 0.0209232773546401
0.284603121331058 0.403278836525433 -0.0794027399298535 -0.099039966686997
0.065309722272901 0.358663337770375 -0.0793496367245177 -0.125049144628081
0.250163144187574 0.301443399497474 -0.0615039992160059 -0.122970511056577
0.326347851784058 0.0217087600119163 -0.0184082753750129 -0.0389347359056148
0.204705077695602 -0.276645330366119 0.0197309391056062 -0.0498603669262243
-0.0228666370279364 -0.346267012472739 -0.00497208885470066 -0.113532689792854
-0.208902059258476 -0.263093856118927 -0.122437933359715 -0.134423743984905
-0.319746915245128 -0.122224323273866 -0.205069618900459 -0.0830055952497233
-0.32451635011408 -0.0389826337050448 -0.20795199999594 -0.034025152199471
-0.338710947417995 -0.0162655534622427 -0.218826945103558 -0.0561462421089202
-0.337936050314789 -0.161013688883647 -0.173777138454919 -0.123812613301267
-0.206330766175982 -0.318293715460757 -0.0530711342907772 -0.182990702776068
-0.00277662457321243 -0.428713570847167 0.0765910730380746 -0.114044479325633
0.338893779001446 -0.24140536198274 0.0888936276740747 -0.0300529498520389
0.413103269754565 0.144430189978763 -0.0625057491484568 -0.0410413594357663
0.246209286199289 0.375463574157564 -0.130202488966009 -0.232287483258676
0.0200343149514431 0.260554685102909 -0.095218405659838 -0.230097321079124
0.169989441975921 0.218338178234725 -0.0797615545840127 -0.11872499758538
0.229005626214751 0.0143671781066121 0.0383054006855186 -0.0169822269197718
0.124882524132002 -0.188127294045054 0.107388496779663 -0.0739866343634328
-0.0253600954267676 -0.222977579145622 0.0273981504066353 -0.204760134162513
-0.137568077935834 -0.166505001318133 -0.167673230280769 -0.219983481945479
-0.214241127482071 -0.0828263132640849 -0.293454614070023 -0.128146595309522
-0.218193573532381 -0.0224694529406509 -0.311054975862744 -0.0507716209210183
-0.235842499763026 -0.00154849151414973 -0.320518274536777 -0.0604944379724993
-0.246468514411604 -0.10603489810224 -0.276159288954617 -0.137883003329952
-0.161099681736454 -0.224698075850462 -0.132144495009787 -0.222422271397754
-0.00979963302417284 -0.319825380822252 0.0317797367967637 -0.161974624873928
0.26008521038355 -0.180767525375561 0.0601720965058396 -0.0832534647469912
0.312544430978416 0.121866280273541 -0.0903576507967778 -0.0994758318261231
0.162280680617829 0.293213468934182 -0.160366587293369 -0.341512101098786
-0.0407917034243048 -0.149150260921085 0.183802034614797 0.384681958290045
-0.176208584030417 -0.0648962459799352 0.157391047771591 0.113889462008394
-0.127672548669809 0.106997193188598 -0.039192206600438 0.089734137880967
0.034118713518226 0.151071030130629 -0.0185628817272811 0.211515732370496
0.0959800181390099 0.0769447949585589 0.173970912542181 0.257636515550002
0.0986236572997268 0.028940781185297 0.344426509902515 0.169083888992616
0.105061694679677 0.0049814060891406 0.392199403180767 0.0658359786476378
0.074640684529311 -0.00299589238291235 0.368231761046953 0.0376394485741799
0.0726115096604653 0.0130709541043321 0.337003261180985 0.104236389331941
0.0675301069463566 0.0596074031411861 0.223424154486415 0.21625889852305
0.0315843616686126 0.0871575032450488 0.0189003368552159 0.264436967670805
-0.0370035778659168 0.0940221864208572 -0.133870222830857 0.124635355157846
-0.102928203859029 0.000137289729873171 -0.110975683904643 0.0402848742594825
-0.0598580545053245 -0.118316695404129 0.0232775577313482 0.10427776644667
0.0119694678462111 -0.127562078776795 0.0948856120762437 0.288819090025399
0.0630095691406227 -0.00262089537687427 0.167903900271193 0.422715038529683
0.00232749123205349 -0.0234311416881183 0.139600443092838 0.122693899085394
-0.0133159491641597 0.00439992732433517 -0.057998411459957 0.115079071776723
0.0238619842369644 -0.00995800596582525 -0.0351254377873 0.237574600518614
0.00690161390094632 -0.0383783446423448 0.172991420117916 0.282084101017566
-0.0380146688187163 -0.0287484395731063 0.343492573230132 0.178558711115505
-0.0506191957609402 -0.00120110006715955 0.390456364509867 0.0714522430041657
-0.0714095730577776 -0.0190416576997856 0.366425772769907 0.0374375003899406
-0.0679581846266633 -0.0421532139386845 0.335836295818572 0.0875312795410362
-0.0273019053725486 -0.0786350044868964 0.247420120517155 0.195991313408639
0.0462839026798257 -0.0769361670532739 0.0666444728594197 0.270057856306382
0.0763727756814674 -0.0217671077262136 -0.101688294654013 0.167279858599099
0.0487230522462303 0.0165723241490137 -0.118731967743988 0.0772513658551728
0.0468956068477903 0.00747325905319961 0.00211646399852871 0.0947388455260018
0.0753930968277979 0.0214350380257747 0.0835153898975715 0.282365483930032
0.140653349298343 0.15434135973074 0.121385705991264 0.398428691997333
0.18039359412866 0.0538392039584803 0.0957304469738868 0.0952689220086749
0.130429372924696 -0.0798659315290984 -0.0983188667010171 0.10874141642203
0.0384799336530882 -0.183476056597717 -0.0814662419612786 0.239522093141568
-0.0727277032035922 -0.172781049225227 0.130725980552931 0.291267828239538
-0.167139844774962 -0.105426267238833 0.288539150848681 0.181632078815727
-0.200098573089769 -0.0205944577186858 0.327931394443661 0.0739781766925091
-0.207856333715623 -0.0315055615438823 0.308760178969198 0.0324275112935718
-0.202081718488317 -0.0763164969709046 0.285609298437475 0.0477267532458715
-0.141744150639244 -0.186626905190668 0.243701562722183 0.125555859175574
0.010525624735138 -0.23193454665359 0.127106782040753 0.211955054167957
0.137827685707991 -0.176623102042388 -0.0142619891037829 0.180106851258982
0.198797835200475 -0.0242822557444534 -0.0701566269932855 0.126836895017339
0.176461965970058 0.104553380831571 -0.00788712727668196 0.101774505721439
0.14825491376397 0.165684214274202 0.0606054620272655 0.236304203805416
0.174631837723471 0.295125831315744 0.0578230004535048 0.309826116164471
0.31401683417464 0.158859216102062 0.0411204166056568 0.0370746377913925
0.277287748804668 -0.114247868477784 -0.130521400447612 0.0648260721675647
0.0943113404516195 -0.328026053924284 -0.12734185203447 0.190813664093798
-0.115230115455758 -0.308008939420758 0.0566955718946101 0.254167607360658
-0.261962095501272 -0.193444878764571 0.185657588618386 0.157741285667973
-0.317784766202557 -0.056371469588938 0.21457553155142 0.0647004787048112
-0.314575967297377 -0.0401310773118792 0.205610533675429 0.0227011339541324
-0.310008620979347 -0.0816349060165202 0.188325330075067 0.00441518801413687
-0.258506644424553 -0.242634881244376 0.190802520296647 0.0357197898746833
-0.0716332511122913 -0.346158203581207 0.153924303573266 0.10265940013917
0.131107306218329 -0.337758127451057 0.0783751303172412 0.135177737140878
0.317201288860089 -0.112378254560084 0.0116775772295169 0.139989316677535
0.308202385136827 0.155480421389927 -0.00512400784862165 0.10186620582396
0.220360405219363 0.286406400771342 0.0256808935479234 0.153561755526966
0.162516656854316 0.383656107161336 -0.0058240781134092 0.17276260740127
0.363744953362458 0.260995686173368 -0.00682962103141071 -0.0354547011815495
0.375234839159677 -0.0851224889929202 -0.125477808324598 0.00445652900981993
0.166805441360129 -0.391537840049474 -0.13197472037356 0.0988983506802757
-0.104862087314043 -0.401105446929134 -0.00855713814793979 0.153826167137971
-0.296661328210069 -0.269438458350431 0.0623093272473917 0.0892830301715456
-0.38028749501137 -0.0957701554808145 0.0694962559844273 0.0327600947321141
-0.374494255351813 -0.0446028102815946 0.0714245919347737 0.00742778838905106
-0.37445262375845 -0.0639633756762535 0.0582205174756425 -0.0287118446472635
-0.345057627347344 -0.243463081683918 0.0887363547796914 -0.044087602734033
-0.15960293176921 -0.394117453887766 0.120421723277803 -0.0192738495945439
0.0769079568834072 -0.448852058572403 0.127038791261712 0.0459090728982593
0.376819610487003 -0.204690482768705 0.0801103265538068 0.10113694187201
0.408544737855829 0.167363188920938 -0.00600767860878401 0.0737411078261939
0.273676052437566 0.36825827448301 -0.0229622548547015 0.0382106873046905
0.121150859488284 0.403747380864914 -0.0517448457285439 0.0180097437096063
0.330817394054147 0.311898401600751 -0.0402865441688905 -0.0951409328338107
0.385217971019549 -0.025019733296495 -0.0810373477955376 -0.0379540128970439
0.215207967687266 -0.360478576333898 -0.075328126615878 0.00593308596888745
-0.0626512857755783 -0.411700728045888 -0.0297076210360493 0.0161720227501928
-0.27223638527659 -0.296009232145498 -0.0475199959289915 -0.0169283584660239
-0.379229484064764 -0.122104730933578 -0.0786981258547365 -0.0196312711501401
-0.378617627134607 -0.0430099121486017 -0.0729346098324724 -0.0117383143169353
-0.3830473654997 -0.0347799547824371 -0.0848603790711818 -0.0472189918018795
-0.372724571457997 -0.206135173759291 -0.0434736070917502 -0.0950017034166836
-0.211663041468178 -0.375842433283351 0.0389148618064591 -0.117748320023423
0.0193476387490649 -0.476237313507451 0.117426279878402 -0.0469447944458664
0.376514713650683 -0.256049223822435 0.103673960806342 0.033373105204975
0.446962004651487 0.154705201958581 -0.0274316031519275 0.0216031197131283
0.287642153833903 0.395738422820651 -0.0804043494679427 -0.0961580510984708
0.0700535321905956 0.354503109983046 -0.0804616514399034 -0.122612362324694
0.252010702421015 0.293550252531868 -0.0621913671974397 -0.121067856008619
0.323616893980829 0.0168149027587138 -0.0184578326767755 -0.038925391456062
0.198330997323852 -0.276299896092056 0.0189386153543115 -0.0493378088281627
-0.0287669763918707 -0.342046568370889 -0.00615240170144503 -0.112883765991881
-0.211613003819601 -0.256676227625537 -0.123947983298128 -0.130922141939203
-0.318227306542238 -0.114747392210135 -0.20442278576801 -0.0786094966589619
-0.321348252880803 -0.0336471614775326 -0.206297368188006 -0.0307281134560756
-0.334111319840163 -0.0104299042229386 -0.217664542529389 -0.0528305579616986
-0.335830879565194 -0.154191380615237 -0.173226759708947 -0.11983501676999
-0.209775334434085 -0.311749788502178 -0.0550230565400226 -0.180496867178682
-0.0101765558169098 -0.423083698314629 0.0754600193055939 -0.114827899082758
0.330594287048181 -0.242192166431604 0.0876706780545446 -0.0314152318515419
0.410861637370538 0.137253343673838 -0.0620111029075223 -0.0392891339798551
0.24974385544834 0.368491090398181 -0.132840407139261 -0.227174519308964
0.0232462413773254 0.257565577081874 -0.0988914212353995 -0.226815261595555
0.17193123740384 0.212996910559968 -0.080979471868457 -0.116666450499803
0.226856956568698 0.0106157269466696 0.038208697309731 -0.017569508732032
0.120585355668876 -0.18787126036551 0.10492963586085 -0.0744180832030242
-0.0287495853040959 -0.22037000830024 0.0246936515445782 -0.204119886248795
-0.138383632172731 -0.162446833646113 -0.16890274469083 -0.215314563799739
-0.213221357271307 -0.0779616589110414 -0.292849827278883 -0.121657750801398
-0.216367441493962 -0.0189580124793747 -0.308543198425247 -0.0461218484083775
-0.232845044403023 0.00200156418112017 -0.318362035061177 -0.0546230231351616
-0.246135950784081 -0.101122300774281 -0.27499833213224 -0.131797823489973
-0.163357967815931 -0.219750359697716 -0.134439688832475 -0.218639088341425
-0.0141316469826555 -0.315998310913542 0.0294511233534651 -0.161264670238214
0.255508900493833 -0.18239549091248 0.0587552226316204 -0.0835201010508472
0.312153016742112 0.116155296034744 -0.0904997992860195 -0.096766376200548
0.164575499142415 0.288288702572045 -0.164219799305411 -0.334345270703452
-0.0423427999566694 -0.147405911074329 0.188026201151553 0.377793934572221
-0.175810715970979 -0.0611012941834673 0.157335164400137 0.109772818228407
-0.125025034910043 0.107890314676012 -0.0381629177473044 0.0890246051636842
0.0360815020949729 0.14866608214696 -0.015365051364273 0.210030297443678
0.096134008396511 0.0748418825584903 0.175563817290777 0.252771202150271
0.0980560537619201 0.027218903479387 0.34327092895486 0.162899759966303
0.103938329037137 0.00244103658220003 0.389509206366203 0.0590788695546246
0.0736529179203986 -0.00418733721176451 0.365335243201673 0.0310378377835441
0.0716374449366615 0.011793405631266 0.334806637641694 0.0982534634667119
0.0680910292026564 0.0582232707723148 0.224276645316521 0.210887344741374
0.0329259635338569 0.0853582266105699 0.0225975401231759 0.261833974828706
-0.0351824801244841 0.0938652798934754 -0.131212463123767 0.125293348625982
-0.101985000379739 0.0016868793033335 -0.109580143055413 0.0418351079286595
-0.0614505605097521 -0.116639669109156 0.0245409523755288 0.102854678226383
0.00982477185518261 -0.12606821392121 0.0985293578816328 0.283540799667228
0.0624523571793283 -0.00375803701281672 0.17422097421454 0.416490287582695
0.00177002459999551 -0.0233395549464038 0.140331920001223 0.11843151462085
-0.0128431593835359 0.00479575190966672 -0.0561075638258221 0.114578767631551
0.0235701459637477 -0.0100968507000114 -0.0320628687344478 0.235787520794078
0.00654100620489179 -0.0382177020141813 0.17450048706809 0.277613551701143
-0.0378997128083074 -0.0278303357109963 0.341703232697307 0.172494419898148
-0.0501230492077352 -0.000100397082258475 0.387014464151031 0.0639293126148998
-0.0708628196448032 -0.0174057629537923 0.363346546103202 0.0326899040932214
-0.0680393962284351 -0.0409953567989951 0.333718298086927 0.0820155364311894
-0.0280921719319634 -0.0775565303927264 0.248812124908606 0.19007164557164
0.0442995730309368 -0.0771683284140285 0.0699440162816301 0.266405799696996
0.0752703898385589 -0.0225433893314346 -0.0980960806809023 0.167033834256841
0.0481666078997719 0.0155003380259784 -0.116425812521763 0.0785617054768841
0.0468130708313606 0.00596133839751384 0.00368562187525786 0.0942620588962879
0.0744756993320287 0.0197925756627765 0.0868740006129271 0.277316751558303
0.141902636683257 0.151445225480233 0.125878157774736 0.392388512513258
0.179668170770803 0.0502650704889072 0.0964712813551314 0.0922565476891987
0.128007091710648 -0.081079919742962 -0.0964995459437346 0.108875873901196
0.0352656917426798 -0.181704717594538 -0.0777627723304907 0.23899085677308
-0.0746642731328822 -0.170105059967594 0.132638432037556 0.286577062574431
-0.167753281977857 -0.101315883134612 0.288171185204484 0.175106862886056
-0.198563174975927 -0.0175227738631298 0.325655858163957 0.0682691499967591
-0.205954805845955 -0.0283180724464884 0.306571401632599 0.0267665440962412
-0.200781494468777 -0.0722848106060959 0.282960065242264 0.0430501536838546
-0.143260248203946 -0.182174868992009 0.243670901524753 0.120458626272132
0.0065500282773224 -0.230250607251361 0.129588939214177 0.207929014978582
0.133927353731983 -0.17697571644491 -0.0109209013852608 0.178983327303439
0.196241983461444 -0.0263967048244078 -0.0675605640911536 0.12699048474255
0.176871263381952 0.100215836714336 -0.00666009570218589 0.101100581526026
0.148511746590018 0.161251440561176 0.0633346828129114 0.232997625630139
0.177739633075929 0.28893897613523 0.0619773702673349 0.305795117298882
0.313984369026124 0.15308083117767 0.0416869787757923 0.0348496127305437
0.272815825970077 -0.1165668600397 -0.12762132507325 0.0660834008437952
0.0881442555447213 -0.326294055515164 -0.124074408229663 0.191071516953504
-0.11961529344928 -0.303588539492371 0.0607855144798905 0.250717947425992
-0.262212813706937 -0.187711256126709 0.185622546113983 0.153399543110481
-0.314858631313591 -0.0503545819645649 0.213122435936769 0.0608558905385999
-0.311754201423288 -0.0348984502061353 0.203739817484913 0.0188723475040127
-0.307959664216574 -0.0758170497414044 0.186537832148747 0.0022727567284022
-0.258046110492315 -0.235753588839147 0.189393504722401 0.0325633891311591
-0.0753061637822497 -0.342099872851027 0.153754021052639 0.0998263716120766
0.124106988673514 -0.335799988592198 0.080767586889125 0.132361638663883
0.311340231413424 -0.115822247067603 0.0133549218934635 0.138959183763403
0.308010893199564 0.150727271423905 -0.00322117819725836 0.100881020741429
0.222091080471264 0.280508206711087 0.0275813763902455 0.151609361231088
0.166216435533649 0.377551369823799 -0.00216244950573429 0.170658715596357
0.363659374931197 0.251916269642353 -0.00684413355101468 -0.0353446148254807
0.370122620374626 -0.0904951701372441 -0.124393690107377 0.00518864847197175
0.158591657085021 -0.390494240220724 -0.129315889676024 0.0999898158534586
-0.110123633920167 -0.394981657595881 -0.0058697254915038 0.152226013729162
-0.297735565697999 -0.261713681750681 0.0623270092588566 0.0875661945206321
-0.378804763865004 -0.088269673678434 0.0691614711921891 0.0319687402431172
-0.372040243478388 -0.0380250108127182 0.071065361038541 0.00603326048885606
-0.373409636892977 -0.0566135141681991 0.0569977702243037 -0.0291383071539356
-0.344500472000397 -0.235771274599522 0.0876333446061514 -0.0454983624770674
-0.163781821909068 -0.389202921564634 0.119368182462731 -0.0206279913325421
0.0688044656982814 -0.445108633545948 0.127181815721085 0.0430330208441437
0.369743102192138 -0.208453269079029 0.0807486962269911 0.099428731595654
0.408140349897374 0.159921124235944 -0.00512207876308157 0.07330563161732
0.275608836897975 0.360673098593885 -0.0223071661928159 0.0384626464180966
0.125651889502934 0.398829493733411 -0.0507176952041694 0.0186801953004217
0.331644792040176 0.303079777300486 -0.0407146641319377 -0.0937537101350093
0.382122871465256 -0.0297059500582696 -0.0799152949015306 -0.0366537939175653
0.20743785541302 -0.35943570786901 -0.0746311646795954 0.0069544841697043
-0.0675419214335294 -0.406902311529948 -0.0284652760622534 0.0160420789646736
-0.274038448645531 -0.288612718435391 -0.0481311038309286 -0.0163163434816098
-0.376810749486721 -0.11373505583626 -0.0782544324419744 -0.0179795381186675
-0.374792396489964 -0.0363134076986849 -0.0723167158578701 -0.0109595564665139
-0.380249102813338 -0.0280885382428245 -0.0855110363891113 -0.045042502209699
-0.372710484688168 -0.198121278127162 -0.0445517463082916 -0.0939210497561656
-0.216726891889801 -0.36856399791492 0.0370504464043247 -0.117643730339917
0.011629762854156 -0.471008626298101 0.116956977942353 -0.0480037264058956
0.369289095252872 -0.258139518737151 0.103153779516083 0.0321197794184833
0.445846131876231 0.146431905164648 -0.0266860506237852 0.0225197816061946
0.289934178408322 0.38595704832805 -0.0812278774851456 -0.0930812267946387
0.0747707124634236 0.349953946586777 -0.0813856282606933 -0.120095521298535
0.255348628743189 0.285034243937123 -0.0635054525401438 -0.119943796501273
0.3213633683999 0.0119100955670792 -0.0183183377460296 -0.0385491295766918
0.192372918702388 -0.276653975134329 0.0176549077309191 -0.0492134161837101
-0.0340312046046472 -0.338201659651156 -0.00708486691137108 -0.112344260238311
-0.212892559181602 -0.251654557601778 -0.125041505277628 -0.128163318583849
-0.316499583832154 -0.108427839569923 -0.204028440086117 -0.0736927510259031
-0.318466519758295 -0.0283213199124808 -0.204759318193975 -0.0283635055057152
-0.331008561008076 -0.00536548809626837 -0.215771276383623 -0.0490937960690124
-0.336622634162187 -0.148858980704553 -0.17294619404736 -0.116054614208496
-0.212389054237276 -0.305345806187818 -0.0572254588421026 -0.177884645920579
-0.0177247676165092 -0.419049630197495 0.0739477204017615 -0.114929500968362
0.324943059256304 -0.245826305650977 0.0863343469516785 -0.0318996052507246
0.410006760455931 0.129932608201599 -0.0619741215449361 -0.038293265002995
0.251334020421436 0.361306888839914 -0.134871990755869 -0.221515127841151
0.0270175447919328 0.254767214250242 -0.100566830917747 -0.223471477037995
0.173627952499951 0.207521853610806 -0.0811678250664098 -0.114742957412338
0.225132624831531 0.00705969732280067 0.0375527560993239 -0.0182419943483331
0.116695445860346 -0.188139636719844 0.103650393432186 -0.075444083488631
-0.0323662095152885 -0.217477949133314 0.0219344436852513 -0.203645789757377
-0.139415839313612 -0.158597523353887 -0.170892635718343 -0.210501828441956
-0.212106979207583 -0.0738769589446005 -0.291626377418714 -0.115769177799984
-0.214148647524287 -0.0154495275435239 -0.306538813974616 -0.0412941834812305
-0.229027272390683 0.0058805473777541 -0.315990608167082 -0.0495334328992674
-0.244716487905214 -0.0964605196477482 -0.27366108787508 -0.126974861986928
-0.165415926837607 -0.215329713072943 -0.135834546338249 -0.214971780055945
-0.0190660053243826 -0.31228757358123 0.0285282462637011 -0.160607902093234
0.249685651667794 -0.185001598135912 0.056838353168704 -0.0838498516833954
0.310872414476136 0.109841676969451 -0.0909925544768675 -0.0942573195588497
0.167254474287138 0.283031822922036 -0.168360286787261 -0.328418351141073
-0.0158448140185722 -0.150926498426194 0.112120762216758 0.403422573637579
-0.158999141491286 -0.0896675203874202 0.136571878566299 0.130189623871192
-0.141031229086414 0.0779238889991705 -0.0568999825719282 0.0742264479580628
0.00401902829366497 0.144611136244714 -0.0586744980988182 0.201090937828079
0.0735815646973386 0.088157900508206 0.119209882776833 0.277715374234394
0.0862111802418577 0.0442363334054422 0.301016929401384 0.228508699217062
0.100001022609541 0.0203184034511875 0.369549400241568 0.141067111731026
0.0720505186416767 0.0104388653229096 0.346528941054942 0.104610022665198
0.0657336347254234 0.0253318028341421 0.303757687356787 0.163901983899992
0.0540841346922458 0.0685736806518426 0.172239097008586 0.249973983365795
0.0142031531304085 0.089307956049536 -0.0300792310439611 0.260898683590744
-0.0531340506888821 0.0832568605394081 -0.155519075885764 0.0977508890116481
-0.100503354630199 -0.0206866982402371 -0.11917377337276 0.0197332550083059
-0.0341203858351202 -0.126296754499822 0.00437046428516725 0.105110914532688
0.0373800623716007 -0.12110671422502 0.0352978980360061 0.304795551176833
0.0551867844149103 0.00654156122937824 0.0917366122943938 0.439442014478189
0.00320728574604078 -0.0215853111263916 0.115313031719133 0.141527293634841
-0.0148053651502265 0.000396427346031157 -0.0771667437052182 0.0988122911063323
0.0221155058311305 -0.0079392362948009 -0.076780200403538 0.223269481645118
0.00969892478768653 -0.0379278256809004 0.116148158373522 0.3039507442295
-0.0341340359057215 -0.0358168126418467 0.300488553395015 0.236470841249185
-0.04814797394586 -0.012219477232178 0.365224916314568 0.14333769011825
-0.0665613168431352 -0.0319262191261548 0.344322530919935 0.105759622907633
-0.0583233294377057 -0.0543650065386102 0.30648513997886 0.147080865706068
-0.0108406724445911 -0.0819164943897008 0.199362722305782 0.232171220085312
0.0592314595368795 -0.0658005057173504 0.0159149040186311 0.270055916544399
0.0778659090823812 -0.00372236268275566 -0.128755300423795 0.141648391924905
0.0428248102830865 0.0273165903471729 -0.128657808681864 0.0545946456630889
0.0443517737029716 0.0163680382057053 -0.0150428741698958 0.095114442395888
0.0681248118557823 0.0350163941790437 0.0264295371503379 0.296528500726204
0.100126119658332 0.170158733857567 0.0501964797440615 0.409412896972848
0.159584147755749 0.0804413451396808 0.0736275602567614 0.113363740370407
0.137268899549582 -0.0549692963250063 -0.112878844212406 0.0900274877433372
0.0657326586089611 -0.167368510106651 -0.118251447612268 0.217835186679927
-0.04160286819223 -0.180564207092315 0.0754030276562317 0.306937387924129
-0.143966700940791 -0.131618982449777 0.248855685117734 0.227464135168285
-0.187626449399962 -0.0565495020318603 0.304264515217575 0.132628903446896
-0.196460593323826 -0.0694412944095091 0.290804521702794 0.0894360112210619
-0.179391884074816 -0.112606480974511 0.265417705188057 0.0983003474407522
-0.100065600095709 -0.205829312462347 0.207964018492268 0.162411353160312
0.0551685846451444 -0.221574243074821 0.0838781111750012 0.219840737363552
0.168011799896073 -0.138309563298623 -0.0447910158243881 0.166779759770851
0.197809017804037 0.0199918156635313 -0.0866252261332708 0.110715417325437
0.150777297203407 0.135971030849304 -0.0266757196846005 0.102324608259917
0.110212676305438 0.188756228767508 0.0139372391982279 0.24802140802809
0.107984557321648 0.308683302041485 0.00330322743631408 0.31599639214021
0.270842215798764 0.202689434170002 0.0265990758052797 0.0513795366538107
0.28296344272784 -0.0618212699027444 -0.134582267062948 0.0466068526120021
0.144108591882957 -0.293937157786749 -0.150955113033529 0.164038160867854
-0.0559269173848804 -0.316789559180568 0.0130333483654666 0.260505145181172
-0.217149164967632 -0.23262077810977 0.157442827465552 0.185286987595244
-0.294661710570941 -0.110332445389217 0.194884611838414 0.100653319573371
-0.29861068062401 -0.0970350378879624 0.193693802320659 0.0604790567653148
-0.281328578893847 -0.138106216571703 0.179923854602302 0.0378110202489793
-0.20148089961506 -0.280426624769745 0.173404816175898 0.0645372026426404
-0.00153473974909537 -0.347222167280796 0.127762148634099 0.116572233014589
0.194018738831069 -0.294017171704297 0.0539120300901885 0.135947204768673
0.330798299008631 -0.0410716016239409 -0.00556953281625444 0.135877084592316
0.267984564223361 0.212138834086312 -0.0234233182810758 0.105629545991885
0.155388622467236 0.320530778150586 -0.00441149816939618 0.158494478270601
0.0818489980533485 0.392373674622332 -0.0351746611915881 0.172879186171802
0.301242188585226 0.306564333230743 -0.0113896387008316 -0.0251854296638642
0.371706321491193 -0.0174259016700458 -0.119402413606986 -0.00858449048538497
0.224194334216044 -0.339812845798588 -0.137285146936675 0.0757080215480272
-0.0287618784927013 -0.402316218642859 -0.0324822901168937 0.153247001470912
-0.236533208275272 -0.310557068119734 0.0517123731927111 0.0968880140226982
-0.348294789268303 -0.158911320211075 0.0598560326337009 0.0414592923569982
-0.35606238566086 -0.112643639234297 0.0683333860422502 0.0205718144221576
-0.34759732331098 -0.132589560287933 0.0601477368010998 -0.0189605481038562
-0.283545769853855 -0.297847343701779 0.0897879562859176 -0.0319967999463589
-0.0770891293836272 -0.411475819718995 0.116203122852324 -0.00931144788323568
0.163979905794462 -0.410152921733345 0.116132829168871 0.0553335677140538
0.409311396557588 -0.11874326479659 0.0705756699926356 0.107714175833013
0.362650539825638 0.243760786373023 -0.0185311552268289 0.0798102276484368
0.190532996582077 0.410435837708374 -0.0287148265004329 0.0342348569199657
0.0415074980939606 0.403402037257223 -0.0539349621121577 0.0140668127209865
0.262969105069892 0.348706912734043 -0.0349658128292174 -0.0899505589540339
0.373212002756744 0.0438481679986872 -0.0704667405453055 -0.0403005327545354
0.264240908572918 -0.300643101823756 -0.0669288756532867 -0.00307716694750841
0.0148556750047849 -0.402947424136563 -0.0291127044071537 0.0169391154001403
-0.206221127995654 -0.331379566019131 -0.0352225476268839 -0.0256336409934604
-0.342995356531511 -0.182482798631797 -0.0742839990597521 -0.0381242222489194
-0.359160989510242 -0.111303357335146 -0.0668154845905286 -0.0246678455134209
-0.361495657680039 -0.106799565801095 -0.0746101414031386 -0.0641295077700126
-0.319161697774236 -0.266247948450833 -0.0273927556697184 -0.10511436498042
-0.131821750365722 -0.402855223404869 0.0538763511298218 -0.118792781146462
0.114170888330632 -0.447287664273994 0.123734610969577 -0.0367079402029796
0.419263220711774 -0.16849515172576 0.105969384071718 0.0447131525021432
0.400656853090375 0.237716874765731 -0.0288835738486657 0.0247070232656854
0.198735802804086 0.440116580382947 -0.0584746228351673 -0.110734855569851
0.00307007108837813 0.349022010425567 -0.0580847602188732 -0.127302181880733
0.192974445580112 0.319116008185496 -0.0509344600410041 -0.121999207614811
0.305532501741884 0.0723735483288531 -0.0112493584618707 -0.0320418901883475
0.233576877823867 -0.22304618085496 0.0326118326495746 -0.0395679417109943
0.0343596152945918 -0.328071902267951 0.015459648106922 -0.105043904130095
-0.153712600022028 -0.28231345768149 -0.0892351984220397 -0.149552866214806
-0.28610156860632 -0.164351936431281 -0.185267841460557 -0.11835445530409
-0.305762447494465 -0.0910565644332144 -0.191429636409144 -0.0686617200989544
-0.316512615859871 -0.0733709523883746 -0.200386214891231 -0.0945637334135606
-0.293728593814347 -0.210801791498456 -0.145868794072464 -0.1523840191454
-0.140583394130517 -0.339908766886636 -0.024960897297357 -0.195101874718487
0.0740460377983686 -0.402602721116375 0.0958226262269832 -0.109427763972038
0.373085592087269 -0.16568851791825 0.101400148112368 -0.0220214164650756
0.369651183522713 0.215768847405562 -0.0516985378114359 -0.0431870074784568
0.166867183945236 0.404190517811427 -0.0839240559839291 -0.250753677053282
-0.0220028507842656 0.249081353596505 -0.0575663679608583 -0.233285302578927
0.129898867589852 0.228678006903275 -0.0669705657404923 -0.122605844801346
0.214087027111004 0.0504875118868 0.0389649731693748 -0.0043278210378261
0.144750630056071 -0.153304191945611 0.119072781606808 -0.0506679378234403
0.0124845587680205 -0.211248885992136 0.0612417347522353 -0.189445602635317
-0.101734462949754 -0.178490238399973 -0.119902934369274 -0.239289025326273
-0.19129043289623 -0.110265448670021 -0.262700090372699 -0.17645643587981
-0.206076083437815 -0.0577760283803757 -0.287469695891089 -0.101491385274027
-0.221815549763373 -0.0419545067028286 -0.296096573344311 -0.114964675533335
-0.216614244023152 -0.140914547254008 -0.239902475498414 -0.182259424263593
-0.114805103869272 -0.242898484176845 -0.0924953254035931 -0.243258008680428
0.0481141663990315 -0.301889422925075 0.0606802825290077 -0.160021930479819
0.285692013169069 -0.123401611595457 0.0801652598846419 -0.0765111804970575
0.27676762731475 0.174522428871571 -0.0696092072465013 -0.105947914994306
0.100943319291739 0.311307648015714 -0.0940908844470051 -0.364100625334079
-0.017681625058817 -0.148955451898072 0.117296416717116 0.397262612915003
-0.159100335034863 -0.0857380686727497 0.137020154901197 0.125635702256615
-0.13808434048645 0.0792237429337137 -0.0555878974416939 0.0740161760556712
0.0065776105449164 0.142922685084766 -0.0557193857155309 0.199764146227539
0.073642861352425 0.0857726658248956 0.121582267713307 0.273815355799856
0.0858653078971146 0.0421761437740323 0.301251204691566 0.22194324887736
0.0990955963698015 0.0180959467332791 0.367391238255452 0.132692524124922
0.0713291624614075 0.00905009660098801 0.343296187677574 0.0981667195857043
0.0649219081889336 0.0245315185385908 0.303576668200676 0.157296491512807
0.0549698936037981 0.0668369098102054 0.17445587125714 0.244424027229238
0.0160563055191264 0.0885719091229036 -0.0253381472715969 0.258373684391394
-0.0516498716662799 0.083319860687578 -0.152375125905094 0.0992052773713486
-0.0999111948852004 -0.0188019505513488 -0.117678456236897 0.0216807505256604
-0.0360783961150341 -0.124842981702091 0.00620701430395542 0.104145817883777
0.0348162145752209 -0.120956640569605 0.0404770368855446 0.300551495924168
0.0549126587771783 0.00577467413178041 0.0967084865826183 0.43385570714707
0.00315016437004452 -0.0210698722562452 0.116980574210136 0.137236319422352
-0.0144621454020942 0.00085360226355402 -0.0757021613419202 0.0990489818981856
0.021833884537665 -0.00810531511996603 -0.0736874519945676 0.222698127862847
0.00858848072573544 -0.0378884546044606 0.118710846013053 0.299586812237996
-0.0344417406159289 -0.0348259632884913 0.300320657183531 0.229347700334635
-0.0479481930045182 -0.0117675903829708 0.363750537204141 0.135947145438854
-0.0664012918319682 -0.0303937704220243 0.342246706187251 0.0998048848821748
-0.0587668050182803 -0.0528129073727913 0.305351441116356 0.140926668014764
-0.0117415758450357 -0.080739533398778 0.20157913319051 0.227125758327933
0.0578737228617803 -0.0659932181928685 0.0203253941493504 0.267207366870193
0.0770510722886869 -0.00489029778716793 -0.12539866701991 0.142004603554208
0.0423098883429569 0.0261304984437805 -0.12679033429875 0.0569922774857327
0.0440978358883632 0.0154077795171774 -0.0136216391557948 0.0941349161620839
0.0680563189302962 0.0330720469374638 0.0307158466518272 0.292765138036281
0.101595695554851 0.166806261118157 0.0556548371474782 0.405015013561377
0.159705034265322 0.077345955185261 0.0746090448591363 0.109863600991012
0.134920965968417 -0.0562260672140209 -0.110165428741891 0.0911442176350018
0.0624051864670807 -0.166739481242853 -0.11494917163363 0.217101229088283
-0.0440628947458975 -0.178167145277504 0.0791535004741831 0.30297846560388
-0.144397994866313 -0.127900528808468 0.249967293000015 0.221353924154197
-0.18638334841512 -0.052843378191752 0.30283257328652 0.126961908566869
-0.195449250932643 -0.0659122652125149 0.289123973693972 0.0835249676881603
-0.1795170636942 -0.108135860311222 0.263937471314271 0.0935790549478344
-0.102345758038546 -0.202406687168453 0.208359713776005 0.157184802715505
0.050863875845742 -0.220309997183885 0.0868746044549254 0.216931279245367
0.163324366342788 -0.139615141379383 -0.0411772280327683 0.165738586422008
0.196320229256081 0.0172770830702319 -0.0840957070205497 0.111471142862551
0.151093517235709 0.131749051534033 -0.0250029164697007 0.102120993016764
0.111879849299197 0.184580649008975 0.0174398169556609 0.245168143477024
0.11102332037896 0.304432732156157 0.00765376664955029 0.312040842157331
0.271199138750552 0.196985303970656 0.0278394170677689 0.0499259149209541
0.279452557077018 -0.0654935413048924 -0.132380035561539 0.047679821594528
0.137105843518825 -0.292703113937006 -0.147595003017849 0.164810587139585
-0.0613787318122072 -0.312663196138156 0.0168574698650203 0.256746055847242
-0.21818956646956 -0.227405874926319 0.158292500671886 0.180802655737539
-0.292960214405844 -0.103800554451956 0.193786101060041 0.0965057685422085
-0.296797907473644 -0.0913339266726977 0.192859250082669 0.056631427314531
-0.28104065561644 -0.13190938487728 0.178263846764202 0.0350768890983826
-0.203987007473614 -0.274371332250819 0.173003617609129 0.0610991141976714
-0.00640709366831586 -0.344166233607229 0.128683932538054 0.113230854989865
0.186024830017699 -0.292409039835589 0.0559905021519729 0.134072716570471
0.327046673011551 -0.0458504712704891 -0.00341460905319043 0.13551354421099
0.269089859412714 0.205481401875991 -0.0218272724743432 0.104998696547902
0.159060229098459 0.313694216604409 -0.00187654773671875 0.157013822616773
0.087316534318784 0.38681884516619 -0.0315668540931473 0.171285412758802
0.304091045159076 0.298742606934615 -0.0110822576123423 -0.0261411652917372
0.368502386268594 -0.0224796045733622 -0.117733144054599 -0.00722359243539256
0.216477798616156 -0.340291541327786 -0.134936537834147 0.0766937154536828
-0.0351530356910163 -0.39762742651468 -0.0294849591299482 0.151708812576026
-0.238606169333933 -0.304401583713262 0.05218244722865 0.0947504503396717
-0.347380298486787 -0.151988407234057 0.0592634537905004 0.0410143279859104
-0.354874026142495 -0.10543385244064 0.0677769402709035 0.019388528999379
-0.345697507084562 -0.125768337536211 0.05888048314527 -0.0193036023716011
-0.286113024712046 -0.290679738114347 0.0886384417771828 -0.0331015642793042
-0.0823651644977971 -0.405791918773968 0.114838497202039 -0.0109654538909676
0.154468847745732 -0.407898666716911 0.116727707668316 0.0530563559362636
0.402326396794573 -0.123456910086917 0.0712929957529305 0.106299911639529
0.362521170269334 0.235174884712775 -0.017701108979156 0.0793262425489524
0.194121414966218 0.401140278100886 -0.0284989367404097 0.0349499153120166
0.0464832400533566 0.399235250491424 -0.0526331301617545 0.0150547762478977
0.265661467077303 0.341070830342209 -0.0351869295415328 -0.0891647730540777
0.36860327798293 0.0376652802825103 -0.0692130113209719 -0.0393914702919937
0.255799492021914 -0.300243518522196 -0.0659772785257649 -0.00192520221908171
0.00813998546929672 -0.398285259186392 -0.0276925178681691 0.0163382079135299
-0.209648604308272 -0.323877777858359 -0.0357435586027365 -0.025412595435764
-0.342286445866475 -0.173346418618498 -0.0746589295674066 -0.0357874760646805
-0.357006217522266 -0.104114671688812 -0.0666923881122249 -0.0242794404426482
-0.357991771437849 -0.099134171916432 -0.0744580371595049 -0.0617435072440961
-0.32105863667954 -0.259254837840885 -0.0284459942507489 -0.10392650378674
-0.136358264751254 -0.396871499768449 0.0520738375076605 -0.118624863827506
0.104802055706064 -0.444212933242353 0.122914146601937 -0.0383186897960892
0.412868370475482 -0.173193615154746 0.105922195127057 0.0426080514120704
0.401140835197352 0.229542278775327 -0.0286825812566785 0.0251348708923541
0.203118830209133 0.432086623942315 -0.0597807569926387 -0.107458549120202
0.00718684804051264 0.346448038062852 -0.0594632005865217 -0.125720398570765
0.195630295552265 0.311654912973526 -0.0517816802051837 -0.120006625808608
0.304241871537194 0.0669791736586912 -0.0114876701487475 -0.0319593269193624
0.227170822662009 -0.224418651453993 0.0321902431804136 -0.0402353554047513
0.0279990218721533 -0.326074747528224 0.0146231876540799 -0.105054694806586
-0.15725057029059 -0.276892396731269 -0.0909564173328458 -0.14621434839808
-0.284860238066511 -0.156868435549952 -0.185657566724816 -0.11313134099094
-0.304036444129568 -0.0855120633213432 -0.190343014803369 -0.0653510620018249
-0.313985480899076 -0.0678561380211964 -0.199455687552105 -0.0904329583825886
-0.294507045785452 -0.202898652897253 -0.146447681645816 -0.148573878764339
-0.144952823336801 -0.335112508204541 -0.0277536703423837 -0.193357491003395
0.0676201981894379 -0.400150510118292 0.0939585101500625 -0.109892261965568
0.367099176797956 -0.169975518537014 0.0998643365380299 -0.0226349971730746
0.369316491605707 0.207505845306246 -0.0520359536823223 -0.0417170470681228
0.171296416327665 0.399600842034891 -0.0875694676876301 -0.246501729723803
-0.0185755506298956 0.246555636887722 -0.0603255887742075 -0.230240226995767
0.132483396721932 0.223590757543961 -0.0674833511375924 -0.120273424877679
0.212946503033292 0.0462066379968966 0.0387634052898706 -0.00481503972916137
0.140657942880657 -0.153715565525806 0.117443251836854 -0.0520277076467549
0.00890495087135591 -0.210143354572108 0.058507644414533 -0.189543056641926
-0.103073968291626 -0.174977962539672 -0.122461729614012 -0.235638320667776
-0.190942187334168 -0.105102653038444 -0.263407537476748 -0.169370022625861
-0.204740359671726 -0.0540775025798315 -0.28561210947639 -0.096896033372619
-0.219542599454602 -0.0384669277071393 -0.294866223161958 -0.109375388490183
-0.216849635984044 -0.135946197429076 -0.239913687961694 -0.176502479801774
-0.117386504347358 -0.238957913584117 -0.0951924689078593 -0.239667197031431
0.0427947092691226 -0.299691929502756 0.058482624366915 -0.159316434804603
0.280787224487239 -0.126474275091552 0.0787611018017899 -0.0775370099567983
0.277252144794428 0.168460180263972 -0.0704139020305469 -0.10332890566273
0.104336754378002 0.306731438686277 -0.0992357413552069 -0.358262141936302
-0.0192373339493802 -0.147495635080936 0.121543783736012 0.391029855874094
-0.158913899015494 -0.0823339223479843 0.137388808515083 0.121330080287965
-0.135216941386899 0.0805885786609992 -0.0541428666997143 0.0742108222752043
0.00829051611505859 0.14097963767143 -0.0523836708461136 0.198699771003056
0.074397537179034 0.0839677119157172 0.124398280660206 0.269512784459565
0.0853799367280136 0.0406836208431995 0.301345629444256 0.215523784117123
0.0979042680791769 0.0163544043168771 0.365771977703203 0.124877808153184
0.0704549258595105 0.00802564282074573 0.341422930607686 0.0924246395827805
0.0641046782710487 0.0223211774480471 0.301885933332614 0.150887740075384
0.0559019007572051 0.065203654325797 0.176406043111567 0.23860642685053
0.0170166466043772 0.086849214205341 -0.0212021254028066 0.256315186688001
-0.049688332728393 0.0834452929642595 -0.149807529677724 0.10073856647096
-0.0988651300468018 -0.0166939568126157 -0.115813087938728 0.0242480550000439
-0.0380999130006332 -0.122776750727852 0.00817340907039723 0.102818789317212
0.0323699712337021 -0.119522241895628 0.0448053954245025 0.295720944397788
0.0545515975167335 0.00465498689036147 0.101348118274234 0.428299414373646
0.00260293133081308 -0.0210439216642428 0.116976099592986 0.133259679132837
-0.014413092838644 0.00125726974675585 -0.0730981199661013 0.0991341469904748
0.0213586131139612 -0.00847735684097714 -0.0696613512636826 0.221437196749556
0.0080046612726893 -0.0375514195708562 0.121926918652787 0.294359287854376
-0.0349835097621165 -0.0335980616260576 0.300481552739481 0.221702453208604
-0.0471780206542055 -0.0108923447600583 0.361580548369106 0.129195872115941
-0.0661305285806638 -0.0290097607689372 0.340272388984434 0.093348799764479
-0.0592941874168452 -0.0513129416976859 0.303612149172644 0.135181526698306
-0.012842256360374 -0.0801129679432772 0.202505285103819 0.220994712810524
0.0566877690373993 -0.066322830617937 0.0241498374420743 0.263601530013359
0.0763648423774405 -0.00582001675807076 -0.121791427744931 0.142989271000613
0.0423054172511345 0.0254573662353838 -0.124479677150328 0.0589745395830783
0.0439820206885532 0.0139635600152237 -0.0114886738396645 0.0936979493997497
0.0681035355777385 0.0314616709465377 0.0353834004820933 0.288587905840327
0.103352224877633 0.163434594855556 0.0615695496168073 0.399564932310244
0.159574970851246 0.0737483970919277 0.0757640608137053 0.106757889604007
0.132467171723265 -0.0574556329917666 -0.107893850822461 0.0916449359374169
0.05911395375297 -0.165897563799786 -0.110040000209088 0.216680051276314
-0.0463594144676684 -0.17554474999169 0.082422480949664 0.298492004744839
-0.145225017820243 -0.123716812409921 0.250313876307158 0.21542473851888
-0.185122317428122 -0.0492017808362088 0.301063296220009 0.120868270076822
-0.194027950016654 -0.061326797518698 0.28738105366877 0.0782937225170177
-0.179202609251826 -0.104509915340968 0.261685429147744 0.08845305603905
-0.104800644112744 -0.198550354753128 0.208656243428228 0.152033540089322
0.0468018439987413 -0.219050361570057 0.0901348816420023 0.213366928869905
0.15983968290871 -0.14052976263465 -0.0377040704472215 0.165031564362181
0.193488376502881 0.0136782673038967 -0.082074529996903 0.112674524812549
0.152975943307052 0.12806527956428 -0.0231846436235432 0.101599494680544
0.113227437278162 0.180323338294629 0.021069126170329 0.241780037174904
0.114959144222145 0.300066988609005 0.0124335283699682 0.308351088483189
0.272616728914569 0.188722585549749 0.02847539920387 0.0477454811368791
0.275634785003772 -0.0678917456741914 -0.129876635551381 0.0491944484951494
0.129907237545199 -0.291935718144449 -0.144385027927618 0.165487958943694
-0.0647902783901877 -0.309190274817774 0.0204929793719091 0.253162226052456
-0.219886544230182 -0.221373368875872 0.15885284685767 0.176284188426152
-0.291329453528038 -0.0977890825721185 0.19329467322696 0.0931703149238482
-0.294827270483199 -0.0857517701245013 0.191991166249458 0.053032979509795
-0.279861697869585 -0.125743865523034 0.176611888154747 0.0322055769616176
-0.206013949139375 -0.268347494791204 0.172466388463713 0.056778638826879
-0.0124588791671067 -0.339845149685103 0.129205963926303 0.109986108356664
0.178894395713206 -0.291887103187013 0.0577278972902954 0.132106860532448
0.321899640938075 -0.0506346537139192 -0.00136296732972941 0.134847489386368
0.270368084653456 0.199411678979402 -0.0198328323002541 0.104444184497567
0.161389115474805 0.307909532337943 0.00101756641817987 0.155962118271485
0.0924972537342071 0.381630909804511 -0.0280157839870397 0.169603535106542
0.306822168133979 0.290788406272657 -0.0106492904402414 -0.0261169372491517
0.364233269197579 -0.0266478988369232 -0.116546380936022 -0.00571659243973364
0.208905246048056 -0.339157824208536 -0.132325267070414 0.0782042999267831
-0.0414742516988425 -0.392414057380264 -0.026725525621465 0.149879538932087
-0.241681262418664 -0.297174158435241 0.0528062147841579 0.0926798127759706
-0.345490248383543 -0.14372632915962 0.058900467637191 0.0395589494848976
-0.351590342893974 -0.0988816852227837 0.0678737083024512 0.0178662906880623
-0.342616179908846 -0.118157184214668 0.0580132089047492 -0.0197861669894479
-0.288668759186715 -0.282669828761346 0.0875543666460479 -0.0344702440964687
-0.0899577307496949 -0.400977367965151 0.114176940688385 -0.0123676780264951
0.146621993314839 -0.405957577929613 0.117274363207132 0.0510609508094097
0.396906117097461 -0.12949655524244 0.072736106364099 0.10485757850452
0.363863980756289 0.227998930934456 -0.0168891135481925 0.0789896501053803
0.199418628702006 0.394068465979978 -0.0277039285107984 0.035190042760601
0.0526712680200951 0.394332313201826 -0.0517157622791461 0.0153268536664967
0.269458093531624 0.332444818712322 -0.0358125924417789 -0.0884307761992414
0.365211067314023 0.0318539230658124 -0.0688164959366461 -0.0382224008730377
0.249099380449445 -0.300939828627701 -0.065133669250238 -0.000784268483554484
0.00070731026290228 -0.395463520045504 -0.026980811751164 0.0156801196848529
-0.212976594933632 -0.317372100596592 -0.0363016904458357 -0.0243790432340233
-0.341511904657229 -0.165828350191638 -0.0746505732900815 -0.0337447242403513
-0.354177902095979 -0.0982308481543723 -0.0663465696303778 -0.0233211251980521
-0.355459306117654 -0.0926507704366604 -0.0743938725448772 -0.0594011349403445
-0.321528020158609 -0.250311591289542 -0.0293483756252008 -0.102530705356448
-0.141798460025472 -0.390425556229418 0.0501279375863092 -0.118677289624877
0.0968885816243038 -0.441370019432507 0.122010794769489 -0.039803798873248
0.405078513335047 -0.176933545371306 0.105283549341539 0.0407731439385519
0.401376049434792 0.220436011307612 -0.0279732015276293 0.0260375789755692
0.207503595924432 0.423807967457715 -0.0613312612374467 -0.10486276299572
0.0128587179425346 0.342396047791395 -0.0601663123773191 -0.123348859583948
0.200123486981524 0.304358432958363 -0.0525497011163409 -0.118371725864182
0.302182574468364 0.0623703916369463 -0.0111689913424718 -0.0313652210856241
0.221256867148452 -0.22535585992792 0.0315284034328085 -0.0400105493243635
0.0221022922928509 -0.322717996214153 0.0136509605996183 -0.104447478610561
-0.16002689715244 -0.271069770718808 -0.0921667105570631 -0.143526960396582
-0.284589152357141 -0.150952420704332 -0.18590189460495 -0.108617430637905
-0.301615324316234 -0.0798928467849204 -0.189479500465101 -0.0618742714850476
-0.310702435174699 -0.0622682884888268 -0.198463199927485 -0.0864004829972447
-0.294382291784318 -0.195764009193611 -0.147012056266462 -0.145125882581992
-0.148974262422852 -0.328546888378828 -0.0303457713438089 -0.190969915495594
0.0602423142185934 -0.396620894788723 0.0922827286887964 -0.110340307752821
0.360562485861457 -0.17336620384602 0.0988883980740674 -0.024177033094264
0.369281041835253 0.199121932602497 -0.0522634849682936 -0.0397552199878211
0.175027687064453 0.39269849672319 -0.0908083788018974 -0.241903604785268
-0.0146680826080982 0.24475274504725 -0.0626004819580929 -0.226737532187224
0.134838518394969 0.219071784191532 -0.0683661733300955 -0.118264532965071
0.211687071836092 0.0424428557938725 0.0384900190579497 -0.00575333240757872
0.136649882816154 -0.154299937374976 0.115355333975678 -0.0528552454178652
0.00499511504212146 -0.207869607570645 0.0550364685719794 -0.188342732820149
-0.104623991646115 -0.171519229775964 -0.125241861030693 -0.23094573542553
-0.190507943912164 -0.100712476342276 -0.262589495458687 -0.162704367216632
-0.20304201190849 -0.0504248650832894 -0.284675101313816 -0.0920461032253529
-0.216912229769174 -0.0339785613001918 -0.293604443255091 -0.103185931688892
-0.216854830182516 -0.130621821477847 -0.239467981926642 -0.171459344285028
-0.120401103380114 -0.234034818443467 -0.0974025579657069 -0.236151867042341
0.0372913761742186 -0.297028001474868 0.0558866915087999 -0.159267998862521
0.275683453229161 -0.129191133686422 0.0764543420728029 -0.0775359630573336
0.276771104399941 0.163029146277074 -0.0709265624221338 -0.101469911442984
0.107451337358895 0.30217800113135 -0.10397863004647 -0.352937439316711
-0.0212195659195535 -0.145939404206953 0.128162441353313 0.384160760547625
-0.158503455280072 -0.079036969575624 0.138161276814193 0.117213721375182
-0.13262774119495 0.0819422646050347 -0.052752156163079 0.0743836932905381
0.0106236851459264 0.139133796057159 -0.0496227297332438 0.197269789325483
0.0745557760315315 0.082078306037768 0.126023185072765 0.26538961434635
0.0847250516598653 0.039241909907178 0.300036633702739 0.207403250430269
0.097188147585758 0.0137995679792737 0.363763884134357 0.118673063731225
0.0696835429555335 0.00697305241535484 0.339230074874947 0.086522926758136
0.0634750294833451 0.0212465412896339 0.30084133434177 0.144463098372434
0.0565513827585556 0.0632392213308671 0.178565446931448 0.233419567537407
0.0185362211668465 0.085837100150997 -0.0168687576431728 0.253779346284704
-0.0477619043459512 0.0834137771308812 -0.14699192262788 0.101789562861437
-0.0987641651558947 -0.0150808618181384 -0.114749638849724 0.0258515184167398
-0.0397314908475514 -0.121535291102433 0.00965320470835065 0.102298990137636
0.0304383954736052 -0.118739512238901 0.0492936700147894 0.291577011795335
0.0539580100030039 0.00338734628978914 0.107287677829261 0.421886838039765
0.00201737936760398 -0.0211241384204938 0.118243775097902 0.128922962147705
-0.014517694234279 0.00174725476105785 -0.0708486603560729 0.0993728121140011
0.020769231700869 -0.00899128386287373 -0.0660630583874426 0.220123303340465
0.00702783030107749 -0.0374810247524279 0.124732807993997 0.289830953396898
-0.0354040060293056 -0.0325707776834958 0.300348164496608 0.215897836471055
-0.0466684862320793 -0.00983693028971189 0.359818665012528 0.122492094645767
-0.0657141712436535 -0.0275099932353321 0.338040430394936 0.0872595983831577
-0.0598205553062196 -0.0499847933061933 0.303452514483896 0.128599224115052
-0.0137094657033831 -0.0794515035476806 0.203609434477469 0.214325297125478
0.054737329950166 -0.0669430380781082 0.0289132050090705 0.260608968459911
0.0752437471619673 -0.00671478972028268 -0.118435389242079 0.143564053527589
0.042056542357751 0.0247187185778474 -0.12234478905519 0.0604201861123391
0.0437036227900539 0.0129055094579075 -0.0101515266184393 0.092649527156932
0.0675592858773067 0.0299565182009303 0.0399261501685931 0.284703045461423
0.104434259448451 0.159421615097172 0.0663586131490495 0.395238325558649
0.158772475708379 0.070207637454011 0.0768329055678494 0.104047229611319
0.129969971848881 -0.0585331563558814 -0.105368775425549 0.0921472573194499
0.054805442891759 -0.165406711660707 -0.105951791938273 0.216157920214683
-0.0494313110803409 -0.173096960159176 0.0861784600450227 0.293785141035895
-0.14580298759556 -0.120271047498169 0.249740781705729 0.209178715854435
-0.183767533533839 -0.0455607464396486 0.299557838675986 0.114294649474083
-0.193252296419384 -0.0576697920640279 0.285569160700588 0.0736620612899146
-0.179302118971049 -0.100527179035999 0.260806445788614 0.0835756144551115
-0.106569646269207 -0.194947976783014 0.209364823111402 0.146288202098512
0.0429264713040311 -0.218130778300195 0.0928477856202466 0.20925424287864
0.15598435607575 -0.141479954129292 -0.0350511236876405 0.163978301823952
0.192256118160848 0.0104200320656334 -0.0787772480550785 0.113175009311345
0.152656759420686 0.124102236107231 -0.02101250197145 0.100860262361354
0.114650885877295 0.176630345152212 0.0254171171571227 0.238676299795206
0.118149346963796 0.29259217660052 0.0173112866355925 0.304735474680745
0.272780075690309 0.182724728370804 0.0296544706992928 0.0458450697715227
0.271659518074204 -0.0705366357525705 -0.127792060198058 0.0505155464714018
0.124560176402923 -0.290309102390761 -0.140831668141478 0.165787254055335
-0.0702769782702967 -0.304747774262848 0.0246101867483223 0.250206361367112
-0.221818325342247 -0.215073646426996 0.159078921239118 0.171646417570741
-0.289912616338488 -0.0919105651533628 0.191725422475776 0.0894738177625492
-0.292640879333985 -0.0800462238141764 0.190231347496789 0.0493802484687481
-0.278493092348496 -0.120446088094994 0.175284827218356 0.0300709632106933
-0.208553631741114 -0.261803582358724 0.171666600581521 0.0534269486885049
-0.0183892235020542 -0.336912112299851 0.130560314776346 0.107032596376113
0.172280765195139 -0.291202309328487 0.0598991881149205 0.130081832994482
0.318117371974972 -0.0549560823235216 0.00064084667440901 0.133834856145659
0.270266621354495 0.192590846290843 -0.0189398437572316 0.103997035562015
0.164369216290012 0.301989101005711 0.00303949145675415 0.153921856332622
0.0969095988531346 0.376978008972746 -0.0252154338587765 0.167861904471003
0.307859289454569 0.282679561310469 -0.0104321967015361 -0.0267739922777892
0.359711164270483 -0.0307833217627738 -0.11465684899997 -0.00428484994074822
0.200657458720002 -0.338134038263723 -0.130304384249064 0.0792165725277392
-0.048054123931553 -0.388424030089948 -0.0234754068525066 0.147838957326593
-0.243427787397987 -0.290183056648727 0.0526352704221047 0.0909033892502178
-0.344395775577161 -0.136641949724393 0.0583820534129593 0.0387050913983181
-0.349408127798776 -0.0923123857137604 0.0674761355169205 0.0162783268821057
-0.341113857370993 -0.11136882672641 0.0575962567832143 -0.0201365951025323
-0.289724731003731 -0.274503989557432 0.086244741551379 -0.0357276379772874
-0.0942468371844694 -0.394807304902588 0.11347050185242 -0.0146828772268794
0.137708281237595 -0.402726593584166 0.118077373787381 0.0488732408582039
0.390754951925792 -0.133486313959034 0.0732042536398683 0.102784365149613
0.36358181748201 0.21940609464444 -0.015608028865807 0.0784096502158438
0.203504941431593 0.386902858223681 -0.0270386901355191 0.0354614269024903
0.0582336798822629 0.388573050113929 -0.0505939112587077 0.0156480014140286
0.271695775701365 0.324520018097624 -0.0359758880471464 -0.0872071591789915
0.362643368705049 0.0267681800549659 -0.0680709410172273 -0.037808847483842
0.241328774292121 -0.301203098769669 -0.0646530738121512 -0.000189211343704729
-0.00500748599790621 -0.391071971178081 -0.0259371706938822 0.0151317911227579
-0.214905123337375 -0.3107298942235 -0.0370567199872338 -0.0231684489645495
-0.339169044181907 -0.158234150224158 -0.0748427405747392 -0.0319434246228155
-0.352544989767291 -0.0910449443016266 -0.0655551753946401 -0.0221014691062535
-0.352500481937002 -0.0855079032027932 -0.0746637704499195 -0.0575363448542944
-0.32162062670317 -0.241873426023914 -0.0299475498222228 -0.101865136265173
-0.146403315447242 -0.385084768291026 0.0484249474908751 -0.118549367748994
0.0894848680749016 -0.437357640700327 0.121018298291667 -0.0408933796584484
0.398749562965187 -0.180829198654268 0.104958322370173 0.0391887577764255
0.400145184971931 0.213410837624476 -0.0273800261236182 0.0256515383381437
0.211685051583007 0.415339678493359 -0.0627819812732977 -0.102211698775416
0.0180552407888483 0.337837840960523 -0.0611196066867242 -0.12146763612917
0.203032213374937 0.298529197784109 -0.0532626793253307 -0.116890039359787
0.299985361063777 0.0572771030253551 -0.0106985112204779 -0.0316512672436945
0.215586872604656 -0.22626333255843 0.0304604362148895 -0.0402309414916918
0.0167176374076403 -0.319762717649836 0.0125343791039838 -0.104733065294316
-0.162671582518043 -0.265885312116141 -0.0940620125574099 -0.14076226279725
-0.283605629253154 -0.14399919064635 -0.185611191802979 -0.103987904728867
-0.299118251456822 -0.0741666823757887 -0.188218439277337 -0.0589340685292444
-0.308516838550435 -0.0559871260029664 -0.197376547684085 -0.0819248732327814
-0.294568951983109 -0.18887640438499 -0.146617911068502 -0.141675118671584
-0.153391883746669 -0.323569350365722 -0.0322097948542359 -0.189038281829829
0.0521353641741972 -0.392340856424772 0.0906735344759745 -0.110641461339545
0.352804756902653 -0.175680405554412 0.0978529996931593 -0.0257664334327549
0.369037965845493 0.19079074070055 -0.0525014693479782 -0.0387195304661794
0.178854035792981 0.38434091096643 -0.0939406866661998 -0.236863554306378
-0.0110823103567473 0.242697326823663 -0.0650353663982357 -0.224012420777126
0.137338866261821 0.214433321581571 -0.0692518044958053 -0.11590563738123
0.210643543140161 0.0386742861794498 0.0383076460957799 -0.00633115533759241
0.132692592365799 -0.155008932493257 0.113934261061985 -0.0538411661083448
0.00153345191548487 -0.205880898695831 0.0526172285584019 -0.18816597267301
-0.106084321317777 -0.16836169057991 -0.127356078226141 -0.22583283834924
-0.190157528443164 -0.0964494733579061 -0.26314092173557 -0.156445923586419
-0.201685707367282 -0.0468339648479453 -0.28259093393538 -0.0864519349057467
-0.214759136347462 -0.0302575440880446 -0.292139793382887 -0.0979459879758131
-0.216350769579334 -0.126209787431315 -0.239822851148376 -0.165633007330377
-0.12306175177701 -0.23003980906738 -0.0995134691505623 -0.232777003181718
0.0317210972718446 -0.293849779556282 0.0542884291324079 -0.158244483109159
0.271102045295295 -0.131799896570998 0.074763869785392 -0.0784941720916017
0.276621767908832 0.15721312370288 -0.0718428375481979 -0.0989734552702498
0.110200363179248 0.297027050091133 -0.108469488036002 -0.345910906097308
-0.023170158434144 -0.144612815965017 0.131122552524769 0.379719962410517
-0.158042322014306 -0.0756423006607632 0.137483546225254 0.113712799762343
-0.129758316171665 0.0826482912895368 -0.0514565717891128 0.0739332348116612
0.0125055555436784 0.137594743403868 -0.047058204005147 0.195672535442206
0.0751011781433788 0.0799077457263232 0.127488592252599 0.260547334311414
0.0839457723221845 0.0372493788268312 0.300363857272424 0.200851598055458
0.0961497435389804 0.0119480572069987 0.361808687558142 0.111046308631637
0.0688477258104735 0.00610260357092045 0.336507827514308 0.0802645300567358
0.0626801468784993 0.0197944800102647 0.299807658478755 0.138423128249849
0.0571906460240358 0.0613302732456311 0.179743142537977 0.227325164902383
0.0193788158584483 0.0844728432613449 -0.0125114974114033 0.25188332298663
-0.0454828445605055 0.0831438815284098 -0.144014053305377 0.102865219152552
-0.0976977882171033 -0.0134885805499538 -0.112796917621711 0.0276584501973607
-0.0414090344761623 -0.119568687682012 0.0116204612441027 0.100325976539714
0.0283544555195296 -0.118143078840547 0.0534371036834523 0.286676308307962
0.053643418318684 0.0022458780792394 0.11280420168316 0.415098368566807
0.00169838178866492 -0.0205617794604355 0.118366625956755 0.1252872620725
-0.0141686581167096 0.00196849398637691 -0.0690016963775078 0.0995180022962559
0.0202963770857153 -0.0088278588990083 -0.0627156139509047 0.21909888743759
0.00631369604026503 -0.0370911775322421 0.126536643282295 0.284945438744204
-0.0357110032890489 -0.0315798027225962 0.299006040178567 0.209039942297161
-0.0466875611122028 -0.00951911820513027 0.356584391184886 0.115271157491618
-0.0651679013898451 -0.0261470302427379 0.335532453729671 0.0812244050823073
-0.0599839136269894 -0.0484267487059512 0.301008292625015 0.12280811546046
-0.0146679108270134 -0.0780819685729473 0.205128879384689 0.209019271298399
0.0530905542143769 -0.0667718610984153 0.0325318995812201 0.25763830023937
0.074678379594273 -0.00751854396667346 -0.114890626521487 0.143548299459561
0.0416372480343187 0.0238504345011489 -0.120086429152179 0.0620086384356956
0.0432881414707619 0.0119141837299648 -0.00859122653474181 0.0916770227036025
0.0668553145836858 0.02894300999439 0.0442032906804928 0.27979740417027
0.105702984423116 0.156306803122357 0.0709871981772173 0.389298291047066
0.158542659208021 0.0671264010025452 0.0782742413175956 0.100257651614493
0.127537394811704 -0.0597813346360528 -0.102781435797282 0.0925757050509685
0.0520649702327575 -0.163896956288817 -0.102919857891542 0.214978092807934
-0.0511484349583846 -0.170753431151978 0.0884430646108027 0.289569452354005
-0.146610715206838 -0.116252543135251 0.249383179604358 0.203532210034765
-0.182372523622925 -0.0429886552037122 0.297235718315994 0.109508039597509
-0.191259491198948 -0.0538767786984099 0.28407168219303 0.0683578878821467
-0.178409653340219 -0.0962681561337332 0.258899901179935 0.0795989490959042
-0.108390961401513 -0.191114922190841 0.208900037437351 0.1409554918062
0.0382875485124514 -0.215793762562042 0.0952951520121926 0.20543829216634
0.152062903829847 -0.142144328316929 -0.0316465780805215 0.162693995436594
0.189637979373925 0.00794532265845644 -0.0762647861356092 0.113475511576798
0.153172384098681 0.120521482165003 -0.0191653651172199 0.100004042453058
0.116058848820548 0.172448334647306 0.0281350492362877 0.235235236333722
0.120360353973627 0.289858569239616 0.0216145537446615 0.301389000872517
0.272462524987702 0.176662927422537 0.0299474784957926 0.0439208180100387
0.267057910252638 -0.0740067832320092 -0.125602343579499 0.0510749342400789
0.118913979768151 -0.288583695628132 -0.136716929975506 0.166116805990085
-0.0739306112038916 -0.299812568256639 0.0275244012606062 0.246795855654015
-0.222522200057756 -0.208979002872796 0.158925349595112 0.167009386141346
-0.287211781648204 -0.0861006781663719 0.191105547006355 0.0858380200204708
-0.28993465722278 -0.0746447541924394 0.189186619257931 0.045652076123694
-0.277264563269614 -0.11434280295548 0.173607909031161 0.0270657516425575
-0.210110303853157 -0.255787422838951 0.171081995098181 0.0499191902426089
-0.0233098852692135 -0.332398885939467 0.131284316158105 0.103728143646254
0.166709861056496 -0.290115671497899 0.0619239635210307 0.128350704241014
0.313289836339108 -0.0588061248146333 0.00226160243313955 0.133206604050811
0.270941354126862 0.187218419295082 -0.0164001089873734 0.102710558726843
0.167761243176215 0.295979279354117 0.00536925123074266 0.152433964434062
0.100080067975156 0.3709374130464 -0.0222295400891577 0.165932832517798
0.30998733628923 0.274180641412611 -0.0100246754748403 -0.0272167190569855
0.353842050530925 -0.0359897052546085 -0.113355739486259 -0.00290775003574026
0.193030369402562 -0.336668054509454 -0.127566792733687 0.0805092683275889
-0.0527987346582262 -0.384122743466686 -0.0204651972945288 0.146007433005183
-0.244647962725753 -0.281969989975837 0.0529889108937385 0.0895092585443936
-0.342317561112633 -0.129533590159266 0.0578130002340926 0.0381208328144502
-0.346360638824119 -0.0863430933257563 0.0671919888792522 0.0145310224549744
-0.338341784069596 -0.104597362220016 0.0564254803022909 -0.0207284216815006
-0.29111944765673 -0.268260574566772 0.0855816213295369 -0.0370317424270682
-0.0992984622761904 -0.389511819936344 0.112326765258126 -0.0163555759204911
0.13030103917161 -0.400322205892068 0.118058923576765 0.0468329135570863
0.383848089591359 -0.137348982867722 0.0736638874824024 0.101083768372697
0.364213809245188 0.211693469116705 -0.0144089261296586 0.077834650037038
0.205403695080036 0.379527717639099 -0.0257477946858122 0.0360579536852831
0.0621111593270987 0.383513465745078 -0.0498889160860779 0.0160095776624827
0.274667517586832 0.316712277406323 -0.0361691914197513 -0.0865987479570485
0.35842774920339 0.0212668361388331 -0.0672019458630144 -0.036270702936754
0.23397142946008 -0.301261938364355 -0.063410535225582 0.00117847709793367
-0.0115722906072607 -0.385665880759471 -0.0245464185313103 0.0145492697669391
-0.217211433147086 -0.304154032139999 -0.0374289846595754 -0.0226120027347918
-0.338355389571213 -0.150236515561222 -0.0749434406912496 -0.0291185119977923
-0.348510836915454 -0.0840931656142736 -0.0653459629026335 -0.0210453205003939
-0.349123847625208 -0.0791897289072946 -0.0745670301624147 -0.0550482766231594
-0.323113822474126 -0.233868590917343 -0.0311001748572475 -0.100000355585269
-0.15101347386636 -0.37869877808414 0.0465537162532789 -0.118413219831086
0.0820982842018776 -0.432663736761435 0.120009636907267 -0.0421953788002593
0.391831947734519 -0.185126676935594 0.104018632029885 0.0373553607150537
0.399437295461267 0.20515381890842 -0.0269318740481559 0.0260530602128445
0.214887489823578 0.406917491329204 -0.0636011685929245 -0.0996297659423075
0.0223109753886793 0.334195391689404 -0.0615580901133134 -0.119557957181438
0.205624874277593 0.290879079383258 -0.0539013132349247 -0.115332398768845
0.297360449902176 0.0519985957068795 -0.0106392829824463 -0.0315097070716091
0.209353215759273 -0.226471630411343 0.0298498456213583 -0.0402611651805494
0.0118094886193778 -0.316380804081732 0.0115126852824503 -0.104424020092451
-0.164575171431028 -0.260581779258967 -0.0953200728425541 -0.137938556872307
-0.282335544424549 -0.137347823593603 -0.185094734718012 -0.0990093184641548
-0.297321759278714 -0.0690673266592885 -0.187528763940591 -0.0555467491398987
-0.304481281738126 -0.0506993446587092 -0.196094812330368 -0.077878190615834
-0.294494558868816 -0.181531507736908 -0.146894280856616 -0.138055038910187
-0.155800737285292 -0.318142816860798 -0.03439739172367 -0.186522751193781
0.0452990639520304 -0.387594413609982 0.0892422838943481 -0.11157151786462
0.34631338920071 -0.179407067022341 0.0963208988004104 -0.0265654831640597
0.367440182994901 0.183564198446482 -0.0525709133518076 -0.037101319480685
0.181935745021023 0.377962728059904 -0.0962413148141299 -0.232613771334916
-0.00741872990743803 0.239875543198037 -0.0676884696158954 -0.22052766297884
0.139054275288421 0.209501518681554 -0.0698988038052504 -0.11397891154249
0.208696488379127 0.0347620339182094 0.037893878507929 -0.00759666299533381
0.129103005935462 -0.154913153591256 0.111971341516099 -0.0551837263011108
-0.00194649984292235 -0.203830227914992 0.050002486987446 -0.187145410774667
-0.107504773406083 -0.1651818667126 -0.129731891706126 -0.221840597680127
-0.189107964045285 -0.0923476191808608 -0.262936609067899 -0.149665539178138
-0.200255727549846 -0.0430731198054607 -0.281346377144112 -0.0813629747688955
-0.212295657799461 -0.0267555626725322 -0.289345194681035 -0.09286820594339
-0.216156584648431 -0.120946623269422 -0.238751894046709 -0.160650938522893
-0.12506569058536 -0.225746468690459 -0.102238314519029 -0.229332008311088
0.0268505772378822 -0.290844180045373 0.0520628850560292 -0.157970333546166
0.265543277530812 -0.134270207376772 0.0732460471958672 -0.078505741627532
0.276037872324643 0.151788126823159 -0.0724038169373746 -0.0968454958210955
0.113323987725418 0.292134113471865 -0.112456330352213 -0.339624859855396
-0.0246043127962787 -0.142506393254599 0.135522729673853 0.373170480009772
-0.157131472067553 -0.0725252965235557 0.137910285718063 0.1096524835049
-0.127491632574777 0.0831934037259318 -0.0505283042233165 0.0735627216320051
0.0146332212398693 0.135759839601572 -0.0441497288580998 0.193695098072422
0.0753091138847242 0.0778049717966235 0.129727973882364 0.256454655846727
0.083846276114652 0.0362965511323559 0.300023326837002 0.194796524141557
0.0950309301218991 0.00998416168881525 0.358218173364107 0.104798947702149
0.0676083772693825 0.00514790266179403 0.334338135030771 0.0749889932859113
0.0615669713192694 0.0185042498286819 0.298303651941096 0.132826500186026
0.0577616787156075 0.0598880925109163 0.181381873033643 0.222810058237159
0.0211297695467179 0.0831087118202671 -0.00820237991366112 0.248972061646155
-0.0441845572115118 0.0831622888422816 -0.141238289854863 0.103952042371687
-0.0975244540481477 -0.0118279661377615 -0.110729293010937 0.0297416484731808
-0.0429814543350557 -0.11795119118155 0.0128045387392769 0.0989987487976106
0.0260539568541599 -0.11688230044565 0.0571091907603169 0.281902761463899
0.0534113959160491 0.000933760316200034 0.116777305657991 0.409202250905816
0.00170016852603344 -0.0205694516108954 0.118941902622195 0.121217810834951
-0.0140711784760631 0.00208577927098433 -0.0669497705676718 0.0994717914259615
0.0196129448747015 -0.00946856967609741 -0.0590770202202334 0.216672503332398
0.00556100799138036 -0.0369995260817931 0.129124549227337 0.279986288629768
-0.0358109579302122 -0.0303063577005895 0.29770359670277 0.202373896105394
-0.0461342222295268 -0.00898057125607723 0.353595089140849 0.109160582041376
-0.0649837958456753 -0.0245617674605927 0.33302628018923 0.0760125067113036
-0.0600360248545444 -0.0470117383703297 0.299169726095188 0.117214760967381
-0.0151806510876026 -0.0769139033955697 0.205873565445737 0.203708457889171
0.0512897027326257 -0.0666705596875029 0.0367937383094583 0.254370756734622
0.0736276426303217 -0.00874948755837615 -0.112009389266168 0.144179121327056
0.0416832862359332 0.0230042546157873 -0.117369772295632 0.0635736445075041
0.0429499738480198 0.0110626524598551 -0.00649920355623043 0.0908030112734542
0.0661772126952747 0.027116289959752 0.0475029935022192 0.275632760414686
0.10677594832514 0.153102903790472 0.0761169302583371 0.384402671645348
0.158004899107198 0.0638930324087273 0.07811426889522 0.0974377299660736
0.125015154009819 -0.0601383869490202 -0.100641756754299 0.0927177572701868
0.0491288805451457 -0.162427664948625 -0.0983441087839618 0.214532566492324
-0.0532627907543711 -0.168053474163273 0.0916175763809041 0.285114061840574
-0.146597848563627 -0.112747979503992 0.249461157873479 0.197338480697532
-0.181137331440439 -0.0396278670310644 0.295508114445147 0.103972082824557
-0.189935778156034 -0.0504422039547836 0.282046006664329 0.063792483681468
-0.177726238446569 -0.0925777409367165 0.256651546524171 0.074713477871087
-0.11045097094804 -0.186837659857395 0.209442833994021 0.136764410822338
0.0352862412281731 -0.214351928380032 0.0978575837583177 0.202149872045996
0.147976323943067 -0.142421811621887 -0.028995406639628 0.161677684096248
0.187270052045699 0.00454906496268578 -0.0740253472122385 0.114069906950664
0.153323366624772 0.116796033085885 -0.0180697213719345 0.0989700669006001
0.116567726181084 0.16854497560833 0.0317671073008236 0.231849533091887
0.123309140756391 0.284799613107437 0.0257056604069627 0.296770517146682
0.272124595871913 0.170624580818262 0.0307148249633506 0.0419333188846502
0.262990062268428 -0.0763752532201953 -0.122501472541921 0.0520249762725261
0.112087650887029 -0.28696728609959 -0.13319514958246 0.166085516923334
-0.0774522296294194 -0.295792666872351 0.0307884171275927 0.243201897437438
-0.222922204368091 -0.203127508565236 0.159517041069767 0.16343500969621
-0.285378278258439 -0.0811885920667172 0.18969007839537 0.0822642853089232
-0.287544161209098 -0.0693504445644484 0.187891821550561 0.0423318167567922
-0.274981634117292 -0.108513198491342 0.171652904476542 0.025047478533991
-0.211969076673434 -0.249723581036044 0.169935781732172 0.0462931633620352
-0.0282670045653008 -0.329032391513395 0.131703320286973 0.101051735210465
0.160128863032518 -0.289065347285586 0.0635863867952931 0.125771373127521
0.309014320328596 -0.0628940457841341 0.00441500314132197 0.132190153226175
0.270720297956613 0.180249341661701 -0.0152606154610971 0.102154148781444
0.168830502108361 0.289872881251692 0.0081263453804237 0.150463452914383
0.104518638675584 0.366220161832702 -0.0197948760552794 0.164229725612527
0.310812320014861 0.266477877897144 -0.00969834114201482 -0.0280564052552748
0.35014613805522 -0.0404698503854284 -0.111192581691094 -0.00190689890052796
0.185610041858192 -0.336280802258679 -0.124821225006162 0.0810321456693218
-0.059071027544769 -0.37748874974055 -0.0182208037243482 0.143732987781309
-0.246507045523697 -0.275266225222809 0.0527736763769378 0.0876958921861512
-0.339352873664782 -0.122006070597355 0.0574177242717639 0.0373503632620699
-0.342050927544162 -0.0795268531311155 0.0667521169039505 0.0131722237064924
-0.335652905477748 -0.0977676343882886 0.055343631271684 -0.0207889216954297
-0.292243751985194 -0.260242506431886 0.0843094770585169 -0.0385330308743486
-0.104799730939687 -0.383997545991733 0.111643394446604 -0.0177807875394842
0.123110794170689 -0.397842390972795 0.118447295981525 0.0446420428677677
0.377383635640421 -0.141596371151763 0.0748325653281087 0.0994698617903473
0.362931863773057 0.203447833973291 -0.0133402733766546 0.0776110357466647
0.2084324112416 0.372674909726234 -0.0251573785718238 0.0360710111125979
0.066898553122803 0.379255841681882 -0.0483524845185831 0.0160661238412814
0.275452716638452 0.308328146501185 -0.0361580915034242 -0.0865026834753372
0.354886016684036 0.0155000249934332 -0.0663194157124728 -0.035860921028835
0.225672805492988 -0.301140141335045 -0.0626144034736807 0.00145308757844218
-0.0176708813068364 -0.381441880687132 -0.0236850456927074 0.0140487691444576
-0.220324754009102 -0.29834516152259 -0.0378385083419399 -0.0215304573670029
-0.335893142252954 -0.143594378656437 -0.0750307100804043 -0.0269475143032654
-0.346134907415965 -0.077948483323412 -0.0646963815149019 -0.0207507476202647
-0.345454696412104 -0.0728246822035161 -0.074185680387213 -0.0531361422857012
-0.322782488782087 -0.227095843242679 -0.0313942657413728 -0.099031980085222
-0.156392376322279 -0.372499684283987 0.0440979941700362 -0.117796525857502
0.0739453703436265 -0.428275992390688 0.119487415200467 -0.0438750608144066
0.383659834510627 -0.188169234470926 0.103571681897993 0.0359601315036868
0.398941847271274 0.197719366737358 -0.0261757674771109 0.0260637451956504
0.218079058565768 0.398623407490915 -0.0644700883834574 -0.0970978233949519
0.0259305498325623 0.330268122413112 -0.062651941579958 -0.117274471149051
0.207421197148429 0.283920737116297 -0.0546957413965089 -0.113540952124894
0.295186710353522 0.0475325895201521 -0.0103155486193594 -0.0308948775791207
0.203757851165122 -0.22703198591293 0.0294310627619631 -0.0404776193982371
0.00670677257223181 -0.312867416361352 0.010621322414568 -0.104117977649484
-0.1665124320216 -0.255544970526263 -0.0969018974281263 -0.134244684340755
-0.280950823430898 -0.131548125941875 -0.18485720917841 -0.0942575420556373
-0.29454123411803 -0.0639657123975298 -0.186499858969238 -0.0527969972252804
-0.30150361053465 -0.0451700351326311 -0.195437894593546 -0.0742923295587385
-0.293286921504496 -0.175186530544971 -0.147176808878166 -0.134457557460034
-0.159772075150364 -0.311888715681188 -0.03669114324696 -0.184415554186952
0.04010002038834 -0.384683269863343 0.0875584801509714 -0.111715343031242
0.339986362299779 -0.182602788990103 0.0946135646672335 -0.0273021297186233
0.366787486521485 0.176405640902391 -0.0528324841823618 -0.0358286602019556
0.185717345754828 0.370054899497942 -0.0985984779057337 -0.22754445074738
-0.00402343987155603 0.237169528577732 -0.0700539319364988 -0.217064777102314
0.141037643312979 0.204746242435544 -0.0702146185225714 -0.111768515755999
0.206962131649895 0.0316945464918666 0.038096291712931 -0.007953057752225
0.125267540574386 -0.155251802191948 0.110234514130829 -0.0562338753304879
-0.00522329562556945 -0.201360135971069 0.0475142131017809 -0.186860217272616
-0.108663216425165 -0.161933270339481 -0.131845162769211 -0.217388781600291
-0.188675094826846 -0.0874934745188584 -0.261274428442964 -0.143394698938147
-0.198495679681774 -0.0393482800050644 -0.279701658024094 -0.0771765105303646
-0.209066047578765 -0.0232654249241175 -0.288095278412433 -0.0882429694455616
-0.215363655411818 -0.11616111532175 -0.238712999767916 -0.155326042770829
-0.126979972672675 -0.221391426294309 -0.103911796256604 -0.225337993769157
0.0226399746111002 -0.287584059418447 0.0506404156596632 -0.156565664682233
0.260507107776572 -0.136473971577382 0.0709923937491554 -0.0782828372448114
0.275236555278643 0.145623769765807 -0.0733165593950909 -0.094216625556031
0.115379352445795 0.287578033123061 -0.116328786100966 -0.333800716362947
-0.0255190999406166 -0.141096160858909 0.138182654631305 0.366869594232204
-0.156259021138687 -0.0693561464180923 0.137520694351964 0.105775273522966
-0.124944118132026 0.084057565728415 -0.0493445012571452 0.0730114793021658
0.0159811141966052 0.134128050368736 -0.0416799057364614 0.192400890280075
0.0756073306227816 0.076098682007078 0.130318811312943 0.252826263995674
0.0830484104391027 0.0345797227113698 0.298150469595516 0.188465588017047
0.0941543881518546 0.0085481553868944 0.354763967645431 0.0986814126088748
0.0672876766429458 0.00440346967978329 0.331868652331763 0.0699080998980702
0.0609789970045561 0.0172223430694641 0.29643794907855 0.126762180648821
0.0581902155039718 0.057697386948262 0.182238654464357 0.217062545339308
0.021891748260526 0.0817523477911018 -0.0043818723512962 0.246028159512843
-0.0419467075612057 0.0828108553679342 -0.138686362025062 0.105091941615888
-0.096623752453536 -0.01039748903038 -0.109287735569795 0.0315513675447511
-0.0451481003060994 -0.116237602665344 0.014437943409366 0.0976526801175493
0.0246094762517814 -0.115535599559322 0.0605930960507905 0.277088090560885
0.0529067623274023 0.000553380556731633 0.119707634458641 0.403591483369245
0.00105902063151372 -0.020577701270161 0.119273119024089 0.117359757010927
-0.0140108266869514 0.00250996864969064 -0.0648098279379747 0.0986374356855422
0.0190081830639389 -0.00943485643832478 -0.0563889178965428 0.215794040047809
0.00469520078714965 -0.0364267867294338 0.130544809988347 0.275859186279317
-0.0361462622753788 -0.0291666818900213 0.298243651771601 0.195464352747756
-0.0455052859770212 -0.00841304796222424 0.351515701158698 0.102770404458581
-0.0647481247868676 -0.0237033938478194 0.330749153818854 0.070745799650641
-0.0602721886886968 -0.0459067241640678 0.297215222601412 0.111876524423794
-0.0163216020298788 -0.0762729858171074 0.206125632677142 0.197855133235861
0.0500048551670192 -0.0673237410949609 0.0398103237456845 0.250595153962506
0.0722255597188832 -0.00941889720483178 -0.108254147515723 0.143331531770547
0.0412305840723874 0.022493474788287 -0.115381761208777 0.0647697708000284
0.0422702653633411 0.0100518183599354 -0.00483502956429604 0.0898028205555129
0.0662112117471522 0.0257845800159341 0.0514753330810062 0.271588379060869
0.107678161486896 0.150080589160403 0.0800968585426584 0.378222125681032
0.156684455139492 0.0608364169380975 0.0787015240934024 0.0941534235928416
0.122675022104844 -0.0611984789765744 -0.0981551442731483 0.0928116852817714
0.045563468071838 -0.161338420869371 -0.0945659236215737 0.213748184378315
-0.0553823594428955 -0.165232303418252 0.093778354491695 0.280641160062317
-0.146943237316656 -0.109035406250398 0.248395587911314 0.191929963697712
-0.179551019507789 -0.0362852522874312 0.292830163082579 0.0991473269553391
-0.18790078610491 -0.0467854648366467 0.279942480269041 0.0595626491957664
-0.177354499962994 -0.0896028242253254 0.255084079288214 0.0707568435680693
-0.111127316384771 -0.183350342238903 0.208568564239871 0.131172071074101
0.0310219603106032 -0.212172622842222 0.100129481325973 0.198683226978828
0.144230552885716 -0.143031530238608 -0.0256421636837578 0.160532475793303
0.185462533049685 0.00225467004601561 -0.071319972033256 0.113833840562072
0.153029825126113 0.112436697113108 -0.0164055678575334 0.0985539713678022
0.117429312950901 0.164229702292494 0.0348876183642309 0.228796027871106
0.12513588279556 0.279015771156668 0.0297243866738954 0.292793731772585
0.271834844637713 0.163977833031653 0.031342802460825 0.0404107634797536
0.258906392952967 -0.0788833132792495 -0.120576505822521 0.0523894283695375
0.106937773801701 -0.284976969445703 -0.129244345217065 0.166374837430796
-0.0811584438003029 -0.29102583759254 0.0337673728691528 0.239528802521869
-0.2234988622296 -0.197818746283619 0.159444467933288 0.159909017419771
-0.28265528623558 -0.0758351293558906 0.187937029022091 0.0790697530568795
-0.284096832671988 -0.0643434096041922 0.18679755589709 0.0392550237725901
-0.273517869656389 -0.103678546680746 0.170880333531189 0.0225828312483977
-0.213161612041635 -0.243787948983125 0.168938671469016 0.0432214324388657
-0.0328344819206318 -0.325498272451785 0.132517803915053 0.097838565973077
0.153713259431518 -0.287994154548794 0.0649586593377612 0.123588013947218
0.304559123337531 -0.0662248620256184 0.00635980224616467 0.131181941960685
0.27138488794996 0.17448451140484 -0.0136407994173666 0.101140236953499
0.170416156411923 0.282807050940695 0.00954540930013083 0.14852028775334
0.108172350897372 0.359060573306039 -0.016623255712592 0.162314555000233
0.311919782490258 0.258139337677375 -0.00919533007188247 -0.0284228457190753
0.34628387917698 -0.0445298602357989 -0.109327034344219 -0.00086756449581179
0.178403218871038 -0.333790506971137 -0.12268089036914 0.08164112889944
-0.0633384953219981 -0.373182368570493 -0.0160713301562923 0.141857173873023
-0.247727697844362 -0.268906987322911 0.0531745081492936 0.0858782484255721
-0.338365089422871 -0.115527968626921 0.05693604987797 0.0370257633431927
-0.339737428394633 -0.0743788910329464 0.0663177830260352 0.0118083256766816
-0.33251921474667 -0.0920980322680001 0.0547272967718721 -0.0207909237205413
-0.292363486775565 -0.252910748333474 0.0828033962941189 -0.0394094396874651
-0.108048048418973 -0.378013719026288 0.110002561049154 -0.0191383242818439
0.116184698259801 -0.394408930047209 0.118361200442169 0.0426644993522804
0.370974351924289 -0.146110945656004 0.0751286473116089 0.0979199689408014
0.361965411911012 0.19686595200453 -0.0123386307138397 0.0764904441638645
0.211330669676134 0.363067912348851 -0.0249263813494967 0.0365593568215313
0.0710368317563952 0.374080977057544 -0.047596953511105 0.0161704586258691
0.276468615842023 0.300690275353439 -0.0366491986842656 -0.0856981816247794
0.351555697562941 0.0108214845875064 -0.0652242835546386 -0.0348887498116772
0.219659088326044 -0.300843999758404 -0.0613618117044738 0.00242033648396552
-0.0236059869805205 -0.376931406983726 -0.022640160560796 0.0131306283797805
-0.222031890030281 -0.290451596832745 -0.0382065800875391 -0.0208975508202596
-0.334200739909971 -0.136814398554217 -0.0751959742072268 -0.0253588352550558
-0.341844176565645 -0.0722479763148226 -0.0642257243929104 -0.0195715865861506
-0.341478521398767 -0.0666879159120489 -0.0740657112341334 -0.0517436203536268
-0.321697064119991 -0.219955567368407 -0.0319441948978028 -0.0978133764490105
-0.158998279476678 -0.36519194864262 0.04300600983472 -0.117526597738158
0.0649703624967011 -0.424862528677223 0.118146491827503 -0.0454691446118913
0.378277922241607 -0.191955428844366 0.103126977918689 0.0344168516887274
0.397818513043943 0.188649976090098 -0.0259840956045473 0.0267787809230108
0.219840899336692 0.391004154929143 -0.0651369122232796 -0.0944835501123249
0.030336437311077 0.326463976868376 -0.0631368671828113 -0.115651248918514
0.210225450019748 0.277548061014176 -0.0552869024599759 -0.112552246284655
0.292062338310976 0.0423976313637251 -0.0103334245234553 -0.0310371159827632
0.198208778417361 -0.226748876157355 0.028764334142993 -0.0403498317327893
0.000826922898802885 -0.309486713275294 0.00923204102931237 -0.104246385066353
-0.168570659808019 -0.249811922605754 -0.0978439129814887 -0.132013449386549
-0.279584669220925 -0.125864282076839 -0.184325347184849 -0.0895724258585992
-0.291833333140273 -0.0586575890256554 -0.184700974959403 -0.0493451989696196
-0.297509884174212 -0.0401326472859969 -0.194014330434454 -0.0707939202409607
-0.292952249079522 -0.168187582931408 -0.146601581683692 -0.131388741491852
-0.162627052384209 -0.305347070716429 -0.0383335287236544 -0.182896931188292
0.0325900971833599 -0.380034752467893 0.0862299558262853 -0.111547981806417
0.333952143700942 -0.184720990705857 0.0934148613696278 -0.028099625373226
0.366099753251543 0.169555440086444 -0.0525668436748971 -0.0346336454583036
0.186041372372703 0.364142543363371 -0.100745692098168 -0.222222690441719
-0.000696918096320802 0.235056830005879 -0.0722212597800695 -0.214312022214466
0.142031513656259 0.199942181257634 -0.0711471947258218 -0.110241144457478
0.205181799392224 0.0281544350538156 0.0374808842098852 -0.00875548319640753
0.121619766420793 -0.154553485788199 0.108453505741365 -0.0569446376930125
-0.0085398017648929 -0.199295433007947 0.0445662753536914 -0.18567316041593
-0.109202877355634 -0.158638992955633 -0.133302368477477 -0.212754807624478
-0.187241422102633 -0.0834460886450729 -0.26041017303729 -0.137413680903703
-0.197005877613117 -0.0359948318171354 -0.277818851809745 -0.0716087082587928
-0.206560535733805 -0.019371039363368 -0.285591079460002 -0.083116255374965
-0.214854221893631 -0.111229889733344 -0.236988791739699 -0.15062698238117
-0.129253600491265 -0.217014012429567 -0.105770492146248 -0.221258165557798
0.0176443654702969 -0.284042605392161 0.0483874112784456 -0.155805660210368
0.255806707610896 -0.13833435945233 0.0693114346364405 -0.0787316449246049
0.274904310177737 0.141084285524897 -0.0736484605655848 -0.0921163702743637
0.117462778310328 0.282410105344304 -0.11905754439624 -0.327158689193103
-0.0271120515304145 -0.139121416552053 0.143089406964994 0.361093829218556
-0.155625347817649 -0.0659311622574812 0.136984425230091 0.102185518884483
-0.122885198057631 0.0843570828771771 -0.0479647525724121 0.0731136741898732
0.0177073934643118 0.131932556187341 -0.0388117321348094 0.190278408191036
0.0756536076895813 0.0742259642914151 0.131592420923784 0.249347455022275
0.0820373752995819 0.033308091398202 0.297076085698591 0.183238687197947
0.0925662248519366 0.00672535352905269 0.352501783041445 0.0925164024748465
0.0662235247277039 0.0036524476145573 0.329045619863724 0.0647379150225698
0.0603155120488257 0.0161043548637797 0.294201630433482 0.121486797035562
0.0583250665344523 0.0564064366222658 0.183405685330632 0.211347432571083
0.0230743892472783 0.0807558964689226 -0.00183291497181102 0.243312027521769
-0.0406399573980688 0.0830609872297007 -0.136491956668948 0.105589105932828
-0.0954248418969473 -0.00857047111199557 -0.107103113081832 0.0330503179670309
-0.0458981039525271 -0.114208341576361 0.0154559645750262 0.0966071031028324
0.022873235975553 -0.114704391787893 0.0630427079788789 0.271966337735456
0.0521795386388478 -0.000436485428489841 0.124253138705308 0.397049955169304
0.000868962011103341 -0.0201758645015373 0.118948789448569 0.113699249030523
-0.0137464106794299 0.00276310362882615 -0.0631191023496722 0.0983516783729831
0.0186077103690144 -0.00947249303997862 -0.05334388286523 0.213928474725155
0.00426769509783223 -0.0360494608758651 0.131951925749474 0.270969968566273
-0.036422726794114 -0.0279440277884066 0.29610998151031 0.190680544249419
-0.045482077884265 -0.00803337660744502 0.3488030975912 0.0970382970521481
-0.064092900685379 -0.0220772589563224 0.328354463769355 0.0658544476755793
-0.0604603022760788 -0.0444878972153487 0.29577946321557 0.107465286534364
-0.0172400748042826 -0.0754780974571445 0.206207287584545 0.19279726194754
0.0486376332305819 -0.0670352956151354 0.04277143487591 0.247883377040443
0.0714383133167759 -0.0105036763974617 -0.105251635106878 0.143762391317237
0.0404629430118766 0.0215954588223191 -0.113232733853548 0.06596944464791
0.0417322624674543 0.00923251260734727 -0.00342550141353901 0.0886487591768391
0.0652936832336437 0.0241451673712138 0.054503207322583 0.266781974174456
0.108078300074681 0.146620501822143 0.084393391184803 0.373196719588297
0.156126153810359 0.0577188412035445 0.0792364717900332 0.0909606411299426
0.120567286909101 -0.0614382934357463 -0.095570352368401 0.0926919028620076
0.0426135117504108 -0.160067051962361 -0.0916567801113418 0.212871014111111
-0.0570829985345565 -0.162381269691608 0.095575620883739 0.275974919002305
-0.146949191274929 -0.105574233794333 0.247337247499613 0.18639482973736
-0.177687535063443 -0.0336692006152498 0.29057015541277 0.0947471587377325
-0.185968290998153 -0.0442591478906754 0.277788023417866 0.0554155253318773
-0.176359757711326 -0.0859747972950738 0.25256687254616 0.0668811076718899
-0.112627227912196 -0.179921375494514 0.208449411372525 0.126741509309948
0.0277486061759834 -0.210485611513395 0.102268781878707 0.194862386849668
0.141037626737562 -0.142521130304162 -0.0230179831281375 0.159260183281913
0.182669924580968 -0.00023710476695226 -0.0692638244013413 0.114127450710257
0.152999530896364 0.109420346730638 -0.014320184173294 0.0978028698812827
0.117816139608372 0.160981046418916 0.037560574349736 0.224997609097791
0.127781588556801 0.274705698713373 0.0333095707487143 0.288959668651583
0.270717980532023 0.158933604101191 0.0318602472688648 0.0379490093937296
0.254765430119043 -0.0810380883241005 -0.11820674513108 0.0529764287116788
0.10162060382925 -0.282552984539109 -0.126361555583762 0.165755219181486
-0.0845431730174675 -0.286420676585235 0.0363661480871312 0.236124890197107
-0.2234768529689 -0.191875664946484 0.158371649567032 0.155974481372679
-0.279966153870011 -0.0710400224255116 0.186576645469338 0.0760353437046105
-0.282058875529318 -0.0604326700674707 0.185320990429219 0.0367731174649003
-0.27170301828557 -0.0979653631974805 0.168941584411664 0.0208216584022017
-0.213668095299568 -0.238534866366415 0.167394988749615 0.0398136400465422
-0.0367635792879284 -0.321607103917326 0.13253386619287 0.0947109503306728
0.148194830793951 -0.286223860959679 0.0664054053995033 0.121831855529026
0.300102038928497 -0.0690958778820268 0.0080836891260823 0.129579732167062
0.270447034338964 0.169115532424057 -0.0125831585251717 0.0997173064301395
0.172335457189336 0.277403342396581 0.0116721691050013 0.146992954353412
0.109927152767032 0.354433746673365 -0.0138108279103636 0.160145550151705
0.312202786650108 0.251216594795062 -0.00965232050420562 -0.0289308686030387
0.341789410989814 -0.0473029696607527 -0.107825027782125 -4.0567867139836E-05
0.173430302487136 -0.332573819798241 -0.120449261712939 0.0825128349966182
-0.0680870035659128 -0.367328981882783 -0.0139443350090912 0.139742209294682
-0.248233088394905 -0.262629986279335 0.0525485477822937 0.0840217183650079
-0.333987071896894 -0.109808687382578 0.0562357646944501 0.0364359236348929
-0.336379579200028 -0.0684120342135049 0.0656041382902961 0.010545525077339
-0.329397186710723 -0.0862626458815821 0.0539803092538046 -0.020539347506783
-0.292601279789548 -0.245714992300274 0.0822749770424005 -0.0406245098784229
-0.113025156572632 -0.373655721754899 0.109254670309705 -0.0207011032454728
0.10926766769971 -0.391550493168764 0.117800256862981 0.0409006859015907
0.364966238686567 -0.147054072119929 0.0757840011436257 0.0963098303410495
0.361324006740373 0.189807942017821 -0.0116501598896601 0.0763849080594373
0.212816877381461 0.357617264455801 -0.0237778723212045 0.0363978265469232
0.0742020881102548 0.368322104364378 -0.0463590430083619 0.0164497909245805
0.279264316638437 0.292745157769018 -0.0368047950482547 -0.0853151143360982
0.346923107552192 0.00655336744198834 -0.0638669118221102 -0.0342227962213861
0.213395725886495 -0.299938610895479 -0.0606496405846642 0.00234796123658536
-0.0285381627531984 -0.372454599621498 -0.0219951887667477 0.0122464215362357
-0.223786053371719 -0.284453387618745 -0.0383116638880915 -0.0202701068175079
-0.331212454640011 -0.130113766753692 -0.074277019580829 -0.0228963055867756
-0.338842358971748 -0.0666907198624947 -0.0638830761981418 -0.0189315744437677
-0.338062735428206 -0.0615468015501136 -0.0734383154135482 -0.049751491806474
-0.321946649211253 -0.213082487339797 -0.0325774175680547 -0.0968326330355272
-0.162211023191224 -0.360014946264016 0.0406872654111815 -0.116799107589509
0.0608252128108262 -0.419227472981925 0.117472848423693 -0.046387805879276
0.369356465624368 -0.194864903646192 0.102380336266114 0.032993619958233
0.396312106603649 0.182208755269478 -0.0259717636635853 0.0266179368591044
0.222243983015944 0.384425719417935 -0.0653258336189628 -0.0922787910105679
0.0346552576097165 0.322884996522292 -0.0636677062692408 -0.114118440759643
0.209885578812695 0.271802304814382 -0.0557306872329861 -0.110807347128603
0.289248381201126 0.0382485208516596 -0.00993174217843106 -0.0309272008990624
0.192529642930198 -0.226417561865396 0.0282172956458347 -0.0399312036685985
-0.00340321118948407 -0.306401232121911 0.00817902211369869 -0.103993283324248
-0.170056932245891 -0.24516183488744 -0.098107957123314 -0.128531634482207
-0.277504517361292 -0.120317889761901 -0.183505505178355 -0.0855531962632313
-0.288798155252996 -0.0544607997601613 -0.183595720076495 -0.0470526417244674
-0.294015231302695 -0.0363710762851057 -0.192484911239126 -0.0675693208791842
-0.291675511554939 -0.16215623432985 -0.146145400707886 -0.128416733678213
-0.164450140887914 -0.300163135558908 -0.0395476965142058 -0.180007614811998
0.0276158480670248 -0.376095320543233 0.0844554549916231 -0.11170211191837
0.326727821228076 -0.187526695721949 0.0922451445506159 -0.0291301476696212
0.363942939485773 0.163480420855168 -0.0525891907503551 -0.0333483874146695
0.187689332578364 0.357359323158848 -0.102118105093806 -0.218141707446786
0.00175472265208335 0.232720225427008 -0.0737993781385525 -0.211165964901042
0.142948826951904 0.196061527497429 -0.071351882920758 -0.107903451546784
0.203298537389065 0.0254036020581814 0.0370868799261028 -0.00941010714807397
0.118076906421385 -0.154949081839756 0.106731357782849 -0.0577993701971264
-0.0111812982365792 -0.196819577352965 0.0421051425439135 -0.185176158280626
-0.110018747027612 -0.155750568649512 -0.134551108994135 -0.208753319325045
-0.186236392654714 -0.0800085412773986 -0.259112981527787 -0.131946285942341
-0.19483422587735 -0.0333911868038164 -0.275471021056415 -0.0677308061414906
-0.20397375633308 -0.0167770680425528 -0.283061255800042 -0.0792190396565292
-0.213441649347514 -0.10671727557225 -0.235803769281414 -0.146299344939746
-0.131381888793012 -0.21270173734954 -0.107186637115336 -0.217849178905912
0.0139578571961046 -0.280777688007646 0.0465195203864059 -0.155594191505512
0.250723034719696 -0.13967082598098 0.0677065627409115 -0.0787020525894926
0.272859672564174 0.136526096058692 -0.0735942744775439 -0.0894026917872192
0.119285553525556 0.277937959672955 -0.121474441087283 -0.321400999441824
-0.0278941377746216 -0.137502094712308 0.144194893845026 0.35602924172252
-0.154601704275593 -0.0632707120724694 0.136325958314675 0.0984541673316716
-0.12001594222376 0.0850402478170004 -0.0469284295198834 0.072412592990024
0.0187894463999973 0.130078709074264 -0.0372495197146151 0.188371595239672
0.0755076780048055 0.0728510702802275 0.132374859607597 0.244582344895175
0.0815214470690621 0.032031461846679 0.295679729667033 0.177752824873327
0.090979401255213 0.00534081866215103 0.349313355804166 0.0876034080241732
0.06604163082278 0.00294682851383715 0.326362907603399 0.0606947291026305
0.0593603875911486 0.0151524317423066 0.292356504678369 0.116408014787863
0.0584839258804757 0.0545772312919557 0.182997957867223 0.207158860010504
0.0237710388275314 0.0788833505625544 0.00167926250577746 0.240780619642392
-0.0391681124825732 0.0823924424865896 -0.133237434283105 0.105930426169771
-0.0950379213164839 -0.00712243840200907 -0.105208043462501 0.0345570727077
-0.0472962256591913 -0.112532603195439 0.0170329808637699 0.0945587591320822
0.0211882303132073 -0.113174675496289 0.0658896979542751 0.267607541297941
0.0521216521690696 -0.00119731201341094 0.127256080606841 0.39102886386233
0.000275400073180869 -0.0199785532985471 0.119142434595248 0.109969234105899
-0.0138690498784448 0.00317083640076109 -0.0613670916487298 0.0978092870828495
0.0183560674411448 -0.00927815867397345 -0.0503791269487998 0.211893263312172
0.00336089408198937 -0.035738821376872 0.133117046160766 0.266677185247374
-0.0366151461656112 -0.0267503596222342 0.294156793018059 0.18441081601045
-0.0450540532819947 -0.00736909108732363 0.345627092091174 0.0917132526681753
-0.063568219755603 -0.0209934832786436 0.325067274388479 0.0607907472706435
-0.0605361400820656 -0.0428943246321842 0.293533991013684 0.101700602849653
-0.0173927622438015 -0.0741291449755066 0.20670413043667 0.187583901391041
0.0471091230838945 -0.0674812483395559 0.0461591689138475 0.244601213333004
0.0704482848584229 -0.0107142472613038 -0.102799743619241 0.143225694291576
0.0404452256188679 0.0208615626777023 -0.11078448660643 0.0673825727769847
0.0411587554633552 0.00854495105759045 -0.00204175786276956 0.0875479767788258
0.0645844620917728 0.0233995441881704 0.0568484986758645 0.262456845378597
0.108689211016579 0.14398070868243 0.087736252596113 0.366959968802942
0.155134062639672 0.0552187938775722 0.0793319949551697 0.0881448596462403
0.118035227004447 -0.0620106495550972 -0.0935193150736744 0.0924630354922684
0.0400631808847262 -0.158515607884319 -0.0885946267409428 0.211555665546787
-0.0585766010399763 -0.159830260124394 0.0978585162779346 0.271714198466185
-0.146957336807293 -0.102357310294079 0.246612324627366 0.181637467017104
-0.176080444549981 -0.0306630000487277 0.287614246081595 0.0896875854326852
-0.184259012293734 -0.041126497924107 0.274911696058714 0.0506972437806863
-0.175200239108776 -0.0822192054245395 0.250570178434814 0.0640487063110784
-0.113512183252402 -0.176143722276361 0.207773089007043 0.122689164346303
0.0249889382830726 -0.208448611050947 0.103850410100189 0.192125826469589
0.137301457234808 -0.142476777905034 -0.0211751403961253 0.157564927567245
0.180437844819268 -0.00241938789889268 -0.0666597445853173 0.114446498654322
0.152666290127438 0.106078818318656 -0.0132048374735773 0.0965688937987048
0.117970141936001 0.157118119597946 0.0396688827168952 0.221422937237038
0.1292055835424 0.270063284104179 0.0363044209148402 0.285180843754649
0.269837258824165 0.153176169224349 0.0320826297414618 0.0363065784424911
0.251030744516256 -0.0821063143580174 -0.11572242149026 0.0531608371830951
0.0973174282177528 -0.28093796538162 -0.123165107574187 0.165284512425271
-0.0870021985612804 -0.282553283286495 0.0383757252040782 0.232459693888239
-0.223799375195809 -0.186758663435118 0.157637483342434 0.152347168684931
-0.277677887296427 -0.0668497650356846 0.185007347036685 0.0738140877866569
-0.279018216089558 -0.055517447149679 0.183982225328797 0.0336371669321383
-0.269515679984002 -0.0936050976943613 0.167508775645624 0.018849707520723
-0.214830770611897 -0.232492542966822 0.166417667926583 0.0367579442675613
-0.0404261472025894 -0.317706278629673 0.133260169434214 0.0926457145252713
0.142828135742631 -0.284606846299791 0.0673018817173355 0.119581541917081
0.294670918347448 -0.0722814385173646 0.00958474516378006 0.129247147704695
0.269568659457975 0.163319533822184 -0.0115820710650756 0.0993082870070603
0.173231493614057 0.271805060560175 0.0131784941666075 0.145166321291515
0.113339693582279 0.349212863082125 -0.012580891449344 0.158206823422767
0.310948671438613 0.244019219932722 -0.00914583999377724 -0.029670140206917
0.336772429336545 -0.0504930025045364 -0.105651479941345 0.000242848268259089
0.166082225973606 -0.330180127484508 -0.118235836919675 0.0827128363036656
-0.071942210596103 -0.361992108606335 -0.0114240018152647 0.137452948149111
-0.24992489357233 -0.255999391959913 0.0525276576220821 0.08265756125025
-0.331929895870568 -0.104488788497599 0.0560198338560543 0.0356682845307829
-0.332633119679501 -0.0631809366408522 0.0652905952358699 0.00967345582605123
-0.32618211379017 -0.0810437417765241 0.0533652521888358 -0.0205597434260812
-0.292449293885142 -0.238761084807622 0.0804895102904393 -0.041565106517535
-0.117075633095545 -0.367206719025904 0.108402072866644 -0.0219445062118902
0.102612014032926 -0.386990242627922 0.118318986395389 0.0389722558595001
0.358223631514761 -0.150919427899262 0.0758399969587079 0.0946954203417776
0.358546733827361 0.183058296355944 -0.010299787020213 0.0756847517724054
0.213233321933399 0.34905651284264 -0.0230700667461086 0.0366654129759596
0.0779165926520519 0.363945520198071 -0.0450849038670377 0.0160333194723007
0.279027104400793 0.286695942462335 -0.0368464685873364 -0.084707120074215
0.342929380998102 0.00309477975929192 -0.0629437205701283 -0.0334452253721573
0.206927657957315 -0.299168026969864 -0.059731207848144 0.00312628740142035
-0.0331089512975504 -0.368302350839029 -0.0210908504311168 0.0117628612080842
-0.224312213408462 -0.278332618925096 -0.0390382758646231 -0.0193598394303021
-0.328937831247468 -0.124582464399407 -0.0737571263972541 -0.021283941520681
-0.336609790324285 -0.060853156788553 -0.063312845631931 -0.0184883127408338
-0.334755934053804 -0.056313458307952 -0.0728116788018137 -0.0485937694054276
-0.321757398330125 -0.206276996772835 -0.0328096774451912 -0.0960518449135608
-0.164840525278006 -0.3538968526159 0.039796280491079 -0.116630903078049
0.0533209683116955 -0.414155341159532 0.116448177824295 -0.0473952896841567
0.362341155375505 -0.195957225477398 0.102031471821391 0.0313855162086698
0.394076548934174 0.175031028876 -0.0252836252937308 0.026759598844999
0.223773318852035 0.376272279779809 -0.0660182228106778 -0.0898102378507648
0.0373628164842626 0.318196511608501 -0.0641222994399726 -0.112325756278775
0.212182149849906 0.265033133750109 -0.0560663106782606 -0.110187760082704
0.286960291241526 0.0346284525982406 -0.00928513612145269 -0.0310119494463658
0.187276990657748 -0.22628112612432 0.0280579297219732 -0.0404273392362797
-0.00744089305058608 -0.302259647570637 0.00768899448415274 -0.103855667677698
-0.17155790736859 -0.240088956478238 -0.0994665477346779 -0.126193329721529
-0.275517955021344 -0.114854306959802 -0.182351685535041 -0.0815688530254968
-0.285916148278682 -0.0500407673858626 -0.182044393972188 -0.0446620225868797
-0.290991511686445 -0.0317550751400251 -0.19065381014846 -0.0641774144151792
-0.291192602108682 -0.156897044861094 -0.145999860317781 -0.125671618418516
-0.166841140554678 -0.294764913235817 -0.0411405596072393 -0.177990569885516
0.0224432475597686 -0.370846253489135 0.0831318592912353 -0.11177612355967
0.321882838159276 -0.188538256593652 0.09070186401876 -0.0298514376447598
0.360907083295815 0.157447374235153 -0.0521569477357787 -0.0322406487036215
0.189808486785654 0.35176273798853 -0.10396975793087 -0.213455170634508
0.00436556413927267 0.229802774172401 -0.0755903827796791 -0.207972224986591
0.143667138608926 0.191310065636537 -0.071989321164318 -0.106319071425028
0.201292662759645 0.0221122726039629 0.0370677279041327 -0.010424634081452
0.114588104241983 -0.154434368603982 0.105348698775588 -0.058385968555413
-0.0138281459679819 -0.194231844850207 0.0393515987513817 -0.184361195107415
-0.111023372254187 -0.152806404510121 -0.135514177915553 -0.204414650500998
-0.184491330440822 -0.0764596449876893 -0.257812781629816 -0.126395503729987
-0.193212787217172 -0.0307439703010172 -0.272808785844724 -0.0637080348379315
-0.200968411079519 -0.0138324399052297 -0.280555524267207 -0.0745179017815087
-0.212074115824223 -0.102601339767639 -0.23482517505863 -0.142299573260439
-0.132384804966355 -0.208772394279586 -0.108049242327573 -0.214302649028816
0.00916753727057245 -0.277609023641225 0.0455213212057785 -0.154166136728773
0.246119648160039 -0.140439767688739 0.0663095183549164 -0.0784865627460261
0.272191247530548 0.131516070144483 -0.0741664372791223 -0.0876386531749443
0.120763390280618 0.27312432483648 -0.124737742622427 -0.315104195203354
-0.0285239207523077 -0.136334619347133 0.146738884475332 0.35077594254631
-0.153624053668998 -0.0606988457754919 0.136332356218331 0.0954519720930391
-0.117940553651657 0.0852371295404629 -0.0458317051182774 0.0723279489185498
0.0202739066950354 0.128259177506572 -0.0349362658502782 0.186554958993866
0.0756256389449524 0.0708264208824255 0.132946841264414 0.240875285335023
0.0812966457369184 0.0309630111545799 0.294703640415778 0.172850801817592
0.0900286295653513 0.00391413909344861 0.346206361681746 0.0822624178177435
0.0646212872389145 0.00191669933029907 0.323435716541742 0.0562745787795679
0.0580644776557377 0.014428965507928 0.290668432699985 0.111937606917155
0.0584719096767063 0.0531077818737162 0.183647289937374 0.202337459587121
0.0249780566045168 0.0780895078637275 0.00514734596443879 0.237663453330777
-0.0373383106557582 0.0820616094842419 -0.131057819513414 0.106504837568505
-0.0940802162233954 -0.00614333045114392 -0.10357110310123 0.0356260399625552
-0.0484258916441876 -0.111229601854843 0.0181117736025485 0.0934416113468299
0.0197716472769 -0.112204691613488 0.0677300492144017 0.262611077257415
0.0514076723528371 -0.00222757360003044 0.131363626277381 0.3859927249393
0.000402016570499298 -0.02002840235445 0.119103203375393 0.10722352641473
-0.0136646049502814 0.003443141083067 -0.0596620140769877 0.0975983687040852
0.0176238083221405 -0.0095327004881997 -0.047739405671104 0.210171858886234
0.00309509059393321 -0.0352179450029282 0.134092224996943 0.262801899277959
-0.0363235858807697 -0.0259222862358146 0.292902087348258 0.179198729994886
-0.0444975128004682 -0.00657433934770182 0.341318826438596 0.0868559812741985
-0.0631329498981747 -0.0200800561710265 0.322398818473959 0.0564959497083429
-0.060525148052582 -0.0418821739653959 0.290925926066697 0.0979185839299736
-0.0179585009504504 -0.0731658817291006 0.206159502921123 0.183012033440836
0.0459212292015256 -0.0666784872320919 0.0487020731394113 0.240516623346348
0.0696667630719651 -0.0108354600461107 -0.0996997623794531 0.143560915910195
0.039419173200136 0.0200453782303622 -0.108832134180014 0.0678783654401233
0.0407905068187183 0.00728741630384688 -0.000988247311606428 0.0868897955084493
0.0640516977840839 0.0223720877547628 0.0595889905420697 0.25801148700081
0.108780335004742 0.140786017237529 0.0900735203867522 0.362826794724403
0.154575324816522 0.0523246196809472 0.0792620391144759 0.085764188086037
0.116149452339345 -0.062123349468991 -0.0912279274005873 0.0929070936096362
0.0377471606592713 -0.156993105387145 -0.0857143875040757 0.20988439468869
-0.0600389612796798 -0.157721044145108 0.099485213394009 0.26729571545621
-0.146178272451106 -0.0991521149930138 0.245410838481102 0.177310714687181
-0.174293279260615 -0.0282457438803746 0.285697016754563 0.0856034337588213
-0.182262065986392 -0.0386367555822607 0.272637158352702 0.0472469733412305
-0.17433436311449 -0.0789907826341175 0.249136592239026 0.0605785777467598
-0.114601694727054 -0.173319107564378 0.207052810228576 0.118249734263477
0.0219081564776486 -0.206483858785652 0.105577163811636 0.188439296155048
0.133701470180351 -0.1421836550666 -0.0185490206809531 0.156412201125639
0.178450640262254 -0.00392113770828455 -0.064640822744618 0.114008841535291
0.152562514497942 0.102990681854886 -0.0124729360234419 0.0950855060993733
0.117969108306767 0.154236301073747 0.0419670218269831 0.218444396220168
0.130859574768517 0.265792570725712 0.0390550501859097 0.281441849740976
0.269084054440673 0.147803863226176 0.0320410178454208 0.0345140585237479
0.246972651091493 -0.084185218423716 -0.113361118718012 0.0536009129724307
0.092079925148789 -0.278223925370468 -0.120230108314829 0.165017760605251
-0.0899581994494166 -0.278109797381104 0.0399007920721664 0.229008937316179
-0.223854486381927 -0.181996659888224 0.157182954600752 0.149361545514631
-0.275297645078017 -0.062142011555794 0.183495277470675 0.0709514519425779
-0.276396472526131 -0.0523762145249633 0.182496943678702 0.030883692301846
-0.267137435094287 -0.0895020743420701 0.166282442627942 0.0168620102490941
-0.214886287543429 -0.227038169613824 0.164654437537 0.0338740603218716
-0.0446087088328487 -0.313498152521481 0.13334846115433 0.0896866995575662
0.138028540333441 -0.282754098627134 0.0685865359569053 0.117566097031204
0.290967043360685 -0.0751895564072883 0.0110155900157559 0.128054787848893
0.268834739968475 0.158568316032835 -0.0103174544742288 0.0980859398678126
0.173640294922912 0.266158750088783 0.0150192051369267 0.142646691142811
0.116773987329543 0.344059380195947 -0.0101013386285286 0.156192094417256
0.311230119610845 0.236596116047066 -0.00931736024263893 -0.0299607941837008
0.333205841869182 -0.0535546786058955 -0.103835028602585 0.00057558696553487
0.16050506243472 -0.328122620951015 -0.116121578225335 0.0825712177606527
-0.0761426499544138 -0.358437587757328 -0.0101515605999977 0.135483144044764
-0.249675942911746 -0.250123196522129 0.0521878602158153 0.0814456619171437
-0.328930645108319 -0.0989148811005944 0.0553203990234276 0.0352133050088928
-0.32962445061179 -0.058917887380732 0.0648820941553764 0.00856090278600273
-0.322793245436707 -0.0759908135819716 0.0530254654273337 -0.0208935182802329
-0.292682471106152 -0.232254322666357 0.0794308692049729 -0.042807016023266
-0.119395866007699 -0.362507527494041 0.107516723100715 -0.023050597913269
0.0960737893886711 -0.383267867789773 0.118079397385726 0.0369539825395012
0.352893734329548 -0.153050174519008 0.0763846541695065 0.0929754472794612
0.356977518638441 0.176848025169305 -0.00982557181969716 0.0748656641334483
0.214545521226341 0.342827514744684 -0.0223665550108838 0.036808243510703
0.0810928276987816 0.359592771093844 -0.0446089633386093 0.016045392640667
0.278717187419453 0.279516858498795 -0.0370397698682061 -0.0841608502813311
0.339377557604231 -0.000688797168748483 -0.0619061148980096 -0.0334677329844165
0.201303090289128 -0.298204576975633 -0.0591269272301781 0.00347999805290103
-0.0377840280301199 -0.363132235477264 -0.0210083291790496 0.0104518301089822
-0.225366855295644 -0.272446566022889 -0.0391016152278701 -0.0189868917423072
-0.32681477056596 -0.119164469761009 -0.0735664479606043 -0.0190091777664605
-0.332122331442468 -0.0570579643569025 -0.0624633810737744 -0.0177731032774364
-0.330913660063937 -0.0511810481078261 -0.0726331263313005 -0.046585774514293
-0.318793838796014 -0.19863511466886 -0.0339155838232575 -0.0949807215186822
-0.167469076557693 -0.347931863542119 0.0378844409243193 -0.115768267450818
0.0478718218766442 -0.411292039410656 0.115730797051932 -0.0483697363607259
0.355902623533151 -0.197906230717577 0.101091615589324 0.030345607704624
0.391273035572633 0.169159913175527 -0.0247837898127897 0.0267247033758194
0.225197100919171 0.369150700410248 -0.0665381848325107 -0.0874987510562783
0.040525259717159 0.313815131841769 -0.0643540158752516 -0.111220149211734
0.212813817905559 0.259055433961227 -0.0564501618658349 -0.108858293210501
0.283924792301923 0.0313048957163268 -0.00942807552148449 -0.0311446444475142
0.182691509491088 -0.226035842104918 0.027742838280343 -0.0410350532681798
-0.0116046865727023 -0.298473120775117 0.00644021420047518 -0.103457774454694
-0.172232176235265 -0.236154858397575 -0.0999835818541005 -0.123716407613198
-0.273812326851937 -0.109857416043444 -0.181722129678423 -0.0770102962218002
-0.283406649696279 -0.0461236698583742 -0.180540403087416 -0.0422278923030538
-0.28726306114888 -0.0279510686561558 -0.189436419079257 -0.0618714905186817
-0.28922518677149 -0.151168154005855 -0.145792214170863 -0.122803450611475
-0.168093985356954 -0.28970925329033 -0.0421315863814328 -0.176132720517172
0.017401971887683 -0.366366108343439 0.0817877574690319 -0.111867318191969
0.315375842869145 -0.19039219750012 0.0892315112616696 -0.0301800516493849
0.359345855666434 0.150723869717108 -0.0523503986542932 -0.0312049674502166
0.190976986542496 0.344548685847282 -0.10504504674847 -0.209455560074961
0.0066293471544311 0.227307742243599 -0.0767026187470919 -0.205280174922183
0.144291093636096 0.187110830695274 -0.0725933659070554 -0.104971476326145
0.199562947888349 0.0195269141152618 0.0368168570437791 -0.0108885089969877
0.111557128829186 -0.153952833403222 0.103997040065958 -0.0592498566196451
-0.0162244390212175 -0.192522413311216 0.0377793751072712 -0.183196141355143
-0.111867570061355 -0.150233841557451 -0.136542406220219 -0.200735542715353
-0.183554695379356 -0.0730560061160988 -0.256025820382436 -0.120891634170664
-0.191302183554231 -0.0275433914596517 -0.270718853063445 -0.0603412745034698
-0.198290672228551 -0.0118620724832131 -0.278723508077563 -0.0704758882902636
-0.211279883199697 -0.098749421245418 -0.233549487648493 -0.137850034474914
-0.133696016028001 -0.204341432553305 -0.109382709572737 -0.210856991600319
0.00639599734233549 -0.27423346534897 0.0437121188659451 -0.153372713129697
0.242163059135439 -0.141785537221983 0.064528255165253 -0.0783501658481318
0.270408406454806 0.127142432523432 -0.0741383123793466 -0.0855891708723095
0.122027733033732 0.268410702515984 -0.12624437327259 -0.309683743861332
-0.0293273402775197 -0.134567734727893 0.148676048947166 0.344754337134383
-0.153017040997534 -0.0586227373701421 0.135254132877754 0.0922771152044985
-0.11559558381652 0.0856223866036818 -0.0444945911851294 0.0716367925205358
0.0212296173285592 0.126716729022809 -0.0331170281948205 0.185124947395089
0.0751147084457036 0.0694472282892572 0.13320170031261 0.237778674921118
0.0803609613646293 0.0301007130818557 0.292577167196866 0.167788330117685
0.0889914037559283 0.00312833965459825 0.343084752680744 0.0775554755996684
0.0642262245000713 0.00168105579056349 0.320362498880233 0.0517445147532078
0.0576510729207895 0.0138873966844246 0.287772415072199 0.107572039434994
0.0587144889901643 0.0516114674484402 0.183179023856014 0.198198271867796
0.0257534147093975 0.076685883837328 0.00810501466755555 0.234979862497347
-0.0362244351973972 0.0817521167102279 -0.128780028959477 0.107017057882997
-0.0934102904240736 -0.00467793418739223 -0.10171960180636 0.0363526849500432
-0.0494785301742055 -0.109541004908077 0.0189836109433668 0.0928258900741899
0.0185449925989434 -0.110567474453159 0.0692887525444298 0.258665782304502
0.0511892846200298 -0.00252845975310153 0.133455064220461 0.379570675510845
0.000376868624003406 -0.0198192302664316 0.118385197804694 0.104335200246815
-0.0137975186794559 0.00387721227554946 -0.0580395714281865 0.0964504468855453
0.0170708874442536 -0.00961489219138459 -0.0452207806672205 0.208210154273155
0.00233979953813374 -0.0350023457370374 0.135190579260329 0.25852192576242
-0.0364162818373457 -0.0250815435502518 0.291360723226971 0.174449919003129
-0.0445221041299645 -0.00632468086851618 0.338660490110987 0.0826421037666447
-0.0627491336918186 -0.0189000857694958 0.319450925301579 0.0526560158694887
-0.0603424299238729 -0.0406539850094359 0.289058659467072 0.0941746692649097
-0.0186281038294674 -0.0722905490097055 0.2056065858839 0.178336975971052
0.0445067071906769 -0.0672354521208312 0.0506855982370217 0.23718616621033
0.0686205459252519 -0.0116731682652801 -0.0968749148829062 0.142571229801535
0.0395555799189233 0.0202228779692416 -0.106565685015088 0.0687124292630189
0.0402060097313224 0.00694056539952617 3.45779976311373E-05 0.0860886955969979
0.0628813065598181 0.0216992441291189 0.0616388753539515 0.253934103523807
0.109287369032163 0.138331732544633 0.0928250467078981 0.356341516220024
0.153427056550667 0.0501138442718353 0.0794767720329668 0.0828127952323368
0.114265798773546 -0.0627370680155914 -0.0888683686180103 0.0921771401092024
0.035168620994273 -0.155730559237301 -0.0826841589985611 0.208388696806932
-0.0614022080517319 -0.15487864693824 0.10087648426744 0.263653767982554
-0.14578099174345 -0.0964413590938614 0.243851692544687 0.172586115147052
-0.17231997852786 -0.0261755227205059 0.282844902081364 0.0821343233307499
-0.180967270361337 -0.0361407678585579 0.270484339197079 0.0438576745291889
-0.173466790582651 -0.0761321818976274 0.246858734907705 0.0570960770561143
-0.1147966399793 -0.169851878472799 0.206282238630725 0.114816509156292
0.0195734502572114 -0.205143896628753 0.10647881299336 0.185356206313314
0.130477166648496 -0.141849978050918 -0.0168641076153839 0.155024090658016
0.176129489119194 -0.00640109881575272 -0.0627252121458479 0.113936909708897
0.15226876756958 0.100198687900519 -0.0107194216520174 0.0940853436097686
0.117612283959152 0.15092727194638 0.0441126632469861 0.214547110768057
0.132090131532208 0.262027093330366 0.042073445335251 0.277186636405387
0.268049029215057 0.143103693778396 0.0322387844440887 0.0328399970107753
0.24345819867898 -0.0853925294524989 -0.111369477845418 0.0539267686617425
0.0879594307116904 -0.276481579305152 -0.117609990480659 0.164592150237239
-0.0923675941540571 -0.273678751323791 0.0417131750122488 0.22613805921551
-0.223841298134869 -0.177510276826624 0.156474529468063 0.14613382585092
-0.273152463681308 -0.0583696213186471 0.182353826937231 0.0695206356020781
-0.273755294768443 -0.0481988833970601 0.180805602265423 0.0285009486907175
-0.264838517510772 -0.0851782099749851 0.164908099048299 0.0147888922471913
-0.21460272398266 -0.22209915124705 0.163642202986865 0.0315575513951215
-0.0479734970652756 -0.310183213475468 0.132974763263031 0.087152043104478
0.133124314658265 -0.28121441545431 0.0700666349055974 0.11555817674878
0.28704853705521 -0.0768467487426345 0.0121090952646809 0.12705676736274
0.268026127839662 0.153937049896703 -0.00895211824099508 0.0971364551401288
0.173545039993021 0.261358948031232 0.0162753525246757 0.141471726492394
0.118119241916919 0.340035545195782 -0.0083714041113032 0.154214411838494
0.310304130023552 0.229621267689698 -0.00906347292075734 -0.0309915007248514
0.328923356599075 -0.0564720674370074 -0.102272308108082 0.00164800749914122
0.153857152473893 -0.327083678559493 -0.113794674280201 0.082606000972409
-0.0794287354477359 -0.35293049195374 -0.00886456761020085 0.133366140383054
-0.25046121110058 -0.244131427213732 0.0520417989667764 0.0802210008722628
-0.326198693361474 -0.0935582034421053 0.055086409255722 0.0351782806795232
-0.325999107688871 -0.0550558958206472 0.06448179634535 0.00735350848766523
-0.319890335704246 -0.0717138512916131 0.0523630156318166 -0.0208986468074711
-0.291034065463167 -0.225106465108716 0.0780080786293955 -0.043890594197818
-0.123475246577107 -0.356935498052724 0.106724124910992 -0.0241648316342519
0.0915260637287638 -0.3810969226824 0.118477982970421 0.0353960253991779
0.346661494688081 -0.15474883470302 0.0765146113513854 0.0916104503547787
0.356159446683333 0.171649783775807 -0.00887253380096684 0.0742189806524056
0.215328782526189 0.335495854488456 -0.0222805161307239 0.0373659539047708
0.0838745765090925 0.354118420642801 -0.0436966643155983 0.0157469990056783
0.280034237430133 0.272587277715169 -0.0370578472241125 -0.0839611423829249
0.335559766132051 -0.00424989080907213 -0.0606897228233902 -0.0326071077585649
0.195789514512989 -0.295993337326788 -0.0580269840375233 0.00354381272089547
-0.041668199854489 -0.359102319865007 -0.0199121130947018 0.00977780853494423
-0.226025024835471 -0.267140309944344 -0.0391963509262754 -0.0179077563497447
-0.32421255688693 -0.113346260340151 -0.0728313938355069 -0.0174522448227549
-0.329011617141212 -0.0528600876695679 -0.0621339225096936 -0.0168397206904157
-0.327112576396805 -0.0475849787792395 -0.0715145610646429 -0.0450065790043663
-0.318502995726129 -0.193260033164725 -0.0339838832962904 -0.0941112335323005
-0.170929432344096 -0.343206427403554 0.0373347437684468 -0.115203040946782
0.0429309939867124 -0.407647552734133 0.11444390554012 -0.0489319551845091
0.350514670276471 -0.19958327114029 0.100555650752421 0.0296002272506626
0.389949648648342 0.163082060306335 -0.0246550155501232 0.0268955188904006
0.225035425754214 0.362814123354705 -0.0665243525914237 -0.0851163613305415
0.0428643692291696 0.310584329172513 -0.0650916981895127 -0.108495633562639
0.213214556130455 0.253823533564551 -0.0569112867743333 -0.107439350779647
0.281797049807667 0.0279466244152695 -0.0086660222825756 -0.031562018859473
0.177617022846322 -0.224794912870951 0.0270336654629069 -0.0407637129418383
-0.0153719915681935 -0.294931228600889 0.00587058287451075 -0.103288275704603
-0.17253165499836 -0.231104077243494 -0.10056045916256 -0.121345738323268
-0.27142156773894 -0.105429616918266 -0.179577180774451 -0.0740317781190831
-0.281169443853953 -0.0423472593781411 -0.179235445135456 -0.0399064875396839
-0.283709481029628 -0.0241231471207659 -0.187881468290563 -0.058533670034002
-0.287386172926925 -0.146088566540392 -0.144958926536695 -0.120676370040161
-0.170583497989327 -0.28470076753897 -0.0437120469928769 -0.173934389450364
0.0130948196195052 -0.363175674022304 0.0808112519011441 -0.111769941151731
0.309815827159269 -0.191218492744086 0.0879520798547425 -0.0311318150248025
0.357731880482563 0.146576155814271 -0.0522867741644695 -0.0302608222154021
0.191857586854039 0.338954271842267 -0.105991560485701 -0.205222087682991
0.00875135961206869 0.225107497864041 -0.0781342506922471 -0.20284750988173
0.144782731735915 0.183526273867141 -0.0724605001027974 -0.103437747789801
0.19768750578476 0.0172654676276198 0.0368779998727424 -0.0114684667144288
0.108876012712959 -0.153686103241579 0.102211689674209 -0.0594368485092805
-0.0187274260980828 -0.190074937448799 0.0355224907766901 -0.18218236162704
-0.112289701467895 -0.147106197712331 -0.1373877886869 -0.197693908936005
-0.181997314444127 -0.0701267377898416 -0.254473550467561 -0.115838686093186
-0.190067159241324 -0.0256368298967957 -0.268564659263746 -0.0566222451828273
-0.195443847614519 -0.00944460758578433 -0.276125868700715 -0.0671646746036799
-0.209901172407584 -0.0950098056768868 -0.232177904132054 -0.134638833125608
-0.13421155060419 -0.200814212892036 -0.10959776272793 -0.208279797304938
0.00266230617381656 -0.270624339689493 0.0425374184916432 -0.152900246263649
0.237823349183842 -0.14314673453659 0.0632786722234036 -0.0783442798117582
0.269389848593231 0.123338552850387 -0.0741830563635793 -0.083670352907743
0.122963621386768 0.264411930767541 -0.128358103318021 -0.303906430515119
-0.0299236600054726 -0.13339573863175 0.150284727556622 0.340437511526715
-0.151518985035874 -0.0563047494493668 0.135040607291171 0.089594027741701
-0.113688673048992 0.0858072306636413 -0.0441149572200935 0.071008968195411
0.0221453002707932 0.125428046787287 -0.0317451036143771 0.183292035635501
0.0755007736183591 0.0683253287342733 0.133882676948735 0.234596425782821
0.0798766187180338 0.0294857723755442 0.291167964158554 0.163150199177259
0.0879653729233562 0.00166234083112194 0.33942719362819 0.0735054842115027
0.0632189522861483 0.000848181214349446 0.317662136359564 0.0486932349817827
0.0566995853641119 0.0128817764245054 0.285884771952124 0.103767544172603
0.0584881914520114 0.0502785621103925 0.183338189660657 0.194296347347136
0.0260933414209664 0.0759882734947422 0.010205617846083 0.23247331902489
-0.0353091825543459 0.0811967322969208 -0.126976968143897 0.10695126133567
-0.0922869391720844 -0.00410243267269378 -0.100110935895955 0.0377702455614711
-0.0505917796079903 -0.108092850308729 0.0201601232420535 0.0910418627527099
0.0174508958799847 -0.109409363565026 0.0712850348495838 0.25420655008651
0.0507174466936473 -0.00312599410803536 0.135734474653971 0.374695261394468
-5.41259481095916E-05 -0.0196036471346082 0.117484788497746 0.100657532788703
-0.0132362710542686 0.00399806318945024 -0.0566937957912762 0.0959530502929028
0.016317505659182 -0.00979821448562645 -0.0438483291582102 0.206961486481
0.00190702290577249 -0.0343448047119241 0.135683825443621 0.255612969421671
-0.0364369395694046 -0.0242918259510044 0.289443997523724 0.170990947179011
-0.0442698024230709 -0.00568394710460806 0.335465098574566 0.0783759771038094
-0.0618063452430764 -0.0182766155334549 0.316567364813681 0.0488880928796346
-0.0605042367055306 -0.0398997407250176 0.287110938507453 0.0904420892721058
-0.0193904226755973 -0.0715871352952797 0.20592868041897 0.174165509324243
0.0433364858497915 -0.0667309485549094 0.0533963520006363 0.234855938842549
0.0679344669293564 -0.0119984473076667 -0.0949451206446215 0.142013497958926
0.0391270005867915 0.0194212801334608 -0.104359032754822 0.0695527285265887
0.039584124486836 0.00608350743208011 0.00147560265476027 0.0847288315200741
0.0624055211986457 0.0207360207749107 0.0632402501005449 0.249722744380085
0.10936843121786 0.135837253682463 0.0957055084265594 0.352310111816302
0.152377209868744 0.0477065873040363 0.0793001812626394 0.0805180718926288
0.112737181515601 -0.0626004514651063 -0.0871216878759893 0.0920200060775578
0.0334115725145887 -0.154436109434069 -0.0802244767331485 0.207178493386774
-0.0625791995083238 -0.152775768183278 0.10192295453403 0.259943614047199
-0.145566541175193 -0.0936209964241119 0.242687177376559 0.169245004138128
-0.170768283381029 -0.0242779151717096 0.281030097881812 0.0786134872959728
-0.179262487331417 -0.0339441167246048 0.268388912666146 0.040487870830653
-0.17235123387689 -0.0735965878844991 0.245082363127701 0.0545829810456766
-0.115140877392082 -0.167045339163061 0.204411554866247 0.110624800457685
0.0173298180008826 -0.203275779931804 0.108526763589857 0.181599921973334
0.128091343414613 -0.141913318891018 -0.0146627366751406 0.153309737852594
0.173944774191365 -0.00764377412236806 -0.0608843809382067 0.113861371619449
0.151634422434936 0.0973154102015665 -0.0094422060322582 0.0931257913246325
0.11774692824639 0.14789698932556 0.0455931626824727 0.211837560836428
0.132457960910794 0.258030920314666 0.0436387442892786 0.274314332335237
0.267342325985914 0.138983925383852 0.0324489493381729 0.0311716170127106
0.240196333856194 -0.0859639192614144 -0.109203827477087 0.0538823838433125
0.0843014932193641 -0.273931621044143 -0.1148282144809 0.163013562815782
-0.0943861385294207 -0.26980687722247 0.0433647562810665 0.222827617855503
-0.223427339889584 -0.172809050368732 0.155948446108775 0.142867339776277
-0.270419671266033 -0.0550103960877614 0.180715844650008 0.0665111357494443
-0.270983151450453 -0.0450273178507001 0.17946309268012 0.0263183857724421
-0.262861263577875 -0.0810954180819134 0.163464059759014 0.0137079283835762
-0.215302273028805 -0.217884195440491 0.162644536592463 0.0290806982372318
-0.0503853067306885 -0.306646404342618 0.133200396623614 0.0850450255564047
0.128562311123908 -0.279193470240614 0.071084568535117 0.113832508329301
0.283194018387282 -0.0784844322486551 0.0135994089110658 0.125666919285594
0.266665202142843 0.149985474953462 -0.00831271380935035 0.0958733258182279
0.173339595834991 0.256817897348801 0.0174623534128819 0.139699714872812
0.119695064696623 0.335219851238151 -0.0065090181242738 0.152461025870746
0.309535981527429 0.225344813933532 -0.00855303224662354 -0.0319995532812222
0.324878997039846 -0.0597158474472313 -0.100127998644797 0.00158744861199006
0.149927186514026 -0.32456385152796 -0.112026144561526 0.0827075939705706
-0.0825369588413932 -0.348214074883057 -0.00687544665349349 0.131530193038723
-0.250622622581479 -0.239329967449251 0.0516977209751609 0.0790316276525007
-0.323679581978804 -0.0895127502501715 0.0542993240128083 0.0349921765161995
-0.323227206203956 -0.0508342950093089 0.0631817331257615 0.00647634503500263
-0.316904013117959 -0.067473446529854 0.0520565038963486 -0.0212730190723399
-0.289857989626104 -0.220658584246396 0.0775108328236587 -0.0447126327162105
-0.125016610989381 -0.352617182822764 0.106358473214026 -0.0254702666800588
0.0868833704383655 -0.376468620508715 0.118386879009806 0.0337855091296774
0.341383297615118 -0.157178395742228 0.0767309849765998 0.0902207123529649
0.353992311852258 0.166603224358538 -0.00856289475176476 0.0732776428134155
0.21489759614259 0.330197730746434 -0.0215992245562199 0.037016091136988
0.0853942772939988 0.350484884555375 -0.0428206897892516 0.0157730538434724
0.279890124495698 0.265969765777065 -0.0371216282309581 -0.083660758701347
0.3320360758611 -0.00660821110845307 -0.0598031717936115 -0.0328597328608221
0.189901202880228 -0.294838961697564 -0.0571383759980077 0.00359156219271927
-0.0447806167574724 -0.354722904415505 -0.0197105150647567 0.00879385044096887
-0.225809083958376 -0.262014505429622 -0.0393807250369503 -0.0171182975508357
-0.321714849776482 -0.109223574182465 -0.0725107450966959 -0.0154777599429343
-0.326318689518285 -0.0491795133308297 -0.0621477656522412 -0.0166465858654628
-0.323660520851406 -0.0435479689038161 -0.0710153630582022 -0.043986861378328
-0.317164154433564 -0.187517143068832 -0.0341287853793998 -0.093309350172641
-0.172559656769605 -0.33782854976524 0.0359607120535099 -0.114671465047128
0.037617123886559 -0.402072101210643 0.114366072826988 -0.050240882281761
0.34475730386765 -0.200755576795999 0.100308107551997 0.0279919306139528
0.386995834945359 0.157674411288179 -0.0242124636472624 0.0268627080875882
0.226221687795888 0.356000045949708 -0.0667365390883818 -0.0834021590056723
0.0453173340019342 0.306910880179988 -0.0653384427256848 -0.107474753002463
0.214170353609266 0.248391992251161 -0.0571221368329344 -0.106831621193837
0.279001016222575 0.0246194433979576 -0.00829265347495453 -0.031571334037344
0.173596612307666 -0.223766853776596 0.0269355982432193 -0.0405383478454675
-0.0177349749354649 -0.292050323181794 0.00524581464432759 -0.103138920485608
-0.173650130049367 -0.226887705295951 -0.100426641974863 -0.118908889920417
-0.269365541844136 -0.101448144847452 -0.178542356136877 -0.0704926159705775
-0.277571860776441 -0.0389140323251032 -0.17792208770373 -0.0377601445595721
-0.280492479378648 -0.0212420722228921 -0.18633464067054 -0.0565981409637831
-0.285929649634569 -0.140941473814006 -0.144277626844043 -0.11865961849561
-0.171670916187341 -0.280231171998175 -0.0442586902638773 -0.171985443153357
0.0100837837848631 -0.358707198626914 0.0799654150416716 -0.111285241061573
0.3053349550654 -0.191548622294169 0.087101251369688 -0.031480482347986
0.355820474072411 0.141044351844739 -0.0521473235862949 -0.0291332956663188
0.192124332967156 0.332652176301156 -0.106459711024673 -0.201354320264496
0.0103389296567876 0.222407516409263 -0.0792288529608919 -0.199828675856941
0.144701643328611 0.179719170467595 -0.0727655539323424 -0.101889609661111
0.195579259842971 0.0149164318872384 0.0362383901595602 -0.012257443877075
0.105903177707171 -0.152803077978654 0.100302772032779 -0.0594257044971768
-0.0205460215383182 -0.187700745689774 0.0335373809588859 -0.181421604390515
-0.112929590251888 -0.144807852333789 -0.138009826366701 -0.193950916468057
-0.180352668769187 -0.0671721160055355 -0.252976931506321 -0.111573917560001
-0.187973670402665 -0.0229620564226312 -0.266747378382829 -0.053554455746738
-0.193010056219923 -0.00694718373372096 -0.273934785197712 -0.0637041971650906
-0.208834928663749 -0.0916487757593303 -0.230789307241847 -0.131726549289342
-0.134923058453429 -0.197709423838001 -0.110845900280969 -0.205082338497626
0.000723445350135268 -0.267604817317764 0.041177518744743 -0.152117273013781
0.234589502797084 -0.143065771019724 0.0618085946812436 -0.0777884842582685
0.267838855096925 0.119686199851655 -0.0743488733843609 -0.0821908120747929
0.123152933565162 0.260130897145153 -0.129592767304212 -0.298900915751098
-0.0306103125766581 -0.131941516875476 0.151306941251823 0.33587464968848
-0.150673920924948 -0.0538792449938623 0.134340932093916 0.086781385443064
-0.111771040137733 0.0860440282620606 -0.0435279204119157 0.0706434464381299
0.0227864239078051 0.123287885514924 -0.0301176107676347 0.181361166217219
0.0750738742204687 0.0670650610962616 0.133903623980125 0.23220171785208
0.0791382209482782 0.0285070153584533 0.290005902877822 0.159671290685477
0.086314626837577 0.000980466778350248 0.337410062297233 0.0697293063658438
0.0624439040076569 0.00059051385932196 0.315467356866016 0.0455427030582112
0.0558880444092625 0.0120961875089651 0.284169480585454 0.100015531155801
0.0587417609867534 0.0491361571646275 0.183421629408139 0.190721564711688
0.0268220095899144 0.0741739286938344 0.0124739535684237 0.229945184239279
-0.0335542003015879 0.0807286727770399 -0.124830551327525 0.107916928946813
-0.0916431307902975 -0.00323572321256777 -0.0984175364206142 0.0384700794121559
-0.0514083199659682 -0.106763978569129 0.0207655851351121 0.0900573787810338
0.0163274560210699 -0.108336864420507 0.0726942401394454 0.25051677059219
0.0502199265479833 -0.00413561258157922 0.137018123145533 0.370521566922717
-1.43286563237322E-05 -0.0199330149221695 0.11745065623175 0.0983853205926279
-0.0133452872450403 0.00383288783113537 -0.0554521690932186 0.095210556654516
0.0164870939285715 -0.00969733199257851 -0.0419314568196203 0.205269295243547
0.00138814340093364 -0.034234299942548 0.136288976719209 0.252109723991663
-0.0360230309562854 -0.0234620012356616 0.287743563744952 0.166584779010826
-0.043803482325555 -0.00563158596984847 0.33284623237916 0.0742114874819155
-0.0615853161305219 -0.0173935777070873 0.314265914038226 0.0453226110146826
-0.060643245112518 -0.0390320062914102 0.284722062794312 0.0870821842133788
-0.0199189414527245 -0.0707945566916137 0.205423914969054 0.170624727134444
0.0424621846690765 -0.0668763634135172 0.0550667637254525 0.231639213936319
0.0670631529748478 -0.0125098993672566 -0.092970784232123 0.141776991959391
0.0383388998114678 0.0190614560033245 -0.103087593569067 0.070021117372161
0.0389452550088254 0.00583078657279357 0.00208687081178148 0.083895743930748
0.062149769090903 0.0201290441546163 0.0648535232320414 0.245676471647936
0.109575555940552 0.133470994406622 0.0972255209992348 0.347709800671037
0.151405368486208 0.0460421042969432 0.0791927554530242 0.0778201341577341
0.110667646784546 -0.0628188346338243 -0.0855371025574177 0.0908609098785119
0.0312250417348457 -0.153052359254775 -0.0781781001211832 0.20624407679489
-0.0634592225126335 -0.150562738964988 0.10258935857935 0.256223543554237
-0.144969736667418 -0.0910577029821907 0.241201864317973 0.165898343869742
-0.168891953671874 -0.0223098277122038 0.277864094066336 0.0757873955897767
-0.177356229260441 -0.0322176669611535 0.266028352128068 0.0373093540218313
-0.171235877285377 -0.0712481580407816 0.242961909071975 0.052447816124873
-0.116064146647761 -0.164294884267424 0.204162193804477 0.107054780951834
0.0148240063627608 -0.201461905918543 0.10926194154236 0.179065066796752
0.124642867037558 -0.141438133266704 -0.0131871026943963 0.152440010523451
0.171920320227065 -0.00878525766428212 -0.0591740597083537 0.113410325833296
0.151238825262531 0.0951011948968961 -0.00898798226360589 0.0922103325106911
0.117343325606084 0.145513120340459 0.0468790997189929 0.208594547502937
0.133700441669769 0.255263444442643 0.0457567049839062 0.270013004689791
0.265502386390913 0.13472011603538 0.0323433565915737 0.0292270711467425
0.237189802853727 -0.0868150997317791 -0.107593238855764 0.0539294206107895
0.0806596528232627 -0.271494786516533 -0.11269496091716 0.162607702968553
-0.0954226644917298 -0.266843170486549 0.0444630440050928 0.219901700266643
-0.22279269930672 -0.16896310701308 0.155423664024842 0.141079571130298
-0.267860862764994 -0.0517546831613535 0.179431074745443 0.0649863528672666
-0.268441248581678 -0.0421378011272254 0.17817653829322 0.0245623286722555
-0.261206988803512 -0.0787418627406038 0.162107429607363 0.0128109235564188
-0.2157563978452 -0.213383743894443 0.160960734953587 0.0268272020987019
-0.0534242640808242 -0.303163855479504 0.133554603578381 0.0827443372065848
0.124634218955274 -0.277196678807452 0.0722564582949732 0.112043763107254
0.279270629994095 -0.0806165368749949 0.0144224022483714 0.124894486216411
0.265547956871427 0.145705008934105 -0.00738660888719586 0.0955373510892412
0.173925441629234 0.25309772363488 0.018880446926136 0.137433186017159
0.121196434584635 0.330950223445804 -0.0051274090301084 0.150304159807218
0.309733542168781 0.219389822041704 -0.00901069381636764 -0.0323231948550112
0.320640289692765 -0.0601826365134434 -0.0991711933747832 0.00190295725328267
0.145732193634324 -0.322356682562524 -0.110227533450721 0.0826115024094223
-0.0844904390500243 -0.344220202563813 -0.00595357208302444 0.12923274910613
-0.249799001043484 -0.234723726838962 0.0514319335764525 0.0782295210889816
-0.321164647349926 -0.0856570570691668 0.0545822175752902 0.0349783008142159
-0.320153893206424 -0.0473233004599009 0.0632353912740923 0.00528484312650637
-0.314152394859346 -0.0640986840204327 0.051653684477497 -0.0206411649091491
-0.289972448470385 -0.215040831451061 0.0766159769898245 -0.0457320486459759
-0.127310076913554 -0.349053100578317 0.105417256800657 -0.0262030017425083
0.0822637049853202 -0.373718069788787 0.118076639737294 0.0324302466348102
0.336672373980883 -0.158131309046496 0.076305932222959 0.0886070471578373
0.353309135357392 0.16071644898362 -0.00816099211791197 0.0728579093884127
0.214488236008906 0.324490047669537 -0.0211640245098118 0.0373969812688044
0.0877786027145559 0.346783371835794 -0.0423567889663133 0.0152255706894203
0.279636954279496 0.260263228919555 -0.0376088201056238 -0.0833099663522504
0.328766324998023 -0.00901433141545389 -0.0590434454636595 -0.0328631758241456
0.185597541819486 -0.292423538069943 -0.0564777922636163 0.00363959521280136
-0.0483565559338099 -0.350973488389827 -0.0195249141443765 0.00804443014714133
-0.226435907088436 -0.258015458343173 -0.0395760235631218 -0.0165206590904601
-0.318839962780559 -0.10445565687253 -0.071332931708781 -0.0141128310415523
-0.323195218226802 -0.044953822656316 -0.0613558062707733 -0.0160960656148593
-0.320484584242754 -0.0400890882566054 -0.0707790065845088 -0.0430655682612638
-0.315392504596882 -0.182420953760524 -0.0343589403884733 -0.0927873416408839
-0.173881536156941 -0.333398389787683 0.0353876636349378 -0.11471821684307
0.0335265047879614 -0.398781923199926 0.11351109072449 -0.0507394864790739
0.33838505134109 -0.201774135393766 0.0994647925131164 0.0273178383042804
0.385731619130391 0.152487229859618 -0.0243951481030245 0.0266032922866845
0.225731378452068 0.35009412227044 -0.0667950491014805 -0.0810167298404894
0.0475159416621759 0.303774007976152 -0.0651938411734337 -0.106957399356636
0.213436349520299 0.243197362949933 -0.0574430860287552 -0.10579556757872
0.276476800058258 0.0228488458001987 -0.00793873347000521 -0.0319055075106311
0.169996408757184 -0.223230507702211 0.0261871928021721 -0.0409684906128779
-0.0208705890022316 -0.28854205839003 0.0040988319748406 -0.103500498364184
-0.17407287345132 -0.223218914584792 -0.101588170962582 -0.116852944532826
-0.267568693506261 -0.0976548322247859 -0.178068807336316 -0.0672943148838293
-0.276305349624758 -0.0364629371839277 -0.176416492169099 -0.0363235446483747
-0.277347056034504 -0.0187647910248391 -0.184706051396119 -0.0543368045256742
-0.284625543222671 -0.136572538617185 -0.143932772674005 -0.116647943220704
-0.173121731690335 -0.276174263483563 -0.045395470681552 -0.170309546755929
0.00583291272829156 -0.354695399964003 0.0792847193879762 -0.11149638400621
0.300136262728049 -0.192331202258412 0.0860117484318457 -0.0314625518092069
0.353855576325395 0.136680021371328 -0.0523965944324425 -0.0281788621647763
0.192180211391848 0.327301852005673 -0.107452622994288 -0.197494241821378
0.012543902387154 0.220722477234287 -0.0800160268260304 -0.198060687714936
0.144736632100049 0.176038952930268 -0.073213285221568 -0.100483543186881
0.193908084563151 0.0128833232023646 0.0359026134338785 -0.0128661540509988
0.103677533117128 -0.152263262164223 0.099639131964162 -0.0604276390594783
-0.0227095547374756 -0.185706629277012 0.0320959253973365 -0.180648109068147
-0.113432151784611 -0.142890544457248 -0.138313326576852 -0.191358585376997
-0.179367345029692 -0.0650254741102462 -0.250511847812395 -0.108108994214021
-0.186557402677059 -0.0215519465390843 -0.265015937875378 -0.0510086228318887
-0.190928698538228 -0.00552259551831939 -0.271378679153097 -0.0610884747944754
-0.207387316471461 -0.0887766342587719 -0.229231487194885 -0.12869684069532
-0.135623474973226 -0.194071441685529 -0.111345762800345 -0.202432252618056
-0.00285350295773401 -0.264050728504643 0.0402506933628592 -0.15135118815415
0.230712307294969 -0.144163753611977 0.06047369214178 -0.0778583068527802
0.266313068851282 0.116219802167834 -0.0743462029448422 -0.0803076298483852
0.123036576601317 0.257228031987284 -0.130453859047613 -0.29438267959033
-0.0315977498192309 -0.130964290371749 0.15381224278893 0.332394054980419
-0.149983014607025 -0.0523967748705843 0.133935899565446 0.084371725074059
-0.110300403679815 0.0861266566607015 -0.042685863106386 0.0698236509366918
0.0239639468421637 0.122339222587671 -0.0288796759593427 0.180493150594135
0.0752127786023295 0.0658916660095895 0.134590910621749 0.2293536781996
0.078821128996762 0.0279601864663244 0.288319269612755 0.156396662433086
0.0854695362305861 -0.000145563449447919 0.334353420180343 0.0668712714708084
0.0621084061531333 -0.000469323730186712 0.312666328664254 0.0427498824525425
0.0550966047518672 0.0118412572995383 0.282894332696964 0.0970802260344065
0.0587383975796788 0.0477790831769398 0.183568877594881 0.187222857639328
0.0272712911603368 0.0736429452988032 0.0145317669366741 0.227863717480505
-0.0329979788291019 0.08052250405521 -0.123346521290588 0.108101164003425
-0.0910604978428482 -0.00254284242851236 -0.097478262613083 0.0392609494590254
-0.052344118835331 -0.105079730472436 0.0220956314764937 0.0889301088657242
0.0154715571922483 -0.107247092420928 0.0739079118235496 0.24687246948336
0.0498619899195567 -0.0047787155758934 0.139578210056445 0.366114528101548
-1.82246145346149E-05 -0.0195320602907539 0.117242642399177 0.0963005856297346
-0.0131160170564477 0.00468456066027717 -0.0538228121382415 0.0953647246554936
0.0155930644206309 -0.00937878814626733 -0.0399433513571423 0.203763332770293
0.00111827341026222 -0.0331544973936473 0.136782952874358 0.249074022316317
-0.0363245558281983 -0.022705591034609 0.286661511400536 0.163209605936115
-0.043701590867677 -0.00500411867386464 0.330710427390147 0.071181545738151
-0.0608568413898779 -0.0165328973894487 0.312800386822507 0.0424621154760495
-0.0604411037571529 -0.0378426903200702 0.283609735102492 0.0841925436346344
-0.0202923250846347 -0.0697155553639202 0.205181671269277 0.166689224936388
0.0415421049990983 -0.0666946093287911 0.0567955521444802 0.22935427405399
0.0665946862335109 -0.0129408046692479 -0.0909520637113425 0.141748348080758
0.0379513548658017 0.0187482514989773 -0.101057784895367 0.0709030089631266
0.0386926462672898 0.00516502696393923 0.00299693760149266 0.0827338521462357
0.061573643736396 0.0194577381352937 0.0666451491302408 0.243091102003494
0.109411909463722 0.131748586500288 0.0995827627848433 0.34437116005877
0.150616017289806 0.0439642735153624 0.0787895418438058 0.0753833441394937
0.109018967169442 -0.0629666950686168 -0.0839673626062442 0.0908069639432449
0.0296462717784426 -0.151496414102285 -0.0764668618862364 0.205246263220193
-0.0643191290220552 -0.148561257119646 0.103697949490706 0.254183071971614
-0.144680827606576 -0.0885999578325872 0.240147404530607 0.163029089740492
-0.168293184342122 -0.0206507859582387 0.275997014420683 0.0726465078360475
-0.176239955709737 -0.0306861723529567 0.264544708994965 0.0348499141210681
-0.170267028349471 -0.0688115364065018 0.242055345266363 0.0499229184982436
-0.116590645292892 -0.162043629737735 0.203166315584315 0.104431894654191
0.012556886671104 -0.199635481015917 0.110194511923361 0.177030070539539
0.123000806025855 -0.141120065497783 -0.0113848257450025 0.150980088771917
0.170420654884775 -0.00975161035221274 -0.0572427668009986 0.113536731587578
0.15055850976021 0.0930260159471173 -0.00782457364620417 0.0916024558649868
0.117016541419827 0.143173780477153 0.0482819200053049 0.206617487692265
0.134364726562261 0.251396106189197 0.0472664153901306 0.267308128444253
0.264658324223468 0.130773137249248 0.0321837521893835 0.0279656208230217
0.234411484129508 -0.0880326160820832 -0.106007946582643 0.0536470827857361
0.0775364574530329 -0.269588385431336 -0.110705775970009 0.161878985113874
-0.0980175786053375 -0.262857792027297 0.0457945829136936 0.21702308637755
-0.222124769711648 -0.164683305049256 0.154384527893453 0.138768152611495
-0.266270829073674 -0.0497503149757497 0.178469376749161 0.0633568092178264
-0.266299270281211 -0.0391737015438954 0.177136624775299 0.0230086503428797
-0.258881244825268 -0.0749358938859636 0.161342032164568 0.0113281614051578
-0.214736288717142 -0.209659891344501 0.160392700808147 0.0243426222196003
-0.055275117842747 -0.300474989485347 0.133787517626115 0.0811002521696357
0.12081474324714 -0.27528920643866 0.0726832855314035 0.110554857005272
0.275997281871729 -0.0812879913707474 0.0153738628055859 0.123938315541932
0.264881353062397 0.142367285352216 -0.00657779702722594 0.0943420202649345
0.173879838056372 0.248297365634705 0.0195009985501784 0.136266948697265
0.122836648128607 0.327604938554981 -0.00388436841124512 0.148227750205419
0.307466932775381 0.215107075116815 -0.00868593340181446 -0.0328005779174607
0.317827102770422 -0.062159566178359 -0.097265389675107 0.00181441807221152
0.141579007758335 -0.321530589661671 -0.109133822192708 0.0825232009918976
-0.086344388862868 -0.340694308355663 -0.00542700386428045 0.127180573570201
-0.250313232418778 -0.230608905350674 0.051232057485291 0.0771433307694486
-0.318661817825499 -0.0815077704775316 0.05461320941896 0.0348764935018135
-0.317944888508828 -0.0443058130122693 0.0624468666683392 0.00441988761346597
-0.311709270201879 -0.0610145770200517 0.0514170661466327 -0.0206388100765396
-0.288982159961743 -0.211412987816678 0.075078505402354 -0.0465589492308233
-0.129980581926165 -0.344237875209079 0.10452506294198 -0.0265740956746817
0.0787631396948608 -0.370527105188064 0.118430169464888 0.0308396537704853
0.332510029331021 -0.15891067827196 0.076891649759665 0.088100906806244
0.350814296266996 0.157565204475759 -0.00765467899963093 0.0720563031595707
0.215001740302441 0.321569777670653 -0.0202858095277268 0.0373454663390148
0.0894909148237999 0.343303437630826 -0.0420557574308422 0.0151114003677326
0.280703991590732 0.256101753141974 -0.0378097745050799 -0.083383142291298
0.32586444213066 -0.0116873745571106 -0.0579950131895071 -0.0326437790902014
0.180951677878804 -0.29182215812016 -0.0557182203243723 0.00346745160969159
-0.0511209060273962 -0.347190513682666 -0.0191312787870445 0.00700579388859231
-0.227381432494306 -0.25363016673977 -0.039420326843966 -0.0155935405929117
-0.317304664396346 -0.100333325063223 -0.0709391126626001 -0.0123710081023183
-0.321223971000374 -0.0422725224170542 -0.061182388290045 -0.0158392500509071
-0.31666096029518 -0.0369843936105755 -0.0700295073048833 -0.041889781295662
-0.314609806284848 -0.178048849146883 -0.0346456609955366 -0.0922722731900156
-0.176440923070956 -0.329419456720177 0.0346215744428972 -0.113955803268403
0.0301057301861687 -0.39558491353393 0.112406103055871 -0.0514852754061767
0.334526730521565 -0.202231388787932 0.0983839809052805 0.0267704905955321
0.383516156981804 0.147386797302688 -0.0240431334084333 0.0269685616586313
0.225683956707564 0.345379866243086 -0.0667400258257094 -0.0795880658310093
0.0495451679628792 0.301050752064275 -0.0654656109226369 -0.105681373855617
0.214074187994305 0.239481009415686 -0.0574431700562904 -0.105069055521129
0.274070031605971 0.0204997837842602 -0.00766358028609081 -0.0319656718245771
0.166347879954712 -0.222767157593346 0.0262405084979809 -0.0413221491961641
-0.0240561187219226 -0.285733550571182 0.00346287975711028 -0.103366050781877
-0.17496742112535 -0.220606411510035 -0.100964991117595 -0.115211868455645
-0.265639975219602 -0.0945529217701688 -0.175689094553332 -0.0645654569248081
-0.273572964828843 -0.0334721526529865 -0.176030349903081 -0.0347418850311674
-0.27461703440143 -0.0157881078821673 -0.182914974321544 -0.0522170427045244
-0.282526316680872 -0.13321702033255 -0.143424164757081 -0.114882689668695
-0.174031375084589 -0.272913738273857 -0.0459112243087686 -0.168274813213909
0.0024376766008863 -0.35059418698312 0.0783754300101181 -0.111944210559468
0.295923572444097 -0.192867427413709 0.0853170058283102 -0.0322044652521317
0.352404095835093 0.133767628153746 -0.0524413907148019 -0.027689301412671
0.191809445638422 0.324817138564726 -0.107446878038885 -0.194876914606327
0.0136430410090956 0.218549586290624 -0.0820846488671246 -0.195940125708868
0.145139935702262 0.173884049937266 -0.0733551686831287 -0.0991216209443346
0.19214149515889 0.0109146965561772 0.0358502129747742 -0.0135201753894912
0.101487087734302 -0.151896595964173 0.0986391465474322 -0.0608423516815113
-0.0246896628027525 -0.183800946318196 0.0303725043105043 -0.179824150398964
-0.113977305514 -0.140811381264593 -0.138619924104507 -0.188284554628333
-0.178160193999213 -0.0624370398197839 -0.249446643306754 -0.104036470324485
-0.18527698664221 -0.0194855780446037 -0.26365859839831 -0.0478695542460849
-0.188649245973579 -0.00441910775787852 -0.269948081896988 -0.0581214544547375
-0.20626648217494 -0.085719421358467 -0.228409747594896 -0.125752403186833
-0.13685033428768 -0.190927341761228 -0.111382963683213 -0.200166195888139
-0.00460090309779965 -0.261971691698431 0.0398626253423561 -0.150903909926706
0.227286576001491 -0.144190733800836 0.060057521514671 -0.077757864078997
0.264492959654327 0.113235713722881 -0.074705593501294 -0.0788459308976089
0.1240776423531 0.254128339906079 -0.131455644690624 -0.290246671680706
-0.0319139600452763 -0.129970344816255 0.153763234719765 0.329336852285195
-0.148875994832568 -0.0508960936451906 0.132844227597836 0.0821853341530839
-0.108444430890755 0.086505010663667 -0.0424697110584338 0.0701673915798974
0.0243844559539089 0.121571569491192 -0.0281234422017756 0.179370185751147
0.0750343351174425 0.0649283915490828 0.134525292709169 0.227255328122879
0.0787854467078168 0.0272613090523926 0.287720807433085 0.152803557890112
0.084432960016165 -0.000793190326136334 0.332124683605488 0.0630698749687296
0.0617383319164341 -0.000457422027724478 0.311677000895808 0.0396933638555121
0.0548691565056605 0.0112715607737501 0.281166010576182 0.0941748398881547
0.05840955954608 0.0470021364983924 0.184032595934122 0.1839533455228
0.0273892432951658 0.0726067121543156 0.0164769772235449 0.226211068074732
-0.0317393208801825 0.0804436524605876 -0.121769844925239 0.108479276955816
-0.0907643044629079 -0.00178497711474887 -0.0959250436858768 0.0407107027576979
-0.0529076236114283 -0.104547785405506 0.0230902360376097 0.0881789357310949
0.0145296831001352 -0.106568745691272 0.0743964196594572 0.244001185349774
0.0494140188516193 -0.00504689122570487 0.140672473314622 0.363006005589016
-0.0002767323375482 -0.0195065282000622 0.116535652941989 0.0938149875141375
-0.0129568642724641 0.00484085848465517 -0.0528795572611743 0.0941283227400013
0.0155680143402084 -0.00961198817745237 -0.0390023192817483 0.202937631177206
0.000370142080374255 -0.0331255291262347 0.136997240230034 0.246846245002411
-0.0359541326133349 -0.0217352161916209 0.28540872907991 0.159911662113258
-0.0433532357016093 -0.00479956999034823 0.328450137610668 0.068325959072293
-0.0603777084349918 -0.0160042325624216 0.310343496483524 0.0400318042578002
-0.0605594483373676 -0.0364925410597682 0.281716826072385 0.081290618991056
-0.0206581416128126 -0.0695745841788473 0.205361581424358 0.164454501995869
0.0406595179907954 -0.0661383742213056 0.059125984734546 0.227264463930833
0.0659019330038522 -0.0128228522803156 -0.08970470271141 0.141484999734252
0.0377338754181448 0.0185961754842501 -0.0997942872295485 0.0716704696116807
0.0380351728194559 0.00435103336170022 0.00408892101297845 0.0818429897656458
0.0605070307161075 0.0190839345237087 0.0676696098704243 0.23997105031042
0.109518439230184 0.129620918478357 0.101654114063969 0.340398210550702
0.15024487597376 0.0420542293055554 0.0784878141418841 0.0733227242977705
0.107673555399324 -0.0625244991222238 -0.0823309168935436 0.0906422483914588
0.0277449621430918 -0.150279193797733 -0.0746251308738698 0.203192125723646
-0.0655677309594273 -0.146949567636691 0.104648694872144 0.250872954284384
-0.144709267032586 -0.0866055154367635 0.239211413336161 0.159560786682026
-0.167149321887682 -0.0189848929041841 0.275083271340813 0.0704648246216158
-0.174838920570415 -0.0284649772047931 0.262690100490405 0.032814069528808
-0.169760743508323 -0.0666280288554378 0.240941009988267 0.0477229925044409
-0.11686801044937 -0.159464708472755 0.20285381179345 0.101857462005256
0.0105958557804129 -0.198854269343766 0.111795545447421 0.174553715930274
0.120361017651741 -0.140915510816087 -0.00951127088350848 0.150132695437352
0.168800985409931 -0.0102659374762963 -0.0564654360116082 0.113335163960997
0.150632721509766 0.0910333188721988 -0.00723823857267947 0.0907300537022349
0.116712106478858 0.141304272176865 0.0501166178716637 0.20363588819347
0.135231749149846 0.248918682424432 0.0494972810123985 0.264475226701145
0.263734011742513 0.127698762355042 0.0326618349083001 0.0262332742714486
0.23243135401534 -0.0889294241679617 -0.104179146826373 0.0529651485319512
0.0747631355019677 -0.267847878722287 -0.109046487836834 0.16166322235933
-0.099137478317263 -0.260531787192179 0.0467406008488368 0.214841259374458
-0.221791013703636 -0.162028514193283 0.154116669220232 0.136605332240025
-0.264281021645077 -0.0462182868641658 0.177842349682282 0.0622313177676181
-0.264382744321046 -0.037106582085218 0.176009466799487 0.0205845714917259
-0.258043534428151 -0.0721504108987423 0.160865030647104 0.0101303365904063
-0.215611576572367 -0.206440714852647 0.159289630253018 0.0227947599770287
-0.0577697103382454 -0.297561199242315 0.133934560782902 0.0794196137501539
0.118027735968847 -0.274331317853321 0.0733480118016484 0.109082238321991
0.273123592570515 -0.0820531667508868 0.0163034512142395 0.123417679066836
0.264539102284096 0.138776114629037 -0.00635177670755745 0.0936112441326081
0.173698192580239 0.24569216808964 0.0204709743107812 0.135329702203301
0.123851785018074 0.324996540958124 -0.00261039803112435 0.147386787924673
0.307762520150547 0.210662170653937 -0.00893334009236122 -0.0335819847621611
0.315020492009448 -0.0637048184986978 -0.0962938208322496 0.0021866438327555
0.137516252274327 -0.319274720875212 -0.106973877884064 0.081849164011412
-0.0897563122540276 -0.336289062205742 -0.00447380345580205 0.125727151014198
-0.250035216134807 -0.226271963844811 0.0510099926026842 0.0767061174648612
-0.317294555823439 -0.077761861275748 0.053834186599602 0.0349286594861449
-0.316054486635946 -0.0411845289119477 0.0622093030422214 0.00386294627603288
-0.309178668221418 -0.0579309822430021 0.0512524634227618 -0.021077184782804
-0.289577904240131 -0.206777614991629 0.0745480289483377 -0.0470335797635987
-0.132721412404702 -0.341109720038901 0.104158856605161 -0.0280345438131124
0.0746655101329859 -0.367620785265082 0.118061482267711 0.029850807252854
0.328859575675106 -0.159664391305026 0.0767247062523331 0.0868409806579414
0.34988015899278 0.152073919082029 -0.00793522950221524 0.0722845398802284
0.214919192303397 0.314914867435465 -0.0197484278634907 0.0373458054781333
0.0914857286726006 0.340014225188979 -0.0417926764665642 0.0147492426196803
0.279637192270207 0.250790492750563 -0.0381189248526695 -0.0828956502555745
0.322711094331463 -0.0141754138281038 -0.0571055765600475 -0.0325734871781477
0.178365368434778 -0.291023589289719 -0.0552404494596675 0.00346987312037469
-0.0543865935433341 -0.343900591503368 -0.019074773942497 0.00674032608471893
-0.227643869862634 -0.249154581847049 -0.0398368416520898 -0.0155410029179061
-0.315345555712654 -0.0970101943899279 -0.0705888430485532 -0.0108452906540226
-0.318157943432234 -0.0395685229072613 -0.0608685702709705 -0.0158201310511627
-0.314392668230931 -0.0338731674314731 -0.0698345132269497 -0.0408988258611724
-0.313879077281606 -0.174543127888717 -0.0348890310429117 -0.0922653631372908
-0.177589335289077 -0.324859170654804 0.0337618749882113 -0.113257723950885
0.0257782883586969 -0.392588384780205 0.112406895009292 -0.0523181182149413
0.331161649751225 -0.203439232300255 0.0982223615252313 0.0260991437075693
0.381659058312359 0.144641251576748 -0.0241339990049999 0.0267260577346441
0.225172647947252 0.341287940684883 -0.0661369735619304 -0.0781322987124312
0.0507736371018449 0.299051338220777 -0.0657881000402466 -0.104726034752611
0.214523851867893 0.236005098122843 -0.0579220282945128 -0.104204630147499
0.271975859893966 0.017654023365551 -0.00731700698504859 -0.0322104804374886
0.163560340869801 -0.222127054693154 0.02572667828642 -0.0412526708184297
-0.0263251062359574 -0.283522855129741 0.00312123214865603 -0.103604701022277
-0.176033157641973 -0.217285052043857 -0.102059774335701 -0.113803784132563
-0.264447773319519 -0.0910532060025336 -0.175394556087508 -0.0613967647535452
-0.272010295429211 -0.030438590311224 -0.174959295786689 -0.0333478736036889
-0.272249971871427 -0.0137652675347955 -0.1820924887425 -0.0505603060176902
-0.282250156453654 -0.129598805298975 -0.143076781380822 -0.113719184938986
-0.174905058241141 -0.268869913337741 -0.0466625081297237 -0.166862929007227
-0.00041941294280483 -0.34822763409826 0.0774613253679003 -0.1118728508689
0.292714470037341 -0.193072302052985 0.0841859446853185 -0.032673288404839
0.350440451869938 0.129684142654805 -0.0525353527652076 -0.0268511356716215
0.193309108043634 0.319693808599914 -0.108418061298164 -0.191673721397321
0.0153016497136304 0.217852838519849 -0.0825489408068235 -0.193851837238406
0.145935410357451 0.171124991827157 -0.0740444125602062 -0.0981029079175871
0.190728192295618 0.00929760554626316 0.0350748579843619 -0.0138809852152776
0.0990407152563487 -0.151529506459095 0.0972897395982508 -0.0614086999999204
-0.0262980914502304 -0.182316961478156 0.0289102130690252 -0.179656069082909
-0.114485143316531 -0.13859141973069 -0.139436200601173 -0.185792909640604
-0.177254096906051 -0.0607782073832126 -0.248430539985453 -0.100494995595427
-0.183469439148965 -0.0170339592279922 -0.26222695068603 -0.0456738585465168
-0.187180627612477 -0.00244523349295913 -0.268555402767378 -0.0554509639966296
-0.20545624774778 -0.0833827131252801 -0.227773583430587 -0.123077554886195
-0.137709526911497 -0.18838404616517 -0.112265905687545 -0.197898028962851
-0.00732353816211701 -0.259355696339969 0.0391806664281837 -0.150459419538054
0.224407491917361 -0.14451478638876 0.0588496753765246 -0.0778858231498636
0.263831077971471 0.109929960901879 -0.0746409446033456 -0.0773750289965179
0.124063004987396 0.250624635637193 -0.132682179512248 -0.286513618999473
-0.032495905532383 -0.129252443459593 0.156153538822471 0.326027465704688
-0.148467047003515 -0.0489035349564675 0.132748223073947 0.08023431574568
-0.107216816327895 0.0865154470314668 -0.0418765320059183 0.0695457025195121
0.0251881743791403 0.120330733679592 -0.0269864344355069 0.178100487662875
0.0750181485090554 0.064397409420609 0.134557061569762 0.22581583594664
0.0781441462770987 0.0269936980229266 0.28740379714323 0.149845333069534
0.0837960913163015 -0.00155401559529892 0.330287708679896 0.0594930202009182
0.0612847178311556 -0.00120236726035685 0.309479988843655 0.0376970857022855
0.0540438477538943 0.0107859608760122 0.280076162973566 0.091218765685878
0.0589813958693742 0.0456185829250889 0.184325259462992 0.18122712436518
0.0285902127152444 0.0716578137852198 0.0180939722383795 0.22414697551696
-0.0308408649075227 0.0802412318742469 -0.120514393402099 0.108428231823523
-0.0906153250961558 -0.00103207775413187 -0.0947455111783913 0.0412328274680664
-0.0537860176475481 -0.103065230688587 0.023450778081237 0.0872007791887463
0.0141460996733797 -0.105548930720938 0.0754698138407075 0.240481967043566
0.0493462206920883 -0.00556307520966115 0.143152314083474 0.35885531741406
-0.000428596108382904 -0.019580022020166 0.116418540936903 0.0917518488325931
-0.0131617218435428 0.00502875422746841 -0.0519626090763976 0.0940728006263543
0.0150833269790144 -0.0097239521397718 -0.0377544715227987 0.201324373993618
0.000198781232019018 -0.0327634584216461 0.137721676429854 0.244314753603913
-0.0358818811167284 -0.0210682832634586 0.2850157091743 0.157179574656281
-0.0435573535260931 -0.00456049010308933 0.326926715904937 0.0654702103875746
-0.0604843545206277 -0.0153748780233259 0.309204984778519 0.0370127953747393
-0.0605793080008387 -0.0357704371867232 0.280630472410566 0.0787039248370802
-0.021001860382994 -0.0688730319466774 0.205995510040981 0.161166226749728
0.0396360761618741 -0.0662118589589538 0.0613483012767759 0.224920271459227
0.065264201995139 -0.0129001649948067 -0.0877158728871256 0.141157703205498
0.0374417672632644 0.0181288247646655 -0.0984109031421968 0.0716570032409023
0.0376539613420752 0.00412371107863065 0.00446363207086633 0.0812541376301245
0.060512770341969 0.0186627036606188 0.06875570322309 0.237091129356216
0.109385398783301 0.128080398341941 0.103380726180173 0.337718654556061
0.149269863115213 0.0409947182273379 0.0789359691668092 0.071416590816819
0.106385117352181 -0.062858524631045 -0.0805523363304431 0.0901190742316966
0.0260819158786088 -0.149115639836691 -0.0726618915052429 0.202938273437615
-0.0665331856656628 -0.145747656443546 0.104946746285295 0.248216668148546
-0.144346236119193 -0.0842507509294446 0.238447007781291 0.157557702798534
-0.166163729302109 -0.0176802992301528 0.273256242314491 0.0683468531128967
-0.174002455784486 -0.0270634036243736 0.261834006172234 0.0304406232627907
-0.169207184354247 -0.0653025185716008 0.240028739840889 0.0456107309775399
-0.117466615078152 -0.157948212587533 0.202216793907336 0.0987850775716281
0.00894978227293884 -0.197816240131175 0.112865091349499 0.172581892739815
0.119240567096109 -0.139979381485963 -0.00847539618090557 0.149299438334565
0.167390629050572 -0.0117489731847578 -0.0550031365478107 0.113448552441252
0.150106407409302 0.0891511479378229 -0.00640216083016294 0.0901915948990464
0.116864782928963 0.139446874510021 0.051087233016802 0.201807269670046
0.136122640716131 0.24627806614581 0.0507220559582737 0.262393871809453
0.263859929494332 0.124516566527458 0.0324566988675836 0.0248729506588186
0.230488449476225 -0.0889702611078873 -0.102635720412404 0.0536117575447573
0.0714793190450209 -0.266514444837629 -0.107735066047969 0.160869333251625
-0.101228505681716 -0.258012743007477 0.0474367696857353 0.212770558493907
-0.221902840367805 -0.159341416794211 0.153412639497325 0.13508147419957
-0.262809436344762 -0.0441564157778104 0.176959921570308 0.0607118552529801
-0.263197376811667 -0.0347147140345138 0.174912633804567 0.0188533977791648
-0.256236118021559 -0.0698122649358188 0.159515097698091 0.00918491943223457
-0.21572786018768 -0.203087554937626 0.158885500749876 0.021123671559011
-0.0606049892880107 -0.295173664317785 0.133992238298701 0.0772509242053378
0.114949526018265 -0.272786895622603 0.0743491945832222 0.107792032267069
0.270597478429366 -0.0841038469940512 0.0170862488710877 0.122739470100948
0.263914260980645 0.136180198598272 -0.00581264227851665 0.0927814604510144
0.173223876516161 0.242931213465137 0.0215260642235249 0.134390381087741
0.125134354831892 0.322352357291743 -0.00141383000335588 0.145838707311077
0.307198684763372 0.206221026606347 -0.00901018276578816 -0.0346071181524357
0.312531769239271 -0.0650442331198666 -0.094644378986175 0.00111382244857533
0.133609775678969 -0.318112032215966 -0.106226598535886 0.0818485918838629
-0.0921804934441828 -0.333576337749308 -0.00370653039544842 0.12437441892979
-0.250974668048068 -0.223923875955634 0.050464948123787 0.0760496021329025
-0.315112118323848 -0.0749451139564284 0.0546276519080589 0.0343688625336702
-0.313369668630388 -0.0385570298725196 0.061160296850138 0.00272946685636651
-0.307071710636574 -0.0543934226695034 0.0513121298577564 -0.0213387171010193
-0.288337595162228 -0.203144133653582 0.0740317800913364 -0.0485042264454634
-0.134404632030209 -0.338535478756112 0.104010880189383 -0.0290334174110604
0.0702401769281786 -0.365585771909099 0.118392508004027 0.028824221677412
0.325315828693053 -0.161077486250838 0.0773035424530737 0.0862141729569985
0.349020101013594 0.148922387686647 -0.00747531649619907 0.0717868847517081
0.21483050597339 0.312619722628841 -0.0194732212920781 0.0372776683383537
0.0925732252025098 0.337358649037674 -0.0408510730019731 0.0144117777182424
0.279557544807363 0.247044023266158 -0.0387260217104489 -0.0829853009027028
0.320921200607916 -0.0160481432452473 -0.0563746231306898 -0.0331757227636438
0.174696177756745 -0.290272454687255 -0.0549172256757411 0.00328910925866643
-0.0557785384120253 -0.341403404438828 -0.0188363470884901 0.00556344943514752
-0.228494472890267 -0.246438651363616 -0.0402171990514207 -0.0148061406348042
-0.314118210737687 -0.0937211797638572 -0.0697791440714201 -0.00958542741122789
-0.316591425668249 -0.0366095477579431 -0.0610242531222365 -0.0150294613943532
-0.312268372346539 -0.0310852566571121 -0.0687623773884061 -0.0401154525556047
-0.31257312197114 -0.169900840394873 -0.0354856256002251 -0.0919821430027858
-0.179588249044208 -0.3212080726617 0.0335502621837709 -0.113625889334909
0.022221351928383 -0.389247465932559 0.112351995684427 -0.0534439677682462
0.32706291799768 -0.204145290604016 0.097669025052182 0.0251827012745994
0.381660427960921 0.140023484913708 -0.0242880710700835 0.027008669115363
0.226342717900305 0.33700741361124 -0.0668617352842572 -0.0766147964051232
0.0526807693761812 0.296781591899761 -0.0664116045890141 -0.104135676372063
0.215037357558789 0.232045064251721 -0.0585038936207536 -0.103780010329073
0.270406161500189 0.0161993424483783 -0.00682520308971686 -0.0327037279645379
0.160808045486306 -0.221499839568431 0.0251632520342831 -0.0419252972474868
-0.0288225814108371 -0.281305907907071 0.00216124412063791 -0.103373870216937
-0.177157127332578 -0.214825358065633 -0.102485290230203 -0.111931197529207
-0.262855255708191 -0.0879567197265898 -0.173776185545211 -0.0594761301855059
-0.270320999480281 -0.0280116999923927 -0.174356579568213 -0.0316225747197091
-0.270028982471452 -0.0116074933381922 -0.181270677661566 -0.0488755254495071
-0.281012763217007 -0.126320737374605 -0.142906505171069 -0.112391920822996
-0.176602155607585 -0.265201574775825 -0.0471716123676028 -0.166171012713222
-0.00370309579389549 -0.345174129868854 0.0768313540541958 -0.112674412668421
0.289705049302969 -0.194593231323736 0.0837235268753633 -0.0329144492721663
0.348698702208284 0.126297314406699 -0.0526277466716846 -0.0263958844537591
0.192703328161941 0.31545248553035 -0.10860686564076 -0.189204840068655
0.0169660429780465 0.216665403537657 -0.0835843987042728 -0.192651415219579
0.145619355296394 0.169028539138788 -0.0745031904570629 -0.097275341602416
0.189412499976135 0.00789871579564523 0.0353188777230368 -0.0151201619910418
0.0973842135024298 -0.151081779020713 0.0966983531770498 -0.062205034742574
-0.0277319556947943 -0.180674934593376 0.0273871357000891 -0.179622214196444
-0.114604457193098 -0.13689384326549 -0.140427692613666 -0.18389809057693
-0.176101971656514 -0.0583653431471988 -0.246882508697344 -0.097611372496944
-0.182874390228839 -0.0157218924162418 -0.26092407054437 -0.0429227598949505
-0.185485040099329 -0.00124883381020831 -0.267060809450173 -0.0537417288663606
-0.204752702577078 -0.0808579246976135 -0.227254326359205 -0.121363376937471
-0.137980050497922 -0.186197328532579 -0.112357803921178 -0.195668860134459
-0.00921971633159133 -0.257213158826137 0.0382566198550392 -0.150005728249707
0.222856132621789 -0.146568051577877 0.057392112352887 -0.078213121590803
0.263789255665986 0.107585893631907 -0.075232932763919 -0.0756971143361291
0.124345769871041 0.248359769391788 -0.133750950382108 -0.282743084839726
-0.0332968476867541 -0.129100338513751 0.158278657789873 0.324065732884669
-0.148414088221425 -0.0479064048998197 0.132463982369685 0.0780665886507038
-0.106013877554762 0.0871035092008229 -0.0413948440294264 0.0694176035663003
0.0259362872913849 0.119779774150588 -0.0260602390164612 0.176929512571403
0.075147942892613 0.0631334915905969 0.135637242616635 0.224103495271742
0.0781405057263382 0.0260014540373662 0.286904614909346 0.14717421996438
0.0833830409331178 -0.00223855175539443 0.329218859820772 0.0572332958299552
0.0608379029891218 -0.0013345023830697 0.308503644453459 0.0345113187543014
0.05380415499775 0.0104216394387032 0.279541048399677 0.08866178891518
0.0588250284919324 0.0450685981011469 0.184550777189123 0.179279741564283
0.0286725598500442 0.0714659461956387 0.0200465790731635 0.222683084411645
-0.0296870844213 0.0803203844982345 -0.119447349527826 0.109308316776826
-0.0902254303417205 -0.000315206852163425 -0.0936570956395749 0.0423175688134191
-0.0551692513821313 -0.102091726076159 0.0245772193938606 0.0862390154759458
0.0137772367638351 -0.104640814349806 0.0764373823789576 0.238332068087485
0.0489281992085473 -0.00621515369395316 0.144955094092413 0.35621845015801
-0.000418306502460454 -0.0193690847936019 0.11639529046491 0.089764980391874
-0.0124264994428904 0.00506627890669989 -0.051404329250536 0.093834777631524
0.014927900929066 -0.00933855444588755 -0.0363303595396583 0.200035563136072
-8.15935319876814E-05 -0.032488057162065 0.138194861688822 0.242576007380921
-0.0360310961643647 -0.0202033334956107 0.284546631209386 0.154587188657954
-0.0436631039943408 -0.00431922845925075 0.325503426924474 0.0621415401443883
-0.0603811405378376 -0.0148809600116718 0.307761327996634 0.0347522900796572
-0.060651878965658 -0.0352493994249405 0.280720293950314 0.075939249220961
-0.0211726671111104 -0.0686534312406199 0.205655048031125 0.158262380089048
0.0387690320603961 -0.0666887142731511 0.0621062706231052 0.223456984036218
0.0649373687032066 -0.0133879416336467 -0.0864544401399056 0.141237863469974
0.0368047603912009 0.0180406628010271 -0.097177270117132 0.0726601600626229
0.037611837853074 0.0038419542472865 0.00581654223684991 0.0808759420416125
0.0603313114836712 0.0184001379838974 0.0697602292305494 0.235284550417915
0.110072631397465 0.126768675476386 0.106015695653813 0.335921599064324
0.148775166356576 0.0385540100949218 0.0785865980382053 0.0702058252379909
0.10575877251298 -0.062830352008094 -0.0801380325977352 0.0900284692123598
0.0249895365549385 -0.148862786082386 -0.0713816073472189 0.202679968588095
-0.0673433355531032 -0.144150073938874 0.106017566128227 0.246365943944134
-0.144112437156139 -0.0826429581340157 0.238564503802516 0.155182057510923
-0.16525682532043 -0.0163469307873746 0.272993800309114 0.0659780590133864
-0.173208040013167 -0.0256606849811146 0.261017656872093 0.0281406955013474
-0.168769129688994 -0.0632788955058654 0.239293660474864 0.0439502627901831
-0.118109375061604 -0.156270134970668 0.201806663730632 0.0965506443367107
0.00719329709635541 -0.196987088862554 0.114030678458849 0.170628714591346
0.116833929937031 -0.140507316047792 -0.00676359612681577 0.148461794555243
0.165941790637192 -0.0123793004287811 -0.0536252565674549 0.113466207410588
0.149737630644128 0.0871915801274902 -0.00554271588440667 0.08914748026652
0.116759093742141 0.138351960956594 0.0523880644914738 0.199934329764022
0.1369448122211 0.244885111847292 0.0524598603043284 0.260812707432627
0.263374455171099 0.121566162660166 0.0321793702039682 0.0235577107439785
0.228472238973907 -0.0904567024914787 -0.101783222046317 0.0532290313233142
0.0693007138330619 -0.265858877375882 -0.105949695959135 0.161249402741606
-0.103073688441604 -0.255994046335025 0.0489815399040583 0.211637156890574
-0.223029552156221 -0.15610705662973 0.153190227339773 0.133507501879962
-0.26180454730036 -0.0414784359893396 0.176541870407273 0.0598067213599604
-0.262167874873025 -0.0322931893474535 0.174562888169406 0.0175382331017208
-0.255663817852617 -0.0675187845142121 0.159950418310922 0.00806313669301051
-0.216674761947477 -0.199830761938394 0.158394371395929 0.0187661334651136
-0.0628872677080864 -0.294273185196379 0.13502489738443 0.0757995139767596
0.111779682611187 -0.272547132461328 0.0756171212737858 0.106736181312354
0.268573249433937 -0.0857400075426705 0.0179526729593361 0.121949569487599
0.264058006617086 0.133668741126107 -0.00553606761805691 0.0923410540293957
0.173805267955629 0.240336242859427 0.0223609737230875 0.133071875948331
0.126705294677104 0.319621698862588 -0.000391886773064946 0.144577286123491
0.307735692443657 0.20296865195577 -0.00923965923787908 -0.0357490311345636
0.310303874843184 -0.0664750400484527 -0.0942175745135031 0.00118183274522896
0.13107327637686 -0.316271252415199 -0.10542508067477 0.0820674240464353
-0.0948639515603311 -0.331315585184598 -0.0025804169308581 0.12294400215136
-0.252248757966747 -0.219932899213841 0.0506595028802716 0.075672039309804
-0.313996155517999 -0.072035069476053 0.054167026314818 0.0347776490182846
-0.311885076489256 -0.0356659402942999 0.061580975744595 0.00248512696599562
-0.306368717311487 -0.052206977773879 0.051741244198593 -0.021231955511418
-0.288626469865056 -0.199951764605122 0.0732939913191495 -0.0493782739027771
-0.13834474684489 -0.335056955424505 0.104265485705384 -0.0294231639527166
0.0680289589799304 -0.365146603332965 0.118840844177603 0.0271924172148873
0.322349479408944 -0.163216604284045 0.0777162325575576 0.0859955279421136
0.349307287778532 0.14509719303874 -0.0074020947482221 0.070559692666903
0.215886603992309 0.310383524507433 -0.0192140081678086 0.0371623975524797
0.0950427630007402 0.335893110024013 -0.0408643643611847 0.0140304426389161
0.280201448050288 0.243194264068847 -0.0387962267589832 -0.0833124445094549
0.319181435014387 -0.0174634250679976 -0.0556632658620606 -0.0331431244884872
0.171325647611774 -0.290163430492976 -0.0544913894813112 0.00363322552479708
-0.0585812178790652 -0.339692232257324 -0.0188424466277291 0.00442733916611289
-0.229497123607018 -0.243633522878131 -0.0405254704577193 -0.014235119446047
-0.312896749327561 -0.0905359557527837 -0.06944345947489 -0.00827556437300074
-0.315336823542732 -0.0341616948199664 -0.0612722078205059 -0.0150644143077615
-0.311013050043676 -0.0287613800848704 -0.0683710309973085 -0.039077614282664
-0.312757748412929 -0.167053481549817 -0.0363731670539791 -0.0916369269568115
-0.181250894485522 -0.318439899762417 0.0327104074523566 -0.113631234378897
0.0200937894790293 -0.386911642414887 0.112074571514379 -0.0541876381662375
0.323633842487104 -0.205715445273633 0.0975319988127048 0.0241681657745258
0.380847313048535 0.136437797184301 -0.0242404022346868 0.027296121389853
0.225886052029475 0.334160604718073 -0.0670407732778747 -0.0754419174383866
0.0540334351522007 0.295615189552009 -0.0677272037427076 -0.103501158088516
0.215636026581521 0.229476437890211 -0.0590510622635838 -0.1037976473714
0.268733555851084 0.0140669144143789 -0.00706035931548576 -0.0335044996356553
0.158388335357586 -0.221465807611227 0.0253297266783492 -0.0424538165097201
-0.0309257554305975 -0.27987414636772 0.00104449783768857 -0.10411969871539
-0.177706108819388 -0.211840065118656 -0.102631062264385 -0.110544925584847
-0.262820123215144 -0.0859064100878082 -0.173232594008116 -0.0572951762085815
-0.268812579238053 -0.0258613461576271 -0.173619497696826 -0.0302531912862548
-0.268068708201676 -0.00950781341261244 -0.179927708772827 -0.0472814443833934
-0.280598041304042 -0.123057611145368 -0.142931538555492 -0.111835653220034
-0.178228082281206 -0.26286450141834 -0.0470936458739301 -0.165511169287691
-0.00647583581620795 -0.343524263004482 0.0769026305081167 -0.113354974383664
0.286618578431934 -0.19572203463719 0.0834020429718254 -0.03319932489076
0.349029315769753 0.122173416042888 -0.0526243240466956 -0.0253765916561558
0.192859408773476 0.31367396875071 -0.109109559904122 -0.186779607514917
0.0181562229984026 0.21511622338821 -0.0851666699078815 -0.190883782632022
0.146397368766979 0.166814028573906 -0.0748255142408516 -0.0966361007249327
0.188311005538841 0.00665369958924091 0.0352012149220549 -0.0153257491668039
0.0956102021913694 -0.151110276332599 0.095644744557038 -0.0624586596946779
-0.029228321035773 -0.17944539143509 0.025770442868259 -0.179600397416628
-0.115788934617497 -0.135536066932251 -0.141368226022158 -0.182283470662772
-0.175836355176601 -0.0569400272415439 -0.246144181786478 -0.0947487489198562
-0.181681186604606 -0.0140104911113073 -0.260218952604401 -0.040716784696014
-0.183616120272313 -0.000187751964189893 -0.266059796836022 -0.0513043157131593
-0.204115182819709 -0.0785050684030265 -0.226933578210049 -0.119444105744709
-0.138958227801497 -0.184621133593604 -0.113273573847732 -0.194655173753334
-0.0110661330460302 -0.255749139364689 0.0375919457409063 -0.150125745086966
0.219940829630862 -0.14609541157599 0.0571593073186445 -0.077866074950711
0.26305656724555 0.105705379749037 -0.0755300843152007 -0.0747548841423619
0.124341863395153 0.246640189528314 -0.13442896643255 -0.280166805418522
-0.0338304062722019 -0.127888690676066 0.15989244022764 0.321621764311663
-0.14777268718474 -0.0465514783936007 0.1325852734084 0.0762751687630192
-0.104835775537102 0.0872835892059459 -0.0412137321973619 0.0692967206444883
0.0269122799586647 0.118660072703053 -0.0251244283184966 0.176697294960975
0.0758450161353323 0.0628244056168115 0.136773344041741 0.222790010497839
0.0785142398565335 0.0260418918212389 0.286392009700179 0.144802570652161
0.0827120884044355 -0.00280372057865124 0.328314106258383 0.0551717703503757
0.0604071636389585 -0.00189588079138754 0.307624919160937 0.0319566440534843
0.0530583059283853 0.0103708395021904 0.279476481974443 0.0859368513449904
0.0595881718584052 0.043841045388581 0.185634792151332 0.176501495660431
0.0294879403360257 0.0706403923590268 0.0217648333042639 0.22151829258233
-0.0291746736482947 0.0803438729092991 -0.118148570615253 0.110234089834559
-0.0895400605673299 0.000496571747297887 -0.0926643918436798 0.0430516670361065
-0.0558755730709805 -0.101754920738215 0.0254729127964968 0.0857484273053589
0.0130192025925487 -0.104090233517012 0.0778456429767471 0.236241276431502
0.0487033294632815 -0.00676684070675476 0.146489709569471 0.354060425963918
-0.000547833510609907 -0.0198387135693929 0.117029568684826 0.0871482524789067
-0.012648225435162 0.0054694347599364 -0.0504991892151937 0.0933102910733357
0.0145036854768743 -0.0093452123340683 -0.0348202636127956 0.199911765467849
-0.000543193115991677 -0.0321606326226152 0.138856458612007 0.241187672885849
-0.0358119290746586 -0.0195629399102948 0.283973654822248 0.152069234310203
-0.0434103387139596 -0.00393480710443568 0.325024174611806 0.0593852707716672
-0.0602449953546204 -0.0143514746347658 0.307734746369535 0.0316053884340479
-0.0608671605602806 -0.0343845074476556 0.279960694828358 0.0738282496165854
-0.0217950202669561 -0.0679323782882937 0.205798434409698 0.156087839365392
0.0381781204150427 -0.0665560425653409 0.0646047959713383 0.221782637587173
0.0644316612826932 -0.0135136363959243 -0.0847800838053785 0.141641928826313
0.0372632485237741 0.0178007127397356 -0.0958295780388434 0.0740628818474223
0.0370527620915821 0.00335540612278593 0.00687395238935691 0.0800327151800596
0.0599412224365508 0.0183643287469116 0.0713789281780872 0.233204683640025
0.110410873438057 0.125404583974353 0.107564322848837 0.333243772462052
0.148700248898991 0.0370762435783814 0.0788817985287607 0.0685683141048635
0.104967761259542 -0.0631964829299529 -0.0785939502513278 0.0896908689111728
0.0233788017879982 -0.147861022792084 -0.0701210628980951 0.202204011176212
-0.0683254587232269 -0.1431161586332 0.107065848420498 0.245045064300226
-0.144686431359051 -0.0807669947464986 0.238448041195699 0.153447367231919
-0.165022669229752 -0.0151098189903629 0.272414562824085 0.0636243289730089
-0.172763790055811 -0.0245135952046816 0.260331523498609 0.0257559618289193
-0.16857692053207 -0.0614172100248711 0.239054874174873 0.0418199208658843
-0.119258539943292 -0.154408916342305 0.202133038935278 0.094298097876815
0.00540709793769727 -0.196784184922464 0.115855964744217 0.168913765427925
0.11530085409108 -0.14034374286679 -0.00535829937646127 0.148022669784295
0.165528428257199 -0.0135135708225543 -0.0526713520128334 0.113833668174801
0.149754715783607 0.085657544300247 -0.00429699921200517 0.088956646973558
0.117073283815163 0.136540926101707 0.0534094472284799 0.198389337052593
0.138092115714373 0.242933466006544 0.0547073414576086 0.258697561707555
0.263413553143792 0.119176434979454 0.0321757100996292 0.0217883925763396
0.227093003158715 -0.0908333800183827 -0.100596960806347 0.0523363869835894
0.0668263353169611 -0.265226848175111 -0.104964429217963 0.161113234694588
-0.10463021512221 -0.254113749359991 0.0496978182907545 0.210009455035005
-0.22335829532225 -0.153935113000746 0.153337467825786 0.132153129503706
-0.260987352749339 -0.0391151915721611 0.17616053451214 0.058307105945748
-0.261435227195223 -0.030590023030778 0.17386470313671 0.0156184748954358
-0.254767359319417 -0.0650331790001704 0.159432464573726 0.00671271631984388
-0.217267534518876 -0.197652908014504 0.158029693572938 0.016900990066566
-0.0652640812440585 -0.291628670512283 0.135887396627825 0.0742237035898302
0.109045030913055 -0.271885506256051 0.0765852419670851 0.10593276799833
0.266554512512284 -0.0867895612209476 0.0188558285639514 0.122045365128959
0.264212885922335 0.130360988199149 -0.00487641712866109 0.0916819453933847
0.174399572725202 0.237443110885843 0.0233719795708748 0.13270458719585
0.129214117100767 0.318799594166662 0.000605671033201309 0.143688031414042
0.30834412632146 0.19930199983629 -0.00972427326953198 -0.0360272493136398
0.308867976345077 -0.0686596573010665 -0.0929470088985434 0.00131058354225863
0.128045210166252 -0.315667163490273 -0.104796623157867 0.082162053460214
-0.0978147238460292 -0.328938559651329 -0.00245646685909172 0.121967600289967
-0.252569282801902 -0.216165579765721 0.0505529039329677 0.0749143551954439
-0.313118257273236 -0.0690787877738367 0.0543631337459553 0.0347520075238884
-0.310842232830024 -0.0329880184975548 0.0610974653019018 0.00174170109532332
-0.304956265280094 -0.0490682230790082 0.0515460045560183 -0.0215468207961668
-0.289373981056111 -0.196216675906792 0.0727417143931876 -0.0500618535863711
-0.14073240071611 -0.3331632953332 0.104120926747803 -0.03038297212091
0.063555393976389 -0.362763642247274 0.119560570112251 0.0257399927557662
0.31977666528884 -0.163228653421898 0.0774953997571985 0.0848737588402105
0.3497192789094 0.141851250482643 -0.0075789368767667 0.0711601336984662
0.216475786205275 0.306765869967812 -0.0186236984122235 0.0376925830404774
0.0973169603265105 0.334268650389158 -0.0404306107106951 0.0139983246218423
0.281856048371339 0.240104906940429 -0.0390797203351987 -0.0838347534297885
0.318281220580128 -0.0200609941337548 -0.0549783738222157 -0.0339209870622927
0.168059130844669 -0.288904879601022 -0.0544511065074177 0.00353924830210909
-0.0616834944218863 -0.336181964254929 -0.0188813000690955 0.00381185420425184
-0.231280684956545 -0.240784648869241 -0.040792780857612 -0.0137691122632553
-0.312620299144146 -0.0876265450772325 -0.0689366679203855 -0.00654035709157762
-0.314166377672058 -0.0308657583945337 -0.0611648653743049 -0.0143478645501724
-0.309306982092665 -0.0257096125651132 -0.0682952571643126 -0.0387062717716763
-0.312243538152516 -0.163657081857549 -0.0364407829665516 -0.0918319133787062
-0.183208282519992 -0.316618215399 0.0324735004036193 -0.113778687241591
0.0160324150057591 -0.384347408767985 0.112176837329274 -0.0556711049874424
0.320267317721886 -0.205798266968818 0.0974275781376631 0.0236464528560295
0.379662949763521 0.132789727830984 -0.0244366273749665 0.0276953235485431
0.227114161408975 0.330247626087751 -0.0669765486501176 -0.074046721747161
0.0560050519026413 0.293922976417568 -0.0677379278610444 -0.103311211976699
0.216390616626327 0.226524868533184 -0.0599388207841252 -0.103169222171906
0.267661120404781 0.0123654162835902 -0.00682061738469583 -0.0340972369452579
0.155819948804413 -0.221859729811664 0.0249283172922733 -0.0422801461900106
-0.0334927006817297 -0.278054478906609 0.000677210098436883 -0.104547393615507
-0.178817143884242 -0.210290908411033 -0.103029573339183 -0.109395689334331
-0.262156644655547 -0.0833187137041489 -0.172782937664845 -0.0547718771521567
-0.26793122362125 -0.0233815315944836 -0.173677157631153 -0.0290496943059227
-0.266559521348846 -0.00735094426027071 -0.180139474836742 -0.0456022699742787
-0.280891524199466 -0.120541877674739 -0.143241715709763 -0.11074116681955
-0.180092458652676 -0.260819374167922 -0.0483285368150453 -0.164296553715078
-0.00860169579941329 -0.341151634934162 0.0766123631792206 -0.113669415301135
0.283996758768692 -0.195946783295367 0.0823820553814741 -0.0338089706022171
0.348847991244609 0.120538508373857 -0.0532046419376225 -0.0247687354486096
0.194019217526255 0.311122704866011 -0.109547047289292 -0.185458876852552
0.0196365788679574 0.214763061527584 -0.0859572093907864 -0.190156393603639
0.146870919013398 0.164965280979404 -0.0754026636950133 -0.0960599127651501
0.187647558962462 0.00481407186629656 0.03469716711654 -0.0159773002670346
0.0943304623615747 -0.151256654802818 0.0951982336212039 -0.0636002590485336
-0.0310017556784541 -0.178498541423175 0.0246093393159634 -0.179471172651482
-0.116852720198242 -0.13441059544731 -0.142295630077347 -0.179931612784914
-0.175444486257323 -0.0545366625187992 -0.245895512449832 -0.0917515728693197
-0.180899937430756 -0.0124628950369547 -0.259609512744233 -0.0384720144328057
-0.182649213721929 0.00141469777006218 -0.265661490438948 -0.0494917377269189
-0.203325256746982 -0.0767919523162736 -0.227110397093331 -0.117969629875074
-0.140113241054267 -0.182213340492915 -0.114286727718113 -0.193357916132601
-0.0132321701665208 -0.254683652443074 0.0371759822113167 -0.14976591384346
0.218043335879222 -0.147261504879189 0.0559755159432445 -0.0779946085685593
0.262817078770445 0.103369000090795 -0.0758170826099693 -0.0736246721802771
0.125495118902077 0.244970277550669 -0.135787348215054 -0.277787450075477
-0.0345188809242095 -0.128090168838403 0.162829534092894 0.318725357046655
-0.147803794367915 -0.0450483557884537 0.132788068931712 0.0746943078556602
-0.103595530353645 0.0875639872200907 -0.040764921222396 0.0694453585742592
0.0278447019844021 0.118358022341986 -0.0239645350355114 0.17594479245181
0.0756368714892989 0.0618990546842396 0.137756196162662 0.222122373986236
0.078303281552083 0.0256727125555624 0.287182177485326 0.142581548879956
0.0818408749365385 -0.0035849050933546 0.327670731745333 0.0516485435834123
0.0602318593038988 -0.00254545782480516 0.307463704592429 0.0298850271586082
0.0528565915371192 0.0100822486604706 0.279354380203472 0.0831136264329648
0.0595189442635014 0.0432494972498844 0.187067684798549 0.174710977312949
0.0300545073577023 0.0702295082439364 0.0235693088708914 0.220949708194089
-0.0286716393454419 0.0802090817798186 -0.117554049068622 0.111110476431527
-0.0896750872198476 0.00128338180886363 -0.0914253290937636 0.0439484341661011
-0.0572368387353374 -0.100764307982153 0.026366321443176 0.0846390907214118
0.0125990245847642 -0.103601141335445 0.0793430551321985 0.234054641969253
0.0484281555044893 -0.0070588786740502 0.149919505142508 0.352425275746672
-0.000698598822996461 -0.0198785227572826 0.116730645283819 0.08585205806904
-0.0124173923163242 0.00567553773132553 -0.0496977807723464 0.0931080727049734
0.0145562648007231 -0.00898508386207368 -0.0332014927201607 0.199618655676876
-0.00114847135737892 -0.0323248698270186 0.140376435873473 0.23935863478153
-0.035817856580168 -0.0189422554095148 0.284723663152315 0.148983399435634
-0.043251734080116 -0.00327357521316576 0.324352656424149 0.057191313545629
-0.059921574769912 -0.0141258380120378 0.307141438491805 0.0292881668977397
-0.061277810504157 -0.0335318548577816 0.279867269531217 0.0714932962073928
-0.0221935424196815 -0.0680250873220397 0.206850936246526 0.153441145847669
0.0367838116786403 -0.0665048959736468 0.0666397854271845 0.220473426789893
0.0641036971849153 -0.0141916755977895 -0.0834486753417889 0.142396920274084
0.0369056043685452 0.0176669571561613 -0.0950791466564008 0.0746754248641896
0.0368411781767252 0.00274651599054171 0.00770002199933103 0.0791444477339112
0.0599817412960429 0.0179936257373883 0.0730206534513601 0.231021093768094
0.110975302704539 0.124606056511986 0.110244783789127 0.331313259507545
0.148543242371553 0.0359084675634279 0.0790428724167329 0.0668155296445978
0.104409799066991 -0.0636805159644345 -0.0772292010649149 0.0893923247716732
0.0220429545378249 -0.147332906787668 -0.0684868374058814 0.202596010549002
-0.0697342753104515 -0.141338671094563 0.108452150150317 0.243426677516515
-0.144749719577572 -0.0788701685987933 0.238502126250371 0.151125782753975
-0.164922662135676 -0.0131199045221938 0.271575456264661 0.0618671578438177
-0.172241778099775 -0.0221660290823081 0.2605184623447 0.0233249006700517
-0.168728554732664 -0.0593293490369066 0.239169873971364 0.0395750715227273
-0.120163819004399 -0.152813575814606 0.202500939507942 0.0912323341649525
0.00296842051041355 -0.195996262886991 0.117317340305503 0.167252317212623
0.113966920036835 -0.140791872992167 -0.00389616249397037 0.147367049939308
0.164695351653576 -0.0147677815473604 -0.0512096247850895 0.114479316769949
0.1501335035024 0.084077266734714 -0.00410598070078013 0.0886706212271397
0.117847590838018 0.135790904687569 0.0546084830954451 0.197084011658859
0.139463464632462 0.241467004457857 0.0563340047638741 0.257688446094374
0.263369329736995 0.115931383560802 0.0322910748458755 0.0209391795655787
0.225433482017129 -0.0928028083094444 -0.0995393075511678 0.0526869888334182
0.0641573193127912 -0.264301327763316 -0.104114743082479 0.161156364807621
-0.106949262434205 -0.25237355104412 0.0509661546334123 0.208771713621232
-0.224248479883558 -0.150852871737757 0.153679134798393 0.130939945060078
-0.261218969834493 -0.0363982613784102 0.176551510536525 0.057699224403231
-0.260571706885762 -0.0278510757221237 0.17380672138942 0.0139764559573119
-0.25495141055976 -0.0626168086305163 0.159769829940307 0.00547635974771437
-0.218494658002653 -0.194957539151877 0.157956199853256 0.0152812940725307
-0.0681076522249152 -0.290797330234528 0.136780230963551 0.0723891961853906
0.106537627646086 -0.271490194264273 0.0778720452933049 0.104600435631959
0.265035904362449 -0.088448146837406 0.0198718575536033 0.121600121351165
0.265117541827607 0.128158331307491 -0.00436528395911786 0.0917091705118871
0.174708747448131 0.235803583535896 0.024273371562182 0.131607827569434
0.130774179622193 0.317086262283098 0.00188996858783528 0.142766093408301
0.30887246555867 0.195290359736836 -0.0101686925442058 -0.0370421218991189
0.30780596625722 -0.0703875820000849 -0.092259510813696 0.000817405998033461
0.12446759069763 -0.315601061753169 -0.103831496609327 0.0822801976999124
-0.100258128261672 -0.327055911206497 -0.00155303978157801 0.121374469827281
-0.252853576750896 -0.213739797934062 0.0508323604530539 0.0748636654428856
-0.31335586183608 -0.0654456548726848 0.0548182136226806 0.0350187359700342
-0.310633005721674 -0.0302146299214184 0.0612515110876202 0.000748397477164934
-0.303803874835379 -0.0465073658729376 0.0517918989004802 -0.0220514389850594
-0.291105072984992 -0.192955208064616 0.0721772651199453 -0.0516188087207392
-0.143141602468693 -0.331072226063103 0.104364532090673 -0.0320890536931527
0.0604122167812143 -0.362085967641608 0.119806672634036 0.0241007609540224
0.317851206218862 -0.165827900717738 0.0784802620803531 0.0843393728514063
0.351045146242884 0.138572313966233 -0.00720428803105499 0.0710999455541016
0.216795394265946 0.304198589054536 -0.0178965046728067 0.037711273663592
0.0989165353569752 0.332229726717526 -0.0406327625090316 0.0137887235666624
0.282601601725406 0.237758479821858 -0.0397309885232259 -0.0838524497141218
0.317004688244667 -0.0221647558503945 -0.0551162446618662 -0.0344303247596976
0.164709676947051 -0.289492503191852 -0.0539809486777568 0.00328171836955986
-0.0652843080136424 -0.33562587087585 -0.0188991427517394 0.0033112901294633
-0.231948199724874 -0.238682659507508 -0.0411572873723744 -0.0132326628524943
-0.312104433630681 -0.0839476068667665 -0.0684561944387687 -0.00564315022634176
-0.313529228004037 -0.0278666665831116 -0.0611175639912656 -0.014205046016418
-0.308444018942884 -0.0231993078575252 -0.068221760033523 -0.0380306426863847
-0.313069755100898 -0.159971710768216 -0.0376492618992669 -0.0917888429782744
-0.186595693516259 -0.313768445800877 0.0320881956807104 -0.114060494497816
0.0125491730245875 -0.384122374119782 0.112029405060613 -0.0569147811755605
0.319516280678314 -0.208585079483616 0.0972427085114209 0.023085033379923
0.380857175175908 0.130164256321449 -0.0247003154121439 0.0276192237255726
0.228705748931197 0.328034231928355 -0.0673881319246109 -0.0731977438875949
0.0583239849829385 0.292908389973074 -0.0689682566443402 -0.102586708367498
0.217377290063212 0.22419068220609 -0.0605598425695438 -0.103302030252057
0.267511318327691 0.00987762992827014 -0.00700947557083949 -0.0344599880697315
0.153432694767639 -0.222136299684043 0.0244136806452388 -0.0431636306377337
-0.0367571821551674 -0.276810727347701 -2.87786876281148E-05 -0.104541730121304
-0.18056876582048 -0.207887410202028 -0.104628737061868 -0.108490108622603
-0.262087507627387 -0.0804501239794597 -0.172525948884429 -0.0527642936049364
-0.267254014785604 -0.0210333429879679 -0.173809906258544 -0.0273474599443499
-0.265213307863055 -0.0052423597124342 -0.179781381370543 -0.0444390378936517
-0.28077636487355 -0.117112524181905 -0.143826726490198 -0.109424833394748
-0.181948812290667 -0.257898350636456 -0.0487747642591673 -0.164355708177759
-0.0120311129100109 -0.339250399432298 0.076067536548481 -0.114573318173107
0.282052519865111 -0.197848987659385 0.0821410238691745 -0.0342194691002908
0.349819067994235 0.116627737989023 -0.0535669692076376 -0.0242033269276922
0.195167143419845 0.308604231168363 -0.110700794536049 -0.183333941915034
0.0215264127089272 0.214393016871826 -0.0876217194568359 -0.189234523164181
0.147838621845052 0.16346327266515 -0.0766030499054078 -0.0949799078215755
0.187090347714381 0.00364963587053454 0.0348984028321683 -0.0168115283813477
0.0922089669932875 -0.151622735723998 0.0945841242771841 -0.0640198894811992
-0.0333423364312956 -0.177954368222088 0.0226171732053862 -0.179806073086507
-0.11817959186368 -0.133169873303489 -0.143853805595653 -0.178712539167042
-0.175031769346046 -0.0527433380272512 -0.245119111943088 -0.088919434351554
-0.180841295408877 -0.0105722508885352 -0.259539017446115 -0.0365656474591861
-0.181794706200617 0.0028598347349121 -0.265850850762895 -0.0470955546727654
-0.203706805619918 -0.074251238644918 -0.227182787358981 -0.116016035135949
-0.141640516185196 -0.180680075510891 -0.114989731852318 -0.191967555523643
-0.0156154306158195 -0.253187239903091 0.0367931348864355 -0.150406489526425
0.216405344714311 -0.148194318987984 0.055312749235801 -0.0785987775625072
0.263229591888646 0.101434163238628 -0.0762261226576853 -0.0721670027634119
0.125801726759313 0.243241961456063 -0.136566079363856 -0.274770228776628
-0.035712628294508 -0.127678060803266 0.165561898208166 0.317518133562398
-0.147506858373175 -0.0437333860233764 0.132904154931946 0.0730222841560083
-0.103238223676709 0.0889531252503379 -0.0402815619335864 0.0692050828349635
0.029264123939986 0.11799058247958 -0.023111783772994 0.175904770924144
0.0760656858773079 0.0609855041356247 0.13897890206549 0.220487332490561
0.078799176069104 0.0249186032466402 0.287899674284496 0.139943432419915
0.0816831839951099 -0.00462373424017327 0.327332444174209 0.0480667402447296
0.0600334892650075 -0.00299935462914724 0.307860983481396 0.0260911705916405
0.0525735014116088 0.00936498928635194 0.279483432207899 0.0803552789841328
0.0598530946427309 0.0424719433628238 0.188258615363388 0.172702925224919
0.0310837623684877 0.0697974362341126 0.0254569234149978 0.219826453926838
-0.0273800865784611 0.0807054319537274 -0.116659627089322 0.112594379795915
-0.0893644661835412 0.00225116085667351 -0.0907840338072054 0.0452653309780132
-0.0582845358419681 -0.0998278703411392 0.0271595786779047 0.0841763254036372
0.0122850668377478 -0.103195664958208 0.0805596865623138 0.232360791691959
0.0485304528308771 -0.00746576220513577 0.15252003091177 0.350258858089125
-0.000779268775895999 -0.0195067317691566 0.117463201464102 0.0833383060877938
-0.0122497969660397 0.00564179174600065 -0.0486179255913622 0.0931081414835957
0.0145947149630067 -0.00934900010949016 -0.0323829754052791 0.199937477080683
-0.00171273136113689 -0.0317711082067492 0.141473485005584 0.238047934201885
-0.0361485925663482 -0.0182542246426022 0.285200784875108 0.146770315046623
-0.0437878193876951 -0.00293961609671849 0.324058093882525 0.0539559560628678
-0.0599169408121578 -0.0132266534354523 0.307189156284786 0.025646624976012
-0.0616415352277087 -0.0327008767689007 0.279700361821571 0.0684273371904112
-0.0227978564626656 -0.0674361351753026 0.207850604571299 0.150452458601882
0.0366010231927249 -0.0668668727075702 0.0686697893905536 0.219196960728966
0.0641030768092098 -0.0141088527680014 -0.0820793396911501 0.143000241252271
0.036672185568277 0.0173064915588358 -0.0938017740592552 0.0755135364158364
0.0363442536050309 0.00274094250132467 0.00848893895545504 0.0789062830828848
0.059862903125883 0.0174041279789366 0.074203773922903 0.229076271645988
0.112188982638129 0.123162855708388 0.113784838531059 0.329419263184921
0.14883949683287 0.0335966777552982 0.0792490550890583 0.065303804718467
0.103629506887579 -0.0637934090304932 -0.0765887252020897 0.0895198802449579
0.0205776463677023 -0.147547813505847 -0.0669574605333077 0.202877802410378
-0.0710237437659382 -0.140699569905481 0.109661543944839 0.242931244505139
-0.145663638994141 -0.0772775852084416 0.239352669995081 0.148914569616812
-0.164750167651253 -0.0113976520982559 0.27188903415094 0.059256884567497
-0.17248466315428 -0.0212963347583078 0.260164043710245 0.0205634015432884
-0.168997983196375 -0.0575050989100387 0.239252233864707 0.0372564446394721
-0.121250326376961 -0.152065008511605 0.203312556575716 0.0891647562720667
0.00111217383959404 -0.195351923722861 0.119391329623027 0.165226715602648
0.111870579976567 -0.141613289594963 -0.0022703918860233 0.147842279146573
0.164037319445949 -0.0162468170843055 -0.0499144131106996 0.114733267398052
0.150804250713 0.0821805256960113 -0.00316795118084681 0.0884317158346576
0.117812020291251 0.134894484897885 0.0568523003015623 0.195515694257312
0.141507253471597 0.239962215819256 0.0586682641123384 0.256339614050174
0.264691435807334 0.112726858605444 0.0320420375369442 0.0196547151164325
0.225144934061176 -0.0938939699908349 -0.0981941100601027 0.0528172506237154
0.0616517125633362 -0.264166531393598 -0.102393826316407 0.161540199041787
-0.110020988244014 -0.250792121961352 0.0527112736279621 0.207325071269657
-0.225683606424322 -0.148448888289273 0.153919843218905 0.129882109287345
-0.260565698305174 -0.033790660627708 0.176663603123434 0.0559316052430278
-0.259858232586536 -0.025388430216069 0.173503724264565 0.0118189659731895
-0.255094701934997 -0.0594760405499052 0.160571813471856 0.00361680430950274
-0.220115869003872 -0.193191595042166 0.157115802715474 0.0132377424901246
-0.0712732984907092 -0.289731349194119 0.137885406199019 0.0710672890730449
0.104043315587208 -0.271991327892893 0.0793365419987531 0.103601864354165
0.263950135440615 -0.0903335826113148 0.0206296250029979 0.121675337816945
0.265363067796509 0.125383535574854 -0.00310309981425174 0.091744753806414
0.176034596700452 0.233856689369503 0.0255988651793712 0.131401825558157
0.133483435949412 0.315677295542166 0.00285440007873475 0.142155296435221
0.309931514176775 0.19209036722609 -0.0100517857071001 -0.0372914093999677
0.306679771652301 -0.0727407639066209 -0.0910906020853899 0.00117896718427508
0.121426463733698 -0.316283680700846 -0.10323128008244 0.0829459493277197
-0.103855204250758 -0.326072895427442 -0.000738600413908649 0.120054652372465
-0.25556309834977 -0.210593510170061 0.0509743103933192 0.0745878727149509
-0.312832423256171 -0.0625006389777285 0.0554386913972089 0.0352117598531005
-0.31006010936744 -0.0266711625432942 0.0607092245168472 -0.000313734954420327
-0.303771601860599 -0.0430220581723541 0.0516106183721236 -0.0229045395199859
-0.292582147574885 -0.190288705742319 0.0716457001066475 -0.0524476324616643
-0.147094081934731 -0.329020341246692 0.104724445298431 -0.0328703740984056
0.0565565497487973 -0.361952619474143 0.121020319520505 0.0226440156293148
0.315388482319989 -0.167894303333975 0.0790231378283997 0.0841679906878249
0.350762728877554 0.134881597455425 -0.00703135738601688 0.0709565297002999
0.218173017229871 0.301819693643091 -0.0174144395387397 0.038258755379219
0.102229319656312 0.332444805651491 -0.0405405740939024 0.0133670544070487
0.284700232948691 0.232978845073182 -0.0406854767888776 -0.084565082195101
0.316833356263687 -0.0242076079449094 -0.0543216001098119 -0.0346354852655535
0.163099136498856 -0.290567496514692 -0.0539724112851624 0.00306513067496103
-0.0676598322769386 -0.333557608070533 -0.018926827251321 0.00294402419387568
-0.234668716687631 -0.235453354667631 -0.0416122637597093 -0.0126298988641821
-0.312518390232235 -0.0809651573338002 -0.0677391674800834 -0.00467146889095479
-0.312915435516804 -0.0245912089162275 -0.0611433875078612 -0.013647232430035
-0.307451030023249 -0.0202519391693098 -0.0678802643101869 -0.0376409271032144
-0.314913566916681 -0.156700788543311 -0.038095601775606 -0.0918106196684814
-0.189274322476849 -0.311924942610912 0.0315586680876272 -0.114660831076695
0.00876851114901578 -0.383336731025944 0.112353898044801 -0.0579732114239922
0.316562835890063 -0.211780983942288 0.0973679603043973 0.0226922553044114
0.380259740907761 0.126766986745152 -0.0246250395116663 0.028245842775021
0.228702604360623 0.326485860914189 -0.0673964184140173 -0.0723972356550399
0.0604551919518258 0.292373701580796 -0.0700273670486523 -0.102520737535969
0.219504978138858 0.221536647330716 -0.0613472805875572 -0.102743720857804
0.267415795318877 0.00848948725808194 -0.00664172276906002 -0.0355866997403812
0.150786353917147 -0.223229188235632 0.024408216648314 -0.043695809413462
-0.0398349823314485 -0.276119248627986 -0.00156170978542361 -0.105853228350962
-0.182703726025004 -0.205525369606951 -0.105732931882846 -0.107175188995622
-0.262213160647416 -0.0773192245798508 -0.1721272316979 -0.0506409161895159
-0.267369214217065 -0.0179647136682953 -0.173721897663958 -0.0254831970000018
-0.264786491831136 -0.00300339500031593 -0.179631243231432 -0.0429454483773864
-0.281601849959429 -0.114466130877471 -0.144690092934769 -0.108494912306838
-0.184764103593774 -0.256044307760431 -0.0501638420294702 -0.164123501040227
-0.0149125761440436 -0.338967532917207 0.0758906957203024 -0.115777356903434
0.27893580009855 -0.199967282847094 0.0815032890659346 -0.0348628375597494
0.350687145908456 0.113812774782012 -0.0543586914157147 -0.0231373798223015
0.197063743985985 0.306553717523733 -0.112015361523118 -0.181734000000213
0.0231537369573783 0.213575401939807 -0.0896663068809654 -0.188088839196575
0.149192943849458 0.161698309781703 -0.0774856910498719 -0.0942115274728197
0.18666312000134 0.00199042491529785 0.0345055865034376 -0.0176874328875569
0.090930610915661 -0.151948593143837 0.0936793229107439 -0.0649882707522914
-0.0344765263403327 -0.176969708768071 0.0214960396741224 -0.180469895556855
-0.11933934556173 -0.131796762494822 -0.145128544471216 -0.17701015187942
-0.175000643025672 -0.0508884972048518 -0.245572204931649 -0.0865808832171517
-0.180507368042423 -0.00827654331925002 -0.259511694681139 -0.0333568812579921
-0.181257075053625 0.00462090520465519 -0.265265170690235 -0.0449055014032765
-0.204474686662602 -0.0723369982630944 -0.228356774883273 -0.114438073338304
-0.143345554660309 -0.178749450940699 -0.115994329225824 -0.191370904338099
-0.0180473106379867 -0.251926456233118 0.0353416888854611 -0.151141284030957
0.215609968937756 -0.150111770089441 0.05434931172399 -0.0786800506495908
0.264097688295113 0.0986853266974523 -0.0765373506968962 -0.0715424457842993
0.127703468033401 0.241882370099788 -0.139042804857501 -0.273144990692546
-0.0983977131600392 -0.0832470008199985 0.313295682129474 0.15490320412606
-0.139800605125342 0.0475248623777539 0.142296783530742 -0.0190682603376892
-0.0307174823614333 0.129706059647544 0.00984919385093606 0.0848871647946583
0.0896911817243112 0.0764905928551418 0.0920837799100504 0.156975726944128
0.0957660974838488 0.00363806373457938 0.243737441299119 0.0911524579233949
0.0764668470685715 -0.0279054858014984 0.313730417356845 -0.0635528604472978
0.0597750314334476 -0.0532288229640606 0.291924822735957 -0.162355572668794
0.0466573810592313 -0.0394528481370613 0.259104543767999 -0.164245426322364
0.0498654748236087 -0.0249392682817057 0.270751322576611 -0.105247793254578
0.0749420147563904 -0.00325399604096094 0.254260914839259 0.0242808946516849
0.0694198120877948 0.038287555153804 0.154295366253787 0.157356643044883
0.0273132953426765 0.0839611787288329 -0.0239414004507022 0.160346372887323
-0.073313548550047 0.0598324605273364 -0.0421368394884001 0.0910483240233063
-0.109600882880419 -0.0441140638618634 0.077254191725256 0.0470813552105871
-0.0539772116621519 -0.0895787709798624 0.214599401198005 0.139109732859002
0.0367781470972414 -0.032110139680929 0.328926775192256 0.179759376929943
-0.0110666628965822 -0.01554543403304 0.141610526244009 -0.00480233764612435
-0.00628720285314894 0.0124826279650136 0.0157879807511098 0.103887102701578
0.0069771156155549 -0.0146608634922068 0.0942694189489033 0.178830071341805
-0.0189625461883038 -0.0253025286972688 0.253106277625195 0.103322896785893
-0.0391366173326421 0.00521009579228602 0.312689274792645 -0.0558196789405508
-0.0371686978873942 0.0218965128643137 0.29137886497731 -0.154301247268769
-0.0552536543148372 0.02493698043426 0.259106010935072 -0.164318497364369
-0.0677984582486285 0.00999895948506022 0.264837643481098 -0.116957023979838
-0.0585797972186458 -0.0408592524496716 0.257908850790299 -0.0047565304297185
-0.00982107432150684 -0.0758691268347837 0.186457820553839 0.131431340365696
0.0451726335545553 -0.0489737089623919 0.0203900666281712 0.164535354719019
0.0416102935445647 -0.00652939850735212 -0.0272040325436719 0.117375866609742
0.03179367492466 -0.0201650137519193 0.0561146899817999 0.057707163864961
0.0616873403463135 -0.0206062518207031 0.201502008624636 0.139196440762237
0.162088323909143 0.0387073565494451 0.293497801701231 0.183126820135757
0.136308476743243 -0.0572589515443231 0.105743592209274 2.90614462655916E-05
0.0461506131983123 -0.109289030401513 -0.00902812273481591 0.111051882332865
-0.0653346911381313 -0.126393435106155 0.0627175408172612 0.198053127083561
-0.136342047277693 -0.0706215356468696 0.227767460690773 0.124972509876202
-0.16004781729015 0.0227314019740999 0.27390402248614 -0.0264300739231085
-0.136641167924126 0.0863355121829879 0.251485405876844 -0.11609197444209
-0.149429125787062 0.0868920204092151 0.218460363579571 -0.140913181237305
-0.169850927845205 0.0553421148418361 0.21430502673652 -0.117625162609546
-0.189445305716503 -0.0480698566784189 0.217395991232159 -0.0520020115858356
-0.118349758883916 -0.15876320156476 0.193254007427119 0.059435523608521
0.00776639276326687 -0.182401837096312 0.0874335155349754 0.120772249057203
0.126715314013907 -0.114173736870167 0.0299832599415212 0.122084118782055
0.174923307561583 -0.0266764366130738 0.0511542867208645 0.0761185056969888
0.182695749217871 0.0388962476303621 0.159795232691879 0.123243972838803
0.250090312443435 0.117929678016501 0.214176993693127 0.154207623131957
0.271060396475328 -0.0599799804082809 0.0472398969558054 -0.0094954762127237
0.124871285816091 -0.202066196814022 -0.0464417661312708 0.0888832038383669
-0.0986202607360008 -0.240557735579883 0.00709788906806021 0.182193547622615
-0.229036862726365 -0.135476061389624 0.158242213487945 0.131592902509049
-0.264235448405138 0.0135709863903353 0.192411243306259 0.00859581060313345
-0.2247284086341 0.12611196378805 0.172577549368924 -0.0593358720239306
-0.222322488965407 0.135748584443633 0.145112615855734 -0.0957656305399417
-0.240373637471476 0.105433015327095 0.131208616036324 -0.0976355732075538
-0.294109942262258 -0.0208724328109114 0.135035543788705 -0.0856346999774575
-0.23503615416181 -0.190854054544044 0.150668247047602 -0.0252765487190034
-0.0785662795060308 -0.284648087149739 0.125583776089468 0.0370002549391848
0.163759564060811 -0.23992628466285 0.0899286151829157 0.0853162773083365
0.294987486143023 -0.0641114046910588 0.0517393409334328 0.083459997583262
0.292965754856333 0.082246364085516 0.0887793284924373 0.0914985271637455
0.284846497632628 0.183399467832153 0.106787939814569 0.0975381075815275
0.350059131413379 -0.0240809947074312 -0.016925373733354 -0.0281880076308078
0.201968122185489 -0.232690003426913 -0.0691305862823364 0.0405414352947659
-0.0815653050779253 -0.31508748577974 -0.0424104353751193 0.11505726115727
-0.267579394079619 -0.197408589886598 0.0632227921428357 0.0935422833446024
-0.325274861374162 -0.0173080988814307 0.0761337424928507 0.0256681915067966
-0.281520804920979 0.135670165668896 0.061755157686507 -0.0014604385404259
-0.26324874392006 0.165147011578058 0.0488689782946643 -0.0374565204019391
-0.270521667285412 0.149073873075099 0.02906523608145 -0.053230940513564
-0.350811915597975 0.0265265091953042 0.0270392272717007 -0.0869297173495594
-0.320664975630893 -0.177172226160485 0.0611486965132616 -0.0861039706722369
-0.171072932360961 -0.330906138680428 0.110538048516693 -0.0517816050769172
0.158616064547158 -0.338704891173093 0.111709465949483 0.0207561599336532
0.371010123024203 -0.109362378265111 0.0361289716005246 0.0722404811358377
0.369950011650255 0.110435708581882 -0.00776636767338073 0.0435455800006597
0.267934883139249 0.212962973366127 -0.00335253315344216 0.0242909349814281
0.352255654631102 0.0232564545649251 -0.067990186381689 -0.044815890876758
0.236936329995065 -0.200258874262289 -0.0587505921508109 -0.00933919027716968
-0.0355029909973975 -0.318109226458888 -0.0485574324254618 0.0210250171580268
-0.245331322656139 -0.222944240275282 -0.021187492308819 0.0110829504573407
-0.322921186414413 -0.0474645572517524 -0.0490807675524384 0.0116391643743242
-0.29187139714911 0.1210850544946 -0.0611023632234062 0.0416758312122152
-0.264529016848034 0.168957506766372 -0.0561684173886581 0.0249690987494688
-0.260655271026677 0.169812451051353 -0.0755220452254682 0.0080393332547629
-0.347681664819261 0.0668374698024749 -0.084981973241289 -0.0520629381244016
-0.346391582551411 -0.135670269646887 -0.0452914959062773 -0.10532763586791
-0.224086656065208 -0.318795020291499 0.0550495696899232 -0.111423421106271
0.130853707186537 -0.374596839883736 0.0883236548604247 -0.0386869289386074
0.390072396079686 -0.136331502653982 -0.00376618943725341 0.0503437452771003
0.393100696833168 0.122787821067312 -0.118365546706792 -0.0133127980965842
0.211947416903565 0.204268342390363 -0.0973140301978778 -0.0456897669625844
0.294981343583168 0.0506459135895784 -0.0974765662307189 -0.0456555110591401
0.216697556286521 -0.146016264734029 -0.0208494914740663 -0.0352522297099805
-0.0068556528654847 -0.259353923357759 -0.0114539003560768 -0.0611855409439228
-0.189643184061536 -0.194193036002169 -0.0704261375029761 -0.0851795760977722
-0.26478937075351 -0.054800433328603 -0.155119144449992 -0.0244333098498831
-0.250597665567674 0.0946288124833309 -0.171983842816583 0.067998207384628
-0.224286606003516 0.147363729189291 -0.152735825895074 0.0832418053040691
-0.215481296095561 0.158510531622746 -0.168486499292224 0.0720842511949205
-0.29630027464297 0.081018183496266 -0.180400748149633 -0.00092626909270446
-0.308810873035138 -0.0936024082657857 -0.139345968920411 -0.095328798094905
-0.217369887099742 -0.267951371989206 -0.00922410420360565 -0.135256354830269
0.106578158728408 -0.342133011154063 0.040556820085712 -0.0743542628748262
0.355490825132538 -0.126060938337139 -0.0590475241571031 0.0270766918586239
0.35328634507269 0.125021078417593 -0.221440195046383 -0.0740544366226084
0.137036011045459 0.160757752652424 -0.169612383616115 -0.0980785567326506
0.207064816654414 0.0431467741102753 -0.108476245003731 -0.0281293913217637
0.149141467454923 -0.105665489630257 0.02129522475317 -0.0420693624445967
-0.0139482387650813 -0.170477537453742 0.0325487642353693 -0.116008432557371
-0.129346456602306 -0.118737832589061 -0.0953900246608782 -0.156592000377242
-0.17200828320635 -0.0327067955793348 -0.226084042194357 -0.0544427781923261
-0.166338900317824 0.0649983501195094 -0.250574438296643 0.0832294620195596
-0.149207431064318 0.102648241483335 -0.225274166637628 0.129392892648988
-0.144269004165535 0.114394061020999 -0.237302840417267 0.1238503029317
-0.207923263366086 0.0673402229393108 -0.250459884247386 0.0458970921884563
-0.22705972381198 -0.0568670440167759 -0.20759360644712 -0.0777600869910604
-0.167752439708873 -0.195727049044799 -0.0632890508388533 -0.140086668528443
0.0841560395021413 -0.259946821798495 -0.00742553530655553 -0.09291130757524
0.275285218052027 -0.0846365936051476 -0.107501381007943 0.000454965765750603
0.255113077909775 0.114826941438826 -0.296222615607895 -0.132771445930417
-0.0991734567656841 -0.0827198292025496 0.315155470997829 0.151243346190153
-0.138870604838639 0.0494799337755194 0.142009996987367 -0.0209392347552052
-0.0292950316717902 0.129571043884459 0.0100968750232253 0.08474725339744
0.0907022978384387 0.0759148330445863 0.0932364303043 0.156424814614072
0.0959519587240759 0.00267747517473108 0.244538591345006 0.0889757687586109
0.076543966472133 -0.0285110583609637 0.31329798961074 -0.0665417239772986
0.0589941400567234 -0.0539380262663871 0.289077957805957 -0.164914748861713
0.0462958640551494 -0.0395687793432516 0.257634556980154 -0.167715186611856
0.0494993378229804 -0.0257590187481533 0.269369119937738 -0.108418099248914
0.0748492894238712 -0.00418275448363826 0.254818104732913 0.0211572745494076
0.0697536122715953 0.0371243990505923 0.156166829956299 0.155331511008672
0.0282969452095181 0.0833574356224255 -0.0224856953788912 0.160791567381539
-0.0732071094872776 0.0608200804284649 -0.0406813986069701 0.0917838698614152
-0.110062218115441 -0.0425782468377729 0.0779825618105066 0.0459033763596437
-0.0539607674639344 -0.0888380454611498 0.215779740000925 0.136219773747316
0.0365594486594757 -0.0328188032547918 0.331766805893128 0.177988610325534
-0.0113319760376105 -0.0158057417258844 0.140313019122852 -0.0068154260981964
-0.00597002634220615 0.0126502583848365 0.016851217488652 0.103374414935471
0.00705462758496278 -0.0149873197205665 0.0953635332194579 0.178428140063773
-0.019074968365155 -0.0249512080868929 0.254289797061448 0.101185956980198
-0.0387509834407021 0.00584203621288899 0.311913115627693 -0.0591094566591709
-0.0369286838714301 0.0222674844353129 0.289983077854246 -0.157113713193211
-0.0548906972266343 0.0255675090370027 0.257370669079966 -0.168127647538444
-0.0676294446190262 0.0111032504247241 0.263731529928514 -0.119879325957555
-0.059644112387973 -0.0403821557934267 0.257624343413241 -0.0086360933277809
-0.0108798458381396 -0.075960407546056 0.187815449971647 0.128671369212951
0.0443003295239097 -0.0493736259914043 0.0228957376561246 0.164233661511725
0.040823016687166 -0.0068436012295275 -0.0258568851780714 0.117370171303254
0.0309149024146496 -0.0200448645669529 0.0564050149932658 0.0568354584834192
0.0619123735857214 -0.0210200789193691 0.20226202648609 0.136812128064858
0.162041166230407 0.0376105652665284 0.296423037773984 0.180065622148
0.13515692948527 -0.0589467113617226 0.105147886710071 -0.00197013546531497
0.0451491736629284 -0.109746248663794 -0.00787460180977629 0.11078102912854
-0.0665972118503529 -0.125703895050352 0.0649760055761037 0.19723542013481
-0.137119875781074 -0.0694091899709162 0.229273788222869 0.123158393881921
-0.1597680952192 0.0249565620764856 0.273698528029798 -0.0291582423929457
-0.135588433610034 0.0886307223730849 0.25044983442903 -0.118658624103683
-0.148169159392554 0.0884054879397237 0.216917734323539 -0.143565479103919
-0.169055434510647 0.0572122274564236 0.212943808593186 -0.120495698086599
-0.190341399762023 -0.046161851926754 0.216824428099108 -0.0546853493425865
-0.119839576488763 -0.157560542511603 0.194283624574476 0.0569958384202369
0.00633451152028272 -0.182411350561868 0.0882563894653903 0.119906620129698
0.125763892950493 -0.115377338151453 0.031563289345079 0.122233215146045
0.174975455361716 -0.0285321234683425 0.0517757898115335 0.0757244570674792
0.183083529040586 0.0371334970524445 0.160678561038678 0.121354503536439
0.251410915068486 0.11508725041695 0.215865827188304 0.151921693186195
0.270018632110325 -0.0635602449872335 0.0464026332521562 -0.010784097299711
0.123281482022947 -0.203218585642802 -0.0458000130480919 0.0885213466821026
-0.101864166717835 -0.239196266276253 0.00791065580502512 0.182498145178778
-0.231242149753445 -0.132273630805171 0.159783525920431 0.130364803166137
-0.264384170689851 0.0172964284701139 0.192813467211696 0.00673599267209157
-0.222885010506009 0.128695527647089 0.17207973751863 -0.0608648552174976
-0.220199244600609 0.138927832296358 0.143826172136472 -0.097955050563179
-0.238787453771833 0.108228449253276 0.130144964841712 -0.0991609649249497
-0.295019523905621 -0.0173131252901237 0.134375433456163 -0.0873474610761318
-0.237197651897694 -0.188404732506308 0.150217488463625 -0.0273026852949653
-0.0810593364418917 -0.283683026201508 0.126555748077356 0.0351855627700709
0.160541206454304 -0.241012287727992 0.090739858289246 0.0842344645662606
0.295028366600274 -0.0672056886519834 0.0525282815036262 0.082885174967239
0.293352103972024 0.0800656484527205 0.0898193259481171 0.0901337573544894
0.287431399462164 0.1803075561484 0.107585332598724 0.0958664446183651
0.350218510955499 -0.0277828623268525 -0.0181166815206828 -0.0289398989844312
0.200076939927058 -0.234235404948426 -0.0692769803039878 0.0400819899619518
-0.085006115168311 -0.313664599971891 -0.0414409283367018 0.115743380757301
-0.270597518705558 -0.193129784113389 0.0637911585241589 0.0927825503984997
-0.325256417249473 -0.0130949451512512 0.0762820418923144 0.0252686514104603
-0.279885812033943 0.139194945276704 0.0624941423485731 -0.00218963869979254
-0.26110634006103 0.168144730611185 0.0476234415504295 -0.0384342277410275
-0.268208457174179 0.151858862182813 0.0288990787729522 -0.0537979783134414
-0.350321852507483 0.0300524599441447 0.0254223659896715 -0.0874238249265036
-0.323428538470222 -0.173141757008324 0.0609096550310752 -0.0871611956931632
-0.175769679478233 -0.328468338229796 0.110167069804966 -0.053959136484742
0.154304243429026 -0.339436108731486 0.112161282200562 0.0196519598036787
0.369833602892446 -0.113572007653374 0.0370180851025212 0.0719128874013598
0.370883418451948 0.106140665882865 -0.00747721789178225 0.0439954291632484
0.270642507678459 0.210759552507918 -0.00344027522203027 0.0243969475653766
0.352793500853402 0.0195752622063352 -0.0690060385363684 -0.0451749629971955
0.235490967798315 -0.202130340097168 -0.0590144033276742 -0.00977396574506137
-0.0387652332158231 -0.317494919753579 -0.0491313890027282 0.0212731976296308
-0.248046053072143 -0.220142680335485 -0.0217900143860662 0.0111096194873543
-0.323264202145055 -0.0447257014506759 -0.04923707924574 0.0123266804318866
-0.290302731151943 0.12470217802429 -0.0597241640840789 0.0432300146105494
-0.262756131585426 0.172388257660037 -0.0566746320833005 0.0256567108671128
-0.258571492439908 0.17297512083507 -0.0752066176573978 0.00805982856874628
-0.348034363951026 0.0707527567381865 -0.085822127968138 -0.0514441778511852
-0.348465631439366 -0.13157563426095 -0.046387959074446 -0.105917834768042
-0.22796953279913 -0.31521234290997 0.0541847994105721 -0.112869423261516
0.128250269765585 -0.374592186137977 0.0879028860160695 -0.0394743068069257
0.388950441335765 -0.140648362433555 -0.00423535715506784 0.0508413389548152
0.393994933352587 0.11882084246562 -0.118708191941574 -0.0121104718915579
0.214318507994258 0.202253951387208 -0.0986017635569767 -0.0448402536732801
0.295982451188138 0.047448678328286 -0.0988407162187242 -0.0441064310223119
0.214924885568846 -0.148708546294157 -0.0209681436957303 -0.0356547744580991
-0.00924730149314719 -0.25919325634369 -0.0126455726601839 -0.0616050267506807
-0.191518175630633 -0.191330318883209 -0.0719692587092563 -0.0849425687499991
-0.265321069765515 -0.0514721642053142 -0.15617142902219 -0.0225822195760384
-0.248630508069199 0.0978678097020592 -0.17052422722793 0.06978914041008
-0.222060849096034 0.149681391640967 -0.151993066781169 0.0856668436476675
-0.213999852825007 0.160499001839385 -0.16681886906687 0.0734824491432397
-0.295053853503499 0.0850616937027401 -0.181168820961888 0.000751722417526174
-0.309444507869096 -0.0903386381957587 -0.140269542093232 -0.0945054544549152
-0.220797452756978 -0.265216831017123 -0.010431518785668 -0.136292938343312
0.102979194664538 -0.343443672549461 0.0398707199222513 -0.0746277446383412
0.353560763223482 -0.130441743905265 -0.0593531381890917 0.028452136778405
0.353313220836781 0.122341532706845 -0.22219892376659 -0.0717528704684293
0.139118938919304 0.159133026109146 -0.171072675171928 -0.0967560870293082
0.206946186913542 0.0410096661744164 -0.109046201577324 -0.0266851438597367
0.148582203947969 -0.106893910062581 0.0202810040144855 -0.0428295635070508
-0.016128760360016 -0.169870076504763 0.0316282253935296 -0.116975710791729
-0.13123303934759 -0.116701670023957 -0.097372032252439 -0.156034200876304
-0.172853884103157 -0.0308565439003511 -0.226877646948384 -0.0517559779198211
-0.165727453247155 0.06710449417721 -0.249861483495312 0.0856670853764664
-0.148286866712445 0.104567138145075 -0.224134835828556 0.131753778306081
-0.14345504672125 0.11551594263063 -0.236283627330145 0.126368904050806
-0.207881551048641 0.0704813873658549 -0.2502440791443 0.0482564805388362
-0.228092019835271 -0.0540611570680046 -0.208991119274201 -0.0758767724503066
-0.169979897285371 -0.19355645820165 -0.0645031455457559 -0.140309996821001
0.0809742360822357 -0.261330968063327 -0.00856783643158967 -0.0931162765493398
0.274626926504573 -0.0876433375327451 -0.107565789169098 0.00199472469007281
0.256175773321214 0.113579358174304 -0.298038212808731 -0.129167594978308
-0.100290185717156 -0.0817404232488508 0.317340303595899 0.146841900769596
-0.138659859205392 0.0512184353436987 0.141433938458799 -0.0230563311920447
-0.0278072005110706 0.13012220009829 0.0112222418078118 0.0852459245417573
0.0914978799149942 0.0743983914326435 0.0945981439957173 0.155483785134638
0.0962184883735326 0.00126473596856712 0.245969824812465 0.0867689767280902
0.0764741925170629 -0.0293994087326211 0.312879079665468 -0.0699336822270629
0.058033363713019 -0.0543590407542795 0.288476159717006 -0.168958171305814
0.0456581667481664 -0.040680440581238 0.255657274830575 -0.170557442315833
0.049235928915911 -0.0259567739483579 0.268204226056201 -0.112307851454743
0.0744329996022527 -0.0055540890672458 0.254948780888574 0.0172225512536696
0.0704730567856799 0.0363752057301621 0.158218933008361 0.153158807604164
0.0299558991635085 0.0835995245973273 -0.0206114787579054 0.161579795367426
-0.0726013795965875 0.0621054427729055 -0.0388592479341403 0.0921602166466374
-0.110824451686886 -0.0409372354718929 0.0781523326243811 0.0438628863052359
-0.0553015645100427 -0.0885759347255555 0.216920080268893 0.134051548516697
0.035882174155718 -0.0335919507895627 0.33454905704937 0.174167169111207
-0.0117859684468547 -0.0155021505663951 0.140229467211902 -0.00930171307550664
-0.00557583723069928 0.0126924014009451 0.0177823727888136 0.103359761466734
0.00673333598021343 -0.0147209794869324 0.0971432954671254 0.177300098077749
-0.01938424926007 -0.0248051010866403 0.25633546203378 0.0985892866648864
-0.0387061467827663 0.00667260151943132 0.31160009578279 -0.062735956656975
-0.0363813358898845 0.0226896522508994 0.288580344694075 -0.160860693685653
-0.0552508488316082 0.0266656787689135 0.255052329423937 -0.171318224567571
-0.0676511122332493 0.0122206836990776 0.262680006733338 -0.123633602727648
-0.059894600956295 -0.0396461449394216 0.257627038262465 -0.012086233857127
-0.011823056226117 -0.0756939586184835 0.190480928514121 0.126111328450138
0.0441600970345455 -0.0497716274517947 0.0249412027256852 0.164064333631108
0.0409002318302181 -0.00725898977187045 -0.0236942850441395 0.118355487246329
0.0308509606637963 -0.0205194034910074 0.0574709917745382 0.0554290472529671
0.061453942273242 -0.0211651601813269 0.204083284294235 0.13451841923853
0.162786393150442 0.0355358752283074 0.298105524266107 0.175611381928333
0.134573412813131 -0.0611032531608258 0.104877917603446 -0.00426045351609976
0.0443048730635206 -0.110534378401452 -0.00685703879127069 0.110059564158173
-0.0684960268165378 -0.124476316216524 0.0668732542688832 0.197190112196073
-0.138186802029062 -0.0673969447100853 0.230342315200902 0.121255289455012
-0.159236151546214 0.027770486979058 0.273497335067245 -0.0320519184021944
-0.134858582680445 0.0899441976502149 0.250539760505694 -0.121294895773429
-0.146882991892717 0.0902084766933309 0.215396651900059 -0.147596440034553
-0.168399649767971 0.0594832814263766 0.211720532478018 -0.123324991408132
-0.191107838881916 -0.0434549076636488 0.215921864905449 -0.0575013630527935
-0.122625516812596 -0.154914252411906 0.195701853733108 0.0538439526066046
0.00344704452851646 -0.182781712287696 0.0903356636247449 0.118748073398319
0.124617610979681 -0.116631718218128 0.0331613942446968 0.122368749706215
0.174585423300546 -0.0311580355993358 0.052506208943705 0.0746490745041429
0.183651430813054 0.0352372319683947 0.16237504972401 0.119175057368019
0.253570223329143 0.112484589966974 0.2173791552185 0.148801753149208
0.269026735366861 -0.0665953543426406 0.0456227543800618 -0.0121627853319407
0.121394966121967 -0.205154182780701 -0.0452926202704211 0.0887198277317086
-0.103940002000036 -0.238479243724361 0.00955876976095955 0.182238999859282
-0.2331384320538 -0.129543161514839 0.16157546352036 0.128551151822273
-0.264711182305488 0.0209461027970934 0.192857913892457 0.00498115157291818
-0.221712267409511 0.132093870087864 0.172177105790945 -0.0632126871941179
-0.219291568157269 0.141538818164023 0.142808665853683 -0.100152365853729
-0.237361649674004 0.111411683781658 0.12943991544038 -0.100940375572117
-0.294634614903325 -0.0133402406019073 0.132637294400088 -0.0896635430499486
-0.239907219863661 -0.18493004336392 0.150594375702051 -0.030077183314953
-0.0856472211008583 -0.282295571564588 0.12737745328213 0.0334229008301063
0.158481610621253 -0.242815653156651 0.0920098132176009 0.0838342203795257
0.294501627768769 -0.0712326794048558 0.0533240499207705 0.0825884283825698
0.294272861823684 0.0771703162121341 0.0911369967600727 0.0890063638001646
0.290056933269052 0.177226506001349 0.108470545934408 0.0947206617274311
0.350376698946043 -0.0328948509085529 -0.0189889253960272 -0.0296999405624468
0.197709022194233 -0.237091220804115 -0.0689352218660453 0.0397396179666228
-0.0882657692126151 -0.312413482289703 -0.0405281825118379 0.115887028556697
-0.273191327759787 -0.190133312287315 0.0638259908012704 0.0920528979240863
-0.325821395066002 -0.00777466150427582 0.0765315892712287 0.0252692477109059
-0.278460878530178 0.142676029512309 0.0631220626032602 -0.00271656608881169
-0.259097138834563 0.171764578267957 0.0476063617752581 -0.0390052544093286
-0.266790646271358 0.155646330216783 0.028001880492014 -0.0548894713000178
-0.350198547742786 0.0347953641429275 0.0243466241211609 -0.0883138534340782
-0.325353115146153 -0.168607473908458 0.0597559652912598 -0.0888577341324359
-0.179004880601856 -0.326286703173136 0.109931082697421 -0.0562959237907283
0.150160319643265 -0.341016356134739 0.112634471699721 0.0182122963001551
0.369404223560686 -0.119258557369498 0.0373748168292146 0.071915037842688
0.371402107802344 0.103263746533049 -0.00674971076525644 0.0437525340073085
0.273899747987635 0.207927750820787 -0.00343336069524612 0.0243126319092738
0.353365600131187 0.0148634512143 -0.0703331789449681 -0.0441484437164222
0.233002506587826 -0.205477139147618 -0.059365668753518 -0.0101234428902157
-0.0428793950478605 -0.316759274300379 -0.0488932591319004 0.0216511774917939
-0.251664087677634 -0.216662865839597 -0.0223290317704104 0.0105431482082639
-0.324267185824754 -0.0393874187330376 -0.0492409898325321 0.0135255585808095
-0.288367510762964 0.128762469874947 -0.0588802287450325 0.0437179673573935
-0.259759688158095 0.175645713354048 -0.0560737300224791 0.026393327096034
-0.255843341588422 0.176013153657876 -0.0752636152647429 0.00887218734194557
-0.346756707042054 0.0752526558076956 -0.0869986735499447 -0.0511693232207213
-0.350334714184908 -0.127207492659132 -0.0480703652451398 -0.106310906003857
-0.23154928212704 -0.312901611128018 0.0528759839069673 -0.114632693706121
0.122154158552652 -0.378182725206615 0.0876490571473542 -0.0404092247562281
0.3870224227611 -0.145560835573036 -0.00324837289405642 0.0514593175293187
0.39534189876523 0.114612067826025 -0.118512373724316 -0.0110631728909254
0.217119533771642 0.200379586245383 -0.0997449542807442 -0.0438929246451614
0.296568003820762 0.043441633060725 -0.0998436330234555 -0.0428566937673785
0.213513729065533 -0.151076625089387 -0.0218070655757986 -0.0360948075360029
-0.0123281295183779 -0.258672584650013 -0.0132488324603236 -0.0621348620002211
-0.194911400716148 -0.188550300896772 -0.0735658202829547 -0.0848850178739856
-0.267151361264805 -0.0480405347854947 -0.156991265497968 -0.0203169338218123
-0.247779332477569 0.101089697682359 -0.169259031136216 0.0725416394169041
-0.220005206310336 0.153025938955059 -0.151326681762801 0.0875935650419577
-0.211589794273668 0.163345559929294 -0.165944646879104 0.0757060992481002
-0.294701729796719 0.0893926585281858 -0.181241120372084 0.00335696928524162
-0.311377475101807 -0.0857123373435885 -0.141702486579027 -0.094166686539956
-0.224732460238856 -0.262263635344667 -0.0120870417403499 -0.137405930673283
0.0993642111246946 -0.345078682929606 0.038878254411301 -0.0750486289276039
0.352984809178346 -0.135313387835052 -0.0584359007337621 0.0298578726510155
0.354812254394914 0.119153539651957 -0.222940519102829 -0.0692597649492049
0.141273287437123 0.157859148247065 -0.172256321837209 -0.0940011644798675
0.208027187405332 0.0384940983312264 -0.109165753956299 -0.0255653784858639
0.147521449878476 -0.108688748036214 0.0194388301421301 -0.0434497140222444
-0.0183863546792494 -0.169855158360258 0.0294937214896559 -0.117483348858224
-0.132558288958377 -0.114881985049502 -0.0994385468696401 -0.155543056814907
-0.173473569478979 -0.0284221206294814 -0.228653793623949 -0.0492703460380264
-0.164540582564431 0.0695704311121911 -0.247739712926639 0.0892484319837608
-0.146476570534137 0.107203843148984 -0.222433090220964 0.135240060838634
-0.14141253385799 0.117025058082849 -0.23530795981979 0.129443111689368
-0.206737040315513 0.0730486693834768 -0.250513403564111 0.0513607025088659
-0.22952213046317 -0.0507130027737536 -0.210051888242568 -0.0738438347319147
-0.172966085467209 -0.190480533353884 -0.0663198784062633 -0.14106315539165
0.0785804971524759 -0.262254437263298 -0.00985197802773651 -0.0930489556976004
0.273331503421568 -0.091192555816054 -0.107298576023838 0.00402778297277177
0.257688036435042 0.110568566865555 -0.299003626108089 -0.125524190571667
-0.101919565180558 -0.080711108288331 0.319971503948243 0.14289700905419
-0.138112585259625 0.0529905962640691 0.140827169011812 -0.0255614524587638
-0.0262563211041493 0.130672272134233 0.0116702406621802 0.0851894344767242
0.0930659231098969 0.0731563728010434 0.0968652223789769 0.154490208780928
0.0965111924557578 -0.00024439016085442 0.247686534792567 0.0842028705696433
0.0765424286206304 -0.0307482387037998 0.31267665954118 -0.0749220962421761
0.0576919442888723 -0.0554254684228347 0.286070058395935 -0.173929262088355
0.0452600578671729 -0.0406921109315558 0.253630351346491 -0.174882859268814
0.0488407037626417 -0.0265670754302061 0.266917122846404 -0.116265324455178
0.0746041411102595 -0.00641069367075595 0.25545247147416 0.0138284327852109
0.0712529505063239 0.0351484847848955 0.160413153524721 0.151210116165776
0.0312310482101877 0.0829622797900992 -0.0183213058284129 0.162566073213687
-0.0717182623092606 0.0632653327162041 -0.0373592714192129 0.0929771913270635
-0.112013125330283 -0.0392558978324915 0.0789432213515611 0.0428583349916596
-0.0555772449535199 -0.0876344857843489 0.218371055658914 0.131717145685413
0.0354475595375246 -0.0338786968266538 0.337627299555397 0.169752731110362
-0.0122904566418324 -0.0152101599293211 0.139825237504522 -0.0118975836350342
-0.00536933921393899 0.0128065380420449 0.0189856470247714 0.102942292354034
0.00652081345691551 -0.0146270217252348 0.0995950864556224 0.176617569939679
-0.0196710898669621 -0.0243030952174799 0.257901376887123 0.0956042784500228
-0.0384038065521995 0.00754998154171232 0.312117227577962 -0.0668841210834683
-0.0364332656136966 0.023441034982082 0.286464494200417 -0.165456502398008
-0.0544574570820626 0.0274796894848755 0.252765594789661 -0.17523083012698
-0.0674817502971144 0.0134610331644515 0.26122205551411 -0.127882593665808
-0.0605980333238041 -0.038764067203647 0.257904120387505 -0.0161846464447015
-0.0129530064215406 -0.0754677833885397 0.192246630460433 0.122683138680921
0.043636653864015 -0.0502657864740098 0.027391748751982 0.164314996494583
0.0412304597033882 -0.0072540193456388 -0.0218050858973128 0.118490877776403
0.0303749538605194 -0.0207454595685447 0.057832230046566 0.0541396319189601
0.0615543960627371 -0.0217858910523076 0.205746158711043 0.131431790162194
0.163435115079874 0.0337907306240067 0.301007117867577 0.172214352730392
0.133676885986787 -0.062951915523925 0.103470412783688 -0.00611676083960651
0.0426901159882978 -0.111158054013324 -0.00557949957652477 0.109924859945299
-0.0704809482227757 -0.123333645790934 0.0687772231974949 0.196667330472347
-0.139436094986888 -0.0649649022492153 0.232270676215878 0.118928235512926
-0.158917380536994 0.0301058409141237 0.273678560044873 -0.0354520156584177
-0.133245051322724 0.0923510523380653 0.248192361813513 -0.125022821409655
-0.145941322171851 0.0923328975218551 0.213560961687982 -0.150377678784525
-0.167360046559266 0.0623974243144335 0.210693548648983 -0.126832827483942
-0.192500321226924 -0.0402157664119721 0.215063558371637 -0.0617922751522997
-0.124404489396061 -0.154166649070792 0.196868935045275 0.0505831458480034
0.00127816203498088 -0.18243235484902 0.0923509217033392 0.116735280556973
0.123176262431044 -0.118429015923616 0.035854807105162 0.122130578401155
0.174260622332229 -0.0340451348670817 0.0530525746519141 0.0740416621007198
0.184661820365492 0.0336904565277841 0.163962038027773 0.116662454204724
0.255449749295597 0.10921419499455 0.219371820910674 0.146055037175406
0.26788987815183 -0.0708864647911311 0.0450062544062304 -0.0133089605827741
0.118677734674386 -0.207020357026001 -0.0442336572188183 0.088058923639506
-0.107873227795598 -0.2365769195827 0.0118843270909891 0.182279016181224
-0.235541100322283 -0.125745926404035 0.162901788131987 0.127252298125522
-0.264743907719685 0.0248776544493571 0.193207957397937 0.0029217329446121
-0.219757116826307 0.135879489826024 0.171848410693662 -0.0655432647578444
-0.216556764465463 0.145548453033173 0.141689005639458 -0.10230932391804
-0.235648922037202 0.115107025253589 0.128812492888736 -0.104084780773319
-0.295410548612791 -0.0088776353962774 0.131374897346532 -0.0921016585642098
-0.243541940318052 -0.181451920905089 0.150729689035733 -0.0328463938795093
-0.0889561584569334 -0.281208958649875 0.127874773965942 0.0308536934373736
0.154800120870791 -0.244803495311249 0.0936803992525464 0.0830482377670455
0.29388727596371 -0.07553949221022 0.0544436972982476 0.081911763345673
0.295081261760419 0.0730494728075919 0.0920181457859222 0.0874745213305092
0.29338695536069 0.174303433582519 0.10961683619104 0.0934859938513383
0.349480309301125 -0.0385018094972856 -0.0202076729598814 -0.029857404789236
0.194721237107793 -0.240338473138515 -0.0692451535246293 0.0396012148752026
-0.0933443247912968 -0.311876963775262 -0.0393980800052781 0.116573728302061
-0.276779300836984 -0.186103369177863 0.0651702428572829 0.0912195328356386
-0.326161050657914 -0.00307787962601648 0.0771659528690715 0.0247679437961574
-0.27592656539772 0.147217176637215 0.0641309355250017 -0.00344869872271115
-0.257079527046073 0.176113643378988 0.0469878492311851 -0.0397429993850389
-0.264740821596165 0.158651422882683 0.0279515456825599 -0.0553795966848016
-0.350123567805003 0.0410627635256219 0.022743615464878 -0.089228019982702
-0.330589015506753 -0.164418481222629 0.0590355647910902 -0.0906971005453274
-0.184343972084183 -0.323782980893875 0.109953056339364 -0.0586450211815552
0.145785527522506 -0.344177859055194 0.113547533234477 0.0175128942815929
0.369089843883822 -0.123717302410519 0.0379146758661811 0.0721601986494256
0.373104934933004 0.0994031367633183 -0.0061240646046531 0.0436085880359136
0.277296883814784 0.204880831474087 -0.00357314585900552 0.0241341810270262
0.354724388168031 0.00965545509955185 -0.0715717936558281 -0.0436325612666641
0.230953966899488 -0.208733904069901 -0.0600430052172809 -0.0102944098654599
-0.0469508127024171 -0.316317720184068 -0.0491408874333106 0.0220824458820432
-0.254755578545419 -0.213603317245288 -0.0229217919981513 0.0103771799053408
-0.325975151216369 -0.0351035883501588 -0.0494117001050036 0.014489270802252
-0.286787175908077 0.13329918052255 -0.0575997543704118 0.0447048224308858
-0.257505126099633 0.179886659572052 -0.0559838014991155 0.0275263335560926
-0.25340329172194 0.17978039595622 -0.0747916365810829 0.00944470282892387
-0.346558356135077 0.0813906738456944 -0.088151730960539 -0.0503213709695522
-0.353006889647665 -0.121684740932907 -0.0488758326189551 -0.106170830617237
-0.236872968772038 -0.309396397489147 0.0519090241460335 -0.116395701941258
0.118144720431701 -0.379183589025771 0.0874811643471935 -0.0414957493200936
0.386990287779568 -0.151394908045338 -0.00315098886770263 0.0525036504694952
0.397563366568674 0.109865845218488 -0.118991745499599 -0.00887247753608849
0.220574107269189 0.197539599969786 -0.101000107727814 -0.0426701166489087
0.297121518644659 0.0390269436462578 -0.1006005683217 -0.0421642911367609
0.211869876884339 -0.154077512322505 -0.0228991122884114 -0.0367949195144965
-0.0159910359351657 -0.25867290854737 -0.0143844790868525 -0.0623386785705453
-0.198097785802704 -0.185705071069693 -0.075240852732488 -0.0844957984223787
-0.26801525116302 -0.0434957973445491 -0.157230007939199 -0.0180117521669587
-0.245969059906899 0.105543578202928 -0.167615689874587 0.075097372946671
-0.217874691701391 0.156951468854002 -0.149876119025106 0.0904207150787225
-0.208813144949747 0.166312020520078 -0.165493657434845 0.0780402319540964
-0.293572147252795 0.0933743938776063 -0.182052116171894 0.00547379007610454
-0.312855128661606 -0.080925751068302 -0.143015007489559 -0.0920867078414601
-0.228164805030314 -0.258408361195707 -0.0137118548213401 -0.138305040123629
0.0943497124923596 -0.347211477198224 0.0379618441169124 -0.0756733920294709
0.351918812262828 -0.139526431674738 -0.0581265863252073 0.0307915986622445
0.356365349581166 0.114899379627196 -0.223461967654164 -0.0658762429530448
0.143713094736646 0.156472932526263 -0.174390331594028 -0.0915420033209967
0.208450346204947 0.0354260843273992 -0.110005946668291 -0.0241719730356318
0.145749188475758 -0.110948233052571 0.018785667464839 -0.0434414496117129
-0.020905402455939 -0.169969325157616 0.0285670060820817 -0.118361399266431
-0.135351504849898 -0.112662478880911 -0.10252407829793 -0.155090693213389
-0.174599864876936 -0.0258621511437644 -0.229509262129895 -0.0457821908837716
-0.163344891559557 0.0716379479980822 -0.246314238407581 0.0931899142896678
-0.145052699699811 0.109593260425632 -0.22068837473324 0.138934412642449
-0.139701075843143 0.119165646657447 -0.2336334380362 0.13278060731146
-0.205516837237565 0.0768152108929351 -0.250625604225938 0.0545720079050014
-0.230163409113342 -0.0471355211181096 -0.211087191063621 -0.0714555460116642
-0.175974150864166 -0.188741415737674 -0.0685807065196868 -0.140611690539064
0.0746351230498644 -0.263466440657578 -0.0111335292327624 -0.0927918440260573
0.272931547794483 -0.0951635818771759 -0.107123635182011 0.00606576268856326
0.25847393058936 0.108223907567883 -0.300518321217865 -0.121924230725598
-0.103066305199564 -0.0791880616582762 0.323397754658718 0.138098562777317
-0.13710948465749 0.0551006636329175 0.139931771106598 -0.0279100679786286
-0.0240770151124817 0.131270582683945 0.0129785686121876 0.0850272808915374
0.0943427941679402 0.0719645925155261 0.098625973955213 0.154090932370698
0.0966662242158217 -0.00149816544812188 0.249672751230534 0.080923901157889
0.0762901439959942 -0.0319440417552237 0.311767782063133 -0.0797263248439008
0.0561309113906746 -0.0559500382734345 0.283023971197614 -0.178459167382942
0.0445784557894141 -0.0415289763022604 0.250950976027806 -0.179302182109025
0.0482557472317177 -0.0270704749082746 0.26567362178604 -0.120744124281667
0.0744722676001659 -0.00810618938071303 0.256526252472264 0.0090046175361471
0.0714454549259899 0.0341225715153619 0.162884520518165 0.148919085416299
0.0327146960951272 0.0828628581795646 -0.0156308355738147 0.164073103621811
-0.071200848785306 0.0644088122704011 -0.0351530370899404 0.0934740261428336
-0.112835330958479 -0.0372349857060273 0.0796835716989188 0.0409406429724459
-0.0565866641388434 -0.0874710402034133 0.220336951303459 0.127931604064264
0.0350471335490259 -0.0343258101513834 0.340395689758463 0.164260041384196
-0.0121836222754663 -0.0150965788940344 0.138935037366898 -0.0142269743725576
-0.004783317113854 0.0127963026512783 0.0203235839226791 0.102503240411792
0.0062919354582131 -0.0149183641890961 0.102279096878838 0.176029370261111
-0.0198216111987496 -0.0237044126091288 0.259653453409102 0.0926800988340944
-0.0382258562340947 0.00804796639066704 0.311033008280742 -0.071223299068352
-0.0364475325260679 0.0244423545340837 0.28462564094678 -0.170269385760853
-0.0537786363222395 0.0284579952731326 0.250692610008419 -0.180350618768758
-0.067428725636296 0.0146504589771712 0.259427988234165 -0.132383310662681
-0.061499849691336 -0.0381025908524872 0.257425783440641 -0.0209462743503086
-0.0144553324627463 -0.0751089941228348 0.194549634071705 0.119671725626208
0.043237387220285 -0.0509313325013482 0.0298867154705154 0.164270887447766
0.0411580996599863 -0.00757266678668149 -0.0193798112414396 0.119383588986357
0.0300366936245062 -0.0209533141667839 0.0587650249543865 0.0527784784984882
0.0620077271677445 -0.022820968359563 0.206936154808835 0.127813044083514
0.164531914951396 0.0313061246693367 0.30431294222361 0.166962915952499
0.132705937617305 -0.0654289216579418 0.102907179341424 -0.00819939685185343
0.0414634675715519 -0.111888276841754 -0.00440036936311769 0.109720851249054
-0.0720715239574708 -0.122205282434581 0.0719425246575836 0.196375337329616
-0.140799134207518 -0.0628829204344185 0.234701145718815 0.115573429089381
-0.158199151915038 0.032737948038472 0.273446122232883 -0.0395401831886786
-0.131917256806145 0.0947910824305871 0.246737448476168 -0.129566358104087
-0.144272114814014 0.0949143702584187 0.211307911117488 -0.154152645830289
-0.166643029408008 0.064858339482968 0.209092237046157 -0.130866338962889
-0.193173834855037 -0.0375912227059363 0.214337812015369 -0.0654190496535679
-0.127278271083001 -0.151395328986554 0.198373501218949 0.0470802183851924
-0.00151704481064353 -0.182515579839637 0.0949755348409729 0.115650318652634
0.121269230213902 -0.120064505697896 0.037759571240039 0.122044017329577
0.174187907225357 -0.0367622087654092 0.0540190000387713 0.0733337943694947
0.185272806514033 0.0309853071812611 0.165809843912101 0.114200316179987
0.257977086978995 0.106345844279342 0.222077973658795 0.142908912192329
0.267673567725532 -0.0756112385675826 0.0436525819557232 -0.0147837341665786
0.11571852751105 -0.20931279654984 -0.0436961478380138 0.0883009867052173
-0.11183645127402 -0.235038087403465 0.0144638736908647 0.182534937146108
-0.238282524115717 -0.121867153942569 0.164659659657795 0.124919656299868
-0.265131508979067 0.0296012505723238 0.193553684424667 0.000139496333838859
-0.217622574030622 0.139235839337145 0.171925694364209 -0.0680757890266541
-0.215057014600205 0.149020926341185 0.140087761319672 -0.105029007531481
-0.234391211266592 0.118925687315995 0.127287427243103 -0.106361701459854
-0.295977700999072 -0.00383662147263521 0.129600297734553 -0.0949113769127062
-0.247152996738059 -0.177475496632487 0.151069406936119 -0.0359597848329112
-0.093075277224152 -0.280106362199583 0.128717095965579 0.0285785101451056
0.151653319528168 -0.247805046952885 0.0950300650546251 0.0816340551048833
0.293586593201726 -0.0809705522738399 0.0550043800020642 0.0815496146831542
0.297283506264524 0.0698847490440915 0.093536072781628 0.0860206261031007
0.296931942232387 0.170285836361867 0.110989071467043 0.0913709679695653
0.349303067157272 -0.0448261107152439 -0.0216528846253839 -0.0301325305671179
0.191509596693154 -0.243665438241256 -0.0683695387750802 0.0396271515499529
-0.0978185201738235 -0.311032478362164 -0.0378971905586828 0.117147579748406
-0.281321687866722 -0.181359443332431 0.0657246524722785 0.0905638507057129
-0.327088320881399 0.00237531643222367 0.0770398917609853 0.0241946326811986
-0.274208532128008 0.15175381477419 0.0643532971783362 -0.0041451451264807
-0.253927700241337 0.179958066252936 0.0459551696641412 -0.0410005020849318
-0.261965492073194 0.164088595210061 0.02696201386115 -0.0567033778263523
-0.350695706655398 0.0466818782484452 0.0204854534509798 -0.0902212363943084
-0.332640064939576 -0.158553826067212 0.0581315889203219 -0.0921334061913983
-0.189763133026153 -0.320796525700404 0.10909343920281 -0.0611512364977526
0.140846064040376 -0.346241050340674 0.114139317321423 0.0154154752227905
0.367458814456017 -0.130697578791044 0.0388441490343235 0.0717874427855593
0.374708643461491 0.0934361783222882 -0.00536102625255774 0.0442451973901306
0.281383556689059 0.20190950171363 -0.00322213151861995 0.0242254863194716
0.354913709730724 0.00405507174266074 -0.0731068674857001 -0.0429035540595157
0.22804518664823 -0.212166231119475 -0.0605588664288527 -0.0105273438757195
-0.0518141593989429 -0.316132504740147 -0.0494863807212009 0.0222535959996598
-0.258178083128288 -0.208367379928703 -0.0237144416499351 0.0104191197012498
-0.328346951056891 -0.0291971096410955 -0.0495109311623667 0.0154848452183464
-0.284881906115393 0.138165843210966 -0.0558630617905471 0.0456868112166091
-0.254783929814364 0.18487617437775 -0.055686441304911 0.0286165312798214
-0.250985729692246 0.183903494224502 -0.0743261943076448 0.0106536745507328
-0.345889193286049 0.086970281117793 -0.0898760043858979 -0.0488463000643852
-0.355979806399353 -0.116792890670537 -0.0507842651969725 -0.106325424136539
-0.241073496105258 -0.306303714695417 0.0498248047669646 -0.118319942548067
0.112320716939268 -0.381555617823056 0.0871661650804819 -0.0425518413315007
0.384494993532608 -0.157677532184712 -0.00189863521216599 0.0528029419181005
0.399420521557187 0.104873795212978 -0.11855995789853 -0.00746994635502094
0.223828435254843 0.194790062950133 -0.102016181798482 -0.0409270084949565
0.298384703239611 0.0345713738468391 -0.102214131525864 -0.0408533053796459
0.210080385752076 -0.157524987073852 -0.0239163901649718 -0.0372540778913347
-0.0204966588190048 -0.259008160852815 -0.0153668895327044 -0.062526292895452
-0.200669998358887 -0.182119237764524 -0.0774613708006002 -0.0838825613967586
-0.269803713484078 -0.0391412399008808 -0.158344720085356 -0.0151017330174628
-0.244696342654115 0.109331766604712 -0.16632238231663 0.0777221619031402
-0.215232105047002 0.160424415497941 -0.149147587844224 0.0925980819545554
-0.20677449091084 0.168651295116683 -0.164552175041397 0.0801460088753491
-0.292306219408341 0.0982534298100593 -0.183006521316431 0.00823914026886042
-0.315134901642614 -0.0756890928609539 -0.144959000051023 -0.0909529616243635
-0.232651186469424 -0.255104684884047 -0.0159564418958993 -0.139452793138957
0.0896698728399333 -0.348679831309779 0.0367763854140848 -0.0762053999834443
0.350633777040066 -0.146567817384005 -0.0582157379841158 0.0325983306950597
0.357926531006457 0.111121237939509 -0.22476701191769 -0.0629830957640274
0.146795382997826 0.154633144672893 -0.17644295712079 -0.0892595724283257
0.209605746679398 0.0321407179712607 -0.110967167392667 -0.0218333653212581
0.144626205153462 -0.113413129275938 0.0174894700426202 -0.0446937926102051
-0.0234809795763692 -0.169397441683719 0.0262465769910201 -0.119286892765482
-0.136798165730858 -0.110381288089761 -0.105089391189638 -0.154106418685417
-0.175401150850616 -0.0224983621074938 -0.231410237221038 -0.041856903273832
-0.16244213801102 0.074461539912486 -0.244519243535431 0.0967293631665682
-0.143305901431538 0.112278819513384 -0.219404835239161 0.143040575894922
-0.138270316626181 0.121111035273832 -0.231979407604538 0.136810044539311
-0.204850273125691 0.0795072337720733 -0.250137959305336 0.0590430713932075
-0.231087397447799 -0.0437420355083965 -0.212232237610099 -0.0688165694054399
-0.17859378981139 -0.186042653517713 -0.070653772999673 -0.140742175042962
0.0712472485863682 -0.265158358129205 -0.0125523237317465 -0.0927535229165837
0.272696053714599 -0.0997870744529264 -0.106895582101977 0.00777768676139715
0.260879661489729 0.105004495541858 -0.302839752167461 -0.117367677273333
-0.104445558149058 -0.0779107793514432 0.326091485486005 0.132717430591556
-0.136359714145225 0.0575902599846996 0.139247497899239 -0.0308586612668021
-0.0216115093795687 0.131668362204495 0.0138152381369477 0.0846386615513817
0.0953683830671677 0.0703192028285923 0.101212471105822 0.152506218780663
0.0972858522515991 -0.00334805432308241 0.252015056034144 0.0772422980531223
0.0757358303259357 -0.0332840092466048 0.311197792455383 -0.0852162047110072
0.0552001602289962 -0.0570707721396969 0.279949264099547 -0.183745110964031
0.0437447936137585 -0.0425630466191 0.248092093710559 -0.184302066899444
0.0480187414085474 -0.0275261849090873 0.264067514450153 -0.125358620111496
0.0743353461357741 -0.00929559829678027 0.256789946857034 0.0043892370564976
0.072778593482597 0.032603830590192 0.165685936500912 0.146146669930512
0.0342409232046269 0.0821190109402329 -0.0122927609109419 0.164448159685967
-0.0707370433624678 0.0660652605684002 -0.0330967524887709 0.0941882346215241
-0.113854149491419 -0.034986315072157 0.0802436768911475 0.0397150665274104
-0.0582249103829813 -0.0865663538441872 0.222605991000585 0.124419693747157
0.0346762150191295 -0.0346508249327715 0.343921047597858 0.156836372138046
-0.0131327948738322 -0.0153216245315667 0.138229457330355 -0.0165421248958142
-0.00498061543907201 0.0129713294870389 0.0221041588495084 0.102057637222877
0.00634262646341266 -0.0148431174007746 0.104779559618285 0.174086596945104
-0.0199722637792781 -0.0233650984564687 0.261975644420651 0.0886881944609451
-0.0377209283431651 0.00859632610218122 0.310239705097991 -0.0763872952838643
-0.035997222860681 0.0252115437146617 0.281327948517182 -0.174837476042024
-0.0536175502393018 0.0293853422247579 0.247886832986207 -0.185234170073406
-0.0666314944944094 0.0165520184689339 0.257449132712027 -0.137587165591611
-0.0626191711342036 -0.0370161589464587 0.257677756152013 -0.0255743707450922
-0.0159522184808083 -0.0753169532092838 0.196581506105954 0.11581594062397
0.0427826709215248 -0.0517661562357409 0.0327717906941297 0.164187407042918
0.0409560923627504 -0.00825999332753648 -0.0174364640068466 0.119585029244427
0.0296359348973754 -0.0218148278070113 0.0597678123999864 0.051302518563089
0.0614724084336776 -0.0241371188920156 0.209655665806125 0.124347437008307
0.165562068378617 0.0283512051966404 0.306461582798105 0.162200821340794
0.131464270239226 -0.0683968928725411 0.102805669931543 -0.0100443799888852
0.0395596014383867 -0.112564463495784 -0.00248326202889164 0.109512713551091
-0.0743682884310857 -0.121045825599728 0.0749832874487788 0.195693665891433
-0.14170525245305 -0.0601181804656217 0.236286162825556 0.111700080530329
-0.15758559019736 0.0360766553158631 0.273491066803937 -0.0441208996563065
-0.129969955044671 0.0975812313898468 0.245476826829917 -0.133638635063397
-0.142811090089255 0.0979204198511699 0.208425855202938 -0.157606463939906
-0.165306352412191 0.0683489560662018 0.207033425513907 -0.135393020884039
-0.194009853290253 -0.0337373881404182 0.213204900996875 -0.0697358253712988
-0.130578759859981 -0.149520805096402 0.199479462731044 0.0430210313884094
-0.00436293944046039 -0.182358846363904 0.0965868235173716 0.113954919380001
0.11919705269718 -0.122069615974935 0.0401457977996946 0.121588411953613
0.17333436718873 -0.0400679062984585 0.0549442561869316 0.0718284615477207
0.186242567871069 0.0283157427890939 0.166765643012594 0.111915604295914
0.260104078792309 0.101955646234977 0.224031968905667 0.139382484577215
0.266049643122941 -0.0808516523112936 0.0427025612985134 -0.0158870076638181
0.112947074782533 -0.211580089719928 -0.0423969821901968 0.0882184675077271
-0.115630822222767 -0.233093751758822 0.0168050951357978 0.182956038108484
-0.240797048042114 -0.117473431767982 0.166910291650191 0.122467826658482
-0.265035519187778 0.03483367726584 0.194430157222032 -0.0021062984657113
-0.214568271383406 0.143393918419283 0.170971303162671 -0.0709695920592958
-0.212704230142947 0.153026432583402 0.137930956610511 -0.107757699949829
-0.232266731734964 0.12282217774544 0.1260375307897 -0.109312222328957
-0.297565531759976 0.00176095236464371 0.127501659691099 -0.0969492160942691
-0.25101106856788 -0.172915649833308 0.150719633168633 -0.0397519484715538
-0.0979491584315842 -0.278441905692617 0.129458901949146 0.0260657318888934
0.147442719980255 -0.250681601177959 0.0972294214984564 0.0803664038807518
0.292225593961902 -0.0864238689041249 0.0565447885539727 0.0802358775908911
0.29829733825852 0.0658362046691317 0.0949477486518608 0.0844984386257351
0.299735521449588 0.165082665516581 0.112110565820427 0.0891583253794325
0.348619792684438 -0.0499066507519452 -0.0224259357052123 -0.030128779687659
0.187909659956945 -0.246712880284058 -0.0686513854710041 0.0401038918916177
-0.10316288837375 -0.309411553360932 -0.036111460189586 0.118059769303371
-0.283111944582713 -0.176504538846625 0.0668749353762493 0.0893639007317473
-0.327455750269337 0.00833506099420131 0.0780389056790796 0.0230663444914139
-0.271113155635623 0.157249493145779 0.0655390322861824 -0.00540681924107593
-0.250637949659622 0.185215630995901 0.0452786911441609 -0.0413159887147865
-0.259204013762559 0.168262827242248 0.0263270625757002 -0.0579853755062444
-0.349760954776088 0.0528095113531945 0.0183876788435683 -0.0910123317028168
-0.336770805642215 -0.152211578375061 0.0563792050529248 -0.0943558280396425
-0.19442393252652 -0.317229242362227 0.108256268491575 -0.0640280211518467
0.135435884090536 -0.348782385616168 0.114369783892567 0.0142600823972639
0.364997109715105 -0.136646101935718 0.04051492037922 0.0713081157192749
0.376855524865022 0.0885827378093748 -0.0049902909518295 0.0435746531936765
0.285127593023346 0.197707889251875 -0.00352513586353248 0.0241841829528428
0.354949317347237 -0.00312639060894653 -0.0745406477477061 -0.0422675138926871
0.22505063753534 -0.216552377908491 -0.0608511446716383 -0.0107821983808151
-0.0572212561772116 -0.315286359182189 -0.0492367377336034 0.02288949759207
-0.262545405722201 -0.204526281987132 -0.0241942169452962 0.0107466133517327
-0.329048463563957 -0.0233683316776942 -0.049457644622527 0.0170801114785571
-0.282250777858287 0.143794213935179 -0.0546927942651345 0.0472600051661775
-0.25149628620173 0.189520724658655 -0.0553231365482939 0.0296934725037825
-0.247185394712293 0.188447832047787 -0.0743017247866162 0.0117393593933432
-0.344578871557182 0.0939490236231223 -0.0912057178543974 -0.0479375112990192
-0.358324785996978 -0.109911175791525 -0.0528123564049653 -0.107080816199814
-0.247646001742002 -0.301349923192716 0.0477129566414463 -0.12045997647809
0.105718809625729 -0.383819018262147 0.086604049883951 -0.0439321574803855
0.382977096093531 -0.164937919061917 -0.00129926167159006 0.0532838407234241
0.400578071824341 0.100219542567385 -0.118712376531253 -0.00539330414070961
0.227735381711888 0.19143018310729 -0.103295654460599 -0.0392129145248043
0.299198005243802 0.0294378000242567 -0.103201508172041 -0.0391250606115725
0.207555132696124 -0.160840053435349 -0.0247035927543407 -0.0378326508972152
-0.0244809215479257 -0.258727452909757 -0.0168405220465762 -0.0625740135092589
-0.204725120685947 -0.178294734792391 -0.0798574246436882 -0.0830494161752827
-0.270834545597094 -0.034022353847485 -0.158880193580026 -0.012216958467424
-0.242703049557302 0.114242943606516 -0.164074630675802 0.0810607499096945
-0.212491545896771 0.164560867368613 -0.147282014587996 0.0955880217003254
-0.20290374835308 0.173083711831496 -0.162808006407983 0.0833279047601341
-0.290338395382976 0.104164899244013 -0.183010519288595 0.0111938997292261
-0.316982330659477 -0.0698808238207781 -0.146393488359628 -0.0891038632793105
-0.236808047876137 -0.250838038141701 -0.0186152000770231 -0.139923487742412
0.0835261884587189 -0.350332590982629 0.0352679612556151 -0.0766247798960471
0.347767494267208 -0.151978262549243 -0.057240755718819 0.0338140272005029
0.360455794331898 0.10621386483338 -0.225206360132078 -0.0593675795985127
0.149755545092578 0.151946613810119 -0.177899959010077 -0.0860711783518019
0.21045868580505 0.0284321172426738 -0.11158003983 -0.0200658821874817
0.143119978363334 -0.115582577372611 0.0168780158067761 -0.0448949259296977
-0.0266893755257105 -0.169603977090998 0.0245145141954238 -0.120516773427448
-0.139146459215012 -0.10785670843577 -0.108433455208226 -0.152799535377737
-0.176394714473868 -0.0190911646502297 -0.232666510079318 -0.0375051218505051
-0.160934500571727 0.0773194947708856 -0.243198195729116 0.101594043562872
-0.140584102463202 0.11461166468971 -0.216501071789056 0.146898632865902
-0.135556683789403 0.123410384459658 -0.230258626515914 0.1408038768867
-0.203449521293999 0.0838171967732167 -0.249511587908655 0.0639059435285678
-0.231959185379996 -0.0390435034730613 -0.213999272866161 -0.0658447509624332
-0.181779853243925 -0.182531564991708 -0.0732085046488809 -0.140487774867877
0.0660963248488166 -0.266777362255152 -0.0144737385509405 -0.092342947704547
0.270435437769843 -0.104579847571261 -0.106961672664089 0.0103428049010934
0.262394891604421 0.101419800205397 -0.304650867939579 -0.112366912673477
-0.106111753169109 -0.0757802597392252 0.329083391405402 0.125743813350823
-0.135120673509732 0.060542951533433 0.138013133944757 -0.0341262863508334
-0.0195779807132676 0.131994991332524 0.0151476510284901 0.0854055504771462
0.0968102615675577 0.0680358417926345 0.102970465002442 0.150902541678854
0.0974348911285799 -0.00552677750071609 0.253315925016507 0.0732525390474628
0.0758802705917856 -0.0347900163412223 0.309784070662062 -0.0907862158399781
0.0542910571157854 -0.0580892948830373 0.276520139575639 -0.189482008531549
0.0427230217322622 -0.0431472175761833 0.244748362683255 -0.189160420327659
0.0473508024836836 -0.0282702983917381 0.261219960262397 -0.130940612113407
0.0742580541134934 -0.0113680216636761 0.256600435331617 -0.000756106986706321
0.0731058544274719 0.0313155805142132 0.168094825257623 0.143158719465025
0.0361760492938167 0.0814613133806244 -0.00932795957629034 0.165340263748954
-0.0688973124654691 0.0677120072195755 -0.0312129710889656 0.0945875575668447
-0.114957510454875 -0.03227369931827 0.080493773886167 0.037075706578044
-0.0592299037216285 -0.0863279797143682 0.223880155732155 0.120193689722208
0.0341244927365533 -0.0357484334449381 0.346358716959207 0.150930002903555
-0.0133794959322316 -0.0150755281954536 0.13732573322047 -0.0198386319991205
-0.00449991578204606 0.0126859003265018 0.0229851145469673 0.101648010221237
0.00608739407913788 -0.0148853947711544 0.107649214759889 0.172325024102849
-0.0210161037514891 -0.0229840480295358 0.263527940482608 0.0844278686202201
-0.0377379606301189 0.00968616235715912 0.308935175604914 -0.0825385620738068
-0.0350403362611667 0.0261873047936892 0.278474612785638 -0.179782302145105
-0.0532689739187198 0.030262795152307 0.24364240940797 -0.189821651056716
-0.0668838923745693 0.0174866433863835 0.255044271230648 -0.142880576898505
-0.0636130141269893 -0.0358778301557691 0.257020319045629 -0.0312050652281354
-0.0173683043030507 -0.074642757762989 0.199755526180336 0.111961157059955
0.0412751977828078 -0.0520388389668425 0.0360442811456968 0.163566766010037
0.0407602781904459 -0.00851777250463651 -0.0144123981807271 0.120428979393865
0.0286007674247735 -0.0218212753006428 0.0604647203684419 0.0497718815280294
0.0613645757705672 -0.0248836820144664 0.21123097034751 0.120552849745058
0.165962805889864 0.0258703740315906 0.309128415066261 0.156067756386642
0.129989449538557 -0.0705625337986464 0.101242234848069 -0.0122030476063032
0.03739162428468 -0.113141942640037 -0.000853091826088131 0.108616395348102
-0.076811991875037 -0.119290495725736 0.0781086508743536 0.194339049045327
-0.143282310959746 -0.0572831040411305 0.238756703458714 0.108077008698974
-0.156853883663231 0.0393627672357462 0.273342245639143 -0.0489580481951025
-0.127807121059502 0.0999861527605086 0.243147997927508 -0.139101938612231
-0.141272095928021 0.100725097239806 0.205719664265777 -0.162429408537255
-0.163821303127914 0.0717036097407759 0.204724557903121 -0.13981601653054
-0.195061010563025 -0.029681226516626 0.211694185336129 -0.0742803903412351
-0.133225661309867 -0.146472607458189 0.200349227979415 0.0383446769629171
-0.00814048457141165 -0.182006833023661 0.0987546063624392 0.111977041178995
0.11735260057603 -0.124555642093003 0.0424424283440048 0.121369633257361
0.172360458276553 -0.043268741300122 0.0565710765453231 0.0705890365147473
0.186426375126412 0.0255100930736082 0.169136354047667 0.108550474107959
0.262290950608533 0.0973285860062535 0.226888313769256 0.134502356595806
0.264375378749575 -0.0866360610933114 0.0415840516652012 -0.0174196342485499
0.109244042842468 -0.213353993029952 -0.0413495236939114 0.088186801356231
-0.120617244442732 -0.230839393195514 0.0198533659642142 0.182802032720132
-0.243190929283128 -0.112272086502594 0.168227746349191 0.119344304564375
-0.263639426114872 0.04007965335323 0.194214481452518 -0.00543555944747133
-0.211477530823386 0.148254845376176 0.170500890553702 -0.0739458173112389
-0.208923967365292 0.156798584745448 0.136035748574482 -0.110593947752729
-0.229186949928387 0.128196973118588 0.12410364414666 -0.11208773926737
-0.297236249852909 0.00789176452667073 0.125498003880144 -0.100347706955468
-0.254414121460585 -0.16803366501133 0.150115071856147 -0.0430087501799471
-0.103253476833064 -0.276087865240971 0.129803171260255 0.0229215475856504
0.142685441228306 -0.253327581965858 0.0987952515362799 0.0788181189892727
0.290947181044606 -0.0921545253435313 0.0574854377211714 0.0795914668698186
0.299243959494749 0.0602785067044122 0.0961054553700368 0.0824892755785096
0.302641988789767 0.15998976691747 0.113334009436082 0.0872406638068469
0.348240444450796 -0.0578965052927002 -0.0240466731871762 -0.0301463791533572
0.183083464466796 -0.249628488697657 -0.0681417173117765 0.0401679345423746
-0.108966356123236 -0.305780162847912 -0.035246539869258 0.118522266245792
-0.287551627981881 -0.170559421720221 0.0679931246101746 0.0880846129145979
-0.32723723392051 0.0157723919500518 0.0786773483389068 0.0221704874947769
-0.268400937775633 0.16261995951866 0.0661177864720235 -0.00616298317869904
-0.247163907571228 0.190122048082579 0.0443473058006286 -0.042369472256838
-0.255953367328406 0.173095887059204 0.02576907398807 -0.0587838899708314
-0.348886019570653 0.0606619088814866 0.0161697307062551 -0.0915914254854048
-0.339565411146454 -0.145665464183314 0.0549656793150725 -0.0960930271182083
-0.200862847878331 -0.313265129459827 0.106889446855379 -0.0664852822883075
0.128044106140107 -0.352811351789761 0.11490316281384 0.0120065776609614
0.362899552079062 -0.144505217954283 0.0414789388348893 0.0714853463406179
0.378570755660603 0.0825158348181148 -0.00390962593127401 0.0440426269304331
0.289061607538092 0.191988927564193 -0.00362936643131173 0.0243059815992394
0.354855365720434 -0.00993763300801645 -0.0755962601824524 -0.0409268900830317
0.220818063838818 -0.220793051495811 -0.0620010416815232 -0.0108122316295006
-0.0636476598400162 -0.313849349417575 -0.0493639854915146 0.0235080823745712
-0.266501310487118 -0.198920560949184 -0.0244546231607277 0.011022273769082
-0.329334108391686 -0.0160451125245702 -0.0493761379337453 0.0184468211739101
-0.278939990686004 0.149704839918563 -0.0527840618000497 0.0483357725085645
-0.247917079256833 0.194593295384267 -0.0546367302162048 0.030495880284273
-0.243481378519922 0.193313453471747 -0.0744828821735525 0.012427204790698
-0.342379048410411 0.100697510987922 -0.0931499037344807 -0.0467355877950541
-0.361537524531551 -0.102138338154872 -0.0545609737826289 -0.105819242317228
-0.25277778067232 -0.296397251099934 0.0458966995040225 -0.122109812396882
0.0992326171257785 -0.386301553264857 0.0858300111242013 -0.0451478528361257
0.379030616115289 -0.171901980010209 -0.000579296756208635 0.0540018539534462
0.402203266299667 0.0925222087732773 -0.118641432105389 -0.00279166171213036
0.232041482899174 0.187577200216652 -0.104067336775758 -0.037472354644646
0.300121609648474 0.0238216205813795 -0.104460952478373 -0.036760567456321
0.204732029258226 -0.164757607772534 -0.0258681448551101 -0.0377188496780153
-0.0297139121874978 -0.257585040621691 -0.0180167343780916 -0.0625825718728768
-0.208007489594852 -0.173635730341354 -0.081985760213625 -0.0819072330028056
-0.27166695488824 -0.0279045167012744 -0.159708604325655 -0.00902949793855688
-0.23932041700851 0.118797935783017 -0.161587158635752 0.0839708877791696
-0.208889844850613 0.169451386913348 -0.145936451175994 0.0986016018565502
-0.200035971198066 0.176639460616388 -0.161525061424818 0.0862481096225319
-0.288731006138193 0.110039234599853 -0.183008063952856 0.0150087712400164
-0.318900521679871 -0.063689811078741 -0.148162446549357 -0.0870043620531893
-0.241964859905698 -0.246410130301945 -0.0214999211792492 -0.140615450946002
0.0770896636613864 -0.35200390107917 0.0341386479001128 -0.0771300595079182
0.346088163681377 -0.159093300650274 -0.0568372975075995 0.035518012357316
0.361586560449238 0.100018531712746 -0.226449240507959 -0.0548940162767237
0.152866535243004 0.149495498761645 -0.179737649700929 -0.0824010578708206
0.211136949054715 0.0249424473480163 -0.112058641994649 -0.0176434713781604
0.140792365359969 -0.118173606074538 0.0154095667117612 -0.0460679385660946
-0.0300035559538385 -0.168387631789864 0.0222031443824098 -0.120769273160096
-0.141219896459579 -0.104485075773973 -0.112044341047148 -0.151492586681335
-0.17702874928676 -0.0153390176640806 -0.234001015376869 -0.0326750598077648
-0.159183160121831 0.0804283032659877 -0.240541169240672 0.106179161973812
-0.138533938819044 0.117662517230079 -0.213230296178332 0.151869237164838
-0.133092546203094 0.125542288862778 -0.227224391771576 0.1458326446561
-0.201501324571909 0.0874933814871488 -0.248559256063241 0.0680015784656385
-0.23305400084079 -0.0340250802673171 -0.215281133225237 -0.0618324474223405
-0.185779847204468 -0.178586128432566 -0.0756567865394187 -0.140171557293574
0.0619034860497986 -0.268327308751532 -0.0167901719313893 -0.091822665732698
0.268726013475464 -0.109419705344651 -0.10599969825177 0.0129399180774062
0.264555565292717 0.0982025734665758 -0.306440828621802 -0.106634465259656
-0.107623044673969 -0.0741349813944973 0.331089696226099 0.119039641532366
-0.133531842348252 0.0628381755169309 0.136597883366707 -0.0373954980308398
-0.0171171705725017 0.131874372035413 0.0163094262332916 0.0845290147685507
0.0980915689638362 0.0660541954808934 0.105758616651286 0.148862132864544
0.0974534400215646 -0.00749412483931062 0.254688236629165 0.0685318260794592
0.0754159597893907 -0.0365159037698877 0.307798188662856 -0.0970248784948133
0.0528854487540463 -0.0589158369068709 0.272446764956847 -0.194421372867642
0.0418899055065285 -0.0439335070029421 0.240596986938666 -0.194068666479718
0.0465035720891246 -0.0290569015156478 0.258620552968884 -0.136559633809103
0.0738599438704759 -0.0129156283314262 0.256545566020815 -0.00675136339984207
0.0736863555642064 0.0292452507330979 0.171467169104313 0.139158493818731
0.0381006998814706 0.0802111892578683 -0.00601155290770807 0.166090804927635
-0.0678687779190136 0.069073388865445 -0.0285145033272008 0.0952453035269253
-0.115776453575981 -0.0293249263345877 0.0811604089801175 0.0349280049945931
-0.0607077810930479 -0.0845820705464328 0.225586940037587 0.115730470601474
0.0331374089840532 -0.0360022849949779 0.348718074876648 0.143923529378333
-0.0140055646126573 -0.0148663420442414 0.135884337939013 -0.0228496536393727
-0.00403462706943881 0.0129587802992138 0.0249212082641763 0.100494705599127
0.00577053758142532 -0.0145297375293644 0.110494683034127 0.170527708715947
-0.0209936220297065 -0.0226160544349681 0.26487243405593 0.0787468773696972
-0.0365811291693961 0.0106833070455844 0.306865984198783 -0.0884700917175136
-0.0347468681243128 0.0272356205780443 0.273648041915377 -0.186180277041484
-0.0525821776720706 0.0314566785205965 0.239853830343351 -0.195269754076958
-0.0661702955495063 0.0192272757218431 0.251386569170866 -0.148725726086261
-0.0643874545207207 -0.0344577836235006 0.255944764623729 -0.0363946985735328
-0.0188610048478904 -0.0742423907373444 0.201699772523153 0.107704401618256
0.0403808661045076 -0.0529961068884078 0.0394276498954382 0.162720864244585
0.0403926965227911 -0.00953386831098486 -0.01163116092387 0.120333639074919
0.0281714449949786 -0.0225258434059968 0.0608168420706195 0.0482502835452443
0.0610372522329867 -0.0258920755840558 0.212740431707891 0.116293591747102
0.165827808407769 0.0222182941159985 0.312374028088403 0.150239744869639
0.128072015404455 -0.0735395789982806 0.100064322421435 -0.0146539192009115
0.0353516994222422 -0.113723187149288 0.00111240581776828 0.108088911314262
-0.0789812381267885 -0.117466260912085 0.0816595327939464 0.192680498884046
-0.143883495568251 -0.0538123843338882 0.240682378208384 0.103785281336106
-0.15606746978872 0.0431118537896785 0.27163832714792 -0.0535613186916608
-0.125638197183559 0.102629271328818 0.240979461517197 -0.143708596908948
-0.138936697125358 0.103429769787959 0.202017760000223 -0.166981976270072
-0.161869249084529 0.0754741338126709 0.201793057309175 -0.144659075345005
-0.195301354430283 -0.0257687021121622 0.20925546698228 -0.0789108146625955
-0.136387662512047 -0.143484127703829 0.200911100492959 0.033685051073942
-0.0116752885751072 -0.181016290224185 0.100955527798694 0.109799035434129
0.114618203065834 -0.126148747750493 0.045414903451099 0.120081622659544
0.171011699774297 -0.0468039376012888 0.056996344205623 0.0691947061707912
0.187420148827651 0.0219056687655795 0.170567625556342 0.104423571255916
0.26418860910582 0.0922952283697422 0.22844254183203 0.130116143156979
0.261798483753615 -0.0917960790368714 0.0405867319560454 -0.0182229247677865
0.104797315188818 -0.21549559497059 -0.0396850529257922 0.087909426380936
-0.125419549927514 -0.228193913530381 0.0233284125441439 0.182007437390755
-0.245520111448625 -0.107566793865587 0.170594170279155 0.115725617765205
-0.262522513562209 0.0461710387756377 0.193930834182169 -0.00885107944393706
-0.207750745078765 0.152857231780813 0.169139306315711 -0.0776499600482645
-0.205778229573129 0.161023831390812 0.133201104844852 -0.113018168163429
-0.226412215909991 0.132111137243836 0.121902331526897 -0.115389472059403
-0.296859152622374 0.0143205944522808 0.122733623401072 -0.103384314156143
-0.257789798880928 -0.161406150702443 0.149621147754524 -0.0467232440372167
-0.109100010851635 -0.272629625499715 0.130563465016056 0.0199818267152319
0.137449315736544 -0.255332960513709 0.100749865681775 0.0768987067359762
0.288213513114742 -0.098003510599088 0.0586282338553822 0.0785473455502097
0.300215479125191 0.0548771794490335 0.0977797857169581 0.0803612523242652
0.308352890673165 0.154326586715648 0.114881921414365 0.0845753020781215
0.345108139703304 -0.0651508148317651 -0.0254187175848794 -0.0296562011545546
0.178858601589816 -0.253487303825557 -0.0677688219763533 0.0401638889643379
-0.115347248441701 -0.303284488381091 -0.0330636163957721 0.118706479616255
-0.290709326823684 -0.16414235821816 0.0694593026294748 0.086359904058712
-0.327270711389385 0.0228356534353129 0.0787931883810824 0.0206626475957238
-0.263938066281376 0.168700243896688 0.0667731155125098 -0.00758475007736006
-0.242728154428396 0.195456033325935 0.0432171540533082 -0.0433798119791511
-0.251300244908184 0.178487984348946 0.0250751486343254 -0.0596661343573941
-0.347085668246779 0.0674213277229413 0.0134836012224221 -0.0921384284223835
-0.342579269388994 -0.138260138414821 0.0526976754626031 -0.0981560124259351
-0.207234399115791 -0.308537536600889 0.105714955456512 -0.0693623273922622
0.121941969154577 -0.354062534039708 0.115402412326896 0.0101123371632862
0.360095605083999 -0.152527184142813 0.0421913070865071 0.0712986213571811
0.379063550667961 0.076008761234547 -0.00266919981917642 0.0438843859830703
0.292948158192498 0.187785470844678 -0.00319134654130028 0.0239733727737763
0.353480833175053 -0.0170926740405218 -0.0771472766188325 -0.0396173552990168
0.217200743531385 -0.22482972835675 -0.0625505958657894 -0.010463968670764
-0.0699329849097785 -0.312305917565354 -0.0493004694476959 0.0243471993281096
-0.270788842767858 -0.192020097637286 -0.0252257725795697 0.011729273077079
-0.329539248353188 -0.00849210523879732 -0.0489575919112351 0.0196699761704308
-0.275139130992971 0.155168231226193 -0.0507863870886595 0.0490003121140713
-0.242510799927097 0.199817274533914 -0.0541280874892521 0.0318016549848102
-0.239416719263414 0.197194290274407 -0.0736204682953583 0.0135680880993611
-0.340318196223766 0.108075128855656 -0.0939443864200712 -0.0445105199762412
-0.36274803378745 -0.0939345782958593 -0.0566151692003833 -0.10627453922009
-0.258337824769057 -0.289990026025508 0.0428915286436161 -0.123926352188233
0.0914211356331768 -0.387290946613023 0.0849202088594532 -0.046870082967249
0.375738048766474 -0.180591510048628 0.000485907495873984 0.0545924363302039
0.403283709288247 0.0858461392226036 -0.11878635707625 -0.00100042984666742
0.235686765684431 0.182283537505418 -0.105035253914421 -0.0352852275226021
0.299725081879608 0.0175604806588967 -0.105125098146566 -0.0347384533135739
0.201177848522675 -0.168807837955953 -0.0271806641443723 -0.0377907799467375
-0.0345208627869345 -0.256500769702078 -0.0196936686077733 -0.0624960360646483
-0.211170143946261 -0.168749652914677 -0.0843379948671528 -0.0800940495399744
-0.272305422808717 -0.021909878846047 -0.159921511788429 -0.00524055227760756
-0.236696462346819 0.123741421514185 -0.15893611233873 0.08729466417311
-0.204761549828325 0.173197358392042 -0.143331383055666 0.101455246907315
-0.195583677456597 0.18031878106499 -0.159793213241229 0.0894231050040738
-0.285807733287985 0.11612686971179 -0.183501696609705 0.0189061859568524
-0.319492068047786 -0.0566247946026971 -0.150012508972475 -0.0849918766215513
-0.246312771401417 -0.240026903243422 -0.0242020585222469 -0.141113019212918
0.0698671653563078 -0.353189350594109 0.032374862434094 -0.0775971592892319
0.341933892670883 -0.165481983958467 -0.0560521269643827 0.0372040052984942
0.363449267982467 0.0937380067542192 -0.227426629051183 -0.0504909667323939
0.155901908565423 0.14606880061839 -0.181191985595541 -0.0784269475309615
0.211391049937564 0.0203154252730057 -0.111701670793169 -0.014946932164367
0.138545729121011 -0.120575441031805 0.0139539756119923 -0.0463409326793516
-0.0329854206471572 -0.167751769890092 0.0196810949609152 -0.12167959136242
-0.143403256904488 -0.101039290661109 -0.115449531131775 -0.149412918553791
-0.177104676754559 -0.0113697754120516 -0.234985173719036 -0.0273922833657693
-0.157166165091653 0.0837603591330903 -0.237858592780631 0.110876959319466
-0.135879458787288 0.12018636246027 -0.20977615645683 0.155793510987769
-0.130308273290517 0.128113509103245 -0.224112389690282 0.15047048609583
-0.199366048034941 0.0917559905933578 -0.24706165913644 0.0738289201227289
-0.233496689942473 -0.0291836932636666 -0.216128615018582 -0.0582760284319598
-0.188851063474973 -0.174413225191498 -0.0786982085069423 -0.139550711248806
0.0562140273923171 -0.269036850210842 -0.0182038429184434 -0.0913964015193967
0.266663069917367 -0.115147623318187 -0.105753173498682 0.015271217160604
0.266086801191915 0.0931243439961354 -0.308504855080496 -0.100350039255771
-0.108731971873263 -0.0716113922887512 0.332531701358281 0.111148886656963
-0.132050097677195 0.0655879276004503 0.135121933240838 -0.040532618308234
-0.0141814001834726 0.131920372869855 0.0174928438004607 0.0839072339701641
0.099730540118343 0.063484807680908 0.107724222895348 0.14695559214171
0.0971445714140825 -0.00979112717582901 0.255919307957014 0.0635225795628418
0.0750145738100581 -0.0382774524099749 0.304090077096347 -0.103453967772448
0.0512216148112603 -0.0595844345935013 0.266768446524111 -0.200307366973305
0.0403188193356354 -0.0449032027235102 0.235466396122642 -0.199042588888476
0.0460239248581311 -0.0297263358585065 0.254944175532989 -0.141931102134426
0.0732330840391124 -0.0145475920461228 0.255558188573388 -0.0126187424813586
0.0742281899189504 0.0274646191948651 0.173897117332848 0.134875223852326
0.0399507901410573 0.0795698248392699 -0.00210687434135943 0.165993895100366
-0.0661768644015301 0.0704728171312133 -0.0258289263231529 0.0955765153094753
-0.116005798137942 -0.0267768207589792 0.081145365642801 0.0330801173046435
-0.0622073905861804 -0.0840174088190101 0.226387837391707 0.11091885183185
0.0324103438668507 -0.0365622289207779 0.351735542743509 0.13606581210765
-0.0139109058666167 -0.0145327250572661 0.134366262639565 -0.0258713814641024
-0.00386098253915777 0.0134224885950004 0.0270250244918991 0.0996429933843207
0.00543877331043277 -0.0148084320970134 0.113674946496796 0.168387931632981
-0.0215264690367589 -0.0218973880977869 0.265874460366965 0.073676797636207
-0.0360700283567336 0.011469294679318 0.304752372916245 -0.0945523760737283
-0.034081867645655 0.0275542655916953 0.270061967954332 -0.191674472434798
-0.0516152323816592 0.0326493346139074 0.234654501425932 -0.200153557920053
-0.065328020551875 0.0206974229519461 0.248132134158081 -0.153997706437092
-0.0646300924702334 -0.0328965394331076 0.254148909146266 -0.0429938392378738
-0.0202537509866748 -0.0733533516090422 0.203747294120491 0.102483691259088
0.0396860788744415 -0.0536629207160663 0.0427383916983204 0.161887407922214
0.0400428946104513 -0.00941900245733744 -0.00862757814180924 0.120295334262502
0.0271790523980328 -0.022839073682692 0.0612211459207574 0.0462725945897908
0.060785896618506 -0.0272693014733075 0.214540719513563 0.111260083558673
0.166614946764687 0.0193516446273678 0.315331306490412 0.142223030249802
0.125965536649853 -0.0762884056679953 0.0983974669448262 -0.01772177581837
0.0325138144316055 -0.114368299306457 0.00284234065624857 0.107552543707747
-0.0813524583700934 -0.115258676326961 0.0855766337095275 0.191319185654588
-0.145181223611635 -0.0503067506780435 0.241839781163396 0.0983519953072162
-0.154491883760339 0.0465671573843859 0.270583794403027 -0.0593802382313956
-0.122605493971431 0.105351078038657 0.237513958011169 -0.14847267612535
-0.136351426487198 0.106124451876294 0.197628809105574 -0.171017418439534
-0.159218964667395 0.0786185051950766 0.198124156179731 -0.149474377699888
-0.195545094967553 -0.0212531764865762 0.206580786601042 -0.0839083507081001
-0.139362605683991 -0.139741691020151 0.201752315178326 0.0287174070154077
-0.0154550402461177 -0.180543451957834 0.103296941425622 0.107620039523683
0.111299773047056 -0.12788321439385 0.0482839685393994 0.11856947341088
0.169292999121046 -0.0506303036677323 0.0582636329132909 0.0674032104688822
0.187236566947029 0.0181564701089506 0.172354792530105 0.100278638225377
0.265628208698382 0.0869018843652378 0.230047890337246 0.124415056942852
0.259138352099714 -0.0973929430775416 0.0391634218388839 -0.0195957508069894
0.100492902422744 -0.216982012938299 -0.0382072635603825 0.0875172592039011
-0.129717357006475 -0.224596965247345 0.0266191057754551 0.181312206255538
-0.246814627418407 -0.101231850327711 0.172031597058589 0.112144953394782
-0.261269605155272 0.0522574514430285 0.193809404857837 -0.0127991226718101
-0.204071126111345 0.156792987771696 0.167205124255044 -0.0810483419241969
-0.201519572305049 0.165385366247501 0.13071462951624 -0.115820434745877
-0.222759146555973 0.137090797783934 0.118809891411732 -0.118024872154469
-0.295576835526497 0.0206526083251088 0.119458302952573 -0.105820438838989
-0.261081049652314 -0.155240420045561 0.148256215842395 -0.0507472403343718
-0.114242645241102 -0.270171963199437 0.130838266235817 0.0165997828602442
0.131556063991229 -0.257810106457975 0.10178206131091 0.0748127829592531
0.285352351776514 -0.104894087919337 0.0598403592242692 0.0773318082005065
0.300766494961985 0.0493249644763872 0.0985949500189853 0.0779215522172879
0.310273202821392 0.14777169188858 0.116053938732811 0.0818349762882895
0.343490565075912 -0.0728328373488633 -0.0266312380628088 -0.029546420572387
0.173186752103307 -0.25651968999821 -0.0674177485312857 0.040370408984833
-0.122770814934558 -0.301518055551064 -0.0311623130403293 0.119240241998485
-0.293294870207467 -0.156621393937595 0.0704075963551672 0.0845933577195401
-0.325430460683959 0.0309969084593907 0.0791561373912624 0.0192540229743894
-0.258979764954756 0.174104651028836 0.0667007521670724 -0.00893716638734892
-0.237326022569059 0.199944076482727 0.0422250713767778 -0.0443072281819259
-0.246487125479686 0.183537396500179 0.0233835578889098 -0.061120444845999
-0.345447361384345 0.0753305483001953 0.0113514785234011 -0.0925015792283244
-0.344360991711419 -0.129850304856849 0.0508320702307893 -0.10015115934672
-0.212999127932259 -0.30255181960232 0.10376091560512 -0.0718712225122538
0.113653081330498 -0.355953324309992 0.115548832138378 0.00793868252612998
0.35530019241278 -0.16068792388728 0.0434493401626076 0.0702496465509841
0.379372046005579 0.0679914954671296 -0.0019570802370694 0.0441055235589647
0.296491710450064 0.179793024597383 -0.00319011541126833 0.024368125493794
0.352766088435019 -0.0239399548212422 -0.07833845212607 -0.0379633900945421
0.211366042064814 -0.228893005239701 -0.0632218592915173 -0.0096486970253321
-0.0767551015623143 -0.30937669825725 -0.0489609696019726 0.0250575836336598
-0.274608241619078 -0.185552998912396 -0.0256643214560173 0.0117410096011379
-0.330458724154744 -0.000910088616769456 -0.0485039495703787 0.0212377871621205
-0.269868765004227 0.160635839237297 -0.048306567101769 0.0499747759311495
-0.238065054946681 0.20451136426438 -0.0534531138485323 0.0330727522321025
-0.233536962611883 0.202172838463171 -0.0732482548717045 0.014192705260616
-0.336704840169944 0.115785308158005 -0.0951100712650903 -0.0425873559630674
-0.364022635298104 -0.0861118995354682 -0.0588151813705369 -0.105731903589973
-0.263641252780343 -0.283637544560467 0.040571723670109 -0.125569448941999
0.0821469378241855 -0.388388561824625 0.0838302099443671 -0.0479853463198278
0.37092638978193 -0.189115856139769 0.00142780630026304 0.055613137979717
0.404336133328681 0.0777221393013012 -0.118374200245999 0.0014012642249976
0.239077201965123 0.176862450699709 -0.106270727546084 -0.0325158285656813
0.299599078272776 0.0113137656368818 -0.105649001942389 -0.0322699241491003
0.197270955678176 -0.172478748156835 -0.0281563308494025 -0.0380598834668435
-0.0400015832372513 -0.255261515997418 -0.0216857623764048 -0.0620808683449581
-0.214673318660302 -0.163256595956371 -0.0865833417598096 -0.078858892333789
-0.272840382156801 -0.0156324902646381 -0.159931043237187 -0.00133156119420832
-0.232767652650205 0.129240826929786 -0.156545289391532 0.0907425835774532
-0.200150704511633 0.177265526555869 -0.14046819187002 0.104726334240233
-0.190984909629111 0.183713973167472 -0.157440633502256 0.0926286929323624
-0.281930503062625 0.122340070688685 -0.182965304925791 0.0222208206079807
-0.319885436974785 -0.049328030497386 -0.151435064307875 -0.081716998772576
-0.250858129237407 -0.234139699185828 -0.0273568048170986 -0.141231675732093
0.0627379105232703 -0.353208512567286 0.0307848491091236 -0.0781592498771075
0.337030261566459 -0.172277588649765 -0.0549461638328455 0.0385168986576531
0.364474031182081 0.086552156520166 -0.228032996375181 -0.0459823936788111
0.158752831100617 0.142470289094454 -0.182641409885275 -0.0740881079380578
0.21154019073062 0.0156442579935314 -0.112240027171286 -0.0129636891007446
0.135389570513286 -0.123211603698189 0.0125957388169951 -0.0463782632109952
-0.0365668071549193 -0.166301923709704 0.0168085148270393 -0.121255791591583
-0.145074738302388 -0.0968018730519623 -0.119302131931828 -0.146757395110247
-0.177214884835324 -0.00706934664891864 -0.235003317736628 -0.0224494887294306
-0.15447865690207 0.0869302453996437 -0.233940367938605 0.115717984604356
-0.132134472299609 0.122936931459168 -0.205827258365538 0.160530140026318
-0.127322216174093 0.130169682557927 -0.220051738336319 0.154717936785972
-0.196600525723043 0.0962208129135404 -0.245048953744086 0.0785061012043659
-0.233324307018025 -0.0239648175980236 -0.216931394198426 -0.0539030918869724
-0.191900433981406 -0.169429591788314 -0.0814310822830984 -0.138061228207153
0.0505189019017161 -0.269324878712707 -0.0200717647941399 -0.0904289218751012
0.263784252697509 -0.120073210306646 -0.104723383452276 0.0181344975414216
0.266730917601794 0.0875343242861983 -0.309639152210683 -0.0936235272292635
-0.109815926446926 -0.0688735923049137 0.334323273193502 0.103038023467734
-0.129475731528788 0.0679662751997384 0.133511076070206 -0.0434616531716212
-0.0113237666640357 0.131795195809897 0.019441475553328 0.0835130122816845
0.100403294570909 0.0607959688989697 0.110510177981845 0.144029459593307
0.0966837328889108 -0.0120080078156608 0.256114182039672 0.0578142769657464
0.0737988447697835 -0.0396448091369754 0.301430527762862 -0.10986861581003
0.0493628879001341 -0.0601299177524312 0.261041516729111 -0.205246708757222
0.0393323154990685 -0.0455025932848604 0.23034522209388 -0.203805910191866
0.0449285174082109 -0.0305725526614821 0.250383091464955 -0.147065071003102
0.0727738733816158 -0.016254702181633 0.254252349740817 -0.0188854469120166
0.0746193571353702 0.0256942209343041 0.176172547003277 0.13072194788688
0.0416396966078136 0.0786296409101978 0.00194540916867913 0.165942104883549
-0.0643231044915762 0.0718270571164701 -0.0230359144218713 0.0951388102140389
-0.116300093919959 -0.0235053085379322 0.0814586765235079 0.0306119598346806
-0.0630335705306021 -0.0817513245371892 0.227956606815532 0.105344243053686
0.031615202859537 -0.037207248463935 0.352625623231707 0.12721616996874
-0.0144470726099133 -0.014519635056943 0.131901966372165 -0.0292922084585161
-0.00344116562447706 0.012891703032498 0.0286966813171463 0.0982750487891751
0.00529695578688356 -0.0148100549177583 0.116994512658162 0.16580276288298
-0.0218049769663055 -0.0212091504772871 0.267182138348434 0.0681254933776761
-0.0355304771941111 0.0122171365277253 0.30209628215166 -0.100471885692699
-0.0329648398385721 0.0286208264734238 0.264182653704677 -0.196547509524348
-0.050576437818817 0.0340439451412398 0.228947901150827 -0.204993581122852
-0.0647364026203349 0.0221655194493618 0.243154970626716 -0.159225020339111
-0.0651554007079203 -0.0312338075477361 0.252000679754162 -0.0485064606224828
-0.0220730976171064 -0.072844224491691 0.205581646894787 0.0974179227789182
0.0381673195774039 -0.0545046458773156 0.046429604936925 0.160464690945638
0.0396304186680613 -0.0105548590672386 -0.00544094030085452 0.120090963460578
0.0267593015554628 -0.0233977500074302 0.0611411993876717 0.044386392879074
0.0599343054987292 -0.0285485290142471 0.215151942233844 0.106444936467355
0.166349433123632 0.0158600015648917 0.316481327255103 0.134442913755976
0.123250759319791 -0.0786014006947747 0.0977158573079585 -0.0195399879634747
0.0306363270148671 -0.114820917974451 0.00455378056198744 0.106181332878289
-0.083689711129797 -0.112911158782802 0.0887816376901718 0.188837616142722
-0.145506371338892 -0.0465583796322832 0.243243316354324 0.0933808862403353
-0.152532548310202 0.0502530579448603 0.268535521773706 -0.0643337281459124
-0.120011957497024 0.108216775993001 0.233253511475591 -0.153360970314871
-0.132812650916816 0.109385629330617 0.192860264146055 -0.175119128908834
-0.157068687541632 0.0819935440125334 0.193779043502215 -0.153108357931616
-0.195292714819093 -0.0164814332278743 0.203888184591776 -0.0884986069111372
-0.142184985092249 -0.13617183690269 0.200915852290224 0.0229396460164424
-0.0196152728680214 -0.179406177691123 0.104864860474485 0.104732160945757
0.108499951120258 -0.130264908813362 0.050888728591423 0.117431782358494
0.167899168318799 -0.0539597345311926 0.0583513300377094 0.0656896030348099
0.186858660400105 0.0143505692052857 0.172807244273489 0.0957330320273649
0.266820372785993 0.0811475845309503 0.231931713073859 0.119093378121371
0.255515410152336 -0.102977849032308 0.0377896946680833 -0.0206769216814037
0.0950988752915707 -0.218618567050727 -0.0368113008312025 0.0872953615270556
-0.1340558332453 -0.220354343408415 0.0300611894942409 0.18038751885169
-0.2477351410455 -0.0946432282729489 0.174272968974565 0.108636694365309
-0.258391092548345 0.0586977029034244 0.19284373951161 -0.0162669369275493
-0.19957062469812 0.160689850135973 0.165926457423218 -0.0848360946005373
-0.196630804552053 0.169582784168349 0.126703881485378 -0.118654954621352
-0.217412355295694 0.141956108304254 0.115883294867297 -0.121007082166177
-0.293821432769527 0.0277818332976527 0.116076341447916 -0.108369090185497
-0.264066002380821 -0.148524869292202 0.146253031519247 -0.0546179756710644
-0.12005473963235 -0.265716291807122 0.130081762901786 0.0129304781017784
0.125753183533536 -0.259929739731208 0.103980848772021 0.0725737970490546
0.281752655394003 -0.111109965064387 0.0605433233361584 0.0757389307182284
0.30050839420177 0.0429923495311084 0.100268440142755 0.0755162851668936
0.312225381389552 0.141102619323404 0.116660430700269 0.0790374179856509
0.340096890571014 -0.0802642980603338 -0.0279526212274254 -0.0293233046688534
0.166327104644174 -0.258939631894892 -0.0665661639039143 0.0405696158141823
-0.128293824545382 -0.296821473492094 -0.0289477136328533 0.119660527661898
-0.296439676330114 -0.149206645061189 0.0714045882910321 0.0831585508243144
-0.325011821733388 0.0378853345315539 0.0794462969445847 0.0180618719275801
-0.253583542395706 0.179587026563945 0.0672891150317263 -0.0106922062223246
-0.231524980956146 0.20522502684045 0.040955772977276 -0.0448187629056894
-0.240708692634076 0.188411710424992 0.0218295019583936 -0.0617154091766412
-0.341560908804512 0.0830098656757944 0.00871195694606874 -0.0925353981748752
-0.347821473428962 -0.120143715461261 0.048594560889782 -0.101740683718875
-0.218746458535228 -0.296171650254927 0.10141619342144 -0.0753476324623093
0.106090916115403 -0.356621113135905 0.115474142310158 0.0056220067851557
0.349513826407871 -0.167510142959247 0.0447954081222135 0.0697420603611379
0.380210263286733 0.0606135972673275 -0.00124555961535159 0.0432286478581818
0.299316302504652 0.173050432412229 -0.00320719305968596 0.0241794290411475
0.351158523958825 -0.0327095688835978 -0.079420581412008 -0.0360588111277889
0.206527959278633 -0.232615838651905 -0.0637139788527233 -0.00939585345129659
-0.0829581146153373 -0.306404485111304 -0.0488932660103328 0.0257438899209877
-0.276836999499049 -0.177546652411645 -0.0256849713223153 0.0118062903800206
-0.328660364215988 0.00756412979700239 -0.0479598393127541 0.022493344334314
-0.265139821699593 0.166495371212931 -0.0472494906092995 0.0507271105049114
-0.231688755226678 0.209396109581682 -0.0525234962087457 0.0347885675803337
-0.227652255390436 0.205709066782635 -0.0728634266557212 0.0159532732719538
-0.332582756457872 0.122653587130421 -0.09597646726883 -0.0401051283369707
-0.364497678874154 -0.0762824325360507 -0.0609459891155443 -0.104281198021993
-0.267677241513091 -0.276039524657 0.0367575061726382 -0.126999927830087
0.0734699357712712 -0.389328614490418 0.0825092905802417 -0.049061587156117
0.36536377860748 -0.196041154719458 0.00251321363956349 0.0554309807187371
0.404229171866949 0.0702112272891196 -0.117567831261636 0.00390113003980338
0.242722976954816 0.171535688904717 -0.106204881174908 -0.0300906228566804
0.298031750502171 0.00373834624115964 -0.106611408069976 -0.0299838306968599
0.192996690319741 -0.176056059920187 -0.0295445587136222 -0.0377100223075379
-0.0454169352875589 -0.25365175926434 -0.0231962988270062 -0.0619316350053468
-0.217553171397113 -0.157458381259966 -0.088149150236492 -0.0770769459863097
-0.272061482737015 -0.0092147165858462 -0.159284500815496 0.00256372417437368
-0.228991376628412 0.134045820785256 -0.152548766998643 0.0934584995165404
-0.194608976718728 0.181603008991394 -0.137995722381181 0.107800673432972
-0.185943094844473 0.186992811170916 -0.154409397005185 0.0953482003158044
-0.278619860009108 0.128550549872907 -0.181806526612053 0.0264047581284352
-0.320229362409674 -0.0413090945883076 -0.152815111399386 -0.0787695552922288
-0.255197125788429 -0.226314918078033 -0.0303713321669829 -0.14094547058062
0.0540488891740019 -0.353639975192644 0.0289991496796192 -0.0778553769291023
0.332442877605209 -0.179402168119666 -0.0534790306268804 0.0409129636339525
0.365013817224317 0.0794074346371682 -0.22776815366366 -0.0403642293251306
0.161452579551207 0.138604696684872 -0.183846134490485 -0.0698272799136777
0.210774252040925 0.0106191211431412 -0.112018887575342 -0.00978786824734819
0.132300399644049 -0.125608541671449 0.0113438802092931 -0.0468979385667421
-0.0400370837778979 -0.164557055340767 0.0142591656200792 -0.121794325246867
-0.146627804167428 -0.0932723564376404 -0.122604076513229 -0.143764217401104
-0.177228684627582 -0.00250688737903226 -0.235187066244894 -0.0170049230195857
-0.151426621800175 0.0899962643484594 -0.230980246061017 0.119935180132953
-0.128560355720103 0.125922702915395 -0.201242590137097 0.16442869066187
-0.123405729614418 0.132191606979139 -0.216757868681244 0.159031018416408
-0.193796101629045 0.100095973981233 -0.243076882069967 0.0837091731374385
-0.232833985260591 -0.0183264405018129 -0.217244059031205 -0.0492084649832524
-0.194730573642263 -0.163944831032474 -0.0845145360271031 -0.136063831201963
0.0445356456625012 -0.269750044472557 -0.021816249917274 -0.0893671672275377
0.260075590919028 -0.125150098794259 -0.103180029630145 0.0204120536727615
0.268005448648774 0.082810236367435 -0.30975149937755 -0.0863305371996756
-0.110519284439734 -0.0660329154282149 0.33497577444771 0.0937721315835991
-0.127431455065701 0.0707695518530903 0.130706742439243 -0.0462776141851536
-0.00864031346677488 0.13091827144131 0.021108044946544 0.0826836929108052
0.101490948425023 0.0581395635884537 0.112731697090013 0.141376224940871
0.0959549318815712 -0.0142533748083252 0.256360437587644 0.0526084014691243
0.0727441679022593 -0.0417836948286893 0.29710192129778 -0.11679408820999
0.0478252664137494 -0.0607786088444319 0.254943729826885 -0.210076598103037
0.0380706187150323 -0.0456446434839385 0.223460319797239 -0.208387461157112
0.043664081945684 -0.0309759158519731 0.245695528807283 -0.152226429663304
0.0716104928440385 -0.0184875448922111 0.252295780694266 -0.0247076270756875
0.0751338072326474 0.0233813102244816 0.177636508301625 0.125382181603913
0.043420520465423 0.0769819956697557 0.00588271518397693 0.165200224613192
-0.0627136809119279 0.0736048217419907 -0.0200997072690099 0.0950516056729711
-0.116532205421783 -0.0201131737480626 0.081191283871136 0.0282800984264022
-0.0642269142174651 -0.0805137248444796 0.228606357725827 0.0998381296317971
0.030607142386844 -0.0375613919925257 0.353446323931086 0.118740941564753
-0.0146726630265774 -0.0136846842205133 0.130400978452821 -0.0316707919433318
-0.00312570116536208 0.0130838258688237 0.0303929312678783 0.0967855945078511
0.0049013950176924 -0.0153593568763193 0.119277495191142 0.162393556132194
-0.0222542983911733 -0.0204420147492499 0.266999836055125 0.0618036209550013
-0.0344807844965452 0.0128301526112921 0.297809541831043 -0.107074043552916
-0.0320639656527635 0.0288950928469038 0.257867581114698 -0.202024733185656
-0.0493208520543219 0.035329837040414 0.223187559458164 -0.208424274995838
-0.063340393282613 0.0240431078902846 0.237450979717305 -0.164142128826714
-0.0660327713051717 -0.0294401732155269 0.24940925716455 -0.0541933805890381
-0.02356438039515 -0.0716144820880305 0.206197946888726 0.0919643445151238
0.0369116930347138 -0.0548440345805933 0.0500826016649251 0.158619354551304
0.0394153324805449 -0.0111164470590973 -0.00233577511800183 0.119043320067082
0.025753992643422 -0.0235810473617007 0.0615642638518407 0.0424508956093253
0.0593272749032252 -0.0293289028938959 0.216439169071816 0.100434951992993
0.166217721045197 0.0119294263635885 0.31744104206288 0.126945259984417
0.120870351332156 -0.0810206527390204 0.0952255618066052 -0.0219297683558242
0.0276812466955399 -0.114747352315153 0.00705670665644342 0.105432248428704
-0.0861538095856517 -0.109551141966091 0.0928668550209763 0.186008310523316
-0.145646445003343 -0.0428089651202832 0.244854232406852 0.0873883507813795
-0.150331870738928 0.0533060277294566 0.265875825877103 -0.0701311827810549
-0.116334657615322 0.110148444406846 0.228113948044256 -0.157777924416904
-0.129852572541809 0.111705507213133 0.187445111857612 -0.178577453411831
-0.153584868473722 0.0852900616233132 0.189654441590803 -0.157625107930798
-0.194970346359049 -0.011680114439696 0.200064268361505 -0.0926007053633187
-0.14430936720434 -0.13149911029793 0.201223925314721 0.0177294309381511
-0.0229063379122277 -0.177285327174194 0.106877068509342 0.101691624491712
0.104377556462127 -0.131668668809739 0.0535372857410244 0.115669475623858
0.165437342931366 -0.0575370402573829 0.0593663842130843 0.063949379663497
0.186287980280608 0.0108262455086793 0.174384086577073 0.0906908436932022
0.267514987751015 0.0747835678132548 0.232951061447856 0.112247826350394
0.251237032276982 -0.107990301040911 0.0360873867087337 -0.0215850997779324
0.0899543690081479 -0.219015479528693 -0.034968378118571 0.0868530524063104
-0.138522827456167 -0.21552126392847 0.0334132939244695 0.178831628990711
-0.249102136865761 -0.0882182814441494 0.175286272103009 0.104500547150788
-0.255547806467903 0.0645272495180609 0.191309783081642 -0.0203472408250517
-0.194145737853742 0.16472529001257 0.163798061319999 -0.0877163263590628
-0.191704987537892 0.173135789557822 0.123915042927358 -0.120905252346149
-0.212832612081759 0.145887545108214 0.112233622391678 -0.123886962860646
-0.291892318408217 0.034969307721488 0.112943179245887 -0.110460495298901
-0.265876621543473 -0.141429408838808 0.144301511907568 -0.0587996971688569
-0.125027360475042 -0.261164647761749 0.130081565753827 0.00971781342973223
0.119575186890095 -0.261027417066649 0.104741923273581 0.0698805995548478
0.277789241408228 -0.117421885054198 0.061499924509844 0.07416280695506
0.299894135522744 0.0360505810874522 0.10087400364621 0.0720696968803642
0.313350811256704 0.133783432085062 0.117330234439016 0.0762833503540291
0.335639707690964 -0.0875949380295313 -0.0289069304023548 -0.0288752951274711
0.160226003163269 -0.261721954330725 -0.0665472980118848 0.0412737469555916
-0.134096426196914 -0.291398387650111 -0.0262200709273738 0.119628966591959
-0.297898784794395 -0.141048740707296 0.0724209224106197 0.0811442187068124
-0.322357764449282 0.0461002209760792 0.0797345332269242 0.016986898586568
-0.247237126729716 0.18362377411034 0.0673447922180498 -0.0123553070436428
-0.224897317528609 0.209189077084489 0.0395368417818197 -0.0456126365689004
-0.234732161981246 0.19198613836892 0.020126596087604 -0.0622952217009273
-0.337876011634322 0.0907370358467952 0.00582743527829317 -0.0922636808246519
-0.347907959456993 -0.111406289164163 0.0461233014971318 -0.103046040194024
-0.224609000828069 -0.288418938237365 0.0991027660518542 -0.0777261633176249
0.0970970532673059 -0.35670287409571 0.115217256336402 0.0035313297348679
0.344603853991976 -0.174883367570448 0.0458191604490476 0.0691077796603484
0.378428688744197 0.0520902067832651 0.000196345463730481 0.0431019983084193
0.302102252112219 0.166251577899918 -0.00284353844130725 0.0238477990493623
0.347670714808057 -0.0399067183196729 -0.0800350536514546 -0.0341474788041603
0.20001243980025 -0.235427989990239 -0.0638859549056341 -0.00861088981059864
-0.089510548530798 -0.302236279409806 -0.0485406722600117 0.0265832775252675
-0.280530501911599 -0.169559187800644 -0.0258555494858021 0.012532964785383
-0.32607873086753 0.0145341539063741 -0.0472119959484205 0.0239989263825171
-0.259684246179612 0.171883298579742 -0.0446545160330922 0.051552542660752
-0.225113939019147 0.213591969785439 -0.0511281129748745 0.0354136103558124
-0.221000266119 0.20989464307504 -0.0718434253941986 0.0172874550822591
-0.328237944726035 0.130188749435803 -0.0976662160928563 -0.0378173359016709
-0.364852077806346 -0.067159748398494 -0.0634164493029858 -0.103443294479865
-0.273183766616125 -0.266980943580286 0.0338276696096348 -0.128066768559605
0.0643803263768992 -0.389662562515999 0.0810042434163441 -0.050723475567017
0.359808973683156 -0.203743600473316 0.00374017390648495 0.0554746360870637
0.402724106283844 0.0620544557200381 -0.116862251170569 0.00681142452576227
0.245269318662256 0.165265927260122 -0.106120354218493 -0.0268398269016772
0.296838204078553 -0.00278759443610886 -0.107178208664315 -0.0269037234752527
0.188051220614081 -0.179368713583922 -0.0307476838533003 -0.0375820657824453
-0.0515909313931818 -0.249852269739154 -0.0247228596741717 -0.0607388394194045
-0.219829085435673 -0.150785020972781 -0.0903327373588645 -0.0749372682492463
-0.271167253495017 -0.00158613911113657 -0.158488666233027 0.00668259993233295
-0.223844856778845 0.138186321254082 -0.149726177270155 0.0963295480863593
-0.189108234699896 0.185011749330745 -0.134095895340837 0.110549294654202
-0.179563556442435 0.190602970303269 -0.151912363881753 0.098475624154383
-0.273481111355854 0.134135245727235 -0.180818728995337 0.0305534979918885
-0.319344195446237 -0.0329208889519952 -0.153620562455304 -0.0760780979314438
-0.258656598910234 -0.219409351883013 -0.0337964559860079 -0.140069528447603
0.0461906377898639 -0.352701354707981 0.0269305872469932 -0.078008352128319
0.326809168950615 -0.187123671744069 -0.0522901255225071 0.0422070799927405
0.364590017388954 0.0713241446696328 -0.227182306119296 -0.0346752945604378
0.163772253329565 0.13457491175035 -0.18423124166272 -0.0646269684509266
0.210002338017737 0.00615109221371526 -0.11174689973831 -0.00748675438093622
0.129166133350848 -0.128106991908254 0.00986242942020192 -0.0472038273113199
-0.0438828395754832 -0.162764782161245 0.0113446776444084 -0.121464247707972
-0.148296846211041 -0.0886774379734332 -0.125372031899745 -0.140715484376554
-0.176555998550403 0.00233643481547153 -0.234041633486145 -0.0106382649050127
-0.14864583367072 0.0933762678180441 -0.225781751774435 0.125112645490802
-0.124140671146912 0.128093510168865 -0.196295668526703 0.16854160248193
-0.11962297965159 0.133990303195888 -0.211592118347061 0.163419174647373
-0.189681698399962 0.104739134124085 -0.239710195219581 0.0886994571140441
-0.232211833626513 -0.0123403001177687 -0.217664445061947 -0.0447899138830546
-0.197098354399888 -0.158189137325215 -0.0871781433867524 -0.13438421683675
0.0380431982018433 -0.26854809678521 -0.0240851893071586 -0.088125830228952
0.255876929499227 -0.130454498674918 -0.101463663329459 0.0236445141488258
0.267927809246339 0.0772442421750855 -0.310422611604582 -0.07871257118715
-0.111053284777877 -0.0632047581784239 0.334889908316797 0.0864527829031675
-0.124845190963572 0.0729806278374874 0.127933493097439 -0.0492402254737694
-0.00536484690260355 0.130063899802631 0.0226123002531064 0.0815483653467609
0.10179635411915 0.0553585737200963 0.114565780973541 0.138014771283023
0.0948639601406473 -0.016576933064575 0.256333220111001 0.0468777104546131
0.0714794747008983 -0.0431652490051998 0.293049464768223 -0.122327748842569
0.0457392854748777 -0.0615662238592152 0.247546280309676 -0.21411126260319
0.0365509834057178 -0.046425261000462 0.216898558913653 -0.212212411330752
0.042876771097849 -0.0318714403279268 0.240387670356333 -0.157232732071287
0.0704906277316848 -0.0199185357488004 0.249283615084025 -0.0305887464378128
0.0749798279251967 0.0219826084788299 0.179668233429863 0.120193316516382
0.0450323143806607 0.0754100211295115 0.00986551547704077 0.164099239554196
-0.0605465120948688 0.0746462334532294 -0.0175504396432739 0.0942977456359588
-0.116130427716686 -0.0173329108158815 0.080285540938211 0.0257888359296056
-0.0651245611610975 -0.0792038431511143 0.228330394667593 0.0940236664119205
0.0296925999712611 -0.0376839195432304 0.353890189427586 0.109311843191822
-0.0154103566267484 -0.0133862672830647 0.127730000936768 -0.0351482862992937
-0.002683038245371 0.0130313000760074 0.0321379853418574 0.0953549217230928
0.00453009964962082 -0.0151510081902977 0.121480561207044 0.158917356116017
-0.0224648753740882 -0.0199999187321972 0.266654893602198 0.0559532087171724
-0.0335891643666119 0.0137922967845815 0.292934384807964 -0.112260077862874
-0.0312633825169397 0.0298783111530163 0.251611631642404 -0.205908953142165
-0.0482679980516519 0.0360075741014645 0.215953143519607 -0.213208383642381
-0.0623241589955003 0.0251418912157722 0.232682504506151 -0.1684758753197
-0.0663002422728059 -0.0275986237662227 0.245334185932811 -0.0605348842390833
-0.0250547013832673 -0.0706032540159085 0.207082148722108 0.0861369662261362
0.0353009623314841 -0.0550418785770295 0.0534616508718151 0.156621312520474
0.0388937153915291 -0.0115826204309728 0.000657030295012503 0.118093521887615
0.0246646738479656 -0.0242300376305903 0.0612679754197928 0.0404656209380734
0.0584011988052964 -0.0311539568831702 0.216717479622275 0.0948973053308345
0.165762440427046 0.00812263586965243 0.317627930409096 0.1184083729365
0.117752245896786 -0.0833618657275848 0.0935657216107572 -0.0239849117813193
0.0252329613686191 -0.114391967825021 0.00857383484206404 0.103626385128603
-0.0877763646658219 -0.106921562682149 0.0956390506272859 0.183216757736417
-0.145238871485381 -0.0392779156915587 0.244596365446293 0.0815998715050146
-0.147334098773107 0.0570506247418945 0.262461280693209 -0.0755716395839517
-0.112799256127847 0.112135434091557 0.222921317421675 -0.161887866673209
-0.126033161239195 0.114209880366147 0.182130635015182 -0.181979548829585
-0.150541357491415 0.0885064465223873 0.184002448651298 -0.160975976124485
-0.193751657019785 -0.00688840775812614 0.196095726847436 -0.0968432164431674
-0.146673751090368 -0.127635571786487 0.199674897006947 0.0132113529434683
-0.0266325035667732 -0.175386316917238 0.108631259664922 0.0982053463167929
0.101518701075748 -0.132850881687913 0.0562514386750122 0.113630404796764
0.162325390003691 -0.0613933126795174 0.0599634983578574 0.0624801366231949
0.185146115024621 0.00659724418668514 0.174517420644618 0.0862032912854147
0.267260867480808 0.0687630676021749 0.233239230825522 0.107102008876166
0.246982144768268 -0.113421305628514 0.0344989530481563 -0.0227072167282155
0.0842605773874753 -0.219456040375892 -0.0333889434715942 0.0858222203428432
-0.142386541298328 -0.210395652317724 0.0371623944178028 0.177011606056552
-0.249433150570156 -0.0813132282832456 0.1763448142148 0.099495679830685
-0.252053424595056 0.0698521143722275 0.189973863054239 -0.0243978243155662
-0.188454900347599 0.167749903073013 0.160492934500791 -0.0910928387864622
-0.185389937530129 0.176179102398272 0.119787940375186 -0.122565789040783
-0.207811782938959 0.149457733229757 0.108421855268671 -0.125530709566551
-0.288597500793494 0.0417817146106736 0.108744054866032 -0.112729784468005
-0.267345225310463 -0.13385253384696 0.142192277062799 -0.0625146207527665
-0.130232122089051 -0.256052350497973 0.128702719183316 0.00650396637320332
0.112128198058967 -0.261956773152665 0.105904087145446 0.0673334501969999
0.272976555119698 -0.12318444999043 0.0627043884220992 0.0727220354580508
0.298935511671052 0.0301241034422897 0.101598856093979 0.0692650286339745
0.315780437684249 0.125043403685501 0.11822747193036 0.0719742668416326
0.33136571723591 -0.0943196665775573 -0.0300215351037789 -0.0278433514507175
0.153288995963091 -0.263764367653661 -0.0654764386653273 0.0414212727019791
-0.138953711108656 -0.285584756932759 -0.0242025748390368 0.119558808081916
-0.299242764962753 -0.131548247766492 0.0733098130590701 0.0790497996201873
-0.317632899046976 0.0531187858610412 0.0796825488839509 0.0154996416383609
-0.240903134503775 0.188770021308992 0.0672291446773849 -0.0138349121334475
-0.218875483834134 0.212542040568984 0.0383390204839108 -0.0460194648167207
-0.227944932698894 0.196043809710081 0.0184452554961241 -0.0631585886702449
-0.333819017469351 0.0988641863901835 0.0030220470626959 -0.0918354529173095
-0.34786964017838 -0.102736148555399 0.0432642378995769 -0.104603637015156
-0.22864946819493 -0.281008876484722 0.0966901415452656 -0.0797799683930855
0.0885727297665226 -0.356608687528201 0.114697419340181 0.00104730396242901
0.337708638726055 -0.181932696147545 0.0464574289780697 0.0676190712002813
0.376427813346878 0.0433258483740306 0.00088730627656595 0.0431981422080645
0.304164847415519 0.158109302453811 -0.00248119919985025 0.0244077783264008
0.344058487639394 -0.0477620407769925 -0.08074925716561 -0.0319679809945204
0.193670170086109 -0.239141491975613 -0.0648619192097932 -0.00840843884152264
-0.0959903031395151 -0.298556724020754 -0.0480582300844152 0.0274390056838214
-0.281206082044652 -0.162205439519528 -0.0259583099114255 0.0126825761484174
-0.323896802820037 0.02318467367571 -0.0461696740999113 0.0253861746651658
-0.253279948578103 0.176527095533148 -0.0427569267477351 0.0522203022531435
-0.218517688462401 0.217203199391854 -0.0497698774025717 0.0366897995335233
-0.213854119427822 0.2134020940857 -0.0709326774148144 0.0184341019175652
-0.322552907708057 0.137143858820603 -0.0977245270260314 -0.0356936226088641
-0.363903613434307 -0.05805962278685 -0.0649483224235232 -0.102093515367783
-0.277020065794123 -0.25939945217321 0.0304339715999679 -0.128229135122377
0.0550785994341947 -0.387569260653229 0.079491626333241 -0.0521307509309745
0.351608250614063 -0.21032229464787 0.00490396538382882 0.055829113395347
0.40122874921377 0.0527466446235789 -0.115632391238582 0.0093827726505452
0.247669795205923 0.158840245829411 -0.10661767696795 -0.0251120780136926
0.294082984329353 -0.00953765880470512 -0.107149971641055 -0.0246237007086057
0.183151189784958 -0.181992362660928 -0.0316627154302625 -0.0372712440439935
-0.0560732512807693 -0.247025742994695 -0.026299271851042 -0.0600876240431557
-0.22090624568776 -0.144047182155773 -0.0921031090279475 -0.0723238899957529
-0.269027389394636 0.00483933228713681 -0.157594207579482 0.010575740116793
-0.218798275510177 0.141950235079094 -0.14566933539975 0.0986916627668784
-0.182926102430297 0.187627454263095 -0.130612283324793 0.112960880555994
-0.174149011172094 0.192010153076263 -0.148236341169499 0.101052976368095
-0.267858833171735 0.139750400073548 -0.179101008196061 0.0344062733897553
-0.318006617965543 -0.0253061176990366 -0.154624161805711 -0.0726467721627651
-0.261106501861337 -0.210988536303647 -0.0371900025525403 -0.13950438622263
0.037644151229692 -0.351157215351602 0.0250502970524721 -0.0775799395014035
0.32015985904879 -0.192539025528038 -0.0504885233383223 0.0437408405953485
0.363592895920791 0.0642339278231644 -0.22596041519301 -0.029643957363565
0.165582957852588 0.129706054838631 -0.184429298506024 -0.0603988969035111
0.208489702620105 0.00112252540708207 -0.110735988993469 -0.00413670868221916
0.12553620447798 -0.129934691250517 0.00848952298142897 -0.0471305278160829
-0.0468986242691586 -0.159996976134631 0.00866286089203179 -0.121624029581644
-0.148984611205078 -0.0841038422860968 -0.128367269188272 -0.136666597037313
-0.175291427074083 0.00637918456665815 -0.233081575939162 -0.00410009783744426
-0.145064242914019 0.0959813951006692 -0.220681425242957 0.12905739665425
-0.119902498856294 0.130108792595966 -0.190711234815167 0.171139406234491
-0.115602983589024 0.135447632146883 -0.20569064000881 0.16667294826669
-0.185665246768943 0.108451830049033 -0.235755787636462 0.0937314400504647
-0.230080552126834 -0.0070055439493667 -0.216836862749803 -0.0400366750839875
-0.199128773748454 -0.151875705700622 -0.0899646724497217 -0.131892837146864
0.0311896715811944 -0.26781712373359 -0.0257264025020537 -0.0865413138338452
0.250859340343118 -0.135744268481369 -0.100136719854695 0.0257432453694035
0.267574810486782 0.0712960233301727 -0.309818463583236 -0.0709371853947346
-0.11141210502542 -0.0604840586146449 0.333317602273216 0.0775863762535383
-0.12169359874956 0.0747686227627777 0.125861594684858 -0.0519365297580033
-0.00270322329809556 0.128873890600412 0.023450217331926 0.0805840444433319
0.101874748931853 0.0522507303713826 0.11590127528549 0.134891658795714
0.0935345150487363 -0.0185798306175272 0.255493870366964 0.0413812760802344
0.0701070617356274 -0.0446320336463591 0.287582288347947 -0.127702842445858
0.044014873516406 -0.0617878561346339 0.240683453835591 -0.218399431739445
0.0350692570860719 -0.0467336701100079 0.210444989434521 -0.215468454405956
0.041684614862323 -0.0321836003974473 0.234717921948549 -0.161654769574865
0.0694006187868018 -0.0214667078584665 0.246739866292568 -0.0365140217331364
0.0749918835070428 0.0197491305170026 0.180755481076123 0.115095446391881
0.0463521690385031 0.0734388023599247 0.0136453205755928 0.162999499660857
-0.0582678144651137 0.0751779801128242 -0.0154160277824284 0.0938854052866643
-0.115749905498052 -0.0142885947457831 0.0799844837511741 0.0236184037078984
-0.0660513027984281 -0.0770045396537823 0.228207417609071 0.0889886920466102
0.0288658628744754 -0.0381875430406819 0.352635699635223 0.101787322080273
-0.0150473202637467 -0.0130202291128235 0.125455131507909 -0.0373482092786797
-0.00276434083362212 0.0130326771363299 0.0333950014201883 0.0939171853026277
0.00392543244087603 -0.0146082343464604 0.124277274830586 0.155245172242723
-0.0221936242228025 -0.0192183000441154 0.266548401497941 0.0496363014076514
-0.0328581576857082 0.0141396261506989 0.28878433898972 -0.118125338750198
-0.0298796536802831 0.0305574870352429 0.245266668611007 -0.210003951762675
-0.0474180170394938 0.0367527597326742 0.209322852429964 -0.215840045179012
-0.0612212455744848 0.026623107204487 0.226450411682587 -0.172432732339066
-0.0663179121975233 -0.0258890799031671 0.242266355349351 -0.0656542537923758
-0.0261576839980811 -0.0695394352193053 0.206725346350815 0.0802835833208448
0.0342466011346028 -0.055188359505396 0.0563720867050687 0.154168790908727
0.0381310961882812 -0.0119437735289045 0.00347895745281833 0.116946006848933
0.0239936135344461 -0.0240500190100996 0.0614687392534206 0.038518523105166
0.0575126277892152 -0.0314691644435275 0.216586315517792 0.0891022592415876
0.164082777378627 0.00488634013221131 0.317359706785472 0.110788398740668
0.114645390774577 -0.0851655639891238 0.0910853439224462 -0.0262699422987864
0.0226218609246861 -0.113893076572639 0.0104390972168625 0.102242353336876
-0.0892197271222856 -0.103852123565263 0.098672231824313 0.179218862619553
-0.145147130477466 -0.0353868941347251 0.244505535000502 0.076126004753018
-0.144765235818446 0.0597260071204496 0.258593972235001 -0.0801322205813302
-0.109015546410715 0.113548982827897 0.218490528026436 -0.165145633987357
-0.122604970103373 0.115752434651176 0.176685837357412 -0.184460236538147
-0.147017362219652 0.0906868259395078 0.178994728031259 -0.164154927492044
-0.192235419916387 -0.00242287195595845 0.192316450821514 -0.100891302461315
-0.147940622599159 -0.122244331575879 0.198671567792758 0.00803742731718505
-0.0302723058676163 -0.172955249693201 0.109608100524149 0.0955876351098211
0.0973956644358844 -0.133528888738117 0.0585927920317505 0.111288105522557
0.159944278791386 -0.0642635887680133 0.0603430287014677 0.0601085317752013
0.184118502936429 0.003036168672615 0.174828664859161 0.0817740034664911
0.267384677223679 0.0623450372367292 0.233449114710044 0.100644542484283
0.241517638137401 -0.117608009927328 0.0330753586873289 -0.0233386907130294
0.0794419044312484 -0.219226903016337 -0.0317681944059114 0.0853318128989002
-0.145772113685566 -0.205200792839722 0.0403784819790703 0.17469428563343
-0.248920450601164 -0.0750728362360368 0.176382346077431 0.0952510587266243
-0.248556189407297 0.0760806067315199 0.188329409942316 -0.0276984104180056
-0.181901411143495 0.171233066166891 0.15844527453459 -0.0943949095264707
-0.17947867853841 0.179165780418234 0.116135104487932 -0.124338142940487
-0.201943555540033 0.152848379728739 0.104778406092788 -0.128214285314249
-0.285169592773485 0.0483513500195104 0.105058382086334 -0.114396685004486
-0.267964114983148 -0.125962881870786 0.139074907006728 -0.0657532842944931
-0.134725303179101 -0.250786363248985 0.127862545507614 0.00324703051573263
0.105695511734416 -0.26190892341626 0.106681962506172 0.0644928965755264
0.267661974864954 -0.128141473059156 0.0628753939309747 0.0709668746239546
0.296180984208475 0.0240222104202972 0.1023424017622 0.0663681539311847
0.315050210549604 0.117967093474289 0.117669387692969 0.06954437605863
0.326244967598524 -0.100929790382942 -0.0313076821190308 -0.0269376238349059
0.147101361874762 -0.264624271467594 -0.0645082922073099 0.0413590170222415
-0.144465708440695 -0.28003807554166 -0.0218402591528595 0.118826941077273
-0.298938290936115 -0.12430249539025 0.0736940445902432 0.0767549144031522
-0.314390739996323 0.0605035792582223 0.079458082630547 0.0137126747688709
-0.233973063726226 0.1921733766874 0.0669971129929402 -0.0159821104443942
-0.21145783323651 0.216434997990288 0.0369272229596355 -0.0464221301483672
-0.220876100046837 0.199742354274338 0.0171749527199413 -0.0632737130683843
-0.32835670419919 0.105362744640349 0.000423329176380612 -0.0913487050822406
-0.347223554280079 -0.0932739449408345 0.0404999594400617 -0.105015616218427
-0.233389643060605 -0.273060999096313 0.0938066259203973 -0.0818384142314139
0.079633902539118 -0.355422689779007 0.113800869328635 -0.00125642592511054
0.330539077762019 -0.187623281312776 0.0470611284471698 0.0663672262085367
0.374526639990485 0.0361906825356704 0.00153944532930148 0.0421316981440209
0.304405166707401 0.150577308682776 -0.00215310297060754 0.0243685507430064
0.340037874100073 -0.0551522894545598 -0.0807708205706902 -0.0304531328584692
0.186820605115735 -0.240334451136729 -0.0647855522819626 -0.00750222484400551
-0.101299967069399 -0.293066763219659 -0.0475802745286762 0.0280133466439169
-0.282997343197722 -0.153636567293945 -0.0262046106722855 0.0129997520308599
-0.319702019936603 0.0311778695271392 -0.0454055472559117 0.0264422220381344
-0.246221424629685 0.180762928971487 -0.0402780824908957 0.0523013687840661
-0.211151497564643 0.220869824465771 -0.0485634149755439 0.0375269065067196
-0.206975968318277 0.215779060775811 -0.0704994187186589 0.0194261619731296
-0.31606059442422 0.143751318476797 -0.098080389155122 -0.0331412524429482
-0.362209267293439 -0.0479573481339375 -0.0673304204944824 -0.100342176863838
-0.280552522620938 -0.249363955960828 0.0268488134505487 -0.12898808598223
0.0475513999018443 -0.3842599896664 0.077917172395901 -0.052852105132842
0.343479190631881 -0.216115463042103 0.00640576423438385 0.0559748061735507
0.399499601017603 0.0440403942662847 -0.114409245193212 0.0117949496574703
0.248992209539397 0.151847813793067 -0.106402763441015 -0.0217063022068548
0.291293855735052 -0.0156958477616323 -0.106559859243896 -0.0214042243075687
0.177774337426765 -0.184514239111975 -0.0329048600265472 -0.0367029835546358
-0.061034539094952 -0.243499524621279 -0.0274879642970376 -0.0591359378994728
-0.222406487306242 -0.137408727958071 -0.0932366824790397 -0.0699467735660281
-0.267076522120256 0.0119826886937924 -0.156419359131524 0.0144758779831381
-0.213132877116414 0.145512840635074 -0.141842796510431 0.100614534073233
-0.176424348817267 0.190557642109837 -0.126626357055723 0.114755297554275
-0.168036856785316 0.194280925990171 -0.144757436555103 0.103147593725593
-0.262613007531913 0.144678155474559 -0.176821675346611 0.0382921685572637
-0.315683881382689 -0.0174569312407528 -0.155185933944957 -0.0691294074348897
-0.263416782834249 -0.202778725739653 -0.0400714769720148 -0.137681923503468
0.0290716568352309 -0.34858591182549 0.0229924629357681 -0.0767774336852423
0.31356909213042 -0.198111987137002 -0.0487110991221177 0.0450658058295894
0.361790781573614 0.0562339252351905 -0.224889767591892 -0.0242573174840543
0.167223118687335 0.124973095087654 -0.183920044546624 -0.0557072555471936
0.206984806569774 -0.00333443317376345 -0.110068834983628 -0.00150376309377836
0.121413477150986 -0.131499283629747 0.00718959223974101 -0.0471430004920275
-0.0500203726359963 -0.157402487307453 0.00581663233322687 -0.120707691984826
-0.149322685386268 -0.0799618231662282 -0.131140906023088 -0.133199547978232
-0.173935928688336 0.0111779303591271 -0.231401838100411 0.000960361413888799
-0.141356527189526 0.0980576926211077 -0.215621437095691 0.1328813570944
-0.115987485160248 0.131717552226089 -0.185051811912325 0.174256736720662
-0.11098966384396 0.136305860288904 -0.200528399296935 0.170155769661896
-0.181441925162449 0.111604096245598 -0.231237979810126 0.098598994223606
-0.228570387642422 -0.00130838957116974 -0.215645594198768 -0.0358463424884618
-0.200373394550135 -0.145906954166879 -0.0930585105740017 -0.129331652788338
0.0259073470638924 -0.266024544702033 -0.0274151824613761 -0.0851244429774129
0.246119644776275 -0.139140905150132 -0.0985660576924206 0.0281336446206655
0.267090213598982 0.065747109813479 -0.308353777795752 -0.0636804845062036
-0.111388281326781 -0.057467385740636 0.331707377598742 0.0688701047331808
-0.118627909447422 0.0764442698869203 0.122646349838752 -0.0544465498639558
7.06171897086546E-05 0.127611271465817 0.0245318679228467 0.0791435080167545
0.10180020373615 0.0491620850899182 0.117359445442904 0.130900668240153
0.0927291865603916 -0.0206183448201836 0.253742091482501 0.0356572768495688
0.0686954973305741 -0.045700978662097 0.282224934364383 -0.132047440805917
0.0419893407056228 -0.0619894988372083 0.232983089098575 -0.220537906352513
0.0334560614974818 -0.0469189573669654 0.203417055825459 -0.217799413842651
0.0405304780833883 -0.0325441183015994 0.228081641043672 -0.164997268747767
0.0679577844363009 -0.0228587911613248 0.242941605427635 -0.0419736139081358
0.0746231186761283 0.0175972459867244 0.18151078210482 0.110232697866414
0.0478443360868938 0.0714403302326492 0.0174161632655409 0.161098759864427
-0.0562689193281454 0.0762512309099064 -0.0121496140832119 0.0927894315010389
-0.114763732714927 -0.0110842889726204 0.0791356014397546 0.0215473981028085
-0.0668430073738753 -0.075341406942101 0.227404684979616 0.0828800981618308
0.0278159576309684 -0.038190248153128 0.350335781417533 0.0921340134638401
-0.0152580002515511 -0.0126761382248098 0.122247817146864 -0.0401995237541415
-0.0021498642806344 0.0126846122551355 0.0346252011519634 0.0919857702426608
0.00339432950667419 -0.0147669577932476 0.12566597314056 0.150799782049607
-0.0223085474158547 -0.0186564807593769 0.264701039275766 0.0442434579704042
-0.0320637709134712 0.014781265127233 0.283618723630472 -0.122428181381712
-0.0288667508292045 0.0308905580015489 0.237195282860099 -0.212578475371655
-0.0457513232398704 0.0377804493541564 0.202850989953928 -0.218305265290949
-0.0595469649911266 0.0280864666099968 0.220066840093057 -0.176506095248129
-0.0660528394855813 -0.0241223893232335 0.237498879434835 -0.0703677429577633
-0.0280109907151707 -0.0681859610974923 0.206347567295917 0.0746279476626838
0.0332208942222044 -0.0554916237694274 0.0589472608668378 0.152089739615341
0.0375403143809145 -0.012542998951026 0.00621995070042322 0.115305245270973
0.0227736334704163 -0.0238416622173008 0.060834495642885 0.0363889433957324
0.0567359275319775 -0.0323362476965284 0.215360378387254 0.0834412380443228
0.163013380629995 0.00203939584704716 0.315713501304534 0.10236921205592
0.111398756609635 -0.0869993029951964 0.0886760273083401 -0.0277583586749463
0.0202037321169788 -0.113375358855467 0.0117404047540251 0.100406631169047
-0.0904237113627565 -0.100347151376734 0.101187325254167 0.176179801174528
-0.144304054128298 -0.0315980029474306 0.243797442411673 0.0705045473296647
-0.14199746184406 0.0624959864516681 0.254353618050643 -0.0841720655861343
-0.105119026487205 0.115357075309105 0.212318529507006 -0.168612902844699
-0.118652681256679 0.117079582630627 0.170459358892316 -0.186888856199184
-0.143277522135585 0.0932231683094377 0.173223449618494 -0.166789205898061
-0.189743492949721 0.00198041203858992 0.187561500457413 -0.104517724442623
-0.1493148966323 -0.117360138052153 0.196777750441017 0.00250289478509348
-0.0338064883107317 -0.170401470287074 0.110248049962029 0.0916061921692593
0.0936576980029353 -0.134173742996047 0.0605051814727266 0.108993352988826
0.156375557946014 -0.0670371973254838 0.0606288957175018 0.0586221601380796
0.182352241208956 -0.00064998694992016 0.174139777383107 0.076449207490918
0.265998263966198 0.0561146116058574 0.232170546553384 0.0945025544241174
0.236077656638632 -0.121751637558746 0.031474592049721 -0.0243613192343832
0.0734919691196041 -0.21894349565989 -0.0304393211463356 0.084176972672229
-0.148437930989414 -0.199825697903202 0.0433675654899991 0.172739838895756
-0.247608839687638 -0.0686026965339813 0.17697429422379 0.0907149830893565
-0.244018130323478 0.080888555101206 0.185503132904044 -0.0311081596865093
-0.17599802140239 0.172867629130505 0.154234770353331 -0.0972642059841533
-0.174007763868582 0.180638158037117 0.112129649689924 -0.125733815694545
-0.196562517522483 0.155491861108736 0.100733023294203 -0.129746818710828
-0.281304856741178 0.0543750236722256 0.100644205363773 -0.116028525083763
-0.267629130627055 -0.11831956298414 0.136414132097521 -0.0687191280860242
-0.138307810946368 -0.244934500570301 0.126275479410993 0.000408630460579632
0.0987013590740808 -0.261367649456932 0.107498373137034 0.0621674925781084
0.261820918400146 -0.13271190069 0.0635647438996971 0.0690381912998714
0.294356900535252 0.0183293905815031 0.102408550001908 0.0632220144081554
0.315505147056004 0.10844782398266 0.117440897270962 0.0665403380774827
0.319654645670828 -0.106513003050211 -0.0321306071762354 -0.0261269719288171
0.139985549581564 -0.264779400509235 -0.0633577231355843 0.041443930686215
-0.148866838813296 -0.273245231484004 -0.0191589423082723 0.118186163950631
-0.298594322472225 -0.115186238934965 0.074461613804181 0.0746628429761724
-0.309272935118694 0.0677782069519052 0.0786556256045219 0.0123713022062374
-0.226659001612153 0.195534502349795 0.0664452969296061 -0.0172803766028233
-0.203811447959786 0.21836689981684 0.035484553961504 -0.0469223854326795
-0.214404804670468 0.201467836829802 0.0150103134188676 -0.0634460229492647
-0.322221515786908 0.112279441397144 -0.00151425480370032 -0.0900425829210978
-0.346235715423773 -0.0836452706122384 0.0373894173399852 -0.105368669506734
-0.236383120760008 -0.264570948153157 0.0909716044917098 -0.0836249259513958
0.0711121426974827 -0.352502655132072 0.112670698700438 -0.00335930627859726
0.322618142366921 -0.193743594188521 0.0484919928746543 0.0656289865475771
0.371307202746005 0.0282075930281767 0.00258374201439992 0.0419843146987413
0.304742107732294 0.142047742080439 -0.00201628512003126 0.0240065176895787
0.334496763771943 -0.0629293416119685 -0.0814021845800118 -0.0278397373792262
0.180223453752623 -0.242138308406745 -0.0648398707702269 -0.00722110626193869
-0.10695328924466 -0.28746494045903 -0.0466404401418373 0.0285860590375484
-0.283017324640545 -0.144709284258233 -0.0260619396136104 0.0133778544100001
-0.316264397270014 0.038788850592609 -0.0442805377567265 0.0276943883165531
-0.239445675109705 0.183874232263681 -0.0383338903860541 0.0520230400154187
-0.203136206294992 0.222494927912326 -0.0474670036877643 0.0382277915049242
-0.199502297001335 0.21769596671677 -0.0692445617563796 0.0201594710935052
-0.309343391783111 0.148795575833574 -0.0985637982969808 -0.0306380511492141
-0.358501986014306 -0.0396197859468245 -0.0688412020280846 -0.0986250361959452
-0.282617287701403 -0.241057081573638 0.0236362217743794 -0.128829859789973
0.0373182305866573 -0.380905495130708 0.0759789289628142 -0.0536545066852906
0.334651798789138 -0.221775728572049 0.00735891253523453 0.0559345024970154
0.395794516234489 0.0353729022832543 -0.113236621078622 0.0143514664333992
0.249779795401865 0.145308757163109 -0.10578960682938 -0.0193314621259306
0.287634096080566 -0.0222820659122727 -0.106071378042333 -0.0188065261838342
0.172534986385272 -0.186214234687928 -0.0339855940467694 -0.0362789328074685
-0.0654927534859235 -0.23953612193045 -0.0291043119455067 -0.0583061711107033
-0.223074821073025 -0.1307864908974 -0.0945266476382727 -0.0675851145867457
-0.263131189852907 0.0184411586694509 -0.154051069833206 0.0181698685762245
-0.207065693420169 0.148440090857519 -0.137394009540496 0.102678554259178
-0.170200865420098 0.19193617090181 -0.122912890112936 0.116483485570241
-0.161621222259325 0.195352164079155 -0.140814194392646 0.104729056187869
-0.256145695277103 0.149606511018055 -0.174285226273843 0.0417002156464813
-0.312484854921141 -0.0103704961477876 -0.155135241902058 -0.0654657697181765
-0.264380322708043 -0.194165765334556 -0.0431638579498794 -0.136048165225863
0.0218708154456508 -0.345351310846272 0.0212414626537617 -0.0763286383878371
0.305195025612357 -0.202367177687419 -0.04709193256918 0.045771029039611
0.358811082538368 0.0489158368347854 -0.222629966653931 -0.0194177963004343
0.168310019706071 0.120115347396419 -0.183260390100641 -0.0507227518689282
0.204849166633499 -0.00792337800278215 -0.108741866983278 0.00121025351081929
0.117626347427175 -0.132614420725321 0.00564645426484303 -0.0470230608168424
-0.0528439866930161 -0.154768498005842 0.00278054758216332 -0.11947014964267
-0.149536559909782 -0.0752510862421828 -0.132667828656663 -0.129299561313525
-0.171675427730718 0.0153446017770712 -0.229208201137822 0.00638308775596545
-0.137599228917201 0.100072332987368 -0.210266191761612 0.135788522737237
-0.111308170340024 0.132338074516489 -0.178523679980543 0.176898870395423
-0.106952143208979 0.137034938222412 -0.194435626128798 0.17321209666389
-0.17687848224194 0.11445967975719 -0.226859454624833 0.102362598286088
-0.226700247899068 0.00417691127946386 -0.214899565714228 -0.0308207882919802
-0.201504670946177 -0.13939153396156 -0.0948209341528162 -0.126812052447837
0.0197475216910269 -0.263937983662179 -0.0287650767823285 -0.0828046129390921
0.240388398739737 -0.143512551425688 -0.0964824469725645 0.0304015431339283
0.265584684816727 0.0601151583958395 -0.306382721135567 -0.0560309485358451
-0.111140301628095 -0.0548884539959991 0.328676213116147 0.0611673355695901
-0.115319243266305 0.0782687401274625 0.119301596813724 -0.056560814544266
0.002961056676543 0.12545621809535 0.0256836203766176 0.0781547800136056
0.101896073598041 0.0464736133196778 0.118371084120723 0.127654613640562
0.0904495388665937 -0.0224436025881823 0.251682973564197 0.0302461356674471
0.066678952581813 -0.0472408163702738 0.276384319640579 -0.136649825004955
0.0398375047596458 -0.0617634291719601 0.225406465601062 -0.222333059924822
0.0321660617770802 -0.0470672671533708 0.196250928995444 -0.219245713618795
0.0393590143579321 -0.0325588979874322 0.221449965426856 -0.16823371316347
0.067220689082206 -0.0243746897502095 0.238455951266176 -0.046514161668773
0.0740521501710616 0.0158148335860619 0.181117864646538 0.104654435275459
0.0482053651292078 0.0697285352932892 0.0208919206883941 0.15963699844029
-0.0543606521021245 0.0765860207626118 -0.0102120266914785 0.0913649317825427
-0.113498005638197 -0.00872402672837676 0.0780186841122037 0.0189934718872889
-0.0675413578687555 -0.0732757136291467 0.225720035302909 0.0768883820931221
0.0271993753235186 -0.0385284922690288 0.349426190168208 0.0829373283575238
-0.0154509690034042 -0.0120712576278293 0.119000601016667 -0.0420402764420683
-0.00156015673604538 0.012191179048792 0.0358196698646299 0.089942412321666
0.00313505024684792 -0.0146047639054661 0.127056654826628 0.147198253183102
-0.022421409269925 -0.0177908677549442 0.262124425806625 0.0379233158675173
-0.0308370823202986 0.0154697737067144 0.277512229869109 -0.126974119656771
-0.0277298385314174 0.0311733821093177 0.229992273402429 -0.215170337213987
-0.0444500423446281 0.038113667223963 0.195562051980218 -0.21980336968718
-0.0576818023723847 0.0290078614402719 0.213671961128176 -0.178582786088638
-0.0657729896706379 -0.0222293157568155 0.232961354740493 -0.0749114297306007
-0.0286696559850391 -0.0663813227236201 0.205498038653363 0.0687352753585959
0.0312053045827423 -0.0553051049830372 0.0621387343548373 0.148869192643152
0.0368098258184175 -0.0129409875816154 0.00908960191642534 0.113704536384974
0.0221201897682973 -0.0240951512915116 0.0606042603715257 0.0348018534516227
0.0551728089013633 -0.0333088182906349 0.214296774779085 0.0779909654378325
0.161305003654354 -0.00177792641206044 0.313770718927337 0.0948559740643609
0.107785486268568 -0.0882366810768131 0.086267004271718 -0.0295586547110038
0.0172181087889506 -0.112257786516709 0.0131292993365912 0.0985322303109933
-0.0913090240355173 -0.0970383568406622 0.103453560804711 0.172368012077821
-0.143096341963749 -0.0279289591234898 0.242017615196193 0.0647336261246468
-0.138398414597641 0.0647979100525036 0.249909024092069 -0.0885260918428927
-0.100917103700346 0.115942489657353 0.206332700868632 -0.171130667042774
-0.114544123329109 0.118632206739657 0.163644422890945 -0.18779255452488
-0.138732253586665 0.0958853499988613 0.167357252012668 -0.169350051254642
-0.187870350841285 0.00636662952520155 0.182416308670714 -0.107201397811612
-0.150080189189176 -0.112828930446125 0.194211083347697 -0.00227551135113308
-0.0366759252317081 -0.167817530885212 0.110697713541423 0.0879408484733969
0.0900161740011243 -0.133775226455038 0.0621341123006517 0.106243430364244
0.152574134224065 -0.069325583196432 0.0608302462200641 0.0566054271708478
0.180476722621621 -0.00411044849900529 0.173033446361011 0.0727111944773995
0.264463020718214 0.0498031245550617 0.231457176522172 0.0884871804586386
0.230822415627564 -0.125534335336773 0.0295628149926677 -0.024173190321331
0.0683490213630526 -0.217607340237603 -0.0293413461382749 0.0829160572093234
-0.151054066146219 -0.193998422222669 0.0457367832401147 0.169875269953347
-0.246003508445367 -0.0620734629317326 0.176347418921331 0.0856394108861791
-0.238763183065608 0.0856645682397816 0.18338395623958 -0.0345161032660637
-0.16975036611668 0.174386268124865 0.151161070757927 -0.09928710742936
-0.168300243389086 0.182607938200532 0.107821608728768 -0.127155812206049
-0.190678594484511 0.158218855665844 0.0963085899152725 -0.130202002219871
-0.276822819563255 0.059892579205043 0.0968655960369686 -0.116557401026315
-0.267119064818714 -0.110623810048049 0.133231127939872 -0.0719749033312097
-0.141745924461671 -0.238740936558631 0.124913327268053 -0.00275908194008332
0.0929936347964551 -0.259261291617028 0.107110055441066 0.0587990998696742
0.25605604194415 -0.137265462720037 0.0637497979470005 0.0669968865548057
0.29151073346135 0.0123701507811002 0.10210867859277 0.0602138152401136
0.31468468302028 0.101718082639703 0.117264215089632 0.0628842817918975
0.314267510520769 -0.112271847685701 -0.0329411020941502 -0.0250350712119829
0.132378966700779 -0.2646772630556 -0.0631690292775713 0.0412953040568451
-0.152911971945202 -0.267294089600978 -0.0169243884616917 0.117561592708592
-0.296868612326192 -0.107655656806016 0.0749695470409336 0.0722736948250954
-0.303939385023594 0.0739872787118262 0.0783012247174249 0.0108288485368874
-0.219009252979662 0.197717149666633 0.066283835717288 -0.0188575685772274
-0.197107292070107 0.219355678344322 0.0339707228356944 -0.0467236603252261
-0.206649674036126 0.203512964187542 0.0133600293131501 -0.063469620151972
-0.316071654436795 0.118484334979583 -0.00354818443330306 -0.0887618867021047
-0.342954036340395 -0.075402341847726 0.0344619805618921 -0.10645846493738
-0.23858361325279 -0.256011643289905 0.0878908131221986 -0.0849731355886975
0.0629459922157853 -0.349759654307681 0.111509126124355 -0.00574130244826392
0.315398376565133 -0.197455290806374 0.0484148802504115 0.0645074352803379
0.368042012167721 0.0206958793985915 0.00343336618680516 0.0409358302959508
0.305334770826655 0.134554908208283 -0.00151256350355424 0.0237465334961142
0.329244094353736 -0.0686835893116221 -0.0812395968170964 -0.0257973830582138
0.173601243572838 -0.242611642550309 -0.0652270248163923 -0.00656472645241443
-0.110990278574175 -0.281995134552901 -0.0462032328622424 0.0296461908266115
-0.282421653630506 -0.136908078979099 -0.0262977463098495 0.0140183594310572
-0.31145047015859 0.0455141574631195 -0.0430424426549484 0.028493746758278
-0.232028307136934 0.186758512466338 -0.0359999377926352 0.0520428391580434
-0.195723650601587 0.224105272282712 -0.0459321984144278 0.0389283807574077
-0.192717163128012 0.218959262878929 -0.0681927021828059 0.0213257792278181
-0.302024841394668 0.154093094849051 -0.0983499495634189 -0.0276605378768073
-0.355185437437928 -0.03246609164485 -0.0697301373395787 -0.0967654378996471
-0.284195305539489 -0.231772576318151 0.0200336119035049 -0.128490002435446
0.0288864386216061 -0.377634337260285 0.073775951939462 -0.0546265784305046
0.325984485007886 -0.225959698212251 0.00876880746065609 0.0556995049233298
0.392391761829532 0.0285708411834363 -0.111559679511246 0.0164557727373912
0.250612412167365 0.138349540319942 -0.104731292841757 -0.0166893198922975
0.28372242134603 -0.0282591409510911 -0.105545775868456 -0.0162623961944908
0.166681298609387 -0.187271387127843 -0.0347469816584806 -0.0353473498522181
-0.0699153917321268 -0.235041232099076 -0.0302192377027505 -0.0567209547956249
-0.223189536398416 -0.124295318114781 -0.0954948838038402 -0.0647971041880459
-0.259895810542152 0.0241979625898363 -0.152205992994139 0.021686822590116
-0.201129256327488 0.151471927819541 -0.133239497100676 0.104118065532872
-0.163606783206294 0.193596547161164 -0.118559834842977 0.117596961804552
-0.154814982774436 0.196445730825658 -0.137014953537467 0.1067709061374
-0.249752894195233 0.152931736428131 -0.171511765170199 0.0450879964840337
-0.309021107796378 -0.0024145063593192 -0.15452043959625 -0.0622828116968208
-0.265447922285014 -0.186510904516377 -0.0459330244783107 -0.134055604591135
0.0147199376584913 -0.34124860515266 0.0196901469970725 -0.0755892857540132
0.298025928685774 -0.205968419124415 -0.0454465860278317 0.0467511697061336
0.35593200408329 0.041369355772504 -0.220434652897736 -0.0142106507915811
0.168929274681363 0.11517699028206 -0.182764599944987 -0.046062331958104
0.201764788850515 -0.011834101265626 -0.106927639267448 0.00332166109458077
0.113690361825775 -0.133245662484116 0.00435969234396708 -0.0465404013977529
-0.0553046520295087 -0.151035977964128 -1.38224895165281E-05 -0.118259094194196
-0.148642094022489 -0.0707833855113425 -0.134729697257288 -0.124891555021984
-0.16892507176781 0.0198097543501713 -0.226244523479753 0.0118605416578264
-0.13385774517955 0.101694424457916 -0.204258169117459 0.138696151979465
-0.106945789305093 0.132958474081941 -0.172271868164779 0.178467028653443
-0.102505831723183 0.137404814957878 -0.18826924575351 0.175302859833854
-0.172433120387644 0.116783501397203 -0.22171392598798 0.106639587335623
-0.223364951691151 0.00929230895550185 -0.212595075416449 -0.0260003366115382
-0.201613364547759 -0.133578734289555 -0.0963257220712347 -0.12370664083746
0.0140592917499482 -0.261024042767235 -0.0301349043074392 -0.0809412757141981
0.234570233409407 -0.146316514759035 -0.0939071174238201 0.0319015721292605
0.264007473702545 0.0546759197764586 -0.303291796573361 -0.0488979594797065
-0.11093398458369 -0.0518919127432761 0.325768921664697 0.0539517224560601
-0.112450203397261 0.0791451558807377 0.11591720612045 -0.0580830827168118
0.00524333504254219 0.124076222877635 0.0266139724755096 0.0767390176902792
0.10097721449254 0.0436611881591878 0.118720145328876 0.123758611276169
0.0895701581265787 -0.0240622486551789 0.249201415630353 0.025892953525459
0.0649877782010971 -0.0481776126544244 0.269489748409929 -0.140617048240328
0.0384145357256804 -0.0616060688638043 0.217544393656908 -0.223624763425373
0.0310012869012969 -0.0468122932179499 0.188895392297559 -0.220857767232992
0.0381077972724895 -0.0327101402525496 0.214842655418206 -0.170651934388548
0.0654945972287768 -0.0256612718877371 0.234371191494796 -0.0509678574934248
0.072900629863553 0.0142126570563007 0.18098169011577 0.0996085715943153
0.050048187518303 0.0676300294939383 0.0245235393741266 0.157227417833354
-0.0519709488933534 0.0773041804639584 -0.00772440972638082 0.0900802957351795
-0.112375363674858 -0.00598413191911899 0.0770115901105995 0.0174487785000983
-0.0679362382012052 -0.0710352462020188 0.223385808508057 0.0718237025892554
0.0260013345667614 -0.0382853074481814 0.345195342814034 0.0750760231834256
-0.0155906358690105 -0.0113381593649974 0.115926811402104 -0.0438780692037576
-0.0015179302079373 0.0121250055635138 0.0361986993582369 0.0875084598568096
0.00321319900772512 -0.0144936934736658 0.12774864789502 0.142929782135261
-0.0225668708493818 -0.0173654233578393 0.26003545536212 0.0330489986069554
-0.0297130329028045 0.0156209455832044 0.271827263834071 -0.130911770555038
-0.0265786142343421 0.0311060776767946 0.222526767870378 -0.217625900502853
-0.0430819769094818 0.0384866168676564 0.188163076819557 -0.221397998719862
-0.0564154885652216 0.0298889286806813 0.207079754671586 -0.180560817461446
-0.0652179186724745 -0.0207479470352039 0.227463395240822 -0.0788003226201456
-0.0296572633861514 -0.0646669063743107 0.20428078326437 0.0637911334791206
0.0303146250475474 -0.0551367626685349 0.0637460586727046 0.145998721842113
0.0360500339129603 -0.0135804825465413 0.011572891960305 0.111730378210543
0.0214308661366908 -0.0237227008698353 0.0601084470587967 0.0327416028991436
0.0545087394389469 -0.0341715515371354 0.212331608654525 0.0729475456779077
0.159471464049774 -0.00452253421209749 0.311909187536584 0.0868446026496969
0.10440238595872 -0.0889869224689488 0.0837617918525341 -0.0310727719282987
0.0149966129960811 -0.11138396262366 0.0141155960670852 0.0964875104621981
-0.0919683668731938 -0.0943118537461101 0.104833834241874 0.168307205211378
-0.142003839793443 -0.0244916695106937 0.239551049121402 0.059193849748676
-0.134973760150691 0.0672263636502631 0.245680154336507 -0.0924765294957937
-0.0969137104360237 0.115998005027457 0.201128961077236 -0.173888875039221
-0.109781558128343 0.11931894121539 0.158237668924019 -0.189319378935608
-0.134615041622212 0.0967395911721357 0.161178824734132 -0.170483625812035
-0.185172124267968 0.0102027520098292 0.177345486308398 -0.109349570427748
-0.150231676713694 -0.107622722828168 0.19131023039465 -0.00667244085548676
-0.0395113392623941 -0.164259604853974 0.111282139636255 0.0847381315163875
0.085927034680612 -0.133869101699568 0.0638588023274872 0.103639834157778
0.149435783650504 -0.0715131739466346 0.0602332179645957 0.0547966994177173
0.178317217795172 -0.00716635988094042 0.171739659048331 0.0681908252127281
0.262771112450054 0.0442510627796439 0.229632316422581 0.0834422906197265
0.224658836975181 -0.128392536334056 0.0280372609982201 -0.0245158125685275
0.0634332155438105 -0.216414505455786 -0.0281793937914482 0.0820391698280938
-0.153057439809981 -0.188156516755357 0.0483772025256089 0.167189864410189
-0.244414378218725 -0.0563742736145197 0.175308129471146 0.0814938091787568
-0.233693384472222 0.0897030395610368 0.180486294619292 -0.0374890863832621
-0.163757717171429 0.175497253774142 0.147140002102344 -0.101186329566782
-0.161339917706098 0.183470790051322 0.1036695248113 -0.127632010334926
-0.183875306996856 0.159558202946143 0.0921211842618809 -0.13116788843608
-0.271555893924071 0.0651951291799517 0.0927074973318466 -0.116781106626768
-0.266532324010941 -0.103881550848652 0.13056970669571 -0.0741144910450934
-0.144432701582952 -0.232031781627077 0.122775976442945 -0.00517231355579914
0.0863188534899338 -0.258242398666498 0.10738331982385 0.0563411624630009
0.249197017930306 -0.140307817697586 0.0633301486529353 0.065428467473151
0.28828874697376 0.0070318646413144 0.101410197900484 0.0571321145649392
0.31229031704993 0.0941650273655893 0.116798913773285 0.0602455123248452
0.306835637656877 -0.116900091363201 -0.0335526744376445 -0.0244215280218525
0.126416079623973 -0.263568468136161 -0.0622434073164596 0.0410068717443558
-0.156421578753593 -0.260098589126091 -0.014342084871274 0.115876392834447
-0.295307297110804 -0.101003626684732 0.075101889407365 0.0698896564961079
-0.298182926337366 0.0793099520757282 0.0778015411547819 0.00944556731222859
-0.212084348223038 0.199030065678966 0.065096795094874 -0.0204139793429727
-0.189007542624771 0.221008481266574 0.0329308758496236 -0.0469630647897006
-0.199624048302768 0.204282517812743 0.0119573437512067 -0.0635685107874989
-0.308666299737428 0.123329374347366 -0.00623940686340166 -0.0877332982172403
-0.340896203082438 -0.0672361372142782 0.0321055958880201 -0.106330443305541
-0.240938160694712 -0.247771057224461 0.0842953954128374 -0.0862396622474404
0.054546516203818 -0.346173885920639 0.110610110437882 -0.0071162860710676
0.306480352872938 -0.202029811196407 0.0490687325182186 0.0625412013972057
0.363763725193688 0.0142750963906654 0.0036175739026638 0.0405735024481594
0.304421420871149 0.126811360615723 -0.0012097762226078 0.0235232097534098
0.323254024829174 -0.0743445055441937 -0.081047232054665 -0.0237898120464064
0.166271716200571 -0.242874925536381 -0.0644662663291255 -0.00597920477437053
-0.114963483047731 -0.276025150725852 -0.0453420734866349 0.0299344974737016
-0.280757623499914 -0.128710920933801 -0.026405509871722 0.0142326090963183
-0.30607286680051 0.0521301092334865 -0.0422707550266232 0.0295663275937196
-0.224292204152503 0.188434627103209 -0.0342371158297017 0.0520348189753469
-0.188230954347948 0.224781502712178 -0.0447856725800082 0.0391929093063982
-0.185518094221981 0.219593788483346 -0.0671938298650323 0.022037886056812
-0.294819648606642 0.158954547619984 -0.0982115296980221 -0.0251844516331844
-0.351328667725043 -0.0232854852511582 -0.0715665705699625 -0.0952025401332405
-0.284192096789124 -0.222169206770902 0.0168801308626005 -0.127433173817374
0.0227271516395002 -0.373435848536104 0.0724982635697682 -0.0547214749802223
0.317101365013502 -0.229703978715639 0.00972478296538585 0.0554614135341391
0.387122177336762 0.0208676047019606 -0.109726740409756 0.0184296832991389
0.249706026665972 0.13155707645593 -0.103541182676513 -0.0145629708400319
0.27916155412486 -0.0338127534071409 -0.104462099346764 -0.0139542680594591
0.160519818516352 -0.187295553239621 -0.0354402818269094 -0.0348415388429878
-0.0735965517189238 -0.230473076085325 -0.031301100081192 -0.0556414094241406
-0.222137664417861 -0.117373599139759 -0.0961182036471151 -0.0620779868484253
-0.256389460749005 0.0296921844703053 -0.150087262182163 0.024604894831505
-0.1948540991473 0.15321975363829 -0.129147667761742 0.104943341556979
-0.157018491440618 0.194137991105296 -0.114455338026108 0.118331074296699
-0.148856991145427 0.196185028798942 -0.133312919494826 0.107925362872957
-0.242628305071258 0.156116428963245 -0.168596840918677 0.0481075582928432
-0.304745037276891 0.00331805604216882 -0.15376730033355 -0.058702824980239
-0.26471520225713 -0.177865597736913 -0.0486414141337797 -0.132081347578996
0.00797144030784483 -0.337389190359349 0.0183034458765839 -0.0742873424895451
0.289606590663118 -0.209785391562249 -0.0437431600602604 0.0472958669449791
0.352097850068912 0.0352563086770849 -0.217761750434743 -0.00952845481512837
0.16894989221789 0.109805449705394 -0.180671854589067 -0.0419164065814591
0.198760353842428 -0.0159434157838316 -0.105432980139644 0.00555160577651991
0.109882417031717 -0.134098429277041 0.00299637337956437 -0.0463270887577721
-0.0577192930807486 -0.148089667861845 -0.00223982926569165 -0.116837831891391
-0.147979413518976 -0.0669202849445836 -0.135537274091001 -0.120960251006805
-0.166780177263808 0.0232140972500074 -0.223553513136071 0.016353353893225
-0.129929721813597 0.103468610323003 -0.198779998917505 0.140858436126946
-0.102528673522955 0.133185414146898 -0.166157645661458 0.179636094903998
-0.0979900305732917 0.137089062483429 -0.182438048877867 0.176196970589575
-0.167368808748989 0.118962973406138 -0.216728342468514 0.108829566199702
-0.220299140850686 0.0129949114755416 -0.210774838260249 -0.0223420192100033
-0.200346585178866 -0.127616343299533 -0.0980838550479913 -0.120590831798562
0.0084847371467287 -0.257882672187179 -0.0312672542489243 -0.0792666505647669
0.228383639698335 -0.148836567324055 -0.091420663888342 0.033877081567658
0.261669936866565 0.0489386617165446 -0.300061163798708 -0.0427289942891999
-0.109991944280174 -0.0496292346241359 0.322299793106817 0.0469029017816411
-0.109116886732566 0.0798523993600211 0.112182382945314 -0.0597750050453544
0.0067446080795252 0.121856963345302 0.0271941596634665 0.0752265321111406
0.100667108698958 0.0410188047199151 0.118633061223067 0.120188144082713
0.0873495934802306 -0.0257753205919876 0.246986759538008 0.0212059763436568
0.0633033729637589 -0.0492285950843453 0.263512887039593 -0.143556719520198
0.0367417028054026 -0.0613103025512039 0.210123693528725 -0.224205559963155
0.0295672835009786 -0.0464292638238545 0.182071604011333 -0.220800119358849
0.0372382099795842 -0.0330084060132202 0.208708774758203 -0.171316503086346
0.0634110981463226 -0.0263572253121874 0.229541081179399 -0.055316792487968
0.072274316912262 0.0126312043656734 0.180284214869177 0.0952917203897118
0.0498411374583723 0.0656406553932967 0.0272023736330611 0.15521003199352
-0.0499040737399565 0.0770054698467283 -0.00575478889993962 0.0884968677251416
-0.110739126586723 -0.00310853995697463 0.0757182923061788 0.0156132246373635
-0.0678418545964436 -0.0693192744266529 0.22171206171982 0.0670201958003863
0.0252121357764747 -0.0385438202997934 0.341512190016962 0.0678410939925258
-0.0154125589288725 -0.0110182617135087 0.112735507751942 -0.0451290728020553
-0.00157982553629048 0.0119784413501921 0.0371719114488006 0.0856941019310991
0.00257516311393099 -0.0142591032428034 0.128269401214817 0.139056543024093
-0.0225395095675109 -0.0164424799406572 0.256903655756631 0.0284087627644592
-0.0289317136900851 0.0155615013441746 0.26515138043017 -0.134030333986758
-0.0257557545229496 0.031364099218476 0.215657563526127 -0.219411723375149
-0.0416809929247682 0.0388400846963337 0.18078573590509 -0.221780406430561
-0.055124902087328 0.0303696007619934 0.19933417416243 -0.18277548390119
-0.0650195265326003 -0.0191734057771699 0.222794172232598 -0.0822398634088563
-0.0305178447392321 -0.0635034680218566 0.202526084003395 0.0585529623425916
0.0285736183583563 -0.0547561591627374 0.0656540062109522 0.142422474768781
0.0355435208781641 -0.0133623587083141 0.0138833543222282 0.109862217529493
0.0203116735447216 -0.0240496247759806 0.0586308858588971 0.0313894825609987
0.0532093762006525 -0.0344153279242431 0.209620799983561 0.0681949567820699
0.15746906531177 -0.00784076031090434 0.308065693812493 0.0809026276579136
0.101254434080017 -0.0900365764728931 0.0810957489966229 -0.0319332908309795
0.0128825581374807 -0.109697496118438 0.0150487901127567 0.0945142630789472
-0.0925628864657884 -0.0907001641356889 0.106543381795636 0.164573255793763
-0.140053463682298 -0.0212326087001187 0.238606520533779 0.0542354990165428
-0.131338480766336 0.069115366290962 0.240028147384906 -0.0950939908884904
-0.0931136128500408 0.116560340900753 0.194856683303801 -0.174950738792193
-0.106387320892072 0.119545357955843 0.151702715976826 -0.188864185815381
-0.131163858088662 0.0977004108627302 0.155730965359738 -0.171532348558334
-0.182634244779876 0.0138177027431262 0.172044195428684 -0.110915260558515
-0.150601978938294 -0.103542363150643 0.188346225229991 -0.0106912833416581
-0.0412931035831822 -0.161099011713349 0.111131763643629 0.0816166966666333
0.0826753637545361 -0.133726023686967 0.0652859278617067 0.101064572705652
0.145539796616054 -0.073370489556068 0.0596256615565022 0.0524544931985223
0.175965932852693 -0.00964669805675336 0.170254521356042 0.0640085506620616
0.259860619739529 0.0390451011539521 0.227626553928491 0.078479024451047
0.218482435603366 -0.13054738146806 0.0265418953746777 -0.02450616734891
0.0583377326063849 -0.214278931956336 -0.0268711894717011 0.0798449749275501
-0.154265848885713 -0.182395749282169 0.0500284677348053 0.164137957750591
-0.242007688460258 -0.050767033343057 0.17465386251737 0.0774901840227359
-0.228124990733642 0.0929950485344597 0.177740855096317 -0.0399327392424028
-0.157121161660374 0.17610900143264 0.143958093377965 -0.102859076127044
-0.155417142351052 0.184482165063299 0.0999373764124887 -0.128085524754476
-0.178447872902212 0.159849869772359 0.0878208010536354 -0.131387150315333
-0.266019533647335 0.0697212162581764 0.088415697257149 -0.117191919050576
-0.26473926923216 -0.0968727176854085 0.126744339522183 -0.0761192514856975
-0.146465429372618 -0.225842368115366 0.121105286384963 -0.00770517496650178
0.080477606428519 -0.256212013139162 0.107131509609591 0.0537708650811313
0.242869293555883 -0.142570161536848 0.0635231289884763 0.0638388068411977
0.284398989697745 0.00276082230116837 0.100820762758836 0.0545910230001918
0.311566003151974 0.0867906192665303 0.116321044780518 0.0572296829681526
0.300722495409492 -0.120424537246791 -0.0335304913783957 -0.023244794039413
0.119921272631986 -0.261642869161617 -0.0613833549289474 0.0410477009907236
-0.158415333884944 -0.253615505054746 -0.0131943851275168 0.11515049745596
-0.293517145226195 -0.092627504373241 0.0746133934404535 0.0675284863292051
-0.292478482065941 0.084354384484876 0.0772682954855381 0.00803503395813609
-0.204215330223185 0.200616112080644 0.0644867841231966 -0.0218439686273658
-0.182020205701361 0.221077997853668 0.031420168309736 -0.0469846393408154
-0.192382928008818 0.204895468296201 0.0102353856803064 -0.0635794462425327
-0.302103198622663 0.127549716464473 -0.0083322091727919 -0.0866851028730238
-0.337410416468026 -0.0598919554505375 0.0290205634540551 -0.10608331360233
-0.241191056985224 -0.239266183272526 0.081373913149637 -0.0867641330899621
0.0482085204501284 -0.342854637782749 0.108855375227884 -0.00899838589537141
0.299062031793365 -0.20520653021635 0.0493680763420336 0.0620280031590859
0.359018572689959 0.00822328500467446 0.00415657746651565 0.0401648355374085
0.302214816730431 0.11916745776883 -0.00141114428415763 0.0234125200027324
0.316149311177782 -0.0790119754152612 -0.0806970583367242 -0.0219006853976274
0.159900469722335 -0.242373059584976 -0.0649831175178074 -0.00546063005052039
-0.118645385969522 -0.269030427319268 -0.0446225308987531 0.0304632730249215
-0.278925996729304 -0.122478859644426 -0.0259726713125675 0.0140987544659259
-0.301126059811182 0.0570649421672463 -0.0409598770050348 0.030537904296401
-0.217550361709463 0.190135873626917 -0.0323669235818863 0.0510703249462642
-0.180760196401936 0.225425931106206 -0.0431086887442325 0.0397463612955037
-0.178034229432875 0.219152151826128 -0.0656707344639592 0.0226263085968843
-0.287347456624255 0.16221343554953 -0.0973175269248906 -0.0229912833867194
-0.346965773103964 -0.0161377518946199 -0.0723672842854669 -0.0929282277805187
-0.28325214459638 -0.213211131658877 0.0136382896332423 -0.126333980402356
0.0142193985255945 -0.36807397500329 0.0705693422544547 -0.0549218075933215
0.308368459459515 -0.232151831541911 0.0100944408323908 0.0552598171049724
0.384078081048681 0.0152591557575928 -0.108172946201199 0.0202338713686449
0.248755339603653 0.125236447363505 -0.102882720661882 -0.0120665045410779
0.274142051202613 -0.0380103907872917 -0.102794682487901 -0.0118380978695683
0.155282508239964 -0.188479573686545 -0.0361224277116964 -0.0343210127269419
-0.0759383044164597 -0.225436991409571 -0.0318553653463356 -0.054633179190933
-0.220799374746112 -0.111420600351124 -0.096602327653213 -0.0594848714129027
-0.251892424374917 0.0347174757703024 -0.146979074875876 0.0276892611464258
-0.188916714251518 0.154953001485569 -0.124788637984029 0.106048623750841
-0.150870403717103 0.19413702550723 -0.10980225350544 0.118902240991191
-0.143187943367021 0.195997421070457 -0.129539398411646 0.108825400725651
-0.235807013280878 0.158634788785609 -0.16587902886044 0.0507016748525639
-0.300229741987604 0.00981245271300505 -0.152869077594254 -0.0557939744483049
-0.264018805688012 -0.169990283142503 -0.0506739467644148 -0.130185031849387
0.00171244778960382 -0.332650690297494 0.0166392485205192 -0.0730590468510192
0.280965531803667 -0.211299333432312 -0.041899938583182 0.0482946402800599
0.348319740406405 0.030138243201746 -0.214605891917593 -0.00563942884456763
0.169027148248813 0.105507753814688 -0.178692142147042 -0.0383868429314285
0.195907618968636 -0.0189320360085907 -0.103702041967267 0.00738185306765695
0.105745659586687 -0.133496864583624 0.00162139880147046 -0.0458524043536319
-0.0592965376172787 -0.145185733332681 -0.00450254392593928 -0.115282601589994
-0.147114170422642 -0.0625149220483137 -0.137018362847441 -0.116486312232258
-0.164015532445098 0.0265581976330263 -0.219894457694731 0.0211996317435954
-0.125470552935003 0.103731967115752 -0.192733656725174 0.142052939190472
-0.0981077569790029 0.13340759084471 -0.160597448917189 0.18025176570316
-0.0944365310797906 0.136642989068976 -0.176441013173888 0.177601140895581
-0.162910850488749 0.120218805572701 -0.211714990314725 0.112297494090791
-0.2168216349503 0.0171100106115282 -0.208127823135881 -0.0187647461661551
-0.200287532826282 -0.121674700457797 -0.0988826238666335 -0.117770548299078
0.00402230061896181 -0.25429634619214 -0.0320786516265691 -0.0767653018533244
0.223218715998301 -0.15107632586522 -0.0894933292421049 0.0351110438689489
0.25911382413504 0.0451262052461039 -0.296254419399378 -0.0367356593133212
-0.108825774971709 -0.0472760950643388 0.317925971458079 0.040628275027984
-0.106371944004166 0.0802925859910597 0.109261858690216 -0.0605150259082894
0.0086287232176068 0.119530839623171 0.0278001479706313 0.0736376949298522
0.0993378057196905 0.0385280815267161 0.118319560199403 0.116686503100529
0.0855564043548114 -0.0268695334814352 0.242821842856007 0.0172801801461242
0.0616268757796464 -0.0498394990247626 0.257388309482528 -0.1454893004497
0.0353917119524262 -0.0605983777035244 0.203451043087131 -0.225058470690158
0.0282229415707562 -0.046032031845519 0.174700100856508 -0.220486437504941
0.0364901051801044 -0.0331429319862272 0.202263338584332 -0.172924994626022
0.0622968590737932 -0.0273589920083737 0.224885896475132 -0.0587122116118967
0.0718649249698617 0.0107121993575386 0.179106326967092 0.0902016255667397
0.0505145588806152 0.0639558770171587 0.0296876314074693 0.152882354092729
-0.0480607079106246 0.0767404124618439 -0.00375121243199264 0.0869589916536784
-0.109141648611086 -0.00151521401439759 0.074304670770607 0.0141507558049911
-0.0677597013819578 -0.0678333280525499 0.219262855505333 0.0629227367163054
0.0246176703026374 -0.0384536177360757 0.337100403857742 0.0612658618467528
-0.0154399176931203 -0.0109208548727794 0.109540073172883 -0.0460697817891102
-0.00118903213314281 0.0120045173195142 0.0371820471693643 0.0835380454447343
0.00208416185283728 -0.0136409520362347 0.128341943669419 0.134820878917943
-0.0224866726649559 -0.0158991854143508 0.253779977183169 0.02452480934037
-0.0280443687679904 0.0160096892802105 0.259481561606164 -0.136371697941151
-0.02488579440531 0.0314457154706584 0.208382294270455 -0.219050537522056
-0.0404168456162134 0.0391217309149771 0.174178818043125 -0.221467005181969
-0.0533672496440933 0.0311027978347861 0.193828483497704 -0.183421458340129
-0.0642965319699168 -0.0176385252163735 0.217801994616555 -0.0847004937169197
-0.0309622573146458 -0.0616049330092185 0.200837594885123 0.05401836007704
0.027571437952993 -0.0545786600641642 0.0672051624350044 0.13948024299584
0.034590404126007 -0.0136817772593188 0.0152355481940668 0.107696001970147
0.0196938740475703 -0.0234124949977815 0.0578001607308973 0.029768103625069
0.0523526943811013 -0.0349407149870021 0.208019797233539 0.0634562505870162
0.155395159217921 -0.00977655522535623 0.305190465859537 0.0739538609400071
0.0980622590395873 -0.0900862246982778 0.0787145262265165 -0.0327161332013854
0.0111192118539612 -0.108632701237696 0.0159083223518407 0.0921504585205015
-0.0928633685589267 -0.0879331647300628 0.107217772607597 0.160713056330216
-0.138255020596427 -0.0184184869996549 0.2357065181272 0.0503059440897638
-0.12812128724408 0.0700959732134623 0.235393913789848 -0.0972538111045978
-0.0894671656605755 0.115994703329921 0.188762148787189 -0.175736218665208
-0.102496924844612 0.119744881095891 0.146529029131433 -0.188647641505198
-0.126923881916679 0.0983842391654824 0.150201749331966 -0.172280158874409
-0.178464144426662 0.0167278052412878 0.167357311062652 -0.113047561757424
-0.149829212147848 -0.0989102052388576 0.185412718927653 -0.0138087092995796
-0.0432762958013404 -0.157798424677728 0.110495910463535 0.0784675251788323
0.0789221310606218 -0.132684059902035 0.0660154766475941 0.0983645887979402
0.142312941186872 -0.0747975911350944 0.059395308355889 0.0510897542646159
0.173214415695489 -0.0129839436324628 0.168173537257373 0.0604288185957862
0.257208082608601 0.0342600057192281 0.22544950053917 0.0732033678254523
0.213221305211119 -0.132121252618294 0.0251643972732761 -0.0245193422483391
0.0544669372195226 -0.212396589900066 -0.026289347004706 0.0794033165218439
-0.155317912789566 -0.176804872775617 0.0517074022890602 0.160712473355757
-0.23881801896908 -0.0448902946093501 0.173551059973871 0.0735684069498404
-0.222974042616462 0.0961408497530249 0.174646678767787 -0.0419725552864287
-0.151911115151879 0.176042110242553 0.140098106925707 -0.104399621388594
-0.149722322681694 0.184176096814174 0.0963040396518621 -0.127654106839189
-0.172588546189746 0.160843703789631 0.0843903233222071 -0.131623371191987
-0.261569851184128 0.0733983358519558 0.0850597608981684 -0.116888115055193
-0.261594555318992 -0.0910170924219619 0.123410852303858 -0.0778952167314995
-0.147714945418054 -0.219437589973654 0.118844233421668 -0.00974751961134419
0.075074021427553 -0.253384077993357 0.106748898552335 0.0513131622222181
0.237078939399825 -0.144902785936863 0.0632133849046599 0.0622470474623364
0.280633951201921 -0.0014591006973598 0.0997772312016587 0.0518793260288933
0.307489772871407 0.081179030534891 0.114712968923002 0.0548593564063659
0.293249778147836 -0.123863395243237 -0.0339762881066248 -0.0221966556826718
0.114092843062288 -0.260298366718985 -0.0604947887317687 0.0403955194536169
-0.160559223457879 -0.246439898644472 -0.0116815166945527 0.113513066705686
-0.28955915859536 -0.0859646921901292 0.074609284481364 0.0657487377848718
-0.286591111431276 0.0889169504713391 0.0769299643430784 0.00733337499534061
-0.197591984970291 0.200608724154557 0.0636114705978089 -0.0225534552508878
-0.175595078934524 0.221210741791181 0.0301854572075318 -0.0468738291674705
-0.186071574278405 0.204719063694418 0.00844858885694718 -0.0631518207756626
-0.295055778711588 0.131286254546059 -0.00965790585779374 -0.0847046088815046
-0.3332305561043 -0.0518019540307551 0.0271156328847389 -0.105821291575475
-0.241318470749972 -0.230700794625857 0.0782477182763226 -0.086944866440014
0.0417502496788759 -0.338359832282586 0.107290692955594 -0.00992324235600753
0.291376179359129 -0.207127702440694 0.0493626995682719 0.0611438719794652
0.353940438528825 0.00304166248178605 0.00457869702149789 0.0395545607879755
0.300103804275921 0.112744684076054 -0.00100651281336233 0.0235109514362042
0.31005257426312 -0.0828357743617664 -0.0799488178410205 -0.0201269979211989
0.153747818697099 -0.241364121272803 -0.064520242470689 -0.00483807875278365
-0.120978012113916 -0.26328566674127 -0.0438747453636601 0.0304748834580722
-0.276748301340515 -0.114933509149453 -0.0259548733078563 0.0149104572707314
-0.295353584569144 0.0622330280719312 -0.0397993841848665 0.0308123892893743
-0.210581638986811 0.191054400730747 -0.0303322806346356 0.0504102013659029
-0.174153301435878 0.2250683955832 -0.0417899067814869 0.0395724401688355
-0.17186589098422 0.218864594014195 -0.0643457708757779 0.0226800106637346
-0.280292197302563 0.164738567415028 -0.0971206119816655 -0.0212209537540166
-0.342208699777887 -0.00961734119278239 -0.072660411363543 -0.0909434728915417
-0.282652667798733 -0.205129508956162 0.0105775442616752 -0.124948019423351
0.00841652140596168 -0.363167963149138 0.0691880534385028 -0.0547590592847687
0.299768952830696 -0.234007808894253 0.011161645575877 0.0553846990417868
0.377179139939405 0.00945561703653386 -0.106312144880858 0.0219932240845419
0.247469944119773 0.119287963093184 -0.101505181033443 -0.0100265506949937
0.269660916778907 -0.0421217996120775 -0.101788728831004 -0.0099001517918017
0.149801051533339 -0.188001387018514 -0.0365734059823067 -0.0334585738636959
-0.0789385539241439 -0.220815123652225 -0.0326772052417276 -0.0533861483683767
-0.219566377369298 -0.106004953636526 -0.0968185994783577 -0.0573470433871952
-0.247402681459672 0.039207647564016 -0.144976688833469 0.0297660148876869
-0.183274615439903 0.155360163107955 -0.121131887562093 0.105935035039033
-0.144881318178662 0.193719137692295 -0.106962131002892 0.119198778950913
-0.136908177917725 0.194820851590809 -0.126007714404106 0.109159271941234
-0.228958334182866 0.160319557156596 -0.162522979263304 0.0530724261612419
-0.295616388400141 0.0145664415606584 -0.151829074355436 -0.0529747101990788
-0.262634529507905 -0.162721954675751 -0.0522225028414499 -0.128077574039912
-0.00401237924182031 -0.327591738413346 0.0155736991472803 -0.0721574904070732
0.273102791274578 -0.212726854367466 -0.039750688755884 0.0486780316513623
0.343050365020895 0.0242079856722345 -0.211675592077478 -0.00147798468786794
0.168292116679515 0.101420081397175 -0.176521738872082 -0.0348141320230261
0.19266726576054 -0.0224987205985985 -0.101748034942622 0.00913562211851401
0.10191317811217 -0.133911991767317 0.00113865715041352 -0.0450301738038212
-0.0605688284496384 -0.141601444860509 -0.00621409328079469 -0.113608367959653
-0.145601973898945 -0.0593581517889663 -0.137225807373986 -0.113552037404903
-0.16015066798814 0.0295272205413076 -0.216715630085593 0.0249864868030145
-0.121853759774358 0.104578918388809 -0.187574070911663 0.143140917425895
-0.0939755302854469 0.133142026172877 -0.155025587555693 0.179605687361039
-0.0906648523018405 0.135603902365056 -0.170723282175456 0.177477239855574
-0.15794322091877 0.121009397354094 -0.206371630197785 0.114288387355899
-0.212569867816719 0.0211206769023127 -0.205718480508593 -0.0152727532977191
-0.198666985803299 -0.115919350986991 -0.10017322401961 -0.115144764287109
-0.000243543331466165 -0.24994732248839 -0.0324844379496113 -0.0750754660571633
0.217426327304577 -0.152303621654359 -0.0870723865228901 0.0367650088733369
0.255719669290182 0.0402478320190694 -0.292067645223416 -0.0308971509353104
-0.107955268126648 -0.0450303108603921 0.313463015462588 0.0352891473115041
-0.103219858812958 0.0804978799069672 0.106271864091506 -0.0608768539521854
0.00988946545844804 0.117470000239132 0.0282350132310366 0.0725509950726988
0.0980874817879015 0.0367360167989516 0.117822226605633 0.114032989782612
0.084200230283132 -0.027953039466505 0.240663916649247 0.0141313812502399
0.060022654905876 -0.0501462583108803 0.250853020759389 -0.147219930948425
0.0336778506894083 -0.0603352094467296 0.196052994793647 -0.224699683967812
0.0269564188751038 -0.0457817901869278 0.169152560219739 -0.22021757715106
0.0348972587180496 -0.0330489332073688 0.196250245179795 -0.173651389167797
0.0608411696731492 -0.027772639471693 0.220031939644084 -0.0611965910425863
0.0713778132526569 0.00998259883792433 0.17794601766514 0.0867922018562342
0.0506856470251224 0.0620105651624656 0.0319947405320181 0.150184267793842
-0.0466307006818869 0.0768820089520234 -0.00204996544812098 0.0851854926599959
-0.107382565889042 0.000224497628226333 0.0729211136990767 0.0128279930135783
-0.0677461347563045 -0.0660619106182275 0.216176714507942 0.0587831790794682
0.0239096896439495 -0.0387462544182934 0.332976234971996 0.0554986575192525
-0.0156756157455197 -0.0105799468053156 0.106265944935194 -0.0467630661060865
-0.00104367734628536 0.0118777885670534 0.0374585543483861 0.0817788561606193
0.00176960571704851 -0.0136121221829909 0.128482940046017 0.13145810823086
-0.0223853536640042 -0.0155655445713615 0.250188155736586 0.0199874123745059
-0.027354335280007 0.0158190559166107 0.254095001166616 -0.138174134897929
-0.0237814650324508 0.0317358886052016 0.202693688807563 -0.218473000214498
-0.0389288386352329 0.039613258542564 0.168289676490246 -0.220752059939598
-0.0519614579868437 0.031707773374142 0.187390970085253 -0.183918340668401
-0.0641522497096891 -0.0167021402666115 0.212854316693414 -0.0870933165978311
-0.0315272634498114 -0.0602085908163391 0.197707080052769 0.0500063663225559
0.0266978138704011 -0.05411163854769 0.0686766915516264 0.136897948704587
0.033773946404942 -0.0135797373909878 0.0167971503056091 0.105162659787408
0.0190362529772618 -0.0230897450881446 0.0570335667249254 0.028043039789335
0.0512316197271949 -0.0351789281742023 0.204824377775677 0.0597710764884295
0.153120414567155 -0.0116966429625362 0.301233295148024 0.0692240024895839
0.0949312381314435 -0.090004099773073 0.0761040320439546 -0.0331149143577994
0.00958847722948314 -0.106782284825815 0.0165692817196754 0.0902193273993627
-0.0924828170913701 -0.084767140350201 0.108110635780542 0.157060350283664
-0.136628926170145 -0.0162570337630479 0.232758801182547 0.0458593940727701
-0.124571554167812 0.0708983219030087 0.230760169508059 -0.0992926252365569
-0.0864614639627776 0.115148325949701 0.183337099386553 -0.176390990146798
-0.0992319786270725 0.118710570208521 0.141142804769628 -0.188920695564538
-0.122836792834143 0.0987044254739762 0.144779143626021 -0.172129325027191
-0.175946252371665 0.0187127273927603 0.162880454549459 -0.113879593871314
-0.149293415821143 -0.0951681539391433 0.182542960700362 -0.0169456237476555
-0.045280392274456 -0.154483494320051 0.110616253135012 0.07607191116137
0.0762398690785985 -0.132094505262227 0.0663575839826786 0.0956821698716166
0.138650762458194 -0.0755570290625511 0.0587793839408391 0.0493684049739393
0.170287544305083 -0.0148182482459974 0.166410903282067 0.056919417076284
0.254178135435644 0.0302598527736135 0.222089975727465 0.0686281496679118
0.207986328964477 -0.133680329320035 0.0238822308829072 -0.0244619765031983
0.0511027444270686 -0.209682075571604 -0.0251299876525998 0.0776325283840862
-0.155147511478327 -0.17170188515728 0.0531817988066829 0.158030797549736
-0.235414020780984 -0.0407442642279456 0.171379034619539 0.0699908794133468
-0.218046601981305 0.0982866920755786 0.17156583355387 -0.0435194728795441
-0.146333471060285 0.175220465306837 0.137124265851325 -0.105228936646625
-0.144704636015733 0.182958572249453 0.0928989766442277 -0.126688058158184
-0.167374792339017 0.160560454553184 0.0806165359844614 -0.130998024548924
-0.255997892196442 0.0762180636719005 0.081599022683775 -0.116716751131
-0.259668216692092 -0.0852451870680056 0.119472697047854 -0.0794623772691797
-0.14872500804464 -0.213963499044202 0.116446997857403 -0.0112786760260261
0.0701943761185983 -0.250699859585257 0.106372817118899 0.0493261579116449
0.230592337640286 -0.146078091433193 0.0629842974741145 0.0609344264740901
0.276096593176183 -0.00523834397868455 0.0987624988711527 0.0500561112792952
0.304597478085074 0.0756906507941597 0.11372516017159 0.0522439493831861
0.286690259695169 -0.126220086731332 -0.0340893583078263 -0.0211964011742898
0.108764348589727 -0.258382581665511 -0.0597254108436729 0.0399832927861161
-0.161820324551003 -0.240568765806187 -0.0097989739187675 0.111865329853251
-0.286466574952242 -0.0799791958841553 0.0737810625318691 0.0634820513740924
-0.280514673465076 0.0923845435870618 0.0753540597095048 0.00610287287249072
-0.191010331298002 0.1999682272925 0.062734194767301 -0.0238072581824556
-0.168898549676438 0.220074419434037 0.0287852270886622 -0.0466434930736995
-0.179616925557158 0.203752366779697 0.00715576261402837 -0.0625258221789004
-0.288695016064815 0.133584515935853 -0.0113673591508954 -0.0832080881027236
-0.328653912607158 -0.0460760553540686 0.0247966268197147 -0.10543837519075
-0.241175202575333 -0.224132751502804 0.0756843434124954 -0.0868813964825089
0.0366115053845265 -0.333235812031891 0.105419343079223 -0.0109611103744883
0.282823290157718 -0.207344662217697 0.0493964350714978 0.0601714274616071
0.348807753404627 -0.00107406561908706 0.00477308224283187 0.038801474043896
0.298075757780015 0.105957418355025 -0.000704822189060868 0.0228138168725812
0.304247988044736 -0.0856114787288546 -0.079382932049562 -0.0188382134398024
0.148276955623546 -0.23949626110251 -0.0644994273662367 -0.00503835940861178
-0.122421168137654 -0.257587496065056 -0.0431622878406734 0.0303507902034863
-0.273975905830674 -0.108863505213873 -0.0258735795447776 0.0148621934854812
-0.289849563008962 0.0668217206335339 -0.038563679174604 0.0314454989547907
-0.203902920737349 0.190472464156526 -0.0286772926945119 0.0494732840073554
-0.167454579294586 0.223875512901144 -0.0404784003401437 0.0400214397451039
-0.165334945415288 0.217215562644315 -0.0631023097679321 0.0234406863829891
-0.273044292165166 0.166061773777219 -0.0953593997131383 -0.0190801466178795
-0.337174580798032 -0.00410605853983001 -0.0738412516041969 -0.0893925499423408
-0.281146827296984 -0.197374976251326 0.00816282214431856 -0.123836309409345
0.00270389929620441 -0.357178326812079 0.0674874685159438 -0.0541966300726366
0.291763763883257 -0.234695146926803 0.0118991767817245 0.0547085779632504
0.372102533420079 0.0047539321403609 -0.104444970872098 0.0232452215494963
0.245787953995197 0.114174626204761 -0.100180064984596 -0.00839751922672073
0.264616667426249 -0.045425326898026 -0.100094045663681 -0.00825552721434063
0.145551023922594 -0.187400278183449 -0.0371063652497196 -0.0331369220840314
-0.0805791845903121 -0.216005783830203 -0.0331796798732633 -0.0520178458163043
-0.217405725228222 -0.100310086963751 -0.0964403921900624 -0.054960091440572
-0.242690261225996 0.0431544861363776 -0.142225243528634 0.0324607124421936
-0.178177599161761 0.154963351168458 -0.117043980580346 0.105744203239216
-0.139024871491807 0.192705501024158 -0.103084292057625 0.118620089258475
-0.13228976287329 0.193468298282914 -0.122028601769373 0.110064666960653
-0.223559752565991 0.161181339957048 -0.159565178051933 0.0543136466139235
-0.290403461381339 0.0192321067431342 -0.150687079354269 -0.0508087743764062
-0.260670595668867 -0.156635688597586 -0.0544439569756096 -0.125485048161719
-0.00857198294301117 -0.322617351671294 0.0144313943985604 -0.0708922238590658
0.265894150499465 -0.213590426448951 -0.038022381356814 0.0491744132070109
0.338819034443631 0.0198584603205721 -0.208099755489608 0.00151340270653805
0.16677868276886 0.0971159645623071 -0.173954812089582 -0.0315811378209995
0.189255030985441 -0.0252060914742186 -0.0999183684001691 0.0101419985005206
0.0987202883768126 -0.133146964676693 -0.000394832573246837 -0.0441855170212057
-0.0617340354954551 -0.138778640575852 -0.00775759092965229 -0.112056884754544
-0.143887035214852 -0.0558542480210664 -0.13687598216178 -0.109550266777307
-0.157558839553273 0.0317985046786523 -0.21283320392422 0.0281870195520999
-0.118285623753503 0.104803392554192 -0.181737007311366 0.143687599565088
-0.0902002451441328 0.131811623416538 -0.149943650012746 0.179463266872001
-0.0874369103896806 0.134554084276329 -0.1656244474413 0.177810602792485
-0.153414342393457 0.121816057650098 -0.201627416515965 0.115490600247397
-0.209470985154952 0.0243906304222964 -0.203033375158346 -0.0127171945361776
-0.197030079402893 -0.111141421324046 -0.100170921425668 -0.112316328425687
-0.00339914896369114 -0.246620383951469 -0.0330203877273495 -0.0723748868284905
0.212025410790362 -0.152720173157507 -0.084271951108237 0.0372593040802803
0.252522106995361 0.0366508803942385 -0.287994337544546 -0.0266394663739886
-0.10666696198546 -0.0431899274257092 0.309251316837498 0.0303384958327596
-0.100772444432442 0.0805896750325555 0.102810155578421 -0.0616596206639681
0.0113677256954478 0.115840478175884 0.0285249234952976 0.0708938677669997
0.0971241123584056 0.0343294609982525 0.117065829019056 0.111173565029441
0.0827675690314881 -0.0288921604861892 0.237033826573524 0.0106773750039863
0.0586179439697622 -0.0504538187756718 0.245367001083849 -0.148680952822485
0.0325768544666949 -0.0596917052071275 0.190672308920227 -0.223730814353709
0.0257867886602989 -0.0452140751659112 0.163058326976488 -0.219226054321242
0.03388978140526 -0.03234912214466 0.19083968223042 -0.174181207005184
0.0591879791578715 -0.0281458222055127 0.216088913659236 -0.0632245844322483
0.0697881639518431 0.00825818022004065 0.176404875709626 0.0831200628219093
0.0511393587649777 0.0603577677892468 0.0335695391911642 0.147742311115339
-0.0442725740782079 0.0768059347968874 -0.000886956859738372 0.0832427774689909
-0.105737243352546 0.00251026431761115 0.0714498290678433 0.0114170649262956
-0.0674108606204814 -0.064201069577896 0.214111514971166 0.0552364868287486
0.0233812638615096 -0.0377978384228478 0.32892589262058 0.050027019485227
-0.0155942658098484 -0.0100865874342215 0.103956635660272 -0.048248953181519
-0.000897855766207248 0.0113419152295306 0.0375837992720074 0.0800417754247355
0.00136194563409299 -0.0133765245720045 0.127717721166868 0.128240697079395
-0.0223809766092035 -0.0150168264888887 0.247112722991626 0.0169263028706192
-0.0265345211362181 0.0160803659257249 0.248570085189416 -0.139854801117977
-0.0223945061878732 0.0309547240727559 0.196453256465019 -0.218772453693204
-0.0377487183517532 0.0394673905954904 0.16240902418428 -0.219921524182742
-0.0505232004956146 0.0321594464089556 0.182130233721491 -0.183459499971639
-0.0629071708049198 -0.0152401553031622 0.207806010269814 -0.0890518940402454
-0.0319080342806566 -0.0589959994133279 0.195499992150787 0.0461839540843219
0.0255668932056915 -0.053591325066938 0.0694897944269476 0.13386693221882
0.0333831874579894 -0.013798731487487 0.0183229848223685 0.103305363360109
0.018022902087997 -0.0230553771463609 0.0559268662972743 0.0272360530938718
0.0502106653968569 -0.0354818851647154 0.202707091777452 0.0561903920264016
0.15097926337558 -0.0138779660505356 0.297008238090455 0.0646121221421688
0.0922459389998937 -0.0900320826282155 0.0739190145914938 -0.0337198729942492
0.00770156135746556 -0.105871842168702 0.0165108079827809 0.0882646211777617
-0.0921856998134381 -0.0821194407452072 0.107985072281029 0.153385534316273
-0.134480495350281 -0.0139453130497727 0.230009440411897 0.0422853650494247
-0.12135399389381 0.0717164160949467 0.226276937037251 -0.101039286571748
-0.0826503450027894 0.11510263369045 0.178559171086875 -0.175757149321587
-0.0956365326159423 0.119329064751098 0.136338087340818 -0.187285925524198
-0.11999157988325 0.0995086540156805 0.139820229786612 -0.171514953372009
-0.173107231931495 0.0216072326065974 0.158905998870528 -0.114171331851714
-0.148530434718951 -0.091857506362587 0.179188013898218 -0.0199072157765277
-0.0460233974299484 -0.151641720532024 0.109783563915854 0.0736570868478023
0.0732843396732401 -0.130858066820251 0.0670661001396579 0.0937802576138193
0.135754616330788 -0.075866244511023 0.057893382003698 0.0482059898480751
0.16785168163583 -0.0161416205567929 0.16384203384496 0.0537903489922033
0.251102965385765 0.0265966136967326 0.21977859082383 0.0658521646387401
0.202582936534603 -0.133961241622453 0.0226826692349747 -0.0245151878849614
0.0475623713635499 -0.207254870284054 -0.0245488206739652 0.0760938250715349
-0.154794144545623 -0.166558808482319 0.0540888976401721 0.155288815579592
-0.232782685070613 -0.0369937451793689 0.16973908117439 0.0671157095358445
-0.212834023354352 0.100260964790022 0.168931528913315 -0.0452125172763836
-0.141519517136405 0.174223029568637 0.133597655216849 -0.106016315373183
-0.139688257482475 0.182005070104911 0.0893756549826771 -0.126382778288463
-0.162153115633326 0.160322948031949 0.0772966002102426 -0.130414393185408
-0.251236394504438 0.0791622560215966 0.078426250316999 -0.115769642447946
-0.256858642068015 -0.0801214314716641 0.117072758936369 -0.0802279040784504
-0.149576745181024 -0.208527804716228 0.114422386954723 -0.0130472088295433
0.0657717269143955 -0.248172709214543 0.105424318140758 0.0472623013505638
0.224962035390627 -0.147409087270557 0.0626770460164149 0.0598358523109002
0.272669191699889 -0.00856412745684889 0.0979217060481617 0.0475547361968583
0.301316957988821 0.0701222725798088 0.112478143310214 0.0507216960960984
0.280763309336237 -0.129215938808788 -0.0345434997149259 -0.021140888720357
0.104186315776393 -0.255756899622507 -0.0597587313992422 0.0394661397096322
-0.162106154280134 -0.234434321110486 -0.00860279702559799 0.11092428043545
-0.282891490335824 -0.075290606531734 0.0731824217733705 0.0618272344741562
-0.275238672782369 0.0960074045202435 0.0750388883024475 0.00550261460055474
-0.18473881836429 0.199400627589808 0.0616746088352132 -0.0245160207666421
-0.163379489559465 0.219356920990528 0.028429215632844 -0.0461922499800794
-0.174556897736224 0.202841647739308 0.00606672459086611 -0.0617658624245895
-0.282357271069313 0.135377573705531 -0.012486757773938 -0.0814818775917373
-0.324385875747924 -0.0411764187528843 0.0226317265566121 -0.104767193787345
-0.240481368653572 -0.217272164289272 0.0730176304210201 -0.0869233166810129
0.0311802391248149 -0.328657366073491 0.104303930579749 -0.0122375683571641
0.275563764914904 -0.208714087114808 0.0490338471659265 0.0591891540064683
0.343773561591915 -0.00500952127634301 0.00495922282030903 0.0386038428822034
0.295091867977745 0.100983585502516 -0.000634973714047883 0.0233123277429683
0.298483284712259 -0.0890904661855823 -0.0785092948853877 -0.0173749054124064
0.143198953736804 -0.238645805330645 -0.064173354467812 -0.0046418511542162
-0.124262312703312 -0.251791244400452 -0.0424504463814312 0.030987029985706
-0.271314596917203 -0.103252905834869 -0.0255208424135312 0.0148447572410046
-0.28428336915975 0.070605306807238 -0.0375516182952517 0.0315148355713907
-0.197761838574795 0.19046356247412 -0.0274180014263773 0.0489294634908942
-0.16173438147742 0.222790381663085 -0.0387496081318376 0.0400678810665165
-0.159687823036249 0.215475119619034 -0.0625225990578939 0.0239155009213768
-0.266364210726599 0.167694518739039 -0.0946524901928714 -0.0174321383796241
-0.331714128578194 0.00125304831073587 -0.0739347283595705 -0.0879150199355004
-0.279826716390175 -0.190015530437564 0.00662054188050488 -0.122525945873711
-0.00163082671239683 -0.351942844946501 0.0657412550664065 -0.0539451801146212
0.283408278124146 -0.234982383693736 0.0131786279920477 0.0544568198210633
0.366560522208127 0.00053784614203831 -0.102456569210161 0.0243156785286348
0.244005458095406 0.108831315891067 -0.0994134863909494 -0.0069799199706983
0.259941341370442 -0.0480569025703373 -0.0987256934282278 -0.00651001741428522
0.141216094603565 -0.186108444542721 -0.0375943584746023 -0.0320830549458874
-0.0818709390796381 -0.211266870692321 -0.0333927285811931 -0.0512669467840019
-0.215208152909717 -0.0958671109712314 -0.0964127664714802 -0.0533019435174835
-0.238154171623307 0.0464025263997995 -0.139929188175235 0.0339509457562868
-0.172674101988793 0.155523900945135 -0.113586557399164 0.105526405270001
-0.134141964017442 0.191482314131405 -0.0994358897438597 0.118673913975249
-0.127192127068916 0.191715952292734 -0.118783969532279 0.109468633283782
-0.218063250407994 0.162590251674352 -0.155941577676271 0.0562213353757444
-0.286220151699852 0.0233529484946072 -0.149501895527054 -0.0481690010045736
-0.258641858541192 -0.149787454123603 -0.0555282125798585 -0.12274331109281
-0.0127144632365391 -0.318200101226567 0.0139139433268493 -0.0695568888310237
0.259569504811831 -0.214132898540329 -0.0372303651197834 0.0493380447231435
0.333916543907643 0.0156796275041965 -0.204944905477079 0.00409657204398502
0.165764808897637 0.0931116354890075 -0.172372472098412 -0.0287536366224585
0.185730485596447 -0.0271221599017927 -0.097946930085134 0.0120436988664467
0.0962550516534299 -0.132129619431885 -0.000944938376729141 -0.0437827927426592
-0.0625612311592226 -0.135282883855206 -0.00946903810380247 -0.110239349068233
-0.142483135777718 -0.052497858422587 -0.137185615303054 -0.105893429274732
-0.154590270584798 0.0339359463920918 -0.209427764293859 0.0310360081503673
-0.115208765678723 0.104830397836735 -0.177183604451121 0.14420845763273
-0.0872848290766015 0.131135280128184 -0.145090766420423 0.179031526989207
-0.0835121607920193 0.133379775874359 -0.160719469542523 0.177632807410775
-0.149848061279318 0.121678798202211 -0.197261345575443 0.116371646911381
-0.205838396342635 0.0270027006753013 -0.200313564074288 -0.0103025154436251
-0.195324763482944 -0.106633620049722 -0.100547811869264 -0.10950198311635
-0.00648295144575324 -0.243107217578574 -0.0329195313085956 -0.0711059671726818
0.207149493011708 -0.153161749527827 -0.0828634842196806 0.0380118625255626
0.250274840848125 0.0334648665269965 -0.283659083302771 -0.0221467413368209
-0.0770351955597032 -0.0881893447791112 0.262678398856917 0.168707692321746
-0.124086012979355 0.0265321730629926 0.121602088317501 -0.00698533097811575
-0.0398616495337325 0.107791680292822 0.00288801746889643 0.0762651016454423
0.0699992847280731 0.0717827577049849 0.0640577271195444 0.14513492604333
0.0830135348886034 0.00906939379818646 0.207795041531112 0.104868002512823
0.0720928772497041 -0.0196069943680214 0.281110214626893 -0.0328177449015633
0.0532735924125147 -0.0389811543194498 0.263919150454256 -0.122394902429616
0.041751690216675 -0.0301470807128657 0.235427099147651 -0.129132620256687
0.0440978965624527 -0.017252128361456 0.242455479310055 -0.0762917253244306
0.0641507110308311 -0.00402477961675581 0.220962269564685 0.033310491525994
0.0616819482710915 0.0338714478624411 0.122578515365876 0.146857232372609
0.0243401406082515 0.0750033222202966 -0.0312773238519372 0.147437853057527
-0.0694372786238083 0.0545300037837573 -0.036452440492102 0.0732502197793914
-0.0956657329260384 -0.0378883225453764 0.0575703661822544 0.0337434594637074
-0.0343350394078318 -0.0845911243873998 0.173414371805253 0.135931855867346
0.039251264871898 -0.02381691332012 0.270524351551858 0.17967541382155
-0.00945313890346805 -0.0162222891602404 0.112133793895676 0.00113447272617974
-0.00579079094096685 0.00987461291974064 0.000898376798075517 0.0880206452133096
0.00718071337057114 -0.0118221963640934 0.0620308911371212 0.169748420669938
-0.0151755926641262 -0.0236289261804415 0.213424232216021 0.120022963013628
-0.0303153488369074 0.00372729184880663 0.279783428013069 -0.019815783290319
-0.0327152168248237 0.0184017345307597 0.267310781757383 -0.113590708640001
-0.0498357935795687 0.0197506602458727 0.235248658300984 -0.129271037137765
-0.0579929947109499 0.0065217676364192 0.237222958524978 -0.0903272486173395
-0.0506981310599491 -0.0402026795384859 0.223856436308216 0.00518072034517318
-0.00364773792490007 -0.0672857250159954 0.154530703149923 0.121164849291566
0.0465006250079217 -0.0379690625117211 0.00745535885555863 0.148932578482714
0.0373461766022059 0.000964179140362867 -0.0255160027430056 0.0998083402145763
0.0259685985313304 -0.0140516093304879 0.0399081766610689 0.0471644718030395
0.0623047613321881 -0.0139640136699154 0.159390370221349 0.137708440700938
0.14465928570111 0.0568370117329111 0.236230019918111 0.165290477925346
0.120333498038738 -0.0389092623040002 0.0753935249281825 -0.0053861119264361
0.0523898443062703 -0.0904782641205726 -0.0297156643177523 0.0841204371548302
-0.0454624227805258 -0.112412487151513 0.0272362987695159 0.188670792087724
-0.114327256783104 -0.0707623611529845 0.185569173832716 0.140993777234425
-0.13718633465749 0.0127172148467438 0.243352782954299 0.00974586204975053
-0.120186490533305 0.0675429121906418 0.233786123644385 -0.081378192552372
-0.13431346469418 0.0677006287818206 0.198914616133314 -0.111483040136239
-0.147535363991607 0.0398501779450072 0.192840610734886 -0.0975726374051818
-0.164121201944262 -0.0497410322802792 0.188004563814231 -0.039399785243791
-0.0964024525038674 -0.142320838475939 0.166344684992518 0.054663248715603
0.0204548168948587 -0.155344476771716 0.0692120338685272 0.109678814286275
0.119078645403506 -0.0915884626300301 0.0243036935727044 0.111169670580888
0.152398704329895 -0.0180430835072729 0.0372295960826807 0.0721780185230316
0.16365225818335 0.0470242371583078 0.122859297710564 0.124464580827997
0.217042120101026 0.139012016167751 0.167818131401972 0.122467733311976
0.237497411109448 -0.0295016786127232 0.0236747796930676 -0.0248040226362095
0.131832658447967 -0.164347561330566 -0.0680983627585762 0.0527786871398908
-0.0632871441392604 -0.213606426806964 -0.0284826527072537 0.169685815116081
-0.190362475492692 -0.132900878790069 0.118579726364139 0.142742543206355
-0.230085550835607 -0.000369428411719252 0.167227547770301 0.0400126935880587
-0.195782834749946 0.0961995093747782 0.164167866664359 -0.0351095794759824
-0.199743736678959 0.106629223074394 0.132251728410062 -0.0758624430472797
-0.210328982565274 0.0774798256304752 0.119803016818375 -0.0876351915306134
-0.256732716252766 -0.02833783872573 0.116023464592831 -0.075392764862998
-0.200480646507575 -0.174641134167496 0.1352683945024 -0.0250156871287959
-0.0510517692006216 -0.248192086065395 0.109477131207393 0.0323002364627938
0.157911124576376 -0.203053406799317 0.0795388580967574 0.0850739425769665
0.260067931859619 -0.0488592612887198 0.0412529788951874 0.0880809086271703
0.255007090190641 0.0943601910737132 0.0632599135295233 0.0966223393430743
0.242517883732494 0.201610796339382 0.0818680837446837 0.0577881864769685
0.303731289676249 0.0101195584687938 -0.0270376316478127 -0.0496641651344014
0.202137378918276 -0.182863810574405 -0.0861487883249346 0.000626369103009144
-0.0396164706753264 -0.275542372875172 -0.0714186893338272 0.102039199669609
-0.21804707492487 -0.187669312945865 0.031783500970681 0.0992611158478425
-0.282848048329404 -0.0303806542330574 0.0597926596951835 0.0475678632297008
-0.244966474657653 0.0996633222350783 0.0653262187870149 0.008125763388781
-0.235593762147725 0.130583890297365 0.0448728680238934 -0.029976961798472
-0.238102945236673 0.112306497676733 0.0266166547610599 -0.0560619582761647
-0.306861388172379 0.0114876928567949 0.0186121863909228 -0.0828281881879157
-0.277501733310564 -0.164353908828634 0.0615133716412801 -0.0857349881707779
-0.130898800882123 -0.291720316064408 0.103016296455562 -0.0527942568457633
0.156334457701106 -0.291130140304186 0.10420081602433 0.0307228471569991
0.328238252910952 -0.084991333154094 0.0334866219015618 0.0838397787025768
0.318677220762942 0.124148947837272 -0.0178095197215004 0.0528592611065709
0.222537570505589 0.228002210928659 -0.00480985746725295 -0.014110262972195
0.30193354618944 0.052909981502032 -0.0661263093257078 -0.0653785542941266
0.230247060188755 -0.150873241130282 -0.0713669049538233 -0.0435400514853028
0.000338984625201485 -0.273499511190571 -0.0692068283221685 0.0126767448707328
-0.194432266086227 -0.207143409708099 -0.0391251103221182 0.0144232053639817
-0.279561217704515 -0.0568027532928038 -0.052200345472182 0.0236468000259963
-0.25298435288382 0.0865414286213509 -0.0457466110771315 0.0374089431200827
-0.235881535763814 0.134957748758477 -0.0505940501972658 0.0193107158988631
-0.2298398519856 0.130193314671813 -0.0697129149877126 -0.00717638044363521
-0.305550842977336 0.0474849941940046 -0.0817899716137575 -0.0585437474205449
-0.30095443133838 -0.128740190108837 -0.0321547411378252 -0.110042528278123
-0.177025822924124 -0.282774146826987 0.056654130040877 -0.113048188536836
0.134061657810673 -0.325447117539334 0.088086565894546 -0.023639419394916
0.34630239029323 -0.104921813290562 0.00377988391315146 0.0651131951308938
0.335537797708763 0.138275658858783 -0.109230683731157 -0.0032376667587897
0.17220444488988 0.211294597987361 -0.0789484604472851 -0.0767398321821763
0.250607131627796 0.0723664877550089 -0.0867747424241107 -0.0617021843959594
0.206243291957118 -0.105860019679769 -0.0318592317475075 -0.0562091293169097
0.0198542296948956 -0.22046461370005 -0.0236750568092001 -0.0598331683186628
-0.147707266230324 -0.175624486220831 -0.0726047764715865 -0.0784514026771524
-0.229158589720164 -0.0589026008369007 -0.144111371795575 -0.018921946905443
-0.216167422497976 0.0658485518724936 -0.146370959413658 0.051522365700433
-0.198970484054902 0.117969475565036 -0.136979182050058 0.065069692764714
-0.191278163277652 0.121993482378731 -0.154823681916891 0.0462821033182831
-0.258253392599642 0.0613601147371142 -0.167437486553361 -0.0172571687059882
-0.268275632121686 -0.089863441900438 -0.114948246779544 -0.10623390693806
-0.174861972034007 -0.237497320457407 0.00201632877649231 -0.139196280746217
0.109560010204584 -0.297992815966458 0.0467575819356743 -0.0584205152641258
0.315317276878681 -0.0949182081044013 -0.0393999874710884 0.039300730384286
0.299560835982904 0.140096258850934 -0.19364867589265 -0.0651288349301157
0.108029250040078 0.161282731863472 -0.136091745407636 -0.117681507638171
0.175392841399867 0.0580658796786021 -0.0936138954237445 -0.0405543758915243
0.142690078250933 -0.0769262417509977 0.00956111815363782 -0.0472190326602124
0.0037682397196086 -0.145346012530487 0.0282800584720561 -0.103255026968072
-0.102051692987708 -0.106371267470189 -0.0835305567837011 -0.146530427060664
-0.149808419929485 -0.0347181874630987 -0.203834045373904 -0.0534817014525468
-0.144342099172921 0.0453624728596295 -0.219495843569207 0.0583377408835225
-0.131505908816339 0.0828491014164009 -0.202345384402599 0.100411350348497
-0.128903662888692 0.0878790828971201 -0.217849089014661 0.0918432517718693
-0.181283682831548 0.0524466833984084 -0.227755359027134 0.0210695107471205
-0.197517441998725 -0.0541133866882897 -0.175055129178197 -0.0929924810333645
-0.135473462689733 -0.172668457800378 -0.0439659975343091 -0.14391629410322
0.085858217785135 -0.226214765332655 0.00446076396591419 -0.0784196892447361
0.243930229705144 -0.0589842699039782 -0.0789319609969922 0.00916957326668674
0.21331665942995 0.125365452171244 -0.253204030413903 -0.125497806487034
-0.0761545129999521 -0.0866788054895227 0.261154823886044 0.164050205073718
-0.121564102797502 0.0272476975084875 0.119478694404302 -0.00834364056841122
-0.0378541217281251 0.106602256778314 0.00284369174980608 0.0751043121181547
0.0696572504134915 0.0698253569584775 0.0644799237076669 0.14219529171233
0.0819684645523679 0.00772711901378902 0.205957564601897 0.101679609020806
0.0711027745939206 -0.0205687950796298 0.276820962386367 -0.0356573724202113
0.0517488651135606 -0.0386035746893145 0.258059096157116 -0.123314823493164
0.0410348817406044 -0.0297566493683411 0.23118934142005 -0.129498393634316
0.0433683287416767 -0.0174462584740627 0.238681274627412 -0.0783775617388278
0.0629919602049617 -0.00493885264083165 0.218255484204623 0.0299604135876177
0.0613623443537032 0.0323109531802403 0.122409369875197 0.143970385212224
0.0246868816698682 0.0738251352518678 -0.0292711381438921 0.146536435240574
-0.067851371949665 0.0546807580906051 -0.0349222411704269 0.0721753849107442
-0.0945203126425494 -0.0363497917675806 0.0570253575495765 0.0328095068114491
-0.035021731568607 -0.0836242007467684 0.173034515864923 0.132527329579018
0.0388252388733193 -0.024114789888561 0.267944888196187 0.174944678204296
-0.00956946780958686 -0.0158811857798339 0.109854092178915 -0.000497472024767911
-0.00546428263113739 0.00987980015369156 0.00104265263323765 0.0861576398134202
0.00685788306664951 -0.0119342325088831 0.0627533623149069 0.166926288562062
-0.0153564415947226 -0.0227831258320807 0.211434447651735 0.116155445169579
-0.0297297264348121 0.00383296280041786 0.276263089679849 -0.021824307541249
-0.0319466614574348 0.0187263123390833 0.261713641116368 -0.115298720310474
-0.0490462805395671 0.0203911845842359 0.230394583818651 -0.130252037957618
-0.0570969222615022 0.00745155070022973 0.232633472420849 -0.0924559417635774
-0.0503859474851152 -0.0391593323320857 0.220382218825705 0.00230402515070966
-0.00470276072020741 -0.0664524087094491 0.153396720187595 0.117610898450947
0.0451847327176751 -0.0381164103850726 0.00930218033767721 0.147319771640323
0.0369230806442303 0.00112307443653793 -0.0241907449203332 0.0986875177029484
0.0253358321381677 -0.0135438547874394 0.0398866337383631 0.0461205221999826
0.0618612277008289 -0.014386751674875 0.158262203599145 0.133305297837035
0.143405685233669 0.0545728602907926 0.234084071210436 0.160738842439531
0.117927053990303 -0.0395575107128476 0.073850250095909 -0.00563684867545212
0.05082320944361 -0.0899124110814234 -0.029128915556067 0.0834425693290421
-0.0458099021427745 -0.110477525519583 0.0288693884000367 0.185931338083273
-0.11405935455628 -0.0683717354776223 0.184899548862341 0.137457699544821
-0.135143036678137 0.0145657982818138 0.240749069553346 0.00742194208142995
-0.118023662436928 0.0680846076674019 0.230203062239312 -0.082897441700809
-0.131876927914461 0.068560185518751 0.195219398336898 -0.112705318760182
-0.144670679924703 0.0403605324486783 0.18933620314075 -0.0991613773456094
-0.162778762105589 -0.0467550744181092 0.184894967379968 -0.0418019356095433
-0.0973753379097913 -0.139010207287417 0.164778790185386 0.0517188214190875
0.0177997518003611 -0.153353310955145 0.0692032577649956 0.107443976154757
0.116618007977263 -0.0913549715225011 0.0249633584114682 0.109642933525131
0.149964737721322 -0.0195683863351053 0.0368137345932706 0.0708591764188553
0.162304683951825 0.0457833969243398 0.122344109217121 0.121465558408767
0.216743649107031 0.135302452493017 0.166878232881219 0.119051787627002
0.233351623391193 -0.0312815609922526 0.0222049276661168 -0.0253917154898736
0.128105737655546 -0.163427549870751 -0.0673869094828753 0.0519346813104457
-0.0643006371984262 -0.209786033724427 -0.0265365635562363 0.168231224576778
-0.18922164244478 -0.128703976243319 0.11815952738575 0.13931042997263
-0.226915768738428 0.0021536819039837 0.165327080973065 0.037821735517135
-0.192416811305636 0.096466887325611 0.162084962562641 -0.0369849341884883
-0.195470577709646 0.107816775000959 0.129674141483653 -0.076940093946248
-0.206408853014424 0.0791262526800606 0.116346123478388 -0.0880538189424907
-0.25246543062829 -0.0250237923619976 0.112465578286205 -0.075820096333341
-0.199350960400808 -0.169344001896504 0.133537321103635 -0.0270659462950452
-0.0526271981897819 -0.243928232678097 0.108106763846511 0.0304650149838692
0.152965403088592 -0.202166893877672 0.0795326361744526 0.0833593745615476
0.255980973514714 -0.0509747204143834 0.0410081848705704 0.0865190759676778
0.253146103159157 0.0910746184875498 0.0630767902640121 0.0942036491318273
0.242460478813813 0.197087726703629 0.0805291187621298 0.0558011865225537
0.299571685840323 0.00628402158898948 -0.0283901772839973 -0.0484091302595136
0.197960905512912 -0.182514541464366 -0.0861775920541527 0.000792614274241421
-0.0421982803291769 -0.271536164447851 -0.0699723865017559 0.101390484283854
-0.216941903086367 -0.182601493185755 0.0321687839227157 0.0971203948072081
-0.27935256615545 -0.0263312544195192 0.0599064273182103 0.0467168225825387
-0.240352927366635 0.101011633302693 0.0652496234395 0.007196865570815
-0.230686159555113 0.131910805520078 0.0437483867458808 -0.0303779185526694
-0.233822029499433 0.113107549605064 0.0255874224205353 -0.0553961227964314
-0.302805244004136 0.0149751790535372 0.0174618319603548 -0.0820158173344068
-0.275831828301632 -0.158451594166928 0.0594345437429454 -0.0862205668839022
-0.132170509593823 -0.286095038030567 0.100529749972253 -0.0540107010157611
0.151659590290707 -0.289834569856643 0.103226065459299 0.0297081948119337
0.322726147661687 -0.0876230775794702 0.0336488534150629 0.0826790098870825
0.315405962636261 0.119949961002533 -0.01732631652282 0.0522067068485823
0.222416475581873 0.221841675774848 -0.00540478882024418 -0.0139846399458774
0.298243431659166 0.0484732274182439 -0.065785088137133 -0.063939531365894
0.225439229874021 -0.1512994237686 -0.0711995831861109 -0.0428643014287921
-0.00284977703904516 -0.270214758421417 -0.0689352810650919 0.0131839393823307
-0.193552446219781 -0.201313373960097 -0.0381151245745354 0.0143836614943565
-0.276322940221019 -0.0521972064548387 -0.051137531528212 0.0243588105014842
-0.247927175588307 0.0878010169260269 -0.0443107836777092 0.03719064122338
-0.230759647568992 0.135444150711817 -0.0491771963113576 0.0197943933944471
-0.225648718040947 0.131190926284356 -0.0684414847529945 -0.00663110441781632
-0.300840281565681 0.0504994701706915 -0.0822891791455086 -0.0564206861025832
-0.298748352370634 -0.123891254428439 -0.0325990874550506 -0.109021458747034
-0.177633378947412 -0.276475319353441 0.0548555011173402 -0.112112136834992
0.12856831939527 -0.32239345810566 0.0862857364975855 -0.0237645293643732
0.340467385234537 -0.107849520937787 0.0045188545707785 0.0649634354252285
0.332965990190593 0.134011690959644 -0.108333922551786 -0.00139127302637132
0.172171630681126 0.206307899576903 -0.079152008542636 -0.0747665895386343
0.247828195980523 0.069043047396627 -0.0864136003411909 -0.0597623377056819
0.202584830740531 -0.106343499330488 -0.0322768540919278 -0.0552907080839674
0.017135301483211 -0.216945205626163 -0.0238594180997187 -0.0588747079728489
-0.146967209433484 -0.17126698655477 -0.0730618990731172 -0.076867571357189
-0.226649838931081 -0.0545671564885634 -0.142615586461428 -0.0166754730612529
-0.212337241146696 0.0669665645572889 -0.144188859915841 0.0524506166582226
-0.194372243300435 0.118176350900988 -0.134211369006719 0.0657818235179525
-0.18713893732103 0.122531730095869 -0.151882940918315 0.0477415530351137
-0.25420186460189 0.0637379393261285 -0.165094381483117 -0.0146802585226756
-0.265732964178657 -0.0854074958838714 -0.1143547135877 -0.104089086247262
-0.174467630738551 -0.232431233219973 0.000232036003225706 -0.137421569100823
0.105546430385383 -0.294865914630531 0.0460190111705613 -0.0580014966155423
0.309780678784441 -0.096698011789297 -0.0380822889958344 0.0396622892442864
0.296022117869597 0.136575100663177 -0.191459366101873 -0.0619022692889851
0.108558691347869 0.15752261849552 -0.135652086171868 -0.114679346403991
0.173920703634511 0.0558914573348216 -0.0920063245921729 -0.039132213323481
0.140325011778198 -0.0775668998978821 0.00844138175857368 -0.0470375930133028
0.00217050606561869 -0.143209598460238 0.0262836995441133 -0.102526445321402
-0.101564744894905 -0.103531559872837 -0.0846474373679831 -0.143378063472556
-0.14812654939797 -0.0317847263359323 -0.201197677064591 -0.0506452833922863
-0.141672419891776 0.0460081446225349 -0.215606087661493 0.0602941246649568
-0.128407088781101 0.0827326505750901 -0.197940920760114 0.101582542504704
-0.126319449441168 0.0875473338455648 -0.214217246649941 0.0928402597129582
-0.178223034634171 0.0536997103900529 -0.224791489206813 0.0234250944330168
-0.195093158567263 -0.0508853059869823 -0.173690811980343 -0.0907002403980083
-0.135863954176016 -0.168510454041981 -0.0453429646178491 -0.141482911222898
0.0826177748293962 -0.224121390970416 0.00381313704751782 -0.0769649242903369
0.240428383658264 -0.0613693912967299 -0.0776475320242221 0.0103630443971765
0.211837746476018 0.121801109936929 -0.250835142177791 -0.121246865364524
-0.0761357480308205 -0.0848944377998099 0.259757650115207 0.159142285176526
-0.119770593910855 0.0278698502545076 0.117310703900066 -0.00944875983092958
-0.0370061825380886 0.105767031178115 0.00411191517737888 0.0747229971631642
0.0694630545966026 0.0680220806364529 0.064602500824244 0.140535390511822
0.0809321077946016 0.00705601666718932 0.204562352066822 0.0994870258278203
0.0698608373901911 -0.021383438528612 0.273437844315625 -0.0379932164461396
0.0511116926009492 -0.0388556278361689 0.253744924058217 -0.124598269854734
0.0402057782099483 -0.0299592260176076 0.226569717953599 -0.130540370628228
0.0428036621663916 -0.0170622788832251 0.233922539573534 -0.0799637724687829
0.0627925907262894 -0.00586043521121284 0.215489971469727 0.0269643455138255
0.0612893853748665 0.0308469176685923 0.122231589249878 0.140870594055396
0.0251015121484255 0.0724539988005035 -0.0269730568882094 0.145106593002951
-0.0665313135469324 0.0548645433490964 -0.0335202518390895 0.0713364171784517
-0.0943599473176846 -0.0349486802100323 0.0560185797856316 0.0315081965215471
-0.0349441334649386 -0.0825870964117862 0.17177793881645 0.12910645347219
0.0382034835608163 -0.0239859502446521 0.266242700738071 0.169998014424942
-0.00988519529768198 -0.0155660647587158 0.10800914882851 -0.000943982006774244
-0.00566541803503124 0.0095025170271679 0.00155135677719472 0.0854434481767336
0.00654324440412984 -0.011634076837688 0.0632385894454051 0.164458931270568
-0.0155976362776411 -0.0226361453837571 0.210459045028098 0.113191010399393
-0.0291187459938366 0.00332521921982915 0.272232877404927 -0.0248443411926052
-0.0314335116825323 0.0188233411186271 0.257608057678292 -0.116423255176204
-0.0479260310917471 0.0206508864144457 0.226290505713683 -0.132058455940645
-0.0559643448356124 0.00838030336547464 0.229070176653722 -0.0934103436400162
-0.0499962295964837 -0.0380233740645232 0.217416262841605 -0.000175257867405466
-0.00508222785858973 -0.0649988535061491 0.152407306307068 0.11456095053498
0.0446031467379565 -0.0378308028822819 0.0103946269491558 0.145238759328451
0.0361095612425016 0.000779461735496783 -0.0222185768404973 0.097054613880281
0.0242931370098988 -0.0139953790845741 0.0389751747142491 0.0449331127916711
0.0610614093326298 -0.0143782893602707 0.157388820223655 0.130270055141563
0.142839994459716 0.0532441988628157 0.233035905370454 0.156152875635651
0.116147566927384 -0.0399817402990665 0.0725697643925249 -0.00652667688262345
0.049296938230016 -0.0892530096917537 -0.0285773224620404 0.0821752086112141
-0.0465014857123321 -0.108212872620298 0.0300876260688961 0.183425795313151
-0.113018481379012 -0.0663594983417516 0.183910386482857 0.134116086638532
-0.133099250813922 0.0160096863574796 0.237569508049068 0.00515979696176457
-0.115670495755579 0.0678479301023299 0.226831769118369 -0.0843766666332556
-0.129036646911127 0.0692783650574832 0.191611723657806 -0.113284108921125
-0.142536921605605 0.0414227287976656 0.185984420662115 -0.0999708225712385
-0.161093452752211 -0.044603378318459 0.182112955320288 -0.0435551189726235
-0.0976654411311774 -0.136595756950027 0.163783381726374 0.049085587056388
0.0164256207783578 -0.151424792591533 0.0697207275043849 0.105716272097774
0.114686366421942 -0.0910478067757781 0.0262225817708515 0.107697093213051
0.147457039286824 -0.0207283493026733 0.0364699776344106 0.0698701191601376
0.160720098041379 0.0439281523872527 0.121858655073643 0.118418475292709
0.21563527826623 0.13188502441866 0.165767762565165 0.116182461368515
0.22986335967212 -0.0334489610725893 0.0222382074073424 -0.0246463442713645
0.124944558774738 -0.162457452452264 -0.0666472448152368 0.0508974471374689
-0.066230644104874 -0.206600165761308 -0.0248962110325317 0.166450536965761
-0.188323779310578 -0.124920103031062 0.118818255925189 0.136807806946456
-0.223774456875042 0.00525321091137806 0.164251229807174 0.0358440378006726
-0.188518311904364 0.0974563790247409 0.160291651655202 -0.0387374386940921
-0.191703408487251 0.108388046784962 0.127370741689061 -0.077293267859444
-0.202432513465146 0.0802691023027078 0.11401977289341 -0.0886908672293456
-0.250421332228622 -0.0218485438318595 0.110437682134205 -0.0759688453440832
-0.199331244933053 -0.165547116928818 0.131621944229371 -0.0280227806669635
-0.0544972265973957 -0.240571166794677 0.107052041473702 0.0292470978268717
0.149122425890728 -0.201400294903867 0.0789105661935303 0.0815250330755099
0.252376391101312 -0.053243751264812 0.0410620937710672 0.0857604405656606
0.251045152924231 0.0886132659438508 0.0628592510807338 0.0925120325139222
0.241597600211643 0.192180235308453 0.0804007102440217 0.0544829649156449
0.295753662106206 0.00393443022523225 -0.0287212987352725 -0.0470461104101333
0.193706888127035 -0.182129504376765 -0.0852183566775879 0.000621067177424851
-0.0450237675961851 -0.267263980772358 -0.0682486633319935 0.100992454600464
-0.216268647253955 -0.177954089120561 0.0323560055442236 0.0964982615801135
-0.276269089620076 -0.0226529668189651 0.059768282911558 0.0457479663153494
-0.235532726160196 0.102388274070407 0.0646649322480184 0.00590613087436789
-0.226249122869528 0.132504827535414 0.0431203102436954 -0.0302052870206743
-0.229502154888205 0.114298786673403 0.0246131708319723 -0.0561144753607125
-0.298884931682799 0.0178475220325273 0.0158220751571039 -0.0812316199383082
-0.2740537510865 -0.153767725224416 0.0573908080579748 -0.0861800218196088
-0.133424949813806 -0.280743702496217 0.0983946033040565 -0.054480375472104
0.146332455283784 -0.287318805715971 0.102552854534991 0.0284566951403123
0.318484013925816 -0.0901120770380105 0.033201483072464 0.0824491640876379
0.313512208711771 0.116933132181243 -0.0164966116279293 0.0519412408401755
0.222388668280995 0.217355528730275 -0.00571697362293496 -0.0137834783813959
0.295457157365169 0.0459126293915001 -0.065951354290739 -0.0619383708519072
0.221513399986076 -0.151499199316039 -0.0719638995941294 -0.0421145493990835
-0.00514227771973064 -0.266212368902828 -0.067732423070112 0.013026572538945
-0.193472293858562 -0.197241159739133 -0.0383295154527644 0.0146808179188464
-0.273494728889314 -0.0473737282145524 -0.0505606936401425 0.0247049968090106
-0.24367400444445 0.0895568740905332 -0.0428939495235223 0.036957674741052
-0.226316018894558 0.135804666081017 -0.0483559533673839 0.0201078172515445
-0.221245873026191 0.130677526408057 -0.0679472633179272 -0.005929649516251
-0.296245061673504 0.0525629109035446 -0.0817585650849713 -0.0549278775648836
-0.296569999663147 -0.11807750799657 -0.0337435802579687 -0.108079655399458
-0.178289851520497 -0.270844692128853 0.0530631026641655 -0.11192745094822
0.124051474893408 -0.32008652104312 0.085352075281028 -0.023393034965241
0.334893475526556 -0.110028072348096 0.00495086714426789 0.0647078226404174
0.329757036778743 0.130198880960783 -0.106890606044056 -0.000291901192574928
0.172541316321615 0.202170005438735 -0.0787549327602345 -0.0732169695772467
0.245361685094657 0.0652934902284525 -0.0858436320984747 -0.0579906517801243
0.1991371259949 -0.107062261651365 -0.0324523686732817 -0.0550590632271412
0.0152293711363521 -0.214413305670344 -0.0242813592407712 -0.0584296997772101
-0.146741127970707 -0.167523116822619 -0.0730325112307636 -0.0759539872521905
-0.223968718395272 -0.050754164073441 -0.141111979321085 -0.0146729576217705
-0.209125457046126 0.0687390839257394 -0.141396456666613 0.0533216147745244
-0.190508658765443 0.118665024349223 -0.13155380119819 0.0664629606194495
-0.183491331961205 0.122222156071452 -0.149743694746941 0.0487107430719909
-0.250508430705084 0.0653006713802996 -0.163051376777842 -0.0132548497158154
-0.26338203515117 -0.0811099545148354 -0.114060929078479 -0.10262997339499
-0.175176453997406 -0.227171262198125 -0.00157943451788106 -0.135871038038345
0.101609264124809 -0.292515459290607 0.0450636576231351 -0.0573743558398846
0.30527947216329 -0.0985872299188798 -0.0375214455439113 0.0402532175576111
0.293625106893126 0.132106611411631 -0.190105901042412 -0.0591777476301713
0.108744126555355 0.154655073935747 -0.135033411399437 -0.111946292290752
0.172512199877564 0.0529541536053269 -0.0915067430130884 -0.0376107374924435
0.137948790372448 -0.0780797930308363 0.00780577174918964 -0.0465535049689411
0.000601282672419714 -0.141414047364154 0.0255346436097106 -0.101169882400066
-0.101423641764856 -0.100988075434557 -0.0853551423605787 -0.141457713093587
-0.146621982804005 -0.0292908187311071 -0.199665039162932 -0.0470025671506678
-0.139484339781724 0.0464778265235876 -0.212281947311694 0.0619408460055576
-0.126045730009495 0.0832387149744575 -0.194390214079975 0.102253419961663
-0.123656125077905 0.0877130803353474 -0.210075836138608 0.0933677227016551
-0.174743255691279 0.0551461188563212 -0.222056482755423 0.0257270925690655
-0.193201262566851 -0.0484734250516079 -0.171724735514433 -0.0880558971939965
-0.134884123679487 -0.165254360427494 -0.0464450357839853 -0.139929513258064
0.0792418204690459 -0.222316246159801 0.00311701055721558 -0.0755845827624397
0.237206401252249 -0.0629098588442779 -0.0766507646593067 0.0114282324142437
0.210353414588067 0.118531028841387 -0.249202873301996 -0.117212794379315
-0.0755673901430585 -0.0828780000259658 0.258285572050698 0.154504461251978
-0.118350700126606 0.0284988705574793 0.115367334707294 -0.0104614563785666
-0.035640651030896 0.104889233239976 0.00388772253424989 0.0734914336538859
0.0690463560646462 0.0665385419599958 0.0642434043707997 0.138339113152698
0.0800404011501821 0.00585503720038455 0.2031591250092 0.097656026451862
0.0692428033450677 -0.0218844501441412 0.270101774922817 -0.0403720521592106
0.0502025568061828 -0.0389287046653651 0.249965494334129 -0.125602925820021
0.0395073559767936 -0.03002311298789 0.222567772512483 -0.132114034140526
0.0420936449683623 -0.0173033713639112 0.23056294099428 -0.0816415405014086
0.0611070289498381 -0.00653497640094644 0.213050940436341 0.0240032810429207
0.060770147585372 0.0301496700104929 0.122732054503543 0.138346498606521
0.0258945914731643 0.0716024129140687 -0.025036586749556 0.143863155873596
-0.0657945179653932 0.0553709344026795 -0.0324066342123535 0.0701774864487832
-0.0932648086273992 -0.0329216339484045 0.0551566573046432 0.0303004020223389
-0.0354584756300753 -0.0813079060817074 0.170317720307234 0.125921088474682
0.0378721596632466 -0.0242263688936475 0.265537755844843 0.165985309966284
-0.00965572466657588 -0.0153796519919865 0.106053520186807 -0.00257660284197066
-0.0057373037142383 0.00958024273676388 0.00174418471381199 0.0842487029467934
0.00650222855618262 -0.0114196227150912 0.0634452823029742 0.162372482011714
-0.0155515185396619 -0.0219730936345189 0.209233539430586 0.110224790751347
-0.028499645513337 0.00431363785863649 0.269499310373983 -0.0267806848337986
-0.0306927202938584 0.019265061971971 0.253192001923206 -0.11777624468783
-0.0471182761557011 0.0210917884963777 0.222502994962952 -0.13272521675784
-0.0551642513216875 0.00863240048076852 0.225260041220801 -0.095053513827443
-0.0499736577768171 -0.037251716321783 0.2144125936553 -0.00248182483675259
-0.00602070772500284 -0.0643246423613658 0.152501510417914 0.111774459815441
0.0437530517022396 -0.0382105789180095 0.0116185387764199 0.143897146170305
0.0358171643785874 0.00102207068197986 -0.0210668107584609 0.0963316836329783
0.0238887088835718 -0.0137324899184977 0.0384962034536486 0.0438026209644392
0.0602925831231215 -0.0149225944477372 0.156540554142851 0.1269151186543
0.142260365067496 0.0509978305611181 0.231408103457747 0.152855426493336
0.114615942772846 -0.0410973629041425 0.0703742148060864 -0.00768468750306252
0.0479342838410884 -0.0885914890880083 -0.0280966093568072 0.0807956241119155
-0.0468477886010877 -0.106598913847403 0.0309527960685059 0.181676842833226
-0.112147482666067 -0.0648400788787828 0.182903438101512 0.131193015946634
-0.131461377242832 0.0168160460814323 0.235017695371266 0.00252587014732084
-0.112962956026945 0.0685949276730379 0.223517925044594 -0.0858146634235276
-0.126911700643474 0.0696302483021577 0.18817279607875 -0.113687408819503
-0.139849646667151 0.0423621182118095 0.182468207013533 -0.100980880362373
-0.159782754176156 -0.0424752488982348 0.179376261772919 -0.0446072250020602
-0.098007148741239 -0.133570453661694 0.162317055646188 0.0462879868388287
0.0149262407265385 -0.1499820608715 0.0697226699469669 0.103529229734794
0.112389153421371 -0.0912478317929779 0.0272008253099348 0.106697101416252
0.145951906207043 -0.0219182075523366 0.0363211197979443 0.0686893574541456
0.159294786288271 0.042250963194202 0.121246071367341 0.115825208799202
0.214709480746083 0.128140877874295 0.164325130065452 0.113112590312861
0.227042817322952 -0.03490550032419 0.0214826786585476 -0.0247470743735846
0.12283462972979 -0.16239123967716 -0.0662165495738683 0.050510179221054
-0.0670962865550937 -0.20309170712164 -0.0232429717841577 0.16481759928906
-0.188230895564014 -0.121718678050078 0.11821048058276 0.133667359699455
-0.220681023968737 0.00777835318085446 0.162867436278678 0.03392854969831
-0.185049841741401 0.0978460244977972 0.158200973949823 -0.0398809381047708
-0.188291107659946 0.109521270578502 0.124883266544568 -0.0774925594870858
-0.199516089009498 0.0811740992214829 0.111905883300466 -0.0892194834504527
-0.247705635994427 -0.0186700136786989 0.108584493952495 -0.0770949692696073
-0.199755256983854 -0.161352959913165 0.129778592915122 -0.029945576148315
-0.0562322374117629 -0.236813931261246 0.106105643970011 0.0280351522189117
0.145655980506335 -0.200205958215471 0.0793521949974715 0.0804047629592181
0.249537380711321 -0.0553709471814486 0.0405761468189708 0.0849405214856764
0.249129021402934 0.0848840238274277 0.062866499299392 0.0910801985475592
0.24104110912415 0.188071106368669 0.0792060897139422 0.0533125966270065
0.291961960547353 0.00101072861688939 -0.0292554237097392 -0.0467239395248881
0.190693371843473 -0.182131526276639 -0.0856442160440665 -0.000133446966426209
-0.0469030160296578 -0.263608900316742 -0.0674069101094813 0.100313334504386
-0.215816615147637 -0.173475702808075 0.0324559705883566 0.0944898277089922
-0.27292574544328 -0.0191964938192453 0.0597371865706644 0.0451376613879782
-0.231772688713036 0.10365595807593 0.064433044536964 0.00492833182968391
-0.222273014436489 0.132925496030057 0.0423927715245872 -0.0299534645344756
-0.224934953675831 0.114829698684059 0.0235327038334576 -0.0554470666682265
-0.295478772011126 0.0206891701694595 0.0149205948636146 -0.0806988699208506
-0.272897807861586 -0.149079343651358 0.0562130646339559 -0.0863599519293709
-0.134123008727896 -0.276076797228143 0.0965946319546017 -0.054556787592613
0.142341676496521 -0.285761892274477 0.101595405887852 0.0276539033744128
0.314223112211466 -0.0921318242785317 0.0337508422991345 0.0818110735428536
0.310171741176206 0.112578427212437 -0.0162107590040282 0.0520211782226974
0.222119012985635 0.212430564023601 -0.00619595080209302 -0.0133915332577262
0.29205996314641 0.0419942958105487 -0.0660491936837508 -0.0607616993035843
0.218044258685406 -0.151435590786525 -0.0713291248295214 -0.0418237225666001
-0.00729205859255274 -0.263009256791643 -0.0669887676085719 0.0136943553807803
-0.192766920803348 -0.192209942022742 -0.0384653469881889 0.0150417207992869
-0.270837784439292 -0.0439003939856235 -0.0500128566750911 0.0253613989816243
-0.239509973187381 0.0909449221737187 -0.0420162690104156 0.0366327003103825
-0.221826690362761 0.137088605426317 -0.0476418398965327 0.0206005366316703
-0.217346709912963 0.13193561403519 -0.067664185310378 -0.00539847363037171
-0.292101335014135 0.0553777575168781 -0.0813468000476485 -0.0538213266565939
-0.294035091355666 -0.113705260835512 -0.0340701959252455 -0.107333023444577
-0.178851291528264 -0.266014198691788 0.0510183825351226 -0.111987796429781
0.119427546606436 -0.317579620257872 0.0844496015880683 -0.0235736626842993
0.329917642765063 -0.112373793261688 0.00541766924267954 0.0650020128260893
0.327711239101614 0.126391879952215 -0.105360510818015 0.000948978233744836
0.172263596812572 0.198468841612599 -0.078971967289932 -0.071850954199608
0.243283383328048 0.0621642353793415 -0.0854856905829268 -0.056245402484329
0.196346492825868 -0.107455930070964 -0.0330861248930806 -0.0544314613567016
0.0126914412200721 -0.212554701375031 -0.0248510239531149 -0.0572765389427839
-0.146951001059324 -0.163496692526844 -0.0735478417432641 -0.0744918742853033
-0.222099619759377 -0.0478597560286741 -0.140272705101735 -0.0124376616244304
-0.20506465763261 0.0699479416606515 -0.138979704426296 0.0538918246071419
-0.18705542581049 0.119681393303003 -0.129530562589037 0.0670201275646586
-0.179950223719632 0.122181303523098 -0.147304640456022 0.0494446681271105
-0.247013443452459 0.0674460752896731 -0.162207724921758 -0.0109002382493946
-0.261796608880568 -0.0776748817334284 -0.113871796966887 -0.100893179514475
-0.175172740389889 -0.222872981529432 -0.00309202186871663 -0.134667734620416
0.097692070070442 -0.289957026118648 0.0442107401934934 -0.0561022635366995
0.300596108474845 -0.100446681933831 -0.0362661167405935 0.0411937740454197
0.292052641464798 0.128536038900567 -0.188417224886757 -0.0566846372082011
0.109098575878636 0.152692413187216 -0.13422017485864 -0.109800841521503
0.171129821681186 0.051270714348556 -0.0903806116509223 -0.0361301748247057
0.136331599118575 -0.0786611608227342 0.00695364952029666 -0.0463866189567216
-0.000636080787003401 -0.139835910492524 0.0239003088848061 -0.100479326850249
-0.101153344980575 -0.0981936879191653 -0.0859961541272471 -0.139283005428577
-0.145255783762925 -0.0271842139758609 -0.198176638696261 -0.04447617306985
-0.137551707101093 0.0477967485376307 -0.209079864201627 0.0627239636717158
-0.123875764147334 0.0830237439186068 -0.190889701145386 0.10300582661648
-0.120961541155098 0.0873431796235633 -0.207086286005525 0.0953174299326243
-0.172419929479715 0.0564487977722552 -0.218348421927243 0.0269123432236794
-0.192183437812 -0.0459146878930654 -0.171421017070339 -0.0855337892932881
-0.134919993096373 -0.16176780161543 -0.0475765422750042 -0.138333175383448
0.0767150766379753 -0.22049771011629 0.00261421136162131 -0.0742301711557603
0.234060905599444 -0.0636342887017664 -0.0750303940045849 0.0127077474140855
0.209366913520052 0.116014499006021 -0.24708837081368 -0.113291071440506
-0.0752028327814807 -0.0822509613277403 0.257085402420258 0.15084281774463
-0.115997378838723 0.0292936722972071 0.11397686649626 -0.0114541819791712
-0.0348475113464593 0.103769347435171 0.00467246973982938 0.0731245571144321
0.0686224413844508 0.0653185115058609 0.0641258077252613 0.136808924203464
0.0794225448023039 0.00484405827075623 0.202096382651497 0.0941011348767667
0.0682881494842944 -0.0229839372464732 0.267384104243619 -0.0420827720025369
0.0492300848963076 -0.0388654183402245 0.24550917172074 -0.126676495135369
0.0391547815489365 -0.0298436763147421 0.218258856369328 -0.132191846302259
0.0412658570460723 -0.0174775259777203 0.227915525290509 -0.0831804766954561
0.0604702783679682 -0.00701143656943036 0.210914271850662 0.0219482673446359
0.0605923487346291 0.0293136395732548 0.122703568367557 0.135515121927222
0.0259538352780598 0.0704744941665338 -0.0233064481889691 0.143549857454343
-0.064554458051414 0.0556655440239624 -0.0307804725780731 0.0696762369456948
-0.093328723768859 -0.0316255508653434 0.0546583650382557 0.0293026593498903
-0.0354016235751665 -0.0805876536336336 0.169699816972233 0.123334646350845
0.0378633638172705 -0.0241594054426006 0.263039825115771 0.162293748954459
-0.0096860952459851 -0.0154436401536467 0.104656371175084 -0.00321381752771676
-0.00542635723752942 0.00935896897685441 0.00233921979251586 0.0830197460739704
0.00567754027072676 -0.0114227147780114 0.0636550777963826 0.160128130481152
-0.0159725569725655 -0.0218372255313889 0.208172718577927 0.107586339319006
-0.0281082801413968 0.00381857748550971 0.266687715054114 -0.0291639987638533
-0.0299059366208295 0.01909888234773 0.249219929432104 -0.118881838937749
-0.046092543193475 0.0214046936091784 0.218813045897749 -0.133198361511241
-0.0544643589234038 0.00898540938431502 0.221917650912904 -0.0966531024969888
-0.0500403555724611 -0.0363745384043872 0.21184773841456 -0.00459225252080627
-0.0062436432959001 -0.0638530462537043 0.151912803951952 0.108669908426254
0.0429888550174329 -0.0375427845516638 0.0134033403203629 0.142479076692336
0.0350426733633684 0.000645422023375512 -0.0197933732423244 0.0952928530701138
0.0235477462036468 -0.0139610508195589 0.0378139465299484 0.042960074901977
0.0594611875441169 -0.0155112953086484 0.155857117388782 0.125061871940473
0.141351302340422 0.0491208512239829 0.229770406065909 0.14957723337631
0.113198279683571 -0.0417103456145377 0.0690574127365082 -0.00819753291910183
0.046684187942382 -0.0884536713325932 -0.0273649467611462 0.0795114211350966
-0.0480369479499326 -0.10525141961056 0.0316485066642612 0.179497441324905
-0.112208154341067 -0.0625731833619106 0.182700942094373 0.128549178207495
-0.129530038457275 0.0183241581512955 0.23332245950059 0.000984991672096247
-0.110862711316311 0.0688724059902223 0.219936400362557 -0.0878243627510554
-0.124738567078873 0.0704698193329403 0.185048710331885 -0.114479591964469
-0.137802772962529 0.0437954223442312 0.179490657316352 -0.101899344755704
-0.158506719382468 -0.0402816415498747 0.176615500869048 -0.0457430030449095
-0.0983118898667507 -0.130912002824167 0.161323618032786 0.0441351280167463
0.0131466399327435 -0.148183843949747 0.0699058303257085 0.102119094478272
0.109949787955995 -0.0912227372070941 0.027883207626036 0.105196744206518
0.143757372264424 -0.0226300428036662 0.0358764547264627 0.0678596496732091
0.158495725584869 0.0408361614280531 0.12043583216411 0.113420086845666
0.21451155853645 0.125223356075535 0.163835086346701 0.110722233867137
0.224639610322818 -0.0365863944123197 0.0201723535080617 -0.0249122880311501
0.119870516207632 -0.161614450759091 -0.0656999861485936 0.0497410716852848
-0.0680635630410473 -0.200564386220748 -0.0218618226848152 0.163504254989975
-0.187296461937707 -0.118580716041846 0.118125209964219 0.131211986902635
-0.218840195143837 0.00996136873541729 0.161784453239733 0.0322595320862437
-0.181767978193002 0.0985349492661109 0.156103617639668 -0.0419145608638503
-0.185475998486311 0.110195824873843 0.123305766518094 -0.0781189711629234
-0.196409713227781 0.0818100503932161 0.109524761969174 -0.0898184444517956
-0.245606867887249 -0.0161933345440897 0.10636632262623 -0.0771909370866785
-0.198521885656914 -0.157153381080143 0.12842483853009 -0.0313870940841662
-0.0579840335712697 -0.233903275664512 0.10498740407766 0.0266980763078113
0.142303153591503 -0.199480365409668 0.0793223846518945 0.0793479580935853
0.245854203704425 -0.0573740353703967 0.0405965262341287 0.0841676062797958
0.248049504366252 0.0826569558458071 0.0625199422036253 0.0896809506225054
0.240727308860453 0.184227003797429 0.0784220267988016 0.0522884706672206
0.288928592546872 -0.00142119509361978 -0.0294661274190373 -0.0460821330478595
0.187158895336643 -0.18207433282981 -0.0852755707590885 0.000365908743922105
-0.0488451858109516 -0.260512265754573 -0.0657824069153179 0.100103855071732
-0.215304672914205 -0.169726149566477 0.0328765135680151 0.0931659795817292
-0.270008409767872 -0.015740402494228 0.0595437906532344 0.0445618956303224
-0.228266666483745 0.104148588800377 0.0640265735579447 0.00392511263089775
-0.218067138668863 0.134039385718415 0.0412799011359634 -0.0308615896911158
-0.221304693675988 0.11507850926191 0.0223309107098041 -0.0555215113489335
-0.291890431637042 0.0239368486285118 0.0134616747479974 -0.0800473156624711
-0.272159737882883 -0.144185986287196 0.0548906819491894 -0.0869506203195754
-0.135858312751446 -0.271846424867983 0.0949235790660441 -0.0553039917025243
0.137547228417795 -0.283527464485021 0.100986561333569 0.0266336266739908
0.30995624794694 -0.0940067558389911 0.0333985319598374 0.0811521203968373
0.308909813159722 0.109775735954139 -0.0161568184568214 0.0513181298702824
0.222389884592598 0.208390529570387 -0.00668356033076484 -0.0131103071642928
0.289583174826692 0.0385854734809498 -0.0658374316641593 -0.0593843653222113
0.214972186638062 -0.152650908879892 -0.0713099761312624 -0.0416852418141076
-0.0101004988622674 -0.26035859461386 -0.0666794551185014 0.0141027064941558
-0.192892178435642 -0.188352588240316 -0.0381212929120301 0.0149110833931344
-0.268760319871102 -0.0402172914962974 -0.0492514368582249 0.026037930173128
-0.236010897086688 0.0922120497494115 -0.0410006965853766 0.0364987553179224
-0.218040916526495 0.13754950288662 -0.0468659841909796 0.0206007932350758
-0.213267894779556 0.131566436790732 -0.0671801749895025 -0.00494327513614729
-0.288652846295169 0.0578080372685783 -0.0814299159558725 -0.052411611961625
-0.292641108211781 -0.108949091699496 -0.0351141037622437 -0.107261909230412
-0.179525546520355 -0.261670573564873 0.0491558976598036 -0.111019618888304
0.115490435917542 -0.314681156142165 0.0834244097450836 -0.0235853646666679
0.325492796785764 -0.113762494864825 0.00620573945485952 0.0646931388091322
0.326119729302934 0.122998281730701 -0.105043973546135 0.001880524837194
0.172992934448349 0.195040039904904 -0.0791564470624397 -0.0703853406552822
0.241535684272531 0.0596406748567455 -0.0846670235373462 -0.0550957109252548
0.193546646317785 -0.108060935761616 -0.0338196389491753 -0.0541431886216935
0.0106376972109898 -0.209948909000627 -0.0248780134352208 -0.0563804057320681
-0.147159791183154 -0.160356823108803 -0.0739018290728189 -0.073254778004766
-0.220067347623687 -0.0448427846453179 -0.138881851009297 -0.0110360389502155
-0.202444316253968 0.0711286420397613 -0.136983580727543 0.0547195649789033
-0.183272533375889 0.119488829468034 -0.127716287384314 0.0675187660740592
-0.176928352251254 0.122452923604729 -0.146012767949836 0.0509342034988687
-0.24344101215697 0.0687658956421776 -0.160477312363119 -0.00954364078156745
-0.259920671587956 -0.0741106337746524 -0.113650076758273 -0.0995014200950383
-0.174690646322152 -0.218240355687967 -0.00437444415705612 -0.133924336934453
0.0937620740231991 -0.288346324090824 0.0432794824004708 -0.0554424155850509
0.297358094412036 -0.101790450179096 -0.0357979387432511 0.0412303626250476
0.290507822294261 0.125960364107828 -0.187008038794573 -0.0545108859061278
0.109456882092753 0.149638281027428 -0.133828318158333 -0.107405449348863
0.170226591191746 0.0489124022995651 -0.089881931032479 -0.0345205142459993
0.133784012622006 -0.0788980213288611 0.00651196710942074 -0.0462827220294581
-0.0017951606582684 -0.138309785729729 0.0234766101091539 -0.100059325764668
-0.100788168694043 -0.0960108272119258 -0.0868534816139351 -0.137512867179679
-0.144127817100111 -0.0253283876361442 -0.19691396081656 -0.0417496919384936
-0.135664606485797 0.0485650833482858 -0.206216261265495 0.0645898940980407
-0.120902669799077 0.0835281680476499 -0.187815517298264 0.10390924087984
-0.118852647758692 0.0875231664164179 -0.204068597901411 0.0958790845447265
-0.169585569271022 0.0573045227303283 -0.216014973708221 0.0289043834849284
-0.190443108931042 -0.0435883230097663 -0.170620535424245 -0.0839839155659286
-0.134803890458505 -0.15830254955088 -0.0485808580397433 -0.136291508046258
0.0736400184623607 -0.218351382675501 0.00217109477869338 -0.0731405162492774
0.231064296723829 -0.0651286103502309 -0.0736867612252763 0.0130611603069596
0.208213308784219 0.114114522266754 -0.245066525567201 -0.109682468040488
-0.0753595652899483 -0.0808293362900945 0.255938059434956 0.146775133240544
-0.114806030125888 0.0293794809203423 0.111992347738563 -0.0122502083411947
-0.0333459193772455 0.103220428202571 0.00498927491079181 0.0722343847466109
0.0692005846864134 0.0637629669784603 0.0642566992111478 0.135191029173392
0.0786703741870922 0.00430192618603222 0.201022466921366 0.0916100401552423
0.0672868595204342 -0.0236097692055412 0.264708837509567 -0.0442182561331405
0.0483427256655617 -0.0386320292140839 0.242147301327931 -0.127729592473311
0.0382308674053232 -0.0293989664626541 0.215581405986297 -0.133778231852385
0.0410058136414456 -0.0174933156732926 0.224386617686668 -0.0849672222634886
0.0602396699048178 -0.00782391300590098 0.209107415807436 0.0193617900870146
0.0604588484721066 0.0281013010614898 0.122482263978286 0.133288766110817
0.0266618532171847 0.0699456427509825 -0.0214435147649187 0.142017176960741
-0.06338923918555 0.0556208648698507 -0.0297910984250762 0.0693176602688349
-0.0922468013092433 -0.0306813890046139 0.053692961873302 0.0285406829356259
-0.0357939624442984 -0.0796455510549452 0.169122426318998 0.121055637805931
0.037581311847398 -0.024493805366608 0.263203975126145 0.15832161761895
-0.00960608420447932 -0.0149576592696755 0.103127379942819 -0.00475711844367826
-0.00546863006208028 0.00953122149596057 0.00253541342027603 0.0822338518652795
0.00575243820913826 -0.0112121814747243 0.0645431159233727 0.158357078813935
-0.015501405012656 -0.0214286695346585 0.207661403687901 0.104740144243974
-0.0278530408988244 0.00427445310175057 0.264200312381381 -0.0312322693316173
-0.0293883004576202 0.0194169305901344 0.246374675611036 -0.12015885985172
-0.0459257937634516 0.0221390068476282 0.215465910127051 -0.134455520902416
-0.0537273887827433 0.00991669173759276 0.218126015596285 -0.0982756536228857
-0.0501622409184731 -0.035754859159237 0.209990733743787 -0.00708154999137481
-0.00687033078240808 -0.0633846698443069 0.151213132205152 0.106064558550547
0.0424236603607284 -0.0379257944504694 0.0144146931241487 0.141732315782949
0.0348104591242707 0.000388977142803707 -0.0185386473172224 0.0943735686914044
0.0229034902484033 -0.013920159464572 0.0378027442491941 0.0422595438793656
0.0592405199262667 -0.0161301622761183 0.155321615147978 0.121705416306577
0.141326453775453 0.0473599518347268 0.229237164767587 0.146239482690046
0.111620615319948 -0.0423781261757586 0.0684758088592522 -0.00867602954328901
0.0454496305394808 -0.088126771601568 -0.0273385049214033 0.0792147843420081
-0.048745785042563 -0.103506128789697 0.0330406992944653 0.1780677909037
-0.11188148624627 -0.0611018339237549 0.181908762410244 0.125692705773587
-0.128285769413378 0.0191058409708843 0.231557945096438 -0.0010183358102739
-0.109332367118014 0.0695338180475862 0.217299806372094 -0.0887010894481861
-0.122729745974203 0.0712648336769264 0.182072373758942 -0.11603920625509
-0.136457074017431 0.0443323709540201 0.176744838925254 -0.103241285125248
-0.157434611463816 -0.0384732338325274 0.174386905593301 -0.047681273659511
-0.0985505342663191 -0.128966780345219 0.159964811875063 0.0420268494233408
0.0125238650898432 -0.146821187546188 0.0703814360681384 0.101087398781212
0.108461704283558 -0.0909374224333495 0.0285160856580247 0.104201243215765
0.141938610899473 -0.0239239883044985 0.0361287900560169 0.06711260537532
0.157633745108676 0.0394841653469425 0.120355831751857 0.111436522451689
0.214321003612641 0.1226360209774 0.16294414891519 0.108632982766215
0.222118185972226 -0.0386058143394 0.0195299587969051 -0.0245658017695688
0.117645479495393 -0.161366497252463 -0.0655446889783622 0.0488411479159651
-0.0699968166538692 -0.198469723761656 -0.020921503769787 0.162211383337842
-0.186341206406807 -0.115673698456191 0.118476445188426 0.129519971383111
-0.216171170676116 0.0123293844196183 0.160931697415238 0.0308948264963679
-0.17922366317752 0.0989938202115626 0.154614722345438 -0.0428723206068326
-0.182485349708925 0.110519567383773 0.121180682435059 -0.0790937954633673
-0.193397356369155 0.0829002667449961 0.107540265161523 -0.0903161570579104
-0.24318107112087 -0.0127620279493833 0.104103114324687 -0.0778382841005984
-0.198141593782001 -0.153225837704305 0.127080621638587 -0.0334566909465306
-0.0594662909023756 -0.230643088527889 0.104428247975927 0.0252512211637678
0.139338156899387 -0.199096890410388 0.0794197239489244 0.0782184049457635
0.24302424134806 -0.0581662834673365 0.0405770070288757 0.0834231825446868
0.24716989957648 0.0798760654878619 0.0624687009937739 0.0882990628255695
0.241080160055537 0.179928145513509 0.0783464338715556 0.0513597165211277
0.285978991771923 -0.00498013537098732 -0.0297114998582319 -0.0452498592943404
0.184698671580538 -0.181736164757926 -0.0845818239398601 -0.000278978373792025
-0.0505031404859485 -0.257377109443433 -0.0647411714031599 0.0993025636661922
-0.214681815953302 -0.165714567033217 0.0331969800911835 0.0918931222729522
-0.267255417710227 -0.0123764320746017 0.0597011414275123 0.0435679665824739
-0.224852947782094 0.105531702231196 0.0639367259836758 0.00297007277467686
-0.214740627173078 0.134538620372583 0.0411549221373323 -0.0303543287447259
-0.218282267022572 0.116020896164871 0.0214739925961601 -0.0553968382622974
-0.289219585636066 0.0267303481338621 0.0127592760234962 -0.0790682382516823
-0.271511308776555 -0.140524756008707 0.0535025157983882 -0.0873240937069846
-0.136885382495551 -0.26765638540322 0.0935338684239471 -0.0554672587584108
0.133667234403038 -0.28254396799675 0.100847869017672 0.0264308912090613
0.306049038462577 -0.0960793824338285 0.0340353276660011 0.0808940435189554
0.307655037006334 0.106470892543228 -0.0154202963169995 0.0512475574669168
0.222912527689842 0.204653039715897 -0.00694231690468528 -0.0129624285010963
0.286716728205506 0.0357314500315548 -0.0655476531670473 -0.0581222326423816
0.212140892033957 -0.152962487289175 -0.0718655123783266 -0.0414621359369071
-0.0125474640437664 -0.257599739605584 -0.0658589920721133 0.0141698353719163
-0.193039807367886 -0.184688481785959 -0.037773107360143 0.0149804322902647
-0.266218546259269 -0.0367819768178572 -0.0487655092266632 0.0264794278762241
-0.232716478030674 0.0934462696378815 -0.039750547048954 0.0360938375222027
-0.214081916677898 0.138515108126704 -0.0459814094931091 0.0212847604461518
-0.209893253693138 0.132025424533225 -0.066521756268996 -0.0043580208968267
-0.285708845688427 0.0603569554055101 -0.0811607522075707 -0.0509035561974807
-0.291679437432008 -0.105280362216524 -0.0358434936022085 -0.106262633172256
-0.180607928650185 -0.257173700157487 0.0476610933128342 -0.110428926048684
0.111343261728577 -0.314073101338151 0.0826004974507042 -0.0235276822176159
0.322043366736377 -0.116007699811581 0.00625172516339668 0.0647617095911627
0.324666974387143 0.119415311084999 -0.104129877959068 0.00316270476654574
0.173105278315842 0.191393088820025 -0.0793639181672205 -0.0688828946920017
0.240278494373071 0.0561828881780491 -0.0844200943622603 -0.0538711424119983
0.191284858618311 -0.108666810924171 -0.0343217995137847 -0.053885974255391
0.00905735719056979 -0.208086406045411 -0.0256667436712694 -0.0557085063316717
-0.146625836322321 -0.157455860343585 -0.0743920124005646 -0.0721734151063964
-0.21838735096386 -0.0419523070553832 -0.137879413223149 -0.00890514154634695
-0.199687268802089 0.0723100335180281 -0.13472206185189 0.055486682836201
-0.179824104101254 0.11998092972064 -0.125309084495225 0.0685690740971507
-0.174158861501527 0.122479646573579 -0.143892887828747 0.0517031062912881
-0.240185044121056 0.0708103192952508 -0.158613031065459 -0.00787317771882332
-0.257914812714526 -0.0701813430144638 -0.113968153395403 -0.0983743150857954
-0.174846325592728 -0.214214058533344 -0.00565264036804796 -0.132763693049025
0.0903709617255907 -0.286170039864368 0.0428036162825417 -0.0549620683166379
0.293502426763216 -0.103604913621175 -0.0345906406926106 0.04179826382922
0.289931511182421 0.122937909278848 -0.185488466536653 -0.0520962229334691
0.109752005525523 0.147435173592628 -0.133723485472316 -0.105616042008655
0.168947927662832 0.0465234675118237 -0.0890453070777908 -0.0332887413638801
0.132711533274619 -0.0793993019054091 0.00543113829223774 -0.0457129342401044
-0.00301299429397927 -0.137154813945952 0.0225376683345858 -0.0995429077582839
-0.100892931140365 -0.0947983678207415 -0.0876463020959489 -0.135187838792936
-0.14293031629874 -0.0233139414447701 -0.195322691131906 -0.0390025225349726
-0.133311363991607 0.0490997925816876 -0.203610136808231 0.0660922620486746
-0.118638998886428 0.0838812663771167 -0.185284823466688 0.104469202529292
-0.116943309492974 0.0871476506125654 -0.201282397198062 0.0970991835185818
-0.167624508758135 0.0585382106835913 -0.213804771286441 0.0310724382139682
-0.188848995578991 -0.041028980745245 -0.169922892085839 -0.0822237352221319
-0.135184986830976 -0.155538587716352 -0.0494235904663726 -0.135305517214798
0.0715679935546187 -0.217489407452672 0.00158546594008564 -0.0725792924344079
0.228769577641297 -0.0662568596435175 -0.0729175132769687 0.014319006130204
0.207706833747259 0.111608793147284 -0.244260378685835 -0.106591604569529
-0.0754315051649236 -0.0797980541393459 0.255986926621102 0.143669847261653
-0.113622702524118 0.0300451251465661 0.110709301346801 -0.0138132946991616
-0.0323044015502592 0.102299136550112 0.00526406835774056 0.0719034835244865
0.0688753270318756 0.0623010890417634 0.0642103342919927 0.133956761259588
0.0781180888375076 0.00335143121524347 0.200462853553805 0.0894139505744052
0.0666622173062846 -0.0242075679923197 0.261976344234569 -0.0470236547695637
0.0474339290168962 -0.0389117491965259 0.23856292378372 -0.129183635259732
0.0373118104054779 -0.0300319026388053 0.21142711728441 -0.134846013944552
0.0403894978244418 -0.0173117670058354 0.221906453235917 -0.0866796601466475
0.0593563068192374 -0.00849053994433138 0.207054201013207 0.0168786402975547
0.0602545346176398 0.0272344537190331 0.123482302512049 0.131301865793602
0.0272622182307604 0.0688764930804916 -0.0195206362343674 0.141991857156933
-0.0627539664438669 0.0565689313421875 -0.028563472954138 0.0684341323042408
-0.0921156936618263 -0.0289928846639942 0.0533967063512136 0.0279572554996687
-0.0363686320580794 -0.0789917595816128 0.168810487714243 0.11865619420281
0.0374870170611424 -0.0245143411648204 0.261958568752025 0.154811579982473
-0.00980341453611397 -0.0153616075945411 0.101857700775107 -0.00524988768469984
-0.00525453469335943 0.00957154650826079 0.00265477225703073 0.0811775423974475
0.00537289113186512 -0.0110958687311366 0.0645220367179592 0.156753528899619
-0.0160198135998362 -0.0209067819749457 0.206555374769671 0.102218318497397
-0.0272923605254652 0.00436449481761923 0.261909337489523 -0.0338780401588283
-0.0290535942705476 0.0193352783692873 0.243448526294149 -0.121962820269318
-0.0449984577090039 0.0222572485384976 0.211846822279527 -0.136081939762244
-0.0529587863770198 0.0104412176785862 0.215923805709423 -0.100153786990306
-0.0500008851669751 -0.0349308551835728 0.207663483184642 -0.00903107754486048
-0.00781889846868489 -0.0622380891878496 0.151475269833014 0.103161241907792
0.0415623456477218 -0.0377677198722321 0.0159956264464392 0.140585594761344
0.0347747165336251 0.000592269772502492 -0.0174083861145421 0.0936541909390254
0.0227438212168678 -0.0135899599181272 0.0374659904725553 0.04140935664424
0.0586020652514271 -0.0161360909759073 0.154799327030948 0.119420803656004
0.141303746254263 0.0458751092787486 0.228518998967613 0.143210342551583
0.109942369042208 -0.043026718772484 0.067075835077189 -0.00924392912631153
0.0444903309823266 -0.0881062790459232 -0.026689396928733 0.0784728381749945
-0.0491854343244673 -0.101919754796128 0.0342010311219478 0.176010740040886
-0.111546388727154 -0.0595535591201637 0.181714895612889 0.122709736161899
-0.126760331567252 0.0205527970324551 0.229615834627694 -0.00348267227123434
-0.107301266676747 0.0699577995972795 0.214837975040306 -0.0911067504809018
-0.120819742323526 0.0719394522820412 0.179117431900413 -0.116414765719999
-0.134205629914101 0.0452578731764062 0.174132989642462 -0.104930983166995
-0.156874611275606 -0.0366673402620391 0.17246867031041 -0.0493596348876979
-0.0994362721569012 -0.12683710394869 0.1589569103979 0.0394297501913648
0.0105978291260221 -0.145728777184707 0.0707881611060238 0.0997729122959096
0.106811802762168 -0.0915246616013856 0.0293277732451185 0.103243172535425
0.140945694356662 -0.0252495972038365 0.0355620935878503 0.0665324011164798
0.157419098435886 0.0376159507953948 0.12016186728732 0.110125307239539
0.214134816930966 0.119338867547548 0.162398071007972 0.106026966012726
0.219521104529037 -0.0402292075978709 0.0187835266937479 -0.0245470142326666
0.115114676700163 -0.161515119290007 -0.0652744000646649 0.0487937901929299
-0.0714741738239317 -0.195269881995008 -0.0191923999010413 0.16152365041561
-0.18643393336325 -0.112421158244992 0.118701403605293 0.127123195359665
-0.214311951901785 0.014930420052318 0.160339787496229 0.0289994715381245
-0.176268027877109 0.0999661599260569 0.153264598114864 -0.0445027871826412
-0.179713481285581 0.112121380252986 0.118944958723037 -0.0794696290619597
-0.190728578404939 0.0840247108766276 0.105437013883832 -0.0909759682744704
-0.241565433439752 -0.0103575891316958 0.10249487626153 -0.0777395443049376
-0.198917111380402 -0.150173011852865 0.125501330115112 -0.0348667902972254
-0.0615215705489232 -0.228017677928354 0.103731486169718 0.0242682242848452
0.135840562104369 -0.198664605731174 0.07961830221044 0.0772529809234262
0.240889396542451 -0.0603307860818182 0.040752907815904 0.0827302966663854
0.246288242020466 0.077908022447753 0.0624212914540501 0.0868252436610356
0.241228528627588 0.176555696715102 0.0770900859890089 0.0502293848947748
0.28382111856464 -0.00775705460597905 -0.0296569424284411 -0.0448348534880421
0.180900623994672 -0.182492432327265 -0.085287682770149 -0.000125205461873788
-0.052525405942265 -0.254326282390071 -0.0636730248024772 0.0994039977673815
-0.214517981776978 -0.161848851082558 0.0334917785220855 0.0910690035585729
-0.265329897597406 -0.00950708619500876 0.0594806311493744 0.0427025189340181
-0.221828258059809 0.106462031392385 0.0638262845425938 0.00166734786866208
-0.211071653360699 0.135702854712638 0.0403212656546184 -0.0308679885486041
-0.215212411448566 0.117504300302035 0.0207952668302469 -0.0558872742554015
-0.286088937041238 0.0302631102400087 0.0113894061501464 -0.0787255285356823
-0.270825482540712 -0.136413132500921 0.052278720879046 -0.0881331102672408
-0.138033737965603 -0.264204418209711 0.0920293004522394 -0.0561714965505521
0.130717963193816 -0.281393375809955 0.100701293787681 0.0254521843175415
0.302686680767866 -0.0986276425980443 0.0344238836264893 0.0802917025948526
0.306182630281984 0.102880681315849 -0.0149815392428455 0.0510921263389651
0.223758116002643 0.20162211012792 -0.00678995610861233 -0.0124655107858316
0.284672569538342 0.0329234225203172 -0.0658015157430798 -0.0570326518167253
0.209254987025349 -0.154108533871797 -0.0720292374966737 -0.0408484502724745
-0.0143896492077592 -0.255457853269411 -0.0657267645372224 0.0151650048244384
-0.193072089018692 -0.181280502838647 -0.0384605740819963 0.0147227844572472
-0.264459667264695 -0.0339653079387868 -0.047785742760761 0.0273450831323929
-0.229729199911419 0.0943975155221512 -0.039071826945349 0.0361068183793574
-0.210938246240924 0.139731735176053 -0.0455034393651372 0.0210875814075097
-0.206343296471654 0.133199519528852 -0.0666311845977712 -0.00352919723218587
-0.28186740919615 0.0630859909336645 -0.0812683478779069 -0.0493844640525451
-0.290452939787648 -0.101407165666551 -0.036589313736449 -0.105457274523335
-0.180835331213206 -0.252851712557615 0.0456968992907564 -0.110294700306524
0.107067838086292 -0.312289635528321 0.0817706304376898 -0.0239151527014328
0.317966173313082 -0.118280919865844 0.00705348104024601 0.0651061854045988
0.323191350089269 0.116121451134074 -0.103436846825033 0.00427144531987097
0.174478690746122 0.18879354155187 -0.0793712643549524 -0.0681148266339496
0.23835835553502 0.0539309793633176 -0.0841956488378696 -0.0522717437087826
0.188723995382334 -0.110375359070165 -0.0350092662417203 -0.0535084599874234
0.00685712318958944 -0.205967831042803 -0.0259298899605094 -0.0556405972445779
-0.147203011401968 -0.154788260363076 -0.0751738272010196 -0.071084743395857
-0.217033184292424 -0.0387030489678005 -0.137020474070453 -0.00741092389715034
-0.197453424298794 0.0734765216646177 -0.133523630805518 0.056245649122303
-0.177166940146112 0.121150812933866 -0.123655795719599 0.0692394591841475
-0.170659762676712 0.122767133830687 -0.142407290096229 0.0526259323249855
-0.23763776175025 0.07322166928256 -0.157833286099975 -0.00639858010198805
-0.256395102978602 -0.0670970828259519 -0.114377091777144 -0.0968521126564128
-0.175513942882263 -0.211066298654414 -0.00739399542205417 -0.131848028762094
0.0869089214282378 -0.285344424241933 0.0420103249380365 -0.0541152582214639
0.290280327809546 -0.105240260696854 -0.0337834097502802 0.0423373049794636
0.288878621464084 0.119983606263367 -0.18482596773709 -0.04946248542014
0.110580755865988 0.145190104963047 -0.133900314675964 -0.103196882762615
0.168041363818886 0.0449666210777158 -0.088194024408127 -0.0323923920665279
0.130632048704335 -0.0801078382599504 0.00488549599692242 -0.0461303102361958
-0.0039895243554375 -0.135817306781913 0.0210187808390261 -0.099244201013275
-0.100961258115199 -0.0922654785848746 -0.0889727352127432 -0.133957410243517
-0.14178080316461 -0.0210153964337032 -0.19506214724901 -0.0361431351568403
-0.131826910705906 0.0500851095210615 -0.201364938039424 0.0674906768220799
-0.116795164109676 0.0844439392591804 -0.182372979336278 0.105722467418083
-0.115153378802035 0.0876746173330495 -0.198639330061828 0.098914353889062
-0.165685563801718 0.059844335693594 -0.211214681023133 0.0327042016502521
-0.187814689227434 -0.0384357181151029 -0.169639323483383 -0.0799859160850048
-0.135085397582226 -0.15203815031458 -0.0502961894065496 -0.133987367837355
0.0687259499458 -0.216781694242908 0.00148922512742353 -0.0710996489124112
0.226352538326522 -0.0680509222974782 -0.0717536509392817 0.0148003541451578
0.207308393640133 0.10918265495214 -0.242525963820716 -0.102782579392036
-0.0748885107051433 -0.0788935458889435 0.25530718244386 0.13941547828403
-0.112862377939067 0.0305380549119236 0.109347158503304 -0.0150258738459904
-0.0315788251739151 0.101993899787484 0.00605508582270629 0.0711089381568985
0.0687219230506366 0.0615913997069475 0.0641770546398935 0.132805426194432
0.0773407384678439 0.00233352758876089 0.200180799228854 0.0871834379795028
0.066083898653123 -0.025076592815878 0.259670977489941 -0.0490387522479417
0.0470916967482902 -0.039115155033281 0.235689556196131 -0.131166043614233
0.0373523374933049 -0.0297858472550063 0.208705223577699 -0.135993602492013
0.040197296865735 -0.0178434857928228 0.218786302854269 -0.0889849752791045
0.0588182309978355 -0.00936136031087793 0.205690308541274 0.014333315310416
0.0601424623397786 0.0263032655484058 0.123919805296841 0.129013559193824
0.0278703318526427 0.0678384819437635 -0.0179976803237452 0.141270344815509
-0.0615979199176058 0.0572649108182902 -0.0281396248217064 0.0677092068495735
-0.0916308898551159 -0.0278184216227361 0.0527794159316455 0.0270163189381513
-0.0367015623282309 -0.0786171336354862 0.168223031413963 0.115994512771853
0.0375881559663999 -0.0251758121623073 0.261983498869423 0.151140787098424
-0.0101063745587269 -0.015166824791797 0.100290416725438 -0.00625976724415757
-0.0053543143179937 0.00921082294775556 0.00299957086070484 0.0805581413189972
0.00483854684831203 -0.0109553717535574 0.0653223516388374 0.155518126979776
-0.016253704175538 -0.0207062937555219 0.207014917428178 0.0997888995463036
-0.0266869810980117 0.00502546532805803 0.260060638995433 -0.0358728474791892
-0.0285928196731187 0.0198942251027072 0.239932147570207 -0.123398243201026
-0.0442030227898269 0.0228942156280512 0.208775465266112 -0.136789087275957
-0.0523612613542744 0.0110932085225549 0.2129565441662 -0.101834157632842
-0.0500041409933617 -0.034006888995899 0.205824891484809 -0.0114198946435546
-0.00811449659705079 -0.0617831274436896 0.151827164196973 0.100501161867968
0.041284218728384 -0.0378911845148193 0.0171339364741549 0.139926007531351
0.0343231056248417 0.000434051806365276 -0.0160836989365058 0.0929331428885476
0.0223863068011552 -0.0134860052464684 0.0370326320828726 0.0409619187084357
0.0585343947686257 -0.0172962426521673 0.154665386025423 0.117466120572541
0.140647312303029 0.0441637498739513 0.228149568695444 0.139869252687466
0.108472440498136 -0.0440341740493529 0.0661235557075682 -0.00914318329225415
0.0434071322040004 -0.0877629367481714 -0.0266474119658528 0.0774256210757606
-0.0499390395609994 -0.10045035676613 0.0357102568337155 0.174544749652342
-0.111491205458653 -0.0572493417403249 0.182210103072222 0.120073836964469
-0.12517524758277 0.0219512074414542 0.228362384128964 -0.0059667210361365
-0.105473783181629 0.0702695311703091 0.212617393105732 -0.0931252111191915
-0.119269759571367 0.0728137004457228 0.176515579636855 -0.118170241225973
-0.13267571610623 0.0463745029627884 0.171376912902997 -0.105929017433447
-0.155681398967798 -0.0343179161007365 0.170157728840424 -0.0509450427901725
-0.100486014499531 -0.124383454949012 0.158306010497254 0.0369031763362202
0.00900810228512352 -0.144631833535333 0.0710368013617697 0.0982905963293181
0.105373747354117 -0.0919488326631228 0.0305318312455572 0.102486758667446
0.139706262952129 -0.0260424058818828 0.0355930905506661 0.0655420717236085
0.156424523442142 0.0362465292501798 0.119934298763066 0.107338410888291
0.214287620101431 0.116176506778655 0.162194866662623 0.104289773734789
0.217303922545576 -0.0430864824441889 0.0183324006193265 -0.0244557661630554
0.112668012080021 -0.161330367445953 -0.0651063234483083 0.0482129791050001
-0.0731240684632987 -0.192952167085197 -0.0178862846600323 0.160530899565802
-0.186381388708172 -0.109774473672726 0.11860608343672 0.125291937674349
-0.212365332927304 0.0174668222043531 0.159511069718794 0.0274499468580278
-0.173755682103174 0.10145143246694 0.152159457726381 -0.0461647930043654
-0.176413833755338 0.113135783477026 0.117308985234901 -0.0803257437437286
-0.188241348695154 0.0855137692415361 0.103448943693072 -0.0916802033871087
-0.240166750139673 -0.00717496541793496 0.10082889808781 -0.0784635496498512
-0.198616774798555 -0.14638790253851 0.12416943037145 -0.036264007846476
-0.063099784483623 -0.225709742754247 0.103260781397646 0.0233005775636952
0.133204090227499 -0.198320663683926 0.0799137866822969 0.0762027613600658
0.238439223667555 -0.0622630160150378 0.0410594355098478 0.0823356690495176
0.245750056911665 0.0753653616916566 0.0627735943544676 0.0853087910211255
0.241872146405759 0.172961752682106 0.0771319090805923 0.0494249452721365
0.281777510377129 -0.0105621642693082 -0.0302593238805552 -0.0442330696386225
0.178304230174722 -0.183569603125782 -0.0850339796293275 -0.000133504971607187
-0.0553850316614933 -0.252276500679574 -0.0625116672006659 0.0995323990737805
-0.215399916451516 -0.158511808006315 0.0335474330729129 0.0895541085900173
-0.262868227155971 -0.00574090039657776 0.0598487513076908 0.0420031172867829
-0.218589271690776 0.108507855612634 0.0635139423044051 0.000454236614797587
-0.207927861610064 0.137344902452556 0.0399688857235983 -0.0310363126701994
-0.211558937832159 0.118366278049051 0.0197094587884782 -0.05534830320171
-0.284185667183532 0.0330922898763791 0.0102891358328559 -0.0784027134653207
-0.270473102475842 -0.131770061136666 0.0507807168449008 -0.0878320449038089
-0.140213157956876 -0.260867511010436 0.0902209905512198 -0.0569130586724998
0.126366193998033 -0.281000633278113 0.100132533617656 0.024837848148136
0.299337443296035 -0.100934456505943 0.0345317692760221 0.0806376586347584
0.306005492695498 0.100017977507863 -0.0148706173507985 0.050934483929476
0.224010031339522 0.197477662964297 -0.00776447433498789 -0.0123016235829872
0.283656182071453 0.0295928002077682 -0.0659291795418302 -0.0560335376368035
0.205906509451957 -0.154844559175466 -0.0728685935126902 -0.0409756225847397
-0.0167007902217423 -0.253352625238375 -0.0656340168679976 0.0152539317777243
-0.193478738547593 -0.177027965061898 -0.0382025932023438 0.0146537000321187
-0.262582875025936 -0.0300307164654196 -0.0473100864949106 0.0279951174862271
-0.226728714877041 0.096688186225646 -0.0382664023551762 0.0359963815437862
-0.207500620937621 0.140474266407478 -0.0450405853187384 0.0217003792720975
-0.203953735056223 0.133520128116152 -0.0662118863336418 -0.00283358825059138
-0.279563040663906 0.0655592633600907 -0.081286549141234 -0.0481864220412208
-0.289242518002744 -0.0967641813041373 -0.0379400878342459 -0.105833766534408
-0.182321602242349 -0.249024757712822 0.0443936251457111 -0.110342209063446
0.103644792162291 -0.311364654895786 0.0814612792001737 -0.0240023780793971
0.31470955113216 -0.121190462122429 0.00751413573434843 0.0656048566543999
0.323024304781251 0.112680842183406 -0.102734594306892 0.00531115318672151
0.175082158675622 0.185499891810435 -0.0799778509984277 -0.0665874996020928
0.23725560783037 0.0512217054783808 -0.0838938983645033 -0.0509496201084806
0.18637324644629 -0.111423372379162 -0.0359857740424222 -0.0532718884824955
0.00445238520695679 -0.205227248240138 -0.0260206006438133 -0.0552027949173012
-0.147664239778805 -0.151645635883476 -0.0757031479260424 -0.070193777150437
-0.215748132278667 -0.0352816961892716 -0.136039859542892 -0.00539204572226873
-0.194982762822707 0.0748982214417517 -0.131594506879854 0.0575597405804001
-0.17379819830187 0.122278458321337 -0.12195891073587 0.0697576391783472
-0.168698676087458 0.123951228968032 -0.140573796472912 0.0533744095427112
-0.234991570074019 0.0750187376463277 -0.156853953272157 -0.00409389250686379
-0.2557332173048 -0.0636308273017999 -0.114494603454011 -0.0956447129408816
-0.176631543648271 -0.207146395775764 -0.00894555007930031 -0.131000953983702
0.0832521106746729 -0.283813320263087 0.0414953339393934 -0.0539208042391388
0.28761802831011 -0.107641503427459 -0.0330921291570991 0.0431331077055254
0.287903732798058 0.116686435068245 -0.183745902579716 -0.0468494468370236
0.111651401680113 0.143266837966078 -0.134057595148249 -0.101261479229953
0.167590932210573 0.0427991634900619 -0.0878312115838358 -0.031259268682863
0.12942019394534 -0.0810766236109399 0.00435022046674477 -0.045671731269982
-0.0054224698303215 -0.135101295726979 0.0200160430069097 -0.0990474808126943
-0.101018164945784 -0.0904395537082778 -0.0902963779835301 -0.131996724818431
-0.140919211477866 -0.0188802506649455 -0.193884022485464 -0.0336369419776014
-0.130337458749389 0.0515497754956228 -0.198956592075224 0.0699124780032718
-0.11444784787656 0.0849645999766221 -0.179853011743526 0.107113987489256
-0.113494488022924 0.0879370440502929 -0.196457023187499 0.0999936905363937
-0.163599068158194 0.0611484027174507 -0.209380808844336 0.0348348530692886
-0.186720788553592 -0.0357834486592734 -0.169302281761178 -0.0785892889109643
-0.1357349337242 -0.149976888916101 -0.0515275252579567 -0.132367509102766
0.0657662656546523 -0.215763822062266 0.00103091214729758 -0.0703416935306271
0.224800023636502 -0.069800892954273 -0.0708311188485467 0.0156397513353522
0.207658069202311 0.107250880132392 -0.242210816819429 -0.100180707398799
-0.0750321333388895 -0.0777253214252238 0.255457429465012 0.13583641104257
-0.111101249201147 0.0314472395445913 0.10795656332361 -0.0161482114280687
-0.0303655640810292 0.101761841831611 0.00628567945817199 0.0710373435489266
0.0686229912899879 0.0602836148729049 0.064786219528244 0.131681777188999
0.0772558615964 0.00186674287108704 0.199691056721071 0.0852628581117098
0.0652802535721326 -0.0256748903823132 0.257771713173271 -0.0524788689317285
0.0459405064319397 -0.0391689960414276 0.232726850783703 -0.133076375562502
0.036667837591295 -0.0302282115920861 0.205822206884788 -0.137489405941056
0.0399196718012024 -0.0176439640024572 0.216217528004772 -0.0906101478286254
0.0576446661358453 -0.010213575475851 0.204199313176989 0.0120724271550854
0.0599260450866693 0.0250262819139958 0.124913854746891 0.126736113719486
0.028236688380126 0.0669308435920649 -0.0162754224858082 0.140576663972311
-0.0607635671538366 0.0579228611638481 -0.0268075780490006 0.0673180096818488
-0.0917671173365471 -0.0265323432330146 0.0523774903043449 0.0266308406122832
-0.0369194423384287 -0.0781140844439074 0.168698338392841 0.113823100989131
0.0373235594579966 -0.0252106325938799 0.260890825695557 0.147119051392407
-0.00985737412774068 -0.0150821124613543 0.0995275607022511 -0.00750371546974547
-0.00519152894457952 0.00911766799825585 0.00313075261695208 0.080206710712671
0.00473104932503477 -0.010977830100165 0.0662870239065617 0.153815515092383
-0.0161982849601772 -0.0203928523931714 0.206118825112248 0.0967953722794605
-0.0262827745983788 0.00455378109082305 0.257927735694572 -0.039057621287257
-0.0279065238982317 0.0197290603016007 0.236866798541024 -0.125931771814162
-0.0435839700188071 0.0230784564370879 0.205508602505434 -0.139145682591197
-0.0516501414120005 0.0116186321946984 0.210347220415486 -0.104527804676617
-0.050428315481582 -0.0333420221779612 0.20394400994797 -0.0142605718994704
-0.00895477297470469 -0.0612680337831192 0.151667249128193 0.0986700407528921
0.040400058855622 -0.0379676925502728 0.0191410112348518 0.139179283968255
0.0346154844762903 0.000433412140597633 -0.0148343112468568 0.0921725612265504
0.0216871743597984 -0.0132389994517626 0.0366587833049601 0.040847977888853
0.0579363451032176 -0.0174580764532717 0.154298990910029 0.114972886080941
0.141197112168926 0.0422532269034631 0.228286206798859 0.136782912306273
0.107717212543368 -0.0450314727354722 0.0652720152095739 -0.00984924909679735
0.0421532705134083 -0.0877007049192422 -0.0259715392578489 0.0767762749470295
-0.050755734356242 -0.0989214358395818 0.0372165221322038 0.173318865984943
-0.111233880589705 -0.0557850697505577 0.181830225171044 0.117573552766481
-0.124245171067537 0.023392010875821 0.227221840439299 -0.00845119779549542
-0.104035981128282 0.0714357702027643 0.210002043300379 -0.094594982422666
-0.117129118268414 0.073755417738829 0.173884001819867 -0.120032047557906
-0.131257965978223 0.0473571332601053 0.169215806654617 -0.107842627959254
-0.155276848110856 -0.0324480356097262 0.168127539092609 -0.0529001065797616
-0.100619910394427 -0.122348565714407 0.158074733624531 0.0345556770262675
0.0074701547045116 -0.14350058618108 0.0718563887657191 0.0971393268421597
0.10316341306609 -0.0922109746320066 0.0312647441353079 0.101246280219269
0.138300766758226 -0.0275580147138263 0.0353437990277672 0.0654639339699483
0.156176058022331 0.0340368201966021 0.120514590986582 0.105727398636351
0.214200720602054 0.113321402948417 0.162351125433161 0.102093961413095
0.21525945519243 -0.0450090325112675 0.017549863939375 -0.0248451980700857
0.110446521478118 -0.16155562604765 -0.0643783496679037 0.0480501262324039
-0.0749542470774254 -0.190562213381938 -0.0162050393121835 0.159701900146087
-0.186567120799773 -0.106305533862163 0.11896284768982 0.12309660051101
-0.210818496986494 0.0198789273349125 0.159246145006371 0.0253650175720336
-0.170987409395292 0.102683277070562 0.150373166106848 -0.048038071505619
-0.173882946768929 0.115154873749188 0.115893954909815 -0.0808670667988986
-0.18600918830637 0.0867729140263385 0.101065218209577 -0.0924778139540118
-0.238729574819019 -0.00489299976998316 0.0988540104995369 -0.0791969026072632
-0.199570855646811 -0.142588094847454 0.12315948557716 -0.0380309264063835
-0.0651928818010158 -0.223391345491283 0.102909738268386 0.0222312308056976
0.130352565657918 -0.19881553289776 0.0805714527975359 0.0750150212280264
0.236430928806962 -0.0644353863116849 0.041154844535923 0.0820362876558847
0.244589397278125 0.0728176758455362 0.063115628105932 0.0843387564572546
0.243201152939833 0.169273863332674 0.0771720784725991 0.048138634730494
0.279587524043205 -0.0137359901577459 -0.0303449404492809 -0.0434940815768405
0.175577461634951 -0.184202738543883 -0.0856701275833902 0.000525459245945141
-0.0579733090860044 -0.250021862839285 -0.0613077720706727 0.0995639832620831
-0.215440996463549 -0.154771595251236 0.0337471546737509 0.0885147329863639
-0.261244420522978 -0.00299191209788766 0.0602760434259562 0.0413148523096262
-0.214862369202895 0.109752039346507 0.0632705986071486 -0.000108943701329665
-0.204932438506481 0.13909116819248 0.0393405827259097 -0.0312123873233779
-0.209225160321145 0.119537535016544 0.018643312986868 -0.0563084594134996
-0.282008789572182 0.0362025472764528 0.00885836136559788 -0.0780673156235966
-0.270261983698853 -0.128100335843691 0.0495131908957579 -0.0892243566733435
-0.141993570694566 -0.257295360799053 0.0895422402138319 -0.0573746131147089
0.12259721840723 -0.28096792407896 0.0998119052668925 0.0242824011257826
0.297010638576791 -0.10388543920987 0.0350997792716772 0.0804128764203529
0.305789998128832 0.0974286896143699 -0.0142401359700115 0.0509923349025865
0.22557412298287 0.193560468181119 -0.00812546308082763 -0.0121072890896314
0.281435038302105 0.0258028992790491 -0.0656922491184872 -0.0548626523612912
0.204105752838179 -0.156470542661647 -0.0735387794481857 -0.0408192737127921
-0.0199690324095115 -0.251497825227656 -0.0646409474192155 0.0156222881297855
-0.19384474756984 -0.173676200273038 -0.0385070460944272 0.0147935858173473
-0.261320052953574 -0.0267156492142319 -0.0465810943331145 0.0286060941908234
-0.223608841604396 0.0978957414024122 -0.0374372902965029 0.0360469268837196
-0.203958564437739 0.141625802904105 -0.0442352145458782 0.0217813177243727
-0.200667828903312 0.134787868043004 -0.0662001577503274 -0.00239687087853845
-0.276911103023234 0.0683403070763965 -0.0817359904394921 -0.0473888665052783
-0.2890628344428 -0.0926737951723446 -0.0391145731131563 -0.105042057724812
-0.183396211507299 -0.24522256949956 0.0423607052946994 -0.110361745351579
0.0991689239461023 -0.310258378398071 0.0808275168095614 -0.0238995476743627
0.311505110047582 -0.123320426018961 0.00844078954954862 0.0655778184085363
0.322611716572598 0.109096333419873 -0.102357526576133 0.00681122679603179
0.176372121225557 0.182358991849733 -0.0799709698531372 -0.0646168661827159
0.235952421180076 0.0482680500421254 -0.0836841417510922 -0.0494563803135256
0.184624804823186 -0.113000195295801 -0.0364484183085061 -0.0532459344229678
0.00270454155333533 -0.203725670922337 -0.0270156885062903 -0.0545061583208951
-0.148484535759959 -0.14876930795828 -0.0768667638809044 -0.0690692077784365
-0.214291264562825 -0.0328550536957132 -0.13559146252638 -0.00330449529672948
-0.192717523261784 0.0766110404519244 -0.130339599974801 0.0583384539819954
-0.171014189929331 0.12328251578526 -0.120279624880763 0.0707399370979612
-0.165980764995964 0.124266686193975 -0.139571373036775 0.0550502028738728
-0.232847335668517 0.0778089414964658 -0.1558115346359 -0.0025430053059752
-0.254984383330975 -0.059771049482291 -0.114827052563525 -0.094157263112567
-0.177618455767347 -0.203618707822188 -0.0106764333357991 -0.13042170920531
0.0797085379780025 -0.282802724260207 0.041084670083129 -0.0537570233996837
0.284387652487054 -0.110206864746609 -0.0318976682522244 0.0433953528915047
0.287836771800621 0.113940901940882 -0.183445209703521 -0.0444250014867251
0.112487903652598 0.14135154564391 -0.134440246822725 -0.099172738928537
0.166734652174987 0.0405498882544274 -0.0875317749154253 -0.0302024814860903
0.128299979101272 -0.0824854525062226 0.00335385463459863 -0.0455219743640493
-0.00661907682421941 -0.1340729624118 0.0186854285700118 -0.0986581325576042
-0.101446721514436 -0.0888682679147844 -0.0915564584948697 -0.130905359946361
-0.140024775730281 -0.0171614606427214 -0.19333661723523 -0.0310986886388283
-0.128700770434207 0.0520711536348422 -0.196848480890953 0.0714215135130866
-0.112636063899036 0.0853265691652465 -0.177579834136155 0.107891545658096
-0.111867312257545 0.0880981532310924 -0.193761065244115 0.102144181956728
-0.16153789953143 0.0625421498404617 -0.207663997280087 0.0369854818656489
-0.185898431264876 -0.0338154170762718 -0.169259975503565 -0.0769451181313554
-0.136519789365451 -0.147419526087704 -0.0529892509542203 -0.131718374184566
0.0634059852193836 -0.215080278498686 0.000305508673593031 -0.0694776581736527
0.222391778772251 -0.0716780076361376 -0.0696123152678104 0.0170336495917177
0.20743334457387 0.10502572390835 -0.242073220357914 -0.0962578061169415
-0.075556632337417 -0.0762969742342941 0.255723184132139 0.132025764360145
-0.110386946618851 0.0322555871569359 0.106793502994844 -0.0169528748332509
-0.028961558434213 0.101509007653892 0.00678533229789274 0.0704733793422818
0.0693777759341423 0.0590788043944523 0.065764479756492 0.130196347618763
0.0766311964747465 0.000476360210931308 0.200252142671445 0.0821425741548754
0.0643266569686785 -0.0264050458642227 0.255661652101842 -0.0554550790624033
0.0451423091782481 -0.0396147878046998 0.228968190103156 -0.134484824129331
0.0359347732077 -0.0304393610402641 0.20218618431261 -0.13960145217371
0.0391254299851138 -0.0181572892709829 0.213473715843268 -0.0934120611790864
0.0576271595664946 -0.0109136764212938 0.202975552364973 0.00937452111068477
0.0601691920138484 0.0233902739167638 0.125863308153757 0.124388658750555
0.0295567857025129 0.0663164880387671 -0.0139530057594033 0.140121602281071
-0.0595111290759158 0.0579057231339828 -0.0255519893701181 0.0668206088391579
-0.0911197035833506 -0.024905177332209 0.0519954388669891 0.0255012307826694
-0.0376932595877978 -0.0772469041483275 0.16852547380766 0.110961078088761
0.037216505270248 -0.025622926813058 0.261965463219617 0.143651920619228
-0.010159063811753 -0.0149580802767388 0.0981521454876462 -0.00832244670395743
-0.00557725955228234 0.0094566697739597 0.00407297544940943 0.0797156596269518
0.00436128938938218 -0.0108054861983693 0.0671478604989794 0.152391513120832
-0.0162573590696961 -0.0197336884108735 0.205965485304453 0.0941288907061759
-0.0260238901763168 0.00521892479278714 0.256182911532322 -0.0415761595452748
-0.0273010522103875 0.0200479863233671 0.233821376520777 -0.128161398267881
-0.0428414127896175 0.0234873530967442 0.202416958611206 -0.140623406758646
-0.0510406949710547 0.0122027796558655 0.207308030641823 -0.106508904567401
-0.0506070303546295 -0.0328158110446516 0.202424366477822 -0.0168175374058795
-0.00953644794404751 -0.0608892955557394 0.152004701154523 0.0958950701246413
0.039874901724516 -0.0382567725591109 0.0208276647716342 0.137794629688003
0.0339702731793919 0.000174581075967278 -0.0133068186150546 0.09203266106129
0.0214382400251623 -0.0131348060804362 0.0362244286422177 0.0400308215536031
0.0577166966698421 -0.0179301860474162 0.154846736939974 0.113025939275726
0.14171356720587 0.0401071798460882 0.228265946924186 0.133781293552675
0.106120844021161 -0.0463046696921503 0.0645401510604086 -0.0105241876723043
0.0406588159420119 -0.0877801427322949 -0.0258075999686234 0.0768517441417649
-0.0518757185845436 -0.0979122221556557 0.0383080632494407 0.172413927973303
-0.111714040551772 -0.0540428653548417 0.182046353327914 0.114747441452717
-0.123089135324044 0.0249172496701557 0.226220328029902 -0.0112077409976603
-0.102198027346431 0.0717553578440546 0.207895599117778 -0.0971998564764614
-0.115282499899592 0.0748629274080606 0.171154487348134 -0.120930412778565
-0.129185704298842 0.0489043043374716 0.166339568963084 -0.10961908173506
-0.154907051798353 -0.0300600706803949 0.166268442270368 -0.054308976663816
-0.10207147452573 -0.120413784672136 0.157428428950103 0.0321255823521171
0.00545702341411672 -0.142754041202439 0.072588867963961 0.0959172772023537
0.101371181445519 -0.0928245745459362 0.0324709345200948 0.100317667752903
0.136990866239024 -0.0290549656240733 0.0353549496872222 0.0643526754705648
0.156054979063716 0.0326560382349777 0.120498446525545 0.103208850372798
0.214815160883256 0.109966742234359 0.162462784586003 0.0999242656627079
0.21376837420199 -0.047471724875215 0.0166333436575398 -0.0245342226202334
0.107938388742776 -0.162159632595644 -0.0643188719971894 0.0476923568550059
-0.0763330556038281 -0.188213437770349 -0.015105233404205 0.159079297252089
-0.186943316838008 -0.103557821932538 0.11986780568448 0.120919514547596
-0.208970677895784 0.0227716374944644 0.158679216111729 0.0236563001002347
-0.168429094065128 0.103974525992781 0.14891368560301 -0.0500240764534602
-0.171072045420853 0.115995421013919 0.114129032068797 -0.0822072701114945
-0.183779435420804 0.0883948869349035 0.0990323575412413 -0.0935215519573735
-0.23763145329169 -0.000884561620865598 0.0972076446303003 -0.0799588749798811
-0.200636839938247 -0.138957869410039 0.121678801015805 -0.0393776751596991
-0.0677108467174264 -0.221098964459891 0.102277072318941 0.0210009235815001
0.126846049512849 -0.199173468364428 0.0810508501007165 0.0740570504478133
0.233705199713063 -0.0668101295691689 0.0411865905396473 0.0815276650324093
0.244948452530738 0.0700357804333303 0.0632593746383858 0.0828116148424428
0.243810715022177 0.165095971653629 0.0771489491801758 0.0473725349558033
0.277133275851258 -0.0169099776921243 -0.0308034157747095 -0.0425658979837237
0.172831936773351 -0.18576181004729 -0.0861369583258021 0.000491829864229731
-0.0610736168831252 -0.247407197188732 -0.0599042469380599 0.0998805763827413
-0.215783287374677 -0.150794992191546 0.0342630814913994 0.0874340965714494
-0.259717158070726 0.00133941753168346 0.0601645953370073 0.0406252406953293
-0.212405982870086 0.11214729284503 0.0627139676763625 -0.00138474504351673
-0.201229229167552 0.140383027854963 0.0384784867494514 -0.0317204362369098
-0.206476387928735 0.121362534845031 0.0176888513757219 -0.0560459168429763
-0.279293699567693 0.0400346772907443 0.00815437423652572 -0.0779296429840162
-0.270707956578106 -0.123230628402391 0.0479628152831989 -0.0897703333164072
-0.14422537775395 -0.253346318315599 0.0876383683029131 -0.0583843835504083
0.11889489714986 -0.280553300610711 0.0997574649822605 0.0237965350156083
0.293606792933654 -0.1064100010494 0.0355517067258054 0.0804283292431488
0.30517820690616 0.0931296905520824 -0.013927335129513 0.0507842600763649
0.226834307338562 0.189599336854802 -0.00843353549394695 -0.0114512055753993
0.279683432426224 0.0224434937653192 -0.0658738290921381 -0.0532770567284915
0.200905748247229 -0.157779438711695 -0.0742035271467927 -0.0402698910991058
-0.022335992738345 -0.249278502458153 -0.0647849516654003 0.016963961913066
-0.195392648416413 -0.170523395531884 -0.0386202731459666 0.015025727857076
-0.259992023586993 -0.0223357128399039 -0.0462306918759325 0.0293681356777932
-0.221071192182155 0.100589179981198 -0.036613791854267 0.036122314558171
-0.199987116392033 0.14404895575968 -0.0437287270326899 0.0221301084737088
-0.197048331476206 0.136592649500231 -0.0657095507878631 -0.00159387258977752
-0.273951118585031 0.0714789598648627 -0.0818459835476237 -0.045383834767594
-0.288265471762215 -0.0882619128503826 -0.0400768276062029 -0.104640984922871
-0.185592301675379 -0.240827474915467 0.0402972018329106 -0.110512557199188
0.0945886105104823 -0.30998554671726 0.0803227923699317 -0.0240456092238751
0.30801937838261 -0.125905533920707 0.00925790161568591 0.0657238836169952
0.322165567151478 0.105256711005148 -0.101142177013369 0.00834737000599801
0.177793986540181 0.179144039827271 -0.0807066243295145 -0.0633180369545102
0.235354065423068 0.0445709952459488 -0.0835960746368487 -0.0481904110638163
0.181986093995887 -0.114404076211625 -0.0374516940120441 -0.0525153093288093
-8.97085863325605E-05 -0.202772134538303 -0.027218133265499 -0.0543654577115965
-0.149059946715504 -0.146484310988817 -0.0773122622713529 -0.0682114018164776
-0.21352676513829 -0.029134999852937 -0.134900917433955 -0.000943890829362746
-0.190250058297456 0.0787616945712632 -0.128095331285527 0.0591003441731456
-0.167968071367083 0.124470347264629 -0.118918655650691 0.0720615837082062
-0.163104751734036 0.124657696541323 -0.138141908191617 0.0559800768714954
-0.22988270661625 0.0796316089760084 -0.155006749947267 -0.000984405290006229
-0.253920627402938 -0.0558061584902844 -0.115898591529565 -0.0929742028393845
-0.178333007781903 -0.200317752210624 -0.0122051269472585 -0.128923559601808
0.0756324674085195 -0.282227583966163 0.0405284170520941 -0.0530426253355468
0.281424560516099 -0.112261216538633 -0.0309619359825447 0.0444910462028429
0.288164917453619 0.109928602376075 -0.183052980203011 -0.0418547135579011
0.113804889169202 0.138641158252589 -0.134943213963452 -0.0975828800111035
0.166161404627425 0.038588994943466 -0.0870128077411119 -0.028496396537694
0.126559178807629 -0.0832842749844194 0.00219191661312201 -0.0454338942262176
-0.00819494318085052 -0.132951011134981 0.0177545898562993 -0.0983470191317068
-0.101637689699201 -0.0870139604072448 -0.0928978387585721 -0.129198395768216
-0.139445205246604 -0.0154309244697892 -0.192353805382803 -0.0273871935293848
-0.127424207695222 0.0538191252808497 -0.194600927787375 0.0733905783531681
-0.110612607396032 0.0864831523830122 -0.174664814273087 0.109798215210721
-0.110129229818137 0.088993424533477 -0.191123022791027 0.103854405325668
-0.159802233291041 0.0645294581009097 -0.205737393067055 0.038934470997915
-0.184881515375752 -0.0306647368306629 -0.169176959549091 -0.0744673606212438
-0.137088008292863 -0.144675676370424 -0.0543948146574664 -0.1303305594756
0.0597714413428583 -0.214269109032674 -0.000195158944792906 -0.0684973309069241
0.220405213075727 -0.0741776063038152 -0.0685795206247603 0.0174424052488798
0.207634836061134 0.101671670006443 -0.242007981783032 -0.0924962248589573
-0.075742342245377 -0.0755021441936079 0.255333057056045 0.128494863993055
-0.109318147368511 0.0327856834177989 0.105283205371156 -0.0189554316198395
-0.0280289255254277 0.101034655531989 0.00742262218701945 0.0700153813733068
0.0691291530555768 0.0578250472924693 0.066423037165318 0.129290160375702
0.0763020732644486 -0.000680961700421531 0.199976559367296 0.0800953405061182
0.0633743848134339 -0.0276629830228166 0.252995941112665 -0.0583102779630808
0.0445253630588673 -0.0400113576502452 0.225750888399443 -0.137159020299568
0.0353939276910488 -0.0304191709324383 0.199509850125535 -0.141386905905977
0.0389769286524575 -0.0183144755080055 0.211304210677799 -0.0957506531587112
0.0571309811221816 -0.0119947341269473 0.201372734477907 0.00588576457335944
0.0600999762246127 0.0229169133249263 0.126553868011339 0.121950773373858
0.0301141883719489 0.0657488281136514 -0.0109158433097603 0.139639618749946
-0.0584083737742805 0.0587303019953412 -0.0247168552241492 0.0666158837051784
-0.0910011409510101 -0.0232272091601272 0.051633060947046 0.024771489416088
-0.0385486913652004 -0.0765268209085236 0.168941000048103 0.108322922036866
0.0369312565223558 -0.0263414268469462 0.262375410585109 0.139065157597015
-0.0105061379250189 -0.0149564236964991 0.0971378028006775 -0.00950358708419763
-0.00535113054754807 0.00938747056999727 0.00496257924451786 0.0788248768117215
0.00417551156104823 -0.0104824127890341 0.0683923459455774 0.151056145223385
-0.0164629446924508 -0.01922264795543 0.205886224383083 0.0916166068616455
-0.0259345419366355 0.00522966251072123 0.254199100514584 -0.0453940759791738
-0.0266449935720218 0.0204213843978734 0.230871148588284 -0.130455838560925
-0.0421985850728778 0.0240149012861333 0.199284857345279 -0.142722452901602
-0.0503672136607247 0.0128341608039772 0.204145602702499 -0.10888913768881
-0.0504558432001992 -0.0316413967275689 0.200761222785198 -0.0197576811891407
-0.0101341172330337 -0.060107907144098 0.152519238725562 0.0931988098107779
0.0390318037574491 -0.0384149905653404 0.022341615439039 0.137423489894079
0.0335289010774822 -0.000225293348816015 -0.0122321269617106 0.0912415843780136
0.0211682791559828 -0.0138513380197549 0.0363752895741558 0.0394284012836224
0.0575108413395401 -0.0186881215483004 0.155496165857173 0.109684861727316
0.141439179603349 0.038029422419773 0.228511742893651 0.129933646504061
0.104430587958739 -0.0476169811275283 0.0637111935014322 -0.011293579896565
0.0392363302081326 -0.0879937084407549 -0.0254716923346154 0.0759539304214504
-0.0530806818889369 -0.0961261806683762 0.0397880334227053 0.17089351294027
-0.111664853118483 -0.0516763332631764 0.182569327914769 0.111451107051565
-0.121521704436224 0.0261347461529336 0.224372605054822 -0.014482964884574
-0.100416382073446 0.0725676299682192 0.205281973928199 -0.0999535778395985
-0.113436284502358 0.0759713474558641 0.168595432522532 -0.12278583140322
-0.128114415054626 0.0506371497899635 0.163490779585208 -0.111436227553495
-0.15411467924288 -0.0274205042476048 0.164188185788909 -0.056538900150448
-0.102936421576539 -0.118075958256155 0.156826853443059 0.0292069547935469
0.00367369524743369 -0.141547676591411 0.0733559401637547 0.0946731620684111
0.0997188375383827 -0.0930128832898084 0.0338354689363483 0.0995684087080012
0.135725301898458 -0.030241220243836 0.0360029707570132 0.0637509745459344
0.155973004719625 0.0302257053084627 0.120478652856725 0.101138299998692
0.215723743943532 0.106436679185385 0.162216268522238 0.0972805141059602
0.211570926136675 -0.0500966029310124 0.016232997901834 -0.0246837042570169
0.105241931560306 -0.162509689270309 -0.064469786827929 0.0482422604991299
-0.0790772849483685 -0.186214398716344 -0.0125804971842122 0.158938966591278
-0.187149867249991 -0.099684434423217 0.12023236631467 0.118766616881848
-0.206919843929746 0.0256377353680158 0.157807375429255 0.0214017691558876
-0.165698335873923 0.105249094101481 0.1473777642599 -0.0518975965554789
-0.167936459395348 0.117467512136144 0.112145241878297 -0.0830994750379597
-0.180500102946925 0.0904918158455263 0.0968668289680697 -0.0949393035993645
-0.235808709578853 0.00240481620684866 0.0954472051610819 -0.0805760762333924
-0.201279958471893 -0.135728321249656 0.120111823140959 -0.0418412890761696
-0.0697501267801331 -0.218179362262835 0.101670191857318 0.0192721929284933
0.123586548701821 -0.199711830411335 0.0820283629635881 0.0728896944596403
0.231174778173002 -0.0700869557621469 0.0420469805864034 0.0808632243733948
0.244312390501659 0.0660924997044101 0.0639103491187622 0.0819450062728183
0.24474377126373 0.16094406616443 0.0771644311486874 0.0460399626774077
0.275872600290908 -0.0204603285946384 -0.0313109108725247 -0.042028452052353
0.169434740301996 -0.186601420855409 -0.0861376306819975 0.000460781118195772
-0.0635220089920535 -0.244983019725388 -0.058551548576266 0.0997889652456189
-0.216593711330115 -0.1472556434715 0.034789299034871 0.0863029640672601
-0.257484375965617 0.00517997455649843 0.0606984163959636 0.0403215870463221
-0.209853372990464 0.113936485819502 0.0624152836595326 -0.00272252120011815
-0.197703574633903 0.142179895479442 0.0378644679905942 -0.0323958606056707
-0.203049787825022 0.122788164057674 0.0162650663461415 -0.0558696382933857
-0.277907238366701 0.0437929899818234 0.00649897709524597 -0.0770411930227641
-0.270747558047849 -0.118293748727718 0.046330483016496 -0.0908194293941041
-0.146519857698457 -0.249507254575259 0.0865121513220443 -0.0590020895042246
0.113876727554989 -0.280879312858193 0.0998617015122402 0.02258614842287
0.290437437951385 -0.109764135776966 0.0366625719635621 0.080099327161304
0.304859533718426 0.0889069290064455 -0.0132241117848575 0.0508755462604386
0.228345888541365 0.185712090118227 -0.00856004881095745 -0.011590820484815
0.278649890179913 0.0186639652150127 -0.0661126521794493 -0.0522785883585677
0.197533946168886 -0.159787171421233 -0.0748775321831502 -0.0395519257928875
-0.0255093267109736 -0.248031781137464 -0.0639293952092845 0.0168483130613297
-0.196292135022785 -0.1665172999856 -0.038715954663526 0.015262521240236
-0.257713406246725 -0.0179037074560145 -0.0455363270454279 0.0297381454423934
-0.21849739066423 0.102480743252031 -0.0358692817729198 0.0358401642820661
-0.196423047725432 0.145382925277834 -0.0430864534595825 0.0226613283045079
-0.194298226143842 0.138150334088005 -0.0655161549342076 -0.000729675442940611
-0.271592669253365 0.0755836048053309 -0.081774908566652 -0.0444872085968393
-0.287929137604784 -0.083466246446138 -0.0414816991273938 -0.103484370515075
-0.187732831281339 -0.237352171597307 0.0390038264866655 -0.110022161643431
0.090061859983766 -0.308907566258645 0.0801699360978697 -0.0244726230376861
0.304674801477571 -0.129730416567448 0.0101025116053567 0.0660364105037141
0.322128023357522 0.101473038477132 -0.100858116847265 0.0100164741490283
0.179880509602662 0.175707338959149 -0.081473982919118 -0.0622973716359498
0.23453855556981 0.0412456665577457 -0.083829581118579 -0.0466297197737923
0.180110196622961 -0.116075336116649 -0.0385796879489874 -0.0521460293117319
-0.00236349636937253 -0.201109481671271 -0.0282301733954399 -0.0538339102089277
-0.150316792934106 -0.143032212801884 -0.078979507362201 -0.0671136480559189
-0.212191891447476 -0.025494921989854 -0.134492825801211 0.000788776372457311
-0.187942033405379 0.0806144635069012 -0.126730070770496 0.0607760557391326
-0.165325576612699 0.125782175841435 -0.116743735988568 0.0729273722483183
-0.160221318740154 0.126466002707149 -0.136081178605193 0.058244176357477
-0.22727349265468 0.0826084761507741 -0.153874999387952 0.00143689492327903
-0.25340373185786 -0.0521680376322099 -0.116565117646877 -0.0912538714534229
-0.180046395582245 -0.196352361662203 -0.0139584905697853 -0.128559235454525
0.0712695348772725 -0.281701998608125 0.0401721701017068 -0.0529274092839428
0.278583638809649 -0.116194245106137 -0.0299662109296445 0.0454101650274526
0.288312914317604 0.106683163794677 -0.182507837768262 -0.0391048156461312
0.114580734392073 0.136449583507339 -0.135736786863019 -0.0944813756514432
0.166091300350448 0.0362541253655538 -0.0865945198941397 -0.0274342301510434
0.12452954573533 -0.0849574393869596 0.00199674179234804 -0.0455636910985636
-0.00998871717101594 -0.132003037144179 0.0162675622059742 -0.0982761897520147
-0.102243022806444 -0.0848563698319089 -0.0948079717574368 -0.126703068181089
-0.138852554582772 -0.0128833397512189 -0.192076953384015 -0.0242442664201638
-0.125315070970252 0.054827537406978 -0.192078180798761 0.0760367840133254
-0.108680276546296 0.087135224091714 -0.172178308363865 0.11135805048788
-0.108160815782799 0.0887848460768821 -0.188153773620424 0.105647642575069
-0.157874977374355 0.0663951383292401 -0.203045164333527 0.0415604194306354
-0.184288845646326 -0.0277050117282346 -0.169179551331466 -0.0724652273127596
-0.138203541298041 -0.141292414335682 -0.0558737373030062 -0.129255131610291
0.057084327920419 -0.214094202554175 -0.00097289400359754 -0.0680138024034643
0.218596631635852 -0.0761815796239592 -0.0677995933329053 0.0191447481062329
0.207884519652589 0.0989759332559133 -0.240867463441187 -0.0885477708636197
-0.0761712447680863 -0.0743775705377296 0.255963098325038 0.123411097860463
-0.108418532314822 0.0345435725767693 0.104159541890737 -0.0201283660992595
-0.0264715817430209 0.101040800007293 0.00829748634578482 0.0693129387417976
0.0693366148452058 0.0564741242786376 0.0668051768399327 0.127876487711189
0.0754320702808586 -0.00202016613311478 0.199973928009522 0.0767372916668006
0.0624392007561779 -0.0284487169663039 0.250465453408735 -0.0616525363314214
0.0434883571852604 -0.0401664051858521 0.222031628570531 -0.139204867148072
0.0346195047127715 -0.0309255855306015 0.195334254116443 -0.143141400583647
0.0381098775177439 -0.0186573695432157 0.207795821741733 -0.0990107589956812
0.0561351169448801 -0.0124816954399855 0.200087721500049 0.00254865993779547
0.0599041647767953 0.0217089107185522 0.128125888520344 0.119947750761485
0.031034855140794 0.0645252171223948 -0.00890363002917497 0.139145074277226
-0.0570391205266623 0.0597016465288233 -0.0232632144562869 0.0660037034985675
-0.0912424806908215 -0.0218749079051256 0.0512774413498372 0.0241711625271781
-0.0396386276504643 -0.0760985133406929 0.168980215376396 0.105025889779941
0.0364302513785717 -0.0268115259021531 0.262483252252569 0.134692028869285
-0.0104323210490187 -0.014749886212727 0.0959712328953039 -0.0107351226827637
-0.00543895449039656 0.00957051659649488 0.00552154612674802 0.0781911969551593
0.00395495172167519 -0.0104726620122573 0.0699793858153067 0.149021017653997
-0.0169322648638323 -0.0191919820405858 0.206402606023917 0.0877230668723223
-0.0254944016413371 0.00535408098018418 0.252033293842517 -0.0477451228846485
-0.0262241121025185 0.0204187030547461 0.227301786582673 -0.133171933322385
-0.0413776450903632 0.0245654873615392 0.195798304613461 -0.144430933221564
-0.049879958689056 0.0139183642067423 0.201021948039657 -0.111413840865762
-0.0506897290899744 -0.0305227801733066 0.198929464585539 -0.0224003883195757
-0.0111811228274758 -0.0596676740252397 0.153244440005595 0.0899434598391965
0.0383692643744541 -0.038227447533587 0.0248979221166744 0.136141159396903
0.0336382844902726 -0.000369847188744669 -0.0106725395360727 0.0906081459499825
0.0203271352463682 -0.0138107551466968 0.0359777621276305 0.0385009699618629
0.0567356347392761 -0.018968849651568 0.155254029223574 0.106763017240942
0.141201785231858 0.0356748588428634 0.229003789396909 0.125736433509898
0.103277360226501 -0.0487210551918079 0.0626546460493251 -0.0123978299828429
0.0377128838395754 -0.0878342838125443 -0.0244507916593425 0.0753064915978657
-0.0539427300625012 -0.0940748096422644 0.0422683450861843 0.169342808642625
-0.111876777080541 -0.0497522266570938 0.182748236572948 0.108738632319079
-0.1200239567728 0.0284184491185266 0.222982771899174 -0.0168361445849492
-0.098060418672638 0.0734120298084177 0.202054812858892 -0.101924936604307
-0.111663442962889 0.0773175938805097 0.165443962054538 -0.124047857533514
-0.126046195395208 0.0515506449007314 0.160201758712321 -0.112967383048174
-0.153297222935301 -0.0248459215232032 0.162446103355602 -0.058606670636714
-0.104252531815125 -0.115385049894098 0.156005582957438 0.0263422009016872
0.0016419602820253 -0.140439767646532 0.0742981986269846 0.0931073469697482
0.0977968172738299 -0.0942025559396997 0.03516002141156 0.0985681765757419
0.134178293493926 -0.0323406858871712 0.0360725947778617 0.0633647292418433
0.15616846735586 0.0284660401585164 0.120824776966065 0.0990376459837818
0.216365771824509 0.102099389047184 0.162102193764806 0.0943436169470182
0.208858085288422 -0.0528825872922781 0.0157016412653995 -0.0250678357684036
0.10256599043022 -0.163428360253372 -0.0643795567394328 0.0479202727379706
-0.0810029045592905 -0.18334190193731 -0.0106550099620197 0.157177918893186
-0.187323145219826 -0.0961183131017855 0.120959390095976 0.115625867009397
-0.204668914776753 0.0291851146403048 0.157705973225186 0.0187410288369691
-0.162873264191348 0.107278468348842 0.145862227422808 -0.054149117694149
-0.165043740393437 0.119437628311137 0.109696978145017 -0.0843448607343274
-0.178204634681308 0.0916963448952236 0.0950396430184418 -0.0956777432803934
-0.233651727018234 0.00618014782763336 0.0930409963734128 -0.0816946124930423
-0.202414259725114 -0.131361314362085 0.118716854896828 -0.0434986447877589
-0.0728268964884035 -0.215405405240293 0.101209827224309 0.0176910327265099
0.119770929754659 -0.199884267353144 0.082612382246523 0.0716243313463355
0.228538209129637 -0.073440933017879 0.042213994668312 0.0806578596007204
0.244579746394145 0.0621498579004119 0.0642691442403374 0.0804857698319153
0.246000810660364 0.156082551492683 0.0768899158754678 0.045105403837318
0.273230214394511 -0.0248870282731108 -0.031550115044701 -0.0414145438777208
0.165887529237122 -0.187840990632093 -0.0869056629729739 0.0013809100469655
-0.0664824494345546 -0.242261175066378 -0.0567898346983331 0.0998795374369182
-0.217903880232684 -0.142599906140701 0.0357880949512046 0.085174365381473
-0.255760257987864 0.00930346461480724 0.0610295528192942 0.0388705841380927
-0.206030904250391 0.11640170032985 0.061961446865089 -0.00382882850173978
-0.193588605318847 0.144366992908803 0.0371046621550626 -0.0321580829248829
-0.199800218608057 0.12499254301273 0.0147277773017654 -0.0557234585064907
-0.274261171914544 0.0477807011919869 0.00509285720146972 -0.076429250003432
-0.270663258992028 -0.113104042198645 0.0443919477821945 -0.091243135070146
-0.149444024590717 -0.245777995206249 0.084786306717214 -0.0596113603347849
0.109270131339563 -0.280622447430739 0.0993773682541077 0.021480798172776
0.287327241820665 -0.11365916250592 0.0371824047922845 0.0799330296649402
0.304837140109851 0.0846320944963865 -0.012493044444702 0.051430317840493
0.230551573788339 0.180933975201274 -0.00896263194655216 -0.0108655657351325
0.277629960910462 0.0144356514869285 -0.0664156112129408 -0.0508702285987844
0.194232931755169 -0.162340305052262 -0.0758047180658119 -0.0384960855341874
-0.0291269097775846 -0.245503742660496 -0.0635588546868681 0.0179317095789654
-0.197555658217994 -0.162393183210164 -0.0384156471866895 0.0153528717890065
-0.256159316675922 -0.0139113600767476 -0.045321165745306 0.0307719333579291
-0.214580677085644 0.105331662187435 -0.0349211728813895 0.036231573260758
-0.192709036671051 0.147298918030518 -0.0426483395409648 0.0236230181231548
-0.190446417884944 0.139351203579605 -0.0656050187911106 0.00013621968556723
-0.268095027964992 0.0788694808720757 -0.0823209736840614 -0.0429569623764926
-0.287008948287491 -0.0786877949941837 -0.043158494226256 -0.103129063617978
-0.189757988811761 -0.232241632618414 0.0370402340828959 -0.109915044001285
0.0851086753247954 -0.30873829587114 0.0795562005930065 -0.0252950570605223
0.301298246815275 -0.13309153542855 0.0111173734313144 0.0662569674271254
0.322162648599713 0.096789580814939 -0.100268487409839 0.0112578368050502
0.181316839821912 0.171871835241845 -0.0821106816670328 -0.0601081913058325
0.233336679920147 0.0378827016638764 -0.0838402965176848 -0.0453572742583564
0.177223819358227 -0.118139082166724 -0.0393529478931528 -0.0517379858878242
-0.00510045215433418 -0.200035218552559 -0.0284572371828894 -0.0527166395330526
-0.151223969469705 -0.139354749825265 -0.0799225796104727 -0.065955272686669
-0.210995515103182 -0.0220258253046072 -0.133329791696286 0.00344799622117331
-0.184615884185669 0.0828584039477761 -0.124682596770667 0.0625359411134823
-0.161899360700632 0.127185597735788 -0.114639338693324 0.0742230684738179
-0.156992298416667 0.127588577749338 -0.134670543062342 0.0598011769263872
-0.224400671910776 0.0857147322357281 -0.152557367031615 0.00400866961791812
-0.252681053438798 -0.0478770922401993 -0.117399868379555 -0.0895561520935411
-0.181680359926465 -0.19197032727425 -0.0160469319549053 -0.127672973787839
0.0669694945961496 -0.280711496017908 0.039194907825193 -0.0528205668757483
0.274744106838307 -0.118942742805915 -0.0289468456356814 0.0459030273896665
0.288069708303423 0.102029373452229 -0.181926760452888 -0.0359053540471398
0.115939875056896 0.133944634362971 -0.136335399487164 -0.0923824014181635
0.165976257945261 0.0336538957809891 -0.0866844313646574 -0.0257469081728193
0.123132074353569 -0.0860528903879511 0.00116338572476271 -0.0451971745860878
-0.0117617836342511 -0.131068906020958 0.0154458298088156 -0.0984740008501486
-0.102876937571245 -0.08293368220372 -0.0967075933942843 -0.125752209808392
-0.137455156521721 -0.0100268636322169 -0.191353632642636 -0.0203511253463212
-0.123774940453624 0.0563464454161516 -0.189893147712992 0.0784040195164594
-0.106706950428063 0.0877036634490007 -0.169020699071459 0.113582033634237
-0.105803775403181 0.0898459924933629 -0.185083608057383 0.108012546005135
-0.155470484442147 0.0686361597124905 -0.201734660659273 0.044403612161207
-0.18299675181676 -0.0251735752789807 -0.169885433117753 -0.0699037790048571
-0.138870830699718 -0.138193504922665 -0.0572682098904308 -0.12764445075611
0.0532842972895176 -0.213460957973436 -0.00138332517615114 -0.0670836356108466
0.215527414269053 -0.0786621602263615 -0.0666780729004779 0.0198615082971694
0.208734573999881 0.0964028162513355 -0.240915435342708 -0.0843212598362493
-0.0764477429971096 -0.0726512934640003 0.256139594274531 0.118254181576558
-0.106784220488812 0.0356163918189969 0.102676994290583 -0.0218271191348831
-0.0249732074075531 0.100923580856067 0.0093651761936602 0.0692344288158358
0.0696947771096426 0.0549328522556104 0.0679765719566966 0.126151491409448
0.0748271790229684 -0.00282624052041936 0.200026598988319 0.0736324246625537
0.0616587835407699 -0.0291919829581897 0.247395949991892 -0.0654940200597353
0.0423664821071164 -0.0401680964156817 0.217862566232607 -0.142184855923384
0.0338687148795244 -0.0309169314594389 0.191266446586292 -0.145934434161079
0.0381297105500284 -0.0190169868782125 0.204662997394587 -0.101880082998047
0.0555037953841412 -0.0137219419227397 0.198450110310668 -0.00110238568504413
0.0599031595535632 0.0202682726003331 0.129105958910948 0.116830817173054
0.0320085757660678 0.0639118047671065 -0.00679803103627146 0.13844804351113
-0.055482401450538 0.0603962541931274 -0.0220578383864744 0.0653873067975847
-0.0908064201292477 -0.020354221604733 0.0511916104018235 0.0229452014022142
-0.0405734077557541 -0.0745171301514921 0.169633357904282 0.102321765225465
0.0363147506695824 -0.0275336187461242 0.262817765330781 0.129520710243075
-0.0106114597359074 -0.0147110172803534 0.0946616720366285 -0.0121255209877969
-0.00530659014682236 0.00925396031525258 0.00605571760874622 0.0775160996228142
0.00372393966891322 -0.00996840747090601 0.071640234804786 0.147697007231728
-0.0172749473748239 -0.0188516772017654 0.205404112645284 0.0845741645143511
-0.0252422496613288 0.00562237718319027 0.249468477076974 -0.0523411779818398
-0.0253114212365701 0.0207619929991006 0.222935263480171 -0.13636825361895
-0.0409099973190742 0.0249445521558508 0.191031051985149 -0.146943680318298
-0.0490634390260775 0.014467398746583 0.197296835725916 -0.113858648945358
-0.0509876951598538 -0.0292757990232647 0.197002615041614 -0.0256912845242632
-0.0120785627005094 -0.0588045805627231 0.153647545680949 0.0868409190600646
0.0377843664246845 -0.0390650452730531 0.0268674084996497 0.135001350704777
0.0330129684943091 -0.000683726080377246 -0.00916668308599253 0.090306645990683
0.0204530135033138 -0.0135633712692048 0.0356484624180647 0.0375652632953627
0.0561596172636553 -0.0197528401456433 0.155445681533378 0.103857290261395
0.140990542140836 0.0329111546695427 0.229733270100833 0.121878156825051
0.101558885667538 -0.0504117670448691 0.0618472905946757 -0.0129224119572981
0.0358372217153944 -0.0877487793267634 -0.0241939106778127 0.074907162359393
-0.055542270028804 -0.0925493579673213 0.0439351638723201 0.167719565088583
-0.11180802525519 -0.047368390358634 0.182575443435611 0.105295898123338
-0.11845988720721 0.0300653813731472 0.221315679219726 -0.0206761597577256
-0.0963681920817961 0.0744436039840263 0.199199997366951 -0.105103838940635
-0.109020998969661 0.0785088708783267 0.16215050215251 -0.126073929270278
-0.124126956187274 0.0537134168017662 0.157252595503223 -0.11566101460455
-0.153097162313379 -0.0217643843445905 0.159989167546822 -0.0608407199153574
-0.105510814543121 -0.112297124707639 0.155775934003175 0.0236740053062322
-0.000110895376130598 -0.139455600216669 0.075323596841059 0.0916890860367072
0.0958235857303896 -0.0943259610913646 0.0361081160744355 0.0974136897897692
0.13246712387854 -0.0343977144572999 0.0364380868468672 0.0629123744886173
0.156090514572471 0.0256999605616839 0.120924942618166 0.0964538718215492
0.217164333255314 0.0980777021697495 0.162293341269627 0.0916796821227368
0.206721139817316 -0.0552856767771706 0.014744911067723 -0.0249463531192677
0.0989199140613531 -0.164067169391399 -0.0641704968401109 0.048218208830139
-0.0833155992046898 -0.18045919931635 -0.00863403893782602 0.156973581409914
-0.187798255176827 -0.0923736408300858 0.121510046612564 0.113242111980365
-0.202175844474741 0.0319401071827104 0.156792392627097 0.0159473882675584
-0.159589693180573 0.108499940921612 0.143531919954821 -0.0569123270733985
-0.161067910294106 0.121061239976963 0.10825647987325 -0.0855660055300843
-0.174917212853529 0.0940790577814195 0.0924810448546868 -0.0966483270356436
-0.231655081337725 0.0102664176014417 0.0909841702722767 -0.0823967410153571
-0.202738331225783 -0.126898616997978 0.11692737606502 -0.0462318785312434
-0.0758000167442463 -0.212866155690779 0.100539250750211 0.016859931915108
0.116118965964125 -0.200350417256549 0.0822110555326464 0.070423056312648
0.225392383866895 -0.07623247380638 0.0431294964139322 0.0796426225463586
0.244151773754595 0.0586573484790561 0.0645184747176811 0.0794084087272703
0.247300085578574 0.150752181301395 0.0768363923930871 0.044513693576248
0.270663225739744 -0.0290940329691662 -0.031916143278574 -0.0413279448946986
0.161704683617819 -0.190204957958809 -0.0868207400789163 0.00228558077975697
-0.0701324774212259 -0.239611977759626 -0.0556045885022242 0.100431642071671
-0.218377417610084 -0.137576827357035 0.0362131269321449 0.0835041197853981
-0.253360155435382 0.0143135777511012 0.0611136927386857 0.0380917463251124
-0.202446877180649 0.11847902049906 0.061472760925398 -0.00541636246652246
-0.189905871278135 0.146029764788268 0.0361833321770064 -0.0331978200264968
-0.196311139866291 0.127168882740644 0.0137076601361192 -0.0557944178337718
-0.270339893482864 0.0523038553890879 0.00377688911610862 -0.0761854659140324
-0.270547515284297 -0.107540626948378 0.0421441337408693 -0.0922004071000952
-0.151777823367247 -0.241498388639128 0.0825742195667822 -0.0598979210417232
0.103613971453819 -0.279961410333684 0.0993625791735574 0.0203307043899769
0.282772910803257 -0.117502001537346 0.0381188497134069 0.0795730744230397
0.304537330006089 0.079168773557181 -0.0119497157341898 0.0513787631944219
0.231466647835064 0.176043058654573 -0.00909306508540178 -0.0103510941845206
0.275667393588001 0.00988830739222337 -0.0663175159223885 -0.0495687375792992
0.190678645134811 -0.164146016722784 -0.0760170637030005 -0.0380356144253185
-0.0328572402186555 -0.243451221932588 -0.0628531467151895 0.0188180876982793
-0.198719366063499 -0.157473273512507 -0.0389092792743734 0.0154846173301386
-0.254245903486419 -0.00912603979948981 -0.0441377351939357 0.0318280643344473
-0.211134914564218 0.107457935368705 -0.0340844122810585 0.0363183398189392
-0.188571809680737 0.149231808394419 -0.0421018732519708 0.0235789566260385
-0.186989986213325 0.141032085609179 -0.0648380621124827 0.00131643525872109
-0.264325876343494 0.0832509854261003 -0.0824600104486146 -0.0410117863425179
-0.286146556644973 -0.0725397141235098 -0.0448750442937501 -0.102531602288294
-0.191792786981294 -0.227472122088762 0.0343574294743539 -0.109896239141213
0.0794132908560947 -0.307542866195654 0.0788132431490546 -0.025543904601476
0.296553609218105 -0.136878625942366 0.0122318244942888 0.065896312707713
0.321376889949558 0.0911467540033855 -0.0999919699109803 0.0129341348439137
0.182388156132755 0.167721074989308 -0.0822159537926006 -0.0583799984622625
0.232572904689578 0.0335346532897829 -0.0838041565774527 -0.0431910026377229
0.174116203290008 -0.120464467617116 -0.040248978356543 -0.0509653657366679
-0.00817498527301648 -0.198468150910378 -0.0290806006467121 -0.0522884052248925
-0.152385303793162 -0.13586451204081 -0.081048312760484 -0.0638757491144026
-0.209264276028402 -0.0181288385385592 -0.132654380547306 0.00590081046652268
-0.181720777632571 0.0849087846581243 -0.122827181663555 0.0643176139841253
-0.158014087781746 0.128885462818585 -0.112789353452518 0.0750774226456279
-0.154330150406764 0.129379927136681 -0.132745515440196 0.0614597647824711
-0.220635146715984 0.0889688244356564 -0.15137113626688 0.0060552880312108
-0.251427822820581 -0.043398320595436 -0.118120934300204 -0.0877069830379638
-0.183130647503452 -0.187338748623494 -0.0182144239362963 -0.126757459625516
0.0620959761914132 -0.279758008681087 0.0383842120317129 -0.0525799342197051
0.271509666880616 -0.122243405934189 -0.0276149669239412 0.0462485272265752
0.288086630724909 0.0971270907166344 -0.181319402626187 -0.0326388768878296
0.117321910456037 0.130754975128948 -0.136690066678127 -0.0895904837631586
0.165085457393438 0.0306589447360947 -0.0858744990178973 -0.0238438551268727
0.120537760390952 -0.0873540775234596 0.000272877873274217 -0.0451233282942242
-0.0135510250513233 -0.130247236746067 0.013622208267693 -0.0980700201594271
-0.103467273894079 -0.0801454627875886 -0.0983479796805291 -0.122611066902311
-0.136810665665867 -0.00759124243376385 -0.189929793584174 -0.0171653965748435
-0.121849339692997 0.0582551736198713 -0.187023565454356 0.0807380708024191
-0.103537330089142 0.0889694566130301 -0.166067712299017 0.114860615966383
-0.103452550651534 0.0906851798287748 -0.181912244039466 0.110160687593492
-0.15345952172979 0.0706864933984195 -0.199117065104471 0.046805741133181
-0.182348995142112 -0.0215136195270755 -0.169526572387535 -0.0671160369737138
-0.139874454770828 -0.135334288860672 -0.0588841563069309 -0.125527238181841
0.0494040038330017 -0.212540425153833 -0.00237139188334731 -0.0664259535134089
0.213204034962005 -0.0818213999100647 -0.0656092009347287 0.0213255645247909
0.208472868401068 0.0918827935728258 -0.240249917707931 -0.0799893726488876
-0.076884417450767 -0.0712073967646184 0.256490573285381 0.11340807645818
-0.105021359254176 0.0368267606685746 0.101530098485751 -0.0233524078018654
-0.0232821687460356 0.100165124094312 0.0100354171977479 0.0681369399255237
0.0696541727540087 0.0533580195166747 0.068908602624455 0.12459187735976
0.0743054169722716 -0.00449985851549378 0.199688820851985 0.0700773958593833
0.0604222505293942 -0.0304579624176121 0.244790731720885 -0.0690534783818604
0.0414613102595086 -0.0405812171689783 0.214041708960061 -0.14434290816726
0.033187118973968 -0.0310225310817463 0.187178058675203 -0.147804965581783
0.0373805899781939 -0.0193915632486421 0.200206224490953 -0.104666293379759
0.0543436369772701 -0.0145898699500594 0.196678361771669 -0.00376006144264241
0.0598315032095609 0.0190082665693116 0.130239343033836 0.113600018695654
0.0330394259287556 0.0622418590375871 -0.00379842295955662 0.137530341623066
-0.054084820826472 0.0611066958320956 -0.021015219124432 0.0650525261827541
-0.0902133398683181 -0.0179675300051946 0.0499260432760998 0.0220566386415861
-0.0412590691333802 -0.0737976628942932 0.169665412891213 0.0986404760961507
0.0354250810982354 -0.0280756331425543 0.263111494870118 0.124401513351923
-0.0109786473727725 -0.0145074713453415 0.0935462218888159 -0.0136995418633325
-0.00516349186569142 0.00900266153770616 0.00678586216283823 0.076687340615043
0.00328255972533317 -0.0102424409279097 0.072662227823671 0.145471914843476
-0.0172254796018419 -0.0181420456489044 0.205773424684605 0.0801557105807687
-0.0247364510410533 0.00625559165490578 0.246086390910161 -0.0558620760445045
-0.0245813698068738 0.0209895470795193 0.218555960378313 -0.139358211709586
-0.0400673941551875 0.025609386822721 0.186767831492191 -0.148617619741664
-0.0482759785713257 0.0153831887261922 0.193653358359207 -0.116480907708434
-0.0509425937965232 -0.0284778667762427 0.194249715124476 -0.0291244973760156
-0.0131451127921432 -0.0580222407739642 0.153411081265656 0.0834742903863214
0.0366998256688421 -0.0388932871887191 0.0286357883180465 0.133594202069528
0.0329226901979619 -0.000827669322112124 -0.00735515103834415 0.089423237600242
0.0198489739551943 -0.0139346849276195 0.035675309396854 0.0364600209960291
0.0560729862770689 -0.0208086214392105 0.155620876387439 0.100330206699612
0.140957385697005 0.0296756862834696 0.229571501323788 0.117101735967566
0.0994519630246114 -0.0514660858691228 0.0607742867364727 -0.0140390156371633
0.0339041238386989 -0.087773930521007 -0.0230763772176139 0.0750676437013483
-0.0567805684187506 -0.0908686874169912 0.0460925618617031 0.166396176829333
-0.112047101493162 -0.0449962086146095 0.183268286362028 0.100898688718143
-0.117089419703854 0.0318660489901476 0.218845889984897 -0.0240127912996316
-0.0939830594252878 0.07553645212166 0.195728004618314 -0.107934344176749
-0.10657198106461 0.0794744945209198 0.158054439186808 -0.127965452862699
-0.121874175195428 0.0552214203207951 0.153518755820407 -0.117139383207491
-0.15205826998287 -0.0187471613694367 0.157140072395244 -0.0632515273682217
-0.106491146040243 -0.109795773859364 0.15473901005649 0.0204066021073813
-0.0029900186557414 -0.138111115201528 0.0763683132079552 0.0895696582082792
0.0934351563265261 -0.0958252112729888 0.0377969534213997 0.0961421798133698
0.131011875499101 -0.0361261582569676 0.0368404454523242 0.0620687416807946
0.154791843741617 0.0233280152711588 0.121411165044 0.0932931290588583
0.217752403488835 0.0938511933727769 0.162662949699075 0.0886159369711906
0.203935399202616 -0.0586658426288834 0.0140965415687866 -0.0248470394424236
0.0955479872808329 -0.164118842487743 -0.0634811444678862 0.0486404826633107
-0.0861014363106517 -0.177722077863882 -0.00637865592915397 0.155989869981871
-0.187705235283345 -0.0879308468473862 0.12218059570577 0.109951906945745
-0.199747430000711 0.0357756368639068 0.155905073538065 0.013510966527937
-0.156097453041446 0.110440784323097 0.141703860223977 -0.0588503034175511
-0.156894278998486 0.122691714567873 0.105308088168855 -0.0868941825430414
-0.17176096365578 0.0962969174833655 0.0893847232397606 -0.0977875655934184
-0.2299817378869 0.0141256502927808 0.0883333069269869 -0.0835867207285417
-0.202848155819991 -0.12198022005815 0.115250088985183 -0.0483732715508431
-0.0782684489818063 -0.209126009534747 0.100364271956395 0.0150444055202875
0.111365546294018 -0.200562355172398 0.0835309485201834 0.0687621245572843
0.222376964180814 -0.0792129768880743 0.0440210473986911 0.0788560724854329
0.242906464300874 0.054752394045217 0.0652778986270279 0.0771542743586825
0.248427852623086 0.145399769486269 0.0765771766263065 0.042716852868433
0.268142528713556 -0.0326079359264684 -0.0323981712681528 -0.039864282083124
0.15655590431208 -0.190930773994492 -0.086401724292679 0.00308019371561703
-0.0733661575608244 -0.235900194615544 -0.0533303710295478 0.10021049536703
-0.218406221589168 -0.132552509733946 0.0367793665976706 0.0822690938779091
-0.250420439711917 0.0180277819031098 0.0612344429376467 0.0363681434276691
-0.198432376005929 0.120620236462025 0.0610417235539141 -0.00670877262852885
-0.185028503749894 0.147734386374944 0.0352691249203126 -0.0331724271756258
-0.192445105009284 0.129279353281388 0.0127085655822915 -0.0554106129885543
-0.267794374612282 0.0566304530058651 0.00218251687244196 -0.0758418271750349
-0.270165644483311 -0.101514844161167 0.0401302733048442 -0.0927345002484643
-0.154157529777347 -0.236448208240898 0.0817401804484543 -0.0614367721216168
0.0979641601126632 -0.279519183079851 0.0991979333879514 0.0188458696304
0.278045183218184 -0.121295989316205 0.038900798205193 0.0791071386938958
0.303823288823675 0.0749113490475969 -0.0112832308506628 0.0510663510366233
0.232992882879836 0.170429610887013 -0.00966500837579157 -0.0101744782559862
0.272785869384453 0.00533020935379755 -0.0661275853590846 -0.0478124895064984
0.186509452696801 -0.165797692889035 -0.0772213324956829 -0.0364351656387875
-0.0366524253901175 -0.240734333201292 -0.0621768993103302 0.0188317803509405
-0.199807729626386 -0.153208389008374 -0.0388457276450755 0.0158885662369686
-0.251813388659535 -0.00423946510532785 -0.0434736133686966 0.0326167277740112
-0.207181808881873 0.110713251158057 -0.0326891042520176 0.0363964083728729
-0.183958111857713 0.151081504497171 -0.0411264828180276 0.0243234643931985
-0.18297690354674 0.142347090046395 -0.0643784215134045 0.00261337846272111
-0.260738930150636 0.0869461996096309 -0.0824163528887145 -0.0391570120761994
-0.286227115599255 -0.0672247711598792 -0.0463833588915238 -0.101523574317037
-0.194564622890676 -0.221769618883809 0.0318404957790386 -0.109130425142227
0.0740116942884162 -0.30639563727538 0.0783564130049155 -0.0264491118025544
0.2920551408355 -0.140527354992233 0.0134481691659115 0.0667400351484102
0.321087449623301 0.0851259462388832 -0.0988421031652026 0.0148694107381127
0.183905935999173 0.16350112752582 -0.0827783633801437 -0.0560483023747595
0.231368791840534 0.0297145577972411 -0.0829802729705635 -0.0415924276564562
0.17096675119658 -0.122950474578375 -0.0412612994846596 -0.0501426257292314
-0.0115502680480306 -0.19627063220383 -0.0298464048781223 -0.051441137017066
-0.153198457232046 -0.132660129931311 -0.081547132500433 -0.0621453250337792
-0.207576353021392 -0.0140189136476191 -0.131727206848046 0.00842295011039609
-0.179050233024697 0.0875826372224498 -0.120400372527306 0.0655490617203464
-0.154372268334741 0.130409049597716 -0.110303736444676 0.0770978222403906
-0.149975839776838 0.129968497536498 -0.130325407956502 0.0632360428289542
-0.217238755194772 0.0919804718818634 -0.14978986152251 0.00878502802516622
-0.250053255811703 -0.0381383897455638 -0.119394845783023 -0.0850890580487546
-0.18481852531957 -0.18247933970472 -0.0200901602528156 -0.125330495608591
0.0568217579178928 -0.278395946335563 0.0377658127657523 -0.0524250996696061
0.26694971955673 -0.125952373497787 -0.0263266328255825 0.0469384339997212
0.288077653311631 0.0915146605761005 -0.180090367735498 -0.0290484944168056
0.118602080481469 0.127710493584601 -0.137274678762033 -0.0865209254347727
0.164488674561842 0.0277309698622595 -0.0857625663015102 -0.0226356448868475
0.118569715064534 -0.0894486193213339 -0.000885015702627159 -0.0443330868277703
-0.0157520912309439 -0.12893493255883 0.0119718591563896 -0.0973762730159942
-0.103877493046679 -0.0780453559107007 -0.100340679243762 -0.119839905599622
-0.134996589992113 -0.00483410878982049 -0.188981843425555 -0.0133397824818454
-0.119841019695962 0.0599993806217789 -0.18394398042888 0.084030864225428
-0.101207727641555 0.0898427540055968 -0.162329899656381 0.116555627530559
-0.101057915371091 0.0917694284158532 -0.177899007903031 0.112734759190442
-0.150359379074117 0.0726109740090689 -0.196663677509444 0.0503215028670115
-0.18116553509974 -0.0178474460120823 -0.169282189003004 -0.064041895573901
-0.140739989221131 -0.131452942424123 -0.0603645287406455 -0.124077082820322
0.0456785291184923 -0.211797097938809 -0.00303467625220218 -0.0655142972458439
0.210132483842131 -0.084931206725975 -0.0643825553019939 0.0223959669463225
0.208255342808335 0.0881036924177207 -0.23954998159484 -0.0747665196547412
-0.0772527382076608 -0.0694209170780211 0.25555676739883 0.106861692134646
-0.103559266559418 0.0379601784837931 0.0992282774935673 -0.0246859423835162
-0.0213546898867843 0.0997585211340414 0.011116974354989 0.067606151073733
0.0704058163058566 0.0515914773306839 0.0699314798943222 0.122461555689973
0.0735368264893746 -0.00568722069342633 0.198931185989648 0.0663384129163882
0.0592794184532596 -0.0309952913535251 0.240824605060623 -0.0721853927733729
0.0402251134040397 -0.041196887952107 0.209091545749994 -0.146597590806054
0.0323051163040313 -0.0315721080440824 0.18263161973413 -0.149553987747718
0.0368461322567272 -0.0195982077723166 0.196466991955402 -0.107213311107796
0.0537438462856669 -0.0153622065289625 0.194161755530161 -0.00765436155991117
0.0600213003455282 0.0179122810693304 0.130914375736969 0.110100755890554
0.0333325686847627 0.0615338307630257 -0.000890181128487246 0.136502906878963
-0.0526803611914708 0.0615679050845426 -0.0193735010048695 0.064663159376834
-0.0895998779028673 -0.0163452030434224 0.049534482593718 0.0206436254563454
-0.0419736423099948 -0.0723835840404901 0.169134641991952 0.0946791964039529
0.0352623121684312 -0.0288537914304064 0.261979310977123 0.118905802703707
-0.0110691391012686 -0.0143157559829553 0.0921500744428971 -0.0148903163452205
-0.00513212403667291 0.0093530157972416 0.00794588824306501 0.0760334575274751
0.00299591780068293 -0.00981810382548651 0.0740355889111054 0.14265444862753
-0.0173029752071986 -0.0174056048532688 0.205345276111771 0.0762603637836456
-0.0242999435009679 0.00636253000009861 0.24292282521636 -0.0597164799200609
-0.0241159019206787 0.0211140955571942 0.214413973410638 -0.141584828090899
-0.0386855741789126 0.0259519270971558 0.181816002067001 -0.150920960272918
-0.0469987378928432 0.0157344298103372 0.188676139711745 -0.119313225275731
-0.0514249658189772 -0.0272051690567882 0.191472576114454 -0.0324517347000715
-0.0142252167839771 -0.0572078431243963 0.15356329965668 0.0791861919884385
0.0357865555900838 -0.0387370425591593 0.0310259575496611 0.131386885629674
0.0324765038062401 -0.00136514182192003 -0.00583267656066065 0.0880882424985341
0.0194324127008227 -0.0141309476833564 0.0358587329116812 0.0360300580788488
0.0553346147884958 -0.0213709597916893 0.155571647900649 0.0967628806583803
0.1408030840728 0.0273167216474819 0.22976908125417 0.112239746680362
0.0975600508244103 -0.0529285094513376 0.0599679090728932 -0.0147953133334778
0.0324213949236691 -0.0876707341619574 -0.0219181076382049 0.0744310531291737
-0.0578153382613814 -0.0884585966414389 0.0479626019345393 0.163879508057691
-0.111434331780539 -0.0422746824423578 0.183041704346489 0.0969572598957225
-0.114892754632843 0.0334880752020495 0.216642207900778 -0.0276834350005052
-0.0915484272157649 0.0762127291497403 0.191035368098879 -0.110262198263571
-0.103976946332067 0.0805141471944531 0.154473900569487 -0.129764901370872
-0.119357729072503 0.056778346826625 0.149348066800839 -0.119076184236636
-0.150840091521925 -0.0154436348722167 0.154384713108187 -0.0656864080330624
-0.107482445641064 -0.106082672635063 0.153446566085211 0.0169719601640648
-0.00482456157743221 -0.136648491357247 0.0772129145508973 0.0879564547558418
0.0909022166041507 -0.0957524383795099 0.0390868315205105 0.0947093393333111
0.128868948867637 -0.0380505990546449 0.0369085420694498 0.0609747640833795
0.154126529896909 0.0203374015123549 0.121840601505625 0.0910319331635366
0.217248887359996 0.088561166691279 0.162480800783321 0.085163201254755
0.200917100297695 -0.0615231494754915 0.0140146201115717 -0.0249783694315191
0.0920417553074572 -0.164767547104531 -0.0631817610849581 0.048629482751278
-0.0882126922790953 -0.173962799922862 -0.00399346874180502 0.154588082359314
-0.187120117508796 -0.0838398119793813 0.12253428285667 0.10677725293522
-0.196906227358561 0.0391106996675804 0.15494670832504 0.0108955407638178
-0.152564528053114 0.112071795052192 0.139112686552411 -0.0608910422888972
-0.153450255227816 0.124207837541083 0.102911433075569 -0.0879104191755612
-0.168603713027714 0.0978163765119742 0.08686117709472 -0.0984272732244973
-0.227076727278581 0.0188072177561248 0.0860462695996896 -0.0845523394306733
-0.203302115923453 -0.116936757600484 0.113430136207787 -0.0503543109868513
-0.0812665616059253 -0.205893298579304 0.0994413186118707 0.0131983622086081
0.106792111307954 -0.200617818681989 0.0837789774319639 0.0668701176975358
0.219110580199496 -0.0823727730211404 0.0443367933229629 0.0779336371572637
0.242575334813548 0.0499784056053244 0.0657153299802427 0.0756772656828345
0.248700929750992 0.139371181568711 0.0764432606352514 0.0417515035250816
0.264893684534118 -0.0369076486819679 -0.032851381159925 -0.0389635386973405
0.151852764682522 -0.19159443732682 -0.0868249714138065 0.00403253504704916
-0.0766028378014862 -0.231899876781897 -0.0515665187103199 0.100385873588707
-0.219395690163679 -0.127375883679671 0.0371043188634749 0.0810295480546371
-0.247787459188333 0.0228023668999886 0.0610708659534016 0.0354473984177967
-0.193972880322068 0.12253201792038 0.0603783015388795 -0.00770434290759232
-0.180785897425525 0.149697524621042 0.0346019484162224 -0.03349135020698
-0.187559240390055 0.131139715068616 0.0114828804405641 -0.0555516773697925
-0.26427438051161 0.0609712333443891 0.0006098564745454 -0.0749976416047577
-0.269298186442881 -0.0953875779930104 0.0380567757575117 -0.0928827861309881
-0.157234972633984 -0.231273502087758 0.0792287608349185 -0.0615291853087324
0.0922663514553085 -0.278207385957271 0.0989758911591539 0.0176937336525148
0.273100294122187 -0.124844875738199 0.0403653045217099 0.0784181079210736
0.302975961763029 0.0690489172621705 -0.0106288527693024 0.0511907133785084
0.233996993925702 0.164767515125454 -0.0100177122498818 -0.00942021042762782
0.269989851249452 0.000446378520266457 -0.0665334668608286 -0.0461152295743829
0.181699531335472 -0.167915063322643 -0.07773676974133 -0.0352443304778743
-0.0404626850622319 -0.236755050679072 -0.0616087639528626 0.0202511831660182
-0.200666948407427 -0.147677625155964 -0.0383293270007696 0.0163726726591275
-0.249307103885755 0.000493114992031273 -0.0423549144300172 0.033401376697526
-0.202968005174805 0.113164734822189 -0.0317418089960925 0.0364726834393568
-0.17932178903046 0.152299487363774 -0.0398692092990395 0.0248512060802685
-0.178701326369825 0.1442439016751 -0.063734678591443 0.00337355451786608
-0.256197360428889 0.0910381674145394 -0.0820742001425949 -0.0370869059841749
-0.283429757241384 -0.0612051479391216 -0.0480802666015283 -0.100142329015806
-0.195742211286658 -0.215549340462704 0.0295589338879647 -0.108586092178789
0.0674999924934177 -0.304415969108001 0.0772423298772837 -0.0268642977073795
0.286179497685817 -0.14457891568329 0.0150538874997465 0.0663350615563345
0.320193915708463 0.0791927361836189 -0.0974350679535545 0.0167883057763083
0.185424121937858 0.15832827817518 -0.0829972351405533 -0.0542548893281214
0.229261886886429 0.0254383411322949 -0.0828862827185043 -0.0395387370283718
0.1674150018227 -0.124486623889654 -0.0425694335306971 -0.0489932339056373
-0.0145598045391465 -0.194032201103379 -0.0304465089968198 -0.0507154166168321
-0.153807142752746 -0.128305503968248 -0.0827995229545526 -0.0606839558499411
-0.205176197219917 -0.00977094232743982 -0.130154341564313 0.0109533215894363
-0.175501607040419 0.0897098818115154 -0.118152333789154 0.0677083194392607
-0.149627940574905 0.131548240990252 -0.107685317851137 0.0777577948338822
-0.146272147338707 0.130744148330012 -0.127777662437075 0.0653659644947614
-0.213360047012226 0.095078876389527 -0.147890495169729 0.0114954068591601
-0.248090059293624 -0.033273015634231 -0.119983943987344 -0.0824867209777394
-0.185794615549335 -0.177410210698938 -0.0222541833078222 -0.123793952274551
0.0514217630403311 -0.276901101448508 0.036819355620907 -0.0522771413009987
0.262334276863363 -0.129249075300358 -0.0248096748266941 0.0476976691557012
0.287275631194753 0.0869442487649079 -0.178905271429889 -0.0253321801661661
0.119639292166647 0.124752601364013 -0.13780063300428 -0.0827234131095694
0.163264653766037 0.0249302091294896 -0.0850576913283132 -0.0204999636531854
0.116162884458025 -0.0903994793471328 -0.00225063684686718 -0.0441158360545219
-0.0173683669025723 -0.1273359067963 0.0105134033799764 -0.0971232014618118
-0.104114305585043 -0.0751582838359032 -0.101590177495104 -0.117507991257561
-0.133769325797637 -0.00247254281599874 -0.18750245854804 -0.0093662457163368
-0.117244488779708 0.0614460648475297 -0.180546388345536 0.0867747804854485
-0.0984153113974469 0.0905647639789012 -0.158842463573507 0.118822751505094
-0.0986873816642587 0.0915066121834339 -0.174547209230995 0.114553651341762
-0.147715626395032 0.0745670188149491 -0.193950268521927 0.0527349896989989
-0.17931084578939 -0.0143978748841076 -0.169231414125723 -0.0608944057637192
-0.141804684741723 -0.127752915452424 -0.0619531384609443 -0.1214291519516
0.0410502232853662 -0.210220582542609 -0.00374081730498438 -0.0645101752853342
0.206473414778681 -0.0873708485394308 -0.0624402177090675 0.0233157618250347
0.208021349308972 0.0844300764835131 -0.238657917621441 -0.0701270440077529
-0.0771645783629843 -0.0677484411017711 0.255011879630733 0.101654544446268
-0.101900184217718 0.0387652643435553 0.097680130100041 -0.026345251124368
-0.0197161160973498 0.0987662598853563 0.0119866369130871 0.0667306232766957
0.0700788743405609 0.04982892487898 0.0705102333686273 0.120537629784333
0.0723980378820544 -0.00701764076189313 0.198156571968846 0.0621421067581981
0.0578621640866339 -0.0322113881201751 0.237063475489455 -0.075985013148619
0.0391443774947454 -0.0409596223532355 0.203892377214138 -0.148661470411736
0.031320277934505 -0.0318305807646118 0.177427731544061 -0.150704623253246
0.0361235379737849 -0.0199545681204783 0.192332622195615 -0.109900701833581
0.0526290474409186 -0.0163065549622651 0.191388688230628 -0.0113489145439314
0.0595830000882959 0.0165630822528446 0.131443692306768 0.106446773544581
0.034586737969825 0.0596018285334364 0.00158486402218437 0.135540185254056
-0.0508618046484593 0.0617801183427193 -0.0181483200818591 0.0635141225052377
-0.0890497766453526 -0.0142322865532005 0.0487944749870146 0.0193335189655861
-0.0430625831375514 -0.0708279122224433 0.16869155378308 0.0905761814445582
0.0347450493518191 -0.0291818923298235 0.261480803593072 0.113279665346821
-0.0115863442244963 -0.0140571731896142 0.090379218822988 -0.0165925056330199
-0.00507979239625382 0.00918784782375808 0.00889425410226683 0.0752300430849745
0.00269581932251219 -0.00963362120298486 0.0749856671010108 0.14069064382455
-0.0175474543650948 -0.0171412355374877 0.203740755918198 0.072038164443206
-0.0238332384469865 0.00661544570531066 0.239604471339213 -0.0634515126148419
-0.0233615971203751 0.0212909339526935 0.208543572670019 -0.143941290977414
-0.0375388084824305 0.026498771909371 0.176954370569478 -0.153018497622907
-0.0460502818800337 0.0165042155555702 0.184211321846354 -0.121573840067755
-0.0511150441947677 -0.025943088498287 0.18859952254353 -0.0351259730527012
-0.0149773551880492 -0.0565348095536006 0.153284645936885 0.0754689638354567
0.0350174967962578 -0.0390498681983879 0.0332128609462272 0.129666771701539
0.0320813113780832 -0.00147733175879844 -0.00423985072151347 0.0868304932114776
0.0189245361408491 -0.0142429057859025 0.035549299667179 0.0351255445038541
0.0542283435035028 -0.022475702625489 0.155514226355499 0.0932930361892048
0.139508141046743 0.0241553563127463 0.22870942540365 0.107115392873476
0.0956724437178477 -0.054004415504349 0.058361020685636 -0.0156440908471835
0.0302736392551968 -0.0872171463228531 -0.0212996994191568 0.0738685040234495
-0.0584576441021604 -0.0864658077827416 0.049615253131932 0.161192785622872
-0.110995390113715 -0.0395830869522699 0.181912249374401 0.0931333248833832
-0.112377344217458 0.0350737158642953 0.213040318744489 -0.0310800107739459
-0.0888425964077019 0.0767651839327818 0.186898957642067 -0.112848150438688
-0.100705397786455 0.0814848367922264 0.149984505533383 -0.131063578277911
-0.116645776840458 0.0584203558285935 0.145110715118925 -0.120677397612574
-0.148874815800273 -0.013044133171429 0.150895898953843 -0.0673550590322303
-0.108318402360877 -0.102699253044121 0.15196619916939 0.0133971324315521
-0.00746274711546662 -0.134602930872534 0.0780257614712315 0.0857199703362103
0.0881206002669388 -0.0961330384358503 0.0406067185152201 0.0929076203867532
0.126646185805657 -0.0398811678236759 0.0376841847048095 0.0596226269971817
0.153343017765672 0.0177845471519552 0.121695473930056 0.087540387134322
0.216422818026452 0.0834332840479375 0.162400817102601 0.0822228975621255
0.197443653121356 -0.0641022006282273 0.0127901717680744 -0.0248299028136084
0.0878751273529514 -0.163795246596252 -0.062144814827609 0.0491283599248899
-0.0903395966607066 -0.17001753652196 -0.00163230930091405 0.153201986239552
-0.186702420431186 -0.0793975652555518 0.122601914228588 0.103542334090089
-0.193501859245899 0.0426040489641243 0.153373993342783 0.00808522093034637
-0.148499349708944 0.113417748761594 0.136313357238573 -0.0632556742309351
-0.149090683879265 0.125518364773098 0.0996379932466027 -0.0888555280087102
-0.164173608025191 0.100174765314688 0.0833077229769383 -0.0995190933185238
-0.223964167979536 0.0223839358813311 0.083377790162434 -0.0848829634787459
-0.203086836660242 -0.11131485548698 0.11082523383984 -0.0522446561422234
-0.0839365781628857 -0.201758689095304 0.098632936970875 0.0117900270167508
0.102345228991841 -0.199760930112286 0.0844782129391553 0.0651688244241049
0.215034638049869 -0.0856260787869268 0.0452656920305433 0.0766160254017997
0.241507613655619 0.0453479787544375 0.0662127589839032 0.0738221065059894
0.248738448171484 0.133269185458254 0.0763027011275376 0.0396257518427703
0.260799760102696 -0.0413439556373781 -0.0331258646317431 -0.0381302159076713
0.146924035982191 -0.192300925936312 -0.0864718969742245 0.0049451052277115
-0.079886089340521 -0.227850756700347 -0.0497600561550634 0.0998806506412948
-0.218667007035585 -0.121491449569068 0.0377849770679793 0.0791550941621948
-0.243504351417923 0.0276064318972817 0.0610766330413752 0.0340981139010131
-0.189339247915704 0.124502380584008 0.0593623841340826 -0.00904040020042764
-0.175189804898402 0.151262606099962 0.0335678714322312 -0.033457675657598
-0.182670002061567 0.132920292399882 0.00976429548813107 -0.0552866351763663
-0.259399426271884 0.0649340488826804 -0.000528463698686513 -0.0740331921780916
-0.267580851601522 -0.0888784671042069 0.0359730787567569 -0.0932502843845511
-0.159138252657072 -0.225247016671691 0.0772411537077779 -0.0624454516362112
0.085973683305377 -0.275930232461514 0.09810224814935 0.0160138202916375
0.268118882467457 -0.128678031372528 0.040858480525082 0.0777623842121934
0.30122682623263 0.0628269771763842 -0.00944804770981228 0.0511019307738002
0.234346160752339 0.158490963167804 -0.0100315027593077 -0.00904296756078197
0.26712477252251 -0.0044608982717548 -0.0661313585367338 -0.0446074774035065
0.176791679866274 -0.169742565490305 -0.0783716398501032 -0.0336928578311681
-0.0441035557351391 -0.23403981948503 -0.0606647521299475 0.0205892963687714
-0.200290059392277 -0.142482974325013 -0.0386336565591723 0.0168597070105225
-0.246051583596808 0.00544178543143235 -0.0417203583545268 0.0338136590458574
-0.198178980870477 0.114873842486852 -0.0309323128418388 0.0366642745745553
-0.174094616281304 0.15358093884306 -0.0390212624131803 0.0253057486593867
-0.173553478576766 0.145385767931178 -0.063041859502009 0.0044083630711878
-0.251445467263621 0.094738175268024 -0.0819152376457258 -0.0356311948963319
-0.281121368332043 -0.0547660822339045 -0.0494915742085319 -0.0987481253406517
-0.19712290670197 -0.209352686644747 0.0273192988990882 -0.108085809653371
0.0616402859775127 -0.302273262953524 0.076289462190679 -0.027582226802894
0.280354650217765 -0.147791578144619 0.0158487033567793 0.0659698717086626
0.318507509246853 0.0731986044432374 -0.0959834881895283 0.0185437183906048
0.186245364555462 0.153105655617638 -0.0832756519406325 -0.052297064395535
0.22707053132273 0.0213800017559533 -0.082217669758935 -0.0376397510068315
0.16360462117311 -0.126487477579981 -0.0433812913948242 -0.0479134177863834
-0.0181775952206031 -0.191611285605578 -0.0311481603637461 -0.0499335014520384
-0.154233310927905 -0.123540795567603 -0.0830201643304202 -0.0585276989157802
-0.203123247784128 -0.00522855212708842 -0.128789797015614 0.0140248129112344
-0.172131596846498 0.0915964407072397 -0.11539050254171 0.069036353258215
-0.145644789645943 0.132252555282801 -0.10522065563113 0.0789618650762407
-0.142629131171194 0.131905763202812 -0.124983574866216 0.0665569823030763
-0.208952691577228 0.0974563189140367 -0.146529627649717 0.0138501452123479
-0.245763164611625 -0.0280938440547364 -0.119835274834929 -0.0800431213974707
-0.186402945962137 -0.171755386313189 -0.0242779595758566 -0.121984153079452
0.0459841950089448 -0.274617486349629 0.0358640903999123 -0.051438675821774
0.257356868645911 -0.132375366447483 -0.0238211348755692 0.0480106893838306
0.285045081887706 0.080703126846071 -0.176718512832722 -0.0215012167511207
0.120764626934599 0.120817843548241 -0.137565625454897 -0.0797404791735582
0.16224082174793 0.0214702800541709 -0.0842746740672058 -0.0194867879778162
0.113261862961714 -0.0914541342827776 -0.00351274668341983 -0.0438155200508931
-0.019896480965523 -0.125239834986813 0.00899887906731583 -0.0964299220579627
-0.104092142963447 -0.0720757670905192 -0.103141304177784 -0.114045574102889
-0.132472048403437 0.000481774004567429 -0.185595904430969 -0.00513432198424275
-0.114863424595183 0.0628903402328072 -0.1765527311185 0.0896033060346613
-0.0953989419832781 0.090763603743227 -0.154322691910155 0.12013252077245
-0.0958150855428199 0.0924698058517195 -0.170063744153996 0.116410639716547
-0.14412780584773 0.0763406555857114 -0.190188011234472 0.0556123445104454
-0.177634605110506 -0.0113103432533456 -0.168426204275381 -0.0571064821807142
-0.141828789511485 -0.123386118802511 -0.0635333762818713 -0.119444409758931
0.0372338259901145 -0.209005361537478 -0.00395398692099506 -0.063406003706815
0.203226408077722 -0.0897917798296266 -0.0611107171685334 0.0242187122305663
0.207581218334083 0.0800553020020966 -0.236514945941759 -0.0649889439215285
-0.0772834319163536 -0.0657651584213016 0.252176780884982 0.0957870261176507
-0.100183229394791 0.0400892683658003 0.0956060277986628 -0.0278976655441908
-0.017635655771702 0.0978516990396165 0.012710517284817 0.0653158032698222
0.0698419579323827 0.0478724053778283 0.070982430909093 0.118322308732288
0.0711836424539212 -0.00812751667026688 0.196500318483536 0.0590600591957479
0.0567157794923387 -0.0329313894336003 0.233282552542084 -0.0790917092441878
0.0380010957110657 -0.0414424269235401 0.19801914516116 -0.150452693464301
0.0300796398293334 -0.031815060396321 0.172476743176373 -0.151995551433558
0.0355232316552251 -0.0202872370387886 0.187429268062884 -0.111668952726364
0.0510950796586906 -0.0169965977802318 0.188467927846638 -0.0140091371445974
0.0586206118283044 0.0151104343615631 0.132082984028522 0.102897858712304
0.0349959458286307 0.0587719403440677 0.00427171867639483 0.133210793276813
-0.0494199372299662 0.0625051770608814 -0.0168134283045965 0.0627727410063316
-0.0882084715157338 -0.012680357750973 0.0487839348326503 0.0190246227982357
-0.0434018554721773 -0.069435422922551 0.167759529552643 0.0866465005618522
0.0338975942823223 -0.0299270653275339 0.26033033984485 0.10714569106298
-0.0119003087614945 -0.0139145528039201 0.0889347309012122 -0.0178218603601126
-0.00492041083889076 0.00908306135811375 0.00961427053424422 0.0738593973551688
0.00252789029988506 -0.00936979296593633 0.0759724034991865 0.137689901549145
-0.0175022934639084 -0.0161833319039425 0.202134004509614 0.0670039140396344
-0.0233353180210956 0.00655161935800741 0.235505235528789 -0.0669290064659383
-0.0227748974218771 0.0212916454543117 0.20337444040744 -0.146075868715661
-0.0365668051546116 0.0269927344267036 0.171750638122796 -0.152787084951319
-0.0450070730860979 0.0172820475684468 0.179103565980275 -0.12321591298943
-0.0509643397144172 -0.0248660513852213 0.18565386481123 -0.0385644856947543
-0.0157902958757461 -0.0551652103749303 0.152579338699763 0.0720691712515668
0.0341305941314315 -0.0391260815544606 0.0348694704285696 0.127773228445594
0.0318056108432103 -0.00208978292370514 -0.00277716751709294 0.0862860771155808
0.0184418623216408 -0.0142249284382646 0.0354663575076823 0.0341348784623456
0.0536054729135509 -0.0230450310157318 0.154590235256431 0.0894901496435849
0.138760388578909 0.0213426303184334 0.227654224002308 0.101934818108161
0.0929086861003524 -0.0548905025654224 0.0575294869501037 -0.0164967373630205
0.0283539907596566 -0.0866193218086929 -0.0200723984304287 0.0733168265183015
-0.0594107544264334 -0.0836830139111771 0.0516268813566155 0.158803352090958
-0.109984052509377 -0.0371018444422831 0.180650430948358 0.0890999331287745
-0.110029318253803 0.0366289760453726 0.211100514395456 -0.0343308133210193
-0.086139545448134 0.0771111317628696 0.182345742309548 -0.115055315761415
-0.0981550956693434 0.0820464176002304 0.145471858104428 -0.131928855054745
-0.113635004614383 0.059442801022821 0.140524729215557 -0.121631734763591
-0.147505027801537 -0.0100329368140664 0.14729975376965 -0.0691918382691975
-0.108740006083563 -0.0992797405929146 0.149647789594424 0.0100081256139975
-0.0093849575277379 -0.132078423638842 0.0787456774331778 0.0835961103151961
0.0849318603839785 -0.096640924328594 0.0415884474191186 0.091245897716482
0.124257581819885 -0.0413818489022681 0.0377150826873857 0.0586192818423999
0.152097523785762 0.0150166630136407 0.120645158702185 0.0848879553799046
0.216107696929918 0.0785276504511182 0.161414596835385 0.0786102073454707
0.193128362319892 -0.0667219182282562 0.0122589881551843 -0.0246990411012302
0.0839404079106321 -0.163559867726725 -0.061165788512883 0.0489011699104637
-0.0917056629360807 -0.165696797802437 0.00113116722350365 0.150988937891407
-0.18578213494582 -0.0748944056370691 0.121998973383897 0.100209804954529
-0.19014582713137 0.04471064592541 0.15150499720895 0.00553916267396291
-0.144120608330658 0.114359642286247 0.133465885065107 -0.0646510853769379
-0.144606860736831 0.126405859370885 0.0968750100786578 -0.089508000852864
-0.159999478159536 0.101205843373782 0.0801729503432856 -0.0991700556974132
-0.220626435886149 0.0265843428409374 0.0803007540737419 -0.0849987064751231
-0.202493390122516 -0.106074556536947 0.108398825851186 -0.0538114033705065
-0.0859389302820145 -0.197127265262786 0.0977435460870245 0.0102522028060093
0.0973457461963211 -0.198997844907624 0.084856886047126 0.0632043193954155
0.2106081380041 -0.0878537786702844 0.0455677374836994 0.0754005470991285
0.239456334814834 0.0406754008519416 0.0660355382048376 0.0720821143231785
0.248061478058038 0.126973367677857 0.0756946806165307 0.0388628591880477
0.256260602498047 -0.0451633180454783 -0.0327328267548058 -0.0375015859601971
0.142328619352733 -0.192860915123458 -0.0861753908587269 0.00595542850120088
-0.0826914720787034 -0.22358817926789 -0.0476825508472765 0.0994263261278802
-0.21838871969121 -0.115771135921655 0.0383513257317271 0.077406997820224
-0.239033115143886 0.031456886041921 0.0607312861023364 0.0330230541063592
-0.184282618327789 0.12629070044256 0.0584181810542689 -0.0102115109627448
-0.169765006467779 0.1517655141785 0.0323128531425928 -0.0334845245190232
-0.178168711997553 0.133360981886419 0.00854112195716333 -0.0547896771876985
-0.254839073572299 0.0689261041520447 -0.00173618388946293 -0.0728136756313737
-0.266584541262815 -0.0828157107404766 0.0330879585892398 -0.0931603333375779
-0.160449157404172 -0.219432419235054 0.0748673194862146 -0.0628831284190718
0.0809199950922918 -0.274156030574394 0.0974866051889837 0.014994573416943
0.262191237599673 -0.130955913848182 0.0417390551767699 0.0765056194887282
0.299072571136006 0.0570634855133272 -0.00903333829893535 0.0506763003413027
0.234229794059437 0.152654650363961 -0.00978052839539595 -0.00857233194840998
0.26355164182438 -0.00935960551223831 -0.066057807265485 -0.0435352331681185
0.171847290362602 -0.17024008874374 -0.0784165880565057 -0.0327574024677232
-0.0473641008207579 -0.229922026982324 -0.0595963389181022 0.0212440331305687
-0.200530228510651 -0.136108424246834 -0.0386344717093856 0.0172824367674874
-0.24205973906744 0.0097242346610967 -0.0405788713824021 0.0347805159618504
-0.193595592666809 0.116599129099988 -0.0295235976163523 0.0365827606344712
-0.16865794700288 0.154098549056381 -0.0380820569418676 0.0257058139562891
-0.168945800206574 0.146197866654975 -0.0624017328348803 0.00539651429547023
-0.246114137797547 0.0981248045691984 -0.0816317067530505 -0.0335680495852176
-0.278157675603752 -0.049205600614588 -0.0509449692448755 -0.096980475424043
-0.197657961850394 -0.202953465414959 0.0250617221277244 -0.106906309433233
0.0557303017352275 -0.299370826581331 0.0749072255714729 -0.0278240282348298
0.27439931446487 -0.15016320647026 0.0170774613913149 0.0654118035235851
0.315229064801573 0.0673672536293833 -0.0944586339955689 0.0200880053147647
0.186632435150531 0.147872616898273 -0.082684624203932 -0.0499696618077679
0.224603107649886 0.0167535414591381 -0.0816230790670355 -0.036063471954824
0.15883574055455 -0.127546584526311 -0.0439442987029218 -0.0470167506581802
-0.020799402953453 -0.188849423839342 -0.0312312289791465 -0.0491871515237409
-0.154505571633863 -0.119436239902949 -0.0836455088202006 -0.0565446409151854
-0.200344939968303 -0.00214103291753918 -0.12611915924498 0.0165614900930634
-0.167510510193512 0.0933289914590216 -0.111989866534656 0.0698898602041606
-0.140736920050894 0.132835003525312 -0.102124419302228 0.0798023264032148
-0.13799388629334 0.132038480833122 -0.122132142346499 0.0680052028227261
-0.204038799253576 0.10025821406399 -0.143733380767506 0.0162248027912018
-0.242297337851197 -0.0234456649434151 -0.120144525477038 -0.0776306539519737
-0.187085174136447 -0.166275386114237 -0.0266495161957358 -0.119872161182373
0.0405923009420453 -0.271144219713915 0.0352812788614376 -0.0509332952927778
0.251330552338654 -0.135134057541317 -0.0220241951018967 0.0486425845232911
0.283810035097601 0.0751228060303374 -0.175022062074679 -0.0183334593468364
0.121414988748723 0.117750466393836 -0.136624727188913 -0.0766075497716121
0.160586357452375 0.0184634345303252 -0.0829888671059752 -0.0173462798376892
0.110223537432246 -0.0924664363233467 -0.00436613393571476 -0.0431847570355837
-0.0216074579608092 -0.123685600527019 0.00711875199637121 -0.0952292821312516
-0.103918197177124 -0.0696858760839563 -0.104272677345944 -0.110942603284799
-0.130308180778355 0.00274965458318677 -0.182948199925405 -0.00175127258575313
-0.112161604649917 0.0642832781621948 -0.172595735481209 0.0914119433742656
-0.0922612991368602 0.0910493109739373 -0.149803044172132 0.120982388413697
-0.092826863475556 0.0928770924676034 -0.165676646338258 0.118057761269428
-0.140957336116258 0.0779900432690476 -0.186930418155156 0.0578641041192181
-0.175300614155869 -0.00773876484771523 -0.167775497077491 -0.0540516343734466
-0.142019773734556 -0.118540222621398 -0.0646337182871741 -0.116890049161827
0.0330206660158923 -0.206454638970767 -0.00503232327700085 -0.0620573261578464
0.198734798273605 -0.0919067860413977 -0.0594844265684918 0.025534011957525
0.206148068441703 0.0754389733647939 -0.234472309320321 -0.0602198268616977
-0.0773032151899038 -0.0642289265689416 0.250597094016627 0.0901796307851915
-0.0983885786221406 0.0404844059217592 0.0933096581462896 -0.028931809067908
-0.0163668494482232 0.0970735091524743 0.013865432740428 0.0640120381403907
0.0696087809920742 0.0463594887034354 0.0716667617025934 0.115681510675011
0.0699275274045424 -0.00945882158502506 0.194736044662185 0.0553123905916649
0.0548033311797764 -0.0334762002539672 0.227538175277937 -0.0821527811150321
0.036758820104965 -0.0412509760948911 0.192684001240561 -0.150860418978584
0.02931587083908 -0.0314971781300369 0.167343130105656 -0.152601627118059
0.0345246823063422 -0.0201170574158518 0.181897318388587 -0.113267513925652
0.0500369973456697 -0.0177263690613712 0.185495795529498 -0.0172284980014486
0.0577283780302043 0.0139320339376312 0.132198501877876 0.0988138648916248
0.0356190603251076 0.0570449213893432 0.00663542756024473 0.130941383390151
-0.0472376671971657 0.0622585031479983 -0.0155452201183618 0.0615270771689958
-0.0873452367168213 -0.0108994061588503 0.0475195956932076 0.0175071490040735
-0.0443425280519805 -0.067878142453564 0.166703286903375 0.083070436058843
0.0334217064934586 -0.0304458822959058 0.258204215436414 0.101450401762737
-0.0116353132306351 -0.0136891266258437 0.0869336715284134 -0.0185141996741336
-0.00480171726058966 0.00929192670805728 0.0102386870188693 0.072350016474866
0.00216881293049736 -0.00889350795195226 0.0765229500699346 0.135124779162717
-0.0174308481701483 -0.0155614793142087 0.200629647971295 0.063941010551581
-0.0231346266702017 0.00690921028200146 0.230704658160891 -0.0697928691019538
-0.021760361668713 0.0212383657403201 0.197440645000565 -0.14685261649407
-0.0354850801166242 0.0267848546826063 0.166622871885658 -0.153549208388919
-0.0441635328483044 0.0174613212897778 0.174430971572938 -0.12435017483653
-0.0507328393283063 -0.0234637517348918 0.181328151769644 -0.0406740504809331
-0.0161538532784223 -0.0539008314398058 0.152266511706295 0.068073872495711
0.0330856180525009 -0.0391068659304919 0.0367874235114375 0.125013582158382
0.0315889804828954 -0.00203884611922495 -0.00115928684032268 0.0846663138026333
0.0177784840792419 -0.0138086109911419 0.0347257956539613 0.0334466554493286
0.0522296286867299 -0.0235081569044029 0.153225078355319 0.0859453564005878
0.137234801829613 0.0179741895364499 0.22599485365156 0.0973274148149705
0.0906997367116184 -0.0556080585130372 0.0560284737336229 -0.0171745570099528
0.0263690753297869 -0.085610653359729 -0.0192952031931693 0.0723820199574953
-0.0593952079903924 -0.0813189400803904 0.0530118641693349 0.155407993133841
-0.109172991964805 -0.0344753579188873 0.179412398802282 0.0847493335876756
-0.107638961087019 0.0377801325587986 0.206524162406827 -0.0370702682432951
-0.0834519242386914 0.0770963367937152 0.177070862254867 -0.11614748077476
-0.0951435000195993 0.082628073167243 0.140854536015677 -0.132049247993461
-0.110932218927192 0.0603452111855658 0.136162206814397 -0.122626662413548
-0.144981860624285 -0.00712917327193694 0.143767615000779 -0.0705632462109537
-0.108735172642689 -0.0956514941432244 0.147804074174079 0.00700518018363341
-0.011393811921816 -0.130218801560781 0.078323738495656 0.0808139299438898
0.082373714498673 -0.0961383908379755 0.0424600587409119 0.0891435928180352
0.121321384492207 -0.04284672380971 0.0376199938579059 0.0576446832530106
0.150175687393682 0.0123911772618616 0.120160217622657 0.0817473712235119
0.214218765411919 0.0737780241984694 0.160800063584139 0.0750912928054722
0.189140190369146 -0.0689902339474588 0.0115537681610748 -0.0249590846619494
0.0801398711863066 -0.162766252374481 -0.0602352188074685 0.0486057486375033
-0.0933288756158819 -0.161594572511365 0.00298928903726887 0.148527255808549
-0.184256162211686 -0.0704547221701796 0.121454323685067 0.0963936069712047
-0.186032989254957 0.0474882698188467 0.149654195932604 0.00265263726176007
-0.140176182240092 0.113971498814292 0.130229982295988 -0.0664044034402872
-0.139913655248569 0.126881733965121 0.0936274603013225 -0.0898106607748059
-0.155415729469268 0.102020842888723 0.0766764565694148 -0.0994321730296169
-0.21648915075403 0.0298966545149764 0.0771626663413508 -0.0850329419889833
-0.20090120752352 -0.101171638787533 0.105985996955323 -0.0556088766133656
-0.0877667234161084 -0.192446988281542 0.0960471745404377 0.00854025087722645
0.0924897315499882 -0.197209435390594 0.0848851363524361 0.0609377717201512
0.205610102236023 -0.090055479644905 0.0461462647098801 0.0744743841509574
0.236740652126128 0.0365480725371877 0.0661666387331652 0.0697972005892927
0.246898987852328 0.121011266372441 0.0752299524622411 0.0369162478392685
0.251887658159844 -0.0488576991473374 -0.0332327790955868 -0.036225852817374
0.1373142379204 -0.191972758018849 -0.0856204260470446 0.00702384763229071
-0.0854047321700104 -0.218508746002591 -0.0456204547743358 0.0987468815652884
-0.21657209827875 -0.110313771133299 0.0382563636247835 0.0756764478017393
-0.235454251486842 0.0349517737973138 0.0604254786550493 0.0310656008902981
-0.179177354682691 0.12754699096788 0.0573435309489241 -0.0111482996550381
-0.164330053359242 0.152473320456282 0.0312011979658433 -0.0339691041422659
-0.173032126213208 0.13364716117457 0.00718461065407548 -0.0541784715340084
-0.249613613567402 0.0725916298192866 -0.00335097169020625 -0.0716416535373255
-0.263234700557265 -0.0774454819395595 0.0306377521490408 -0.092603883385099
-0.161679720989868 -0.213020749102883 0.0731421182902688 -0.0628200322036474
0.0744353095412474 -0.271198944135188 0.0968147628813686 0.0133297919565997
0.256329311111567 -0.133961841901536 0.0423315448394746 0.0752938440668601
0.295633441751437 0.05166833235362 -0.0080949677053073 0.0500572059463574
0.233312367207264 0.146092246007755 -0.010105656348459 -0.00786819433739662
0.259205337609311 -0.0130270188946361 -0.065854470581171 -0.041423720294845
0.166538757841993 -0.171079360695674 -0.0784653440104968 -0.0313511557924463
-0.0506317447327817 -0.225581368092624 -0.0588559836010869 0.0217304842992769
-0.199223513720775 -0.13150369871322 -0.038428484593502 0.0172931407548562
-0.237807395142994 0.0138004057511934 -0.0392489959735468 0.0352028679753454
-0.1885094279453 0.117675978982588 -0.0288810487530404 0.0368786717645646
-0.163441793565486 0.154456022927864 -0.0372337101557088 0.0257946577571881
-0.163785837198241 0.145948246735564 -0.0616436589849692 0.00626757199434692
-0.240557280508595 0.100451023597957 -0.0806421738698988 -0.0318933796944432
-0.275042038886186 -0.0432418847242662 -0.0524820133794709 -0.0946528483758715
-0.197394518571396 -0.196820237246379 0.022534219758975 -0.1058739352194
0.0503748254587789 -0.295351508029851 0.0740415888669344 -0.028248434966717
0.267698049569241 -0.152890829748274 0.0184945084026121 0.0650338376014659
0.31248905653906 0.0612293064115908 -0.093213941134716 0.0217620449133041
0.186027284449526 0.14248395978182 -0.0824807650432791 -0.0474833708528516
0.221262363821439 0.0127843701879519 -0.0809845627267219 -0.0338140963710664
0.15484599358303 -0.128328528885337 -0.0446868611737797 -0.0454897430471018
-0.0239292914206224 -0.185164847485093 -0.0320738104576454 -0.0483635076154575
-0.15371854607996 -0.114682332553656 -0.0841212811348137 -0.054336474148634
-0.196306343685708 0.00172607370834153 -0.124593623464376 0.018894403277454
-0.163237698275012 0.0950307679182543 -0.109160893068762 0.0705631476207452
-0.136193160765484 0.132623571710284 -0.0992947779340502 0.0799471641797905
-0.13394354308793 0.131758270483845 -0.118984283095099 0.0691847123612656
-0.198855648277457 0.102069518212015 -0.141747746041689 0.0179847983261384
-0.239415909747919 -0.0188991594792153 -0.120168720787094 -0.0749947001771063
-0.186352651730791 -0.159713687837167 -0.0279186158068243 -0.117670042229344
0.0357626299236191 -0.267519762234784 0.0339664008104158 -0.0504738274902808
0.245696926636002 -0.136590352115619 -0.0207354817140118 0.0484921944914058
0.280546935204592 0.0697564582578116 -0.172421792996534 -0.0151492740206162
0.121396565093965 0.113278456395828 -0.136556521262813 -0.0729075027691049
0.158521967314727 0.0157042152714616 -0.0820348656692192 -0.0157950467906652
0.107028167692286 -0.0932288719556258 -0.00551601863110206 -0.0422324404223071
-0.0230302530477733 -0.121339815937503 0.0052809247998884 -0.0944347197755507
-0.103494063036869 -0.0664591302441751 -0.105162805254881 -0.107979367516748
-0.127885121887177 0.00502779384162401 -0.18070029868861 0.0024297882734196
-0.109192723339345 0.0650092011842881 -0.168541799230256 0.0930854875448277
-0.0893025472387237 0.0910999707447387 -0.145625877556243 0.121685258326471
-0.0896772914301 0.0923274758753649 -0.161062954813403 0.119017994288413
-0.137070189878746 0.0787157117192252 -0.183033867689469 0.0602322625263379
-0.172506070005023 -0.00422633529107322 -0.165754138881525 -0.0506890507718204
-0.141732200829869 -0.115330893026342 -0.0658854090810601 -0.113673108168752
0.0289123041463682 -0.203149708818799 -0.00551978262481812 -0.0605270062482234
0.194791215481475 -0.093680240953992 -0.0577222770307494 0.0261824621828411
0.205078710232123 0.0715607210472367 -0.232243651913074 -0.0552602807040873
-0.076653257352711 -0.0621891470129606 0.247894214451191 0.0847130390526964
-0.0961588369812528 0.0410561981975859 0.0912567977109113 -0.0297450697708614
-0.0144970769666413 0.0954677458577278 0.0145458085564038 0.0628074955549361
0.0687301729208347 0.0442155916380906 0.0717056087434329 0.113251315988566
0.0685103455523433 -0.0102779283687722 0.192536134242743 0.0516372119986312
0.0531779754752391 -0.0337790857860213 0.222895098288402 -0.0836815422338348
0.0354361284142377 -0.0412555553083414 0.186963043096222 -0.150829587625236
0.0281408978794124 -0.0314267747168723 0.161334287294184 -0.152118667811598
0.0338588206024823 -0.0199507404712465 0.17706418516441 -0.114250688102764
0.0485608150665014 -0.018287892807478 0.181772334855738 -0.0196456667119824
0.0568249668625435 0.0124828088308058 0.130937189205467 0.0950988756055072
0.0358746210846045 0.0553891498536968 0.00863527055997048 0.128877461798831
-0.0454770413116059 0.0621289546896082 -0.0140762448348057 0.0603458866241853
-0.0858373201133762 -0.00913013080828169 0.0466495845470583 0.017133160335268
-0.0444095328731795 -0.0662004650637609 0.165046625389435 0.0789456798625911
0.0325500033366755 -0.0304147329718725 0.255851956689825 0.0954344664355019
-0.0118152076554512 -0.0132695337814966 0.0852250064991356 -0.0194655018448997
-0.00443938981094093 0.00910335841278856 0.0108393008852887 0.0712316620713956
0.00211518912374214 -0.00843510137937188 0.0766051335248588 0.131892316653575
-0.0172866634959491 -0.0150342830504493 0.198010565819686 0.0602749562702647
-0.0225523415582328 0.00716264397860612 0.225531988987923 -0.0719695926085183
-0.0212745768891465 0.0209378714584544 0.191697832047133 -0.147875231278186
-0.0348395112047698 0.0270911495972995 0.161131392939551 -0.153195611911088
-0.0425717992686719 0.0178915112413102 0.168855709687294 -0.125158981122115
-0.050705045689734 -0.0220422040835711 0.177874500412565 -0.0430371046832278
-0.0168826423236138 -0.0527599111299815 0.149810943064717 0.064066984147754
0.0314440710893155 -0.0389934474928962 0.0380535277341354 0.123109402021307
0.0307457759909664 -0.00259083770742319 7.48883558145528E-05 0.083043741965657
0.0171030337698073 -0.0138768215854797 0.0345012643777069 0.0322371463406048
0.0514260521143194 -0.0240309689831373 0.151917001621712 0.0818677541274331
0.135660381254901 0.015967083248131 0.223834934781277 0.0927688813729452
0.088474031521334 -0.0557430502631302 0.0549736524463319 -0.0172810364912206
0.0247133523942116 -0.0846454103207903 -0.0183582633060529 0.0708780994998466
-0.0602296548788031 -0.0787690687873449 0.054298289268673 0.152489921937723
-0.107948647082012 -0.032155423768631 0.177151906110851 0.0809941934789992
-0.104953404315018 0.0385090793573476 0.202661727950824 -0.0399354388296462
-0.0805755711665793 0.0767875651657194 0.172262064275004 -0.116763226233448
-0.0915728023834292 0.0824629035196389 0.136519110631771 -0.132116151146038
-0.108476104549206 0.060635661694963 0.13154522397705 -0.122477581670477
-0.142374875157013 -0.00496192097563706 0.1397674099334 -0.0718299328758884
-0.108149398420224 -0.0926937244183249 0.145528231132962 0.00479971734118387
-0.0127358584892965 -0.127384237456662 0.078709768470948 0.0789628314334092
0.0792875333661611 -0.095576690282181 0.0432169891742716 0.0871741796681152
0.118871583538808 -0.0434729214556139 0.0376572413110594 0.0565377121894274
0.148236936374476 0.0102250879901333 0.119136628117235 0.0781475188268323
0.212060483668784 0.0689331476633888 0.158576509995628 0.071868362364117
0.184563037664531 -0.0706541938084976 0.0104495231391876 -0.0244246859421574
0.0762675290387626 -0.161131663573207 -0.0592605057047129 0.0486860556447576
-0.0945505773747937 -0.157503206934106 0.00485756287483303 0.146874712764103
-0.181894521385345 -0.0661216563206419 0.120601825035178 0.0933269240135898
-0.181742559118095 0.0501128905641551 0.146883926053615 0.000705848907973441
-0.13556988191136 0.114355314279437 0.126758758489042 -0.0674724194317333
-0.135715206997942 0.126222192786804 0.0907848191273576 -0.0895923021875181
-0.151077365945479 0.102207350495533 0.0736047223733503 -0.0989546135556967
-0.212013131483231 0.0330373527821817 0.0748490508847463 -0.0849760350441677
-0.199142908696311 -0.0959477073607848 0.102568554949212 -0.056245454319935
-0.0894100031739944 -0.187482153302584 0.0946295716668613 0.00712800160149147
0.0883247719832224 -0.195367989820929 0.0842596900825641 0.0592566167238222
0.201010090985507 -0.0920548188670275 0.0460450010521756 0.0733356060025079
0.233420864251346 0.0325523786602907 0.0659575976120413 0.0678730116916069
0.244936885442825 0.115017002749648 0.0751188650757 0.0357881015474746
0.246580319252526 -0.0520345647778082 -0.0331853577565394 -0.0352531718688747
0.131746145174015 -0.191035501270178 -0.0850981598275705 0.00770706210662012
-0.0870500293646869 -0.213281407077512 -0.0438427033531967 0.097750853658595
-0.214739276627471 -0.10489205410236 0.0382075700103698 0.0738862452620602
-0.230372301880016 0.038583477359052 0.060198769056558 0.0300440589298587
-0.174080479426991 0.127533985561237 0.05657015685736 -0.0119725421981831
-0.15925126668157 0.152031265031489 0.0301312012183862 -0.0339101100343903
-0.168008208407401 0.134202558709302 0.00618869294768177 -0.0535223460698397
-0.244345869729065 0.0751592943782249 -0.00455700094371867 -0.070451111625573
-0.260049338613318 -0.0714447264587744 0.0283530857711457 -0.0919107319658292
-0.162139460649067 -0.206375352746328 0.0711398181558416 -0.0625790536621881
0.0690324865533845 -0.267957908292332 0.095564791538749 0.0121162373152367
0.250166148499855 -0.134960300023116 0.0431623525153777 0.0739469528115594
0.291864162064475 0.046614675793573 -0.00716632100736048 0.0499356582502444
0.232239696549894 0.13921279294708 -0.0102017057562474 -0.00724788697068058
0.254805303000044 -0.0171931605577842 -0.0651516478494667 -0.0397856975792401
0.161545161571046 -0.170501223979228 -0.078535493854782 -0.0299215317865543
-0.0528791021441777 -0.220797300026533 -0.0576211676178054 0.0221858529900004
-0.19826088815694 -0.125369360309138 -0.0378039548952342 0.0175582543176947
-0.233498385851973 0.017646743312355 -0.0380721468489956 0.0352240032937908
-0.183389018200531 0.118516654301238 -0.0278378627360819 0.0366924037923884
-0.157266112598482 0.154309593807268 -0.0360482616762455 0.0260963163340231
-0.158536351195471 0.146264446710496 -0.0605289221733752 0.00729573816079001
-0.234504077176385 0.10239745073533 -0.0802431229170706 -0.0301236278390823
-0.270973875142928 -0.0388140712584558 -0.053308507817176 -0.0933087160231515
-0.197458644739758 -0.189874061508203 0.0210647879251575 -0.104310772650751
0.044019883184272 -0.291348319660112 0.072961009052896 -0.0282082081557895
0.260486267705756 -0.154610969831221 0.0191712305232591 0.0643269025083962
0.308369079381135 0.0557185826659849 -0.0908035354399695 0.0230010349202307
0.185384424284559 0.136750360681158 -0.0821635577695349 -0.0451468715979779
0.218015605815568 0.00923683018707341 -0.0798056410409152 -0.0325435648406351
0.149759115984825 -0.128277045196383 -0.0450167742494845 -0.0438817696165126
-0.0257805679614596 -0.181955123773475 -0.0320418603463001 -0.0471162785179695
-0.152947359452214 -0.110081394361971 -0.083898007999528 -0.0525179089981249
-0.192702728456222 0.00456250035296209 -0.122322836238065 0.0205784856051264
-0.158918088571327 0.0955561509386652 -0.106536310562695 0.0712013856760866
-0.131759376060365 0.132494707339748 -0.096500718896219 0.0801293386123429
-0.129446000840423 0.131059256752373 -0.116164614195903 0.0694855532221446
-0.193530297046452 0.103193819506409 -0.138995160789128 0.0200297391179275
-0.235408204460268 -0.0145270816886827 -0.119749339506259 -0.0723443607590823
-0.185142256068072 -0.15425329693571 -0.0294022770558483 -0.115069201551794
0.0308643326913362 -0.263033559701389 0.0329963191226519 -0.0499847821767521
0.239096589985905 -0.13814977642465 -0.0188874190117765 0.0480669443247854
0.277413082001354 0.0655023460657495 -0.169735269406103 -0.0120033748381408
0.120916163886916 0.109380029496231 -0.135416074469163 -0.0692768491475656
0.156070570572524 0.0128274069949969 -0.0807580406654845 -0.0143075839436768
0.103775127038101 -0.093848064963885 -0.00626501823491867 -0.0411824639381345
-0.0241265728157019 -0.118953497820196 0.00400255866739217 -0.0934540016159468
-0.102858755205845 -0.0640648591366333 -0.105024324639831 -0.104929062479393
-0.125165426433461 0.00713157503476571 -0.177446591992552 0.00564226622561228
-0.10611966149366 0.0653704654125879 -0.163670558779886 0.0940344785893952
-0.0860271442673662 0.0908924489699072 -0.141299118105735 0.121286525085249
-0.0872192499612558 0.0916213289629768 -0.156251395914153 0.119240653095352
-0.13349812330592 0.0797295346359474 -0.178645719643847 0.0620070062989342
-0.169750325473381 -0.00201228116255587 -0.164589527754097 -0.0478401031415266
-0.140658008531522 -0.1109560185427 -0.0660551333192813 -0.111067582076552
0.025832494702602 -0.200656631882716 -0.00600626464897762 -0.0591433091963514
0.18961600711343 -0.0950291160792549 -0.0562432790684367 0.0266047653685602
0.202834271740836 0.0670801079712845 -0.228548568274438 -0.0506961668684817
-0.0758786076079635 -0.0604942189523058 0.244829528035324 0.079749986704046
-0.093863443878536 0.0415327426663978 0.0888895636059453 -0.0304662199331033
-0.013374443591663 0.094106571094733 0.0148988967910078 0.06178468702101
0.0683225180702842 0.0423921414494256 0.0715436659212287 0.11103755741543
0.0671981008058251 -0.0109242691396124 0.189614991520497 0.0480835110740873
0.0516447737260914 -0.0339270835912625 0.217343250469431 -0.0855721430651872
0.034349523743786 -0.0408893198350509 0.181402463286564 -0.150849577205384
0.0271597986385044 -0.0312199974244551 0.155737961333521 -0.151673518266998
0.0330291579625985 -0.0204154507756375 0.172274173173106 -0.114468091301737
0.0471732063751912 -0.0182321434246902 0.177590440240897 -0.0222386619978744
0.0560681235533537 0.0115417285393721 0.130565718063852 0.0916607424140919
0.0360762153606168 0.053972343199583 0.0105535224491052 0.126700793630159
-0.0436716758162477 0.0618133275052623 -0.013453691340349 0.0591675181557281
-0.0841334007755467 -0.00774362650664966 0.0459955250612874 0.0158783426671722
-0.0442127237605898 -0.0647987172795271 0.162872001787581 0.0754696601258257
0.0315450615350487 -0.0302636751054341 0.252102925695544 0.0908059551714758
-0.0123995418168005 -0.0131050015802164 0.0825579132115613 -0.0206253250239608
-0.00451746479796315 0.00895884311447901 0.0114952635979271 0.0695532892557467
0.0018649997159849 -0.00851970631909202 0.0771578655233738 0.12892844270038
-0.017568664126124 -0.0144984058160471 0.194994576663551 0.0566729959851192
-0.0217099910684705 0.00725366641827541 0.220430510417875 -0.0734225682772223
-0.0199572239931914 0.0211806757126122 0.186344009757302 -0.14754126273785
-0.0334855021686315 0.0267510109801299 0.155524478906151 -0.15264535883682
-0.041389560400071 0.0182435615609452 0.164368848048405 -0.124915177982665
-0.0499678088629683 -0.0208249727527901 0.173493776839289 -0.044513677733665
-0.0173277654437721 -0.05148168876035 0.148398794042176 0.0608102212390378
0.0311839779988605 -0.0388697832337946 0.039305436635478 0.120940959812873
0.0301298199675145 -0.0023272358837054 0.000950384541444659 0.0810957553224229
0.0168247136763026 -0.0138092259873136 0.0339075536799072 0.0310445760928248
0.0499872397566655 -0.0238430498180856 0.15032801364362 0.0788086319433599
0.133286516240941 0.0136397843980301 0.22092722224783 0.0878821450393952
0.085917981961939 -0.0560229723113186 0.0526775986566566 -0.017951670778125
0.0229121512316321 -0.083106941956292 -0.0179030829122169 0.0700500149145888
-0.0596290398550827 -0.0761031212523093 0.054737863808391 0.149006920596021
-0.106229477425865 -0.0302667279481342 0.175078347042139 0.0767857346222719
-0.102778399734899 0.0392842767592862 0.198572083735458 -0.0420928050528241
-0.0782732159443044 0.0765243848841614 0.167564192812659 -0.117759695658213
-0.0890754248551763 0.0821401518622763 0.132130331156222 -0.131315654069807
-0.105072130772913 0.0609210390075396 0.126762353949072 -0.121951188583408
-0.140499766341819 -0.002701987165583 0.136030013645112 -0.0717346041540737
-0.107542658080812 -0.0887250096640737 0.142643485337438 0.00201212622741818
-0.0142236799001484 -0.125060656650899 0.078292401602753 0.0765957430520309
0.0768667163778123 -0.0947236496084782 0.0436853698681037 0.0849548612969688
0.11620003773165 -0.0446436278287302 0.0377788853649518 0.0554013549734126
0.145970614645724 0.00830418352000952 0.11793179542705 0.0754834681786947
0.209064506682255 0.0644478589333763 0.157195193846801 0.0683246323785002
0.180634049586379 -0.0720715637501455 0.0104566850144315 -0.0248395108087316
0.0729940295878455 -0.159153773336685 -0.0583268988368872 0.0487723657018815
-0.0944376629621393 -0.153141110365207 0.00656603393763611 0.143569021660277
-0.179677777884775 -0.0622386924086207 0.119440263932817 0.090012579905359
-0.177385179495734 0.0514734962037432 0.143829732530406 -0.00114401234833041
-0.131321599307255 0.113711027226276 0.123125628070092 -0.0681147593723283
-0.131076364792621 0.125842630710629 0.087514272113067 -0.0892536468557632
-0.146988446678586 0.102450866736022 0.0707756552345502 -0.0983151963844851
-0.207573530145894 0.0349564383145519 0.0717380054249452 -0.0842696667131247
-0.196837460129918 -0.0904291476302495 0.10000357434592 -0.0570166217035107
-0.0902042793344865 -0.183077789944989 0.0936256228029468 0.00595816252484847
0.0835543031931801 -0.192703564259519 0.0837282929076245 0.0572028309620234
0.195946245894615 -0.0930508478411763 0.0465407148393724 0.0712231311743753
0.230864195498511 0.0290050744819104 0.0652479808977208 0.0657416530102686
0.242146285793761 0.108723977621329 0.0741835716359753 0.0346839071140561
0.241190379495537 -0.0532075997152262 -0.0331667905275646 -0.034237721468301
0.127164742192844 -0.1899504657517 -0.0845411518332691 0.00882474849744071
-0.088124592337172 -0.208338279646804 -0.0415422999065785 0.0955422308433503
-0.211936848347087 -0.0998346788435144 0.037935264820359 0.0719494938813222
-0.225000561971761 0.041467321160023 0.0592620411623686 0.0290542663613318
-0.168281588926162 0.127264306744773 0.0551921019453748 -0.012426502573629
-0.153379239668363 0.151163549876312 0.02915019186313 -0.0335310441445707
-0.162501065340505 0.133804056863647 0.00467266263970749 -0.0528428670606425
-0.238590320079592 0.0773780805582125 -0.00556171431863078 -0.0694391858608952
-0.256616804826993 -0.0659423660852905 0.026509294252383 -0.0913773022984882
-0.162388262674154 -0.201048061467501 0.0683171106303489 -0.0620877494654329
0.0644361357432754 -0.264279294023007 0.0948126155335882 0.011132933803967
0.243803463095193 -0.136498263591242 0.0431505074232473 0.0726805267476345
0.288102507428849 0.0421501125562867 -0.00698984671621806 0.048876099443315
0.229751836182325 0.133251758573252 -0.0101988960682709 -0.00626926509788145
0.250114948129497 -0.0201507089364057 -0.0641056068284775 -0.03821430565269
0.156551626553736 -0.170103929830047 -0.0781199063992875 -0.0281404715292231
-0.0543894723574183 -0.216414439199671 -0.0565419350861181 0.0220896744987112
-0.195728197584724 -0.120565080115861 -0.0376914744076428 0.017750745460437
-0.228725091607286 0.0208314170831544 -0.036985462125444 0.0352525101713005
-0.178347364687837 0.118979113413718 -0.0263850744961006 0.0362634688401159
-0.152685671561105 0.15418798182463 -0.034952954194916 0.0256608515522662
-0.153966210588031 0.144910959737849 -0.0597847234236321 0.00795757552222646
-0.228524656398433 0.104170454170273 -0.0790408858390939 -0.0285057307615881
-0.266628544707097 -0.0335944248453609 -0.0537562270983653 -0.0909611674331756
-0.196058858650192 -0.183308930369134 0.0193258650024396 -0.10219504694603
0.0390741813853144 -0.286330196830474 0.0714846404097868 -0.0282507709630935
0.253676700657914 -0.155510968442676 0.0203879918266491 0.0636044253033897
0.303838833258109 0.0506631262652641 -0.0887079304561717 0.0241260135129398
0.184104599315735 0.131608548003717 -0.0810331931526938 -0.0432339141732102
0.214266473784652 0.00633092346246149 -0.0787955663755785 -0.0307992001041918
0.14618468923429 -0.128700959134822 -0.0450380457215939 -0.042683217390997
-0.0278425809977923 -0.178190906356876 -0.0322437836031432 -0.045937460232934
-0.151854406284581 -0.105967092479281 -0.0832761822541107 -0.0505007538586706
-0.189167526957126 0.00767508662566328 -0.119762681117161 0.022385037404907
-0.154547710722821 0.0958592458646291 -0.102956194631144 0.0715607683161583
-0.127228037975433 0.131330677719731 -0.0936729805773652 0.0801620164225548
-0.125501219316536 0.130502242695466 -0.113101713431113 0.0698167083224525
-0.188289117059589 0.103987227192637 -0.135838295903798 0.0215985673717849
-0.231429840279343 -0.0111337874607928 -0.118517642570804 -0.0696482956743657
-0.183674430460036 -0.149365798837108 -0.0300460307727364 -0.112474130754104
0.0271559157082994 -0.259419447569483 0.0321690494097045 -0.048921223549794
0.232861014138471 -0.138238794842224 -0.0175375122027863 0.048431296118496
0.273124346885231 0.0596088590615964 -0.166683987208657 -0.0092682308486919
0.12041047979001 0.105731047697954 -0.134045069419656 -0.0667466182203831
0.153519257504674 0.0107870133712311 -0.0795712986942032 -0.0131902639655376
0.100710920386527 -0.0936897605572728 -0.00678399308928616 -0.0402014231454741
-0.0256443715602968 -0.116532430314546 0.00290408772665934 -0.0915748696605524
-0.101397101279138 -0.0610783697596876 -0.105526700887151 -0.100939597214059
-0.122853408141495 0.00924974810785179 -0.174147691634207 0.00834323752964598
-0.102973035587342 0.0656244424624427 -0.158977095403654 0.0954280634593663
-0.0830382503975042 0.0901045348710738 -0.136820094853585 0.121355784884372
-0.0842427944165646 0.0912709151260888 -0.151638936478394 0.119516289879431
-0.129468298207694 0.0802268015817108 -0.174733280603131 0.0624725205205388
-0.166407005118078 0.000320280868353183 -0.162069203108814 -0.0450103592171314
-0.139356606623592 -0.106107903303965 -0.0665273437383391 -0.10855211158648
0.022738329743576 -0.197420029260717 -0.00647374261045005 -0.058075573869321
0.185004883291653 -0.0956074168780243 -0.0546899779153348 0.0271757629214097
0.200469292894643 0.0631973168965106 -0.224792732216315 -0.0466201542771336
-0.0816937673981626 -0.0519019092000733 0.255738644543719 0.0555915083122902
-0.0873508123685 0.0485647701218691 0.0861866735064382 -0.0412634947566846
-0.00324165341345384 0.0936197574567671 0.0228320546945963 0.0546304583541973
0.069914469861003 0.0357321563915591 0.0819344229628316 0.0976969088130734
0.064328866751347 -0.016066575581955 0.189456252567616 0.0248614834632725
0.0473959589547224 -0.0383420405194409 0.201902401223877 -0.108136496084604
0.0298086591582733 -0.0442641181342533 0.162109302316267 -0.170330297207705
0.0228978573414127 -0.0331104055542969 0.135168400813381 -0.164203080472249
0.0293389817375335 -0.0235544299296098 0.15603611975666 -0.130737993536405
0.0421750378647788 -0.0230873181587649 0.17108229389935 -0.0429672541880446
0.054669134576406 0.00347445020705329 0.137374947356056 0.0747179765118765
0.041131150072779 0.0476476693656702 0.0259713599486516 0.123565132985461
-0.0347546777983516 0.0645460538240082 -0.00641669224408667 0.0625789433113304
-0.0816482954193631 0.000702369028211016 0.042367380612281 0.0128239351429717
-0.0488454759039011 -0.0582967813184639 0.167169148958752 0.055397457214356
0.0298312125338394 -0.0350418320091511 0.255061636602554 0.0648071246680627
-0.0128522868199419 -0.0121928332537277 0.0786531069935715 -0.0285594715190338
-0.00303737246246995 0.00953930653089468 0.01928847598814 0.0661136577740945
0.00111730443064217 -0.0077915539308482 0.0909454104641094 0.117301825501571
-0.0179838332092417 -0.0116534110479148 0.198222438870703 0.0348921107841225
-0.0204249756498834 0.00804614297546085 0.20930314542758 -0.0950433460023968
-0.0175315716539874 0.0209632935586089 0.169373442274489 -0.165105561174264
-0.0296207778051334 0.0298265497431613 0.134601119841725 -0.165118542549014
-0.0391548012632862 0.0219401512333039 0.146143844860419 -0.138291887657708
-0.051096211814384 -0.0148300736462551 0.162596652866474 -0.0622522428799065
-0.0232711542047536 -0.0488962412402877 0.149747963274185 0.0445584165816954
0.0270114855815592 -0.0414850264452707 0.0512931149818322 0.113007070225346
0.0299991253250627 -0.00627295324297727 0.00990713697720961 0.0787807660791267
0.0147124486980567 -0.0154290217820918 0.0367167797078047 0.026063265669417
0.0461088154764643 -0.0306954881751461 0.157796215833236 0.061219895524078
0.137665313969009 -0.00337820470670612 0.213475679192891 0.0638275366017603
0.0785408179679397 -0.0629477113699327 0.0472266309255506 -0.0215295769324414
0.014265984589537 -0.0835892293539194 -0.0120688136823195 0.0744459195095534
-0.0645122828542531 -0.0680455835006675 0.0728189327678446 0.143517639948641
-0.106222597446531 -0.0174719455104943 0.183828475032897 0.0592314201178238
-0.0960338426462277 0.0474815114747445 0.194316708877532 -0.0599169228760164
-0.0677254110885071 0.0801932883936706 0.15523354136077 -0.13108101230108
-0.0781075916581109 0.0888255018055515 0.113492212062429 -0.141060465152576
-0.0958322036117011 0.0699407969545748 0.110147201048916 -0.130280941333982
-0.136067753271268 0.0125090472434494 0.122470391397904 -0.0832991026984012
-0.114384198541485 -0.0750446992634689 0.136631237728489 -0.0100898339991315
-0.026306867344449 -0.11968018324156 0.0818685736150218 0.0657617648852766
0.0638339525148916 -0.101058101046893 0.0506635143747763 0.0747517815877295
0.106397201163212 -0.0555814342863463 0.0462967302877342 0.045043669867696
0.141396252533114 -0.0111212618148853 0.128461173031914 0.0629001582539967
0.218845524550318 0.0388619503015765 0.141589117461915 0.0477977558168436
0.169763982214899 -0.0877661488137596 0.000788371226848186 -0.0230626246608514
0.0547237627175938 -0.162888491099843 -0.0572040445454648 0.060802326914013
-0.105335271609926 -0.139894497200921 0.0240871184335615 0.146835239860347
-0.181060062447387 -0.0421468579517482 0.131633647980044 0.0813947547195772
-0.167463267805445 0.067013725746068 0.147180498227925 -0.0122382113441389
-0.115988539095265 0.121987787348269 0.118104964838661 -0.0756288633094352
-0.114169048995186 0.135797972762654 0.0754319112633697 -0.0950671286858593
-0.132452070437998 0.11497984633907 0.0578836881564953 -0.099794722610951
-0.197025170635011 0.0561017398381034 0.0576610694563711 -0.0862871332466281
-0.201554940989406 -0.0659961784823371 0.0872206227494888 -0.0615153118807355
-0.105281431371047 -0.167915003851897 0.086661745415346 -0.00401342234782349
0.0580998753605086 -0.197202562324692 0.0848899457954201 0.0412193731444601
0.177793159936243 -0.109743491636059 0.0591066933889439 0.056174711938461
0.224332153693638 -0.000542784681945552 0.0779993263649078 0.0597127468762371
0.256891955905946 0.0800911216067314 0.0529467207663656 0.0201100491536585
0.230747152174258 -0.0763261186477581 -0.0441566607777468 -0.0282237236185326
0.104661171437915 -0.19781854788075 -0.0896823242567516 0.0251963650181494
-0.104353101957358 -0.194256404224 -0.0306236481817301 0.108388443950891
-0.216241795995223 -0.0762820034360464 0.0502618426740607 0.0746699693990754
-0.214854216426429 0.0616833956202466 0.06742824437224 0.0282071131691033
-0.150520149419601 0.138923635295675 0.0560212256877501 -0.0122492421410157
-0.133469259748694 0.163403132826924 0.0247558879583085 -0.0346435034579668
-0.144470060443799 0.147946464992295 -0.0014573614525079 -0.04783917664163
-0.220813384597157 0.100415230851234 -0.0159564481760783 -0.0611137635385515
-0.255257710436766 -0.0352619298038672 0.0127821208583836 -0.0857481848344949
-0.176641690578114 -0.176815900068468 0.0536878880038452 -0.0668999350323019
0.0305600363047823 -0.263723946183887 0.0883041215863187 -0.00588606876718865
0.217974643807864 -0.15639555494699 0.0572742262586754 0.0551159044250784
0.28017293036356 0.00595023912554901 0.00715773352980124 0.0512434917209564
0.246310555057147 0.106201631964973 -0.0331534125299865 -0.0133589312833833
0.242711650368164 -0.0430263510537624 -0.0751398605411886 -0.0303325807309187
0.134787128893406 -0.181609538460816 -0.0885897014040251 -0.0129417484253235
-0.0731188213328096 -0.204870730390419 -0.0558058367823449 0.036701711101929
-0.202097568139092 -0.0981896027806746 -0.031046883567545 0.030333226512463
-0.220664957152631 0.0425252326709155 -0.0267728377609605 0.0455810706744593
-0.161152969360788 0.13183238137468 -0.0197219210805973 0.0453676801225469
-0.131682258765319 0.164792892475764 -0.0312765428166541 0.0305627522647775
-0.133322013190274 0.157223078069506 -0.0575068009704025 0.0183031503812106
-0.208274547430257 0.124898599868335 -0.0824981744629135 -0.0129733850618196
-0.261281070558277 -0.00255899486098703 -0.0649640285799428 -0.0770109527341031
-0.208289038857922 -0.156999282930185 0.000334043292004294 -0.100457844555956
0.00426988920600892 -0.281562237720947 0.060556409070418 -0.042425358426551
0.22707838719504 -0.174901905057896 0.0330386548860427 0.0471586065248328
0.297055006596066 0.0137650635766565 -0.0761044389666389 0.0359995238043852
0.199729299336023 0.110305034696111 -0.102708491653362 -0.0423850902087571
0.209962073696356 -0.0142977643385422 -0.0873246263772878 -0.0218972844977571
0.129680171320349 -0.140728918478258 -0.0575133383416268 -0.0321962741770629
-0.0429896430611748 -0.170936023202444 -0.0396889337149023 -0.035058033601082
-0.157838447994462 -0.0889207927804693 -0.0854863552812349 -0.0323472779973909
-0.183583900874197 0.0264831589068609 -0.110802218420627 0.0410685870803817
-0.140659578879053 0.108057370681078 -0.0928746048824085 0.0877753621863263
-0.10991933174636 0.141524823532002 -0.0819727532080917 0.0891672055251508
-0.108188597561845 0.140183855030624 -0.103100472984495 0.0835532066342211
-0.169393405126356 0.119722337165201 -0.131523897151162 0.0410968610076334
-0.223787771331137 0.0153385808601996 -0.125332551551757 -0.0499061630172015
-0.192520016082164 -0.124161138127796 -0.0481315721190622 -0.104830554842628
-0.00513126342177895 -0.253497037462953 0.0203524390556844 -0.0582214179502739
0.208613591834681 -0.157055278679228 -0.00547461764293927 0.0375728671594188
0.26843327379598 0.026671641170485 -0.156691081140932 0.0116570147482993
0.132453551691745 0.0918898702584525 -0.1503425850466 -0.0579609616666791
0.151138957673051 -0.00438833061483358 -0.0837043536021666 -0.00466008817199018
0.0886992348930035 -0.102063701898564 -0.0167996478998395 -0.0348475134030846
-0.035599123732019 -0.111179016757729 -0.0102393307645927 -0.0863464595820437
-0.104304428185195 -0.0500828246933198 -0.113328283425423 -0.0827931973956504
-0.11874825233912 0.0209950204890747 -0.166643190826064 0.0303465537002642
-0.0941251738243002 0.0744901995363412 -0.146130682810763 0.115070918487747
-0.0710259997727541 0.0965289058728191 -0.119419275193742 0.133710376227348
-0.07171950099024 0.0982501099661652 -0.135118481428921 0.13441408427759
-0.115190967253784 0.0909091621114479 -0.163965773500836 0.0841006090090521
-0.159829589810765 0.0199936483305727 -0.164354832559763 -0.0231398680724452
-0.145036595260697 -0.0872503428770491 -0.0821001001194341 -0.0977837170763181
-0.00181584187898791 -0.192959051555783 -0.0171831313666325 -0.0612181995610103
0.167126266002891 -0.110200823574987 -0.0439836119684842 0.0237736276329868
0.197842154340819 0.039724280104863 -0.220529072487182 -0.019539877615708
-0.0802219556151983 -0.0512069699153992 0.251731037477198 0.0526495434132281
-0.0855875795903324 0.0483205983358286 0.0843732500065591 -0.0410154121562803
-0.00244381600819223 0.0916729194767707 0.0229492274261601 0.0530124101507293
0.0690419443393769 0.034534053108194 0.0811080554565694 0.0950730152066915
0.0632017469089617 -0.0163408247523911 0.186282977099792 0.0231253738788875
0.045689661781162 -0.0382911119978173 0.197202440641141 -0.107267256466436
0.0286048077349343 -0.0437805983334629 0.157626614734794 -0.168854513219958
0.0225438423788943 -0.0331642218586319 0.130664529446166 -0.162664122988045
0.0283537059563631 -0.0233437421774364 0.151040023540689 -0.12952854633448
0.0411120394549289 -0.0231231042378288 0.167303848366092 -0.0432308682077006
0.0535249987747858 0.00292676520216234 0.135629644785611 0.0719141654286425
0.0408601976699198 0.0459346387249581 0.0268312660822736 0.120308969110951
-0.0332428255975185 0.0637747916075356 -0.00560833843446054 0.0605061907877033
-0.0796953781675354 0.00208551099959104 0.0413078937250166 0.0120470695644309
-0.0488514287576392 -0.0564395901800313 0.164112209409219 0.0520853667821481
0.0293874490624897 -0.0352607447397818 0.249817263779642 0.0616762196169568
-0.0130367969675171 -0.0116480790965388 0.0768331871891661 -0.028616142185448
-0.00310491132102246 0.00934502734136442 0.0187697791571065 0.0648813712378324
0.0013368250901058 -0.00759263033637747 0.0899605532400875 0.114394384342997
-0.0177913958268811 -0.0109814660431574 0.194660204288435 0.0318211263391338
-0.0200362851851004 0.00799325979784403 0.204507341882228 -0.0951418778414063
-0.0164180812020619 0.0206176615202031 0.164126741283761 -0.163569035517025
-0.0287192694195601 0.0293105143406066 0.130453700902185 -0.162671406360769
-0.0379675525996911 0.0217083696692171 0.14173438550242 -0.136735620527289
-0.0507609629514182 -0.0140067270145706 0.158811855291524 -0.0627168765269064
-0.0230588169967043 -0.0477313711080404 0.146905212939592 0.0416166800446115
0.0258254698874685 -0.0407483465818793 0.0515020495854604 0.110274118539748
0.0292530392018708 -0.00633710178450758 0.0105897807502561 0.0768227092325672
0.0141943214043587 -0.0147723730699662 0.0357993314750947 0.0250331098051774
0.0453345439794423 -0.0306433054696028 0.154586676269078 0.0584455619511369
0.134992241490341 -0.0045515112018033 0.210105550993842 0.0605085383413755
0.076234331687184 -0.0625425830790081 0.045654633991117 -0.0216517113987213
0.013161551514276 -0.0818571503514582 -0.0116653599540744 0.0732645212999053
-0.0644309939709453 -0.0659628298153885 0.072614090907498 0.140408556795865
-0.104049446596782 -0.0165563335292355 0.180373646410236 0.0563216158568498
-0.0933550710452727 0.0471087262624003 0.190094414047683 -0.0604526740569876
-0.0655499220742227 0.0786356723025032 0.150892299645689 -0.130756822963013
-0.0756318929368249 0.0875439651610526 0.109987822505029 -0.139242424976328
-0.0933172765303063 0.0695956843994865 0.106475827023224 -0.128523308879021
-0.133164169698126 0.0138103770825546 0.118920131992483 -0.0825878162644438
-0.112792039277363 -0.0721758591090259 0.133431660983382 -0.0116137432187103
-0.0266279125411937 -0.117087631068187 0.0811545774049005 0.0640374408312192
0.0614562807054104 -0.0998561240322513 0.0504786623070375 0.0729928027023211
0.103805883290732 -0.055179528623982 0.0453696483456091 0.0443605891244055
0.139032923438781 -0.0118910904470986 0.125869092558906 0.060100932751138
0.215733744495529 0.0364579781202553 0.139670112175166 0.0461776195892494
0.165072170746462 -0.0872961997297326 0.00110556877624089 -0.0224116161951256
0.0523288424897673 -0.160364556316029 -0.0565739715804976 0.0602818741084269
-0.104720753197264 -0.135695100655014 0.0246149207348476 0.144275874197676
-0.177466587417442 -0.0392393561238126 0.129611251347631 0.0786930172079876
-0.16348807032245 0.0667135366069973 0.144264773857762 -0.0133542639876142
-0.111990957041964 0.120362190891831 0.114890735772094 -0.0756128866855521
-0.110419679397712 0.134321557239757 0.0730763347638051 -0.0936046725182868
-0.12847001563006 0.113578148807805 0.0551004502131211 -0.0983251937643288
-0.192002158336685 0.0572289966119492 0.0553319861060385 -0.0848685003422892
-0.197566753206108 -0.0624522256388116 0.0850720878977329 -0.0613925469750187
-0.104862505459663 -0.163359809780274 0.084827323621671 -0.00456485080222155
0.0558278843265241 -0.193175378680205 0.083892685365899 0.039871406819126
0.172676404963087 -0.10966372722082 0.0583851563363335 0.0547476337156234
0.220411378820407 -0.0021029819917011 0.0768242091531933 0.0576143162020816
0.252405593426724 0.0760068979383114 0.0518767616323915 0.0190362874503735
0.225742044554277 -0.0768624307530359 -0.0435878598262798 -0.0273264550357625
0.100668134561461 -0.195170374129161 -0.088290056289587 0.0253032058833484
-0.104479488741433 -0.188778271355666 -0.0293129326524709 0.10640523485472
-0.212475962978027 -0.0725289485842684 0.0492591395245668 0.0728361495645369
-0.209746089376424 0.0621917599607742 0.0668363356446339 0.027100111603599
-0.146221727903365 0.137359427151478 0.0548240749513362 -0.0127183672512824
-0.128988553046376 0.160733258597211 0.023592415259298 -0.0339985979502364
-0.140023218355064 0.145661040646535 -0.00243451642669724 -0.0464352556599329
-0.215479341450765 0.100369200146581 -0.0163522689150988 -0.0598171513908202
-0.250713224370205 -0.0319459405451635 0.0116744790308864 -0.08458141742366
-0.174363393384687 -0.171086203936775 0.0519719213634963 -0.0657523260837604
0.0273346514223432 -0.258136954646451 0.0870282193555989 -0.0067375465807666
0.212427380870529 -0.155495781980704 0.0566463182720228 0.0540893693478424
0.275743334448351 0.00343349737257129 0.00708799120762289 0.0503461810056015
0.243342102810679 0.101614764916767 -0.0324882158387855 -0.0128127955866699
0.237024640343471 -0.0446423402732532 -0.0739779039700503 -0.0287947999857819
0.131163883968664 -0.179632256860936 -0.0880192391285305 -0.0119327163178108
-0.0733606197658362 -0.200294436881071 -0.0546206509680209 0.0364816924865338
-0.199259960468012 -0.0939434304350311 -0.0309254227726251 0.0300934471642034
-0.215365093656411 0.0436632688709055 -0.0257534479318436 0.0449792642796691
-0.156553317098174 0.130409963387845 -0.0189415981854128 0.0442992200202312
-0.128039195126923 0.162814762139465 -0.0303394419147838 0.030230824991773
-0.129724179479962 0.15484566322225 -0.0562509817907001 0.0185173043764907
-0.202780591684501 0.123973463539108 -0.0809060892671598 -0.0119643372050404
-0.25624103573409 0.000336553733085375 -0.0649346625736656 -0.0752235432613312
-0.205166300737355 -0.15134768646075 -0.000888572963312842 -0.0979096869149824
0.00118141293629837 -0.275693399939111 0.059370655595734 -0.0417981347384038
0.220456093994618 -0.173878273261228 0.0331939840356618 0.0464845660140618
0.291350662840329 0.0115779500422984 -0.0743503420561272 0.0360178363715216
0.197210658020719 0.105861798620944 -0.100877563167887 -0.040870345889441
0.206002500767708 -0.0161092361214245 -0.0858877407301692 -0.0204536953802536
0.125466542497539 -0.139873646422548 -0.0571929645583724 -0.0306122909987108
-0.0434483946787351 -0.166711021033465 -0.0394932075677403 -0.034353038696415
-0.155138369430913 -0.0853208119884834 -0.084620632555505 -0.030416103388566
-0.179286764432951 0.0274198032591957 -0.107924064717533 0.0415457938212005
-0.136579551383893 0.107157015698612 -0.0901604157369213 0.0872063853177899
-0.106149810260381 0.139096353231633 -0.0796685308573397 0.0882916271790375
-0.104477489757032 0.138674183576251 -0.100510604398131 0.082908589777943
-0.165123175456231 0.118831339114978 -0.128745846487903 0.0414185088706978
-0.219539961371662 0.0174010063450675 -0.123220477466239 -0.0481852167155964
-0.189361346191977 -0.119544737520299 -0.0480279387505716 -0.102618409844336
-0.00739973001101985 -0.248234371062982 0.0198279219640669 -0.0559959718059513
0.203076361553754 -0.155026212371359 -0.00439791658478393 0.0368655868041121
0.263855982189051 0.0249289157155582 -0.153910020214719 0.0130601270798806
0.130835619290316 0.0884873610741738 -0.148240681646786 -0.0558076890662496
0.14835907098809 -0.00587763521823001 -0.0818688273763918 -0.00334655315923728
0.086089593175672 -0.101066166651164 -0.016599230346337 -0.0337787859810674
-0.0356838741223075 -0.108806473291337 -0.011143509508814 -0.085156055020955
-0.102945028274159 -0.0483763171692413 -0.112092759050728 -0.0799755003274022
-0.116011067441435 0.022177863252302 -0.163277885466205 0.0321148438967417
-0.0910162198343823 0.0738618132916171 -0.142030734160993 0.113836784090678
-0.0691088778839323 0.0950527845871237 -0.116083046268824 0.132377581761968
-0.0696259352426314 0.096689191569789 -0.131195835564079 0.133221182541463
-0.111612671381383 0.0899646633534288 -0.160020499089023 0.0838975222655175
-0.156304195614271 0.0204884862198281 -0.161736424373294 -0.0214441047822195
-0.142336638433679 -0.0844171113552305 -0.0809055179737176 -0.0949981691141288
-0.00362040240474428 -0.189174162491619 -0.0166472124480764 -0.0594500005235167
0.163220830132789 -0.109635769313666 -0.0426730341228365 0.0237473958959105
0.194454792878894 0.0377211550114638 -0.216773499670466 -0.0166302334236036
-0.0788912172009664 -0.0497638412876783 0.247025742374841 0.0495938483893872
-0.0837612095957991 0.0475754331996682 0.0820655192810412 -0.0401515975345012
-0.00170483953547271 0.0901794767619754 0.0227758199439905 0.0514460894083247
0.0679784294809607 0.033326374766846 0.0798600463321364 0.0937443402808075
0.0613320935112495 -0.016907583610097 0.182875292396013 0.021776744301132
0.0446379257212069 -0.0381009094405192 0.192547587264054 -0.1068321641165
0.0278030451190069 -0.042996686883852 0.152916993462528 -0.166084169173463
0.0218729875661982 -0.0324702081830244 0.126876499003363 -0.160106397423921
0.0276461271926117 -0.0228572727457654 0.147310667169734 -0.128045664953122
0.0398838020817435 -0.0233624278785515 0.163403543809755 -0.0436637747723457
0.0527512229693392 0.00222494938827913 0.133378488927752 0.0696044216074659
0.0405968852088582 0.0442507552541826 0.0277278018921955 0.118117133694946
-0.0318806311060197 0.0632863609883611 -0.00565953471480914 0.058925223222691
-0.0781539600925171 0.00248792954050599 0.0408172493184775 0.0112940142955247
-0.0481998892345099 -0.0552010386615366 0.161533916073287 0.0503425931625289
0.0292988200152145 -0.0356142904405565 0.245694302790326 0.0586182211811285
-0.0130612512700584 -0.0116257356687541 0.0744292772075276 -0.0287972016476385
-0.00306886978623141 0.00916783813296782 0.0184498984217921 0.0636639899137426
0.00119441148110823 -0.00728219796747118 0.0893858941063268 0.112064822504407
-0.0179558344222863 -0.0106887327393592 0.191172372037496 0.0307829205943492
-0.0195943485234033 0.00798755404677585 0.199608146220407 -0.0950427432649135
-0.0160070962031805 0.0200748076873569 0.159780472527891 -0.16173805524614
-0.0279896554570239 0.0288298410606945 0.126186805391992 -0.160688716926628
-0.0365442829291883 0.0212925492889947 0.137509564228073 -0.135123139079891
-0.0493170244563005 -0.0134882442151009 0.155174037645769 -0.0621901370152199
-0.0230613744585932 -0.0467453239770141 0.144338053517791 0.0402087148698613
0.0252017211570073 -0.0400929480128639 0.0517457184865679 0.107971013055533
0.0288164499992577 -0.00646705606284797 0.0107793279945321 0.0753007489254241
0.0137968325215124 -0.0144592986906642 0.0348649480321764 0.0248519783741635
0.0444037532409511 -0.0303620743882734 0.152028157139043 0.0564284486669911
0.132796774399853 -0.00586633545310992 0.206866082836253 0.0581926598102883
0.0742302787892604 -0.0622341315100538 0.0442340627993576 -0.0214544408107185
0.0121266605417733 -0.0806563735996854 -0.0112036436098668 0.0715796831669547
-0.0631790946373162 -0.0640360844733094 0.0715808080759305 0.137447314860229
-0.102374392377376 -0.0148194190741765 0.177431075389732 0.0548324906469929
-0.0907987697046681 0.0473508096460867 0.186012028655888 -0.0608746185040811
-0.063367965821402 0.077848478123085 0.146670453792829 -0.128765295578357
-0.0733333130326639 0.0860606032838847 0.106108864227321 -0.137453794239465
-0.0905338131559402 0.0686566215379173 0.10274843041042 -0.127163271106919
-0.130552396990496 0.0143512045939822 0.115718089606577 -0.0818409464077156
-0.111434159628183 -0.069277774623344 0.130498089319202 -0.012862550501694
-0.0266892334449951 -0.114704630597822 0.07962882512976 0.0622277494130305
0.0594008724836795 -0.0985627220716945 0.0505540041373123 0.0714736482067005
0.101630148619421 -0.0551102484250741 0.0449263138033851 0.043302031627041
0.13648494723934 -0.012934572774461 0.1238700344876 0.0586564271373047
0.211855644322309 0.0333472849898926 0.136969141500843 0.0441598821304077
0.161707568577586 -0.0869072019230147 0.000621628440003619 -0.0223419132190628
0.0501770356759933 -0.157437686983729 -0.0557540172684684 0.0588777620751404
-0.103162726037943 -0.1319405954511 0.0249252963932837 0.1417933552997
-0.174249716447055 -0.0368130735759293 0.127327948369231 0.0765670490650633
-0.159708821153885 0.0670256703878088 0.141203390099527 -0.0138221207250046
-0.109158033846311 0.118238859095156 0.111574737789057 -0.0752492878568198
-0.107498190104469 0.132128319168259 0.070224564253164 -0.0924719919809523
-0.125242106779393 0.112294270474443 0.0531818353032432 -0.0968380934492357
-0.188108782475255 0.0577646001366923 0.0536404119487433 -0.0835597274806167
-0.194157785732492 -0.0599206531340646 0.082740043602196 -0.0612200532162881
-0.10307881915937 -0.159170072532807 0.0830435283472234 -0.00500571591733789
0.053066474874814 -0.190030887106037 0.0826835097541205 0.0389753999667166
0.168981016887274 -0.10874271626282 0.0576139855969189 0.0541681016616341
0.216273829969219 -0.00385594779291745 0.0760158000412278 0.0569968217727786
0.248638593622451 0.0719163503524145 0.0511385297290201 0.0191473231897625
0.220640877425273 -0.0765772024768911 -0.0423153751790672 -0.0269109457365086
0.0971112210014048 -0.192262667570935 -0.087104780628939 0.0253380186339571
-0.103628533375217 -0.18416323252313 -0.0280510271619445 0.104401280271699
-0.208641132907152 -0.0692638451475818 0.0478027850751451 0.0712588362943819
-0.204883237261559 0.0631270300827939 0.0659000490700952 0.0261698114839019
-0.142219238347116 0.13547544737484 0.0533926600613902 -0.0131101093898695
-0.125118628629102 0.158382670630789 0.0226457692361749 -0.0335086555906209
-0.136077627153991 0.143384604842443 -0.00263506395491337 -0.045673813332977
-0.210639082980147 0.0997947380892226 -0.0164668425540372 -0.0585913773750868
-0.246339971755887 -0.0287165841823881 0.0106709032820403 -0.0834137783681679
-0.172338356301362 -0.16649181542036 0.0505433911597172 -0.0646712214270751
0.0250977471173448 -0.253409139654216 0.0854682095811635 -0.00695444324561364
0.207474225200832 -0.15380815284062 0.0562764125165782 0.0530891976427085
0.270212692094917 0.00163296992352405 0.00777684475008808 0.0494627210018603
0.239040388305251 0.0980548903827514 -0.0320646290382085 -0.0121752775385261
0.232270474413721 -0.045331899590756 -0.0726474861696302 -0.0281197713218601
0.126738967548316 -0.177492459440106 -0.0865802602732124 -0.0108072620584436
-0.0728650410129762 -0.195156327153616 -0.0528829276605819 0.0357799648719079
-0.195865264782619 -0.0908412319566457 -0.0307380492290761 0.030299854164308
-0.210089557706379 0.0449503087100878 -0.0243978918697304 0.0448204014913627
-0.151895720215949 0.129082959852746 -0.0184257023574671 0.0437765959739541
-0.123454284777664 0.160275517520458 -0.0295406926867735 0.0301125617813339
-0.126285455863117 0.153243627565397 -0.055060452241052 0.0186394743073751
-0.197760869574394 0.122993946702857 -0.0797025114893718 -0.0110000206652879
-0.251259953503397 0.00250242525874393 -0.0644592150692385 -0.0734612567820773
-0.202110790036596 -0.14635907826827 -0.00134992568684018 -0.0961873892802433
-0.000574162889766481 -0.270461250198118 0.0586686807073464 -0.0410186164330143
0.214625862877224 -0.172064155319553 0.0339669785740772 0.0456927067030526
0.286517578639705 0.00881291764823267 -0.0722916606621773 0.0359038062379849
0.193897630695796 0.102399319445071 -0.0991567023459233 -0.0392058138147012
0.201824784806592 -0.0174424060741342 -0.0836881108676318 -0.0197157221310976
0.121977235393223 -0.137439231419028 -0.055903380869547 -0.029863944511816
-0.0442497761740874 -0.163291575085199 -0.0391640162646095 -0.0335767070191006
-0.152566995171269 -0.0823798871681347 -0.0840391395965711 -0.0294645709545111
-0.174993661786781 0.0284896588719833 -0.10527598554806 0.0419444643754613
-0.13246804949335 0.106204023032299 -0.087206909446454 0.0858639539760472
-0.102751477605902 0.136643248197235 -0.0773765843875688 0.086750017245057
-0.101555872057436 0.135728919843748 -0.0975009846166757 0.0823389020952207
-0.160574969450943 0.118148760239913 -0.125882641398394 0.041464044231907
-0.214798631622151 0.0190446909580151 -0.122319340637194 -0.046845038086239
-0.186112315023724 -0.115558008972098 -0.0475189284480069 -0.100489984052482
-0.00892978889336766 -0.24283920407146 0.0199678687060711 -0.0547030451961575
0.197545599393462 -0.153888463288046 -0.00359798450499111 0.0363347468447267
0.25863381963694 0.0222097848957294 -0.150357555954004 0.0139396892361514
0.129289745689055 0.0858675187594435 -0.146023483350265 -0.0539409984251155
0.14536007434766 -0.00688432131629824 -0.0802541582644116 -0.00284942352726307
0.0835586201942962 -0.0995819358390638 -0.0169924754586462 -0.033089201585821
-0.0357194833467098 -0.106241010142257 -0.0113990066595312 -0.0835506546858347
-0.101153097509391 -0.0467180603762035 -0.110998088292915 -0.0774351824686802
-0.113589152469262 0.0225735275808076 -0.159767765145864 0.0329309656953951
-0.0886747398359104 0.073178204022053 -0.138021324359523 0.113281976771751
-0.0666428154024332 0.0932231440906898 -0.112454556178548 0.130279207893611
-0.0675857336735173 0.0948257516134813 -0.127894065256872 0.131682052825795
-0.108587204037407 0.0891087796954327 -0.155757956128981 0.0830031849997773
-0.153164390583047 0.0214375705542314 -0.158975991517789 -0.0200582474415968
-0.140298609552315 -0.081194544127631 -0.0798957119031737 -0.0926819917783187
-0.00491519676975628 -0.185133774701265 -0.0166040360443308 -0.0576769407258363
0.159437856261944 -0.108196280207248 -0.0414042349653971 0.0238114953520825
0.191095713366223 0.0352698039615094 -0.212505924833781 -0.014735909581035
-0.0777021542262865 -0.0486824559976881 0.24251847649907 0.0471798366651396
-0.0822569836917652 0.0471797228455945 0.0799213404445118 -0.0403300579505092
-0.00153003377834576 0.0885429657210012 0.0220904496360122 0.050298075761157
0.066797155748602 0.0324088420034336 0.0784144006549791 0.0921095030154692
0.0603492337624361 -0.0169066417742841 0.179519380466879 0.0206028777106935
0.0432788116895706 -0.0377578988323692 0.188415865257004 -0.105506516858243
0.0271169403426543 -0.042632340487656 0.149500825068519 -0.163424587673617
0.0213241944913025 -0.0318414007156654 0.123329072501808 -0.157403424175794
0.0277355049723916 -0.0231160352535927 0.143255523153191 -0.126335210443041
0.0389113111383168 -0.0225242487121842 0.160249613337095 -0.043465691805064
0.0515938044626268 0.00212335168704028 0.131331426480953 0.0674782075191545
0.0399614267856678 0.0435076281386976 0.0277388661352076 0.115661244006737
-0.0311805158256409 0.0623233986816441 -0.0050711846171192 0.0578241705906094
-0.0767165908794538 0.00315304536629712 0.0399460964738442 0.0115809028197348
-0.0473191772239328 -0.0542517077259097 0.158283128715388 0.0487840787814062
0.0281303405496027 -0.0351455968486444 0.24117609456816 0.0564540572730112
-0.0127435131964859 -0.0114022973260947 0.0731146792054838 -0.028686319240568
-0.00325496679368135 0.00934733079287549 0.0184777705206368 0.0624589635892403
0.00112257470437744 -0.00692536739426802 0.0876703617595753 0.110337143180482
-0.0173888678127836 -0.0102582827398785 0.187665340123949 0.0292654022454561
-0.0187886104056983 0.00785163506677817 0.195267598705438 -0.094417150810258
-0.0155909440265119 0.019793001878659 0.155795671733401 -0.159041219332954
-0.0271165743439078 0.0285677732492112 0.122293941571383 -0.158102755463967
-0.0359529389894656 0.0212140138704893 0.133835131423372 -0.133435338034513
-0.049057647938549 -0.0125957942126139 0.151201047987255 -0.0624101733076601
-0.0232403164901886 -0.0457994563571934 0.141705030702661 0.038638709162987
0.0244452730255636 -0.0395260214391696 0.0510353639440049 0.105736063491004
0.0279615793043689 -0.00636445260857456 0.0112392643938152 0.0736180373887065
0.0133761412781245 -0.0141607816470021 0.0342923292987209 0.0242059945605871
0.0432887056896273 -0.0299328256900909 0.149233939136749 0.0545673623768013
0.130345590398965 -0.00705261687294262 0.203011782011202 0.0558981641280404
0.0727853267789483 -0.0611221544169712 0.0436304646262875 -0.0213591237945964
0.0118618090142497 -0.0788225262541047 -0.0112655175566493 0.0699737190850577
-0.0620498259323714 -0.0619997623115455 0.070754400980694 0.134828443819296
-0.100217935379907 -0.0140353047654829 0.173513846674376 0.0527333179307061
-0.088843292431734 0.046088109993869 0.182077885495221 -0.060377207426126
-0.0617521287575209 0.0763746880064016 0.142872277446542 -0.127190489994636
-0.0710204517651084 0.0848187025773256 0.10316916060673 -0.135065779725063
-0.0884109731217935 0.0674971451842992 0.0996599345290467 -0.125290716530096
-0.127446530328865 0.0151404569117225 0.112819313684217 -0.0806716069495857
-0.10928335493659 -0.0675503360395117 0.127964427171008 -0.0131112465086828
-0.0267157186243862 -0.112246724997634 0.0788738638050194 0.0611196235095888
0.0582558193356089 -0.0962518312038341 0.0495712423189933 0.0696613173279975
0.0989036089545202 -0.0538383003192525 0.0437402602835207 0.0426498866861982
0.13433059908198 -0.0138210929047028 0.121398524458071 0.056640738507969
0.207934045132505 0.0315264866615792 0.135441043147935 0.0432396789191114
0.157786257105974 -0.0859154591659199 0.000264580230377154 -0.0219405309943857
0.0482071331307022 -0.154354376080041 -0.0544934833179435 0.0582509676586697
-0.1020399465467 -0.128482651142023 0.0248986130543189 0.138893385806059
-0.170846643565518 -0.0351990183097625 0.125065705038625 0.0745530521225791
-0.155642836181421 0.0662401112016487 0.138592450431881 -0.0145159233628784
-0.106382913166459 0.116375916730959 0.108790000291954 -0.0745866278051419
-0.104087660263006 0.129868777414784 0.0685708724920324 -0.0909933655210668
-0.121554865891041 0.110454333026395 0.0510744509742111 -0.0953530851845779
-0.183663097680309 0.0578801766117127 0.0521893118738929 -0.0821463883342568
-0.190937260683322 -0.0574985629156163 0.0808139027247857 -0.0611245206801572
-0.102197283643658 -0.155406434907732 0.0818023659563844 -0.00480745378991574
0.0510741037399201 -0.186603286053142 0.0815493285226585 0.0382090536243675
0.165153865461258 -0.10761632848611 0.0567454263692877 0.053122626564358
0.21256523671806 -0.00484146331548355 0.0743406451732328 0.0551987640244443
0.244259797107101 0.0695083900037053 0.0507134606509485 0.0182810989576922
0.215734775701848 -0.0769433521160882 -0.0423127248734291 -0.0261393300941219
0.0941615366327399 -0.188910869698097 -0.0857626820345907 0.0252211554260045
-0.102723880902905 -0.180136135960579 -0.0272399475917304 0.102414389994681
-0.205068039024916 -0.0666009407391686 0.047018883103928 0.0696899952728854
-0.200346633410185 0.0629713291919911 0.0646826775605569 0.0253633143082523
-0.138904386628615 0.133455046466556 0.0524747368925956 -0.0130525102786677
-0.121359239019355 0.155992755093614 0.0222458011117065 -0.0331181633170771
-0.132380678552342 0.140937636863557 -0.00341258723864778 -0.0446101992320171
-0.205609428882976 0.0991296395245381 -0.0165208497417652 -0.0576934300439471
-0.241213357880192 -0.0266091896507542 0.00947075810272409 -0.0824491993797511
-0.169373485281088 -0.1621508978781 0.049438617861932 -0.0636672397733466
0.0236060998743413 -0.248580768756036 0.0845180739444483 -0.00634731161696911
0.202308210160441 -0.151893901580248 0.0557319157964406 0.0526588134061641
0.26615375750956 0.000119701234393199 0.00775119182821856 0.0490503228488942
0.234919036409689 0.0940032387355378 -0.0313285373278413 -0.0114600848730224
0.227673248525575 -0.0458133176103682 -0.0710591874934374 -0.0270479372602702
0.12355365720634 -0.174645728401197 -0.0856288530494318 -0.00991618444969497
-0.0721098751872051 -0.191288773436275 -0.0522104426861169 0.0353081244135153
-0.192647107892914 -0.087661272712312 -0.030571539889881 0.0293959714454478
-0.205561998993118 0.0450862469071787 -0.0239922885633238 0.0441112805652501
-0.148171580588102 0.126809217272788 -0.0173671272452634 0.0428241152998896
-0.120131392148348 0.157207365175533 -0.0288238585898822 0.0294468969138871
-0.12218465349545 0.150274514791221 -0.0542592894167822 0.0185166833252279
-0.193336802234142 0.121595967700115 -0.0781438183055027 -0.010732843973436
-0.246316155636078 0.00428714163490866 -0.0643514907185496 -0.0723020531676383
-0.198811568303965 -0.142440458147076 -0.00162302400205453 -0.0939329084608905
-0.0014656749759285 -0.265312962933945 0.0575488184498021 -0.0400992334417912
0.209822703272597 -0.169273890634934 0.0336239941878278 0.045194049071176
0.28139492100261 0.00741862495359241 -0.0710535388321005 0.0358200159314949
0.19086817079457 0.0991902883499852 -0.0976623711057554 -0.0373780696174081
0.197497736143682 -0.0180497011433889 -0.0820985778302695 -0.0186370604577838
0.118943681133395 -0.135946624559422 -0.0560739732366499 -0.0288121466189288
-0.0439734746367812 -0.159709497748575 -0.0389999675117311 -0.0328751772164193
-0.149712760572511 -0.0803405850449815 -0.0829251361934133 -0.0286100565090297
-0.171357878915105 0.0288433890388377 -0.10351860623015 0.0420553805041579
-0.129697599480344 0.104512137702024 -0.0847183472845488 0.0850997535259025
-0.0999560716881301 0.134472550545864 -0.0751106156198062 0.0854958039355218
-0.0987646183087006 0.133575003192288 -0.0953378615507617 0.0813478556979863
-0.156794315862107 0.116439911955494 -0.123177855144692 0.0412249802624539
-0.210459594327156 0.0196130751084922 -0.12025019692748 -0.0454093921789137
-0.182670088044423 -0.112862962423557 -0.0477372192307538 -0.098380555106545
-0.0100753812800402 -0.238456067892593 0.0187588887163482 -0.0538542578154211
0.193314823137956 -0.151911444513365 -0.00309018716434986 0.036469020074071
0.254077256730842 0.0205601123599523 -0.147587390656037 0.0146025765243624
0.126634250165698 0.0835597905713832 -0.143292450428335 -0.0519449857430197
0.142532103803209 -0.00780912731180965 -0.0786780513133228 -0.0023291870349123
0.0812652708058753 -0.098284527124204 -0.0166770882839296 -0.0320917026031953
-0.0356478237384867 -0.104058378998789 -0.0116801578085664 -0.0823987435326234
-0.0992098526480719 -0.0446175870796489 -0.109813518160493 -0.0757659845643189
-0.110678091681558 0.0225734775323763 -0.156196063079083 0.0336722060795717
-0.086474052447373 0.0719207604817034 -0.134229378824216 0.111898402405329
-0.0646179973704302 0.0914681043761393 -0.109555861254552 0.128474675375522
-0.0658126564400569 0.0932371316379809 -0.124199436995464 0.12913892619024
-0.105848111938897 0.0874984321306916 -0.152863807466534 0.0821251863323362
-0.149928987748251 0.0218644300702296 -0.155959132417176 -0.0192040591515504
-0.137909987091486 -0.0790467233930812 -0.0789898004395795 -0.090402597866879
-0.0049717858940528 -0.181433425397022 -0.0158468164727627 -0.0563041495317574
0.156145628028022 -0.107323204618933 -0.0400011102808427 0.0237493012607644
0.187696469382166 0.0332025706355512 -0.208065604155985 -0.0127557644607793
-0.0764911519336861 -0.0479917528512936 0.237932597951069 0.0460522063517491
-0.0806317338476246 0.0461267708528964 0.0781500998951065 -0.039971155261821
-0.00151559181893147 0.0866705974348212 0.0218890449250766 0.0492131277579228
0.0654873322304149 0.0317881677042722 0.0770343752991363 0.0911112446532638
0.0589435556015143 -0.0167530198954307 0.176583771012783 0.0200130307767307
0.0422865000850119 -0.0372854324951225 0.184540159013466 -0.10416310677021
0.0264788648679014 -0.0415045893164482 0.146224607864394 -0.160858732775261
0.0210527428742211 -0.0311980163038208 0.121061508544728 -0.154858319842065
0.0268881053359169 -0.0222199848607321 0.14029629878237 -0.123775894213698
0.0380392787383495 -0.0220413991918976 0.156679176531141 -0.0434845172040138
0.0504684179942962 0.00201828288173386 0.128896440438535 0.0659222412777403
0.0392230051443136 0.0422434206083935 0.0274972698255434 0.113853751184386
-0.0300877874550041 0.0615272269544212 -0.00533780793566103 0.0563462249549419
-0.0752953724092851 0.0031768805253232 0.0384719844619009 0.0117729795226785
-0.0467543008500964 -0.053029546657648 0.155493450865238 0.0478510145581561
0.0276158864375523 -0.0348495883797146 0.237308764833553 0.054754114567782
-0.0127636965682626 -0.0110424377806247 0.0721247440888842 -0.0282450476026174
-0.00307198684665786 0.00899662251556953 0.018024260315936 0.0610047828055541
0.00147155038838753 -0.00665489550364674 0.0858815294215282 0.108895099048581
-0.0166879883944344 -0.0101953353708583 0.183775007834595 0.0290261018563604
-0.018877480487517 0.00787319715393712 0.1913355604061 -0.0925665714987163
-0.0153537862364579 0.0194646331036884 0.151803722203716 -0.156555634175772
-0.0270197124069139 0.0278436760056827 0.120222101005927 -0.155318554231451
-0.0349378136069331 0.0207417990068694 0.130726958143056 -0.131221103100533
-0.0481560793105683 -0.0125755669133152 0.148308857253663 -0.0609040792700574
-0.0229630185455526 -0.0445455596163363 0.138683668507826 0.0370718721618585
0.0239552664321111 -0.0388568267625904 0.0506951904943675 0.103742069229589
0.0277991890927203 -0.0058889261231941 0.0110930406690498 0.0723253355683565
0.0130533354416394 -0.0140309623107192 0.0332371851320215 0.0236240448520559
0.0428876125853778 -0.0296299219413898 0.146308272594758 0.053191913515414
0.12820422867611 -0.00718864782320256 0.19969730923869 0.0544166659440695
0.0709453839175729 -0.0599636900962411 0.0423503898697922 -0.0210296860864048
0.0113794517076692 -0.0776340974985505 -0.0114545154063312 0.0685811796664235
-0.0612952925792487 -0.0609223264407043 0.0697210651178545 0.131996664631155
-0.0983597712405063 -0.0134757778811469 0.17051850496812 0.052324143206352
-0.0869206629353105 0.0457836963809356 0.178069725637212 -0.0595917939612866
-0.0605518201355045 0.0747577950191679 0.14019517044859 -0.125497028497489
-0.0694038075714559 0.0834094610966395 0.101380239808527 -0.132255875526262
-0.0868948438675593 0.066172957387341 0.0974921013875425 -0.122695762160295
-0.125451425225476 0.014888915655906 0.110434929601593 -0.0795291346695429
-0.107457023902916 -0.0659879961539601 0.125358851123556 -0.0137073101760911
-0.0260355402490625 -0.110065042658217 0.0776251708517792 0.0601458566980352
0.0566368469520518 -0.0945817688221982 0.04919152388096 0.0684619355924211
0.0972586408225256 -0.053594640616309 0.042860734044011 0.042276080905609
0.131931983998716 -0.0130755982854693 0.119581353114357 0.0556430958821847
0.204093258799283 0.030307040514146 0.133033064234156 0.0424119170253912
0.154596750474176 -0.0845746171996033 0.000117996085710443 -0.0217429484679459
0.0472358297102848 -0.151940290318073 -0.0543465793398684 0.0573444501296562
-0.100281823586694 -0.125825823866986 0.0241415051499142 0.136086595014353
-0.167647540711943 -0.0340252699406666 0.1223030305328 0.0730133807714487
-0.152573767173185 0.0655982880410675 0.135968117718101 -0.0146857625629986
-0.103996450768724 0.114318745487564 0.106369998478031 -0.0734315935277215
-0.101665521036795 0.127260667338845 0.0669187100048555 -0.0895858165326174
-0.119231730357704 0.108771566364422 0.0497520548768899 -0.0937500688787374
-0.180032759632671 0.0569199752498206 0.0505354883497707 -0.0808412997780476
-0.187014332148606 -0.0554332965622604 0.0786171336676414 -0.0603170789346757
-0.10043024528961 -0.151976074790251 0.0802936751889198 -0.00436747769511922
0.0496400383360577 -0.182849345094629 0.0804771865288348 0.0376773004299058
0.162098089651621 -0.105171101686327 0.0556734349117939 0.052380950473249
0.20918595542981 -0.00523236239355864 0.0730616729953206 0.0544206052984051
0.239848644074129 0.0671184555541678 0.0500690715342758 0.0184081985673915
0.211930777397768 -0.0755425991799404 -0.0411830861616928 -0.0256848998362271
0.0923986228791145 -0.185757932025619 -0.0852959512830101 0.0251228479987985
-0.100375876084971 -0.176528086402404 -0.0270077244286071 0.100355334102225
-0.201297652307547 -0.0651038938477651 0.0453159354332094 0.0686008893191734
-0.1962460394179 0.0621880739106124 0.0634004663237819 0.025305921489775
-0.135354126311027 0.131214816914137 0.0514188286172326 -0.0134709501961146
-0.118924836040964 0.1525266708694 0.0213798672111567 -0.0325892187559866
-0.129960479132676 0.138445160739935 -0.00352918038165218 -0.0437816143418522
-0.201836051088333 0.0975751818078326 -0.0167423262873658 -0.0564395947458871
-0.236637226847559 -0.0258176115443898 0.00814798579568775 -0.0810884587873927
-0.166636759230904 -0.158915367001748 0.0480403065689002 -0.0627833368141458
0.0228394543580802 -0.244202825009681 0.0833255913376882 -0.00631364968149285
0.198260580213274 -0.149653896686149 0.0545460075672946 0.0517908259046949
0.261450565865747 -0.000188041687191904 0.00762088774228893 0.0480238255356824
0.23152750404583 0.0920750821008226 -0.0306048997359805 -0.011044256833859
0.22322363830363 -0.0453233484911211 -0.0694336415012784 -0.0266255820051592
0.120746602151609 -0.17178955491117 -0.0848349272411045 -0.00981783099857651
-0.0713114892663838 -0.187496893654198 -0.0511460449769976 0.0345597098100873
-0.189057821768555 -0.0855590425281803 -0.0308888315580586 0.0293332519640637
-0.201268279157513 0.0450494968345546 -0.0234544538575004 0.0439553610237512
-0.145399961673135 0.124589755141743 -0.017367081009201 0.0424123887683405
-0.11750765950707 0.154255181218505 -0.0283313226221935 0.0292272306359531
-0.120198224034396 0.147692822411686 -0.0532447930238853 0.0182632065796711
-0.189072952505627 0.119944125950592 -0.0765413178869112 -0.0100679129346306
-0.241539101309091 0.00493346256996907 -0.0630594507420142 -0.0710668709545269
-0.194955403865988 -0.139226086340477 -0.00150842529223726 -0.0923052817753428
-0.00222744753189726 -0.260132588074282 0.0572879117509079 -0.0393529071248011
0.206504236847567 -0.166938302166529 0.0333615278482173 0.0444966857012796
0.276716336236831 0.00718842370017143 -0.0692080216445321 0.0354999532602493
0.1875842952317 0.0970928348723109 -0.0962096955301646 -0.0367408719402449
0.194344553358408 -0.0182003675018161 -0.0804353131571989 -0.0181350542744293
0.116476726264429 -0.133586791493399 -0.0548724549754851 -0.0278397688896535
-0.0433158013032646 -0.156487999172434 -0.0383692408016207 -0.0325820746546865
-0.147396763345003 -0.0776431610525234 -0.0818407107880924 -0.0276353205485175
-0.167743668702501 0.0286519589302424 -0.101552904327008 0.0416875147392207
-0.127082608104023 0.103102403438088 -0.083081839836388 0.0841026993297087
-0.0976677538219839 0.131831346926609 -0.0738558676625782 0.0843559294017269
-0.096925055195885 0.131063385863098 -0.0933460218687389 0.0796846913744761
-0.15296800690434 0.114803767667423 -0.120961435994796 0.0406921982609052
-0.206278667539688 0.0196253104471247 -0.118515926080351 -0.0443591322948854
-0.179995158920442 -0.109783263601973 -0.0468335687488263 -0.0963069254246058
-0.00971964165151528 -0.234172335639855 0.0191132183431572 -0.052877469291491
0.189784510748836 -0.149430746468642 -0.00261011596613566 0.0357031177233341
0.249594920246811 0.0200978981804316 -0.144377096328276 0.0149241663341806
0.125045909081903 0.0817419136457753 -0.140994648060077 -0.0506096052516804
0.140050960826181 -0.0079230947003331 -0.0770840259130303 -0.00193270137640092
0.0799866972428842 -0.096966427431827 -0.0167663043178864 -0.0312826989677733
-0.0350477443728866 -0.101867186952387 -0.0120535198570396 -0.0809288015891429
-0.0976627288403692 -0.0439466967482057 -0.108329320681195 -0.073566802701428
-0.108796976847431 0.0224265443671914 -0.153482273099739 0.0337025115853357
-0.084359084452894 0.0706363722395251 -0.131233282121965 0.11061968358126
-0.0632635686100032 0.0895442205976361 -0.107380109655071 0.12654180191543
-0.0644689014501392 0.0912911928418301 -0.121789647986974 0.127326056856658
-0.103620687137278 0.0858362616630094 -0.149844728089496 0.0809750363688361
-0.146857417537126 0.0218934046747116 -0.154090022517587 -0.0189543168265606
-0.134731432996764 -0.0770941523682495 -0.077681583256225 -0.0889338462601643
-0.00517998184828669 -0.177836685074713 -0.0156341527411359 -0.0550884621529265
0.152623981185973 -0.105458827535825 -0.039074949011489 0.0232250995860091
0.184272455888082 0.0331452708845257 -0.204129385865691 -0.0122313046785779
-0.0754509343654578 -0.0472393811767389 0.2344701672355 0.0448461591574289
-0.0792671916707026 0.0451650565155318 0.0766675492947064 -0.0394287014138436
-0.0014670461324829 0.085498908412107 0.0210625694127362 0.048788785653007
0.0644438431851074 0.0314288515168685 0.0753009709839751 0.090619573501364
0.0577545834986537 -0.016532506133749 0.173598564389025 0.0202661555158341
0.0410433814681838 -0.0363120355954439 0.181260128247798 -0.102308350746227
0.0259741826772783 -0.0409041042000794 0.143145188720891 -0.157850561139857
0.0204647411208511 -0.0307499648201831 0.118366004687326 -0.152109758414801
0.0261695823634903 -0.0221890097773636 0.137331034061956 -0.121901491897017
0.0374645345828415 -0.0218070593934944 0.153536561907252 -0.0427027938916619
0.0493779093117012 0.00129144060478061 0.126956145251379 0.0648452030850427
0.0384631928184439 0.0413547660448796 0.0272215416434562 0.112120287968217
-0.0294447564725125 0.0602806024668519 -0.00539255309959964 0.0555097341133236
-0.0742405746563587 0.0033557030992216 0.0375674915141316 0.0112874840533305
-0.0461310100849801 -0.0523441747173978 0.152623269342097 0.0468503763155482
0.0272547693951062 -0.0344973276234128 0.233547030716638 0.0540089458426315
-0.0127835882947186 -0.0110977067094429 0.0700707221754465 -0.0276415804981458
-0.00316287143412485 0.00943884421420486 0.0173164417212474 0.0598570822500917
0.00125737339501472 -0.00620264889762833 0.084099486678192 0.107027387894779
-0.016579630595263 -0.00964556335630147 0.180986386491429 0.0286774088196334
-0.0183557959688223 0.00723117544184087 0.188276418270705 -0.0913282224071486
-0.0149636553102596 0.0188499020218832 0.149647314796764 -0.154139300805982
-0.0261704646292714 0.0274227455154844 0.118052765789331 -0.152159968800074
-0.0345897489992283 0.0203547692491372 0.12817756602144 -0.12874112648548
-0.0470863896399385 -0.0120407303738154 0.145147903043033 -0.0602729272166594
-0.0221570168308649 -0.0435775982398279 0.13676425028818 0.0366319268647596
0.0241500774201958 -0.0382042880103445 0.0499931918481571 0.101889193586054
0.0271148114593623 -0.00577891603805586 0.0107627865156619 0.0705818738987583
0.0130867005895834 -0.013803877587891 0.0325655921168515 0.0237161666343496
0.0419666228831846 -0.029438135773891 0.143779754570894 0.0526487911386143
0.125813504804376 -0.00735753741862053 0.196746089210703 0.0538172387424421
0.0694753462258329 -0.058938136866462 0.0415660058067555 -0.0207611751435378
0.010797546633485 -0.0765275736153893 -0.0115795805630026 0.067539451792194
-0.0598929617539983 -0.0596072834630223 0.0682194185577837 0.130403002389149
-0.096599411778953 -0.0131851325812021 0.16740950190551 0.0508253229223463
-0.0851928151164372 0.0449047307519709 0.175474870626271 -0.0586776401336238
-0.0590937275402924 0.0731583868657097 0.137113400308418 -0.123308832216334
-0.0680415121199582 0.0818587922200249 0.099537775469945 -0.130431338475242
-0.0850630201315776 0.065137639097469 0.0950363470343329 -0.120306813354892
-0.123124679460248 0.0152373811853699 0.107996487330747 -0.0784667984321966
-0.105297163661136 -0.0641933540311312 0.122780996783826 -0.013508814834191
-0.0249821429815193 -0.107856253565095 0.0769327675297204 0.0589394702404812
0.0556539008773156 -0.0926660422619892 0.0479912709933671 0.0671511294848673
0.09571013724881 -0.0518288177810458 0.041940910695002 0.0415720380953824
0.130050770702779 -0.0131673659730942 0.11679760316885 0.0550069814577237
0.201164593251107 0.0290795589158798 0.130624179220361 0.0415736665832853
0.151648734340058 -0.0833881784762817 -0.000241259386226622 -0.021040812512571
0.0462972369517442 -0.149574113859901 -0.0545194759258593 0.0560438501170896
-0.0986612276850363 -0.123929014252318 0.0233000854779572 0.134191148901669
-0.164437175993629 -0.0334304565542171 0.119698876672612 0.0723049679196658
-0.149468802740754 0.0640718694842715 0.133607104281618 -0.013843832438863
-0.101804531571113 0.112078985725577 0.104477089579403 -0.0725197157615786
-0.100135352648788 0.125146311668546 0.0653566193709561 -0.0882247174824495
-0.116804484731567 0.106202732415779 0.0481946054650265 -0.0924064539027367
-0.176663511803843 0.0560554796600037 0.0499353987988139 -0.0797871942698952
-0.184018031051594 -0.0541735191437307 0.0768340200574737 -0.0598013236707215
-0.0992000045955378 -0.149132909209605 0.0791816947079044 -0.00454010865189045
0.0491158163851406 -0.179613180848318 0.0791731809280845 0.0370896770827559
0.158731764490426 -0.103822097544257 0.0546836577543843 0.0521605018564043
0.206112632978019 -0.00535382125087416 0.0712144842939448 0.0537623505002049
0.235981576616712 0.0656866381938572 0.0489642836932959 0.0186043293671639
0.208412948056908 -0.0739264477689599 -0.0406882167444021 -0.0256380249777886
0.0906785789630984 -0.182819053398034 -0.0842426183203941 0.0244175742666579
-0.098673445751345 -0.172750620752842 -0.0269018950938529 0.0988687628148962
-0.197514629121675 -0.0632760488139964 0.0445662158837937 0.0673609937242225
-0.192322341880484 0.061186670110244 0.0624579705466177 0.0248536534744478
-0.133421236274912 0.128415288513906 0.0505558617167808 -0.0130502612890888
-0.116256687458387 0.149974286620421 0.0211777164374017 -0.0318715395424753
-0.127900412908886 0.136075232163467 -0.00385802263159784 -0.0435538853308459
-0.197516208085347 0.0962947771313576 -0.0167262015687715 -0.0553618914355302
-0.232640507291987 -0.0250720159984161 0.00752439203920164 -0.0798466313381895
-0.163619180635678 -0.155962327996308 0.0475582594019567 -0.061091932879879
0.0223176724237127 -0.240145667256698 0.0822306431643939 -0.00588840692846331
0.195034420838408 -0.146794371962972 0.0541997165457877 0.0511845176848683
0.257278323980736 -0.000749869374893108 0.00730216901421679 0.0478084493386004
0.227233271544814 0.0902418367373892 -0.0301290614998136 -0.0108828473569834
0.219275589708515 -0.0445640745640685 -0.0677519259034139 -0.0261178157373303
0.118906240906579 -0.168620122453287 -0.0838227411526362 -0.00976293283137976
-0.0705863324509142 -0.184124091369876 -0.0509220704990903 0.0337143860969116
-0.185780442621392 -0.0836168212690095 -0.0310342812676232 0.0290204476255095
-0.197642407669414 0.044156199199218 -0.0233967293381857 0.0436558698383047
-0.142584346982624 0.12246967053759 -0.0168273586838139 0.0415221548112188
-0.114742845449374 0.151746695358305 -0.0277864046807373 0.0285445418091917
-0.117658189614533 0.144584080547607 -0.0526877910859789 0.0177169339165321
-0.185190073889421 0.117871614253563 -0.0753534342956994 -0.010106807643265
-0.237451085959856 0.00472415939236626 -0.0627489801456175 -0.0699119223591339
-0.19115046330231 -0.13666131294303 -0.00167178804998416 -0.0904030690295255
-0.00218330769060597 -0.255377487138439 0.0566590047426238 -0.0379473127164194
0.202340922459744 -0.163268375311016 0.0332243077162164 0.0444825299080115
0.272185141846797 0.00676649544499687 -0.0681848669014465 0.0348857948784634
0.184492365015507 0.0946563369255445 -0.0942513998935959 -0.0358628827318439
0.190782420891149 -0.01815520630512 -0.0789941504613857 -0.0177917880808527
0.114517447400228 -0.131550882243025 -0.05433856947687 -0.027674874159154
-0.0427848866598759 -0.153774186046627 -0.0374830964818154 -0.0320494224094463
-0.144518832267408 -0.0766827809128285 -0.0811235954167841 -0.027162689903098
-0.164153582950173 0.0281864408852474 -0.0997802754587331 0.041587665904754
-0.124562582914321 0.100696967683487 -0.0813322804456219 0.0825689753849882
-0.0953869492768858 0.129312927161694 -0.0723470671111901 0.0829109190298582
-0.0951124604305797 0.128371838266958 -0.0916479114447343 0.0782280317453438
-0.150422564049777 0.112675994989037 -0.118953670823626 0.0396828046783787
-0.202747113983177 0.0198280449594244 -0.116429825546689 -0.0437755909628975
-0.176229480248259 -0.107855693116068 -0.0454223724997501 -0.0945774862834016
-0.00981127660711515 -0.229709973887905 0.0190474862900521 -0.0516921161492045
0.186495121118586 -0.146249223418249 -0.00239164511832409 0.0354083482211096
0.245854349769336 0.0197686527998958 -0.142117459329644 0.0148259270646428
0.12232589188766 0.0798678287802666 -0.138099690775719 -0.0496730042947252
0.137433745474892 -0.00807126558260262 -0.0754858772759826 -0.00205429273430127
0.0783921783217103 -0.0951533751820169 -0.0165501572158333 -0.0303216883231515
-0.034643333813104 -0.100154214534302 -0.011525554444696 -0.08023663123993
-0.0957964085262147 -0.0427513136622903 -0.107139449814722 -0.0718934776379167
-0.106270234434275 0.0222448096647149 -0.150799974029947 0.0335043148194651
-0.0825657374330396 0.0696918944434047 -0.128809866864848 0.109062626289268
-0.0617539196495405 0.088283843279943 -0.10530415941095 0.12418061103104
-0.0636723837130579 0.0900053316614948 -0.119440014772695 0.125530084155024
-0.101306495528075 0.0845768798981618 -0.147207954085612 0.0791957089239674
-0.143939129319195 0.0217809275211284 -0.151325958349001 -0.018361538964217
-0.132326528306278 -0.0761257795847044 -0.0759717004426769 -0.0873106986605931
-0.00509911425870894 -0.175175359968108 -0.0146092970504476 -0.0537793525502814
0.150293182651242 -0.103399930447564 -0.03764765469204 0.023005715624669
0.180922010295841 0.0323795274120784 -0.20040821210448 -0.0123223740528576
-0.0738178298448496 -0.0470258644161807 0.230624907803362 0.0445813774104116
-0.078575913405096 0.0440012403994831 0.0750728950278879 -0.038369242039564
-0.00210014165841511 0.0841443158274196 0.0208956594660209 0.0473021025666386
0.0631253955002084 0.0310624845801503 0.0737882687240675 0.0894720570342689
0.0572449563455222 -0.0160748838938887 0.170943405421839 0.0207047815973203
0.0406510298096649 -0.03620660075051 0.178572503334318 -0.100402287260837
0.0255840896824166 -0.0403356697829788 0.140946461238058 -0.155683421177897
0.0199554029409251 -0.0302525457783608 0.11649378074724 -0.149251698624753
0.0261887002261901 -0.0218739856375986 0.135183626234178 -0.119743649621347
0.0366258162450631 -0.0213929509156525 0.151104407241275 -0.041455628247398
0.0489698015465939 0.00164344909149385 0.124874420505506 0.063795670875943
0.0378118376491123 0.0407547103137727 0.0268962725672535 0.110191946682911
-0.0291296722224487 0.0598719495782854 -0.0051164801647525 0.0542532977173168
-0.0727899531785375 0.00314889600013335 0.0361610904147904 0.0112665268317474
-0.0449435782447628 -0.0516939339911898 0.149800266947836 0.0470205942725126
0.0271729855796613 -0.0343413284004649 0.229458603553468 0.0533722255110091
-0.0122775458575359 -0.0112023975004299 0.0688932805696458 -0.0267636950286663
-0.00347578441271225 0.00850880436393438 0.0168362431743696 0.0590249667478358
0.0011533222205107 -0.00647515623171516 0.0823360937497017 0.106096286851392
-0.0164326449366584 -0.00973031697195349 0.177680948603756 0.0292407339941621
-0.0181066902398899 0.00723277373343151 0.185424052286432 -0.089899582313581
-0.0150767213418239 0.0184991833975656 0.147238843583261 -0.151259739552324
-0.0255848212639962 0.0268960510819547 0.116090254023319 -0.149660271687893
-0.0337487996337496 0.0194319916334806 0.125829598864217 -0.126728549785539
-0.0465920812700199 -0.011911523163254 0.143111444091054 -0.0595219029207818
-0.0216148906176325 -0.0428392477561799 0.134257902052051 0.0361802760742857
0.0238648873278231 -0.0374692404701583 0.0488464073419603 0.100586544809878
0.0266812890305145 -0.00553418348901319 0.0101188940526785 0.0697391483542765
0.0124819482098905 -0.0131391456757475 0.0316319295065458 0.0233226892868715
0.0420171916209932 -0.0285963938394283 0.140813790167692 0.0524988019739686
0.124101405077002 -0.00792382887547151 0.193584739920151 0.0540169439242874
0.0686320430663206 -0.0582954776507495 0.0406907523143753 -0.0202536772910175
0.0107366702450193 -0.0750383031379068 -0.0122384673309021 0.0664969712327693
-0.0591892914682109 -0.0584201123247346 0.0664882777944613 0.12849980595376
-0.0947665839657692 -0.012906751794269 0.164051175521853 0.0510076661142732
-0.083874493329204 0.0438013721177481 0.172548119749174 -0.0574746691578218
-0.0583559136010365 0.0719633693629073 0.13480653507812 -0.121149201683174
-0.0670679462009666 0.0800570192389825 0.0974729796325403 -0.127706108645349
-0.0833583661456879 0.0637144536267292 0.0934287685106183 -0.11877643327924
-0.120448980887088 0.0147914763496049 0.106608242749202 -0.0767706487838928
-0.103721006053962 -0.0636017997616493 0.120636884141965 -0.0137067390391561
-0.0247186135072308 -0.106066570114327 0.0755782512568907 0.0588155544801989
0.0556186902355995 -0.0909904136007944 0.0472240036852488 0.0665539330899214
0.0941843733651598 -0.0511529004141855 0.0409199784749812 0.0413310051618656
0.128502050939619 -0.0125362795826329 0.114720422719127 0.0541989389346187
0.198748577881633 0.028793945840441 0.129003491842357 0.0410127607115243
0.149949976138834 -0.0815293674203075 -0.000374442911942026 -0.021180171832175
0.0457886751899537 -0.147126082688056 -0.0540002375226431 0.0552594397743899
-0.0966954774978851 -0.121744644032732 0.0226615675182009 0.132139548172991
-0.162257072278767 -0.032974100340617 0.117167018073938 0.0713372405299566
-0.146905670661894 0.0630976978950278 0.131387676821133 -0.0130086298513694
-0.100688788864842 0.109732248175857 0.10239970978235 -0.0712845363583579
-0.0986288192994855 0.122638462056091 0.0646819578536129 -0.0868310728789586
-0.115762839464302 0.104429028716908 0.047052046239315 -0.0905459625803258
-0.174113112808803 0.0547724936169822 0.0489048871451502 -0.0784026881951074
-0.180659057920961 -0.0530803709419651 0.0753487209641351 -0.0591350541702662
-0.0964611145111525 -0.146798684417687 0.0780840418039301 -0.00414136807403761
0.0485111715140019 -0.17658121291575 0.0783456621152674 0.0365776031139125
0.156697708407161 -0.10129667116379 0.0539974230328936 0.0518641763447171
0.203574504229578 -0.00483311436324069 0.0699701331522416 0.0530365130297446
0.232444171021318 0.0647356125230302 0.0481869301700199 0.0182808670739813
0.204798852280755 -0.0726730665957457 -0.0398768667637633 -0.0254072591108363
0.0900326263447573 -0.179707355865511 -0.0838666130999596 0.0233741259208922
-0.0964639789027511 -0.170591227192779 -0.0270176670782557 0.0969504615119073
-0.194718243294439 -0.0617590675885725 0.0430125575133297 0.0672303095110149
-0.189019523488573 0.0597543986646663 0.0612218183434747 0.0247078935552547
-0.130987215701498 0.125953820252106 0.0491340085178675 -0.012951493030151
-0.114467639413796 0.146863879621338 0.0206846014424813 -0.031341728632833
-0.125636362674642 0.132926890939023 -0.00394469541744071 -0.042706711702263
-0.194447992043933 0.094081581901713 -0.0160646451926608 -0.054239480985769
-0.228893629615363 -0.0241342885403526 0.00709890857429035 -0.0792396535595463
-0.160276776301626 -0.153463091255173 0.0467805187901851 -0.0598642462907309
0.0223346648166855 -0.235769214221563 0.0813845185990082 -0.00484985120540708
0.191945706646323 -0.144201113616543 0.0530194123558384 0.0510902863968408
0.253325061676653 0.000360183993352743 0.0070722285363769 0.0470005419126417
0.223697002118345 0.0889971593875544 -0.02934809887456 -0.0102605497621211
0.216000837625033 -0.0438981587916813 -0.0669045635037295 -0.0261777278780324
0.117151486916175 -0.166226392382188 -0.0826916070305682 -0.00972100710291421
-0.0686444508782605 -0.180823063345871 -0.0505101713676936 0.0330104947782649
-0.182219298210194 -0.0827871711971658 -0.0309536666136888 0.0285522446781298
-0.194012029146859 0.0437105927449742 -0.0227546249062631 0.0430867633775099
-0.140319274910575 0.120271200533936 -0.0166605899445699 0.040313057383103
-0.113457359558654 0.148484987165927 -0.0275382223340585 0.027820188438803
-0.117016880806241 0.142619643192433 -0.0514159599802704 0.0174853571052108
-0.18228524318387 0.115837042180305 -0.0741125463414914 -0.0101225375477204
-0.23350774159977 0.00488762092446745 -0.0619046560681232 -0.0690010011736014
-0.187181662825034 -0.135006000175722 -0.00147252518062606 -0.0891202355079669
-0.00180313313584755 -0.251505584984451 0.0560398847394898 -0.0372186371297497
0.199774570272093 -0.16075479899747 0.0324410230168837 0.0443167160455257
0.267862261956982 0.00748856572782073 -0.0669991402503166 0.0346646794485292
0.181508512578776 0.0931647081951332 -0.0931674490859776 -0.0355994336683406
0.187797389635045 -0.0168750947678439 -0.0772250396638112 -0.0178927266822933
0.112925126402394 -0.128789578123465 -0.0533088274860983 -0.0271832409858356
-0.0413221345681493 -0.151654167521405 -0.037180263485109 -0.0322436104348217
-0.141962566404601 -0.0756892651433749 -0.0806695209661747 -0.0266868273786715
-0.161432389247175 0.0277806057951522 -0.098135600947 0.0408949288498163
-0.122581075944752 0.0988569767680888 -0.0796547410347873 0.0810302885888215
-0.0942886141653143 0.126999827878333 -0.0708927632279308 0.081597678967247
-0.0944463061288185 0.125849311421667 -0.0903151872465875 0.07686067509018
-0.147903103616446 0.110363449855446 -0.11698166258099 0.0389817319981632
-0.199693843577411 0.0185663500288037 -0.115093483204716 -0.0436636756299419
-0.172948117827437 -0.106658346260824 -0.0448200539479238 -0.0931595673466442
-0.00921668721323654 -0.225673776590413 0.0194564906868422 -0.0504619429497113
0.183890740622929 -0.143389925696692 -0.00179536153118215 0.035218510818005
0.242026512217591 0.019952208921686 -0.139875514624346 0.014378389119349
0.120410917721747 0.0791787560536247 -0.136064656700252 -0.0492208444403253
0.13555043441314 -0.00754060756137477 -0.0735852090484235 -0.00187766602993623
0.0770462078147656 -0.0938004962492364 -0.0162523499780787 -0.0301346042312558
-0.033827804759428 -0.0985094028417838 -0.0112561685801241 -0.078881002104967
-0.0937334443718821 -0.0420188660908384 -0.1058599103901 -0.07079663398566
-0.104602491233275 0.0221024202394577 -0.14847545425921 0.0332912161783894
-0.0814130498594679 0.0687564419351737 -0.126205828318931 0.106881760261078
-0.0610887117780786 0.0860210036534959 -0.103841646619458 0.121962420559049
-0.0628583143687641 0.0880438059334415 -0.117783295511075 0.122573200263736
-0.100020954312135 0.0828429015405576 -0.144721370643824 0.0778882442767282
-0.14182539272575 0.0211371987897827 -0.149176128667159 -0.0187773827622787
-0.129868612594082 -0.0746154157028759 -0.0747204123453968 -0.0864862830673811
-0.00486086252252931 -0.171831610024517 -0.013759634291401 -0.0527733959268336
0.148311652695619 -0.101309282653291 -0.0372151859057427 0.0227642685971582
0.17819562457912 0.0323213592955015 -0.196992617027423 -0.0122187582331282
-0.0728103833167922 -0.0469513663603195 0.226930942308896 0.044532067229105
-0.0777913226234221 0.0431352620954838 0.0740998266123189 -0.038017759580849
-0.00214721409428683 0.0834442946006491 0.0199048718112792 0.0464897356878442
0.0619873584450087 0.0310011212325444 0.0725419262573485 0.0886565158945929
0.0565835536769136 -0.0156408848770562 0.168810552378368 0.0212642173377615
0.0401142986909438 -0.0350741972061591 0.176388067776498 -0.0987922338139181
0.025119954914603 -0.0395934230286587 0.139102185375632 -0.152231989410924
0.0198147695855435 -0.0295240402594092 0.115719617165093 -0.146685486834841
0.0258041429489545 -0.0213296828106113 0.133349927200201 -0.117614714502448
0.0359169235435118 -0.0211157362657701 0.148601874560437 -0.0403092626635484
0.0478290171930806 0.00180100238210437 0.122941364705315 0.0627859419832999
0.0371260836931488 0.0405644889193373 0.0265187638515784 0.108743719528978
-0.0288067258204296 0.0587319577794394 -0.00597115062493988 0.0531830642379313
-0.0716103825100755 0.00325222708942537 0.0358785092096265 0.0112930283998014
-0.044274682025754 -0.0509966496152883 0.148070920486212 0.0468842989715906
0.0272425058304704 -0.0341486270040083 0.226372844327666 0.0533867507792665
-0.0124439609504014 -0.0106777623745422 0.067844734737953 -0.0263398441161032
-0.00302137992341409 0.00894229322084226 0.0154922975219648 0.057685615469481
0.00115947189082987 -0.00595188344201677 0.081036776834179 0.105170812066704
-0.0157116905154037 -0.00965019519765917 0.175185085567956 0.0297248703086836
-0.0176703363829871 0.00705692733388573 0.183049091877092 -0.0874854895214318
-0.0142912848951539 0.0178034613808421 0.145287558754157 -0.149016050550564
-0.0253877144728269 0.0261451988964236 0.114418313454626 -0.147564671317679
-0.0333902302576708 0.019788422987096 0.124360972806169 -0.124379155275508
-0.0460421692870929 -0.0115559292861238 0.140999194246018 -0.0576989542282872
-0.0211742381946433 -0.0422556485780641 0.13184019432196 0.0354527500308703
0.0235193771877417 -0.0365857225535852 0.048108376349259 0.0998375445396433
0.0262808591671858 -0.00510760727698222 0.00946922567212767 0.0683843583444497
0.0128557834831265 -0.0130921235411968 0.030423058706142 0.0237897461578296
0.0416134328554084 -0.0279225244617637 0.138777739436776 0.0524072238933093
0.122432045457254 -0.00695173933323797 0.190932608098291 0.0542386534230419
0.0678681018462818 -0.0571949681659426 0.0399462238500159 -0.0200857757352961
0.0113081570645693 -0.073579820352843 -0.0130733421799136 0.0656159570355846
-0.0576569588937047 -0.0578053557225865 0.0646339916157975 0.127206451272509
-0.0934547348080043 -0.0128261972537587 0.161561124675932 0.0511851163009858
-0.0826602689149947 0.042966633026272 0.170194214702651 -0.0558684172550808
-0.0578557966286908 0.0705765238069335 0.1333071910302 -0.119361621599225
-0.0666284749481992 0.0791185203253086 0.0969497848079448 -0.126114044408372
-0.0825721176192068 0.0624677084099155 0.0918028140248993 -0.116729164518051
-0.119185617228467 0.0141560677718029 0.105192054503011 -0.0753797416218108
-0.10187031724378 -0.0627178947866244 0.118783872438548 -0.0134289247140437
-0.0240065583298821 -0.104624430716304 0.0738998479328221 0.0581944554223337
0.0547699521244832 -0.0898068105731246 0.0464458611983764 0.0657168522090688
0.0933957649729734 -0.0502693665643116 0.040186198769656 0.0415588591475787
0.126994114248625 -0.0121199942430821 0.112697390154666 0.0544037505547841
0.195639026990959 0.0290664650350009 0.126702822378831 0.0408782064807317
0.148209822734121 -0.0799921146572539 -0.000160322947441312 -0.0212164027626178
0.0458748170209388 -0.144496375464349 -0.0539207835397814 0.0537573399973795
-0.0947616750728952 -0.120016086588596 0.0213889126293761 0.130926052457567
-0.159709006466263 -0.0331995944068662 0.114556534526446 0.0711950278925857
-0.14510148749918 0.0617543899158353 0.129822343232994 -0.0127215223063264
-0.0993503947479824 0.107440557286552 0.101199065002439 -0.0703557728647327
-0.0971631545463646 0.120660993080123 0.0638450064721263 -0.0849031901666671
-0.114426815622518 0.101850150300416 0.046864222156068 -0.0889183406402627
-0.171860276247524 0.0538303969457926 0.0482719846443875 -0.076915322347428
-0.178189425263037 -0.0527358275398136 0.0742610025079076 -0.0581985967666232
-0.0946750408621216 -0.14488859996282 0.0768671979570114 -0.00327840705151165
0.0487418363413824 -0.174241228251567 0.0771321116118172 0.0366049942256233
0.154716019501768 -0.100161390851331 0.0526622717316013 0.0517845837469178
0.200762002996127 -0.00334580512046156 0.0686164743777457 0.0524398260759531
0.229104360575222 0.0645376626438935 0.0476188237125269 0.0177409455215134
0.2024309959476 -0.070703942339781 -0.0389856674133204 -0.0254893900228791
0.089122074053915 -0.177056814869782 -0.0828815509853598 0.0228736625489015
-0.0950425213457948 -0.168109482732179 -0.0267932032126535 0.095540469745627
-0.19149931704297 -0.0615715461015126 0.0415985208155983 0.0660923435439581
-0.186033757368216 0.0587435567066441 0.0604510628504508 0.0250314715420394
-0.129413274404722 0.123421478057851 0.0484812728154035 -0.0131552831110313
-0.113264141292744 0.14467180245474 0.0204010631891948 -0.0305360140292823
-0.124120111430616 0.130623339830048 -0.00413277295524022 -0.0419847982964879
-0.192257246749241 0.0922515977977255 -0.0159400681771764 -0.0539111309691059
-0.225590380280247 -0.024671535383384 0.00711299335930583 -0.0780985526131163
-0.157807073017213 -0.151266920565642 0.0467806893884037 -0.0589648750385599
0.0229616596219967 -0.232453653223148 0.0806713708062081 -0.00454094709214941
0.190186110750441 -0.141581179162164 0.052896855864959 0.051075172629016
0.250537205475018 0.00158443928045449 0.00696818100815634 0.0463349819704448
0.220292425043551 0.0878908200350306 -0.0288160121236796 -0.0100390193095687
0.213224330642037 -0.0421720137288178 -0.0655162329100631 -0.0260442595036182
0.116259450888001 -0.163432382407856 -0.0824040835137577 -0.0102908160052805
-0.0666511693902828 -0.178691892751828 -0.0499548305329602 0.0319926470985022
-0.179738464398034 -0.0824145049116575 -0.0314831880007852 0.0280144926520928
-0.191601974261645 0.0425444809496878 -0.0226470568748683 0.0425192437696462
-0.138499119910634 0.117995691334199 -0.0165605291409672 0.0394191845167552
-0.111830427061767 0.1456440258094 -0.0272758328377793 0.0272156775314173
-0.11520164183085 0.139219138793308 -0.0517431285071426 0.0169759645016027
-0.180284153084834 0.113140576119921 -0.0731951649201567 -0.0105193252941087
-0.230173539579688 0.00440986374387954 -0.061805111640127 -0.0689517840215409
-0.184744332139731 -0.133241556584855 -0.000784452555415452 -0.0878429009657642
-0.000841323664997688 -0.248092768148679 0.0561628129256158 -0.0366329886185901
0.197178357568902 -0.157858133126048 0.0328269450557755 0.0439413139284372
0.264692881491387 0.00788237810725854 -0.0660549266173955 0.0340342189593527
0.178594571378343 0.0924050976788976 -0.0911784882415749 -0.0349450719697047
0.185463702572815 -0.0167669353291096 -0.0758562233049835 -0.0178681600850054
0.11169922657093 -0.127060177347418 -0.0533761105808287 -0.0266723148848438
-0.0397737203943971 -0.14918613844042 -0.0366652004089437 -0.0320291467490644
-0.139705736027654 -0.0747232215529708 -0.0796045133920164 -0.0265479543086321
-0.159249868167502 0.026951345894967 -0.0966577484382267 0.040870829069704
-0.121105294869602 0.0971341626799732 -0.078406518205885 0.0799202008094873
-0.0928455385645464 0.124486527857607 -0.0704770983321343 0.0803614843436359
-0.0928489707407555 0.123745461501058 -0.0893435880525111 0.0753314671677207
-0.146017227841798 0.108148216618866 -0.115606838007704 0.037791510865971
-0.196792259910783 0.0185976503866115 -0.113952014586355 -0.0441019024192192
-0.169754399212967 -0.105725776586606 -0.0438907032820485 -0.0919732615334683
-0.00793442751618262 -0.223054115193829 0.0201627894250614 -0.0494226937681814
0.182114425968995 -0.141064008295595 -0.00177847328917906 0.0346075869479944
0.239010112585267 0.0203603483543027 -0.138103689923074 0.0137643407528427
0.118614906300825 0.0780760673235951 -0.134588829669743 -0.0488990820582263
0.133993731947944 -0.00719236247453938 -0.0728800796205768 -0.0022399293811331
0.0764729701622948 -0.0920841262038513 -0.0159653987604444 -0.0296643360657894
-0.0328347781046586 -0.0973545236815724 -0.0113568660371827 -0.0783569146260533
-0.092638551775261 -0.0419425931710338 -0.104430608530815 -0.0703602376515887
-0.10269677465633 0.0213794349972804 -0.146019579482446 0.0327486231295802
-0.0803527491870861 0.0671822698032015 -0.124547423668689 0.105191001850663
-0.0602980631038808 0.0846266910384706 -0.103435831823123 0.119831299991164
-0.06216724797095 0.0862622443023083 -0.116264333297895 0.120529562591028
-0.0987873061133412 0.081223739348694 -0.14314621209238 0.0761636727880822
-0.140001518914013 0.0204426591677686 -0.147086739914802 -0.0198195468370668
-0.127668929435736 -0.0745358096395619 -0.0736605216216245 -0.0854100687980423
-0.00390676225365221 -0.169668192808116 -0.0135155313890875 -0.0521133423346727
0.14677919056393 -0.0988787024991425 -0.0362410748696382 0.0224274916092474
0.176069436636667 0.0328451053684905 -0.194234468202937 -0.0128399398911084
-0.0715916367983911 -0.0472579099442092 0.224130150577765 0.0445683121187429
-0.0772825103207334 0.0417995554742022 0.073065001729559 -0.0372180517835135
-0.00287759860825343 0.0821583283189748 0.0193415963988815 0.0459436695473816
0.0612566328162572 0.0307996048013855 0.0706949786947884 0.0890437289150639
0.0559610595623778 -0.0152332721047178 0.16680160107159 0.0223773214873569
0.0397428747656314 -0.0348778877286523 0.17456332845918 -0.096554002161098
0.0249114080333903 -0.038789688265397 0.138354561663865 -0.150274138479181
0.0193352709239497 -0.029441508824201 0.114965913405678 -0.144299909470629
0.0258779576398182 -0.0211224907292749 0.131958560130988 -0.115442176897261
0.0351378730795544 -0.020327871435093 0.147446854147984 -0.039201537851218
0.0470497263943222 0.00168114574916351 0.12118216478064 0.0635532290344694
0.0366895409766499 0.0401523965141675 0.0256816064503953 0.107363987985656
-0.0289724717227903 0.0581447833509058 -0.00622656399356588 0.0525282359590218
-0.0713835583290533 0.00273338204057088 0.0348548819247582 0.0117672943592006
-0.0433443439495366 -0.0507804819662867 0.145861864815336 0.0476562610662609
0.0268751221665702 -0.0337796785719363 0.223780004490507 0.0540118156188377
-0.0124729951564225 -0.0110213262316744 0.0667065023310468 -0.0255613890057146
-0.00344588761132383 0.00910380268271582 0.0151890812582045 0.0570941569821222
0.00131202818229742 -0.0056369038455301 0.0791798644229708 0.104802702341099
-0.0155336507533491 -0.00951275159778573 0.173277365798289 0.0304737070094664
-0.0173703593100078 0.00673787521131028 0.181212169207752 -0.0854661226996315
-0.0149334297021921 0.0176520196112583 0.144239999001439 -0.146131437282622
-0.0252518440448082 0.025239696772127 0.114091690588921 -0.144844011463214
-0.0326961077274918 0.0189288277938883 0.122699469993296 -0.121974962391968
-0.0450347906284622 -0.0118222989771844 0.139212924145134 -0.0564342669712812
-0.0206951060579383 -0.0417278203282826 0.130189032296687 0.0357142265337026
0.0234264636848874 -0.0362999514780702 0.0472120221374378 0.0988447745837165
0.0261443964258516 -0.00476251219902377 0.00920565738475703 0.0674105755753305
0.0125307191074036 -0.0126081857384008 0.0299190020974353 0.0235647805952385
0.0419337395999286 -0.0275285452324596 0.136489167632201 0.0526618600534706
0.121606273099375 -0.00667451021008137 0.188562848808838 0.0538163199473613
0.0673430682687358 -0.0557424180373008 0.0394606386224224 -0.0193602677521951
0.0114344683170907 -0.0726331569789806 -0.0136052140153758 0.0647332126460242
-0.0565667049252283 -0.0569391300030396 0.0631520779068615 0.126744222613607
-0.0919844220697662 -0.0133039151795758 0.159630554324404 0.0516947037595877
-0.0816207873348294 0.0419330054112203 0.168423177237725 -0.0547487321540046
-0.057262029241499 0.069474126993994 0.131659601133815 -0.117216329203129
-0.0654559369699034 0.0774420561362096 0.0959106520334314 -0.12364619547763
-0.0817291067390016 0.0610342656958865 0.0911044773599412 -0.114571527525307
-0.118203762773083 0.0134701919970615 0.103773854330965 -0.0739623919130668
-0.100431544682299 -0.0623772968981039 0.117461871130619 -0.0125084438453588
-0.023036225377992 -0.103367893246283 0.0732312371324774 0.0577834876831613
0.054816340271292 -0.0880766892845635 0.0456455349503285 0.0649573269650683
0.0923120903631249 -0.0491910349249912 0.0392054011236755 0.0412727983357259
0.126070162230647 -0.011387863280177 0.111028473257125 0.0542822061275817
0.193095932422345 0.0293216628653318 0.125570022741428 0.04164483095615
0.146787541434493 -0.0780468713427142 -0.000346561163552977 -0.0207744411617133
0.0458089560520023 -0.142532279757339 -0.0544202013912476 0.0530363678929154
-0.0925813859910642 -0.118958743367618 0.0207130151054476 0.129364954952346
-0.157369157224861 -0.0330176806995719 0.112350066854986 0.0706987835845415
-0.143627729431547 0.0606224382453343 0.128161083623444 -0.011746625240313
-0.0987493035184973 0.105911864882821 0.0998057091571213 -0.0688720894597751
-0.0963395060017525 0.118868607452306 0.063216574507923 -0.0838473184047636
-0.113198203199676 0.1002744970627 0.0460288052320638 -0.0877802298230899
-0.169289694320169 0.0523635363764493 0.0474974874677803 -0.0759202593234189
-0.175568648412157 -0.0529232849754554 0.0728674505469088 -0.0571657019196958
-0.0924039543886826 -0.143669695078422 0.0760630693644118 -0.00234303974524532
0.0488545497757848 -0.171784690766411 0.0764534200770987 0.0365109343537773
0.153641310046134 -0.0979916893113698 0.051688005060758 0.0520147054677009
0.199343708042914 -0.00290963440817847 0.0676237924434865 0.0525852458615374
0.226268457311641 0.0645421669351139 0.047371837515041 0.0181473486019463
0.200212031321968 -0.0689462965687229 -0.0387300290141169 -0.0251905509240333
0.088439354975501 -0.174633979690159 -0.0831920206546185 0.0220332110526652
-0.0925979754573201 -0.166299643495002 -0.02792430074383 0.0941910163426543
-0.188680473368156 -0.0616580056685228 0.040104581272848 0.0661919621891959
-0.184283786048078 0.0571091009694328 0.0597270951885117 0.0256708766291339
-0.128850515571488 0.121189764779509 0.0482544167971558 -0.0125468813055802
-0.112429631315094 0.142175555388735 0.020450157472967 -0.0306554177192763
-0.123433252470488 0.128096662114652 -0.00414830452356017 -0.0412071496201986
-0.190154247336478 0.0908148292136412 -0.0159625723825505 -0.0532321880028361
-0.222781323948034 -0.0249118014757486 0.00685025223987061 -0.0775893973228126
-0.15467907439963 -0.150333140018894 0.0466898336614572 -0.057473961215134
0.0241440502710432 -0.229533880020842 0.0801924925424413 -0.004131585202067
0.188620033211889 -0.139106658516862 0.0520344206727077 0.0512631483981299
0.247775554911791 0.00230815072856175 0.00631061142260637 0.046477690761478
0.217175129172621 0.0882183016833462 -0.0284689609596123 -0.0104370547067173
0.210996709380466 -0.0408403085456503 -0.0647626803604705 -0.0260492973180352
0.115454683630793 -0.160839404494106 -0.0812669032249611 -0.0100803067424592
-0.0650387639803649 -0.176760613249549 -0.0497578543297215 0.0310853148015592
-0.176745467140893 -0.0818213650252659 -0.0319067085244468 0.0278288623325793
-0.188998756944783 0.0407437068885773 -0.0221409399197684 0.0428027351027932
-0.137476099760379 0.115465572199051 -0.0161260320325144 0.0388525013668248
-0.111037555471322 0.143691707014733 -0.0267357234510621 0.0271825379389854
-0.114665435683976 0.136846174923653 -0.0510155043963399 0.0167120390709324
-0.178517960779836 0.110953530850854 -0.0725307442566728 -0.0106350349306939
-0.227254812817379 0.00348251217071038 -0.0610218374200506 -0.0683858654922559
-0.181084090961228 -0.133239334392523 -0.000651991872018438 -0.0864366134930349
0.000341057440341845 -0.245297684340333 0.0564445206001282 -0.0357099522656042
0.195829410893728 -0.154960790930019 0.0322937938017255 0.0444847558560836
0.261918393522335 0.00937107653765347 -0.0656178537659224 0.0333895463845029
0.175875640970822 0.0922688291981608 -0.0901943225868984 -0.0347340150344068
0.183057100216673 -0.0159112808264172 -0.0748990919477425 -0.0181274299555598
0.111020049013394 -0.125387703405734 -0.0526806583252351 -0.0264475063937701
-0.0388219994182345 -0.148150819053354 -0.0364582920530922 -0.0324550267913335
-0.137658308526033 -0.074463463576688 -0.0794591069698869 -0.0262349153807633
-0.157138113003232 0.0259558386570593 -0.0955679011361556 0.0402869273946384
-0.119729403263712 0.095576755029837 -0.077946502901644 0.0786660543272661
-0.0924571504950436 0.122431945955775 -0.0699322841026366 0.0792611493527337
-0.0924948443625873 0.121772450513739 -0.0889068665558814 0.0744334475921557
-0.145345682862953 0.106069175413959 -0.114788434585629 0.0369951675359844
-0.195107417842869 0.0174882038835651 -0.112834817130333 -0.0440652563399571
-0.166920154708831 -0.105193236584389 -0.0429113462055037 -0.0916116691570974
-0.00677005025969775 -0.22001116751116 0.0204260306524877 -0.0485869526929174
0.180700203611515 -0.138733757544597 -0.00151282360126603 0.0349868149572099
0.236554284418334 0.0212917556956935 -0.136097672062708 0.0129993796301152
0.11728973976044 0.0778862848788629 -0.132846116863242 -0.0490207917086396
0.132258715236091 -0.00641371314639871 -0.0716491008480699 -0.00297627234228823
0.0760602335549486 -0.0909840572748154 -0.015309850069408 -0.0290831889457968
-0.0319533797745091 -0.0966958702545635 -0.0107430816000501 -0.0780282200278664
-0.0910489107326089 -0.0416371946601456 -0.103857608272493 -0.0698443395233433
-0.101493264723629 0.0206962366678234 -0.144379103295628 0.0322876707786238
-0.0795310647872232 0.0662557061491946 -0.123520493452744 0.103506547551775
-0.0599740584901559 0.0832534947754055 -0.10202703602057 0.118069118729417
-0.061911769504561 0.0852125620327287 -0.115720987861303 0.118575054786871
-0.0982220253652608 0.0794388125295353 -0.141748205098468 0.074338921124462
-0.138101562281014 0.0191642935182638 -0.145539739378107 -0.0199936731239821
-0.125545646984975 -0.0739252498036222 -0.0716160799281936 -0.0845589337599985
-0.00324846363195462 -0.16728888683845 -0.0124478921372851 -0.0513179082286793
0.145571794423757 -0.0976317094576912 -0.035827273148492 0.0221792426601226
0.173544056911066 0.0334133314158507 -0.192220210782849 -0.0138343893390977
-0.0706799758720297 -0.0473608413655879 0.221990333111544 0.0457420233453254
-0.0767914533615999 0.0409857418177502 0.0724827167206431 -0.0364339143359434
-0.00382333383006103 0.0817209807960964 0.0188109143601951 0.0456871642726561
0.0604524794583233 0.0308726542821746 0.0694345534682736 0.0888591652303015
0.055544354111313 -0.0147214117995247 0.165904168066554 0.0236698603226157
0.039971040536661 -0.0341908860225457 0.173603571367982 -0.0950500913585034
0.0250171062478052 -0.0383756240885873 0.138251764080542 -0.147510920045812
0.0195815735810033 -0.02844061734569 0.114827032987421 -0.14199386026563
0.0257676994986754 -0.0210475908131576 0.131246648649496 -0.113476440463719
0.0346063621196892 -0.0202026701416147 0.146243188485342 -0.0375188183778651
0.0470293927271425 0.00218229701764459 0.119737914079335 0.063021935933435
0.0357457684499316 0.0398500133334464 0.0252710388893238 0.106836918039835
-0.0290431450641335 0.05696774632417 -0.00671367481584006 0.0519704962540612
-0.0709044135559048 0.00247012513767394 0.0343902281913256 0.0119786561401915
-0.0420137297363952 -0.0506773994704616 0.143716563558365 0.0480653412050026
0.0268784524557445 -0.0335187608841816 0.221292857163453 0.0553787023182857
-0.012392257450457 -0.0110322969012036 0.0659877979523422 -0.025305776661515
-0.00332606944180208 0.00868922416369904 0.0142074894859262 0.0567674606831609
0.00123162636133947 -0.00544724709064392 0.0776874685293824 0.104778498903234
-0.0151885200370098 -0.0094603900985762 0.171316519182888 0.0314190507770097
-0.0174847584937333 0.00624296729969081 0.1804507148802 -0.0839532983476407
-0.0146382755036925 0.0173125294335261 0.142811264711632 -0.144158658421364
-0.0250933046394949 0.0255015760988781 0.113728789016257 -0.142802799382058
-0.0323365900486202 0.0183626066627187 0.122112728386031 -0.12042517707062
-0.0448172509125607 -0.0114885686384092 0.138255451925431 -0.0552619494141888
-0.0204429719383812 -0.041571490401952 0.128851037297788 0.0353929660249335
0.0233976742430815 -0.0357160192122928 0.0465583352558249 0.0983616741695852
0.0259627935774224 -0.00441197780586275 0.00829489274088627 0.0666340410521371
0.0123522983432151 -0.0123515450391835 0.0289159390063971 0.0236812600400229
0.0415422496074703 -0.0272799720083134 0.13479166163523 0.053530064357579
0.120670943347967 -0.00627936772000247 0.186732609908837 0.0546537816227486
0.0669861115686122 -0.0551172254089228 0.0391780765966372 -0.0190667515974523
0.0115445266729135 -0.0720878678718482 -0.0143157436415819 0.0638941153610744
-0.0554148165414554 -0.0565754113471138 0.0617915835315322 0.125802773036372
-0.0912891917379267 -0.0137564600540584 0.15713363333988 0.0524920825972255
-0.0809757189608354 0.0409502891111531 0.167751543426347 -0.0529264309659944
-0.0568432069695095 0.0681432233643591 0.131236240050371 -0.115643454391267
-0.065481788740066 0.0761128328366608 0.0958390955420542 -0.122436687671815
-0.0814491283396664 0.0596530967475321 0.0907222000102357 -0.113108162016324
-0.116985855981934 0.0128827802167612 0.103151800974835 -0.0725594254687455
-0.0988712003683308 -0.0620868224642064 0.115717039191986 -0.0121838567630454
-0.022221885733871 -0.101816215312077 0.0728214004253537 0.0582469388876196
0.0549264473561074 -0.0866115596280344 0.0444510252321411 0.065297019238301
0.0917815396988185 -0.0477082299040795 0.0380601993658529 0.0412138682740189
0.125313241616967 -0.0107839819671491 0.1098771372192 0.055276696267998
0.19143921315156 0.0301692761968525 0.12418078908859 0.0420085543307862
0.145311287247248 -0.0767157058307922 0.000264848650703429 -0.02058246876347
0.046194482435003 -0.141458037108138 -0.0546734949590433 0.0522961883404505
-0.091029113151422 -0.118219599842039 0.0195602169433471 0.128566050394716
-0.155779485592974 -0.0334810014222949 0.110756621203499 0.0717712716056092
-0.142234210241054 0.0590739605728473 0.12774149721327 -0.0113024117148568
-0.0983582565029657 0.104093041876769 0.0992532985672917 -0.068234654071066
-0.096275917761846 0.116696985584077 0.0631546840308284 -0.0828657668475994
-0.112739998623227 0.098411884462474 0.0458102613580533 -0.0866896837478676
-0.16830351955146 0.0513225301401173 0.0477214665880691 -0.0749726412453972
-0.173721805225062 -0.052809041254965 0.0728461664150829 -0.056804978261498
-0.0907074837685477 -0.142694519939452 0.075711640634679 -0.00162190447902995
0.0495467289142188 -0.169690308111639 0.0753897861047443 0.0369312988128249
0.152923838938054 -0.0963910985052033 0.0506888470375098 0.0519876025567354
0.198030110668536 -0.00157459445315462 0.0664328693316538 0.0524661276726005
0.223842187573974 0.0654106999406347 0.0469473372763759 0.0183755253226122
0.198677118579511 -0.0677477476798092 -0.0380601405436908 -0.025415958477742
0.0887188109443246 -0.172450534131511 -0.0831970176876398 0.0213889413758988
-0.0905762288914965 -0.165314400236655 -0.0283266473598247 0.0935859831039834
-0.186551172542601 -0.0625053304530742 0.0386616014366465 0.0660327353858599
-0.182501130836086 0.055801859050879 0.058974578865906 0.0257087411722372
-0.128346538061556 0.119359044788531 0.0476055305478444 -0.0125579231163281
-0.11160425170639 0.140192605867006 0.0199947541295351 -0.0301225065613607
-0.122883783376781 0.12601342456255 -0.00446316979300423 -0.041004382461216
-0.188651633534012 0.0887789508454457 -0.0155235122389393 -0.0532704902706809
-0.220351985681878 -0.0257103303903844 0.00656343006144761 -0.0769911150384934
-0.151781021525054 -0.149925345358616 0.0461909952539801 -0.0569333476813781
0.025000556368701 -0.226982909775251 0.0796811453494551 -0.00313778835033959
0.1872618599215 -0.136785257638525 0.0514946513149472 0.051619406530499
0.246863303319323 0.00343844095005465 0.00591164625167241 0.0458962098735147
0.214666643785871 0.0877936145222725 -0.0279955477302884 -0.00972624311019098
0.209605792016115 -0.0397554403160258 -0.063592488563128 -0.0261697024311864
0.115437981933505 -0.158914434074239 -0.0811965958667174 -0.0106082093328747
-0.0633140767428422 -0.174966903520625 -0.0497737364473565 0.0304523800737284
-0.17484900973885 -0.0815822799292469 -0.0325872158639536 0.0277737763107026
-0.187105202508819 0.0394568669372215 -0.0227156776692551 0.0423458587914071
-0.137190354965843 0.113965753370477 -0.0165777287493599 0.0389362218268068
-0.110888819619525 0.141191081194402 -0.0267355138629178 0.0269145802862311
-0.114446945452534 0.134985194089937 -0.0510318961468941 0.0165643688884257
-0.177557964605917 0.108689498314758 -0.0721931186518075 -0.0108225244884606
-0.225245546910386 0.00238888171708593 -0.0603760969485165 -0.0685820024156991
-0.178406816701945 -0.132241198642177 -3.98937612060944E-05 -0.0858112710749576
0.00167850215249048 -0.243130565040881 0.0561551533445688 -0.0344130935053968
0.19492323087558 -0.152366323045532 0.0323815597761783 0.0446448767570649
0.260038007154441 0.0107664314274333 -0.0654206955110073 0.0328753129499484
0.174339045714455 0.092261258630542 -0.0889162924423717 -0.0355017430551887
0.181692920521366 -0.0142574476582859 -0.0738728309063535 -0.0185810896121726
0.110469764066773 -0.124043024663683 -0.0521088991556884 -0.0265744692220849
-0.0373864247435213 -0.1468148106073 -0.0361440871102452 -0.032901091498608
-0.136015067849484 -0.0744904763615828 -0.0793258181305567 -0.026657118960675
-0.155906787453002 0.0250100531698407 -0.0950001666764485 0.0401931543694805
-0.119142912839386 0.0935604845421023 -0.0773384411799984 0.0775597999888467
-0.0921786403835786 0.120263992462713 -0.0696936309266503 0.0781819707356057
-0.0927547983680884 0.119937509498274 -0.0885782215481409 0.0728163121588073
-0.144416314317181 0.103745072622275 -0.11380609301813 0.0356459813401458
-0.192490305061786 0.0165193777360498 -0.111265183225417 -0.0445188955181446
-0.164399723050541 -0.104865463000389 -0.0421373997958202 -0.090676723602792
-0.00536047851923761 -0.218233413833613 0.0211223856281013 -0.0476165497148698
0.179816582349498 -0.136158291798573 -0.00100000158844741 0.0347732236049367
0.234622685510782 0.0227271865151795 -0.135193607734466 0.0124094228645895
0.115210278230907 0.0773772416424625 -0.131493703576505 -0.048944544082125
0.131731616086709 -0.00558238537084992 -0.0706970109765992 -0.00313279471366122
0.0762230240121522 -0.0898372199806548 -0.0155768622604009 -0.028461444309255
-0.030744614092422 -0.0956326117428732 -0.010546352374436 -0.0775535340348457
-0.0895508302405648 -0.0418144972789637 -0.102007889093341 -0.06971123982879
-0.100425049966409 0.0199526953248791 -0.143277644035042 0.0319744876837006
-0.0791637098763838 0.0650547503290859 -0.122593320084256 0.10238726141229
-0.0597225839154378 0.0815758641701571 -0.101945691058061 0.116945045504184
-0.0619884575265182 0.0840201061005532 -0.11539789761133 0.116439988467167
-0.0971835320803688 0.0781789136204522 -0.140607933320454 0.0724113954157553
-0.136927059009017 0.0189964883720222 -0.144697306491972 -0.02104955027
-0.123791781029447 -0.0742993809473986 -0.0707506897940493 -0.0841453173939502
-0.00210253386253303 -0.166076118318205 -0.0114825209895822 -0.0509953505756557
0.145119229030184 -0.0956814159920088 -0.0350883959695583 0.0214922811333652
0.171885564878043 0.0341765119953647 -0.189751278875823 -0.0142250564476035
-0.0699043170258311 -0.0479075002465942 0.220514857971873 0.046875564635121
-0.0771257340195851 0.0399513150656055 0.071699272809166 -0.0358979728555622
-0.00381792415687964 0.0810164567975705 0.0177618816367769 0.0451868823147761
0.0596412280285557 0.0308091335959627 0.0684781883701045 0.0894318397149754
0.0552590374607551 -0.0143900040005137 0.164526063824199 0.0241996092768374
0.0391786414230866 -0.0335586381587234 0.173457159328932 -0.0930308632663848
0.0252697037736615 -0.0379744947332098 0.137551192184128 -0.146018231533738
0.0198778696749202 -0.0280614269085103 0.114256145388785 -0.140137639039856
0.0256851914002411 -0.0204418306910012 0.130761556073562 -0.112170172691399
0.0343268275926745 -0.0192450282429205 0.145182335202469 -0.0364569850325816
0.0465700684811513 0.00175811049168346 0.119115227874313 0.0634546836658926
0.0353676486182503 0.0395566449531108 0.0248152343524694 0.106336284302576
-0.0290749331822708 0.0568954996709487 -0.00727029513414001 0.0510360802746671
-0.069607145211128 0.00238532588227934 0.0335214243612753 0.0121093419460912
-0.0422646316323027 -0.0506452337493866 0.142692542901969 0.0485791416585813
0.0268833650258363 -0.0334534525353376 0.219421464319758 0.0560635436678319
-0.0122053038936351 -0.0113717519770607 0.0659673665556875 -0.0244366670186988
-0.00356713909748655 0.00882662200070869 0.0138849694338886 0.0564788474795465
0.00145459992616184 -0.00550358340747001 0.0764628693815513 0.105023034224394
-0.0153014384331472 -0.00976507385916206 0.170176335419202 0.0325022720336326
-0.017246924647618 0.0064127305463498 0.179728251765316 -0.0819560850958415
-0.0145850497287792 0.0166922653259672 0.142803147572969 -0.142466259003264
-0.0248901091499379 0.0254728448904491 0.113678277145152 -0.140747547074541
-0.0324752894576451 0.0178022094416683 0.121634135208153 -0.118699432524832
-0.0441373600435746 -0.0118063076721576 0.137906075905945 -0.05391632840685
-0.0196720771548044 -0.0411554351384024 0.127574578568443 0.0360173512225804
0.0238155966603353 -0.0351664979084162 0.0458646269425531 0.0979384890179519
0.0260492314455339 -0.00390755126775312 0.00808191076000362 0.06646903172191
0.0125131640193992 -0.0121471651499487 0.0280834188988837 0.0239639591430235
0.0415009569394631 -0.0265735794848647 0.134187408971882 0.0539060157489326
0.119935292797703 -0.00563049424440376 0.185113356385692 0.0557142630147513
0.0668340917003613 -0.054138541886262 0.0388620016160748 -0.0190200031856309
0.0120189262596994 -0.0715318235538006 -0.0146800485359678 0.0631553303951234
-0.0549327906274294 -0.056384570072763 0.0603950515495118 0.125972644401133
-0.0900405576773927 -0.0140003771410918 0.155605736092271 0.0538259208588275
-0.0806267780200342 0.0405136322445409 0.166602569005818 -0.0521193069185649
-0.0574959339951229 0.0675045035539988 0.130469990171199 -0.114555813761739
-0.0651967782603933 0.075267386339459 0.0957560340204847 -0.120859440722434
-0.0812636942578227 0.0584217558853647 0.0902426502053736 -0.111255342929521
-0.115836673644845 0.0122015177031503 0.102592741223362 -0.0716273176756261
-0.0976593596321935 -0.0619437272594054 0.115093926178107 -0.0114195607822278
-0.0210418377188638 -0.10178109474327 0.0715807547667644 0.0585743365823808
0.0550926263948921 -0.0855666633047426 0.0441660749757768 0.065045991844315
0.0912017514878593 -0.0470443508705112 0.0374512258649565 0.041628480381705
0.124717944314882 -0.00959151579617987 0.108402165540822 0.0553458431315779
0.190213349564897 0.0303033716276387 0.123186604530861 0.0422504036600285
0.145241104507152 -0.0751263849250124 -0.000261257155647705 -0.0208878419111427
0.0465782088838333 -0.14004703278857 -0.0552632886759086 0.0516826755281772
-0.0894245815467071 -0.117399429983783 0.0181150755783792 0.127778725414309
-0.154564482231638 -0.0338955183697894 0.109035494341164 0.0723344539444957
-0.141265470297597 0.0578277250030014 0.126851259981209 -0.0100833864485644
-0.0979664130099802 0.103158277571726 0.098927234562198 -0.0674702579106669
-0.0958022561360081 0.115330474634296 0.0631759109640615 -0.0817193237618741
-0.11241993795842 0.0970965548697737 0.0458421194825582 -0.0854439367428592
-0.167091467150045 0.0500750404713885 0.0475709281737478 -0.0741023261691773
-0.171859321097612 -0.0535334173136785 0.0723319649757156 -0.0558727519399414
-0.0889022883204624 -0.142017018588655 0.075143140405779 -0.00148899462723523
0.0504312839362482 -0.169044586971822 0.0749153295579161 0.0377294587862948
0.152258654574494 -0.0947697766561999 0.0500707454006136 0.0523848156553791
0.196676100034761 -0.000722582128612937 0.0658236488760911 0.0531432724369235
0.222211714335657 0.065704788709975 0.0467393648508296 0.0187123229692855
0.197650521688682 -0.0652268120535317 -0.0373235469630514 -0.0255351857136974
0.0896946503955285 -0.170702597423555 -0.0833419441414323 0.0205829288363179
-0.0893491457328882 -0.16483739213994 -0.0289745508174777 0.0926155520391491
-0.185181106466712 -0.0626929607460429 0.0375686795371706 0.0657951554219531
-0.180902993372988 0.0544934719579133 0.0585278416549319 0.0256828232009574
-0.128171510130855 0.1175351476776 0.046809405999471 -0.0123037303953783
-0.111870500322429 0.138309194739698 0.0201075546123698 -0.0294727075981096
-0.123410843552999 0.124907309806801 -0.00407523094978656 -0.0404792725298025
-0.187797990919479 0.0870294013808873 -0.0150379684905546 -0.0525272223042336
-0.218497727810091 -0.0266241983017782 0.00726729007189922 -0.077021822903164
-0.149600081321697 -0.149600329473526 0.0463180381490113 -0.0559916671354684
0.0265230349444103 -0.225451673804408 0.079809775632532 -0.00259664835465201
0.187071491916285 -0.13432739127491 0.0512834411001161 0.0517554021768776
0.245137618303618 0.0052598912094171 0.00569819657301141 0.046153327645837
0.212878891964766 0.0885169382946395 -0.027840761692142 -0.00982304801576363
0.208099391702409 -0.0384954497427058 -0.0633175672219927 -0.0269872572787009
0.115875666504676 -0.157263759701307 -0.0809058208079854 -0.0113200059620776
-0.061810699668276 -0.174576503421646 -0.0499353167987837 0.0291679780846076
-0.173043615994526 -0.0818938811790994 -0.0329177115529807 0.0278248994288406
-0.185980173383204 0.0384655850703374 -0.0226292215794139 0.0424288117829838
-0.136490225686248 0.112009801824914 -0.0166656403391219 0.0386324932335263
-0.110500230872738 0.13931753797882 -0.0271272466907148 0.026339599839726
-0.114362223141794 0.133478318438488 -0.0506156184440636 0.0157728321572442
-0.177108083024656 0.107101149844282 -0.0712250862748549 -0.011146510784094
-0.224020070455592 0.00116536121490201 -0.059783466530246 -0.0685858854612482
-0.176271514381802 -0.132682804614488 0.000465798888896773 -0.0848913975421562
0.00354533329451234 -0.240724270617047 0.0569128837099586 -0.0338227033939715
0.194676206065446 -0.15041614914157 0.0320800927964034 0.044479202736787
0.25883232524619 0.0124618648077396 -0.0651611346476376 0.0322868909433334
0.172188408874966 0.0922314274175561 -0.0881483638496811 -0.0354106812543707
0.180682376777555 -0.0131523371634541 -0.0733630619475303 -0.0189181139416572
0.110485224881479 -0.122250332651709 -0.0520134018768324 -0.0266090707758498
-0.0359295277390466 -0.14608295265677 -0.0359044045766137 -0.0332107929183197
-0.13450054509109 -0.074845512503751 -0.079111188089282 -0.0266132508915496
-0.154692399526657 0.0240727838755301 -0.0945159274775998 0.0399199804394549
-0.118629892825981 0.0919254680506273 -0.0772363076448025 0.0767090282400359
-0.0918088540193065 0.119255162491908 -0.0698446386117751 0.0770578498995341
-0.0927567327722255 0.118233220186073 -0.0876977189197579 0.0723806304676485
-0.14383232399104 0.102439674565182 -0.113008408353331 0.0345299319990791
-0.191974897351333 0.0153117413490654 -0.110658820118388 -0.0451621322408951
-0.162571678667204 -0.105647608009915 -0.0409765705989459 -0.0898652708758655
-0.00444786116559372 -0.216856914489917 0.0218142564247509 -0.0475139895076872
0.180078991676883 -0.134261141058902 -0.000930410024932194 0.0345458665220508
0.233130106674665 0.0240305076718046 -0.134288556398774 0.0113162359547016
0.114077456018252 0.0776545833975635 -0.130463253753319 -0.0497559926783791
0.130461621108082 -0.00503548964718028 -0.0702467775155982 -0.00376200456353692
0.0754855175388799 -0.0891699150882315 -0.01522867406017 -0.0285252351352753
-0.0298352522807736 -0.0954141398749999 -0.0101380795674768 -0.0776985492072497
-0.0888832071009101 -0.0420732663063895 -0.101838019412627 -0.069463806837314
-0.100109542730733 0.0192811310516422 -0.14204791155432 0.0313253823433478
-0.0783870185433132 0.0638255369859234 -0.122323180844488 0.101131363599249
-0.0599804937339507 0.0806689601561602 -0.101726286515662 0.115148204224963
-0.0618032078833073 0.0828641780618627 -0.114936861544881 0.115646191432003
-0.097617362630619 0.0769610023249302 -0.140538893097634 0.0709868802009873
-0.136303599901647 0.0177466821707212 -0.143515943421664 -0.0218034787985366
-0.122464510640547 -0.0745511170258132 -0.0701828286912223 -0.0848037143678796
-0.000946385984503269 -0.164901440617269 -0.010738479329809 -0.0507859894733565
0.144863924210851 -0.0940850422944762 -0.0346502352885838 0.0208296714775463
0.170637134776433 0.0349502524163883 -0.188519677632312 -0.0157723965601297
-0.0696835383966572 -0.0485146826210098 0.219608670958224 0.0476735247951292
-0.0771581213967109 0.0391023300530798 0.0716105691193801 -0.0350017254012255
-0.00476066932211869 0.0806653040916004 0.0174437367320637 0.044931545150601
0.0593720843431439 0.0312091924308926 0.0673548606556565 0.0901563910120195
0.0548391027501854 -0.0140364253353916 0.163867646548854 0.0254623278090529
0.039423620589485 -0.0332605284533786 0.172632725496901 -0.0920970743845654
0.0250378550467674 -0.0379615737799242 0.137412369563312 -0.144217552500871
0.0193706664698799 -0.0279407338214916 0.115028267668501 -0.139449719182869
0.0258741241298246 -0.0204517998484393 0.130889393326299 -0.110833932136258
0.0343431109283053 -0.0192011542948167 0.14478478617908 -0.0358738097241816
0.0464925035556193 0.00272951260718342 0.118040029207842 0.0637547395313158
0.0351719207118317 0.0399020237797625 0.0241061829279956 0.105657875879616
-0.0295811220653291 0.0565087427282712 -0.00766257055621748 0.0507879823547527
-0.0697191661203707 0.00218141035217268 0.0332364570074394 0.0128630493735832
-0.041293024768559 -0.0507581001096995 0.141851770623954 0.0497546566247345
0.0271610773543198 -0.0333978347401714 0.218720854892816 0.0576884903045833
-0.0123033384447872 -0.0112425560617361 0.0659227451263275 -0.0241935897354849
-0.00354630638800145 0.00860010973293004 0.0129807024060178 0.0562740820521477
0.00141676845762437 -0.00509800799807575 0.0748833842455914 0.105502125338064
-0.0150237486258234 -0.00951164077869214 0.169400087419621 0.0336820148396551
-0.0172712995445314 0.00585968083268355 0.179999415103036 -0.0810444746586403
-0.0147537962446167 0.0166915113302982 0.142344020599585 -0.141044945581919
-0.0249987243800478 0.0247063985992486 0.113900263682075 -0.139963718980714
-0.032148032812864 0.0176983912675622 0.121492906037012 -0.117983343082649
-0.044137851814057 -0.0115931001328237 0.137116238180083 -0.0529463696068917
-0.0199396508354265 -0.0410621091996309 0.12685392492408 0.0367149021936308
0.0242159220387644 -0.0349181534622022 0.0449364489416675 0.0985876684030923
0.0261854285055739 -0.00396893351897376 0.00777606592208853 0.0660797888501644
0.0123706838876088 -0.0114826968420303 0.0285167223320856 0.0239030490953683
0.0417917026729669 -0.0267691536669079 0.132871733191249 0.0552662572212572
0.11961362865087 -0.00496818580753054 0.184023019831499 0.0562728751927862
0.0666379056148279 -0.0539830545770358 0.0381501969210912 -0.0180679101355268
0.012067042189071 -0.0710580539859392 -0.0156414209958618 0.0627706260572925
-0.0541342262423089 -0.0560900395176462 0.0592821299405566 0.125937951599742
-0.0897278053314887 -0.0142105962723205 0.155028454574266 0.0542106211943348
-0.0802917560506961 0.0399222622637954 0.16632376069743 -0.050625099157952
-0.0573145151000608 0.0665711714937874 0.130348489904274 -0.113011056532524
-0.0655591541978218 0.074937781253903 0.0956094091853279 -0.119788942738398
-0.0807840981043749 0.0579888670229227 0.0904929270331568 -0.110397157859599
-0.115764741202706 0.0117829976642028 0.102567499083218 -0.0707296303514799
-0.0970386918726409 -0.0620790471109789 0.114479596671739 -0.0106961902726571
-0.0197288190615099 -0.101442880184885 0.0714116304887926 0.0586482270537297
0.0552880042696486 -0.0848982567482043 0.043966839706837 0.0649596461827257
0.091474684863006 -0.0462028728477435 0.0368926779238146 0.0423241588018754
0.124623033911491 -0.00916450882638435 0.107936012434725 0.0554489117820853
0.189346580688674 0.031429781348767 0.12281667378981 0.0434131261232767
0.144787791755043 -0.0742061527839998 0.000220111335940689 -0.0204002326417705
0.0472780522478982 -0.139235834855022 -0.0558868787607232 0.05096817505179
-0.0883456628563151 -0.117524943881198 0.016865165515825 0.127482558189406
-0.153435101892422 -0.0345331695388293 0.108286610613946 0.0729647270639213
-0.141101100236202 0.0564598368938241 0.126261328906336 -0.00953594853880598
-0.098044134730082 0.101548254263925 0.0981619745045537 -0.0666756395590609
-0.0960691101630695 0.114475918504746 0.0634440687151821 -0.0813205865163678
-0.112402375599808 0.0958475454729978 0.0456195072482692 -0.0847549337446661
-0.166526266753744 0.0487045829282314 0.0475187420573824 -0.0734357813863018
-0.170805539995668 -0.0538867302421535 0.0717685624058963 -0.055900422074233
-0.0873117597037268 -0.141694427938888 0.075117370949509 -0.000271563218869514
0.0508166328863894 -0.167313679360555 0.0747322020683022 0.038311832134634
0.152440742603726 -0.0933135252021827 0.0502053694556354 0.0529046001812004
0.196369045482616 0.000846813075891385 0.0650416795103759 0.053007090100062
0.220935953848489 0.0662213596319932 0.0464396443546521 0.0194857379840688
0.197390381537547 -0.064122411320471 -0.0369413643504851 -0.0258936347272866
0.0901586008535324 -0.169783636868913 -0.0834559492617813 0.0203339242629755
-0.0876715365966828 -0.164581194945294 -0.0301308148938971 0.0914023324933308
-0.1833879577732 -0.0631000502509172 0.0368640426766176 0.066273020477185
-0.180747550397464 0.0529932244505161 0.0580277262517683 0.0262465850418365
-0.128439741803675 0.116502160135974 0.0468019532566462 -0.0117996040727651
-0.111700277828443 0.13675741335662 0.0201995682751675 -0.0297141889893083
-0.123243413179232 0.123248959774008 -0.00409642895768255 -0.0403482504484871
-0.187445190116036 0.0857986076673817 -0.0148662420625739 -0.0529048201186119
-0.218221822067191 -0.0270816181737672 0.00681153273232537 -0.0764740904312341
-0.148482270654633 -0.14987838502551 0.0471496497056347 -0.0552542968057187
0.0273722049555872 -0.2246470437526 0.0798668412360234 -0.00138866941562509
0.18776164288862 -0.1330891352865 0.0504402794086653 0.0528981111505901
0.244254985652934 0.00675011265359227 0.00520640567208952 0.0458162231890377
0.211316813017223 0.0890060766454407 -0.0273459720478621 -0.0100308445567705
0.207315750409603 -0.0366086095572008 -0.0625257996053682 -0.027108208085446
0.115910376299928 -0.156037652134942 -0.0810451402645106 -0.0120228745682275
-0.0604556113037393 -0.174181586504635 -0.0500025273152958 0.028710606249686
-0.171955823793646 -0.0826600878699306 -0.0335490731929632 0.0274559022489124
-0.185644292423934 0.0367553527262036 -0.0226287420319001 0.0422949690232115
-0.136591794137331 0.111383719183998 -0.0164088547492193 0.0381560648794643
-0.110575631495201 0.137708438277617 -0.0270523056918245 0.0259424915778145
-0.115042246070175 0.131466232880059 -0.0509210714930112 0.0151928481354395
-0.176386926072238 0.105559346418155 -0.0713791318192909 -0.0116376114029032
-0.222429881533706 0.000409942708548028 -0.0594611841698982 -0.0687952423766077
-0.174753156543248 -0.132836716566464 0.000980856670240946 -0.0845231242367312
0.00434085419460438 -0.239921865073904 0.0568430376966947 -0.0330739194044157
0.195241367467616 -0.148674319920822 0.0320355508062935 0.0449651029929837
0.257727632748765 0.013983357205779 -0.0651306460254578 0.0320987896725412
0.171026641741292 0.0926471206315602 -0.0881932416272852 -0.0358857871312133
0.180582674444854 -0.0125733567857282 -0.072529011925731 -0.0192633167350021
0.110934915569941 -0.121232481308919 -0.05164355871119 -0.0267566930401108
-0.0350057071662872 -0.145528608929649 -0.035788834185187 -0.0336072101296077
-0.13351606573885 -0.075039704402836 -0.0791502844350057 -0.0271315957380714
-0.153673875629478 0.0229050159201461 -0.0940222966251455 0.0392729659376539
-0.118914335288687 0.0910549566489302 -0.0773143150768644 0.0757160911574242
-0.092299396106212 0.117513497847631 -0.0699567634044035 0.0760220544261541
-0.0933486686348479 0.117192276808719 -0.0887546508162582 0.0712882674247751
-0.144158295289441 0.101281238636968 -0.11283277801064 0.0338143043841905
-0.19091169644327 0.0141081498175832 -0.110735951073036 -0.0454901940243872
-0.16127869670644 -0.105762784360235 -0.0403788264483621 -0.0901721778076992
-0.00286680123212854 -0.21571338427689 0.022541958702866 -0.0466560768293477
0.180368436925092 -0.132401047375638 -0.000670628703622378 0.035118802908084
0.231830799631853 0.0253844274643442 -0.134212548699181 0.010479387843494
0.113298392771322 0.0779758402047255 -0.129858371941813 -0.0499203162478381
0.130184251152812 -0.00434658900918173 -0.0695407126287005 -0.00364750502824862
0.0759615377911582 -0.0883229098385019 -0.0148762656714127 -0.0284338066251797
-0.0296227577558247 -0.0953150093867103 -0.00981188710205894 -0.0778178501519647
-0.0886546389281928 -0.0422992353229657 -0.101440128108878 -0.0699257008366775
-0.0991500575647873 0.0186588161157906 -0.141608042443707 0.0304670000494856
-0.0783101452186641 0.0631335002440517 -0.121233711287442 0.100101365627165
-0.0598522044679051 0.0795723802621159 -0.101758497472792 0.114435630405314
-0.0623675609890545 0.0822176079093772 -0.114748512361635 0.114210692891318
-0.0974587564595428 0.0757604536247017 -0.140228871030333 0.0703257689768202
-0.135607762860897 0.0171355581432201 -0.143378415786078 -0.0228253319579813
-0.120762681224211 -0.0748507404119848 -0.0688586917501985 -0.0845668058173326
-8.79958183688061E-05 -0.163895331990584 -0.0103618377305688 -0.0503013894770279
0.144803003189582 -0.092587745410981 -0.0342727872971137 0.0212606243627093
0.170295404279913 0.0363313108144876 -0.188047702891179 -0.0165858942334398
-0.0690460058282216 -0.0490811213597939 0.218810717332913 0.0494506124209889
-0.0771604103304893 0.0390417257242421 0.071601924240255 -0.0352733091595779
-0.00503148255819621 0.0807612201913537 0.0171261167538411 0.0443324189518033
0.0588552728284177 0.0315712332773097 0.0666748757666055 0.0907661111079585
0.0546742063114458 -0.0138880019141565 0.164450415615507 0.0267208620239827
0.0395327376932994 -0.0329473534975085 0.173372265927529 -0.0913153314124347
0.0252139136579411 -0.0379440398343637 0.137805174646989 -0.143264744472333
0.0196608042202084 -0.0274578627858214 0.115293806026147 -0.138665668388509
0.0257785700603494 -0.019719990993196 0.130682564468986 -0.1100562928608
0.0346756371595433 -0.0189854720152553 0.144766956549596 -0.0349737648241807
0.0462629842188286 0.00277112554584916 0.118013800969869 0.0642687378639579
0.0346846430961618 0.0397666011411 0.0236434304125383 0.106229224424007
-0.0293765797355207 0.0564818702882331 -0.00834652322301401 0.0503289837576311
-0.0698313153396118 0.00148640745890256 0.0326980822234351 0.0128739060775671
-0.0409682145840328 -0.0514743583063328 0.141811649808518 0.0505576739652928
0.0276433619655944 -0.0338060518101972 0.218464337181469 0.0589255046645946
-0.0122381462528373 -0.0113799732604045 0.0651901919424284 -0.0233506437265303
-0.00385539433844737 0.00890722117317539 0.0124518739954457 0.0559119157967882
0.00167990329998609 -0.00518695372495612 0.0740047234625969 0.105706316135621
-0.0152238734544699 -0.00952197520008177 0.169394642886265 0.0348760588292664
-0.0170577061993397 0.00609147346711337 0.179724127328167 -0.0800274528886878
-0.0144959570163298 0.0165800143353702 0.142888680149107 -0.139980915555543
-0.024917909990386 0.0246421098341919 0.114532277740499 -0.139114480363316
-0.0321881960507688 0.0171479823852892 0.121564940839544 -0.116326102796197
-0.0440254884728633 -0.0122610790356825 0.137043367944255 -0.0527001811976818
-0.0193308279164466 -0.0410982084825828 0.126664216725136 0.0377607373445308
0.0239020938236462 -0.0346149895979572 0.0444128237245089 0.0983311223857902
0.025957575276831 -0.00349476796591643 0.00697208140650717 0.0660368401782941
0.0126477312953367 -0.0115706971831232 0.0275666520976034 0.024468141357369
0.0423945354945277 -0.02647328112394 0.132625369345142 0.0555539979831394
0.119703772256194 -0.00442460626525709 0.184334893016348 0.0574165755031038
0.0669288411667476 -0.0530858391148801 0.0380286170062183 -0.0181574422077028
0.0126734881296639 -0.0713185245112061 -0.0167832747519489 0.0626323336889497
-0.0536797399186245 -0.0561097325001269 0.0580616813841673 0.12641877140469
-0.0896851472124171 -0.0148003474831763 0.153724619231558 0.0559504093840996
-0.0807026018274031 0.0392497382032019 0.167029006092048 -0.0496820808690585
-0.0574609750579178 0.0657886870495564 0.130589934351555 -0.112216561190179
-0.0657827512801563 0.0738250089192341 0.0959499497345662 -0.119232522214523
-0.0812642584605403 0.0572442268163757 0.0903556118301402 -0.109872133971459
-0.115393836525704 0.0112737921256498 0.102817625502197 -0.0701011436827007
-0.0965567646715123 -0.0627433383481612 0.113940661282196 -0.0103106811102169
-0.0195507841443865 -0.10144594537946 0.0712695805299103 0.0593226548263523
0.0562704719876766 -0.0844784747557583 0.043093263064902 0.0652076771296018
0.0916468255832747 -0.0454939523229825 0.03637210819424 0.0421056047398803
0.124949454450134 -0.00844503270867249 0.107213634555979 0.0564638142313115
0.189017044223135 0.0317136556980634 0.122608869668482 0.043516464420275
0.14538543981819 -0.0735449746909468 0.00019886241561559 -0.0206865197943296
0.0485690163145892 -0.138959624537881 -0.0569389334296476 0.0502865755027926
-0.0873457031029399 -0.117703189438569 0.0161093218390916 0.126932330691357
-0.152781769812019 -0.0355142918171171 0.107399875273175 0.0738024746212073
-0.140812411106474 0.0557745884737433 0.126114159938523 -0.00882938487098875
-0.0986366021288572 0.100993084966229 0.098714321077822 -0.0662214546906536
-0.0963200082573443 0.113720762981258 0.0635098926410014 -0.0804786062288049
-0.113012049955854 0.0947137706782369 0.045902337925881 -0.0850581454576059
-0.166692863955785 0.0479779322548918 0.0478480148769152 -0.0734679779111636
-0.17088510257415 -0.0544418948804547 0.0716559022113257 -0.0553623364255045
-0.0862354535029111 -0.14204771126899 0.0753470942990537 0.000380905193017091
0.0519344033762991 -0.166775924002558 0.0747021155180248 0.0388369891899067
0.152814408535005 -0.0925912260532216 0.04954625233719 0.0540450170934995
0.197041936631198 0.001524102628385 0.0646726010451844 0.0540327867926401
0.220360124046952 0.0672102205178308 0.0466238646118915 0.0199357086021631
0.197871488009759 -0.0634726798360102 -0.0366855216985272 -0.0265147215344151
0.0907096761840088 -0.169337456307727 -0.0843113451080118 0.0195929047506928
-0.086480704000121 -0.164198401493101 -0.0306387547354584 0.0914208550148747
-0.183573744268851 -0.0640707211480871 0.0355962156270095 0.0667281202060463
-0.18069214971999 0.0522860506651991 0.0580561176342862 0.0270469501340219
-0.128588568313503 0.115467250855006 0.0466676165172696 -0.0121967587817934
-0.112612120568685 0.135981257451457 0.019969675325935 -0.0294254621300872
-0.12393832317943 0.122080508991788 -0.00445873439075425 -0.0404624968739679
-0.187933630241175 0.0845142610782902 -0.0152403476729912 -0.0529471564174844
-0.217353083592077 -0.0281363014686837 0.0066018103402424 -0.0764762157284521
-0.146881440821844 -0.150136648864483 0.0475171227648485 -0.0547422763550799
0.0284642187765931 -0.224147183667569 0.0803519756859409 -0.000710130921968715
0.187945867853091 -0.131512902149014 0.0506920178567293 0.0535000944419842
0.244221647432918 0.0074762912561396 0.00475961014100677 0.0460707352260307
0.210947058806077 0.0901243711868707 -0.0271353706225338 -0.00971967254953268
0.207780011537575 -0.0358631697644017 -0.0619610814360839 -0.0278566613336605
0.116401508894405 -0.155116276607157 -0.0813735783114018 -0.0122311240310582
-0.0590863930864359 -0.173916730605444 -0.0508024828413516 0.0280524151370166
-0.171085107395095 -0.0834792018410096 -0.0342670331217668 0.0278312566522138
-0.185089029982131 0.0358233683746568 -0.022984721561985 0.0428447088957602
-0.137052520634924 0.109792849368275 -0.0168860907987458 0.0380390612166511
-0.111336342932918 0.137148342080632 -0.0272962331799103 0.0256683010896075
-0.115430937047567 0.131158637603926 -0.0507292294755826 0.0151390871687
-0.177439512876238 0.104561664275626 -0.0713907112832021 -0.0120447240863829
-0.222642322461196 -0.000515276378529692 -0.059888533102777 -0.0696889630733807
-0.173573294874819 -0.133789898046744 0.00151709787185129 -0.084202723478925
0.00566094645052537 -0.239676144388225 0.0576587567933117 -0.0325446512137573
0.195895200710621 -0.147114134734957 0.032388759042644 0.0459933016927885
0.25763065619306 0.0151266889063209 -0.0649087020479225 0.0317118065649587
0.170272528960283 0.0930054578988825 -0.0875317157396292 -0.0359743370286828
0.180278228805663 -0.0115969859399235 -0.0717587769403069 -0.0195926301236164
0.111408384430193 -0.120109040628174 -0.0510604688001598 -0.0269068774443018
-0.0337761317353008 -0.145536811939327 -0.0358857308142229 -0.033735827981405
-0.132849808269771 -0.0758364548587181 -0.0792640862579541 -0.0270211405577397
-0.153564873368582 0.0220314217274357 -0.0942959390140995 0.0388001740585892
-0.118809343847537 0.0905964022610106 -0.0771333112015789 0.0754977047452029
-0.0924563754168185 0.11694755522005 -0.0702872276289763 0.0760507387986554
-0.0938658428487555 0.116561270710056 -0.0885740669609855 0.0709810074894012
-0.144213775579379 0.100424167767662 -0.113296831869153 0.0331685074000577
-0.190423466472462 0.0137297063068524 -0.110557898943585 -0.0466775127946425
-0.160288383433342 -0.106625474968763 -0.0395518865630925 -0.090182126943648
-0.00133881832602947 -0.215412827451824 0.0230966066180163 -0.0464327390534409
0.181206043636828 -0.130900117453459 -0.000754908617813795 0.0349734915164775
0.232295408504586 0.0269801879544776 -0.133794340012553 0.00967403303523992
0.112445984382564 0.077977801333785 -0.129193334637655 -0.0507018745024396
0.130599749924658 -0.00398342748789699 -0.0692358527035693 -0.00426828550691464
0.076193251132809 -0.0879687097180227 -0.0145815044635764 -0.0279851860845959
-0.0286516807179849 -0.0947505496356782 -0.00888849386496236 -0.0780146029172159
-0.0879566985571051 -0.0428041149684826 -0.101821118008977 -0.0703205244979487
-0.0989645933025829 0.0182603240379359 -0.141483228073083 0.0307671389817027
-0.0786935948363157 0.0627672616049854 -0.12151382821171 0.0993173140170026
-0.0604416630589323 0.0792318463055029 -0.102595480299815 0.11330012919291
-0.0628434453472302 0.0813352851377865 -0.11571847728913 0.113416572951175
-0.0976725016618318 0.075034336695953 -0.14049218622453 0.0691553299139604
-0.13541423250424 0.0162537202367011 -0.142835993334922 -0.0233600240692364
-0.120747813586752 -0.0752818087544096 -0.0683540494057061 -0.0852416559186594
0.000933910282870924 -0.163827993344055 -0.00930572952700968 -0.0499086531009665
0.14541289075026 -0.0917420822743524 -0.0345645251438304 0.0209485787020286
0.169561183999598 0.03734519677501 -0.187516770770264 -0.0174267462102182
-0.0689270239729641 -0.0498371324185888 0.219370449493278 0.0505806056288417
-0.077552076748392 0.0382967362740974 0.0719922401123214 -0.0346572002983735
-0.00530147452971805 0.0808781769679646 0.0164180054126622 0.0447120738387447
0.0593799060177033 0.0319991987520837 0.0660857270056294 0.0921394428456758
0.0545775385936303 -0.0134639685302311 0.164325834855506 0.0279254617443948
0.0398470992754792 -0.0329035538630583 0.173502113542602 -0.0907113416342745
0.0255418588516831 -0.0373655077266142 0.138612203532013 -0.142535478889519
0.020054077972433 -0.027713572239656 0.115192204756238 -0.138147910126621
0.0259985183969607 -0.0199607001721567 0.131714893677866 -0.109779071972188
0.0341965787994085 -0.0184865264173455 0.144933907504243 -0.0343919580645382
0.0461843373900623 0.00309462454501075 0.117016909456441 0.064996467488836
0.0343927886086147 0.040393520440343 0.023444943938506 0.10577791699506
-0.0297505111104181 0.05650955579694 -0.00844482165025898 0.0500723549596412
-0.0697022140906648 0.00176632640514407 0.0322767533189283 0.0131741851826288
-0.0406352742214731 -0.0513033653962212 0.141236519966901 0.0511226668364336
0.0276687599153629 -0.0335634008513856 0.218612369502474 0.0593197664646551
-0.0123588888210728 -0.0116581706302541 0.0650876882455133 -0.0235129588005565
-0.0037199466276246 0.00897287657847015 0.0119021724455257 0.0560255808932405
0.00175376124033808 -0.00484960546121998 0.073650523590579 0.107402188331989
-0.0149517807474081 -0.00967001801068645 0.169144192716937 0.0361961992209592
-0.0174345359365085 0.00588283609998949 0.180273923386191 -0.0793899260801239
-0.014928179461937 0.0166380630681172 0.143506438327159 -0.139308274157297
-0.0252390581138032 0.0248677946916943 0.115046409180736 -0.138740603264882
-0.0324094258902043 0.0172966987074356 0.122474959711717 -0.116036212180013
-0.0440716488709518 -0.011841099325512 0.13719665675324 -0.051825074436311
-0.0187668907930513 -0.0411702547823875 0.126187271523822 0.0378608015700715
0.0240704043136469 -0.0345157078192472 0.0444654715366743 0.099016975230277
0.026015624146947 -0.00325499735106275 0.00690794660438395 0.0660787628788024
0.0128464536288096 -0.0113167009924404 0.0273013268535602 0.0250911131338233
0.0429609357596297 -0.0264720548596854 0.132082108748334 0.0564906972225041
0.119988836421264 -0.00452685195262873 0.184256272526657 0.0582273158490612
0.0672059788147553 -0.0534637721497782 0.0381731959063869 -0.018316473948295
0.0127674312240952 -0.0710734510548522 -0.0173759914069185 0.0628975655798466
-0.0533759974858719 -0.0564568736302514 0.0574138778620641 0.12720542720285
-0.0894296494013993 -0.0149898345995635 0.153735222075833 0.0570602576182802
-0.0804842170492785 0.0386081302228573 0.166535988431374 -0.0489228454336357
-0.0580987281205492 0.0660308329837375 0.131217696497128 -0.112072311709793
-0.0661057495563991 0.0739258231420402 0.096170215793223 -0.119049613490863
-0.0817642890304071 0.0566060915888691 0.0908011976201056 -0.109461115977891
-0.1155492928565 0.0107915209398376 0.102827377692654 -0.0697776585297165
-0.095939837715504 -0.0627212325708248 0.114023840367078 -0.0099248486928441
-0.0189202532670002 -0.100927877190674 0.0709916448051607 0.0599932224818211
0.0561770839049965 -0.0844292761946534 0.0424648111603868 0.065605431630104
0.0921788898737044 -0.0452293615804811 0.0360245708840166 0.0430763829318012
0.125829112565686 -0.007984365136332 0.106897980336246 0.0572761218840525
0.188976838112272 0.0324643870159512 0.122536201112948 0.0448886887946781
0.1458776291293 -0.0726919045621127 -0.00034563014024218 -0.0208889405142694
0.0487799105077701 -0.138696958575057 -0.0572944050138188 0.0502329919026729
-0.0868876344002042 -0.118259350447255 0.0146757225978341 0.127750206551879
-0.152943985778107 -0.0358174608303306 0.106453510638013 0.0748293468163456
-0.141071147036066 0.055238899070655 0.126166250336232 -0.00808492894005975
-0.0996407954934694 0.100322678125999 0.0985095421770107 -0.0661934025915642
-0.0966984185221344 0.11337085692093 0.0637042323441018 -0.0803563830883793
-0.113302453843297 0.0939147123449883 0.0458795109135286 -0.0840342668310517
-0.166950184743887 0.0475265104150655 0.0480586319933022 -0.0728728179583645
-0.17045178650525 -0.0549065759483574 0.0715768016665014 -0.0554439269283721
-0.0859272029467913 -0.142412160604042 0.0756298763902868 0.000568733838285505
0.0529190017262983 -0.166591640359121 0.0746754884592269 0.0392416414792983
0.153640856506454 -0.0919159509681505 0.0492306126193179 0.054513934688676
0.197458610717598 0.00190215197982213 0.0639362725237169 0.0546103354037473
0.220469404443445 0.0681084756886437 0.0467673878516871 0.0197727514181194
0.198027822854426 -0.0623909981516227 -0.0369602221598157 -0.0269665973402733
0.0919785288375021 -0.169426352775879 -0.0847296462055983 0.0190341082483937
-0.085171507923258 -0.164809446008147 -0.0317182404966269 0.090931688520342
-0.183052126455012 -0.0647580298928512 0.0348866341428856 0.0673226578550062
-0.1806103837409 0.0513092797260011 0.0576978556481727 0.0274487563166176
-0.129498347321466 0.114649988025757 0.0465241816171297 -0.0117443803302042
-0.112575118620785 0.135695625123961 0.0203966940006093 -0.0294352124851605
-0.124765431431374 0.121354605677769 -0.00466167151344479 -0.0404037374163479
-0.188018253504707 0.0838652276908955 -0.0148519240680221 -0.0528624337529253
-0.21716190031112 -0.0289329983077707 0.00671521627675133 -0.0770059378408553
-0.146336618844206 -0.15024891224018 0.0479044465414976 -0.0540234926390233
0.0292127872140793 -0.223774160451126 0.0806295674490627 -0.000183630089950162
0.189517630841003 -0.131155315513055 0.0504345852581512 0.0540934942914088
0.244825592957758 0.00870212548809128 0.00439703258597883 0.0462785354075963
0.210857962279103 0.0908360061383852 -0.0274258402800583 -0.0100737418568872
0.20807716361207 -0.0344772575251124 -0.061736308888921 -0.0278691672526246
0.117610153728343 -0.155238039174984 -0.0817877334544171 -0.0127494029743669
-0.0584584513096195 -0.174710666186346 -0.0514473569057248 0.0277088017772282
-0.170607324742643 -0.0841249044215867 -0.0352511168464007 0.0275091775576406
-0.18505289651225 0.0359565156188073 -0.0230772240288127 0.043199931871001
-0.137165051346797 0.10983575556703 -0.0166324156177883 0.0382794211232311
-0.111559347093991 0.136412104382084 -0.0275404400956661 0.0255438208404365
-0.11673481545434 0.13023325443537 -0.0508834383237055 0.0155072185387973
-0.177615699917938 0.103714094743703 -0.0717096153905267 -0.012241697330545
-0.222781538993279 -0.00143411765028809 -0.0604134043937576 -0.0700626612638397
-0.172664426174217 -0.134522318950494 0.00173869105977156 -0.0846026031963769
0.00750959332178587 -0.2398722283628 0.0584412902978005 -0.0318065779560055
0.197209030463923 -0.146254269315118 0.0322758871449098 0.0459906813874531
0.258348417736813 0.016191533046681 -0.0654802386635833 0.0315352364208212
0.169938086837255 0.0945656121913184 -0.0868575632753774 -0.0366126223078836
0.180528834896345 -0.0107431875462229 -0.0714947721914379 -0.0197785557961367
0.112267606759538 -0.120064238949926 -0.0509132116543095 -0.027195160078936
-0.0335134842015055 -0.145820807775889 -0.0360487445981311 -0.0340321452520875
-0.132101916470665 -0.0761750432563344 -0.079529394409154 -0.0268500795243497
-0.153494879626014 0.0217464589285993 -0.0943555164746056 0.039054873072067
-0.119510769945625 0.0898004196544865 -0.0775907128697669 0.0751041217298653
-0.0931069159094445 0.116127178746423 -0.070685555196139 0.075503683878919
-0.0946509376649072 0.115674047316023 -0.0891067086037601 0.0708183247711437
-0.144342244736909 0.0995271440654121 -0.113291835093889 0.032572470286343
-0.191001729833547 0.0128297972435993 -0.111067843410653 -0.0475133660629119
-0.159708202631481 -0.107446119717925 -0.03927288139286 -0.0902676909913646
-0.000521182115462936 -0.215683338931805 0.0239928784187227 -0.0457031227085287
0.182031053573324 -0.130659371219547 -0.000704409285742227 0.0353034746386441
0.232075163543655 0.0276718670637146 -0.133751295509031 0.00958495954175524
0.111975732357391 0.0785392822417758 -0.129452498467975 -0.050984129577505
0.130583144409688 -0.00327788918757875 -0.069303117215411 -0.00469656303990117
0.0765207740133643 -0.0875827784664393 -0.0144355613097311 -0.0284654005497311
-0.0282516534055648 -0.0954695342463168 -0.00900318185686146 -0.0785829527437156
-0.0880984200565713 -0.0429842253887904 -0.101568084140721 -0.0705574037282066
-0.0991626548989796 0.0180975668446489 -0.141579984081821 0.0302768669327977
-0.0793487314696519 0.0624925425878575 -0.121757919118535 0.0992416698948051
-0.060612291853287 0.0787246906723571 -0.102846587258837 0.113312083420509
-0.063308400020813 0.081158369420453 -0.116064882919326 0.113283108841601
-0.0979413025677916 0.0749205331815321 -0.141335192105428 0.0682579637692015
-0.135589334320123 0.0158120105571977 -0.143529574816657 -0.0245366505148229
-0.120143146990116 -0.0762526122370028 -0.0677288798775628 -0.0858262960989137
0.00206602065316034 -0.163582811158964 -0.00872404999914445 -0.0497548012414958
0.146448318421557 -0.0916399686790557 -0.0341553513768168 0.0210958607711237
0.169433523583076 0.0382662056956093 -0.187746730069688 -0.0187589766694144
-0.0686971371857452 -0.0501718446298893 0.220172502356654 0.0506387352478715
-0.0778544204153153 0.0378907789867984 0.071890022850512 -0.0349906567540803
-0.00617409156602553 0.0814237036935023 0.0163023913024091 0.0448563158850025
0.0589311753413688 0.0325539653538136 0.0659837197437144 0.0929936079853557
0.0551435756424535 -0.0131456118970043 0.164962779464603 0.0284418765914883
0.039743002200658 -0.0325435641473021 0.174813537673619 -0.090526895000373
0.025638728047631 -0.0374478014345194 0.139028939990361 -0.142496017932018
0.0202329081320179 -0.0276002458161793 0.116703389974953 -0.138384881453102
0.0265541901782084 -0.0199977903530331 0.13161502585971 -0.109195818120826
0.0346840794593433 -0.0185149759503213 0.145442963045057 -0.0344505634313325
0.0462857781088873 0.002735878110169 0.117573863940091 0.0658354069459239
0.0344514025989849 0.0402640402710619 0.0231067929885891 0.106540038375895
-0.0303707092035481 0.0564775043562609 -0.00871284849980131 0.0499921711479154
-0.06983471599178 0.00182000364897741 0.0321346165925895 0.0134700242720794
-0.0402728619943637 -0.0520333413760355 0.14181735535698 0.0515070413160299
0.0280708840308435 -0.0341190676343147 0.219348289914716 0.0603077323412501
-0.0122667992340623 -0.0118891254790879 0.0655236459704548 -0.022860493256703
-0.00387833979086101 0.00838579224999843 0.0109785246082151 0.0559788325877857
0.00189593155185791 -0.00504456026582846 0.0732149731422402 0.107888987055313
-0.0151566316169493 -0.00965553356809982 0.169452155658012 0.0372035554307649
-0.0173026664845916 0.00581318051283226 0.18121397551695 -0.0787244006369433
-0.0147907556382169 0.0163090206194065 0.144295450553783 -0.139436547528103
-0.025411304987455 0.024580204223447 0.115913188093712 -0.138736206224481
-0.0321807833281018 0.0169868317316332 0.122602168040231 -0.116115093709468
-0.0445039532197047 -0.0119535549500962 0.137603671622715 -0.0514002367859329
-0.018757578991622 -0.0415640541890239 0.12682762599593 0.0386243851028295
0.0245116848575555 -0.0344091597185228 0.0444868023424097 0.0992976216394098
0.0266273570286111 -0.00289371013004784 0.00613538843066784 0.0661183164176708
0.0131016184251376 -0.0115348184996027 0.0268142864216155 0.0257785331823659
0.0434679302536946 -0.0264344975247324 0.132517653791729 0.0572157151752308
0.120368396949777 -0.00470353200661147 0.184961829349678 0.0591412770181992
0.067852099249388 -0.0529003473674803 0.0382111980101718 -0.0182067623466
0.0133626649096857 -0.0709363906462201 -0.0181332854844455 0.0625920798702052
-0.0530580756109744 -0.0565916993949171 0.0569255861242497 0.128206003830342
-0.0897098595754642 -0.0154015312897177 0.153907901632508 0.0581768752967714
-0.0811836622005383 0.038679465460114 0.16734374271236 -0.0485916101532625
-0.0584025322527506 0.0657889717858687 0.131485144461253 -0.112089110381491
-0.0661454841172819 0.0738846057771017 0.0969773739374899 -0.118964726726609
-0.0816044294610356 0.0564940689829237 0.0907885716120491 -0.109378684150737
-0.115816146302366 0.0103962876095733 0.103363343737979 -0.0704966926415801
-0.096450021791324 -0.0631334283110301 0.114126778848462 -0.00991651990190077
-0.0184710147640373 -0.10148390905735 0.0717456247423885 0.0604277532185266
0.0570421211717152 -0.0842256920764265 0.0427831872888363 0.0660770757851284
0.0928783051554331 -0.044672505310072 0.0361294531070004 0.0435393837068738
0.126348010545894 -0.00757852730619113 0.10688195180421 0.0579579850368848
0.189519670672575 0.0329674438371048 0.122862673704063 0.0452260509928934
0.146276906061865 -0.0722479682639737 0.000246442114718681 -0.0214337365450732
0.0500669092508502 -0.139102863724738 -0.0589505576299155 0.0500714821017761
-0.0863570796118073 -0.118730280731033 0.0143184190105065 0.128373824306866
-0.153367211443985 -0.0364773857506353 0.106363584722354 0.0756183781280355
-0.141770196075806 0.0550657812965228 0.12671927828835 -0.00764453770402837
-0.099899410173736 0.100319130271923 0.0986475581190617 -0.0658637920279788
-0.097572562758976 0.113131452087083 0.0639661992569818 -0.0806803684268302
-0.113674322587329 0.0940990420434132 0.0454185430691045 -0.0841396501770268
-0.167744806538416 0.0474579560787247 0.0480759328605441 -0.072966382329792
-0.170880774496904 -0.0556030317753959 0.0717745232073769 -0.0557420514249306
-0.0851741856761297 -0.142652441256323 0.0761374738389043 0.000664703970901907
0.0542339613534222 -0.16708197766573 0.07531861317125 0.0401105199389934
0.154492016609261 -0.0918942715693913 0.0489481393699342 0.0548584884552023
0.198045643826012 0.00290750875386172 0.0645412082524627 0.0549312060891253
0.220616510813979 0.0689713348554782 0.0470915225925182 0.0200054050608449
0.199097515341895 -0.0619988845140829 -0.0369371524893062 -0.0275642233705718
0.0924246317238 -0.169397056659562 -0.0852795898531494 0.0188033680516855
-0.0854179658204839 -0.165692624336194 -0.032611100599078 0.0911811294498839
-0.183172542231809 -0.0660129414515812 0.0336764010970043 0.0675415989300887
-0.181516459897079 0.0513538893147801 0.0580980415888267 0.0278307159818522
-0.129971884035509 0.114765530637828 0.0468718937839733 -0.0115534619006712
-0.113287762816584 0.134596759257424 0.0202326156328279 -0.0294051418576466
-0.125365409494361 0.121355057341661 -0.00429535227216819 -0.0404409157479263
-0.188991040098005 0.0836076820770843 -0.0149810712343802 -0.0529256315592671
-0.217854684713228 -0.0291696394527408 0.00628892917442549 -0.0776514558492409
-0.146207482195488 -0.151832932524916 0.0484154483492604 -0.0543181747247433
0.0307166681018086 -0.224584254090614 0.0812970972223251 0.000709246299266424
0.189920514578551 -0.131044253310999 0.0505693189250989 0.0552898087182607
0.246368045628922 0.0093507471055076 0.00426121202659365 0.0469321747736928
0.211190947980053 0.0912195630728641 -0.0272456145606828 -0.00986255553973051
0.209348933698775 -0.0345741931903924 -0.0614764849255091 -0.0287374643862045
0.118182998047555 -0.155472285759915 -0.082442873207835 -0.013183819083769
-0.0580434933052943 -0.175150762893447 -0.051861619204814 0.0268749693986408
-0.171212739662427 -0.0849887617925869 -0.0360159281615593 0.027917318614247
-0.185070622681299 0.0354033701938499 -0.0231052309625363 0.0432711097473228
-0.138083069053384 0.109305473160773 -0.0173436319392627 0.0386522896863487
-0.112151124748231 0.136092260411512 -0.0273491320511005 0.0256588439696188
-0.117219754782583 0.130309353565597 -0.0516744853804135 0.0152092895661063
-0.178600502842098 0.103703380431185 -0.0717436047692454 -0.0128503487632856
-0.223385498317609 -0.00149043005267733 -0.0606983603319145 -0.0708297791636391
-0.172203904753487 -0.135518647700767 0.00261562744486988 -0.0844874939696205
0.00831230820912829 -0.240667186357178 0.0595029390942635 -0.0314604479877644
0.198123911653466 -0.146387269295554 0.0327227702180158 0.0468621790421867
0.259054757337143 0.0170725967433498 -0.0658367242248254 0.031435226297162
0.169713977408715 0.0947673329864707 -0.0872523079858427 -0.0362855349862406
0.181186076343797 -0.0103696018123684 -0.0711167381781554 -0.0205363730958578
0.112735752171679 -0.120225683802599 -0.0517394797172086 -0.0274675340756177
-0.0332735766121586 -0.146463596973961 -0.0359625251371417 -0.0348867981691809
-0.132334708818199 -0.0768620756414151 -0.0805550413388845 -0.0275230710869071
-0.154009311495894 0.0211872760292218 -0.0944467073206558 0.0395881771882656
-0.119924623951575 0.089552199189476 -0.0775487001178013 0.0755734488084075
-0.0935846568853254 0.115721721190759 -0.0709578612466982 0.0758427559496885
-0.0948035546173298 0.116601007221095 -0.0896330377701105 0.0703753797416491
-0.145369874616518 0.0993499715069823 -0.113881671358688 0.0322088166594996
-0.191470050420018 0.0124316669680907 -0.11163321106379 -0.0479670391998173
-0.159472289145806 -0.108027781544709 -0.0388537708190696 -0.0909364382101124
0.000594406532249526 -0.216209117105397 0.0245568145995604 -0.0459275754434549
0.183236803673737 -0.130100217199704 -0.000115392016718153 0.0353834870363758
0.233078595491236 0.028984271864496 -0.13454476543079 0.00877070105751834
0.111860499305405 0.0790247043082666 -0.129588820448191 -0.051436839525013
0.130859073108074 -0.00322895576639359 -0.0691737626454553 -0.00479382585791866
0.077053683326872 -0.0880659192917618 -0.0145934278644404 -0.0279317572159277
-0.0279853963888473 -0.0958976167219897 -0.00909327660519461 -0.0791173530865888
-0.0879557565227194 -0.0431935211677739 -0.101934131927744 -0.0708335124854843
-0.0996140476019825 0.0175918011905454 -0.141520382932609 0.0304835873158033
-0.0793490366158748 0.0624145566934303 -0.121774629507753 0.0990092427500528
-0.060918497609794 0.0787480909162017 -0.103608505864475 0.113528758339438
-0.0642062507114092 0.081239192975409 -0.116402513675488 0.113231519029802
-0.0985281183149086 0.0741174386440112 -0.142244678687215 0.068518394240222
-0.135965021460986 0.0152910754611558 -0.144027883501307 -0.0250463958357031
-0.120104445409349 -0.0770240233497551 -0.0674152138418748 -0.0861546928869775
0.00271824898089496 -0.163834757359092 -0.00792201991059474 -0.0497202569028983
0.147312967431913 -0.0908385801399839 -0.0335183466804326 0.021192673105688
0.170188002545825 0.0389321259789418 -0.188385787459626 -0.01893676396481
-0.0691721526568253 -0.0510855183585172 0.221220902884827 0.051630500559009
-0.0791871918942728 0.0379798302416512 0.0721835019217058 -0.0349493942251431
-0.0062778345882278 0.0816114226505686 0.0157678822836584 0.0449973758012458
0.0593499467571311 0.0328182863269661 0.0655381211415102 0.0944500148788763
0.0555262814259483 -0.0131794300294217 0.16587609556419 0.0293424989463594
0.0398729007510262 -0.0332485254512868 0.175154299292869 -0.090441225368536
0.0260919886328645 -0.0376006935894576 0.140169549412018 -0.143499235239404
0.0204008480752884 -0.0272649263561967 0.117581028534768 -0.138503389125153
0.0265567733129941 -0.0197049596932822 0.133041769312027 -0.109961210854983
0.0349899045271401 -0.0183335964393506 0.146219450731122 -0.0339753164310993
0.0467661552385577 0.00272270621118537 0.118343460024415 0.0658334242191804
0.034578906764981 0.0404308788784173 0.0234051768149503 0.107213913520479
-0.0298815452905941 0.0569609342678059 -0.00965402533772917 0.050109126221788
-0.0706093084468283 0.00170596691403694 0.0321169101704076 0.0138748608274609
-0.0407820810166678 -0.0521888232706283 0.142355613840823 0.0525537077093859
0.0281437888030243 -0.0344550581943848 0.220192380959086 0.0609558415176185
-0.0124773873852746 -0.0114305842634334 0.0656139062722996 -0.023404111567528
-0.00413161620527749 0.00872174533026104 0.0109683413419739 0.0564963912983541
0.00203877699043817 -0.00492062871958779 0.0736636801591351 0.109315384019919
-0.0151783043187846 -0.00972671839475887 0.170530033725069 0.0383478987740367
-0.0174633928415311 0.00582504036941766 0.181862182131474 -0.0793064442676363
-0.0151227462476456 0.0165236329879092 0.145127400136233 -0.139701629004477
-0.0252802561353942 0.0246027132057947 0.116519482529576 -0.139078042628126
-0.0327639618253841 0.0168020412117716 0.123429689805533 -0.115886884972175
-0.044743009924394 -0.0120143441320156 0.138818967600095 -0.0512375345989118
-0.0186841335749187 -0.0418243401688067 0.12673464113014 0.0388079795414001
0.025074227134164 -0.0346077708964423 0.0446567521848241 0.100070038223604
0.0265187456797074 -0.0031210399128992 0.00569735479316594 0.0664456461531091
0.013177711046718 -0.0110119665246713 0.0264141191549133 0.0258291191823589
0.0436550150453449 -0.0266575585960337 0.133229576515231 0.0577255432142477
0.121249350148189 -0.00473941730633743 0.185279592217501 0.0597577782506742
0.0682345646789198 -0.0535722437197344 0.0380707677388792 -0.0179667004349842
0.0133246154862039 -0.0716019840637815 -0.0186727323957856 0.0629126070864812
-0.0529435584122087 -0.0571612683277308 0.0567599276070171 0.128949201575392
-0.0900184737254102 -0.0156824185466765 0.15445455881236 0.0592321026620174
-0.0812323278362154 0.0387742376615905 0.168747160400181 -0.0483871900436309
-0.0588862996120217 0.0659152071810179 0.131605334901837 -0.112737774774736
-0.0664615340767421 0.0737652224218831 0.0980479843516437 -0.119022947614776
-0.0821819316678533 0.0566682871075287 0.0914062170263637 -0.110097315227276
-0.116462737117989 0.0104938201564824 0.103589787573144 -0.0699319076995823
-0.0966454169228623 -0.0631561908209557 0.114388167955285 -0.00987287324962156
-0.0177891142443145 -0.101696794165909 0.0719208699842055 0.0611265780512418
0.057804206649778 -0.0843346176124679 0.0425838454062501 0.066634764341503
0.0932207376296044 -0.045042452682874 0.0355348309325611 0.0442945298483374
0.127786366218374 -0.0079488558064331 0.107186348752882 0.0584041894238373
0.190357745177965 0.0330824767714518 0.123608873316752 0.0458426440971427
0.147283281961144 -0.0725007161871861 -3.12280542444934E-05 -0.0213955578615972
0.0502316166125541 -0.139795563306425 -0.0597394375501783 0.0498847629752798
-0.0862032789431111 -0.118621469262553 0.0137922972616995 0.128364650337313
-0.154090677729208 -0.0371333420942971 0.106381212064584 0.0768761514364428
-0.142519256463799 0.055543931281812 0.127355456984681 -0.00706429498650073
-0.100911706317995 0.100724712352783 0.0992082643137983 -0.0660736226342391
-0.0974807457666003 0.113037848423969 0.06424952981127 -0.0806963932214871
-0.114758863800452 0.0942978205902108 0.0461867121658848 -0.0845504872954352
-0.168463850675277 0.0469760275740741 0.0484182281058206 -0.0734580144342616
-0.171194699529992 -0.0558383018685119 0.0719607585565757 -0.0563091696010394
-0.0853219605878944 -0.143546725541152 0.0768933834370277 0.00127725851055219
0.0548273149710269 -0.167688076963987 0.0755753495307306 0.0408372964021892
0.155646807084538 -0.0916911726205719 0.0487971769618859 0.0558210943534928
0.20006206407159 0.00316457481484669 0.0641028525416456 0.0552891301219955
0.221338801214164 0.0690259380531763 0.0472562517596394 0.0204101441156602
0.200048359079652 -0.0619505054524555 -0.0366665225157364 -0.0276781203583028
0.0936528379920545 -0.170409247051087 -0.0868425634491847 0.0184226726650325
-0.0843484719363453 -0.166444730461903 -0.0331722077289701 0.0908379513554891
-0.184182919973828 -0.0659982203048869 0.0336530119804631 0.0688770432754865
-0.182094954568271 0.051532084449429 0.0581624313254074 0.0283481036282119
-0.131212847132403 0.114992524147096 0.0467964248469518 -0.0118025129269418
-0.11410020444608 0.135665939000031 0.0197424053531865 -0.0295126941890205
-0.126168331987276 0.121770752785916 -0.00473122834661309 -0.0406728607241729
-0.190053699420243 0.0836414827161557 -0.0155250674841346 -0.0534781606992074
-0.218786115433898 -0.0293281776373756 0.00602045930192568 -0.0783220496816285
-0.146288180343688 -0.152543957627075 0.0490188510656393 -0.0542170818204847
0.0315127638333048 -0.225545985500629 0.0820056513499419 0.000692159602061523
0.19112922159517 -0.131065803236513 0.0509201592764275 0.0556643416585088
0.247468244231336 0.00925206629577648 0.00435586403077289 0.0471700411043461
0.212114833927891 0.0920714284134814 -0.0273194987237364 -0.00998835866777739
0.210031561754996 -0.0345912699442404 -0.0617591568611602 -0.0289421927912741
0.118777823760457 -0.155726259932786 -0.0826345107418253 -0.0133218375078292
-0.0574538626202141 -0.17615156762691 -0.0526231922295965 0.0274328162434025
-0.171367072861909 -0.0853639047130982 -0.036779521091872 0.0282545572991686
-0.186252974941415 0.0349110659519867 -0.023111920477992 0.0436720226885617
-0.138675233214518 0.10969378497364 -0.0170050325479693 0.0381547202309746
-0.112875040604478 0.136327898932705 -0.0280512122180339 0.0258063984185621
-0.118221608065704 0.130311032430213 -0.0521852893974513 0.0154719457047642
-0.179648631133196 0.104205253270776 -0.0723375672400616 -0.0131133104003138
-0.224404223985009 -0.00187992296706828 -0.0613490304347299 -0.0714817852069393
-0.173062478794818 -0.136478812540357 0.00300038150232859 -0.0850597496931984
0.00858915275058066 -0.242126815738122 0.0602383643021109 -0.0315178384821751
0.199824977162053 -0.146932662118512 0.0322811900184312 0.047607604183753
0.261368517708615 0.0183883903641678 -0.0663251349786236 0.0323613748121384
0.171048997926414 0.0955311680275027 -0.0880674051554072 -0.0368188668822067
0.182163130263478 -0.01015553907419 -0.0714760274306993 -0.0207856286508569
0.113557089218896 -0.121063250021248 -0.0521099056987767 -0.0276337795528491
-0.0327256184602274 -0.147243978389606 -0.0368351677567214 -0.0353652140066002
-0.132822377010759 -0.0771317625942304 -0.0817858912982688 -0.0274839292838482
-0.154366119625573 0.0213112141954858 -0.0951421212897076 0.0399004773198515
-0.12096073256208 0.0902333301912955 -0.0779120059253199 0.0760873980083822
-0.094321764292308 0.116022629480328 -0.0718509568986001 0.0763616571678145
-0.0961322628274126 0.116389527920192 -0.0905788625312333 0.0708018121098846
-0.146606789325434 0.0992837414906945 -0.11506074749075 0.0322833927651862
-0.192232208214345 0.0122595816657443 -0.112678573870798 -0.0485908564022958
-0.159770221826647 -0.109363114185389 -0.0387719905402618 -0.0914706861115613
0.000913903813829304 -0.217310594198276 0.025478210729871 -0.0459431383286065
0.184140788377777 -0.130313358188253 -2.90080289888943E-05 0.0358826809988647
0.234462272836933 0.0297216102710116 -0.135557590021972 0.00906635380951194
0.112736465018447 0.0799497520143572 -0.130164272189018 -0.052124365097609
0.131792822244572 -0.00308316787811014 -0.0689785576476122 -0.00504944759300723
0.0776457286978119 -0.0882916975219088 -0.0146289604545232 -0.0285540837868216
-0.0279340118842046 -0.0964071935412596 -0.0094346625753235 -0.0798011584597303
-0.0885150196301274 -0.043907593666885 -0.103120559851373 -0.0710006306701755
-0.0996116883652814 0.0176546423530254 -0.14233125464003 0.0305217493253377
-0.0796131933727005 0.0627027512302256 -0.122742883547636 0.09955747451777
-0.0614097077585171 0.0786280470465069 -0.104178062497996 0.11361493288224
-0.0644551709178971 0.081716968793853 -0.117316017902432 0.11349144433758
-0.0991753464817497 0.0747644685194186 -0.142790963283073 0.0680150526121771
-0.136902355025851 0.0155944527292808 -0.145135253549011 -0.0255439584751108
-0.119932195695072 -0.0775124117523248 -0.067683509514395 -0.0865704621905962
0.00305498160909582 -0.164983930349376 -0.00737795698597419 -0.050125460018947
0.148050165101653 -0.0911478055797783 -0.0339063815122235 0.0211049766846239
0.1705081052125 0.0401097674294277 -0.189061253940971 -0.0192896578154647
-0.0694774925185274 -0.0515582860376717 0.222744568389246 0.0515074551468216
-0.0799068643424289 0.0379879807883523 0.0724775745584525 -0.0355564497435627
-0.00646512478958909 0.0824169231929002 0.0157392821325555 0.0450382546260437
0.0596258546637219 0.0329973700518405 0.0668278138613723 0.0956597081749936
0.0553366410071899 -0.0134095359887462 0.167504612375551 0.0293889994288197
0.0402727134388806 -0.0330900405938894 0.176374215316877 -0.0912780698965503
0.0263152020229026 -0.0377928165760205 0.141507193821399 -0.144768214967982
0.0207391457701131 -0.0278115718802304 0.118323676330424 -0.140124023880154
0.0268981752063607 -0.0197811085143282 0.133577894799788 -0.111023491513409
0.034767802719158 -0.0182638597598106 0.146813471036671 -0.034432595857256
0.0469089904132839 0.00284355133693288 0.119172338106461 0.0668408403400926
0.0352641711974489 0.0407811887751995 0.0238182848628738 0.107432798196115
-0.0305495739919881 0.0579144549209749 -0.00968790075231144 0.0503127388351982
-0.0707622494599867 0.00165390699378396 0.0316294886249452 0.0144935403148155
-0.0411399793810013 -0.0524586801306144 0.143775379844301 0.0530291271529571
0.0282680289701193 -0.035263144845954 0.22189148057121 0.0610899511607133
-0.0125683601738638 -0.012007534932306 0.0665936706367494 -0.0232974834224214
-0.00403712265768613 0.00933420638469829 0.0104721107439646 0.0567473589994311
0.00191692427117633 -0.00473143669215691 0.0738751957652043 0.110435050020349
-0.0151812917173528 -0.00993268933042439 0.172258395088661 0.0386475439711552
-0.0177312412507535 0.00574436461911414 0.183418947457683 -0.0802273461018587
-0.0151363432026323 0.0163910920333008 0.145752392204215 -0.141045115491462
-0.0254697254161237 0.0250273969711017 0.117071701901536 -0.140337757323732
-0.03263885493089 0.01711272134482 0.124066051800218 -0.117494021268778
-0.0449197568559489 -0.0122775793061144 0.139324560077971 -0.0514668331791869
-0.0189310540325924 -0.0416919066229861 0.127694396389803 0.0393329673488859
0.0251457153916356 -0.0349191262364126 0.0448552007694169 0.100710011665905
0.0268224842433435 -0.00292083379280382 0.00571575949098741 0.0663756584942202
0.0133095238398933 -0.0112894090426643 0.0262506741029524 0.0258778947297479
0.0438850743846741 -0.0267617426337164 0.134610366376239 0.0590169423949409
0.122543501211595 -0.00449650662303216 0.187605888070967 0.0603680917989003
0.0685880482118737 -0.0537214704130548 0.0388658665187019 -0.0182906665168113
0.0135401227924284 -0.0717874837245971 -0.0192297846624885 0.0631784824705343
-0.0533367103596374 -0.0570505494016218 0.0569092645998381 0.130035930618045
-0.0908078000419971 -0.0158890351999931 0.155573247333163 0.0598929129627379
-0.0815493688680605 0.0386114772560464 0.169592262804059 -0.0489924906908634
-0.0595282280725845 0.0666383721459352 0.132512831301503 -0.113647886748895
-0.0667588034857586 0.0741794341087454 0.0979499634979221 -0.120105262761645
-0.0828660987813512 0.0565545388674791 0.0917170638963247 -0.110622127979449
-0.117525413087482 0.0108061653673231 0.103901121967886 -0.0705323214706221
-0.0970671393486343 -0.063710777573224 0.115165738148106 -0.0102297874483513
-0.0180505931005332 -0.102554054213694 0.072516719198994 0.0615856125817925
0.0583219729002669 -0.0850967445618316 0.0433668433497087 0.0670271404575787
0.0943911014021955 -0.0454398920682501 0.0355483577387195 0.0448105846197199
0.128521731499932 -0.0081961142061185 0.108146175932971 0.0593769192459804
0.19250049887 0.0327129346426545 0.125126003658122 0.0459886183280749
0.148726712539266 -0.0729193703825492 -0.00019728222967816 -0.0217920614848792
0.0503560107697289 -0.140750211392308 -0.0607550266940703 0.0503493983046969
-0.0869147361551621 -0.120199703715431 0.0137427713552932 0.129962383252791
-0.1549306215077 -0.03721842286296 0.106896621755893 0.0777627573583352
-0.143239790308122 0.0557944586167158 0.128637547857674 -0.00711603016802406
-0.101398821963404 0.101352799057274 0.09952790474897 -0.0671473553606312
-0.0980643574812332 0.113639965087029 0.0643561360100771 -0.0812182009204579
-0.115649879540471 0.0949357629840675 0.045708200875658 -0.0849751508442157
-0.169461232055417 0.0481486902491406 0.0484143163754043 -0.0742456661058756
-0.172411006583171 -0.055746877286946 0.0714397471438166 -0.0569774481871611
-0.0857423945086073 -0.144137451046418 0.0774606829623945 0.00148748194945832
0.0550318752565351 -0.168661977244469 0.0764817619329253 0.0410625729568799
0.156763163122909 -0.0927156990240244 0.0494211690976346 0.0563725772161688
0.202065303260384 0.00335258896699433 0.0645860828869585 0.0555241051502306
0.223678605212514 0.0688535685610655 0.0479244086587324 0.020633902598516
0.202008338854526 -0.0626637481286765 -0.0366003597630285 -0.027826168214103
0.0936798746556443 -0.171408126693031 -0.0881593691734782 0.0183248190880384
-0.0855497091618693 -0.167679366016985 -0.0340341038029592 0.0918060409854185
-0.185102315872076 -0.0665049496942679 0.0332615790970524 0.0695207164644228
-0.183127793544734 0.0517521839515952 0.0589025256538821 0.0289318129296682
-0.132337818313269 0.115809519239024 0.0468452100747683 -0.0120890192104566
-0.114717218878244 0.136518011892792 0.0203799184893184 -0.0294581969417375
-0.127157902396145 0.122422629259236 -0.00486111644563958 -0.040909260827067
-0.191051105913671 0.0847968599715499 -0.0154433961574864 -0.0535212763832383
-0.220091307408052 -0.028694866643512 0.00591928690540822 -0.0791192758502909
-0.146928211573646 -0.153188849956179 0.0495106262782268 -0.0548991528377931
0.0316072220023591 -0.227473449203367 0.0831770260957812 0.00119072274676965
0.192916396337007 -0.132350258738673 0.0517936379424598 0.0561490103830609
0.250069775147455 0.0101077142597672 0.00434875846763465 0.0477773949558198
0.213423831629859 0.0924987291460885 -0.0277208945688003 -0.00992781785242738
0.211395404297883 -0.0347479468194603 -0.0619728782270914 -0.0292226900930722
0.119970823201268 -0.156904548068324 -0.0834733346063812 -0.0134661554539389
-0.0580107119556668 -0.177390012687192 -0.0533418659582401 0.0271239001542698
-0.172827901599777 -0.085862780494799 -0.0381990740969314 0.0289193617153337
-0.187299438658494 0.0355966504214124 -0.0233974821492559 0.0444446972037329
-0.139892753235674 0.110633743996141 -0.0168256890365322 0.0384690547154402
-0.113360105747118 0.137428113242136 -0.0282989677270564 0.0261505785680354
-0.119063758656667 0.131064392837503 -0.0524323270903745 0.015543588126692
-0.180539035869242 0.105417602408356 -0.0729549271544524 -0.0129108740377462
-0.226468433616222 -0.00122097423747628 -0.061874871271599 -0.071928609385059
-0.174025116398925 -0.137093173244832 0.00357124015979211 -0.0858872641080477
0.00877003467577956 -0.243577189371876 0.0609367683404176 -0.0311754078356877
0.200885975636444 -0.147704098801738 0.0335091626546534 0.048019821927129
0.263248769095238 0.0179526924471738 -0.0669804765373423 0.0324831746827667
0.172630835418244 0.0964098590185301 -0.0886091379950591 -0.0370805031278744
0.183307276028132 -0.0104160919025998 -0.0719465697791995 -0.021018908086562
0.113910902374257 -0.121638723870956 -0.0527324855657503 -0.0279342784848149
-0.0325408106735935 -0.148458949448104 -0.0373503995540715 -0.0363334169262596
-0.13391188712281 -0.0778395121283047 -0.0827662664330502 -0.0271334780963737
-0.155484576331715 0.0214268624035438 -0.0954159489548367 0.0410282713847118
-0.121314851677321 0.0905662070098069 -0.0781371111201528 0.0763755867601899
-0.0945601880801675 0.116734844497681 -0.0722905469220595 0.077496456660943
-0.0965845565576443 0.117043358873103 -0.0912597956156673 0.071788754610002
-0.147316463457423 0.0998862986659459 -0.11586855074168 0.0326645043538115
-0.193797565158771 0.0127452007822313 -0.113788740070632 -0.0495007192451623
-0.160581684588445 -0.109808600494772 -0.0389508772135031 -0.0922786396612573
0.000896822123093884 -0.218600590319694 0.0259520722061388 -0.0458474881918855
0.185787171902228 -0.131119312892061 0.000511086463498918 0.0363496659670502
0.236609475235571 0.0301037036393322 -0.136289169937632 0.00908960094011473
0.113228995061773 0.0802043097649994 -0.131521747360471 -0.052668041740784
0.132632266092173 -0.00297377798404014 -0.0690598632038011 -0.00523259106989109
0.0780579662601576 -0.0887116655428869 -0.0140673234034426 -0.0282502581061001
-0.0282282998016838 -0.0972682637233319 -0.00945950392393782 -0.0803767557337764
-0.0889924845637505 -0.0441903056286777 -0.104301491679734 -0.0712457540151296
-0.100528793420922 0.0180185195484197 -0.143003334672983 0.0318553054874051
-0.0797078252679246 0.0629061024837699 -0.12263925870242 0.100464129967443
-0.0617921249805987 0.0787826705846504 -0.104893238875122 0.114795625038095
-0.0649415552292714 0.0824357053858829 -0.118252585755945 0.114684395188684
-0.0996312184887445 0.0752067237565583 -0.144308871045694 0.068628608199868
-0.137547511532685 0.0153937782001076 -0.146669145445941 -0.0262987398519413
-0.120989199862318 -0.0779863050078196 -0.0678746525277685 -0.0878052735377055
0.00294949276707162 -0.166036970128699 -0.00744523953974771 -0.0502649509353639
0.149189511537244 -0.0918325112507737 -0.0337415683323774 0.0208170871843227
0.172368682417639 0.040145974428503 -0.19106475797996 -0.0195940881005629
-0.0702743828350931 -0.0525569058235363 0.22534390165509 0.0513693588010938
-0.0803601954585967 0.0384010697778836 0.0725800272700005 -0.0357174268432779
-0.0065131114983321 0.0832178624344185 0.0157763193251977 0.0458975073741001
0.059928326284866 0.0334632577696185 0.0671940006878727 0.0970203977563818
0.0558266680738598 -0.0138537271514705 0.169291549338553 0.0298516203994015
0.0406272331803857 -0.033596028768607 0.178457459643463 -0.0931837974583307
0.0262327967538445 -0.0384045974847673 0.141908768768091 -0.145900670740076
0.0205071854306919 -0.0281470067234459 0.118470422062795 -0.140868980282332
0.0269030592720884 -0.0202255024275995 0.134565861962872 -0.112266334592879
0.0351903147121753 -0.0185886537131068 0.148591787702266 -0.0353841989384599
0.0474241560400047 0.00290827029340908 0.120371728478072 0.0668862166231769
0.0355270957523101 0.0413789731739716 0.0242223080745603 0.108891230677548
-0.030683513336258 0.0582900742777332 -0.00943224647215916 0.050770108734888
-0.071474087599143 0.00193359662263011 0.0320540905957336 0.0148563445922789
-0.0412117639214 -0.0531819934216138 0.14505985160973 0.0538268622029165
0.0289627917805083 -0.0357682232167156 0.224799412252066 0.0607194712418627
-0.0128368225432891 -0.0124085736865843 0.0660983171159428 -0.0236386312986407
-0.00422155909979847 0.00956964298108419 0.0103970028226757 0.0573677845483972
0.00209234981933407 -0.00450902350412462 0.0745812243536819 0.11168945727476
-0.0156174563591397 -0.0100611557794314 0.173657876804817 0.0393328967380262
-0.0179960202931776 0.00571012734781129 0.184479379426426 -0.0812275608338821
-0.0152727503924523 0.0166158684008275 0.146681956691382 -0.14259735141822
-0.0256854585414037 0.0250720586214137 0.11799500857675 -0.141979689529356
-0.0334881888850647 0.0169750892450007 0.124386125158559 -0.118468147714849
-0.0453787435034789 -0.0119895951244167 0.140469801258934 -0.0525907973491967
-0.01900574602196 -0.0420754136282836 0.129404553586856 0.0388330320756677
0.0256913062756174 -0.0353071745258728 0.0457406827611056 0.101541478350263
0.0272748496400818 -0.00265537841000412 0.00589105508556772 0.0673493248199566
0.0133088868266565 -0.0110047594773454 0.0264941361153459 0.0265962907441028
0.0448051214268866 -0.027342965791152 0.135666816439073 0.058823321135031
0.123290123934713 -0.00536522685935243 0.189514402538633 0.0604060019083041
0.0690853802972979 -0.0543729948685308 0.0383525629024732 -0.0187997595233577
0.0134135457610252 -0.0729676961042817 -0.0198294049475433 0.0639853010008885
-0.0536948716992766 -0.0574848236732735 0.0574828631149274 0.131625678594494
-0.0916772986048715 -0.0157018143705256 0.157183809777511 0.0610029029721709
-0.082599164689684 0.0394916023464002 0.171163720454284 -0.0498748724318265
-0.0596602510787607 0.0668925993294719 0.13355810561187 -0.115228983949463
-0.0673546953536432 0.0754124429527731 0.0984463739322737 -0.121557333211558
-0.0835596793793798 0.0570437582696494 0.0919895238520562 -0.111547471137933
-0.118329603676139 0.0116235280986705 0.1047375094207 -0.0711183084935863
-0.0983764275881504 -0.0639348278392817 0.115648370974463 -0.0109643087282484
-0.0184448297801831 -0.103335378711929 0.0731348276070356 0.0622059587424539
0.0583938460755143 -0.0858796191549196 0.0437271791587383 0.0682533918915803
0.0942303943617358 -0.045967091492181 0.0359497947070991 0.0455134752907051
0.130934411660621 -0.00901822307748907 0.109349583171718 0.0599043094199973
0.194476242677683 0.0328767208889356 0.126417931831704 0.0456283750840129
0.149803706745595 -0.0741736760254539 -0.000198764044382611 -0.0223151240679762
0.0503925235312284 -0.142339672456222 -0.0616738781653513 0.050806463621948
-0.088126436929959 -0.120589282845062 0.0140223379901471 0.131696585379457
-0.156417106579315 -0.0364572620673629 0.10776211099208 0.0785312628515491
-0.144122734641507 0.0564528031198428 0.129035224781316 -0.00765152872934787
-0.101709671534 0.102496326851719 0.0999098150711621 -0.068081073864363
-0.0987094153835764 0.114955196536303 0.0649101803568293 -0.0822810228327313
-0.116552830701978 0.0956080713092414 0.0456868414865246 -0.0860693897917542
-0.171097067373692 0.0490271197521899 0.0487323325151426 -0.0751237321486893
-0.174068709738958 -0.0557172246907237 0.0719037158846162 -0.0574243627765043
-0.0865739186780014 -0.145376297693106 0.0785676123303043 0.0013258117799312
0.0549014928678419 -0.170916721158392 0.0777826825107323 0.041645293702203
0.158032698400957 -0.0943250109964223 0.049942614504302 0.0573971085964076
0.20404703388081 0.00206280548300627 0.0655052207376381 0.0565159439930061
0.22606274830507 0.0687613900863969 0.0483574784487348 0.020874323341247
0.203704599608426 -0.0637965259241165 -0.0378194422915296 -0.0282657140072114
0.0943233825263339 -0.173273285236987 -0.0893541862836838 0.0187746431726378
-0.0864974196771975 -0.168846046666247 -0.0344674639600369 0.0932172313033659
-0.187255982536336 -0.0662610087950775 0.0332872765621027 0.0706847360959389
-0.184461119965559 0.0528619868037771 0.0594404348410201 0.0291845154654047
-0.13232781064084 0.117399893457887 0.0472479520853968 -0.0125342586548705
-0.115286056016443 0.13775139469696 0.0200224334524842 -0.0297380021986313
-0.127987335461407 0.124187063533304 -0.00530773551279852 -0.0412323088289559
-0.192765545455697 0.086342211316513 -0.0157649289050537 -0.0541395102177613
-0.222168900973292 -0.0283533072877953 0.00524486579908028 -0.0799040345239454
-0.148658325201711 -0.154430238846313 0.0498036594730353 -0.0550656111903707
0.0311351898689369 -0.229413867642384 0.0845076029409364 0.00103681555986683
0.194222375259925 -0.134397861601089 0.0520375502477538 0.0574788672459895
0.253417565903614 0.00919914013407007 0.00427103406552908 0.0478976958930568
0.21579853543577 0.0924535470128676 -0.0277964676651397 -0.0103845711414914
0.213727094796902 -0.0356109906864914 -0.0623974560135192 -0.0295141850961584
0.120855540236798 -0.158700955802899 -0.0848123152607177 -0.0132483206568383
-0.0588860313913356 -0.179116292726236 -0.0542601201815627 0.0274760899778226
-0.174871970537506 -0.08621800380637 -0.0387112695443804 0.0294046339862845
-0.188120332520828 0.0364497186228008 -0.0232422152025162 0.0449913064699749
-0.140679771088427 0.111496030218397 -0.017253278978439 0.0391793127231615
-0.113929245296188 0.139009834078252 -0.0284921843274668 0.0265738496053822
-0.119985457246081 0.132438548945004 -0.0530854930838465 0.015860702476145
-0.182133156911186 0.106238098192563 -0.0736618876459651 -0.0128248420527599
-0.227869282482053 -0.000668754043983152 -0.0630545442128643 -0.072920911442929
-0.175521683243485 -0.137645856646419 0.00333049017988545 -0.0861285081641269
0.00829064731065673 -0.245347324253907 0.0616461064875038 -0.0319939670065105
0.202987288902136 -0.149664349848068 0.0341892591585707 0.0490300041966089
0.266113650485052 0.0176915436795659 -0.0672329623554511 0.0329950314124545
0.174407915467196 0.0965686586283851 -0.0895992307857016 -0.037174989259257
0.184889219153384 -0.0110245390038165 -0.0721086359544264 -0.0208131313021113
0.115358835845907 -0.123178174247487 -0.0533748718621835 -0.027778318566732
-0.033295430383385 -0.149804238755455 -0.0378438780052598 -0.0364780057688086
-0.135412902593789 -0.0780569328399667 -0.0842221704063607 -0.0272275593181788
-0.156142403146241 0.0223866280151695 -0.095808426862264 0.0417955979105318
-0.122191579235632 0.0919608228783093 -0.0782119274609506 0.0773934455989782
-0.0953984022933098 0.117904279798422 -0.0726241388654735 0.0779250486352483
-0.0975228070312505 0.118594235417231 -0.091561137283832 0.0723888081785505
-0.148204845897125 0.101817641417722 -0.116911183357246 0.0331224138229863
-0.195180877938269 0.0133344252784337 -0.115552279758923 -0.0494774283656877
-0.162103545206702 -0.110393664382744 -0.0396792399535176 -0.0929559521131003
0.000642146105783199 -0.220577714791502 0.0266580469530449 -0.0464547284873805
0.187488303590153 -0.133311806944363 0.00100028911702331 0.0368742836227217
0.238638181246669 0.0297066913484946 -0.137131412162432 0.00996350420293047
0.114446002908846 0.0806540040794567 -0.13277331393858 -0.0527514848341731
0.134077819678343 -0.00356221715719453 -0.0697801439674362 -0.00508047440264599
0.0787004018634682 -0.0906137746277834 -0.0145963433062437 -0.02858866953334
-0.0288843732597364 -0.0979785979251827 -0.00976715712194438 -0.0816456495199731
-0.0896109572893446 -0.0440149779959601 -0.105520179415818 -0.071496459810104
-0.101093182399177 0.0184176738852938 -0.14362735574616 0.0328785839649193
-0.0803619003723067 0.0639894708329949 -0.122755735069203 0.101435430779553
-0.0618092589950107 0.0796732434440897 -0.105473361755843 0.116294950881604
-0.0651911728106847 0.0829683493335763 -0.11844833720062 0.115787810193739
-0.100898741720958 0.0763708929293544 -0.145019977164246 0.0698098690403542
-0.138605133576224 0.0164155858829937 -0.148046509005815 -0.0264099726257477
-0.122278463422392 -0.0788637683171018 -0.0689001011210462 -0.0887034031655274
0.00272152688005639 -0.16724625173241 -0.00696250160533206 -0.0504800622738277
0.150316435513953 -0.0930166807943452 -0.0332842071333328 0.0213593876831164
0.174029623839913 0.0408817069076856 -0.192614606924644 -0.0191746346190661
-0.0713702902872203 -0.0530542604966749 0.227834573994496 0.050688140600626
-0.0816229100533077 0.0394321880559012 0.0729690380396876 -0.0366426051144397
-0.00595384638606456 0.0842543888256035 0.0157348176767496 0.0457791886326639
0.0612019747534813 0.0337971412124703 0.0683125645099008 0.0983870053866214
0.0563468668123502 -0.0142764603274124 0.171597776452274 0.0295762788588256
0.0405962381579013 -0.0342144149609341 0.178810606940579 -0.0948064808116185
0.0260193126616223 -0.0390246742831086 0.142205532831625 -0.148674358538316
0.0203293045611076 -0.0282901867835692 0.119547753137423 -0.142972729869024
0.0272859590531132 -0.0211873028383363 0.135303102444903 -0.113876419122148
0.03529677237521 -0.0186482433890599 0.149742229962028 -0.03680416453697
0.0476726250759481 0.00221675008643727 0.122709167279592 0.0671289979589833
0.0359207785040815 0.041462690460643 0.0252080308210736 0.10964742903965
-0.0305486601708997 0.0593083123384042 -0.00969342046544283 0.0513844724347093
-0.0720878165363616 0.00258926232480959 0.0321532183629621 0.0152844397144992
-0.0417113790601414 -0.0539567781152244 0.146974925488392 0.0534649254517101
0.0288993127364979 -0.036674748776541 0.227228603012409 0.0606049498788446
-0.0133419460276514 -0.0123936435130248 0.0668813002075741 -0.0244105570932827
-0.00424445100189877 0.00915901062299056 0.0103050256522995 0.0575524408197702
0.00236189094751671 -0.00465284623120473 0.0757892545627749 0.112538610547391
-0.0153067737697923 -0.00991478934966541 0.175461548463859 0.0388009989497168
-0.0180691511516854 0.00564348098291092 0.186004657471154 -0.0833369153366305
-0.015717499349322 0.0168087170766121 0.146724687045037 -0.144964952654162
-0.0254289156368436 0.0256822321253507 0.118319167135521 -0.143845605286757
-0.0334806627918531 0.0173271457474767 0.125002625533344 -0.120358592023253
-0.0457713503923362 -0.0120226622354726 0.141698369675033 -0.0538474855734278
-0.0197091908314492 -0.0426790466201697 0.130863283334235 0.0384734375550409
0.0260358909973207 -0.0356421325103349 0.0476545099908843 0.102699914859965
0.0276436878846341 -0.00262529941280129 0.00596369499113908 0.0680516063062719
0.0135215306047491 -0.0111585571525527 0.0266273172669995 0.0270357590069738
0.0456137299454027 -0.028063987751053 0.137123967224556 0.0592104258833883
0.124820443429123 -0.00645164795228895 0.192206147198688 0.0603940451489815
0.0690815734636761 -0.0555600565600365 0.0384903495405868 -0.0190013758766879
0.0131781773927728 -0.0735324776538603 -0.0207986653286625 0.0643216589888576
-0.0544499087375544 -0.0575832637402373 0.0585890846966881 0.132706148140017
-0.0926255654255435 -0.015306185759675 0.158834631844649 0.0609672292789219
-0.0832758934879267 0.0400384736571757 0.172670096551284 -0.05148275752256
-0.0596485261079012 0.0681629998605554 0.133791518559387 -0.117046794843722
-0.0671749669103564 0.0764303866273528 0.0985674674528804 -0.12319727406524
-0.084413360286848 0.0581651664640069 0.0918326917735646 -0.112930744322228
-0.119654990986465 0.0124937009247862 0.105347256132219 -0.0733258017159549
-0.0994491848623003 -0.0637034733527906 0.117055311407164 -0.0117948989364431
-0.0187019349677134 -0.104521571758602 0.0748847138946554 0.0628470514886137
0.0589111497605582 -0.0869371407719737 0.044742244591982 0.0684642349385579
0.0958986336709086 -0.0468459096710784 0.0358975913746662 0.0460045781547591
0.132206999959008 -0.00938265733608775 0.110986238769215 0.059577788188389
0.196569250688083 0.0314971159668651 0.128554765868178 0.046576908740043
0.150790831115574 -0.0758592021233078 -0.000794370493552696 -0.0221864527470772
0.0499894388597124 -0.14385055303877 -0.0628246864270582 0.0515302667736869
-0.0893435126009306 -0.121541376152528 0.014148822176235 0.132737374374962
-0.15854121589787 -0.0361751888561622 0.109382693464648 0.0794051917639457
-0.145374016521935 0.0577995267614957 0.130928848321117 -0.00819227578104086
-0.102674696230713 0.104377687504451 0.100002729701304 -0.0693962443136786
-0.0991422081219858 0.116589937846058 0.0646299030435181 -0.083299572228312
-0.11705252533031 0.0972190787140206 0.0451292295371318 -0.086969111757288
-0.172450496306367 0.0505683737859508 0.0482731021468671 -0.0759820149359737
-0.17637064941309 -0.0547488469767212 0.0722561089434077 -0.0587472087167636
-0.0880347675635434 -0.146663775759433 0.0792985829608154 0.00124308035268425
0.0544502681855089 -0.172996824045793 0.0786105101744304 0.0419435841970239
0.159059576577643 -0.0957321195639644 0.0509538343713451 0.0579667894907075
0.206893722288168 0.00070078822056477 0.0661885669758085 0.0567764742950398
0.229074680024322 0.068699518374799 0.0492760033960431 0.0201203788490059
0.205450196342965 -0.0652863658737309 -0.0378713960430465 -0.0285780290929108
0.0945338558542905 -0.175296360517002 -0.0906338858870282 0.0194041372491473
-0.0883625330366085 -0.170053176452372 -0.0342842150594662 0.0938782331447798
-0.189290025906777 -0.0660388781940897 0.0334237294646171 0.0716299048551239
-0.185580733336805 0.0545539028519296 0.0601133018699813 0.0291660309059337
-0.13295331132582 0.119390938900236 0.0472553849391616 -0.0124516816813095
-0.115623498932985 0.139719293989286 0.0205219546025744 -0.0304707825834795
-0.12870961364677 0.125811455195796 -0.00614581480193987 -0.0412544820134065
-0.193709235786255 0.0888081259158555 -0.0164319395971784 -0.0546346908960277
-0.224738555315423 -0.027174486198675 0.00454189336872451 -0.0808630742965478
-0.150605582079923 -0.154841962166056 0.050343949294962 -0.0556471259361537
0.0306615960815968 -0.232220619232449 0.0857201982218262 0.000459033277424043
0.19548237078909 -0.136938229776366 0.0535651961644334 0.0582219163479905
0.256767837666537 0.00760438663772858 0.00421950156918377 0.0483944250336855
0.218452061357359 0.092195392769319 -0.0279858676378523 -0.0101360178282391
0.215439527434666 -0.0372797765945744 -0.0628975503907088 -0.029704430512124
0.120947867471029 -0.161290792399416 -0.086053519999557 -0.0132676712499987
-0.0602471457042215 -0.180414721835604 -0.0555068038105046 0.0275792552128912
-0.176954586354109 -0.0862486775689555 -0.0392862529382181 0.0300360769646676
-0.190252925307802 0.0384117835145657 -0.0231829622586221 0.0462864350147159
-0.141792907187869 0.113451487660596 -0.0173350995572226 0.0395426473524413
-0.113919157588391 0.14046673615461 -0.0286319700703144 0.0269500538230257
-0.120560891067878 0.13473844573278 -0.0538218406582676 0.0166094848920178
-0.183163722996744 0.108821858397115 -0.0749958986617061 -0.0125579061475007
-0.230137584392465 0.000859044891150139 -0.0648521095937116 -0.0735920256402786
-0.177896175993932 -0.137937094528778 0.00313077283757976 -0.0871316694607357
0.00681830995599408 -0.248554000702007 0.0624630719024245 -0.0320119506539931
0.204168248565679 -0.152572321480892 0.0352157307786443 0.0497069195299754
0.269218988100013 0.0159961732005864 -0.0680182620679525 0.0337927769259339
0.176391901760002 0.0962035555593784 -0.0905822959705327 -0.0365674157954043
0.187189574061363 -0.011662122172367 -0.0727142726948143 -0.0208638506791334
0.115204817399608 -0.125608277429601 -0.0538440415565466 -0.0274810165177783
-0.0345047105172657 -0.151170049871481 -0.0384684747390649 -0.0369971237377585
-0.137076771095744 -0.0782054504765898 -0.0858828585307169 -0.0266231313738484
-0.157969250703391 0.0235481712162983 -0.0967863364640741 0.0431148419937016
-0.122499506707116 0.0932610575080097 -0.0787098594282429 0.0789456892683008
-0.0952134151165516 0.119629922616008 -0.0730134076806742 0.0794025633023586
-0.0975359681369768 0.120085877599914 -0.0922111838123956 0.0735018153109168
-0.149432521574481 0.103170562031885 -0.118153683348786 0.0338297126368446
-0.197319688839348 0.0146998873013369 -0.117311888783298 -0.0496262198013374
-0.164398709960062 -0.111221192579752 -0.0397805195377993 -0.0937941108413815
-0.000390528416825075 -0.22290598224613 0.0272753424129507 -0.0472054038494686
0.189084974622926 -0.135639290833479 0.0014105020086232 0.0372365499062343
0.241337643460198 0.028910053010357 -0.138988268027842 0.0109937215665721
0.116256382539365 0.0801858545651439 -0.134418522361603 -0.0523306952367125
0.135780475794086 -0.00466015330865892 -0.0699477245213955 -0.00503351352257038
0.0788424473263674 -0.0913591735286227 -0.014905514501741 -0.0284823604639556
-0.0295278543871575 -0.0988493214088406 -0.0108694500802897 -0.0824009542146355
-0.0913085163079338 -0.0438525769975153 -0.107409015855074 -0.0715089220828992
-0.102052895508017 0.0192004799942893 -0.144756794276599 0.0342649210602481
-0.0807950219747706 0.0646320743988101 -0.123328778482337 0.104316193643257
-0.0623555322078416 0.080732045694779 -0.105352689552438 0.118048633028208
-0.0656311412484255 0.0844085690970635 -0.119340193725539 0.117465456809608
-0.1009264450277 0.0771504925908981 -0.146676409795236 0.0712142230633547
-0.14030379943238 0.0169508155379323 -0.150174264492857 -0.0259822129136174
-0.123296967698034 -0.0789103373150095 -0.0694406862032777 -0.0890146055413046
0.00195656807035078 -0.169284664177314 -0.00687492893612352 -0.0516227369048465
0.151794031126203 -0.0950145403751935 -0.0337760786045747 0.0222338939550508
0.176092552090698 0.0397973318127657 -0.194682805046614 -0.0176283913252408
-0.0728548207840233 -0.052933290758488 0.231412094189609 0.0489863280359787
-0.0823231971660945 0.0404628737134266 0.0732311147156065 -0.037664908388813
-0.00538938294630814 0.0851229225405029 0.0158811026301292 0.0459680595679419
0.0618961803535816 0.0335564080476786 0.069752227163521 0.0993521886415675
0.0567513932425416 -0.0148459837427893 0.1738288185232 0.0285865846653471
0.0405935966608265 -0.0346809483494318 0.180237263120909 -0.0977866374470892
0.0257514721214758 -0.039536694716547 0.142072029030491 -0.151569233311188
0.020431745242659 -0.0285670240418742 0.119535305150796 -0.146186730385094
0.02734162628072 -0.0213075747496987 0.135386439762414 -0.116396689065724
0.0351628277640787 -0.0193453262567826 0.150869906294566 -0.0382910187840586
0.0484491703249441 0.00199694237787016 0.12442007454175 0.0668024392841714
0.0368011758092426 0.0416899748651507 0.0272202125104651 0.110499350288908
-0.0301401812091334 0.0603753817952694 -0.00972994416439026 0.0516106846843394
-0.0733832896980961 0.00314883085934793 0.0324629057782882 0.015504280179718
-0.0427927358260501 -0.054097669703867 0.148902432676409 0.0529197280210458
0.0289699104538345 -0.0376774808689496 0.230504624333133 0.0589932989590884
-0.0135839788249971 -0.0126067254141082 0.0673986493342953 -0.0247939118004916
-0.00429306620501369 0.0095428309662032 0.0103387726277001 0.0579332316045632
0.0022965080752406 -0.00442602833661488 0.0773279471428261 0.113709902483048
-0.0161014360381917 -0.010001469593563 0.178376023168044 0.0387268216963114
-0.0181753471917234 0.0058123717455363 0.187281447559209 -0.0857452205944329
-0.0151359287697755 0.0171739098431534 0.146996575043751 -0.148041308307053
-0.025712697308589 0.0259612351922058 0.117891771076405 -0.146464592371486
-0.0335263868081585 0.0176939725954997 0.124849826537058 -0.122752781978559
-0.0465418025235141 -0.0109455450769099 0.142348046094631 -0.0559618895341124
-0.0198039469895653 -0.0425828169453038 0.132595500285062 0.0375939467285213
0.0257275619474149 -0.0364085611968376 0.0487593738288426 0.103717671241234
0.0280704297428145 -0.0026460262545562 0.00642439686492405 0.0684054480438612
0.0135840934432986 -0.011337409021364 0.0268219074932342 0.0272448817305954
0.0457894705628053 -0.0287812056013905 0.139854417282977 0.0583790528157664
0.126380665569335 -0.00797567220826538 0.195022118369574 0.0587399655050269
0.069657997381395 -0.0566979617807231 0.0394809862074155 -0.0197037584138946
0.0126927901095104 -0.0745553946614983 -0.0208937450048556 0.0655528736499905
-0.0554815613834821 -0.0575764697453644 0.0604942286924886 0.133890417374773
-0.0937070761337669 -0.0141568124461168 0.161300898506542 0.0610949309310744
-0.0837508005917974 0.0411463306352001 0.173907733428817 -0.0535510012263774
-0.0600414735918379 0.069062633543711 0.133249810773389 -0.119805750695887
-0.0670867484017968 0.077224629359559 0.0987244525708079 -0.125854919208601
-0.084512523880882 0.0593242510666748 0.0915292033286287 -0.114600083044411
-0.120930641188803 0.0135490865359821 0.105706708317063 -0.0748822711277356
-0.100833451687523 -0.0632371813708957 0.118098795201492 -0.0128246265790663
-0.0196650946148769 -0.10526929788746 0.0762140561207655 0.0634290645761297
0.0589776077707884 -0.0884600215015844 0.0452291402678154 0.0689763889359171
0.0963823467305465 -0.0479988373869091 0.0366726439116336 0.0464232007397064
0.134255035444275 -0.0109368850134484 0.112196261034292 0.0599699869930921
0.199485369749599 0.030035311179329 0.130316070895066 0.0454395248385421
0.151881448162871 -0.0781129809699744 -0.000658576566329784 -0.0224642646128946
0.0498807933475287 -0.146226055816647 -0.0638114908072802 0.0522940318080452
-0.0915747325465293 -0.121992198917972 0.0149205937493915 0.134139438980318
-0.160626185770302 -0.0354997479689025 0.110515887435431 0.0798916844731946
-0.145831358654232 0.0599172145170343 0.13189906466783 -0.00976501676773199
-0.102622897657524 0.106361254183189 0.100420359651079 -0.071079860063797
-0.0989283662188304 0.118938186275851 0.0646932767160128 -0.0852586558036357
-0.117495819000964 0.0990880697113396 0.0444731492261681 -0.0883376826604799
-0.173749074187602 0.0527442131074019 0.0478740639064992 -0.0773120223921758
-0.177987138137545 -0.0533705895423553 0.0718835919238948 -0.0600407508346698
-0.0899798372236699 -0.147584434089689 0.0804205552441859 0.000839640795882371
0.0536268328155027 -0.17503240740126 0.0801196039471438 0.0419027148164625
0.160021558761842 -0.0985293387913828 0.0520255516232508 0.0585383550391381
0.209299864182882 -0.000772110380593887 0.0672925351678818 0.0571608203395069
0.231761543657688 0.0669765057955455 0.0505285157591397 0.0206038442392715
0.206641885881995 -0.0683747016652261 -0.0382797744314158 -0.0285765442667966
0.0932995113890884 -0.178868004394775 -0.0922526170507963 0.0206251457443577
-0.0909379253730341 -0.171521462115057 -0.0348857475181805 0.0952420297253741
-0.19162638211223 -0.0649814876116204 0.0340291164078541 0.0725398783226963
-0.187015914040379 0.0568450391658641 0.0614084434211431 0.0289496310009618
-0.133887175186585 0.121671402594915 0.0475360921382344 -0.0135280623350144
-0.115341283438302 0.142062230100806 0.020230805102649 -0.0307207192311526
-0.1291128478643 0.128322217851762 -0.00629238216018648 -0.0416432578395048
-0.195444591715507 0.0912869503550357 -0.0172721709896439 -0.05517792788646
-0.226880235788242 -0.0254726460701934 0.00294359450228561 -0.0820313817901229
-0.153136345220283 -0.155066940790911 0.0508455457385749 -0.0567408111582059
0.028585013706329 -0.234803900253638 0.0868763645943105 0.000447270197195755
0.196727663197211 -0.140130524028634 0.0545924641028632 0.058485105321243
0.259591722345439 0.00578735114394565 0.00514476623227825 0.0497463837268877
0.222017996309605 0.0911692996880449 -0.0280075391531806 -0.00953240281135103
0.21786854519495 -0.0395662815553025 -0.0634425468385765 -0.0296138126620988
0.12092006733545 -0.164480426242944 -0.0876754782815844 -0.0123292987206822
-0.0621014539570348 -0.181882759652107 -0.0558847771474677 0.0281867747275673
-0.17969517581039 -0.0853435077392047 -0.0397464073347413 0.031839847489671
-0.191948140766137 0.0402842924950282 -0.0230264182856962 0.0474549633544632
-0.141771174715592 0.116419310296082 -0.0165198731731665 0.0395651135207193
-0.113993347894889 0.142845444022348 -0.0288813621818553 0.0273966446900769
-0.120245557324356 0.137445384702637 -0.0545475319927131 0.0178533274098906
-0.18440062768598 0.111917816294012 -0.0759100054527198 -0.0120440039918098
-0.232443257668242 0.0032906422209879 -0.0665592253459494 -0.0741039435358106
-0.181401631936718 -0.137912783353878 0.00251934282378234 -0.0879159482455102
0.00472661444131259 -0.251095519160063 0.0638394371972385 -0.032897813369245
0.205270124539485 -0.156021333272564 0.0366455615392595 0.0500616868487903
0.27280266139776 0.0139331096952968 -0.0685220541971878 0.0349235439660555
0.179614860219658 0.095609693953204 -0.0921056912569893 -0.0369651452062973
0.188781804049017 -0.0140787770738405 -0.0732829801275779 -0.0205769197828157
0.115578728618615 -0.127852278684839 -0.0550794729033231 -0.0275219703418932
-0.0362401346534039 -0.15241034953404 -0.0402516976687911 -0.0373047038977403
-0.139317617142507 -0.0780408703243546 -0.0874505998690581 -0.0257608300966853
-0.159278007897956 0.0256333239355934 -0.096921174520655 0.0451976389283069
-0.122659692944474 0.0956581819389046 -0.0782019119953689 0.0806499173935084
-0.0955537698020292 0.121261185143417 -0.0730403899198334 0.080594831654455
-0.0979600600472482 0.122282649365615 -0.0931043647681159 0.0757274275683909
-0.15015619536156 0.106022559654221 -0.119113025917804 0.0352787746064878
-0.199086619115906 0.0172766754937972 -0.11933367518678 -0.0489631524471118
-0.166760302191295 -0.110517326002029 -0.0410913218845873 -0.094377626064897
-0.00258464005933048 -0.225216671821081 0.0278253540815594 -0.04748021245471
0.18997123770411 -0.138814218356154 0.00182027004252678 0.0381706069413087
0.244786213440581 0.0268949487866148 -0.140344573816997 0.0126543122173392
0.118268591838463 0.080560682068343 -0.136332775510184 -0.0513452436662123
0.137150798196977 -0.00620062690032696 -0.0706014337248629 -0.00437978352590779
0.0788730785485766 -0.0930080197598529 -0.0150054707377705 -0.0284698298671636
-0.030492801358571 -0.100149123687006 -0.0120627956487866 -0.0838867393016309
-0.0922587232597135 -0.0435913001137794 -0.109804536047422 -0.0710719400038713
-0.102756968022623 0.0207676326382513 -0.145859333284304 0.0363414366484043
-0.0809607711287431 0.0665171564074046 -0.122999038675869 0.106531248092026
-0.0618031198388557 0.0817941186192347 -0.106078505084288 0.120491915200579
-0.0658880709754712 0.0855448035924274 -0.119425050599881 0.120631865143689
-0.101606456117726 0.0791519004645289 -0.147429798357667 0.0727818591070024
-0.141465736445301 0.0190310328925152 -0.15223273080243 -0.0248555274247976
-0.125346655519225 -0.078357279409281 -0.0712949363234786 -0.0893666934371818
0.000645722622049318 -0.170840149082814 -0.00707462479841612 -0.0514898010747838
0.152827403510217 -0.0970940507095642 -0.0335679059840666 0.0224756426074279
0.178305898811417 0.0393294838267252 -0.197280513178199 -0.0157256159897884
-0.0834224415735581 -0.0434153442094686 0.248494469779208 0.017687731035372
-0.0790966283659515 0.0509021039698791 0.071534473750201 -0.0511891762008558
0.0040355156400774 0.0867771830584206 0.0201513917749616 0.0395014089075654
0.0639647305007974 0.0273002913691353 0.0806766715370698 0.088761543838718
0.0544430896316372 -0.0186195229255319 0.176702754669536 0.0063693719230858
0.03624599376093 -0.0377038552526507 0.168106246340084 -0.119683026436275
0.0221277620755357 -0.0417945565158095 0.123240798477184 -0.17352523450864
0.018056419005969 -0.0298390166656014 0.102002837664957 -0.159484598236376
0.0251864973542459 -0.0234350674165958 0.122191170572088 -0.132953715133149
0.0327676240370217 -0.0217026702315957 0.146666170075733 -0.0563401587601192
0.0468420614714489 -0.00293833007564788 0.133098866005368 0.0525379740907466
0.0410123772981801 0.0368928509977752 0.0401856874501485 0.107760319298522
-0.0224602807544895 0.0638096236629183 -0.00253387473925466 0.0531385504735953
-0.0720875632858389 0.0116601850640932 0.034516013246383 0.0134717282187724
-0.0492051240249943 -0.0494537493549853 0.157116655953405 0.0365886493699047
0.0226808352128362 -0.0410217280295619 0.243006640111211 0.0335159361452251
-0.0155526919286787 -0.0102810908578157 0.0655473133958152 -0.0339024350587378
-0.00365764523420684 0.0096630611022397 0.017579021568335 0.0567761897814295
0.00039743517878942 -0.00446845619485281 0.0939950429917057 0.103659802369926
-0.0178982730560096 -0.00582012748008861 0.185374147502342 0.0148273435641268
-0.0182684146346902 0.00908338769225765 0.179388362865372 -0.110790710965803
-0.0136369307052943 0.0195461794903839 0.129975942870924 -0.17111896687751
-0.0217449831651413 0.0301554208047456 0.100671852342324 -0.160932354775295
-0.0303554390536817 0.0223620718959642 0.111517987710376 -0.138223343676477
-0.0474076763649911 -0.00443474622532402 0.135598369276502 -0.072734264709123
-0.0260659809460809 -0.0386983790289392 0.138313360491436 0.0232824643355957
0.0218166779141039 -0.0394564653743719 0.0611702201865426 0.0995525649602925
0.0276177452076327 -0.00662725921066269 0.0141555666103446 0.0681584198603388
0.0119883198243398 -0.0128924817196679 0.0297467753672493 0.0241855138693108
0.0416621360125705 -0.0348804255304842 0.147907015872521 0.0433934020229679
0.126425230234893 -0.024429770548962 0.198450696617259 0.041961576382056
0.0644052082666361 -0.0649600941982016 0.0355803296359784 -0.0211761321386654
0.00366405627590457 -0.0773642427825737 -0.0115303738953103 0.073381256953927
-0.0631713339875752 -0.0523675379688646 0.0818562024811966 0.128249849688591
-0.0961265048829841 -0.0021629799356835 0.175629150910053 0.0396072148639695
-0.0802894461860083 0.0517756941314706 0.17300997375761 -0.0786191966835186
-0.0526356186186865 0.0766542846064454 0.121738509879827 -0.141056184553108
-0.0587224761445612 0.0866416868790763 0.0835628969685188 -0.137546639182679
-0.0765809904113486 0.0698386635823986 0.0787295125467476 -0.126634349313691
-0.118071124225539 0.0288158115985149 0.0973718082200447 -0.0867346327641374
-0.108054839903824 -0.0493382759217531 0.118292629529109 -0.0251687272225454
-0.0319290217255608 -0.103698230605898 0.0842658913216336 0.0567191361632037
0.0470933593126815 -0.0947915236524332 0.0521672785611275 0.0639492320030389
0.0902135323385903 -0.059239927749583 0.0407088089012466 0.0407294328301284
0.130654702670179 -0.0276183191807094 0.120736855665644 0.0475817100528122
0.206969087391447 0.00416283622171064 0.123619958414263 0.0384310328939692
0.145532749695358 -0.0958758818903608 -0.00802096462329327 -0.0167618262930407
0.0331052831886579 -0.154434948694716 -0.0569996527993416 0.0709945307042804
-0.105560095105073 -0.113120055175582 0.0383621163932706 0.137609961821944
-0.164898530257515 -0.016965880368134 0.13003040935564 0.0665555615415708
-0.140292314508215 0.0770911920329038 0.138828759087538 -0.0299118732268348
-0.0920225135130599 0.117643789834074 0.0963250861400595 -0.0869835285403455
-0.0852739355668639 0.130487891498894 0.054574329405413 -0.0933636463331733
-0.105000883617964 0.112654365723053 0.0348386391911962 -0.0939244042640533
-0.165878027060099 0.0732479971194025 0.0397966690884519 -0.0819907334561087
-0.182587355434155 -0.0310641846226361 0.0676942953577319 -0.0671428924978497
-0.105814245878189 -0.137524557128336 0.0815380972648821 -0.00508155289742325
0.0316680655979464 -0.180294889188447 0.0828223546160743 0.0336931255433072
0.146907234702558 -0.116499693416232 0.0562252374953596 0.0499257720879936
0.206667934168291 -0.0266802827786018 0.0753126553923068 0.0496900538379218
0.245794344811416 0.0371719724527529 0.03481277766309 0.0231594500084598
0.202617926638939 -0.0925359809653075 -0.0492566407668896 -0.0167839845278578
0.0746844860472065 -0.192641020300971 -0.0907213344642973 0.0445523803716301
-0.109257523506124 -0.162912788726411 -0.0166321164416883 0.108172504462066
-0.199812576227277 -0.0443574478746325 0.0540454420888279 0.0714108474932653
-0.181983325011409 0.0781074608691328 0.0738935366879887 0.0190753820227437
-0.121586670949422 0.136581345769711 0.0517246269355867 -0.0217253084749345
-0.0996318737578431 0.155553708598012 0.0162151121488268 -0.0346075798262519
-0.112627362242646 0.142988451762221 -0.0111913598475856 -0.0409740751400091
-0.183034269742606 0.113482537284253 -0.023080517694031 -0.0515858692093457
-0.227382403044113 0.00243359621757695 -0.00362683571306412 -0.081692342565245
-0.169860540854574 -0.137706086055427 0.0465058490209387 -0.0594018586899154
-0.000901129699425297 -0.236692362966879 0.0842908704261352 -0.00782625246929866
0.179123537092611 -0.161898539813461 0.0585890368142181 0.0486348530489441
0.257201258371703 -0.0254381559599518 0.011610070470519 0.0492710884087402
0.24007779694071 0.0628625006302743 -0.0489955512704839 0.0012324878542569
0.217047251995239 -0.0643911628800122 -0.0749077957405073 -0.0159266866282341
0.103983514314128 -0.180426746283853 -0.092546663496518 0.0102402667665861
-0.0817655939381002 -0.177204016130827 -0.0489190412795723 0.0441663786293927
-0.189079956268262 -0.066351909440261 -0.0276025611314704 0.0409946647723722
-0.188100648577972 0.0616404910657699 -0.00805470849670662 0.0476892937548717
-0.13028071429332 0.131266087350536 -0.00580959531748021 0.0420769776929307
-0.0983069238692033 0.156223422121243 -0.0249873672102407 0.0303772810244515
-0.103822835835858 0.150380084464467 -0.0522540112747682 0.0240523152850693
-0.169985341952311 0.131751085721801 -0.0765701410980188 -0.00158555563891735
-0.229245596361443 0.0303333022273415 -0.0732724428481483 -0.0657264380365853
-0.195228318142967 -0.118014748195976 -0.00642057569944604 -0.0855751562948084
-0.0263014963252789 -0.249918853457196 0.0571923369017532 -0.038000897617644
0.185694931431222 -0.178463651726516 0.0392343155167924 0.0416612130785329
0.271525049365621 -0.0187381788004355 -0.0643514884656561 0.043511374940064
0.196923814000713 0.0732274005095411 -0.115077265435726 -0.0200766675665301
0.191005802483675 -0.0361419525651369 -0.0834509271110294 -0.00712255328768947
0.102550870901039 -0.142799167873846 -0.0616355215372376 -0.0109990657673918
-0.0513576055601188 -0.150159447247124 -0.0436401124226049 -0.0246989049317128
-0.146496066973838 -0.0637361882083176 -0.0847315381836673 -0.0110674347306271
-0.156709253540234 0.0423400017917818 -0.08478591600562 0.0561716903997781
-0.113631467943158 0.108756712760652 -0.0638576663263543 0.0920836829464326
-0.0821028853434848 0.131951186996722 -0.0632051584975687 0.0887853227435551
-0.0836252209663185 0.133196122506879 -0.0838272543527751 0.0871957408637522
-0.136940704665961 0.12125130293484 -0.114707430548131 0.0513291596622934
-0.195088142330779 0.0397784461036258 -0.123978398645653 -0.034983522622449
-0.177741152932456 -0.0917296913026418 -0.0514599571813525 -0.0876806574530658
-0.0306113841949613 -0.222849659311238 0.0192609773295428 -0.0489367048910744
0.172431340609627 -0.15955925676088 0.0037776610785455 0.0342143481984079
0.245526318429018 -0.00131212775777255 -0.139654187108748 0.0282443724068651
0.132877819122436 0.0652745001571048 -0.157789643873913 -0.0323401957341597
0.138636700993069 -0.0221328770037436 -0.0768005141661505 0.00809756286402647
0.0692123175229745 -0.103442345458148 -0.0201312757264145 -0.020085438443568
-0.0402783840238118 -0.0968863311849402 -0.0224285890856818 -0.0779090511442077
-0.0956878706850728 -0.0353213546685026 -0.115367594503836 -0.0546728322958193
-0.0997942735628056 0.0310954384924337 -0.137360569356948 0.0538790942714939
-0.0741888677583194 0.0746738629855368 -0.108017110663739 0.125127147825719
-0.0538310525658249 0.0885029951856492 -0.0911135438012473 0.132226250447852
-0.0562596438707101 0.0922577279969345 -0.105769782060971 0.135144944150358
-0.0918354646028053 0.0887150671373053 -0.138851874923817 0.0914702589141391
-0.136894222438923 0.0338611916707543 -0.154802759630946 -0.00698354110435061
-0.132612899174552 -0.0641358109903641 -0.0814699543186016 -0.0794913337296506
-0.0202138184585068 -0.170143324449313 -0.0152276741722381 -0.049080118217531
0.141022454445083 -0.113448921265615 -0.0327997528303625 0.0230013523665939
0.181478290488076 0.0186240856141552 -0.200806426613632 0.00614936201467496
-0.0854107127795632 -0.0425671571927956 0.252170737622846 0.0142688240746325
-0.0796080402810326 0.0521333140664366 0.07137792346085 -0.0529073429730092
0.00541981350911202 0.0876256478881098 0.0202224532746013 0.0392643525933327
0.0654626898056378 0.0267034669903829 0.0835956060964386 0.0895070265722964
0.0548575620942408 -0.0194013381699328 0.178692771551743 0.00395778483402479
0.0362379086427117 -0.0393489130698952 0.167105331256273 -0.123616130166265
0.0210459737451578 -0.0427299536165943 0.121284212753849 -0.176710216369586
0.0173872604779585 -0.0301006020695099 0.100169113230378 -0.163096755646803
0.0252228412744972 -0.0243736074261634 0.121888199899879 -0.136714625182103
0.0326221431696475 -0.0226015913076292 0.147636480592167 -0.0601202354272764
0.047336149410928 -0.00379682984917232 0.135627900911565 0.0505163530409566
0.0416088624502091 0.0366312116896402 0.0423762082528727 0.108462800609687
-0.0216576212390163 0.0648052892113086 -0.00205022576240724 0.0535254604576866
-0.0725034393124655 0.0131237612760333 0.0346976349257865 0.0130604458542658
-0.0501597154871243 -0.0491404312956276 0.158971708911787 0.0342809956742956
0.0221861367774941 -0.0421333192659588 0.245443672980732 0.0294981611238477
-0.015994360999818 -0.010389984263355 0.0653125284587496 -0.0353723365418123
-0.00345978110553824 0.00974807642238672 0.0182081204183524 0.0570677598522409
0.0003662310525967 -0.00437744411085754 0.0963457733148627 0.103758972164321
-0.0182321963575748 -0.00547903426093381 0.187893044183695 0.0122995093110282
-0.0182106138483444 0.00975115888521834 0.179007810714168 -0.114604119828103
-0.0134008593046328 0.0197801598474696 0.128265690896988 -0.175300421423435
-0.0217320905780521 0.0310306700869774 0.0987016811263477 -0.164037069807354
-0.0304502440599878 0.0229737347063497 0.1098239925618 -0.141678356610513
-0.0478461915951936 -0.00387614475295444 0.136090765883356 -0.0758114631591525
-0.0266542704399593 -0.0391130536647598 0.140003285931358 0.0215295806268391
0.0212146938863549 -0.0403937636442409 0.0637500639329106 0.099813857876558
0.0280196581616275 -0.0069866898257885 0.014823025036412 0.06871804793875
0.0117765754507699 -0.0129761419388156 0.0299084901150214 0.0244652487255826
0.0419825894544521 -0.0362279899087344 0.150168110727888 0.0417832101189687
0.127495912955769 -0.0269193145158309 0.200764868819422 0.0390634668200849
0.0639291523595775 -0.0670038407614521 0.0352794665099242 -0.0221751609054817
0.00259898046007738 -0.0784538809092952 -0.0112121405377368 0.0743719921151314
-0.0648636705768498 -0.0511940885260859 0.0847097363451186 0.128894506221086
-0.0975697771837818 -0.000577432466009744 0.177885851355858 0.0378553732954893
-0.0798002954320242 0.0535621653602946 0.172973917592187 -0.0817377606966187
-0.0520772689486418 0.0778960846289028 0.12066778964218 -0.14421838160456
-0.0573940249620058 0.088376724476078 0.081706388017532 -0.14044777908671
-0.0762019754400166 0.0717287700290148 0.0769660293034691 -0.129463717917276
-0.118175795361965 0.0311633343408679 0.0965905461170811 -0.0891578293180206
-0.109727539393531 -0.0483016693736303 0.119083393234572 -0.0279659810578703
-0.0333192346662364 -0.103808751850326 0.0859707653634855 0.0561171330388855
0.0462467727642577 -0.0968268556918997 0.0535235245692608 0.0639001073847779
0.0899435065086549 -0.0605444134565368 0.041970087340363 0.040642060485091
0.131788480466984 -0.0300394960466973 0.123206685137144 0.0459159208027803
0.20897715963409 0.000899646478698439 0.126172222804048 0.0367637038858856
0.145537559958746 -0.0992739977967049 -0.0082013206180953 -0.016860899774429
0.0310693779224139 -0.156429758676445 -0.0571643571292954 0.0722690631665983
-0.108264168028451 -0.112917958725487 0.0406095015688385 0.138942754361221
-0.167159695978523 -0.0139460543965184 0.132587215559337 0.065637227765615
-0.140518580064096 0.0798959749951258 0.139613675745211 -0.0321145775112138
-0.091022238353446 0.120622606682975 0.0962591801972839 -0.0899303991459514
-0.0844623106668494 0.133189146702066 0.0535135628767338 -0.095643558654613
-0.103780802203486 0.115751652251895 0.0333282115037105 -0.0953304619155846
-0.166673900469206 0.0768479941793249 0.0383835785095199 -0.083357743851133
-0.185161255077139 -0.0279320580247946 0.066930690544429 -0.068934263463012
-0.108744650969544 -0.136994369104754 0.083025200237769 -0.00665610221886948
0.0291321857305055 -0.182562600039721 0.084580684223301 0.0330083909683076
0.146867212967364 -0.119498984215076 0.0580724782235793 0.0498471569662811
0.208506965273612 -0.030328484178371 0.0768147397736939 0.0496009882400276
0.248459399569041 0.033493768820117 0.0364555630581915 0.0231295202644402
0.203144780398889 -0.0967349826755715 -0.0495269147198586 -0.0163682667352415
0.0724926191322014 -0.194970941906782 -0.0920793243085134 0.0462294511688947
-0.112954706046759 -0.163133915139699 -0.0160158596812455 0.109545035840949
-0.201888153910263 -0.0415385030475579 0.0546103917513194 0.0717496590072447
-0.182323557770531 0.0817847148552349 0.0747395557598001 0.0174469176229554
-0.120361661166048 0.1399175521825 0.0515322586006591 -0.0221171422452142
-0.098042024957799 0.158541643902602 0.0158093925741871 -0.0347251848982571
-0.111655896040547 0.145988074604716 -0.0126365425048118 -0.0408249501514003
-0.182503573709823 0.117610326815392 -0.0242866337187987 -0.0516000269443883
-0.229509066445236 0.00664041454735842 -0.00542588518792533 -0.0824788605372598
-0.173552249685323 -0.136577508682209 0.0456486156727541 -0.0600727894761706
-0.00464193895208032 -0.239255071341595 0.0858155871567233 -0.0088919008501306
0.178409933751872 -0.166690184686686 0.0599741201984822 0.0487912374605761
0.26013661429545 -0.0299873978067084 0.0124586525047268 0.0497023736029065
0.243086676237795 0.0590384339646908 -0.0494246478507633 0.00207327759646716
0.218457226842556 -0.0690449484140526 -0.0763252033766474 -0.0154001295280008
0.102899775927082 -0.183809827144695 -0.0933295807179668 0.0118841858706487
-0.0846179700201168 -0.177447829887084 -0.0495103581957078 0.0453494849799256
-0.191927422680608 -0.0640118946680285 -0.0272375155419683 0.0422812245533044
-0.188803239465312 0.0653183551226759 -0.00724878184819033 0.0489720952634426
-0.129334732164903 0.135371083231032 -0.00528543148137293 0.0428571047276689
-0.0963977871896495 0.158956413361255 -0.0245545038770058 0.0314105076168791
-0.102282372454829 0.153512227037209 -0.0521119865325957 0.025368656417102
-0.169512974756536 0.135771754415988 -0.0778329256687376 -0.00032628613029259
-0.231156440696617 0.0352245698946548 -0.075391764014759 -0.0652822404769456
-0.198653170958204 -0.11570864882557 -0.00741169620386474 -0.0864739157038525
-0.0305651147408721 -0.252036489030442 0.0576989211175072 -0.0394311344922467
0.184470040469026 -0.182751151542457 0.0406054932644659 0.0420074793054029
0.274205636926633 -0.0229097382774722 -0.0642552553734943 0.0448655981713172
0.200044140983136 0.0697565421005973 -0.116940807436769 -0.0186254795815735
0.192164059185619 -0.0395647361514415 -0.0841757465523694 -0.00605078734259677
0.101623799956724 -0.146093638422627 -0.0626160749113578 -0.0102182201363419
-0.0542376460165694 -0.150941434352678 -0.0447395384365798 -0.0244486885242816
-0.149208634833828 -0.0622768839770355 -0.0864531233589241 -0.00885795146886639
-0.1570357681528 0.0457575484927787 -0.0844136438377315 0.0582272126496482
-0.113437290069361 0.111732514327806 -0.0625683101928849 0.094486439350048
-0.0806850597458503 0.134269970531991 -0.0620803708362996 0.090382215762142
-0.0823371649913167 0.135782059399226 -0.0834062072914894 0.08951249408983
-0.136396745109809 0.125260730836456 -0.115285871650102 0.0535491991675816
-0.196161792568222 0.0434717572763908 -0.126471867659823 -0.0334615610309668
-0.181173129029586 -0.0897864426433672 -0.0534351789835624 -0.0876579508039055
-0.0339061986766413 -0.225141996664697 0.0191585736204753 -0.0495629658387702
0.172118052817918 -0.163622725992735 0.00503092075072427 0.0346926873157539
0.248369481114782 -0.0053252010795204 -0.140878985801672 0.031425616599479
0.135389323344981 0.0636835617303594 -0.160195468654791 -0.0298119053548483
0.140073757098315 -0.0242059472093858 -0.0770235737481734 0.00853609882216829
0.0683142297437672 -0.10545718146213 -0.0208322892476925 -0.0196633824689599
-0.0420688299901358 -0.0972296453901517 -0.0241101326693854 -0.0785544432063348
-0.0972841231083303 -0.0338043434015044 -0.117611264194129 -0.052960767498911
-0.100152187738679 0.0329239180661922 -0.137791634689925 0.0570004472139215
-0.0735128153811421 0.0763504583062316 -0.106235929035803 0.128119361323847
-0.0527179679246097 0.0893837533014248 -0.0895431884312929 0.135825141709677
-0.0547730515363338 0.0940362998115609 -0.105002966043354 0.138027875829732
-0.091381488203724 0.0912461029071215 -0.138762015397555 0.0948952315862434
-0.138264175150453 0.0363975773219574 -0.157192884555179 -0.00419762376999965
-0.135036713781676 -0.0634745024518218 -0.0831598091849035 -0.0797743409029619
-0.0227620446725189 -0.171204473431492 -0.015958054545851 -0.0491955479332242
0.140715319882959 -0.117161129044388 -0.0326224638564946 0.0237195928303204
0.183987670115205 0.0166791314665529 -0.20225441727058 0.00938252336799014
-0.0867640434611602 -0.0414840607404636 0.254951361991231 0.00906121168514404
-0.0794398059180407 0.0538405525985151 0.0705342816627668 -0.054540548474513
0.00719548051842322 0.0880871481282145 0.0208833032745742 0.0395126739158471
0.0663143469297534 0.025817761233546 0.0857443496479654 0.0888070519583493
0.0548820365226396 -0.0212253982332457 0.18106654128853 0.000802068454853226
0.0357277833446628 -0.040248064368461 0.166048285053597 -0.127828649261129
0.0207776369579818 -0.0435778401999344 0.118541077128666 -0.180791762462424
0.0172979832767786 -0.0310477872364084 0.0975432017588293 -0.166288909834625
0.02507207824238 -0.0249629279542377 0.119445876641808 -0.140451383250504
0.0327771984293653 -0.0233280094574122 0.147791685467179 -0.0629433643392455
0.0475584041376508 -0.00503529319665011 0.138044926129266 0.0485533725487225
0.0430591308970765 0.0358170881531451 0.0451636182938124 0.108733766235698
-0.0204203286295836 0.0660517687796728 -0.00114970098495583 0.0542719357323612
-0.0729690521805431 0.0150140336379863 0.0350864659232714 0.0130748203089118
-0.0514412918728053 -0.0488975150276208 0.161100118374355 0.0313177064116489
0.0214777515355361 -0.04353247614298 0.248932899529816 0.0251034385392263
-0.0165842820771708 -0.0103813625129998 0.0651623225142023 -0.0372545637020104
-0.00340191956198561 0.0100976433909743 0.0188305275119744 0.0571997756969586
0.000661234912858929 -0.0042750660370706 0.0990371142601505 0.103478337895016
-0.0183395383665774 -0.00537447138461611 0.189964442630744 0.00939063199573501
-0.0182398220916855 0.00975074849393634 0.178047684276342 -0.119700109770588
-0.0134247056539703 0.0202993890919093 0.125692805031507 -0.17927092184876
-0.0214285163009105 0.0316910111358201 0.0959874124588605 -0.166880680385878
-0.0303801686943861 0.0240298947245414 0.107783888305088 -0.144960310360036
-0.0485369268313872 -0.00275756399826398 0.135687122649641 -0.0793405349478751
-0.0275485660222881 -0.0384461789534969 0.141383967051317 0.0191452356619766
0.0206912878495777 -0.0412194487701139 0.0664174153633339 0.0993733121270777
0.0278805380575066 -0.00754451756485114 0.0164556072261157 0.0689538773082491
0.011959754169669 -0.0132691542938241 0.0302801204305312 0.0242202503040749
0.041495852510367 -0.0374148576138279 0.152166889947295 0.0387912419123768
0.128164531061821 -0.0298167248201974 0.204552894803269 0.0349507201540177
0.0633308314387547 -0.0686778929397175 0.035197136274294 -0.0229991312478844
0.000952048515674816 -0.0789393790198475 -0.0106471784922708 0.0752519643626812
-0.0658262559385429 -0.0507772265313287 0.0877702456686177 0.128649719920934
-0.0981964148353776 0.00132883008546393 0.180332353929496 0.0351465746973758
-0.0799290709838288 0.0552849331306055 0.172672132132482 -0.0860942242667845
-0.0512126327757821 0.0795764635860988 0.118739403616661 -0.1473770073906
-0.0561164078537015 0.0897295953736207 0.0799089550142443 -0.143493838329404
-0.0753519566468714 0.0737851426466836 0.0753860598427722 -0.131436783485221
-0.118362077664171 0.0337830698914059 0.0958164640803987 -0.0915308175061219
-0.111373212072656 -0.0464924577497815 0.119048800375939 -0.0302057702407778
-0.0353341923611024 -0.104148224907232 0.0883270570740305 0.0554911245630771
0.0450949012719124 -0.0980309475749421 0.0555087415239956 0.0642693194791505
0.0894632112019387 -0.0632593487261826 0.0427001285607178 0.0405390044842988
0.132684935660076 -0.0333011075631773 0.125147169130054 0.0441261935280291
0.211107763097699 -0.00370085037821226 0.128116354074502 0.0346136922990694
0.144779605324152 -0.10317084769119 -0.00863305972692952 -0.0166658237286456
0.0284491775164408 -0.158352126594822 -0.056687400260778 0.074061706673663
-0.111095318677009 -0.111733289653081 0.0431338515287752 0.139227580296209
-0.168976862994513 -0.0106046051222974 0.13521781697685 0.0644009120640764
-0.140337453189925 0.0834233442685317 0.139678307127294 -0.0351244398476323
-0.0895795154353676 0.123353797020995 0.0946162796534136 -0.0919835354232994
-0.0823008459851459 0.135663016601524 0.0517547024760644 -0.0968389934758165
-0.102645240488581 0.118797928235574 0.0312693170791188 -0.0966002474922589
-0.165719519798435 0.0812043635851843 0.0366260469849233 -0.084961774803923
-0.187034758858244 -0.0245738402449219 0.0657604978413489 -0.0711822614739792
-0.112158574975574 -0.136227013964362 0.0834331683631472 -0.00745848602638485
0.0258441604972954 -0.185128140397734 0.0860931288698647 0.032226422071762
0.145697148255861 -0.124020527939137 0.059294509040638 0.0494036309012319
0.210074083144389 -0.0347772955394083 0.0788488952643902 0.0483889078104397
0.251798753643468 0.0281989449565206 0.0372733093212381 0.0225245259212669
0.203244443648 -0.101628918869087 -0.0501896846014029 -0.0160082038789297
0.06948150716206 -0.198648379766547 -0.0924721799266442 0.0481379380131528
-0.117190191743668 -0.162181731552358 -0.0143773077601267 0.11065624815025
-0.20478749910027 -0.0380326939875513 0.0564416780602335 0.0716492707310394
-0.182313292601841 0.0857339281351963 0.0760320432964813 0.0165755440263667
-0.118579424020289 0.143638690851276 0.0517430703297492 -0.0234063397529591
-0.0954614226369212 0.161233367483382 0.0151952784559355 -0.0353557626844445
-0.110099564216648 0.149750299015192 -0.0137946531771156 -0.040730668424185
-0.182562590732281 0.122548089730001 -0.025981730915794 -0.0516214762550323
-0.231393548675736 0.0113811105930712 -0.00804075428518598 -0.0831002414906733
-0.17750996473457 -0.134515746216925 0.045136079382751 -0.0617210547102057
-0.00928696369180145 -0.241078035413016 0.0862743671056258 -0.01054829025981
0.17581079136719 -0.171281233346483 0.0622507433334319 0.0479237583378084
0.261805025954722 -0.0359478511560659 0.013320944702047 0.0503857358107091
0.246355981369837 0.0549948956789825 -0.049912585336945 0.00322787080039767
0.218848338770327 -0.0739244722973214 -0.0766197835790697 -0.0138171824267497
0.0999206646533828 -0.187837103843414 -0.0949072092753175 0.0137495667289981
-0.0898139169527988 -0.177364114064988 -0.049008734085895 0.0468482017281773
-0.194638933986326 -0.060423143555897 -0.0275108681262607 0.0436377920542637
-0.188653416511517 0.0695837585697804 -0.00647977246479019 0.0498820524703852
-0.127970301990941 0.138908983681054 -0.0046005898921712 0.0435059295630301
-0.0945013864573639 0.162086509441806 -0.0245161106727471 0.0320360812970277
-0.100207203907666 0.157135339844384 -0.0528765787104989 0.0264607088769609
-0.168563827375587 0.140696074987848 -0.0786542722811053 0.00135078792577372
-0.232343697920278 0.0400585270262724 -0.0777089423861921 -0.0642664478182439
-0.202748994360855 -0.113484098968475 -0.00923599081211678 -0.0865518244091271
-0.0357771717580679 -0.253610245924166 0.057960502977135 -0.0405882466619554
0.182691587944865 -0.188411687671454 0.0418726605487151 0.0417246883559148
0.276670095288139 -0.028962149923663 -0.0637528402550245 0.0470862271570961
0.203196869275522 0.066860304046538 -0.118446637379317 -0.0166534080395936
0.193416767971599 -0.0434934180593187 -0.0849022649409044 -0.00445890446069323
0.0996663288045341 -0.149268546074648 -0.0631772313522014 -0.00927326476673512
-0.0575910388616459 -0.150986558475438 -0.0457543576499861 -0.0240297877604062
-0.151609716182665 -0.059639965968221 -0.0879161217254219 -0.00719037821629985
-0.157532171210467 0.048767203891962 -0.0837109172437325 0.0609714430296762
-0.111224482127852 0.114909285056834 -0.0607844594098581 0.0959649078548087
-0.0791265889237532 0.136772513637064 -0.0606132776798816 0.0929622768132642
-0.0803826850807634 0.138660768390138 -0.0823909836553347 0.0921199824726508
-0.135561801095966 0.128838542886863 -0.11489402631676 0.0561379806523112
-0.196423588053555 0.0478120734835018 -0.128762027488234 -0.0314853866236945
-0.183868073625162 -0.0867225850989393 -0.0549363211854071 -0.0875833387519847
-0.0388637082368646 -0.226334054661409 0.0187020176372636 -0.0502269234192213
0.170375162495824 -0.168668344329253 0.00567481947290365 0.034649053154668
0.250490363241941 -0.0101967815953738 -0.141485018686262 0.0344327029289334
0.13799906467645 0.0614109071318255 -0.162456429774319 -0.0267644872542954
0.140577988123956 -0.0275437947232208 -0.0775476150826492 0.01048199312852
0.0668376288573685 -0.108119986585823 -0.0209511515783555 -0.0198762476884219
-0.0441480360243276 -0.0979026910007314 -0.0263158975618759 -0.0787295867455237
-0.0989086752980026 -0.0319687573521158 -0.120628020014733 -0.0506371837123736
-0.100612973672783 0.0352315787657667 -0.137492480514499 0.0608035154659101
-0.0724395676502128 0.0779904251229439 -0.104184885813279 0.130605161258451
-0.0513470213573982 0.0913231588279999 -0.0878736827563113 0.138542813394297
-0.0537293930889067 0.0958652693662391 -0.102414969861608 0.141493469272032
-0.0903518246957113 0.0940391775322781 -0.138076229778125 0.0983883054100172
-0.138019830115091 0.0392937242907142 -0.158904795649183 -0.00145608509240922
-0.137474229936684 -0.0610092675570199 -0.0855504455864101 -0.0792301349890322
-0.0263332289153029 -0.172242052706925 -0.0164676776918643 -0.0495675349435652
0.139922043241346 -0.120794381684952 -0.0321081034791086 0.0246233262519773
0.185557938692371 0.0130648055252923 -0.204364685323338 0.0134367128036
-0.0883427860945163 -0.0404259754783569 0.256655585344651 0.00340391575507671
-0.0790848516927735 0.0563252963474417 0.0696565540951595 -0.0571191591921777
0.00894562336078089 0.0887125284026981 0.0214819648568979 0.0391040807819856
0.0674115818634212 0.0247125656232469 0.0885405620510008 0.0881853945146898
0.0547066415374933 -0.0222291364732144 0.182221657595921 -0.00311709922205984
0.0351380615340618 -0.0412447612303084 0.164178001842375 -0.132602568191972
0.0196734874926992 -0.0441857239012882 0.115338046716032 -0.18441794559855
0.0165445679753015 -0.0315900864738445 0.0946859200087842 -0.169513552510872
0.0249329967125676 -0.0252712970381415 0.11682295017645 -0.144205653326363
0.0320933834760375 -0.0237018470226319 0.147177122836284 -0.0672768589782467
0.0477424093173545 -0.00595504796777733 0.139930415107739 0.0458369441407613
0.0440230035379196 0.0348386133839875 0.0479203537555191 0.108080691221068
-0.0190866162052264 0.0669170954675063 -0.000893003497750731 0.0544292989142314
-0.0727719018451159 0.0168615683209063 0.0352844387875196 0.0124843577097802
-0.053442982055178 -0.0481296568285218 0.16317704191911 0.0285181838574078
0.020807527115951 -0.044529789190891 0.251322541920894 0.0196679632287198
-0.0172302321488671 -0.00989015090188367 0.0646793533600962 -0.0384425597739008
-0.00365217029670705 0.0102093147433727 0.0201234256210007 0.0572534813287089
0.000717862387603839 -0.00400701716396563 0.101713817293483 0.102175522947835
-0.0187933504460055 -0.00481098745814178 0.191968536992755 0.00556692164718896
-0.0181690221916608 0.0106403494825548 0.176025059928977 -0.124378591506083
-0.0127051658290719 0.0204932294662827 0.122115000879896 -0.183109679884478
-0.0211194458393429 0.0320915864530418 0.0930863321645874 -0.169576622496143
-0.0302587423884749 0.0245571048523934 0.104972831950544 -0.147908904279794
-0.0488766137861254 -0.0016624818695672 0.134852380539391 -0.0827359537437868
-0.0283846389109031 -0.0380354992748337 0.142986201235448 0.0159304737844844
0.0201925102700505 -0.0419030365308963 0.0692863006665673 0.0985253490212843
0.0281470257147795 -0.00804750860072882 0.0179247522357998 0.0691905521794789
0.0119674302869576 -0.0139520902790923 0.0304868907522236 0.0243567288898087
0.0411990705405383 -0.0390412616339653 0.153987555249722 0.0360955880064869
0.128322966444633 -0.0336524506969893 0.206307878148656 0.0315944355769986
0.0616287789256564 -0.0704648081512858 0.0347288824761556 -0.0239676480834322
-0.00123960113294584 -0.0794054618595385 -0.00927505021327057 0.0757236910775533
-0.0673751236174838 -0.0494985171259595 0.090636380975101 0.128223565327929
-0.0990345684297082 0.00353114809412644 0.182169873079669 0.0316430620283271
-0.0789534786849154 0.0577256024990365 0.172182796539643 -0.0906587798135643
-0.0499768070776461 0.0814321244581681 0.115401760719983 -0.151455364468147
-0.0545858811149566 0.0917390355174745 0.07739214935813 -0.14566831907284
-0.0744315766699027 0.0758919023945259 0.071573894051801 -0.133937651505553
-0.118739717477724 0.0369127121662564 0.0936304239744256 -0.0945292769591238
-0.113199322207939 -0.0442668961291398 0.119386737888368 -0.0333397962517761
-0.0375595591507376 -0.10406917921312 0.0906325094362032 0.0539642522679638
0.0434099166930799 -0.100012232271645 0.0574639908198629 0.0632854192858349
0.0885353625501861 -0.0662658448239711 0.0435406180320279 0.0405285626938245
0.13340696301016 -0.036608886153935 0.126763820101096 0.0420870136901283
0.211968264070236 -0.00851768477269176 0.130260550969835 0.0326320175705046
0.143388563507858 -0.106801848728591 -0.00894712975651077 -0.016839149610755
0.0247047279137255 -0.160124675318205 -0.056302023325033 0.0755169206273265
-0.114468222769288 -0.109806064645231 0.0461877928382137 0.139107007171245
-0.170403573362968 -0.0070084016916227 0.136777983079292 0.0620464943123791
-0.139445410989964 0.087191293031927 0.139820533567335 -0.038270839887725
-0.0872176043082887 0.1259345473951 0.0929050374534399 -0.0948922104352318
-0.0799021960697162 0.138344957044782 0.0495679898915867 -0.0990587686621373
-0.100859211425049 0.121898981959642 0.0292603085866761 -0.0975674696889751
-0.165134885557038 0.0852016522143456 0.0348630631526456 -0.0861141020141292
-0.188674461396855 -0.0203891508673976 0.064012358903162 -0.0732168214713015
-0.115913686043544 -0.134099770584903 0.0846296810597046 -0.00927498209820099
0.0217486890057053 -0.186859840570621 0.0874815880440068 0.0306935971464555
0.143565067709941 -0.128264071456515 0.0609077697700728 0.0493789691875038
0.211285208030411 -0.0396185854132862 0.079934682945661 0.0468704014708696
0.253899203879422 0.022663238568313 0.0374283530315074 0.0219180665559956
0.202658407142854 -0.106874145753777 -0.050814291968668 -0.0156575760241106
0.0652118789303872 -0.200938979109125 -0.0926730103258236 0.0505485057337992
-0.120944525425384 -0.160676003190558 -0.012030302470868 0.111873436095727
-0.207077339752707 -0.0324597748520464 0.0580453443322313 0.0717253545748237
-0.181597823767387 0.0910141127613667 0.0765649672721541 0.0151484244792671
-0.116001437237548 0.146834768271038 0.0511732337853296 -0.0246991023810707
-0.0925908873053948 0.164436762983037 0.0144082972678887 -0.0351946132563572
-0.107559889788457 0.15277226187864 -0.0146111508317237 -0.0403305563302041
-0.18038247980802 0.127607992753822 -0.0278274727158919 -0.0512598796445903
-0.232663065134834 0.0169196807555505 -0.010202605833334 -0.0840422749446889
-0.181226368680609 -0.130992485648556 0.0443257902197769 -0.0631454353732717
-0.0150077140524736 -0.241981395810682 0.0873618777579591 -0.0123519498277693
0.173452473150028 -0.176844201159113 0.0635168066280525 0.0477114704565499
0.262991941392157 -0.042211347631713 0.015109863046658 0.0500960449772068
0.248654676108342 0.0497789931286323 -0.0496087297728432 0.00454486570457647
0.21840044115673 -0.0804750560474976 -0.0773558641009854 -0.0127116462683136
0.0958736664760354 -0.191309402545557 -0.0947875802693462 0.0155439235090575
-0.0933827588790463 -0.176788955990035 -0.0491663929398442 0.0480498566834613
-0.197322108312537 -0.056678528369505 -0.0269572702230825 0.044679812806146
-0.188351863018922 0.0741780304135467 -0.00524626834847198 0.0505407838943965
-0.125208852627239 0.143083907243979 -0.00339284339479527 0.0436976984738829
-0.0911650835805819 0.164648299678179 -0.0241156261255033 0.0331293573875069
-0.0972420440614772 0.160163810159601 -0.0521098155195282 0.0286026984867398
-0.16582937220329 0.145304388645012 -0.0792407158513581 0.00335790202325131
-0.232085814104073 0.0460434313886224 -0.0803590615056066 -0.062439698927603
-0.206555495976768 -0.109325936908318 -0.0107117151256975 -0.0874390564909719
-0.0414104099677406 -0.254106274117442 0.0577892056552717 -0.0425008291272087
0.179889559261223 -0.193858236318994 0.0439779282333955 0.0416248666099941
0.277937698569689 -0.0354345898539063 -0.0633411368259413 0.0481123229351179
0.206017818434069 0.0623513041240605 -0.119375079842319 -0.0133862272951059
0.19340832459894 -0.0484297033049136 -0.0851432897930295 -0.00313342042814486
0.0964034837581835 -0.152342379382171 -0.0643505703059267 -0.00731675498746836
-0.0614119755487057 -0.150224967367875 -0.0471082710871044 -0.0235996866557904
-0.154226005780943 -0.0564540039244551 -0.0884986111227458 -0.00468562146874044
-0.157030243442854 0.0527564981473424 -0.0823446930065926 0.0635472908862116
-0.109300053877028 0.1178793030416 -0.0586903464143274 0.0984917818407137
-0.0760002887853939 0.138998363340376 -0.0590025785146106 0.095007314421026
-0.077466278504771 0.140869693176407 -0.0804931215546725 0.0948054686803049
-0.133077671716867 0.133069389260445 -0.114409863951453 0.0591612707063235
-0.197147329818563 0.0522469896003781 -0.130507929664975 -0.0287928087874362
-0.187061650138937 -0.0836413776363112 -0.0568472869919473 -0.0868295221577654
-0.0441388312277764 -0.226759043856001 0.0186590097348438 -0.051232932374288
0.167984357573911 -0.173060776867066 0.00708653807946089 0.0349052543525612
0.252443300900306 -0.0152412707826144 -0.141158599137203 0.0377099385620883
0.139765992484142 0.0584261675170305 -0.163641997559057 -0.0230198768155926
0.140834243297783 -0.0312340076866863 -0.0775701782724932 0.0116579377572552
0.0642088342836314 -0.109783657648011 -0.0215611057214692 -0.0190538359397898
-0.0469961238988328 -0.0973358586701404 -0.0283288758460586 -0.0788193415303826
-0.1001117708575 -0.0299639698123379 -0.122887098855119 -0.0485568812957636
-0.100086700609756 0.0376921339472962 -0.137047626908682 0.0646228157420187
-0.070787429608655 0.0807227584354094 -0.10132268749635 0.133883234303404
-0.0494498204309766 0.0927991573244951 -0.0850152260742027 0.141354666071412
-0.0519341447519372 0.0974836584937475 -0.100117659200618 0.145124616854804
-0.0888774402042866 0.0964156439042656 -0.136518775358711 0.102416516092753
-0.138401427896507 0.0429904084316943 -0.160482287979307 0.00175031914618575
-0.139531510829449 -0.0587515670855891 -0.0882189599568934 -0.0774667352045044
-0.0305022433699885 -0.173062241375695 -0.0172642263233311 -0.0497616375897133
0.137953076291976 -0.125092781297846 -0.0316530616434225 0.0252793791790494
0.187358814456783 0.00939664638873676 -0.205018379695097 0.0183765845022926
-0.089956155974631 -0.0388052418685532 0.25813463064113 -0.00357976033573854
-0.0781981555570644 0.0587151973902968 0.0686666649506549 -0.0588165158463613
0.0112770777676257 0.0887394195395146 0.0220172106488654 0.0386419162290448
0.0683897782079866 0.0230791038682134 0.0911595302645319 0.0869067586444798
0.0540540369702222 -0.0237188567674565 0.183324894249823 -0.00708321810869774
0.0339786155542667 -0.042249544657407 0.161168827952312 -0.13785871405174
0.0184453538460051 -0.0448611001691861 0.110195386714919 -0.187787577138775
0.0158691190483366 -0.032009720603891 0.0907592056878376 -0.172343546001616
0.0242462673218822 -0.0264964973020684 0.113597297083428 -0.147856262100211
0.0316113562985716 -0.0245458412327757 0.14582598708354 -0.0710739518753098
0.0475743543236482 -0.00724296946703167 0.141647718131571 0.042706079337332
0.0447936266058674 0.0344951968175628 0.0509830238815614 0.107170166123496
-0.0177381533297458 0.0677599575766046 0.000394249363637891 0.0547219701235153
-0.0728473940499797 0.0189531956663366 0.0355824060763347 0.0120411934055251
-0.0540318148603625 -0.0471341081119811 0.164743722290523 0.02391967364323
0.0195580237547708 -0.0456250509653644 0.252138785280378 0.0129221046775274
-0.0175438714490342 -0.00964872746785413 0.0638323186182764 -0.039908688026582
-0.00318889886415576 0.0105847598660356 0.0211591965163953 0.0575228525990955
0.000331128801124155 -0.0043682917886281 0.104989898848336 0.100574580369652
-0.0191144121191092 -0.00419734734073582 0.19301900938475 0.000951284687625922
-0.0181959775906806 0.0109978766139649 0.174581421195233 -0.129289780584235
-0.0127287401418234 0.0209732028820895 0.117407609457242 -0.186261472425668
-0.0198356206484865 0.0330352896596442 0.0889323111120082 -0.172734794235915
-0.0298335118949247 0.0254484745772737 0.101353630028767 -0.151315989416196
-0.0486219704570395 0.000124217617654406 0.132643880478565 -0.0863536511628442
-0.0295908026501978 -0.0375905120600252 0.143651822553649 0.0123352654375707
0.0193256106792777 -0.0420247630649944 0.0717703739879702 0.0970032112429626
0.0278047561798667 -0.00864520896076248 0.0195820737076759 0.0689733883821591
0.0115739238074671 -0.0138505489338374 0.0310774226446675 0.0239526130551578
0.0410111297404992 -0.0400480959495657 0.156035794592525 0.0322250627619366
0.127563609094509 -0.0371525781413851 0.207834351998018 0.0261224961474618
0.0602764764981044 -0.0722550250734807 0.0342723584527985 -0.0249262217923023
-0.00283125800850627 -0.0799379603247454 -0.008235844734654 0.0763468183119569
-0.068577648692233 -0.0480143585598936 0.0942335509272171 0.126776821813869
-0.0991491991933388 0.00597756974181943 0.183855892326531 0.0276338447896884
-0.0777603895874784 0.059667229855831 0.170382713884077 -0.0947576867291095
-0.0480267499664152 0.0824709358239514 0.111737821612072 -0.154596101464135
-0.0525366671143667 0.0935453555608432 0.0738623083776673 -0.148315192304324
-0.0726135863534058 0.0779569226300275 0.0687848734868153 -0.135804972094078
-0.117884018026191 0.0400853088844131 0.0917315033090453 -0.0966766874017843
-0.114627217973399 -0.0414742828148523 0.118722547164723 -0.0358492378959386
-0.0400944837575305 -0.103268561848114 0.0924987633047331 0.0520099216392086
0.0411367287169766 -0.101466224255553 0.0590313844544228 0.0619120437087258
0.0875586684093473 -0.0685880326911013 0.0449604599819454 0.0401759638936995
0.133252053132921 -0.0402527203804838 0.128279942954844 0.0389873940550233
0.212414952353966 -0.0140851316684332 0.131702416854192 0.028925521277475
0.141279423887234 -0.110840980103222 -0.00983576128353121 -0.0173504309952529
0.0211453753386989 -0.16173846503043 -0.0548307829609554 0.0773349450048017
-0.117309871275321 -0.107410071734315 0.0495033253322082 0.138655113115389
-0.170606602550819 -0.00249637934696476 0.139093134753231 0.0593507041073347
-0.137736752885023 0.0907654931544092 0.139765720317492 -0.0416476640183336
-0.0842012115315894 0.128568833207573 0.0904275653182152 -0.0974143990893732
-0.0766196471115913 0.140425736311197 0.0472451679390248 -0.100250814364372
-0.0983368794619686 0.124788356007576 0.0265783807859251 -0.0984862668851824
-0.163491105029177 0.0896673213135497 0.0326733362528193 -0.0872474435133489
-0.189776142111713 -0.0148391766457252 0.0620428685356748 -0.0751088151012791
-0.119283701771153 -0.131879176782786 0.0849081617158054 -0.0113946398574325
0.0176930073656404 -0.187736334039167 0.0889366817022108 0.0283537380985999
0.14080379695445 -0.131821169052635 0.0624848343049115 0.0482858293474721
0.211603123321626 -0.0458202668467344 0.0814146604285369 0.0451147797343888
0.255340019214133 0.0157518603991084 0.0385312359078 0.0214689890154901
0.200631277900115 -0.112488654537849 -0.051175735083627 -0.0143031017264773
0.0603802865193868 -0.203906121440888 -0.0918711181096361 0.0532726851201548
-0.125722444946369 -0.158552305347299 -0.0103732718033885 0.11271565771102
-0.208282668234971 -0.0277029761608058 0.0596307195261575 0.0709022834825548
-0.179275819082121 0.0958289400776103 0.0779081988703684 0.0136963281156879
-0.112280965245456 0.15050116107869 0.0504456372017607 -0.0260926407906555
-0.0886241106773966 0.167034399056293 0.0132660892833445 -0.0359006776517775
-0.10446271278155 0.155891469773597 -0.016482823827784 -0.0401991651954882
-0.17754651010519 0.1328866432919 -0.029283477301012 -0.0508604975087164
-0.233116347765366 0.0227224239181681 -0.012717736467536 -0.0838838106910366
-0.185729350741613 -0.127314080759041 0.0438211669771088 -0.0645392161693552
-0.0208921594452515 -0.242504322194893 0.0880870925663423 -0.0142892684168141
0.170237963823542 -0.18168904368708 0.0659932587297966 0.0463228494342721
0.263119844138872 -0.0489952830518683 0.0161382619377849 0.0501855426352704
0.251003263356913 0.0432845023629317 -0.0498706435093245 0.00506008397272215
0.217868676874219 -0.0853704533146685 -0.0776823094512082 -0.0113070539201377
0.0910508591384094 -0.194216305675579 -0.095037875768042 0.017874189420532
-0.0980814074830363 -0.175152969252325 -0.0485216463112547 0.0493248473279882
-0.199186236193736 -0.0513590976183108 -0.0261786109929785 0.0464407377803712
-0.187011574503275 0.0795735957762403 -0.00346123572548616 0.051333833802228
-0.121928270094865 0.146364382854363 -0.00217910888432447 0.0440395742940693
-0.0875422040966528 0.167325050019955 -0.0230161682822453 0.0338862164698857
-0.0936546089145368 0.163241944568231 -0.0519282305607721 0.0295715115331945
-0.163039182330969 0.150035709191754 -0.0799236891156235 0.00534532374449565
-0.231969322824332 0.0517555952266697 -0.0828740443172199 -0.060936608539352
-0.210114602520353 -0.104776287230424 -0.0125423302467147 -0.08710292643385
-0.0482321376534535 -0.2542666527687 0.0582100074300176 -0.0433108895359251
0.175616361373396 -0.199695991933315 0.0454999796317141 0.0408736416271821
0.278379174401934 -0.0424317036062145 -0.0621126813305976 0.0503484842956211
0.207605337881705 0.0576016870531424 -0.119813081996797 -0.0107250751981814
0.193009382873918 -0.0539458584341538 -0.0849612435316523 -0.00106566185386875
0.0931309439490585 -0.155460377960485 -0.0638889192030015 -0.00631435149382989
-0.0655398494604969 -0.149740368111621 -0.0481032873104023 -0.022245819458186
-0.156168554638911 -0.0527977171232771 -0.0892369385325727 -0.00183825107362692
-0.155816263294629 0.0569384234912625 -0.0808827870725936 0.0662611078421585
-0.106815176796995 0.121284892202507 -0.0562776665536942 0.0997403082364803
-0.0731598807782764 0.14099564402494 -0.0565212331169303 0.0969529526906723
-0.074853315739696 0.143306068561889 -0.0787062644812271 0.0970075979339408
-0.130300195274216 0.136472068525387 -0.113355183874512 0.0625508878128026
-0.196167978539314 0.0575640076347287 -0.13205739689344 -0.025518711775986
-0.189316830799215 -0.0798342568973586 -0.0588994133407473 -0.0856265831936892
-0.0501111534106273 -0.226421919950037 0.0178945545363798 -0.051531868646039
0.16409097099934 -0.178030738266301 0.00872987385121552 0.0352415491023527
0.253061812848624 -0.0220336993170047 -0.140911472699807 0.0418636597549654
0.141651786726433 0.0551357151582309 -0.164552628386742 -0.0192199016987344
0.140543616896624 -0.0350876882475356 -0.0773026398741226 0.0132148967545587
0.0621468323368559 -0.112298493012321 -0.0216767804462571 -0.018713169014392
-0.0492652123414304 -0.0966224339174144 -0.0306233628959856 -0.0785105442287529
-0.101374230054692 -0.0275235578261244 -0.124146932563088 -0.0451113841306621
-0.0995152800100837 0.040162482394901 -0.134992403050377 0.0682857245212245
-0.069268807448745 0.0826670019961396 -0.098150913576549 0.136820898412877
-0.0478518188050908 0.0936805101114484 -0.0819577885971748 0.143643254148112
-0.0500067448100568 0.0989062288094288 -0.0966217171031256 0.148227279420358
-0.0869869081141671 0.0989126705500661 -0.135082438967904 0.105943126895764
-0.137926827359958 0.0467897893865127 -0.161075640763559 0.00563833454307633
-0.140973569598754 -0.0555865907375599 -0.0894755944138957 -0.0757418722059109
-0.0345016257753175 -0.172084012197428 -0.0178621046825654 -0.0491738409547332
0.135803073575791 -0.128703357819622 -0.0306274100004469 0.026270779691594
0.18821866627057 0.00504952306506801 -0.204792931205648 0.0238000989285787
-0.0911190973317281 -0.0362648964112511 0.258261075274539 -0.0105234701786602
-0.077082654877877 0.0602183213030968 0.0665931271353346 -0.0608157415129745
0.0134920515210992 0.088503662360423 0.0223392415342796 0.0380940349460749
0.0688170874133214 0.0214083345335582 0.0933840111347716 0.0847729644014864
0.0537443033731062 -0.0252729301360272 0.183244197444125 -0.0114320749898053
0.0330859980450033 -0.0429299674187552 0.157406837365855 -0.141338420550471
0.0175717340259624 -0.0452185135132286 0.105667508166905 -0.190465862602783
0.0154901224475144 -0.0322531440548406 0.0859148709905542 -0.174613563275517
0.0232185140305725 -0.0270507544926894 0.109238143927905 -0.150466298564942
0.0306252257751929 -0.0256867790991369 0.143615167912198 -0.074816238743831
0.0471375894354964 -0.00877218517517077 0.142916761581962 0.0388215740341997
0.0463316749627762 0.0332238241060781 0.053628060124949 0.105986421857224
-0.0154726115887242 0.0683691266760722 0.00138041331581821 0.0545573413296625
-0.0722181830385221 0.0207147973304567 0.0353544394838063 0.011540056949185
-0.0554381569200943 -0.0459693636083392 0.165123604315813 0.0203983439113486
0.0183828952831307 -0.0463566728289605 0.253221965830017 0.00654777679382648
-0.0182887195361449 -0.00919189421196406 0.0627000748069958 -0.0420417554096868
-0.00286499063835519 0.0102520330530252 0.0217711459144827 0.0567111534283839
0.000605431052054944 -0.00426592326605544 0.107527434553639 0.0982297193042064
-0.0190860542068309 -0.00364940876552677 0.193549109247261 -0.00348057835293098
-0.0177856442805033 0.0113610040378758 0.170274709882372 -0.133770791669285
-0.011957868887609 0.0210710843941339 0.111972703215009 -0.189108593957909
-0.019135726155525 0.0337046867752035 0.0839907654021221 -0.175021120967619
-0.0290818913107987 0.0262635349389288 0.0977324288897769 -0.153789897563734
-0.0486350239339555 0.00104474636593441 0.130662245430285 -0.0896389282279535
-0.0305356144990776 -0.0369548594413136 0.143920239273703 0.00820306753512727
0.0184135308683161 -0.0432200167931675 0.074955752454177 0.0952691495013608
0.0284130311839853 -0.00885330566296625 0.0211448812975277 0.0682890970435883
0.0114211849454486 -0.0144056038524287 0.0314631158828238 0.0231252888344637
0.0398853010721588 -0.0417822679474393 0.156999447708745 0.0280290217773312
0.126549977610475 -0.0403707308322621 0.209421451542447 0.0206474078558573
0.058458336970566 -0.0738365889166807 0.0336464284910222 -0.0261762997042083
-0.00495528496563784 -0.0795871949141212 -0.00667917435234374 0.0769271964287281
-0.0699045142656383 -0.0462192974042325 0.097493789389339 0.124020773327663
-0.0991306513103588 0.0085593640216215 0.184484010886569 0.0238341536083827
-0.0766016996940033 0.0619792921800764 0.167941858007024 -0.0993484400231691
-0.0459037835210197 0.0833130280613094 0.107069514572003 -0.157550023261387
-0.0501242859926318 0.0947030861292424 0.069339730015105 -0.150308902048418
-0.071078998271416 0.0799217309197934 0.0649893410814465 -0.137487654342776
-0.116664365100698 0.0433436188659002 0.0891771430240043 -0.0993438904759922
-0.115848126716563 -0.0383234738606313 0.117079706820507 -0.0390186203404085
-0.0423725612214633 -0.102690435581479 0.0941887040386937 0.0496294979970203
0.0386490487953948 -0.102334956073302 0.0608869439016611 0.0605398822301637
0.0858048778775995 -0.0706617356782488 0.0457391472066322 0.0390014453269653
0.132309928628224 -0.0446080062441161 0.129047682800306 0.035585363098506
0.211928168617085 -0.0200817398051794 0.132706586026461 0.0251261359611203
0.138473371508514 -0.114550221962784 -0.00950352190749348 -0.0171747787040495
0.016509953348942 -0.161655671246357 -0.0534061065609496 0.0786226825053977
-0.119972653776917 -0.103844063439139 0.053160540286471 0.137812166949201
-0.171034554749614 0.00210628145933814 0.140114796972816 0.0566478916126315
-0.135137188993303 0.0946813873649308 0.138798570958487 -0.0450537925870399
-0.0808658131348331 0.130659127775426 0.0878262392774715 -0.0991874680581702
-0.0723826694635692 0.142813364224838 0.0446550385164139 -0.10143552819278
-0.0952352322857026 0.127427176242722 0.0236279490709065 -0.0989870864109994
-0.160669449009795 0.094463398049652 0.0300542737280064 -0.0880012055763065
-0.189568193303012 -0.0103830933376657 0.059867221808606 -0.0766374054565887
-0.122713582922796 -0.128864375896065 0.0852585146078759 -0.01346768331614
0.0124665285461452 -0.187913985672818 0.0901727132213116 0.0264229290022588
0.137954185125157 -0.136517920650771 0.0633741033256702 0.0471999708391555
0.210869953660213 -0.0509812156595657 0.0829782615800696 0.0432399847249716
0.255555012096517 0.0093726240821515 0.0399212743726555 0.020197048567662
0.197321695231113 -0.117605536452477 -0.0512508213620596 -0.0138065821199607
0.0551672339926803 -0.20545239889526 -0.0909748817810917 0.0555934170226048
-0.129419713745339 -0.155402342634955 -0.00774756668294902 0.112956961908226
-0.209356101554089 -0.0219605233089098 0.0614078637123887 0.0698199391771843
-0.176613581789859 0.100703307691326 0.0784854405774684 0.0119509838124302
-0.108614139671541 0.153305148243114 0.0495144536048892 -0.0274682357059209
-0.0840016218946556 0.169770615784474 0.0124060895923363 -0.0362232334566345
-0.100049052548861 0.158720557710407 -0.0172764277695903 -0.0395077365152536
-0.173867486315037 0.137136325588027 -0.0305190863557144 -0.050008327288405
-0.231883278203006 0.0295009897288871 -0.0154875235449466 -0.0832035804103652
-0.188338908872962 -0.122783766536658 0.0421636882166138 -0.0654493478118439
-0.026667874888959 -0.241891368213658 0.0879620591273699 -0.0169103247731122
0.16513655199941 -0.186496265415222 0.0671733656435625 0.0452555112923105
0.262137658655002 -0.0559049038341899 0.0172942364405311 0.0497684740893481
0.252174604752731 0.0361472378853072 -0.0494820681558798 0.00676261607047315
0.215488560910617 -0.0907778967364433 -0.0777546818804988 -0.00995890339185936
0.0862955815766889 -0.19674368100349 -0.0949599179699642 0.0204568634045326
-0.102853928838435 -0.172776960641741 -0.0479678898021804 0.0506879275859817
-0.200858561866641 -0.0463099346193779 -0.0256292949712481 0.0478233754803762
-0.184705854492269 0.0840815356972342 -0.00215274619246316 0.051959412826631
-0.118134031292215 0.149820682476691 -0.000968622583890414 0.0443405490897679
-0.0832084536831934 0.169083872019534 -0.0221765940562276 0.0347072723763361
-0.0894261459754887 0.165624727488805 -0.0511765658936678 0.0317503315385186
-0.15921716408735 0.154285915083866 -0.079531188230525 0.00726642383255904
-0.230759877267466 0.0581425862048585 -0.0849918739981762 -0.0587790518527556
-0.212404931022493 -0.0991780670537648 -0.0148355282893488 -0.0864991182523449
-0.054915581522877 -0.252434645674441 0.0575594553788156 -0.0450104498245486
0.170298339237159 -0.203865182903785 0.0474914549284718 0.0401642922805577
0.277068996623998 -0.0495067751112339 -0.060589481823529 0.0523695397074033
0.209510884363673 0.0517076710624885 -0.120349385848806 -0.00748900809560594
0.191954290561077 -0.0590869110251149 -0.0847389412752812 0.000289559825350786
0.0891868429852867 -0.157532324142151 -0.064513338242781 -0.0050492995680812
-0.0693526662940841 -0.148322818682368 -0.0489101433402039 -0.0211290855254204
-0.157630669263872 -0.048630056232041 -0.0895443011244678 0.000759582034119831
-0.154420779141727 0.0611850024600235 -0.0790416052156718 0.0684422030104959
-0.103480151029508 0.124265673363756 -0.053014141721345 0.101402654105642
-0.0696125621255277 0.142599412817366 -0.0540272886827782 0.0985110682823376
-0.0707619666353841 0.145217251475216 -0.0759936261277686 0.0993989050548384
-0.126810257710885 0.140016646802121 -0.111976448886592 0.0650659741879483
-0.194519554571318 0.0627942119651815 -0.133363291094216 -0.0221479439893797
-0.191711727604813 -0.0751249147884944 -0.0613992931011383 -0.0844997866381664
-0.0552131786093868 -0.224985141169061 0.0172117793939263 -0.0518921835339626
0.159780858077824 -0.182536491451547 0.00966813242680542 0.0349138955663973
0.252144914323098 -0.0281797940467267 -0.140088644738115 0.0455160898567147
0.142818363172887 0.0517902956730583 -0.165735239310272 -0.0146249852448846
0.139410597925867 -0.0384997432858735 -0.0764308561621356 0.0152890977410768
0.058725879617088 -0.113926589688205 -0.0220657772907652 -0.0181767516739159
-0.0518195049637554 -0.0953745059049548 -0.0330875141111301 -0.078062921124408
-0.101986568799434 -0.0249499172489278 -0.12586743130323 -0.0413241980297581
-0.0981428166378047 0.0430744953134012 -0.133317514805337 0.0722807121803396
-0.0668273786674549 0.0843228526343625 -0.0935067678392332 0.139784401092731
-0.0451523789981042 0.0948533887467977 -0.0779714467097727 0.146435563009478
-0.0468901498726554 0.100353983580105 -0.093062401483246 0.150348785467233
-0.0841875464258706 0.101274034226099 -0.132246568578584 0.109519270574439
-0.136375917028854 0.0503412763250655 -0.16168740346463 0.00943254665055551
-0.142788075094258 -0.0518012668869788 -0.0916678529405791 -0.0733896373195671
-0.0389340212006394 -0.171325335071952 -0.0185556323404958 -0.0485166663595091
0.132446181789024 -0.131987675597085 -0.0295169218565588 0.0272047978835821
0.18862749503827 0.000120338022644635 -0.204594861378665 0.0295784973857426
-0.0917570355885367 -0.0344750153564124 0.256582555668728 -0.0172816550146624
-0.0754767565176618 0.0624612286237009 0.0642699824103879 -0.0620359738473659
0.0153027473682078 0.0877677379125846 0.022809626284994 0.0373995346446371
0.0694007068075167 0.0196770850851175 0.0957142389906575 0.082311536752587
0.0526442860096763 -0.0263583453102165 0.182967392339374 -0.0168552754309505
0.0314227865210518 -0.043350347776045 0.152890590706697 -0.145186282691003
0.0158724531403718 -0.0452828071377435 0.0995834938312846 -0.192709246516665
0.0144402131740825 -0.0328302022872653 0.0810828120394308 -0.176605427110058
0.022685271920451 -0.0278579558647008 0.104916668693952 -0.153107580793345
0.0299480883969694 -0.0260920861118191 0.141180968778427 -0.0780941017933807
0.0474822005717432 -0.0095799848557219 0.143566500706982 0.0355485315437383
0.0467034080670521 0.0316471704259747 0.0566426142150945 0.104310183328159
-0.013706236007889 0.0684859499262774 0.00274339624882934 0.0542638387834271
-0.0712141888060566 0.0227155953423723 0.0360279625711926 0.0110907549111625
-0.0561790661639217 -0.0441537821490666 0.165735431570248 0.0155728879562297
0.0173471102058637 -0.0472172135291685 0.252889767250421 2.91000999959485E-05
-0.0183845430158995 -0.00870307524674968 0.0611595054846646 -0.0433489664622282
-0.00269166461959352 0.0105577563357118 0.0230592890398834 0.0557585356896752
0.000513298509425362 -0.0040968293775357 0.109739947186724 0.0951685536042863
-0.0188716790412009 -0.00287536978189252 0.192535772831207 -0.00892526204980604
-0.017854174425751 0.0119367276435939 0.166080797671094 -0.1376103869763
-0.0115251205768626 0.0217522969032776 0.106487113441109 -0.19165290986346
-0.0183491756614544 0.0338774149996119 0.0793138820392367 -0.176873962818168
-0.0282299952381841 0.02681998240126 0.0927605702163919 -0.155166063882261
-0.0487859416919229 0.00248475800189409 0.127563105563771 -0.0928684131369978
-0.0314384002756488 -0.0360095260758367 0.143627928181411 0.00480872287067638
0.0170998309661162 -0.0433319271300305 0.0775582107670107 0.0932051230437647
0.027804225091445 -0.0100583438402981 0.0220502450232536 0.0678038026338647
0.0109798659931305 -0.0143386626788043 0.0321519045656742 0.0229545542590931
0.0387636634322045 -0.0428669852230269 0.157307218463115 0.0235942409016162
0.125604464534899 -0.0443940130457736 0.209116199122065 0.0139114423421926
0.0558460812959395 -0.0753643336593885 0.0329412649463662 -0.0264782121826888
-0.00739502910217222 -0.0795935593056236 -0.00511078263162966 0.0765392560749036
-0.0704666376170624 -0.0441150688713979 0.0998233779704499 0.12147840728767
-0.0983549249262072 0.0115990693920241 0.185060559757087 0.0187096192973594
-0.0743773349223852 0.0636427813042076 0.164512302953235 -0.10320367549578
-0.043292926140877 0.0849052206223848 0.103079207498207 -0.15897025607286
-0.0468389991747021 0.0955407041780458 0.0649514266025775 -0.151325979725014
-0.0684619101124229 0.0815906437148604 0.0603074004079616 -0.138608975297769
-0.115257726224385 0.0465995770249163 0.0859864909108598 -0.101372102075792
-0.116168671342697 -0.0349528706856438 0.115753908235988 -0.0421090719956691
-0.0449461880885351 -0.101056347971389 0.0951255140825108 0.0471154513329423
0.0360227404104742 -0.103077305817359 0.0621474746329294 0.0591153777677782
0.0833948014516489 -0.072738737676581 0.0462374020884765 0.0383795696102885
0.131141787274425 -0.047698296368787 0.129948859376386 0.0318867693588174
0.210852352234665 -0.0259862520407063 0.133257804062869 0.0216227843829116
0.134470837726824 -0.117873981150125 -0.0102185336759272 -0.0167861148152314
0.0119392755103413 -0.161540740970124 -0.0516996876464867 0.0803368222979794
-0.122138134273516 -0.10058235641533 0.0557046955850612 0.13625776116292
-0.170447197763406 0.00671077438100038 0.141378923086484 0.0529414441993521
-0.131893356701178 0.0979442647734626 0.136771443351758 -0.0490256718758967
-0.0772176970057508 0.132382823659392 0.0839804640118344 -0.101428801227642
-0.0687311330290492 0.143662968957338 0.0416568605954716 -0.101972870346727
-0.0908926999690626 0.129627803854608 0.0205800917085379 -0.0989211102152113
-0.157547290906893 0.0983267630060563 0.0274730772924816 -0.0880300949416641
-0.189407893749585 -0.00510557565851665 0.056979958595375 -0.0775871113079444
-0.125498576660619 -0.124866457674918 0.0847402457305638 -0.0158499296539985
0.00767726509223005 -0.187685980130582 0.0909448061023247 0.0245690986713843
0.133879275189293 -0.139280604021343 0.064593526021023 0.0455732194311224
0.208628472465496 -0.0568351377181799 0.0841077795503585 0.0407760659953373
0.254929682397857 0.00232486442918421 0.040486478696926 0.018984750024189
0.193152754010772 -0.122604679021392 -0.051511505694201 -0.0125644726572487
0.0494256702713841 -0.205760485475909 -0.0898330850692963 0.0576500011566955
-0.133174288559291 -0.151715100701048 -0.00520024698893352 0.113286712955348
-0.208903844803394 -0.016112507963704 0.0627380618540715 0.068212808385522
-0.173257032806322 0.10493606246733 0.0782495511144926 0.00947007188032668
-0.103854873524032 0.155821583900845 0.0486575990773426 -0.0283443154661968
-0.079562679478301 0.170850817563504 0.0111385307618086 -0.0362717338571941
-0.0954795389924952 0.161014938983794 -0.0182932022269986 -0.0384400675701618
-0.169438198972642 0.141541069483616 -0.0317179110807904 -0.0485441032426587
-0.229741569663341 0.0356750850647913 -0.0184803843039743 -0.0824115079131362
-0.190838783631136 -0.117041873071957 0.0405051318051355 -0.0661684923501736
-0.0339383531558541 -0.240380418314602 0.0883118867162983 -0.0190364079780739
0.159195727840322 -0.190275498117005 0.069025319795932 0.0436724534086342
0.259601811712334 -0.0628503397404823 0.0189904099825117 0.0492837324816147
0.251649766064758 0.0296885219625878 -0.0485091789325558 0.00804366062122954
0.211907889053861 -0.0967420033920496 -0.0772731754038954 -0.007508842149593
0.0804561733363556 -0.198287294751809 -0.094542916137513 0.0226767585023448
-0.106905434986079 -0.169380257208981 -0.0467677107551948 0.0515973265529625
-0.201161118056036 -0.0407032608210177 -0.0246319508689424 0.048904535275176
-0.181350732841825 0.0889942616521533 -0.000426874113415251 0.0518073658184089
-0.113679466473936 0.152186748127719 0.000353677145915826 0.0439213963665122
-0.0782763720922022 0.170262140441617 -0.0210175991277538 0.0354917901861155
-0.085213638049783 0.167260123649666 -0.0499450794701147 0.0331799549093392
-0.154212093475772 0.158147417312338 -0.0790379588484943 0.00950217699238792
-0.228290768937734 0.0644359241885399 -0.0870190227889791 -0.0561751101575049
-0.21387802642005 -0.0934076624258364 -0.0166303829289373 -0.0867304346414937
-0.0607037802149884 -0.249546504982889 0.0563737404910018 -0.0467001344389649
0.164371473519186 -0.207774508995401 0.0483429784601342 0.0385029620589007
0.275544570382193 -0.0564740270759274 -0.0590917743306912 0.0536455098960946
0.210279658104567 0.0460570011683181 -0.119848751520287 -0.00422958428116033
0.189459976627814 -0.0636785835356919 -0.0842329300857906 0.00215642572536074
0.0844102108623086 -0.159308567283687 -0.0646127365355593 -0.00357120165666969
-0.0726265072163386 -0.145824121017178 -0.0502257986242458 -0.0199175087954354
-0.158083384875229 -0.0441409328041035 -0.0895666633460909 0.00375056144836222
-0.152340385463669 0.0652397190335896 -0.0761549541097433 0.0709090897953822
-0.099543127197975 0.12603073670882 -0.0501294921339666 0.102263251060503
-0.0652993667725694 0.143960769557208 -0.0508448833524706 0.099734589962887
-0.0668217482427693 0.146234210103472 -0.0729567767413587 0.100995989854295
-0.122725673911673 0.143235266990446 -0.10978503230756 0.0681681400808614
-0.191964000012673 0.0687290583017667 -0.133753242162006 -0.0181492270895284
-0.193281123500737 -0.0694733029325245 -0.0629477270390044 -0.0825637431788211
-0.0612518906490135 -0.222716861903492 0.0159834502049352 -0.0525928109109038
0.154526332401339 -0.186375927245345 0.0110008121953976 0.0343569714934973
0.251030337255667 -0.0346164555279296 -0.137889440818772 0.0496744383539834
0.144186951577068 0.0473971568239637 -0.165358429648517 -0.00990373778172613
0.138244251018171 -0.0424581203737866 -0.0752517861046807 0.017039782069786
0.0556200114219389 -0.114698367771637 -0.0223067715308608 -0.0173926782895392
-0.054522567920717 -0.0937439620521444 -0.0349973811276887 -0.0769757427538297
-0.101824809420083 -0.021709137557412 -0.126274632772669 -0.0371804483956135
-0.0966370849461689 0.0455122932772633 -0.130097670499442 0.0757568366184234
-0.0638536256962889 0.0855549294101068 -0.089216214193867 0.141026331256445
-0.042813417689323 0.0957443685501752 -0.073677010903269 0.147727004686157
-0.0442770158800765 0.101248091519687 -0.0881621329344882 0.153264514448803
-0.0814718123678532 0.102938257746395 -0.128816900407732 0.112558673460081
-0.134457922112628 0.0535864830619522 -0.160734920167606 0.0146900770366136
-0.143509600762419 -0.0478347802714746 -0.0928314639114835 -0.0712073197894703
-0.0430693432061638 -0.169254762245179 -0.0192327403284396 -0.0478491303216926
0.128812797755679 -0.135130457244678 -0.0284953571677688 0.0281611247796372
0.188177791345896 -0.00451115307826976 -0.203103830826604 0.0352852855874393
-0.0922246814239503 -0.0317441810679131 0.25464453988729 -0.0248397648899313
-0.0735855461572952 0.0638005274603475 0.0621765156832322 -0.0634235469122365
0.0174238097539287 0.0871567744898396 0.0233631703722141 0.0366480318140652
0.0695619379910837 0.0177883511224088 0.0971292908914053 0.0795207234407187
0.0520178566086996 -0.0274573558787441 0.181584436371034 -0.0212615194915456
0.0300907232594386 -0.0443588180954045 0.147765267354242 -0.148141197002029
0.0149029167635623 -0.0458570968102335 0.0933997562716567 -0.193671247892959
0.0133208966886967 -0.0325997931097205 0.0758483714401601 -0.177546986318342
0.0216488438145126 -0.0283854285900995 0.100112107845069 -0.15485324635537
0.0295130990322692 -0.026870285946876 0.13842583169765 -0.0817714298859234
0.0461385670310212 -0.0113576559357932 0.143655337321354 0.0312011701837036
0.0469818335528104 0.0303405310495197 0.0594150745527885 0.102169432294179
-0.0116698476816711 0.0686474034122501 0.0038884845793516 0.0539758929438214
-0.0698345485701784 0.0245574013592437 0.0358434606788756 0.0103946199579131
-0.0572319456163128 -0.042366899516919 0.164866186569382 0.0110758145070201
0.015768726787686 -0.0475845819954127 0.251471552993714 -0.00773017893482754
-0.0188573960891398 -0.00847353116500329 0.0595434288015991 -0.0440090144937423
-0.00266601838474551 0.0106395673283917 0.0242798645745789 0.0549153799137253
0.000482526169499729 -0.0041038730871311 0.111675183161789 0.0918543756377316
-0.0190326821283649 -0.00257419494462699 0.191841057010437 -0.0139798064170463
-0.0168163522431888 0.0125492960330296 0.160859777897336 -0.14102423056609
-0.0108439472391043 0.0217889340549593 0.100960708384548 -0.192630408855673
-0.0173700920752856 0.0339899438101359 0.0740828465217176 -0.17739015346246
-0.0271183849525297 0.0274268661283219 0.0875322534458226 -0.1572487647491
-0.0476560449508967 0.00422778358637387 0.124081692212665 -0.0957549469155457
-0.0321077316508177 -0.0346400725249395 0.142908170066994 0.000672732407905879
0.0161084946487724 -0.0436098104443078 0.0793098795212994 0.0906987713018095
0.027530842274098 -0.0105983618085368 0.0239028765698619 0.0666702635223273
0.0107550105536061 -0.0141868239277531 0.0324539466588903 0.0223628361656701
0.0378470735276335 -0.043849108186671 0.156270635573982 0.0192270207359957
0.12295119909178 -0.0478726666462414 0.208384172723254 0.00873782034587661
0.0533288109760666 -0.0764634663382829 0.0320005448921718 -0.0273390134134847
-0.00953713135351282 -0.0784967896076065 -0.00362496083314996 0.0768543978657575
-0.0711719934728504 -0.0420123529672533 0.102434948731463 0.118462506326846
-0.097367307177433 0.014344182785082 0.184258660697092 0.0136941370366196
-0.072222148097848 0.0652304933273175 0.16090320680547 -0.106888301809458
-0.0407406625935327 0.0851585639903021 0.0974870099888177 -0.16086907912057
-0.0442819662596707 0.0962215015235497 0.0603448496385908 -0.151551992691613
-0.0658811043364346 0.0826409201672339 0.0566109487627011 -0.139238393409331
-0.112716889365931 0.049567212143806 0.0827624974949165 -0.103018054514008
-0.115990086398248 -0.0313650322397724 0.11356194565436 -0.0452171741065711
-0.0468905445979053 -0.098716709600588 0.0967207878384484 0.0441150640555021
0.0330237041033013 -0.103041870424282 0.0636095221151424 0.0576555671595337
0.0809664036005784 -0.0744517946654682 0.0469464978930411 0.0373883389356553
0.128627008672478 -0.0511028199221957 0.129803329595206 0.0280509914117615
0.208857840161739 -0.0315833725524678 0.132855472249945 0.0182133555943353
0.130529647264828 -0.121203391910383 -0.0109472867839422 -0.0166074031317653
0.00773604578410347 -0.161085942174907 -0.0501114469012528 0.080644336919602
-0.123926432535248 -0.0965485847025546 0.0589486878241686 0.134654288736976
-0.168987622248096 0.0117150153233335 0.141626691735512 0.0493504450185517
-0.128291154008685 0.10108556476014 0.135145305890652 -0.0518539637944383
-0.073118105647054 0.133698592367411 0.0804450536738971 -0.102654402284318
-0.064506765701475 0.144427534090243 0.0380923668807702 -0.102003000538317
-0.0868215830177135 0.130775336208322 0.0179046538596639 -0.0981606693579866
-0.153682847788674 0.10197540888085 0.024905639305622 -0.0885216178005557
-0.187986398024173 0.000912488346885626 0.0544367391446173 -0.0790732206173979
-0.127568410544623 -0.120278008853202 0.0840707829869633 -0.0176615393950598
0.00270647399990149 -0.186720396242322 0.0910491777403371 0.0219325855817125
0.129038203669826 -0.14181376878414 0.0659980012762147 0.0440723280243415
0.205877681926024 -0.0625052539485992 0.0841298898573244 0.0382709430938512
0.253117575691811 -0.00474499970468898 0.040639132164162 0.0181090233105923
0.188636925088259 -0.126810207227555 -0.0513639357409485 -0.0118141612135272
0.0438519622616763 -0.205329171304216 -0.0886106724971377 0.0598740382734917
-0.136358263370163 -0.146972236500252 -0.00258502116270149 0.112147839556999
-0.208151128815074 -0.010278609988733 0.0642074178506216 0.0668802371716729
-0.169386490054544 0.108920020805098 0.0785072038658783 0.00753248640745728
-0.0990736193038629 0.157729019187123 0.0476937035981785 -0.0297763841239276
-0.0740139197628542 0.170899204327879 0.0100454061438819 -0.0361506653733232
-0.0904924649466819 0.162128856651578 -0.0192501446359547 -0.0373933277410259
-0.164693264531119 0.145560482233274 -0.0333061259228853 -0.0473395083954181
-0.227353852859479 0.0420365792837599 -0.0206777908610937 -0.0808256662634735
-0.192332152299889 -0.111064091723307 0.0390770987822092 -0.0667712266737963
-0.0391631834050117 -0.23779721435739 0.0874597586751148 -0.0211195451848992
0.153424766017061 -0.193357671051256 0.0695034285078652 0.041933587186439
0.256547674790413 -0.0693284857686902 0.0200975074221935 0.0486878963482777
0.251061392041648 0.0224683191064654 -0.0481534837929669 0.00942640646435895
0.207397896492364 -0.101772785735494 -0.0766499371833997 -0.00642207583873062
0.0746556014514476 -0.198951073224505 -0.093375725869539 0.024973896097833
-0.110797991024445 -0.165274246654333 -0.0450953018128321 0.0524170968279352
-0.20090293265411 -0.0349873025128759 -0.0229409710902574 0.0499390552370626
-0.177373647834818 0.0936151531803286 0.00193654675719528 0.0515136129673165
-0.107935643181125 0.154595039273612 0.00174014550750114 0.043492400638612
-0.0732272490296278 0.171061263749806 -0.0203259391555328 0.035714326123107
-0.0797671718074464 0.168734351594844 -0.0487989962017818 0.0346461978683649
-0.148866243148608 0.161221404188586 -0.0782898326633144 0.0112620409786051
-0.224548816542808 0.0703456135563431 -0.0879582559456327 -0.0535563710257392
-0.214512149142493 -0.0869025354435062 -0.0184364052483356 -0.0856615872904249
-0.0675700752826516 -0.246434661075863 0.0559590309551504 -0.047448297567829
0.15736283115675 -0.210355173992174 0.0496366228213794 0.0370454104417738
0.271730800222393 -0.0639363269477927 -0.0573153797024298 0.0550231100717946
0.209426537628896 0.0396383749525717 -0.118460059013098 -0.000242541714001944
0.18665529781523 -0.0682639335985013 -0.0831446409341334 0.00399749262790328
0.0797081312645029 -0.160428724205148 -0.0639348578749706 -0.00172245040124311
-0.0760654946920927 -0.143309166489333 -0.0503390805060398 -0.0185835365885513
-0.158521446841415 -0.0389012314717488 -0.089016107900859 0.00648577547258013
-0.149473782913955 0.0685237944840114 -0.0736858193280376 0.0721212510289213
-0.0948687460709836 0.127981180390036 -0.0467673337040224 0.102766963121552
-0.0615310959416143 0.144555916710198 -0.0480534553640894 0.100491879138362
-0.0626667147779495 0.147370924076607 -0.0695913813778746 0.102631362088354
-0.117827673825642 0.145430176229143 -0.107468294986584 0.0707751247493647
-0.188837799510446 0.0730314084849157 -0.133771677817537 -0.0144892958442774
-0.1934421204839 -0.0636160778985562 -0.0647474608017802 -0.0804208008106413
-0.0664496846660491 -0.219254650471644 0.0155623953986743 -0.0526014563225825
0.148378344519549 -0.188725996686638 0.0122234821095587 0.0338700123075346
0.248604140001812 -0.0412937754136257 -0.136152369631511 0.0531406363786588
0.143918574157232 0.0427631516347257 -0.164253915733578 -0.00547911709784495
0.136408061336628 -0.0459348090236664 -0.0740932014832649 0.0188862837152428
0.0523095533842202 -0.11582211957969 -0.0225486215130539 -0.0172951613746055
-0.0563865030959147 -0.0917623585138491 -0.03712398079477 -0.075793793946154
-0.102027466257483 -0.0190660208330675 -0.127509321240015 -0.0332721460369293
-0.0943434216040182 0.0476809828090931 -0.127027842612962 0.0789935077077051
-0.0610308658027649 0.0864218392638019 -0.0838325920489267 0.142879994378098
-0.0398493354649698 0.0959109503417137 -0.0687830002368386 0.148725930669398
-0.0415096209946881 0.10118330603632 -0.0836168540591869 0.154528173399928
-0.0780834598381218 0.104488629685731 -0.124893858656356 0.114803337560387
-0.132007020234485 0.0570800340806266 -0.159748375723198 0.018460811102201
-0.143587665293459 -0.0441207950534927 -0.0939001095336019 -0.0684028510747691
-0.0472674059341865 -0.166861387851214 -0.0198355056881823 -0.0473824907095357
0.12425523064654 -0.137553683846905 -0.027406778745609 0.0280513155507073
0.18666452952633 -0.0092737577890277 -0.200621735700583 0.0405865082563279
-0.0926902441150209 -0.0293436219734258 0.251640022679267 -0.0314408421205584
-0.0711611945440826 0.0651712032877708 0.0598154944458581 -0.0644976659525911
0.0196901171704734 0.0855262397554752 0.0234709864071093 0.0358866246300023
0.0691385848544676 0.0162752561378406 0.0986603585595621 0.0774532983746992
0.0508747981538884 -0.0283298313048362 0.178918612147202 -0.025620681620394
0.028830345381782 -0.0445404852382595 0.142196775182911 -0.150795197760193
0.01330303265471 -0.0456277875086377 0.0876169591086079 -0.194207689865603
0.0125246728283573 -0.0329096934238999 0.0705299742928199 -0.177790931315904
0.021037987846833 -0.0286856443077619 0.0949203172344893 -0.155637904111427
0.0281724434735545 -0.0270506017775693 0.134588107398976 -0.0845351038572526
0.0454223483042154 -0.0125528375923688 0.143478197570325 0.0268188998486989
0.0475491611253225 0.0290946690763091 0.0612585177810405 0.099366677524272
-0.0094796811753454 0.0680874262059936 0.00491277582956037 0.0532622668284941
-0.0681529237085888 0.0257854377661646 0.0354571974597943 0.00973612089861146
-0.0575887242900111 -0.0407567017269325 0.163167372943693 0.00635205948971616
0.0143555360970055 -0.0476890005694762 0.248783628893973 -0.014122623033587
-0.0189626580086144 -0.00754059396925957 0.0579149636711847 -0.0462365160804831
-0.00248504373955508 0.0108710764065191 0.0244992527117524 0.0538760045284209
0.000534612317790864 -0.00361672395310485 0.112824110326818 0.0891418823364431
-0.0187159295309669 -0.00200336510957428 0.189672189022401 -0.0179929447750407
-0.0165439083701991 0.0124355065081279 0.15582619744275 -0.144004025346176
-0.0102974722939382 0.0216294090620786 0.0943447525842871 -0.193276210405816
-0.0161127193088136 0.0343135820531386 0.0687887695747412 -0.177541206214731
-0.026234994223704 0.0278975323760623 0.082979437986052 -0.157002769380148
-0.0471016485376793 0.00568633863042364 0.12026537547937 -0.0980254364514493
-0.0326522122530305 -0.0334140298874334 0.141791969316486 -0.00295419535631423
0.0147909618033201 -0.0433429461123854 0.0815010674165647 0.0877266599227979
0.0268740511025816 -0.0111973783975914 0.0254062629896663 0.0657929951396901
0.0106599240666867 -0.0145110877240175 0.0323239551946547 0.0219548552180989
0.0358197073826558 -0.0447726461193615 0.155771176429993 0.0150159921514325
0.12098730980607 -0.0504500708534255 0.206920906799857 0.00290211539497905
0.0507142919808598 -0.0768746993666259 0.0306933217429174 -0.0279897762115287
-0.0112654714497215 -0.0773776190410139 -0.00216544092257146 0.0760638375231224
-0.0711804997702264 -0.0399143609221303 0.104303309287452 0.114777940270456
-0.0960053810929528 0.0166161316736115 0.18285181515366 0.00957262218474498
-0.0694874363677119 0.0664449607468282 0.15614866227382 -0.109889079916635
-0.0378641897637075 0.0853740379884881 0.0914176445804729 -0.161968503613747
-0.0417062864186172 0.0963981248683518 0.0557655191463603 -0.151701241824356
-0.0630436119877411 0.0835544798279799 0.0524257570320748 -0.138949536830405
-0.110010503702418 0.0521508515581695 0.0787855627919563 -0.104001396386355
-0.115473251001893 -0.0281189796253639 0.111304248824891 -0.0474626576076234
-0.0492397744233381 -0.0968999778599748 0.0969402679510021 0.0416980641300327
0.0296302142086369 -0.103297765835876 0.0642301564342707 0.0550572967155318
0.0784503290538328 -0.0760545278348867 0.0473144567319948 0.036425047921474
0.126261596216349 -0.0542996722820858 0.129534403418299 0.0247082701589493
0.205912177700645 -0.0374627544918734 0.132369113266041 0.0142745657836569
0.125921643384097 -0.123434275025251 -0.0107317371163727 -0.0164302725431483
0.0034412404810555 -0.15945193925174 -0.0479694551745683 0.0817444256826704
-0.124989152008901 -0.0921616597315442 0.0613064721135754 0.131735284322005
-0.167316277551562 0.0158758988623758 0.141759124313578 0.0457513040830004
-0.124794990423676 0.103286270221914 0.132337696379432 -0.0549995704068733
-0.0688505666101524 0.133921765126242 0.077086172291262 -0.103721843163745
-0.0592243017140135 0.144791628978184 0.0353245343707129 -0.101874945125149
-0.0831694590385948 0.131575815355719 0.0148289807594512 -0.0979187957875727
-0.149411840304644 0.105007451256786 0.0220547023943727 -0.0880479125962511
-0.185655725378123 0.00584484924615139 0.0514380191897203 -0.0794342098784996
-0.129080707588564 -0.116192932197342 0.0836170053694442 -0.0198068936123749
-0.00189028095204053 -0.18476340723386 0.0912901285400119 0.0191758174038218
0.123785133784894 -0.144046811221291 0.0667429458751316 0.042626011722737
0.20273743137739 -0.0675563393778049 0.0843631114193098 0.0358207527071316
0.249963853251404 -0.0118080361020512 0.0411289793327823 0.0161857286350583
0.182689740451662 -0.130651720953693 -0.0507247946968415 -0.0104658366743058
0.0383000199497335 -0.204536886115231 -0.0863980072341903 0.060976549249841
-0.138700608996826 -0.141599338208864 -0.000288191585421501 0.1114626035332
-0.206362375654347 -0.00476653900097718 0.0648867371179677 0.0650120886487129
-0.164076184374794 0.112678651673377 0.0779313151550221 0.00593043432346834
-0.0936869767881948 0.158267696938696 0.0460699555585842 -0.030320516103143
-0.0689111194381482 0.170983495420901 0.00924431177800554 -0.0359957632975639
-0.0859971908031693 0.162773668919298 -0.020473366184002 -0.0358619868549317
-0.158990485652922 0.148038123504666 -0.0337143698724912 -0.0461450950035681
-0.223828009351654 0.0478518351259016 -0.0230124019970953 -0.0800976729576261
-0.193056104326773 -0.105084431225125 0.0372893881136242 -0.0673815605532808
-0.0450921255645063 -0.233870506915317 0.0868116548664187 -0.0232447686948339
0.146875902586339 -0.195916395450742 0.0698875552394452 0.0403205459443276
0.252385401493087 -0.0755174167363477 0.0214918949300526 0.0473659408302147
0.248669810210606 0.0154798416844039 -0.0469712074420592 0.0106798295190077
0.202745906498771 -0.105709790991262 -0.0757559343204636 -0.00466637070240055
0.0686097215734732 -0.198794324117516 -0.0921408743483321 0.0275480363190616
-0.113679599684133 -0.161033088320792 -0.0438303695667005 0.05286979302658
-0.199686028831813 -0.0290646432876808 -0.0221030574773653 0.050167797963911
-0.17287601653275 0.0969011925387993 0.00308487120052142 0.0512938895143092
-0.103132060718301 0.155265706404816 0.00277413979945204 0.0425350338593093
-0.0678168860354861 0.171404168363635 -0.0190972313945449 0.0359873991041318
-0.0745210584368421 0.168485887901115 -0.0477102095832733 0.035687464284877
-0.143422165162003 0.163496535073717 -0.0775063432978339 0.0137136139551919
-0.220631216338068 0.0755115131537406 -0.0893275577656076 -0.050385458908559
-0.214594394624573 -0.080423775214336 -0.0201635896087493 -0.0843393622466977
-0.07279622646393 -0.242092814707455 0.0544366421604335 -0.0489985869462697
0.15017861531515 -0.213075407465024 0.0504747021329327 0.0356339341015691
0.26768782733647 -0.0702998991927902 -0.0548889361701509 0.0558318714547715
0.208688969652139 0.0340944293605842 -0.117354410434609 0.0023824006529217
0.18263682480187 -0.0729866640833445 -0.0820786785069832 0.00585219184040442
0.074512350487273 -0.160961953409945 -0.0632487065299333 -0.000186013761698754
-0.0795079270891131 -0.139971542953832 -0.0511226247092198 -0.0170355260190673
-0.157341796958041 -0.0350723936634001 -0.0884994620290731 0.00876123694775891
-0.146007351825794 0.0717221670402794 -0.0704127674583381 0.0740609755769475
-0.0908131445455942 0.129232871124724 -0.0432667566082055 0.102800466160911
-0.0570541126522988 0.144227255314101 -0.0443739882288987 0.10129754958503
-0.0576603963303285 0.147579124963891 -0.0662313323632289 0.103809811746179
-0.112666095168364 0.146982423702455 -0.104598869649542 0.0732794536205631
-0.184890313165282 0.0774779844417425 -0.133264723493835 -0.0109339616267925
-0.192960499530808 -0.0582591883989573 -0.0657849353242779 -0.0786323423595232
-0.0711832014970812 -0.215159888349549 0.0147971010068491 -0.0524497400861591
0.142055735222342 -0.190722903181671 0.0135972676710986 0.0332118364131077
0.244718668389238 -0.0476798689947041 -0.132972616398246 0.0564284646894258
0.143818389686518 0.0386975920255459 -0.162658432213203 -0.00110824310575009
0.133823963495159 -0.0490034927611943 -0.0728172022563869 0.0199160891474984
0.0485426439718266 -0.11552306896841 -0.0225495393858775 -0.0164873506951401
-0.0585185113647896 -0.0895633814837084 -0.0388131447334478 -0.0738923827154199
-0.101648051068053 -0.015956127529584 -0.126645240308277 -0.0293217537167954
-0.0923136897788853 0.0497282281642191 -0.122878853046907 0.0811638139618864
-0.0584155297157142 0.0873713831901867 -0.0793661194951262 0.142564089255062
-0.0371204189635267 0.095645489394303 -0.0642907249870162 0.14925137025544
-0.0387671411853034 0.101432774140058 -0.0785268981904006 0.154827984896625
-0.0747687089653355 0.10533986065232 -0.120783163774659 0.11722984926353
-0.12929672788356 0.059900275090337 -0.1583278532124 0.0221636008941771
-0.14363318604101 -0.0396608090204926 -0.0951371595938577 -0.0656412106586761
-0.0502727545276064 -0.164109915031387 -0.0204233679849425 -0.046730316085319
0.119451321566834 -0.139566393704538 -0.0260946732009386 0.0288606892029739
0.18495289317375 -0.013981931725725 -0.197607345276104 0.04557895759753
-0.0920636233448255 -0.0271796062724072 0.247461618043273 -0.0375202345872916
-0.0692869153759035 0.0658656456726416 0.0568701108334237 -0.0654605856411297
0.0209818807780162 0.0840864516932778 0.0235686182476126 0.0347307301289267
0.0688848645214807 0.0141814790151299 0.0992852255702545 0.0740429580078857
0.0493566446720833 -0.0295823265805687 0.176580971017417 -0.0292734046572582
0.0270623627736745 -0.0447515326304739 0.136724628510543 -0.152204113017449
0.012201117937056 -0.045456985646599 0.081020856638671 -0.193826618870363
0.0111205264094476 -0.0319817347040496 0.0651142207425375 -0.177165400424387
0.0199648813239838 -0.0283774307819572 0.089540067212231 -0.155677572090511
0.0269207013139621 -0.0274175519281368 0.130509477630837 -0.0866801444710979
0.0445848478085388 -0.013497452830816 0.142652012956601 0.0220561954817227
0.04752579881538 0.027698944034987 0.0629129993209806 0.0963961055590536
-0.0077734229036517 0.0675260610036607 0.00554451325195971 0.052998531339585
-0.0666142807363815 0.0276950916882518 0.0354308970069979 0.00911750769171937
-0.058017103153723 -0.0389052004539053 0.161620416354461 0.00210992915400973
0.0127727061323393 -0.0477062239882813 0.245760170677987 -0.02035298370594
-0.0191210507083318 -0.00709347227162419 0.055765796694856 -0.0469836717563568
-0.00203258012039104 0.0104043233750724 0.0252182981030604 0.0526906439519197
0.000666656281281354 -0.00396758709881372 0.113352583743907 0.0857098435988706
-0.0187080999784127 -0.00136598531257949 0.187306838235278 -0.0223203139255988
-0.0160578947333795 0.0126896609363105 0.150264072484948 -0.14584701738128
-0.00972282498487661 0.0216610458384261 0.0880590706139007 -0.192609563299682
-0.014965445844558 0.0342131687226686 0.0632192474015322 -0.176688212006656
-0.0255382055238866 0.0280302708888432 0.0773743678669899 -0.156930758893337
-0.0462426559458552 0.00635737531823849 0.116120126890464 -0.0993174081475766
-0.0328166738589939 -0.032293208099574 0.139513086038943 -0.0065356705520477
0.0138294298927289 -0.0431640469420113 0.0825335925000378 0.0844185439406286
0.0263018382872552 -0.0116655655733847 0.0261157000426148 0.0643357685669121
0.00956100853273273 -0.0147806648381834 0.0322747136318203 0.0212825527101683
0.0347291360843775 -0.0450323841093909 0.153972481634422 0.010753118326695
0.117967548278219 -0.0530273051448393 0.204391347236942 -0.00222036715628896
0.048227091717852 -0.0773860658792436 0.0296125512377684 -0.0281856161886038
-0.0132378346885549 -0.0758630701011416 -0.000589417779210119 0.0753475192738717
-0.0712266830734497 -0.0375510339537695 0.105464152431863 0.11106466977645
-0.0946207059073326 0.0190092397311479 0.181291373164407 0.00546583568780728
-0.0677059546230963 0.0673634161610723 0.151449708846412 -0.112522862710946
-0.0358947534386749 0.0852409546381204 0.0859723395440658 -0.161292490034374
-0.0387066452512044 0.0957174397405408 0.0514358933986812 -0.150782014357618
-0.0602704590087707 0.0838074812416723 0.0477221136117172 -0.137710874484241
-0.107621927521439 0.0542164245674697 0.0750469987732096 -0.104578196166469
-0.114391835348108 -0.0246803513275262 0.108475973790751 -0.0493446460838078
-0.0510586829682966 -0.0943952309972607 0.0976225160037246 0.038980681991749
0.0271730167099295 -0.102455109608574 0.0647134501582284 0.0530823278451137
0.0756637702050139 -0.0766271189725491 0.0471313628075479 0.0353110725719959
0.123328209401954 -0.0570305276727342 0.128342664452223 0.0210081955540149
0.202045910690502 -0.0417468148953703 0.131009337929419 0.010450542683181
0.120961247930783 -0.1243297555718 -0.0111695432152749 -0.0162421804050704
-0.000617313840093098 -0.157452490291543 -0.0458659805992549 0.0820430734452953
-0.125176940032878 -0.0885240341771989 0.0628391678062152 0.128126996548629
-0.16418995932255 0.0199150903851576 0.140893422097765 0.0424101508323659
-0.11989464510283 0.104539797908797 0.129329536942723 -0.0573177214886294
-0.0647887337356934 0.13403929644345 0.0729181107717248 -0.103916929271705
-0.0553910575532968 0.144004344336779 0.0319932626058102 -0.10135800240673
-0.0792565614457005 0.131991607557748 0.0120382161547268 -0.0961113745505974
-0.144336915109014 0.107776153628123 0.0194418375475274 -0.0871617833246032
-0.182665920073643 0.010284228733752 0.0482310863456224 -0.07953153090925
-0.130077051725492 -0.111120364733199 0.0820163902912897 -0.0216033329109543
-0.00647029415299134 -0.182458569441474 0.0912227707205193 0.0171553997702214
0.118744883023199 -0.144950342372484 0.0666633467254943 0.0409533541363886
0.198133512498208 -0.0719591132099416 0.0843139132068824 0.0333681849329622
0.246642147130809 -0.0180280944804684 0.0412960978601966 0.0153583099866736
0.177876630272296 -0.133173964299612 -0.0497984860843658 -0.00983357743978632
0.0319249563663356 -0.202884421405909 -0.084217068005901 0.0623563527494621
-0.140296133676567 -0.136320058375784 0.00208565523545966 0.110126232657453
-0.203615522283207 0.000344007880315998 0.0656531878420217 0.0632812372373188
-0.159639468952689 0.11488172062984 0.0774791119039606 0.00452842407804975
-0.0882307959759276 0.158492166192761 0.0445182636679092 -0.0310560494687444
-0.0637360064872145 0.170532017589774 0.00833422659947086 -0.0352781749238819
-0.0799358098940861 0.162447671966309 -0.0206169787130285 -0.0350634515117417
-0.152957851594433 0.150901677280647 -0.0348475581314735 -0.0444417193591593
-0.219180475753598 0.0529075855943434 -0.0249625378385029 -0.0778728749847425
-0.19281973899435 -0.0987520459833523 0.0353939765871266 -0.0672886705614294
-0.050587541791113 -0.230019513846418 0.0853766123113747 -0.0249792580405729
0.140097984561093 -0.196268221444504 0.0707039888774228 0.0383449144406682
0.247016279051504 -0.0809552392016652 0.021892040385691 0.0466226362343564
0.245573823686762 0.00911635819059737 -0.0460756849557818 0.0117677512665216
0.197389897012173 -0.109625960475431 -0.0748227768235969 -0.0031217141789831
0.0628441005870267 -0.197547765409153 -0.090291656312364 0.0287735043634806
-0.116100915186903 -0.156078893498257 -0.0424860588662149 0.0533915267395156
-0.197909639606429 -0.0237606887709543 -0.0206030140745313 0.0505464921151757
-0.167942764149946 0.0999931531537063 0.00443492021418188 0.0507646045789209
-0.0979595198926161 0.155885011005117 0.00386858903311676 0.0423782142754517
-0.0631159905463824 0.16998272886156 -0.0176934092849281 0.0362269188297768
-0.0696754370497379 0.168485563888827 -0.0457185177735581 0.0366471793239267
-0.136943796934347 0.164889555254597 -0.0758577037143688 0.0155617581312901
-0.21523709843106 0.0804492742712149 -0.0897522961197808 -0.0467009130779659
-0.21342492356338 -0.0738586762105047 -0.0215146662767788 -0.0826051798881592
-0.0780069979629709 -0.236976825949151 0.0537364475409184 -0.0495367981243146
0.143783090048181 -0.212876935233752 0.051731727316578 0.0342455651996665
0.262706145246673 -0.0756369139233275 -0.0529395445821469 0.0566777913279384
0.206419088905113 0.0280813967432314 -0.115822452947545 0.0054151010311736
0.178738613757305 -0.0762778783382974 -0.0805580021886141 0.00673675880850657
0.0696971028314164 -0.160579149066036 -0.0623877374341486 0.000994661763340526
-0.0818843737232142 -0.136352326959386 -0.0508388008655129 -0.0161921832979576
-0.156808397503127 -0.0304273156120905 -0.0869181889109137 0.0115841929563531
-0.141524560763771 0.0747557939831928 -0.0675140832691258 0.0745482018534196
-0.0864497825903084 0.12958842942564 -0.0393549867429706 0.102275125006652
-0.0527836022469848 0.143306419799827 -0.0416420407190891 0.100778434978884
-0.0536072162256503 0.146376828491545 -0.0624795156816384 0.104064307745609
-0.107514354013106 0.147720631183812 -0.10162267389095 0.0745019682324101
-0.180204233438791 0.0813071299850917 -0.132440540103147 -0.00746109617303297
-0.191696425259978 -0.0531983008840286 -0.0665158523863132 -0.0758701415533894
-0.0755607249673247 -0.210232900769453 0.0137064359773503 -0.0525125358693588
0.136096499410727 -0.191251433649632 0.0149123343692723 0.0326190900959871
0.240828112994896 -0.0524828900226815 -0.129381239129788 0.0587964837108108
0.142156286772573 0.0343931976369607 -0.161154896315266 0.00306488748614567
0.130337220596489 -0.0523862074456122 -0.071496518639144 0.0209265248448643
0.0452805519847294 -0.115441506021989 -0.0222531881620478 -0.0159535205421025
-0.059998616263885 -0.08726876277461 -0.0402168940046813 -0.0722341916342396
-0.100374871554324 -0.0132583578561361 -0.125707513517236 -0.0262055560572576
-0.0893790745771839 0.0515408172331418 -0.11901519506828 0.0832444267077859
-0.0548545488847005 0.0873043524323792 -0.0740185143173583 0.142869175951712
-0.0342554253373477 0.0951914384400457 -0.0593773390593785 0.148792532214796
-0.0353731527865081 0.101028054086061 -0.0735699111100532 0.154514782154594
-0.0714115485043865 0.105652097851385 -0.116380632483228 0.118805954701596
-0.125833411422097 0.0622434273997665 -0.155968482732884 0.0260608553445977
-0.1422893682005 -0.0365273052662856 -0.0950810936537702 -0.0625224458199151
-0.0536656558646629 -0.16100799233988 -0.0208418789436442 -0.045388616038889
0.114659832818509 -0.140407940707721 -0.0248451072570874 0.0285478678012529
0.18245262406142 -0.0179915509236262 -0.19392307325871 0.0501658498024655
-0.0916732508169339 -0.0247527006821419 0.243064996143632 -0.0427483466289516
-0.0670059029302687 0.0662919306951042 0.0547173248784109 -0.0652138378527808
0.0225167055712482 0.0827667316031179 0.0236205136756493 0.0336428408522662
0.067872866073411 0.0122826846752432 0.0991753216980382 0.071559186489273
0.0477489128951102 -0.0297817558475721 0.173654659806959 -0.0329017579040482
0.0256495566652787 -0.0445905263941736 0.130821038542505 -0.152672797278677
0.0108115004844508 -0.0446627381288554 0.0754832733835532 -0.191947853700338
0.0106030337617252 -0.031980619932142 0.0600085334667268 -0.175599334582278
0.0189762428413877 -0.0281107695627795 0.0850146409962166 -0.155670798735869
0.0264384242773576 -0.027411427586682 0.1270005145877 -0.0882831532711411
0.0432166349899929 -0.0139089407476097 0.140669641794889 0.0188651780203968
0.0478018181742088 0.02609063869833 0.0645967238927464 0.0936408623807691
-0.00638476087704861 0.066605518685826 0.00650710222443458 0.0516376379940923
-0.0648651465995513 0.0287732518826485 0.0347909337549491 0.00870014737132517
-0.0577257250515573 -0.0372184091274704 0.159222740222676 -0.00133446612776338
0.0113472663385243 -0.0477314134380533 0.241109000620307 -0.0253923350896985
-0.0192007129606396 -0.00653371218427235 0.054179322323493 -0.0475973045461306
-0.00204827575062725 0.0107462488349962 0.0254460444344502 0.0514637686959609
0.000614180126250603 -0.00382215461702724 0.113493537687212 0.0816944334480688
-0.0182282880689615 -0.00123362921218267 0.183395943392642 -0.0254789217963008
-0.0157333507197343 0.0130630517961803 0.14459562817739 -0.146901214479165
-0.00903951180871583 0.0208758854170133 0.0813126760340925 -0.191723882169222
-0.0136251500917405 0.0340860320873247 0.0578790674134851 -0.175374383124019
-0.024669197167417 0.0284351040399489 0.0726906286118869 -0.155963928325272
-0.0452301774740625 0.00770626780502031 0.112536883807805 -0.100950166466032
-0.033191955952244 -0.0313733322663074 0.137170381379068 -0.00976652700548099
0.0126935513186413 -0.0424462144979602 0.0833696365947343 0.0811704980792021
0.0258003691172449 -0.0116753898353674 0.02707428671942 0.0626211035552333
0.00943931064769922 -0.0145603390212512 0.0326056678307494 0.0209472217058235
0.0331351266747113 -0.0452542922568465 0.15240784394886 0.00708805372141011
0.114860996876345 -0.0553169123243056 0.201476893197307 -0.00732156750640241
0.0453521112678217 -0.0769271330969526 0.0283546690159876 -0.0285986525564554
-0.0145770910572487 -0.0745707324509724 0.000316909630895216 0.0744340040537946
-0.0706035749698915 -0.035292811431407 0.105795048446811 0.107629236553556
-0.0925534128822072 0.0207465692238444 0.178307947477595 0.001549690614198
-0.0647333312154349 0.0678919324531557 0.146994897652128 -0.1137642387611
-0.0327827138179641 0.0845771931491543 0.0810526750501084 -0.160668315334649
-0.0357796642789748 0.0951435191407489 0.0466300540700515 -0.149493422406401
-0.0579262540102635 0.0838085243684299 0.043762940373656 -0.136676401637351
-0.104326643768655 0.0556070891952914 0.0710879241927298 -0.10454844087929
-0.113060159224692 -0.0220338038170276 0.105339482922678 -0.0509910498885249
-0.0518508851106261 -0.0917018880624837 0.0969891456895213 0.0354895367985243
0.0243602804087012 -0.10119630486714 0.0648047598630385 0.0506953746521418
0.0726900929293733 -0.0773984457458436 0.0476362568268856 0.0340709391297664
0.120685774456628 -0.0589483956875792 0.127029453172138 0.017659411542747
0.197519135070382 -0.0461014189176454 0.129999410924052 0.0074926052985225
0.116609503883665 -0.125305758327624 -0.0111765669180124 -0.0161522694804387
-0.00438567941973273 -0.154756852944886 -0.0438881481238287 0.0820307409204455
-0.125181323007124 -0.0840263274629799 0.0646542517797959 0.12562940489048
-0.161433050275321 0.0234962574015435 0.14039076838746 0.0391722279124789
-0.115878152253951 0.106067676531496 0.126296400680981 -0.0583962663923492
-0.0603338909833977 0.133191410626381 0.0692121648519644 -0.104192260696426
-0.0513350493062906 0.143016167182876 0.0292897591148351 -0.10008966132796
-0.0748546895129275 0.131727717946346 0.0094919162534264 -0.0945647717535532
-0.139764454101548 0.109168470794515 0.0174890302782499 -0.0861175200118471
-0.179732543388631 0.0144942721940445 0.0456366162452082 -0.0790824429251516
-0.130860298129182 -0.107046157228089 0.0809134014328079 -0.023207761667178
-0.00996798527541434 -0.179360638978267 0.089900909415278 0.0149500936390369
0.114026132698086 -0.145498053216108 0.0666554575082538 0.0391852657132663
0.193757219717128 -0.0751764933464813 0.0833428736068631 0.0310033513429037
0.242244630759121 -0.023790100267243 0.0408604894985946 0.0137979549080387
0.171920027883303 -0.134824119305093 -0.0494889892090742 -0.00901817245362305
0.0268732126916488 -0.200427820037891 -0.0816506641186811 0.0632011423163312
-0.140599775292224 -0.131354163093326 0.00406031276173911 0.107716548288486
-0.200363084062356 0.00505904644482156 0.0656829222400256 0.0614749730574044
-0.154074545466469 0.116558658449026 0.0760801329066272 0.00221424994554084
-0.0837197913276726 0.157544770555547 0.0433787570792776 -0.0313741450595243
-0.0589831027763968 0.16915813005686 0.00745214096249018 -0.0350218259472306
-0.0755422052832976 0.162191083906088 -0.0215169268799703 -0.0335787283513206
-0.147118500454413 0.151591099754627 -0.0351720086374777 -0.0429690165343462
-0.214551475307736 0.0577495506603362 -0.0270252040676119 -0.0763038058467767
-0.192246622811442 -0.0929674899928731 0.0343239320837259 -0.0672456255709041
-0.0547602832585821 -0.224768414672356 0.0843170149201338 -0.0264301352075278
0.133369746508954 -0.196467177781523 0.0712423753571848 0.0368886261864691
0.241575881879754 -0.0856891180372376 0.0227081605852354 0.04493331241903
0.241875845079035 0.00345471994393908 -0.0447021710362953 0.0123522250671235
0.191689451867969 -0.112396555820135 -0.073251817022351 -0.00229329824037625
0.0572428777631432 -0.195519092832494 -0.0883881814261534 0.0300499982683713
-0.117258405004519 -0.150849401324592 -0.0410561989403438 0.0531900034647472
-0.194923051261248 -0.0189762207513593 -0.0189576403610652 0.0509277388018396
-0.16321006863902 0.102134370767693 0.00590339518976119 0.0499968522652133
-0.0926595478151487 0.155375982821822 0.00500864178190351 0.0415738886912202
-0.0584898135384426 0.168819066000954 -0.016014991431783 0.0358963184249802
-0.064966999781074 0.16706599229204 -0.044063855523685 0.0372591060078048
-0.130775669649406 0.165609466767194 -0.0747774814820223 0.0168211157520987
-0.210161088390221 0.0842105754941017 -0.090076166677135 -0.0441863800663273
-0.21150410802189 -0.06829852235789 -0.0229101204303357 -0.0809899106548967
-0.0816443982012948 -0.231090580760237 0.0516444939251843 -0.0496755270963565
0.137077004698347 -0.213165420693118 0.0515910408052197 0.0330553182804372
0.256306106390274 -0.0807803805770182 -0.0505626236417757 0.0571689566028836
0.203705393655822 0.0231702561185486 -0.113837644353051 0.00795396566476374
0.174112675475911 -0.0788199258132889 -0.0788606997739411 0.00828030438799553
0.064883170901023 -0.159526496026137 -0.0614152763748777 0.00252565774152581
-0.0834416019339582 -0.132212960541654 -0.0505511257418207 -0.014876123025985
-0.154634371948677 -0.0262144715755237 -0.0859151400162267 0.0135462337522398
-0.137519887551089 0.0767847242175955 -0.0642696258236536 0.0753938395295597
-0.0824244358174045 0.129080311776665 -0.0362573782367155 0.101402018135301
-0.0487880541915109 0.142225145772099 -0.0378258886750375 0.0999917420860264
-0.0494208855812863 0.145013974239328 -0.0592989864172356 0.103712751299258
-0.102951618239229 0.147777292649989 -0.0984139459047644 0.0758004818550136
-0.175528089022169 0.0840183426180655 -0.130678878208221 -0.00394468181896811
-0.189699567754435 -0.0480549493792618 -0.0668631123873159 -0.0732443945701853
-0.0789706655600228 -0.205352538503632 0.013176144710947 -0.0518356716410535
0.12978920387127 -0.191915971984772 0.0155135674835799 0.0317764305936361
0.235655477980356 -0.056993104836478 -0.125837309081408 0.0609843069450412
0.140824128460698 0.0306665703343929 -0.157930094689211 0.00730012557311876
0.127403474965602 -0.0539041130102302 -0.0699587910691743 0.0221670172505903
0.0419175058481402 -0.114617596836153 -0.0221481775833203 -0.0155258083170205
-0.0609724745792204 -0.0844969985524498 -0.0417101985217819 -0.0704965168666616
-0.0996436473370315 -0.0109658528982935 -0.124604002113684 -0.0225502381773159
-0.086600641238251 0.05291648284993 -0.114690476220371 0.0849171929062005
-0.0523844763783807 0.0871414659962459 -0.0693097040541958 0.142102625769142
-0.0323782520985949 0.0944064887930295 -0.0551943759346442 0.147882415224062
-0.0330888198681696 0.100089355399855 -0.0685248349524693 0.15404665709404
-0.0679094065417265 0.105668896749049 -0.112150945580443 0.119376114633703
-0.122467579560487 0.0643604318545838 -0.153333841848563 0.0290305917871847
-0.141028520693152 -0.0326389612951715 -0.0947284962218416 -0.0597321846933178
-0.0560171210935122 -0.157129437927179 -0.0203189926952876 -0.0442710035047215
0.110080475219951 -0.140602005051726 -0.0233840947475812 0.0285471820258821
0.179158135425256 -0.0212861264692479 -0.189941349525359 0.0534261828278561
-0.0904844917593815 -0.022924984032817 0.23785173375077 -0.0465623256729857
-0.0647445754974935 0.0664953507026927 0.0520170996859696 -0.0645610239788825
0.0238310143051106 0.0804743940234404 0.0234565154537418 0.0325029471832864
0.0674621582018584 0.0110634559350302 0.0990239100425524 0.0681558756244194
0.046627567196042 -0.0301181514842855 0.169227823320133 -0.0354566428168243
0.0245382086368502 -0.0445777382948291 0.125856009934512 -0.152395980665831
0.00949192319786736 -0.0438635424007669 0.0697926319151566 -0.189594086228162
0.0098421117974059 -0.0314884110123747 0.0555245392263118 -0.1736230733905
0.0179414053319425 -0.0283665401892653 0.080115655695089 -0.154126665938263
0.0249257375153073 -0.0274797032239833 0.122211760984156 -0.089059156182513
0.0424492088229376 -0.0148777710677772 0.139179902785765 0.0158006004068726
0.04740180756923 0.024593695360887 0.0654799965076168 0.0908240533829457
-0.00498514316107612 0.0657458396802993 0.00714375225901325 0.0506237309492971
-0.0628053615294883 0.0295649507773485 0.0343616861416461 0.00829114338244003
-0.0579118177395626 -0.0352996356972313 0.155934915789167 -0.00449646109798382
0.0104560677442401 -0.0474184307129955 0.236134121800301 -0.0297293311530493
-0.0192299816860971 -0.00606083659029805 0.0522134357923622 -0.0472401462452624
-0.00216457851225672 0.0105423402764472 0.0254001217928073 0.0499961387608927
0.000423406937787034 -0.00354441393922886 0.112941859427533 0.0783821785498174
-0.0183781023072838 0.000122731800247156 0.180972694439501 -0.0284299437935075
-0.0151155614729479 0.0129961937555177 0.138712781836728 -0.147252922126242
-0.00810140033126296 0.021509627963587 0.0761432936487784 -0.189200477996514
-0.0130885958303695 0.0334795982105137 0.0533321468651791 -0.173183574568365
-0.0238570333859268 0.028176685825987 0.0683280901663591 -0.155016218403442
-0.0445486484164778 0.00860221159330672 0.10827488856367 -0.10076827836766
-0.0329324515139297 -0.030065507066913 0.134511092810573 -0.012127097140223
0.0117610992660834 -0.0425192759825509 0.0833707927343187 0.0783127264187994
0.0251562167676109 -0.0117204309004574 0.0277192491366139 0.0610120949554978
0.00890869636097273 -0.0146586780894884 0.0323305445291903 0.0202962434587858
0.0318162059149325 -0.0449820057650722 0.149531215987885 0.00407603401888895
0.111502859587841 -0.0569693720875823 0.198098559055768 -0.0110834286558043
0.0431162098016972 -0.0767280176693803 0.0272501501868421 -0.0290968369948212
-0.0161289198408755 -0.0726615088685476 0.00149820150183257 0.0728546427982802
-0.0696903754088827 -0.0331600283748918 0.105738515275954 0.10403767803823
-0.0905833550113833 0.022625303409377 0.17522110677998 -0.00182067906786843
-0.062528871084536 0.0675442801962561 0.141657686576004 -0.114876132505109
-0.030647063761182 0.0836899018485252 0.0762338328077963 -0.159385280608047
-0.0332430229764468 0.0942318191044074 0.0432684951254442 -0.14728053995528
-0.0549040350960134 0.0836477461461371 0.0398712168613203 -0.134696666188278
-0.10102045560843 0.0571390691513674 0.0677404088534418 -0.103982702058987
-0.111153492327867 -0.0186660344749782 0.102142033586834 -0.0518656119936916
-0.0522972065746444 -0.0893435031730151 0.0961712992800929 0.0332331267771419
0.0220859222220091 -0.0996874595120372 0.0646616310637814 0.0490860787841202
0.0695004661356128 -0.0773135405921688 0.0471983453643948 0.0328884995460564
0.117779216324358 -0.0604489333985418 0.12493507707333 0.0150939273170553
0.192947847360186 -0.0490194912451262 0.127648124049281 0.0041164153704649
0.112114694660171 -0.125450076506739 -0.0114212309088847 -0.0158523985190228
-0.00699555361380491 -0.15201292033036 -0.0419987703732036 0.0810615603034252
-0.12471559629981 -0.0803127757208133 0.0656307057945743 0.122006257538696
-0.157591367296298 0.0264619174007487 0.138539637227989 0.0355514066307987
-0.111908795234507 0.106175330862411 0.122987532791286 -0.0600552460695634
-0.0563403443041858 0.131737283404827 0.0656137962904347 -0.102940246581938
-0.0478444472258169 0.141394335916435 0.0270038246783732 -0.098698528131344
-0.070816556936887 0.130818576706545 0.00743211468878995 -0.0930204885366649
-0.135030904658632 0.110183118299787 0.0150731608391911 -0.0848054862167471
-0.175929043310455 0.0177696040163566 0.042940764659698 -0.078505589889047
-0.129749656455904 -0.102538514879916 0.0793411382926193 -0.0242318880192309
-0.0137528924224519 -0.175715062837629 0.0893948407508884 0.012741414636719
0.108673192764662 -0.144712254419704 0.0661593668900785 0.0375209569292308
0.189032741647821 -0.0786216851393474 0.082636852218286 0.0287293267475066
0.236993862297511 -0.0280557455543128 0.0410894311727238 0.012715205630978
0.165906002649033 -0.136245449763086 -0.0486241618988331 -0.00817826292917035
0.0225431150041792 -0.197377012939159 -0.0797613249447217 0.0637782020438541
-0.140772556416849 -0.126235246082453 0.00506273640249804 0.106489968274765
-0.196588839253431 0.00932520889643127 0.0659200794077455 0.059393725507117
-0.14892960644475 0.117818169767914 0.0751181460846161 0.00123883171902407
-0.0787186872441448 0.156769929889182 0.0416166471068962 -0.0316098096458722
-0.0548621386558136 0.166661781390095 0.00625987813498261 -0.0342693001101255
-0.0705785228402924 0.160505238843113 -0.0216663537944044 -0.032344963795741
-0.141087177347673 0.15136407801716 -0.0358174684203076 -0.0416500807090104
-0.209259448741756 0.0611195688795129 -0.0280233573167885 -0.0738363751912804
-0.190414732166229 -0.0878463472344193 0.0326602552664426 -0.0667424590231195
-0.0578570369803106 -0.219490259888606 0.0826973083060071 -0.0274494693209314
0.127639381176964 -0.195377786280306 0.0707548424651794 0.0343852576597357
0.236056523706738 -0.0886874818977689 0.023537009206527 0.0436139064494356
0.237541771899487 -0.00182357355915765 -0.0436592984570298 0.0133127772905865
0.186064606988915 -0.114212431837775 -0.0721300290817967 -0.00142031786971063
0.0527885362892656 -0.193771152432735 -0.086711485697649 0.0312292767607453
-0.118712399918735 -0.145992469910539 -0.0399676361322042 0.053627039826677
-0.19231150287517 -0.0143266325634821 -0.017551583909265 0.0503974637129781
-0.158187713669676 0.103603246274881 0.00707918927384836 0.0488200479786351
-0.0882948620272689 0.154593635949145 0.00580139720128583 0.0404895484499372
-0.0541317997630262 0.166792693842007 -0.0149335876070084 0.0361652637729838
-0.0608188491361999 0.165312325983342 -0.042539861846888 0.037504159748072
-0.125199577380799 0.165731334524616 -0.0726538488386934 0.0184731134063059
-0.204316822065138 0.0874979141635687 -0.089282421966222 -0.0418572810836464
-0.209445868168042 -0.0632272604667372 -0.0233460220759186 -0.0791868380218905
-0.0847553718746771 -0.225757630003367 0.0505825866178188 -0.0502560894884159
0.129938407281815 -0.212114404744467 0.0520197690086231 0.0311250873223836
0.250791739908639 -0.0849035822711566 -0.0489493476802373 0.0573246249770656
0.200321170627142 0.0182967126515382 -0.111393827457728 0.0102091186367313
0.168859170235605 -0.0811945632632164 -0.0768063547335593 0.00945759822910903
0.060198085528717 -0.157608351204509 -0.0603692004540668 0.0033965270787246
-0.0844232563724971 -0.128158738520191 -0.0507314991422911 -0.0136815876276977
-0.152497441372811 -0.0226308298884937 -0.0841545300565912 0.0152364146257454
-0.133518691741453 0.0781379297577101 -0.0608138096928068 0.0755323340279045
-0.0773021199288797 0.12848750245667 -0.0332865199497074 0.10001119955831
-0.0453416101078471 0.140248829390807 -0.0353953534484796 0.0989632573299093
-0.0458535891379651 0.143562515533485 -0.0556300314992986 0.103793123267369
-0.0980870839296803 0.147367543193786 -0.0950201011599237 0.0761214169952154
-0.170535479207244 0.0857423699156371 -0.128698322612473 -0.00167709895986412
-0.187255166491714 -0.0432396878605329 -0.0667059879864798 -0.0707733589207225
-0.081080174876418 -0.200286456575416 0.0125344461564678 -0.0513197609067021
0.123755943799364 -0.190341608327165 0.0166001435635594 0.0308480765158807
0.231223544525738 -0.060354729973167 -0.122197901448806 0.0625048768128648
0.138472102591245 0.0273865941247936 -0.154974650038468 0.0102668657702404
0.123625946248116 -0.0557572807096385 -0.0676403459995716 0.0225828675002992
0.0390047999897564 -0.113127762132827 -0.0218317408367214 -0.0147298767349479
-0.0616471214523293 -0.0816718332442769 -0.0424489943855591 -0.0683398073340232
-0.09808425552302 -0.00847590480965158 -0.123268720309867 -0.0195945673274073
-0.0841662149490781 0.0533366365762039 -0.110563079379034 0.0857411729742985
-0.0493553774900255 0.0863767291057067 -0.0646353812867184 0.140108194689663
-0.0296260057253463 0.0932171990160141 -0.0505899989766849 0.146656880281161
-0.0303218871267 0.098987072120285 -0.0645057564312865 0.152614417833627
-0.0647589362416437 0.105046074725984 -0.107468157557851 0.119408099527343
-0.118917179468901 0.0652873073420328 -0.149929907470615 0.0316381890053451
-0.138833569997947 -0.0295435020669725 -0.0937948120016592 -0.0571479567482495
-0.0577884101385255 -0.153215170186574 -0.0205068213348774 -0.0434914178844216
0.105308391574236 -0.140249540250126 -0.0223619096981972 0.0287334452296887
0.175611083927194 -0.0247272937796072 -0.185114310344851 0.0571852702983119
-0.0893933065506541 -0.0209145676040895 0.233089930546565 -0.0501340108494829
-0.0623297349794707 0.0663793376188986 0.050137896133997 -0.0649001159467874
0.0245150509009636 0.0786377733288392 0.0229381644714249 0.0320838223017209
0.0659931042408427 0.00983158833720774 0.0982483604334224 0.0662539748284562
0.0450369310565714 -0.0303832502434943 0.166461491685162 -0.0374777342052922
0.0233461254871561 -0.0438134170337477 0.120006925204518 -0.151476549692142
0.00837389724631881 -0.0437455765164788 0.0651275870704663 -0.187373246566786
0.00915686583052832 -0.0309402300777656 0.051352466316389 -0.171092567313462
0.0170997306380723 -0.0278887559202301 0.0756580644302217 -0.15318674626891
0.0243526221809407 -0.0277090958095689 0.118421286494924 -0.0897133196676341
0.0411606925366171 -0.0153557670747836 0.13686479625927 0.0129021809457293
0.0469620082443476 0.0233317605558547 0.0658966657333768 0.0878909446042338
-0.00350477448148881 0.0647595838235576 0.00736415773949966 0.0496003780994948
-0.0609819024238775 0.0297889534167164 0.0338191437830173 0.00803505784624234
-0.0572535873329588 -0.0338973523875156 0.152715595230025 -0.00769954174443403
0.00924556186795842 -0.0469422364142579 0.231334062602427 -0.0339555662004208
-0.0191438424083755 -0.00546897571858426 0.0500587327281353 -0.0475311155425226
-0.00205782597382724 0.010561102116518 0.0254356136808981 0.0484652012064938
0.000444389941847694 -0.00325613292728399 0.112239965176603 0.0758565710746122
-0.0180120418482581 0.00012785699979356 0.176974011709741 -0.0310917623750277
-0.0146605549452286 0.0132959996193744 0.133359735582964 -0.146813205479194
-0.00809227514266571 0.0208417392348642 0.0713982004977857 -0.186508845102243
-0.0119348671314362 0.0331629159184595 0.0494578493202743 -0.170835823264563
-0.0222104425115797 0.0284137265477337 0.0638006270910763 -0.152746925560927
-0.0432947951708816 0.00942350036814546 0.104138531252924 -0.100957101816394
-0.0327556412413322 -0.0288136967154969 0.131970467980507 -0.0144103776255526
0.0105785475588297 -0.0416845388102944 0.0834430538288053 0.0758018873876126
0.0245268957528338 -0.01155638846285 0.0279366418514757 0.0595079110486066
0.00905320354543563 -0.0139685522559394 0.0314324923467963 0.0195426552752333
0.0305288526522501 -0.0450761714322201 0.146802292808801 0.0012627219328314
0.108640791642999 -0.0577305774475975 0.194062909498761 -0.0145956512119497
0.0407416759940453 -0.075666077304019 0.0265253942595994 -0.0288685199000471
-0.0171798604113145 -0.0710517179131871 0.00211668168832533 0.0716600975645279
-0.0691485101095553 -0.0315632378426812 0.105860890046082 0.100222179075862
-0.0880449302092713 0.023757200472732 0.172744557823157 -0.00409722618784535
-0.0599966175004806 0.0677079785132114 0.137136533898773 -0.115214372103767
-0.0289936085085033 0.0824214960962084 0.0716483770992328 -0.156730093383506
-0.0308407183199094 0.0926850059934136 0.0398935590085773 -0.145442431183629
-0.0521214005380218 0.0832081723652613 0.0369209994934104 -0.132676402037895
-0.098344634509869 0.0571530701101775 0.0652357336626484 -0.103177962521523
-0.108837608961676 -0.0167250600274796 0.0996464217780778 -0.0527902263718106
-0.0527657934848784 -0.086759644238466 0.0959206281498475 0.0312952587483411
0.0202007301005201 -0.0980499273532894 0.0644314783007612 0.0471155359435491
0.0669518060929948 -0.0769637512588598 0.0470824427827894 0.0316554900308425
0.11399081049936 -0.0614371351791806 0.12283839463058 0.0126295355987887
0.188655574843374 -0.0515920125257816 0.125429484867946 0.00222165300378808
0.107385697228464 -0.124672267764538 -0.0112047285136592 -0.016045361289705
-0.00959278410136728 -0.148917638536939 -0.0404119723991842 0.079892439194051
-0.12325967533493 -0.0765345959211089 0.066441825034822 0.118975244601031
-0.154575256253654 0.0288496313991928 0.136411330926376 0.032964741628708
-0.107397405221754 0.106286990603791 0.119625213688653 -0.0613301028342153
-0.0533149117044099 0.13027685259198 0.0627123082401782 -0.101657497244612
-0.0441989543141922 0.139108434411772 0.0247097893682274 -0.0971789711235445
-0.067518359258772 0.129515651312224 0.00572997995452573 -0.0908962342381066
-0.130239033826077 0.110673010214565 0.0134586769830869 -0.0834441439388259
-0.172103646700542 0.020657679337383 0.0403621856531203 -0.077776344622204
-0.129089871793613 -0.0986294868296736 0.0783689619509069 -0.0254782416634704
-0.0163141891658752 -0.171925299231172 0.0881152760653733 0.0116571927574834
0.104026540162328 -0.144097960442093 0.0656978336051645 0.0359677880241711
0.184641835817469 -0.0794236562010763 0.081619795942449 0.0265413477412054
0.231614878165512 -0.0312489713722898 0.0403672653139929 0.0114230669304007
0.16003367353862 -0.136213727767939 -0.0474010175737707 -0.00825315985370729
0.0188904572662065 -0.193468346464826 -0.0777340541120251 0.0636131235346098
-0.139940179614711 -0.121470130766286 0.00695174174740811 0.104055957129912
-0.192777381996314 0.0128251316488929 0.0658819124300713 0.0579223710704471
-0.143621525324087 0.118184610317776 0.0738125316283028 -0.000264979380824696
-0.0740702269716141 0.154811766745974 0.0404624774611295 -0.0318041994934951
-0.0509154213124045 0.164091453016801 0.00568485839435255 -0.0334502163919737
-0.066952170999109 0.158627926777375 -0.0214835880075119 -0.0307964998252869
-0.136326220331169 0.151508701996326 -0.0356880942402431 -0.0392994573310762
-0.20372360300936 0.0630332596968521 -0.0293307253239458 -0.0722116804560774
-0.187900994009439 -0.0828604361424702 0.0311806305378551 -0.0659566498201245
-0.0608681338435115 -0.214322537152801 0.0816114336407155 -0.0281125985970606
0.120769108245575 -0.193436007988501 0.0700607841262353 0.0331132745731985
0.23025264288356 -0.0906056578826843 0.0232298428191144 0.0429493102097382
0.233157541985441 -0.00587877629237043 -0.0419867726799763 0.0132719811256753
0.180539182022224 -0.115042578454837 -0.0699213291275773 -0.000456837988040393
0.0484152494936977 -0.190584873291288 -0.0848431202258533 0.0320700818927456
-0.119054442682182 -0.141194973874347 -0.0385283534618123 0.0531368181249773
-0.188748449411308 -0.0108570271483879 -0.0167206974842965 0.0504018363968613
-0.15281506896259 0.104524470758582 0.00841740287398619 0.0482107214605667
-0.0837496718202777 0.153019184015096 0.00654796809518308 0.0400315687862391
-0.0501483198167247 0.164169560108413 -0.014324319694848 0.0355130832564237
-0.0564096135236204 0.163037246835657 -0.0413927503508595 0.0389071737689169
-0.12003198554986 0.164052870336369 -0.0713188105186434 0.0192240924164291
-0.198705509317784 0.0893118536412062 -0.0887422113697648 -0.0389648165421635
-0.206468081709588 -0.0583608285954381 -0.023719082979326 -0.0776004024322313
-0.08692774290904 -0.219446284975403 0.049699664750452 -0.0502145313858301
0.123930121695667 -0.210187576632282 0.0519043521419324 0.0300506244003659
0.244786347880093 -0.0866269261119284 -0.0465917191927551 0.0569553648118814
0.196514117747074 0.0142238729482187 -0.109025986676487 0.0117793779771114
0.164296005083859 -0.0826185182007323 -0.0750859330954683 0.00996811507268775
0.0565139013977952 -0.155833494303057 -0.0591839330414607 0.004498726183059
-0.0851995585109488 -0.124878084260598 -0.0499587740550968 -0.0131142070728033
-0.149796993301748 -0.0198491070531948 -0.0822922157533698 0.0172265598772335
-0.129363230359297 0.0787356093664333 -0.0581244909034613 0.0750514497579322
-0.0739203000274383 0.126920001471156 -0.0304771760171917 0.0987648905556503
-0.0422749733780635 0.13810297162133 -0.0327913182111538 0.0980998862274343
-0.0426275286227919 0.14157834976617 -0.0528313158487399 0.102149498188387
-0.0937172989184608 0.146463841411559 -0.0918660381688009 0.0764313861327663
-0.165657753045168 0.0872992112393057 -0.126856822301032 0.00117841639784412
-0.184595837745807 -0.0397434116387909 -0.0664534684221991 -0.0683646325782195
-0.0825105703606434 -0.195241776737052 0.0118355251514096 -0.0507654688265825
0.117927015641858 -0.189148497385109 0.0173034885138429 0.0300641193271865
0.225781256395001 -0.0630522805491429 -0.119180075038809 0.0635693790829213
0.135788923038889 0.0246065804711316 -0.151415390734892 0.0126542886045276
0.120578853281089 -0.0570994686218532 -0.0656535003684947 0.0230734394581416
0.036219537513174 -0.111866134432883 -0.0215828275699077 -0.0142238643243509
-0.0620905899324449 -0.0790652969725147 -0.0426596514948561 -0.0665079120762465
-0.096297293146428 -0.00688431524815401 -0.121649592941001 -0.0165741024586904
-0.0816431167491905 0.0534686181458512 -0.10641749508744 0.0861797955051302
-0.0470671540447296 0.0855872407077029 -0.0608158935259779 0.138259525789901
-0.0276045948017151 0.0914605968968601 -0.0472856436366555 0.144065371335082
-0.0286424173298527 0.0970287707307146 -0.0603124109856628 0.150820834444708
-0.0615091834832856 0.103931172982137 -0.1032703278956 0.119071020532276
-0.115771926787561 0.0662214464988381 -0.14697101024815 0.0333613221094295
-0.136861173758732 -0.026794035507877 -0.0929958046557393 -0.0548208303423044
-0.0590200938678561 -0.149314806257207 -0.020194287941056 -0.0420817680484693
0.101288902514346 -0.139413208773454 -0.0209575513137438 0.0281756961933424
0.171649261581728 -0.0268211207519802 -0.180279358495778 0.059206911070054
-0.0878546860015149 -0.0196606204327053 0.226818894615019 -0.0526622569612217
-0.0606066973860719 0.0657181254042362 0.0484259566201139 -0.064594369234444
0.0249961236494287 0.0769722650849844 0.0230619207377411 0.0306492095104743
0.0646628991597388 0.00903818239628015 0.0977225557164482 0.0637995978048185
0.0439735664838398 -0.0301679792766677 0.162732949026052 -0.0393542663959152
0.0222464270685577 -0.0431668292550118 0.115589743736528 -0.149789049800141
0.00764842225033161 -0.0427092605572631 0.0614222451050622 -0.183504716112333
0.00877925767836747 -0.0307468451275888 0.0475255538024586 -0.168166407912773
0.0162451059092655 -0.0273775691829179 0.0717510483657281 -0.150649424210032
0.0230672306001029 -0.0270837716772092 0.114555072380064 -0.0894929507363008
0.0400586829413113 -0.0157439226969421 0.134415725192322 0.0108670642892636
0.0463955131262615 0.0223911527833329 0.0653967877716798 0.0853943853702319
-0.00225458452325183 0.0634181798698301 0.00767210991571792 0.0487660591328387
-0.0595423141761309 0.0305986990130443 0.0333151630662297 0.00742074994276567
-0.0561830247196668 -0.0327337196964601 0.14975226223825 -0.00982241767796806
0.00831051182059361 -0.0463626851516023 0.226560820024075 -0.0362403842966855
-0.0186549287163717 -0.00502787074941421 0.0486957908100307 -0.0477816904828898
-0.00152754945131645 0.0103862083177383 0.0251079627853895 0.0474991146488677
0.000497882493022805 -0.00312817087737924 0.111508023708214 0.0730182106954684
-0.0177276587762507 0.000434638271328239 0.172779555747949 -0.0327082780405669
-0.0140906685950606 0.013071251658724 0.128856907008107 -0.145599427270442
-0.00774279047556805 0.0205423417150668 0.0671624832300974 -0.183606194573138
-0.0114055673133372 0.0329736348382039 0.0462369227249356 -0.16762864346272
-0.0216411575698654 0.0279646586950795 0.0607988898401569 -0.150509695129218
-0.0422938275768878 0.00977619991750826 0.100109417342729 -0.100373700155953
-0.0322877075153422 -0.0280748001010567 0.129177135239559 -0.0155967051932989
0.0103618952542464 -0.041288782474145 0.0828946146885302 0.0726027296481314
0.0242901166482912 -0.0117874453176583 0.0276622868945556 0.0580920085514121
0.00874675563185774 -0.0140868994394426 0.0312519943411707 0.0190147285677375
0.0294839143935243 -0.0448938337233144 0.143940892133756 -0.000986580435939992
0.105143391950257 -0.0588123274937361 0.189739521595333 -0.0168503414407035
0.0386179743691574 -0.0743300297950013 0.0257096879446377 -0.0289378389452209
-0.017625301895755 -0.0692347168562087 0.00258004267256876 0.0705126187464619
-0.0678614186008198 -0.0300269059346459 0.104954624177261 0.0971779945314934
-0.0867094068349434 0.024682184048718 0.169046981267244 -0.00621886258035704
-0.05767002564905 0.0672919274773493 0.132632196187634 -0.114700448215234
-0.0272507486725935 0.0813348405382969 0.0678723766868016 -0.154902147050248
-0.029224019689334 0.0918496947205154 0.0372465848102064 -0.143254048455669
-0.0501316376548078 0.0819603169839748 0.0346675131088661 -0.130260155423526
-0.0950360526994515 0.0576890422254894 0.06160989929508 -0.101847261163173
-0.107204950199117 -0.0145541563029586 0.096506041043158 -0.0530494886744372
-0.0529314208117304 -0.0845319947099869 0.0942413955573297 0.0293217529277234
0.0179834297412243 -0.0965131315101559 0.063979328195827 0.0452498687788224
0.0648278560310135 -0.0760425856442806 0.0470673132098366 0.0312099093725863
0.11197376961752 -0.0623950458450174 0.120113011321049 0.0104718100547335
0.183875299463999 -0.0537403534974242 0.123856105202523 6.96809612180488E-05
0.103519326464176 -0.123511467392046 -0.0113365568780743 -0.0158393487191146
-0.0116471047717629 -0.145750873480813 -0.0389566407192064 0.0792183621868228
-0.121925484536594 -0.0735089119256095 0.0662243441011515 0.116425536257786
-0.151238510529681 0.0304298863497741 0.13414650759951 0.0309240345810953
-0.103756928303675 0.105692304392073 0.11605967392567 -0.0610921039278093
-0.0505958729786267 0.128310357682371 0.05995473847343 -0.100914202919271
-0.0415196545887326 0.136733695072019 0.0228545597446427 -0.0956325510471565
-0.0642529824845393 0.127946296157248 0.00453085650401296 -0.0886746349083837
-0.125970577431766 0.110281960693089 0.0118375532880828 -0.0817590648189865
-0.168444129561673 0.022879038207249 0.0382491356855571 -0.0769238468658639
-0.12769476061471 -0.0951738484707792 0.0769548391444154 -0.0254559663289293
-0.0185881759317714 -0.168160951940362 0.086656358354387 0.0103027916225558
0.0996747713311383 -0.142361037085729 0.0657040578561943 0.0351212121293954
0.179713442356919 -0.0807920473375578 0.0800234265988964 0.0247817032392694
0.226503684113963 -0.0345143581341689 0.0400061297868162 0.0102895267561507
0.155731320186817 -0.135950654714948 -0.0466124806120508 -0.00752696654214566
0.015819286861548 -0.190446651446633 -0.0752767770400788 0.0632866339209792
-0.13914902958756 -0.117114706060187 0.00759081343879747 0.10248030512561
-0.189012259750281 0.0158727652217129 0.0655781451082433 0.0564337620224898
-0.139474803840877 0.117755229518428 0.0723292517394907 -0.000778212689117905
-0.0705215569722747 0.152622945773317 0.0389199815324442 -0.0317179371794536
-0.047449140494538 0.161950419840374 0.00530423132958128 -0.0323789828323839
-0.0632233376954666 0.156226828800319 -0.0219345719960204 -0.0296268173188688
-0.131174466948125 0.149897963013908 -0.0355931563145692 -0.0382091723010028
-0.198577046170371 0.0647727382218034 -0.0302832783030561 -0.0695837309823525
-0.185594499210821 -0.0785928502287226 0.0302923317349875 -0.065140974406581
-0.0623628767718023 -0.209384442490096 0.0798595333138189 -0.0288805850613129
0.116054649485765 -0.191363345489315 0.0700967819112042 0.0317005826798377
0.224415578801003 -0.092554467802847 0.0232900653693703 0.0416085628430972
0.22784537880131 -0.00947472333136121 -0.0410159345333435 0.0136398886809871
0.174830339722943 -0.114952803214397 -0.0684373125892048 6.8708125878814E-06
0.0448442043918601 -0.187471959056497 -0.0830563955992279 0.0320387462993584
-0.118641221367434 -0.136776947619416 -0.0378417273298687 0.0525782789830545
-0.18499832761212 -0.00779760264699468 -0.0160090798523632 0.0502133773676153
-0.148149059348988 0.104545417737462 0.00900619074355945 0.0473397285109712
-0.0797518505503918 0.150562166880546 0.00713060615728604 0.0384939728915534
-0.04658236943188 0.161518197711759 -0.0133556941269814 0.035585889010552
-0.0532070845170326 0.160191681864055 -0.0395307128321573 0.0383222075657221
-0.115364686439894 0.163522394882067 -0.0690968045926806 0.0201239107542504
-0.193025733713247 0.0903536645227106 -0.087887378909987 -0.0363081158576373
-0.203339697046452 -0.0545773938542444 -0.0244386336337231 -0.0760144386265292
-0.0877317224426468 -0.21424678837593 0.0486969839570978 -0.0498260174817184
0.118926446817404 -0.207572628855457 0.0518727124754122 0.0285044533925861
0.239316806648776 -0.0886217187463125 -0.0446385891652054 0.056802552468934
0.192845521801425 0.0114867623362501 -0.106370150799747 0.0127585926782218
0.159696290243733 -0.0834596924691866 -0.0734617960886249 0.0102970666732288
0.0533299433409239 -0.15311362173775 -0.0582195255480103 0.00454031921668877
-0.0855361523564797 -0.12106072215818 -0.0494390630525605 -0.0119029908765781
-0.147284728036546 -0.0171782798548033 -0.0808218169559031 0.0183090453499937
-0.125689120298975 0.0791448205707797 -0.0559001537330257 0.0742493391628564
-0.0705364193619443 0.125250903389897 -0.0287064169356348 0.0968787704959854
-0.0395829278742993 0.135967730804107 -0.0308129521847869 0.096443542452952
-0.0399309477648642 0.139243982237866 -0.0502375360438349 0.101088969010707
-0.0898863233306521 0.144759082882958 -0.0887987475329244 0.0766142925383059
-0.160847092745009 0.087945688095706 -0.124245343577822 0.00324982824641514
-0.181334919863657 -0.0366006638018938 -0.0658337930602146 -0.066697232190136
-0.0833301772655854 -0.190270595782318 0.0115689089565052 -0.0497600446878503
0.113091735519119 -0.187199046698334 0.0175755194798516 0.0293460410480387
0.220223246781555 -0.064750395239281 -0.115796357146222 0.063858756178434
0.134002405306336 0.0220492876059508 -0.148399107017695 0.0147790747932282
0.117587246612457 -0.0576934045602474 -0.0643101637898865 0.0239817496722273
0.0341729887143782 -0.109835986029677 -0.0211695103210489 -0.0139308354804509
-0.0620546642699288 -0.076660824555001 -0.042946390841958 -0.0647358497425957
-0.094280542202769 -0.00521611213812353 -0.119237036409333 -0.0148556775051015
-0.0791277200150291 0.0536842337295539 -0.102808548564448 0.0859396379457723
-0.0448544445800277 0.0840752086848917 -0.0572553508405508 0.135959098720872
-0.025779241485683 0.090106153064747 -0.0439581299141105 0.141894804695867
-0.0265540005861659 0.0958060135287629 -0.0566828642912961 0.148649577825719
-0.0590461146946239 0.102974933755948 -0.0995928298847655 0.117659558116432
-0.112430941746782 0.066515155403451 -0.143869941858644 0.0352907847886461
-0.13498341787527 -0.024383155100853 -0.0918912274807103 -0.0526777080276494
-0.0596930270975782 -0.145250687073662 -0.0198983937136796 -0.0412384800444708
0.097407330928588 -0.138330141196063 -0.0198873112660147 0.0275986877670763
0.168133314031005 -0.0282471114150205 -0.175838674620105 0.0603072793852954
-0.086332649292732 -0.0184869078264844 0.222014959003843 -0.0545705031666948
-0.0589530787975303 0.065459979611549 0.0462510359975021 -0.0633470219610432
0.0252715791920361 0.0751946305437351 0.0220506142192907 0.0302023249807215
0.0638983100535488 0.00809129430602836 0.0964337347750202 0.0620539497066095
0.0431747113366306 -0.0301945456200539 0.159644352320212 -0.0396157683174089
0.021345687267701 -0.0426774261749484 0.111848010833219 -0.148363897691104
0.00727342358691138 -0.0420663181399872 0.0574341744629745 -0.180689141765723
0.00819493836688081 -0.0293534828137579 0.044587606270434 -0.165638621492496
0.0157191681526047 -0.0270203460094943 0.0686490121761635 -0.148672595009214
0.0227690160325506 -0.026675930260334 0.111520789084809 -0.0890825939968128
0.0390043273952856 -0.015927510251897 0.132560073129376 0.00938837486083502
0.045944975123334 0.0213603471625618 0.0654017858771413 0.0833160803112508
-0.00174248175787234 0.0621498449306253 0.00755372360177691 0.0478602487644456
-0.058011380068975 0.0307799288331084 0.0325406036206493 0.00743098195915053
-0.0553882056445991 -0.0319096415609442 0.146622079860126 -0.0108826022168673
0.00705876003888303 -0.0457340856971111 0.221681636512429 -0.0385072138179793
-0.0185063687116074 -0.00471178569159414 0.0469918574029705 -0.047160593932237
-0.00164855330135213 0.0100295159982788 0.0248529662845738 0.046267917475588
0.000726096691987907 -0.00323420446629958 0.109972252803778 0.0709839186177994
-0.0168924279046155 0.000633367958560904 0.169609898123981 -0.0337857484536901
-0.0132564161363104 0.0134892196885265 0.124166045101692 -0.143936414184353
-0.00733917340035723 0.0200367269884056 0.0634899185900628 -0.180201787197879
-0.0108914409380493 0.0323084518611611 0.0434073311931477 -0.165065726898108
-0.0207172893837326 0.0278919337001931 0.0576442651956011 -0.148506553815619
-0.041075398333573 0.00990352412731144 0.0973164898477357 -0.0993705412854004
-0.0319452767130004 -0.0268215782521689 0.126073403770053 -0.016561001713022
0.0100474955612397 -0.0406570787330391 0.0825447980540291 0.0709380785002473
0.023725031934997 -0.0117170225290584 0.0275947719637792 0.0568356598588162
0.00848565350752321 -0.0138659633695446 0.030749680927036 0.0192364092575129
0.028446092234373 -0.0441949122151089 0.141177488382704 -0.00259411755708009
0.102253678593116 -0.0591064594629992 0.186390011948432 -0.0182044019298504
0.0372354977698087 -0.073769772393056 0.0248158994187197 -0.0291052347289562
-0.0181680493954576 -0.0677346364393647 0.00242938105895406 0.0690867240155026
-0.0669826790931521 -0.0283770057618917 0.103600700836743 0.094656241912229
-0.0842856866691122 0.0254785700325151 0.166334376512572 -0.00753246768187966
-0.0558758600165685 0.0670226847920732 0.12916407100212 -0.113456177606043
-0.0261671264867515 0.0801007798147003 0.0647124808373194 -0.152183266048693
-0.0277833854909616 0.0903075933363855 0.0349059242308837 -0.140025628526878
-0.0482163433975528 0.0811630226600684 0.0324806171153092 -0.128057018350381
-0.0928061406058825 0.057974901382578 0.0592153469391036 -0.100229079706964
-0.105346182443097 -0.0134092379992142 0.0939360451602872 -0.0528156111944373
-0.0525164866727411 -0.0822924685464665 0.0929283568075435 0.0274170638993308
0.0172007328499869 -0.0948308650552348 0.0636084106658215 0.0440007927928092
0.0625250954729078 -0.0752054189519828 0.046307151908068 0.0303484353014728
0.108740515975565 -0.0622253883505454 0.117943191764147 0.0080789146181894
0.179542839101387 -0.0547377195341745 0.121483807438257 -0.00142842112932854
0.0998805733693561 -0.122583815359603 -0.0108905461693408 -0.0157255301191762
-0.0127521026153932 -0.142627377736892 -0.0382109297074991 0.0781456075401429
-0.120402375273329 -0.0708065759499233 0.0658130796794474 0.113054593577437
-0.147741068532397 0.0316784210908575 0.131714883284965 0.0293244609499055
-0.1004276201229 0.104819832273934 0.113556797976031 -0.061149949299485
-0.0477507718555519 0.126638518982074 0.0576394149266198 -0.0991166799360596
-0.0390413779679393 0.134869993740454 0.0214604198322165 -0.0930022042572593
-0.0616183042308942 0.126266488007065 0.00345498734646118 -0.0871622811922234
-0.122127292128292 0.109154925356064 0.0108018813056097 -0.0800996226033868
-0.164405304357974 0.0241750861265803 0.0367645682581521 -0.0755140855653918
-0.125634642116312 -0.091822114097255 0.0750983297145586 -0.02623233377477
-0.0199916360235709 -0.164451730062524 0.0854930699367066 0.0092386468362439
0.0965240329527875 -0.140666601449457 0.0650101721320374 0.03424555410186
0.17547285853147 -0.0816808423372369 0.078624204115191 0.023318470412497
0.221959066465656 -0.0361118293944468 0.0395773920009833 0.0102097260052349
0.150477619984453 -0.135215750571612 -0.0458467720299459 -0.00774372813645939
0.0135941914554832 -0.187105299200692 -0.0743210093328556 0.0631754206441668
-0.137213562123911 -0.113568177956539 0.0081598351543349 0.100479056674957
-0.185081224088 0.0172901426325217 0.0646023212259395 0.0552149534078009
-0.135544289185694 0.116805619712037 0.0712362767427962 -0.0016327562219089
-0.0679032825213621 0.150537136872434 0.0378662500573481 -0.0313599282023514
-0.0444602023843096 0.15953135185055 0.00525903235098628 -0.0315090286703319
-0.060289857268218 0.154024324244277 -0.0212498316331558 -0.0284690506790737
-0.126517323856017 0.148460557648382 -0.0355249123137475 -0.0375022725026766
-0.193808099858848 0.0661954657712345 -0.0303761476020041 -0.0674099899186291
-0.182288597521091 -0.0753145485026495 0.0295966644003254 -0.0645641497038621
-0.0631946133660171 -0.205000882822064 0.0787678754904469 -0.0288258905441593
0.111782494840708 -0.188883548512857 0.0691223840678462 0.0307727997092278
0.219573999348136 -0.0934114663069994 0.0237146313427363 0.0406508323453272
0.222703915531042 -0.0113737043198021 -0.0399400019568926 0.0139438898416775
0.170681963653316 -0.114831633375676 -0.0672018007688519 0.000165931059293503
0.0418619480991476 -0.184497073906059 -0.081263417737011 0.0322828461417874
-0.118093987405155 -0.133249065201952 -0.036385917739455 0.0515589141427985
-0.18124110692263 -0.00531681781236145 -0.0148167284891567 0.0498000150726695
-0.143837656154469 0.104166290073974 0.00934616778747049 0.0463971180854567
-0.076054944406072 0.148324645129415 0.00752114033326774 0.0378702511689806
-0.0444289929168278 0.158331842394826 -0.0123740744158261 0.035143213801762
-0.0507005474285 0.157875823148924 -0.0377105002096315 0.0382780365156227
-0.111232490892054 0.161013117960149 -0.0682373262949127 0.020825196131117
-0.18827890298368 0.0907063425670671 -0.0869534216254415 -0.0350512917325169
-0.199547255219262 -0.0516099567491476 -0.024594257918369 -0.0742808198422108
-0.0878082770730495 -0.208624933342672 0.0477924984175966 -0.0495184995399202
0.114255894275755 -0.204706965797832 0.0519759986174109 0.0278291712568216
0.234049631919666 -0.0892663714270219 -0.0434366884927223 0.0561753278554425
0.188897276710631 0.00920477392306536 -0.104286224583772 0.0134914929812741
0.15609200478147 -0.0836872584391798 -0.0713454892644837 0.0103726749289965
0.0508326546063504 -0.15086237898206 -0.057103389679236 0.00540970121849106
-0.0851921498955003 -0.117825527940269 -0.0485071820612032 -0.0112308229656149
-0.144552516472704 -0.0148776468619972 -0.0788226141886212 0.0193139840326005
-0.122478836928662 0.0785340754413143 -0.0539131558034343 0.0734469284776385
-0.0678009635859016 0.123348187853526 -0.0265373388187713 0.0948237434118046
-0.036990972074451 0.133646374181447 -0.0287315758141932 0.0952272904888793
-0.0375696628807058 0.137311793123292 -0.0475992521503805 0.0997764621621623
-0.0866882231229039 0.142843714221873 -0.0859758483330812 0.0756693739921897
-0.156830379748242 0.088204255182864 -0.122306549710605 0.00436681289259275
-0.178047931853203 -0.0333815590587055 -0.0650005252885148 -0.0650378070482409
-0.0838265088788663 -0.184975886588472 0.0114699517289418 -0.0494243590111929
0.109028604711929 -0.18420249107 0.0179847259709558 0.0282359021414964
0.215725340319195 -0.0662238095244788 -0.112712086827683 0.0643666465924305
0.131225015285858 0.0197647521222153 -0.145465907003136 0.0162786646791482
0.114583840365408 -0.0583765746910411 -0.0627034539924092 0.0233743141881694
0.032235324181506 -0.108111012922363 -0.02068773197719 -0.013279521499585
-0.0615795264354507 -0.0742701715394357 -0.043364443286364 -0.0631968662574958
-0.0925364263531825 -0.00424118256117465 -0.117067011029213 -0.0131689838268971
-0.0767457622057353 0.0536599994075179 -0.0995689462013346 0.085504703050103
-0.0428469798908213 0.0830680757032597 -0.0542960080074073 0.13390532769227
-0.0245375786458148 0.0886730045389316 -0.0412069518133679 0.139553031645835
-0.0250592654596827 0.0938984819190093 -0.0542056765499313 0.146023703136094
-0.0568783867091428 0.102117040048342 -0.0965080604395753 0.116992596071468
-0.109460138593681 0.0663823932931869 -0.140875156742846 0.0357799143070432
-0.132557641007772 -0.0223719724729947 -0.0901238491403312 -0.0506571870818347
-0.0597629224218062 -0.142151123645982 -0.0195985162235197 -0.0406135309023615
0.0942033033992122 -0.13629190050276 -0.0186862064692125 0.0272933351515408
0.164968192808326 -0.0295558637994524 -0.171855563026792 0.0614718417293314
-0.0852671821528058 -0.0176848372278967 0.217498217899116 -0.0554988015217067
-0.0576770412194493 0.0648488068885701 0.0447698016933044 -0.0632381303740128
0.0250562088178611 0.0735515349792581 0.0215891528086732 0.0298374578571324
0.0626667592986661 0.00742640342846918 0.095382006546981 0.0604120328670821
0.042063895302245 -0.0296806857686265 0.156512470110516 -0.0403218302785766
0.0208305949343543 -0.0420039804450735 0.108310099076205 -0.146445239138854
0.0065318342286698 -0.0415634456227055 0.0547241096095929 -0.177776811861071
0.00793947941241752 -0.0295074694961149 0.0424916247754925 -0.162926407498066
0.0155420696016513 -0.0265455653487974 0.0663452869582608 -0.146089460350048
0.0223424791637298 -0.0263237751836903 0.108576723426469 -0.0881909400742703
0.0382938070596152 -0.0160009785762617 0.130006231205714 0.00765553337758932
0.0454994417040726 0.0207085284088328 0.0647632127931658 0.0811144765479428
-0.000750413336290684 0.0610138804948804 0.00762722135971533 0.0470401183608178
-0.0561961468860239 0.0304899906395366 0.0320608355114169 0.00727932741772122
-0.0545207994074855 -0.030862258757008 0.143485861469859 -0.0125771841572414
0.0066869535407855 -0.0455075052247691 0.217838679519267 -0.0392520912464616
-0.0184715599385437 -0.00449374049359656 0.0459923905714812 -0.0471511297173763
-0.00158961381212324 0.0103683376508559 0.0241132286161324 0.0452146171459759
0.000671552168410257 -0.00319230754284728 0.108162948759408 0.0691577682766464
-0.0167194117600319 0.000779999178794026 0.166572562174337 -0.0339971979334113
-0.013211394133791 0.0128582674854306 0.121476821613187 -0.142413114796137
-0.00751630399720173 0.0201065242971606 0.0611842577010319 -0.177085654088797
-0.0105144431828211 0.0319281345332421 0.0416847552987892 -0.162076720346284
-0.0206701358031194 0.0275512326416502 0.0555277701436233 -0.145442731045783
-0.0403740121658376 0.0103429748399661 0.0946169049618757 -0.0980751122510844
-0.0318027753405233 -0.0261093442917852 0.123606578016642 -0.0174754300847406
0.0095435359855934 -0.0397658789730197 0.0816387415036764 0.0684131020322956
0.0229799114986806 -0.0116717629888258 0.0276710300832303 0.0557644263672578
0.00803870760449156 -0.0137799311400573 0.0299965643465892 0.0185176119718106
0.0276753525004592 -0.0438360404553878 0.137900580683326 -0.00415287207975605
0.0998266498612385 -0.0588895955431441 0.183418876596252 -0.020168676410458
0.0355723770098648 -0.072568801287038 0.0244588489136188 -0.0291330372706315
-0.0185635206540924 -0.0661908217856862 0.00297971964580646 0.0679788964600166
-0.065350414869218 -0.0273536167513154 0.102337001040355 0.0924894752676678
-0.0824951120409077 0.0255111363704982 0.163163720610474 -0.00877231782624354
-0.0544091968755043 0.0658433800567935 0.125715424880607 -0.11199931100773
-0.0251238557609161 0.0785254233405238 0.0619276793080666 -0.149221979837266
-0.0264322947210435 0.0883597255341716 0.0330985095169852 -0.137736416861275
-0.0472965512309504 0.0800917936023942 0.0309360150607657 -0.125391590091095
-0.0903029290030142 0.0576222543961696 0.0574840258643436 -0.0987807307731495
-0.103185107689912 -0.0122865239276882 0.0919295578927663 -0.0525037442480306
-0.0521772448065781 -0.080544548611082 0.0919323970187986 0.0262478677155201
0.0157792551535811 -0.0928509486582937 0.0625457147137046 0.0426702620107814
0.0609048766549045 -0.0743669925282144 0.0456939046110657 0.0298272552693714
0.10634709274788 -0.0620672942701794 0.115925919759372 0.00706231343091294
0.175445245221458 -0.0548927440667437 0.11917997826624 -0.0025843636171881
0.0970140276771123 -0.120733763307153 -0.0106760236725691 -0.0161778239931278
-0.0134478458669864 -0.140051741865199 -0.037435328494778 0.0773497221498139
-0.118542259695114 -0.0688066274422918 0.0650089570002867 0.110486504412819
-0.144894106481443 0.0326082531962179 0.130136344130977 0.0281073903963534
-0.0980813080874393 0.103809789249189 0.110905194386744 -0.0608282320871889
-0.0460600392095595 0.124338485414472 0.0549803215458448 -0.0974434081856687
-0.0376138147610382 0.13222532246339 0.0203554665362444 -0.0916199927647671
-0.0589024042618994 0.124093697540089 0.00238044848062552 -0.0849856394818757
-0.119147852953536 0.108428550903413 0.00990203833607143 -0.078398296264812
-0.160610243035596 0.0250946627288238 0.0352402364073292 -0.0739091332672204
-0.124635585337471 -0.0892040892977303 0.0740258236778787 -0.0264107602130745
-0.0208488957434648 -0.161278148106427 0.0847696309706547 0.00852598923321057
0.0937210168754439 -0.138805918080364 0.0642048099819511 0.0330309903483329
0.171902264434889 -0.0819679181837 0.0771177027441076 0.0223842296879741
0.21734309285937 -0.0371268398560765 0.0391620238078509 0.0088761605612936
0.146955516835858 -0.132673123677928 -0.0444303556154169 -0.00733241821886704
0.0117976331055429 -0.182968284189475 -0.0720668988620931 0.0622389241201797
-0.135542292092699 -0.110360727001966 0.00837973642402527 0.0983776847173877
-0.181504554715168 0.0183832492681279 0.0635576333114228 0.0534333133606222
-0.131361333774818 0.11580828172957 0.0699399552714618 -0.002431566883544
-0.0647358217922736 0.14816288833512 0.037048915952001 -0.0309473120109833
-0.0430676676046483 0.1559850869224 0.00525091976555116 -0.031154091339781
-0.0582357643315726 0.151482211387516 -0.0212890975966923 -0.0276136146996159
-0.123104561947194 0.147310235615221 -0.0346294737180315 -0.035768237873048
-0.189380841022526 0.0662218724511613 -0.0306609047907756 -0.0658789186105943
-0.179436760481206 -0.0722883466413428 0.028433446606012 -0.0639904110154439
-0.063647509331124 -0.19950421664564 0.0774363541475462 -0.0291630917805644
0.10819628626113 -0.186227682977308 0.0685642550346313 0.03017955304276
0.214652067091275 -0.0933092911257428 0.0235664188214364 0.0392349821461562
0.217958510404434 -0.0129003939057122 -0.038645130837159 0.014008546137723
0.166534353452645 -0.114548614210518 -0.0659566562000299 4.37209460612569E-06
0.0397599839478484 -0.18093526717183 -0.0797345683191759 0.0322903401543965
-0.116356064892623 -0.130416873865314 -0.0358186707541627 0.0508870792006811
-0.177593657953108 -0.00390276850051539 -0.0146445205128624 0.0495625296672521
-0.140485534068967 0.103327812014476 0.00993447148554739 0.0453363348793868
-0.0736169147841741 0.146228627358325 0.00757907480263237 0.0370341783650581
-0.0421161859664007 0.15577687937833 -0.0115269875524007 0.0342511511243011
-0.0484227975554695 0.155449669309033 -0.03678905725088 0.0378175181427284
-0.108229073338194 0.159314056740006 -0.0664376797533485 0.0208739458946847
-0.184008128317048 0.0905243696055622 -0.085458217509905 -0.032950173273482
-0.196106034204279 -0.0487435383916176 -0.0239662926827455 -0.0732201090505433
-0.0881954436280585 -0.204297498261457 0.047397308811228 -0.0490503425191514
0.110606083337142 -0.201517229224025 0.0513530503839587 0.026701327587311
0.228689818200671 -0.0891589813393537 -0.042101443258061 0.0554025775001923
0.184927018617667 0.0072188698487365 -0.101849203236295 0.0145242925582569
0.151882925528126 -0.0835602023298563 -0.0701653249447762 0.010673789405225
0.0488553351267353 -0.148522289101184 -0.0561564525872146 0.0049980006592289
-0.0845900038401083 -0.11489760276648 -0.0481641443631579 -0.0106420822458381
-0.141536643833826 -0.0132820326636444 -0.0774896082683736 0.0194299104418455
-0.118949013572218 0.0784542752657681 -0.0520202748870457 0.0724850944358139
-0.0652115923437246 0.121905798282909 -0.0254478051321215 0.0933575010764019
-0.0355231586120657 0.13124387583763 -0.0269347737129835 0.0932728169294322
-0.035715101803841 0.134129583652232 -0.0460500687740713 0.0984139490129672
-0.0837205150709831 0.141153062888358 -0.0842379639655189 0.075037676340609
-0.153312292053224 0.0874306244329926 -0.120020835982975 0.00584456565297272
-0.175291893174841 -0.0317313570732915 -0.0640215695309021 -0.0633103587412252
-0.0831159169979816 -0.18123713021704 0.0117685517299479 -0.048483929840025
0.105947294822562 -0.181693848485571 0.0182823925986661 0.0271821110911773
0.210789613764066 -0.0660023060906411 -0.109420087760811 0.0641197482293195
0.128554570491383 0.0185985209403574 -0.142289909398359 0.0169986798501647
0.111848262667359 -0.0577662963872876 -0.061175378602677 0.0231878262857063
0.0310128410746205 -0.106651349944397 -0.0205758597897966 -0.0130847109069082
-0.0614414258115559 -0.0730284490937622 -0.042723593275165 -0.0620509744921237
-0.090865946374956 -0.00332459284510197 -0.114929696625455 -0.0112679458042477
-0.0743127575892252 0.0529675543910131 -0.0965388816844402 0.0844718088460106
-0.0410062913899318 0.0813059382622413 -0.0518763557320608 0.131819386148506
-0.0231755585007022 0.0868826029294185 -0.0390451223950316 0.137330054497022
-0.0237450838823314 0.0921542366817404 -0.0517015540106218 0.143438428472248
-0.0554836123885958 0.100286199820681 -0.0935535935305129 0.11567642985248
-0.106232029988149 0.0661463083353476 -0.138317293014698 0.0365778268094157
-0.129862480870947 -0.0213358920310783 -0.0885918091999251 -0.0496530163577889
-0.0593459283162374 -0.13886513808048 -0.0186687364094241 -0.0397184794794158
0.0914730681999408 -0.134402327294026 -0.0181984905150696 0.0268991130550702
0.161711778381646 -0.0293642941986668 -0.16815687545858 0.0618679074265613
-0.084060118833935 -0.0167781644514592 0.2135291132018 -0.0558144231876746
-0.0565107688392249 0.0637231127957279 0.0437044908621677 -0.0622775584034294
0.0248227520106663 0.0726866018020532 0.0209253352440567 0.0293934699564956
0.061952912825578 0.00726805264234062 0.0941038222161482 0.0592788510944218
0.0410033141570584 -0.029889244011131 0.154093437714908 -0.0402963843051823
0.020120993747709 -0.0415674684852533 0.105444359197968 -0.144416225126194
0.00638872785975168 -0.0401731461089169 0.0530084703417876 -0.174501871806585
0.0076755436695539 -0.0288756495963791 0.0410485608565986 -0.160358602426176
0.014764468983586 -0.0260287887704472 0.0640390872837162 -0.14436482404126
0.0211804515682762 -0.0259980078845195 0.106057869501605 -0.0873096808581365
0.0370821798976582 -0.0159552064346692 0.127930601424257 0.00689466880015712
0.0448124671169723 0.0202773473954648 0.0640090728826552 0.0789384115797272
-0.000573365667642096 0.0602930332415502 0.00719054440757349 0.0465152463429007
-0.0553046248785342 0.0303845291340989 0.0315694001053717 0.00753742664893104
-0.0538398779885504 -0.0302108310242358 0.141102902780705 -0.0123145874117322
0.00598661499784998 -0.0445845930934349 0.213785335154239 -0.0406868777439994
-0.0185957891872184 -0.00444218677272972 0.0448667485412956 -0.0463248605606077
-0.00198735126137921 0.0101463540169855 0.0235304121772658 0.0447201384121047
0.000853525623039766 -0.00329290791399219 0.106450481578116 0.0682351494406562
-0.016328466225365 0.00124405728326707 0.163849172212873 -0.0345460109123933
-0.0128898867944505 0.0125402171149368 0.118454158957364 -0.140336791738925
-0.00674786592555734 0.0195941097028791 0.0587111091246972 -0.174266185682548
-0.0101971302958736 0.0314764099285658 0.0392868350721654 -0.159564648376281
-0.0198873029347089 0.0273085086335495 0.053572346499787 -0.142977352484003
-0.0393799102369922 0.0100982334352542 0.0922752333078108 -0.09708878560959
-0.0312985476179935 -0.02568015647477 0.121595399261083 -0.0177783176156138
0.00897147861587954 -0.0395493562681001 0.0808156986193113 0.0669002497220076
0.022993272769141 -0.0115671005834423 0.0270648839921864 0.05531002797808
0.00825905087488351 -0.0133534830850612 0.0296299690638258 0.0184753768814862
0.027316907380126 -0.0438850366454952 0.13528821890221 -0.00464955423760154
0.0976429154011235 -0.058530945719865 0.179684222184042 -0.0210845789350732
0.0348587595077005 -0.0714168838523412 0.0236644386413212 -0.0290698227953979
-0.0186245836284981 -0.0650000295839259 0.00256355390846913 0.0667792718692416
-0.0647678202075525 -0.0270447479534624 0.100618562643855 0.0905486978654819
-0.0813829164549185 0.025734300746364 0.160442487175665 -0.00877148101601151
-0.0530390815069175 0.065145444990656 0.123175894179499 -0.110837357898913
-0.02372216186701 0.0773454061048781 0.0602900127478857 -0.14690269741134
-0.0251719259568581 0.0874618548336528 0.0315232553479721 -0.135460505239493
-0.0459568860921425 0.0787452443124061 0.0294071047971867 -0.123024641163846
-0.0883258479540935 0.05721525371735 0.0562237622947292 -0.0974412340626212
-0.101107395941744 -0.0113264040420752 0.0898673112577299 -0.0521340808274455
-0.0514799986016826 -0.0790227312154704 0.0906748590902896 0.0256215152902634
0.0154476437954926 -0.0909009946875051 0.0616430943357181 0.0422053105668777
0.0594129931503241 -0.0735026556558751 0.0447596325746296 0.0296950617665832
0.10454472098059 -0.0620088182669682 0.113720168480244 0.00664861293258106
0.171646012697568 -0.0558527204094475 0.117493357595943 -0.00315524644819831
0.0949800950179796 -0.119022859408608 -0.0108411878825496 -0.0157503089445003
-0.0138769983062733 -0.137442992965059 -0.0365727655322597 0.0760093573472968
-0.11656587206167 -0.0672673721107155 0.0639487425391161 0.108818240454082
-0.141738499114516 0.0331226144581763 0.128253924641594 0.0274176424531132
-0.0955218910265399 0.102626354923304 0.108810393287704 -0.0602790143743663
-0.045172061643114 0.122525469593693 0.0534963719864455 -0.0959794333984656
-0.03661149131818 0.130098128763937 0.0198151028565277 -0.0902602490908029
-0.0578924839174198 0.122468441028294 0.00215415732381178 -0.0831647461419826
-0.115945197715051 0.107372423024501 0.00957457792402844 -0.0774214613236066
-0.157811175687672 0.0255460076888496 0.0338535341060743 -0.0729066868393767
-0.122556500092837 -0.0868007428158755 0.0733129337795839 -0.026237990423018
-0.0211234505490838 -0.158045204246658 0.08383739005529 0.00780730181742558
0.0911463456178754 -0.136818323670628 0.0634269256895118 0.0327463207065536
0.168321901704699 -0.0813946551317842 0.0759092226729167 0.0208944393004477
0.212619779342455 -0.0375372493710785 0.0386927418258475 0.00885311122952395
0.143662284776965 -0.131734077619709 -0.0439204052375631 -0.00747680537615253
0.010294701713395 -0.18018677123247 -0.0713150899450822 0.0614268967634182
-0.133888411338962 -0.107723690436491 0.00848204842069594 0.0966589425440414
-0.178227091541068 0.0195681915149054 0.0628025747965745 0.0528364041565991
-0.128885393362494 0.114759112614912 0.0689696409651043 -0.00243502000430582
-0.063083040590552 0.14589179159664 0.0358622517294203 -0.0303244508846758
-0.0411184261099864 0.153597824024152 0.00473758441549513 -0.0301938545060472
-0.0560285145838061 0.149366612107577 -0.0210516048629163 -0.0263379148126114
-0.119431745273576 0.145428485681 -0.0343943125574115 -0.0351059189325967
-0.185358692028915 0.0669658888611586 -0.0308933595273232 -0.064693454796391
-0.176693101079026 -0.0703369099787032 0.0279586468040927 -0.0630955949119533
-0.063634328938377 -0.196159719789487 0.0765113339509837 -0.0290564355555056
0.105913206869799 -0.183625586790536 0.0679930826831081 0.0292341642174805
0.210595113869075 -0.0932321109052798 0.0229275476708894 0.0387778396117803
0.214222418439994 -0.0144248143750229 -0.0376901115388521 0.0138688156759942
0.163273872008326 -0.112795941124325 -0.0647271389935931 6.43137904010171E-05
0.0378326674204024 -0.177999302093099 -0.0784976577671288 0.0318305058871712
-0.115142260205569 -0.127110234333036 -0.0354248401229158 0.0506534513463075
-0.174792436542447 -0.00255163017869021 -0.014014981034731 0.0488146953145278
-0.137072809306053 0.102142491859304 0.0104471022110421 0.0447901720871992
-0.0713251319068635 0.143810117653163 0.00786418991632608 0.035941273380984
-0.0409162217970442 0.153043766319668 -0.0107676183031451 0.0341105166518143
-0.046719565305207 0.152499309491424 -0.0361381500835025 0.037483538831155
-0.105352364371283 0.157092355876381 -0.0647682677009284 0.0209043949069238
-0.179617133338447 0.0899186975687478 -0.0849457167430636 -0.0321056951077475
-0.19281229352505 -0.0470963406668269 -0.0235337080483555 -0.0721304949903797
-0.0870957567969533 -0.200231555200161 0.0469259604233237 -0.0485983028704354
0.107648417608585 -0.198834004503136 0.051175185975021 0.0262511681371627
0.224058904286657 -0.0894628345974422 -0.0412470824169961 0.0544979915975423
0.182001751049826 0.006066671835635 -0.100030519323048 0.0141591289237535
0.148994456380318 -0.0829477866691429 -0.0687026271598766 0.0104726177252559
0.0471531860629977 -0.145935152226522 -0.0549266794539026 0.00536707206876295
-0.0836676274115915 -0.112744670196009 -0.0475212498971447 -0.0105367744034335
-0.139421409078613 -0.0123780943429099 -0.0760874133326582 0.0196374216514485
-0.116533449062611 0.0775567435202727 -0.0503129257156265 0.0716457895999345
-0.0635460433870446 0.120045143491204 -0.0242956492303769 0.0913349333887903
-0.0344464792177235 0.128911068329831 -0.0258236492960909 0.0917776713992882
-0.0347637969697031 0.132087780795812 -0.0443794647960292 0.0972588102041598
-0.0816627643367695 0.139294556018518 -0.0821440733004659 0.074465343097626
-0.149860044265626 0.0870472117092081 -0.118456319356701 0.00613852460871514
-0.17247742189319 -0.0305447482807758 -0.0631076784469216 -0.0623642064068961
-0.0825671749361706 -0.177300198847569 0.0120842427697941 -0.0481583289251223
0.103332475343542 -0.178585696324638 0.0188231314044644 0.0266599310538557
0.207350642456205 -0.0661062785592816 -0.107859911212452 0.0631013243276332
0.126410212744483 0.0174370656969895 -0.139855522450101 0.0175766392162254
0.109622093973586 -0.0575308906491176 -0.0599823854381946 0.0228926158779747
0.0293102245893377 -0.104792530015577 -0.0203459365418942 -0.012900232902479
-0.0608492204181778 -0.0713795442310542 -0.0428016067007154 -0.0606854828947832
-0.0892494674975749 -0.00259079365620085 -0.113075241289566 -0.0101964402873346
-0.072997336445365 0.0524355362055306 -0.0944172688481982 0.0834715627821596
-0.0400591523661764 0.0805634057195272 -0.0502220377770169 0.129189479880283
-0.02267893668699 0.0854701629487533 -0.0378337659720625 0.135305876888445
-0.0227661646936039 0.0907484028600311 -0.0496304773786551 0.141831741527572
-0.0535119266911843 0.0988631243197822 -0.0918292204175047 0.114267163828744
-0.104610173038587 0.065562853692457 -0.135923969821107 0.0375322235843826
-0.128060050543476 -0.0203628946842772 -0.0875680506069984 -0.0484251607023814
-0.0590807739436887 -0.136734678403478 -0.0182435429509703 -0.0394788569874356
0.0890104470181824 -0.132653556422835 -0.0173566139093845 0.0260626710687736
0.158840473998507 -0.0298812187233338 -0.164536430825863 0.0618185507230999
-0.0828565636982531 -0.0161698499425035 0.209970976176421 -0.0568237601403522
-0.0558308952494788 0.0631456526884948 0.0421803864166957 -0.0615949372936152
0.024924624591715 0.0710766847761888 0.0203289738135371 0.0285856042340086
0.0611288556223408 0.00705201540634118 0.0923934577027548 0.0585258263311466
0.0402608885712745 -0.029110575214788 0.15194325693937 -0.0405173632947726
0.0197975688260335 -0.0409209693436495 0.103151052778672 -0.1418990227412
0.00644508181833887 -0.0397289204819462 0.0513907871150747 -0.171305751680283
0.00761698600228077 -0.0279544363424301 0.0396993647363417 -0.157918698132262
0.0143275944177844 -0.0257688898103438 0.0623286040581106 -0.142259204042038
0.0210844198295456 -0.025625663543427 0.103956136691739 -0.0864396964195828
0.0366992735492104 -0.0159113095630522 0.125929119392267 0.00625877211145231
0.0441570497014912 0.0194979865278164 0.0631871903440396 0.0772559098402823
-0.000481664308233834 0.0596810742518844 0.00690825661936814 0.0459708993808771
-0.0539384500388208 0.0301582661914924 0.0306644413477827 0.00738458645215804
-0.0532170102626738 -0.0294198435864594 0.138909527936888 -0.0131609579007505
0.00588709084862094 -0.0442567730888701 0.210288335618454 -0.0407392603962592
-0.0181527577523277 -0.00417732711645914 0.0439888457605454 -0.0458130348268431
-0.00192445662514087 0.0100173054829948 0.0226050018101242 0.0444442131110417
0.000741939959369408 -0.0031845655914234 0.105268895784097 0.0665610177127741
-0.0162084654341032 0.0013445155903057 0.161440333531684 -0.0345055466936617
-0.0126904263113221 0.0127755967193133 0.115655188074402 -0.138404167679204
-0.00653605361707222 0.0193625248760273 0.0567702550468998 -0.171616194000062
-0.00960562641442317 0.0312330948976141 0.038553982094819 -0.157117082680707
-0.0192261422881219 0.0265056012506536 0.051552850901548 -0.140809806187107
-0.0384750636630739 0.0107052832948227 0.0903028910584395 -0.0956361558558923
-0.030708266540129 -0.0250856762089255 0.120013733025285 -0.0178627492703393
0.00875843291491338 -0.0390374993716163 0.0802713562406995 0.0656286277733414
0.0223957487974645 -0.0114689789942276 0.0265797920836188 0.0544209111683331
0.00802808095638742 -0.0127070249498521 0.0296279793045598 0.0184926553770253
0.0266626542348681 -0.0432100094642087 0.133748486629758 -0.00521535284423718
0.096055252137777 -0.0581741437992639 0.177580737645034 -0.0215094983407703
0.0339580233686496 -0.0701125407417252 0.0232007147612187 -0.0291858336586991
-0.0187771325699785 -0.0635671741008887 0.00224389084772233 0.0660861010618272
-0.0639200423268854 -0.0262778211212086 0.0993736312082926 0.0889344778485466
-0.0795911514447192 0.0256368254977599 0.158017721413076 -0.00866157168772937
-0.0520285900653809 0.064146587675117 0.12059381930823 -0.109289378989496
-0.0233258806387867 0.0762050341148239 0.0586336294091013 -0.145042462976929
-0.0249208132728893 0.0861106976742115 0.030411263478254 -0.133661496609981
-0.0448004425029985 0.0780260929715046 0.0286667214756436 -0.121395495222714
-0.0866561860377478 0.0571396133870367 0.0548818967627266 -0.0958284692033421
-0.0997491690333444 -0.0107851276485838 0.0877648492593574 -0.0516259417122721
-0.050739587593265 -0.0774523912946302 0.0895267879032738 0.0245136635204249
0.0149231200190978 -0.0895733367640728 0.0609688069105783 0.0408846185809564
0.0584797984530619 -0.072245191451983 0.0444068013247785 0.0292254523210776
0.103035920787815 -0.0615736764043393 0.112039889530547 0.00563302441808133
0.169116721333779 -0.0554458413237272 0.115509349224412 -0.00419439474592961
0.0931922128809724 -0.117621208427214 -0.0105217762287216 -0.0163178255875536
-0.0143968798444298 -0.135001095201325 -0.0360440299078174 0.0754727548638413
-0.115094619791939 -0.0655538764757984 0.0631594291951413 0.107248284936494
-0.139867049681933 0.0330369585742346 0.126411175076134 0.0271704909090926
-0.0935759391256613 0.101405643659846 0.107146250477782 -0.0596456905660861
-0.0434669520846853 0.120572308411011 0.0522324437036883 -0.0945145519575464
-0.0350931515546101 0.128010977217154 0.0188283017195194 -0.0881219399947369
-0.0565354552945713 0.12058504354794 0.00185681212553335 -0.081403011253572
-0.114140551508601 0.106335761931083 0.0088322054986781 -0.0759963191599233
-0.154403442516084 0.0261199890609557 0.0332918510121936 -0.0715091342045413
-0.120765040614731 -0.0854442526353735 0.0722519433759715 -0.0264274948258584
-0.0210914127067122 -0.155446907705051 0.0827849307599752 0.00754325640800903
0.0893344408689862 -0.134971845386231 0.0627483492073131 0.0324831701485354
0.165729026627588 -0.0806832859984247 0.074487310502309 0.0205133470052881
0.209216423570477 -0.0377743101775451 0.0385692319724447 0.00782528442623078
0.140347256982993 -0.130612982365131 -0.0433957944457424 -0.007818361907113
0.00976496505643908 -0.176568370825748 -0.0704932290915032 0.0602127863883291
-0.132667553788898 -0.10575971973259 0.00803035938864868 0.0959025031642417
-0.175645326303897 0.019815420422597 0.0620854030146588 0.0525154533956869
-0.126111108112604 0.113462368634952 0.0679085954900729 -0.00221364332481621
-0.0616297289526424 0.143737791694432 0.0355044848851436 -0.0299695480528041
-0.0401577599991949 0.1509341715124 0.00466315691782524 -0.030177490627628
-0.0547403836634271 0.146595500685477 -0.0207457948953128 -0.0259922581147233
-0.117286080247904 0.143718272977947 -0.0336058512011911 -0.0340720068071428
-0.182131059368812 0.0665440287100918 -0.0306627374316682 -0.0626645084176179
-0.173732704896477 -0.0683249918310836 0.0278251247193121 -0.0621051937849305
-0.0625364566406 -0.192658443951145 0.0763321536840585 -0.0288135789776022
0.103407756660175 -0.181074308214436 0.067693870897132 0.0285498316216787
0.207081117203896 -0.0924380089974672 0.0225676032647142 0.0378238284379525
0.210354575137372 -0.0148860265678 -0.0373281850345744 0.013296551812844
0.159469847625239 -0.111773164474626 -0.0633540588001748 -0.00079521038209854
0.0366765933714329 -0.175173257196861 -0.0774673974043604 0.0311822023425431
-0.113689154888484 -0.124444983500336 -0.0350488982579118 0.0494753973805686
-0.171959723148643 -0.00188793406457323 -0.0138516750497576 0.0486836156000791
-0.13460406945831 0.101325128090629 0.0105205169094308 0.0444150443753233
-0.0698478025329399 0.141965615531282 0.00819875658715272 0.0353901813909831
-0.039684256072399 0.150458066712282 -0.010467124244597 0.0334653212920211
-0.0450970403221743 0.150947182557885 -0.0348312624510253 0.0373500992451055
-0.103112014594303 0.155108586731767 -0.0635052382642055 0.0209165092996122
-0.176168955679176 0.089355531914968 -0.0837115696161136 -0.0309077331559066
-0.190338472805955 -0.0453386133556133 -0.0232809573620773 -0.0709254213669806
-0.0864917008408007 -0.196668874360996 0.0470397891046543 -0.0480525666451341
0.105204694119702 -0.196074797634686 0.0508623208730261 0.0253666316421699
0.221011850598298 -0.0885206105974006 -0.0405350181413454 0.0537852430842215
0.178844355833546 0.00525559935329724 -0.0980981777446242 0.0147715022030769
0.146212798955753 -0.0821381790963255 -0.067796041719743 0.010012979617935
0.0460789700641045 -0.144156451866209 -0.0543072236112687 0.00539020746829831
-0.0827663697019057 -0.110549361895985 -0.0473201622812212 -0.0103757776712433
-0.137190259058754 -0.0113885673333422 -0.0749064465045419 0.0198424343535709
-0.114092585894715 0.0768718674151792 -0.0485015236282512 0.0711652314057121
-0.0620190082381356 0.118027455339983 -0.0230512287014331 0.0896380640417791
-0.0337007181936811 0.126575271943004 -0.0250366781096916 0.0905069242929347
-0.0340146840465624 0.130243138813964 -0.0431298390745809 0.0956819753453071
-0.0799764877890667 0.13728646189702 -0.0806830204596765 0.0732277682532341
-0.147253480059129 0.0869250650929838 -0.116999775277259 0.00658028703253823
-0.169438514858186 -0.0294227205337181 -0.0621590266658927 -0.0616585091433617
-0.0816026710027037 -0.174741908997966 0.0120827736810613 -0.0477478184304989
0.10152013811706 -0.176730552238174 0.0186527600855531 0.0259624504997738
0.204267132451678 -0.0656588730686938 -0.105656372615246 0.0628620457746726
0.123836506076067 0.015942319573162 -0.137018449289882 0.0180308417218555
0.107485170093176 -0.057395478429979 -0.0591413802912736 0.0225822614998921
0.0285780127414967 -0.103422644281019 -0.0197015658451825 -0.012457313070868
-0.0602056568530167 -0.069587942021872 -0.0424865771737036 -0.0601047835387831
-0.0878446925434305 -0.0020965249450903 -0.111510203737643 -0.00958629601150342
-0.0715595502969976 0.0521262851761807 -0.0921908020824107 0.0827985403857912
-0.039308933200383 0.0790708121794891 -0.0486850009628506 0.127229618095404
-0.0221349635961754 0.0836070941262218 -0.0361021510570862 0.133302493811433
-0.0220578105132488 0.0893131546906253 -0.0480445403908069 0.139214531513066
-0.0527428262085506 0.0976518497322893 -0.0896650305720758 0.112307558109863
-0.102598906747199 0.0648653771925967 -0.133927570095531 0.0370782072824079
-0.126087953990695 -0.0194714436511288 -0.0862279754294486 -0.0477486620025483
-0.0581514815255127 -0.134384591740344 -0.0173663765714768 -0.0386038611058678
0.0880831724647815 -0.13063477780107 -0.0167196167417438 0.0258772264298795
0.156385972169614 -0.0294997153587647 -0.161413839305776 0.0612840621910414
-0.0818710126101869 -0.0161107434161847 0.206234982636933 -0.0566448866124024
-0.0546795071813142 0.0625547817419998 0.0415228137161317 -0.0607444736522418
0.0241423306976538 0.0706334733702054 0.0199292288181359 0.0284103731448327
0.0605412591036167 0.00662072463807772 0.0918537741133122 0.0577705731512161
0.0399263910181561 -0.0290946979799145 0.149773884014915 -0.0396435543353049
0.0194982547209012 -0.0407637338787679 0.101473275480116 -0.140194213042664
0.00580133729577057 -0.0390990565368025 0.0502290081212162 -0.168661468795166
0.00754944028606376 -0.0278028967770165 0.0389520771330026 -0.155746274723479
0.014253977367797 -0.0252676407491494 0.060832249442638 -0.14021228748604
0.0207204524678375 -0.02550491420875 0.102486433333792 -0.0852611301848591
0.036102846095874 -0.0157190061898295 0.124176812564171 0.00621107875618322
0.0433719308769617 0.0193991393532389 0.0625874762290425 0.0766871482371822
-0.000286799254997223 0.0587368200896382 0.00662435795631384 0.0455590481533627
-0.0530514927632112 0.0301510100630562 0.0305066555422726 0.00764584156797938
-0.0525666705496336 -0.029098304193402 0.136581422267402 -0.0139375494578558
0.00538036016739159 -0.0438249474436663 0.207245691885999 -0.0411838809163874
-0.0184897709461606 -0.00406479026789921 0.0432387344736784 -0.0453915878546873
-0.00180155465334962 0.0101540383085507 0.0227877890588904 0.0436920413239333
0.0010099652983984 -0.00323955683669547 0.103884867795158 0.0658359519490895
-0.0157839636576131 0.00134232802537196 0.159093140939737 -0.0338894539420734
-0.0124741882086691 0.0127967268661158 0.114003766212605 -0.136716791411456
-0.0066939506859933 0.0191611333869092 0.0555351089370801 -0.168873106596187
-0.00913965139051571 0.0305661974240336 0.0374430983550443 -0.154791951629373
-0.0188037354145774 0.0263826983010943 0.0510740681142661 -0.139318334567338
-0.0377780327138388 0.0103651316861354 0.0889403375730533 -0.0947070800793293
-0.0303247511707646 -0.0242996938566685 0.117912133495508 -0.0177994299262762
0.00897299204169779 -0.0383559621752252 0.0789865223533387 0.0648331371880027
0.0217872146542519 -0.0112636042558502 0.0262214992132057 0.0537061155073561
0.00761506678744694 -0.012894443555936 0.029158170236628 0.0183261081656706
0.026345014071248 -0.0431096512353556 0.131519894921716 -0.00565469913981622
0.0938804440847256 -0.0579266920074469 0.174984593673429 -0.0224403498746961
0.0331963834948235 -0.0694120452810063 0.0227611714615512 -0.0291308007511344
-0.0184924692562324 -0.0629549870833293 0.00175344757515062 0.0651910866406026
-0.0627114691870259 -0.0257435330181167 0.0975350490500135 0.0880498032399121
-0.0787066111572108 0.0259133347662291 0.156110228320473 -0.00923058098869683
-0.0511151285003744 0.0636234258104704 0.118352133026767 -0.108074797977582
-0.022909149084248 0.075581918246916 0.0572141572409239 -0.142194518283596
-0.024566642940048 0.08507359149748 0.0299880714304609 -0.131311145378025
-0.0440827697564393 0.077067794215596 0.0275805236949993 -0.119134759954301
-0.0849368170285585 0.056111137057712 0.0538600226333306 -0.0943718619295562
-0.0979946606168557 -0.0099803872871815 0.0868336301679521 -0.0507920075572349
-0.0500286971933542 -0.0758883478801131 0.0887098106268681 0.0245936568118648
0.014670101169854 -0.0885107971305488 0.0602361241923342 0.0410292223860792
0.0579609613327273 -0.0715211576988761 0.0439513322674903 0.0286479093364154
0.10158411416243 -0.0612724874156484 0.109732593547698 0.00505569400558156
0.166354264853673 -0.0553587618227129 0.114256684932727 -0.00463846617173469
0.0913302929483218 -0.11617680253463 -0.0104404251405347 -0.01657555538753
-0.0144869507521159 -0.133260377123189 -0.0362070214556382 0.0741550665896212
-0.113639715242696 -0.0642725215417728 0.0620528758309395 0.106009798176347
-0.137588902441459 0.0329657831416603 0.124792985888811 0.0264112799140981
-0.0923213485231193 0.100241755377294 0.105164729461499 -0.0591060796527236
-0.0423561615699399 0.119267882521871 0.0514114650464438 -0.0931664397859734
-0.0339943953520786 0.126398503831265 0.0184946488680477 -0.0873960895391378
-0.0551406730478614 0.119372826765864 0.00181116507856807 -0.0798400172484195
-0.112135920882157 0.105121730723447 0.00874439556977735 -0.0751678735694121
-0.152361194586316 0.0262206981795846 0.0322352628234224 -0.0700065801876869
-0.119426727712402 -0.0839565998565966 0.0718870567647295 -0.026104515887725
-0.0208874921591055 -0.153637883044617 0.0817983771497681 0.00735695368299081
0.0877959047689368 -0.133607791495893 0.0619225182492472 0.0318629362575946
0.163524353481787 -0.0804454110683703 0.0737006432924822 0.0200433968815834
0.205621744017689 -0.0379507235401801 0.0383574362320675 0.00769400708967757
0.13848684579397 -0.128014893267511 -0.0428600507486127 -0.00865021565472103
0.00969080147233119 -0.174300501750179 -0.0699238237460482 0.060211927940305
-0.131122181235792 -0.104149533415482 0.00789202018677275 0.0942470142832877
-0.172387054505887 0.020340767285984 0.0613718330022345 0.0518111891537746
-0.123293513023573 0.11216931520134 0.0671162281229161 -0.00262168320403829
-0.0602527970635716 0.142046264026951 0.0346783740738749 -0.0297024281246353
-0.0394349742129532 0.149280623467469 0.00480332724136593 -0.0294992782749778
-0.0537439607256553 0.144632977545375 -0.0203251184159659 -0.0254550586132589
-0.11506456571914 0.142506982178259 -0.0333210385589418 -0.0336984035644729
-0.178804158294361 0.0661002968543766 -0.0308137519830724 -0.061862140956712
-0.171986816926166 -0.0675979260844624 0.0274571160200533 -0.0616729889910965
-0.0624129893824374 -0.189624280613394 0.0756581381126987 -0.0289003615284407
0.101406916934798 -0.178627319576798 0.0672712665883817 0.0282467194051148
0.204613608511577 -0.0920774773127262 0.022441223051732 0.0369150627223539
0.207046565261895 -0.0154199762619731 -0.0359561381137015 0.0131623711695726
0.157441699018061 -0.110443949791518 -0.0624877236410013 -0.000936075808211461
0.0360951846260524 -0.172763017616376 -0.0761465574760068 0.0308686853215292
-0.11259773060367 -0.122988114408503 -0.0350401796870488 0.048714512036345
-0.169929128655552 -0.00129657372296504 -0.013481971969784 0.0484584208208442
-0.132322741282565 0.0996783564458203 0.0106028947447524 0.043687872562554
-0.0686128389543751 0.139939122487613 0.00840994259977428 0.0347469152109148
-0.0391469770031013 0.148683154739122 -0.00997107026626287 0.0332906739537309
-0.0444930927696588 0.147994549143913 -0.0343333958185876 0.0370523477780239
-0.100929298610822 0.15294261020884 -0.0630664466284926 0.0204420428408808
-0.173430984816861 0.0886856066509502 -0.082403460654006 -0.0300890220290608
-0.18765798243 -0.0443004558230212 -0.0227793990141567 -0.070261599230279
-0.0855256352548552 -0.193393928048508 0.0464061333509441 -0.0477297770649167
0.103733577865653 -0.193294014815892 0.0508875618459384 0.0248681492606325
0.217941359055115 -0.0877948597812169 -0.0394403519375927 0.0529927854676892
0.175846905120016 0.00425785529733713 -0.0965071872098572 0.0150721240487124
0.144381922252169 -0.0811961523959638 -0.0662037798006255 0.00949650325766496
0.044889971997566 -0.141784311244195 -0.0533405893521687 0.00464141225820169
-0.0827008462338117 -0.108592765146916 -0.0466802212559608 -0.0101827819218867
-0.135340588536916 -0.0107433105639038 -0.0738550633406295 0.0202842628911256
-0.112128288839073 0.0759309381617202 -0.0472153037314871 0.0698411973418058
-0.0609202814734248 0.11682570596988 -0.0227066028295026 0.0882726446571929
-0.0331145764271239 0.124889697310343 -0.0245596561890045 0.0892536945738838
-0.0331152265065803 0.128040119417185 -0.0419880606004392 0.0946269803563705
-0.0784780068341822 0.135919391645982 -0.0791482406360355 0.072678011943309
-0.144473969510473 0.0855149275388565 -0.115062803946966 0.00750708782897911
-0.167448529499324 -0.0287468638988068 -0.0613323999724161 -0.0605738713890908
-0.0808067859126479 -0.1721855137558 0.012511296351222 -0.0470580448063221
0.0995573710959875 -0.174194853079426 0.0188855327685874 0.0260103307973034
0.201391058616312 -0.064784683779101 -0.104182581466586 0.0619915323946351
0.121845352841259 0.0156325366056075 -0.135364748936213 0.0180344337313953
0.105882979381886 -0.057177376014708 -0.0577569117627165 0.0220435377453924
0.028334765052434 -0.101903019638246 -0.0197032762567243 -0.0126984852245516
-0.059918491850375 -0.069038720393234 -0.0420378177957412 -0.0593696856277017
-0.0865454901946253 -0.00176718991521042 -0.110726705021047 -0.00902962841309462
-0.0705436175655032 0.0515493371243774 -0.0902973735658108 0.081612744654189
-0.0384094841433238 0.0778813995209812 -0.0476612851765835 0.124995746788689
-0.0218405070867108 0.0831836924171533 -0.0355679781754604 0.131254349105475
-0.0218769827794542 0.0882525319600196 -0.0467695722130662 0.137664955784623
-0.0517594728205041 0.0964021734342779 -0.0880964121162662 0.110601521947802
-0.100884362107562 0.0643887945265236 -0.131954081234516 0.0362681515338991
-0.124613616386981 -0.0193037000216082 -0.0849201988846748 -0.0472348968306178
-0.0573893058961473 -0.13251220648664 -0.0168640424411005 -0.0383768739532951
0.0867127234179206 -0.12896395384515 -0.0158457021501278 0.025609906130537
0.154201964237668 -0.0287983351036338 -0.159423371411376 0.0611768234863676
-0.0806133596480911 -0.0163337664002139 0.203476256515064 -0.0560613815147215
-0.0540406744172204 0.0617857346037352 0.0406425569507639 -0.0603584725969185
0.024132657339545 0.0694909703538087 0.0195211080354497 0.028054872489949
0.0596358354153478 0.00678435991147373 0.0908405984943461 0.0573199353469094
0.0394414326171722 -0.028425872529519 0.14807562317676 -0.0395454580519659
0.0188703271153207 -0.0397862884949078 0.099432035606699 -0.138330913973206
0.00567558487399212 -0.0383570373123857 0.0494509525744845 -0.166825017516202
0.00707194662848386 -0.0271793282397021 0.0380139821296028 -0.153911681717388
0.0140550895489862 -0.0251807815291098 0.0598772548430273 -0.139168917344403
0.0208473323509981 -0.0253520532243373 0.10129610561287 -0.0847380493312945
0.0355226931092299 -0.0157497135503789 0.123236172754563 0.00560286622122327
0.0432116299529694 0.0190328708054104 0.061862981978826 0.0755017439030066
0.000148102906997544 0.0578912217067803 0.00620046227156695 0.044809537651011
-0.0525523050629128 0.0293018490773805 0.030146244252005 0.00760618977071555
-0.0522039413313717 -0.0286350061745399 0.134828165282743 -0.0131745496507275
0.00514612235867911 -0.0431923739378599 0.205301384575712 -0.0410220522729009
-0.0179265495153374 -0.00380947163111279 0.0424206198621124 -0.0450349043117587
-0.00175069520555152 0.0102116730172221 0.021672043911004 0.0431285267988386
0.000794356890986412 -0.0027491066487712 0.102770776357282 0.065254676506402
-0.0155915022047077 0.00135318062805621 0.157927481804439 -0.0339507572506573
-0.0126436931374252 0.0127168562250942 0.112250260539711 -0.135074586427499
-0.00658427030560209 0.0190543391669049 0.054840268294674 -0.167173952155927
-0.00905218414979906 0.0307004536438665 0.0372868348121236 -0.153112336005825
-0.0191409075251817 0.0264961363900818 0.0497042798345047 -0.137146589199522
-0.0374525922331216 0.0103048085927299 0.0875619948626761 -0.0931919929950659
-0.0301299999202102 -0.0242921320346244 0.117220780935392 -0.0174933371708194
0.00897558889262165 -0.0382755951066118 0.078333560410913 0.0638682771438723
0.0218698071770739 -0.0109677067049799 0.0257992632902462 0.053025047690385
0.00766093664083687 -0.0127441781082381 0.0290741345962673 0.0184841416595473
0.0262817867888223 -0.0424268753467168 0.129731178771642 -0.00616536807380228
0.0927083159726978 -0.0575229386632242 0.173309333657681 -0.0220838356698283
0.0330022951273043 -0.0686986557514431 0.0226803858837707 -0.0291389042027929
-0.0188795750922487 -0.0619483549209628 0.00167730492649542 0.0648333919694218
-0.0617276687017212 -0.0252517768151897 0.0968149124773258 0.0872481317054728
-0.0778054603260547 0.0259573657509333 0.154289102350786 -0.00897288846945067
-0.0505380701566729 0.0631393869605157 0.117002417994968 -0.107407972488146
-0.0226544138468822 0.0745358164024565 0.0563209181765379 -0.14026134484044
-0.023620547168341 0.0840950805028473 0.029610403732542 -0.129970992727057
-0.0432811632205312 0.0759922830444891 0.0277097021257497 -0.117502832269468
-0.0843327048094585 0.0557852090363806 0.0532174900111138 -0.093487237908557
-0.0965582902290623 -0.00963462967341274 0.085809382872531 -0.0502822212747869
-0.0497033308040459 -0.0757023469816738 0.0880021095040649 0.023488978024754
0.0147547772124312 -0.0871106906420233 0.0600485196163931 0.0404477124262674
0.0569634068702029 -0.0709194891651665 0.0429669178861472 0.028961804119693
0.100576575820122 -0.0611716127835906 0.108659084684156 0.00505631082718966
0.164063843101234 -0.0547453095011423 0.112762560588517 -0.00496319388973355
0.0901363018592184 -0.114854832901763 -0.0104730778046084 -0.0164555289265454
-0.0146733384093247 -0.131343574901625 -0.0361842232419724 0.0733820930331404
-0.112664726525182 -0.0640133776325368 0.0614359358786606 0.104795712122822
-0.136026346373564 0.0330895001062819 0.12358236214062 0.0263371608598963
-0.0909403552261893 0.0989617840233565 0.104104028475371 -0.0583971358350555
-0.0421364628535505 0.117900978995309 0.0507501654167906 -0.0917404344250966
-0.0336876566187818 0.125052903786485 0.0180768592661029 -0.0860719180942025
-0.0549507136584462 0.117525919666362 0.00132113826896863 -0.0789396944291984
-0.110644166213913 0.104066698898283 0.00837912136185095 -0.0734807431558789
-0.150326418937166 0.0263782105729097 0.031772408306075 -0.0695522021522514
-0.118119095310391 -0.0828038657500172 0.0710071196042544 -0.0256266342884259
-0.0209650275789671 -0.151543809646817 0.0814955383747508 0.00725603751622911
0.0866640023779409 -0.131704663320717 0.0620157887193672 0.0318301262431596
0.161808826731916 -0.0795669156518823 0.0725337628025429 0.0194110151154555
0.202816141269113 -0.038033814981525 0.0382846771904877 0.00760664481723896
0.136796756140401 -0.127217925289495 -0.0420411249871543 -0.00852292865832523
0.0092071158415145 -0.172200457362416 -0.0690969730693199 0.0594957795990657
-0.12960333600378 -0.102406271889203 0.00732946536832579 0.0931489905530861
-0.170690378921592 0.0200910176068324 0.0605901741335391 0.0515812724530939
-0.122079608077368 0.111184587492679 0.0666859948846651 -0.00235996969327397
-0.0590854407147856 0.140352262925508 0.0341728327136233 -0.0290238443873957
-0.0389067012772727 0.147199706667357 0.00485954888647888 -0.028803562785023
-0.0530829134365146 0.142806764064302 -0.0199737845809184 -0.0245837547169962
-0.113772643676523 0.140597349534472 -0.0331595905756301 -0.0333517751348866
-0.176818653371531 0.0651651269710666 -0.0305410173110168 -0.060525367806395
-0.169794774367863 -0.0661433583470003 0.028576750869152 -0.0611951807634903
-0.061960885898908 -0.186922749928099 0.0753546686514697 -0.0290418591155888
0.0998759227306718 -0.176489064199203 0.067031301995945 0.0278977435270901
0.202323481246979 -0.0913581295276198 0.021851788476481 0.0365889005486369
0.204219945549757 -0.0153248175949606 -0.0356812620967842 0.0127264858483234
0.155267308260699 -0.109428603223198 -0.0616209255733715 -0.00124731924432978
0.0355047877864867 -0.170775844526007 -0.0756921974406467 0.0309872414757753
-0.111582054552885 -0.121218399566571 -0.0349798884425868 0.0484938842112557
-0.167652477757614 -0.000699338833905469 -0.0130611137963705 0.0479256019375611
-0.130290274775968 0.0993381212006852 0.0108499448652643 0.0433291055553157
-0.0671188492492202 0.138117172241649 0.00820308926460499 0.0344934255713943
-0.0380882558343105 0.146541411863034 -0.00993167376428304 0.0330527891373239
-0.043808817576112 0.146705854363452 -0.0332503696106478 0.036532575662025
-0.0993718917251306 0.151947219542357 -0.0620326112228141 0.0203448398429829
-0.170599321030472 0.0879769366201965 -0.0821868504171264 -0.0294572773364903
-0.185603577191397 -0.043815092508788 -0.0223059737850742 -0.0692624474704197
-0.0841287366550509 -0.191343833331229 0.0465315656246982 -0.0476526681661633
0.102135754678244 -0.19069787233008 0.0506923201730903 0.0246496578344548
0.215038492547571 -0.0872243052404958 -0.0392948824175564 0.0528183756117198
0.17359175843284 0.00369588809353556 -0.0951061038147954 0.0150052532086418
0.142189047388884 -0.080551370155942 -0.0653044859670633 0.0093365738087765
0.0445189598679159 -0.140350840258045 -0.0531744726406603 0.00503144961806107
-0.0812759775810881 -0.107286070698228 -0.046583401214891 -0.0102176468865648
-0.133778784269572 -0.0106975037562541 -0.0732063306462217 0.0204463097491777
-0.110598846844202 0.075185245183652 -0.0467465141902097 0.069169141109862
-0.0599506365761909 0.11503006038336 -0.0219581826860201 0.0873209079025886
-0.0327263006642483 0.123463014981803 -0.0236093721455276 0.0882104418835667
-0.0325802245597151 0.126587704233157 -0.0415735030765017 0.0932051871683335
-0.0770747469976811 0.134180249595549 -0.0782121456825462 0.0718366045750783
-0.142759712683459 0.0846829025855232 -0.113833653005221 0.00746164234996727
-0.165426066528761 -0.0284998117924114 -0.0604607592542165 -0.0603747647667795
-0.0791182663790672 -0.170202492701077 0.0127992140218449 -0.0468739568883004
0.0985048122129753 -0.172147697489279 0.0189600902712696 0.0252343706576648
0.199385638498015 -0.0641522412000559 -0.102604990215547 0.0617376587734363
0.120369839400142 0.0155347864823737 -0.133383938603276 0.0181705477788443
0.104288680615567 -0.0568508660673908 -0.0570556733231435 0.0214758059242031
0.0281736386289828 -0.100987380277959 -0.0199901116890853 -0.0125684700433827
-0.0592858407957213 -0.0675950116572272 -0.0416496625025043 -0.0585718217318478
-0.0856448819005276 -0.00171876483986368 -0.109017109124024 -0.00858416420874482
-0.0691219545999614 0.0507628423097338 -0.0884658667360015 0.0812487621606454
-0.0378049862170615 0.076893652603185 -0.0464502002858356 0.123217501702752
-0.0219416574373989 0.0817345226949875 -0.0346509619564516 0.129509306972459
-0.0217546240385276 0.0865351491573706 -0.0460087795501921 0.135865933681015
-0.0511355009261475 0.0954129487223022 -0.0866513095270662 0.109646047405305
-0.0995686399570942 0.063437200103006 -0.130425707866766 0.036325663230784
-0.12274241274018 -0.018507900661392 -0.0838502138059321 -0.046892703997788
-0.0565452065312014 -0.131007508629231 -0.0158098128711215 -0.0383070198852922
0.0850904180885026 -0.127793725973796 -0.0158464596003256 0.0248639103431555
0.152280198349909 -0.029104288358136 -0.156935538555356 0.06057878794848
-0.0778105494143035 -0.025500733214837 0.212111454283015 -0.0352120222116164
-0.0617620627918764 0.0529653546196122 0.0472601894819139 -0.0588481680946556
0.0133198435349274 0.0714663154682061 0.0106211286511804 0.0293473754688387
0.0565849891386585 0.0156627486296751 0.079097414779122 0.068379038263622
0.0430612355049144 -0.020727415522187 0.149004417669772 -0.0181734609677901
0.0235182690718929 -0.0359558348615609 0.117048159694206 -0.12133114813873
0.0109258019712465 -0.0378869412851392 0.0685183197364853 -0.157896537808218
0.0115296821222653 -0.0263002989434489 0.0593895273437688 -0.144802989086878
0.0166336124263771 -0.0238868152345694 0.0787081314851287 -0.127940419137164
0.0239344939285088 -0.0221784501758896 0.110850922125896 -0.0690628897224795
0.0374050542992598 -0.0110965401199741 0.120334222622016 0.0229733674731089
0.0409131679059591 0.0244400764797143 0.0498784891133594 0.0836447418086687
-0.00730740708934328 0.0571484792270153 0.000335262742226491 0.0452848155742459
-0.055351251851278 0.020341323200562 0.029987590509022 0.0133597122351003
-0.0460253155523015 -0.0381129141806641 0.136485842506355 0.0082932809372157
0.00955332927811971 -0.0418396868656182 0.209731546835304 -0.014029095403286
-0.0173032022441795 -0.0058773771353572 0.0487228361897308 -0.0405932856274315
-0.00383782828008871 0.00966899033281826 0.0149843586394376 0.0452346773874928
0.00102500616479031 -0.00270402741833583 0.0922844297570663 0.0767806080996574
-0.0145357931622099 -6.94922248445338E-05 0.15946519901004 -0.0132965460934431
-0.0150311341952277 0.0107604910450451 0.129125646076853 -0.118936826157837
-0.0104309942538005 0.0170806023928997 0.0745823673096266 -0.158153651908295
-0.0132396528859623 0.0273487066416935 0.0579436631905056 -0.144201524760691
-0.0231247857160489 0.0214184481067748 0.0690144309658086 -0.127525378202851
-0.0377853706004899 0.00363643398616278 0.099665746889373 -0.0784109368438093
-0.0246353110060837 -0.0287945120025814 0.117392456632568 0.000159115937526353
0.0160563752344118 -0.0366522620278098 0.0678255292229721 0.0754927372802002
0.0245574707729263 -0.00761651719700724 0.0169326868989211 0.0555612912032474
0.00975793931475067 -0.0116007191734686 0.0251741132197036 0.022404761772763
0.0322593925635951 -0.0392593164943474 0.129178596938179 0.0144428050747271
0.0971733160187686 -0.0447329382610318 0.173987858049428 0.00693654112781195
0.0415060495376398 -0.0623786563903571 0.027818535700213 -0.0230095931777179
-0.00995188964231825 -0.0630836848099235 -0.00327095824966548 0.0656130262510454
-0.0566270851501478 -0.03364669309742 0.0873686954970587 0.0968826564821543
-0.07840444404735 0.0138975254742346 0.155642416774775 0.00837172197314384
-0.0592087211251346 0.0543880270984637 0.12967373121987 -0.0939518692081668
-0.034197184503106 0.0691234988324681 0.0738395000312651 -0.132978303791893
-0.0355828034589662 0.0780592444516018 0.047055855927112 -0.12282925884113
-0.0539975647256845 0.0665416755632805 0.0446103957481915 -0.111179656727608
-0.0894032896873376 0.0411534520987521 0.0664933378850452 -0.0823621930090953
-0.0919088786820345 -0.0248842209474386 0.0917580461632728 -0.0347340413277401
-0.0361147910751623 -0.0826031478402386 0.0839041986745914 0.0384251539575856
0.0280583976219534 -0.0833580114087474 0.0512835520630395 0.0492953630629696
0.066741159589101 -0.0604906577579914 0.0361315703587714 0.0349908304147041
0.107712438067713 -0.0457296491330208 0.106117092552231 0.0213506121685311
0.166888124736576 -0.0339932711271629 0.109481331099684 0.0217873977425075
0.104055205766151 -0.099631796656384 -0.00620305055085419 -0.0113500221684121
0.00362653608984757 -0.130552422397154 -0.0378128158353412 0.0723958962706159
-0.0999602372145846 -0.0787117146986322 0.0530747238532736 0.109929938693538
-0.136433227513846 0.0118091132396022 0.123017943463646 0.0382561177322025
-0.103905551943727 0.0834719382889533 0.111305913011406 -0.0500350339768074
-0.0586785837658863 0.109060651570723 0.0626805339009709 -0.0864071288210455
-0.0516106533349171 0.117349757431258 0.0297864126350718 -0.0815827800528032
-0.0709696243593198 0.105598992526973 0.0138135281099508 -0.0765344905977163
-0.122463538391774 0.0842327956082535 0.0209314473810782 -0.0693637429129918
-0.148899811957297 0.00241508175517379 0.0423708517039522 -0.0611760716954042
-0.102441387487859 -0.100428920639422 0.0750689540266699 -0.0130783070336319
0.00203806219890834 -0.151470019310327 0.0764408348170626 0.021004690527431
0.104723135141932 -0.115770731522296 0.051990701634443 0.0402181519053787
0.170636328069024 -0.054212545654543 0.0670245289895715 0.0299336470651189
0.203332172975828 -0.0125959570749216 0.031196721051876 0.0262006481816029
0.151505642353943 -0.105405978517229 -0.0393810877006223 -0.00481081938732622
0.0322431233170353 -0.167360838216418 -0.0680378996339088 0.0564864474521277
-0.110581954620005 -0.119357947629907 0.00325098719938071 0.0929414200556044
-0.168032010392707 -0.00610437135516323 0.0595415116811404 0.0551374323150609
-0.135207544452383 0.0905181301421609 0.0682062358014645 -0.00110169486287733
-0.0792557302580601 0.129299314935704 0.0393249417013925 -0.0271012259539638
-0.059879228229136 0.138176615667125 0.00864771656486305 -0.0269263462082155
-0.0727845984079501 0.130748965913414 -0.0146606291684802 -0.0259986681786205
-0.130602717175701 0.119765361872805 -0.0249750377890483 -0.0350624571211617
-0.180895792068512 0.0376111083194621 -0.0188827578931043 -0.0616606708574955
-0.156308690291675 -0.0914048280331246 0.038339819508304 -0.0539848672938548
-0.0327738839782884 -0.192517285355558 0.0756588855147292 -0.0147104969191403
0.123976667150158 -0.156912463269738 0.0561101275636412 0.0370422789550544
0.211391653460323 -0.0582103528360884 0.0132411257980289 0.0387089674696352
0.20246762444313 0.00923679869227619 -0.0430190194797432 0.0225949078256064
0.167156366779953 -0.085485762707041 -0.0610245806715363 3.35900385352496E-05
0.0578519442017506 -0.162114518774797 -0.0716036895805407 0.0284934921539964
-0.0902024255260862 -0.134641887534249 -0.0327871173603162 0.0451838764222638
-0.161518586978258 -0.0267072898182566 -0.0119828503766485 0.043603226767964
-0.140949561798318 0.0779088206177886 0.00689821708014671 0.0366888728031665
-0.0864063293078574 0.126358041963501 0.00622642176144583 0.032599463638961
-0.0592194144103752 0.138052980384996 -0.0147104025536535 0.0312973935281738
-0.0640267266624517 0.135961991408769 -0.0368994403535251 0.0319808570342247
-0.118566306814319 0.133230958379266 -0.060875044568576 0.0130751302123979
-0.179144194826076 0.0601423067711038 -0.0738854776781973 -0.0379969652448947
-0.175340307756347 -0.0709688254977437 -0.00929019576488368 -0.069590601936273
-0.0549485831171997 -0.199229784305321 0.0508505891543126 -0.0371445999319198
0.128541605816394 -0.171169499410966 0.0406586988060784 0.0313555842169231
0.224176623285555 -0.051327580310769 -0.0499223535088628 0.0452335957786651
0.169846844575062 0.0247944101942491 -0.102640933913157 0.014439549520232
0.150116470006118 -0.0596156941123685 -0.0670607438254274 0.00847707803851772
0.0627805637735287 -0.131292629275278 -0.0475502253034691 0.00510540262848487
-0.0629423504816823 -0.11638312370359 -0.0388965944118974 -0.0134997034537586
-0.127633641295022 -0.0315529449812979 -0.0684321341988274 0.0100680266542142
-0.118090966929067 0.0576537535727773 -0.0531528624932538 0.0564083864057676
-0.0759173288379557 0.104664948134378 -0.0298864801233418 0.0812641202119276
-0.0506316233375377 0.116646399109351 -0.0360768893933074 0.0832115998469088
-0.049826654230244 0.118624547128977 -0.0530345015020665 0.086619170321108
-0.0941124383358294 0.119903659177344 -0.0847598506234698 0.060709912696529
-0.151178178987439 0.0618391190782123 -0.111530129334418 -0.00696563911106712
-0.158114181973148 -0.0525091620650924 -0.0483938251337363 -0.0666386317593368
-0.0535591548570595 -0.177270555598965 0.0178297672036623 -0.0418693442942614
0.121977215304581 -0.152788128391431 0.00978052496565494 0.0270676863992293
0.20442499075727 -0.0302850853494161 -0.114406292870379 0.0443689272363767
0.116755417747506 0.0296958691952326 -0.138992052825743 0.00943430670835516
0.109599691635718 -0.0417446884977112 -0.060130922252473 0.0204119679991707
0.0406899346701704 -0.094917093322888 -0.0133324174050972 -0.00993853840575966
-0.0471542985072452 -0.0746855305798171 -0.029613823881654 -0.0608623180121272
-0.0826254279345804 -0.0154017401539381 -0.101920373464542 -0.0229050184296071
-0.0742260363364521 0.0399158691763004 -0.0971249181332403 0.0642621595201919
-0.0485960265186676 0.0704499112189323 -0.0595250156627386 0.114788878440013
-0.0338148211560692 0.0775119706830236 -0.0528129766313962 0.122386081797392
-0.0329212955818503 0.0822368913994755 -0.0641354556772211 0.127549299435638
-0.062853605730362 0.0864537403550924 -0.0992205955799832 0.0961395215151874
-0.106499252179182 0.0484039921618706 -0.13266440174527 0.0179883290390952
-0.118207796882514 -0.0362707794112899 -0.07481481622021 -0.0576988121606107
-0.0370899067959563 -0.135697713880933 -0.0115374858573571 -0.0380631471050123
0.102446117414143 -0.110946047353248 -0.0231393326557773 0.0212301889429341
0.153406919428928 -0.00292857833087415 -0.167199023807477 0.0353931935884811
-0.0771109351580809 -0.0250673643124269 0.210949790820485 -0.035602073862144
-0.0615023597732783 0.0529610702358418 0.0468302640431382 -0.0588651581230022
0.0132907212956954 0.0709011247153165 0.0097977510328323 0.0290400931984212
0.056225760309016 0.0160052654048437 0.0787065045510284 0.0680866908221355
0.042876779200037 -0.0205482998984078 0.148086482335768 -0.017998532837626
0.0233549566459821 -0.0356820468724024 0.115934368310607 -0.12084428821097
0.0104587034392961 -0.0375868880010339 0.06718131265739 -0.155775798749612
0.0115831067379345 -0.0261746548199995 0.0588052178933456 -0.144061792675427
0.0169812274879837 -0.0234714634798406 0.0778391768238035 -0.127287684256048
0.0231616795671613 -0.022090362448343 0.109755291693173 -0.0692163299047542
0.0370738223736282 -0.0109374844232185 0.120046562074507 0.0229671975747551
0.0410460327443056 0.0244080287288803 0.0494345043276279 0.0826628707428606
-0.00721228057486646 0.0566138271901361 -0.000155190730261956 0.0450999222715425
-0.0546502396491716 0.0199965320872478 0.0296491192425906 0.0139341136684086
-0.0457115383617399 -0.037859581249079 0.135313997135043 0.00855287353025286
0.00947242374131206 -0.0416541430244883 0.208469986007963 -0.0146742812280391
-0.0171474871633565 -0.00579071833820648 0.0481049603941474 -0.0405795170631558
-0.00385120928992534 0.00977328516255704 0.0148024799591076 0.045302465645552
0.00136132596285983 -0.00246938180348903 0.0917658716252058 0.0764255418984874
-0.0148869630241316 0.000185274678952426 0.158647788980002 -0.0128102944014978
-0.0145880937362003 0.0106412945170224 0.127920026365831 -0.118561600347598
-0.00974617013781796 0.0168561682616347 0.0738846819571988 -0.156592927966387
-0.0135468817811869 0.0277082747256166 0.0573628712153468 -0.143118694127693
-0.0229334985590839 0.0211711009490026 0.0685740232142867 -0.12640693221416
-0.0371509156448197 0.00352522067114551 0.0986616128048679 -0.0785647597447776
-0.0244654534997074 -0.0289119498299125 0.116325102347877 0.000493247640226418
0.0159158967583588 -0.0363990287704865 0.0677338737262612 0.0751372094140232
0.0241793596893043 -0.00723010389040842 0.0167380774027528 0.055454408110425
0.0100580656562849 -0.0110800651487136 0.0251067484957701 0.0230809875574936
0.0322383281946887 -0.0394053808252157 0.128493106064126 0.0140922992323038
0.0964470511291203 -0.0448470887735133 0.172052400189564 0.00649979911561917
0.0411895751610966 -0.0617074401184346 0.0275439454970227 -0.0232823123565229
-0.0102354215964954 -0.0623811571313559 -0.00342448108321711 0.0652189884063689
-0.0561032762490469 -0.0333431217516034 0.0859096856559231 0.0960215447943645
-0.0778875344576534 0.0139964469829927 0.154865752707513 0.00859851858905704
-0.0585853337750343 0.0542119666714281 0.128546542732258 -0.0928413461446559
-0.0337607896302478 0.0687550657634309 0.0723788267457419 -0.131651996216909
-0.0352724409919073 0.0780626108392331 0.0471090317371438 -0.121585354777909
-0.0536952008274826 0.066175296710001 0.0441763146204606 -0.110233916745818
-0.0893036527322723 0.0410875224081939 0.0660336513359771 -0.0820788642768513
-0.0908056175551401 -0.0248640737452619 0.0912967126419536 -0.0348921241298107
-0.0356653667648283 -0.0820696450740059 0.0832490179184559 0.0374437031128761
0.0278296020154443 -0.0828095714433683 0.0507387254764743 0.0490582851193841
0.066015968100072 -0.0602185939117056 0.0359435383717555 0.0344548426613959
0.10697188552736 -0.0458153867153521 0.105021960467067 0.0209664681364873
0.165522568989695 -0.0337578224690053 0.109019711021733 0.0210813620506027
0.103266889433989 -0.0989409242724803 -0.00610398865084388 -0.011274055762294
0.00333203969197793 -0.128911308744641 -0.0379201487980558 0.0713680789617475
-0.0990697918410027 -0.0781201729917364 0.0524060784639741 0.108763181125179
-0.135380545129259 0.0112671380040188 0.12209708174179 0.0385127261639155
-0.102328556911952 0.0830899849975276 0.110388234135097 -0.0495695991082736
-0.0582461029891814 0.108310512147229 0.0618390520905915 -0.0858136436775133
-0.0515100721175437 0.116250850199738 0.0300830272192906 -0.0807593318151758
-0.0703247423764134 0.104853964578661 0.0140687036355784 -0.0754156964690435
-0.121071317759723 0.0839656622658852 0.0205405443516875 -0.0683554404215066
-0.147936226799606 0.00260224946416279 0.0421858374885232 -0.0608052060934933
-0.10148191166069 -0.099248795084456 0.0750282596745774 -0.0130949704696049
0.00212644885058282 -0.150234121678924 0.0763116520633104 0.0206976157243767
0.103703150128965 -0.115196871159105 0.0516049369168817 0.0401515048598371
0.169648947934588 -0.0542708746029307 0.0661099806160952 0.0295833500295529
0.201469671618129 -0.0130318308022042 0.0315103129590885 0.0262818228779531
0.149680638299716 -0.104587789104462 -0.0392777960372993 -0.00520504823292122
0.0318421023973346 -0.165938856081978 -0.0675578771666323 0.0560403422427733
-0.109491282380045 -0.118071045479549 0.00307312106941772 0.0925850722958457
-0.16655592935302 -0.00581830812514766 0.0593623370509894 0.054902812255088
-0.133813293215427 0.090171270565948 0.0672446153837219 -0.00104772480928268
-0.0781964637043006 0.127754241268482 0.0394678915049085 -0.0271867480105584
-0.0595418619631724 0.137249406925977 0.00821515261440198 -0.0268206592706539
-0.0718890892154055 0.130014186226762 -0.0144499924644175 -0.0260814016813632
-0.129566329011142 0.119234232120571 -0.0245416743432501 -0.0348251301203438
-0.179167997748188 0.0373041256570354 -0.0187343915628194 -0.0607255107510407
-0.154969754932665 -0.0905317934396559 0.0383910711570594 -0.0541864806677804
-0.033053068667296 -0.19062489655449 0.0754251298163652 -0.0144485883389438
0.122512559458797 -0.156226211978748 0.0559828912090691 0.0367643910209648
0.210031144129227 -0.0583409631264284 0.012910301503408 0.0390787349791265
0.199937232386277 0.00928276173992533 -0.0424698962484686 0.0220324738959569
0.165825721855723 -0.085466048045339 -0.0609107836579167 -0.000864348899035606
0.0572741358126888 -0.160962625854928 -0.0711851303282345 0.0279282556370313
-0.0895888019391347 -0.133328246149567 -0.0328771325802907 0.0448511753705342
-0.160560815326895 -0.0262312768875617 -0.012080811302554 0.0433208105298
-0.139355214184727 0.0776112368836003 0.00734667727350644 0.0364977047469299
-0.0858483610667319 0.125597459214842 0.00577381836094635 0.0323932299313055
-0.0593319698498518 0.136431514638369 -0.0143971514408595 0.0306962054921905
-0.0638071675338962 0.135089841699654 -0.0363654859992092 0.0318491005662418
-0.117732405993444 0.132476427034043 -0.0603282899480966 0.013329830553055
-0.177131385752717 0.0600569755536814 -0.0734745888908445 -0.0376544503236797
-0.173621371718937 -0.0702551973006422 -0.00877099214954816 -0.0695807720605362
-0.055077113060408 -0.197468385989531 0.0513776256113631 -0.0369763278271212
0.127441180814763 -0.169782886607491 0.0405206544093851 0.0312741903632993
0.222412073860723 -0.0513499159089334 -0.0497173500812365 0.0449108941062991
0.16823238785855 0.0243019268965531 -0.101386045514133 0.0143762633113795
0.149353901799124 -0.0590896380453484 -0.0664136510946931 0.00832997682729264
0.0625218025006875 -0.130299535757143 -0.047348900128624 0.0050758172788501
-0.0625784883959292 -0.115774419859655 -0.0386316722814478 -0.0129581007806485
-0.126296848079642 -0.0306143069768402 -0.0683035975077487 0.0101491714120524
-0.116742083402801 0.0569042135066256 -0.0525350012797246 0.0563927512414126
-0.0747242898213165 0.103884370962769 -0.0298291007130989 0.0803694711055511
-0.0496460997957746 0.115612212723612 -0.0356594483759701 0.0829085300468823
-0.0491363622482696 0.117920260977489 -0.0524866291007042 0.0860759566772448
-0.0934828572087871 0.119375718688002 -0.083672536766865 0.0605513966258777
-0.149610994358817 0.0615813744995691 -0.110583106251622 -0.0068746351529123
-0.157267452136002 -0.0517514520262714 -0.0479518897657345 -0.0664412271688566
-0.0531730317586497 -0.175842574172519 0.0185274651992889 -0.0418362744139712
0.120867458922325 -0.151504089467711 0.0101057221942238 0.0269027615710747
0.203123692902322 -0.0305153642181204 -0.113010040345568 0.0440721082354843
0.11495548611839 0.029050132322386 -0.138014851178937 0.00939622271148583
0.10872191637494 -0.0413689224388255 -0.0593814944886663 0.0197028866228916
0.0408788362667717 -0.0943698515316368 -0.0132730374765819 -0.0103932241715643
-0.0468225603640852 -0.0741038196704631 -0.0298835955131683 -0.0607440124240239
-0.0820228053328076 -0.0154591627681153 -0.10160099998858 -0.0222977521390815
-0.0731104517048865 0.0391698300703046 -0.0960141922346921 0.0639157929257705
-0.0480234619221923 0.0698351172185363 -0.0586246002447381 0.11355850411431
-0.0333322970363285 0.0768339402615746 -0.0519598475953206 0.121039948362963
-0.0327226050601782 0.0817710590552635 -0.0631446740063278 0.126879847164767
-0.0626422768985202 0.0854959646677945 -0.098746590631976 0.0955868931350817
-0.105125120305516 0.0476932304671122 -0.132071238463807 0.0185066364708994
-0.117038144299134 -0.0364256013544828 -0.0737845337159035 -0.0570927067698415
-0.0365003567091041 -0.134976136950449 -0.010880833894336 -0.0381034942075843
0.101712229744651 -0.110413143374142 -0.0226156186855019 0.0209834516661428
0.152780036110454 -0.00245977629214237 -0.16552271342197 0.0354131809729244
-0.076699074749559 -0.0253816221786939 0.208940279699238 -0.0360755992233625
-0.0611506481072682 0.0526870528458735 0.0461571391922059 -0.0589167494395321
0.0131941844763996 0.0704422659705033 0.00989887793192296 0.0285904857022939
0.0561637329023865 0.0154464577481988 0.0782463448499901 0.068533171042483
0.0426101735718022 -0.0205329332895167 0.147242622700662 -0.0180747215221339
0.0232442004864358 -0.0358113406545807 0.115351680983956 -0.119971375563767
0.0105819706945864 -0.0372956708246899 0.0672349383349269 -0.154883530846427
0.0111462290298334 -0.0259650350027784 0.0580783674975622 -0.143117394770554
0.0164786959425201 -0.0232233796159052 0.0769865479222862 -0.1265186760071
0.0233950106512001 -0.0218633522261053 0.109262048988277 -0.0684114215809277
0.0369328708337605 -0.0109854490511945 0.11919858427201 0.0223584657151578
0.040385675368459 0.0240525158406595 0.049316914344128 0.0827307725592399
-0.0074612744521801 0.0566698111530138 -0.000163750576765241 0.0446197019431831
-0.0539559046114131 0.0205936971979042 0.0295919764356807 0.0138748063833961
-0.0452483023349576 -0.0377399265178605 0.134367804332233 0.00779269636218126
0.00921749773572083 -0.04128790332579 0.207112710169768 -0.0148710654749901
-0.0169520832743748 -0.00564842652276285 0.0478345752490662 -0.0405562758950803
-0.00422190110431253 0.0100649170920821 0.0143399596090119 0.044894024058499
0.00107654349265868 -0.00244279282584093 0.090963042970256 0.0761884573281393
-0.0144434430590126 0.000491473090481001 0.157980728744725 -0.0125842874087657
-0.0147115339267064 0.0105633381359504 0.126442983923635 -0.117945108477494
-0.00958067062225873 0.0167658422795533 0.0727211280164334 -0.155775476548213
-0.0134493648553092 0.0276215356754074 0.0570782919137053 -0.142147002237905
-0.0227556746720321 0.0213867563715896 0.0676039776064265 -0.125725452557451
-0.0371962013151962 0.0037297452738936 0.0983525806885436 -0.0777500661673366
-0.0243481402746394 -0.0286165653157351 0.116027676035758 4.17160866720309E-05
0.0157163746500299 -0.036394146713054 0.0671422821756607 0.0743438825394053
0.0243227506200525 -0.00696491427170322 0.0163617656134492 0.0553235711613956
0.0100982434518261 -0.0110738454457544 0.0246780413842677 0.0226416147069065
0.0321889781985229 -0.0391065201108079 0.127241509165735 0.0135938716093599
0.0957553431768207 -0.0445088901066825 0.17162322146862 0.0063815307016178
0.0409372701871418 -0.0615864442647096 0.0274058340185282 -0.0237576974595446
-0.00978838939476073 -0.0618397509717197 -0.00418967559257064 0.0650177470798406
-0.0562289579626946 -0.0331857006347267 0.0854955279731434 0.0959395761597752
-0.077333812679483 0.0141188868843233 0.15353706768642 0.00886153545854692
-0.0582928390839936 0.053800382310115 0.127883203566056 -0.0927545084199153
-0.033018531773739 0.0685317510326579 0.0716929600379215 -0.13099535592387
-0.0349873619216407 0.0770612856943949 0.04664559038439 -0.120646681222077
-0.0530559159250857 0.0655162927848694 0.0435816573354361 -0.108820304498107
-0.0883078480784535 0.0408034302326992 0.0652325678924998 -0.081374585415725
-0.0903436008399551 -0.0241887231969024 0.0905880534272158 -0.034648695998444
-0.0356193384226898 -0.0817335510069713 0.0835201340336042 0.0375812341629022
0.028244937069697 -0.0820612709538831 0.050584926580392 0.0488426885832582
0.0658105396585151 -0.0598275548590547 0.0358379801263531 0.0348565330226879
0.106424427522587 -0.0456993184232456 0.103838880768979 0.0207017597891663
0.164239739133717 -0.0334764324205723 0.108569785462555 0.0209105921554831
0.102438750445552 -0.0981580773841383 -0.00599400865156711 -0.0121291630000401
0.00354949118566895 -0.128126709354374 -0.038391220972884 0.0712506688926477
-0.0984903277090136 -0.0771861383907659 0.0515931296330193 0.108947255471819
-0.134789070056446 0.0119401809850693 0.121843645175105 0.038511305835763
-0.101563972575099 0.0829760721039569 0.109453798355316 -0.0493874295555665
-0.0580809136875383 0.107844920239716 0.0615670327871781 -0.0849212215480706
-0.0509811354494765 0.115719832717503 0.0293275405777259 -0.0799897535249831
-0.0695976565847511 0.103841072307985 0.0136886771660045 -0.0749737253894054
-0.120077941101058 0.0836831419943449 0.0205165566673445 -0.0682760889856503
-0.146925662696268 0.00266439110417202 0.0418045895746856 -0.0600937846887629
-0.10049502144602 -0.0987167193241946 0.0752772660525536 -0.0133284111803095
0.00207148327034026 -0.149049354479234 0.0761000320344698 0.0205321009193459
0.102613376091884 -0.11417444929228 0.0520397818757546 0.0400153058370018
0.168519007781857 -0.0542737590028101 0.0657200717381497 0.0290015828119271
0.199993858106947 -0.012745174198879 0.0317524944099018 0.0257424910774828
0.149214398673483 -0.104319704141194 -0.0387439332670206 -0.00565778251429775
0.0318476432110156 -0.165195964408731 -0.0675566848276751 0.0554968008320222
-0.109212785509155 -0.117697871582804 0.0029043152550719 0.0922212114632155
-0.165501429403115 -0.00528144777586004 0.0594680895611483 0.0547587719579086
-0.132734518648047 0.0897303186398913 0.0667005010632552 -0.000618057236835759
-0.0782219779245038 0.12744302554324 0.0390570831397001 -0.0263733961976889
-0.0590938846047732 0.136473034768942 0.00863766000421923 -0.0261120700547423
-0.0716459025695182 0.128943552084767 -0.0143248191038547 -0.0256498869589554
-0.128564269062809 0.118597560184714 -0.0249741799921882 -0.0345606775120388
-0.177725373285728 0.0372016239132183 -0.0195341101026663 -0.0604793252565989
-0.154343646062023 -0.0899406551557171 0.0389008830812275 -0.0533478439768258
-0.0324757212791781 -0.189518368458 0.0756601488186124 -0.0147037979367988
0.121737363776616 -0.155182771195225 0.0562011054906338 0.0372839948397409
0.208471712466374 -0.0581533394544546 0.0130889352730497 0.0381416800974214
0.198661934674189 0.009067404141006 -0.0418796460038527 0.0216948779947459
0.164333037822293 -0.0852288592659685 -0.0593789335866082 -0.0010715959295202
0.0571207553389088 -0.159907600105747 -0.0713168728573016 0.0278112546704573
-0.0892811452785914 -0.13270748031329 -0.0330711328587812 0.0447883220948108
-0.15966692466073 -0.0255430724093872 -0.0119821251528752 0.0434856477835893
-0.138617354496338 0.0768896655532376 0.00727251490170925 0.0368333278640241
-0.0844563910454236 0.12461597476478 0.00620882929480533 0.0316959404996374
-0.0592118577094134 0.13594458097776 -0.0140886089353061 0.0309772276563432
-0.0629730556174069 0.133662823301297 -0.0358370463889973 0.0319492513818949
-0.117130289197161 0.131955086425053 -0.0597931707459467 0.012814080739335
-0.175775602524082 0.059749278800805 -0.0737064835377808 -0.0372668734928785
-0.173072265747035 -0.0692950209820354 -0.00864813971268961 -0.0697209334995069
-0.0541734810441165 -0.195906611133845 0.051192828388771 -0.0372336610106265
0.126502478683467 -0.168596634967652 0.0410410229495724 0.0306246096964417
0.221029161903569 -0.0513606396096014 -0.0494079347521159 0.0444807014966867
0.166890456800977 0.0241812779688129 -0.100252003857505 0.0140609161602204
0.147760105117723 -0.0592849887538674 -0.0657587848758244 0.00788284219773604
0.0617584027811503 -0.129109790001338 -0.0468734468303549 0.00496684520542375
-0.062319601977396 -0.114748548502729 -0.0388404182831207 -0.0131935169981802
-0.125972555399813 -0.0301977189217939 -0.0680138583631934 0.0097584958591059
-0.116084318530565 0.0567694105597811 -0.0519023474936685 0.0561287110755608
-0.0745879916439372 0.10341114726965 -0.029192555576657 0.080058643982559
-0.0499405118089329 0.115118723898992 -0.0347426742435765 0.0819591587634009
-0.0491144892503672 0.116876485890371 -0.0518351423166761 0.0856013141150285
-0.0932403505567309 0.119257322531483 -0.082804840151389 0.0599515068872556
-0.148510935213517 0.0614261866900139 -0.11030084513692 -0.00650276989412352
-0.156363138809991 -0.0515626174338711 -0.0479770133843894 -0.0666261174194883
-0.0524481849186007 -0.175176638404997 0.0187716643780541 -0.041588312736415
0.120153625951078 -0.151263880137395 0.0103681010185403 0.026383358643545
0.202012328817337 -0.0306878059632228 -0.112188984008058 0.0445841139639792
0.11430251635974 0.0286930914594014 -0.137115749103452 0.00935106879093313
0.107978020926902 -0.0413520720113366 -0.0589006750293599 0.0195499244683825
0.0405736809433577 -0.0936852225322301 -0.0128122157803091 -0.0101978121804736
-0.0468585146822029 -0.0734305172986867 -0.0299532646925071 -0.0607506856401658
-0.08179248958637 -0.0147683436138681 -0.101451007239795 -0.0224396567730735
-0.0729861105176965 0.0392945147785067 -0.0947500730173507 0.0640405428358177
-0.0472956805992973 0.0692219801655329 -0.0583052745945471 0.112594164622837
-0.0333215197819102 0.0763720614532735 -0.0513392646502246 0.120352995587378
-0.0324953780187343 0.0810761178878113 -0.0628189086351737 0.125684352721105
-0.0621379542982232 0.0854350914431048 -0.097575866393214 0.0952351094903726
-0.104330972525223 0.0474162181941578 -0.131099876275548 0.0181370634343609
-0.116601930886477 -0.0358399555863844 -0.0733631294743471 -0.0575381783740311
-0.0360346895582441 -0.134174143770996 -0.0101484610815205 -0.0381714014001753
0.101279066451797 -0.109249540076687 -0.0228475687503679 0.0208558637387921
0.151011521603473 -0.00221007188881443 -0.164177081947043 0.0356953121696646
-0.0767085585288421 -0.025323896205308 0.207990288576593 -0.0364153572985815
-0.0611086457920717 0.0525538958436586 0.0454116855117312 -0.0586784482804737
0.0131847125598566 0.0702516239844035 0.00921449506993846 0.0289417026094449
0.0559493155334038 0.0155945925916356 0.0782231399641389 0.0686142729576305
0.0426568774474998 -0.0208053338954215 0.146860883978967 -0.0174502358249176
0.0229696642800502 -0.0354682671639798 0.113806986964059 -0.119378060404515
0.010267409551823 -0.0370788602045584 0.0664593898455023 -0.15385426600219
0.0112428394224095 -0.0261096341742352 0.0583157724385561 -0.142270110318814
0.0163851579035298 -0.0234275042720194 0.0763206445497262 -0.126299567440477
0.0230456701127065 -0.0218358409610026 0.108555866404129 -0.0679949751598817
0.0361857868278174 -0.0109718227640291 0.118588291407719 0.0221741808667226
0.0402287981807577 0.0237852283803776 0.0495291026936632 0.0820240342032182
-0.00698068859067782 0.056445392807251 -0.00067876410774847 0.0447627046069529
-0.0535862641443799 0.0203985865428895 0.0291854837219163 0.0140520941043653
-0.0454768948864285 -0.0377817091193004 0.134010180357102 0.00785703524099079
0.00908800272136276 -0.0415774483891021 0.206824095735611 -0.015288379061486
-0.0170972968401295 -0.0054137988752141 0.047426465537012 -0.0408802401479683
-0.00385393340098804 0.0102453623423484 0.0136618952712533 0.0446082110701385
0.00137819328981589 -0.00232022827714304 0.0905809340491157 0.07649541753872
-0.0140228059059718 0.000249408828166645 0.156971615930455 -0.0131779237833085
-0.0145910250950177 0.0106252132915152 0.126039725747451 -0.117298676922211
-0.0097128329576322 0.017000076054072 0.0720275095045198 -0.154480996235168
-0.0131122203037158 0.027670184446795 0.0565886495524575 -0.141742901383599
-0.0227085297741676 0.0212223662762631 0.0670974075765678 -0.125113731237465
-0.0370477990211015 0.0038870189613926 0.0972367748411259 -0.0774912465189742
-0.0242712874203303 -0.0284439222246332 0.115629092027875 -0.000118252176074683
0.0162806668528569 -0.0361932930733468 0.0676383957765031 0.0738216362036648
0.0244267415281372 -0.00693322874503388 0.0164002193515673 0.0548796749594367
0.0100319606172176 -0.0109240399575723 0.0248298729275796 0.0228389887617175
0.0319764443423699 -0.0394105069854021 0.127146235565145 0.0131550057474965
0.0952702627941325 -0.0449191746780079 0.171113689479024 0.00570199274166368
0.0403378718272259 -0.0610070868351743 0.0275536785713097 -0.0242599687485278
-0.0101319554342168 -0.0613326660564107 -0.00400795243970148 0.0643762249861108
-0.0558663963984142 -0.032887982368089 0.0853093002152428 0.0959276496099812
-0.0767421778167784 0.0143601223775815 0.153785747809666 0.00905826983300075
-0.0578743964399961 0.0539575075237913 0.126996770625857 -0.0923235774567078
-0.0331595485059999 0.0682048203051617 0.0713118487213227 -0.130378290486305
-0.0350706943254994 0.0770155922350984 0.0462363120372729 -0.120268205144307
-0.0531775915606966 0.0654836501187732 0.0435779924879287 -0.108853051673996
-0.0876989929072648 0.0407920553602903 0.0649131770308451 -0.0813758857464622
-0.0901176500948033 -0.0236313395079043 0.090158742639686 -0.0343735830019626
-0.0350284230322267 -0.0814423917582521 0.0831470565194211 0.0377762371663037
0.0280944545444741 -0.0813031882407034 0.050224154289323 0.0484289134145071
0.0652895273425438 -0.0597138302947674 0.0358447561302012 0.0348227155049206
0.106265332936674 -0.0461886330111777 0.103605568795424 0.0199568275436839
0.163490993371349 -0.0337754637005397 0.108034293805003 0.0203441866090388
0.101833606038348 -0.0980303196306692 -0.00587067754437606 -0.0125847995245302
0.00315653740832387 -0.127627363562034 -0.0388126707648474 0.0705711021939414
-0.0984820970471014 -0.0768558228332632 0.0516876302651519 0.108782216175185
-0.133592631363361 0.0124148017682128 0.120845236169404 0.0382144487216916
-0.101220241744596 0.0826279684146695 0.109202889342793 -0.0491980509682826
-0.0577087111331624 0.107489133842672 0.0610456092823631 -0.0845904264481939
-0.0505603250277872 0.114842257332751 0.0290858951788084 -0.0797664222486837
-0.0692995090042257 0.103810721080752 0.0136545205895223 -0.0745425394330922
-0.119558448776115 0.0835876799453256 0.0203744914703807 -0.0680527060421517
-0.146166453115744 0.00292350972089688 0.0414609298256994 -0.0596797220423567
-0.10078937900767 -0.098057870461113 0.0754559748394346 -0.0132496809471365
0.0023036369061469 -0.148703370136876 0.07585845295767 0.0201174529078199
0.102359959435099 -0.113910968756041 0.0517685372730743 0.0400785769398341
0.168109056077702 -0.0542740706031768 0.0650733379691179 0.0283552870212796
0.199116914442027 -0.0128803494042432 0.0314738322182603 0.024946865861015
0.148177958658754 -0.104080509990772 -0.0383966965493369 -0.00614822638516479
0.0317319903911444 -0.164069761709182 -0.0677100634985439 0.0553649375534395
-0.109177601864666 -0.116741896932663 0.00227793633527417 0.0918572771677128
-0.164873117108347 -0.00471377112039639 0.0587555670482971 0.0549246073923484
-0.13212310649272 0.0895093095393397 0.0664181583739231 -0.000562364979890504
-0.0774628077756701 0.126925484869537 0.0389275635297541 -0.0268195284911728
-0.0583838727581692 0.136151938117726 0.00856835350477553 -0.0265793970990622
-0.0710985489235995 0.128920344308276 -0.0141572593743315 -0.0253412480072934
-0.128002493471678 0.118333066093136 -0.0248471450092643 -0.034158712872048
-0.176670157380054 0.0379541038187269 -0.0192355985178262 -0.05951681024437
-0.153695691387565 -0.0889352768596772 0.0390502558424524 -0.0533809972591295
-0.032505234546935 -0.18864561312509 0.0762188195116324 -0.0145987581029784
0.121645780468504 -0.15480845672467 0.0560503883151129 0.0369659926544843
0.208154131778402 -0.0589758720395395 0.0126323036104774 0.0379935878967742
0.198123321363992 0.00903972349216841 -0.0415896042795204 0.0213596049811505
0.16370518312156 -0.0854072495849594 -0.0592406089101432 -0.00141442406991208
0.0567344557621376 -0.158912425458268 -0.0708556035797646 0.0275146724205041
-0.0893967128198582 -0.131676503392975 -0.0337194433339993 0.0443473985740303
-0.158956740211436 -0.0252467018595522 -0.0123645173871474 0.0435302519583793
-0.137746211633107 0.0767283685444517 0.00767333635892208 0.0365900527230809
-0.0843505436966086 0.124121681884863 0.00628545443015091 0.0317610436657616
-0.0587125773933297 0.135831346210298 -0.0138963036987312 0.0309196834971787
-0.0627596825306522 0.13353019119904 -0.0356601747739971 0.031750297336499
-0.11587084960663 0.131446097863382 -0.0597877562966994 0.0132155252528281
-0.174965800154921 0.0603154229653296 -0.0732267055218114 -0.0362564141909365
-0.172174453028372 -0.0695292730345348 -0.00848664869198991 -0.0691435528019246
-0.0538928448559667 -0.195217209352856 0.0518223217580144 -0.0370742064535664
0.125725411276941 -0.167811089549345 0.0412036012203411 0.0304276699203676
0.220615137089706 -0.0518151981116858 -0.0491317190300818 0.0447333511479503
0.165976388255366 0.0237833130432528 -0.100275390222915 0.0142767873101588
0.147415463606775 -0.0596327317836873 -0.0653332708746812 0.00744312617549209
0.0616578651059719 -0.129365979512232 -0.0465676083790524 0.00474717947346983
-0.0623682189649902 -0.114184115770968 -0.0387758662185337 -0.0135401458754118
-0.125472527395838 -0.0302109698451207 -0.0678848827347824 0.0102134318710554
-0.115415935367912 0.0569017375593509 -0.0510315801722573 0.055718130295358
-0.0744237924441523 0.102882916651216 -0.0290653005090697 0.079483042639261
-0.0498230976394339 0.113969799873345 -0.0349108796001465 0.081622988677483
-0.0490139931201443 0.116721657380401 -0.0508377855827093 0.0855724016849164
-0.0921682524361219 0.118302999683981 -0.0823611136040231 0.0601605972140276
-0.148210811039788 0.0612534761385284 -0.110059761611447 -0.00616690891504041
-0.156079239935947 -0.051000049646407 -0.0474305160974964 -0.0662407259305648
-0.0522171853396811 -0.174137057749287 0.0193861724791509 -0.0419290007229283
0.119899878863212 -0.150490924598808 0.0106096933165507 0.0262927682336711
0.201437018696334 -0.0302869182363636 -0.111994521991383 0.0444408651751699
0.113548009777435 0.0282050405015008 -0.136103369953568 0.00961023832015244
0.107376980663175 -0.0414388224273732 -0.058703675158467 0.019310262417311
0.0401213771157903 -0.0936088572583564 -0.0128931282016359 -0.00996685839197068
-0.04697785601548 -0.07311497536962 -0.0301804195251762 -0.0605249555499834
-0.0814204883397457 -0.0145858859410318 -0.100813992755833 -0.0217396990198913
-0.0720644784233617 0.0390356347355518 -0.0944607894337075 0.063880191027319
-0.0467615150957301 0.0692358149531518 -0.0576210333160773 0.112068059679587
-0.0330978562938528 0.0757692551221209 -0.050877889869836 0.119949333438059
-0.0324382022642795 0.0805597530268677 -0.0625290072615366 0.125369933760742
-0.0616879552262643 0.0851786517026541 -0.0971427852718278 0.0948827054074127
-0.104140454077408 0.0476530298489159 -0.130679855486811 0.0182724301565021
-0.116503560686065 -0.0351889498857864 -0.0727848031741139 -0.0571993736793118
-0.036362742577169 -0.133839727910004 -0.00962865337938071 -0.0381548537449168
0.101217545555766 -0.108961273694242 -0.0225212354726262 0.0207540875508488
0.151044929940467 -0.00211895773008667 -0.163714517875078 0.0354171382979489
-0.0765258754099674 -0.0249515476695505 0.207325532942964 -0.0375622283379456
-0.0609336267610131 0.0529948670789304 0.0453164505705058 -0.0587957851614306
0.013594193323787 0.070419898352186 0.00887575450993296 0.0287811652722819
0.0560803030868091 0.015258352149919 0.0778424310837512 0.0687762677818791
0.0424988034412376 -0.0205004115552545 0.147097001692793 -0.0177470816043331
0.0230270978268581 -0.0359166915412418 0.112608004186194 -0.118948239692725
0.010291507644129 -0.0368550403384436 0.066239847227524 -0.153849752069107
0.011106532118597 -0.0254656427801938 0.0573381267496604 -0.14215773607282
0.0162034184907395 -0.0231356320747155 0.0757642731505911 -0.126132078329577
0.0232748141602569 -0.0217943740777446 0.10836424787653 -0.068029479762288
0.036499776474422 -0.0107505901363158 0.119171522266991 0.0216537895816258
0.0401783016634088 0.0235495607867293 0.0495800269162977 0.0819799245682001
-0.00693513119675153 0.0565861220370051 -0.00125187973157015 0.044919377825382
-0.0531917910071976 0.0202194280778759 0.0291751865692738 0.0144564674660689
-0.0453672090411251 -0.0378967654700618 0.133629988139469 0.00713345223254699
0.00865941237638689 -0.0411855235161436 0.205685069162946 -0.0158905491882624
-0.0172754651220253 -0.00542936458717305 0.0471375586602106 -0.0411862750787074
-0.00394953488721701 0.010284769604782 0.0133443484961372 0.0446125703968609
0.00154853858194286 -0.00232976131778227 0.0905887394591177 0.0765177970148845
-0.0143813649274976 0.000461141020276894 0.157070388085137 -0.0132227099133506
-0.0145073378144633 0.0106329217302129 0.125255081715413 -0.117409402758378
-0.00981082981406457 0.0170643521991333 0.0714101921191427 -0.154431440385348
-0.0127868985079002 0.0271967090290694 0.0560526027556268 -0.141834763696179
-0.0222483425979544 0.0210875312500047 0.0666908566609023 -0.125157418857678
-0.0368105095736627 0.00400763769736806 0.0968311514791819 -0.0776130335997329
-0.0241635987562495 -0.0285871899847408 0.115582099747583 -0.000501824433597223
0.015578990090017 -0.0364026114302597 0.067289896328697 0.0737422278516675
0.024446195563043 -0.00669912964629771 0.0163250042920028 0.0553255681048978
0.0105962048469368 -0.0110696476105495 0.0247049962610749 0.023591752168996
0.0321524224841489 -0.0396497650367062 0.126449016124666 0.0128804887073389
0.0947245793543487 -0.0447961045838339 0.17107014225712 0.00490284710207088
0.040410671525225 -0.0611239433305213 0.0267571007851814 -0.0240830760585299
-0.0101750896825445 -0.0607993822527031 -0.00474945491569014 0.0647117429788055
-0.0560896133935598 -0.0325495507882749 0.0850594951129693 0.095871305413436
-0.0763271015717472 0.0146009761841353 0.15361706337688 0.00833668410479111
-0.0573074731698699 0.05417856555718 0.12647667957257 -0.0926337980730532
-0.0326322741659268 0.0680147842416346 0.0710879260624595 -0.129735231200707
-0.0344846680398015 0.0769098087664207 0.0457894024079105 -0.11987292800145
-0.0526542848233082 0.0653953006522854 0.0434174270235723 -0.10861351571507
-0.0872057711963772 0.0412290078657378 0.0647317345022322 -0.0815410668094835
-0.089626850633531 -0.0239322447698985 0.0899426395800639 -0.0346135628599355
-0.0355851643106548 -0.0810424865947865 0.0839159758947076 0.0369997473879094
0.0279761910777434 -0.0811336804982073 0.0505501301414863 0.0483045224478769
0.0651279747764098 -0.0594628991000228 0.0359252919935748 0.0353672578585006
0.106444047961581 -0.0464485793063396 0.102917467868492 0.0196013785979699
0.162498823333187 -0.0346969525619675 0.108323722522167 0.0199374708571142
0.101447758825349 -0.0979921813600503 -0.00627749599807946 -0.0128937624986459
0.00284383571871535 -0.127774975336385 -0.0390543270528078 0.0716296463411294
-0.0985149124095137 -0.076605391877909 0.0509731421713819 0.108798054210268
-0.133620281173122 0.0129664157088582 0.121129702716991 0.0380144129218469
-0.1006688365898 0.0830056172155711 0.108555125629984 -0.0491351216122262
-0.0571988359035762 0.107316817442996 0.06044515595962 -0.0838266254895057
-0.0501348109673649 0.114780261483889 0.0294328835616215 -0.0795081766861682
-0.0692440916752188 0.103697847819431 0.0135751312972933 -0.0741114693756061
-0.119112725641903 0.0843360781105896 0.0199005844898154 -0.0680772263569964
-0.145613264539088 0.00327243707562468 0.0414107808535699 -0.0591257772906209
-0.100590259449633 -0.0977583822782063 0.0754499358965684 -0.0131703534478999
0.00156792859706137 -0.148496606283255 0.0763496263191448 0.0202510739280723
0.102198915824624 -0.114049868937199 0.0520487385521976 0.0401399491189899
0.167957563267674 -0.0552818978040143 0.0646978077732689 0.0287205322189105
0.198178977077397 -0.0136336415047994 0.0315991832423141 0.0245651046920302
0.14766665749145 -0.104197961959619 -0.0387832403405805 -0.00720779161053703
0.0310535569493584 -0.163537440394005 -0.0676262253430013 0.0557472515620569
-0.109130672603752 -0.116114712598648 0.00216702170314327 0.091069622991921
-0.16441234646767 -0.00471933154788968 0.05920597929087 0.0546259390907258
-0.131261960922753 0.0897498339523631 0.0664804753236041 -0.000681837426572025
-0.0771846857471713 0.126651139600417 0.0385492992237756 -0.0265703656255667
-0.058403324551741 0.135325342773008 0.00902313173149091 -0.026369759755518
-0.0706277763954224 0.128515622085671 -0.013613851714755 -0.0249892066455079
-0.127297364328229 0.118857606194697 -0.0246037894351407 -0.0343012494266563
-0.176345081432082 0.0374898539046953 -0.0195156114033206 -0.0590590019758646
-0.153584532985498 -0.0889554069862657 0.0391052179908018 -0.0538656660816433
-0.0330362471317588 -0.188311216459081 0.0765091972195893 -0.0149164381017555
0.121091165010188 -0.154488672624846 0.0564707357036085 0.0368343056865627
0.207704814663735 -0.0589769839066785 0.0127702469109496 0.0381471791601814
0.196890577065258 0.00831096447926114 -0.0412990494802629 0.0212757515877644
0.163368824044135 -0.0855987674221937 -0.0593049640868398 -0.00227668830130469
0.0564865688377045 -0.159010789059914 -0.0707453724187835 0.0278019352836574
-0.0895352422085185 -0.131622428948127 -0.0332556988562425 0.044309929516895
-0.158460571253439 -0.0247763603275835 -0.0125362027316976 0.0437246497377982
-0.137025666407198 0.0770079519949227 0.00800139719736948 0.036718106348766
-0.0841149216668999 0.124007881680675 0.00633025582182338 0.0316365088590273
-0.058363343022448 0.135055911914527 -0.0134430172007324 0.0303580372406656
-0.0619175094909768 0.13295102970742 -0.0352780912754783 0.0324217427383595
-0.115289162583029 0.131752839258488 -0.0593980873080582 0.0131303982234399
-0.174536720425306 0.0607410174905328 -0.0733699722630029 -0.0362566236108916
-0.172043848919727 -0.0686267208560097 -0.0084549631204692 -0.0698225498548657
-0.0541266095344976 -0.194776353539354 0.0521489388682178 -0.0376315620918093
0.125267769850628 -0.167949145642647 0.041688932735188 0.030491487133379
0.220538648134088 -0.0517482191544341 -0.0494594908287446 0.0447057739082241
0.165233386133571 0.0233346987835634 -0.099636641849823 0.014334934247342
0.146820402772438 -0.0597761071961979 -0.0649380662817126 0.00721232627980365
0.0611070912975017 -0.128907270746551 -0.0464291828786137 0.00456028591925254
-0.0626888431477199 -0.113855281904794 -0.0391116634175183 -0.0136739414729739
-0.125278702644501 -0.0291917987794258 -0.0678271914452051 0.0105239259065138
-0.114586501881533 0.057059750751006 -0.0510602677952602 0.0559491562152085
-0.0734618258702309 0.102752266559084 -0.0284064951275973 0.079206218467766
-0.0499152745376019 0.114042406955461 -0.0342493770109835 0.0816619780738998
-0.0482981505656824 0.116693411586529 -0.0506930098437414 0.0855212789057995
-0.0921683544857148 0.118816898187236 -0.0817086162485912 0.0602975818131752
-0.147814834184287 0.061576229025872 -0.109709901876473 -0.00568584437508229
-0.155918845657359 -0.0506790965979879 -0.0473174000304103 -0.0663411333228636
-0.0522034200362659 -0.173806993674529 0.0196790091836376 -0.042379095615415
0.119256832077417 -0.150294005279632 0.0109465521284687 0.0261840357158711
0.201162866552053 -0.0309770655111002 -0.111784419766968 0.044440825553512
0.113172147532353 0.0280599873062473 -0.135555629061691 0.010220642497168
0.107223208937916 -0.0420705177344725 -0.0579662488914446 0.0194415338852063
0.0400371585079232 -0.0932808357227954 -0.0128530505403648 -0.0101336455632672
-0.0471444486314002 -0.0728493168751586 -0.0300694917858023 -0.0603911049225605
-0.0812730165527161 -0.0142763663769924 -0.101225440794372 -0.0213048053862167
-0.0717930920665972 0.0390289520232373 -0.0933742461034017 0.0636502006108634
-0.0464898218124099 0.068966820420223 -0.0564846187874331 0.11191199059813
-0.0331164706538611 0.0755806105958514 -0.0508705567766934 0.119954802179423
-0.0322605342548219 0.0802684642125315 -0.0614422186051451 0.125417464061488
-0.0615824778294911 0.0851787514024542 -0.0966976224551081 0.0950365038244336
-0.103902585096759 0.0476571782809484 -0.13013989385546 0.0184479125074447
-0.116788683397662 -0.0352195240394082 -0.0729823257410109 -0.0575494577587271
-0.0363820077837626 -0.133595740417703 -0.00906804741223548 -0.0384521621828167
0.100500668953083 -0.109359958423942 -0.022067620667447 0.0206963279812937
0.151159300827503 -0.00252099796877947 -0.16359466653073 0.0361256890474161
-0.0767349484808534 -0.0249950432127771 0.206993730803789 -0.0384359214612513
-0.0610508491751109 0.0530193762577843 0.0450132852414501 -0.0597904540839819
0.0131135758487102 0.070883172321321 0.00858249694169182 0.0285768036810738
0.0564174463058163 0.0149723738719571 0.0777630465706086 0.0684046683971475
0.0425323973141708 -0.0203260970768912 0.146847908094288 -0.0178462427813617
0.0227001102830014 -0.035562051630293 0.112599875901768 -0.119303579125899
0.0103569466281177 -0.037023545084452 0.0654886887369714 -0.15368269724289
0.0114195889203087 -0.0255539351581296 0.056761928458706 -0.142436387956453
0.0163541905699925 -0.0233533024714509 0.0751541990695174 -0.12662339397782
0.023211512114033 -0.0221206576692923 0.107755756513373 -0.0688787627494518
0.0365443017553167 -0.0108698760138432 0.119067302334477 0.0208764957996033
0.0410197024564743 0.0233442044085181 0.0498727765306609 0.0818609804324803
-0.0064032009077319 0.0565882745685434 -0.00139830460957173 0.0451010222577952
-0.053105081151556 0.0206765956707743 0.0292715663305922 0.0143811112453092
-0.0452105606175702 -0.0376647961489681 0.133608791936382 0.00636727685902882
0.0087182640907976 -0.0418436240901598 0.205933009480387 -0.0172883604065584
-0.0173303527295806 -0.00529463924725843 0.0472695878316438 -0.0420017595978841
-0.00390909390137169 0.0104601296742087 0.0128024239267791 0.0450196998663722
0.00126337507125083 -0.00205980200592323 0.0911478269799471 0.0764287625418918
-0.0137192319292395 0.000770953209445346 0.157093816821119 -0.0131561889427992
-0.0146260361972772 0.0108766289353436 0.124310235035969 -0.117535776393862
-0.00974392881222955 0.016993229763113 0.0708947947109682 -0.154195838739016
-0.012870684403983 0.0273242859939732 0.055510708011457 -0.141650516535931
-0.022121957363065 0.02155276776898 0.0660904672565755 -0.125229444005049
-0.0368446161570146 0.00436836667287112 0.0968967423898411 -0.0779163046244077
-0.0242589544463655 -0.0280122394598723 0.115760806381727 -0.000780400268360354
0.0156872433756399 -0.0363947311296845 0.0677375598168195 0.0735719991411259
0.02429176847194 -0.00667648787469908 0.0161707692242607 0.055349001474278
0.0104219067199406 -0.0109031881685357 0.0247474610392399 0.0234855311896869
0.0317165689421155 -0.0399970446722396 0.125804848770901 0.0122357335440453
0.0946044260279834 -0.0457371370365744 0.17083645485943 0.00385951894506979
0.0398392815444747 -0.0611059694101809 0.0272207527826527 -0.0245380929624343
-0.010540244962937 -0.0608921485009859 -0.00458063032425323 0.0653755592731127
-0.0559690088370903 -0.0326048992332351 0.0849217385278211 0.0955945454662269
-0.0764882505841512 0.0147553418918315 0.153847209468388 0.00789739103079898
-0.0573217818743659 0.0542171345223694 0.126015355501191 -0.0929076594684916
-0.032456463365002 0.0682513689620918 0.0703163145492431 -0.129957039507206
-0.0343288089426622 0.0770027731582001 0.0454690401403016 -0.119553535320477
-0.0523422457037151 0.0656653835783263 0.0425155217880708 -0.108133055103689
-0.0870284359545363 0.041764844169206 0.0642398155230861 -0.0814396480284585
-0.0897929370833512 -0.0232638271445888 0.0897685746066438 -0.034394106510439
-0.0353449485452374 -0.0809214944449157 0.0840210369569739 0.0365829856556909
0.0271463934478889 -0.0814411921661836 0.0508917792651614 0.0481735437226623
0.0653424839359889 -0.0595779570197086 0.0362251971896155 0.0352720334244463
0.106243215757817 -0.0474188071522666 0.102569713822611 0.0194876041415641
0.162167814258262 -0.0349897329993192 0.108523793305824 0.0191561231938077
0.100813408024846 -0.0984685365535491 -0.00637186440131855 -0.0134975934019266
0.0021827455240559 -0.127310750905725 -0.0391065333962775 0.0714388629126147
-0.0989968627986181 -0.0760597763483944 0.0511777858738436 0.108360560135466
-0.133548282122195 0.0135652152069484 0.121213225809057 0.0374439843670688
-0.100074381387674 0.0836731338603998 0.108706936945807 -0.0496678356408744
-0.0569162983176406 0.107828746350915 0.0602164291657473 -0.084445240322735
-0.0496998328157612 0.114924581855599 0.0295744684984956 -0.0792249500713007
-0.0689952371224642 0.104096127675431 0.0136206547132927 -0.0741350840080143
-0.118580483957459 0.0848716835574283 0.0199965839117013 -0.068035300723116
-0.145206010556901 0.00392576857625898 0.0410066702026674 -0.0597205876176352
-0.101130203013507 -0.0973105010229989 0.0754905659485638 -0.0139949528764266
0.0015651811206282 -0.147593287965188 0.0770199357611059 0.0199009234220072
0.10179002699768 -0.114145954600116 0.0522548972619264 0.0399174176718835
0.167380262319368 -0.0561752123576239 0.0647531711866595 0.028192171626611
0.19832576623444 -0.014618079124294 0.0320722052199736 0.0246254521229715
0.14725093993783 -0.104261637749586 -0.0383732597676779 -0.00725025035910984
0.0307302516286853 -0.163974195072665 -0.0680378461972052 0.0560497791453229
-0.109855823283563 -0.115590088434744 0.0021393700850468 0.0916130155058735
-0.164333956900903 -0.00369999083128383 0.0591244835027854 0.055088482730455
-0.130940035193322 0.0905969556708833 0.0665753541947131 -0.000599317619069948
-0.076338944939338 0.126735541377519 0.0380759751193048 -0.0264597154890416
-0.0581417163175058 0.13564899061439 0.00907036520479955 -0.0266085350507438
-0.0706456894175243 0.12870394700396 -0.013677230778147 -0.0246078657684972
-0.126986987023905 0.119358393756883 -0.024058338590997 -0.0339054557505467
-0.175547756699445 0.0382654841528244 -0.0198200804255735 -0.058987615792008
-0.153796320492365 -0.0881000440734397 0.0395210079644527 -0.0542977945841299
-0.0329801204453279 -0.187693143072946 0.0772393770259204 -0.0148655068783449
0.120332098156592 -0.155180361950713 0.0570950091600149 0.0367757184559655
0.207716063415352 -0.0605091623075519 0.0123971870952842 0.038480730929378
0.196665191581394 0.00757068170353534 -0.0408889583731151 0.0212552694050339
0.162652172231615 -0.0856286632954769 -0.0591558064123776 -0.001712185510009
0.0557967114007484 -0.159348204436689 -0.0711352998782366 0.0278078914917268
-0.0902284325169496 -0.131072769443164 -0.0336657768978175 0.0444035282931316
-0.158345461089616 -0.0238330401255245 -0.0123127268121163 0.0438791264773925
-0.136428286504976 0.0775960181775409 0.00868584036727315 0.036633846702869
-0.0832173658894595 0.124146419554446 0.00618792728945499 0.0319143389997273
-0.0578640296439253 0.135294979871501 -0.0131308551364163 0.030697538874978
-0.0616727285606367 0.133300110669512 -0.0353016389982219 0.0323035710153147
-0.115001741927734 0.132301820245493 -0.0586837389023777 0.0139237262737251
-0.173952522870477 0.0609820046185842 -0.0736873357329936 -0.0358266758770955
-0.172450225099513 -0.0683581049043445 -0.00842478671710475 -0.06971054659886
-0.0541850677422143 -0.194639440258549 0.0523141978760381 -0.0382804852256735
0.125143606318458 -0.169039255181831 0.0417036382782923 0.0301008447363528
0.219877182231913 -0.052730357657006 -0.0489658099800998 0.0449365243526666
0.164927010157097 0.0222055973491145 -0.0995933115545855 0.0150024976338828
0.145868736222951 -0.060614749061901 -0.0646037916318658 0.00728290483142406
0.0606445209116165 -0.129267109634317 -0.0464368978006216 0.00465636139496945
-0.0634102982142633 -0.113063472848357 -0.0390280419989844 -0.0138279519139534
-0.12548147444119 -0.0286015929711385 -0.0679865581953732 0.0106023110568916
-0.114526436450662 0.0571083270277114 -0.0500173235278553 0.0559728308630472
-0.0728045657006607 0.103243633827291 -0.0281320491177873 0.0792489965734189
-0.0494228338809454 0.113971314035479 -0.0337381565499124 0.0821193138074537
-0.0478240895876108 0.116572685897246 -0.0501531248504839 0.0855697028588424
-0.091271410244905 0.118814219036476 -0.0816685254286051 0.060321228062265
-0.147057181948963 0.0621305594519369 -0.109957074724895 -0.0052825064223089
-0.155865193205216 -0.0498783797862244 -0.047421947527207 -0.0666285013040518
-0.0523844599016646 -0.173669952505178 0.020157122123965 -0.0425719296972069
0.118788889660634 -0.150801722126384 0.011057239627458 0.0256723870196275
0.201691864507356 -0.0317121009478027 -0.111793370053744 0.0451922451662544
0.112344859611955 0.0276574342726529 -0.135289007261697 0.0109318534510339
0.106393564316852 -0.0426248922139913 -0.0581774384522166 0.0194233190426511
0.0395487615267463 -0.0937265365856875 -0.0124705746511971 -0.0098830713103267
-0.0472371096228286 -0.0727414505939229 -0.0301375902621449 -0.0606614990263735
-0.0812599848843185 -0.0140951213325724 -0.101318611477324 -0.0210337865439906
-0.071654478062981 0.0393764171591249 -0.0928690676387147 0.0642976090248483
-0.0464499895457462 0.0686508204705327 -0.0562010277491933 0.1114753998809
-0.0328783136408768 0.0756289702177923 -0.0501472149818147 0.120501437852079
-0.0319429303563494 0.0803712608634246 -0.0607623049201984 0.125400726932361
-0.0612231939775799 0.0854961289154546 -0.0962066122715183 0.094938588560784
-0.103788840876803 0.0479463915264458 -0.130896013701736 0.0193291180454202
-0.116338835140303 -0.0345917514635519 -0.0729035695664373 -0.0571464002724319
-0.0363847457454336 -0.133698304109304 -0.00871433591113654 -0.0390626732246784
0.100411591266074 -0.109182808523151 -0.0217768612347812 0.0205697507907967
0.151393617110389 -0.00329540008391577 -0.163150661437926 0.0368216346688978
-0.0765530622652584 -0.0245089950382205 0.206544473681041 -0.039596537008519
-0.0606444027263061 0.0536032857825958 0.0446429368072884 -0.0596607299403303
0.0133067722902586 0.0707956020576531 0.00811257505649016 0.0289374443301738
0.0563098393556368 0.0149376269537783 0.0784964195795658 0.0685409154188409
0.0426737155319265 -0.0212169530389742 0.147448655552153 -0.0184253930771605
0.0225539830165241 -0.0359527591059906 0.111669136792119 -0.119864684331698
0.0101124049913881 -0.0370090093023125 0.0644012916332934 -0.15402256024259
0.0113402190586902 -0.0256562526278517 0.0557041450165384 -0.142617210838155
0.0162530700414127 -0.0233316917960912 0.0738718015192448 -0.127143981258404
0.0227466598633659 -0.0221102792251492 0.107216594402604 -0.0695854455401836
0.036318826196937 -0.0112153085940517 0.119725932149277 0.0202945907182902
0.0412389776334534 0.0233553739385272 0.0507264001345684 0.0818449509828895
-0.00583563268012922 0.0566589664964541 -0.00127626513997338 0.0454738069156782
-0.053270420023917 0.0209203128744591 0.0292482754984851 0.0146342040373135
-0.0454933830010564 -0.0370917737646996 0.133705719324505 0.00576048273250972
0.00849817751057393 -0.0420167320812081 0.205778650831412 -0.0185837508532118
-0.0175152159998199 -0.00495623929626172 0.0464975556034218 -0.042556718370662
-0.00414761148090672 0.0104622457139926 0.013236267761098 0.0448473057839039
0.00131753414084746 -0.00212379228750192 0.0910885229890771 0.0763066012903606
-0.0136983579844038 0.000620211783078276 0.157408291492071 -0.0140842611863098
-0.0140930363139065 0.0111077158891559 0.123689250054206 -0.118266518239653
-0.00971546707939665 0.0172167901975045 0.0698411542840095 -0.15453941739437
-0.0122570109031933 0.027476307989321 0.0551992052668926 -0.14159075997049
-0.0220764721667127 0.0217564405849068 0.0652908854346463 -0.125726883087687
-0.0369973446396328 0.00467242995815627 0.095918222751066 -0.0789336781308369
-0.0241120961493694 -0.0282256393346852 0.115842334642259 -0.00122470403081894
0.01583431419678 -0.0364971542259369 0.0684437000725627 0.073091013432134
0.0245049424482552 -0.00624556597878645 0.0158481681656091 0.0552686517253671
0.0103391143169823 -0.0108982192926454 0.0249355515969836 0.023561398976258
0.0317718724365872 -0.0407908289197177 0.125896287440498 0.0111794232457002
0.0941061470222515 -0.0461042250208785 0.170917824996259 0.00273363521400246
0.0398401774088588 -0.0612295838541055 0.0266952774398211 -0.0254334361271442
-0.0108014957623539 -0.0607592799778314 -0.00499721639689811 0.0650221806430586
-0.0561968607757965 -0.0323253373406987 0.0852652422796011 0.0952965839467968
-0.0761769859613988 0.0158357292036554 0.153888483209712 0.00750300239218497
-0.0569185946086597 0.0544725004337363 0.125521629364226 -0.0934332479646917
-0.0319494446235528 0.068465756764905 0.0695353516036388 -0.130304080774835
-0.0337912485040432 0.077366758156536 0.0447441743037801 -0.120061997534712
-0.0524134217872217 0.0665073806474719 0.0424951022546463 -0.108545253051262
-0.0866547309177462 0.0424400835970058 0.0636216929866376 -0.0817229225668179
-0.0896982139397649 -0.0227206007089249 0.0900543993736201 -0.0352891697844605
-0.035975776208539 -0.0806836090264933 0.0842809815195211 0.0359896086618449
0.0269664693272332 -0.081279549763462 0.0513366540476267 0.0485891283695336
0.0649308003482153 -0.060000698406452 0.0362805876152919 0.0357001272053276
0.10567031919078 -0.048172061797832 0.103058838431048 0.0183437400135281
0.162081625731248 -0.0359054857459022 0.109125308614663 0.0180260112166503
0.100464731274427 -0.0992246291464316 -0.00634708235096509 -0.0138568801210673
0.00159628147279343 -0.127207272372234 -0.0395265123055405 0.0721044596800285
-0.0992943668942638 -0.0752516662837574 0.0517032667403221 0.108140349048572
-0.133708624127704 0.0147744386322082 0.121734338880136 0.0380001767588544
-0.0997462834796226 0.0842120506414522 0.108608385334333 -0.050130020301867
-0.0559964319121661 0.107892297180174 0.0597039329904153 -0.0843437928547573
-0.0492464767396756 0.115319566136078 0.0290005545202724 -0.0795857592243532
-0.0679394961323771 0.104625571184751 0.0131201568531572 -0.0738058246460916
-0.118035724629246 0.0857203623416619 0.0195963106887246 -0.0678521778562604
-0.144901452368097 0.0049628411026743 0.0406466273541603 -0.0592717173568274
-0.101444383210717 -0.0967337940613957 0.0760091100446666 -0.0139894649833969
0.000792206382121794 -0.147895759419144 0.077653660029753 0.0193730551242737
0.10101366097251 -0.114491315646961 0.0526835947665932 0.0399079423006048
0.167608495999182 -0.057375208174086 0.0643236884821657 0.0278023174018871
0.197469083881643 -0.0156429819950109 0.0324891617166321 0.0240456999094594
0.146680355370956 -0.105939744620586 -0.0387678421629481 -0.00842404868528244
0.0298378692626999 -0.164240101383675 -0.0681824781004896 0.0559514920655202
-0.110587387696749 -0.115520447818962 0.00207900064347472 0.0919160772285363
-0.16438417310403 -0.00254218485822919 0.0593815211548437 0.054771097921985
-0.130071056946178 0.0912456434953566 0.0670109212691301 -0.00125172818685351
-0.075616188247265 0.127365037048541 0.0382821016794337 -0.0263150399434676
-0.0572444191379548 0.135826661394886 0.0090453215357838 -0.0261978676869169
-0.0697616426963907 0.129108399032278 -0.0134569263054745 -0.024271338252139
-0.125797477139965 0.120191782722081 -0.0246517491343912 -0.0336083834991598
-0.175541413624231 0.0393926459113338 -0.0201882235355467 -0.0586260578100531
-0.154192905462829 -0.0867676997356594 0.0393844280303285 -0.0548183358954594
-0.0340754366477082 -0.187477397382934 0.0771021334145951 -0.0162577545055357
0.119618557137624 -0.155515853356462 0.0575153380677619 0.0359361167465003
0.207617420781523 -0.0615231624273936 0.0121836944057612 0.0380843413308122
0.19614561237429 0.00636106453288192 -0.0406740601743539 0.0215348093081288
0.161922430730504 -0.0870789077135463 -0.0589818820114938 -0.00257294963598818
0.0549036242736112 -0.159951139263692 -0.0706037894198867 0.0278505864982213
-0.0912798321807779 -0.130498912075816 -0.0337898277233234 0.0444580692218505
-0.158877504797802 -0.0227094700374455 -0.0121992862386414 0.0444413781556375
-0.135879861905224 0.0784370023456675 0.00857614047693481 0.0365552432791429
-0.0824144747593989 0.124470592242636 0.00704428071490649 0.0313903822651488
-0.0572698709811321 0.135547860768402 -0.0129029216317083 0.0307302331329819
-0.0611520816954057 0.133470415282425 -0.0343018414560019 0.0328360099817993
-0.114108321519804 0.133195470085721 -0.0588758720501552 0.0141943599485791
-0.173706538520814 0.0622010506057373 -0.073751881637807 -0.034803580432102
-0.17260057937021 -0.0670786107388634 -0.00862339435312309 -0.0699663617276542
-0.0554307636852137 -0.194751996607409 0.0534436096564092 -0.0388582032288391
0.123981004881313 -0.169076694421374 0.0418838998755691 0.0300804485487778
0.219504809066121 -0.0542131017346902 -0.049165993342517 0.0456335723564812
0.164588394820396 0.0218798067314608 -0.0987926364263918 0.0152767060650795
0.145533814731315 -0.061342547622293 -0.0646696058944238 0.00716772614701076
0.0601695037799905 -0.129583675181164 -0.0466146248669697 0.00504713142145445
-0.0641533293238894 -0.112840561755465 -0.0398252920152289 -0.0131414656476252
-0.12553797826968 -0.027687294391023 -0.0676258386599336 0.0116223812756711
-0.113693390414094 0.057902126270319 -0.0493699258592326 0.0564591085268803
-0.0726798789283627 0.103226997280207 -0.0277895214708128 0.0793168413339212
-0.0490014575745622 0.114083345672659 -0.0332396231843779 0.0820092102790873
-0.047373285465628 0.116743746075664 -0.0490729234290238 0.086025171433705
-0.0907392863176155 0.119608673826199 -0.0808816222463644 0.0611189078559562
-0.146550730535225 0.0632297335967241 -0.109790465953484 -0.00446715250239958
-0.156266196086832 -0.0488303500817291 -0.0473766579369294 -0.0664975813336211
-0.0533723994371116 -0.173750459047773 0.0206832077489763 -0.0430502870037508
0.118689553892206 -0.150928836359516 0.0114035180050248 0.0256758358563904
0.201715902327934 -0.0333206485575294 -0.111515726675978 0.0459313693127854
0.112200935187188 0.0265027161870038 -0.135274512925407 0.0115684163221219
0.106019079665424 -0.0437752192954425 -0.0580900787339211 0.0195357010623398
0.039352247399913 -0.0940322697217768 -0.0125940199394469 -0.00992148399595142
-0.0481731082793056 -0.0721003679152246 -0.0309679569216809 -0.0601511358132284
-0.0813840583277352 -0.0130325721226991 -0.101219400987331 -0.0204583736879905
-0.0712486279414949 0.0398311324047897 -0.0923357748990217 0.0650059463495065
-0.046038692803158 0.0693597035661277 -0.0552863775252226 0.111807383640543
-0.032794684742324 0.0756916165629792 -0.048920232158779 0.119995438462223
-0.0318246082113809 0.0806048600068959 -0.06012288716341 0.126043796613263
-0.0603547367281075 0.0861238787120368 -0.0953062640377067 0.0953669382190786
-0.103655375609712 0.0487896885641299 -0.130587814942079 0.0201040803465571
-0.11678334403989 -0.0341433704604774 -0.0731928664444064 -0.0569365530278612
-0.0366836793286701 -0.13314388172928 -0.00849675940689103 -0.039193133350236
0.100338988241168 -0.110057785522072 -0.0218233202055301 0.0204833687268796
0.151769969459948 -0.00383043077036759 -0.163126831539547 0.038005243255152
-0.0770276543176236 -0.0240980409002665 0.206033601930477 -0.0416723530832883
-0.0605359222394403 0.054247300162202 0.0440280476345529 -0.0606087668745693
0.0138935118943103 0.0710570886829324 0.0081312528907242 0.0288976169203476
0.0569449364637922 0.0146430170365706 0.0792950117393619 0.068515507937949
0.042479878360841 -0.0213476195366563 0.147558285636461 -0.020031206678576
0.0223361818937767 -0.0361834784650206 0.110604213629405 -0.120850240672025
0.00960030423050529 -0.037298799114136 0.0626265017025598 -0.154039791245183
0.0111648809815001 -0.0257416053874393 0.0546051898448402 -0.143377607807373
0.0160517482728786 -0.0231706137485313 0.0730515664417789 -0.127857217920404
0.0226781707943543 -0.0223459400267474 0.106819242207443 -0.0706558588936916
0.0357694035448143 -0.0118029584847205 0.119664531037512 0.0193329594204736
0.0413365018615191 0.0227503456315575 0.0516865538048235 0.0813375014768304
-0.00554048332830157 0.0570795756866561 -0.000803792008637343 0.0455566669904314
-0.0525969971714151 0.0216494681684555 0.0292514173157915 0.01442401988495
-0.0459394922683696 -0.0371261236975876 0.133960083932915 0.00464205001628643
0.00828061860305502 -0.0419336077646639 0.205894418128673 -0.0206895338288708
-0.01754211171536 -0.00495730047232546 0.0460293889981994 -0.0434038752574457
-0.00424091057832072 0.0107850096541249 0.0128107305191563 0.0449628622301913
0.00146724620699682 -0.00242795822816032 0.09170130887381 0.0762546118947793
-0.0138197119061854 0.00133471823565799 0.158261678432405 -0.0153993987420173
-0.0140939384487521 0.0115374304474782 0.122669560259278 -0.119459500177112
-0.00957594550398584 0.0171721195242431 0.0688009628625401 -0.155324165195752
-0.0125955992462352 0.0278710223255565 0.053421681217664 -0.142364004453368
-0.0217708599828158 0.0218800568280739 0.0644003765315284 -0.126616572494793
-0.03662113029908 0.00498411195045174 0.0953061868269993 -0.0795363515052887
-0.0249770827536761 -0.0278669339378778 0.115930532209187 -0.00211734386571577
0.0156633234225809 -0.0370753472395197 0.0695346646395632 0.0727810324575488
0.024688615877864 -0.00674656523985783 0.0163882301623179 0.0553882244489558
0.0102472918258844 -0.0110313478701525 0.0252685712808876 0.0237553774709749
0.0312960537069419 -0.0410036623891984 0.126256146584406 0.00983173616303167
0.0937294800568122 -0.0469848633930243 0.171271868886385 0.000931617034261486
0.0388728591167802 -0.0613976234489636 0.0265130990984505 -0.0261909095689471
-0.0118198111146128 -0.0606665549576801 -0.00477035020212586 0.0654324409917638
-0.0564112960489404 -0.0317875913345984 0.08626826379713 0.0953289440714335
-0.076153652226378 0.0166522770735826 0.154188610049172 0.00607305493522441
-0.0562719128330282 0.0557274201933351 0.124685819269278 -0.0943218835459072
-0.0311753561627609 0.0690536365379489 0.0681029868841432 -0.13030946689051
-0.0329258273595552 0.0777585290863128 0.0443412108239616 -0.120364955677515
-0.0515599879890783 0.0666711563205544 0.0407833358151056 -0.108832952881989
-0.0864785863362084 0.0432940392398355 0.0629168121449053 -0.0829954967213686
-0.0892184101826377 -0.0222485915629045 0.0898528834502752 -0.0358900963007106
-0.036591913844778 -0.0806381744976969 0.085147038303087 0.0354996027349568
0.0265649137509268 -0.0819792439582349 0.0519288451238349 0.0482230532749619
0.0645259209845114 -0.0606488994906678 0.0369974317691098 0.0352500709871332
0.105819406330816 -0.0495217824236948 0.102636795638263 0.0170135534017519
0.161879273772644 -0.0368804444935281 0.109480940547669 0.016541439304557
0.0992522483208274 -0.0996573286807156 -0.00666312099817631 -0.0144808226584855
0.000789768077736884 -0.127407338038708 -0.039072819179391 0.0724388048668425
-0.100298094546194 -0.0748999160289778 0.0521467732931424 0.108237985855913
-0.13326084661082 0.0158816645026035 0.122235175193509 0.0368673014960544
-0.0989217144046159 0.0853617795226316 0.107949560683504 -0.0509098861537668
-0.0552400894478551 0.10870998983348 0.0589509177369934 -0.0848369675095276
-0.0482611992300208 0.116209947900149 0.0285383287298725 -0.07979155575294
-0.0672713298548063 0.10520324702921 0.0128576120077839 -0.0738954422669714
-0.117345721900796 0.086659284258247 0.0187064534895036 -0.0679208941183584
-0.145250274198497 0.00618853868241863 0.0403289878248091 -0.0598272826948838
-0.103006809141979 -0.0959534550296488 0.0763501486705931 -0.0149538774367421
-0.000481727731114665 -0.147851479825243 0.078138086515483 0.0186860888533309
0.100434893222819 -0.115756125847339 0.0531971400758494 0.039444664021208
0.167390571609011 -0.0595830044479157 0.0642217906176773 0.0269100690171601
0.197464272144375 -0.0169250334333107 0.0327492160256957 0.0238718063648123
0.145718608485089 -0.106949098622088 -0.0386278850603186 -0.00814613377439182
0.0288516068541429 -0.164542793732681 -0.0684834070899472 0.0563117747970005
-0.111601419264575 -0.114362692839777 0.00220380859589338 0.0917309868320106
-0.164918225487783 -0.00122500121204076 0.0598275069397744 0.0549418601352286
-0.129213924486155 0.0923956386326051 0.0667053333769301 -0.00171876757489037
-0.0743039957138675 0.128439808275682 0.0381351360548934 -0.0271982656527314
-0.0560854664386003 0.136475861352138 0.00854540268486913 -0.026447358472013
-0.0688305993571205 0.130051135079639 -0.0138078777106688 -0.0239956199513689
-0.124910595306941 0.121479025331765 -0.0250864567946793 -0.0337048136636745
-0.175287102021149 0.0409695504215731 -0.0208394100424334 -0.0584041534435434
-0.154905610039655 -0.0860046713528924 0.0393455897806159 -0.0549855725478706
-0.0355768477637743 -0.187891439240242 0.0779915145658088 -0.0172578488616726
0.118544430721428 -0.156916716916839 0.058135820116216 0.0363974454249162
0.207542942781231 -0.0638471226635611 0.0117361627315817 0.0379407786880361
0.196433930840565 0.00544366244373407 -0.0402441792495439 0.0217708259710116
0.161368954234058 -0.0889240538947735 -0.0594271141216865 -0.00268578262598783
0.0538065131200897 -0.160157523329487 -0.0712518564597379 0.028480795126311
-0.0923821323484121 -0.129627193220207 -0.033784809410755 0.0447100697073224
-0.158785124307796 -0.0212168258901541 -0.0120467074820772 0.0443632282327558
-0.135209472048542 0.0796367383651889 0.00938219161944417 0.0365337993623164
-0.0813301687296131 0.125698980941177 0.00691647304627933 0.0314505651246368
-0.0562927756663704 0.13600463851298 -0.0119655311629229 0.0310028017537889
-0.0602668736612227 0.134280055753046 -0.0340797142021853 0.0326562617094869
-0.112919757462714 0.134573789824795 -0.0589376906973328 0.014632753558356
-0.173312623118495 0.0639226948503684 -0.0743401242829964 -0.0341383201059622
-0.173651775317111 -0.0657377518630935 -0.00867809525927175 -0.070473060314205
-0.0569885006471098 -0.194307095310668 0.0532112872279689 -0.0394181468258759
0.122790954587471 -0.170164039758737 0.0428661979134963 0.0294313045224484
0.219922891175735 -0.0564421094609214 -0.0489743349820739 0.0458766211297603
0.164840901704172 0.0197385641525817 -0.0984739084468895 0.0160034564411582
0.145291863418355 -0.0627650625563843 -0.0643327540519575 0.00692573445512511
0.0590785992580888 -0.130405127366535 -0.046745527735177 0.00511349567251682
-0.0651636971552172 -0.112576380082122 -0.0401617075196611 -0.0132113608607275
-0.125753013538328 -0.0266280081811947 -0.0680882193051065 0.0125429571918132
-0.113078858926822 0.0587889093939266 -0.0489197060740828 0.0569843366652083
-0.0712808708845898 0.104066883657482 -0.0263043692241175 0.079457585839405
-0.0483133727321769 0.114788204568211 -0.031948234518274 0.08250709198662
-0.0469246722659814 0.117304121368971 -0.0486680221136842 0.0863739269523121
-0.0900461169122974 0.121002570958093 -0.0808806578201829 0.0616780699982759
-0.146308641572069 0.0643933216820917 -0.110209436942365 -0.00323462271127043
-0.157003522081908 -0.0479027015686663 -0.0477675577038073 -0.0667582981670007
-0.0549424382104124 -0.173549672620962 0.0206801201673006 -0.0436856126996862
0.117404557634697 -0.152564018078534 0.0114988191902147 0.0254023286512633
0.201581149044865 -0.0346922430069389 -0.11146636794344 0.0467026948026851
0.112600999118544 0.0257905470709433 -0.135051403393055 0.0127707704347993
0.105711964475924 -0.0447784056606858 -0.0574386533429584 0.0201677049162994
0.0383901291489733 -0.0945901544951345 -0.0122598824896954 -0.0100547114738599
-0.0493135459342518 -0.0720321695108489 -0.0320383699724962 -0.0604992270871598
-0.0814905998159371 -0.0123638774654766 -0.101827798705233 -0.0193075858945601
-0.0706757736282324 0.0405309656859457 -0.0916722172506426 0.0653963563132847
-0.0453319412628631 0.0696622048074995 -0.0546741447524324 0.112170285159496
-0.032354753539644 0.0762843106142845 -0.0480900853889944 0.120406020246269
-0.0311938342421693 0.080708401112622 -0.0593495015602286 0.126634456852746
-0.0598661719927946 0.0866006502067699 -0.0949574145996973 0.096550117998613
-0.103109713840739 0.0495427461298665 -0.130547030907831 0.0216658223649449
-0.117781016624061 -0.0328561233625272 -0.0736274047799313 -0.0570447473614505
-0.0378616696402952 -0.133834433807759 -0.00808705867474422 -0.0391942244239439
0.0993041086152146 -0.110615452012418 -0.0215649068319881 0.0207233599182873
0.151989359477216 -0.00529153198648406 -0.162802453795726 0.0392868116379596
-0.0771460293468304 -0.0234115252241326 0.205786988923636 -0.0440704418026315
-0.059930206395154 0.0547296212146023 0.0431273170056642 -0.0615293687937742
0.0147911724105483 0.0710512876273463 0.00803847311242989 0.0286673770693285
0.0571677285888491 0.0139954718722586 0.0801101543514121 0.068085012369572
0.0427492551786175 -0.0215533573405967 0.147333328902464 -0.0212967415082659
0.0223325718199355 -0.0365025484418726 0.109723210467236 -0.122009228604332
0.00910028493663079 -0.0373737937984068 0.0611087340900147 -0.154903756992586
0.0106910831610362 -0.0259577727858959 0.0531954335493796 -0.144574641364949
0.0159529360081758 -0.0233031580855494 0.0713780201359287 -0.129234326959812
0.0227433010894575 -0.022553036927895 0.10650288253734 -0.0722147089583053
0.0361261496141457 -0.011818120281197 0.120165719393611 0.0177525814682297
0.0422620384488434 0.0223245977130682 0.0525310013678594 0.0809061710300123
-0.004690094176867 0.056937019575011 -0.00132579226989682 0.0459036582804674
-0.0520024028103869 0.0220672041698095 0.0295087704471151 0.0144642066072933
-0.0461973195258369 -0.036436895320273 0.133805655347812 0.00325430245166247
0.00797159583448961 -0.0423594643374952 0.205262685459889 -0.0239219807956788
-0.0176329596899939 -0.0047262362681718 0.0453940228630668 -0.0438278530976317
-0.00446326101623757 0.0111509218962144 0.013450354249364 0.0449341152612115
0.00168149089973237 -0.00232005771493575 0.092668630092415 0.0753433995133319
-0.0136764723263746 0.0013340988254355 0.158017228999773 -0.016573290434918
-0.0141228783592676 0.0114297567164918 0.121466812381684 -0.120978664433985
-0.0094025259921556 0.0173015320060722 0.0665938353701306 -0.155582535942387
-0.0119284816117712 0.0281703097246082 0.0524983883196536 -0.143346647845343
-0.0217486601796762 0.0222634469445756 0.0630156215265419 -0.127338326776095
-0.0363708638060204 0.00533208035099572 0.0944187087128451 -0.0806045832809059
-0.0249558890672262 -0.0277354917690077 0.115937979169208 -0.00331059316347973
0.0152210155895897 -0.0376153355480778 0.0704475566665451 0.0722268642044303
0.0252533646079623 -0.00696167837594812 0.0168014290163123 0.055688720259726
0.0104572996365389 -0.0110624089520441 0.0256967273136475 0.0235075505111481
0.0315669950479665 -0.0415579071190047 0.126200186865073 0.00830780743312565
0.0930392235685283 -0.048590981987783 0.171538564135949 -0.00133502198557742
0.0385018433340731 -0.0619079973740272 0.025800257707924 -0.0270220324228468
-0.0121918827341875 -0.0603237755966238 -0.00409706112251007 0.0657885663425863
-0.0567348783695259 -0.0312459128232938 0.0871255380833505 0.0948268978030526
-0.076056997115152 0.0179634148915072 0.154143065371476 0.00467862015025543
-0.0561092289830534 0.0564735805850254 0.124060645203599 -0.0960718422569617
-0.0309117810316477 0.0691448081593066 0.067063696446459 -0.131461670396778
-0.0321684352243122 0.0780593062345033 0.0427831730668577 -0.121155538674956
-0.0507497873375755 0.0676621017825642 0.0396019883458867 -0.109140994657825
-0.0862469888790717 0.0440942162447213 0.0621390939566669 -0.08338649926516
-0.0899649292118366 -0.0211432974790041 0.0891503652699836 -0.036195491600894
-0.0374899565972658 -0.080260232414625 0.0854620607341511 0.0344578489620685
0.0259278860110752 -0.0818322864190558 0.0526718699492024 0.0476395116077046
0.0640278245547526 -0.0616886000531156 0.0369619861560815 0.0352263021991774
0.105596693423243 -0.0510934021641809 0.102540535438737 0.0160401667254944
0.161360368609962 -0.0395331812585992 0.109161794526893 0.0158470669180877
0.0987614759537254 -0.100893950753285 -0.00694522218355756 -0.0149038075752287
-0.000262631501153701 -0.127551229497878 -0.0386837561967836 0.0730680621660101
-0.101400907562644 -0.0735752825547774 0.0529873559138268 0.10826630015449
-0.13347708331837 0.0177866630234412 0.12254243255162 0.03578647443531
-0.0978681702817397 0.0863909121050926 0.107392561234251 -0.0522642158965388
-0.0546397460804691 0.109462565294355 0.0578933525259054 -0.0853543352588967
-0.0474119601709441 0.116581122424319 0.0270390726453035 -0.0799061917918946
-0.0664099086330085 0.105697958816054 0.0118405007491956 -0.0738265026483403
-0.116374451575541 0.088259134626474 0.0181654058316695 -0.0685179495074231
-0.145057986859462 0.00788680234591801 0.0397781954331506 -0.0602257143971426
-0.103410167534637 -0.0952627247917742 0.0769504436545305 -0.0162356770019588
-0.00153764418192843 -0.148093817800396 0.0785217106217171 0.0179326041648608
0.099641364142352 -0.116887612124907 0.0536275816693884 0.0392879678721724
0.167344258176318 -0.0616746547443231 0.0641605407614517 0.0262137283209085
0.197468369707452 -0.01938754940062 0.0334181800399441 0.0230597299835062
0.145091428799109 -0.108962002788055 -0.0396949672644891 -0.00855896590056672
0.0268303714757691 -0.164591799899978 -0.0677591230175924 0.056942627991515
-0.113254578077522 -0.112959376362401 0.00241902343364664 0.0921401126707611
-0.164852067491733 0.000840407628399123 0.0606698092719876 0.0546030265242755
-0.12818858818099 0.0938335040566121 0.0673208572129834 -0.0025166245022897
-0.0729465094819006 0.12906756335521 0.0372982823755034 -0.0267063845523745
-0.055187786270517 0.137011031992628 0.00902120320989552 -0.0262009142552587
-0.0675021028876307 0.130602282286259 -0.013910601880431 -0.0240586734073845
-0.123708422061014 0.123268879456375 -0.0253897087216339 -0.0332316076558463
-0.174602333790696 0.0431705930938523 -0.0211381459556406 -0.0578773015984338
-0.156161899403477 -0.0843016188055013 0.038884925474402 -0.0559393764515391
-0.0371839542428459 -0.187188359550033 0.0783846259997304 -0.0177761860756626
0.117392911528289 -0.157996148049604 0.0589273981784841 0.0351599631036143
0.207293836646441 -0.0660458130811548 0.0119123832447008 0.0379476921815948
0.196697598247438 0.00335052158696278 -0.0401785702271193 0.0216018384531946
0.160389063887549 -0.0904492371349482 -0.058971925307753 -0.00249889224855522
0.0526966205625393 -0.161004128471334 -0.0714824349237849 0.028849244546795
-0.0939331651709959 -0.128350845493177 -0.0335839460175535 0.0451568449243199
-0.159423268413475 -0.019770825690277 -0.011999102039246 0.0448934002651262
-0.134277756876319 0.081248785094197 0.00970895480983441 0.0368697462206347
-0.0800903121867121 0.126221633776737 0.00725863381500723 0.0313967873794316
-0.0552205535468052 0.136604027192164 -0.0117523261442802 0.0310666063959096
-0.0584838012215142 0.135101811151135 -0.0333083925904153 0.0332206338713215
-0.111513498262677 0.135580117657569 -0.0586036570852261 0.0147952305864111
-0.172641730372203 0.0652504132446421 -0.0745909389329686 -0.0327923281424242
-0.17409254539147 -0.063498313233255 -0.00919089093608945 -0.0706799817312047
-0.0587526680547208 -0.194003966720605 0.0532009608774202 -0.0406205053577419
0.121437584469876 -0.171788604770052 0.0436564137949029 0.0286301793251571
0.219555526411291 -0.0593663964937162 -0.0487208652191151 0.0465085328548493
0.164659191453872 0.0185580691061572 -0.0979930761691233 0.0173472786475865
0.144019291675331 -0.0647602282253061 -0.0646525721981636 0.00787725188993531
0.0576742340730706 -0.13139706160892 -0.0463679453020504 0.00533105173901984
-0.066507897713936 -0.111688676432237 -0.0406130869091789 -0.0130837077876046
-0.126476250513699 -0.0253125671606305 -0.0681945498130042 0.0133723559754142
-0.112189993449507 0.0599537309315018 -0.0480727856410254 0.0575704492333278
-0.0701201677707353 0.104486748039915 -0.025833161290045 0.0797367790028251
-0.0470321330646928 0.115194743103899 -0.0312795681899809 0.0825965147829685
-0.0453476396589886 0.117560743455377 -0.0471466658870675 0.0869732337613635
-0.0888311577574651 0.12249727066365 -0.0799210139242011 0.0627029340846004
-0.145378326349048 0.0660150019511285 -0.110626191758228 -0.0021277529913989
-0.157650517786231 -0.04602895925143 -0.0486829679952114 -0.0664647095232728
-0.0563933105512091 -0.17328012248938 0.0206572502536795 -0.0446219117724177
0.116086154201126 -0.154107711807098 0.0121930559343969 0.0249625741955841
0.201440921081068 -0.0371182607885816 -0.111398561794846 0.048176415598687
0.112512687894176 0.0248576937546639 -0.134558977467797 0.0142051492315713
0.104882269099012 -0.0459548373645319 -0.0570172139336269 0.0206639556778616
0.0372813415583396 -0.0954328673044353 -0.0123049302373464 -0.0102680304251146
-0.0500317911141861 -0.0712529801940233 -0.0328341620792565 -0.061144892988311
-0.0819348087498414 -0.0115749371869086 -0.102690264266583 -0.0183298730800273
-0.0703748299199865 0.0410418399406039 -0.090557367153507 0.0663610281188947
-0.0445149342227508 0.0700007761982586 -0.0531683179789396 0.112419088790554
-0.032064738807633 0.0765075415948337 -0.0465315794731646 0.121064701465641
-0.0304079914827531 0.0811113215150827 -0.0567717379413124 0.127038069965904
-0.0591602145628504 0.0872070061033247 -0.0941790077540776 0.0976944216293178
-0.102771475778469 0.0504633295632498 -0.13010909213986 0.0227322794544326
-0.118124133236721 -0.031860070131502 -0.0745595845358773 -0.0566010557006612
-0.0393656260616319 -0.133638771138969 -0.00825795820126785 -0.0394245314493417
0.0988155599707885 -0.111908971534385 -0.0211263360317095 0.0204386207980331
0.152250178458971 -0.00623594727332007 -0.162467161302181 0.0414217847090688
-0.0775396081978125 -0.0227585218082136 0.205316036082338 -0.0471655465068407
-0.0595461398182621 0.0559208299230011 0.0415762105771607 -0.0624370099107796
0.0156568064205582 0.0712469774249568 0.00809747673868976 0.0286394761056524
0.0575824234600306 0.0131296640087234 0.0814625319769148 0.0675144165231754
0.0425599100482847 -0.0223721756577193 0.147866090559991 -0.0231373308589347
0.0214321617228655 -0.0368014704303551 0.107798794629456 -0.123145685087596
0.00864507052837972 -0.0375146758140211 0.0587530594066408 -0.155147351097948
0.0107002391090427 -0.0262208440982914 0.0512403000061789 -0.144658745124442
0.0157626256552088 -0.0232334585230017 0.0692538588632321 -0.129735631951519
0.0222298430164135 -0.022694509863676 0.105039824384635 -0.0734897098694106
0.0358046984017178 -0.0126655623872749 0.121160649112885 0.0162764196374467
0.0422915771110012 0.0211130401772488 0.0535885228245037 0.0805503358942843
-0.00412996264270432 0.0573505983456298 -0.000626114617562827 0.0463704516487173
-0.051930515616814 0.0228619533479251 0.0300015812729225 0.0144249624600875
-0.0472103674597353 -0.0357002092266857 0.133599321087568 0.00101368938040211
0.00716666154305338 -0.0427570068161921 0.205349980876243 -0.0264364598043408
-0.0179595244670358 -0.00439099174932244 0.0446407018099054 -0.045293362999584
-0.00368477421691602 0.011302263402338 0.0130905870485951 0.0451771337976706
0.00167498051625634 -0.00192367996618077 0.0941687284053762 0.074780373507602
-0.0136494862785591 0.00151935264942216 0.15790719074622 -0.0188698222933652
-0.0136977117070481 0.0117193329024641 0.1193639270923 -0.122007786514521
-0.00914124793140641 0.0176439883689384 0.0647429335467069 -0.156331835786488
-0.0112465256733723 0.0284280298095969 0.0503696372588196 -0.143886700908693
-0.0207790361159133 0.0232416038065995 0.0610055197822786 -0.127977855265706
-0.036353414903977 0.00583031972618214 0.0929429297203949 -0.0821241052520804
-0.0252128618629123 -0.0270903966065637 0.116146711011993 -0.00473440079934175
0.0150630969985334 -0.0374924046659891 0.0715612272610552 0.0714261153865946
0.0250781274679838 -0.00756303104168663 0.0178356860565264 0.0555158944766469
0.010499714132259 -0.0112102688509554 0.0254623851435453 0.0231271050304562
0.0303520950682263 -0.0421148773649502 0.126177527223602 0.00699747419475789
0.0928748228332358 -0.0496082099481035 0.171329793405352 -0.00393666372028158
0.0379443073190217 -0.0622756651515391 0.0254057180603865 -0.0278284971313336
-0.0129868991937171 -0.0597654893035975 -0.00400499166623414 0.0660991272165321
-0.0571399446084779 -0.0303559130398593 0.0880481372081332 0.0944360840674032
-0.0758217064368667 0.0187410575601706 0.155000561414364 0.00308756956923439
-0.0550566363474544 0.0570895255359227 0.123006505548196 -0.097505128060856
-0.0298794319189204 0.0697489513710429 0.0651530271265908 -0.131599009099046
-0.0310929640241086 0.0785138521396249 0.0415084624905572 -0.121285954175706
-0.0497285867033463 0.0684347767084149 0.0390255633819735 -0.109730865189225
-0.0849902484234805 0.0458728957325773 0.0611846669451514 -0.0843384446347451
-0.0901696066794428 -0.0197735388845067 0.08947103021126 -0.0376149888814571
-0.0386485787217106 -0.0801787386164393 0.0866185924508246 0.0334030604448628
0.0252713552774501 -0.0819954061987606 0.0534415699882169 0.0473518849965935
0.0634291725593656 -0.062294957388428 0.0372348087329709 0.0349995437208615
0.104769529005465 -0.0527483577421899 0.102315292864566 0.0146623513479489
0.160747137730181 -0.0410706928345996 0.109541199864623 0.0135401205386817
0.0971271464353944 -0.101901101562306 -0.00661193310522188 -0.0155492797625131
-0.00218219263316272 -0.127297489345136 -0.0378605584345751 0.0735005562555684
-0.102062823048071 -0.072194121711661 0.0538419703476721 0.107877638459914
-0.13274020752822 0.0197438078150404 0.123196062250818 0.0342228832990467
-0.0966303437760679 0.0877078280009174 0.107337537362225 -0.0532141980575879
-0.0527582123330781 0.109754722659837 0.0571508889890795 -0.0857582087636231
-0.0456276919213614 0.117359361558172 0.0268095597955789 -0.0803937200549864
-0.0652946455372436 0.107007461884705 0.0113281415603396 -0.0740748774367541
-0.114862143604532 0.0898989660592159 0.0173650107245441 -0.0686796868266106
-0.145125316651558 0.00969500513520773 0.0388136126284209 -0.0600214909910094
-0.104666875508452 -0.0936591470170022 0.0768656029755814 -0.0173233077737401
-0.00358118716475659 -0.148087629151506 0.0794415491395011 0.0170695047026822
0.0978594008501878 -0.118203134466744 0.0540029585184483 0.0389841899520212
0.166486383192864 -0.0643234889468081 0.0641661829336731 0.0256792822436565
0.196610007968856 -0.0219968745275309 0.0345725761426585 0.0224775960184314
0.143547054133566 -0.110585795644539 -0.0390554177789888 -0.00853710548210779
0.0249691923259774 -0.165508169189987 -0.0676373527889095 0.0585223370691802
-0.11456634517315 -0.111527303353096 0.00339139851459738 0.0921875071245182
-0.16470143300809 0.00327030856376914 0.0609371550938431 0.0538877025332133
-0.126971866499979 0.0957550937169514 0.0674594665572735 -0.00311683109476386
-0.0709704369343388 0.129918236338409 0.0367671839424562 -0.027657953678484
-0.0532689800409135 0.137253942187453 0.00861944448898011 -0.0263867651775016
-0.0659200699105382 0.131395133910688 -0.0137123993992111 -0.0235827621412967
-0.121847884285824 0.125140887842128 -0.0257712432234897 -0.0326248136707599
-0.174502931731358 0.045237545683766 -0.0220140204409193 -0.0574093112357384
-0.156755816584899 -0.0822134567434934 0.0384969935825965 -0.0562535233985513
-0.0394880596135373 -0.187225191545802 0.0783278919077267 -0.0192523617234031
0.115421726885058 -0.159750114662248 0.0592842387361974 0.0350250343030776
0.20656604210623 -0.0695930615160886 0.0122122705883171 0.0375921283911232
0.196034481084484 0.000472337910388443 -0.0393097338240104 0.0226020151767749
0.158947708193273 -0.0927225513867765 -0.0591577162436732 -0.00227959821142803
0.0502594684392557 -0.161917862297185 -0.070706089295838 0.0296713480958738
-0.0957922566930703 -0.127104850025092 -0.0339865041559324 0.045391460841923
-0.159642289575715 -0.0171199150323529 -0.0113295843039427 0.0455845633335963
-0.132959603504118 0.0830973109587938 0.0102431044672637 0.0368163077159114
-0.0782263402620544 0.127186752272785 0.00755217121661499 0.0314606189732073
-0.0537411283078827 0.1372965172496 -0.0109796045958514 0.0317414266681966
-0.0569668183510143 0.13559123451296 -0.0325020038085037 0.0334043460507856
-0.109621866455806 0.137584989603664 -0.0581491925716112 0.0159824700275116
-0.172183570844006 0.0679859410215014 -0.0748054632326566 -0.0321834530777654
-0.175663707284332 -0.0615222303226025 -0.0097301967337371 -0.0709827943989741
-0.0615760411784479 -0.193161689798908 0.0533990021644188 -0.0418818162815758
0.119362429468653 -0.173208501577192 0.0442185330520353 0.0280945362570898
0.21882014235848 -0.0623201585772379 -0.048807561486833 0.0469897935695573
0.164635587031447 0.0166935543326225 -0.0978143779994925 0.0181369933252089
0.143309344293218 -0.0666875234689379 -0.064083106051446 0.00794577448860154
0.0561303970560806 -0.132115520762338 -0.0465641677428689 0.00591608613924757
-0.068062653170355 -0.110673140573721 -0.0409304784878766 -0.013057767909929
-0.126735148752359 -0.0235371694454612 -0.0684701797784293 0.0139364471779203
-0.111271466289995 0.0615015409149041 -0.0470772853616284 0.0580734666555454
-0.06901368154032 0.105622690284228 -0.0245322747437901 0.0795187446134393
-0.0459044965524328 0.115840779933772 -0.0298371333436664 0.0830036364046022
-0.0443843763566925 0.118112127138981 -0.0454195717468057 0.0877090478145736
-0.0868728642784574 0.123568721294259 -0.0793793428059136 0.0636397245600821
-0.144736433290436 0.068012084020391 -0.110362808303375 -0.000135143617421503
-0.157770692286228 -0.0442535819730522 -0.0494669159124037 -0.0659137598530787
-0.0586823371653139 -0.172724307778865 0.0208973107623503 -0.0451119727898219
0.114469264654289 -0.155762439600002 0.0129470623726802 0.0249363111658448
0.20104594596851 -0.0397272183063979 -0.110658303228151 0.0498036415661277
0.112503616920741 0.0231945296632045 -0.134726280567177 0.0159907351974588
0.104276655480966 -0.0473482794088261 -0.0563638872992578 0.0210610105382397
0.0361270371102005 -0.0960154028859688 -0.012354611966545 -0.0100039749039168
-0.0507383688120382 -0.0703079892429624 -0.0335819280522047 -0.06043506196411
-0.0819116801908909 -0.0104969525699995 -0.102735035733606 -0.0169032318496008
-0.069216001560267 0.0420307121250077 -0.0892518409892437 0.0678387665298667
-0.0436283021320721 0.0706457609415494 -0.0509665522695199 0.113004787577511
-0.0312958159977043 0.0772384282417334 -0.045556196634781 0.121761188892896
-0.0298225512718201 0.081328704784671 -0.0556303477621221 0.127941871113695
-0.0579114875554664 0.0881297950153666 -0.0925553255541857 0.0990866567643863
-0.102284647469584 0.0518712950679763 -0.130435318367848 0.0245419879553493
-0.118419794376314 -0.0303244024316489 -0.074455891343265 -0.0558775033234202
-0.0404824740853514 -0.133271694100165 -0.00865317566175234 -0.0401529825804137
0.0970803351778974 -0.113223816881186 -0.0207535449895497 0.0203603718595672
0.152012953618333 -0.0083395976076295 -0.161932179412984 0.0434016013362633
-0.0778695850735723 -0.0215554203231868 0.203953453330146 -0.0506897597398547
-0.0584892088258584 0.0568837449828923 0.0407287800390655 -0.063176132361951
0.0168277393685942 0.0713029386472153 0.00796273974860569 0.028604470344538
0.0577605549358213 0.0122209959879397 0.0823866081430359 0.0668763356248478
0.0423081330189858 -0.022806933814405 0.147631205556504 -0.0250959138637478
0.0209936894677597 -0.036988334302167 0.105345499175208 -0.124664780855908
0.00840973145620953 -0.0376085890484319 0.0568891750251267 -0.155930920086945
0.01050765270385 -0.025972091254913 0.0489819776251343 -0.145520847448318
0.015295051615138 -0.0234983173300934 0.0677506047221459 -0.130520326856103
0.0219632819618311 -0.0230898923430564 0.103756138973671 -0.0751944291222854
0.0354329739317714 -0.0131888007947221 0.121055877194301 0.0142076163040492
0.0424043612470461 0.0207609055311794 0.0549843654774213 0.0797781682375189
-0.0027256351581576 0.0575781967979083 -0.00039487017379501 0.0466821620385139
-0.0512766365822053 0.0236457330919553 0.0303699537201986 0.0144469151693252
-0.047485840510642 -0.0349608047505275 0.133323094551349 -0.00106285904766271
0.00689152671861503 -0.0429023779664158 0.204547366719125 -0.0300172365480691
-0.0181346586743118 -0.00418928796140283 0.0436289225718734 -0.0461268383461947
-0.00380749783190685 0.0115402609314563 0.013636230919864 0.0448528870979041
0.00173705507307239 -0.0017039024347422 0.0948072235064949 0.0730844678422692
-0.0136403043265023 0.00173629100631093 0.157737122963859 -0.0210331584831233
-0.0137196958453841 0.0116618117331123 0.117341656977762 -0.123555220863105
-0.00888255577266492 0.0176799469616775 0.0617562679165382 -0.156389371182903
-0.0109365368853971 0.0286196494083837 0.0483620842425811 -0.144257422374123
-0.0209782248391053 0.0230440789091605 0.0590698253133352 -0.128383690931207
-0.0363940347399615 0.0067728769469928 0.0916477913233645 -0.0829826553554594
-0.0259084420208074 -0.0268557978346875 0.116552965172565 -0.00645100636953981
0.0148038738691298 -0.038108233712669 0.0726276433934031 0.0703721280679504
0.0246258050819636 -0.0077497133234425 0.0180342118525179 0.0555602266843544
0.0106571725764788 -0.0114522689895636 0.0258055777263304 0.0233516674938331
0.0301788055551069 -0.0429886767584756 0.125932671168628 0.00463462486267684
0.091826057777263 -0.0510176862600945 0.171189638751152 -0.00651886944227505
0.0368419203379759 -0.0629601863135808 0.0250161893662637 -0.0282608719134207
-0.0138676167961995 -0.0595093763976546 -0.00336738604154076 0.065861368371997
-0.0576223096780919 -0.0293012362075368 0.0893637869962776 0.0931829730493518
-0.0754370239639494 0.0202646341968308 0.154910043477668 0.000930272795680788
-0.0538278555945518 0.0582564970314449 0.120747542510548 -0.0990983647854676
-0.0291938556899678 0.0699632895907012 0.0626441041915888 -0.132120033870941
-0.0299756425762752 0.0791038766265778 0.0396661433096947 -0.121955913797331
-0.0490541556144929 0.0691639643144714 0.0373246343819771 -0.109979298490373
-0.08464148859268 0.0470032007153826 0.0594099112961748 -0.0847043323547984
-0.0900940145561522 -0.0184577967129568 0.0887808586348523 -0.038488229033347
-0.0397815909500306 -0.0794199313490839 0.0875438686010135 0.0319724356690974
0.0245387422551984 -0.0825497969197139 0.0536324086019197 0.0462048859549754
0.0623637708500999 -0.0632383132985999 0.0374114859655634 0.0348576456959774
0.104251495350964 -0.0547570243248866 0.102511364304633 0.0129483134006788
0.159958023412496 -0.0429895719503256 0.109964268242015 0.0119969531731708
0.0960686897638105 -0.103338055281322 -0.00743820717356833 -0.0161560830998203
-0.00357221946001036 -0.127176008781641 -0.0381638621559194 0.0743675321103581
-0.103103034636356 -0.0709602535546663 0.0550154916806488 0.107006055145988
-0.132275246802357 0.0218275348061442 0.123558228053815 0.032724246316552
-0.095174782142648 0.0892615295126656 0.106275674585096 -0.0551226730456771
-0.0507901732208968 0.110331260695838 0.0550845143538521 -0.0867697333859482
-0.0436191839058176 0.117909656511724 0.0251038662280032 -0.0805380358345928
-0.0633424207720748 0.108143977863744 0.010131446429771 -0.073981892636277
-0.113221058084227 0.0921819576695777 0.0164471158689921 -0.0689249102676628
-0.14425892922294 0.0116400173748421 0.0381910589109829 -0.0603260585472224
-0.106291718265419 -0.0919978053668395 0.0766189957331137 -0.0180103415209003
-0.00511609539644941 -0.147932181134502 0.0797970281563028 0.0153443440681028
0.0962996451307846 -0.119941602363239 0.0550485427556104 0.0382228704592761
0.165315240290917 -0.067349789026903 0.0640369002879653 0.0245700960030186
0.196152514589422 -0.0243653306783516 0.0347747500892094 0.021584607128841
0.141091088733552 -0.112224884578026 -0.0391793609120101 -0.00881260035133912
0.0225673967625365 -0.165463434296758 -0.0669195892048779 0.0591740654018362
-0.116493479275365 -0.109304936808742 0.00408631867476637 0.0924228530313
-0.163914253415822 0.00573987831573843 0.0613909024122469 0.0533265964126826
-0.125347550942206 0.0976955442370022 0.0672684228996653 -0.00443203234620675
-0.0688308207429544 0.130990389074007 0.0366276843702315 -0.0279253934068924
-0.0510153100548965 0.138195566808221 0.00838806966994183 -0.0265916054199187
-0.0637570197709863 0.132026758994537 -0.0140623182015051 -0.0233796539203053
-0.119699406113307 0.127331035710013 -0.025843741415269 -0.0327236897673744
-0.172972430867182 0.0480739177032761 -0.0227545424723445 -0.0569931235421355
-0.158211579727631 -0.07935016527153 0.0379062977915195 -0.0574680349552035
-0.0420546342988501 -0.186296212953664 0.078516000528884 -0.0209040357932096
0.112629979100429 -0.16101774551572 0.0601505059009894 0.033824634261259
0.205092044535249 -0.0728520520164696 0.0125696402573336 0.0373100274378624
0.195493819775265 -0.00222071982745283 -0.039163857033812 0.022719923841652
0.157774117854238 -0.0950657515512188 -0.0590541047773344 -0.00207809099972607
0.0480318211696401 -0.162362675442593 -0.0707037749453314 0.0309850558471164
-0.0974467049369513 -0.125352648114595 -0.0336707964516326 0.0458411978059338
-0.159755460197751 -0.0147879748349746 -0.0104656019569115 0.0461194513905723
-0.131319888281941 0.0847145054533434 0.0113659357940618 0.0365549166545912
-0.0763184365510678 0.128172227170253 0.00835746952565339 0.0315151740287089
-0.0519199777408939 0.137799734576201 -0.0104236826832271 0.0316176287207212
-0.0553913936072867 0.136222392348719 -0.0322314565256641 0.0340576669056137
-0.107110314763091 0.139299800933802 -0.0580391170941926 0.0168400766558937
-0.170556088725428 0.0706492160336835 -0.0753627645509782 -0.0304340674660629
-0.175934162182812 -0.0584988573787328 -0.0105665409464832 -0.0710330938044757
-0.0637749872325172 -0.192356368353755 0.0531824754002637 -0.0431234216675776
0.117013791170702 -0.175244745280202 0.0445105443982544 0.0275678254871466
0.218047713664619 -0.0656147086054188 -0.0480639141291244 0.0476794286748937
0.164431410286972 0.014629457859123 -0.0976467836742505 0.0195970570050024
0.142143714239764 -0.0691383264545703 -0.0641300119610239 0.008551665397166
0.0540896612657096 -0.132970511494644 -0.0463769557040829 0.00660812151906122
-0.0696026678220325 -0.109575207718507 -0.0415465495267492 -0.0122635750436516
-0.126764311062604 -0.0213852950277522 -0.0685237360141012 0.0150983908854121
-0.1100301304498 0.0632002558710177 -0.0458775557973859 0.0585842072586378
-0.0671203769240006 0.106610970518005 -0.0231969005749718 0.080069255094662
-0.044718630622566 0.116132775259812 -0.028622466837215 0.0834784677682166
-0.0424298121335344 0.118526112026722 -0.0444804731804959 0.088176560404823
-0.0849867783321441 0.124621536210925 -0.0779157829750521 0.0648547452565256
-0.143864058594528 0.0701425522110706 -0.110334184479358 0.00143525778251076
-0.158719530248875 -0.0414536018484256 -0.050082021682628 -0.0655176166442257
-0.0608336797623198 -0.172304372001075 0.020690697414482 -0.0459462780555788
0.112195724401912 -0.156856408953772 0.0130393659465896 0.0249239783478845
0.200426783642276 -0.0427296743245937 -0.110491967716627 0.0513007464490797
0.112579277022966 0.02175421855161 -0.134118503277395 0.0179981790672154
0.103189792789147 -0.0496658514207685 -0.0563570283832503 0.0220698159421303
0.0346747820234345 -0.0965054651154724 -0.0124054390947104 -0.0100074337687042
-0.0523481013156673 -0.069409886838254 -0.0351248260639558 -0.060245528973241
-0.0821691885531349 -0.00869360878784031 -0.103292618188552 -0.0151084394346633
-0.0680794578770484 0.0428273119055885 -0.0883666015552166 0.0691845920283308
-0.042415237136548 0.0709892669580383 -0.0491991773410915 0.113670797034388
-0.0304765055764902 0.0775249427435478 -0.0432073136195379 0.122800196476702
-0.028678659663112 0.0817724759139826 -0.0528758211622434 0.129102573317517
-0.0568929197111231 0.0891986977432168 -0.0905541454074507 0.100371801819273
-0.101330440077683 0.0535888058096213 -0.129821232429895 0.0268105867600453
-0.118699786146294 -0.0284476091742989 -0.0756665229440033 -0.054623829848515
-0.0418490812341418 -0.133208427313949 -0.00850283979630267 -0.0402194957550046
0.0955842562649502 -0.114712129874955 -0.0204486534864105 0.0209906366755936
0.152196299686444 -0.0110890470127269 -0.161157353127744 0.0466336876496192
