TRXV5
3
4
4
9
string Extension=J
integer IsArchMeasurement=1
integer IsSpherical=1
string Generator=SPM
string GeneratorVersion=1.3.1 Dev
double ArchRadius=0.449999988079071
integer FrequencyAxisIndex=0
integer AzimuthAxisIndex=1
integer ElevationAxisIndex=2
Frequency
5 401 700000000 900000000 LIN
Azimuth
7 8 0 2.74889357189107 LIN
Elevation
7 15 -2.74889357189107 2.74889357189107 LIN
Polar H Real Part
13
Polar H Imaginary Part
14
Polar V Real Part
13
Polar V Imaginary Part
14
Polar H Magnitude (dB)
12 0xC0000002 0 1
Polar H Phase
7 0xC0000003 0 1
Polar V Magnitude (dB)
12 0xC0000002 2 3
Polar V Phase
7 0xC0000003 2 3
-0.126251220703125 0.0843582153320313 -0.1455078125 0.058837890625
-0.141647338867188 0.153228759765625 0.038360595703125 -0.0710906982421875
-0.0142822265625 0.117607116699219 0.126899719238281 -0.019012451171875
0.0736007690429688 -0.01922607421875 0.087799072265625 0.190902709960937
0.120124816894531 -0.132606506347656 -0.090301513671875 0.339202880859375
0.174835205078125 -0.18603515625 -0.2559814453125 0.2764892578125
0.180313110351563 -0.0982208251953125 -0.236434936523437 0.100250244140625
0.186767578125 0.002349853515625 -0.00408363342285155 0.0212821960449219
0.197921752929688 -0.02178955078125 0.30194091796875 0.03363037109375
0.192779541015625 -0.0879364013671875 0.4161376953125 -0.06317138671875
0.157257080078125 -0.119857788085937 0.215774536132812 -0.220230102539063
0.108161926269531 -0.0706787109375 -0.102706909179688 -0.188156127929688
0.00841522216796874 0.091461181640625 -0.223831176757813 -0.071380615234375
-0.148269653320313 0.148681640625 -0.101593017578125 0.0203628540039062
-0.155990600585938 0.107498168945313 0.18359375 -0.0486907958984375
-0.107437133789062 0.0748291015625 -0.17706298828125 0.068450927734375
-0.135757446289063 0.128456115722656 0.0138778686523437 -0.111579895019531
-0.0437698364257812 0.114990234375 0.09368896484375 -0.106521606445312
0.0336227416992188 0.0164108276367188 0.0718536376953125 0.121002197265625
0.0823974609375 -0.0892105102539063 -0.05804443359375 0.343414306640625
0.1451416015625 -0.15692138671875 -0.224822998046875 0.35400390625
0.156585693359375 -0.089691162109375 -0.264480590820313 0.17376708984375
0.165618896484375 0.0065460205078125 -0.0657958984375 0.0393600463867187
0.1832275390625 0.015625 0.250839233398438 0.0730133056640625
0.17889404296875 -0.0341796875 0.431671142578125 0.0267333984375
0.150299072265625 -0.085784912109375 0.296630859375 -0.165130615234375
0.101676940917969 -0.0774002075195313 -0.0493621826171875 -0.2135009765625
0.0169448852539063 0.0510635375976563 -0.231918334960938 -0.130508422851563
-0.118194580078125 0.110687255859375 -0.141983032226563 -0.01129150390625
-0.136116027832031 0.0971298217773438 0.13165283203125 -0.045654296875
-0.0653533935546875 0.0464286804199219 -0.205764770507813 0.069671630859375
-0.102531433105469 0.0744400024414063 0.00601959228515626 -0.139663696289063
-0.057586669921875 0.0733718872070312 0.0805206298828125 -0.176956176757812
-0.0116386413574219 0.0293235778808594 0.0580406188964844 0.0536766052246094
0.03662109375 -0.0375175476074219 -0.043914794921875 0.3260498046875
0.101478576660156 -0.093475341796875 -0.211639404296875 0.400360107421875
0.118568420410156 -0.05352783203125 -0.292999267578125 0.2275390625
0.123847961425781 0.0114212036132813 -0.120315551757812 0.055145263671875
0.139930725097656 0.033538818359375 0.20367431640625 0.0939788818359375
0.136024475097656 0.00940704345703125 0.425933837890625 0.08770751953125
0.113082885742187 -0.0396728515625 0.349700927734375 -0.12127685546875
0.0751571655273438 -0.0545806884765625 -0.00180053710937501 -0.231094360351563
0.0102100372314453 0.0239009857177734 -0.226654052734375 -0.170684814453125
-0.0834121704101563 0.0667190551757813 -0.17706298828125 -0.034423828125
-0.0968399047851562 0.0676803588867188 0.0844955444335938 -0.0502777099609375
-0.00178241729736328 0.0150814056396484 -0.221511840820313 0.074310302734375
-0.0415153503417969 0.00502395629882813 0.0034637451171875 -0.150039672851563
-0.0440559387207031 0.00412750244140625 0.0836944580078125 -0.20819091796875
-0.0472564697265625 0.012054443359375 0.0564460754394531 0.0132369995117188
-0.0123720169067383 0.00395870208740234 -0.04071044921875 0.3048095703125
0.0492668151855469 -0.0155181884765625 -0.211669921875 0.417633056640625
0.0643463134765625 -0.000408172607421875 -0.311920166015625 0.252532958984375
0.0643196105957031 0.0144424438476562 -0.149978637695313 0.0634765625
0.0754623413085938 0.0338058471679688 0.173568725585938 0.097900390625
0.0681877136230469 0.0366706848144531 0.4154052734375 0.10638427734375
0.048675537109375 0.00454330444335938 0.37091064453125 -0.110931396484375
0.0297889709472656 -0.0150375366210938 0.0241241455078125 -0.244171142578125
-0.00895977020263672 0.012939453125 -0.218414306640625 -0.195938110351563
-0.047027587890625 0.0236701965332031 -0.186981201171875 -0.0528411865234375
-0.0414962768554688 0.0344161987304688 0.0592613220214844 -0.0566444396972656
0.0681343078613281 -0.0202865600585937 -0.230224609375 0.0699615478515625
0.0303993225097656 -0.0672225952148438 0.0053253173828125 -0.146743774414063
-0.0191688537597656 -0.0696182250976563 0.0994110107421875 -0.19781494140625
-0.0714950561523438 -0.0129165649414062 0.0702629089355469 0.0122261047363281
-0.0576095581054688 0.0384674072265625 -0.044677734375 0.288330078125
-0.00848388671874999 0.0585556030273438 -0.2327880859375 0.399322509765625
0.0029296875 0.0524215698242187 -0.330108642578125 0.2413330078125
-0.00390625 0.016937255859375 -0.156936645507813 0.0679931640625
0.00265312194824219 0.026397705078125 0.166610717773438 0.0992279052734375
-0.00768280029296875 0.0567283630371094 0.404510498046875 0.09002685546875
-0.0255622863769531 0.0489501953125 0.351226806640625 -0.13623046875
-0.0237522125244141 0.0324268341064453 0.0137939453125 -0.260040283203125
-0.0326118469238281 0.00763320922851563 -0.216644287109375 -0.199386596679688
-0.0103654861450195 -0.0170421600341797 -0.18341064453125 -0.0550994873046875
0.0182399749755859 -0.00551033020019531 0.0503311157226562 -0.062896728515625
0.135948181152344 -0.0541915893554688 -0.226669311523437 0.061187744140625
0.0938796997070312 -0.129142761230469 0.0147476196289063 -0.128585815429688
0.00369262695312499 -0.122398376464844 0.12530517578125 -0.149246215820312
-0.090240478515625 -0.0223922729492188 0.0905227661132813 0.050811767578125
-0.0978927612304688 0.0719223022460937 -0.0594329833984375 0.278366088867188
-0.0636672973632813 0.116462707519531 -0.268096923828125 0.35308837890625
-0.0610504150390625 0.089813232421875 -0.341461181640625 0.199462890625
-0.0683441162109375 0.0185813903808594 -0.137664794921875 0.0661697387695312
-0.0652275085449219 0.0287132263183594 0.184417724609375 0.0897674560546875
-0.0783233642578125 0.089385986328125 0.3935546875 0.03253173828125
-0.0928726196289062 0.0978317260742188 0.294586181640625 -0.194915771484375
-0.0695381164550781 0.0702857971191406 -0.02911376953125 -0.271743774414062
-0.0483665466308594 -0.00465011596679688 -0.2188720703125 -0.178466796875
0.0313034057617188 -0.0581283569335937 -0.16436767578125 -0.0399017333984375
0.0800018310546875 -0.0438385009765625 0.0640792846679688 -0.0695915222167969
0.187515258789063 -0.0796966552734375 -0.207473754882813 0.0521240234375
0.130477905273438 -0.166412353515625 0.0352096557617188 -0.0968093872070313
0.0111846923828125 -0.136199951171875 0.158157348632813 -0.07818603515625
-0.107986450195313 -0.00753021240234375 0.106033325195313 0.10723876953125
-0.133651733398438 0.103950500488281 -0.0938262939453125 0.263473510742188
-0.113754272460937 0.147476196289063 -0.31341552734375 0.27581787109375
-0.116287231445313 0.1016845703125 -0.336151123046875 0.134033203125
-0.121849060058594 0.0197982788085938 -0.0969619750976563 0.0570449829101563
-0.118972778320312 0.0486984252929687 0.217575073242188 0.0574188232421875
-0.131179809570313 0.135780334472656 0.368194580078125 -0.05718994140625
-0.137222290039063 0.1427001953125 0.20916748046875 -0.262603759765625
-0.09637451171875 0.0842361450195313 -0.079742431640625 -0.264816284179688
-0.0433273315429687 -0.0306129455566406 -0.21063232421875 -0.128875732421875
0.0746078491210938 -0.0987014770507813 -0.128852844238281 -0.0101318359375
0.133308410644531 -0.0761642456054687 0.09576416015625 -0.0754470825195313
0.212692260742188 -0.0921630859375 -0.174957275390625 0.04376220703125
0.138351440429688 -0.172210693359375 0.0693778991699219 -0.0566749572753906
0.00539398193359374 -0.111480712890625 0.19232177734375 0.00103759765624999
-0.123435974121094 0.0260086059570312 0.100540161132812 0.160614013671875
-0.161102294921875 0.117752075195313 -0.151138305664063 0.228515625
-0.15087890625 0.142791748046875 -0.357879638671875 0.17962646484375
-0.156036376953125 0.0861358642578125 -0.3133544921875 0.0646972656249999
-0.154876708984375 0.019866943359375 -0.0387649536132813 0.0427742004394531
-0.149002075195313 0.074127197265625 0.254562377929688 -0.000656127929687495
-0.155471801757813 0.171707153320313 0.32843017578125 -0.165374755859375
-0.151641845703125 0.16082763671875 0.123687744140625 -0.315887451171875
-0.098602294921875 0.0635452270507812 -0.110519409179688 -0.232498168945313
-0.0176010131835938 -0.0689125061035156 -0.181381225585937 -0.055938720703125
0.116806030273438 -0.129486083984375 -0.0821533203125 0.029296875
0.169509887695313 -0.094970703125 0.14093017578125 -0.07867431640625
-0.1275634765625 0.08514404296875 -0.144790649414063 0.059295654296875
-0.140823364257813 0.154403686523438 0.0393142700195312 -0.0719146728515625
-0.0140380859375 0.117767333984375 0.127250671386719 -0.0186386108398437
0.0732345581054688 -0.0202407836914063 0.0886688232421875 0.192779541015625
0.121299743652344 -0.133934020996094 -0.08819580078125 0.341705322265625
0.175506591796875 -0.186965942382813 -0.25909423828125 0.278854370117187
0.180831909179688 -0.0968780517578125 -0.238143920898438 0.101333618164062
0.187545776367188 0.0024871826171875 -0.00415992736816405 0.0205364227294922
0.199539184570313 -0.0220184326171875 0.303466796875 0.033203125
0.193679809570313 -0.0874786376953125 0.420013427734375 -0.065032958984375
0.158584594726563 -0.12017822265625 0.21624755859375 -0.223846435546875
0.10772705078125 -0.071685791015625 -0.10101318359375 -0.189208984375
0.0103836059570312 0.0909500122070313 -0.2249755859375 -0.072113037109375
-0.148727416992187 0.14923095703125 -0.101966857910156 0.0212783813476563
-0.15753173828125 0.108551025390625 0.184600830078125 -0.0486602783203125
-0.1077880859375 0.0753402709960938 -0.178070068359375 0.06915283203125
-0.136024475097656 0.129745483398438 0.0140457153320312 -0.112106323242187
-0.0434341430664062 0.1158447265625 0.0938339233398438 -0.106620788574219
0.0338153839111328 0.0167884826660156 0.0726470947265625 0.122077941894531
0.0836639404296875 -0.0902862548828125 -0.0582275390625 0.347015380859375
0.145645141601563 -0.157669067382813 -0.226470947265625 0.3575439453125
0.158294677734375 -0.09051513671875 -0.26715087890625 0.173782348632812
0.166091918945313 0.0070648193359375 -0.0667610168457031 0.0394363403320313
0.1832275390625 0.01519775390625 0.252395629882813 0.0731964111328125
0.18035888671875 -0.03363037109375 0.43292236328125 0.027679443359375
0.15216064453125 -0.0865631103515625 0.29876708984375 -0.1673583984375
0.101432800292969 -0.0786819458007813 -0.0487060546875 -0.215377807617187
0.0173759460449219 0.0508346557617188 -0.23309326171875 -0.13116455078125
-0.117988586425781 0.112113952636719 -0.143310546875 -0.011810302734375
-0.136444091796875 0.0983657836914062 0.131332397460937 -0.0459671020507812
-0.06597900390625 0.04608154296875 -0.206619262695313 0.0700531005859375
-0.102294921875 0.0758056640625 0.00649261474609373 -0.140251159667969
-0.05792236328125 0.072998046875 0.08050537109375 -0.177322387695313
-0.0121650695800781 0.0295143127441406 0.0590629577636719 0.0557594299316406
0.0371818542480469 -0.0382614135742188 -0.043487548828125 0.328887939453125
0.102989196777344 -0.0946807861328125 -0.213165283203125 0.40435791015625
0.119552612304687 -0.0536041259765625 -0.29473876953125 0.22857666015625
0.123817443847656 0.01123046875 -0.121253967285156 0.05419921875
0.140556335449219 0.0347747802734375 0.205368041992188 0.09368896484375
0.136177062988281 0.0102386474609375 0.428863525390625 0.08734130859375
0.114341735839844 -0.039459228515625 0.352813720703125 -0.12335205078125
0.0750198364257812 -0.0560226440429687 -0.000244140624999992 -0.23236083984375
0.0107498168945313 0.0236568450927734 -0.22772216796875 -0.171829223632812
-0.0835189819335938 0.067108154296875 -0.178298950195313 -0.0343170166015625
-0.097015380859375 0.067657470703125 0.0845794677734375 -0.0501785278320312
-0.00244712829589844 0.015772819519043 -0.223236083984375 0.0753173828125001
-0.0413475036621094 0.00542449951171876 0.00354003906249998 -0.1505126953125
-0.0449295043945313 0.00389862060546875 0.08489990234375 -0.209152221679688
-0.0478668212890625 0.0125007629394531 0.0568885803222656 0.0141677856445312
-0.0133132934570313 0.0037841796875 -0.040863037109375 0.30810546875
0.0493125915527344 -0.0171546936035156 -0.213409423828125 0.420745849609375
0.0655784606933594 -0.00109481811523438 -0.314697265625 0.25506591796875
0.0636253356933594 0.0144500732421875 -0.152023315429688 0.0633087158203125
0.0751571655273438 0.0330352783203125 0.17425537109375 0.0985260009765625
0.0689697265625 0.0367469787597656 0.41973876953125 0.106048583984375
0.0495147705078125 0.004150390625 0.373779296875 -0.112548828125
0.0293483734130859 -0.015167236328125 0.024566650390625 -0.246963500976562
-0.00953292846679688 0.012364387512207 -0.219268798828125 -0.19720458984375
-0.0470695495605469 0.0239677429199219 -0.1881103515625 -0.0532073974609375
-0.0414009094238281 0.0333633422851563 0.0582809448242188 -0.055755615234375
0.0692062377929688 -0.0212478637695313 -0.231903076171875 0.0706176757812499
0.0308151245117188 -0.0667572021484375 0.00523376464843749 -0.14691162109375
-0.0198593139648437 -0.0690536499023438 0.100433349609375 -0.19879150390625
-0.072021484375 -0.0133514404296875 0.0702705383300781 0.0136795043945313
-0.0573310852050781 0.039215087890625 -0.04461669921875 0.290283203125
-0.00785064697265625 0.0581092834472656 -0.235382080078125 0.403350830078125
0.00346755981445312 0.0522880554199219 -0.3328857421875 0.242950439453125
-0.00466823577880859 0.0170602798461914 -0.15887451171875 0.0673675537109375
0.00210380554199219 0.0253868103027344 0.167678833007813 0.100357055664063
-0.00746536254882813 0.0566673278808594 0.40924072265625 0.0904541015625
-0.0258674621582031 0.04998779296875 0.3544921875 -0.13641357421875
-0.0244197845458984 0.0322589874267578 0.0139007568359375 -0.2625732421875
-0.0334262847900391 0.00762939453125 -0.2181396484375 -0.201416015625
-0.0102176666259766 -0.0170679092407227 -0.184326171875 -0.0555572509765625
0.0188751220703125 -0.00645637512207031 0.0500411987304688 -0.0627822875976563
0.136642456054688 -0.05426025390625 -0.227523803710938 0.0617523193359375
0.093292236328125 -0.128761291503906 0.014251708984375 -0.128929138183594
0.00372314453124999 -0.122489929199219 0.1258544921875 -0.150039672851562
-0.0909881591796875 -0.0220947265625 0.0914154052734375 0.051849365234375
-0.0978927612304688 0.0730056762695312 -0.05877685546875 0.28228759765625
-0.06329345703125 0.117401123046875 -0.26995849609375 0.355438232421875
-0.0607376098632812 0.0904769897460938 -0.342620849609375 0.199676513671875
-0.0699501037597656 0.0189170837402344 -0.139076232910156 0.0651779174804687
-0.0666465759277344 0.0279808044433594 0.185775756835937 0.089569091796875
-0.079742431640625 0.0909194946289063 0.39654541015625 0.033966064453125
-0.0933685302734375 0.0986328125 0.296783447265625 -0.197418212890625
-0.070648193359375 0.07122802734375 -0.02923583984375 -0.274154663085937
-0.0485610961914063 -0.00423049926757813 -0.220596313476563 -0.179458618164063
0.0306205749511719 -0.0577926635742188 -0.165573120117188 -0.0406646728515625
0.080108642578125 -0.0444717407226563 0.0620307922363281 -0.0699577331542969
0.188156127929688 -0.0800933837890625 -0.208938598632813 0.052825927734375
0.130462646484375 -0.167633056640625 0.03546142578125 -0.0978240966796875
0.0115127563476562 -0.136505126953125 0.159164428710938 -0.078033447265625
-0.108963012695313 -0.00595092773437502 0.105728149414063 0.108695983886719
-0.134727478027344 0.104682922363281 -0.0947113037109375 0.265411376953125
-0.112991333007812 0.148544311523438 -0.31524658203125 0.277984619140625
-0.116645812988281 0.102699279785156 -0.33837890625 0.1348876953125
-0.123374938964844 0.0199661254882813 -0.0971755981445313 0.0563735961914062
-0.120010375976563 0.04791259765625 0.2186279296875 0.05706787109375
-0.131477355957031 0.136436462402344 0.371246337890625 -0.058624267578125
-0.138107299804688 0.14404296875 0.211380004882813 -0.265640258789063
-0.0965652465820313 0.0855789184570312 -0.080596923828125 -0.26763916015625
-0.0442047119140625 -0.0312423706054687 -0.2122802734375 -0.130477905273437
0.074554443359375 -0.0990982055664063 -0.129554748535156 -0.0102920532226562
0.133514404296875 -0.0770492553710938 0.0951004028320313 -0.0765151977539063
0.213775634765625 -0.09222412109375 -0.176605224609375 0.045684814453125
0.137893676757813 -0.17181396484375 0.070404052734375 -0.057037353515625
0.0049285888671875 -0.110885620117187 0.19384765625 0.00152587890624999
-0.124664306640625 0.026763916015625 0.0995330810546875 0.163314819335938
-0.162155151367188 0.119232177734375 -0.15283203125 0.23095703125
-0.15283203125 0.143157958984375 -0.361724853515625 0.180694580078125
-0.157119750976562 0.0858001708984375 -0.316070556640625 0.064697265625
-0.155685424804688 0.0189666748046875 -0.03948974609375 0.0422096252441406
-0.151107788085937 0.072723388671875 0.255859375 -0.000793457031249996
-0.156448364257813 0.17266845703125 0.33026123046875 -0.16754150390625
-0.153594970703125 0.163467407226563 0.12408447265625 -0.318878173828125
-0.0993728637695313 0.0646133422851562 -0.110580444335937 -0.235610961914063
-0.0174942016601563 -0.0689353942871094 -0.182479858398438 -0.0563812255859375
0.116851806640625 -0.129951477050781 -0.0831146240234375 0.029754638671875
0.170562744140625 -0.0970306396484375 0.1402587890625 -0.0792236328125
-0.128448486328125 0.085205078125 -0.146453857421875 0.0594635009765625
-0.140899658203125 0.15618896484375 0.04046630859375 -0.0723037719726562
-0.0135879516601562 0.118484497070312 0.12823486328125 -0.0173873901367187
0.0737838745117187 -0.0201034545898437 0.0902557373046875 0.19580078125
0.121925354003906 -0.136550903320313 -0.08984375 0.34637451171875
0.176605224609375 -0.189346313476563 -0.26007080078125 0.283050537109375
0.18218994140625 -0.0982208251953125 -0.241073608398438 0.102737426757812
0.188018798828125 0.002532958984375 -0.00544357299804686 0.0204029083251953
0.200286865234375 -0.022125244140625 0.305908203125 0.03369140625
0.195037841796875 -0.0888214111328125 0.42218017578125 -0.06585693359375
0.159576416015625 -0.121078491210938 0.219039916992188 -0.226425170898438
0.108100891113281 -0.0742874145507813 -0.102645874023438 -0.190994262695313
0.00970458984374999 0.092376708984375 -0.226913452148438 -0.07293701171875
-0.150466918945313 0.151885986328125 -0.103385925292969 0.0201416015625
-0.158248901367188 0.108612060546875 0.184890747070313 -0.04876708984375
-0.10943603515625 0.0755157470703125 -0.179824829101563 0.0692596435546875
-0.135841369628906 0.131401062011719 0.01544189453125 -0.112388610839844
-0.0435791015625 0.116004943847656 0.0937347412109375 -0.106819152832031
0.0332183837890625 0.0162525177001953 0.0734176635742188 0.124565124511719
0.0837554931640625 -0.0915908813476563 -0.05841064453125 0.348785400390625
0.147216796875 -0.15985107421875 -0.22808837890625 0.361114501953125
0.15887451171875 -0.090850830078125 -0.2686767578125 0.175094604492187
0.167709350585938 0.0073394775390625 -0.0687751770019531 0.0384559631347656
0.185333251953125 0.015869140625 0.25445556640625 0.07354736328125
0.181900024414063 -0.0342864990234375 0.437255859375 0.02764892578125
0.152572631835938 -0.0866546630859375 0.302001953125 -0.16851806640625
0.101806640625 -0.0796356201171875 -0.049407958984375 -0.217849731445312
0.0172042846679688 0.0501480102539063 -0.234603881835938 -0.133209228515625
-0.119499206542969 0.112770080566406 -0.144332885742188 -0.0113983154296875
-0.137283325195313 0.0982589721679687 0.1317138671875 -0.0452041625976563
-0.066802978515625 0.0474815368652344 -0.208419799804687 0.0708770751953125
-0.103607177734375 0.0766372680664062 0.00726318359374998 -0.140838623046875
-0.058990478515625 0.0737075805664063 0.0804595947265625 -0.178268432617188
-0.0125694274902344 0.0295009613037109 0.0594940185546875 0.0568428039550781
0.0371894836425781 -0.0390129089355469 -0.04400634765625 0.332122802734375
0.10345458984375 -0.0962448120117188 -0.213287353515625 0.407684326171875
0.120063781738281 -0.0548782348632812 -0.297088623046875 0.23028564453125
0.124443054199219 0.011688232421875 -0.122909545898438 0.0545654296875
0.141464233398437 0.03466796875 0.206344604492187 0.093902587890625
0.137367248535156 0.0105819702148438 0.433685302734375 0.08740234375
0.1153564453125 -0.0398635864257812 0.356536865234375 -0.1248779296875
0.0745162963867188 -0.0568923950195312 -0.000198364257812494 -0.235031127929688
0.0109996795654297 0.0230808258056641 -0.229339599609375 -0.17340087890625
-0.0837326049804687 0.0674209594726563 -0.179733276367188 -0.0345458984375
-0.09747314453125 0.068511962890625 0.0842056274414063 -0.050079345703125
-0.00203514099121094 0.0155582427978516 -0.2244873046875 0.0760498046875
-0.0416297912597656 0.0063323974609375 0.00457763671874999 -0.151763916015625
-0.0455856323242187 0.0046844482421875 0.0846099853515625 -0.21087646484375
-0.0484619140625 0.0129814147949219 0.0574722290039062 0.0154342651367187
-0.0121479034423828 0.00366020202636719 -0.04058837890625 0.3101806640625
0.0502395629882812 -0.0175361633300781 -0.213897705078125 0.425872802734375
0.0656776428222656 -0.00176239013671875 -0.31756591796875 0.255615234375
0.0636062622070313 0.0152015686035156 -0.153732299804688 0.0623321533203125
0.0761337280273438 0.0328826904296875 0.174468994140625 0.098175048828125
0.069610595703125 0.0369682312011719 0.420928955078125 0.107208251953125
0.0499153137207031 0.00510787963867188 0.377593994140625 -0.115081787109375
0.0291328430175781 -0.0157699584960938 0.0255584716796875 -0.248977661132813
-0.0086669921875 0.0124235153198242 -0.220916748046875 -0.198944091796875
-0.0469245910644531 0.0242347717285156 -0.189956665039063 -0.054595947265625
-0.0421981811523437 0.0341529846191406 0.0578880310058594 -0.0563850402832031
0.0692520141601563 -0.0220603942871094 -0.233871459960938 0.0717620849609376
0.0303001403808594 -0.0664787292480469 0.00514221191406252 -0.148223876953125
-0.0200042724609375 -0.0707015991210938 0.100845336914063 -0.199447631835938
-0.0734024047851563 -0.0118026733398437 0.0713348388671875 0.0143661499023438
-0.0580520629882812 0.0394363403320313 -0.044921875 0.293792724609375
-0.00775527954101563 0.0585975646972656 -0.2371826171875 0.406951904296875
0.00314712524414063 0.0525398254394531 -0.33636474609375 0.244537353515625
-0.00547504425048828 0.0168771743774414 -0.16082763671875 0.066650390625
0.002227783203125 0.0253086090087891 0.168487548828125 0.09979248046875
-0.00711822509765625 0.0581626892089844 0.411346435546875 0.09063720703125
-0.0260963439941406 0.050506591796875 0.358062744140625 -0.139801025390625
-0.0243148803710938 0.0321559906005859 0.014556884765625 -0.26544189453125
-0.03350830078125 0.00708198547363281 -0.219772338867188 -0.202438354492188
-0.00976181030273438 -0.0168056488037109 -0.186111450195312 -0.0563507080078125
0.0187721252441406 -0.00649070739746094 0.0496788024902344 -0.0629463195800781
0.137710571289063 -0.0557785034179687 -0.2291259765625 0.06268310546875
0.0936813354492188 -0.129722595214844 0.0147552490234375 -0.130020141601562
0.00372314453125 -0.123260498046875 0.126556396484375 -0.15155029296875
-0.091522216796875 -0.0212631225585937 0.091217041015625 0.05242919921875
-0.0986404418945313 0.0740432739257813 -0.060089111328125 0.284881591796875
-0.0637054443359375 0.1180419921875 -0.273193359375 0.35882568359375
-0.0605316162109375 0.0905075073242188 -0.3472900390625 0.20220947265625
-0.0707321166992188 0.0185546875 -0.140701293945312 0.065155029296875
-0.0673446655273438 0.0281562805175781 0.186843872070312 0.0903472900390625
-0.0791702270507813 0.0917510986328125 0.399871826171875 0.0333251953125
-0.0943756103515625 0.101242065429688 0.2998046875 -0.1993408203125
-0.071441650390625 0.0706863403320313 -0.02911376953125 -0.277328491210937
-0.0493736267089844 -0.00409317016601562 -0.221847534179687 -0.181716918945313
0.0309638977050781 -0.0583419799804688 -0.167633056640625 -0.040985107421875
0.0803604125976563 -0.0458984375 0.061676025390625 -0.0700492858886719
0.189620971679687 -0.0811920166015625 -0.21051025390625 0.053863525390625
0.13079833984375 -0.16802978515625 0.03515625 -0.0985336303710938
0.0116958618164062 -0.137336730957031 0.159881591796875 -0.07891845703125
-0.110542297363281 -0.00483703613281252 0.106536865234375 0.110107421875
-0.134262084960938 0.106781005859375 -0.095489501953125 0.269378662109375
-0.114761352539063 0.149810791015625 -0.318267822265625 0.282562255859375
-0.118064880371094 0.101959228515625 -0.34210205078125 0.13555908203125
-0.124702453613281 0.0192184448242188 -0.0986709594726563 0.0563888549804687
-0.121444702148438 0.0480575561523438 0.220184326171875 0.0574188232421875
-0.132080078125 0.137809753417969 0.374725341796875 -0.0596923828125
-0.139404296875 0.14654541015625 0.2139892578125 -0.269027709960938
-0.0978240966796875 0.085906982421875 -0.081817626953125 -0.270156860351562
-0.0443229675292969 -0.0303077697753906 -0.21380615234375 -0.131301879882812
0.0742950439453125 -0.0997772216796875 -0.131660461425781 -0.0104141235351563
0.134521484375 -0.0787429809570313 0.0944747924804688 -0.0760345458984375
0.216415405273438 -0.0938873291015625 -0.17694091796875 0.045318603515625
0.138412475585937 -0.172439575195313 0.0708084106445313 -0.057220458984375
0.00481414794921874 -0.112373352050781 0.19549560546875 0.00160217285156249
-0.126388549804688 0.0274124145507813 0.0999755859375 0.165252685546875
-0.163314819335937 0.121307373046875 -0.154891967773438 0.233993530273438
-0.1531982421875 0.1451416015625 -0.365478515625 0.183319091796875
-0.158035278320313 0.0870361328125 -0.31927490234375 0.06494140625
-0.15789794921875 0.0186920166015625 -0.0393142700195313 0.0430831909179688
-0.151336669921875 0.0734405517578125 0.2584228515625 -0.000808715820312495
-0.156997680664063 0.174545288085937 0.334197998046875 -0.1693115234375
-0.154647827148438 0.165054321289062 0.12469482421875 -0.32305908203125
-0.100433349609375 0.0651321411132812 -0.112442016601563 -0.23822021484375
-0.0176467895507813 -0.0692138671875 -0.184112548828125 -0.0570220947265625
0.117141723632813 -0.131446838378906 -0.0844268798828125 0.029449462890625
0.171829223632813 -0.098419189453125 0.139518737792969 -0.0801239013671875
-0.129371643066406 0.086700439453125 -0.146469116210938 0.0605010986328125
-0.1417236328125 0.15924072265625 0.0408477783203125 -0.0726242065429687
-0.0142440795898437 0.119873046875 0.128959655761719 -0.0177841186523437
0.073577880859375 -0.0214996337890625 0.09197998046875 0.19793701171875
0.122383117675781 -0.137283325195313 -0.09002685546875 0.348663330078125
0.176605224609375 -0.191146850585938 -0.26251220703125 0.28558349609375
0.182693481445313 -0.09967041015625 -0.24365234375 0.1033935546875
0.190414428710938 0.003509521484375 -0.00652313232421874 0.0212860107421875
0.201828002929687 -0.0220947265625 0.30810546875 0.033233642578125
0.197418212890625 -0.089935302734375 0.427978515625 -0.067535400390625
0.162109375 -0.121978759765625 0.221511840820313 -0.229827880859375
0.108306884765625 -0.0746917724609375 -0.103530883789063 -0.19464111328125
0.0100021362304688 0.0923309326171875 -0.228469848632813 -0.073333740234375
-0.150344848632812 0.153945922851563 -0.104911804199219 0.020111083984375
-0.159027099609375 0.110458374023437 0.18505859375 -0.0491943359375
-0.109954833984375 0.0760879516601562 -0.181304931640625 0.0706634521484375
-0.136032104492187 0.134025573730469 0.0150375366210937 -0.11260986328125
-0.0436630249023438 0.116592407226563 0.094329833984375 -0.107833862304687
0.033172607421875 0.0168876647949219 0.0749435424804687 0.12628173828125
0.0851593017578125 -0.0929946899414062 -0.05804443359375 0.35430908203125
0.147232055664063 -0.161880493164063 -0.23046875 0.366973876953125
0.160690307617187 -0.091796875 -0.271987915039063 0.176849365234375
0.168075561523438 0.008087158203125 -0.0696792602539063 0.0381698608398438
0.186553955078125 0.0163116455078125 0.257171630859375 0.0729827880859375
0.18414306640625 -0.0347442626953125 0.44244384765625 0.025299072265625
0.154449462890625 -0.08819580078125 0.305450439453125 -0.171600341796875
0.102622985839844 -0.0815048217773438 -0.050079345703125 -0.22039794921875
0.0182456970214844 0.0502090454101563 -0.2373046875 -0.133590698242187
-0.119644165039062 0.114494323730469 -0.146682739257812 -0.01202392578125
-0.137672424316406 0.0996017456054687 0.131744384765625 -0.0463104248046875
-0.0678024291992188 0.0482101440429687 -0.209259033203125 0.0721893310546875
-0.10406494140625 0.0792007446289062 0.007080078125 -0.1422119140625
-0.0590744018554687 0.0746994018554688 0.0802764892578125 -0.179122924804687
-0.0129241943359375 0.0301151275634766 0.06060791015625 0.0577926635742188
0.0377693176269531 -0.0394401550292969 -0.0428466796875 0.336273193359375
0.104476928710937 -0.0977554321289062 -0.21478271484375 0.413543701171875
0.121322631835938 -0.05535888671875 -0.30023193359375 0.232086181640625
0.125595092773438 0.0124969482421875 -0.124443054199219 0.0536422729492188
0.142532348632812 0.034149169921875 0.207717895507812 0.0936737060546875
0.139015197753906 0.0107345581054688 0.4376220703125 0.087890625
0.115699768066406 -0.0402450561523437 0.360198974609375 -0.128326416015625
0.0756759643554688 -0.0586166381835937 1.52587890625298E-05 -0.237808227539062
0.0100440979003906 0.0235671997070313 -0.231307983398437 -0.17437744140625
-0.0850143432617187 0.0689010620117188 -0.181442260742188 -0.0346527099609375
-0.0985565185546875 0.0687484741210938 0.0840682983398438 -0.0511703491210937
-0.00280189514160156 0.0153236389160156 -0.225433349609375 0.0777435302734375
-0.0419731140136719 0.00680160522460938 0.00405883789062501 -0.152267456054688
-0.0460281372070313 0.00452041625976563 0.0842437744140625 -0.211898803710938
-0.0487709045410156 0.0137290954589844 0.0574531555175781 0.0156517028808594
-0.011998176574707 0.00400161743164063 -0.04022216796875 0.314910888671875
0.0514106750488281 -0.0178184509277344 -0.21551513671875 0.430908203125
0.0663299560546875 -0.00134658813476563 -0.3201904296875 0.259185791015625
0.0637969970703125 0.0154647827148438 -0.154998779296875 0.062652587890625
0.076324462890625 0.0331878662109375 0.176513671875 0.097991943359375
0.0695037841796875 0.0370826721191406 0.427490234375 0.10552978515625
0.0506744384765625 0.00548171997070313 0.381622314453125 -0.11627197265625
0.0290718078613281 -0.0171852111816406 0.02569580078125 -0.252716064453125
-0.00909805297851563 0.0115346908569336 -0.223876953125 -0.201004028320313
-0.0472488403320313 0.0251502990722656 -0.191650390625 -0.0546417236328125
-0.0418319702148438 0.0333595275878906 0.0575599670410156 -0.0566139221191406
0.0698204040527344 -0.0229148864746094 -0.2352294921875 0.0734710693359375
0.0301895141601563 -0.0662422180175781 0.0056610107421875 -0.148880004882812
-0.0204849243164062 -0.0705795288085938 0.101425170898438 -0.200454711914063
-0.0739898681640625 -0.0106277465820313 0.0715484619140625 0.0147933959960938
-0.058013916015625 0.0405006408691406 -0.045440673828125 0.2982177734375
-0.00704574584960937 0.0589675903320313 -0.23785400390625 0.41204833984375
0.00321578979492187 0.052703857421875 -0.33880615234375 0.24884033203125
-0.00554275512695313 0.0171775817871094 -0.162506103515625 0.06695556640625
0.00166130065917969 0.0247383117675781 0.169815063476563 0.09942626953125
-0.00777053833007813 0.0584907531738281 0.417388916015625 0.0899658203125
-0.0259628295898438 0.05120849609375 0.361297607421875 -0.142486572265625
-0.0250358581542969 0.0323429107666016 0.014495849609375 -0.26934814453125
-0.0334606170654297 0.00715255737304687 -0.220977783203125 -0.204193115234375
-0.0103006362915039 -0.0175161361694336 -0.188186645507813 -0.0561981201171875
0.0191860198974609 -0.00730323791503906 0.0486335754394531 -0.0634880065917969
0.138458251953125 -0.0561904907226563 -0.231124877929688 0.063751220703125
0.0933303833007813 -0.129798889160156 0.0141525268554687 -0.1312255859375
0.00325012207031249 -0.124191284179688 0.1273193359375 -0.152114868164063
-0.0932998657226563 -0.0206680297851562 0.0923004150390625 0.0542373657226563
-0.0986480712890625 0.0757675170898437 -0.060333251953125 0.288909912109375
-0.0626907348632812 0.119697570800781 -0.274383544921875 0.363800048828125
-0.0611038208007813 0.090728759765625 -0.3492431640625 0.205078125
-0.07220458984375 0.0183639526367187 -0.143280029296875 0.0655670166015625
-0.0681114196777344 0.02752685546875 0.188613891601563 0.089447021484375
-0.07952880859375 0.0925064086914063 0.40509033203125 0.03131103515625
-0.09405517578125 0.101913452148438 0.3031005859375 -0.203155517578125
-0.0720443725585938 0.0716323852539063 -0.0306396484375 -0.281005859375
-0.0489616394042969 -0.00436782836914062 -0.224349975585938 -0.182327270507812
0.0306396484375 -0.058135986328125 -0.169281005859375 -0.040435791015625
0.0810775756835938 -0.0469284057617187 0.061431884765625 -0.0706634521484375
0.191009521484375 -0.0823822021484375 -0.212081909179688 0.054351806640625
0.130828857421875 -0.1693115234375 0.0362167358398438 -0.0991134643554688
0.0106048583984375 -0.138221740722656 0.161392211914063 -0.0793304443359375
-0.111915588378906 -0.00424194335937499 0.107559204101563 0.112220764160156
-0.136138916015625 0.108123779296875 -0.0962066650390625 0.27301025390625
-0.114166259765625 0.151596069335937 -0.321746826171875 0.28668212890625
-0.118743896484375 0.1029052734375 -0.345489501953125 0.13787841796875
-0.126487731933594 0.019012451171875 -0.0993804931640625 0.0575180053710937
-0.122833251953125 0.0477294921875 0.223129272460938 0.05645751953125
-0.132713317871094 0.138847351074219 0.378021240234375 -0.060791015625
-0.139389038085937 0.148406982421875 0.215347290039063 -0.273468017578125
-0.0986251831054687 0.0872039794921875 -0.083343505859375 -0.273910522460938
-0.0449638366699219 -0.0304336547851563 -0.21612548828125 -0.132339477539063
0.074432373046875 -0.100761413574219 -0.133232116699219 -0.0104141235351562
0.13531494140625 -0.0800704956054688 0.0933609008789063 -0.0768814086914063
0.21759033203125 -0.095367431640625 -0.17889404296875 0.0467071533203125
0.138671875 -0.173553466796875 0.0711898803710938 -0.0580291748046875
0.00424957275390625 -0.112655639648437 0.196823120117188 0.00125122070312499
-0.126853942871094 0.0294189453125 0.101242065429687 0.167999267578125
-0.164306640625 0.123611450195313 -0.157028198242188 0.238082885742187
-0.153488159179688 0.1463623046875 -0.368682861328125 0.184600830078125
-0.159011840820313 0.0868377685546875 -0.322174072265625 0.0672912597656249
-0.160049438476563 0.0179901123046875 -0.0399284362792969 0.0428199768066406
-0.152923583984375 0.073760986328125 0.261077880859375 -0.0023651123046875
-0.157562255859375 0.176834106445313 0.337554931640625 -0.172607421875
-0.155303955078125 0.1680908203125 0.12725830078125 -0.3272705078125
-0.101760864257812 0.0661544799804688 -0.115447998046875 -0.240951538085938
-0.018096923828125 -0.06903076171875 -0.186447143554688 -0.057342529296875
0.117919921875 -0.132827758789063 -0.0847549438476562 0.029296875
0.172622680664062 -0.100234985351563 0.139297485351563 -0.0799179077148438
-0.130622863769531 0.0876235961914063 -0.146743774414063 0.062286376953125
-0.141220092773438 0.160751342773438 0.0418701171875 -0.07305908203125
-0.0133590698242187 0.119560241699219 0.130813598632812 -0.0172958374023437
0.0743179321289063 -0.021514892578125 0.09344482421875 0.200698852539063
0.124526977539063 -0.14080810546875 -0.0880126953125 0.354217529296875
0.178131103515625 -0.193695068359375 -0.26348876953125 0.290069580078125
0.18389892578125 -0.1007080078125 -0.246047973632813 0.105743408203125
0.191696166992187 0.0032501220703125 -0.00750732421874999 0.0208377838134766
0.203369140625 -0.0222320556640625 0.31097412109375 0.031463623046875
0.19842529296875 -0.0906219482421875 0.43096923828125 -0.068206787109375
0.161453247070313 -0.124237060546875 0.222579956054688 -0.233322143554688
0.108848571777344 -0.0770645141601563 -0.104705810546875 -0.194976806640625
0.0111923217773438 0.0929946899414063 -0.230789184570313 -0.07244873046875
-0.1505126953125 0.156143188476563 -0.105461120605469 0.0215606689453125
-0.159820556640625 0.112457275390625 0.186935424804688 -0.0507659912109375
-0.110748291015625 0.0773468017578125 -0.180923461914063 0.0722503662109375
-0.136405944824219 0.136512756347656 0.016082763671875 -0.114219665527344
-0.0430450439453125 0.118629455566406 0.0950698852539063 -0.108039855957031
0.0332565307617187 0.0162906646728516 0.0755386352539063 0.128379821777344
0.0846939086914063 -0.0946731567382812 -0.056427001953125 0.35870361328125
0.148422241210938 -0.163970947265625 -0.23114013671875 0.371673583984375
0.160812377929688 -0.0931396484375 -0.274566650390625 0.17999267578125
0.169082641601563 0.0081939697265625 -0.071380615234375 0.0378189086914063
0.188644409179688 0.014801025390625 0.258926391601563 0.072540283203125
0.184783935546875 -0.0355224609375 0.44720458984375 0.024932861328125
0.155502319335938 -0.0894775390625 0.30816650390625 -0.175537109375
0.1024169921875 -0.083587646484375 -0.0509796142578125 -0.222549438476563
0.0185737609863281 0.0494346618652344 -0.239990234375 -0.134384155273437
-0.119682312011719 0.115646362304688 -0.14788818359375 -0.011260986328125
-0.139106750488281 0.100349426269531 0.133087158203125 -0.0472488403320312
-0.0682754516601563 0.0481948852539063 -0.210617065429687 0.074188232421875
-0.104377746582031 0.0807266235351562 0.00695800781249999 -0.143234252929688
-0.0587692260742187 0.0760116577148438 0.080047607421875 -0.180831909179688
-0.0135784149169922 0.0306854248046875 0.0615158081054688 0.05926513671875
0.0373916625976563 -0.0402069091796875 -0.04132080078125 0.34100341796875
0.105453491210938 -0.0991592407226563 -0.214935302734375 0.41839599609375
0.122016906738281 -0.0571823120117188 -0.30303955078125 0.2362060546875
0.125831604003906 0.0129013061523438 -0.126823425292969 0.0536575317382812
0.143798828125 0.034576416015625 0.210708618164062 0.093231201171875
0.140159606933594 0.0109176635742188 0.44378662109375 0.085968017578125
0.117416381835937 -0.0403900146484375 0.36358642578125 -0.1309814453125
0.0748748779296875 -0.059722900390625 -0.000549316406249989 -0.240386962890625
0.0107269287109375 0.0227260589599609 -0.233795166015625 -0.1763916015625
-0.085174560546875 0.0694427490234375 -0.1837158203125 -0.0345916748046875
-0.098846435546875 0.0699996948242187 0.083740234375 -0.05059814453125
-0.00266551971435547 0.0155525207519531 -0.227569580078125 0.0795440673828125
-0.0422935485839844 0.00831985473632812 0.003662109375 -0.152679443359375
-0.0465583801269531 0.00438690185546875 0.083892822265625 -0.213577270507813
-0.0496101379394531 0.0140647888183594 0.0585441589355469 0.0166091918945312
-0.0122785568237305 0.00366401672363281 -0.039093017578125 0.319549560546875
0.0517387390136719 -0.0191154479980469 -0.216888427734375 0.437042236328125
0.0665550231933594 -0.002044677734375 -0.32275390625 0.263702392578125
0.0636863708496094 0.0159759521484375 -0.157882690429688 0.0630645751953125
0.0768508911132813 0.0326690673828125 0.178863525390625 0.09814453125
0.071441650390625 0.0376510620117188 0.431060791015625 0.10565185546875
0.0513916015625 0.00596237182617188 0.385162353515625 -0.120025634765625
0.0290374755859375 -0.0173873901367188 0.02490234375 -0.255218505859375
-0.00913238525390625 0.0122413635253906 -0.226043701171875 -0.201812744140625
-0.0475578308105469 0.0252418518066406 -0.19390869140625 -0.054840087890625
-0.0420570373535156 0.0336112976074219 0.056365966796875 -0.0565872192382813
0.0703887939453125 -0.0224075317382813 -0.236648559570312 0.0749053955078125
0.03021240234375 -0.0670661926269531 0.00517272949218749 -0.149551391601562
-0.020599365234375 -0.0706863403320313 0.101089477539063 -0.203506469726562
-0.0754852294921875 -0.0103073120117187 0.0719070434570312 0.0154037475585937
-0.0584449768066406 0.0412368774414063 -0.04345703125 0.302093505859375
-0.00640869140625 0.0594406127929687 -0.23736572265625 0.4185791015625
0.003265380859375 0.0530471801757813 -0.341522216796875 0.253021240234375
-0.0066671371459961 0.0169544219970703 -0.164321899414063 0.06732177734375
0.0015411376953125 0.0245857238769531 0.171890258789063 0.0995025634765625
-0.00640106201171875 0.0595664978027344 0.420562744140625 0.08905029296875
-0.0257492065429688 0.0522308349609375 0.3651123046875 -0.1456298828125
-0.0260391235351563 0.0320072174072266 0.013671875 -0.272506713867188
-0.0341300964355469 0.00844573974609375 -0.223983764648438 -0.2064208984375
-0.0102758407592773 -0.0164976119995117 -0.190322875976563 -0.0564727783203125
0.0192794799804688 -0.00783348083496094 0.0473670959472656 -0.0632972717285156
0.139633178710938 -0.0573577880859375 -0.232666015625 0.0665740966796875
0.0929946899414063 -0.130279541015625 0.0147857666015625 -0.131866455078125
0.00173950195312499 -0.125701904296875 0.127593994140625 -0.154052734375
-0.094879150390625 -0.0203399658203125 0.0929412841796875 0.0547103881835938
-0.0995330810546875 0.0772476196289063 -0.059356689453125 0.29254150390625
-0.062957763671875 0.12066650390625 -0.275238037109375 0.370452880859375
-0.060882568359375 0.091583251953125 -0.3525390625 0.208770751953125
-0.0739822387695313 0.0176773071289063 -0.144439697265625 0.065673828125
-0.0692672729492188 0.0277786254882813 0.190841674804688 0.08978271484375
-0.0798187255859375 0.0936737060546875 0.4093017578125 0.0301513671875
-0.095245361328125 0.104095458984375 0.305816650390625 -0.206695556640625
-0.0720443725585938 0.0733413696289062 -0.03240966796875 -0.283966064453125
-0.0497589111328125 -0.00326156616210938 -0.22772216796875 -0.183944702148437
0.0300865173339844 -0.0595550537109375 -0.17144775390625 -0.041168212890625
0.0814285278320313 -0.048858642578125 0.0603179931640625 -0.0708236694335938
0.191848754882813 -0.08428955078125 -0.21343994140625 0.057098388671875
0.130126953125 -0.170242309570313 0.0357818603515625 -0.100837707519531
0.0106430053710938 -0.139495849609375 0.163253784179688 -0.080596923828125
-0.113166809082031 -0.00238800048828125 0.109153747558594 0.11456298828125
-0.135940551757813 0.110191345214844 -0.0968475341796875 0.276718139648437
-0.114334106445313 0.15380859375 -0.323760986328125 0.291229248046875
-0.119102478027344 0.103782653808594 -0.349090576171875 0.141693115234375
-0.128517150878906 0.0188140869140625 -0.100990295410156 0.0571975708007813
-0.123809814453125 0.0478668212890625 0.225799560546875 0.0569000244140625
-0.132675170898437 0.141311645507813 0.382049560546875 -0.063323974609375
-0.14080810546875 0.151702880859375 0.217300415039062 -0.277206420898438
-0.099517822265625 0.0890960693359375 -0.0858612060546875 -0.277084350585938
-0.0455818176269531 -0.0297737121582031 -0.219161987304688 -0.133163452148438
0.0743331909179688 -0.101493835449219 -0.135787963867188 -0.0102767944335938
0.135665893554688 -0.0826034545898438 0.093109130859375 -0.077301025390625
0.218612670898437 -0.09686279296875 -0.179183959960938 0.04815673828125
0.137985229492188 -0.174957275390625 0.07147216796875 -0.0588226318359375
0.00385284423828125 -0.112998962402344 0.198516845703125 0.000839233398437493
-0.128921508789062 0.03057861328125 0.1025390625 0.169769287109375
-0.164932250976563 0.125885009765625 -0.158950805664063 0.240859985351562
-0.154251098632812 0.1483154296875 -0.372222900390625 0.1900634765625
-0.1597900390625 0.0872955322265625 -0.326019287109375 0.0693054199218751
-0.162200927734375 0.0184783935546875 -0.0405082702636719 0.0434455871582031
-0.154922485351563 0.074920654296875 0.263504028320313 -0.0034637451171875
-0.158721923828125 0.179367065429688 0.340484619140625 -0.173858642578125
-0.15606689453125 0.171844482421875 0.126953125 -0.33282470703125
-0.101608276367188 0.0685577392578125 -0.117294311523438 -0.2437744140625
-0.0178565979003906 -0.0687217712402344 -0.187286376953125 -0.0574951171875
0.117866516113281 -0.134208679199219 -0.0869216918945312 0.0297775268554688
0.173095703125 -0.101882934570312 0.138984680175781 -0.08099365234375
-0.131179809570313 0.0890884399414063 -0.147445678710938 0.0642852783203125
-0.140533447265625 0.16357421875 0.04254150390625 -0.0738449096679687
-0.0123367309570312 0.120491027832031 0.131629943847656 -0.0168075561523437
0.0751876831054688 -0.0225296020507813 0.0964508056640625 0.201644897460937
0.124160766601563 -0.142852783203125 -0.087982177734375 0.35833740234375
0.17864990234375 -0.197372436523437 -0.2650146484375 0.295562744140625
0.185302734375 -0.103317260742188 -0.248611450195312 0.1082763671875
0.19244384765625 0.0029754638671875 -0.00800704956054686 0.0195388793945313
0.205535888671875 -0.0235595703125 0.314727783203125 0.031036376953125
0.1995849609375 -0.093109130859375 0.4375 -0.07421875
0.162612915039063 -0.125350952148438 0.222686767578125 -0.23797607421875
0.108558654785156 -0.0785140991210937 -0.107635498046875 -0.197296142578125
0.0116119384765625 0.0916900634765625 -0.233200073242188 -0.0713043212890625
-0.1507568359375 0.1588134765625 -0.108200073242188 0.02166748046875
-0.161224365234375 0.113540649414063 0.186935424804687 -0.0502471923828125
-0.111930847167969 0.078399658203125 -0.18206787109375 0.0737152099609375
-0.136489868164062 0.138656616210938 0.0154037475585937 -0.114860534667969
-0.0429229736328125 0.120140075683594 0.094696044921875 -0.108749389648437
0.0335960388183594 0.0155906677246094 0.0773239135742188 0.130027770996094
0.085601806640625 -0.0962448120117188 -0.05462646484375 0.363006591796875
0.14886474609375 -0.16680908203125 -0.23028564453125 0.37652587890625
0.162078857421875 -0.095062255859375 -0.277481079101563 0.182876586914062
0.171295166015625 0.0078125 -0.0735702514648438 0.0377197265625
0.18988037109375 0.014007568359375 0.262069702148438 0.070953369140625
0.1866455078125 -0.0362701416015625 0.452789306640625 0.021453857421875
0.15643310546875 -0.0901641845703125 0.309539794921875 -0.18017578125
0.102790832519531 -0.0848770141601563 -0.05316162109375 -0.225234985351563
0.0185661315917969 0.0493659973144531 -0.242568969726563 -0.134292602539062
-0.120330810546875 0.118377685546875 -0.150192260742187 -0.01116943359375
-0.139862060546875 0.101829528808594 0.132400512695313 -0.0478744506835937
-0.068939208984375 0.0497322082519531 -0.21234130859375 0.07659912109375
-0.103691101074219 0.0828781127929688 0.0057525634765625 -0.145156860351563
-0.0587158203125 0.076629638671875 0.0794219970703125 -0.182540893554688
-0.0135536193847656 0.0313034057617188 0.0622749328613281 0.0605850219726563
0.0387535095214844 -0.0410270690917969 -0.040283203125 0.345123291015625
0.106460571289063 -0.101325988769531 -0.21478271484375 0.425201416015625
0.122474670410156 -0.0582733154296875 -0.30474853515625 0.241302490234375
0.127037048339844 0.012603759765625 -0.128280639648438 0.0541610717773438
0.144821166992187 0.0342254638671875 0.213088989257813 0.092742919921875
0.14202880859375 0.0100250244140625 0.447845458984375 0.084625244140625
0.118232727050781 -0.040802001953125 0.367828369140625 -0.13653564453125
0.0749130249023438 -0.0607452392578125 -0.001678466796875 -0.244293212890625
0.0115394592285156 0.0221214294433594 -0.23748779296875 -0.17633056640625
-0.0855560302734375 0.0703811645507812 -0.185714721679688 -0.0338897705078125
-0.0988388061523438 0.070098876953125 0.0832977294921875 -0.052459716796875
-0.00291252136230469 0.0153961181640625 -0.22930908203125 0.0817413330078125
-0.042388916015625 0.00905227661132813 0.00268554687500002 -0.15447998046875
-0.0467605590820313 0.00492095947265624 0.0829010009765625 -0.215225219726562
-0.0500335693359375 0.0146369934082031 0.0595703125 0.0180206298828125
-0.0122718811035156 0.0038290023803711 -0.03729248046875 0.32373046875
0.0517616271972656 -0.019561767578125 -0.215240478515625 0.4429931640625
0.0674171447753906 -0.00243759155273438 -0.325042724609375 0.267547607421875
0.0636520385742188 0.0157623291015625 -0.1595458984375 0.0635528564453125
0.0770797729492188 0.0325698852539063 0.181182861328125 0.097930908203125
0.071990966796875 0.0382537841796875 0.4366455078125 0.1048583984375
0.0514640808105469 0.00632095336914063 0.38916015625 -0.124542236328125
0.0285549163818359 -0.0177726745605469 0.02447509765625 -0.259262084960938
-0.00923252105712891 0.0115861892700195 -0.228713989257813 -0.20306396484375
-0.0481834411621094 0.0260772705078125 -0.197158813476563 -0.054107666015625
-0.042572021484375 0.03424072265625 0.056304931640625 -0.0578041076660156
0.0705108642578125 -0.0238876342773438 -0.238800048828125 0.07769775390625
0.0297355651855469 -0.0668487548828125 0.004150390625 -0.15087890625
-0.0215301513671875 -0.0715408325195313 0.100860595703125 -0.206207275390625
-0.0758819580078125 -0.00996398925781252 0.0730438232421875 0.0168228149414063
-0.058990478515625 0.0415802001953125 -0.042236328125 0.307373046875
-0.00542068481445313 0.0595893859863281 -0.23797607421875 0.424041748046875
0.00415802001953125 0.0532608032226563 -0.34356689453125 0.257171630859375
-0.00714969635009765 0.0168285369873047 -0.166595458984375 0.06744384765625
0.000904083251953125 0.0238761901855469 0.174484252929688 0.09814453125
-0.00612640380859375 0.0593338012695313 0.4263916015625 0.0880126953125
-0.025421142578125 0.0536422729492187 0.369354248046875 -0.152313232421875
-0.0256996154785156 0.0326461791992188 0.01202392578125 -0.276748657226563
-0.0340557098388672 0.00857162475585938 -0.227310180664063 -0.207412719726562
-0.011195182800293 -0.0163068771362305 -0.193649291992188 -0.0564117431640625
0.0189056396484375 -0.00885772705078125 0.0461387634277344 -0.0639839172363281
0.140098571777344 -0.05877685546875 -0.23529052734375 0.0682678222656251
0.0922393798828125 -0.132232666015625 0.0135040283203125 -0.133636474609375
0.001251220703125 -0.12664794921875 0.127593994140625 -0.156158447265625
-0.0957260131835938 -0.018310546875 0.09466552734375 0.0552520751953125
-0.100318908691406 0.079376220703125 -0.058074951171875 0.297149658203125
-0.06219482421875 0.122489929199219 -0.276214599609375 0.376495361328125
-0.0605926513671875 0.0922012329101563 -0.355255126953125 0.210968017578125
-0.0755386352539063 0.0186920166015625 -0.1456298828125 0.066436767578125
-0.0711517333984375 0.027130126953125 0.192535400390625 0.08856201171875
-0.0794143676757812 0.0946121215820313 0.413818359375 0.0283203125
-0.0955352783203125 0.106689453125 0.30706787109375 -0.2122802734375
-0.073486328125 0.073944091796875 -0.033416748046875 -0.2874755859375
-0.0500946044921875 -0.00250625610351563 -0.229827880859375 -0.18475341796875
0.030120849609375 -0.0599822998046875 -0.174224853515625 -0.0411224365234375
0.0822906494140625 -0.049713134765625 0.0592269897460938 -0.0715789794921875
0.19390869140625 -0.086639404296875 -0.215179443359375 0.0582427978515625
0.129989624023438 -0.171966552734375 0.0358505249023438 -0.101905822753906
0.00868225097656251 -0.140960693359375 0.164031982421875 -0.0819244384765625
-0.11529541015625 -0.000320434570312519 0.109771728515625 0.115158081054688
-0.136619567871094 0.112785339355469 -0.096435546875 0.28173828125
-0.114212036132812 0.156158447265625 -0.325592041015625 0.296600341796875
-0.119178771972656 0.105140686035156 -0.352203369140625 0.1441650390625
-0.130020141601563 0.019561767578125 -0.101486206054688 0.0575103759765625
-0.125900268554688 0.0477828979492187 0.228057861328125 0.0552978515625
-0.13214111328125 0.14300537109375 0.386962890625 -0.0667724609375
-0.140899658203125 0.154296875 0.2178955078125 -0.282318115234375
-0.0994033813476563 0.0906219482421875 -0.0882568359375 -0.279953002929688
-0.0458297729492188 -0.0294418334960938 -0.222198486328125 -0.133453369140625
0.074615478515625 -0.103157043457031 -0.137496948242187 -0.00965881347656253
0.136329650878906 -0.084930419921875 0.0918045043945313 -0.078369140625
0.221221923828125 -0.100006103515625 -0.181594848632813 0.0499420166015625
0.1370849609375 -0.176986694335938 0.0720977783203125 -0.06011962890625
0.00302124023437501 -0.113693237304688 0.201065063476563 -0.000320434570312507
-0.130386352539062 0.0331649780273438 0.104354858398437 0.171722412109375
-0.165283203125 0.129470825195313 -0.159957885742188 0.246612548828125
-0.154541015625 0.150543212890625 -0.376922607421875 0.195068359375
-0.16021728515625 0.088592529296875 -0.329803466796875 0.072723388671875
-0.163619995117188 0.019073486328125 -0.0405044555664063 0.0444107055664062
-0.15618896484375 0.075714111328125 0.2664794921875 -0.0045013427734375
-0.157669067382812 0.182266235351563 0.3424072265625 -0.1787109375
-0.155288696289063 0.174179077148438 0.12725830078125 -0.33587646484375
-0.102668762207031 0.0699615478515625 -0.120941162109375 -0.246734619140625
-0.0192184448242188 -0.0694389343261719 -0.190811157226562 -0.0572052001953125
0.117279052734375 -0.135986328125 -0.088897705078125 0.0301284790039062
0.1734619140625 -0.105239868164063 0.13946533203125 -0.0827484130859375
-0.131553649902344 0.091278076171875 -0.148681640625 0.065155029296875
-0.139129638671875 0.166488647460937 0.0419845581054687 -0.0755538940429687
-0.01214599609375 0.120697021484375 0.131874084472656 -0.0174331665039062
0.0750274658203125 -0.0243911743164063 0.0995941162109375 0.204971313476563
0.123291015625 -0.144485473632812 -0.0854187011718749 0.3643798828125
0.1795654296875 -0.201141357421875 -0.266357421875 0.300689697265625
0.186477661132813 -0.105361938476563 -0.25091552734375 0.110671997070312
0.194427490234375 0.0030364990234375 -0.00863456726074217 0.0195388793945313
0.2059326171875 -0.0251007080078125 0.317718505859375 0.027862548828125
0.2000732421875 -0.095123291015625 0.441314697265625 -0.077850341796875
0.164505004882813 -0.127975463867188 0.225326538085938 -0.242782592773438
0.108047485351563 -0.08184814453125 -0.110260009765625 -0.199569702148438
0.01220703125 0.092926025390625 -0.236358642578125 -0.0711669921875
-0.150497436523438 0.161422729492187 -0.109321594238281 0.0221633911132813
-0.161117553710938 0.116363525390625 0.187789916992188 -0.0530548095703125
-0.111351013183594 0.0795059204101562 -0.18328857421875 0.0758819580078125
-0.1358642578125 0.141860961914062 0.01611328125 -0.115615844726563
-0.04229736328125 0.120597839355469 0.0947647094726563 -0.110061645507812
0.0336570739746094 0.0163631439208984 0.0798568725585938 0.132034301757813
0.0856246948242188 -0.098419189453125 -0.05169677734375 0.368896484375
0.14849853515625 -0.171051025390625 -0.229339599609375 0.382843017578125
0.16278076171875 -0.096954345703125 -0.278594970703125 0.186920166015625
0.17218017578125 0.0075531005859375 -0.0738906860351562 0.0383834838867188
0.191680908203125 0.0134124755859375 0.266098022460937 0.06988525390625
0.188705444335938 -0.0374908447265625 0.457366943359375 0.018798828125
0.1573486328125 -0.092132568359375 0.3134765625 -0.18511962890625
0.102447509765625 -0.0879669189453125 -0.054534912109375 -0.227752685546875
0.0200881958007813 0.0496749877929688 -0.245895385742188 -0.13482666015625
-0.119758605957031 0.120140075683594 -0.1524658203125 -0.00988769531250002
-0.140151977539063 0.103973388671875 0.133155822753906 -0.0490570068359375
-0.0699539184570313 0.0503959655761719 -0.213043212890625 0.0799713134765625
-0.104240417480469 0.08526611328125 0.00575256347656249 -0.14569091796875
-0.0592880249023437 0.0779037475585938 0.0787811279296875 -0.183868408203125
-0.0130500793457031 0.0316219329833984 0.0640792846679688 0.06182861328125
0.0387840270996094 -0.0422248840332031 -0.037017822265625 0.35015869140625
0.105598449707031 -0.104293823242188 -0.21240234375 0.432708740234375
0.123558044433594 -0.0602188110351562 -0.30560302734375 0.246368408203125
0.127220153808594 0.0128250122070313 -0.129997253417969 0.054962158203125
0.146224975585938 0.0331878662109375 0.21514892578125 0.09222412109375
0.143600463867188 0.0097198486328125 0.4549560546875 0.081329345703125
0.119132995605469 -0.042083740234375 0.370635986328125 -0.1402587890625
0.074188232421875 -0.0618209838867188 -0.00225830078125 -0.246292114257813
0.0113716125488281 0.0219936370849609 -0.240493774414063 -0.177490234375
-0.0855789184570313 0.0724029541015625 -0.188751220703125 -0.033721923828125
-0.100112915039063 0.0716323852539063 0.0829620361328125 -0.0528488159179688
-0.00280380249023437 0.0162649154663086 -0.230484008789063 0.085235595703125
-0.0423622131347656 0.0102615356445313 0.00183105468749998 -0.155776977539063
-0.0475311279296875 0.00489044189453126 0.0821685791015625 -0.217803955078125
-0.0509796142578125 0.0161857604980469 0.0601615905761719 0.0187797546386719
-0.0120258331298828 0.00412750244140625 -0.03466796875 0.32891845703125
0.0529937744140625 -0.0213851928710938 -0.212371826171875 0.449493408203125
0.0676841735839844 -0.00303268432617188 -0.32672119140625 0.27471923828125
0.0640106201171875 0.0157318115234375 -0.161361694335938 0.064697265625
0.0782546997070313 0.0325775146484375 0.182952880859375 0.0962677001953125
0.0738983154296875 0.0377731323242188 0.443328857421875 0.10113525390625
0.0525856018066406 0.006622314453125 0.393280029296875 -0.129425048828125
0.0279903411865234 -0.0182266235351563 0.0230712890625 -0.262069702148438
-0.00852584838867188 0.0117311477661133 -0.232986450195313 -0.202911376953125
-0.0488853454589844 0.026275634765625 -0.19940185546875 -0.0542449951171875
-0.042449951171875 0.034149169921875 0.0552787780761719 -0.0590438842773437
0.0713043212890625 -0.02484130859375 -0.240371704101562 0.0810394287109375
0.0299072265625 -0.0662879943847656 0.00413513183593751 -0.152801513671875
-0.0226974487304687 -0.0714569091796875 0.0998992919921875 -0.207839965820313
-0.0776748657226563 -0.00888824462890624 0.0736846923828125 0.0177764892578125
-0.0578384399414063 0.0437850952148438 -0.04022216796875 0.312164306640625
-0.00446319580078125 0.0606651306152344 -0.23638916015625 0.432159423828125
0.00399398803710937 0.0528068542480469 -0.34619140625 0.26092529296875
-0.00785541534423828 0.0174655914306641 -0.16845703125 0.0689544677734375
0.000452041625976562 0.0240516662597656 0.17633056640625 0.0979766845703125
-0.00556182861328125 0.0602302551269531 0.431671142578125 0.084808349609375
-0.0250205993652344 0.0548934936523438 0.371612548828125 -0.1553955078125
-0.0260829925537109 0.0329608917236328 0.010528564453125 -0.2799072265625
-0.0348033905029297 0.00859832763671874 -0.231063842773438 -0.208755493164062
-0.011103630065918 -0.0163888931274414 -0.19573974609375 -0.0554351806640625
0.0190372467041016 -0.00905036926269531 0.0454673767089844 -0.0647163391113281
0.141372680664063 -0.06146240234375 -0.235610961914062 0.0712432861328125
0.0929336547851563 -0.132888793945313 0.012908935546875 -0.134895324707031
-8.39233398437618E-05 -0.12750244140625 0.128021240234375 -0.158294677734375
-0.0971450805664062 -0.0172882080078125 0.095001220703125 0.0567092895507812
-0.0990753173828125 0.0812149047851563 -0.056610107421875 0.302093505859375
-0.061553955078125 0.123367309570313 -0.275421142578125 0.381561279296875
-0.0608367919921875 0.0934677124023438 -0.357757568359375 0.21807861328125
-0.07666015625 0.0183563232421875 -0.147613525390625 0.0679931640625
-0.0713348388671875 0.0272369384765625 0.1964111328125 0.0878143310546875
-0.0793228149414062 0.0967178344726563 0.419403076171875 0.025421142578125
-0.0948944091796875 0.108810424804688 0.3089599609375 -0.216705322265625
-0.07330322265625 0.0752029418945313 -0.036407470703125 -0.29132080078125
-0.0504379272460938 -0.002349853515625 -0.234085083007813 -0.185714721679688
0.0302391052246094 -0.0602989196777344 -0.176101684570312 -0.0399627685546875
0.0815277099609375 -0.0523300170898437 0.0584869384765625 -0.0725860595703125
0.195083618164063 -0.0887908935546875 -0.2161865234375 0.0612335205078125
0.129379272460938 -0.173431396484375 0.0351333618164063 -0.103286743164063
0.007781982421875 -0.14215087890625 0.164779663085938 -0.084869384765625
-0.116493225097656 0.000892639160156259 0.111671447753906 0.116127014160156
-0.136268615722656 0.11590576171875 -0.09588623046875 0.286529541015625
-0.113433837890625 0.157882690429688 -0.326019287109375 0.302947998046875
-0.1197509765625 0.106826782226563 -0.354888916015625 0.148712158203125
-0.132095336914063 0.0203170776367188 -0.102462768554688 0.058349609375
-0.127487182617188 0.0486373901367188 0.230880737304687 0.0539703369140625
-0.132247924804688 0.145645141601563 0.3905029296875 -0.071044921875
-0.140899658203125 0.15789794921875 0.219207763671875 -0.288360595703125
-0.100471496582031 0.0923614501953125 -0.09210205078125 -0.2830810546875
-0.0465583801269531 -0.0285415649414063 -0.2252197265625 -0.133529663085938
0.0736160278320313 -0.104499816894531 -0.139045715332031 -0.00890350341796876
0.136451721191406 -0.0875930786132813 0.0913314819335938 -0.0792694091796875
0.222854614257813 -0.102188110351563 -0.18255615234375 0.051788330078125
0.136154174804688 -0.178817749023438 0.0735855102539063 -0.0615997314453125
0.00167083740234375 -0.114311218261719 0.20257568359375 -0.00309753417968751
-0.131607055664062 0.0346832275390625 0.105972290039062 0.17340087890625
-0.164947509765625 0.132125854492188 -0.159881591796875 0.25054931640625
-0.154052734375 0.153305053710938 -0.379302978515625 0.200347900390625
-0.162185668945313 0.0903472900390625 -0.333221435546875 0.0751953124999999
-0.167266845703125 0.020172119140625 -0.040985107421875 0.0435028076171875
-0.157760620117188 0.076507568359375 0.268539428710938 -0.00672912597656249
-0.15667724609375 0.185836791992187 0.34674072265625 -0.183349609375
-0.155715942382813 0.178573608398437 0.125091552734375 -0.343597412109375
-0.104087829589844 0.072235107421875 -0.124374389648438 -0.249710083007812
-0.0192985534667969 -0.0684165954589844 -0.193023681640625 -0.0572052001953125
0.117393493652344 -0.138916015625 -0.0894241333007813 0.03106689453125
0.174346923828125 -0.107925415039063 0.138412475585938 -0.0840225219726563
-0.132102966308594 0.0930252075195312 -0.148147583007813 0.0666656494140625
-0.138229370117187 0.170196533203125 0.04315185546875 -0.0765151977539062
-0.010955810546875 0.121871948242187 0.133682250976563 -0.0178146362304687
0.0753326416015625 -0.0260543823242188 0.102371215820312 0.207107543945313
0.12347412109375 -0.14892578125 -0.082855224609375 0.369842529296875
0.178375244140625 -0.204666137695312 -0.264556884765625 0.307769775390625
0.186843872070313 -0.108062744140625 -0.252914428710938 0.115081787109375
0.195907592773438 0.001861572265625 -0.00977516174316405 0.0200939178466797
0.207168579101563 -0.0267791748046875 0.322357177734375 0.025787353515625
0.20196533203125 -0.0981597900390625 0.446014404296875 -0.08349609375
0.16485595703125 -0.13226318359375 0.225753784179688 -0.24822998046875
0.108131408691406 -0.0839080810546875 -0.1131591796875 -0.201065063476562
0.0143661499023438 0.0933380126953125 -0.23895263671875 -0.069122314453125
-0.149505615234375 0.16546630859375 -0.1102294921875 0.0234603881835938
-0.161224365234375 0.117767333984375 0.187698364257813 -0.0556640625
-0.111663818359375 0.0815963745117187 -0.182907104492188 0.0781707763671875
-0.134963989257813 0.144744873046875 0.0160446166992187 -0.117500305175781
-0.0417251586914062 0.122261047363281 0.0938873291015625 -0.109909057617188
0.0341873168945313 0.0156993865966797 0.0823287963867187 0.133834838867188
0.085174560546875 -0.100975036621094 -0.0484619140625 0.37353515625
0.148284912109375 -0.17449951171875 -0.22900390625 0.389251708984375
0.163070678710938 -0.0992889404296875 -0.280502319335938 0.190750122070313
0.173736572265625 0.007476806640625 -0.0753021240234375 0.0389480590820313
0.1939697265625 0.012237548828125 0.269073486328125 0.067901611328125
0.190292358398438 -0.0398406982421875 0.463775634765625 0.014617919921875
0.15838623046875 -0.094970703125 0.315948486328125 -0.1905517578125
0.102210998535156 -0.0895309448242188 -0.0560760498046875 -0.230255126953125
0.0206260681152344 0.0487251281738281 -0.249237060546875 -0.133758544921875
-0.119392395019531 0.122215270996094 -0.154312133789063 -0.00898742675781252
-0.140365600585937 0.105377197265625 0.13360595703125 -0.0501327514648437
-0.0700645446777344 0.0523223876953125 -0.21435546875 0.081512451171875
-0.104255676269531 0.0875015258789063 0.0043182373046875 -0.147125244140625
-0.0587158203125 0.0783309936523438 0.0764923095703125 -0.185302734375
-0.013214111328125 0.0329818725585938 0.0652656555175781 0.0622596740722656
0.0382347106933594 -0.0437889099121094 -0.03289794921875 0.35516357421875
0.105003356933594 -0.106880187988281 -0.210357666015625 0.438323974609375
0.123626708984375 -0.0620880126953125 -0.307891845703125 0.2528076171875
0.128746032714844 0.0123443603515625 -0.131935119628906 0.0568313598632813
0.147964477539062 0.032806396484375 0.21881103515625 0.090362548828125
0.145889282226563 0.008819580078125 0.46038818359375 0.078033447265625
0.119941711425781 -0.043121337890625 0.373931884765625 -0.146728515625
0.0734100341796875 -0.06439208984375 -0.00462341308593747 -0.24932861328125
0.0119419097900391 0.0220088958740234 -0.244110107421875 -0.175994873046875
-0.0855712890625 0.0736541748046875 -0.190963745117188 -0.0317840576171875
-0.100013732910156 0.0726318359375 0.0829696655273438 -0.0534133911132813
-0.00322055816650391 0.0161733627319336 -0.231277465820313 0.0883331298828125
-0.0429534912109375 0.0124015808105469 0.000885009765624997 -0.15667724609375
-0.047821044921875 0.00573730468749999 0.0798797607421875 -0.219024658203125
-0.0511283874511719 0.016510009765625 0.06060791015625 0.0193367004394531
-0.0117387771606445 0.00418853759765625 -0.032073974609375 0.3333740234375
0.0539588928222656 -0.021820068359375 -0.21044921875 0.456939697265625
0.068450927734375 -0.00420761108398438 -0.32745361328125 0.278106689453125
0.0643234252929688 0.0159988403320313 -0.163681030273437 0.0660247802734375
0.0781097412109375 0.0316696166992187 0.186065673828125 0.0954437255859375
0.0758056640625 0.0379180908203125 0.448272705078125 0.09783935546875
0.0525588989257813 0.00556564331054688 0.395172119140625 -0.134979248046875
0.0277557373046875 -0.0191726684570313 0.02166748046875 -0.26617431640625
-0.00873279571533203 0.0123138427734375 -0.236892700195313 -0.2037353515625
-0.0484085083007813 0.0272369384765625 -0.201828002929688 -0.0525054931640625
-0.0428695678710938 0.0344810485839844 0.0542030334472656 -0.05908203125
0.0714492797851563 -0.0260009765625 -0.241806030273437 0.08441162109375
0.0289955139160156 -0.0666389465332031 0.00270080566406249 -0.153854370117188
-0.0232086181640625 -0.0725250244140625 0.09814453125 -0.210342407226563
-0.0785980224609375 -0.00698089599609375 0.0743408203125 0.0178451538085938
-0.0584259033203125 0.044952392578125 -0.037017822265625 0.315521240234375
-0.003814697265625 0.060333251953125 -0.233306884765625 0.438568115234375
0.004486083984375 0.0531501770019531 -0.3468017578125 0.26806640625
-0.00824165344238281 0.0179786682128906 -0.170074462890625 0.0701904296875
0.00110816955566406 0.0233592987060547 0.178237915039063 0.095672607421875
-0.00499725341796875 0.0621223449707031 0.4378662109375 0.080902099609375
-0.0252532958984375 0.0566864013671875 0.37481689453125 -0.163421630859375
-0.0264034271240234 0.0330524444580078 0.00857543945312498 -0.28302001953125
-0.0340938568115234 0.00966453552246093 -0.235565185546875 -0.208038330078125
-0.0113515853881836 -0.0163135528564453 -0.199508666992187 -0.055328369140625
0.0188026428222656 -0.0107288360595703 0.0439529418945313 -0.0652885437011719
0.142135620117188 -0.063934326171875 -0.236724853515625 0.0747222900390625
0.0904922485351563 -0.134330749511719 0.0118560791015625 -0.135269165039063
-0.0013580322265625 -0.128715515136719 0.127914428710938 -0.16143798828125
-0.0991134643554688 -0.0155792236328125 0.0970306396484375 0.0573501586914062
-0.0994186401367188 0.0833663940429688 -0.054412841796875 0.306884765625
-0.0604400634765625 0.125808715820313 -0.274810791015625 0.390777587890625
-0.0611801147460938 0.09393310546875 -0.35858154296875 0.222930908203125
-0.0776290893554688 0.020751953125 -0.1480712890625 0.0686798095703125
-0.0725555419921875 0.0282974243164063 0.198898315429688 0.0861358642578125
-0.0784378051757813 0.0980148315429687 0.424041748046875 0.01959228515625
-0.0950164794921875 0.111587524414062 0.3118896484375 -0.224395751953125
-0.0739974975585938 0.0771102905273437 -0.039154052734375 -0.29534912109375
-0.0507049560546875 -0.00156021118164062 -0.237899780273437 -0.18524169921875
0.0291557312011719 -0.0607643127441406 -0.179901123046875 -0.0387115478515625
0.0816497802734375 -0.0539474487304687 0.0572891235351563 -0.0728988647460938
0.196090698242188 -0.0911865234375 -0.217315673828125 0.064666748046875
0.12841796875 -0.174880981445313 0.0352096557617188 -0.104011535644531
0.005645751953125 -0.143051147460938 0.165359497070313 -0.0866546630859375
-0.11761474609375 0.00241851806640625 0.113975524902344 0.117637634277344
-0.13665771484375 0.118659973144531 -0.0943603515625 0.291656494140625
-0.113174438476563 0.160980224609375 -0.326904296875 0.310394287109375
-0.120132446289063 0.108551025390625 -0.3570556640625 0.154052734375
-0.134117126464844 0.0216522216796875 -0.10296630859375 0.0598983764648438
-0.128288269042969 0.0499954223632813 0.233413696289062 0.0514373779296875
-0.131942749023438 0.14849853515625 0.394073486328125 -0.075897216796875
-0.140335083007813 0.161270141601562 0.21832275390625 -0.293121337890625
-0.100639343261719 0.094482421875 -0.095367431640625 -0.28668212890625
-0.0467987060546875 -0.0279808044433594 -0.228561401367188 -0.133224487304688
0.0735626220703125 -0.105728149414063 -0.141403198242188 -0.00830078125000001
0.135757446289063 -0.0908660888671875 0.090057373046875 -0.0798873901367187
0.222732543945313 -0.106536865234375 -0.183517456054688 0.0545501708984375
0.135772705078125 -0.180221557617188 0.0731124877929688 -0.0625686645507813
0.000595092773437503 -0.116134643554687 0.204681396484375 -0.00354003906250001
-0.133209228515625 0.0381622314453125 0.10858154296875 0.175857543945313
-0.165359497070313 0.137176513671875 -0.16046142578125 0.256698608398438
-0.153472900390625 0.156387329101563 -0.38262939453125 0.206939697265625
-0.162689208984375 0.0916290283203125 -0.336334228515625 0.0806884765625
-0.168609619140625 0.0216217041015625 -0.0414009094238281 0.0454216003417969
-0.159896850585938 0.0794677734375 0.271286010742188 -0.009857177734375
-0.156753540039062 0.18878173828125 0.348968505859375 -0.188323974609375
-0.155197143554687 0.182891845703125 0.123626708984375 -0.34796142578125
-0.104232788085938 0.0742874145507813 -0.127731323242188 -0.2510986328125
-0.0207901000976563 -0.0685272216796875 -0.195053100585937 -0.0560302734375
0.116630554199219 -0.140396118164063 -0.091094970703125 0.0318832397460938
0.173980712890625 -0.112457275390625 0.137985229492188 -0.0855712890625
-0.132728576660156 0.0948867797851563 -0.1480712890625 0.0694732666015625
-0.136932373046875 0.173233032226563 0.0438308715820312 -0.0768966674804687
-0.00913238525390625 0.122970581054688 0.134414672851563 -0.0191421508789062
0.0747833251953125 -0.0267410278320312 0.106643676757813 0.209197998046875
0.123306274414063 -0.152252197265625 -0.07928466796875 0.373809814453125
0.17767333984375 -0.209579467773438 -0.264984130859375 0.313720703125
0.187103271484375 -0.109710693359375 -0.254806518554688 0.119186401367187
0.198150634765625 0.000213623046875 -0.00991630554199217 0.0198020935058594
0.208786010742188 -0.0290374755859375 0.3248291015625 0.0225830078125
0.202316284179688 -0.100677490234375 0.44964599609375 -0.089141845703125
0.165603637695313 -0.13525390625 0.225265502929687 -0.253402709960938
0.107627868652344 -0.0867919921875 -0.115219116210937 -0.202728271484375
0.0161209106445313 0.0928421020507812 -0.242721557617187 -0.0688629150390625
-0.149215698242188 0.16845703125 -0.112297058105469 0.0244979858398438
-0.16204833984375 0.120254516601563 0.188919067382812 -0.057403564453125
-0.112991333007812 0.0839462280273438 -0.183639526367188 0.0816650390625
-0.133712768554688 0.147491455078125 0.0145416259765625 -0.118461608886719
-0.0400772094726562 0.123176574707031 0.0942535400390625 -0.112129211425781
0.0345058441162109 0.0161972045898438 0.0855331420898438 0.134803771972656
0.0862350463867187 -0.103080749511719 -0.04425048828125 0.378326416015625
0.147491455078125 -0.1783447265625 -0.226531982421875 0.39617919921875
0.16278076171875 -0.10162353515625 -0.281143188476563 0.19549560546875
0.175048828125 0.005645751953125 -0.0771102905273437 0.0401840209960938
0.1949462890625 0.0107421875 0.27191162109375 0.064971923828125
0.191253662109375 -0.04168701171875 0.468780517578125 0.00762939453125
0.159225463867188 -0.0973663330078125 0.31585693359375 -0.196868896484375
0.101295471191406 -0.0925979614257813 -0.0591278076171875 -0.232208251953125
0.0222663879394531 0.0492019653320313 -0.252883911132813 -0.132431030273437
-0.119544982910156 0.124824523925781 -0.1568603515625 -0.00765991210937498
-0.139762878417969 0.108306884765625 0.133155822753906 -0.052642822265625
-0.0699462890625 0.0527725219726562 -0.21588134765625 0.0855865478515625
-0.103385925292969 0.0899887084960937 0.00224304199218749 -0.14801025390625
-0.0586624145507813 0.0801239013671875 0.0752716064453125 -0.18743896484375
-0.0126953125 0.0333499908447266 0.0673904418945313 0.0638961791992187
0.0384101867675781 -0.0445785522460938 -0.029296875 0.360015869140625
0.1058349609375 -0.110122680664063 -0.206512451171875 0.446746826171875
0.12384033203125 -0.0636367797851563 -0.30902099609375 0.2568359375
0.129135131835938 0.0114059448242187 -0.133674621582031 0.0581436157226563
0.149322509765625 0.03143310546875 0.22186279296875 0.087890625
0.146743774414063 0.00726318359375 0.464569091796875 0.072906494140625
0.120834350585937 -0.04498291015625 0.37646484375 -0.15301513671875
0.0734710693359375 -0.0654754638671875 -0.00671386718749998 -0.251922607421875
0.0124015808105469 0.0209217071533203 -0.248001098632813 -0.17608642578125
-0.0853118896484375 0.0759048461914062 -0.193984985351563 -0.030303955078125
-0.0996780395507813 0.0737762451171875 0.082000732421875 -0.054443359375
-0.00219345092773438 0.0154752731323242 -0.231796264648437 0.0919189453124999
-0.0425758361816406 0.013214111328125 -0.00105285644531249 -0.158370971679688
-0.0482368469238281 0.00630569458007813 0.07879638671875 -0.222488403320313
-0.0510978698730469 0.01800537109375 0.0621376037597656 0.0201950073242188
-0.0115165710449219 0.00461292266845703 -0.027679443359375 0.3377685546875
0.0542716979980469 -0.0235633850097656 -0.2071533203125 0.464935302734375
0.0687713623046875 -0.00495147705078125 -0.32806396484375 0.285980224609375
0.0641975402832031 0.0156822204589844 -0.165420532226563 0.0673675537109375
0.0799713134765625 0.0305328369140625 0.18878173828125 0.0941162109375
0.0763092041015625 0.0376358032226563 0.455047607421875 0.09332275390625
0.0535697937011719 0.00600051879882812 0.399505615234375 -0.141204833984375
0.0270652770996094 -0.0204105377197266 0.019012451171875 -0.269454956054688
-0.00829315185546875 0.0116825103759766 -0.241363525390625 -0.203521728515625
-0.0489883422851563 0.0283470153808594 -0.204940795898438 -0.0514068603515625
-0.042694091796875 0.0347442626953125 0.0535202026367188 -0.059967041015625
0.0716400146484375 -0.0257797241210938 -0.241836547851563 0.0880889892578125
0.0287094116210938 -0.0667076110839844 0.000854492187500007 -0.154510498046875
-0.0253982543945312 -0.0727005004882813 0.0966033935546875 -0.213027954101562
-0.0797271728515625 -0.00589752197265624 0.07513427734375 0.0184555053710938
-0.0578765869140625 0.0458984375 -0.034088134765625 0.320220947265625
-0.0020599365234375 0.0602302551269531 -0.231689453125 0.445892333984375
0.00608444213867188 0.0535812377929688 -0.3485107421875 0.274993896484375
-0.00855064392089844 0.0180778503417969 -0.171615600585938 0.0725555419921875
-1.52587890624978E-05 0.023193359375 0.180877685546875 0.0948486328125
-0.00368881225585938 0.0611190795898438 0.442962646484375 0.077423095703125
-0.0236015319824219 0.0573921203613281 0.376800537109375 -0.16925048828125
-0.0265483856201172 0.0338897705078125 0.00616455078124998 -0.2879638671875
-0.0351905822753906 0.00930023193359375 -0.24005126953125 -0.208343505859375
-0.0124454498291016 -0.0161104202270508 -0.201828002929688 -0.053466796875
0.0189247131347656 -0.0117988586425781 0.0433502197265625 -0.0661048889160156
0.1424560546875 -0.0649261474609375 -0.238311767578125 0.07830810546875
0.08978271484375 -0.135391235351563 0.0103225708007813 -0.13775634765625
-0.00308990478515626 -0.129135131835938 0.127243041992188 -0.16387939453125
-0.100265502929688 -0.0140609741210938 0.0984268188476563 0.0578155517578125
-0.0986404418945313 0.0858688354492188 -0.051849365234375 0.31158447265625
-0.0585250854492188 0.127685546875 -0.272735595703125 0.398284912109375
-0.0601882934570313 0.09576416015625 -0.36114501953125 0.229583740234375
-0.0789718627929688 0.0204696655273437 -0.150283813476563 0.070037841796875
-0.073822021484375 0.0284042358398437 0.201507568359375 0.0843505859375
-0.0775985717773438 0.0999679565429688 0.42852783203125 0.016204833984375
-0.0942764282226562 0.114288330078125 0.3121337890625 -0.2305908203125
-0.0739669799804687 0.079315185546875 -0.04290771484375 -0.298004150390625
-0.0512237548828125 -0.000766754150390618 -0.243209838867187 -0.184188842773437
0.02813720703125 -0.061676025390625 -0.182876586914062 -0.0380401611328125
0.0817031860351563 -0.055816650390625 0.0558547973632813 -0.074554443359375
0.19671630859375 -0.095733642578125 -0.2188720703125 0.067962646484375
0.126754760742188 -0.178054809570313 0.0337600708007813 -0.105781555175781
0.00459289550781249 -0.1434326171875 0.166427612304688 -0.089111328125
-0.119125366210938 0.00530242919921874 0.116531372070312 0.117813110351562
-0.136123657226562 0.12225341796875 -0.093048095703125 0.296295166015625
-0.111221313476563 0.163619995117187 -0.326995849609375 0.318084716796875
-0.120071411132812 0.110137939453125 -0.359619140625 0.160400390625
-0.135688781738281 0.0223236083984375 -0.104316711425781 0.0611953735351562
-0.129981994628906 0.0507888793945313 0.236862182617188 0.049530029296875
-0.130722045898438 0.151107788085938 0.3978271484375 -0.08135986328125
-0.13916015625 0.165771484375 0.218414306640625 -0.300506591796875
-0.100555419921875 0.0971908569335938 -0.10064697265625 -0.288909912109375
-0.0470123291015625 -0.0274620056152344 -0.232528686523438 -0.131256103515625
0.0724105834960938 -0.107276916503906 -0.144134521484375 -0.00692749023437503
0.135353088378906 -0.0938491821289063 0.088623046875 -0.0819244384765625
0.224578857421875 -0.109451293945313 -0.183624267578125 0.057098388671875
0.1343994140625 -0.183364868164062 0.0732040405273438 -0.06396484375
-0.000617980957031256 -0.116058349609375 0.20654296875 -0.00610351562500001
-0.133552551269531 0.0406570434570312 0.110748291015625 0.177459716796875
-0.165328979492188 0.140472412109375 -0.159393310546875 0.262039184570313
-0.153091430664063 0.159469604492188 -0.38421630859375 0.2142333984375
-0.162582397460938 0.0951080322265625 -0.33892822265625 0.0848999023437499
-0.170486450195313 0.0233612060546875 -0.0407867431640625 0.0454635620117188
-0.160614013671875 0.079559326171875 0.274459838867187 -0.01373291015625
-0.155899047851563 0.192108154296875 0.350250244140625 -0.19476318359375
-0.154220581054688 0.1873779296875 0.12158203125 -0.35321044921875
-0.105484008789063 0.076629638671875 -0.133331298828125 -0.254043579101563
-0.0214118957519531 -0.0688896179199219 -0.197357177734375 -0.0550689697265625
0.11566162109375 -0.143844604492188 -0.0924453735351563 0.0334243774414062
0.17401123046875 -0.116241455078125 0.136283874511719 -0.0876541137695313
-0.1326904296875 0.0979461669921875 -0.147354125976563 0.0718841552734375
-0.134536743164062 0.175872802734375 0.04248046875 -0.0778732299804687
-0.00790405273437501 0.123268127441406 0.135574340820313 -0.0203323364257812
0.0757293701171875 -0.0277023315429687 0.110260009765625 0.209976196289063
0.1220703125 -0.155563354492188 -0.0751953125 0.379058837890625
0.175537109375 -0.214492797851563 -0.2626953125 0.320281982421875
0.18719482421875 -0.1134033203125 -0.256851196289063 0.122406005859375
0.197830200195312 -0.00079345703125 -0.0102729797363281 0.0195369720458984
0.210296630859375 -0.0312347412109375 0.328399658203125 0.0179443359375
0.2020263671875 -0.102584838867188 0.45281982421875 -0.0947265625
0.165695190429688 -0.138565063476563 0.224349975585938 -0.258895874023438
0.106277465820312 -0.08917236328125 -0.118179321289062 -0.204116821289063
0.0172805786132813 0.0917892456054688 -0.245330810546875 -0.0658569335937501
-0.147109985351562 0.171554565429688 -0.113746643066406 0.0268173217773438
-0.160659790039063 0.124069213867187 0.188934326171875 -0.0604248046875
-0.112380981445313 0.0859222412109375 -0.183151245117188 0.084442138671875
-0.1319580078125 0.150253295898437 0.013885498046875 -0.119735717773437
-0.040130615234375 0.124610900878906 0.0933303833007813 -0.112480163574219
0.0353469848632813 0.0148239135742188 0.08953857421875 0.135948181152344
0.0848159790039063 -0.106338500976563 -0.0404052734375 0.383087158203125
0.146194458007813 -0.182785034179688 -0.2218017578125 0.40350341796875
0.16326904296875 -0.104278564453125 -0.28045654296875 0.200546264648438
0.175979614257813 0.0045623779296875 -0.0781936645507812 0.0409393310546875
0.195480346679687 0.0084991455078125 0.274566650390625 0.0618133544921875
0.192626953125 -0.0442962646484375 0.472625732421875 0.003082275390625
0.159515380859375 -0.0995330810546875 0.31744384765625 -0.20294189453125
0.100601196289063 -0.095306396484375 -0.062225341796875 -0.234039306640625
0.0221977233886719 0.0478019714355469 -0.255889892578125 -0.130752563476563
-0.118049621582031 0.126815795898438 -0.158233642578125 -0.00561523437500002
-0.13958740234375 0.109710693359375 0.132652282714844 -0.053985595703125
-0.0701141357421875 0.0543708801269531 -0.215377807617188 0.0892181396484375
-0.103073120117188 0.0925827026367188 0.000946044921875004 -0.150039672851563
-0.0584564208984375 0.0815505981445313 0.073638916015625 -0.189178466796875
-0.0129070281982422 0.0337142944335938 0.0689315795898438 0.0642623901367188
0.0385551452636719 -0.0463371276855469 -0.025421142578125 0.363037109375
0.104591369628906 -0.112640380859375 -0.202484130859375 0.4534912109375
0.123680114746094 -0.0660324096679688 -0.307525634765625 0.2625732421875
0.129966735839844 0.00989532470703125 -0.134872436523438 0.0590438842773437
0.150436401367188 0.029632568359375 0.224044799804688 0.0855712890625
0.148162841796875 0.00567626953125 0.470428466796875 0.068572998046875
0.121940612792969 -0.04608154296875 0.3785400390625 -0.158905029296875
0.0733795166015625 -0.0674209594726563 -0.00961303710937501 -0.25469970703125
0.0135688781738281 0.0205459594726562 -0.251815795898437 -0.174072265625
-0.0838470458984375 0.0775070190429688 -0.195465087890625 -0.027923583984375
-0.0994644165039063 0.0761032104492188 0.0811233520507813 -0.0554428100585937
-0.00288677215576172 0.0162143707275391 -0.231231689453125 0.095306396484375
-0.0426445007324219 0.0147666931152344 -0.00286865234375002 -0.159271240234375
-0.0492401123046875 0.00742340087890626 0.0764923095703125 -0.223663330078125
-0.0518035888671875 0.01983642578125 0.0623359680175781 0.0196380615234375
-0.0106792449951172 0.00424766540527344 -0.023590087890625 0.341827392578125
0.0546035766601563 -0.0251350402832031 -0.202178955078125 0.47021484375
0.0694236755371094 -0.00693511962890625 -0.3275146484375 0.2906494140625
0.0641975402832031 0.01483154296875 -0.166900634765625 0.069091796875
0.079925537109375 0.0294723510742188 0.191207885742188 0.091644287109375
0.0781784057617188 0.0362548828125 0.459381103515625 0.0888671875
0.0538330078125 0.00556564331054688 0.402130126953125 -0.149078369140625
0.0268840789794922 -0.0209865570068359 0.01715087890625 -0.272933959960938
-0.00849056243896484 0.0115823745727539 -0.24493408203125 -0.20208740234375
-0.0490570068359375 0.0293464660644531 -0.207870483398437 -0.049072265625
-0.042938232421875 0.0349693298339844 0.0523300170898438 -0.0610008239746094
0.072906494140625 -0.0280990600585938 -0.241500854492188 0.09136962890625
0.0276718139648438 -0.0670127868652344 -0.000717163085937505 -0.1563720703125
-0.025146484375 -0.0718917846679688 0.0948333740234375 -0.215057373046875
-0.0809097290039063 -0.00350952148437502 0.0759201049804687 0.0191268920898437
-0.0572853088378906 0.0469284057617188 -0.029296875 0.32470703125
-0.000904083251953128 0.0610313415527344 -0.227691650390625 0.453338623046875
0.00667953491210938 0.0536308288574219 -0.348052978515625 0.28094482421875
-0.00872802734374999 0.0187492370605469 -0.17333984375 0.0739898681640625
-0.000204086303710935 0.0235996246337891 0.184494018554688 0.093292236328125
-0.00259017944335938 0.0612640380859375 0.447967529296875 0.070526123046875
-0.0235214233398437 0.0584182739257813 0.378692626953125 -0.176544189453125
-0.0273342132568359 0.0341701507568359 0.00234985351562498 -0.290557861328125
-0.0345268249511719 0.00992393493652343 -0.243255615234375 -0.206649780273437
-0.012690544128418 -0.0161952972412109 -0.204376220703125 -0.051971435546875
0.0189285278320313 -0.0119056701660156 0.0417633056640625 -0.0664138793945313
0.141998291015625 -0.067840576171875 -0.239486694335938 0.083251953125
0.0883255004882813 -0.137443542480469 0.00906372070312502 -0.138374328613281
-0.00540161132812501 -0.129898071289063 0.12554931640625 -0.165908813476563
-0.100845336914062 -0.012481689453125 0.100318908691406 0.0577774047851563
-0.0982513427734375 0.0881271362304687 -0.0477294921875 0.315673828125
-0.05670166015625 0.128852844238281 -0.2698974609375 0.404571533203125
-0.0591278076171875 0.0969161987304688 -0.36041259765625 0.235809326171875
-0.0802383422851563 0.02166748046875 -0.150726318359375 0.0722503662109375
-0.0742111206054688 0.0287628173828125 0.203857421875 0.081817626953125
-0.0770034790039063 0.101249694824219 0.432769775390625 0.0101318359375
-0.09368896484375 0.11700439453125 0.313323974609375 -0.2376708984375
-0.0733642578125 0.0808563232421875 -0.04736328125 -0.300567626953125
-0.0516357421875 0.000698089599609379 -0.247344970703125 -0.183441162109375
0.02783203125 -0.0624465942382812 -0.1845703125 -0.0353851318359375
0.0807037353515625 -0.0578536987304688 0.0532608032226563 -0.0752639770507813
0.196807861328125 -0.0985565185546875 -0.219070434570313 0.0711517333984375
0.125320434570313 -0.179916381835938 0.0332565307617187 -0.106475830078125
0.00201416015624999 -0.14471435546875 0.166015625 -0.092620849609375
-0.119667053222656 0.00841522216796874 0.118240356445312 0.119354248046875
-0.135047912597656 0.125701904296875 -0.089691162109375 0.300201416015625
-0.109222412109375 0.166488647460938 -0.32513427734375 0.3248291015625
-0.119537353515625 0.111709594726563 -0.36053466796875 0.165130615234375
-0.136817932128906 0.0237655639648438 -0.103828430175781 0.0625152587890625
-0.130943298339844 0.051788330078125 0.238937377929688 0.0460968017578125
-0.128982543945312 0.154037475585938 0.39996337890625 -0.087493896484375
-0.137847900390625 0.169357299804688 0.2159423828125 -0.3060302734375
-0.100669860839844 0.099273681640625 -0.1055908203125 -0.290679931640625
-0.048187255859375 -0.0267906188964844 -0.236373901367188 -0.129638671875
0.0717315673828125 -0.109161376953125 -0.14605712890625 -0.00514221191406253
0.135261535644531 -0.097076416015625 0.0873336791992188 -0.08270263671875
0.224807739257812 -0.11358642578125 -0.182723999023438 0.06072998046875
0.132095336914063 -0.185226440429687 0.0719833374023438 -0.0660018920898438
-0.00315093994140626 -0.11639404296875 0.208160400390625 -0.00909423828125001
-0.135055541992187 0.0437774658203125 0.11395263671875 0.177734375
-0.16448974609375 0.144317626953125 -0.158172607421875 0.266647338867188
-0.152267456054688 0.163177490234375 -0.384613037109375 0.220611572265625
-0.162704467773438 0.0958099365234375 -0.340423583984375 0.0904541015625
-0.172622680664063 0.0249481201171875 -0.0409774780273438 0.0461616516113281
-0.160552978515625 0.0823974609375 0.277069091796875 -0.0166473388671875
-0.154617309570312 0.196075439453125 0.3514404296875 -0.200714111328125
-0.152847290039063 0.191802978515625 0.11749267578125 -0.35833740234375
-0.105270385742188 0.079833984375 -0.138290405273438 -0.2548828125
-0.0223197937011719 -0.0681610107421875 -0.200347900390625 -0.052337646484375
0.1142578125 -0.145950317382813 -0.09332275390625 0.034942626953125
0.173049926757813 -0.119659423828125 0.135368347167969 -0.0892410278320313
-0.132820129394531 0.0992355346679687 -0.147109985351562 0.0740509033203125
-0.131622314453125 0.179702758789062 0.0439605712890625 -0.07965087890625
-0.00614166259765625 0.123329162597656 0.136177062988281 -0.0214157104492187
0.0761566162109375 -0.029083251953125 0.115249633789062 0.211257934570313
0.12115478515625 -0.158828735351563 -0.0703125 0.383087158203125
0.173004150390625 -0.218734741210938 -0.2596435546875 0.325897216796875
0.186508178710938 -0.116134643554688 -0.25592041015625 0.126998901367188
0.199752807617188 -0.0027618408203125 -0.0113906860351562 0.0208473205566406
0.21014404296875 -0.033355712890625 0.330322265625 0.014129638671875
0.203521728515625 -0.106185913085938 0.453857421875 -0.10235595703125
0.164093017578125 -0.141098022460937 0.222305297851562 -0.264602661132812
0.105201721191406 -0.0917434692382813 -0.122451782226563 -0.202743530273437
0.01885986328125 0.09173583984375 -0.247512817382812 -0.0631103515625
-0.14495849609375 0.17559814453125 -0.114997863769531 0.0284194946289063
-0.160324096679687 0.127349853515625 0.188720703125 -0.0634613037109375
-0.11212158203125 0.0876922607421875 -0.183242797851563 0.0869598388671875
-0.129669189453125 0.15313720703125 0.0122451782226563 -0.119850158691406
-0.0379638671875 0.125 0.0926437377929688 -0.113937377929688
0.0359382629394531 0.0148391723632813 0.091033935546875 0.136054992675781
0.0837249755859375 -0.108245849609375 -0.0350341796875 0.38653564453125
0.14447021484375 -0.1859130859375 -0.21795654296875 0.40826416015625
0.162200927734375 -0.106964111328125 -0.281005859375 0.20635986328125
0.17718505859375 0.0034942626953125 -0.0789794921875 0.0411453247070313
0.197341918945313 0.006500244140625 0.277435302734375 0.058258056640625
0.193832397460937 -0.04669189453125 0.475189208984375 -0.004119873046875
0.159011840820313 -0.101821899414063 0.318115234375 -0.209014892578125
0.0991973876953125 -0.097503662109375 -0.065521240234375 -0.234970092773438
0.0232086181640625 0.0470199584960938 -0.258834838867188 -0.127685546875
-0.115829467773437 0.129608154296875 -0.15997314453125 -0.00340270996093747
-0.138969421386719 0.112495422363281 0.13201904296875 -0.0563278198242187
-0.0696754455566406 0.0564422607421875 -0.2144775390625 0.093994140625
-0.101303100585938 0.0950241088867187 -0.001190185546875 -0.149337768554688
-0.0568084716796875 0.0830841064453125 0.070892333984375 -0.189346313476563
-0.0123252868652344 0.0338039398193359 0.0700263977050781 0.0647544860839844
0.03826904296875 -0.0470046997070313 -0.019317626953125 0.367279052734375
0.103981018066406 -0.114875793457031 -0.1962890625 0.458251953125
0.122817993164062 -0.0679168701171875 -0.307098388671875 0.268096923828125
0.130302429199219 0.009613037109375 -0.135643005371094 0.0609359741210938
0.151229858398438 0.0281982421875 0.226654052734375 0.0822296142578125
0.149017333984375 0.0037994384765625 0.47442626953125 0.06146240234375
0.1219482421875 -0.047454833984375 0.37847900390625 -0.166015625
0.0714035034179688 -0.0684814453125 -0.012786865234375 -0.256942749023437
0.0133304595947266 0.0200119018554688 -0.2559814453125 -0.171722412109375
-0.08355712890625 0.0796966552734375 -0.197738647460938 -0.0260162353515625
-0.0992279052734375 0.077728271484375 0.0795745849609375 -0.0569229125976562
-0.00228977203369141 0.0162820816040039 -0.23223876953125 0.10040283203125
-0.0423316955566406 0.0160980224609375 -0.00430297851562499 -0.159881591796875
-0.0496597290039063 0.007659912109375 0.07330322265625 -0.225723266601563
-0.051666259765625 0.0206146240234375 0.06353759765625 0.0209159851074219
-0.0110263824462891 0.00431632995605469 -0.01763916015625 0.344818115234375
0.0548057556152344 -0.0269279479980469 -0.19610595703125 0.4766845703125
0.06951904296875 -0.00737762451171875 -0.32623291015625 0.2977294921875
0.0639419555664063 0.0147933959960938 -0.167831420898438 0.0716400146484375
0.0807952880859375 0.028350830078125 0.19384765625 0.0885772705078125
0.0790252685546875 0.0358123779296875 0.464447021484375 0.08270263671875
0.0547065734863281 0.0055084228515625 0.402923583984375 -0.15570068359375
0.0264148712158203 -0.0214519500732422 0.01312255859375 -0.2745361328125
-0.00796031951904297 0.0112190246582031 -0.248825073242188 -0.2005615234375
-0.0484085083007813 0.0306892395019531 -0.210235595703125 -0.0470428466796875
-0.0428123474121094 0.0353317260742188 0.0503082275390625 -0.0613136291503906
0.0717926025390625 -0.0290756225585938 -0.241729736328125 0.096343994140625
0.0266265869140625 -0.0671882629394531 -0.00267028808593748 -0.156097412109375
-0.0275497436523437 -0.0727462768554688 0.0923004150390625 -0.218032836914062
-0.0807113647460938 -0.00241851806640624 0.0771942138671875 0.0186691284179688
-0.0565032958984375 0.0482902526855469 -0.02593994140625 0.328125
0.000572204589843753 0.0609970092773438 -0.221466064453125 0.458953857421875
0.00659561157226563 0.05303955078125 -0.34503173828125 0.287017822265625
-0.0104866027832031 0.0186252593994141 -0.17401123046875 0.076324462890625
0.00032806396484375 0.0224704742431641 0.186111450195313 0.0902862548828125
-0.00134277343750001 0.06207275390625 0.451690673828125 0.06475830078125
-0.0231399536132812 0.0596427917480469 0.37957763671875 -0.183380126953125
-0.0270938873291016 0.0351314544677734 -0.00158691406249999 -0.292633056640625
-0.0347213745117188 0.0107212066650391 -0.248016357421875 -0.20556640625
-0.0131282806396484 -0.0161523818969727 -0.207244873046875 -0.048919677734375
0.0182075500488281 -0.0127639770507812 0.0394248962402344 -0.0678176879882813
0.142242431640625 -0.0705413818359375 -0.238174438476563 0.0869140625
0.0868301391601563 -0.138145446777344 0.00702667236328127 -0.138931274414063
-0.00730895996093749 -0.130348205566406 0.123626708984375 -0.168746948242188
-0.102279663085937 -0.00997924804687501 0.101478576660156 0.0577163696289063
-0.0973358154296875 0.0896453857421875 -0.04278564453125 0.31915283203125
-0.0545578002929687 0.129989624023437 -0.26580810546875 0.411651611328125
-0.0584945678710937 0.0973052978515625 -0.3609619140625 0.24169921875
-0.0807342529296875 0.0228347778320313 -0.151992797851562 0.0744171142578125
-0.0754776000976563 0.029632568359375 0.206008911132813 0.0795440673828125
-0.0754318237304688 0.102767944335937 0.436492919921875 0.00393676757812501
-0.0922317504882813 0.118873596191406 0.31146240234375 -0.243682861328125
-0.0733184814453125 0.0824356079101562 -0.0521240234375 -0.3017578125
-0.0519828796386719 0.00145339965820313 -0.250885009765625 -0.182113647460937
0.0267066955566406 -0.062835693359375 -0.186614990234375 -0.0336761474609375
0.0801239013671875 -0.0599899291992188 0.0517730712890625 -0.07562255859375
0.196517944335938 -0.1024169921875 -0.218353271484375 0.07550048828125
0.122299194335938 -0.181442260742188 0.0318603515625 -0.108123779296875
0.00044250488281249 -0.145217895507813 0.165664672851563 -0.0947723388671875
-0.120536804199219 0.010223388671875 0.120140075683594 0.118629455566406
-0.133384704589844 0.128929138183594 -0.086029052734375 0.305023193359375
-0.106613159179687 0.16839599609375 -0.323211669921875 0.3319091796875
-0.118011474609375 0.113487243652344 -0.361328125 0.171844482421875
-0.138191223144531 0.0250473022460937 -0.104606628417969 0.0635986328125
-0.131668090820313 0.0539398193359375 0.241806030273438 0.0433502197265625
-0.127670288085937 0.156524658203125 0.4027099609375 -0.094024658203125
-0.136459350585938 0.173202514648438 0.2135009765625 -0.312469482421875
-0.0995101928710938 0.102279663085938 -0.110870361328125 -0.292205810546875
-0.0489730834960938 -0.0257225036621094 -0.239227294921875 -0.12811279296875
0.0695877075195312 -0.110206604003906 -0.147628784179688 -0.00328063964843749
0.133705139160156 -0.100349426269531 0.08551025390625 -0.0839767456054687
0.224746704101563 -0.117752075195313 -0.183563232421875 0.063201904296875
0.13006591796875 -0.187850952148438 0.0719985961914063 -0.0673065185546875
-0.00504302978515625 -0.117515563964844 0.209228515625 -0.01239013671875
-0.135406494140625 0.0471420288085938 0.116561889648438 0.178314208984375
-0.162734985351563 0.1474609375 -0.15576171875 0.271636962890625
-0.149703979492187 0.16558837890625 -0.383331298828125 0.2301025390625
-0.162857055664063 0.0983123779296875 -0.3421630859375 0.09588623046875
-0.173431396484375 0.0264739990234375 -0.0410499572753906 0.0459556579589844
-0.161453247070313 0.0839996337890625 0.2779541015625 -0.0206146240234375
-0.150741577148437 0.199127197265625 0.350555419921875 -0.2069091796875
-0.150833129882813 0.196502685546875 0.112945556640625 -0.36376953125
-0.104789733886719 0.0819473266601563 -0.144454956054687 -0.255477905273438
-0.0226402282714844 -0.0679893493652344 -0.202377319335937 -0.0501861572265625
0.113357543945313 -0.14764404296875 -0.094329833984375 0.036590576171875
0.170745849609375 -0.123046875 0.133155822753906 -0.0920181274414063
-0.130767822265625 0.101287841796875 -0.146804809570313 0.076385498046875
-0.128753662109375 0.181884765625 0.042388916015625 -0.0800247192382813
-0.00405120849609376 0.123100280761719 0.137664794921875 -0.0225753784179687
0.075897216796875 -0.0316314697265625 0.118850708007812 0.211273193359375
0.118209838867188 -0.161666870117188 -0.064910888671875 0.386505126953125
0.170700073242188 -0.221603393554688 -0.255126953125 0.332489013671875
0.183700561523438 -0.117889404296875 -0.255661010742188 0.131500244140625
0.200180053710938 -0.004669189453125 -0.0120258331298828 0.0207920074462891
0.211029052734375 -0.037017822265625 0.33258056640625 0.00823974609375
0.201416015625 -0.109283447265625 0.4560546875 -0.11102294921875
0.162857055664063 -0.144393920898438 0.220001220703125 -0.2701416015625
0.104049682617188 -0.09423828125 -0.125244140625 -0.202911376953125
0.0208053588867188 0.0904006958007813 -0.248489379882813 -0.0609130859375
-0.1416015625 0.17767333984375 -0.115219116210938 0.0303726196289062
-0.158111572265625 0.12884521484375 0.187362670898438 -0.0670166015625
-0.111503601074219 0.0895004272460938 -0.181381225585938 0.090576171875
-0.12750244140625 0.155853271484375 0.010894775390625 -0.120513916015625
-0.0362472534179688 0.125656127929688 0.0911178588867188 -0.114173889160156
0.03594970703125 0.0137214660644531 0.0942230224609375 0.136825561523438
0.0826950073242188 -0.110610961914063 -0.028900146484375 0.390625
0.142410278320313 -0.18988037109375 -0.212310791015625 0.41400146484375
0.160919189453125 -0.110000610351563 -0.279541015625 0.211105346679687
0.177566528320312 0.00152587890625 -0.079681396484375 0.0429763793945313
0.197402954101563 0.0038909912109375 0.2796630859375 0.0535736083984375
0.1932373046875 -0.04962158203125 0.477325439453125 -0.0115966796875
0.158843994140625 -0.104690551757813 0.31591796875 -0.215423583984375
0.0970458984375 -0.0998611450195313 -0.068389892578125 -0.235870361328125
0.0242118835449219 0.0462646484375 -0.26116943359375 -0.124893188476562
-0.113822937011719 0.132461547851562 -0.161422729492188 -0.00167846679687496
-0.137641906738281 0.114631652832031 0.131011962890625 -0.05865478515625
-0.069610595703125 0.0573768615722656 -0.214202880859375 0.0969390869140625
-0.09930419921875 0.0970611572265625 -0.00308227539062501 -0.149307250976563
-0.0561294555664062 0.0836868286132813 0.0681610107421875 -0.191024780273438
-0.0119037628173828 0.0340042114257813 0.072296142578125 0.0645523071289063
0.0380401611328125 -0.0489616394042969 -0.013427734375 0.370452880859375
0.102272033691406 -0.118095397949219 -0.19097900390625 0.46417236328125
0.122230529785156 -0.0690765380859375 -0.303558349609375 0.2734375
0.130828857421875 0.0084686279296875 -0.136314392089844 0.0631256103515625
0.1517333984375 0.02618408203125 0.22930908203125 0.078857421875
0.149795532226563 0.00213623046875 0.477294921875 0.05474853515625
0.121833801269531 -0.0499343872070312 0.3779296875 -0.174163818359375
0.0705184936523438 -0.0703353881835938 -0.0160675048828125 -0.25848388671875
0.0142745971679688 0.0190677642822266 -0.2584228515625 -0.1690673828125
-0.0823211669921875 0.081146240234375 -0.198898315429688 -0.02325439453125
-0.0984649658203125 0.0783233642578125 0.0786895751953125 -0.0579071044921875
-0.00209426879882812 0.016179084777832 -0.229888916015625 0.104202270507812
-0.0418167114257813 0.0174369812011719 -0.00675964355468749 -0.160049438476563
-0.0489578247070312 0.00790023803710938 0.0691375732421875 -0.227508544921875
-0.0519142150878906 0.0210723876953125 0.0652694702148438 0.0211257934570313
-0.010869026184082 0.00439357757568359 -0.012298583984375 0.3480224609375
0.054718017578125 -0.0282821655273438 -0.18939208984375 0.48138427734375
0.0695343017578125 -0.0084381103515625 -0.321807861328125 0.303192138671875
0.0644950866699219 0.0144424438476563 -0.168563842773437 0.074127197265625
0.0807571411132813 0.0272369384765625 0.195938110351563 0.085357666015625
0.0799789428710937 0.034698486328125 0.466949462890625 0.075469970703125
0.0558586120605469 0.00498199462890625 0.40155029296875 -0.163604736328125
0.0258331298828125 -0.0223026275634766 0.00997924804687499 -0.27752685546875
-0.00781726837158203 0.0112733840942383 -0.252609252929687 -0.1976318359375
-0.0476226806640625 0.0315971374511719 -0.212112426757813 -0.04461669921875
-0.0425300598144531 0.0355186462402344 0.0494880676269531 -0.0622520446777344
0.071868896484375 -0.0298080444335938 -0.240554809570313 0.0998687744140625
0.0261611938476563 -0.0670928955078125 -0.00537109375000001 -0.155731201171875
-0.0291290283203125 -0.0731735229492188 0.088714599609375 -0.219161987304688
-0.0806884765625 -0.000282287597656242 0.0777740478515625 0.0188064575195313
-0.0553550720214844 0.0494117736816406 -0.019500732421875 0.330902099609375
0.00174331665039063 0.0600852966308594 -0.21441650390625 0.465301513671875
0.00772476196289062 0.0532913208007813 -0.343963623046875 0.293792724609375
-0.0103511810302734 0.0193099975585938 -0.174407958984375 0.0789031982421875
-0.000930786132812498 0.0218791961669922 0.188522338867187 0.0870361328125
0.000156402587890631 0.0629005432128906 0.455352783203125 0.05694580078125
-0.0212478637695313 0.0605316162109375 0.37884521484375 -0.189849853515625
-0.0267333984375 0.0358619689941406 -0.00540161132812499 -0.29443359375
-0.0346183776855469 0.0111370086669922 -0.252151489257813 -0.203109741210937
-0.0129899978637695 -0.0160551071166992 -0.209548950195313 -0.046356201171875
0.0174999237060547 -0.0134153366088867 0.0382843017578125 -0.0677375793457031
0.142532348632813 -0.073272705078125 -0.237503051757812 0.0912017822265625
0.0849075317382812 -0.139328002929688 0.0055999755859375 -0.139732360839844
-0.00985717773437501 -0.13079833984375 0.12127685546875 -0.1715087890625
-0.102218627929688 -0.00730895996093751 0.102714538574219 0.0579910278320312
-0.095977783203125 0.0919876098632813 -0.0390625 0.322509765625
-0.0523834228515625 0.130912780761719 -0.26007080078125 0.417816162109375
-0.0574417114257813 0.0987396240234375 -0.359588623046875 0.247650146484375
-0.0818328857421875 0.0239181518554688 -0.151412963867188 0.0761566162109375
-0.0756759643554688 0.0302734375 0.208648681640625 0.0759124755859375
-0.073883056640625 0.103973388671875 0.43896484375 -0.00299072265624999
-0.0903396606445312 0.121109008789063 0.309967041015625 -0.25030517578125
-0.072235107421875 0.0843582153320313 -0.056976318359375 -0.303192138671875
-0.0523452758789063 0.00281143188476563 -0.254425048828125 -0.178665161132813
0.0252532958984375 -0.063568115234375 -0.189041137695313 -0.030975341796875
0.07855224609375 -0.0612106323242187 0.0499725341796875 -0.0764694213867188
0.195449829101563 -0.105422973632813 -0.21807861328125 0.079193115234375
0.1197509765625 -0.183624267578125 0.030120849609375 -0.108734130859375
-0.00312805175781251 -0.145111083984375 0.165634155273437 -0.098297119140625
-0.120864868164062 0.0141220092773437 0.123588562011719 0.118309020996094
-0.131919860839844 0.131622314453125 -0.082183837890625 0.30859375
-0.104339599609375 0.170852661132813 -0.3197021484375 0.338470458984375
-0.117042541503906 0.114799499511719 -0.361083984375 0.1783447265625
-0.139678955078125 0.0274887084960938 -0.105278015136719 0.06573486328125
-0.131683349609375 0.0554428100585937 0.243194580078125 0.0390777587890625
-0.125244140625 0.158706665039063 0.40283203125 -0.100006103515625
-0.133544921875 0.1766357421875 0.21014404296875 -0.318572998046875
-0.0989151000976562 0.104423522949219 -0.115997314453125 -0.29168701171875
-0.0486602783203125 -0.0241355895996094 -0.242599487304688 -0.124923706054688
0.0683822631835937 -0.111488342285156 -0.149581909179688 -0.00132751464843754
0.132301330566406 -0.102607727050781 0.0825653076171875 -0.0855941772460938
0.224288940429688 -0.12115478515625 -0.182540893554687 0.065643310546875
0.126663208007813 -0.189834594726563 0.0711288452148438 -0.0683822631835938
-0.00658416748046876 -0.116851806640625 0.209609985351562 -0.0164031982421875
-0.134521484375 0.0503311157226563 0.119964599609375 0.178726196289063
-0.1612548828125 0.151779174804687 -0.152725219726563 0.275955200195313
-0.147430419921875 0.168289184570312 -0.3843994140625 0.237579345703125
-0.1614990234375 0.0999603271484375 -0.34228515625 0.102264404296875
-0.17413330078125 0.029144287109375 -0.0408592224121094 0.0471878051757813
-0.161224365234375 0.0870208740234375 0.278457641601562 -0.0256805419921875
-0.148086547851563 0.202499389648437 0.348785400390625 -0.21368408203125
-0.147232055664062 0.199935913085938 0.10760498046875 -0.368865966796875
-0.103515625 0.0855636596679688 -0.149093627929688 -0.255477905273438
-0.0241508483886719 -0.0677528381347656 -0.203994750976563 -0.048309326171875
0.110336303710938 -0.150283813476563 -0.0954132080078125 0.0380477905273437
0.169265747070313 -0.12750244140625 0.131538391113281 -0.0935440063476563
-0.130592346191406 0.104988098144531 -0.145034790039063 0.0779876708984375
-0.125518798828125 0.1832275390625 0.0414657592773437 -0.0803298950195312
-0.0025482177734375 0.122993469238281 0.136856079101562 -0.0233154296875
0.0758438110351563 -0.032958984375 0.123764038085938 0.2108154296875
0.115066528320313 -0.164794921875 -0.058197021484375 0.39117431640625
0.167312622070313 -0.225799560546875 -0.25225830078125 0.33697509765625
0.182235717773438 -0.121612548828125 -0.256118774414063 0.135330200195313
0.200851440429688 -0.0068206787109375 -0.0125331878662109 0.0207061767578125
0.209747314453125 -0.039337158203125 0.332611083984375 0.003173828125
0.200546264648438 -0.112472534179688 0.455413818359375 -0.117034912109375
0.161865234375 -0.14697265625 0.21661376953125 -0.274627685546875
0.101280212402344 -0.0970230102539063 -0.129302978515625 -0.203079223632813
0.0233306884765625 0.0896835327148438 -0.249252319335938 -0.0571746826171875
-0.139190673828125 0.180130004882813 -0.1162109375 0.0317840576171875
-0.1573486328125 0.131057739257813 0.185562133789063 -0.0683441162109375
-0.110549926757813 0.0914154052734375 -0.179458618164063 0.092926025390625
-0.123809814453125 0.159332275390625 0.0108413696289062 -0.120582580566406
-0.034698486328125 0.126487731933594 0.0897140502929688 -0.115791320800781
0.0359725952148438 0.0139274597167969 0.0974044799804687 0.136177062988281
0.0803146362304687 -0.112167358398438 -0.021575927734375 0.392974853515625
0.138778686523438 -0.193328857421875 -0.20599365234375 0.418670654296875
0.1593017578125 -0.111923217773437 -0.277633666992188 0.214935302734375
0.177108764648438 -3.0517578125E-05 -0.0791702270507812 0.043853759765625
0.197662353515625 0.0011444091796875 0.281524658203125 0.049407958984375
0.193069458007813 -0.0518341064453125 0.479766845703125 -0.018402099609375
0.158279418945313 -0.10736083984375 0.314208984375 -0.222320556640625
0.0947265625 -0.101394653320313 -0.071075439453125 -0.235580444335938
0.0262451171875 0.0455284118652344 -0.263427734375 -0.120925903320313
-0.111709594726563 0.1353759765625 -0.161941528320313 0.000991821289062541
-0.135932922363281 0.115776062011719 0.1290283203125 -0.0602264404296875
-0.0689773559570313 0.0591468811035156 -0.212783813476563 0.10028076171875
-0.0975341796875 0.0995330810546875 -0.0050201416015625 -0.149032592773438
-0.0550079345703125 0.0847015380859375 0.0649566650390625 -0.191497802734375
-0.0113964080810547 0.0345687866210937 0.0735549926757813 0.0650787353515625
0.0373077392578125 -0.0496444702148438 -0.007110595703125 0.371795654296875
0.100997924804688 -0.120918273925781 -0.183258056640625 0.468719482421875
0.120811462402344 -0.0718841552734375 -0.301910400390625 0.278594970703125
0.130462646484375 0.00696563720703125 -0.136772155761719 0.0652008056640625
0.1524658203125 0.023406982421875 0.2308349609375 0.07452392578125
0.1510009765625 -7.62939453125E-05 0.480712890625 0.046600341796875
0.121932983398438 -0.0510101318359375 0.37774658203125 -0.1798095703125
0.0684967041015625 -0.0728225708007813 -0.019744873046875 -0.259170532226563
0.014617919921875 0.0187187194824219 -0.260772705078125 -0.166107177734375
-0.0810928344726563 0.0828399658203125 -0.2001953125 -0.0204925537109375
-0.0975341796875 0.079986572265625 0.0771484375 -0.0594635009765625
-0.00177860260009766 0.0164070129394531 -0.22808837890625 0.108001708984375
-0.04144287109375 0.0177459716796875 -0.0085601806640625 -0.159561157226563
-0.0496444702148438 0.00909042358398437 0.066802978515625 -0.228530883789063
-0.0513687133789063 0.023101806640625 0.0651512145996094 0.0209846496582031
-0.0107583999633789 0.00411128997802735 -0.00698852539062501 0.350341796875
0.0543441772460937 -0.0297660827636719 -0.1810302734375 0.48663330078125
0.0691032409667969 -0.0101661682128906 -0.3194580078125 0.30853271484375
0.0644111633300781 0.01385498046875 -0.16790771484375 0.0762481689453125
0.080841064453125 0.0257339477539063 0.197174072265625 0.0827484130859375
0.0817413330078125 0.033447265625 0.4686279296875 0.06756591796875
0.0568504333496094 0.004638671875 0.400177001953125 -0.170318603515625
0.0249595642089844 -0.0224075317382813 0.00588989257812499 -0.278717041015625
-0.00783634185791016 0.0114068984985352 -0.255615234375 -0.194168090820312
-0.0480842590332031 0.0324897766113281 -0.21380615234375 -0.041473388671875
-0.0426712036132813 0.0362586975097656 0.0476531982421875 -0.0623359680175781
0.0713424682617188 -0.0316543579101563 -0.238739013671875 0.10491943359375
0.0253639221191406 -0.0674896240234375 -0.0064697265625 -0.155960083007813
-0.0308761596679688 -0.0718307495117188 0.0850067138671875 -0.22113037109375
-0.080291748046875 0.00131225585937499 0.0777435302734375 0.0180511474609375
-0.0548858642578125 0.0498619079589844 -0.014434814453125 0.333221435546875
0.00352859497070313 0.0597457885742188 -0.2069091796875 0.469635009765625
0.0084075927734375 0.0531272888183594 -0.34002685546875 0.29937744140625
-0.0102005004882813 0.0195083618164063 -0.174179077148438 0.081085205078125
-0.000831604003906249 0.0220451354980469 0.189666748046875 0.084197998046875
0.00191116333007812 0.0619430541992188 0.4576416015625 0.051422119140625
-0.0208473205566406 0.0619544982910156 0.376861572265625 -0.19805908203125
-0.0264930725097656 0.0360069274902344 -0.00991821289062498 -0.295867919921875
-0.0343017578125 0.0111331939697266 -0.255844116210937 -0.199844360351563
-0.013340950012207 -0.0153961181640625 -0.210845947265625 -0.043853759765625
0.0171957015991211 -0.0145092010498047 0.0362701416015625 -0.0684547424316406
0.141311645507813 -0.0761260986328125 -0.235565185546875 0.095489501953125
0.0831680297851563 -0.140495300292969 0.00257110595703124 -0.139457702636719
-0.0119400024414063 -0.130752563476563 0.118972778320313 -0.172592163085938
-0.102622985839844 -0.00504302978515627 0.104293823242187 0.0577316284179688
-0.0947341918945312 0.0947952270507813 -0.033905029296875 0.324371337890625
-0.049285888671875 0.131904602050781 -0.253570556640625 0.4228515625
-0.0559234619140625 0.0987625122070312 -0.356658935546875 0.2540283203125
-0.0818023681640625 0.0253753662109375 -0.151580810546875 0.07830810546875
-0.0756912231445313 0.0308151245117187 0.209991455078125 0.072113037109375
-0.0718154907226563 0.105728149414062 0.439117431640625 -0.010040283203125
-0.0885772705078125 0.123260498046875 0.306427001953125 -0.25726318359375
-0.07177734375 0.0858230590820313 -0.062835693359375 -0.3040771484375
-0.0504646301269531 0.0038604736328125 -0.257766723632813 -0.175872802734375
0.0243988037109375 -0.0631217956542969 -0.190139770507813 -0.0283203125
0.077301025390625 -0.0626907348632813 0.0477218627929688 -0.0758895874023438
0.194793701171875 -0.1087646484375 -0.216033935546875 0.0831451416015625
0.116363525390625 -0.184661865234375 0.029144287109375 -0.109542846679688
-0.00563049316406249 -0.145782470703125 0.163650512695312 -0.100555419921875
-0.120323181152344 0.016571044921875 0.124969482421875 0.117782592773438
-0.129783630371094 0.134849548339844 -0.077728271484375 0.31103515625
-0.100784301757812 0.172622680664063 -0.315643310546875 0.344940185546875
-0.115402221679688 0.116661071777344 -0.3587646484375 0.1839599609375
-0.139396667480469 0.029449462890625 -0.104393005371094 0.066558837890625
-0.131927490234375 0.0572357177734375 0.2442626953125 0.035552978515625
-0.122299194335938 0.160934448242187 0.40277099609375 -0.10784912109375
-0.130661010742187 0.179046630859375 0.20654296875 -0.324005126953125
-0.0968399047851563 0.106491088867187 -0.12109375 -0.2916259765625
-0.0492782592773438 -0.0225906372070313 -0.244598388671875 -0.122344970703125
0.0663070678710938 -0.112228393554687 -0.150314331054687 0.00128173828124997
0.130485534667969 -0.105476379394531 0.0807418823242188 -0.0863876342773438
0.22296142578125 -0.125564575195313 -0.181381225585937 0.0692901611328125
0.123611450195312 -0.190872192382812 0.0702171325683594 -0.0700569152832031
-0.00848388671875 -0.117111206054687 0.210113525390625 -0.019500732421875
-0.133934020996094 0.0544967651367188 0.122482299804687 0.178146362304688
-0.15802001953125 0.15460205078125 -0.1495361328125 0.280487060546875
-0.144454956054688 0.171585083007812 -0.379852294921875 0.24261474609375
-0.160049438476563 0.102493286132813 -0.3426513671875 0.10791015625
-0.174972534179688 0.0310516357421875 -0.0402793884277344 0.0475578308105469
-0.160812377929688 0.088714599609375 0.28057861328125 -0.029571533203125
-0.145355224609375 0.204620361328125 0.34771728515625 -0.220428466796875
-0.144287109375 0.203948974609375 0.1029052734375 -0.370880126953125
-0.102493286132813 0.08697509765625 -0.154937744140625 -0.254653930664063
-0.0247726440429688 -0.066558837890625 -0.206069946289063 -0.0455474853515625
0.107864379882813 -0.151657104492188 -0.09619140625 0.0388031005859375
0.1663818359375 -0.130828857421875 0.128746032714844 -0.0956192016601563
-0.12872314453125 0.106346130371094 -0.144119262695312 0.080230712890625
-0.121978759765625 0.18524169921875 0.0410919189453125 -0.0810089111328125
-0.000312805175781248 0.123146057128906 0.135185241699219 -0.024566650390625
0.0749893188476563 -0.03375244140625 0.126434326171875 0.208419799804687
0.11383056640625 -0.167526245117188 -0.053009033203125 0.39117431640625
0.16302490234375 -0.228713989257813 -0.24578857421875 0.341522216796875
0.180389404296875 -0.123092651367188 -0.253707885742187 0.138748168945313
0.19952392578125 -0.0085906982421875 -0.0133380889892578 0.0215644836425781
0.208480834960938 -0.0419158935546875 0.33331298828125 -0.00152587890625
0.19891357421875 -0.115097045898438 0.454864501953125 -0.122161865234375
0.158477783203125 -0.14971923828125 0.212615966796875 -0.278732299804688
0.0999832153320313 -0.0993194580078125 -0.130905151367187 -0.20135498046875
0.0244216918945313 0.0886459350585938 -0.251388549804688 -0.053924560546875
-0.13482666015625 0.18231201171875 -0.115615844726563 0.0327072143554688
-0.15557861328125 0.133529663085938 0.183609008789062 -0.0717315673828125
-0.109336853027344 0.0923614501953125 -0.177001953125 0.09576416015625
-0.12060546875 0.160202026367187 0.00820922851562499 -0.119918823242188
-0.0324935913085938 0.127021789550781 0.087615966796875 -0.11541748046875
0.0368537902832031 0.0118637084960938 0.0993804931640625 0.135932922363281
0.0797271728515625 -0.1141357421875 -0.01580810546875 0.39434814453125
0.136016845703125 -0.19598388671875 -0.199310302734375 0.420867919921875
0.156539916992188 -0.114395141601563 -0.275421142578125 0.218902587890625
0.177658081054688 -0.001861572265625 -0.07916259765625 0.044891357421875
0.196868896484375 -0.001129150390625 0.28240966796875 0.04461669921875
0.19268798828125 -0.0547637939453125 0.480743408203125 -0.025634765625
0.156524658203125 -0.109054565429688 0.31103515625 -0.226806640625
0.0933990478515625 -0.103607177734375 -0.07464599609375 -0.235305786132813
0.0263595581054687 0.0449981689453125 -0.264724731445313 -0.117172241210937
-0.109405517578125 0.136016845703125 -0.1627197265625 0.00340270996093752
-0.134162902832031 0.118217468261719 0.127021789550781 -0.0635986328125
-0.0680503845214844 0.0590705871582031 -0.209793090820312 0.103851318359375
-0.0956268310546875 0.102073669433594 -0.006744384765625 -0.149063110351563
-0.0538253784179687 0.085174560546875 0.06201171875 -0.191482543945313
-0.0106849670410156 0.0348300933837891 0.0754318237304688 0.0646209716796875
0.0362281799316406 -0.0507888793945313 -0.00149536132812496 0.3726806640625
0.0987014770507813 -0.12322998046875 -0.1771240234375 0.471221923828125
0.119331359863281 -0.072998046875 -0.297119140625 0.283111572265625
0.130477905273438 0.0062408447265625 -0.136634826660156 0.0661697387695313
0.152130126953125 0.0218048095703125 0.232208251953125 0.0713653564453125
0.150909423828125 -0.001739501953125 0.48004150390625 0.039520263671875
0.121810913085937 -0.0529098510742187 0.374908447265625 -0.18585205078125
0.0670394897460938 -0.0734176635742188 -0.022430419921875 -0.25946044921875
0.0149364471435547 0.0174789428710938 -0.262939453125 -0.162353515625
-0.0795059204101562 0.0841827392578125 -0.200454711914063 -0.0167083740234375
-0.0962371826171875 0.0813217163085938 0.0756301879882813 -0.0599746704101562
-0.00186634063720703 0.0163364410400391 -0.225555419921875 0.111557006835937
-0.0407371520996094 0.0197639465332031 -0.0107574462890625 -0.159255981445312
-0.0490074157714844 0.0100059509277344 0.0630340576171875 -0.228240966796875
-0.0504417419433594 0.0239105224609375 0.0658340454101563 0.02105712890625
-0.0107536315917969 0.00413227081298828 -0.00115966796875002 0.350433349609375
0.0544815063476563 -0.0315399169921875 -0.173553466796875 0.489166259765625
0.0692024230957031 -0.0107536315917969 -0.314453125 0.312530517578125
0.0639686584472656 0.0136909484863281 -0.16827392578125 0.0786895751953125
0.0802154541015625 0.024993896484375 0.198562622070313 0.0778656005859375
0.08197021484375 0.0326080322265625 0.471282958984375 0.06036376953125
0.0568199157714844 0.00403976440429688 0.399078369140625 -0.177276611328125
0.0242595672607422 -0.0226535797119141 0.0019378662109375 -0.278778076171875
-0.00779819488525391 0.0111675262451172 -0.257705688476562 -0.191116333007813
-0.0470008850097656 0.0336570739746094 -0.214691162109375 -0.0387115478515625
-0.0420112609863281 0.0363197326660156 0.04541015625 -0.0632209777832031
0.0711288452148438 -0.032470703125 -0.236099243164063 0.10784912109375
0.0239334106445313 -0.0667343139648438 -0.0092926025390625 -0.15557861328125
-0.0322647094726562 -0.0714569091796875 0.08203125 -0.220947265625
-0.0811843872070313 0.00279998779296876 0.0791473388671875 0.0189132690429688
-0.0534629821777344 0.0511589050292969 -0.00970458984375 0.334228515625
0.00513839721679687 0.05950927734375 -0.19927978515625 0.473876953125
0.00892257690429688 0.0523414611816406 -0.336029052734375 0.30413818359375
-0.0103645324707031 0.0199413299560547 -0.174285888671875 0.0827178955078125
-0.000911712646484376 0.0219707489013672 0.191497802734375 0.0807952880859375
0.0024871826171875 0.0620956420898437 0.458953857421875 0.04296875
-0.0195274353027344 0.0620841979980469 0.373748779296875 -0.203643798828125
-0.0263214111328125 0.0365753173828125 -0.014373779296875 -0.295928955078125
-0.0339450836181641 0.0122413635253906 -0.257431030273438 -0.194931030273437
-0.0140295028686523 -0.0146951675415039 -0.212081909179688 -0.040740966796875
0.015507698059082 -0.0143966674804688 0.0345420837402344 -0.0691299438476562
0.140159606933594 -0.0781631469726563 -0.233047485351563 0.0988616943359376
0.0806884765625 -0.140525817871094 0.000946044921875012 -0.139183044433594
-0.014007568359375 -0.130134582519531 0.116180419921875 -0.174774169921875
-0.102592468261719 -0.00209808349609377 0.104667663574219 0.0571975708007813
-0.0922164916992188 0.0958786010742188 -0.028961181640625 0.326385498046875
-0.0470199584960937 0.132270812988281 -0.246978759765625 0.427276611328125
-0.0541000366210937 0.0994873046875 -0.35223388671875 0.259735107421875
-0.0814056396484375 0.0263137817382813 -0.150955200195313 0.0799407958984375
-0.076202392578125 0.0315093994140625 0.2105712890625 0.068939208984375
-0.0698928833007812 0.105880737304688 0.439788818359375 -0.01837158203125
-0.0855560302734375 0.125282287597656 0.303253173828125 -0.26171875
-0.0703811645507813 0.0868759155273438 -0.067230224609375 -0.30316162109375
-0.0509033203125 0.00449752807617187 -0.260345458984375 -0.172515869140625
0.0240211486816406 -0.0632476806640625 -0.190963745117188 -0.0247650146484375
0.0756912231445313 -0.0653610229492188 0.0460281372070313 -0.0765151977539063
0.19354248046875 -0.112762451171875 -0.213546752929688 0.0860137939453125
0.113388061523438 -0.185958862304688 0.0273056030273438 -0.109481811523438
-0.00724792480468749 -0.144729614257813 0.162124633789063 -0.10308837890625
-0.12017822265625 0.0192794799804687 0.126380920410156 0.117088317871094
-0.126808166503906 0.136322021484375 -0.07354736328125 0.31365966796875
-0.0973968505859375 0.17352294921875 -0.3094482421875 0.3494873046875
-0.113716125488281 0.116996765136719 -0.35589599609375 0.189544677734375
-0.139907836914063 0.0314788818359375 -0.103363037109375 0.0678253173828125
-0.131660461425781 0.0578842163085937 0.244308471679688 0.0306854248046875
-0.119354248046875 0.16229248046875 0.400848388671875 -0.113128662109375
-0.1270751953125 0.18218994140625 0.200897216796875 -0.327362060546875
-0.0955886840820313 0.108299255371094 -0.126251220703125 -0.29010009765625
-0.0488777160644531 -0.0217514038085937 -0.246139526367188 -0.119140625
0.0640411376953125 -0.112579345703125 -0.150833129882812 0.00363159179687499
0.127059936523438 -0.10772705078125 0.078094482421875 -0.0871047973632813
0.220932006835938 -0.129501342773438 -0.179656982421875 0.0719146728515625
0.120941162109375 -0.191665649414063 0.0691986083984375 -0.071319580078125
-0.0110015869140625 -0.116134643554687 0.208587646484375 -0.022308349609375
-0.133262634277344 0.056488037109375 0.124908447265625 0.176895141601563
-0.155303955078125 0.157119750976563 -0.146453857421875 0.283966064453125
-0.140716552734375 0.17254638671875 -0.376922607421875 0.249664306640625
-0.158859252929687 0.103713989257813 -0.340576171875 0.11279296875
-0.175537109375 0.0331573486328125 -0.0399894714355469 0.04840087890625
-0.160491943359375 0.090057373046875 0.278778076171875 -0.0340576171875
-0.141067504882812 0.20660400390625 0.3450927734375 -0.226318359375
-0.14056396484375 0.206344604492188 0.096221923828125 -0.37408447265625
-0.101043701171875 0.0896072387695313 -0.158523559570312 -0.253143310546875
-0.0261573791503906 -0.0652961730957031 -0.205978393554688 -0.0428619384765625
0.105422973632812 -0.152191162109375 -0.0959625244140625 0.0403289794921875
0.163894653320313 -0.133895874023438 0.125572204589844 -0.0971755981445313
-0.127487182617188 0.107994079589844 -0.141357421875 0.0825958251953125
-0.118576049804688 0.186233520507812 0.0410537719726562 -0.0821456909179688
0.00130462646484376 0.121818542480469 0.136734008789062 -0.0259170532226562
0.0743026733398438 -0.0360336303710938 0.130126953125 0.207443237304688
0.110321044921875 -0.168930053710938 -0.04541015625 0.391754150390625
0.159423828125 -0.230514526367188 -0.240997314453125 0.343353271484375
0.177169799804687 -0.124420166015625 -0.251113891601563 0.141311645507812
0.199691772460937 -0.010467529296875 -0.0126285552978516 0.0222797393798828
0.207595825195313 -0.0432586669921875 0.332275390625 -0.006378173828125
0.197616577148438 -0.11767578125 0.453094482421875 -0.128509521484375
0.157638549804688 -0.151748657226563 0.209075927734375 -0.2823486328125
0.0964736938476562 -0.100486755371094 -0.13385009765625 -0.199020385742188
0.0257034301757813 0.0871658325195313 -0.249954223632813 -0.0502777099609375
-0.131439208984375 0.183975219726563 -0.116477966308594 0.0350494384765625
-0.152236938476563 0.134780883789063 0.181793212890625 -0.0746612548828125
-0.108078002929688 0.094024658203125 -0.174819946289063 0.098358154296875
-0.117691040039063 0.16168212890625 0.00740814208984375 -0.120285034179687
-0.0303421020507813 0.126632690429688 0.0858383178710937 -0.116233825683594
0.03662109375 0.0110893249511719 0.101974487304688 0.134918212890625
0.0772323608398438 -0.116439819335937 -0.00942993164062498 0.39410400390625
0.131927490234375 -0.197982788085938 -0.19384765625 0.423126220703125
0.155426025390625 -0.115768432617188 -0.27130126953125 0.223175048828125
0.177734375 -0.0026397705078125 -0.0803909301757813 0.0462799072265625
0.195556640625 -0.0035400390625 0.282470703125 0.03973388671875
0.191253662109375 -0.056854248046875 0.4798583984375 -0.032470703125
0.155380249023438 -0.111282348632813 0.3079833984375 -0.232086181640625
0.090850830078125 -0.105133056640625 -0.0768280029296875 -0.234222412109375
0.0268783569335938 0.0428848266601563 -0.265411376953125 -0.113876342773438
-0.106422424316406 0.137359619140625 -0.162704467773438 0.00546264648437503
-0.131973266601562 0.1192626953125 0.125381469726563 -0.0642929077148437
-0.0669937133789063 0.0613136291503906 -0.207260131835938 0.1072998046875
-0.093292236328125 0.10321044921875 -0.00811767578125001 -0.14764404296875
-0.052490234375 0.086334228515625 0.059295654296875 -0.190475463867188
-0.0102577209472656 0.0344829559326172 0.0764083862304688 0.0644454956054688
0.0355758666992188 -0.0519142150878906 0.00488281250000003 0.3734130859375
0.0965423583984375 -0.124916076660156 -0.168975830078125 0.47332763671875
0.117828369140625 -0.0742340087890625 -0.293182373046875 0.285736083984375
0.130790710449219 0.00470733642578125 -0.135696411132812 0.0678024291992188
0.151763916015625 0.0197906494140625 0.233322143554688 0.0670623779296875
0.151443481445312 -0.0035247802734375 0.48138427734375 0.032318115234375
0.121360778808594 -0.0545272827148438 0.372528076171875 -0.191741943359375
0.065765380859375 -0.07464599609375 -0.025848388671875 -0.259124755859375
0.015019416809082 0.0165958404541016 -0.264328002929688 -0.1588134765625
-0.0779571533203125 0.0845184326171875 -0.20037841796875 -0.0148773193359375
-0.0952072143554687 0.0823593139648438 0.073516845703125 -0.0611801147460937
-0.00143146514892578 0.0162954330444336 -0.222869873046875 0.114974975585938
-0.0397796630859375 0.020843505859375 -0.01251220703125 -0.158416748046875
-0.0494842529296875 0.0106163024902344 0.059356689453125 -0.227508544921875
-0.05059814453125 0.024932861328125 0.066314697265625 0.0212631225585938
-0.0103826522827148 0.00408935546875 0.00497436523437502 0.351318359375
0.0542793273925781 -0.0331916809082031 -0.166229248046875 0.491546630859375
0.0688438415527344 -0.0119209289550781 -0.311126708984375 0.317138671875
0.0640182495117188 0.0132713317871094 -0.167404174804687 0.0799407958984375
0.0802764892578125 0.023406982421875 0.199569702148437 0.0749053955078125
0.0828475952148438 0.030487060546875 0.471099853515625 0.053619384765625
0.0573654174804688 0.00354385375976563 0.395782470703125 -0.182708740234375
0.0239429473876953 -0.0235671997070313 -0.00126647949218751 -0.279632568359375
-0.00699615478515625 0.0103721618652344 -0.259597778320313 -0.187820434570312
-0.0460357666015625 0.0335311889648438 -0.214920043945312 -0.0354766845703125
-0.0416107177734375 0.0362701416015625 0.0432472229003906 -0.0626907348632813
0.0705184936523438 -0.0335845947265625 -0.234115600585937 0.111663818359375
0.0232200622558594 -0.0664138793945313 -0.0112152099609375 -0.155242919921875
-0.0332260131835938 -0.0704269409179688 0.078125 -0.221572875976563
-0.0809478759765625 0.00474548339843751 0.079620361328125 0.018646240234375
-0.0522117614746094 0.051849365234375 -0.00402832031249999 0.33392333984375
0.00585556030273438 0.0583915710449219 -0.191558837890625 0.473541259765625
0.0096282958984375 0.0520896911621094 -0.33270263671875 0.307159423828125
-0.0107479095458984 0.0207328796386719 -0.173416137695313 0.08489990234375
-0.000989913940429688 0.0215339660644531 0.191940307617187 0.0772857666015625
0.00328063964843749 0.0616722106933594 0.459228515625 0.0367431640625
-0.0177345275878906 0.0633583068847656 0.37060546875 -0.209075927734375
-0.0254783630371094 0.0370979309082031 -0.01812744140625 -0.295745849609375
-0.0336856842041016 0.0121212005615234 -0.2591552734375 -0.1929931640625
-0.0142145156860352 -0.0140647888183594 -0.212722778320312 -0.0383148193359375
0.0164146423339844 -0.0150279998779297 0.0316276550292969 -0.0678176879882813
0.138473510742188 -0.0804367065429688 -0.231246948242187 0.1021728515625
0.078765869140625 -0.141616821289062 -0.000320434570312495 -0.139083862304687
-0.01678466796875 -0.129753112792969 0.11297607421875 -0.175765991210938
-0.102790832519531 -9.91821289062514E-05 0.105239868164063 0.0565109252929688
-0.0895309448242187 0.0973129272460938 -0.02435302734375 0.32623291015625
-0.043792724609375 0.132476806640625 -0.239593505859375 0.429229736328125
-0.0529556274414063 0.100204467773438 -0.34881591796875 0.264007568359375
-0.0824127197265625 0.0278167724609375 -0.149932861328125 0.0820159912109375
-0.0758819580078125 0.0315628051757813 0.211166381835937 0.0644989013671875
-0.0676956176757813 0.105697631835937 0.4384765625 -0.024444580078125
-0.08380126953125 0.126602172851562 0.300506591796875 -0.266448974609375
-0.0693206787109375 0.0878829956054688 -0.071014404296875 -0.303009033203125
-0.05023193359375 0.00543212890625001 -0.261505126953125 -0.168014526367188
0.0226249694824219 -0.0633544921875 -0.192306518554688 -0.0231781005859375
0.0737838745117188 -0.0662155151367188 0.0434112548828125 -0.0767822265625
0.19140625 -0.115234375 -0.2115478515625 0.088714599609375
0.109954833984375 -0.186386108398438 0.025299072265625 -0.109169006347656
-0.00962829589843751 -0.143997192382813 0.159698486328125 -0.104965209960938
-0.120521545410156 0.021514892578125 0.127716064453125 0.115951538085938
-0.124237060546875 0.139053344726563 -0.069061279296875 0.315277099609375
-0.09417724609375 0.174285888671875 -0.30511474609375 0.354827880859375
-0.1121826171875 0.118553161621094 -0.353729248046875 0.195220947265625
-0.139701843261719 0.032745361328125 -0.102981567382813 0.0685272216796875
-0.131355285644531 0.059326171875 0.244720458984375 0.02716064453125
-0.116363525390625 0.16387939453125 0.400054931640625 -0.118621826171875
-0.124252319335937 0.183486938476563 0.19635009765625 -0.330413818359375
-0.0941543579101563 0.110885620117188 -0.129638671875 -0.289154052734375
-0.0493736267089844 -0.020538330078125 -0.248046875 -0.115615844726562
0.0623245239257813 -0.113212585449219 -0.151443481445313 0.005889892578125
0.124610900878906 -0.109504699707031 0.0752182006835938 -0.0872039794921875
0.2177734375 -0.13262939453125 -0.177505493164062 0.0748291015625
0.116912841796875 -0.191543579101563 0.0687942504882813 -0.0721054077148438
-0.013397216796875 -0.114768981933594 0.20855712890625 -0.0253753662109375
-0.132110595703125 0.0599288940429688 0.1260986328125 0.175643920898438
-0.151870727539062 0.159439086914063 -0.143035888671875 0.2862548828125
-0.13720703125 0.173980712890625 -0.373626708984375 0.2548828125
-0.156661987304687 0.1053466796875 -0.33892822265625 0.117919921875
-0.174880981445313 0.035064697265625 -0.0395317077636719 0.0487251281738281
-0.158859252929688 0.091888427734375 0.27838134765625 -0.03826904296875
-0.137283325195313 0.2086181640625 0.341033935546875 -0.231170654296875
-0.136642456054688 0.20941162109375 0.0926513671875 -0.37469482421875
-0.100311279296875 0.0911636352539063 -0.163009643554688 -0.25042724609375
-0.0262908935546875 -0.0643424987792969 -0.20648193359375 -0.0399017333984375
0.102737426757813 -0.153915405273438 -0.0957183837890625 0.0423202514648438
0.16009521484375 -0.135726928710938 0.122970581054688 -0.097991943359375
-0.125503540039063 0.109184265136719 -0.138595581054688 0.0842742919921875
-0.114700317382813 0.186920166015625 0.0390701293945312 -0.082366943359375
0.00336456298828124 0.120216369628906 0.136199951171875 -0.0255203247070312
0.073455810546875 -0.0362701416015625 0.133438110351563 0.20623779296875
0.10791015625 -0.171157836914063 -0.040008544921875 0.392974853515625
0.15545654296875 -0.233306884765625 -0.23797607421875 0.34619140625
0.176559448242188 -0.125152587890625 -0.249847412109375 0.145599365234375
0.198684692382812 -0.011077880859375 -0.0135021209716797 0.0211772918701172
0.205718994140625 -0.04522705078125 0.33245849609375 -0.0115966796875
0.1947021484375 -0.118637084960938 0.448394775390625 -0.134490966796875
0.155838012695313 -0.152114868164063 0.205780029296875 -0.284454345703125
0.0951309204101563 -0.101325988769531 -0.135467529296875 -0.198379516601563
0.0271987915039063 0.0850067138671875 -0.249237060546875 -0.0472564697265625
-0.1279296875 0.18426513671875 -0.116371154785156 0.0359420776367187
-0.151077270507812 0.136184692382813 0.178604125976563 -0.0766754150390625
-0.106101989746094 0.0951156616210938 -0.1734619140625 0.0990753173828125
-0.114517211914063 0.163101196289062 0.00703430175781248 -0.120246887207031
-0.0288925170898437 0.126358032226563 0.0855636596679688 -0.11553955078125
0.03680419921875 0.0111274719238281 0.104499816894531 0.133636474609375
0.0752639770507813 -0.117469787597656 -0.00314331054687499 0.39324951171875
0.128494262695313 -0.200439453125 -0.187286376953125 0.42608642578125
0.153228759765625 -0.117034912109375 -0.269500732421875 0.225540161132813
0.177078247070313 -0.004547119140625 -0.0806503295898437 0.0466384887695313
0.195053100585937 -0.00628662109375 0.282012939453125 0.03558349609375
0.190017700195313 -0.058990478515625 0.479095458984375 -0.038177490234375
0.154022216796875 -0.113067626953125 0.30523681640625 -0.235931396484375
0.0880279541015625 -0.106033325195313 -0.0795135498046875 -0.233688354492188
0.0272026062011719 0.0417022705078125 -0.265640258789063 -0.11083984375
-0.103927612304688 0.138328552246094 -0.162811279296875 0.00727844238281249
-0.129829406738281 0.119903564453125 0.123008728027344 -0.0652923583984375
-0.065399169921875 0.0612602233886719 -0.204299926757813 0.109481811523437
-0.0905838012695313 0.103950500488281 -0.01055908203125 -0.147354125976563
-0.0508651733398437 0.0859909057617188 0.056884765625 -0.189437866210938
-0.00942611694335938 0.0347385406494141 0.077667236328125 0.064422607421875
0.0352058410644531 -0.0525932312011719 0.010101318359375 0.372314453125
0.0951385498046875 -0.126518249511719 -0.16290283203125 0.4735107421875
0.116668701171875 -0.0753631591796875 -0.289459228515625 0.2894287109375
0.130233764648438 0.0038909912109375 -0.1356201171875 0.0697784423828125
0.151016235351563 0.01800537109375 0.2333984375 0.0627593994140625
0.150146484375 -0.0059356689453125 0.48095703125 0.026031494140625
0.120582580566406 -0.055389404296875 0.369598388671875 -0.19598388671875
0.0640106201171875 -0.0759048461914063 -0.0289154052734375 -0.259185791015625
0.0149240493774414 0.0156192779541016 -0.265228271484375 -0.155502319335938
-0.0763320922851563 0.0856094360351562 -0.20050048828125 -0.012969970703125
-0.093658447265625 0.08294677734375 0.071746826171875 -0.0610809326171875
-0.00127124786376953 0.0159893035888672 -0.219680786132812 0.116455078125
-0.0387115478515625 0.0212936401367187 -0.01513671875 -0.157196044921875
-0.0496177673339844 0.0110931396484375 0.0554656982421875 -0.226394653320313
-0.0496139526367188 0.0251541137695312 0.0673294067382813 0.0211372375488281
-0.0101499557495117 0.00397682189941406 0.010101318359375 0.351409912109375
0.0533332824707031 -0.0336837768554688 -0.158477783203125 0.4908447265625
0.0683479309082031 -0.0126914978027344 -0.30645751953125 0.319793701171875
0.0636825561523438 0.0130729675292969 -0.166580200195313 0.0816192626953125
0.0799179077148438 0.0227813720703125 0.19952392578125 0.071563720703125
0.0831298828125 0.02972412109375 0.470916748046875 0.047576904296875
0.0571441650390625 0.0024871826171875 0.392333984375 -0.187652587890625
0.023040771484375 -0.0232048034667969 -0.00483703613281247 -0.278366088867188
-0.0073699951171875 0.0103073120117188 -0.260650634765625 -0.184280395507812
-0.0448684692382813 0.0343246459960938 -0.215728759765625 -0.0331268310546875
-0.0410079956054687 0.0370101928710938 0.041290283203125 -0.0628318786621094
0.0701713562011719 -0.0351371765136719 -0.2313232421875 0.113815307617187
0.022125244140625 -0.0661582946777344 -0.0125732421875 -0.154800415039063
-0.0337905883789063 -0.0699234008789063 0.075714111328125 -0.220855712890625
-0.0802154541015625 0.00610351562500001 0.0800018310546875 0.0183563232421875
-0.0515594482421875 0.0525856018066406 0.00125122070312496 0.33502197265625
0.00770187377929687 0.0574874877929688 -0.18634033203125 0.47662353515625
0.0110359191894531 0.05230712890625 -0.326568603515625 0.310638427734375
-0.0105609893798828 0.0206413269042969 -0.1722412109375 0.0864105224609375
-0.00137901306152344 0.0217933654785156 0.192092895507813 0.0736083984375
0.0041961669921875 0.0611610412597656 0.457763671875 0.030609130859375
-0.0160675048828125 0.0633544921875 0.367645263671875 -0.21490478515625
-0.0257720947265625 0.0368995666503906 -0.02069091796875 -0.29595947265625
-0.0330104827880859 0.0123500823974609 -0.2615966796875 -0.188751220703125
-0.0140542984008789 -0.0133771896362305 -0.212615966796875 -0.03546142578125
0.0149879455566406 -0.0156841278076172 0.0302352905273437 -0.0676994323730469
0.137565612792969 -0.0817947387695313 -0.228256225585938 0.10491943359375
0.0759735107421875 -0.14068603515625 -0.00202178955078124 -0.137557983398438
-0.0185699462890625 -0.12835693359375 0.109970092773438 -0.176071166992188
-0.102249145507813 0.00168609619140626 0.105697631835938 0.0556793212890625
-0.087921142578125 0.09832763671875 -0.01953125 0.326629638671875
-0.0414886474609375 0.131996154785156 -0.233428955078125 0.4315185546875
-0.0515213012695312 0.0997085571289063 -0.34393310546875 0.2674560546875
-0.081878662109375 0.0283737182617188 -0.149459838867188 0.083251953125
-0.076507568359375 0.032440185546875 0.211380004882813 0.06134033203125
-0.065521240234375 0.10589599609375 0.43719482421875 -0.031097412109375
-0.0814208984375 0.127677917480469 0.295928955078125 -0.270721435546875
-0.0677108764648438 0.0886154174804687 -0.07464599609375 -0.302032470703125
-0.0507164001464844 0.00650787353515625 -0.2626953125 -0.164108276367187
0.021697998046875 -0.062835693359375 -0.192657470703125 -0.02081298828125
0.0721664428710938 -0.0677337646484375 0.0406570434570313 -0.0765609741210938
0.189712524414063 -0.117721557617188 -0.208969116210938 0.0919799804687499
0.106857299804688 -0.185791015625 0.024444580078125 -0.108657836914063
-0.0126495361328125 -0.143142700195313 0.157394409179687 -0.106796264648438
-0.119148254394531 0.0250625610351563 0.128738403320313 0.115875244140625
-0.121414184570312 0.140213012695313 -0.065521240234375 0.315948486328125
-0.09014892578125 0.17449951171875 -0.2987060546875 0.3572998046875
-0.11016845703125 0.119056701660156 -0.350128173828125 0.19818115234375
-0.139755249023438 0.0347366333007812 -0.102279663085938 0.0694503784179688
-0.130485534667969 0.0600051879882812 0.244094848632813 0.0239715576171875
-0.113693237304687 0.164382934570313 0.396728515625 -0.124267578125
-0.120864868164063 0.184829711914063 0.191436767578125 -0.33160400390625
-0.0929946899414063 0.111526489257813 -0.13372802734375 -0.286956787109375
-0.0485000610351563 -0.019134521484375 -0.248275756835937 -0.11248779296875
0.0604934692382813 -0.113311767578125 -0.151412963867188 0.00819396972656246
0.121826171875 -0.111618041992188 0.0732955932617188 -0.0873870849609375
0.2164306640625 -0.135513305664063 -0.17510986328125 0.0772857666015625
0.114242553710938 -0.191314697265625 0.0675582885742188 -0.0731048583984375
-0.0146942138671875 -0.113395690917969 0.205886840820313 -0.0279083251953125
-0.130867004394531 0.0625 0.12823486328125 0.174545288085938
-0.148818969726563 0.161148071289063 -0.138946533203125 0.288604736328125
-0.133346557617188 0.17486572265625 -0.369873046875 0.25933837890625
-0.155487060546875 0.106201171875 -0.337738037109375 0.1219482421875
-0.174484252929688 0.03759765625 -0.0385780334472656 0.0493507385253906
-0.1585693359375 0.0934295654296875 0.277175903320313 -0.0422821044921875
-0.133270263671875 0.20965576171875 0.3372802734375 -0.2342529296875
-0.133285522460937 0.210708618164063 0.086639404296875 -0.37725830078125
-0.0985031127929688 0.093017578125 -0.166366577148437 -0.247283935546875
-0.0266151428222656 -0.063232421875 -0.205825805664063 -0.0378570556640625
0.0995941162109375 -0.154342651367187 -0.09637451171875 0.0437164306640625
0.157669067382812 -0.13714599609375 0.119438171386719 -0.0977783203125
-0.124000549316406 0.109291076660156 -0.136474609375 0.085113525390625
-0.111557006835938 0.18670654296875 0.039154052734375 -0.0816574096679688
0.00463867187499999 0.120445251464844 0.135932922363281 -0.0265426635742187
0.072509765625 -0.0391616821289063 0.13482666015625 0.204330444335937
0.104721069335938 -0.172149658203125 -0.036865234375 0.391845703125
0.15142822265625 -0.233749389648438 -0.231597900390625 0.34600830078125
0.173629760742188 -0.126296997070313 -0.24652099609375 0.14605712890625
0.197723388671875 -0.0122222900390625 -0.0142402648925781 0.0220432281494141
0.204025268554687 -0.0465240478515625 0.328948974609375 -0.01605224609375
0.193161010742188 -0.120819091796875 0.447265625 -0.13861083984375
0.153640747070313 -0.15435791015625 0.202728271484375 -0.28533935546875
0.09259033203125 -0.102783203125 -0.136932373046875 -0.195266723632813
0.0279083251953125 0.0835647583007813 -0.248825073242187 -0.0445556640625
-0.125198364257813 0.185073852539063 -0.115684509277344 0.03790283203125
-0.148147583007812 0.137161254882813 0.176727294921875 -0.0785980224609375
-0.10516357421875 0.0961151123046875 -0.170089721679688 0.101211547851563
-0.11138916015625 0.163253784179687 0.005706787109375 -0.119003295898438
-0.02777099609375 0.125213623046875 0.0829391479492188 -0.11480712890625
0.0367240905761719 0.00964736938476562 0.106521606445313 0.133636474609375
0.0727615356445313 -0.117897033691406 0.00296020507812504 0.3922119140625
0.125259399414063 -0.201416015625 -0.18072509765625 0.424346923828125
0.151412963867188 -0.117950439453125 -0.265777587890625 0.227020263671875
0.176528930664062 -0.0051116943359375 -0.0794219970703125 0.0473251342773438
0.193939208984375 -0.00714111328125 0.281280517578125 0.032135009765625
0.188858032226562 -0.0604248046875 0.475677490234375 -0.042999267578125
0.152740478515625 -0.114166259765625 0.3017578125 -0.2388916015625
0.0860366821289063 -0.107086181640625 -0.081787109375 -0.232254028320313
0.0273246765136719 0.0397186279296875 -0.26513671875 -0.107589721679687
-0.100616455078125 0.138557434082031 -0.16204833984375 0.00811767578125002
-0.127998352050781 0.120674133300781 0.120445251464844 -0.06658935546875
-0.0650177001953125 0.0622520446777344 -0.201828002929688 0.111221313476562
-0.0888214111328125 0.104667663574219 -0.0113372802734375 -0.145660400390625
-0.05059814453125 0.0861053466796875 0.054962158203125 -0.189071655273437
-0.00857353210449219 0.0343303680419922 0.0790328979492188 0.0638046264648438
0.0333175659179688 -0.0530929565429688 0.014984130859375 0.371490478515625
0.092132568359375 -0.127983093261719 -0.156097412109375 0.473876953125
0.115013122558594 -0.0763778686523437 -0.285491943359375 0.291046142578125
0.129295349121094 0.00371551513671875 -0.134918212890625 0.0701370239257812
0.150543212890625 0.016754150390625 0.232284545898438 0.0594024658203125
0.150192260742187 -0.0078887939453125 0.4788818359375 0.021087646484375
0.119308471679688 -0.05621337890625 0.366241455078125 -0.199981689453125
0.0616683959960938 -0.0758590698242188 -0.0306854248046875 -0.25787353515625
0.0153665542602539 0.0152978897094727 -0.264389038085938 -0.152175903320312
-0.0744094848632812 0.0862655639648438 -0.200363159179687 -0.0105743408203125
-0.0919036865234375 0.0831527709960938 0.0696372985839844 -0.0618705749511719
-0.00151824951171875 0.0160789489746094 -0.21697998046875 0.118896484375
-0.0381507873535156 0.0218505859375 -0.0157623291015625 -0.156097412109375
-0.0490837097167969 0.0117454528808594 0.05340576171875 -0.225784301757813
-0.0492820739746094 0.0266036987304688 0.0677833557128906 0.0213356018066406
-0.00951099395751953 0.00373077392578125 0.01422119140625 0.3494873046875
0.0531959533691406 -0.0357627868652344 -0.15185546875 0.490081787109375
0.0673980712890625 -0.0130348205566406 -0.30218505859375 0.321502685546875
0.0633773803710938 0.0124702453613281 -0.165542602539063 0.0825653076171875
0.0789794921875 0.0211563110351562 0.199249267578125 0.0682525634765625
0.0831832885742188 0.0289230346679687 0.4696044921875 0.04156494140625
0.0578994750976563 0.00188827514648438 0.389068603515625 -0.19293212890625
0.0217666625976563 -0.0237903594970703 -0.00726318359375003 -0.278549194335938
-0.00679969787597656 0.00963497161865234 -0.260848999023438 -0.180557250976563
-0.04449462890625 0.0348434448242188 -0.21490478515625 -0.03070068359375
-0.0408363342285156 0.0367240905761719 0.0400505065917969 -0.0628547668457031
0.0689926147460938 -0.0358390808105469 -0.227859497070312 0.116485595703125
0.0214195251464844 -0.0650978088378906 -0.0146484375 -0.1531982421875
-0.0350837707519531 -0.0695419311523438 0.071868896484375 -0.220947265625
-0.0797500610351563 0.00782012939453124 0.0801162719726563 0.0181121826171875
-0.0502357482910156 0.0520820617675781 0.00540161132812499 0.3336181640625
0.00887680053710938 0.0562934875488281 -0.17852783203125 0.475189208984375
0.0107307434082031 0.0510368347167969 -0.322540283203125 0.314208984375
-0.0109443664550781 0.0215835571289062 -0.171112060546875 0.087677001953125
-0.0023040771484375 0.0212783813476563 0.19171142578125 0.0702667236328125
0.00596237182617188 0.0605392456054688 0.455535888671875 0.0264892578125
-0.0155830383300781 0.0632858276367188 0.363555908203125 -0.2186279296875
-0.0250167846679687 0.0375633239746094 -0.02435302734375 -0.294525146484375
-0.0322608947753906 0.012359619140625 -0.261260986328125 -0.1856689453125
-0.0140714645385742 -0.0132427215576172 -0.213058471679687 -0.033355712890625
0.0148859024047852 -0.0160446166992188 0.0278282165527344 -0.0670967102050781
0.135894775390625 -0.0829849243164062 -0.224899291992187 0.107284545898438
0.0740966796875 -0.139938354492188 -0.00376129150390624 -0.137161254882813
-0.0207748413085937 -0.127067565917969 0.107513427734375 -0.176773071289063
-0.101554870605469 0.0040740966796875 0.106178283691406 0.0554656982421875
-0.0863418579101562 0.0988082885742188 -0.015655517578125 0.32598876953125
-0.0393600463867188 0.131034851074219 -0.228271484375 0.431915283203125
-0.0500564575195313 0.099456787109375 -0.33990478515625 0.270721435546875
-0.0823211669921875 0.0293197631835937 -0.148101806640625 0.08331298828125
-0.0764617919921875 0.0318832397460938 0.211257934570312 0.05877685546875
-0.0635986328125 0.106025695800781 0.434906005859375 -0.035308837890625
-0.0789108276367188 0.128303527832031 0.29132080078125 -0.2734375
-0.0665664672851562 0.0897903442382813 -0.0775146484375 -0.29974365234375
-0.0495758056640625 0.00699234008789063 -0.262557983398438 -0.161209106445313
0.0207328796386719 -0.0630073547363281 -0.192398071289063 -0.0183868408203125
0.0708770751953125 -0.0676116943359375 0.0390472412109375 -0.0754241943359375
0.187088012695312 -0.119491577148438 -0.206161499023438 0.093902587890625
0.104583740234375 -0.185165405273438 0.0231552124023438 -0.108444213867188
-0.0140228271484375 -0.141876220703125 0.155838012695313 -0.107833862304688
-0.118217468261719 0.0270462036132813 0.1292724609375 0.113754272460938
-0.118331909179687 0.141098022460938 -0.061309814453125 0.316497802734375
-0.0871124267578125 0.173507690429688 -0.293670654296875 0.359588623046875
-0.108528137207031 0.119346618652344 -0.347747802734375 0.199737548828125
-0.139717102050781 0.036163330078125 -0.101219177246094 0.069915771484375
-0.129745483398437 0.0611419677734375 0.243362426757812 0.0205535888671875
-0.110321044921875 0.163833618164063 0.39453125 -0.127532958984375
-0.117034912109375 0.186798095703125 0.18670654296875 -0.33355712890625
-0.0908203125 0.112876892089844 -0.13751220703125 -0.2835693359375
-0.0482826232910156 -0.0182304382324219 -0.24774169921875 -0.1090087890625
0.0589218139648438 -0.113014221191406 -0.15155029296875 0.00923156738281246
0.119369506835938 -0.112297058105469 0.0703201293945313 -0.08746337890625
0.213180541992188 -0.137588500976563 -0.17218017578125 0.0785827636718749
0.111007690429688 -0.1905517578125 0.065460205078125 -0.0731277465820313
-0.0159378051757812 -0.112174987792969 0.204376220703125 -0.0301513671875
-0.129524230957031 0.0640106201171875 0.12933349609375 0.174209594726563
-0.145767211914063 0.162368774414063 -0.13555908203125 0.28936767578125
-0.13018798828125 0.174880981445313 -0.36480712890625 0.26239013671875
-0.153717041015625 0.107467651367187 -0.3341064453125 0.124786376953125
-0.174835205078125 0.0390777587890625 -0.0385665893554688 0.0489044189453125
-0.157424926757812 0.094146728515625 0.275634765625 -0.0451812744140625
-0.129898071289063 0.209716796875 0.333221435546875 -0.237823486328125
-0.12921142578125 0.211624145507813 0.08209228515625 -0.377349853515625
-0.0973052978515625 0.0939865112304687 -0.169052124023438 -0.2457275390625
-0.0265159606933594 -0.0626564025878906 -0.205810546875 -0.0355682373046875
0.096771240234375 -0.154708862304688 -0.09588623046875 0.044403076171875
0.154495239257813 -0.139495849609375 0.117408752441406 -0.0986404418945313
-0.123001098632813 0.109664916992188 -0.13446044921875 0.0853805541992188
-0.108306884765625 0.187164306640625 0.0390396118164062 -0.0817031860351563
0.00510406494140625 0.118583679199219 0.135002136230469 -0.02691650390625
0.072723388671875 -0.0393753051757813 0.136886596679687 0.202606201171875
0.1025390625 -0.173187255859375 -0.031707763671875 0.390960693359375
0.146621704101563 -0.234298706054688 -0.228363037109375 0.34625244140625
0.170318603515625 -0.1273193359375 -0.244522094726563 0.147598266601563
0.196578979492187 -0.0137176513671875 -0.0140018463134765 0.0218162536621094
0.202499389648438 -0.0474395751953125 0.328094482421875 -0.019256591796875
0.191299438476563 -0.1214599609375 0.444061279296875 -0.142730712890625
0.151107788085938 -0.155349731445313 0.199737548828125 -0.286346435546875
0.0902786254882812 -0.103530883789063 -0.137374877929687 -0.194580078125
0.0285491943359375 0.0822906494140625 -0.247268676757813 -0.0426483154296874
-0.120269775390625 0.185165405273438 -0.115509033203125 0.0382308959960937
-0.146072387695313 0.13714599609375 0.173553466796875 -0.0789337158203125
-0.103874206542969 0.096282958984375 -0.167068481445312 0.101959228515625
-0.107879638671875 0.162994384765625 0.00503540039062498 -0.118927001953125
-0.0257492065429688 0.124664306640625 0.0819015502929688 -0.113922119140625
0.0374679565429687 0.00856399536132812 0.107772827148438 0.132423400878906
0.0715713500976563 -0.119064331054688 0.00625610351562503 0.39141845703125
0.12176513671875 -0.201934814453125 -0.17608642578125 0.424102783203125
0.149032592773438 -0.118240356445313 -0.261734008789063 0.228179931640625
0.174911499023438 -0.005706787109375 -0.0797653198242187 0.0480880737304687
0.193099975585937 -0.008270263671875 0.279510498046875 0.0286712646484375
0.187225341796875 -0.06158447265625 0.47607421875 -0.04766845703125
0.150543212890625 -0.115280151367188 0.297882080078125 -0.239837646484375
0.0837173461914062 -0.107734680175781 -0.0818023681640625 -0.230270385742188
0.0275650024414063 0.0394821166992188 -0.26397705078125 -0.105087280273437
-0.0986480712890625 0.138847351074219 -0.162124633789062 0.00999450683593748
-0.125946044921875 0.120407104492187 0.118637084960937 -0.0667037963867187
-0.0636558532714844 0.0627212524414063 -0.19866943359375 0.112106323242188
-0.0864639282226563 0.104957580566406 -0.0114898681640625 -0.144302368164063
-0.0488815307617188 0.0862045288085938 0.052520751953125 -0.187469482421875
-0.00815963745117187 0.0345306396484375 0.079559326171875 0.0641708374023437
0.032928466796875 -0.0533676147460937 0.01953125 0.370208740234375
0.0901947021484375 -0.129714965820312 -0.1502685546875 0.470947265625
0.1131591796875 -0.0768508911132813 -0.280029296875 0.291717529296875
0.12884521484375 0.00307464599609375 -0.133964538574219 0.0710601806640625
0.148574829101563 0.0153045654296875 0.23162841796875 0.0554351806640625
0.149917602539063 -0.008697509765625 0.477325439453125 0.015533447265625
0.119110107421875 -0.0573654174804688 0.363311767578125 -0.20404052734375
0.0604095458984375 -0.0757522583007813 -0.0328369140625 -0.25653076171875
0.0152969360351563 0.0141315460205078 -0.263900756835938 -0.149246215820312
-0.0725021362304687 0.085723876953125 -0.198471069335937 -0.00904846191406251
-0.0913467407226563 0.08282470703125 0.0683555603027344 -0.061492919921875
-0.00145912170410156 0.0157108306884766 -0.21380615234375 0.121307373046875
-0.0377731323242188 0.022613525390625 -0.0168914794921875 -0.154449462890625
-0.0488166809082031 0.0124664306640625 0.0510406494140625 -0.223587036132813
-0.0479660034179688 0.0267333984375 0.0685577392578125 0.0222358703613281
-0.00928974151611328 0.00346946716308594 0.01885986328125 0.34844970703125
0.0526771545410156 -0.0369911193847656 -0.146636962890625 0.488128662109375
0.0675010681152344 -0.0142097473144531 -0.29718017578125 0.321685791015625
0.0626449584960938 0.0127410888671875 -0.165283203125 0.0833892822265625
0.0785598754882813 0.0215911865234375 0.199127197265625 0.06488037109375
0.0833663940429687 0.027374267578125 0.467864990234375 0.037322998046875
0.0580291748046875 0.00191116333007813 0.385406494140625 -0.196502685546875
0.020904541015625 -0.0242233276367188 -0.00947570800781253 -0.277374267578125
-0.00694370269775391 0.00951385498046875 -0.26007080078125 -0.17791748046875
-0.0439338684082031 0.0352554321289063 -0.214447021484375 -0.0291900634765625
-0.0404548645019531 0.0362472534179688 0.0379562377929687 -0.0622329711914063
0.0689582824707031 -0.0358772277832031 -0.224456787109375 0.11773681640625
0.0214195251464844 -0.06451416015625 -0.0155792236328125 -0.151687622070313
-0.0356254577636719 -0.0682907104492188 0.0702056884765625 -0.21954345703125
-0.0782318115234375 0.00850677490234376 0.0799942016601562 0.0191192626953125
-0.0490264892578125 0.0525016784667969 0.00872802734375001 0.33197021484375
0.00943374633789062 0.0550498962402344 -0.171783447265625 0.4749755859375
0.0113792419433594 0.0505867004394531 -0.318145751953125 0.313812255859375
-0.0108413696289063 0.0216941833496094 -0.169113159179687 0.0884246826171875
-0.00216865539550781 0.0211563110351562 0.192214965820313 0.0677337646484375
0.00704193115234375 0.0593719482421875 0.454864501953125 0.021484375
-0.0135688781738281 0.0634651184082031 0.360137939453125 -0.220733642578125
-0.0248832702636719 0.0376319885253906 -0.0264892578125 -0.29315185546875
-0.0318088531494141 0.0127658843994141 -0.260345458984375 -0.18243408203125
-0.0138950347900391 -0.0126047134399414 -0.212753295898437 -0.0307769775390625
0.0137443542480469 -0.0162553787231445 0.0262336730957031 -0.0665969848632812
0.134078979492188 -0.084686279296875 -0.221343994140625 0.108856201171875
0.071807861328125 -0.13818359375 -0.00444030761718748 -0.135848999023438
-0.0216827392578125 -0.12603759765625 0.105010986328125 -0.176422119140625
-0.1002197265625 0.00572967529296876 0.106170654296875 0.0557937622070313
-0.0835494995117187 0.099273681640625 -0.0120849609375 0.325347900390625
-0.0369415283203125 0.1298828125 -0.221710205078125 0.431671142578125
-0.048583984375 0.0984573364257813 -0.336181640625 0.272003173828125
-0.0814056396484375 0.0297775268554687 -0.146759033203125 0.0843353271484375
-0.076141357421875 0.0327224731445313 0.211166381835937 0.055755615234375
-0.061981201171875 0.106040954589844 0.433563232421875 -0.04022216796875
-0.0766677856445313 0.128837585449219 0.28826904296875 -0.274261474609375
-0.06561279296875 0.0899658203125 -0.080047607421875 -0.297882080078125
-0.0488853454589844 0.00703811645507813 -0.2628173828125 -0.158203125
0.0196266174316406 -0.0621185302734375 -0.192047119140625 -0.0163421630859375
0.0686912536621094 -0.0682220458984375 0.0369110107421875 -0.0752716064453125
0.184722900390625 -0.121261596679688 -0.202850341796875 0.09564208984375
0.101791381835938 -0.184783935546875 0.0222015380859375 -0.107696533203125
-0.0158157348632813 -0.1400146484375 0.152984619140625 -0.108169555664063
-0.116767883300781 0.0285186767578125 0.130393981933594 0.112709045410156
-0.115493774414063 0.14190673828125 -0.057647705078125 0.31561279296875
-0.0843963623046875 0.173355102539063 -0.287139892578125 0.360260009765625
-0.106903076171875 0.119178771972656 -0.343475341796875 0.203125
-0.138778686523438 0.0374679565429687 -0.100166320800781 0.0704116821289063
-0.129669189453125 0.0612716674804687 0.242767333984375 0.0175018310546875
-0.107681274414063 0.16351318359375 0.3924560546875 -0.13140869140625
-0.114425659179688 0.186294555664063 0.18280029296875 -0.335052490234375
-0.0890884399414062 0.113616943359375 -0.13946533203125 -0.28167724609375
-0.0483512878417969 -0.0171432495117187 -0.246994018554688 -0.106414794921875
0.0567626953125 -0.112937927246094 -0.151351928710938 0.01025390625
0.116867065429688 -0.112838745117188 0.0685348510742188 -0.0863571166992188
0.210494995117188 -0.13995361328125 -0.16973876953125 0.0796356201171875
0.10760498046875 -0.189620971679688 0.0649795532226563 -0.0726242065429688
-0.0172271728515625 -0.111160278320313 0.201736450195313 -0.0319671630859375
-0.127555847167969 0.0659103393554688 0.129898071289063 0.172012329101562
-0.142868041992187 0.163192749023438 -0.13262939453125 0.289794921875
-0.126739501953125 0.174285888671875 -0.3604736328125 0.2655029296875
-0.151687622070313 0.10662841796875 -0.331787109375 0.128204345703125
-0.173690795898438 0.040771484375 -0.0381126403808594 0.04931640625
-0.155929565429688 0.0940704345703125 0.2725830078125 -0.047210693359375
-0.125747680664063 0.208847045898437 0.3311767578125 -0.239898681640625
-0.12579345703125 0.212509155273438 0.077301025390625 -0.376068115234375
-0.0946502685546875 0.095672607421875 -0.171279907226562 -0.242706298828125
-0.0275688171386719 -0.06158447265625 -0.204559326171875 -0.0343780517578125
0.095001220703125 -0.154205322265625 -0.09564208984375 0.0456314086914063
0.15130615234375 -0.140090942382813 0.114151000976563 -0.0985336303710938
-0.121437072753906 0.111061096191406 -0.132392883300781 0.0860977172851563
-0.10546875 0.185775756835938 0.0392227172851563 -0.0815277099609375
0.00652313232421876 0.117401123046875 0.135536193847656 -0.0266647338867187
0.070831298828125 -0.040863037109375 0.138259887695313 0.200469970703125
0.0998077392578125 -0.172515869140625 -0.028564453125 0.38897705078125
0.143890380859375 -0.234268188476562 -0.223907470703125 0.34796142578125
0.16986083984375 -0.127212524414063 -0.242996215820313 0.149261474609375
0.196868896484375 -0.0140380859375 -0.0138950347900391 0.0217266082763672
0.199356079101563 -0.0471649169921875 0.3262939453125 -0.0211181640625
0.188522338867188 -0.122055053710938 0.442230224609375 -0.14569091796875
0.149627685546875 -0.155715942382813 0.195648193359375 -0.28717041015625
0.0884017944335938 -0.103675842285156 -0.137893676757812 -0.192306518554688
0.0293045043945313 0.0802841186523438 -0.246734619140625 -0.041656494140625
-0.118820190429687 0.185348510742188 -0.114280700683594 0.03924560546875
-0.144515991210937 0.137588500976563 0.170684814453125 -0.0798797607421875
-0.102134704589844 0.0960769653320313 -0.165084838867188 0.102798461914062
-0.105926513671875 0.162094116210938 0.00507354736328123 -0.117912292480469
-0.0251388549804688 0.123008728027344 0.0813446044921875 -0.11322021484375
0.0364837646484375 0.007171630859375 0.109001159667969 0.131088256835938
0.0706253051757813 -0.119163513183594 0.00964355468750005 0.389251708984375
0.119400024414063 -0.203155517578125 -0.172760009765625 0.42236328125
0.147659301757813 -0.117965698242188 -0.258880615234375 0.2286376953125
0.174102783203125 -0.0058135986328125 -0.0792007446289063 0.0482635498046875
0.191268920898437 -0.00927734375 0.278152465820312 0.0254974365234375
0.186599731445312 -0.0623626708984375 0.470916748046875 -0.0509033203125
0.149688720703125 -0.11578369140625 0.29541015625 -0.241973876953125
0.0823898315429688 -0.107719421386719 -0.082855224609375 -0.229827880859375
0.027679443359375 0.0375480651855469 -0.262863159179688 -0.10284423828125
-0.0961837768554688 0.138160705566406 -0.161422729492188 0.0113525390625
-0.124320983886719 0.120170593261719 0.116462707519531 -0.0676345825195312
-0.0629081726074219 0.0627861022949219 -0.19549560546875 0.113113403320312
-0.0845260620117188 0.105209350585937 -0.0128021240234375 -0.143386840820313
-0.0474166870117188 0.0851364135742188 0.05133056640625 -0.185073852539063
-0.00765800476074219 0.0333747863769531 0.0803146362304688 0.0639801025390625
0.0325851440429688 -0.0539054870605469 0.022705078125 0.368133544921875
0.0878448486328125 -0.129920959472656 -0.144927978515625 0.4710693359375
0.112342834472656 -0.0770187377929688 -0.276458740234375 0.291259765625
0.127967834472656 0.00218963623046875 -0.13275146484375 0.0718765258789063
0.14886474609375 0.01458740234375 0.230255126953125 0.052734375
0.14898681640625 -0.0097503662109375 0.474853515625 0.011444091796875
0.11822509765625 -0.0583724975585937 0.359161376953125 -0.204254150390625
0.059814453125 -0.07574462890625 -0.033477783203125 -0.255661010742188
0.0157041549682617 0.0133352279663086 -0.263565063476563 -0.146881103515625
-0.0707550048828125 0.0859146118164062 -0.198379516601563 -0.00758361816406248
-0.0898666381835938 0.08282470703125 0.0660285949707031 -0.0614700317382812
-0.00105381011962891 0.0152215957641602 -0.210906982421875 0.121475219726563
-0.0367050170898438 0.0228614807128906 -0.0169525146484375 -0.152923583984375
-0.0479049682617188 0.0124664306640625 0.0489501953125 -0.22265625
-0.0476226806640625 0.0269050598144531 0.0683403015136719 0.0225791931152344
-0.00981807708740234 0.00333690643310547 0.021514892578125 0.3470458984375
0.0515327453613281 -0.0371360778808594 -0.141387939453125 0.48638916015625
0.066802978515625 -0.01422119140625 -0.293365478515625 0.32171630859375
0.0635337829589844 0.0127677917480469 -0.163543701171875 0.0844573974609375
0.0772247314453125 0.019989013671875 0.197830200195312 0.062347412109375
0.083740234375 0.0262832641601563 0.465667724609375 0.033599853515625
0.0586929321289062 0.00157928466796875 0.3828125 -0.19708251953125
0.0209064483642578 -0.0242233276367188 -0.0108642578125 -0.276382446289063
-0.00695991516113281 0.00906944274902344 -0.259750366210938 -0.174835205078125
-0.04345703125 0.0347366333007812 -0.214080810546875 -0.0272979736328125
-0.0397300720214844 0.0358238220214844 0.0359420776367187 -0.0619277954101563
0.0682945251464844 -0.0373687744140625 -0.22137451171875 0.118789672851563
0.0211410522460937 -0.0632896423339844 -0.015289306640625 -0.149734497070313
-0.0358924865722656 -0.0672225952148438 0.0668487548828125 -0.217727661132812
-0.07745361328125 0.009490966796875 0.0789337158203125 0.0192947387695313
-0.0480308532714844 0.0527076721191406 0.011810302734375 0.33062744140625
0.00982284545898438 0.0538711547851563 -0.16705322265625 0.47314453125
0.011474609375 0.049896240234375 -0.31329345703125 0.314208984375
-0.0108757019042969 0.0217189788818359 -0.168670654296875 0.0890655517578125
-0.00271797180175781 0.0204296112060547 0.191497802734375 0.0648345947265625
0.00728225708007812 0.0588455200195313 0.4525146484375 0.017669677734375
-0.0131454467773438 0.0634422302246094 0.35748291015625 -0.222137451171875
-0.0248565673828125 0.0377540588378906 -0.0289306640625 -0.29180908203125
-0.0313739776611328 0.013580322265625 -0.260818481445313 -0.179550170898437
-0.0137529373168945 -0.0128793716430664 -0.212448120117188 -0.0294952392578125
0.0129518508911133 -0.0171842575073242 0.0247383117675781 -0.0655326843261719
0.13299560546875 -0.0858688354492188 -0.21881103515625 0.1102294921875
0.07098388671875 -0.137565612792969 -0.00543975830078125 -0.134498596191406
-0.0232162475585937 -0.124534606933594 0.102294921875 -0.174819946289062
-0.0992279052734375 0.00712585449218751 0.10626220703125 0.0555496215820313
-0.0823974609375 0.0996627807617188 -0.00894165039062502 0.324005126953125
-0.0351409912109375 0.128311157226563 -0.21661376953125 0.431182861328125
-0.0477523803710937 0.098388671875 -0.332305908203125 0.27288818359375
-0.0807723999023438 0.030517578125 -0.145828247070313 0.0848236083984375
-0.0756454467773438 0.0325775146484375 0.210525512695313 0.053375244140625
-0.060150146484375 0.105125427246094 0.43023681640625 -0.042205810546875
-0.0746917724609375 0.128982543945312 0.284332275390625 -0.276275634765625
-0.0645675659179688 0.0897598266601562 -0.0823974609375 -0.2960205078125
-0.0484733581542969 0.00790023803710937 -0.261886596679688 -0.156204223632813
0.0195388793945313 -0.061553955078125 -0.191085815429687 -0.0147247314453125
0.0669288635253906 -0.0683555603027344 0.0353546142578125 -0.0744476318359375
0.183059692382812 -0.122421264648438 -0.200210571289063 0.0962066650390625
0.099639892578125 -0.182327270507813 0.0206527709960938 -0.107490539550781
-0.0174331665039062 -0.138046264648438 0.150527954101563 -0.10888671875
-0.115516662597656 0.030303955078125 0.129951477050781 0.113075256347656
-0.113494873046875 0.141632080078125 -0.05560302734375 0.31463623046875
-0.0814208984375 0.171859741210938 -0.283843994140625 0.359893798828125
-0.104454040527344 0.11883544921875 -0.3388671875 0.204132080078125
-0.137908935546875 0.0377655029296875 -0.0997314453125 0.0706558227539063
-0.128463745117188 0.0614471435546875 0.241317749023438 0.0153656005859375
-0.10443115234375 0.163711547851563 0.389190673828125 -0.133636474609375
-0.111465454101563 0.1861572265625 0.17889404296875 -0.335357666015625
-0.0880355834960938 0.114013671875 -0.14111328125 -0.279586791992188
-0.0479354858398438 -0.01666259765625 -0.24609375 -0.104202270507812
0.0550537109375 -0.111984252929687 -0.150482177734375 0.0117950439453125
0.114356994628906 -0.113471984863281 0.0659637451171875 -0.0858154296875
0.2086181640625 -0.140716552734375 -0.167739868164063 0.0803680419921875
0.10650634765625 -0.188232421875 0.0637588500976563 -0.0727615356445313
-0.0180892944335938 -0.1094970703125 0.200103759765625 -0.033203125
-0.125663757324219 0.0671844482421875 0.131027221679688 0.171051025390625
-0.140029907226562 0.1639404296875 -0.130218505859375 0.29107666015625
-0.124191284179688 0.17376708984375 -0.356231689453125 0.265960693359375
-0.150054931640625 0.1072998046875 -0.329071044921875 0.12982177734375
-0.171844482421875 0.0414581298828125 -0.0376777648925782 0.0486640930175781
-0.15484619140625 0.0945281982421875 0.271408081054687 -0.049346923828125
-0.123184204101562 0.20892333984375 0.327362060546875 -0.23931884765625
-0.12213134765625 0.212966918945312 0.07452392578125 -0.374969482421875
-0.094024658203125 0.0963287353515625 -0.173385620117188 -0.24017333984375
-0.0279350280761719 -0.0602912902832031 -0.203643798828125 -0.03253173828125
0.0924072265625 -0.153289794921875 -0.0952987670898437 0.0462875366210938
0.1483154296875 -0.139984130859375 0.111602783203125 -0.0984649658203125
-0.119300842285156 0.110603332519531 -0.129692077636719 0.08612060546875
-0.102157592773438 0.185653686523437 0.0379638671875 -0.08111572265625
0.00765228271484375 0.115737915039063 0.134819030761719 -0.025848388671875
0.070892333984375 -0.0413970947265625 0.139694213867188 0.199264526367188
0.0993499755859375 -0.17218017578125 -0.025665283203125 0.388214111328125
0.141128540039063 -0.234375 -0.22149658203125 0.345947265625
0.167449951171875 -0.1270751953125 -0.24090576171875 0.149078369140625
0.195632934570313 -0.013214111328125 -0.0145912170410156 0.0216350555419922
0.1988525390625 -0.0483856201171875 0.323455810546875 -0.0235595703125
0.186309814453125 -0.122421264648438 0.438720703125 -0.147003173828125
0.147506713867188 -0.157241821289063 0.193878173828125 -0.28692626953125
0.0868759155273438 -0.103736877441406 -0.137649536132812 -0.19140625
0.0296554565429688 0.0789337158203125 -0.244125366210937 -0.0401611328125
-0.115936279296875 0.183929443359375 -0.114601135253906 0.0384063720703125
-0.1424560546875 0.137283325195313 0.167236328125 -0.07989501953125
-0.101036071777344 0.0962982177734375 -0.162643432617188 0.1029052734375
-0.103515625 0.161941528320312 0.00407409667968749 -0.117019653320312
-0.0243377685546875 0.1220703125 0.0811920166015625 -0.111793518066406
0.0365638732910156 0.00672531127929688 0.109420776367187 0.1307373046875
0.0695571899414063 -0.119476318359375 0.013031005859375 0.387603759765625
0.116683959960937 -0.202377319335938 -0.16845703125 0.42138671875
0.145263671875 -0.117996215820313 -0.256332397460938 0.227066040039062
0.1737060546875 -0.00665283203125 -0.0780715942382812 0.0477066040039062
0.1898193359375 -0.009185791015625 0.276901245117188 0.0231475830078125
0.184860229492188 -0.0631256103515625 0.468841552734375 -0.05462646484375
0.14837646484375 -0.115707397460938 0.292144775390625 -0.242828369140625
0.0808334350585938 -0.107551574707031 -0.0829010009765625 -0.228118896484375
0.0279045104980469 0.0360260009765625 -0.261077880859375 -0.101699829101563
-0.0941696166992188 0.137908935546875 -0.1612548828125 0.011962890625
-0.123077392578125 0.120048522949219 0.113983154296875 -0.0680389404296875
-0.0622329711914063 0.0625343322753906 -0.192520141601563 0.113754272460937
-0.0824966430664063 0.104949951171875 -0.0128021240234375 -0.141433715820312
-0.0472183227539063 0.0844955444335938 0.050140380859375 -0.1842041015625
-0.00753593444824219 0.0331439971923828 0.0807876586914063 0.0636825561523438
0.0320930480957031 -0.0545005798339844 0.02459716796875 0.366607666015625
0.0864181518554688 -0.130233764648438 -0.1405029296875 0.467926025390625
0.111770629882813 -0.0768051147460938 -0.274505615234375 0.291229248046875
0.127265930175781 0.00283050537109375 -0.133041381835938 0.0714492797851563
0.147171020507813 0.0140380859375 0.22943115234375 0.0509185791015625
0.148117065429687 -0.010101318359375 0.4718017578125 0.009246826171875
0.117111206054688 -0.0584030151367188 0.35821533203125 -0.20501708984375
0.0580596923828125 -0.076202392578125 -0.03399658203125 -0.254165649414063
0.0157222747802734 0.0125188827514648 -0.26171875 -0.144912719726563
-0.06951904296875 0.0858230590820313 -0.197128295898437 -0.00700378417968745
-0.0886764526367187 0.0827560424804688 0.0648460388183594 -0.0611915588378906
-0.00103473663330078 0.0154275894165039 -0.207443237304688 0.1219482421875
-0.0352020263671875 0.0233383178710938 -0.017181396484375 -0.151123046875
-0.048583984375 0.0123062133789063 0.0474090576171875 -0.220611572265625
-0.0464591979980469 0.0270614624023437 0.0686378479003906 0.0224418640136719
-0.00903987884521485 0.00278568267822266 0.024749755859375 0.345367431640625
0.0511398315429688 -0.0385932922363281 -0.1368408203125 0.483612060546875
0.0662155151367188 -0.0146827697753906 -0.29046630859375 0.3209228515625
0.0627021789550781 0.0131072998046875 -0.162796020507813 0.0839385986328125
0.076873779296875 0.0201873779296875 0.197036743164062 0.060150146484375
0.0836334228515625 0.0254592895507813 0.4637451171875 0.029693603515625
0.0586318969726563 0.000728607177734375 0.379852294921875 -0.199462890625
0.0201854705810547 -0.0240402221679687 -0.011932373046875 -0.274734497070313
-0.00620269775390625 0.00882720947265625 -0.257644653320313 -0.173110961914063
-0.0414390563964844 0.0352859497070313 -0.2135009765625 -0.026611328125
-0.0396194458007813 0.0352058410644531 0.0351181030273437 -0.062042236328125
0.0666923522949219 -0.0369300842285156 -0.218170166015625 0.119110107421875
0.0208549499511719 -0.0628280639648438 -0.0157470703125 -0.148727416992188
-0.0365180969238281 -0.0668258666992188 0.06610107421875 -0.216262817382813
-0.07684326171875 0.010528564453125 0.079833984375 0.0196075439453125
-0.0472602844238281 0.052032470703125 0.014312744140625 0.329742431640625
0.0109710693359375 0.0529632568359375 -0.163970947265625 0.470672607421875
0.0119400024414063 0.0492286682128906 -0.310272216796875 0.314300537109375
-0.0111865997314453 0.0223789215087891 -0.168289184570313 0.08905029296875
-0.0037689208984375 0.0201816558837891 0.190521240234375 0.0623626708984375
0.00822830200195312 0.0580406188964844 0.44921875 0.015106201171875
-0.0121345520019531 0.0625686645507813 0.35400390625 -0.225128173828125
-0.0250740051269531 0.0379409790039062 -0.02911376953125 -0.289947509765625
-0.0311260223388672 0.0122623443603516 -0.258193969726562 -0.177719116210937
-0.0138025283813477 -0.0115556716918945 -0.211410522460938 -0.028350830078125
0.0131320953369141 -0.0167293548583984 0.0234718322753906 -0.066009521484375
0.131538391113281 -0.0858078002929688 -0.21649169921875 0.11102294921875
0.06927490234375 -0.136764526367188 -0.00559234619140624 -0.133010864257813
-0.024261474609375 -0.123207092285156 0.101058959960937 -0.174240112304688
-0.0985794067382813 0.00870513916015626 0.106109619140625 0.0550613403320312
-0.0809249877929687 0.099029541015625 -0.00683593749999998 0.323272705078125
-0.0331344604492188 0.127189636230469 -0.212677001953125 0.42926025390625
-0.0467376708984375 0.0979537963867187 -0.329559326171875 0.272247314453125
-0.0811309814453125 0.0309677124023438 -0.14447021484375 0.0848846435546875
-0.0759506225585938 0.0326080322265625 0.20916748046875 0.0505828857421875
-0.0586395263671875 0.104377746582031 0.42840576171875 -0.04522705078125
-0.0728683471679687 0.128639221191406 0.280929565429688 -0.2769775390625
-0.0638809204101563 0.090606689453125 -0.083526611328125 -0.2933349609375
-0.0481529235839844 0.008270263671875 -0.260345458984375 -0.153549194335938
0.0193824768066406 -0.0610160827636719 -0.190673828125 -0.01434326171875
0.0661048889160156 -0.0689201354980469 0.0338897705078125 -0.0739974975585938
0.180526733398438 -0.12322998046875 -0.197921752929688 0.096649169921875
0.097412109375 -0.181610107421875 0.020843505859375 -0.106391906738281
-0.0178680419921875 -0.137123107910156 0.149078369140625 -0.109024047851563
-0.114707946777344 0.0321807861328125 0.1292724609375 0.112503051757813
-0.1112060546875 0.14178466796875 -0.052978515625 0.315216064453125
-0.0788726806640625 0.1710205078125 -0.279998779296875 0.360260009765625
-0.1038818359375 0.118309020996094 -0.336181640625 0.205291748046875
-0.137252807617188 0.0388717651367188 -0.0992355346679688 0.07037353515625
-0.128364562988281 0.0606918334960938 0.24041748046875 0.013397216796875
-0.102859497070312 0.16241455078125 0.387298583984375 -0.135711669921875
-0.108566284179687 0.186264038085938 0.175994873046875 -0.334930419921875
-0.086669921875 0.114540100097656 -0.142410278320313 -0.277069091796875
-0.0477523803710938 -0.0159873962402344 -0.245468139648437 -0.102767944335938
0.0540313720703125 -0.111152648925781 -0.1500244140625 0.01287841796875
0.112594604492187 -0.112823486328125 0.0641632080078125 -0.0857086181640625
0.206771850585937 -0.141098022460937 -0.164566040039063 0.081939697265625
0.1038818359375 -0.186279296875 0.063140869140625 -0.0728378295898438
-0.0193710327148437 -0.108383178710938 0.198822021484375 -0.0345916748046875
-0.124641418457031 0.0686874389648438 0.13031005859375 0.1707763671875
-0.138015747070313 0.163406372070313 -0.127685546875 0.29132080078125
-0.121444702148438 0.172500610351563 -0.353973388671875 0.267547607421875
-0.14813232421875 0.107223510742188 -0.326812744140625 0.13238525390625
-0.17181396484375 0.0421142578125 -0.0377159118652344 0.0491828918457031
-0.154129028320313 0.0937042236328125 0.269973754882812 -0.050872802734375
-0.121017456054688 0.207733154296875 0.32440185546875 -0.24029541015625
-0.119354248046875 0.212066650390625 0.0710144042968749 -0.37469482421875
-0.0930633544921875 0.097564697265625 -0.173477172851563 -0.238540649414062
-0.0276603698730469 -0.05938720703125 -0.202285766601563 -0.031585693359375
0.091522216796875 -0.152938842773438 -0.0955047607421875 0.0467529296875
0.145355224609375 -0.140090942382813 0.108917236328125 -0.0972366333007813
-0.118858337402344 0.110977172851562 -0.128204345703125 0.0853805541992187
-0.10125732421875 0.18426513671875 0.0389862060546875 -0.0806427001953125
0.00687408447265625 0.114334106445313 0.133308410644531 -0.0254287719726562
0.0696296691894531 -0.0428199768066406 0.139312744140625 0.197463989257812
0.0963592529296875 -0.172470092773438 -0.023590087890625 0.385528564453125
0.138839721679688 -0.23394775390625 -0.218597412109375 0.34295654296875
0.166656494140625 -0.126876831054688 -0.240158081054688 0.14898681640625
0.194091796875 -0.01361083984375 -0.0144481658935547 0.0220012664794922
0.197357177734375 -0.0469207763671875 0.32196044921875 -0.025665283203125
0.18505859375 -0.121688842773437 0.436737060546875 -0.148101806640625
0.14739990234375 -0.15631103515625 0.191802978515625 -0.2857666015625
0.085235595703125 -0.104034423828125 -0.137863159179687 -0.19036865234375
0.0292816162109375 0.0769729614257813 -0.242050170898438 -0.039215087890625
-0.113021850585938 0.18267822265625 -0.114395141601563 0.0396270751953125
-0.141326904296875 0.136795043945313 0.165679931640625 -0.0810546875
-0.1004638671875 0.096832275390625 -0.16046142578125 0.102935791015625
-0.10186767578125 0.161819458007813 0.00469970703125 -0.116188049316406
-0.023529052734375 0.1209716796875 0.0804367065429688 -0.111038208007813
0.0361442565917969 0.00633621215820312 0.1097412109375 0.129829406738281
0.0679702758789063 -0.1197509765625 0.013946533203125 0.3857421875
0.1143798828125 -0.201950073242188 -0.16729736328125 0.4189453125
0.145126342773438 -0.117507934570313 -0.255035400390625 0.227096557617188
0.172775268554688 -0.006011962890625 -0.0783767700195312 0.0482406616210938
0.188385009765625 -0.008636474609375 0.276031494140625 0.021575927734375
0.1839599609375 -0.0631256103515625 0.466888427734375 -0.055145263671875
0.147445678710938 -0.116378784179688 0.2901611328125 -0.24285888671875
0.079254150390625 -0.1072998046875 -0.0826416015625 -0.22711181640625
0.0285072326660156 0.0352897644042969 -0.259689331054687 -0.100845336914063
-0.0924530029296875 0.136924743652344 -0.160171508789062 0.0118865966796875
-0.121734619140625 0.11932373046875 0.112289428710937 -0.06756591796875
-0.0615272521972656 0.0629920959472656 -0.19073486328125 0.114166259765625
-0.0803909301757813 0.10491943359375 -0.012420654296875 -0.140579223632813
-0.0461502075195313 0.0844802856445312 0.0496978759765625 -0.182083129882813
-0.00695991516113282 0.0328464508056641 0.0809097290039063 0.0637359619140625
0.0316352844238281 -0.0542755126953125 0.026580810546875 0.3651123046875
0.0853347778320313 -0.130447387695313 -0.13818359375 0.4642333984375
0.110618591308594 -0.0769500732421875 -0.272491455078125 0.289337158203125
0.126907348632813 0.00284576416015625 -0.131538391113281 0.0712890625
0.146041870117188 0.0135650634765625 0.228195190429688 0.0481109619140625
0.147705078125 -0.0108642578125 0.47149658203125 0.00836181640625
0.117294311523438 -0.0585403442382813 0.354949951171875 -0.207061767578125
0.0568008422851563 -0.0762481689453125 -0.0343475341796875 -0.253738403320313
0.0150737762451172 0.0120134353637695 -0.259994506835938 -0.144134521484375
-0.0684127807617187 0.08544921875 -0.197052001953125 -0.00613403320312495
-0.0881881713867187 0.0824203491210938 0.0630645751953125 -0.0612068176269531
-0.000468254089355467 0.0151824951171875 -0.205078125 0.121566772460938
-0.0346527099609375 0.0237789154052734 -0.0172119140625 -0.150680541992188
-0.047454833984375 0.0124168395996094 0.045989990234375 -0.218460083007813
-0.0459823608398437 0.02685546875 0.069000244140625 0.0237960815429687
-0.00888442993164063 0.00251865386962891 0.025909423828125 0.34375
0.0505752563476562 -0.0395431518554687 -0.134429931640625 0.48150634765625
0.0661392211914062 -0.0150375366210937 -0.288360595703125 0.31951904296875
0.061920166015625 0.013275146484375 -0.162734985351563 0.0835113525390625
0.0756607055664063 0.01947021484375 0.195770263671875 0.058135986328125
0.08392333984375 0.0253829956054687 0.461212158203125 0.028533935546875
0.0582313537597656 0.000522613525390625 0.377593994140625 -0.199920654296875
0.0197067260742188 -0.0236587524414062 -0.012359619140625 -0.274337768554688
-0.00614500045776367 0.00812435150146485 -0.256515502929688 -0.171890258789062
-0.041259765625 0.0353355407714844 -0.212188720703125 -0.0256805419921875
-0.0395545959472656 0.0351638793945312 0.0328559875488281 -0.0608444213867187
0.0663681030273438 -0.0373687744140625 -0.215728759765625 0.119277954101563
0.0206260681152344 -0.0618476867675781 -0.016387939453125 -0.147491455078125
-0.0372810363769531 -0.065673828125 0.065155029296875 -0.21490478515625
-0.0763397216796875 0.011138916015625 0.0801544189453125 0.0202407836914063
-0.046356201171875 0.0520858764648438 0.015289306640625 0.328399658203125
0.0116386413574219 0.0520362854003906 -0.160919189453125 0.4676513671875
0.0124473571777344 0.0483245849609375 -0.3079833984375 0.3131103515625
-0.010894775390625 0.0224742889404297 -0.166427612304687 0.0890655517578125
-0.00402069091796875 0.020416259765625 0.189361572265625 0.0608673095703125
0.008636474609375 0.0570716857910156 0.447265625 0.01220703125
-0.0115394592285156 0.0620880126953125 0.3502197265625 -0.224517822265625
-0.0243301391601563 0.037384033203125 -0.030242919921875 -0.28936767578125
-0.0306529998779297 0.0125274658203125 -0.257186889648438 -0.176406860351562
-0.0142459869384766 -0.0119390487670898 -0.210952758789063 -0.0274810791015625
0.0120134353637695 -0.0169162750244141 0.0220375061035156 -0.0648422241210938
0.129974365234375 -0.0857009887695313 -0.213363647460938 0.11065673828125
0.0679168701171875 -0.135025024414063 -0.00545501708984374 -0.132148742675781
-0.0248794555664062 -0.1217041015625 0.09912109375 -0.173721313476563
-0.0978546142578125 0.00984191894531249 0.106201171875 0.0556259155273437
-0.079193115234375 0.0998153686523438 -0.00616455078124997 0.322540283203125
-0.0323104858398438 0.125434875488281 -0.209869384765625 0.428436279296875
-0.0459136962890625 0.0968551635742188 -0.3253173828125 0.27227783203125
-0.0806655883789062 0.0316925048828125 -0.144210815429688 0.0843048095703125
-0.0760955810546875 0.0325775146484375 0.207809448242188 0.0494384765625
-0.05755615234375 0.103561401367188 0.426483154296875 -0.046051025390625
-0.0709457397460938 0.128105163574219 0.278732299804687 -0.277389526367188
-0.06298828125 0.09039306640625 -0.08416748046875 -0.29248046875
-0.0471038818359375 0.00890350341796876 -0.2591552734375 -0.152099609375
0.0183181762695313 -0.0602378845214844 -0.190704345703125 -0.0128936767578125
0.0649375915527344 -0.0682258605957031 0.03228759765625 -0.0728836059570313
0.179855346679688 -0.12335205078125 -0.194869995117188 0.0970306396484375
0.096221923828125 -0.180404663085938 0.0205535888671875 -0.105766296386719
-0.019256591796875 -0.135498046875 0.147140502929688 -0.108169555664063
-0.113761901855469 0.0327606201171875 0.129776000976563 0.112716674804688
-0.109756469726563 0.140945434570313 -0.05218505859375 0.314056396484375
-0.0771331787109375 0.169036865234375 -0.276702880859375 0.35882568359375
-0.102882385253906 0.117210388183594 -0.33404541015625 0.205413818359375
-0.136802673339844 0.03948974609375 -0.0987091064453125 0.0703048706054688
-0.12774658203125 0.0616912841796875 0.238861083984375 0.0125579833984375
-0.101181030273437 0.1611328125 0.38433837890625 -0.1361083984375
-0.106613159179687 0.18634033203125 0.1739501953125 -0.3349609375
-0.0853500366210938 0.114532470703125 -0.141891479492188 -0.275741577148438
-0.0474586486816406 -0.0156288146972656 -0.244216918945313 -0.101242065429687
0.0536727905273437 -0.110725402832031 -0.149978637695313 0.0129241943359375
0.1103515625 -0.112930297851563 0.0627059936523438 -0.0840225219726563
0.204757690429688 -0.142532348632813 -0.162689208984375 0.0807342529296875
0.102340698242187 -0.18524169921875 0.0627517700195313 -0.0718841552734375
-0.0201873779296875 -0.10693359375 0.197341918945313 -0.0346221923828125
-0.123512268066406 0.0692825317382813 0.130294799804688 0.170913696289063
-0.13629150390625 0.162826538085937 -0.126861572265625 0.289520263671875
-0.119140625 0.171035766601563 -0.351654052734375 0.266876220703125
-0.146743774414063 0.105819702148438 -0.32403564453125 0.1322021484375
-0.17132568359375 0.0426177978515625 -0.0373382568359375 0.0483856201171875
-0.153167724609375 0.0943603515625 0.268203735351563 -0.0525665283203125
-0.119094848632812 0.206649780273438 0.321929931640625 -0.240875244140625
-0.117919921875 0.212615966796875 0.06988525390625 -0.373046875
-0.0914688110351563 0.0974502563476563 -0.17413330078125 -0.237152099609375
-0.0270195007324219 -0.0586051940917969 -0.200790405273438 -0.03125
0.0894317626953125 -0.152267456054687 -0.0952072143554688 0.0462493896484375
0.143539428710938 -0.140045166015625 0.106903076171875 -0.0972366333007813
-0.117431640625 0.110221862792969 -0.127593994140625 0.0853118896484375
-0.0995025634765625 0.1832275390625 0.0389404296875 -0.0803985595703125
0.00809478759765624 0.113250732421875 0.135009765625 -0.0252304077148437
0.0688819885253906 -0.0434989929199219 0.14031982421875 0.196914672851563
0.095367431640625 -0.17205810546875 -0.0224609375 0.385589599609375
0.13629150390625 -0.233612060546875 -0.218902587890625 0.342926025390625
0.165908813476563 -0.125900268554688 -0.23919677734375 0.148284912109375
0.194305419921875 -0.0126800537109375 -0.0148124694824219 0.0211620330810547
0.195907592773437 -0.046417236328125 0.319915771484375 -0.025665283203125
0.184478759765625 -0.120849609375 0.436065673828125 -0.14752197265625
0.146865844726563 -0.15643310546875 0.191131591796875 -0.286102294921875
0.0837860107421875 -0.104721069335938 -0.137054443359375 -0.190719604492188
0.02984619140625 0.0757522583007813 -0.24072265625 -0.039794921875
-0.11273193359375 0.182266235351563 -0.115425109863281 0.0395278930664062
-0.140090942382813 0.135833740234375 0.1634521484375 -0.08026123046875
-0.099945068359375 0.0961227416992188 -0.158706665039062 0.10186767578125
-0.0997772216796875 0.160568237304688 0.00458526611328125 -0.114974975585937
-0.0232315063476563 0.120346069335938 0.080169677734375 -0.109840393066406
0.0363197326660156 0.00565338134765625 0.111076354980469 0.129638671875
0.0670013427734375 -0.119194030761719 0.014739990234375 0.384918212890625
0.113449096679688 -0.202117919921875 -0.166290283203125 0.4180908203125
0.143875122070313 -0.117202758789062 -0.255264282226563 0.226333618164063
0.1727294921875 -0.005950927734375 -0.0786819458007812 0.0477218627929688
0.187881469726563 -0.00811767578125 0.273788452148438 0.0201263427734375
0.183441162109375 -0.0636444091796875 0.465484619140625 -0.056793212890625
0.14727783203125 -0.116256713867187 0.290069580078125 -0.24322509765625
0.0778121948242187 -0.107185363769531 -0.082611083984375 -0.2269287109375
0.0277938842773438 0.0342903137207031 -0.258758544921875 -0.10009765625
-0.0903854370117187 0.13604736328125 -0.16058349609375 0.011749267578125
-0.120925903320313 0.118431091308594 0.110466003417969 -0.0672378540039062
-0.0611381530761719 0.0623855590820313 -0.188796997070313 0.1131591796875
-0.0801239013671875 0.104454040527344 -0.0125198364257813 -0.139480590820313
-0.0455551147460938 0.08404541015625 0.0494384765625 -0.180953979492188
-0.00688743591308593 0.0316028594970703 0.0817642211914063 0.0635604858398438
0.0311546325683594 -0.0552330017089844 0.027496337890625 0.364532470703125
0.0837554931640625 -0.130729675292969 -0.137359619140625 0.463623046875
0.110153198242187 -0.0765304565429688 -0.27081298828125 0.2891845703125
0.126625061035156 0.00310516357421875 -0.131309509277344 0.0707550048828125
0.144546508789063 0.0141143798828125 0.227081298828125 0.0466766357421875
0.147079467773438 -0.011138916015625 0.471527099609375 0.006591796875
0.116714477539063 -0.0583267211914062 0.353302001953125 -0.20623779296875
0.0566253662109375 -0.076080322265625 -0.0344085693359375 -0.253036499023437
0.0150346755981445 0.0111074447631836 -0.258697509765625 -0.142974853515625
-0.0672760009765625 0.0842742919921875 -0.196334838867188 -0.00640869140624999
-0.08746337890625 0.0819015502929688 0.0621681213378906 -0.0606498718261719
-0.000742912292480468 0.0151176452636719 -0.203292846679688 0.122024536132813
-0.0338668823242187 0.0237483978271484 -0.01702880859375 -0.14984130859375
-0.0479774475097656 0.0122795104980469 0.0458831787109375 -0.217117309570313
-0.0462570190429687 0.0271110534667969 0.0689163208007813 0.0240821838378906
-0.00853824615478516 0.00221729278564453 0.026519775390625 0.342742919921875
0.0498123168945313 -0.0403251647949219 -0.134002685546875 0.479217529296875
0.0656700134277344 -0.0151405334472656 -0.286529541015625 0.317596435546875
0.0619392395019531 0.0136528015136719 -0.161087036132813 0.083740234375
0.0759201049804688 0.0194931030273438 0.194931030273438 0.0570068359375
0.0837936401367188 0.0245437622070313 0.46038818359375 0.027069091796875
0.0588226318359375 0.000579833984375 0.376129150390625 -0.2003173828125
0.0195121765136719 -0.0235805511474609 -0.0121307373046875 -0.274017333984375
-0.00614643096923828 0.00751972198486328 -0.255096435546875 -0.171066284179688
-0.0406990051269531 0.0350837707519531 -0.212081909179688 -0.0255126953125
-0.0396003723144531 0.0353126525878906 0.0323753356933594 -0.0606269836425781
0.0664939880371094 -0.037750244140625 -0.21368408203125 0.119903564453125
0.0203437805175781 -0.0615615844726563 -0.0164031982421875 -0.146148681640625
-0.0371627807617187 -0.0651397705078125 0.0638275146484375 -0.213027954101563
-0.0755081176757813 0.0118179321289063 0.0796737670898438 0.0218429565429688
-0.0463943481445313 0.05230712890625 0.016876220703125 0.328216552734375
0.0114631652832031 0.0504264831542969 -0.1600341796875 0.466766357421875
0.0128707885742187 0.0487518310546875 -0.30645751953125 0.310455322265625
-0.0111408233642578 0.0228614807128906 -0.166641235351563 0.088226318359375
-0.004608154296875 0.0199794769287109 0.188949584960938 0.0593719482421875
0.0085601806640625 0.0570831298828125 0.446197509765625 0.011810302734375
-0.0102195739746094 0.0618057250976563 0.349609375 -0.224639892578125
-0.0249252319335937 0.0378341674804688 -0.031036376953125 -0.287567138671875
-0.0307178497314453 0.0125885009765625 -0.25616455078125 -0.175537109375
-0.0133514404296875 -0.0116348266601562 -0.210296630859375 -0.0277252197265625
0.011906623840332 -0.0166530609130859 0.0204238891601563 -0.0648307800292969
0.130073547363281 -0.0856552124023437 -0.21075439453125 0.110885620117187
0.0683670043945312 -0.13470458984375 -0.00533294677734376 -0.131034851074219
-0.0243606567382812 -0.121292114257813 0.0981292724609375 -0.17230224609375
-0.0969924926757812 0.0104522705078125 0.106231689453125 0.056976318359375
-0.0785140991210938 0.0989837646484375 -0.00531005859375002 0.32183837890625
-0.0312576293945312 0.124435424804688 -0.20855712890625 0.425262451171875
-0.0451126098632813 0.0958709716796875 -0.324737548828125 0.2711181640625
-0.0797958374023438 0.0316009521484375 -0.143630981445313 0.0838623046875
-0.0766220092773438 0.0324859619140625 0.206512451171875 0.0480499267578125
-0.0571212768554687 0.102615356445313 0.424102783203125 -0.0469970703125
-0.0700759887695313 0.127777099609375 0.277175903320312 -0.277374267578125
-0.0624847412109375 0.090576171875 -0.083251953125 -0.29156494140625
-0.0470962524414062 0.0082550048828125 -0.257675170898438 -0.15167236328125
0.0182571411132813 -0.0599746704101563 -0.189590454101563 -0.0130767822265625
0.0641632080078125 -0.0685615539550781 0.03143310546875 -0.0719070434570313
0.1790771484375 -0.1240234375 -0.193115234375 0.0968017578124999
0.0959014892578125 -0.177780151367188 0.0207366943359375 -0.104927062988281
-0.0194091796875 -0.134048461914063 0.145980834960938 -0.107498168945313
-0.112449645996094 0.0340347290039063 0.12908935546875 0.113365173339844
-0.108154296875 0.141494750976563 -0.051605224609375 0.31365966796875
-0.0762939453125 0.167724609375 -0.27593994140625 0.357177734375
-0.101669311523438 0.116363525390625 -0.3330078125 0.204742431640625
-0.136016845703125 0.03875732421875 -0.0982208251953125 0.0705184936523438
-0.128105163574219 0.0611801147460937 0.237335205078125 0.0112152099609375
-0.099945068359375 0.16015625 0.38250732421875 -0.136077880859375
-0.10516357421875 0.185928344726563 0.172119140625 -0.333587646484375
-0.0849609375 0.114883422851562 -0.142364501953125 -0.2740478515625
-0.0466575622558594 -0.0146408081054687 -0.2432861328125 -0.102066040039062
0.052825927734375 -0.10968017578125 -0.149139404296875 0.0124359130859375
0.109092712402344 -0.112373352050781 0.0605697631835938 -0.0830612182617188
0.203353881835938 -0.141738891601563 -0.1611328125 0.08099365234375
0.101089477539062 -0.183013916015625 0.06243896484375 -0.0722503662109375
-0.0201492309570312 -0.106269836425781 0.195724487304687 -0.0344390869140625
-0.122901916503906 0.0709609985351562 0.130706787109375 0.170928955078125
-0.134490966796875 0.1622314453125 -0.12591552734375 0.290252685546875
-0.117431640625 0.1695556640625 -0.348388671875 0.265655517578125
-0.145858764648438 0.104782104492188 -0.3232421875 0.133056640625
-0.170547485351563 0.0426025390625 -0.0367851257324219 0.0486297607421875
-0.153533935546875 0.0931549072265625 0.26788330078125 -0.0525665283203125
-0.117752075195313 0.205169677734375 0.32122802734375 -0.239471435546875
-0.116348266601562 0.212203979492188 0.06878662109375 -0.372650146484375
-0.0910797119140625 0.0984954833984375 -0.174835205078125 -0.236068725585938
-0.0268592834472656 -0.0579833984375 -0.200057983398438 -0.0309295654296875
0.0886077880859375 -0.150955200195313 -0.0957107543945312 0.0464401245117188
0.14093017578125 -0.139663696289063 0.105384826660156 -0.0964279174804688
-0.117149353027344 0.110298156738281 -0.125587463378906 0.0851211547851563
-0.09814453125 0.181686401367188 0.0392837524414063 -0.0808944702148437
0.00700378417968751 0.113494873046875 0.134422302246094 -0.024505615234375
0.0693168640136719 -0.0439643859863281 0.140472412109375 0.196914672851563
0.09527587890625 -0.172897338867187 -0.021392822265625 0.385498046875
0.135116577148438 -0.232681274414062 -0.217864990234375 0.342376708984375
0.164474487304688 -0.125701904296875 -0.238525390625 0.146957397460938
0.193771362304688 -0.0122528076171875 -0.0151710510253906 0.0214424133300781
0.195693969726563 -0.045257568359375 0.319305419921875 -0.026519775390625
0.183547973632813 -0.121627807617188 0.435455322265625 -0.147247314453125
0.145645141601563 -0.15631103515625 0.191192626953125 -0.285247802734375
0.0824966430664063 -0.10357666015625 -0.136032104492188 -0.189865112304688
0.030242919921875 0.0746612548828125 -0.239898681640625 -0.0404205322265625
-0.110931396484375 0.1800537109375 -0.115089416503906 0.039215087890625
-0.139938354492188 0.134628295898438 0.16253662109375 -0.0801544189453125
-0.0990447998046875 0.095733642578125 -0.157852172851563 0.102188110351562
-0.0986785888671875 0.15972900390625 0.0059814453125 -0.115440368652344
-0.02313232421875 0.119514465332031 0.0811767578125 -0.108428955078125
0.0354423522949219 0.00489425659179688 0.111228942871094 0.129745483398438
0.0668563842773438 -0.12005615234375 0.015655517578125 0.38397216796875
0.111160278320312 -0.201858520507813 -0.165618896484375 0.415435791015625
0.143508911132813 -0.116104125976563 -0.253509521484375 0.22479248046875
0.172775268554688 -0.0050048828125 -0.0782089233398437 0.0465469360351563
0.187652587890625 -0.0077362060546875 0.272796630859375 0.0194091796875
0.182403564453125 -0.06304931640625 0.464691162109375 -0.056243896484375
0.146575927734375 -0.115585327148438 0.289581298828125 -0.24188232421875
0.0774993896484375 -0.107460021972656 -0.0811614990234375 -0.226531982421875
0.0273494720458984 0.0335216522216797 -0.256546020507813 -0.100875854492188
-0.0898895263671875 0.134536743164063 -0.1605224609375 0.011688232421875
-0.120384216308594 0.117744445800781 0.109489440917969 -0.0665206909179687
-0.0600738525390625 0.0622787475585937 -0.186691284179688 0.113937377929688
-0.0791168212890625 0.1038818359375 -0.0117263793945312 -0.138900756835938
-0.0452880859375 0.0832672119140625 0.0495452880859375 -0.179229736328125
-0.00603866577148438 0.0317821502685547 0.0821075439453125 0.0651931762695313
0.0307693481445313 -0.0554275512695313 0.02886962890625 0.364013671875
0.082794189453125 -0.131690979003906 -0.13739013671875 0.460662841796875
0.109817504882812 -0.075775146484375 -0.271087646484375 0.28717041015625
0.126091003417969 0.003875732421875 -0.131378173828125 0.0699310302734375
0.143997192382813 0.0145416259765625 0.225570678710938 0.045654296875
0.147567749023438 -0.010986328125 0.4681396484375 0.006103515625
0.116912841796875 -0.0591964721679688 0.352020263671875 -0.20654296875
0.0556182861328125 -0.0753631591796875 -0.0332183837890625 -0.252029418945313
0.0153255462646484 0.00985908508300781 -0.256881713867188 -0.144271850585938
-0.0664825439453125 0.0840377807617188 -0.195709228515625 -0.00643920898437497
-0.08758544921875 0.0810775756835937 0.0605201721191406 -0.0601234436035156
-0.000817298889160155 0.0147132873535156 -0.201416015625 0.12060546875
-0.0329818725585937 0.0234909057617187 -0.016571044921875 -0.1488037109375
-0.0475921630859375 0.0125160217285156 0.046112060546875 -0.2156982421875
-0.0450515747070313 0.0268325805664062 0.0694389343261719 0.0245552062988281
-0.00845098495483398 0.00188922882080078 0.027435302734375 0.3431396484375
0.0497283935546875 -0.0407180786132813 -0.132598876953125 0.476165771484375
0.0659751892089844 -0.0157890319824219 -0.286468505859375 0.3172607421875
0.0618667602539063 0.0143394470214844 -0.160919189453125 0.082977294921875
0.0748748779296875 0.0199813842773438 0.193572998046875 0.0553131103515625
0.083160400390625 0.0241622924804688 0.45965576171875 0.02667236328125
0.059112548828125 0.00035858154296875 0.375701904296875 -0.20013427734375
0.0193138122558594 -0.023040771484375 -0.0117645263671875 -0.2724609375
-0.00611162185668945 0.00755834579467773 -0.252899169921875 -0.1715087890625
-0.0404853820800781 0.0349617004394531 -0.212509155273438 -0.025787353515625
-0.0395545959472656 0.034698486328125 0.0312957763671875 -0.0605278015136719
0.0662002563476563 -0.0371627807617188 -0.21160888671875 0.11944580078125
0.0212593078613281 -0.0608482360839844 -0.01507568359375 -0.1458740234375
-0.0370941162109375 -0.0644798278808594 0.0634307861328125 -0.212417602539063
-0.074676513671875 0.0118789672851562 0.0807342529296875 0.021697998046875
-0.0453262329101563 0.0511436462402344 0.017669677734375 0.32733154296875
0.0114021301269531 0.049346923828125 -0.15826416015625 0.46392822265625
0.0127754211425781 0.0480384826660156 -0.3062744140625 0.3106689453125
-0.0110721588134766 0.0229854583740234 -0.166046142578125 0.0875091552734375
-0.00431060791015625 0.019744873046875 0.18707275390625 0.0587615966796875
0.00865554809570312 0.05596923828125 0.445648193359375 0.01080322265625
-0.00897598266601563 0.061309814453125 0.349945068359375 -0.22540283203125
-0.0241584777832031 0.0376739501953125 -0.029754638671875 -0.287445068359375
-0.0300312042236328 0.0121326446533203 -0.254974365234375 -0.175811767578125
-0.0121860504150391 -0.0114850997924805 -0.209930419921875 -0.027313232421875
0.0120372772216797 -0.0168867111206055 0.0197296142578125 -0.0635337829589844
0.12921142578125 -0.0865707397460938 -0.209030151367188 0.110183715820313
0.0680389404296875 -0.133766174316406 -0.00492095947265624 -0.130653381347656
-0.0254898071289063 -0.119720458984375 0.097808837890625 -0.171798706054688
-0.0958023071289062 0.0108566284179687 0.105682373046875 0.0579910278320313
-0.0780715942382813 0.0987014770507813 -0.00518798828124999 0.321685791015625
-0.0302734375 0.123283386230469 -0.207550048828125 0.423583984375
-0.0449371337890625 0.0954742431640625 -0.32403564453125 0.270263671875
-0.080169677734375 0.0316543579101563 -0.142959594726563 0.0832672119140625
-0.0772933959960938 0.0318603515625 0.206008911132813 0.0471954345703125
-0.0562973022460938 0.101341247558594 0.423828125 -0.0465087890625
-0.070098876953125 0.127548217773438 0.277481079101563 -0.276382446289063
-0.0621185302734375 0.0905914306640625 -0.083404541015625 -0.290863037109375
-0.0468025207519531 0.00855255126953125 -0.256744384765625 -0.151458740234375
0.0183868408203125 -0.0595550537109375 -0.189712524414063 -0.0134429931640625
0.0634574890136719 -0.0680885314941406 0.0302810668945313 -0.0714340209960938
0.17791748046875 -0.123764038085938 -0.190689086914063 0.097137451171875
0.0949859619140625 -0.17730712890625 0.0204238891601563 -0.104736328125
-0.0196914672851562 -0.133079528808594 0.144943237304688 -0.107391357421875
-0.111709594726563 0.0350112915039063 0.129753112792969 0.11383056640625
-0.1072998046875 0.140357971191406 -0.051849365234375 0.31317138671875
-0.074615478515625 0.166488647460938 -0.273681640625 0.355926513671875
-0.101097106933594 0.115081787109375 -0.332855224609375 0.204498291015625
-0.135902404785156 0.0389022827148437 -0.0985336303710938 0.0691604614257813
-0.128204345703125 0.0604476928710938 0.236984252929688 0.0111083984375
-0.0997314453125 0.159866333007813 0.381317138671875 -0.136016845703125
-0.104400634765625 0.185806274414063 0.173126220703125 -0.333709716796875
-0.0845184326171875 0.115020751953125 -0.141937255859375 -0.273284912109375
-0.0464286804199219 -0.0148086547851563 -0.241561889648438 -0.101303100585937
0.0525741577148438 -0.10882568359375 -0.149658203125 0.01287841796875
0.107681274414062 -0.112068176269531 0.0597305297851563 -0.0820541381835938
0.202987670898438 -0.141799926757813 -0.159408569335938 0.0803680419921875
0.101211547851563 -0.181594848632813 0.0623092651367188 -0.0714340209960938
-0.0194778442382812 -0.10443115234375 0.194229125976563 -0.034393310546875
-0.122100830078125 0.0720291137695312 0.129684448242188 0.171310424804688
-0.133651733398438 0.161727905273438 -0.126861572265625 0.289947509765625
-0.116806030273438 0.16802978515625 -0.348052978515625 0.266387939453125
-0.145431518554688 0.104110717773438 -0.321685791015625 0.132781982421875
-0.1702880859375 0.0425262451171875 -0.0372314453125 0.0487251281738281
-0.153778076171875 0.0928802490234375 0.266220092773438 -0.0526885986328125
-0.116378784179688 0.204315185546875 0.321014404296875 -0.239471435546875
-0.114608764648438 0.212173461914062 0.067413330078125 -0.37213134765625
-0.0906143188476563 0.098388671875 -0.173797607421875 -0.23516845703125
-0.0264778137207031 -0.057708740234375 -0.19873046875 -0.031005859375
0.088165283203125 -0.150558471679688 -0.095550537109375 0.0461654663085937
0.140838623046875 -0.138671875 0.103866577148438 -0.0948562622070313
-0.1170654296875 0.109329223632813 -0.125312805175781 0.0839462280273437
-0.0978851318359375 0.1810302734375 0.0399246215820312 -0.0800552368164062
0.007476806640625 0.111686706542969 0.135330200195313 -0.0232315063476562
0.068328857421875 -0.0438041687011719 0.140304565429688 0.19732666015625
0.094635009765625 -0.172683715820313 -0.021728515625 0.38458251953125
0.134552001953125 -0.232513427734375 -0.218475341796875 0.341461181640625
0.16534423828125 -0.123931884765625 -0.23883056640625 0.147064208984375
0.19476318359375 -0.0109405517578125 -0.0158042907714844 0.0219974517822266
0.19512939453125 -0.0437164306640625 0.317657470703125 -0.0264892578125
0.184112548828125 -0.120986938476563 0.43572998046875 -0.148529052734375
0.146392822265625 -0.1568603515625 0.192169189453125 -0.28509521484375
0.0830764770507813 -0.103607177734375 -0.134307861328125 -0.190277099609375
0.0286865234375 0.0737457275390625 -0.23895263671875 -0.042144775390625
-0.1099853515625 0.180374145507813 -0.115859985351563 0.0392608642578125
-0.139457702636719 0.133880615234375 0.160842895507813 -0.079254150390625
-0.0990447998046875 0.0954208374023437 -0.15625 0.101394653320312
-0.0989227294921875 0.158584594726562 0.00690460205078125 -0.115676879882813
-0.0234146118164062 0.119140625 0.0813140869140625 -0.107414245605469
0.0352630615234375 0.00421524047851563 0.111175537109375 0.129615783691406
0.0663070678710938 -0.120201110839844 0.0169677734375 0.384033203125
0.110488891601562 -0.202011108398438 -0.16680908203125 0.4139404296875
0.143020629882813 -0.116058349609375 -0.253463745117188 0.2239990234375
0.172271728515625 -0.0040130615234375 -0.0781478881835937 0.0465850830078125
0.186630249023438 -0.0069427490234375 0.271881103515625 0.0185546875
0.182022094726563 -0.06329345703125 0.464752197265625 -0.05548095703125
0.147018432617188 -0.116424560546875 0.2904052734375 -0.2420654296875
0.0770416259765625 -0.106796264648437 -0.0806121826171875 -0.226699829101563
0.0272006988525391 0.0327720642089844 -0.254898071289063 -0.101242065429687
-0.0894927978515625 0.134597778320313 -0.160858154296875 0.01104736328125
-0.120338439941406 0.116783142089844 0.107818603515625 -0.066741943359375
-0.0603103637695312 0.0619392395019531 -0.185897827148437 0.113693237304688
-0.0777206420898437 0.103729248046875 -0.0102310180664062 -0.138236999511719
-0.0465850830078125 0.0828781127929688 0.0507049560546875 -0.178146362304688
-0.00634193420410156 0.0311717987060547 0.08148193359375 0.0655975341796875
0.0311050415039063 -0.0554466247558594 0.02923583984375 0.363250732421875
0.0824127197265625 -0.132301330566406 -0.137451171875 0.458465576171875
0.109718322753906 -0.0759429931640625 -0.2718505859375 0.286224365234375
0.126869201660156 0.00482177734375 -0.131050109863281 0.0690765380859375
0.143402099609375 0.014739990234375 0.224578857421875 0.04510498046875
0.1466064453125 -0.0116729736328125 0.46771240234375 0.00677490234375
0.116905212402344 -0.0586624145507813 0.354705810546875 -0.206878662109375
0.0558853149414063 -0.075439453125 -0.032470703125 -0.252716064453125
0.0146455764770508 0.009765625 -0.2552490234375 -0.143447875976563
-0.0665054321289063 0.0840225219726562 -0.196212768554687 -0.00764465332031249
-0.087554931640625 0.0808792114257813 0.0604400634765625 -0.0600662231445312
0.000245094299316406 0.0142984390258789 -0.20037841796875 0.120529174804687
-0.0333328247070312 0.0231533050537109 -0.0157318115234375 -0.1483154296875
-0.047637939453125 0.011993408203125 0.0455169677734375 -0.214309692382812
-0.0449104309082031 0.027099609375 0.0700721740722656 0.0260581970214844
-0.00832509994506836 0.00158834457397461 0.0272216796875 0.3419189453125
0.0490798950195313 -0.0419883728027344 -0.133453369140625 0.475341796875
0.0664825439453125 -0.0154800415039063 -0.286102294921875 0.315216064453125
0.0621681213378906 0.0146369934082031 -0.161148071289062 0.081939697265625
0.0743255615234375 0.0201492309570313 0.19305419921875 0.0541534423828125
0.0839004516601563 0.0239410400390625 0.459197998046875 0.026580810546875
0.0593986511230469 0.00054168701171875 0.375152587890625 -0.200103759765625
0.0188674926757813 -0.0229225158691406 -0.01055908203125 -0.27276611328125
-0.00604248046875 0.00662946701049805 -0.252212524414063 -0.171234130859375
-0.0401229858398437 0.0349159240722656 -0.211441040039063 -0.02606201171875
-0.0398139953613281 0.0352783203125 0.0303611755371094 -0.0597496032714844
0.0661888122558594 -0.0379753112792969 -0.210845947265625 0.118606567382812
0.0211906433105469 -0.0606460571289062 -0.0142669677734375 -0.1451416015625
-0.0376396179199219 -0.0640525817871094 0.0637359619140625 -0.210968017578125
-0.073944091796875 0.01202392578125 0.0808029174804688 0.0238189697265625
-0.0448684692382813 0.05169677734375 0.017486572265625 0.327728271484375
0.0115470886230469 0.0482101440429688 -0.1600341796875 0.462310791015625
0.0138931274414062 0.0479049682617188 -0.30615234375 0.309722900390625
-0.0107192993164063 0.0233974456787109 -0.165847778320313 0.0862884521484375
-0.00492668151855469 0.0200176239013672 0.187286376953125 0.0576324462890625
0.0093994140625 0.0549736022949219 0.445465087890625 0.011871337890625
-0.00945663452148437 0.0616111755371094 0.34991455078125 -0.223724365234375
-0.0244712829589844 0.0387535095214844 -0.028533935546875 -0.287109375
-0.0302371978759766 0.0121097564697266 -0.253173828125 -0.175445556640625
-0.0131139755249023 -0.0116472244262695 -0.209945678710938 -0.0276641845703125
0.0120038986206055 -0.0168323516845703 0.0187950134277344 -0.063018798828125
0.129127502441406 -0.0862045288085937 -0.207855224609375 0.109878540039063
0.0684127807617188 -0.13226318359375 -0.004119873046875 -0.129600524902344
-0.0253372192382813 -0.11920166015625 0.097015380859375 -0.17059326171875
-0.0952606201171875 0.0115737915039062 0.105674743652344 0.0587234497070313
-0.07720947265625 0.0980606079101562 -0.00509643554687497 0.322052001953125
-0.030426025390625 0.122169494628906 -0.207305908203125 0.4229736328125
-0.0451812744140625 0.0949554443359375 -0.325164794921875 0.2689208984375
-0.0799026489257813 0.0320205688476563 -0.143630981445313 0.0822906494140625
-0.077423095703125 0.0322341918945313 0.205642700195313 0.046234130859375
-0.0564804077148438 0.100395202636719 0.42449951171875 -0.0455322265625
-0.069000244140625 0.127128601074219 0.277206420898438 -0.275909423828125
-0.0623321533203125 0.0905838012695312 -0.082672119140625 -0.29034423828125
-0.0461959838867188 0.00860595703125 -0.254867553710937 -0.151931762695313
0.0178604125976562 -0.0587692260742188 -0.189849853515625 -0.014129638671875
0.0626029968261719 -0.0682334899902344 0.0289154052734375 -0.0710601806640625
0.178298950195313 -0.123672485351563 -0.189910888671875 0.09637451171875
0.094512939453125 -0.175521850585938 0.0205307006835938 -0.104454040527344
-0.019927978515625 -0.132743835449219 0.14373779296875 -0.106430053710938
-0.111030578613281 0.0348129272460938 0.129508972167969 0.115402221679688
-0.10662841796875 0.140838623046875 -0.051513671875 0.312469482421875
-0.07427978515625 0.165130615234375 -0.274261474609375 0.354034423828125
-0.100517272949219 0.114234924316406 -0.331756591796875 0.203857421875
-0.136085510253906 0.0389480590820312 -0.0972442626953125 0.0694808959960938
-0.128555297851563 0.059539794921875 0.237075805664062 0.0108184814453125
-0.0986785888671875 0.158187866210938 0.382598876953125 -0.1346435546875
-0.103729248046875 0.185211181640625 0.172821044921875 -0.332366943359375
-0.0848236083984375 0.1151123046875 -0.142013549804688 -0.273956298828125
-0.0455818176269531 -0.0146446228027344 -0.240631103515625 -0.102157592773437
0.0525665283203125 -0.108528137207031 -0.150253295898438 0.0133209228515625
0.107391357421875 -0.110931396484375 0.0580215454101563 -0.0818328857421875
0.202285766601563 -0.141738891601563 -0.158737182617187 0.0795440673828125
0.100997924804688 -0.180282592773437 0.06201171875 -0.0718002319335938
-0.0206680297851562 -0.104087829589844 0.192947387695313 -0.03363037109375
-0.120628356933594 0.0716018676757813 0.130020141601563 0.172256469726563
-0.13360595703125 0.162353515625 -0.1263427734375 0.291107177734375
-0.115707397460937 0.166915893554688 -0.3482666015625 0.264190673828125
-0.144805908203125 0.103164672851562 -0.32135009765625 0.132659912109375
-0.169464111328125 0.042205810546875 -0.0372657775878906 0.0479011535644531
-0.153762817382813 0.09246826171875 0.265853881835938 -0.0530548095703125
-0.115737915039062 0.203964233398438 0.320068359375 -0.238525390625
-0.113967895507813 0.211990356445313 0.069061279296875 -0.370391845703125
-0.0898971557617188 0.0991973876953125 -0.174285888671875 -0.235702514648438
-0.0265274047851563 -0.0564117431640625 -0.197952270507813 -0.032012939453125
0.0883026123046875 -0.14984130859375 -0.0962753295898438 0.04638671875
0.140106201171875 -0.138198852539063 0.102828979492188 -0.09393310546875
-0.117164611816406 0.109123229980469 -0.124015808105469 0.0839462280273438
-0.097869873046875 0.179885864257813 0.0404739379882812 -0.0805282592773437
0.00819396972656251 0.11029052734375 0.135971069335937 -0.0227737426757812
0.0685462951660156 -0.0453681945800781 0.140182495117188 0.197708129882813
0.0952301025390625 -0.173187255859375 -0.022857666015625 0.383148193359375
0.133758544921875 -0.232131958007813 -0.219512939453125 0.339630126953125
0.165359497070313 -0.123825073242188 -0.239212036132813 0.145767211914063
0.194778442382813 -0.0110321044921875 -0.0163040161132812 0.0214118957519531
0.195419311523438 -0.04254150390625 0.318206787109375 -0.0264892578125
0.183639526367187 -0.11968994140625 0.438323974609375 -0.14764404296875
0.146881103515625 -0.155868530273438 0.19281005859375 -0.28497314453125
0.0822372436523438 -0.103607177734375 -0.134368896484375 -0.191177368164063
0.029022216796875 0.0729293823242188 -0.238845825195313 -0.0430450439453125
-0.109542846679687 0.179458618164063 -0.116859436035156 0.0387802124023437
-0.139877319335937 0.133842468261719 0.159225463867188 -0.0787811279296875
-0.0994644165039063 0.095062255859375 -0.155029296875 0.100982666015625
-0.09814453125 0.158187866210938 0.00694274902343749 -0.114845275878906
-0.0231399536132813 0.117973327636719 0.0818634033203125 -0.106658935546875
0.0358200073242188 0.00391769409179688 0.112174987792969 0.130470275878906
0.0659103393554688 -0.119743347167969 0.016021728515625 0.3846435546875
0.10980224609375 -0.201828002929688 -0.16754150390625 0.4149169921875
0.143173217773438 -0.115875244140625 -0.255172729492188 0.22314453125
0.172348022460938 -0.003448486328125 -0.0790328979492187 0.0462570190429688
0.186798095703125 -0.0061798095703125 0.271484375 0.01904296875
0.182876586914063 -0.062774658203125 0.46551513671875 -0.055389404296875
0.14727783203125 -0.11627197265625 0.291473388671875 -0.24176025390625
0.07696533203125 -0.106552124023438 -0.079559326171875 -0.226806640625
0.0271263122558594 0.0313625335693359 -0.255386352539062 -0.103012084960938
-0.0893173217773438 0.133583068847656 -0.161865234375 0.01141357421875
-0.121231079101563 0.116424560546875 0.106788635253906 -0.0657196044921875
-0.0599861145019531 0.0615577697753906 -0.184402465820313 0.112152099609375
-0.0770187377929688 0.103096008300781 -0.00978851318359376 -0.138381958007813
-0.0460433959960937 0.08258056640625 0.05096435546875 -0.177749633789063
-0.00658416748046875 0.0309238433837891 0.0830459594726563 0.066375732421875
0.0306396484375 -0.0559005737304688 0.0286865234375 0.363922119140625
0.0825042724609375 -0.131942749023438 -0.138580322265625 0.458984375
0.109580993652344 -0.07562255859375 -0.272125244140625 0.285858154296875
0.126228332519531 0.00533294677734375 -0.131919860839844 0.068695068359375
0.14349365234375 0.0159759521484375 0.224349975585938 0.0446319580078125
0.147216796875 -0.01104736328125 0.46917724609375 0.00738525390625
0.117218017578125 -0.0590362548828125 0.355255126953125 -0.2054443359375
0.0556106567382812 -0.0753936767578125 -0.030975341796875 -0.253067016601563
0.0144186019897461 0.00913906097412109 -0.254180908203125 -0.145889282226563
-0.0659866333007813 0.0829696655273437 -0.196121215820313 -0.0078887939453125
-0.0872726440429688 0.0802688598632812 0.0581779479980469 -0.0597610473632812
-0.000156402587890625 0.0146617889404297 -0.1993408203125 0.119888305664062
-0.0323753356933594 0.0238590240478516 -0.0141754150390625 -0.148590087890625
-0.0480384826660156 0.0126876831054688 0.0470428466796875 -0.213577270507813
-0.0446548461914063 0.0266952514648438 0.0708847045898438 0.0267868041992188
-0.00868129730224609 0.00172805786132812 0.027923583984375 0.343231201171875
0.0488090515136719 -0.0422706604003906 -0.13458251953125 0.473876953125
0.066131591796875 -0.0146369934082031 -0.28656005859375 0.314208984375
0.0623512268066406 0.0149421691894531 -0.161849975585938 0.0809326171875
0.0741806030273438 0.0198135375976563 0.192977905273437 0.0542755126953125
0.0836181640625 0.0236740112304688 0.45953369140625 0.028594970703125
0.0592460632324219 0.0001068115234375 0.3760986328125 -0.199798583984375
0.0187225341796875 -0.0227699279785156 -0.00973510742187499 -0.273223876953125
-0.00599431991577148 0.00684690475463867 -0.250625610351563 -0.172943115234375
-0.0397224426269531 0.0345840454101563 -0.211685180664063 -0.02716064453125
-0.0397415161132812 0.0343437194824219 0.0292320251464844 -0.0595474243164062
0.0660514831542969 -0.0377349853515625 -0.20867919921875 0.11798095703125
0.0213508605957031 -0.06005859375 -0.013519287109375 -0.145416259765625
-0.0374069213867188 -0.0639381408691406 0.0630340576171875 -0.21063232421875
-0.0740890502929687 0.0124893188476562 0.0813522338867188 0.0245285034179688
-0.0450553894042969 0.0512008666992188 0.01702880859375 0.327728271484375
0.0115089416503906 0.0474853515625 -0.159820556640625 0.4615478515625
0.0130577087402344 0.0474510192871094 -0.307098388671875 0.307342529296875
-0.0108871459960937 0.0233058929443359 -0.167068481445312 0.0852508544921875
-0.005523681640625 0.0199623107910156 0.186416625976563 0.056396484375
0.00966644287109375 0.0547828674316406 0.4464111328125 0.0123291015625
-0.00901412963867187 0.0616683959960938 0.34979248046875 -0.223541259765625
-0.0244827270507812 0.0384368896484375 -0.02886962890625 -0.287994384765625
-0.0307712554931641 0.0117092132568359 -0.251815795898438 -0.176956176757812
-0.0129432678222656 -0.011627197265625 -0.210647583007813 -0.028076171875
0.0110130310058594 -0.0165910720825195 0.0181846618652344 -0.0626716613769531
0.129142761230469 -0.0869522094726562 -0.20672607421875 0.109222412109375
0.06787109375 -0.131019592285156 -0.00371551513671874 -0.1297607421875
-0.0253829956054688 -0.119163513183594 0.0973052978515625 -0.169906616210938
-0.0953140258789063 0.0114517211914062 0.106544494628906 0.0594940185546875
-0.0771942138671875 0.0985488891601562 -0.00527954101562504 0.322265625
-0.0299758911132812 0.120559692382813 -0.209930419921875 0.42181396484375
-0.04473876953125 0.0941390991210938 -0.324371337890625 0.26776123046875
-0.0804061889648437 0.0317535400390625 -0.144073486328125 0.0817413330078125
-0.077850341796875 0.0315017700195313 0.204986572265625 0.04595947265625
-0.0556411743164063 0.0997467041015625 0.423980712890625 -0.045562744140625
-0.0681304931640625 0.126991271972656 0.2774658203125 -0.275100708007813
-0.0626296997070313 0.0913848876953125 -0.08184814453125 -0.291961669921875
-0.0464286804199219 0.00917816162109376 -0.254135131835937 -0.153289794921875
0.0184555053710938 -0.0589370727539063 -0.189926147460938 -0.0145416259765625
0.0628929138183594 -0.0673828125 0.0280494689941406 -0.0697364807128906
0.177764892578125 -0.124526977539063 -0.1893310546875 0.09619140625
0.095184326171875 -0.174407958984375 0.0221023559570313 -0.103233337402344
-0.0200881958007813 -0.131301879882813 0.143768310546875 -0.106170654296875
-0.110382080078125 0.0360488891601563 0.129058837890625 0.1158447265625
-0.106597900390625 0.140464782714844 -0.05255126953125 0.31402587890625
-0.0736083984375 0.16387939453125 -0.27520751953125 0.353912353515625
-0.100143432617188 0.113685607910156 -0.3328857421875 0.203125
-0.136016845703125 0.038299560546875 -0.0985870361328125 0.06939697265625
-0.129959106445313 0.0591812133789062 0.23651123046875 0.0102996826171875
-0.098480224609375 0.157562255859375 0.382293701171875 -0.13397216796875
-0.102890014648438 0.185012817382812 0.17242431640625 -0.3310546875
-0.084442138671875 0.115547180175781 -0.14117431640625 -0.27398681640625
-0.0457115173339844 -0.0142898559570312 -0.240142822265625 -0.10296630859375
0.052886962890625 -0.107635498046875 -0.1507568359375 0.012603759765625
0.107292175292969 -0.111167907714844 0.05731201171875 -0.08062744140625
0.20245361328125 -0.141326904296875 -0.157180786132812 0.0789642333984375
0.101654052734375 -0.179168701171875 0.0631752014160156 -0.0702476501464844
-0.0206985473632812 -0.103157043457031 0.192764282226563 -0.033355712890625
-0.120742797851562 0.0725479125976563 0.128814697265625 0.17413330078125
-0.133193969726563 0.161941528320312 -0.12725830078125 0.29034423828125
-0.11480712890625 0.16583251953125 -0.349365234375 0.26373291015625
-0.144851684570313 0.101791381835938 -0.320709228515625 0.1314697265625
-0.170791625976563 0.0421295166015625 -0.0367774963378906 0.0483894348144531
-0.154571533203125 0.092315673828125 0.265731811523438 -0.0514373779296875
-0.115615844726562 0.202407836914063 0.322509765625 -0.238250732421875
-0.112991333007812 0.211135864257813 0.069000244140625 -0.372711181640625
-0.0900039672851562 0.099700927734375 -0.174301147460938 -0.235763549804687
-0.0257720947265625 -0.0571479797363281 -0.198577880859375 -0.0330963134765625
0.0875091552734375 -0.149002075195312 -0.0972061157226563 0.0454483032226563
0.138481140136719 -0.137962341308594 0.101173400878906 -0.093505859375
-0.11749267578125 0.108932495117187 -0.122894287109375 0.084136962890625
-0.0984344482421875 0.180099487304687 0.0410995483398437 -0.0805435180664062
0.0065460205078125 0.111549377441406 0.136405944824219 -0.022247314453125
0.0678977966308594 -0.0463294982910156 0.139572143554688 0.198837280273438
0.0951690673828125 -0.173782348632813 -0.02325439453125 0.38525390625
0.133697509765625 -0.231857299804688 -0.2220458984375 0.34130859375
0.1646728515625 -0.123123168945313 -0.240264892578125 0.145538330078125
0.195358276367187 -0.0087127685546875 -0.0153923034667969 0.0213394165039063
0.195587158203125 -0.0413665771484375 0.318206787109375 -0.025726318359375
0.18463134765625 -0.120132446289063 0.4400634765625 -0.14654541015625
0.1470947265625 -0.15673828125 0.19476318359375 -0.28558349609375
0.0818557739257813 -0.104148864746094 -0.133132934570313 -0.192184448242188
0.0291290283203125 0.07208251953125 -0.238983154296875 -0.0438690185546875
-0.10955810546875 0.1788330078125 -0.117584228515625 0.0389785766601562
-0.1409912109375 0.133575439453125 0.15869140625 -0.0779876708984375
-0.0988235473632812 0.0950775146484375 -0.154541015625 0.1005859375
-0.0984039306640625 0.15740966796875 0.00821685791015624 -0.114997863769531
-0.02386474609375 0.117828369140625 0.0829391479492188 -0.106010437011719
0.0350418090820313 0.00316619873046875 0.112205505371094 0.131423950195313
0.0663375854492188 -0.120658874511719 0.015045166015625 0.3841552734375
0.110015869140625 -0.202239990234375 -0.1690673828125 0.413818359375
0.144790649414063 -0.11541748046875 -0.256195068359375 0.221847534179688
0.173141479492188 -0.00177001953125 -0.0793228149414063 0.0454635620117187
0.185882568359375 -0.004852294921875 0.2713623046875 0.018829345703125
0.183517456054688 -0.0618896484375 0.467987060546875 -0.053741455078125
0.147979736328125 -0.11590576171875 0.292510986328125 -0.24200439453125
0.076873779296875 -0.106468200683594 -0.078369140625 -0.228973388671875
0.026763916015625 0.0312480926513672 -0.254318237304688 -0.1044921875
-0.0884933471679688 0.133148193359375 -0.162429809570312 0.0107574462890625
-0.121849060058594 0.116096496582031 0.106597900390625 -0.0656204223632812
-0.0604362487792969 0.061370849609375 -0.183975219726563 0.111557006835937
-0.0773086547851563 0.102951049804688 -0.00933074951171876 -0.138694763183594
-0.0462188720703125 0.0818099975585938 0.05157470703125 -0.177001953125
-0.00616073608398437 0.0301647186279297 0.0838851928710938 0.0666122436523438
0.0307426452636719 -0.0567436218261719 0.028411865234375 0.364593505859375
0.0815811157226563 -0.133216857910156 -0.141082763671875 0.4581298828125
0.110794067382812 -0.0758743286132813 -0.272979736328125 0.28350830078125
0.126953125 0.00626373291015625 -0.132118225097656 0.0679244995117188
0.143539428710938 0.0167083740234375 0.224807739257813 0.044464111328125
0.14739990234375 -0.011444091796875 0.47039794921875 0.008209228515625
0.118247985839844 -0.0587997436523437 0.3568115234375 -0.2059326171875
0.0550689697265625 -0.0755538940429688 -0.0293731689453125 -0.2540283203125
0.0140581130981445 0.00905323028564453 -0.253387451171875 -0.1466064453125
-0.0655975341796875 0.0828399658203125 -0.197219848632813 -0.00881958007812503
-0.0881881713867187 0.079620361328125 0.0580673217773438 -0.0596084594726562
-0.000151634216308595 0.0132074356079102 -0.198867797851562 0.119415283203125
-0.0317726135253906 0.0236263275146484 -0.0133056640625 -0.148422241210938
-0.0488395690917969 0.0124168395996094 0.0474090576171875 -0.212677001953125
-0.04425048828125 0.0264244079589844 0.0714340209960938 0.02752685546875
-0.00853109359741211 0.00116395950317383 0.02679443359375 0.34442138671875
0.0491218566894531 -0.0428810119628906 -0.13555908203125 0.47381591796875
0.066314697265625 -0.0155982971191406 -0.288726806640625 0.313812255859375
0.0623970031738281 0.0154304504394531 -0.162338256835937 0.080291748046875
0.0733489990234375 0.0210342407226563 0.191970825195313 0.053680419921875
0.083526611328125 0.0236053466796875 0.460235595703125 0.029449462890625
0.0608482360839844 -0.000171661376953125 0.37799072265625 -0.1988525390625
0.0180568695068359 -0.0226516723632813 -0.00892639160156249 -0.27398681640625
-0.00647449493408203 0.0060124397277832 -0.249954223632812 -0.1744384765625
-0.0397453308105469 0.0343017578125 -0.212783813476563 -0.0273895263671875
-0.0400810241699219 0.033477783203125 0.0283432006835938 -0.0589065551757812
0.0665168762207031 -0.0380020141601563 -0.208450317382812 0.117279052734375
0.0216789245605469 -0.0598068237304687 -0.0126953125 -0.14501953125
-0.03741455078125 -0.0642204284667969 0.06390380859375 -0.209991455078125
-0.0736923217773437 0.0124588012695313 0.08203125 0.0252456665039063
-0.0447540283203125 0.0509452819824219 0.016326904296875 0.3284912109375
0.011260986328125 0.0459938049316406 -0.16058349609375 0.46099853515625
0.01324462890625 0.0468330383300781 -0.30902099609375 0.306915283203125
-0.0111446380615234 0.0242462158203125 -0.166946411132813 0.0846099853515625
-0.00591468811035156 0.0201683044433594 0.186660766601563 0.0579376220703125
0.0103645324707031 0.054473876953125 0.446533203125 0.01275634765625
-0.00912857055664062 0.0616607666015625 0.351043701171875 -0.22259521484375
-0.02520751953125 0.0387420654296875 -0.026580810546875 -0.289031982421875
-0.029754638671875 0.0118885040283203 -0.252105712890625 -0.178985595703125
-0.012725830078125 -0.01116943359375 -0.210678100585938 -0.02947998046875
0.0114250183105469 -0.0176734924316406 0.0170745849609375 -0.0620574951171875
0.129676818847656 -0.0871047973632812 -0.207000732421875 0.108963012695313
0.069000244140625 -0.131202697753906 -0.0030975341796875 -0.129669189453125
-0.0258102416992188 -0.118637084960938 0.097625732421875 -0.169769287109375
-0.0951309204101562 0.011993408203125 0.107353210449219 0.0615234375
-0.076873779296875 0.0987167358398438 -0.00659179687499997 0.323883056640625
-0.0298080444335938 0.119583129882813 -0.21063232421875 0.42034912109375
-0.0447921752929688 0.0931243896484375 -0.3260498046875 0.26788330078125
-0.08087158203125 0.0318984985351563 -0.144317626953125 0.08056640625
-0.07818603515625 0.0313491821289062 0.20538330078125 0.0458831787109375
-0.0552520751953125 0.0992050170898438 0.424835205078125 -0.044403076171875
-0.0683135986328125 0.126502990722656 0.27899169921875 -0.275482177734375
-0.06219482421875 0.0913848876953125 -0.0811767578125 -0.29229736328125
-0.0460624694824219 0.00956344604492188 -0.254287719726563 -0.154510498046875
0.0191421508789062 -0.0581626892089844 -0.190414428710938 -0.014007568359375
0.0617904663085938 -0.0665969848632813 0.0274772644042969 -0.0689926147460938
0.177520751953125 -0.124298095703125 -0.1884765625 0.09521484375
0.0960235595703125 -0.174285888671875 0.0216598510742188 -0.103858947753906
-0.02001953125 -0.131484985351563 0.144393920898438 -0.105361938476563
-0.110542297363281 0.0365447998046875 0.12872314453125 0.11712646484375
-0.1068115234375 0.141189575195313 -0.053619384765625 0.3153076171875
-0.07427978515625 0.1624755859375 -0.277008056640625 0.35382080078125
-0.100784301757813 0.11236572265625 -0.3338623046875 0.202606201171875
-0.135810852050781 0.038299560546875 -0.098846435546875 0.06793212890625
-0.130447387695313 0.0589141845703125 0.236434936523437 0.0102386474609375
-0.0989532470703125 0.1568603515625 0.384735107421875 -0.13372802734375
-0.10284423828125 0.184356689453125 0.174163818359375 -0.332000732421875
-0.0842514038085938 0.116348266601562 -0.140670776367188 -0.275222778320313
-0.0450401306152344 -0.0136032104492187 -0.239990234375 -0.104522705078125
0.0528640747070313 -0.107452392578125 -0.150588989257812 0.01202392578125
0.107215881347656 -0.110610961914063 0.0566635131835938 -0.0803146362304688
0.20269775390625 -0.142440795898438 -0.156402587890625 0.0800323486328125
0.10247802734375 -0.17901611328125 0.0638656616210938 -0.0705642700195313
-0.020050048828125 -0.102622985839844 0.192535400390625 -0.032684326171875
-0.120773315429687 0.0735855102539063 0.128067016601563 0.174728393554688
-0.133468627929688 0.162124633789063 -0.128326416015625 0.291290283203125
-0.115829467773438 0.164505004882813 -0.35009765625 0.263336181640625
-0.14453125 0.1011962890625 -0.3233642578125 0.131256103515625
-0.170211791992188 0.0417022705078125 -0.0379486083984375 0.0479583740234375
-0.155838012695313 0.09075927734375 0.266891479492188 -0.050872802734375
-0.115737915039062 0.202316284179688 0.32305908203125 -0.237152099609375
-0.113449096679687 0.211761474609375 0.06927490234375 -0.37371826171875
-0.0910263061523438 0.101036071777344 -0.173568725585937 -0.237213134765625
-0.0259857177734375 -0.0564842224121094 -0.198471069335937 -0.034088134765625
0.0886383056640625 -0.14874267578125 -0.0974044799804687 0.0461502075195312
0.138771057128906 -0.136543273925781 0.100677490234375 -0.092620849609375
-0.117927551269531 0.108932495117187 -0.122711181640625 0.0831527709960937
-0.098236083984375 0.178512573242188 0.042083740234375 -0.0807952880859375
0.00673675537109375 0.110176086425781 0.138435363769531 -0.0217666625976562
0.0686759948730469 -0.0467147827148437 0.140975952148438 0.19915771484375
0.0958709716796875 -0.175308227539063 -0.02349853515625 0.387115478515625
0.133560180664063 -0.232986450195313 -0.2235107421875 0.34234619140625
0.166397094726563 -0.12371826171875 -0.242919921875 0.1455078125
0.19635009765625 -0.00726318359375 -0.0160713195800781 0.0215797424316406
0.196548461914063 -0.0404052734375 0.31890869140625 -0.02557373046875
0.185470581054688 -0.119003295898438 0.441436767578125 -0.148193359375
0.147781372070313 -0.15771484375 0.197479248046875 -0.286712646484375
0.0824127197265625 -0.104103088378906 -0.132888793945313 -0.194656372070312
0.0288467407226563 0.0708847045898438 -0.239501953125 -0.0456695556640625
-0.109375 0.178573608398438 -0.119293212890625 0.0387954711914063
-0.141342163085938 0.133148193359375 0.157241821289063 -0.0772857666015625
-0.0995407104492187 0.0944595336914063 -0.154861450195313 0.09991455078125
-0.0983428955078125 0.157119750976562 0.00859069824218749 -0.116096496582031
-0.0242080688476563 0.1185302734375 0.0845413208007813 -0.105506896972656
0.0358161926269531 0.002532958984375 0.113067626953125 0.133064270019531
0.0670242309570312 -0.121505737304687 0.0145263671875 0.387054443359375
0.11065673828125 -0.202392578125 -0.171966552734375 0.415069580078125
0.145401000976563 -0.115142822265625 -0.258529663085938 0.222869873046875
0.174102783203125 -0.0008697509765625 -0.0802764892578125 0.0448379516601563
0.187271118164063 -0.0037689208984375 0.27227783203125 0.0194549560546875
0.184921264648437 -0.06182861328125 0.47064208984375 -0.05419921875
0.149566650390625 -0.117095947265625 0.295074462890625 -0.2425537109375
0.0770339965820312 -0.106407165527344 -0.078582763671875 -0.230819702148438
0.0266838073730469 0.0303001403808594 -0.253662109375 -0.10614013671875
-0.088958740234375 0.133079528808594 -0.163619995117188 0.00999450683593754
-0.121955871582031 0.115943908691406 0.105751037597656 -0.064849853515625
-0.0603981018066406 0.0614280700683594 -0.184478759765625 0.110855102539063
-0.0772552490234375 0.102302551269531 -0.00768280029296877 -0.138786315917969
-0.0463943481445313 0.0817413330078125 0.0531463623046875 -0.176361083984375
-0.00644111633300781 0.0298633575439453 0.0842666625976562 0.0678939819335938
0.0316925048828125 -0.0575523376464844 0.028717041015625 0.367584228515625
0.0816726684570312 -0.133567810058594 -0.142852783203125 0.458282470703125
0.11083984375 -0.075927734375 -0.27545166015625 0.28509521484375
0.128196716308594 0.00748443603515625 -0.132713317871094 0.0670928955078125
0.14404296875 0.0175933837890625 0.224807739257813 0.0445404052734375
0.147430419921875 -0.0112762451171875 0.473846435546875 0.008331298828125
0.118972778320313 -0.058837890625 0.358367919921875 -0.206512451171875
0.0553970336914063 -0.0754241943359375 -0.0291290283203125 -0.256973266601563
0.0143499374389648 0.00818252563476562 -0.25347900390625 -0.149429321289063
-0.065765380859375 0.0828094482421875 -0.198104858398438 -0.010040283203125
-0.0884246826171875 0.0794830322265625 0.0572471618652344 -0.0587043762207031
-0.000354766845703124 0.0139913558959961 -0.198532104492188 0.119003295898437
-0.0317211151123047 0.0234203338623047 -0.01318359375 -0.149276733398438
-0.0487823486328125 0.0125656127929688 0.048583984375 -0.213165283203125
-0.0440635681152344 0.0267372131347656 0.0726318359375 0.0288314819335938
-0.00820636749267578 0.000960826873779298 0.026519775390625 0.345184326171875
0.0487899780273438 -0.0435523986816406 -0.137542724609375 0.475433349609375
0.0667877197265625 -0.01617431640625 -0.291015625 0.313262939453125
0.06298828125 0.0163955688476563 -0.163299560546875 0.0791473388671875
0.0737686157226563 0.0217971801757812 0.192718505859375 0.052978515625
0.0848312377929688 0.0239715576171875 0.463409423828125 0.028778076171875
0.0614700317382813 -0.0001983642578125 0.381439208984375 -0.199493408203125
0.0185165405273438 -0.0229091644287109 -0.00617980957031247 -0.275497436523438
-0.00623703002929688 0.00619077682495117 -0.24993896484375 -0.176177978515625
-0.0395240783691406 0.0339317321777344 -0.214035034179687 -0.029449462890625
-0.0403213500976562 0.034393310546875 0.027679443359375 -0.05926513671875
0.0672225952148438 -0.0385246276855469 -0.208892822265625 0.116867065429687
0.0224456787109375 -0.059112548828125 -0.0119476318359375 -0.146194458007813
-0.0381927490234375 -0.0636100769042969 0.0647125244140625 -0.20989990234375
-0.0739822387695313 0.012939453125 0.0823135375976562 0.0274429321289062
-0.0450553894042969 0.0502090454101563 0.014892578125 0.331298828125
0.0112113952636719 0.0462150573730469 -0.16339111328125 0.4617919921875
0.0140800476074219 0.0466461181640625 -0.31182861328125 0.3076171875
-0.0115184783935547 0.0243453979492188 -0.168487548828125 0.084228515625
-0.00704383850097656 0.0205593109130859 0.1861572265625 0.0563812255859375
0.00997543334960937 0.0538406372070312 0.448486328125 0.01446533203125
-0.00786590576171874 0.0612220764160156 0.3533935546875 -0.222686767578125
-0.025482177734375 0.038818359375 -0.025177001953125 -0.2901611328125
-0.0294818878173828 0.0116386413574219 -0.251983642578125 -0.179962158203125
-0.0119285583496094 -0.0111494064331055 -0.212448120117188 -0.030059814453125
0.0106000900268555 -0.0165157318115234 0.0169334411621094 -0.0623855590820312
0.130241394042969 -0.0874862670898438 -0.206085205078125 0.107955932617188
0.0691299438476562 -0.130882263183594 -0.00199127197265625 -0.130622863769531
-0.0255508422851562 -0.118034362792969 0.0977020263671875 -0.169570922851562
-0.094757080078125 0.0123825073242188 0.107627868652344 0.0630722045898438
-0.0768966674804688 0.09814453125 -0.00732421875000003 0.32550048828125
-0.0295639038085937 0.118858337402344 -0.2120361328125 0.421875
-0.0448837280273437 0.09332275390625 -0.329071044921875 0.26702880859375
-0.0806350708007813 0.031890869140625 -0.145614624023438 0.08062744140625
-0.07940673828125 0.0317153930664063 0.206253051757813 0.0461578369140625
-0.0557098388671875 0.0983352661132813 0.428558349609375 -0.042449951171875
-0.0680313110351563 0.126869201660156 0.28173828125 -0.277099609375
-0.0628280639648438 0.0918731689453125 -0.080841064453125 -0.29425048828125
-0.0461997985839844 0.00848007202148438 -0.254074096679688 -0.157211303710938
0.0187606811523437 -0.0584678649902344 -0.192031860351563 -0.0155181884765625
0.0620193481445313 -0.0670852661132813 0.0261497497558594 -0.0691680908203125
0.178314208984375 -0.124008178710938 -0.188796997070313 0.0946807861328125
0.0969085693359375 -0.17352294921875 0.022552490234375 -0.103927612304688
-0.0200881958007813 -0.131271362304687 0.144271850585938 -0.104751586914063
-0.1109619140625 0.0368118286132812 0.12921142578125 0.119422912597656
-0.107376098632812 0.140716552734375 -0.054656982421875 0.317230224609375
-0.0742645263671875 0.161941528320313 -0.27984619140625 0.353759765625
-0.101043701171875 0.112602233886719 -0.33673095703125 0.20172119140625
-0.137252807617188 0.0381851196289062 -0.0994186401367188 0.068206787109375
-0.131004333496094 0.05889892578125 0.236724853515625 0.0109710693359375
-0.0991973876953125 0.155975341796875 0.38665771484375 -0.13311767578125
-0.10345458984375 0.185546875 0.176116943359375 -0.33380126953125
-0.084869384765625 0.117507934570313 -0.140640258789062 -0.276931762695313
-0.0451469421386719 -0.0142440795898437 -0.240081787109375 -0.105926513671875
0.0532684326171875 -0.107254028320313 -0.152862548828125 0.01129150390625
0.107093811035156 -0.110603332519531 0.0559768676757813 -0.0796356201171875
0.203781127929688 -0.143096923828125 -0.156539916992188 0.078521728515625
0.102981567382812 -0.178253173828125 0.0643081665039063 -0.0709304809570313
-0.0201492309570312 -0.101692199707031 0.192672729492188 -0.03125
-0.120262145996094 0.0742034912109375 0.128982543945313 0.177093505859375
-0.13348388671875 0.162109375 -0.129913330078125 0.293487548828125
-0.116119384765625 0.163619995117188 -0.353851318359375 0.264251708984375
-0.145538330078125 0.0999755859375 -0.324188232421875 0.131011962890625
-0.170852661132813 0.0407257080078125 -0.0376014709472656 0.0485305786132813
-0.155899047851563 0.09130859375 0.26800537109375 -0.05145263671875
-0.116744995117187 0.201263427734375 0.326141357421875 -0.237701416015625
-0.113128662109375 0.212432861328125 0.071533203125 -0.373687744140625
-0.09063720703125 0.101577758789063 -0.175033569335938 -0.237655639648437
-0.0252952575683594 -0.0559806823730469 -0.198638916015625 -0.0345306396484375
0.08892822265625 -0.148483276367188 -0.09857177734375 0.0457000732421875
0.138816833496094 -0.136672973632812 0.0999679565429688 -0.0918960571289063
-0.1190185546875 0.10968017578125 -0.123077392578125 0.0834197998046875
-0.0978851318359375 0.179916381835938 0.0433197021484375 -0.0819473266601562
0.00647735595703124 0.1097412109375 0.140144348144531 -0.0206680297851562
0.0682449340820313 -0.0468521118164063 0.141464233398437 0.202239990234375
0.09674072265625 -0.175979614257813 -0.02557373046875 0.389068603515625
0.133987426757813 -0.23492431640625 -0.226470947265625 0.342987060546875
0.167434692382813 -0.123092651367188 -0.2445068359375 0.144638061523437
0.196441650390625 -0.0070953369140625 -0.0167961120605469 0.0202388763427734
0.198501586914062 -0.0382537841796875 0.3204345703125 -0.02667236328125
0.188369750976563 -0.119003295898438 0.44476318359375 -0.14703369140625
0.1488037109375 -0.158172607421875 0.200531005859375 -0.288818359375
0.0826416015625 -0.104942321777344 -0.132614135742188 -0.195693969726562
0.0288848876953125 0.0704193115234375 -0.24072265625 -0.0475006103515625
-0.110443115234375 0.17724609375 -0.12103271484375 0.037933349609375
-0.142364501953125 0.134124755859375 0.158355712890625 -0.0770721435546875
-0.10015869140625 0.0949554443359375 -0.1553955078125 0.10003662109375
-0.0982666015625 0.157730102539063 0.0104446411132812 -0.116935729980469
-0.024932861328125 0.118080139160156 0.085235595703125 -0.105644226074219
0.0359306335449219 0.00223159790039063 0.1134033203125 0.134422302246094
0.0674209594726563 -0.122810363769531 0.014678955078125 0.3892822265625
0.110458374023438 -0.204238891601563 -0.1737060546875 0.416259765625
0.14569091796875 -0.115585327148438 -0.260955810546875 0.22161865234375
0.175323486328125 0.0002288818359375 -0.081085205078125 0.0447311401367188
0.18798828125 -0.0029296875 0.273147583007813 0.0193634033203125
0.18505859375 -0.0613861083984375 0.474945068359375 -0.05316162109375
0.150833129882813 -0.116943359375 0.299163818359375 -0.24420166015625
0.0777435302734375 -0.107673645019531 -0.0764007568359375 -0.232589721679688
0.0273494720458984 0.030487060546875 -0.254898071289062 -0.108627319335938
-0.0892257690429687 0.132888793945313 -0.165023803710938 0.00926208496093751
-0.123268127441406 0.115104675292969 0.105239868164062 -0.0654144287109375
-0.06048583984375 0.0611000061035156 -0.1842041015625 0.1107177734375
-0.0772247314453125 0.102737426757813 -0.00650787353515627 -0.139839172363281
-0.0470123291015625 0.08258056640625 0.0536651611328125 -0.177169799804687
-0.00655174255371094 0.0297737121582031 0.08502197265625 0.0685501098632813
0.0317726135253906 -0.0579147338867188 0.0274658203125 0.36895751953125
0.081329345703125 -0.134368896484375 -0.14459228515625 0.461212158203125
0.111846923828125 -0.075897216796875 -0.2781982421875 0.285064697265625
0.129264831542969 0.0080718994140625 -0.133682250976563 0.0664825439453125
0.144622802734375 0.018341064453125 0.225143432617188 0.0436248779296875
0.149658203125 -0.0103759765625 0.477813720703125 0.009674072265625
0.120185852050781 -0.0594863891601562 0.362060546875 -0.20635986328125
0.055816650390625 -0.0758132934570313 -0.026519775390625 -0.258163452148438
0.0148448944091797 0.00818920135498047 -0.25347900390625 -0.151519775390625
-0.0661087036132813 0.082244873046875 -0.199981689453125 -0.0109100341796875
-0.0892333984375 0.07989501953125 0.056915283203125 -0.0590057373046875
-1.43051147460947E-05 0.0137462615966797 -0.199081420898437 0.118118286132813
-0.0319805145263672 0.0237388610839844 -0.011627197265625 -0.149932861328125
-0.049072265625 0.0129547119140625 0.0496368408203125 -0.213897705078125
-0.0444183349609375 0.0268135070800781 0.073089599609375 0.0304718017578125
-0.0080265998840332 1.23977661132813E-05 0.02789306640625 0.34893798828125
0.0486793518066406 -0.0451202392578125 -0.14093017578125 0.476959228515625
0.06744384765625 -0.0160140991210938 -0.2935791015625 0.314666748046875
0.0629501342773437 0.0172920227050781 -0.164764404296875 0.0783233642578125
0.0735015869140625 0.0223236083984375 0.192520141601563 0.0535430908203125
0.0846176147460938 0.0240020751953125 0.465911865234375 0.03045654296875
0.0614852905273438 0.000148773193359375 0.383636474609375 -0.199493408203125
0.0186843872070313 -0.0223541259765625 -0.00512695312499999 -0.277984619140625
-0.0056447982788086 0.00540685653686523 -0.250076293945313 -0.178543090820313
-0.0397987365722656 0.0334815979003906 -0.215301513671875 -0.029815673828125
-0.041107177734375 0.0343093872070312 0.0271797180175781 -0.0582046508789063
0.0673675537109375 -0.0387420654296875 -0.208969116210937 0.1165771484375
0.0230789184570313 -0.0599327087402344 -0.0107421875 -0.146530151367188
-0.0385475158691406 -0.0643348693847656 0.065093994140625 -0.210098266601563
-0.0738525390625 0.01226806640625 0.0834808349609375 0.028411865234375
-0.0454750061035156 0.0506324768066406 0.01544189453125 0.33349609375
0.0115165710449219 0.0452499389648438 -0.166351318359375 0.46343994140625
0.0136871337890625 0.0463523864746094 -0.3135986328125 0.30645751953125
-0.0109424591064453 0.0246047973632813 -0.169418334960938 0.0833740234375
-0.00710487365722656 0.0211753845214844 0.186614990234375 0.0567169189453125
0.00952911376953125 0.0540847778320312 0.452362060546875 0.015350341796875
-0.00854873657226563 0.0610198974609375 0.357940673828125 -0.224700927734375
-0.0255889892578125 0.0390968322753906 -0.02435302734375 -0.292388916015625
-0.0303611755371094 0.0115413665771484 -0.251541137695313 -0.1832275390625
-0.0120315551757812 -0.0113840103149414 -0.213714599609375 -0.031463623046875
0.0108566284179688 -0.0167980194091797 0.015716552734375 -0.0611152648925781
0.131492614746094 -0.0872039794921875 -0.207382202148437 0.107986450195312
0.0699462890625 -0.131790161132812 -0.000999450683593744 -0.130172729492188
-0.025482177734375 -0.119186401367188 0.098876953125 -0.168838500976563
-0.094696044921875 0.0129852294921875 0.108184814453125 0.065155029296875
-0.0775985717773438 0.0988845825195312 -0.00793457031250002 0.328155517578125
-0.0299224853515625 0.118476867675781 -0.2149658203125 0.423980712890625
-0.0450439453125 0.0927047729492188 -0.330718994140625 0.267669677734375
-0.08111572265625 0.03192138671875 -0.1461181640625 0.0796966552734375
-0.0804061889648438 0.030975341796875 0.2059326171875 0.0458526611328125
-0.0562210083007812 0.0980148315429688 0.431854248046875 -0.043365478515625
-0.068572998046875 0.126945495605469 0.28369140625 -0.278533935546875
-0.0636215209960938 0.0928421020507813 -0.0802001953125 -0.295501708984375
-0.04595947265625 0.00831604003906249 -0.254119873046875 -0.15850830078125
0.0195083618164063 -0.0584983825683594 -0.19384765625 -0.0166778564453125
0.0624198913574219 -0.0668754577636719 0.025909423828125 -0.0688858032226563
0.180923461914063 -0.1251220703125 -0.188400268554688 0.0944061279296875
0.097869873046875 -0.173446655273438 0.0234832763671875 -0.104194641113281
-0.019805908203125 -0.130897521972656 0.144927978515625 -0.103866577148438
-0.111030578613281 0.0378036499023438 0.130256652832031 0.121444702148438
-0.107498168945312 0.141372680664063 -0.05487060546875 0.31988525390625
-0.074127197265625 0.161697387695313 -0.28271484375 0.354705810546875
-0.102279663085937 0.110862731933594 -0.338226318359375 0.20196533203125
-0.138511657714844 0.037750244140625 -0.100112915039063 0.0681991577148438
-0.1328125 0.0587387084960938 0.238418579101563 0.010986328125
-0.099365234375 0.155670166015625 0.389739990234375 -0.13311767578125
-0.10357666015625 0.186813354492188 0.17877197265625 -0.3359375
-0.0852508544921875 0.118171691894531 -0.14154052734375 -0.279022216796875
-0.0447578430175781 -0.0137176513671875 -0.24066162109375 -0.108016967773438
0.053741455078125 -0.107170104980469 -0.153640747070313 0.0118560791015625
0.107048034667969 -0.110610961914063 0.0560684204101563 -0.07916259765625
0.204071044921875 -0.143386840820313 -0.156448364257813 0.0780487060546875
0.103591918945313 -0.178192138671875 0.065277099609375 -0.0713348388671875
-0.0202713012695312 -0.101875305175781 0.193008422851563 -0.0302886962890625
-0.12164306640625 0.075531005859375 0.129180908203125 0.179916381835937
-0.1337890625 0.162460327148437 -0.132781982421875 0.294891357421875
-0.116317749023437 0.163436889648438 -0.35662841796875 0.264373779296875
-0.146621704101563 0.098541259765625 -0.326446533203125 0.130889892578125
-0.1722412109375 0.0407257080078125 -0.0383186340332031 0.0480117797851563
-0.157485961914063 0.09075927734375 0.269927978515625 -0.0514984130859375
-0.116531372070313 0.202133178710937 0.3294677734375 -0.237030029296875
-0.114120483398437 0.214019775390625 0.0727539062499999 -0.377532958984375
-0.0915908813476563 0.102897644042969 -0.175003051757813 -0.240203857421875
-0.0253868103027344 -0.0558433532714844 -0.198806762695313 -0.0362701416015625
0.088958740234375 -0.148544311523438 -0.0999069213867188 0.0457077026367188
0.1390380859375 -0.136940002441406 0.0992889404296875 -0.0922012329101563
-0.120407104492187 0.110160827636719 -0.122726440429688 0.0822830200195312
-0.098876953125 0.179946899414063 0.0441513061523437 -0.0826187133789062
0.00568389892578125 0.110260009765625 0.142242431640625 -0.0199127197265625
0.0694808959960938 -0.0481109619140625 0.142318725585938 0.203582763671875
0.097808837890625 -0.17828369140625 -0.026611328125 0.391448974609375
0.13458251953125 -0.234909057617188 -0.229522705078125 0.346038818359375
0.16864013671875 -0.122940063476563 -0.246978759765625 0.145477294921875
0.198699951171875 -0.0061187744140625 -0.0170803070068359 0.0203208923339844
0.200485229492188 -0.0383148193359375 0.32275390625 -0.02484130859375
0.188629150390625 -0.119186401367188 0.451141357421875 -0.147735595703125
0.151016235351563 -0.159942626953125 0.202667236328125 -0.2913818359375
0.0824661254882813 -0.105842590332031 -0.1328125 -0.198333740234375
0.0286903381347656 0.0700302124023438 -0.24224853515625 -0.0493316650390624
-0.110031127929688 0.17938232421875 -0.122634887695313 0.0385894775390625
-0.144485473632813 0.134185791015625 0.158935546875 -0.077056884765625
-0.100990295410156 0.0954666137695313 -0.155853271484375 0.098907470703125
-0.09881591796875 0.1580810546875 0.0109481811523437 -0.118095397949219
-0.0252151489257812 0.118637084960937 0.087249755859375 -0.105865478515625
0.0357170104980469 0.00116729736328125 0.11444091796875 0.136184692382813
0.0680923461914063 -0.123703002929688 0.013824462890625 0.392608642578125
0.111328125 -0.205703735351562 -0.178375244140625 0.41986083984375
0.1463623046875 -0.116165161132813 -0.264022827148438 0.223297119140625
0.177413940429688 0.0009918212890625 -0.0820465087890625 0.0439682006835937
0.189910888671875 -0.001556396484375 0.2747802734375 0.020050048828125
0.187057495117188 -0.061920166015625 0.48004150390625 -0.0526123046875
0.152511596679688 -0.118072509765625 0.303253173828125 -0.24505615234375
0.0781326293945313 -0.108039855957031 -0.076690673828125 -0.2352294921875
0.0273532867431641 0.0288543701171875 -0.256439208984375 -0.1114501953125
-0.0890884399414062 0.133407592773438 -0.16741943359375 0.00906372070312504
-0.123970031738281 0.116020202636719 0.105072021484375 -0.064788818359375
-0.06085205078125 0.0617713928222656 -0.184982299804688 0.111053466796875
-0.0768585205078125 0.102912902832031 -0.00691223144531251 -0.141464233398438
-0.0473556518554688 0.0822219848632812 0.055328369140625 -0.177749633789063
-0.00664329528808594 0.0291118621826172 0.0865478515625 0.0709686279296875
0.0321693420410156 -0.0591621398925781 0.0284423828125 0.37335205078125
0.0815963745117188 -0.136024475097656 -0.1488037109375 0.465087890625
0.11273193359375 -0.076873779296875 -0.281768798828125 0.284637451171875
0.130302429199219 0.0084075927734375 -0.13568115234375 0.06561279296875
0.146163940429688 0.0195770263671875 0.226043701171875 0.0440673828125
0.150466918945312 -0.01080322265625 0.480743408203125 0.009521484375
0.121437072753906 -0.0598678588867188 0.36676025390625 -0.207550048828125
0.0557022094726562 -0.0758590698242187 -0.02581787109375 -0.260406494140625
0.014735221862793 0.00635910034179688 -0.254913330078125 -0.154220581054688
-0.0657882690429688 0.0826263427734375 -0.20166015625 -0.0117340087890625
-0.090423583984375 0.0797500610351563 0.0564765930175781 -0.058990478515625
-2.76565551757811E-05 0.0134992599487305 -0.200088500976563 0.118728637695312
-0.0317592620849609 0.0238914489746094 -0.0111236572265625 -0.151687622070313
-0.0499038696289063 0.01300048828125 0.049774169921875 -0.21435546875
-0.044403076171875 0.027618408203125 0.0738143920898438 0.031219482421875
-0.00770902633666992 -0.000245571136474609 0.02679443359375 0.352325439453125
0.0490264892578125 -0.0456504821777344 -0.143157958984375 0.47998046875
0.0678863525390625 -0.0167922973632813 -0.297271728515625 0.31597900390625
0.0636863708496094 0.0177993774414063 -0.166549682617188 0.07806396484375
0.0738372802734375 0.0231399536132812 0.19342041015625 0.0531005859375
0.0855560302734375 0.0238876342773438 0.4705810546875 0.031890869140625
0.0621719360351562 5.340576171875E-05 0.387939453125 -0.200103759765625
0.0183563232421875 -0.0226917266845703 -0.00384521484375001 -0.279571533203125
-0.00594329833984375 0.00537538528442383 -0.251144409179688 -0.182281494140625
-0.0394363403320313 0.0336570739746094 -0.217178344726563 -0.031097412109375
-0.0411834716796875 0.0343589782714844 0.0268058776855469 -0.0586166381835937
0.0684700012207031 -0.04010009765625 -0.210037231445312 0.11700439453125
0.0237922668457031 -0.0602149963378906 -0.0101470947265625 -0.148147583007813
-0.0380172729492187 -0.0645980834960938 0.066192626953125 -0.211318969726563
-0.0734786987304688 0.013427734375 0.0842666625976563 0.0298538208007813
-0.0453262329101563 0.0510368347167969 0.0150146484375 0.33734130859375
0.0112152099609375 0.0442886352539063 -0.1693115234375 0.46588134765625
0.0136566162109375 0.0458030700683594 -0.318023681640625 0.3089599609375
-0.0102119445800781 0.0251731872558594 -0.170791625976563 0.083282470703125
-0.00805473327636719 0.0209217071533203 0.18768310546875 0.05633544921875
0.0101356506347656 0.0538978576660156 0.45611572265625 0.016754150390625
-0.00834274291992187 0.0617179870605469 0.36065673828125 -0.225982666015625
-0.02606201171875 0.0397415161132812 -0.023345947265625 -0.29522705078125
-0.0302581787109375 0.0111312866210938 -0.252960205078125 -0.185775756835937
-0.0119361877441406 -0.0118961334228516 -0.21612548828125 -0.0319976806640625
0.0110759735107422 -0.0173244476318359 0.0147285461425781 -0.0621757507324219
0.132675170898437 -0.0885467529296875 -0.207366943359375 0.10821533203125
0.0715179443359375 -0.131523132324219 -0.000839233398437493 -0.132164001464844
-0.0256881713867188 -0.118995666503906 0.099822998046875 -0.170318603515625
-0.0949935913085937 0.013427734375 0.110198974609375 0.0675811767578125
-0.0779876708984375 0.0997695922851563 -0.00906372070312497 0.33172607421875
-0.0308074951171875 0.118698120117188 -0.218719482421875 0.424346923828125
-0.0453720092773438 0.09259033203125 -0.334442138671875 0.26849365234375
-0.0817642211914063 0.0326004028320312 -0.147689819335938 0.07958984375
-0.081573486328125 0.0317764282226563 0.208023071289062 0.0452880859375
-0.056610107421875 0.0986251831054688 0.435272216796875 -0.04217529296875
-0.0690841674804687 0.128013610839844 0.28753662109375 -0.279815673828125
-0.0643234252929688 0.0930938720703125 -0.079620361328125 -0.29840087890625
-0.0459518432617188 0.00887298583984375 -0.25531005859375 -0.160934448242188
0.0200080871582031 -0.0587730407714844 -0.1961669921875 -0.0169219970703125
0.062591552734375 -0.0669212341308594 0.0253219604492188 -0.0689201354980469
0.181930541992187 -0.12554931640625 -0.188827514648437 0.094329833984375
0.0993194580078125 -0.174057006835938 0.0245437622070313 -0.104598999023438
-0.0199432373046875 -0.130950927734375 0.145736694335938 -0.105056762695313
-0.110816955566406 0.0391998291015625 0.130638122558594 0.124252319335938
-0.10870361328125 0.14190673828125 -0.057708740234375 0.322479248046875
-0.0761871337890625 0.16156005859375 -0.286407470703125 0.355987548828125
-0.1021728515625 0.111167907714844 -0.341796875 0.203033447265625
-0.138236999511719 0.0374908447265625 -0.101081848144531 0.0680999755859375
-0.134140014648438 0.058197021484375 0.240081787109375 0.01092529296875
-0.099822998046875 0.156539916992188 0.393524169921875 -0.134063720703125
-0.104049682617187 0.18780517578125 0.180511474609375 -0.339508056640625
-0.0859756469726563 0.119575500488281 -0.141357421875 -0.28271484375
-0.0448875427246094 -0.0141029357910156 -0.241195678710937 -0.11041259765625
0.0545578002929687 -0.107521057128906 -0.155838012695313 0.010650634765625
0.107528686523438 -0.110420227050781 0.055145263671875 -0.0788040161132813
0.206893920898437 -0.144683837890625 -0.1573486328125 0.0775299072265625
0.10528564453125 -0.178390502929687 0.0652694702148438 -0.0710678100585938
-0.0204620361328125 -0.101974487304688 0.19317626953125 -0.0302734375
-0.122230529785156 0.0766754150390625 0.129852294921875 0.182937622070313
-0.135055541992188 0.163742065429688 -0.1341552734375 0.298095703125
-0.117691040039063 0.163101196289063 -0.36016845703125 0.264373779296875
-0.14697265625 0.0986175537109375 -0.329986572265625 0.13177490234375
-0.17388916015625 0.0406036376953125 -0.038665771484375 0.0492095947265625
-0.159942626953125 0.0912322998046875 0.271713256835938 -0.0511932373046875
-0.118255615234375 0.202560424804688 0.333221435546875 -0.239044189453125
-0.114089965820313 0.215164184570313 0.0751953125 -0.380218505859375
-0.0926055908203125 0.103904724121094 -0.1754150390625 -0.24298095703125
-0.0251312255859375 -0.0564308166503906 -0.20074462890625 -0.0387725830078125
0.0899658203125 -0.149459838867188 -0.101646423339844 0.0459365844726562
0.140251159667969 -0.136825561523438 0.0991897583007813 -0.0910415649414063
-0.121658325195312 0.109344482421875 -0.123428344726563 0.0831069946289063
-0.09979248046875 0.180755615234375 0.0453872680664062 -0.0842437744140625
0.00549316406250001 0.110450744628906 0.143478393554687 -0.0199127197265625
0.0693092346191406 -0.0494918823242187 0.143508911132813 0.206085205078125
0.0977935791015625 -0.180038452148438 -0.025787353515625 0.396697998046875
0.134979248046875 -0.237274169921875 -0.2337646484375 0.34808349609375
0.169601440429688 -0.12445068359375 -0.250732421875 0.1451416015625
0.201263427734375 -0.00439453125 -0.0183677673339844 0.0201778411865234
0.201675415039062 -0.0378570556640625 0.325439453125 -0.025543212890625
0.19085693359375 -0.12042236328125 0.455322265625 -0.149200439453125
0.152420043945312 -0.161605834960938 0.206878662109375 -0.294281005859375
0.0840301513671875 -0.105964660644531 -0.133575439453125 -0.200653076171875
0.0285797119140625 0.0701904296875 -0.244415283203125 -0.0511779785156249
-0.111038208007813 0.180313110351563 -0.123519897460938 0.0390777587890625
-0.145553588867188 0.135421752929688 0.158401489257813 -0.0768280029296875
-0.102005004882813 0.095977783203125 -0.156585693359375 0.09979248046875
-0.0994873046875 0.159683227539063 0.0102615356445312 -0.119308471679687
-0.0249404907226562 0.119247436523437 0.0889358520507813 -0.10577392578125
0.0364036560058594 0.0010833740234375 0.116508483886719 0.138359069824219
0.068572998046875 -0.1258544921875 0.01593017578125 0.3966064453125
0.110336303710937 -0.207733154296875 -0.179412841796875 0.422760009765625
0.147994995117188 -0.116958618164063 -0.267349243164062 0.223617553710938
0.17901611328125 0.001556396484375 -0.0830459594726562 0.0435028076171875
0.1915283203125 -0.0006103515625 0.276321411132812 0.0198974609375
0.189300537109375 -0.0621795654296875 0.48492431640625 -0.053131103515625
0.15350341796875 -0.119537353515625 0.306671142578125 -0.247528076171875
0.0787506103515625 -0.108940124511719 -0.075927734375 -0.237838745117188
0.0284042358398438 0.0295639038085937 -0.257736206054688 -0.11285400390625
-0.0898818969726563 0.133628845214844 -0.169448852539063 0.00971984863281255
-0.125801086425781 0.117012023925781 0.105072021484375 -0.0648727416992187
-0.0615615844726562 0.0622596740722656 -0.185516357421875 0.111434936523438
-0.077178955078125 0.104011535644531 -0.00602722167968749 -0.142791748046875
-0.047760009765625 0.0827865600585937 0.0564727783203125 -0.178878784179687
-0.00602912902832031 0.0295619964599609 0.0882034301757813 0.0719451904296875
0.0322036743164062 -0.0600814819335938 0.028411865234375 0.37652587890625
0.0822219848632813 -0.137924194335938 -0.151397705078125 0.469146728515625
0.113449096679688 -0.0773773193359375 -0.28509521484375 0.28778076171875
0.131332397460938 0.00919342041015625 -0.137222290039063 0.0654830932617188
0.146759033203125 0.0201873779296875 0.227828979492188 0.0436248779296875
0.15228271484375 -0.01007080078125 0.486663818359375 0.010772705078125
0.123039245605469 -0.0610122680664062 0.371124267578125 -0.2100830078125
0.0566940307617188 -0.0770187377929688 -0.02569580078125 -0.263641357421875
0.0147323608398438 0.00651836395263672 -0.256134033203125 -0.157089233398438
-0.0661773681640625 0.082427978515625 -0.20367431640625 -0.0120849609375
-0.0911102294921875 0.080841064453125 0.0559501647949219 -0.0590629577636719
0.000338554382324218 0.0138015747070313 -0.200302124023438 0.118881225585937
-0.0312080383300781 0.0243854522705078 -0.010650634765625 -0.152618408203125
-0.0505561828613281 0.0133399963378906 0.05096435546875 -0.214736938476563
-0.044891357421875 0.0270957946777344 0.0755081176757813 0.0324478149414063
-0.00774860382080078 -0.000489711761474611 0.0267333984375 0.355926513671875
0.0488204956054688 -0.0465545654296875 -0.145843505859375 0.48370361328125
0.0689849853515625 -0.016998291015625 -0.302581787109375 0.317596435546875
0.0649261474609375 0.0175323486328125 -0.168411254882813 0.0783843994140625
0.0746231079101563 0.0237808227539063 0.194656372070313 0.053009033203125
0.0869064331054688 0.02447509765625 0.4764404296875 0.032928466796875
0.0630760192871094 -9.1552734375E-05 0.39208984375 -0.2030029296875
0.0183124542236328 -0.0233421325683594 -0.00195312499999999 -0.283721923828125
-0.0065913200378418 0.00455093383789063 -0.25299072265625 -0.184982299804688
-0.0398216247558594 0.0337028503417969 -0.219802856445313 -0.0312347412109375
-0.04180908203125 0.0344696044921875 0.0255050659179687 -0.0587196350097656
0.0689010620117188 -0.040863037109375 -0.21112060546875 0.117324829101563
0.0246429443359375 -0.0597038269042969 -0.00962829589843749 -0.149444580078125
-0.0383415222167969 -0.0641746520996094 0.0673370361328125 -0.211868286132813
-0.0743331909179688 0.0137863159179688 0.0866622924804688 0.0309219360351563
-0.0455856323242188 0.0514183044433594 0.015228271484375 0.34075927734375
0.0116004943847656 0.0437088012695313 -0.170745849609375 0.469207763671875
0.0135688781738281 0.0456275939941406 -0.321624755859375 0.310455322265625
-0.0110130310058594 0.0248966217041016 -0.173492431640625 0.083526611328125
-0.00822067260742187 0.0217018127441406 0.189239501953125 0.0562744140625
0.0101356506347656 0.0539283752441406 0.461151123046875 0.015960693359375
-0.00777053833007812 0.0619697570800781 0.365386962890625 -0.22821044921875
-0.0264968872070312 0.0405693054199219 -0.022735595703125 -0.298675537109375
-0.0306739807128906 0.0114574432373047 -0.254364013671875 -0.18865966796875
-0.011749267578125 -0.0113973617553711 -0.218719482421875 -0.03265380859375
0.011265754699707 -0.0168218612670898 0.0138702392578125 -0.061279296875
0.133499145507813 -0.0893173217773438 -0.208572387695313 0.108932495117188
0.0724411010742188 -0.132301330566406 -2.28881835937556E-05 -0.133216857910156
-0.0262222290039063 -0.119194030761719 0.100021362304687 -0.170318603515625
-0.0956573486328125 0.014068603515625 0.111228942871094 0.0684051513671875
-0.0782394409179688 0.100326538085938 -0.00930786132812501 0.33453369140625
-0.0305404663085937 0.118637084960938 -0.221038818359375 0.428680419921875
-0.045318603515625 0.092132568359375 -0.33868408203125 0.270904541015625
-0.0821990966796875 0.032379150390625 -0.14971923828125 0.080108642578125
-0.0828628540039063 0.0313491821289063 0.208526611328125 0.0463714599609375
-0.0573501586914062 0.0985336303710938 0.441253662109375 -0.04193115234375
-0.06890869140625 0.128684997558594 0.292236328125 -0.281524658203125
-0.0648117065429687 0.0950469970703125 -0.07977294921875 -0.302490234375
-0.0458259582519531 0.00928115844726564 -0.25653076171875 -0.163909912109375
0.0200538635253906 -0.0593109130859375 -0.197494506835938 -0.016998291015625
0.0636405944824219 -0.0675277709960938 0.0244483947753906 -0.0685653686523438
0.1837158203125 -0.127777099609375 -0.1893310546875 0.0944976806640625
0.10076904296875 -0.175125122070313 0.0249786376953125 -0.105247497558594
-0.020538330078125 -0.131950378417969 0.146041870117188 -0.1046142578125
-0.112098693847656 0.0403671264648437 0.132919311523438 0.126350402832031
-0.109771728515625 0.14453125 -0.05889892578125 0.32598876953125
-0.0751953125 0.1622314453125 -0.290802001953125 0.359405517578125
-0.102462768554687 0.110954284667969 -0.34454345703125 0.2042236328125
-0.139678955078125 0.038055419921875 -0.102470397949219 0.068389892578125
-0.135993957519531 0.05914306640625 0.2418212890625 0.010528564453125
-0.101303100585938 0.156845092773437 0.39959716796875 -0.1356201171875
-0.104888916015625 0.189682006835938 0.183685302734375 -0.3428955078125
-0.0867233276367187 0.12158203125 -0.14288330078125 -0.2850341796875
-0.0447540283203125 -0.01373291015625 -0.243682861328125 -0.112289428710937
0.054412841796875 -0.107940673828125 -0.157669067382813 0.0108642578125
0.1087646484375 -0.111099243164062 0.0547103881835938 -0.079071044921875
0.208648681640625 -0.146636962890625 -0.157135009765625 0.0782470703125
0.106658935546875 -0.179168701171875 0.0663604736328125 -0.0724334716796875
-0.019805908203125 -0.102294921875 0.195159912109375 -0.0294036865234375
-0.122840881347656 0.0781631469726563 0.131195068359375 0.185302734375
-0.135665893554688 0.164825439453125 -0.136688232421875 0.301666259765625
-0.118331909179687 0.163330078125 -0.36480712890625 0.266204833984375
-0.1480712890625 0.0986328125 -0.333038330078125 0.132598876953125
-0.1744384765625 0.041168212890625 -0.0391044616699219 0.048431396484375
-0.162368774414063 0.092681884765625 0.274627685546875 -0.0511016845703125
-0.118942260742188 0.204208374023437 0.33807373046875 -0.240142822265625
-0.114395141601563 0.217971801757813 0.0758056640625 -0.383514404296875
-0.0929489135742187 0.105987548828125 -0.178359985351562 -0.246719360351563
-0.0252418518066406 -0.0568466186523437 -0.201950073242188 -0.039794921875
0.0904388427734375 -0.150787353515625 -0.102828979492187 0.046356201171875
0.1407470703125 -0.138137817382813 0.0991363525390625 -0.09136962890625
-0.122467041015625 0.112129211425781 -0.123733520507813 0.08380126953125
-0.10101318359375 0.1820068359375 0.0453414916992187 -0.0845260620117187
0.006195068359375 0.111793518066406 0.14593505859375 -0.01971435546875
0.0694160461425781 -0.0513877868652344 0.145675659179688 0.208908081054688
0.099700927734375 -0.182098388671875 -0.025604248046875 0.40069580078125
0.135177612304688 -0.23876953125 -0.235992431640625 0.352325439453125
0.171646118164063 -0.125015258789063 -0.252838134765625 0.1468505859375
0.203872680664063 -0.0045318603515625 -0.0174541473388672 0.0205268859863281
0.20428466796875 -0.0374908447265625 0.32818603515625 -0.02569580078125
0.192169189453125 -0.121856689453125 0.461761474609375 -0.1512451171875
0.154739379882813 -0.164718627929688 0.209381103515625 -0.29833984375
0.084747314453125 -0.107818603515625 -0.134124755859375 -0.203872680664062
0.0293045043945312 0.069488525390625 -0.246688842773438 -0.051666259765625
-0.111526489257812 0.180496215820313 -0.12677001953125 0.0401229858398438
-0.146469116210938 0.136138916015625 0.159255981445312 -0.07733154296875
-0.103065490722656 0.096710205078125 -0.157257080078125 0.100326538085937
-0.09991455078125 0.16058349609375 0.0117111206054687 -0.120880126953125
-0.0253829956054687 0.120071411132813 0.0902023315429688 -0.106758117675781
0.036407470703125 -0.0003509521484375 0.118408203125 0.14007568359375
0.0687942504882813 -0.127967834472656 0.016143798828125 0.402008056640625
0.111114501953125 -0.209823608398437 -0.18389892578125 0.427825927734375
0.149261474609375 -0.1180419921875 -0.270797729492188 0.22540283203125
0.181289672851563 0.0022735595703125 -0.084564208984375 0.0435562133789063
0.194366455078125 0.000732421875 0.27862548828125 0.0191650390625
0.190719604492188 -0.0620269775390625 0.490234375 -0.054290771484375
0.155670166015625 -0.121170043945313 0.310211181640625 -0.25164794921875
0.079620361328125 -0.109909057617188 -0.07672119140625 -0.2413330078125
0.0280628204345703 0.0277233123779297 -0.26019287109375 -0.114456176757813
-0.0908355712890625 0.134788513183594 -0.172073364257813 0.00898742675781252
-0.12689208984375 0.117942810058594 0.105072021484375 -0.0658187866210937
-0.0623092651367187 0.0621261596679688 -0.186737060546875 0.111984252929688
-0.0774917602539062 0.104331970214844 -0.00592041015625001 -0.144424438476563
-0.0487823486328125 0.0840301513671875 0.05682373046875 -0.179550170898438
-0.00657844543457031 0.0291595458984375 0.0891876220703125 0.073150634765625
0.0325088500976563 -0.0608863830566406 0.02947998046875 0.38140869140625
0.0820770263671875 -0.139564514160156 -0.152130126953125 0.473052978515625
0.114280700683594 -0.078125 -0.28924560546875 0.28948974609375
0.133338928222656 0.0095977783203125 -0.139053344726563 0.0657272338867188
0.148178100585938 0.020721435546875 0.230636596679688 0.04345703125
0.153732299804687 -0.010955810546875 0.492462158203125 0.009490966796875
0.124458312988281 -0.0619125366210937 0.376251220703125 -0.212890625
0.0572586059570313 -0.0776519775390625 -0.024505615234375 -0.267288208007813
0.0145730972290039 0.00576686859130859 -0.258071899414063 -0.159454345703125
-0.0665512084960938 0.0827255249023437 -0.206863403320313 -0.01226806640625
-0.0919570922851563 0.0811080932617187 0.0552558898925781 -0.0588722229003906
0.000232696533203125 0.0133476257324219 -0.201950073242188 0.120025634765625
-0.0307426452636719 0.0240802764892578 -0.0103912353515625 -0.155197143554688
-0.0504837036132813 0.0129585266113281 0.0511322021484375 -0.21685791015625
-0.0445709228515625 0.0273628234863281 0.0768585205078125 0.0339431762695313
-0.00787687301635742 -0.00134468078613281 0.027923583984375 0.35980224609375
0.0487289428710938 -0.0484085083007813 -0.14715576171875 0.4888916015625
0.0692596435546875 -0.0176200866699219 -0.3038330078125 0.320709228515625
0.0661163330078125 0.0190086364746094 -0.170501708984375 0.07763671875
0.075531005859375 0.0241775512695313 0.195999145507813 0.0527191162109375
0.0871200561523437 0.0236282348632813 0.480926513671875 0.031646728515625
0.0644149780273438 0.000141143798828125 0.3980712890625 -0.205841064453125
0.0185260772705078 -0.0225791931152344 -0.00213623046874999 -0.287261962890625
-0.006683349609375 0.00398826599121094 -0.254623413085938 -0.187637329101563
-0.0401191711425781 0.0340614318847656 -0.223281860351562 -0.031524658203125
-0.0418739318847656 0.0345649719238281 0.0245094299316406 -0.0593070983886719
0.06890869140625 -0.0410232543945313 -0.2113037109375 0.118621826171875
0.0249786376953125 -0.0605621337890625 -0.00946044921875001 -0.151336669921875
-0.0395431518554688 -0.065155029296875 0.0679931640625 -0.213668823242188
-0.0746688842773438 0.01470947265625 0.08795166015625 0.0325164794921875
-0.0456199645996094 0.0518112182617188 0.01641845703125 0.344970703125
0.0116119384765625 0.0437583923339844 -0.1746826171875 0.47576904296875
0.0139656066894531 0.0461387634277344 -0.325531005859375 0.31451416015625
-0.0102901458740234 0.02587890625 -0.174835205078125 0.0835113525390625
-0.00830078125 0.0218181610107422 0.19049072265625 0.0550537109375
0.0107765197753906 0.0533409118652344 0.467315673828125 0.017059326171875
-0.00738143920898437 0.0628242492675781 0.37042236328125 -0.230621337890625
-0.0265426635742188 0.0410232543945312 -0.022491455078125 -0.30108642578125
-0.0311336517333984 0.0108585357666016 -0.256790161132813 -0.191009521484375
-0.0115842819213867 -0.0117149353027344 -0.221282958984375 -0.033660888671875
0.0109939575195313 -0.0167512893676758 0.0139694213867187 -0.0622673034667969
0.134712219238281 -0.09130859375 -0.208984375 0.109420776367188
0.0730133056640625 -0.133377075195313 0.000396728515625017 -0.134376525878906
-0.026947021484375 -0.120223999023438 0.10113525390625 -0.171844482421875
-0.0963973999023438 0.0146484375 0.112602233886719 0.070068359375
-0.078948974609375 0.101364135742188 -0.00833129882812497 0.33984375
-0.0306472778320313 0.119140625 -0.224700927734375 0.433135986328125
-0.0460968017578125 0.0921478271484375 -0.341949462890625 0.273040771484375
-0.0831527709960938 0.032745361328125 -0.15081787109375 0.08026123046875
-0.0840911865234375 0.0317840576171875 0.21112060546875 0.045257568359375
-0.0575332641601563 0.0989303588867188 0.4449462890625 -0.042724609375
-0.0688095092773438 0.130683898925781 0.294525146484375 -0.2852783203125
-0.0651092529296875 0.0956344604492188 -0.0799560546875 -0.30584716796875
-0.046600341796875 0.00868606567382812 -0.259185791015625 -0.166412353515625
0.0203590393066406 -0.0593948364257812 -0.200592041015625 -0.0176544189453125
0.0638008117675781 -0.0678443908691406 0.0237503051757813 -0.0685310363769531
0.185333251953125 -0.130157470703125 -0.190444946289063 0.0953216552734375
0.1015625 -0.176071166992188 0.0256118774414063 -0.10693359375
-0.0209808349609375 -0.13262939453125 0.146728515625 -0.10498046875
-0.113021850585938 0.0412139892578125 0.134071350097656 0.128639221191406
-0.109909057617187 0.145065307617188 -0.058807373046875 0.33099365234375
-0.0765533447265625 0.1627197265625 -0.294097900390625 0.362579345703125
-0.104034423828125 0.111167907714844 -0.348907470703125 0.207763671875
-0.140625 0.0380859375 -0.104011535644531 0.06903076171875
-0.137718200683594 0.0594253540039062 0.244140625 0.0105133056640625
-0.101791381835937 0.158660888671875 0.404266357421875 -0.136138916015625
-0.10504150390625 0.191818237304688 0.18658447265625 -0.347320556640625
-0.0869064331054687 0.122955322265625 -0.14471435546875 -0.288177490234375
-0.0457229614257813 -0.0137405395507813 -0.24609375 -0.113723754882812
0.0559234619140625 -0.109031677246094 -0.159500122070313 0.0107574462890625
0.10858154296875 -0.112152099609375 0.0539932250976563 -0.0788803100585938
0.209747314453125 -0.148941040039063 -0.1573486328125 0.0791168212890625
0.107696533203125 -0.180389404296875 0.06695556640625 -0.0724334716796875
-0.020477294921875 -0.102058410644531 0.19622802734375 -0.0297088623046875
-0.123458862304688 0.0801239013671875 0.132904052734375 0.188751220703125
-0.136932373046875 0.167098999023438 -0.138641357421875 0.306793212890625
-0.118820190429688 0.163955688476562 -0.369049072265625 0.270538330078125
-0.15069580078125 0.0983428955078125 -0.336669921875 0.134765625
-0.175628662109375 0.0405731201171875 -0.0397720336914063 0.0498237609863281
-0.164260864257813 0.092803955078125 0.277542114257812 -0.052764892578125
-0.119796752929688 0.2059326171875 0.3419189453125 -0.243194580078125
-0.114974975585938 0.220489501953125 0.07696533203125 -0.388519287109375
-0.0930633544921875 0.107856750488281 -0.180877685546875 -0.2491455078125
-0.0252265930175781 -0.0573959350585938 -0.204452514648437 -0.040618896484375
0.0914459228515625 -0.151504516601563 -0.105270385742187 0.047027587890625
0.142242431640625 -0.139419555664063 0.0984954833984375 -0.0915603637695313
-0.122604370117188 0.112815856933594 -0.124069213867188 0.0844879150390625
-0.1004638671875 0.184829711914063 0.0469818115234375 -0.0858306884765625
0.00701141357421876 0.112213134765625 0.148468017578125 -0.019744873046875
0.0702972412109375 -0.0523757934570312 0.149063110351563 0.2113037109375
0.0985107421875 -0.185928344726562 -0.024688720703125 0.40655517578125
0.135711669921875 -0.241836547851563 -0.239471435546875 0.35809326171875
0.172760009765625 -0.127960205078125 -0.257293701171875 0.148544311523437
0.206253051757812 -0.005523681640625 -0.0191326141357422 0.0203914642333984
0.207183837890625 -0.0380401611328125 0.331573486328125 -0.02764892578125
0.195037841796875 -0.12347412109375 0.467987060546875 -0.1556396484375
0.155364990234375 -0.166885375976562 0.21173095703125 -0.30352783203125
0.0848007202148438 -0.109512329101563 -0.136260986328125 -0.207412719726563
0.0296974182128906 0.0692863464355469 -0.24981689453125 -0.0526275634765624
-0.111373901367188 0.183151245117188 -0.128623962402344 0.0408935546875
-0.14776611328125 0.138671875 0.159225463867188 -0.07861328125
-0.104080200195312 0.0977401733398438 -0.157440185546875 0.101837158203125
-0.100189208984375 0.161880493164062 0.0117950439453125 -0.122367858886719
-0.0251235961914063 0.121238708496094 0.0911941528320313 -0.107200622558594
0.0366592407226563 -0.000732421875 0.120574951171875 0.141860961914063
0.069732666015625 -0.130577087402344 0.0169677734375 0.40673828125
0.111114501953125 -0.212600708007813 -0.184326171875 0.43414306640625
0.150680541992188 -0.119842529296875 -0.274429321289063 0.2288818359375
0.184188842773437 0.0023040771484375 -0.0856552124023437 0.0437240600585938
0.196182250976562 0.00048828125 0.281890869140625 0.0184326171875
0.192840576171875 -0.0633392333984375 0.49725341796875 -0.057037353515625
0.157150268554688 -0.123855590820313 0.3140869140625 -0.256072998046875
0.0796661376953125 -0.111595153808594 -0.0774688720703125 -0.2445068359375
0.0275440216064453 0.0281715393066406 -0.263381958007813 -0.116073608398438
-0.0911636352539062 0.135856628417969 -0.174652099609375 0.00973510742187499
-0.12860107421875 0.11968994140625 0.104530334472656 -0.06591796875
-0.0620803833007813 0.0625381469726563 -0.187606811523438 0.113510131835938
-0.0776214599609375 0.105453491210937 -0.0054779052734375 -0.145950317382812
-0.0489654541015625 0.0860595703125 0.0575714111328125 -0.18206787109375
-0.00683784484863281 0.0289459228515625 0.0911636352539063 0.0745468139648438
0.0325355529785156 -0.0625267028808594 0.031402587890625 0.38580322265625
0.0816802978515625 -0.142562866210938 -0.154022216796875 0.479888916015625
0.115653991699219 -0.08001708984375 -0.2928466796875 0.293914794921875
0.135429382324219 0.00995635986328125 -0.140655517578125 0.066192626953125
0.149932861328125 0.021392822265625 0.23223876953125 0.04248046875
0.155502319335938 -0.01116943359375 0.498748779296875 0.008544921875
0.1263427734375 -0.0632095336914063 0.38092041015625 -0.217193603515625
0.0572509765625 -0.0788421630859375 -0.0240631103515625 -0.270736694335937
0.0149765014648438 0.00575733184814453 -0.260833740234375 -0.160858154296875
-0.0668792724609375 0.0836257934570313 -0.20953369140625 -0.0124969482421875
-0.0922775268554688 0.0819091796875 0.0550727844238281 -0.0596275329589844
0.000275611877441407 0.0131893157958984 -0.202865600585938 0.12127685546875
-0.0307884216308594 0.0244026184082031 -0.01025390625 -0.156539916992188
-0.0510826110839844 0.0138282775878906 0.05145263671875 -0.218673706054687
-0.0454864501953125 0.0278587341308594 0.0788955688476563 0.0350799560546875
-0.00728321075439453 -0.00110054016113281 0.030303955078125 0.36590576171875
0.0482826232910156 -0.0499229431152344 -0.149505615234375 0.49481201171875
0.0706329345703125 -0.0184326171875 -0.308624267578125 0.324676513671875
0.0672607421875 0.0185966491699219 -0.1724853515625 0.0790557861328125
0.0758438110351562 0.0245361328125 0.19842529296875 0.0516357421875
0.0888595581054688 0.0236282348632813 0.4866943359375 0.030487060546875
0.0652236938476563 -0.000766754150390625 0.403472900390625 -0.208465576171875
0.0182094573974609 -0.0232505798339844 -0.00259399414062501 -0.290740966796875
-0.00670242309570313 0.0043187141418457 -0.25750732421875 -0.189987182617188
-0.0396842956542969 0.0336761474609375 -0.22674560546875 -0.0316162109375
-0.0424613952636719 0.0348930358886719 0.02362060546875 -0.0590782165527344
0.0698966979980469 -0.0425224304199219 -0.21282958984375 0.120071411132812
0.0249900817871094 -0.0609512329101563 -0.009765625 -0.153152465820313
-0.0403099060058594 -0.0647926330566406 0.0675048828125 -0.215652465820312
-0.0755691528320312 0.0150222778320312 0.0887680053710937 0.034271240234375
-0.0450706481933594 0.0524787902832031 0.017608642578125 0.35089111328125
0.0114669799804688 0.0429763793945313 -0.175750732421875 0.481231689453125
0.0147438049316406 0.0453681945800781 -0.32940673828125 0.31903076171875
-0.0106086730957031 0.0266227722167969 -0.177581787109375 0.0839691162109375
-0.00885391235351562 0.02203369140625 0.193008422851562 0.0550079345703125
0.0117721557617188 0.0537261962890625 0.4722900390625 0.01422119140625
-0.00663757324218751 0.06268310546875 0.375244140625 -0.2353515625
-0.0270118713378906 0.0415763854980469 -0.022796630859375 -0.3060302734375
-0.0310859680175781 0.0106353759765625 -0.259246826171875 -0.1937255859375
-0.0116472244262695 -0.0116052627563477 -0.224212646484375 -0.033782958984375
0.0109052658081055 -0.01708984375 0.0128326416015625 -0.0617446899414063
0.136123657226563 -0.0936279296875 -0.210342407226562 0.11065673828125
0.0742263793945313 -0.134391784667969 0.000297546386718756 -0.136276245117187
-0.0270843505859375 -0.120109558105469 0.101287841796875 -0.173431396484375
-0.0972061157226563 0.0164642333984375 0.114616394042969 0.0723037719726563
-0.0786361694335937 0.103271484375 -0.00772094726562501 0.344818115234375
-0.030242919921875 0.119255065917969 -0.226409912109375 0.438079833984375
-0.0457916259765625 0.0932388305664062 -0.346588134765625 0.27764892578125
-0.0831832885742188 0.0330810546875 -0.153091430664063 0.0808563232421875
-0.0856094360351563 0.0325469970703125 0.212738037109375 0.04510498046875
-0.0573272705078125 0.0995941162109375 0.451812744140625 -0.045867919921875
-0.0690689086914063 0.132041931152344 0.299102783203125 -0.290069580078125
-0.0653457641601563 0.0977706909179687 -0.081024169921875 -0.309051513671875
-0.0468063354492187 0.00941085815429687 -0.262435913085938 -0.168548583984375
0.020172119140625 -0.0598297119140625 -0.2034912109375 -0.01800537109375
0.06353759765625 -0.0683670043945313 0.0223312377929688 -0.06890869140625
0.186386108398437 -0.132736206054688 -0.191360473632813 0.0965576171875
0.10162353515625 -0.178421020507813 0.0257644653320313 -0.109161376953125
-0.0217132568359375 -0.132637023925781 0.147933959960938 -0.105819702148438
-0.113502502441406 0.0431900024414062 0.136154174804688 0.131675720214844
-0.10992431640625 0.147201538085937 -0.059478759765625 0.336029052734375
-0.07611083984375 0.163711547851563 -0.29754638671875 0.367767333984375
-0.104789733886719 0.1121826171875 -0.353302001953125 0.21075439453125
-0.142608642578125 0.0385894775390625 -0.104782104492188 0.0694732666015625
-0.140190124511719 0.0607070922851563 0.247543334960938 0.0092010498046875
-0.1024169921875 0.159805297851563 0.40924072265625 -0.13836669921875
-0.105148315429688 0.194122314453125 0.1873779296875 -0.351470947265625
-0.0885543823242188 0.125541687011719 -0.146484375 -0.291412353515625
-0.0459976196289063 -0.01361083984375 -0.24896240234375 -0.115219116210938
0.0558853149414062 -0.110748291015625 -0.162460327148438 0.011383056640625
0.109336853027344 -0.112953186035156 0.0525360107421875 -0.0790481567382813
0.212142944335938 -0.15216064453125 -0.157638549804688 0.0798492431640625
0.109146118164063 -0.182388305664062 0.068756103515625 -0.074005126953125
-0.0210723876953125 -0.10235595703125 0.197540283203125 -0.0299224853515625
-0.125228881835938 0.08197021484375 0.13433837890625 0.191390991210938
-0.137588500976562 0.169158935546875 -0.13922119140625 0.310760498046875
-0.119522094726563 0.165374755859375 -0.3736572265625 0.27349853515625
-0.15167236328125 0.0986785888671875 -0.340576171875 0.137176513671875
-0.177337646484375 0.0421142578125 -0.0398216247558594 0.0503082275390625
-0.165802001953125 0.094207763671875 0.279754638671875 -0.0539703369140625
-0.120361328125 0.208526611328125 0.346343994140625 -0.24798583984375
-0.11468505859375 0.2235107421875 0.076141357421875 -0.39349365234375
-0.0936126708984375 0.109947204589844 -0.183395385742188 -0.250839233398438
-0.0243682861328125 -0.0568351745605469 -0.206893920898437 -0.0418853759765625
0.0914154052734375 -0.153228759765625 -0.107109069824219 0.0483474731445312
0.1436767578125 -0.140182495117188 0.0983428955078125 -0.0920028686523438
-0.123832702636719 0.115219116210938 -0.124382019042969 0.0853118896484375
-0.1005859375 0.185516357421875 0.0468597412109375 -0.0871734619140625
0.00739288330078126 0.113235473632813 0.151565551757813 -0.01971435546875
0.0700798034667969 -0.0546035766601563 0.1510009765625 0.213668823242188
0.0990447998046875 -0.188735961914062 -0.0230712890625 0.4117431640625
0.134994506835938 -0.2457275390625 -0.24078369140625 0.3629150390625
0.17401123046875 -0.128280639648438 -0.25994873046875 0.151138305664063
0.209121704101563 -0.00506591796875 -0.0195598602294922 0.0195121765136719
0.209640502929688 -0.0379638671875 0.33575439453125 -0.028900146484375
0.196365356445313 -0.126205444335938 0.474334716796875 -0.159698486328125
0.156692504882813 -0.169082641601563 0.2139892578125 -0.308013916015625
0.0846176147460938 -0.111846923828125 -0.138565063476563 -0.210128784179687
0.0293350219726563 0.0696144104003906 -0.252700805664063 -0.0534210205078125
-0.111099243164062 0.185165405273438 -0.130584716796875 0.0422744750976563
-0.149078369140625 0.14080810546875 0.16033935546875 -0.079620361328125
-0.104621887207031 0.0997543334960938 -0.158584594726563 0.102554321289062
-0.10015869140625 0.164215087890625 0.0117416381835938 -0.124107360839844
-0.0252838134765625 0.12237548828125 0.0926513671875 -0.109199523925781
0.037109375 -0.00095367431640625 0.122787475585938 0.1439208984375
0.0699615478515625 -0.132926940917969 0.020172119140625 0.412017822265625
0.110626220703125 -0.21588134765625 -0.185577392578125 0.441192626953125
0.152069091796875 -0.121078491210937 -0.277145385742187 0.233078002929688
0.185958862304688 0.001953125 -0.0874404907226562 0.043853759765625
0.198623657226563 0.000518798828125 0.285247802734375 0.016876220703125
0.195281982421875 -0.0649261474609375 0.50341796875 -0.06109619140625
0.159423828125 -0.126113891601563 0.318359375 -0.26007080078125
0.079742431640625 -0.113052368164063 -0.078155517578125 -0.248382568359375
0.0280494689941406 0.0273666381835938 -0.266677856445313 -0.1168212890625
-0.0913009643554688 0.13690185546875 -0.177032470703125 0.0106201171875
-0.129379272460938 0.121017456054687 0.1046142578125 -0.0668258666992187
-0.0627593994140625 0.0638008117675781 -0.188522338867187 0.1153564453125
-0.0774002075195313 0.10723876953125 -0.0059814453125 -0.148406982421875
-0.0489120483398438 0.0860137939453125 0.058197021484375 -0.183258056640625
-0.00591850280761719 0.0295124053955078 0.0928573608398438 0.0755386352539063
0.0333099365234375 -0.0647964477539063 0.03424072265625 0.39202880859375
0.0818023681640625 -0.144607543945313 -0.15399169921875 0.4864501953125
0.116287231445313 -0.0814208984375 -0.295318603515625 0.29827880859375
0.137054443359375 0.0100555419921875 -0.142898559570313 0.066802978515625
0.152191162109375 0.0215301513671875 0.234451293945313 0.04150390625
0.15728759765625 -0.011932373046875 0.50701904296875 0.004608154296875
0.127799987792969 -0.0649337768554688 0.38653564453125 -0.22216796875
0.0574493408203125 -0.0802383422851563 -0.02484130859375 -0.27484130859375
0.0147733688354492 0.00527763366699219 -0.26409912109375 -0.163177490234375
-0.0663909912109375 0.0849075317382813 -0.212448120117188 -0.01153564453125
-0.0934829711914063 0.0833740234375 0.0545310974121094 -0.0601348876953125
-0.000134468078613282 0.0121469497680664 -0.203750610351562 0.1220703125
-0.0309829711914063 0.0247535705566406 -0.0107574462890625 -0.159027099609375
-0.0512504577636719 0.0143699645996094 0.0510101318359375 -0.220687866210937
-0.0450477600097656 0.0282478332519531 0.0803756713867188 0.0360107421875
-0.00768184661865235 -0.0020604133605957 0.032745361328125 0.370208740234375
0.0482864379882813 -0.0507698059082031 -0.149444580078125 0.501708984375
0.0709457397460938 -0.0189285278320313 -0.312255859375 0.330108642578125
0.067901611328125 0.0185508728027344 -0.175186157226563 0.07958984375
0.07666015625 0.0251693725585938 0.200149536132813 0.0516357421875
0.0901260375976563 0.0224685668945313 0.495025634765625 0.0286865234375
0.0658302307128906 -0.0016021728515625 0.407196044921875 -0.21307373046875
0.019012451171875 -0.0237045288085938 -0.00213623046874999 -0.295501708984375
-0.00710105895996094 0.00435590744018555 -0.261215209960938 -0.191497802734375
-0.0400772094726563 0.0346755981445312 -0.229827880859375 -0.0318145751953125
-0.0426979064941406 0.0352859497070313 0.0227546691894531 -0.0595436096191406
0.070343017578125 -0.0434646606445313 -0.214706420898437 0.121078491210938
0.0258560180664062 -0.0619277954101563 -0.01031494140625 -0.154815673828125
-0.04107666015625 -0.0649566650390625 0.066070556640625 -0.217330932617188
-0.0753707885742188 0.0162277221679688 0.090240478515625 0.03564453125
-0.0455818176269531 0.0531158447265625 0.0201416015625 0.355316162109375
0.0116920471191406 0.0431709289550781 -0.176971435546875 0.486602783203125
0.0147895812988281 0.04510498046875 -0.3321533203125 0.323150634765625
-0.0102634429931641 0.026885986328125 -0.178909301757813 0.085205078125
-0.00922203063964844 0.0226287841796875 0.193893432617188 0.0546112060546875
0.0116500854492188 0.0541419982910156 0.479248046875 0.0123291015625
-0.00669479370117187 0.06396484375 0.380218505859375 -0.23895263671875
-0.0266876220703125 0.0432014465332031 -0.023895263671875 -0.310089111328125
-0.0316238403320313 0.0114288330078125 -0.26324462890625 -0.196182250976563
-0.0121698379516602 -0.0114173889160156 -0.227691650390625 -0.032958984375
0.0107498168945313 -0.0174121856689453 0.0108909606933594 -0.0622291564941406
0.136680603027344 -0.0959854125976563 -0.211624145507813 0.112411499023438
0.0742950439453125 -0.136459350585938 -0.000122070312499996 -0.138282775878906
-0.02825927734375 -0.1214599609375 0.100982666015625 -0.174911499023438
-0.0976104736328125 0.01708984375 0.1173095703125 0.0734786987304688
-0.0795669555664063 0.104530334472656 -0.00686645507812504 0.35009765625
-0.0302963256835938 0.12005615234375 -0.22760009765625 0.444610595703125
-0.0460205078125 0.0936355590820312 -0.34991455078125 0.281951904296875
-0.0846481323242188 0.0338592529296875 -0.15478515625 0.0820159912109375
-0.086456298828125 0.0326156616210938 0.215957641601563 0.043609619140625
-0.0575714111328125 0.100662231445312 0.458587646484375 -0.048126220703125
-0.068756103515625 0.133544921875 0.301025390625 -0.29541015625
-0.0657958984375 0.0993576049804688 -0.083221435546875 -0.313568115234375
-0.0472412109375 0.00961685180664064 -0.266220092773438 -0.170364379882812
0.0203018188476562 -0.0604934692382813 -0.20672607421875 -0.0175323486328125
0.0646133422851563 -0.0692253112792969 0.0215873718261719 -0.0692596435546875
0.188369750976563 -0.135635375976563 -0.192092895507813 0.0982666015625
0.102523803710938 -0.180160522460938 0.0262069702148437 -0.109954833984375
-0.0227584838867188 -0.133888244628906 0.14874267578125 -0.107040405273438
-0.114265441894531 0.045196533203125 0.139694213867188 0.133583068847656
-0.110107421875 0.149932861328125 -0.0584716796875 0.340728759765625
-0.076019287109375 0.164337158203125 -0.300506591796875 0.373870849609375
-0.105545043945312 0.112510681152344 -0.357086181640625 0.214996337890625
-0.144073486328125 0.03973388671875 -0.105499267578125 0.0707626342773438
-0.141891479492188 0.0618743896484375 0.249465942382813 0.00798034667968751
-0.102981567382812 0.161666870117188 0.414886474609375 -0.143310546875
-0.105148315429688 0.196395874023437 0.18914794921875 -0.357391357421875
-0.087371826171875 0.127273559570313 -0.1497802734375 -0.295654296875
-0.0460128784179688 -0.0131950378417969 -0.252517700195313 -0.116226196289063
0.0557785034179688 -0.111137390136719 -0.165130615234375 0.0120849609375
0.110710144042969 -0.114784240722656 0.0523300170898438 -0.0795059204101563
0.21380615234375 -0.155136108398438 -0.158950805664063 0.080596923828125
0.109390258789062 -0.184066772460937 0.0685501098632813 -0.0751876831054688
-0.0219955444335938 -0.103256225585937 0.1993408203125 -0.0306396484375
-0.124893188476562 0.0841064453125 0.137893676757813 0.194122314453125
-0.138015747070313 0.17218017578125 -0.14044189453125 0.317413330078125
-0.121322631835938 0.166458129882813 -0.376617431640625 0.280609130859375
-0.153366088867188 0.09893798828125 -0.344390869140625 0.140625
-0.17999267578125 0.042266845703125 -0.0405235290527344 0.0508651733398438
-0.168106079101562 0.096099853515625 0.283172607421875 -0.05572509765625
-0.11944580078125 0.21173095703125 0.3505859375 -0.251953125
-0.114944458007812 0.226882934570313 0.075225830078125 -0.39935302734375
-0.0941696166992187 0.112709045410156 -0.187591552734375 -0.254180908203125
-0.0257568359375 -0.0572891235351563 -0.2091064453125 -0.0421600341796875
0.0924224853515625 -0.155258178710938 -0.108726501464844 0.049072265625
0.143707275390625 -0.141799926757813 0.097930908203125 -0.093109130859375
-0.1243896484375 0.117424011230469 -0.124168395996094 0.08697509765625
-0.100051879882813 0.188629150390625 0.0474090576171875 -0.0893020629882812
0.00798797607421874 0.113883972167969 0.153900146484375 -0.0212554931640625
0.0705032348632813 -0.0563888549804688 0.155120849609375 0.21673583984375
0.0993499755859375 -0.1923828125 -0.020660400390625 0.417999267578125
0.135223388671875 -0.248886108398438 -0.242919921875 0.37060546875
0.174957275390625 -0.131195068359375 -0.262588500976563 0.1549072265625
0.211959838867188 -0.0059814453125 -0.0200023651123047 0.0194854736328125
0.211822509765625 -0.039459228515625 0.339752197265625 -0.03118896484375
0.198150634765625 -0.129425048828125 0.480499267578125 -0.164886474609375
0.157760620117188 -0.173599243164063 0.215667724609375 -0.314697265625
0.0849685668945313 -0.1138916015625 -0.14056396484375 -0.212081909179688
0.0299873352050781 0.0687179565429688 -0.256393432617188 -0.05328369140625
-0.111373901367188 0.1881103515625 -0.132453918457031 0.0438690185546875
-0.150421142578125 0.14288330078125 0.161102294921875 -0.080841064453125
-0.105117797851563 0.100425720214844 -0.158935546875 0.104461669921875
-0.100418090820313 0.16595458984375 0.011138916015625 -0.126220703125
-0.024505615234375 0.123817443847656 0.0934295654296875 -0.110328674316406
0.0370750427246094 -0.00189971923828125 0.12664794921875 0.145355224609375
0.0700836181640625 -0.135238647460938 0.024139404296875 0.41778564453125
0.109634399414062 -0.219482421875 -0.185302734375 0.447784423828125
0.15277099609375 -0.123641967773438 -0.280258178710938 0.236541748046875
0.188720703125 0.000762939453125 -0.0885162353515625 0.0445098876953125
0.201995849609375 -0.0008697509765625 0.2882080078125 0.014892578125
0.198410034179688 -0.066558837890625 0.510498046875 -0.064178466796875
0.160293579101563 -0.129013061523438 0.3212890625 -0.266937255859375
0.0800552368164063 -0.116058349609375 -0.0798187255859375 -0.252090454101563
0.0282993316650391 0.0264186859130859 -0.270721435546875 -0.117767333984375
-0.0909652709960938 0.139503479003906 -0.179977416992188 0.0125274658203125
-0.13006591796875 0.123481750488281 0.104225158691406 -0.0683746337890625
-0.0628814697265625 0.0642929077148437 -0.189727783203125 0.116500854492188
-0.0774765014648437 0.109481811523438 -0.00633239746093752 -0.15020751953125
-0.0486831665039063 0.0869598388671875 0.0581207275390625 -0.185287475585938
-0.00603866577148438 0.0294418334960938 0.0951919555664063 0.0771942138671875
0.0327568054199219 -0.0657768249511719 0.03814697265625 0.396270751953125
0.0803680419921875 -0.147369384765625 -0.15478515625 0.493377685546875
0.117691040039063 -0.0831527709960938 -0.298492431640625 0.30218505859375
0.139350891113281 0.0092620849609375 -0.144363403320312 0.067535400390625
0.154403686523437 0.02105712890625 0.236984252929688 0.0393829345703125
0.1591796875 -0.0135955810546875 0.513214111328125 0.000976562499999999
0.129127502441406 -0.0666961669921875 0.390380859375 -0.22723388671875
0.05767822265625 -0.081298828125 -0.0259246826171875 -0.279296875
0.0151777267456055 0.00448226928710938 -0.268539428710938 -0.164871215820312
-0.0665283203125 0.08575439453125 -0.215927124023438 -0.0108795166015625
-0.0940628051757813 0.08441162109375 0.0538902282714844 -0.0608329772949219
0.000780105590820312 0.0124940872192383 -0.204940795898437 0.12481689453125
-0.0308036804199219 0.0254898071289062 -0.0123291015625 -0.160659790039063
-0.0522994995117188 0.014892578125 0.0503997802734375 -0.223373413085938
-0.0454063415527344 0.0283660888671875 0.0816116333007813 0.0367202758789063
-0.00774955749511719 -0.00210762023925781 0.036041259765625 0.37554931640625
0.0482826232910156 -0.0523567199707031 -0.149383544921875 0.50958251953125
0.0716171264648438 -0.020477294921875 -0.31396484375 0.335845947265625
0.0690116882324219 0.0192604064941406 -0.177001953125 0.0804290771484375
0.0786361694335938 0.0254058837890625 0.203277587890625 0.049163818359375
0.0909423828125 0.0221939086914063 0.50189208984375 0.0264892578125
0.0675010681152344 -0.002197265625 0.413330078125 -0.21917724609375
0.0182361602783203 -0.0232696533203125 -0.00369262695312503 -0.29937744140625
-0.00685739517211914 0.0038299560546875 -0.264801025390625 -0.194244384765625
-0.0399398803710938 0.0351791381835937 -0.233291625976563 -0.0312347412109375
-0.0427398681640625 0.0359611511230469 0.02191162109375 -0.0597953796386719
0.0712127685546875 -0.0453567504882813 -0.21478271484375 0.12347412109375
0.0257225036621094 -0.0624351501464844 -0.011077880859375 -0.156219482421875
-0.0417366027832031 -0.0650138854980469 0.0667572021484375 -0.2200927734375
-0.0761337280273438 0.0164566040039062 0.092529296875 0.0358734130859375
-0.044891357421875 0.053802490234375 0.0223388671875 0.361480712890625
0.0121726989746094 0.0425300598144531 -0.175994873046875 0.49505615234375
0.015533447265625 0.0451087951660156 -0.335235595703125 0.329193115234375
-0.00992965698242188 0.0273818969726562 -0.181533813476563 0.08563232421875
-0.00883293151855469 0.0231647491455078 0.196701049804688 0.053314208984375
0.0117683410644531 0.054290771484375 0.487091064453125 0.009552001953125
-0.00640106201171875 0.0644760131835937 0.383697509765625 -0.2457275390625
-0.02679443359375 0.0442924499511719 -0.025299072265625 -0.31439208984375
-0.0316734313964844 0.01129150390625 -0.26611328125 -0.197418212890625
-0.0113458633422852 -0.0118045806884766 -0.232391357421875 -0.031982421875
0.0112667083740234 -0.0177688598632813 0.0098114013671875 -0.0627975463867188
0.137992858886719 -0.098297119140625 -0.212448120117188 0.114974975585937
0.075286865234375 -0.137702941894531 0.000129699707031243 -0.13934326171875
-0.0298004150390625 -0.121696472167969 0.1014404296875 -0.176925659179688
-0.0978546142578125 0.0186996459960937 0.119773864746094 0.0748062133789063
-0.0790634155273437 0.106452941894531 -0.004241943359375 0.3555908203125
-0.0302886962890625 0.120506286621094 -0.229156494140625 0.450592041015625
-0.04608154296875 0.09417724609375 -0.35272216796875 0.2874755859375
-0.0847930908203125 0.0345458984375 -0.156600952148437 0.0833282470703125
-0.0875320434570313 0.0342025756835938 0.217849731445313 0.0422515869140625
-0.0572891235351562 0.101593017578125 0.463836669921875 -0.052520751953125
-0.0684356689453125 0.136177062988281 0.3035888671875 -0.301422119140625
-0.0666122436523437 0.101844787597656 -0.08624267578125 -0.317108154296875
-0.0478248596191406 0.0099639892578125 -0.269577026367188 -0.1719970703125
0.0204925537109375 -0.0609092712402344 -0.2103271484375 -0.016082763671875
0.0651168823242188 -0.0709075927734375 0.0198402404785156 -0.0697669982910156
0.188873291015625 -0.139205932617188 -0.193496704101562 0.100051879882812
0.102783203125 -0.181869506835938 0.026214599609375 -0.111648559570313
-0.0237503051757812 -0.133949279785156 0.149734497070312 -0.108795166015625
-0.114059448242188 0.04742431640625 0.141815185546875 0.135116577148438
-0.11053466796875 0.15264892578125 -0.05682373046875 0.347076416015625
-0.0760650634765625 0.16644287109375 -0.3033447265625 0.381439208984375
-0.106300354003906 0.113502502441406 -0.360137939453125 0.22113037109375
-0.145431518554687 0.0412445068359375 -0.107254028320313 0.0712051391601562
-0.14349365234375 0.0633392333984375 0.252822875976562 0.00628662109375
-0.102630615234375 0.163131713867188 0.420928955078125 -0.146392822265625
-0.104660034179688 0.200836181640625 0.189666748046875 -0.362884521484375
-0.0876998901367188 0.130569458007812 -0.15350341796875 -0.298248291015625
-0.0463943481445313 -0.0127754211425781 -0.256256103515625 -0.117050170898438
0.055908203125 -0.113082885742188 -0.168197631835937 0.0134429931640625
0.111099243164063 -0.116600036621094 0.0513076782226563 -0.080108642578125
0.21575927734375 -0.159576416015625 -0.15966796875 0.08209228515625
0.10986328125 -0.186630249023438 0.0691986083984375 -0.07659912109375
-0.0229873657226562 -0.103599548339844 0.201095581054687 -0.030914306640625
-0.125244140625 0.0869064331054688 0.14117431640625 0.197372436523438
-0.138259887695313 0.175186157226562 -0.14056396484375 0.322906494140625
-0.120681762695313 0.167648315429688 -0.38214111328125 0.28564453125
-0.154541015625 0.100051879882813 -0.3485107421875 0.1451416015625
-0.180953979492187 0.044219970703125 -0.0406761169433594 0.0515975952148437
-0.169998168945313 0.0989990234375 0.2861328125 -0.05902099609375
-0.120712280273438 0.21405029296875 0.3558349609375 -0.259185791015625
-0.114486694335937 0.230758666992188 0.0745849609375 -0.4056396484375
-0.094329833984375 0.115951538085937 -0.1917724609375 -0.257034301757813
-0.0262794494628906 -0.0577163696289063 -0.211990356445312 -0.0423583984375
0.092742919921875 -0.157272338867187 -0.110343933105469 0.050628662109375
0.14447021484375 -0.144851684570313 0.09759521484375 -0.0943145751953125
-0.125221252441406 0.118911743164063 -0.124443054199219 0.0885467529296875
-0.099029541015625 0.190933227539062 0.0472640991210937 -0.090667724609375
0.00928497314453125 0.11431884765625 0.156005859375 -0.022003173828125
0.0714874267578125 -0.0584030151367188 0.1595458984375 0.218231201171875
0.0984649658203125 -0.196807861328125 -0.0169677734375 0.4222412109375
0.133636474609375 -0.252532958984375 -0.242279052734375 0.377777099609375
0.176116943359375 -0.1326904296875 -0.26568603515625 0.159271240234375
0.2144775390625 -0.006988525390625 -0.0208625793457031 0.0196895599365234
0.215576171875 -0.0406646728515625 0.343170166015625 -0.034637451171875
0.199493408203125 -0.131790161132813 0.485992431640625 -0.171234130859375
0.157821655273438 -0.177871704101563 0.21746826171875 -0.321380615234375
0.0846481323242188 -0.116310119628906 -0.144485473632813 -0.215057373046875
0.03094482421875 0.0687637329101562 -0.260360717773438 -0.0536499023437499
-0.11016845703125 0.190078735351563 -0.134895324707031 0.0459136962890625
-0.15093994140625 0.144760131835938 0.160888671875 -0.082794189453125
-0.10589599609375 0.102668762207031 -0.158966064453125 0.106246948242188
-0.0996856689453125 0.169235229492187 0.0108795166015625 -0.128196716308594
-0.0240631103515625 0.124885559082031 0.0948562622070313 -0.112075805664062
0.0371246337890625 -0.0029144287109375 0.12945556640625 0.147171020507812
0.07012939453125 -0.138420104980469 0.026885986328125 0.42218017578125
0.108123779296875 -0.223159790039063 -0.184295654296875 0.454803466796875
0.153350830078125 -0.126358032226563 -0.28277587890625 0.2423095703125
0.192214965820312 0.00030517578125 -0.0900115966796875 0.0454254150390625
0.204986572265625 -0.0010223388671875 0.29144287109375 0.012451171875
0.199874877929688 -0.069000244140625 0.518157958984375 -0.070892333984375
0.161758422851563 -0.131744384765625 0.325439453125 -0.27264404296875
0.0802078247070313 -0.117576599121094 -0.08245849609375 -0.255599975585938
0.0286750793457031 0.0263519287109375 -0.27459716796875 -0.11785888671875
-0.0903167724609375 0.14117431640625 -0.182830810546875 0.014068603515625
-0.130455017089844 0.125518798828125 0.104789733886719 -0.069305419921875
-0.0623397827148438 0.0650177001953125 -0.189285278320313 0.11932373046875
-0.0775527954101562 0.110969543457031 -0.00782775878906249 -0.152099609375
-0.0483245849609375 0.088623046875 0.0574951171875 -0.187850952148438
-0.00581932067871094 0.0289630889892578 0.0980377197265625 0.0775985717773438
0.0325584411621094 -0.0674629211425781 0.0416259765625 0.402252197265625
0.079315185546875 -0.150558471679688 -0.152740478515625 0.5023193359375
0.117950439453125 -0.0851898193359375 -0.30035400390625 0.3082275390625
0.141021728515625 0.0087432861328125 -0.146255493164063 0.069061279296875
0.156112670898438 0.0209503173828125 0.239944458007813 0.0377044677734375
0.161468505859375 -0.015106201171875 0.520904541015625 -0.00225830078125
0.130722045898438 -0.068450927734375 0.394378662109375 -0.232879638671875
0.0577011108398438 -0.0824356079101563 -0.027496337890625 -0.282470703125
0.0148000717163086 0.00364589691162109 -0.27288818359375 -0.165603637695312
-0.065460205078125 0.0872421264648438 -0.218643188476563 -0.00891113281249995
-0.0944595336914063 0.0855331420898437 0.0535469055175781 -0.06231689453125
0.000504493713378906 0.0121927261352539 -0.206207275390625 0.127090454101562
-0.0306758880615234 0.0256710052490234 -0.0133056640625 -0.163528442382812
-0.0529899597167969 0.0168533325195312 0.0498504638671875 -0.2257080078125
-0.045135498046875 0.0290336608886719 0.0842514038085938 0.0380172729492188
-0.00723028182983399 -0.00269222259521484 0.039764404296875 0.380828857421875
0.0480499267578125 -0.054290771484375 -0.147979736328125 0.516387939453125
0.0718536376953125 -0.0214309692382813 -0.316131591796875 0.341888427734375
0.0706405639648438 0.0187454223632813 -0.17938232421875 0.0821533203125
0.0795822143554687 0.024871826171875 0.205047607421875 0.04833984375
0.0929946899414062 0.0213546752929687 0.510162353515625 0.02239990234375
0.0686149597167969 -0.00319290161132813 0.4169921875 -0.22509765625
0.0188140869140625 -0.0236721038818359 -0.00561523437500002 -0.304534912109375
-0.00677013397216797 0.00336456298828125 -0.268905639648438 -0.194961547851563
-0.0399093627929687 0.0357856750488281 -0.236785888671875 -0.0295562744140625
-0.0428543090820313 0.036895751953125 0.020721435546875 -0.0599365234375
0.0709152221679688 -0.0465850830078125 -0.21630859375 0.126235961914063
0.0258903503417969 -0.0631637573242188 -0.011810302734375 -0.1593017578125
-0.0429878234863281 -0.0646858215332031 0.0653533935546875 -0.221939086914063
-0.0767898559570313 0.0178451538085938 0.0952835083007813 0.0368118286132813
-0.045654296875 0.0550460815429688 0.025665283203125 0.365631103515625
0.0116424560546875 0.0428428649902344 -0.17584228515625 0.5025634765625
0.0162239074707031 0.0454635620117188 -0.336517333984375 0.336181640625
-0.00935745239257813 0.028167724609375 -0.183914184570313 0.0882415771484375
-0.00921058654785156 0.0241432189941406 0.199127197265625 0.05126953125
0.0126838684082031 0.0540962219238281 0.494232177734375 0.00653076171875
-0.00525665283203125 0.0654640197753906 0.386932373046875 -0.25250244140625
-0.0273933410644531 0.0447006225585938 -0.0267333984375 -0.31878662109375
-0.0321578979492188 0.0111293792724609 -0.270553588867187 -0.199676513671875
-0.011967658996582 -0.0127696990966797 -0.23638916015625 -0.0307464599609375
0.0108318328857422 -0.0176715850830078 0.008544921875 -0.0632514953613281
0.139450073242187 -0.1011962890625 -0.213409423828125 0.117523193359375
0.0747451782226563 -0.1397705078125 -0.00106811523437499 -0.141571044921875
-0.0311126708984375 -0.122444152832031 0.101150512695313 -0.1787109375
-0.098541259765625 0.0206375122070313 0.121986389160156 0.0759735107421875
-0.0790557861328125 0.108634948730469 -0.000885009765625037 0.36138916015625
-0.0290145874023437 0.121360778808594 -0.230377197265625 0.458709716796875
-0.0460205078125 0.0948104858398438 -0.356201171875 0.293792724609375
-0.0850906372070313 0.03607177734375 -0.15777587890625 0.0846710205078125
-0.088348388671875 0.035003662109375 0.221054077148438 0.0402374267578125
-0.0572738647460938 0.102546691894531 0.470703125 -0.05706787109375
-0.0686111450195312 0.138092041015625 0.30596923828125 -0.308258056640625
-0.0660781860351563 0.104690551757813 -0.088775634765625 -0.3212890625
-0.0482368469238281 0.00978851318359375 -0.274459838867188 -0.1724853515625
0.0201873779296875 -0.0611991882324219 -0.2135009765625 -0.0142822265625
0.0650405883789063 -0.0728912353515625 0.019378662109375 -0.0693435668945313
0.189346313476563 -0.143096923828125 -0.194290161132812 0.102523803710937
0.103042602539063 -0.184661865234375 0.0251312255859375 -0.113548278808594
-0.025299072265625 -0.135124206542969 0.150314331054688 -0.110687255859375
-0.115615844726563 0.049407958984375 0.145736694335938 0.136993408203125
-0.109970092773438 0.156173706054688 -0.055145263671875 0.353240966796875
-0.0761566162109375 0.168411254882812 -0.3035888671875 0.3876953125
-0.106338500976563 0.114654541015625 -0.363616943359375 0.22637939453125
-0.146224975585938 0.0417022705078125 -0.107673645019531 0.0729751586914063
-0.145111083984375 0.06500244140625 0.25579833984375 0.004150390625
-0.103042602539062 0.165435791015625 0.42572021484375 -0.15240478515625
-0.103607177734375 0.204071044921875 0.190704345703125 -0.3695068359375
-0.088134765625 0.134040832519531 -0.15771484375 -0.300537109375
-0.0476646423339844 -0.0128326416015625 -0.260086059570313 -0.11724853515625
0.0548782348632813 -0.114273071289063 -0.170913696289063 0.015411376953125
0.111885070800781 -0.11871337890625 0.0503692626953125 -0.0812149047851563
0.216537475585937 -0.16412353515625 -0.159881591796875 0.0840301513671875
0.109024047851563 -0.189788818359375 0.0692825317382813 -0.0777969360351563
-0.0242233276367188 -0.103118896484375 0.202301025390625 -0.031829833984375
-0.125152587890625 0.08978271484375 0.145172119140625 0.199905395507812
-0.138214111328125 0.1785888671875 -0.139892578125 0.329010009765625
-0.120941162109375 0.170135498046875 -0.384796142578125 0.292327880859375
-0.155914306640625 0.101791381835937 -0.35247802734375 0.150299072265625
-0.183090209960938 0.0450592041015625 -0.04083251953125 0.0523605346679688
-0.17205810546875 0.100753784179688 0.289520263671875 -0.0621337890625
-0.119613647460937 0.217254638671875 0.359161376953125 -0.265228271484375
-0.11328125 0.2337646484375 0.071502685546875 -0.412200927734375
-0.09368896484375 0.118804931640625 -0.1961669921875 -0.258590698242188
-0.02703857421875 -0.0574722290039063 -0.215133666992188 -0.042877197265625
0.091796875 -0.159194946289063 -0.111770629882813 0.052032470703125
0.144989013671875 -0.147293090820313 0.0962295532226563 -0.0950164794921875
-0.124557495117188 0.121353149414062 -0.125099182128906 0.0895767211914063
-0.0984649658203125 0.193389892578125 0.0468521118164062 -0.0925064086914063
0.0101242065429687 0.114883422851563 0.158432006835938 -0.0236663818359375
0.0706863403320313 -0.06048583984375 0.164810180664063 0.219024658203125
0.097991943359375 -0.201187133789063 -0.012054443359375 0.428619384765625
0.132156372070313 -0.257278442382813 -0.2430419921875 0.384368896484375
0.176544189453125 -0.135665893554688 -0.268463134765625 0.163589477539062
0.21734619140625 -0.0079803466796875 -0.0210018157958984 0.0196762084960938
0.217926025390625 -0.0424957275390625 0.347412109375 -0.038787841796875
0.200897216796875 -0.136093139648438 0.490631103515625 -0.18060302734375
0.158432006835938 -0.181442260742188 0.21722412109375 -0.3280029296875
0.084014892578125 -0.118453979492188 -0.146957397460938 -0.216964721679687
0.0311813354492188 0.0679740905761719 -0.263534545898438 -0.051513671875
-0.10980224609375 0.193527221679688 -0.135459899902344 0.0480422973632813
-0.151229858398438 0.148544311523438 0.160751342773438 -0.085479736328125
-0.105117797851563 0.104888916015625 -0.159332275390625 0.108993530273437
-0.0988616943359375 0.171966552734375 0.00886535644531249 -0.130020141601562
-0.0227890014648437 0.126678466796875 0.0951614379882812 -0.11370849609375
0.03778076171875 -0.00408554077148438 0.1331787109375 0.147354125976563
0.069000244140625 -0.141677856445313 0.032470703125 0.428131103515625
0.106918334960937 -0.226531982421875 -0.182830810546875 0.462249755859375
0.153701782226563 -0.129180908203125 -0.284912109375 0.2474365234375
0.194732666015625 -0.0004425048828125 -0.0907821655273437 0.0462493896484375
0.207916259765625 -0.0032958984375 0.29486083984375 0.008880615234375
0.201522827148438 -0.072052001953125 0.524322509765625 -0.078399658203125
0.161880493164063 -0.135650634765625 0.326873779296875 -0.281280517578125
0.0792770385742187 -0.119758605957031 -0.0852203369140625 -0.258193969726563
0.0293483734130859 0.0253486633300781 -0.278793334960938 -0.117279052734375
-0.0895538330078125 0.143173217773438 -0.185455322265625 0.0159454345703125
-0.130203247070313 0.127754211425781 0.103767395019531 -0.0713348388671875
-0.0625495910644531 0.0657196044921875 -0.190277099609375 0.122268676757813
-0.0766830444335938 0.111587524414063 -0.00926208496093751 -0.154129028320313
-0.0469818115234375 0.0907440185546875 0.0564422607421875 -0.190170288085938
-0.00582313537597656 0.0288715362548828 0.100410461425781 0.077911376953125
0.0320549011230469 -0.0699043273925781 0.0467529296875 0.4073486328125
0.078765869140625 -0.153793334960937 -0.150543212890625 0.509368896484375
0.118453979492188 -0.0877532958984375 -0.301025390625 0.31591796875
0.14404296875 0.0072479248046875 -0.147857666015625 0.0706634521484375
0.158447265625 0.0201416015625 0.242294311523438 0.0344085693359375
0.16290283203125 -0.017059326171875 0.52740478515625 -0.008636474609375
0.131477355957031 -0.0712814331054688 0.39825439453125 -0.2406005859375
0.0575942993164063 -0.0844192504882813 -0.0308837890625 -0.286376953125
0.0154438018798828 0.00304508209228516 -0.277175903320313 -0.165817260742187
-0.065765380859375 0.0876617431640625 -0.223098754882812 -0.00697326660156247
-0.0944595336914062 0.0878448486328125 0.0519561767578125 -0.0624504089355469
0.000635147094726562 0.0120849609375 -0.205841064453125 0.130661010742188
-0.0301303863525391 0.0264873504638672 -0.0152130126953125 -0.164932250976562
-0.0529632568359375 0.0168914794921875 0.04730224609375 -0.22784423828125
-0.0451240539550781 0.0300521850585938 0.0863800048828125 0.0381622314453125
-0.00722694396972656 -0.00266456604003906 0.044647216796875 0.38494873046875
0.0471000671386719 -0.0556869506835937 -0.144775390625 0.524658203125
0.0731124877929688 -0.02252197265625 -0.317138671875 0.349395751953125
0.0716781616210938 0.018707275390625 -0.180801391601563 0.0842132568359375
0.0802078247070313 0.0250091552734375 0.20697021484375 0.0460968017578125
0.09368896484375 0.0207748413085938 0.516632080078125 0.015869140625
0.069915771484375 -0.004180908203125 0.420867919921875 -0.23370361328125
0.0186691284179688 -0.0244941711425781 -0.00762939453125001 -0.308441162109375
-0.00711631774902344 0.00264883041381836 -0.273208618164062 -0.195587158203125
-0.0400390625 0.0363426208496094 -0.24114990234375 -0.0269317626953125
-0.0433425903320313 0.0374984741210937 0.0192756652832031 -0.0604324340820313
0.0713729858398438 -0.0478591918945313 -0.216537475585937 0.128707885742188
0.0256919860839844 -0.0640296936035156 -0.01318359375 -0.160446166992188
-0.0444488525390625 -0.0644302368164062 0.0632476806640625 -0.224609375
-0.0767745971679688 0.0189895629882813 0.0972671508789063 0.0368576049804688
-0.0448455810546875 0.0552825927734375 0.031036376953125 0.371429443359375
0.01220703125 0.0416107177734375 -0.1734619140625 0.510040283203125
0.016937255859375 0.04510498046875 -0.338104248046875 0.343536376953125
-0.00965118408203125 0.0282173156738281 -0.18475341796875 0.090057373046875
-0.0091552734375 0.0243339538574219 0.201507568359375 0.0490264892578125
0.0133819580078125 0.0542373657226563 0.501434326171875 3.05175781250033E-05
-0.00436782836914063 0.0657119750976563 0.390167236328125 -0.25958251953125
-0.0271682739257813 0.0455360412597656 -0.0302734375 -0.32318115234375
-0.03253173828125 0.0116729736328125 -0.276397705078125 -0.1998291015625
-0.0115432739257813 -0.0120601654052734 -0.239700317382813 -0.0293426513671875
0.0110950469970703 -0.0185527801513672 0.00654220581054688 -0.0627555847167969
0.139671325683594 -0.103965759277344 -0.21319580078125 0.12109375
0.07470703125 -0.141571044921875 -0.00306701660156249 -0.143585205078125
-0.031890869140625 -0.123008728027344 0.100173950195313 -0.181045532226562
-0.0987319946289063 0.0220108032226563 0.125389099121094 0.0776290893554688
-0.078460693359375 0.111091613769531 0.00289916992187502 0.36669921875
-0.0291061401367188 0.122177124023437 -0.22918701171875 0.468231201171875
-0.0458831787109375 0.0957107543945313 -0.35699462890625 0.301116943359375
-0.0860824584960937 0.0368423461914062 -0.15948486328125 0.0870819091796875
-0.0896530151367188 0.0369949340820312 0.223342895507812 0.0380859375
-0.0574798583984375 0.103828430175781 0.477691650390625 -0.063018798828125
-0.066741943359375 0.140373229980469 0.307098388671875 -0.315887451171875
-0.0649032592773438 0.1070556640625 -0.0928955078125 -0.32391357421875
-0.0490455627441406 0.0110855102539063 -0.2799072265625 -0.172225952148437
0.0200767517089844 -0.0623130798339844 -0.217071533203125 -0.01239013671875
0.0642166137695313 -0.0741195678710938 0.0175399780273438 -0.0696601867675781
0.190444946289063 -0.148162841796875 -0.193679809570313 0.104583740234375
0.101837158203125 -0.188385009765625 0.0246353149414063 -0.115821838378906
-0.0269546508789063 -0.135124206542969 0.150802612304688 -0.112442016601563
-0.115615844726563 0.0519256591796875 0.14996337890625 0.138076782226563
-0.1092529296875 0.158584594726563 -0.052154541015625 0.358917236328125
-0.0753021240234375 0.170013427734375 -0.305755615234375 0.395538330078125
-0.106704711914062 0.1160888671875 -0.365509033203125 0.232208251953125
-0.147598266601563 0.0440673828125 -0.108634948730469 0.0746688842773438
-0.146942138671875 0.067962646484375 0.258270263671875 0.000900268554687504
-0.102081298828125 0.168228149414063 0.4302978515625 -0.160064697265625
-0.10235595703125 0.207183837890625 0.189056396484375 -0.376434326171875
-0.0874557495117188 0.137222290039063 -0.162567138671875 -0.3040771484375
-0.0476455688476563 -0.0121078491210938 -0.264495849609375 -0.117233276367188
0.0551528930664062 -0.115524291992188 -0.172836303710938 0.0174407958984375
0.111663818359375 -0.120941162109375 0.0492019653320313 -0.0818405151367188
0.2169189453125 -0.168548583984375 -0.15960693359375 0.0865020751953125
0.108901977539063 -0.19219970703125 0.0695648193359375 -0.0799942016601563
-0.0254898071289062 -0.103309631347656 0.204849243164063 -0.0337677001953125
-0.125785827636719 0.0932846069335938 0.148193359375 0.201751708984375
-0.137435913085937 0.182281494140625 -0.1387939453125 0.33489990234375
-0.120498657226562 0.172409057617188 -0.38751220703125 0.29986572265625
-0.156875610351563 0.103271484375 -0.354400634765625 0.155548095703125
-0.185150146484375 0.0479278564453125 -0.0405998229980469 0.0535621643066406
-0.173294067382812 0.104141235351563 0.29217529296875 -0.065673828125
-0.118865966796875 0.220199584960938 0.361083984375 -0.271636962890625
-0.11212158203125 0.238983154296875 0.06988525390625 -0.4180908203125
-0.094024658203125 0.122100830078125 -0.201507568359375 -0.260467529296875
-0.0281982421875 -0.0582046508789062 -0.21868896484375 -0.04144287109375
0.0911712646484375 -0.161697387695313 -0.113761901855469 0.0549087524414063
0.145233154296875 -0.150588989257813 0.0961532592773438 -0.0955886840820313
-0.124862670898437 0.1239013671875 -0.124229431152344 0.0914230346679687
-0.0971832275390625 0.196517944335938 0.0464248657226562 -0.0939178466796875
0.0123291015625 0.115226745605469 0.15997314453125 -0.0251007080078125
0.0705108642578125 -0.06201171875 0.1680908203125 0.22039794921875
0.0955810546875 -0.2047119140625 -0.00842285156249997 0.4322509765625
0.129409790039062 -0.260116577148438 -0.242095947265625 0.391632080078125
0.176605224609375 -0.138671875 -0.269973754882813 0.16748046875
0.2200927734375 -0.0108184814453125 -0.0215206146240234 0.020477294921875
0.219650268554688 -0.045135498046875 0.35064697265625 -0.042266845703125
0.200912475585938 -0.1385498046875 0.494384765625 -0.18927001953125
0.157943725585938 -0.185623168945313 0.2166748046875 -0.33575439453125
0.0836639404296875 -0.121078491210937 -0.15106201171875 -0.21826171875
0.03338623046875 0.0678825378417969 -0.26702880859375 -0.0498199462890625
-0.108200073242188 0.19561767578125 -0.136924743652344 0.0505828857421875
-0.151504516601563 0.15155029296875 0.160140991210937 -0.087371826171875
-0.105003356933594 0.106590270996094 -0.159133911132813 0.11083984375
-0.0972137451171875 0.173828125 0.00805664062499999 -0.131134033203125
-0.0212860107421875 0.128021240234375 0.0952835083007813 -0.114944458007812
0.0376014709472656 -0.00477218627929688 0.137008666992188 0.148788452148438
0.0670318603515625 -0.144821166992188 0.037384033203125 0.43377685546875
0.10400390625 -0.230209350585938 -0.180023193359375 0.470001220703125
0.153839111328125 -0.131820678710938 -0.2852783203125 0.25274658203125
0.197235107421875 -0.0025634765625 -0.0924530029296875 0.047210693359375
0.20953369140625 -0.0045013427734375 0.2969970703125 0.00628662109375
0.203079223632813 -0.0745391845703125 0.530059814453125 -0.08465576171875
0.1624755859375 -0.139373779296875 0.32904052734375 -0.288848876953125
0.0792694091796875 -0.122299194335938 -0.088623046875 -0.260833740234375
0.0295600891113281 0.0250701904296875 -0.282989501953125 -0.1168212890625
-0.088592529296875 0.144561767578125 -0.187835693359375 0.0184783935546875
-0.130851745605469 0.130348205566406 0.102676391601562 -0.0722732543945312
-0.0630073547363281 0.0668601989746094 -0.189285278320313 0.124862670898437
-0.0759658813476563 0.113594055175781 -0.01092529296875 -0.155593872070313
-0.0471878051757813 0.0915756225585938 0.0559234619140625 -0.191909790039063
-0.0050201416015625 0.0290794372558594 0.10308837890625 0.0786361694335938
0.031341552734375 -0.071380615234375 0.053192138671875 0.410675048828125
0.075927734375 -0.155990600585938 -0.14654541015625 0.516632080078125
0.118453979492188 -0.0894927978515625 -0.30242919921875 0.32293701171875
0.145553588867188 0.006561279296875 -0.149551391601563 0.071441650390625
0.160415649414062 0.0184326171875 0.245040893554687 0.031982421875
0.164901733398438 -0.01953125 0.53424072265625 -0.01654052734375
0.13250732421875 -0.0740432739257813 0.400848388671875 -0.249481201171875
0.05682373046875 -0.0859832763671875 -0.032928466796875 -0.28961181640625
0.0143957138061523 0.00267887115478516 -0.28173828125 -0.164459228515625
-0.06524658203125 0.08917236328125 -0.225372314453125 -0.00480651855468753
-0.09423828125 0.0898513793945313 0.0502777099609375 -0.063751220703125
0.000453948974609374 0.0116977691650391 -0.206130981445313 0.133010864257812
-0.0299892425537109 0.0268440246582031 -0.01690673828125 -0.166946411132813
-0.0528144836425781 0.0177001953125 0.045684814453125 -0.23004150390625
-0.0456924438476562 0.0308456420898438 0.0881576538085938 0.0382843017578125
-0.00753164291381836 -0.0024876594543457 0.050018310546875 0.38995361328125
0.0469703674316406 -0.0574569702148438 -0.1417236328125 0.53338623046875
0.0725784301757812 -0.0241775512695312 -0.31640625 0.356414794921875
0.0731353759765625 0.0182952880859375 -0.182388305664063 0.0864105224609375
0.0816574096679688 0.0242691040039063 0.208892822265625 0.0432586669921875
0.0954666137695313 0.0196685791015625 0.522186279296875 0.009735107421875
0.0707550048828125 -0.005218505859375 0.425140380859375 -0.240753173828125
0.0187034606933594 -0.0249671936035156 -0.010528564453125 -0.311920166015625
-0.00765228271484375 0.00232124328613281 -0.278289794921875 -0.195587158203125
-0.0392913818359375 0.0367317199707031 -0.244583129882812 -0.024932861328125
-0.0428581237792969 0.0383071899414063 0.0174522399902344 -0.0604934692382813
0.072113037109375 -0.0502853393554688 -0.216094970703125 0.13275146484375
0.0255584716796875 -0.0646018981933594 -0.0159149169921875 -0.1627197265625
-0.0452613830566406 -0.0641441345214844 0.0617218017578125 -0.226821899414063
-0.076812744140625 0.0204544067382813 0.0998153686523438 0.037384033203125
-0.0444259643554688 0.0568428039550781 0.035552978515625 0.375213623046875
0.0125198364257813 0.0417900085449219 -0.1700439453125 0.515869140625
0.0169563293457031 0.0440292358398437 -0.33856201171875 0.35015869140625
-0.00815200805664062 0.0284976959228516 -0.1865234375 0.0925445556640625
-0.00824737548828125 0.0249786376953125 0.20330810546875 0.047119140625
0.0147743225097656 0.0533638000488281 0.50726318359375 -0.00701904296875
-0.00349807739257813 0.0662727355957031 0.39166259765625 -0.266082763671875
-0.0269126892089844 0.0476303100585937 -0.03369140625 -0.326385498046875
-0.0323047637939453 0.0119400024414063 -0.281097412109375 -0.1986083984375
-0.0121517181396484 -0.0122442245483398 -0.243270874023438 -0.025970458984375
0.0113143920898437 -0.0188312530517578 0.00482177734375 -0.0623855590820313
0.138435363769531 -0.107215881347656 -0.21343994140625 0.123397827148437
0.073577880859375 -0.143600463867188 -0.004486083984375 -0.145248413085938
-0.0340118408203125 -0.123077392578125 0.098419189453125 -0.182449340820312
-0.0991592407226563 0.0243377685546875 0.12774658203125 0.0771942138671875
-0.0776214599609375 0.112998962402344 0.00765991210937504 0.371795654296875
-0.028656005859375 0.123710632324219 -0.22686767578125 0.475250244140625
-0.0452880859375 0.0962448120117188 -0.35772705078125 0.30792236328125
-0.0861053466796875 0.0377349853515625 -0.160491943359375 0.089141845703125
-0.0899429321289063 0.0383224487304688 0.22528076171875 0.0351409912109375
-0.0562896728515625 0.104545593261719 0.48193359375 -0.069915771484375
-0.0654449462890625 0.142181396484375 0.306915283203125 -0.3228759765625
-0.0642929077148438 0.109230041503906 -0.097442626953125 -0.327301025390625
-0.0493850708007813 0.0122489929199219 -0.282989501953125 -0.1719970703125
0.0194625854492188 -0.0633544921875 -0.219757080078125 -0.00982666015624997
0.0648345947265625 -0.0748672485351563 0.0150604248046875 -0.0701484680175781
0.190200805664063 -0.151840209960938 -0.194244384765625 0.10760498046875
0.10089111328125 -0.190292358398438 0.024078369140625 -0.116744995117188
-0.0282974243164062 -0.135574340820312 0.15045166015625 -0.114471435546875
-0.114570617675781 0.0545196533203125 0.15301513671875 0.139129638671875
-0.108673095703125 0.161514282226562 -0.04937744140625 0.36468505859375
-0.0741424560546875 0.170745849609375 -0.304840087890625 0.404327392578125
-0.107536315917969 0.117080688476563 -0.367034912109375 0.23931884765625
-0.147796630859375 0.0464019775390625 -0.109481811523438 0.0760421752929688
-0.147293090820312 0.0704803466796875 0.260894775390625 -0.002197265625
-0.100860595703125 0.170150756835938 0.43402099609375 -0.167266845703125
-0.100189208984375 0.21038818359375 0.18701171875 -0.383392333984375
-0.0863494873046875 0.140296936035156 -0.167694091796875 -0.3055419921875
-0.0484046936035156 -0.0108909606933594 -0.268341064453125 -0.116317749023438
0.0541610717773438 -0.117378234863281 -0.175827026367188 0.019805908203125
0.111465454101563 -0.123306274414062 0.0471267700195313 -0.081817626953125
0.216156005859375 -0.173141479492188 -0.159133911132813 0.0885467529296875
0.107986450195312 -0.195556640625 0.0702667236328125 -0.0812301635742188
-0.0274810791015625 -0.103355407714844 0.205398559570312 -0.0358428955078125
-0.124992370605469 0.0962448120117188 0.15277099609375 0.202987670898438
-0.13604736328125 0.186203002929688 -0.13726806640625 0.340850830078125
-0.120330810546875 0.1741943359375 -0.389373779296875 0.30859375
-0.157363891601563 0.105270385742188 -0.35662841796875 0.161865234375
-0.1859130859375 0.0501556396484375 -0.0410423278808594 0.0544166564941406
-0.174270629882813 0.106948852539062 0.294342041015625 -0.069091796875
-0.116531372070313 0.2236328125 0.362579345703125 -0.27996826171875
-0.108871459960937 0.243515014648438 0.0655517578124999 -0.423370361328125
-0.0928497314453125 0.12542724609375 -0.207260131835938 -0.260955810546875
-0.0288581848144531 -0.0580406188964844 -0.220718383789063 -0.039642333984375
0.090850830078125 -0.164093017578125 -0.114997863769531 0.0565643310546875
0.144363403320313 -0.153823852539063 0.0949172973632813 -0.0965957641601563
-0.124427795410156 0.127029418945312 -0.122840881347656 0.0929946899414063
-0.094970703125 0.198745727539063 0.045623779296875 -0.0952911376953125
0.0139617919921875 0.116188049316406 0.162353515625 -0.0271148681640625
0.0697784423828125 -0.0644607543945313 0.173919677734375 0.220535278320313
0.0931854248046875 -0.208389282226563 -0.00115966796874998 0.43817138671875
0.126556396484375 -0.26507568359375 -0.237640380859375 0.39947509765625
0.175857543945313 -0.141647338867187 -0.270782470703125 0.17315673828125
0.222579956054688 -0.0126495361328125 -0.0220184326171875 0.0206031799316406
0.221725463867188 -0.0471954345703125 0.3524169921875 -0.047271728515625
0.200820922851562 -0.1439208984375 0.497772216796875 -0.1966552734375
0.157379150390625 -0.189697265625 0.215301513671875 -0.34210205078125
0.0827255249023437 -0.124290466308594 -0.154586791992187 -0.218292236328125
0.0344085693359375 0.0670890808105469 -0.269927978515625 -0.0475463867187499
-0.106338500976563 0.198272705078125 -0.138198852539063 0.0535354614257813
-0.150711059570313 0.154708862304687 0.159805297851563 -0.0894775390625
-0.10455322265625 0.108596801757812 -0.157989501953125 0.112762451171875
-0.0949554443359375 0.176223754882813 0.00651550292968749 -0.132476806640625
-0.0190658569335938 0.128448486328125 0.0951080322265625 -0.116928100585937
0.0378494262695313 -0.00601577758789063 0.141159057617188 0.14849853515625
0.065673828125 -0.147842407226563 0.04443359375 0.43695068359375
0.101226806640625 -0.234237670898437 -0.176971435546875 0.478271484375
0.153717041015625 -0.134506225585937 -0.28546142578125 0.258880615234375
0.19903564453125 -0.006134033203125 -0.0936431884765625 0.0482406616210937
0.212173461914063 -0.0066680908203125 0.299652099609375 0.00152587890625
0.20361328125 -0.078643798828125 0.534881591796875 -0.093719482421875
0.162246704101562 -0.14324951171875 0.328125 -0.297119140625
0.0776824951171875 -0.124809265136719 -0.0926361083984375 -0.263092041015625
0.0301227569580078 0.0234241485595703 -0.286865234375 -0.114532470703125
-0.086639404296875 0.14715576171875 -0.189727783203125 0.0218505859375
-0.1298828125 0.133354187011719 0.101715087890625 -0.07427978515625
-0.0626564025878906 0.0683059692382812 -0.188858032226562 0.12823486328125
-0.0737228393554688 0.115150451660156 -0.01336669921875 -0.1566162109375
-0.0465621948242188 0.0928878784179688 0.0536651611328125 -0.19317626953125
-0.00469207763671875 0.0292377471923828 0.105758666992188 0.0784912109375
0.0312576293945313 -0.0734710693359375 0.059844970703125 0.41497802734375
0.0738525390625 -0.158737182617188 -0.141845703125 0.523590087890625
0.117507934570313 -0.0922012329101563 -0.300567626953125 0.32891845703125
0.147781372070313 0.0052337646484375 -0.149932861328125 0.073516845703125
0.162857055664063 0.017120361328125 0.246551513671875 0.0283660888671875
0.165786743164063 -0.0218505859375 0.53936767578125 -0.0242919921875
0.133110046386719 -0.076751708984375 0.401519775390625 -0.2576904296875
0.0562973022460938 -0.0875473022460937 -0.0362548828125 -0.29290771484375
0.0152082443237305 0.00227832794189453 -0.286376953125 -0.163818359375
-0.06390380859375 0.090301513671875 -0.227996826171875 -0.000976562500000037
-0.093536376953125 0.0916900634765625 0.0493049621582031 -0.0647811889648438
0.000883102416992187 0.0111722946166992 -0.205535888671875 0.136337280273438
-0.0298709869384766 0.0270671844482422 -0.01934814453125 -0.16900634765625
-0.0534858703613281 0.0190620422363281 0.043212890625 -0.231918334960938
-0.044830322265625 0.030914306640625 0.0906829833984375 0.03863525390625
-0.0071868896484375 -0.00305652618408203 0.055938720703125 0.39398193359375
0.0455818176269531 -0.0586280822753906 -0.13604736328125 0.539886474609375
0.0729522705078125 -0.026031494140625 -0.31707763671875 0.36395263671875
0.0746688842773438 0.017913818359375 -0.183395385742188 0.0888214111328125
0.0826339721679688 0.0240859985351563 0.210922241210938 0.0395660400390625
0.0968856811523438 0.0179214477539063 0.52862548828125 0.0015869140625
0.0707015991210938 -0.00597381591796875 0.424560546875 -0.249847412109375
0.0180702209472656 -0.0247554779052734 -0.014129638671875 -0.316009521484375
-0.00751590728759766 0.0028080940246582 -0.28369140625 -0.194091796875
-0.0394096374511719 0.0374832153320313 -0.247467041015625 -0.022003173828125
-0.0428466796875 0.0384864807128906 0.0157623291015625 -0.0610466003417969
0.071441650390625 -0.05218505859375 -0.21551513671875 0.135650634765625
0.0252227783203125 -0.0657386779785156 -0.0179901123046875 -0.163711547851563
-0.0464019775390625 -0.0633659362792969 0.0588226318359375 -0.228378295898438
-0.0764999389648438 0.0215530395507812 0.101287841796875 0.0371780395507813
-0.0441513061523437 0.0576667785644531 0.041900634765625 0.37994384765625
0.0122566223144531 0.0413589477539063 -0.16656494140625 0.52581787109375
0.0171737670898438 0.0441856384277344 -0.33782958984375 0.35809326171875
-0.00805282592773438 0.0289230346679688 -0.187545776367188 0.0951080322265625
-0.0086517333984375 0.0254173278808594 0.204742431640625 0.043670654296875
0.0154800415039062 0.0537109375 0.51287841796875 -0.014129638671875
-0.00186920166015625 0.0661964416503906 0.393402099609375 -0.275726318359375
-0.0263748168945312 0.0482902526855469 -0.037994384765625 -0.329132080078125
-0.0328350067138672 0.0123653411865234 -0.28582763671875 -0.19805908203125
-0.0112123489379883 -0.0118961334228516 -0.246505737304688 -0.023529052734375
0.0108795166015625 -0.0187149047851563 0.00342178344726562 -0.0628509521484375
0.138221740722656 -0.11090087890625 -0.213088989257813 0.126785278320312
0.072662353515625 -0.1455078125 -0.00654602050781251 -0.146499633789063
-0.0358123779296875 -0.122642517089844 0.0962982177734375 -0.184982299804688
-0.0990142822265625 0.0259323120117187 0.131004333496094 0.0768280029296875
-0.0760726928710938 0.115150451660156 0.01287841796875 0.376007080078125
-0.0273666381835938 0.123672485351563 -0.224151611328125 0.483123779296875
-0.0446929931640625 0.0970840454101563 -0.358123779296875 0.31427001953125
-0.0861053466796875 0.0400848388671875 -0.161483764648438 0.0914306640625
-0.0905380249023438 0.039947509765625 0.227142333984375 0.032562255859375
-0.0553359985351563 0.10589599609375 0.487213134765625 -0.076812744140625
-0.06427001953125 0.144943237304688 0.30694580078125 -0.330780029296875
-0.0634307861328125 0.111236572265625 -0.102081298828125 -0.329132080078125
-0.04925537109375 0.012847900390625 -0.2886962890625 -0.17071533203125
0.0194282531738281 -0.0637664794921875 -0.222915649414063 -0.00810241699218753
0.0645675659179688 -0.0765457153320313 0.0135116577148438 -0.069976806640625
0.189285278320312 -0.156631469726562 -0.1932373046875 0.109893798828125
0.0997772216796875 -0.193756103515625 0.0219573974609375 -0.118019104003906
-0.0304183959960938 -0.135108947753906 0.149505615234375 -0.115615844726563
-0.114707946777344 0.0573501586914062 0.157058715820313 0.139389038085938
-0.106307983398438 0.165313720703125 -0.044281005859375 0.369415283203125
-0.0731964111328125 0.172836303710938 -0.304168701171875 0.410552978515625
-0.107131958007813 0.119148254394531 -0.368621826171875 0.246124267578125
-0.148468017578125 0.0478668212890625 -0.110237121582031 0.0779037475585937
-0.1478271484375 0.0726776123046875 0.263168334960938 -0.00616455078125
-0.099517822265625 0.172836303710938 0.437255859375 -0.174560546875
-0.097442626953125 0.213836669921875 0.184814453125 -0.38983154296875
-0.0850372314453125 0.143478393554688 -0.1737060546875 -0.30694580078125
-0.0491294860839844 -0.0104713439941406 -0.2728271484375 -0.114303588867188
0.0533828735351562 -0.118621826171875 -0.1773681640625 0.022491455078125
0.111038208007813 -0.125778198242188 0.0450973510742188 -0.082672119140625
0.21612548828125 -0.179046630859375 -0.159332275390625 0.090667724609375
0.106399536132813 -0.198272705078125 0.0698776245117188 -0.0834884643554688
-0.0284881591796875 -0.103157043457031 0.205856323242188 -0.0378570556640625
-0.12469482421875 0.0996017456054688 0.15802001953125 0.20428466796875
-0.134597778320312 0.189178466796875 -0.13348388671875 0.34747314453125
-0.118911743164063 0.17633056640625 -0.390289306640625 0.3170166015625
-0.15789794921875 0.106582641601563 -0.35723876953125 0.168548583984375
-0.187423706054688 0.052947998046875 -0.0405235290527344 0.0551261901855469
-0.174819946289062 0.110061645507813 0.295867919921875 -0.074066162109375
-0.114944458007813 0.227279663085938 0.364227294921875 -0.28662109375
-0.105880737304688 0.247329711914063 0.06097412109375 -0.43023681640625
-0.0914993286132813 0.128395080566406 -0.212677001953125 -0.26171875
-0.0299263000488281 -0.0576858520507813 -0.22442626953125 -0.03790283203125
0.0889739990234375 -0.166534423828125 -0.115768432617188 0.0589218139648437
0.143356323242187 -0.156341552734375 0.0928115844726563 -0.0986480712890625
-0.122894287109375 0.127777099609375 -0.121986389160156 0.095794677734375
-0.0920257568359375 0.201553344726563 0.043853759765625 -0.0968475341796875
0.0152511596679687 0.115715026855469 0.163818359375 -0.0292205810546875
0.068939208984375 -0.0670280456542969 0.178054809570313 0.22052001953125
0.0909576416015625 -0.2127685546875 0.00427246093750005 0.441619873046875
0.12286376953125 -0.268295288085938 -0.2344970703125 0.407073974609375
0.17523193359375 -0.145172119140625 -0.2716064453125 0.177658081054688
0.224716186523438 -0.0160980224609375 -0.0235271453857422 0.0209217071533203
0.22314453125 -0.05023193359375 0.35394287109375 -0.05340576171875
0.200790405273438 -0.14727783203125 0.49981689453125 -0.2061767578125
0.154861450195313 -0.194808959960938 0.21221923828125 -0.349761962890625
0.0809326171875 -0.126556396484375 -0.158599853515625 -0.218780517578125
0.0355072021484375 0.0663414001464844 -0.272369384765625 -0.0448760986328125
-0.102767944335937 0.200225830078125 -0.139404296875 0.055389404296875
-0.149490356445313 0.157791137695312 0.159164428710938 -0.0919036865234375
-0.10382080078125 0.111030578613281 -0.157760620117188 0.115753173828125
-0.0936279296875 0.178375244140625 0.0042572021484375 -0.133857727050781
-0.017303466796875 0.129554748535156 0.0957565307617187 -0.118354797363281
0.0380363464355469 -0.00746917724609375 0.144882202148438 0.147552490234375
0.0633087158203125 -0.150543212890625 0.05291748046875 0.439422607421875
0.098388671875 -0.237136840820313 -0.169677734375 0.484619140625
0.152099609375 -0.137313842773438 -0.284088134765625 0.2646484375
0.20098876953125 -0.007568359375 -0.09429931640625 0.0495986938476562
0.214584350585938 -0.0096282958984375 0.301849365234375 -0.003662109375
0.204254150390625 -0.0813140869140625 0.53717041015625 -0.102569580078125
0.161590576171875 -0.1474609375 0.32806396484375 -0.304901123046875
0.0759506225585938 -0.126785278320312 -0.09600830078125 -0.264190673828125
0.0308856964111328 0.0230503082275391 -0.290924072265625 -0.112335205078125
-0.08465576171875 0.148818969726562 -0.191879272460938 0.0244598388671875
-0.1287841796875 0.135574340820313 0.100227355957031 -0.0763015747070313
-0.0620002746582031 0.0697097778320313 -0.188400268554688 0.130767822265625
-0.0725479125976563 0.116539001464844 -0.015838623046875 -0.157791137695313
-0.044464111328125 0.0935745239257813 0.051239013671875 -0.19525146484375
-0.00442695617675781 0.0283870697021484 0.108650207519531 0.078643798828125
0.0298614501953125 -0.0745925903320313 0.067291259765625 0.41845703125
0.071624755859375 -0.1612548828125 -0.134368896484375 0.53045654296875
0.116950988769531 -0.0944061279296875 -0.298248291015625 0.336395263671875
0.148361206054688 0.003509521484375 -0.150527954101563 0.0749969482421875
0.16424560546875 0.0150299072265625 0.248626708984375 0.024749755859375
0.167449951171875 -0.024505615234375 0.543731689453125 -0.033203125
0.132545471191406 -0.079132080078125 0.4033203125 -0.267486572265625
0.05523681640625 -0.0889358520507813 -0.04034423828125 -0.295684814453125
0.0147676467895508 0.000693321228027344 -0.289154052734375 -0.1614990234375
-0.0634307861328125 0.0910491943359375 -0.2305908203125 0.00180053710937499
-0.0926589965820313 0.0931625366210938 0.0478363037109375 -0.064453125
0.00114917755126953 0.0109081268310547 -0.204483032226563 0.139633178710937
-0.0293998718261719 0.0282573699951172 -0.0218353271484375 -0.1693115234375
-0.0530433654785156 0.0196762084960937 0.0404815673828125 -0.2327880859375
-0.0448532104492188 0.0322494506835937 0.0926055908203125 0.038177490234375
-0.00729513168334961 -0.00403356552124023 0.064056396484375 0.396392822265625
0.0445671081542969 -0.0608139038085938 -0.128265380859375 0.546630859375
0.0727920532226563 -0.0272750854492187 -0.313720703125 0.3704833984375
0.0756607055664063 0.016998291015625 -0.184677124023438 0.0907745361328125
0.08392333984375 0.02374267578125 0.212615966796875 0.0369110107421875
0.0975723266601563 0.0161209106445313 0.533721923828125 -0.00726318359375
0.07196044921875 -0.0074615478515625 0.42510986328125 -0.259307861328125
0.0183200836181641 -0.0249691009521484 -0.01751708984375 -0.31817626953125
-0.00772714614868164 0.00251293182373047 -0.2879638671875 -0.192718505859375
-0.0380210876464844 0.0373344421386719 -0.250564575195313 -0.01800537109375
-0.0419845581054688 0.0388336181640625 0.0142555236816406 -0.0608787536621094
0.070587158203125 -0.0543441772460938 -0.2149658203125 0.138565063476563
0.0247955322265625 -0.0664138793945313 -0.020751953125 -0.16522216796875
-0.0475120544433594 -0.0627021789550781 0.05548095703125 -0.230178833007812
-0.0767745971679688 0.0231094360351562 0.104110717773438 0.0378494262695313
-0.0434417724609375 0.0581779479980469 0.048095703125 0.382720947265625
0.0121498107910156 0.0400505065917969 -0.160369873046875 0.533172607421875
0.017822265625 0.0428123474121094 -0.3359375 0.365875244140625
-0.00745201110839844 0.0295543670654297 -0.18841552734375 0.098297119140625
-0.00832748413085938 0.0261802673339844 0.206085205078125 0.04083251953125
0.0163078308105469 0.0535087585449219 0.51690673828125 -0.022430419921875
-0.00119400024414062 0.0667381286621094 0.392303466796875 -0.282989501953125
-0.0254364013671875 0.0489768981933594 -0.042266845703125 -0.3328857421875
-0.0329704284667969 0.0135669708251953 -0.290618896484375 -0.1961669921875
-0.0121603012084961 -0.0125532150268555 -0.248626708984375 -0.0208282470703125
0.0103893280029297 -0.0192832946777344 0.000968933105468756 -0.0623817443847656
0.137832641601563 -0.114067077636719 -0.211517333984375 0.129425048828125
0.0703277587890625 -0.147659301757813 -0.00828552246093749 -0.147247314453125
-0.0380783081054688 -0.122123718261719 0.094757080078125 -0.186904907226563
-0.099365234375 0.0287246704101563 0.134361267089844 0.0769424438476562
-0.0746231079101562 0.116897583007813 0.01824951171875 0.37969970703125
-0.0266876220703125 0.124664306640625 -0.2188720703125 0.49005126953125
-0.043792724609375 0.0971450805664062 -0.35601806640625 0.322906494140625
-0.0860824584960938 0.0412979125976562 -0.161773681640625 0.0935211181640625
-0.0911102294921875 0.0421371459960938 0.229049682617188 0.0288543701171875
-0.0542984008789062 0.106643676757813 0.490447998046875 -0.086029052734375
-0.0621337890625 0.14654541015625 0.30474853515625 -0.339080810546875
-0.0621414184570313 0.113784790039062 -0.107879638671875 -0.330535888671875
-0.05047607421875 0.0139236450195312 -0.293182373046875 -0.168609619140625
0.0188407897949219 -0.0643768310546875 -0.225234985351562 -0.00347900390624997
0.06402587890625 -0.0779953002929688 0.011688232421875 -0.0697708129882813
0.187652587890625 -0.160507202148438 -0.192001342773438 0.113311767578125
0.0975494384765625 -0.195465087890625 0.0209121704101562 -0.119064331054688
-0.0329437255859375 -0.134864807128906 0.148727416992187 -0.118408203125
-0.114189147949219 0.0602264404296875 0.161026000976563 0.139572143554688
-0.104400634765625 0.167755126953125 -0.039031982421875 0.373992919921875
-0.0710906982421875 0.174468994140625 -0.300811767578125 0.41943359375
-0.106002807617188 0.120262145996094 -0.36773681640625 0.253448486328125
-0.149017333984375 0.0502777099609375 -0.109237670898438 0.0794219970703125
-0.148284912109375 0.0756683349609375 0.264328002929687 -0.00947570800781249
-0.0977325439453125 0.175125122070312 0.438568115234375 -0.183319091796875
-0.0955047607421875 0.218002319335938 0.180389404296875 -0.397430419921875
-0.0828704833984375 0.146408081054688 -0.179229736328125 -0.306732177734375
-0.0498924255371094 -0.0098419189453125 -0.276885986328125 -0.112808227539062
0.0518875122070312 -0.120529174804688 -0.179473876953125 0.0257720947265625
0.110015869140625 -0.128150939941406 0.0431442260742187 -0.0825653076171875
0.214202880859375 -0.183395385742188 -0.157852172851563 0.092803955078125
0.104049682617188 -0.200393676757813 0.0686264038085937 -0.0849990844726563
-0.0295181274414063 -0.102447509765625 0.206878662109375 -0.039825439453125
-0.1231689453125 0.10357666015625 0.161788940429688 0.20428466796875
-0.132659912109375 0.193038940429688 -0.130218505859375 0.35369873046875
-0.117721557617187 0.179107666015625 -0.389862060546875 0.32427978515625
-0.157577514648438 0.10888671875 -0.35791015625 0.174957275390625
-0.186813354492188 0.055572509765625 -0.0401458740234375 0.0567169189453125
-0.174774169921875 0.113906860351562 0.296478271484375 -0.079254150390625
-0.112136840820313 0.229995727539062 0.36273193359375 -0.2955322265625
-0.102386474609375 0.250381469726563 0.0548400878906249 -0.43414306640625
-0.0898895263671875 0.132316589355469 -0.218414306640625 -0.259979248046875
-0.0310440063476563 -0.0570869445800781 -0.226913452148438 -0.0362701416015625
0.087188720703125 -0.168548583984375 -0.116508483886719 0.0610198974609375
0.142257690429687 -0.160369873046875 0.0906906127929688 -0.0999221801757813
-0.12225341796875 0.131141662597656 -0.121147155761719 0.09759521484375
-0.0894775390625 0.203369140625 0.0435028076171875 -0.0977706909179687
0.017730712890625 0.11541748046875 0.165573120117187 -0.031524658203125
0.0680999755859375 -0.0692710876464844 0.183135986328125 0.219070434570313
0.087615966796875 -0.216659545898438 0.01202392578125 0.444366455078125
0.118499755859375 -0.270477294921875 -0.22998046875 0.413177490234375
0.173629760742188 -0.147293090820313 -0.270965576171875 0.183547973632813
0.225433349609375 -0.018890380859375 -0.0234127044677734 0.0210075378417969
0.2242431640625 -0.053955078125 0.35546875 -0.05963134765625
0.199966430664063 -0.150711059570313 0.501251220703125 -0.2164306640625
0.153152465820312 -0.198150634765625 0.209075927734375 -0.35601806640625
0.0796661376953125 -0.128150939941406 -0.162307739257812 -0.21929931640625
0.0358543395996094 0.0647811889648438 -0.274856567382813 -0.041595458984375
-0.100051879882813 0.202285766601562 -0.139259338378906 0.059295654296875
-0.147994995117188 0.161117553710937 0.156112670898438 -0.095062255859375
-0.103164672851563 0.112541198730469 -0.15570068359375 0.118515014648437
-0.0908660888671875 0.180343627929687 0.00218200683593751 -0.134727478027344
-0.015106201171875 0.130088806152344 0.0944671630859375 -0.1204833984375
0.03765869140625 -0.00836563110351563 0.148452758789063 0.147674560546875
0.0611419677734375 -0.153640747070313 0.0603637695312501 0.441802978515625
0.0939178466796875 -0.239349365234375 -0.164947509765625 0.4901123046875
0.150253295898438 -0.140274047851563 -0.28338623046875 0.27020263671875
0.201858520507813 -0.009613037109375 -0.0940475463867188 0.0511016845703125
0.215347290039063 -0.012420654296875 0.30322265625 -0.00823974609375
0.20428466796875 -0.085357666015625 0.540740966796875 -0.1126708984375
0.1607666015625 -0.150314331054688 0.32623291015625 -0.311676025390625
0.0742263793945313 -0.128868103027344 -0.0997314453125 -0.26458740234375
0.0306549072265625 0.0217723846435547 -0.293365478515625 -0.108489990234375
-0.0825042724609375 0.150741577148437 -0.1923828125 0.027740478515625
-0.127777099609375 0.138221740722656 0.0983505249023437 -0.0772933959960937
-0.0613975524902344 0.0698814392089844 -0.18634033203125 0.13397216796875
-0.0703811645507813 0.117767333984375 -0.0180816650390625 -0.158645629882812
-0.0434646606445312 0.0945663452148438 0.0493927001953125 -0.196380615234375
-0.00380706787109375 0.0288639068603516 0.111053466796875 0.078125
0.0289840698242187 -0.0764923095703125 0.07470703125 0.42047119140625
0.0683746337890625 -0.162750244140625 -0.127716064453125 0.537017822265625
0.115898132324219 -0.0969467163085938 -0.296722412109375 0.341583251953125
0.149993896484375 0.0010528564453125 -0.151992797851563 0.0775604248046875
0.165802001953125 0.013641357421875 0.249755859375 0.0202178955078125
0.167678833007813 -0.027099609375 0.54803466796875 -0.04290771484375
0.1328125 -0.0829238891601562 0.40185546875 -0.2738037109375
0.0540847778320312 -0.0905380249023437 -0.044219970703125 -0.297332763671875
0.014739990234375 0.000765800476074219 -0.29345703125 -0.159332275390625
-0.0620956420898437 0.0928421020507813 -0.232315063476563 0.00529479980468754
-0.091400146484375 0.094818115234375 0.0461082458496094 -0.0655174255371094
0.000374794006347655 0.0109519958496094 -0.202972412109375 0.143707275390625
-0.029144287109375 0.028411865234375 -0.02484130859375 -0.169525146484375
-0.0523300170898438 0.021087646484375 0.0373077392578125 -0.23419189453125
-0.0439300537109375 0.0323982238769531 0.0951309204101563 0.0387344360351563
-0.00763368606567383 -0.00417280197143555 0.071441650390625 0.39849853515625
0.0431060791015625 -0.0621795654296875 -0.122406005859375 0.552703857421875
0.072113037109375 -0.0285797119140625 -0.310394287109375 0.378143310546875
0.0767669677734375 0.0156784057617188 -0.184783935546875 0.093780517578125
0.085205078125 0.0225143432617188 0.213714599609375 0.032684326171875
0.0988922119140625 0.0144577026367188 0.537017822265625 -0.015472412109375
0.0725021362304688 -0.00882720947265625 0.424713134765625 -0.26641845703125
0.0183238983154297 -0.0244846343994141 -0.022003173828125 -0.32025146484375
-0.0079350471496582 0.0024728775024414 -0.292266845703125 -0.189666748046875
-0.0381698608398438 0.0381240844726562 -0.252899169921875 -0.0149383544921875
-0.0421180725097656 0.0402107238769531 0.0124359130859375 -0.0604782104492188
0.0694808959960938 -0.0561637878417969 -0.21331787109375 0.142379760742188
0.0235824584960937 -0.0670089721679688 -0.0238037109375 -0.165802001953125
-0.0484466552734375 -0.0624351501464844 0.0534210205078125 -0.230331420898438
-0.0766448974609375 0.0244979858398437 0.105369567871094 0.036956787109375
-0.0425338745117188 0.0597152709960937 0.055572509765625 0.38519287109375
0.0130538940429688 0.0404205322265625 -0.154052734375 0.53753662109375
0.0179214477539062 0.0423622131347656 -0.33233642578125 0.372222900390625
-0.00629806518554688 0.0296344757080078 -0.188613891601563 0.100830078125
-0.00795364379882813 0.0267314910888672 0.207412719726563 0.036956787109375
0.01751708984375 0.0535354614257813 0.519500732421875 -0.031768798828125
0.000331878662109382 0.0669631958007813 0.391387939453125 -0.291717529296875
-0.024627685546875 0.0504226684570312 -0.046783447265625 -0.334869384765625
-0.0335292816162109 0.0135269165039063 -0.295318603515625 -0.193756103515625
-0.0119266510009766 -0.0119781494140625 -0.2510986328125 -0.01629638671875
0.0110282897949219 -0.0195846557617188 -0.000514984130859372 -0.0619735717773438
0.13543701171875 -0.117134094238281 -0.210296630859375 0.133285522460938
0.0690460205078125 -0.14910888671875 -0.010650634765625 -0.148956298828125
-0.0397872924804688 -0.121528625488281 0.0919036865234375 -0.187652587890625
-0.0984115600585938 0.030548095703125 0.13702392578125 0.0767135620117188
-0.0728912353515625 0.118408203125 0.025421142578125 0.382965087890625
-0.0244903564453125 0.1253662109375 -0.213653564453125 0.496307373046875
-0.0429840087890625 0.0970840454101563 -0.352813720703125 0.331329345703125
-0.0855331420898438 0.04205322265625 -0.16131591796875 0.0957183837890625
-0.0907974243164063 0.0437698364257812 0.230270385742188 0.024871826171875
-0.0527191162109375 0.108230590820313 0.49298095703125 -0.095489501953125
-0.060028076171875 0.148513793945313 0.30181884765625 -0.346466064453125
-0.0609054565429688 0.11566162109375 -0.112457275390625 -0.330780029296875
-0.0496406555175781 0.0147972106933594 -0.29736328125 -0.1661376953125
0.0177154541015625 -0.0648574829101563 -0.227188110351562 0.000152587890624984
0.06329345703125 -0.0791015625 0.00969314575195313 -0.0691757202148438
0.185531616210938 -0.164520263671875 -0.191146850585938 0.116531372070312
0.0956878662109375 -0.198638916015625 0.0191116333007813 -0.120429992675781
-0.034637451171875 -0.134300231933594 0.147552490234375 -0.119949340820313
-0.113052368164063 0.0626678466796875 0.165054321289062 0.138214111328125
-0.102096557617188 0.170440673828125 -0.0335693359375 0.37823486328125
-0.0690765380859375 0.175750732421875 -0.2974853515625 0.42681884765625
-0.10546875 0.121742248535156 -0.36444091796875 0.260284423828125
-0.14874267578125 0.0525970458984375 -0.109878540039063 0.0813827514648437
-0.148330688476563 0.0784912109375 0.265274047851562 -0.014617919921875
-0.0951995849609375 0.176895141601563 0.439300537109375 -0.191436767578125
-0.090789794921875 0.219802856445313 0.17572021484375 -0.403228759765625
-0.081146240234375 0.149978637695313 -0.184326171875 -0.305755615234375
-0.0499687194824219 -0.00856018066406249 -0.279495239257813 -0.109817504882812
0.0501327514648437 -0.121192932128906 -0.180938720703125 0.0290069580078125
0.108123779296875 -0.130348205566406 0.0415496826171875 -0.0828857421875
0.212112426757812 -0.188186645507812 -0.156570434570313 0.0953521728515625
0.1015625 -0.20294189453125 0.0673675537109375 -0.0865097045898438
-0.0316619873046875 -0.101737976074219 0.20709228515625 -0.0419921875
-0.121086120605469 0.106033325195313 0.16619873046875 0.204147338867187
-0.130203247070312 0.196243286132813 -0.12493896484375 0.35833740234375
-0.116180419921875 0.18115234375 -0.387176513671875 0.33233642578125
-0.157974243164063 0.110366821289063 -0.3575439453125 0.182830810546875
-0.18707275390625 0.05810546875 -0.0402107238769531 0.0576515197753906
-0.174209594726562 0.118011474609375 0.296905517578125 -0.084381103515625
-0.108551025390625 0.233123779296875 0.361663818359375 -0.30322265625
-0.0981903076171875 0.253692626953125 0.04840087890625 -0.4383544921875
-0.0874481201171875 0.134666442871094 -0.223312377929688 -0.258514404296875
-0.0315513610839844 -0.0569000244140625 -0.228729248046875 -0.032989501953125
0.0848388671875 -0.17095947265625 -0.117202758789063 0.0636672973632813
0.140548706054688 -0.162979125976563 0.0883331298828125 -0.100288391113281
-0.120124816894531 0.133407592773438 -0.1192626953125 0.0984039306640625
-0.0858917236328125 0.204421997070313 0.04248046875 -0.0985641479492187
0.0192337036132813 0.114753723144531 0.165985107421875 -0.0341033935546875
0.0667190551757813 -0.0713119506835938 0.18792724609375 0.217498779296875
0.0840606689453125 -0.218231201171875 0.019744873046875 0.447296142578125
0.114486694335938 -0.27337646484375 -0.226104736328125 0.418792724609375
0.171463012695313 -0.14990234375 -0.269454956054688 0.187118530273438
0.226806640625 -0.0220184326171875 -0.0234737396240234 0.021270751953125
0.22540283203125 -0.0567779541015625 0.356597900390625 -0.064208984375
0.197967529296875 -0.154205322265625 0.49859619140625 -0.225860595703125
0.149826049804687 -0.202316284179687 0.204803466796875 -0.36151123046875
0.077178955078125 -0.130233764648438 -0.16619873046875 -0.218338012695313
0.0367889404296875 0.0646324157714844 -0.2769775390625 -0.0388183593749999
-0.097869873046875 0.204269409179688 -0.140296936035156 0.0619964599609375
-0.145126342773438 0.163177490234375 0.154434204101563 -0.0971221923828125
-0.10186767578125 0.114639282226562 -0.154617309570312 0.120803833007813
-0.0883331298828125 0.181716918945313 -0.000122070312500009 -0.134681701660156
-0.0134658813476563 0.129814147949219 0.0937957763671875 -0.121841430664062
0.0373764038085937 -0.0101318359375 0.151947021484375 0.14599609375
0.05859375 -0.155410766601563 0.0684814453125 0.443145751953125
0.090484619140625 -0.242019653320313 -0.15838623046875 0.49609375
0.148284912109375 -0.143081665039063 -0.281646728515625 0.27593994140625
0.202743530273438 -0.0127716064453125 -0.0947418212890625 0.0517044067382813
0.216705322265625 -0.0151214599609375 0.3040771484375 -0.01324462890625
0.204086303710937 -0.0892791748046875 0.54046630859375 -0.122314453125
0.158370971679688 -0.154006958007813 0.32318115234375 -0.3192138671875
0.0733413696289063 -0.130096435546875 -0.103851318359375 -0.26513671875
0.0313301086425781 0.0211048126220703 -0.296051025390625 -0.105560302734375
-0.0803985595703125 0.151626586914063 -0.193588256835938 0.030914306640625
-0.125900268554688 0.140823364257812 0.096221923828125 -0.0785446166992188
-0.0606765747070313 0.0710220336914063 -0.184616088867188 0.136871337890625
-0.0686798095703125 0.119384765625 -0.0210418701171875 -0.158889770507813
-0.0415573120117187 0.09613037109375 0.0469818115234375 -0.19671630859375
-0.00341033935546875 0.0286464691162109 0.113349914550781 0.0773849487304688
0.0268783569335938 -0.078033447265625 0.082305908203125 0.420867919921875
0.065673828125 -0.164337158203125 -0.1212158203125 0.542510986328125
0.114395141601563 -0.0988693237304687 -0.292877197265625 0.3482666015625
0.151336669921875 -0.0012054443359375 -0.15155029296875 0.0797882080078125
0.167190551757813 0.0111846923828125 0.250823974609375 0.0159912109375
0.167877197265625 -0.03033447265625 0.55059814453125 -0.051605224609375
0.131805419921875 -0.0843963623046875 0.400848388671875 -0.282989501953125
0.0528488159179688 -0.091278076171875 -0.0484619140625 -0.298797607421875
0.0142335891723633 0.000291824340820313 -0.2965087890625 -0.156463623046875
-0.060394287109375 0.0929794311523438 -0.233871459960938 0.00878906249999998
-0.0902633666992188 0.0963058471679688 0.0436515808105469 -0.0658607482910156
0.0006256103515625 0.00999164581298828 -0.200729370117188 0.146865844726562
-0.0279273986816406 0.0285129547119141 -0.027801513671875 -0.170028686523438
-0.052154541015625 0.0220146179199219 0.033843994140625 -0.234268188476563
-0.0438575744628906 0.0337371826171875 0.0961532592773438 0.0369720458984375
-0.0076746940612793 -0.0045318603515625 0.077545166015625 0.399505615234375
0.0412788391113281 -0.0629463195800781 -0.11376953125 0.557342529296875
0.07183837890625 -0.0303955078125 -0.307281494140625 0.383880615234375
0.0779190063476563 0.01513671875 -0.184982299804688 0.0960235595703125
0.08612060546875 0.0222091674804688 0.214202880859375 0.02935791015625
0.099365234375 0.01263427734375 0.539337158203125 -0.024139404296875
0.0730361938476562 -0.0104446411132812 0.42431640625 -0.275970458984375
0.0178184509277344 -0.0251178741455078 -0.02581787109375 -0.322479248046875
-0.00812864303588867 0.00248527526855469 -0.295379638671875 -0.187896728515625
-0.0373344421386719 0.0384483337402344 -0.253860473632813 -0.0112152099609375
-0.0412826538085937 0.04052734375 0.0104255676269531 -0.0602836608886719
0.0689353942871094 -0.0577774047851563 -0.211273193359375 0.145904541015625
0.0230636596679688 -0.0669898986816406 -0.0268707275390625 -0.166152954101563
-0.0489349365234375 -0.0610008239746094 0.04998779296875 -0.231597900390625
-0.0754470825195313 0.0260009765625 0.107498168945313 0.0363693237304688
-0.0412216186523438 0.0598106384277344 0.062774658203125 0.38629150390625
0.0130157470703125 0.0393791198730469 -0.146728515625 0.543121337890625
0.0187606811523438 0.0422401428222656 -0.32830810546875 0.3807373046875
-0.005828857421875 0.0297164916992187 -0.18792724609375 0.103286743164063
-0.00785636901855468 0.0269851684570312 0.207839965820313 0.0331268310546875
0.0182304382324219 0.0525970458984375 0.522430419921875 -0.041015625
0.00188064575195312 0.0673713684082031 0.389862060546875 -0.300140380859375
-0.0241050720214844 0.0513343811035156 -0.0521240234375 -0.334564208984375
-0.0332393646240234 0.0141277313232422 -0.2982177734375 -0.191162109375
-0.0126018524169922 -0.0121135711669922 -0.253311157226562 -0.01263427734375
0.0103588104248047 -0.0200614929199219 -0.0032806396484375 -0.0617446899414062
0.13409423828125 -0.120399475097656 -0.208770751953125 0.136322021484375
0.06768798828125 -0.15093994140625 -0.013824462890625 -0.148910522460938
-0.0414581298828125 -0.12060546875 0.0890960693359375 -0.188552856445313
-0.098236083984375 0.0327987670898437 0.139015197753906 0.07598876953125
-0.0712203979492187 0.120384216308594 0.031951904296875 0.385040283203125
-0.0231094360351562 0.125160217285156 -0.208221435546875 0.5025634765625
-0.04144287109375 0.09765625 -0.35003662109375 0.33721923828125
-0.0853958129882812 0.0432891845703125 -0.1611328125 0.09832763671875
-0.0910797119140625 0.0454635620117187 0.230728149414063 0.0208892822265625
-0.051300048828125 0.108306884765625 0.494110107421875 -0.1033935546875
-0.0570526123046875 0.149246215820313 0.2978515625 -0.352874755859375
-0.0581817626953125 0.1180419921875 -0.11785888671875 -0.33123779296875
-0.0496063232421875 0.0156974792480469 -0.301025390625 -0.16265869140625
0.016387939453125 -0.0649948120117188 -0.228836059570313 0.00326538085937498
0.0621490478515625 -0.0803298950195313 0.00795745849609375 -0.0688819885253906
0.183151245117188 -0.1689453125 -0.189178466796875 0.118667602539063
0.09271240234375 -0.1998291015625 0.0173110961914063 -0.120697021484375
-0.0363082885742187 -0.133132934570313 0.146041870117188 -0.121109008789063
-0.111457824707031 0.0656204223632813 0.167755126953125 0.137451171875
-0.09954833984375 0.172622680664063 -0.028472900390625 0.381439208984375
-0.0669097900390625 0.177017211914062 -0.29290771484375 0.43414306640625
-0.104393005371094 0.122573852539062 -0.363037109375 0.268310546875
-0.1484375 0.053985595703125 -0.108833312988281 0.083404541015625
-0.147567749023438 0.0810394287109375 0.265716552734375 -0.019287109375
-0.092620849609375 0.178085327148438 0.43902587890625 -0.19903564453125
-0.0875396728515625 0.221923828125 0.16943359375 -0.407012939453125
-0.078033447265625 0.152191162109375 -0.18963623046875 -0.303985595703125
-0.0504913330078125 -0.00733184814453124 -0.282562255859375 -0.10626220703125
0.0486831665039062 -0.122352600097656 -0.181381225585938 0.032012939453125
0.106307983398437 -0.132522583007813 0.0385894775390625 -0.0825347900390625
0.209014892578125 -0.192886352539063 -0.155258178710938 0.0969696044921875
0.0985870361328125 -0.205322265625 0.0665817260742188 -0.0881881713867188
-0.03289794921875 -0.101051330566406 0.206497192382813 -0.0440521240234375
-0.119888305664062 0.109748840332031 0.170989990234375 0.203323364257813
-0.126937866210937 0.198959350585938 -0.12060546875 0.3624267578125
-0.1141357421875 0.182418823242188 -0.384979248046875 0.34027099609375
-0.156600952148437 0.112625122070313 -0.355316162109375 0.1885986328125
-0.187255859375 0.0604400634765625 -0.039581298828125 0.0585060119628906
-0.172821044921875 0.121246337890625 0.296722412109375 -0.08935546875
-0.105178833007813 0.234878540039062 0.35943603515625 -0.310333251953125
-0.09344482421875 0.25640869140625 0.042633056640625 -0.441131591796875
-0.0858688354492187 0.137802124023438 -0.229598999023437 -0.256256103515625
-0.03277587890625 -0.0558395385742188 -0.230514526367188 -0.03082275390625
0.0818023681640625 -0.171859741210937 -0.117515563964844 0.0657882690429688
0.138336181640625 -0.16534423828125 0.0861358642578125 -0.1011962890625
-0.118568420410156 0.134811401367187 -0.116828918457031 0.100593566894531
-0.0836639404296875 0.205581665039063 0.0408706665039062 -0.0992507934570312
0.02099609375 0.113616943359375 0.166610717773438 -0.035919189453125
0.0655899047851563 -0.0727920532226563 0.191299438476563 0.215438842773438
0.079803466796875 -0.221221923828125 0.026519775390625 0.447784423828125
0.110260009765625 -0.275405883789063 -0.21893310546875 0.423736572265625
0.169769287109375 -0.151718139648438 -0.268600463867188 0.192138671875
0.22735595703125 -0.0252838134765625 -0.0239486694335937 0.0216217041015625
0.225143432617188 -0.0590972900390625 0.355560302734375 -0.070159912109375
0.196487426757813 -0.157623291015625 0.49639892578125 -0.235443115234375
0.147415161132813 -0.205673217773438 0.200958251953125 -0.36663818359375
0.0756988525390625 -0.131683349609375 -0.169448852539063 -0.2171630859375
0.037384033203125 0.0629081726074219 -0.27825927734375 -0.0353393554687499
-0.093963623046875 0.20489501953125 -0.14013671875 0.0633926391601563
-0.142929077148437 0.166366577148438 0.152328491210938 -0.099456787109375
-0.099853515625 0.115501403808594 -0.152130126953125 0.123062133789062
-0.085479736328125 0.182662963867188 -0.00167846679687501 -0.135078430175781
-0.0110321044921875 0.129623413085937 0.0930862426757813 -0.122581481933594
0.0368423461914063 -0.0103492736816406 0.155059814453125 0.14434814453125
0.0555267333984375 -0.157302856445312 0.074981689453125 0.443511962890625
0.0854644775390625 -0.243133544921875 -0.15179443359375 0.4998779296875
0.146270751953125 -0.144317626953125 -0.278472900390625 0.280426025390625
0.203506469726562 -0.0152587890625 -0.0944137573242187 0.0530548095703125
0.217437744140625 -0.018341064453125 0.304595947265625 -0.01788330078125
0.202499389648437 -0.0922698974609375 0.541595458984375 -0.131988525390625
0.156936645507812 -0.157546997070312 0.321075439453125 -0.325653076171875
0.0708541870117187 -0.132156372070313 -0.107254028320313 -0.2645263671875
0.0307903289794922 0.0203380584716797 -0.298828125 -0.10284423828125
-0.077911376953125 0.15240478515625 -0.193756103515625 0.0345001220703125
-0.123947143554688 0.14202880859375 0.0938568115234375 -0.07965087890625
-0.0590591430664063 0.0718154907226562 -0.182723999023438 0.139373779296875
-0.0663528442382813 0.119552612304688 -0.0227203369140625 -0.1585693359375
-0.0405197143554687 0.0965805053710938 0.04486083984375 -0.196884155273438
-0.00295066833496094 0.0279560089111328 0.115386962890625 0.076934814453125
0.0257339477539063 -0.0787124633789063 0.09027099609375 0.421112060546875
0.06243896484375 -0.16607666015625 -0.11260986328125 0.544219970703125
0.113388061523438 -0.100723266601563 -0.29046630859375 0.352630615234375
0.15203857421875 -0.002655029296875 -0.151824951171875 0.081298828125
0.168060302734375 0.0091552734375 0.25048828125 0.0121307373046875
0.16766357421875 -0.03253173828125 0.5509033203125 -0.06072998046875
0.131271362304687 -0.087310791015625 0.3980712890625 -0.291107177734375
0.0515670776367187 -0.0921707153320312 -0.05169677734375 -0.2989501953125
0.0146465301513672 -0.000441551208496094 -0.299102783203125 -0.1534423828125
-0.0588226318359375 0.0936279296875 -0.234786987304688 0.012847900390625
-0.088623046875 0.097625732421875 0.0418586730957031 -0.0655784606933594
0.000403404235839845 0.0102386474609375 -0.199005126953125 0.149322509765625
-0.0274467468261719 0.0293064117431641 -0.03094482421875 -0.169387817382812
-0.0521965026855469 0.0231781005859375 0.0315399169921875 -0.234344482421875
-0.0427665710449219 0.0341758728027344 0.0985260009765625 0.0370635986328125
-0.00852870941162109 -0.00496435165405273 0.08526611328125 0.3995361328125
0.0400924682617188 -0.0638656616210938 -0.108673095703125 0.560882568359375
0.0709609985351563 -0.0318832397460938 -0.30303955078125 0.3897705078125
0.0784225463867188 0.0139694213867188 -0.184402465820313 0.0984954833984375
0.08685302734375 0.0208663940429688 0.21429443359375 0.0258636474609375
0.0995712280273438 0.0112686157226563 0.54168701171875 -0.03460693359375
0.0733795166015625 -0.0114898681640625 0.421966552734375 -0.283477783203125
0.0172958374023438 -0.0256481170654297 -0.030517578125 -0.32257080078125
-0.00832509994506836 0.00218534469604492 -0.298675537109375 -0.184051513671875
-0.0373268127441406 0.0388336181640625 -0.255752563476563 -0.00669860839843755
-0.0408363342285156 0.0411148071289063 0.00857162475585937 -0.0604896545410156
0.0676651000976563 -0.0590553283691406 -0.209686279296875 0.148101806640625
0.0222625732421875 -0.0683326721191406 -0.0291290283203125 -0.165283203125
-0.0494804382324219 -0.060089111328125 0.046783447265625 -0.231765747070312
-0.075408935546875 0.0274124145507813 0.109016418457031 0.0360260009765625
-0.0403518676757813 0.0606689453125 0.068511962890625 0.38677978515625
0.0121841430664063 0.0395545959472656 -0.140411376953125 0.54693603515625
0.0187873840332031 0.0415420532226563 -0.32525634765625 0.384857177734375
-0.00553321838378906 0.0297622680664063 -0.1873779296875 0.105499267578125
-0.00699806213378906 0.0274696350097656 0.20855712890625 0.029876708984375
0.0189361572265625 0.0519371032714844 0.5220947265625 -0.048828125
0.00304031372070313 0.0672988891601563 0.386322021484375 -0.30718994140625
-0.0234146118164062 0.0522727966308594 -0.05615234375 -0.335479736328125
-0.0331649780273438 0.0147991180419922 -0.301666259765625 -0.1883544921875
-0.012181282043457 -0.0122356414794922 -0.254989624023438 -0.00886535644531253
0.0106410980224609 -0.0208530426025391 -0.00496673583984375 -0.0610198974609375
0.132072448730469 -0.12298583984375 -0.205978393554688 0.139389038085937
0.06494140625 -0.15191650390625 -0.015899658203125 -0.148956298828125
-0.0432662963867188 -0.119705200195312 0.08642578125 -0.188812255859375
-0.0969467163085937 0.0349807739257813 0.141891479492188 0.0746612548828125
-0.0690689086914062 0.12152099609375 0.03741455078125 0.3856201171875
-0.021820068359375 0.125091552734375 -0.202056884765625 0.506256103515625
-0.0413970947265625 0.0977706909179687 -0.346893310546875 0.342864990234375
-0.084228515625 0.04376220703125 -0.160354614257813 0.100662231445312
-0.0899810791015625 0.0470657348632812 0.231353759765625 0.0169219970703125
-0.049224853515625 0.108901977539063 0.494873046875 -0.11199951171875
-0.055023193359375 0.150588989257813 0.294281005859375 -0.3594970703125
-0.05670166015625 0.119590759277344 -0.12274169921875 -0.330718994140625
-0.04974365234375 0.0169486999511719 -0.303070068359375 -0.15948486328125
0.0158767700195313 -0.06597900390625 -0.230270385742188 0.00715637207031251
0.0609054565429688 -0.0814590454101563 0.00558090209960938 -0.0682106018066406
0.180770874023438 -0.172714233398438 -0.187026977539062 0.121475219726563
0.0896759033203125 -0.2015380859375 0.01531982421875 -0.121116638183594
-0.0390625 -0.132232666015625 0.144317626953125 -0.122787475585938
-0.110427856445312 0.0681686401367188 0.171188354492188 0.136459350585938
-0.0970611572265625 0.174362182617188 -0.02301025390625 0.383056640625
-0.0644683837890625 0.177505493164062 -0.28912353515625 0.43798828125
-0.103172302246094 0.123306274414063 -0.360687255859375 0.273529052734375
-0.147216796875 0.0560150146484375 -0.108367919921875 0.0848312377929687
-0.147186279296875 0.08294677734375 0.265380859375 -0.02294921875
-0.0898590087890625 0.179611206054687 0.438201904296875 -0.2071533203125
-0.0843048095703125 0.224014282226563 0.16497802734375 -0.411590576171875
-0.0753326416015625 0.154327392578125 -0.1954345703125 -0.302398681640625
-0.0508995056152344 -0.00575256347656249 -0.28497314453125 -0.10284423828125
0.0469512939453125 -0.123153686523438 -0.182113647460938 0.034912109375
0.104736328125 -0.134040832519531 0.0362472534179688 -0.0820159912109375
0.206024169921875 -0.196502685546875 -0.153961181640625 0.09869384765625
0.096343994140625 -0.206329345703125 0.0650100708007813 -0.0890884399414063
-0.03448486328125 -0.0998077392578125 0.20654296875 -0.0461883544921875
-0.117500305175781 0.112564086914063 0.174423217773438 0.2025146484375
-0.123779296875 0.20135498046875 -0.11572265625 0.366180419921875
-0.111221313476562 0.183853149414063 -0.381988525390625 0.347259521484375
-0.157135009765625 0.113967895507812 -0.3524169921875 0.194793701171875
-0.186111450195313 0.063079833984375 -0.03887939453125 0.0596542358398438
-0.171783447265625 0.124069213867188 0.29595947265625 -0.093475341796875
-0.102218627929687 0.237136840820313 0.35589599609375 -0.317291259765625
-0.0889892578125 0.258544921875 0.036224365234375 -0.443817138671875
-0.0829391479492187 0.140365600585938 -0.23406982421875 -0.25341796875
-0.0336647033691406 -0.0550994873046875 -0.232025146484375 -0.028839111328125
0.079437255859375 -0.17327880859375 -0.116989135742188 0.0682373046875
0.135955810546875 -0.167312622070313 0.0841522216796875 -0.101303100585938
-0.116828918457031 0.136802673339844 -0.11505126953125 0.101615905761719
-0.0797576904296875 0.206893920898438 0.0387191772460937 -0.0997085571289063
0.0225372314453125 0.113334655761719 0.166748046875 -0.0386199951171875
0.0638580322265625 -0.0744705200195313 0.195632934570313 0.2139892578125
0.0761871337890625 -0.223373413085938 0.033203125 0.447265625
0.104141235351563 -0.276153564453125 -0.21417236328125 0.427703857421875
0.167572021484375 -0.154052734375 -0.266143798828125 0.196212768554688
0.227767944335938 -0.027374267578125 -0.0240459442138672 0.0224494934082031
0.2242431640625 -0.0628814697265625 0.354522705078125 -0.075775146484375
0.194442749023438 -0.160186767578125 0.494232177734375 -0.24346923828125
0.14434814453125 -0.208251953125 0.197021484375 -0.370635986328125
0.073455810546875 -0.134536743164063 -0.172409057617188 -0.214859008789063
0.0385513305664063 0.0610694885253906 -0.277999877929687 -0.032745361328125
-0.090789794921875 0.205902099609375 -0.139350891113281 0.0669326782226562
-0.140411376953125 0.167892456054688 0.14996337890625 -0.101150512695312
-0.0984344482421875 0.117012023925781 -0.149810791015625 0.1246337890625
-0.08160400390625 0.1842041015625 -0.00408935546874999 -0.134292602539063
-0.009735107421875 0.129409790039063 0.091094970703125 -0.123451232910156
0.0367469787597656 -0.0116043090820312 0.158187866210938 0.1429443359375
0.05255126953125 -0.158798217773438 0.08270263671875 0.442413330078125
0.08135986328125 -0.243438720703125 -0.145233154296875 0.50274658203125
0.144195556640625 -0.145904541015625 -0.275848388671875 0.2845458984375
0.20416259765625 -0.017242431640625 -0.0943069458007812 0.0538864135742187
0.21807861328125 -0.020721435546875 0.3035888671875 -0.02227783203125
0.2022705078125 -0.0947113037109375 0.539703369140625 -0.140411376953125
0.154327392578125 -0.159805297851563 0.3170166015625 -0.33062744140625
0.06927490234375 -0.133003234863281 -0.10980224609375 -0.264068603515625
0.0308723449707031 0.0187931060791016 -0.29827880859375 -0.099334716796875
-0.0758209228515625 0.153167724609375 -0.193740844726563 0.0378875732421875
-0.121963500976562 0.143951416015625 0.0926437377929687 -0.0803604125976562
-0.0589599609375 0.0723037719726563 -0.179534912109375 0.142074584960938
-0.0652542114257813 0.120765686035156 -0.0254669189453125 -0.157989501953125
-0.03857421875 0.0961837768554688 0.0430755615234375 -0.197219848632812
-0.00286293029785156 0.0276832580566406 0.117240905761719 0.0758056640625
0.0239410400390625 -0.0798416137695313 0.0966796875 0.41943359375
0.0590362548828125 -0.166793823242188 -0.106658935546875 0.547149658203125
0.111503601074219 -0.101280212402344 -0.28436279296875 0.356414794921875
0.151779174804687 -0.004608154296875 -0.15093994140625 0.083160400390625
0.16778564453125 0.006805419921875 0.250274658203125 0.0074462890625
0.166885375976563 -0.035308837890625 0.549163818359375 -0.069915771484375
0.130226135253906 -0.0900726318359375 0.393798828125 -0.296722412109375
0.0505905151367187 -0.09326171875 -0.054931640625 -0.299224853515625
0.0139226913452148 -0.000911712646484375 -0.301055908203125 -0.149658203125
-0.0572662353515625 0.0942764282226563 -0.23443603515625 0.0152587890625
-0.0875167846679688 0.0989837646484375 0.0395469665527344 -0.0653533935546875
0.000555992126464844 0.00992393493652344 -0.196487426757812 0.150985717773438
-0.0267448425292969 0.0295791625976562 -0.0332183837890625 -0.168930053710938
-0.0513191223144531 0.0240516662597656 0.0280303955078125 -0.233901977539063
-0.0416984558105469 0.0345344543457031 0.0996246337890625 0.0366668701171875
-0.00827169418334961 -0.00542116165161133 0.091888427734375 0.399261474609375
0.0387802124023438 -0.0647354125976563 -0.1004638671875 0.5631103515625
0.0704193115234375 -0.0328750610351563 -0.2972412109375 0.394073486328125
0.07867431640625 0.0129623413085938 -0.183380126953125 0.100616455078125
0.0880126953125 0.0204010009765625 0.214141845703125 0.0220489501953125
0.0998153686523438 0.00982666015625 0.540557861328125 -0.042877197265625
0.073028564453125 -0.0129013061523437 0.4176025390625 -0.290771484375
0.0172901153564453 -0.0250415802001953 -0.033447265625 -0.323150634765625
-0.00852441787719727 0.00214147567749024 -0.300140380859375 -0.180419921875
-0.0360908508300781 0.0393943786621094 -0.256210327148438 -0.00343322753906251
-0.0405807495117188 0.0414886474609375 0.00629425048828125 -0.0594749450683594
0.0669288635253906 -0.0601463317871094 -0.206314086914063 0.150665283203125
0.0218162536621094 -0.0688934326171875 -0.031158447265625 -0.165252685546875
-0.0505294799804688 -0.0592765808105469 0.0434112548828125 -0.23077392578125
-0.0738296508789063 0.0285720825195312 0.110633850097656 0.035675048828125
-0.0395240783691406 0.0609359741210938 0.075225830078125 0.386688232421875
0.0134506225585937 0.0384178161621094 -0.133056640625 0.549835205078125
0.0186424255371094 0.0406341552734375 -0.319366455078125 0.389068603515625
-0.00473785400390625 0.0297279357910156 -0.18695068359375 0.107833862304687
-0.0064849853515625 0.0281257629394531 0.207901000976563 0.026580810546875
0.0196990966796875 0.0510139465332031 0.523406982421875 -0.057464599609375
0.00393295288085938 0.0677146911621094 0.3822021484375 -0.31378173828125
-0.0222091674804688 0.0522384643554688 -0.0596923828125 -0.3355712890625
-0.0329437255859375 0.0153026580810547 -0.3043212890625 -0.18505859375
-0.0127811431884766 -0.0114593505859375 -0.255615234375 -0.00445556640624998
0.0100574493408203 -0.0206947326660156 -0.00659942626953125 -0.0601119995117187
0.129981994628906 -0.125381469726563 -0.203475952148438 0.142288208007812
0.0632476806640625 -0.152481079101563 -0.018280029296875 -0.14801025390625
-0.0449295043945313 -0.118408203125 0.0843963623046875 -0.188522338867188
-0.0966339111328125 0.0362396240234375 0.143630981445312 0.0732879638671875
-0.0671005249023438 0.122703552246094 0.043731689453125 0.3868408203125
-0.0201187133789063 0.124542236328125 -0.195892333984375 0.5107421875
-0.040435791015625 0.0978012084960938 -0.3411865234375 0.34759521484375
-0.083404541015625 0.0454254150390625 -0.159515380859375 0.102127075195313
-0.0889053344726563 0.0487213134765625 0.230682373046875 0.0137481689453125
-0.047607421875 0.108894348144531 0.49310302734375 -0.11907958984375
-0.0518646240234375 0.151351928710938 0.290374755859375 -0.36370849609375
-0.0542526245117188 0.120811462402344 -0.12725830078125 -0.329498291015625
-0.0496025085449219 0.0181083679199219 -0.306182861328125 -0.15606689453125
0.0155258178710938 -0.0656890869140625 -0.230087280273438 0.01116943359375
0.0599365234375 -0.0826263427734375 0.00406646728515625 -0.0678787231445313
0.177474975585938 -0.176361083984375 -0.184677124023438 0.123809814453125
0.0866546630859375 -0.202102661132813 0.0134735107421875 -0.121856689453125
-0.04010009765625 -0.130844116210938 0.143264770507813 -0.122802734375
-0.109001159667969 0.0701446533203125 0.173568725585938 0.135101318359375
-0.0934295654296875 0.175857543945313 -0.016876220703125 0.38458251953125
-0.0631103515625 0.177810668945312 -0.28253173828125 0.44525146484375
-0.101814270019531 0.123138427734375 -0.35418701171875 0.279388427734375
-0.146591186523438 0.0578460693359375 -0.107383728027344 0.0859451293945312
-0.145492553710938 0.0860137939453125 0.264801025390625 -0.0267181396484375
-0.0871429443359375 0.180084228515625 0.435211181640625 -0.214752197265625
-0.0801239013671875 0.225143432617188 0.158294677734375 -0.41351318359375
-0.0724639892578125 0.155746459960937 -0.198760986328125 -0.30023193359375
-0.0504150390625 -0.004913330078125 -0.28680419921875 -0.099884033203125
0.044891357421875 -0.123306274414063 -0.18182373046875 0.0374755859375
0.102462768554687 -0.135726928710937 0.0344696044921875 -0.0813217163085938
0.201629638671875 -0.2001953125 -0.1502685546875 0.100326538085937
0.0926361083984375 -0.206787109375 0.06365966796875 -0.0896759033203125
-0.0362014770507812 -0.0982513427734375 0.205398559570313 -0.0481414794921875
-0.115852355957031 0.11444091796875 0.1776123046875 0.200180053710938
-0.120529174804688 0.20294189453125 -0.111083984375 0.368927001953125
-0.109222412109375 0.184738159179688 -0.3778076171875 0.35333251953125
-0.155349731445313 0.115020751953125 -0.350067138671875 0.200714111328125
-0.1849365234375 0.0648193359375 -0.0380401611328125 0.0600090026855469
-0.169403076171875 0.126083374023438 0.2945556640625 -0.09722900390625
-0.0983734130859375 0.237655639648438 0.352996826171875 -0.322021484375
-0.0841064453125 0.25994873046875 0.028533935546875 -0.445220947265625
-0.0796661376953125 0.142715454101563 -0.237579345703125 -0.250167846679688
-0.0349578857421875 -0.0533599853515625 -0.232879638671875 -0.0255584716796875
0.07696533203125 -0.174148559570313 -0.115821838378906 0.0709304809570312
0.133163452148438 -0.169631958007813 0.0804977416992188 -0.101165771484375
-0.114990234375 0.136726379394531 -0.113304138183594 0.103324890136719
-0.0777435302734375 0.206283569335938 0.0387344360351562 -0.0997085571289062
0.024444580078125 0.111549377441406 0.16748046875 -0.04058837890625
0.0622177124023438 -0.0761184692382813 0.19830322265625 0.211105346679688
0.0721893310546875 -0.224838256835938 0.0401611328125 0.447723388671875
0.100341796875 -0.276077270507813 -0.208465576171875 0.43023681640625
0.165115356445313 -0.155075073242188 -0.263839721679688 0.198806762695312
0.226791381835937 -0.0301361083984375 -0.02447509765625 0.02178955078125
0.223617553710938 -0.0656280517578125 0.352508544921875 -0.079620361328125
0.191192626953125 -0.162765502929688 0.491912841796875 -0.250152587890625
0.14111328125 -0.209732055664063 0.1912841796875 -0.37371826171875
0.0713958740234375 -0.134292602539063 -0.174270629882812 -0.212554931640625
0.0386238098144531 0.0601158142089844 -0.278030395507812 -0.0291595458984375
-0.0876312255859375 0.205581665039063 -0.138442993164063 0.0689544677734375
-0.138015747070313 0.169723510742188 0.147720336914063 -0.10247802734375
-0.0971527099609375 0.118087768554688 -0.147857666015625 0.126220703125
-0.07904052734375 0.184417724609375 -0.00530242919921875 -0.13348388671875
-0.00797271728515624 0.128875732421875 0.0908737182617187 -0.123970031738281
0.0360794067382813 -0.0132217407226563 0.160232543945313 0.141326904296875
0.0496673583984375 -0.160110473632813 0.089508056640625 0.4405517578125
0.077728271484375 -0.2449951171875 -0.1376953125 0.50469970703125
0.142074584960938 -0.1468505859375 -0.27203369140625 0.287872314453125
0.20391845703125 -0.0204315185546875 -0.0948944091796875 0.0552520751953125
0.21746826171875 -0.0237884521484375 0.302581787109375 -0.026611328125
0.200531005859375 -0.0979156494140625 0.538360595703125 -0.149871826171875
0.15240478515625 -0.16229248046875 0.3126220703125 -0.337799072265625
0.0668182373046875 -0.134262084960938 -0.113922119140625 -0.262649536132813
0.0316162109375 0.0179538726806641 -0.300079345703125 -0.096466064453125
-0.0728607177734375 0.15289306640625 -0.193099975585938 0.04034423828125
-0.119857788085938 0.144439697265625 0.0894088745117187 -0.0804214477539062
-0.057159423828125 0.0724563598632813 -0.177520751953125 0.143402099609375
-0.0625839233398438 0.121002197265625 -0.027313232421875 -0.156646728515625
-0.0365066528320313 0.0965347290039063 0.04022216796875 -0.196060180664062
-0.0019683837890625 0.0274791717529297 0.118614196777344 0.074554443359375
0.0226516723632812 -0.0805587768554688 0.102203369140625 0.417694091796875
0.0558929443359375 -0.166656494140625 -0.0982360839843751 0.548797607421875
0.11004638671875 -0.103721618652344 -0.281158447265625 0.35968017578125
0.152420043945313 -0.006011962890625 -0.150543212890625 0.084503173828125
0.168609619140625 0.0055999755859375 0.24951171875 0.0040283203125
0.166656494140625 -0.0377197265625 0.5487060546875 -0.07830810546875
0.128952026367188 -0.0913848876953125 0.389862060546875 -0.303253173828125
0.0495147705078125 -0.09356689453125 -0.05859375 -0.29876708984375
0.013911247253418 -0.00169658660888672 -0.302215576171875 -0.14678955078125
-0.05535888671875 0.0935592651367188 -0.234161376953125 0.0186614990234375
-0.085723876953125 0.099365234375 0.0381317138671875 -0.0658531188964844
5.6525180363658E-19 0.0092315673828125 -0.193405151367188 0.152938842773437
-0.0262260437011719 0.0294055938720703 -0.035888671875 -0.167984008789063
-0.0507469177246094 0.0247421264648438 0.0253448486328125 -0.232528686523438
-0.0417251586914062 0.0346832275390625 0.100700378417969 0.036346435546875
-0.00839042663574219 -0.00540399551391601 0.098388671875 0.3980712890625
0.0365791320800781 -0.0650520324707031 -0.09429931640625 0.5640869140625
0.0704879760742188 -0.0339508056640625 -0.292694091796875 0.396087646484375
0.0795059204101563 0.011474609375 -0.182662963867188 0.10235595703125
0.0876998901367187 0.019134521484375 0.21295166015625 0.0190887451171875
0.0997467041015625 0.0076904296875 0.54022216796875 -0.0506591796875
0.0738601684570313 -0.0142288208007813 0.41461181640625 -0.2960205078125
0.0170955657958984 -0.0253810882568359 -0.037506103515625 -0.32293701171875
-0.00891208648681641 0.00219821929931641 -0.30157470703125 -0.1781005859375
-0.0357475280761719 0.0391311645507813 -0.256439208984375 0.000350952148437472
-0.0392799377441406 0.0414352416992187 0.00460815429687499 -0.0587730407714844
0.0650863647460938 -0.0613174438476562 -0.203414916992187 0.152694702148438
0.0210952758789062 -0.0687713623046875 -0.0342254638671875 -0.163833618164062
-0.0505905151367188 -0.0578346252441406 0.04046630859375 -0.229904174804688
-0.0737991333007813 0.0297470092773438 0.111831665039063 0.0347747802734375
-0.0380592346191406 0.0609321594238281 0.080352783203125 0.38623046875
0.0125846862792969 0.0380401611328125 -0.125091552734375 0.551422119140625
0.0193214416503906 0.0396995544433594 -0.314605712890625 0.39300537109375
-0.00403976440429687 0.0299701690673828 -0.185409545898438 0.109161376953125
-0.00565147399902344 0.0279006958007813 0.2071533203125 0.023712158203125
0.0203361511230469 0.0504379272460938 0.522125244140625 -0.06573486328125
0.00537490844726563 0.0663566589355469 0.379486083984375 -0.318145751953125
-0.0217018127441406 0.0529632568359375 -0.0635986328125 -0.334564208984375
-0.0327472686767578 0.0154228210449219 -0.306060791015625 -0.181304931640625
-0.0124635696411133 -0.0117483139038086 -0.255661010742188 -0.000366210937499985
0.0100574493408203 -0.0211124420166016 -0.00876617431640625 -0.0588645935058594
0.127273559570313 -0.127433776855469 -0.200698852539063 0.143890380859375
0.061004638671875 -0.153472900390625 -0.0202178955078125 -0.147872924804688
-0.0463790893554687 -0.116775512695313 0.08123779296875 -0.188278198242188
-0.0954666137695313 0.0380096435546875 0.145095825195313 0.0726470947265625
-0.0653457641601563 0.1231689453125 0.04901123046875 0.386077880859375
-0.0188064575195313 0.124832153320313 -0.189117431640625 0.512847900390625
-0.03936767578125 0.0977401733398438 -0.335845947265625 0.3514404296875
-0.0826950073242188 0.0460357666015625 -0.158966064453125 0.104095458984375
-0.08837890625 0.0499420166015625 0.230194091796875 0.01068115234375
-0.04638671875 0.108772277832031 0.4906005859375 -0.1265869140625
-0.049285888671875 0.15155029296875 0.2855224609375 -0.366973876953125
-0.0526504516601563 0.122657775878906 -0.13134765625 -0.327789306640625
-0.0492897033691406 0.0189170837402344 -0.307342529296875 -0.15203857421875
0.01416015625 -0.0655174255371094 -0.230712890625 0.013763427734375
0.0589599609375 -0.0833892822265625 0.00164031982421875 -0.0665626525878906
0.173324584960938 -0.178176879882813 -0.181625366210938 0.125244140625
0.08441162109375 -0.203475952148438 0.012176513671875 -0.12152099609375
-0.0414886474609375 -0.128639221191406 0.140869140625 -0.123611450195313
-0.107994079589844 0.071990966796875 0.175872802734375 0.13311767578125
-0.0908355712890625 0.177047729492188 -0.011505126953125 0.385406494140625
-0.0602264404296875 0.17755126953125 -0.27734375 0.447784423828125
-0.100784301757813 0.124008178710937 -0.35162353515625 0.284820556640625
-0.146041870117188 0.058990478515625 -0.106529235839844 0.0865478515625
-0.144454956054687 0.0878143310546875 0.262542724609375 -0.029998779296875
-0.085174560546875 0.180419921875 0.43267822265625 -0.21954345703125
-0.0761260986328125 0.225753784179688 0.1536865234375 -0.416351318359375
-0.0694427490234375 0.157272338867188 -0.2027587890625 -0.296966552734375
-0.0502433776855469 -0.00396347045898437 -0.2877197265625 -0.096099853515625
0.043182373046875 -0.12353515625 -0.18243408203125 0.0407257080078125
0.100181579589844 -0.136947631835938 0.0321502685546875 -0.0808486938476563
0.198226928710938 -0.2027587890625 -0.148818969726563 0.101470947265625
0.0902252197265625 -0.207916259765625 0.062652587890625 -0.0902175903320313
-0.0369033813476562 -0.0965042114257813 0.205032348632813 -0.0486602783203125
-0.113059997558594 0.117042541503906 0.18048095703125 0.198318481445313
-0.117935180664062 0.204315185546875 -0.10595703125 0.371429443359375
-0.107040405273438 0.185195922851563 -0.3736572265625 0.358734130859375
-0.15484619140625 0.116607666015625 -0.34747314453125 0.205322265625
-0.183944702148438 0.066986083984375 -0.037322998046875 0.0602912902832031
-0.167755126953125 0.128219604492188 0.29180908203125 -0.1015625
-0.09417724609375 0.238525390625 0.348541259765625 -0.3282470703125
-0.079833984375 0.261077880859375 0.02435302734375 -0.44464111328125
-0.076873779296875 0.144119262695313 -0.241119384765625 -0.247283935546875
-0.0349159240722656 -0.0529098510742188 -0.232254028320313 -0.0233612060546875
0.0741119384765625 -0.173477172851563 -0.115921020507813 0.0717391967773437
0.130661010742188 -0.171630859375 0.0788116455078125 -0.100700378417969
-0.112808227539063 0.138397216796875 -0.110893249511719 0.102828979492188
-0.0744171142578125 0.20648193359375 0.03717041015625 -0.099273681640625
0.0256271362304688 0.109458923339844 0.166793823242188 -0.0424957275390625
0.060943603515625 -0.0768661499023438 0.201553344726562 0.20855712890625
0.0683746337890625 -0.225555419921875 0.04425048828125 0.445159912109375
0.0964202880859375 -0.276962280273438 -0.202301025390625 0.43310546875
0.163131713867187 -0.155517578125 -0.261871337890625 0.20068359375
0.226943969726563 -0.03118896484375 -0.0250606536865234 0.0220584869384766
0.222869873046875 -0.0680084228515625 0.351287841796875 -0.0836181640625
0.18841552734375 -0.16400146484375 0.487091064453125 -0.2569580078125
0.137924194335938 -0.211395263671875 0.186553955078125 -0.37615966796875
0.0692138671875 -0.135002136230469 -0.175888061523438 -0.211410522460937
0.0394668579101563 0.0589561462402344 -0.277755737304688 -0.02685546875
-0.085113525390625 0.205856323242187 -0.137657165527344 0.07012939453125
-0.135238647460937 0.1705322265625 0.144363403320313 -0.10247802734375
-0.0955734252929688 0.118698120117188 -0.144866943359375 0.12738037109375
-0.0769195556640625 0.184967041015625 -0.00717926025390625 -0.133094787597656
-0.00588226318359374 0.127731323242188 0.0893630981445312 -0.124420166015625
0.0359992980957031 -0.0134849548339844 0.162521362304688 0.13970947265625
0.0471343994140625 -0.160934448242188 0.094085693359375 0.4388427734375
0.0737152099609375 -0.24420166015625 -0.13214111328125 0.504791259765625
0.14031982421875 -0.147735595703125 -0.268035888671875 0.289398193359375
0.203582763671875 -0.0220794677734375 -0.0944900512695312 0.055755615234375
0.217117309570313 -0.026123046875 0.3011474609375 -0.03021240234375
0.198638916015625 -0.100067138671875 0.534210205078125 -0.1553955078125
0.149703979492188 -0.163345336914063 0.3084716796875 -0.340484619140625
0.0649642944335938 -0.1346435546875 -0.114517211914063 -0.261810302734375
0.0312767028808594 0.017364501953125 -0.299896240234375 -0.093048095703125
-0.07086181640625 0.152725219726563 -0.192947387695313 0.0426177978515625
-0.117446899414063 0.145095825195313 0.086822509765625 -0.0807571411132812
-0.056671142578125 0.0727615356445313 -0.174285888671875 0.144760131835938
-0.060577392578125 0.121337890625 -0.029388427734375 -0.155319213867188
-0.0355224609375 0.096405029296875 0.038787841796875 -0.195632934570313
-0.00167465209960938 0.0277080535888672 0.120597839355469 0.0738067626953125
0.0208358764648438 -0.0812911987304688 0.108245849609375 0.41741943359375
0.0529022216796875 -0.167373657226563 -0.091796875 0.54974365234375
0.107521057128906 -0.10430908203125 -0.276275634765625 0.36199951171875
0.152679443359375 -0.0072021484375 -0.149154663085938 0.0852813720703125
0.168228149414062 0.00372314453125 0.248275756835937 0.0012054443359375
0.165725708007813 -0.03961181640625 0.54583740234375 -0.0865478515625
0.127250671386719 -0.0930404663085938 0.38653564453125 -0.307586669921875
0.0477142333984375 -0.093841552734375 -0.060333251953125 -0.29833984375
0.0143060684204102 -0.00133419036865234 -0.302154541015625 -0.14361572265625
-0.0541839599609375 0.0940933227539063 -0.23443603515625 0.0218963623046875
-0.0841903686523437 0.100204467773437 0.0361099243164062 -0.065093994140625
0.000460624694824219 0.00890064239501953 -0.190399169921875 0.154296875
-0.0256156921386719 0.0291996002197266 -0.0382080078125 -0.167129516601563
-0.0496101379394531 0.0250511169433594 0.0233154296875 -0.230850219726563
-0.0407600402832031 0.0349502563476563 0.101776123046875 0.0357742309570313
-0.00897407531738281 -0.0057220458984375 0.10284423828125 0.39581298828125
0.0351409912109375 -0.0656814575195313 -0.0867919921874999 0.564208984375
0.0686531066894531 -0.0350494384765625 -0.286865234375 0.39959716796875
0.0799331665039063 0.0106658935546875 -0.182357788085938 0.103561401367188
0.08819580078125 0.0180892944335938 0.21221923828125 0.0160980224609375
0.0996780395507812 0.00630950927734375 0.5386962890625 -0.057861328125
0.0726318359375 -0.0154800415039063 0.41021728515625 -0.301422119140625
0.016998291015625 -0.0245094299316406 -0.039886474609375 -0.32232666015625
-0.00842428207397461 0.00252008438110352 -0.30291748046875 -0.174835205078125
-0.0343818664550781 0.0392341613769531 -0.255874633789062 0.00354003906249995
-0.0386962890625 0.0418586730957031 0.00295257568359375 -0.0577850341796875
0.0639724731445313 -0.0623207092285156 -0.201339721679687 0.155014038085938
0.0203132629394531 -0.0679779052734375 -0.0362701416015625 -0.162796020507813
-0.051055908203125 -0.0566673278808594 0.0380096435546875 -0.228668212890625
-0.072998046875 0.030487060546875 0.112739562988281 0.0344924926757813
-0.0370597839355469 0.0607223510742188 0.086090087890625 0.3846435546875
0.0127601623535156 0.0369224548339844 -0.11846923828125 0.552734375
0.0189590454101562 0.0391883850097656 -0.30914306640625 0.395599365234375
-0.00309562683105468 0.0290985107421875 -0.184982299804687 0.110305786132813
-0.00604820251464844 0.0283832550048828 0.20660400390625 0.0201263427734375
0.0211105346679688 0.0497970581054688 0.520538330078125 -0.071807861328125
0.00640106201171875 0.0661582946777344 0.37445068359375 -0.32208251953125
-0.0208587646484375 0.0537681579589844 -0.067138671875 -0.332855224609375
-0.0323333740234375 0.01611328125 -0.306610107421875 -0.17791748046875
-0.0126028060913086 -0.0117244720458984 -0.255599975585938 0.002471923828125
0.00948524475097656 -0.0215320587158203 -0.0101356506347656 -0.0568428039550781
0.124557495117188 -0.128746032714844 -0.19720458984375 0.1441650390625
0.0593719482421875 -0.153335571289063 -0.0227813720703125 -0.146636962890625
-0.0472183227539062 -0.115501403808594 0.079193115234375 -0.18798828125
-0.094024658203125 0.0396804809570312 0.1461181640625 0.0719757080078125
-0.0634384155273438 0.123527526855469 0.05426025390625 0.38525390625
-0.0178070068359375 0.124298095703125 -0.183349609375 0.516082763671875
-0.03887939453125 0.0968704223632812 -0.331756591796875 0.35540771484375
-0.0815658569335938 0.0470352172851562 -0.157119750976563 0.10455322265625
-0.0875244140625 0.05120849609375 0.228424072265625 0.006866455078125
-0.044769287109375 0.108535766601562 0.489776611328125 -0.132568359375
-0.0467681884765625 0.150863647460938 0.2802734375 -0.370819091796875
-0.0505142211914062 0.123046875 -0.1336669921875 -0.325531005859375
-0.0486106872558594 0.0196647644042969 -0.308563232421875 -0.148712158203125
0.0131263732910156 -0.065093994140625 -0.230422973632812 0.016937255859375
0.0580902099609375 -0.08380126953125 -0.000144958496093751 -0.0649147033691406
0.169845581054688 -0.179885864257813 -0.179580688476563 0.125534057617188
0.081207275390625 -0.203277587890625 0.00939941406250002 -0.120780944824219
-0.04248046875 -0.127723693847656 0.138809204101563 -0.12322998046875
-0.105690002441406 0.074127197265625 0.177749633789063 0.1317138671875
-0.0884857177734375 0.17779541015625 -0.00692749023437502 0.3856201171875
-0.058380126953125 0.177413940429688 -0.27294921875 0.45123291015625
-0.099822998046875 0.123603820800781 -0.348541259765625 0.28717041015625
-0.144073486328125 0.060272216796875 -0.104652404785156 0.0871353149414062
-0.143035888671875 0.0892333984375 0.262359619140625 -0.0334014892578125
-0.0822296142578125 0.180618286132812 0.429595947265625 -0.225982666015625
-0.0724639892578125 0.224990844726563 0.148651123046875 -0.4176025390625
-0.06744384765625 0.158676147460938 -0.205047607421875 -0.293731689453125
-0.0504379272460937 -0.00281524658203125 -0.288299560546875 -0.093658447265625
0.0416641235351563 -0.122673034667969 -0.181961059570312 0.0426788330078125
0.098052978515625 -0.137771606445313 0.029876708984375 -0.0796966552734375
0.194351196289063 -0.204849243164063 -0.146957397460938 0.101852416992187
0.087310791015625 -0.20782470703125 0.0612335205078125 -0.0910720825195313
-0.0372161865234375 -0.0946807861328125 0.2027587890625 -0.0493927001953125
-0.110816955566406 0.117362976074219 0.182540893554687 0.196990966796875
-0.11541748046875 0.205123901367188 -0.10235595703125 0.37127685546875
-0.1041259765625 0.185501098632813 -0.368621826171875 0.363006591796875
-0.15374755859375 0.116500854492188 -0.343292236328125 0.208099365234375
-0.182632446289063 0.0681610107421875 -0.0358428955078125 0.0608673095703125
-0.165496826171875 0.130325317382813 0.290435791015625 -0.104339599609375
-0.0913543701171875 0.238189697265625 0.343505859375 -0.3316650390625
-0.076385498046875 0.26068115234375 0.018341064453125 -0.4447021484375
-0.07452392578125 0.145065307617187 -0.243911743164062 -0.243179321289063
-0.0361518859863281 -0.0505218505859375 -0.233062744140625 -0.0209197998046875
0.0721588134765625 -0.174270629882813 -0.115325927734375 0.0736770629882812
0.127944946289062 -0.17205810546875 0.0762939453125 -0.100418090820313
-0.1119384765625 0.1380615234375 -0.109123229980469 0.102859497070313
-0.071624755859375 0.205734252929688 0.035858154296875 -0.0993728637695312
0.0269622802734375 0.107589721679688 0.16705322265625 -0.043182373046875
0.0595321655273438 -0.07806396484375 0.201995849609375 0.207244873046875
0.0655364990234375 -0.2249755859375 0.048980712890625 0.442230224609375
0.09246826171875 -0.276260375976563 -0.198394775390625 0.43212890625
0.161331176757813 -0.155349731445313 -0.25970458984375 0.202163696289063
0.225982666015625 -0.0335540771484375 -0.0251140594482422 0.0221195220947266
0.222305297851563 -0.0690460205078125 0.34918212890625 -0.08782958984375
0.186981201171875 -0.166000366210938 0.483673095703125 -0.26275634765625
0.1357421875 -0.21240234375 0.18310546875 -0.377227783203125
0.0671234130859375 -0.136093139648437 -0.17620849609375 -0.20989990234375
0.0396919250488281 0.0576286315917969 -0.27783203125 -0.0248870849609375
-0.0823822021484375 0.204803466796875 -0.136367797851563 0.0720672607421875
-0.133056640625 0.171157836914062 0.142120361328125 -0.1029052734375
-0.0944366455078125 0.118598937988281 -0.142196655273438 0.127395629882813
-0.0749969482421875 0.183883666992188 -0.00807189941406251 -0.131782531738281
-0.00396728515624999 0.127021789550781 0.0895919799804688 -0.124443054199219
0.03546142578125 -0.0142631530761719 0.163650512695312 0.137786865234375
0.0448760986328125 -0.160842895507812 0.097930908203125 0.437744140625
0.0701904296875 -0.24420166015625 -0.12615966796875 0.505126953125
0.137741088867188 -0.147933959960938 -0.265228271484375 0.291656494140625
0.203353881835937 -0.0236358642578125 -0.0943832397460937 0.0555572509765625
0.216873168945313 -0.0273590087890625 0.2998046875 -0.03314208984375
0.19744873046875 -0.101837158203125 0.532012939453125 -0.1619873046875
0.147720336914063 -0.16485595703125 0.30511474609375 -0.343017578125
0.0629119873046875 -0.135055541992188 -0.116409301757813 -0.259811401367188
0.0313396453857422 0.0160427093505859 -0.299591064453125 -0.090850830078125
-0.0692291259765625 0.152313232421875 -0.192062377929687 0.0443115234375
-0.116043090820313 0.145553588867187 0.0848846435546875 -0.0810165405273437
-0.0561599731445313 0.0729904174804687 -0.171463012695313 0.144912719726563
-0.0589752197265625 0.120521545410156 -0.0310211181640625 -0.154510498046875
-0.0338211059570313 0.09600830078125 0.0369720458984375 -0.194412231445313
-0.00229454040527344 0.0265579223632813 0.121353149414063 0.0728759765625
0.019622802734375 -0.081390380859375 0.112030029296875 0.41363525390625
0.050537109375 -0.166824340820313 -0.0862731933593749 0.548736572265625
0.106620788574219 -0.104133605957031 -0.271881103515625 0.3641357421875
0.152267456054688 -0.0088958740234375 -0.149078369140625 0.086273193359375
0.168930053710938 0.0023956298828125 0.246612548828125 -0.0019683837890625
0.164901733398438 -0.0413970947265625 0.544708251953125 -0.092132568359375
0.125595092773438 -0.0945816040039063 0.3841552734375 -0.311492919921875
0.0465545654296875 -0.0933151245117188 -0.06268310546875 -0.297271728515625
0.0141420364379883 -0.00233554840087891 -0.30230712890625 -0.14154052734375
-0.052734375 0.0932464599609375 -0.233047485351563 0.0238494873046875
-0.0829620361328125 0.0996551513671875 0.03411865234375 -0.0648956298828125
-0.000436782836914063 0.00885486602783203 -0.188064575195312 0.15533447265625
-0.0246925354003906 0.0293998718261719 -0.039581298828125 -0.165679931640625
-0.0493850708007813 0.025604248046875 0.020843505859375 -0.229415893554688
-0.0402145385742187 0.0352363586425781 0.102462768554688 0.0357894897460938
-0.00924491882324219 -0.00618648529052735 0.10797119140625 0.39453125
0.0340118408203125 -0.0662689208984375 -0.08184814453125 0.563232421875
0.0679473876953125 -0.03564453125 -0.282745361328125 0.401153564453125
0.0799102783203125 0.0103378295898437 -0.1812744140625 0.1043701171875
0.0878677368164063 0.0174179077148438 0.210845947265625 0.012542724609375
0.0993881225585937 0.00466156005859375 0.53558349609375 -0.06280517578125
0.07342529296875 -0.016082763671875 0.406829833984375 -0.30535888671875
0.0161304473876953 -0.0248756408691406 -0.04254150390625 -0.32171630859375
-0.00915050506591797 0.00255298614501953 -0.302734375 -0.172149658203125
-0.0344963073730469 0.0387001037597656 -0.255157470703125 0.00663757324218753
-0.0380439758300781 0.041748046875 0.00133132934570312 -0.0568923950195313
0.0622596740722656 -0.0628814697265625 -0.197769165039063 0.155075073242188
0.0203094482421875 -0.0686149597167969 -0.038055419921875 -0.16180419921875
-0.0507164001464844 -0.0557098388671875 0.03607177734375 -0.226425170898438
-0.0717315673828125 0.031524658203125 0.113937377929688 0.0338134765625
-0.0367202758789063 0.0617256164550781 0.090850830078125 0.383819580078125
0.0123672485351562 0.03692626953125 -0.11376953125 0.5526123046875
0.0192108154296875 0.0381851196289063 -0.304718017578125 0.396728515625
-0.00172042846679688 0.0289936065673828 -0.182952880859375 0.111343383789063
-0.0045928955078125 0.0283546447753906 0.205154418945312 0.017974853515625
0.0213546752929687 0.0486640930175781 0.51824951171875 -0.078521728515625
0.00721359252929687 0.0652656555175781 0.3701171875 -0.325408935546875
-0.0194053649902344 0.0545120239257813 -0.06903076171875 -0.332366943359375
-0.0326175689697266 0.0161113739013672 -0.307098388671875 -0.17529296875
-0.0121021270751953 -0.0113716125488281 -0.254928588867188 0.00500488281250005
0.00899124145507813 -0.0214595794677734 -0.0111045837402344 -0.0564308166503906
0.121963500976562 -0.129653930664063 -0.194915771484375 0.145675659179688
0.0571136474609375 -0.152816772460937 -0.0237884521484375 -0.145523071289063
-0.0473403930664063 -0.114166259765625 0.07745361328125 -0.186737060546875
-0.0926971435546875 0.0402984619140625 0.146942138671875 0.0708160400390625
-0.0619659423828125 0.124496459960938 0.058197021484375 0.38433837890625
-0.017364501953125 0.122642517089844 -0.17864990234375 0.515716552734375
-0.038360595703125 0.09613037109375 -0.3280029296875 0.357086181640625
-0.0809707641601563 0.0463714599609375 -0.15643310546875 0.105422973632812
-0.086761474609375 0.0517425537109375 0.227203369140625 0.00506591796875
-0.0433578491210938 0.10784912109375 0.487030029296875 -0.1385498046875
-0.0451507568359375 0.151092529296875 0.276153564453125 -0.372833251953125
-0.0491714477539063 0.123588562011719 -0.1356201171875 -0.32354736328125
-0.0485916137695313 0.020111083984375 -0.308349609375 -0.146331787109375
0.0127944946289062 -0.0656242370605469 -0.230560302734375 0.0193939208984375
0.056640625 -0.0843887329101563 -0.00134658813476562 -0.0636940002441406
0.16693115234375 -0.181869506835938 -0.177200317382813 0.127166748046875
0.078948974609375 -0.203262329101563 0.00884246826171874 -0.120040893554688
-0.0437774658203125 -0.125579833984375 0.137222290039063 -0.123092651367188
-0.103904724121094 0.0753097534179688 0.17816162109375 0.130126953125
-0.085540771484375 0.177932739257813 -0.00344848632812503 0.3848876953125
-0.0567626953125 0.176528930664063 -0.2677001953125 0.45294189453125
-0.0989913940429688 0.124053955078125 -0.343719482421875 0.288726806640625
-0.142913818359375 0.0609588623046875 -0.103981018066406 0.0884170532226563
-0.141494750976563 0.09014892578125 0.260574340820313 -0.036102294921875
-0.080230712890625 0.1800537109375 0.425933837890625 -0.231658935546875
-0.070037841796875 0.2252197265625 0.144073486328125 -0.417327880859375
-0.064208984375 0.158981323242188 -0.207427978515625 -0.291259765625
-0.0503311157226562 -0.00144195556640626 -0.287567138671875 -0.091552734375
0.04058837890625 -0.122428894042969 -0.181427001953125 0.0448760986328125
0.0956802368164063 -0.138107299804688 0.028594970703125 -0.0784378051757813
0.190658569335938 -0.206695556640625 -0.144622802734375 0.102752685546875
0.08502197265625 -0.20782470703125 0.0601577758789063 -0.0899505615234375
-0.0373382568359375 -0.094146728515625 0.202133178710938 -0.0509796142578125
-0.108375549316406 0.119125366210938 0.184967041015625 0.194808959960938
-0.111831665039063 0.205703735351562 -0.0977783203125 0.37286376953125
-0.103164672851563 0.1845703125 -0.365936279296875 0.36492919921875
-0.15203857421875 0.117538452148438 -0.34027099609375 0.21087646484375
-0.181320190429688 0.0686798095703125 -0.0358390808105469 0.0609130859375
-0.163619995117188 0.131179809570312 0.287506103515625 -0.106781005859375
-0.088531494140625 0.23828125 0.340057373046875 -0.335357666015625
-0.0721435546875 0.260696411132813 0.0138244628906249 -0.442474365234375
-0.0718231201171875 0.146270751953125 -0.245376586914063 -0.240280151367187
-0.0368385314941406 -0.050262451171875 -0.232192993164063 -0.0193328857421875
0.070404052734375 -0.17413330078125 -0.114227294921875 0.07501220703125
0.125930786132812 -0.1724853515625 0.0734634399414063 -0.099700927734375
-0.110450744628906 0.138381958007813 -0.107223510742188 0.102821350097656
-0.0696563720703125 0.205108642578125 0.0359420776367188 -0.0981369018554687
0.027191162109375 0.107185363769531 0.167129516601563 -0.0435943603515625
0.0577621459960938 -0.0787506103515625 0.20428466796875 0.203811645507813
0.0623626708984375 -0.22589111328125 0.052825927734375 0.4420166015625
0.090667724609375 -0.27484130859375 -0.19451904296875 0.43353271484375
0.159255981445312 -0.1552734375 -0.258834838867188 0.204132080078125
0.225234985351563 -0.0346832275390625 -0.0257911682128906 0.0224475860595703
0.220611572265625 -0.070556640625 0.346710205078125 -0.090423583984375
0.185226440429687 -0.167068481445312 0.479248046875 -0.266876220703125
0.133682250976563 -0.213836669921875 0.180023193359375 -0.378448486328125
0.0670242309570313 -0.135650634765625 -0.177871704101562 -0.207794189453125
0.0392494201660156 0.0569114685058594 -0.27679443359375 -0.0236358642578125
-0.0794830322265625 0.203948974609375 -0.136375427246094 0.0736846923828125
-0.131317138671875 0.171905517578125 0.13922119140625 -0.102691650390625
-0.0928955078125 0.117645263671875 -0.140777587890625 0.1278076171875
-0.0726470947265625 0.1834716796875 -0.00926208496093751 -0.131324768066406
-0.00322723388671874 0.125190734863281 0.0888137817382813 -0.124191284179687
0.0343971252441406 -0.015167236328125 0.1650390625 0.136856079101563
0.0429840087890625 -0.1617431640625 0.103546142578125 0.434906005859375
0.0674285888671875 -0.243087768554688 -0.1212158203125 0.504425048828125
0.1365966796875 -0.148666381835938 -0.26226806640625 0.292755126953125
0.202438354492188 -0.0246734619140625 -0.0934524536132812 0.0556793212890625
0.21649169921875 -0.02838134765625 0.29815673828125 -0.036407470703125
0.195281982421875 -0.102691650390625 0.52886962890625 -0.16583251953125
0.146102905273438 -0.166061401367188 0.30133056640625 -0.344696044921875
0.0627593994140625 -0.135162353515625 -0.116897583007813 -0.2593994140625
0.0309410095214844 0.0153751373291016 -0.29888916015625 -0.089324951171875
-0.0679931640625 0.151596069335938 -0.191024780273438 0.046905517578125
-0.114151000976563 0.145553588867188 0.0828628540039062 -0.0806198120117187
-0.0557479858398437 0.07318115234375 -0.169418334960938 0.145538330078125
-0.0575485229492188 0.12017822265625 -0.0314483642578125 -0.153274536132813
-0.0328598022460938 0.0956039428710937 0.035980224609375 -0.192886352539063
-0.00164985656738281 0.0259151458740234 0.12213134765625 0.0724868774414063
0.0186309814453125 -0.0824050903320313 0.116119384765625 0.412261962890625
0.04864501953125 -0.166854858398438 -0.08233642578125 0.547637939453125
0.105583190917969 -0.104164123535156 -0.26861572265625 0.364044189453125
0.152053833007812 -0.01043701171875 -0.147811889648438 0.08636474609375
0.168685913085938 0.00152587890625 0.24591064453125 -0.0042572021484375
0.163772583007813 -0.04254150390625 0.542144775390625 -0.096771240234375
0.125396728515625 -0.09564208984375 0.38006591796875 -0.31451416015625
0.04644775390625 -0.0940933227539063 -0.063568115234375 -0.295928955078125
0.0139131546020508 -0.00327682495117188 -0.302001953125 -0.13922119140625
-0.050994873046875 0.0932693481445313 -0.232101440429687 0.0253753662109375
-0.0818023681640625 0.0993270874023438 0.0329666137695312 -0.063812255859375
-0.000801563262939454 0.00843381881713867 -0.185897827148438 0.156097412109375
-0.0247058868408203 0.0295181274414062 -0.04083251953125 -0.163864135742188
-0.048583984375 0.026214599609375 0.019927978515625 -0.227615356445313
-0.0393867492675781 0.0348548889160156 0.103416442871094 0.0348892211914063
-0.00979042053222656 -0.00597763061523438 0.1109619140625 0.392242431640625
0.0327568054199219 -0.0662803649902344 -0.077728271484375 0.561676025390625
0.0665054321289062 -0.0355300903320312 -0.278900146484375 0.40057373046875
0.079559326171875 0.009307861328125 -0.18048095703125 0.105239868164062
0.0886383056640625 0.0166702270507813 0.209671020507813 0.0117034912109375
0.0993118286132813 0.003692626953125 0.533477783203125 -0.067962646484375
0.0732269287109375 -0.01708984375 0.40374755859375 -0.307830810546875
0.0165729522705078 -0.0242900848388672 -0.04345703125 -0.320343017578125
-0.00824117660522461 0.00253820419311523 -0.30218505859375 -0.17041015625
-0.0336380004882813 0.0387153625488281 -0.255142211914063 0.00860595703125002
-0.03802490234375 0.0411720275878906 -0.000175476074218755 -0.0555801391601563
0.0615501403808594 -0.063873291015625 -0.196243286132813 0.156021118164063
0.0188140869140625 -0.0687828063964844 -0.0396881103515625 -0.160980224609375
-0.0512619018554688 -0.0543785095214844 0.0347747802734375 -0.223983764648438
-0.0713272094726563 0.03216552734375 0.11444091796875 0.03399658203125
-0.0360374450683594 0.0611228942871094 0.093414306640625 0.38201904296875
0.0124969482421875 0.0360107421875 -0.108978271484375 0.55206298828125
0.0188026428222656 0.0380020141601563 -0.30078125 0.397125244140625
-0.00171852111816406 0.0286064147949219 -0.18267822265625 0.111557006835938
-0.00409889221191406 0.0277805328369141 0.2041015625 0.0154266357421875
0.0214080810546875 0.0479202270507813 0.5157470703125 -0.082427978515625
0.00823974609375001 0.0643806457519531 0.367919921875 -0.3277587890625
-0.0186309814453125 0.0550537109375 -0.07049560546875 -0.330718994140625
-0.0321712493896484 0.0167331695556641 -0.30743408203125 -0.17333984375
-0.0120840072631836 -0.0108327865600586 -0.255294799804688 0.00761413574218752
0.00877189636230469 -0.0222682952880859 -0.013092041015625 -0.0552749633789063
0.120468139648438 -0.12982177734375 -0.19281005859375 0.14599609375
0.0560455322265625 -0.1531982421875 -0.0248260498046875 -0.143829345703125
-0.0477218627929688 -0.112884521484375 0.0758209228515625 -0.184799194335938
-0.0915374755859375 0.0424575805664063 0.147903442382812 0.070281982421875
-0.0606460571289062 0.12353515625 0.06109619140625 0.383514404296875
-0.0164413452148438 0.122505187988281 -0.175933837890625 0.516082763671875
-0.03826904296875 0.0960159301757813 -0.3236083984375 0.3570556640625
-0.0796737670898438 0.0461349487304687 -0.155197143554688 0.105560302734375
-0.0856170654296875 0.0518417358398438 0.225494384765625 0.0025482177734375
-0.0423507690429688 0.10723876953125 0.483062744140625 -0.14288330078125
-0.043182373046875 0.150665283203125 0.27276611328125 -0.373443603515625
-0.0472564697265625 0.123908996582031 -0.13861083984375 -0.321197509765625
-0.0478897094726562 0.0212860107421875 -0.30804443359375 -0.144287109375
0.012359619140625 -0.0650367736816406 -0.229965209960937 0.0217132568359375
0.0548248291015625 -0.0845870971679688 -0.00262832641601562 -0.0621757507324219
0.165374755859375 -0.1820068359375 -0.174270629882813 0.127182006835938
0.0769500732421875 -0.203079223632813 0.00717926025390624 -0.119606018066406
-0.0437393188476562 -0.123481750488281 0.136070251464844 -0.121879577636719
-0.102195739746094 0.0767822265625 0.179702758789063 0.128860473632813
-0.0832672119140625 0.178695678710938 -0.000793457031250002 0.383819580078125
-0.05511474609375 0.176361083984375 -0.26361083984375 0.453094482421875
-0.0990447998046875 0.123550415039062 -0.340057373046875 0.289764404296875
-0.142013549804688 0.0608673095703125 -0.103744506835938 0.0883026123046875
-0.140190124511719 0.0903854370117188 0.258377075195313 -0.037353515625
-0.078094482421875 0.179367065429688 0.423492431640625 -0.233062744140625
-0.066925048828125 0.22515869140625 0.139495849609375 -0.418701171875
-0.0623779296875 0.15997314453125 -0.2080078125 -0.289215087890625
-0.0494575500488281 -0.00118637084960937 -0.287994384765625 -0.089630126953125
0.038818359375 -0.122283935546875 -0.181076049804688 0.0460357666015625
0.0946273803710937 -0.138648986816406 0.0263748168945313 -0.077117919921875
0.187820434570313 -0.208175659179688 -0.142471313476563 0.102874755859375
0.082275390625 -0.208206176757812 0.058563232421875 -0.0901412963867188
-0.0374374389648438 -0.0920867919921875 0.20062255859375 -0.05078125
-0.106773376464844 0.120391845703125 0.185470581054688 0.194183349609375
-0.109481811523437 0.205963134765625 -0.094085693359375 0.373321533203125
-0.101409912109375 0.185226440429688 -0.36346435546875 0.367889404296875
-0.15167236328125 0.116668701171875 -0.3370361328125 0.212158203125
-0.179931640625 0.069061279296875 -0.0353050231933594 0.06146240234375
-0.162094116210937 0.13116455078125 0.28515625 -0.1082763671875
-0.0848388671875 0.23681640625 0.3377685546875 -0.337188720703125
-0.0689544677734375 0.260269165039063 0.00970458984375 -0.4423828125
-0.070159912109375 0.147247314453125 -0.246627807617188 -0.238189697265625
-0.0368385314941406 -0.0494384765625 -0.23223876953125 -0.0195465087890625
0.0682525634765625 -0.173065185546875 -0.114013671875 0.0757980346679688
0.1240234375 -0.172637939453125 0.0716705322265625 -0.0982208251953125
-0.108497619628906 0.138641357421875 -0.105293273925781 0.1033935546875
-0.068206787109375 0.204833984375 0.03460693359375 -0.0973892211914062
0.028076171875 0.105438232421875 0.1666259765625 -0.044647216796875
0.0571212768554688 -0.0793838500976563 0.205703735351563 0.203475952148437
0.0602874755859375 -0.22601318359375 0.055145263671875 0.439910888671875
0.08673095703125 -0.274322509765625 -0.19061279296875 0.433502197265625
0.157546997070313 -0.155258178710938 -0.25677490234375 0.20513916015625
0.225128173828125 -0.0350189208984375 -0.0257148742675781 0.021820068359375
0.220306396484375 -0.07025146484375 0.345703125 -0.091888427734375
0.18280029296875 -0.166656494140625 0.4774169921875 -0.2691650390625
0.131057739257813 -0.21441650390625 0.1771240234375 -0.3792724609375
0.0645904541015625 -0.136207580566406 -0.177459716796875 -0.206756591796875
0.0398979187011719 0.0557060241699219 -0.276031494140625 -0.022552490234375
-0.077911376953125 0.203872680664062 -0.134796142578125 0.0743637084960938
-0.129287719726563 0.172042846679688 0.136634826660156 -0.102523803710937
-0.0921707153320312 0.119003295898438 -0.138969421386719 0.127922058105469
-0.0710906982421875 0.182907104492188 -0.00991058349609374 -0.130485534667969
-0.00215911865234376 0.124542236328125 0.0886383056640625 -0.12420654296875
0.03460693359375 -0.0162429809570313 0.166030883789063 0.135772705078125
0.0408477783203125 -0.16143798828125 0.105712890625 0.43310546875
0.0653533935546875 -0.242172241210938 -0.118194580078125 0.50482177734375
0.134902954101563 -0.147598266601563 -0.26007080078125 0.293426513671875
0.202957153320313 -0.025909423828125 -0.0941009521484375 0.0556564331054688
0.21533203125 -0.030059814453125 0.295806884765625 -0.037628173828125
0.193832397460937 -0.10394287109375 0.526214599609375 -0.1697998046875
0.144317626953125 -0.167098999023438 0.29913330078125 -0.34820556640625
0.0609283447265625 -0.135047912597656 -0.11773681640625 -0.259353637695312
0.0313606262207031 0.0148029327392578 -0.298309326171875 -0.087493896484375
-0.0657806396484375 0.150543212890625 -0.191055297851563 0.0479888916015625
-0.112594604492187 0.14569091796875 0.0812149047851563 -0.0796127319335937
-0.0546340942382813 0.07305908203125 -0.167282104492187 0.145965576171875
-0.0565872192382813 0.120010375976562 -0.032318115234375 -0.151611328125
-0.0316314697265625 0.09564208984375 0.0355682373046875 -0.191619873046875
-0.0017547607421875 0.025848388671875 0.123458862304688 0.0725326538085938
0.0177154541015625 -0.0823287963867187 0.1187744140625 0.4102783203125
0.0465087890625 -0.165969848632812 -0.078277587890625 0.546905517578125
0.104049682617187 -0.103843688964844 -0.266082763671875 0.36444091796875
0.15216064453125 -0.01092529296875 -0.148056030273438 0.0865631103515625
0.168899536132812 0.000396728515625 0.243988037109375 -0.0059814453125
0.16339111328125 -0.0437469482421875 0.541351318359375 -0.101593017578125
0.124008178710938 -0.0960845947265625 0.378387451171875 -0.31646728515625
0.0462112426757812 -0.094207763671875 -0.06414794921875 -0.29547119140625
0.013580322265625 -0.00284385681152344 -0.30133056640625 -0.13739013671875
-0.0505905151367188 0.0924301147460937 -0.231979370117188 0.0265960693359375
-0.0809249877929688 0.0995101928710938 0.0311393737792969 -0.0637435913085938
-0.00178766250610352 0.00844860076904297 -0.18365478515625 0.1566162109375
-0.0242595672607422 0.029266357421875 -0.0419769287109375 -0.162933349609375
-0.0482902526855469 0.026153564453125 0.019012451171875 -0.226104736328125
-0.0388336181640625 0.0355987548828125 0.104133605957031 0.0354080200195313
-0.00939083099365234 -0.00614166259765625 0.113555908203125 0.3909912109375
0.0315818786621094 -0.0661392211914063 -0.07427978515625 0.561553955078125
0.0659561157226562 -0.0358924865722656 -0.277435302734375 0.400970458984375
0.080657958984375 0.00855255126953125 -0.179931640625 0.10467529296875
0.08856201171875 0.015777587890625 0.2080078125 0.0094451904296875
0.09869384765625 0.00255584716796875 0.532318115234375 -0.07220458984375
0.0723037719726562 -0.0182876586914062 0.400054931640625 -0.3096923828125
0.0166454315185547 -0.0244789123535156 -0.045074462890625 -0.320037841796875
-0.00872135162353516 0.00199651718139649 -0.302947998046875 -0.1693115234375
-0.0333366394042969 0.0383415222167969 -0.254669189453125 0.00979614257812497
-0.0380821228027344 0.040618896484375 -0.00147628784179688 -0.0542755126953125
0.0611343383789063 -0.0632438659667969 -0.19378662109375 0.156051635742187
0.0185394287109375 -0.0687026977539063 -0.040252685546875 -0.15924072265625
-0.0506439208984375 -0.0533981323242188 0.033233642578125 -0.223037719726563
-0.0702247619628906 0.0327072143554688 0.114456176757813 0.0339431762695313
-0.0356979370117188 0.0608024597167969 0.09564208984375 0.380767822265625
0.011993408203125 0.0367965698242188 -0.107696533203125 0.55133056640625
0.0179557800292969 0.0369644165039063 -0.297882080078125 0.398223876953125
-0.00144195556640625 0.0280609130859375 -0.18182373046875 0.112289428710937
-0.00351333618164062 0.0276432037353516 0.202667236328125 0.0138702392578125
0.0221290588378906 0.0468864440917969 0.51470947265625 -0.08612060546875
0.00820541381835938 0.0644683837890625 0.363311767578125 -0.330535888671875
-0.0179023742675781 0.0552787780761719 -0.071807861328125 -0.330230712890625
-0.03216552734375 0.0174674987792969 -0.306732177734375 -0.17236328125
-0.0123519897460938 -0.0110569000244141 -0.253860473632813 0.00851440429687506
0.00880813598632813 -0.0221118927001953 -0.0138816833496094 -0.05377197265625
0.118309020996094 -0.130828857421875 -0.190963745117188 0.1461181640625
0.0549774169921875 -0.152420043945313 -0.0258026123046875 -0.143218994140625
-0.0480728149414062 -0.110740661621094 0.0754547119140625 -0.183303833007813
-0.0906448364257813 0.0425796508789062 0.148666381835938 0.069610595703125
-0.0590286254882813 0.123687744140625 0.064239501953125 0.38177490234375
-0.0163650512695313 0.122215270996094 -0.171844482421875 0.515838623046875
-0.0381240844726563 0.0949859619140625 -0.32037353515625 0.358795166015625
-0.0792007446289063 0.0468597412109375 -0.154937744140625 0.10589599609375
-0.0849685668945313 0.0518875122070313 0.224777221679688 0.0011749267578125
-0.0419845581054687 0.106338500976563 0.48126220703125 -0.14599609375
-0.0414886474609375 0.149826049804688 0.270782470703125 -0.374176025390625
-0.0461349487304687 0.124626159667969 -0.13800048828125 -0.31982421875
-0.0478553771972656 0.0215873718261719 -0.308624267578125 -0.143341064453125
0.0120086669921875 -0.0647125244140625 -0.229217529296875 0.0226898193359375
0.0540008544921875 -0.08514404296875 -0.00460433959960937 -0.0607986450195313
0.162353515625 -0.182159423828125 -0.172744750976563 0.126708984375
0.075347900390625 -0.202743530273438 0.0066680908203125 -0.118522644042969
-0.0439987182617188 -0.122291564941406 0.134956359863281 -0.120590209960938
-0.100509643554688 0.077301025390625 0.18011474609375 0.12841796875
-0.0816802978515625 0.178146362304688 0.002655029296875 0.38409423828125
-0.0550537109375 0.175491333007813 -0.261993408203125 0.454193115234375
-0.0984420776367187 0.122764587402344 -0.336212158203125 0.291900634765625
-0.140945434570312 0.0606842041015625 -0.102935791015625 0.08819580078125
-0.138687133789063 0.0916213989257812 0.25689697265625 -0.0395355224609375
-0.07659912109375 0.178634643554688 0.420257568359375 -0.2371826171875
-0.0647430419921875 0.2244873046875 0.137298583984375 -0.4173583984375
-0.060943603515625 0.160537719726563 -0.209686279296875 -0.287200927734375
-0.049468994140625 7.24792480468646E-05 -0.287445068359375 -0.088043212890625
0.0385971069335937 -0.122108459472656 -0.18017578125 0.047943115234375
0.092987060546875 -0.138801574707031 0.0248870849609375 -0.0755691528320313
0.185150146484375 -0.208450317382813 -0.140838623046875 0.10211181640625
0.080810546875 -0.20703125 0.0577163696289063 -0.090179443359375
-0.03814697265625 -0.0908279418945313 0.199935913085937 -0.050048828125
-0.1044921875 0.121795654296875 0.187149047851563 0.192276000976563
-0.10791015625 0.206130981445313 -0.092315673828125 0.3734130859375
-0.09991455078125 0.183685302734375 -0.36016845703125 0.3701171875
-0.150741577148438 0.117156982421875 -0.333587646484375 0.21429443359375
-0.179031372070313 0.070098876953125 -0.0351448059082032 0.0604286193847656
-0.160186767578125 0.1326904296875 0.284027099609375 -0.1103515625
-0.08367919921875 0.237136840820313 0.33349609375 -0.33892822265625
-0.0667877197265625 0.259231567382813 0.00650024414062502 -0.4412841796875
-0.0684814453125 0.148391723632813 -0.247344970703125 -0.235885620117188
-0.0364723205566406 -0.0489578247070313 -0.231430053710937 -0.0182342529296875
0.0665283203125 -0.173492431640625 -0.114051818847656 0.0767288208007812
0.121551513671875 -0.17352294921875 0.069549560546875 -0.0970306396484375
-0.10858154296875 0.139106750488281 -0.103050231933594 0.102798461914063
-0.0665283203125 0.203399658203125 0.0352783203125 -0.0974273681640625
0.02825927734375 0.104133605957031 0.167449951171875 -0.044921875
0.055389404296875 -0.0797653198242188 0.20599365234375 0.2021484375
0.05859375 -0.225616455078125 0.056365966796875 0.438873291015625
0.08544921875 -0.273300170898438 -0.188446044921875 0.4342041015625
0.156951904296875 -0.154647827148438 -0.255645751953125 0.20574951171875
0.224685668945313 -0.03643798828125 -0.0257625579833984 0.0221214294433594
0.219924926757812 -0.0712890625 0.344268798828125 -0.09344482421875
0.18145751953125 -0.168563842773438 0.474761962890625 -0.272186279296875
0.128921508789063 -0.214492797851563 0.1763916015625 -0.38043212890625
0.0643692016601562 -0.136543273925781 -0.177108764648438 -0.206573486328125
0.039642333984375 0.0541572570800781 -0.274627685546875 -0.0228424072265626
-0.076690673828125 0.202423095703125 -0.134963989257813 0.0748825073242188
-0.128372192382812 0.172012329101563 0.134834289550781 -0.102363586425781
-0.0914840698242188 0.118186950683594 -0.13739013671875 0.127593994140625
-0.0702667236328125 0.182113647460937 -0.0100173950195313 -0.128730773925781
-0.00186157226562501 0.123023986816406 0.08831787109375 -0.12261962890625
0.0342941284179688 -0.0166969299316406 0.166168212890625 0.135223388671875
0.03948974609375 -0.16156005859375 0.10577392578125 0.43072509765625
0.0632781982421875 -0.241790771484375 -0.116668701171875 0.504791259765625
0.133514404296875 -0.147567749023438 -0.258941650390625 0.293304443359375
0.202529907226563 -0.02569580078125 -0.0943527221679687 0.056915283203125
0.21514892578125 -0.0304718017578125 0.294708251953125 -0.039642333984375
0.192947387695313 -0.10443115234375 0.52435302734375 -0.172607421875
0.143218994140625 -0.167190551757813 0.297821044921875 -0.3485107421875
0.060516357421875 -0.135574340820313 -0.117156982421875 -0.258453369140625
0.0316371917724609 0.0140571594238281 -0.2977294921875 -0.0872802734375
-0.0648345947265625 0.150131225585937 -0.190658569335938 0.0487518310546875
-0.11199951171875 0.145675659179688 0.0790328979492188 -0.0794601440429687
-0.0550155639648437 0.0723037719726563 -0.165359497070312 0.1453857421875
-0.0555343627929688 0.119728088378906 -0.03302001953125 -0.150741577148438
-0.0311737060546875 0.094390869140625 0.0361480712890625 -0.190231323242188
-0.000680923461914065 0.0250434875488281 0.124076843261719 0.0728530883789063
0.0173263549804688 -0.0825271606445313 0.120391845703125 0.40887451171875
0.0450592041015625 -0.165481567382813 -0.0754699707031251 0.546173095703125
0.102828979492188 -0.103614807128906 -0.264404296875 0.363616943359375
0.151351928710938 -0.011474609375 -0.147598266601563 0.087005615234375
0.168411254882813 -0.000762939453125 0.242446899414063 -0.0077972412109375
0.162734985351563 -0.0440673828125 0.53839111328125 -0.104736328125
0.123062133789063 -0.0965957641601563 0.37628173828125 -0.32000732421875
0.0454025268554687 -0.0936050415039063 -0.06463623046875 -0.29559326171875
0.0135030746459961 -0.00322151184082031 -0.300262451171875 -0.13751220703125
-0.0497283935546875 0.0919570922851563 -0.231704711914062 0.0279541015625
-0.0802154541015625 0.100204467773438 0.029449462890625 -0.0620956420898438
-0.000963211059570313 0.0078282356262207 -0.181655883789063 0.156692504882812
-0.0237216949462891 0.0292835235595703 -0.04241943359375 -0.161880493164062
-0.0471687316894531 0.0259590148925781 0.018280029296875 -0.22467041015625
-0.0391082763671875 0.0360527038574219 0.105354309082031 0.0357818603515625
-0.00946140289306641 -0.00643253326416016 0.115478515625 0.388885498046875
0.0309219360351563 -0.0653457641601563 -0.0714111328124999 0.56243896484375
0.0654335021972656 -0.0364151000976563 -0.274810791015625 0.40185546875
0.080474853515625 0.008392333984375 -0.179779052734375 0.1048583984375
0.08880615234375 0.015228271484375 0.207443237304688 0.008148193359375
0.0985183715820313 0.00151824951171875 0.5296630859375 -0.07525634765625
0.072265625 -0.0181427001953125 0.399749755859375 -0.31195068359375
0.0166721343994141 -0.0236110687255859 -0.04522705078125 -0.319610595703125
-0.00848150253295898 0.0024104118347168 -0.302093505859375 -0.1678466796875
-0.0328750610351563 0.0378608703613281 -0.255294799804688 0.010894775390625
-0.0376052856445313 0.0410499572753906 -0.0030517578125 -0.0533828735351563
0.0598678588867188 -0.0638236999511719 -0.191375732421875 0.156784057617187
0.0187301635742187 -0.0682563781738281 -0.041748046875 -0.158462524414063
-0.05023193359375 -0.0535163879394531 0.0331573486328125 -0.22149658203125
-0.0689620971679688 0.0329322814941406 0.116020202636719 0.0345382690429688
-0.0350189208984375 0.0602760314941406 0.09814453125 0.379913330078125
0.0114974975585938 0.0358963012695313 -0.103515625 0.5518798828125
0.0184440612792969 0.0372161865234375 -0.294464111328125 0.39794921875
0.00013542175292969 0.02777099609375 -0.181777954101563 0.111404418945312
-0.00299263000488281 0.0283012390136719 0.201065063476562 0.01287841796875
0.0217857360839844 0.0460472106933594 0.512908935546875 -0.089996337890625
0.00955581665039062 0.0633049011230469 0.36273193359375 -0.330963134765625
-0.0170822143554687 0.0550460815429687 -0.07171630859375 -0.32879638671875
-0.0324115753173828 0.0174045562744141 -0.30670166015625 -0.17132568359375
-0.0122556686401367 -0.01116943359375 -0.254226684570313 0.00975036621093746
0.00867843627929688 -0.0224761962890625 -0.0150337219238281 -0.0521621704101562
0.116767883300781 -0.131378173828125 -0.189346313476563 0.146026611328125
0.0538177490234375 -0.152175903320313 -0.0263214111328125 -0.142623901367187
-0.048309326171875 -0.110710144042969 0.0750885009765625 -0.181716918945313
-0.0891265869140625 0.0431671142578125 0.1492919921875 0.0695953369140625
-0.0587615966796875 0.124176025390625 0.065704345703125 0.3819580078125
-0.0161514282226562 0.121315002441406 -0.17144775390625 0.517547607421875
-0.0380706787109375 0.0946731567382813 -0.319732666015625 0.358917236328125
-0.0783920288085938 0.0464248657226563 -0.154327392578125 0.105484008789062
-0.0843963623046875 0.0522079467773438 0.22332763671875 0.000305175781250003
-0.04156494140625 0.105827331542969 0.478607177734375 -0.14837646484375
-0.040679931640625 0.149856567382813 0.268280029296875 -0.375732421875
-0.044464111328125 0.12445068359375 -0.13946533203125 -0.31939697265625
-0.0469779968261719 0.0225753784179687 -0.307769775390625 -0.14227294921875
0.0113563537597656 -0.06439208984375 -0.2288818359375 0.0240325927734375
0.0531463623046875 -0.0852584838867188 -0.00551605224609374 -0.0593681335449219
0.160293579101563 -0.183303833007813 -0.170761108398438 0.127273559570313
0.073699951171875 -0.2022705078125 0.00592041015625 -0.117996215820313
-0.0440750122070313 -0.121467590332031 0.134384155273438 -0.119651794433594
-0.0995635986328125 0.0785980224609375 0.181549072265625 0.127883911132813
-0.081024169921875 0.177871704101563 0.00347900390624996 0.38421630859375
-0.0537567138671875 0.174957275390625 -0.2608642578125 0.454864501953125
-0.0981826782226562 0.122810363769531 -0.33526611328125 0.292572021484375
-0.140167236328125 0.0611495971679688 -0.102302551269531 0.088653564453125
-0.138236999511719 0.0921249389648437 0.256515502929688 -0.0400390625
-0.07647705078125 0.178543090820313 0.419158935546875 -0.2392578125
-0.06317138671875 0.224090576171875 0.135101318359375 -0.4171142578125
-0.0592803955078125 0.160751342773438 -0.210601806640625 -0.28533935546875
-0.0496482849121094 0.0002593994140625 -0.28692626953125 -0.087646484375
0.0376663208007813 -0.121055603027344 -0.179733276367188 0.0487213134765625
0.0918426513671875 -0.138526916503906 0.0233993530273438 -0.074951171875
0.18310546875 -0.209121704101563 -0.139762878417969 0.102455139160156
0.0798187255859375 -0.206100463867188 0.0571975708007813 -0.0892105102539063
-0.0375213623046875 -0.0898208618164063 0.199111938476563 -0.0495147705078125
-0.103561401367187 0.122383117675781 0.18792724609375 0.192245483398438
-0.106201171875 0.205673217773438 -0.09173583984375 0.374786376953125
-0.09930419921875 0.183486938476562 -0.359039306640625 0.371795654296875
-0.151321411132813 0.11663818359375 -0.332244873046875 0.21551513671875
-0.177505493164063 0.0702972412109375 -0.034637451171875 0.0606346130371094
-0.160018920898438 0.1329345703125 0.282562255859375 -0.110565185546875
-0.08203125 0.236434936523438 0.33270263671875 -0.341033935546875
-0.0649261474609375 0.260025024414063 0.00445556640624999 -0.441375732421875
-0.066314697265625 0.148696899414063 -0.247283935546875 -0.23419189453125
-0.0365524291992188 -0.0476112365722656 -0.232086181640625 -0.0175018310546875
0.0659027099609375 -0.172683715820312 -0.11376953125 0.0777664184570313
0.120285034179688 -0.173721313476563 0.0688400268554688 -0.0952682495117188
-0.107521057128906 0.139060974121094 -0.102706909179688 0.102783203125
-0.06597900390625 0.203582763671875 0.03466796875 -0.0966796875
0.0292587280273438 0.102775573730469 0.167465209960938 -0.0453643798828125
0.0554580688476562 -0.0806121826171875 0.206649780273438 0.201370239257813
0.056915283203125 -0.225830078125 0.05767822265625 0.4390869140625
0.0836944580078125 -0.271743774414063 -0.187744140625 0.434722900390625
0.156005859375 -0.154067993164063 -0.255752563476563 0.20574951171875
0.224349975585937 -0.03662109375 -0.0260810852050781 0.02178955078125
0.220382690429688 -0.0719757080078125 0.342864990234375 -0.095245361328125
0.180557250976563 -0.168548583984375 0.473876953125 -0.274261474609375
0.12847900390625 -0.214385986328125 0.1754150390625 -0.381378173828125
0.0630416870117187 -0.13653564453125 -0.176376342773438 -0.206924438476562
0.03973388671875 0.0533218383789062 -0.274200439453125 -0.022216796875
-0.075775146484375 0.201568603515625 -0.134506225585938 0.0757675170898438
-0.127426147460938 0.171554565429688 0.132949829101563 -0.101295471191406
-0.0913619995117188 0.1182861328125 -0.135528564453125 0.127471923828125
-0.069000244140625 0.181732177734375 -0.00995635986328124 -0.128280639648438
-0.00142669677734374 0.122169494628906 0.0880813598632813 -0.12274169921875
0.0343379974365234 -0.0171833038330078 0.16796875 0.135223388671875
0.0385589599609375 -0.161544799804687 0.1094970703125 0.43035888671875
0.061981201171875 -0.240478515625 -0.1148681640625 0.504180908203125
0.133087158203125 -0.146896362304688 -0.2593994140625 0.293426513671875
0.202377319335938 -0.0263214111328125 -0.0944366455078125 0.05621337890625
0.214813232421875 -0.0311279296875 0.294464111328125 -0.041107177734375
0.191925048828125 -0.104736328125 0.5228271484375 -0.17510986328125
0.142074584960938 -0.168182373046875 0.296112060546875 -0.34912109375
0.0599136352539062 -0.134742736816406 -0.117095947265625 -0.258392333984375
0.0312404632568359 0.0131626129150391 -0.297271728515625 -0.0871887207031251
-0.0636749267578125 0.149398803710938 -0.190597534179688 0.049407958984375
-0.11114501953125 0.145645141601563 0.07745361328125 -0.07843017578125
-0.0547256469726562 0.0722198486328125 -0.16436767578125 0.146041870117188
-0.0552444458007812 0.118782043457031 -0.033355712890625 -0.149612426757813
-0.0309371948242187 0.0936965942382813 0.0352783203125 -0.18975830078125
-0.000932693481445311 0.0255794525146484 0.12518310546875 0.07257080078125
0.0157623291015625 -0.0824737548828125 0.122161865234375 0.40771484375
0.043792724609375 -0.164581298828125 -0.074310302734375 0.54718017578125
0.102584838867187 -0.104103088378906 -0.264129638671875 0.3648681640625
0.152114868164063 -0.011566162109375 -0.1480712890625 0.0861663818359375
0.167770385742188 -0.000579833984375 0.242568969726563 -0.009002685546875
0.161758422851563 -0.044891357421875 0.537200927734375 -0.107391357421875
0.122634887695312 -0.0975265502929688 0.375885009765625 -0.31927490234375
0.0447769165039063 -0.0935440063476563 -0.064666748046875 -0.295166015625
0.0143861770629883 -0.00355815887451172 -0.30035400390625 -0.137451171875
-0.0488662719726562 0.0912399291992188 -0.231613159179688 0.0290985107421875
-0.0803375244140625 0.0990066528320313 0.0286712646484375 -0.0612106323242187
-0.00169801712036133 0.00742387771606445 -0.181503295898438 0.156021118164063
-0.0229015350341797 0.02923583984375 -0.0428924560546875 -0.160125732421875
-0.0462875366210938 0.0265159606933594 0.0181884765625 -0.223464965820313
-0.0379714965820313 0.0355262756347656 0.106193542480469 0.0360183715820312
-0.0099325180053711 -0.0063629150390625 0.11749267578125 0.389007568359375
0.0296134948730469 -0.0650825500488281 -0.06988525390625 0.56243896484375
0.0647506713867187 -0.0365638732910156 -0.2747802734375 0.40179443359375
0.0810165405273437 0.0081329345703125 -0.17901611328125 0.104660034179688
0.0892105102539062 0.0153884887695312 0.206619262695313 0.007415771484375
0.0980224609375 0.0012664794921875 0.52972412109375 -0.077484130859375
0.0721664428710938 -0.0190658569335938 0.397979736328125 -0.312957763671875
0.0165691375732422 -0.0240211486816406 -0.045257568359375 -0.319366455078125
-0.00823020935058594 0.00209188461303711 -0.301361083984375 -0.1680908203125
-0.0326576232910156 0.0377922058105469 -0.253631591796875 0.0125274658203125
-0.0374603271484375 0.0408363342285156 -0.00375747680664062 -0.052276611328125
0.0587806701660156 -0.064178466796875 -0.190261840820313 0.156570434570313
0.0185432434082031 -0.0684280395507813 -0.041259765625 -0.156875610351563
-0.0495643615722656 -0.0529098510742188 0.03314208984375 -0.219741821289063
-0.0691871643066406 0.0334968566894531 0.116661071777344 0.0349960327148438
-0.0351524353027344 0.0608673095703125 0.099609375 0.379791259765625
0.0110893249511719 0.0351161956787109 -0.10357666015625 0.55206298828125
0.0175514221191406 0.0365066528320312 -0.29534912109375 0.39849853515625
-0.00173568725585937 0.0279026031494141 -0.181610107421875 0.111907958984375
-0.00244903564453125 0.0274505615234375 0.200057983398437 0.01214599609375
0.0216178894042969 0.0455093383789063 0.5120849609375 -0.091522216796875
0.00979995727539062 0.0634765625 0.361083984375 -0.3328857421875
-0.0169448852539062 0.0558624267578125 -0.072357177734375 -0.3291015625
-0.03155517578125 0.0174407958984375 -0.306488037109375 -0.17083740234375
-0.0126409530639648 -0.0113945007324219 -0.254425048828125 0.0108795166015624
0.00853347778320313 -0.0223560333251953 -0.0167274475097656 -0.0517082214355469
0.115409851074219 -0.131332397460938 -0.187911987304687 0.14630126953125
0.053741455078125 -0.151702880859375 -0.026641845703125 -0.141632080078125
-0.0478363037109375 -0.109573364257813 0.0742950439453125 -0.180252075195312
-0.0885543823242188 0.0441207885742188 0.149917602539062 0.070556640625
-0.057586669921875 0.123924255371094 0.068145751953125 0.381103515625
-0.01605224609375 0.120956420898438 -0.16796875 0.518646240234375
-0.03814697265625 0.0944366455078125 -0.31829833984375 0.358917236328125
-0.0780029296875 0.0464096069335937 -0.154571533203125 0.105728149414063
-0.0839080810546875 0.0520172119140625 0.222122192382813 -0.000656127929687497
-0.041290283203125 0.105354309082031 0.47747802734375 -0.14990234375
-0.0402374267578125 0.149063110351563 0.266693115234375 -0.376708984375
-0.0436935424804688 0.12506103515625 -0.139892578125 -0.318603515625
-0.0476570129394531 0.0228080749511719 -0.3074951171875 -0.141265869140625
0.01153564453125 -0.0647621154785156 -0.229568481445313 0.0245361328125
0.0528106689453125 -0.0854644775390625 -0.00645828247070312 -0.0584220886230469
0.158096313476563 -0.183456420898438 -0.170013427734375 0.126739501953125
0.0727691650390625 -0.201461791992188 0.00579833984375 -0.117576599121094
-0.0435791015625 -0.120521545410156 0.134696960449219 -0.118888854980469
-0.0985946655273437 0.0796661376953125 0.181869506835938 0.12860107421875
-0.0799102783203125 0.177780151367187 0.00512695312500002 0.384796142578125
-0.05389404296875 0.174819946289063 -0.259674072265625 0.4556884765625
-0.0979537963867187 0.121978759765625 -0.333831787109375 0.2918701171875
-0.139495849609375 0.0608978271484375 -0.102462768554688 0.0878982543945313
-0.137115478515625 0.0916824340820313 0.2547607421875 -0.040771484375
-0.0746612548828125 0.177352905273438 0.41845703125 -0.241424560546875
-0.061614990234375 0.22393798828125 0.13360595703125 -0.4176025390625
-0.0585784912109375 0.16143798828125 -0.209320068359375 -0.284149169921875
-0.0495223999023437 0.001556396484375 -0.286468505859375 -0.087646484375
0.037506103515625 -0.121482849121094 -0.18072509765625 0.049468994140625
0.0910720825195313 -0.13897705078125 0.022216796875 -0.0732803344726563
0.181396484375 -0.20947265625 -0.138694763183594 0.101799011230469
0.07843017578125 -0.205947875976563 0.0568771362304688 -0.0891265869140625
-0.0375747680664063 -0.0879364013671875 0.199005126953125 -0.0486297607421875
-0.102348327636719 0.123191833496094 0.187835693359375 0.192520141601563
-0.105209350585937 0.20556640625 -0.0904541015625 0.37451171875
-0.09906005859375 0.182373046875 -0.35809326171875 0.37335205078125
-0.1514892578125 0.11614990234375 -0.331451416015625 0.216644287109375
-0.17767333984375 0.0689544677734375 -0.0346107482910156 0.0609397888183594
-0.158248901367188 0.132904052734375 0.281585693359375 -0.1104736328125
-0.080810546875 0.235748291015625 0.331268310546875 -0.342376708984375
-0.063262939453125 0.258926391601562 0.00311279296874997 -0.44024658203125
-0.065155029296875 0.149551391601563 -0.24822998046875 -0.233352661132812
-0.0364494323730469 -0.0473060607910156 -0.232162475585938 -0.017608642578125
0.065155029296875 -0.172500610351563 -0.114013671875 0.0776596069335937
0.119186401367188 -0.173919677734375 0.0671844482421875 -0.0943069458007813
-0.107589721679687 0.139076232910156 -0.100608825683594 0.102012634277344
-0.0650482177734375 0.201797485351563 0.0354843139648437 -0.09698486328125
0.0291061401367188 0.101707458496094 0.167724609375 -0.0454559326171875
0.0552978515625 -0.0816268920898438 0.2078857421875 0.20196533203125
0.0559539794921875 -0.225799560546875 0.05902099609375 0.439544677734375
0.0835113525390625 -0.272323608398438 -0.1878662109375 0.434112548828125
0.155807495117188 -0.153289794921875 -0.255264282226563 0.2071533203125
0.22515869140625 -0.037078857421875 -0.0263423919677734 0.0226821899414062
0.219284057617188 -0.0718994140625 0.34332275390625 -0.0950927734375
0.180862426757813 -0.16729736328125 0.473480224609375 -0.276092529296875
0.127685546875 -0.215606689453125 0.174468994140625 -0.38226318359375
0.06317138671875 -0.137046813964844 -0.1766357421875 -0.206985473632813
0.0397071838378906 0.0523681640625 -0.274887084960938 -0.0224761962890625
-0.0752716064453125 0.200897216796875 -0.135200500488281 0.0758209228515625
-0.126724243164063 0.171798706054688 0.131752014160156 -0.100456237792969
-0.0913543701171875 0.118339538574219 -0.134368896484375 0.127944946289063
-0.0687408447265625 0.181991577148438 -0.0098114013671875 -0.127243041992187
-0.001251220703125 0.12152099609375 0.0894012451171875 -0.123130798339844
0.0336399078369141 -0.0181694030761719 0.168914794921875 0.134765625
0.037261962890625 -0.162506103515625 0.11004638671875 0.430389404296875
0.060577392578125 -0.24078369140625 -0.11480712890625 0.50433349609375
0.132080078125 -0.146743774414063 -0.2586669921875 0.2938232421875
0.202880859375 -0.026824951171875 -0.0953750610351562 0.0556564331054688
0.215576171875 -0.032012939453125 0.293426513671875 -0.04168701171875
0.192718505859375 -0.1051025390625 0.524017333984375 -0.177886962890625
0.141357421875 -0.168670654296875 0.29681396484375 -0.3504638671875
0.0592575073242188 -0.135108947753906 -0.1170654296875 -0.259368896484375
0.0309047698974609 0.0127906799316406 -0.29669189453125 -0.087799072265625
-0.0633697509765625 0.149154663085938 -0.189895629882813 0.049713134765625
-0.111282348632812 0.14599609375 0.0768814086914063 -0.0773544311523437
-0.0546798706054687 0.0721282958984375 -0.162933349609375 0.146041870117188
-0.0546646118164063 0.119155883789062 -0.0333251953125 -0.148330688476563
-0.0301284790039063 0.0930328369140625 0.0355072021484375 -0.188323974609375
-0.000892639160156253 0.0251941680908203 0.125778198242188 0.0727767944335938
0.0156402587890625 -0.0829620361328125 0.12384033203125 0.407440185546875
0.043121337890625 -0.164535522460937 -0.07293701171875 0.545745849609375
0.101676940917969 -0.10418701171875 -0.26318359375 0.366607666015625
0.152420043945313 -0.0127716064453125 -0.1484375 0.0864715576171875
0.168838500976563 -0.0008697509765625 0.240386962890625 -0.009979248046875
0.16192626953125 -0.0454254150390625 0.536041259765625 -0.108428955078125
0.121932983398438 -0.0980224609375 0.374237060546875 -0.32177734375
0.0451812744140625 -0.0937652587890625 -0.06390380859375 -0.29571533203125
0.0140628814697266 -0.00433635711669922 -0.300048828125 -0.137603759765625
-0.0486602783203125 0.0913619995117188 -0.23150634765625 0.0296173095703125
-0.0794296264648438 0.099273681640625 0.0276565551757812 -0.059814453125
-0.00169038772583008 0.00728416442871094 -0.1800537109375 0.155746459960938
-0.0234928131103516 0.0284099578857422 -0.042388916015625 -0.159439086914063
-0.0460700988769531 0.0257911682128906 0.0190277099609375 -0.221908569335938
-0.037506103515625 0.0361785888671875 0.106651306152344 0.0367431640625
-0.0102615356445313 -0.00631523132324219 0.1187744140625 0.3887939453125
0.0290946960449219 -0.0656356811523438 -0.06854248046875 0.56268310546875
0.064483642578125 -0.036407470703125 -0.2728271484375 0.401397705078125
0.08123779296875 0.0076446533203125 -0.179763793945312 0.104736328125
0.0892257690429688 0.01495361328125 0.205108642578125 0.006256103515625
0.0982131958007813 0.00018310546875 0.528076171875 -0.0799560546875
0.0719985961914063 -0.0194244384765625 0.397979736328125 -0.313507080078125
0.0172214508056641 -0.0243663787841797 -0.044830322265625 -0.31982421875
-0.00872087478637695 0.00190544128417969 -0.3018798828125 -0.16912841796875
-0.0318870544433594 0.0373573303222656 -0.254119873046875 0.0132598876953125
-0.037109375 0.0401229858398438 -0.00496673583984375 -0.0516204833984375
0.0581741333007813 -0.0648269653320313 -0.189498901367187 0.156295776367188
0.0182838439941406 -0.0685462951660156 -0.0412139892578125 -0.155746459960938
-0.0495796203613281 -0.0529212951660156 0.0330047607421875 -0.218185424804687
-0.067779541015625 0.0342483520507813 0.117332458496094 0.0348358154296875
-0.0354118347167969 0.0603828430175781 0.100311279296875 0.38043212890625
0.0109138488769531 0.0354385375976563 -0.102630615234375 0.55230712890625
0.0171699523925781 0.0369415283203125 -0.294036865234375 0.398406982421875
-0.000747680664062498 0.0281887054443359 -0.182357788085938 0.111724853515625
-0.00248527526855469 0.0273246765136719 0.199188232421875 0.0120849609375
0.02142333984375 0.0449104309082031 0.51190185546875 -0.093475341796875
0.00986480712890625 0.0633697509765625 0.36083984375 -0.333343505859375
-0.0166587829589844 0.0560531616210937 -0.07171630859375 -0.32928466796875
-0.0318107604980469 0.0181941986083984 -0.306884765625 -0.170806884765625
-0.0127620697021484 -0.0120677947998047 -0.254013061523437 0.0117340087890625
0.00782012939453125 -0.0228958129882813 -0.0176200866699219 -0.0498237609863281
0.113967895507813 -0.132225036621094 -0.187103271484375 0.146026611328125
0.0525970458984375 -0.152420043945313 -0.027099609375 -0.140899658203125
-0.0475311279296875 -0.109146118164063 0.0744781494140625 -0.1793212890625
-0.0885848999023438 0.0449905395507812 0.1505126953125 0.0708770751953125
-0.0574798583984375 0.123855590820313 0.068450927734375 0.382232666015625
-0.0158157348632813 0.120941162109375 -0.16900634765625 0.517822265625
-0.0381622314453125 0.0940780639648437 -0.318511962890625 0.35882568359375
-0.078369140625 0.0464401245117188 -0.154144287109375 0.105087280273438
-0.0834579467773437 0.0522079467773438 0.2215576171875 -0.000686645507812497
-0.0413894653320313 0.104560852050781 0.478057861328125 -0.1534423828125
-0.0393829345703125 0.148345947265625 0.26593017578125 -0.376373291015625
-0.04302978515625 0.125656127929688 -0.1385498046875 -0.3187255859375
-0.0465850830078125 0.0231361389160156 -0.308258056640625 -0.141357421875
0.0116043090820313 -0.0644989013671875 -0.229782104492188 0.0255279541015625
0.0519332885742188 -0.085296630859375 -0.00796127319335937 -0.0570640563964844
0.156967163085938 -0.184677124023438 -0.169509887695313 0.126113891601562
0.072357177734375 -0.20098876953125 0.00634765625000001 -0.11712646484375
-0.0438919067382812 -0.119766235351562 0.134735107421875 -0.117874145507813
-0.0978012084960938 0.0794906616210937 0.1826171875 0.128646850585938
-0.0797119140625 0.178482055664063 0.00558471679687497 0.38543701171875
-0.053558349609375 0.1741943359375 -0.25958251953125 0.456573486328125
-0.0992507934570313 0.121841430664063 -0.333984375 0.29241943359375
-0.139808654785156 0.0599365234375 -0.102409362792969 0.0877761840820312
-0.136520385742187 0.0914688110351562 0.254623413085938 -0.0419769287109375
-0.0741729736328125 0.176620483398438 0.417694091796875 -0.2432861328125
-0.0610198974609375 0.223342895507813 0.133636474609375 -0.418212890625
-0.05682373046875 0.16229248046875 -0.211029052734375 -0.284515380859375
-0.0492172241210938 0.00254058837890625 -0.287689208984375 -0.0880432128906251
0.0365447998046875 -0.120841979980469 -0.181106567382813 0.04937744140625
0.0905838012695312 -0.139434814453125 0.0218429565429688 -0.0719680786132813
0.179962158203125 -0.2100830078125 -0.137916564941406 0.101531982421875
0.07855224609375 -0.205520629882813 0.0563888549804688 -0.089080810546875
-0.037322998046875 -0.0878219604492188 0.199935913085938 -0.0480194091796875
-0.101280212402344 0.123703002929688 0.189010620117188 0.192825317382813
-0.104202270507813 0.205108642578125 -0.090576171875 0.37548828125
-0.098876953125 0.181991577148438 -0.358367919921875 0.374725341796875
-0.151504516601563 0.115310668945313 -0.331268310546875 0.21673583984375
-0.176895141601563 0.0692138671875 -0.0341529846191406 0.0613517761230469
-0.158309936523438 0.13348388671875 0.2803955078125 -0.111099243164062
-0.080718994140625 0.2352294921875 0.331024169921875 -0.343292236328125
-0.0615997314453125 0.259368896484375 0.00363159179687503 -0.439971923828125
-0.0633544921875 0.1505126953125 -0.248626708984375 -0.233062744140625
-0.0372314453125 -0.0458145141601562 -0.232315063476562 -0.017852783203125
0.0641632080078125 -0.172744750976563 -0.113540649414063 0.0782318115234375
0.117477416992188 -0.172576904296875 0.06634521484375 -0.0926513671875
-0.107887268066406 0.138694763183594 -0.100692749023438 0.102287292480469
-0.065582275390625 0.202728271484375 0.03558349609375 -0.0969085693359375
0.0288162231445313 0.100578308105469 0.169540405273437 -0.0461578369140625
0.0553054809570312 -0.0820388793945313 0.208465576171875 0.202407836914063
0.0540771484375 -0.226669311523438 0.059783935546875 0.43902587890625
0.08184814453125 -0.27130126953125 -0.186859130859375 0.435516357421875
0.156143188476563 -0.15283203125 -0.256393432617188 0.207351684570312
0.224472045898438 -0.0362701416015625 -0.0274639129638672 0.0216846466064453
0.220611572265625 -0.0718994140625 0.342864990234375 -0.095855712890625
0.179901123046875 -0.168441772460938 0.474395751953125 -0.277374267578125
0.12713623046875 -0.216201782226563 0.17523193359375 -0.383026123046875
0.063140869140625 -0.13739013671875 -0.176116943359375 -0.207382202148438
0.0403175354003906 0.051605224609375 -0.275619506835938 -0.0226593017578125
-0.074615478515625 0.200973510742188 -0.1351318359375 0.0773544311523438
-0.12677001953125 0.17193603515625 0.131256103515625 -0.0996627807617187
-0.0920486450195313 0.11834716796875 -0.134544372558594 0.127052307128906
-0.06781005859375 0.18145751953125 -0.010040283203125 -0.127388000488281
-0.000152587890624994 0.120635986328125 0.0907211303710937 -0.1224365234375
0.0335826873779297 -0.0182952880859375 0.169754028320313 0.136062622070313
0.0366363525390625 -0.162857055664063 0.110260009765625 0.43133544921875
0.059906005859375 -0.239959716796875 -0.11358642578125 0.505859375
0.132919311523438 -0.146804809570313 -0.259857177734375 0.295166015625
0.203521728515625 -0.0270538330078125 -0.0959625244140625 0.0559616088867188
0.215789794921875 -0.031585693359375 0.29327392578125 -0.04217529296875
0.192733764648438 -0.104995727539063 0.523162841796875 -0.178619384765625
0.141616821289063 -0.16961669921875 0.296112060546875 -0.351959228515625
0.0599822998046875 -0.135604858398438 -0.115951538085937 -0.259490966796875
0.0309238433837891 0.0125789642333984 -0.2974853515625 -0.088470458984375
-0.06304931640625 0.148452758789063 -0.190887451171875 0.050262451171875
-0.110870361328125 0.145401000976563 0.0752944946289063 -0.0768051147460937
-0.0552444458007812 0.0726089477539063 -0.162033081054687 0.145904541015625
-0.0543289184570313 0.11810302734375 -0.0324249267578125 -0.148025512695313
-0.0293426513671875 0.0928115844726563 0.037109375 -0.187774658203125
-0.000230789184570314 0.0245494842529297 0.126724243164063 0.0737457275390625
0.0145797729492188 -0.0835113525390625 0.1243896484375 0.408203125
0.0420379638671875 -0.164398193359375 -0.0732421875 0.54827880859375
0.10235595703125 -0.103294372558594 -0.26446533203125 0.365997314453125
0.152725219726563 -0.0124359130859375 -0.14892578125 0.0855255126953125
0.168746948242188 -0.0008697509765625 0.240814208984375 -0.010284423828125
0.162139892578125 -0.0459442138671875 0.5364990234375 -0.110870361328125
0.122962951660156 -0.098388671875 0.374542236328125 -0.32269287109375
0.0449066162109375 -0.0937118530273438 -0.063262939453125 -0.297027587890625
0.0141134262084961 -0.00451087951660156 -0.30084228515625 -0.138885498046875
-0.0490646362304688 0.0908203125 -0.232254028320312 0.02996826171875
-0.080322265625 0.0992050170898438 0.0267486572265625 -0.0592002868652344
-0.00207281112670898 0.00739479064941406 -0.178878784179688 0.156097412109375
-0.0233058929443359 0.0283908843994141 -0.04278564453125 -0.158370971679688
-0.0461196899414063 0.0259666442871094 0.01953125 -0.221145629882813
-0.0370941162109375 0.0355796813964844 0.107841491699219 0.0372314453125
-0.0109577178955078 -0.00694751739501953 0.119598388671875 0.389984130859375
0.0282745361328125 -0.0653839111328125 -0.06829833984375 0.563720703125
0.064361572265625 -0.0369873046875 -0.273223876953125 0.40142822265625
0.0813369750976562 0.00734710693359375 -0.180740356445313 0.104110717773437
0.0894851684570313 0.015228271484375 0.205612182617187 0.0057830810546875
0.097503662109375 -0.00023651123046875 0.52984619140625 -0.08203125
0.0720138549804688 -0.0200958251953125 0.39862060546875 -0.3154296875
0.0171604156494141 -0.0236663818359375 -0.04376220703125 -0.3214111328125
-0.00882148742675781 0.00204181671142578 -0.301727294921875 -0.169464111328125
-0.0320320129394531 0.0371589660644531 -0.255126953125 0.013519287109375
-0.0371894836425781 0.0396728515625 -0.00538253784179688 -0.0499038696289062
0.0577774047851563 -0.0647964477539063 -0.189559936523438 0.155563354492187
0.0179443359375 -0.06866455078125 -0.041839599609375 -0.155792236328125
-0.0494232177734375 -0.0525779724121094 0.0337371826171875 -0.217514038085937
-0.0678558349609375 0.0345611572265625 0.119102478027344 0.0356292724609375
-0.0353050231933594 0.0609626770019531 0.102203369140625 0.38134765625
0.010894775390625 0.0359077453613281 -0.10247802734375 0.5533447265625
0.0166358947753906 0.0363121032714844 -0.295440673828125 0.399078369140625
-0.000436782836914063 0.0269279479980469 -0.182479858398438 0.111068725585938
-0.00252342224121094 0.027191162109375 0.198806762695313 0.0108489990234375
0.0218315124511719 0.0441970825195312 0.511749267578125 -0.0963134765625
0.0100631713867187 0.061920166015625 0.361572265625 -0.335601806640625
-0.0163726806640625 0.0563888549804688 -0.07183837890625 -0.329864501953125
-0.0316333770751953 0.0177345275878906 -0.3072509765625 -0.17218017578125
-0.0122900009155273 -0.0116872787475586 -0.254684448242188 0.0124359130859375
0.00740432739257812 -0.0237312316894531 -0.0174942016601563 -0.0485916137695313
0.114593505859375 -0.132575988769531 -0.186660766601563 0.14532470703125
0.052886962890625 -0.152252197265625 -0.0273208618164062 -0.140495300292969
-0.0475311279296875 -0.109176635742187 0.0751800537109375 -0.178298950195313
-0.0873794555664063 0.0454177856445312 0.15216064453125 0.0713348388671875
-0.05712890625 0.123924255371094 0.06915283203125 0.3837890625
-0.015899658203125 0.120445251464844 -0.16851806640625 0.519561767578125
-0.039215087890625 0.0934371948242188 -0.3177490234375 0.359130859375
-0.07781982421875 0.045135498046875 -0.154769897460938 0.105499267578125
-0.0833740234375 0.0518646240234375 0.221405029296875 -0.0017242431640625
-0.0409164428710938 0.103729248046875 0.47833251953125 -0.154937744140625
-0.0384521484375 0.148818969726563 0.266571044921875 -0.378265380859375
-0.042877197265625 0.126731872558594 -0.138641357421875 -0.3194580078125
-0.0475311279296875 0.0225334167480469 -0.308013916015625 -0.14276123046875
0.0111541748046875 -0.06396484375 -0.229965209960938 0.0265350341796875
0.051727294921875 -0.0854034423828125 -0.00807952880859375 -0.0554847717285156
0.156112670898438 -0.184555053710938 -0.168869018554688 0.125656127929688
0.0718841552734375 -0.201095581054688 0.00564575195312501 -0.116447448730469
-0.0435562133789063 -0.119529724121094 0.135887145996094 -0.116592407226563
-0.0965423583984375 0.0804824829101563 0.183563232421875 0.129547119140625
-0.0791778564453125 0.178451538085937 0.00588989257812498 0.386260986328125
-0.0539398193359375 0.173309326171875 -0.259796142578125 0.459197998046875
-0.0989913940429688 0.120628356933594 -0.333831787109375 0.294036865234375
-0.139511108398438 0.0601806640625 -0.102737426757813 0.0876846313476563
-0.137031555175781 0.0914459228515625 0.253570556640625 -0.0416259765625
-0.0735626220703125 0.176559448242188 0.416717529296875 -0.24322509765625
-0.06036376953125 0.2235107421875 0.13427734375 -0.4195556640625
-0.05645751953125 0.163467407226563 -0.21026611328125 -0.284515380859375
-0.0491065979003906 0.00245285034179688 -0.28887939453125 -0.0885314941406249
0.0369491577148438 -0.120719909667969 -0.181060791015625 0.0508270263671875
0.0898895263671875 -0.139656066894531 0.0211029052734375 -0.0704879760742188
0.178375244140625 -0.210296630859375 -0.137458801269531 0.101112365722656
0.0771331787109375 -0.20611572265625 0.0567245483398438 -0.0896682739257813
-0.0369110107421875 -0.087188720703125 0.199813842773438 -0.046844482421875
-0.100509643554688 0.124443054199219 0.189468383789062 0.1929931640625
-0.104019165039063 0.205917358398438 -0.0897216796875 0.37786865234375
-0.0997467041015625 0.181503295898437 -0.357879638671875 0.3758544921875
-0.152297973632813 0.114837646484375 -0.331390380859375 0.215545654296875
-0.176788330078125 0.068389892578125 -0.0347900390625 0.0606689453125
-0.157745361328125 0.133392333984375 0.280715942382813 -0.11138916015625
-0.0792999267578125 0.234420776367188 0.33135986328125 -0.344818115234375
-0.061248779296875 0.25836181640625 0.00164794921874999 -0.441253662109375
-0.0631256103515625 0.151123046875 -0.249114990234375 -0.233535766601563
-0.0364723205566406 -0.0449867248535156 -0.232711791992187 -0.0184020996093751
0.0643310546875 -0.171798706054688 -0.115180969238281 0.0785598754882812
0.11785888671875 -0.173858642578125 0.0650177001953125 -0.0920867919921875
-0.108390808105469 0.138656616210938 -0.100471496582031 0.101982116699219
-0.06585693359375 0.202957153320313 0.0365447998046875 -0.095947265625
0.0287246704101562 0.100227355957031 0.17059326171875 -0.0456695556640625
0.0551605224609375 -0.0826950073242188 0.209579467773437 0.203521728515625
0.0540618896484375 -0.227737426757813 0.059814453125 0.441192626953125
0.08172607421875 -0.2708740234375 -0.187225341796875 0.436614990234375
0.156829833984375 -0.152694702148438 -0.257705688476563 0.207809448242188
0.225830078125 -0.0363616943359375 -0.0284900665283203 0.0217685699462891
0.221206665039063 -0.07220458984375 0.343597412109375 -0.09637451171875
0.180801391601563 -0.168930053710937 0.47393798828125 -0.27972412109375
0.126922607421875 -0.2169189453125 0.175201416015625 -0.3851318359375
0.062896728515625 -0.138420104980469 -0.176162719726563 -0.208786010742188
0.0396232604980469 0.0511932373046875 -0.275970458984375 -0.0240478515625
-0.0738372802734375 0.201248168945313 -0.135993957519531 0.0769577026367188
-0.126556396484375 0.172332763671875 0.129997253417969 -0.0989456176757812
-0.0924758911132813 0.117950439453125 -0.133705139160156 0.127647399902344
-0.068084716796875 0.181854248046875 -0.00910949707031249 -0.126960754394531
-9.91821289062553E-05 0.120925903320313 0.091064453125 -0.122726440429687
0.0334129333496094 -0.0189609527587891 0.1710205078125 0.136260986328125
0.0361328125 -0.163009643554688 0.110931396484375 0.430908203125
0.05975341796875 -0.2403564453125 -0.11383056640625 0.5076904296875
0.133071899414063 -0.14666748046875 -0.260650634765625 0.295654296875
0.203689575195313 -0.027435302734375 -0.0966567993164062 0.05615234375
0.21649169921875 -0.031402587890625 0.293701171875 -0.04217529296875
0.19287109375 -0.105743408203125 0.524749755859375 -0.180206298828125
0.1416015625 -0.170501708984375 0.298309326171875 -0.353179931640625
0.0598297119140625 -0.136428833007813 -0.116180419921875 -0.261642456054688
0.0310630798339844 0.0117912292480469 -0.2977294921875 -0.0892944335937499
-0.06317138671875 0.147964477539063 -0.192306518554688 0.0511627197265625
-0.111740112304688 0.145614624023437 0.0748519897460938 -0.0758514404296875
-0.0552139282226562 0.0722579956054688 -0.1617431640625 0.145965576171875
-0.0543212890625 0.118171691894531 -0.03228759765625 -0.147689819335938
-0.0294342041015625 0.0927734375 0.0376129150390625 -0.187454223632813
-0.000175476074218749 0.0246639251708984 0.127426147460937 0.0748367309570313
0.0141677856445313 -0.0839691162109375 0.125823974609375 0.409820556640625
0.04180908203125 -0.16412353515625 -0.073638916015625 0.550140380859375
0.102256774902344 -0.10369873046875 -0.265655517578125 0.366302490234375
0.154037475585938 -0.011962890625 -0.150009155273438 0.0852813720703125
0.169723510742188 -0.0016937255859375 0.2403564453125 -0.010650634765625
0.161895751953125 -0.046234130859375 0.5389404296875 -0.112030029296875
0.123023986816406 -0.09912109375 0.37652587890625 -0.324493408203125
0.0453262329101563 -0.0936431884765625 -0.062713623046875 -0.298065185546875
0.0144720077514648 -0.00449371337890625 -0.301666259765625 -0.14019775390625
-0.0490036010742188 0.0910797119140625 -0.232772827148438 0.0309295654296875
-0.0795440673828125 0.098907470703125 0.0261268615722656 -0.058441162109375
-0.00226497650146484 0.00685691833496094 -0.1787109375 0.156661987304688
-0.0232830047607422 0.0287017822265625 -0.0425262451171875 -0.158615112304688
-0.04608154296875 0.0261497497558594 0.020660400390625 -0.220474243164063
-0.0370292663574219 0.03558349609375 0.109130859375 0.038360595703125
-0.0110263824462891 -0.00663375854492188 0.121063232421875 0.390777587890625
0.0282707214355469 -0.06597900390625 -0.06829833984375 0.56658935546875
0.0639839172363281 -0.0372848510742188 -0.27532958984375 0.403106689453125
0.0818328857421875 0.0071258544921875 -0.181533813476563 0.102935791015625
0.0900650024414063 0.0145034790039062 0.204971313476563 0.005462646484375
0.0983505249023438 -0.00054168701171875 0.52996826171875 -0.081298828125
0.072357177734375 -0.0206756591796875 0.400604248046875 -0.31634521484375
0.0173702239990234 -0.0234222412109375 -0.042816162109375 -0.32275390625
-0.0083317756652832 0.00168085098266602 -0.30218505859375 -0.170257568359375
-0.0324554443359375 0.0375328063964844 -0.255828857421875 0.0140838623046875
-0.0380287170410156 0.0400428771972656 -0.00703048706054687 -0.0488929748535156
0.0570716857910156 -0.0653228759765625 -0.189102172851563 0.156387329101562
0.0179557800292969 -0.0691070556640625 -0.0424346923828125 -0.155166625976562
-0.0493545532226562 -0.0529022216796875 0.0341796875 -0.217178344726563
-0.0673332214355469 0.03497314453125 0.119804382324219 0.0368499755859375
-0.0349273681640625 0.0615005493164062 0.103057861328125 0.382110595703125
0.01025390625 0.0355796813964844 -0.102142333984375 0.556793212890625
0.0162620544433594 0.0356979370117188 -0.295318603515625 0.39990234375
-0.000505447387695313 0.026641845703125 -0.183837890625 0.11016845703125
-0.00215530395507812 0.0271682739257813 0.199249267578125 0.01055908203125
0.0219306945800781 0.04425048828125 0.5128173828125 -0.096710205078125
0.00984573364257813 0.0618820190429688 0.362823486328125 -0.33642578125
-0.015960693359375 0.0567283630371094 -0.070404052734375 -0.331024169921875
-0.0317230224609375 0.0181789398193359 -0.307708740234375 -0.17352294921875
-0.0124855041503906 -0.0122261047363281 -0.25640869140625 0.0125732421875001
0.00779342651367188 -0.02374267578125 -0.0187568664550781 -0.04803466796875
0.1129150390625 -0.133193969726563 -0.187042236328125 0.145706176757813
0.052215576171875 -0.15234375 -0.0274810791015625 -0.139945983886719
-0.0469589233398438 -0.108024597167969 0.0764007568359375 -0.178146362304688
-0.0874404907226563 0.046173095703125 0.15350341796875 0.0724639892578125
-0.0567550659179687 0.12469482421875 0.06976318359375 0.385589599609375
-0.01654052734375 0.120674133300781 -0.169952392578125 0.522979736328125
-0.0395736694335938 0.093719482421875 -0.318572998046875 0.359771728515625
-0.0773544311523437 0.0445098876953125 -0.155899047851562 0.104522705078125
-0.083038330078125 0.0515594482421875 0.221633911132812 -0.0020294189453125
-0.0408706665039062 0.103546142578125 0.479644775390625 -0.155364990234375
-0.0381317138671875 0.149444580078125 0.267974853515625 -0.379364013671875
-0.0416641235351563 0.127334594726563 -0.1385498046875 -0.32037353515625
-0.0470848083496094 0.0235862731933594 -0.309417724609375 -0.1436767578125
0.0110244750976562 -0.0644302368164063 -0.230758666992188 0.0262908935546874
0.0521011352539063 -0.0858383178710938 -0.00898361206054687 -0.0547523498535156
0.1556396484375 -0.185531616210937 -0.168350219726562 0.125839233398438
0.0718994140625 -0.201446533203125 0.00613403320312499 -0.116851806640625
-0.0429153442382813 -0.118598937988281 0.136604309082031 -0.11614990234375
-0.0959625244140625 0.0815963745117188 0.184478759765625 0.130889892578125
-0.0791015625 0.179595947265625 0.00692749023437502 0.388519287109375
-0.054901123046875 0.173873901367187 -0.2620849609375 0.46240234375
-0.100212097167969 0.12066650390625 -0.334686279296875 0.292877197265625
-0.140220642089844 0.0593719482421875 -0.102897644042969 0.0875396728515625
-0.136917114257813 0.0916213989257813 0.254257202148437 -0.0417633056640625
-0.0743408203125 0.175811767578125 0.419708251953125 -0.24560546875
-0.059844970703125 0.223419189453125 0.1348876953125 -0.419708251953125
-0.055084228515625 0.164154052734375 -0.21087646484375 -0.285919189453125
-0.049560546875 0.00351715087890624 -0.288848876953125 -0.089263916015625
0.0363006591796875 -0.121040344238281 -0.182144165039063 0.0511627197265625
0.0895462036132813 -0.139877319335938 0.0199394226074219 -0.0692367553710938
0.17803955078125 -0.21087646484375 -0.137046813964844 0.0998382568359375
0.0770721435546875 -0.20660400390625 0.0576553344726563 -0.088714599609375
-0.03656005859375 -0.0870285034179688 0.201034545898438 -0.04608154296875
-0.0996780395507813 0.125679016113281 0.190704345703125 0.194259643554688
-0.105010986328125 0.206893920898438 -0.090789794921875 0.379302978515625
-0.099822998046875 0.18182373046875 -0.359893798828125 0.377685546875
-0.153076171875 0.11480712890625 -0.331939697265625 0.216796875
-0.177108764648438 0.068084716796875 -0.0346107482910156 0.06048583984375
-0.157699584960937 0.13238525390625 0.281143188476563 -0.111419677734375
-0.0793914794921875 0.234237670898437 0.331817626953125 -0.346923828125
-0.06005859375 0.259384155273438 0.00253295898437504 -0.44146728515625
-0.0613861083984375 0.152191162109375 -0.249771118164062 -0.234878540039063
-0.0358810424804688 -0.0446548461914063 -0.233963012695312 -0.018798828125
0.063507080078125 -0.17205810546875 -0.115562438964844 0.0792770385742187
0.118087768554687 -0.174362182617188 0.0648040771484375 -0.0909194946289063
-0.108329772949219 0.139694213867188 -0.0995941162109375 0.101516723632813
-0.0652618408203125 0.203140258789063 0.0370254516601562 -0.0955123901367187
0.0285110473632812 0.0991287231445313 0.171829223632813 -0.0463714599609375
0.054443359375 -0.0843276977539063 0.211105346679687 0.20465087890625
0.0535736083984375 -0.228515625 0.059478759765625 0.4434814453125
0.081939697265625 -0.271163940429688 -0.187469482421875 0.440155029296875
0.157562255859375 -0.15203857421875 -0.25897216796875 0.20904541015625
0.227249145507813 -0.036529541015625 -0.0288372039794922 0.0219287872314453
0.222610473632813 -0.0722808837890625 0.344329833984375 -0.097747802734375
0.1802978515625 -0.169586181640625 0.4759521484375 -0.2816162109375
0.126510620117188 -0.218292236328125 0.177642822265625 -0.387237548828125
0.06353759765625 -0.139564514160156 -0.176437377929688 -0.211334228515625
0.0395240783691406 0.0508613586425781 -0.277313232421875 -0.0245361328125
-0.0741119384765625 0.200698852539063 -0.13629150390625 0.0782623291015625
-0.126968383789063 0.171981811523437 0.130157470703125 -0.0992202758789062
-0.092803955078125 0.118484497070313 -0.133026123046875 0.12744140625
-0.068878173828125 0.1815185546875 -0.009033203125 -0.126701354980469
-0.000373840332031248 0.119415283203125 0.0921173095703125 -0.122947692871094
0.0336437225341797 -0.0196399688720703 0.171600341796875 0.137863159179688
0.0357666015625 -0.16436767578125 0.11236572265625 0.4334716796875
0.0589141845703125 -0.24102783203125 -0.114715576171875 0.51019287109375
0.133438110351563 -0.146408081054688 -0.2630615234375 0.296630859375
0.205230712890625 -0.0269012451171875 -0.0975723266601563 0.0552444458007813
0.21771240234375 -0.0318756103515625 0.294403076171875 -0.04315185546875
0.192657470703125 -0.106109619140625 0.525909423828125 -0.181884765625
0.141708374023437 -0.171005249023438 0.300506591796875 -0.356689453125
0.0593719482421875 -0.136878967285156 -0.115676879882812 -0.263137817382813
0.0317516326904297 0.0115795135498047 -0.298919677734375 -0.090301513671875
-0.0629119873046875 0.148422241210938 -0.192825317382813 0.05206298828125
-0.111175537109375 0.145919799804688 0.0736618041992188 -0.0753326416015625
-0.055816650390625 0.0722122192382813 -0.161575317382813 0.146331787109375
-0.05450439453125 0.118057250976563 -0.032379150390625 -0.147613525390625
-0.029876708984375 0.0925064086914063 0.038330078125 -0.18743896484375
-0.000255584716796877 0.0246448516845703 0.129112243652344 0.0756378173828125
0.0134429931640625 -0.084136962890625 0.1270751953125 0.411712646484375
0.0414886474609375 -0.164108276367188 -0.073974609375 0.55340576171875
0.102264404296875 -0.103912353515625 -0.2669677734375 0.368194580078125
0.154541015625 -0.01251220703125 -0.15118408203125 0.0850830078125
0.170669555664063 -0.0010528564453125 0.241409301757813 -0.011627197265625
0.16290283203125 -0.045684814453125 0.54144287109375 -0.113372802734375
0.123077392578125 -0.0996170043945312 0.37896728515625 -0.326690673828125
0.0457534790039063 -0.0951156616210938 -0.06146240234375 -0.300323486328125
0.0143051147460938 -0.00515174865722656 -0.3013916015625 -0.141998291015625
-0.0488739013671875 0.090484619140625 -0.233489990234375 0.0310211181640625
-0.079833984375 0.0998153686523438 0.0245780944824219 -0.0578422546386719
-0.00319433212280273 0.00675821304321289 -0.179611206054687 0.15655517578125
-0.0227832794189453 0.0283317565917969 -0.043121337890625 -0.158538818359375
-0.0459785461425781 0.0256500244140625 0.0211029052734375 -0.221282958984375
-0.0373001098632813 0.0357322692871094 0.110794067382813 0.0386123657226563
-0.0108747482299805 -0.00719738006591797 0.12188720703125 0.3929443359375
0.0276756286621094 -0.06561279296875 -0.068359375 0.5704345703125
0.0644645690917969 -0.0365219116210938 -0.27716064453125 0.404541015625
0.082855224609375 0.00690460205078125 -0.183273315429688 0.103500366210938
0.0909271240234375 0.0145492553710938 0.204666137695313 0.004669189453125
0.0980148315429688 -0.0004425048828125 0.53192138671875 -0.0850830078125
0.0730133056640625 -0.02099609375 0.40240478515625 -0.31854248046875
0.0176277160644531 -0.0234794616699219 -0.04248046875 -0.324737548828125
-0.0079350471496582 0.00208044052124023 -0.303375244140625 -0.172882080078125
-0.0325889587402344 0.0374832153320313 -0.256973266601563 0.0145721435546876
-0.0379219055175781 0.0396308898925781 -0.00793838500976563 -0.0483932495117188
0.0564956665039062 -0.0655593872070313 -0.189132690429688 0.156402587890625
0.0174598693847656 -0.0694160461425781 -0.0420684814453125 -0.155685424804688
-0.0490837097167969 -0.0532417297363281 0.0357513427734375 -0.217025756835938
-0.0671882629394531 0.0353126525878906 0.121574401855469 0.0386962890625
-0.0348854064941406 0.0616302490234375 0.103973388671875 0.38421630859375
0.0096435546875 0.0354957580566406 -0.1036376953125 0.559722900390625
0.0163192749023437 0.0366325378417969 -0.2982177734375 0.40142822265625
-0.000305175781250001 0.0264759063720703 -0.185562133789062 0.1103515625
-0.00161361694335938 0.0271778106689453 0.198974609375 0.009918212890625
0.0216522216796875 0.0431060791015625 0.515533447265625 -0.099029541015625
0.0101318359375 0.06201171875 0.365020751953125 -0.338623046875
-0.0153999328613281 0.0572509765625 -0.070556640625 -0.333465576171875
-0.0312080383300781 0.018280029296875 -0.308685302734375 -0.17529296875
-0.0123043060302734 -0.0122051239013672 -0.25732421875 0.01361083984375
0.00780105590820312 -0.0240154266357422 -0.0198783874511719 -0.0473823547363281
0.112434387207031 -0.133636474609375 -0.18682861328125 0.145462036132812
0.05206298828125 -0.153244018554688 -0.0270843505859375 -0.139755249023438
-0.0468215942382812 -0.108634948730469 0.0774078369140625 -0.177154541015625
-0.0865402221679688 0.0464248657226562 0.15484619140625 0.073394775390625
-0.0565719604492188 0.124885559082031 0.070953369140625 0.38800048828125
-0.016510009765625 0.120925903320313 -0.171539306640625 0.525909423828125
-0.0407638549804688 0.093475341796875 -0.320648193359375 0.362396240234375
-0.0777359008789063 0.0450668334960937 -0.157623291015625 0.104217529296875
-0.0828781127929688 0.0517959594726562 0.221923828125 -0.002166748046875
-0.0413131713867188 0.103111267089844 0.481536865234375 -0.1578369140625
-0.0385894775390625 0.148605346679688 0.2691650390625 -0.381256103515625
-0.0413742065429687 0.128196716308594 -0.13885498046875 -0.322418212890625
-0.0476341247558594 0.0235404968261719 -0.310577392578125 -0.14569091796875
0.0112342834472656 -0.0650215148925781 -0.232406616210937 0.027130126953125
0.051910400390625 -0.085968017578125 -0.0104522705078125 -0.0538253784179688
0.155548095703125 -0.186431884765625 -0.168426513671875 0.125473022460938
0.07147216796875 -0.202835083007813 0.00576019287109375 -0.116584777832031
-0.042877197265625 -0.11920166015625 0.137908935546875 -0.115493774414063
-0.095245361328125 0.0825042724609375 0.185714721679688 0.132003784179688
-0.0785980224609375 0.180526733398438 0.00585937500000002 0.390380859375
-0.055206298828125 0.17303466796875 -0.263916015625 0.464569091796875
-0.100959777832031 0.12127685546875 -0.337127685546875 0.294708251953125
-0.139945983886719 0.058990478515625 -0.104141235351563 0.0875701904296875
-0.137458801269531 0.0911941528320312 0.254974365234375 -0.0419921875
-0.07452392578125 0.1767578125 0.4207763671875 -0.24774169921875
-0.059844970703125 0.224533081054688 0.13494873046875 -0.422332763671875
-0.05499267578125 0.16510009765625 -0.21209716796875 -0.287872314453125
-0.04864501953125 0.00373077392578125 -0.290740966796875 -0.09051513671875
0.037109375 -0.120841979980469 -0.183181762695313 0.0516357421875
0.0892105102539063 -0.140396118164063 0.019683837890625 -0.0680809020996094
0.177078247070313 -0.212234497070312 -0.137489318847656 0.100013732910156
0.0772247314453125 -0.207168579101562 0.0568389892578125 -0.0895843505859375
-0.0362625122070313 -0.0868606567382813 0.202056884765625 -0.045440673828125
-0.0996551513671875 0.127090454101563 0.191726684570312 0.195877075195313
-0.105087280273437 0.207916259765625 -0.0916748046875 0.38287353515625
-0.101699829101563 0.181991577148437 -0.362152099609375 0.379974365234375
-0.154754638671875 0.114517211914062 -0.3333740234375 0.21734619140625
-0.178359985351563 0.0676116943359375 -0.03411865234375 0.0608177185058594
-0.158538818359375 0.13360595703125 0.281982421875 -0.112548828125
-0.0797882080078125 0.2354736328125 0.332916259765625 -0.348785400390625
-0.0599822998046875 0.260543823242188 0.00265502929687495 -0.44427490234375
-0.0611572265625 0.152877807617187 -0.251144409179688 -0.235549926757812
-0.0365791320800781 -0.044647216796875 -0.235671997070313 -0.019256591796875
0.0634307861328125 -0.172927856445313 -0.116561889648438 0.0798873901367187
0.11724853515625 -0.174819946289063 0.06427001953125 -0.0900115966796875
-0.109649658203125 0.141098022460938 -0.100265502929688 0.101760864257813
-0.0652618408203125 0.204238891601563 0.0384063720703125 -0.09539794921875
0.0293807983398438 0.0984268188476563 0.174118041992188 -0.046142578125
0.0546951293945312 -0.0852584838867188 0.212493896484375 0.206436157226563
0.052490234375 -0.230667114257813 0.0604248046875 0.44696044921875
0.082550048828125 -0.27203369140625 -0.188995361328125 0.442901611328125
0.158096313476563 -0.152420043945312 -0.262115478515625 0.210113525390625
0.229507446289063 -0.036224365234375 -0.0296707153320312 0.0213623046875
0.224166870117188 -0.072479248046875 0.346221923828125 -0.098846435546875
0.181381225585938 -0.1695556640625 0.47772216796875 -0.283416748046875
0.127578735351563 -0.220748901367188 0.178375244140625 -0.39166259765625
0.0633392333984375 -0.140350341796875 -0.176437377929687 -0.21240234375
0.0397758483886719 0.0502662658691406 -0.279434204101563 -0.0256500244140626
-0.0738372802734375 0.201614379882813 -0.137222290039062 0.0796051025390625
-0.127883911132813 0.172927856445313 0.129508972167969 -0.0985946655273437
-0.0931854248046875 0.119430541992187 -0.133186340332031 0.12872314453125
-0.0684051513671875 0.182479858398438 -0.00815582275390626 -0.12689208984375
-0.0004425048828125 0.119865417480469 0.094085693359375 -0.123260498046875
0.0337448120117188 -0.0211887359619141 0.173812866210938 0.138931274414063
0.0349884033203125 -0.166275024414063 0.113616943359375 0.436981201171875
0.0590362548828125 -0.24188232421875 -0.1158447265625 0.513916015625
0.134597778320313 -0.146636962890625 -0.2647705078125 0.298126220703125
0.206878662109375 -0.0273590087890625 -0.0989456176757812 0.0551681518554688
0.219619750976563 -0.0319671630859375 0.296295166015625 -0.04412841796875
0.193649291992188 -0.106307983398438 0.52960205078125 -0.184173583984375
0.142669677734375 -0.1729736328125 0.302490234375 -0.35894775390625
0.0605010986328125 -0.137611389160156 -0.11474609375 -0.265869140625
0.0313930511474609 0.0109958648681641 -0.301239013671875 -0.09228515625
-0.0626678466796875 0.148529052734375 -0.1942138671875 0.0528106689453125
-0.111953735351562 0.14630126953125 0.072998046875 -0.074554443359375
-0.0559844970703125 0.0729904174804687 -0.16204833984375 0.147293090820312
-0.0548324584960938 0.1190185546875 -0.031951904296875 -0.147445678710938
-0.029541015625 0.09246826171875 0.0396728515625 -0.188323974609375
-8.20159912109349E-05 0.024658203125 0.130561828613281 0.0765380859375
0.0131988525390625 -0.0854568481445313 0.128692626953125 0.414093017578125
0.0417633056640625 -0.1650390625 -0.073699951171875 0.5572509765625
0.103790283203125 -0.103538513183594 -0.2696533203125 0.369964599609375
0.1556396484375 -0.012420654296875 -0.153350830078125 0.0849761962890625
0.171615600585938 -0.0016937255859375 0.242034912109375 -0.0122528076171875
0.163848876953125 -0.0467987060546875 0.543731689453125 -0.114105224609375
0.123619079589844 -0.100624084472656 0.382415771484375 -0.32879638671875
0.0465774536132813 -0.095428466796875 -0.060760498046875 -0.3033447265625
0.0144672393798828 -0.00512123107910156 -0.3031005859375 -0.1439208984375
-0.0484695434570312 0.0908126831054688 -0.235336303710938 0.0315399169921875
-0.0804214477539062 0.099700927734375 0.0236778259277344 -0.057037353515625
-0.00311088562011719 0.00666713714599609 -0.180007934570313 0.156692504882813
-0.0231399536132813 0.0281696319580078 -0.0428009033203125 -0.158660888671875
-0.0456466674804687 0.0254402160644531 0.02191162109375 -0.2208251953125
-0.0367202758789063 0.0361137390136719 0.111915588378906 0.0400161743164063
-0.0113697052001953 -0.00720596313476563 0.123687744140625 0.396026611328125
0.0276641845703125 -0.0659523010253906 -0.06939697265625 0.57269287109375
0.0646820068359375 -0.0369606018066406 -0.278778076171875 0.408050537109375
0.0832595825195313 0.0066070556640625 -0.185409545898437 0.103469848632812
0.091766357421875 0.01458740234375 0.205581665039063 0.004180908203125
0.0982208251953125 -0.00112152099609375 0.536041259765625 -0.0853271484375
0.0732040405273438 -0.0214691162109375 0.406524658203125 -0.32135009765625
0.0180587768554688 -0.0241851806640625 -0.042388916015625 -0.326812744140625
-0.00829505920410156 0.00148153305053711 -0.304962158203125 -0.174591064453125
-0.0325164794921875 0.037567138671875 -0.259536743164063 0.0142669677734375
-0.0385856628417969 0.0401992797851563 -0.00817108154296875 -0.0477409362792969
0.0564193725585938 -0.0664482116699219 -0.190048217773438 0.157028198242188
0.0175323486328125 -0.0694847106933594 -0.0413665771484375 -0.155410766601563
-0.0485649108886719 -0.0534896850585938 0.03619384765625 -0.217056274414063
-0.0671806335449219 0.0347328186035156 0.122970581054688 0.0386428833007813
-0.0353775024414063 0.0616073608398438 0.10552978515625 0.387054443359375
0.00933074951171875 0.0360679626464844 -0.1046142578125 0.5631103515625
0.0155258178710937 0.03656005859375 -0.300262451171875 0.402679443359375
0.000383377075195311 0.0269603729248047 -0.187362670898438 0.110885620117188
-0.00164985656738281 0.0272407531738281 0.199462890625 0.0099029541015625
0.0219612121582031 0.0433807373046875 0.518280029296875 -0.10064697265625
0.0100784301757812 0.0624313354492188 0.36773681640625 -0.34033203125
-0.0149040222167969 0.0582504272460938 -0.07037353515625 -0.336029052734375
-0.0317764282226563 0.0181465148925781 -0.310302734375 -0.176727294921875
-0.0122261047363281 -0.0119905471801758 -0.259796142578125 0.0134735107421875
0.00719642639160156 -0.0241146087646484 -0.0208511352539063 -0.0465469360351562
0.11328125 -0.134872436523438 -0.1875 0.146377563476563
0.0522918701171875 -0.154312133789063 -0.026824951171875 -0.140457153320313
-0.0471420288085938 -0.108993530273438 0.07867431640625 -0.1776123046875
-0.0866546630859375 0.0469207763671875 0.156021118164063 0.0743408203125
-0.0566864013671875 0.126167297363281 0.0709838867187501 0.390716552734375
-0.0173797607421875 0.121391296386719 -0.17254638671875 0.529693603515625
-0.0419769287109375 0.0936355590820313 -0.32354736328125 0.3642578125
-0.078857421875 0.0441207885742188 -0.158828735351563 0.10406494140625
-0.0835037231445313 0.0511245727539063 0.222442626953125 -0.001922607421875
-0.0416030883789063 0.103302001953125 0.484405517578125 -0.15936279296875
-0.0385894775390625 0.149703979492188 0.27081298828125 -0.383544921875
-0.0408401489257812 0.128997802734375 -0.1395263671875 -0.32452392578125
-0.0475349426269531 0.0248184204101563 -0.312591552734375 -0.147003173828125
0.0108871459960938 -0.0645484924316406 -0.234420776367188 0.0270843505859375
0.0516433715820312 -0.0869827270507813 -0.011322021484375 -0.0528717041015625
0.15594482421875 -0.187271118164063 -0.169540405273438 0.125595092773437
0.0707855224609375 -0.203216552734375 0.005767822265625 -0.116508483886719
-0.0419769287109375 -0.118858337402344 0.139205932617188 -0.11517333984375
-0.0959930419921875 0.082855224609375 0.188156127929688 0.132949829101563
-0.079071044921875 0.181716918945313 0.00601196289062503 0.395050048828125
-0.05572509765625 0.174728393554688 -0.265380859375 0.468902587890625
-0.1024169921875 0.121002197265625 -0.33837890625 0.296478271484375
-0.14129638671875 0.05902099609375 -0.105636596679688 0.0875244140625
-0.137931823730469 0.0916519165039063 0.25628662109375 -0.042327880859375
-0.07476806640625 0.176681518554688 0.423736572265625 -0.2496337890625
-0.0596771240234375 0.225326538085938 0.13580322265625 -0.42596435546875
-0.0538177490234375 0.166549682617188 -0.21240234375 -0.28912353515625
-0.0493202209472656 0.004180908203125 -0.292236328125 -0.0909423828125
0.0367355346679688 -0.122299194335937 -0.185287475585937 0.0523529052734375
0.089599609375 -0.141632080078125 0.0185089111328125 -0.0673103332519531
0.177963256835938 -0.213363647460938 -0.138633728027344 0.09967041015625
0.0765228271484375 -0.207672119140625 0.0572052001953125 -0.0900421142578125
-0.0362091064453125 -0.0868988037109375 0.204086303710938 -0.04498291015625
-0.0988998413085937 0.127975463867188 0.193710327148438 0.197662353515625
-0.105377197265625 0.208892822265625 -0.092254638671875 0.385528564453125
-0.101837158203125 0.182281494140625 -0.366485595703125 0.383026123046875
-0.15692138671875 0.114364624023438 -0.335418701171875 0.21856689453125
-0.178497314453125 0.0671844482421875 -0.0354385375976562 0.061370849609375
-0.1588134765625 0.13336181640625 0.283935546875 -0.11199951171875
-0.079071044921875 0.236373901367187 0.33514404296875 -0.350982666015625
-0.0596466064453125 0.26177978515625 0.00238037109374997 -0.447998046875
-0.060760498046875 0.154861450195313 -0.252853393554688 -0.236679077148437
-0.0365829467773438 -0.0438690185546875 -0.2373046875 -0.0204620361328125
0.0643463134765625 -0.1734619140625 -0.117507934570313 0.0810165405273437
0.117782592773438 -0.175445556640625 0.0639724731445313 -0.0891036987304688
-0.110214233398438 0.141250610351563 -0.100143432617188 0.102096557617188
-0.0652923583984375 0.205413818359375 0.0387191772460937 -0.096343994140625
0.0286102294921875 0.098419189453125 0.17633056640625 -0.0468292236328125
0.054534912109375 -0.0866546630859375 0.214324951171875 0.20794677734375
0.0517578125 -0.232025146484375 0.061004638671875 0.449432373046875
0.082763671875 -0.274063110351563 -0.19024658203125 0.446014404296875
0.16009521484375 -0.152816772460938 -0.264389038085937 0.2120361328125
0.2313232421875 -0.0357818603515625 -0.0303115844726562 0.0220623016357422
0.225677490234375 -0.0731048583984375 0.348175048828125 -0.09918212890625
0.18212890625 -0.171234130859375 0.48187255859375 -0.287445068359375
0.128097534179688 -0.222152709960938 0.180938720703125 -0.39459228515625
0.0633544921875 -0.142410278320313 -0.177047729492188 -0.215316772460938
0.0405845642089844 0.0496788024902344 -0.282196044921875 -0.0266113281250001
-0.0738677978515625 0.203018188476563 -0.138092041015625 0.0799484252929688
-0.128067016601563 0.175338745117188 0.129890441894531 -0.0984420776367187
-0.093994140625 0.119499206542969 -0.134002685546875 0.129188537597656
-0.0682830810546875 0.183990478515625 -0.00812530517578127 -0.127235412597656
-0.000167846679687513 0.119552612304687 0.0952987670898438 -0.124374389648437
0.0336513519287109 -0.0212669372558594 0.176406860351563 0.140289306640625
0.0350494384765625 -0.167266845703125 0.11474609375 0.439727783203125
0.059051513671875 -0.243392944335938 -0.11541748046875 0.51806640625
0.135696411132813 -0.147323608398438 -0.26708984375 0.301300048828125
0.209136962890625 -0.0272216796875 -0.100120544433594 0.055633544921875
0.22113037109375 -0.032470703125 0.2974853515625 -0.04437255859375
0.194992065429687 -0.107498168945312 0.532806396484375 -0.1876220703125
0.143157958984375 -0.174346923828125 0.30401611328125 -0.3626708984375
0.0604705810546875 -0.139251708984375 -0.114837646484375 -0.26806640625
0.0319881439208984 0.00982093811035156 -0.3031005859375 -0.09375
-0.0629730224609375 0.149063110351562 -0.19537353515625 0.053680419921875
-0.112930297851562 0.14752197265625 0.0730972290039062 -0.0745315551757812
-0.0569229125976563 0.073272705078125 -0.162399291992188 0.147994995117187
-0.0543136596679687 0.119544982910156 -0.0312347412109375 -0.148284912109375
-0.0296249389648437 0.092376708984375 0.0405731201171875 -0.18890380859375
0.000345230102539063 0.0240383148193359 0.133148193359375 0.0778656005859375
0.0127944946289063 -0.0865631103515625 0.131011962890625 0.417938232421875
0.041046142578125 -0.1661376953125 -0.0733642578125001 0.561614990234375
0.104026794433594 -0.104194641113281 -0.27142333984375 0.373046875
0.15728759765625 -0.012298583984375 -0.1549072265625 0.0852203369140625
0.173492431640625 -0.0016021728515625 0.243545532226562 -0.01275634765625
0.164093017578125 -0.0473175048828125 0.54656982421875 -0.11627197265625
0.124717712402344 -0.101943969726563 0.385894775390625 -0.332916259765625
0.0467376708984375 -0.0958328247070313 -0.06048583984375 -0.306549072265625
0.0145902633666992 -0.00597286224365234 -0.30511474609375 -0.145233154296875
-0.048980712890625 0.0906524658203125 -0.237594604492187 0.03167724609375
-0.080657958984375 0.099822998046875 0.0234184265136719 -0.0557174682617187
-0.00434064865112305 0.00710105895996094 -0.1810302734375 0.158706665039063
-0.0232200622558594 0.0287723541259766 -0.042999267578125 -0.159774780273438
-0.0450630187988281 0.0248603820800781 0.023101806640625 -0.222137451171875
-0.0366973876953125 0.0360603332519531 0.113288879394531 0.0410308837890625
-0.0114955902099609 -0.00743961334228516 0.125244140625 0.399261474609375
0.0268402099609375 -0.0660858154296875 -0.0693359375 0.578857421875
0.0646705627441406 -0.0369033813476563 -0.28094482421875 0.411346435546875
0.0839691162109375 0.00701141357421875 -0.186752319335938 0.1038818359375
0.0921859741210938 0.0141220092773438 0.20623779296875 0.003814697265625
0.0992889404296875 -0.00151824951171875 0.540283203125 -0.087066650390625
0.0737533569335938 -0.0221710205078125 0.409088134765625 -0.32440185546875
0.0185928344726563 -0.0236358642578125 -0.040771484375 -0.330291748046875
-0.00818109512329102 0.00136280059814453 -0.307708740234375 -0.17657470703125
-0.0323486328125 0.037139892578125 -0.260833740234375 0.0156707763671875
-0.0388336181640625 0.0393447875976563 -0.0100250244140625 -0.0464096069335937
0.0560951232910156 -0.0674209594726563 -0.190536499023438 0.157669067382813
0.0179367065429687 -0.0702857971191406 -0.0422515869140625 -0.156570434570313
-0.0493202209472656 -0.0536384582519531 0.037139892578125 -0.218017578125
-0.0670242309570313 0.0354843139648438 0.124961853027344 0.0397796630859375
-0.0354461669921875 0.0621376037597656 0.10693359375 0.39068603515625
0.00969314575195313 0.0356063842773438 -0.10626220703125 0.56878662109375
0.0155487060546875 0.0364265441894531 -0.30255126953125 0.4056396484375
7.82012939453152E-05 0.0260028839111328 -0.189132690429687 0.110855102539063
-0.00137710571289063 0.0264568328857422 0.200347900390625 0.009552001953125
0.02117919921875 0.0425186157226563 0.52093505859375 -0.1014404296875
0.0103111267089844 0.0618209838867187 0.372222900390625 -0.3438720703125
-0.0145072937011719 0.0587387084960938 -0.070953369140625 -0.338623046875
-0.0321617126464844 0.0183830261230469 -0.31292724609375 -0.178558349609375
-0.0126247406005859 -0.0114965438842773 -0.261764526367188 0.0143890380859376
0.00665092468261719 -0.0247726440429688 -0.022247314453125 -0.0450363159179688
0.113365173339844 -0.135963439941406 -0.187850952148438 0.147476196289062
0.052093505859375 -0.155166625976563 -0.0280609130859375 -0.141098022460938
-0.0466156005859375 -0.109687805175781 0.079742431640625 -0.177444458007813
-0.0871505737304688 0.0479278564453125 0.158279418945313 0.0755767822265625
-0.0569534301757813 0.127349853515625 0.07208251953125 0.395355224609375
-0.0177841186523437 0.122116088867188 -0.174285888671875 0.534820556640625
-0.0422515869140625 0.0944976806640625 -0.325714111328125 0.366546630859375
-0.0788192749023437 0.0437393188476563 -0.160125732421875 0.104751586914063
-0.0838699340820312 0.0518875122070313 0.223495483398438 -0.0028839111328125
-0.04241943359375 0.103172302246094 0.487213134765625 -0.161895751953125
-0.0386199951171875 0.150466918945313 0.27349853515625 -0.386566162109375
-0.040740966796875 0.130012512207031 -0.140228271484375 -0.32806396484375
-0.0479316711425781 0.0250587463378906 -0.31512451171875 -0.148681640625
0.0110435485839844 -0.065582275390625 -0.236618041992188 0.0280303955078125
0.0514373779296875 -0.0874099731445313 -0.0117530822753906 -0.0519447326660156
0.1552734375 -0.188980102539063 -0.170516967773438 0.126144409179688
0.071685791015625 -0.205215454101563 0.00490570068359376 -0.117523193359375
-0.0426712036132813 -0.119850158691406 0.140594482421875 -0.114990234375
-0.09552001953125 0.0846405029296875 0.18951416015625 0.135009765625
-0.0792388916015625 0.182952880859375 0.00643920898437496 0.39862060546875
-0.056488037109375 0.175430297851563 -0.267303466796875 0.4732666015625
-0.104263305664062 0.121696472167969 -0.342010498046875 0.2987060546875
-0.141921997070312 0.0582275390625 -0.106201171875 0.0881195068359375
-0.138336181640625 0.0925445556640625 0.257400512695313 -0.042877197265625
-0.075347900390625 0.177230834960938 0.425048828125 -0.253570556640625
-0.058685302734375 0.226287841796875 0.1363525390625 -0.428436279296875
-0.0532684326171875 0.168563842773438 -0.214080810546875 -0.292449951171875
-0.0497512817382813 0.00537490844726562 -0.29571533203125 -0.09228515625
0.0365219116210938 -0.1219482421875 -0.186599731445312 0.052825927734375
0.0894317626953125 -0.142349243164063 0.0181236267089844 -0.0672569274902344
0.17791748046875 -0.21533203125 -0.138816833496094 0.1002197265625
0.0770721435546875 -0.208786010742188 0.0576019287109375 -0.0897064208984375
-0.0359573364257812 -0.086517333984375 0.205368041992188 -0.0438079833984375
-0.0991744995117188 0.130271911621094 0.194534301757813 0.2005615234375
-0.106201171875 0.211151123046875 -0.0928955078125 0.38983154296875
-0.103363037109375 0.182754516601563 -0.36920166015625 0.38873291015625
-0.158096313476563 0.114990234375 -0.338226318359375 0.220703125
-0.179931640625 0.066986083984375 -0.036224365234375 0.0616607666015625
-0.1600341796875 0.133636474609375 0.28564453125 -0.1131591796875
-0.0797271728515625 0.237503051757813 0.337890625 -0.355682373046875
-0.0594482421875 0.263259887695313 0.00173950195312503 -0.45050048828125
-0.060089111328125 0.1558837890625 -0.254470825195313 -0.239273071289063
-0.0373115539550781 -0.0441513061523438 -0.239974975585938 -0.02154541015625
0.0643463134765625 -0.17486572265625 -0.118789672851563 0.0814666748046875
0.117919921875 -0.177398681640625 0.063385009765625 -0.0893173217773438
-0.111663818359375 0.142990112304687 -0.0993728637695313 0.102699279785156
-0.0654449462890625 0.206985473632813 0.0399932861328125 -0.0971221923828125
0.0289688110351562 0.0977935791015625 0.178817749023438 -0.0474090576171875
0.0540695190429687 -0.0878982543945313 0.217697143554688 0.210037231445313
0.0515594482421875 -0.235107421875 0.06304931640625 0.45330810546875
0.0819854736328125 -0.275604248046875 -0.19097900390625 0.45086669921875
0.16143798828125 -0.15362548828125 -0.26654052734375 0.21453857421875
0.232696533203125 -0.0364837646484375 -0.0309982299804687 0.0221366882324219
0.227508544921875 -0.0738525390625 0.351837158203125 -0.10101318359375
0.183395385742188 -0.172866821289063 0.486907958984375 -0.291778564453125
0.128433227539063 -0.224136352539062 0.181793212890625 -0.399688720703125
0.063812255859375 -0.143783569335938 -0.178787231445312 -0.218093872070313
0.0406608581542969 0.0497398376464844 -0.283599853515625 -0.027069091796875
-0.074462890625 0.204071044921875 -0.139015197753906 0.081573486328125
-0.128646850585938 0.176467895507812 0.129783630371094 -0.097808837890625
-0.0943069458007812 0.121376037597656 -0.134231567382813 0.129600524902344
-0.069244384765625 0.185028076171875 -0.00820159912109374 -0.127822875976562
-0.000793457031250008 0.119781494140625 0.0970306396484375 -0.124710083007812
0.0335693359375 -0.0217227935791016 0.178665161132813 0.14178466796875
0.03424072265625 -0.16912841796875 0.116851806640625 0.445220947265625
0.05877685546875 -0.2449951171875 -0.114349365234375 0.523529052734375
0.1361083984375 -0.14764404296875 -0.270172119140625 0.304229736328125
0.21014404296875 -0.0276641845703125 -0.10198974609375 0.0560226440429688
0.222610473632812 -0.0326385498046875 0.2998046875 -0.045684814453125
0.1961669921875 -0.109039306640625 0.53753662109375 -0.190338134765625
0.143829345703125 -0.176376342773438 0.3074951171875 -0.366943359375
0.0610504150390625 -0.140449523925781 -0.115554809570313 -0.271835327148438
0.0319766998291016 0.009368896484375 -0.305908203125 -0.0944519042968751
-0.063201904296875 0.150314331054688 -0.197845458984375 0.054351806640625
-0.113677978515625 0.148406982421875 0.072265625 -0.0737152099609375
-0.0575408935546875 0.0744400024414063 -0.163040161132813 0.149505615234375
-0.0548019409179688 0.121208190917969 -0.0315704345703125 -0.148574829101562
-0.0300674438476563 0.0928955078125 0.0417022705078125 -0.190261840820312
0.000658035278320315 0.0234756469726562 0.134979248046875 0.0790023803710938
0.0130157470703125 -0.0869293212890625 0.132476806640625 0.422210693359375
0.0406036376953125 -0.16693115234375 -0.0725097656250001 0.56719970703125
0.104766845703125 -0.104423522949219 -0.27313232421875 0.3773193359375
0.158737182617188 -0.012939453125 -0.156997680664062 0.0858612060546875
0.175491333007813 -0.0020294189453125 0.244857788085938 -0.0136871337890625
0.165618896484375 -0.0479278564453125 0.55133056640625 -0.118896484375
0.125137329101563 -0.103157043457031 0.39013671875 -0.337188720703125
0.0472793579101563 -0.096588134765625 -0.060333251953125 -0.30950927734375
0.0148563385009766 -0.00574302673339844 -0.30804443359375 -0.147705078125
-0.0491714477539063 0.0912704467773438 -0.240097045898438 0.0328216552734375
-0.0809555053710937 0.101097106933594 0.0226554870605469 -0.0554466247558594
-0.00497150421142578 0.00634193420410156 -0.180923461914063 0.159881591796875
-0.0233688354492187 0.0285091400146484 -0.043853759765625 -0.16046142578125
-0.0456199645996094 0.0249061584472656 0.02386474609375 -0.223602294921875
-0.036346435546875 0.0361785888671875 0.11602783203125 0.0411758422851562
-0.0118331909179688 -0.00768280029296875 0.12725830078125 0.403533935546875
0.0272865295410156 -0.0662269592285156 -0.0684814453125001 0.58416748046875
0.0644912719726563 -0.0370903015136719 -0.28472900390625 0.41485595703125
0.085479736328125 0.00623321533203125 -0.18927001953125 0.104522705078125
0.0934066772460938 0.0132598876953125 0.207412719726563 0.002593994140625
0.0996780395507813 -0.0022125244140625 0.545440673828125 -0.090423583984375
0.0742950439453125 -0.0222015380859375 0.413055419921875 -0.329620361328125
0.0188465118408203 -0.0243759155273438 -0.0406494140625 -0.334625244140625
-0.00815725326538086 0.00141096115112305 -0.309661865234375 -0.178436279296875
-0.0330963134765625 0.0371818542480469 -0.263900756835938 0.0161895751953125
-0.039093017578125 0.0396347045898438 -0.0103645324707031 -0.0455513000488281
0.0559539794921875 -0.0681114196777344 -0.191116333007813 0.159210205078125
0.0170211791992188 -0.07080078125 -0.04296875 -0.156692504882813
-0.0492668151855469 -0.0539436340332031 0.038787841796875 -0.218231201171875
-0.0669097900390625 0.0357894897460937 0.127128601074219 0.0403671264648438
-0.0353469848632813 0.0628776550292969 0.108917236328125 0.39471435546875
0.00906753540039063 0.0364189147949219 -0.105224609375 0.5753173828125
0.0155410766601563 0.0367317199707031 -0.304443359375 0.411376953125
0.000820159912109373 0.0260257720947266 -0.191650390625 0.111709594726563
-0.00127410888671875 0.0273513793945313 0.201751708984375 0.0089263916015625
0.0212974548339844 0.0423927307128906 0.526275634765625 -0.105377197265625
0.0109214782714844 0.0623359680175781 0.37432861328125 -0.348358154296875
-0.0147132873535156 0.0592536926269531 -0.070343017578125 -0.34307861328125
-0.0325183868408203 0.0186424255371094 -0.315521240234375 -0.180908203125
-0.0130825042724609 -0.0122957229614258 -0.26458740234375 0.015472412109375
0.00685882568359375 -0.02490234375 -0.0227928161621094 -0.0447883605957031
0.112777709960938 -0.138076782226563 -0.189483642578125 0.147796630859375
0.05206298828125 -0.156524658203125 -0.028411865234375 -0.14178466796875
-0.0467300415039062 -0.110801696777344 0.0813446044921875 -0.17822265625
-0.0864486694335938 0.04913330078125 0.160415649414062 0.0770721435546875
-0.0571517944335938 0.128509521484375 0.073883056640625 0.39898681640625
-0.0182571411132813 0.123245239257813 -0.1746826171875 0.540374755859375
-0.0433273315429688 0.0948028564453125 -0.328826904296875 0.370391845703125
-0.0794143676757812 0.0442581176757813 -0.162811279296875 0.105758666992187
-0.0842971801757813 0.0516586303710937 0.225082397460938 -0.003387451171875
-0.0422592163085938 0.103729248046875 0.491058349609375 -0.16363525390625
-0.0388336181640625 0.151016235351563 0.27587890625 -0.390869140625
-0.040252685546875 0.132240295410156 -0.141510009765625 -0.33160400390625
-0.0480766296386719 0.02508544921875 -0.31884765625 -0.150421142578125
0.010589599609375 -0.0652923583984375 -0.238937377929688 0.0294952392578125
0.0518798828125 -0.0883102416992188 -0.0129470825195312 -0.05145263671875
0.155609130859375 -0.191268920898438 -0.171005249023438 0.1265869140625
0.070709228515625 -0.207138061523438 0.00569152832031251 -0.118560791015625
-0.0426025390625 -0.120231628417969 0.142318725585938 -0.114913940429688
-0.0954360961914063 0.085662841796875 0.19317626953125 0.137161254882813
-0.0796661376953125 0.18475341796875 0.00762939453125002 0.403656005859375
-0.056854248046875 0.1766357421875 -0.270477294921875 0.480194091796875
-0.105545043945313 0.122138977050781 -0.345703125 0.301116943359375
-0.14288330078125 0.05828857421875 -0.107749938964844 0.0890045166015625
-0.139350891113281 0.0931854248046875 0.25927734375 -0.04315185546875
-0.0759124755859375 0.178436279296875 0.430328369140625 -0.2564697265625
-0.058929443359375 0.228363037109375 0.13873291015625 -0.432464599609375
-0.0527496337890625 0.17022705078125 -0.2166748046875 -0.294952392578125
-0.0498466491699219 0.00573348999023437 -0.2984619140625 -0.09332275390625
0.0358810424804687 -0.123382568359375 -0.188995361328125 0.053802490234375
0.089630126953125 -0.14349365234375 0.0174980163574219 -0.066375732421875
0.17767333984375 -0.217361450195312 -0.139778137207031 0.100051879882812
0.076385498046875 -0.21136474609375 0.0578765869140625 -0.0906829833984375
-0.0360031127929687 -0.086883544921875 0.208221435546875 -0.043975830078125
-0.0989151000976562 0.131515502929687 0.196731567382813 0.202224731445313
-0.106155395507812 0.212295532226563 -0.092864990234375 0.394989013671875
-0.104080200195313 0.184188842773438 -0.373260498046875 0.3935546875
-0.161209106445313 0.115676879882812 -0.34002685546875 0.222900390625
-0.181076049804688 0.0673370361328125 -0.0366744995117188 0.0614128112792969
-0.161087036132813 0.135360717773438 0.288421630859375 -0.114349365234375
-0.0792388916015625 0.238861083984375 0.340728759765625 -0.35858154296875
-0.059539794921875 0.26568603515625 0.000518798828124961 -0.454620361328125
-0.059326171875 0.157928466796875 -0.258056640625 -0.241180419921875
-0.0372390747070312 -0.0436592102050781 -0.2425537109375 -0.0211944580078125
0.0647430419921875 -0.175582885742188 -0.119949340820312 0.082672119140625
0.118515014648438 -0.179183959960938 0.06292724609375 -0.08868408203125
-0.111709594726563 0.144821166992188 -0.0995101928710937 0.103302001953125
-0.0653533935546875 0.209091186523438 0.040313720703125 -0.0975723266601562
0.0288619995117188 0.097900390625 0.180877685546875 -0.048309326171875
0.0544967651367188 -0.0905838012695312 0.221115112304688 0.212966918945313
0.0508270263671875 -0.2374267578125 0.064300537109375 0.458892822265625
0.0824432373046875 -0.278106689453125 -0.192596435546875 0.456634521484375
0.163436889648438 -0.154800415039063 -0.269638061523438 0.218246459960937
0.234939575195313 -0.037811279296875 -0.0323696136474609 0.0227413177490234
0.230377197265625 -0.0747833251953125 0.35491943359375 -0.10284423828125
0.184478759765625 -0.174942016601563 0.490447998046875 -0.29571533203125
0.128875732421875 -0.227294921875 0.18316650390625 -0.405670166015625
0.063720703125 -0.145645141601563 -0.180618286132813 -0.2208251953125
0.0411605834960937 0.0483131408691406 -0.28753662109375 -0.0272521972656249
-0.0735931396484375 0.206008911132813 -0.140640258789063 0.082733154296875
-0.12933349609375 0.178298950195312 0.130104064941406 -0.0985641479492187
-0.0956878662109375 0.122932434082031 -0.133819580078125 0.1307373046875
-0.0689697265625 0.186981201171875 -0.0073699951171875 -0.128181457519531
-0.000320434570312492 0.120109558105469 0.098480224609375 -0.125900268554688
0.0345706939697266 -0.0231800079345703 0.181488037109375 0.143875122070313
0.0330657958984375 -0.170867919921875 0.119293212890625 0.44921875
0.0579833984375 -0.246292114257813 -0.114532470703125 0.529296875
0.13787841796875 -0.149642944335938 -0.2728271484375 0.3089599609375
0.212371826171875 -0.0287017822265625 -0.10357666015625 0.0562362670898438
0.2249755859375 -0.0339508056640625 0.302459716796875 -0.04718017578125
0.197769165039063 -0.110626220703125 0.542999267578125 -0.19342041015625
0.144393920898438 -0.179031372070312 0.3104248046875 -0.37158203125
0.06134033203125 -0.142913818359375 -0.116561889648437 -0.274673461914063
0.0326099395751953 0.00873565673828125 -0.3099365234375 -0.095611572265625
-0.0626220703125 0.151107788085938 -0.198989868164063 0.0557708740234375
-0.113922119140625 0.150039672851562 0.0722579956054687 -0.0739822387695312
-0.0582046508789063 0.0746688842773438 -0.162826538085938 0.151397705078125
-0.05462646484375 0.121742248535156 -0.0318450927734375 -0.149627685546875
-0.0294265747070313 0.0928726196289063 0.04296875 -0.1915283203125
0.000909805297851564 0.0231246948242188 0.137535095214844 0.0804595947265625
0.0125274658203125 -0.08795166015625 0.13604736328125 0.42706298828125
0.0404510498046875 -0.167709350585938 -0.0736083984374999 0.5732421875
0.105377197265625 -0.10589599609375 -0.27618408203125 0.38177490234375
0.16082763671875 -0.0140380859375 -0.15887451171875 0.0863800048828125
0.176971435546875 -0.0026092529296875 0.246627807617187 -0.014892578125
0.166824340820313 -0.0492401123046875 0.55670166015625 -0.12420654296875
0.126228332519531 -0.104568481445313 0.39422607421875 -0.3404541015625
0.0474624633789062 -0.0978469848632813 -0.060272216796875 -0.31396484375
0.0156269073486328 -0.00651359558105469 -0.311676025390625 -0.149169921875
-0.048828125 0.09161376953125 -0.242172241210938 0.0343170166015625
-0.0817642211914063 0.102256774902344 0.021636962890625 -0.0552711486816406
-0.00529623031616211 0.00668001174926758 -0.181640625 0.161407470703125
-0.0239887237548828 0.0292320251464844 -0.043731689453125 -0.160507202148437
-0.0460662841796875 0.0252914428710937 0.0249176025390625 -0.224868774414063
-0.0359344482421875 0.0368385314941406 0.118278503417969 0.0428543090820313
-0.0120086669921875 -0.0074777603149414 0.13128662109375 0.407623291015625
0.0265045166015625 -0.0673789978027344 -0.0681762695312501 0.5927734375
0.0648880004882813 -0.0376129150390625 -0.2862548828125 0.419921875
0.0862350463867187 0.0058441162109375 -0.192108154296875 0.105026245117188
0.0947341918945313 0.01318359375 0.209503173828125 0.0019683837890625
0.100357055664062 -0.00305938720703125 0.5498046875 -0.094390869140625
0.0745849609375 -0.0233154296875 0.4178466796875 -0.3333740234375
0.0197257995605469 -0.0240745544433594 -0.041534423828125 -0.33831787109375
-0.00795650482177734 0.00112342834472656 -0.31378173828125 -0.180572509765625
-0.0332069396972656 0.0373077392578125 -0.266754150390625 0.01702880859375
-0.0398826599121094 0.0401496887207031 -0.0114402770996094 -0.0449867248535156
0.0561370849609375 -0.0686836242675781 -0.192474365234375 0.161178588867187
0.0164871215820313 -0.0722274780273438 -0.0434112548828125 -0.157546997070313
-0.0500068664550781 -0.0548248291015625 0.0391693115234375 -0.220428466796875
-0.0672035217285156 0.0368461608886719 0.128959655761719 0.0416336059570313
-0.035919189453125 0.0639801025390625 0.11260986328125 0.399261474609375
0.00876998901367188 0.0365180969238281 -0.10540771484375 0.5841064453125
0.0152168273925781 0.0368080139160156 -0.30682373046875 0.41546630859375
0.000724792480468748 0.0255336761474609 -0.194564819335938 0.112686157226563
-0.000907897949218749 0.0264682769775391 0.203048706054688 0.0077362060546875
0.0213546752929688 0.0419197082519531 0.5302734375 -0.1087646484375
0.0110054016113281 0.0619430541992188 0.378082275390625 -0.3529052734375
-0.0138359069824219 0.0607681274414063 -0.071136474609375 -0.346160888671875
-0.032501220703125 0.0192775726318359 -0.319122314453125 -0.1824951171875
-0.0125570297241211 -0.0120744705200195 -0.2674560546875 0.0165863037109375
0.00707435607910156 -0.0258941650390625 -0.0240325927734375 -0.0436058044433594
0.11279296875 -0.139091491699219 -0.190414428710938 0.149581909179688
0.0514678955078125 -0.15869140625 -0.02862548828125 -0.142822265625
-0.04766845703125 -0.111457824707031 0.0825042724609375 -0.179336547851563
-0.08673095703125 0.0496139526367188 0.163101196289063 0.0782012939453125
-0.0569992065429688 0.130317687988281 0.07635498046875 0.40411376953125
-0.0180435180664062 0.124488830566406 -0.1741943359375 0.548187255859375
-0.0434722900390625 0.0955123901367188 -0.33154296875 0.3743896484375
-0.0795669555664062 0.04473876953125 -0.164779663085938 0.1064453125
-0.08502197265625 0.0522232055664063 0.226593017578125 -0.00445556640625
-0.042266845703125 0.103950500488281 0.496734619140625 -0.168731689453125
-0.0382080078125 0.1524658203125 0.278594970703125 -0.39605712890625
-0.0390090942382813 0.133987426757813 -0.142486572265625 -0.3341064453125
-0.0482978820800781 0.0265235900878906 -0.3221435546875 -0.1517333984375
0.0107078552246094 -0.0658798217773438 -0.24212646484375 0.0308837890625
0.0519790649414063 -0.089996337890625 -0.0139236450195313 -0.0501251220703125
0.155517578125 -0.193756103515625 -0.171859741210938 0.128738403320312
0.0701141357421875 -0.20892333984375 0.00554656982421875 -0.119247436523438
-0.0438766479492187 -0.121162414550781 0.144332885742188 -0.115692138671875
-0.0950241088867187 0.0876541137695313 0.195602416992188 0.138229370117188
-0.0792694091796875 0.187469482421875 0.00897216796874997 0.407867431640625
-0.0579376220703125 0.178009033203125 -0.272796630859375 0.486419677734375
-0.106834411621094 0.123695373535156 -0.347747802734375 0.306427001953125
-0.144561767578125 0.058319091796875 -0.109504699707031 0.0893096923828125
-0.139930725097656 0.092803955078125 0.261306762695313 -0.0447845458984375
-0.0760650634765625 0.179351806640625 0.43267822265625 -0.261444091796875
-0.0590972900390625 0.231063842773437 0.13836669921875 -0.437744140625
-0.0517120361328125 0.172332763671875 -0.21917724609375 -0.297088623046875
-0.0498580932617188 0.00632858276367187 -0.3017578125 -0.095062255859375
0.0364227294921875 -0.124893188476563 -0.19171142578125 0.0557861328125
0.0894927978515625 -0.145950317382813 0.0165367126464844 -0.0657196044921875
0.178237915039063 -0.220413208007813 -0.139678955078125 0.101181030273438
0.075653076171875 -0.212799072265625 0.058135986328125 -0.091766357421875
-0.036529541015625 -0.0872344970703125 0.210647583007813 -0.0436553955078125
-0.0988235473632813 0.133659362792969 0.200790405273438 0.204421997070313
-0.106689453125 0.215103149414062 -0.093719482421875 0.4007568359375
-0.10498046875 0.186508178710937 -0.376617431640625 0.39990234375
-0.163055419921875 0.116867065429687 -0.34344482421875 0.226837158203125
-0.182937622070313 0.06756591796875 -0.0365180969238281 0.06256103515625
-0.16241455078125 0.137359619140625 0.289947509765625 -0.115875244140625
-0.079345703125 0.240997314453125 0.34368896484375 -0.364654541015625
-0.058258056640625 0.26849365234375 0.00125122070312504 -0.45928955078125
-0.058502197265625 0.160690307617187 -0.260589599609375 -0.2431640625
-0.0373420715332031 -0.0425605773925781 -0.2457275390625 -0.0219879150390625
0.0641326904296875 -0.177444458007813 -0.12176513671875 0.0840682983398438
0.117630004882813 -0.180801391601562 0.0624237060546875 -0.0881423950195313
-0.113296508789062 0.146621704101562 -0.0992813110351562 0.104469299316406
-0.0648345947265625 0.210617065429688 0.0414581298828125 -0.0985107421875
0.0292816162109375 0.0972747802734375 0.183334350585938 -0.049896240234375
0.0539932250976562 -0.0928192138671875 0.224884033203125 0.214767456054688
0.0497589111328125 -0.239959716796875 0.067474365234375 0.464263916015625
0.0811614990234375 -0.280868530273438 -0.192047119140625 0.46270751953125
0.165145874023438 -0.155746459960938 -0.271652221679688 0.221542358398437
0.238601684570313 -0.03900146484375 -0.0330619812011719 0.0230293273925781
0.232559204101563 -0.0767822265625 0.358428955078125 -0.105621337890625
0.185836791992187 -0.177566528320312 0.494720458984375 -0.302825927734375
0.128509521484375 -0.230850219726563 0.183197021484375 -0.41107177734375
0.0631103515625 -0.1474609375 -0.182022094726562 -0.222915649414063
0.0420989990234375 0.048065185546875 -0.290771484375 -0.027191162109375
-0.073699951171875 0.207015991210938 -0.142135620117188 0.0848541259765625
-0.12933349609375 0.18035888671875 0.130050659179688 -0.0994491577148437
-0.0968399047851563 0.124549865722656 -0.134048461914063 0.132286071777344
-0.0687408447265625 0.188507080078125 -0.00706481933593751 -0.129203796386719
-0.00020599365234374 0.120124816894531 0.099517822265625 -0.128059387207031
0.0347652435302734 -0.0244045257568359 0.18499755859375 0.145172119140625
0.0324554443359375 -0.173187255859375 0.12353515625 0.454559326171875
0.057464599609375 -0.249008178710938 -0.113250732421875 0.534820556640625
0.139205932617188 -0.1505126953125 -0.274505615234375 0.3134765625
0.21490478515625 -0.029693603515625 -0.104988098144531 0.0575942993164063
0.227767944335938 -0.0346832275390625 0.3046875 -0.04962158203125
0.199386596679688 -0.112472534179687 0.54901123046875 -0.199615478515625
0.14556884765625 -0.181106567382813 0.313140869140625 -0.378753662109375
0.0617828369140625 -0.145004272460938 -0.117828369140625 -0.27825927734375
0.0329322814941406 0.00833892822265625 -0.31304931640625 -0.09661865234375
-0.0625762939453125 0.15228271484375 -0.201004028320312 0.057586669921875
-0.11474609375 0.1527099609375 0.0721893310546875 -0.0734634399414062
-0.0585861206054688 0.076019287109375 -0.16400146484375 0.153472900390625
-0.0551605224609375 0.123130798339844 -0.0321502685546875 -0.150527954101562
-0.0300140380859375 0.0938568115234375 0.0429229736328125 -0.193588256835937
0.000791549682617185 0.0233039855957031 0.140281677246094 0.081634521484375
0.0119705200195313 -0.0893707275390625 0.138397216796875 0.43133544921875
0.03997802734375 -0.170242309570312 -0.07025146484375 0.580322265625
0.106315612792969 -0.107002258300781 -0.27764892578125 0.3865966796875
0.163055419921875 -0.01483154296875 -0.160903930664063 0.0877532958984375
0.179183959960937 -0.0037078857421875 0.2489013671875 -0.015869140625
0.168777465820313 -0.05059814453125 0.56268310546875 -0.127197265625
0.126853942871094 -0.107131958007813 0.397857666015625 -0.34783935546875
0.0477218627929688 -0.0994796752929688 -0.0609130859375 -0.318267822265625
0.0157957077026367 -0.00747776031494141 -0.31524658203125 -0.150390625
-0.0488204956054687 0.0926055908203125 -0.244903564453125 0.03631591796875
-0.0822296142578125 0.102836608886719 0.0213508605957031 -0.0546760559082031
-0.00579118728637695 0.00623464584350586 -0.182357788085938 0.163818359375
-0.0242042541503906 0.0290660858154297 -0.04473876953125 -0.162155151367188
-0.0463409423828125 0.0253868103027344 0.024749755859375 -0.22637939453125
-0.0365066528320312 0.0368919372558594 0.1207275390625 0.0435714721679687
-0.0122814178466797 -0.0080099105834961 0.13494873046875 0.412078857421875
0.0260086059570313 -0.067657470703125 -0.0672607421875 0.59967041015625
0.0652313232421875 -0.0379104614257812 -0.288970947265625 0.425201416015625
0.0878067016601563 0.0054473876953125 -0.194778442382812 0.107162475585938
0.0957870483398437 0.0136184692382813 0.211105346679688 0.000625610351562501
0.100929260253906 -0.003814697265625 0.55474853515625 -0.0972900390625
0.0754776000976563 -0.0243301391601563 0.421783447265625 -0.339569091796875
0.0201892852783203 -0.0242290496826172 -0.04205322265625 -0.3428955078125
-0.00814008712768555 0.00104188919067383 -0.317840576171875 -0.1822509765625
-0.03314208984375 0.0376434326171875 -0.270431518554688 0.0188751220703125
-0.0400047302246094 0.041046142578125 -0.0125617980957031 -0.0443801879882813
0.0549392700195313 -0.0693511962890625 -0.193557739257813 0.163467407226562
0.0162200927734375 -0.073150634765625 -0.0448150634765625 -0.158889770507813
-0.0501441955566406 -0.0556564331054688 0.039520263671875 -0.222244262695313
-0.0667457580566406 0.03778076171875 0.132034301757813 0.0421600341796875
-0.0364723205566406 0.0650558471679688 0.115509033203125 0.40386962890625
0.0084075927734375 0.0373191833496094 -0.10406494140625 0.5911865234375
0.0153388977050781 0.0373268127441406 -0.309600830078125 0.42230224609375
0.00122642517089844 0.0256538391113281 -0.196441650390625 0.113693237304687
-0.000888824462890628 0.0270290374755859 0.204437255859375 0.0069580078125
0.0216293334960938 0.0420722961425781 0.53662109375 -0.111724853515625
0.011199951171875 0.0631752014160156 0.38128662109375 -0.358642578125
-0.0133552551269531 0.0617332458496094 -0.0721435546875 -0.35040283203125
-0.0324306488037109 0.0201053619384766 -0.32305908203125 -0.18505859375
-0.0130243301391602 -0.0130023956298828 -0.270797729492188 0.0182189941406251
0.0062713623046875 -0.0264148712158203 -0.0251083374023437 -0.042633056640625
0.112564086914063 -0.141220092773438 -0.191680908203125 0.151092529296875
0.05078125 -0.159927368164063 -0.02960205078125 -0.14337158203125
-0.0486526489257813 -0.112579345703125 0.0827789306640625 -0.18060302734375
-0.0867385864257813 0.051300048828125 0.166366577148438 0.07940673828125
-0.0572586059570312 0.131965637207031 0.079132080078125 0.408966064453125
-0.0191726684570313 0.125617980957031 -0.175750732421875 0.55718994140625
-0.044281005859375 0.0963973999023437 -0.334381103515625 0.3802490234375
-0.0807266235351563 0.0444183349609375 -0.166488647460938 0.108184814453125
-0.0854568481445313 0.0524063110351562 0.228240966796875 -0.0054931640625
-0.0431060791015625 0.104530334472656 0.501678466796875 -0.171600341796875
-0.03753662109375 0.153915405273438 0.2802734375 -0.402435302734375
-0.0385665893554688 0.135421752929688 -0.1448974609375 -0.338348388671875
-0.0492935180664062 0.0274925231933594 -0.32720947265625 -0.15325927734375
0.0101203918457031 -0.0670318603515625 -0.24432373046875 0.032440185546875
0.0515060424804687 -0.0912246704101563 -0.0150146484375 -0.0496482849121094
0.155258178710937 -0.196685791015625 -0.17333984375 0.129608154296875
0.0696258544921875 -0.210662841796875 0.00524139404296875 -0.120109558105469
-0.0441055297851563 -0.121711730957031 0.14605712890625 -0.11627197265625
-0.09466552734375 0.089447021484375 0.198776245117188 0.139694213867188
-0.079345703125 0.189804077148438 0.011505126953125 0.41424560546875
-0.058258056640625 0.180618286132812 -0.274505615234375 0.493408203125
-0.108444213867187 0.125350952148437 -0.350860595703125 0.311187744140625
-0.145309448242188 0.058319091796875 -0.110488891601563 0.0906829833984375
-0.142181396484375 0.09423828125 0.262908935546875 -0.0460357666015625
-0.076202392578125 0.181045532226563 0.43731689453125 -0.26715087890625
-0.05816650390625 0.23333740234375 0.138275146484375 -0.442596435546875
-0.051177978515625 0.175827026367187 -0.22314453125 -0.29998779296875
-0.050384521484375 0.00703048706054688 -0.305938720703125 -0.094696044921875
0.0362930297851563 -0.125755310058594 -0.193756103515625 0.0574798583984375
0.089385986328125 -0.147598266601563 0.0160102844238281 -0.0645675659179688
0.17755126953125 -0.224349975585937 -0.14129638671875 0.10174560546875
0.0750732421875 -0.215042114257813 0.0587539672851563 -0.0925140380859375
-0.0372543334960938 -0.0878067016601563 0.213104248046875 -0.04412841796875
-0.0980072021484375 0.135391235351563 0.203857421875 0.20745849609375
-0.1065673828125 0.217987060546875 -0.09259033203125 0.40655517578125
-0.106048583984375 0.188247680664063 -0.378570556640625 0.407196044921875
-0.165054321289063 0.11761474609375 -0.347412109375 0.2303466796875
-0.18487548828125 0.0685272216796875 -0.0372505187988281 0.0635986328125
-0.163604736328125 0.138519287109375 0.292449951171875 -0.118408203125
-0.079071044921875 0.243515014648438 0.34600830078125 -0.371002197265625
-0.0572052001953125 0.271255493164063 -0.000671386718750043 -0.46533203125
-0.0576019287109375 0.163558959960938 -0.265625 -0.244644165039063
-0.037811279296875 -0.0421943664550781 -0.24932861328125 -0.02105712890625
0.063629150390625 -0.179061889648438 -0.122962951660156 0.0865859985351563
0.118118286132813 -0.18316650390625 0.0621795654296875 -0.0884170532226563
-0.113922119140625 0.148956298828125 -0.0991439819335938 0.10540771484375
-0.063812255859375 0.213607788085938 0.042510986328125 -0.0997467041015625
0.029632568359375 0.0970611572265625 0.18621826171875 -0.0518798828125
0.0536422729492188 -0.0948486328125 0.229080200195313 0.216232299804688
0.0476226806640625 -0.243545532226562 0.071624755859375 0.46954345703125
0.08074951171875 -0.28314208984375 -0.19171142578125 0.47064208984375
0.166229248046875 -0.158126831054688 -0.274810791015625 0.226150512695313
0.241317749023438 -0.0400238037109375 -0.0333385467529297 0.0233497619628906
0.2352294921875 -0.07843017578125 0.36114501953125 -0.110321044921875
0.1864013671875 -0.180465698242188 0.499359130859375 -0.30950927734375
0.128692626953125 -0.2344970703125 0.18438720703125 -0.41815185546875
0.063568115234375 -0.15087890625 -0.185287475585938 -0.225433349609375
0.0427055358886719 0.0473747253417969 -0.29443359375 -0.02667236328125
-0.072235107421875 0.209365844726563 -0.143218994140625 0.0867462158203125
-0.130218505859375 0.183364868164062 0.130020141601563 -0.10028076171875
-0.0973129272460938 0.126518249511719 -0.133552551269531 0.134681701660156
-0.0682373046875 0.191497802734375 -0.00783538818359375 -0.130485534667969
0.000114440917968756 0.121269226074219 0.101554870605469 -0.129020690917969
0.033966064453125 -0.0255985260009766 0.188888549804688 0.146316528320313
0.0310516357421875 -0.175628662109375 0.128326416015625 0.458953857421875
0.0564727783203125 -0.251312255859375 -0.111846923828125 0.544281005859375
0.139724731445313 -0.152679443359375 -0.277435302734375 0.318817138671875
0.217498779296875 -0.031341552734375 -0.106674194335937 0.0580825805664063
0.230026245117188 -0.037322998046875 0.30828857421875 -0.05267333984375
0.200042724609375 -0.114715576171875 0.552825927734375 -0.206024169921875
0.144973754882812 -0.18438720703125 0.31573486328125 -0.386810302734375
0.060882568359375 -0.147750854492188 -0.12017822265625 -0.282623291015625
0.0328311920166016 0.00680732727050781 -0.316650390625 -0.0970458984375
-0.0626678466796875 0.153640747070313 -0.203155517578125 0.06011962890625
-0.115142822265625 0.154251098632812 0.0717697143554687 -0.0740509033203125
-0.0592269897460937 0.0765914916992188 -0.16351318359375 0.155029296875
-0.0546493530273437 0.124908447265625 -0.032806396484375 -0.151321411132813
-0.0294113159179687 0.0943679809570313 0.042510986328125 -0.19525146484375
0.00168228149414062 0.0230922698974609 0.143447875976563 0.0818939208984375
0.0112228393554688 -0.09027099609375 0.1446533203125 0.435882568359375
0.0392913818359375 -0.171524047851563 -0.06756591796875 0.58929443359375
0.106414794921875 -0.108062744140625 -0.279449462890625 0.3931884765625
0.164031982421875 -0.0154571533203125 -0.163711547851563 0.088836669921875
0.180984497070313 -0.0045318603515625 0.25103759765625 -0.0179901123046875
0.169723510742188 -0.052001953125 0.568115234375 -0.13323974609375
0.127693176269531 -0.109046936035156 0.4012451171875 -0.35467529296875
0.0484848022460937 -0.10137939453125 -0.062591552734375 -0.321990966796875
0.0164003372192383 -0.00793552398681641 -0.319732666015625 -0.1519775390625
-0.0488662719726562 0.093048095703125 -0.248031616210937 0.03790283203125
-0.082916259765625 0.104698181152344 0.020294189453125 -0.0543937683105469
-0.00552177429199219 0.00688409805297851 -0.18304443359375 0.1663818359375
-0.0247535705566406 0.0298995971679688 -0.0454254150390625 -0.162796020507813
-0.0464439392089844 0.0254859924316406 0.0241851806640625 -0.228683471679688
-0.0360374450683594 0.0370254516601563 0.123039245605469 0.043792724609375
-0.0125236511230469 -0.00842189788818359 0.138702392578125 0.41668701171875
0.0258255004882812 -0.0685539245605469 -0.0630493164062501 0.60821533203125
0.0654945373535156 -0.0385971069335938 -0.2899169921875 0.432708740234375
0.0881576538085937 0.00457000732421875 -0.196868896484375 0.10888671875
0.0971450805664063 0.0122451782226562 0.212631225585938 -0.0010833740234375
0.102012634277344 -0.00445556640625 0.56048583984375 -0.10186767578125
0.0753707885742188 -0.0254592895507813 0.425506591796875 -0.3465576171875
0.0207233428955078 -0.0248394012451172 -0.043609619140625 -0.347198486328125
-0.00815820693969727 0.00135278701782226 -0.321868896484375 -0.1839599609375
-0.0333824157714844 0.0381431579589844 -0.273513793945313 0.0216217041015625
-0.0406341552734375 0.0412559509277344 -0.0135231018066406 -0.0433120727539063
0.054901123046875 -0.0705947875976562 -0.194854736328125 0.166122436523438
0.0158233642578125 -0.0731964111328125 -0.0452728271484375 -0.160003662109375
-0.05084228515625 -0.0555381774902344 0.0386505126953125 -0.224090576171875
-0.0669746398925781 0.0378990173339844 0.133956909179688 0.0427017211914063
-0.0354881286621094 0.0651168823242188 0.119659423828125 0.409454345703125
0.00861740112304688 0.0378150939941406 -0.10113525390625 0.59869384765625
0.0151443481445313 0.0374641418457031 -0.311798095703125 0.42816162109375
0.00145912170410157 0.0257358551025391 -0.19873046875 0.116683959960938
-0.000711441040039064 0.0264415740966797 0.205963134765625 0.005584716796875
0.0218276977539063 0.0419998168945312 0.540771484375 -0.116973876953125
0.0113487243652344 0.06341552734375 0.384979248046875 -0.364776611328125
-0.0125617980957031 0.0621986389160156 -0.07440185546875 -0.35577392578125
-0.0332832336425781 0.0202655792236328 -0.328216552734375 -0.186279296875
-0.0133743286132812 -0.0124330520629883 -0.274185180664062 0.020599365234375
0.00606346130371094 -0.0260105133056641 -0.0266952514648437 -0.0417633056640625
0.11248779296875 -0.143814086914063 -0.191864013671875 0.154449462890625
0.049835205078125 -0.161544799804688 -0.0303955078125 -0.144744873046875
-0.0496063232421875 -0.112960815429688 0.08380126953125 -0.182907104492187
-0.086456298828125 0.0526885986328125 0.169036865234375 0.08013916015625
-0.0570907592773438 0.134284973144531 0.083251953125 0.414520263671875
-0.018035888671875 0.126861572265625 -0.17559814453125 0.56494140625
-0.0445632934570312 0.0976943969726562 -0.33709716796875 0.3868408203125
-0.0810928344726562 0.0442886352539063 -0.168960571289063 0.1099853515625
-0.0860366821289063 0.052978515625 0.230331420898438 -0.006622314453125
-0.0434722900390625 0.105476379394531 0.50579833984375 -0.1788330078125
-0.0374603271484375 0.1563720703125 0.281494140625 -0.40869140625
-0.0374832153320313 0.13751220703125 -0.148223876953125 -0.3414306640625
-0.048736572265625 0.0283164978027344 -0.33123779296875 -0.153289794921875
0.00963211059570313 -0.0677375793457031 -0.247314453125 0.0349578857421875
0.05096435546875 -0.0923309326171875 -0.0160369873046875 -0.0484542846679688
0.155029296875 -0.199951171875 -0.173629760742188 0.131851196289062
0.0681915283203125 -0.213409423828125 0.00435638427734375 -0.121536254882813
-0.0447540283203125 -0.12335205078125 0.147933959960938 -0.11822509765625
-0.0949630737304687 0.0914306640625 0.202621459960937 0.14129638671875
-0.0787200927734375 0.19232177734375 0.013916015625 0.421173095703125
-0.0577392578125 0.182281494140625 -0.275177001953125 0.50372314453125
-0.109725952148438 0.126609802246094 -0.353240966796875 0.31689453125
-0.14752197265625 0.0600433349609375 -0.111625671386719 0.09210205078125
-0.142608642578125 0.095947265625 0.266708374023438 -0.0480499267578125
-0.076263427734375 0.182968139648438 0.44110107421875 -0.273101806640625
-0.057159423828125 0.236099243164063 0.139984130859375 -0.4505615234375
-0.0501708984375 0.177978515625 -0.22711181640625 -0.30291748046875
-0.0509376525878906 0.00815963745117188 -0.311248779296875 -0.0947875976562499
0.0352859497070313 -0.126907348632813 -0.195632934570313 0.0599822998046875
0.0889129638671875 -0.149337768554688 0.014739990234375 -0.0644607543945313
0.178024291992187 -0.227203369140625 -0.141586303710938 0.103530883789063
0.0733795166015625 -0.217529296875 0.0582199096679688 -0.09375
-0.0375595092773438 -0.0881881713867188 0.216064453125 -0.0453643798828125
-0.0981903076171875 0.138214111328125 0.207733154296875 0.20867919921875
-0.106582641601562 0.221847534179688 -0.09185791015625 0.414031982421875
-0.105911254882812 0.190460205078125 -0.38055419921875 0.415313720703125
-0.166854858398437 0.1202392578125 -0.350372314453125 0.236053466796875
-0.18609619140625 0.069427490234375 -0.0370368957519531 0.064239501953125
-0.164047241210938 0.140869140625 0.2955322265625 -0.12030029296875
-0.0781402587890625 0.245681762695312 0.34814453125 -0.377655029296875
-0.0558319091796875 0.274734497070313 -0.00152587890625001 -0.470306396484375
-0.0565643310546875 0.166427612304688 -0.26983642578125 -0.246795654296875
-0.0382080078125 -0.0422630310058594 -0.252944946289063 -0.02056884765625
0.063323974609375 -0.180892944335938 -0.124214172363281 0.0885696411132812
0.117874145507813 -0.186447143554688 0.0618667602539063 -0.0882568359375
-0.113143920898437 0.151748657226563 -0.0983657836914063 0.106941223144531
-0.062835693359375 0.217071533203125 0.042999267578125 -0.101272583007812
0.0303955078125 0.0968093872070313 0.189605712890625 -0.0538177490234375
0.0534744262695313 -0.0969924926757813 0.234161376953125 0.21795654296875
0.045928955078125 -0.246994018554688 0.07684326171875 0.475372314453125
0.080474853515625 -0.28729248046875 -0.189971923828125 0.477325439453125
0.167388916015625 -0.160171508789063 -0.277008056640625 0.231369018554688
0.243789672851563 -0.0421142578125 -0.0351181030273437 0.0241718292236328
0.237091064453125 -0.0812225341796875 0.365386962890625 -0.113372802734375
0.187606811523437 -0.183837890625 0.501495361328125 -0.31817626953125
0.127639770507813 -0.2386474609375 0.183685302734375 -0.42645263671875
0.062835693359375 -0.153518676757813 -0.187713623046875 -0.228607177734375
0.0431060791015625 0.0471420288085938 -0.298431396484375 -0.0252380371093749
-0.0710601806640625 0.212387084960937 -0.144805908203125 0.089324951171875
-0.130279541015625 0.1859130859375 0.130332946777344 -0.1014404296875
-0.0972671508789062 0.128807067871094 -0.133598327636719 0.136505126953125
-0.0670013427734375 0.193466186523438 -0.00796508789062499 -0.131202697753906
0.00109100341796874 0.121635437011719 0.102462768554688 -0.131362915039063
0.0347042083740234 -0.0267448425292969 0.193817138671875 0.14764404296875
0.029815673828125 -0.178787231445313 0.134429931640625 0.4644775390625
0.054595947265625 -0.254791259765625 -0.1083984375 0.552276611328125
0.140701293945313 -0.155380249023438 -0.278106689453125 0.3255615234375
0.220657348632813 -0.0328369140625 -0.108116149902344 0.0605926513671875
0.232650756835937 -0.03912353515625 0.310791015625 -0.055755615234375
0.202072143554688 -0.118011474609375 0.55706787109375 -0.213104248046875
0.145828247070313 -0.188003540039062 0.31732177734375 -0.394775390625
0.0611114501953125 -0.150100708007813 -0.122711181640625 -0.285888671875
0.0336322784423828 0.00611305236816406 -0.32159423828125 -0.096649169921875
-0.0617828369140625 0.155929565429688 -0.205596923828125 0.062774658203125
-0.114959716796875 0.1563720703125 0.0713043212890625 -0.0740890502929687
-0.0598831176757813 0.0784835815429687 -0.163909912109375 0.157333374023437
-0.0545272827148438 0.126373291015625 -0.03411865234375 -0.152252197265625
-0.0290756225585937 0.0949020385742188 0.0429229736328125 -0.197250366210938
0.00156784057617187 0.0229892730712891 0.147476196289063 0.08319091796875
0.0102615356445313 -0.091339111328125 0.150543212890625 0.441162109375
0.0372314453125 -0.172607421875 -0.0648193359375 0.59814453125
0.107429504394531 -0.110183715820313 -0.280242919921875 0.400970458984375
0.166748046875 -0.0166168212890625 -0.165756225585938 0.0910186767578125
0.183364868164063 -0.0058441162109375 0.253448486328125 -0.021484375
0.1710205078125 -0.05377197265625 0.5733642578125 -0.13995361328125
0.128021240234375 -0.111289978027344 0.404022216796875 -0.36328125
0.0475006103515625 -0.103042602539063 -0.065460205078125 -0.327056884765625
0.0158863067626953 -0.0092611312866211 -0.32476806640625 -0.152252197265625
-0.0484619140625 0.094696044921875 -0.25054931640625 0.040985107421875
-0.0829925537109375 0.106529235839844 0.019622802734375 -0.0540313720703125
-0.00632095336914063 0.00695514678955078 -0.183364868164063 0.169479370117187
-0.0248317718505859 0.0299091339111328 -0.0474853515625 -0.16412353515625
-0.047393798828125 0.0253372192382813 0.0234375 -0.23150634765625
-0.0360755920410156 0.0378532409667969 0.125770568847656 0.0444564819335938
-0.0134000778198242 -0.00808429718017578 0.14532470703125 0.421142578125
0.0250015258789062 -0.0691947937011719 -0.0582275390625 0.6173095703125
0.0665664672851563 -0.0396537780761719 -0.290557861328125 0.4410400390625
0.0897598266601563 0.00360107421875 -0.199417114257813 0.11102294921875
0.0984878540039063 0.0113677978515625 0.214920043945312 -0.003265380859375
0.103012084960938 -0.0059814453125 0.5665283203125 -0.10955810546875
0.077056884765625 -0.0262298583984375 0.428375244140625 -0.35418701171875
0.0209465026855469 -0.0252094268798828 -0.045562744140625 -0.35211181640625
-0.00820255279541015 0.000706672668457032 -0.32745361328125 -0.184600830078125
-0.0334053039550781 0.0384368896484375 -0.27734375 0.024383544921875
-0.0409393310546875 0.0415573120117188 -0.0150909423828125 -0.0423164367675781
0.054473876953125 -0.0721969604492188 -0.195068359375 0.16937255859375
0.0145187377929688 -0.0744857788085938 -0.0471038818359375 -0.16064453125
-0.0520172119140625 -0.056732177734375 0.038909912109375 -0.226058959960938
-0.0672378540039063 0.0392417907714844 0.137397766113281 0.0431671142578125
-0.0355606079101563 0.0669441223144531 0.1253662109375 0.41448974609375
0.00897216796875 0.0382156372070312 -0.09857177734375 0.60986328125
0.0151100158691406 0.0380287170410156 -0.311676025390625 0.43743896484375
0.00195503234863281 0.0250644683837891 -0.20050048828125 0.118240356445313
-0.000286102294921878 0.0265140533447266 0.207962036132813 0.00347900390625
0.0225563049316406 0.0416221618652344 0.546630859375 -0.123565673828125
0.0121116638183594 0.063629150390625 0.38714599609375 -0.373870849609375
-0.011932373046875 0.0629997253417969 -0.076873779296875 -0.359710693359375
-0.0333423614501953 0.02081298828125 -0.333984375 -0.18621826171875
-0.0135459899902344 -0.0125999450683594 -0.277481079101562 0.0233154296875
0.00537109375 -0.0270957946777344 -0.0275955200195313 -0.0404129028320312
0.111419677734375 -0.146621704101563 -0.19189453125 0.157119750976563
0.0482330322265625 -0.163787841796875 -0.0322418212890625 -0.14532470703125
-0.0508041381835937 -0.114227294921875 0.0837860107421875 -0.184616088867188
-0.0863494873046875 0.0540084838867188 0.172882080078125 0.0810089111328125
-0.0563888549804688 0.136810302734375 0.08795166015625 0.41949462890625
-0.0177459716796875 0.128868103027344 -0.1722412109375 0.574462890625
-0.0446319580078125 0.0991363525390625 -0.337982177734375 0.394073486328125
-0.0819320678710938 0.045318603515625 -0.170700073242188 0.111862182617188
-0.0865707397460938 0.0538558959960937 0.232452392578125 -0.0087432861328125
-0.0430450439453125 0.106269836425781 0.51080322265625 -0.1859130859375
-0.036895751953125 0.1578369140625 0.2840576171875 -0.416015625
-0.0364837646484375 0.140083312988281 -0.1529541015625 -0.3460693359375
-0.0492515563964844 0.029296875 -0.337310791015625 -0.153167724609375
0.0091094970703125 -0.0679054260253906 -0.250961303710938 0.0375213623046875
0.050872802734375 -0.0938796997070313 -0.01751708984375 -0.0476608276367188
0.154586791992188 -0.204147338867188 -0.174331665039063 0.134750366210937
0.0665435791015625 -0.215774536132813 0.0032501220703125 -0.122749328613281
-0.046539306640625 -0.123550415039063 0.149749755859375 -0.119903564453125
-0.0943603515625 0.0941085815429688 0.206573486328125 0.141998291015625
-0.0777587890625 0.19573974609375 0.01763916015625 0.427337646484375
-0.057342529296875 0.184844970703125 -0.2752685546875 0.514007568359375
-0.110786437988281 0.128776550292969 -0.356689453125 0.3245849609375
-0.148788452148438 0.060882568359375 -0.113037109375 0.09356689453125
-0.143417358398438 0.0974578857421875 0.268646240234375 -0.0512542724609375
-0.075164794921875 0.184906005859375 0.44451904296875 -0.280120849609375
-0.055389404296875 0.238998413085938 0.1376953125 -0.45587158203125
-0.04876708984375 0.180496215820313 -0.23138427734375 -0.305328369140625
-0.0509605407714844 0.00919723510742188 -0.31591796875 -0.093994140625
0.0348129272460937 -0.128936767578125 -0.1981201171875 0.062530517578125
0.088348388671875 -0.152542114257813 0.0140342712402344 -0.0643081665039063
0.1766357421875 -0.23114013671875 -0.141708374023438 0.105712890625
0.0724029541015625 -0.220504760742188 0.0587005615234375 -0.094573974609375
-0.0387191772460938 -0.0886383056640625 0.219131469726563 -0.0465240478515625
-0.09716796875 0.141204833984375 0.212600708007813 0.211013793945313
-0.105514526367187 0.225692749023438 -0.0892333984375 0.42120361328125
-0.107162475585937 0.192626953125 -0.383026123046875 0.425018310546875
-0.169052124023438 0.122406005859375 -0.35260009765625 0.24151611328125
-0.188262939453125 0.07073974609375 -0.0383110046386719 0.0657806396484375
-0.16552734375 0.143264770507813 0.29742431640625 -0.124237060546875
-0.077423095703125 0.248565673828125 0.348663330078125 -0.38604736328125
-0.053924560546875 0.278640747070313 -0.005767822265625 -0.4764404296875
-0.0551910400390625 0.168975830078125 -0.2757568359375 -0.247711181640625
-0.0387306213378906 -0.0416946411132813 -0.256134033203125 -0.020172119140625
0.061767578125 -0.183929443359375 -0.125526428222656 0.0909652709960937
0.116500854492187 -0.189483642578125 0.0612030029296875 -0.0882339477539063
-0.113449096679687 0.154464721679688 -0.097625732421875 0.108779907226563
-0.0606689453125 0.219589233398438 0.0435638427734375 -0.101905822753906
0.0313873291015625 0.097137451171875 0.1922607421875 -0.056488037109375
0.0524139404296875 -0.100166320800781 0.240310668945313 0.2183837890625
0.0436553955078125 -0.250274658203125 0.0816955566406249 0.4813232421875
0.077972412109375 -0.290496826171875 -0.188140869140625 0.485076904296875
0.167648315429688 -0.163253784179688 -0.27825927734375 0.2379150390625
0.247299194335938 -0.0451202392578125 -0.0354156494140625 0.0246696472167969
0.239761352539063 -0.0841522216796875 0.36846923828125 -0.11956787109375
0.187469482421875 -0.188186645507813 0.5045166015625 -0.327056884765625
0.12603759765625 -0.243148803710938 0.184051513671875 -0.434051513671875
0.06292724609375 -0.156524658203125 -0.191329956054688 -0.230209350585938
0.0439605712890625 0.0462150573730469 -0.30267333984375 -0.023345947265625
-0.0697174072265625 0.215286254882813 -0.144943237304688 0.0921478271484375
-0.129974365234375 0.189956665039063 0.129936218261719 -0.102951049804687
-0.0979690551757813 0.131378173828125 -0.13330078125 0.139083862304688
-0.06634521484375 0.196578979492188 -0.00787353515624999 -0.132148742675781
0.00177764892578126 0.122146606445313 0.103179931640625 -0.134010314941406
0.03460693359375 -0.0284557342529297 0.198135375976562 0.14794921875
0.02783203125 -0.180679321289063 0.140838623046875 0.468841552734375
0.053192138671875 -0.2569580078125 -0.103668212890625 0.5595703125
0.140960693359375 -0.1575927734375 -0.279205322265625 0.332366943359375
0.22259521484375 -0.035888671875 -0.110023498535156 0.0616607666015625
0.235794067382812 -0.04132080078125 0.3140869140625 -0.059478759765625
0.202667236328125 -0.121414184570313 0.5623779296875 -0.2220458984375
0.145111083984375 -0.191940307617188 0.31884765625 -0.404022216796875
0.06060791015625 -0.15283203125 -0.125518798828125 -0.289215087890625
0.034759521484375 0.00506973266601563 -0.326568603515625 -0.0948486328125
-0.0610198974609375 0.157745361328125 -0.207107543945313 0.06610107421875
-0.114852905273438 0.159698486328125 0.070770263671875 -0.0749359130859375
-0.0599136352539063 0.08038330078125 -0.163314819335938 0.161422729492188
-0.053924560546875 0.128471374511719 -0.0349578857421875 -0.153045654296875
-0.028106689453125 0.0960617065429688 0.043121337890625 -0.198440551757813
0.00270843505859375 0.0219841003417969 0.151046752929688 0.08355712890625
0.00853729248046875 -0.0932464599609375 0.15753173828125 0.4454345703125
0.035552978515625 -0.175399780273438 -0.0579833984375 0.60650634765625
0.107688903808594 -0.112281799316406 -0.279754638671875 0.4083251953125
0.168319702148438 -0.01898193359375 -0.16766357421875 0.0935211181640625
0.185379028320313 -0.00823974609375 0.255996704101563 -0.0239105224609375
0.17218017578125 -0.057037353515625 0.58050537109375 -0.1483154296875
0.128089904785156 -0.113441467285156 0.405731201171875 -0.373870849609375
0.0484466552734375 -0.104621887207031 -0.067718505859375 -0.33160400390625
0.0166311264038086 -0.00963687896728516 -0.33050537109375 -0.15234375
-0.0479278564453125 0.0953521728515625 -0.254302978515625 0.0442047119140625
-0.082855224609375 0.108474731445312 0.0190048217773438 -0.0535011291503906
-0.00751352310180664 0.007171630859375 -0.18328857421875 0.173446655273437
-0.0249233245849609 0.0304355621337891 -0.049041748046875 -0.164459228515625
-0.0473709106445313 0.0262832641601562 0.0225830078125 -0.232772827148438
-0.0353050231933594 0.0379104614257813 0.129493713378906 0.0441055297851563
-0.0132675170898438 -0.00740432739257813 0.152618408203125 0.426513671875
0.024261474609375 -0.0698890686035156 -0.05328369140625 0.6258544921875
0.0663719177246094 -0.0402641296386719 -0.2900390625 0.449066162109375
0.09136962890625 0.0019683837890625 -0.201980590820313 0.113967895507813
0.0995941162109375 0.01043701171875 0.216110229492188 -0.0053863525390625
0.103599548339844 -0.00722503662109375 0.5723876953125 -0.11602783203125
0.0775222778320313 -0.0273666381835938 0.432830810546875 -0.36224365234375
0.020751953125 -0.0262413024902344 -0.04864501953125 -0.35723876953125
-0.00873565673828125 0.00103521347045898 -0.333251953125 -0.18536376953125
-0.0332069396972656 0.0397186279296875 -0.2799072265625 0.02777099609375
-0.0409164428710938 0.0423049926757812 -0.0163307189941406 -0.0418167114257813
0.054046630859375 -0.0742111206054688 -0.19500732421875 0.173553466796875
0.0138397216796875 -0.075714111328125 -0.048583984375 -0.161972045898438
-0.0530509948730469 -0.0567131042480469 0.0387115478515625 -0.228057861328125
-0.0671272277832031 0.0403671264648438 0.141021728515625 0.0438995361328125
-0.0352668762207031 0.0686759948730469 0.13232421875 0.41876220703125
0.00844192504882813 0.0386123657226563 -0.0931396484375 0.6182861328125
0.0154647827148437 0.0381660461425781 -0.312774658203125 0.4459228515625
0.00195121765136719 0.0248832702636719 -0.20343017578125 0.121795654296875
0.000328063964843749 0.0260677337646484 0.20953369140625 0.0013885498046875
0.0227584838867188 0.0414390563964844 0.552398681640625 -0.1317138671875
0.0128364562988281 0.0642204284667969 0.389923095703125 -0.382781982421875
-0.010711669921875 0.0642242431640625 -0.080322265625 -0.364776611328125
-0.03314208984375 0.0211639404296875 -0.339569091796875 -0.18585205078125
-0.0141382217407227 -0.0127429962158203 -0.280975341796875 0.026824951171875
0.00545692443847656 -0.0278263092041016 -0.02935791015625 -0.0395126342773438
0.110443115234375 -0.149032592773438 -0.193252563476562 0.160675048828125
0.0466461181640625 -0.166534423828125 -0.0335235595703125 -0.146499633789063
-0.0521316528320312 -0.1153564453125 0.0834503173828125 -0.18658447265625
-0.0867156982421875 0.05609130859375 0.176666259765625 0.080963134765625
-0.0557098388671875 0.139213562011719 0.094329833984375 0.425262451171875
-0.0171661376953125 0.130599975585938 -0.17034912109375 0.5855712890625
-0.0450057983398438 0.10028076171875 -0.339324951171875 0.402252197265625
-0.0826797485351563 0.0459365844726562 -0.172409057617187 0.114288330078125
-0.0876846313476563 0.055023193359375 0.2342529296875 -0.01153564453125
-0.0431442260742188 0.107093811035156 0.514251708984375 -0.193145751953125
-0.035247802734375 0.160110473632813 0.28314208984375 -0.424530029296875
-0.0347442626953125 0.142349243164063 -0.15679931640625 -0.349456787109375
-0.0494117736816406 0.0300064086914063 -0.341796875 -0.1533203125
0.00825500488281249 -0.0687637329101562 -0.253799438476563 0.0412750244140625
0.0494537353515625 -0.0958709716796875 -0.0182647705078125 -0.046875
0.153060913085938 -0.20751953125 -0.175094604492187 0.137115478515625
0.064544677734375 -0.218536376953125 0.00239562988281252 -0.123664855957031
-0.0483856201171875 -0.124641418457031 0.151519775390625 -0.121810913085938
-0.0939865112304688 0.09637451171875 0.211013793945313 0.142654418945313
-0.0772705078125 0.199493408203125 0.02227783203125 0.433319091796875
-0.057098388671875 0.187255859375 -0.27288818359375 0.522979736328125
-0.111549377441406 0.131950378417969 -0.357330322265625 0.330902099609375
-0.14990234375 0.06219482421875 -0.113922119140625 0.09539794921875
-0.14447021484375 0.0998077392578125 0.2703857421875 -0.0534515380859375
-0.07452392578125 0.18719482421875 0.4462890625 -0.287628173828125
-0.0535125732421875 0.24224853515625 0.13531494140625 -0.463775634765625
-0.04669189453125 0.183441162109375 -0.23724365234375 -0.307647705078125
-0.0516281127929688 0.0100212097167969 -0.3211669921875 -0.0933837890625
0.0335693359375 -0.130226135253906 -0.200897216796875 0.0653533935546875
0.087127685546875 -0.154678344726563 0.0130653381347656 -0.0637397766113281
0.175567626953125 -0.235748291015625 -0.143096923828125 0.107513427734375
0.06982421875 -0.222518920898438 0.0584487915039063 -0.0958251953125
-0.0395965576171875 -0.0888595581054688 0.222091674804687 -0.0479888916015625
-0.09674072265625 0.144500732421875 0.217575073242188 0.212615966796875
-0.105606079101563 0.2305908203125 -0.086151123046875 0.428924560546875
-0.107101440429688 0.1961669921875 -0.384735107421875 0.4356689453125
-0.170425415039063 0.125732421875 -0.35418701171875 0.248382568359375
-0.19036865234375 0.0723876953125 -0.0377426147460938 0.0668067932128906
-0.165664672851563 0.145919799804688 0.29962158203125 -0.128265380859375
-0.0751495361328125 0.252151489257813 0.3505859375 -0.395111083984375
-0.051116943359375 0.282196044921875 -0.00988769531250006 -0.4822998046875
-0.0530242919921875 0.172149658203125 -0.281768798828125 -0.24835205078125
-0.0399055480957031 -0.0415496826171875 -0.260162353515625 -0.017913818359375
0.0601348876953125 -0.18585205078125 -0.12713623046875 0.0938568115234375
0.116317749023438 -0.192962646484375 0.0604171752929688 -0.0887908935546875
-0.112930297851563 0.157470703125 -0.0968399047851563 0.111305236816406
-0.059295654296875 0.22296142578125 0.0434646606445313 -0.103721618652344
0.0317840576171875 0.0972137451171875 0.194656372070312 -0.05877685546875
0.05047607421875 -0.102218627929688 0.246124267578125 0.218795776367188
0.0401458740234375 -0.2540283203125 0.090362548828125 0.4869384765625
0.07568359375 -0.293914794921875 -0.18499755859375 0.49334716796875
0.168380737304687 -0.166275024414062 -0.279052734375 0.243850708007812
0.249374389648437 -0.0478973388671875 -0.03582763671875 0.0253829956054688
0.240829467773438 -0.087982177734375 0.3701171875 -0.124847412109375
0.186752319335938 -0.191757202148438 0.507659912109375 -0.33721923828125
0.124954223632813 -0.247161865234375 0.18084716796875 -0.44134521484375
0.06103515625 -0.159713745117188 -0.196060180664063 -0.232269287109375
0.0453109741210938 0.0448722839355469 -0.30706787109375 -0.0205993652343751
-0.0681304931640625 0.2171630859375 -0.145492553710938 0.095184326171875
-0.12847900390625 0.193435668945313 0.129722595214844 -0.104537963867187
-0.097381591796875 0.133758544921875 -0.132705688476562 0.141647338867188
-0.0643310546875 0.1990966796875 -0.00925445556640624 -0.132728576660156
0.0029296875 0.122764587402344 0.103897094726563 -0.136131286621094
0.0338993072509766 -0.0300865173339844 0.202911376953125 0.147811889648438
0.0256805419921875 -0.18402099609375 0.149688720703125 0.47406005859375
0.0503387451171875 -0.261260986328125 -0.098388671875 0.56854248046875
0.14141845703125 -0.160430908203125 -0.279449462890625 0.3389892578125
0.225265502929688 -0.0383758544921875 -0.111129760742187 0.0638656616210938
0.237930297851563 -0.0448150634765625 0.31585693359375 -0.06414794921875
0.203887939453125 -0.124786376953125 0.56768798828125 -0.2330322265625
0.144439697265625 -0.1964111328125 0.31829833984375 -0.41265869140625
0.059661865234375 -0.155624389648438 -0.12969970703125 -0.293243408203125
0.0348701477050781 0.00391006469726563 -0.332122802734375 -0.093963623046875
-0.0590667724609375 0.159713745117188 -0.208587646484375 0.0695343017578125
-0.114486694335938 0.162841796875 0.0696487426757812 -0.075653076171875
-0.0598373413085938 0.081817626953125 -0.162872314453125 0.1646728515625
-0.0532073974609375 0.131027221679687 -0.036529541015625 -0.154098510742187
-0.027984619140625 0.096527099609375 0.0421905517578125 -0.201995849609375
0.00310134887695312 0.0212345123291016 0.154525756835937 0.0837860107421875
0.00768280029296875 -0.0946502685546875 0.166412353515625 0.448760986328125
0.0347442626953125 -0.177108764648438 -0.0518798828125 0.61505126953125
0.108070373535156 -0.114479064941406 -0.2794189453125 0.417205810546875
0.170120239257813 -0.0208892822265625 -0.169464111328125 0.0965423583984375
0.1881103515625 -0.01025390625 0.25799560546875 -0.027923583984375
0.172576904296875 -0.0596466064453125 0.5843505859375 -0.157958984375
0.127220153808594 -0.116546630859375 0.407318115234375 -0.382720947265625
0.0473861694335938 -0.1064453125 -0.07061767578125 -0.335662841796875
0.0167531967163086 -0.0102510452270508 -0.335479736328125 -0.15057373046875
-0.04718017578125 0.0965805053710938 -0.255477905273437 0.048553466796875
-0.0825424194335938 0.110282897949219 0.0178985595703125 -0.0526237487792969
-0.00713682174682617 0.00742244720458984 -0.182540893554687 0.177688598632813
-0.025177001953125 0.0318260192871094 -0.051239013671875 -0.165130615234375
-0.0475807189941406 0.0263404846191406 0.0207672119140625 -0.235641479492188
-0.0345878601074219 0.0382118225097656 0.131988525390625 0.0450057983398438
-0.0136003494262695 -0.00804710388183594 0.160186767578125 0.429595947265625
0.0239410400390625 -0.0707550048828125 -0.04730224609375 0.63421630859375
0.0660591125488281 -0.0416946411132813 -0.288238525390625 0.457733154296875
0.0919876098632812 0.0012054443359375 -0.203445434570313 0.117568969726562
0.101219177246094 0.008758544921875 0.218353271484375 -0.00897216796875
0.104896545410156 -0.00855255126953125 0.577392578125 -0.12567138671875
0.0772933959960938 -0.029083251953125 0.43255615234375 -0.373779296875
0.0213546752929688 -0.0265769958496094 -0.052642822265625 -0.36138916015625
-0.00894546508789063 0.000107765197753906 -0.339569091796875 -0.18377685546875
-0.0335273742675781 0.0394744873046875 -0.283294677734375 0.031585693359375
-0.0409507751464844 0.0435829162597656 -0.0172500610351563 -0.0410423278808594
0.0527496337890625 -0.0753631591796875 -0.194000244140625 0.17626953125
0.0128555297851563 -0.07666015625 -0.0516204833984375 -0.162429809570313
-0.0547828674316406 -0.0571937561035156 0.0365142822265625 -0.230850219726563
-0.0666694641113281 0.0417594909667969 0.144027709960938 0.043670654296875
-0.0345840454101562 0.0692329406738281 0.138885498046875 0.422882080078125
0.00862884521484375 0.0397987365722656 -0.0870971679687501 0.62799072265625
0.0153694152832031 0.0388221740722656 -0.311676025390625 0.4534912109375
0.00184822082519531 0.0248260498046875 -0.204864501953125 0.124832153320313
0.000659942626953125 0.0266914367675781 0.211502075195313 -0.001495361328125
0.0228118896484375 0.0410690307617187 0.557098388671875 -0.140350341796875
0.0137786865234375 0.0639228820800781 0.390350341796875 -0.3931884765625
-0.00963211059570312 0.0656051635742188 -0.0858154296875 -0.368927001953125
-0.0334453582763672 0.0219936370849609 -0.34661865234375 -0.185302734375
-0.014460563659668 -0.0133056640625 -0.283905029296875 0.030670166015625
0.00451469421386719 -0.0277023315429688 -0.0305442810058594 -0.0380134582519531
0.109161376953125 -0.15216064453125 -0.192276000976562 0.164703369140625
0.0441741943359375 -0.168975830078125 -0.0357818603515625 -0.14691162109375
-0.0542449951171875 -0.115531921386719 0.0841064453125 -0.188751220703125
-0.0862503051757813 0.0576553344726562 0.180343627929688 0.080413818359375
-0.0536651611328125 0.141189575195313 0.100616455078125 0.4296875
-0.0161895751953125 0.132049560546875 -0.1651611328125 0.59661865234375
-0.0450897216796875 0.101997375488281 -0.33837890625 0.411590576171875
-0.0832061767578125 0.0467681884765625 -0.173675537109375 0.117233276367188
-0.0877685546875 0.0560836791992188 0.235870361328125 -0.013336181640625
-0.0425643920898437 0.108123779296875 0.517852783203125 -0.20294189453125
-0.033477783203125 0.162155151367188 0.284149169921875 -0.433929443359375
-0.0330657958984375 0.144729614257813 -0.161956787109375 -0.35235595703125
-0.0494232177734375 0.0321159362792969 -0.348602294921875 -0.15155029296875
0.00771331787109376 -0.0700569152832031 -0.256866455078125 0.0449676513671875
0.0489349365234375 -0.0973663330078125 -0.0200119018554687 -0.0459213256835938
0.151077270507813 -0.211273193359375 -0.175247192382813 0.140609741210937
0.061737060546875 -0.221649169921875 0.000770568847656242 -0.124313354492188
-0.0499496459960937 -0.125900268554688 0.1522216796875 -0.1240234375
-0.0939178466796875 0.0984725952148438 0.215789794921875 0.142578125
-0.0755462646484375 0.20269775390625 0.02850341796875 0.438812255859375
-0.0556793212890625 0.189605712890625 -0.270599365234375 0.534820556640625
-0.11199951171875 0.133407592773438 -0.357421875 0.34002685546875
-0.150924682617188 0.0643157958984375 -0.115036010742188 0.09796142578125
-0.145263671875 0.1021728515625 0.27264404296875 -0.05743408203125
-0.0731048583984375 0.189712524414063 0.44879150390625 -0.2977294921875
-0.051116943359375 0.245849609375 0.1328125 -0.470550537109375
-0.0445404052734375 0.1866455078125 -0.2435302734375 -0.309173583984375
-0.0520744323730469 0.0116462707519531 -0.325775146484375 -0.0906982421875
0.0325698852539062 -0.1318359375 -0.202484130859375 0.06939697265625
0.0856475830078125 -0.1572265625 0.0116920471191406 -0.0631942749023438
0.174163818359375 -0.240753173828125 -0.1434326171875 0.110626220703125
0.0677642822265625 -0.225357055664063 0.0580596923828125 -0.0976791381835938
-0.040924072265625 -0.0890655517578125 0.224884033203125 -0.050140380859375
-0.095367431640625 0.147674560546875 0.2232666015625 0.21282958984375
-0.102706909179688 0.234222412109375 -0.08160400390625 0.43670654296875
-0.106185913085938 0.199691772460938 -0.38421630859375 0.4478759765625
-0.171585083007813 0.128494262695312 -0.35565185546875 0.256622314453125
-0.191879272460937 0.0750732421875 -0.0383834838867188 0.0679817199707031
-0.165481567382812 0.149261474609375 0.30157470703125 -0.132843017578125
-0.073333740234375 0.254837036132813 0.349212646484375 -0.40350341796875
-0.048004150390625 0.285614013671875 -0.01556396484375 -0.488555908203125
-0.0504913330078125 0.174606323242188 -0.287872314453125 -0.248138427734375
-0.0407600402832031 -0.0401649475097656 -0.263870239257813 -0.0150299072265625
0.0586090087890625 -0.188766479492187 -0.127899169921875 0.0962600708007812
0.114166259765625 -0.196273803710937 0.0591201782226563 -0.0891952514648438
-0.1121826171875 0.161407470703125 -0.0959854125976563 0.112327575683594
-0.055694580078125 0.22589111328125 0.0433883666992188 -0.105323791503906
0.0331039428710938 0.096466064453125 0.1966552734375 -0.062408447265625
0.0494003295898438 -0.105171203613281 0.252761840820313 0.2183837890625
0.0364990234375 -0.256912231445312 0.0978698730468751 0.4913330078125
0.072052001953125 -0.297332763671875 -0.178619384765625 0.5018310546875
0.168472290039063 -0.169479370117188 -0.279281616210938 0.25054931640625
0.251312255859375 -0.05120849609375 -0.0366935729980469 0.0266380310058594
0.242721557617188 -0.091400146484375 0.372467041015625 -0.13140869140625
0.186477661132813 -0.195953369140625 0.50799560546875 -0.348602294921875
0.122573852539062 -0.251571655273438 0.1773681640625 -0.449951171875
0.059661865234375 -0.16253662109375 -0.200424194335937 -0.233871459960938
0.0457801818847656 0.0440673828125 -0.31103515625 -0.0181884765625
-0.0650177001953125 0.219802856445313 -0.145828247070313 0.09881591796875
-0.126708984375 0.1966552734375 0.128440856933594 -0.106063842773438
-0.0971832275390625 0.137260437011719 -0.131423950195313 0.1448974609375
-0.0617523193359375 0.20220947265625 -0.0100784301757812 -0.133995056152344
0.00395965576171876 0.122718811035156 0.104278564453125 -0.139778137207031
0.0340042114257813 -0.0319938659667969 0.208206176757813 0.147552490234375
0.022674560546875 -0.1856689453125 0.1575927734375 0.477325439453125
0.0473480224609375 -0.26226806640625 -0.091064453125 0.57501220703125
0.141250610351563 -0.163406372070313 -0.2777099609375 0.346923828125
0.226821899414062 -0.0406646728515625 -0.1119384765625 0.0653305053710938
0.239639282226563 -0.0483856201171875 0.318695068359375 -0.0697021484375
0.203704833984375 -0.128814697265625 0.5679931640625 -0.2423095703125
0.142807006835938 -0.200576782226563 0.316619873046875 -0.4219970703125
0.057830810546875 -0.158111572265625 -0.133941650390625 -0.296051025390625
0.0353431701660156 0.00291824340820313 -0.33673095703125 -0.0914611816406249
-0.0574951171875 0.161361694335938 -0.20989990234375 0.0733489990234375
-0.113357543945312 0.165130615234375 0.0683059692382812 -0.0760116577148437
-0.0598373413085938 0.0835723876953125 -0.160980224609375 0.16845703125
-0.052001953125 0.132369995117188 -0.0381011962890625 -0.154678344726563
-0.0275115966796875 0.0974807739257813 0.0406341552734375 -0.203399658203125
0.00376510620117188 0.0210113525390625 0.158828735351562 0.082977294921875
0.00646209716796875 -0.0952911376953125 0.174896240234375 0.452117919921875
0.0313720703125 -0.179168701171875 -0.04296875 0.622314453125
0.10772705078125 -0.116226196289063 -0.27716064453125 0.424224853515625
0.172042846679688 -0.023681640625 -0.170684814453125 0.0994110107421875
0.189224243164063 -0.0128173828125 0.259246826171875 -0.0321197509765625
0.174163818359375 -0.062225341796875 0.5869140625 -0.1690673828125
0.12738037109375 -0.119712829589844 0.4072265625 -0.3929443359375
0.046722412109375 -0.107963562011719 -0.075164794921875 -0.33966064453125
0.0164594650268555 -0.0111932754516602 -0.341583251953125 -0.148956298828125
-0.0463943481445313 0.0973129272460938 -0.257858276367187 0.0517883300781251
-0.0820846557617187 0.111862182617188 0.0168571472167969 -0.0525856018066406
-0.00796604156494141 0.00777435302734375 -0.18109130859375 0.181106567382813
-0.0252513885498047 0.0320663452148437 -0.053955078125 -0.165679931640625
-0.0478019714355469 0.0271034240722656 0.0194244384765625 -0.237548828125
-0.034820556640625 0.0389404296875 0.135749816894531 0.0433731079101563
-0.0138483047485352 -0.007659912109375 0.168304443359375 0.43267822265625
0.0226821899414063 -0.0713424682617188 -0.0390014648437499 0.64312744140625
0.0664176940917969 -0.0424766540527344 -0.28631591796875 0.46630859375
0.0930023193359375 -0.00091552734375 -0.204635620117187 0.120635986328125
0.102096557617188 0.00739288330078125 0.219406127929688 -0.01190185546875
0.104545593261719 -0.0109100341796875 0.58135986328125 -0.13555908203125
0.07745361328125 -0.0308761596679688 0.43310546875 -0.38421630859375
0.0217533111572266 -0.0270938873291016 -0.05657958984375 -0.365997314453125
-0.00846290588378906 0.000568389892578124 -0.344879150390625 -0.182586669921875
-0.0329780578613281 0.0402412414550781 -0.2857666015625 0.0362548828124999
-0.0416831970214844 0.0437850952148437 -0.0175666809082031 -0.0390129089355469
0.0511398315429687 -0.0767593383789063 -0.193405151367188 0.180984497070312
0.0113525390625 -0.076934814453125 -0.0537261962890625 -0.162155151367187
-0.0564384460449219 -0.0569648742675781 0.03564453125 -0.233261108398437
-0.0664596557617187 0.0429000854492188 0.146957397460938 0.0429534912109375
-0.033599853515625 0.0707550048828125 0.14727783203125 0.4256591796875
0.00945663452148437 0.0402984619140625 -0.0799560546875 0.63677978515625
0.0160789489746094 0.0388641357421875 -0.30938720703125 0.462738037109375
0.00261878967285156 0.0247039794921875 -0.2064208984375 0.128067016601563
0.00058746337890625 0.02606201171875 0.213150024414063 -0.0043792724609375
0.0231056213378906 0.0408897399902344 0.560272216796875 -0.150146484375
0.0145339965820312 0.0645370483398438 0.391998291015625 -0.401885986328125
-0.00807189941406249 0.0662612915039063 -0.089599609375 -0.37255859375
-0.0334510803222656 0.0223751068115234 -0.352386474609375 -0.183685302734375
-0.0146713256835937 -0.0132722854614258 -0.28692626953125 0.035064697265625
0.0038604736328125 -0.0288639068603516 -0.0320320129394531 -0.03692626953125
0.107208251953125 -0.15478515625 -0.192672729492187 0.168258666992188
0.0418853759765625 -0.170318603515625 -0.038177490234375 -0.147659301757813
-0.05712890625 -0.116767883300781 0.0827789306640625 -0.19122314453125
-0.0855255126953125 0.0591354370117187 0.184097290039063 0.08038330078125
-0.052215576171875 0.144073486328125 0.107696533203125 0.434234619140625
-0.0149307250976562 0.133949279785156 -0.15789794921875 0.605712890625
-0.044952392578125 0.103874206542969 -0.337310791015625 0.42041015625
-0.0830078125 0.0474319458007812 -0.17498779296875 0.120468139648437
-0.087860107421875 0.0576858520507813 0.23779296875 -0.0172882080078125
-0.0424652099609375 0.109382629394531 0.52020263671875 -0.212890625
-0.031768798828125 0.163711547851563 0.281402587890625 -0.441741943359375
-0.0312347412109375 0.147003173828125 -0.16802978515625 -0.354339599609375
-0.0493736267089844 0.0332603454589844 -0.354522705078125 -0.149017333984375
0.00705718994140626 -0.070587158203125 -0.25909423828125 0.0489349365234375
0.04754638671875 -0.0994033813476563 -0.0212631225585937 -0.0447273254394531
0.148391723632813 -0.214920043945313 -0.1744384765625 0.143875122070312
0.0587310791015625 -0.22369384765625 -0.000671386718749992 -0.125045776367187
-0.0516433715820313 -0.125732421875 0.153030395507812 -0.126296997070313
-0.0923538208007813 0.100929260253906 0.220947265625 0.142074584960938
-0.0730743408203125 0.206832885742188 0.035125732421875 0.44561767578125
-0.054412841796875 0.191940307617188 -0.265350341796875 0.544097900390625
-0.111793518066406 0.136177062988281 -0.3572998046875 0.349029541015625
-0.151580810546875 0.0660858154296875 -0.1153564453125 0.100616455078125
-0.144882202148437 0.104522705078125 0.274765014648438 -0.06097412109375
-0.07183837890625 0.191543579101563 0.450469970703125 -0.30780029296875
-0.04876708984375 0.248291015625 0.128448486328125 -0.4779052734375
-0.0408935546875 0.188919067382813 -0.2496337890625 -0.308746337890625
-0.0516929626464844 0.0130882263183594 -0.331390380859375 -0.088043212890625
0.03082275390625 -0.133071899414063 -0.203994750976563 0.0730133056640625
0.0840911865234375 -0.159927368164063 0.0100860595703125 -0.0623664855957031
0.17120361328125 -0.2449951171875 -0.142547607421875 0.113204956054687
0.0640716552734375 -0.228347778320312 0.057464599609375 -0.0990753173828125
-0.0430908203125 -0.09014892578125 0.227081298828125 -0.0528717041015625
-0.0928497314453125 0.150634765625 0.228347778320313 0.21240234375
-0.100051879882813 0.237503051757813 -0.075347900390625 0.443084716796875
-0.1055908203125 0.203155517578125 -0.38134765625 0.458587646484375
-0.173004150390625 0.131240844726563 -0.356536865234375 0.263214111328125
-0.192581176757813 0.0771331787109375 -0.0372810363769531 0.0693855285644531
-0.165695190429688 0.152267456054688 0.30291748046875 -0.13775634765625
-0.070404052734375 0.257614135742188 0.347625732421875 -0.41302490234375
-0.0438232421875 0.289154052734375 -0.021728515625 -0.49298095703125
-0.0485076904296875 0.178298950195312 -0.29412841796875 -0.246917724609375
-0.0414848327636719 -0.0399169921875 -0.268142700195313 -0.012176513671875
0.056365966796875 -0.19110107421875 -0.128334045410156 0.0995025634765625
0.1121826171875 -0.199462890625 0.0577011108398438 -0.0895614624023438
-0.110824584960938 0.165191650390625 -0.0935821533203125 0.114410400390625
-0.0526885986328125 0.227859497070312 0.0434494018554688 -0.106315612792969
0.034149169921875 0.0958480834960938 0.198318481445313 -0.0666046142578125
0.0477218627929688 -0.107528686523438 0.259201049804688 0.217056274414062
0.032562255859375 -0.259841918945313 0.10589599609375 0.494781494140625
0.06884765625 -0.299591064453125 -0.17291259765625 0.50885009765625
0.168426513671875 -0.17242431640625 -0.278152465820312 0.257278442382813
0.253204345703125 -0.0555572509765625 -0.037567138671875 0.0269737243652344
0.243255615234375 -0.095367431640625 0.374298095703125 -0.138916015625
0.184600830078125 -0.199661254882813 0.5072021484375 -0.358917236328125
0.119735717773437 -0.256484985351563 0.173309326171875 -0.45849609375
0.0572357177734375 -0.165634155273437 -0.204666137695313 -0.234161376953125
0.0471229553222656 0.042755126953125 -0.31390380859375 -0.0140686035156251
-0.0623626708984375 0.221725463867188 -0.144622802734375 0.102035522460938
-0.124801635742188 0.20013427734375 0.127975463867187 -0.108566284179687
-0.0960693359375 0.140357971191406 -0.12890625 0.147598266601563
-0.059173583984375 0.204376220703125 -0.0113449096679688 -0.134597778320313
0.00604248046874999 0.123703002929688 0.103851318359375 -0.142333984375
0.0334148406982422 -0.0331192016601563 0.213455200195313 0.14617919921875
0.0196380615234375 -0.188034057617188 0.166259765625 0.4796142578125
0.0439453125 -0.266265869140625 -0.083251953125 0.58258056640625
0.14080810546875 -0.1661376953125 -0.2755126953125 0.354583740234375
0.228927612304688 -0.0452880859375 -0.113243103027344 0.0678329467773438
0.240478515625 -0.0520477294921875 0.31988525390625 -0.07550048828125
0.2030029296875 -0.132553100585938 0.57086181640625 -0.25408935546875
0.141830444335938 -0.204254150390625 0.31365966796875 -0.431610107421875
0.055908203125 -0.161163330078125 -0.138641357421875 -0.297576904296875
0.0354881286621094 0.0016021728515625 -0.341094970703125 -0.08831787109375
-0.055572509765625 0.163330078125 -0.21124267578125 0.0771636962890625
-0.111587524414062 0.1683349609375 0.06787109375 -0.0759735107421875
-0.05938720703125 0.0855484008789063 -0.159347534179688 0.17181396484375
-0.0499954223632813 0.134078979492188 -0.0404205322265625 -0.154647827148438
-0.027191162109375 0.0983505249023438 0.0394744873046875 -0.205734252929688
0.003326416015625 0.0204181671142578 0.162353515625 0.0820159912109375
0.00458526611328126 -0.0967330932617188 0.184600830078125 0.454071044921875
0.0293121337890625 -0.180877685546875 -0.0337524414062499 0.6273193359375
0.106925964355469 -0.118507385253906 -0.273590087890625 0.43341064453125
0.173126220703125 -0.0265960693359375 -0.171600341796875 0.102401733398437
0.191055297851563 -0.0159759521484375 0.260467529296875 -0.03668212890625
0.1741943359375 -0.065338134765625 0.58935546875 -0.17901611328125
0.126365661621094 -0.122756958007813 0.405029296875 -0.403472900390625
0.0457916259765625 -0.1103515625 -0.0797119140625 -0.343017578125
0.0166025161743164 -0.0122270584106445 -0.3468017578125 -0.14617919921875
-0.0447769165039063 0.0993576049804687 -0.259597778320313 0.056243896484375
-0.0811996459960937 0.113792419433594 0.0155181884765625 -0.0517196655273437
-0.00857877731323242 0.00785303115844726 -0.18017578125 0.185409545898437
-0.0253772735595703 0.0331745147705078 -0.0554351806640625 -0.166046142578125
-0.0490760803222656 0.0270881652832031 0.017578125 -0.239349365234375
-0.0340690612792969 0.0391044616699219 0.138702392578125 0.043182373046875
-0.0142431259155273 -0.00793743133544922 0.177154541015625 0.4342041015625
0.0215530395507812 -0.0716629028320313 -0.0279541015625001 0.65032958984375
0.0661125183105469 -0.0435409545898438 -0.28265380859375 0.4744873046875
0.0941543579101563 -0.00202178955078125 -0.205718994140625 0.124557495117187
0.103073120117187 0.00543975830078125 0.22076416015625 -0.015533447265625
0.105384826660156 -0.012420654296875 0.58331298828125 -0.14581298828125
0.0778427124023437 -0.032318115234375 0.4322509765625 -0.3946533203125
0.0221920013427734 -0.0277976989746094 -0.060699462890625 -0.369354248046875
-0.00869131088256836 0.000453948974609375 -0.35089111328125 -0.18048095703125
-0.0323143005371094 0.0411605834960938 -0.28753662109375 0.040679931640625
-0.0411643981933594 0.0449409484863281 -0.019317626953125 -0.0377082824707031
0.0499954223632813 -0.0781173706054687 -0.192138671875 0.1859130859375
0.00995635986328125 -0.077362060546875 -0.0562286376953125 -0.163238525390625
-0.0569343566894531 -0.056304931640625 0.032928466796875 -0.234939575195313
-0.0656242370605469 0.0435791015625 0.149932861328125 0.041839599609375
-0.0331268310546875 0.0722122192382812 0.15631103515625 0.42840576171875
0.009857177734375 0.0401573181152344 -0.07073974609375 0.6453857421875
0.0163383483886719 0.0386924743652344 -0.304656982421875 0.471527099609375
0.00348091125488281 0.0240802764892578 -0.207412719726562 0.132476806640625
0.000411987304687498 0.0260810852050781 0.21417236328125 -0.0074920654296875
0.02325439453125 0.0396308898925781 0.56268310546875 -0.15985107421875
0.0151481628417969 0.0649871826171875 0.388458251953125 -0.41253662109375
-0.00732421875 0.0668601989746094 -0.094451904296875 -0.374969482421875
-0.0329265594482422 0.0236358642578125 -0.357818603515625 -0.18096923828125
-0.0150117874145508 -0.0131559371948242 -0.288421630859375 0.0400085449218749
0.002655029296875 -0.0293521881103516 -0.0334892272949219 -0.0355377197265625
0.104537963867188 -0.157730102539062 -0.190200805664063 0.172439575195312
0.0385284423828125 -0.171890258789063 -0.0401763916015625 -0.147659301757813
-0.0589828491210938 -0.116523742675781 0.081512451171875 -0.19287109375
-0.0848464965820312 0.0613861083984375 0.188385009765625 0.0789794921875
-0.050506591796875 0.14605712890625 0.116851806640625 0.437347412109375
-0.0129470825195313 0.135383605957031 -0.15130615234375 0.6146240234375
-0.0441055297851563 0.105476379394531 -0.334259033203125 0.428924560546875
-0.0837326049804688 0.048828125 -0.175064086914063 0.12396240234375
-0.0886154174804687 0.0585250854492187 0.2393798828125 -0.021453857421875
-0.0409622192382812 0.110275268554688 0.52166748046875 -0.2236328125
-0.029876708984375 0.164901733398438 0.27789306640625 -0.451202392578125
-0.027923583984375 0.148834228515625 -0.17327880859375 -0.355865478515625
-0.0492668151855469 0.0345268249511719 -0.3602294921875 -0.146026611328125
0.0054931640625 -0.0710296630859375 -0.260498046875 0.0534515380859375
0.0461959838867187 -0.101417541503906 -0.0223503112792969 -0.0431556701660156
0.146041870117188 -0.219009399414063 -0.173721313476562 0.147796630859375
0.0547943115234375 -0.226287841796875 -0.00284576416015625 -0.1258544921875
-0.0544815063476563 -0.126457214355469 0.153213500976563 -0.128921508789063
-0.0906906127929687 0.104141235351563 0.226226806640625 0.141021728515625
-0.070556640625 0.209991455078125 0.041961669921875 0.449066162109375
-0.052337646484375 0.19482421875 -0.260772705078125 0.55560302734375
-0.111968994140625 0.138923645019531 -0.355865478515625 0.35589599609375
-0.152450561523438 0.067596435546875 -0.1158447265625 0.103050231933594
-0.14495849609375 0.107376098632812 0.275466918945312 -0.065704345703125
-0.06982421875 0.193756103515625 0.448455810546875 -0.317626953125
-0.045257568359375 0.25177001953125 0.123565673828125 -0.48590087890625
-0.0383453369140625 0.19244384765625 -0.2559814453125 -0.30950927734375
-0.0517921447753906 0.0147285461425781 -0.3358154296875 -0.0845947265624999
0.0283966064453125 -0.134208679199219 -0.205123901367188 0.077056884765625
0.082244873046875 -0.163070678710938 0.00891876220703126 -0.0619163513183594
0.167388916015625 -0.24957275390625 -0.141250610351563 0.1160888671875
0.060638427734375 -0.230438232421875 0.0559844970703125 -0.099639892578125
-0.0442886352539063 -0.089080810546875 0.229660034179688 -0.0556640625
-0.091278076171875 0.153778076171875 0.233535766601563 0.2125244140625
-0.0976715087890625 0.242828369140625 -0.0706787109375 0.44964599609375
-0.103790283203125 0.205947875976563 -0.37896728515625 0.46923828125
-0.173553466796875 0.135848999023437 -0.355499267578125 0.27099609375
-0.1934814453125 0.0794677734375 -0.03765869140625 0.0707626342773437
-0.164932250976563 0.155502319335938 0.30352783203125 -0.1436767578125
-0.0677642822265625 0.259933471679688 0.34454345703125 -0.422027587890625
-0.0394287109375 0.29241943359375 -0.028289794921875 -0.498138427734375
-0.045196533203125 0.180450439453125 -0.301361083984375 -0.24591064453125
-0.042449951171875 -0.0391387939453125 -0.271102905273438 -0.00939941406249998
0.053436279296875 -0.19256591796875 -0.128524780273437 0.102272033691406
0.109176635742188 -0.203567504882813 0.0566024780273438 -0.0897369384765625
-0.108978271484375 0.167892456054687 -0.0909805297851563 0.115509033203125
-0.0492401123046875 0.2301025390625 0.0433197021484375 -0.107826232910156
0.0354080200195313 0.095306396484375 0.199813842773438 -0.0704193115234375
0.0455169677734375 -0.109825134277344 0.265167236328125 0.215362548828125
0.027923583984375 -0.261627197265625 0.114410400390625 0.4971923828125
0.064727783203125 -0.302703857421875 -0.167724609375 0.5152587890625
0.1685791015625 -0.175567626953125 -0.276199340820312 0.263717651367188
0.254257202148438 -0.059814453125 -0.0381202697753906 0.0279960632324219
0.2440185546875 -0.0995635986328125 0.37493896484375 -0.145782470703125
0.182403564453125 -0.203445434570313 0.5045166015625 -0.372161865234375
0.115768432617188 -0.260162353515625 0.16851806640625 -0.464630126953125
0.055023193359375 -0.168548583984375 -0.209548950195312 -0.23394775390625
0.0483665466308594 0.0415611267089844 -0.31658935546875 -0.01068115234375
-0.0591583251953125 0.223831176757813 -0.144683837890625 0.105484008789063
-0.12310791015625 0.203475952148438 0.12689208984375 -0.109565734863281
-0.0947113037109375 0.14202880859375 -0.126922607421875 0.150161743164063
-0.05615234375 0.207412719726562 -0.0124359130859375 -0.135055541992188
0.007049560546875 0.1236572265625 0.103408813476562 -0.144851684570313
0.0327415466308594 -0.0349712371826172 0.218551635742188 0.14410400390625
0.0165557861328125 -0.189971923828125 0.177581787109375 0.48101806640625
0.0399627685546875 -0.26837158203125 -0.07501220703125 0.58892822265625
0.138916015625 -0.168930053710938 -0.272003173828125 0.361968994140625
0.229904174804688 -0.048553466796875 -0.113067626953125 0.0701446533203125
0.242340087890625 -0.0554046630859375 0.320037841796875 -0.081756591796875
0.201904296875 -0.1363525390625 0.56964111328125 -0.265625
0.138580322265625 -0.208282470703125 0.3104248046875 -0.441741943359375
0.0537109375 -0.163238525390625 -0.142730712890625 -0.299835205078125
0.0357818603515625 0.000370025634765625 -0.345306396484375 -0.08465576171875
-0.05291748046875 0.164505004882813 -0.211013793945313 0.0819549560546875
-0.109970092773438 0.171951293945312 0.0659637451171875 -0.076690673828125
-0.0583267211914063 0.087249755859375 -0.156753540039062 0.175338745117188
-0.0484390258789063 0.13629150390625 -0.0421905517578125 -0.154998779296875
-0.0255889892578125 0.0983352661132813 0.0372161865234375 -0.2076416015625
0.00417137145996094 0.02001953125 0.16650390625 0.080322265625
0.00270843505859374 -0.0967864990234375 0.19329833984375 0.4539794921875
0.027069091796875 -0.182144165039063 -0.0219116210937499 0.63507080078125
0.106063842773438 -0.120697021484375 -0.269683837890625 0.439971923828125
0.173736572265625 -0.0290069580078125 -0.172088623046875 0.105850219726563
0.191696166992188 -0.0186920166015625 0.2607421875 -0.0409088134765625
0.173751831054688 -0.0684967041015625 0.59210205078125 -0.19000244140625
0.125633239746094 -0.126312255859375 0.403839111328125 -0.414398193359375
0.0442581176757813 -0.111801147460937 -0.084503173828125 -0.345458984375
0.0165557861328125 -0.0133686065673828 -0.350830078125 -0.143157958984375
-0.0441818237304688 0.09942626953125 -0.260772705078125 0.0610504150390625
-0.0793609619140625 0.115615844726562 0.0140037536621094 -0.0512161254882813
-0.00896739959716797 0.00821685791015625 -0.177658081054688 0.189407348632813
-0.0248260498046875 0.0340919494628906 -0.0582275390625 -0.165573120117187
-0.048797607421875 0.0278701782226563 0.0147552490234375 -0.240737915039062
-0.0331916809082031 0.0396461486816406 0.141845703125 0.0417938232421875
-0.0149450302124023 -0.00767326354980469 0.18701171875 0.4354248046875
0.0202178955078125 -0.0730361938476562 -0.01837158203125 0.65673828125
0.066131591796875 -0.0443267822265625 -0.276397705078125 0.481842041015625
0.0946044921875 -0.00392913818359375 -0.206939697265625 0.128509521484375
0.10382080078125 0.0041961669921875 0.220443725585938 -0.0192718505859375
0.105857849121094 -0.0143966674804687 0.58587646484375 -0.1568603515625
0.0776443481445313 -0.0338821411132813 0.43096923828125 -0.405120849609375
0.0221443176269531 -0.0284996032714844 -0.066375732421875 -0.37286376953125
-0.00896930694580078 -0.000105857849121095 -0.356536865234375 -0.176910400390625
-0.0320587158203125 0.0417633056640625 -0.289794921875 0.045867919921875
-0.0410537719726562 0.0455055236816406 -0.020477294921875 -0.0369606018066406
0.0482559204101562 -0.0792999267578125 -0.190811157226562 0.189727783203125
0.00872039794921875 -0.0776519775390625 -0.059173583984375 -0.161972045898438
-0.0585746765136719 -0.0567741394042969 0.0311126708984375 -0.235855102539063
-0.064697265625 0.0451087951660156 0.153228759765625 0.0403594970703125
-0.0315399169921875 0.073699951171875 0.165283203125 0.4302978515625
0.0104179382324219 0.0404434204101563 -0.0599365234375 0.65338134765625
0.0168266296386719 0.0392112731933594 -0.30023193359375 0.479217529296875
0.00310134887695313 0.0235939025878906 -0.207748413085938 0.136520385742188
0.000913619995117185 0.0254268646240234 0.21484375 -0.0116729736328125
0.0238113403320312 0.0395584106445313 0.5634765625 -0.17034912109375
0.0167236328125 0.0644683837890625 0.3858642578125 -0.423919677734375
-0.00531768798828126 0.0676841735839844 -0.100982666015625 -0.37835693359375
-0.0330410003662109 0.0241184234619141 -0.3641357421875 -0.1783447265625
-0.0159082412719727 -0.0129079818725586 -0.290435791015625 0.0453186035156249
0.002410888671875 -0.0299739837646484 -0.0343055725097656 -0.0333690643310547
0.1025390625 -0.160369873046875 -0.188888549804687 0.176239013671875
0.035247802734375 -0.173141479492187 -0.04315185546875 -0.147857666015625
-0.061798095703125 -0.116096496582031 0.0805511474609375 -0.195571899414063
-0.0841751098632813 0.0640182495117188 0.1920166015625 0.0767364501953125
-0.048004150390625 0.148727416992188 0.124969482421875 0.440521240234375
-0.011138916015625 0.136360168457031 -0.1414794921875 0.623291015625
-0.0431289672851563 0.106986999511719 -0.33038330078125 0.43743896484375
-0.0834503173828125 0.0492019653320312 -0.175674438476562 0.127426147460938
-0.087799072265625 0.0593338012695313 0.240447998046875 -0.0251922607421875
-0.0394744873046875 0.111076354980469 0.521331787109375 -0.233154296875
-0.02801513671875 0.1669921875 0.274383544921875 -0.459228515625
-0.0257415771484375 0.150238037109375 -0.1805419921875 -0.35711669921875
-0.0485153198242188 0.0363693237304687 -0.365142822265625 -0.1419677734375
0.00452423095703125 -0.071380615234375 -0.262039184570313 0.05859375
0.044036865234375 -0.102340698242188 -0.0237236022949219 -0.0413703918457031
0.142135620117187 -0.222259521484375 -0.172714233398437 0.151535034179688
0.05084228515625 -0.2279052734375 -0.00469970703124999 -0.126052856445313
-0.0570220947265625 -0.125656127929688 0.153182983398438 -0.131484985351563
-0.08917236328125 0.106399536132812 0.230255126953125 0.1395263671875
-0.066925048828125 0.213211059570313 0.05120849609375 0.454071044921875
-0.049957275390625 0.196929931640625 -0.2540283203125 0.564208984375
-0.11114501953125 0.142227172851563 -0.353302001953125 0.3651123046875
-0.152557373046875 0.0704803466796875 -0.115547180175781 0.1055908203125
-0.144821166992188 0.109375 0.27587890625 -0.0703277587890625
-0.06707763671875 0.195266723632813 0.447113037109375 -0.326446533203125
-0.0411529541015625 0.253280639648438 0.1181640625 -0.491302490234375
-0.034393310546875 0.194534301757813 -0.26336669921875 -0.3072509765625
-0.0518112182617188 0.0162200927734375 -0.340057373046875 -0.080169677734375
0.0261077880859375 -0.135757446289063 -0.205596923828125 0.0809783935546875
0.0789337158203125 -0.165023803710938 0.00829696655273438 -0.0610618591308594
0.163330078125 -0.253982543945313 -0.140975952148438 0.119186401367188
0.056060791015625 -0.231689453125 0.0551910400390625 -0.100868225097656
-0.0460128784179688 -0.0887451171875 0.231002807617188 -0.0591583251953125
-0.0890045166015625 0.156463623046875 0.239776611328125 0.21136474609375
-0.094207763671875 0.245986938476563 -0.06365966796875 0.456512451171875
-0.101837158203125 0.209121704101563 -0.373992919921875 0.480743408203125
-0.173095703125 0.13873291015625 -0.35369873046875 0.27880859375
-0.193435668945313 0.082275390625 -0.0368804931640625 0.0719146728515625
-0.163604736328125 0.158843994140625 0.304229736328125 -0.1485595703125
-0.0633697509765625 0.263015747070313 0.34088134765625 -0.431549072265625
-0.034454345703125 0.295257568359375 -0.037139892578125 -0.50311279296875
-0.041107177734375 0.182998657226563 -0.307525634765625 -0.242767333984375
-0.0428619384765625 -0.0380058288574219 -0.274169921875 -0.005126953125
0.050811767578125 -0.194732666015625 -0.128280639648438 0.1060791015625
0.106033325195313 -0.205245971679688 0.0547409057617188 -0.090118408203125
-0.1063232421875 0.17041015625 -0.089447021484375 0.118095397949219
-0.0447845458984375 0.231643676757812 0.0425033569335937 -0.109336853027344
0.036163330078125 0.0941848754882813 0.199935913085938 -0.0749969482421875
0.0433349609375 -0.111557006835938 0.271484375 0.212310791015625
0.0233154296875 -0.264358520507812 0.1240234375 0.4984130859375
0.06036376953125 -0.3060302734375 -0.15911865234375 0.521820068359375
0.166717529296875 -0.179656982421875 -0.274978637695313 0.270675659179688
0.254837036132813 -0.06414794921875 -0.038238525390625 0.0293159484863281
0.243804931640625 -0.10479736328125 0.3740234375 -0.15399169921875
0.179412841796875 -0.208084106445312 0.5013427734375 -0.38275146484375
0.111953735351562 -0.262893676757812 0.160736083984375 -0.47198486328125
0.052276611328125 -0.170684814453125 -0.213455200195313 -0.234039306640625
0.0482673645019531 0.0400161743164063 -0.319854736328125 -0.00579833984374997
-0.0547943115234375 0.22540283203125 -0.144088745117188 0.108932495117187
-0.119338989257813 0.2066650390625 0.125106811523438 -0.111640930175781
-0.0930938720703125 0.14495849609375 -0.124221801757812 0.152542114257813
-0.053009033203125 0.209701538085938 -0.0141067504882812 -0.135520935058594
0.0084075927734375 0.122970581054687 0.103012084960938 -0.148117065429688
0.0317802429199219 -0.0359344482421875 0.223587036132813 0.141647338867188
0.0123748779296875 -0.191009521484375 0.185699462890625 0.4803466796875
0.0361175537109375 -0.269058227539063 -0.06536865234375 0.59307861328125
0.138351440429687 -0.171646118164063 -0.267730712890625 0.3690185546875
0.230178833007813 -0.0531463623046875 -0.114189147949219 0.072479248046875
0.242767333984375 -0.0604705810546875 0.320465087890625 -0.08721923828125
0.201126098632813 -0.141021728515625 0.56756591796875 -0.27764892578125
0.136077880859375 -0.211944580078125 0.30511474609375 -0.450347900390625
0.051971435546875 -0.165313720703125 -0.148193359375 -0.300537109375
0.0353012084960938 -0.00157546997070312 -0.348876953125 -0.079833984375
-0.050506591796875 0.1658935546875 -0.211135864257812 0.0858459472656251
-0.107833862304687 0.174118041992188 0.06549072265625 -0.0771865844726562
-0.0579910278320313 0.0888900756835937 -0.154586791992188 0.178924560546875
-0.0461807250976563 0.137283325195313 -0.0439910888671875 -0.154678344726563
-0.0248260498046875 0.0995941162109375 0.035430908203125 -0.20904541015625
0.00429916381835938 0.0196990966796875 0.1689453125 0.0795440673828125
0.00057983398437501 -0.0977859497070313 0.203521728515625 0.454437255859375
0.0236663818359375 -0.183151245117188 -0.01116943359375 0.6397705078125
0.104545593261719 -0.122673034667969 -0.26348876953125 0.4481201171875
0.174575805664062 -0.03192138671875 -0.171966552734375 0.10882568359375
0.192550659179688 -0.0229339599609375 0.261138916015625 -0.0460205078125
0.1729736328125 -0.071502685546875 0.5919189453125 -0.201171875
0.123817443847656 -0.128822326660156 0.39971923828125 -0.424072265625
0.0435638427734375 -0.114372253417969 -0.08917236328125 -0.347900390625
0.0163965225219727 -0.0138053894042969 -0.355621337890625 -0.139312744140625
-0.042938232421875 0.10040283203125 -0.260940551757813 0.066436767578125
-0.0787887573242187 0.117874145507813 0.0127029418945312 -0.0500259399414062
-0.00924205780029297 0.00864505767822265 -0.174880981445313 0.19281005859375
-0.0250282287597656 0.0348300933837891 -0.060577392578125 -0.164505004882813
-0.0492401123046875 0.0282936096191406 0.0121307373046875 -0.241958618164062
-0.03240966796875 0.0400199890136719 0.144241333007813 0.040496826171875
-0.01495361328125 -0.00738906860351562 0.19635009765625 0.4356689453125
0.019073486328125 -0.0725784301757813 -0.0064697265625 0.66070556640625
0.0659065246582031 -0.0454139709472656 -0.271270751953125 0.489837646484375
0.0947418212890625 -0.00580596923828125 -0.206573486328125 0.132583618164063
0.103958129882813 0.001953125 0.221176147460938 -0.0233306884765625
0.105476379394531 -0.016448974609375 0.58544921875 -0.169189453125
0.0775604248046875 -0.03582763671875 0.427032470703125 -0.416046142578125
0.0211009979248047 -0.0287570953369141 -0.0723876953125 -0.375274658203125
-0.00871992111206055 -0.00045156478881836 -0.361114501953125 -0.1727294921875
-0.0317459106445313 0.0417366027832031 -0.28955078125 0.05157470703125
-0.040130615234375 0.0459976196289062 -0.0217132568359375 -0.0357589721679688
0.0467910766601562 -0.0798492431640625 -0.187255859375 0.193283081054687
0.0064544677734375 -0.0777511596679688 -0.0613555908203125 -0.161331176757812
-0.0607490539550781 -0.0563430786132813 0.02813720703125 -0.23699951171875
-0.0638236999511719 0.0464439392089844 0.155914306640625 0.039154052734375
-0.0302581787109375 0.07415771484375 0.1737060546875 0.43157958984375
0.0114860534667969 0.0409088134765625 -0.05010986328125 0.65802001953125
0.0172538757324219 0.0389938354492188 -0.293975830078125 0.48846435546875
0.00345230102539062 0.0233325958251953 -0.207229614257813 0.14013671875
0.00138282775878906 0.0255298614501953 0.21490478515625 -0.0155487060546875
0.0240097045898438 0.0390472412109375 0.56365966796875 -0.181396484375
0.0179557800292969 0.0646705627441406 0.382110595703125 -0.432281494140625
-0.00424957275390624 0.0682182312011719 -0.1070556640625 -0.3795166015625
-0.0327091217041016 0.02545166015625 -0.368682861328125 -0.172637939453125
-0.0159072875976562 -0.0129194259643555 -0.291961669921875 0.051116943359375
0.00111007690429688 -0.0299339294433594 -0.0356559753417969 -0.031341552734375
0.099334716796875 -0.162948608398438 -0.186614990234375 0.180633544921875
0.032623291015625 -0.174209594726563 -0.044921875 -0.146835327148438
-0.0636978149414063 -0.116294860839844 0.0786895751953125 -0.197158813476563
-0.082855224609375 0.0651702880859375 0.195587158203125 0.0751953125
-0.0458984375 0.150894165039063 0.13446044921875 0.44146728515625
-0.00917816162109376 0.137535095214844 -0.13238525390625 0.6295166015625
-0.0418548583984375 0.108299255371094 -0.32513427734375 0.445587158203125
-0.0833511352539063 0.0503311157226562 -0.175506591796875 0.131240844726563
-0.087371826171875 0.0612716674804688 0.239913940429688 -0.029632568359375
-0.038421630859375 0.111778259277344 0.520263671875 -0.244354248046875
-0.02532958984375 0.168350219726563 0.268310546875 -0.46734619140625
-0.021820068359375 0.151626586914063 -0.1866455078125 -0.356231689453125
-0.0482673645019531 0.0378303527832031 -0.36981201171875 -0.137908935546875
0.00315093994140624 -0.0724716186523437 -0.263320922851563 0.06427001953125
0.0415496826171875 -0.103706359863281 -0.024658203125 -0.0397834777832031
0.138839721679688 -0.226104736328125 -0.170181274414063 0.154022216796875
0.0463104248046875 -0.229339599609375 -0.00690460205078126 -0.126113891601563
-0.0602035522460938 -0.125259399414063 0.15301513671875 -0.13433837890625
-0.0873947143554688 0.108474731445313 0.235610961914063 0.136978149414063
-0.063385009765625 0.216217041015625 0.0594482421875 0.45703125
-0.0469818115234375 0.1990966796875 -0.246337890625 0.57305908203125
-0.110015869140625 0.144317626953125 -0.3492431640625 0.37261962890625
-0.152786254882812 0.07171630859375 -0.114952087402344 0.107963562011719
-0.143173217773438 0.111785888671875 0.2769775390625 -0.0753326416015625
-0.0644989013671875 0.197265625 0.442840576171875 -0.337127685546875
-0.037017822265625 0.255630493164063 0.111297607421875 -0.4969482421875
-0.03070068359375 0.196197509765625 -0.2691650390625 -0.30523681640625
-0.051666259765625 0.0179290771484375 -0.344085693359375 -0.07623291015625
0.02398681640625 -0.136299133300781 -0.206314086914063 0.0859222412109374
0.075958251953125 -0.167221069335937 0.00628662109375 -0.0596694946289063
0.159591674804687 -0.256683349609375 -0.139556884765625 0.1209716796875
0.0518646240234375 -0.233230590820313 0.0535507202148438 -0.102691650390625
-0.0480117797851562 -0.0886611938476563 0.232040405273438 -0.0626678466796875
-0.0863494873046875 0.158950805664063 0.246078491210938 0.208465576171875
-0.090789794921875 0.249649047851563 -0.055572509765625 0.460723876953125
-0.099609375 0.211380004882813 -0.36871337890625 0.490814208984375
-0.173126220703125 0.142608642578125 -0.35186767578125 0.287750244140625
-0.1939697265625 0.08489990234375 -0.035919189453125 0.07373046875
-0.16119384765625 0.161727905273438 0.3028564453125 -0.154296875
-0.060302734375 0.264678955078125 0.3359375 -0.440826416015625
-0.029754638671875 0.2978515625 -0.044586181640625 -0.505523681640625
-0.038299560546875 0.185104370117188 -0.312591552734375 -0.2391357421875
-0.0434951782226562 -0.0361251831054688 -0.275619506835937 -0.00140380859375002
0.047454833984375 -0.19622802734375 -0.126876831054688 0.108489990234375
0.103164672851563 -0.208724975585938 0.05322265625 -0.0905227661132813
-0.104171752929687 0.17315673828125 -0.0869369506835937 0.118797302246094
-0.0410308837890625 0.233932495117188 0.0418701171875 -0.111503601074219
0.036468505859375 0.0932159423828125 0.201156616210938 -0.0785675048828125
0.0408096313476563 -0.113723754882813 0.27734375 0.209365844726563
0.017822265625 -0.265914916992188 0.133056640625 0.499176025390625
0.05560302734375 -0.307159423828125 -0.1512451171875 0.5262451171875
0.1656494140625 -0.182754516601563 -0.272476196289062 0.276138305664063
0.255111694335937 -0.0674591064453125 -0.0383338928222656 0.0302772521972656
0.243667602539062 -0.1083984375 0.373321533203125 -0.1607666015625
0.176559448242187 -0.210784912109375 0.4947509765625 -0.392486572265625
0.1075439453125 -0.267242431640625 0.15594482421875 -0.478363037109375
0.0487060546875 -0.172836303710938 -0.218032836914063 -0.232574462890625
0.0489921569824219 0.0382575988769531 -0.321197509765625 -0.00143432617187499
-0.0511016845703125 0.226242065429688 -0.14251708984375 0.112503051757812
-0.116531372070312 0.208633422851563 0.122825622558594 -0.112617492675781
-0.09130859375 0.147262573242188 -0.121688842773438 0.1549072265625
-0.04925537109375 0.210952758789063 -0.015960693359375 -0.135604858398438
0.00949096679687501 0.123344421386719 0.102157592773438 -0.149917602539063
0.0311393737792969 -0.0378036499023438 0.227783203125 0.139663696289063
0.00921630859375 -0.191925048828125 0.19482421875 0.47979736328125
0.0302886962890625 -0.270339965820313 -0.05548095703125 0.5977783203125
0.135452270507813 -0.1748046875 -0.264251708984375 0.374847412109375
0.2305908203125 -0.0567169189453125 -0.114067077636719 0.0745620727539063
0.242416381835938 -0.064056396484375 0.31988525390625 -0.09375
0.198837280273438 -0.14373779296875 0.56646728515625 -0.2890625
0.132705688476563 -0.214706420898437 0.300323486328125 -0.458984375
0.0491180419921875 -0.167587280273438 -0.15240478515625 -0.300750732421875
0.0356369018554688 -0.00280380249023437 -0.351287841796875 -0.07513427734375
-0.0478668212890625 0.166702270507813 -0.209609985351563 0.0899658203125
-0.104598999023437 0.176361083984375 0.0634841918945313 -0.0771713256835938
-0.056854248046875 0.0909805297851563 -0.150146484375 0.181625366210937
-0.043609619140625 0.138626098632813 -0.046051025390625 -0.154586791992188
-0.0230178833007812 0.0991668701171875 0.03363037109375 -0.210556030273437
0.00471878051757813 0.0183143615722656 0.173355102539063 0.0776214599609375
-0.00122833251953125 -0.0978469848632813 0.211669921875 0.4534912109375
0.020477294921875 -0.18389892578125 -0.00091552734375004 0.6424560546875
0.103683471679688 -0.124557495117188 -0.258087158203125 0.453521728515625
0.174911499023438 -0.035675048828125 -0.171783447265625 0.11163330078125
0.1934814453125 -0.0255126953125 0.26092529296875 -0.051422119140625
0.172393798828125 -0.0749969482421875 0.5906982421875 -0.2138671875
0.121688842773438 -0.131477355957031 0.396087646484375 -0.43426513671875
0.0416641235351562 -0.115409851074219 -0.095123291015625 -0.34979248046875
0.0157699584960938 -0.0153598785400391 -0.359771728515625 -0.13507080078125
-0.04071044921875 0.101303100585938 -0.260391235351563 0.07183837890625
-0.0765914916992188 0.119560241699219 0.0120315551757812 -0.0495681762695312
-0.00951957702636719 0.00985050201416016 -0.171859741210938 0.195693969726562
-0.02447509765625 0.0356597900390625 -0.0633087158203125 -0.163864135742188
-0.0485000610351563 0.0289573669433594 0.00979614257812501 -0.243194580078125
-0.0316390991210938 0.040252685546875 0.147689819335938 0.0386962890625
-0.0152015686035156 -0.00713920593261719 0.20599365234375 0.4346923828125
0.0176315307617188 -0.0733261108398438 0.00415039062499999 0.6636962890625
0.0657997131347656 -0.0467071533203125 -0.262969970703125 0.497283935546875
0.0947494506835938 -0.0077056884765625 -0.20623779296875 0.135589599609375
0.104255676269531 -0.0001983642578125 0.2210693359375 -0.02801513671875
0.10498046875 -0.0182418823242188 0.58544921875 -0.1795654296875
0.0765228271484375 -0.0370864868164062 0.422454833984375 -0.4246826171875
0.0222873687744141 -0.0301227569580078 -0.07781982421875 -0.376617431640625
-0.00894451141357422 -0.000613212585449217 -0.3656005859375 -0.169403076171875
-0.0314750671386719 0.0422477722167969 -0.29022216796875 0.0569458007812501
-0.0407524108886719 0.046905517578125 -0.0228710174560547 -0.0338172912597656
0.0448837280273437 -0.0799636840820313 -0.184295654296875 0.196929931640625
0.00477600097656249 -0.0779647827148438 -0.063873291015625 -0.160324096679687
-0.0618820190429688 -0.0553131103515625 0.0250701904296875 -0.238311767578125
-0.0629386901855469 0.0473785400390625 0.15887451171875 0.0373382568359375
-0.0287933349609375 0.0757980346679687 0.182586669921875 0.42950439453125
0.0114707946777344 0.0408134460449219 -0.03741455078125 0.6619873046875
0.017974853515625 0.0388221740722656 -0.287811279296875 0.494873046875
0.0036773681640625 0.0228080749511719 -0.207061767578125 0.144180297851563
0.0020599365234375 0.0249252319335938 0.215118408203125 -0.0197296142578125
0.0240974426269531 0.0384788513183594 0.564697265625 -0.1912841796875
0.0179710388183594 0.0651283264160156 0.3773193359375 -0.44219970703125
-0.00278091430664063 0.0679740905761719 -0.112884521484375 -0.38006591796875
-0.0320873260498047 0.0255699157714844 -0.373931884765625 -0.16888427734375
-0.0160856246948242 -0.0123701095581055 -0.291168212890625 0.056671142578125
0.000810623168945312 -0.0301589965820312 -0.0365371704101563 -0.0293617248535156
0.0961456298828125 -0.16473388671875 -0.184051513671875 0.183761596679688
0.0289306640625 -0.174346923828125 -0.0475311279296875 -0.146194458007813
-0.0662078857421875 -0.115875244140625 0.0767364501953125 -0.198394775390625
-0.0810546875 0.066619873046875 0.198638916015625 0.07391357421875
-0.0428009033203125 0.152572631835938 0.14312744140625 0.441864013671875
-0.00753784179687499 0.138694763183594 -0.12109375 0.636474609375
-0.041351318359375 0.109542846679688 -0.319061279296875 0.45452880859375
-0.0833892822265625 0.0508193969726563 -0.174407958984375 0.13427734375
-0.0866622924804688 0.0620498657226563 0.239883422851563 -0.033447265625
-0.037567138671875 0.112335205078125 0.520050048828125 -0.2540283203125
-0.02227783203125 0.169219970703125 0.262908935546875 -0.476226806640625
-0.0191497802734375 0.153701782226563 -0.192596435546875 -0.354827880859375
-0.0476455688476562 0.0387153625488281 -0.374267578125 -0.13226318359375
0.00155639648437499 -0.0722732543945313 -0.26287841796875 0.0694732666015625
0.03997802734375 -0.104934692382813 -0.0266914367675781 -0.0374336242675781
0.1348876953125 -0.228713989257813 -0.168243408203125 0.158111572265625
0.0417327880859375 -0.2301025390625 -0.00919342041015623 -0.126113891601563
-0.06219482421875 -0.124755859375 0.15203857421875 -0.135986328125
-0.0857086181640625 0.110870361328125 0.23956298828125 0.1346435546875
-0.059356689453125 0.218414306640625 0.067596435546875 0.458709716796875
-0.0436248779296875 0.200439453125 -0.2364501953125 0.58251953125
-0.108810424804687 0.146560668945313 -0.3447265625 0.38134765625
-0.152130126953125 0.073486328125 -0.114326477050781 0.109848022460937
-0.141983032226563 0.114425659179688 0.275726318359375 -0.079681396484375
-0.061981201171875 0.198150634765625 0.440887451171875 -0.34686279296875
-0.031982421875 0.256927490234375 0.104034423828125 -0.50213623046875
-0.0262908935546875 0.19744873046875 -0.27545166015625 -0.302398681640625
-0.050872802734375 0.0195045471191406 -0.34735107421875 -0.07110595703125
0.021636962890625 -0.136955261230469 -0.205062866210938 0.0901489257812499
0.072784423828125 -0.169097900390625 0.00468826293945313 -0.058807373046875
0.154251098632812 -0.260604858398437 -0.137123107910156 0.12420654296875
0.0471649169921875 -0.233932495117188 0.0521621704101562 -0.102523803710938
-0.0497512817382812 -0.087860107421875 0.233016967773438 -0.065277099609375
-0.0828704833984375 0.161788940429687 0.25152587890625 0.207672119140625
-0.0862579345703125 0.25262451171875 -0.047027587890625 0.464202880859375
-0.096710205078125 0.214187622070313 -0.361358642578125 0.500518798828125
-0.171829223632813 0.14581298828125 -0.3482666015625 0.29400634765625
-0.19305419921875 0.0874786376953125 -0.0356979370117188 0.0741119384765625
-0.159820556640625 0.164825439453125 0.3018798828125 -0.159820556640625
-0.0562896728515625 0.266632080078125 0.329559326171875 -0.448883056640625
-0.024444580078125 0.298736572265625 -0.05352783203125 -0.507843017578125
-0.0343475341796875 0.187118530273438 -0.318328857421875 -0.2352294921875
-0.0439682006835937 -0.0348243713378906 -0.27783203125 0.002838134765625
0.044158935546875 -0.197296142578125 -0.126213073730469 0.111488342285156
0.09918212890625 -0.210403442382813 0.0517425537109375 -0.0906448364257813
-0.101425170898438 0.1766357421875 -0.0844802856445313 0.119773864746094
-0.03680419921875 0.234100341796875 0.04205322265625 -0.111351013183594
0.0379867553710938 0.09197998046875 0.201263427734375 -0.082366943359375
0.0378646850585937 -0.114898681640625 0.28192138671875 0.205780029296875
0.0132904052734375 -0.266403198242188 0.1427001953125 0.499298095703125
0.0506591796875 -0.307220458984375 -0.1416015625 0.529052734375
0.163528442382813 -0.1846923828125 -0.26812744140625 0.281829833984375
0.255157470703125 -0.0713043212890625 -0.0388908386230469 0.0309066772460937
0.242279052734375 -0.112152099609375 0.370941162109375 -0.16693115234375
0.173492431640625 -0.215011596679688 0.490447998046875 -0.4039306640625
0.103179931640625 -0.269561767578125 0.14752197265625 -0.484161376953125
0.0466461181640625 -0.175094604492188 -0.221511840820313 -0.231216430664062
0.0491218566894531 0.0364990234375 -0.322296142578125 0.00375366210937505
-0.047271728515625 0.227645874023437 -0.140945434570312 0.114990234375
-0.113662719726562 0.21142578125 0.121070861816406 -0.114349365234375
-0.089111328125 0.14923095703125 -0.118148803710938 0.156005859375
-0.045166015625 0.211990356445312 -0.0163803100585938 -0.13494873046875
0.0109329223632813 0.1226806640625 0.100906372070313 -0.15234375
0.0303192138671875 -0.0387382507324219 0.232101440429688 0.136001586914063
0.005859375 -0.192733764648438 0.205108642578125 0.4771728515625
0.026611328125 -0.270919799804688 -0.0452270507812499 0.59930419921875
0.133682250976563 -0.176895141601563 -0.2579345703125 0.380523681640625
0.230239868164063 -0.0605010986328125 -0.113983154296875 0.0761795043945313
0.241790771484375 -0.068695068359375 0.318206787109375 -0.099700927734375
0.196624755859375 -0.147689819335938 0.562042236328125 -0.29974365234375
0.129135131835938 -0.218032836914063 0.29364013671875 -0.465606689453125
0.0465545654296875 -0.168777465820313 -0.15765380859375 -0.300201416015625
0.0354347229003906 -0.00436019897460938 -0.353729248046875 -0.07061767578125
-0.045257568359375 0.1671142578125 -0.209625244140625 0.094207763671875
-0.102706909179688 0.178497314453125 0.0618438720703125 -0.0775833129882812
-0.05560302734375 0.091705322265625 -0.146957397460938 0.183547973632812
-0.0413970947265625 0.139617919921875 -0.0475006103515625 -0.153579711914063
-0.0226364135742188 0.099517822265625 0.0314178466796875 -0.211441040039063
0.005035400390625 0.0173807144165039 0.176361083984375 0.0752105712890625
-0.00355529785156249 -0.098602294921875 0.221588134765625 0.45184326171875
0.0175323486328125 -0.183547973632813 0.01025390625 0.64483642578125
0.101570129394531 -0.126510620117188 -0.25054931640625 0.458648681640625
0.174285888671875 -0.0380401611328125 -0.171875 0.11468505859375
0.193038940429687 -0.0286407470703125 0.259307861328125 -0.0562591552734375
0.171722412109375 -0.0771636962890625 0.58740234375 -0.2247314453125
0.119834899902344 -0.13360595703125 0.390228271484375 -0.44293212890625
0.0398025512695313 -0.116142272949219 -0.09979248046875 -0.350341796875
0.0160818099975586 -0.0158596038818359 -0.36285400390625 -0.129608154296875
-0.039520263671875 0.101707458496094 -0.259857177734375 0.0757598876953124
-0.0751495361328125 0.120758056640625 0.011383056640625 -0.0485458374023437
-0.0101861953735352 0.00980186462402344 -0.168548583984375 0.198562622070313
-0.024566650390625 0.0358352661132812 -0.065277099609375 -0.1619873046875
-0.0487861633300781 0.0294456481933594 0.00613403320312499 -0.243148803710938
-0.0312767028808594 0.0401992797851563 0.149932861328125 0.036712646484375
-0.0150222778320313 -0.00740337371826172 0.214447021484375 0.43194580078125
0.0163116455078125 -0.0734786987304688 0.016845703125 0.66619873046875
0.0644340515136719 -0.0482330322265625 -0.256591796875 0.50360107421875
0.0952835083007813 -0.00939178466796875 -0.2049560546875 0.139434814453125
0.10455322265625 -0.00154876708984375 0.220062255859375 -0.0322418212890625
0.104042053222656 -0.0200881958007813 0.58465576171875 -0.19024658203125
0.0764617919921875 -0.0383453369140625 0.418212890625 -0.435699462890625
0.0217247009277344 -0.0299739837646484 -0.08343505859375 -0.3780517578125
-0.00945281982421875 -0.000385284423828124 -0.3692626953125 -0.164031982421875
-0.0307693481445312 0.0428848266601563 -0.289764404296875 0.0619812011718749
-0.0400390625 0.0474472045898437 -0.0235252380371094 -0.0320320129394531
0.0430374145507812 -0.0801620483398438 -0.18060302734375 0.199676513671875
0.00255584716796875 -0.0770339965820312 -0.066314697265625 -0.158859252929688
-0.0636978149414062 -0.0545883178710938 0.0221099853515625 -0.238510131835938
-0.06195068359375 0.0486564636230469 0.160659790039063 0.0355987548828125
-0.0275192260742188 0.076446533203125 0.1922607421875 0.428375244140625
0.0117225646972656 0.0413780212402344 -0.0252685546875 0.66375732421875
0.0183677673339844 0.0390777587890625 -0.281158447265625 0.501068115234375
0.00405311584472656 0.0220088958740234 -0.205902099609375 0.146514892578125
0.0019073486328125 0.0240364074707031 0.214263916015625 -0.023193359375
0.0244941711425781 0.0377044677734375 0.56158447265625 -0.20367431640625
0.0195655822753906 0.0641746520996094 0.371337890625 -0.4493408203125
-0.000789642333984375 0.0684089660644531 -0.1187744140625 -0.379913330078125
-0.0319728851318359 0.0265369415283203 -0.3768310546875 -0.164031982421875
-0.0168972015380859 -0.0124549865722656 -0.291656494140625 0.062347412109375
-0.000284194946289063 -0.0304145812988281 -0.0365982055664062 -0.0281829833984375
0.0926666259765625 -0.16558837890625 -0.180694580078125 0.186492919921875
0.025726318359375 -0.17437744140625 -0.05029296875 -0.145462036132813
-0.0689544677734375 -0.113990783691406 0.0748443603515625 -0.20013427734375
-0.0793609619140625 0.0685195922851563 0.201934814453125 0.071136474609375
-0.0399627685546875 0.153945922851563 0.15167236328125 0.44122314453125
-0.00489044189453124 0.13958740234375 -0.110107421875 0.641357421875
-0.0399093627929687 0.110145568847656 -0.313140869140625 0.4609375
-0.0827102661132813 0.0515823364257813 -0.173492431640625 0.137008666992188
-0.0855712890625 0.06341552734375 0.239791870117188 -0.03778076171875
-0.0363082885742188 0.112541198730469 0.514678955078125 -0.262969970703125
-0.0191650390625 0.16943359375 0.255889892578125 -0.483123779296875
-0.01617431640625 0.153701782226563 -0.199188232421875 -0.353515625
-0.0469856262207031 0.0400924682617187 -0.377593994140625 -0.127166748046875
0.000534057617187497 -0.0719528198242188 -0.262969970703125 0.07379150390625
0.036956787109375 -0.105178833007812 -0.0272102355957031 -0.0361824035644531
0.1292724609375 -0.231353759765625 -0.165023803710938 0.160385131835937
0.0375518798828125 -0.230255126953125 -0.0110092163085937 -0.12530517578125
-0.0640411376953125 -0.123397827148437 0.151504516601563 -0.1378173828125
-0.0822525024414062 0.112648010253906 0.243408203125 0.130661010742188
-0.055572509765625 0.219314575195313 0.076629638671875 0.45892333984375
-0.0415191650390625 0.201522827148438 -0.2265625 0.5892333984375
-0.107040405273438 0.148880004882813 -0.339752197265625 0.387786865234375
-0.15185546875 0.0754547119140625 -0.1126708984375 0.112159729003906
-0.14068603515625 0.116943359375 0.275100708007813 -0.0848388671875
-0.0593719482421875 0.1990966796875 0.434661865234375 -0.355560302734375
-0.02801513671875 0.2584228515625 0.09625244140625 -0.50628662109375
-0.0228118896484375 0.199356079101563 -0.2816162109375 -0.29925537109375
-0.0508003234863281 0.0204200744628906 -0.349700927734375 -0.0660400390625
0.0197296142578125 -0.137130737304688 -0.204177856445313 0.0940856933593749
0.069305419921875 -0.170730590820313 0.003173828125 -0.0572700500488282
0.14898681640625 -0.263687133789062 -0.135360717773438 0.125160217285156
0.042327880859375 -0.233673095703125 0.0511093139648438 -0.103713989257813
-0.0511093139648437 -0.0867691040039063 0.23333740234375 -0.06951904296875
-0.0801544189453125 0.163818359375 0.255599975585938 0.20330810546875
-0.08184814453125 0.254959106445313 -0.0396728515625 0.467498779296875
-0.09423828125 0.215972900390625 -0.35400390625 0.509246826171875
-0.17034912109375 0.149215698242187 -0.344207763671875 0.300872802734375
-0.192611694335937 0.090118408203125 -0.0336151123046875 0.0753326416015625
-0.158035278320313 0.166229248046875 0.299774169921875 -0.16424560546875
-0.051605224609375 0.267303466796875 0.322479248046875 -0.455169677734375
-0.018768310546875 0.300323486328125 -0.061248779296875 -0.509124755859375
-0.0302886962890625 0.188507080078125 -0.322723388671875 -0.22998046875
-0.0437736511230469 -0.0331802368164063 -0.278854370117188 0.00736999511718749
0.040863037109375 -0.197982788085938 -0.125381469726562 0.114334106445312
0.0943603515625 -0.2127685546875 0.0497817993164063 -0.0903396606445313
-0.0980377197265625 0.17718505859375 -0.0809707641601563 0.1202392578125
-0.0328216552734375 0.2347412109375 0.0405349731445313 -0.112274169921875
0.037506103515625 0.0904464721679687 0.20001220703125 -0.0859527587890625
0.0355758666992188 -0.116508483886719 0.286865234375 0.20123291015625
0.00750732421875003 -0.267181396484375 0.15093994140625 0.496246337890625
0.045684814453125 -0.307525634765625 -0.133819580078125 0.53314208984375
0.160888671875 -0.188018798828125 -0.264923095703125 0.28668212890625
0.253067016601563 -0.0750274658203125 -0.0393562316894531 0.0323066711425781
0.24114990234375 -0.115859985351562 0.36895751953125 -0.174224853515625
0.169113159179688 -0.216506958007813 0.484283447265625 -0.41241455078125
0.0982208251953125 -0.27020263671875 0.14044189453125 -0.48663330078125
0.042816162109375 -0.175155639648438 -0.224838256835938 -0.22955322265625
0.0496444702148437 0.0347900390625 -0.32281494140625 0.00808715820312504
-0.04302978515625 0.2271728515625 -0.138984680175781 0.116867065429687
-0.110275268554688 0.21356201171875 0.118820190429688 -0.115089416503906
-0.08673095703125 0.151397705078125 -0.1146240234375 0.157241821289063
-0.0407867431640625 0.212509155273438 -0.018218994140625 -0.134910583496094
0.01287841796875 0.122184753417969 0.0993804931640625 -0.154739379882813
0.028839111328125 -0.0393905639648438 0.235137939453125 0.132400512695312
0.00108337402343752 -0.192840576171875 0.212493896484375 0.475341796875
0.021759033203125 -0.271224975585938 -0.0347900390625 0.60040283203125
0.132095336914063 -0.1785888671875 -0.252685546875 0.384765625
0.228958129882813 -0.0643157958984375 -0.113594055175781 0.0787811279296875
0.241607666015625 -0.0719146728515625 0.3165283203125 -0.104888916015625
0.194061279296875 -0.149810791015625 0.557708740234375 -0.30987548828125
0.125 -0.22027587890625 0.286163330078125 -0.47283935546875
0.04345703125 -0.17059326171875 -0.161285400390625 -0.300079345703125
0.0343685150146484 -0.00588607788085938 -0.35455322265625 -0.0655822753906251
-0.04193115234375 0.167587280273438 -0.207839965820312 0.0976409912109375
-0.0997467041015625 0.179718017578125 0.0609817504882812 -0.077117919921875
-0.053863525390625 0.0931854248046875 -0.142593383789063 0.18585205078125
-0.039459228515625 0.14093017578125 -0.0491943359375 -0.152114868164063
-0.0203704833984375 0.0999221801757813 0.0285491943359375 -0.211868286132813
0.00491046905517578 0.0168294906616211 0.1788330078125 0.0734710693359375
-0.00487518310546875 -0.0981292724609375 0.228668212890625 0.44696044921875
0.014404296875 -0.183944702148438 0.0222167968749999 0.64447021484375
0.100418090820313 -0.127899169921875 -0.24346923828125 0.464019775390625
0.173660278320313 -0.040313720703125 -0.170944213867188 0.117752075195312
0.192123413085938 -0.031768798828125 0.257904052734375 -0.0608367919921875
0.169509887695313 -0.080047607421875 0.58392333984375 -0.23602294921875
0.118133544921875 -0.135551452636719 0.382659912109375 -0.450958251953125
0.0384063720703125 -0.117973327636719 -0.10443115234375 -0.3494873046875
0.0158271789550781 -0.0173711776733398 -0.365570068359375 -0.124542236328125
-0.0376358032226562 0.101692199707031 -0.258682250976563 0.0805511474609375
-0.0733184814453125 0.121513366699219 0.01007080078125 -0.0468902587890625
-0.0106058120727539 0.0109958648681641 -0.164169311523437 0.201858520507813
-0.0233421325683594 0.0374259948730469 -0.0672760009765625 -0.160446166992188
-0.0489997863769531 0.0304679870605469 0.00410461425781251 -0.242568969726563
-0.0303840637207031 0.0401611328125 0.151596069335937 0.0348663330078125
-0.0145750045776367 -0.00592041015625 0.222747802734375 0.428466796875
0.0154266357421875 -0.0732879638671875 0.0291748046875 0.66827392578125
0.0643081665039063 -0.0487136840820312 -0.249267578125 0.506988525390625
0.09478759765625 -0.0113983154296875 -0.203704833984375 0.142318725585938
0.1043701171875 -0.00370025634765625 0.218215942382813 -0.0358428955078125
0.10357666015625 -0.0221176147460937 0.5794677734375 -0.20025634765625
0.0749359130859375 -0.0396881103515625 0.411376953125 -0.442352294921875
0.0219669342041016 -0.0308570861816406 -0.0885009765625 -0.378631591796875
-0.00894737243652344 -0.000903129577636717 -0.372802734375 -0.158935546875
-0.030181884765625 0.0426406860351563 -0.288665771484375 0.067138671875
-0.0396537780761719 0.04718017578125 -0.0241985321044922 -0.0299568176269531
0.0412979125976563 -0.080230712890625 -0.176864624023438 0.202072143554688
0.00160980224609374 -0.0766372680664063 -0.06890869140625 -0.15643310546875
-0.0648384094238281 -0.0539321899414063 0.0203399658203125 -0.237777709960938
-0.0607528686523438 0.0494194030761719 0.163116455078125 0.0330963134765625
-0.0255050659179688 0.0771636962890625 0.20001220703125 0.425567626953125
0.0122146606445313 0.0412063598632813 -0.01385498046875 0.66644287109375
0.0190773010253906 0.0387344360351563 -0.272979736328125 0.50616455078125
0.00405120849609375 0.0217094421386719 -0.204635620117188 0.150360107421875
0.00249862670898437 0.0240268707275391 0.212921142578125 -0.0255889892578125
0.0240554809570312 0.0371551513671875 0.55792236328125 -0.212493896484375
0.0209846496582031 0.063720703125 0.364776611328125 -0.457244873046875
0.000774383544921871 0.0687446594238281 -0.124847412109375 -0.379669189453125
-0.0318946838378906 0.0275993347167969 -0.379547119140625 -0.15936279296875
-0.0173912048339844 -0.0125226974487305 -0.290374755859375 0.06646728515625
-0.00146865844726562 -0.0307769775390625 -0.0373802185058594 -0.0258293151855469
0.08953857421875 -0.167388916015625 -0.176620483398438 0.189300537109375
0.0220794677734375 -0.173873901367187 -0.0521392822265625 -0.14349365234375
-0.0705184936523437 -0.112815856933594 0.0723876953125 -0.199600219726563
-0.0783920288085937 0.0692977905273438 0.203582763671875 0.06829833984375
-0.0366363525390625 0.154586791992188 0.1610107421875 0.43914794921875
-0.00353240966796875 0.139030456542969 -0.09930419921875 0.6444091796875
-0.0389022827148438 0.1114501953125 -0.305755615234375 0.465118408203125
-0.0821151733398438 0.052215576171875 -0.172149658203125 0.1397705078125
-0.084930419921875 0.0641555786132813 0.238235473632813 -0.041717529296875
-0.03472900390625 0.112190246582031 0.51116943359375 -0.27362060546875
-0.0168304443359375 0.169784545898438 0.250091552734375 -0.48712158203125
-0.01263427734375 0.154312133789063 -0.203765869140625 -0.351043701171875
-0.0456581115722656 0.0409317016601563 -0.379913330078125 -0.121826171875
-0.000785827636718746 -0.0716705322265625 -0.261123657226563 0.0789794921875001
0.034942626953125 -0.10675048828125 -0.0273876190185547 -0.0341548919677734
0.1246337890625 -0.232666015625 -0.161651611328125 0.162643432617188
0.0328521728515625 -0.229263305664063 -0.0129928588867188 -0.124183654785156
-0.06646728515625 -0.122589111328125 0.149993896484375 -0.140899658203125
-0.0799331665039063 0.114219665527344 0.245849609375 0.128067016601562
-0.051055908203125 0.22076416015625 0.08514404296875 0.459564208984375
-0.038848876953125 0.202377319335938 -0.2171630859375 0.594482421875
-0.105865478515625 0.150299072265625 -0.333160400390625 0.3931884765625
-0.150283813476563 0.0778045654296875 -0.111717224121094 0.114273071289063
-0.139320373535156 0.118179321289062 0.273345947265625 -0.088714599609375
-0.0569915771484375 0.198989868164062 0.429473876953125 -0.362945556640625
-0.02337646484375 0.258377075195313 0.08831787109375 -0.50860595703125
-0.0178070068359375 0.200729370117188 -0.2850341796875 -0.29559326171875
-0.0497817993164063 0.0223388671875 -0.34991455078125 -0.0614013671875
0.01751708984375 -0.136520385742188 -0.203643798828125 0.097625732421875
0.0657958984375 -0.1705322265625 0.00242233276367188 -0.0556869506835938
0.144821166992187 -0.264663696289063 -0.132858276367188 0.127174377441406
0.037750244140625 -0.233505249023438 0.0493240356445313 -0.103500366210938
-0.05303955078125 -0.0846481323242188 0.233917236328125 -0.0723419189453125
-0.0761260986328125 0.165267944335938 0.259857177734375 0.201187133789063
-0.0763397216796875 0.25665283203125 -0.030029296875 0.469696044921875
-0.0908203125 0.217514038085938 -0.345428466796875 0.5157470703125
-0.168624877929687 0.152099609375 -0.33929443359375 0.306365966796875
-0.19219970703125 0.0925598144531249 -0.0335464477539063 0.0760269165039063
-0.155349731445313 0.168548583984375 0.29705810546875 -0.169525146484375
-0.0477447509765625 0.267715454101562 0.31451416015625 -0.46160888671875
-0.014007568359375 0.3001708984375 -0.069366455078125 -0.509613037109375
-0.0257568359375 0.189697265625 -0.32635498046875 -0.2255859375
-0.0441398620605469 -0.0314979553222656 -0.27838134765625 0.010894775390625
0.0366668701171875 -0.1983642578125 -0.123825073242188 0.117080688476562
0.0899200439453125 -0.213851928710938 0.0473403930664063 -0.0890731811523438
-0.0951995849609375 0.178909301757812 -0.0791168212890625 0.120590209960938
-0.0281524658203125 0.234527587890625 0.0390243530273438 -0.112808227539062
0.0387954711914063 0.0891342163085937 0.1995849609375 -0.0901336669921875
0.032745361328125 -0.117462158203125 0.289703369140625 0.197418212890625
0.00379943847656249 -0.26617431640625 0.159149169921875 0.493743896484375
0.04095458984375 -0.307647705078125 -0.1248779296875 0.533935546875
0.158065795898438 -0.188949584960938 -0.259796142578125 0.28997802734375
0.251632690429688 -0.0787506103515625 -0.0386924743652344 0.0330238342285156
0.238571166992188 -0.11907958984375 0.3641357421875 -0.17999267578125
0.16619873046875 -0.218734741210938 0.478546142578125 -0.418670654296875
0.093780517578125 -0.27276611328125 0.133392333984375 -0.489044189453125
0.040069580078125 -0.177032470703125 -0.227752685546875 -0.226837158203125
0.0503387451171875 0.0329170227050781 -0.32257080078125 0.012969970703125
-0.0399017333984375 0.226730346679687 -0.135917663574219 0.119659423828125
-0.10577392578125 0.214569091796875 0.116493225097656 -0.116249084472656
-0.0835418701171875 0.152313232421875 -0.11151123046875 0.158111572265625
-0.0378570556640625 0.213165283203125 -0.0185089111328125 -0.134124755859375
0.0137557983398437 0.121566772460937 0.0974273681640625 -0.155441284179688
0.0273704528808594 -0.0409011840820313 0.23846435546875 0.128982543945313
-0.0017852783203125 -0.192718505859375 0.2213134765625 0.470977783203125
0.0178680419921875 -0.270889282226562 -0.02569580078125 0.5999755859375
0.129547119140625 -0.180007934570313 -0.246551513671875 0.388153076171875
0.227264404296875 -0.0672454833984375 -0.112701416015625 0.080078125
0.239959716796875 -0.0750579833984375 0.31402587890625 -0.109954833984375
0.190933227539063 -0.15264892578125 0.551910400390625 -0.31805419921875
0.122039794921875 -0.221420288085938 0.280914306640625 -0.477142333984375
0.040924072265625 -0.171905517578125 -0.165435791015625 -0.2989501953125
0.0343799591064453 -0.00701332092285156 -0.355255126953125 -0.06109619140625
-0.03875732421875 0.166854858398438 -0.205520629882813 0.101028442382813
-0.0964202880859375 0.18109130859375 0.0593338012695312 -0.0764617919921875
-0.0533905029296875 0.094085693359375 -0.139434814453125 0.1873779296875
-0.037078857421875 0.141708374023438 -0.0501708984375 -0.151092529296875
-0.0199050903320313 0.0998611450195313 0.0259857177734375 -0.21160888671875
0.00412368774414063 0.0158224105834961 0.180801391601563 0.0703125
-0.007080078125 -0.0980224609375 0.23687744140625 0.4442138671875
0.011444091796875 -0.183456420898438 0.0321044921875001 0.643798828125
0.0986251831054688 -0.128646850585938 -0.2364501953125 0.4676513671875
0.173141479492188 -0.0438079833984375 -0.169525146484375 0.119049072265625
0.1920166015625 -0.035064697265625 0.256317138671875 -0.065032958984375
0.168075561523438 -0.082427978515625 0.5792236328125 -0.24462890625
0.115211486816406 -0.137191772460938 0.376953125 -0.456573486328125
0.0361328125 -0.117790222167969 -0.109222412109375 -0.34930419921875
0.0151596069335938 -0.0176506042480469 -0.36669921875 -0.1197509765625
-0.0358963012695313 0.101707458496094 -0.25750732421875 0.0847015380859375
-0.0717926025390625 0.122024536132812 0.00916290283203125 -0.0460319519042969
-0.0103483200073242 0.0110092163085938 -0.160247802734375 0.203536987304688
-0.0233955383300781 0.0387077331542969 -0.069366455078125 -0.1590576171875
-0.0486335754394531 0.0308074951171875 0.000732421874999976 -0.242279052734375
-0.0304489135742188 0.0399513244628906 0.153488159179687 0.0333251953125
-0.0151224136352539 -0.00670051574707031 0.23046875 0.425140380859375
0.0140533447265625 -0.07269287109375 0.040283203125 0.66644287109375
0.0632362365722656 -0.0493087768554688 -0.24114990234375 0.50946044921875
0.0946731567382813 -0.013275146484375 -0.202178955078125 0.144775390625
0.104263305664063 -0.005462646484375 0.21697998046875 -0.039520263671875
0.103179931640625 -0.0236053466796875 0.57672119140625 -0.21014404296875
0.0741729736328125 -0.040863037109375 0.404571533203125 -0.45050048828125
0.0213260650634766 -0.0312633514404297 -0.09356689453125 -0.378387451171875
-0.00896835327148438 -0.000513076782226563 -0.37493896484375 -0.15472412109375
-0.0293769836425781 0.0430984497070313 -0.28692626953125 0.071197509765625
-0.0395622253417969 0.0480308532714844 -0.0248794555664063 -0.0286083221435547
0.03900146484375 -0.0807113647460938 -0.172866821289063 0.20477294921875
-0.000114440917968753 -0.075897216796875 -0.07061767578125 -0.155136108398438
-0.0657958984375 -0.0522232055664062 0.017364501953125 -0.23736572265625
-0.0602073669433594 0.0497093200683594 0.164993286132813 0.031280517578125
-0.0242767333984375 0.0776596069335938 0.2086181640625 0.42266845703125
0.0136528015136719 0.0412979125976563 -0.00286865234375005 0.66668701171875
0.0187110900878906 0.0379562377929688 -0.26611328125 0.509368896484375
0.00439453125 0.0215835571289062 -0.202926635742187 0.152572631835938
0.00263214111328125 0.0234909057617188 0.211578369140625 -0.0302276611328125
0.0245018005371094 0.0366554260253906 0.553375244140625 -0.221221923828125
0.0212211608886719 0.0635910034179688 0.35931396484375 -0.462646484375
0.00227737426757812 0.0683860778808594 -0.1285400390625 -0.37884521484375
-0.0304946899414062 0.0274009704589844 -0.382080078125 -0.153076171875
-0.0169296264648438 -0.0120878219604492 -0.288818359375 0.07080078125
-0.00289154052734375 -0.0305194854736328 -0.037872314453125 -0.0240669250488281
0.0855865478515625 -0.168563842773438 -0.173477172851562 0.192306518554688
0.0186004638671875 -0.172637939453125 -0.05413818359375 -0.141799926757813
-0.07275390625 -0.111640930175781 0.071197509765625 -0.200546264648438
-0.0767745971679688 0.0713043212890625 0.206344604492188 0.06524658203125
-0.0329742431640625 0.155181884765625 0.1678466796875 0.436981201171875
-0.000923156738281249 0.139251708984375 -0.08831787109375 0.64532470703125
-0.0370864868164063 0.111465454101563 -0.298980712890625 0.470367431640625
-0.0811614990234375 0.0526657104492188 -0.170425415039063 0.142013549804688
-0.083984375 0.065277099609375 0.236907958984375 -0.045440673828125
-0.0341415405273438 0.112403869628906 0.5059814453125 -0.281768798828125
-0.01416015625 0.17022705078125 0.24237060546875 -0.49078369140625
-0.00993347167968751 0.154159545898438 -0.207916259765625 -0.348663330078125
-0.0447349548339844 0.0426177978515625 -0.38079833984375 -0.11700439453125
-0.0020751953125 -0.0713729858398438 -0.26019287109375 0.0825958251953125
0.0325393676757813 -0.106216430664063 -0.0285930633544922 -0.0324172973632813
0.120285034179687 -0.233627319335937 -0.1585693359375 0.165054321289062
0.0286865234375 -0.228439331054688 -0.0141677856445312 -0.123344421386719
-0.068603515625 -0.120536804199219 0.149551391601563 -0.143112182617188
-0.0772857666015625 0.115470886230469 0.249114990234375 0.125030517578125
-0.0467529296875 0.221954345703125 0.093170166015625 0.457733154296875
-0.03564453125 0.203018188476563 -0.20660400390625 0.5989990234375
-0.103485107421875 0.152069091796875 -0.326019287109375 0.397796630859375
-0.14935302734375 0.0786895751953125 -0.11016845703125 0.115737915039062
-0.136955261230469 0.119468688964844 0.27197265625 -0.09210205078125
-0.0536346435546875 0.199676513671875 0.422943115234375 -0.371368408203125
-0.019500732421875 0.258453369140625 0.0811767578125001 -0.511077880859375
-0.01470947265625 0.20025634765625 -0.28912353515625 -0.29119873046875
-0.0495796203613281 0.0235862731933594 -0.3515625 -0.055450439453125
0.01446533203125 -0.136878967285156 -0.201995849609375 0.101043701171875
0.0618896484375 -0.171524047851563 0.00136184692382813 -0.0550498962402344
0.139053344726563 -0.266876220703125 -0.12994384765625 0.129417419433594
0.034027099609375 -0.232162475585938 0.047454833984375 -0.103164672851563
-0.0537872314453125 -0.0834732055664063 0.232513427734375 -0.0756378173828125
-0.073638916015625 0.166427612304688 0.263153076171875 0.197219848632813
-0.072021484375 0.257919311523438 -0.02337646484375 0.470672607421875
-0.0874176025390625 0.218536376953125 -0.337615966796875 0.521484375
-0.166915893554688 0.154159545898438 -0.333160400390625 0.31195068359375
-0.189285278320313 0.09454345703125 -0.032135009765625 0.0758590698242188
-0.152359008789063 0.170303344726563 0.29376220703125 -0.17352294921875
-0.0430908203125 0.267059326171875 0.30712890625 -0.466766357421875
-0.00903320312500003 0.300872802734375 -0.075836181640625 -0.508209228515625
-0.021820068359375 0.189254760742188 -0.3294677734375 -0.22088623046875
-0.0447845458984375 -0.0303726196289063 -0.279144287109375 0.0147857666015624
0.0332489013671875 -0.19781494140625 -0.1224365234375 0.118873596191406
0.08599853515625 -0.214111328125 0.0461349487304688 -0.0878067016601563
-0.0921630859375 0.179977416992188 -0.07659912109375 0.12066650390625
-0.024261474609375 0.233627319335937 0.0390167236328125 -0.113227844238281
0.0388336181640625 0.0886077880859375 0.197662353515625 -0.093170166015625
0.0300445556640625 -0.117469787597656 0.293121337890625 0.192901611328125
-0.000823974609375007 -0.265655517578125 0.16693115234375 0.4920654296875
0.03662109375 -0.307037353515625 -0.117218017578125 0.533294677734375
0.156280517578125 -0.189544677734375 -0.25555419921875 0.294097900390625
0.2510986328125 -0.081268310546875 -0.0387382507324219 0.0337448120117187
0.236602783203125 -0.121627807617188 0.36029052734375 -0.184539794921875
0.16143798828125 -0.219970703125 0.469451904296875 -0.425811767578125
0.0890960693359375 -0.2728271484375 0.126739501953125 -0.49212646484375
0.036651611328125 -0.178054809570313 -0.229522705078125 -0.225082397460938
0.049560546875 0.0316429138183594 -0.3212890625 0.0157470703125
-0.0361175537109375 0.225784301757813 -0.134529113769531 0.121444702148438
-0.102493286132813 0.215362548828125 0.113922119140625 -0.116065979003906
-0.080841064453125 0.153701782226563 -0.108108520507812 0.1591796875
-0.034027099609375 0.212615966796875 -0.0193710327148437 -0.133125305175781
0.0151901245117188 0.120063781738281 0.0957489013671875 -0.157333374023438
0.026092529296875 -0.0421371459960938 0.240478515625 0.125320434570313
-0.004791259765625 -0.192123413085938 0.2271728515625 0.46722412109375
0.0141448974609375 -0.269775390625 -0.0167846679687499 0.59930419921875
0.126983642578125 -0.181076049804688 -0.240753173828125 0.391082763671875
0.226806640625 -0.06939697265625 -0.1119384765625 0.0817031860351562
0.238037109375 -0.077789306640625 0.310638427734375 -0.114532470703125
0.188644409179688 -0.154525756835938 0.54541015625 -0.325958251953125
0.117843627929688 -0.222824096679687 0.272857666015625 -0.481201171875
0.0380401611328125 -0.172195434570313 -0.169097900390625 -0.298065185546875
0.0339336395263672 -0.00821495056152344 -0.3563232421875 -0.0570068359375
-0.0370941162109375 0.1666259765625 -0.203521728515625 0.10400390625
-0.0935211181640625 0.181198120117188 0.05743408203125 -0.076080322265625
-0.0512771606445312 0.0954971313476563 -0.135040283203125 0.187652587890625
-0.0346832275390625 0.141952514648438 -0.0518798828125 -0.149459838867188
-0.0187911987304688 0.099456787109375 0.0240478515625 -0.211090087890625
0.00477027893066406 0.0147972106933594 0.183609008789062 0.068328857421875
-0.00882720947265625 -0.0982437133789063 0.243438720703125 0.43988037109375
0.00930786132812499 -0.183029174804687 0.0422363281249999 0.64190673828125
0.0964889526367187 -0.129592895507813 -0.22900390625 0.46905517578125
0.172119140625 -0.0464630126953125 -0.168075561523438 0.120941162109375
0.190719604492188 -0.037200927734375 0.252822875976563 -0.0689544677734375
0.166397094726563 -0.0835418701171875 0.57366943359375 -0.25244140625
0.112403869628906 -0.138465881347656 0.369140625 -0.4642333984375
0.0347518920898437 -0.118705749511719 -0.113128662109375 -0.349090576171875
0.0143222808837891 -0.0187187194824219 -0.36767578125 -0.11639404296875
-0.03399658203125 0.101593017578125 -0.25555419921875 0.087615966796875
-0.0692520141601563 0.122917175292969 0.00855255126953125 -0.0444564819335937
-0.0102071762084961 0.0112333297729492 -0.155288696289063 0.204681396484375
-0.0226249694824219 0.03839111328125 -0.0704193115234375 -0.15667724609375
-0.0485763549804688 0.0314521789550781 -0.00137329101562503 -0.242111206054688
-0.0294303894042969 0.0397453308105469 0.155487060546875 0.031402587890625
-0.0144996643066406 -0.00566196441650391 0.237396240234375 0.4210205078125
0.0135574340820313 -0.0725555419921875 0.05029296875 0.6640625
0.0614738464355469 -0.0498886108398437 -0.2327880859375 0.512725830078125
0.09405517578125 -0.014617919921875 -0.199905395507813 0.14764404296875
0.103622436523438 -0.0066680908203125 0.214874267578125 -0.0426788330078125
0.101951599121094 -0.0253219604492188 0.57098388671875 -0.2177734375
0.0737686157226563 -0.0411376953125 0.398406982421875 -0.456787109375
0.0209484100341797 -0.0315513610839844 -0.097412109375 -0.377227783203125
-0.00967693328857422 -0.00131320953369141 -0.375762939453125 -0.1494140625
-0.0295486450195312 0.0430450439453125 -0.285858154296875 0.075531005859375
-0.0383987426757813 0.0486717224121094 -0.0250816345214844 -0.0267887115478516
0.0371932983398437 -0.0808563232421875 -0.168212890625 0.20654296875
-0.00156402587890625 -0.0752105712890625 -0.0726165771484375 -0.152694702148438
-0.0666885375976563 -0.0511436462402344 0.0154266357421875 -0.237319946289062
-0.059112548828125 0.0498046875 0.165618896484375 0.02935791015625
-0.0226821899414062 0.0775909423828125 0.214263916015625 0.4188232421875
0.0141563415527344 0.0413169860839844 0.00708007812499998 0.664306640625
0.0192031860351563 0.0380401611328125 -0.258331298828125 0.512359619140625
0.00412368774414062 0.0206413269042969 -0.201004028320313 0.154754638671875
0.00286483764648438 0.0229110717773438 0.210174560546875 -0.0335235595703125
0.0244293212890625 0.0355873107910156 0.548553466796875 -0.229766845703125
0.0220069885253906 0.0625190734863281 0.351226806640625 -0.46783447265625
0.00388336181640624 0.0682945251464844 -0.132537841796875 -0.3768310546875
-0.0302696228027344 0.0277786254882813 -0.38262939453125 -0.148712158203125
-0.0177268981933594 -0.0116195678710938 -0.286895751953125 0.075592041015625
-0.00414657592773437 -0.0303249359130859 -0.037811279296875 -0.0216331481933594
0.081756591796875 -0.167831420898438 -0.169296264648438 0.19244384765625
0.0155792236328125 -0.17138671875 -0.0550079345703125 -0.139839172363281
-0.0746307373046875 -0.109687805175781 0.06927490234375 -0.201065063476563
-0.0748443603515625 0.072113037109375 0.207855224609375 0.0626983642578125
-0.03021240234375 0.15545654296875 0.174591064453125 0.43414306640625
0.00113677978515624 0.139076232910156 -0.0783081054687499 0.6473388671875
-0.0355911254882813 0.111785888671875 -0.2911376953125 0.472412109375
-0.0810623168945313 0.0526885986328125 -0.168472290039062 0.14385986328125
-0.083343505859375 0.0654144287109375 0.2349853515625 -0.0480194091796875
-0.0323867797851563 0.111717224121094 0.500732421875 -0.2879638671875
-0.01153564453125 0.169570922851563 0.23504638671875 -0.495025634765625
-0.0071563720703125 0.153549194335938 -0.21099853515625 -0.345184326171875
-0.043731689453125 0.0431594848632813 -0.382537841796875 -0.11151123046875
-0.00337982177734375 -0.0703964233398438 -0.2579345703125 0.0864715576171875
0.030517578125 -0.106178283691406 -0.0287303924560547 -0.0305652618408203
0.116195678710938 -0.234756469726562 -0.155746459960938 0.166122436523437
0.0243988037109375 -0.226669311523438 -0.0159759521484375 -0.121810913085938
-0.0704193115234375 -0.118553161621094 0.147598266601563 -0.143936157226562
-0.075225830078125 0.116378784179687 0.251678466796875 0.121658325195313
-0.0421142578125 0.222900390625 0.100982666015625 0.4560546875
-0.032745361328125 0.203353881835938 -0.19769287109375 0.59906005859375
-0.1015625 0.15228271484375 -0.320526123046875 0.401153564453125
-0.14837646484375 0.0793914794921875 -0.108291625976563 0.117164611816406
-0.135345458984375 0.1209716796875 0.269332885742188 -0.095428466796875
-0.051605224609375 0.1993408203125 0.417755126953125 -0.37518310546875
-0.0155792236328125 0.258102416992188 0.076263427734375 -0.511505126953125
-0.0104827880859375 0.19970703125 -0.291961669921875 -0.287139892578125
-0.0484237670898438 0.0245513916015625 -0.35186767578125 -0.052215576171875
0.0126495361328125 -0.136116027832031 -0.200485229492188 0.103729248046875
0.0590362548828125 -0.171295166015625 0.000530242919921876 -0.0526008605957031
0.1343994140625 -0.266510009765625 -0.127883911132813 0.130180358886719
0.0295867919921875 -0.229965209960938 0.04644775390625 -0.103179931640625
-0.0553512573242187 -0.081939697265625 0.231979370117187 -0.0784454345703125
-0.0707550048828125 0.167388916015625 0.26611328125 0.193588256835938
-0.068115234375 0.258209228515625 -0.01422119140625 0.470855712890625
-0.084991455078125 0.219100952148438 -0.32708740234375 0.52557373046875
-0.164749145507813 0.156219482421875 -0.328369140625 0.315948486328125
-0.188858032226563 0.09588623046875 -0.03179931640625 0.0765609741210938
-0.14923095703125 0.171676635742188 0.2900390625 -0.176666259765625
-0.0391387939453125 0.26654052734375 0.300506591796875 -0.4703369140625
-0.003143310546875 0.299835205078125 -0.084075927734375 -0.506561279296875
-0.0186920166015625 0.1900634765625 -0.331695556640625 -0.21478271484375
-0.0439071655273438 -0.0287055969238281 -0.279098510742187 0.0179901123046875
0.0305328369140625 -0.197052001953125 -0.1212158203125 0.120208740234375
0.0825042724609375 -0.214279174804688 0.0445098876953125 -0.0873184204101563
-0.0901489257812499 0.180999755859375 -0.0740890502929688 0.1214599609375
-0.02056884765625 0.233245849609375 0.0391616821289063 -0.113349914550781
0.0386123657226562 0.0873794555664063 0.197647094726563 -0.0959625244140625
0.0279693603515625 -0.117080688476563 0.294830322265625 0.188140869140625
-0.00524902343749997 -0.26434326171875 0.171630859375 0.48760986328125
0.032806396484375 -0.305877685546875 -0.10968017578125 0.53466796875
0.154083251953125 -0.190109252929688 -0.251007080078125 0.297119140625
0.248825073242188 -0.083709716796875 -0.0390205383300781 0.0354042053222656
0.234298706054687 -0.123138427734375 0.356658935546875 -0.18780517578125
0.158111572265625 -0.221099853515625 0.463775634765625 -0.429443359375
0.085052490234375 -0.2728271484375 0.11834716796875 -0.492462158203125
0.0341796875 -0.178482055664063 -0.232620239257813 -0.22259521484375
0.0494842529296875 0.0304069519042969 -0.320953369140625 0.0206298828125
-0.0328216552734375 0.225128173828125 -0.131278991699219 0.122123718261719
-0.0983734130859375 0.216033935546875 0.111541748046875 -0.116233825683594
-0.0796356201171875 0.153900146484375 -0.104354858398438 0.1588134765625
-0.0315399169921875 0.211532592773438 -0.019287109375 -0.133026123046875
0.0160369873046875 0.119194030761719 0.0946044921875 -0.157806396484375
0.0246810913085938 -0.04315185546875 0.242706298828125 0.1220703125
-0.00765991210937502 -0.192092895507813 0.233856201171875 0.46160888671875
0.01104736328125 -0.268722534179687 -0.00958251953125004 0.597412109375
0.125030517578125 -0.181991577148438 -0.2362060546875 0.39306640625
0.223678588867188 -0.070831298828125 -0.110702514648437 0.0830154418945312
0.235565185546875 -0.0810699462890625 0.3074951171875 -0.11785888671875
0.18499755859375 -0.15509033203125 0.53790283203125 -0.333404541015625
0.113967895507812 -0.222610473632813 0.266448974609375 -0.484161376953125
0.0355377197265625 -0.17279052734375 -0.170867919921875 -0.296539306640625
0.0333347320556641 -0.00988388061523438 -0.35614013671875 -0.052459716796875
-0.033599853515625 0.165374755859375 -0.201004028320313 0.105758666992188
-0.091217041015625 0.182174682617188 0.0557632446289062 -0.0758438110351563
-0.0505218505859375 0.0957717895507813 -0.131744384765625 0.188705444335938
-0.0333251953125 0.14202880859375 -0.052947998046875 -0.147842407226563
-0.0176239013671875 0.0993881225585937 0.022857666015625 -0.21160888671875
0.00422096252441406 0.0144357681274414 0.184799194335938 0.065582275390625
-0.0101852416992187 -0.0975418090820313 0.248992919921875 0.43560791015625
0.0074615478515625 -0.181640625 0.0509643554687501 0.63946533203125
0.0952377319335938 -0.129806518554688 -0.222625732421875 0.46954345703125
0.170379638671875 -0.04742431640625 -0.167144775390625 0.123504638671875
0.18902587890625 -0.0392608642578125 0.250701904296875 -0.072113037109375
0.1639404296875 -0.0855560302734375 0.56829833984375 -0.2598876953125
0.110618591308594 -0.1390380859375 0.36199951171875 -0.46624755859375
0.0325393676757812 -0.118812561035156 -0.116455078125 -0.347869873046875
0.0138950347900391 -0.0194530487060547 -0.367889404296875 -0.111663818359375
-0.0330963134765625 0.100975036621094 -0.253250122070313 0.0913543701171875
-0.0679550170898438 0.123397827148438 0.00753402709960937 -0.0433502197265625
-0.0103521347045898 0.0120334625244141 -0.151687622070312 0.205123901367188
-0.0222206115722656 0.039306640625 -0.0714111328125 -0.15460205078125
-0.0484542846679688 0.0318031311035156 -0.00337219238281252 -0.240631103515625
-0.0286788940429687 0.039947509765625 0.156509399414063 0.0295867919921875
-0.0145387649536133 -0.00638580322265625 0.24139404296875 0.4163818359375
0.0121383666992188 -0.0720748901367188 0.0579833984375 0.66064453125
0.0612564086914063 -0.050537109375 -0.228424072265625 0.51336669921875
0.093109130859375 -0.0160064697265625 -0.19879150390625 0.149093627929688
0.102989196777344 -0.00833892822265625 0.212570190429688 -0.0455322265625
0.100730895996094 -0.0262222290039063 0.5657958984375 -0.2254638671875
0.0725326538085938 -0.0423507690429688 0.39117431640625 -0.460296630859375
0.0206584930419922 -0.0317935943603516 -0.10064697265625 -0.375701904296875
-0.00947952270507813 -0.000930786132812498 -0.3763427734375 -0.1456298828125
-0.0277328491210938 0.0433578491210938 -0.28289794921875 0.079254150390625
-0.0383453369140625 0.0490455627441406 -0.0255126953125 -0.0255279541015625
0.0356521606445312 -0.08038330078125 -0.1650390625 0.207260131835938
-0.00260162353515626 -0.073760986328125 -0.0724639892578125 -0.151382446289063
-0.0677490234375 -0.0499534606933594 0.013641357421875 -0.236587524414063
-0.0570106506347656 0.0507049560546875 0.167800903320313 0.027252197265625
-0.0213088989257813 0.0770034790039063 0.22088623046875 0.414764404296875
0.0145454406738281 0.0410499572753906 0.0158081054687499 0.66265869140625
0.0192184448242188 0.037933349609375 -0.2508544921875 0.512969970703125
0.00407218933105469 0.0196571350097656 -0.198974609375 0.156723022460938
0.00243568420410156 0.0225582122802734 0.208099365234375 -0.0362548828125
0.0241260528564453 0.0347499847412109 0.54180908203125 -0.236907958984375
0.0227012634277344 0.0623817443847656 0.345794677734375 -0.472808837890625
0.00581741333007812 0.0678138732910156 -0.1363525390625 -0.37469482421875
-0.0293045043945313 0.0283393859863281 -0.383270263671875 -0.144378662109375
-0.0182552337646484 -0.0107002258300781 -0.28546142578125 0.08001708984375
-0.00424003601074219 -0.0295181274414063 -0.0385398864746094 -0.0201988220214844
0.0794525146484375 -0.167572021484375 -0.165557861328125 0.194229125976562
0.0131988525390625 -0.169967651367188 -0.0564498901367188 -0.137962341308594
-0.075714111328125 -0.108230590820313 0.0677642822265625 -0.20050048828125
-0.0733184814453125 0.0729446411132813 0.208877563476563 0.06060791015625
-0.0278472900390625 0.155426025390625 0.180511474609375 0.43017578125
0.00289154052734374 0.138755798339844 -0.0685424804687501 0.64544677734375
-0.03436279296875 0.111595153808594 -0.28509521484375 0.475433349609375
-0.0797348022460937 0.0535430908203125 -0.166656494140625 0.145706176757813
-0.0823287963867187 0.06573486328125 0.232955932617187 -0.05096435546875
-0.0314559936523438 0.111907958984375 0.49395751953125 -0.29443359375
-0.00915527343750002 0.168716430664063 0.228759765625 -0.496612548828125
-0.0045166015625 0.153488159179688 -0.214202880859375 -0.342529296875
-0.0436210632324219 0.0435905456542969 -0.382720947265625 -0.107330322265625
-0.00438308715820313 -0.0702590942382813 -0.2567138671875 0.089569091796875
0.0284042358398438 -0.105842590332031 -0.0296115875244141 -0.0285606384277344
0.11151123046875 -0.2342529296875 -0.151885986328125 0.16717529296875
0.021636962890625 -0.225616455078125 -0.0169296264648437 -0.121047973632813
-0.071685791015625 -0.116554260253906 0.147216796875 -0.14532470703125
-0.0721359252929688 0.117607116699219 0.252975463867188 0.118560791015625
-0.039154052734375 0.222503662109375 0.10693359375 0.45330810546875
-0.030364990234375 0.202011108398438 -0.188232421875 0.6029052734375
-0.100326538085938 0.1533203125 -0.31500244140625 0.404632568359375
-0.147567749023438 0.079742431640625 -0.107002258300781 0.117713928222656
-0.133354187011719 0.121170043945313 0.267227172851563 -0.0989227294921875
-0.04888916015625 0.198715209960937 0.410186767578125 -0.379913330078125
-0.0118408203125 0.257553100585938 0.068939208984375 -0.511474609375
-0.00724792480468752 0.199508666992188 -0.29339599609375 -0.282440185546875
-0.0477523803710938 0.0257453918457031 -0.351226806640625 -0.047332763671875
0.010650634765625 -0.134819030761719 -0.198806762695313 0.1065673828125
0.05609130859375 -0.171585083007813 -6.10351562499915E-05 -0.0514411926269531
0.129241943359375 -0.267440795898438 -0.125762939453125 0.131118774414062
0.02685546875 -0.228134155273437 0.04449462890625 -0.103424072265625
-0.05694580078125 -0.0800399780273437 0.2310791015625 -0.080535888671875
-0.0673980712890625 0.167526245117188 0.268310546875 0.190536499023438
-0.064208984375 0.258560180664063 -0.00894165039062498 0.470489501953125
-0.08233642578125 0.21929931640625 -0.320068359375 0.530303955078125
-0.16290283203125 0.158065795898438 -0.3223876953125 0.318756103515625
-0.187240600585937 0.096954345703125 -0.0304489135742188 0.07781982421875
-0.147262573242188 0.17230224609375 0.28765869140625 -0.179168701171875
-0.0357208251953125 0.265487670898438 0.293182373046875 -0.4727783203125
0.000579833984374985 0.298583984375 -0.089111328125 -0.504638671875
-0.01470947265625 0.189987182617188 -0.332763671875 -0.2103271484375
-0.0437393188476563 -0.0278396606445313 -0.278900146484375 0.0216064453125
0.0277099609375 -0.196243286132813 -0.119110107421875 0.121971130371094
0.0783233642578125 -0.214065551757813 0.0425796508789063 -0.0860824584960938
-0.086578369140625 0.181594848632812 -0.071502685546875 0.119300842285156
-0.01727294921875 0.23223876953125 0.03857421875 -0.113784790039062
0.0384674072265625 0.0864105224609375 0.195236206054688 -0.0977630615234375
0.0254745483398437 -0.11822509765625 0.29644775390625 0.185333251953125
-0.00799560546874997 -0.263595581054688 0.177337646484375 0.484283447265625
0.029510498046875 -0.304107666015625 -0.10394287109375 0.533966064453125
0.152908325195313 -0.191726684570313 -0.24627685546875 0.2978515625
0.247116088867187 -0.0850067138671875 -0.0394668579101562 0.0350875854492187
0.23211669921875 -0.124984741210937 0.3524169921875 -0.191650390625
0.155364990234375 -0.220611572265625 0.4566650390625 -0.433197021484375
0.081787109375 -0.273101806640625 0.11444091796875 -0.49285888671875
0.032379150390625 -0.17852783203125 -0.23248291015625 -0.221038818359375
0.0496444702148438 0.0276336669921875 -0.319000244140625 0.0220947265625001
-0.030517578125 0.22308349609375 -0.129684448242188 0.124244689941406
-0.096435546875 0.215805053710938 0.109519958496094 -0.115547180175781
-0.0768585205078125 0.155319213867188 -0.102584838867187 0.1590576171875
-0.0282745361328125 0.21160888671875 -0.0199508666992188 -0.132431030273438
0.0158462524414063 0.11846923828125 0.092742919921875 -0.159164428710938
0.0238075256347656 -0.0433006286621094 0.243453979492188 0.119857788085938
-0.00988769531249998 -0.190963745117188 0.23876953125 0.458648681640625
0.00744628906250001 -0.267486572265625 -0.00183105468749997 0.5953369140625
0.1221923828125 -0.181808471679688 -0.23040771484375 0.394775390625
0.223388671875 -0.0732879638671875 -0.110649108886719 0.0843429565429688
0.233963012695312 -0.0824432373046875 0.3045654296875 -0.121307373046875
0.183059692382813 -0.156326293945313 0.533355712890625 -0.337615966796875
0.111495971679687 -0.22412109375 0.25982666015625 -0.486785888671875
0.033172607421875 -0.172836303710938 -0.173309326171875 -0.294342041015625
0.0325088500976563 -0.0107936859130859 -0.35516357421875 -0.0487060546875
-0.0324554443359375 0.1641845703125 -0.198593139648438 0.107284545898438
-0.0895233154296875 0.182830810546875 0.05499267578125 -0.07489013671875
-0.0494766235351562 0.096221923828125 -0.12835693359375 0.188095092773437
-0.030609130859375 0.14178466796875 -0.053070068359375 -0.146087646484375
-0.01739501953125 0.098388671875 0.0212860107421875 -0.21075439453125
0.00480842590332031 0.0137577056884766 0.186203002929688 0.0640411376953125
-0.0107650756835937 -0.096954345703125 0.2532958984375 0.43145751953125
0.00538635253906251 -0.181076049804688 0.0577392578125 0.6357421875
0.093902587890625 -0.130516052246094 -0.21807861328125 0.4700927734375
0.169097900390625 -0.0489349365234375 -0.166168212890625 0.124130249023437
0.187698364257813 -0.0416107177734375 0.24749755859375 -0.0750274658203125
0.161712646484375 -0.086578369140625 0.560546875 -0.264892578125
0.1083984375 -0.1392822265625 0.3570556640625 -0.4697265625
0.0313568115234375 -0.1187744140625 -0.118621826171875 -0.346466064453125
0.0135459899902344 -0.01971435546875 -0.367156982421875 -0.108489990234375
-0.0320892333984375 0.100410461425781 -0.250839233398438 0.0931854248046875
-0.0668106079101563 0.12261962890625 0.006988525390625 -0.0424880981445312
-0.0103578567504883 0.0123186111450195 -0.148101806640625 0.205810546875
-0.0214691162109375 0.0400543212890625 -0.0717926025390625 -0.15338134765625
-0.0483207702636719 0.0325355529785156 -0.00483703613281253 -0.240036010742188
-0.0283584594726563 0.0389213562011719 0.156661987304688 0.028778076171875
-0.0146961212158203 -0.0052499771118164 0.24530029296875 0.413299560546875
0.011383056640625 -0.0716323852539062 0.0667724609375 0.65838623046875
0.0611190795898438 -0.0508346557617188 -0.220794677734375 0.512908935546875
0.0923538208007813 -0.016815185546875 -0.197189331054688 0.15008544921875
0.102828979492188 -0.00952911376953125 0.210617065429688 -0.04791259765625
0.099395751953125 -0.0275192260742188 0.561798095703125 -0.230804443359375
0.0712738037109375 -0.0428314208984375 0.384674072265625 -0.463592529296875
0.0207309722900391 -0.0320167541503906 -0.103302001953125 -0.374847412109375
-0.00875425338745117 -0.00122308731079101 -0.376617431640625 -0.14080810546875
-0.0274658203125 0.0428543090820313 -0.281097412109375 0.082427978515625
-0.0381660461425781 0.0498161315917969 -0.0250434875488281 -0.0236854553222656
0.0347366333007812 -0.080780029296875 -0.161666870117188 0.207199096679687
-0.00302886962890624 -0.072509765625 -0.07373046875 -0.149261474609375
-0.0683097839355469 -0.0483360290527344 0.0117034912109375 -0.236175537109375
-0.0568389892578125 0.0507011413574219 0.168563842773438 0.0256195068359375
-0.0194320678710938 0.0777359008789063 0.225341796875 0.410675048828125
0.0151519775390625 0.0410003662109375 0.02435302734375 0.6614990234375
0.0202522277832031 0.0376014709472656 -0.244964599609375 0.514892578125
0.00418663024902344 0.0199069976806641 -0.1978759765625 0.158111572265625
0.00262641906738281 0.0223674774169922 0.20513916015625 -0.0379180908203125
0.0235481262207031 0.0342388153076172 0.537078857421875 -0.241943359375
0.022918701171875 0.0623741149902344 0.340087890625 -0.476043701171875
0.00564575195312501 0.0675163269042969 -0.1392822265625 -0.3736572265625
-0.0289688110351563 0.0280914306640625 -0.3839111328125 -0.139678955078125
-0.0180377960205078 -0.0113086700439453 -0.28350830078125 0.0821533203125
-0.00491142272949219 -0.0298080444335938 -0.0383529663085938 -0.0187911987304688
0.0767059326171875 -0.16693115234375 -0.161941528320312 0.19403076171875
0.011016845703125 -0.16790771484375 -0.05615234375 -0.135894775390625
-0.0778427124023437 -0.106719970703125 0.066070556640625 -0.200408935546875
-0.072113037109375 0.0728683471679688 0.209609985351563 0.0578460693359375
-0.025115966796875 0.155487060546875 0.185821533203125 0.426361083984375
0.00431060791015624 0.1385498046875 -0.0618896484375 0.6439208984375
-0.033111572265625 0.112022399902344 -0.2784423828125 0.475677490234375
-0.0798797607421875 0.053497314453125 -0.164993286132813 0.146331787109375
-0.0808944702148438 0.0661468505859375 0.23114013671875 -0.0533447265625
-0.0306777954101562 0.110801696777344 0.488739013671875 -0.298858642578125
-0.00679016113281249 0.16839599609375 0.222747802734375 -0.498291015625
-0.00215148925781251 0.153289794921875 -0.216583251953125 -0.3404541015625
-0.0416946411132813 0.0446815490722656 -0.382598876953125 -0.103118896484375
-0.00523757934570313 -0.0694808959960938 -0.254486083984375 0.0931549072265625
0.0260467529296875 -0.10552978515625 -0.0293521881103516 -0.0273342132568359
0.107635498046875 -0.2335205078125 -0.149337768554688 0.167312622070312
0.018157958984375 -0.22344970703125 -0.017730712890625 -0.119720458984375
-0.0734176635742187 -0.114845275878906 0.145538330078125 -0.14569091796875
-0.0707321166992188 0.117729187011719 0.254547119140625 0.115478515625
-0.0360107421875 0.2220458984375 0.1112060546875 0.4503173828125
-0.0274658203125 0.203018188476562 -0.1802978515625 0.60272216796875
-0.098785400390625 0.153915405273437 -0.308929443359375 0.405426025390625
-0.146224975585938 0.081390380859375 -0.106269836425781 0.118667602539062
-0.131729125976563 0.12109375 0.2647705078125 -0.100967407226562
-0.047454833984375 0.197662353515625 0.40399169921875 -0.38372802734375
-0.00848388671875002 0.256881713867187 0.0630187988281249 -0.5107421875
-0.00404357910156248 0.19891357421875 -0.294708251953125 -0.279022216796875
-0.0464057922363281 0.0264205932617187 -0.35040283203125 -0.043731689453125
0.00858306884765624 -0.134201049804688 -0.196990966796875 0.108673095703125
0.0531158447265625 -0.169937133789063 -0.000129699707031247 -0.04949951171875
0.124725341796875 -0.266265869140625 -0.122451782226562 0.131111145019531
0.023712158203125 -0.225784301757812 0.0442047119140625 -0.102729797363281
-0.0572357177734375 -0.0784683227539063 0.23028564453125 -0.0828704833984375
-0.0642242431640625 0.1683349609375 0.26983642578125 0.186492919921875
-0.0601348876953125 0.258621215820313 -0.00280761718750005 0.46856689453125
-0.0801544189453125 0.219268798828125 -0.312591552734375 0.533477783203125
-0.16162109375 0.159194946289063 -0.3175048828125 0.321075439453125
-0.185501098632813 0.097930908203125 -0.0294113159179688 0.077362060546875
-0.144546508789063 0.172637939453125 0.284698486328125 -0.180877685546875
-0.0326995849609375 0.264083862304688 0.286285400390625 -0.474945068359375
0.00390625000000002 0.29864501953125 -0.0933837890625 -0.50164794921875
-0.0120697021484375 0.189300537109375 -0.333740234375 -0.206390380859375
-0.0435676574707031 -0.0266647338867188 -0.2772216796875 0.02398681640625
0.025421142578125 -0.195281982421875 -0.117996215820313 0.122413635253906
0.074737548828125 -0.213607788085938 0.0411453247070312 -0.0850067138671875
-0.0848388671875 0.181320190429688 -0.0695266723632812 0.118919372558594
-0.01470947265625 0.230422973632812 0.0385971069335938 -0.114143371582031
0.0384292602539063 0.0847702026367188 0.193954467773438 -0.100448608398438
0.0234375 -0.118850708007812 0.297698974609375 0.181976318359375
-0.0110015869140625 -0.2618408203125 0.180389404296875 0.48101806640625
0.02703857421875 -0.302886962890625 -0.09747314453125 0.531341552734375
0.15008544921875 -0.191070556640625 -0.243804931640625 0.299346923828125
0.245025634765625 -0.087188720703125 -0.0391502380371094 0.0356483459472656
0.230148315429687 -0.126937866210938 0.3489990234375 -0.194183349609375
0.15289306640625 -0.220535278320312 0.451263427734375 -0.43695068359375
0.0784454345703125 -0.271987915039063 0.109954833984375 -0.494140625
0.02984619140625 -0.17828369140625 -0.234451293945313 -0.2198486328125
0.0475692749023438 0.0264091491699219 -0.31829833984375 0.024749755859375
-0.0282745361328125 0.22216796875 -0.128631591796875 0.124595642089844
-0.0936737060546875 0.21600341796875 0.107734680175781 -0.115287780761719
-0.0756988525390625 0.155136108398438 -0.0999298095703125 0.158294677734375
-0.02606201171875 0.21063232421875 -0.0196609497070313 -0.131675720214844
0.0164718627929688 0.11749267578125 0.0920562744140625 -0.159912109375
0.0225753784179687 -0.0437126159667969 0.245025634765625 0.117095947265625
-0.0122528076171875 -0.19024658203125 0.240966796875 0.45404052734375
0.00531005859374999 -0.265533447265625 0.00384521484375005 0.59259033203125
0.121505737304688 -0.1815185546875 -0.2271728515625 0.39434814453125
0.222396850585938 -0.07464599609375 -0.110679626464844 0.0844879150390625
0.232513427734375 -0.0835113525390625 0.301422119140625 -0.124603271484375
0.180328369140625 -0.157135009765625 0.527435302734375 -0.340362548828125
0.10906982421875 -0.223968505859375 0.255218505859375 -0.4876708984375
0.0312042236328125 -0.172988891601562 -0.174407958984375 -0.294403076171875
0.0321197509765625 -0.0112819671630859 -0.35467529296875 -0.0469970703124999
-0.03070068359375 0.1636962890625 -0.196746826171875 0.10955810546875
-0.08709716796875 0.181976318359375 0.0540237426757812 -0.0744094848632812
-0.0475997924804688 0.0969696044921875 -0.125457763671875 0.188095092773437
-0.0291595458984375 0.142120361328125 -0.0535736083984375 -0.145294189453125
-0.0175094604492187 0.0980072021484375 0.0207977294921875 -0.211074829101563
0.00459480285644531 0.0127840042114258 0.186737060546875 0.062347412109375
-0.01177978515625 -0.0964889526367188 0.2572021484375 0.426971435546875
0.00335693359375002 -0.179473876953125 0.0631713867187499 0.6322021484375
0.0917205810546875 -0.130119323730469 -0.21295166015625 0.470428466796875
0.168563842773438 -0.0503997802734375 -0.165374755859375 0.124984741210937
0.186859130859375 -0.0421295166015625 0.245330810546875 -0.07708740234375
0.160202026367188 -0.087677001953125 0.555755615234375 -0.26873779296875
0.106727600097656 -0.1396484375 0.352264404296875 -0.47271728515625
0.0304107666015625 -0.118850708007813 -0.121368408203125 -0.34649658203125
0.0128326416015625 -0.020660400390625 -0.3681640625 -0.106201171875
-0.0309219360351563 0.100349426269531 -0.248764038085937 0.0955352783203125
-0.0653305053710938 0.123291015625 0.00668716430664062 -0.04083251953125
-0.010467529296875 0.0136013031005859 -0.145843505859375 0.2059326171875
-0.0206947326660156 0.040618896484375 -0.0730133056640625 -0.150970458984375
-0.0481986999511719 0.0327110290527344 -0.00614929199218749 -0.2392578125
-0.0274162292480469 0.0391502380371094 0.157958984375 0.027099609375
-0.0143833160400391 -0.00581550598144531 0.249847412109375 0.407623291015625
0.0110626220703125 -0.0714492797851563 0.07354736328125 0.65570068359375
0.0598335266113281 -0.0511322021484375 -0.216094970703125 0.513092041015625
0.09173583984375 -0.0171890258789063 -0.196304321289062 0.151718139648438
0.101425170898438 -0.0105667114257813 0.208084106445313 -0.049560546875
0.09820556640625 -0.0281448364257813 0.554779052734375 -0.2364501953125
0.07110595703125 -0.0429000854492188 0.380340576171875 -0.466400146484375
0.0204925537109375 -0.0320262908935547 -0.1058349609375 -0.3739013671875
-0.00914382934570312 -0.00111198425292969 -0.376556396484375 -0.138214111328125
-0.0273094177246094 0.0430488586425781 -0.27886962890625 0.0840454101562501
-0.0379219055175781 0.0486106872558594 -0.0254688262939453 -0.0222396850585938
0.033111572265625 -0.0796661376953125 -0.157882690429688 0.207794189453125
-0.00405883789062499 -0.0713043212890625 -0.074462890625 -0.146865844726563
-0.0685997009277344 -0.047760009765625 0.0114288330078125 -0.23431396484375
-0.0555000305175781 0.0511474609375 0.169601440429688 0.024383544921875
-0.0182418823242187 0.077606201171875 0.229461669921875 0.407501220703125
0.0149993896484375 0.0405769348144531 0.0309448242187501 0.6588134765625
0.0197792053222656 0.037261962890625 -0.239776611328125 0.512908935546875
0.00406455993652344 0.0189132690429688 -0.196121215820313 0.158706665039062
0.00299072265625 0.0215797424316406 0.203887939453125 -0.039886474609375
0.0234127044677734 0.0337352752685547 0.532257080078125 -0.245697021484375
0.0235633850097656 0.0613975524902344 0.3349609375 -0.478118896484375
0.00780868530273438 0.0668907165527344 -0.14068603515625 -0.371978759765625
-0.0284824371337891 0.0287036895751953 -0.384002685546875 -0.1375732421875
-0.0179100036621094 -0.0111713409423828 -0.281082153320312 0.0839691162109375
-0.00567245483398437 -0.0292778015136719 -0.0382041931152344 -0.016632080078125
0.0743255615234375 -0.167144775390625 -0.159393310546875 0.19488525390625
0.0088958740234375 -0.166229248046875 -0.05780029296875 -0.134292602539063
-0.078399658203125 -0.1048583984375 0.0649261474609375 -0.200225830078125
-0.07025146484375 0.0741119384765625 0.21112060546875 0.0560760498046875
-0.0230560302734375 0.154769897460938 0.189910888671875 0.424072265625
0.00543975830078124 0.137382507324219 -0.054443359375 0.64276123046875
-0.0323104858398438 0.111404418945313 -0.272247314453125 0.4765625
-0.0796432495117188 0.052947998046875 -0.163665771484375 0.146926879882812
-0.0810012817382813 0.0657272338867188 0.228317260742187 -0.055023193359375
-0.0307540893554688 0.111015319824219 0.48406982421875 -0.302032470703125
-0.0058746337890625 0.167404174804687 0.218994140625 -0.5003662109375
0.000442504882812498 0.152618408203125 -0.21820068359375 -0.33782958984375
-0.0413131713867187 0.0451774597167969 -0.38201904296875 -0.100616455078125
-0.00595474243164063 -0.0692138671875 -0.252822875976562 0.0952301025390625
0.0242767333984375 -0.104454040527344 -0.0300064086914062 -0.0254707336425781
0.105300903320313 -0.232650756835938 -0.146987915039063 0.167022705078125
0.0159454345703125 -0.220458984375 -0.0182952880859375 -0.11859130859375
-0.0743331909179688 -0.113265991210937 0.144927978515625 -0.14642333984375
-0.0691070556640625 0.118377685546875 0.255447387695313 0.113113403320313
-0.03265380859375 0.22161865234375 0.11541748046875 0.4490966796875
-0.026824951171875 0.201736450195313 -0.174072265625 0.6021728515625
-0.0977630615234375 0.154525756835938 -0.30517578125 0.407867431640625
-0.145126342773437 0.0811920166015625 -0.105270385742188 0.118141174316406
-0.130462646484375 0.121452331542969 0.262481689453125 -0.10211181640625
-0.04534912109375 0.196395874023438 0.39910888671875 -0.38665771484375
-0.00614929199218752 0.2554931640625 0.0589599609375 -0.510528564453125
-0.00135803222656251 0.1983642578125 -0.29559326171875 -0.27581787109375
-0.0452156066894531 0.0279197692871094 -0.350830078125 -0.040985107421875
0.00732421875 -0.133712768554688 -0.19488525390625 0.110137939453125
0.0504913330078125 -0.169937133789063 -0.00134658813476562 -0.0480461120605469
0.121505737304687 -0.266159057617188 -0.120429992675781 0.131126403808594
0.0215301513671875 -0.22357177734375 0.0433349609375 -0.102775573730469
-0.0579071044921875 -0.0773773193359375 0.229507446289063 -0.0847320556640625
-0.0617828369140625 0.168075561523438 0.271682739257812 0.183975219726562
-0.0572662353515625 0.258010864257813 0.00158691406249999 0.467620849609375
-0.077545166015625 0.218994140625 -0.306610107421875 0.533966064453125
-0.15985107421875 0.160049438476562 -0.313720703125 0.3231201171875
-0.184829711914063 0.097900390625 -0.0288619995117188 0.0775375366210937
-0.142807006835938 0.172592163085938 0.28192138671875 -0.182220458984375
-0.0310821533203125 0.262954711914063 0.281768798828125 -0.47576904296875
0.00695800781250002 0.296661376953125 -0.0977478027343751 -0.500152587890625
-0.00878906250000001 0.189788818359375 -0.33416748046875 -0.203460693359375
-0.0430526733398438 -0.0251350402832031 -0.275604248046875 0.025543212890625
0.0231781005859375 -0.193817138671875 -0.116783142089844 0.1236572265625
0.071563720703125 -0.212188720703125 0.04022216796875 -0.0832366943359375
-0.0827789306640625 0.181182861328125 -0.0681533813476563 0.1185302734375
-0.0120697021484375 0.2288818359375 0.0378189086914063 -0.113716125488281
0.0380401611328125 0.0843734741210938 0.192672729492187 -0.102279663085937
0.0218887329101562 -0.119789123535156 0.2989501953125 0.178924560546875
-0.0134429931640625 -0.260498046875 0.184417724609375 0.47698974609375
0.02398681640625 -0.301422119140625 -0.093475341796875 0.53143310546875
0.149215698242188 -0.19171142578125 -0.241455078125 0.300994873046875
0.243148803710937 -0.0876312255859375 -0.0394287109375 0.0365867614746094
0.228607177734375 -0.127593994140625 0.345672607421875 -0.19561767578125
0.149993896484375 -0.220062255859375 0.4444580078125 -0.43841552734375
0.07568359375 -0.272109985351563 0.106170654296875 -0.492919921875
0.02734375 -0.178253173828125 -0.234359741210937 -0.21905517578125
0.0479164123535156 0.0264663696289063 -0.31744384765625 0.0262145996093751
-0.02593994140625 0.221145629882812 -0.12677001953125 0.124916076660156
-0.09222412109375 0.215011596679687 0.105850219726563 -0.114334106445313
-0.073577880859375 0.155410766601563 -0.0970916748046875 0.157745361328125
-0.0235137939453125 0.209732055664063 -0.0203323364257813 -0.131378173828125
0.01678466796875 0.116676330566406 0.0900726318359375 -0.160629272460938
0.0217781066894531 -0.0450248718261719 0.245285034179688 0.115158081054688
-0.014068603515625 -0.189041137695312 0.245086669921875 0.451202392578125
0.00375366210937502 -0.264266967773438 0.00775146484374995 0.5897216796875
0.1199951171875 -0.1810302734375 -0.2236328125 0.3941650390625
0.219985961914063 -0.07568359375 -0.109909057617187 0.0855484008789062
0.230941772460938 -0.0845184326171875 0.29833984375 -0.12591552734375
0.177825927734375 -0.157012939453125 0.5223388671875 -0.3436279296875
0.106658935546875 -0.22320556640625 0.25067138671875 -0.4903564453125
0.0299835205078125 -0.172637939453125 -0.17596435546875 -0.29290771484375
0.0315189361572266 -0.0124454498291016 -0.35382080078125 -0.0452880859375001
-0.0292816162109375 0.161972045898438 -0.195632934570313 0.1107177734375
-0.085540771484375 0.182098388671875 0.0526962280273437 -0.072906494140625
-0.047271728515625 0.096649169921875 -0.123397827148437 0.187347412109375
-0.0272369384765625 0.141021728515625 -0.0528564453125 -0.144180297851563
-0.0167770385742188 0.0976333618164063 0.0188446044921875 -0.210159301757813
0.00419521331787109 0.0123329162597656 0.187591552734375 0.0606231689453125
-0.012939453125 -0.0960617065429688 0.260589599609375 0.423828125
0.00201416015624999 -0.17828369140625 0.0692138671875001 0.6298828125
0.0912322998046875 -0.130302429199219 -0.208953857421875 0.469482421875
0.166656494140625 -0.0511932373046875 -0.1639404296875 0.125869750976563
0.185134887695313 -0.0432586669921875 0.243118286132812 -0.0788116455078125
0.158523559570313 -0.088226318359375 0.551666259765625 -0.27252197265625
0.104698181152344 -0.140083312988281 0.347198486328125 -0.475677490234375
0.0296401977539063 -0.1192626953125 -0.122406005859375 -0.34539794921875
0.01226806640625 -0.0209770202636719 -0.367828369140625 -0.102935791015625
-0.03045654296875 0.0996170043945313 -0.24713134765625 0.0971832275390625
-0.0647735595703125 0.123458862304688 0.0068206787109375 -0.0399856567382812
-0.0106849670410156 0.0139484405517578 -0.142868041992187 0.205780029296875
-0.0199546813964844 0.0413360595703125 -0.073150634765625 -0.149673461914063
-0.0479850769042969 0.0330543518066406 -0.00694274902343749 -0.238433837890625
-0.0275421142578125 0.0388984680175781 0.1590576171875 0.0257568359375
-0.0141363143920898 -0.00526523590087891 0.2528076171875 0.40557861328125
0.00955963134765624 -0.0706558227539063 0.07745361328125 0.65313720703125
0.0593032836914063 -0.0510520935058594 -0.212005615234375 0.514007568359375
0.0908126831054688 -0.0184402465820313 -0.194839477539063 0.152175903320313
0.100547790527344 -0.0113449096679688 0.205780029296875 -0.051239013671875
0.09759521484375 -0.028411865234375 0.550018310546875 -0.239898681640625
0.0701789855957031 -0.0436820983886719 0.376129150390625 -0.468048095703125
0.0204429626464844 -0.0329170227050781 -0.107635498046875 -0.372589111328125
-0.00923919677734375 -0.0012979507446289 -0.375244140625 -0.1358642578125
-0.0272941589355469 0.0427017211914063 -0.276870727539063 0.0861663818359375
-0.0381011962890625 0.0489692687988281 -0.0255355834960938 -0.0203628540039062
0.0322952270507812 -0.07855224609375 -0.155364990234375 0.207687377929688
-0.00461578369140625 -0.0700607299804688 -0.0745849609375 -0.14520263671875
-0.0689811706542969 -0.0466804504394531 0.00990295410156252 -0.234024047851562
-0.0552520751953125 0.0511627197265625 0.169631958007813 0.0233001708984375
-0.017486572265625 0.0773773193359375 0.232696533203125 0.4033203125
0.0157203674316406 0.0409965515136719 0.03680419921875 0.6571044921875
0.0200004577636719 0.0380134582519531 -0.235931396484375 0.513916015625
0.00346183776855469 0.0183773040771484 -0.194808959960938 0.15924072265625
0.00293159484863281 0.0216331481933594 0.201736450195313 -0.0411834716796875
0.0228157043457031 0.0332279205322266 0.527801513671875 -0.248199462890625
0.0244064331054688 0.0606918334960938 0.32958984375 -0.478668212890625
0.00861358642578126 0.0664443969726563 -0.142608642578125 -0.371246337890625
-0.0281162261962891 0.0292167663574219 -0.383544921875 -0.135467529296875
-0.0184955596923828 -0.0112380981445313 -0.27972412109375 0.086334228515625
-0.00717926025390625 -0.0289573669433594 -0.0384368896484375 -0.015533447265625
0.0723876953125 -0.166275024414063 -0.156463623046875 0.194976806640625
0.00753784179687499 -0.164581298828125 -0.058135986328125 -0.132698059082031
-0.0792465209960938 -0.103126525878906 0.064453125 -0.199493408203125
-0.069091796875 0.07391357421875 0.211776733398438 0.0543670654296875
-0.021392822265625 0.15435791015625 0.192718505859375 0.420684814453125
0.0063934326171875 0.1373291015625 -0.0479736328125 0.6412353515625
-0.0318527221679688 0.111068725585938 -0.2684326171875 0.4766845703125
-0.079010009765625 0.0524749755859375 -0.162841796875 0.147567749023438
-0.0802536010742188 0.066253662109375 0.227096557617188 -0.0564422607421875
-0.0291290283203125 0.110008239746094 0.4793701171875 -0.304901123046875
-0.00418090820312502 0.167037963867188 0.214874267578125 -0.500152587890625
0.00199890136718749 0.152084350585938 -0.218902587890625 -0.33685302734375
-0.040802001953125 0.045684814453125 -0.381378173828125 -0.09747314453125
-0.00665664672851562 -0.0686759948730469 -0.2513427734375 0.0964813232421875
0.0230789184570313 -0.103721618652344 -0.02984619140625 -0.0241813659667969
0.102157592773438 -0.231353759765625 -0.143722534179688 0.167633056640625
0.0138702392578125 -0.218429565429688 -0.0186614990234375 -0.116668701171875
-0.0742645263671875 -0.111312866210938 0.144546508789063 -0.146804809570313
-0.0671463012695313 0.118400573730469 0.255874633789063 0.110931396484375
-0.0306243896484375 0.221115112304688 0.1199951171875 0.4461669921875
-0.0246124267578125 0.200897216796875 -0.1671142578125 0.60284423828125
-0.09552001953125 0.154556274414063 -0.29888916015625 0.40924072265625
-0.1444091796875 0.0811309814453125 -0.104415893554688 0.11871337890625
-0.129310607910156 0.121162414550781 0.260147094726563 -0.103729248046875
-0.043914794921875 0.195556640625 0.393341064453125 -0.388336181640625
-0.00370788574218747 0.25439453125 0.055511474609375 -0.50946044921875
0.000564575195312492 0.19757080078125 -0.296173095703125 -0.273193359375
-0.0451011657714844 0.0285072326660156 -0.34942626953125 -0.039215087890625
0.00705718994140624 -0.132156372070313 -0.193115234375 0.111465454101563
0.04864501953125 -0.168502807617188 -0.00177383422851563 -0.0460548400878906
0.117935180664063 -0.264678955078125 -0.1190185546875 0.131538391113281
0.019012451171875 -0.2220458984375 0.0427703857421875 -0.101470947265625
-0.0581130981445313 -0.0753860473632813 0.228790283203125 -0.0854034423828125
-0.0608367919921875 0.168502807617188 0.271804809570313 0.181304931640625
-0.054046630859375 0.257568359375 0.00582885742187502 0.46630859375
-0.0757293701171875 0.21875 -0.300201416015625 0.535064697265625
-0.158233642578125 0.160873413085938 -0.309417724609375 0.323394775390625
-0.184188842773437 0.0982513427734375 -0.028533935546875 0.0775985717773438
-0.140960693359375 0.172515869140625 0.279067993164063 -0.18328857421875
-0.02911376953125 0.261138916015625 0.2763671875 -0.475250244140625
0.010467529296875 0.29510498046875 -0.10223388671875 -0.498565673828125
-0.00642395019531252 0.189620971679688 -0.333892822265625 -0.20068359375
-0.0424118041992188 -0.0242118835449219 -0.275665283203125 0.0270843505859374
0.0215606689453125 -0.19287109375 -0.115493774414063 0.124435424804687
0.069366455078125 -0.2113037109375 0.0393447875976563 -0.081939697265625
-0.0811767578125 0.180908203125 -0.0664443969726562 0.117790222167969
-0.0104827880859375 0.227569580078125 0.03802490234375 -0.115036010742187
0.0376968383789063 0.0831451416015625 0.191757202148438 -0.103439331054688
0.0197677612304688 -0.119163513183594 0.299346923828125 0.177490234375
-0.0157623291015625 -0.259368896484375 0.187591552734375 0.475067138671875
0.02276611328125 -0.299591064453125 -0.090789794921875 0.52972412109375
0.147308349609375 -0.190902709960937 -0.238128662109375 0.300689697265625
0.24249267578125 -0.0879364013671875 -0.0399208068847656 0.0371932983398437
0.227493286132813 -0.127243041992188 0.342254638671875 -0.19757080078125
0.14837646484375 -0.219024658203125 0.44000244140625 -0.440155029296875
0.074127197265625 -0.27178955078125 0.1016845703125 -0.493194580078125
0.0262451171875 -0.1787109375 -0.23529052734375 -0.219161987304687
0.0472869873046875 0.0252494812011719 -0.3165283203125 0.0279541015624999
-0.0245208740234375 0.21966552734375 -0.125312805175781 0.125564575195312
-0.0901031494140625 0.215240478515625 0.104217529296875 -0.113670349121094
-0.0726776123046875 0.155685424804688 -0.0950927734375 0.156936645507812
-0.0216827392578125 0.208541870117188 -0.0197830200195313 -0.130516052246094
0.0167160034179687 0.115936279296875 0.089569091796875 -0.160934448242187
0.020538330078125 -0.0452461242675781 0.247161865234375 0.113418579101563
-0.0159149169921875 -0.188720703125 0.246673583984375 0.44757080078125
0.00180053710937501 -0.262557983398437 0.01287841796875 0.58709716796875
0.11834716796875 -0.181655883789062 -0.220550537109375 0.39520263671875
0.219131469726563 -0.0767059326171875 -0.109870910644531 0.0856781005859375
0.229248046875 -0.0853271484375 0.296234130859375 -0.12744140625
0.176361083984375 -0.157333374023438 0.517303466796875 -0.345794677734375
0.1048583984375 -0.223236083984375 0.247161865234375 -0.49066162109375
0.027984619140625 -0.173171997070313 -0.176544189453125 -0.293182373046875
0.0311717987060547 -0.0128707885742187 -0.353424072265625 -0.043060302734375
-0.0279998779296875 0.16192626953125 -0.193817138671875 0.111770629882812
-0.0836944580078125 0.181488037109375 0.051849365234375 -0.0724868774414062
-0.0464553833007812 0.0971527099609375 -0.120941162109375 0.187454223632813
-0.0258331298828125 0.141159057617188 -0.0529022216796875 -0.143234252929688
-0.0166015625 0.0976181030273438 0.0190277099609375 -0.209808349609375
0.00368881225585938 0.0111494064331055 0.18902587890625 0.0596771240234375
-0.0138320922851563 -0.0957565307617188 0.26239013671875 0.420379638671875
0.00106811523437498 -0.177566528320313 0.0728149414062501 0.62799072265625
0.0902175903320313 -0.129859924316406 -0.2071533203125 0.469482421875
0.165985107421875 -0.052001953125 -0.163955688476563 0.12640380859375
0.184463500976563 -0.0441131591796875 0.2396240234375 -0.080291748046875
0.157073974609375 -0.0882415771484375 0.546295166015625 -0.274658203125
0.103042602539062 -0.139717102050781 0.343475341796875 -0.475555419921875
0.0285797119140625 -0.1187744140625 -0.12310791015625 -0.345489501953125
0.0115623474121094 -0.0214824676513672 -0.3670654296875 -0.101959228515625
-0.0295333862304687 0.0984268188476563 -0.245712280273438 0.0982513427734375
-0.063690185546875 0.122772216796875 0.00640869140624999 -0.0389938354492187
-0.0107631683349609 0.0142364501953125 -0.140365600585938 0.204757690429688
-0.01953125 0.0417060852050781 -0.07220458984375 -0.14849853515625
-0.0482406616210938 0.0333366394042969 -0.00762939453124999 -0.237548828125
-0.027099609375 0.0383720397949219 0.159805297851563 0.024871826171875
-0.0137538909912109 -0.00592994689941406 0.25494384765625 0.40203857421875
0.00994110107421875 -0.069976806640625 0.08245849609375 0.64947509765625
0.0592803955078125 -0.0508155822753906 -0.20831298828125 0.512481689453125
0.09063720703125 -0.0189743041992187 -0.194198608398438 0.152786254882812
0.100273132324219 -0.01226806640625 0.204193115234375 -0.052001953125
0.0964736938476563 -0.028564453125 0.546539306640625 -0.240936279296875
0.069732666015625 -0.0430221557617188 0.3721923828125 -0.47161865234375
0.0199680328369141 -0.0329189300537109 -0.108612060546875 -0.37310791015625
-0.00955486297607422 -0.00167655944824219 -0.375518798828125 -0.13507080078125
-0.0270767211914063 0.0425186157226563 -0.275558471679688 0.0879669189453125
-0.0379409790039063 0.0497245788574219 -0.0256729125976563 -0.0194892883300781
0.0312957763671875 -0.0779571533203125 -0.15325927734375 0.207763671875
-0.00516891479492187 -0.069000244140625 -0.07427978515625 -0.143646240234375
-0.0694046020507813 -0.046234130859375 0.00985717773437501 -0.233291625976563
-0.05389404296875 0.0511054992675781 0.170272827148438 0.023101806640625
-0.0165328979492187 0.0774459838867188 0.234588623046875 0.401458740234375
0.0157432556152344 0.040771484375 0.04107666015625 0.65374755859375
0.020294189453125 0.0372848510742188 -0.232147216796875 0.51251220703125
0.0033416748046875 0.0178298950195312 -0.194305419921875 0.15960693359375
0.00238609313964844 0.0209579467773438 0.20001220703125 -0.0422210693359375
0.0225830078125 0.0324726104736328 0.524688720703125 -0.253143310546875
0.0240592956542969 0.0608139038085938 0.326812744140625 -0.480804443359375
0.009033203125 0.066162109375 -0.142913818359375 -0.36944580078125
-0.0283088684082031 0.0291328430175781 -0.382904052734375 -0.13262939453125
-0.0189342498779297 -0.0110073089599609 -0.277557373046875 0.0883941650390625
-0.00737571716308594 -0.0288352966308594 -0.037689208984375 -0.0134429931640625
0.071136474609375 -0.165145874023438 -0.15423583984375 0.193984985351562
0.00717163085937501 -0.162979125976563 -0.0580520629882813 -0.13092041015625
-0.0799789428710938 -0.101982116699219 0.0644683837890625 -0.199508666992188
-0.067413330078125 0.0746307373046875 0.212112426757813 0.05377197265625
-0.0187530517578125 0.15423583984375 0.1959228515625 0.4183349609375
0.00753021240234375 0.137062072753906 -0.04376220703125 0.63958740234375
-0.0317840576171875 0.111946105957031 -0.26470947265625 0.47674560546875
-0.0790786743164062 0.0527114868164063 -0.1622314453125 0.148452758789063
-0.0797348022460938 0.0653076171875 0.2252197265625 -0.05712890625
-0.029449462890625 0.109382629394531 0.474853515625 -0.30712890625
-0.00318908691406248 0.166778564453125 0.21063232421875 -0.499603271484375
0.00325012207031251 0.151687622070313 -0.219696044921875 -0.3350830078125
-0.0397186279296875 0.0460205078125 -0.38037109375 -0.0960693359374999
-0.00652313232421876 -0.0679740905761719 -0.249908447265625 0.0980224609375
0.0217742919921875 -0.103424072265625 -0.0297317504882812 -0.0223941802978516
0.0997161865234375 -0.2310791015625 -0.142318725585937 0.167877197265625
0.0121002197265625 -0.215896606445312 -0.0185165405273438 -0.116348266601563
-0.0748062133789062 -0.109832763671875 0.144180297851563 -0.147018432617188
-0.0653762817382813 0.118484497070312 0.25714111328125 0.10986328125
-0.0281982421875 0.220687866210937 0.123260498046875 0.44525146484375
-0.02325439453125 0.200515747070313 -0.164306640625 0.60162353515625
-0.0954742431640625 0.15435791015625 -0.296295166015625 0.408599853515625
-0.14410400390625 0.0804443359375 -0.103706359863281 0.1192626953125
-0.128273010253906 0.121353149414063 0.258392333984375 -0.1051025390625
-0.04345703125 0.194976806640625 0.3902587890625 -0.38916015625
-0.00178527832031249 0.2537841796875 0.052398681640625 -0.509063720703125
0.0023651123046875 0.197189331054687 -0.296905517578125 -0.272064208984375
-0.0441360473632812 0.0290145874023438 -0.3494873046875 -0.037384033203125
0.00507354736328125 -0.132156372070313 -0.193069458007813 0.112808227539062
0.0469970703125 -0.167449951171875 -0.00271224975585937 -0.0449104309082031
0.115142822265625 -0.263824462890625 -0.117362976074219 0.131309509277344
0.017852783203125 -0.219772338867188 0.0425796508789063 -0.1009521484375
-0.0585250854492188 -0.0739288330078125 0.228363037109375 -0.087066650390625
-0.0583953857421875 0.16802978515625 0.273193359375 0.180206298828125
-0.05194091796875 0.257400512695313 0.00854492187500002 0.466033935546875
-0.07452392578125 0.218887329101563 -0.294342041015625 0.5360107421875
-0.157241821289063 0.160903930664063 -0.3060302734375 0.32501220703125
-0.182327270507812 0.098388671875 -0.027618408203125 0.0775604248046875
-0.139312744140625 0.171707153320313 0.27734375 -0.183868408203125
-0.02728271484375 0.260025024414063 0.271392822265625 -0.47705078125
0.013031005859375 0.29425048828125 -0.103271484375 -0.4976806640625
-0.00442504882812499 0.188705444335938 -0.334442138671875 -0.198089599609375
-0.0420608520507813 -0.0233917236328125 -0.275070190429688 0.0287475585937501
0.0203704833984375 -0.192062377929688 -0.114959716796875 0.12506103515625
0.0670623779296875 -0.20989990234375 0.0383987426757813 -0.0801925659179688
-0.08026123046875 0.180984497070313 -0.0662460327148437 0.116851806640625
-0.00872802734375002 0.227706909179687 0.038116455078125 -0.114669799804687
0.0370407104492188 0.0829238891601562 0.190719604492188 -0.10418701171875
0.0181503295898438 -0.1195068359375 0.30084228515625 0.175994873046875
-0.01702880859375 -0.258560180664063 0.189697265625 0.474334716796875
0.022247314453125 -0.298248291015625 -0.0872497558593749 0.52813720703125
0.147857666015625 -0.190887451171875 -0.2371826171875 0.30169677734375
0.241607666015625 -0.0884857177734375 -0.0401611328125 0.037353515625
0.226104736328125 -0.128204345703125 0.340667724609375 -0.199066162109375
0.147262573242188 -0.219696044921875 0.436859130859375 -0.44146728515625
0.0714111328125 -0.271438598632813 0.1004638671875 -0.494842529296875
0.02508544921875 -0.177947998046875 -0.235397338867187 -0.219558715820313
0.0470619201660156 0.0234794616699219 -0.31597900390625 0.0292663574218749
-0.0229644775390625 0.218719482421875 -0.124137878417969 0.126693725585937
-0.08782958984375 0.215011596679688 0.103622436523437 -0.112693786621094
-0.0714111328125 0.155960083007812 -0.0937652587890625 0.15655517578125
-0.019927978515625 0.20855712890625 -0.0199432373046875 -0.130180358886719
0.0165786743164063 0.115631103515625 0.0886993408203125 -0.161361694335938
0.0203208923339844 -0.0459480285644531 0.247222900390625 0.111907958984375
-0.0167694091796875 -0.188308715820313 0.248138427734375 0.445465087890625
0.000213623046875015 -0.261856079101563 0.0145263671875 0.58551025390625
0.118011474609375 -0.180892944335938 -0.21856689453125 0.394927978515625
0.218704223632813 -0.076751708984375 -0.109931945800781 0.0867919921875
0.229232788085938 -0.08612060546875 0.293701171875 -0.129364013671875
0.174957275390625 -0.15716552734375 0.514068603515625 -0.34722900390625
0.102554321289062 -0.222854614257813 0.245147705078125 -0.49176025390625
0.027313232421875 -0.172622680664063 -0.17791748046875 -0.293304443359375
0.0301895141601563 -0.0138359069824219 -0.352813720703125 -0.042633056640625
-0.0274658203125 0.160415649414062 -0.192672729492188 0.11224365234375
-0.0824737548828125 0.181625366210938 0.0511703491210937 -0.0711669921875
-0.0457534790039063 0.097198486328125 -0.118759155273438 0.18646240234375
-0.025177001953125 0.140823364257812 -0.052825927734375 -0.142532348632813
-0.0161209106445312 0.0977096557617188 0.0181121826171875 -0.209381103515625
0.00332069396972656 0.00965690612792969 0.18914794921875 0.0587158203125
-0.0141677856445313 -0.09527587890625 0.264984130859375 0.418243408203125
0.000473022460937491 -0.176345825195313 0.0755004882812501 0.62542724609375
0.0898208618164063 -0.130439758300781 -0.2039794921875 0.471099853515625
0.16552734375 -0.0520782470703125 -0.163650512695313 0.126449584960938
0.183670043945313 -0.0449371337890625 0.237823486328125 -0.081024169921875
0.155410766601562 -0.08758544921875 0.544281005859375 -0.27862548828125
0.102340698242188 -0.13983154296875 0.34063720703125 -0.478729248046875
0.02813720703125 -0.1190185546875 -0.124420166015625 -0.346282958984375
0.0114307403564453 -0.0221366882324219 -0.367523193359375 -0.1005859375
-0.0295028686523438 0.0976638793945313 -0.243865966796875 0.0995025634765625
-0.0634384155273438 0.123161315917969 0.00565338134765624 -0.0373115539550781
-0.0111827850341797 0.0146913528442383 -0.13818359375 0.2042236328125
-0.019195556640625 0.0422554016113281 -0.0725860595703125 -0.146987915039062
-0.0480232238769531 0.0331764221191406 -0.0076141357421875 -0.236679077148438
-0.0272293090820312 0.0380058288574219 0.160186767578125 0.0245361328125
-0.0142068862915039 -0.00507926940917969 0.256988525390625 0.400482177734375
0.00972747802734376 -0.0703201293945313 0.08709716796875 0.64739990234375
0.0586776733398438 -0.0497817993164063 -0.205963134765625 0.512176513671875
0.0903396606445313 -0.0191650390625 -0.193954467773438 0.153289794921875
0.1007080078125 -0.0121994018554688 0.202117919921875 -0.05328369140625
0.0952911376953125 -0.0285110473632813 0.54327392578125 -0.244476318359375
0.0691299438476563 -0.0435714721679688 0.369415283203125 -0.47235107421875
0.0201473236083984 -0.0325870513916016 -0.109283447265625 -0.373748779296875
-0.00948238372802734 -0.00168228149414062 -0.3760986328125 -0.132904052734375
-0.0270538330078125 0.0423240661621094 -0.273635864257812 0.089385986328125
-0.0377082824707031 0.0498466491699219 -0.0253028869628906 -0.0186042785644531
0.0304489135742188 -0.0778121948242188 -0.15087890625 0.2076416015625
-0.0055389404296875 -0.0683212280273438 -0.074188232421875 -0.141754150390625
-0.0697250366210938 -0.0453262329101562 0.00917053222656252 -0.232437133789063
-0.0535621643066406 0.0509109497070313 0.171127319335937 0.02252197265625
-0.0152130126953125 0.076904296875 0.23663330078125 0.399200439453125
0.0159034729003906 0.04052734375 0.04302978515625 0.65325927734375
0.02008056640625 0.0373382568359375 -0.22857666015625 0.512237548828125
0.00398826599121094 0.0176525115966797 -0.193099975585937 0.160614013671875
0.00285911560058594 0.0204410552978516 0.198028564453125 -0.0429534912109375
0.0221881866455078 0.0323257446289063 0.521759033203125 -0.255584716796875
0.0248641967773437 0.0607566833496094 0.323333740234375 -0.48065185546875
0.00972747802734375 0.0660514831542969 -0.144500732421875 -0.36968994140625
-0.0278148651123047 0.0293292999267578 -0.38262939453125 -0.131988525390625
-0.0178718566894531 -0.010040283203125 -0.276336669921875 0.0885772705078125
-0.00802993774414062 -0.0281295776367187 -0.0377578735351563 -0.0120277404785156
0.069091796875 -0.164810180664063 -0.152557373046875 0.194290161132813
0.00497436523437502 -0.161468505859375 -0.0568466186523438 -0.129898071289063
-0.0801620483398438 -0.100814819335937 0.063568115234375 -0.199691772460937
-0.0668716430664063 0.0745697021484375 0.21307373046875 0.0527801513671875
-0.017852783203125 0.154251098632813 0.1976318359375 0.417205810546875
0.00798797607421874 0.136245727539063 -0.039306640625 0.63970947265625
-0.0311355590820313 0.111259460449219 -0.262054443359375 0.476287841796875
-0.0789718627929687 0.0522689819335938 -0.161834716796875 0.148193359375
-0.0798873901367188 0.0646820068359375 0.223861694335938 -0.05804443359375
-0.029571533203125 0.110244750976563 0.472015380859375 -0.30877685546875
-0.00271606445312501 0.166229248046875 0.207244873046875 -0.5020751953125
0.00492858886718751 0.151535034179688 -0.21942138671875 -0.33355712890625
-0.0387496948242187 0.0465507507324219 -0.380401611328125 -0.0946044921874999
-0.00724029541015626 -0.0671234130859375 -0.248886108398438 0.0989837646484375
0.0211639404296875 -0.102020263671875 -0.0295734405517578 -0.0208263397216797
0.0977783203125 -0.230545043945313 -0.140274047851563 0.167098999023437
0.0118865966796875 -0.213729858398438 -0.0184097290039063 -0.115570068359375
-0.0761871337890625 -0.108436584472656 0.143325805664063 -0.147506713867188
-0.0642471313476562 0.119224548339844 0.257308959960937 0.10833740234375
-0.0260772705078125 0.2203369140625 0.124267578125 0.443634033203125
-0.02227783203125 0.199661254882812 -0.1588134765625 0.60284423828125
-0.09375 0.155075073242188 -0.293212890625 0.40887451171875
-0.143936157226563 0.080810546875 -0.103538513183594 0.1187744140625
-0.127700805664062 0.120735168457031 0.257049560546875 -0.105377197265625
-0.042327880859375 0.194580078125 0.386016845703125 -0.392364501953125
-0.000503540039062476 0.252777099609375 0.050506591796875 -0.50885009765625
0.00473022460937498 0.196304321289063 -0.296539306640625 -0.270233154296875
-0.0430526733398438 0.0293045043945313 -0.34820556640625 -0.0355224609375
0.0047149658203125 -0.131019592285156 -0.192047119140625 0.113433837890625
0.0453033447265625 -0.166732788085938 -0.0026702880859375 -0.0433006286621094
0.11334228515625 -0.26318359375 -0.116081237792969 0.131187438964844
0.0169677734375 -0.217437744140625 0.0424880981445312 -0.100639343261719
-0.05804443359375 -0.0733795166015625 0.2281494140625 -0.0875396728515625
-0.0570526123046875 0.16912841796875 0.272659301757813 0.178802490234375
-0.0492095947265625 0.2572021484375 0.011962890625 0.464508056640625
-0.0733489990234375 0.218246459960938 -0.291595458984375 0.53570556640625
-0.157089233398437 0.16143798828125 -0.303741455078125 0.3253173828125
-0.182815551757813 0.0976409912109375 -0.0275726318359375 0.0775604248046875
-0.139007568359375 0.17181396484375 0.275726318359375 -0.185104370117187
-0.025970458984375 0.25958251953125 0.26904296875 -0.476165771484375
0.0147705078125 0.29339599609375 -0.106231689453125 -0.49700927734375
-0.00210571289062501 0.188140869140625 -0.33453369140625 -0.19708251953125
-0.0406532287597656 -0.022430419921875 -0.274398803710938 0.0289459228515625
0.0191497802734375 -0.190780639648438 -0.114654541015625 0.126052856445313
0.065155029296875 -0.208740234375 0.0376358032226563 -0.0790176391601563
-0.0792083740234375 0.181488037109375 -0.0646133422851562 0.116340637207031
-0.00740051269531251 0.226516723632813 0.038116455078125 -0.115516662597656
0.0364990234375 0.08203125 0.190170288085938 -0.10546875
0.0173263549804687 -0.119094848632813 0.3018798828125 0.1754150390625
-0.0182647705078125 -0.257583618164063 0.190826416015625 0.47344970703125
0.02032470703125 -0.297271728515625 -0.085968017578125 0.52716064453125
0.147232055664063 -0.190963745117188 -0.23590087890625 0.30267333984375
0.240570068359375 -0.0889739990234375 -0.04058837890625 0.0380134582519531
0.224929809570312 -0.127792358398437 0.338623046875 -0.2000732421875
0.145477294921875 -0.218612670898437 0.43280029296875 -0.441680908203125
0.0704498291015625 -0.270889282226563 0.098419189453125 -0.494842529296875
0.0233306884765625 -0.178878784179688 -0.235992431640625 -0.219375610351563
0.0467109680175781 0.0224266052246094 -0.315887451171875 0.02923583984375
-0.022430419921875 0.217666625976562 -0.123336791992188 0.126228332519531
-0.086700439453125 0.215087890625 0.102745056152344 -0.112831115722656
-0.0704498291015625 0.15521240234375 -0.093109130859375 0.1563720703125
-0.0185699462890625 0.207687377929688 -0.0191192626953125 -0.130485534667969
0.0158767700195313 0.115142822265625 0.08807373046875 -0.161544799804688
0.0191612243652344 -0.0460624694824219 0.248703002929688 0.11102294921875
-0.0179443359375 -0.187942504882813 0.2503662109375 0.444305419921875
-0.000335693359374973 -0.260726928710938 0.0164794921875 0.58502197265625
0.11761474609375 -0.181350708007813 -0.2169189453125 0.39642333984375
0.217864990234375 -0.0772857666015625 -0.110244750976563 0.087249755859375
0.228012084960938 -0.0863800048828125 0.292083740234375 -0.129669189453125
0.174072265625 -0.15606689453125 0.511993408203125 -0.34991455078125
0.101455688476562 -0.222747802734375 0.2427978515625 -0.492828369140625
0.0263824462890625 -0.173065185546875 -0.1778564453125 -0.29400634765625
0.0299167633056641 -0.0145912170410156 -0.352874755859375 -0.0422363281250001
-0.0271148681640625 0.160232543945313 -0.191650390625 0.11279296875
-0.0819091796875 0.181549072265625 0.0507431030273437 -0.07037353515625
-0.0447463989257812 0.0974273681640625 -0.117721557617188 0.186050415039063
-0.023712158203125 0.14068603515625 -0.0518341064453125 -0.142227172851563
-0.0170135498046875 0.0970001220703125 0.01727294921875 -0.209426879882813
0.00282764434814453 0.0102853775024414 0.190643310546875 0.0587310791015625
-0.0147247314453125 -0.0953140258789063 0.266937255859375 0.41644287109375
-0.000717163085937492 -0.176376342773438 0.0782470703125 0.62347412109375
0.08941650390625 -0.129554748535156 -0.201568603515625 0.47052001953125
0.165206909179688 -0.05267333984375 -0.164321899414063 0.127822875976562
0.183349609375 -0.045135498046875 0.236785888671875 -0.08148193359375
0.155181884765625 -0.088287353515625 0.54022216796875 -0.278900146484375
0.101585388183594 -0.140403747558594 0.33905029296875 -0.4793701171875
0.0270462036132813 -0.11956787109375 -0.1248779296875 -0.34698486328125
0.0110187530517578 -0.0228672027587891 -0.36700439453125 -0.10076904296875
-0.0287322998046875 0.0973968505859375 -0.243392944335937 0.099945068359375
-0.0622940063476563 0.123306274414062 0.0059661865234375 -0.0366668701171875
-0.0108957290649414 0.0142145156860352 -0.136611938476562 0.204910278320313
-0.0184707641601562 0.0425796508789063 -0.071502685546875 -0.146759033203125
-0.0486602783203125 0.0336189270019531 -0.00796508789062498 -0.236862182617188
-0.0265312194824219 0.0373306274414063 0.161392211914063 0.0240478515625
-0.0139751434326172 -0.00565528869628907 0.259735107421875 0.397857666015625
0.0092620849609375 -0.0697479248046875 0.088623046875 0.64703369140625
0.0586509704589844 -0.0501289367675781 -0.203948974609375 0.51275634765625
0.0898208618164063 -0.0194091796875 -0.194290161132813 0.15380859375
0.099578857421875 -0.0130767822265625 0.201141357421875 -0.0542755126953125
0.0949020385742188 -0.029022216796875 0.540802001953125 -0.24658203125
0.0688552856445313 -0.0439491271972656 0.36566162109375 -0.473358154296875
0.0201530456542969 -0.0332450866699219 -0.109710693359375 -0.374420166015625
-0.00981330871582031 -0.00218009948730469 -0.375885009765625 -0.1329345703125
-0.0268669128417969 0.0416069030761719 -0.272872924804688 0.089874267578125
-0.0383872985839844 0.0503654479980469 -0.0250396728515625 -0.0169830322265625
0.0294113159179688 -0.0772628784179688 -0.148818969726563 0.206741333007812
-0.00533294677734375 -0.06719970703125 -0.073944091796875 -0.141738891601562
-0.0703201293945313 -0.0443496704101563 0.00942993164062501 -0.232894897460938
-0.0531578063964844 0.0510635375976563 0.172286987304688 0.02142333984375
-0.0147781372070312 0.0766143798828125 0.23883056640625 0.396575927734375
0.0165252685546875 0.0410041809082031 0.0480346679687501 0.651611328125
0.0204315185546875 0.037445068359375 -0.22613525390625 0.513397216796875
0.00284862518310547 0.0173540115356445 -0.193634033203125 0.16046142578125
0.00249862670898437 0.0199317932128906 0.19732666015625 -0.0434112548828125
0.0225048065185547 0.0323619842529297 0.5185546875 -0.25701904296875
0.0249977111816406 0.0603981018066406 0.321533203125 -0.483673095703125
0.0102119445800781 0.066009521484375 -0.145050048828125 -0.371002197265625
-0.0273208618164063 0.0294952392578125 -0.3824462890625 -0.130706787109375
-0.0183582305908203 -0.0101852416992187 -0.275863647460938 0.090057373046875
-0.00862503051757813 -0.0278816223144531 -0.0378952026367188 -0.0110740661621094
0.068603515625 -0.163803100585938 -0.150955200195313 0.19378662109375
0.00526428222656251 -0.159698486328125 -0.0571670532226563 -0.129112243652344
-0.080780029296875 -0.0992507934570313 0.0632476806640625 -0.199630737304688
-0.0660171508789063 0.075103759765625 0.213882446289063 0.0517120361328125
-0.016510009765625 0.153961181640625 0.20001220703125 0.416015625
0.00871276855468751 0.136199951171875 -0.03662109375 0.63922119140625
-0.03070068359375 0.110984802246094 -0.261932373046875 0.477020263671875
-0.0789718627929688 0.0519561767578125 -0.1614990234375 0.148025512695313
-0.0788192749023438 0.0649261474609375 0.222671508789063 -0.058441162109375
-0.0295562744140625 0.109016418457031 0.46893310546875 -0.31170654296875
-0.001739501953125 0.165481567382813 0.206146240234375 -0.50213623046875
0.005462646484375 0.15087890625 -0.22088623046875 -0.334075927734375
-0.0389823913574219 0.0466995239257813 -0.38006591796875 -0.093963623046875
-0.00754928588867188 -0.0674324035644531 -0.247970581054688 0.099945068359375
0.0196151733398437 -0.102081298828125 -0.0292873382568359 -0.0193328857421875
0.095977783203125 -0.229278564453125 -0.13916015625 0.166412353515625
0.01080322265625 -0.21258544921875 -0.0185089111328125 -0.114387512207031
-0.0762939453125 -0.107460021972656 0.143463134765625 -0.148269653320313
-0.06329345703125 0.119430541992188 0.257781982421875 0.106948852539063
-0.024658203125 0.219146728515625 0.127197265625 0.4427490234375
-0.022247314453125 0.2000732421875 -0.15545654296875 0.60223388671875
-0.0940704345703125 0.155441284179688 -0.2913818359375 0.4088134765625
-0.144149780273438 0.079803466796875 -0.102920532226563 0.119453430175781
-0.126823425292969 0.120384216308594 0.256576538085938 -0.106048583984375
-0.041748046875 0.193862915039063 0.384490966796875 -0.391998291015625
0.00132751464843749 0.252151489257813 0.047760009765625 -0.50933837890625
0.0065765380859375 0.19647216796875 -0.29705810546875 -0.27008056640625
-0.0424575805664063 0.0301322937011719 -0.34869384765625 -0.0353393554687501
0.00442504882812499 -0.130424499511719 -0.191299438476563 0.114547729492187
0.04400634765625 -0.165847778320313 -0.00257492065429687 -0.0422744750976563
0.111068725585938 -0.262725830078125 -0.114822387695312 0.130416870117188
0.016265869140625 -0.215866088867188 0.0424957275390625 -0.0998687744140625
-0.0591812133789063 -0.0716781616210937 0.228073120117187 -0.0881500244140625
-0.05621337890625 0.1695556640625 0.273513793945313 0.17694091796875
-0.0478668212890625 0.256729125976563 0.013946533203125 0.464202880859375
-0.0729217529296875 0.217803955078125 -0.287994384765625 0.538543701171875
-0.156463623046875 0.161590576171875 -0.30181884765625 0.326202392578125
-0.181991577148438 0.0973663330078125 -0.0278778076171875 0.077606201171875
-0.138214111328125 0.170913696289063 0.275070190429688 -0.184585571289062
-0.0251922607421875 0.2586669921875 0.26678466796875 -0.47784423828125
0.01617431640625 0.29248046875 -0.10784912109375 -0.49749755859375
-0.000335693359375014 0.188339233398438 -0.3338623046875 -0.195465087890625
-0.0410270690917969 -0.0214424133300781 -0.275192260742188 0.0293731689453125
0.01824951171875 -0.19000244140625 -0.11419677734375 0.126441955566406
0.064056396484375 -0.207656860351563 0.038177490234375 -0.0777359008789063
-0.07818603515625 0.181488037109375 -0.0637130737304688 0.115592956542969
-0.00596618652343748 0.225433349609375 0.038543701171875 -0.115806579589844
0.036041259765625 0.0817031860351562 0.189468383789063 -0.10601806640625
0.01617431640625 -0.119956970214844 0.302337646484375 0.174041748046875
-0.01959228515625 -0.256881713867188 0.193603515625 0.47247314453125
0.01953125 -0.29736328125 -0.0845947265625 0.52838134765625
0.147705078125 -0.190994262695312 -0.23565673828125 0.303924560546875
0.24078369140625 -0.08880615234375 -0.0405998229980469 0.0390434265136719
0.225265502929688 -0.128173828125 0.336639404296875 -0.200714111328125
0.1444091796875 -0.218109130859375 0.4315185546875 -0.44329833984375
0.069580078125 -0.271759033203125 0.09783935546875 -0.495849609375
0.0222930908203125 -0.179183959960938 -0.236801147460937 -0.219818115234375
0.0459136962890625 0.0221176147460937 -0.316314697265625 0.0301513671875
-0.0210418701171875 0.217453002929688 -0.123054504394531 0.126785278320313
-0.086395263671875 0.215118408203125 0.101753234863281 -0.11090087890625
-0.07012939453125 0.155838012695313 -0.09185791015625 0.155487060546875
-0.0177459716796875 0.20751953125 -0.0185699462890625 -0.130691528320313
0.0153961181640625 0.11480712890625 0.087799072265625 -0.162124633789063
0.0184211730957031 -0.0466880798339844 0.24884033203125 0.110931396484375
-0.0185546875 -0.187820434570312 0.25128173828125 0.443572998046875
-0.00088500976562502 -0.26092529296875 0.01959228515625 0.58453369140625
0.117355346679687 -0.1810302734375 -0.2159423828125 0.397216796875
0.218109130859375 -0.077423095703125 -0.110649108886719 0.0881271362304687
0.227386474609375 -0.086944580078125 0.290435791015625 -0.130706787109375
0.17327880859375 -0.156814575195313 0.51025390625 -0.351165771484375
0.101333618164062 -0.224044799804688 0.240966796875 -0.49420166015625
0.0255584716796875 -0.173873901367187 -0.1781005859375 -0.295013427734375
0.0294589996337891 -0.0155277252197266 -0.353363037109375 -0.0415649414062501
-0.02703857421875 0.159698486328125 -0.190658569335938 0.1136474609375
-0.08148193359375 0.181655883789063 0.0507316589355469 -0.0696601867675781
-0.0452880859375 0.0977401733398438 -0.11627197265625 0.185577392578125
-0.0233001708984375 0.141098022460938 -0.0520477294921875 -0.142288208007813
-0.0167617797851562 0.0977020263671875 0.01727294921875 -0.210052490234375
0.00238704681396484 0.0101118087768555 0.191940307617188 0.05792236328125
-0.0154342651367187 -0.095001220703125 0.268402099609375 0.41497802734375
-0.000595092773437517 -0.175338745117187 0.0816040039062501 0.6226806640625
0.0894088745117188 -0.129753112792969 -0.20013427734375 0.47100830078125
0.164459228515625 -0.053192138671875 -0.164352416992188 0.127883911132813
0.183349609375 -0.0455322265625 0.235427856445312 -0.082305908203125
0.1546630859375 -0.08782958984375 0.539764404296875 -0.2802734375
0.101272583007812 -0.140533447265625 0.337890625 -0.48077392578125
0.0270462036132813 -0.119949340820312 -0.125701904296875 -0.34869384765625
0.0101985931396484 -0.023040771484375 -0.3675537109375 -0.0999755859375
-0.02923583984375 0.0975570678710938 -0.242630004882813 0.100021362304687
-0.0620574951171875 0.123649597167969 0.0057220458984375 -0.0352058410644531
-0.0102987289428711 0.0149402618408203 -0.13555908203125 0.204315185546875
-0.0177536010742187 0.0430984497070313 -0.071319580078125 -0.145889282226563
-0.0484123229980469 0.0343360900878906 -0.00823974609374999 -0.236114501953125
-0.0270156860351563 0.0371017456054688 0.162353515625 0.024017333984375
-0.0138216018676758 -0.00588703155517578 0.26104736328125 0.39837646484375
0.00916290283203125 -0.0698127746582031 0.0910644531249999 0.6463623046875
0.0586090087890625 -0.0503959655761719 -0.2025146484375 0.51348876953125
0.0895004272460938 -0.0196304321289063 -0.194091796875 0.153091430664063
0.0991592407226563 -0.013092041015625 0.199447631835938 -0.0545196533203125
0.0943374633789063 -0.028961181640625 0.538848876953125 -0.247772216796875
0.0685691833496094 -0.0441322326660156 0.3653564453125 -0.476898193359375
0.0201892852783203 -0.0327587127685547 -0.11065673828125 -0.374786376953125
-0.0100078582763672 -0.00224876403808594 -0.376434326171875 -0.1328125
-0.0267448425292969 0.0421180725097656 -0.272506713867188 0.0906219482421875
-0.0380821228027344 0.0505828857421875 -0.0250663757324219 -0.0157070159912109
0.0300216674804688 -0.0772476196289063 -0.148162841796875 0.206787109375
-0.00519943237304688 -0.0660171508789062 -0.0735931396484375 -0.141220092773438
-0.0707244873046875 -0.0436553955078125 0.00842285156250002 -0.232940673828125
-0.0534133911132813 0.051727294921875 0.173019409179688 0.021270751953125
-0.0140380859375 0.0767288208007813 0.23956298828125 0.397186279296875
0.01666259765625 0.0408248901367187 0.05023193359375 0.6510009765625
0.0203971862792969 0.0373420715332031 -0.224395751953125 0.513275146484375
0.00255393981933594 0.0166282653808594 -0.193878173828125 0.160614013671875
0.00277328491210937 0.0200557708740234 0.196014404296875 -0.04443359375
0.0216159820556641 0.0321941375732422 0.515655517578125 -0.25848388671875
0.0251426696777344 0.0602760314941406 0.320770263671875 -0.483917236328125
0.0109519958496094 0.065673828125 -0.14532470703125 -0.37164306640625
-0.0267047882080078 0.0295391082763672 -0.38275146484375 -0.130218505859375
-0.0186901092529297 -0.00998497009277343 -0.275421142578125 0.0913848876953126
-0.00939178466796875 -0.0275497436523438 -0.0376472473144531 -0.00933456420898438
0.06719970703125 -0.16357421875 -0.1492919921875 0.194000244140625
0.00444030761718751 -0.157958984375 -0.0574722290039063 -0.12847900390625
-0.0813522338867187 -0.0990219116210938 0.064178466796875 -0.200027465820313
-0.06512451171875 0.075592041015625 0.214675903320312 0.051422119140625
-0.0154876708984375 0.15350341796875 0.2005615234375 0.41436767578125
0.00914764404296874 0.136421203613281 -0.0347900390624999 0.6400146484375
-0.030853271484375 0.112396240234375 -0.2598876953125 0.477325439453125
-0.0786361694335937 0.0512313842773438 -0.161865234375 0.148513793945313
-0.0790634155273437 0.0646514892578125 0.221206665039063 -0.0596466064453125
-0.0295257568359375 0.108688354492187 0.468170166015625 -0.312530517578125
-0.000610351562500015 0.16632080078125 0.20574951171875 -0.50482177734375
0.00657653808593749 0.150711059570313 -0.221160888671875 -0.334625244140625
-0.0376853942871094 0.0476188659667969 -0.38177490234375 -0.09320068359375
-0.00790786743164062 -0.0670127868652344 -0.247161865234375 0.101043701171875
0.0185699462890625 -0.101776123046875 -0.0294132232666016 -0.0182075500488281
0.095306396484375 -0.228927612304688 -0.138092041015625 0.166717529296875
0.0095062255859375 -0.211349487304688 -0.01861572265625 -0.1134033203125
-0.0768051147460938 -0.106239318847656 0.143814086914063 -0.148529052734375
-0.0618743896484375 0.120170593261719 0.25860595703125 0.106887817382813
-0.0230560302734375 0.219589233398437 0.128936767578125 0.443115234375
-0.0212249755859375 0.199874877929688 -0.15252685546875 0.603759765625
-0.0936431884765625 0.155242919921875 -0.290557861328125 0.410369873046875
-0.143722534179687 0.07891845703125 -0.103141784667969 0.1199951171875
-0.127197265625 0.119949340820313 0.255783081054688 -0.106430053710938
-0.042083740234375 0.193313598632813 0.382293701171875 -0.392333984375
0.00201416015624998 0.251983642578125 0.04656982421875 -0.510406494140625
0.00765991210937501 0.196136474609375 -0.297027587890625 -0.2706298828125
-0.0419998168945313 0.0314407348632813 -0.3487548828125 -0.03533935546875
0.00384521484375 -0.129531860351563 -0.191421508789063 0.114913940429688
0.043487548828125 -0.164840698242188 -0.00296783447265624 -0.0411911010742188
0.11016845703125 -0.262344360351563 -0.11383056640625 0.130706787109375
0.014892578125 -0.213333129882813 0.0425033569335937 -0.0991134643554688
-0.058441162109375 -0.0706863403320313 0.22747802734375 -0.0890350341796875
-0.0544586181640625 0.1702880859375 0.275115966796875 0.176116943359375
-0.0464019775390625 0.255996704101562 0.015350341796875 0.46417236328125
-0.073028564453125 0.218353271484375 -0.287017822265625 0.538848876953125
-0.155715942382812 0.162765502929688 -0.3004150390625 0.327056884765625
-0.182464599609375 0.0970306396484375 -0.0273971557617188 0.0781097412109375
-0.1376953125 0.170852661132812 0.274444580078125 -0.184555053710938
-0.024993896484375 0.258102416992187 0.26495361328125 -0.478973388671875
0.018096923828125 0.29205322265625 -0.10870361328125 -0.49639892578125
0.00123596191406249 0.188308715820312 -0.3338623046875 -0.195465087890625
-0.0401268005371094 -0.0209770202636719 -0.275253295898438 0.0298614501953125
0.0167999267578125 -0.188919067382813 -0.114311218261719 0.126815795898438
0.0628814697265625 -0.206573486328125 0.0369873046875 -0.0768661499023438
-0.07720947265625 0.181625366210937 -0.0626068115234375 0.115203857421875
-0.005706787109375 0.225128173828125 0.03936767578125 -0.116165161132812
0.0359039306640625 0.0818252563476563 0.189743041992188 -0.106948852539062
0.015106201171875 -0.120285034179688 0.30401611328125 0.174652099609375
-0.0208282470703125 -0.2568359375 0.19427490234375 0.472900390625
0.018707275390625 -0.296844482421875 -0.0830993652343751 0.5286865234375
0.147537231445313 -0.191162109375 -0.234832763671875 0.30450439453125
0.2412109375 -0.088958740234375 -0.0407142639160156 0.0390548706054688
0.225189208984375 -0.128631591796875 0.33612060546875 -0.2017822265625
0.144744873046875 -0.218093872070312 0.430908203125 -0.44561767578125
0.069000244140625 -0.271881103515625 0.096160888671875 -0.4969482421875
0.0213165283203125 -0.1796875 -0.237533569335938 -0.221771240234375
0.0451164245605469 0.0210418701171875 -0.317474365234375 0.030426025390625
-0.020599365234375 0.217193603515625 -0.122650146484375 0.127265930175781
-0.0855560302734375 0.215286254882813 0.101638793945312 -0.11114501953125
-0.0697021484375 0.155807495117188 -0.090545654296875 0.155776977539063
-0.0165252685546875 0.207839965820312 -0.0181655883789063 -0.130622863769531
0.0154266357421875 0.114936828613281 0.088165283203125 -0.162643432617188
0.0176544189453125 -0.0477218627929688 0.2509765625 0.110443115234375
-0.019561767578125 -0.18743896484375 0.25439453125 0.443450927734375
-0.00169372558593752 -0.260757446289063 0.0216064453125001 0.58441162109375
0.117630004882812 -0.181732177734375 -0.2152099609375 0.398345947265625
0.218246459960938 -0.07763671875 -0.111335754394531 0.0882644653320312
0.227066040039063 -0.0868072509765625 0.29052734375 -0.132049560546875
0.172821044921875 -0.156585693359375 0.5096435546875 -0.35284423828125
0.100387573242187 -0.223724365234375 0.240692138671875 -0.49639892578125
0.02508544921875 -0.173965454101563 -0.179473876953125 -0.296966552734375
0.0287570953369141 -0.0158672332763672 -0.3546142578125 -0.0409851074218749
-0.0257415771484375 0.158966064453125 -0.191085815429688 0.11395263671875
-0.08074951171875 0.18255615234375 0.0500526428222656 -0.0688133239746094
-0.0450363159179687 0.0982437133789063 -0.115478515625 0.18548583984375
-0.0223388671875 0.141250610351563 -0.052001953125 -0.141891479492188
-0.0171127319335937 0.097381591796875 0.0175018310546875 -0.210479736328125
0.00178241729736328 0.00912284851074219 0.19287109375 0.0580596923828125
-0.0162429809570313 -0.0958633422851563 0.269500732421875 0.416473388671875
-0.000671386718750001 -0.175857543945313 0.0821533203124999 0.623779296875
0.0894851684570313 -0.129646301269531 -0.20123291015625 0.47161865234375
0.1650390625 -0.053070068359375 -0.165054321289062 0.128555297851563
0.18328857421875 -0.0458831787109375 0.233612060546875 -0.082763671875
0.154373168945312 -0.0882720947265625 0.53887939453125 -0.28277587890625
0.100830078125 -0.140159606933594 0.3365478515625 -0.4840087890625
0.0266189575195312 -0.120018005371094 -0.127044677734375 -0.35015869140625
0.00988960266113281 -0.0237045288085937 -0.368804931640625 -0.1007080078125
-0.0293045043945313 0.09735107421875 -0.243194580078125 0.10137939453125
-0.0624542236328125 0.124435424804688 0.00536155700683593 -0.03424072265625
-0.0110616683959961 0.0151653289794922 -0.135177612304687 0.204238891601563
-0.0169754028320313 0.0437889099121094 -0.07061767578125 -0.14605712890625
-0.0489120483398438 0.0344352722167969 -0.00854492187500002 -0.237152099609375
-0.0267753601074219 0.0374259948730469 0.163925170898438 0.0241546630859375
-0.0137166976928711 -0.005706787109375 0.2623291015625 0.398193359375
0.00889205932617187 -0.06951904296875 0.09307861328125 0.64703369140625
0.0587158203125 -0.0505104064941406 -0.201812744140625 0.514129638671875
0.0890426635742187 -0.0198135375976563 -0.195175170898438 0.154373168945312
0.0993576049804688 -0.0133743286132813 0.199172973632813 -0.0550689697265625
0.0935592651367188 -0.0290603637695313 0.538421630859375 -0.248779296875
0.0685615539550781 -0.0438766479492188 0.3651123046875 -0.47906494140625
0.0204563140869141 -0.0333499908447266 -0.11138916015625 -0.377532958984375
-0.0105552673339844 -0.00224018096923828 -0.37762451171875 -0.132781982421875
-0.0268211364746094 0.0420303344726563 -0.272933959960938 0.091552734375
-0.0386199951171875 0.0504684448242188 -0.0251674652099609 -0.0151557922363281
0.0291976928710938 -0.0765304565429688 -0.14801025390625 0.20684814453125
-0.00506210327148438 -0.0656204223632813 -0.07281494140625 -0.140289306640625
-0.0712127685546875 -0.0434036254882812 0.0091705322265625 -0.232986450195313
-0.053070068359375 0.0512657165527344 0.174346923828125 0.021087646484375
-0.0137176513671875 0.0766220092773438 0.24249267578125 0.396820068359375
0.0172805786132813 0.0413589477539063 0.05413818359375 0.65264892578125
0.0206947326660156 0.0371322631835938 -0.225250244140625 0.516021728515625
0.00269889831542969 0.0166130065917969 -0.194427490234375 0.161819458007812
0.00276565551757812 0.0189876556396484 0.1951904296875 -0.0447845458984375
0.0211238861083984 0.0325050354003906 0.514617919921875 -0.260833740234375
0.0244178771972656 0.0606765747070313 0.3204345703125 -0.487945556640625
0.0116653442382812 0.0659828186035156 -0.145599365234375 -0.37335205078125
-0.0275363922119141 0.0298500061035156 -0.384613037109375 -0.131256103515625
-0.0191669464111328 -0.0106678009033203 -0.274734497070312 0.091461181640625
-0.00917243957519531 -0.0267562866210937 -0.0378379821777344 -0.00887680053710937
0.0665740966796875 -0.16290283203125 -0.148757934570313 0.193939208984375
0.00424194335937499 -0.157485961914063 -0.0569915771484375 -0.12799072265625
-0.0818405151367188 -0.0979766845703125 0.0639190673828125 -0.200164794921875
-0.0651626586914063 0.0762557983398438 0.215667724609375 0.0516815185546875
-0.0142364501953125 0.153366088867187 0.20391845703125 0.4149169921875
0.00941467285156249 0.136428833007813 -0.0320434570312499 0.640869140625
-0.0308914184570313 0.112014770507812 -0.26055908203125 0.47882080078125
-0.0793914794921875 0.0509185791015625 -0.162246704101562 0.149444580078125
-0.0793685913085937 0.0641632080078125 0.221054077148438 -0.0595855712890625
-0.0297012329101563 0.109107971191406 0.466461181640625 -0.31439208984375
-1.52587890625115E-05 0.16607666015625 0.20477294921875 -0.505950927734375
0.00802612304687498 0.150955200195313 -0.22113037109375 -0.336181640625
-0.0375747680664063 0.0469551086425781 -0.38201904296875 -0.09381103515625
-0.00816345214843749 -0.0671653747558594 -0.247894287109375 0.101959228515625
0.0181121826171875 -0.101348876953125 -0.0292110443115234 -0.0168361663818359
0.0937042236328125 -0.229156494140625 -0.137039184570312 0.16668701171875
0.00917053222656249 -0.209609985351563 -0.018035888671875 -0.114013671875
-0.0768203735351563 -0.104743957519531 0.143890380859375 -0.14910888671875
-0.06085205078125 0.120834350585938 0.26031494140625 0.106475830078125
-0.0220489501953125 0.220245361328125 0.13043212890625 0.443084716796875
-0.0205535888671875 0.200363159179688 -0.15130615234375 0.6051025390625
-0.0935821533203125 0.15631103515625 -0.28887939453125 0.411834716796875
-0.14453125 0.079345703125 -0.103309631347656 0.119850158691406
-0.127128601074219 0.120071411132812 0.255020141601563 -0.106826782226562
-0.0421905517578125 0.193328857421875 0.381134033203125 -0.3953857421875
0.00309753417968748 0.252212524414063 0.0462646484375 -0.5126953125
0.00924682617187499 0.196945190429688 -0.297515869140625 -0.27069091796875
-0.0414161682128906 0.0312576293945313 -0.349884033203125 -0.0348815917968749
0.00346374511718749 -0.129348754882813 -0.191619873046875 0.115997314453125
0.041961669921875 -0.164291381835937 -0.00263595581054688 -0.0394020080566406
0.108795166015625 -0.261672973632813 -0.11334228515625 0.130622863769531
0.0151824951171875 -0.21282958984375 0.0424880981445313 -0.0995712280273438
-0.0588531494140625 -0.0697097778320313 0.22833251953125 -0.0903167724609375
-0.0531768798828125 0.170822143554688 0.275527954101562 0.176620483398437
-0.045440673828125 0.257537841796875 0.0166015625 0.46588134765625
-0.072540283203125 0.2186279296875 -0.28533935546875 0.540374755859375
-0.156265258789063 0.16339111328125 -0.30047607421875 0.3277587890625
-0.182403564453125 0.0968780517578125 -0.0273666381835938 0.0776290893554688
-0.13739013671875 0.171310424804688 0.274398803710937 -0.184768676757812
-0.024200439453125 0.257278442382812 0.263702392578125 -0.48114013671875
0.01873779296875 0.29296875 -0.109954833984375 -0.4976806640625
0.00181579589843749 0.18939208984375 -0.3350830078125 -0.195343017578125
-0.0403938293457031 -0.0208358764648437 -0.276504516601563 0.0299224853515625
0.0169830322265625 -0.189041137695312 -0.114158630371094 0.12835693359375
0.061492919921875 -0.206436157226562 0.0370635986328125 -0.0755691528320313
-0.0771026611328125 0.181930541992188 -0.0624542236328125 0.115402221679688
-0.00436401367187498 0.225341796875 0.0393600463867188 -0.116920471191406
0.0356292724609375 0.081512451171875 0.189498901367188 -0.107757568359375
0.0139617919921875 -0.120429992675781 0.306243896484375 0.17425537109375
-0.021636962890625 -0.257705688476562 0.19561767578125 0.47564697265625
0.019195556640625 -0.29815673828125 -0.0818481445312499 0.52960205078125
0.14788818359375 -0.192092895507813 -0.234710693359375 0.306243896484375
0.24127197265625 -0.089080810546875 -0.0413475036621094 0.0401039123535156
0.225357055664062 -0.128158569335938 0.336334228515625 -0.202667236328125
0.144210815429688 -0.217681884765625 0.4306640625 -0.4466552734375
0.068023681640625 -0.272842407226563 0.09515380859375 -0.50042724609375
0.0206298828125 -0.180221557617188 -0.238662719726562 -0.223297119140625
0.0450248718261719 0.0211105346679688 -0.318359375 0.0309143066406251
-0.0205535888671875 0.21710205078125 -0.122604370117188 0.128501892089844
-0.08428955078125 0.215774536132813 0.101295471191406 -0.11065673828125
-0.0697021484375 0.156600952148438 -0.08984375 0.155136108398438
-0.015655517578125 0.207748413085938 -0.0179977416992188 -0.132080078125
0.0159530639648437 0.115249633789062 0.08795166015625 -0.163070678710938
0.017181396484375 -0.0479621887207031 0.251953125 0.110076904296875
-0.02032470703125 -0.188003540039063 0.2559814453125 0.4449462890625
-0.00263977050781249 -0.259963989257813 0.0216064453125 0.58563232421875
0.118377685546875 -0.18157958984375 -0.215789794921875 0.398895263671875
0.21783447265625 -0.077545166015625 -0.112045288085938 0.0886764526367188
0.227615356445313 -0.0877838134765625 0.2891845703125 -0.132110595703125
0.172988891601563 -0.156600952148438 0.509918212890625 -0.35540771484375
0.0996551513671875 -0.224563598632813 0.241180419921875 -0.4976806640625
0.0239105224609375 -0.17437744140625 -0.1807861328125 -0.2994384765625
0.0285682678222656 -0.0165805816650391 -0.355560302734375 -0.0414123535156251
-0.0260772705078125 0.159286499023438 -0.191421508789063 0.114776611328125
-0.0806121826171875 0.182769775390625 0.0500450134277344 -0.0684700012207031
-0.044769287109375 0.0987396240234375 -0.114120483398438 0.185745239257812
-0.0219268798828125 0.141433715820313 -0.0512847900390625 -0.142547607421875
-0.0176620483398437 0.0975189208984375 0.0167694091796875 -0.21124267578125
0.00120258331298828 0.00853538513183594 0.194305419921875 0.05810546875
-0.01654052734375 -0.095703125 0.271759033203125 0.41644287109375
-0.0018463134765625 -0.175582885742188 0.083984375 0.62445068359375
0.0894622802734375 -0.130226135253906 -0.1998291015625 0.473907470703125
0.16485595703125 -0.05352783203125 -0.166061401367188 0.129440307617188
0.1832275390625 -0.0466766357421875 0.233673095703125 -0.083526611328125
0.154022216796875 -0.0879669189453125 0.53851318359375 -0.284576416015625
0.100814819335937 -0.141357421875 0.3382568359375 -0.486724853515625
0.0266876220703125 -0.121139526367187 -0.12725830078125 -0.3524169921875
0.0104961395263672 -0.0240516662597656 -0.370086669921875 -0.100311279296875
-0.0292587280273438 0.0971832275390625 -0.243331909179688 0.10211181640625
-0.0622634887695313 0.1240234375 0.00539207458496093 -0.0345897674560547
-0.0108137130737305 0.0160732269287109 -0.134201049804687 0.20477294921875
-0.0164642333984375 0.0443305969238281 -0.07086181640625 -0.14593505859375
-0.0489578247070312 0.0348129272460938 -0.00877380371093748 -0.23785400390625
-0.0270652770996094 0.0370330810546875 0.1656494140625 0.0243072509765625
-0.0132627487182617 -0.00619125366210937 0.2655029296875 0.39801025390625
0.00914764404296875 -0.0699653625488281 0.0950927734375 0.64739990234375
0.0585289001464844 -0.0511665344238281 -0.2005615234375 0.515869140625
0.08929443359375 -0.0204544067382813 -0.196212768554688 0.155075073242187
0.0990447998046875 -0.01434326171875 0.198089599609375 -0.0553741455078125
0.0940704345703125 -0.0290145874023437 0.53912353515625 -0.252166748046875
0.069122314453125 -0.0443916320800781 0.365997314453125 -0.482574462890625
0.0206489562988281 -0.033538818359375 -0.111785888671875 -0.37884521484375
-0.0100002288818359 -0.00249099731445313 -0.3795166015625 -0.133270263671875
-0.026641845703125 0.0422782897949219 -0.272354125976563 0.0922088623046875
-0.0390853881835938 0.0508842468261719 -0.0255527496337891 -0.0138587951660156
0.0290451049804687 -0.07647705078125 -0.147323608398437 0.207183837890625
-0.00517654418945313 -0.0643882751464844 -0.07281494140625 -0.140350341796875
-0.0715866088867188 -0.0426101684570313 0.00819396972656247 -0.2342529296875
-0.0532379150390625 0.0511398315429688 0.17645263671875 0.0216064453125
-0.0132522583007812 0.0770492553710937 0.243927001953125 0.396942138671875
0.0170783996582031 0.0408248901367188 0.0546874999999999 0.65380859375
0.0209770202636719 0.0378952026367188 -0.22515869140625 0.51568603515625
0.00216579437255859 0.0162124633789063 -0.195327758789063 0.161895751953125
0.00210380554199219 0.0187740325927734 0.195114135742188 -0.0453643798828125
0.0206890106201172 0.0322723388671875 0.515228271484375 -0.261810302734375
0.0251197814941406 0.0600395202636719 0.319580078125 -0.4901123046875
0.0116615295410156 0.0660858154296875 -0.1458740234375 -0.374542236328125
-0.0273036956787109 0.0297355651855469 -0.385711669921875 -0.131072998046875
-0.0191936492919922 -0.0100841522216797 -0.27581787109375 0.0926361083984375
-0.0102443695068359 -0.0263576507568359 -0.0381660461425781 -0.00795745849609376
0.066131591796875 -0.162979125976563 -0.147628784179687 0.194854736328125
0.00448608398437498 -0.15692138671875 -0.0563583374023438 -0.128143310546875
-0.0824737548828125 -0.097137451171875 0.0638275146484375 -0.200927734375
-0.0647125244140625 0.076202392578125 0.2176513671875 0.0513916015625
-0.0133514404296875 0.153579711914063 0.204925537109375 0.41546630859375
0.0102310180664062 0.137237548828125 -0.03021240234375 0.64208984375
-0.0305099487304688 0.112571716308594 -0.2593994140625 0.47991943359375
-0.0801162719726562 0.0504684448242187 -0.163177490234375 0.1492919921875
-0.0796051025390625 0.0637054443359375 0.221267700195312 -0.060150146484375
-0.0299835205078125 0.108360290527344 0.466827392578125 -0.316802978515625
0.000762939453124988 0.166061401367188 0.20428466796875 -0.508575439453125
0.00836181640624999 0.15081787109375 -0.2227783203125 -0.337860107421875
-0.0373764038085937 0.0478019714355469 -0.3831787109375 -0.0937499999999999
-0.00860977172851562 -0.0662002563476563 -0.248504638671875 0.10272216796875
0.0178451538085938 -0.100288391113281 -0.0291423797607422 -0.015707015991211
0.0934295654296875 -0.229232788085938 -0.137115478515625 0.166763305664063
0.00920104980468752 -0.20916748046875 -0.018310546875 -0.113487243652344
-0.0777511596679688 -0.104713439941406 0.143966674804688 -0.150131225585938
-0.0600051879882812 0.121192932128906 0.261581420898438 0.106430053710938
-0.02130126953125 0.219940185546875 0.13177490234375 0.443817138671875
-0.02081298828125 0.200225830078125 -0.15020751953125 0.60784912109375
-0.0939483642578125 0.15594482421875 -0.289825439453125 0.413299560546875
-0.1448974609375 0.0785064697265625 -0.104011535644531 0.120063781738281
-0.128196716308594 0.120086669921875 0.25555419921875 -0.10693359375
-0.04229736328125 0.1927490234375 0.381683349609375 -0.39666748046875
0.0045013427734375 0.253005981445313 0.045196533203125 -0.5150146484375
0.0099029541015625 0.197677612304688 -0.298919677734375 -0.27215576171875
-0.0409774780273437 0.0318031311035156 -0.3515625 -0.0347900390625
0.00276947021484376 -0.129676818847656 -0.192337036132813 0.117431640625
0.04156494140625 -0.164016723632813 -0.00321197509765625 -0.0386848449707031
0.108795166015625 -0.262039184570313 -0.113029479980469 0.130416870117188
0.014404296875 -0.211898803710937 0.0430526733398438 -0.09930419921875
-0.0596504211425781 -0.0691871643066406 0.228103637695313 -0.0904388427734375
-0.0531005859375 0.171340942382813 0.276702880859375 0.177291870117188
-0.0443878173828125 0.257339477539062 0.017669677734375 0.467254638671875
-0.071685791015625 0.219558715820313 -0.28485107421875 0.544342041015625
-0.155776977539063 0.164337158203125 -0.299652099609375 0.328399658203125
-0.183395385742188 0.096343994140625 -0.0278549194335938 0.0782394409179688
-0.138320922851563 0.170913696289063 0.274734497070313 -0.185897827148438
-0.024078369140625 0.258255004882813 0.263214111328125 -0.48150634765625
0.02093505859375 0.29296875 -0.111236572265625 -0.50018310546875
0.00399780273437501 0.189605712890625 -0.336334228515625 -0.196533203125
-0.0396766662597656 -0.019866943359375 -0.277572631835938 0.0301818847656249
0.01654052734375 -0.188827514648437 -0.114578247070312 0.128662109375
0.0612335205078125 -0.205596923828125 0.03643798828125 -0.0747528076171875
-0.0765228271484375 0.18292236328125 -0.0615921020507812 0.114738464355469
-0.0034637451171875 0.225173950195312 0.0400161743164062 -0.118232727050781
0.0345611572265625 0.081451416015625 0.189361572265625 -0.108413696289063
0.0131912231445312 -0.121360778808594 0.308319091796875 0.174163818359375
-0.02276611328125 -0.258651733398438 0.19818115234375 0.47625732421875
0.018280029296875 -0.297943115234375 -0.0816345214843751 0.5325927734375
0.148513793945313 -0.192901611328125 -0.235260009765625 0.308563232421875
0.242218017578125 -0.089080810546875 -0.0420379638671875 0.0418777465820313
0.225936889648438 -0.129150390625 0.336181640625 -0.204498291015625
0.144332885742188 -0.218841552734375 0.4306640625 -0.450592041015625
0.0669708251953125 -0.273727416992188 0.094329833984375 -0.50262451171875
0.0194549560546875 -0.1812744140625 -0.241226196289062 -0.224334716796875
0.0450935363769531 0.0201148986816406 -0.3203125 0.0311279296875
-0.019500732421875 0.217803955078125 -0.122642517089844 0.128440856933594
-0.084747314453125 0.217361450195313 0.100502014160156 -0.110458374023437
-0.0694580078125 0.157211303710938 -0.09002685546875 0.156234741210938
-0.0145111083984375 0.208221435546875 -0.0183029174804687 -0.132369995117188
0.0152511596679687 0.11578369140625 0.08734130859375 -0.163986206054688
0.0160751342773438 -0.0486564636230469 0.254898071289063 0.1107177734375
-0.021575927734375 -0.188766479492188 0.258270263671875 0.446197509765625
-0.00302124023437497 -0.260940551757812 0.02386474609375 0.58660888671875
0.118392944335937 -0.182525634765625 -0.2159423828125 0.4012451171875
0.219009399414063 -0.0778961181640625 -0.112144470214844 0.0897903442382812
0.228485107421875 -0.0879364013671875 0.289337158203125 -0.133941650390625
0.1734619140625 -0.157058715820313 0.50933837890625 -0.356719970703125
0.099945068359375 -0.226043701171875 0.23980712890625 -0.501922607421875
0.02337646484375 -0.175613403320313 -0.182098388671875 -0.30145263671875
0.0279712677001953 -0.0176010131835938 -0.35723876953125 -0.0408935546875
-0.0256195068359375 0.159683227539063 -0.190933227539063 0.115798950195313
-0.0806121826171875 0.183685302734375 0.0495758056640625 -0.0677833557128906
-0.044097900390625 0.0993804931640625 -0.114410400390625 0.186920166015625
-0.0209808349609375 0.142333984375 -0.050750732421875 -0.14239501953125
-0.0177001953125 0.0980148315429687 0.016876220703125 -0.211593627929688
0.000847816467285157 0.00768280029296875 0.196609497070313 0.05780029296875
-0.0173492431640625 -0.0965728759765625 0.274261474609375 0.417572021484375
-0.00198364257812501 -0.17608642578125 0.0863037109375 0.6270751953125
0.0890960693359375 -0.1309814453125 -0.200164794921875 0.47650146484375
0.165252685546875 -0.0531158447265625 -0.167312622070313 0.129928588867187
0.183364868164063 -0.0465240478515625 0.2327880859375 -0.0848236083984375
0.154556274414063 -0.088623046875 0.53924560546875 -0.287200927734375
0.100494384765625 -0.14178466796875 0.33795166015625 -0.489532470703125
0.0255508422851563 -0.121322631835938 -0.12774658203125 -0.354461669921875
0.00886344909667969 -0.0248641967773438 -0.371856689453125 -0.1009521484375
-0.02886962890625 0.0971603393554688 -0.243209838867188 0.10369873046875
-0.0620269775390625 0.124404907226562 0.00528717041015625 -0.0330791473388672
-0.0107860565185547 0.0163278579711914 -0.13360595703125 0.206100463867187
-0.0162429809570312 0.044647216796875 -0.0709228515625 -0.146240234375
-0.0494880676269531 0.0359115600585938 -0.00962829589843752 -0.238388061523438
-0.0270271301269531 0.0371131896972656 0.1676025390625 0.0236968994140625
-0.0132675170898438 -0.00633430480957032 0.26837158203125 0.39862060546875
0.00891876220703125 -0.0695571899414063 0.09759521484375 0.649658203125
0.0592765808105469 -0.0512428283691406 -0.201751708984375 0.518157958984375
0.0896835327148437 -0.0214767456054687 -0.197463989257813 0.15545654296875
0.0994338989257812 -0.0142974853515625 0.198562622070313 -0.055877685546875
0.093475341796875 -0.0292739868164063 0.53802490234375 -0.25396728515625
0.0689659118652344 -0.0447158813476563 0.365447998046875 -0.48553466796875
0.0205230712890625 -0.0334262847900391 -0.1126708984375 -0.381866455078125
-0.0107212066650391 -0.00218296051025391 -0.380340576171875 -0.13372802734375
-0.0268440246582031 0.0421104431152344 -0.273162841796875 0.0933227539062499
-0.0390052795410156 0.0513877868652344 -0.0248050689697266 -0.0128383636474609
0.0289993286132813 -0.0761184692382813 -0.146942138671875 0.20794677734375
-0.00521469116210937 -0.0641326904296875 -0.0727386474609375 -0.140396118164063
-0.0719528198242188 -0.0419082641601562 0.00886535644531247 -0.234786987304688
-0.0523185729980469 0.0517959594726562 0.177871704101563 0.0211029052734375
-0.0127487182617187 0.076751708984375 0.24658203125 0.398223876953125
0.01788330078125 0.0410842895507813 0.0560302734375 0.65496826171875
0.0213623046875 0.0377731323242188 -0.224517822265625 0.517913818359375
0.00190162658691406 0.0156774520874023 -0.197097778320312 0.162628173828125
0.00175857543945312 0.0187358856201172 0.194595336914063 -0.045684814453125
0.0207405090332031 0.0323581695556641 0.516204833984375 -0.26348876953125
0.0259132385253906 0.0602073669433594 0.31988525390625 -0.4935302734375
0.0119552612304687 0.0658531188964844 -0.14691162109375 -0.377471923828125
-0.0277538299560547 0.0300483703613281 -0.387298583984375 -0.13140869140625
-0.0194187164306641 -0.00965118408203125 -0.276031494140625 0.0939483642578125
-0.0105705261230469 -0.0261421203613281 -0.0375328063964844 -0.00658798217773437
0.0654754638671875 -0.16339111328125 -0.147918701171875 0.194992065429687
0.00430297851562501 -0.156097412109375 -0.0561752319335938 -0.128242492675781
-0.0827713012695313 -0.0967636108398438 0.0644378662109375 -0.20245361328125
-0.0639266967773438 0.0773544311523438 0.218582153320313 0.0515899658203125
-0.0129852294921875 0.154708862304688 0.20751953125 0.416839599609375
0.0103683471679687 0.136917114257812 -0.0274658203124999 0.6446533203125
-0.0303573608398437 0.112648010253906 -0.2586669921875 0.482666015625
-0.080810546875 0.0504074096679688 -0.1644287109375 0.150588989257813
-0.0797882080078125 0.0639266967773438 0.22149658203125 -0.05999755859375
-0.0304718017578125 0.108978271484375 0.467620849609375 -0.31781005859375
0.0012359619140625 0.16705322265625 0.203948974609375 -0.51202392578125
0.00991821289062499 0.15216064453125 -0.223052978515625 -0.33905029296875
-0.0375289916992187 0.0482139587402344 -0.385711669921875 -0.09332275390625
-0.00923919677734376 -0.0663299560546875 -0.248626708984375 0.10467529296875
0.0169143676757813 -0.100028991699219 -0.0288677215576172 -0.0146541595458985
0.0930023193359375 -0.228988647460938 -0.136276245117188 0.167236328125
0.00877380371093751 -0.207626342773438 -0.0175247192382813 -0.113319396972656
-0.0780029296875 -0.103500366210937 0.144271850585938 -0.1505126953125
-0.0594329833984375 0.122329711914063 0.262954711914063 0.106613159179688
-0.0192108154296875 0.220916748046875 0.134552001953125 0.445587158203125
-0.0198516845703125 0.2012939453125 -0.14642333984375 0.61041259765625
-0.093475341796875 0.1571044921875 -0.288818359375 0.41546630859375
-0.14605712890625 0.07830810546875 -0.104728698730469 0.121292114257813
-0.127853393554688 0.120018005371094 0.255340576171875 -0.10772705078125
-0.041778564453125 0.194076538085938 0.3814697265625 -0.3988037109375
0.00503540039062502 0.253494262695313 0.042999267578125 -0.517242431640625
0.0117950439453125 0.1982421875 -0.3006591796875 -0.273895263671875
-0.0412979125976563 0.0324325561523437 -0.35296630859375 -0.0352172851562501
0.001922607421875 -0.129631042480469 -0.19244384765625 0.118270874023437
0.040985107421875 -0.163223266601563 -0.003173828125 -0.0375251770019531
0.10711669921875 -0.262191772460937 -0.112205505371094 0.130294799804687
0.0142822265625 -0.211639404296875 0.0433731079101563 -0.0990753173828125
-0.0594291687011719 -0.0682640075683594 0.229141235351563 -0.0914764404296875
-0.0518035888671875 0.17364501953125 0.278579711914062 0.177597045898438
-0.043060302734375 0.258514404296875 0.019195556640625 0.469879150390625
-0.071990966796875 0.219802856445313 -0.2816162109375 0.5469970703125
-0.15643310546875 0.16510009765625 -0.299530029296875 0.33062744140625
-0.184890747070313 0.095794677734375 -0.0275955200195313 0.079559326171875
-0.138534545898437 0.171157836914063 0.275421142578125 -0.187026977539063
-0.02386474609375 0.258712768554688 0.26275634765625 -0.48541259765625
0.022613525390625 0.29376220703125 -0.112823486328125 -0.5028076171875
0.00570678710937501 0.190261840820313 -0.33807373046875 -0.197052001953125
-0.0388908386230469 -0.0191459655761719 -0.279190063476563 0.030029296875
0.0152435302734375 -0.188812255859375 -0.115470886230469 0.129692077636719
0.061065673828125 -0.205902099609375 0.03692626953125 -0.0737457275390625
-0.0771331787109375 0.18450927734375 -0.0620193481445313 0.114479064941406
-0.0018310546875 0.22625732421875 0.0403976440429688 -0.119735717773437
0.0343399047851563 0.082122802734375 0.190231323242188 -0.1097412109375
0.0124130249023438 -0.122962951660156 0.311767578125 0.17449951171875
-0.0235443115234375 -0.259780883789063 0.200347900390625 0.47772216796875
0.016937255859375 -0.299591064453125 -0.0809020996093751 0.5335693359375
0.149261474609375 -0.193756103515625 -0.23602294921875 0.31103515625
0.243453979492188 -0.0899810791015625 -0.0425071716308594 0.0423164367675781
0.226669311523438 -0.130172729492188 0.33721923828125 -0.205963134765625
0.144058227539062 -0.220108032226562 0.432098388671875 -0.454437255859375
0.0659637451171875 -0.27520751953125 0.09344482421875 -0.50799560546875
0.0181427001953125 -0.18267822265625 -0.243484497070313 -0.226348876953125
0.0448188781738281 0.0194015502929688 -0.322479248046875 0.0317382812500001
-0.018280029296875 0.217864990234375 -0.122550964355469 0.129638671875
-0.08392333984375 0.2183837890625 0.100692749023438 -0.110267639160156
-0.0694732666015625 0.158477783203125 -0.0898895263671875 0.156280517578125
-0.0139312744140625 0.208953857421875 -0.0177459716796875 -0.133476257324219
0.01519775390625 0.115585327148438 0.0871734619140625 -0.165359497070313
0.0152397155761719 -0.0494537353515625 0.257644653320313 0.110336303710938
-0.022003173828125 -0.1893310546875 0.261810302734375 0.44873046875
-0.00381469726562498 -0.261871337890625 0.0252075195312501 0.58978271484375
0.118804931640625 -0.183914184570313 -0.21575927734375 0.403900146484375
0.219635009765625 -0.0789794921875 -0.113296508789062 0.09112548828125
0.228958129882813 -0.0884857177734375 0.289215087890625 -0.134796142578125
0.173660278320313 -0.15777587890625 0.510009765625 -0.361083984375
0.098968505859375 -0.227691650390625 0.240447998046875 -0.506683349609375
0.0224609375 -0.176864624023437 -0.18316650390625 -0.303955078125
0.0277633666992188 -0.0179824829101563 -0.35986328125 -0.041961669921875
-0.025909423828125 0.159286499023438 -0.191177368164063 0.11749267578125
-0.0797576904296875 0.1851806640625 0.0498847961425781 -0.067535400390625
-0.044403076171875 0.0997238159179687 -0.113479614257813 0.187118530273437
-0.020294189453125 0.142990112304688 -0.05133056640625 -0.143173217773437
-0.0176315307617188 0.0986251831054688 0.01678466796875 -0.21295166015625
0.000748157501220704 0.00761938095092773 0.199371337890625 0.058563232421875
-0.017059326171875 -0.09649658203125 0.278350830078125 0.419097900390625
-0.00253295898437499 -0.176681518554688 0.08935546875 0.6298828125
0.09002685546875 -0.131950378417969 -0.20062255859375 0.47900390625
0.166122436523438 -0.0546112060546875 -0.16851806640625 0.131912231445312
0.184097290039063 -0.0466766357421875 0.232833862304688 -0.085693359375
0.154830932617188 -0.089019775390625 0.540313720703125 -0.290313720703125
0.100204467773438 -0.142715454101563 0.33831787109375 -0.494873046875
0.0252838134765625 -0.122215270996094 -0.129669189453125 -0.358428955078125
0.00830459594726563 -0.0252323150634766 -0.374542236328125 -0.101104736328125
-0.0289764404296875 0.0973892211914063 -0.244461059570313 0.104537963867187
-0.0618362426757812 0.12640380859375 0.00564193725585937 -0.0326290130615234
-0.0109958648681641 0.0171957015991211 -0.133209228515625 0.206008911132813
-0.016143798828125 0.0459213256835937 -0.071014404296875 -0.147109985351563
-0.0502510070800781 0.03656005859375 -0.010009765625 -0.240386962890625
-0.0273094177246094 0.0377578735351563 0.169235229492188 0.0237579345703125
-0.0135116577148437 -0.00658988952636719 0.270294189453125 0.400177001953125
0.00896835327148437 -0.0699501037597656 0.10150146484375 0.6517333984375
0.0597610473632812 -0.0505828857421875 -0.20135498046875 0.52093505859375
0.0893402099609375 -0.0215225219726563 -0.198440551757812 0.157485961914063
0.0999374389648437 -0.0145797729492188 0.19757080078125 -0.056976318359375
0.0934982299804688 -0.0290756225585938 0.539947509765625 -0.25726318359375
0.0689163208007813 -0.0453414916992188 0.366119384765625 -0.489288330078125
0.0211124420166016 -0.0342044830322266 -0.114532470703125 -0.385101318359375
-0.0105781555175781 -0.00267791748046875 -0.384002685546875 -0.133758544921875
-0.027435302734375 0.0419998168945313 -0.273773193359375 0.0946502685546875
-0.0390510559082031 0.0520706176757813 -0.0244903564453125 -0.0129547119140625
0.028350830078125 -0.0770950317382813 -0.1458740234375 0.209442138671875
-0.00505828857421876 -0.0633201599121094 -0.0732650756835937 -0.1405029296875
-0.07275390625 -0.0411300659179687 0.00834655761718752 -0.235748291015625
-0.0524520874023438 0.0519599914550781 0.179428100585938 0.021087646484375
-0.0113372802734375 0.0776138305664063 0.24981689453125 0.399017333984375
0.0176124572753906 0.04180908203125 0.06072998046875 0.65997314453125
0.02117919921875 0.0378341674804688 -0.224212646484375 0.522613525390625
0.00128936767578125 0.0151290893554687 -0.1981201171875 0.16412353515625
0.00157737731933594 0.0182933807373047 0.194549560546875 -0.0459136962890625
0.0200614929199219 0.0321083068847656 0.51800537109375 -0.266876220703125
0.0262374877929688 0.0607109069824219 0.319793701171875 -0.49810791015625
0.0131874084472656 0.0663528442382813 -0.1480712890625 -0.380950927734375
-0.0274391174316406 0.0305080413818359 -0.39019775390625 -0.13238525390625
-0.0199413299560547 -0.0102348327636719 -0.277359008789063 0.09564208984375
-0.0107288360595703 -0.02496337890625 -0.0378532409667969 -0.00564956665039063
0.0646209716796875 -0.164093017578125 -0.14727783203125 0.195526123046875
0.00402832031250001 -0.155670166015625 -0.0566177368164063 -0.128456115722656
-0.0839004516601562 -0.0963134765625 0.0641937255859375 -0.203323364257813
-0.0634689331054688 0.0781326293945312 0.220870971679687 0.0509796142578125
-0.0115966796875 0.154617309570313 0.2100830078125 0.419189453125
0.0112686157226562 0.138229370117188 -0.0251464843750001 0.6495361328125
-0.0298919677734375 0.113372802734375 -0.25811767578125 0.485992431640625
-0.0814132690429688 0.0505523681640625 -0.165298461914062 0.1513671875
-0.08062744140625 0.063568115234375 0.222137451171875 -0.0617828369140625
-0.0312042236328125 0.108924865722656 0.46685791015625 -0.32135009765625
0.001617431640625 0.16668701171875 0.2044677734375 -0.515960693359375
0.0106964111328125 0.152908325195313 -0.22552490234375 -0.342193603515625
-0.0376014709472656 0.0493736267089844 -0.38824462890625 -0.09466552734375
-0.00975418090820312 -0.0665168762207031 -0.249786376953125 0.105911254882812
0.0170822143554688 -0.100090026855469 -0.0289688110351563 -0.0135536193847656
0.0916900634765625 -0.230361938476563 -0.13653564453125 0.168441772460937
0.00846862792968751 -0.207595825195313 -0.0176162719726563 -0.113807678222656
-0.0790328979492188 -0.103355407714844 0.145065307617188 -0.152236938476563
-0.0586471557617188 0.123977661132813 0.265289306640625 0.106613159179688
-0.0183563232421875 0.221694946289063 0.13616943359375 0.447906494140625
-0.019500732421875 0.201980590820313 -0.14520263671875 0.614501953125
-0.093048095703125 0.157791137695312 -0.288360595703125 0.418182373046875
-0.147125244140625 0.0790863037109375 -0.105255126953125 0.122650146484375
-0.12841796875 0.120193481445312 0.25640869140625 -0.109542846679688
-0.0421295166015625 0.194442749023438 0.38189697265625 -0.402587890625
0.00613403320312502 0.2548828125 0.042144775390625 -0.52142333984375
0.013092041015625 0.199676513671875 -0.30340576171875 -0.275482177734375
-0.0398101806640625 0.0332717895507812 -0.35589599609375 -0.03387451171875
0.00167846679687501 -0.129020690917969 -0.193008422851563 0.119720458984375
0.040557861328125 -0.163284301757813 -0.003021240234375 -0.036102294921875
0.106369018554687 -0.26324462890625 -0.112998962402344 0.131195068359375
0.014617919921875 -0.210037231445313 0.0435104370117188 -0.09967041015625
-0.0601081848144531 -0.0676612854003906 0.230865478515625 -0.092529296875
-0.05078125 0.174285888671875 0.280960083007813 0.178421020507812
-0.041839599609375 0.259979248046875 0.02154541015625 0.47314453125
-0.07196044921875 0.22119140625 -0.28167724609375 0.55035400390625
-0.156951904296875 0.16571044921875 -0.299713134765625 0.333892822265625
-0.185440063476563 0.0960693359375 -0.0273208618164063 0.0797500610351563
-0.139251708984375 0.171493530273438 0.276580810546875 -0.1871337890625
-0.0227813720703125 0.259536743164063 0.262939453125 -0.487884521484375
0.023651123046875 0.294586181640625 -0.11614990234375 -0.50439453125
0.00680541992187502 0.191619873046875 -0.340728759765625 -0.1981201171875
-0.0393791198730469 -0.018707275390625 -0.28045654296875 0.0306549072265625
0.014892578125 -0.189315795898438 -0.115615844726563 0.131385803222656
0.06060791015625 -0.205902099609375 0.0366668701171875 -0.0729904174804688
-0.076446533203125 0.186309814453125 -0.0607528686523438 0.114326477050781
-0.00106811523437502 0.226516723632812 0.0410308837890625 -0.121101379394531
0.0341339111328125 0.0828628540039063 0.190841674804688 -0.110794067382813
0.010711669921875 -0.123870849609375 0.314971923828125 0.176055908203125
-0.0252532958984375 -0.260696411132813 0.20355224609375 0.4810791015625
0.015777587890625 -0.300628662109375 -0.0790100097656249 0.53802490234375
0.149826049804688 -0.195907592773438 -0.236846923828125 0.314910888671875
0.24468994140625 -0.090972900390625 -0.0426177978515625 0.043609619140625
0.227737426757813 -0.131301879882813 0.337860107421875 -0.20892333984375
0.144210815429688 -0.2208251953125 0.432403564453125 -0.458343505859375
0.065093994140625 -0.277618408203125 0.093475341796875 -0.51141357421875
0.0172119140625 -0.184677124023438 -0.245864868164062 -0.228012084960937
0.0439376831054688 0.0185356140136719 -0.324066162109375 0.0325317382812499
-0.0176849365234375 0.218353271484375 -0.122840881347656 0.131095886230469
-0.0832061767578125 0.219894409179687 0.100479125976563 -0.11029052734375
-0.0687713623046875 0.159988403320313 -0.08843994140625 0.156890869140625
-0.01226806640625 0.209991455078125 -0.0177383422851563 -0.134544372558594
0.0153350830078125 0.116767883300781 0.08734130859375 -0.166351318359375
0.0141754150390625 -0.0502738952636719 0.2608642578125 0.111740112304688
-0.0236358642578125 -0.1910400390625 0.264801025390625 0.44970703125
-0.005401611328125 -0.263458251953125 0.02801513671875 0.593017578125
0.119781494140625 -0.185104370117188 -0.216064453125 0.4075927734375
0.2205810546875 -0.0792236328125 -0.114997863769531 0.0925140380859375
0.230087280273437 -0.089996337890625 0.290008544921875 -0.137176513671875
0.173919677734375 -0.159164428710938 0.51190185546875 -0.3648681640625
0.098419189453125 -0.229156494140625 0.239898681640625 -0.512054443359375
0.021759033203125 -0.178329467773438 -0.18597412109375 -0.3060302734375
0.0274181365966797 -0.0193061828613281 -0.36273193359375 -0.04058837890625
-0.0244140625 0.160552978515625 -0.19195556640625 0.117965698242188
-0.079315185546875 0.18634033203125 0.0495758056640625 -0.0671882629394531
-0.0448684692382812 0.101127624511719 -0.113006591796875 0.1890869140625
-0.019378662109375 0.143844604492188 -0.052001953125 -0.143844604492188
-0.0173416137695313 0.099365234375 0.0161590576171875 -0.213729858398438
-9.20295715332036E-05 0.00683832168579102 0.201934814453125 0.05841064453125
-0.0184402465820313 -0.09722900390625 0.2808837890625 0.420562744140625
-0.00331115722656251 -0.177993774414063 0.09161376953125 0.63238525390625
0.0908050537109375 -0.132438659667969 -0.19989013671875 0.482269287109375
0.166885375976563 -0.05511474609375 -0.169876098632812 0.13287353515625
0.18499755859375 -0.047882080078125 0.233612060546875 -0.0868988037109375
0.15472412109375 -0.089996337890625 0.5428466796875 -0.294921875
0.1004638671875 -0.143661499023438 0.33807373046875 -0.499969482421875
0.0245437622070313 -0.123298645019531 -0.131591796875 -0.36181640625
0.0084686279296875 -0.0256919860839844 -0.378021240234375 -0.101165771484375
-0.02899169921875 0.0977325439453125 -0.245086669921875 0.106033325195312
-0.0616455078125 0.126960754394531 0.00508689880371093 -0.0316143035888672
-0.0107755661010742 0.0169134140014648 -0.132492065429688 0.207473754882813
-0.0152397155761719 0.0461044311523438 -0.0711212158203125 -0.1474609375
-0.050689697265625 0.0372238159179688 -0.010040283203125 -0.241073608398438
-0.0275459289550781 0.0370903015136719 0.171157836914063 0.023681640625
-0.0135774612426758 -0.00644874572753906 0.274444580078125 0.40289306640625
0.00946044921875 -0.0702095031738281 0.1044921875 0.6552734375
0.0596733093261719 -0.0517501831054687 -0.201141357421875 0.525299072265625
0.0901260375976563 -0.0223312377929688 -0.20074462890625 0.158782958984375
0.10003662109375 -0.0156326293945312 0.197738647460938 -0.0583038330078125
0.0937271118164063 -0.0289306640625 0.54010009765625 -0.26129150390625
0.0693168640136719 -0.0455055236816406 0.367828369140625 -0.49462890625
0.0212745666503906 -0.0346355438232422 -0.11627197265625 -0.388946533203125
-0.0108957290649414 -0.0027313232421875 -0.387420654296875 -0.13470458984375
-0.0274200439453125 0.0427780151367188 -0.275421142578125 0.09686279296875
-0.039459228515625 0.0531654357910156 -0.025115966796875 -0.0115489959716797
0.029266357421875 -0.0770263671875 -0.14501953125 0.2105712890625
-0.00431060791015625 -0.0628166198730469 -0.0735626220703125 -0.14166259765625
-0.073944091796875 -0.0407638549804687 0.00723266601562499 -0.237350463867187
-0.0520248413085938 0.0521087646484375 0.181381225585938 0.0207366943359375
-0.011322021484375 0.0772552490234375 0.253265380859375 0.400970458984375
0.0186920166015625 0.0418434143066406 0.06451416015625 0.66302490234375
0.0214118957519531 0.0379066467285156 -0.224334716796875 0.5272216796875
0.00111770629882813 0.0153217315673828 -0.198867797851562 0.16607666015625
0.00127029418945312 0.0187568664550781 0.19500732421875 -0.0472412109375
0.019866943359375 0.0328292846679688 0.519317626953125 -0.270538330078125
0.0264892578125 0.061187744140625 0.320587158203125 -0.50347900390625
0.0137367248535156 0.0665435791015625 -0.150909423828125 -0.38433837890625
-0.0275192260742187 0.0306606292724609 -0.393707275390625 -0.131683349609375
-0.0202884674072266 -0.00956344604492187 -0.277816772460938 0.0966339111328125
-0.0119781494140625 -0.0254573822021484 -0.0376739501953125 -0.00450515747070312
0.0645294189453125 -0.164443969726563 -0.147140502929688 0.197311401367188
0.00424194335937499 -0.15557861328125 -0.0568771362304688 -0.127891540527344
-0.0847396850585938 -0.0955657958984375 0.06414794921875 -0.204803466796875
-0.0629348754882812 0.0789108276367188 0.222991943359375 0.0506439208984375
-0.0102996826171875 0.155960083007813 0.2135009765625 0.421356201171875
0.0119400024414063 0.13897705078125 -0.0215454101562499 0.6524658203125
-0.0297317504882813 0.114051818847656 -0.258148193359375 0.49041748046875
-0.0821456909179688 0.0501632690429687 -0.166229248046875 0.153396606445312
-0.0805892944335938 0.0638427734375 0.2225341796875 -0.06268310546875
-0.03082275390625 0.1099853515625 0.468963623046875 -0.326995849609375
0.00273132324218752 0.168670654296875 0.202789306640625 -0.521392822265625
0.0128936767578125 0.15380859375 -0.227386474609375 -0.344696044921875
-0.0371780395507812 0.0495452880859375 -0.391265869140625 -0.094024658203125
-0.0095062255859375 -0.0659065246582031 -0.25079345703125 0.107864379882812
0.01593017578125 -0.100143432617187 -0.0292835235595703 -0.0128746032714844
0.091033935546875 -0.23150634765625 -0.13623046875 0.16943359375
0.00840759277343749 -0.207351684570313 -0.0181503295898437 -0.114334106445313
-0.0792388916015625 -0.102615356445312 0.145538330078125 -0.153656005859375
-0.0579452514648437 0.125190734863281 0.2679443359375 0.106887817382813
-0.0172119140625 0.223892211914063 0.139129638671875 0.4503173828125
-0.0190582275390625 0.203536987304687 -0.143310546875 0.61907958984375
-0.093048095703125 0.159286499023438 -0.289459228515625 0.42071533203125
-0.148040771484375 0.07916259765625 -0.106399536132813 0.123710632324219
-0.128761291503906 0.120437622070313 0.257858276367188 -0.11083984375
-0.0417022705078125 0.195205688476563 0.383087158203125 -0.406524658203125
0.00772094726562503 0.255142211914063 0.04150390625 -0.52593994140625
0.0149993896484375 0.200592041015625 -0.305633544921875 -0.276397705078125
-0.0396499633789063 0.0336761474609375 -0.358489990234375 -0.0336914062499999
0.00109100341796876 -0.129615783691406 -0.194549560546875 0.12213134765625
0.0399169921875 -0.1636962890625 -0.00289154052734374 -0.0357513427734375
0.106231689453125 -0.264007568359375 -0.111846923828125 0.131660461425781
0.0146026611328125 -0.2103271484375 0.044036865234375 -0.100120544433594
-0.0605506896972656 -0.0668678283691406 0.231887817382812 -0.0938568115234375
-0.049163818359375 0.176345825195313 0.283294677734375 0.178741455078125
-0.0406494140625 0.261550903320313 0.0230712890625 0.476104736328125
-0.071990966796875 0.223068237304688 -0.280548095703125 0.55572509765625
-0.156753540039062 0.167572021484375 -0.300689697265625 0.336273193359375
-0.1871337890625 0.09674072265625 -0.0272674560546875 0.080413818359375
-0.139678955078125 0.172393798828125 0.277313232421875 -0.189743041992188
-0.0219268798828125 0.260726928710938 0.261749267578125 -0.492919921875
0.026092529296875 0.296600341796875 -0.1177978515625 -0.50836181640625
0.00892639160156248 0.19293212890625 -0.343719482421875 -0.198455810546875
-0.0390968322753906 -0.0181045532226563 -0.283966064453125 0.03167724609375
0.014190673828125 -0.189773559570312 -0.115875244140625 0.132972717285156
0.0597076416015625 -0.206375122070313 0.0363616943359375 -0.072265625
-0.0765228271484375 0.186965942382813 -0.060089111328125 0.116546630859375
0.000427246093750006 0.228042602539062 0.0410308837890625 -0.121955871582031
0.0342788696289062 0.083221435546875 0.192153930664063 -0.113494873046875
0.00978851318359376 -0.12445068359375 0.319061279296875 0.175537109375
-0.027313232421875 -0.261367797851563 0.2091064453125 0.48394775390625
0.01654052734375 -0.30206298828125 -0.07623291015625 0.5426025390625
0.150421142578125 -0.197982788085937 -0.23638916015625 0.3179931640625
0.24603271484375 -0.0922088623046875 -0.0427055358886719 0.0443458557128906
0.228179931640625 -0.132843017578125 0.338134765625 -0.21185302734375
0.144821166992188 -0.222122192382813 0.434478759765625 -0.463134765625
0.0631103515625 -0.2789306640625 0.09075927734375 -0.516998291015625
0.015045166015625 -0.186904907226563 -0.24969482421875 -0.23052978515625
0.0437278747558594 0.0177803039550781 -0.326873779296875 0.0352783203124999
-0.01666259765625 0.220138549804688 -0.123359680175781 0.132240295410156
-0.08148193359375 0.221176147460938 0.0996246337890625 -0.111137390136719
-0.0688018798828125 0.16168212890625 -0.087615966796875 0.157958984375
-0.0105743408203125 0.211196899414063 -0.0181198120117187 -0.13543701171875
0.0152206420898437 0.117835998535156 0.0876007080078125 -0.168060302734375
0.0142440795898437 -0.0512008666992188 0.264114379882813 0.110931396484375
-0.0252227783203125 -0.191909790039063 0.269561767578125 0.45263671875
-0.006134033203125 -0.2647705078125 0.03131103515625 0.59710693359375
0.11962890625 -0.187545776367187 -0.215240478515625 0.4124755859375
0.222183227539063 -0.081146240234375 -0.115715026855469 0.0943145751953125
0.231475830078125 -0.09051513671875 0.290618896484375 -0.13916015625
0.174362182617188 -0.160507202148438 0.51312255859375 -0.3699951171875
0.097869873046875 -0.231689453125 0.239044189453125 -0.51763916015625
0.0206146240234375 -0.180328369140625 -0.1895751953125 -0.309600830078125
0.0266647338867188 -0.0199012756347656 -0.3656005859375 -0.03985595703125
-0.0242156982421875 0.161666870117188 -0.192245483398438 0.120361328125
-0.0793609619140625 0.188018798828125 0.0492973327636719 -0.0668907165527344
-0.0444869995117188 0.102264404296875 -0.1123046875 0.190444946289063
-0.01806640625 0.145248413085938 -0.0515594482421875 -0.144912719726563
-0.0174636840820313 0.100372314453125 0.0151519775390625 -0.214935302734375
-0.000513553619384765 0.00666332244873047 0.204421997070313 0.0581207275390625
-0.0185012817382812 -0.0986709594726563 0.286346435546875 0.4228515625
-0.00428771972656249 -0.179031372070312 0.0955810546875 0.63592529296875
0.0906143188476562 -0.134170532226563 -0.199554443359375 0.486480712890625
0.167312622070313 -0.0563812255859375 -0.171173095703125 0.135696411132812
0.186325073242188 -0.0496978759765625 0.233322143554688 -0.0890350341796875
0.155487060546875 -0.0904998779296875 0.543121337890625 -0.298187255859375
0.100631713867188 -0.146194458007813 0.3382568359375 -0.50482177734375
0.0243301391601562 -0.124282836914063 -0.134765625 -0.36614990234375
0.00781631469726562 -0.0261821746826172 -0.381256103515625 -0.100830078125
-0.0292587280273438 0.0984344482421875 -0.246017456054688 0.108016967773437
-0.0622329711914062 0.1285400390625 0.00531196594238281 -0.0312881469726562
-0.0113468170166016 0.0180759429931641 -0.1319580078125 0.20916748046875
-0.0142707824707031 0.0466117858886719 -0.0718231201171875 -0.147857666015625
-0.0510215759277344 0.0376091003417969 -0.0116119384765625 -0.242156982421875
-0.0278167724609375 0.0374794006347656 0.17425537109375 0.0232086181640625
-0.0133886337280273 -0.00697708129882812 0.279327392578125 0.404205322265625
0.00859069824218749 -0.0705413818359375 0.10906982421875 0.66009521484375
0.0609283447265625 -0.0527153015136719 -0.20001220703125 0.530975341796875
0.0905685424804688 -0.0225143432617187 -0.202194213867188 0.161056518554688
0.100311279296875 -0.0162811279296875 0.197769165039063 -0.0599212646484375
0.0937423706054688 -0.0300979614257812 0.54364013671875 -0.265594482421875
0.0699729919433594 -0.0468902587890625 0.367767333984375 -0.501617431640625
0.02130126953125 -0.0350189208984375 -0.119049072265625 -0.392974853515625
-0.0114784240722656 -0.00366497039794922 -0.390716552734375 -0.13409423828125
-0.0273399353027344 0.0427360534667969 -0.27667236328125 0.0990753173828125
-0.0401382446289062 0.0534553527832031 -0.0252952575683594 -0.010284423828125
0.0281600952148438 -0.0767059326171875 -0.145187377929688 0.21246337890625
-0.0041351318359375 -0.062652587890625 -0.074127197265625 -0.140899658203125
-0.0747451782226563 -0.0402297973632812 0.00642395019531249 -0.238418579101563
-0.052093505859375 0.0532150268554688 0.183746337890625 0.0208892822265625
-0.0107040405273438 0.0781173706054688 0.2569580078125 0.40283203125
0.0186576843261719 0.0418930053710938 0.0672607421875 0.66766357421875
0.0222740173339844 0.0385704040527344 -0.222808837890625 0.531097412109375
0.00105953216552734 0.0152683258056641 -0.201385498046875 0.168075561523438
0.00178146362304688 0.0181007385253906 0.195724487304688 -0.0484771728515625
0.0205841064453125 0.0329418182373047 0.52093505859375 -0.27587890625
0.0270004272460938 0.0610198974609375 0.322662353515625 -0.5096435546875
0.0146560668945313 0.0670204162597656 -0.15338134765625 -0.388275146484375
-0.0274505615234375 0.0310001373291016 -0.3975830078125 -0.1314697265625
-0.0210895538330078 -0.00932693481445312 -0.280014038085938 0.09918212890625
-0.0124912261962891 -0.0252723693847656 -0.0379180908203125 -0.0035400390625
0.06414794921875 -0.165695190429687 -0.146728515625 0.198837280273438
0.00361633300781249 -0.155990600585938 -0.057952880859375 -0.129058837890625
-0.08636474609375 -0.0955352783203125 0.0633544921875 -0.206008911132813
-0.0626220703125 0.0798263549804687 0.226058959960938 0.0509490966796875
-0.00929260253906249 0.157150268554688 0.217041015625 0.4227294921875
0.0128936767578125 0.139579772949219 -0.0172119140625 0.65673828125
-0.0292587280273438 0.115226745605469 -0.2581787109375 0.49420166015625
-0.0835800170898437 0.0507354736328125 -0.16796875 0.154983520507813
-0.081573486328125 0.0642471313476563 0.2237548828125 -0.0644378662109375
-0.0309982299804687 0.110427856445313 0.469757080078125 -0.33026123046875
0.00428771972656249 0.16925048828125 0.2030029296875 -0.527496337890625
0.0131378173828125 0.154830932617188 -0.230987548828125 -0.347412109375
-0.03680419921875 0.0508308410644531 -0.39471435546875 -0.0934448242187499
-0.00994110107421874 -0.0664329528808594 -0.251663208007812 0.110107421875
0.0159378051757813 -0.100151062011719 -0.0290660858154297 -0.0124168395996094
0.0905609130859375 -0.232864379882813 -0.135574340820313 0.170501708984375
0.0081939697265625 -0.2080078125 -0.01800537109375 -0.114265441894531
-0.0806121826171875 -0.102088928222656 0.146484375 -0.155670166015625
-0.0569229125976562 0.12591552734375 0.270401000976563 0.106964111328125
-0.0160675048828125 0.224655151367188 0.143463134765625 0.453125
-0.0184478759765625 0.205535888671875 -0.14068603515625 0.6243896484375
-0.093109130859375 0.160736083984375 -0.290069580078125 0.4248046875
-0.14910888671875 0.0799102783203125 -0.106895446777344 0.125152587890625
-0.12945556640625 0.121482849121094 0.259109497070313 -0.111923217773437
-0.041473388671875 0.196792602539063 0.383270263671875 -0.411590576171875
0.010467529296875 0.257339477539063 0.038818359375 -0.53045654296875
0.0178375244140625 0.201324462890625 -0.309600830078125 -0.279022216796875
-0.0390052795410156 0.0353317260742187 -0.36163330078125 -0.033172607421875
0.000648498535156264 -0.129364013671875 -0.194290161132813 0.124221801757812
0.0397796630859375 -0.16339111328125 -0.00287437438964843 -0.0348434448242188
0.103805541992187 -0.265914916992188 -0.111526489257812 0.132804870605469
0.0134735107421875 -0.210357666015625 0.0430984497070313 -0.101043701171875
-0.0609169006347656 -0.0662765502929688 0.233230590820313 -0.095550537109375
-0.0482635498046875 0.178314208984375 0.28619384765625 0.17974853515625
-0.0384674072265625 0.264129638671875 0.026123046875 0.479248046875
-0.069793701171875 0.22515869140625 -0.28009033203125 0.561065673828125
-0.1573486328125 0.169662475585938 -0.30120849609375 0.339874267578125
-0.187713623046875 0.0972442626953125 -0.0278701782226563 0.081268310546875
-0.139572143554688 0.174484252929688 0.278854370117188 -0.1925048828125
-0.02117919921875 0.262481689453125 0.261932373046875 -0.497772216796875
0.028350830078125 0.29852294921875 -0.122650146484375 -0.51348876953125
0.0115203857421875 0.194488525390625 -0.3472900390625 -0.199127197265625
-0.0385589599609375 -0.0170516967773438 -0.285888671875 0.0327148437499999
0.0131072998046875 -0.190887451171875 -0.11663818359375 0.134574890136719
0.05902099609375 -0.208145141601563 0.0362472534179688 -0.072113037109375
-0.074798583984375 0.189437866210938 -0.0597457885742187 0.116790771484375
0.00283813476562499 0.228988647460938 0.0409622192382812 -0.123382568359375
0.0340194702148437 0.083404541015625 0.192520141601563 -0.114364624023438
0.00812530517578124 -0.12646484375 0.323486328125 0.175506591796875
-0.029205322265625 -0.26397705078125 0.21319580078125 0.487030029296875
0.014190673828125 -0.304412841796875 -0.0757141113281251 0.54644775390625
0.150848388671875 -0.199981689453125 -0.23638916015625 0.32269287109375
0.24749755859375 -0.093597412109375 -0.0433082580566406 0.0457992553710937
0.230224609375 -0.134567260742188 0.339813232421875 -0.215667724609375
0.143905639648438 -0.22454833984375 0.433349609375 -0.470428466796875
0.060821533203125 -0.281707763671875 0.08831787109375 -0.5230712890625
0.0144805908203125 -0.187973022460938 -0.252716064453125 -0.232391357421875
0.0443077087402344 0.0179595947265625 -0.32965087890625 0.036529541015625
-0.0153045654296875 0.2215576171875 -0.123291015625 0.1353759765625
-0.0807342529296875 0.223953247070313 0.0994949340820313 -0.111625671386719
-0.0680694580078125 0.1632080078125 -0.0872650146484375 0.159271240234375
-0.0086669921875 0.212448120117188 -0.0185089111328125 -0.13677978515625
0.016021728515625 0.11865234375 0.0868072509765625 -0.169784545898438
0.0130233764648438 -0.0522804260253906 0.26763916015625 0.1107177734375
-0.0270233154296875 -0.192794799804688 0.27581787109375 0.453857421875
-0.00790405273437501 -0.266921997070313 0.03472900390625 0.6016845703125
0.119476318359375 -0.188858032226562 -0.21484375 0.41717529296875
0.223297119140625 -0.0820465087890625 -0.116714477539063 0.0962677001953125
0.23284912109375 -0.0931549072265625 0.291351318359375 -0.142333984375
0.174453735351563 -0.162460327148438 0.5137939453125 -0.376861572265625
0.0966949462890625 -0.234283447265625 0.23834228515625 -0.524566650390625
0.019287109375 -0.181594848632813 -0.193206787109375 -0.31219482421875
0.0262889862060547 -0.0207786560058594 -0.369384765625 -0.038116455078125
-0.0226898193359375 0.162521362304688 -0.192703247070313 0.122604370117188
-0.0782012939453125 0.190261840820313 0.0489768981933594 -0.06707763671875
-0.0436248779296875 0.102890014648438 -0.110977172851562 0.191329956054688
-0.01629638671875 0.146194458007813 -0.0532684326171875 -0.145462036132813
-0.0179290771484375 0.101646423339844 0.014190673828125 -0.216995239257813
-0.00153303146362305 0.00642728805541992 0.207733154296875 0.0572509765625
-0.0201644897460938 -0.0989456176757813 0.292205810546875 0.423553466796875
-0.00517272949218751 -0.179946899414063 0.0999755859375 0.64007568359375
0.0907058715820313 -0.135749816894531 -0.197723388671875 0.49163818359375
0.168212890625 -0.0572662353515625 -0.172683715820313 0.137527465820313
0.186996459960938 -0.0506134033203125 0.233840942382812 -0.0909423828125
0.156097412109375 -0.0916748046875 0.54541015625 -0.3040771484375
0.099639892578125 -0.146987915039063 0.337493896484375 -0.513519287109375
0.023345947265625 -0.125900268554688 -0.137847900390625 -0.368438720703125
0.00792121887207032 -0.0270786285400391 -0.386016845703125 -0.099853515625
-0.0288314819335937 0.0989303588867188 -0.247344970703125 0.110321044921875
-0.06121826171875 0.130104064941406 0.00499916076660156 -0.0311336517333984
-0.0110797882080078 0.0174407958984375 -0.13092041015625 0.21160888671875
-0.0138320922851563 0.0478477478027344 -0.07373046875 -0.14801025390625
-0.0508155822753906 0.0388717651367188 -0.0128021240234375 -0.243621826171875
-0.027252197265625 0.0374755859375 0.176727294921875 0.0234832763671875
-0.0139131546020508 -0.00703144073486328 0.284210205078125 0.405426025390625
0.00875854492187499 -0.070892333984375 0.1142578125 0.6641845703125
0.0609283447265625 -0.0534324645996094 -0.197906494140625 0.535614013671875
0.090606689453125 -0.0234756469726563 -0.203048706054688 0.163848876953125
0.101127624511719 -0.0169525146484375 0.198211669921875 -0.06146240234375
0.0936737060546875 -0.0304946899414062 0.544769287109375 -0.2708740234375
0.0695075988769531 -0.0473747253417969 0.367401123046875 -0.509521484375
0.0213088989257813 -0.0355339050292969 -0.1217041015625 -0.397491455078125
-0.0117664337158203 -0.00248527526855469 -0.3951416015625 -0.1341552734375
-0.0272445678710938 0.0433769226074219 -0.277435302734375 0.100677490234375
-0.0397834777832031 0.0545272827148438 -0.0252914428710938 -0.00970077514648437
0.0274658203125 -0.077606201171875 -0.14373779296875 0.213973999023438
-0.00374221801757812 -0.0627593994140625 -0.0755462646484375 -0.14202880859375
-0.076324462890625 -0.0402145385742187 0.00567626953125002 -0.240142822265625
-0.0514450073242188 0.0537376403808594 0.18597412109375 0.020263671875
-0.009429931640625 0.078399658203125 0.263275146484375 0.40606689453125
0.0193519592285156 0.0425682067871094 0.0740966796875 0.67254638671875
0.0232887268066406 0.0377616882324219 -0.2215576171875 0.53509521484375
0.000513076782226564 0.0154924392700195 -0.20269775390625 0.169998168945312
0.00114727020263672 0.0174436569213867 0.196075439453125 -0.050079345703125
0.0196475982666016 0.0333118438720703 0.522705078125 -0.280670166015625
0.0281333923339844 0.0617218017578125 0.3199462890625 -0.5159912109375
0.0151138305664063 0.0676498413085938 -0.1571044921875 -0.39227294921875
-0.0277576446533203 0.0312213897705078 -0.40252685546875 -0.1309814453125
-0.0213718414306641 -0.00904655456542969 -0.281402587890625 0.101776123046875
-0.0120906829833984 -0.0244903564453125 -0.0379905700683594 -0.00302505493164063
0.06329345703125 -0.166259765625 -0.146316528320313 0.201141357421875
0.00354003906249999 -0.155899047851563 -0.058441162109375 -0.128990173339844
-0.0879287719726563 -0.0944061279296875 0.063323974609375 -0.208084106445313
-0.0621109008789062 0.0808258056640625 0.22882080078125 0.0501251220703125
-0.00759887695312501 0.157608032226563 0.222869873046875 0.42535400390625
0.0137481689453125 0.140380859375 -0.01263427734375 0.663818359375
-0.028411865234375 0.115936279296875 -0.25604248046875 0.500213623046875
-0.0835647583007812 0.0511016845703125 -0.168304443359375 0.156982421875
-0.0822525024414063 0.0636749267578125 0.224456787109375 -0.06561279296875
-0.0311355590820312 0.111862182617187 0.471771240234375 -0.336212158203125
0.00514221191406251 0.170562744140625 0.200408935546875 -0.532379150390625
0.0158843994140625 0.155532836914063 -0.2340087890625 -0.3504638671875
-0.0362815856933594 0.05120849609375 -0.39935302734375 -0.09259033203125
-0.0120658874511719 -0.0665473937988281 -0.253570556640625 0.111984252929687
0.014923095703125 -0.100318908691406 -0.0294265747070313 -0.0107975006103516
0.0888824462890625 -0.234664916992188 -0.1353759765625 0.172225952148437
0.00637817382812498 -0.207901000976563 -0.0176315307617188 -0.115242004394531
-0.0825042724609375 -0.101829528808594 0.147232055664062 -0.157745361328125
-0.0553817749023438 0.127838134765625 0.2744140625 0.106399536132813
-0.013427734375 0.226806640625 0.147003173828125 0.45745849609375
-0.0169830322265625 0.2064208984375 -0.1373291015625 0.63079833984375
-0.0932464599609375 0.163101196289063 -0.28973388671875 0.4310302734375
-0.150833129882813 0.080291748046875 -0.106895446777344 0.126510620117188
-0.130226135253906 0.123130798339844 0.25970458984375 -0.114547729492188
-0.040985107421875 0.198898315429688 0.38226318359375 -0.41717529296875
0.0124664306640625 0.259857177734375 0.0357666015625 -0.5361328125
0.019561767578125 0.202957153320313 -0.31341552734375 -0.27935791015625
-0.03924560546875 0.0356292724609375 -0.365478515625 -0.031219482421875
-0.000160217285156259 -0.129798889160156 -0.195144653320313 0.126510620117188
0.0383453369140625 -0.165008544921875 -0.00277900695800781 -0.0341510772705078
0.10357666015625 -0.268035888671875 -0.111557006835938 0.133720397949219
0.012847900390625 -0.210098266601562 0.0438308715820313 -0.102249145507813
-0.0616302490234375 -0.0647048950195313 0.234466552734375 -0.0966949462890625
-0.0467987060546875 0.180023193359375 0.290008544921875 0.180328369140625
-0.0368194580078125 0.2666015625 0.02886962890625 0.48480224609375
-0.0705413818359375 0.2266845703125 -0.278564453125 0.56842041015625
-0.157012939453125 0.171188354492188 -0.30035400390625 0.3441162109375
-0.189849853515625 0.0977783203125 -0.0275955200195313 0.0828704833984375
-0.139984130859375 0.17559814453125 0.279891967773438 -0.195846557617188
-0.0194549560546875 0.264556884765625 0.260467529296875 -0.502838134765625
0.031341552734375 0.300048828125 -0.125579833984375 -0.516510009765625
0.0137176513671875 0.195693969726563 -0.3514404296875 -0.19879150390625
-0.0386543273925781 -0.0171241760253906 -0.288299560546875 0.034332275390625
0.011566162109375 -0.191162109375 -0.117088317871094 0.136985778808594
0.0582427978515625 -0.20849609375 0.0365447998046875 -0.0712203979492188
-0.074249267578125 0.191085815429687 -0.05914306640625 0.117546081542969
0.00506591796874998 0.230438232421875 0.0409622192382812 -0.125579833984375
0.0344619750976562 0.08404541015625 0.193359375 -0.116500854492187
0.00648498535156249 -0.127983093261719 0.328887939453125 0.175018310546875
-0.0324554443359375 -0.26556396484375 0.2200927734375 0.490386962890625
0.01220703125 -0.306396484375 -0.07269287109375 0.55218505859375
0.15093994140625 -0.202926635742188 -0.2359619140625 0.327667236328125
0.248992919921875 -0.0955047607421875 -0.0433464050292969 0.0470809936523437
0.230392456054688 -0.137603759765625 0.34027099609375 -0.2197265625
0.143661499023438 -0.22711181640625 0.43365478515625 -0.477203369140625
0.060089111328125 -0.284942626953125 0.08624267578125 -0.528564453125
0.0127105712890625 -0.19000244140625 -0.2574462890625 -0.232757568359375
0.0438079833984375 0.0165977478027344 -0.332916259765625 0.03936767578125
-0.013031005859375 0.22259521484375 -0.122222900390625 0.136863708496094
-0.08001708984375 0.22637939453125 0.0991287231445312 -0.11273193359375
-0.067413330078125 0.165573120117188 -0.0865936279296875 0.161056518554688
-0.00650024414062499 0.214080810546875 -0.0195159912109375 -0.137771606445313
0.0163650512695313 0.119674682617187 0.08673095703125 -0.17120361328125
0.0125198364257813 -0.0532035827636719 0.271896362304688 0.110061645507812
-0.0286102294921875 -0.194854736328125 0.28173828125 0.45721435546875
-0.00990295410156248 -0.268707275390625 0.03997802734375 0.60601806640625
0.120208740234375 -0.191329956054688 -0.21453857421875 0.422576904296875
0.224044799804687 -0.084228515625 -0.116928100585938 0.0985946655273437
0.2337646484375 -0.0955963134765625 0.291534423828125 -0.146697998046875
0.175369262695313 -0.163909912109375 0.51544189453125 -0.383087158203125
0.09613037109375 -0.236465454101562 0.237396240234375 -0.53228759765625
0.017669677734375 -0.183822631835938 -0.197418212890625 -0.315338134765625
0.0260543823242187 -0.0212421417236328 -0.372772216796875 -0.03631591796875
-0.0216522216796875 0.163818359375 -0.193466186523438 0.124847412109375
-0.0774688720703125 0.192031860351563 0.0486793518066406 -0.0675888061523437
-0.0436782836914063 0.105049133300781 -0.110488891601562 0.192733764648438
-0.01470947265625 0.147994995117188 -0.0540618896484375 -0.14630126953125
-0.0172348022460938 0.102760314941406 0.0124664306640625 -0.21856689453125
-0.000994682312011719 0.0059971809387207 0.211074829101563 0.0570831298828125
-0.0212173461914063 -0.0998382568359375 0.29779052734375 0.426422119140625
-0.00683593749999999 -0.180572509765625 0.1068115234375 0.64410400390625
0.0907211303710938 -0.138099670410156 -0.195404052734375 0.498443603515625
0.169265747070313 -0.0584564208984375 -0.1734619140625 0.139801025390625
0.188156127929688 -0.0528411865234375 0.234603881835937 -0.0929718017578125
0.156997680664063 -0.093048095703125 0.546966552734375 -0.310546875
0.0997314453125 -0.14971923828125 0.337921142578125 -0.521484375
0.0230255126953125 -0.127410888671875 -0.1422119140625 -0.3726806640625
0.00712966918945312 -0.0275592803955078 -0.39068603515625 -0.09796142578125
-0.0286865234375 0.099517822265625 -0.24920654296875 0.112503051757812
-0.0613632202148438 0.130500793457031 0.00465774536132812 -0.0309772491455078
-0.0112247467041016 0.0183963775634766 -0.130203247070312 0.21435546875
-0.0124893188476563 0.0487823486328125 -0.07501220703125 -0.14874267578125
-0.05181884765625 0.0402450561523437 -0.014984130859375 -0.245147705078125
-0.027099609375 0.0375404357910156 0.179534912109375 0.022613525390625
-0.0131492614746094 -0.00666046142578125 0.290618896484375 0.4072265625
0.008056640625 -0.0713577270507813 0.12030029296875 0.6685791015625
0.0602340698242188 -0.0543136596679688 -0.19561767578125 0.540863037109375
0.0909576416015625 -0.0244369506835938 -0.204345703125 0.166763305664063
0.10150146484375 -0.0179672241210938 0.198867797851563 -0.0631866455078125
0.094268798828125 -0.0311355590820312 0.5465087890625 -0.27655029296875
0.0699234008789063 -0.0482864379882812 0.367279052734375 -0.516632080078125
0.0214729309082031 -0.0361557006835938 -0.126251220703125 -0.401824951171875
-0.0123271942138672 -0.00283527374267578 -0.39971923828125 -0.13250732421875
-0.0279464721679687 0.0434684753417969 -0.279678344726563 0.104110717773437
-0.040252685546875 0.0560569763183594 -0.0259971618652344 -0.00894927978515624
0.0272445678710937 -0.0776138305664063 -0.143295288085938 0.216629028320313
-0.00362014770507813 -0.0626220703125 -0.07672119140625 -0.142776489257813
-0.07659912109375 -0.0381698608398438 0.00357055664062498 -0.241867065429688
-0.0512619018554688 0.0548782348632813 0.189804077148438 0.0202178955078125
-0.00908660888671875 0.078948974609375 0.268341064453125 0.40692138671875
0.0200004577636719 0.0424461364746094 0.08056640625 0.6781005859375
0.0231361389160156 0.0382537841796875 -0.2191162109375 0.54193115234375
0.000397682189941407 0.0150985717773438 -0.2034912109375 0.17340087890625
0.00145149230957031 0.017578125 0.196640014648438 -0.05181884765625
0.0197353363037109 0.0331344604492188 0.52447509765625 -0.287689208984375
0.0284690856933594 0.0616912841796875 0.3204345703125 -0.523590087890625
0.0166282653808594 0.0674896240234375 -0.161224365234375 -0.395843505859375
-0.0272216796875 0.0321178436279297 -0.4075927734375 -0.129730224609375
-0.0214309692382813 -0.00855255126953125 -0.282012939453125 0.105194091796875
-0.0129222869873047 -0.0238685607910156 -0.0386734008789063 -0.00131988525390626
0.0626678466796875 -0.168548583984375 -0.145492553710938 0.203475952148437
0.00292968749999999 -0.155410766601563 -0.0600814819335937 -0.129554748535156
-0.0888519287109375 -0.0939712524414063 0.0627899169921875 -0.21075439453125
-0.06072998046875 0.0824508666992188 0.231704711914062 0.050018310546875
-0.00631713867187501 0.15948486328125 0.22808837890625 0.427978515625
0.0147705078125 0.142044067382813 -0.00805664062499996 0.66845703125
-0.0277938842773437 0.116500854492188 -0.254791259765625 0.5057373046875
-0.0844802856445313 0.0516128540039062 -0.1702880859375 0.160079956054687
-0.0827102661132812 0.0653457641601563 0.225479125976562 -0.067657470703125
-0.03106689453125 0.112678527832031 0.473175048828125 -0.341064453125
0.0066986083984375 0.171585083007812 0.197967529296875 -0.540618896484375
0.0171356201171875 0.1568603515625 -0.238983154296875 -0.35308837890625
-0.0361251831054687 0.0520248413085938 -0.403717041015625 -0.090667724609375
-0.0119247436523438 -0.0665512084960938 -0.254928588867188 0.115509033203125
0.0141448974609375 -0.100067138671875 -0.0294609069824219 -0.00958442687988282
0.0879669189453125 -0.236038208007812 -0.135116577148437 0.17431640625
0.00634765624999999 -0.208343505859375 -0.0190505981445313 -0.115142822265625
-0.0830459594726563 -0.100372314453125 0.1470947265625 -0.158660888671875
-0.0545425415039063 0.130531311035156 0.27801513671875 0.106521606445313
-0.0113983154296875 0.228744506835937 0.151885986328125 0.459808349609375
-0.016143798828125 0.208450317382813 -0.13348388671875 0.636962890625
-0.092559814453125 0.163818359375 -0.2886962890625 0.43560791015625
-0.1514892578125 0.0809478759765625 -0.108047485351563 0.12835693359375
-0.130950927734375 0.12451171875 0.260833740234375 -0.117431640625
-0.0399017333984375 0.199905395507813 0.382537841796875 -0.4229736328125
0.0150146484375 0.261215209960938 0.03228759765625 -0.540557861328125
0.022430419921875 0.205169677734375 -0.31805419921875 -0.28094482421875
-0.0388755798339844 0.0366020202636719 -0.36968994140625 -0.0294189453124999
-0.00161743164062501 -0.131134033203125 -0.19696044921875 0.129165649414063
0.037139892578125 -0.165603637695313 -0.00294303894042969 -0.0332527160644531
0.101577758789063 -0.269912719726562 -0.111564636230469 0.135391235351562
0.01226806640625 -0.210830688476562 0.0434646606445313 -0.102622985839844
-0.0626716613769531 -0.0639724731445313 0.235702514648438 -0.0996551513671875
-0.0450592041015625 0.183090209960938 0.2943115234375 0.180694580078125
-0.0341949462890625 0.269439697265625 0.031951904296875 0.4893798828125
-0.069915771484375 0.229156494140625 -0.27484130859375 0.573486328125
-0.158416748046875 0.173385620117187 -0.300445556640625 0.34857177734375
-0.19146728515625 0.10028076171875 -0.027008056640625 0.083892822265625
-0.140106201171875 0.177139282226563 0.2808837890625 -0.1982421875
-0.017730712890625 0.265670776367188 0.25762939453125 -0.5087890625
0.033905029296875 0.301971435546875 -0.1309814453125 -0.521026611328125
0.0159149169921875 0.19683837890625 -0.35797119140625 -0.199127197265625
-0.0384902954101562 -0.0154380798339844 -0.29156494140625 0.0365905761718749
0.010345458984375 -0.192352294921875 -0.117652893066406 0.140144348144531
0.0576019287109375 -0.209457397460938 0.0369033813476563 -0.0712356567382813
-0.0728302001953125 0.193344116210938 -0.0585479736328125 0.1177978515625
0.00791931152343752 0.2315673828125 0.0403060913085938 -0.127326965332031
0.035125732421875 0.0845947265625 0.19390869140625 -0.119430541992188
0.00423431396484375 -0.129142761230469 0.3349609375 0.1727294921875
-0.035064697265625 -0.267623901367187 0.225830078125 0.492706298828125
0.00930786132812497 -0.308380126953125 -0.06890869140625 0.556182861328125
0.150421142578125 -0.206710815429688 -0.235870361328125 0.332122802734375
0.250335693359375 -0.0979156494140625 -0.04388427734375 0.0484504699707031
0.23211669921875 -0.140533447265625 0.340576171875 -0.224609375
0.1427001953125 -0.22906494140625 0.433868408203125 -0.485443115234375
0.056732177734375 -0.288330078125 0.080780029296875 -0.533905029296875
0.0099945068359375 -0.191360473632813 -0.261505126953125 -0.23443603515625
0.0439262390136719 0.0154800415039063 -0.334991455078125 0.042510986328125
-0.0113983154296875 0.2239990234375 -0.122039794921875 0.138359069824219
-0.0774688720703125 0.228500366210937 0.0989608764648437 -0.113677978515625
-0.0654449462890625 0.1668701171875 -0.0847625732421875 0.162673950195313
-0.00329589843750001 0.215408325195312 -0.0202560424804687 -0.139152526855469
0.017364501953125 0.12054443359375 0.086578369140625 -0.173538208007813
0.010894775390625 -0.0541229248046875 0.276596069335937 0.108596801757812
-0.031280517578125 -0.196365356445313 0.287994384765625 0.458282470703125
-0.012237548828125 -0.270431518554688 0.0438232421875 0.6103515625
0.119125366210938 -0.194580078125 -0.21356201171875 0.4278564453125
0.225692749023438 -0.0865020751953125 -0.117218017578125 0.101081848144531
0.235260009765625 -0.0977783203125 0.292449951171875 -0.14923095703125
0.174911499023438 -0.1666259765625 0.516448974609375 -0.390716552734375
0.09417724609375 -0.239013671875 0.23345947265625 -0.5386962890625
0.0158233642578125 -0.18585205078125 -0.201751708984375 -0.31744384765625
0.0258369445800781 -0.0221099853515625 -0.37701416015625 -0.0340270996093751
-0.0204925537109375 0.16497802734375 -0.193130493164063 0.127243041992188
-0.0758514404296875 0.1934814453125 0.0484695434570312 -0.0678176879882812
-0.0429306030273437 0.106483459472656 -0.109146118164063 0.195632934570313
-0.0126800537109375 0.14862060546875 -0.056182861328125 -0.1475830078125
-0.016510009765625 0.103874206542969 0.01104736328125 -0.219833374023438
-0.00168895721435547 0.0058746337890625 0.214630126953125 0.055511474609375
-0.0218124389648438 -0.100837707519531 0.305023193359375 0.42755126953125
-0.008087158203125 -0.182159423828125 0.11273193359375 0.64862060546875
0.0904769897460937 -0.139808654785156 -0.19281005859375 0.504241943359375
0.170150756835937 -0.060272216796875 -0.173904418945313 0.143539428710937
0.188735961914063 -0.054779052734375 0.23431396484375 -0.096160888671875
0.156448364257813 -0.095306396484375 0.547332763671875 -0.31817626953125
0.098724365234375 -0.1512451171875 0.335693359375 -0.528228759765625
0.0217208862304688 -0.128936767578125 -0.147308349609375 -0.375885009765625
0.00619316101074219 -0.0284252166748047 -0.394256591796875 -0.0964660644531249
-0.0272598266601563 0.101066589355469 -0.249038696289063 0.1162109375
-0.060455322265625 0.132835388183594 0.00493621826171875 -0.0303859710693359
-0.0114326477050781 0.0189990997314453 -0.1278076171875 0.21673583984375
-0.0112686157226563 0.0489845275878906 -0.0760650634765625 -0.149566650390625
-0.0525856018066406 0.0408287048339844 -0.0173492431640625 -0.2464599609375
-0.0271797180175781 0.0377731323242188 0.1824951171875 0.021636962890625
-0.013789176940918 -0.00750350952148438 0.29736328125 0.40740966796875
0.00740814208984374 -0.0721664428710938 0.12677001953125 0.67254638671875
0.0608558654785156 -0.0556488037109375 -0.19268798828125 0.547698974609375
0.0904159545898438 -0.0254898071289063 -0.20489501953125 0.17034912109375
0.102294921875 -0.0191574096679688 0.198822021484375 -0.0657958984375
0.0945816040039063 -0.0325546264648438 0.548065185546875 -0.286041259765625
0.0701255798339844 -0.0492172241210938 0.36444091796875 -0.524444580078125
0.0211372375488281 -0.0367393493652344 -0.130462646484375 -0.4051513671875
-0.0128641128540039 -0.003143310546875 -0.40423583984375 -0.131011962890625
-0.0275344848632813 0.0447921752929688 -0.280120849609375 0.106674194335938
-0.0392570495605469 0.0570335388183594 -0.0255908966064453 -0.00828742980957031
0.025848388671875 -0.0786361694335937 -0.142181396484375 0.219192504882813
-0.00421142578125 -0.0620040893554687 -0.0781707763671875 -0.14215087890625
-0.0777511596679688 -0.0375823974609375 0.00218200683593747 -0.243942260742188
-0.0508804321289063 0.0551795959472656 0.191696166992188 0.018218994140625
-0.00780487060546875 0.0793685913085937 0.274993896484375 0.408538818359375
0.0207672119140625 0.0431709289550781 0.08734130859375 0.6805419921875
0.0241317749023438 0.03802490234375 -0.217376708984375 0.5489501953125
0.000859260559082031 0.0138339996337891 -0.20440673828125 0.177322387695313
0.00127220153808594 0.01800537109375 0.196609497070313 -0.054290771484375
0.0200691223144531 0.0340023040771484 0.524749755859375 -0.293487548828125
0.0294342041015625 0.0614547729492188 0.318389892578125 -0.53094482421875
0.0171470642089844 0.06787109375 -0.166229248046875 -0.39862060546875
-0.0272846221923828 0.0328941345214844 -0.41241455078125 -0.12884521484375
-0.0217533111572266 -0.00888252258300781 -0.283843994140625 0.10809326171875
-0.0126667022705078 -0.0244331359863281 -0.0381278991699219 -0.000911712646484371
0.0611572265625 -0.169815063476563 -0.143997192382813 0.20550537109375
0.00199890136718749 -0.156539916992188 -0.06048583984375 -0.129684448242188
-0.0904159545898438 -0.0929336547851562 0.06243896484375 -0.212127685546875
-0.0602569580078125 0.0834579467773438 0.235061645507813 0.048614501953125
-0.00442504882812499 0.160720825195312 0.234588623046875 0.4278564453125
0.0166778564453125 0.142837524414063 -0.00146484374999993 0.67462158203125
-0.0265274047851562 0.117759704589844 -0.252838134765625 0.5115966796875
-0.0848617553710938 0.0522537231445313 -0.171173095703125 0.163070678710937
-0.0827484130859375 0.0657882690429688 0.225814819335938 -0.069976806640625
-0.029052734375 0.113250732421875 0.471527099609375 -0.349151611328125
0.00843811035156251 0.172805786132813 0.195953369140625 -0.548492431640625
0.0197296142578125 0.157333374023438 -0.244354248046875 -0.355255126953125
-0.0358161926269531 0.053375244140625 -0.408355712890625 -0.089447021484375
-0.0123100280761719 -0.0660781860351563 -0.25567626953125 0.118896484375
0.0136566162109375 -0.100822448730469 -0.0301609039306641 -0.00882720947265626
0.0859527587890625 -0.238388061523438 -0.13348388671875 0.17645263671875
0.00523376464843752 -0.208770751953125 -0.019989013671875 -0.115882873535156
-0.0847854614257812 -0.100425720214844 0.147491455078125 -0.161666870117188
-0.0527801513671875 0.1319580078125 0.282012939453125 0.105560302734375
-0.00848388671875 0.230575561523437 0.1578369140625 0.462738037109375
-0.014007568359375 0.211044311523438 -0.12823486328125 0.64239501953125
-0.0919952392578125 0.165924072265625 -0.287445068359375 0.441986083984375
-0.153152465820313 0.08197021484375 -0.107887268066406 0.130027770996094
-0.131546020507813 0.125473022460938 0.26226806640625 -0.119888305664062
-0.0384674072265625 0.202117919921875 0.38140869140625 -0.429351806640625
0.0175628662109375 0.262130737304688 0.0272216796875 -0.546722412109375
0.0254974365234375 0.206436157226562 -0.323822021484375 -0.281768798828125
-0.0380744934082031 0.0372543334960938 -0.37347412109375 -0.0274353027343751
-0.00269317626953126 -0.131500244140625 -0.196884155273438 0.132400512695313
0.035888671875 -0.165939331054688 -0.00320053100585937 -0.0326633453369141
0.0998382568359375 -0.272933959960938 -0.110549926757812 0.137794494628906
0.0116119384765625 -0.211578369140625 0.04278564453125 -0.102912902832031
-0.0638313293457031 -0.0630302429199219 0.237274169921875 -0.101287841796875
-0.0426483154296875 0.184738159179688 0.2989501953125 0.1800537109375
-0.0311737060546875 0.271209716796875 0.03857421875 0.49188232421875
-0.0682525634765625 0.232101440429688 -0.2716064453125 0.5814208984375
-0.156936645507813 0.175933837890625 -0.2994384765625 0.35498046875
-0.192703247070313 0.101272583007812 -0.0270233154296875 0.0850982666015625
-0.139984130859375 0.179306030273438 0.2823486328125 -0.20269775390625
-0.0151519775390625 0.268020629882813 0.25482177734375 -0.515411376953125
0.038360595703125 0.303741455078125 -0.139312744140625 -0.52471923828125
0.0194244384765625 0.198699951171875 -0.362457275390625 -0.198333740234375
-0.0385360717773438 -0.0152206420898437 -0.294891357421875 0.0386657714843749
0.00823974609375001 -0.193084716796875 -0.11688232421875 0.142074584960938
0.0560302734375 -0.211593627929688 0.0352630615234375 -0.0710983276367188
-0.0713348388671875 0.1953125 -0.056304931640625 0.119598388671875
0.011810302734375 0.232162475585937 0.0394668579101563 -0.129035949707031
0.0365447998046875 0.0842514038085938 0.194290161132813 -0.122085571289063
0.00242614746093751 -0.131271362304688 0.339996337890625 0.170562744140625
-0.0394287109375 -0.268402099609375 0.233978271484375 0.49530029296875
0.005523681640625 -0.31103515625 -0.0644226074218749 0.560211181640625
0.149703979492187 -0.209457397460938 -0.2344970703125 0.33782958984375
0.251708984375 -0.1015625 -0.0433502197265625 0.050079345703125
0.231277465820312 -0.144256591796875 0.3399658203125 -0.229461669921875
0.1419677734375 -0.231704711914063 0.430755615234375 -0.49346923828125
0.05401611328125 -0.29083251953125 0.076324462890625 -0.5411376953125
0.00721740722656252 -0.194473266601563 -0.26800537109375 -0.233917236328125
0.0439338684082031 0.0147781372070312 -0.33807373046875 0.045745849609375
-0.00817871093750001 0.225234985351562 -0.121475219726563 0.142166137695313
-0.075836181640625 0.231124877929688 0.0984344482421875 -0.114646911621094
-0.064483642578125 0.169509887695313 -0.0830841064453125 0.16448974609375
-0.000854492187499977 0.215408325195313 -0.0213623046875 -0.1405029296875
0.0181045532226563 0.121543884277344 0.08489990234375 -0.175796508789063
0.009124755859375 -0.0556907653808594 0.281280517578125 0.1068115234375
-0.03448486328125 -0.197494506835938 0.296783447265625 0.45953369140625
-0.01519775390625 -0.271438598632813 0.0521240234375 0.61444091796875
0.117950439453125 -0.19677734375 -0.209381103515625 0.434600830078125
0.22650146484375 -0.0889892578125 -0.117156982421875 0.103073120117187
0.235458374023438 -0.101181030273437 0.291107177734375 -0.1533203125
0.175247192382813 -0.1693115234375 0.515350341796875 -0.39971923828125
0.0912628173828125 -0.241424560546875 0.23016357421875 -0.54852294921875
0.0133819580078125 -0.187408447265625 -0.20703125 -0.31951904296875
0.0252304077148438 -0.0230369567871094 -0.38067626953125 -0.0301208496093749
-0.0187835693359375 0.166091918945313 -0.19329833984375 0.130767822265625
-0.07403564453125 0.196578979492187 0.04803466796875 -0.06756591796875
-0.0413055419921875 0.107139587402344 -0.107284545898438 0.197967529296875
-0.010833740234375 0.150177001953125 -0.0573577880859375 -0.147796630859375
-0.0159988403320313 0.105293273925781 0.0088348388671875 -0.221588134765625
-0.00217008590698242 0.00577545166015625 0.217758178710938 0.054168701171875
-0.0235137939453125 -0.100753784179688 0.313140869140625 0.426513671875
-0.010345458984375 -0.182937622070313 0.12042236328125 0.65155029296875
0.0896759033203125 -0.142166137695313 -0.1883544921875 0.510498046875
0.17083740234375 -0.0631561279296875 -0.175003051757812 0.145584106445313
0.189376831054688 -0.0566864013671875 0.234207153320313 -0.0992889404296875
0.157196044921875 -0.0973052978515625 0.548828125 -0.326507568359375
0.0980682373046875 -0.15350341796875 0.331878662109375 -0.538543701171875
0.0205154418945313 -0.130317687988281 -0.1522216796875 -0.379730224609375
0.00533103942871094 -0.0284309387207031 -0.39996337890625 -0.093048095703125
-0.02703857421875 0.101325988769531 -0.249465942382813 0.118377685546875
-0.05914306640625 0.134468078613281 0.00468444824218749 -0.0297775268554687
-0.0108299255371094 0.0193557739257812 -0.126861572265625 0.219070434570312
-0.0107765197753906 0.049774169921875 -0.0780487060546875 -0.149490356445312
-0.0523147583007813 0.0428848266601562 -0.0191497802734375 -0.248626708984375
-0.0273933410644531 0.0383186340332031 0.185073852539063 0.0203094482421875
-0.0132884979248047 -0.00713634490966797 0.305084228515625 0.407867431640625
0.00682830810546875 -0.0728759765625 0.13641357421875 0.67596435546875
0.0610389709472656 -0.0565299987792969 -0.188873291015625 0.553680419921875
0.0911636352539063 -0.0263748168945313 -0.205810546875 0.173919677734375
0.101982116699219 -0.0209808349609375 0.198974609375 -0.06842041015625
0.0949478149414063 -0.0329055786132813 0.547698974609375 -0.29290771484375
0.0697288513183594 -0.0503005981445313 0.363128662109375 -0.534576416015625
0.0214920043945313 -0.0373497009277344 -0.135833740234375 -0.408477783203125
-0.0130615234375 -0.00318145751953125 -0.4097900390625 -0.127410888671875
-0.0275497436523437 0.0443344116210938 -0.28131103515625 0.111053466796875
-0.0392646789550781 0.0578765869140625 -0.025665283203125 -0.00773811340332031
0.0261306762695312 -0.0793075561523437 -0.140350341796875 0.222900390625
-0.00377655029296876 -0.0621604919433594 -0.07989501953125 -0.142501831054688
-0.0791549682617188 -0.0361557006835938 0.000228881835937496 -0.244537353515625
-0.0505599975585938 0.0567741394042969 0.195388793945312 0.0177001953125
-0.00631713867187501 0.0799179077148438 0.281768798828125 0.408599853515625
0.021209716796875 0.0432052612304688 0.0968017578125 0.6844482421875
0.0243263244628906 0.0371322631835938 -0.21435546875 0.55413818359375
0.000392913818359373 0.0139312744140625 -0.204574584960938 0.179962158203125
0.000977516174316408 0.0167474746704102 0.197265625 -0.05712890625
0.0208969116210938 0.0334548950195313 0.525390625 -0.30108642578125
0.0302734375 0.0610122680664062 0.314788818359375 -0.541290283203125
0.0193710327148438 0.0683708190917969 -0.17236328125 -0.40118408203125
-0.0274124145507812 0.0344409942626953 -0.415863037109375 -0.126861572265625
-0.0222396850585938 -0.00821495056152344 -0.283966064453125 0.112548828125
-0.0134220123291016 -0.02349853515625 -0.0382080078125 0.000904083251953116
0.0593414306640625 -0.171142578125 -0.14251708984375 0.208465576171875
0.00114440917968749 -0.156845092773438 -0.0625228881835938 -0.128936767578125
-0.0921096801757813 -0.0919876098632812 0.0597991943359375 -0.214614868164063
-0.0588531494140625 0.0855865478515625 0.238510131835938 0.046905517578125
-0.001708984375 0.16168212890625 0.242645263671875 0.431182861328125
0.0186309814453125 0.144119262695312 0.00622558593750003 0.6783447265625
-0.0261383056640625 0.118743896484375 -0.2509765625 0.518280029296875
-0.085693359375 0.0531234741210938 -0.170455932617188 0.165802001953125
-0.0830154418945313 0.0671768188476562 0.226821899414063 -0.073516845703125
-0.03021240234375 0.114288330078125 0.471343994140625 -0.35693359375
0.0110931396484375 0.173553466796875 0.191802978515625 -0.553955078125
0.0224761962890625 0.158554077148438 -0.250335693359375 -0.356597900390625
-0.03497314453125 0.0544586181640625 -0.41241455078125 -0.0849609375
-0.0130195617675781 -0.0666465759277344 -0.25628662109375 0.122512817382813
0.012603759765625 -0.100906372070313 -0.0302333831787109 -0.00747299194335939
0.0834808349609375 -0.240585327148438 -0.132232666015625 0.178253173828125
0.00325012207031251 -0.209518432617188 -0.0212173461914063 -0.115875244140625
-0.0857391357421875 -0.0988082885742187 0.146469116210938 -0.164688110351563
-0.051239013671875 0.134109497070313 0.2860107421875 0.10406494140625
-0.00480651855468751 0.232559204101563 0.163970947265625 0.465423583984375
-0.01190185546875 0.212188720703125 -0.1217041015625 0.64947509765625
-0.0904693603515625 0.16802978515625 -0.285247802734375 0.448028564453125
-0.154144287109375 0.0838470458984375 -0.107551574707031 0.133087158203125
-0.13140869140625 0.127204895019531 0.263290405273438 -0.123580932617187
-0.0373382568359375 0.20318603515625 0.3802490234375 -0.438232421875
0.0205535888671875 0.26409912109375 0.02056884765625 -0.55279541015625
0.02838134765625 0.20770263671875 -0.329620361328125 -0.280517578125
-0.0376853942871094 0.039093017578125 -0.376983642578125 -0.023681640625
-0.00397491455078125 -0.131431579589844 -0.197097778320313 0.13580322265625
0.0347900390625 -0.166915893554687 -0.00288200378417969 -0.0317535400390625
0.097442626953125 -0.2755126953125 -0.110252380371094 0.139358520507813
0.0101318359375 -0.21234130859375 0.0427398681640625 -0.10455322265625
-0.0639839172363281 -0.0612068176269531 0.237380981445312 -0.104690551757813
-0.040130615234375 0.186798095703125 0.303680419921875 0.1790771484375
-0.0290069580078125 0.273834228515625 0.043060302734375 0.4969482421875
-0.06622314453125 0.234664916992187 -0.267822265625 0.5885009765625
-0.15606689453125 0.178512573242188 -0.298614501953125 0.359161376953125
-0.193527221679688 0.103302001953125 -0.0260162353515625 0.0858001708984375
-0.140426635742188 0.181686401367188 0.282012939453125 -0.206207275390625
-0.0126190185546875 0.269393920898438 0.25115966796875 -0.522857666015625
0.0419921875 0.30572509765625 -0.14508056640625 -0.527740478515625
0.0225830078125 0.20062255859375 -0.366943359375 -0.195587158203125
-0.0377845764160156 -0.0145225524902344 -0.296356201171875 0.042236328125
0.00624084472656248 -0.19451904296875 -0.116912841796875 0.144378662109375
0.0543212890625 -0.211639404296875 0.0351715087890625 -0.0716781616210938
-0.0693206787109375 0.197463989257813 -0.0548019409179688 0.120269775390625
0.0147552490234375 0.23248291015625 0.038055419921875 -0.130409240722656
0.0366439819335938 0.0854110717773438 0.194381713867188 -0.125244140625
-0.000122070312499996 -0.131858825683594 0.34552001953125 0.169158935546875
-0.0421905517578125 -0.2705078125 0.242950439453125 0.49652099609375
0.00244140625000001 -0.31182861328125 -0.0584716796875 0.56488037109375
0.148910522460938 -0.211593627929688 -0.2315673828125 0.343170166015625
0.251968383789063 -0.1038818359375 -0.0431556701660156 0.0521202087402344
0.2320556640625 -0.146728515625 0.3388671875 -0.23486328125
0.139785766601563 -0.234451293945312 0.427154541015625 -0.50140380859375
0.050018310546875 -0.293182373046875 0.069000244140625 -0.546356201171875
0.00437927246093748 -0.194961547851563 -0.273284912109375 -0.234344482421875
0.0440025329589844 0.0137939453125 -0.34033203125 0.0508728027343749
-0.00477600097656251 0.226715087890625 -0.12060546875 0.144027709960938
-0.0725250244140625 0.233566284179688 0.0970840454101563 -0.116134643554687
-0.0629730224609375 0.171096801757813 -0.081085205078125 0.16595458984375
0.00265502929687498 0.216781616210938 -0.023162841796875 -0.140823364257813
0.019866943359375 0.12237548828125 0.08306884765625 -0.177825927734375
0.00817489624023438 -0.0562858581542969 0.285980224609375 0.103271484375
-0.037567138671875 -0.19781494140625 0.304534912109375 0.459930419921875
-0.0187225341796875 -0.27349853515625 0.05718994140625 0.61669921875
0.11700439453125 -0.199874877929688 -0.20574951171875 0.439666748046875
0.227157592773438 -0.0921630859375 -0.1170654296875 0.105499267578125
0.236114501953125 -0.103729248046875 0.290802001953125 -0.15777587890625
0.17315673828125 -0.172027587890625 0.513671875 -0.408233642578125
0.0889892578125 -0.2451171875 0.22467041015625 -0.5543212890625
0.0113372802734375 -0.189163208007813 -0.2137451171875 -0.320526123046875
0.0244865417480469 -0.0241641998291016 -0.3841552734375 -0.026275634765625
-0.016845703125 0.16680908203125 -0.193313598632813 0.133575439453125
-0.0721282958984375 0.198318481445313 0.0468063354492187 -0.0682220458984375
-0.0408935546875 0.10882568359375 -0.104690551757813 0.20001220703125
-0.00819396972656249 0.150543212890625 -0.059112548828125 -0.147598266601563
-0.0149688720703125 0.106346130371094 0.00651550292968751 -0.222991943359375
-0.00237703323364258 0.0051875114440918 0.222076416015625 0.05224609375
-0.0251617431640625 -0.10211181640625 0.32177734375 0.4267578125
-0.012359619140625 -0.184341430664063 0.12933349609375 0.653564453125
0.0890350341796875 -0.1441650390625 -0.185699462890625 0.514862060546875
0.171142578125 -0.06536865234375 -0.174667358398438 0.14996337890625
0.18963623046875 -0.0592803955078125 0.23345947265625 -0.102569580078125
0.156753540039063 -0.09979248046875 0.54815673828125 -0.334808349609375
0.0964508056640625 -0.155502319335938 0.32958984375 -0.547637939453125
0.0189971923828125 -0.131706237792969 -0.1573486328125 -0.381622314453125
0.004669189453125 -0.0296497344970703 -0.40325927734375 -0.08990478515625
-0.0264205932617188 0.102027893066406 -0.24951171875 0.122451782226563
-0.0576858520507813 0.135726928710938 0.00413703918457031 -0.029327392578125
-0.0106868743896484 0.0192432403564453 -0.124359130859375 0.222335815429688
-0.00862503051757813 0.0500640869140625 -0.0801239013671875 -0.149398803710938
-0.0523948669433594 0.0440330505371094 -0.0219879150390625 -0.24993896484375
-0.0269050598144531 0.0384674072265625 0.188583374023438 0.01849365234375
-0.013981819152832 -0.00772571563720703 0.31201171875 0.40777587890625
0.00605010986328126 -0.0731658935546875 0.14471435546875 0.6783447265625
0.0614356994628906 -0.0575141906738281 -0.18408203125 0.559844970703125
0.091339111328125 -0.0274658203125 -0.205795288085938 0.17718505859375
0.102493286132813 -0.0220565795898438 0.198089599609375 -0.07135009765625
0.0946807861328125 -0.0339889526367188 0.548858642578125 -0.30206298828125
0.0696067810058594 -0.0513343811035156 0.359222412109375 -0.544036865234375
0.0219345092773437 -0.0380401611328125 -0.14208984375 -0.410980224609375
-0.0130672454833984 -0.0028676986694336 -0.414642333984375 -0.12445068359375
-0.0274887084960937 0.0458297729492188 -0.281051635742188 0.11492919921875
-0.0385093688964844 0.0596923828125 -0.0255889892578125 -0.00649833679199219
0.025177001953125 -0.0791778564453125 -0.137924194335937 0.225128173828125
-0.00362014770507813 -0.0621910095214844 -0.0811767578125 -0.141830444335938
-0.0804824829101562 -0.0350112915039063 -0.003204345703125 -0.246490478515625
-0.0493049621582031 0.056854248046875 0.1986083984375 0.01531982421875
-0.00506591796875 0.0800094604492187 0.289764404296875 0.407806396484375
0.0219383239746094 0.0430641174316406 0.1055908203125 0.6883544921875
0.0256538391113281 0.0375213623046875 -0.20782470703125 0.561279296875
6.10351562500014E-05 0.0136194229125977 -0.204635620117188 0.184402465820313
0.00111579895019531 0.0165853500366211 0.197341918945313 -0.059326171875
0.0209407806396484 0.0338916778564453 0.52471923828125 -0.309112548828125
0.032073974609375 0.0620384216308594 0.310455322265625 -0.549896240234375
0.0207176208496094 0.0683212280273438 -0.177398681640625 -0.404296875
-0.0264759063720703 0.0344142913818359 -0.4212646484375 -0.12237548828125
-0.0226345062255859 -0.00722122192382812 -0.284698486328125 0.116729736328125
-0.0141029357910156 -0.0233154296875 -0.0380859375 0.00119400024414062
0.0575714111328125 -0.172622680664063 -0.140396118164063 0.211288452148438
0.000259399414062499 -0.1573486328125 -0.0638046264648437 -0.12908935546875
-0.0938186645507812 -0.090972900390625 0.0579833984375 -0.215789794921875
-0.0573043823242188 0.0867156982421875 0.242218017578125 0.045318603515625
0.00117492675781251 0.162429809570313 0.247650146484375 0.43096923828125
0.0203399658203125 0.144256591796875 0.015869140625 0.68304443359375
-0.0247116088867188 0.118759155273438 -0.245574951171875 0.524444580078125
-0.0865020751953125 0.053497314453125 -0.170501708984375 0.169113159179688
-0.0831375122070313 0.0676040649414063 0.22650146484375 -0.0758819580078125
-0.0291061401367187 0.115875244140625 0.4705810546875 -0.365753173828125
0.013397216796875 0.174667358398438 0.186065673828125 -0.561370849609375
0.0253753662109375 0.159194946289063 -0.256439208984375 -0.357269287109375
-0.0351943969726562 0.056060791015625 -0.417083740234375 -0.082061767578125
-0.0149192810058594 -0.0662078857421875 -0.255996704101562 0.126754760742188
0.0119552612304688 -0.100936889648438 -0.0292110443115234 -0.00676536560058595
0.0818939208984375 -0.242599487304688 -0.130828857421875 0.18072509765625
0.00192260742187499 -0.2103271484375 -0.022125244140625 -0.11614990234375
-0.0879287719726563 -0.0983047485351562 0.146224975585938 -0.166595458984375
-0.0486602783203125 0.13568115234375 0.290740966796875 0.102447509765625
-0.00135803222656251 0.233505249023437 0.17138671875 0.46734619140625
-0.009429931640625 0.213638305664063 -0.11334228515625 0.65460205078125
-0.0893096923828125 0.16998291015625 -0.281707763671875 0.45440673828125
-0.154617309570313 0.08514404296875 -0.106689453125 0.135612487792969
-0.130691528320313 0.129402160644531 0.262496948242188 -0.12786865234375
-0.0354156494140625 0.20489501953125 0.37750244140625 -0.44476318359375
0.024658203125 0.265029907226563 0.0147705078125 -0.556182861328125
0.032379150390625 0.2081298828125 -0.335662841796875 -0.27984619140625
-0.0370979309082031 0.03997802734375 -0.380706787109375 -0.01947021484375
-0.00582122802734375 -0.132392883300781 -0.1966552734375 0.13958740234375
0.033050537109375 -0.16790771484375 -0.00327682495117187 -0.0310153961181641
0.0948028564453125 -0.2767333984375 -0.108444213867188 0.141067504882812
0.00823974609375 -0.21270751953125 0.0421676635742187 -0.105278015136719
-0.0651168823242188 -0.0605697631835937 0.239013671875 -0.1083984375
-0.03717041015625 0.188934326171875 0.30853271484375 0.177398681640625
-0.0237274169921875 0.275604248046875 0.0487060546874999 0.500701904296875
-0.0642242431640625 0.237091064453125 -0.26153564453125 0.596435546875
-0.15521240234375 0.181625366210937 -0.296142578125 0.365203857421875
-0.19427490234375 0.105117797851563 -0.0259475708007813 0.0873794555664063
-0.138916015625 0.183929443359375 0.281219482421875 -0.2110595703125
-0.00952148437499998 0.271133422851563 0.24755859375 -0.528289794921875
0.04620361328125 0.306884765625 -0.153076171875 -0.5308837890625
0.02703857421875 0.200531005859375 -0.37310791015625 -0.19366455078125
-0.0382194519042969 -0.0134162902832031 -0.299591064453125 0.04510498046875
0.00425720214843751 -0.194915771484375 -0.115707397460937 0.147781372070313
0.0514373779296875 -0.213424682617188 0.0354232788085938 -0.0712432861328125
-0.0671844482421875 0.200057983398438 -0.0534439086914063 0.121269226074219
0.0179443359375 0.232940673828125 0.0376129150390625 -0.132064819335937
0.0384292602539062 0.0845947265625 0.194198608398438 -0.1279296875
-0.00263214111328124 -0.13275146484375 0.3507080078125 0.164825439453125
-0.0468902587890625 -0.270782470703125 0.252105712890625 0.4981689453125
-0.00164794921874999 -0.313751220703125 -0.052001953125 0.569091796875
0.147003173828125 -0.215255737304687 -0.228515625 0.34814453125
0.252471923828125 -0.107376098632813 -0.0427703857421875 0.0536079406738281
0.23126220703125 -0.150588989257812 0.336883544921875 -0.240814208984375
0.137527465820313 -0.236953735351563 0.423126220703125 -0.510498046875
0.045806884765625 -0.295318603515625 0.063629150390625 -0.551116943359375
0.00106811523437501 -0.197097778320313 -0.277862548828125 -0.233673095703125
0.0437049865722656 0.0128517150878906 -0.34185791015625 0.056640625
-0.00151062011718751 0.227294921875 -0.11932373046875 0.145462036132813
-0.0699615478515625 0.234848022460937 0.094635009765625 -0.117332458496094
-0.0612640380859375 0.172531127929688 -0.0785980224609375 0.167236328125
0.00582885742187498 0.21728515625 -0.0247039794921875 -0.141464233398438
0.021209716796875 0.122756958007813 0.08258056640625 -0.178955078125
0.00737380981445312 -0.057037353515625 0.290435791015625 0.100616455078125
-0.0402984619140625 -0.199188232421875 0.313629150390625 0.45953369140625
-0.022186279296875 -0.273651123046875 0.06591796875 0.61962890625
0.1153564453125 -0.20269775390625 -0.20281982421875 0.444671630859375
0.227279663085937 -0.0951385498046875 -0.116935729980469 0.107856750488281
0.236236572265625 -0.107177734375 0.29052734375 -0.1632080078125
0.172195434570313 -0.174407958984375 0.51129150390625 -0.416778564453125
0.085784912109375 -0.247283935546875 0.218597412109375 -0.56158447265625
0.00830078124999998 -0.19085693359375 -0.218902587890625 -0.321014404296875
0.0236740112304687 -0.0250701904296875 -0.38641357421875 -0.0216064453125
-0.0140228271484375 0.167373657226563 -0.192184448242188 0.1370849609375
-0.0689544677734375 0.200286865234375 0.04620361328125 -0.0685958862304687
-0.0393600463867187 0.109779357910156 -0.102127075195313 0.20220947265625
-0.00541687011718749 0.150680541992187 -0.060943603515625 -0.147979736328125
-0.0141067504882812 0.107307434082031 0.00410461425781249 -0.223480224609375
-0.00258302688598633 0.00447177886962891 0.225311279296875 0.049896240234375
-0.0272674560546875 -0.102081298828125 0.3280029296875 0.424957275390625
-0.0150604248046875 -0.184814453125 0.1370849609375 0.655517578125
0.087615966796875 -0.145965576171875 -0.17840576171875 0.520660400390625
0.170822143554687 -0.0674896240234375 -0.174087524414063 0.153350830078125
0.189682006835938 -0.0623016357421875 0.2322998046875 -0.1060791015625
0.156402587890625 -0.101516723632813 0.545745849609375 -0.343597412109375
0.09429931640625 -0.15777587890625 0.322235107421875 -0.556182861328125
0.017120361328125 -0.132789611816406 -0.16455078125 -0.383941650390625
0.00360870361328125 -0.0303325653076172 -0.407257080078125 -0.085479736328125
-0.0249404907226563 0.102798461914063 -0.249237060546875 0.126693725585938
-0.0562362670898438 0.137649536132813 0.00374984741210937 -0.0291023254394531
-0.0101356506347656 0.0202217102050781 -0.120941162109375 0.2252197265625
-0.00735855102539062 0.0511054992675781 -0.082122802734375 -0.1478271484375
-0.0519142150878906 0.0454139709472656 -0.024932861328125 -0.24932861328125
-0.0265884399414063 0.0389060974121094 0.19122314453125 0.016876220703125
-0.0139064788818359 -0.00724029541015625 0.320465087890625 0.405517578125
0.00606536865234375 -0.0731658935546875 0.15576171875 0.678955078125
0.0604057312011719 -0.0599250793457031 -0.177978515625 0.5660400390625
0.09161376953125 -0.0288925170898438 -0.2052001953125 0.181167602539063
0.10260009765625 -0.0239715576171875 0.197723388671875 -0.0740814208984375
0.0947494506835937 -0.0357513427734375 0.547332763671875 -0.309967041015625
0.0695610046386719 -0.052764892578125 0.35418701171875 -0.553619384765625
0.0211143493652344 -0.0383224487304688 -0.147796630859375 -0.413055419921875
-0.0139312744140625 -0.00284957885742187 -0.41864013671875 -0.120697021484375
-0.02691650390625 0.0461158752441406 -0.280380249023438 0.1190185546875
-0.038482666015625 0.0604667663574219 -0.0263462066650391 -0.00587272644042968
0.0244064331054688 -0.0798110961914063 -0.134521484375 0.228485107421875
-0.00322341918945313 -0.0624198913574219 -0.08416748046875 -0.140701293945313
-0.0810623168945312 -0.0337295532226563 -0.00559997558593749 -0.247177124023438
-0.0486831665039063 0.0584487915039063 0.200897216796875 0.0130767822265625
-0.00379943847656249 0.0808944702148438 0.297760009765625 0.406494140625
0.0233421325683594 0.0429763793945313 0.1151123046875 0.69232177734375
0.0266036987304688 0.0370674133300781 -0.2027587890625 0.567626953125
-0.000299453735351563 0.0141496658325195 -0.203948974609375 0.187789916992188
0.00100326538085938 0.0167169570922852 0.196868896484375 -0.0626983642578125
0.0213985443115234 0.0334968566894531 0.522705078125 -0.31982421875
0.0322799682617188 0.0613517761230469 0.304931640625 -0.55706787109375
0.0220375061035156 0.0681915283203125 -0.1845703125 -0.405242919921875
-0.0270938873291016 0.0350055694580078 -0.426239013671875 -0.1177978515625
-0.0225868225097656 -0.00690269470214844 -0.28497314453125 0.120819091796875
-0.0147762298583984 -0.0218696594238281 -0.0380134582519531 0.00271224975585937
0.0562591552734375 -0.17388916015625 -0.13812255859375 0.213653564453125
-0.000930786132812506 -0.157028198242188 -0.0656661987304687 -0.128692626953125
-0.094879150390625 -0.0891036987304687 0.056243896484375 -0.216949462890625
-0.056396484375 0.0875244140625 0.245574951171875 0.0429229736328125
0.0038299560546875 0.163101196289063 0.256011962890625 0.430694580078125
0.0232696533203125 0.145126342773438 0.0255126953124999 0.6864013671875
-0.02288818359375 0.119468688964844 -0.240966796875 0.530426025390625
-0.0867233276367188 0.0546417236328125 -0.169418334960938 0.172195434570312
-0.0837631225585938 0.0682373046875 0.226837158203125 -0.0792999267578125
-0.027374267578125 0.116447448730469 0.467254638671875 -0.37457275390625
0.0152587890625 0.174514770507812 0.17852783203125 -0.569091796875
0.028167724609375 0.159530639648438 -0.262237548828125 -0.356689453125
-0.0333900451660156 0.0563011169433594 -0.4208984375 -0.077545166015625
-0.0148773193359375 -0.0654640197753906 -0.25592041015625 0.130279541015625
0.0103607177734375 -0.101081848144531 -0.0299034118652344 -0.00540542602539063
0.0786590576171875 -0.244354248046875 -0.129013061523438 0.183181762695313
0.000488281250000021 -0.210128784179688 -0.0236968994140625 -0.115997314453125
-0.089202880859375 -0.0955810546875 0.145111083984375 -0.169265747070313
-0.0456390380859375 0.136848449707031 0.294403076171875 0.099365234375
0.00201416015625 0.234115600585938 0.17901611328125 0.467742919921875
-0.00631713867187501 0.214874267578125 -0.106201171875 0.65924072265625
-0.087890625 0.171005249023438 -0.2772216796875 0.45977783203125
-0.155044555664063 0.0871124267578125 -0.106361389160156 0.137847900390625
-0.129959106445313 0.130813598632813 0.262435913085938 -0.131729125976563
-0.032318115234375 0.205886840820313 0.372589111328125 -0.453216552734375
0.0284881591796875 0.266708374023437 0.00787353515625 -0.5626220703125
0.0361785888671875 0.208602905273438 -0.34124755859375 -0.27801513671875
-0.0360145568847656 0.0410652160644531 -0.382843017578125 -0.0145263671875001
-0.00712585449218749 -0.132499694824219 -0.196533203125 0.143341064453125
0.031402587890625 -0.168899536132813 -0.00406455993652344 -0.0306663513183594
0.09197998046875 -0.279754638671875 -0.107177734375 0.143142700195313
0.00610351562499999 -0.213027954101563 0.0408935546875 -0.105033874511719
-0.0659294128417969 -0.0595283508300781 0.238983154296875 -0.11151123046875
-0.03375244140625 0.190597534179687 0.313446044921875 0.175201416015625
-0.020355224609375 0.276947021484375 0.0556640624999999 0.50396728515625
-0.06182861328125 0.238571166992188 -0.2552490234375 0.6038818359375
-0.153656005859375 0.183273315429687 -0.291961669921875 0.37176513671875
-0.195419311523437 0.107681274414062 -0.0248641967773438 0.0885543823242188
-0.137924194335938 0.185409545898438 0.28070068359375 -0.21630859375
-0.00630187988281251 0.272201538085938 0.241058349609375 -0.5352783203125
0.051727294921875 0.307220458984375 -0.15899658203125 -0.531280517578125
0.0303802490234375 0.201461791992188 -0.378631591796875 -0.19073486328125
-0.0380439758300781 -0.01239013671875 -0.30047607421875 0.0492248535156251
0.00187683105468751 -0.195068359375 -0.115676879882813 0.149795532226562
0.0496063232421875 -0.214736938476562 0.0339126586914063 -0.0714111328125
-0.0644683837890625 0.201126098632813 -0.0508499145507813 0.122047424316406
0.0223541259765625 0.23236083984375 0.035858154296875 -0.132835388183594
0.0390167236328125 0.0844573974609375 0.193191528320313 -0.130996704101563
-0.00514984130859375 -0.133468627929688 0.3563232421875 0.16094970703125
-0.051177978515625 -0.271041870117188 0.2596435546875 0.495635986328125
-0.00704956054687502 -0.314666748046875 -0.0457153320312499 0.572998046875
0.1448974609375 -0.217880249023438 -0.224761962890625 0.353118896484375
0.251495361328125 -0.10986328125 -0.0425682067871094 0.0546798706054688
0.229751586914063 -0.153793334960938 0.334075927734375 -0.246978759765625
0.13525390625 -0.239089965820313 0.41644287109375 -0.519012451171875
0.04150390625 -0.2969970703125 0.05694580078125 -0.555908203125
-0.00231933593749999 -0.197601318359375 -0.282623291015625 -0.2313232421875
0.0439109802246094 0.0118141174316406 -0.34228515625 0.060821533203125
0.00112915039062498 0.227508544921875 -0.117141723632813 0.147857666015625
-0.0663299560546875 0.236495971679687 0.0937728881835938 -0.11859130859375
-0.0590972900390625 0.174102783203125 -0.0759124755859375 0.16888427734375
0.00968933105468749 0.217697143554687 -0.026641845703125 -0.141525268554688
0.0228500366210937 0.123542785644531 0.0797576904296875 -0.181442260742188
0.0059967041015625 -0.0578384399414063 0.2950439453125 0.0977783203125
-0.0437469482421875 -0.19921875 0.3204345703125 0.455841064453125
-0.02655029296875 -0.27471923828125 0.07501220703125 0.6207275390625
0.11273193359375 -0.203964233398438 -0.196044921875 0.44970703125
0.226455688476562 -0.0982208251953125 -0.115791320800781 0.110252380371094
0.234832763671875 -0.111343383789063 0.2877197265625 -0.167755126953125
0.170822143554688 -0.176345825195313 0.508056640625 -0.42669677734375
0.082794189453125 -0.249252319335938 0.21295166015625 -0.56829833984375
0.00482177734375001 -0.19158935546875 -0.22442626953125 -0.319976806640625
0.0228652954101563 -0.0264511108398438 -0.389251708984375 -0.01690673828125
-0.012115478515625 0.167922973632813 -0.19085693359375 0.14007568359375
-0.0661163330078125 0.20196533203125 0.0451469421386719 -0.0693206787109375
-0.0384292602539063 0.110496520996094 -0.099639892578125 0.203872680664063
-0.002593994140625 0.151351928710938 -0.0632476806640625 -0.147689819335938
-0.0125045776367188 0.108406066894531 0.00154113769531252 -0.224288940429688
-0.00336623191833496 0.00379610061645508 0.22943115234375 0.0466156005859375
-0.0288619995117188 -0.10223388671875 0.336700439453125 0.423614501953125
-0.0175018310546875 -0.186172485351563 0.1468505859375 0.65582275390625
0.0859222412109375 -0.148330688476563 -0.172637939453125 0.5262451171875
0.171096801757812 -0.0700531005859375 -0.173583984375 0.155975341796875
0.189682006835938 -0.0656890869140625 0.231246948242187 -0.110000610351563
0.155471801757813 -0.10333251953125 0.543243408203125 -0.353851318359375
0.092498779296875 -0.159759521484375 0.3154296875 -0.5650634765625
0.0153884887695312 -0.133934020996094 -0.17120361328125 -0.38385009765625
0.00243568420410156 -0.0303726196289063 -0.411590576171875 -0.0808105468750001
-0.023529052734375 0.103523254394531 -0.24884033203125 0.129776000976562
-0.054412841796875 0.13885498046875 0.00322723388671875 -0.0288105010986328
-0.00973892211914063 0.0206222534179688 -0.118057250976562 0.227447509765625
-0.00597000122070312 0.0509376525878906 -0.0841522216796875 -0.147689819335938
-0.0518569946289062 0.0464439392089844 -0.02862548828125 -0.24969482421875
-0.0264701843261719 0.0387420654296875 0.194076538085937 0.0146331787109375
-0.0139827728271484 -0.0072488784790039 0.328887939453125 0.403350830078125
0.00421905517578125 -0.07391357421875 0.16583251953125 0.67950439453125
0.0595855712890625 -0.0606155395507813 -0.17047119140625 0.5703125
0.0909881591796875 -0.03076171875 -0.204513549804687 0.184432983398438
0.102325439453125 -0.0256729125976563 0.196044921875 -0.0774993896484375
0.09466552734375 -0.0369033813476563 0.543548583984375 -0.31927490234375
0.0689582824707031 -0.0536308288574219 0.3468017578125 -0.560577392578125
0.0209007263183594 -0.0396652221679688 -0.15472412109375 -0.4144287109375
-0.0137548446655273 -0.00280857086181641 -0.422515869140625 -0.116119384765625
-0.0264778137207031 0.0472221374511719 -0.280181884765625 0.123550415039063
-0.0373001098632812 0.0610771179199219 -0.0262660980224609 -0.00494194030761718
0.0232696533203125 -0.0806045532226563 -0.1319580078125 0.23114013671875
-0.00290298461914062 -0.0621261596679688 -0.0856399536132813 -0.140518188476563
-0.0823898315429688 -0.0321731567382813 -0.00840759277343752 -0.247787475585938
-0.0481071472167969 0.0593185424804688 0.203521728515625 0.0106964111328125
-0.00254058837890625 0.0804290771484375 0.304046630859375 0.405029296875
0.0234947204589844 0.0429458618164063 0.124267578125 0.69110107421875
0.0270957946777344 0.0364875793457031 -0.19580078125 0.5726318359375
-0.000247955322265625 0.014033317565918 -0.203079223632813 0.19146728515625
0.00108814239501953 0.0162115097045898 0.196029663085937 -0.0652618408203125
0.0215530395507813 0.0328903198242188 0.520111083984375 -0.327667236328125
0.0337371826171875 0.0609512329101563 0.2989501953125 -0.56439208984375
0.0237693786621094 0.0682106018066406 -0.1905517578125 -0.40557861328125
-0.0258331298828125 0.0359573364257813 -0.430450439453125 -0.113525390625
-0.0227584838867188 -0.00711441040039062 -0.283843994140625 0.125030517578125
-0.0146827697753906 -0.0218029022216797 -0.0381011962890625 0.0037078857421875
0.0540924072265625 -0.174942016601563 -0.13580322265625 0.215850830078125
-0.00196838378906251 -0.156967163085938 -0.06768798828125 -0.128669738769531
-0.0970535278320313 -0.0869598388671875 0.053741455078125 -0.219253540039063
-0.0538253784179687 0.0891036987304688 0.248275756835938 0.040374755859375
0.0066680908203125 0.16363525390625 0.26483154296875 0.43011474609375
0.0242919921875 0.145355224609375 0.0344848632812499 0.68902587890625
-0.022003173828125 0.119651794433594 -0.23455810546875 0.53741455078125
-0.0870590209960938 0.0551834106445313 -0.168380737304688 0.17523193359375
-0.0830535888671875 0.069000244140625 0.225830078125 -0.08270263671875
-0.0264205932617188 0.117424011230469 0.463775634765625 -0.380462646484375
0.0186920166015625 0.175628662109375 0.17218017578125 -0.5740966796875
0.031097412109375 0.16009521484375 -0.269256591796875 -0.356048583984375
-0.0322036743164063 0.0579109191894531 -0.424407958984375 -0.0726318359375
-0.01593017578125 -0.0657577514648438 -0.255508422851563 0.135009765625
0.0089874267578125 -0.101707458496094 -0.0299472808837891 -0.00432395935058594
0.0757598876953125 -0.246505737304688 -0.126205444335937 0.185333251953125
-0.00210571289062499 -0.210098266601563 -0.0252838134765625 -0.116424560546875
-0.0907821655273437 -0.0940093994140625 0.143707275390625 -0.171676635742188
-0.0439605712890625 0.13800048828125 0.297332763671875 0.0965576171875
0.00596618652343749 0.236068725585937 0.187042236328125 0.469146728515625
-0.00335693359375 0.21563720703125 -0.096923828125 0.6634521484375
-0.08587646484375 0.1724853515625 -0.272308349609375 0.4658203125
-0.1551513671875 0.088775634765625 -0.104965209960938 0.139961242675781
-0.128875732421875 0.132545471191406 0.26171875 -0.13592529296875
-0.0302886962890625 0.206710815429688 0.36639404296875 -0.458587646484375
0.0329437255859375 0.26708984375 0.000610351562500031 -0.564697265625
0.0395355224609375 0.208724975585938 -0.347442626953125 -0.275299072265625
-0.0355186462402344 0.0422019958496094 -0.38623046875 -0.010345458984375
-0.00919342041015624 -0.132095336914063 -0.1951904296875 0.147232055664063
0.0299835205078125 -0.169723510742188 -0.00423240661621094 -0.0298080444335938
0.08746337890625 -0.281463623046875 -0.105117797851562 0.14385986328125
0.0047607421875 -0.212646484375 0.0395278930664062 -0.106689453125
-0.0667037963867188 -0.0571174621582031 0.239013671875 -0.114532470703125
-0.0302276611328125 0.192108154296875 0.31915283203125 0.172393798828125
-0.015625 0.27923583984375 0.063720703125 0.505462646484375
-0.057586669921875 0.2408447265625 -0.247314453125 0.61004638671875
-0.151748657226563 0.186386108398438 -0.288482666015625 0.3775634765625
-0.194961547851563 0.109878540039062 -0.0232467651367188 0.0890045166015625
-0.136337280273438 0.187759399414063 0.278701782226563 -0.2200927734375
-0.00242614746093753 0.272918701171875 0.235107421875 -0.540496826171875
0.0567626953125 0.3072509765625 -0.168701171875 -0.532073974609375
0.0355987548828125 0.201889038085937 -0.3822021484375 -0.186279296875
-0.0374412536621094 -0.01214599609375 -0.302764892578125 0.054168701171875
-0.00155639648437502 -0.1954345703125 -0.113693237304687 0.152755737304688
0.047119140625 -0.215682983398437 0.032928466796875 -0.0712127685546875
-0.061431884765625 0.202804565429688 -0.0484161376953125 0.123100280761719
0.0261383056640625 0.231658935546875 0.0347824096679688 -0.134605407714844
0.0398635864257812 0.0842437744140625 0.192184448242187 -0.13458251953125
-0.00843048095703126 -0.134834289550781 0.360687255859375 0.1566162109375
-0.0554656982421875 -0.271255493164063 0.26788330078125 0.49432373046875
-0.010345458984375 -0.314788818359375 -0.03778076171875 0.57470703125
0.142379760742188 -0.220474243164063 -0.220245361328125 0.358551025390625
0.251419067382813 -0.113723754882813 -0.0412864685058594 0.0566215515136719
0.227890014648437 -0.15692138671875 0.330657958984375 -0.25103759765625
0.13177490234375 -0.241256713867188 0.41168212890625 -0.525390625
0.036163330078125 -0.298614501953125 0.049041748046875 -0.5601806640625
-0.00602722167968748 -0.198944091796875 -0.287628173828125 -0.2291259765625
0.0434989929199219 0.0100517272949219 -0.343017578125 0.0647888183593749
0.005645751953125 0.227996826171875 -0.115020751953125 0.149948120117188
-0.06268310546875 0.237457275390625 0.091552734375 -0.119041442871094
-0.0568695068359375 0.175003051757812 -0.07342529296875 0.169967651367188
0.01318359375 0.216323852539063 -0.028076171875 -0.141738891601563
0.0250396728515625 0.123069763183594 0.0789031982421875 -0.181793212890625
0.0038299560546875 -0.0588951110839844 0.297454833984375 0.093170166015625
-0.046905517578125 -0.199005126953125 0.3306884765625 0.4520263671875
-0.02996826171875 -0.274246215820313 0.08306884765625 0.62158203125
0.109542846679688 -0.206527709960938 -0.189727783203125 0.45330810546875
0.226043701171875 -0.100479125976563 -0.114677429199219 0.1131591796875
0.234207153320313 -0.114471435546875 0.28472900390625 -0.171630859375
0.168533325195313 -0.179489135742188 0.501983642578125 -0.435455322265625
0.07904052734375 -0.250625610351563 0.2044677734375 -0.57452392578125
0.00177001953124998 -0.19268798828125 -0.230621337890625 -0.31884765625
0.0220222473144531 -0.0269412994384766 -0.3897705078125 -0.0113220214843749
-0.00872802734374999 0.167465209960938 -0.18927001953125 0.143157958984375
-0.0638580322265625 0.203201293945313 0.0442276000976562 -0.0693321228027344
-0.0361557006835937 0.111297607421875 -0.095733642578125 0.205795288085938
0.000167846679687508 0.151168823242188 -0.0644073486328125 -0.14752197265625
-0.0114593505859375 0.108718872070313 -0.00146484375000001 -0.224395751953125
-0.00398898124694824 0.00392508506774902 0.231491088867187 0.0429534912109375
-0.03094482421875 -0.102188110351563 0.344573974609375 0.419464111328125
-0.0197601318359375 -0.185317993164063 0.1571044921875 0.65618896484375
0.0837249755859375 -0.150100708007813 -0.165069580078125 0.52911376953125
0.17034912109375 -0.0721282958984375 -0.171554565429688 0.159011840820313
0.188827514648438 -0.0675201416015625 0.22906494140625 -0.113571166992188
0.154678344726563 -0.106033325195313 0.538726806640625 -0.362457275390625
0.090911865234375 -0.161148071289063 0.30859375 -0.57171630859375
0.0136947631835937 -0.133842468261719 -0.177032470703125 -0.384613037109375
0.002410888671875 -0.0307369232177734 -0.413421630859375 -0.0759582519531251
-0.0222320556640625 0.103553771972656 -0.2471923828125 0.134201049804687
-0.0522613525390625 0.13970947265625 0.00286865234375 -0.0280323028564453
-0.0104103088378906 0.0205936431884766 -0.113845825195313 0.2288818359375
-0.004058837890625 0.0509414672851562 -0.086578369140625 -0.14654541015625
-0.0507125854492188 0.0475654602050781 -0.0306549072265625 -0.249740600585938
-0.0258293151855469 0.0392341613769531 0.196487426757813 0.0110015869140625
-0.0139131546020508 -0.00757884979248047 0.336029052734375 0.400421142578125
0.00348663330078125 -0.0743484497070313 0.1761474609375 0.67950439453125
0.0595817565917969 -0.0620841979980469 -0.16314697265625 0.57464599609375
0.0908432006835938 -0.03179931640625 -0.202972412109375 0.188552856445313
0.101539611816406 -0.0272064208984375 0.195175170898438 -0.0800018310546875
0.0942306518554687 -0.037841796875 0.5408935546875 -0.3271484375
0.0682258605957031 -0.0552520751953125 0.3399658203125 -0.5682373046875
0.0206031799316406 -0.0400352478027344 -0.1610107421875 -0.413299560546875
-0.0143613815307617 -0.00238704681396485 -0.425445556640625 -0.110809326171875
-0.0259323120117187 0.0473175048828125 -0.278945922851563 0.127944946289062
-0.0365982055664063 0.062255859375 -0.0262432098388672 -0.00370025634765625
0.022491455078125 -0.0809402465820313 -0.128082275390625 0.233154296875
-0.00333404541015625 -0.0617828369140625 -0.08837890625 -0.138137817382813
-0.0829010009765625 -0.0304718017578125 -0.01165771484375 -0.247955322265625
-0.0465927124023438 0.05987548828125 0.205276489257813 0.008087158203125
-0.00135040283203125 0.0806427001953125 0.3118896484375 0.401123046875
0.0248794555664063 0.0430030822753906 0.1356201171875 0.6917724609375
0.02716064453125 0.035003662109375 -0.1881103515625 0.576171875
-0.000618934631347656 0.0135278701782227 -0.201187133789063 0.195358276367188
0.000387191772460939 0.0157003402709961 0.194732666015625 -0.0683441162109375
0.0217056274414062 0.0328502655029297 0.516571044921875 -0.336669921875
0.0346832275390625 0.0605506896972656 0.29266357421875 -0.5723876953125
0.0249252319335938 0.0681495666503906 -0.197052001953125 -0.405120849609375
-0.0251579284667969 0.0364341735839844 -0.433441162109375 -0.10784912109375
-0.0228652954101563 -0.00602149963378906 -0.282623291015625 0.129119873046875
-0.0153236389160156 -0.021331787109375 -0.0376815795898438 0.00494003295898438
0.051116943359375 -0.17633056640625 -0.131759643554688 0.218978881835938
-0.00346374511718749 -0.156875610351562 -0.0693893432617187 -0.127159118652344
-0.098175048828125 -0.085418701171875 0.05120849609375 -0.219619750976563
-0.0524139404296875 0.0901641845703125 0.250473022460938 0.036102294921875
0.009521484375 0.163818359375 0.2705078125 0.427581787109375
0.02734375 0.14501953125 0.0449829101562499 0.6910400390625
-0.0200576782226563 0.119483947753906 -0.22686767578125 0.541534423828125
-0.08642578125 0.0562591552734375 -0.167312622070313 0.1785888671875
-0.0833892822265625 0.0699920654296875 0.224960327148437 -0.08587646484375
-0.0248870849609375 0.1173095703125 0.4593505859375 -0.38818359375
0.0213470458984375 0.175064086914063 0.1646728515625 -0.5787353515625
0.0345306396484375 0.15911865234375 -0.2755126953125 -0.354095458984375
-0.0318031311035156 0.0588226318359375 -0.4271240234375 -0.067230224609375
-0.0170135498046875 -0.0658607482910156 -0.253936767578125 0.138870239257812
0.00786590576171874 -0.101348876953125 -0.0295257568359375 -0.00329017639160156
0.07183837890625 -0.2476806640625 -0.123321533203125 0.187698364257812
-0.00401306152343752 -0.20989990234375 -0.0268096923828125 -0.115287780761719
-0.0925369262695312 -0.0920791625976563 0.142379760742188 -0.173477172851563
-0.04058837890625 0.139694213867188 0.3009033203125 0.092559814453125
0.010650634765625 0.235610961914062 0.19354248046875 0.468536376953125
0.000503540039062489 0.215972900390625 -0.08807373046875 0.6658935546875
-0.083526611328125 0.173202514648438 -0.265411376953125 0.4713134765625
-0.15484619140625 0.0904388427734375 -0.103103637695313 0.141937255859375
-0.128578186035156 0.133834838867188 0.261032104492188 -0.13995361328125
-0.0273284912109375 0.20758056640625 0.360382080078125 -0.46649169921875
0.037200927734375 0.266189575195313 -0.00775146484375005 -0.56695556640625
0.044464111328125 0.20867919921875 -0.352874755859375 -0.271697998046875
-0.0338096618652344 0.0429840087890625 -0.387939453125 -0.00570678710937495
-0.0110931396484375 -0.131935119628906 -0.1937255859375 0.14935302734375
0.027130126953125 -0.169448852539063 -0.00461959838867187 -0.0286922454833984
0.08367919921875 -0.282928466796875 -0.103561401367188 0.146072387695312
0.00251770019531248 -0.212417602539063 0.038421630859375 -0.106475830078125
-0.0677375793457031 -0.0561714172363281 0.238815307617188 -0.117843627929688
-0.0265045166015625 0.193801879882813 0.323028564453125 0.1693115234375
-0.0107879638671875 0.2794189453125 0.0716552734375 0.5076904296875
-0.055084228515625 0.24188232421875 -0.2401123046875 0.61468505859375
-0.149887084960938 0.187164306640625 -0.284271240234375 0.38165283203125
-0.194595336914063 0.111801147460937 -0.0221023559570313 0.0900955200195312
-0.133773803710938 0.189559936523438 0.277420043945313 -0.224212646484375
0.001312255859375 0.273345947265625 0.22760009765625 -0.547119140625
0.062103271484375 0.30682373046875 -0.176422119140625 -0.532806396484375
0.03955078125 0.20147705078125 -0.386688232421875 -0.1812744140625
-0.0373649597167969 -0.0111007690429688 -0.304046630859375 0.05712890625
-0.00357055664062502 -0.195281982421875 -0.112258911132813 0.155853271484375
0.04425048828125 -0.21636962890625 0.0324020385742187 -0.0705413818359375
-0.0594482421875 0.203262329101562 -0.0465850830078125 0.123329162597656
0.0299072265625 0.23046875 0.033477783203125 -0.135116577148437
0.041351318359375 0.0835189819335938 0.190811157226563 -0.136260986328125
-0.0113601684570312 -0.1346435546875 0.36474609375 0.15142822265625
-0.05999755859375 -0.270034790039062 0.275238037109375 0.491607666015625
-0.015228271484375 -0.314666748046875 -0.0311279296875 0.57672119140625
0.139602661132812 -0.222381591796875 -0.215545654296875 0.361480712890625
0.250213623046875 -0.116424560546875 -0.0405197143554687 0.0573577880859375
0.225616455078125 -0.160507202148438 0.32745361328125 -0.256622314453125
0.128753662109375 -0.2427978515625 0.40478515625 -0.530853271484375
0.032806396484375 -0.299407958984375 0.039306640625 -0.56195068359375
-0.00871276855468748 -0.199066162109375 -0.291748046875 -0.225799560546875
0.0431709289550781 0.0095367431640625 -0.342437744140625 0.070404052734375
0.00877380371093751 0.227188110351563 -0.112869262695312 0.152267456054688
-0.0584259033203125 0.238311767578125 0.0894927978515625 -0.11962890625
-0.0547943115234375 0.176315307617187 -0.07000732421875 0.170211791992188
0.0174407958984375 0.216033935546875 -0.0297088623046875 -0.141525268554688
0.0264816284179688 0.12286376953125 0.0761566162109375 -0.182342529296875
0.0030364990234375 -0.0592269897460937 0.301300048828125 0.08905029296875
-0.050384521484375 -0.199188232421875 0.337066650390625 0.450469970703125
-0.034027099609375 -0.273880004882813 0.0905761718750001 0.62200927734375
0.10723876953125 -0.20941162109375 -0.1839599609375 0.45697021484375
0.22540283203125 -0.103973388671875 -0.113510131835938 0.114883422851563
0.2320556640625 -0.117263793945313 0.28240966796875 -0.175872802734375
0.16668701171875 -0.181182861328125 0.497283935546875 -0.442108154296875
0.0748748779296875 -0.252639770507813 0.196533203125 -0.57843017578125
-0.00160217285156249 -0.193496704101563 -0.23577880859375 -0.31842041015625
0.0214920043945313 -0.0275154113769531 -0.3912353515625 -0.00524902343749992
-0.00653076171874999 0.16705322265625 -0.186874389648438 0.145126342773438
-0.0606842041015625 0.2042236328125 0.0431709289550781 -0.0691261291503906
-0.0351791381835938 0.11175537109375 -0.0921630859375 0.206436157226563
0.00292968750000001 0.150436401367188 -0.06671142578125 -0.145523071289063
-0.00983428955078126 0.109024047851563 -0.0048828125 -0.224884033203125
-0.00452804565429687 0.00333261489868164 0.233474731445313 0.0401763916015625
-0.0324478149414062 -0.101882934570313 0.3525390625 0.41534423828125
-0.0226898193359375 -0.18511962890625 0.16650390625 0.65374755859375
0.081756591796875 -0.15155029296875 -0.15863037109375 0.532928466796875
0.169418334960937 -0.0745849609375 -0.170486450195312 0.162094116210938
0.188232421875 -0.0706329345703125 0.2266845703125 -0.116592407226563
0.152511596679688 -0.10791015625 0.533905029296875 -0.369110107421875
0.0883026123046875 -0.162521362304688 0.30181884765625 -0.5780029296875
0.0118484497070312 -0.134635925292969 -0.182891845703125 -0.382965087890625
0.00149345397949218 -0.0316219329833984 -0.41522216796875 -0.069915771484375
-0.0214157104492187 0.103187561035156 -0.245925903320312 0.137008666992188
-0.0499725341796875 0.140823364257812 0.00253868103027343 -0.0284080505371094
-0.00999259948730469 0.0202198028564453 -0.1107177734375 0.230194091796875
-0.00289535522460937 0.0506134033203125 -0.0880126953125 -0.145065307617187
-0.0503387451171875 0.0490875244140625 -0.0348663330078125 -0.248245239257813
-0.0259475708007813 0.0396728515625 0.198074340820313 0.008514404296875
-0.0147361755371094 -0.00777626037597656 0.342132568359375 0.396148681640625
0.00275421142578124 -0.0743255615234375 0.18524169921875 0.6776123046875
0.0591239929199219 -0.0632972717285156 -0.15594482421875 0.5777587890625
0.089996337890625 -0.0335693359375 -0.200302124023437 0.192092895507813
0.10107421875 -0.0290756225585938 0.193099975585938 -0.0823516845703125
0.0940780639648438 -0.039398193359375 0.536529541015625 -0.33673095703125
0.0673904418945313 -0.0562171936035156 0.3333740234375 -0.5755615234375
0.0202140808105469 -0.0410537719726563 -0.16778564453125 -0.414581298828125
-0.0138416290283203 -0.00243186950683594 -0.42864990234375 -0.105377197265625
-0.0249176025390625 0.0483169555664063 -0.27740478515625 0.131317138671875
-0.0357933044433594 0.0632247924804688 -0.0266189575195313 -0.00365638732910155
0.0216064453125 -0.0813980102539063 -0.124862670898438 0.234542846679687
-0.00376510620117187 -0.0613288879394531 -0.0894546508789062 -0.13751220703125
-0.08319091796875 -0.0286331176757812 -0.0153961181640625 -0.24725341796875
-0.0460357666015625 0.060577392578125 0.207870483398438 0.0059661865234375
0.000946044921875001 0.0808334350585938 0.319305419921875 0.3984375
0.0256004333496094 0.0423126220703125 0.144775390625 0.689697265625
0.0280799865722656 0.0346221923828125 -0.1796875 0.580078125
-0.000500679016113282 0.0136680603027344 -0.199691772460938 0.198440551757813
-0.000168800354003907 0.0153026580810547 0.193389892578125 -0.07073974609375
0.0222415924072266 0.0327243804931641 0.512176513671875 -0.3426513671875
0.0356521606445313 0.0599708557128906 0.28411865234375 -0.57830810546875
0.027008056640625 0.0673370361328125 -0.20355224609375 -0.404693603515625
-0.0254096984863281 0.0371627807617187 -0.435791015625 -0.10302734375
-0.023223876953125 -0.0052490234375 -0.28094482421875 0.133514404296875
-0.0148506164550781 -0.0209369659423828 -0.0380287170410156 0.0055999755859375
0.0489501953125 -0.177215576171875 -0.128570556640625 0.219940185546875
-0.00515747070312499 -0.156448364257813 -0.0701980590820313 -0.125236511230469
-0.099517822265625 -0.0831375122070312 0.0484771728515625 -0.220291137695312
-0.05047607421875 0.0908966064453125 0.253097534179688 0.03387451171875
0.0126953125 0.162933349609375 0.277587890625 0.424224853515625
0.029541015625 0.144744873046875 0.0550537109374999 0.68988037109375
-0.0185928344726563 0.119430541992188 -0.219970703125 0.545318603515625
-0.086273193359375 0.0567626953125 -0.165435791015625 0.181304931640625
-0.0824508666992188 0.070159912109375 0.223556518554688 -0.0894012451171875
-0.0241546630859375 0.117530822753906 0.45452880859375 -0.39556884765625
0.0238494873046875 0.175033569335938 0.1563720703125 -0.58282470703125
0.0373992919921875 0.158493041992188 -0.280029296875 -0.351287841796875
-0.0307044982910156 0.0592308044433594 -0.429656982421875 -0.0616455078125
-0.0175552368164063 -0.0649986267089844 -0.2520751953125 0.14276123046875
0.0064849853515625 -0.100692749023438 -0.0297813415527344 -0.00242042541503907
0.069122314453125 -0.2484130859375 -0.120529174804688 0.188796997070312
-0.00569152832031251 -0.20880126953125 -0.0277328491210938 -0.114410400390625
-0.0929031372070313 -0.089599609375 0.140792846679688 -0.1756591796875
-0.038299560546875 0.140464782714844 0.304107666015625 0.0897216796875
0.0142364501953125 0.235794067382813 0.2015380859375 0.46685791015625
0.00257873535156252 0.21722412109375 -0.0786743164062499 0.669189453125
-0.0816497802734375 0.17413330078125 -0.259796142578125 0.475311279296875
-0.154800415039063 0.0911865234375 -0.10211181640625 0.143646240234375
-0.128028869628906 0.134849548339844 0.2591552734375 -0.143234252929688
-0.0245513916015625 0.207977294921875 0.354339599609375 -0.471771240234375
0.0421600341796875 0.265426635742188 -0.0169067382812499 -0.56866455078125
0.0488739013671875 0.207611083984375 -0.356719970703125 -0.2674560546875
-0.0326881408691406 0.0438270568847656 -0.389007568359375 -0.000396728515625033
-0.0127182006835938 -0.131088256835938 -0.192413330078125 0.15283203125
0.0249481201171875 -0.16961669921875 -0.00457382202148437 -0.0282230377197266
0.0794677734375 -0.28472900390625 -0.10101318359375 0.146682739257812
0.000808715820312496 -0.211883544921875 0.0376663208007813 -0.106689453125
-0.0680503845214844 -0.0533943176269531 0.238037109375 -0.1217041015625
-0.0228729248046875 0.19390869140625 0.326080322265625 0.165130615234375
-0.00581359863281247 0.279998779296875 0.078643798828125 0.50872802734375
-0.05145263671875 0.243270874023438 -0.23101806640625 0.61822509765625
-0.147689819335938 0.189483642578125 -0.279205322265625 0.3851318359375
-0.1944580078125 0.1131591796875 -0.0209274291992188 0.0910720825195313
-0.132186889648438 0.191055297851563 0.27459716796875 -0.228759765625
0.00482177734375 0.274185180664062 0.220001220703125 -0.549713134765625
0.066864013671875 0.3055419921875 -0.184814453125 -0.531463623046875
0.0426788330078125 0.2015380859375 -0.3900146484375 -0.177337646484375
-0.0366134643554688 -0.0103950500488281 -0.3037109375 0.0615844726562501
-0.00671386718750001 -0.194686889648438 -0.10986328125 0.157394409179688
0.042266845703125 -0.215972900390625 0.0312576293945312 -0.070953369140625
-0.055999755859375 0.204010009765625 -0.04425048828125 0.123443603515625
0.0338134765625 0.228912353515625 0.031951904296875 -0.135215759277344
0.0417861938476563 0.0827560424804687 0.18939208984375 -0.138824462890625
-0.0135879516601563 -0.134567260742187 0.36688232421875 0.1458740234375
-0.0634918212890625 -0.2691650390625 0.28460693359375 0.488067626953125
-0.019378662109375 -0.314117431640625 -0.0233764648437499 0.57708740234375
0.1363525390625 -0.224456787109375 -0.21038818359375 0.36474609375
0.249038696289063 -0.119338989257813 -0.0391349792480469 0.0581169128417969
0.223831176757812 -0.16259765625 0.322113037109375 -0.2601318359375
0.125701904296875 -0.243560791015625 0.396881103515625 -0.536895751953125
0.027191162109375 -0.2991943359375 0.0323486328125 -0.56390380859375
-0.01214599609375 -0.199493408203125 -0.294708251953125 -0.223419189453125
0.0429954528808594 0.00785064697265625 -0.34185791015625 0.0749206542968749
0.012359619140625 0.226791381835938 -0.110137939453125 0.152923583984375
-0.055267333984375 0.238754272460937 0.0875244140625 -0.120262145996094
-0.0518341064453125 0.177230834960937 -0.0675811767578125 0.170806884765625
0.02056884765625 0.214462280273437 -0.0308609008789062 -0.140296936035156
0.0282058715820313 0.122406005859375 0.0738983154296875 -0.183639526367188
0.000816345214843748 -0.0594062805175781 0.304229736328125 0.084197998046875
-0.05322265625 -0.19805908203125 0.3438720703125 0.444915771484375
-0.03778076171875 -0.273239135742188 0.0989379882812501 0.61822509765625
0.104598999023438 -0.210296630859375 -0.17694091796875 0.459259033203125
0.223709106445313 -0.10614013671875 -0.111991882324219 0.117446899414063
0.2298583984375 -0.119781494140625 0.278793334960938 -0.179611206054687
0.163803100585938 -0.183563232421875 0.489898681640625 -0.4482421875
0.0711212158203125 -0.253250122070313 0.18792724609375 -0.5823974609375
-0.00410461425781252 -0.193084716796875 -0.2401123046875 -0.315338134765625
0.0207023620605469 -0.0285167694091797 -0.391082763671875 -0.00039672851562495
-0.00375366210937499 0.166595458984375 -0.184494018554688 0.147567749023438
-0.0570220947265625 0.20440673828125 0.041107177734375 -0.0690956115722656
-0.0334091186523438 0.111549377441406 -0.088836669921875 0.207138061523438
0.00567626953125 0.1495361328125 -0.0681610107421875 -0.144454956054688
-0.008270263671875 0.109565734863281 -0.00671386718750002 -0.224273681640625
-0.00497817993164063 0.00316476821899414 0.236434936523437 0.03692626953125
-0.0336990356445313 -0.101081848144531 0.359619140625 0.41009521484375
-0.0249176025390625 -0.184539794921875 0.1748046875 0.650634765625
0.0794219970703125 -0.152633666992188 -0.15087890625 0.53411865234375
0.167877197265625 -0.0767822265625 -0.168869018554688 0.164108276367187
0.185836791992187 -0.07354736328125 0.223678588867187 -0.11981201171875
0.151016235351562 -0.109664916992188 0.528564453125 -0.3775634765625
0.0857086181640625 -0.163864135742188 0.29376220703125 -0.5826416015625
0.00907135009765626 -0.135292053222656 -0.188568115234375 -0.38238525390625
0.000818252563476566 -0.0312480926513672 -0.416229248046875 -0.065643310546875
-0.019622802734375 0.103271484375 -0.243209838867188 0.140365600585938
-0.0480499267578125 0.141342163085938 0.00233268737792968 -0.0272216796875
-0.00928115844726563 0.0209980010986328 -0.106781005859375 0.231460571289062
-0.00110626220703125 0.0501785278320313 -0.0894927978515625 -0.14349365234375
-0.0500297546386719 0.0500564575195313 -0.0377655029296875 -0.248077392578125
-0.0245552062988281 0.0391807556152344 0.2000732421875 0.0064544677734375
-0.0144472122192383 -0.00866794586181641 0.349395751953125 0.391937255859375
0.0020751953125 -0.074981689453125 0.1942138671875 0.67498779296875
0.0577964782714844 -0.0647773742675781 -0.14837646484375 0.5794677734375
0.0887832641601563 -0.0347137451171875 -0.198883056640625 0.194732666015625
0.10003662109375 -0.0305938720703125 0.190673828125 -0.0858306884765625
0.093231201171875 -0.0403289794921875 0.53179931640625 -0.3426513671875
0.0662193298339844 -0.0576248168945313 0.32464599609375 -0.5806884765625
0.0206565856933594 -0.0417556762695313 -0.173065185546875 -0.412689208984375
-0.0142555236816406 -0.00235939025878906 -0.4298095703125 -0.0998535156250001
-0.0241622924804687 0.0479850769042969 -0.275115966796875 0.134628295898438
-0.0345344543457031 0.0631027221679688 -0.0266132354736328 -0.00227928161621094
0.0202484130859375 -0.0817337036132813 -0.12030029296875 0.235610961914062
-0.00370025634765625 -0.0618476867675781 -0.0907821655273437 -0.135101318359375
-0.0834503173828125 -0.026397705078125 -0.017578125 -0.246307373046875
-0.0444526672363281 0.0606536865234375 0.209518432617187 0.0028533935546875
0.0019989013671875 0.0792312622070313 0.32611083984375 0.39276123046875
0.026580810546875 0.0419082641601563 0.154541015625 0.68695068359375
0.0281944274902344 0.0334835052490234 -0.1722412109375 0.582763671875
-0.000756263732910155 0.012904167175293 -0.197906494140625 0.20111083984375
-0.000251770019531251 0.014988899230957 0.191482543945313 -0.0731201171875
0.0224990844726563 0.0319480895996094 0.507293701171875 -0.35052490234375
0.0369720458984375 0.0591087341308594 0.27471923828125 -0.5821533203125
0.0281448364257813 0.0663909912109375 -0.209197998046875 -0.402801513671875
-0.024017333984375 0.0375289916992187 -0.43719482421875 -0.0972900390625
-0.0230789184570313 -0.00509834289550781 -0.278594970703125 0.136734008789063
-0.0155448913574219 -0.0206508636474609 -0.0375137329101562 0.00638198852539062
0.0460968017578125 -0.177734375 -0.124969482421875 0.222030639648438
-0.00643920898437501 -0.155776977539062 -0.0717697143554688 -0.123695373535156
-0.100311279296875 -0.0805206298828125 0.0465087890625 -0.220596313476562
-0.0486602783203125 0.0913848876953125 0.254867553710937 0.0305328369140625
0.0154571533203125 0.162216186523438 0.2850341796875 0.419708251953125
0.0315704345703125 0.144332885742187 0.063720703125 0.6888427734375
-0.0176162719726563 0.118598937988281 -0.21307373046875 0.547454833984375
-0.0860366821289063 0.056976318359375 -0.163009643554687 0.183883666992188
-0.0820541381835938 0.0702056884765625 0.221450805664062 -0.09185791015625
-0.0220947265625 0.117660522460937 0.44879150390625 -0.40069580078125
0.0265655517578125 0.174163818359375 0.14776611328125 -0.5850830078125
0.0406494140625 0.157791137695313 -0.2855224609375 -0.3494873046875
-0.0291061401367188 0.0602302551269531 -0.430572509765625 -0.0568847656249999
-0.0189437866210937 -0.0644187927246094 -0.24957275390625 0.14605712890625
0.0051422119140625 -0.100166320800781 -0.0293693542480469 -0.00106048583984375
0.0654449462890625 -0.249786376953125 -0.118240356445313 0.1905517578125
-0.00744628906249998 -0.2083740234375 -0.0290985107421875 -0.113632202148438
-0.0941390991210938 -0.0877304077148437 0.1380615234375 -0.176910400390625
-0.0347442626953125 0.140609741210938 0.30657958984375 0.0853271484375
0.01904296875 0.235275268554688 0.207244873046875 0.464202880859375
0.00610351562500001 0.216583251953125 -0.069580078125 0.67022705078125
-0.0796051025390625 0.174591064453125 -0.253875732421875 0.47760009765625
-0.15447998046875 0.092987060546875 -0.100143432617188 0.145477294921875
-0.125732421875 0.135299682617188 0.25604248046875 -0.147018432617188
-0.022216796875 0.207901000976563 0.34857177734375 -0.476776123046875
0.0453643798828125 0.265213012695313 -0.025146484375 -0.568359375
0.0526275634765625 0.206741333007813 -0.36114501953125 -0.263641357421875
-0.0315475463867187 0.0445365905761719 -0.389984130859375 0.00448608398437499
-0.01416015625 -0.130485534667969 -0.188827514648438 0.155609130859375
0.02288818359375 -0.169143676757813 -0.00474739074707031 -0.0276527404785156
0.07476806640625 -0.28521728515625 -0.09881591796875 0.148162841796875
-0.000686645507812511 -0.210968017578125 0.0364761352539062 -0.106254577636719
-0.0681190490722656 -0.0521049499511719 0.2366943359375 -0.124465942382812
-0.0193328857421875 0.194808959960938 0.3291015625 0.16131591796875
-0.00189208984374997 0.279266357421875 0.085845947265625 0.507293701171875
-0.048583984375 0.243118286132813 -0.2225341796875 0.62078857421875
-0.1448974609375 0.19073486328125 -0.273712158203125 0.38922119140625
-0.193328857421875 0.1151123046875 -0.0193939208984375 0.09027099609375
-0.12994384765625 0.192230224609375 0.270950317382813 -0.232254028320313
0.00843811035156252 0.272857666015625 0.212005615234375 -0.5517578125
0.072479248046875 0.304779052734375 -0.193206787109375 -0.528656005859375
0.04736328125 0.2005615234375 -0.393218994140625 -0.171630859375
-0.03594970703125 -0.00971984863281249 -0.30340576171875 0.0657958984375
-0.00897216796875001 -0.194549560546875 -0.108108520507813 0.159561157226563
0.0386505126953125 -0.216323852539063 0.0303497314453125 -0.0700759887695313
-0.0536651611328125 0.204421997070313 -0.041473388671875 0.123237609863281
0.036865234375 0.226409912109375 0.0303802490234375 -0.135627746582031
0.0425491333007813 0.081756591796875 0.188262939453125 -0.141372680664063
-0.0171890258789063 -0.134178161621094 0.3699951171875 0.1402587890625
-0.06732177734375 -0.26806640625 0.29058837890625 0.483673095703125
-0.0230712890625 -0.312744140625 -0.01629638671875 0.5765380859375
0.133255004882812 -0.225372314453125 -0.205169677734375 0.36651611328125
0.246505737304687 -0.121841430664062 -0.0381965637207031 0.0589714050292969
0.221038818359375 -0.165069580078125 0.31787109375 -0.26409912109375
0.12255859375 -0.24462890625 0.389190673828125 -0.54119873046875
0.022491455078125 -0.299163818359375 0.0251464843749999 -0.56304931640625
-0.0159759521484375 -0.198532104492187 -0.297576904296875 -0.219879150390625
0.0421142578125 0.0069427490234375 -0.34002685546875 0.07830810546875
0.0159759521484375 0.224334716796875 -0.108306884765625 0.153839111328125
-0.0518035888671875 0.2381591796875 0.08599853515625 -0.12017822265625
-0.04925537109375 0.177139282226563 -0.063995361328125 0.171234130859375
0.0244598388671875 0.21343994140625 -0.0325546264648437 -0.139801025390625
0.0295791625976562 0.12176513671875 0.0720062255859375 -0.183914184570312
-0.000427246093750001 -0.0597915649414063 0.305816650390625 0.079833984375
-0.0561981201171875 -0.197250366210937 0.35101318359375 0.439544677734375
-0.04156494140625 -0.271408081054688 0.10595703125 0.61773681640625
0.101898193359375 -0.210433959960938 -0.17169189453125 0.459716796875
0.22198486328125 -0.10845947265625 -0.110031127929687 0.118476867675781
0.227890014648438 -0.123001098632813 0.274627685546875 -0.182342529296875
0.160537719726563 -0.184249877929688 0.483734130859375 -0.4549560546875
0.0675811767578125 -0.253662109375 0.18121337890625 -0.58489990234375
-0.00717163085937498 -0.193466186523438 -0.24365234375 -0.313079833984375
0.0196590423583984 -0.0296058654785156 -0.39129638671875 0.00317382812499999
-0.00213623046874998 0.165847778320313 -0.181671142578125 0.149200439453125
-0.0546722412109375 0.204315185546875 0.0403022766113281 -0.0692367553710937
-0.03155517578125 0.111930847167969 -0.0844879150390625 0.207412719726563
0.00813293457031249 0.148223876953125 -0.06927490234375 -0.14361572265625
-0.00643920898437499 0.109420776367188 -0.00949096679687498 -0.22296142578125
-0.00534391403198242 0.00302600860595703 0.237655639648438 0.0331878662109375
-0.0347213745117188 -0.101692199707031 0.36578369140625 0.404937744140625
-0.0275421142578125 -0.183837890625 0.1812744140625 0.647705078125
0.0776824951171875 -0.15362548828125 -0.145050048828125 0.53485107421875
0.16644287109375 -0.0783233642578125 -0.166580200195313 0.166534423828125
0.184555053710938 -0.075286865234375 0.220382690429688 -0.121612548828125
0.149444580078125 -0.1107177734375 0.523590087890625 -0.3841552734375
0.08392333984375 -0.164291381835937 0.2843017578125 -0.58563232421875
0.0070037841796875 -0.134918212890625 -0.19317626953125 -0.379913330078125
3.62396240234379E-05 -0.0316543579101563 -0.4171142578125 -0.0609741210937501
-0.0179977416992187 0.10357666015625 -0.24029541015625 0.142929077148438
-0.0457305908203125 0.141433715820313 0.00154495239257812 -0.02703857421875
-0.00931930541992188 0.0208187103271484 -0.102615356445312 0.232696533203125
0.000659942626953122 0.0500526428222656 -0.0906524658203125 -0.140777587890625
-0.04852294921875 0.0509986877441406 -0.0408477783203125 -0.24664306640625
-0.0248794555664063 0.0387954711914063 0.201309204101563 0.0032501220703125
-0.0145454406738281 -0.00772666931152344 0.35406494140625 0.386505126953125
0.000694274902343746 -0.0742416381835937 0.2025146484375 0.670654296875
0.0568923950195313 -0.0652503967285156 -0.14013671875 0.5804443359375
0.0884857177734375 -0.0356979370117188 -0.195632934570312 0.196701049804688
0.0991744995117188 -0.032196044921875 0.188522338867188 -0.0874786376953125
0.09222412109375 -0.0415267944335938 0.52606201171875 -0.350341796875
0.065887451171875 -0.0578155517578125 0.31732177734375 -0.58441162109375
0.0197372436523438 -0.0416297912597656 -0.179290771484375 -0.411651611328125
-0.0147790908813477 -0.00222206115722657 -0.4310302734375 -0.0940856933593751
-0.0237960815429688 0.0479850769042969 -0.271697998046875 0.137359619140625
-0.0338325500488281 0.0637054443359375 -0.0268878936767578 -0.0015869140625
0.0186080932617188 -0.0823822021484375 -0.1171875 0.237274169921875
-0.00372314453124999 -0.0612640380859375 -0.0918426513671875 -0.132652282714844
-0.0831527709960938 -0.0249404907226562 -0.0195465087890625 -0.244979858398438
-0.0432701110839844 0.0605316162109375 0.210205078125 3.70637009095258E-18
0.0039825439453125 0.079345703125 0.331085205078125 0.389190673828125
0.0271492004394531 0.0412216186523438 0.16314697265625 0.683349609375
0.0288639068603516 0.0328769683837891 -0.16546630859375 0.58380126953125
-0.00115203857421875 0.0125818252563477 -0.1951904296875 0.2032470703125
-0.000325202941894533 0.0138254165649414 0.189300537109375 -0.07537841796875
0.0224666595458984 0.0317897796630859 0.500946044921875 -0.356231689453125
0.0376052856445313 0.0587120056152344 0.2677001953125 -0.5858154296875
0.029815673828125 0.0655899047851563 -0.213958740234375 -0.400238037109375
-0.0236358642578125 0.0380973815917969 -0.43804931640625 -0.0921630859375
-0.0234870910644531 -0.00490760803222657 -0.276168823242188 0.139755249023438
-0.0146522521972656 -0.0202713012695312 -0.0377082824707031 0.00754165649414062
0.0438232421875 -0.177337646484375 -0.121856689453125 0.2222900390625
-0.00746154785156248 -0.15478515625 -0.0726776123046875 -0.122062683105469
-0.100921630859375 -0.0789794921875 0.0435791015625 -0.220428466796875
-0.04638671875 0.09173583984375 0.255844116210938 0.027374267578125
0.0178070068359375 0.161605834960938 0.289794921875 0.416473388671875
0.034027099609375 0.143829345703125 0.0740966796875001 0.68731689453125
-0.0162353515625 0.118453979492188 -0.205718994140625 0.549560546875
-0.0858306884765625 0.0572357177734375 -0.161392211914062 0.185562133789063
-0.0815353393554688 0.0708160400390625 0.219253540039063 -0.0943603515625
-0.0205764770507812 0.118072509765625 0.441925048828125 -0.40576171875
0.0288543701171875 0.173080444335938 0.1397705078125 -0.58685302734375
0.0435333251953125 0.156936645507812 -0.289459228515625 -0.3447265625
-0.0279769897460938 0.0604591369628906 -0.430450439453125 -0.0514526367187501
-0.0194091796875 -0.0633926391601562 -0.24688720703125 0.148849487304687
0.004669189453125 -0.0995025634765625 -0.0293750762939453 -0.000988006591796884
0.0616607666015625 -0.249893188476563 -0.11492919921875 0.191024780273437
-0.00885009765625 -0.207275390625 -0.0297698974609375 -0.112503051757813
-0.0948104858398438 -0.0854721069335938 0.136810302734375 -0.178421020507812
-0.0320281982421875 0.1407470703125 0.30841064453125 0.081756591796875
0.0226898193359375 0.234054565429688 0.213226318359375 0.459991455078125
0.00898742675781249 0.215911865234375 -0.059814453125 0.6697998046875
-0.0779266357421875 0.174270629882812 -0.246978759765625 0.481414794921875
-0.15325927734375 0.0950164794921875 -0.0979156494140625 0.145965576171875
-0.124031066894531 0.136161804199219 0.254013061523438 -0.149261474609375
-0.0195465087890625 0.207473754882813 0.34228515625 -0.479736328125
0.049163818359375 0.2628173828125 -0.03192138671875 -0.56793212890625
0.0566253662109375 0.20526123046875 -0.363983154296875 -0.258270263671875
-0.0305404663085938 0.0453758239746094 -0.38934326171875 0.00979614257812508
-0.015380859375 -0.129905700683594 -0.186767578125 0.1583251953125
0.0210723876953125 -0.168670654296875 -0.0052947998046875 -0.0262985229492188
0.071533203125 -0.285736083984375 -0.0960235595703125 0.149017333984375
-0.00256347656250001 -0.210098266601563 0.0357742309570313 -0.105720520019531
-0.0674362182617188 -0.0497932434082031 0.234939575195313 -0.126693725585938
-0.01513671875 0.194427490234375 0.33233642578125 0.157470703125
0.00338745117187498 0.278564453125 0.093475341796875 0.505462646484375
-0.045013427734375 0.243072509765625 -0.2139892578125 0.6221923828125
-0.142288208007813 0.191986083984375 -0.268035888671875 0.3916015625
-0.19195556640625 0.115997314453125 -0.0184402465820313 0.0909271240234375
-0.127334594726562 0.192352294921875 0.26763916015625 -0.235458374023437
0.012054443359375 0.272293090820313 0.204986572265625 -0.553131103515625
0.07635498046875 0.302581787109375 -0.199310302734375 -0.526092529296875
0.0503692626953125 0.19903564453125 -0.3944091796875 -0.167083740234375
-0.0351371765136719 -0.00807380676269532 -0.302734375 0.0692138671875
-0.0109100341796875 -0.192855834960938 -0.105606079101562 0.160720825195313
0.0365753173828125 -0.215744018554688 0.0297698974609375 -0.0692481994628906
-0.0516204833984375 0.204177856445313 -0.0401687622070313 0.122947692871094
0.039093017578125 0.223846435546875 0.0289840698242187 -0.136642456054688
0.0438690185546875 0.0820846557617188 0.186019897460938 -0.143325805664063
-0.0188064575195313 -0.134391784667969 0.37109375 0.134918212890625
-0.0703582763671875 -0.266342163085938 0.29559326171875 0.4794921875
-0.02667236328125 -0.31097412109375 -0.0108032226562499 0.5750732421875
0.129745483398437 -0.226089477539063 -0.200286865234375 0.368133544921875
0.244552612304688 -0.123764038085938 -0.0373420715332031 0.0594367980957031
0.218887329101563 -0.166763305664063 0.31353759765625 -0.266754150390625
0.11883544921875 -0.244781494140625 0.3812255859375 -0.54486083984375
0.018524169921875 -0.29791259765625 0.0181884765625 -0.56341552734375
-0.01861572265625 -0.1978759765625 -0.300079345703125 -0.216094970703125
0.0417022705078125 0.00573348999023438 -0.33807373046875 0.0813903808593751
0.018096923828125 0.223159790039063 -0.106109619140625 0.154083251953125
-0.0482940673828125 0.238037109375 0.0827560424804688 -0.119888305664062
-0.047210693359375 0.177490234375 -0.0605621337890625 0.17034912109375
0.0270233154296875 0.210861206054688 -0.0337142944335937 -0.138999938964844
0.0303802490234375 0.121589660644531 0.06988525390625 -0.18426513671875
-0.00207901000976562 -0.0599098205566406 0.30645751953125 0.07550048828125
-0.0584716796875 -0.195831298828125 0.355133056640625 0.4337158203125
-0.0450897216796875 -0.270004272460938 0.11346435546875 0.614501953125
0.098724365234375 -0.210723876953125 -0.165985107421875 0.461944580078125
0.219955444335937 -0.110336303710937 -0.108840942382812 0.119247436523438
0.225662231445313 -0.124221801757813 0.270050048828125 -0.18475341796875
0.15869140625 -0.185958862304688 0.475677490234375 -0.45965576171875
0.0637359619140625 -0.252761840820313 0.17279052734375 -0.58575439453125
-0.00915527343749999 -0.192916870117187 -0.246917724609375 -0.310699462890625
0.0191497802734375 -0.0297737121582031 -0.389495849609375 0.00796508789062502
0.000762939453125005 0.1649169921875 -0.178817749023438 0.149948120117187
-0.0509033203125 0.204086303710938 0.0391120910644531 -0.0689811706542969
-0.0301971435546875 0.112174987792969 -0.081573486328125 0.206832885742188
0.01068115234375 0.146682739257812 -0.0706939697265625 -0.141098022460937
-0.00511932373046875 0.109092712402344 -0.01116943359375 -0.222000122070313
-0.0056157112121582 0.00234746932983398 0.239028930664062 0.0298919677734375
-0.0363235473632812 -0.100936889648438 0.3695068359375 0.399169921875
-0.02984619140625 -0.18304443359375 0.18914794921875 0.64306640625
0.076202392578125 -0.154693603515625 -0.137969970703125 0.534515380859375
0.165115356445313 -0.0799102783203125 -0.164260864257813 0.168197631835937
0.182830810546875 -0.0769500732421875 0.217758178710937 -0.12353515625
0.147842407226563 -0.111907958984375 0.515960693359375 -0.387908935546875
0.0808563232421875 -0.165267944335938 0.27728271484375 -0.588134765625
0.00610351562500001 -0.135337829589844 -0.197540283203125 -0.37884521484375
-0.000713348388671877 -0.03216552734375 -0.4158935546875 -0.0551147460937499
-0.0160369873046875 0.102760314941406 -0.237411499023437 0.14459228515625
-0.0435333251953125 0.141387939453125 0.000511169433593746 -0.0265140533447266
-0.00892829895019531 0.02081298828125 -0.09906005859375 0.232666015625
0.00188446044921875 0.0496292114257812 -0.091705322265625 -0.138778686523438
-0.0477752685546875 0.0519256591796875 -0.0425872802734375 -0.2445068359375
-0.0240058898925781 0.0385665893554687 0.20245361328125 0.000244140625000002
-0.014246940612793 -0.00803375244140625 0.3585205078125 0.380340576171875
0.000259399414062494 -0.073822021484375 0.20947265625 0.66656494140625
0.0555267333984375 -0.0660476684570313 -0.13348388671875 0.57861328125
0.087646484375 -0.0370941162109375 -0.193756103515625 0.19879150390625
0.097564697265625 -0.0327987670898438 0.185623168945313 -0.0889892578125
0.090911865234375 -0.0421218872070313 0.51812744140625 -0.35418701171875
0.0649261474609375 -0.0582084655761719 0.30987548828125 -0.58807373046875
0.0189933776855469 -0.0418128967285156 -0.183197021484375 -0.40838623046875
-0.0145750045776367 -0.00253582000732422 -0.430633544921875 -0.090087890625
-0.0229377746582031 0.048187255859375 -0.269851684570313 0.139663696289062
-0.0330276489257813 0.0637397766113281 -0.0262451171875 -0.0011310577392578
0.01824951171875 -0.0821914672851563 -0.112716674804688 0.237167358398437
-0.00325775146484375 -0.0611114501953125 -0.0928268432617187 -0.131217956542969
-0.0826950073242188 -0.0231781005859375 -0.022125244140625 -0.243972778320313
-0.0423049926757812 0.0603103637695313 0.211578369140625 -0.00189208984375
0.00469970703125 0.0790863037109375 0.33392333984375 0.38385009765625
0.0275382995605469 0.0408477783203125 0.17034912109375 0.67938232421875
0.0289726257324219 0.0320472717285156 -0.15667724609375 0.5830078125
-0.00140857696533203 0.0120916366577148 -0.1920166015625 0.205108642578125
-0.000859260559082033 0.0140409469604492 0.186935424804688 -0.07769775390625
0.0225639343261719 0.0312042236328125 0.4949951171875 -0.36114501953125
0.0382308959960938 0.05841064453125 0.259765625 -0.58892822265625
0.03033447265625 0.06451416015625 -0.2181396484375 -0.397216796875
-0.0228424072265625 0.0383338928222656 -0.43798828125 -0.0867309570312501
-0.0228271484375 -0.00451087951660157 -0.273223876953125 0.142227172851562
-0.0155487060546875 -0.0195598602294922 -0.0372772216796875 0.00847244262695312
0.041290283203125 -0.177200317382812 -0.11810302734375 0.222763061523438
-0.00859069824218752 -0.154205322265625 -0.0739288330078125 -0.120208740234375
-0.100669860839844 -0.0760574340820313 0.0415802001953125 -0.219467163085937
-0.04412841796875 0.0916748046875 0.257034301757812 0.024444580078125
0.0205535888671875 0.160476684570312 0.294525146484375 0.411651611328125
0.036224365234375 0.142181396484375 0.0797119140625 0.6832275390625
-0.0146255493164063 0.117263793945313 -0.1988525390625 0.54962158203125
-0.0866241455078125 0.0582199096679687 -0.158340454101563 0.186920166015625
-0.081085205078125 0.0710525512695313 0.216934204101563 -0.0970001220703125
-0.0197525024414063 0.11773681640625 0.437286376953125 -0.4088134765625
0.031280517578125 0.171722412109375 0.13330078125 -0.58807373046875
0.045379638671875 0.155288696289063 -0.29339599609375 -0.341827392578125
-0.0267181396484375 0.0610542297363281 -0.429962158203125 -0.046478271484375
-0.0193939208984375 -0.062835693359375 -0.2442626953125 0.150924682617188
0.00343322753906251 -0.0993499755859375 -0.0296974182128906 0.00067710876464843
0.0583648681640625 -0.2498779296875 -0.11138916015625 0.191665649414062
-0.0102081298828125 -0.206192016601563 -0.0306320190429687 -0.111076354980469
-0.09478759765625 -0.0824356079101563 0.134811401367188 -0.179824829101563
-0.029510498046875 0.141159057617187 0.3095703125 0.077789306640625
0.025787353515625 0.23211669921875 0.219024658203125 0.457611083984375
0.0117645263671875 0.214263916015625 -0.05230712890625 0.668212890625
-0.075775146484375 0.174606323242188 -0.23980712890625 0.480621337890625
-0.153106689453125 0.0950927734375 -0.0966033935546875 0.147293090820313
-0.123313903808594 0.137100219726563 0.250625610351563 -0.152023315429688
-0.0167236328125 0.206619262695313 0.335662841796875 -0.481964111328125
0.0531158447265625 0.261795043945313 -0.039306640625 -0.56549072265625
0.0590972900390625 0.203582763671875 -0.36553955078125 -0.2535400390625
-0.0288619995117188 0.046173095703125 -0.387939453125 0.0138854980468749
-0.01715087890625 -0.128654479980469 -0.184600830078125 0.159530639648437
0.018768310546875 -0.168075561523438 -0.00543022155761719 -0.0253486633300781
0.066802978515625 -0.285400390625 -0.0936126708984375 0.149673461914062
-0.00404357910156251 -0.209197998046875 0.0347671508789063 -0.105873107910156
-0.0675430297851563 -0.0483779907226563 0.232681274414063 -0.129592895507813
-0.012420654296875 0.193618774414063 0.334259033203125 0.15325927734375
0.0066680908203125 0.277175903320313 0.098846435546875 0.50469970703125
-0.042083740234375 0.2430419921875 -0.20574951171875 0.6240234375
-0.140151977539063 0.191513061523438 -0.26458740234375 0.39263916015625
-0.191680908203125 0.11749267578125 -0.0174560546875 0.0909652709960938
-0.125320434570312 0.192733764648438 0.2640380859375 -0.237167358398438
0.0152587890625 0.270172119140625 0.197021484375 -0.553802490234375
0.080169677734375 0.300323486328125 -0.20684814453125 -0.52166748046875
0.05377197265625 0.197677612304688 -0.39605712890625 -0.1612548828125
-0.0349006652832031 -0.00749015808105469 -0.3017578125 0.072784423828125
-0.0135955810546875 -0.191162109375 -0.103378295898437 0.162063598632813
0.0341796875 -0.215362548828125 0.0285263061523438 -0.0693359375
-0.048736572265625 0.203750610351562 -0.0379486083984375 0.12213134765625
0.0422821044921875 0.221771240234375 0.028076171875 -0.136154174804688
0.043975830078125 0.080474853515625 0.183624267578125 -0.144485473632812
-0.0214691162109375 -0.133659362792969 0.372161865234375 0.130279541015625
-0.074005126953125 -0.26446533203125 0.30023193359375 0.47418212890625
-0.0301513671875 -0.308990478515625 -0.00531005859374995 0.5732421875
0.127365112304687 -0.22601318359375 -0.19586181640625 0.369110107421875
0.243148803710938 -0.125167846679688 -0.0359954833984375 0.060638427734375
0.215164184570312 -0.16766357421875 0.308074951171875 -0.26898193359375
0.116104125976562 -0.244659423828125 0.37408447265625 -0.546417236328125
0.015838623046875 -0.29644775390625 0.011810302734375 -0.561248779296875
-0.0212554931640625 -0.197647094726562 -0.301483154296875 -0.2132568359375
0.0411224365234375 0.00505447387695313 -0.3355712890625 0.08489990234375
0.02105712890625 0.221145629882813 -0.10357666015625 0.1536865234375
-0.0452117919921875 0.236831665039063 0.0806732177734375 -0.119766235351563
-0.0458984375 0.176528930664063 -0.058197021484375 0.169845581054688
0.029815673828125 0.208343505859375 -0.0343704223632813 -0.138496398925781
0.0316925048828125 0.120719909667969 0.0683746337890625 -0.18389892578125
-0.00353622436523437 -0.0602684020996094 0.307373046875 0.071807861328125
-0.0606689453125 -0.19464111328125 0.360748291015625 0.42840576171875
-0.047943115234375 -0.268280029296875 0.11737060546875 0.61114501953125
0.096343994140625 -0.211441040039063 -0.160003662109375 0.4609375
0.218612670898438 -0.111785888671875 -0.106582641601562 0.120399475097656
0.222732543945313 -0.125274658203125 0.26708984375 -0.186798095703125
0.155502319335938 -0.186080932617188 0.468505859375 -0.462310791015625
0.0608367919921875 -0.252960205078125 0.16619873046875 -0.58624267578125
-0.011688232421875 -0.192138671875 -0.249725341796875 -0.307952880859375
0.0187950134277344 -0.0304946899414063 -0.388702392578125 0.01129150390625
0.00262451171874999 0.16302490234375 -0.177169799804687 0.151138305664063
-0.0489044189453125 0.203338623046875 0.0378913879394531 -0.0686073303222656
-0.029693603515625 0.112075805664063 -0.0776824951171875 0.20684814453125
0.0128173828125 0.145675659179688 -0.07135009765625 -0.139785766601563
-0.003692626953125 0.108856201171875 -0.0123748779296875 -0.22039794921875
-0.00612401962280274 0.00206899642944336 0.240142822265625 0.026824951171875
-0.0372390747070312 -0.100746154785156 0.37255859375 0.394683837890625
-0.031646728515625 -0.181365966796875 0.19354248046875 0.63848876953125
0.0732574462890625 -0.154159545898438 -0.131988525390625 0.533355712890625
0.163406372070313 -0.0809783935546875 -0.161422729492187 0.1693115234375
0.180999755859375 -0.0782623291015625 0.214202880859375 -0.12506103515625
0.145706176757813 -0.113143920898438 0.508392333984375 -0.392547607421875
0.0782928466796875 -0.165145874023438 0.27020263671875 -0.590087890625
0.00372314453125001 -0.135307312011719 -0.2003173828125 -0.376617431640625
-0.00144195556640625 -0.0321979522705078 -0.415679931640625 -0.05169677734375
-0.0155105590820313 0.101760864257813 -0.235031127929688 0.145370483398437
-0.041717529296875 0.140792846679687 -0.000209808349609375 -0.0256519317626953
-0.00841331481933594 0.0205287933349609 -0.09442138671875 0.23187255859375
0.00302886962890625 0.0483741760253906 -0.09210205078125 -0.136863708496094
-0.0466499328613281 0.0523147583007813 -0.0440826416015625 -0.243255615234375
-0.0235557556152344 0.0383529663085937 0.203170776367188 -0.0016937255859375
-0.0138130187988281 -0.00818920135498047 0.36212158203125 0.375244140625
-0.000358581542968753 -0.0734786987304688 0.2147216796875 0.6607666015625
0.0547332763671875 -0.0667610168457031 -0.12652587890625 0.5770263671875
0.0867233276367188 -0.0375137329101563 -0.19158935546875 0.199600219726562
0.0965957641601563 -0.0345001220703125 0.182464599609375 -0.090240478515625
0.0899505615234375 -0.042694091796875 0.512542724609375 -0.358734130859375
0.0640602111816406 -0.0595817565917969 0.30194091796875 -0.58941650390625
0.0192947387695313 -0.0422706604003906 -0.186431884765625 -0.407135009765625
-0.0146913528442383 -0.001739501953125 -0.42974853515625 -0.085479736328125
-0.02239990234375 0.0484771728515625 -0.267303466796875 0.141143798828125
-0.0313529968261719 0.0638389587402344 -0.0266838073730469 0.000152587890625007
0.0169601440429688 -0.0822830200195313 -0.109054565429687 0.237030029296875
-0.00310897827148438 -0.0612983703613281 -0.093505859375 -0.129180908203125
-0.0830764770507813 -0.0219192504882812 -0.0240020751953125 -0.2427978515625
-0.0413856506347656 0.0608100891113281 0.212005615234375 -0.0044403076171875
0.00641632080078126 0.0774688720703125 0.337615966796875 0.379364013671875
0.0284156799316406 0.0401573181152344 0.1766357421875 0.675537109375
0.0294589996337891 0.0314617156982422 -0.1505126953125 0.58245849609375
-0.00192928314208984 0.0115489959716797 -0.189361572265625 0.206039428710938
-0.00143051147460937 0.0131769180297852 0.184951782226563 -0.0787200927734375
0.0223598480224609 0.0310707092285156 0.488311767578125 -0.362884521484375
0.0384407043457031 0.0570297241210938 0.2529296875 -0.5887451171875
0.0320281982421875 0.0639076232910156 -0.22100830078125 -0.39508056640625
-0.0225486755371094 0.0382194519042969 -0.437408447265625 -0.0821838378906251
-0.0224285125732422 -0.00369453430175782 -0.27044677734375 0.1444091796875
-0.0147018432617187 -0.0192642211914063 -0.0372543334960938 0.00981140136718749
0.0393218994140625 -0.176742553710938 -0.11419677734375 0.222946166992187
-0.00932312011718748 -0.15374755859375 -0.0740966796875 -0.118759155273438
-0.100868225097656 -0.0738525390625 0.0401611328125 -0.219024658203125
-0.043212890625 0.0919113159179688 0.25762939453125 0.0211944580078125
0.0229339599609375 0.158645629882813 0.29827880859375 0.408172607421875
0.0370025634765625 0.141204833984375 0.0877685546875001 0.6788330078125
-0.01385498046875 0.116889953613281 -0.192169189453125 0.548980712890625
-0.08587646484375 0.0570831298828125 -0.15606689453125 0.187911987304688
-0.0803298950195312 0.0710983276367188 0.214279174804688 -0.0991668701171875
-0.0184478759765625 0.117012023925781 0.42840576171875 -0.41265869140625
0.0338134765625 0.170333862304688 0.12811279296875 -0.5869140625
0.047943115234375 0.154190063476563 -0.29620361328125 -0.337860107421875
-0.0255317687988281 0.0612907409667969 -0.42926025390625 -0.04254150390625
-0.0203704833984375 -0.0619850158691406 -0.241714477539063 0.152572631835937
0.00215148925781251 -0.098846435546875 -0.0291614532470703 0.00157928466796875
0.0550537109375 -0.249130249023438 -0.109222412109375 0.190963745117187
-0.0116119384765625 -0.204925537109375 -0.0310134887695313 -0.109550476074219
-0.09515380859375 -0.0807342529296875 0.133010864257813 -0.179336547851563
-0.02667236328125 0.140052795410156 0.310699462890625 0.074554443359375
0.0286407470703125 0.231048583984375 0.223480224609375 0.455108642578125
0.0135498046875 0.213577270507813 -0.0440673828125 0.666015625
-0.07373046875 0.173965454101563 -0.233856201171875 0.481597900390625
-0.15216064453125 0.094451904296875 -0.0943450927734375 0.147567749023438
-0.122001647949219 0.136688232421875 0.248016357421875 -0.153701782226563
-0.015106201171875 0.205551147460938 0.32916259765625 -0.4835205078125
0.0560455322265625 0.259445190429688 -0.04437255859375 -0.56390380859375
0.0616607666015625 0.20159912109375 -0.367431640625 -0.25067138671875
-0.0278091430664063 0.0463066101074219 -0.3875732421875 0.017364501953125
-0.0188369750976563 -0.127479553222656 -0.181838989257813 0.161758422851563
0.017578125 -0.167678833007813 -0.00542831420898438 -0.0247879028320313
0.064239501953125 -0.284515380859375 -0.091552734375 0.14898681640625
-0.00500488281250002 -0.207427978515625 0.034332275390625 -0.105087280273438
-0.0672264099121094 -0.0463485717773438 0.230865478515625 -0.130844116210938
-0.009124755859375 0.19317626953125 0.335296630859375 0.1488037109375
0.0107421875 0.275558471679688 0.10430908203125 0.5015869140625
-0.0399169921875 0.242431640625 -0.19915771484375 0.623046875
-0.138504028320313 0.191558837890625 -0.258087158203125 0.393524169921875
-0.1903076171875 0.117889404296875 -0.0163040161132813 0.0909576416015625
-0.1234130859375 0.192611694335937 0.260696411132812 -0.238876342773438
0.018280029296875 0.268630981445312 0.1912841796875 -0.55364990234375
0.083526611328125 0.297271728515625 -0.21002197265625 -0.51708984375
0.0565948486328125 0.19537353515625 -0.396331787109375 -0.157958984375
-0.0338878631591797 -0.00678443908691406 -0.30078125 0.07574462890625
-0.015533447265625 -0.19024658203125 -0.101470947265625 0.162078857421875
0.0320281982421875 -0.214584350585938 0.0275993347167969 -0.0678443908691406
-0.0471343994140625 0.203125 -0.0357208251953125 0.120811462402344
0.0434722900390625 0.219589233398438 0.02716064453125 -0.135917663574219
0.04473876953125 0.0797042846679688 0.181838989257813 -0.144866943359375
-0.0232315063476563 -0.133323669433594 0.372222900390625 0.126190185546875
-0.0759429931640625 -0.262100219726563 0.30389404296875 0.469573974609375
-0.0328369140625 -0.3060302734375 -0.00164794921875002 0.5706787109375
0.12451171875 -0.226119995117187 -0.19146728515625 0.369110107421875
0.240081787109375 -0.125961303710938 -0.035430908203125 0.0607643127441406
0.2132568359375 -0.168045043945313 0.30401611328125 -0.269683837890625
0.113540649414062 -0.243850708007813 0.367919921875 -0.54791259765625
0.01123046875 -0.294952392578125 0.00665283203124997 -0.560882568359375
-0.02398681640625 -0.196334838867187 -0.3026123046875 -0.210601806640625
0.0406227111816406 0.00366973876953125 -0.333221435546875 0.0876770019531251
0.0237884521484375 0.218658447265625 -0.101608276367187 0.153961181640625
-0.042724609375 0.235107421875 0.0784683227539063 -0.119293212890625
-0.0436553955078125 0.176071166992188 -0.0555572509765625 0.168807983398438
0.031768798828125 0.206146240234375 -0.0346527099609375 -0.136993408203125
0.033355712890625 0.119514465332031 0.06671142578125 -0.183319091796875
-0.00510025024414062 -0.0603713989257812 0.308074951171875 0.06829833984375
-0.0623626708984375 -0.193008422851563 0.3623046875 0.422698974609375
-0.050048828125 -0.265762329101563 0.1209716796875 0.60614013671875
0.0932464599609375 -0.210662841796875 -0.156097412109375 0.45928955078125
0.215988159179688 -0.11285400390625 -0.104888916015625 0.120697021484375
0.220184326171875 -0.126022338867188 0.262725830078125 -0.187728881835937
0.152938842773438 -0.18609619140625 0.462158203125 -0.46392822265625
0.0579376220703125 -0.252304077148438 0.16241455078125 -0.586181640625
-0.0137481689453125 -0.191192626953125 -0.251922607421875 -0.305084228515625
0.0172348022460938 -0.0306758880615234 -0.3858642578125 0.014404296875
0.00410461425781251 0.162338256835937 -0.174636840820312 0.151824951171875
-0.046356201171875 0.202301025390625 0.0363731384277344 -0.0678672790527344
-0.02874755859375 0.111770629882813 -0.07489013671875 0.20587158203125
0.01470947265625 0.14361572265625 -0.0711593627929688 -0.138069152832031
-0.00244903564453125 0.108436584472656 -0.0143890380859375 -0.219329833984375
-0.00687599182128906 0.0014338493347168 0.240081787109375 0.0243072509765625
-0.0383148193359375 -0.0997390747070313 0.374725341796875 0.389068603515625
-0.0325927734375 -0.180831909179687 0.197021484375 0.63397216796875
0.071014404296875 -0.154220581054688 -0.1273193359375 0.532623291015625
0.162200927734375 -0.08160400390625 -0.160308837890625 0.169448852539063
0.178848266601563 -0.079315185546875 0.211013793945313 -0.126251220703125
0.144210815429688 -0.113449096679688 0.502471923828125 -0.395416259765625
0.0770111083984375 -0.164932250976562 0.263916015625 -0.590087890625
0.00234985351562499 -0.13519287109375 -0.203399658203125 -0.37359619140625
-0.00213241577148438 -0.032989501953125 -0.4139404296875 -0.0482482910156251
-0.0141754150390625 0.101615905761719 -0.232040405273437 0.14678955078125
-0.03985595703125 0.14013671875 0.000297546386718746 -0.0248661041259766
-0.00912857055664063 0.0202445983886719 -0.091583251953125 0.231475830078125
0.00457763671875 0.0472335815429688 -0.092498779296875 -0.134483337402344
-0.0456047058105469 0.0529670715332031 -0.045562744140625 -0.241134643554688
-0.0230026245117187 0.0386428833007813 0.204071044921875 -0.003814697265625
-0.014063835144043 -0.00884437561035156 0.3642578125 0.370452880859375
-0.000701904296874995 -0.0730667114257813 0.220947265625 0.6553955078125
0.0533485412597656 -0.0672836303710938 -0.121826171875 0.57623291015625
0.0855560302734375 -0.0383377075195313 -0.188705444335938 0.200225830078125
0.0952682495117188 -0.0345382690429688 0.1802978515625 -0.091033935546875
0.0890731811523438 -0.0434951782226563 0.50616455078125 -0.36114501953125
0.0632095336914062 -0.0597038269042969 0.2943115234375 -0.59100341796875
0.0189170837402344 -0.0426139831542969 -0.1905517578125 -0.40478515625
-0.0143508911132813 -0.00195980072021484 -0.42950439453125 -0.0820922851562501
-0.0217323303222656 0.0481643676757813 -0.264129638671875 0.142913818359375
-0.0304069519042969 0.0641365051269531 -0.0266342163085938 0.00107765197753906
0.0156173706054688 -0.0819244384765625 -0.10614013671875 0.236434936523437
-0.00259780883789063 -0.0614662170410156 -0.0924606323242188 -0.126853942871094
-0.0827255249023438 -0.0205459594726563 -0.02569580078125 -0.240982055664063
-0.0405120849609375 0.0605659484863281 0.2125244140625 -0.0063629150390625
0.00691986083984374 0.0774002075195313 0.34185791015625 0.37481689453125
0.0292205810546875 0.0393829345703125 0.1826171875 0.67034912109375
0.0285396575927734 0.0298652648925781 -0.14447021484375 0.580322265625
-0.00271892547607422 0.0113143920898437 -0.188003540039063 0.206924438476562
-0.00162029266357422 0.0128717422485352 0.181594848632813 -0.07989501953125
0.0228462219238281 0.0307426452636719 0.48333740234375 -0.3660888671875
0.038818359375 0.0560302734375 0.24737548828125 -0.58843994140625
0.032012939453125 0.0629844665527344 -0.22381591796875 -0.391815185546875
-0.0216522216796875 0.0384140014648438 -0.4359130859375 -0.0792236328125001
-0.0228023529052734 -0.00350570678710938 -0.267929077148438 0.146041870117188
-0.0152873992919922 -0.0184898376464844 -0.0367507934570312 0.0102653503417969
0.0372772216796875 -0.177093505859375 -0.1109619140625 0.22247314453125
-0.010009765625 -0.15252685546875 -0.074005126953125 -0.116806030273438
-0.100906372070313 -0.07183837890625 0.03851318359375 -0.218475341796875
-0.0415115356445313 0.091461181640625 0.25848388671875 0.018402099609375
0.024993896484375 0.158111572265625 0.300933837890625 0.402923583984375
0.0388336181640625 0.1407470703125 0.0917358398437501 0.6749267578125
-0.0126113891601562 0.115814208984375 -0.187103271484375 0.548431396484375
-0.0852584838867187 0.0574722290039063 -0.154464721679687 0.18829345703125
-0.0800933837890625 0.0710678100585938 0.2122802734375 -0.100021362304688
-0.0175704956054687 0.116493225097656 0.42388916015625 -0.41455078125
0.0351715087890625 0.169097900390625 0.1209716796875 -0.58660888671875
0.0500335693359375 0.152099609375 -0.298187255859375 -0.334991455078125
-0.0238533020019531 0.0612258911132813 -0.42913818359375 -0.038238525390625
-0.0202560424804687 -0.06103515625 -0.238937377929688 0.153976440429688
0.00146484374999999 -0.0983657836914063 -0.0289802551269531 0.00284385681152343
0.0523529052734375 -0.248260498046875 -0.106216430664063 0.19122314453125
-0.0120849609375 -0.20294189453125 -0.0315628051757812 -0.107818603515625
-0.0943603515625 -0.0787200927734375 0.131515502929688 -0.1800537109375
-0.0249481201171875 0.13983154296875 0.3109130859375 0.071624755859375
0.0315093994140625 0.228607177734375 0.226654052734375 0.4508056640625
0.0161285400390625 0.212860107421875 -0.0384521484375 0.6627197265625
-0.0723419189453125 0.173171997070312 -0.22967529296875 0.481292724609375
-0.15155029296875 0.0951690673828125 -0.093475341796875 0.147750854492187
-0.120536804199219 0.136810302734375 0.24554443359375 -0.155364990234375
-0.0130462646484375 0.204315185546875 0.322235107421875 -0.483795166015625
0.0588226318359375 0.25653076171875 -0.050079345703125 -0.561065673828125
0.064208984375 0.199951171875 -0.368011474609375 -0.245819091796875
-0.0264320373535156 0.046875 -0.386199951171875 0.0198669433593749
-0.0186080932617188 -0.126121520996094 -0.179946899414063 0.16217041015625
0.016876220703125 -0.166610717773438 -0.00585556030273437 -0.0242214202880859
0.061004638671875 -0.284027099609375 -0.08929443359375 0.149627685546875
-0.00567626953125001 -0.206207275390625 0.034088134765625 -0.104103088378906
-0.0668525695800781 -0.044891357421875 0.230224609375 -0.132339477539063
-0.00622558593750001 0.191864013671875 0.33587646484375 0.145599365234375
0.013427734375 0.2733154296875 0.107086181640625 0.498382568359375
-0.0372314453125 0.242279052734375 -0.1915283203125 0.620361328125
-0.136581420898437 0.1915283203125 -0.25372314453125 0.392974853515625
-0.189544677734375 0.11846923828125 -0.0151214599609375 0.09063720703125
-0.12164306640625 0.192733764648438 0.257644653320313 -0.239898681640625
0.0203399658203125 0.266738891601562 0.185516357421875 -0.552398681640625
0.08685302734375 0.2952880859375 -0.214019775390625 -0.51513671875
0.0594482421875 0.19354248046875 -0.3956298828125 -0.153839111328125
-0.0332260131835938 -0.00620841979980468 -0.299652099609375 0.077850341796875
-0.0171661376953125 -0.1883544921875 -0.0996856689453125 0.162811279296875
0.0299072265625 -0.212844848632813 0.0270309448242188 -0.0670623779296875
-0.0459442138671875 0.202377319335937 -0.0340423583984375 0.119308471679688
0.045166015625 0.216629028320313 0.0262222290039063 -0.135650634765625
0.0449752807617188 0.0786666870117188 0.180282592773438 -0.14642333984375
-0.0251312255859375 -0.13250732421875 0.372711181640625 0.122314453125
-0.0779571533203125 -0.260665893554688 0.3062744140625 0.466033935546875
-0.034515380859375 -0.303924560546875 0.00140380859374995 0.56927490234375
0.122283935546875 -0.225875854492188 -0.188568115234375 0.368408203125
0.239242553710938 -0.126556396484375 -0.0343589782714843 0.0606689453125
0.210617065429688 -0.168289184570313 0.299285888671875 -0.2708740234375
0.111404418945313 -0.243072509765625 0.36102294921875 -0.547760009765625
0.00921630859374998 -0.293792724609375 0.00244140625000001 -0.55908203125
-0.025543212890625 -0.19525146484375 -0.30328369140625 -0.20947265625
0.0401191711425781 0.0033111572265625 -0.33099365234375 0.089202880859375
0.025543212890625 0.216567993164063 -0.1005859375 0.15338134765625
-0.0406036376953125 0.233505249023438 0.0767593383789063 -0.118507385253906
-0.043609619140625 0.175872802734375 -0.0525054931640625 0.168060302734375
0.032989501953125 0.203582763671875 -0.0353164672851563 -0.13671875
0.0340499877929688 0.118255615234375 0.0654144287109375 -0.182418823242188
-0.00637817382812501 -0.06097412109375 0.30767822265625 0.06475830078125
-0.06378173828125 -0.192306518554688 0.3651123046875 0.418548583984375
-0.05126953125 -0.264266967773438 0.12420654296875 0.6041259765625
0.091644287109375 -0.21075439453125 -0.152069091796875 0.459747314453125
0.215118408203125 -0.112625122070312 -0.10394287109375 0.120933532714844
0.2186279296875 -0.126998901367188 0.259353637695313 -0.188385009765625
0.151473999023438 -0.1856689453125 0.457427978515625 -0.465362548828125
0.054840087890625 -0.251510620117188 0.15533447265625 -0.5867919921875
-0.015869140625 -0.190536499023438 -0.253021240234375 -0.30352783203125
0.0163345336914063 -0.0320148468017578 -0.384033203125 0.0168762207031251
0.00552368164062499 0.160614013671875 -0.172317504882813 0.15191650390625
-0.04486083984375 0.201400756835938 0.0355606079101562 -0.0674247741699218
-0.0283126831054688 0.110671997070313 -0.0716400146484375 0.20526123046875
0.016082763671875 0.14166259765625 -0.0710830688476562 -0.136390686035156
-0.0015106201171875 0.107398986816406 -0.0152130126953125 -0.217987060546875
-0.00704097747802734 0.00162553787231445 0.240264892578125 0.0217742919921875
-0.0389556884765625 -0.0994949340820313 0.377655029296875 0.385040283203125
-0.0339202880859375 -0.179351806640625 0.200927734375 0.62939453125
0.070220947265625 -0.154327392578125 -0.122650146484375 0.530792236328125
0.160324096679688 -0.0823211669921875 -0.158523559570312 0.169906616210938
0.177108764648438 -0.0798187255859375 0.208343505859375 -0.126571655273437
0.142501831054688 -0.113327026367188 0.4989013671875 -0.396942138671875
0.0749359130859375 -0.16455078125 0.25787353515625 -0.591796875
0.00194549560546875 -0.134742736816406 -0.206298828125 -0.371490478515625
-0.00286293029785156 -0.0326004028320313 -0.413299560546875 -0.0458984375
-0.0133132934570312 0.101493835449219 -0.230239868164063 0.14739990234375
-0.03857421875 0.138595581054688 -0.000856399536132816 -0.0245723724365234
-0.008697509765625 0.0200901031494141 -0.0889129638671875 0.230224609375
0.0054473876953125 0.0467529296875 -0.0920333862304688 -0.133125305175781
-0.0450439453125 0.05364990234375 -0.0468292236328125 -0.239273071289062
-0.0234222412109375 0.0381278991699219 0.204391479492188 -0.006195068359375
-0.0133876800537109 -0.00930213928222656 0.366943359375 0.366607666015625
-0.00112152099609375 -0.0727157592773438 0.22412109375 0.65203857421875
0.0523567199707031 -0.0676841735839844 -0.11761474609375 0.5740966796875
0.084503173828125 -0.0388565063476562 -0.186538696289063 0.200393676757813
0.0939407348632813 -0.0348739624023438 0.177597045898438 -0.091888427734375
0.08843994140625 -0.0440597534179688 0.5015869140625 -0.363616943359375
0.0616416931152344 -0.0596084594726563 0.28973388671875 -0.5906982421875
0.0189018249511719 -0.0434837341308594 -0.191802978515625 -0.402923583984375
-0.0150613784790039 -0.00135993957519532 -0.4278564453125 -0.0794982910156249
-0.0220146179199219 0.0478515625 -0.262557983398438 0.142349243164062
-0.0304641723632812 0.0633430480957031 -0.0269565582275391 0.00104141235351562
0.0150527954101563 -0.0818862915039063 -0.102645874023438 0.2359619140625
-0.00252151489257813 -0.0613327026367187 -0.0930633544921875 -0.125167846679687
-0.0816726684570313 -0.018798828125 -0.0265655517578125 -0.239273071289062
-0.0391197204589844 0.0608558654785156 0.21295166015625 -0.0089874267578125
0.00856781005859376 0.0761566162109375 0.34283447265625 0.371673583984375
0.0292739868164063 0.0396308898925781 0.18609619140625 0.66632080078125
0.0282344818115234 0.0292549133300781 -0.1405029296875 0.57843017578125
-0.00288772583007812 0.0110616683959961 -0.186004638671875 0.206863403320313
-0.00210285186767578 0.0124025344848633 0.179306030273438 -0.08038330078125
0.0224742889404297 0.0307121276855469 0.47882080078125 -0.368255615234375
0.039093017578125 0.0551528930664063 0.240966796875 -0.590087890625
0.0331878662109375 0.0619735717773438 -0.226593017578125 -0.389923095703125
-0.0214004516601562 0.0383262634277344 -0.43548583984375 -0.075927734375
-0.0225086212158203 -0.00348663330078125 -0.265777587890625 0.146408081054688
-0.0149192810058594 -0.0187397003173828 -0.0369644165039063 0.0110282897949219
0.0356292724609375 -0.176666259765625 -0.108169555664063 0.222412109375
-0.00936889648437498 -0.151779174804688 -0.0734939575195312 -0.11505126953125
-0.100471496582031 -0.070404052734375 0.0374755859375 -0.217453002929687
-0.040313720703125 0.0911178588867188 0.2587890625 0.0177764892578125
0.026397705078125 0.15673828125 0.303955078125 0.39959716796875
0.0395889282226562 0.13922119140625 0.0975952148437499 0.67303466796875
-0.0126266479492187 0.115325927734375 -0.182708740234375 0.546661376953125
-0.0857620239257813 0.0580062866210937 -0.152481079101563 0.18865966796875
-0.0804214477539063 0.0705947875976563 0.2099609375 -0.100662231445312
-0.016815185546875 0.115875244140625 0.417572021484375 -0.415374755859375
0.0355987548828125 0.16766357421875 0.1170654296875 -0.58563232421875
0.051483154296875 0.151397705078125 -0.2994384765625 -0.33221435546875
-0.0232086181640625 0.0614547729492188 -0.427734375 -0.035400390625
-0.0207405090332031 -0.0600090026855469 -0.237136840820313 0.154510498046875
0.00134277343749999 -0.0974273681640625 -0.0286598205566406 0.00342941284179687
0.0496826171875 -0.247604370117187 -0.1036376953125 0.19140625
-0.0128326416015625 -0.202651977539063 -0.031219482421875 -0.107086181640625
-0.0941314697265625 -0.07708740234375 0.130081176757813 -0.180221557617188
-0.0232696533203125 0.138633728027344 0.310699462890625 0.069000244140625
0.0333404541015625 0.227203369140625 0.2298583984375 0.446807861328125
0.017669677734375 0.21142578125 -0.03497314453125 0.6600341796875
-0.071441650390625 0.171951293945313 -0.22509765625 0.480621337890625
-0.1512451171875 0.095123291015625 -0.0916900634765625 0.1478271484375
-0.119453430175781 0.13665771484375 0.242889404296875 -0.156204223632813
-0.0113525390625 0.203094482421875 0.31793212890625 -0.483489990234375
0.05987548828125 0.254684448242188 -0.052978515625 -0.55914306640625
0.0665435791015625 0.19781494140625 -0.3681640625 -0.243011474609375
-0.02593994140625 0.0468597412109375 -0.384552001953125 0.022186279296875
-0.0202255249023438 -0.125068664550781 -0.178390502929688 0.163070678710938
0.0155181884765625 -0.165634155273438 -0.00588226318359375 -0.0231800079345703
0.058013916015625 -0.283050537109375 -0.08721923828125 0.14849853515625
-0.0067291259765625 -0.204833984375 0.0336151123046875 -0.103523254394531
-0.0657806396484375 -0.0432815551757813 0.227508544921875 -0.133392333984375
-0.00473022460937498 0.191436767578125 0.3365478515625 0.1427001953125
0.016143798828125 0.271560668945313 0.110321044921875 0.496307373046875
-0.035797119140625 0.241043090820313 -0.1876220703125 0.6224365234375
-0.134689331054688 0.190933227539063 -0.249542236328125 0.39251708984375
-0.189132690429688 0.11883544921875 -0.014007568359375 0.0912399291992188
-0.120193481445313 0.191650390625 0.254653930664063 -0.241226196289062
0.0227508544921875 0.264541625976562 0.181488037109375 -0.552398681640625
0.089019775390625 0.29248046875 -0.217620849609375 -0.510772705078125
0.0616912841796875 0.19171142578125 -0.39483642578125 -0.150299072265625
-0.0329494476318359 -0.00616455078125 -0.297454833984375 0.078338623046875
-0.018707275390625 -0.187347412109375 -0.098480224609375 0.1632080078125
0.0289306640625 -0.212203979492188 0.026092529296875 -0.066802978515625
-0.0445556640625 0.201934814453125 -0.0323715209960938 0.118881225585938
0.0464630126953125 0.213760375976562 0.026092529296875 -0.135650634765625
0.0450363159179688 0.0781784057617188 0.178741455078125 -0.146255493164063
-0.0265426635742188 -0.1318359375 0.3729248046875 0.119659423828125
-0.07928466796875 -0.25860595703125 0.30987548828125 0.463531494140625
-0.036102294921875 -0.302459716796875 0.00378417968749997 0.56805419921875
0.120285034179687 -0.22467041015625 -0.18597412109375 0.368133544921875
0.237442016601563 -0.12615966796875 -0.0340995788574219 0.0603408813476562
0.208328247070313 -0.167007446289063 0.29656982421875 -0.269683837890625
0.109970092773438 -0.24224853515625 0.3575439453125 -0.54803466796875
0.00720214843749999 -0.29217529296875 -9.15527343750413E-05 -0.556182861328125
-0.0272979736328125 -0.19488525390625 -0.303192138671875 -0.207122802734375
0.0395126342773437 0.00233078002929688 -0.328857421875 0.090362548828125
0.0273590087890625 0.214401245117187 -0.0980682373046875 0.152542114257813
-0.039520263671875 0.232131958007812 0.075439453125 -0.117881774902344
-0.0420684814453125 0.17529296875 -0.050933837890625 0.16748046875
0.0341644287109375 0.201339721679688 -0.03533935546875 -0.135513305664063
0.0343856811523438 0.117317199707031 0.06390380859375 -0.1824951171875
-0.00736236572265625 -0.0601425170898437 0.30810546875 0.06256103515625
-0.065582275390625 -0.191299438476563 0.366302490234375 0.416015625
-0.0531005859375 -0.262008666992188 0.12628173828125 0.599609375
0.0902099609375 -0.209884643554688 -0.148773193359375 0.456939697265625
0.213088989257813 -0.113204956054688 -0.103034973144531 0.120994567871094
0.216110229492188 -0.126846313476563 0.256027221679688 -0.188247680664063
0.149749755859375 -0.185165405273438 0.45068359375 -0.466461181640625
0.052947998046875 -0.249832153320313 0.15203857421875 -0.58551025390625
-0.01678466796875 -0.19024658203125 -0.253631591796875 -0.3016357421875
0.0157756805419922 -0.0317840576171875 -0.382904052734375 0.018890380859375
0.00675964355468751 0.1595458984375 -0.170883178710938 0.15167236328125
-0.043609619140625 0.200241088867188 0.034759521484375 -0.0665969848632812
-0.027252197265625 0.110641479492188 -0.069366455078125 0.204071044921875
0.0174179077148438 0.140029907226563 -0.0706558227539063 -0.135673522949219
-0.00104522705078125 0.107383728027344 -0.0159912109375 -0.215896606445313
-0.00867795944213867 0.000673770904541014 0.240615844726563 0.01953125
-0.0395126342773438 -0.0993728637695313 0.3798828125 0.381195068359375
-0.0350341796875 -0.17816162109375 0.204345703125 0.6253662109375
0.068450927734375 -0.1531982421875 -0.119781494140625 0.529266357421875
0.15948486328125 -0.0827789306640625 -0.157562255859375 0.170074462890625
0.17559814453125 -0.080718994140625 0.2059326171875 -0.125961303710938
0.14117431640625 -0.11370849609375 0.4937744140625 -0.398651123046875
0.07391357421875 -0.164962768554688 0.2547607421875 -0.590576171875
0.000938415527343756 -0.13427734375 -0.206817626953125 -0.370574951171875
-0.00340843200683594 -0.0333538055419922 -0.4117431640625 -0.0436096191406249
-0.0123825073242188 0.0996322631835938 -0.22833251953125 0.1474609375
-0.0376358032226563 0.138984680175781 -0.00136184692382813 -0.023529052734375
-0.00853157043457031 0.0198993682861328 -0.0859527587890625 0.229782104492188
0.006134033203125 0.0449752807617188 -0.0911636352539063 -0.132461547851562
-0.0443878173828125 0.0537528991699219 -0.04693603515625 -0.237625122070313
-0.0230636596679688 0.0371742248535156 0.204513549804688 -0.0078125
-0.0136880874633789 -0.0096282958984375 0.36859130859375 0.363250732421875
-0.00115203857421875 -0.0726470947265625 0.22576904296875 0.64691162109375
0.0519332885742187 -0.0677299499511719 -0.11322021484375 0.57293701171875
0.083587646484375 -0.0392684936523438 -0.185379028320313 0.20050048828125
0.0929946899414063 -0.0354385375976563 0.175186157226563 -0.092132568359375
0.08734130859375 -0.044219970703125 0.49639892578125 -0.364898681640625
0.0615234375 -0.0594635009765625 0.28466796875 -0.5909423828125
0.0182876586914062 -0.0429725646972656 -0.193328857421875 -0.400360107421875
-0.015110969543457 -0.00169658660888672 -0.426910400390625 -0.0773010253906251
-0.0210914611816406 0.0481147766113281 -0.260040283203125 0.143569946289063
-0.0289573669433594 0.0636711120605469 -0.0268192291259766 0.00198554992675781
0.0137176513671875 -0.08233642578125 -0.0992889404296875 0.235015869140625
-0.00147628784179688 -0.0611495971679687 -0.0926971435546875 -0.123275756835938
-0.0813369750976563 -0.0177536010742187 -0.02752685546875 -0.238143920898438
-0.0389289855957031 0.0600624084472656 0.21343994140625 -0.0099334716796875
0.00909423828124999 0.0757293701171875 0.344879150390625 0.36810302734375
0.0294227600097656 0.0386848449707031 0.1884765625 0.661865234375
0.0283527374267578 0.0288906097412109 -0.136474609375 0.57672119140625
-0.00353527069091797 0.0100955963134766 -0.183441162109375 0.207489013671875
-0.00301074981689453 0.0121183395385742 0.177352905273437 -0.080230712890625
0.0227394104003906 0.0299320220947266 0.47430419921875 -0.369140625
0.0387001037597656 0.0543403625488281 0.2371826171875 -0.5894775390625
0.0340652465820313 0.0616035461425781 -0.227691650390625 -0.387542724609375
-0.0209007263183594 0.0385475158691406 -0.434722900390625 -0.073699951171875
-0.0222930908203125 -0.00281333923339844 -0.263671875 0.146820068359375
-0.0148067474365234 -0.0186443328857422 -0.0364570617675781 0.0115509033203125
0.0342559814453125 -0.176193237304688 -0.106185913085937 0.221176147460938
-0.00958251953125 -0.151092529296875 -0.0735015869140625 -0.112930297851563
-0.100090026855469 -0.0687179565429687 0.036468505859375 -0.216781616210938
-0.0387191772460938 0.0909576416015625 0.258453369140625 0.0156402587890625
0.027618408203125 0.155120849609375 0.305084228515625 0.39593505859375
0.0405197143554688 0.137992858886719 0.0999755859375 0.66888427734375
-0.0121841430664063 0.113616943359375 -0.17926025390625 0.544189453125
-0.0853958129882813 0.0573654174804688 -0.151138305664063 0.188583374023438
-0.0794677734375 0.0710830688476563 0.20819091796875 -0.101165771484375
-0.0158843994140625 0.115066528320313 0.41436767578125 -0.41497802734375
0.0366973876953125 0.166183471679688 0.11212158203125 -0.58489990234375
0.051910400390625 0.149520874023438 -0.299591064453125 -0.329742431640625
-0.0222091674804687 0.0610198974609375 -0.42584228515625 -0.0328063964843749
-0.0203170776367188 -0.0592460632324219 -0.234603881835938 0.155349731445312
0.000770568847656251 -0.0963516235351563 -0.0284786224365234 0.00363540649414062
0.0481414794921875 -0.247268676757812 -0.101516723632813 0.189666748046875
-0.0128021240234375 -0.200973510742188 -0.0310745239257812 -0.105575561523438
-0.0937881469726563 -0.0750503540039063 0.129226684570313 -0.180282592773438
-0.0208892822265625 0.138877868652344 0.311676025390625 0.06640625
0.035308837890625 0.225967407226562 0.231781005859375 0.44476318359375
0.01873779296875 0.209732055664063 -0.0299072265625 0.65850830078125
-0.070343017578125 0.170761108398438 -0.22283935546875 0.479522705078125
-0.150588989257813 0.0951385498046875 -0.0904998779296875 0.1483154296875
-0.119056701660156 0.136100769042969 0.240951538085938 -0.156158447265625
-0.01019287109375 0.2020263671875 0.314117431640625 -0.483673095703125
0.0624237060546875 0.252899169921875 -0.05596923828125 -0.55743408203125
0.0684051513671875 0.196243286132813 -0.368255615234375 -0.240753173828125
-0.0246696472167969 0.0468101501464844 -0.38262939453125 0.0253906250000001
-0.0206375122070312 -0.123710632324219 -0.1761474609375 0.162445068359375
0.0148468017578125 -0.164871215820313 -0.00659942626953125 -0.0225315093994141
0.05584716796875 -0.281829833984375 -0.085968017578125 0.148788452148437
-0.00640869140625001 -0.204147338867188 0.0329513549804688 -0.102462768554688
-0.0655975341796875 -0.0419044494628906 0.227325439453125 -0.13397216796875
-0.00238037109375001 0.190521240234375 0.33740234375 0.140838623046875
0.0181427001953125 0.269683837890625 0.113800048828125 0.496246337890625
-0.0339508056640625 0.239715576171875 -0.18365478515625 0.6185302734375
-0.1341552734375 0.190826416015625 -0.2449951171875 0.39239501953125
-0.18890380859375 0.117645263671875 -0.0135421752929688 0.090911865234375
-0.119903564453125 0.190185546875 0.252410888671875 -0.240432739257813
0.0231781005859375 0.262588500976563 0.1783447265625 -0.55023193359375
0.090545654296875 0.2899169921875 -0.21917724609375 -0.506500244140625
0.0632781982421875 0.1904296875 -0.395263671875 -0.147430419921875
-0.0322494506835938 -0.00540161132812501 -0.296783447265625 0.079986572265625
-0.019378662109375 -0.185211181640625 -0.0966644287109375 0.163375854492188
0.0275726318359375 -0.211380004882812 0.0251731872558594 -0.0650978088378906
-0.0437774658203125 0.2010498046875 -0.0310134887695313 0.118049621582031
0.04681396484375 0.211318969726562 0.0261917114257812 -0.135452270507813
0.044708251953125 0.0768508911132813 0.177902221679688 -0.146240234375
-0.028900146484375 -0.131736755371094 0.372222900390625 0.117156982421875
-0.080291748046875 -0.25677490234375 0.3096923828125 0.460205078125
-0.037384033203125 -0.30029296875 0.00531005859374996 0.5657958984375
0.119216918945313 -0.223648071289063 -0.183502197265625 0.367950439453125
0.236053466796875 -0.126083374023438 -0.0335845947265625 0.0610733032226562
0.206710815429688 -0.167678833007813 0.293426513671875 -0.270263671875
0.10845947265625 -0.240921020507812 0.354156494140625 -0.5458984375
0.00524902343749999 -0.290557861328125 -0.00314331054687503 -0.556671142578125
-0.0287322998046875 -0.193634033203125 -0.303680419921875 -0.20550537109375
0.0388870239257813 0.00102615356445313 -0.3271484375 0.09075927734375
0.0277862548828125 0.213119506835938 -0.0980072021484375 0.151901245117188
-0.03759765625 0.231338500976563 0.073974609375 -0.116348266601562
-0.0416412353515625 0.175079345703125 -0.048980712890625 0.165924072265625
0.035369873046875 0.199005126953125 -0.0348281860351562 -0.134757995605469
0.0352935791015625 0.116615295410156 0.0641326904296875 -0.181625366210937
-0.00868606567382813 -0.06005859375 0.30816650390625 0.060089111328125
-0.0663604736328125 -0.18975830078125 0.368408203125 0.41253662109375
-0.0528564453125 -0.260772705078125 0.12640380859375 0.598388671875
0.0885772705078125 -0.208831787109375 -0.147552490234375 0.45660400390625
0.211807250976562 -0.112716674804687 -0.101898193359375 0.120651245117187
0.214813232421875 -0.126205444335938 0.253768920898438 -0.187362670898438
0.1484375 -0.18463134765625 0.447265625 -0.46612548828125
0.0521392822265625 -0.248626708984375 0.14996337890625 -0.58587646484375
-0.018157958984375 -0.189895629882813 -0.25445556640625 -0.300445556640625
0.0146617889404297 -0.0321750640869141 -0.380615234375 0.019989013671875
0.00732421874999998 0.157867431640625 -0.169586181640625 0.151504516601563
-0.0424041748046875 0.198684692382813 0.0334815979003906 -0.0651664733886719
-0.026885986328125 0.109710693359375 -0.0677642822265625 0.202606201171875
0.01800537109375 0.138191223144531 -0.0697097778320312 -0.134002685546875
-0.000312805175781244 0.10723876953125 -0.016357421875 -0.215240478515625
-0.00856304168701172 0.000296592712402344 0.241744995117188 0.01800537109375
-0.0402374267578125 -0.0986785888671875 0.38067626953125 0.37823486328125
-0.0354156494140625 -0.177398681640625 0.20562744140625 0.62164306640625
0.0678863525390625 -0.15338134765625 -0.11749267578125 0.5262451171875
0.158416748046875 -0.0822601318359375 -0.155548095703125 0.169448852539062
0.174285888671875 -0.080230712890625 0.2034912109375 -0.125991821289063
0.140335083007813 -0.114051818847656 0.488037109375 -0.39825439453125
0.07257080078125 -0.1639404296875 0.25079345703125 -0.59014892578125
-3.05175781249997E-05 -0.134056091308594 -0.207550048828125 -0.3699951171875
-0.00370407104492188 -0.0326404571533203 -0.409759521484375 -0.041961669921875
-0.0120620727539063 0.0993118286132813 -0.226791381835938 0.1470947265625
-0.0371246337890625 0.137588500976563 -0.00124740600585938 -0.0226230621337891
-0.00936698913574218 0.0198917388916016 -0.083648681640625 0.228683471679687
0.00646591186523438 0.0447158813476562 -0.0910110473632813 -0.129829406738281
-0.0439376831054687 0.0536155700683594 -0.047515869140625 -0.236221313476563
-0.0233154296875 0.0369224548339844 0.204849243164063 -0.0083770751953125
-0.0132989883422852 -0.00984477996826172 0.368682861328125 0.35931396484375
-0.00177764892578126 -0.072174072265625 0.2265625 0.64410400390625
0.050811767578125 -0.0674781799316406 -0.111083984375 0.57037353515625
0.0822219848632812 -0.03936767578125 -0.18426513671875 0.200607299804687
0.0916824340820313 -0.03582763671875 0.173370361328125 -0.0919647216796875
0.0867691040039063 -0.0437088012695313 0.493072509765625 -0.364654541015625
0.0611534118652344 -0.0594978332519531 0.28131103515625 -0.5894775390625
0.0182037353515625 -0.0431442260742188 -0.194610595703125 -0.3995361328125
-0.015019416809082 -0.00177860260009765 -0.4259033203125 -0.0763244628906249
-0.0207481384277344 0.0478858947753906 -0.2589111328125 0.142852783203125
-0.029083251953125 0.0633659362792969 -0.0271644592285156 0.00241851806640625
0.01287841796875 -0.081298828125 -0.0984954833984375 0.233795166015625
-0.0017242431640625 -0.0616073608398437 -0.0914077758789063 -0.121437072753906
-0.0806045532226563 -0.01702880859375 -0.028564453125 -0.236221313476563
-0.0386009216308594 0.0599098205566406 0.2138671875 -0.01068115234375
0.0091094970703125 0.0742874145507813 0.344512939453125 0.36529541015625
0.0299148559570313 0.0379638671875 0.19012451171875 0.65789794921875
0.0276165008544922 0.0277423858642578 -0.13427734375 0.573486328125
-0.00345706939697266 0.00997638702392578 -0.182693481445313 0.20660400390625
-0.00388336181640625 0.011958122253418 0.17572021484375 -0.08099365234375
0.0225696563720703 0.0295600891113281 0.469390869140625 -0.369537353515625
0.0395545959472656 0.0541305541992187 0.233154296875 -0.58807373046875
0.0338401794433594 0.0602798461914063 -0.227386474609375 -0.3870849609375
-0.02032470703125 0.0384864807128906 -0.432525634765625 -0.073486328125
-0.0221271514892578 -0.00275611877441407 -0.261886596679688 0.146102905273438
-0.0149726867675781 -0.0181884765625 -0.0365028381347656 0.0122718811035156
0.0323944091796875 -0.1759033203125 -0.103408813476562 0.2208251953125
-0.00910949707031249 -0.150772094726563 -0.0726165771484375 -0.111831665039063
-0.09930419921875 -0.0677032470703125 0.0359344482421875 -0.2158203125
-0.0380172729492188 0.0903091430664063 0.259429931640625 0.0140228271484375
0.0291290283203125 0.154083251953125 0.305755615234375 0.394012451171875
0.0414657592773438 0.137603759765625 0.10394287109375 0.6656494140625
-0.0120162963867187 0.113288879394531 -0.176239013671875 0.542327880859375
-0.085113525390625 0.0573348999023438 -0.150421142578125 0.188232421875
-0.0796356201171875 0.0698165893554687 0.205230712890625 -0.101181030273438
-0.0155029296875 0.114051818847656 0.41107177734375 -0.415069580078125
0.037506103515625 0.165191650390625 0.10955810546875 -0.58319091796875
0.0535888671875 0.148223876953125 -0.299102783203125 -0.3287353515625
-0.0221290588378906 0.0610847473144531 -0.42486572265625 -0.0318603515625
-0.0213241577148437 -0.0593223571777344 -0.233245849609375 0.155166625976563
0.00138092041015625 -0.0963897705078125 -0.0287456512451172 0.00451850891113281
0.0462646484375 -0.245468139648438 -0.099945068359375 0.189590454101563
-0.012542724609375 -0.199844360351563 -0.030517578125 -0.104591369628906
-0.092498779296875 -0.0740127563476563 0.12841796875 -0.179473876953125
-0.0199050903320312 0.137458801269531 0.311614990234375 0.065155029296875
0.0366668701171875 0.223861694335937 0.233734130859375 0.44317626953125
0.0198516845703125 0.209197998046875 -0.029052734375 0.65435791015625
-0.070281982421875 0.170089721679688 -0.219146728515625 0.478729248046875
-0.151473999023438 0.094329833984375 -0.089691162109375 0.147857666015625
-0.118637084960938 0.135337829589844 0.239166259765625 -0.156524658203125
-0.00964355468750001 0.200592041015625 0.311676025390625 -0.48162841796875
0.062774658203125 0.25091552734375 -0.058013916015625 -0.556304931640625
0.069061279296875 0.19464111328125 -0.367431640625 -0.238311767578125
-0.0239677429199219 0.047332763671875 -0.3826904296875 0.02569580078125
-0.0207672119140625 -0.12274169921875 -0.17462158203125 0.162979125976563
0.01470947265625 -0.164215087890625 -0.00585365295410156 -0.0218238830566406
0.05401611328125 -0.280624389648438 -0.084442138671875 0.14776611328125
-0.00683593750000002 -0.202590942382813 0.0338516235351562 -0.102241516113281
-0.0646095275878906 -0.0402793884277344 0.226669311523438 -0.13409423828125
-0.0016632080078125 0.189193725585938 0.33721923828125 0.138702392578125
0.0192108154296875 0.268295288085938 0.116668701171875 0.4932861328125
-0.03240966796875 0.238723754882813 -0.18084716796875 0.61688232421875
-0.132858276367188 0.189544677734375 -0.242767333984375 0.39208984375
-0.188339233398438 0.117141723632812 -0.0134429931640625 0.0898590087890625
-0.118942260742187 0.189422607421875 0.251220703125 -0.239974975585938
0.0245361328125 0.261505126953125 0.1754150390625 -0.548431396484375
0.092559814453125 0.287445068359375 -0.219390869140625 -0.50482177734375
0.064727783203125 0.189010620117188 -0.394287109375 -0.146148681640625
-0.031524658203125 -0.00496101379394531 -0.29595947265625 0.0806884765625001
-0.019744873046875 -0.183670043945313 -0.0959930419921875 0.16326904296875
0.0269012451171875 -0.210525512695313 0.0248908996582031 -0.0642280578613281
-0.0439605712890625 0.201004028320313 -0.0301666259765625 0.116401672363281
0.04644775390625 0.2091064453125 0.0260543823242188 -0.135734558105469
0.044281005859375 0.0757980346679688 0.177581787109375 -0.146469116210937
-0.0293121337890625 -0.130561828613281 0.3721923828125 0.114898681640625
-0.0808868408203125 -0.2557373046875 0.311370849609375 0.45623779296875
-0.038177490234375 -0.298675537109375 0.00549316406249994 0.56219482421875
0.11859130859375 -0.222763061523438 -0.18243408203125 0.366729736328125
0.235397338867188 -0.125762939453125 -0.0333290100097656 0.0607757568359375
0.2059326171875 -0.165481567382813 0.29107666015625 -0.268890380859375
0.107025146484375 -0.239944458007813 0.35162353515625 -0.544586181640625
0.00439453125000001 -0.289642333984375 -0.004180908203125 -0.55560302734375
-0.0293731689453125 -0.193222045898438 -0.302734375 -0.20611572265625
0.0380897521972656 0.000850677490234375 -0.326507568359375 0.09033203125
0.0292205810546875 0.211166381835938 -0.0971527099609375 0.15087890625
-0.0372161865234375 0.229995727539063 0.072479248046875 -0.11553955078125
-0.041290283203125 0.1741943359375 -0.0480499267578125 0.165115356445313
0.0354766845703125 0.196395874023438 -0.0342941284179687 -0.134117126464844
0.035308837890625 0.116157531738281 0.06329345703125 -0.181671142578125
-0.0095672607421875 -0.0604820251464844 0.30865478515625 0.0589599609375
-0.066741943359375 -0.189544677734375 0.36822509765625 0.41046142578125
-0.053558349609375 -0.259124755859375 0.12744140625 0.59619140625
0.088287353515625 -0.207870483398438 -0.1458740234375 0.45440673828125
0.211105346679688 -0.112762451171875 -0.101158142089844 0.120498657226563
0.214248657226562 -0.125808715820312 0.2515869140625 -0.187088012695313
0.147964477539063 -0.184555053710938 0.4451904296875 -0.465911865234375
0.05035400390625 -0.248031616210938 0.1468505859375 -0.582763671875
-0.019256591796875 -0.188888549804688 -0.253753662109375 -0.3004150390625
0.0144672393798828 -0.0328922271728516 -0.379913330078125 0.0196533203125001
0.00776672363281252 0.156631469726563 -0.169036865234375 0.150039672851563
-0.041229248046875 0.197982788085937 0.0335960388183594 -0.0643501281738281
-0.0269393920898437 0.1099853515625 -0.066009521484375 0.201004028320313
0.0187835693359375 0.136505126953125 -0.0694808959960938 -0.133193969726563
0.000648498535156251 0.106636047363281 -0.016143798828125 -0.214508056640625
-0.00926971435546875 7.6293945312502E-06 0.241897583007813 0.01727294921875
-0.0403213500976563 -0.0984039306640625 0.380645751953125 0.374908447265625
-0.0359039306640625 -0.17620849609375 0.20452880859375 0.6190185546875
0.0669403076171875 -0.153427124023438 -0.11614990234375 0.5238037109375
0.157272338867188 -0.0827484130859375 -0.155319213867187 0.169082641601563
0.1728515625 -0.0803375244140625 0.202056884765625 -0.12615966796875
0.139236450195313 -0.113304138183594 0.4857177734375 -0.3975830078125
0.07196044921875 -0.16363525390625 0.24749755859375 -0.58892822265625
0.00021362304687501 -0.134040832519531 -0.207183837890625 -0.36865234375
-0.0037078857421875 -0.0334396362304688 -0.40911865234375 -0.042510986328125
-0.0117721557617188 0.0986404418945312 -0.225723266601562 0.146347045898438
-0.0369110107421875 0.137176513671875 -0.00130844116210938 -0.0223369598388672
-0.00969123840332032 0.0191726684570313 -0.08148193359375 0.2274169921875
0.0070953369140625 0.0434837341308594 -0.090118408203125 -0.128829956054687
-0.0430564880371094 0.0538139343261719 -0.0471954345703125 -0.23486328125
-0.0238418579101563 0.0365486145019531 0.205886840820312 -0.00946044921875
-0.0133285522460937 -0.0102176666259766 0.36981201171875 0.358917236328125
-0.00183868408203124 -0.0720672607421875 0.2275390625 0.64056396484375
0.0499420166015625 -0.0676155090332031 -0.1102294921875 0.56744384765625
0.0820999145507812 -0.0392684936523438 -0.183380126953125 0.2000732421875
0.0907821655273438 -0.0356369018554688 0.172012329101563 -0.0908966064453125
0.0862045288085938 -0.044708251953125 0.490509033203125 -0.365142822265625
0.0606460571289062 -0.0602798461914062 0.28045654296875 -0.58868408203125
0.0177993774414063 -0.0438957214355469 -0.19482421875 -0.3988037109375
-0.0145168304443359 -0.00162887573242187 -0.42413330078125 -0.0746459960937499
-0.0207862854003906 0.0479087829589844 -0.2572021484375 0.14202880859375
-0.0285911560058594 0.0625076293945313 -0.0267963409423828 0.00292587280273437
0.01251220703125 -0.0809173583984375 -0.0962982177734375 0.232742309570313
-0.000530242919921875 -0.0623550415039062 -0.090423583984375 -0.120384216308594
-0.0798187255859375 -0.0167770385742187 -0.027313232421875 -0.2352294921875
-0.0372848510742188 0.0586967468261719 0.214218139648438 -0.0116729736328125
0.0101089477539062 0.073455810546875 0.345947265625 0.3642578125
0.0307579040527344 0.0381889343261719 0.191162109375 0.65460205078125
0.0274257659912109 0.0277309417724609 -0.13323974609375 0.572265625
-0.00396633148193359 0.00996494293212891 -0.182037353515625 0.206222534179687
-0.00353908538818359 0.0120849609375 0.174057006835938 -0.08050537109375
0.0217819213867187 0.0293674468994141 0.4661865234375 -0.368804931640625
0.0396575927734375 0.053619384765625 0.23138427734375 -0.58892822265625
0.0342674255371094 0.0592155456542969 -0.22808837890625 -0.386016845703125
-0.0200424194335938 0.0385246276855469 -0.432220458984375 -0.072113037109375
-0.0217533111572266 -0.00214576721191406 -0.260940551757813 0.146926879882813
-0.0155277252197266 -0.0179157257080078 -0.0366554260253906 0.0126419067382813
0.0315093994140625 -0.17510986328125 -0.10272216796875 0.219696044921875
-0.00788879394531251 -0.150588989257813 -0.0716171264648438 -0.111091613769531
-0.0985107421875 -0.0661163330078125 0.0364227294921875 -0.215499877929688
-0.0373916625976563 0.0896377563476563 0.259552001953125 0.0131378173828125
0.029815673828125 0.152145385742188 0.306243896484375 0.3935546875
0.0421524047851562 0.13714599609375 0.10418701171875 0.662353515625
-0.0119705200195312 0.112342834472656 -0.17535400390625 0.5413818359375
-0.0859527587890625 0.05621337890625 -0.149505615234375 0.188034057617188
-0.0797119140625 0.0702590942382813 0.2044677734375 -0.101150512695313
-0.015472412109375 0.113662719726563 0.408172607421875 -0.414886474609375
0.0376129150390625 0.1640625 0.1072998046875 -0.582763671875
0.0540618896484375 0.146926879882813 -0.298919677734375 -0.326690673828125
-0.0206680297851563 0.0611076354980469 -0.42352294921875 -0.032012939453125
-0.0206680297851563 -0.0591926574707031 -0.232192993164063 0.154861450195313
0.000679016113281259 -0.096221923828125 -0.0292816162109375 0.00497245788574218
0.0446624755859375 -0.245071411132813 -0.098785400390625 0.188796997070313
-0.0121002197265625 -0.1993408203125 -0.029693603515625 -0.103652954101563
-0.0915756225585938 -0.0726852416992187 0.1279296875 -0.179794311523438
-0.0186080932617188 0.1368408203125 0.311920166015625 0.064239501953125
0.0378875732421875 0.22216796875 0.2335205078125 0.441314697265625
0.0210113525390625 0.20849609375 -0.02630615234375 0.65185546875
-0.0697021484375 0.169036865234375 -0.21636962890625 0.475128173828125
-0.1512451171875 0.09368896484375 -0.089080810546875 0.146896362304687
-0.119117736816406 0.134452819824219 0.2371826171875 -0.156448364257813
-0.00892639160156249 0.198898315429688 0.308502197265625 -0.480926513671875
0.0636749267578125 0.24896240234375 -0.05975341796875 -0.553802490234375
0.0700836181640625 0.19384765625 -0.367218017578125 -0.2379150390625
-0.0238800048828125 0.0466079711914063 -0.38104248046875 0.0257568359374999
-0.0207443237304687 -0.122184753417969 -0.174209594726563 0.162277221679687
0.0144805908203125 -0.163589477539062 -0.00624656677246094 -0.0206699371337891
0.052520751953125 -0.278976440429687 -0.082977294921875 0.147323608398438
-0.0055694580078125 -0.202743530273438 0.0342254638671875 -0.102027893066406
-0.0636634826660156 -0.0398750305175781 0.225021362304688 -0.134597778320312
0.000396728515624997 0.188858032226563 0.336456298828125 0.13775634765625
0.02032470703125 0.266860961914063 0.115631103515625 0.49212646484375
-0.0321044921875 0.237380981445312 -0.18060302734375 0.6171875
-0.13250732421875 0.188400268554687 -0.242156982421875 0.38885498046875
-0.189056396484375 0.116470336914062 -0.01312255859375 0.089691162109375
-0.118637084960938 0.18927001953125 0.248794555664062 -0.239303588867188
0.0251617431640625 0.259445190429688 0.173828125 -0.5472412109375
0.093414306640625 0.285858154296875 -0.221038818359375 -0.502593994140625
0.0654144287109375 0.187469482421875 -0.3935546875 -0.14532470703125
-0.0308132171630859 -0.00461959838867187 -0.295196533203125 0.08099365234375
-0.019775390625 -0.18280029296875 -0.095672607421875 0.162384033203125
0.0263671875 -0.210372924804688 0.0242042541503906 -0.0630874633789063
-0.0434112548828125 0.200241088867188 -0.0284194946289062 0.1158447265625
0.0463409423828125 0.207183837890625 0.0267181396484375 -0.135604858398438
0.044342041015625 0.0749435424804688 0.176803588867188 -0.145904541015625
-0.030914306640625 -0.130218505859375 0.37249755859375 0.114044189453125
-0.0809783935546875 -0.255203247070313 0.311370849609375 0.455535888671875
-0.0382080078125 -0.2969970703125 0.00665283203124999 0.564453125
0.118179321289062 -0.22198486328125 -0.18157958984375 0.36639404296875
0.235000610351562 -0.125030517578125 -0.0326614379882812 0.0609970092773437
0.20526123046875 -0.164031982421875 0.289581298828125 -0.2685546875
0.106826782226563 -0.238906860351563 0.3492431640625 -0.544403076171875
0.00280761718750001 -0.288787841796875 -0.00561523437499996 -0.55511474609375
-0.030029296875 -0.192459106445313 -0.30267333984375 -0.205657958984375
0.0373001098632813 -0.000255584716796875 -0.325439453125 0.0909423828124999
0.0297698974609375 0.208755493164063 -0.096099853515625 0.15057373046875
-0.036651611328125 0.228103637695313 0.0719146728515625 -0.114883422851563
-0.0411376953125 0.174407958984375 -0.0470733642578125 0.163772583007813
0.0364990234375 0.195816040039063 -0.0338592529296875 -0.134330749511719
0.0356292724609375 0.115478515625 0.0635223388671875 -0.180511474609375
-0.0102348327636719 -0.0605087280273437 0.30902099609375 0.057769775390625
-0.0671844482421875 -0.189102172851563 0.369110107421875 0.408660888671875
-0.054351806640625 -0.257781982421875 0.1275634765625 0.594970703125
0.08746337890625 -0.207443237304688 -0.144561767578125 0.4544677734375
0.210250854492188 -0.112136840820312 -0.101173400878906 0.119956970214844
0.21337890625 -0.12493896484375 0.2501220703125 -0.187286376953125
0.147109985351563 -0.182830810546875 0.442352294921875 -0.465667724609375
0.04962158203125 -0.247695922851563 0.146728515625 -0.584228515625
-0.0191802978515625 -0.188613891601563 -0.254302978515625 -0.299530029296875
0.0139598846435547 -0.0336170196533203 -0.378509521484375 0.019683837890625
0.00840759277343748 0.1553955078125 -0.168304443359375 0.150314331054688
-0.041168212890625 0.197250366210937 0.0323524475097656 -0.0636177062988281
-0.0271224975585938 0.10943603515625 -0.0649566650390625 0.200531005859375
0.0191192626953125 0.134971618652344 -0.069061279296875 -0.133018493652344
-0.000808715820312491 0.106582641601563 -0.015594482421875 -0.213272094726563
-0.0098257064819336 -0.000278472900390625 0.242568969726562 0.0158233642578125
-0.0404052734375 -0.0985107421875 0.381011962890625 0.37548828125
-0.03564453125 -0.175308227539063 0.20458984375 0.620361328125
0.0663299560546875 -0.1524658203125 -0.115570068359375 0.52313232421875
0.156906127929687 -0.082244873046875 -0.155517578125 0.168914794921875
0.172744750976563 -0.0792999267578125 0.200286865234375 -0.12493896484375
0.138092041015625 -0.113319396972656 0.48297119140625 -0.3975830078125
0.071441650390625 -0.163131713867188 0.2474365234375 -0.59014892578125
-0.000404357910156244 -0.134132385253906 -0.20831298828125 -0.368804931640625
-0.00445365905761719 -0.0332489013671875 -0.409393310546875 -0.042449951171875
-0.0112152099609375 0.098297119140625 -0.22528076171875 0.145706176757813
-0.0365219116210937 0.136085510253906 -0.00174903869628906 -0.0219612121582031
-0.00992965698242187 0.0193862915039063 -0.0810546875 0.226882934570313
0.00768280029296875 0.0416145324707031 -0.0891036987304688 -0.128501892089844
-0.0426254272460938 0.0546379089355469 -0.0467681884765625 -0.233963012695313
-0.0239791870117188 0.0365409851074219 0.207000732421875 -0.0105743408203125
-0.0135869979858398 -0.0108232498168945 0.37042236328125 0.35687255859375
-0.00185394287109376 -0.0714569091796875 0.2276611328125 0.6392822265625
0.050140380859375 -0.0681877136230469 -0.10931396484375 0.5660400390625
0.0816192626953125 -0.03948974609375 -0.183395385742188 0.198898315429687
0.0894317626953125 -0.0348281860351562 0.1705322265625 -0.0908966064453125
0.0857467651367188 -0.0442581176757813 0.48748779296875 -0.3651123046875
0.0603103637695313 -0.0591659545898438 0.27813720703125 -0.589111328125
0.0186119079589844 -0.043731689453125 -0.194793701171875 -0.399566650390625
-0.0147800445556641 -0.0015411376953125 -0.42340087890625 -0.07562255859375
-0.0206832885742188 0.0464897155761719 -0.256454467773438 0.142120361328125
-0.0285987854003906 0.0621681213378906 -0.0273075103759766 0.0031890869140625
0.0117645263671875 -0.081390380859375 -0.0947113037109375 0.232711791992187
-0.000785827636718754 -0.0623741149902344 -0.0900726318359375 -0.119194030761719
-0.0798721313476563 -0.0152664184570312 -0.027374267578125 -0.234588623046875
-0.0375099182128906 0.0592079162597656 0.215072631835938 -0.0120086669921875
0.01031494140625 0.073455810546875 0.346893310546875 0.361358642578125
0.0300445556640625 0.0370750427246094 0.1912841796875 0.65411376953125
0.0270423889160156 0.0277385711669922 -0.13153076171875 0.57171630859375
-0.00434970855712891 0.00926780700683594 -0.181365966796875 0.205612182617188
-0.00428676605224609 0.0116329193115234 0.172897338867187 -0.080230712890625
0.0216541290283203 0.0291919708251953 0.465179443359375 -0.368804931640625
0.0394020080566406 0.0536880493164063 0.229736328125 -0.58868408203125
0.0349044799804687 0.0589218139648437 -0.22760009765625 -0.38616943359375
-0.0199012756347656 0.0383872985839844 -0.431732177734375 -0.071807861328125
-0.0215682983398438 -0.00235176086425781 -0.260650634765625 0.1455078125
-0.0148258209228516 -0.0182590484619141 -0.0370368957519531 0.0129890441894531
0.03106689453125 -0.1751708984375 -0.101547241210937 0.218795776367188
-0.0084228515625 -0.150253295898438 -0.071136474609375 -0.109535217285156
-0.0989608764648437 -0.0654830932617188 0.03656005859375 -0.214569091796875
-0.0367202758789063 0.0898895263671875 0.260650634765625 0.012542724609375
0.0296173095703125 0.151901245117188 0.30718994140625 0.39300537109375
0.042205810546875 0.1365966796875 0.1036376953125 0.66241455078125
-0.0128173828125 0.111503601074219 -0.173431396484375 0.54034423828125
-0.0871963500976563 0.0558624267578125 -0.149490356445313 0.187896728515625
-0.0800628662109375 0.06890869140625 0.203582763671875 -0.10040283203125
-0.0150604248046875 0.112716674804688 0.40777587890625 -0.413848876953125
0.0374908447265625 0.163421630859375 0.10614013671875 -0.58111572265625
0.0548858642578125 0.14642333984375 -0.29901123046875 -0.327423095703125
-0.0198593139648437 0.0615501403808594 -0.4232177734375 -0.0314331054687501
-0.0209884643554688 -0.058135986328125 -0.231582641601563 0.154769897460937
0.000846862792968756 -0.0957412719726563 -0.0289630889892578 0.00602531433105468
0.0435791015625 -0.244338989257813 -0.097747802734375 0.188262939453125
-0.0118560791015625 -0.199188232421875 -0.0292205810546875 -0.102912902832031
-0.0915374755859375 -0.071380615234375 0.1282958984375 -0.179336547851562
-0.0179901123046875 0.136070251464844 0.312591552734375 0.063507080078125
0.038665771484375 0.22125244140625 0.2335205078125 0.4400634765625
0.02117919921875 0.207138061523438 -0.02685546875 0.652587890625
-0.070709228515625 0.168350219726563 -0.216064453125 0.47503662109375
-0.151123046875 0.0935211181640625 -0.0890045166015625 0.147140502929687
-0.119064331054688 0.134101867675781 0.237106323242187 -0.155426025390625
-0.0098876953125 0.198165893554688 0.30743408203125 -0.481201171875
0.0646514892578125 0.24847412109375 -0.059112548828125 -0.553314208984375
0.0708770751953125 0.192230224609375 -0.366729736328125 -0.23773193359375
-0.0226821899414063 0.0470237731933594 -0.380889892578125 0.0259704589843749
-0.0209884643554688 -0.121528625488281 -0.173812866210937 0.162567138671875
0.0140533447265625 -0.162261962890625 -0.00693130493164062 -0.0201377868652344
0.0504302978515625 -0.279388427734375 -0.081939697265625 0.146331787109375
-0.00526428222656252 -0.201934814453125 0.0349044799804688 -0.100715637207031
-0.0629959106445313 -0.0387992858886719 0.225372314453125 -0.135299682617188
0.00128173828125001 0.188186645507812 0.33709716796875 0.137603759765625
0.0212249755859375 0.265274047851563 0.11688232421875 0.492095947265625
-0.030914306640625 0.237274169921875 -0.1796875 0.61566162109375
-0.13360595703125 0.188064575195312 -0.24200439453125 0.38916015625
-0.189285278320312 0.1160888671875 -0.0122299194335938 0.08905029296875
-0.118606567382813 0.187850952148438 0.248184204101563 -0.238983154296875
0.0253143310546875 0.25823974609375 0.1739501953125 -0.5467529296875
0.093658447265625 0.28472900390625 -0.2203369140625 -0.502044677734375
0.066436767578125 0.18670654296875 -0.393157958984375 -0.145416259765625
-0.0300827026367187 -0.00404930114746094 -0.295684814453125 0.0816955566406249
-0.0198974609375 -0.18218994140625 -0.0953216552734375 0.162277221679688
0.0262603759765625 -0.20892333984375 0.0238113403320313 -0.0626602172851563
-0.0438690185546875 0.200897216796875 -0.0274658203125 0.115028381347656
0.046844482421875 0.2059326171875 0.0270462036132813 -0.136436462402344
0.0445938110351563 0.0755767822265625 0.176116943359375 -0.145339965820313
-0.03167724609375 -0.130203247070313 0.37274169921875 0.11248779296875
-0.082000732421875 -0.25421142578125 0.313568115234375 0.4549560546875
-0.03765869140625 -0.296417236328125 0.00628662109374998 0.56402587890625
0.117630004882813 -0.221389770507813 -0.18231201171875 0.366302490234375
0.235183715820313 -0.124252319335938 -0.0330238342285156 0.0612220764160156
0.205886840820312 -0.164260864257812 0.288238525390625 -0.26776123046875
0.106658935546875 -0.23846435546875 0.348876953125 -0.544921875
0.00250244140624997 -0.28802490234375 -0.00491333007812501 -0.554931640625
-0.0316162109375 -0.193161010742187 -0.302490234375 -0.20672607421875
0.0371322631835938 -0.00120162963867188 -0.3245849609375 0.0907592773437499
0.030059814453125 0.208160400390625 -0.0969085693359375 0.149765014648438
-0.0361175537109375 0.22796630859375 0.07135009765625 -0.113021850585938
-0.0416717529296875 0.174835205078125 -0.0457916259765625 0.163482666015625
0.035919189453125 0.194000244140625 -0.0330657958984375 -0.134078979492188
0.03558349609375 0.113838195800781 0.0639801025390625 -0.179641723632813
-0.0115547180175781 -0.0609016418457031 0.309417724609375 0.057037353515625
-0.0673980712890625 -0.188674926757813 0.3701171875 0.409637451171875
-0.0542755126953125 -0.257583618164063 0.126708984375 0.5965576171875
0.0870208740234375 -0.206085205078125 -0.14422607421875 0.453460693359375
0.21014404296875 -0.111007690429687 -0.10113525390625 0.119972229003906
0.21331787109375 -0.1239013671875 0.248626708984375 -0.185699462890625
0.146865844726563 -0.182373046875 0.442138671875 -0.4658203125
0.0489959716796875 -0.247116088867187 0.14520263671875 -0.58447265625
-0.02020263671875 -0.188674926757813 -0.254669189453125 -0.30133056640625
0.0139732360839844 -0.0341663360595703 -0.3785400390625 0.019073486328125
0.0085906982421875 0.154327392578125 -0.16766357421875 0.149642944335938
-0.04168701171875 0.195953369140625 0.0318946838378906 -0.062896728515625
-0.027984619140625 0.1097412109375 -0.063507080078125 0.199386596679687
0.0190582275390625 0.134040832519531 -0.0678253173828125 -0.133018493652344
7.62939453125087E-05 0.106575012207031 -0.0153350830078125 -0.212921142578125
-0.0105390548706055 -0.00116157531738281 0.243423461914063 0.01513671875
-0.0403594970703125 -0.0992355346679688 0.382293701171875 0.37384033203125
-0.0356597900390625 -0.175384521484375 0.2060546875 0.61865234375
0.0655517578125 -0.152175903320313 -0.114501953125 0.52239990234375
0.155899047851563 -0.0826263427734375 -0.154815673828125 0.168624877929687
0.171585083007813 -0.0793304443359375 0.199371337890625 -0.12481689453125
0.137954711914063 -0.111534118652344 0.482940673828125 -0.397705078125
0.0706024169921875 -0.163116455078125 0.24652099609375 -0.59039306640625
-0.000770568847656247 -0.134750366210938 -0.208251953125 -0.37060546875
-0.004638671875 -0.0339679718017578 -0.407958984375 -0.0421752929687499
-0.0117721557617188 0.0974884033203125 -0.225311279296875 0.145462036132812
-0.0361175537109375 0.136146545410156 -0.00221824645996094 -0.0217399597167969
-0.0105628967285156 0.0200214385986328 -0.0788421630859375 0.226089477539063
0.00786590576171874 0.0415229797363281 -0.0881881713867188 -0.127906799316406
-0.0424079895019531 0.054046630859375 -0.047393798828125 -0.23333740234375
-0.0241470336914063 0.0361976623535156 0.208358764648438 -0.0106353759765625
-0.0137243270874023 -0.0109720230102539 0.37176513671875 0.35540771484375
-0.00102996826171875 -0.071868896484375 0.2279052734375 0.6396484375
0.0488548278808594 -0.0679969787597656 -0.10858154296875 0.56549072265625
0.0812225341796875 -0.0386276245117188 -0.183929443359375 0.199249267578125
0.0900192260742187 -0.0354156494140625 0.169784545898438 -0.0908355712890625
0.0852890014648438 -0.0443267822265625 0.486846923828125 -0.364532470703125
0.0595207214355469 -0.0598678588867188 0.2779541015625 -0.5911865234375
0.0182266235351563 -0.0446701049804688 -0.19488525390625 -0.39996337890625
-0.0149259567260742 -0.00154304504394531 -0.423431396484375 -0.0755615234375001
-0.0196418762207031 0.046600341796875 -0.256759643554688 0.141921997070313
-0.0285453796386719 0.0617942810058594 -0.0276241302490234 0.00420188903808594
0.0104751586914062 -0.0814361572265625 -0.0941619873046875 0.232772827148438
0.000312805175781254 -0.0624046325683594 -0.0893936157226562 -0.118637084960938
-0.0788726806640625 -0.0155563354492188 -0.027069091796875 -0.23468017578125
-0.0374679565429687 0.058319091796875 0.216644287109375 -0.0122528076171875
0.010711669921875 0.0721206665039063 0.346923828125 0.361663818359375
0.0311431884765625 0.0375785827636719 0.1907958984375 0.6553955078125
0.0266704559326172 0.0272674560546875 -0.13189697265625 0.57037353515625
-0.00545120239257813 0.00959682464599609 -0.18304443359375 0.205535888671875
-0.00468254089355469 0.0115537643432617 0.172637939453125 -0.0798797607421875
0.0219612121582031 0.0287151336669922 0.465118408203125 -0.369171142578125
0.0396652221679688 0.0526390075683594 0.22967529296875 -0.5887451171875
0.0349388122558594 0.0588836669921875 -0.227264404296875 -0.386260986328125
-0.0193519592285156 0.0389060974121094 -0.431121826171875 -0.072509765625
-0.0224514007568359 -0.00268363952636719 -0.259765625 0.145248413085938
-0.0153064727783203 -0.0183734893798828 -0.0368080139160156 0.0138359069824219
0.0301361083984375 -0.174331665039062 -0.100479125976562 0.218429565429688
-0.0072784423828125 -0.150726318359375 -0.0705032348632813 -0.109527587890625
-0.0985031127929687 -0.0648651123046875 0.036468505859375 -0.214859008789063
-0.0359954833984375 0.0891952514648438 0.261795043945313 0.0124664306640625
0.0308685302734375 0.150909423828125 0.30706787109375 0.392059326171875
0.0428314208984375 0.135986328125 0.103271484375 0.661376953125
-0.012969970703125 0.11083984375 -0.1741943359375 0.53997802734375
-0.087371826171875 0.0559005737304688 -0.149261474609375 0.187515258789062
-0.0807418823242187 0.0695419311523437 0.2030029296875 -0.10040283203125
-0.0154266357421875 0.112358093261719 0.4068603515625 -0.414306640625
0.0381927490234375 0.163375854492188 0.10687255859375 -0.5830078125
0.0547943115234375 0.1451416015625 -0.29815673828125 -0.327728271484375
-0.0205154418945313 0.0617866516113281 -0.423095703125 -0.032440185546875
-0.0206642150878906 -0.0576629638671875 -0.231613159179688 0.154876708984375
0.000549316406250005 -0.0960006713867188 -0.0289554595947266 0.00660133361816406
0.04327392578125 -0.244277954101562 -0.0965423583984375 0.187759399414062
-0.0110321044921875 -0.199691772460938 -0.0286712646484375 -0.102622985839844
-0.090545654296875 -0.0699691772460937 0.128265380859375 -0.179977416992188
-0.0177459716796875 0.136123657226563 0.313201904296875 0.062896728515625
0.039337158203125 0.220535278320313 0.234649658203125 0.441253662109375
0.0213623046875 0.207611083984375 -0.02569580078125 0.6517333984375
-0.070068359375 0.167617797851563 -0.216644287109375 0.4744873046875
-0.15240478515625 0.0930023193359375 -0.0894775390625 0.14764404296875
-0.119232177734375 0.133926391601563 0.236358642578125 -0.155548095703125
-0.00897216796874998 0.1983642578125 0.306884765625 -0.4814453125
0.0646820068359375 0.247665405273438 -0.0594482421874999 -0.55340576171875
0.0715789794921875 0.191207885742188 -0.367431640625 -0.23779296875
-0.0218620300292969 0.0471725463867187 -0.380706787109375 0.025482177734375
-0.0207290649414063 -0.121467590332031 -0.17340087890625 0.161972045898437
0.013946533203125 -0.162734985351563 -0.00653457641601562 -0.0191783905029297
0.05029296875 -0.278976440429688 -0.081298828125 0.146377563476562
-0.0050201416015625 -0.2020263671875 0.03546142578125 -0.100936889648438
-0.0623359680175781 -0.0381393432617187 0.22552490234375 -0.134735107421875
0.0012664794921875 0.187850952148437 0.338226318359375 0.136688232421875
0.02166748046875 0.2642822265625 0.118072509765625 0.493927001953125
-0.0302276611328125 0.236236572265625 -0.17816162109375 0.61602783203125
-0.133468627929688 0.186920166015625 -0.241302490234375 0.388916015625
-0.189926147460938 0.11480712890625 -0.0128097534179688 0.0890884399414063
-0.119186401367187 0.187911987304688 0.248947143554688 -0.23876953125
0.0257720947265625 0.25665283203125 0.173095703125 -0.545623779296875
0.094879150390625 0.283966064453125 -0.22119140625 -0.502349853515625
0.067718505859375 0.186599731445313 -0.3929443359375 -0.14483642578125
-0.0297527313232422 -0.00379371643066406 -0.29534912109375 0.0811767578125
-0.0192413330078125 -0.181671142578125 -0.0960235595703125 0.162567138671875
0.0266571044921875 -0.208694458007812 0.024261474609375 -0.0620803833007813
-0.0435943603515625 0.200836181640625 -0.02728271484375 0.114189147949219
0.0469818115234375 0.204666137695313 0.0281143188476562 -0.136589050292969
0.0441741943359375 0.0745391845703125 0.176971435546875 -0.146041870117188
-0.03314208984375 -0.130851745605469 0.374267578125 0.11273193359375
-0.082427978515625 -0.255813598632813 0.31439208984375 0.455535888671875
-0.03778076171875 -0.295928955078125 0.00506591796874997 0.565673828125
0.11749267578125 -0.220794677734375 -0.18157958984375 0.36749267578125
0.235519409179687 -0.123489379882813 -0.0324134826660156 0.0607948303222656
0.205520629882813 -0.163055419921875 0.288177490234375 -0.2674560546875
0.107009887695313 -0.23809814453125 0.349761962890625 -0.545501708984375
0.00244140624999998 -0.287811279296875 -0.00552368164062495 -0.557952880859375
-0.0317535400390625 -0.19317626953125 -0.3031005859375 -0.20849609375
0.0361976623535156 -0.00136566162109375 -0.324859619140625 0.089691162109375
0.0304718017578125 0.207275390625 -0.09722900390625 0.149856567382813
-0.036590576171875 0.226715087890625 0.0707931518554688 -0.112190246582031
-0.04150390625 0.174774169921875 -0.0443878173828125 0.162521362304688
0.03631591796875 0.192855834960937 -0.032196044921875 -0.134086608886719
0.03509521484375 0.113853454589844 0.0649261474609375 -0.180435180664063
-0.0120086669921875 -0.060699462890625 0.31121826171875 0.057098388671875
-0.068359375 -0.189437866210937 0.371673583984375 0.409942626953125
-0.053680419921875 -0.257781982421875 0.12701416015625 0.5970458984375
0.0876922607421875 -0.20648193359375 -0.1461181640625 0.454742431640625
0.2103271484375 -0.111221313476563 -0.101150512695312 0.119705200195313
0.212478637695313 -0.124221801757813 0.248367309570313 -0.185821533203125
0.146713256835938 -0.18255615234375 0.444305419921875 -0.465972900390625
0.04974365234375 -0.247406005859375 0.146728515625 -0.58782958984375
-0.0206146240234375 -0.188583374023437 -0.254974365234375 -0.303131103515625
0.0129795074462891 -0.0339069366455078 -0.37890625 0.0191650390624999
0.00836181640625 0.153182983398438 -0.168930053710937 0.14874267578125
-0.041778564453125 0.19610595703125 0.0312767028808594 -0.0624008178710937
-0.0284805297851562 0.109474182128906 -0.063140869140625 0.19921875
0.0190811157226563 0.133026123046875 -0.0672531127929688 -0.132827758789062
0.000427246093749992 0.106369018554688 -0.0146331787109375 -0.213394165039063
-0.0117006301879883 -0.000715255737304686 0.24530029296875 0.01531982421875
-0.0412979125976563 -0.0992507934570312 0.382904052734375 0.3734130859375
-0.0356597900390625 -0.174819946289063 0.203857421875 0.6207275390625
0.0655059814453125 -0.152572631835938 -0.116546630859375 0.52349853515625
0.156509399414063 -0.0822906494140625 -0.15570068359375 0.168746948242188
0.172332763671875 -0.0778045654296875 0.198654174804688 -0.12432861328125
0.138214111328125 -0.112396240234375 0.484588623046875 -0.399200439453125
0.0711669921875 -0.163284301757813 0.24658203125 -0.593505859375
-0.00136566162109376 -0.134864807128906 -0.2081298828125 -0.37152099609375
-0.00498771667480469 -0.0339431762695313 -0.4093017578125 -0.043731689453125
-0.0114288330078125 0.0971755981445313 -0.225753784179688 0.14471435546875
-0.0357742309570313 0.134902954101563 -0.00237846374511719 -0.0204486846923828
-0.0113334655761719 0.0199737548828125 -0.079010009765625 0.225677490234375
0.00841903686523437 0.0404548645019531 -0.0868148803710938 -0.127418518066406
-0.0426750183105469 0.0549659729003906 -0.046234130859375 -0.2330322265625
-0.0245246887207031 0.0356674194335937 0.209304809570313 -0.011199951171875
-0.0141897201538086 -0.0114564895629883 0.371337890625 0.356842041015625
-0.000938415527343753 -0.07159423828125 0.22735595703125 0.64013671875
0.0489692687988281 -0.0683021545410156 -0.109130859375 0.565673828125
0.0808334350585938 -0.0392379760742188 -0.184402465820313 0.197891235351563
0.0892562866210938 -0.0355224609375 0.168975830078125 -0.089996337890625
0.0861358642578125 -0.0435104370117188 0.48858642578125 -0.365020751953125
0.0600624084472656 -0.0603713989257813 0.2781982421875 -0.59197998046875
0.0181465148925781 -0.0451545715332031 -0.195220947265625 -0.401123046875
-0.0154457092285156 -0.00185680389404297 -0.424591064453125 -0.076812744140625
-0.02020263671875 0.0463752746582031 -0.257308959960937 0.140548706054688
-0.0287551879882812 0.0619049072265625 -0.0281887054443359 0.00502204895019531
0.0102005004882813 -0.0815353393554688 -0.09326171875 0.231399536132812
0.000450134277343754 -0.0640068054199219 -0.0882186889648438 -0.118858337402344
-0.078887939453125 -0.0155792236328125 -0.0265350341796875 -0.234893798828125
-0.0379486083984375 0.0586624145507813 0.217758178710938 -0.0129547119140625
0.0110092163085937 0.0721588134765625 0.34893798828125 0.36297607421875
0.0318260192871094 0.0374183654785156 0.1900634765625 0.65460205078125
0.0257587432861328 0.0265064239501953 -0.13201904296875 0.5706787109375
-0.00611495971679688 0.00890731811523437 -0.182937622070313 0.205947875976562
-0.00493335723876953 0.0115461349487305 0.172134399414063 -0.0795745849609375
0.0211219787597656 0.0285320281982422 0.4659423828125 -0.369354248046875
0.0397186279296875 0.0530433654785156 0.23095703125 -0.59027099609375
0.0354576110839844 0.0584945678710938 -0.228057861328125 -0.387786865234375
-0.0201148986816406 0.0389633178710938 -0.432647705078125 -0.072540283203125
-0.0215091705322266 -0.00293350219726563 -0.261032104492188 0.145172119140625
-0.0146064758300781 -0.0180931091308594 -0.0364799499511719 0.0138626098632812
0.029144287109375 -0.174697875976563 -0.0998077392578125 0.218399047851563
-0.00698852539062501 -0.151016235351563 -0.0697250366210938 -0.108551025390625
-0.0976028442382813 -0.06439208984375 0.0365447998046875 -0.214920043945313
-0.0358810424804687 0.0894012451171875 0.263046264648438 0.0120086669921875
0.031005859375 0.150497436523438 0.30853271484375 0.394256591796875
0.0432815551757813 0.135704040527344 0.103515625 0.66339111328125
-0.0139007568359375 0.11065673828125 -0.17364501953125 0.5390625
-0.0880126953125 0.0546951293945313 -0.14935302734375 0.1875
-0.0817031860351562 0.068878173828125 0.203125 -0.099945068359375
-0.0159454345703125 0.112701416015625 0.40771484375 -0.41412353515625
0.038909912109375 0.162277221679688 0.10748291015625 -0.5836181640625
0.0557708740234375 0.145355224609375 -0.298553466796875 -0.329437255859375
-0.0193023681640625 0.061981201171875 -0.424163818359375 -0.0328369140624999
-0.0202178955078125 -0.0573921203613281 -0.232177734375 0.154190063476562
0.000244140624999993 -0.0961380004882813 -0.0293521881103516 0.00707626342773437
0.042877197265625 -0.245223999023438 -0.0967864990234375 0.187576293945312
-0.0105133056640625 -0.199844360351563 -0.0271530151367188 -0.102386474609375
-0.0904006958007813 -0.0705108642578125 0.128494262695312 -0.179977416992187
-0.0173721313476563 0.1365966796875 0.3140869140625 0.062957763671875
0.03961181640625 0.22021484375 0.236328125 0.442901611328125
0.02239990234375 0.207244873046875 -0.0257568359375 0.6534423828125
-0.071563720703125 0.167434692382813 -0.21710205078125 0.474395751953125
-0.154098510742188 0.0919647216796875 -0.0899200439453125 0.146484375
-0.119850158691406 0.133430480957031 0.236251831054687 -0.155197143554688
-0.00985717773437501 0.196792602539063 0.30889892578125 -0.481109619140625
0.0648193359375 0.247207641601562 -0.059295654296875 -0.55560302734375
0.0721282958984375 0.191726684570313 -0.366119384765625 -0.238250732421875
-0.0216102600097656 0.0478744506835938 -0.38226318359375 0.0258483886718751
-0.0202484130859375 -0.120223999023437 -0.17364501953125 0.162567138671875
0.01416015625 -0.1630859375 -0.00645828247070312 -0.0186977386474609
0.049530029296875 -0.279403686523437 -0.0809173583984375 0.145721435546875
-0.00369262695312501 -0.202728271484375 0.03692626953125 -0.100692749023438
-0.0622978210449219 -0.0369834899902344 0.225555419921875 -0.1348876953125
0.00213623046874998 0.188156127929688 0.33917236328125 0.137298583984375
0.022918701171875 0.264434814453125 0.11920166015625 0.49365234375
-0.030364990234375 0.23724365234375 -0.17840576171875 0.61700439453125
-0.134033203125 0.186874389648438 -0.241607666015625 0.388153076171875
-0.191818237304688 0.114715576171875 -0.0126953125 0.0895233154296875
-0.12017822265625 0.187530517578125 0.24957275390625 -0.239288330078125
0.0258636474609375 0.257171630859375 0.1739501953125 -0.545654296875
0.0946044921875 0.283721923828125 -0.222076416015625 -0.503265380859375
0.0683441162109375 0.185760498046875 -0.3931884765625 -0.145050048828125
-0.0288524627685547 -0.00387382507324219 -0.296295166015625 0.081268310546875
-0.019866943359375 -0.180801391601562 -0.0960235595703125 0.162918090820313
0.026824951171875 -0.209182739257813 0.0242385864257813 -0.0609207153320313
-0.0442962646484375 0.2020263671875 -0.0267257690429688 0.113700866699219
0.0464630126953125 0.204818725585938 0.028045654296875 -0.137199401855469
0.0434188842773438 0.07379150390625 0.178115844726563 -0.145767211914063
-0.0327377319335937 -0.131141662597656 0.37567138671875 0.11334228515625
-0.08245849609375 -0.256301879882812 0.31500244140625 0.45892333984375
-0.03753662109375 -0.296661376953125 0.00305175781249999 0.56890869140625
0.11798095703125 -0.221237182617187 -0.183837890625 0.3680419921875
0.2369384765625 -0.122909545898437 -0.0326194763183594 0.0612068176269531
0.206878662109375 -0.162857055664062 0.289764404296875 -0.2669677734375
0.107772827148438 -0.238906860351563 0.350982666015625 -0.547821044921875
0.00134277343749998 -0.288543701171875 -0.00506591796875003 -0.560760498046875
-0.0326690673828125 -0.1942138671875 -0.30413818359375 -0.20989990234375
0.0362014770507813 -0.0023040771484375 -0.32635498046875 0.0897216796875
0.030487060546875 0.207183837890625 -0.0980224609375 0.149856567382812
-0.0370635986328125 0.227691650390625 0.0704116821289063 -0.111961364746094
-0.0422515869140625 0.175735473632813 -0.0443572998046875 0.162063598632813
0.0353546142578125 0.192733764648438 -0.031402587890625 -0.134918212890625
0.0354232788085937 0.114425659179688 0.06494140625 -0.180221557617188
-0.0129890441894531 -0.0613784790039063 0.312652587890625 0.05706787109375
-0.0682220458984375 -0.190185546875 0.3724365234375 0.41082763671875
-0.0536041259765625 -0.258056640625 0.126220703125 0.59991455078125
0.087890625 -0.206863403320313 -0.1468505859375 0.4534912109375
0.211334228515625 -0.110946655273437 -0.101692199707031 0.119621276855469
0.213424682617187 -0.1229248046875 0.249282836914063 -0.185226440429688
0.147781372070313 -0.182418823242188 0.444915771484375 -0.46795654296875
0.0487060546875 -0.246963500976563 0.147216796875 -0.58795166015625
-0.020751953125 -0.189559936523438 -0.255035400390625 -0.3057861328125
0.0124092102050781 -0.0351943969726563 -0.3800048828125 0.0171508789062501
0.00868225097656251 0.1531982421875 -0.1693115234375 0.148544311523437
-0.0422515869140625 0.196243286132813 0.0311012268066406 -0.0618019104003906
-0.0285491943359375 0.110923767089844 -0.062957763671875 0.198959350585938
0.0193710327148438 0.132301330566406 -0.0660858154296875 -0.132858276367188
0.000297546386718738 0.106430053710938 -0.0144805908203125 -0.213790893554688
-0.0123481750488281 -0.000688552856445313 0.247314453125 0.0149688720703125
-0.0415420532226562 -0.100051879882813 0.38531494140625 0.375701904296875
-0.0353240966796875 -0.175460815429687 0.2034912109375 0.621826171875
0.06561279296875 -0.152435302734375 -0.117340087890625 0.524749755859375
0.1568603515625 -0.0817108154296875 -0.156646728515625 0.168121337890625
0.17169189453125 -0.0781707763671875 0.198577880859375 -0.123458862304687
0.138900756835938 -0.112266540527344 0.484588623046875 -0.39886474609375
0.0708465576171875 -0.1634521484375 0.2481689453125 -0.59417724609375
-0.00115966796874999 -0.1356201171875 -0.20843505859375 -0.374267578125
-0.00565719604492188 -0.03485107421875 -0.4097900390625 -0.0446166992187501
-0.0118560791015625 0.0970611572265625 -0.226181030273438 0.144058227539062
-0.0368118286132813 0.135467529296875 -0.00278663635253907 -0.0198841094970703
-0.0119094848632813 0.0198459625244141 -0.0783233642578125 0.225616455078125
0.00803375244140625 0.0399932861328125 -0.0866165161132812 -0.127655029296875
-0.0418739318847656 0.0544815063476563 -0.0459747314453125 -0.234268188476563
-0.0247764587402344 0.0352020263671875 0.211868286132813 -0.0118408203125
-0.0138053894042969 -0.0122394561767578 0.37451171875 0.359588623046875
-0.00106811523437501 -0.071563720703125 0.226318359375 0.642822265625
0.0483474731445313 -0.0679473876953125 -0.10986328125 0.5673828125
0.0806121826171875 -0.0393295288085938 -0.186019897460938 0.19921875
0.0891876220703125 -0.03424072265625 0.169769287109375 -0.089508056640625
0.085540771484375 -0.0438461303710938 0.4891357421875 -0.365478515625
0.0601158142089844 -0.0603446960449219 0.28057861328125 -0.5946044921875
0.0187301635742187 -0.045257568359375 -0.194671630859375 -0.40472412109375
-0.0153236389160156 -0.00199127197265625 -0.425537109375 -0.077606201171875
-0.0202751159667969 0.0468521118164063 -0.258560180664062 0.140472412109375
-0.0291824340820313 0.0624847412109375 -0.02825927734375 0.005859375
0.00905609130859375 -0.0810546875 -0.0928955078125 0.232589721679688
0.000717163085937507 -0.0649185180664063 -0.0870208740234375 -0.118629455566406
-0.0794677734375 -0.01470947265625 -0.0264129638671875 -0.234512329101562
-0.0380477905273437 0.058380126953125 0.220443725585937 -0.01300048828125
0.0105209350585937 0.0714950561523438 0.35009765625 0.3670654296875
0.0317115783691406 0.0372276306152344 0.19049072265625 0.65771484375
0.0254077911376953 0.0258769989013672 -0.134765625 0.572509765625
-0.00672245025634765 0.00911521911621094 -0.184310913085938 0.205535888671875
-0.00607395172119141 0.0112266540527344 0.172256469726563 -0.0784454345703125
0.0221500396728516 0.0284156799316406 0.46673583984375 -0.37030029296875
0.0399017333984375 0.0527267456054688 0.23211669921875 -0.59210205078125
0.0358619689941406 0.0582084655761719 -0.227264404296875 -0.3909912109375
-0.01971435546875 0.0390129089355469 -0.43377685546875 -0.074676513671875
-0.0220451354980469 -0.00219154357910156 -0.261795043945313 0.14459228515625
-0.0146751403808594 -0.01837158203125 -0.0372886657714844 0.0154495239257813
0.028564453125 -0.17584228515625 -0.0997161865234375 0.218719482421875
-0.00628662109374999 -0.15191650390625 -0.068115234375 -0.109230041503906
-0.097320556640625 -0.0635986328125 0.0379791259765625 -0.215133666992188
-0.0360946655273438 0.0893478393554688 0.265411376953125 0.012359619140625
0.0314178466796875 0.150161743164063 0.309539794921875 0.3961181640625
0.0438766479492188 0.136001586914062 0.1036376953125 0.66650390625
-0.0141754150390625 0.110855102539063 -0.174896240234375 0.541412353515625
-0.0898666381835938 0.0550079345703125 -0.150726318359375 0.187744140625
-0.0826568603515625 0.06866455078125 0.203353881835938 -0.099700927734375
-0.01666259765625 0.111793518066406 0.409942626953125 -0.41485595703125
0.0382537841796875 0.163162231445313 0.1082763671875 -0.5867919921875
0.055908203125 0.145294189453125 -0.2998046875 -0.331878662109375
-0.0189933776855469 0.0624275207519531 -0.4251708984375 -0.0334167480468749
-0.0204353332519531 -0.0573196411132813 -0.232955932617187 0.154800415039063
0.000938415527343761 -0.096435546875 -0.0293006896972656 0.00797080993652344
0.041961669921875 -0.244964599609375 -0.0957183837890625 0.187728881835937
-0.00947570800781251 -0.200531005859375 -0.0260848999023438 -0.101913452148438
-0.0898666381835938 -0.0693511962890625 0.129684448242188 -0.179916381835938
-0.0172271728515625 0.136520385742188 0.31640625 0.06317138671875
0.0400848388671875 0.2208251953125 0.23663330078125 0.44451904296875
0.022125244140625 0.207229614257813 -0.02679443359375 0.65673828125
-0.072113037109375 0.167449951171875 -0.218902587890625 0.4759521484375
-0.155258178710937 0.0918121337890625 -0.09014892578125 0.14697265625
-0.121932983398437 0.133438110351563 0.237579345703125 -0.154922485351562
-0.00968933105468749 0.197128295898438 0.30926513671875 -0.482666015625
0.06439208984375 0.248336791992187 -0.05828857421875 -0.5582275390625
0.0732421875 0.191741943359375 -0.36810302734375 -0.240936279296875
-0.0210189819335938 0.0486488342285156 -0.3834228515625 0.024627685546875
-0.0206298828125 -0.120941162109375 -0.174819946289063 0.163055419921875
0.0143280029296875 -0.163299560546875 -0.00679588317871094 -0.0180835723876953
0.049468994140625 -0.280014038085938 -0.0812530517578125 0.146408081054688
-0.0034942626953125 -0.203567504882812 0.0372238159179688 -0.101249694824219
-0.0618705749511719 -0.0367050170898437 0.22662353515625 -0.1348876953125
0.00236511230468749 0.1885986328125 0.3402099609375 0.13775634765625
0.02288818359375 0.264724731445313 0.117279052734375 0.49798583984375
-0.0307464599609375 0.237396240234375 -0.1812744140625 0.62158203125
-0.135711669921875 0.18670654296875 -0.24468994140625 0.38922119140625
-0.194107055664062 0.114120483398438 -0.0128936767578125 0.0895919799804688
-0.121109008789062 0.187454223632813 0.250885009765625 -0.238998413085938
0.02520751953125 0.258041381835938 0.175323486328125 -0.54669189453125
0.095458984375 0.283843994140625 -0.22161865234375 -0.505767822265625
0.0690765380859375 0.186431884765625 -0.394134521484375 -0.146697998046875
-0.0287590026855469 -0.00403976440429687 -0.297393798828125 0.08111572265625
-0.019927978515625 -0.180862426757813 -0.096160888671875 0.163497924804688
0.027008056640625 -0.209930419921875 0.0237312316894531 -0.0605239868164063
-0.045867919921875 0.20330810546875 -0.0260696411132813 0.113655090332031
0.0458984375 0.204574584960938 0.0293655395507813 -0.138290405273438
0.0436859130859375 0.0740203857421875 0.179031372070312 -0.146072387695313
-0.0339736938476563 -0.131446838378906 0.378204345703125 0.11383056640625
-0.0838623046875 -0.257736206054688 0.318084716796875 0.460906982421875
-0.037750244140625 -0.297088623046875 0.00244140625000005 0.57183837890625
0.119064331054688 -0.221298217773438 -0.184844970703125 0.368988037109375
0.237380981445313 -0.122528076171875 -0.0323486328125 0.0611076354980469
0.20770263671875 -0.162506103515625 0.29058837890625 -0.26806640625
0.10809326171875 -0.239181518554687 0.352142333984375 -0.549896240234375
0.00161743164062503 -0.289520263671875 -0.00500488281250004 -0.56396484375
-0.033294677734375 -0.194580078125 -0.3052978515625 -0.21246337890625
0.035491943359375 -0.00250625610351563 -0.327911376953125 0.0892944335937499
0.031005859375 0.206161499023438 -0.098968505859375 0.149932861328125
-0.0379180908203125 0.228302001953125 0.0702667236328125 -0.111137390136719
-0.042572021484375 0.176498413085938 -0.0440216064453125 0.161941528320313
0.03497314453125 0.19146728515625 -0.0314407348632812 -0.136260986328125
0.0349884033203125 0.114845275878906 0.065765380859375 -0.180679321289063
-0.0139007568359375 -0.0624160766601563 0.31536865234375 0.056640625
-0.0690460205078125 -0.191207885742188 0.375030517578125 0.413360595703125
-0.0535125732421875 -0.259292602539063 0.125244140625 0.603759765625
0.08807373046875 -0.207183837890625 -0.147430419921875 0.457427978515625
0.212387084960938 -0.110504150390625 -0.103248596191406 0.120216369628906
0.214523315429687 -0.122756958007812 0.249801635742188 -0.185592651367188
0.148147583007813 -0.182571411132813 0.447418212890625 -0.4693603515625
0.0485992431640625 -0.248245239257813 0.14703369140625 -0.5928955078125
-0.02130126953125 -0.190689086914063 -0.256317138671875 -0.308685302734375
0.0121574401855469 -0.0361404418945313 -0.382080078125 0.0162048339843751
0.00892639160156249 0.152816772460938 -0.1708984375 0.147689819335938
-0.042449951171875 0.196304321289063 0.031158447265625 -0.0608558654785156
-0.0288162231445312 0.111160278320313 -0.0618743896484375 0.1983642578125
0.0186996459960937 0.131729125976563 -0.0656204223632813 -0.133995056152344
0.000755310058593758 0.106857299804688 -0.013824462890625 -0.213668823242187
-0.0136346817016602 -0.00151538848876953 0.248825073242188 0.01416015625
-0.0416946411132813 -0.100418090820313 0.38775634765625 0.376861572265625
-0.0354156494140625 -0.17620849609375 0.2042236328125 0.6259765625
0.0659637451171875 -0.153106689453125 -0.119720458984375 0.5264892578125
0.157791137695313 -0.0810546875 -0.1583251953125 0.168731689453125
0.172348022460938 -0.078094482421875 0.199203491210938 -0.123580932617188
0.139694213867188 -0.111869812011719 0.487762451171875 -0.401611328125
0.0710601806640625 -0.164306640625 0.24951171875 -0.59716796875
-0.00157928466796876 -0.136344909667969 -0.20947265625 -0.37835693359375
-0.00570297241210938 -0.03521728515625 -0.41143798828125 -0.04522705078125
-0.0112991333007813 0.0966644287109375 -0.227890014648437 0.144638061523438
-0.0373077392578125 0.135444641113281 -0.00298118591308594 -0.0195217132568359
-0.0123176574707031 0.0198268890380859 -0.0778350830078125 0.226058959960938
0.00909042358398438 0.0386962890625 -0.0858612060546875 -0.127700805664063
-0.0422515869140625 0.0551795959472656 -0.0448455810546875 -0.2349853515625
-0.0256385803222656 0.0358200073242188 0.213592529296875 -0.0120697021484375
-0.014246940612793 -0.0128889083862305 0.376556396484375 0.36151123046875
-0.000495910644531254 -0.0727310180664063 0.2265625 0.6474609375
0.0489730834960937 -0.0682907104492188 -0.113037109375 0.56915283203125
0.080413818359375 -0.0393295288085938 -0.186569213867188 0.199325561523438
0.0893783569335938 -0.03497314453125 0.1690673828125 -0.08953857421875
0.0857925415039063 -0.0441970825195313 0.490875244140625 -0.368011474609375
0.06024169921875 -0.060760498046875 0.28155517578125 -0.59820556640625
0.0179100036621094 -0.046173095703125 -0.19683837890625 -0.407745361328125
-0.0143632888793945 -0.00226879119873047 -0.427581787109375 -0.078826904296875
-0.0201568603515625 0.0465583801269531 -0.260162353515625 0.140167236328125
-0.0290489196777344 0.0614662170410156 -0.0287837982177734 0.00607299804687501
0.00910186767578124 -0.0815963745117188 -0.0923919677734375 0.232528686523438
0.00072860717773438 -0.06585693359375 -0.0862808227539062 -0.119056701660156
-0.0789794921875 -0.0148849487304688 -0.025726318359375 -0.2357177734375
-0.0385360717773438 0.0594215393066406 0.222900390625 -0.01348876953125
0.0112686157226563 0.0714797973632813 0.35418701171875 0.367431640625
0.032989501953125 0.0364990234375 0.19049072265625 0.6611328125
0.0258979797363281 0.0268077850341797 -0.1358642578125 0.57379150390625
-0.00720596313476563 0.00954627990722656 -0.186141967773438 0.206207275390625
-0.00685596466064453 0.0114555358886719 0.1722412109375 -0.07879638671875
0.0217113494873047 0.0285530090332031 0.468597412109375 -0.372100830078125
0.0393867492675781 0.0527076721191406 0.2347412109375 -0.59661865234375
0.0354766845703125 0.0576286315917969 -0.228485107421875 -0.39373779296875
-0.0196762084960938 0.0393943786621094 -0.435394287109375 -0.075653076171875
-0.021820068359375 -0.00173568725585937 -0.263046264648438 0.1456298828125
-0.0149288177490234 -0.0185871124267578 -0.037872314453125 0.0156097412109375
0.0284881591796875 -0.17584228515625 -0.09967041015625 0.21893310546875
-0.00515747070312499 -0.153564453125 -0.0675048828125 -0.109199523925781
-0.0977783203125 -0.063262939453125 0.0380401611328125 -0.215606689453125
-0.0356216430664063 0.0900497436523438 0.267486572265625 0.0118865966796875
0.0316925048828125 0.150588989257813 0.31256103515625 0.399261474609375
0.0440826416015625 0.136093139648438 0.1021728515625 0.6685791015625
-0.0162429809570312 0.110275268554688 -0.178070068359375 0.542510986328125
-0.0909042358398437 0.05462646484375 -0.151382446289062 0.188308715820313
-0.0839691162109375 0.0690994262695312 0.203475952148438 -0.09930419921875
-0.0159225463867188 0.112052917480469 0.411224365234375 -0.41729736328125
0.038787841796875 0.162857055664063 0.1094970703125 -0.590087890625
0.0565338134765625 0.145538330078125 -0.30029296875 -0.334259033203125
-0.0191154479980469 0.0623283386230469 -0.428253173828125 -0.03460693359375
-0.0194549560546875 -0.0578346252441406 -0.23516845703125 0.155181884765625
0.00102996826171875 -0.0964584350585938 -0.0295200347900391 0.00841712951660156
0.0414886474609375 -0.246734619140625 -0.0959625244140625 0.188125610351562
-0.00886535644531248 -0.201751708984375 -0.0256805419921875 -0.102508544921875
-0.09002685546875 -0.0698699951171875 0.129745483398438 -0.1812744140625
-0.0164794921875 0.137809753417969 0.318939208984375 0.063385009765625
0.041473388671875 0.221237182617188 0.23876953125 0.446868896484375
0.022674560546875 0.2080078125 -0.0283203125 0.66009521484375
-0.0736846923828125 0.168289184570313 -0.21966552734375 0.47735595703125
-0.157333374023438 0.0913238525390625 -0.0904693603515625 0.14788818359375
-0.122276306152344 0.133033752441406 0.239349365234375 -0.155197143554688
-0.0103302001953125 0.198043823242188 0.312408447265625 -0.484100341796875
0.0650787353515625 0.2486572265625 -0.058258056640625 -0.561279296875
0.0734405517578125 0.191604614257813 -0.36981201171875 -0.242034912109375
-0.0208816528320313 0.0495223999023438 -0.385650634765625 0.0244445800781249
-0.0202713012695312 -0.120819091796875 -0.176025390625 0.1632080078125
0.014739990234375 -0.164398193359375 -0.00728607177734375 -0.0168933868408203
0.0486907958984375 -0.280319213867188 -0.081024169921875 0.146194458007812
-0.00280761718750002 -0.203964233398438 0.0383682250976563 -0.101119995117188
-0.0613861083984375 -0.0369186401367188 0.228164672851562 -0.135345458984375
0.00190734863281249 0.189117431640625 0.34307861328125 0.138427734375
0.02313232421875 0.266067504882813 0.119598388671875 0.5008544921875
-0.03033447265625 0.238494873046875 -0.18157958984375 0.62408447265625
-0.136749267578125 0.186752319335937 -0.245147705078125 0.39093017578125
-0.195449829101563 0.113983154296875 -0.012664794921875 0.0896759033203125
-0.122222900390625 0.187484741210938 0.252670288085938 -0.239883422851563
0.025787353515625 0.25799560546875 0.1778564453125 -0.551361083984375
0.096343994140625 0.2840576171875 -0.221466064453125 -0.50823974609375
0.0698699951171875 0.186203002929688 -0.397064208984375 -0.148223876953125
-0.0287837982177734 -0.00276947021484375 -0.300201416015625 0.0810546875
-0.019073486328125 -0.181838989257813 -0.0979156494140625 0.164138793945313
0.0269622802734375 -0.211212158203125 0.0234489440917969 -0.05963134765625
-0.0456695556640625 0.204391479492188 -0.0257644653320312 0.11328125
0.0454254150390625 0.20428466796875 0.0299530029296875 -0.13922119140625
0.0443191528320313 0.0742263793945312 0.18048095703125 -0.146591186523438
-0.03564453125 -0.132377624511719 0.380767822265625 0.113861083984375
-0.0843505859375 -0.258438110351563 0.320831298828125 0.46319580078125
-0.036865234375 -0.2984619140625 0.000610351562500009 0.57672119140625
0.11993408203125 -0.222488403320313 -0.18603515625 0.3719482421875
0.240005493164062 -0.123001098632812 -0.0330696105957031 0.0619850158691406
0.209274291992188 -0.162567138671875 0.29168701171875 -0.268646240234375
0.108901977539062 -0.23968505859375 0.354339599609375 -0.552947998046875
0.00048828125000002 -0.290252685546875 -0.00408935546875001 -0.56964111328125
-0.0341796875 -0.196044921875 -0.30859375 -0.214569091796875
0.0350093841552734 -0.00366973876953125 -0.32989501953125 0.089813232421875
0.0314788818359375 0.206436157226563 -0.099273681640625 0.15057373046875
-0.038299560546875 0.229171752929688 0.07073974609375 -0.111640930175781
-0.0436553955078125 0.17816162109375 -0.0430450439453125 0.16229248046875
0.0352935791015625 0.192276000976563 -0.030426025390625 -0.13739013671875
0.0354766845703125 0.115180969238281 0.0665740966796875 -0.18121337890625
-0.0149154663085938 -0.06243896484375 0.318084716796875 0.055328369140625
-0.070556640625 -0.192642211914063 0.37939453125 0.415679931640625
-0.0539703369140625 -0.259780883789062 0.1253662109375 0.60931396484375
0.0888519287109375 -0.207977294921875 -0.14990234375 0.460296630859375
0.213699340820312 -0.110366821289062 -0.104087829589844 0.120521545410156
0.215652465820312 -0.122787475585938 0.251083374023438 -0.1861572265625
0.149017333984375 -0.183746337890625 0.44903564453125 -0.473297119140625
0.048492431640625 -0.249679565429687 0.14874267578125 -0.598388671875
-0.022186279296875 -0.192092895507813 -0.25848388671875 -0.311309814453125
0.0118331909179687 -0.0362091064453125 -0.38470458984375 0.0161743164062499
0.00900268554687498 0.152984619140625 -0.17169189453125 0.14892578125
-0.0431365966796875 0.1976318359375 0.03045654296875 -0.0603370666503906
-0.0296478271484375 0.112167358398438 -0.0604705810546875 0.199447631835938
0.018951416015625 0.131874084472656 -0.0645751953125 -0.135047912597656
0.000358581542968749 0.107933044433594 -0.0141448974609375 -0.2149658203125
-0.0131750106811523 -0.00156784057617188 0.252395629882813 0.0128021240234375
-0.04296875 -0.101524353027344 0.39190673828125 0.380340576171875
-0.03448486328125 -0.177505493164063 0.205810546875 0.6317138671875
0.0662689208984375 -0.153778076171875 -0.119293212890625 0.528289794921875
0.15814208984375 -0.08099365234375 -0.159805297851562 0.169082641601563
0.173736572265625 -0.0776214599609375 0.199874877929688 -0.123916625976562
0.139930725097656 -0.112823486328125 0.48968505859375 -0.4029541015625
0.0717620849609375 -0.1650390625 0.25201416015625 -0.6046142578125
-0.00157928466796876 -0.137069702148438 -0.211090087890625 -0.3809814453125
-0.0059356689453125 -0.0354957580566406 -0.41522216796875 -0.0472412109375
-0.0110702514648438 0.09698486328125 -0.229568481445313 0.144271850585938
-0.0376434326171875 0.136077880859375 -0.00340080261230469 -0.0192699432373047
-0.0132293701171875 0.0206699371337891 -0.07733154296875 0.226852416992187
0.0080413818359375 0.0384254455566406 -0.0854034423828125 -0.12847900390625
-0.0422630310058594 0.0554161071777344 -0.045867919921875 -0.2353515625
-0.0258865356445313 0.0354499816894531 0.215728759765625 -0.012237548828125
-0.014007568359375 -0.0129356384277344 0.38018798828125 0.363525390625
-0.000816345214843753 -0.072509765625 0.22833251953125 0.65191650390625
0.0488128662109375 -0.0683441162109375 -0.11334228515625 0.5721435546875
0.0803909301757813 -0.0396041870117188 -0.18865966796875 0.199996948242187
0.0897064208984375 -0.034759521484375 0.1697998046875 -0.0895538330078125
0.0861663818359375 -0.0442886352539063 0.494415283203125 -0.371063232421875
0.0605545043945312 -0.0611839294433594 0.2840576171875 -0.6029052734375
0.0181465148925781 -0.0460853576660156 -0.197113037109375 -0.411590576171875
-0.0155563354492188 -0.00241947174072266 -0.43017578125 -0.0802612304687501
-0.0201911926269531 0.0468254089355469 -0.26202392578125 0.141586303710938
-0.0297050476074219 0.0627059936523438 -0.0285987854003906 0.00694656372070313
0.0077667236328125 -0.08233642578125 -0.0919342041015625 0.233718872070312
0.000816345214843752 -0.0672683715820313 -0.0863494873046875 -0.119400024414062
-0.0795135498046875 -0.014007568359375 -0.025634765625 -0.237136840820313
-0.0381126403808594 0.0593681335449219 0.2257080078125 -0.0138702392578125
0.0110626220703125 0.0712203979492188 0.356109619140625 0.369781494140625
0.0325508117675781 0.0372085571289063 0.19256591796875 0.66558837890625
0.0255374908447266 0.0266990661621094 -0.1353759765625 0.5782470703125
-0.00808811187744141 0.00885391235351563 -0.18634033203125 0.207244873046875
-0.00722026824951172 0.0116615295410156 0.172760009765625 -0.0787506103515625
0.0212688446044922 0.0285663604736328 0.471221923828125 -0.37432861328125
0.039886474609375 0.0529670715332031 0.2354736328125 -0.60089111328125
0.0363388061523437 0.0579338073730469 -0.2305908203125 -0.397705078125
-0.0193023681640625 0.0395851135253906 -0.439239501953125 -0.0771484375000001
-0.0222644805908203 -0.00256156921386719 -0.265350341796875 0.14556884765625
-0.0154972076416016 -0.0186805725097656 -0.038360595703125 0.0168495178222656
0.0277862548828125 -0.177566528320313 -0.09912109375 0.22039794921875
-0.00601196289062499 -0.1549072265625 -0.0675888061523438 -0.109794616699219
-0.0975189208984375 -0.0635986328125 0.0381622314453125 -0.217208862304688
-0.0359878540039062 0.0905990600585938 0.269927978515625 0.0119781494140625
0.032318115234375 0.151443481445313 0.31536865234375 0.40216064453125
0.0449752807617188 0.13665771484375 0.10455322265625 0.67437744140625
-0.0160598754882813 0.111480712890625 -0.178924560546875 0.545501708984375
-0.0923995971679688 0.0546340942382812 -0.153167724609375 0.189498901367188
-0.0840682983398437 0.0692672729492188 0.204757690429688 -0.0997161865234375
-0.0165481567382813 0.112548828125 0.412567138671875 -0.4200439453125
0.038970947265625 0.163482666015625 0.11053466796875 -0.59490966796875
0.057037353515625 0.14666748046875 -0.302215576171875 -0.33856201171875
-0.0193367004394531 0.0633277893066406 -0.431121826171875 -0.0348815917968749
-0.0209617614746094 -0.0574722290039063 -0.235885620117187 0.15509033203125
0.00090789794921875 -0.0975341796875 -0.0293178558349609 0.00923728942871093
0.040283203125 -0.247528076171875 -0.095916748046875 0.189102172851562
-0.00906372070312498 -0.202743530273438 -0.0247726440429687 -0.102935791015625
-0.089935302734375 -0.0693435668945312 0.13092041015625 -0.182281494140625
-0.0157546997070313 0.138557434082031 0.322479248046875 0.0628662109375
0.0413818359375 0.222122192382812 0.23968505859375 0.45147705078125
0.0228118896484375 0.20977783203125 -0.0269775390624999 0.66607666015625
-0.0753326416015625 0.16888427734375 -0.222900390625 0.480133056640625
-0.1595458984375 0.0912322998046875 -0.0913543701171875 0.14849853515625
-0.123207092285156 0.133773803710937 0.240692138671875 -0.156021118164063
-0.0099639892578125 0.198593139648438 0.314666748046875 -0.487640380859375
0.066436767578125 0.249267578125 -0.05926513671875 -0.56500244140625
0.074798583984375 0.193038940429688 -0.37115478515625 -0.24493408203125
-0.0200271606445312 0.0491180419921875 -0.38909912109375 0.025146484375
-0.0205078125 -0.121353149414062 -0.176986694335938 0.164535522460938
0.014404296875 -0.1649169921875 -0.00722694396972656 -0.0166893005371094
0.047637939453125 -0.282318115234375 -0.0808563232421875 0.146774291992187
-0.00257873535156249 -0.2064208984375 0.0393524169921875 -0.101371765136719
-0.060699462890625 -0.035919189453125 0.229736328125 -0.136611938476562
0.00346374511718748 0.19158935546875 0.346343994140625 0.13934326171875
0.0235137939453125 0.266708374023438 0.12103271484375 0.504638671875
-0.0302734375 0.239761352539063 -0.182373046875 0.62872314453125
-0.138046264648438 0.187591552734375 -0.246246337890625 0.393310546875
-0.198028564453125 0.114608764648437 -0.0127639770507813 0.0906829833984375
-0.124114990234375 0.188796997070313 0.25408935546875 -0.241256713867188
0.026397705078125 0.258880615234375 0.177154541015625 -0.55401611328125
0.0966796875 0.2855224609375 -0.224609375 -0.51220703125
0.0708160400390625 0.187210083007813 -0.399383544921875 -0.149658203125
-0.0277633666992187 -0.00263786315917968 -0.302978515625 0.08135986328125
-0.019287109375 -0.182144165039062 -0.0982208251953125 0.164932250976563
0.0272216796875 -0.21221923828125 0.0234184265136719 -0.0595359802246094
-0.04608154296875 0.207061767578125 -0.0244140625 0.1136474609375
0.0452117919921875 0.205398559570313 0.030029296875 -0.140792846679688
0.0442352294921875 0.0738601684570313 0.18231201171875 -0.147674560546875
-0.0365524291992188 -0.133720397949219 0.3841552734375 0.113555908203125
-0.0856170654296875 -0.259933471679688 0.324310302734375 0.46697998046875
-0.037933349609375 -0.2998046875 0.00238037109374998 0.5836181640625
0.12115478515625 -0.22393798828125 -0.1876220703125 0.3758544921875
0.241775512695313 -0.122634887695313 -0.0327606201171875 0.0621185302734375
0.211029052734375 -0.163040161132813 0.2935791015625 -0.271087646484375
0.109603881835937 -0.24078369140625 0.3582763671875 -0.55767822265625
0.000640869140624968 -0.292510986328125 -0.00543212890624996 -0.574951171875
-0.035125732421875 -0.197189331054688 -0.3111572265625 -0.217376708984375
0.0348739624023438 -0.004058837890625 -0.3326416015625 0.0893554687500001
0.031890869140625 0.20697021484375 -0.100357055664063 0.152328491210938
-0.038116455078125 0.23046875 0.0705337524414063 -0.111335754394531
-0.0439453125 0.180084228515625 -0.042266845703125 0.162139892578125
0.0352783203125 0.193023681640625 -0.0300445556640625 -0.138687133789063
0.0357513427734375 0.115074157714844 0.0671539306640625 -0.181900024414062
-0.0157470703125 -0.0624237060546875 0.321929931640625 0.05609130859375
-0.070831298828125 -0.193572998046875 0.38323974609375 0.417877197265625
-0.054351806640625 -0.261764526367188 0.12615966796875 0.61474609375
0.089447021484375 -0.209747314453125 -0.15179443359375 0.46405029296875
0.215347290039063 -0.110488891601563 -0.104774475097656 0.121688842773438
0.217803955078125 -0.122695922851563 0.25213623046875 -0.186981201171875
0.150100708007813 -0.184494018554688 0.452301025390625 -0.476654052734375
0.0486297607421875 -0.250274658203125 0.1494140625 -0.6051025390625
-0.0225677490234375 -0.193572998046875 -0.259765625 -0.31561279296875
0.010955810546875 -0.037384033203125 -0.3876953125 0.01605224609375
0.00949096679687501 0.1533203125 -0.1734619140625 0.1492919921875
-0.042816162109375 0.198043823242188 0.0305900573730469 -0.0604934692382812
-0.030487060546875 0.11273193359375 -0.0605621337890625 0.199432373046875
0.0192337036132813 0.1319580078125 -0.0641250610351562 -0.135330200195313
0.00100708007812501 0.107887268066406 -0.013824462890625 -0.216293334960938
-0.0136985778808594 -0.000860214233398438 0.254898071289063 0.0130462646484375
-0.0430908203125 -0.102958679199219 0.39599609375 0.38275146484375
-0.035552978515625 -0.178543090820313 0.20709228515625 0.636962890625
0.06640625 -0.154296875 -0.12139892578125 0.534271240234375
0.159271240234375 -0.08123779296875 -0.16082763671875 0.170303344726563
0.174575805664063 -0.0778961181640625 0.20068359375 -0.124847412109375
0.140960693359375 -0.113418579101562 0.492950439453125 -0.4072265625
0.0711822509765625 -0.1654052734375 0.25286865234375 -0.610595703125
-0.00194549560546874 -0.1380615234375 -0.212493896484375 -0.385467529296875
-0.00673675537109375 -0.0360946655273437 -0.418792724609375 -0.047271728515625
-0.0108261108398438 0.0968551635742188 -0.231613159179688 0.145294189453125
-0.0378799438476563 0.137191772460938 -0.00371170043945313 -0.0182342529296875
-0.0133190155029297 0.0210037231445313 -0.07623291015625 0.2283935546875
0.00830841064453125 0.0381278991699219 -0.0852584838867188 -0.129684448242188
-0.0424537658691406 0.0565109252929687 -0.0456695556640625 -0.236679077148438
-0.0258750915527344 0.036163330078125 0.21844482421875 -0.0136566162109375
-0.0144920349121094 -0.0136709213256836 0.38531494140625 0.366455078125
0.000259399414062492 -0.0737228393554688 0.22967529296875 0.6573486328125
0.0489349365234375 -0.06939697265625 -0.11407470703125 0.57708740234375
0.0811767578125 -0.039093017578125 -0.190475463867188 0.201446533203125
0.0900497436523438 -0.0350723266601563 0.170120239257813 -0.0899505615234375
0.08648681640625 -0.04461669921875 0.49749755859375 -0.3736572265625
0.0611038208007812 -0.0614356994628906 0.2850341796875 -0.6103515625
0.0185050964355469 -0.0473403930664062 -0.1986083984375 -0.416046142578125
-0.0156803131103516 -0.00239372253417969 -0.434722900390625 -0.08148193359375
-0.0201072692871094 0.0472602844238281 -0.264083862304688 0.141998291015625
-0.0302162170410156 0.0625457763671875 -0.0294380187988281 0.00719451904296876
0.00783538818359376 -0.0821533203125 -0.091766357421875 0.23492431640625
0.00136566162109375 -0.06787109375 -0.0859832763671875 -0.119606018066406
-0.0797882080078125 -0.0140380859375 -0.026092529296875 -0.238327026367188
-0.0385513305664062 0.059906005859375 0.22821044921875 -0.01507568359375
0.0115127563476562 0.0716323852539063 0.35986328125 0.373565673828125
0.0334091186523438 0.0369529724121094 0.1953125 0.672119140625
0.0251865386962891 0.0263652801513672 -0.13818359375 0.581787109375
-0.0090494155883789 0.00884819030761719 -0.188613891601562 0.20855712890625
-0.00724029541015625 0.0118179321289063 0.17340087890625 -0.0792694091796875
0.0211067199707031 0.0279827117919922 0.474700927734375 -0.377593994140625
0.0401992797851563 0.0534744262695313 0.2371826171875 -0.60760498046875
0.0369377136230469 0.0581283569335938 -0.232330322265625 -0.40228271484375
-0.0188217163085938 0.0403480529785156 -0.443450927734375 -0.0773010253906249
-0.0223007202148438 -0.00242042541503907 -0.26702880859375 0.146484375
-0.0158557891845703 -0.0191516876220703 -0.0389404296875 0.0177192687988281
0.02728271484375 -0.178314208984375 -0.098663330078125 0.221542358398438
-0.00650024414062499 -0.156524658203125 -0.0673065185546875 -0.10919189453125
-0.0974197387695312 -0.0630722045898438 0.0387115478515625 -0.219024658203125
-0.0356826782226562 0.0914230346679688 0.274093627929688 0.0119476318359375
0.033233642578125 0.151718139648438 0.320465087890625 0.40545654296875
0.0463638305664063 0.137359619140625 0.10589599609375 0.67950439453125
-0.0166854858398438 0.112045288085938 -0.181365966796875 0.550689697265625
-0.09429931640625 0.0548629760742187 -0.154571533203125 0.190887451171875
-0.0857772827148438 0.069549560546875 0.206390380859375 -0.100112915039063
-0.0172958374023438 0.112945556640625 0.418914794921875 -0.4246826171875
0.0396881103515625 0.16485595703125 0.1121826171875 -0.60028076171875
0.0583953857421875 0.147720336914063 -0.304931640625 -0.340362548828125
-0.0190849304199219 0.0646591186523438 -0.435272216796875 -0.0354919433593751
-0.0200996398925781 -0.0576629638671875 -0.237884521484375 0.156112670898437
0.00121307373046874 -0.0983352661132813 -0.0296440124511719 0.0103664398193359
0.0402984619140625 -0.249465942382812 -0.095855712890625 0.191131591796875
-0.00909423828124998 -0.205078125 -0.0247650146484375 -0.1036376953125
-0.0902862548828125 -0.0687637329101563 0.131988525390625 -0.183486938476563
-0.0157241821289063 0.139366149902344 0.3250732421875 0.0640869140625
0.042694091796875 0.2232666015625 0.24322509765625 0.456298828125
0.02398681640625 0.2105712890625 -0.0278320312499999 0.670654296875
-0.0763397216796875 0.16937255859375 -0.224945068359375 0.48291015625
-0.162033081054688 0.0914459228515625 -0.09210205078125 0.149078369140625
-0.125175476074219 0.134727478027344 0.241943359375 -0.157257080078125
-0.01043701171875 0.199234008789063 0.31671142578125 -0.4921875
0.0671234130859375 0.250656127929687 -0.06048583984375 -0.57025146484375
0.0766143798828125 0.194366455078125 -0.37530517578125 -0.247314453125
-0.0199356079101562 0.0501365661621094 -0.392486572265625 0.024658203125
-0.0209503173828125 -0.121566772460938 -0.179000854492188 0.165908813476563
0.0146942138671875 -0.166290283203125 -0.00780010223388672 -0.0148849487304688
0.04638671875 -0.2840576171875 -0.0807952880859375 0.148223876953125
-0.00268554687500002 -0.208023071289063 0.0404510498046875 -0.101966857910156
-0.0601806640625 -0.0351066589355469 0.231155395507812 -0.137542724609375
0.00483703613281249 0.19256591796875 0.34979248046875 0.139984130859375
0.0244598388671875 0.26861572265625 0.12261962890625 0.509918212890625
-0.03045654296875 0.241104125976563 -0.18426513671875 0.634765625
-0.140213012695313 0.188461303710937 -0.249298095703125 0.39581298828125
-0.200698852539063 0.115158081054688 -0.0128555297851563 0.0910415649414063
-0.125259399414062 0.189498901367188 0.257339477539063 -0.242507934570313
0.0264129638671875 0.259658813476563 0.1806640625 -0.560150146484375
0.099212646484375 0.287567138671875 -0.2261962890625 -0.51666259765625
0.0727691650390625 0.188522338867188 -0.402923583984375 -0.1502685546875
-0.0277996063232422 -0.00204277038574219 -0.30633544921875 0.081634521484375
-0.0189208984375 -0.182891845703125 -0.0991973876953125 0.166412353515625
0.0264434814453125 -0.2137451171875 0.0236740112304687 -0.05859375
-0.0464630126953125 0.209228515625 -0.0238800048828125 0.113494873046875
0.0460968017578125 0.205520629882813 0.031005859375 -0.1424560546875
0.044219970703125 0.0737457275390625 0.184051513671875 -0.149993896484375
-0.0382537841796875 -0.134193420410156 0.389678955078125 0.113525390625
-0.087677001953125 -0.262863159179688 0.3289794921875 0.46966552734375
-0.0384521484375 -0.302337646484375 0.00305175781250002 0.589599609375
0.121292114257812 -0.225372314453125 -0.18878173828125 0.379974365234375
0.243850708007812 -0.123367309570313 -0.0336723327636719 0.0629501342773438
0.212875366210937 -0.164047241210937 0.2945556640625 -0.27349853515625
0.110061645507813 -0.242584228515625 0.35882568359375 -0.5654296875
-0.00164794921874999 -0.29437255859375 -0.00567626953124997 -0.58184814453125
-0.036163330078125 -0.198822021484375 -0.315032958984375 -0.2200927734375
0.0350265502929687 -0.00484466552734375 -0.335662841796875 0.09014892578125
0.033203125 0.207138061523437 -0.101470947265625 0.152435302734375
-0.03802490234375 0.231658935546875 0.0697860717773438 -0.111602783203125
-0.0441436767578125 0.182357788085938 -0.041290283203125 0.163711547851563
0.0360260009765625 0.193771362304688 -0.0302734375 -0.140090942382813
0.03631591796875 0.116302490234375 0.0677490234375 -0.184188842773438
-0.0172271728515625 -0.0635414123535156 0.3258056640625 0.054779052734375
-0.07281494140625 -0.19598388671875 0.389068603515625 0.421630859375
-0.05548095703125 -0.263687133789062 0.12933349609375 0.6207275390625
0.0893707275390625 -0.21136474609375 -0.151580810546875 0.468170166015625
0.2178955078125 -0.111221313476562 -0.106155395507812 0.122596740722656
0.219406127929688 -0.12335205078125 0.253570556640625 -0.189407348632813
0.151092529296875 -0.186325073242188 0.45513916015625 -0.481964111328125
0.0489654541015625 -0.252899169921875 0.1492919921875 -0.61163330078125
-0.0236053466796875 -0.195083618164063 -0.2637939453125 -0.318359375
0.011474609375 -0.0383758544921875 -0.390716552734375 0.016326904296875
0.0098724365234375 0.154022216796875 -0.1741943359375 0.151138305664062
-0.043182373046875 0.199905395507813 0.0302314758300781 -0.0603713989257812
-0.0312881469726563 0.114936828613281 -0.0592803955078125 0.20111083984375
0.0190963745117187 0.132080078125 -0.0645828247070313 -0.136878967285156
0.000961303710937495 0.107933044433594 -0.01434326171875 -0.217498779296875
-0.0148153305053711 -0.0011444091796875 0.258316040039063 0.01129150390625
-0.0442657470703125 -0.104331970214844 0.401458740234375 0.385589599609375
-0.0356903076171875 -0.180740356445313 0.21087646484375 0.64227294921875
0.0666046142578125 -0.156600952148437 -0.121002197265625 0.53826904296875
0.160369873046875 -0.08197021484375 -0.163055419921875 0.17169189453125
0.176284790039062 -0.077850341796875 0.201461791992187 -0.125991821289063
0.14166259765625 -0.114349365234375 0.49603271484375 -0.412994384765625
0.0716094970703125 -0.166778564453125 0.25238037109375 -0.61712646484375
-0.00251007080078124 -0.140449523925781 -0.215728759765625 -0.38983154296875
-0.00714111328125 -0.0363807678222656 -0.422760009765625 -0.0469665527343751
-0.0116653442382812 0.09796142578125 -0.233810424804687 0.14703369140625
-0.0386428833007812 0.137519836425781 -0.00353622436523438 -0.0180187225341797
-0.0146045684814453 0.0219554901123047 -0.076324462890625 0.229721069335937
0.00864791870117187 0.0368728637695313 -0.0856170654296875 -0.129981994628906
-0.042388916015625 0.056854248046875 -0.04595947265625 -0.238082885742188
-0.0263786315917969 0.0359764099121094 0.221420288085938 -0.014434814453125
-0.0152339935302734 -0.0145254135131836 0.39013671875 0.3677978515625
0.000144958496093753 -0.0743331909179688 0.2353515625 0.66357421875
0.0488433837890625 -0.0700645446777344 -0.11444091796875 0.5823974609375
0.081268310546875 -0.0398330688476562 -0.192642211914063 0.203048706054687
0.0904159545898438 -0.0350875854492188 0.171234130859375 -0.09100341796875
0.087310791015625 -0.0454864501953125 0.500244140625 -0.379119873046875
0.0607261657714844 -0.0620498657226563 0.28582763671875 -0.61700439453125
0.0190925598144531 -0.0478744506835938 -0.201995849609375 -0.420745849609375
-0.0165557861328125 -0.00186920166015625 -0.439361572265625 -0.0820617675781251
-0.0203018188476563 0.0471687316894531 -0.266159057617188 0.143844604492187
-0.0308189392089844 0.0630722045898438 -0.0300102233886719 0.00840950012207032
0.00669097900390626 -0.0832595825195312 -0.0906829833984375 0.236724853515625
0.0011138916015625 -0.0694122314453125 -0.0869369506835938 -0.120391845703125
-0.0804595947265625 -0.0130996704101562 -0.0261077880859375 -0.240798950195313
-0.0390548706054687 0.0601043701171875 0.231765747070313 -0.016021728515625
0.0116195678710938 0.0711441040039062 0.366546630859375 0.377227783203125
0.0342826843261719 0.0370101928710938 0.19744873046875 0.67828369140625
0.0248394012451172 0.0264167785644531 -0.137451171875 0.58758544921875
-0.00943088531494141 0.00909328460693359 -0.191390991210938 0.210052490234375
-0.00801563262939453 0.0114412307739258 0.174331665039063 -0.0798797607421875
0.0207767486572266 0.0284004211425781 0.4774169921875 -0.38214111328125
0.0406608581542969 0.0530052185058594 0.238037109375 -0.614501953125
0.0379524230957031 0.0582199096679687 -0.23529052734375 -0.406097412109375
-0.0191497802734375 0.0408134460449219 -0.447418212890625 -0.0771789550781249
-0.0220375061035156 -0.00213813781738282 -0.270294189453125 0.14825439453125
-0.01556396484375 -0.0193691253662109 -0.0394096374511719 0.0181045532226563
0.0257415771484375 -0.179656982421875 -0.098663330078125 0.223495483398438
-0.00590515136718751 -0.158370971679688 -0.066802978515625 -0.110824584960937
-0.0993881225585937 -0.062591552734375 0.0392608642578125 -0.220748901367188
-0.0355377197265625 0.0927352905273438 0.27740478515625 0.00994873046875001
0.0344390869140625 0.152694702148437 0.324127197265625 0.40826416015625
0.04718017578125 0.138069152832031 0.10748291015625 0.6868896484375
-0.0169677734375 0.112579345703125 -0.181549072265625 0.556365966796875
-0.0958786010742188 0.0549240112304688 -0.156295776367187 0.19244384765625
-0.0870513916015625 0.0701751708984375 0.207595825195312 -0.10162353515625
-0.0170669555664063 0.112899780273438 0.4202880859375 -0.428985595703125
0.0405731201171875 0.165542602539063 0.1107177734375 -0.607177734375
0.0600738525390625 0.147796630859375 -0.30859375 -0.343292236328125
-0.0181961059570313 0.0650901794433594 -0.439849853515625 -0.0352783203125001
-0.0211753845214844 -0.0579376220703125 -0.239761352539063 0.158279418945313
0.00020599365234376 -0.0989227294921875 -0.0302906036376953 0.0109233856201172
0.0379638671875 -0.251663208007812 -0.0950469970703125 0.192214965820312
-0.00866699218749999 -0.207763671875 -0.0238800048828125 -0.104194641113281
-0.0905990600585937 -0.0688858032226563 0.132354736328125 -0.18634033203125
-0.0147247314453125 0.141067504882813 0.329864501953125 0.06304931640625
0.0440216064453125 0.225204467773438 0.24835205078125 0.45953369140625
0.0253753662109375 0.2117919921875 -0.0269775390625 0.67755126953125
-0.0771331787109375 0.170684814453125 -0.226104736328125 0.488189697265625
-0.164962768554688 0.092864990234375 -0.0930633544921875 0.1514892578125
-0.126632690429688 0.135101318359375 0.24456787109375 -0.1588134765625
-0.0102996826171875 0.200546264648438 0.319580078125 -0.498870849609375
0.068695068359375 0.2518310546875 -0.06219482421875 -0.57684326171875
0.0778045654296875 0.195022583007813 -0.379638671875 -0.24981689453125
-0.0192756652832031 0.0508766174316406 -0.396514892578125 0.0250244140625001
-0.0207366943359375 -0.122665405273438 -0.180526733398437 0.16815185546875
0.0140533447265625 -0.16839599609375 -0.00811481475830078 -0.0148372650146484
0.0455322265625 -0.286651611328125 -0.080963134765625 0.148910522460937
-0.00234985351562498 -0.20989990234375 0.0409774780273438 -0.102699279785156
-0.0607070922851562 -0.0349349975585938 0.2327880859375 -0.139862060546875
0.00622558593749999 0.195083618164062 0.35394287109375 0.14056396484375
0.02618408203125 0.270431518554688 0.12664794921875 0.515411376953125
-0.0293121337890625 0.24298095703125 -0.18426513671875 0.64178466796875
-0.1417236328125 0.19049072265625 -0.251190185546875 0.40032958984375
-0.204757690429688 0.115707397460938 -0.0124130249023438 0.0919265747070313
-0.126190185546875 0.1907958984375 0.259201049804688 -0.245758056640625
0.0274200439453125 0.261703491210938 0.180419921875 -0.5655517578125
0.100311279296875 0.288421630859375 -0.230255126953125 -0.52117919921875
0.0748443603515625 0.189559936523438 -0.406768798828125 -0.151123046875
-0.0268383026123047 -0.00149917602539063 -0.3092041015625 0.0837402343749999
-0.02008056640625 -0.184432983398438 -0.100418090820312 0.168304443359375
0.0262603759765625 -0.2164306640625 0.0235061645507813 -0.0585899353027344
-0.04608154296875 0.212295532226563 -0.0229034423828125 0.114250183105469
0.04681396484375 0.206787109375 0.0304107666015625 -0.144699096679688
0.0445785522460938 0.0742874145507813 0.185256958007813 -0.151199340820313
-0.0402145385742187 -0.135879516601563 0.39495849609375 0.11151123046875
-0.0889892578125 -0.26507568359375 0.335052490234375 0.474334716796875
-0.039581298828125 -0.304412841796875 0.00415039062499996 0.596435546875
0.122268676757813 -0.227523803710938 -0.190277099609375 0.385162353515625
0.245986938476563 -0.125289916992188 -0.0336189270019531 0.063812255859375
0.214584350585937 -0.165481567382813 0.29620361328125 -0.276519775390625
0.11029052734375 -0.244369506835938 0.3599853515625 -0.57183837890625
-0.00311279296875 -0.29693603515625 -0.00982666015624995 -0.58831787109375
-0.038177490234375 -0.200531005859375 -0.31927490234375 -0.22314453125
0.0340805053710938 -0.00635910034179688 -0.338043212890625 0.091888427734375
0.0343170166015625 0.208465576171875 -0.102005004882813 0.154708862304688
-0.03778076171875 0.234283447265625 0.0695571899414062 -0.112808227539062
-0.0440826416015625 0.184127807617188 -0.040496826171875 0.164260864257813
0.036376953125 0.193801879882813 -0.030120849609375 -0.142242431640625
0.0368804931640625 0.116180419921875 0.06854248046875 -0.184982299804688
-0.0180244445800781 -0.0645675659179688 0.3299560546875 0.05316162109375
-0.0745086669921875 -0.197616577148438 0.3951416015625 0.424285888671875
-0.0570831298828125 -0.265731811523438 0.13330078125 0.62774658203125
0.0893402099609375 -0.21246337890625 -0.15155029296875 0.47412109375
0.2191162109375 -0.112472534179688 -0.107406616210937 0.124290466308594
0.220932006835938 -0.12542724609375 0.254592895507813 -0.19061279296875
0.151840209960938 -0.187667846679688 0.457733154296875 -0.488983154296875
0.047119140625 -0.254623413085938 0.1485595703125 -0.61865234375
-0.0254364013671875 -0.19775390625 -0.268768310546875 -0.322479248046875
0.01043701171875 -0.0391769409179688 -0.3953857421875 0.017974853515625
0.010162353515625 0.154190063476563 -0.176513671875 0.152572631835937
-0.04364013671875 0.201812744140625 0.0297775268554688 -0.0602836608886718
-0.03094482421875 0.116462707519531 -0.0588531494140625 0.201950073242188
0.0194091796875 0.1324462890625 -0.0650558471679688 -0.138427734375
0.00170135498046875 0.109382629394531 -0.0146331787109375 -0.220306396484375
-0.0150003433227539 -0.00164318084716797 0.263015747070313 0.009857177734375
-0.045745849609375 -0.104957580566406 0.40948486328125 0.38775634765625
-0.037353515625 -0.181915283203125 0.2154541015625 0.65020751953125
0.0666046142578125 -0.157424926757813 -0.121368408203125 0.544525146484375
0.162200927734375 -0.0831451416015625 -0.165451049804688 0.174041748046875
0.177536010742187 -0.0794830322265625 0.203216552734375 -0.127548217773438
0.14263916015625 -0.115615844726563 0.49859619140625 -0.418670654296875
0.0711517333984375 -0.169082641601563 0.25384521484375 -0.625244140625
-0.0033721923828125 -0.141708374023438 -0.2196044921875 -0.39495849609375
-0.007720947265625 -0.0379486083984375 -0.427032470703125 -0.047821044921875
-0.0113143920898438 0.0979461669921875 -0.236465454101563 0.149124145507812
-0.0388031005859375 0.139106750488281 -0.00417137145996094 -0.0169897079467773
-0.0142498016357422 0.022918701171875 -0.075408935546875 0.231979370117188
0.00889205932617188 0.0374107360839844 -0.085906982421875 -0.131607055664063
-0.0428276062011719 0.0579833984375 -0.046966552734375 -0.239288330078125
-0.0274467468261719 0.0366630554199219 0.225723266601563 -0.0166168212890625
-0.0152492523193359 -0.0150566101074219 0.39752197265625 0.37261962890625
0.000129699707031247 -0.0758285522460938 0.2384033203125 0.6697998046875
0.0486679077148438 -0.0709075927734375 -0.11456298828125 0.58740234375
0.0817718505859375 -0.0401992797851563 -0.194610595703125 0.205123901367187
0.090789794921875 -0.035491943359375 0.171859741210938 -0.092041015625
0.0880203247070313 -0.0458984375 0.504608154296875 -0.383819580078125
0.0610160827636719 -0.0627517700195313 0.2867431640625 -0.62548828125
0.0182723999023437 -0.0489044189453125 -0.204803466796875 -0.426666259765625
-0.0163974761962891 -0.00230312347412109 -0.44439697265625 -0.082122802734375
-0.0204658508300781 0.0479164123535156 -0.2685546875 0.145797729492187
-0.0313453674316406 0.0635452270507813 -0.0307407379150391 0.00893783569335938
0.00522613525390625 -0.0828018188476562 -0.0900421142578125 0.238983154296875
3.81469726562554E-05 -0.070770263671875 -0.0869827270507812 -0.121482849121094
-0.081146240234375 -0.0123214721679688 -0.02728271484375 -0.241622924804688
-0.0389785766601563 0.0611534118652344 0.2347412109375 -0.01727294921875
0.0123062133789063 0.071685791015625 0.372406005859375 0.3792724609375
0.03521728515625 0.0367202758789063 0.203369140625 0.6864013671875
0.0245628356933594 0.0268154144287109 -0.138916015625 0.59375
-0.0102548599243164 0.00932216644287109 -0.192535400390625 0.212966918945312
-0.0087289810180664 0.0121393203735352 0.175750732421875 -0.0806732177734375
0.0209465026855469 0.0286884307861328 0.48187255859375 -0.387603759765625
0.0407981872558594 0.0534934997558594 0.23590087890625 -0.6224365234375
0.0387535095214844 0.0584907531738281 -0.2386474609375 -0.411712646484375
-0.0192413330078125 0.0409698486328125 -0.45294189453125 -0.07745361328125
-0.02142333984375 -0.00180625915527344 -0.272232055664063 0.150222778320313
-0.0163822174072266 -0.0198593139648438 -0.0396881103515625 0.0189170837402344
0.0240478515625 -0.181137084960937 -0.0979461669921875 0.2257080078125
-0.00628662109375 -0.161148071289063 -0.067535400390625 -0.110595703125
-0.0997314453125 -0.063018798828125 0.0382843017578125 -0.22320556640625
-0.0348434448242187 0.0933609008789063 0.281036376953125 0.00851440429687501
0.035614013671875 0.153427124023438 0.3314208984375 0.412445068359375
0.0492172241210938 0.139251708984375 0.1114501953125 0.69549560546875
-0.017486572265625 0.114128112792969 -0.181640625 0.56292724609375
-0.09771728515625 0.05560302734375 -0.157073974609375 0.194931030273438
-0.0889892578125 0.0706863403320313 0.20904541015625 -0.10284423828125
-0.0178451538085938 0.11419677734375 0.423004150390625 -0.434783935546875
0.040985107421875 0.16650390625 0.10992431640625 -0.61614990234375
0.06109619140625 0.14837646484375 -0.31268310546875 -0.348236083984375
-0.0180435180664062 0.0660171508789063 -0.44512939453125 -0.034393310546875
-0.0214996337890625 -0.0582313537597656 -0.242584228515625 0.160140991210937
-0.000793457031250001 -0.100090026855469 -0.0306377410888672 0.0122871398925781
0.037322998046875 -0.25335693359375 -0.0946807861328125 0.193954467773437
-0.009429931640625 -0.209625244140625 -0.0234222412109375 -0.105110168457031
-0.0915069580078125 -0.0676116943359375 0.133758544921875 -0.188385009765625
-0.013336181640625 0.143218994140625 0.3338623046875 0.0623779296875
0.04559326171875 0.226394653320312 0.253448486328125 0.4652099609375
0.0270538330078125 0.213333129882813 -0.0228271484375 0.68695068359375
-0.07769775390625 0.172775268554687 -0.227142333984375 0.495208740234375
-0.16644287109375 0.093780517578125 -0.09368896484375 0.15240478515625
-0.127830505371094 0.137199401855469 0.245590209960938 -0.160552978515625
-0.0100250244140625 0.201858520507813 0.320953369140625 -0.5054931640625
0.0703582763671875 0.25311279296875 -0.0650634765625 -0.58319091796875
0.079559326171875 0.19708251953125 -0.383819580078125 -0.251068115234375
-0.0191726684570312 0.0517425537109375 -0.401458740234375 0.0274047851562499
-0.021453857421875 -0.123359680175781 -0.181640625 0.170150756835937
0.01275634765625 -0.170364379882813 -0.00735855102539063 -0.0140237808227539
0.0435791015625 -0.28948974609375 -0.0806427001953125 0.15081787109375
-0.00337219238281248 -0.212203979492188 0.0424728393554687 -0.1041259765625
-0.0616073608398438 -0.0334930419921875 0.234756469726563 -0.1414794921875
0.00761413574218749 0.196807861328125 0.359222412109375 0.140625
0.0278778076171875 0.272201538085938 0.130279541015625 0.52001953125
-0.0293731689453125 0.245574951171875 -0.18292236328125 0.6510009765625
-0.142745971679688 0.191970825195313 -0.252288818359375 0.405120849609375
-0.207321166992188 0.117034912109375 -0.0126419067382813 0.092803955078125
-0.128036499023438 0.1932373046875 0.261199951171875 -0.248489379882813
0.0287628173828125 0.263198852539063 0.18023681640625 -0.57177734375
0.10247802734375 0.29095458984375 -0.233795166015625 -0.526519775390625
0.07611083984375 0.19183349609375 -0.411956787109375 -0.151763916015625
-0.0270786285400391 -0.00150680541992187 -0.3134765625 0.085174560546875
-0.02081298828125 -0.185867309570313 -0.100875854492187 0.170944213867188
0.0260162353515625 -0.2178955078125 0.02313232421875 -0.0582351684570313
-0.0452880859375 0.2156982421875 -0.02142333984375 0.114715576171875
0.04779052734375 0.207626342773438 0.03094482421875 -0.1470947265625
0.0454635620117188 0.0741729736328125 0.187332153320313 -0.153961181640625
-0.0425491333007813 -0.137306213378906 0.40069580078125 0.110992431640625
-0.09161376953125 -0.26727294921875 0.342559814453125 0.478179931640625
-0.041778564453125 -0.307403564453125 0.00860595703124993 0.60467529296875
0.122665405273438 -0.229644775390625 -0.18963623046875 0.3905029296875
0.248565673828125 -0.126113891601563 -0.033782958984375 0.0642585754394531
0.21630859375 -0.167999267578125 0.298248291015625 -0.281005859375
0.110855102539062 -0.247467041015625 0.3616943359375 -0.5816650390625
-0.004150390625 -0.299835205078125 -0.0126953125 -0.59613037109375
-0.040374755859375 -0.202728271484375 -0.324188232421875 -0.224700927734375
0.0342121124267578 -0.00731658935546875 -0.341552734375 0.09356689453125
0.0355682373046875 0.208770751953125 -0.103805541992188 0.1558837890625
-0.0385589599609375 0.236618041992187 0.0694503784179688 -0.112815856933594
-0.0438232421875 0.187606811523438 -0.0395965576171875 0.165252685546875
0.037628173828125 0.195144653320313 -0.0299072265625 -0.143508911132813
0.0380783081054688 0.116569519042969 0.068511962890625 -0.1883544921875
-0.0193023681640625 -0.0647392272949219 0.334930419921875 0.051666259765625
-0.07696533203125 -0.199462890625 0.403900146484375 0.426727294921875
-0.058258056640625 -0.268386840820313 0.13714599609375 0.63482666015625
0.089385986328125 -0.215194702148437 -0.152557373046875 0.47991943359375
0.220657348632813 -0.114105224609375 -0.108184814453125 0.125740051269531
0.223129272460938 -0.126556396484375 0.256195068359375 -0.194534301757813
0.152450561523438 -0.190383911132813 0.4609375 -0.497528076171875
0.04620361328125 -0.25775146484375 0.147216796875 -0.62921142578125
-0.0269775390625 -0.199172973632813 -0.27337646484375 -0.326507568359375
0.00979995727539062 -0.0409088134765625 -0.400390625 0.0182189941406249
0.0115966796875 0.155349731445313 -0.177780151367188 0.1549072265625
-0.0433807373046875 0.20416259765625 0.0293617248535156 -0.0599327087402344
-0.0311813354492188 0.118522644042969 -0.05706787109375 0.20428466796875
0.0201263427734375 0.133247375488281 -0.0652847290039063 -0.1395263671875
0.0022430419921875 0.110946655273438 -0.015655517578125 -0.221725463867188
-0.0164651870727539 -0.00166225433349609 0.26641845703125 0.0077362060546875
-0.0464706420898438 -0.10614013671875 0.418487548828125 0.389556884765625
-0.0377044677734375 -0.18389892578125 0.222412109375 0.65753173828125
0.06634521484375 -0.159210205078125 -0.120361328125 0.549835205078125
0.163162231445313 -0.0840301513671875 -0.16668701171875 0.176300048828125
0.179275512695313 -0.0805206298828125 0.203781127929687 -0.12921142578125
0.14385986328125 -0.117095947265625 0.50299072265625 -0.426788330078125
0.0712127685546875 -0.170303344726563 0.25225830078125 -0.6358642578125
-0.00398254394531252 -0.142913818359375 -0.223907470703125 -0.3994140625
-0.00811004638671875 -0.0386314392089844 -0.4322509765625 -0.046661376953125
-0.01043701171875 0.0990066528320312 -0.238449096679687 0.151214599609375
-0.03826904296875 0.140762329101563 -0.0050048828125 -0.0164175033569336
-0.0156269073486328 0.0240058898925781 -0.0743865966796875 0.234237670898438
0.00891876220703125 0.0364837646484375 -0.0867767333984375 -0.132362365722656
-0.0424880981445313 0.0593833923339844 -0.0490875244140625 -0.242034912109375
-0.0278778076171875 0.0378570556640625 0.228912353515625 -0.0179443359375
-0.015380859375 -0.0153179168701172 0.406005859375 0.373687744140625
0.000213623046875001 -0.0772247314453125 0.24591064453125 0.677978515625
0.048980712890625 -0.071746826171875 -0.11187744140625 0.594970703125
0.081451416015625 -0.04083251953125 -0.19677734375 0.208709716796875
0.091094970703125 -0.0360336303710938 0.172866821289063 -0.0931243896484375
0.08819580078125 -0.046722412109375 0.50714111328125 -0.39251708984375
0.0616111755371094 -0.0634994506835938 0.28643798828125 -0.63519287109375
0.0183448791503906 -0.04937744140625 -0.209381103515625 -0.4310302734375
-0.0165023803710938 -0.00238800048828125 -0.4503173828125 -0.08148193359375
-0.0205421447753906 0.048370361328125 -0.271652221679687 0.148178100585937
-0.0306625366210937 0.0647163391113281 -0.0310020446777344 0.0102958679199219
0.00428009033203125 -0.0835342407226563 -0.0894927978515625 0.241455078125
0.000381469726562497 -0.072052001953125 -0.086883544921875 -0.122238159179687
-0.081329345703125 -0.0112762451171875 -0.0283050537109375 -0.2445068359375
-0.03912353515625 0.0622406005859375 0.238494873046875 -0.020477294921875
0.0133285522460938 0.0715484619140625 0.379974365234375 0.380401611328125
0.0361480712890625 0.0366134643554688 0.2091064453125 0.692626953125
0.0243625640869141 0.0269203186035156 -0.1375732421875 0.6009521484375
-0.011103630065918 0.00923538208007813 -0.194366455078125 0.216232299804688
-0.00878620147705078 0.0121393203735352 0.176971435546875 -0.0830230712890625
0.0215950012207031 0.0279102325439453 0.484222412109375 -0.3961181640625
0.0410919189453125 0.0539588928222656 0.23822021484375 -0.6324462890625
0.0398826599121094 0.0587120056152344 -0.243133544921875 -0.415374755859375
-0.0181541442871094 0.0425186157226563 -0.458770751953125 -0.0765380859375001
-0.0228939056396484 -0.00185394287109375 -0.275238037109375 0.152679443359375
-0.0174579620361328 -0.0198402404785156 -0.0405807495117188 0.020599365234375
0.0227508544921875 -0.1827392578125 -0.0970001220703125 0.228378295898437
-0.0074310302734375 -0.162857055664063 -0.068023681640625 -0.111869812011719
-0.100982666015625 -0.0619659423828125 0.03826904296875 -0.225418090820313
-0.0343704223632812 0.0947799682617188 0.2855224609375 0.00708007812500001
0.0371551513671875 0.15478515625 0.33721923828125 0.41644287109375
0.0510787963867188 0.13995361328125 0.1171875 0.70330810546875
-0.0169906616210937 0.114151000976563 -0.18280029296875 0.570068359375
-0.0992355346679688 0.0574493408203125 -0.159072875976562 0.197906494140625
-0.089935302734375 0.071624755859375 0.211471557617188 -0.104965209960938
-0.017059326171875 0.114814758300781 0.425506591796875 -0.442291259765625
0.0427093505859375 0.168014526367188 0.1080322265625 -0.62420654296875
0.0628204345703125 0.149063110351563 -0.31842041015625 -0.351409912109375
-0.0173492431640625 0.0676155090332031 -0.45050048828125 -0.0329284667968751
-0.021270751953125 -0.0587234497070313 -0.244964599609375 0.163681030273438
-0.00154113769531251 -0.101593017578125 -0.0310173034667969 0.0127811431884766
0.0350189208984375 -0.255859375 -0.094085693359375 0.196380615234375
-0.011138916015625 -0.21246337890625 -0.024139404296875 -0.105949401855469
-0.0922622680664063 -0.0678176879882813 0.134063720703125 -0.190475463867188
-0.01251220703125 0.144943237304688 0.33953857421875 0.06109619140625
0.0478363037109375 0.228530883789063 0.259979248046875 0.469635009765625
0.028411865234375 0.215682983398438 -0.0217285156249999 0.69549560546875
-0.0782470703125 0.174468994140625 -0.227691650390625 0.500762939453125
-0.169586181640625 0.0953216552734375 -0.094635009765625 0.15478515625
-0.129234313964844 0.138824462890625 0.248580932617188 -0.164154052734375
-0.00865173339843748 0.203521728515625 0.322265625 -0.51123046875
0.0726776123046875 0.256210327148438 -0.0677490234375 -0.591064453125
0.082763671875 0.198211669921875 -0.38818359375 -0.252960205078125
-0.0183868408203125 0.053070068359375 -0.40594482421875 0.0289001464843751
-0.0214462280273438 -0.123504638671875 -0.1834716796875 0.173171997070312
0.0125579833984375 -0.171920776367188 -0.00792980194091797 -0.0132999420166016
0.041778564453125 -0.29229736328125 -0.079925537109375 0.152450561523438
-0.0040283203125 -0.21478271484375 0.04296875 -0.106109619140625
-0.0612106323242188 -0.0331802368164063 0.23699951171875 -0.144134521484375
0.0090179443359375 0.1990966796875 0.36468505859375 0.139892578125
0.0299530029296875 0.276214599609375 0.13525390625 0.5272216796875
-0.0276947021484375 0.247909545898437 -0.18212890625 0.6590576171875
-0.144454956054688 0.194671630859375 -0.25286865234375 0.412139892578125
-0.210037231445312 0.119232177734375 -0.0121078491210938 0.094085693359375
-0.129409790039063 0.195587158203125 0.263534545898438 -0.252471923828125
0.0291900634765625 0.264816284179688 0.18035888671875 -0.57830810546875
0.106414794921875 0.292755126953125 -0.23883056640625 -0.532867431640625
0.0788116455078125 0.192520141601563 -0.417724609375 -0.152587890625
-0.0265274047851563 -0.000194549560546875 -0.31610107421875 0.08868408203125
-0.0216827392578125 -0.186599731445313 -0.102203369140625 0.17401123046875
0.0241546630859375 -0.221359252929688 0.0230484008789062 -0.05780029296875
-0.044708251953125 0.218536376953125 -0.0208282470703125 0.115264892578125
0.049072265625 0.208602905273438 0.0306854248046875 -0.149551391601563
0.0463485717773437 0.074066162109375 0.188446044921875 -0.156585693359375
-0.044677734375 -0.138442993164063 0.406097412109375 0.10906982421875
-0.0953521728515625 -0.269439697265625 0.35101318359375 0.4793701171875
-0.043609619140625 -0.310028076171875 0.0123291015624999 0.61285400390625
0.122085571289063 -0.23297119140625 -0.18896484375 0.3970947265625
0.250686645507813 -0.12921142578125 -0.0338516235351562 0.0655632019042969
0.217987060546875 -0.170211791992188 0.2987060546875 -0.285400390625
0.109771728515625 -0.250686645507813 0.36102294921875 -0.59112548828125
-0.00671386718749999 -0.302398681640625 -0.0172119140625 -0.6046142578125
-0.04254150390625 -0.204833984375 -0.330474853515625 -0.226806640625
0.0335159301757813 -0.00824165344238281 -0.3448486328125 0.0969238281249999
0.037628173828125 0.209075927734375 -0.103515625 0.158462524414063
-0.036895751953125 0.239288330078125 0.0685577392578125 -0.112586975097656
-0.04315185546875 0.190261840820313 -0.037506103515625 0.166259765625
0.039031982421875 0.19659423828125 -0.0312652587890625 -0.144805908203125
0.0395965576171875 0.117256164550781 0.0685272216796875 -0.190170288085938
-0.0206298828125 -0.06585693359375 0.340057373046875 0.048675537109375
-0.07958984375 -0.20098876953125 0.413421630859375 0.428741455078125
-0.0610809326171875 -0.270004272460938 0.14471435546875 0.6429443359375
0.0889892578125 -0.217376708984375 -0.15106201171875 0.486328125
0.223403930664062 -0.115829467773437 -0.109260559082031 0.128021240234375
0.225341796875 -0.12872314453125 0.257492065429688 -0.197219848632813
0.15277099609375 -0.192779541015625 0.462677001953125 -0.505828857421875
0.044830322265625 -0.261154174804688 0.1429443359375 -0.63763427734375
-0.0292510986328125 -0.201980590820313 -0.27825927734375 -0.329742431640625
0.00918579101562501 -0.041473388671875 -0.403778076171875 0.021331787109375
0.01336669921875 0.155471801757812 -0.179580688476563 0.158111572265625
-0.0426788330078125 0.20654296875 0.0284271240234375 -0.0604286193847656
-0.0312728881835937 0.120712280273437 -0.0553131103515625 0.205856323242187
0.0215377807617187 0.133155822753906 -0.0666351318359375 -0.141876220703125
0.003143310546875 0.111434936523438 -0.0164794921875 -0.2235107421875
-0.0167379379272461 -0.00142955780029297 0.270599365234375 0.0055389404296875
-0.047760009765625 -0.10736083984375 0.427001953125 0.390625
-0.039398193359375 -0.185348510742187 0.22735595703125 0.6649169921875
0.0660400390625 -0.161087036132813 -0.1175537109375 0.558837890625
0.164215087890625 -0.08575439453125 -0.168014526367188 0.179489135742188
0.17999267578125 -0.0818328857421875 0.204071044921875 -0.1319580078125
0.144668579101563 -0.119094848632813 0.505584716796875 -0.4344482421875
0.07073974609375 -0.173049926757813 0.24993896484375 -0.64642333984375
-0.00595092773437499 -0.145187377929688 -0.22998046875 -0.404815673828125
-0.00853347778320312 -0.0387687683105469 -0.43817138671875 -0.0448913574218749
-0.00972747802734376 0.0993423461914063 -0.240402221679688 0.154434204101562
-0.038116455078125 0.142105102539063 -0.00582122802734375 -0.0163841247558594
-0.0161476135253906 0.0248928070068359 -0.0724334716796875 0.2369384765625
0.00915145874023437 0.0359535217285156 -0.0873336791992188 -0.133026123046875
-0.0424728393554687 0.0601882934570313 -0.049835205078125 -0.243392944335938
-0.0279693603515625 0.037567138671875 0.233047485351563 -0.02130126953125
-0.0164518356323242 -0.0156230926513672 0.413421630859375 0.37548828125
-0.0006256103515625 -0.077301025390625 0.2535400390625 0.684326171875
0.0483322143554688 -0.0729293823242188 -0.111083984375 0.6031494140625
0.08160400390625 -0.0413742065429688 -0.198837280273438 0.212234497070313
0.0920944213867188 -0.036895751953125 0.173507690429688 -0.0949859619140625
0.0885009765625 -0.0479888916015625 0.51019287109375 -0.398895263671875
0.0613174438476563 -0.0648765563964844 0.28436279296875 -0.64630126953125
0.0185585021972656 -0.0506744384765625 -0.214324951171875 -0.436126708984375
-0.0167055130004883 -0.0023193359375 -0.456268310546875 -0.0799865722656251
-0.02008056640625 0.0485382080078125 -0.2742919921875 0.151931762695313
-0.0311698913574219 0.0657997131347656 -0.0316238403320313 0.0112514495849609
0.00323486328125 -0.0841293334960938 -0.087738037109375 0.244888305664063
-0.000144958496093749 -0.0732803344726563 -0.088287353515625 -0.122322082519531
-0.08197021484375 -0.010894775390625 -0.0306549072265625 -0.246139526367188
-0.0387725830078125 0.0631523132324219 0.242111206054688 -0.02154541015625
0.0142745971679687 0.0725021362304688 0.38897705078125 0.38409423828125
0.0378646850585938 0.0360298156738281 0.2161865234375 0.7003173828125
0.0245323181152344 0.0269451141357422 -0.1348876953125 0.6083984375
-0.0115737915039063 0.00925636291503906 -0.196456909179688 0.220184326171875
-0.00915431976318359 0.0121736526489258 0.177154541015625 -0.085052490234375
0.0214214324951172 0.0283889770507813 0.48760986328125 -0.4049072265625
0.0423812866210938 0.0535621643066406 0.235107421875 -0.64178466796875
0.0403404235839844 0.0579948425292969 -0.249053955078125 -0.421234130859375
-0.0192375183105469 0.0437393188476562 -0.465057373046875 -0.0752563476562501
-0.0227890014648438 -0.0012359619140625 -0.277542114257813 0.157379150390625
-0.0178260803222656 -0.0205669403076172 -0.040924072265625 0.0215530395507813
0.0208587646484375 -0.185150146484375 -0.0950469970703125 0.231002807617188
-0.00825500488281252 -0.164535522460938 -0.0680618286132812 -0.111923217773438
-0.1021728515625 -0.0611953735351563 0.0365753173828125 -0.227508544921875
-0.0333328247070312 0.0963363647460938 0.29034423828125 0.00500488281250001
0.038909912109375 0.155960083007813 0.344696044921875 0.418792724609375
0.052734375 0.1414794921875 0.123291015625 0.7117919921875
-0.0174026489257813 0.115409851074219 -0.17999267578125 0.57684326171875
-0.101753234863281 0.0582275390625 -0.160125732421875 0.200729370117188
-0.0902328491210938 0.0721282958984375 0.212142944335938 -0.107101440429688
-0.0166091918945313 0.115943908691406 0.427032470703125 -0.451141357421875
0.043975830078125 0.169021606445312 0.10479736328125 -0.63409423828125
0.06561279296875 0.150726318359375 -0.32421875 -0.354949951171875
-0.0167503356933594 0.0681495666503906 -0.455352783203125 -0.03106689453125
-0.0218696594238281 -0.0589599609375 -0.246444702148438 0.167694091796875
-0.00231933593749999 -0.102020263671875 -0.0319137573242187 0.0138740539550781
0.0320892333984375 -0.258895874023438 -0.0925445556640625 0.199005126953125
-0.0121612548828125 -0.215652465820313 -0.024200439453125 -0.106544494628906
-0.09344482421875 -0.0665664672851563 0.134246826171875 -0.193084716796875
-0.0109100341796875 0.146804809570313 0.344268798828125 0.058807373046875
0.0503692626953125 0.230026245117188 0.2664794921875 0.47332763671875
0.0303802490234375 0.217636108398437 -0.0155639648437501 0.70538330078125
-0.0790252685546875 0.17724609375 -0.227294921875 0.5084228515625
-0.172119140625 0.098052978515625 -0.094757080078125 0.157333374023437
-0.1304931640625 0.140975952148438 0.25091552734375 -0.16778564453125
-0.00727844238281248 0.204803466796875 0.321533203125 -0.520233154296875
0.0746002197265625 0.257415771484375 -0.072021484375 -0.5980224609375
0.085479736328125 0.199661254882813 -0.39483642578125 -0.254241943359375
-0.0173377990722656 0.0538063049316406 -0.4112548828125 0.0318603515625
-0.02362060546875 -0.124992370605469 -0.184402465820313 0.176727294921875
0.010833740234375 -0.173858642578125 -0.00824356079101563 -0.0127391815185547
0.038665771484375 -0.294830322265625 -0.0792083740234375 0.15447998046875
-0.00601196289062501 -0.217376708984375 0.0426864624023438 -0.107521057128906
-0.0610580444335938 -0.0324363708496094 0.23858642578125 -0.147369384765625
0.011444091796875 0.202346801757813 0.370819091796875 0.139251708984375
0.0325927734375 0.27813720703125 0.142578125 0.532928466796875
-0.026214599609375 0.250167846679688 -0.1788330078125 0.6700439453125
-0.145233154296875 0.197799682617188 -0.25311279296875 0.41790771484375
-0.213027954101563 0.1217041015625 -0.011749267578125 0.09466552734375
-0.129165649414063 0.198089599609375 0.264984130859375 -0.257308959960938
0.0320587158203125 0.267990112304688 0.178466796875 -0.58673095703125
0.109283447265625 0.294525146484375 -0.245758056640625 -0.53717041015625
0.0824127197265625 0.193435668945313 -0.42236328125 -0.1517333984375
-0.0260505676269531 -0.000125885009765628 -0.32037353515625 0.090667724609375
-0.023162841796875 -0.189056396484375 -0.102218627929688 0.17669677734375
0.0228424072265625 -0.223388671875 0.022308349609375 -0.0577926635742188
-0.043212890625 0.221649169921875 -0.0189895629882813 0.115470886230469
0.0515289306640625 0.209548950195313 0.03082275390625 -0.151885986328125
0.046875 0.0740509033203125 0.189208984375 -0.159835815429688
-0.046783447265625 -0.139694213867188 0.412261962890625 0.10589599609375
-0.09869384765625 -0.272445678710938 0.361724853515625 0.482208251953125
-0.046478271484375 -0.3126220703125 0.01776123046875 0.6214599609375
0.121353149414063 -0.235748291015625 -0.188262939453125 0.403289794921875
0.252487182617188 -0.1314697265625 -0.0331039428710938 0.0664787292480469
0.219375610351563 -0.1737060546875 0.300048828125 -0.290924072265625
0.108993530273438 -0.253875732421875 0.3599853515625 -0.60015869140625
-0.010101318359375 -0.30560302734375 -0.0234375 -0.61212158203125
-0.04541015625 -0.206680297851563 -0.336578369140625 -0.227874755859375
0.0334663391113281 -0.0095977783203125 -0.3477783203125 0.10064697265625
0.040069580078125 0.2100830078125 -0.104049682617188 0.160903930664062
-0.0357666015625 0.242889404296875 0.0675201416015625 -0.113548278808594
-0.0419464111328125 0.194015502929688 -0.0357666015625 0.167587280273438
0.040557861328125 0.196792602539063 -0.032073974609375 -0.147186279296875
0.0402297973632813 0.1181640625 0.0685272216796875 -0.192581176757813
-0.0225067138671875 -0.0663681030273438 0.344940185546875 0.04620361328125
-0.0825958251953125 -0.203048706054688 0.4239501953125 0.4288330078125
-0.064178466796875 -0.272018432617188 0.15191650390625 0.650390625
0.08905029296875 -0.220428466796875 -0.14862060546875 0.49420166015625
0.224899291992187 -0.11859130859375 -0.108978271484375 0.130340576171875
0.226806640625 -0.131744384765625 0.2576904296875 -0.202438354492188
0.152969360351563 -0.195388793945313 0.46270751953125 -0.51617431640625
0.0423126220703125 -0.263412475585938 0.13922119140625 -0.64813232421875
-0.03192138671875 -0.204025268554687 -0.2860107421875 -0.332733154296875
0.0081634521484375 -0.0423812866210938 -0.409271240234375 0.0243835449218749
0.0141448974609375 0.155807495117188 -0.180328369140625 0.161346435546875
-0.041259765625 0.20947265625 0.0282859802246094 -0.0603446960449219
-0.0312957763671875 0.122840881347656 -0.053314208984375 0.208480834960938
0.0218429565429688 0.133796691894531 -0.0674591064453125 -0.143020629882813
0.00380706787109374 0.11279296875 -0.018646240234375 -0.224929809570313
-0.0181636810302734 -0.00123023986816406 0.2747802734375 0.0021820068359375
-0.0499801635742188 -0.1083984375 0.435699462890625 0.39105224609375
-0.041473388671875 -0.187911987304688 0.236572265625 0.67041015625
0.064483642578125 -0.162994384765625 -0.11572265625 0.56585693359375
0.164932250976563 -0.0871429443359375 -0.16876220703125 0.18267822265625
0.181686401367188 -0.0835418701171875 0.204925537109375 -0.134735107421875
0.144805908203125 -0.121780395507812 0.506134033203125 -0.444427490234375
0.069366455078125 -0.175506591796875 0.24932861328125 -0.6563720703125
-0.00701904296874999 -0.145889282226563 -0.236419677734375 -0.408203125
-0.00936508178710938 -0.0391578674316406 -0.443695068359375 -0.0420532226562501
-0.00947570800781251 0.0998687744140625 -0.24237060546875 0.15838623046875
-0.037628173828125 0.144058227539062 -0.00593662261962891 -0.0156068801879883
-0.0168170928955078 0.0261058807373047 -0.0695953369140625 0.238800048828125
0.009307861328125 0.0353736877441406 -0.0886917114257813 -0.13330078125
-0.0420875549316406 0.0611457824707031 -0.053192138671875 -0.245071411132813
-0.0282440185546875 0.0383033752441406 0.236251831054688 -0.0236968994140625
-0.0165319442749023 -0.0161714553833008 0.423980712890625 0.37457275390625
-0.000549316406250005 -0.079498291015625 0.26318359375 0.69036865234375
0.0479965209960937 -0.07366943359375 -0.10693359375 0.611572265625
0.0818023681640625 -0.0418777465820313 -0.19940185546875 0.21600341796875
0.0918121337890625 -0.0379562377929688 0.174118041992188 -0.0979461669921875
0.0891571044921875 -0.049163818359375 0.511138916015625 -0.40899658203125
0.0620841979980469 -0.06622314453125 0.28192138671875 -0.6566162109375
0.0179290771484375 -0.0518341064453125 -0.220672607421875 -0.441558837890625
-0.01708984375 -0.00211620330810547 -0.462554931640625 -0.076873779296875
-0.0199851989746094 0.0488052368164063 -0.276336669921875 0.155319213867188
-0.0315933227539063 0.0664558410644531 -0.0328121185302734 0.0121173858642578
0.00180053710937501 -0.0844345092773438 -0.0861663818359375 0.248199462890625
-0.00152587890625001 -0.075347900390625 -0.0895156860351562 -0.123191833496094
-0.08258056640625 -0.0101776123046875 -0.033203125 -0.247817993164063
-0.039093017578125 0.0639381408691406 0.246017456054687 -0.025115966796875
0.0145721435546875 0.0722808837890625 0.398590087890625 0.38323974609375
0.0386009216308594 0.0361824035644531 0.22637939453125 0.70654296875
0.0247211456298828 0.0269260406494141 -0.133056640625 0.61700439453125
-0.0132865905761719 0.00970172882080078 -0.197738647460938 0.224227905273438
-0.00966644287109375 0.0122652053833008 0.178817749023437 -0.0868988037109375
0.0217437744140625 0.0272769927978516 0.48883056640625 -0.413787841796875
0.0438728332519531 0.0537796020507813 0.2335205078125 -0.65362548828125
0.041412353515625 0.0583457946777344 -0.256072998046875 -0.424346923828125
-0.0177841186523438 0.0436859130859375 -0.470458984375 -0.0722045898437501
-0.0225486755371094 -0.00068473815917969 -0.279891967773438 0.16058349609375
-0.0189189910888672 -0.0198421478271484 -0.0412368774414063 0.0234260559082031
0.0181121826171875 -0.186141967773437 -0.0926513671875 0.234390258789063
-0.011016845703125 -0.167510986328125 -0.0690078735351563 -0.112174987792969
-0.103439331054688 -0.0600814819335937 0.034423828125 -0.230377197265625
-0.033172607421875 0.0977020263671875 0.294677734375 0.000946044921875006
0.04180908203125 0.157318115234375 0.3551025390625 0.420440673828125
0.0546875 0.141738891601563 0.13262939453125 0.717529296875
-0.017333984375 0.117279052734375 -0.1783447265625 0.583984375
-0.102981567382813 0.0593414306640625 -0.160537719726563 0.204635620117188
-0.09130859375 0.0742034912109375 0.21337890625 -0.110626220703125
-0.0157623291015625 0.116683959960937 0.4273681640625 -0.460479736328125
0.0465545654296875 0.1702880859375 0.10009765625 -0.6431884765625
0.0673675537109375 0.151107788085938 -0.33038330078125 -0.356781005859375
-0.0152473449707031 0.0695877075195313 -0.4625244140625 -0.0272216796875
-0.022491455078125 -0.0588912963867188 -0.248825073242187 0.171173095703125
-0.00373077392578126 -0.103675842285156 -0.0320453643798828 0.0156192779541016
0.0298919677734375 -0.261199951171875 -0.0914764404296875 0.201950073242187
-0.0147552490234375 -0.217727661132813 -0.0249481201171875 -0.107154846191406
-0.094146728515625 -0.0658187866210938 0.1341552734375 -0.196212768554688
-0.00909423828125001 0.148468017578125 0.350677490234375 0.056304931640625
0.0538787841796875 0.232025146484375 0.2760009765625 0.47833251953125
0.0337066650390625 0.218597412109375 -0.00848388671875005 0.71417236328125
-0.078399658203125 0.178512573242188 -0.22589111328125 0.5155029296875
-0.17425537109375 0.099822998046875 -0.09454345703125 0.15972900390625
-0.132080078125 0.142898559570313 0.25164794921875 -0.171249389648438
-0.00617980957031252 0.207427978515625 0.32098388671875 -0.52899169921875
0.078704833984375 0.259185791015625 -0.0792236328125 -0.605224609375
0.088623046875 0.20001220703125 -0.402374267578125 -0.254425048828125
-0.0167007446289062 0.0553054809570312 -0.416015625 0.036163330078125
-0.0243301391601562 -0.124954223632813 -0.185165405273438 0.18035888671875
0.00933837890625 -0.1756591796875 -0.00884723663330078 -0.0119562149047852
0.035491943359375 -0.297607421875 -0.0782012939453125 0.156845092773438
-0.00750732421874998 -0.21923828125 0.04388427734375 -0.108749389648438
-0.0617599487304688 -0.0313835144042969 0.2388916015625 -0.150619506835938
0.0146331787109375 0.204483032226563 0.37652587890625 0.137603759765625
0.036712646484375 0.280654907226563 0.149139404296875 0.539520263671875
-0.023284912109375 0.25311279296875 -0.17352294921875 0.68017578125
-0.145965576171875 0.201675415039063 -0.25347900390625 0.426300048828125
-0.215774536132813 0.125228881835938 -0.0115509033203125 0.0965194702148438
-0.12933349609375 0.200973510742187 0.265487670898438 -0.261856079101563
0.0354766845703125 0.269561767578125 0.17462158203125 -0.59637451171875
0.113800048828125 0.2967529296875 -0.254058837890625 -0.5426025390625
0.085296630859375 0.195083618164063 -0.42889404296875 -0.14990234375
-0.0257358551025391 0.00119972229003906 -0.3232421875 0.094940185546875
-0.0247344970703125 -0.189895629882813 -0.10162353515625 0.179611206054688
0.0201873779296875 -0.227005004882813 0.022003173828125 -0.0581436157226563
-0.0408477783203125 0.22552490234375 -0.0169677734375 0.116127014160156
0.0532684326171875 0.211090087890625 0.029510498046875 -0.154922485351563
0.0472183227539063 0.073150634765625 0.190597534179688 -0.163619995117188
-0.0500106811523438 -0.140403747558594 0.418609619140625 0.101593017578125
-0.103164672851563 -0.274261474609375 0.371307373046875 0.483917236328125
-0.0506591796875 -0.315155029296875 0.0254516601562499 0.62835693359375
0.120849609375 -0.23895263671875 -0.1851806640625 0.41021728515625
0.254684448242187 -0.1341552734375 -0.0331077575683593 0.0682296752929687
0.220306396484375 -0.17608642578125 0.29962158203125 -0.296234130859375
0.107269287109375 -0.256942749023437 0.3585205078125 -0.60968017578125
-0.013702392578125 -0.30810546875 -0.031005859375 -0.6202392578125
-0.0488739013671875 -0.208572387695313 -0.343109130859375 -0.2274169921875
0.0329704284667969 -0.0108451843261719 -0.351104736328125 0.1038818359375
0.0424346923828125 0.210983276367187 -0.103790283203125 0.163421630859375
-0.033721923828125 0.245590209960938 0.066070556640625 -0.115097045898437
-0.039947509765625 0.197357177734375 -0.033294677734375 0.168701171875
0.042755126953125 0.197708129882813 -0.0332489013671875 -0.148880004882813
0.041748046875 0.118064880371094 0.0675506591796875 -0.195236206054688
-0.0241775512695312 -0.0671234130859375 0.3497314453125 0.04144287109375
-0.0859832763671875 -0.204513549804688 0.433746337890625 0.4290771484375
-0.0674896240234375 -0.274658203125 0.1593017578125 0.65679931640625
0.0870513916015625 -0.223358154296875 -0.144683837890625 0.50164794921875
0.226318359375 -0.120773315429687 -0.109886169433594 0.132843017578125
0.227767944335938 -0.134231567382813 0.258316040039063 -0.206161499023438
0.152023315429688 -0.19842529296875 0.46142578125 -0.528228759765625
0.039794921875 -0.266143798828125 0.1328125 -0.65826416015625
-0.0350189208984375 -0.2056884765625 -0.292510986328125 -0.33514404296875
0.0066680908203125 -0.0438766479492188 -0.413421630859375 0.02764892578125
0.0169677734375 0.1561279296875 -0.181243896484375 0.164718627929687
-0.0403289794921875 0.211715698242188 0.0268821716308594 -0.0605659484863281
-0.029876708984375 0.125038146972656 -0.0506439208984375 0.2098388671875
0.022796630859375 0.133987426757813 -0.069793701171875 -0.143463134765625
0.00502777099609375 0.113739013671875 -0.0213470458984375 -0.22662353515625
-0.0190868377685547 -0.00180816650390625 0.278427124023438 -0.00177001953125
-0.0521011352539062 -0.109695434570313 0.44696044921875 0.3909912109375
-0.043121337890625 -0.189407348632813 0.249267578125 0.67645263671875
0.064422607421875 -0.165496826171875 -0.11126708984375 0.57305908203125
0.16546630859375 -0.0891876220703125 -0.170120239257813 0.18646240234375
0.182403564453125 -0.086212158203125 0.20538330078125 -0.138473510742188
0.144989013671875 -0.124557495117188 0.5068359375 -0.454681396484375
0.069091796875 -0.177947998046875 0.2430419921875 -0.6666259765625
-0.00860595703125001 -0.148056030273438 -0.242950439453125 -0.412353515625
-0.0104217529296875 -0.0400543212890625 -0.4498291015625 -0.039031982421875
-0.00819396972656251 0.0999984741210937 -0.243331909179688 0.1622314453125
-0.0375823974609375 0.146163940429688 -0.00643730163574219 -0.0152912139892578
-0.0164146423339844 0.0267734527587891 -0.067291259765625 0.241470336914063
0.00867080688476563 0.0345478057861328 -0.0898513793945313 -0.134307861328125
-0.0416145324707031 0.0634803771972656 -0.05462646484375 -0.246383666992188
-0.0277748107910156 0.0391464233398438 0.2396240234375 -0.027435302734375
-0.0167150497436523 -0.0163173675537109 0.43402099609375 0.37530517578125
-0.001739501953125 -0.0804367065429688 0.2725830078125 0.6964111328125
0.0470809936523438 -0.07537841796875 -0.10260009765625 0.618408203125
0.0820159912109375 -0.0432815551757812 -0.200729370117187 0.220474243164063
0.0923919677734375 -0.03936767578125 0.174270629882813 -0.100234985351563
0.0892791748046875 -0.0504226684570313 0.5126953125 -0.419525146484375
0.0609588623046875 -0.06695556640625 0.27777099609375 -0.66839599609375
0.0179634094238281 -0.0527992248535156 -0.230010986328125 -0.445068359375
-0.0173826217651367 -0.00206947326660156 -0.46875 -0.074005126953125
-0.0196189880371094 0.0492286682128906 -0.278594970703125 0.159805297851562
-0.0317840576171875 0.0676651000976563 -0.0325069427490234 0.0136795043945313
0.000427246093749992 -0.0850753784179688 -0.0830535888671875 0.250137329101563
-0.00174713134765625 -0.0767669677734375 -0.0909805297851563 -0.123008728027344
-0.0836944580078125 -0.00823974609375 -0.035797119140625 -0.249649047851563
-0.0382499694824219 0.0656890869140625 0.24932861328125 -0.0296173095703125
0.0163345336914063 0.072265625 0.408447265625 0.383941650390625
0.0400276184082031 0.0353965759277344 0.23541259765625 0.71246337890625
0.0245285034179687 0.0269393920898438 -0.1268310546875 0.625244140625
-0.0131378173828125 0.00997638702392578 -0.197463989257812 0.228363037109375
-0.0102071762084961 0.0121707916259766 0.179428100585938 -0.089080810546875
0.0215988159179688 0.0277156829833984 0.48883056640625 -0.4229736328125
0.0443153381347656 0.0543327331542969 0.22723388671875 -0.66290283203125
0.0426750183105469 0.0583724975585937 -0.262603759765625 -0.42840576171875
-0.0179519653320312 0.0447273254394531 -0.477142333984375 -0.0679931640625
-0.0228843688964844 -0.000745773315429691 -0.281646728515625 0.165252685546875
-0.0194664001464844 -0.0198898315429688 -0.0413894653320313 0.0244522094726562
0.015777587890625 -0.188323974609375 -0.090911865234375 0.237411499023437
-0.0126495361328125 -0.169113159179688 -0.0699081420898437 -0.112350463867188
-0.104774475097656 -0.05865478515625 0.033721923828125 -0.232406616210938
-0.0315017700195313 0.0992889404296875 0.29913330078125 -0.00256347656249999
0.0440826416015625 0.157867431640625 0.36590576171875 0.422119140625
0.0582122802734375 0.141098022460937 0.14117431640625 0.72528076171875
-0.016754150390625 0.118423461914063 -0.17559814453125 0.594482421875
-0.104530334472656 0.0616912841796875 -0.16064453125 0.2081298828125
-0.0923080444335938 0.0750274658203125 0.21441650390625 -0.113418579101563
-0.0153961181640625 0.117782592773438 0.4285888671875 -0.47027587890625
0.0488128662109375 0.171432495117188 0.09405517578125 -0.65240478515625
0.0696563720703125 0.151779174804688 -0.338409423828125 -0.3583984375
-0.0146026611328125 0.0707244873046875 -0.46697998046875 -0.0233459472656249
-0.0235443115234375 -0.0592536926269531 -0.249557495117187 0.175521850585938
-0.00539398193359374 -0.104415893554687 -0.0324535369873047 0.0171432495117187
0.0258636474609375 -0.263076782226563 -0.0894775390625 0.204238891601562
-0.01763916015625 -0.219772338867188 -0.0252838134765625 -0.108146667480469
-0.095062255859375 -0.0641860961914063 0.133499145507813 -0.199920654296875
-0.00683593750000001 0.15118408203125 0.355560302734375 0.052581787109375
0.057281494140625 0.233612060546875 0.285919189453125 0.48046875
0.0369873046875 0.220809936523438 -0.000854492187499956 0.72259521484375
-0.07806396484375 0.181503295898438 -0.223388671875 0.525482177734375
-0.176651000976562 0.103103637695313 -0.0941619873046875 0.162551879882813
-0.131942749023438 0.145538330078125 0.25250244140625 -0.176284790039063
-0.00410461425781251 0.20819091796875 0.31927490234375 -0.540557861328125
0.082611083984375 0.26092529296875 -0.086669921875 -0.61236572265625
0.092529296875 0.201309204101562 -0.40850830078125 -0.25390625
-0.0152778625488281 0.0566673278808594 -0.420562744140625 0.0402526855468749
-0.0257720947265625 -0.126625061035156 -0.185546875 0.184326171875
0.00662231445312499 -0.178237915039063 -0.00938606262207031 -0.0113496780395508
0.032379150390625 -0.3006591796875 -0.076385498046875 0.159225463867187
-0.00987243652343751 -0.222564697265625 0.0441436767578125 -0.110160827636719
-0.061553955078125 -0.0300331115722656 0.240692138671875 -0.15478515625
0.0177154541015625 0.2069091796875 0.382965087890625 0.1348876953125
0.039794921875 0.28173828125 0.1563720703125 0.543548583984375
-0.0211029052734375 0.25537109375 -0.16802978515625 0.69146728515625
-0.146514892578125 0.2044677734375 -0.2509765625 0.43402099609375
-0.21875 0.129074096679688 -0.01116943359375 0.0977554321289063
-0.129669189453125 0.204299926757812 0.26629638671875 -0.267913818359375
0.03802490234375 0.270767211914063 0.17022705078125 -0.605712890625
0.118560791015625 0.298095703125 -0.261932373046875 -0.54571533203125
0.089752197265625 0.1956787109375 -0.43548583984375 -0.148101806640625
-0.0253486633300781 0.00157546997070312 -0.32720947265625 0.09906005859375
-0.0273590087890625 -0.191726684570313 -0.10150146484375 0.182861328125
0.017669677734375 -0.22906494140625 0.0211639404296875 -0.0581321716308594
-0.0390777587890625 0.228546142578125 -0.015167236328125 0.116386413574219
0.05609130859375 0.211166381835938 0.0277252197265625 -0.15740966796875
0.0484237670898438 0.072479248046875 0.190567016601563 -0.166839599609375
-0.0531158447265625 -0.14129638671875 0.424102783203125 0.096099853515625
-0.107498168945312 -0.275726318359375 0.3814697265625 0.481719970703125
-0.054351806640625 -0.317352294921875 0.032470703125 0.63677978515625
0.119216918945313 -0.242080688476563 -0.18231201171875 0.417022705078125
0.255767822265625 -0.137527465820313 -0.0325698852539063 0.0693817138671875
0.220687866210938 -0.180511474609375 0.29827880859375 -0.302459716796875
0.105697631835938 -0.259841918945313 0.3526611328125 -0.6212158203125
-0.01824951171875 -0.310546875 -0.03900146484375 -0.62750244140625
-0.052764892578125 -0.209793090820313 -0.3502197265625 -0.227081298828125
0.0323429107666016 -0.0124282836914063 -0.353271484375 0.10931396484375
0.0458526611328125 0.210556030273438 -0.1036376953125 0.166351318359375
-0.0313568115234375 0.248092651367188 0.0647048950195313 -0.116020202636719
-0.0381011962890625 0.200241088867188 -0.030731201171875 0.169830322265625
0.0450592041015625 0.198104858398438 -0.0352325439453125 -0.149917602539063
0.0435104370117187 0.118148803710938 0.0662384033203125 -0.196990966796875
-0.0261268615722656 -0.0679244995117188 0.354888916015625 0.036773681640625
-0.090728759765625 -0.205780029296875 0.44464111328125 0.427276611328125
-0.071929931640625 -0.275497436523438 0.1707763671875 0.66204833984375
0.0853424072265625 -0.22589111328125 -0.140869140625 0.509033203125
0.227035522460937 -0.124649047851562 -0.110206604003906 0.135246276855469
0.229019165039063 -0.137542724609375 0.257843017578125 -0.21075439453125
0.151840209960938 -0.20233154296875 0.458404541015625 -0.538055419921875
0.0368499755859375 -0.26898193359375 0.126220703125 -0.66748046875
-0.03802490234375 -0.206771850585937 -0.300445556640625 -0.336456298828125
0.00583648681640625 -0.0453338623046875 -0.41766357421875 0.0330200195312499
0.018524169921875 0.156494140625 -0.181167602539063 0.168487548828125
-0.0379180908203125 0.214401245117187 0.0261383056640625 -0.0603752136230469
-0.0284881591796875 0.128120422363281 -0.04791259765625 0.211257934570313
0.0242385864257812 0.134902954101563 -0.0706329345703125 -0.144134521484375
0.0067901611328125 0.11383056640625 -0.022430419921875 -0.228622436523438
-0.0185489654541016 -0.00158882141113281 0.281951904296875 -0.005889892578125
-0.05438232421875 -0.110862731933594 0.45892333984375 0.38824462890625
-0.046142578125 -0.190444946289063 0.2581787109375 0.68109130859375
0.0626220703125 -0.167343139648438 -0.10595703125 0.58148193359375
0.166519165039062 -0.0909576416015625 -0.169967651367188 0.1903076171875
0.182952880859375 -0.08837890625 0.205032348632812 -0.141250610351563
0.145339965820313 -0.126571655273438 0.506072998046875 -0.467498779296875
0.0668792724609375 -0.1793212890625 0.2359619140625 -0.67938232421875
-0.0111083984375 -0.1497802734375 -0.25140380859375 -0.41534423828125
-0.0116539001464844 -0.0407028198242188 -0.453704833984375 -0.0335083007812499
-0.00727081298828124 0.100341796875 -0.244873046875 0.166458129882813
-0.0364837646484375 0.148025512695313 -0.00744342803955078 -0.0140285491943359
-0.0176200866699219 0.0280399322509766 -0.0635223388671875 0.244033813476563
0.00895881652832031 0.0342445373535156 -0.092559814453125 -0.134201049804688
-0.0410232543945313 0.0639266967773438 -0.0587615966796875 -0.247451782226563
-0.0280952453613281 0.0401344299316406 0.242950439453125 -0.0316009521484375
-0.0178260803222656 -0.0168170928955078 0.44561767578125 0.373077392578125
-0.00267791748046875 -0.0816116333007813 0.28558349609375 0.6995849609375
0.0471343994140625 -0.0761871337890625 -0.097412109375 0.62689208984375
0.0816421508789063 -0.0438613891601563 -0.200775146484375 0.224441528320312
0.0923080444335938 -0.0401535034179688 0.174285888671875 -0.103652954101562
0.0893325805664062 -0.0521087646484375 0.5111083984375 -0.431243896484375
0.0610694885253906 -0.0684547424316406 0.27252197265625 -0.679931640625
0.0171661376953125 -0.0539474487304688 -0.2369384765625 -0.44921875
-0.0174312591552734 -0.00233650207519531 -0.473724365234375 -0.07000732421875
-0.0193099975585938 0.05059814453125 -0.279556274414063 0.164566040039062
-0.0311660766601562 0.0687370300292969 -0.0333232879638672 0.0145626068115234
-0.00125885009765625 -0.084381103515625 -0.0795440673828125 0.254013061523438
-0.0039520263671875 -0.0777359008789063 -0.0922470092773437 -0.122962951660156
-0.0835723876953125 -0.00730895996093751 -0.0382080078125 -0.25115966796875
-0.037353515625 0.0672035217285156 0.253311157226563 -0.0335540771484375
0.0174407958984375 0.0721511840820313 0.4193115234375 0.383209228515625
0.0413093566894531 0.0344963073730469 0.2489013671875 0.7188720703125
0.0247802734375 0.0264377593994141 -0.12103271484375 0.6336669921875
-0.0141124725341797 0.010676383972168 -0.19775390625 0.232833862304687
-0.0105628967285156 0.0132122039794922 0.179641723632813 -0.0919952392578125
0.0224590301513672 0.0273818969726563 0.487213134765625 -0.434326171875
0.0454521179199219 0.0537605285644531 0.22271728515625 -0.674560546875
0.0440483093261719 0.0578155517578125 -0.271209716796875 -0.43145751953125
-0.0169258117675781 0.0453453063964844 -0.48370361328125 -0.0630798339843749
-0.0229225158691406 -0.000528335571289058 -0.282806396484375 0.169586181640625
-0.0208873748779297 -0.0193519592285156 -0.041839599609375 0.0260772705078125
0.0118255615234375 -0.188751220703125 -0.0876922607421875 0.24017333984375
-0.0157318115234375 -0.171035766601563 -0.0712661743164062 -0.112991333007813
-0.105201721191406 -0.0570831298828125 0.031097412109375 -0.234085083007813
-0.03021240234375 0.101524353027344 0.303680419921875 -0.00720214843749999
0.047332763671875 0.157974243164063 0.376373291015625 0.4215087890625
0.06011962890625 0.140777587890625 0.15240478515625 0.73199462890625
-0.0157012939453125 0.119255065917969 -0.16949462890625 0.6025390625
-0.106353759765625 0.0638809204101562 -0.160385131835938 0.211837768554688
-0.0924911499023438 0.0772933959960937 0.215377807617188 -0.117263793945313
-0.0143890380859375 0.11859130859375 0.4256591796875 -0.481842041015625
0.0517120361328125 0.172225952148438 0.0866088867187499 -0.66204833984375
0.0732421875 0.15228271484375 -0.3458251953125 -0.360626220703125
-0.0131988525390625 0.072296142578125 -0.473236083984375 -0.017333984375
-0.0240554809570313 -0.0594482421875 -0.251312255859375 0.1806640625
-0.00733184814453124 -0.105201721191406 -0.0324058532714844 0.0183181762695312
0.0218963623046875 -0.26544189453125 -0.0865020751953125 0.207717895507812
-0.0209503173828125 -0.221847534179688 -0.02569580078125 -0.109352111816406
-0.0967178344726563 -0.062896728515625 0.1322021484375 -0.202499389648438
-0.0043792724609375 0.152389526367188 0.360198974609375 0.047393798828125
0.0621490478515625 0.233840942382813 0.29705810546875 0.482513427734375
0.040679931640625 0.221450805664063 0.00946044921874995 0.73004150390625
-0.0776824951171875 0.184219360351563 -0.21942138671875 0.5325927734375
-0.178298950195313 0.106292724609375 -0.09393310546875 0.16546630859375
-0.13201904296875 0.147842407226563 0.25323486328125 -0.180419921875
-0.001953125 0.209747314453125 0.315673828125 -0.5489501953125
0.0863189697265625 0.261947631835938 -0.0950927734375 -0.61749267578125
0.0971221923828125 0.201873779296875 -0.415802001953125 -0.2523193359375
-0.0144920349121094 0.0574569702148437 -0.425262451171875 0.04644775390625
-0.0277633666992187 -0.126762390136719 -0.186065673828125 0.188888549804688
0.00384521484374999 -0.179290771484375 -0.00981616973876953 -0.0103769302368164
0.02777099609375 -0.303466796875 -0.0743408203125 0.1612548828125
-0.0127105712890625 -0.22509765625 0.04315185546875 -0.111778259277344
-0.0622482299804687 -0.0283279418945313 0.241714477539063 -0.158706665039063
0.0215911865234375 0.209259033203125 0.389984130859375 0.130035400390625
0.04498291015625 0.284088134765625 0.167724609375 0.5487060546875
-0.017578125 0.2576904296875 -0.15997314453125 0.70123291015625
-0.145553588867188 0.208541870117188 -0.248443603515625 0.440765380859375
-0.220932006835938 0.132705688476562 -0.00997924804687501 0.098876953125
-0.128936767578125 0.20697021484375 0.265625 -0.2742919921875
0.041961669921875 0.272354125976563 0.16546630859375 -0.6148681640625
0.12310791015625 0.298828125 -0.271728515625 -0.548065185546875
0.09356689453125 0.1968994140625 -0.441741943359375 -0.14520263671875
-0.0248298645019531 0.00219535827636719 -0.329193115234375 0.103607177734375
-0.030120849609375 -0.19244384765625 -0.100311279296875 0.186965942382812
0.0138702392578125 -0.231613159179688 0.0204391479492188 -0.0577659606933594
-0.0355072021484375 0.232498168945313 -0.0130538940429687 0.116256713867188
0.058685302734375 0.211868286132812 0.0260467529296875 -0.15985107421875
0.0494308471679688 0.0723953247070313 0.190521240234375 -0.1712646484375
-0.0562896728515625 -0.142440795898437 0.429901123046875 0.09088134765625
-0.113204956054688 -0.276535034179688 0.39404296875 0.480712890625
-0.0596923828125 -0.319488525390625 0.04296875 0.64215087890625
0.116958618164063 -0.244705200195313 -0.177490234375 0.42315673828125
0.257095336914063 -0.141403198242188 -0.0320892333984375 0.0703353881835937
0.22113037109375 -0.183990478515625 0.29705810546875 -0.30914306640625
0.102996826171875 -0.263519287109375 0.3465576171875 -0.63226318359375
-0.022705078125 -0.31182861328125 -0.048828125 -0.6339111328125
-0.057037353515625 -0.211135864257813 -0.357696533203125 -0.2254638671875
0.0315685272216797 -0.0142021179199219 -0.355743408203125 0.114501953125
0.04931640625 0.209747314453125 -0.102218627929687 0.169876098632813
-0.0285491943359375 0.250839233398438 0.0631484985351563 -0.116294860839844
-0.035064697265625 0.203231811523438 -0.0279388427734375 0.170562744140625
0.0477447509765625 0.19903564453125 -0.03704833984375 -0.1514892578125
0.0457839965820313 0.118515014648438 0.0648956298828125 -0.19940185546875
-0.0282478332519531 -0.0679473876953125 0.35888671875 0.0306396484375
-0.094268798828125 -0.206253051757813 0.45562744140625 0.424041748046875
-0.0755462646484375 -0.2772216796875 0.18218994140625 0.666748046875
0.0826263427734375 -0.228622436523437 -0.1341552734375 0.515869140625
0.227462768554688 -0.127471923828125 -0.109245300292969 0.138427734375
0.229339599609375 -0.141921997070313 0.256423950195313 -0.216293334960938
0.149765014648438 -0.20556640625 0.45489501953125 -0.551422119140625
0.0335693359375 -0.271774291992187 0.11822509765625 -0.67657470703125
-0.0417022705078125 -0.208633422851563 -0.30810546875 -0.337158203125
0.00461578369140625 -0.0461769104003906 -0.4208984375 0.0379943847656251
0.02081298828125 0.155975341796875 -0.181137084960938 0.171875
-0.0356292724609375 0.2169189453125 0.0251197814941406 -0.0600013732910156
-0.0270538330078125 0.130111694335937 -0.0446624755859375 0.213104248046875
0.02618408203125 0.134864807128906 -0.072784423828125 -0.144454956054688
0.00894927978515624 0.11505126953125 -0.0257415771484375 -0.228866577148438
-0.01953125 -0.00139999389648437 0.28509521484375 -0.01123046875
-0.056732177734375 -0.111175537109375 0.4691162109375 0.383575439453125
-0.0490875244140625 -0.192108154296875 0.27008056640625 0.68414306640625
0.060211181640625 -0.169952392578125 -0.0986938476562499 0.58807373046875
0.16644287109375 -0.09423828125 -0.170028686523438 0.193374633789063
0.184173583984375 -0.091796875 0.204788208007812 -0.145462036132812
0.144134521484375 -0.1302490234375 0.50262451171875 -0.477630615234375
0.0653228759765625 -0.18145751953125 0.22772216796875 -0.689208984375
-0.013275146484375 -0.1507568359375 -0.260040283203125 -0.417022705078125
-0.0131301879882812 -0.0412635803222656 -0.45953369140625 -0.028656005859375
-0.00579071044921876 0.101348876953125 -0.244903564453125 0.171737670898437
-0.0351715087890625 0.150146484375 -0.00809574127197266 -0.0129098892211914
-0.0175228118896484 0.0296211242675781 -0.05938720703125 0.246780395507812
0.00914192199707031 0.0337390899658203 -0.0942230224609375 -0.133995056152344
-0.0401153564453125 0.0655364990234375 -0.0623016357421875 -0.248336791992188
-0.0277061462402344 0.0408973693847656 0.245330810546875 -0.036376953125
-0.0178966522216797 -0.0175933837890625 0.45611572265625 0.36822509765625
-0.00321197509765625 -0.0826263427734375 0.29888916015625 0.7039794921875
0.0457916259765625 -0.0775299072265625 -0.090087890625 0.63275146484375
0.0817794799804688 -0.0448760986328125 -0.199676513671875 0.229110717773438
0.0930328369140625 -0.0413131713867188 0.174057006835938 -0.106353759765625
0.0895538330078125 -0.0534591674804688 0.509735107421875 -0.442291259765625
0.060577392578125 -0.0691452026367188 0.2645263671875 -0.691162109375
0.0166435241699219 -0.054412841796875 -0.2471923828125 -0.45135498046875
-0.0177135467529297 -0.00189590454101562 -0.480377197265625 -0.0642089843749999
-0.0178642272949219 0.0501747131347656 -0.280258178710937 0.17041015625
-0.0316238403320313 0.0700721740722656 -0.0331821441650391 0.0164222717285156
-0.00248718261718749 -0.085113525390625 -0.0756072998046875 0.256698608398438
-0.00595092773437499 -0.0792999267578125 -0.093963623046875 -0.122360229492188
-0.0843276977539063 -0.00572204589843751 -0.042449951171875 -0.251983642578125
-0.03680419921875 0.0680198669433594 0.25628662109375 -0.038055419921875
0.0184860229492188 0.0723342895507813 0.429656982421875 0.379913330078125
0.0421524047851563 0.0338668823242188 0.2603759765625 0.7210693359375
0.0252418518066406 0.0264797210693359 -0.11383056640625 0.6407470703125
-0.0148048400878906 0.0112981796264648 -0.197509765625 0.237991333007812
-0.0107955932617187 0.0126590728759766 0.179824829101563 -0.094451904296875
0.0225276947021484 0.0274009704589844 0.484954833984375 -0.44500732421875
0.0460395812988281 0.0541534423828125 0.2135009765625 -0.685546875
0.0458145141601563 0.0577163696289063 -0.2794189453125 -0.43212890625
-0.0161170959472656 0.0464057922363281 -0.488739013671875 -0.0588073730468751
-0.0232486724853516 1.71661376953166E-05 -0.2830810546875 0.176025390625
-0.0216217041015625 -0.0194282531738281 -0.0426139831542969 0.028472900390625
0.00939941406249999 -0.190170288085938 -0.08380126953125 0.243621826171875
-0.018280029296875 -0.1728515625 -0.0730209350585938 -0.1123046875
-0.107017517089844 -0.0555877685546875 0.0278778076171875 -0.235626220703125
-0.0284271240234375 0.102989196777344 0.30712890625 -0.01214599609375
0.050140380859375 0.157073974609375 0.386932373046875 0.420623779296875
0.0631103515625 0.14117431640625 0.164794921875 0.7364501953125
-0.0151901245117188 0.12078857421875 -0.16424560546875 0.61090087890625
-0.106636047363281 0.0656967163085938 -0.15966796875 0.215896606445313
-0.0931396484375 0.0786895751953125 0.214935302734375 -0.1214599609375
-0.0132522583007812 0.11932373046875 0.421905517578125 -0.491119384765625
0.0538177490234375 0.172637939453125 0.0773925781250001 -0.66943359375
0.076385498046875 0.152313232421875 -0.35443115234375 -0.359222412109375
-0.0112380981445313 0.0731124877929688 -0.4781494140625 -0.012298583984375
-0.0250396728515625 -0.0590934753417969 -0.250137329101563 0.186126708984375
-0.00923919677734374 -0.105552673339844 -0.0325946807861328 0.0196666717529297
0.0172119140625 -0.267822265625 -0.0840301513671875 0.210174560546875
-0.0240478515625 -0.224899291992188 -0.0270156860351563 -0.109237670898438
-0.0967178344726563 -0.0613327026367187 0.130111694335938 -0.205520629882813
-0.000442504882812491 0.153717041015625 0.36602783203125 0.042022705078125
0.0659942626953125 0.23492431640625 0.306854248046875 0.482696533203125
0.0443572998046875 0.221771240234375 0.02008056640625 0.73724365234375
-0.0760345458984375 0.186935424804688 -0.213958740234375 0.5423583984375
-0.17999267578125 0.109512329101563 -0.092926025390625 0.167953491210937
-0.13165283203125 0.151596069335937 0.25213623046875 -0.186172485351563
0.000442504882812492 0.211334228515625 0.31097412109375 -0.559234619140625
0.0907440185546875 0.262725830078125 -0.10504150390625 -0.62469482421875
0.100662231445313 0.202301025390625 -0.424896240234375 -0.249908447265625
-0.0126304626464844 0.0583992004394531 -0.428955078125 0.0526123046875001
-0.0292816162109375 -0.127029418945313 -0.184967041015625 0.194122314453125
7.62939453125091E-05 -0.180953979492187 -0.00964069366455078 -0.00885200500488282
0.022186279296875 -0.3052978515625 -0.0719451904296875 0.163131713867187
-0.01702880859375 -0.22674560546875 0.0427093505859375 -0.1141357421875
-0.061676025390625 -0.0275688171386719 0.241043090820312 -0.163345336914063
0.0251922607421875 0.210769653320312 0.39508056640625 0.125701904296875
0.04925537109375 0.285247802734375 0.177764892578125 0.55126953125
-0.014068603515625 0.259368896484375 -0.15045166015625 0.7108154296875
-0.144271850585937 0.212295532226562 -0.245880126953125 0.44818115234375
-0.2220458984375 0.136062622070313 -0.00865936279296877 0.0999069213867188
-0.127639770507813 0.210296630859375 0.264862060546875 -0.280715942382813
0.045867919921875 0.27325439453125 0.1575927734375 -0.622802734375
0.12921142578125 0.299102783203125 -0.281890869140625 -0.55133056640625
0.0981292724609375 0.196609497070312 -0.44769287109375 -0.140533447265625
-0.0242156982421875 0.00272178649902344 -0.331512451171875 0.10992431640625
-0.033294677734375 -0.193588256835938 -0.098907470703125 0.18994140625
0.010284423828125 -0.233062744140625 0.0196952819824219 -0.0576019287109375
-0.03204345703125 0.235488891601563 -0.0100631713867187 0.116302490234375
0.06201171875 0.210662841796875 0.0240325927734375 -0.161651611328125
0.050445556640625 0.0712127685546875 0.189849853515625 -0.175613403320313
-0.059417724609375 -0.14288330078125 0.435302734375 0.08367919921875
-0.118331909179688 -0.2769775390625 0.40350341796875 0.478485107421875
-0.064788818359375 -0.32025146484375 0.05291748046875 0.6483154296875
0.114410400390625 -0.24725341796875 -0.172210693359375 0.43035888671875
0.257705688476563 -0.145233154296875 -0.0314407348632812 0.0717239379882812
0.22039794921875 -0.188034057617188 0.293609619140625 -0.31549072265625
0.100051879882812 -0.26727294921875 0.33856201171875 -0.6434326171875
-0.028045654296875 -0.31304931640625 -0.06121826171875 -0.63958740234375
-0.0606231689453125 -0.211273193359375 -0.363861083984375 -0.223052978515625
0.0307502746582031 -0.0149002075195313 -0.3565673828125 0.119598388671875
0.0525970458984375 0.209320068359375 -0.10089111328125 0.171859741210938
-0.024810791015625 0.253097534179688 0.0614242553710938 -0.117294311523437
-0.0325164794921875 0.206634521484375 -0.0240020751953125 0.1707763671875
0.050201416015625 0.198699951171875 -0.0394134521484375 -0.152496337890625
0.0473251342773437 0.118019104003906 0.06353759765625 -0.201446533203125
-0.0300216674804688 -0.0685958862304688 0.362640380859375 0.0250244140625
-0.099029541015625 -0.206619262695313 0.46746826171875 0.418304443359375
-0.0803070068359375 -0.278472900390625 0.1939697265625 0.6693115234375
0.0799102783203125 -0.230804443359375 -0.127777099609375 0.521697998046875
0.22808837890625 -0.1307373046875 -0.108489990234375 0.140960693359375
0.229248046875 -0.145339965820313 0.254898071289063 -0.220352172851563
0.1475830078125 -0.208755493164063 0.44757080078125 -0.56268310546875
0.029083251953125 -0.273529052734375 0.10675048828125 -0.685302734375
-0.0458831787109375 -0.209945678710938 -0.316162109375 -0.335601806640625
0.00318908691406249 -0.0472335815429688 -0.423797607421875 0.0435791015625
0.023162841796875 0.155593872070313 -0.180404663085937 0.17626953125
-0.0323028564453125 0.218963623046875 0.0235671997070312 -0.0600128173828125
-0.0250015258789062 0.132064819335937 -0.0404052734375 0.214675903320312
0.0282135009765625 0.134407043457031 -0.075103759765625 -0.145004272460938
0.0108413696289063 0.115921020507812 -0.029205322265625 -0.230133056640625
-0.0204486846923828 -0.000974655151367188 0.28875732421875 -0.0162353515625
-0.059112548828125 -0.111778259277344 0.480316162109375 0.37823486328125
-0.0534515380859375 -0.193130493164062 0.28411865234375 0.684326171875
0.0579681396484375 -0.171737670898437 -0.0900878906249999 0.59417724609375
0.166229248046875 -0.096160888671875 -0.168899536132813 0.19879150390625
0.18377685546875 -0.094818115234375 0.203445434570313 -0.149139404296875
0.143096923828125 -0.132217407226562 0.49627685546875 -0.489593505859375
0.0622711181640625 -0.183731079101563 0.219482421875 -0.69879150390625
-0.016204833984375 -0.151580810546875 -0.268829345703125 -0.417816162109375
-0.013763427734375 -0.0413970947265625 -0.464324951171875 -0.0224304199218751
-0.00436401367187501 0.101249694824219 -0.244308471679687 0.175811767578125
-0.0332489013671875 0.15155029296875 -0.00816154479980469 -0.0132179260253906
-0.0171394348144531 0.0303440093994141 -0.0548248291015625 0.248397827148438
0.009246826171875 0.0334587097167969 -0.0962905883789062 -0.133621215820313
-0.0391769409179688 0.0665969848632812 -0.06591796875 -0.24810791015625
-0.0278053283691406 0.0415611267089844 0.247711181640625 -0.0413818359375
-0.0187187194824219 -0.0178947448730469 0.467529296875 0.362548828125
-0.00463867187499999 -0.083740234375 0.3134765625 0.70458984375
0.0447006225585938 -0.0790634155273438 -0.080810546875 0.64044189453125
0.0817947387695313 -0.0456695556640625 -0.198776245117188 0.23431396484375
0.092620849609375 -0.0433807373046875 0.173294067382813 -0.109695434570313
0.0889205932617188 -0.0553817749023438 0.505645751953125 -0.453887939453125
0.0597991943359375 -0.0713348388671875 0.25543212890625 -0.700927734375
0.0156211853027344 -0.0547103881835938 -0.255096435546875 -0.451568603515625
-0.0179309844970703 -0.00189399719238281 -0.485595703125 -0.05828857421875
-0.0178718566894531 0.0508193969726563 -0.27972412109375 0.175277709960938
-0.0310821533203125 0.0715179443359375 -0.0338649749755859 0.0175895690917969
-0.0048980712890625 -0.0847015380859375 -0.0710296630859375 0.2589111328125
-0.00732421875 -0.0794448852539063 -0.0950164794921875 -0.12213134765625
-0.0847930908203125 -0.00357055664062502 -0.046417236328125 -0.25213623046875
-0.0352401733398438 0.0696029663085938 0.258636474609375 -0.043365478515625
0.019989013671875 0.0718154907226563 0.44012451171875 0.3758544921875
0.0439300537109375 0.0320014953613281 0.27593994140625 0.72332763671875
0.0247688293457031 0.0260219573974609 -0.1060791015625 0.6480712890625
-0.0156068801879883 0.0119295120239258 -0.19598388671875 0.24249267578125
-0.0113801956176758 0.013340950012207 0.17877197265625 -0.09857177734375
0.0231151580810547 0.0261077880859375 0.482666015625 -0.4564208984375
0.0482826232910156 0.0536613464355469 0.20361328125 -0.695556640625
0.04718017578125 0.0575485229492188 -0.289337158203125 -0.43310546875
-0.0150413513183594 0.0466117858886719 -0.494110107421875 -0.052734375
-0.0235633850097656 0.000547409057617189 -0.28302001953125 0.18170166015625
-0.0227470397949219 -0.0180530548095703 -0.0419349670410156 0.0295906066894531
0.00508117675781251 -0.19085693359375 -0.0804443359375 0.246292114257813
-0.0212249755859375 -0.174911499023438 -0.0743560791015625 -0.112075805664063
-0.1080322265625 -0.053619384765625 0.0244140625 -0.237884521484375
-0.0266036987304687 0.104331970214844 0.31011962890625 -0.018585205078125
0.053497314453125 0.15753173828125 0.39898681640625 0.416656494140625
0.0665740966796875 0.140151977539063 0.17913818359375 0.740234375
-0.014373779296875 0.121559143066406 -0.153076171875 0.61871337890625
-0.107841491699219 0.0676651000976562 -0.157882690429687 0.220108032226563
-0.0933456420898437 0.08050537109375 0.214813232421875 -0.126190185546875
-0.0118942260742187 0.119277954101562 0.4178466796875 -0.50152587890625
0.0576324462890625 0.173141479492187 0.06671142578125 -0.67669677734375
0.0802459716796875 0.151809692382813 -0.36285400390625 -0.358062744140625
-0.0101394653320312 0.0736160278320313 -0.482421875 -0.00457763671874998
-0.0257682800292969 -0.0588302612304688 -0.24951171875 0.191162109375
-0.0116119384765625 -0.106071472167969 -0.0330066680908203 0.020843505859375
0.012847900390625 -0.268234252929688 -0.080780029296875 0.212387084960937
-0.0279083251953125 -0.226364135742188 -0.0280075073242188 -0.109909057617188
-0.098236083984375 -0.0600738525390625 0.128402709960938 -0.208709716796875
0.00238037109375001 0.156143188476563 0.369781494140625 0.03558349609375
0.0707855224609375 0.23443603515625 0.318084716796875 0.481292724609375
0.0485687255859375 0.222259521484375 0.0336914062499999 0.744140625
-0.0750579833984375 0.189132690429688 -0.20770263671875 0.549713134765625
-0.181320190429687 0.113250732421875 -0.0912017822265625 0.170654296875
-0.131301879882813 0.153793334960937 0.251922607421875 -0.191024780273438
0.0031890869140625 0.211685180664063 0.30377197265625 -0.56982421875
0.0959625244140625 0.262710571289063 -0.1156005859375 -0.62738037109375
0.105850219726562 0.201889038085938 -0.4310302734375 -0.24749755859375
-0.0112533569335937 0.0595588684082031 -0.43133544921875 0.0591125488281251
-0.0314559936523438 -0.127716064453125 -0.183807373046875 0.198135375976563
-0.00314331054687501 -0.181869506835938 -0.009979248046875 -0.00836467742919923
0.016571044921875 -0.306884765625 -0.06878662109375 0.1654052734375
-0.0201568603515625 -0.228973388671875 0.0426483154296875 -0.114723205566406
-0.0615806579589844 -0.0257072448730469 0.240570068359375 -0.167617797851563
0.0307769775390625 0.211883544921875 0.4007568359375 0.11993408203125
0.05487060546875 0.2861328125 0.1890869140625 0.553070068359375
-0.0096588134765625 0.260589599609375 -0.138427734375 0.71868896484375
-0.143707275390625 0.215377807617188 -0.240203857421875 0.456207275390625
-0.223541259765625 0.141632080078125 -0.00669097900390626 0.101028442382813
-0.125946044921875 0.21337890625 0.262847900390625 -0.28759765625
0.0500335693359375 0.274505615234375 0.15020751953125 -0.63031005859375
0.135284423828125 0.298736572265625 -0.29290771484375 -0.552825927734375
0.102813720703125 0.196365356445313 -0.454437255859375 -0.135467529296875
-0.0236339569091797 0.00365066528320312 -0.33245849609375 0.1163330078125
-0.0364532470703125 -0.194046020507812 -0.0972747802734375 0.193923950195312
0.0052337646484375 -0.2347412109375 0.0182418823242188 -0.0578269958496094
-0.0287322998046875 0.23822021484375 -0.00794219970703126 0.116050720214844
0.0651092529296875 0.210556030273438 0.0221405029296875 -0.163681030273438
0.05126953125 0.0703201293945313 0.189254760742188 -0.179168701171875
-0.064056396484375 -0.142364501953125 0.43927001953125 0.07720947265625
-0.124740600585937 -0.276565551757813 0.416015625 0.47247314453125
-0.06951904296875 -0.320953369140625 0.0651245117187501 0.65191650390625
0.111648559570312 -0.249542236328125 -0.165802001953125 0.43682861328125
0.2568359375 -0.149215698242188 -0.0306549072265625 0.0723876953125
0.219558715820312 -0.191940307617188 0.289794921875 -0.32208251953125
0.0965423583984375 -0.268402099609375 0.33026123046875 -0.65362548828125
-0.033966064453125 -0.31414794921875 -0.071044921875 -0.64447021484375
-0.064697265625 -0.212448120117187 -0.369903564453125 -0.220245361328125
0.0298004150390625 -0.0168056488037109 -0.35693359375 0.125518798828125
0.0558319091796875 0.207855224609375 -0.0993194580078125 0.174774169921875
-0.0205535888671875 0.255386352539063 0.0589828491210938 -0.117706298828125
-0.0294036865234375 0.209030151367188 -0.02056884765625 0.17120361328125
0.0529022216796875 0.198272705078125 -0.041351318359375 -0.153396606445313
0.0496749877929687 0.117317199707031 0.0609893798828125 -0.203460693359375
-0.0323448181152344 -0.0679817199707031 0.36553955078125 0.018218994140625
-0.103225708007813 -0.2069091796875 0.478424072265625 0.413482666015625
-0.0862884521484375 -0.278976440429688 0.2069091796875 0.6719970703125
0.076568603515625 -0.23333740234375 -0.11932373046875 0.52777099609375
0.227874755859375 -0.134765625 -0.10760498046875 0.143661499023438
0.228958129882813 -0.148895263671875 0.25225830078125 -0.225799560546875
0.145645141601563 -0.211685180664063 0.4415283203125 -0.57171630859375
0.0251312255859375 -0.274246215820313 0.09521484375 -0.692626953125
-0.04986572265625 -0.209869384765625 -0.32464599609375 -0.3349609375
0.001678466796875 -0.0480003356933594 -0.4261474609375 0.049560546875
0.025848388671875 0.155792236328125 -0.178497314453125 0.17999267578125
-0.029022216796875 0.221725463867188 0.0226249694824219 -0.059722900390625
-0.0234146118164063 0.133857727050781 -0.03631591796875 0.214614868164063
0.0296554565429687 0.133819580078125 -0.076751708984375 -0.144821166992188
0.0126419067382812 0.116043090820313 -0.0316925048828125 -0.2303466796875
-0.0213546752929688 -0.000757217407226562 0.2904052734375 -0.023193359375
-0.0618743896484375 -0.112319946289063 0.4913330078125 0.37274169921875
-0.05682373046875 -0.193069458007812 0.29833984375 0.685791015625
0.0554962158203125 -0.173187255859375 -0.082275390625 0.5987548828125
0.166061401367188 -0.0986328125 -0.167816162109375 0.20220947265625
0.18402099609375 -0.09722900390625 0.20172119140625 -0.153152465820313
0.141952514648438 -0.135116577148438 0.492828369140625 -0.50067138671875
0.0594635009765625 -0.185073852539063 0.208740234375 -0.70770263671875
-0.0182037353515625 -0.152542114257813 -0.276885986328125 -0.41754150390625
-0.014984130859375 -0.0418624877929688 -0.468292236328125 -0.01629638671875
-0.00339508056640624 0.100914001464844 -0.24322509765625 0.18060302734375
-0.03125 0.153213500976563 -0.0087270736694336 -0.0114784240722656
-0.0166912078857422 0.0325832366943359 -0.0504608154296875 0.250503540039063
0.00900650024414063 0.0331058502197266 -0.0981216430664063 -0.132881164550781
-0.0376853942871094 0.0680389404296875 -0.068939208984375 -0.248001098632813
-0.0272598266601562 0.042449951171875 0.249359130859375 -0.0472869873046875
-0.0197544097900391 -0.0186347961425781 0.477508544921875 0.3565673828125
-0.00582122802734375 -0.0845565795898437 0.328125 0.7044677734375
0.043426513671875 -0.0798797607421875 -0.06976318359375 0.64617919921875
0.0812149047851562 -0.0473785400390625 -0.197418212890625 0.239013671875
0.092376708984375 -0.0447235107421875 0.172042846679687 -0.111968994140625
0.0882415771484375 -0.0566329956054688 0.50103759765625 -0.464080810546875
0.058807373046875 -0.0724945068359375 0.24462890625 -0.713134765625
0.0154647827148438 -0.0557861328125 -0.264129638671875 -0.45391845703125
-0.0185317993164063 -0.00136756896972656 -0.4888916015625 -0.0507507324218751
-0.0167198181152344 0.0512504577636719 -0.279144287109375 0.18121337890625
-0.0300369262695312 0.0723724365234375 -0.0343341827392578 0.0192852020263672
-0.007293701171875 -0.0843582153320313 -0.0660400390625 0.261138916015625
-0.00882720947265626 -0.0812530517578125 -0.0979843139648438 -0.121162414550781
-0.0845870971679688 -0.00169372558593752 -0.049468994140625 -0.252975463867188
-0.0342941284179687 0.0703582763671875 0.260055541992187 -0.0486297607421875
0.0213546752929687 0.0709915161132813 0.449462890625 0.370758056640625
0.0446128845214844 0.0311965942382813 0.2891845703125 0.7230224609375
0.0254554748535156 0.02581787109375 -0.09576416015625 0.65435791015625
-0.0163545608520508 0.0122079849243164 -0.194473266601563 0.24664306640625
-0.011469841003418 0.0131349563598633 0.178009033203125 -0.101455688476562
0.0230941772460938 0.0261917114257813 0.4775390625 -0.468353271484375
0.0484237670898438 0.0524749755859375 0.19293212890625 -0.7041015625
0.0487442016601563 0.0561790466308594 -0.297515869140625 -0.43218994140625
-0.0143966674804687 0.0471038818359375 -0.49853515625 -0.0444335937499999
-0.0230312347412109 0.000368118286132809 -0.282745361328125 0.1871337890625
-0.0239639282226563 -0.0175094604492187 -0.0421104431152344 0.030792236328125
0.00146484375 -0.191268920898438 -0.075531005859375 0.248458862304688
-0.0246734619140625 -0.175247192382813 -0.0755844116210938 -0.111656188964844
-0.1090087890625 -0.0512466430664063 0.0211181640625 -0.239181518554688
-0.0242080688476563 0.10504150390625 0.3125 -0.024261474609375
0.056396484375 0.156829833984375 0.40826416015625 0.413299560546875
0.06951904296875 0.138916015625 0.19293212890625 0.7427978515625
-0.013427734375 0.1226806640625 -0.14727783203125 0.625244140625
-0.107902526855469 0.0699234008789063 -0.156036376953125 0.224365234375
-0.0933761596679688 0.08197021484375 0.214248657226562 -0.12982177734375
-0.0105514526367188 0.119842529296875 0.411712646484375 -0.5130615234375
0.0603179931640625 0.172744750976562 0.0560302734375 -0.6827392578125
0.083892822265625 0.15081787109375 -0.370849609375 -0.353912353515625
-0.00767517089843751 0.0747833251953125 -0.4854736328125 0.00326538085937497
-0.0270271301269531 -0.0587577819824219 -0.248641967773438 0.197113037109375
-0.0143966674804688 -0.106475830078125 -0.0329704284667969 0.0229854583740234
0.0079193115234375 -0.270034790039063 -0.076263427734375 0.214584350585937
-0.0322723388671875 -0.2265625 -0.0293731689453125 -0.110076904296875
-0.0990066528320313 -0.0578155517578125 0.126220703125 -0.211746215820313
0.0063629150390625 0.156280517578125 0.373443603515625 0.02996826171875
0.0754547119140625 0.23370361328125 0.330963134765625 0.47991943359375
0.0530548095703125 0.222122192382813 0.04522705078125 0.7493896484375
-0.0728607177734375 0.191131591796875 -0.201202392578125 0.557403564453125
-0.1817626953125 0.1170654296875 -0.0898284912109375 0.173568725585937
-0.13055419921875 0.156692504882813 0.250228881835938 -0.196823120117188
0.00625610351562499 0.212417602539063 0.29718017578125 -0.57769775390625
0.101089477539062 0.261886596679688 -0.1268310546875 -0.63128662109375
0.11029052734375 0.201507568359375 -0.438873291015625 -0.242431640625
-0.00914764404296875 0.0594749450683594 -0.43341064453125 0.0660400390625
-0.0336074829101563 -0.127777099609375 -0.181594848632812 0.202301025390625
-0.00656127929687502 -0.182525634765625 -0.0108556747436523 -0.00666713714599611
0.011077880859375 -0.308135986328125 -0.0649871826171875 0.166824340820313
-0.023956298828125 -0.2301025390625 0.0413742065429687 -0.116546630859375
-0.0611152648925781 -0.024261474609375 0.239044189453125 -0.172088623046875
0.0350494384765625 0.212875366210938 0.40557861328125 0.1123046875
0.060791015625 0.285614013671875 0.20013427734375 0.554931640625
-0.00540161132812499 0.2615966796875 -0.12725830078125 0.72760009765625
-0.141677856445313 0.219436645507812 -0.235260009765625 0.463287353515625
-0.223876953125 0.146041870117187 -0.00558471679687502 0.1026611328125
-0.124771118164063 0.216110229492187 0.260650634765625 -0.292755126953125
0.0546112060546875 0.273239135742188 0.141357421875 -0.63690185546875
0.140594482421875 0.297698974609375 -0.304412841796875 -0.55157470703125
0.107589721679688 0.195770263671875 -0.45928955078125 -0.129058837890625
-0.0222759246826172 0.00396156311035156 -0.33282470703125 0.121337890625
-0.0396881103515625 -0.193984985351562 -0.095306396484375 0.196914672851563
0.00102233886718752 -0.236038208007813 0.0177040100097656 -0.0568504333496094
-0.02398681640625 0.240020751953125 -0.00498962402343749 0.114952087402344
0.06781005859375 0.209426879882813 0.01934814453125 -0.165283203125
0.0514183044433594 0.068634033203125 0.186569213867188 -0.183029174804688
-0.0671234130859375 -0.141998291015625 0.441650390625 0.068389892578125
-0.13079833984375 -0.2763671875 0.42755126953125 0.467498779296875
-0.075439453125 -0.320526123046875 0.0770263671875 0.65460205078125
0.107864379882812 -0.252349853515625 -0.158660888671875 0.441497802734375
0.256393432617188 -0.153106689453125 -0.0288619995117187 0.0736007690429688
0.217529296875 -0.195220947265625 0.2861328125 -0.3275146484375
0.091827392578125 -0.2706298828125 0.3209228515625 -0.66033935546875
-0.0394287109375 -0.313568115234375 -0.08380126953125 -0.64642333984375
-0.0689239501953125 -0.2113037109375 -0.377593994140625 -0.21661376953125
0.0283279418945313 -0.0178050994873047 -0.356842041015625 0.1309814453125
0.059783935546875 0.206756591796875 -0.097259521484375 0.177337646484375
-0.0164947509765625 0.256668090820313 0.0568695068359375 -0.118110656738281
-0.024566650390625 0.210983276367187 -0.0171966552734375 0.1705322265625
0.0560150146484375 0.197219848632812 -0.0435028076171875 -0.153244018554687
0.0519561767578125 0.116432189941406 0.058807373046875 -0.205581665039063
-0.0348739624023438 -0.0683555603027344 0.3675537109375 0.011505126953125
-0.108596801757813 -0.206329345703125 0.489166259765625 0.4049072265625
-0.09039306640625 -0.27801513671875 0.21954345703125 0.6715087890625
0.07354736328125 -0.233428955078125 -0.11212158203125 0.530517578125
0.2265625 -0.138168334960938 -0.105209350585937 0.146087646484375
0.227691650390625 -0.152786254882812 0.249267578125 -0.23077392578125
0.142120361328125 -0.214065551757813 0.4334716796875 -0.58203125
0.0208740234375 -0.274917602539063 0.0831909179687501 -0.6981201171875
-0.0533447265625 -0.21014404296875 -0.33154296875 -0.33306884765625
-0.000202178955078126 -0.0489997863769531 -0.427581787109375 0.0567321777343751
0.028045654296875 0.154830932617188 -0.177017211914063 0.183609008789062
-0.0258941650390625 0.223068237304688 0.02142333984375 -0.0586433410644531
-0.0214767456054687 0.136085510253906 -0.032379150390625 0.215621948242188
0.0310516357421875 0.133148193359375 -0.07891845703125 -0.144760131835938
0.0150985717773437 0.117156982421875 -0.0349273681640625 -0.2298583984375
-0.0223789215087891 -0.000436782836914058 0.291595458984375 -0.0286865234375
-0.0645904541015625 -0.111541748046875 0.500030517578125 0.365936279296875
-0.0597991943359375 -0.19378662109375 0.31317138671875 0.68310546875
0.05255126953125 -0.173843383789063 -0.0729370117187501 0.60198974609375
0.165390014648438 -0.101028442382813 -0.165481567382813 0.205673217773437
0.182525634765625 -0.100494384765625 0.199310302734375 -0.156387329101563
0.139961242675781 -0.137718200683594 0.485504150390625 -0.512176513671875
0.057098388671875 -0.186904907226563 0.19696044921875 -0.7149658203125
-0.0214385986328125 -0.15264892578125 -0.287445068359375 -0.416717529296875
-0.0163688659667969 -0.0421295166015625 -0.469573974609375 -0.00949096679687494
-0.000755310058593752 0.101814270019531 -0.241363525390625 0.185470581054687
-0.0294189453125 0.154571533203125 -0.00956630706787109 -0.0102739334106445
-0.0164127349853516 0.0330467224121094 -0.04547119140625 0.250778198242188
0.00873565673828125 0.0329971313476562 -0.0995864868164062 -0.131507873535156
-0.0364913940429688 0.0688743591308594 -0.0732269287109375 -0.246917724609375
-0.0269012451171875 0.0426673889160156 0.24951171875 -0.05218505859375
-0.0200214385986328 -0.0192031860351563 0.48687744140625 0.349029541015625
-0.00751495361328125 -0.0857086181640625 0.3406982421875 0.70294189453125
0.0416412353515625 -0.0807266235351563 -0.06158447265625 0.65057373046875
0.0799789428710938 -0.0483169555664063 -0.19482421875 0.24310302734375
0.0917816162109375 -0.0461807250976563 0.169647216796875 -0.1156005859375
0.08734130859375 -0.0584487915039063 0.49517822265625 -0.474578857421875
0.0580596923828125 -0.0727310180664062 0.23284912109375 -0.71954345703125
0.0147247314453125 -0.0565299987792969 -0.27325439453125 -0.45196533203125
-0.0184078216552734 -0.00132942199707032 -0.49298095703125 -0.0441589355468749
-0.0164337158203125 0.0516433715820313 -0.277938842773437 0.186843872070313
-0.0294952392578125 0.0741195678710938 -0.0341510772705078 0.0209636688232422
-0.00860595703125001 -0.0839080810546875 -0.0612640380859375 0.263015747070313
-0.01080322265625 -0.0812149047851563 -0.0989151000976563 -0.120162963867187
-0.0845108032226563 -6.10351562499851E-05 -0.0543365478515625 -0.25146484375
-0.0335006713867188 0.0713729858398438 0.261138916015625 -0.05426025390625
0.0221405029296875 0.0707168579101563 0.460845947265625 0.363372802734375
0.0454902648925781 0.029022216796875 0.3046875 0.72332763671875
0.0247707366943359 0.0257148742675781 -0.08587646484375 0.65948486328125
-0.0169134140014648 0.0132808685302734 -0.19171142578125 0.251602172851563
-0.0116586685180664 0.0131635665893555 0.1766357421875 -0.105148315429688
0.0229206085205078 0.0253467559814453 0.470611572265625 -0.476531982421875
0.0497360229492188 0.05218505859375 0.18048095703125 -0.7110595703125
0.0504646301269531 0.055755615234375 -0.306976318359375 -0.430999755859375
-0.0131607055664063 0.047454833984375 -0.50091552734375 -0.035980224609375
-0.0229740142822266 0.000398635864257808 -0.28033447265625 0.191986083984375
-0.0246105194091797 -0.0168685913085937 -0.0422439575195313 0.0329742431640625
-0.00259399414062498 -0.1910400390625 -0.07049560546875 0.250152587890625
-0.027801513671875 -0.175689697265625 -0.076873779296875 -0.110298156738281
-0.108978271484375 -0.0490875244140625 0.0177001953125 -0.239456176757813
-0.0217514038085937 0.106536865234375 0.31353759765625 -0.031341552734375
0.0598297119140625 0.155532836914063 0.41845703125 0.40789794921875
0.0721969604492187 0.137245178222656 0.20880126953125 0.743408203125
-0.0111923217773438 0.122703552246094 -0.13629150390625 0.629150390625
-0.108932495117188 0.07244873046875 -0.153778076171875 0.2281494140625
-0.0918197631835938 0.0839462280273438 0.212844848632813 -0.133819580078125
-0.00896453857421875 0.1204833984375 0.40472412109375 -0.522125244140625
0.0638580322265625 0.172042846679687 0.0445556640624999 -0.68780517578125
0.0872650146484375 0.150497436523438 -0.37847900390625 -0.35211181640625
-0.005859375 0.0748138427734375 -0.4876708984375 0.01068115234375
-0.0286521911621094 -0.0578727722167969 -0.246551513671875 0.201858520507813
-0.0170745849609375 -0.105880737304688 -0.0325508117675781 0.0243492126464844
0.00157165527343748 -0.270401000976563 -0.0722503662109375 0.216506958007813
-0.03582763671875 -0.227508544921875 -0.0303802490234375 -0.109199523925781
-0.0991973876953125 -0.0552978515625 0.123260498046875 -0.214141845703125
0.00955200195312501 0.157638549804688 0.376129150390625 0.022064208984375
0.0804290771484375 0.232955932617187 0.33941650390625 0.476348876953125
0.057037353515625 0.220947265625 0.0604248046874999 0.75067138671875
-0.071319580078125 0.193328857421875 -0.1923828125 0.5623779296875
-0.181289672851563 0.120651245117187 -0.0876617431640625 0.175750732421875
-0.129409790039062 0.158905029296875 0.248626708984375 -0.202117919921875
0.00982666015625 0.212615966796875 0.287353515625 -0.5848388671875
0.105636596679688 0.260696411132813 -0.1397705078125 -0.63214111328125
0.115020751953125 0.198699951171875 -0.44366455078125 -0.237213134765625
-0.00695037841796875 0.0607872009277344 -0.434295654296875 0.0736083984375001
-0.0352859497070313 -0.127685546875 -0.1798095703125 0.206878662109375
-0.010772705078125 -0.182342529296875 -0.0111770629882813 -0.00598716735839845
0.00482177734374997 -0.308197021484375 -0.0614776611328125 0.168075561523437
-0.0281524658203125 -0.23040771484375 0.0405197143554688 -0.117835998535156
-0.0605697631835938 -0.02215576171875 0.236907958984375 -0.1763916015625
0.039794921875 0.213531494140625 0.4095458984375 0.106292724609375
0.0657958984375 0.285125732421875 0.211212158203125 0.553558349609375
-0.000823974609375019 0.26171875 -0.11474609375 0.7325439453125
-0.139450073242188 0.221725463867187 -0.228179931640625 0.47039794921875
-0.223587036132812 0.150588989257813 -0.00395965576171875 0.102569580078125
-0.122589111328125 0.21893310546875 0.25653076171875 -0.29876708984375
0.059326171875 0.272872924804688 0.130126953125 -0.64324951171875
0.14642333984375 0.295501708984375 -0.3160400390625 -0.549957275390625
0.112106323242188 0.194473266601563 -0.46368408203125 -0.121734619140625
-0.0215873718261719 0.00506782531738281 -0.333587646484375 0.127288818359375
-0.0432891845703125 -0.193695068359375 -0.0924835205078125 0.1995849609375
-0.0035400390625 -0.236465454101562 0.0156631469726562 -0.0563774108886719
-0.0206146240234375 0.241134643554688 -0.00309753417968749 0.113677978515625
0.0710906982421875 0.2083740234375 0.0170135498046875 -0.167037963867188
0.0522727966308594 0.0673484802246094 0.185012817382813 -0.186416625976563
-0.0711822509765625 -0.141250610351563 0.4437255859375 0.061004638671875
-0.136093139648437 -0.274368286132813 0.43701171875 0.460540771484375
-0.080810546875 -0.3189697265625 0.08868408203125 0.6552734375
0.104141235351562 -0.253631591796875 -0.151214599609375 0.444061279296875
0.254348754882813 -0.15692138671875 -0.0277328491210937 0.0742416381835937
0.215011596679688 -0.198974609375 0.280792236328125 -0.331756591796875
0.087677001953125 -0.271957397460938 0.30889892578125 -0.66888427734375
-0.04473876953125 -0.31280517578125 -0.0942993164062499 -0.6470947265625
-0.0733795166015625 -0.211135864257813 -0.382171630859375 -0.212066650390625
0.0268783569335938 -0.0191440582275391 -0.356201171875 0.13592529296875
0.06292724609375 0.204483032226562 -0.0944671630859375 0.178970336914063
-0.012420654296875 0.257583618164063 0.0538787841796875 -0.117500305175781
-0.02117919921875 0.212234497070313 -0.0136566162109375 0.17022705078125
0.0583648681640625 0.195755004882813 -0.0461883544921875 -0.153091430664062
0.053375244140625 0.114631652832031 0.0557708740234375 -0.205703735351563
-0.0367507934570313 -0.0677757263183594 0.368499755859375 0.003814697265625
-0.112594604492188 -0.204803466796875 0.4970703125 0.394866943359375
-0.0955963134765625 -0.276718139648438 0.23284912109375 0.67047119140625
0.069183349609375 -0.235198974609375 -0.102752685546875 0.533599853515625
0.225631713867187 -0.140899658203125 -0.10406494140625 0.147552490234375
0.225082397460938 -0.1563720703125 0.244644165039063 -0.23419189453125
0.139022827148438 -0.216537475585937 0.424560546875 -0.58990478515625
0.0157012939453125 -0.275909423828125 0.07086181640625 -0.7025146484375
-0.0578155517578125 -0.209823608398438 -0.33856201171875 -0.3287353515625
-0.00206756591796875 -0.0494194030761719 -0.42755126953125 0.0633544921875001
0.030364990234375 0.153121948242188 -0.173828125 0.186614990234375
-0.02239990234375 0.223434448242187 0.0198287963867188 -0.0583419799804687
-0.0189285278320312 0.137100219726563 -0.028289794921875 0.215499877929688
0.0327606201171875 0.133293151855469 -0.081298828125 -0.1431884765625
0.01727294921875 0.115638732910156 -0.0385284423828125 -0.229080200195313
-0.0227775573730469 -0.000616073608398441 0.29168701171875 -0.034759521484375
-0.0680160522460938 -0.11102294921875 0.508758544921875 0.3551025390625
-0.0639495849609375 -0.192398071289063 0.3245849609375 0.6802978515625
0.0499725341796875 -0.174880981445313 -0.0635375976562501 0.60479736328125
0.163436889648438 -0.104095458984375 -0.162521362304688 0.209396362304687
0.181243896484375 -0.103179931640625 0.195938110351563 -0.160018920898438
0.1375732421875 -0.140029907226563 0.4764404296875 -0.52008056640625
0.054168701171875 -0.1873779296875 0.18487548828125 -0.719970703125
-0.024505615234375 -0.152511596679687 -0.294708251953125 -0.413421630859375
-0.0174942016601562 -0.0422744750976563 -0.47161865234375 -0.00164794921874993
0.000534057617187507 0.100395202636719 -0.239151000976563 0.189468383789063
-0.0270233154296875 0.155136108398438 -0.0101461410522461 -0.00935649871826171
-0.0156936645507813 0.0337924957275391 -0.039947509765625 0.251846313476563
0.00916099548339843 0.0319156646728516 -0.101295471191406 -0.130538940429688
-0.0346221923828125 0.0697402954101563 -0.076568603515625 -0.2462158203125
-0.0264816284179687 0.0431747436523438 0.249740600585938 -0.0574798583984375
-0.0209789276123047 -0.0190601348876953 0.494598388671875 0.339996337890625
-0.00904083251953124 -0.085968017578125 0.354248046875 0.69677734375
0.0402450561523438 -0.0815963745117188 -0.0498046875 0.65185546875
0.0789413452148438 -0.0485610961914062 -0.192413330078125 0.246475219726563
0.0911483764648438 -0.0469284057617188 0.167434692382813 -0.118011474609375
0.0861053466796875 -0.06036376953125 0.48651123046875 -0.4835205078125
0.0569915771484375 -0.0743026733398438 0.2203369140625 -0.7255859375
0.0134696960449219 -0.0572433471679688 -0.28143310546875 -0.449615478515625
-0.0186023712158203 -0.0013885498046875 -0.49420166015625 -0.0368347167968751
-0.0152015686035156 0.0515022277832031 -0.275436401367188 0.190826416015625
-0.0286483764648438 0.0746307373046875 -0.0340766906738281 0.0224170684814453
-0.0106201171875 -0.083221435546875 -0.0550384521484375 0.263656616210938
-0.012542724609375 -0.0816650390625 -0.100997924804688 -0.117576599121094
-0.0828857421875 0.00234222412109376 -0.0573577880859375 -0.249969482421875
-0.0316543579101563 0.0717086791992188 0.26171875 -0.0591278076171875
0.0236358642578125 0.0692977905273438 0.468597412109375 0.355560302734375
0.0455703735351563 0.0282745361328125 0.31866455078125 0.7196044921875
0.0249004364013672 0.0259552001953125 -0.075439453125 0.660888671875
-0.0173435211181641 0.0141563415527344 -0.1883544921875 0.254364013671875
-0.0117025375366211 0.013758659362793 0.173858642578125 -0.108291625976562
0.023162841796875 0.025177001953125 0.461700439453125 -0.486724853515625
0.0501708984375 0.0516891479492188 0.168701171875 -0.71685791015625
0.0510711669921875 0.0549583435058594 -0.31463623046875 -0.4287109375
-0.0118827819824219 0.0482978820800781 -0.503326416015625 -0.0289001464843749
-0.0227870941162109 0.00130462646484375 -0.2781982421875 0.196945190429688
-0.0246658325195313 -0.0159931182861328 -0.0417823791503906 0.0350494384765625
-0.00587463378906249 -0.190093994140625 -0.06512451171875 0.250656127929688
-0.0314178466796875 -0.176055908203125 -0.0778656005859375 -0.109237670898438
-0.109504699707031 -0.0462722778320313 0.0146942138671875 -0.239700317382813
-0.01922607421875 0.10650634765625 0.314544677734375 -0.036712646484375
0.062835693359375 0.154022216796875 0.428070068359375 0.4010009765625
0.07525634765625 0.135025024414063 0.2220458984375 0.74053955078125
-0.0104751586914063 0.123748779296875 -0.1260986328125 0.6329345703125
-0.108833312988281 0.0742645263671875 -0.150390625 0.231338500976563
-0.0919189453125 0.084869384765625 0.210113525390625 -0.138031005859375
-0.00772857666015626 0.120086669921875 0.39483642578125 -0.529541015625
0.0665283203125 0.171157836914062 0.0323486328125 -0.69195556640625
0.0902099609375 0.1484375 -0.3858642578125 -0.34661865234375
-0.00386810302734375 0.076019287109375 -0.48870849609375 0.01708984375
-0.0286827087402344 -0.0574226379394531 -0.24365234375 0.20648193359375
-0.01922607421875 -0.104934692382813 -0.0322322845458984 0.0261211395263672
-0.003814697265625 -0.269775390625 -0.067535400390625 0.217193603515625
-0.0409088134765625 -0.227890014648437 -0.0314254760742188 -0.109611511230469
-0.0990371704101563 -0.0528640747070313 0.119949340820312 -0.216064453125
0.0129241943359375 0.15740966796875 0.3770751953125 0.015228271484375
0.08477783203125 0.23077392578125 0.350830078125 0.470367431640625
0.0612030029296875 0.219284057617188 0.07391357421875 0.75213623046875
-0.0686798095703125 0.194854736328125 -0.1827392578125 0.56646728515625
-0.181350708007812 0.124374389648438 -0.0841217041015625 0.177383422851563
-0.127410888671875 0.16094970703125 0.244659423828125 -0.205642700195313
0.0126190185546875 0.21221923828125 0.27850341796875 -0.59173583984375
0.10986328125 0.258697509765625 -0.1500244140625 -0.63104248046875
0.118637084960938 0.19732666015625 -0.448944091796875 -0.23052978515625
-0.0049285888671875 0.0602378845214844 -0.434814453125 0.08074951171875
-0.0380401611328125 -0.12579345703125 -0.175567626953125 0.210296630859375
-0.0142822265625 -0.181976318359375 -0.0112133026123047 -0.00429248809814454
-0.00115966796875 -0.3077392578125 -0.0583343505859375 0.168930053710938
-0.032928466796875 -0.229873657226562 0.0387420654296875 -0.118461608886719
-0.0605087280273437 -0.0205841064453125 0.234359741210937 -0.179580688476562
0.045135498046875 0.21270751953125 0.41204833984375 0.0987548828125
0.071075439453125 0.2840576171875 0.22265625 0.550689697265625
0.00360107421875 0.261474609375 -0.1007080078125 0.73699951171875
-0.13720703125 0.224884033203125 -0.218841552734375 0.475830078125
-0.223159790039062 0.154922485351563 -0.00186157226562501 0.1031494140625
-0.1192626953125 0.22064208984375 0.2525634765625 -0.30364990234375
0.0638275146484375 0.271377563476563 0.120361328125 -0.64501953125
0.151153564453125 0.29315185546875 -0.326507568359375 -0.5458984375
0.116867065429688 0.191818237304688 -0.465301513671875 -0.116546630859375
-0.0211582183837891 0.0055999755859375 -0.332550048828125 0.132598876953125
-0.04656982421875 -0.192657470703125 -0.0894775390625 0.202102661132813
-0.00886535644531253 -0.236328125 0.0152702331542969 -0.0555686950683594
-0.01483154296875 0.2420654296875 3.05175781249916E-05 0.1129150390625
0.0731353759765625 0.205917358398438 0.0144500732421875 -0.1676025390625
0.0527610778808594 0.06610107421875 0.182586669921875 -0.189285278320313
-0.0746612548828125 -0.139724731445313 0.44366455078125 0.053436279296875
-0.141204833984375 -0.271957397460938 0.444122314453125 0.451141357421875
-0.0858154296875 -0.31756591796875 0.1005859375 0.65423583984375
0.100662231445313 -0.254013061523438 -0.144134521484375 0.445465087890625
0.25372314453125 -0.15960693359375 -0.0266571044921875 0.0739212036132812
0.212738037109375 -0.20147705078125 0.273712158203125 -0.335479736328125
0.0832061767578125 -0.272613525390625 0.2978515625 -0.67236328125
-0.0489501953125 -0.311553955078125 -0.10614013671875 -0.644775390625
-0.0771484375 -0.209793090820312 -0.386566162109375 -0.2071533203125
0.0256519317626953 -0.020538330078125 -0.353607177734375 0.140777587890625
0.065338134765625 0.201736450195313 -0.091796875 0.180633544921875
-0.00827026367187499 0.257415771484375 0.0519485473632813 -0.116584777832031
-0.0180511474609375 0.213790893554688 -0.00953674316406251 0.169082641601562
0.060821533203125 0.19403076171875 -0.0480804443359375 -0.15313720703125
0.0548782348632812 0.113807678222656 0.0534515380859375 -0.20672607421875
-0.0389556884765625 -0.0675811767578125 0.368255615234375 -0.002410888671875
-0.115982055664063 -0.203598022460938 0.503448486328125 0.386474609375
-0.100006103515625 -0.275405883789063 0.24432373046875 0.66656494140625
0.066375732421875 -0.23553466796875 -0.0938720703125 0.535125732421875
0.2242431640625 -0.1434326171875 -0.102493286132813 0.149139404296875
0.2235107421875 -0.15887451171875 0.240798950195312 -0.237014770507812
0.135635375976562 -0.217391967773438 0.41510009765625 -0.59716796875
0.0115509033203125 -0.274810791015625 0.0578613281249999 -0.703857421875
-0.0615234375 -0.208786010742188 -0.346099853515625 -0.324981689453125
-0.0038299560546875 -0.050079345703125 -0.427093505859375 0.0694580078124999
0.0323944091796875 0.151336669921875 -0.171539306640625 0.189498901367188
-0.0190887451171875 0.224090576171875 0.0179901123046875 -0.0572776794433594
-0.0159530639648437 0.137847900390625 -0.022674560546875 0.214569091796875
0.0339202880859375 0.13177490234375 -0.0823211669921875 -0.143112182617187
0.0190887451171875 0.115432739257813 -0.04107666015625 -0.22796630859375
-0.0233230590820313 0.000160217285156251 0.29180908203125 -0.040374755859375
-0.0695419311523438 -0.1104736328125 0.51434326171875 0.345367431640625
-0.0667877197265625 -0.1922607421875 0.3369140625 0.6751708984375
0.0462493896484375 -0.175186157226563 -0.05267333984375 0.6064453125
0.162765502929688 -0.10516357421875 -0.160247802734375 0.211807250976562
0.179412841796875 -0.10577392578125 0.193527221679688 -0.162261962890625
0.135452270507813 -0.1416015625 0.46734619140625 -0.528289794921875
0.0507965087890625 -0.188186645507813 0.17144775390625 -0.72418212890625
-0.0272064208984375 -0.153076171875 -0.30230712890625 -0.41094970703125
-0.0188446044921875 -0.0426673889160156 -0.47161865234375 0.00469970703125006
0.00154113769531251 0.0997467041015625 -0.236663818359375 0.193832397460938
-0.024200439453125 0.15631103515625 -0.0105876922607422 -0.00816726684570311
-0.015533447265625 0.0354499816894531 -0.03515625 0.250350952148438
0.00895118713378907 0.0308723449707031 -0.103057861328125 -0.128433227539063
-0.0328865051269531 0.0699539184570313 -0.0794830322265625 -0.243408203125
-0.0256538391113281 0.0432853698730469 0.249984741210938 -0.0619659423828125
-0.0218467712402344 -0.0201320648193359 0.502655029296875 0.3311767578125
-0.0109939575195312 -0.0867233276367188 0.3677978515625 0.691650390625
0.038421630859375 -0.0815658569335938 -0.04010009765625 0.65301513671875
0.0787429809570313 -0.0495147705078125 -0.18853759765625 0.249557495117187
0.0898818969726563 -0.04852294921875 0.165145874023438 -0.120513916015625
0.0854415893554688 -0.0615234375 0.476959228515625 -0.491302490234375
0.0554351806640625 -0.0750579833984375 0.206787109375 -0.7298583984375
0.0127143859863281 -0.0575294494628906 -0.289642333984375 -0.4462890625
-0.0182342529296875 -0.00116539001464844 -0.495330810546875 -0.028717041015625
-0.0142784118652344 0.0515060424804687 -0.272048950195313 0.195343017578125
-0.0281600952148438 0.0757980346679688 -0.033721923828125 0.0236148834228516
-0.01239013671875 -0.081573486328125 -0.04974365234375 0.263336181640625
-0.0149307250976563 -0.0819015502929688 -0.101387023925781 -0.115310668945312
-0.0833587646484375 0.0037841796875 -0.0600738525390625 -0.248336791992187
-0.0302581787109375 0.0726242065429687 0.259658813476563 -0.0655517578125
0.0244483947753906 0.0676841735839844 0.476043701171875 0.345947265625
0.0460624694824219 0.0259742736816406 0.32891845703125 0.71246337890625
0.0247898101806641 0.0252666473388672 -0.0646362304687499 0.66119384765625
-0.0175018310546875 0.0146408081054688 -0.185348510742187 0.257980346679688
-0.0124387741088867 0.0140676498413086 0.172256469726563 -0.110458374023438
0.0228137969970703 0.0243587493896484 0.45355224609375 -0.493377685546875
0.0512504577636719 0.0507469177246094 0.15618896484375 -0.72125244140625
0.0531997680664063 0.0535316467285156 -0.3218994140625 -0.423065185546875
-0.0109710693359375 0.0482635498046875 -0.505218505859375 -0.02166748046875
-0.0232582092285156 0.00217819213867188 -0.275466918945313 0.2010498046875
-0.0263481140136719 -0.01544189453125 -0.0407295227050781 0.0363731384277344
-0.00997924804687501 -0.189178466796875 -0.06048583984375 0.250946044921875
-0.0345458984375 -0.17547607421875 -0.0784988403320312 -0.107223510742188
-0.109596252441406 -0.0436935424804687 0.0106048583984375 -0.239059448242188
-0.0167236328125 0.107070922851562 0.31365966796875 -0.042572021484375
0.0651092529296875 0.151901245117188 0.434661865234375 0.39324951171875
0.077056884765625 0.132484436035156 0.235107421875 0.73553466796875
-0.00867462158203126 0.123764038085938 -0.115234375 0.6356201171875
-0.107887268066406 0.0766525268554687 -0.147735595703125 0.233657836914063
-0.0918350219726562 0.0864028930664063 0.207229614257813 -0.141250610351563
-0.00565338134765624 0.119384765625 0.386932373046875 -0.537017822265625
0.0699310302734375 0.170089721679688 0.020263671875 -0.693603515625
0.092742919921875 0.146575927734375 -0.39031982421875 -0.343475341796875
-0.002838134765625 0.0753631591796875 -0.489288330078125 0.0255737304687499
-0.0299911499023437 -0.0567893981933594 -0.240203857421875 0.210662841796875
-0.0215072631835938 -0.103401184082031 -0.0324573516845703 0.0276851654052734
-0.00848388671875002 -0.268157958984375 -0.063079833984375 0.217849731445312
-0.0441131591796875 -0.2261962890625 -0.0319671630859375 -0.108940124511719
-0.0992279052734375 -0.0505218505859375 0.11663818359375 -0.216537475585938
0.0164031982421875 0.157272338867188 0.377471923828125 0.00836181640625001
0.0890045166015625 0.228530883789063 0.360076904296875 0.4644775390625
0.06427001953125 0.217391967773438 0.0883178710937499 0.7508544921875
-0.0662994384765625 0.195770263671875 -0.1727294921875 0.56982421875
-0.179718017578125 0.127304077148438 -0.0823211669921875 0.179351806640625
-0.125228881835937 0.1624755859375 0.242233276367188 -0.210128784179688
0.016265869140625 0.210357666015625 0.26654052734375 -0.5960693359375
0.1148681640625 0.256591796875 -0.16217041015625 -0.6304931640625
0.122711181640625 0.194915771484375 -0.45166015625 -0.223846435546875
-0.00335693359375 0.0613174438476563 -0.43365478515625 0.0870666503906249
-0.0400543212890625 -0.125053405761719 -0.173477172851563 0.213607788085938
-0.01800537109375 -0.181259155273438 -0.0112199783325195 -0.00385475158691407
-0.00698852539062503 -0.306976318359375 -0.0543060302734375 0.169281005859375
-0.0364532470703125 -0.229660034179688 0.0377960205078125 -0.11883544921875
-0.0601158142089844 -0.0187454223632813 0.2318115234375 -0.1832275390625
0.049774169921875 0.211837768554688 0.4132080078125 0.091583251953125
0.076263427734375 0.2818603515625 0.232452392578125 0.5472412109375
0.00866699218750002 0.260650634765625 -0.08843994140625 0.7376708984375
-0.13385009765625 0.227310180664062 -0.21173095703125 0.4798583984375
-0.221115112304688 0.159622192382813 -0.000343322753906274 0.1038818359375
-0.11688232421875 0.221420288085938 0.2474365234375 -0.30712890625
0.067047119140625 0.269744873046875 0.10858154296875 -0.6488037109375
0.156768798828125 0.289825439453125 -0.33514404296875 -0.5408935546875
0.120513916015625 0.189804077148437 -0.46728515625 -0.108612060546875
-0.0197658538818359 0.00623512268066406 -0.33074951171875 0.1380615234375
-0.049072265625 -0.191818237304688 -0.0861663818359375 0.202911376953125
-0.0128631591796875 -0.235824584960938 0.013916015625 -0.0543670654296875
-0.011138916015625 0.24237060546875 0.00174713134765626 0.110565185546875
0.0758209228515625 0.203842163085938 0.012176513671875 -0.167678833007813
0.0533905029296875 0.0648117065429688 0.180099487304688 -0.191268920898438
-0.07757568359375 -0.138656616210937 0.444915771484375 0.04608154296875
-0.145355224609375 -0.269424438476563 0.450714111328125 0.442718505859375
-0.0906982421875 -0.314788818359375 0.10968017578125 0.65167236328125
0.096771240234375 -0.25390625 -0.13677978515625 0.448272705078125
0.252288818359375 -0.162094116210937 -0.0253524780273437 0.0741729736328125
0.209930419921875 -0.203948974609375 0.268798828125 -0.33856201171875
0.079193115234375 -0.272781372070313 0.2847900390625 -0.6754150390625
-0.054473876953125 -0.309295654296875 -0.11773681640625 -0.64483642578125
-0.0808868408203125 -0.208038330078125 -0.390411376953125 -0.201629638671875
0.0239601135253906 -0.0216255187988281 -0.350799560546875 0.14544677734375
0.0677032470703125 0.198379516601563 -0.0897979736328125 0.1820068359375
-0.00419616699218749 0.257247924804688 0.0501251220703125 -0.115966796875
-0.0139312744140625 0.21417236328125 -0.00659179687499999 0.1671142578125
0.063201904296875 0.192962646484375 -0.0497589111328125 -0.152374267578125
0.0563201904296875 0.111976623535156 0.0506134033203125 -0.206619262695313
-0.04071044921875 -0.0670242309570313 0.36846923828125 -0.0091552734375
-0.120681762695312 -0.201461791992188 0.509368896484375 0.37750244140625
-0.103469848632812 -0.27264404296875 0.25433349609375 0.6622314453125
0.062347412109375 -0.235366821289063 -0.0855407714843751 0.535430908203125
0.22216796875 -0.1456298828125 -0.0999908447265625 0.150741577148438
0.220809936523437 -0.161407470703125 0.236648559570313 -0.240432739257813
0.13232421875 -0.218963623046875 0.40362548828125 -0.60321044921875
0.00738525390624999 -0.274383544921875 0.0463256835937501 -0.7034912109375
-0.064849853515625 -0.20697021484375 -0.35015869140625 -0.3212890625
-0.0057220458984375 -0.0506591796875 -0.425506591796875 0.074676513671875
0.03387451171875 0.149322509765625 -0.168655395507813 0.1915283203125
-0.015411376953125 0.224822998046875 0.0168190002441406 -0.0564613342285156
-0.0144805908203125 0.139244079589844 -0.019134521484375 0.212493896484375
0.0354690551757813 0.129951477050781 -0.08404541015625 -0.141448974609375
0.0213851928710938 0.114837646484375 -0.0438232421875 -0.225921630859375
-0.0240383148193359 0.000513076782226559 0.290740966796875 -0.045501708984375
-0.0718460083007812 -0.10992431640625 0.51983642578125 0.336029052734375
-0.0699920654296875 -0.190475463867188 0.34820556640625 0.6678466796875
0.0433197021484375 -0.1744384765625 -0.0439453125 0.6058349609375
0.160903930664063 -0.107162475585938 -0.15716552734375 0.21380615234375
0.17791748046875 -0.107711791992188 0.189559936523438 -0.163864135742188
0.132843017578125 -0.142379760742188 0.45648193359375 -0.53387451171875
0.048309326171875 -0.18841552734375 0.15740966796875 -0.7266845703125
-0.0294189453125 -0.152938842773438 -0.30859375 -0.40625
-0.0190963745117188 -0.0423583984375 -0.47113037109375 0.011322021484375
0.00320434570312499 0.0991363525390625 -0.233078002929688 0.1968994140625
-0.021636962890625 0.156356811523438 -0.0106906890869141 -0.00689315795898437
-0.0154380798339844 0.036376953125 -0.02996826171875 0.2496337890625
0.00852584838867188 0.0308494567871094 -0.103935241699219 -0.127311706542969
-0.0318145751953125 0.0707931518554688 -0.0827789306640625 -0.2412109375
-0.0251007080078125 0.0433006286621094 0.249176025390625 -0.0665740966796875
-0.0227413177490234 -0.0200843811035156 0.506744384765625 0.321136474609375
-0.01239013671875 -0.0871810913085938 0.37921142578125 0.68365478515625
0.036956787109375 -0.0818634033203125 -0.0299072265625 0.6519775390625
0.0773696899414062 -0.0499420166015625 -0.18597412109375 0.25244140625
0.088897705078125 -0.0493087768554687 0.1627197265625 -0.12200927734375
0.0834503173828125 -0.0627288818359375 0.467376708984375 -0.497955322265625
0.0545806884765625 -0.0756607055664063 0.19384765625 -0.73199462890625
0.0122108459472656 -0.0582084655761719 -0.29693603515625 -0.442108154296875
-0.0187282562255859 -0.00118255615234375 -0.49517822265625 -0.0231628417968751
-0.0139389038085937 0.0509529113769531 -0.268997192382813 0.198379516601562
-0.0271072387695312 0.0757522583007813 -0.0333518981933594 0.0253791809082031
-0.01483154296875 -0.079986572265625 -0.04473876953125 0.262588500976563
-0.0173416137695312 -0.0822830200195313 -0.102043151855469 -0.114410400390625
-0.0826034545898438 0.0052337646484375 -0.0634918212890625 -0.246185302734375
-0.0288467407226563 0.0724563598632813 0.258697509765625 -0.0695648193359375
0.0253219604492188 0.0668563842773438 0.47979736328125 0.3377685546875
0.0462837219238281 0.0242729187011719 0.34283447265625 0.7069091796875
0.0248317718505859 0.0247344970703125 -0.0546875 0.6617431640625
-0.0176620483398437 0.0152931213378906 -0.181915283203125 0.260482788085938
-0.0126609802246094 0.0139846801757813 0.169448852539062 -0.1123046875
0.0227146148681641 0.0242538452148437 0.443878173828125 -0.500274658203125
0.0520133972167969 0.0495529174804688 0.1441650390625 -0.72222900390625
0.0533866882324219 0.0522308349609375 -0.32769775390625 -0.420166015625
-0.00925445556640625 0.0477638244628906 -0.50433349609375 -0.01422119140625
-0.0227813720703125 0.00181198120117188 -0.271591186523438 0.205551147460937
-0.026275634765625 -0.0141029357910156 -0.0406417846679688 0.0375289916992187
-0.013580322265625 -0.187698364257813 -0.0547637939453125 0.25042724609375
-0.0389556884765625 -0.174652099609375 -0.0790252685546875 -0.105857849121094
-0.108749389648438 -0.0421295166015625 0.00730895996093749 -0.237442016601562
-0.0141754150390625 0.106689453125 0.31243896484375 -0.048126220703125
0.068145751953125 0.149734497070313 0.44207763671875 0.38385009765625
0.078887939453125 0.130020141601563 0.24755859375 0.73162841796875
-0.007171630859375 0.123695373535156 -0.107177734375 0.63751220703125
-0.107688903808594 0.0788116455078125 -0.143966674804687 0.23565673828125
-0.0900115966796875 0.0872039794921875 0.204345703125 -0.143829345703125
-0.00446319580078125 0.118560791015625 0.37713623046875 -0.5421142578125
0.0717010498046875 0.16796875 0.00964355468749999 -0.69287109375
0.095367431640625 0.14453125 -0.394927978515625 -0.3372802734375
-0.001190185546875 0.0757369995117188 -0.488037109375 0.0330810546874999
-0.0306587219238281 -0.0560302734375 -0.2373046875 0.214202880859375
-0.0233230590820313 -0.10247802734375 -0.03143310546875 0.0286598205566406
-0.0132598876953125 -0.266586303710938 -0.0583648681640625 0.217208862304688
-0.0484619140625 -0.225875854492188 -0.0329971313476563 -0.107925415039063
-0.0987396240234375 -0.0483856201171875 0.11328125 -0.217437744140625
0.0205078125 0.156097412109375 0.37677001953125 0.00170898437500001
0.092620849609375 0.225250244140625 0.36724853515625 0.458160400390625
0.068115234375 0.213851928710938 0.1005859375 0.748779296875
-0.0644683837890625 0.1966552734375 -0.16375732421875 0.57275390625
-0.17877197265625 0.130889892578125 -0.07916259765625 0.17999267578125
-0.123504638671875 0.16400146484375 0.237594604492188 -0.21307373046875
0.018829345703125 0.209060668945313 0.2578125 -0.6004638671875
0.118377685546875 0.253768920898438 -0.1724853515625 -0.6285400390625
0.126953125 0.192535400390625 -0.4554443359375 -0.218597412109375
-0.00209426879882813 0.0608558654785156 -0.432373046875 0.0942382812499999
-0.0418167114257813 -0.123703002929687 -0.169418334960937 0.216339111328125
-0.0214691162109375 -0.1795654296875 -0.0118207931518555 -0.00291156768798829
-0.012908935546875 -0.303680419921875 -0.0509796142578125 0.168777465820312
-0.041229248046875 -0.22869873046875 0.03656005859375 -0.11981201171875
-0.0578689575195313 -0.0179901123046875 0.22833251953125 -0.185516357421875
0.0540313720703125 0.210983276367187 0.413909912109375 0.0848388671875
0.081085205078125 0.279052734375 0.241485595703125 0.5416259765625
0.012725830078125 0.259140014648438 -0.07415771484375 0.73809814453125
-0.1304931640625 0.228729248046875 -0.203277587890625 0.48126220703125
-0.219650268554687 0.162506103515625 0.001251220703125 0.102302551269531
-0.11376953125 0.223175048828125 0.243011474609375 -0.310455322265625
0.0714111328125 0.26666259765625 0.09912109375 -0.6494140625
0.161407470703125 0.287384033203125 -0.343505859375 -0.535400390625
0.124267578125 0.187179565429688 -0.469757080078125 -0.103790283203125
-0.0183601379394531 0.00670433044433594 -0.32891845703125 0.143341064453125
-0.0519561767578125 -0.1900634765625 -0.0834197998046875 0.205459594726563
-0.016754150390625 -0.234130859375 0.0130844116210938 -0.0535507202148438
-0.00749206542968751 0.24200439453125 0.00406646728515624 0.108848571777344
0.0774078369140625 0.201400756835938 0.00952148437500001 -0.168167114257812
0.0528984069824219 0.0623245239257813 0.1768798828125 -0.192337036132813
-0.0798416137695313 -0.136894226074219 0.443572998046875 0.03961181640625
-0.14923095703125 -0.266754150390625 0.454864501953125 0.43310546875
-0.094940185546875 -0.312255859375 0.1201171875 0.6497802734375
0.0936737060546875 -0.253982543945313 -0.128814697265625 0.44903564453125
0.249359130859375 -0.16448974609375 -0.02423095703125 0.0746994018554687
0.206985473632813 -0.205642700195313 0.26318359375 -0.339599609375
0.0755767822265625 -0.272201538085938 0.2762451171875 -0.6778564453125
-0.058563232421875 -0.307342529296875 -0.1275634765625 -0.64117431640625
-0.0843658447265625 -0.206649780273437 -0.391845703125 -0.197540283203125
0.0217781066894531 -0.0220603942871094 -0.34869384765625 0.149383544921875
0.070037841796875 0.195236206054688 -0.0871734619140625 0.1817626953125
-0.000961303710937484 0.256744384765625 0.0477523803710937 -0.114959716796875
-0.0104827880859375 0.214431762695312 -0.00425720214843752 0.1654052734375
0.0650634765625 0.190536499023438 -0.0511474609375 -0.151168823242188
0.0571746826171875 0.1097412109375 0.048431396484375 -0.206710815429687
-0.0425071716308594 -0.06597900390625 0.366180419921875 -0.0147705078125
-0.123977661132812 -0.198974609375 0.51348876953125 0.367584228515625
-0.108169555664063 -0.26922607421875 0.262451171875 0.65618896484375
0.058868408203125 -0.234756469726563 -0.077972412109375 0.53521728515625
0.219650268554687 -0.147445678710937 -0.09796142578125 0.151412963867188
0.2186279296875 -0.163406372070313 0.231781005859375 -0.242141723632813
0.129058837890625 -0.2188720703125 0.392822265625 -0.60498046875
0.00395202636718752 -0.272308349609375 0.035888671875 -0.70166015625
-0.067535400390625 -0.205703735351563 -0.353759765625 -0.316314697265625
-0.0073699951171875 -0.0504608154296875 -0.423583984375 0.0794067382812501
0.0355377197265625 0.14739990234375 -0.165679931640625 0.194244384765625
-0.0117950439453125 0.223846435546875 0.0160751342773438 -0.0553932189941406
-0.0116653442382813 0.139617919921875 -0.0150604248046875 0.210708618164063
0.0365982055664063 0.128913879394531 -0.0848388671875 -0.140419006347656
0.0226058959960938 0.113777160644531 -0.0459747314453125 -0.224533081054688
-0.0248470306396484 3.43322753906245E-05 0.2891845703125 -0.050384521484375
-0.0742645263671875 -0.109489440917969 0.52227783203125 0.32568359375
-0.0717010498046875 -0.18890380859375 0.35809326171875 0.6617431640625
0.040924072265625 -0.17431640625 -0.0356445312499999 0.60443115234375
0.159881591796875 -0.107528686523437 -0.154647827148438 0.21563720703125
0.175186157226563 -0.109161376953125 0.186279296875 -0.165634155273437
0.130325317382813 -0.143905639648438 0.447174072265625 -0.539642333984375
0.045745849609375 -0.187637329101563 0.14715576171875 -0.72784423828125
-0.03082275390625 -0.151626586914063 -0.31304931640625 -0.4027099609375
-0.0206146240234375 -0.0419654846191406 -0.47039794921875 0.016693115234375
0.00425720214843751 0.097930908203125 -0.2301025390625 0.1990966796875
-0.020050048828125 0.156280517578125 -0.0107326507568359 -0.00576114654541015
-0.0146446228027344 0.0369224548339844 -0.0251312255859375 0.248016357421875
0.00897789001464844 0.0302314758300781 -0.104377746582031 -0.125297546386719
-0.0296478271484375 0.0708694458007813 -0.08502197265625 -0.237838745117188
-0.0238151550292969 0.0438079833984375 0.2469482421875 -0.0712127685546875
-0.0231227874755859 -0.02008056640625 0.5106201171875 0.31182861328125
-0.013031005859375 -0.087158203125 0.38739013671875 0.67718505859375
0.0350112915039063 -0.0817031860351563 -0.020751953125 0.65155029296875
0.0764236450195313 -0.0503921508789062 -0.182525634765625 0.25372314453125
0.087921142578125 -0.0501937866210938 0.159652709960938 -0.123565673828125
0.08221435546875 -0.0635299682617188 0.4591064453125 -0.50347900390625
0.0537796020507813 -0.0760498046875 0.18402099609375 -0.7333984375
0.0111885070800781 -0.0585556030273438 -0.30224609375 -0.438201904296875
-0.018890380859375 -0.000640869140624998 -0.494781494140625 -0.0175170898437499
-0.0129776000976562 0.0507164001464844 -0.265853881835938 0.201553344726563
-0.0260772705078125 0.0768508911132812 -0.0326919555664062 0.0262222290039063
-0.0154266357421875 -0.0791168212890625 -0.0397491455078125 0.261474609375
-0.0188140869140625 -0.0814208984375 -0.102218627929688 -0.11181640625
-0.08111572265625 0.00710296630859376 -0.0658721923828125 -0.243194580078125
-0.0278396606445313 0.0729293823242188 0.258255004882813 -0.07427978515625
0.026092529296875 0.0656471252441406 0.486297607421875 0.32965087890625
0.0460090637207031 0.0230712890625 0.3515625 0.69854736328125
0.0243034362792969 0.0247058868408203 -0.0451049804687499 0.66119384765625
-0.0179882049560547 0.0156269073486328 -0.177459716796875 0.26202392578125
-0.0134515762329102 0.0136489868164063 0.167007446289063 -0.114120483398438
0.0225162506103516 0.0229759216308594 0.434722900390625 -0.50579833984375
0.0530509948730469 0.0488052368164063 0.13348388671875 -0.72283935546875
0.0541648864746094 0.0511436462402344 -0.333526611328125 -0.415283203125
-0.00857925415039063 0.0475845336914063 -0.504119873046875 -0.00854492187500006
-0.0228862762451172 0.00217056274414063 -0.268264770507812 0.208511352539063
-0.0263710021972656 -0.0128555297851563 -0.0399360656738281 0.0391082763671875
-0.0163421630859375 -0.186172485351562 -0.049957275390625 0.25
-0.0409393310546875 -0.173858642578125 -0.07958984375 -0.104637145996094
-0.107925415039062 -0.039703369140625 0.004730224609375 -0.236221313476562
-0.0119705200195313 0.106697082519531 0.311737060546875 -0.053680419921875
0.0694122314453125 0.147048950195313 0.44781494140625 0.37664794921875
0.0807113647460938 0.1278076171875 0.25726318359375 0.72552490234375
-0.00650024414062499 0.123390197753906 -0.0969848632812499 0.635986328125
-0.106887817382813 0.0810470581054687 -0.140609741210937 0.236572265625
-0.08935546875 0.0880661010742188 0.20098876953125 -0.1456298828125
-0.00384521484375001 0.118232727050781 0.367095947265625 -0.545562744140625
0.073486328125 0.166000366210938 -0.00274658203125004 -0.691162109375
0.0978851318359375 0.142120361328125 -0.399383544921875 -0.331207275390625
0.00128173828125 0.07501220703125 -0.486083984375 0.0391540527343749
-0.0313186645507813 -0.0557365417480469 -0.233810424804687 0.216842651367187
-0.0251388549804688 -0.100723266601563 -0.0310344696044922 0.0306110382080078
-0.0177154541015625 -0.2637939453125 -0.054168701171875 0.21624755859375
-0.0525054931640625 -0.22418212890625 -0.03375244140625 -0.107078552246094
-0.097198486328125 -0.0466461181640625 0.110748291015625 -0.218048095703125
0.0234832763671875 0.155563354492188 0.376007080078125 -0.00411987304687499
0.0954437255859375 0.222763061523437 0.37255859375 0.451446533203125
0.0704498291015625 0.211654663085938 0.11138916015625 0.744140625
-0.061370849609375 0.196685791015625 -0.15484619140625 0.57232666015625
-0.177261352539062 0.133392333984375 -0.0763397216796875 0.18072509765625
-0.121932983398437 0.164749145507812 0.23309326171875 -0.215286254882813
0.0206756591796875 0.2076416015625 0.24884033203125 -0.6014404296875
0.12127685546875 0.25152587890625 -0.1798095703125 -0.62298583984375
0.129531860351562 0.18975830078125 -0.45574951171875 -0.213531494140625
-0.000148773193359373 0.06048583984375 -0.4288330078125 0.0990905761718751
-0.0431900024414063 -0.12286376953125 -0.166534423828125 0.217941284179687
-0.02392578125 -0.17742919921875 -0.0113916397094727 -0.00119972229003907
-0.017425537109375 -0.3017578125 -0.0472869873046875 0.167953491210937
-0.0447235107421875 -0.22698974609375 0.0353012084960938 -0.12005615234375
-0.0566940307617188 -0.0163307189941406 0.225616455078125 -0.186859130859375
0.0579376220703125 0.20953369140625 0.413909912109375 0.07745361328125
0.0847930908203125 0.276092529296875 0.249847412109375 0.53778076171875
0.016021728515625 0.2564697265625 -0.0639648437500001 0.73681640625
-0.127182006835938 0.230239868164063 -0.1956787109375 0.48211669921875
-0.217453002929688 0.165679931640625 0.00268554687499999 0.1029052734375
-0.111236572265625 0.223678588867188 0.2374267578125 -0.31292724609375
0.074310302734375 0.263992309570313 0.08868408203125 -0.648193359375
0.164581298828125 0.28289794921875 -0.350311279296875 -0.52935791015625
0.127197265625 0.184173583984375 -0.468963623046875 -0.0967712402343749
-0.0172004699707031 0.00644874572753906 -0.326385498046875 0.146697998046875
-0.05462646484375 -0.188064575195313 -0.0803680419921875 0.205612182617188
-0.0210418701171875 -0.23193359375 0.0116462707519531 -0.0524864196777344
-0.00405883789062497 0.241485595703125 0.00559234619140624 0.106796264648438
0.078765869140625 0.198715209960938 0.008331298828125 -0.1683349609375
0.0523834228515625 0.0611114501953125 0.175003051757812 -0.19384765625
-0.0824050903320313 -0.134857177734375 0.44195556640625 0.033905029296875
-0.153228759765625 -0.263275146484375 0.459228515625 0.4249267578125
-0.09796142578125 -0.309051513671875 0.126708984375 0.6453857421875
0.091064453125 -0.253036499023438 -0.123748779296875 0.447723388671875
0.24749755859375 -0.165313720703125 -0.0232009887695312 0.0750961303710937
0.204147338867187 -0.206039428710937 0.257598876953125 -0.34100341796875
0.07232666015625 -0.271347045898438 0.2674560546875 -0.67633056640625
-0.061798095703125 -0.30377197265625 -0.13580322265625 -0.63775634765625
-0.0861663818359375 -0.204666137695313 -0.39373779296875 -0.193511962890625
0.0206336975097656 -0.0229396820068359 -0.3460693359375 0.15228271484375
0.07073974609375 0.192794799804688 -0.084625244140625 0.182830810546875
0.00251770019531249 0.255279541015625 0.0460968017578125 -0.113258361816406
-0.00735473632812498 0.21319580078125 -0.00138854980468752 0.16302490234375
0.065948486328125 0.187835693359375 -0.05255126953125 -0.151092529296875
0.0580062866210937 0.108329772949219 0.0469970703125 -0.20556640625
-0.0441207885742187 -0.0651397705078125 0.36407470703125 -0.01873779296875
-0.127105712890625 -0.197174072265625 0.515594482421875 0.359375
-0.110885620117188 -0.266937255859375 0.27008056640625 0.65118408203125
0.056884765625 -0.232894897460938 -0.071014404296875 0.53350830078125
0.217926025390625 -0.1485595703125 -0.0960540771484375 0.151885986328125
0.216217041015625 -0.16455078125 0.227279663085938 -0.244110107421875
0.125961303710938 -0.219772338867188 0.38336181640625 -0.60699462890625
0.000915527343749979 -0.271011352539063 0.02587890625 -0.70123291015625
-0.0703125 -0.20489501953125 -0.357879638671875 -0.31231689453125
-0.00857925415039062 -0.0507011413574219 -0.4215087890625 0.0837402343750001
0.0367279052734375 0.145523071289063 -0.163070678710938 0.194198608398438
-0.00920104980468749 0.222549438476563 0.0153465270996094 -0.0539321899414062
-0.01025390625 0.139144897460938 -0.0117950439453125 0.209274291992188
0.03680419921875 0.127471923828125 -0.0849151611328125 -0.138618469238281
0.02374267578125 0.112052917480469 -0.047149658203125 -0.221755981445312
-0.0252552032470703 0.00118255615234375 0.28753662109375 -0.054779052734375
-0.075927734375 -0.107925415039063 0.525146484375 0.317169189453125
-0.07470703125 -0.188003540039063 0.36431884765625 0.6544189453125
0.0386199951171875 -0.17291259765625 -0.0283203125 0.60260009765625
0.158157348632813 -0.10845947265625 -0.152374267578125 0.215896606445312
0.174285888671875 -0.110336303710937 0.183029174804688 -0.1668701171875
0.127487182617188 -0.1439208984375 0.43927001953125 -0.542388916015625
0.0437164306640625 -0.1871337890625 0.1383056640625 -0.7271728515625
-0.0330810546875 -0.151092529296875 -0.31658935546875 -0.399322509765625
-0.0217170715332031 -0.0421218872070313 -0.468231201171875 0.0209960937499999
0.00557708740234375 0.096435546875 -0.227081298828125 0.200424194335937
-0.0186004638671875 0.15625 -0.0105180740356445 -0.00501632690429687
-0.0141944885253906 0.0382766723632813 -0.021484375 0.245681762695313
0.00754928588867187 0.0289859771728516 -0.104324340820313 -0.123115539550781
-0.0279464721679688 0.0704803466796875 -0.085968017578125 -0.23577880859375
-0.024505615234375 0.0445594787597656 0.245498657226563 -0.0743408203125
-0.0237636566162109 -0.0208358764648438 0.51336669921875 0.303680419921875
-0.0150375366210938 -0.0864791870117188 0.39581298828125 0.6688232421875
0.033416748046875 -0.0809097290039063 -0.0147094726562499 0.64776611328125
0.0756454467773438 -0.0500869750976563 -0.1798095703125 0.255447387695313
0.0862808227539063 -0.0516586303710937 0.156585693359375 -0.124740600585938
0.080047607421875 -0.0642852783203125 0.4503173828125 -0.504608154296875
0.0525588989257813 -0.0759658813476563 0.17236328125 -0.73272705078125
0.0105209350585937 -0.0584068298339844 -0.306793212890625 -0.43450927734375
-0.0184230804443359 -0.000705718994140622 -0.492706298828125 -0.011505126953125
-0.0127639770507812 0.050323486328125 -0.262603759765625 0.204421997070313
-0.0246047973632812 0.0774688720703125 -0.0322971343994141 0.0273780822753906
-0.0162429809570312 -0.07781982421875 -0.0358428955078125 0.2598876953125
-0.0201034545898438 -0.0807037353515625 -0.102851867675781 -0.110443115234375
-0.079986572265625 0.00782012939453126 -0.0672607421875 -0.240692138671875
-0.0264434814453125 0.0723037719726563 0.256149291992188 -0.07763671875
0.0263519287109375 0.063934326171875 0.488800048828125 0.3194580078125
0.0464820861816406 0.0214195251464844 0.35791015625 0.69195556640625
0.0238170623779297 0.02459716796875 -0.038818359375 0.65875244140625
-0.01800537109375 0.0167007446289063 -0.175674438476563 0.2635498046875
-0.0130500793457031 0.0138835906982422 0.164443969726563 -0.115890502929688
0.0222549438476563 0.0222797393798828 0.425201416015625 -0.50732421875
0.0531578063964844 0.0472335815429688 0.12225341796875 -0.72235107421875
0.055267333984375 0.0496330261230469 -0.337371826171875 -0.412353515625
-0.00759506225585937 0.0480575561523438 -0.501129150390625 -0.0034790039062499
-0.0225162506103516 0.00260162353515625 -0.264617919921875 0.210662841796875
-0.0267963409423828 -0.0119857788085938 -0.0394134521484375 0.0406532287597656
-0.0192718505859375 -0.184005737304688 -0.046051025390625 0.247909545898437
-0.04339599609375 -0.172576904296875 -0.0793228149414063 -0.103057861328125
-0.107009887695312 -0.0374603271484375 0.003143310546875 -0.234115600585938
-0.0098876953125 0.1065673828125 0.30999755859375 -0.057952880859375
0.070892333984375 0.144638061523438 0.449981689453125 0.369384765625
0.081298828125 0.125228881835938 0.2652587890625 0.719482421875
-0.00597381591796876 0.1231689453125 -0.09002685546875 0.6353759765625
-0.106407165527344 0.0817031860351562 -0.137908935546875 0.237136840820313
-0.0892791748046875 0.08795166015625 0.198928833007813 -0.147964477539063
-0.00327301025390626 0.117019653320313 0.359100341796875 -0.546875
0.0749359130859375 0.16400146484375 -0.01007080078125 -0.68841552734375
0.0996856689453125 0.140106201171875 -0.4017333984375 -0.3280029296875
0.00273132324218751 0.0749893188476563 -0.484527587890625 0.04315185546875
-0.0316505432128906 -0.0549697875976563 -0.229965209960938 0.218170166015625
-0.0265274047851562 -0.0997467041015625 -0.0310497283935547 0.0310955047607422
-0.0215911865234375 -0.26116943359375 -0.0500335693359375 0.215179443359375
-0.0547332763671875 -0.2227783203125 -0.0338287353515625 -0.106346130371094
-0.0967025756835938 -0.04486083984375 0.108688354492187 -0.21612548828125
0.0261688232421875 0.154296875 0.374359130859375 -0.00961303710937499
0.0973663330078125 0.220046997070313 0.37774658203125 0.444122314453125
0.0728302001953125 0.208938598632813 0.12017822265625 0.739501953125
-0.05999755859375 0.196807861328125 -0.14910888671875 0.57220458984375
-0.176315307617188 0.134735107421875 -0.074859619140625 0.180648803710938
-0.119781494140625 0.164825439453125 0.230194091796875 -0.2178955078125
0.0227813720703125 0.205062866210938 0.23992919921875 -0.60223388671875
0.124176025390625 0.248428344726563 -0.18780517578125 -0.6187744140625
0.132278442382813 0.186294555664063 -0.457672119140625 -0.207977294921875
0.00139617919921875 0.0600204467773437 -0.42633056640625 0.1025390625
-0.04449462890625 -0.121574401855469 -0.162506103515625 0.218765258789063
-0.0264129638671875 -0.17633056640625 -0.011387825012207 1.52587890624917E-05
-0.0216064453125 -0.29888916015625 -0.044647216796875 0.16741943359375
-0.04754638671875 -0.225860595703125 0.0347976684570312 -0.119758605957031
-0.055816650390625 -0.0152130126953125 0.223190307617188 -0.188018798828125
0.0613861083984375 0.207351684570312 0.413238525390625 0.073272705078125
0.0879974365234375 0.273757934570313 0.256134033203125 0.531951904296875
0.0184783935546875 0.254623413085938 -0.0538330078125001 0.7342529296875
-0.124603271484375 0.231277465820313 -0.19091796875 0.48284912109375
-0.216018676757813 0.167999267578125 0.00439453125 0.102676391601563
-0.109375 0.223495483398437 0.2335205078125 -0.314544677734375
0.0760955810546875 0.260574340820313 0.0811157226562501 -0.6468505859375
0.167343139648438 0.279495239257813 -0.355621337890625 -0.523651123046875
0.13055419921875 0.180984497070313 -0.468505859375 -0.0923461914062499
-0.0163192749023438 0.00629520416259766 -0.3232421875 0.149749755859375
-0.0565185546875 -0.186279296875 -0.0776824951171875 0.206222534179688
-0.0238189697265625 -0.22991943359375 0.0110321044921875 -0.0507659912109375
-0.000442504882812484 0.241165161132813 0.00704193115234374 0.104301452636719
0.0792236328125 0.197280883789063 0.00628662109375001 -0.167236328125
0.0518798828125 0.0594482421875 0.172348022460938 -0.1942138671875
-0.0847625732421875 -0.133956909179688 0.439788818359375 0.028656005859375
-0.155288696289062 -0.260482788085938 0.46087646484375 0.41680908203125
-0.099761962890625 -0.306427001953125 0.1339111328125 0.641357421875
0.0884857177734375 -0.251602172851563 -0.118072509765625 0.4476318359375
0.245864868164063 -0.166229248046875 -0.0225067138671875 0.0743255615234375
0.201873779296875 -0.206146240234375 0.252105712890625 -0.341949462890625
0.06982421875 -0.269760131835937 0.2586669921875 -0.6778564453125
-0.0643310546875 -0.301513671875 -0.14208984375 -0.63348388671875
-0.0889739990234375 -0.2027587890625 -0.395172119140625 -0.189361572265625
0.0189800262451172 -0.0232753753662109 -0.343505859375 0.15399169921875
0.0717620849609375 0.18853759765625 -0.082977294921875 0.18212890625
0.00567626953124998 0.25360107421875 0.0440292358398438 -0.111747741699219
-0.00419616699218751 0.213394165039063 0.000854492187499991 0.160964965820313
0.0670928955078125 0.186386108398438 -0.0531768798828125 -0.149703979492188
0.0580673217773438 0.106315612792969 0.0455322265625 -0.204879760742188
-0.0457534790039063 -0.0639877319335938 0.363128662109375 -0.02325439453125
-0.1290283203125 -0.194808959960938 0.518829345703125 0.349761962890625
-0.11285400390625 -0.26409912109375 0.27740478515625 0.6446533203125
0.05462646484375 -0.231704711914063 -0.066314697265625 0.531646728515625
0.216842651367188 -0.1494140625 -0.095123291015625 0.152145385742188
0.213272094726562 -0.165817260742188 0.223587036132813 -0.243896484375
0.123245239257813 -0.218734741210938 0.37481689453125 -0.60986328125
-0.00181579589843748 -0.269073486328125 0.01708984375 -0.69921875
-0.0721588134765625 -0.203277587890625 -0.36029052734375 -0.3084716796875
-0.0102386474609375 -0.0510902404785156 -0.4190673828125 0.08746337890625
0.0373992919921875 0.142578125 -0.160598754882813 0.194793701171875
-0.0068511962890625 0.221969604492188 0.0145835876464844 -0.052764892578125
-0.00850677490234375 0.139862060546875 -0.00939941406249998 0.207489013671875
0.037261962890625 0.125930786132813 -0.0858612060546875 -0.137374877929687
0.0247268676757813 0.111137390136719 -0.048095703125 -0.219741821289062
-0.0251712799072266 0.00147247314453125 0.284759521484375 -0.05670166015625
-0.0777130126953125 -0.107551574707031 0.527069091796875 0.308074951171875
-0.075836181640625 -0.185516357421875 0.3687744140625 0.64764404296875
0.0370025634765625 -0.171890258789062 -0.02178955078125 0.59991455078125
0.156234741210938 -0.10858154296875 -0.149826049804687 0.216384887695313
0.171234130859375 -0.110824584960937 0.180343627929688 -0.167404174804687
0.12591552734375 -0.144699096679688 0.428466796875 -0.542755126953125
0.0418243408203125 -0.186538696289063 0.1279296875 -0.72552490234375
-0.0351104736328125 -0.149703979492188 -0.321929931640625 -0.3948974609375
-0.0233268737792969 -0.0415420532226563 -0.466705322265625 0.0255126953125
0.00531005859374999 0.0948715209960938 -0.223846435546875 0.20196533203125
-0.0160369873046875 0.155838012695313 -0.0111351013183594 -0.0037240982055664
-0.0136032104492188 0.0386505126953125 -0.017425537109375 0.24420166015625
0.00710296630859375 0.0294628143310547 -0.104438781738281 -0.121818542480469
-0.0273246765136719 0.0696487426757813 -0.0872650146484375 -0.232406616210938
-0.0235595703125 0.0435066223144531 0.242935180664063 -0.07708740234375
-0.0244541168212891 -0.0204486846923828 0.51458740234375 0.294952392578125
-0.0161819458007813 -0.0873031616210938 0.4010009765625 0.66094970703125
0.0327529907226562 -0.0810699462890625 -0.00817871093750001 0.64434814453125
0.0742874145507813 -0.0502548217773438 -0.177047729492188 0.25628662109375
0.085174560546875 -0.0517959594726563 0.154556274414063 -0.125534057617188
0.078887939453125 -0.0637054443359375 0.443450927734375 -0.50860595703125
0.0518798828125 -0.0760345458984375 0.162109375 -0.73248291015625
0.0101089477539062 -0.0591888427734375 -0.309326171875 -0.430450439453125
-0.0188579559326172 -0.00118064880371094 -0.49078369140625 -0.00781250000000004
-0.0119285583496094 0.0494575500488281 -0.259017944335938 0.2060546875
-0.0243148803710937 0.0774688720703125 -0.0326137542724609 0.0288238525390625
-0.0176544189453125 -0.0764007568359375 -0.0313873291015625 0.257400512695313
-0.02117919921875 -0.0804977416992188 -0.102066040039063 -0.108627319335938
-0.0788497924804688 0.00859069824218749 -0.06878662109375 -0.238265991210938
-0.024505615234375 0.072509765625 0.253814697265625 -0.0807952880859375
0.02685546875 0.0627365112304688 0.491180419921875 0.3125
0.0459022521972656 0.0200920104980469 0.36651611328125 0.6844482421875
0.0236778259277344 0.0240612030029297 -0.03045654296875 0.6572265625
-0.0182991027832031 0.0177192687988281 -0.172256469726563 0.263900756835938
-0.0133647918701172 0.013829231262207 0.1622314453125 -0.11639404296875
0.0224952697753906 0.0220851898193359 0.418212890625 -0.5101318359375
0.0537872314453125 0.0466346740722656 0.11431884765625 -0.7205810546875
0.0553359985351563 0.0483512878417969 -0.340087890625 -0.408843994140625
-0.0074615478515625 0.0480422973632813 -0.500030517578125 0.00219726562500002
-0.0227432250976563 0.00267982482910156 -0.260879516601563 0.212127685546875
-0.0268917083740234 -0.0108757019042969 -0.0388717651367188 0.0411262512207031
-0.021575927734375 -0.181915283203125 -0.04241943359375 0.246994018554688
-0.0460052490234375 -0.171630859375 -0.079681396484375 -0.101844787597656
-0.105827331542969 -0.0365066528320313 0.000991821289062481 -0.232421875
-0.008026123046875 0.10595703125 0.3074951171875 -0.060943603515625
0.0717620849609375 0.142074584960938 0.452301025390625 0.36102294921875
0.0819015502929687 0.123085021972656 0.27374267578125 0.71234130859375
-0.00553894042968749 0.123100280761719 -0.0822143554687499 0.63232421875
-0.105422973632812 0.083221435546875 -0.135208129882812 0.237060546875
-0.087982177734375 0.0886459350585937 0.196517944335938 -0.148330688476563
-0.00211334228515625 0.115470886230469 0.350616455078125 -0.54827880859375
0.0765838623046875 0.16192626953125 -0.0194091796874999 -0.68609619140625
0.101387023925781 0.137588500976563 -0.40362548828125 -0.32275390625
0.00434112548828125 0.0743942260742188 -0.483062744140625 0.04681396484375
-0.03167724609375 -0.0542678833007812 -0.226333618164063 0.220016479492188
-0.02752685546875 -0.0978240966796875 -0.0298671722412109 0.032571792602539
-0.0247039794921875 -0.258880615234375 -0.0464324951171875 0.21380615234375
-0.057586669921875 -0.22064208984375 -0.0340042114257813 -0.105422973632813
-0.0956497192382812 -0.042633056640625 0.105712890625 -0.21661376953125
0.029266357421875 0.153091430664063 0.37213134765625 -0.0137939453125
0.099639892578125 0.216934204101562 0.381500244140625 0.43817138671875
0.07415771484375 0.205276489257813 0.1292724609375 0.73486328125
-0.05841064453125 0.196380615234375 -0.1402587890625 0.57122802734375
-0.17449951171875 0.136337280273438 -0.0726470947265625 0.180892944335938
-0.118484497070312 0.164779663085938 0.22760009765625 -0.219329833984375
0.0240325927734375 0.203521728515625 0.23309326171875 -0.60205078125
0.12567138671875 0.244537353515625 -0.19537353515625 -0.61492919921875
0.134521484375 0.184234619140625 -0.4571533203125 -0.203094482421875
0.00242996215820312 0.0595359802246094 -0.42401123046875 0.1068115234375
-0.0454254150390625 -0.119987487792969 -0.160568237304688 0.219863891601563
-0.02880859375 -0.173660278320313 -0.0114240646362305 0.00151920318603515
-0.025115966796875 -0.296783447265625 -0.0419158935546875 0.166534423828125
-0.0494537353515625 -0.2239990234375 0.0345230102539063 -0.119354248046875
-0.0545463562011719 -0.0139694213867187 0.220062255859375 -0.1885986328125
0.06439208984375 0.20562744140625 0.411865234375 0.068389892578125
0.0904998779296875 0.27032470703125 0.2601318359375 0.52667236328125
0.0205535888671875 0.252197265625 -0.04388427734375 0.7315673828125
-0.123153686523437 0.23052978515625 -0.182952880859375 0.4827880859375
-0.213973999023438 0.170028686523438 0.00494384765624998 0.102027893066406
-0.106613159179687 0.2236328125 0.229095458984375 -0.31549072265625
0.0782623291015625 0.258804321289063 0.0753173828124999 -0.645751953125
0.170059204101562 0.27459716796875 -0.361053466796875 -0.517791748046875
0.132110595703125 0.178955078125 -0.467987060546875 -0.0863037109375001
-0.0154752731323242 0.00712299346923828 -0.3212890625 0.152862548828125
-0.058837890625 -0.184524536132813 -0.0754852294921875 0.206253051757813
-0.026397705078125 -0.227645874023438 0.0101089477539062 -0.048858642578125
0.00271606445312499 0.240371704101563 0.00824737548828126 0.102287292480469
0.0797576904296875 0.195449829101562 0.00456237792968751 -0.167007446289063
0.0515937805175781 0.0580940246582031 0.169891357421875 -0.195693969726563
-0.085845947265625 -0.132095336914062 0.438018798828125 0.024566650390625
-0.158050537109375 -0.2578125 0.463470458984375 0.410003662109375
-0.1016845703125 -0.302947998046875 0.139892578125 0.63787841796875
0.0862274169921875 -0.250091552734375 -0.11297607421875 0.445526123046875
0.244583129882813 -0.166702270507813 -0.0213623046875 0.0741806030273437
0.19989013671875 -0.206680297851563 0.24853515625 -0.3426513671875
0.06689453125 -0.267425537109375 0.25189208984375 -0.67730712890625
-0.065673828125 -0.298858642578125 -0.14739990234375 -0.630859375
-0.09075927734375 -0.2010498046875 -0.39666748046875 -0.186553955078125
0.0173759460449219 -0.0239772796630859 -0.3409423828125 0.15576171875
0.071990966796875 0.186981201171875 -0.0809783935546875 0.18243408203125
0.0076751708984375 0.252822875976563 0.0432052612304688 -0.110435485839844
-0.00262451171875 0.21270751953125 0.00222778320312501 0.158782958984375
0.0671234130859375 0.184585571289063 -0.054779052734375 -0.149337768554687
0.0583343505859375 0.104988098144531 0.0443572998046875 -0.204360961914063
-0.0468635559082031 -0.0640983581542969 0.36077880859375 -0.02667236328125
-0.131103515625 -0.192642211914063 0.518707275390625 0.34271240234375
-0.114822387695313 -0.261672973632813 0.28240966796875 0.640380859375
0.0521697998046875 -0.230209350585938 -0.0606689453125 0.5301513671875
0.2149658203125 -0.150222778320313 -0.0936126708984375 0.152374267578125
0.21112060546875 -0.166152954101563 0.219985961914063 -0.244277954101563
0.121261596679688 -0.217880249023438 0.366455078125 -0.6077880859375
-0.00393676757812501 -0.267379760742188 0.010009765625 -0.6968994140625
-0.0736083984375 -0.201461791992188 -0.362396240234375 -0.3048095703125
-0.0117950439453125 -0.0508384704589844 -0.41693115234375 0.089111328125
0.03765869140625 0.1412353515625 -0.157989501953125 0.195236206054687
-0.0042877197265625 0.220046997070313 0.0138359069824219 -0.0514602661132812
-0.00689697265625001 0.139503479003906 -0.00666809082031249 0.204879760742188
0.03778076171875 0.124626159667969 -0.0858688354492187 -0.13641357421875
0.0260238647460937 0.109748840332031 -0.0489501953125 -0.217636108398438
-0.0261306762695313 0.00117874145507812 0.283660888671875 -0.0596923828125
-0.07891845703125 -0.105361938476562 0.527435302734375 0.30279541015625
-0.0778350830078125 -0.184249877929688 0.374755859375 0.64031982421875
0.0348663330078125 -0.170303344726563 -0.0173339843750001 0.5972900390625
0.155242919921875 -0.109085083007813 -0.148330688476562 0.2171630859375
0.169830322265625 -0.112457275390625 0.177474975585938 -0.167861938476563
0.123245239257813 -0.144805908203125 0.422119140625 -0.544830322265625
0.0399169921875 -0.185104370117188 0.1192626953125 -0.72381591796875
-0.036468505859375 -0.148727416992188 -0.323699951171875 -0.391845703125
-0.0240859985351562 -0.0416450500488281 -0.46453857421875 0.0283508300781249
0.00637817382812499 0.0939178466796875 -0.221084594726563 0.202926635742188
-0.01531982421875 0.155838012695313 -0.0110759735107422 -0.00261497497558593
-0.0130157470703125 0.0389289855957031 -0.0149383544921875 0.242019653320313
0.00640487670898438 0.0281333923339844 -0.104446411132813 -0.119705200195313
-0.0258598327636719 0.0695610046386719 -0.087249755859375 -0.2301025390625
-0.0232925415039063 0.0436477661132813 0.242462158203125 -0.0792236328125
-0.0256443023681641 -0.0206527709960938 0.51611328125 0.2872314453125
-0.0167007446289063 -0.0865020751953125 0.40673828125 0.65350341796875
0.0312423706054688 -0.0799789428710937 -0.00109863281249998 0.641357421875
0.0740814208984375 -0.0498733520507813 -0.174575805664063 0.257110595703125
0.0839309692382813 -0.0522994995117188 0.15203857421875 -0.126296997070313
0.0775527954101563 -0.0645599365234375 0.434326171875 -0.510345458984375
0.0506362915039063 -0.075836181640625 0.15509033203125 -0.73175048828125
0.00960922241210937 -0.0589752197265625 -0.31353759765625 -0.4276123046875
-0.0186004638671875 -0.000814437866210937 -0.48870849609375 -0.00375366210937499
-0.0115470886230469 0.0488967895507813 -0.255950927734375 0.207244873046875
-0.0233306884765625 0.0778350830078125 -0.0312900543212891 0.0296382904052734
-0.0179824829101562 -0.0745086669921875 -0.02764892578125 0.255844116210937
-0.0224533081054688 -0.0798416137695313 -0.101715087890625 -0.107086181640625
-0.0776824951171875 0.00946044921875 -0.069732666015625 -0.235824584960938
-0.02374267578125 0.0724639892578125 0.2523193359375 -0.0833892822265625
0.0272560119628906 0.0616607666015625 0.49188232421875 0.306732177734375
0.0452117919921875 0.0189857482910156 0.3717041015625 0.677490234375
0.0233154296875 0.0242233276367187 -0.02728271484375 0.6533203125
-0.0181903839111328 0.0181236267089844 -0.169509887695312 0.263931274414063
-0.014256477355957 0.0143241882324219 0.160324096679688 -0.117828369140625
0.0207424163818359 0.0214500427246094 0.41009521484375 -0.5107421875
0.0533180236816406 0.0457649230957031 0.10528564453125 -0.7196044921875
0.0558509826660156 0.04693603515625 -0.343841552734375 -0.40478515625
-0.00653076171875 0.0472373962402344 -0.49737548828125 0.0048522949218749
-0.0221996307373047 0.00244712829589844 -0.258758544921875 0.213668823242188
-0.0271968841552734 -0.0101490020751953 -0.0376853942871094 0.0418014526367188
-0.0232696533203125 -0.178863525390625 -0.0386810302734375 0.244338989257813
-0.048248291015625 -0.170150756835938 -0.0791091918945312 -0.100318908691406
-0.104743957519531 -0.0347900390625 -0.000732421875000025 -0.230499267578125
-0.00666046142578126 0.105613708496094 0.305999755859375 -0.064544677734375
0.0728759765625 0.140777587890625 0.454620361328125 0.355438232421875
0.0821380615234375 0.120094299316406 0.28021240234375 0.70672607421875
-0.00485992431640626 0.122810363769531 -0.07666015625 0.6302490234375
-0.105491638183594 0.0837554931640625 -0.133102416992187 0.23760986328125
-0.0877456665039063 0.0884857177734375 0.193359375 -0.149490356445313
-0.00199127197265624 0.114952087402344 0.3427734375 -0.5494384765625
0.077880859375 0.160614013671875 -0.0255737304687501 -0.6844482421875
0.102455139160156 0.135505676269531 -0.405426025390625 -0.319091796875
0.00514984130859375 0.0738143920898438 -0.479888916015625 0.051727294921875
-0.0318717956542969 -0.0530815124511719 -0.223800659179687 0.220611572265625
-0.0282745361328125 -0.0971145629882813 -0.0293369293212891 0.0333976745605469
-0.02691650390625 -0.256088256835938 -0.043670654296875 0.211990356445312
-0.06024169921875 -0.21905517578125 -0.0335464477539063 -0.104377746582031
-0.0945205688476563 -0.041656494140625 0.104812622070312 -0.215286254882813
0.0309295654296875 0.152450561523438 0.369781494140625 -0.0177001953125
0.101577758789062 0.2135009765625 0.384613037109375 0.432159423828125
0.0756988525390625 0.203277587890625 0.13525390625 0.72906494140625
-0.056396484375 0.196044921875 -0.1346435546875 0.57000732421875
-0.172943115234375 0.138107299804688 -0.070770263671875 0.179977416992188
-0.117050170898437 0.164306640625 0.224151611328125 -0.22015380859375
0.0250091552734375 0.20172119140625 0.22686767578125 -0.60107421875
0.127456665039063 0.241668701171875 -0.19927978515625 -0.610595703125
0.136032104492188 0.181076049804688 -0.456878662109375 -0.19927978515625
0.00362777709960938 0.0594139099121094 -0.42181396484375 0.109100341796875
-0.046142578125 -0.118507385253906 -0.15765380859375 0.220138549804688
-0.0305938720703125 -0.17193603515625 -0.0117206573486328 0.00255203247070311
-0.028350830078125 -0.292205810546875 -0.0387115478515625 0.164566040039062
-0.052276611328125 -0.22235107421875 0.0333786010742188 -0.119590759277344
-0.0529975891113281 -0.0139541625976563 0.218643188476562 -0.189361572265625
0.0674896240234375 0.204147338867188 0.4105224609375 0.06390380859375
0.09228515625 0.267120361328125 0.26544189453125 0.52093505859375
0.02374267578125 0.249191284179688 -0.0367431640625 0.7275390625
-0.120712280273437 0.230743408203125 -0.1787109375 0.48175048828125
-0.211776733398437 0.171279907226563 0.0054779052734375 0.101394653320313
-0.10565185546875 0.222671508789063 0.225555419921875 -0.31591796875
0.080657958984375 0.255783081054688 0.06884765625 -0.6441650390625
0.170989990234375 0.2724609375 -0.36541748046875 -0.513397216796875
0.134262084960938 0.176071166992188 -0.4661865234375 -0.0836791992187501
-0.0140504837036133 0.00707530975341797 -0.318328857421875 0.154693603515625
-0.0595855712890625 -0.182113647460938 -0.0732879638671875 0.206008911132812
-0.0290069580078125 -0.22467041015625 0.0103797912597656 -0.0480842590332031
0.00442504882812499 0.240203857421875 0.0092926025390625 0.100273132324219
0.08001708984375 0.192718505859375 0.00360107421875001 -0.166885375976562
0.0502433776855469 0.0572738647460938 0.169479370117188 -0.195602416992188
-0.087738037109375 -0.131126403808594 0.43670654296875 0.021270751953125
-0.160232543945313 -0.255706787109375 0.462982177734375 0.404083251953125
-0.103729248046875 -0.300140380859375 0.1439208984375 0.6341552734375
0.085235595703125 -0.24871826171875 -0.10943603515625 0.444671630859375
0.243804931640625 -0.16693115234375 -0.0207366943359375 0.0736770629882812
0.19775390625 -0.207244873046875 0.24505615234375 -0.34185791015625
0.065277099609375 -0.2666015625 0.244384765625 -0.67413330078125
-0.067779541015625 -0.29620361328125 -0.1513671875 -0.62646484375
-0.0916900634765625 -0.199981689453125 -0.39654541015625 -0.1839599609375
0.0159130096435547 -0.0245819091796875 -0.339080810546875 0.156646728515625
0.072784423828125 0.1834716796875 -0.07989501953125 0.181503295898438
0.00975036621093752 0.251708984375 0.0417556762695313 -0.108856201171875
-0.000183105468750004 0.211563110351563 0.00410461425781248 0.155838012695313
0.067352294921875 0.18267822265625 -0.054412841796875 -0.1483154296875
0.0585556030273438 0.103530883789063 0.043121337890625 -0.204452514648437
-0.0485916137695313 -0.0633049011230469 0.359161376953125 -0.02960205078125
-0.132583618164063 -0.191177368164062 0.519256591796875 0.33642578125
-0.115280151367188 -0.259109497070313 0.2862548828125 0.6346435546875
0.0514678955078125 -0.229110717773437 -0.0556335449218751 0.5272216796875
0.21392822265625 -0.149658203125 -0.0922698974609375 0.152542114257813
0.210357666015625 -0.166641235351563 0.217086791992188 -0.244110107421875
0.119064331054688 -0.21783447265625 0.3619384765625 -0.60736083984375
-0.00540161132812498 -0.265213012695313 0.00341796874999995 -0.69439697265625
-0.07513427734375 -0.200088500976563 -0.364044189453125 -0.302520751953125
-0.0127487182617187 -0.0506629943847656 -0.41473388671875 0.0909423828125
0.037506103515625 0.138618469238281 -0.15582275390625 0.196044921875
-0.00305175781250001 0.220108032226563 0.0133285522460938 -0.0497360229492187
-0.00556945800781251 0.139595031738281 -0.00427246093750001 0.201828002929688
0.0373382568359375 0.123664855957031 -0.0862503051757812 -0.135513305664063
0.026214599609375 0.108375549316406 -0.0488128662109375 -0.216018676757813
-0.0270214080810547 0.00187110900878906 0.28173828125 -0.06231689453125
-0.0803146362304688 -0.105461120605469 0.5274658203125 0.294525146484375
-0.0790863037109375 -0.183181762695313 0.37664794921875 0.6348876953125
0.0342864990234375 -0.169647216796875 -0.0130615234375 0.5936279296875
0.154510498046875 -0.108261108398438 -0.147293090820313 0.216827392578125
0.168746948242188 -0.11248779296875 0.174911499023437 -0.167694091796875
0.122543334960938 -0.14398193359375 0.415130615234375 -0.54412841796875
0.0390472412109375 -0.18438720703125 0.11309814453125 -0.721923828125
-0.03643798828125 -0.148361206054687 -0.32623291015625 -0.38873291015625
-0.0246086120605469 -0.0411109924316406 -0.46282958984375 0.0308532714843751
0.00674438476562499 0.0921249389648438 -0.218734741210938 0.202957153320313
-0.01409912109375 0.155410766601563 -0.0112695693969727 -0.0013751983642578
-0.0125617980957031 0.0401535034179688 -0.013031005859375 0.239212036132813
0.00549697875976562 0.0287075042724609 -0.103912353515625 -0.1190185546875
-0.0258255004882812 0.069244384765625 -0.086944580078125 -0.228057861328125
-0.0230865478515625 0.0435333251953125 0.24066162109375 -0.081207275390625
-0.0266227722167969 -0.0202713012695313 0.51568603515625 0.280975341796875
-0.01788330078125 -0.0869293212890625 0.40924072265625 0.64727783203125
0.030242919921875 -0.0796051025390625 0.00256347656249997 0.6392822265625
0.073028564453125 -0.0499038696289063 -0.17205810546875 0.256057739257813
0.0827713012695313 -0.0521697998046875 0.150161743164063 -0.126815795898438
0.0762557983398438 -0.0650405883789063 0.427215576171875 -0.509613037109375
0.0501327514648438 -0.0763626098632813 0.14642333984375 -0.72918701171875
0.00883102416992188 -0.0586318969726563 -0.31610107421875 -0.425567626953125
-0.0188350677490234 -0.000768661499023434 -0.488494873046875 -0.000671386718749893
-0.0110435485839844 0.04815673828125 -0.254058837890625 0.206787109375
-0.0226211547851563 0.0781478881835938 -0.0310401916503906 0.0309543609619141
-0.0188522338867188 -0.0736007690429688 -0.0249481201171875 0.253250122070313
-0.0243759155273438 -0.0790252685546875 -0.101005554199219 -0.105743408203125
-0.076995849609375 0.00971221923828123 -0.0695037841796875 -0.233474731445312
-0.022430419921875 0.0722732543945312 0.250808715820313 -0.0850677490234375
0.026031494140625 0.0601539611816406 0.492523193359375 0.298614501953125
0.0449104309082031 0.0174407958984375 0.37384033203125 0.6708984375
0.0230064392089844 0.0245990753173828 -0.02099609375 0.65155029296875
-0.0178718566894531 0.0187606811523438 -0.167587280273438 0.264190673828125
-0.0147266387939453 0.0140829086303711 0.158172607421875 -0.118209838867188
0.0212879180908203 0.0213432312011719 0.404693603515625 -0.511138916015625
0.0535964965820313 0.0452384948730469 0.09832763671875 -0.71722412109375
0.0564346313476563 0.0459403991699219 -0.344329833984375 -0.401885986328125
-0.00603485107421875 0.0473518371582031 -0.49560546875 0.00772094726562496
-0.0224342346191406 0.00252342224121094 -0.256240844726563 0.214157104492188
-0.0274238586425781 -0.00931739807128906 -0.0372772216796875 0.0430946350097656
-0.024658203125 -0.177734375 -0.0355682373046875 0.242507934570312
-0.049713134765625 -0.168899536132812 -0.07855224609375 -0.0986785888671875
-0.104011535644531 -0.0338668823242188 -0.000686645507812489 -0.229171752929688
-0.00464630126953126 0.104690551757813 0.303558349609375 -0.066314697265625
0.0733108520507813 0.138755798339844 0.456695556640625 0.348602294921875
0.0829391479492188 0.117851257324219 0.28411865234375 0.701416015625
-0.00378417968749999 0.122001647949219 -0.0711059570312499 0.62799072265625
-0.103797912597656 0.0850143432617188 -0.132522583007812 0.238006591796875
-0.0877685546875 0.0882186889648438 0.190658569335938 -0.150604248046875
-0.00154113769531249 0.113502502441406 0.336517333984375 -0.548492431640625
0.07891845703125 0.159622192382813 -0.03204345703125 -0.67987060546875
0.103385925292969 0.133682250976563 -0.40631103515625 -0.317779541015625
0.00579833984375 0.07305908203125 -0.47796630859375 0.05401611328125
-0.0319595336914063 -0.0526847839355469 -0.221450805664063 0.221160888671875
-0.0288925170898438 -0.0950469970703125 -0.0288200378417969 0.0346126556396484
-0.0297698974609375 -0.253707885742188 -0.041290283203125 0.210968017578125
-0.06219482421875 -0.21685791015625 -0.0337677001953125 -0.104141235351563
-0.0931167602539063 -0.0402374267578125 0.102813720703125 -0.215194702148437
0.0337066650390625 0.150909423828125 0.368377685546875 -0.021270751953125
0.101974487304688 0.210830688476563 0.386199951171875 0.4254150390625
0.0760345458984375 0.200027465820312 0.14031982421875 0.7242431640625
-0.0554351806640625 0.195587158203125 -0.12982177734375 0.56878662109375
-0.17242431640625 0.139175415039063 -0.0693511962890625 0.179473876953125
-0.11700439453125 0.164688110351562 0.221099853515625 -0.221206665039063
0.0258941650390625 0.199493408203125 0.21954345703125 -0.59967041015625
0.128936767578125 0.240020751953125 -0.2034912109375 -0.6085205078125
0.137741088867188 0.178497314453125 -0.45635986328125 -0.1976318359375
0.00572967529296875 0.0596580505371094 -0.41998291015625 0.111572265625
-0.0470504760742187 -0.117233276367188 -0.155731201171875 0.220779418945313
-0.031585693359375 -0.16973876953125 -0.0113058090209961 0.00356101989746092
-0.030364990234375 -0.290618896484375 -0.037017822265625 0.162734985351562
-0.054168701171875 -0.220504760742187 0.032989501953125 -0.119163513183594
-0.0515975952148438 -0.0128555297851562 0.216873168945313 -0.189361572265625
0.06976318359375 0.2025146484375 0.40899658203125 0.0609130859375
0.0935211181640625 0.26409912109375 0.2689208984375 0.51751708984375
0.024688720703125 0.246780395507813 -0.0302734375 0.7242431640625
-0.118408203125 0.230575561523438 -0.173553466796875 0.481658935546875
-0.210540771484375 0.17333984375 0.00682067871093749 0.100776672363281
-0.104400634765625 0.222930908203125 0.22210693359375 -0.317047119140625
0.080902099609375 0.252227783203125 0.0629272460937499 -0.640869140625
0.17279052734375 0.268997192382813 -0.366302490234375 -0.509490966796875
0.1363525390625 0.17340087890625 -0.465972900390625 -0.08154296875
-0.0131082534790039 0.00717258453369141 -0.317047119140625 0.15643310546875
-0.06036376953125 -0.180755615234375 -0.0715484619140625 0.206283569335938
-0.0308074951171875 -0.22314453125 0.00947952270507812 -0.0471115112304688
0.00588989257812501 0.239730834960938 0.00968933105468749 0.0983734130859375
0.0798492431640625 0.191299438476562 0.00286865234374999 -0.167282104492188
0.0494613647460938 0.0559272766113281 0.168014526367188 -0.195236206054688
-0.0893173217773437 -0.129318237304688 0.433746337890625 0.01922607421875
-0.161087036132813 -0.253189086914063 0.463531494140625 0.40008544921875
-0.105133056640625 -0.297760009765625 0.1478271484375 0.6307373046875
0.083953857421875 -0.246963500976562 -0.10540771484375 0.4429931640625
0.242828369140625 -0.167388916015625 -0.0204925537109375 0.0737380981445312
0.196578979492188 -0.205398559570312 0.24151611328125 -0.341827392578125
0.0638275146484375 -0.264801025390625 0.23834228515625 -0.671630859375
-0.0684814453125 -0.294586181640625 -0.155029296875 -0.6239013671875
-0.09271240234375 -0.198089599609375 -0.397186279296875 -0.182891845703125
0.0146255493164063 -0.0255279541015625 -0.33697509765625 0.157623291015625
0.0723114013671875 0.181320190429688 -0.07830810546875 0.181732177734375
0.011016845703125 0.250335693359375 0.040771484375 -0.1077880859375
0.00177001953124999 0.212020874023438 0.0051727294921875 0.154190063476563
0.0673675537109375 0.180801391601563 -0.054779052734375 -0.148269653320313
0.058013916015625 0.101593017578125 0.0433807373046875 -0.202484130859375
-0.0493278503417969 -0.0623741149902344 0.35693359375 -0.0313720703125
-0.133987426757813 -0.188995361328125 0.5181884765625 0.3310546875
-0.117568969726562 -0.256927490234375 0.28900146484375 0.62994384765625
0.049896240234375 -0.227401733398438 -0.0534667968749999 0.52410888671875
0.2135009765625 -0.149459838867188 -0.0911407470703125 0.152023315429688
0.207717895507813 -0.166412353515625 0.214431762695312 -0.24456787109375
0.117294311523438 -0.21697998046875 0.35400390625 -0.60882568359375
-0.00665283203125002 -0.264328002929688 -0.000793457031249938 -0.69244384765625
-0.07659912109375 -0.19921875 -0.365692138671875 -0.301116943359375
-0.014190673828125 -0.0511245727539063 -0.413360595703125 0.0923156738281249
0.037933349609375 0.136863708496094 -0.154678344726562 0.195556640625
-0.00177001953125001 0.21875 0.0127067565917969 -0.0487785339355469
-0.00418853759765625 0.139694213867188 -0.00286865234375 0.200149536132812
0.0373153686523438 0.122703552246094 -0.0864944458007813 -0.134712219238281
0.0277481079101563 0.107650756835938 -0.0492401123046875 -0.214645385742188
-0.0271701812744141 0.00110626220703125 0.28076171875 -0.06439208984375
-0.081695556640625 -0.104423522949219 0.5272216796875 0.28973388671875
-0.08056640625 -0.181793212890625 0.38128662109375 0.629150390625
0.0336761474609375 -0.168441772460938 -0.00982666015625001 0.5926513671875
0.1539306640625 -0.108612060546875 -0.145233154296875 0.217498779296875
0.16778564453125 -0.111907958984375 0.172454833984375 -0.1685791015625
0.120315551757812 -0.143661499023438 0.41107177734375 -0.544036865234375
0.038299560546875 -0.184234619140625 0.1077880859375 -0.718994140625
-0.03753662109375 -0.148056030273438 -0.3287353515625 -0.387908935546875
-0.0251235961914063 -0.0413284301757813 -0.461090087890625 0.03314208984375
0.00654602050781249 0.0912551879882813 -0.2174072265625 0.20361328125
-0.0126190185546875 0.154708862304688 -0.0111665725708008 -0.000994682312011708
-0.0121841430664063 0.0408439636230469 -0.0101470947265625 0.236740112304688
0.00547409057617187 0.0281085968017578 -0.103507995605469 -0.118194580078125
-0.0243644714355469 0.0688018798828125 -0.0865020751953125 -0.225906372070313
-0.0227279663085937 0.043243408203125 0.238937377929688 -0.0830078125
-0.0268497467041016 -0.020599365234375 0.516082763671875 0.275299072265625
-0.0186538696289062 -0.0862808227539063 0.41204833984375 0.640869140625
0.0299224853515625 -0.0783615112304687 0.00646972656250003 0.636962890625
0.0731124877929688 -0.0497589111328125 -0.17156982421875 0.256362915039063
0.0823745727539062 -0.0514373779296875 0.1483154296875 -0.126663208007813
0.0750274658203125 -0.0646896362304688 0.422027587890625 -0.5103759765625
0.049560546875 -0.0758438110351563 0.14178466796875 -0.7283935546875
0.00853347778320313 -0.0591926574707031 -0.31817626953125 -0.4234619140625
-0.0190048217773438 -0.00110816955566407 -0.48486328125 0.000457763671875053
-0.0112571716308594 0.0477981567382813 -0.251754760742187 0.207870483398438
-0.0215301513671875 0.078826904296875 -0.0308742523193359 0.0321025848388672
-0.019195556640625 -0.0722198486328125 -0.021942138671875 0.251785278320313
-0.0259017944335937 -0.0790863037109375 -0.0998458862304688 -0.104515075683594
-0.0757522583007813 0.00975036621093752 -0.069610595703125 -0.231582641601563
-0.022003173828125 0.07183837890625 0.2493896484375 -0.0874481201171875
0.0262870788574219 0.0590057373046875 0.49261474609375 0.2945556640625
0.0445022583007813 0.0171089172363281 0.3780517578125 0.6651611328125
0.0230064392089844 0.024200439453125 -0.01702880859375 0.64776611328125
-0.0182437896728516 0.0197467803955078 -0.166091918945313 0.263717651367188
-0.0151147842407227 0.0140171051025391 0.156356811523438 -0.117782592773437
0.0204353332519531 0.0199642181396484 0.398284912109375 -0.5118408203125
0.0540542602539063 0.0447235107421875 0.0930175781250001 -0.7156982421875
0.0567359924316406 0.04425048828125 -0.346466064453125 -0.400115966796875
-0.00515365600585937 0.0467643737792969 -0.493011474609375 0.00994873046875008
-0.0224056243896484 0.00218772888183594 -0.254180908203125 0.214614868164063
-0.0266933441162109 -0.00824165344238282 -0.03656005859375 0.0443763732910156
-0.0259246826171875 -0.1756591796875 -0.0332183837890625 0.240936279296875
-0.0519256591796875 -0.167831420898438 -0.0775375366210937 -0.0982513427734375
-0.102897644042969 -0.03302001953125 -0.00161743164062498 -0.227294921875
-0.0033416748046875 0.104278564453125 0.302886962890625 -0.069061279296875
0.073455810546875 0.136711120605469 0.45782470703125 0.34429931640625
0.0824813842773438 0.115676879882812 0.287109375 0.69598388671875
-0.00386047363281249 0.121818542480469 -0.06671142578125 0.62689208984375
-0.104278564453125 0.0858154296875 -0.130157470703125 0.237945556640625
-0.0879058837890625 0.0885162353515625 0.189285278320313 -0.15045166015625
-0.00133514404296875 0.11279296875 0.331878662109375 -0.548553466796875
0.07928466796875 0.157333374023438 -0.03460693359375 -0.67926025390625
0.103866577148438 0.132217407226563 -0.406585693359375 -0.315704345703125
0.00731658935546875 0.0727691650390625 -0.4759521484375 0.05535888671875
-0.0327339172363281 -0.0523948669433594 -0.219802856445313 0.222518920898438
-0.0296249389648437 -0.0933074951171875 -0.0284652709960938 0.0352668762207031
-0.0309295654296875 -0.251434326171875 -0.0386810302734375 0.209304809570312
-0.0645599365234375 -0.215499877929688 -0.0334243774414063 -0.103103637695313
-0.0921401977539063 -0.0398406982421875 0.101974487304688 -0.213714599609375
0.034912109375 0.149887084960937 0.36663818359375 -0.02349853515625
0.102645874023437 0.208755493164063 0.38873291015625 0.42138671875
0.076263427734375 0.197525024414063 0.1458740234375 0.7193603515625
-0.054412841796875 0.195602416992187 -0.1253662109375 0.56536865234375
-0.171035766601562 0.14013671875 -0.0690460205078125 0.17962646484375
-0.115875244140625 0.1644287109375 0.2188720703125 -0.222015380859375
0.026031494140625 0.197250366210938 0.21484375 -0.5986328125
0.129852294921875 0.237686157226563 -0.20635986328125 -0.60540771484375
0.1385498046875 0.175994873046875 -0.45751953125 -0.1947021484375
0.00674819946289062 0.058929443359375 -0.417633056640625 0.11334228515625
-0.0475540161132812 -0.11663818359375 -0.153854370117188 0.221527099609375
-0.0325775146484375 -0.167800903320313 -0.0108394622802734 0.00435829162597655
-0.03216552734375 -0.287322998046875 -0.0351409912109375 0.161422729492187
-0.056488037109375 -0.219161987304688 0.0329666137695312 -0.118782043457031
-0.0502967834472656 -0.0127983093261719 0.215225219726563 -0.18865966796875
0.071624755859375 0.200698852539063 0.40771484375 0.057403564453125
0.094818115234375 0.261337280273438 0.27130126953125 0.512847900390625
0.0254669189453125 0.244918823242188 -0.0255126953125 0.72113037109375
-0.117721557617187 0.230682373046875 -0.169677734375 0.480712890625
-0.209121704101563 0.173583984375 0.00690460205078123 0.10064697265625
-0.10296630859375 0.221343994140625 0.219940185546875 -0.316314697265625
0.08062744140625 0.249435424804688 0.0593261718749999 -0.6396484375
0.17413330078125 0.266036987304688 -0.36895751953125 -0.50433349609375
0.136962890625 0.17108154296875 -0.465667724609375 -0.0802612304687501
-0.0120935440063477 0.00707054138183594 -0.31439208984375 0.15625
-0.06201171875 -0.178909301757813 -0.0697174072265625 0.206130981445313
-0.0319976806640625 -0.219970703125 0.00914382934570313 -0.0455474853515625
0.00819396972656249 0.239166259765625 0.0104827880859375 0.0965423583984375
0.079559326171875 0.1900634765625 0.002410888671875 -0.166793823242188
0.0492172241210938 0.0550804138183594 0.16741943359375 -0.195831298828125
-0.0911026000976562 -0.128128051757813 0.433074951171875 0.016326904296875
-0.162689208984375 -0.25189208984375 0.4638671875 0.39581298828125
-0.105255126953125 -0.296051025390625 0.15008544921875 0.62799072265625
0.08355712890625 -0.245758056640625 -0.10321044921875 0.441650390625
0.2425537109375 -0.1669921875 -0.0199127197265625 0.0727920532226563
0.195343017578125 -0.206222534179688 0.238983154296875 -0.340911865234375
0.0618438720703125 -0.263656616210938 0.2342529296875 -0.67254638671875
-0.069915771484375 -0.292510986328125 -0.15765380859375 -0.6221923828125
-0.093902587890625 -0.198013305664063 -0.39837646484375 -0.18133544921875
0.0134372711181641 -0.0251235961914062 -0.336395263671875 0.157440185546875
0.0715789794921875 0.178421020507813 -0.077423095703125 0.181259155273438
0.0125732421875 0.24884033203125 0.0407257080078125 -0.106063842773437
0.00396728515625002 0.212005615234375 0.00627136230468749 0.151748657226563
0.06707763671875 0.17999267578125 -0.054931640625 -0.14801025390625
0.0573959350585938 0.100776672363281 0.04364013671875 -0.20196533203125
-0.0503349304199219 -0.0622749328613281 0.356353759765625 -0.03271484375
-0.1358642578125 -0.187332153320313 0.518646240234375 0.326812744140625
-0.118179321289063 -0.25506591796875 0.29180908203125 0.6273193359375
0.04949951171875 -0.226638793945313 -0.050079345703125 0.52435302734375
0.213104248046875 -0.149383544921875 -0.0909881591796875 0.152008056640625
0.2073974609375 -0.165817260742188 0.21234130859375 -0.244232177734375
0.115966796875 -0.215377807617188 0.3509521484375 -0.60675048828125
-0.00773620605468751 -0.262725830078125 -0.00524902343749995 -0.6900634765625
-0.0778350830078125 -0.197830200195313 -0.3662109375 -0.299285888671875
-0.0154380798339844 -0.0505867004394531 -0.41204833984375 0.0931396484375001
0.0374832153320313 0.135391235351563 -0.153610229492188 0.195068359375
-0.000411987304687484 0.218460083007812 0.0125350952148437 -0.047698974609375
-0.00356292724609375 0.139968872070313 -0.00173950195312501 0.198089599609375
0.0372467041015625 0.122718811035156 -0.0857620239257812 -0.134468078613281
0.0265121459960937 0.106399536132813 -0.0485382080078125 -0.2138671875
-0.0278072357177734 0.000802993774414062 0.279251098632813 -0.0653228759765625
-0.0820999145507813 -0.103302001953125 0.5277099609375 0.284210205078125
-0.0817108154296875 -0.180221557617188 0.382080078125 0.62493896484375
0.0323486328125 -0.167144775390625 -0.00738525390625001 0.58856201171875
0.154098510742188 -0.108840942382813 -0.144241333007812 0.217132568359375
0.1669921875 -0.111846923828125 0.171295166015625 -0.167572021484375
0.119094848632813 -0.143447875976563 0.40582275390625 -0.544189453125
0.03753662109375 -0.183486938476563 0.1029052734375 -0.7183837890625
-0.03875732421875 -0.147628784179688 -0.33123779296875 -0.3863525390625
-0.0263404846191406 -0.040802001953125 -0.460052490234375 0.034088134765625
0.00683593750000001 0.0903472900390625 -0.2156982421875 0.20306396484375
-0.01177978515625 0.15423583984375 -0.0111255645751953 0.000648498535156258
-0.0117607116699219 0.0414657592773438 -0.00782775878906248 0.23492431640625
0.004791259765625 0.0285301208496094 -0.102676391601563 -0.117012023925781
-0.023529052734375 0.0685310363769531 -0.08636474609375 -0.224822998046875
-0.0226593017578125 0.0433387756347656 0.237899780273438 -0.0842742919921875
-0.0278244018554688 -0.0208988189697266 0.515106201171875 0.273468017578125
-0.019805908203125 -0.0865707397460938 0.4151611328125 0.63726806640625
0.02923583984375 -0.0783538818359375 0.00842285156250001 0.6346435546875
0.0726165771484375 -0.0490951538085938 -0.170822143554688 0.256912231445313
0.0813827514648438 -0.052215576171875 0.146713256835938 -0.1270751953125
0.073944091796875 -0.064849853515625 0.4171142578125 -0.5101318359375
0.049713134765625 -0.076507568359375 0.136962890625 -0.7279052734375
0.0086822509765625 -0.0597305297851562 -0.319915771484375 -0.423980712890625
-0.0192298889160156 -0.000648498535156248 -0.485137939453125 0.00210571289062505
-0.0112495422363281 0.04730224609375 -0.250640869140625 0.208358764648438
-0.0216598510742187 0.0787506103515625 -0.0309429168701172 0.0322799682617188
-0.0198593139648438 -0.0706710815429687 -0.0201416015625 0.249252319335937
-0.0265731811523438 -0.0776443481445313 -0.099334716796875 -0.104583740234375
-0.074798583984375 0.0102310180664062 -0.06927490234375 -0.229019165039063
-0.021026611328125 0.0713348388671875 0.248367309570313 -0.0879669189453125
0.0258827209472656 0.0581321716308594 0.49322509765625 0.2891845703125
0.0441398620605469 0.0158348083496094 0.3819580078125 0.66070556640625
0.0225563049316406 0.0240993499755859 -0.0155029296875001 0.646728515625
-0.018035888671875 0.0192718505859375 -0.165283203125 0.264358520507813
-0.015167236328125 0.014155387878418 0.154251098632813 -0.118606567382812
0.0192489624023438 0.0205593109130859 0.39508056640625 -0.512542724609375
0.0536346435546875 0.0437431335449219 0.088623046875 -0.71337890625
0.056976318359375 0.0445480346679687 -0.34716796875 -0.3994140625
-0.00489425659179688 0.046600341796875 -0.4925537109375 0.011138916015625
-0.022003173828125 0.00217247009277344 -0.252395629882812 0.214859008789063
-0.0268020629882813 -0.00739288330078125 -0.0369987487792969 0.045196533203125
-0.0265045166015625 -0.173751831054688 -0.0311431884765625 0.239471435546875
-0.053192138671875 -0.16680908203125 -0.07684326171875 -0.0977935791015625
-0.101943969726562 -0.0329055786132812 -0.00170898437499999 -0.225799560546875
-0.00227355957031251 0.10406494140625 0.301483154296875 -0.07080078125
0.0735702514648438 0.135673522949219 0.45745849609375 0.34039306640625
0.082305908203125 0.114219665527344 0.29119873046875 0.69256591796875
-0.00417327880859376 0.121223449707031 -0.0643920898437501 0.625
-0.103584289550781 0.0863189697265625 -0.129592895507812 0.236907958984375
-0.0877609252929688 0.0890045166015625 0.1871337890625 -0.150665283203125
-0.00216674804687499 0.111709594726563 0.328033447265625 -0.547760009765625
0.0795440673828125 0.155899047851563 -0.0390625 -0.6767578125
0.105339050292969 0.130714416503906 -0.40740966796875 -0.3133544921875
0.0080108642578125 0.0728530883789063 -0.473968505859375 0.056427001953125
-0.0329170227050781 -0.0516929626464844 -0.217681884765625 0.221908569335938
-0.0305557250976563 -0.0919189453125 -0.0278091430664062 0.0363006591796875
-0.0325775146484375 -0.249221801757813 -0.0375823974609375 0.207565307617187
-0.0656585693359375 -0.214675903320312 -0.0330657958984375 -0.101913452148438
-0.090484619140625 -0.039642333984375 0.101577758789063 -0.21282958984375
0.036102294921875 0.14910888671875 0.36572265625 -0.024444580078125
0.103851318359375 0.206756591796875 0.389678955078125 0.41876220703125
0.076812744140625 0.195785522460938 0.14788818359375 0.7176513671875
-0.0540313720703125 0.195144653320313 -0.12335205078125 0.56634521484375
-0.170608520507812 0.140975952148438 -0.06768798828125 0.179519653320313
-0.115814208984375 0.163864135742188 0.217239379882813 -0.2218017578125
0.026123046875 0.1961669921875 0.21142578125 -0.59814453125
0.129928588867188 0.235671997070313 -0.2095947265625 -0.60186767578125
0.139389038085938 0.173980712890625 -0.457244873046875 -0.19256591796875
0.00736999511718751 0.0577964782714844 -0.41595458984375 0.1141357421875
-0.0472412109375 -0.115516662597656 -0.152023315429687 0.22198486328125
-0.0325469970703125 -0.166015625 -0.0105409622192383 0.0055103302001953
-0.033477783203125 -0.28533935546875 -0.0337066650390625 0.160110473632813
-0.0576629638671875 -0.218002319335938 0.032867431640625 -0.118949890136719
-0.0487289428710938 -0.0118255615234375 0.214935302734375 -0.188262939453125
0.0733795166015625 0.198806762695312 0.406036376953125 0.05670166015625
0.09576416015625 0.260055541992187 0.272369384765625 0.5093994140625
0.0258331298828125 0.243942260742188 -0.02130126953125 0.71820068359375
-0.11614990234375 0.230178833007813 -0.166778564453125 0.480377197265625
-0.208267211914063 0.1746826171875 0.00803375244140623 0.100090026855469
-0.103363037109375 0.2208251953125 0.21759033203125 -0.317138671875
0.082061767578125 0.247406005859375 0.056884765625 -0.63690185546875
0.174636840820313 0.263717651367188 -0.37091064453125 -0.50103759765625
0.138595581054688 0.1695556640625 -0.463592529296875 -0.0777587890625
-0.0112705230712891 0.00614643096923828 -0.31292724609375 0.15692138671875
-0.0626983642578125 -0.1783447265625 -0.0693817138671875 0.20660400390625
-0.0332489013671875 -0.218093872070313 0.00937652587890625 -0.0436553955078125
0.00939941406249998 0.238937377929688 0.0108108520507812 0.094329833984375
0.079071044921875 0.188629150390625 0.00166320800781252 -0.167129516601563
0.0481147766113281 0.0546188354492187 0.166641235351563 -0.195709228515625
-0.0922622680664063 -0.127204895019531 0.432891845703125 0.014892578125
-0.16400146484375 -0.250411987304688 0.46392822265625 0.3936767578125
-0.106414794921875 -0.294097900390625 0.15203857421875 0.62750244140625
0.083282470703125 -0.24462890625 -0.102142333984375 0.4410400390625
0.242965698242188 -0.1671142578125 -0.0199050903320312 0.0727081298828125
0.193878173828125 -0.20452880859375 0.237030029296875 -0.340057373046875
0.061920166015625 -0.262359619140625 0.23248291015625 -0.670654296875
-0.070648193359375 -0.29083251953125 -0.16064453125 -0.62078857421875
-0.094970703125 -0.196517944335937 -0.39947509765625 -0.18157958984375
0.01141357421875 -0.0257110595703125 -0.33526611328125 0.15802001953125
0.0710601806640625 0.1767578125 -0.0764007568359375 0.181549072265625
0.0135650634765625 0.248733520507813 0.0396575927734375 -0.104461669921875
0.00477600097656252 0.212020874023437 0.00726318359375001 0.15008544921875
0.0665130615234375 0.179229736328125 -0.054718017578125 -0.147491455078125
0.0568466186523438 0.0999984741210938 0.043212890625 -0.2020263671875
-0.0513648986816406 -0.0622825622558594 0.35540771484375 -0.034576416015625
-0.137298583984375 -0.187164306640625 0.517852783203125 0.324066162109375
-0.118728637695312 -0.254364013671875 0.29388427734375 0.62371826171875
0.0492095947265625 -0.225326538085938 -0.049896240234375 0.5228271484375
0.21307373046875 -0.148910522460938 -0.0903778076171875 0.15191650390625
0.206268310546875 -0.165542602539063 0.210479736328125 -0.243560791015625
0.115570068359375 -0.214950561523437 0.3470458984375 -0.6065673828125
-0.00807189941406247 -0.262115478515625 -0.0072021484375 -0.68963623046875
-0.0791015625 -0.197952270507813 -0.36761474609375 -0.299957275390625
-0.0158233642578125 -0.0507049560546875 -0.411468505859375 0.09332275390625
0.0369338989257813 0.133689880371094 -0.152374267578125 0.195205688476562
0.00057983398437502 0.216796875 0.012664794921875 -0.0465049743652344
-0.00214385986328125 0.140174865722656 -0.000534057617187483 0.19677734375
0.0366058349609375 0.121315002441406 -0.085174560546875 -0.133949279785156
0.0275192260742188 0.105293273925781 -0.0476226806640625 -0.211944580078125
-0.0282325744628906 0.00169181823730469 0.279678344726562 -0.06634521484375
-0.08343505859375 -0.102882385253906 0.52642822265625 0.281494140625
-0.0820770263671875 -0.18048095703125 0.384521484375 0.62188720703125
0.03216552734375 -0.165939331054688 -0.00610351562499996 0.58868408203125
0.15313720703125 -0.107864379882813 -0.143585205078125 0.21759033203125
0.165512084960938 -0.112136840820313 0.1690673828125 -0.167388916015625
0.118331909179687 -0.143081665039063 0.4034423828125 -0.543609619140625
0.0373992919921875 -0.183059692382813 0.0985107421875001 -0.71722412109375
-0.0384674072265625 -0.147628784179688 -0.3321533203125 -0.384735107421875
-0.0270156860351563 -0.0410232543945313 -0.45989990234375 0.034454345703125
0.00646209716796875 0.0898513793945313 -0.215118408203125 0.203536987304687
-0.0107879638671875 0.154373168945313 -0.0107316970825195 0.00140571594238282
-0.0114402770996094 0.0423431396484375 -0.00700378417968748 0.232925415039063
0.00388717651367188 0.0284347534179688 -0.101837158203125 -0.116188049316406
-0.0233192443847656 0.0681076049804688 -0.085540771484375 -0.2227783203125
-0.0231361389160156 0.04302978515625 0.238006591796875 -0.085205078125
-0.0283126831054687 -0.0205326080322266 0.51470947265625 0.26885986328125
-0.0203018188476563 -0.0861663818359375 0.415283203125 0.6343994140625
0.029205322265625 -0.077484130859375 0.010009765625 0.63226318359375
0.0725631713867188 -0.0487060546875 -0.170242309570313 0.2567138671875
0.0805435180664063 -0.0519866943359375 0.145309448242188 -0.126388549804687
0.0732345581054688 -0.0645523071289063 0.414825439453125 -0.51007080078125
0.0495834350585938 -0.076171875 0.1339111328125 -0.724853515625
0.00788116455078125 -0.0599021911621094 -0.320526123046875 -0.421142578125
-0.019073486328125 -0.00104904174804687 -0.484588623046875 0.00332641601562511
-0.0113296508789063 0.0464096069335938 -0.249801635742188 0.208099365234375
-0.0202102661132812 0.0789337158203125 -0.0305652618408203 0.0331497192382813
-0.0203399658203125 -0.0699501037597656 -0.018341064453125 0.248046875
-0.0276260375976563 -0.0783843994140625 -0.098388671875 -0.103401184082031
-0.0738601684570313 0.0100326538085937 -0.068603515625 -0.228729248046875
-0.0199661254882813 0.071258544921875 0.248626708984375 -0.0886993408203125
0.0255889892578125 0.0578536987304687 0.493560791015625 0.28680419921875
0.0433769226074219 0.0149574279785156 0.38360595703125 0.65692138671875
0.0219841003417969 0.0248546600341797 -0.011962890625 0.64471435546875
-0.0179462432861328 0.0200290679931641 -0.164321899414062 0.264572143554688
-0.0159235000610352 0.0137538909912109 0.153762817382813 -0.11846923828125
0.0191059112548828 0.0202693939208984 0.39154052734375 -0.511138916015625
0.0538444519042969 0.0434951782226563 0.08624267578125 -0.7127685546875
0.0568466186523437 0.0436248779296875 -0.34991455078125 -0.398895263671875
-0.00437545776367187 0.0459747314453125 -0.491943359375 0.011871337890625
-0.0225276947021484 0.00238609313964844 -0.251571655273438 0.215087890625
-0.0264816284179688 -0.00663375854492187 -0.0360870361328125 0.0456466674804688
-0.0282745361328125 -0.172836303710938 -0.0296630859375 0.237472534179688
-0.05438232421875 -0.165130615234375 -0.0758514404296875 -0.0967330932617188
-0.100959777832031 -0.0321807861328125 -0.00126647949218752 -0.22412109375
-0.000724792480468745 0.103317260742188 0.299896240234375 -0.07135009765625
0.0740280151367188 0.134193420410156 0.45867919921875 0.335601806640625
0.0820236206054688 0.112266540527344 0.29193115234375 0.68792724609375
-0.00389862060546874 0.121536254882813 -0.0614013671875 0.623291015625
-0.103469848632813 0.087005615234375 -0.12841796875 0.236907958984375
-0.0881500244140625 0.0888824462890625 0.186614990234375 -0.15118408203125
-0.0028839111328125 0.110923767089844 0.325042724609375 -0.5484619140625
0.0798492431640625 0.154983520507813 -0.0424804687499999 -0.67462158203125
0.10528564453125 0.1285400390625 -0.408416748046875 -0.313385009765625
0.00928497314453125 0.0719985961914062 -0.473297119140625 0.057708740234375
-0.0330772399902344 -0.0509262084960938 -0.216232299804688 0.22271728515625
-0.0301666259765625 -0.0908966064453125 -0.0278587341308594 0.0365791320800781
-0.03326416015625 -0.247787475585938 -0.03533935546875 0.205810546875
-0.066497802734375 -0.214111328125 -0.031951904296875 -0.101844787597656
-0.089874267578125 -0.0386505126953125 0.10101318359375 -0.21185302734375
0.03857421875 0.148880004882813 0.364532470703125 -0.02606201171875
0.103240966796875 0.205474853515625 0.391326904296875 0.416656494140625
0.07745361328125 0.1944580078125 0.15179443359375 0.71405029296875
-0.0542144775390625 0.194976806640625 -0.1217041015625 0.56524658203125
-0.170211791992188 0.141082763671875 -0.0669403076171875 0.179351806640625
-0.1165771484375 0.164077758789063 0.215499877929688 -0.22210693359375
0.025543212890625 0.194717407226563 0.2083740234375 -0.59771728515625
0.1307373046875 0.234024047851562 -0.2122802734375 -0.600830078125
0.140594482421875 0.172607421875 -0.456634521484375 -0.19342041015625
0.00801467895507812 0.0578765869140625 -0.416107177734375 0.114776611328125
-0.0478363037109375 -0.114730834960937 -0.151016235351563 0.22137451171875
-0.03375244140625 -0.164764404296875 -0.0108232498168945 0.00703907012939452
-0.0347900390625 -0.2833251953125 -0.0322113037109375 0.158981323242187
-0.058746337890625 -0.21673583984375 0.0332717895507813 -0.118843078613281
-0.0474395751953125 -0.0123786926269531 0.213836669921875 -0.1883544921875
0.0759124755859375 0.1983642578125 0.405303955078125 0.055267333984375
0.0965576171875 0.258544921875 0.27508544921875 0.5074462890625
0.02642822265625 0.241424560546875 -0.0183105468750001 0.71490478515625
-0.115585327148438 0.229949951171875 -0.16387939453125 0.4803466796875
-0.207794189453125 0.17462158203125 0.00824737548828123 0.100044250488281
-0.10260009765625 0.220962524414063 0.217315673828125 -0.317413330078125
0.0817413330078125 0.245574951171875 0.0540771484375 -0.63726806640625
0.175048828125 0.262283325195313 -0.37213134765625 -0.4986572265625
0.13983154296875 0.16796875 -0.464630126953125 -0.0784301757812499
-0.0105018615722656 0.00636959075927734 -0.313751220703125 0.15789794921875
-0.0628204345703125 -0.176681518554688 -0.0688018798828125 0.206329345703125
-0.033203125 -0.216400146484375 0.00901412963867187 -0.0427627563476563
0.0111083984375 0.238922119140625 0.0113067626953125 0.09320068359375
0.0785980224609375 0.188247680664062 0.0014495849609375 -0.16790771484375
0.0469131469726563 0.0537681579589844 0.16717529296875 -0.195831298828125
-0.0932540893554688 -0.126777648925781 0.432220458984375 0.01593017578125
-0.164810180664062 -0.249603271484375 0.4638671875 0.390380859375
-0.1060791015625 -0.293914794921875 0.1539306640625 0.62677001953125
0.083892822265625 -0.243728637695313 -0.100555419921875 0.43994140625
0.243667602539063 -0.16656494140625 -0.0198898315429687 0.0727462768554687
0.195510864257813 -0.2044677734375 0.236297607421875 -0.3399658203125
0.062255859375 -0.261322021484375 0.23028564453125 -0.670654296875
-0.069793701171875 -0.29058837890625 -0.16351318359375 -0.61956787109375
-0.0960693359375 -0.196121215820312 -0.400848388671875 -0.181243896484375
0.0102615356445313 -0.0258655548095703 -0.335418701171875 0.15753173828125
0.0704498291015625 0.175613403320313 -0.0762786865234375 0.181350708007813
0.013916015625 0.248382568359375 0.0396804809570313 -0.10321044921875
0.0057220458984375 0.2122802734375 0.0078277587890625 0.148223876953125
0.0660552978515625 0.178604125976562 -0.05517578125 -0.1478271484375
0.0568008422851563 0.0986557006835938 0.0439300537109375 -0.20166015625
-0.0526123046875 -0.0614852905273438 0.35565185546875 -0.034881591796875
-0.137588500976563 -0.1865234375 0.5181884765625 0.320556640625
-0.119125366210938 -0.252716064453125 0.29345703125 0.622802734375
0.0492706298828125 -0.224136352539063 -0.04864501953125 0.52239990234375
0.213851928710937 -0.149093627929688 -0.0909423828125 0.151779174804687
0.20654296875 -0.16485595703125 0.209243774414063 -0.243209838867188
0.1148681640625 -0.21331787109375 0.3463134765625 -0.60687255859375
-0.00788879394531248 -0.261260986328125 -0.00762939453125005 -0.68890380859375
-0.0791015625 -0.19757080078125 -0.370208740234375 -0.300201416015625
-0.0174789428710937 -0.0512771606445312 -0.411407470703125 0.09368896484375
0.0366744995117188 0.132484436035156 -0.1519775390625 0.194793701171875
0.00143432617187502 0.217666625976562 0.0125923156738281 -0.045562744140625
-0.0025177001953125 0.140625 0.000640869140625008 0.193893432617187
0.0356216430664062 0.121322631835938 -0.0851821899414063 -0.134269714355469
0.0268707275390625 0.105369567871094 -0.0460052490234375 -0.211944580078125
-0.0291633605957031 0.001861572265625 0.27911376953125 -0.0675048828125
-0.0849151611328125 -0.102699279785156 0.5264892578125 0.279998779296875
-0.082672119140625 -0.179122924804687 0.38555908203125 0.6207275390625
0.0323944091796875 -0.165054321289063 -0.00531005859374998 0.5872802734375
0.153610229492188 -0.107940673828125 -0.1439208984375 0.217208862304688
0.166107177734375 -0.11175537109375 0.168319702148438 -0.167770385742188
0.118118286132812 -0.142074584960937 0.4012451171875 -0.544097900390625
0.0369415283203125 -0.183258056640625 0.0966796875 -0.7161865234375
-0.0399932861328125 -0.146881103515625 -0.334075927734375 -0.386260986328125
-0.02801513671875 -0.0411300659179688 -0.4600830078125 0.0341796875000001
0.00638580322265624 0.0886459350585938 -0.21429443359375 0.20355224609375
-0.0106201171875 0.154571533203125 -0.0111932754516602 0.0024089813232422
-0.0112571716308594 0.0426559448242188 -0.00579833984374999 0.231781005859375
0.00326728820800781 0.0289363861083984 -0.101142883300781 -0.116462707519531
-0.0225791931152344 0.0671806335449219 -0.0841827392578125 -0.222671508789063
-0.0223808288574219 0.0432281494140625 0.237167358398438 -0.0860137939453125
-0.0291900634765625 -0.0211029052734375 0.51580810546875 0.26678466796875
-0.02099609375 -0.0864486694335938 0.4169921875 0.6309814453125
0.0290451049804687 -0.077239990234375 0.01123046875 0.63031005859375
0.073089599609375 -0.0483779907226563 -0.169906616210937 0.257034301757813
0.0799102783203125 -0.0519866943359375 0.144622802734375 -0.126907348632813
0.0727386474609375 -0.064117431640625 0.413116455078125 -0.510650634765625
0.0489273071289062 -0.0761184692382813 0.1317138671875 -0.7255859375
0.00834274291992188 -0.0608367919921875 -0.322052001953125 -0.423919677734375
-0.0191764831542969 -0.00153541564941406 -0.484344482421875 0.00259399414062493
-0.0118217468261719 0.0461921691894531 -0.248687744140625 0.2080078125
-0.0203323364257813 0.0794143676757813 -0.0302009582519531 0.0345172882080078
-0.0203170776367188 -0.0698356628417969 -0.0171661376953125 0.24688720703125
-0.0289535522460938 -0.0775680541992188 -0.0974960327148438 -0.103172302246094
-0.0741500854492188 0.01055908203125 -0.0676727294921875 -0.22760009765625
-0.0193405151367187 0.07073974609375 0.247711181640625 -0.0893096923828125
0.024871826171875 0.0573692321777344 0.493133544921875 0.284393310546875
0.0431060791015625 0.0135574340820313 0.3846435546875 0.65557861328125
0.0214023590087891 0.0257282257080078 -0.01153564453125 0.64398193359375
-0.0176315307617188 0.0206146240234375 -0.164566040039062 0.263656616210937
-0.0167198181152344 0.0137538909912109 0.152511596679688 -0.118392944335938
0.0185642242431641 0.0202846527099609 0.3885498046875 -0.510986328125
0.0539703369140625 0.0430030822753906 0.0834350585937499 -0.712646484375
0.0575904846191406 0.0427055358886719 -0.349578857421875 -0.399566650390625
-0.0037689208984375 0.0459098815917969 -0.492462158203125 0.01171875
-0.0222034454345703 0.00173377990722656 -0.251205444335937 0.215835571289063
-0.0270004272460938 -0.00575065612792969 -0.0361518859863281 0.046539306640625
-0.0282440185546875 -0.1708984375 -0.0288238525390625 0.235626220703125
-0.0550537109375 -0.16485595703125 -0.0742950439453125 -0.0968780517578125
-0.100265502929688 -0.0318984985351562 -0.000625610351562501 -0.224273681640625
-2.28881835937549E-05 0.102806091308594 0.300628662109375 -0.072479248046875
0.07391357421875 0.133529663085938 0.4591064453125 0.334075927734375
0.0817947387695313 0.111991882324219 0.293701171875 0.6861572265625
-0.0036468505859375 0.121673583984375 -0.060791015625 0.62408447265625
-0.104148864746094 0.087799072265625 -0.127944946289063 0.237472534179687
-0.0883102416992188 0.0882034301757813 0.1859130859375 -0.15130615234375
-0.00260925292968751 0.110343933105469 0.323516845703125 -0.5479736328125
0.0801544189453125 0.154281616210938 -0.0449829101562501 -0.67474365234375
0.106307983398438 0.127944946289062 -0.40887451171875 -0.314697265625
0.00935363769531249 0.0719833374023437 -0.47357177734375 0.0578918457031251
-0.0327835083007812 -0.0515098571777344 -0.216812133789063 0.223403930664063
-0.0301132202148437 -0.0901260375976562 -0.0274658203125 0.0382461547851562
-0.0344390869140625 -0.2462158203125 -0.0343170166015625 0.205429077148437
-0.06793212890625 -0.212631225585938 -0.0309066772460937 -0.101943969726563
-0.088653564453125 -0.0385208129882812 0.1019287109375 -0.21136474609375
0.039459228515625 0.147125244140625 0.364166259765625 -0.026947021484375
0.103485107421875 0.204727172851562 0.3905029296875 0.4129638671875
0.076690673828125 0.193008422851563 0.15277099609375 0.712646484375
-0.0540771484375 0.195144653320313 -0.11932373046875 0.56494140625
-0.169937133789063 0.142059326171875 -0.0669403076171875 0.17950439453125
-0.115997314453125 0.163619995117188 0.215011596679688 -0.222381591796875
0.0256500244140625 0.193878173828125 0.20672607421875 -0.597900390625
0.130950927734375 0.23321533203125 -0.2130126953125 -0.600341796875
0.141525268554688 0.171066284179687 -0.457733154296875 -0.194580078125
0.00917434692382812 0.0574684143066406 -0.41571044921875 0.114349365234375
-0.0479812622070312 -0.114006042480469 -0.151153564453125 0.221908569335937
-0.033233642578125 -0.163162231445313 -0.0101919174194336 0.00747394561767577
-0.035308837890625 -0.281890869140625 -0.031646728515625 0.157669067382812
-0.060211181640625 -0.216064453125 0.0339813232421875 -0.118789672851563
-0.0464935302734375 -0.0124778747558594 0.214675903320313 -0.188568115234375
0.0769500732421875 0.197219848632813 0.40570068359375 0.0543212890625
0.0965423583984375 0.25738525390625 0.278045654296875 0.506591796875
0.0254974365234375 0.239547729492188 -0.016357421875 0.71514892578125
-0.115081787109375 0.231063842773438 -0.162261962890625 0.4788818359375
-0.207794189453125 0.175735473632813 0.00826263427734374 0.099700927734375
-0.10333251953125 0.220123291015625 0.2166748046875 -0.317718505859375
0.0814208984375 0.244644165039063 0.05291748046875 -0.63543701171875
0.175765991210938 0.260833740234375 -0.37506103515625 -0.4993896484375
0.141311645507813 0.165924072265625 -0.4638671875 -0.079559326171875
-0.00999736785888672 0.00585460662841797 -0.312896728515625 0.1578369140625
-0.0628204345703125 -0.17572021484375 -0.06787109375 0.206924438476563
-0.0341949462890625 -0.215118408203125 0.00917434692382813 -0.0411605834960938
0.012115478515625 0.23931884765625 0.0112686157226562 0.0913009643554688
0.0785980224609375 0.1883544921875 0.00169372558593752 -0.16802978515625
0.0454826354980469 0.0535125732421875 0.167648315429688 -0.196533203125
-0.0948486328125 -0.127243041992188 0.43292236328125 0.01416015625
-0.165985107421875 -0.249465942382813 0.46478271484375 0.3895263671875
-0.106903076171875 -0.29241943359375 0.1558837890625 0.6263427734375
0.08465576171875 -0.244094848632813 -0.099822998046875 0.439697265625
0.244888305664063 -0.167251586914063 -0.0197830200195312 0.0724639892578125
0.19622802734375 -0.205001831054687 0.2362060546875 -0.340576171875
0.0614776611328125 -0.26123046875 0.2286376953125 -0.6728515625
-0.0709228515625 -0.290863037109375 -0.16485595703125 -0.62127685546875
-0.0966339111328124 -0.19677734375 -0.40264892578125 -0.181610107421875
0.00892448425292969 -0.0257186889648437 -0.336273193359375 0.156890869140625
0.069091796875 0.174545288085938 -0.0758209228515625 0.181167602539063
0.0146484375 0.247894287109375 0.0393600463867188 -0.101669311523437
0.00671386718749999 0.212554931640625 0.00862121582031248 0.146987915039063
0.06573486328125 0.178863525390625 -0.0542755126953125 -0.148193359375
0.0555496215820313 0.0979843139648438 0.045501708984375 -0.201889038085937
-0.0536613464355469 -0.0612869262695313 0.355560302734375 -0.035858154296875
-0.138900756835938 -0.18603515625 0.518951416015625 0.3201904296875
-0.118896484375 -0.252914428710938 0.2952880859375 0.6224365234375
0.0500030517578125 -0.22369384765625 -0.048553466796875 0.522308349609375
0.214935302734375 -0.14874267578125 -0.0907135009765625 0.151702880859375
0.206939697265625 -0.164566040039063 0.208969116210937 -0.24395751953125
0.114791870117188 -0.213241577148438 0.34381103515625 -0.60711669921875
-0.00811767578124997 -0.261276245117188 -0.010498046875 -0.68963623046875
-0.08026123046875 -0.19781494140625 -0.3721923828125 -0.301177978515625
-0.0185623168945312 -0.0513534545898438 -0.412261962890625 0.093841552734375
0.0358734130859375 0.131843566894531 -0.151992797851563 0.1949462890625
0.00183105468749999 0.2171630859375 0.012054443359375 -0.0445060729980469
-0.0009613037109375 0.141647338867188 0.00119018554687498 0.193313598632813
0.0352249145507813 0.121658325195313 -0.0843353271484375 -0.13482666015625
0.027099609375 0.10498046875 -0.0454254150390625 -0.211395263671875
-0.0294818878173828 0.00197792053222656 0.27923583984375 -0.0683135986328125
-0.08538818359375 -0.103141784667969 0.52789306640625 0.279022216796875
-0.0832977294921875 -0.1796875 0.38824462890625 0.61920166015625
0.0323028564453125 -0.164581298828125 -0.00488281249999998 0.58782958984375
0.155120849609375 -0.107498168945312 -0.144805908203125 0.217910766601563
0.1661376953125 -0.1112060546875 0.1678466796875 -0.167236328125
0.118515014648438 -0.14190673828125 0.399261474609375 -0.54534912109375
0.036773681640625 -0.1822509765625 0.09539794921875 -0.7174072265625
-0.0399017333984375 -0.147689819335938 -0.335174560546875 -0.38763427734375
-0.0281906127929687 -0.040802001953125 -0.461212158203125 0.0345458984375
0.00569152832031251 0.0878982543945313 -0.214004516601563 0.202880859375
-0.00975036621093751 0.15460205078125 -0.010991096496582 0.00330352783203126
-0.0107307434082031 0.0439186096191406 -0.0045623779296875 0.22991943359375
0.002044677734375 0.0287857055664062 -0.100440979003906 -0.115951538085938
-0.0229644775390625 0.0671043395996094 -0.0835418701171875 -0.221603393554687
-0.0225791931152344 0.0427017211914063 0.23773193359375 -0.08648681640625
-0.0299148559570313 -0.0205516815185547 0.51666259765625 0.264251708984375
-0.0213394165039063 -0.086517333984375 0.418701171875 0.62957763671875
0.0291366577148437 -0.07659912109375 0.0131835937499999 0.6329345703125
0.0737075805664063 -0.0484542846679688 -0.170852661132813 0.257156372070313
0.0794525146484375 -0.0517654418945313 0.143478393554688 -0.127197265625
0.0723800659179687 -0.0643844604492188 0.411285400390625 -0.512451171875
0.0499038696289063 -0.0762557983398438 0.1309814453125 -0.7269287109375
0.00763702392578125 -0.0608940124511719 -0.3245849609375 -0.425079345703125
-0.0195827484130859 -0.00140571594238282 -0.485748291015625 0.00311279296874991
-0.0118827819824219 0.0460968017578125 -0.249038696289063 0.208709716796875
-0.0204925537109375 0.0796737670898438 -0.0305938720703125 0.0352249145507813
-0.02056884765625 -0.0681266784667969 -0.0170135498046875 0.245346069335937
-0.029937744140625 -0.0774917602539062 -0.0967788696289062 -0.102996826171875
-0.0731582641601563 0.0103683471679687 -0.066619873046875 -0.227203369140625
-0.019683837890625 0.0711212158203125 0.248153686523437 -0.0902099609375
0.0248184204101562 0.0570907592773438 0.49407958984375 0.28302001953125
0.0422935485839844 0.0130615234375 0.38690185546875 0.65374755859375
0.0213298797607422 0.0256099700927734 -0.00958251953124997 0.6453857421875
-0.0187644958496094 0.0211849212646484 -0.165420532226562 0.264678955078125
-0.0169658660888672 0.0140647888183594 0.15191650390625 -0.119140625
0.0176677703857422 0.0197086334228516 0.38751220703125 -0.51165771484375
0.0541877746582031 0.0430183410644531 0.08154296875 -0.713623046875
0.0571136474609375 0.0416336059570313 -0.351348876953125 -0.4010009765625
-0.00363540649414062 0.0457839965820312 -0.493560791015625 0.011474609375
-0.0221195220947266 0.002655029296875 -0.251022338867188 0.215484619140625
-0.0271701812744141 -0.00475311279296875 -0.0359001159667969 0.047119140625
-0.029205322265625 -0.170013427734375 -0.02691650390625 0.234771728515625
-0.056396484375 -0.164398193359375 -0.0734024047851563 -0.0966720581054688
-0.100128173828125 -0.0312271118164063 0.000656127929687479 -0.223342895507813
0.000572204589843747 0.102760314941406 0.300628662109375 -0.073089599609375
0.0740814208984375 0.1328125 0.459747314453125 0.333099365234375
0.0815887451171875 0.110092163085938 0.29693603515625 0.68585205078125
-0.00408935546875001 0.121955871582031 -0.0595092773437499 0.6236572265625
-0.103263854980469 0.0877838134765625 -0.128448486328125 0.23760986328125
-0.089202880859375 0.08795166015625 0.185150146484375 -0.1519775390625
-0.00376129150390624 0.1099853515625 0.32305908203125 -0.54986572265625
0.0807342529296875 0.15399169921875 -0.0462036132812499 -0.6746826171875
0.1068115234375 0.12725830078125 -0.41021728515625 -0.31671142578125
0.00995635986328124 0.0712738037109375 -0.47467041015625 0.05731201171875
-0.0328712463378906 -0.0505867004394531 -0.216262817382813 0.222854614257813
-0.0301589965820312 -0.08880615234375 -0.0271873474121094 0.038848876953125
-0.0348663330078125 -0.245330810546875 -0.0332794189453125 0.20355224609375
-0.069244384765625 -0.212432861328125 -0.03009033203125 -0.101638793945313
-0.0885162353515625 -0.03900146484375 0.102401733398438 -0.211517333984375
0.0404052734375 0.146713256835937 0.363922119140625 -0.02716064453125
0.103927612304687 0.203659057617187 0.394439697265625 0.41302490234375
0.076324462890625 0.191986083984375 0.15594482421875 0.712158203125
-0.0543365478515625 0.195831298828125 -0.11798095703125 0.565185546875
-0.170639038085938 0.142532348632813 -0.0666656494140625 0.179855346679688
-0.11712646484375 0.163864135742187 0.215438842773438 -0.223251342773438
0.02484130859375 0.19366455078125 0.20562744140625 -0.598876953125
0.131866455078125 0.2322998046875 -0.2152099609375 -0.59991455078125
0.143203735351563 0.170639038085937 -0.45782470703125 -0.19403076171875
0.010162353515625 0.0571784973144531 -0.415435791015625 0.11480712890625
-0.0485458374023438 -0.11322021484375 -0.150863647460937 0.22222900390625
-0.0340423583984375 -0.162490844726563 -0.0102758407592773 0.00839138031005859
-0.0364532470703125 -0.280654907226563 -0.0308380126953125 0.156829833984375
-0.061309814453125 -0.215438842773437 0.0348358154296875 -0.118759155273438
-0.0457115173339844 -0.01202392578125 0.215255737304688 -0.188720703125
0.077880859375 0.196426391601563 0.405181884765625 0.053955078125
0.0978851318359375 0.255844116210938 0.27691650390625 0.506500244140625
0.0264434814453125 0.238937377929688 -0.0134277343750001 0.714111328125
-0.115036010742188 0.230697631835938 -0.160675048828125 0.48004150390625
-0.207672119140625 0.1771240234375 0.00917053222656249 0.0995025634765625
-0.103683471679688 0.22076416015625 0.216278076171875 -0.317901611328125
0.0806884765625 0.2435302734375 0.05133056640625 -0.63604736328125
0.176467895507813 0.26043701171875 -0.37353515625 -0.498748779296875
0.142349243164063 0.165603637695313 -0.46533203125 -0.0791015625000001
-0.00909805297851563 0.00617122650146484 -0.313018798828125 0.1575927734375
-0.0630340576171875 -0.175018310546875 -0.068115234375 0.207183837890625
-0.03399658203125 -0.213775634765625 0.00943756103515625 -0.0407638549804688
0.0133209228515625 0.240264892578125 0.0113754272460937 0.0898361206054688
0.0783843994140625 0.188003540039063 0.00138854980468751 -0.169586181640625
0.0448951721191406 0.0536651611328125 0.168670654296875 -0.197708129882812
-0.0956954956054688 -0.126312255859375 0.434722900390625 0.014007568359375
-0.167556762695313 -0.249053955078125 0.466278076171875 0.388519287109375
-0.106414794921875 -0.292327880859375 0.15667724609375 0.62823486328125
0.0856475830078125 -0.243698120117187 -0.0994873046875 0.44146728515625
0.246353149414063 -0.167343139648438 -0.0201187133789062 0.072052001953125
0.196578979492187 -0.20477294921875 0.2364501953125 -0.340545654296875
0.0619659423828125 -0.260635375976563 0.22747802734375 -0.673095703125
-0.070953369140625 -0.290557861328125 -0.16680908203125 -0.62298583984375
-0.097564697265625 -0.196731567382813 -0.40521240234375 -0.18243408203125
0.00733184814453125 -0.0263175964355469 -0.33782958984375 0.157806396484375
0.069061279296875 0.173355102539063 -0.0762481689453125 0.182266235351563
0.0153656005859375 0.248016357421875 0.0388717651367188 -0.101097106933594
0.00833129882812502 0.213729858398438 0.00868225097656249 0.146453857421875
0.0657501220703125 0.179031372070313 -0.05401611328125 -0.14910888671875
0.0548019409179688 0.098114013671875 0.0463714599609375 -0.202850341796875
-0.0549545288085937 -0.0613784790039063 0.357147216796875 -0.036834716796875
-0.1407470703125 -0.185821533203125 0.520721435546875 0.319091796875
-0.119735717773438 -0.251678466796875 0.29620361328125 0.6251220703125
0.0508270263671875 -0.22320556640625 -0.0471496582031249 0.522979736328125
0.21673583984375 -0.149093627929688 -0.0916900634765625 0.152130126953125
0.207656860351563 -0.164520263671875 0.208877563476562 -0.244186401367187
0.115280151367187 -0.21343994140625 0.34375 -0.60821533203125
-0.008453369140625 -0.26123046875 -0.012451171875 -0.69171142578125
-0.0804290771484375 -0.198226928710937 -0.374603271484375 -0.302215576171875
-0.0200920104980469 -0.0514602661132813 -0.41436767578125 0.0928955078125
0.03570556640625 0.131019592285156 -0.152496337890625 0.195404052734375
0.0019989013671875 0.217620849609375 0.0124015808105469 -0.043609619140625
-0.000137329101562487 0.142791748046875 0.00163269042968751 0.191848754882812
0.0347518920898438 0.122100830078125 -0.0838394165039062 -0.135009765625
0.027435302734375 0.104393005371094 -0.04388427734375 -0.2117919921875
-0.0296859741210937 0.00142478942871093 0.279693603515625 -0.0692138671875
-0.0866775512695313 -0.103408813476563 0.529571533203125 0.27618408203125
-0.0833892822265625 -0.179702758789063 0.39007568359375 0.61895751953125
0.0330352783203125 -0.164443969726563 -0.00421142578124997 0.5880126953125
0.155899047851563 -0.107986450195313 -0.14532470703125 0.2183837890625
0.165328979492187 -0.111770629882812 0.167190551757813 -0.168212890625
0.118011474609375 -0.142044067382812 0.39849853515625 -0.54620361328125
0.0371551513671875 -0.18377685546875 0.09332275390625 -0.72198486328125
-0.0399627685546875 -0.148513793945313 -0.337158203125 -0.389556884765625
-0.0283393859863281 -0.0410995483398438 -0.462249755859375 0.03497314453125
0.00548553466796876 0.087677001953125 -0.214599609375 0.20367431640625
-0.010345458984375 0.15545654296875 -0.0110740661621094 0.00378036499023439
-0.0103034973144531 0.0445709228515625 -0.00364685058593749 0.229812622070312
0.002105712890625 0.0285854339599609 -0.1002197265625 -0.116973876953125
-0.0230598449707031 0.0666656494140625 -0.0824432373046875 -0.222381591796875
-0.0224876403808594 0.0424957275390625 0.23858642578125 -0.087005615234375
-0.0307350158691406 -0.0211906433105469 0.518310546875 0.264007568359375
-0.0225067138671875 -0.0866851806640625 0.42291259765625 0.62969970703125
0.0291595458984375 -0.0758438110351563 0.01287841796875 0.63323974609375
0.0740737915039062 -0.0484390258789062 -0.170654296875 0.258285522460938
0.0794830322265625 -0.0519256591796875 0.143402099609375 -0.12701416015625
0.0723342895507813 -0.0637359619140625 0.409942626953125 -0.511474609375
0.0492172241210938 -0.0768508911132813 0.12860107421875 -0.7286376953125
0.00730133056640626 -0.0616912841796875 -0.326446533203125 -0.4266357421875
-0.0191841125488281 -0.000867843627929684 -0.485809326171875 0.00262451171875009
-0.0120201110839844 0.0452651977539063 -0.249114990234375 0.2091064453125
-0.0196456909179687 0.0807952880859375 -0.0301017761230469 0.0356216430664063
-0.0202827453613281 -0.0670967102050781 -0.015289306640625 0.245162963867188
-0.0306472778320313 -0.0768585205078125 -0.0952606201171875 -0.103187561035156
-0.0731887817382812 0.0101699829101562 -0.065765380859375 -0.227447509765625
-0.018768310546875 0.0715179443359375 0.248916625976563 -0.0912628173828125
0.0242080688476562 0.0565147399902344 0.496551513671875 0.281768798828125
0.0422630310058594 0.0126533508300781 0.38897705078125 0.6549072265625
0.0217456817626953 0.0255966186523438 -0.00872802734375005 0.646240234375
-0.0183982849121094 0.0208511352539062 -0.165603637695313 0.265090942382813
-0.0173864364624023 0.0141077041625977 0.15167236328125 -0.119140625
0.0170917510986328 0.0198802947998047 0.387969970703125 -0.513763427734375
0.0544166564941406 0.0427398681640625 0.0800170898437499 -0.7154541015625
0.0579872131347656 0.04132080078125 -0.35394287109375 -0.402740478515625
-0.00345230102539063 0.0456695556640625 -0.494415283203125 0.0117187499999999
-0.0223102569580078 0.00251007080078125 -0.250717163085938 0.216537475585938
-0.0264434814453125 -0.00461006164550781 -0.0355644226074219 0.0483131408691406
-0.029876708984375 -0.169692993164063 -0.02642822265625 0.234359741210937
-0.0583038330078125 -0.16461181640625 -0.07305908203125 -0.0963897705078125
-0.0991897583007813 -0.0321044921875 0.000961303710937513 -0.22406005859375
0.00176239013671875 0.102302551269531 0.301361083984375 -0.0738525390625
0.0738525390625 0.13275146484375 0.461883544921875 0.3319091796875
0.081085205078125 0.109901428222656 0.29632568359375 0.6849365234375
-0.00386810302734374 0.122230529785156 -0.05902099609375 0.62469482421875
-0.104087829589844 0.0885696411132813 -0.128631591796875 0.2381591796875
-0.0901412963867187 0.0894088745117188 0.184799194335937 -0.152618408203125
-0.00439453124999999 0.110008239746094 0.32196044921875 -0.5506591796875
0.0812835693359375 0.154052734375 -0.0474243164062499 -0.67828369140625
0.107780456542969 0.126693725585938 -0.413360595703125 -0.3177490234375
0.0107269287109375 0.0708236694335937 -0.47625732421875 0.057037353515625
-0.0327186584472656 -0.0506935119628906 -0.21649169921875 0.223861694335938
-0.0297775268554688 -0.0884552001953125 -0.0269393920898438 0.039154052734375
-0.035797119140625 -0.244384765625 -0.0319976806640625 0.203781127929687
-0.0711517333984375 -0.211517333984375 -0.0291748046875 -0.102264404296875
-0.087738037109375 -0.038360595703125 0.10382080078125 -0.211761474609375
0.0423126220703125 0.1466064453125 0.365814208984375 -0.0277099609375
0.104461669921875 0.203582763671875 0.396331787109375 0.41217041015625
0.0766754150390625 0.191482543945313 0.1578369140625 0.713134765625
-0.05364990234375 0.195892333984375 -0.11798095703125 0.5670166015625
-0.171371459960938 0.143295288085938 -0.067138671875 0.180099487304688
-0.117355346679688 0.164520263671875 0.215011596679688 -0.223770141601563
0.02459716796875 0.192459106445313 0.20465087890625 -0.60076904296875
0.132736206054688 0.232025146484375 -0.2164306640625 -0.60174560546875
0.144027709960938 0.169357299804688 -0.460906982421875 -0.1968994140625
0.0104942321777344 0.0567512512207031 -0.417144775390625 0.114715576171875
-0.0483551025390625 -0.113357543945313 -0.150527954101563 0.2232666015625
-0.0339202880859375 -0.161422729492188 -0.00939655303955078 0.00922775268554686
-0.03753662109375 -0.279632568359375 -0.03009033203125 0.156234741210937
-0.0626220703125 -0.21435546875 0.0349349975585937 -0.119728088378906
-0.0447273254394531 -0.0129051208496094 0.216934204101562 -0.187835693359375
0.0797882080078125 0.19586181640625 0.40673828125 0.053619384765625
0.0978546142578125 0.255889892578125 0.2806396484375 0.506103515625
0.025482177734375 0.23931884765625 -0.0134277343750001 0.7154541015625
-0.115493774414062 0.231048583984375 -0.160858154296875 0.4803466796875
-0.208328247070313 0.178024291992188 0.00943756103515623 0.0996627807617188
-0.104080200195313 0.221405029296875 0.21630859375 -0.31915283203125
0.080474853515625 0.243133544921875 0.053466796875 -0.637939453125
0.17767333984375 0.260635375976563 -0.37506103515625 -0.49884033203125
0.143081665039063 0.164642333984375 -0.466796875 -0.0805969238281249
-0.00855016708374023 0.005828857421875 -0.314788818359375 0.157867431640625
-0.064178466796875 -0.175125122070312 -0.0674896240234375 0.207794189453125
-0.0342559814453125 -0.213516235351563 0.00958633422851562 -0.0385780334472656
0.0138702392578125 0.241455078125 0.011260986328125 0.0891494750976563
0.077880859375 0.18878173828125 0.0015411376953125 -0.170364379882812
0.0440750122070313 0.0531120300292969 0.16949462890625 -0.198699951171875
-0.0972366333007812 -0.126548767089844 0.4361572265625 0.013275146484375
-0.16815185546875 -0.249496459960938 0.4686279296875 0.39007568359375
-0.106719970703125 -0.292999267578125 0.1578369140625 0.63067626953125
0.0866546630859375 -0.244171142578125 -0.098388671875 0.442535400390625
0.247817993164062 -0.167572021484375 -0.01947021484375 0.072235107421875
0.197921752929687 -0.205352783203125 0.237030029296875 -0.3414306640625
0.0626678466796875 -0.261032104492188 0.2298583984375 -0.67620849609375
-0.07110595703125 -0.2913818359375 -0.1683349609375 -0.624755859375
-0.09918212890625 -0.197647094726563 -0.408905029296875 -0.18408203125
0.00634765625 -0.0267086029052734 -0.339385986328125 0.15777587890625
0.0683135986328125 0.173309326171875 -0.0764617919921875 0.182632446289063
0.0157470703125 0.248825073242188 0.0396270751953125 -0.100532531738281
0.00889587402343751 0.215316772460937 0.00874328613281251 0.1444091796875
0.06536865234375 0.17938232421875 -0.0545196533203125 -0.150039672851563
0.054779052734375 0.0978927612304688 0.047393798828125 -0.203475952148438
-0.0557365417480469 -0.0609817504882812 0.358001708984375 -0.03692626953125
-0.142486572265625 -0.185699462890625 0.522979736328125 0.3194580078125
-0.12066650390625 -0.252349853515625 0.30029296875 0.6243896484375
0.051544189453125 -0.223785400390625 -0.04705810546875 0.5240478515625
0.21759033203125 -0.149581909179688 -0.0919952392578125 0.152969360351562
0.208908081054688 -0.164993286132813 0.208572387695313 -0.2451171875
0.1162109375 -0.213363647460938 0.34521484375 -0.61151123046875
-0.00794982910156252 -0.262588500976563 -0.01336669921875 -0.69586181640625
-0.0819549560546875 -0.198883056640625 -0.37738037109375 -0.3037109375
-0.0205192565917969 -0.0517005920410156 -0.41619873046875 0.0935363769531251
0.0351181030273438 0.130523681640625 -0.152252197265625 0.196197509765625
0.0030517578125 0.218353271484375 0.0127296447753906 -0.0429878234863281
0.000854492187499989 0.14337158203125 0.00238037109374998 0.192123413085938
0.0345382690429688 0.123046875 -0.0841445922851563 -0.135574340820313
0.0271453857421875 0.104484558105469 -0.0432891845703125 -0.213058471679688
-0.0301933288574219 0.00131797790527343 0.280868530273438 -0.0696563720703125
-0.0879974365234375 -0.102638244628906 0.531890869140625 0.276153564453125
-0.084381103515625 -0.179595947265625 0.39117431640625 0.62017822265625
0.033599853515625 -0.164749145507812 -0.00396728515625006 0.59088134765625
0.15716552734375 -0.107818603515625 -0.146820068359375 0.220046997070312
0.166854858398438 -0.1109619140625 0.167465209960938 -0.16845703125
0.118453979492187 -0.141769409179687 0.398773193359375 -0.5472412109375
0.0370941162109375 -0.1842041015625 0.09307861328125 -0.72381591796875
-0.04083251953125 -0.149490356445312 -0.34063720703125 -0.392547607421875
-0.0296058654785156 -0.0415153503417969 -0.4644775390625 0.03497314453125
0.00514221191406249 0.0874404907226563 -0.215927124023438 0.20489501953125
-0.00926208496093752 0.155853271484375 -0.0108556747436523 0.00448226928710938
-0.00958633422851562 0.0452003479003906 -0.00311279296875001 0.229766845703125
0.00115394592285156 0.0292301177978516 -0.0995254516601562 -0.117454528808594
-0.0227241516113281 0.0672645568847656 -0.0814208984375 -0.222457885742188
-0.0227584838867188 0.0432090759277344 0.239898681640625 -0.08837890625
-0.0315399169921875 -0.02099609375 0.521026611328125 0.2630615234375
-0.0230712890625 -0.0882339477539063 0.4237060546875 0.6318359375
0.0298080444335938 -0.0762100219726563 0.01556396484375 0.63372802734375
0.074462890625 -0.0480575561523438 -0.172195434570313 0.259902954101562
0.0797576904296875 -0.051055908203125 0.143218994140625 -0.127227783203125
0.0722579956054688 -0.064056396484375 0.410888671875 -0.514129638671875
0.0499191284179688 -0.0776290893554687 0.127685546875 -0.73126220703125
0.00786972045898438 -0.0624313354492188 -0.33013916015625 -0.428863525390625
-0.0197963714599609 -0.0018310546875 -0.49072265625 0.00161743164062503
-0.0122108459472656 0.0456047058105469 -0.250244140625 0.2091064453125
-0.0188522338867187 0.0813217163085937 -0.0303764343261719 0.0371513366699219
-0.0206222534179688 -0.0663909912109375 -0.0137939453125 0.2440185546875
-0.0313491821289062 -0.0760498046875 -0.09515380859375 -0.103736877441406
-0.0727767944335938 0.0104446411132812 -0.0646820068359375 -0.227523803710938
-0.0189666748046875 0.0709762573242188 0.249465942382813 -0.0919342041015625
0.0243949890136719 0.0573310852050781 0.4991455078125 0.281463623046875
0.0412330627441406 0.0121650695800781 0.390380859375 0.65576171875
0.0219573974609375 0.0262908935546875 -0.00830078125000003 0.64764404296875
-0.0178604125976562 0.0213661193847656 -0.166732788085938 0.266952514648438
-0.0179691314697266 0.0146255493164063 0.151290893554687 -0.119552612304687
0.0159454345703125 0.0195884704589844 0.388458251953125 -0.515594482421875
0.0542106628417969 0.0420761108398438 0.0790405273437501 -0.718994140625
0.0586662292480469 0.0401611328125 -0.3564453125 -0.406463623046875
-0.00306320190429688 0.0454597473144531 -0.496673583984375 0.011260986328125
-0.0232276916503906 0.00283050537109375 -0.252120971679688 0.217300415039063
-0.0256271362304688 -0.00424575805664062 -0.0356941223144531 0.049560546875
-0.0302886962890625 -0.169418334960937 -0.0247650146484375 0.234786987304688
-0.0588836669921875 -0.163970947265625 -0.0717926025390625 -0.0967330932617188
-0.0995101928710938 -0.0318222045898438 0.00238037109375001 -0.224334716796875
0.00337982177734376 0.102325439453125 0.3023681640625 -0.07415771484375
0.0739288330078125 0.132614135742187 0.46405029296875 0.332366943359375
0.08123779296875 0.109642028808594 0.30078125 0.6864013671875
-0.0043487548828125 0.122894287109375 -0.05767822265625 0.62689208984375
-0.104530334472656 0.0883636474609375 -0.129257202148438 0.2391357421875
-0.0910415649414063 0.0897140502929688 0.1845703125 -0.153839111328125
-0.00482177734375001 0.110115051269531 0.322418212890625 -0.552520751953125
0.0811767578125 0.154052734375 -0.0497436523437499 -0.680908203125
0.108329772949219 0.126319885253906 -0.414947509765625 -0.319671630859375
0.0106277465820312 0.0711669921875 -0.478668212890625 0.057861328125
-0.0333328247070313 -0.0498924255371094 -0.217529296875 0.22454833984375
-0.0303421020507813 -0.08758544921875 -0.02691650390625 0.0404930114746094
-0.03643798828125 -0.24420166015625 -0.0315093994140625 0.202163696289062
-0.0714874267578125 -0.2117919921875 -0.0282516479492188 -0.102989196777344
-0.0872802734375 -0.03839111328125 0.104522705078125 -0.212387084960937
0.043304443359375 0.146743774414063 0.366943359375 -0.02801513671875
0.104690551757813 0.20269775390625 0.39752197265625 0.41265869140625
0.075775146484375 0.190872192382813 0.159912109375 0.71405029296875
-0.05413818359375 0.19659423828125 -0.11578369140625 0.56805419921875
-0.171600341796875 0.144302368164062 -0.0672607421875 0.180816650390625
-0.119064331054688 0.164779663085938 0.215438842773438 -0.225372314453125
0.023284912109375 0.1929931640625 0.20562744140625 -0.60211181640625
0.133529663085938 0.232803344726563 -0.218017578125 -0.60357666015625
0.145355224609375 0.16937255859375 -0.463531494140625 -0.199127197265625
0.01141357421875 0.0563240051269531 -0.41973876953125 0.11572265625
-0.0491104125976562 -0.113166809082031 -0.150863647460938 0.224578857421875
-0.0334320068359375 -0.161773681640625 -0.00973701477050781 0.010467529296875
-0.0389556884765625 -0.280242919921875 -0.02886962890625 0.155807495117187
-0.0639801025390625 -0.214462280273438 0.0361480712890625 -0.120223999023438
-0.0442047119140625 -0.0120429992675781 0.21826171875 -0.18914794921875
0.0821533203125 0.195877075195313 0.40863037109375 0.05328369140625
0.09869384765625 0.256179809570313 0.282745361328125 0.50909423828125
0.0263519287109375 0.238800048828125 -0.0105590820312501 0.717041015625
-0.116455078125 0.23223876953125 -0.160675048828125 0.48248291015625
-0.20941162109375 0.1785888671875 0.00937652587890625 0.100189208984375
-0.105804443359375 0.221817016601563 0.217041015625 -0.321319580078125
0.0802459716796875 0.242889404296875 0.050537109375 -0.640625
0.178451538085938 0.259933471679688 -0.380218505859375 -0.499786376953125
0.145172119140625 0.16448974609375 -0.46929931640625 -0.0807189941406249
-0.00831174850463867 0.00554084777832031 -0.316314697265625 0.158782958984375
-0.064178466796875 -0.175018310546875 -0.067291259765625 0.208831787109375
-0.034423828125 -0.213424682617187 0.00915145874023438 -0.03765869140625
0.0155792236328125 0.242950439453125 0.011444091796875 0.0880966186523438
0.078094482421875 0.190109252929687 0.00111389160156251 -0.171798706054688
0.0432929992675781 0.0537605285644531 0.171401977539063 -0.201126098632813
-0.0996017456054688 -0.126823425292969 0.43890380859375 0.012481689453125
-0.17095947265625 -0.250747680664063 0.471435546875 0.390533447265625
-0.108734130859375 -0.29376220703125 0.161376953125 0.6328125
0.087677001953125 -0.244155883789062 -0.097900390625 0.444610595703125
0.250701904296875 -0.169189453125 -0.0197677612304687 0.0727996826171875
0.1995849609375 -0.205535888671875 0.23663330078125 -0.343719482421875
0.0633697509765625 -0.261245727539063 0.2291259765625 -0.67926025390625
-0.072174072265625 -0.29241943359375 -0.1702880859375 -0.62799072265625
-0.100341796875 -0.199371337890625 -0.413482666015625 -0.184844970703125
0.00507926940917969 -0.0265464782714844 -0.342193603515625 0.158843994140625
0.0679779052734375 0.1727294921875 -0.076416015625 0.183883666992188
0.01715087890625 0.250244140625 0.0394668579101563 -0.0996322631835937
0.010406494140625 0.216354370117188 0.0096588134765625 0.144393920898438
0.0653839111328125 0.180694580078125 -0.054443359375 -0.151962280273438
0.0543899536132813 0.0983657836914062 0.0482025146484375 -0.20513916015625
-0.0569992065429687 -0.0609550476074219 0.361236572265625 -0.038665771484375
-0.14398193359375 -0.186080932617188 0.5250244140625 0.319122314453125
-0.121780395507813 -0.253311157226563 0.30206298828125 0.62872314453125
0.0518951416015625 -0.223602294921875 -0.045928955078125 0.528076171875
0.220046997070313 -0.15093994140625 -0.0928192138671875 0.153549194335938
0.210342407226563 -0.165054321289063 0.2091064453125 -0.245849609375
0.116302490234375 -0.21368408203125 0.345458984375 -0.61419677734375
-0.00875854492187498 -0.26397705078125 -0.0169677734375001 -0.69940185546875
-0.0828399658203125 -0.200531005859375 -0.38214111328125 -0.306610107421875
-0.0220718383789062 -0.0520553588867188 -0.41888427734375 0.094390869140625
0.03436279296875 0.130393981933594 -0.153305053710938 0.197174072265625
0.0034942626953125 0.219207763671875 0.0122833251953125 -0.041900634765625
0.00152587890625001 0.144866943359375 0.0029144287109375 0.1912841796875
0.0347442626953125 0.123733520507813 -0.0841522216796875 -0.137245178222656
0.0270919799804688 0.104255676269531 -0.043304443359375 -0.214462280273438
-0.031463623046875 0.00141716003417969 0.28314208984375 -0.071380615234375
-0.0898590087890625 -0.103065490722656 0.5343017578125 0.275146484375
-0.085906982421875 -0.180587768554688 0.39593505859375 0.62322998046875
0.03387451171875 -0.165145874023438 -0.00341796874999998 0.59356689453125
0.158767700195313 -0.108673095703125 -0.147232055664062 0.220932006835938
0.168075561523438 -0.111312866210937 0.167266845703125 -0.169418334960938
0.118850708007813 -0.142501831054688 0.39935302734375 -0.550933837890625
0.03729248046875 -0.185653686523438 0.0921630859375 -0.7296142578125
-0.041839599609375 -0.150100708007813 -0.344696044921875 -0.395416259765625
-0.0303192138671875 -0.0419044494628906 -0.467620849609375 0.034820556640625
0.00447845458984376 0.0870895385742188 -0.216888427734375 0.205734252929687
-0.00891113281249999 0.157012939453125 -0.0108880996704102 0.00606822967529298
-0.0102005004882812 0.0472412109375 -0.000930786132812496 0.22900390625
0.00118446350097656 0.0296611785888672 -0.0988235473632813 -0.117599487304687
-0.0230941772460937 0.0671844482421875 -0.0809478759765625 -0.224090576171875
-0.0228614807128906 0.0429763793945313 0.241607666015625 -0.0891876220703125
-0.0321884155273438 -0.0210895538330078 0.523590087890625 0.260986328125
-0.0231552124023438 -0.08795166015625 0.427734375 0.63421630859375
0.0294036865234375 -0.0762557983398438 0.0150146484375001 0.63751220703125
0.0752182006835938 -0.0484771728515625 -0.17291259765625 0.260818481445313
0.0795974731445313 -0.0512771606445313 0.14349365234375 -0.12835693359375
0.0721206665039063 -0.0636978149414063 0.41229248046875 -0.5184326171875
0.0502700805664063 -0.0779037475585938 0.1258544921875 -0.73626708984375
0.00775527954101562 -0.0638313293457031 -0.33380126953125 -0.432891845703125
-0.0207977294921875 -0.0019683837890625 -0.4918212890625 0.00183105468749998
-0.0121307373046875 0.0455513000488281 -0.25091552734375 0.21075439453125
-0.0190887451171875 0.082275390625 -0.0302314758300781 0.0381851196289063
-0.0207099914550781 -0.0660057067871094 -0.012908935546875 0.244277954101563
-0.0328521728515625 -0.0762252807617188 -0.0943069458007812 -0.103492736816406
-0.0736846923828125 0.0102996826171875 -0.0646820068359375 -0.228179931640625
-0.0178108215332031 0.0702438354492188 0.25054931640625 -0.0928955078125
0.0237960815429688 0.0567817687988281 0.5020751953125 0.281005859375
0.0407142639160156 0.0114593505859375 0.3939208984375 0.6568603515625
0.0221920013427734 0.0261631011962891 -0.00720214843749993 0.6514892578125
-0.0179347991943359 0.0219039916992187 -0.167678833007813 0.268264770507812
-0.0187835693359375 0.0147972106933594 0.152023315429688 -0.120376586914063
0.0167560577392578 0.0198497772216797 0.38946533203125 -0.519683837890625
0.0553054809570313 0.0413780212402344 0.0787963867187499 -0.72216796875
0.05963134765625 0.0402069091796875 -0.360931396484375 -0.409515380859375
-0.00304412841796875 0.0455703735351563 -0.500396728515625 0.011199951171875
-0.0231151580810547 0.0018310546875 -0.252365112304688 0.218521118164062
-0.0263729095458984 -0.00340461730957031 -0.0359420776367188 0.0505714416503906
-0.0308380126953125 -0.168930053710938 -0.0231170654296875 0.234512329101563
-0.06048583984375 -0.1641845703125 -0.0710296630859375 -0.0979843139648438
-0.0989837646484375 -0.0314788818359375 0.00347900390624999 -0.225051879882813
0.00402069091796875 0.102485656738281 0.304168701171875 -0.07568359375
0.0749435424804688 0.13238525390625 0.46881103515625 0.332916259765625
0.0805892944335937 0.109039306640625 0.30328369140625 0.68829345703125
-0.00469207763671875 0.124534606933594 -0.05712890625 0.6304931640625
-0.105476379394531 0.0897064208984375 -0.13037109375 0.240966796875
-0.0916213989257813 0.0897750854492187 0.184722900390625 -0.155303955078125
-0.00568389892578125 0.110702514648438 0.3221435546875 -0.55657958984375
0.082611083984375 0.153762817382813 -0.052001953125 -0.68438720703125
0.109931945800781 0.126480102539063 -0.418975830078125 -0.32244873046875
0.0118637084960937 0.0712127685546875 -0.48162841796875 0.0568237304687501
-0.0332908630371094 -0.0497474670410156 -0.217559814453125 0.225784301757812
-0.0293960571289062 -0.0879592895507812 -0.02667236328125 0.0420379638671875
-0.0377655029296875 -0.24456787109375 -0.030853271484375 0.202667236328125
-0.073211669921875 -0.211990356445313 -0.0271682739257813 -0.103187561035156
-0.0867843627929688 -0.038848876953125 0.106369018554688 -0.213409423828125
0.045196533203125 0.14678955078125 0.368621826171875 -0.029449462890625
0.107101440429688 0.203460693359375 0.400299072265625 0.414642333984375
0.076141357421875 0.19073486328125 0.16168212890625 0.71673583984375
-0.0548553466796875 0.197799682617188 -0.11627197265625 0.57232666015625
-0.172256469726562 0.145401000976563 -0.0667724609375 0.1815185546875
-0.119583129882813 0.1661376953125 0.215988159179688 -0.227035522460938
0.0234527587890625 0.193145751953125 0.2060546875 -0.6065673828125
0.13446044921875 0.2330322265625 -0.22100830078125 -0.60760498046875
0.146896362304688 0.16949462890625 -0.468170166015625 -0.200714111328125
0.011138916015625 0.0566902160644531 -0.422332763671875 0.116119384765625
-0.0496139526367187 -0.113113403320312 -0.151290893554688 0.225753784179687
-0.033905029296875 -0.160934448242188 -0.00938320159912109 0.0120277404785156
-0.039764404296875 -0.27972412109375 -0.0286865234375 0.156356811523437
-0.0647735595703125 -0.214340209960937 0.0373153686523438 -0.120918273925781
-0.0430717468261719 -0.0127601623535156 0.220443725585938 -0.1900634765625
0.0842132568359375 0.19598388671875 0.4111328125 0.052947998046875
0.09942626953125 0.256546020507813 0.2850341796875 0.50958251953125
0.025634765625 0.2386474609375 -0.00976562499999994 0.72088623046875
-0.116409301757813 0.233306884765625 -0.15936279296875 0.485504150390625
-0.209609985351563 0.180252075195313 0.0102157592773437 0.100662231445313
-0.106292724609375 0.223663330078125 0.217193603515625 -0.323638916015625
0.080535888671875 0.243316650390625 0.0504150390624999 -0.64520263671875
0.180313110351563 0.260726928710938 -0.3812255859375 -0.503204345703125
0.147216796875 0.164169311523438 -0.474639892578125 -0.0814819335937501
-0.00734806060791016 0.00544595718383789 -0.317626953125 0.15924072265625
-0.065277099609375 -0.174530029296875 -0.0673675537109375 0.210830688476563
-0.0345458984375 -0.213180541992188 0.009246826171875 -0.037109375
0.017578125 0.244949340820313 0.012176513671875 0.0873794555664063
0.078765869140625 0.190841674804688 0.00100708007812501 -0.173843383789063
0.0423660278320313 0.0537567138671875 0.173385620117187 -0.202468872070313
-0.101325988769531 -0.126373291015625 0.44219970703125 0.011993408203125
-0.17315673828125 -0.251174926757813 0.47552490234375 0.390869140625
-0.109222412109375 -0.294647216796875 0.16351318359375 0.6373291015625
0.0886383056640625 -0.245697021484375 -0.097991943359375 0.447174072265625
0.253448486328125 -0.170150756835937 -0.0204544067382812 0.07275390625
0.201400756835938 -0.207763671875 0.237274169921875 -0.345947265625
0.0631103515625 -0.26275634765625 0.22802734375 -0.68524169921875
-0.072723388671875 -0.29425048828125 -0.17303466796875 -0.63330078125
-0.102127075195313 -0.19970703125 -0.417755126953125 -0.186248779296875
0.00388526916503906 -0.0269260406494141 -0.345062255859375 0.160247802734375
0.0681915283203125 0.17279052734375 -0.0766754150390625 0.18499755859375
0.0177459716796875 0.2518310546875 0.0395050048828125 -0.0992279052734375
0.012420654296875 0.218521118164062 0.01019287109375 0.143295288085938
0.06573486328125 0.181381225585938 -0.0552520751953125 -0.152755737304688
0.054229736328125 0.09771728515625 0.04876708984375 -0.207611083984375
-0.0589942932128906 -0.0612754821777344 0.363677978515625 -0.039886474609375
-0.146209716796875 -0.186660766601563 0.53021240234375 0.318939208984375
-0.12298583984375 -0.253555297851563 0.30596923828125 0.63006591796875
0.0531768798828125 -0.224899291992188 -0.04541015625 0.53118896484375
0.222625732421875 -0.151901245117187 -0.0933074951171875 0.154830932617188
0.211944580078125 -0.166793823242187 0.20928955078125 -0.247665405273438
0.117385864257813 -0.214263916015625 0.34564208984375 -0.61993408203125
-0.00888061523437501 -0.265457153320313 -0.01922607421875 -0.70562744140625
-0.0851287841796875 -0.202072143554688 -0.387237548828125 -0.30841064453125
-0.0237884521484375 -0.0524368286132813 -0.422698974609375 0.095367431640625
0.034698486328125 0.129554748535156 -0.15423583984375 0.198562622070313
0.00450134277343749 0.220703125 0.0119972229003906 -0.0410308837890625
0.002532958984375 0.146316528320313 0.00382995605468751 0.19158935546875
0.03436279296875 0.125137329101563 -0.0842514038085938 -0.138534545898438
0.0268478393554687 0.104942321777344 -0.04254150390625 -0.215774536132813
-0.0318355560302734 0.00157928466796875 0.28521728515625 -0.072235107421875
-0.09130859375 -0.103401184082031 0.539154052734375 0.274444580078125
-0.0864410400390625 -0.181472778320312 0.39892578125 0.6251220703125
0.0341033935546875 -0.165817260742187 -0.00122070312499997 0.5965576171875
0.15997314453125 -0.110107421875 -0.148590087890625 0.222915649414063
0.168136596679688 -0.112594604492188 0.167098999023438 -0.170455932617188
0.1192626953125 -0.142837524414063 0.40032958984375 -0.55487060546875
0.0374603271484375 -0.186599731445313 0.0899658203125 -0.73358154296875
-0.042999267578125 -0.15167236328125 -0.349822998046875 -0.397308349609375
-0.0318832397460937 -0.0418968200683594 -0.472259521484375 0.0357666015625001
0.00475311279296875 0.0870819091796875 -0.217819213867187 0.207305908203125
-0.00845336914062501 0.157821655273438 -0.0113105773925781 0.00697612762451173
-0.0090179443359375 0.0474052429199219 0.00010681152343751 0.229156494140625
-0.000236511230468747 0.0307140350341797 -0.098388671875 -0.118392944335938
-0.0234909057617188 0.0677337646484375 -0.080291748046875 -0.225341796875
-0.0224609375 0.0430717468261719 0.243331909179688 -0.091064453125
-0.0336666107177734 -0.0211658477783203 0.5279541015625 0.261383056640625
-0.0246200561523437 -0.0889358520507813 0.4322509765625 0.6353759765625
0.030059814453125 -0.0768280029296875 0.0179443359375 0.64288330078125
0.0764236450195313 -0.0484237670898437 -0.174301147460938 0.263900756835938
0.080047607421875 -0.0520401000976563 0.143386840820312 -0.12896728515625
0.0718612670898438 -0.0642242431640625 0.41192626953125 -0.522705078125
0.049896240234375 -0.0787353515625 0.12518310546875 -0.742919921875
0.00704193115234375 -0.0640525817871094 -0.337799072265625 -0.436004638671875
-0.0205116271972656 -0.00163078308105469 -0.497283935546875 0.00299072265625
-0.0125045776367188 0.0455589294433594 -0.252288818359375 0.212142944335938
-0.0188369750976563 0.0830154418945313 -0.0304527282714844 0.0389976501464844
-0.0212135314941406 -0.0647964477539062 -0.0111236572265625 0.245040893554688
-0.0337371826171875 -0.0758819580078125 -0.0945816040039063 -0.105117797851562
-0.0735549926757813 0.010162353515625 -0.0635986328125 -0.228775024414063
-0.0172195434570313 0.0704803466796875 0.253555297851563 -0.0951690673828125
0.0233688354492187 0.0571250915527344 0.504913330078125 0.279266357421875
0.0408592224121094 0.0104942321777344 0.399169921875 0.658447265625
0.0218601226806641 0.0265636444091797 -0.00567626953124995 0.6552734375
-0.0175876617431641 0.0219154357910156 -0.168991088867187 0.271774291992188
-0.0194969177246094 0.0149745941162109 0.15142822265625 -0.122268676757813
0.0152721405029297 0.0197505950927734 0.388946533203125 -0.523773193359375
0.0556526184082031 0.0412712097167969 0.0748291015625 -0.72900390625
0.0595970153808594 0.0391807556152344 -0.365997314453125 -0.413604736328125
-0.00273895263671875 0.0456504821777344 -0.50518798828125 0.0123291015625
-0.0234966278076172 0.00261878967285156 -0.254470825195313 0.221054077148437
-0.0251388549804688 -0.00286865234375 -0.035430908203125 0.0510826110839844
-0.0315093994140625 -0.168899536132813 -0.0219573974609375 0.235244750976563
-0.0619049072265625 -0.164138793945313 -0.0706863403320313 -0.0982666015625
-0.0998992919921875 -0.0314712524414063 0.00346374511718747 -0.226211547851563
0.00552368164062501 0.102432250976562 0.306396484375 -0.077239990234375
0.075164794921875 0.132942199707031 0.4730224609375 0.3321533203125
0.0812530517578125 0.108833312988281 0.30859375 0.69244384765625
-0.00439453125 0.124687194824219 -0.05596923828125 0.63458251953125
-0.105865478515625 0.09051513671875 -0.130630493164063 0.242263793945313
-0.093048095703125 0.0903396606445313 0.186141967773438 -0.1566162109375
-0.00655364990234376 0.110748291015625 0.322418212890625 -0.560455322265625
0.083343505859375 0.153900146484375 -0.0533447265625 -0.6903076171875
0.111717224121094 0.125724792480469 -0.424072265625 -0.32476806640625
0.01239013671875 0.0715484619140625 -0.48602294921875 0.0592956542968751
-0.0336418151855469 -0.0502510070800781 -0.21856689453125 0.228546142578125
-0.0297393798828125 -0.08807373046875 -0.0265960693359375 0.0430641174316406
-0.0389862060546875 -0.244979858398438 -0.0292816162109375 0.203094482421875
-0.0750732421875 -0.212173461914063 -0.026885986328125 -0.104721069335938
-0.0864944458007812 -0.03863525390625 0.10699462890625 -0.215408325195313
0.046661376953125 0.146453857421875 0.37103271484375 -0.031036376953125
0.107635498046875 0.2041015625 0.404388427734375 0.415313720703125
0.0768585205078125 0.191619873046875 0.1641845703125 0.720703125
-0.0541229248046875 0.198959350585938 -0.11395263671875 0.5755615234375
-0.173553466796875 0.147491455078125 -0.0679168701171875 0.183578491210938
-0.121353149414063 0.167327880859375 0.216705322265625 -0.229248046875
0.02301025390625 0.194564819335938 0.2039794921875 -0.6104736328125
0.136184692382813 0.23309326171875 -0.224609375 -0.611572265625
0.148574829101563 0.168609619140625 -0.4715576171875 -0.2020263671875
0.0126495361328125 0.0565757751464844 -0.4259033203125 0.117523193359375
-0.050384521484375 -0.113204956054688 -0.151336669921875 0.227920532226563
-0.033935546875 -0.16162109375 -0.00951576232910156 0.0126380920410156
-0.0402679443359375 -0.279891967773437 -0.0269012451171875 0.156707763671875
-0.0665130615234375 -0.215072631835937 0.0385284423828125 -0.122123718261719
-0.0429496765136719 -0.0129013061523437 0.222061157226563 -0.192367553710938
0.0856475830078125 0.19635009765625 0.414459228515625 0.052947998046875
0.10162353515625 0.257659912109375 0.2899169921875 0.512237548828125
0.0256500244140625 0.240097045898437 -0.00817871093749995 0.72540283203125
-0.116134643554687 0.23541259765625 -0.159423828125 0.488250732421875
-0.2105712890625 0.182525634765625 0.0103530883789062 0.102012634277344
-0.10662841796875 0.225143432617188 0.217681884765625 -0.326904296875
0.0808868408203125 0.244247436523438 0.0494384765625001 -0.64898681640625
0.183135986328125 0.261001586914063 -0.3870849609375 -0.505462646484375
0.148849487304688 0.164413452148438 -0.477569580078125 -0.0820007324218751
-0.00700616836547852 0.00567483901977539 -0.320831298828125 0.16162109375
-0.0658416748046875 -0.175140380859375 -0.0674896240234375 0.212936401367188
-0.0348052978515625 -0.214248657226563 0.00995254516601563 -0.0363197326660156
0.0190887451171875 0.247146606445313 0.0124893188476562 0.0862884521484375
0.0795745849609375 0.191802978515625 1.56215043914109E-17 -0.175552368164063
0.0423660278320313 0.0540122985839844 0.174057006835938 -0.205429077148438
-0.103919982910156 -0.126960754394531 0.446319580078125 0.00949096679687499
-0.176742553710938 -0.251739501953125 0.480560302734375 0.392333984375
-0.110504150390625 -0.296051025390625 0.16741943359375 0.64154052734375
0.0898284912109375 -0.246932983398438 -0.096649169921875 0.45098876953125
0.256179809570313 -0.172821044921875 -0.019989013671875 0.0730133056640625
0.202957153320312 -0.209503173828125 0.237548828125 -0.349822998046875
0.0632171630859375 -0.263946533203125 0.22589111328125 -0.69195556640625
-0.07415771484375 -0.29632568359375 -0.17962646484375 -0.63800048828125
-0.10467529296875 -0.20111083984375 -0.4228515625 -0.186126708984375
0.00245285034179687 -0.0277061462402344 -0.347503662109375 0.162628173828125
0.068267822265625 0.172698974609375 -0.07647705078125 0.186508178710938
0.019317626953125 0.253448486328125 0.0395965576171875 -0.099639892578125
0.0140533447265625 0.220413208007813 0.0106353759765625 0.143051147460938
0.0670623779296875 0.182785034179687 -0.0558319091796875 -0.154205322265625
0.0541839599609375 0.098876953125 0.0493621826171875 -0.209182739257813
-0.0610084533691406 -0.06121826171875 0.36688232421875 -0.042236328125
-0.149749755859375 -0.187515258789063 0.53485107421875 0.318115234375
-0.124542236328125 -0.2552490234375 0.31146240234375 0.6341552734375
0.05377197265625 -0.226882934570312 -0.0447998046875 0.533843994140625
0.224334716796875 -0.154327392578125 -0.094268798828125 0.156494140625
0.213409423828125 -0.168136596679688 0.20916748046875 -0.249984741210938
0.1181640625 -0.21649169921875 0.3441162109375 -0.62677001953125
-0.01007080078125 -0.267868041992188 -0.0224609375 -0.7109375
-0.0868988037109375 -0.203842163085938 -0.393402099609375 -0.31219482421875
-0.0248870849609375 -0.0523529052734375 -0.426971435546875 0.096832275390625
0.0339279174804688 0.130203247070313 -0.153564453125 0.200485229492187
0.00473022460937501 0.22174072265625 0.0123519897460938 -0.0406761169433594
0.00422668457031251 0.148483276367188 0.00547790527343748 0.192108154296875
0.0350112915039062 0.125755310058594 -0.0846405029296875 -0.139259338378906
0.0279006958007813 0.105888366699219 -0.0422210693359375 -0.217575073242188
-0.0331783294677734 0.00162887573242188 0.288238525390625 -0.074981689453125
-0.0936203002929688 -0.104118347167969 0.544342041015625 0.2742919921875
-0.08880615234375 -0.181869506835938 0.4051513671875 0.6290283203125
0.03472900390625 -0.166351318359375 0.000305175781249945 0.60015869140625
0.161514282226563 -0.111297607421875 -0.149124145507813 0.225372314453125
0.170654296875 -0.113449096679688 0.168075561523438 -0.172622680664063
0.120315551757813 -0.144012451171875 0.40155029296875 -0.56231689453125
0.037017822265625 -0.188491821289063 0.0885009765625001 -0.74066162109375
-0.0441131591796875 -0.153060913085938 -0.355499267578125 -0.399993896484375
-0.0324592590332031 -0.04278564453125 -0.476776123046875 0.0367736816406251
0.00409698486328126 0.0869979858398438 -0.218597412109375 0.209060668945313
-0.00724792480468751 0.15838623046875 -0.0103063583374023 0.00759315490722657
-0.00855636596679688 0.0486793518066406 0.001739501953125 0.2303466796875
9.53674316406361E-06 0.0316638946533203 -0.099090576171875 -0.119544982910156
-0.0231437683105469 0.0674324035644531 -0.0807952880859375 -0.226455688476563
-0.0230979919433594 0.0430679321289062 0.2452392578125 -0.0930328369140625
-0.0345058441162109 -0.0216312408447266 0.5343017578125 0.26104736328125
-0.0257644653320313 -0.0894088745117188 0.43914794921875 0.638671875
0.0302047729492188 -0.0767059326171875 0.01983642578125 0.6463623046875
0.0768585205078125 -0.0495834350585937 -0.175888061523437 0.266036987304688
0.080047607421875 -0.0518417358398438 0.142623901367188 -0.1304931640625
0.0720367431640625 -0.064788818359375 0.412506103515625 -0.527801513671875
0.04974365234375 -0.0802536010742188 0.1229248046875 -0.74951171875
0.0070343017578125 -0.0654258728027344 -0.344879150390625 -0.439910888671875
-0.0208110809326172 -0.00200653076171875 -0.502777099609375 0.00518798828124997
-0.0133705139160156 0.0452079772949219 -0.25311279296875 0.214736938476563
-0.0181961059570313 0.0838775634765625 -0.0307083129882813 0.0405006408691406
-0.0212020874023438 -0.0650138854980469 -0.00935363769531251 0.245574951171875
-0.0354766845703125 -0.0753936767578125 -0.0946426391601563 -0.105339050292969
-0.0732650756835938 0.0111618041992187 -0.0644378662109375 -0.231231689453125
-0.0165176391601562 0.0717391967773438 0.255218505859375 -0.097198486328125
0.0239067077636719 0.0567817687988281 0.51220703125 0.279998779296875
0.0403099060058594 0.0106925964355469 0.40692138671875 0.66156005859375
0.0227622985839844 0.0278224945068359 -0.00225830078125 0.66119384765625
-0.0175285339355469 0.0222663879394531 -0.170181274414062 0.274169921875
-0.0194530487060547 0.0159091949462891 0.152175903320313 -0.123199462890625
0.0156326293945313 0.0199508666992188 0.388916015625 -0.528839111328125
0.0559043884277344 0.0411224365234375 0.07232666015625 -0.736328125
0.0600395202636719 0.0389060974121094 -0.371673583984375 -0.41546630859375
-0.00246429443359375 0.0464744567871094 -0.509490966796875 0.0136718750000001
-0.0232124328613281 0.0026397705078125 -0.254592895507813 0.223175048828125
-0.0251522064208984 -0.00238418579101562 -0.0353775024414063 0.0533905029296875
-0.0325927734375 -0.169021606445313 -0.0202178955078125 0.23614501953125
-0.0634002685546875 -0.16412353515625 -0.0699691772460938 -0.0995864868164063
-0.0998611450195313 -0.0314559936523438 0.0034027099609375 -0.22802734375
0.00657653808593749 0.102859497070313 0.30877685546875 -0.079071044921875
0.076385498046875 0.133071899414062 0.478271484375 0.333343505859375
0.0814666748046875 0.109107971191406 0.31256103515625 0.695556640625
-0.00392913818359374 0.126380920410156 -0.05279541015625 0.6392822265625
-0.106185913085938 0.092193603515625 -0.131256103515625 0.244964599609375
-0.0947723388671875 0.091705322265625 0.186004638671875 -0.158157348632813
-0.00651550292968751 0.111083984375 0.3223876953125 -0.5673828125
0.084930419921875 0.154006958007813 -0.05712890625 -0.69573974609375
0.113258361816406 0.125686645507813 -0.4300537109375 -0.328155517578125
0.013671875 0.072265625 -0.48968505859375 0.0613708496093751
-0.0348091125488281 -0.0495719909667969 -0.219009399414063 0.231048583984375
-0.0296554565429688 -0.0871124267578125 -0.0266609191894531 0.0444488525390625
-0.04046630859375 -0.245162963867188 -0.0274200439453125 0.204238891601562
-0.0766448974609375 -0.212600708007812 -0.0261917114257813 -0.105171203613281
-0.0872039794921875 -0.0388565063476562 0.10919189453125 -0.217300415039063
0.0489959716796875 0.147064208984375 0.374420166015625 -0.032684326171875
0.109817504882813 0.204696655273438 0.410400390625 0.416534423828125
0.0775909423828125 0.19091796875 0.16900634765625 0.724853515625
-0.054443359375 0.201080322265625 -0.11334228515625 0.58001708984375
-0.174896240234375 0.149673461914063 -0.067901611328125 0.184661865234375
-0.1220703125 0.169418334960938 0.21673583984375 -0.232192993164063
0.023162841796875 0.195343017578125 0.20379638671875 -0.616943359375
0.138504028320313 0.234085083007813 -0.2288818359375 -0.61676025390625
0.1513671875 0.169219970703125 -0.47869873046875 -0.202880859375
0.0135383605957031 0.0570602416992188 -0.4285888671875 0.119293212890625
-0.051025390625 -0.113327026367188 -0.151016235351563 0.2305908203125
-0.0345001220703125 -0.161819458007813 -0.0091390609741211 0.0133113861083984
-0.04248046875 -0.280532836914063 -0.0258331298828125 0.156158447265625
-0.0689697265625 -0.215499877929688 0.0390472412109375 -0.123016357421875
-0.0428619384765625 -0.0130195617675781 0.223846435546875 -0.195098876953125
0.0892333984375 0.196640014648438 0.41790771484375 0.05145263671875
0.1036376953125 0.2581787109375 0.291717529296875 0.514892578125
0.0268096923828125 0.240127563476563 -0.0057373046875 0.730712890625
-0.11767578125 0.237564086914062 -0.158203125 0.4930419921875
-0.21197509765625 0.183822631835938 0.01123046875 0.101699829101563
-0.108291625976562 0.227828979492188 0.2188720703125 -0.32989501953125
0.0820465087890625 0.245712280273438 0.0467529296875001 -0.65521240234375
0.185775756835938 0.261611938476563 -0.39251708984375 -0.509674072265625
0.15185546875 0.1632080078125 -0.484710693359375 -0.0817260742187499
-0.00602006912231445 0.00512170791625977 -0.323211669921875 0.1629638671875
-0.0668182373046875 -0.17584228515625 -0.0664520263671875 0.215225219726562
-0.0360260009765625 -0.214859008789063 0.0106315612792969 -0.0353431701660156
0.0227203369140625 0.249603271484375 0.0124664306640625 0.0857009887695313
0.0807342529296875 0.19366455078125 -0.000610351562499978 -0.177871704101562
0.0418319702148438 0.05401611328125 0.175430297851563 -0.208724975585938
-0.106094360351563 -0.127235412597656 0.45159912109375 0.00778198242187499
-0.179458618164063 -0.25335693359375 0.486968994140625 0.393402099609375
-0.1126708984375 -0.297332763671875 0.17315673828125 0.647216796875
0.09039306640625 -0.2496337890625 -0.09503173828125 0.45458984375
0.2579345703125 -0.176177978515625 -0.0205001831054687 0.0734710693359375
0.204925537109375 -0.21142578125 0.238067626953125 -0.353515625
0.063720703125 -0.266067504882813 0.2252197265625 -0.70037841796875
-0.076202392578125 -0.298065185546875 -0.1832275390625 -0.64501953125
-0.1075439453125 -0.202743530273438 -0.429931640625 -0.186920166015625
0.00174713134765625 -0.0276050567626953 -0.3502197265625 0.1651611328125
0.068328857421875 0.173294067382812 -0.0760498046875 0.188323974609375
0.0208892822265625 0.255172729492188 0.039703369140625 -0.0988922119140625
0.0161285400390625 0.223098754882813 0.0120849609375 0.142852783203125
0.068206787109375 0.184326171875 -0.0564727783203125 -0.156158447265625
0.0544281005859375 0.0987472534179688 0.04974365234375 -0.211898803710937
-0.0624237060546875 -0.0610618591308594 0.37109375 -0.04486083984375
-0.152542114257812 -0.188247680664063 0.541107177734375 0.318511962890625
-0.127456665039063 -0.256011962890625 0.31878662109375 0.63824462890625
0.0545806884765625 -0.228271484375 -0.04266357421875 0.5401611328125
0.226364135742188 -0.156845092773438 -0.09527587890625 0.158111572265625
0.215118408203125 -0.170242309570313 0.209671020507812 -0.253585815429687
0.11822509765625 -0.217864990234375 0.34490966796875 -0.63427734375
-0.01123046875 -0.26995849609375 -0.0283203124999999 -0.71759033203125
-0.0895233154296875 -0.20538330078125 -0.399871826171875 -0.311981201171875
-0.0265884399414063 -0.0530052185058594 -0.430938720703125 0.0996398925781251
0.0338134765625 0.130447387695313 -0.15447998046875 0.202682495117188
0.006622314453125 0.224288940429687 0.0127372741699219 -0.0402488708496094
0.00643920898437501 0.150680541992188 0.00708007812500002 0.192108154296875
0.035736083984375 0.126754760742188 -0.0856781005859375 -0.140945434570313
0.0280227661132813 0.105400085449219 -0.0423431396484375 -0.21923828125
-0.033905029296875 0.00185203552246094 0.290252685546875 -0.076934814453125
-0.0950698852539062 -0.104225158691406 0.551116943359375 0.272674560546875
-0.0908966064453125 -0.182891845703125 0.41314697265625 0.63189697265625
0.0343475341796875 -0.167556762695313 0.00366210937500006 0.606201171875
0.163589477539062 -0.112716674804688 -0.15045166015625 0.2281494140625
0.170989990234375 -0.115234375 0.168075561523438 -0.174652099609375
0.120498657226562 -0.145050048828125 0.40142822265625 -0.5693359375
0.0372467041015625 -0.190658569335937 0.0836181640624999 -0.74810791015625
-0.0458221435546875 -0.154541015625 -0.363250732421875 -0.40338134765625
-0.0337677001953125 -0.0428009033203125 -0.481597900390625 0.0394287109375
0.0041656494140625 0.0869216918945312 -0.21978759765625 0.212249755859375
-0.006561279296875 0.160720825195312 -0.0105552673339844 0.00896549224853517
-0.00805282592773438 0.0501632690429687 0.0035400390625 0.230712890625
-0.000228881835937502 0.0325775146484375 -0.1004638671875 -0.121124267578125
-0.0224876403808594 0.0684967041015625 -0.0818328857421875 -0.228591918945313
-0.0226020812988281 0.0432777404785156 0.247879028320313 -0.0945587158203125
-0.0353660583496094 -0.0214004516601563 0.54052734375 0.259429931640625
-0.026702880859375 -0.0906600952148437 0.44500732421875 0.64093017578125
0.03082275390625 -0.0770645141601563 0.0233154296875 0.6527099609375
0.07769775390625 -0.0504226684570313 -0.176437377929688 0.269485473632812
0.0811843872070313 -0.0522003173828125 0.142242431640625 -0.132247924804688
0.0725784301757813 -0.0655364990234375 0.412933349609375 -0.53436279296875
0.0506362915039063 -0.081390380859375 0.11871337890625 -0.75640869140625
0.00634384155273437 -0.0665779113769531 -0.35009765625 -0.444488525390625
-0.0217056274414063 -0.00192642211914063 -0.50634765625 0.00662231445312489
-0.0131263732910156 0.0455169677734375 -0.255157470703125 0.217941284179687
-0.0175094604492188 0.0845870971679688 -0.0302314758300781 0.0413818359375
-0.0223770141601562 -0.06427001953125 -0.00726318359375 0.24688720703125
-0.0361709594726563 -0.0751571655273438 -0.0947418212890625 -0.106147766113281
-0.0736465454101563 0.0116119384765625 -0.0644073486328125 -0.233261108398438
-0.0161361694335938 0.0717926025390625 0.258056640625 -0.099151611328125
0.0242881774902344 0.0568885803222656 0.5186767578125 0.279754638671875
0.0398368835449219 0.010162353515625 0.4130859375 0.66522216796875
0.0228481292724609 0.0271415710449219 0.000732421875000003 0.666748046875
-0.0180950164794922 0.0228710174560547 -0.17071533203125 0.277481079101563
-0.0199985504150391 0.0157375335693359 0.151504516601562 -0.124099731445312
0.0144691467285156 0.0200881958007813 0.38983154296875 -0.5367431640625
0.0573234558105469 0.0414047241210938 0.0684814453125 -0.7427978515625
0.060791015625 0.0381088256835937 -0.378997802734375 -0.420074462890625
-0.00145339965820312 0.0463142395019531 -0.515472412109375 0.0160217285156251
-0.0238552093505859 0.00328254699707031 -0.25677490234375 0.226455688476563
-0.0255565643310547 -0.00175094604492187 -0.0359916687011719 0.05419921875
-0.0340728759765625 -0.169265747070313 -0.019195556640625 0.236846923828125
-0.0660552978515625 -0.1641845703125 -0.0697784423828125 -0.100112915039063
-0.100662231445313 -0.0309295654296875 0.00410461425781248 -0.229934692382812
0.00834655761718749 0.102920532226563 0.31219482421875 -0.08184814453125
0.0782699584960938 0.132919311523437 0.484893798828125 0.333038330078125
0.0816268920898438 0.108467102050781 0.31878662109375 0.7003173828125
-0.00407409667968751 0.126762390136719 -0.0499267578124999 0.64599609375
-0.106704711914063 0.093963623046875 -0.131805419921875 0.248184204101563
-0.0957260131835938 0.0932159423828125 0.18658447265625 -0.160934448242187
-0.00670623779296876 0.112358093261719 0.32183837890625 -0.5743408203125
0.08660888671875 0.155349731445313 -0.06201171875 -0.70269775390625
0.115280151367187 0.125381469726563 -0.436859130859375 -0.32989501953125
0.0141830444335937 0.0725479125976563 -0.49566650390625 0.062255859375
-0.0350608825683594 -0.0500564575195313 -0.220062255859375 0.234039306640625
-0.0304183959960937 -0.0877761840820313 -0.0265464782714844 0.04632568359375
-0.0419769287109375 -0.24578857421875 -0.025970458984375 0.2052001953125
-0.079620361328125 -0.212356567382813 -0.0257949829101563 -0.106216430664063
-0.0873565673828125 -0.0382919311523438 0.109298706054688 -0.220260620117188
0.0512847900390625 0.147064208984375 0.378173828125 -0.034912109375
0.1116943359375 0.205352783203125 0.415771484375 0.417266845703125
0.0784149169921875 0.192092895507813 0.17578125 0.72967529296875
-0.053863525390625 0.203262329101563 -0.1090087890625 0.5860595703125
-0.175582885742188 0.15142822265625 -0.0673065185546875 0.186767578125
-0.122634887695313 0.17095947265625 0.218719482421875 -0.235153198242188
0.02294921875 0.195953369140625 0.2030029296875 -0.62408447265625
0.141250610351562 0.2354736328125 -0.23419189453125 -0.62054443359375
0.153854370117188 0.16827392578125 -0.48541259765625 -0.2049560546875
0.0149383544921875 0.0568923950195312 -0.433074951171875 0.121612548828125
-0.0514068603515625 -0.113327026367188 -0.15185546875 0.233901977539063
-0.0347137451171875 -0.16259765625 -0.00905799865722656 0.0149765014648437
-0.044677734375 -0.281982421875 -0.024566650390625 0.1568603515625
-0.0712738037109375 -0.215728759765625 0.0404739379882813 -0.125495910644531
-0.0425529479980469 -0.0129661560058594 0.22509765625 -0.197708129882812
0.0923004150390625 0.196807861328125 0.422027587890625 0.05010986328125
0.10614013671875 0.259613037109375 0.299285888671875 0.51751708984375
0.027862548828125 0.241058349609375 -0.00122070312499995 0.73724365234375
-0.11700439453125 0.23931884765625 -0.15570068359375 0.497344970703125
-0.213165283203125 0.187362670898438 0.0124053955078125 0.102447509765625
-0.108673095703125 0.230667114257812 0.219390869140625 -0.33544921875
0.08282470703125 0.245819091796875 0.04302978515625 -0.661865234375
0.189239501953125 0.262161254882813 -0.39862060546875 -0.511474609375
0.155227661132813 0.16339111328125 -0.489898681640625 -0.0817565917968751
-0.00585699081420898 0.00438833236694336 -0.3265380859375 0.166534423828125
-0.0685272216796875 -0.175430297851563 -0.066558837890625 0.217269897460938
-0.03680419921875 -0.215774536132813 0.0101966857910156 -0.03515625
0.0255126953125 0.25201416015625 0.013458251953125 0.0847320556640625
0.083251953125 0.194366455078125 -0.00189208984375 -0.18048095703125
0.0412979125976563 0.0543098449707031 0.17626953125 -0.212127685546875
-0.108726501464844 -0.127204895019531 0.45611572265625 0.00302124023437499
-0.184555053710937 -0.25421142578125 0.494903564453125 0.39324951171875
-0.11505126953125 -0.298614501953125 0.1790771484375 0.65216064453125
0.0910797119140625 -0.252365112304688 -0.093231201171875 0.460205078125
0.261093139648438 -0.179763793945313 -0.0201339721679687 0.0738525390625
0.205520629882813 -0.214279174804688 0.236968994140625 -0.3580322265625
0.0631103515625 -0.268417358398438 0.22271728515625 -0.7073974609375
-0.078521728515625 -0.30010986328125 -0.19158935546875 -0.64984130859375
-0.110321044921875 -0.203781127929687 -0.437164306640625 -0.18719482421875
-1.33514404296868E-05 -0.0277080535888672 -0.352996826171875 0.1689453125
0.0694427490234375 0.173446655273438 -0.07501220703125 0.190139770507813
0.0232391357421875 0.257598876953125 0.0396041870117188 -0.0990982055664062
0.0196990966796875 0.224700927734375 0.0131988525390625 0.142868041992188
0.0698394775390625 0.186111450195312 -0.0587615966796875 -0.15826416015625
0.0553436279296875 0.0993270874023438 0.049713134765625 -0.21466064453125
-0.0647926330566406 -0.0613517761230469 0.3740234375 -0.048126220703125
-0.155792236328125 -0.188461303710938 0.54833984375 0.31732177734375
-0.130096435546875 -0.257095336914063 0.32568359375 0.64361572265625
0.054473876953125 -0.230667114257812 -0.038818359375 0.545318603515625
0.229415893554687 -0.159469604492188 -0.0953216552734375 0.1605224609375
0.217559814453125 -0.172256469726563 0.209518432617188 -0.256576538085938
0.118087768554688 -0.220535278320313 0.34222412109375 -0.64288330078125
-0.0129547119140625 -0.272216796875 -0.0325927734375 -0.7255859375
-0.0918121337890625 -0.207107543945313 -0.4083251953125 -0.313201904296875
-0.0280113220214844 -0.0534095764160156 -0.43475341796875 0.1036376953125
0.0346298217773438 0.130531311035156 -0.154541015625 0.205276489257813
0.00921630859374999 0.225936889648438 0.0126266479492188 -0.0396232604980469
0.00767517089843751 0.151824951171875 0.00909423828125 0.191940307617188
0.0363540649414062 0.129104614257812 -0.086578369140625 -0.142684936523438
0.0287628173828125 0.106147766113281 -0.042999267578125 -0.22186279296875
-0.0347347259521484 0.00218009948730468 0.292236328125 -0.08056640625
-0.0977249145507812 -0.104263305664063 0.55926513671875 0.270843505859375
-0.093017578125 -0.183853149414063 0.421630859375 0.63385009765625
0.034393310546875 -0.168685913085938 0.00653076171874993 0.61163330078125
0.1654052734375 -0.115692138671875 -0.15087890625 0.230911254882812
0.171478271484375 -0.117279052734375 0.167999267578125 -0.17730712890625
0.121353149414063 -0.146469116210938 0.400390625 -0.57757568359375
0.0360870361328125 -0.19232177734375 0.07806396484375 -0.7559814453125
-0.0479583740234375 -0.156265258789062 -0.37042236328125 -0.406402587890625
-0.0346527099609375 -0.0433006286621094 -0.4871826171875 0.04315185546875
0.00421142578125 0.0877227783203125 -0.220916748046875 0.215255737304688
-0.00543212890624999 0.162185668945312 -0.0108728408813477 0.00932693481445314
-0.00712966918945312 0.05126953125 0.00564575195312502 0.232040405273437
-0.000520706176757815 0.0333671569824219 -0.100372314453125 -0.121253967285156
-0.0224761962890625 0.0686759948730469 -0.0826568603515625 -0.229995727539063
-0.0229835510253906 0.0437889099121094 0.249313354492188 -0.0983428955078125
-0.0359535217285156 -0.0212554931640625 0.547332763671875 0.257720947265625
-0.0282058715820313 -0.0913772583007813 0.4552001953125 0.643798828125
0.030242919921875 -0.0780868530273438 0.0281982421874999 0.65826416015625
0.0781402587890625 -0.0511474609375 -0.1768798828125 0.273422241210938
0.0806808471679688 -0.0530014038085937 0.142669677734375 -0.133819580078125
0.0718994140625 -0.0661163330078125 0.413299560546875 -0.541748046875
0.0500869750976563 -0.08319091796875 0.11322021484375 -0.76519775390625
0.00562667846679688 -0.0674667358398438 -0.35888671875 -0.447601318359375
-0.0217933654785156 -0.00170516967773437 -0.51409912109375 0.00973510742187492
-0.0137901306152344 0.04608154296875 -0.256576538085938 0.221542358398438
-0.0167770385742188 0.0857620239257813 -0.0299491882324219 0.04364013671875
-0.0217857360839844 -0.0633697509765625 -0.00469970703125001 0.24798583984375
-0.0376129150390625 -0.0749588012695312 -0.0941543579101563 -0.10699462890625
-0.074554443359375 0.0121994018554688 -0.0653076171875 -0.23516845703125
-0.0149383544921875 0.072113037109375 0.259918212890625 -0.102325439453125
0.0248374938964844 0.0571212768554688 0.52587890625 0.27716064453125
0.0400314331054688 0.00933456420898438 0.42083740234375 0.66986083984375
0.0234489440917969 0.0276565551757813 0.00555419921874998 0.67205810546875
-0.0180282592773437 0.0228595733642578 -0.170974731445313 0.281051635742187
-0.0214633941650391 0.0164585113525391 0.152175903320313 -0.127593994140625
0.0150661468505859 0.0203018188476562 0.38958740234375 -0.544647216796875
0.0583000183105469 0.0407524108886719 0.06396484375 -0.75164794921875
0.0616416931152344 0.0373573303222656 -0.38653564453125 -0.4228515625
-0.00112152099609375 0.0468063354492188 -0.520660400390625 0.019073486328125
-0.0240211486816406 0.00223731994628906 -0.257904052734375 0.22967529296875
-0.0250186920166016 -0.00113296508789062 -0.0355339050292969 0.0561943054199219
-0.0351409912109375 -0.168930053710938 -0.0165863037109375 0.2381591796875
-0.068206787109375 -0.16424560546875 -0.070098876953125 -0.100326538085938
-0.101593017578125 -0.0303726196289063 0.00286865234375 -0.23211669921875
0.00933074951171874 0.103446960449219 0.314971923828125 -0.084686279296875
0.0794830322265625 0.133560180664063 0.491485595703125 0.332000732421875
0.08251953125 0.108406066894531 0.327880859375 0.704345703125
-0.00228118896484376 0.127891540527344 -0.046630859375 0.65142822265625
-0.106979370117188 0.095703125 -0.131637573242187 0.25067138671875
-0.0956802368164062 0.0947723388671875 0.18731689453125 -0.162918090820313
-0.00640106201171875 0.112983703613281 0.32080078125 -0.5826416015625
0.08795166015625 0.155487060546875 -0.068115234375 -0.70892333984375
0.116744995117187 0.124366760253906 -0.444915771484375 -0.332000732421875
0.0150833129882813 0.0722427368164063 -0.499420166015625 0.0653076171875001
-0.0361175537109375 -0.049957275390625 -0.220916748046875 0.237472534179687
-0.0305633544921875 -0.0877609252929688 -0.026336669921875 0.0475349426269531
-0.044769287109375 -0.246490478515625 -0.02392578125 0.206039428710937
-0.08251953125 -0.213302612304688 -0.0255584716796875 -0.108116149902344
-0.0875244140625 -0.0378036499023437 0.109756469726563 -0.22247314453125
0.0538330078125 0.14764404296875 0.38250732421875 -0.0382080078125
0.114471435546875 0.205780029296875 0.423980712890625 0.41778564453125
0.0796966552734375 0.1929931640625 0.1800537109375 0.73577880859375
-0.052825927734375 0.205184936523438 -0.10626220703125 0.59130859375
-0.176254272460938 0.154205322265625 -0.066741943359375 0.188858032226563
-0.123641967773438 0.174163818359375 0.217727661132813 -0.240158081054688
0.0244598388671875 0.196701049804688 0.19915771484375 -0.63299560546875
0.14404296875 0.235366821289063 -0.24102783203125 -0.6251220703125
0.1568603515625 0.16766357421875 -0.492095947265625 -0.20404052734375
0.0160293579101563 0.0572509765625 -0.4381103515625 0.124908447265625
-0.0528945922851563 -0.113204956054687 -0.1514892578125 0.237106323242188
-0.03607177734375 -0.163314819335938 -0.00810050964355469 0.0165977478027344
-0.0477294921875 -0.28277587890625 -0.0230865478515625 0.158096313476562
-0.0737152099609375 -0.216445922851563 0.0406265258789063 -0.127418518066406
-0.0422744750976563 -0.0122413635253906 0.226760864257813 -0.201080322265625
0.095245361328125 0.19683837890625 0.427001953125 0.04779052734375
0.110000610351563 0.260971069335938 0.308685302734375 0.52069091796875
0.0284271240234375 0.242416381835938 0.00476074218750005 0.74224853515625
-0.11688232421875 0.24212646484375 -0.153839111328125 0.502349853515625
-0.214263916015625 0.191192626953125 0.0126495361328125 0.102973937988281
-0.10772705078125 0.23333740234375 0.218597412109375 -0.339324951171875
0.0845489501953125 0.247177124023438 0.03955078125 -0.6693115234375
0.192672729492187 0.262222290039062 -0.40643310546875 -0.51336669921875
0.158477783203125 0.1630859375 -0.496826171875 -0.0797424316406249
-0.00571966171264649 0.00406455993652344 -0.32965087890625 0.169586181640625
-0.0704193115234375 -0.1767578125 -0.06573486328125 0.220657348632813
-0.038299560546875 -0.216781616210937 0.0109901428222656 -0.0336093902587891
0.028411865234375 0.254135131835938 0.0139999389648438 0.0843658447265625
0.08526611328125 0.195510864257813 -0.00361633300781249 -0.182891845703125
0.0413322448730469 0.0542869567871094 0.176071166992187 -0.216064453125
-0.112205505371094 -0.127082824707031 0.46112060546875 -0.000183105468750008
-0.18914794921875 -0.254379272460937 0.5030517578125 0.3924560546875
-0.118743896484375 -0.29986572265625 0.18731689453125 0.6580810546875
0.0908050537109375 -0.255111694335938 -0.090240478515625 0.46356201171875
0.263320922851563 -0.183181762695312 -0.0206451416015625 0.074249267578125
0.206893920898438 -0.21795654296875 0.236663818359375 -0.363189697265625
0.061920166015625 -0.270950317382813 0.21875 -0.71612548828125
-0.082733154296875 -0.302490234375 -0.2001953125 -0.65606689453125
-0.113861083984375 -0.205276489257813 -0.444488525390625 -0.18487548828125
-0.00187492370605468 -0.027679443359375 -0.356353759765625 0.17364501953125
0.0707550048828125 0.173477172851563 -0.0743865966796875 0.192092895507813
0.025970458984375 0.259750366210937 0.0392608642578125 -0.099456787109375
0.0224151611328125 0.226730346679688 0.0147247314453125 0.14288330078125
0.072174072265625 0.186996459960937 -0.05914306640625 -0.159408569335938
0.0552825927734375 0.10003662109375 0.0494232177734375 -0.217666625976563
-0.0664749145507813 -0.060546875 0.377593994140625 -0.05194091796875
-0.159759521484375 -0.188522338867188 0.556121826171875 0.3138427734375
-0.133438110351563 -0.258544921875 0.334228515625 0.6470947265625
0.053619384765625 -0.232406616210938 -0.0342102050781251 0.550201416015625
0.2313232421875 -0.163314819335938 -0.0958251953125 0.162353515625
0.218215942382813 -0.176239013671875 0.208816528320313 -0.2607421875
0.11883544921875 -0.22296142578125 0.340087890625 -0.6522216796875
-0.0149688720703125 -0.275436401367188 -0.039794921875 -0.7335205078125
-0.0954132080078125 -0.207977294921875 -0.41522216796875 -0.314056396484375
-0.0295486450195312 -0.0532760620117188 -0.438507080078125 0.108123779296875
0.0350875854492188 0.130599975585938 -0.154754638671875 0.20855712890625
0.011199951171875 0.227340698242188 0.012847900390625 -0.0390129089355469
0.00997924804687498 0.153778076171875 0.01068115234375 0.192733764648437
0.0371627807617188 0.130081176757813 -0.088592529296875 -0.143600463867188
0.02996826171875 0.10675048828125 -0.043365478515625 -0.22357177734375
-0.0354957580566406 0.00244522094726563 0.29620361328125 -0.08367919921875
-0.100990295410156 -0.104110717773437 0.56512451171875 0.26739501953125
-0.0958709716796875 -0.185348510742188 0.42987060546875 0.63653564453125
0.034576416015625 -0.170379638671875 0.013427734375 0.61712646484375
0.1658935546875 -0.11785888671875 -0.151412963867187 0.234939575195313
0.172592163085938 -0.118988037109375 0.166915893554688 -0.179840087890625
0.12139892578125 -0.14892578125 0.39923095703125 -0.58636474609375
0.0346832275390625 -0.195510864257813 0.072265625 -0.76568603515625
-0.050018310546875 -0.157684326171875 -0.377471923828125 -0.40777587890625
-0.0361442565917969 -0.0429039001464844 -0.491729736328125 0.047821044921875
0.00411987304687499 0.087799072265625 -0.2208251953125 0.219314575195313
-0.0041961669921875 0.163436889648438 -0.0102739334106445 0.0104990005493164
-0.00588607788085938 0.0524024963378906 0.0090789794921875 0.232208251953125
-0.000431060791015625 0.0339164733886719 -0.100639343261719 -0.122222900390625
-0.0217704772949219 0.0695991516113281 -0.0838775634765625 -0.231903076171875
-0.0226593017578125 0.0439910888671875 0.25225830078125 -0.101806640625
-0.0371551513671875 -0.0210533142089844 0.554107666015625 0.25311279296875
-0.0297317504882813 -0.0918655395507813 0.46453857421875 0.6451416015625
0.0304718017578125 -0.0784378051757813 0.033447265625 0.66387939453125
0.07904052734375 -0.0525283813476563 -0.177352905273438 0.2772216796875
0.0809326171875 -0.054107666015625 0.14166259765625 -0.136642456054688
0.072113037109375 -0.0670318603515625 0.410888671875 -0.550689697265625
0.0504302978515625 -0.0842742919921875 0.10858154296875 -0.7745361328125
0.00553131103515625 -0.0689849853515625 -0.368133544921875 -0.449310302734375
-0.0221366882324219 -0.00173759460449219 -0.51898193359375 0.0138244628906249
-0.0131454467773438 0.0464057922363281 -0.257293701171875 0.225372314453125
-0.0155410766601563 0.086761474609375 -0.0297470092773438 0.0453262329101563
-0.0224418640136719 -0.0635147094726563 -0.00216674804687498 0.24908447265625
-0.039276123046875 -0.0743026733398438 -0.0948028564453125 -0.106842041015625
-0.0750503540039063 0.0132675170898438 -0.066558837890625 -0.236251831054688
-0.0144500732421875 0.0723648071289063 0.261932373046875 -0.106948852539062
0.02545166015625 0.0566139221191406 0.53204345703125 0.274505615234375
0.0400924682617188 0.00872802734375 0.43133544921875 0.67108154296875
0.0240879058837891 0.0278091430664062 0.01116943359375 0.67724609375
-0.0175895690917969 0.0240230560302734 -0.169921875 0.28570556640625
-0.0212326049804688 0.0164947509765625 0.151123046875 -0.129898071289063
0.0147380828857422 0.0204410552978516 0.38836669921875 -0.55194091796875
0.0590400695800781 0.0401039123535156 0.0578613281249999 -0.76068115234375
0.0623435974121094 0.0365028381347656 -0.394622802734375 -0.42413330078125
-0.0012359619140625 0.0474853515625 -0.52691650390625 0.0216369628906251
-0.0247611999511719 0.00348854064941406 -0.25872802734375 0.233657836914063
-0.0244197845458984 -0.000364303588867193 -0.0351676940917969 0.0576400756835938
-0.0370330810546875 -0.169082641601563 -0.012969970703125 0.239120483398438
-0.0708160400390625 -0.164703369140625 -0.0700225830078125 -0.101844787597656
-0.102134704589844 -0.02947998046875 0.002777099609375 -0.234878540039063
0.0110397338867188 0.103599548339844 0.31719970703125 -0.089447021484375
0.0816574096679687 0.133354187011719 0.499176025390625 0.329925537109375
0.0839996337890625 0.10784912109375 0.336669921875 0.70751953125
-0.00244140624999999 0.1295166015625 -0.0411376953125 0.65704345703125
-0.107902526855469 0.096771240234375 -0.13079833984375 0.25494384765625
-0.0968780517578125 0.096588134765625 0.186386108398438 -0.166412353515625
-0.00675201416015624 0.114219665527344 0.318115234375 -0.5899658203125
0.09088134765625 0.155181884765625 -0.07623291015625 -0.71649169921875
0.119918823242188 0.124412536621094 -0.453216552734375 -0.333831787109375
0.0160751342773438 0.0725784301757813 -0.504364013671875 0.0699768066406249
-0.0362510681152344 -0.0500373840332031 -0.220703125 0.241241455078125
-0.0308303833007812 -0.0878753662109375 -0.0253944396972656 0.0486602783203125
-0.0473785400390625 -0.246688842773437 -0.0211639404296875 0.207244873046875
-0.08514404296875 -0.2132568359375 -0.025665283203125 -0.108772277832031
-0.0886688232421875 -0.0375442504882813 0.110000610351562 -0.22552490234375
0.0570526123046875 0.14794921875 0.385833740234375 -0.04156494140625
0.117340087890625 0.205810546875 0.432373046875 0.41729736328125
0.0810699462890625 0.192916870117188 0.190185546875 0.73974609375
-0.0520172119140625 0.207809448242187 -0.10186767578125 0.59844970703125
-0.176803588867188 0.157623291015625 -0.0656585693359375 0.190719604492188
-0.123977661132812 0.176788330078125 0.217636108398437 -0.2435302734375
0.025299072265625 0.198760986328125 0.1956787109375 -0.6397705078125
0.14764404296875 0.235565185546875 -0.2498779296875 -0.63018798828125
0.160720825195313 0.167404174804688 -0.49896240234375 -0.20404052734375
0.016754150390625 0.0571746826171875 -0.441253662109375 0.130096435546875
-0.054229736328125 -0.113288879394531 -0.1510009765625 0.241043090820313
-0.03668212890625 -0.163543701171875 -0.00747299194335938 0.0174407958984375
-0.0506591796875 -0.28302001953125 -0.0209197998046875 0.15875244140625
-0.0771331787109375 -0.216217041015625 0.0417327880859375 -0.129608154296875
-0.0418052673339844 -0.0126800537109375 0.228591918945313 -0.205825805664063
0.0987548828125 0.196929931640625 0.43243408203125 0.0450439453125
0.112747192382813 0.26092529296875 0.314453125 0.522064208984375
0.03070068359375 0.243438720703125 0.0108642578125 0.7490234375
-0.115951538085937 0.245468139648438 -0.15045166015625 0.509002685546875
-0.215362548828125 0.193679809570313 0.0147018432617187 0.104026794433594
-0.108200073242187 0.236038208007813 0.21746826171875 -0.34490966796875
0.0866546630859375 0.247711181640625 0.03387451171875 -0.676025390625
0.197265625 0.26275634765625 -0.41412353515625 -0.516937255859375
0.162078857421875 0.161819458007813 -0.5045166015625 -0.076446533203125
-0.0047607421875 0.00423526763916016 -0.331878662109375 0.173614501953125
-0.072235107421875 -0.1767578125 -0.063873291015625 0.22308349609375
-0.0399627685546875 -0.2176513671875 0.0103702545166016 -0.0330257415771485
0.032928466796875 0.256546020507813 0.01495361328125 0.0837326049804688
0.087799072265625 0.196395874023438 -0.00498962402343751 -0.185272216796875
0.0414276123046875 0.0541534423828125 0.176132202148438 -0.221084594726563
-0.116119384765625 -0.126243591308594 0.46575927734375 -0.00543212890625001
-0.194259643554688 -0.254180908203125 0.51153564453125 0.391204833984375
-0.122650146484375 -0.300537109375 0.1951904296875 0.66290283203125
0.091033935546875 -0.25732421875 -0.08697509765625 0.4691162109375
0.26495361328125 -0.1876220703125 -0.0200576782226562 0.0752487182617187
0.20794677734375 -0.22186279296875 0.23565673828125 -0.36895751953125
0.0606231689453125 -0.273818969726562 0.21435546875 -0.72601318359375
-0.086273193359375 -0.3048095703125 -0.20867919921875 -0.6611328125
-0.117111206054688 -0.2061767578125 -0.45257568359375 -0.182708740234375
-0.00305938720703125 -0.0281143188476563 -0.35894775390625 0.1781005859375
0.07208251953125 0.173309326171875 -0.0736236572265625 0.194366455078125
0.029632568359375 0.261062622070313 0.0386810302734375 -0.0992660522460937
0.0264434814453125 0.229141235351563 0.01605224609375 0.142654418945313
0.0747222900390625 0.18804931640625 -0.0613250732421875 -0.161422729492188
0.057220458984375 0.0996780395507812 0.048431396484375 -0.220794677734375
-0.0694160461425781 -0.0608634948730469 0.3819580078125 -0.057159423828125
-0.164520263671875 -0.188339233398438 0.56573486328125 0.31158447265625
-0.136810302734375 -0.259307861328125 0.3427734375 0.6494140625
0.053314208984375 -0.235397338867188 -0.02996826171875 0.5540771484375
0.23211669921875 -0.167205810546875 -0.095306396484375 0.164794921875
0.219650268554688 -0.179367065429687 0.207977294921875 -0.264236450195313
0.117889404296875 -0.225387573242188 0.3365478515625 -0.66241455078125
-0.018310546875 -0.277420043945312 -0.048828125 -0.7401123046875
-0.0985260009765625 -0.208755493164063 -0.425079345703125 -0.31304931640625
-0.0312385559082031 -0.0532341003417969 -0.443511962890625 0.112213134765625
0.0356674194335938 0.130668640136719 -0.15411376953125 0.21148681640625
0.0140380859375 0.229415893554688 0.012603759765625 -0.0383491516113281
0.0125732421875 0.15594482421875 0.013641357421875 0.193145751953125
0.0391159057617188 0.130783081054688 -0.0908355712890625 -0.145355224609375
0.0305404663085938 0.107162475585938 -0.0453338623046875 -0.22601318359375
-0.037017822265625 0.00308609008789062 0.2982177734375 -0.087738037109375
-0.103965759277344 -0.104042053222656 0.5732421875 0.2630615234375
-0.0982666015625 -0.184906005859375 0.442138671875 0.63739013671875
0.0338287353515625 -0.17218017578125 0.01806640625 0.62255859375
0.16717529296875 -0.121139526367188 -0.151275634765625 0.238082885742188
0.17327880859375 -0.12139892578125 0.165130615234375 -0.182479858398438
0.121170043945313 -0.150588989257813 0.3970947265625 -0.59552001953125
0.0331573486328125 -0.1973876953125 0.06341552734375 -0.7738037109375
-0.0521392822265625 -0.15850830078125 -0.38739013671875 -0.409423828125
-0.0374374389648438 -0.0431480407714844 -0.496429443359375 0.05169677734375
0.00469970703124999 0.0877761840820313 -0.220657348632813 0.222763061523437
-0.00215148925781249 0.1654052734375 -0.0104799270629883 0.0121698379516602
-0.00444030761718751 0.0535850524902344 0.01190185546875 0.233123779296875
-0.000488281250000002 0.0354232788085938 -0.102821350097656 -0.122726440429688
-0.0214157104492187 0.0702285766601563 -0.0861968994140625 -0.233489990234375
-0.0231056213378906 0.043914794921875 0.253662109375 -0.1060791015625
-0.0382957458496094 -0.0220489501953125 0.56292724609375 0.2493896484375
-0.03125 -0.0917587280273438 0.47576904296875 0.64556884765625
0.0307769775390625 -0.0790786743164063 0.04095458984375 0.6690673828125
0.0795516967773438 -0.0538177490234375 -0.176971435546875 0.282257080078125
0.0818099975585938 -0.0550155639648438 0.141632080078125 -0.139358520507813
0.0719833374023438 -0.0679931640625 0.408905029296875 -0.5609130859375
0.04986572265625 -0.0861740112304688 0.0998535156249999 -0.78369140625
0.00371551513671875 -0.0699844360351563 -0.3779296875 -0.451141357421875
-0.0227432250976563 -0.00191497802734375 -0.525299072265625 0.0185546874999999
-0.0132255554199219 0.0464324951171875 -0.257461547851563 0.229217529296875
-0.0145950317382813 0.0878448486328125 -0.0291976928710938 0.0461654663085938
-0.0218963623046875 -0.0624351501464844 0.00131225585937502 0.249862670898438
-0.040130615234375 -0.0739822387695312 -0.0959548950195312 -0.10809326171875
-0.0754318237304688 0.0137863159179688 -0.068634033203125 -0.238357543945313
-0.0140380859375 0.0730209350585938 0.263839721679688 -0.110214233398438
0.02618408203125 0.0568046569824219 0.54144287109375 0.270751953125
0.0400505065917969 0.00798797607421875 0.4425048828125 0.6724853515625
0.0243072509765625 0.028564453125 0.0182495117187501 0.6824951171875
-0.0168342590332031 0.0236148834228516 -0.170013427734375 0.289825439453125
-0.02203369140625 0.0168342590332031 0.150650024414063 -0.132354736328125
0.0147819519042969 0.020416259765625 0.384368896484375 -0.561309814453125
0.0596580505371094 0.0396537780761719 0.04779052734375 -0.76812744140625
0.0631179809570313 0.0361785888671875 -0.405303955078125 -0.426361083984375
-0.000198364257812502 0.0475540161132812 -0.532257080078125 0.0271911621093749
-0.0253219604492187 0.00379562377929688 -0.2581787109375 0.237869262695312
-0.0240764617919922 2.28881835937552E-05 -0.0346260070800781 0.0594673156738281
-0.03900146484375 -0.169830322265625 -0.00941467285156249 0.2401123046875
-0.0730133056640625 -0.163909912109375 -0.0701446533203125 -0.102493286132813
-0.103195190429688 -0.0291519165039063 0.00189208984375 -0.23681640625
0.012451171875 0.103546142578125 0.31988525390625 -0.0933837890625
0.083709716796875 0.132972717285156 0.507659912109375 0.326568603515625
0.0848464965820313 0.107505798339844 0.3487548828125 0.7088623046875
-0.00033569335937499 0.130867004394531 -0.032958984375 0.6639404296875
-0.108078002929688 0.0986557006835937 -0.12969970703125 0.258575439453125
-0.0974502563476563 0.09844970703125 0.186111450195313 -0.170257568359375
-0.00634002685546874 0.115158081054688 0.315185546875 -0.6002197265625
0.092437744140625 0.155014038085938 -0.0850219726562499 -0.72265625
0.121673583984375 0.122917175292969 -0.4627685546875 -0.332763671875
0.01788330078125 0.0732421875 -0.5096435546875 0.0745849609375001
-0.0372047424316406 -0.0501632690429688 -0.220550537109375 0.246536254882813
-0.0315093994140625 -0.0879440307617188 -0.0248565673828125 0.0509185791015625
-0.050384521484375 -0.247238159179688 -0.018035888671875 0.207931518554687
-0.0883026123046875 -0.212921142578125 -0.024871826171875 -0.110557556152344
-0.0894851684570313 -0.0372543334960938 0.109130859375 -0.228759765625
0.0597076416015625 0.14691162109375 0.389617919921875 -0.04638671875
0.12060546875 0.205795288085937 0.44110107421875 0.416046142578125
0.0827484130859375 0.192581176757813 0.1995849609375 0.74542236328125
-0.0511932373046875 0.210006713867187 -0.09649658203125 0.6048583984375
-0.17730712890625 0.15985107421875 -0.0644989013671875 0.193283081054688
-0.124252319335937 0.178924560546875 0.216476440429688 -0.248245239257813
0.02685546875 0.199859619140625 0.19158935546875 -0.6490478515625
0.151321411132813 0.235733032226563 -0.2591552734375 -0.63348388671875
0.164596557617188 0.166091918945313 -0.50830078125 -0.20147705078125
0.0176925659179688 0.0576820373535156 -0.445465087890625 0.134857177734375
-0.0558853149414063 -0.113655090332031 -0.149871826171875 0.244308471679688
-0.0382537841796875 -0.1641845703125 -0.00728607177734376 0.01910400390625
-0.054656982421875 -0.2843017578125 -0.0189361572265625 0.15911865234375
-0.0798797607421875 -0.21612548828125 0.0415420532226563 -0.131729125976563
-0.0412330627441406 -0.0125083923339844 0.230026245117188 -0.20941162109375
0.102188110351562 0.196975708007813 0.437103271484375 0.0406494140625
0.11614990234375 0.261749267578125 0.323883056640625 0.52301025390625
0.0318603515625 0.245147705078125 0.0181884765625001 0.755126953125
-0.115020751953125 0.24884033203125 -0.146697998046875 0.515167236328125
-0.214828491210937 0.197830200195313 0.015533447265625 0.104354858398438
-0.107070922851563 0.239822387695313 0.216400146484375 -0.350860595703125
0.0893707275390625 0.249603271484375 0.0257568359375001 -0.68328857421875
0.20184326171875 0.263153076171875 -0.4244384765625 -0.516021728515625
0.16644287109375 0.161178588867188 -0.5106201171875 -0.0740966796875
-0.00465106964111328 0.00386619567871094 -0.33453369140625 0.178558349609375
-0.0748138427734375 -0.176422119140625 -0.0626983642578125 0.227096557617188
-0.041229248046875 -0.218353271484375 0.0107707977294922 -0.03216552734375
0.03741455078125 0.2579345703125 0.015960693359375 0.0825881958007813
0.090545654296875 0.1971435546875 -0.00796508789062498 -0.1875
0.0412216186523438 0.0545272827148438 0.175979614257813 -0.225067138671875
-0.119346618652344 -0.125236511230469 0.47003173828125 -0.01165771484375
-0.200042724609375 -0.254013061523438 0.520355224609375 0.38848876953125
-0.12628173828125 -0.302032470703125 0.2049560546875 0.66644287109375
0.08941650390625 -0.260879516601563 -0.08154296875 0.47406005859375
0.266693115234375 -0.192459106445313 -0.01947021484375 0.0758895874023437
0.20849609375 -0.225982666015625 0.231658935546875 -0.374267578125
0.0591888427734375 -0.275833129882813 0.2059326171875 -0.73394775390625
-0.09033203125 -0.306732177734375 -0.2197265625 -0.6646728515625
-0.121902465820312 -0.207000732421875 -0.460723876953125 -0.17999267578125
-0.00446701049804687 -0.0278453826904297 -0.3607177734375 0.183685302734375
0.07354736328125 0.173324584960938 -0.0719451904296875 0.197189331054688
0.03314208984375 0.263504028320313 0.0380172729492187 -0.100318908691406
0.030364990234375 0.230361938476563 0.0189361572265625 0.142196655273438
0.0770721435546875 0.18927001953125 -0.063446044921875 -0.162612915039063
0.0583572387695313 0.0997314453125 0.0472564697265625 -0.223770141601563
-0.0712356567382813 -0.0601577758789062 0.38372802734375 -0.06201171875
-0.168365478515625 -0.187591552734375 0.57366943359375 0.306396484375
-0.141448974609375 -0.259246826171875 0.3551025390625 0.65093994140625
0.0513763427734375 -0.238006591796875 -0.022552490234375 0.559417724609375
0.234222412109375 -0.172012329101563 -0.094757080078125 0.167205810546875
0.220169067382813 -0.183441162109375 0.206634521484375 -0.269363403320313
0.117218017578125 -0.228363037109375 0.3306884765625 -0.67181396484375
-0.02069091796875 -0.279632568359375 -0.0584716796875001 -0.74664306640625
-0.1024169921875 -0.210006713867188 -0.4337158203125 -0.312042236328125
-0.0333709716796875 -0.0536575317382813 -0.446533203125 0.118743896484375
0.036834716796875 0.131195068359375 -0.15289306640625 0.214599609375
0.016754150390625 0.231597900390625 0.01220703125 -0.0385169982910156
0.0156402587890625 0.15728759765625 0.0169525146484375 0.192794799804688
0.0409393310546875 0.132118225097656 -0.0922393798828125 -0.146209716796875
0.0322952270507813 0.107826232910156 -0.04742431640625 -0.227371215820313
-0.0377235412597656 0.00339508056640625 0.300262451171875 -0.092926025390625
-0.106773376464844 -0.103523254394531 0.581298828125 0.25946044921875
-0.102020263671875 -0.184768676757813 0.4534912109375 0.637939453125
0.0323944091796875 -0.173797607421875 0.0249633789062501 0.6268310546875
0.168075561523437 -0.124252319335937 -0.150253295898438 0.241897583007813
0.174057006835938 -0.124755859375 0.164520263671875 -0.185882568359375
0.120269775390625 -0.153518676757813 0.3912353515625 -0.6041259765625
0.031158447265625 -0.199783325195313 0.0533447265625 -0.78277587890625
-0.05572509765625 -0.159942626953125 -0.3980712890625 -0.4097900390625
-0.0380821228027344 -0.0426025390625 -0.50103759765625 0.0584106445312501
0.00522613525390626 0.087371826171875 -0.220703125 0.2269287109375
0.000259399414062509 0.167190551757812 -0.00997352600097656 0.0133438110351563
-0.00332260131835937 0.0550003051757812 0.015869140625 0.23321533203125
8.39233398437479E-05 0.0361366271972656 -0.103775024414063 -0.123115539550781
-0.0204238891601563 0.0713958740234375 -0.0880889892578125 -0.235122680664063
-0.0226325988769531 0.0443916320800781 0.2554931640625 -0.109909057617187
-0.0395927429199219 -0.021636962890625 0.571533203125 0.24468994140625
-0.0333480834960938 -0.0922012329101562 0.48779296875 0.64532470703125
0.0298233032226562 -0.0800933837890625 0.04791259765625 0.67425537109375
0.0803604125976563 -0.0555191040039062 -0.175750732421875 0.286956787109375
0.0811080932617188 -0.0558624267578125 0.140487670898438 -0.141571044921875
0.072052001953125 -0.0693511962890625 0.40472412109375 -0.5712890625
0.04949951171875 -0.0876312255859375 0.0898437499999999 -0.79248046875
0.00315093994140625 -0.0710296630859375 -0.388763427734375 -0.451873779296875
-0.0230560302734375 -0.00160408020019531 -0.52960205078125 0.0240478515625001
-0.0129356384277344 0.0473594665527344 -0.257034301757812 0.234207153320313
-0.0135726928710937 0.0884552001953125 -0.0284538269042969 0.0483818054199219
-0.0234565734863281 -0.0618782043457031 0.0059967041015625 0.250930786132813
-0.04205322265625 -0.0732421875 -0.0966796875 -0.108345031738281
-0.0755538940429688 0.0150299072265625 -0.0711517333984375 -0.239608764648438
-0.0128326416015625 0.0732040405273438 0.265090942382813 -0.114990234375
0.0266914367675781 0.0566329956054688 0.548828125 0.26556396484375
0.0401115417480469 0.007659912109375 0.45458984375 0.67254638671875
0.024505615234375 0.0280990600585938 0.02734375 0.690673828125
-0.0174942016601563 0.0244827270507813 -0.168487548828125 0.29498291015625
-0.0223960876464844 0.0182304382324219 0.1495361328125 -0.135238647460938
0.0144443511962891 0.0203704833984375 0.38055419921875 -0.57110595703125
0.0606269836425781 0.0386734008789063 0.0404052734375001 -0.77557373046875
0.0649681091308594 0.0344314575195313 -0.41632080078125 -0.4259033203125
0.000312805175781253 0.0476837158203125 -0.537445068359375 0.0331420898437501
-0.0253047943115234 0.00385475158691407 -0.259185791015625 0.243133544921875
-0.0237808227539062 0.00018119812011719 -0.0340194702148438 0.0609321594238281
-0.04156494140625 -0.169631958007812 -0.00581359863281249 0.241455078125
-0.0759735107421875 -0.163116455078125 -0.0707015991210937 -0.103561401367188
-0.103729248046875 -0.0275650024414063 0.000320434570312502 -0.23944091796875
0.0149917602539062 0.103233337402344 0.321380615234375 -0.097869873046875
0.08636474609375 0.132255554199219 0.51605224609375 0.3232421875
0.0861663818359375 0.10693359375 0.35882568359375 0.71044921875
0.000564575195312499 0.132270812988281 -0.02581787109375 0.6697998046875
-0.10772705078125 0.100730895996094 -0.128555297851562 0.261642456054688
-0.0980987548828125 0.100624084472656 0.185089111328125 -0.1734619140625
-0.00521850585937499 0.116302490234375 0.30914306640625 -0.6090087890625
0.0950927734375 0.154449462890625 -0.09356689453125 -0.728271484375
0.124977111816406 0.121742248535156 -0.472076416015625 -0.331634521484375
0.019195556640625 0.0735092163085938 -0.5150146484375 0.0819702148437499
-0.0377616882324219 -0.0491142272949219 -0.219161987304688 0.250564575195312
-0.0325241088867188 -0.0876693725585938 -0.0242233276367188 0.0524406433105469
-0.0540313720703125 -0.247344970703125 -0.01531982421875 0.208663940429687
-0.0913848876953125 -0.212203979492187 -0.0250015258789062 -0.111824035644531
-0.0897140502929688 -0.0369033813476562 0.108367919921875 -0.233001708984375
0.0629425048828125 0.146392822265625 0.39208984375 -0.0517578125
0.124267578125 0.204498291015625 0.44970703125 0.4139404296875
0.08551025390625 0.192489624023438 0.20751953125 0.74755859375
-0.0488739013671875 0.212051391601563 -0.08935546875 0.61016845703125
-0.177291870117188 0.163314819335937 -0.0623016357421875 0.19549560546875
-0.124298095703125 0.182235717773437 0.215087890625 -0.2530517578125
0.028411865234375 0.200592041015625 0.1837158203125 -0.6566162109375
0.155929565429688 0.235427856445312 -0.26971435546875 -0.637451171875
0.167449951171875 0.164901733398438 -0.516571044921875 -0.197113037109375
0.0196456909179688 0.0581588745117188 -0.448211669921875 0.1412353515625
-0.057342529296875 -0.112785339355469 -0.148880004882812 0.248458862304688
-0.040557861328125 -0.164810180664063 -0.00678634643554688 0.0201892852783203
-0.05792236328125 -0.28521728515625 -0.016387939453125 0.159332275390625
-0.083282470703125 -0.21527099609375 0.0411834716796875 -0.134376525878906
-0.0417976379394531 -0.0116729736328125 0.230331420898438 -0.215118408203125
0.106033325195312 0.196182250976562 0.441864013671875 0.03521728515625
0.121414184570312 0.261276245117188 0.33349609375 0.523406982421875
0.0345458984375 0.245803833007813 0.02606201171875 0.761962890625
-0.112869262695312 0.25189208984375 -0.14031982421875 0.52001953125
-0.215164184570313 0.202163696289063 0.0165939331054687 0.10504150390625
-0.104904174804688 0.242706298828125 0.214630126953125 -0.356597900390625
0.0919342041015625 0.249725341796875 0.01922607421875 -0.69049072265625
0.20697021484375 0.260787963867188 -0.43536376953125 -0.516632080078125
0.169845581054687 0.159500122070313 -0.517059326171875 -0.0689392089843749
-0.00389719009399414 0.004547119140625 -0.336029052734375 0.184356689453125
-0.0768280029296875 -0.176773071289062 -0.060211181640625 0.229827880859375
-0.0446319580078125 -0.220245361328125 0.0108737945556641 -0.0312652587890625
0.0429840087890625 0.259445190429688 0.01678466796875 0.0818557739257813
0.093780517578125 0.196929931640625 -0.01043701171875 -0.18963623046875
0.0416145324707031 0.0541419982910156 0.17535400390625 -0.230087280273438
-0.123046875 -0.124534606933594 0.474334716796875 -0.017974853515625
-0.205337524414063 -0.253402709960938 0.529205322265625 0.383544921875
-0.13153076171875 -0.30194091796875 0.216796875 0.6695556640625
0.08831787109375 -0.263992309570313 -0.076263427734375 0.479248046875
0.266952514648438 -0.19781494140625 -0.0195465087890625 0.0760040283203125
0.208404541015625 -0.230194091796875 0.229461669921875 -0.38116455078125
0.05645751953125 -0.278610229492188 0.19866943359375 -0.74444580078125
-0.09521484375 -0.30767822265625 -0.23193359375 -0.66717529296875
-0.126449584960937 -0.206954956054688 -0.46826171875 -0.17657470703125
-0.006011962890625 -0.0279407501220703 -0.362030029296875 0.1898193359375
0.0752716064453125 0.17291259765625 -0.0697174072265625 0.198867797851562
0.0371856689453125 0.264129638671875 0.0375442504882813 -0.099822998046875
0.0347747802734375 0.232284545898438 0.02044677734375 0.141220092773438
0.080657958984375 0.189529418945312 -0.065277099609375 -0.163482666015625
0.0587997436523438 0.09869384765625 0.04510498046875 -0.226898193359375
-0.0738143920898437 -0.0588760375976563 0.386810302734375 -0.068756103515625
-0.173690795898438 -0.1864013671875 0.5830078125 0.30072021484375
-0.14544677734375 -0.258026123046875 0.367919921875 0.65216064453125
0.0503387451171875 -0.240020751953125 -0.017333984375 0.56494140625
0.234176635742188 -0.17633056640625 -0.093994140625 0.169601440429688
0.220184326171875 -0.187637329101563 0.203811645507812 -0.2738037109375
0.1162109375 -0.231063842773438 0.32379150390625 -0.68255615234375
-0.02447509765625 -0.281219482421875 -0.07110595703125 -0.75299072265625
-0.10699462890625 -0.209991455078125 -0.443572998046875 -0.308868408203125
-0.0355644226074219 -0.052825927734375 -0.448638916015625 0.125274658203125
0.0381622314453125 0.131149291992188 -0.151473999023438 0.218353271484375
0.0207366943359375 0.231948852539063 0.0123252868652344 -0.0379600524902344
0.0188751220703125 0.157791137695312 0.0206298828125 0.193008422851563
0.0438308715820313 0.132568359375 -0.094482421875 -0.146652221679688
0.0334854125976562 0.107284545898438 -0.05035400390625 -0.229339599609375
-0.0383949279785156 0.00423812866210937 0.301605224609375 -0.098052978515625
-0.109474182128906 -0.102630615234375 0.5902099609375 0.25177001953125
-0.1055908203125 -0.185012817382812 0.46563720703125 0.63592529296875
0.03131103515625 -0.17584228515625 0.0333251953125 0.63348388671875
0.168594360351563 -0.127487182617188 -0.148590087890625 0.246200561523438
0.173812866210938 -0.127029418945313 0.163345336914063 -0.188674926757813
0.119857788085937 -0.155471801757813 0.3858642578125 -0.6160888671875
0.0283660888671875 -0.2021484375 0.0430908203125001 -0.79058837890625
-0.057891845703125 -0.160537719726563 -0.40869140625 -0.40899658203125
-0.0403175354003906 -0.042572021484375 -0.50537109375 0.06439208984375
0.00598144531250001 0.0881271362304687 -0.219345092773438 0.23095703125
0.00257873535156251 0.167037963867188 -0.0100793838500977 0.0138530731201172
-0.00197601318359375 0.0561714172363281 0.019775390625 0.23382568359375
0.000221252441406252 0.0372505187988281 -0.105575561523437 -0.123222351074219
-0.0202407836914063 0.0713729858398437 -0.09033203125 -0.235687255859375
-0.022552490234375 0.0448722839355469 0.256362915039063 -0.114501953125
-0.0409698486328125 -0.0208206176757813 0.57763671875 0.23828125
-0.0353164672851563 -0.0926971435546875 0.50048828125 0.642333984375
0.0303421020507813 -0.0810470581054687 0.05816650390625 0.67852783203125
0.0800857543945313 -0.0570449829101563 -0.174224853515625 0.291229248046875
0.0808181762695312 -0.0570602416992188 0.138427734375 -0.144088745117188
0.0716476440429688 -0.0707015991210938 0.4002685546875 -0.57989501953125
0.0483322143554687 -0.0890960693359375 0.0802001953124999 -0.7999267578125
0.0020904541015625 -0.0726852416992188 -0.398712158203125 -0.45050048828125
-0.0230312347412109 -0.00133705139160157 -0.53497314453125 0.03131103515625
-0.0136222839355469 0.0473518371582031 -0.256027221679688 0.238800048828125
-0.0119781494140625 0.08966064453125 -0.027862548828125 0.0492973327636719
-0.0233383178710938 -0.0608673095703125 0.0099639892578125 0.251388549804688
-0.0438308715820313 -0.0724334716796875 -0.0971145629882813 -0.108505249023438
-0.0758819580078125 0.0158462524414063 -0.07379150390625 -0.241180419921875
-0.0115127563476563 0.072723388671875 0.26617431640625 -0.119705200195313
0.0269813537597656 0.0561981201171875 0.557861328125 0.260498046875
0.0393943786621094 0.00652694702148438 0.46734619140625 0.67095947265625
0.0257053375244141 0.0280818939208984 0.0371093749999999 0.69305419921875
-0.0169353485107422 0.0245494842529297 -0.16680908203125 0.298583984375
-0.0226879119873047 0.0184612274169922 0.148544311523438 -0.138259887695312
0.0144424438476563 0.0205345153808594 0.3758544921875 -0.58258056640625
0.0611152648925781 0.0384178161621094 0.0288696289062501 -0.7816162109375
0.0649299621582031 0.0335884094238281 -0.424957275390625 -0.42572021484375
0.000911712646484377 0.0477294921875 -0.54217529296875 0.039703369140625
-0.0244922637939453 0.00480842590332031 -0.257339477539063 0.24859619140625
-0.0233688354492188 0.000822067260742187 -0.0328178405761719 0.0628089904785156
-0.0439453125 -0.16912841796875 -0.001251220703125 0.242828369140625
-0.0788726806640625 -0.1624755859375 -0.0712432861328125 -0.104019165039063
-0.104705810546875 -0.0257949829101562 -0.00320434570312503 -0.2412109375
0.0163650512695313 0.103408813476563 0.3232421875 -0.10400390625
0.0881729125976563 0.131614685058594 0.52447509765625 0.3173828125
0.0877532958984375 0.105819702148438 0.37127685546875 0.71112060546875
0.00252532958984374 0.132743835449219 -0.0167236328125 0.67462158203125
-0.107337951660156 0.102981567382813 -0.126174926757813 0.266098022460938
-0.0977020263671875 0.102035522460937 0.184127807617188 -0.178146362304687
-0.0055694580078125 0.11663818359375 0.30364990234375 -0.61834716796875
0.0979156494140625 0.154342651367188 -0.10516357421875 -0.732177734375
0.127571105957031 0.120361328125 -0.4820556640625 -0.32891845703125
0.0212936401367187 0.0737152099609375 -0.518157958984375 0.0896606445312499
-0.0386314392089844 -0.0484657287597656 -0.218490600585937 0.25592041015625
-0.0326461791992188 -0.0877456665039063 -0.0230293273925781 0.053924560546875
-0.057159423828125 -0.248367309570312 -0.0116729736328125 0.209579467773437
-0.096649169921875 -0.211288452148438 -0.0255355834960937 -0.113479614257813
-0.0900115966796875 -0.0351943969726563 0.107376098632813 -0.236953735351563
0.0665283203125 0.14599609375 0.395263671875 -0.058319091796875
0.127685546875 0.203521728515625 0.459259033203125 0.41162109375
0.087310791015625 0.1922607421875 0.21917724609375 0.75018310546875
-0.0467987060546875 0.215072631835937 -0.08160400390625 0.61572265625
-0.177322387695313 0.167129516601563 -0.0614013671875 0.197525024414063
-0.123779296875 0.186187744140625 0.212966918945313 -0.258575439453125
0.0304107666015625 0.201629638671875 0.1773681640625 -0.66497802734375
0.16046142578125 0.234466552734375 -0.2822265625 -0.6385498046875
0.172073364257813 0.163101196289063 -0.52484130859375 -0.194000244140625
0.020721435546875 0.0572013854980469 -0.45135498046875 0.14849853515625
-0.0586471557617188 -0.1126708984375 -0.14617919921875 0.252426147460938
-0.042724609375 -0.165283203125 -0.00602340698242188 0.0215549468994141
-0.06201171875 -0.284393310546875 -0.013214111328125 0.159698486328125
-0.08697509765625 -0.214157104492188 0.041168212890625 -0.136390686035156
-0.0415267944335938 -0.0111846923828125 0.229232788085938 -0.219818115234375
0.110580444335938 0.194808959960937 0.446014404296875 0.030303955078125
0.125274658203125 0.260208129882813 0.3427734375 0.52423095703125
0.0370635986328125 0.24603271484375 0.0380249023437499 0.76727294921875
-0.110565185546875 0.25555419921875 -0.133056640625 0.52545166015625
-0.214431762695313 0.206375122070313 0.0190505981445312 0.105232238769531
-0.104324340820312 0.246261596679687 0.211273193359375 -0.363311767578125
0.094970703125 0.249359130859375 0.00994873046875002 -0.6954345703125
0.2130126953125 0.259765625 -0.446990966796875 -0.51507568359375
0.174224853515625 0.156875610351563 -0.52301025390625 -0.0635070800781249
-0.00354504585266113 0.00423717498779297 -0.33807373046875 0.1903076171875
-0.079833984375 -0.175628662109375 -0.0580291748046875 0.232101440429688
-0.0471038818359375 -0.220169067382813 0.0111045837402344 -0.0304698944091797
0.0482330322265625 0.260726928710938 0.0184173583984375 0.0805892944335938
0.0976715087890625 0.196746826171875 -0.0135955810546875 -0.19189453125
0.0418243408203125 0.0541229248046875 0.173370361328125 -0.23468017578125
-0.1263427734375 -0.1229248046875 0.477752685546875 -0.025115966796875
-0.21173095703125 -0.250747680664063 0.538787841796875 0.3787841796875
-0.136260986328125 -0.301513671875 0.2276611328125 0.67230224609375
0.0864105224609375 -0.266876220703125 -0.06927490234375 0.4830322265625
0.267044067382813 -0.203704833984375 -0.0189895629882812 0.0761337280273437
0.2073974609375 -0.234710693359375 0.225067138671875 -0.385986328125
0.05322265625 -0.281280517578125 0.18829345703125 -0.7525634765625
-0.100433349609375 -0.30816650390625 -0.2431640625 -0.66912841796875
-0.131271362304688 -0.206680297851562 -0.47625732421875 -0.16943359375
-0.00792503356933594 -0.0282936096191406 -0.362701416015625 0.196075439453125
0.0775604248046875 0.172149658203125 -0.0677947998046875 0.2015380859375
0.041656494140625 0.265060424804688 0.0366363525390625 -0.100250244140625
0.0401458740234375 0.233245849609375 0.0235366821289062 0.140419006347656
0.0840301513671875 0.189895629882812 -0.068450927734375 -0.16461181640625
0.0597915649414062 0.09942626953125 0.04217529296875 -0.23004150390625
-0.0758056640625 -0.0580596923828125 0.389862060546875 -0.074737548828125
-0.178955078125 -0.184432983398437 0.59088134765625 0.29437255859375
-0.15020751953125 -0.257644653320313 0.3798828125 0.65142822265625
0.0477294921875 -0.24224853515625 -0.00915527343749994 0.56768798828125
0.234451293945313 -0.1807861328125 -0.0927734375 0.172592163085937
0.220458984375 -0.190780639648438 0.200393676757813 -0.278350830078125
0.1138916015625 -0.233795166015625 0.315185546875 -0.69171142578125
-0.029296875 -0.283447265625 -0.083251953125 -0.758056640625
-0.111740112304688 -0.210784912109375 -0.45343017578125 -0.305023193359375
-0.0368499755859375 -0.0533943176269531 -0.451324462890625 0.132110595703125
0.0391159057617188 0.130477905273437 -0.150131225585937 0.221633911132812
0.0245819091796875 0.234024047851563 0.0118789672851563 -0.0370140075683594
0.0233612060546875 0.159286499023438 0.02337646484375 0.192108154296875
0.0452194213867188 0.133338928222656 -0.096405029296875 -0.147323608398438
0.0346298217773438 0.107635498046875 -0.0521392822265625 -0.2313232421875
-0.0396995544433594 0.00500869750976563 0.303070068359375 -0.10382080078125
-0.11260986328125 -0.101837158203125 0.5992431640625 0.2449951171875
-0.108993530273438 -0.184280395507813 0.47796630859375 0.63421630859375
0.0301055908203125 -0.1773681640625 0.0433959960937499 0.63751220703125
0.168716430664063 -0.1307373046875 -0.147216796875 0.25042724609375
0.174072265625 -0.129608154296875 0.160736083984375 -0.19281005859375
0.11865234375 -0.15887451171875 0.37890625 -0.6268310546875
0.0259552001953125 -0.204193115234375 0.03021240234375 -0.796875
-0.0611114501953125 -0.161422729492188 -0.41949462890625 -0.4058837890625
-0.0419769287109375 -0.0420799255371094 -0.508819580078125 0.0715332031250001
0.00574493408203124 0.0879745483398438 -0.217941284179688 0.236038208007813
0.0053558349609375 0.168380737304688 -0.00819969177246094 0.0144968032836914
-0.000419616699218748 0.0574531555175781 0.02447509765625 0.233291625976563
0.00131988525390625 0.0378761291503906 -0.107551574707031 -0.123985290527344
-0.0190658569335938 0.0726699829101563 -0.093963623046875 -0.237274169921875
-0.0230369567871094 0.0455322265625 0.256423950195313 -0.1197509765625
-0.0419654846191406 -0.0207176208496094 0.5858154296875 0.2301025390625
-0.0372390747070313 -0.0927505493164063 0.51373291015625 0.63970947265625
0.0291519165039062 -0.0819473266601563 0.0682373046875 0.683837890625
0.08038330078125 -0.0589065551757813 -0.171417236328125 0.2962646484375
0.0808944702148438 -0.058258056640625 0.136764526367188 -0.14678955078125
0.0713043212890625 -0.0719223022460937 0.3935546875 -0.5908203125
0.0476913452148438 -0.0908966064453125 0.0670776367187499 -0.8070068359375
0.0010528564453125 -0.0731582641601563 -0.4102783203125 -0.44952392578125
-0.0232906341552734 -0.000610351562499996 -0.5384521484375 0.0371704101562499
-0.0126380920410156 0.0472412109375 -0.254425048828125 0.244613647460938
-0.0098419189453125 0.0908050537109375 -0.0265998840332031 0.0509033203125
-0.0244178771972656 -0.0607147216796875 0.0150909423828125 0.25115966796875
-0.0450210571289062 -0.0716476440429688 -0.098541259765625 -0.109245300292969
-0.0758209228515625 0.017608642578125 -0.077056884765625 -0.241912841796875
-0.010772705078125 0.0727462768554688 0.267074584960938 -0.124725341796875
0.0276870727539062 0.0562171936035156 0.56610107421875 0.2535400390625
0.0386848449707031 0.00594711303710937 0.47998046875 0.668701171875
0.0265407562255859 0.0282783508300781 0.04693603515625 0.69842529296875
-0.0168647766113281 0.0245037078857422 -0.163665771484375 0.3033447265625
-0.0230083465576172 0.0195102691650391 0.146377563476563 -0.140884399414063
0.0141925811767578 0.0210113525390625 0.369140625 -0.59039306640625
0.0623283386230469 0.0363960266113281 0.0155029296875001 -0.79058837890625
0.0658111572265625 0.0316619873046875 -0.43603515625 -0.42376708984375
0.0022735595703125 0.0475959777832031 -0.546295166015625 0.04754638671875
-0.0243988037109375 0.00489997863769531 -0.255416870117188 0.253463745117187
-0.0235996246337891 0.00145721435546875 -0.0325164794921875 0.0646934509277344
-0.0461578369140625 -0.167800903320313 0.00259399414062499 0.242630004882813
-0.0819854736328125 -0.16131591796875 -0.0719223022460937 -0.104545593261719
-0.104965209960938 -0.0243377685546875 -0.00471496582031252 -0.243209838867187
0.0185775756835938 0.103271484375 0.324798583984375 -0.109710693359375
0.0910720825195313 0.130546569824219 0.533721923828125 0.313446044921875
0.0886993408203125 0.104583740234375 0.384033203125 0.712158203125
0.00424194335937499 0.134475708007813 -0.00695800781249993 0.6795654296875
-0.107048034667969 0.105247497558594 -0.123977661132812 0.268814086914063
-0.097930908203125 0.105239868164063 0.182144165039063 -0.181976318359375
-0.0038604736328125 0.117149353027344 0.29754638671875 -0.62957763671875
0.101303100585938 0.153778076171875 -0.118896484375 -0.737548828125
0.130378723144531 0.118408203125 -0.492706298828125 -0.326202392578125
0.0224685668945312 0.0735702514648438 -0.522613525390625 0.096710205078125
-0.0390510559082031 -0.04815673828125 -0.216354370117187 0.260772705078125
-0.0348434448242188 -0.0876922607421875 -0.0227546691894531 0.0551376342773438
-0.0620269775390625 -0.247283935546875 -0.00732421875 0.210006713867187
-0.0994720458984375 -0.209625244140625 -0.0260391235351563 -0.114524841308594
-0.09088134765625 -0.0336532592773438 0.104751586914063 -0.23968505859375
0.0698394775390625 0.144989013671875 0.396697998046875 -0.063232421875
0.131927490234375 0.202468872070313 0.469329833984375 0.40838623046875
0.09063720703125 0.19207763671875 0.2342529296875 0.7528076171875
-0.044403076171875 0.217086791992188 -0.07098388671875 0.62127685546875
-0.176376342773437 0.170883178710938 -0.058441162109375 0.199630737304688
-0.122528076171875 0.188446044921875 0.211395263671875 -0.263397216796875
0.0327606201171875 0.202102661132812 0.169189453125 -0.6741943359375
0.164154052734375 0.233001708984375 -0.292236328125 -0.6405029296875
0.176345825195313 0.1607666015625 -0.532470703125 -0.187042236328125
0.0222969055175781 0.0573501586914063 -0.4537353515625 0.1553955078125
-0.0609054565429687 -0.11181640625 -0.143280029296875 0.256195068359375
-0.045135498046875 -0.16510009765625 -0.00589752197265625 0.0225124359130859
-0.066436767578125 -0.284698486328125 -0.0102996826171875 0.160064697265625
-0.090789794921875 -0.21392822265625 0.04034423828125 -0.139213562011719
-0.0407981872558594 -0.0110282897949219 0.228652954101563 -0.224700927734375
0.115585327148437 0.194305419921875 0.449981689453125 0.023468017578125
0.130706787109375 0.259170532226563 0.35321044921875 0.52191162109375
0.040496826171875 0.2471923828125 0.04901123046875 0.77227783203125
-0.108367919921875 0.258819580078125 -0.127410888671875 0.530426025390625
-0.21319580078125 0.210052490234375 0.0208740234375 0.105232238769531
-0.101470947265625 0.249740600585937 0.20733642578125 -0.3685302734375
0.0988616943359375 0.249130249023438 -0.000915527343749982 -0.70233154296875
0.21746826171875 0.257843017578125 -0.4580078125 -0.512237548828125
0.17828369140625 0.155105590820313 -0.53045654296875 -0.056396484375
-0.0030362606048584 0.00430655479431152 -0.338104248046875 0.195526123046875
-0.082427978515625 -0.17529296875 -0.0539703369140625 0.235870361328125
-0.050323486328125 -0.22100830078125 0.0121650695800781 -0.0300483703613281
0.0535125732421875 0.260818481445313 0.0194091796875 0.0793914794921875
0.101455688476562 0.196426391601563 -0.0169677734375 -0.192779541015625
0.0420036315917969 0.0539398193359375 0.171127319335938 -0.23974609375
-0.130439758300781 -0.121025085449219 0.48046875 -0.033416748046875
-0.217864990234375 -0.247940063476563 0.548583984375 0.37176513671875
-0.141082763671875 -0.300750732421875 0.24041748046875 0.671875
0.084442138671875 -0.270050048828125 -0.063079833984375 0.487213134765625
0.266372680664063 -0.208709716796875 -0.0183792114257812 0.0772628784179687
0.206527709960938 -0.239044189453125 0.22003173828125 -0.391632080078125
0.05023193359375 -0.282318115234375 0.17681884765625 -0.76043701171875
-0.1055908203125 -0.30828857421875 -0.25634765625 -0.67010498046875
-0.136123657226563 -0.205978393554688 -0.4833984375 -0.163970947265625
-0.00862693786621094 -0.0277175903320313 -0.361419677734375 0.2030029296875
0.07928466796875 0.171722412109375 -0.0650177001953125 0.202972412109375
0.046630859375 0.265548706054687 0.0353240966796875 -0.100112915039062
0.04443359375 0.2342529296875 0.0252685546875 0.13970947265625
0.0873260498046875 0.18896484375 -0.0718231201171875 -0.16552734375
0.0614166259765625 0.0986404418945313 0.040069580078125 -0.232940673828125
-0.0781707763671875 -0.0565567016601563 0.3905029296875 -0.081573486328125
-0.183456420898438 -0.181976318359375 0.59906005859375 0.284912109375
-0.154754638671875 -0.25592041015625 0.392333984375 0.64813232421875
0.0455474853515625 -0.244583129882813 -0.000427246093749941 0.5709228515625
0.233352661132813 -0.185943603515625 -0.091644287109375 0.1746826171875
0.218521118164063 -0.1951904296875 0.197235107421875 -0.2830810546875
0.111679077148438 -0.236770629882813 0.30499267578125 -0.70245361328125
-0.03448486328125 -0.284942626953125 -0.09619140625 -0.76092529296875
-0.116119384765625 -0.209335327148438 -0.462677001953125 -0.30084228515625
-0.0394477844238281 -0.0526771545410156 -0.452667236328125 0.140350341796875
0.0400924682617187 0.130287170410156 -0.146820068359375 0.223831176757813
0.0285797119140625 0.234115600585938 0.0118026733398438 -0.0370903015136719
0.026580810546875 0.160629272460938 0.0269012451171875 0.19085693359375
0.0484161376953125 0.134002685546875 -0.09906005859375 -0.147232055664063
0.0365371704101562 0.107246398925781 -0.05517578125 -0.232330322265625
-0.0409278869628906 0.00569915771484375 0.30322265625 -0.10986328125
-0.115814208984375 -0.100517272949219 0.6058349609375 0.2354736328125
-0.112518310546875 -0.183273315429688 0.4913330078125 0.62884521484375
0.0280914306640625 -0.178192138671875 0.05181884765625 0.63739013671875
0.16802978515625 -0.134902954101562 -0.14410400390625 0.253921508789063
0.173324584960938 -0.132919311523438 0.15789794921875 -0.195938110351563
0.117034912109375 -0.160293579101563 0.37115478515625 -0.63580322265625
0.0225830078125 -0.205612182617188 0.01849365234375 -0.80181884765625
-0.0643768310546875 -0.160858154296875 -0.428802490234375 -0.403350830078125
-0.0425796508789062 -0.0413131713867188 -0.511749267578125 0.0802307128906249
0.007293701171875 0.0880889892578125 -0.216018676757813 0.240142822265625
0.0085906982421875 0.16949462890625 -0.0085296630859375 0.0156240463256836
0.0019073486328125 0.0578117370605469 0.02972412109375 0.23248291015625
0.00149917602539062 0.0381927490234375 -0.109001159667969 -0.123458862304688
-0.0179672241210938 0.0729217529296875 -0.097747802734375 -0.237274169921875
-0.0222129821777344 0.0455513000488281 0.257186889648438 -0.125091552734375
-0.0431404113769531 -0.01947021484375 0.59295654296875 0.222900390625
-0.0391311645507813 -0.0924453735351562 0.52691650390625 0.63482666015625
0.0287322998046875 -0.08245849609375 0.0792236328125 0.68389892578125
0.0799713134765625 -0.0602264404296875 -0.168914794921875 0.300689697265625
0.0801849365234375 -0.0593032836914063 0.134246826171875 -0.149566650390625
0.070037841796875 -0.0731124877929688 0.3851318359375 -0.6002197265625
0.0459823608398437 -0.0927810668945313 0.0542602539062499 -0.814208984375
-0.001007080078125 -0.0734710693359375 -0.422210693359375 -0.446014404296875
-0.0242385864257813 -0.000188827514648435 -0.54229736328125 0.0466918945312499
-0.0119705200195313 0.0480995178222656 -0.252960205078125 0.248748779296875
-0.00798797607421874 0.0911865234375 -0.0260200500488281 0.05242919921875
-0.0248222351074219 -0.0596466064453125 0.0209503173828125 0.2509765625
-0.0462112426757812 -0.0696868896484375 -0.0996246337890625 -0.109184265136719
-0.0751724243164063 0.0196609497070313 -0.0800323486328125 -0.242568969726563
-0.0097808837890625 0.0738372802734375 0.266586303710938 -0.13037109375
0.028411865234375 0.0551033020019531 0.57244873046875 0.24432373046875
0.0381011962890625 0.00551605224609375 0.49249267578125 0.6632080078125
0.0271549224853516 0.0280208587646484 0.0578613281250001 0.7005615234375
-0.0166511535644531 0.0247230529785156 -0.16046142578125 0.30859375
-0.0228214263916016 0.0204391479492188 0.144302368164063 -0.143707275390625
0.0149993896484375 0.0209732055664063 0.36090087890625 -0.59930419921875
0.0630455017089844 0.03570556640625 0.00372314453125 -0.794921875
0.0668830871582031 0.0308799743652344 -0.4481201171875 -0.418792724609375
0.0030517578125 0.0481414794921875 -0.548736572265625 0.0556640624999999
-0.0249443054199219 0.00558662414550782 -0.2530517578125 0.258544921875
-0.0228443145751953 0.00185585021972656 -0.03045654296875 0.0659751892089844
-0.0486602783203125 -0.167205810546875 0.00843811035156252 0.242294311523438
-0.084747314453125 -0.1595458984375 -0.0731124877929687 -0.105140686035156
-0.105087280273437 -0.022705078125 -0.00767517089843749 -0.244354248046875
0.0213546752929688 0.102943420410156 0.323944091796875 -0.115234375
0.0923995971679688 0.129364013671875 0.542205810546875 0.304229736328125
0.089996337890625 0.103103637695312 0.39788818359375 0.7080078125
0.00630950927734376 0.134689331054688 0.00415039062499998 0.68328857421875
-0.106163024902344 0.107002258300781 -0.120681762695313 0.272308349609375
-0.09698486328125 0.107353210449219 0.179183959960938 -0.185455322265625
-0.00327301025390626 0.117568969726563 0.2862548828125 -0.63690185546875
0.103286743164063 0.15203857421875 -0.13092041015625 -0.74200439453125
0.132865905761719 0.116470336914063 -0.501708984375 -0.320526123046875
0.0241317749023437 0.0735321044921875 -0.524932861328125 0.105804443359375
-0.0400428771972656 -0.047088623046875 -0.211990356445312 0.264389038085938
-0.0353012084960938 -0.0871658325195313 -0.02069091796875 0.0567626953125
-0.0658416748046875 -0.246063232421875 -0.00321960449218752 0.20965576171875
-0.103851318359375 -0.2078857421875 -0.0268707275390625 -0.115608215332031
-0.0909194946289063 -0.0320205688476562 0.102981567382813 -0.24298095703125
0.0721588134765625 0.144363403320313 0.397979736328125 -0.07080078125
0.135589599609375 0.199996948242188 0.478302001953125 0.40155029296875
0.0925750732421875 0.190277099609375 0.24658203125 0.7529296875
-0.04144287109375 0.218582153320312 -0.0635375976562501 0.624267578125
-0.175247192382813 0.174575805664063 -0.0563507080078125 0.201171875
-0.120773315429687 0.192489624023438 0.207794189453125 -0.267837524414062
0.03515625 0.202285766601563 0.1575927734375 -0.679443359375
0.169082641601562 0.230728149414062 -0.30450439453125 -0.6387939453125
0.179580688476563 0.1578369140625 -0.5404052734375 -0.180511474609375
0.0234451293945313 0.0573196411132812 -0.45428466796875 0.163238525390625
-0.0622406005859375 -0.110954284667969 -0.140457153320312 0.260452270507812
-0.0474700927734375 -0.165878295898438 -0.00377655029296875 0.0239467620849609
-0.071502685546875 -0.282806396484375 -0.00685119628906251 0.159515380859375
-0.093719482421875 -0.211532592773438 0.039398193359375 -0.141693115234375
-0.0407447814941406 -0.00974655151367188 0.226913452148437 -0.2298583984375
0.119827270507813 0.19219970703125 0.453277587890625 0.01611328125
0.134658813476562 0.257461547851563 0.364990234375 0.519195556640625
0.043365478515625 0.246612548828125 0.06182861328125 0.77642822265625
-0.104934692382812 0.2607421875 -0.118499755859375 0.5355224609375
-0.211380004882812 0.214675903320313 0.0223770141601563 0.104804992675781
-0.098876953125 0.252670288085938 0.201873779296875 -0.37445068359375
0.10205078125 0.24847412109375 -0.0126342773437499 -0.706787109375
0.223434448242187 0.254501342773438 -0.46875 -0.51025390625
0.182403564453125 0.151687622070313 -0.535980224609375 -0.0482177734375
-0.00214576721191406 0.00449514389038086 -0.33740234375 0.201202392578125
-0.085296630859375 -0.173614501953125 -0.049896240234375 0.238128662109375
-0.0534210205078125 -0.220550537109375 0.0116691589355469 -0.0292320251464844
0.0595855712890625 0.261016845703125 0.0203781127929688 0.0775299072265625
0.104415893554687 0.194198608398438 -0.0204620361328125 -0.194107055664063
0.0422248840332031 0.0532684326171875 0.167312622070313 -0.243942260742188
-0.133209228515625 -0.11761474609375 0.481597900390625 -0.041778564453125
-0.223617553710938 -0.244491577148437 0.5556640625 0.363433837890625
-0.14544677734375 -0.298248291015625 0.2529296875 0.6710205078125
0.081390380859375 -0.271804809570312 -0.05517578125 0.4892578125
0.2642822265625 -0.2137451171875 -0.0180587768554687 0.0778656005859375
0.20367431640625 -0.242462158203125 0.21392822265625 -0.395782470703125
0.046295166015625 -0.284515380859375 0.1636962890625 -0.76513671875
-0.111297607421875 -0.30780029296875 -0.27093505859375 -0.66754150390625
-0.140350341796875 -0.20361328125 -0.48992919921875 -0.15692138671875
-0.0103836059570313 -0.0275363922119141 -0.360321044921875 0.20941162109375
0.081298828125 0.170089721679687 -0.0622100830078125 0.2044677734375
0.0514068603515625 0.265670776367188 0.0338592529296875 -0.100173950195312
0.050628662109375 0.23321533203125 0.0283966064453125 0.137252807617188
0.090576171875 0.188339233398438 -0.0748291015625 -0.16546630859375
0.0628204345703125 0.0976104736328125 0.0367431640625 -0.23492431640625
-0.0804901123046875 -0.0552597045898437 0.390777587890625 -0.0892333984375
-0.188430786132813 -0.178955078125 0.60552978515625 0.2757568359375
-0.159194946289063 -0.253890991210937 0.406005859375 0.64483642578125
0.0434417724609375 -0.245834350585938 0.00976562500000005 0.572509765625
0.231353759765625 -0.190536499023438 -0.089874267578125 0.1767578125
0.21759033203125 -0.199188232421875 0.192413330078125 -0.286529541015625
0.107711791992188 -0.239120483398438 0.29498291015625 -0.7081298828125
-0.038421630859375 -0.284576416015625 -0.10980224609375 -0.762451171875
-0.120803833007813 -0.208465576171875 -0.47003173828125 -0.2928466796875
-0.0405654907226562 -0.0517997741699219 -0.4522705078125 0.147613525390625
0.042144775390625 0.128997802734375 -0.144821166992187 0.226806640625
0.032928466796875 0.233749389648438 0.0114059448242188 -0.0366744995117187
0.03045654296875 0.160751342773438 0.030426025390625 0.188751220703125
0.0503921508789063 0.133529663085938 -0.101669311523437 -0.146728515625
0.037872314453125 0.106712341308594 -0.0590667724609375 -0.232147216796875
-0.0412330627441406 0.00665283203125 0.30322265625 -0.11572265625
-0.118644714355469 -0.0984420776367187 0.61053466796875 0.225830078125
-0.116500854492187 -0.181564331054688 0.5032958984375 0.62396240234375
0.0263214111328125 -0.179122924804688 0.0623779296875 0.63916015625
0.166641235351562 -0.137680053710938 -0.141815185546875 0.257644653320313
0.171707153320313 -0.136459350585938 0.154296875 -0.199081420898438
0.11505126953125 -0.16259765625 0.35968017578125 -0.6427001953125
0.0188751220703125 -0.206436157226563 0.00311279296875005 -0.80535888671875
-0.067779541015625 -0.160385131835938 -0.439056396484375 -0.3963623046875
-0.04449462890625 -0.0407638549804688 -0.513580322265625 0.0881652832031251
0.008270263671875 0.0875015258789062 -0.212387084960937 0.243194580078125
0.0118865966796875 0.169540405273438 -0.00746059417724609 0.0163440704345703
0.00362014770507813 0.0588874816894531 0.03387451171875 0.230224609375
0.00270462036132812 0.0387001037597656 -0.109779357910156 -0.122482299804688
-0.0166168212890625 0.073089599609375 -0.10076904296875 -0.236312866210938
-0.0216598510742187 0.0463600158691406 0.255966186523438 -0.130233764648438
-0.0448570251464844 -0.0188407897949219 0.59735107421875 0.21209716796875
-0.0415267944335937 -0.0921707153320313 0.539306640625 0.62811279296875
0.0276336669921875 -0.0831832885742188 0.0889282226562501 0.68408203125
0.0794601440429688 -0.0616226196289063 -0.165435791015625 0.304656982421875
0.0800399780273438 -0.060943603515625 0.13177490234375 -0.151519775390625
0.0694961547851563 -0.0737075805664063 0.374267578125 -0.60791015625
0.0447006225585938 -0.0932388305664063 0.0396118164062499 -0.8182373046875
-0.00230407714843749 -0.0742263793945313 -0.432525634765625 -0.44012451171875
-0.0248165130615234 -0.000165939331054686 -0.542877197265625 0.05413818359375
-0.01202392578125 0.0478019714355469 -0.249374389648437 0.253082275390625
-0.00670623779296874 0.0916595458984375 -0.0245246887207031 0.0535163879394531
-0.0249595642089844 -0.0587158203125 0.0262603759765625 0.249649047851563
-0.0469207763671875 -0.0684051513671875 -0.100257873535156 -0.108795166015625
-0.0747451782226562 0.0206298828125 -0.0827484130859375 -0.241531372070313
-0.00793457031249999 0.0736160278320313 0.265121459960938 -0.136123657226563
0.0289344787597656 0.0543746948242188 0.57781982421875 0.23480224609375
0.0378227233886719 0.00418472290039063 0.5045166015625 0.65716552734375
0.0283489227294922 0.0279865264892578 0.06939697265625 0.7012939453125
-0.0161857604980469 0.0245838165283203 -0.156890869140625 0.311798095703125
-0.0224113464355469 0.0211639404296875 0.142288208007813 -0.146652221679688
0.01434326171875 0.0205802917480469 0.35113525390625 -0.607666015625
0.0638313293457031 0.0337600708007813 -0.0108032226562499 -0.7982177734375
0.0682106018066406 0.02886962890625 -0.459442138671875 -0.413543701171875
0.00434112548828125 0.0482826232910156 -0.5511474609375 0.0636291503906249
-0.0252819061279297 0.00551986694335938 -0.249359130859375 0.26324462890625
-0.0230674743652344 0.00188827514648437 -0.028564453125 0.0679206848144531
-0.05133056640625 -0.165557861328125 0.0132598876953125 0.24151611328125
-0.088775634765625 -0.1573486328125 -0.0740814208984375 -0.105659484863281
-0.105430603027344 -0.02130126953125 -0.011199951171875 -0.2459716796875
0.0234603881835937 0.101524353027344 0.323516845703125 -0.122344970703125
0.0953369140625 0.127365112304688 0.54876708984375 0.2965087890625
0.0913238525390625 0.102073669433594 0.40997314453125 0.7037353515625
0.00852203369140626 0.134452819824219 0.015380859375 0.6845703125
-0.105415344238281 0.109359741210938 -0.116851806640625 0.275543212890625
-0.0960540771484375 0.109161376953125 0.175918579101562 -0.188858032226563
-0.0012969970703125 0.118370056152344 0.27655029296875 -0.64276123046875
0.106430053710937 0.150680541992188 -0.14337158203125 -0.7406005859375
0.135627746582031 0.113121032714844 -0.51092529296875 -0.313140869140625
0.0255966186523438 0.0727920532226563 -0.526031494140625 0.11260986328125
-0.0403861999511719 -0.0464935302734375 -0.209091186523438 0.268875122070312
-0.0365524291992187 -0.0866775512695313 -0.0193862915039062 0.0581436157226562
-0.0692291259765625 -0.244140625 0.0013275146484375 0.208709716796875
-0.107147216796875 -0.205612182617188 -0.0280990600585937 -0.116874694824219
-0.0910491943359375 -0.0310134887695312 0.100357055664062 -0.246307373046875
0.0754241943359375 0.1417236328125 0.398223876953125 -0.078155517578125
0.1390380859375 0.197784423828125 0.486236572265625 0.393951416015625
0.0953216552734375 0.188980102539063 0.25970458984375 0.7518310546875
-0.0382537841796875 0.219863891601562 -0.0517578125 0.62786865234375
-0.17315673828125 0.177978515625 -0.0531768798828125 0.202285766601563
-0.118331909179688 0.194168090820313 0.202743530273438 -0.272567749023438
0.0373687744140625 0.202072143554688 0.14666748046875 -0.68536376953125
0.1732177734375 0.227615356445313 -0.31707763671875 -0.63739013671875
0.184127807617188 0.15423583984375 -0.547943115234375 -0.173797607421875
0.0256805419921875 0.0576820373535156 -0.45440673828125 0.170623779296875
-0.063629150390625 -0.109184265136719 -0.135391235351563 0.263381958007813
-0.0498504638671875 -0.164901733398438 -0.00318527221679688 0.0251312255859375
-0.07623291015625 -0.281341552734375 -0.00274658203125 0.15869140625
-0.097442626953125 -0.208908081054688 0.0374298095703125 -0.144073486328125
-0.0402984619140625 -0.00939178466796876 0.224273681640625 -0.234771728515625
0.12408447265625 0.189117431640625 0.455810546875 0.00872802734375001
0.139419555664063 0.255172729492188 0.374664306640625 0.51434326171875
0.0468902587890625 0.246337890625 0.0748901367187499 0.77593994140625
-0.101882934570313 0.2633056640625 -0.109771728515625 0.537994384765625
-0.209335327148438 0.21844482421875 0.02471923828125 0.104545593261719
-0.09521484375 0.255630493164063 0.196136474609375 -0.37939453125
0.105667114257813 0.2467041015625 -0.02337646484375 -0.7081298828125
0.227981567382813 0.2510986328125 -0.479400634765625 -0.50323486328125
0.186294555664063 0.147689819335938 -0.539154052734375 -0.0398254394531251
-0.00156974792480469 0.00439786911010742 -0.336578369140625 0.207733154296875
-0.0877838134765625 -0.171905517578125 -0.046295166015625 0.238983154296875
-0.056732177734375 -0.219390869140625 0.0116806030273438 -0.0283870697021485
0.0655364990234375 0.2596435546875 0.0219039916992188 0.0753021240234375
0.1080322265625 0.192703247070313 -0.0246734619140625 -0.195083618164063
0.0423812866210938 0.052764892578125 0.16448974609375 -0.2470703125
-0.136894226074219 -0.114860534667969 0.481597900390625 -0.0499267578125
-0.227890014648438 -0.240509033203125 0.562255859375 0.353759765625
-0.149627685546875 -0.29541015625 0.26568603515625 0.667236328125
0.0778961181640625 -0.27392578125 -0.04632568359375 0.4903564453125
0.262191772460937 -0.219161987304687 -0.017120361328125 0.0778579711914062
0.200912475585938 -0.24676513671875 0.207183837890625 -0.400054931640625
0.0421142578125 -0.285186767578125 0.14984130859375 -0.76953125
-0.11669921875 -0.306060791015625 -0.28192138671875 -0.66546630859375
-0.144256591796875 -0.2020263671875 -0.49420166015625 -0.148345947265625
-0.0121326446533203 -0.0266895294189453 -0.358734130859375 0.215179443359375
0.083099365234375 0.167343139648438 -0.0583648681640625 0.2054443359375
0.0570526123046875 0.264785766601563 0.0330123901367188 -0.0999221801757812
0.0562744140625 0.23333740234375 0.0302352905273438 0.135017395019531
0.094482421875 0.186676025390625 -0.0778350830078125 -0.165908813476562
0.0642471313476563 0.0964584350585938 0.033477783203125 -0.23626708984375
-0.0821914672851563 -0.0525665283203125 0.389190673828125 -0.09527587890625
-0.1922607421875 -0.1749267578125 0.61114501953125 0.2652587890625
-0.163833618164062 -0.25091552734375 0.41790771484375 0.6368408203125
0.03973388671875 -0.24700927734375 0.0191040039062501 0.572509765625
0.229766845703125 -0.194717407226563 -0.087615966796875 0.178939819335938
0.215118408203125 -0.20306396484375 0.18701171875 -0.29010009765625
0.1051025390625 -0.240829467773438 0.2803955078125 -0.7142333984375
-0.043853759765625 -0.28436279296875 -0.123291015625 -0.7623291015625
-0.1248779296875 -0.206802368164062 -0.4771728515625 -0.286041259765625
-0.0423965454101563 -0.051605224609375 -0.45159912109375 0.156341552734375
0.0430908203125 0.127952575683594 -0.140960693359375 0.2288818359375
0.0374908447265625 0.233657836914063 0.0114402770996094 -0.0360298156738281
0.0338897705078125 0.160369873046875 0.03466796875 0.187164306640625
0.0531539916992188 0.1328125 -0.103958129882813 -0.146194458007813
0.0397720336914063 0.106399536132813 -0.061676025390625 -0.231887817382813
-0.0413627624511719 0.00722885131835938 0.30120849609375 -0.120330810546875
-0.121345520019531 -0.0958633422851562 0.6156005859375 0.21307373046875
-0.120010375976562 -0.179290771484375 0.5152587890625 0.6160888671875
0.0244903564453125 -0.180343627929688 0.0736083984375 0.63812255859375
0.164459228515625 -0.141220092773438 -0.138748168945312 0.2606201171875
0.170181274414063 -0.138717651367188 0.15118408203125 -0.200836181640625
0.1129150390625 -0.164749145507812 0.34808349609375 -0.64886474609375
0.016143798828125 -0.207473754882813 -0.01141357421875 -0.8077392578125
-0.0707550048828125 -0.159774780273438 -0.44903564453125 -0.389862060546875
-0.0457229614257813 -0.0406112670898437 -0.5115966796875 0.0958557128906251
0.0091552734375 0.0870513916015625 -0.209335327148438 0.24713134765625
0.01483154296875 0.169754028320313 -0.00689697265625 0.0167007446289063
0.00613784790039062 0.058685302734375 0.0389404296875 0.228805541992187
0.00355148315429687 0.0395431518554688 -0.111679077148438 -0.122291564941406
-0.0158538818359375 0.0740814208984375 -0.103439331054688 -0.235275268554687
-0.0215682983398438 0.0462875366210938 0.254196166992188 -0.134613037109375
-0.0454673767089844 -0.01806640625 0.60260009765625 0.201171875
-0.0437164306640625 -0.0907821655273438 0.550048828125 0.61932373046875
0.0268478393554688 -0.0842132568359375 0.10150146484375 0.68353271484375
0.0782699584960938 -0.0639877319335938 -0.16143798828125 0.308074951171875
0.078826904296875 -0.0618667602539062 0.128463745117188 -0.153701782226563
0.0676498413085938 -0.075347900390625 0.3643798828125 -0.6151123046875
0.0432891845703125 -0.0948257446289063 0.02435302734375 -0.81854248046875
-0.003387451171875 -0.0748214721679688 -0.441009521484375 -0.435791015625
-0.02459716796875 3.24249267578161E-05 -0.54595947265625 0.0639953613281251
-0.0111236572265625 0.047698974609375 -0.245391845703125 0.257232666015625
-0.00476837158203126 0.0919876098632813 -0.0236167907714844 0.0550041198730469
-0.025115966796875 -0.0572700500488281 0.03106689453125 0.246841430664063
-0.0485954284667969 -0.0670356750488281 -0.101158142089844 -0.108024597167969
-0.0737762451171875 0.0218276977539062 -0.086273193359375 -0.241256713867188
-0.007171630859375 0.07354736328125 0.263824462890625 -0.141128540039062
0.0303764343261719 0.0542755126953125 0.58331298828125 0.22320556640625
0.0373764038085938 0.00391769409179688 0.51776123046875 0.6492919921875
0.0281829833984375 0.0272922515869141 0.08197021484375 0.700439453125
-0.0164661407470703 0.0251502990722656 -0.15203857421875 0.31500244140625
-0.0235767364501953 0.0216579437255859 0.139389038085938 -0.14862060546875
0.0144157409667969 0.0207843780517578 0.33978271484375 -0.61419677734375
0.0643043518066406 0.0324974060058594 -0.0270996093749999 -0.79931640625
0.0684967041015625 0.0270767211914063 -0.4683837890625 -0.406829833984375
0.00514602661132813 0.048248291015625 -0.55157470703125 0.07330322265625
-0.0249576568603516 0.00670814514160156 -0.245468139648438 0.26702880859375
-0.0221748352050781 0.00196456909179687 -0.02740478515625 0.069061279296875
-0.0542449951171875 -0.163787841796875 0.0187835693359375 0.239517211914063
-0.0904083251953125 -0.15478515625 -0.074249267578125 -0.105133056640625
-0.105171203613281 -0.018402099609375 -0.0145416259765625 -0.245330810546875
0.0251007080078125 0.100929260253906 0.3211669921875 -0.12750244140625
0.0974197387695313 0.125099182128906 0.555755615234375 0.286895751953125
0.091949462890625 0.0999526977539063 0.42254638671875 0.697021484375
0.0107803344726563 0.134300231933594 0.0267944335937501 0.6845703125
-0.1036376953125 0.111030578613281 -0.113204956054688 0.277587890625
-0.0949554443359375 0.111053466796875 0.172927856445313 -0.192047119140625
-0.000457763671874992 0.117462158203125 0.26593017578125 -0.64849853515625
0.108779907226563 0.147781372070313 -0.15936279296875 -0.7401123046875
0.137954711914063 0.110542297363281 -0.518829345703125 -0.304962158203125
0.0274505615234375 0.072235107421875 -0.52520751953125 0.121856689453125
-0.0408973693847656 -0.0449485778808594 -0.205078125 0.27294921875
-0.037322998046875 -0.0860824584960937 -0.0180091857910156 0.0591011047363281
-0.0745849609375 -0.24163818359375 0.006591796875 0.20660400390625
-0.110382080078125 -0.202484130859375 -0.029388427734375 -0.11767578125
-0.091217041015625 -0.0289459228515625 0.095794677734375 -0.247695922851563
0.0781478881835938 0.139640808105469 0.397064208984375 -0.085540771484375
0.142166137695313 0.194412231445313 0.49371337890625 0.385711669921875
0.09771728515625 0.186508178710938 0.27239990234375 0.7471923828125
-0.034942626953125 0.220550537109375 -0.0426025390625 0.6273193359375
-0.171005249023437 0.1806640625 -0.05023193359375 0.204345703125
-0.1153564453125 0.196304321289063 0.1982421875 -0.276336669921875
0.039520263671875 0.2015380859375 0.134521484375 -0.68756103515625
0.177658081054687 0.224502563476563 -0.33099365234375 -0.63238525390625
0.18707275390625 0.149993896484375 -0.553131103515625 -0.163787841796875
0.027435302734375 0.0567359924316406 -0.452484130859375 0.17962646484375
-0.0653305053710938 -0.107521057128906 -0.131607055664062 0.2662353515625
-0.0519256591796875 -0.1640625 -0.00219345092773438 0.0254878997802734
-0.0814361572265625 -0.279129028320313 0.000534057617187489 0.1571044921875
-0.1009521484375 -0.20611572265625 0.0355682373046875 -0.145965576171875
-0.0398406982421875 -0.00861358642578124 0.221282958984375 -0.239486694335938
0.127243041992188 0.186248779296875 0.4556884765625 0.000793457031250011
0.142868041992188 0.25189208984375 0.38458251953125 0.50897216796875
0.050201416015625 0.244674682617188 0.0893554687499999 0.77557373046875
-0.09759521484375 0.2655029296875 -0.100738525390625 0.539886474609375
-0.20654296875 0.222412109375 0.0260086059570312 0.103790283203125
-0.091339111328125 0.257156372070313 0.18994140625 -0.382904052734375
0.108795166015625 0.244338989257813 -0.037109375 -0.710205078125
0.23272705078125 0.246673583984375 -0.48980712890625 -0.49578857421875
0.189987182617188 0.144256591796875 -0.54229736328125 -0.0306701660156251
-0.00115060806274414 0.00464725494384766 -0.335235595703125 0.21417236328125
-0.0897064208984375 -0.170608520507813 -0.0419769287109375 0.240798950195313
-0.06011962890625 -0.219039916992188 0.0121612548828125 -0.0270633697509766
0.07147216796875 0.2579345703125 0.0227127075195313 0.0732498168945313
0.111007690429687 0.19061279296875 -0.02838134765625 -0.19482421875
0.0420722961425781 0.0520286560058594 0.160064697265625 -0.250686645507812
-0.139137268066406 -0.112190246582031 0.480194091796875 -0.058013916015625
-0.23333740234375 -0.235137939453125 0.567626953125 0.344482421875
-0.15496826171875 -0.292144775390625 0.2779541015625 0.66302490234375
0.074493408203125 -0.274948120117188 -0.038177490234375 0.489776611328125
0.25933837890625 -0.223281860351563 -0.01617431640625 0.0775070190429687
0.19732666015625 -0.250228881835938 0.20001220703125 -0.4017333984375
0.038238525390625 -0.285736083984375 0.1365966796875 -0.77252197265625
-0.121826171875 -0.3035888671875 -0.29486083984375 -0.66070556640625
-0.148895263671875 -0.19842529296875 -0.497894287109375 -0.141021728515625
-0.0133514404296875 -0.0264453887939453 -0.355621337890625 0.2208251953125
0.08465576171875 0.165969848632813 -0.05572509765625 0.205734252929688
0.0614776611328125 0.26336669921875 0.0311050415039063 -0.0996017456054687
0.06121826171875 0.231689453125 0.0325546264648438 0.133148193359375
0.096893310546875 0.184432983398438 -0.0805511474609375 -0.164886474609375
0.06475830078125 0.0950088500976563 0.0293426513671875 -0.237014770507813
-0.083953857421875 -0.0509262084960937 0.387969970703125 -0.102142333984375
-0.195846557617188 -0.170654296875 0.61480712890625 0.25506591796875
-0.167922973632813 -0.247406005859375 0.428955078125 0.6302490234375
0.037567138671875 -0.2470703125 0.0278930664062499 0.5711669921875
0.226730346679688 -0.19903564453125 -0.0857696533203125 0.180130004882813
0.211700439453125 -0.20635986328125 0.18109130859375 -0.292633056640625
0.10162353515625 -0.242050170898438 0.26690673828125 -0.71868896484375
-0.048797607421875 -0.283782958984375 -0.138427734375 -0.75982666015625
-0.128952026367187 -0.20428466796875 -0.483642578125 -0.28045654296875
-0.0441017150878906 -0.0501289367675781 -0.449462890625 0.162628173828125
0.044647216796875 0.126632690429688 -0.136520385742187 0.230636596679688
0.04107666015625 0.232757568359375 0.0111770629882813 -0.0354499816894531
0.038604736328125 0.159591674804688 0.0375518798828125 0.18499755859375
0.0559158325195312 0.131675720214844 -0.106521606445312 -0.145309448242187
0.0417022705078125 0.104156494140625 -0.0654296875 -0.231903076171875
-0.0420036315917969 0.00864410400390624 0.299560546875 -0.1260986328125
-0.123870849609375 -0.0930938720703125 0.619873046875 0.20306396484375
-0.122879028320312 -0.176742553710938 0.5244140625 0.6065673828125
0.022003173828125 -0.180938720703125 0.0849609375 0.6361083984375
0.162887573242188 -0.144424438476563 -0.134872436523438 0.26239013671875
0.1683349609375 -0.141265869140625 0.146804809570313 -0.202651977539063
0.110427856445313 -0.166412353515625 0.33709716796875 -0.6558837890625
0.0125885009765625 -0.207717895507813 -0.0255126953125 -0.806640625
-0.073760986328125 -0.159027099609375 -0.455413818359375 -0.383331298828125
-0.0466270446777344 -0.0396842956542969 -0.511627197265625 0.10443115234375
0.00984954833984374 0.0863876342773438 -0.205276489257813 0.2493896484375
0.0178985595703125 0.169158935546875 -0.00667381286621094 0.0181045532226563
0.00803375244140625 0.0585289001464844 0.0433502197265625 0.225753784179688
0.00473403930664063 0.0397682189941406 -0.112693786621094 -0.120681762695312
-0.0145492553710938 0.0737838745117188 -0.106658935546875 -0.233673095703125
-0.020965576171875 0.046905517578125 0.252044677734375 -0.139068603515625
-0.0462417602539063 -0.0175704956054687 0.6058349609375 0.189697265625
-0.0457382202148437 -0.0905227661132813 0.5606689453125 0.60980224609375
0.0262908935546875 -0.0844345092773437 0.11273193359375 0.680419921875
0.0775070190429688 -0.0650711059570313 -0.156494140625 0.31072998046875
0.0778884887695313 -0.062774658203125 0.124832153320313 -0.156265258789063
0.0669937133789063 -0.0769195556640625 0.35443115234375 -0.62030029296875
0.0407638549804687 -0.0957107543945313 0.00927734374999997 -0.81866455078125
-0.00527191162109374 -0.0747222900390625 -0.45123291015625 -0.4273681640625
-0.0242252349853516 0.000690460205078125 -0.54473876953125 0.073883056640625
-0.0111083984375 0.0475196838378906 -0.24200439453125 0.260818481445313
-0.00295257568359375 0.0919952392578125 -0.0223503112792969 0.0555992126464844
-0.0256729125976563 -0.0563316345214844 0.0363006591796875 0.244491577148438
-0.0494728088378906 -0.0650672912597656 -0.101936340332031 -0.107376098632812
-0.0741806030273438 0.0234146118164062 -0.089599609375 -0.240097045898437
-0.00611114501953125 0.0729904174804687 0.261001586914063 -0.144561767578125
0.0299186706542969 0.0532417297363281 0.58740234375 0.21417236328125
0.03631591796875 0.00286483764648438 0.5272216796875 0.63970947265625
0.0294647216796875 0.0266609191894531 0.09332275390625 0.69805908203125
-0.016326904296875 0.0255317687988281 -0.147552490234375 0.317596435546875
-0.0226821899414063 0.0224952697753906 0.13604736328125 -0.150650024414062
0.01409912109375 0.0200786590576172 0.32806396484375 -0.62060546875
0.063812255859375 0.0312385559082031 -0.0401611328125 -0.79876708984375
0.0680351257324219 0.02520751953125 -0.476715087890625 -0.399200439453125
0.00650405883789063 0.0479393005371094 -0.552459716796875 0.081451416015625
-0.0249042510986328 0.00715446472167969 -0.24188232421875 0.270736694335938
-0.0217208862304688 0.00324630737304687 -0.0255165100097656 0.0699348449707031
-0.0561370849609375 -0.16107177734375 0.0235748291015625 0.237167358398438
-0.0927581787109375 -0.152603149414063 -0.0749664306640625 -0.105239868164063
-0.105079650878906 -0.0163040161132812 -0.0180816650390625 -0.245407104492188
0.0272903442382812 0.0994491577148438 0.320343017578125 -0.13348388671875
0.0984878540039063 0.122749328613281 0.55853271484375 0.276214599609375
0.0929794311523438 0.0979766845703125 0.434326171875 0.6893310546875
0.0125885009765625 0.134475708007812 0.03863525390625 0.68115234375
-0.102043151855469 0.113037109375 -0.109268188476562 0.279678344726563
-0.09381103515625 0.113327026367188 0.1685791015625 -0.19512939453125
0.00115966796875001 0.117637634277344 0.25347900390625 -0.65325927734375
0.110641479492187 0.145553588867187 -0.172119140625 -0.73809814453125
0.139686584472656 0.107070922851563 -0.52520751953125 -0.29736328125
0.0289077758789063 0.0722732543945313 -0.5244140625 0.130218505859375
-0.0413322448730469 -0.0446853637695313 -0.199752807617188 0.275299072265625
-0.0389938354492188 -0.0853500366210938 -0.01629638671875 0.06011962890625
-0.077545166015625 -0.239089965820312 0.010406494140625 0.205307006835937
-0.113265991210938 -0.19854736328125 -0.03045654296875 -0.118431091308594
-0.090606689453125 -0.0270004272460938 0.092681884765625 -0.249862670898438
0.0811004638671875 0.137901306152344 0.396026611328125 -0.0926513671875
0.144332885742188 0.191192626953125 0.500244140625 0.37762451171875
0.100067138671875 0.184539794921875 0.28570556640625 0.7421875
-0.0316619873046875 0.220855712890625 -0.03045654296875 0.6285400390625
-0.168792724609375 0.183303833007812 -0.0471649169921875 0.204544067382813
-0.113037109375 0.198318481445313 0.1934814453125 -0.280105590820313
0.042327880859375 0.199798583984375 0.12335205078125 -0.69244384765625
0.180908203125 0.220550537109375 -0.3424072265625 -0.62591552734375
0.189315795898438 0.1463623046875 -0.55621337890625 -0.15338134765625
0.0292549133300781 0.0556907653808594 -0.450103759765625 0.18634033203125
-0.0664596557617188 -0.106010437011719 -0.126022338867187 0.2677001953125
-0.053863525390625 -0.162567138671875 -0.0012969970703125 0.0271949768066406
-0.0854644775390625 -0.275070190429688 0.00373840332031249 0.1553955078125
-0.10394287109375 -0.203292846679688 0.034210205078125 -0.147842407226563
-0.0393142700195313 -0.00858688354492188 0.217391967773438 -0.24237060546875
0.131195068359375 0.183486938476563 0.456512451171875 -0.00720214843749999
0.1466064453125 0.24859619140625 0.39178466796875 0.50250244140625
0.0528411865234375 0.243331909179687 0.10198974609375 0.77532958984375
-0.09375 0.266326904296875 -0.090576171875 0.54052734375
-0.2030029296875 0.226028442382813 0.027923583984375 0.103843688964844
-0.0881805419921875 0.258285522460938 0.183197021484375 -0.386444091796875
0.112518310546875 0.241943359375 -0.0484619140625 -0.7103271484375
0.236618041992188 0.2415771484375 -0.497467041015625 -0.487335205078125
0.192672729492188 0.138885498046875 -0.544189453125 -0.022216796875
-0.000338554382324218 0.00462102890014649 -0.33245849609375 0.21942138671875
-0.0928497314453125 -0.167831420898438 -0.0376434326171875 0.241622924804688
-0.06353759765625 -0.216949462890625 0.0122241973876953 -0.0264568328857422
0.07672119140625 0.255279541015625 0.0232009887695313 0.0710983276367188
0.113845825195313 0.187652587890625 -0.0320587158203125 -0.194931030273438
0.0418205261230469 0.0512428283691406 0.155838012695313 -0.252243041992188
-0.141586303710937 -0.108261108398438 0.478607177734375 -0.06597900390625
-0.237579345703125 -0.229904174804687 0.571044921875 0.33306884765625
-0.1585693359375 -0.288299560546875 0.2877197265625 0.65777587890625
0.0716094970703125 -0.275772094726563 -0.0296630859375 0.48828125
0.256561279296875 -0.22723388671875 -0.01605224609375 0.077545166015625
0.193923950195312 -0.252685546875 0.19268798828125 -0.404083251953125
0.034576416015625 -0.2850341796875 0.12335205078125 -0.77227783203125
-0.12640380859375 -0.299957275390625 -0.30609130859375 -0.6533203125
-0.153411865234375 -0.195892333984375 -0.50054931640625 -0.129638671875
-0.0146884918212891 -0.0259838104248047 -0.351470947265625 0.22698974609375
0.0861968994140625 0.16375732421875 -0.05255126953125 0.205673217773438
0.0660400390625 0.261215209960937 0.0294036865234375 -0.0991592407226562
0.0664520263671875 0.22918701171875 0.034637451171875 0.12994384765625
0.100479125976562 0.182464599609375 -0.0829925537109375 -0.163833618164063
0.0656204223632813 0.093475341796875 0.0261688232421875 -0.23687744140625
-0.0851211547851563 -0.0486907958984375 0.384857177734375 -0.1090087890625
-0.1986083984375 -0.165786743164063 0.61688232421875 0.24298095703125
-0.171249389648438 -0.24322509765625 0.4373779296875 0.62274169921875
0.034210205078125 -0.247467041015625 0.03631591796875 0.56878662109375
0.224105834960938 -0.201751708984375 -0.0836639404296875 0.18084716796875
0.209014892578125 -0.210006713867188 0.175689697265625 -0.294403076171875
0.097869873046875 -0.243118286132812 0.255126953125 -0.7210693359375
-0.05322265625 -0.282073974609375 -0.1517333984375 -0.757080078125
-0.132781982421875 -0.201141357421875 -0.488922119140625 -0.270660400390625
-0.0455970764160156 -0.0490646362304688 -0.446075439453125 0.16949462890625
0.0448150634765625 0.124435424804688 -0.133514404296875 0.232162475585938
0.0457763671875 0.230697631835938 0.0104255676269531 -0.0349254608154297
0.0424346923828125 0.158340454101563 0.0413970947265625 0.181381225585938
0.0579071044921875 0.130630493164063 -0.10906982421875 -0.144012451171875
0.0429840087890625 0.103897094726563 -0.068115234375 -0.230819702148437
-0.0429840087890625 0.00987625122070313 0.296630859375 -0.131439208984375
-0.125602722167969 -0.0902252197265625 0.62127685546875 0.19287109375
-0.126007080078125 -0.173233032226562 0.53326416015625 0.59637451171875
0.019134521484375 -0.179473876953125 0.09417724609375 0.63287353515625
0.16058349609375 -0.145767211914063 -0.131271362304688 0.264373779296875
0.166168212890625 -0.1435546875 0.142608642578125 -0.20452880859375
0.107833862304688 -0.168136596679688 0.324462890625 -0.65777587890625
0.00836181640625 -0.20751953125 -0.040283203125 -0.8045654296875
-0.077484130859375 -0.157257080078125 -0.46173095703125 -0.37506103515625
-0.0479545593261719 -0.0386810302734375 -0.5086669921875 0.11273193359375
0.0105819702148437 0.0855560302734375 -0.201461791992188 0.251785278320313
0.020843505859375 0.168289184570313 -0.0063323974609375 0.0185489654541016
0.00965118408203125 0.0591049194335938 0.0477447509765625 0.222076416015625
0.0052490234375 0.0403099060058594 -0.113792419433594 -0.119453430175781
-0.0126876831054688 0.07427978515625 -0.109848022460938 -0.231842041015625
-0.02056884765625 0.0476875305175781 0.24957275390625 -0.1427001953125
-0.0469322204589844 -0.0162582397460938 0.60833740234375 0.179931640625
-0.04803466796875 -0.0894393920898438 0.56903076171875 0.59735107421875
0.0251998901367187 -0.0849075317382813 0.1246337890625 0.67645263671875
0.076507568359375 -0.0653305053710938 -0.152008056640625 0.312744140625
0.0767364501953125 -0.063720703125 0.122024536132813 -0.1568603515625
0.0652008056640625 -0.0770645141601563 0.3421630859375 -0.625732421875
0.039215087890625 -0.0963211059570312 -0.00531005859375005 -0.81982421875
-0.0067596435546875 -0.0752792358398438 -0.457611083984375 -0.419952392578125
-0.0244045257568359 0.000543594360351564 -0.542449951171875 0.079315185546875
-0.0105056762695312 0.0479965209960938 -0.237762451171875 0.2640380859375
-0.000701904296874997 0.0914382934570313 -0.0209922790527344 0.0564804077148438
-0.0254783630371094 -0.0545692443847656 0.040802001953125 0.240890502929688
-0.0494270324707031 -0.0636558532714844 -0.103042602539063 -0.106765747070312
-0.0728378295898438 0.02508544921875 -0.09149169921875 -0.237411499023438
-0.00426483154296874 0.0721588134765625 0.258331298828125 -0.149154663085937
0.02960205078125 0.0526275634765625 0.58953857421875 0.20379638671875
0.0359420776367188 0.00284194946289063 0.5379638671875 0.62884521484375
0.0294761657714844 0.0256748199462891 0.10382080078125 0.69439697265625
-0.0159187316894531 0.0258407592773438 -0.143310546875 0.319183349609375
-0.0224761962890625 0.0228157043457031 0.132888793945313 -0.152359008789063
0.0141868591308594 0.0195865631103516 0.3179931640625 -0.62286376953125
0.0640640258789063 0.0293769836425781 -0.05419921875 -0.79547119140625
0.0683517456054688 0.0240097045898438 -0.4827880859375 -0.392547607421875
0.00720977783203125 0.0472488403320313 -0.55023193359375 0.0903320312499999
-0.0243148803710938 0.00761604309082031 -0.2359619140625 0.273941040039063
-0.0212421417236328 0.00326728820800781 -0.0239028930664063 0.0708236694335938
-0.0582275390625 -0.1593017578125 0.028472900390625 0.233688354492188
-0.09466552734375 -0.149154663085937 -0.0758438110351562 -0.105064392089844
-0.104301452636719 -0.0145721435546875 -0.020660400390625 -0.24505615234375
0.0292129516601562 0.0986099243164063 0.316802978515625 -0.139007568359375
0.0997085571289063 0.119911193847656 0.563232421875 0.2669677734375
0.0931854248046875 0.0958023071289062 0.4443359375 0.67950439453125
0.0150222778320313 0.13311767578125 0.05108642578125 0.68017578125
-0.100639343261719 0.113975524902344 -0.104934692382813 0.279937744140625
-0.091796875 0.114265441894531 0.164276123046875 -0.197189331054688
0.00200653076171876 0.116958618164063 0.239501953125 -0.65533447265625
0.112899780273438 0.142440795898438 -0.18328857421875 -0.7330322265625
0.140914916992187 0.104232788085937 -0.529541015625 -0.2877197265625
0.0310897827148438 0.07098388671875 -0.522857666015625 0.13922119140625
-0.0417060852050781 -0.0431556701660156 -0.19482421875 0.27813720703125
-0.0398712158203125 -0.0842971801757813 -0.014495849609375 0.0610389709472656
-0.08026123046875 -0.2357177734375 0.01446533203125 0.202438354492187
-0.116363525390625 -0.195770263671875 -0.031219482421875 -0.119247436523438
-0.090423583984375 -0.0246047973632812 0.0887451171875 -0.25091552734375
0.0837326049804688 0.135055541992188 0.39306640625 -0.097808837890625
0.146926879882813 0.18817138671875 0.504547119140625 0.366485595703125
0.101470947265625 0.182220458984375 0.29705810546875 0.7354736328125
-0.0277862548828125 0.22064208984375 -0.0206298828124999 0.62567138671875
-0.166046142578125 0.185562133789063 -0.0433349609375 0.204238891601563
-0.109100341796875 0.200088500976562 0.18768310546875 -0.281890869140625
0.0441741943359375 0.198486328125 0.1094970703125 -0.69189453125
0.1837158203125 0.215713500976563 -0.3529052734375 -0.62109375
0.191986083984375 0.141082763671875 -0.559112548828125 -0.144500732421875
0.0299301147460937 0.0549545288085937 -0.4481201171875 0.192901611328125
-0.0679550170898438 -0.103897094726562 -0.121597290039062 0.268707275390625
-0.0561981201171875 -0.161148071289063 0.000120162963867186 0.0279426574707031
-0.0887908935546875 -0.271896362304688 0.00701904296874998 0.152694702148437
-0.10662841796875 -0.199020385742188 0.0326385498046875 -0.149520874023438
-0.0387802124023438 -0.00690078735351563 0.213272094726563 -0.246231079101563
0.134033203125 0.179962158203125 0.454864501953125 -0.014312744140625
0.149810791015625 0.24456787109375 0.399993896484375 0.49383544921875
0.05572509765625 0.240936279296875 0.11480712890625 0.7698974609375
-0.0890960693359375 0.266998291015625 -0.081817626953125 0.539031982421875
-0.1998291015625 0.22784423828125 0.0298690795898437 0.102088928222656
-0.0838165283203125 0.259506225585938 0.176544189453125 -0.3885498046875
0.115066528320312 0.239395141601563 -0.06134033203125 -0.7080078125
0.240570068359375 0.235595703125 -0.505096435546875 -0.476837158203125
0.194992065429688 0.135360717773438 -0.543365478515625 -0.013671875
0.000599861145019531 0.00431466102600098 -0.328338623046875 0.224761962890625
-0.0950469970703125 -0.165115356445313 -0.033233642578125 0.240921020507813
-0.066192626953125 -0.21563720703125 0.0121517181396484 -0.0254917144775391
0.082244873046875 0.25262451171875 0.0233268737792969 0.0688133239746094
0.115859985351563 0.184890747070313 -0.0353240966796875 -0.19378662109375
0.0419960021972656 0.0502662658691406 0.152023315429688 -0.25433349609375
-0.142807006835938 -0.105377197265625 0.475860595703125 -0.07330322265625
-0.239898681640625 -0.224746704101563 0.573974609375 0.3236083984375
-0.160919189453125 -0.284423828125 0.29791259765625 0.6507568359375
0.0681304931640625 -0.276504516601562 -0.023773193359375 0.486602783203125
0.25213623046875 -0.229751586914062 -0.0154342651367187 0.0771255493164062
0.190780639648438 -0.254348754882813 0.1851806640625 -0.4051513671875
0.030364990234375 -0.2845458984375 0.10992431640625 -0.77105712890625
-0.130584716796875 -0.2967529296875 -0.315185546875 -0.646484375
-0.156112670898437 -0.192413330078125 -0.50164794921875 -0.123199462890625
-0.0161037445068359 -0.0255470275878906 -0.346649169921875 0.23089599609375
0.0868377685546875 0.161026000976563 -0.0494842529296875 0.2047119140625
0.0695343017578125 0.258468627929688 0.0278244018554688 -0.0977249145507812
0.0705108642578125 0.22735595703125 0.0360107421875 0.126785278320313
0.102462768554688 0.179611206054688 -0.085845947265625 -0.162704467773438
0.066314697265625 0.09173583984375 0.022674560546875 -0.237503051757812
-0.0864944458007813 -0.046600341796875 0.3828125 -0.1141357421875
-0.20159912109375 -0.162033081054688 0.61767578125 0.23248291015625
-0.173477172851563 -0.23907470703125 0.44586181640625 0.61212158203125
0.03106689453125 -0.24725341796875 0.044677734375 0.5665283203125
0.220947265625 -0.20452880859375 -0.0812530517578125 0.181259155273438
0.205795288085938 -0.211471557617187 0.17034912109375 -0.295379638671875
0.0946044921875 -0.24334716796875 0.24188232421875 -0.72235107421875
-0.05712890625 -0.28033447265625 -0.16229248046875 -0.7509765625
-0.135772705078125 -0.1990966796875 -0.4913330078125 -0.261566162109375
-0.0466041564941406 -0.048126220703125 -0.442626953125 0.17529296875
0.0453948974609375 0.122879028320313 -0.1297607421875 0.232192993164063
0.049102783203125 0.228851318359375 0.0103626251220703 -0.0340690612792969
0.0454864501953125 0.157211303710938 0.044158935546875 0.178329467773438
0.0599136352539062 0.128364562988281 -0.110443115234375 -0.1427001953125
0.043548583984375 0.101806640625 -0.070404052734375 -0.229034423828125
-0.0427665710449219 0.0103569030761719 0.294189453125 -0.1346435546875
-0.127677917480469 -0.0868911743164063 0.62127685546875 0.1812744140625
-0.12762451171875 -0.169815063476562 0.54071044921875 0.584228515625
0.0182952880859375 -0.180313110351563 0.10272216796875 0.62799072265625
0.158096313476563 -0.14813232421875 -0.127120971679688 0.265731811523438
0.163558959960938 -0.1448974609375 0.137374877929688 -0.205062866210938
0.105087280273437 -0.168563842773438 0.311279296875 -0.6607666015625
0.00527954101562502 -0.20733642578125 -0.05157470703125 -0.8011474609375
-0.0794830322265625 -0.155471801757813 -0.46795654296875 -0.366485595703125
-0.0484848022460938 -0.0373764038085938 -0.505615234375 0.11981201171875
0.0114517211914063 0.0844345092773438 -0.197433471679688 0.253463745117188
0.02386474609375 0.16668701171875 -0.00528526306152344 0.018951416015625
0.0115890502929687 0.0591392517089844 0.051513671875 0.218429565429687
0.005889892578125 0.0400276184082031 -0.115310668945313 -0.118576049804688
-0.0119705200195312 0.0740127563476563 -0.111907958984375 -0.229400634765625
-0.0199127197265625 0.0471343994140625 0.246368408203125 -0.146270751953125
-0.0484886169433594 -0.0155830383300781 0.60760498046875 0.16748046875
-0.0488357543945313 -0.0873794555664063 0.574951171875 0.5869140625
0.0243911743164063 -0.0847625732421875 0.13275146484375 0.67138671875
0.0747528076171875 -0.0667266845703125 -0.1474609375 0.31427001953125
0.0756072998046875 -0.0640640258789062 0.117889404296875 -0.157333374023438
0.0635910034179688 -0.0781631469726563 0.326904296875 -0.62530517578125
0.0373611450195313 -0.0964431762695313 -0.01751708984375 -0.81536865234375
-0.00807189941406249 -0.0754165649414063 -0.462921142578125 -0.4127197265625
-0.0242023468017578 0.001556396484375 -0.539886474609375 0.087799072265625
-0.00969314575195312 0.0470848083496094 -0.232147216796875 0.265838623046875
0.000610351562500006 0.0907821655273438 -0.0198249816894531 0.0575752258300781
-0.0257415771484375 -0.0535736083984375 0.0453948974609375 0.23724365234375
-0.0497817993164063 -0.0618705749511719 -0.103225708007813 -0.105865478515625
-0.0721054077148438 0.0257339477539063 -0.0943603515625 -0.235427856445313
-0.00285339355468751 0.071441650390625 0.255355834960938 -0.152618408203125
0.0296897888183594 0.0511589050292969 0.58905029296875 0.193115234375
0.0350456237792969 0.00189399719238281 0.54449462890625 0.61773681640625
0.0307216644287109 0.0256938934326172 0.11431884765625 0.68878173828125
-0.0154914855957031 0.0260448455810547 -0.138641357421875 0.320404052734375
-0.0222511291503906 0.0233688354492188 0.1290283203125 -0.152908325195313
0.0139980316162109 0.0194683074951172 0.30517578125 -0.62615966796875
0.0645065307617188 0.0278778076171875 -0.06622314453125 -0.79193115234375
0.0682487487792969 0.0215415954589844 -0.488616943359375 -0.382415771484375
0.00811767578125 0.04693603515625 -0.547149658203125 0.0979614257812501
-0.0241317749023438 0.00768089294433593 -0.231704711914063 0.274932861328125
-0.0206851959228516 0.00400352478027343 -0.0222320556640625 0.0717620849609375
-0.0593414306640625 -0.156478881835938 0.032806396484375 0.229751586914063
-0.09637451171875 -0.146377563476563 -0.0758438110351563 -0.104354858398438
-0.103263854980469 -0.0130691528320312 -0.023773193359375 -0.243194580078125
0.0309677124023437 0.096832275390625 0.313690185546875 -0.142547607421875
0.100601196289063 0.117401123046875 0.5634765625 0.25616455078125
0.09356689453125 0.0945053100585938 0.45263671875 0.67071533203125
0.0169219970703125 0.133216857910156 0.0606689453125 0.6756591796875
-0.0987701416015625 0.114471435546875 -0.1004638671875 0.281463623046875
-0.0902557373046875 0.115684509277344 0.160934448242187 -0.198440551757812
0.00293731689453125 0.11627197265625 0.22857666015625 -0.65625
0.114097595214844 0.139732360839844 -0.195068359375 -0.72686767578125
0.142486572265625 0.100540161132813 -0.534332275390625 -0.280487060546875
0.032562255859375 0.0702743530273437 -0.51947021484375 0.14495849609375
-0.0417327880859375 -0.042022705078125 -0.190765380859375 0.279830932617188
-0.03997802734375 -0.0834121704101563 -0.0133209228515625 0.0619697570800781
-0.083526611328125 -0.232681274414063 0.017974853515625 0.199539184570312
-0.118362426757813 -0.191436767578125 -0.0325546264648438 -0.119400024414063
-0.0892333984375 -0.0236053466796875 0.0853271484375 -0.2508544921875
0.0862960815429688 0.1328125 0.390411376953125 -0.10308837890625
0.148651123046875 0.18341064453125 0.50872802734375 0.3577880859375
0.102676391601562 0.17926025390625 0.30609130859375 0.7283935546875
-0.0250091552734375 0.219802856445313 -0.01031494140625 0.622802734375
-0.162384033203125 0.186920166015625 -0.04144287109375 0.2037353515625
-0.106826782226562 0.201004028320313 0.18231201171875 -0.28387451171875
0.0469207763671875 0.19622802734375 0.0968017578125 -0.68939208984375
0.186141967773438 0.211746215820313 -0.3603515625 -0.6126708984375
0.19268798828125 0.137222290039063 -0.561737060546875 -0.137115478515625
0.0316848754882813 0.0547714233398438 -0.443511962890625 0.199554443359375
-0.0682220458984375 -0.102607727050781 -0.116775512695313 0.269088745117187
-0.0581512451171875 -0.15838623046875 0.00114822387695312 0.0282936096191406
-0.0923004150390625 -0.268325805664062 0.0098114013671875 0.150604248046875
-0.108612060546875 -0.195663452148438 0.03009033203125 -0.1505126953125
-0.037445068359375 -0.00677490234375 0.20965576171875 -0.248260498046875
0.13665771484375 0.17584228515625 0.4522705078125 -0.021514892578125
0.152801513671875 0.239547729492187 0.406280517578125 0.485809326171875
0.0577850341796875 0.23834228515625 0.12481689453125 0.76641845703125
-0.084869384765625 0.266998291015625 -0.07318115234375 0.537933349609375
-0.196258544921875 0.230087280273438 0.0304031372070312 0.100929260253906
-0.079803466796875 0.259231567382813 0.168701171875 -0.389984130859375
0.116836547851563 0.2359619140625 -0.0736694335937499 -0.70404052734375
0.241775512695312 0.2303466796875 -0.509674072265625 -0.4676513671875
0.196014404296875 0.130416870117188 -0.5435791015625 -0.00463867187499998
0.00104284286499023 0.00384950637817383 -0.32452392578125 0.22869873046875
-0.096405029296875 -0.162109375 -0.029449462890625 0.241455078125
-0.069091796875 -0.213958740234375 0.0130729675292969 -0.0252037048339844
0.0858917236328125 0.249435424804688 0.0238380432128906 0.0664863586425781
0.117401123046875 0.182144165039063 -0.038360595703125 -0.193099975585938
0.0415267944335938 0.0499496459960938 0.147109985351562 -0.255599975585938
-0.143783569335938 -0.101776123046875 0.4732666015625 -0.078704833984375
-0.2421875 -0.218780517578125 0.57464599609375 0.3143310546875
-0.163040161132813 -0.280120849609375 0.3070068359375 0.642578125
0.0655517578125 -0.2762451171875 -0.01708984375 0.482513427734375
0.249603271484375 -0.232894897460938 -0.0150680541992187 0.0774002075195313
0.187225341796875 -0.255950927734375 0.1788330078125 -0.405029296875
0.027587890625 -0.282928466796875 0.0992431640625 -0.76934814453125
-0.134063720703125 -0.29364013671875 -0.323974609375 -0.638671875
-0.158248901367188 -0.189376831054688 -0.502410888671875 -0.115570068359375
-0.0174083709716797 -0.0247859954833984 -0.34375 0.234588623046875
0.0869598388671875 0.158111572265625 -0.0467376708984375 0.2042236328125
0.0732269287109375 0.255950927734375 0.0271148681640625 -0.0967788696289062
0.074676513671875 0.224166870117188 0.03704833984375 0.124008178710938
0.104598999023438 0.176910400390625 -0.0881500244140625 -0.161087036132813
0.066070556640625 0.090545654296875 0.02020263671875 -0.236862182617188
-0.0876007080078125 -0.044342041015625 0.379241943359375 -0.118621826171875
-0.203445434570312 -0.157562255859375 0.61785888671875 0.22528076171875
-0.17559814453125 -0.2349853515625 0.451904296875 0.602294921875
0.0293731689453125 -0.246841430664063 0.052093505859375 0.56182861328125
0.21820068359375 -0.206787109375 -0.07861328125 0.181793212890625
0.20281982421875 -0.213104248046875 0.1649169921875 -0.2947998046875
0.0912628173828125 -0.24285888671875 0.228759765625 -0.7210693359375
-0.06036376953125 -0.277725219726563 -0.17333984375 -0.74407958984375
-0.138153076171875 -0.195953369140625 -0.4951171875 -0.253814697265625
-0.0479087829589844 -0.0467643737792969 -0.438507080078125 0.17950439453125
0.0459823608398437 0.12176513671875 -0.1265869140625 0.232986450195312
0.0522308349609375 0.2265625 0.0101070404052734 -0.0335121154785156
0.0485382080078125 0.155181884765625 0.04620361328125 0.17388916015625
0.0611419677734375 0.127220153808594 -0.1119384765625 -0.141143798828125
0.0446624755859375 0.100830078125 -0.072113037109375 -0.227645874023438
-0.0429229736328125 0.0110740661621094 0.291229248046875 -0.138702392578125
-0.128273010253906 -0.0846099853515625 0.619384765625 0.1719970703125
-0.129104614257813 -0.16741943359375 0.54522705078125 0.5743408203125
0.0166015625 -0.179107666015625 0.1094970703125 0.6221923828125
0.15521240234375 -0.149734497070313 -0.124710083007813 0.266036987304687
0.16131591796875 -0.146163940429688 0.133834838867188 -0.205108642578125
0.102340698242187 -0.16925048828125 0.29974365234375 -0.6610107421875
0.00248718261718748 -0.206283569335938 -0.0635986328125001 -0.79620361328125
-0.081756591796875 -0.154296875 -0.470855712890625 -0.358917236328125
-0.04913330078125 -0.0367431640625 -0.50286865234375 0.12579345703125
0.011260986328125 0.0832672119140625 -0.192581176757813 0.2537841796875
0.0261077880859375 0.165451049804687 -0.00506401062011718 0.0196266174316406
0.013702392578125 0.0590705871582031 0.054168701171875 0.214035034179687
0.0068817138671875 0.0400466918945313 -0.114761352539062 -0.116996765136719
-0.011322021484375 0.0732498168945313 -0.113479614257812 -0.227920532226563
-0.0188789367675781 0.0471687316894531 0.243270874023438 -0.148529052734375
-0.049041748046875 -0.0147552490234375 0.60693359375 0.159423828125
-0.0502548217773438 -0.0862808227539063 0.5799560546875 0.5743408203125
0.0236968994140625 -0.0844268798828125 0.13946533203125 0.6658935546875
0.0736618041992188 -0.0673828125 -0.142608642578125 0.315093994140625
0.0743026733398438 -0.0646133422851563 0.114959716796875 -0.157501220703125
0.061981201171875 -0.077667236328125 0.31756591796875 -0.6270751953125
0.03594970703125 -0.0965805053710938 -0.0297851562499999 -0.8094482421875
-0.00962829589843749 -0.0743255615234375 -0.4676513671875 -0.4033203125
-0.0240421295166016 0.00135231018066406 -0.53790283203125 0.0949707031250001
-0.0101776123046875 0.0468025207519531 -0.22845458984375 0.26702880859375
0.00250244140625001 0.0905303955078125 -0.0188179016113281 0.05718994140625
-0.0253334045410156 -0.0519065856933594 0.0489959716796875 0.233108520507812
-0.0507545471191406 -0.0596351623535156 -0.103546142578125 -0.105384826660156
-0.07080078125 0.0260696411132813 -0.0966033935546875 -0.233718872070313
-0.00218963623046876 0.0712432861328125 0.25213623046875 -0.155075073242188
0.02972412109375 0.05096435546875 0.58892822265625 0.18316650390625
0.0340576171875 0.0010986328125 0.5517578125 0.60699462890625
0.0300559997558594 0.0243930816650391 0.12213134765625 0.682861328125
-0.0156211853027344 0.0255641937255859 -0.1339111328125 0.32000732421875
-0.0218944549560547 0.0239505767822266 0.125823974609375 -0.15313720703125
0.0130519866943359 0.0189857482910156 0.29388427734375 -0.625244140625
0.0638771057128906 0.0264739990234375 -0.0775756835937499 -0.786865234375
0.0685005187988281 0.0206260681152344 -0.492767333984375 -0.374969482421875
0.00919342041015625 0.0456581115722656 -0.543731689453125 0.103759765625
-0.0237751007080078 0.00779342651367187 -0.227554321289062 0.276901245117188
-0.0204868316650391 0.00451278686523437 -0.0206146240234375 0.0719375610351563
-0.06048583984375 -0.153305053710938 0.03619384765625 0.226425170898438
-0.0972900390625 -0.142837524414062 -0.0767059326171875 -0.104484558105469
-0.102897644042969 -0.0109024047851562 -0.0263824462890625 -0.241744995117188
0.0321044921875 0.095611572265625 0.310577392578125 -0.146087646484375
0.101585388183594 0.114952087402344 0.563720703125 0.24798583984375
0.0935134887695312 0.0925140380859375 0.45843505859375 0.65966796875
0.0182952880859375 0.132072448730469 0.0680541992187501 0.6693115234375
-0.0975799560546875 0.116195678710937 -0.0963592529296875 0.28076171875
-0.0882644653320313 0.11590576171875 0.1566162109375 -0.199203491210938
0.00408935546875001 0.116157531738281 0.21783447265625 -0.6552734375
0.114974975585937 0.136749267578125 -0.205810546875 -0.72052001953125
0.142578125 0.097869873046875 -0.535797119140625 -0.27227783203125
0.0333747863769531 0.0690116882324219 -0.5146484375 0.15106201171875
-0.0415725708007813 -0.0414085388183594 -0.186203002929688 0.2808837890625
-0.0406417846679688 -0.081573486328125 -0.0118675231933594 0.0624580383300781
-0.085693359375 -0.228744506835938 0.02117919921875 0.19622802734375
-0.119613647460937 -0.187576293945313 -0.0330734252929688 -0.119499206542969
-0.0883026123046875 -0.0219192504882812 0.082611083984375 -0.251266479492188
0.0866851806640625 0.129684448242188 0.387115478515625 -0.109161376953125
0.149322509765625 0.180099487304687 0.511260986328125 0.350830078125
0.104171752929688 0.17694091796875 0.3154296875 0.7203369140625
-0.022003173828125 0.218536376953125 -0.00152587890625 0.6182861328125
-0.160507202148437 0.187515258789063 -0.038848876953125 0.203628540039063
-0.104202270507812 0.201080322265625 0.17742919921875 -0.284271240234375
0.048736572265625 0.194046020507813 0.08740234375 -0.6875
0.187301635742188 0.207733154296875 -0.36822509765625 -0.6051025390625
0.194625854492188 0.132888793945313 -0.560455322265625 -0.130035400390625
0.0327568054199219 0.0537223815917969 -0.440704345703125 0.203582763671875
-0.0690841674804687 -0.100448608398438 -0.1123046875 0.269317626953125
-0.0593414306640625 -0.157073974609375 0.00231742858886718 0.0293235778808594
-0.0954132080078125 -0.263381958007813 0.0120697021484375 0.14776611328125
-0.110260009765625 -0.19140625 0.0284576416015625 -0.150970458984375
-0.0364418029785156 -0.00588607788085938 0.205169677734375 -0.249160766601563
0.138290405273438 0.1722412109375 0.4493408203125 -0.02703857421875
0.154251098632813 0.235488891601563 0.410736083984375 0.47711181640625
0.0591278076171875 0.23681640625 0.13446044921875 0.75848388671875
-0.0818634033203125 0.2666015625 -0.0645751953125 0.53485107421875
-0.192276000976563 0.231491088867188 0.0317153930664062 0.0994186401367188
-0.076904296875 0.2586669921875 0.164031982421875 -0.391815185546875
0.118133544921875 0.233261108398437 -0.0821533203125001 -0.7000732421875
0.243988037109375 0.225143432617187 -0.51513671875 -0.459259033203125
0.19720458984375 0.12591552734375 -0.541717529296875 0.000305175781249953
0.00190019607543945 0.00455999374389648 -0.32159423828125 0.2320556640625
-0.097747802734375 -0.159286499023437 -0.026123046875 0.23980712890625
-0.071380615234375 -0.211410522460938 0.0130615234375 -0.0236186981201172
0.0894927978515625 0.246261596679687 0.0242347717285156 0.0642013549804688
0.118927001953125 0.1795654296875 -0.04144287109375 -0.191497802734375
0.0409278869628906 0.0492935180664063 0.144012451171875 -0.256301879882813
-0.144668579101563 -0.0988311767578125 0.46942138671875 -0.084259033203125
-0.243408203125 -0.213272094726563 0.5748291015625 0.30499267578125
-0.1646728515625 -0.276123046875 0.3123779296875 0.6363525390625
0.0633392333984375 -0.275421142578125 -0.01129150390625 0.480255126953125
0.24639892578125 -0.234268188476562 -0.0148849487304687 0.077117919921875
0.184158325195312 -0.256179809570313 0.172760009765625 -0.404327392578125
0.024688720703125 -0.281524658203125 0.0881347656250001 -0.76397705078125
-0.13616943359375 -0.289825439453125 -0.32989501953125 -0.63165283203125
-0.160430908203125 -0.18621826171875 -0.501495361328125 -0.10888671875
-0.0183811187744141 -0.0241680145263672 -0.3397216796875 0.2364501953125
0.0874481201171875 0.156234741210938 -0.044525146484375 0.2032470703125
0.0760040283203125 0.253250122070313 0.0256118774414063 -0.0959625244140625
0.078338623046875 0.221267700195313 0.0381622314453125 0.120864868164063
0.10565185546875 0.174179077148438 -0.08966064453125 -0.159759521484375
0.06585693359375 0.0893630981445313 0.0176849365234375 -0.23626708984375
-0.0878219604492188 -0.0426788330078125 0.3763427734375 -0.122467041015625
-0.203994750976563 -0.152267456054687 0.61676025390625 0.2144775390625
-0.1759033203125 -0.230239868164063 0.45758056640625 0.5941162109375
0.02685546875 -0.246566772460938 0.057647705078125 0.55828857421875
0.214553833007812 -0.2086181640625 -0.0770721435546875 0.182418823242187
0.200088500976563 -0.214279174804688 0.159271240234375 -0.294189453125
0.088134765625 -0.242218017578125 0.22003173828125 -0.71826171875
-0.0633392333984375 -0.275115966796875 -0.181640625 -0.7379150390625
-0.140167236328125 -0.192657470703125 -0.4952392578125 -0.248077392578125
-0.04901123046875 -0.0460357666015625 -0.43450927734375 0.18341064453125
0.045989990234375 0.11981201171875 -0.123764038085937 0.232711791992188
0.054351806640625 0.223861694335938 0.00993156433105469 -0.0326709747314453
0.05126953125 0.153396606445312 0.0477294921875 0.170455932617188
0.0631332397460938 0.126075744628906 -0.112861633300781 -0.139656066894531
0.0446319580078125 0.0998077392578125 -0.0733642578125 -0.225540161132813
-0.0427818298339844 0.0130538940429687 0.287322998046875 -0.14111328125
-0.129432678222656 -0.0813751220703125 0.61846923828125 0.1624755859375
-0.130447387695313 -0.163528442382813 0.5496826171875 0.56524658203125
0.01495361328125 -0.178756713867188 0.1162109375 0.6177978515625
0.15386962890625 -0.150909423828125 -0.121368408203125 0.26617431640625
0.158370971679688 -0.146896362304688 0.130706787109375 -0.205535888671875
0.10003662109375 -0.168228149414062 0.28997802734375 -0.65966796875
0.000549316406250008 -0.205413818359375 -0.07318115234375 -0.7900390625
-0.083404541015625 -0.152145385742188 -0.47320556640625 -0.3514404296875
-0.0495948791503906 -0.0359611511230469 -0.499298095703125 0.130950927734375
0.011444091796875 0.083099365234375 -0.1900634765625 0.254150390625
0.0275115966796875 0.163711547851562 -0.00497627258300781 0.0201702117919922
0.0155258178710938 0.0584716796875 0.0567626953125 0.20965576171875
0.00766754150390625 0.0398902893066406 -0.116104125976562 -0.116714477539063
-0.00937652587890625 0.0735015869140625 -0.11456298828125 -0.224777221679687
-0.0187492370605469 0.0471229553222656 0.24102783203125 -0.15057373046875
-0.0493011474609375 -0.0130119323730469 0.60516357421875 0.150634765625
-0.051513671875 -0.0844268798828125 0.5843505859375 0.56439208984375
0.0227584838867188 -0.0845794677734375 0.14520263671875 0.66082763671875
0.0726852416992188 -0.068084716796875 -0.139984130859375 0.315460205078125
0.0736465454101563 -0.0643463134765625 0.111480712890625 -0.157699584960938
0.0608749389648438 -0.0779800415039063 0.30596923828125 -0.62640380859375
0.0341873168945312 -0.0968780517578125 -0.0391845703124999 -0.80401611328125
-0.0107803344726563 -0.0745391845703125 -0.47113037109375 -0.395843505859375
-0.0246543884277344 0.00197982788085938 -0.534698486328125 0.100128173828125
-0.00947189331054687 0.0463027954101563 -0.224594116210938 0.266738891601563
0.00312042236328125 0.089691162109375 -0.0172042846679687 0.0578994750976563
-0.0244216918945312 -0.0508232116699219 0.0520477294921875 0.229400634765625
-0.0511322021484375 -0.0586662292480469 -0.103294372558594 -0.104255676269531
-0.0696868896484375 0.0279426574707031 -0.0975494384765625 -0.230911254882813
-0.00128936767578125 0.0707168579101562 0.249908447265625 -0.156570434570313
0.0298805236816406 0.050750732421875 0.58856201171875 0.17510986328125
0.0336093902587891 0.00143051147460938 0.55377197265625 0.5970458984375
0.0307521820068359 0.0240459442138672 0.130126953125 0.67755126953125
-0.0151290893554687 0.0261516571044922 -0.130767822265625 0.320343017578125
-0.021392822265625 0.0244140625 0.122406005859375 -0.15338134765625
0.0133838653564453 0.0185203552246094 0.28277587890625 -0.62493896484375
0.0633544921875 0.0258369445800781 -0.0866088867187501 -0.781982421875
0.0676612854003906 0.0194625854492188 -0.495208740234375 -0.367919921875
0.009368896484375 0.0459403991699219 -0.53973388671875 0.10955810546875
-0.0236854553222656 0.00877952575683593 -0.223236083984375 0.277496337890625
-0.0198421478271484 0.00468063354492188 -0.019012451171875 0.0726852416992188
-0.061004638671875 -0.151077270507813 0.039398193359375 0.222747802734375
-0.0980377197265625 -0.140060424804687 -0.0767059326171875 -0.104202270507813
-0.101287841796875 -0.00909423828124999 -0.0281829833984375 -0.240203857421875
0.0336456298828125 0.093841552734375 0.306793212890625 -0.148681640625
0.101356506347656 0.11309814453125 0.56341552734375 0.2401123046875
0.0927886962890625 0.090301513671875 0.46453857421875 0.65045166015625
0.019744873046875 0.130928039550781 0.07525634765625 0.663818359375
-0.0960693359375 0.115592956542969 -0.0941009521484375 0.280685424804687
-0.0868377685546875 0.116523742675781 0.152877807617188 -0.199371337890625
0.00379180908203124 0.114959716796875 0.20904541015625 -0.65362548828125
0.115577697753906 0.135185241699219 -0.21343994140625 -0.7138671875
0.142852783203125 0.0950775146484375 -0.5372314453125 -0.26513671875
0.0345382690429688 0.0682563781738281 -0.5113525390625 0.1552734375
-0.0412139892578125 -0.0399436950683594 -0.181381225585938 0.28009033203125
-0.040985107421875 -0.0802536010742188 -0.01025390625 0.0626945495605469
-0.0868377685546875 -0.224563598632813 0.02447509765625 0.19219970703125
-0.120880126953125 -0.183990478515625 -0.0340347290039063 -0.120101928710938
-0.0877609252929688 -0.0210800170898437 0.0793609619140625 -0.250198364257813
0.0885467529296875 0.127311706542969 0.38360595703125 -0.11199951171875
0.149627685546875 0.176925659179687 0.511444091796875 0.34149169921875
0.104339599609375 0.174453735351563 0.32183837890625 0.7125244140625
-0.01971435546875 0.217864990234375 0.00457763671875 0.61407470703125
-0.157577514648437 0.188232421875 -0.0366058349609375 0.202667236328125
-0.101730346679688 0.201156616210937 0.172454833984375 -0.284698486328125
0.048614501953125 0.192428588867188 0.0791625976562501 -0.68475341796875
0.188446044921875 0.203948974609375 -0.37353515625 -0.59576416015625
0.194488525390625 0.12860107421875 -0.55987548828125 -0.121734619140625
0.0335617065429688 0.0520362854003906 -0.43597412109375 0.20635986328125
-0.0693130493164062 -0.098236083984375 -0.109375 0.269012451171875
-0.0604248046875 -0.154541015625 0.00275230407714844 0.0292263031005859
-0.096832275390625 -0.2584228515625 0.014007568359375 0.144744873046875
-0.111709594726563 -0.1881103515625 0.0261383056640625 -0.152114868164063
-0.0355796813964844 -0.00491714477539062 0.20166015625 -0.250381469726563
0.13970947265625 0.1685791015625 0.446807861328125 -0.031646728515625
0.154388427734375 0.232147216796875 0.4127197265625 0.47100830078125
0.060150146484375 0.234420776367188 0.14276123046875 0.75311279296875
-0.07891845703125 0.265548706054688 -0.05877685546875 0.53131103515625
-0.19012451171875 0.2320556640625 0.0327835083007812 0.0979461669921875
-0.0734100341796875 0.258087158203125 0.157257080078125 -0.389434814453125
0.119033813476563 0.22955322265625 -0.0910644531249999 -0.6939697265625
0.244644165039063 0.220138549804688 -0.5181884765625 -0.449462890625
0.197662353515625 0.12176513671875 -0.5396728515625 0.00698852539062494
0.0019686222076416 0.00397253036499023 -0.31781005859375 0.23388671875
-0.09844970703125 -0.156219482421875 -0.02301025390625 0.238525390625
-0.07281494140625 -0.208419799804688 0.0137119293212891 -0.023427963256836
0.092742919921875 0.24285888671875 0.0233726501464844 0.0618438720703125
0.119537353515625 0.176010131835938 -0.043304443359375 -0.190841674804688
0.0400390625 0.0487861633300781 0.140914916992188 -0.255935668945313
-0.145156860351563 -0.0959625244140625 0.466094970703125 -0.08721923828125
-0.2440185546875 -0.207778930664063 0.57305908203125 0.29742431640625
-0.165237426757813 -0.271621704101562 0.31768798828125 0.627685546875
0.061492919921875 -0.274505615234375 -0.00677490234374997 0.476898193359375
0.243576049804688 -0.23541259765625 -0.0149307250976562 0.076995849609375
0.1810302734375 -0.2562255859375 0.16802978515625 -0.402435302734375
0.02203369140625 -0.279006958007813 0.0794677734375 -0.7601318359375
-0.137786865234375 -0.28704833984375 -0.3348388671875 -0.62469482421875
-0.161514282226563 -0.182769775390625 -0.5010986328125 -0.10357666015625
-0.0194721221923828 -0.0236644744873047 -0.335723876953125 0.238983154296875
0.0874176025390625 0.153305053710938 -0.042999267578125 0.20220947265625
0.078338623046875 0.250152587890625 0.0251007080078125 -0.0941314697265625
0.080718994140625 0.21832275390625 0.0385589599609375 0.1175537109375
0.106674194335938 0.171600341796875 -0.0908966064453125 -0.1585693359375
0.065765380859375 0.0879287719726563 0.01629638671875 -0.234817504882813
-0.0879592895507813 -0.040679931640625 0.372894287109375 -0.12530517578125
-0.20452880859375 -0.1480712890625 0.61395263671875 0.2060546875
-0.177337646484375 -0.227157592773438 0.4593505859375 0.5848388671875
0.025848388671875 -0.2445068359375 0.06243896484375 0.553375244140625
0.212112426757812 -0.20904541015625 -0.0753631591796875 0.182876586914062
0.197219848632813 -0.214706420898438 0.155731201171875 -0.293243408203125
0.0856170654296875 -0.241455078125 0.2099609375 -0.715576171875
-0.065582275390625 -0.272613525390625 -0.1881103515625 -0.7305908203125
-0.141860961914063 -0.190109252929687 -0.49609375 -0.240997314453125
-0.0494804382324219 -0.0448226928710937 -0.43035888671875 0.1864013671875
0.0458297729492188 0.117729187011719 -0.120880126953125 0.231155395507813
0.0570068359375 0.221710205078125 0.00972557067871094 -0.0318145751953125
0.053802490234375 0.151397705078125 0.049346923828125 0.166519165039063
0.0638580322265625 0.124061584472656 -0.113212585449219 -0.138008117675781
0.0454864501953125 0.0981521606445313 -0.07476806640625 -0.22344970703125
-0.042022705078125 0.0127105712890625 0.285736083984375 -0.142242431640625
-0.129898071289062 -0.0791091918945313 0.61553955078125 0.15545654296875
-0.130584716796875 -0.161148071289063 0.550933837890625 0.555145263671875
0.014129638671875 -0.1773681640625 0.12042236328125 0.61181640625
0.150985717773438 -0.150527954101563 -0.118606567382812 0.266571044921875
0.157135009765625 -0.146743774414063 0.126861572265625 -0.204635620117188
0.0977630615234375 -0.168197631835938 0.2808837890625 -0.65716552734375
-0.00135803222656252 -0.203628540039062 -0.08221435546875 -0.78375244140625
-0.084442138671875 -0.150161743164063 -0.475128173828125 -0.34503173828125
-0.0500831604003906 -0.0350875854492188 -0.49493408203125 0.13433837890625
0.0109634399414062 0.0814895629882813 -0.1861572265625 0.254470825195313
0.0299835205078125 0.16204833984375 -0.00432586669921875 0.0212364196777344
0.0168533325195313 0.0578727722167969 0.058685302734375 0.205520629882813
0.0084381103515625 0.0397529602050781 -0.115890502929687 -0.115196228027344
-0.009490966796875 0.0726470947265625 -0.115066528320312 -0.221649169921875
-0.0185050964355469 0.0466880798339844 0.238235473632812 -0.152114868164062
-0.0496940612792969 -0.0120468139648438 0.60223388671875 0.1435546875
-0.0522994995117187 -0.0831146240234375 0.58380126953125 0.55328369140625
0.021942138671875 -0.0843734741210938 0.1514892578125 0.65325927734375
0.07147216796875 -0.0684127807617188 -0.136993408203125 0.31414794921875
0.072265625 -0.0646514892578125 0.1090087890625 -0.1572265625
0.0592575073242188 -0.0779495239257813 0.29644775390625 -0.6246337890625
0.0321578979492187 -0.0963592529296875 -0.0484008789062501 -0.799072265625
-0.0117874145507813 -0.0735702514648438 -0.473663330078125 -0.389892578125
-0.0245037078857422 0.00209617614746093 -0.528472900390625 0.103363037109375
-0.00913238525390625 0.0461235046386719 -0.220855712890625 0.26690673828125
0.00469207763671874 0.088958740234375 -0.01568603515625 0.0579185485839844
-0.0243110656738281 -0.0494613647460937 0.0539093017578125 0.22442626953125
-0.0502548217773438 -0.0567626953125 -0.103263854980469 -0.103645324707031
-0.0682258605957031 0.0273361206054687 -0.0983428955078125 -0.228775024414063
-0.0004119873046875 0.070281982421875 0.246307373046875 -0.157821655273438
0.0292129516601562 0.049835205078125 0.584716796875 0.16754150390625
0.0324325561523438 0.000896453857421875 0.555908203125 0.586181640625
0.0309467315673828 0.0239295959472656 0.13433837890625 0.67144775390625
-0.0146808624267578 0.0263957977294922 -0.126617431640625 0.320068359375
-0.0212001800537109 0.0246047973632813 0.11962890625 -0.153305053710938
0.0133895874023438 0.0187282562255859 0.27471923828125 -0.62261962890625
0.06317138671875 0.0240211486816406 -0.09619140625 -0.7740478515625
0.0674781799316406 0.0178070068359375 -0.497955322265625 -0.36029052734375
0.01068115234375 0.0453910827636719 -0.536651611328125 0.114105224609375
-0.0238265991210938 0.00837516784667968 -0.219161987304687 0.27734375
-0.0197830200195313 0.00442695617675782 -0.0177688598632812 0.07232666015625
-0.0609588623046875 -0.14801025390625 0.041900634765625 0.218048095703125
-0.0984649658203125 -0.136978149414063 -0.0764617919921875 -0.104011535644531
-0.100425720214844 -0.00779724121093749 -0.029388427734375 -0.238525390625
0.0344085693359375 0.0927276611328125 0.30328369140625 -0.15081787109375
0.101211547851563 0.111152648925781 0.56304931640625 0.23199462890625
0.0924072265625 0.0888519287109375 0.4691162109375 0.64080810546875
0.020843505859375 0.129829406738281 0.0819091796875 0.6593017578125
-0.0943145751953125 0.116500854492187 -0.09161376953125 0.27972412109375
-0.085205078125 0.117515563964844 0.149017333984375 -0.199325561523438
0.00425720214843751 0.113868713378906 0.199462890625 -0.650390625
0.115753173828125 0.132667541503906 -0.219970703125 -0.7071533203125
0.14251708984375 0.0919189453125 -0.5379638671875 -0.25701904296875
0.0348358154296875 0.0670585632324219 -0.506744384765625 0.159088134765625
-0.0413665771484375 -0.039154052734375 -0.177200317382813 0.280548095703125
-0.0413970947265625 -0.0798873901367187 -0.00927352905273438 0.0626373291015625
-0.0883026123046875 -0.220718383789063 0.0261077880859375 0.188644409179687
-0.120941162109375 -0.180633544921875 -0.0344772338867188 -0.119613647460938
-0.086151123046875 -0.0197067260742188 0.077117919921875 -0.249298095703125
0.08941650390625 0.125167846679688 0.379302978515625 -0.1143798828125
0.150360107421875 0.173629760742187 0.511810302734375 0.333709716796875
0.103439331054687 0.172317504882813 0.325927734375 0.70294189453125
-0.0174407958984375 0.216033935546875 0.0103759765625 0.60980224609375
-0.154388427734375 0.189300537109375 -0.0342559814453125 0.201187133789063
-0.0988311767578125 0.201141357421875 0.16790771484375 -0.284423828125
0.0496978759765625 0.19073486328125 0.0703125 -0.68060302734375
0.188735961914063 0.199859619140625 -0.37872314453125 -0.588134765625
0.194595336914062 0.125045776367188 -0.559326171875 -0.115875244140625
0.0344314575195313 0.0520706176757813 -0.4332275390625 0.21087646484375
-0.0695648193359375 -0.0962677001953125 -0.105453491210937 0.26739501953125
-0.0616607666015625 -0.152969360351562 0.00397109985351562 0.030303955078125
-0.09814453125 -0.255401611328125 0.01507568359375 0.141830444335937
-0.111648559570313 -0.18414306640625 0.025299072265625 -0.152297973632813
-0.0351066589355469 -0.00478363037109375 0.198165893554688 -0.24993896484375
0.141265869140625 0.165054321289063 0.442901611328125 -0.035369873046875
0.155441284179688 0.228225708007813 0.41510009765625 0.463897705078125
0.061004638671875 0.232681274414062 0.15032958984375 0.7469482421875
-0.0759735107421875 0.264678955078125 -0.053375244140625 0.528106689453125
-0.187484741210937 0.232498168945313 0.0324554443359375 0.0969924926757813
-0.071441650390625 0.256759643554688 0.15252685546875 -0.38934326171875
0.119186401367188 0.226089477539063 -0.0966796875 -0.69049072265625
0.24444580078125 0.2158203125 -0.518798828125 -0.4427490234375
0.198410034179688 0.117767333984375 -0.538177490234375 0.0123291015625
0.0031893253326416 0.00386404991149902 -0.314239501953125 0.236083984375
-0.097869873046875 -0.153274536132812 -0.0200653076171875 0.237960815429688
-0.0742034912109375 -0.206008911132812 0.0138492584228516 -0.0218982696533203
0.0948333740234375 0.239593505859375 0.0227317810058594 0.059906005859375
0.119613647460938 0.173782348632813 -0.045684814453125 -0.189163208007813
0.0394210815429688 0.0483779907226563 0.138381958007813 -0.255615234375
-0.1455078125 -0.0935516357421875 0.4625244140625 -0.09100341796875
-0.244308471679687 -0.203689575195313 0.5726318359375 0.2913818359375
-0.16552734375 -0.267990112304688 0.32147216796875 0.62103271484375
0.0600433349609375 -0.273513793945312 -0.00296020507812502 0.473297119140625
0.241073608398438 -0.235809326171875 -0.0145111083984375 0.0767288208007812
0.179107666015625 -0.256759643554688 0.1632080078125 -0.400634765625
0.02069091796875 -0.277267456054688 0.07208251953125 -0.75555419921875
-0.139434814453125 -0.28314208984375 -0.3392333984375 -0.6175537109375
-0.1630859375 -0.180282592773437 -0.500762939453125 -0.0987548828125
-0.0206775665283203 -0.0225410461425781 -0.3321533203125 0.23931884765625
0.0868377685546875 0.151229858398437 -0.0411376953125 0.2000732421875
0.0800323486328125 0.24737548828125 0.0242156982421875 -0.0932388305664062
0.0838623046875 0.215118408203125 0.0379791259765625 0.114990234375
0.107620239257812 0.169403076171875 -0.0919952392578125 -0.157638549804688
0.0654373168945313 0.0867385864257813 0.0143280029296875 -0.23431396484375
-0.0885238647460938 -0.0389022827148437 0.370086669921875 -0.128173828125
-0.204620361328125 -0.14447021484375 0.61248779296875 0.199462890625
-0.17724609375 -0.222763061523437 0.46240234375 0.5750732421875
0.02471923828125 -0.243698120117187 0.06591796875 0.549072265625
0.210113525390625 -0.209930419921875 -0.07452392578125 0.182479858398438
0.194793701171875 -0.215103149414063 0.152069091796875 -0.29229736328125
0.0834808349609375 -0.240509033203125 0.202392578125 -0.71197509765625
-0.0672760009765625 -0.270217895507813 -0.19427490234375 -0.72528076171875
-0.143356323242188 -0.187286376953125 -0.49652099609375 -0.23577880859375
-0.0501823425292969 -0.0438270568847656 -0.427032470703125 0.18853759765625
0.0455093383789062 0.116180419921875 -0.118911743164063 0.23052978515625
0.05859375 0.21954345703125 0.00993537902832031 -0.030853271484375
0.0559539794921875 0.149002075195313 0.0495452880859375 0.163345336914063
0.0646896362304688 0.123001098632812 -0.114089965820313 -0.137252807617188
0.0451431274414063 0.0966262817382812 -0.074615478515625 -0.222518920898438
-0.0423011779785156 0.0133552551269531 0.283294677734375 -0.1431884765625
-0.129379272460938 -0.07659912109375 0.61151123046875 0.14776611328125
-0.131637573242188 -0.158248901367188 0.55230712890625 0.546417236328125
0.0138092041015625 -0.177139282226563 0.1240234375 0.60650634765625
0.149703979492188 -0.150955200195313 -0.11669921875 0.265472412109375
0.155441284179688 -0.1478271484375 0.123733520507813 -0.203460693359375
0.0962066650390625 -0.167877197265625 0.27203369140625 -0.65521240234375
-0.00355529785156249 -0.201812744140625 -0.0892944335937501 -0.77764892578125
-0.08612060546875 -0.148468017578125 -0.476165771484375 -0.338623046875
-0.0501785278320313 -0.0345039367675781 -0.490814208984375 0.136993408203125
0.0106430053710937 0.0808944702148438 -0.183990478515625 0.253692626953125
0.03143310546875 0.16094970703125 -0.00394058227539062 0.0209064483642578
0.0184440612792969 0.0568695068359375 0.0597686767578125 0.201187133789063
0.00899505615234375 0.0395889282226562 -0.115692138671875 -0.114753723144531
-0.00811767578124999 0.0723037719726563 -0.114410400390625 -0.220260620117188
-0.0185775756835938 0.0466079711914063 0.236434936523437 -0.152938842773438
-0.0501937866210938 -0.0112380981445313 0.59857177734375 0.1370849609375
-0.052276611328125 -0.0819320678710938 0.5853271484375 0.545166015625
0.0216598510742188 -0.0846023559570313 0.15521240234375 0.647216796875
0.070892333984375 -0.068359375 -0.1336669921875 0.313720703125
0.0715255737304688 -0.0649871826171875 0.106002807617188 -0.156524658203125
0.057708740234375 -0.0777053833007813 0.2901611328125 -0.62066650390625
0.0311355590820313 -0.0957260131835938 -0.0543212890625 -0.7926025390625
-0.0125961303710937 -0.0733413696289063 -0.47576904296875 -0.382781982421875
-0.0249290466308594 0.00166511535644531 -0.52716064453125 0.106781005859375
-0.00985336303710937 0.0460586547851562 -0.218154907226563 0.26654052734375
0.00573730468749999 0.0887603759765625 -0.0152206420898437 0.0583915710449219
-0.0227432250976562 -0.048431396484375 0.0557861328125 0.219375610351563
-0.0508003234863281 -0.0553970336914063 -0.102912902832031 -0.102684020996094
-0.0671730041503906 0.0286979675292969 -0.098236083984375 -0.22625732421875
-6.10351562500017E-05 0.06927490234375 0.24468994140625 -0.159423828125
0.0288352966308594 0.0498809814453125 0.5821533203125 0.162109375
0.0315341949462891 0.000827789306640625 0.5584716796875 0.57806396484375
0.0312461853027344 0.0230865478515625 0.13848876953125 0.663818359375
-0.0144271850585937 0.0258407592773438 -0.12451171875 0.319244384765625
-0.0211296081542969 0.0248203277587891 0.117019653320313 -0.152877807617188
0.0120887756347656 0.0184192657470703 0.26654052734375 -0.62066650390625
0.06268310546875 0.0239601135253906 -0.10211181640625 -0.767822265625
0.06689453125 0.0167655944824219 -0.498291015625 -0.354583740234375
0.0109291076660156 0.0444068908691406 -0.532928466796875 0.11773681640625
-0.0235519409179688 0.00881195068359376 -0.216171264648438 0.2772216796875
-0.0190277099609375 0.00522041320800781 -0.0169296264648438 0.072784423828125
-0.0610809326171875 -0.14654541015625 0.0434112548828125 0.214080810546875
-0.09820556640625 -0.134796142578125 -0.0762786865234375 -0.104179382324219
-0.098968505859375 -0.00684356689453125 -0.02996826171875 -0.236648559570312
0.0349502563476563 0.091339111328125 0.30035400390625 -0.1522216796875
0.100753784179688 0.109550476074219 0.560394287109375 0.225677490234375
0.0914382934570313 0.0874862670898438 0.4688720703125 0.63348388671875
0.0218658447265625 0.128868103027344 0.0848388671875 0.65252685546875
-0.0936050415039063 0.116531372070313 -0.0886993408203125 0.278656005859375
-0.0843124389648437 0.116867065429687 0.146575927734375 -0.198165893554688
0.00453186035156249 0.113204956054688 0.19110107421875 -0.64898681640625
0.115608215332031 0.129829406738281 -0.22491455078125 -0.7000732421875
0.14288330078125 0.0902252197265625 -0.53759765625 -0.252685546875
0.0367546081542969 0.0657119750976563 -0.503662109375 0.161590576171875
-0.0410804748535156 -0.0384140014648438 -0.1744384765625 0.279098510742188
-0.0413055419921875 -0.0782928466796875 -0.00820541381835938 0.0628128051757812
-0.0883636474609375 -0.217391967773438 0.027740478515625 0.185333251953125
-0.120941162109375 -0.177032470703125 -0.0347137451171875 -0.120033264160156
-0.0847015380859375 -0.0179519653320313 0.074798583984375 -0.248031616210938
0.0907440185546875 0.123039245605469 0.375946044921875 -0.117218017578125
0.149566650390625 0.170867919921875 0.51055908203125 0.327056884765625
0.10302734375 0.16998291015625 0.3297119140625 0.6956787109375
-0.0160369873046875 0.214553833007813 0.01544189453125 0.605712890625
-0.15234375 0.1895751953125 -0.0329742431640625 0.200408935546875
-0.0975189208984375 0.200180053710937 0.164398193359375 -0.2833251953125
0.049530029296875 0.188949584960938 0.0640869140625 -0.67596435546875
0.188156127929688 0.196624755859375 -0.38104248046875 -0.5814208984375
0.194686889648437 0.121994018554688 -0.557769775390625 -0.112030029296875
0.035003662109375 0.0508842468261719 -0.428253173828125 0.212646484375
-0.0689239501953125 -0.0946578979492188 -0.101791381835938 0.266937255859375
-0.0617828369140625 -0.151382446289063 0.00483894348144531 0.0312442779541016
-0.0991058349609375 -0.250961303710938 0.0162506103515625 0.13848876953125
-0.111724853515625 -0.18121337890625 0.0239105224609375 -0.15325927734375
-0.0335769653320313 -0.00467681884765625 0.194900512695313 -0.250335693359375
0.141830444335937 0.162124633789063 0.4398193359375 -0.037841796875
0.1553955078125 0.225021362304688 0.417266845703125 0.45721435546875
0.0622711181640625 0.229476928710937 0.154296875 0.7421875
-0.0728912353515625 0.263153076171875 -0.04754638671875 0.523040771484375
-0.184585571289063 0.233245849609375 0.0329971313476562 0.0959701538085938
-0.0685882568359375 0.256210327148437 0.147979736328125 -0.387786865234375
0.119125366210938 0.22381591796875 -0.10247802734375 -0.68414306640625
0.2452392578125 0.211959838867188 -0.518524169921875 -0.4339599609375
0.198013305664063 0.114334106445312 -0.53497314453125 0.01806640625
0.00372815132141113 0.00396633148193359 -0.310821533203125 0.237274169921875
-0.098419189453125 -0.150665283203125 -0.0179595947265625 0.236083984375
-0.0749053955078125 -0.203598022460938 0.0139026641845703 -0.020925521850586
0.09686279296875 0.235946655273438 0.0218124389648438 0.0580863952636719
0.119964599609375 0.171600341796875 -0.04736328125 -0.187576293945313
0.0389938354492188 0.0478706359863281 0.136215209960937 -0.255477905273438
-0.146087646484375 -0.0914154052734375 0.460540771484375 -0.093292236328125
-0.244186401367188 -0.199874877929687 0.5706787109375 0.285400390625
-0.1654052734375 -0.264755249023438 0.3238525390625 0.6163330078125
0.0592193603515625 -0.272705078125 -0.00036621093750002 0.46954345703125
0.238662719726563 -0.236251831054688 -0.0144500732421875 0.0766067504882812
0.176803588867187 -0.257217407226563 0.158599853515625 -0.39874267578125
0.018951416015625 -0.275924682617188 0.0659179687499999 -0.7493896484375
-0.140579223632813 -0.280319213867188 -0.34039306640625 -0.61151123046875
-0.163558959960938 -0.17767333984375 -0.498016357421875 -0.0950927734375
-0.0213890075683594 -0.0219039916992187 -0.32952880859375 0.240447998046875
0.0865936279296875 0.149917602539063 -0.039642333984375 0.198272705078125
0.0816802978515625 0.244705200195313 0.0234909057617187 -0.0916519165039062
0.085968017578125 0.212448120117188 0.0381698608398438 0.111846923828125
0.107757568359375 0.167755126953125 -0.092987060546875 -0.156341552734375
0.065185546875 0.0856552124023437 0.0130615234375 -0.233291625976563
-0.0887069702148438 -0.037384033203125 0.36749267578125 -0.129791259765625
-0.204696655273438 -0.140838623046875 0.6090087890625 0.19354248046875
-0.17681884765625 -0.219100952148438 0.46356201171875 0.5703125
0.023406982421875 -0.242935180664062 0.06756591796875 0.5430908203125
0.2086181640625 -0.210342407226563 -0.0742034912109375 0.181640625
0.193206787109375 -0.214859008789063 0.1488037109375 -0.2913818359375
0.08148193359375 -0.238861083984375 0.19580078125 -0.70880126953125
-0.0686492919921875 -0.267227172851563 -0.19903564453125 -0.71893310546875
-0.143875122070313 -0.185867309570313 -0.495941162109375 -0.2303466796875
-0.0516586303710938 -0.0430183410644531 -0.423370361328125 0.190216064453125
0.04522705078125 0.115264892578125 -0.116897583007813 0.229217529296875
0.059906005859375 0.217453002929687 0.00986671447753907 -0.0299644470214844
0.0575103759765625 0.1475830078125 0.0498046875 0.159515380859375
0.0657882690429687 0.121734619140625 -0.114852905273438 -0.136054992675781
0.0454788208007812 0.0963973999023437 -0.0757293701171875 -0.220626831054688
-0.0424308776855469 0.0138206481933594 0.28118896484375 -0.14495849609375
-0.130142211914063 -0.074676513671875 0.60888671875 0.142822265625
-0.131805419921875 -0.156112670898438 0.55230712890625 0.538818359375
0.0130615234375 -0.176681518554688 0.1268310546875 0.60235595703125
0.147705078125 -0.1512451171875 -0.114364624023437 0.264938354492188
0.153717041015625 -0.147445678710938 0.121627807617187 -0.20257568359375
0.09423828125 -0.1669921875 0.26556396484375 -0.65313720703125
-0.00515747070312499 -0.200653076171875 -0.09271240234375 -0.77239990234375
-0.0864105224609375 -0.147140502929688 -0.4786376953125 -0.334228515625
-0.050750732421875 -0.0334281921386719 -0.489166259765625 0.13861083984375
0.0111541748046875 0.0796890258789063 -0.181243896484375 0.251907348632813
0.03265380859375 0.159103393554687 -0.00327682495117187 0.0218849182128906
0.019622802734375 0.0566215515136719 0.061004638671875 0.197174072265625
0.00954055786132813 0.0393447875976563 -0.116546630859375 -0.114120483398438
-0.00749969482421875 0.0722503662109375 -0.115264892578125 -0.217926025390625
-0.0176315307617187 0.0469741821289063 0.234832763671875 -0.153350830078125
-0.0500984191894531 -0.0101203918457031 0.5965576171875 0.13201904296875
-0.0526580810546875 -0.0806350708007813 0.58544921875 0.5382080078125
0.0212173461914063 -0.083892822265625 0.15704345703125 0.64208984375
0.0697174072265625 -0.0682334899902344 -0.131683349609375 0.3133544921875
0.070709228515625 -0.0646209716796875 0.103591918945313 -0.155349731445313
0.056610107421875 -0.0772171020507813 0.2821044921875 -0.6187744140625
0.0308609008789063 -0.0960235595703125 -0.0610351562499999 -0.7864990234375
-0.0135421752929688 -0.0731735229492188 -0.475494384765625 -0.37799072265625
-0.0244712829589844 0.00215339660644531 -0.5233154296875 0.109649658203125
-0.00960159301757813 0.0454368591308594 -0.215179443359375 0.266250610351563
0.00655364990234375 0.0878372192382812 -0.0140266418457031 0.0590858459472656
-0.022125244140625 -0.0476188659667969 0.056549072265625 0.215988159179687
-0.0498809814453125 -0.0543251037597656 -0.102737426757812 -0.103355407714844
-0.0662918090820312 0.0296554565429688 -0.09765625 -0.224075317382812
0.00100326538085938 0.0685997009277344 0.241790771484375 -0.159317016601563
0.0288810729980469 0.0490875244140625 0.580322265625 0.156982421875
0.0308113098144531 0.00116348266601563 0.55755615234375 0.56988525390625
0.0311470031738281 0.0224323272705078 0.1422119140625 0.658447265625
-0.0142250061035156 0.0262355804443359 -0.121551513671875 0.317718505859375
-0.0209884643554687 0.0249271392822266 0.114395141601563 -0.152252197265625
0.0115413665771484 0.0182228088378906 0.259765625 -0.61676025390625
0.0616531372070312 0.0225906372070313 -0.108154296875 -0.763671875
0.0658493041992188 0.0160293579101563 -0.4990234375 -0.35064697265625
0.0117912292480469 0.0441970825195313 -0.530181884765625 0.119659423828125
-0.0232715606689453 0.00916481018066406 -0.213516235351562 0.27642822265625
-0.0183506011962891 0.00523757934570313 -0.016021728515625 0.0733566284179688
-0.06048583984375 -0.14337158203125 0.04486083984375 0.21038818359375
-0.09857177734375 -0.131729125976562 -0.0753936767578125 -0.104080200195313
-0.097412109375 -0.00592803955078126 -0.0303802490234375 -0.235671997070313
0.0363082885742188 0.0901870727539063 0.29742431640625 -0.152801513671875
0.0999984741210938 0.107757568359375 0.55853271484375 0.219818115234375
0.0903778076171875 0.0865249633789063 0.4708251953125 0.62493896484375
0.0221023559570313 0.127777099609375 0.09033203125 0.647705078125
-0.0925369262695312 0.116615295410156 -0.0869903564453125 0.277191162109375
-0.0835418701171875 0.116935729980469 0.143081665039063 -0.19866943359375
0.00445556640625 0.112335205078125 0.1861572265625 -0.64337158203125
0.11517333984375 0.127983093261719 -0.22869873046875 -0.6947021484375
0.141616821289063 0.086883544921875 -0.5374755859375 -0.246612548828125
0.0374717712402344 0.065216064453125 -0.499725341796875 0.16522216796875
-0.041046142578125 -0.0379905700683594 -0.171844482421875 0.27886962890625
-0.0411834716796875 -0.077392578125 -0.00689697265625 0.0640335083007813
-0.0887908935546875 -0.21331787109375 0.02874755859375 0.182373046875
-0.120864868164063 -0.17425537109375 -0.035186767578125 -0.12017822265625
-0.0834884643554688 -0.0175018310546875 0.0736541748046875 -0.2471923828125
0.09161376953125 0.120773315429687 0.373138427734375 -0.117462158203125
0.149200439453125 0.168609619140625 0.5107421875 0.32330322265625
0.102294921875 0.167892456054688 0.3316650390625 0.6890869140625
-0.0142669677734375 0.213241577148437 0.0194091796875001 0.60107421875
-0.15130615234375 0.189743041992188 -0.032257080078125 0.199783325195312
-0.0962677001953125 0.199676513671875 0.16064453125 -0.283538818359375
0.0490264892578125 0.1868896484375 0.05804443359375 -0.6717529296875
0.188232421875 0.193191528320313 -0.38134765625 -0.574951171875
0.194503784179687 0.119140625 -0.55712890625 -0.107452392578125
0.0361480712890625 0.0500907897949219 -0.424957275390625 0.213165283203125
-0.0687332153320312 -0.0929489135742188 -0.0997772216796875 0.266571044921875
-0.0615692138671875 -0.149810791015625 0.00533103942871094 0.0309391021728516
-0.098602294921875 -0.246963500976563 0.017181396484375 0.136085510253906
-0.11224365234375 -0.178070068359375 0.02264404296875 -0.153152465820313
-0.0331916809082031 -0.00380897521972657 0.1923828125 -0.249786376953125
0.1422119140625 0.159866333007813 0.437896728515625 -0.0399169921875
0.155120849609375 0.2220458984375 0.41729736328125 0.450592041015625
0.0611724853515625 0.228652954101563 0.158447265625 0.73480224609375
-0.0712890625 0.261810302734375 -0.0447998046875 0.51959228515625
-0.182952880859375 0.232177734375 0.0335693359375 0.0947723388671875
-0.06744384765625 0.254592895507813 0.144805908203125 -0.38641357421875
0.1181640625 0.221466064453125 -0.10736083984375 -0.6773681640625
0.244400024414063 0.208572387695313 -0.519439697265625 -0.426605224609375
0.19793701171875 0.11151123046875 -0.53289794921875 0.021759033203125
0.00446033477783203 0.00374984741210938 -0.3087158203125 0.237884521484375
-0.0986480712890625 -0.149017333984375 -0.0162506103515625 0.234970092773438
-0.0748138427734375 -0.201202392578125 0.0150127410888672 -0.0206317901611328
0.0989990234375 0.233016967773437 0.021453857421875 0.0562019348144531
0.119491577148438 0.169708251953125 -0.0486297607421875 -0.186279296875
0.0381088256835938 0.0475425720214844 0.134719848632813 -0.254623413085938
-0.145431518554688 -0.08880615234375 0.457550048828125 -0.094573974609375
-0.243759155273438 -0.196121215820313 0.56939697265625 0.28076171875
-0.165267944335938 -0.261947631835937 0.3258056640625 0.61041259765625
0.058837890625 -0.27178955078125 0.00128173828125003 0.465423583984375
0.237838745117188 -0.237197875976563 -0.0147018432617187 0.0764236450195313
0.175979614257813 -0.256179809570312 0.15594482421875 -0.396820068359375
0.018218994140625 -0.2742919921875 0.0616455078125 -0.7464599609375
-0.141494750976562 -0.278152465820313 -0.34210205078125 -0.60540771484375
-0.164321899414063 -0.175811767578125 -0.49737548828125 -0.092254638671875
-0.0222511291503906 -0.0212230682373047 -0.326812744140625 0.239898681640625
0.0849761962890625 0.148284912109375 -0.0389862060546875 0.197677612304688
0.0826263427734375 0.242385864257813 0.022857666015625 -0.0906600952148437
0.0872650146484375 0.209793090820313 0.0377960205078125 0.109443664550781
0.107955932617188 0.165420532226563 -0.09344482421875 -0.155197143554688
0.06414794921875 0.0845489501953125 0.0130462646484375 -0.2325439453125
-0.0885162353515625 -0.0364761352539062 0.36553955078125 -0.12994384765625
-0.2041015625 -0.138519287109375 0.60650634765625 0.1893310546875
-0.175750732421875 -0.21710205078125 0.4638671875 0.5635986328125
0.0234832763671875 -0.242034912109375 0.06927490234375 0.540191650390625
0.207122802734375 -0.210189819335938 -0.072601318359375 0.1812744140625
0.191604614257813 -0.214630126953125 0.1456298828125 -0.288909912109375
0.0806884765625 -0.238143920898438 0.18975830078125 -0.7044677734375
-0.06976318359375 -0.266189575195313 -0.2025146484375 -0.713134765625
-0.144271850585938 -0.183975219726562 -0.49615478515625 -0.225982666015625
-0.0520095825195313 -0.042022705078125 -0.4207763671875 0.19073486328125
0.0440673828125 0.113914489746094 -0.115509033203125 0.227432250976563
0.06072998046875 0.215042114257813 0.0100212097167969 -0.0290584564208984
0.05914306640625 0.145599365234375 0.04986572265625 0.156539916992188
0.066009521484375 0.120399475097656 -0.115348815917969 -0.135063171386719
0.0452117919921875 0.0959701538085938 -0.075103759765625 -0.219573974609375
-0.0423736572265625 0.0147781372070312 0.279281616210938 -0.145278930664062
-0.129989624023438 -0.072509765625 0.606689453125 0.1385498046875
-0.13116455078125 -0.153915405273438 0.552032470703125 0.5325927734375
0.0128936767578125 -0.175506591796875 0.12762451171875 0.59674072265625
0.147369384765625 -0.15142822265625 -0.114044189453125 0.265411376953125
0.152175903320312 -0.147079467773438 0.119400024414063 -0.201065063476563
0.09320068359375 -0.166275024414062 0.25921630859375 -0.6494140625
-0.00636291503906248 -0.199920654296875 -0.0980224609374999 -0.76739501953125
-0.087127685546875 -0.14605712890625 -0.4786376953125 -0.330352783203125
-0.0512504577636719 -0.032745361328125 -0.485076904296875 0.140899658203125
0.01031494140625 0.0790634155273438 -0.180007934570313 0.251571655273437
0.0330657958984375 0.157791137695312 -0.00263404846191406 0.0217781066894531
0.0213470458984375 0.05615234375 0.060943603515625 0.19366455078125
0.00989151000976563 0.039337158203125 -0.115638732910156 -0.113510131835938
-0.00722503662109374 0.0717239379882813 -0.114532470703125 -0.216217041015625
-0.0174751281738281 0.0464401245117188 0.233139038085938 -0.153472900390625
-0.0505828857421875 -0.00938415527343749 0.59405517578125 0.127685546875
-0.0531463623046875 -0.0785751342773438 0.5831298828125 0.53265380859375
0.0212783813476563 -0.0839004516601563 0.1588134765625 0.63623046875
0.0694351196289063 -0.0684127807617188 -0.130096435546875 0.3126220703125
0.0701560974121094 -0.0644264221191406 0.102264404296875 -0.154296875
0.0565261840820313 -0.0770492553710938 0.27740478515625 -0.61602783203125
0.0295028686523437 -0.0956344604492188 -0.0657348632812499 -0.7816162109375
-0.01361083984375 -0.0730361938476563 -0.476318359375 -0.373809814453125
-0.0242290496826172 0.00216293334960938 -0.519561767578125 0.111602783203125
-0.00960159301757812 0.0452194213867188 -0.212738037109375 0.26544189453125
0.00737762451171876 0.0876617431640625 -0.013702392578125 0.0593986511230469
-0.0210838317871094 -0.0472869873046875 0.0575714111328125 0.212005615234375
-0.0495719909667969 -0.0530357360839844 -0.10186767578125 -0.102996826171875
-0.0654869079589844 0.0297966003417969 -0.0976104736328125 -0.222137451171875
0.00115585327148438 0.0680770874023438 0.240402221679688 -0.159698486328125
0.0283203125 0.0485649108886719 0.57684326171875 0.15301513671875
0.0304431915283203 0.00138282775878906 0.5560302734375 0.56378173828125
0.0313930511474609 0.0220718383789063 0.1424560546875 0.65380859375
-0.0147476196289063 0.0260047912597656 -0.120269775390625 0.317291259765625
-0.0209579467773438 0.0251331329345703 0.113052368164063 -0.151504516601563
0.0104465484619141 0.0175094604492188 0.25347900390625 -0.6134033203125
0.0616798400878906 0.0223503112792969 -0.1121826171875 -0.7576904296875
0.0657997131347656 0.0146369934082031 -0.50006103515625 -0.345489501953125
0.0117454528808594 0.0435791015625 -0.526763916015625 0.120941162109375
-0.0233802795410156 0.00887298583984375 -0.21063232421875 0.275482177734375
-0.0182056427001953 0.00548934936523437 -0.0151290893554688 0.07330322265625
-0.0598602294921875 -0.14166259765625 0.0462799072265625 0.206817626953125
-0.0987014770507812 -0.129791259765625 -0.0760116577148437 -0.104156494140625
-0.0960693359375 -0.00558471679687501 -0.0309906005859375 -0.2330322265625
0.0362548828125 0.0891265869140625 0.295684814453125 -0.153167724609375
0.099090576171875 0.106834411621094 0.556304931640625 0.215057373046875
0.0888824462890625 0.0858612060546875 0.4722900390625 0.6202392578125
0.0226287841796875 0.126846313476563 0.09259033203125 0.6419677734375
-0.0916900634765625 0.11688232421875 -0.085968017578125 0.276962280273438
-0.0829315185546875 0.116493225097656 0.140899658203125 -0.197555541992188
0.00389099121093749 0.111587524414063 0.1807861328125 -0.6412353515625
0.114845275878906 0.126640319824219 -0.23101806640625 -0.6885986328125
0.142425537109375 0.0850677490234375 -0.537200927734375 -0.24432373046875
0.0379791259765625 0.064239501953125 -0.497772216796875 0.1669921875
-0.0399017333984375 -0.0369682312011719 -0.169830322265625 0.277984619140625
-0.0406723022460938 -0.0762710571289062 -0.00571441650390625 0.063629150390625
-0.0884246826171875 -0.210678100585938 0.0296173095703125 0.17901611328125
-0.120513916015625 -0.171371459960938 -0.035888671875 -0.120330810546875
-0.0822219848632813 -0.0167388916015625 0.072235107421875 -0.246002197265625
0.0915145874023438 0.118934631347656 0.370635986328125 -0.11907958984375
0.148605346679688 0.166458129882813 0.5089111328125 0.318206787109375
0.10162353515625 0.166748046875 0.3331298828125 0.6844482421875
-0.0135498046875 0.212265014648437 0.021240234375 0.5953369140625
-0.149826049804687 0.189056396484375 -0.03106689453125 0.198272705078125
-0.09539794921875 0.19891357421875 0.158172607421875 -0.281951904296875
0.048065185546875 0.185134887695313 0.0536499023437501 -0.66925048828125
0.187820434570313 0.191146850585938 -0.38262939453125 -0.5699462890625
0.194259643554688 0.116073608398438 -0.555267333984375 -0.1043701171875
0.0366401672363281 0.04937744140625 -0.42279052734375 0.214691162109375
-0.0684585571289063 -0.0919647216796875 -0.0981597900390625 0.26544189453125
-0.062103271484375 -0.147796630859375 0.00662040710449219 0.0317764282226562
-0.0992431640625 -0.243377685546875 0.017822265625 0.133583068847656
-0.111114501953125 -0.175155639648438 0.02130126953125 -0.15313720703125
-0.0316619873046875 -0.00366783142089844 0.190826416015625 -0.248580932617188
0.142730712890625 0.156829833984375 0.4345703125 -0.0423583984375
0.154327392578125 0.220046997070312 0.416717529296875 0.447296142578125
0.0609588623046875 0.226638793945312 0.16253662109375 0.7303466796875
-0.0700531005859375 0.260574340820313 -0.04150390625 0.517364501953125
-0.181488037109375 0.232192993164063 0.0333404541015625 0.0941314697265625
-0.06707763671875 0.253509521484375 0.141326904296875 -0.38482666015625
0.118423461914063 0.219451904296875 -0.10968017578125 -0.67474365234375
0.243637084960938 0.205108642578125 -0.518707275390625 -0.422210693359375
0.197402954101562 0.108810424804687 -0.5302734375 0.0218811035156251
0.00504684448242188 0.00371599197387695 -0.30670166015625 0.238372802734375
-0.0982208251953125 -0.146209716796875 -0.0147705078125 0.234329223632813
-0.0758819580078125 -0.19927978515625 0.0152492523193359 -0.0190963745117188
0.100234985351562 0.230865478515625 0.0200042724609375 0.054473876953125
0.120040893554688 0.167892456054688 -0.049591064453125 -0.185134887695312
0.0371589660644531 0.047119140625 0.13275146484375 -0.253890991210938
-0.145492553710938 -0.0873565673828125 0.4556884765625 -0.095916748046875
-0.243133544921875 -0.19378662109375 0.56640625 0.27874755859375
-0.164016723632813 -0.259933471679688 0.327880859375 0.6058349609375
0.058319091796875 -0.271102905273437 0.00289916992187496 0.463958740234375
0.2364501953125 -0.237167358398438 -0.015228271484375 0.0764923095703125
0.174484252929688 -0.255218505859375 0.154144287109375 -0.395111083984375
0.0182037353515625 -0.272201538085937 0.0588378906249999 -0.7421875
-0.1419677734375 -0.276290893554687 -0.34393310546875 -0.6019287109375
-0.165496826171875 -0.174240112304687 -0.497100830078125 -0.090301513671875
-0.0231952667236328 -0.0205802917480469 -0.3251953125 0.2403564453125
0.0843505859375 0.146484375 -0.0377044677734375 0.196380615234375
0.0831451416015625 0.240798950195313 0.0231475830078125 -0.0887222290039062
0.0886077880859375 0.207672119140625 0.03668212890625 0.107025146484375
0.108612060546875 0.164093017578125 -0.0942840576171875 -0.153717041015625
0.0632781982421875 0.084136962890625 0.0120697021484375 -0.23193359375
-0.0887603759765625 -0.0354766845703125 0.36328125 -0.13128662109375
-0.203521728515625 -0.135726928710937 0.60369873046875 0.18682861328125
-0.175064086914062 -0.2142333984375 0.463470458984375 0.5606689453125
0.023468017578125 -0.241073608398438 0.070526123046875 0.537109375
0.205886840820313 -0.2098388671875 -0.07293701171875 0.181564331054688
0.1912841796875 -0.215133666992188 0.14337158203125 -0.288116455078125
0.0796661376953125 -0.236663818359375 0.18585205078125 -0.702392578125
-0.06964111328125 -0.264190673828125 -0.2034912109375 -0.7103271484375
-0.145248413085938 -0.181930541992188 -0.495880126953125 -0.22442626953125
-0.0525932312011719 -0.0414390563964844 -0.419036865234375 0.191436767578125
0.0425033569335938 0.11285400390625 -0.114730834960938 0.226638793945313
0.0615997314453125 0.213714599609375 0.00962448120117188 -0.0282497406005859
0.0604705810546875 0.143569946289063 0.0492401123046875 0.153854370117187
0.06610107421875 0.119865417480469 -0.115020751953125 -0.134567260742188
0.0449905395507812 0.0947799682617188 -0.0748138427734375 -0.218582153320312
-0.0422439575195313 0.0149955749511719 0.278717041015625 -0.14556884765625
-0.129806518554688 -0.0709228515625 0.60400390625 0.13555908203125
-0.131103515625 -0.152114868164063 0.54998779296875 0.52838134765625
0.01220703125 -0.174911499023438 0.12823486328125 0.59375
0.147140502929688 -0.151092529296875 -0.112884521484375 0.264328002929688
0.152099609375 -0.14697265625 0.11767578125 -0.199996948242188
0.092254638671875 -0.165756225585938 0.25408935546875 -0.646484375
-0.00651550292968751 -0.198593139648438 -0.09991455078125 -0.7626953125
-0.087738037109375 -0.144912719726563 -0.477691650390625 -0.32733154296875
-0.0517654418945313 -0.0328826904296875 -0.48370361328125 0.141693115234375
0.00946807861328126 0.07861328125 -0.17828369140625 0.250274658203125
0.033660888671875 0.15704345703125 -0.00227165222167968 0.0225048065185547
0.0227279663085938 0.0557937622070313 0.061309814453125 0.190155029296875
0.0105819702148438 0.0396499633789063 -0.1156005859375 -0.113166809082031
-0.00676727294921874 0.0716323852539063 -0.113189697265625 -0.215347290039063
-0.0179405212402344 0.0461959838867188 0.232513427734375 -0.153732299804687
-0.0505447387695313 -0.00832748413085937 0.5906982421875 0.12396240234375
-0.0531539916992188 -0.0778274536132813 0.58447265625 0.5279541015625
0.0215988159179688 -0.0834732055664063 0.15936279296875 0.6326904296875
0.0689201354980469 -0.0678482055664063 -0.12939453125 0.31201171875
0.0699043273925781 -0.0643997192382813 0.10040283203125 -0.153366088867188
0.0549468994140625 -0.0768280029296875 0.27301025390625 -0.61407470703125
0.0294876098632813 -0.0952224731445313 -0.06842041015625 -0.778076171875
-0.0145416259765625 -0.0732192993164063 -0.47747802734375 -0.37115478515625
-0.0238628387451172 0.00214767456054688 -0.518768310546875 0.11285400390625
-0.0103073120117188 0.0450477600097656 -0.212173461914063 0.264205932617188
0.00807952880859375 0.0871963500976563 -0.0134124755859375 0.0589370727539063
-0.0203819274902344 -0.0464630126953125 0.058013916015625 0.208816528320313
-0.0488166809082031 -0.0522918701171875 -0.101669311523438 -0.102897644042969
-0.0638694763183594 0.0300445556640625 -0.0969085693359375 -0.221145629882812
0.00156784057617187 0.0672378540039063 0.239288330078125 -0.159133911132813
0.02783203125 0.0488624572753906 0.5745849609375 0.14959716796875
0.0291481018066406 0.001190185546875 0.5560302734375 0.558013916015625
0.0313034057617188 0.0218906402587891 0.1435546875 0.649658203125
-0.0146770477294922 0.0260486602783203 -0.120147705078125 0.316558837890625
-0.0210533142089844 0.0254344940185547 0.111129760742188 -0.150955200195313
0.0102767944335938 0.017913818359375 0.24896240234375 -0.612548828125
0.0611915588378906 0.0216064453125 -0.11334228515625 -0.7530517578125
0.0655097961425781 0.0145149230957031 -0.499114990234375 -0.34259033203125
0.0118904113769531 0.043365478515625 -0.524505615234375 0.122528076171875
-0.02325439453125 0.00908088684082031 -0.209304809570313 0.274734497070313
-0.0172233581542969 0.00590038299560547 -0.0135116577148438 0.073150634765625
-0.0593643188476562 -0.139892578125 0.0463409423828125 0.203048706054688
-0.097259521484375 -0.127883911132813 -0.0758895874023438 -0.104751586914063
-0.0951385498046875 -0.00447082519531251 -0.030426025390625 -0.232315063476562
0.0372161865234375 0.0879974365234375 0.293853759765625 -0.153106689453125
0.0988845825195313 0.106056213378906 0.55413818359375 0.21270751953125
0.087646484375 0.0858612060546875 0.47161865234375 0.6153564453125
0.0232772827148437 0.125617980957031 0.0924682617187499 0.63922119140625
-0.09124755859375 0.116355895996094 -0.0847320556640625 0.276397705078125
-0.082427978515625 0.115867614746094 0.139328002929688 -0.1971435546875
0.00321960449218749 0.110931396484375 0.17681884765625 -0.6373291015625
0.11444091796875 0.124946594238281 -0.233154296875 -0.6849365234375
0.141555786132813 0.0836181640625 -0.536346435546875 -0.241455078125
0.0386085510253906 0.0633430480957031 -0.4954833984375 0.16558837890625
-0.0395355224609375 -0.03631591796875 -0.168167114257812 0.276290893554688
-0.0408401489257812 -0.0750885009765625 -0.00502014160156251 0.0646095275878906
-0.08758544921875 -0.208786010742187 0.0299224853515625 0.175827026367187
-0.120071411132813 -0.168304443359375 -0.0360641479492188 -0.120758056640625
-0.08135986328125 -0.0162734985351563 0.0726470947265625 -0.244705200195312
0.091644287109375 0.117652893066406 0.36871337890625 -0.118682861328125
0.147689819335938 0.165313720703125 0.50848388671875 0.314117431640625
0.100204467773438 0.166000366210938 0.334228515625 0.6796875
-0.0130462646484375 0.21142578125 0.024658203125 0.59222412109375
-0.149307250976563 0.188568115234375 -0.0308685302734375 0.197341918945313
-0.09503173828125 0.198760986328125 0.15643310546875 -0.280899047851562
0.047515869140625 0.18438720703125 0.05169677734375 -0.66534423828125
0.186813354492188 0.188949584960938 -0.3839111328125 -0.5653076171875
0.193084716796875 0.1136474609375 -0.553558349609375 -0.101898193359375
0.037353515625 0.0491943359375 -0.420562744140625 0.215087890625
-0.0678024291992187 -0.090789794921875 -0.097198486328125 0.263702392578125
-0.062408447265625 -0.14630126953125 0.00740242004394531 0.0321502685546875
-0.0982818603515625 -0.24066162109375 0.01739501953125 0.130386352539062
-0.1099853515625 -0.172958374023437 0.020751953125 -0.153793334960938
-0.0311164855957031 -0.00377845764160156 0.190231323242187 -0.24835205078125
0.142486572265625 0.154571533203125 0.432098388671875 -0.0421142578125
0.153793334960938 0.218063354492188 0.415679931640625 0.443817138671875
0.059844970703125 0.225509643554688 0.16278076171875 0.72552490234375
-0.06964111328125 0.258941650390625 -0.03955078125 0.513153076171875
-0.179122924804688 0.23150634765625 0.0326919555664062 0.0932159423828125
-0.066253662109375 0.252044677734375 0.140045166015625 -0.3834228515625
0.116668701171875 0.217849731445313 -0.1131591796875 -0.67047119140625
0.243667602539063 0.203323364257812 -0.51898193359375 -0.418701171875
0.197158813476563 0.106033325195313 -0.52935791015625 0.02447509765625
0.00529241561889648 0.00374603271484375 -0.305908203125 0.23858642578125
-0.0967559814453125 -0.145172119140625 -0.0136260986328125 0.233322143554687
-0.07574462890625 -0.197418212890625 0.0160903930664062 -0.0178813934326172
0.100967407226563 0.2281494140625 0.0192108154296875 0.0532722473144531
0.119247436523438 0.166488647460938 -0.050323486328125 -0.1845703125
0.0365409851074219 0.0472984313964844 0.131988525390625 -0.254470825195313
-0.145828247070313 -0.0860748291015625 0.455291748046875 -0.09698486328125
-0.24200439453125 -0.191390991210938 0.5657958984375 0.27606201171875
-0.162612915039062 -0.257720947265625 0.3270263671875 0.60284423828125
0.05908203125 -0.2706298828125 0.00219726562499998 0.460723876953125
0.236099243164063 -0.2374267578125 -0.0155792236328125 0.0763168334960937
0.174148559570312 -0.25518798828125 0.152435302734375 -0.393280029296875
0.017578125 -0.271209716796875 0.0554199218749999 -0.7386474609375
-0.142425537109375 -0.273941040039062 -0.3447265625 -0.60076904296875
-0.165664672851563 -0.173171997070312 -0.49664306640625 -0.0871582031250001
-0.0240840911865234 -0.0200920104980469 -0.32403564453125 0.239593505859375
0.0825042724609375 0.145477294921875 -0.0382537841796875 0.19525146484375
0.0843353271484375 0.23883056640625 0.023162841796875 -0.087799072265625
0.0893707275390625 0.205520629882813 0.036376953125 0.104583740234375
0.108444213867188 0.163055419921875 -0.0948486328125 -0.15399169921875
0.0631484985351563 0.0837554931640625 0.01202392578125 -0.23138427734375
-0.0888595581054688 -0.0344390869140625 0.3629150390625 -0.13153076171875
-0.203094482421875 -0.133331298828125 0.60162353515625 0.1859130859375
-0.173751831054688 -0.212631225585938 0.4637451171875 0.556396484375
0.0237274169921875 -0.2406005859375 0.0704040527343751 0.535064697265625
0.205673217773438 -0.210479736328125 -0.0724945068359375 0.1815185546875
0.189956665039062 -0.214706420898437 0.14227294921875 -0.286346435546875
0.079010009765625 -0.2354736328125 0.1832275390625 -0.69842529296875
-0.0705413818359375 -0.263137817382813 -0.20501708984375 -0.70654296875
-0.145065307617188 -0.180862426757812 -0.495269775390625 -0.22161865234375
-0.0532188415527344 -0.0407142639160156 -0.41778564453125 0.191131591796875
0.0420074462890625 0.1121826171875 -0.114059448242188 0.225250244140625
0.061920166015625 0.211883544921875 0.00957489013671876 -0.0276241302490234
0.061248779296875 0.142471313476562 0.0490875244140625 0.150970458984375
0.066558837890625 0.119346618652344 -0.114967346191406 -0.1341552734375
0.0448532104492187 0.0942153930664063 -0.074188232421875 -0.218460083007813
-0.0427474975585937 0.015045166015625 0.278289794921875 -0.146209716796875
-0.129707336425781 -0.0695877075195313 0.6025390625 0.1329345703125
-0.130035400390625 -0.150527954101562 0.5494384765625 0.5235595703125
0.0132904052734375 -0.175094604492187 0.1290283203125 0.59149169921875
0.145889282226563 -0.151107788085937 -0.112350463867187 0.265029907226562
0.15118408203125 -0.14697265625 0.115692138671875 -0.19921875
0.0914306640625 -0.164886474609375 0.2523193359375 -0.64385986328125
-0.00679016113281249 -0.197830200195313 -0.10174560546875 -0.7607421875
-0.0880584716796875 -0.144332885742188 -0.478240966796875 -0.325103759765625
-0.0519638061523438 -0.0324020385742187 -0.481964111328125 0.141998291015625
0.00868988037109376 0.077850341796875 -0.178146362304688 0.249923706054687
0.0342864990234375 0.156204223632813 -0.00225257873535156 0.0231380462646484
0.023468017578125 0.0550537109375 0.0612335205078125 0.186859130859375
0.0105857849121094 0.0400276184082031 -0.115409851074219 -0.113235473632813
-0.006317138671875 0.0709609985351563 -0.112686157226563 -0.214889526367187
-0.0171585083007813 0.0457649230957031 0.231887817382813 -0.153411865234375
-0.0508918762207031 -0.00749588012695311 0.588134765625 0.12237548828125
-0.0532302856445313 -0.0772018432617187 0.58172607421875 0.52374267578125
0.0217742919921875 -0.0839080810546875 0.158935546875 0.62896728515625
0.0693130493164063 -0.0681877136230469 -0.12884521484375 0.311737060546875
0.0699539184570313 -0.0638084411621094 0.099365234375 -0.152938842773438
0.0540771484375 -0.076446533203125 0.268310546875 -0.611083984375
0.0284881591796875 -0.0949859619140625 -0.07110595703125 -0.77447509765625
-0.01507568359375 -0.0731735229492188 -0.47686767578125 -0.36822509765625
-0.0246849060058594 0.00169944763183594 -0.51654052734375 0.113800048828125
-0.0100746154785156 0.045196533203125 -0.210723876953125 0.263351440429688
0.00783538818359375 0.0864486694335938 -0.0122604370117187 0.0593986511230469
-0.0192298889160156 -0.0462875366210938 0.057952880859375 0.205307006835938
-0.0484657287597656 -0.0507965087890625 -0.101760864257812 -0.103446960449219
-0.06341552734375 0.0299873352050781 -0.09619140625 -0.220474243164063
0.00237655639648437 0.0665512084960937 0.239227294921875 -0.15826416015625
0.0275611877441406 0.0490074157714844 0.57293701171875 0.1483154296875
0.0290393829345703 0.00261306762695313 0.55474853515625 0.55584716796875
0.0315513610839844 0.0214385986328125 0.14495849609375 0.64569091796875
-0.0142745971679688 0.0263423919677734 -0.11871337890625 0.31585693359375
-0.0208644866943359 0.0251007080078125 0.109832763671875 -0.150665283203125
0.00988960266113281 0.0181941986083984 0.2462158203125 -0.6092529296875
0.0604515075683594 0.0212135314941406 -0.1158447265625 -0.7496337890625
0.0653457641601563 0.0138092041015625 -0.499786376953125 -0.340728759765625
0.0125236511230469 0.0426864624023438 -0.5238037109375 0.122802734375
-0.0232391357421875 0.00894737243652343 -0.208358764648437 0.273941040039063
-0.0166110992431641 0.00608062744140625 -0.0131683349609375 0.0732421875
-0.058624267578125 -0.139007568359375 0.0464019775390625 0.199844360351562
-0.096466064453125 -0.126266479492188 -0.0759506225585938 -0.104469299316406
-0.0938262939453125 -0.00418853759765624 -0.0299835205078125 -0.2308349609375
0.0374832153320313 0.0870819091796875 0.29302978515625 -0.1524658203125
0.09832763671875 0.105491638183594 0.552642822265625 0.21044921875
0.0871658325195313 0.0851211547851563 0.47052001953125 0.61273193359375
0.02294921875 0.125572204589844 0.0941162109374999 0.6351318359375
-0.0910491943359375 0.116485595703125 -0.08428955078125 0.275192260742188
-0.0823516845703125 0.1162109375 0.137847900390625 -0.196365356445313
0.00227355957031251 0.109992980957031 0.17291259765625 -0.63555908203125
0.114021301269531 0.1241455078125 -0.234619140625 -0.681640625
0.14056396484375 0.0818405151367187 -0.535614013671875 -0.239227294921875
0.0380096435546875 0.0629539489746094 -0.493377685546875 0.1671142578125
-0.0398750305175781 -0.0357627868652344 -0.167327880859375 0.275711059570313
-0.0407180786132813 -0.074981689453125 -0.00371551513671876 0.0639266967773438
-0.0866546630859375 -0.206298828125 0.0301513671875 0.172607421875
-0.118988037109375 -0.166549682617188 -0.035552978515625 -0.121803283691406
-0.0801773071289063 -0.0155563354492187 0.0722198486328125 -0.243896484375
0.0920181274414063 0.116134643554688 0.366607666015625 -0.11895751953125
0.146575927734375 0.16461181640625 0.505096435546875 0.313262939453125
0.099639892578125 0.16546630859375 0.3331298828125 0.67578125
-0.0131072998046875 0.2098388671875 0.02398681640625 0.5888671875
-0.148818969726562 0.188858032226563 -0.0307769775390625 0.197494506835937
-0.0941009521484375 0.197799682617188 0.15435791015625 -0.28033447265625
0.0470733642578125 0.183441162109375 0.04840087890625 -0.66290283203125
0.186233520507812 0.186935424804688 -0.384429931640625 -0.5618896484375
0.192367553710938 0.11163330078125 -0.551849365234375 -0.101165771484375
0.0374946594238281 0.0480079650878906 -0.420684814453125 0.215850830078125
-0.0668563842773438 -0.089599609375 -0.0955047607421875 0.263137817382813
-0.0623016357421875 -0.145050048828125 0.00817108154296875 0.0331859588623047
-0.0978851318359375 -0.23822021484375 0.0170745849609375 0.12921142578125
-0.109771728515625 -0.170745849609375 0.0194549560546875 -0.153488159179688
-0.0302219390869141 -0.00354385375976562 0.189437866210938 -0.247787475585937
0.142623901367188 0.152801513671875 0.431365966796875 -0.04345703125
0.1524658203125 0.2171630859375 0.415008544921875 0.4415283203125
0.0594940185546875 0.225006103515625 0.1641845703125 0.72308349609375
-0.06805419921875 0.258071899414063 -0.03790283203125 0.51043701171875
-0.179168701171875 0.2318115234375 0.0327377319335937 0.0935592651367188
-0.0658416748046875 0.251251220703125 0.13702392578125 -0.38153076171875
0.116043090820313 0.216659545898438 -0.1146240234375 -0.666259765625
0.24151611328125 0.200469970703125 -0.51678466796875 -0.41485595703125
0.196395874023438 0.10479736328125 -0.529998779296875 0.0267333984374999
0.00607633590698242 0.00294828414916992 -0.304656982421875 0.237823486328125
-0.09710693359375 -0.143264770507812 -0.0129241943359375 0.231460571289063
-0.076019287109375 -0.196075439453125 0.0166025161743164 -0.017298698425293
0.10186767578125 0.225692749023438 0.0179710388183594 0.0515022277832031
0.1190185546875 0.165054321289063 -0.05126953125 -0.184127807617188
0.0357093811035156 0.0472221374511719 0.131790161132812 -0.25433349609375
-0.14569091796875 -0.0850677490234375 0.454010009765625 -0.097076416015625
-0.241668701171875 -0.190048217773437 0.5635986328125 0.27490234375
-0.161270141601563 -0.256256103515625 0.32745361328125 0.599609375
0.0593719482421875 -0.270614624023438 0.00350952148437499 0.4599609375
0.236526489257813 -0.236770629882812 -0.01611328125 0.0761642456054687
0.173553466796875 -0.255203247070313 0.15155029296875 -0.3919677734375
0.017578125 -0.27044677734375 0.05499267578125 -0.73663330078125
-0.141860961914063 -0.273483276367188 -0.34625244140625 -0.59783935546875
-0.166000366210937 -0.171798706054688 -0.497528076171875 -0.0865783691406251
-0.0247173309326172 -0.0197219848632813 -0.323577880859375 0.24005126953125
0.0816192626953125 0.145767211914062 -0.0383453369140625 0.194534301757813
0.0845794677734375 0.237258911132813 0.02337646484375 -0.087066650390625
0.0901947021484375 0.203353881835937 0.0350494384765625 0.103416442871094
0.107986450195312 0.161865234375 -0.09539794921875 -0.153076171875
0.0622787475585938 0.0834884643554688 0.012786865234375 -0.230880737304687
-0.0889205932617187 -0.03424072265625 0.36322021484375 -0.131622314453125
-0.202835083007813 -0.132888793945312 0.6002197265625 0.18426513671875
-0.173126220703125 -0.211151123046875 0.4632568359375 0.5545654296875
0.02386474609375 -0.241195678710937 0.070556640625 0.532867431640625
0.204849243164063 -0.210800170898438 -0.0729217529296875 0.181610107421875
0.190048217773437 -0.2142333984375 0.141204833984375 -0.28521728515625
0.0789794921875 -0.23504638671875 0.18115234375 -0.69671630859375
-0.0703277587890625 -0.261672973632813 -0.20550537109375 -0.70465087890625
-0.145248413085937 -0.18011474609375 -0.496551513671875 -0.2215576171875
-0.0538825988769531 -0.0400276184082031 -0.417327880859375 0.19122314453125
0.041412353515625 0.111724853515625 -0.114273071289062 0.225418090820313
0.0628509521484375 0.210983276367187 0.00957870483398438 -0.0274200439453125
0.0630950927734375 0.141036987304687 0.048858642578125 0.148635864257813
0.067108154296875 0.118148803710938 -0.115737915039063 -0.134208679199219
0.0441513061523438 0.093353271484375 -0.073760986328125 -0.218170166015625
-0.0424270629882813 0.0153961181640625 0.278579711914063 -0.14666748046875
-0.129684448242187 -0.068206787109375 0.60028076171875 0.13140869140625
-0.12921142578125 -0.149078369140625 0.549652099609375 0.521759033203125
0.0134429931640625 -0.175247192382813 0.12811279296875 0.58917236328125
0.14654541015625 -0.151565551757813 -0.112655639648437 0.264816284179688
0.151077270507813 -0.146133422851563 0.115432739257813 -0.198562622070313
0.091400146484375 -0.16424560546875 0.24920654296875 -0.64031982421875
-0.00796508789062499 -0.196807861328125 -0.10504150390625 -0.7578125
-0.088287353515625 -0.144424438476563 -0.479095458984375 -0.3245849609375
-0.0523529052734375 -0.031402587890625 -0.480743408203125 0.142547607421875
0.00802612304687499 0.077545166015625 -0.177474975585938 0.248550415039063
0.034637451171875 0.155166625976563 -0.00158882141113281 0.0230007171630859
0.0244102478027344 0.0541801452636719 0.0607147216796875 0.1844482421875
0.0115585327148437 0.0394935607910156 -0.114906311035156 -0.113304138183594
-0.00648498535156249 0.0708465576171875 -0.111160278320312 -0.21435546875
-0.0172843933105469 0.0459556579589844 0.231887817382813 -0.153549194335938
-0.0507545471191406 -0.00685501098632813 0.587158203125 0.1204833984375
-0.0535736083984375 -0.0764694213867188 0.58135986328125 0.52105712890625
0.0219650268554687 -0.0839080810546875 0.1588134765625 0.6265869140625
0.0692176818847656 -0.0682449340820313 -0.128387451171875 0.31219482421875
0.0698165893554688 -0.0634193420410156 0.0979766845703125 -0.15228271484375
0.0538177490234375 -0.0759506225585938 0.26593017578125 -0.608154296875
0.0282058715820313 -0.0944137573242187 -0.0709228515625 -0.77276611328125
-0.0152740478515625 -0.0732803344726562 -0.478240966796875 -0.36669921875
-0.0241737365722656 0.00232505798339844 -0.517669677734375 0.113189697265625
-0.0107269287109375 0.0451850891113281 -0.210845947265625 0.262603759765625
0.00901031494140625 0.0862197875976563 -0.0120964050292969 0.0596466064453125
-0.0184593200683594 -0.0461692810058594 0.0583648681640625 0.202484130859375
-0.04791259765625 -0.0498313903808594 -0.101699829101563 -0.103706359863281
-0.0627975463867188 0.0302352905273437 -0.09564208984375 -0.219894409179688
0.0022735595703125 0.0657997131347656 0.238357543945313 -0.158981323242188
0.0273551940917969 0.0498313903808594 0.571533203125 0.14752197265625
0.0284938812255859 0.00302314758300781 0.55352783203125 0.553863525390625
0.0317974090576172 0.0210361480712891 0.14471435546875 0.643798828125
-0.0144996643066406 0.0264530181884766 -0.119049072265625 0.3153076171875
-0.0214138031005859 0.0250625610351563 0.109039306640625 -0.149627685546875
0.00923919677734375 0.01824951171875 0.2437744140625 -0.60614013671875
0.0603523254394531 0.0206489562988281 -0.11724853515625 -0.74774169921875
0.0648574829101563 0.0130996704101563 -0.499176025390625 -0.33880615234375
0.0125274658203125 0.0422782897949219 -0.523284912109375 0.123138427734375
-0.02276611328125 0.00934982299804688 -0.208251953125 0.273117065429688
-0.0162487030029297 0.00632762908935547 -0.01239013671875 0.0738677978515625
-0.056793212890625 -0.137741088867188 0.0465545654296875 0.197402954101562
-0.095794677734375 -0.125076293945313 -0.0757522583007812 -0.105537414550781
-0.0929183959960938 -0.00348663330078123 -0.0288848876953125 -0.230865478515625
0.0378875732421875 0.0864791870117188 0.29302978515625 -0.15283203125
0.0978469848632813 0.105087280273438 0.5511474609375 0.209442138671875
0.0867462158203125 0.0854873657226563 0.47003173828125 0.609375
0.0230484008789063 0.124588012695313 0.093505859375 0.63214111328125
-0.0909652709960937 0.116584777832031 -0.0839385986328125 0.27496337890625
-0.08209228515625 0.11541748046875 0.136276245117188 -0.1956787109375
0.00141143798828124 0.110931396484375 0.171630859375 -0.631591796875
0.11370849609375 0.123786926269531 -0.23516845703125 -0.67828369140625
0.140457153320313 0.0811386108398438 -0.536041259765625 -0.2386474609375
0.038848876953125 0.0628204345703125 -0.493408203125 0.16778564453125
-0.039764404296875 -0.0354881286621094 -0.1663818359375 0.27490234375
-0.0391998291015625 -0.07373046875 -0.00330352783203125 0.0644264221191406
-0.08624267578125 -0.20489501953125 0.0301666259765625 0.1712646484375
-0.11834716796875 -0.165374755859375 -0.0362625122070313 -0.121688842773438
-0.0789566040039062 -0.0153884887695313 0.072235107421875 -0.243392944335937
0.0918807983398438 0.114662170410156 0.366943359375 -0.118377685546875
0.146026611328125 0.163833618164063 0.504730224609375 0.311737060546875
0.0985870361328125 0.165252685546875 0.3349609375 0.67291259765625
-0.0134735107421875 0.209793090820313 0.0258178710937501 0.58648681640625
-0.148880004882813 0.1885986328125 -0.0310516357421875 0.196624755859375
-0.094757080078125 0.197723388671875 0.153091430664063 -0.279312133789063
0.045928955078125 0.182891845703125 0.0458984375 -0.65960693359375
0.186050415039063 0.18603515625 -0.384124755859375 -0.559967041015625
0.19244384765625 0.111251831054688 -0.552734375 -0.0990600585937501
0.0384368896484375 0.0477981567382813 -0.41937255859375 0.215118408203125
-0.065948486328125 -0.0888595581054687 -0.09552001953125 0.262374877929687
-0.0615692138671875 -0.144317626953125 0.00933456420898437 0.0332393646240234
-0.097442626953125 -0.236419677734375 0.01776123046875 0.12664794921875
-0.108230590820313 -0.168777465820312 0.018768310546875 -0.15460205078125
-0.0292148590087891 -0.00341606140136719 0.188949584960938 -0.2467041015625
0.142791748046875 0.151718139648438 0.4306640625 -0.04327392578125
0.152236938476563 0.216445922851563 0.41619873046875 0.43988037109375
0.0586090087890625 0.224441528320313 0.1650390625 0.72052001953125
-0.0685882568359375 0.257553100585938 -0.03729248046875 0.508514404296875
-0.178695678710938 0.231369018554688 0.0327301025390625 0.0934219360351563
-0.0652008056640625 0.250579833984375 0.136322021484375 -0.381317138671875
0.114120483398437 0.215988159179688 -0.116943359375 -0.66455078125
0.241668701171875 0.199386596679688 -0.516937255859375 -0.413665771484375
0.195388793945313 0.102813720703125 -0.52825927734375 0.02703857421875
0.0067896842956543 0.00246238708496094 -0.3046875 0.239166259765625
-0.0964508056640625 -0.142074584960938 -0.0122222900390625 0.231979370117188
-0.0753326416015625 -0.195159912109375 0.017460823059082 -0.016998291015625
0.102615356445313 0.2247314453125 0.0166282653808594 0.0509376525878906
0.118927001953125 0.1644287109375 -0.0521697998046875 -0.183380126953125
0.0348167419433594 0.0474777221679688 0.131744384765625 -0.253875732421875
-0.146026611328125 -0.084442138671875 0.454010009765625 -0.097503662109375
-0.241546630859375 -0.18896484375 0.5645751953125 0.27264404296875
-0.160842895507812 -0.255844116210937 0.32745361328125 0.59979248046875
0.0601959228515625 -0.27130126953125 0.00186157226562496 0.458984375
0.236557006835938 -0.237533569335937 -0.0165634155273437 0.0772476196289062
0.174346923828125 -0.255355834960938 0.1502685546875 -0.39068603515625
0.0180511474609375 -0.269744873046875 0.05352783203125 -0.7364501953125
-0.141098022460938 -0.272674560546875 -0.34503173828125 -0.59698486328125
-0.166839599609375 -0.17132568359375 -0.4990234375 -0.0854492187499999
-0.0258026123046875 -0.0191631317138672 -0.323211669921875 0.239898681640625
0.0811309814453125 0.144287109375 -0.038848876953125 0.193679809570312
0.08526611328125 0.236404418945313 0.023345947265625 -0.0860366821289062
0.0912628173828125 0.2022705078125 0.0348434448242188 0.1019287109375
0.1085205078125 0.1611328125 -0.0962371826171875 -0.152999877929688
0.0618057250976563 0.0836715698242188 0.0128021240234375 -0.231277465820313
-0.089630126953125 -0.0328903198242188 0.3642578125 -0.13214111328125
-0.202728271484375 -0.131210327148438 0.6007080078125 0.18292236328125
-0.172164916992187 -0.211196899414063 0.46246337890625 0.5531005859375
0.025360107421875 -0.241241455078125 0.07012939453125 0.53167724609375
0.205673217773438 -0.210235595703125 -0.073089599609375 0.181777954101562
0.190750122070313 -0.215164184570313 0.14068603515625 -0.28460693359375
0.079132080078125 -0.234512329101563 0.17987060546875 -0.69598388671875
-0.07110595703125 -0.261444091796875 -0.20758056640625 -0.70428466796875
-0.146881103515625 -0.179962158203125 -0.49725341796875 -0.220550537109375
-0.0548782348632812 -0.0402717590332031 -0.417205810546875 0.190826416015625
0.0406112670898438 0.11151123046875 -0.11444091796875 0.223785400390625
0.06329345703125 0.2098388671875 0.0103263854980469 -0.0265445709228515
0.063720703125 0.140121459960938 0.048431396484375 0.146469116210938
0.0671844482421875 0.117782592773437 -0.115493774414063 -0.134414672851562
0.044189453125 0.0930709838867188 -0.0732269287109375 -0.217926025390625
-0.0432586669921875 0.0161552429199219 0.279067993164063 -0.146682739257813
-0.129707336425781 -0.0674285888671875 0.60015869140625 0.13128662109375
-0.128494262695312 -0.1480712890625 0.548736572265625 0.519989013671875
0.0138702392578125 -0.175094604492188 0.1270751953125 0.5875244140625
0.146682739257813 -0.1513671875 -0.113067626953125 0.264846801757813
0.151153564453125 -0.14666748046875 0.114883422851563 -0.198135375976563
0.0906982421875 -0.164398193359375 0.24822998046875 -0.6396484375
-0.00796508789062499 -0.196807861328125 -0.10504150390625 -0.75775146484375
-0.088653564453125 -0.144195556640625 -0.479736328125 -0.3240966796875
-0.0525131225585937 -0.0318870544433594 -0.481964111328125 0.14154052734375
0.00738525390625001 0.077911376953125 -0.177810668945313 0.248687744140625
0.034637451171875 0.154998779296875 -0.00131607055664063 0.0239582061767578
0.0252342224121094 0.0541191101074219 0.0600128173828125 0.1824951171875
0.0115089416503906 0.0396919250488281 -0.115196228027344 -0.113914489746094
-0.00626373291015625 0.0711212158203125 -0.110260009765625 -0.214370727539062
-0.0178947448730469 0.0459136962890625 0.23291015625 -0.1536865234375
-0.0505714416503906 -0.00655364990234374 0.5872802734375 0.12066650390625
-0.0531005859375 -0.0752487182617188 0.58038330078125 0.5179443359375
0.0218353271484375 -0.0842132568359375 0.158447265625 0.62652587890625
0.0696983337402344 -0.0674972534179687 -0.1287841796875 0.3116455078125
0.069427490234375 -0.0636444091796875 0.0975189208984375 -0.15167236328125
0.0529937744140625 -0.0759201049804688 0.26531982421875 -0.60760498046875
0.0274810791015625 -0.0951309204101563 -0.07275390625 -0.770751953125
-0.0157089233398438 -0.07415771484375 -0.47918701171875 -0.366729736328125
-0.0247993469238281 0.00191307067871094 -0.517974853515625 0.113037109375
-0.011505126953125 0.0449638366699219 -0.210006713867187 0.261978149414063
0.00961303710937499 0.0861587524414062 -0.0124397277832031 0.0601654052734375
-0.0174293518066406 -0.0462265014648438 0.0579986572265625 0.199920654296875
-0.0471572875976563 -0.050048828125 -0.101387023925781 -0.104164123535156
-0.0622291564941406 0.0307807922363281 -0.09417724609375 -0.219711303710938
0.00230789184570312 0.0665092468261719 0.2393798828125 -0.158843994140625
0.0265159606933594 0.049041748046875 0.5716552734375 0.1456298828125
0.0284538269042969 0.0033416748046875 0.5540771484375 0.551300048828125
0.0316791534423828 0.0204315185546875 0.14337158203125 0.64251708984375
-0.0148944854736328 0.0263748168945313 -0.119110107421875 0.316741943359375
-0.0212955474853516 0.0257015228271484 0.108230590820313 -0.149917602539063
0.00815010070800781 0.0182533264160156 0.24200439453125 -0.6053466796875
0.0596389770507813 0.0204010009765625 -0.1195068359375 -0.74700927734375
0.0641975402832031 0.0122451782226562 -0.500274658203125 -0.3387451171875
0.0130233764648437 0.0421943664550781 -0.52490234375 0.122711181640625
-0.0225276947021484 0.00968742370605468 -0.20843505859375 0.2724609375
-0.0162382125854492 0.00580215454101562 -0.0121612548828125 0.0738067626953125
-0.0565567016601563 -0.136917114257812 0.046875 0.195220947265625
-0.0951309204101563 -0.123779296875 -0.07550048828125 -0.106292724609375
-0.0915069580078125 -0.00373077392578124 -0.0281524658203125 -0.230560302734375
0.03790283203125 0.0858230590820313 0.2923583984375 -0.15155029296875
0.097625732421875 0.105064392089844 0.550506591796875 0.209625244140625
0.086456298828125 0.0859909057617188 0.470458984375 0.6080322265625
0.0227127075195313 0.124481201171875 0.0939941406250001 0.63153076171875
-0.0909042358398438 0.1163330078125 -0.0845794677734375 0.275070190429688
-0.0822372436523438 0.115821838378906 0.135330200195313 -0.195327758789063
0.000740051269531249 0.110374450683594 0.169921875 -0.6317138671875
0.113510131835938 0.122703552246094 -0.2344970703125 -0.678466796875
0.140655517578125 0.0808868408203125 -0.537445068359375 -0.238189697265625
0.0396270751953125 0.0616950988769531 -0.49371337890625 0.167510986328125
-0.039215087890625 -0.0346832275390625 -0.166183471679687 0.274688720703125
-0.0398712158203125 -0.0737762451171875 -0.00228500366210937 0.0654449462890625
-0.084625244140625 -0.203521728515625 0.0299224853515625 0.169036865234375
-0.11761474609375 -0.16357421875 -0.0367050170898437 -0.123046875
-0.0779495239257813 -0.0150604248046875 0.073333740234375 -0.243011474609375
0.0922775268554688 0.114433288574219 0.367095947265625 -0.1185302734375
0.146270751953125 0.16339111328125 0.50567626953125 0.31201171875
0.09814453125 0.165817260742188 0.3345947265625 0.67279052734375
-0.0124969482421875 0.209381103515625 0.0264892578125 0.58544921875
-0.148757934570312 0.189239501953125 -0.0311126708984375 0.1962890625
-0.094268798828125 0.197357177734375 0.1522216796875 -0.278823852539063
0.0445556640625 0.182632446289063 0.0460205078125 -0.657958984375
0.185012817382813 0.18505859375 -0.385589599609375 -0.558349609375
0.192733764648438 0.11016845703125 -0.5533447265625 -0.09979248046875
0.0390052795410156 0.0473747253417969 -0.420166015625 0.214691162109375
-0.0660858154296875 -0.0877456665039063 -0.09454345703125 0.261199951171875
-0.0609893798828125 -0.143569946289063 0.0102558135986328 0.0335769653320312
-0.0953216552734375 -0.234359741210938 0.0168533325195312 0.125900268554687
-0.10748291015625 -0.167877197265625 0.0186767578125 -0.15484619140625
-0.0282802581787109 -0.00341033935546875 0.188888549804688 -0.24713134765625
0.142837524414063 0.150161743164063 0.430450439453125 -0.042388916015625
0.15142822265625 0.215728759765625 0.41534423828125 0.44024658203125
0.0583953857421875 0.225204467773438 0.166259765625 0.7200927734375
-0.06787109375 0.25726318359375 -0.037567138671875 0.508544921875
-0.1790771484375 0.2314453125 0.0328445434570312 0.092926025390625
-0.0664825439453125 0.250274658203125 0.135498046875 -0.381103515625
0.1131591796875 0.215728759765625 -0.11627197265625 -0.6646728515625
0.2410888671875 0.198760986328125 -0.51727294921875 -0.41351318359375
0.196151733398438 0.101638793945313 -0.529541015625 0.0269775390624999
0.00753307342529297 0.00302219390869141 -0.305633544921875 0.23980712890625
-0.0949859619140625 -0.140762329101563 -0.0121002197265625 0.231369018554688
-0.0749359130859375 -0.194091796875 0.0182762145996094 -0.015432357788086
0.103622436523437 0.2232666015625 0.0155830383300781 0.0494842529296875
0.11907958984375 0.16424560546875 -0.0528717041015625 -0.183364868164063
0.0337181091308594 0.0475234985351563 0.1324462890625 -0.254837036132813
-0.146942138671875 -0.083465576171875 0.45513916015625 -0.098052978515625
-0.241256713867187 -0.18792724609375 0.5643310546875 0.27484130859375
-0.159011840820312 -0.254974365234375 0.329345703125 0.59906005859375
0.0613555908203125 -0.2718505859375 0.00204467773437502 0.458984375
0.23779296875 -0.238235473632813 -0.0168304443359375 0.077392578125
0.1754150390625 -0.25567626953125 0.150238037109375 -0.390899658203125
0.01849365234375 -0.26971435546875 0.0532836914062499 -0.7364501953125
-0.141525268554688 -0.272872924804688 -0.3465576171875 -0.59716796875
-0.167694091796875 -0.171432495117188 -0.4996337890625 -0.0848388671875
-0.0262222290039062 -0.0186443328857422 -0.324249267578125 0.2393798828125
0.07977294921875 0.14422607421875 -0.0387725830078125 0.193344116210938
0.085784912109375 0.236129760742188 0.0229034423828125 -0.0852127075195312
0.0924835205078125 0.2003173828125 0.0332260131835938 0.100181579589844
0.108291625976563 0.160934448242188 -0.0960540771484375 -0.15374755859375
0.0612945556640625 0.08306884765625 0.01324462890625 -0.232513427734375
-0.0902786254882812 -0.0331802368164063 0.3646240234375 -0.132965087890625
-0.20263671875 -0.130035400390625 0.6004638671875 0.18267822265625
-0.171539306640625 -0.211288452148438 0.463775634765625 0.55328369140625
0.026458740234375 -0.2421875 0.0692749023437499 0.531982421875
0.206375122070313 -0.211761474609375 -0.0738525390625 0.182479858398438
0.19012451171875 -0.214584350585937 0.139892578125 -0.284454345703125
0.079925537109375 -0.234222412109375 0.178466796875 -0.69500732421875
-0.0709075927734375 -0.261199951171875 -0.208984375 -0.70428466796875
-0.147445678710938 -0.179214477539062 -0.499176025390625 -0.22088623046875
-0.0555343627929688 -0.039764404296875 -0.41790771484375 0.190673828125
0.0391845703125 0.111663818359375 -0.114959716796875 0.223846435546875
0.0629425048828125 0.209915161132813 0.009979248046875 -0.0254669189453125
0.0649948120117188 0.139076232910156 0.0465087890625 0.144821166992187
0.0674896240234375 0.11761474609375 -0.116645812988281 -0.134208679199219
0.0439453125 0.093475341796875 -0.0721435546875 -0.219192504882813
-0.0433616638183594 0.0160179138183594 0.279647827148438 -0.147018432617188
-0.129493713378906 -0.0666656494140625 0.6004638671875 0.13153076171875
-0.128753662109375 -0.147750854492188 0.54998779296875 0.52099609375
0.0142059326171875 -0.175933837890625 0.12652587890625 0.58807373046875
0.146942138671875 -0.151779174804688 -0.112823486328125 0.265762329101562
0.151885986328125 -0.146530151367188 0.113082885742188 -0.19757080078125
0.0906982421875 -0.164199829101563 0.24700927734375 -0.64044189453125
-0.008209228515625 -0.196929931640625 -0.10601806640625 -0.75726318359375
-0.0885772705078125 -0.14434814453125 -0.481048583984375 -0.32354736328125
-0.0537147521972656 -0.0312690734863281 -0.482269287109375 0.141693115234375
0.0067596435546875 0.0774612426757813 -0.177886962890625 0.24786376953125
0.0355987548828125 0.154861450195312 -0.00184059143066406 0.0246467590332031
0.0263786315917969 0.053863525390625 0.059661865234375 0.179794311523437
0.0120048522949219 0.0397186279296875 -0.115409851074219 -0.114463806152344
-0.00568389892578125 0.0708541870117187 -0.110198974609375 -0.2147216796875
-0.0173110961914063 0.0461044311523438 0.234176635742188 -0.154129028320313
-0.0509910583496094 -0.00608062744140624 0.588134765625 0.119873046875
-0.05303955078125 -0.0751571655273438 0.5816650390625 0.51971435546875
0.0223388671875 -0.0845489501953125 0.15753173828125 0.6248779296875
0.0694084167480469 -0.0682334899902344 -0.12921142578125 0.313446044921875
0.0697669982910156 -0.0640907287597656 0.097320556640625 -0.151901245117188
0.0527114868164062 -0.0758514404296875 0.26434326171875 -0.60736083984375
0.027679443359375 -0.0948257446289063 -0.0740966796875 -0.7703857421875
-0.0161666870117188 -0.0738983154296875 -0.47979736328125 -0.366668701171875
-0.0247573852539063 0.00234603881835937 -0.517669677734375 0.113128662109375
-0.0118980407714844 0.0448417663574219 -0.211746215820313 0.262054443359375
0.00969696044921874 0.086181640625 -0.010986328125 0.0608291625976563
-0.0160408020019531 -0.0456314086914063 0.05780029296875 0.197525024414063
-0.046966552734375 -0.0488739013671875 -0.101318359375 -0.104782104492188
-0.0619049072265625 0.0303688049316406 -0.093048095703125 -0.2196044921875
0.0026397705078125 0.0665435791015625 0.240524291992188 -0.158477783203125
0.0266647338867187 0.0493049621582031 0.5721435546875 0.1458740234375
0.0281410217285156 0.00350189208984375 0.5538330078125 0.552825927734375
0.0314559936523438 0.0199489593505859 0.14361572265625 0.6417236328125
-0.0145683288574219 0.0262813568115234 -0.119232177734375 0.31658935546875
-0.020843505859375 0.0254154205322266 0.107330322265625 -0.1494140625
0.00740242004394531 0.0187549591064453 0.24212646484375 -0.60516357421875
0.0595626831054688 0.0201454162597656 -0.11767578125 -0.74639892578125
0.0636444091796875 0.0120010375976563 -0.503631591796875 -0.3394775390625
0.0135078430175781 0.0417442321777344 -0.526458740234375 0.12298583984375
-0.0227870941162109 0.00911903381347656 -0.208343505859375 0.272491455078125
-0.0152082443237305 0.00626182556152344 -0.0115890502929688 0.0742263793945313
-0.054901123046875 -0.136672973632813 0.0457000732421875 0.193130493164063
-0.0947494506835938 -0.122779846191406 -0.0754776000976563 -0.107246398925781
-0.0916671752929688 -0.00357055664062498 -0.027008056640625 -0.2305908203125
0.0381698608398438 0.0851364135742188 0.29345703125 -0.152130126953125
0.0969009399414063 0.105644226074219 0.552093505859375 0.20941162109375
0.0857620239257813 0.086517333984375 0.470458984375 0.60809326171875
0.0233383178710937 0.123802185058594 0.09423828125 0.62908935546875
-0.0911941528320313 0.116874694824219 -0.0852813720703125 0.275741577148438
-0.0830841064453125 0.116012573242188 0.135330200195313 -0.195236206054688
-0.00020599365234375 0.110496520996094 0.16998291015625 -0.63140869140625
0.112823486328125 0.12286376953125 -0.23651123046875 -0.67816162109375
0.140609741210938 0.080108642578125 -0.53912353515625 -0.238677978515625
0.0394744873046875 0.0615158081054688 -0.494537353515625 0.16650390625
-0.03875732421875 -0.0340957641601563 -0.166519165039063 0.274368286132813
-0.038848876953125 -0.073028564453125 -0.00180053710937501 0.0654983520507812
-0.0840606689453125 -0.201919555664062 0.030303955078125 0.167236328125
-0.11639404296875 -0.162322998046875 -0.0367660522460938 -0.123359680175781
-0.0767364501953125 -0.0146865844726563 0.07415771484375 -0.243194580078125
0.0934600830078125 0.113632202148438 0.366851806640625 -0.117889404296875
0.145416259765625 0.16326904296875 0.505706787109375 0.31195068359375
0.0978546142578125 0.166488647460938 0.33526611328125 0.67254638671875
-0.0128631591796875 0.208908081054688 0.02545166015625 0.58502197265625
-0.150100708007812 0.189468383789063 -0.03167724609375 0.197006225585938
-0.095001220703125 0.197738647460937 0.151824951171875 -0.279022216796875
0.0434722900390625 0.182693481445313 0.045166015625 -0.65899658203125
0.184585571289063 0.18505859375 -0.385772705078125 -0.55908203125
0.192245483398438 0.109146118164063 -0.556182861328125 -0.0997009277343751
0.03973388671875 0.0471534729003906 -0.422027587890625 0.216522216796875
-0.0658645629882813 -0.087310791015625 -0.0955352783203125 0.261520385742188
-0.06048583984375 -0.143310546875 0.0107402801513672 0.0344600677490234
-0.094512939453125 -0.232940673828125 0.0169143676757812 0.12432861328125
-0.107086181640625 -0.166168212890625 0.0185546875 -0.156265258789063
-0.0277957916259766 -0.00364685058593749 0.190048217773438 -0.246429443359375
0.142745971679688 0.1502685546875 0.430389404296875 -0.042144775390625
0.151321411132812 0.21630859375 0.416107177734375 0.442413330078125
0.0572052001953125 0.225799560546875 0.1663818359375 0.71942138671875
-0.069091796875 0.257003784179688 -0.0377197265625 0.507965087890625
-0.179901123046875 0.2320556640625 0.0319976806640625 0.0931320190429688
-0.0671539306640625 0.250259399414063 0.134979248046875 -0.3812255859375
0.111541748046875 0.215545654296875 -0.1170654296875 -0.6641845703125
0.241485595703125 0.198043823242188 -0.518890380859375 -0.411468505859375
0.196075439453125 0.101455688476563 -0.52996826171875 0.0273742675781249
0.00771093368530273 0.00237178802490234 -0.30682373046875 0.239532470703125
-0.0951385498046875 -0.140625 -0.011749267578125 0.231399536132813
-0.0749969482421875 -0.19378662109375 0.0194015502929688 -0.0150222778320313
0.104537963867188 0.22259521484375 0.0146331787109375 0.0492057800292969
0.119430541992188 0.164108276367188 -0.0533905029296875 -0.183700561523438
0.033355712890625 0.0484390258789063 0.13311767578125 -0.256301879882812
-0.147171020507813 -0.083709716796875 0.456512451171875 -0.09808349609375
-0.241470336914062 -0.187713623046875 0.56707763671875 0.2742919921875
-0.158599853515625 -0.25616455078125 0.330810546875 0.59881591796875
0.0622406005859375 -0.272979736328125 0.001739501953125 0.46014404296875
0.238967895507813 -0.2392578125 -0.0171279907226562 0.0783233642578125
0.176513671875 -0.257217407226563 0.15130615234375 -0.392059326171875
0.0193023681640625 -0.26971435546875 0.053955078125 -0.73779296875
-0.142501831054688 -0.273056030273437 -0.34857177734375 -0.59881591796875
-0.168838500976562 -0.1717529296875 -0.502532958984375 -0.0846252441406251
-0.0269565582275391 -0.0182247161865234 -0.325286865234375 0.240447998046875
0.078643798828125 0.144851684570313 -0.0388946533203125 0.193695068359375
0.0858001708984375 0.235122680664063 0.02398681640625 -0.0843429565429687
0.0935211181640625 0.2003173828125 0.0323715209960938 0.0992431640625
0.108596801757813 0.160232543945313 -0.09661865234375 -0.153915405273438
0.0607223510742187 0.0835647583007813 0.014251708984375 -0.233505249023438
-0.0909576416015625 -0.032470703125 0.365478515625 -0.1337890625
-0.202301025390625 -0.12982177734375 0.60125732421875 0.1826171875
-0.170974731445312 -0.211090087890625 0.4656982421875 0.55401611328125
0.0261688232421875 -0.243118286132813 0.06927490234375 0.5325927734375
0.2078857421875 -0.21160888671875 -0.0747833251953125 0.183883666992188
0.191741943359375 -0.215667724609375 0.140045166015625 -0.28466796875
0.0796356201171875 -0.233810424804688 0.177978515625 -0.69573974609375
-0.0714263916015625 -0.26226806640625 -0.2093505859375 -0.70623779296875
-0.148101806640625 -0.179885864257813 -0.501251220703125 -0.22149658203125
-0.0559501647949219 -0.0394439697265625 -0.419769287109375 0.19158935546875
0.0387344360351563 0.1121826171875 -0.115478515625 0.223861694335938
0.0637969970703125 0.2095947265625 0.0108566284179688 -0.0254688262939453
0.0658493041992188 0.138511657714844 0.045745849609375 0.144134521484375
0.0677261352539063 0.117683410644531 -0.11639404296875 -0.135658264160156
0.0440216064453125 0.0932083129882813 -0.072113037109375 -0.220199584960937
-0.0433311462402344 0.0160751342773438 0.28131103515625 -0.14739990234375
-0.129959106445313 -0.0661468505859375 0.60174560546875 0.1312255859375
-0.127883911132812 -0.148117065429688 0.55108642578125 0.5208740234375
0.0155029296875 -0.177276611328125 0.125732421875 0.58978271484375
0.147003173828125 -0.152542114257813 -0.114456176757813 0.267120361328125
0.153182983398438 -0.146743774414063 0.114303588867188 -0.197784423828125
0.0905609130859375 -0.16357421875 0.2484130859375 -0.64202880859375
-0.00836181640625001 -0.197555541992188 -0.10687255859375 -0.7593994140625
-0.0896759033203125 -0.144500732421875 -0.48486328125 -0.324554443359375
-0.0538482666015625 -0.0316619873046875 -0.48455810546875 0.1412353515625
0.00621032714843751 0.0776214599609375 -0.179092407226563 0.24786376953125
0.0354766845703125 0.154983520507813 -0.00119972229003906 0.0245685577392578
0.0278244018554688 0.0528564453125 0.0586700439453125 0.178878784179688
0.0130043029785156 0.0401077270507813 -0.115730285644531 -0.114707946777344
-0.00579071044921875 0.0709457397460938 -0.109451293945312 -0.2149658203125
-0.0176658630371094 0.0457878112792969 0.234970092773438 -0.154556274414063
-0.0515518188476562 -0.00575256347656249 0.5902099609375 0.1197509765625
-0.052886962890625 -0.0746688842773438 0.5810546875 0.52044677734375
0.0232925415039062 -0.08538818359375 0.1566162109375 0.62664794921875
0.069671630859375 -0.068634033203125 -0.12994384765625 0.3135986328125
0.0702781677246094 -0.0639419555664063 0.0965728759765625 -0.151519775390625
0.0525436401367188 -0.0749740600585938 0.26409912109375 -0.6075439453125
0.0273818969726562 -0.0951309204101563 -0.07440185546875 -0.773193359375
-0.0162582397460938 -0.074127197265625 -0.483306884765625 -0.367889404296875
-0.0251178741455078 0.00168800354003906 -0.5206298828125 0.113311767578125
-0.01226806640625 0.044342041015625 -0.21221923828125 0.261886596679688
0.01019287109375 0.08587646484375 -0.0109977722167969 0.0606765747070313
-0.0150833129882812 -0.0457763671875 0.0572357177734375 0.1964111328125
-0.0466041564941406 -0.0485000610351563 -0.101387023925781 -0.1064453125
-0.0604476928710938 0.0307807922363281 -0.092437744140625 -0.22119140625
0.00287246704101562 0.0656356811523438 0.241989135742188 -0.15936279296875
0.02728271484375 0.0503044128417969 0.57403564453125 0.144775390625
0.0285758972167969 0.00465774536132813 0.5537109375 0.551666259765625
0.0319232940673828 0.0201339721679688 0.14288330078125 0.64312744140625
-0.0146865844726562 0.0263938903808594 -0.120269775390625 0.31781005859375
-0.0210437774658203 0.0255470275878906 0.1070556640625 -0.149276733398438
0.00678253173828125 0.0187530517578125 0.24005126953125 -0.60565185546875
0.0589370727539063 0.0206756591796875 -0.12005615234375 -0.74652099609375
0.0644569396972656 0.0117111206054688 -0.50384521484375 -0.340606689453125
0.0133819580078125 0.0419273376464844 -0.5279541015625 0.122039794921875
-0.0232086181640625 0.00978279113769531 -0.209579467773437 0.272415161132813
-0.0152273178100586 0.00650691986083984 -0.011199951171875 0.0757827758789063
-0.05426025390625 -0.136032104492188 0.046295166015625 0.1917724609375
-0.09423828125 -0.122215270996094 -0.0751266479492187 -0.108062744140625
-0.090423583984375 -0.00309753417968752 -0.0255584716796875 -0.230712890625
0.0392532348632813 0.0845794677734375 0.2955322265625 -0.151702880859375
0.0973587036132813 0.105865478515625 0.55322265625 0.210601806640625
0.0860748291015625 0.08709716796875 0.470458984375 0.60955810546875
0.0231094360351562 0.124107360839844 0.0940551757812499 0.63153076171875
-0.0921401977539063 0.117218017578125 -0.0857391357421875 0.27667236328125
-0.0836639404296875 0.116661071777344 0.13507080078125 -0.195343017578125
-0.00119018554687499 0.111534118652344 0.16802978515625 -0.633544921875
0.112571716308594 0.12255859375 -0.2366943359375 -0.6795654296875
0.140510559082031 0.0795974731445313 -0.541839599609375 -0.238922119140625
0.0402755737304688 0.061431884765625 -0.498382568359375 0.166229248046875
-0.0390052795410156 -0.0339889526367188 -0.166946411132813 0.275039672851563
-0.0387725830078125 -0.0727081298828125 -0.00125885009765625 0.0664215087890625
-0.082855224609375 -0.202606201171875 0.029510498046875 0.16680908203125
-0.116363525390625 -0.161712646484375 -0.0370712280273438 -0.124504089355469
-0.07598876953125 -0.0152130126953125 0.0751953125 -0.244140625
0.0939407348632812 0.113067626953125 0.369110107421875 -0.11810302734375
0.145278930664063 0.164337158203125 0.507965087890625 0.313018798828125
0.096923828125 0.1671142578125 0.337158203125 0.67352294921875
-0.0131378173828125 0.208877563476563 0.02374267578125 0.58551025390625
-0.150115966796875 0.190353393554688 -0.0315704345703125 0.197677612304688
-0.0962066650390625 0.197891235351562 0.152084350585937 -0.279708862304688
0.04278564453125 0.183685302734375 0.0450439453125 -0.6591796875
0.185302734375 0.185302734375 -0.386474609375 -0.560699462890625
0.193069458007812 0.109146118164062 -0.55706787109375 -0.100250244140625
0.0400314331054688 0.0469779968261719 -0.423065185546875 0.216156005859375
-0.0657272338867188 -0.0872268676757813 -0.0951080322265625 0.262283325195313
-0.060394287109375 -0.142868041992188 0.0111007690429688 0.0352630615234375
-0.0940399169921875 -0.232269287109375 0.0164794921875 0.123214721679687
-0.106903076171875 -0.165115356445313 0.0180511474609375 -0.156051635742188
-0.0268020629882813 -0.00281333923339844 0.191299438476563 -0.248077392578125
0.14312744140625 0.150115966796875 0.43218994140625 -0.041900634765625
0.151077270507813 0.216506958007813 0.418304443359375 0.442596435546875
0.056365966796875 0.226547241210938 0.16668701171875 0.7220458984375
-0.0687255859375 0.257308959960938 -0.037353515625 0.5081787109375
-0.180816650390625 0.233154296875 0.0322265625 0.093292236328125
-0.0675201416015625 0.251571655273438 0.135711669921875 -0.381805419921875
0.111480712890625 0.216552734375 -0.11724853515625 -0.6644287109375
0.240631103515625 0.197280883789063 -0.518585205078125 -0.41461181640625
0.196823120117187 0.100387573242187 -0.5338134765625 0.0286865234375001
0.00849390029907227 0.00278520584106445 -0.308258056640625 0.24072265625
-0.094940185546875 -0.139701843261719 -0.0116424560546875 0.231674194335938
-0.0742340087890625 -0.193222045898438 0.0199451446533203 -0.0146465301513672
0.10552978515625 0.221954345703125 0.013702392578125 0.0483627319335938
0.119552612304688 0.163787841796875 -0.0547027587890625 -0.184173583984375
0.0335044860839844 0.0486259460449219 0.133529663085938 -0.2579345703125
-0.148208618164063 -0.0835418701171875 0.45977783203125 -0.10064697265625
-0.242172241210938 -0.187591552734375 0.56903076171875 0.276123046875
-0.157989501953125 -0.25701904296875 0.3316650390625 0.6014404296875
0.0635833740234375 -0.275741577148438 0.00161743164062501 0.461029052734375
0.240158081054688 -0.241165161132813 -0.0180435180664062 0.0778732299804687
0.17718505859375 -0.25811767578125 0.151336669921875 -0.39263916015625
0.0197296142578125 -0.271026611328125 0.0523681640625 -0.73907470703125
-0.143630981445313 -0.273681640625 -0.35089111328125 -0.60198974609375
-0.170654296875 -0.171417236328125 -0.505279541015625 -0.0852966308593751
-0.0281505584716797 -0.0176334381103516 -0.32830810546875 0.241241455078125
0.0789947509765625 0.145721435546875 -0.0399322509765625 0.193771362304688
0.08685302734375 0.236038208007812 0.0238037109375 -0.0844802856445312
0.0941162109375 0.19952392578125 0.0311737060546875 0.0986709594726563
0.10894775390625 0.16064453125 -0.0970916748046875 -0.154251098632813
0.0608062744140625 0.0836868286132813 0.014404296875 -0.234848022460938
-0.091033935546875 -0.0324935913085937 0.3675537109375 -0.135162353515625
-0.203521728515625 -0.129837036132813 0.60540771484375 0.18280029296875
-0.170516967773438 -0.211578369140625 0.467071533203125 0.55615234375
0.0270538330078125 -0.2452392578125 0.068572998046875 0.535736083984375
0.20904541015625 -0.213912963867188 -0.0753173828125 0.18536376953125
0.19293212890625 -0.216461181640625 0.139923095703125 -0.28546142578125
0.0804595947265625 -0.235076904296875 0.177978515625 -0.70062255859375
-0.071624755859375 -0.262435913085938 -0.2119140625 -0.70989990234375
-0.14996337890625 -0.180618286132812 -0.50555419921875 -0.220245361328125
-0.0570831298828125 -0.03887939453125 -0.42169189453125 0.192108154296875
0.037628173828125 0.111961364746094 -0.116531372070312 0.22430419921875
0.0646820068359375 0.209640502929688 0.0112972259521484 -0.0250453948974609
0.06671142578125 0.138107299804688 0.0453033447265625 0.142440795898438
0.06890869140625 0.117164611816406 -0.117706298828125 -0.135200500488281
0.0440444946289062 0.0938644409179687 -0.0715789794921875 -0.2213134765625
-0.0442161560058594 0.0163688659667969 0.282806396484375 -0.14935302734375
-0.130203247070313 -0.0653533935546875 0.6048583984375 0.13165283203125
-0.128082275390625 -0.148162841796875 0.55328369140625 0.521575927734375
0.01605224609375 -0.178390502929688 0.126220703125 0.59088134765625
0.148712158203125 -0.153472900390625 -0.115463256835938 0.26849365234375
0.152877807617187 -0.147781372070313 0.11346435546875 -0.1982421875
0.0907745361328125 -0.164016723632813 0.24688720703125 -0.6439208984375
-0.008941650390625 -0.198532104492188 -0.108154296875 -0.76171875
-0.090545654296875 -0.144821166992188 -0.488128662109375 -0.324951171875
-0.0543403625488281 -0.030731201171875 -0.48681640625 0.142486572265625
0.00572967529296875 0.0776290893554687 -0.18096923828125 0.248779296875
0.03680419921875 0.155075073242188 -0.000724792480468745 0.0251693725585938
0.0284919738769531 0.0521163940429687 0.05816650390625 0.17742919921875
0.0132484436035156 0.03985595703125 -0.116348266601563 -0.116035461425781
-0.00550079345703125 0.0714492797851563 -0.108871459960938 -0.216949462890625
-0.0174789428710937 0.04632568359375 0.237838745117187 -0.155792236328125
-0.0514602661132813 -0.00478363037109375 0.591796875 0.11871337890625
-0.0525894165039063 -0.0740509033203125 0.5855712890625 0.52227783203125
0.0231246948242188 -0.0859527587890625 0.15887451171875 0.62957763671875
0.0701179504394531 -0.0683937072753906 -0.1317138671875 0.316009521484375
0.07012939453125 -0.0640144348144531 0.0963592529296875 -0.152206420898437
0.0523300170898438 -0.0755538940429688 0.26348876953125 -0.6090087890625
0.027557373046875 -0.095428466796875 -0.0765380859375 -0.775634765625
-0.0168914794921875 -0.0742034912109375 -0.48687744140625 -0.369384765625
-0.0254535675048828 0.00235176086425781 -0.523712158203125 0.113555908203125
-0.0129814147949219 0.0453453063964844 -0.2138671875 0.2628173828125
0.0107269287109375 0.0861282348632813 -0.0105438232421875 0.0618247985839844
-0.0144424438476563 -0.0457954406738281 0.056976318359375 0.195556640625
-0.0463714599609375 -0.0486640930175781 -0.1024169921875 -0.107315063476563
-0.0604705810546875 0.0310020446777344 -0.0917205810546875 -0.221603393554688
0.00363922119140625 0.0661354064941406 0.243682861328125 -0.160369873046875
0.0266952514648438 0.0505218505859375 0.57666015625 0.14471435546875
0.0281352996826172 0.0046234130859375 0.558197021484375 0.5531005859375
0.0323085784912109 0.0200614929199219 0.14385986328125 0.646240234375
-0.0149669647216797 0.0269794464111328 -0.12066650390625 0.320037841796875
-0.0215263366699219 0.0260200500488281 0.106826782226563 -0.149215698242188
0.00616645812988281 0.0189056396484375 0.24078369140625 -0.6077880859375
0.0591049194335938 0.0206489562988281 -0.120849609375 -0.74871826171875
0.0640602111816406 0.0109748840332031 -0.509368896484375 -0.340576171875
0.0132331848144531 0.0415687561035156 -0.53204345703125 0.12384033203125
-0.0235843658447266 0.0104160308837891 -0.21099853515625 0.27386474609375
-0.0143766403198242 0.0067901611328125 -0.0107192993164063 0.0754013061523438
-0.0538177490234375 -0.13671875 0.0456695556640625 0.190093994140625
-0.0936660766601563 -0.12152099609375 -0.075897216796875 -0.109336853027344
-0.0900650024414063 -0.0031585693359375 -0.025482177734375 -0.232589721679688
0.0392303466796875 0.0844268798828125 0.297271728515625 -0.15301513671875
0.0978012084960937 0.106422424316406 0.557220458984375 0.210296630859375
0.0863037109375 0.0874252319335938 0.47381591796875 0.61138916015625
0.0237655639648438 0.124244689941406 0.09344482421875 0.63323974609375
-0.0920257568359375 0.117576599121094 -0.0863189697265625 0.278213500976563
-0.0844802856445312 0.118072509765625 0.134078979492188 -0.195632934570313
-0.00222778320312501 0.111701965332031 0.16815185546875 -0.63433837890625
0.113265991210938 0.122688293457031 -0.2384033203125 -0.68109130859375
0.140762329101563 0.078826904296875 -0.547393798828125 -0.239776611328125
0.0406570434570312 0.0613899230957031 -0.5009765625 0.169525146484375
-0.0383720397949219 -0.0341987609863281 -0.168136596679688 0.274765014648438
-0.037872314453125 -0.0729141235351563 -0.000495910644531249 0.0666389465332031
-0.08221435546875 -0.2021484375 0.0291748046875 0.164657592773438
-0.116500854492188 -0.162704467773438 -0.03741455078125 -0.125740051269531
-0.0754318237304688 -0.0144500732421875 0.0764007568359375 -0.244674682617187
0.0941543579101563 0.112884521484375 0.371246337890625 -0.118560791015625
0.145797729492188 0.164764404296875 0.510467529296875 0.3150634765625
0.096282958984375 0.168304443359375 0.33831787109375 0.675537109375
-0.0135498046875 0.209518432617188 0.02484130859375 0.58746337890625
-0.15142822265625 0.191207885742187 -0.0323944091796875 0.198410034179688
-0.096771240234375 0.199066162109375 0.151626586914063 -0.28106689453125
0.0416259765625 0.184555053710938 0.0438232421875001 -0.66131591796875
0.186111450195313 0.185272216796875 -0.38934326171875 -0.562255859375
0.193832397460938 0.108245849609375 -0.5626220703125 -0.1004638671875
0.0409278869628906 0.04669189453125 -0.427703857421875 0.2166748046875
-0.06494140625 -0.0870208740234375 -0.09503173828125 0.2630615234375
-0.05987548828125 -0.1434326171875 0.0123252868652344 0.0356559753417969
-0.0932159423828125 -0.232467651367187 0.0160903930664063 0.122688293457031
-0.105712890625 -0.164535522460938 0.01751708984375 -0.15789794921875
-0.0256614685058594 -0.00306892395019531 0.193038940429688 -0.248916625976563
0.143539428710938 0.149673461914063 0.43524169921875 -0.0411376953125
0.151535034179688 0.217071533203125 0.42022705078125 0.443145751953125
0.056121826171875 0.227706909179687 0.168701171875 0.72442626953125
-0.070343017578125 0.258712768554688 -0.037109375 0.510101318359375
-0.18182373046875 0.23406982421875 0.0313186645507812 0.0938034057617188
-0.0682830810546875 0.252700805664063 0.134796142578125 -0.3826904296875
0.110092163085938 0.217056274414063 -0.12054443359375 -0.6666259765625
0.2420654296875 0.19805908203125 -0.522491455078125 -0.414520263671875
0.1978759765625 0.099853515625 -0.537353515625 0.0291748046875
0.00922203063964844 0.00237178802490234 -0.3106689453125 0.241973876953125
-0.0947494506835938 -0.1392822265625 -0.0111236572265625 0.231903076171875
-0.0741424560546875 -0.194198608398437 0.020904541015625 -0.0135650634765625
0.10693359375 0.2216796875 0.0124740600585938 0.0478172302246094
0.12042236328125 0.163742065429688 -0.0555877685546875 -0.184478759765625
0.0330314636230469 0.0489349365234375 0.13409423828125 -0.260162353515625
-0.14984130859375 -0.083099365234375 0.462615966796875 -0.101654052734375
-0.243881225585937 -0.18804931640625 0.57269287109375 0.2760009765625
-0.158432006835937 -0.258529663085938 0.33624267578125 0.60296630859375
0.06402587890625 -0.277603149414062 0.00158691406250005 0.464141845703125
0.242095947265625 -0.243118286132813 -0.0184402465820312 0.079315185546875
0.178741455078125 -0.260299682617188 0.151092529296875 -0.394317626953125
0.0197906494140625 -0.271774291992188 0.0503540039062501 -0.74554443359375
-0.144729614257813 -0.275253295898437 -0.35284423828125 -0.60400390625
-0.171951293945313 -0.171539306640625 -0.5106201171875 -0.0858154296875001
-0.0284252166748047 -0.0177936553955078 -0.33050537109375 0.2432861328125
0.0782928466796875 0.145645141601563 -0.0398712158203125 0.19451904296875
0.0875701904296875 0.236572265625 0.0241546630859375 -0.0838775634765625
0.0959930419921875 0.198837280273438 0.030609130859375 0.0979461669921875
0.110061645507813 0.160842895507813 -0.098907470703125 -0.155014038085938
0.06085205078125 0.0845260620117188 0.0140380859375 -0.237030029296875
-0.0926055908203125 -0.0320663452148437 0.37115478515625 -0.136566162109375
-0.204696655273437 -0.129165649414063 0.609619140625 0.18341064453125
-0.170578002929687 -0.212615966796875 0.470733642578125 0.556610107421875
0.0276947021484375 -0.247314453125 0.06878662109375 0.538360595703125
0.210693359375 -0.215850830078125 -0.076568603515625 0.186859130859375
0.194778442382813 -0.218353271484375 0.14019775390625 -0.286651611328125
0.0809173583984375 -0.236358642578125 0.17626953125 -0.7022705078125
-0.0719757080078125 -0.263839721679688 -0.21337890625 -0.7132568359375
-0.150344848632813 -0.180862426757812 -0.509490966796875 -0.221710205078125
-0.0583572387695313 -0.0386810302734375 -0.425262451171875 0.194305419921875
0.0373916625976562 0.112129211425781 -0.117965698242188 0.224853515625
0.065032958984375 0.210052490234375 0.0110073089599609 -0.0240821838378906
0.067352294921875 0.137428283691406 0.044921875 0.141921997070312
0.0694580078125 0.117713928222656 -0.119255065917969 -0.136360168457031
0.04461669921875 0.093994140625 -0.071319580078125 -0.223876953125
-0.0444450378417969 0.0162315368652344 0.28509521484375 -0.150390625
-0.131271362304688 -0.066131591796875 0.6077880859375 0.13067626953125
-0.128097534179688 -0.14886474609375 0.55804443359375 0.52484130859375
0.016357421875 -0.180084228515625 0.12640380859375 0.59332275390625
0.1497802734375 -0.154983520507813 -0.11602783203125 0.271484375
0.154327392578125 -0.148422241210938 0.112991333007813 -0.198989868164063
0.091064453125 -0.165451049804688 0.2470703125 -0.64569091796875
-0.00886535644531249 -0.199066162109375 -0.10980224609375 -0.766357421875
-0.091766357421875 -0.146102905273438 -0.492767333984375 -0.325836181640625
-0.054962158203125 -0.0302963256835938 -0.491729736328125 0.144256591796875
0.00448608398437501 0.0783538818359375 -0.182403564453125 0.250381469726562
0.0369110107421875 0.156021118164063 -0.00076484680175781 0.0254688262939453
0.0296211242675781 0.0516204833984375 0.0579833984375 0.176162719726563
0.0135536193847656 0.0403900146484375 -0.117019653320313 -0.117156982421875
-0.004608154296875 0.0721206665039063 -0.108505249023438 -0.21868896484375
-0.0179519653320313 0.0468597412109375 0.239486694335938 -0.15728759765625
-0.0515251159667969 -0.00445938110351562 0.5965576171875 0.119873046875
-0.052734375 -0.0741348266601563 0.58941650390625 0.5244140625
0.0235977172851563 -0.0873489379882813 0.15771484375 0.6329345703125
0.07110595703125 -0.0693359375 -0.13262939453125 0.319061279296875
0.0710067749023438 -0.064117431640625 0.095947265625 -0.152130126953125
0.052947998046875 -0.0753250122070313 0.26373291015625 -0.6123046875
0.02685546875 -0.0965728759765625 -0.07696533203125 -0.77862548828125
-0.0178680419921875 -0.0752029418945313 -0.49169921875 -0.371246337890625
-0.0257797241210938 0.00234603881835938 -0.526885986328125 0.115478515625
-0.0128288269042969 0.0456314086914063 -0.215286254882812 0.26385498046875
0.0117874145507813 0.0868911743164063 -0.0105743408203125 0.0619125366210937
-0.0135116577148437 -0.0468406677246094 0.0569610595703125 0.193832397460938
-0.0459785461425781 -0.0488166809082031 -0.10260009765625 -0.109024047851562
-0.0600547790527344 0.0313873291015625 -0.091522216796875 -0.22320556640625
0.00343704223632813 0.0657577514648438 0.246200561523438 -0.16143798828125
0.0270042419433594 0.0510749816894531 0.58123779296875 0.14459228515625
0.0287189483642578 0.00447654724121094 0.561309814453125 0.55517578125
0.0328483581542969 0.0195140838623047 0.144287109375 0.648681640625
-0.014984130859375 0.027130126953125 -0.122802734375 0.3228759765625
-0.0215511322021484 0.0262794494628906 0.1064453125 -0.150146484375
0.00523185729980469 0.0191841125488281 0.2410888671875 -0.61041259765625
0.059173583984375 0.020233154296875 -0.12310791015625 -0.753662109375
0.0641632080078125 0.0107917785644531 -0.515167236328125 -0.34197998046875
0.0135993957519531 0.0424270629882813 -0.53485107421875 0.12591552734375
-0.0234642028808594 0.0100517272949219 -0.211776733398437 0.274826049804688
-0.0137825012207031 0.00687885284423828 -0.00975799560546874 0.0767288208007812
-0.053131103515625 -0.137046813964844 0.04608154296875 0.189834594726563
-0.0936126708984375 -0.121490478515625 -0.0767745971679687 -0.110671997070313
-0.089599609375 -0.00246429443359376 -0.0247344970703125 -0.23431396484375
0.0403213500976563 0.0845565795898438 0.3006591796875 -0.153717041015625
0.09857177734375 0.107086181640625 0.56097412109375 0.210540771484375
0.0861053466796875 0.0890350341796875 0.4765625 0.61456298828125
0.02337646484375 0.123886108398437 0.0936279296875 0.63739013671875
-0.0937118530273438 0.118606567382813 -0.0873565673828125 0.280410766601562
-0.0846099853515625 0.118728637695313 0.13446044921875 -0.196914672851563
-0.00350189208984375 0.112785339355469 0.16827392578125 -0.63751220703125
0.113494873046875 0.122962951660156 -0.2421875 -0.68499755859375
0.141937255859375 0.079315185546875 -0.551544189453125 -0.241058349609375
0.0415878295898437 0.0612258911132812 -0.504364013671875 0.16986083984375
-0.03839111328125 -0.0335273742675781 -0.169219970703125 0.276458740234375
-0.038330078125 -0.0729522705078125 0.000469207763671869 0.0672874450683594
-0.081878662109375 -0.202468872070313 0.0293121337890625 0.164016723632812
-0.115814208984375 -0.160720825195312 -0.0376663208007813 -0.12701416015625
-0.0749359130859375 -0.0140838623046875 0.076446533203125 -0.247116088867188
0.0951385498046875 0.112701416015625 0.373016357421875 -0.11920166015625
0.147476196289063 0.166168212890625 0.5135498046875 0.3150634765625
0.097442626953125 0.169647216796875 0.34234619140625 0.67926025390625
-0.01300048828125 0.211044311523438 0.0256347656249999 0.589599609375
-0.15216064453125 0.19244384765625 -0.0328216552734375 0.200332641601562
-0.097442626953125 0.20074462890625 0.15118408203125 -0.281829833984375
0.0411834716796875 0.186111450195313 0.0421752929687501 -0.66595458984375
0.186676025390625 0.185638427734375 -0.393798828125 -0.56524658203125
0.194671630859375 0.1077880859375 -0.56695556640625 -0.1002197265625
0.0416412353515625 0.0467529296875 -0.4295654296875 0.219940185546875
-0.0656280517578125 -0.0867996215820313 -0.0961456298828125 0.264480590820313
-0.0599517822265625 -0.143539428710938 0.0136604309082031 0.0362167358398437
-0.0929718017578125 -0.232421875 0.0158767700195313 0.121665954589844
-0.10638427734375 -0.1641845703125 0.0171051025390625 -0.159408569335938
-0.0251445770263672 -0.00279617309570312 0.19476318359375 -0.250167846679688
0.144607543945313 0.149459838867188 0.4378662109375 -0.04107666015625
0.152023315429688 0.218643188476563 0.4229736328125 0.446441650390625
0.056427001953125 0.22906494140625 0.1702880859375 0.72955322265625
-0.070281982421875 0.25970458984375 -0.03729248046875 0.512664794921875
-0.183395385742188 0.235748291015625 0.0314178466796875 0.0940475463867188
-0.0694122314453125 0.253829956054688 0.13470458984375 -0.386138916015625
0.109954833984375 0.219070434570313 -0.12042236328125 -0.6715087890625
0.243118286132813 0.19879150390625 -0.52490234375 -0.415435791015625
0.198822021484375 0.0991668701171875 -0.540771484375 0.029754638671875
0.00969600677490234 0.00209236145019531 -0.31414794921875 0.244354248046875
-0.0945968627929687 -0.139389038085938 -0.010589599609375 0.233139038085938
-0.075103759765625 -0.1944580078125 0.0221614837646484 -0.0125808715820313
0.109039306640625 0.221725463867187 0.0118789672851563 0.047760009765625
0.121475219726563 0.1640625 -0.05633544921875 -0.185562133789062
0.0320587158203125 0.0489883422851563 0.134613037109375 -0.262619018554688
-0.151199340820312 -0.0831756591796875 0.46588134765625 -0.104278564453125
-0.245315551757813 -0.187881469726563 0.57757568359375 0.2760009765625
-0.158737182617187 -0.260208129882813 0.3399658203125 0.60760498046875
0.064666748046875 -0.279800415039063 0.001434326171875 0.466217041015625
0.244949340820313 -0.246795654296875 -0.0188522338867187 0.0801010131835937
0.179779052734375 -0.26300048828125 0.150421142578125 -0.39764404296875
0.019866943359375 -0.273696899414063 0.0469360351562499 -0.75048828125
-0.146484375 -0.2760009765625 -0.35931396484375 -0.608154296875
-0.17449951171875 -0.172210693359375 -0.51531982421875 -0.0837707519531251
-0.0294532775878906 -0.0169391632080078 -0.33197021484375 0.246124267578125
0.078582763671875 0.146728515625 -0.040679931640625 0.19500732421875
0.0899658203125 0.2364501953125 0.0243606567382813 -0.083740234375
0.0977325439453125 0.199127197265625 0.030120849609375 0.0975570678710938
0.11151123046875 0.161026000976563 -0.100982666015625 -0.155532836914063
0.060516357421875 0.0845870971679688 0.014312744140625 -0.239181518554687
-0.0936431884765625 -0.0310440063476563 0.373748779296875 -0.139312744140625
-0.206130981445312 -0.129989624023438 0.6142578125 0.1834716796875
-0.171279907226562 -0.213119506835938 0.475616455078125 0.55963134765625
0.028350830078125 -0.249862670898437 0.06939697265625 0.540985107421875
0.2117919921875 -0.2181396484375 -0.0765228271484375 0.188949584960938
0.195175170898438 -0.22021484375 0.140289306640625 -0.288238525390625
0.0816802978515625 -0.23712158203125 0.17608642578125 -0.70703125
-0.0736846923828125 -0.265716552734375 -0.2176513671875 -0.7166748046875
-0.15301513671875 -0.18121337890625 -0.515960693359375 -0.221038818359375
-0.0594749450683594 -0.0381965637207031 -0.428619384765625 0.195953369140625
0.0370025634765625 0.113548278808594 -0.118988037109375 0.22650146484375
0.066864013671875 0.210769653320313 0.0111484527587891 -0.0247230529785156
0.0693130493164063 0.137504577636719 0.044586181640625 0.141143798828125
0.0706253051757812 0.117538452148438 -0.12017822265625 -0.136566162109375
0.0438995361328125 0.094512939453125 -0.072113037109375 -0.225265502929688
-0.0453529357910156 0.0173110961914063 0.287322998046875 -0.153045654296875
-0.131340026855469 -0.065155029296875 0.6134033203125 0.1297607421875
-0.129058837890625 -0.149154663085938 0.561981201171875 0.526214599609375
0.0161590576171875 -0.181488037109375 0.1280517578125 0.59759521484375
0.15106201171875 -0.156723022460938 -0.116989135742188 0.27386474609375
0.1551513671875 -0.149887084960937 0.112930297851563 -0.20037841796875
0.0913238525390625 -0.166168212890625 0.24468994140625 -0.64947509765625
-0.00955200195312499 -0.200637817382813 -0.1148681640625 -0.7711181640625
-0.093048095703125 -0.146514892578125 -0.4990234375 -0.326263427734375
-0.0556755065917969 -0.0307655334472656 -0.494598388671875 0.14617919921875
0.00407409667968751 0.079132080078125 -0.183349609375 0.251358032226563
0.038299560546875 0.156356811523438 -0.000900268554687499 0.0262432098388672
0.0311851501464844 0.0509376525878906 0.058624267578125 0.1761474609375
0.0138778686523438 0.0407447814941406 -0.117904663085937 -0.118202209472656
-0.0041656494140625 0.0721511840820313 -0.109176635742188 -0.220001220703125
-0.0183029174804688 0.0469970703125 0.241867065429688 -0.159423828125
-0.0514373779296875 -0.00399017333984376 0.60064697265625 0.1187744140625
-0.0529022216796875 -0.0745086669921875 0.594970703125 0.524169921875
0.0233840942382813 -0.0880813598632813 0.1600341796875 0.63543701171875
0.071014404296875 -0.069915771484375 -0.1331787109375 0.32220458984375
0.071197509765625 -0.0646591186523438 0.0954437255859375 -0.153091430664063
0.05242919921875 -0.0756072998046875 0.262451171875 -0.616943359375
0.0267562866210938 -0.0970230102539063 -0.0814208984374999 -0.78448486328125
-0.0182037353515625 -0.0759658813476563 -0.4984130859375 -0.3719482421875
-0.0256843566894531 0.00241279602050781 -0.532501220703125 0.1177978515625
-0.0128974914550781 0.0463485717773438 -0.217117309570313 0.2667236328125
0.0123062133789063 0.0872344970703125 -0.0103530883789063 0.0629119873046875
-0.0125045776367187 -0.0475578308105469 0.057342529296875 0.193191528320313
-0.0459671020507813 -0.0482177734375 -0.10345458984375 -0.109794616699219
-0.0600738525390625 0.032684326171875 -0.091949462890625 -0.225555419921875
0.00371932983398437 0.0655937194824219 0.248275756835938 -0.162643432617188
0.0279350280761719 0.0516395568847656 0.5853271484375 0.14422607421875
0.0292739868164063 0.00521469116210938 0.5667724609375 0.5595703125
0.0329513549804688 0.0195369720458984 0.1466064453125 0.65118408203125
-0.0147571563720703 0.0273094177246094 -0.12225341796875 0.325836181640625
-0.0220508575439453 0.0264930725097656 0.105499267578125 -0.1510009765625
0.00487899780273438 0.0199165344238281 0.239990234375 -0.6134033203125
0.058837890625 0.019989013671875 -0.12689208984375 -0.75994873046875
0.0644607543945313 0.00991439819335938 -0.519989013671875 -0.34393310546875
0.0136070251464844 0.0418319702148438 -0.539947509765625 0.127471923828125
-0.0234508514404297 0.0109119415283203 -0.213546752929688 0.276504516601563
-0.0136489868164063 0.007171630859375 -0.00972747802734375 0.0770187377929688
-0.053009033203125 -0.137474060058594 0.0466461181640625 0.188812255859375
-0.0938186645507813 -0.121475219726563 -0.077667236328125 -0.111465454101563
-0.0886993408203125 -0.0015716552734375 -0.0240631103515625 -0.235748291015625
0.0407943725585938 0.0847015380859375 0.30230712890625 -0.15521240234375
0.0991897583007813 0.107269287109375 0.56658935546875 0.2110595703125
0.0865325927734375 0.08953857421875 0.48309326171875 0.61822509765625
0.0236892700195312 0.125160217285156 0.09661865234375 0.64068603515625
-0.0932235717773438 0.119613647460937 -0.0870361328125 0.282501220703125
-0.0852127075195313 0.120223999023438 0.134109497070313 -0.1983642578125
-0.0040130615234375 0.113487243652344 0.16680908203125 -0.6417236328125
0.114189147949219 0.123390197753906 -0.2467041015625 -0.68902587890625
0.142349243164063 0.0783843994140625 -0.55767822265625 -0.240325927734375
0.0424957275390625 0.0619010925292969 -0.509521484375 0.171966552734375
-0.0384902954101562 -0.0335006713867188 -0.169692993164062 0.279266357421875
-0.037689208984375 -0.0733795166015625 0.000808715820312492 0.0681953430175781
-0.081512451171875 -0.203460693359375 0.03009033203125 0.163604736328125
-0.11627197265625 -0.160629272460937 -0.0384140014648438 -0.128562927246094
-0.074859619140625 -0.014007568359375 0.0783233642578125 -0.24884033203125
0.0961532592773438 0.113197326660156 0.37646484375 -0.120941162109375
0.148300170898438 0.166915893554688 0.520050048828125 0.3154296875
0.0985260009765625 0.171249389648438 0.34576416015625 0.6844482421875
-0.0134124755859375 0.21173095703125 0.02679443359375 0.59405517578125
-0.152816772460938 0.194580078125 -0.032958984375 0.20147705078125
-0.09869384765625 0.202423095703125 0.151458740234375 -0.28466796875
0.0402374267578125 0.187515258789063 0.04095458984375 -0.6685791015625
0.188385009765625 0.186111450195313 -0.3958740234375 -0.56707763671875
0.196395874023438 0.107284545898438 -0.57269287109375 -0.0982666015625001
0.0425148010253906 0.0465431213378906 -0.43377685546875 0.223419189453125
-0.0645980834960938 -0.0865325927734375 -0.0958099365234375 0.265640258789063
-0.0602874755859375 -0.143966674804688 0.0145034790039062 0.0371894836425781
-0.0928802490234375 -0.2332763671875 0.0154800415039062 0.121109008789062
-0.106155395507813 -0.164627075195313 0.01641845703125 -0.161361694335938
-0.0247135162353516 -0.00321197509765625 0.19573974609375 -0.253204345703125
0.14617919921875 0.149322509765625 0.44085693359375 -0.04278564453125
0.153533935546875 0.219894409179688 0.42877197265625 0.449432373046875
0.0569000244140625 0.230865478515625 0.17413330078125 0.73199462890625
-0.069244384765625 0.261550903320313 -0.03582763671875 0.515045166015625
-0.184036254882812 0.238494873046875 0.03167724609375 0.094940185546875
-0.0693817138671875 0.256210327148438 0.13470458984375 -0.387969970703125
0.10943603515625 0.219696044921875 -0.12518310546875 -0.67535400390625
0.245452880859375 0.198883056640625 -0.531707763671875 -0.418121337890625
0.20086669921875 0.0986785888671875 -0.545623779296875 0.031829833984375
0.010685920715332 0.00208377838134766 -0.315887451171875 0.246826171875
-0.0951385498046875 -0.139564514160156 -0.0099334716796875 0.235092163085938
-0.07537841796875 -0.194717407226563 0.0229473114013672 -0.0125389099121094
0.11138916015625 0.220901489257813 0.0108757019042969 0.0470199584960938
0.122726440429688 0.164688110351563 -0.05859375 -0.185882568359375
0.0318450927734375 0.0499649047851563 0.134658813476563 -0.26580810546875
-0.152923583984375 -0.081787109375 0.470245361328125 -0.106597900390625
-0.247528076171875 -0.18780517578125 0.58251953125 0.2764892578125
-0.15972900390625 -0.26190185546875 0.34564208984375 0.61041259765625
0.064544677734375 -0.283233642578125 0.00296020507812502 0.469329833984375
0.24627685546875 -0.250213623046875 -0.0193557739257812 0.0816268920898438
0.181045532226563 -0.266647338867188 0.149871826171875 -0.401397705078125
0.01922607421875 -0.275039672851563 0.0453491210937499 -0.75543212890625
-0.148757934570313 -0.277389526367188 -0.3651123046875 -0.61181640625
-0.177505493164063 -0.172561645507812 -0.52215576171875 -0.08184814453125
-0.0304718017578125 -0.0162639617919922 -0.334014892578125 0.248931884765625
0.078460693359375 0.1473388671875 -0.040435791015625 0.196502685546875
0.0914764404296875 0.237319946289063 0.0245895385742188 -0.0836181640625
0.099822998046875 0.198745727539063 0.0290985107421875 0.0965957641601563
0.112564086914063 0.160873413085938 -0.101913452148437 -0.156097412109375
0.0607147216796875 0.0850982666015625 0.0135650634765625 -0.241683959960938
-0.0953750610351563 -0.0309295654296875 0.377410888671875 -0.142547607421875
-0.208465576171875 -0.129180908203125 0.61993408203125 0.1807861328125
-0.172332763671875 -0.214248657226562 0.4813232421875 0.56072998046875
0.028106689453125 -0.252639770507813 0.071624755859375 0.54473876953125
0.213302612304688 -0.221267700195313 -0.0770263671875 0.19061279296875
0.19677734375 -0.222915649414063 0.13946533203125 -0.290374755859375
0.0813751220703125 -0.239059448242188 0.17425537109375 -0.71209716796875
-0.0758514404296875 -0.266525268554688 -0.2242431640625 -0.72119140625
-0.1553955078125 -0.181930541992188 -0.52166748046875 -0.219970703125
-0.0600547790527344 -0.0373611450195312 -0.4322509765625 0.2003173828125
0.0367507934570313 0.114082336425781 -0.119491577148438 0.228424072265625
0.0687408447265625 0.211837768554688 0.0111656188964844 -0.0241012573242187
0.0713272094726562 0.13714599609375 0.0444793701171875 0.140579223632812
0.0718231201171875 0.118118286132813 -0.121742248535156 -0.137687683105469
0.0450439453125 0.094940185546875 -0.072998046875 -0.227096557617188
-0.0454368591308594 0.0171241760253906 0.2908935546875 -0.156280517578125
-0.133537292480469 -0.0634689331054688 0.6187744140625 0.1278076171875
-0.129638671875 -0.149795532226563 0.569091796875 0.52740478515625
0.01580810546875 -0.183761596679688 0.1309814453125 0.602294921875
0.151580810546875 -0.15899658203125 -0.116851806640625 0.277008056640625
0.1558837890625 -0.1519775390625 0.1123046875 -0.201736450195313
0.0916900634765625 -0.166336059570312 0.24285888671875 -0.656005859375
-0.0096893310546875 -0.201828002929688 -0.1187744140625 -0.77569580078125
-0.095306396484375 -0.1473388671875 -0.503997802734375 -0.327606201171875
-0.0568428039550781 -0.0305252075195312 -0.498809814453125 0.149993896484375
0.004302978515625 0.0795516967773438 -0.184707641601562 0.254104614257813
0.0398712158203125 0.156906127929688 -0.000614166259765624 0.0270900726318359
0.0317955017089844 0.0510673522949219 0.0582427978515625 0.175079345703125
0.0146675109863281 0.0410614013671875 -0.119178771972656 -0.118980407714844
-0.00455474853515626 0.0726699829101563 -0.110107421875 -0.2215576171875
-0.0178871154785156 0.0474472045898438 0.244125366210938 -0.16229248046875
-0.0525169372558594 -0.00258636474609375 0.60546875 0.11517333984375
-0.0527267456054687 -0.0749664306640625 0.60089111328125 0.5260009765625
0.02398681640625 -0.0897369384765625 0.16339111328125 0.64068603515625
0.07171630859375 -0.07110595703125 -0.132415771484375 0.3255615234375
0.0716323852539063 -0.065582275390625 0.0950775146484375 -0.154327392578125
0.0522003173828125 -0.0755844116210938 0.26080322265625 -0.62054443359375
0.0266189575195313 -0.098297119140625 -0.0858154296875 -0.790283203125
-0.01922607421875 -0.0764617919921875 -0.5042724609375 -0.37213134765625
-0.0260887145996094 0.00249481201171875 -0.537567138671875 0.121185302734375
-0.0134811401367187 0.0468559265136719 -0.21795654296875 0.269058227539063
0.0134963989257813 0.0874786376953125 -0.00970077514648437 0.0639305114746094
-0.012176513671875 -0.0480728149414063 0.0581512451171875 0.192489624023438
-0.0458869934082031 -0.047698974609375 -0.105064392089844 -0.110610961914062
-0.06005859375 0.0321273803710938 -0.0919342041015625 -0.226821899414063
0.00385665893554687 0.0665130615234375 0.250732421875 -0.1658935546875
0.0282554626464844 0.0526618957519531 0.59002685546875 0.1435546875
0.0300979614257812 0.00498580932617188 0.57366943359375 0.560546875
0.0337352752685547 0.0186367034912109 0.14874267578125 0.658203125
-0.0152530670166016 0.0272293090820312 -0.122650146484375 0.328643798828125
-0.0222663879394531 0.0275974273681641 0.105453491210938 -0.152801513671875
0.00421905517578125 0.0204792022705078 0.2379150390625 -0.6199951171875
0.0594215393066406 0.0196380615234375 -0.13134765625 -0.76397705078125
0.0646247863769531 0.0099334716796875 -0.52618408203125 -0.34393310546875
0.0139579772949219 0.0422248840332031 -0.54473876953125 0.129852294921875
-0.0240421295166016 0.0113811492919922 -0.214508056640625 0.279586791992188
-0.0126104354858398 0.00723743438720703 -0.00910949707031251 0.0783538818359375
-0.0527496337890625 -0.13836669921875 0.0471954345703125 0.188461303710938
-0.0946426391601563 -0.121368408203125 -0.07904052734375 -0.113227844238281
-0.0891494750976563 -0.00144958496093749 -0.0243377685546875 -0.237686157226563
0.0414657592773438 0.0849609375 0.30474853515625 -0.158447265625
0.100692749023437 0.108436584472656 0.571533203125 0.2099609375
0.0877914428710938 0.0901718139648438 0.4888916015625 0.619140625
0.0243072509765625 0.125526428222656 0.09869384765625 0.64361572265625
-0.09393310546875 0.121223449707031 -0.08746337890625 0.284912109375
-0.0860748291015625 0.120994567871094 0.132919311523438 -0.200103759765625
-0.004791259765625 0.114936828613281 0.16351318359375 -0.64593505859375
0.115219116210938 0.123588562011719 -0.2501220703125 -0.69354248046875
0.143295288085938 0.078948974609375 -0.56353759765625 -0.24151611328125
0.0431938171386719 0.06134033203125 -0.512969970703125 0.17584228515625
-0.038421630859375 -0.0334358215332031 -0.170303344726562 0.281112670898438
-0.037322998046875 -0.0733718872070312 0.0020904541015625 0.0693359375
-0.0820465087890625 -0.20330810546875 0.0300445556640625 0.163528442382813
-0.117279052734375 -0.16046142578125 -0.0399017333984375 -0.129745483398438
-0.0742721557617187 -0.01373291015625 0.0789947509765625 -0.251235961914063
0.0970077514648438 0.113151550292969 0.379974365234375 -0.12298583984375
0.149673461914063 0.1676025390625 0.52398681640625 0.316619873046875
0.099090576171875 0.172683715820313 0.35028076171875 0.6871337890625
-0.012420654296875 0.213592529296875 0.02960205078125 0.59796142578125
-0.153778076171875 0.196319580078125 -0.0330657958984375 0.204025268554688
-0.0989837646484375 0.204666137695312 0.150238037109375 -0.2874755859375
0.0401611328125 0.18829345703125 0.03759765625 -0.67376708984375
0.190109252929687 0.186767578125 -0.4022216796875 -0.57122802734375
0.19769287109375 0.106964111328125 -0.5794677734375 -0.096435546875
0.0428123474121094 0.0467758178710938 -0.4373779296875 0.22607421875
-0.065521240234375 -0.08642578125 -0.0953216552734375 0.2686767578125
-0.0610198974609375 -0.1444091796875 0.0147476196289062 0.0375099182128906
-0.093048095703125 -0.2340087890625 0.0160369873046875 0.12127685546875
-0.106460571289063 -0.163772583007813 0.01544189453125 -0.162628173828125
-0.0236854553222656 -0.00250053405761718 0.196701049804687 -0.255233764648437
0.147781372070313 0.149673461914063 0.444854736328125 -0.0452880859375
0.154708862304688 0.220962524414063 0.434814453125 0.450592041015625
0.0573883056640625 0.232406616210938 0.1800537109375 0.738525390625
-0.06982421875 0.263427734375 -0.03466796875 0.519134521484375
-0.184890747070313 0.241165161132813 0.0325088500976562 0.0960235595703125
-0.0697784423828125 0.258544921875 0.13287353515625 -0.3916015625
0.110427856445312 0.220748901367188 -0.12811279296875 -0.67718505859375
0.247573852539063 0.198318481445313 -0.537322998046875 -0.4180908203125
0.202529907226562 0.0985565185546875 -0.55108642578125 0.034454345703125
0.0113525390625 0.00188541412353516 -0.31915283203125 0.249786376953125
-0.0957489013671875 -0.139495849609375 -0.00984191894531248 0.236846923828125
-0.0767822265625 -0.195648193359375 0.0238666534423828 -0.0123538970947266
0.113250732421875 0.22100830078125 0.00996780395507813 0.0472373962402344
0.12420654296875 0.164321899414063 -0.060028076171875 -0.187286376953125
0.0320053100585937 0.0501365661621094 0.13427734375 -0.26922607421875
-0.155349731445313 -0.08148193359375 0.47357177734375 -0.111053466796875
-0.250625610351563 -0.187362670898438 0.5897216796875 0.275390625
-0.161575317382812 -0.262863159179688 0.35174560546875 0.61248779296875
0.06353759765625 -0.287017822265625 0.00540161132812505 0.473297119140625
0.247955322265625 -0.25396728515625 -0.0193099975585937 0.082244873046875
0.181854248046875 -0.2691650390625 0.14886474609375 -0.404449462890625
0.018646240234375 -0.276992797851562 0.0418701171874999 -0.7607421875
-0.151290893554687 -0.278793334960938 -0.372802734375 -0.61419677734375
-0.179779052734375 -0.172286987304688 -0.52728271484375 -0.0777893066406249
-0.0317001342773438 -0.0154705047607422 -0.33587646484375 0.2535400390625
0.08001708984375 0.147491455078125 -0.0399932861328125 0.197799682617188
0.0929412841796875 0.238296508789063 0.0242919921875 -0.083709716796875
0.1019287109375 0.198471069335938 0.0287551879882813 0.0963668823242188
0.114776611328125 0.160736083984375 -0.104400634765625 -0.156646728515625
0.0612411499023438 0.0852508544921875 0.0125274658203125 -0.244186401367188
-0.0963668823242188 -0.0298614501953125 0.380218505859375 -0.146820068359375
-0.209732055664063 -0.128570556640625 0.6256103515625 0.1796875
-0.174774169921875 -0.215011596679687 0.4892578125 0.56268310546875
0.027557373046875 -0.25531005859375 0.074127197265625 0.54913330078125
0.214935302734375 -0.225006103515625 -0.0769195556640625 0.193527221679688
0.197158813476563 -0.226348876953125 0.138702392578125 -0.293670654296875
0.0812530517578125 -0.2410888671875 0.1702880859375 -0.71893310546875
-0.07757568359375 -0.268142700195313 -0.230224609375 -0.72637939453125
-0.158447265625 -0.182220458984375 -0.52850341796875 -0.219268798828125
-0.0613136291503906 -0.0371513366699219 -0.43438720703125 0.204254150390625
0.0373153686523437 0.114448547363281 -0.119674682617188 0.22998046875
0.070465087890625 0.211746215820313 0.0112628936767578 -0.0238666534423828
0.0729598999023438 0.136116027832031 0.0444107055664063 0.139701843261719
0.073150634765625 0.118606567382813 -0.123931884765625 -0.137374877929688
0.0456466674804688 0.0953369140625 -0.07421875 -0.229080200195313
-0.0461463928222656 0.0180435180664062 0.293212890625 -0.159881591796875
-0.13446044921875 -0.063690185546875 0.625 0.12530517578125
-0.130874633789062 -0.150344848632813 0.57733154296875 0.52984619140625
0.0157012939453125 -0.185867309570313 0.13470458984375 0.606689453125
0.152801513671875 -0.160964965820313 -0.116592407226563 0.280120849609375
0.156723022460938 -0.153945922851563 0.111785888671875 -0.203414916992187
0.091888427734375 -0.16876220703125 0.2410888671875 -0.66192626953125
-0.01171875 -0.203689575195313 -0.12579345703125 -0.781982421875
-0.0969390869140625 -0.14837646484375 -0.512664794921875 -0.32684326171875
-0.0577774047851563 -0.0302658081054688 -0.50341796875 0.153594970703125
0.0037994384765625 0.081146240234375 -0.184829711914063 0.256011962890625
0.040771484375 0.15728759765625 -0.000226974487304685 0.0276985168457031
0.0333099365234375 0.0500450134277344 0.0592193603515625 0.174697875976563
0.0156974792480469 0.0407485961914063 -0.120986938476563 -0.119384765625
-0.00357055664062499 0.07293701171875 -0.110610961914063 -0.223739624023438
-0.0182723999023438 0.0474052429199219 0.24639892578125 -0.1654052734375
-0.05291748046875 -0.002410888671875 0.61248779296875 0.11358642578125
-0.054473876953125 -0.0748672485351563 0.60919189453125 0.52691650390625
0.0236740112304688 -0.0916290283203125 0.16802978515625 0.6455078125
0.0719528198242188 -0.072265625 -0.132476806640625 0.329559326171875
0.0721206665039063 -0.066741943359375 0.0939483642578125 -0.156204223632813
0.0518875122070312 -0.0756072998046875 0.25927734375 -0.62811279296875
0.0257949829101562 -0.0986480712890625 -0.09136962890625 -0.79498291015625
-0.0203704833984375 -0.0765533447265625 -0.512420654296875 -0.3726806640625
-0.0268764495849609 0.0022430419921875 -0.5419921875 0.12420654296875
-0.0134849548339844 0.0469818115234375 -0.218948364257812 0.271926879882813
0.0138931274414063 0.0881500244140625 -0.00931930541992188 0.0650863647460938
-0.0113754272460938 -0.0489730834960938 0.0588836669921875 0.1922607421875
-0.0457382202148437 -0.0477371215820313 -0.106353759765625 -0.111091613769531
-0.0592842102050781 0.0328140258789063 -0.0928802490234375 -0.229019165039063
0.00466156005859375 0.06683349609375 0.25335693359375 -0.169097900390625
0.0280952453613281 0.0527534484863281 0.5963134765625 0.14031982421875
0.0298805236816406 0.00559043884277344 0.58056640625 0.5594482421875
0.033966064453125 0.018524169921875 0.1539306640625 0.660400390625
-0.0148334503173828 0.0279655456542969 -0.1221923828125 0.33258056640625
-0.0225963592529297 0.0277385711669922 0.104385375976563 -0.15380859375
0.00380516052246094 0.0212669372558594 0.2347412109375 -0.625
0.0598030090332031 0.0198898315429688 -0.13714599609375 -0.76910400390625
0.0644607543945313 0.00909805297851563 -0.53485107421875 -0.344451904296875
0.0146560668945313 0.0418281555175781 -0.548797607421875 0.13330078125
-0.0237274169921875 0.0119209289550781 -0.2159423828125 0.28228759765625
-0.0123071670532227 0.007293701171875 -0.00778961181640626 0.078857421875
-0.0531692504882813 -0.139152526855469 0.0478363037109375 0.18798828125
-0.0950469970703125 -0.121116638183594 -0.0802383422851562 -0.114227294921875
-0.0892105102539063 -0.00144958496093751 -0.024658203125 -0.239883422851563
0.0425033569335937 0.0850448608398438 0.3076171875 -0.161285400390625
0.102210998535156 0.109146118164063 0.5775146484375 0.20831298828125
0.0888290405273438 0.0911865234375 0.49755859375 0.62164306640625
0.0254058837890625 0.126022338867187 0.103759765625 0.64825439453125
-0.0943145751953125 0.123481750488281 -0.086151123046875 0.28863525390625
-0.0864181518554688 0.122238159179687 0.132797241210938 -0.202117919921875
-0.00491333007812501 0.116615295410156 0.16180419921875 -0.65142822265625
0.116081237792969 0.123390197753906 -0.2564697265625 -0.69854736328125
0.14544677734375 0.07769775390625 -0.57171630859375 -0.23931884765625
0.0442619323730469 0.0618515014648438 -0.519256591796875 0.180145263671875
-0.0387382507324219 -0.0329742431640625 -0.170562744140625 0.28363037109375
-0.0377044677734375 -0.0741958618164063 0.00327301025390625 0.0700645446777344
-0.083160400390625 -0.2037353515625 0.0311431884765625 0.16241455078125
-0.118026733398438 -0.160202026367188 -0.0410842895507813 -0.131401062011719
-0.0738601684570313 -0.0132675170898438 0.078460693359375 -0.254287719726563
0.0991744995117188 0.112648010253906 0.382537841796875 -0.125701904296875
0.15216064453125 0.167816162109375 0.53045654296875 0.31683349609375
0.101364135742188 0.173141479492187 0.35882568359375 0.69146728515625
-0.01129150390625 0.214187622070313 0.0326538085937501 0.6011962890625
-0.154006958007813 0.199111938476562 -0.0321502685546875 0.205810546875
-0.0991973876953125 0.2069091796875 0.14984130859375 -0.289825439453125
0.0404205322265625 0.190444946289063 0.03387451171875 -0.67852783203125
0.192672729492188 0.187149047851563 -0.40972900390625 -0.57342529296875
0.199127197265625 0.105819702148438 -0.585693359375 -0.09442138671875
0.0448837280273438 0.0470809936523438 -0.441802978515625 0.229736328125
-0.065948486328125 -0.0857315063476563 -0.0948333740234375 0.270645141601563
-0.061737060546875 -0.144363403320312 0.0163459777832031 0.0384445190429688
-0.0940093994140625 -0.233718872070313 0.01666259765625 0.120803833007812
-0.107589721679688 -0.163726806640625 0.014068603515625 -0.164291381835938
-0.0230007171630859 -0.00225830078125 0.197265625 -0.259231567382813
0.149673461914063 0.149703979492188 0.449249267578125 -0.047760009765625
0.1571044921875 0.22210693359375 0.44189453125 0.4527587890625
0.0589141845703125 0.234542846679688 0.18359375 0.74346923828125
-0.068603515625 0.265716552734375 -0.031463623046875 0.52301025390625
-0.185836791992188 0.24420166015625 0.0332870483398437 0.0966873168945313
-0.0691375732421875 0.260025024414063 0.132049560546875 -0.3955078125
0.111648559570312 0.222808837890625 -0.13348388671875 -0.68414306640625
0.2501220703125 0.198501586914062 -0.542755126953125 -0.419464111328125
0.204971313476563 0.0970306396484375 -0.556304931640625 0.038177490234375
0.0118255615234375 0.00204277038574219 -0.3211669921875 0.25494384765625
-0.0962295532226563 -0.139442443847656 -0.00784301757812498 0.23828125
-0.07781982421875 -0.196746826171875 0.0248489379882812 -0.0121746063232422
0.116363525390625 0.220199584960937 0.00900268554687501 0.0465240478515625
0.126083374023438 0.163589477539062 -0.0623626708984375 -0.187606811523438
0.0313949584960938 0.0505752563476563 0.133438110351563 -0.272857666015625
-0.15771484375 -0.080352783203125 0.4775390625 -0.115478515625
-0.253021240234375 -0.186859130859375 0.59661865234375 0.2730712890625
-0.163177490234375 -0.264755249023437 0.35992431640625 0.6142578125
0.063140869140625 -0.290679931640625 0.00808715820312504 0.477508544921875
0.2484130859375 -0.258804321289063 -0.0191802978515625 0.0838699340820313
0.181106567382813 -0.274032592773438 0.14642333984375 -0.408050537109375
0.0174560546875 -0.27862548828125 0.03533935546875 -0.766845703125
-0.155029296875 -0.279251098632813 -0.38092041015625 -0.61761474609375
-0.18359375 -0.171844482421875 -0.53411865234375 -0.074554443359375
-0.0321941375732422 -0.0152034759521484 -0.337371826171875 0.25823974609375
0.080230712890625 0.148666381835938 -0.039886474609375 0.199020385742187
0.096588134765625 0.238494873046875 0.0241470336914063 -0.0831527709960937
0.104751586914063 0.198150634765625 0.02862548828125 0.0961990356445313
0.116378784179687 0.160491943359375 -0.107025146484375 -0.15716552734375
0.0620574951171875 0.08575439453125 0.0113067626953125 -0.2470703125
-0.09820556640625 -0.0288314819335938 0.38311767578125 -0.15069580078125
-0.212997436523438 -0.127822875976563 0.63299560546875 0.1759033203125
-0.176788330078125 -0.216033935546875 0.49603271484375 0.56365966796875
0.0269927978515625 -0.25836181640625 0.07794189453125 0.5531005859375
0.215316772460938 -0.229095458984375 -0.076324462890625 0.196212768554687
0.197341918945313 -0.229400634765625 0.136993408203125 -0.29656982421875
0.07989501953125 -0.242233276367187 0.166748046875 -0.7236328125
-0.0804443359375 -0.2696533203125 -0.23748779296875 -0.73150634765625
-0.161346435546875 -0.182815551757813 -0.53546142578125 -0.21612548828125
-0.0631217956542969 -0.0364303588867188 -0.436981201171875 0.20892333984375
0.0372390747070312 0.115180969238281 -0.12030029296875 0.232406616210938
0.0724334716796875 0.212905883789063 0.0114364624023438 -0.02276611328125
0.07452392578125 0.1358642578125 0.0448684692382813 0.139846801757813
0.0751190185546875 0.117713928222656 -0.126235961914063 -0.137611389160156
0.0465850830078125 0.0955581665039063 -0.07598876953125 -0.23187255859375
-0.0471229553222656 0.0183868408203125 0.294677734375 -0.164031982421875
-0.135894775390625 -0.0627365112304688 0.6297607421875 0.1217041015625
-0.132232666015625 -0.15045166015625 0.58489990234375 0.5286865234375
0.014373779296875 -0.188034057617188 0.138427734375 0.61041259765625
0.152923583984375 -0.16363525390625 -0.116455078125 0.284698486328125
0.157821655273438 -0.156524658203125 0.110458374023438 -0.205245971679688
0.0907135009765625 -0.169448852539063 0.23675537109375 -0.6668701171875
-0.0142669677734375 -0.204666137695312 -0.13348388671875 -0.7869873046875
-0.0992279052734375 -0.148605346679688 -0.520599365234375 -0.32568359375
-0.0583686828613281 -0.029327392578125 -0.506622314453125 0.158843994140625
0.00388336181640624 0.0814666748046875 -0.186492919921875 0.259841918945313
0.04296875 0.15765380859375 -0.000102996826171872 0.0278053283691406
0.0344352722167969 0.0497169494628906 0.059967041015625 0.174285888671875
0.0165138244628906 0.0409584045410156 -0.123573303222656 -0.120445251464844
-0.00279998779296875 0.0733261108398438 -0.113143920898437 -0.225326538085938
-0.0186691284179688 0.0485572814941406 0.248184204101563 -0.169052124023438
-0.0532035827636719 -0.002532958984375 0.61785888671875 0.109619140625
-0.0537643432617188 -0.0750808715820312 0.61700439453125 0.52679443359375
0.0236968994140625 -0.0925750732421875 0.1717529296875 0.65057373046875
0.0720062255859375 -0.0737762451171875 -0.132171630859375 0.333099365234375
0.0724029541015625 -0.06732177734375 0.0928955078125 -0.157562255859375
0.0507125854492188 -0.0767745971679688 0.25421142578125 -0.6326904296875
0.0248184204101563 -0.099365234375 -0.0993652343750001 -0.8006591796875
-0.0211257934570312 -0.0779342651367188 -0.520965576171875 -0.37139892578125
-0.0269432067871094 0.00290489196777344 -0.54620361328125 0.128814697265625
-0.0140419006347656 0.0483589172363281 -0.219085693359375 0.274429321289063
0.0153350830078125 0.0884323120117187 -0.00871658325195313 0.0655136108398438
-0.0115432739257812 -0.0491256713867187 0.05987548828125 0.191741943359375
-0.0463027954101563 -0.0474128723144531 -0.107841491699219 -0.112030029296875
-0.0587234497070313 0.0337181091308594 -0.0946807861328125 -0.230606079101563
0.00530624389648437 0.0665283203125 0.2548828125 -0.172149658203125
0.0290985107421875 0.0533447265625 0.60369873046875 0.13592529296875
0.0304298400878906 0.00568199157714844 0.58837890625 0.5615234375
0.0338497161865234 0.0179634094238281 0.1590576171875 0.66546630859375
-0.014892578125 0.0283851623535156 -0.1214599609375 0.336669921875
-0.0223655700683594 0.0280685424804688 0.103683471679688 -0.15521240234375
0.00332450866699219 0.0220718383789063 0.23138427734375 -0.6307373046875
0.0596580505371094 0.0189476013183594 -0.14520263671875 -0.77496337890625
0.06512451171875 0.008819580078125 -0.543548583984375 -0.342254638671875
0.0156898498535156 0.0417556762695313 -0.553680419921875 0.1390380859375
-0.0234699249267578 0.0123100280761719 -0.215728759765625 0.28656005859375
-0.0114736557006836 0.00741767883300781 -0.00714111328124999 0.0802383422851562
-0.052490234375 -0.139610290527344 0.0492401123046875 0.187057495117187
-0.0959930419921875 -0.120704650878906 -0.0817031860351562 -0.115493774414063
-0.0887832641601563 -0.000732421874999992 -0.02587890625 -0.242355346679688
0.0441513061523438 0.0846786499023438 0.310211181640625 -0.164886474609375
0.103347778320313 0.109390258789063 0.5849609375 0.2049560546875
0.0906143188476563 0.0913619995117188 0.50445556640625 0.621826171875
0.0264053344726562 0.126487731933594 0.10748291015625 0.65283203125
-0.0944442749023438 0.125091552734375 -0.08563232421875 0.292449951171875
-0.0868606567382813 0.125038146972656 0.131668090820313 -0.204620361328125
-0.00522613525390625 0.118125915527344 0.15765380859375 -0.6572265625
0.117713928222656 0.123870849609375 -0.2645263671875 -0.701904296875
0.146575927734375 0.0771484375 -0.57952880859375 -0.23724365234375
0.0454559326171875 0.0613250732421875 -0.5213623046875 0.18609619140625
-0.0384483337402344 -0.0323486328125 -0.169891357421875 0.287322998046875
-0.0380477905273438 -0.0739364624023438 0.00437164306640624 0.0709152221679688
-0.083953857421875 -0.205413818359375 0.0320281982421875 0.162582397460937
-0.119400024414062 -0.159423828125 -0.0420913696289063 -0.133064270019531
-0.0732803344726563 -0.0131683349609375 0.078399658203125 -0.257537841796875
0.100318908691406 0.112953186035156 0.38568115234375 -0.129302978515625
0.154647827148438 0.16839599609375 0.539215087890625 0.315582275390625
0.10272216796875 0.174819946289062 0.36676025390625 0.69378662109375
-0.0107879638671875 0.216094970703125 0.03692626953125 0.60626220703125
-0.153884887695313 0.202255249023437 -0.030548095703125 0.208358764648438
-0.0987548828125 0.208724975585938 0.147430419921875 -0.29345703125
0.0413970947265625 0.192352294921875 0.02838134765625 -0.683837890625
0.194503784179687 0.186370849609375 -0.41693115234375 -0.5736083984375
0.2021484375 0.10540771484375 -0.593505859375 -0.09130859375
0.0455055236816406 0.0461502075195313 -0.44482421875 0.235107421875
-0.0661239624023438 -0.085784912109375 -0.0937347412109375 0.273361206054688
-0.0623016357421875 -0.145980834960938 0.0175056457519531 0.0388679504394531
-0.0956878662109375 -0.2344970703125 0.0171661376953125 0.120742797851563
-0.108230590820312 -0.163299560546875 0.0126190185546875 -0.16583251953125
-0.0224018096923828 -0.002105712890625 0.198074340820313 -0.263076782226563
0.152755737304687 0.14898681640625 0.452728271484375 -0.0511474609375
0.160247802734375 0.222442626953125 0.449188232421875 0.452728271484375
0.060760498046875 0.236557006835938 0.1903076171875 0.74810791015625
-0.06781005859375 0.267807006835938 -0.029296875 0.526214599609375
-0.18524169921875 0.247116088867188 0.033905029296875 0.0970382690429688
-0.069366455078125 0.263778686523438 0.129638671875 -0.400115966796875
0.11297607421875 0.224761962890625 -0.13970947265625 -0.68695068359375
0.253692626953125 0.198013305664062 -0.549774169921875 -0.41778564453125
0.2071533203125 0.09619140625 -0.56341552734375 0.0430908203124999
0.0120906829833984 0.00186729431152344 -0.324188232421875 0.259307861328125
-0.0977020263671875 -0.138801574707031 -0.0064544677734375 0.239852905273438
-0.079193115234375 -0.197555541992188 0.0258922576904297 -0.0116462707519531
0.118759155273438 0.219696044921875 0.00896835327148438 0.0460968017578125
0.128433227539063 0.16375732421875 -0.0645294189453125 -0.187774658203125
0.0316925048828125 0.0508270263671875 0.13189697265625 -0.276290893554688
-0.160110473632813 -0.0788116455078125 0.48101806640625 -0.12152099609375
-0.256744384765625 -0.185745239257812 0.60406494140625 0.270263671875
-0.165878295898438 -0.265213012695313 0.36810302734375 0.61614990234375
0.061920166015625 -0.29473876953125 0.0123291015625 0.4808349609375
0.2484130859375 -0.263870239257813 -0.01934814453125 0.0850372314453125
0.180862426757813 -0.27764892578125 0.144195556640625 -0.412506103515625
0.0159149169921875 -0.280227661132812 0.02691650390625 -0.77142333984375
-0.158599853515625 -0.279403686523438 -0.3896484375 -0.61846923828125
-0.187667846679687 -0.17169189453125 -0.5390625 -0.0690612792968749
-0.0333328247070313 -0.0146236419677734 -0.337738037109375 0.263214111328125
0.0814056396484375 0.148651123046875 -0.03948974609375 0.200271606445313
0.0991973876953125 0.238113403320313 0.0235443115234375 -0.0834884643554687
0.10791015625 0.197067260742188 0.0284576416015625 0.09564208984375
0.118667602539062 0.16009521484375 -0.108734130859375 -0.157302856445313
0.0627517700195313 0.08575439453125 0.00958251953125001 -0.249801635742188
-0.0993423461914063 -0.0282440185546875 0.385986328125 -0.156402587890625
-0.214691162109375 -0.125946044921875 0.63873291015625 0.1702880859375
-0.178756713867187 -0.216354370117188 0.5052490234375 0.563232421875
0.0247650146484375 -0.261703491210938 0.0824279785156251 0.5567626953125
0.215286254882813 -0.233154296875 -0.0760345458984375 0.198593139648437
0.198104858398438 -0.232955932617188 0.134765625 -0.299346923828125
0.0797271728515625 -0.245071411132812 0.16033935546875 -0.72998046875
-0.083221435546875 -0.2708740234375 -0.2457275390625 -0.73529052734375
-0.164962768554688 -0.182235717773438 -0.542755126953125 -0.21368408203125
-0.0641899108886719 -0.0358810424804687 -0.43914794921875 0.21466064453125
0.0374832153320312 0.115821838378906 -0.11962890625 0.234573364257813
0.0753021240234375 0.212539672851563 0.0118236541748047 -0.0227432250976562
0.0769729614257813 0.134773254394531 0.0449371337890625 0.139556884765625
0.0764694213867188 0.117874145507813 -0.128807067871094 -0.138023376464844
0.0472793579101563 0.0956344604492187 -0.0782012939453125 -0.233596801757812
-0.0473747253417969 0.0193710327148438 0.297271728515625 -0.168304443359375
-0.137611389160156 -0.0618362426757813 0.6375732421875 0.11700439453125
-0.133865356445312 -0.150054931640625 0.59490966796875 0.527587890625
0.01385498046875 -0.1904296875 0.14434814453125 0.61370849609375
0.153106689453125 -0.166412353515625 -0.11474609375 0.288330078125
0.157058715820313 -0.1588134765625 0.10882568359375 -0.207962036132812
0.090545654296875 -0.171401977539063 0.23272705078125 -0.6737060546875
-0.0162811279296875 -0.20623779296875 -0.140625 -0.79107666015625
-0.101821899414062 -0.148956298828125 -0.5286865234375 -0.323974609375
-0.0599899291992188 -0.0289649963378906 -0.51025390625 0.1646728515625
0.00402832031250001 0.0820159912109375 -0.186111450195313 0.262588500976562
0.0449066162109375 0.157791137695313 0.000349044799804689 0.0290336608886719
0.035552978515625 0.0486602783203125 0.06097412109375 0.173187255859375
0.0173873901367188 0.0413398742675781 -0.125076293945312 -0.120208740234375
-0.00194549560546876 0.0742721557617187 -0.11456298828125 -0.2265625
-0.0180397033691406 0.0489044189453125 0.250579833984375 -0.173248291015625
-0.0534133911132813 -0.0011444091796875 0.62359619140625 0.10345458984375
-0.0547943115234375 -0.0752716064453125 0.625244140625 0.524658203125
0.0231781005859375 -0.0940704345703125 0.17706298828125 0.65130615234375
0.0728759765625 -0.0749664306640625 -0.130401611328125 0.338592529296875
0.0719985961914063 -0.0687484741210938 0.0917816162109375 -0.1585693359375
0.0504074096679688 -0.0770797729492188 0.25103759765625 -0.63787841796875
0.023712158203125 -0.100845336914063 -0.1072998046875 -0.8056640625
-0.0217819213867188 -0.0778732299804688 -0.527679443359375 -0.369964599609375
-0.0267333984375 0.00323677062988281 -0.551513671875 0.134185791015625
-0.0138435363769531 0.0486526489257813 -0.21990966796875 0.27801513671875
0.0162429809570312 0.0880661010742188 -0.00787353515625 0.0664291381835937
-0.0109481811523437 -0.0507164001464844 0.06109619140625 0.190582275390625
-0.0453643798828125 -0.0479240417480469 -0.109893798828125 -0.112220764160156
-0.0583229064941406 0.0342903137207031 -0.0957794189453125 -0.231521606445313
0.00566482543945313 0.067840576171875 0.256942749023438 -0.17669677734375
0.0298843383789062 0.0542716979980469 0.6104736328125 0.13287353515625
0.0303440093994141 0.00549507141113281 0.59832763671875 0.56048583984375
0.0342273712158203 0.0173358917236328 0.16424560546875 0.66851806640625
-0.0145015716552734 0.0283832550048828 -0.119537353515625 0.3408203125
-0.022918701171875 0.0285434722900391 0.102401733398437 -0.15716552734375
0.00269699096679688 0.0229892730712891 0.2275390625 -0.63726806640625
0.059814453125 0.0187225341796875 -0.15216064453125 -0.7803955078125
0.0648307800292969 0.007904052734375 -0.55084228515625 -0.340911865234375
0.0158348083496094 0.0416183471679688 -0.55780029296875 0.145294189453125
-0.0238075256347656 0.0132274627685547 -0.216094970703125 0.28973388671875
-0.0119543075561523 0.00738430023193359 -0.00655364990234375 0.0811309814453125
-0.0540390014648438 -0.140525817871094 0.05059814453125 0.186553955078125
-0.0969161987304687 -0.1199951171875 -0.0835342407226563 -0.115974426269531
-0.0879745483398438 3.05175781250117E-05 -0.027191162109375 -0.244674682617188
0.045196533203125 0.08526611328125 0.31182861328125 -0.168609619140625
0.105888366699219 0.109474182128906 0.58953857421875 0.20166015625
0.0921478271484375 0.091217041015625 0.5137939453125 0.62255859375
0.0267562866210937 0.126640319824219 0.11480712890625 0.65673828125
-0.0940017700195313 0.127029418945313 -0.084075927734375 0.29534912109375
-0.08697509765625 0.125823974609375 0.130157470703125 -0.2069091796875
-0.00533294677734375 0.119422912597656 0.1534423828125 -0.6630859375
0.119285583496094 0.123451232910156 -0.27301025390625 -0.70428466796875
0.149139404296875 0.0757293701171875 -0.5875244140625 -0.232421875
0.0466384887695313 0.0607223510742188 -0.52655029296875 0.192352294921875
-0.0384407043457031 -0.03167724609375 -0.16973876953125 0.29071044921875
-0.0383377075195313 -0.0751876831054688 0.0054473876953125 0.0713043212890625
-0.0849761962890625 -0.205032348632813 0.033294677734375 0.162216186523438
-0.119903564453125 -0.159469604492187 -0.0438385009765625 -0.134140014648438
-0.0737075805664063 -0.01251220703125 0.07830810546875 -0.260421752929688
0.10321044921875 0.112922668457031 0.388916015625 -0.13336181640625
0.156646728515625 0.168304443359375 0.546112060546875 0.313385009765625
0.104843139648438 0.175460815429688 0.3743896484375 0.696044921875
-0.00918579101562499 0.2176513671875 0.04217529296875 0.60919189453125
-0.153945922851563 0.2054443359375 -0.029571533203125 0.210342407226563
-0.0986175537109375 0.21173095703125 0.1456298828125 -0.2960205078125
0.0412750244140625 0.194244384765625 0.02239990234375 -0.6883544921875
0.197723388671875 0.185958862304688 -0.42596435546875 -0.576416015625
0.20465087890625 0.103958129882813 -0.6007080078125 -0.0865478515625001
0.0474052429199219 0.0457077026367188 -0.44683837890625 0.2418212890625
-0.0667190551757813 -0.0848236083984375 -0.09222412109375 0.275909423828125
-0.0638427734375 -0.14617919921875 0.0187644958496094 0.0394515991210937
-0.0973358154296875 -0.23480224609375 0.017059326171875 0.120315551757813
-0.109619140625 -0.16259765625 0.010345458984375 -0.16741943359375
-0.0218143463134766 -0.00199317932128906 0.198776245117187 -0.267242431640625
0.155029296875 0.148818969726563 0.45672607421875 -0.054534912109375
0.162582397460938 0.22357177734375 0.457275390625 0.452239990234375
0.0634002685546875 0.238433837890625 0.198974609375 0.7508544921875
-0.066619873046875 0.269622802734375 -0.0252685546875 0.5316162109375
-0.185089111328125 0.25128173828125 0.0352706909179687 0.09783935546875
-0.06787109375 0.266448974609375 0.127777099609375 -0.404052734375
0.114166259765625 0.2259521484375 -0.14599609375 -0.69024658203125
0.256607055664063 0.196868896484375 -0.55841064453125 -0.416534423828125
0.209716796875 0.0940093994140625 -0.56781005859375 0.04827880859375
0.0126819610595703 0.00144767761230469 -0.32470703125 0.2642822265625
-0.0987625122070313 -0.138282775878906 -0.00430297851562503 0.241897583007813
-0.081573486328125 -0.198089599609375 0.0265331268310547 -0.0117340087890625
0.122406005859375 0.21856689453125 0.00786972045898438 0.0458869934082031
0.13018798828125 0.16302490234375 -0.0667724609375 -0.187591552734375
0.0314140319824219 0.0507926940917969 0.130722045898437 -0.2808837890625
-0.162567138671875 -0.077789306640625 0.483673095703125 -0.129058837890625
-0.259857177734375 -0.18475341796875 0.61181640625 0.266845703125
-0.168426513671875 -0.266159057617188 0.378173828125 0.6168212890625
0.0601806640625 -0.298004150390625 0.0158996582031251 0.485076904296875
0.248245239257813 -0.2696533203125 -0.0193099975585937 0.0866165161132812
0.180145263671875 -0.28125 0.140655517578125 -0.416748046875
0.014434814453125 -0.28265380859375 0.02044677734375 -0.7789306640625
-0.162246704101562 -0.280075073242188 -0.40057373046875 -0.61968994140625
-0.191146850585938 -0.170501708984375 -0.54547119140625 -0.0646972656250001
-0.0341606140136719 -0.0134429931640625 -0.339447021484375 0.26837158203125
0.08270263671875 0.148788452148438 -0.0389862060546875 0.201553344726562
0.1025390625 0.238906860351562 0.0235671997070313 -0.0838623046875
0.110809326171875 0.196441650390625 0.028411865234375 0.0958099365234375
0.120361328125 0.159317016601563 -0.111297607421875 -0.15655517578125
0.0627899169921875 0.0856170654296875 0.00668334960937502 -0.252365112304688
-0.100852966308594 -0.0270309448242188 0.388519287109375 -0.16253662109375
-0.218185424804687 -0.124786376953125 0.64556884765625 0.16534423828125
-0.181884765625 -0.216506958007812 0.51513671875 0.56317138671875
0.023101806640625 -0.265167236328125 0.0873413085937499 0.561004638671875
0.215087890625 -0.237579345703125 -0.075439453125 0.201828002929687
0.197341918945313 -0.236801147460938 0.13232421875 -0.302703857421875
0.0783233642578125 -0.246719360351563 0.153564453125 -0.7371826171875
-0.0861968994140625 -0.271896362304688 -0.2572021484375 -0.737548828125
-0.168365478515625 -0.182479858398438 -0.55059814453125 -0.2078857421875
-0.0651321411132813 -0.0347366333007812 -0.44232177734375 0.220458984375
0.03826904296875 0.116607666015625 -0.119232177734375 0.237625122070313
0.0780029296875 0.213150024414062 0.0110816955566406 -0.0222434997558594
0.079315185546875 0.134384155273438 0.0457000732421875 0.139312744140625
0.078765869140625 0.117240905761719 -0.131057739257812 -0.13787841796875
0.0488662719726562 0.0961380004882813 -0.0801544189453125 -0.235198974609375
-0.0472793579101563 0.0198707580566406 0.29901123046875 -0.1734619140625
-0.138656616210938 -0.0604324340820313 0.64306640625 0.11077880859375
-0.135528564453125 -0.150375366210938 0.6025390625 0.52545166015625
0.012847900390625 -0.193618774414063 0.1505126953125 0.61663818359375
0.153182983398438 -0.170242309570313 -0.11346435546875 0.2926025390625
0.156906127929688 -0.161636352539063 0.106719970703125 -0.210113525390625
0.089813232421875 -0.172027587890625 0.2275390625 -0.68017578125
-0.0181732177734375 -0.207305908203125 -0.1500244140625 -0.79608154296875
-0.104217529296875 -0.149368286132812 -0.53662109375 -0.32025146484375
-0.0610580444335938 -0.0280990600585938 -0.51397705078125 0.170623779296875
0.0042724609375 0.0831298828125 -0.185821533203125 0.265945434570313
0.0464935302734375 0.158157348632813 0.000968933105468752 0.0298290252685547
0.0371894836425781 0.0479278564453125 0.0618438720703125 0.172698974609375
0.0179252624511719 0.0410232543945312 -0.127349853515625 -0.120162963867188
-0.00156402587890625 0.0745315551757812 -0.117294311523437 -0.227569580078125
-0.01812744140625 0.0494422912597656 0.251220703125 -0.177932739257813
-0.0533943176269531 -0.000587463378906257 0.6298828125 0.09820556640625
-0.05535888671875 -0.07550048828125 0.63592529296875 0.52252197265625
0.0219955444335938 -0.0950927734375 0.1839599609375 0.6556396484375
0.0718917846679688 -0.0767822265625 -0.128448486328125 0.342437744140625
0.0720977783203125 -0.0692825317382813 0.0897674560546875 -0.160232543945313
0.0496139526367187 -0.0774688720703125 0.2469482421875 -0.6441650390625
0.0224533081054687 -0.101882934570313 -0.11663818359375 -0.8109130859375
-0.0236968994140625 -0.0787200927734375 -0.53790283203125 -0.36895751953125
-0.0270423889160156 0.00398635864257813 -0.5550537109375 0.14068603515625
-0.0138130187988281 0.0495033264160156 -0.2203369140625 0.282318115234375
0.0180282592773438 0.0887069702148438 -0.00724411010742187 0.0672950744628906
-0.01116943359375 -0.0504035949707031 0.062652587890625 0.189620971679688
-0.0462265014648437 -0.0469741821289062 -0.112060546875 -0.112640380859375
-0.0573997497558594 0.0351638793945313 -0.098602294921875 -0.233200073242188
0.00674057006835938 0.067413330078125 0.257797241210938 -0.180572509765625
0.0311737060546875 0.0540313720703125 0.61572265625 0.12640380859375
0.0311183929443359 0.00514793395996094 0.60919189453125 0.55828857421875
0.0341300964355469 0.0164566040039062 0.17059326171875 0.67108154296875
-0.0146083831787109 0.0289096832275391 -0.117950439453125 0.3450927734375
-0.0231113433837891 0.0290641784667969 0.100830078125 -0.159042358398438
0.0024261474609375 0.0237789154052734 0.2218017578125 -0.641357421875
0.0603141784667969 0.0186271667480469 -0.16265869140625 -0.782958984375
0.065765380859375 0.00732040405273438 -0.561279296875 -0.33856201171875
0.0165176391601563 0.0421638488769531 -0.56353759765625 0.15216064453125
-0.0234050750732422 0.0136241912841797 -0.2149658203125 0.293121337890625
-0.0111980438232422 0.00736904144287109 -0.005645751953125 0.0818634033203125
-0.0548782348632813 -0.140541076660156 0.05194091796875 0.185562133789063
-0.09783935546875 -0.119407653808594 -0.0853805541992188 -0.116401672363281
-0.0879669189453125 0.000938415527343765 -0.0277557373046875 -0.246292114257813
0.0466384887695313 0.0850906372070313 0.313934326171875 -0.173492431640625
0.108131408691406 0.1094970703125 0.59771728515625 0.19708251953125
0.0935134887695313 0.0911941528320313 0.5242919921875 0.6229248046875
0.028076171875 0.127059936523438 0.12030029296875 0.6597900390625
-0.0936737060546875 0.129013061523438 -0.08245849609375 0.29913330078125
-0.0860137939453125 0.127716064453125 0.128433227539062 -0.208816528320312
-0.0054168701171875 0.12164306640625 0.147705078125 -0.66845703125
0.120758056640625 0.122779846191406 -0.2828369140625 -0.7066650390625
0.14996337890625 0.0747222900390625 -0.5950927734375 -0.22930908203125
0.0485382080078125 0.0608253479003906 -0.531097412109375 0.19830322265625
-0.0391311645507813 -0.0312271118164063 -0.168792724609375 0.29443359375
-0.0382766723632812 -0.0744476318359375 0.00645446777343751 0.0722579956054688
-0.08624267578125 -0.205825805664063 0.035186767578125 0.161880493164063
-0.121963500976563 -0.158370971679688 -0.0458755493164062 -0.134231567382812
-0.0727767944335938 -0.011474609375 0.0765380859375 -0.264144897460938
0.105010986328125 0.112091064453125 0.3912353515625 -0.138702392578125
0.159912109375 0.168441772460937 0.553680419921875 0.309600830078125
0.107467651367188 0.175643920898438 0.38360595703125 0.697998046875
-0.00686645507812499 0.218719482421875 0.04864501953125 0.61334228515625
-0.1527099609375 0.208358764648438 -0.0279541015625 0.212600708007812
-0.09820556640625 0.214370727539063 0.14306640625 -0.2999267578125
0.042755126953125 0.196258544921875 0.0150146484375 -0.693603515625
0.200347900390625 0.185592651367188 -0.4344482421875 -0.5755615234375
0.207809448242188 0.101455688476563 -0.6068115234375 -0.0808715820312499
0.0480728149414063 0.0451850891113281 -0.449310302734375 0.24896240234375
-0.0676727294921875 -0.0846176147460938 -0.0906829833984375 0.278579711914063
-0.0651092529296875 -0.146774291992188 0.0198554992675781 0.0397567749023437
-0.09906005859375 -0.235382080078125 0.0178909301757813 0.120170593261719
-0.110565185546875 -0.161758422851563 0.00918579101562498 -0.168869018554688
-0.0203437805175781 -0.00143623352050782 0.198287963867188 -0.271865844726563
0.157119750976562 0.148178100585938 0.460845947265625 -0.059112548828125
0.166915893554688 0.223785400390625 0.46612548828125 0.45355224609375
0.0659332275390625 0.239883422851563 0.2081298828125 0.75567626953125
-0.065155029296875 0.27203369140625 -0.019256591796875 0.53363037109375
-0.184906005859375 0.254867553710938 0.0361557006835937 0.0983123779296875
-0.066802978515625 0.269180297851563 0.12298583984375 -0.40875244140625
0.115875244140625 0.227081298828125 -0.15521240234375 -0.6929931640625
0.259689331054688 0.195892333984375 -0.5670166015625 -0.41455078125
0.212936401367188 0.092193603515625 -0.5728759765625 0.0552978515624999
0.0139551162719727 0.00124931335449219 -0.326690673828125 0.270599365234375
-0.09991455078125 -0.137428283691406 -0.00238037109375003 0.244400024414062
-0.0829315185546875 -0.19879150390625 0.0276279449462891 -0.0114593505859375
0.12548828125 0.217361450195313 0.00782775878906251 0.0461349487304688
0.13323974609375 0.161727905273438 -0.0698699951171875 -0.188217163085938
0.0311546325683594 0.0513801574707031 0.128082275390625 -0.284942626953125
-0.165054321289063 -0.075714111328125 0.48663330078125 -0.13519287109375
-0.263778686523438 -0.1824951171875 0.61920166015625 0.26123046875
-0.171463012695313 -0.2664794921875 0.3878173828125 0.61627197265625
0.0572509765625 -0.30169677734375 0.021209716796875 0.488067626953125
0.247055053710938 -0.274612426757813 -0.0189056396484375 0.0871810913085938
0.178497314453125 -0.28582763671875 0.136199951171875 -0.42022705078125
0.01116943359375 -0.284088134765625 0.00988769531249994 -0.78369140625
-0.166793823242188 -0.279647827148437 -0.41131591796875 -0.618896484375
-0.195220947265625 -0.1690673828125 -0.55072021484375 -0.057098388671875
-0.0354156494140625 -0.0129585266113281 -0.338470458984375 0.27484130859375
0.084716796875 0.148574829101563 -0.0370635986328125 0.203170776367188
0.105712890625 0.2381591796875 0.0230026245117188 -0.0837631225585937
0.113571166992188 0.195053100585938 0.0285186767578125 0.0951690673828125
0.123138427734375 0.158493041992188 -0.113571166992187 -0.156387329101563
0.0639266967773438 0.0858154296875 0.00447082519531248 -0.255233764648438
-0.102043151855469 -0.0253524780273437 0.3896484375 -0.168670654296875
-0.220443725585938 -0.123031616210938 0.65234375 0.1591796875
-0.184188842773438 -0.216552734375 0.525360107421875 0.561737060546875
0.02093505859375 -0.267593383789062 0.0940551757812501 0.56427001953125
0.214675903320313 -0.242218017578125 -0.073638916015625 0.204620361328125
0.1961669921875 -0.241348266601562 0.129119873046875 -0.30548095703125
0.0763702392578125 -0.24896240234375 0.14569091796875 -0.74200439453125
-0.0902099609375 -0.27288818359375 -0.26776123046875 -0.7388916015625
-0.172210693359375 -0.18048095703125 -0.557708740234375 -0.202239990234375
-0.0665435791015625 -0.0337448120117188 -0.443695068359375 0.22772216796875
0.038970947265625 0.117012023925781 -0.118255615234375 0.239761352539063
0.080780029296875 0.212570190429688 0.0110054016113281 -0.0224056243896484
0.0818328857421875 0.133163452148438 0.0464401245117188 0.138137817382813
0.0809326171875 0.116355895996094 -0.133567810058594 -0.137359619140625
0.0496444702148438 0.095611572265625 -0.0828094482421875 -0.236236572265625
-0.0479316711425781 0.0210838317871094 0.299957275390625 -0.179595947265625
-0.140129089355469 -0.0593719482421875 0.64923095703125 0.10400390625
-0.137649536132813 -0.149993896484375 0.6141357421875 0.522216796875
0.0103607177734375 -0.195480346679688 0.158935546875 0.6202392578125
0.152206420898438 -0.173446655273438 -0.111236572265625 0.296356201171875
0.156967163085938 -0.164321899414063 0.1046142578125 -0.212158203125
0.0877838134765625 -0.173553466796875 0.21966552734375 -0.68646240234375
-0.0212249755859375 -0.2086181640625 -0.16143798828125 -0.80133056640625
-0.10687255859375 -0.149078369140625 -0.544586181640625 -0.31536865234375
-0.0623054504394531 -0.0270652770996094 -0.516082763671875 0.177032470703125
0.00428009033203125 0.0834808349609375 -0.185043334960937 0.269546508789063
0.04913330078125 0.158554077148438 0.00132942199707032 0.0303840637207031
0.0383186340332031 0.0471343994140625 0.063079833984375 0.171890258789062
0.0193862915039063 0.0408401489257813 -0.129554748535156 -0.120147705078125
4.55891929891685E-18 0.0744552612304688 -0.119354248046875 -0.229141235351563
-0.0171737670898437 0.0494422912597656 0.251983642578125 -0.182174682617187
-0.0533485412597656 0.000518798828124988 0.635498046875 0.09112548828125
-0.056427001953125 -0.0748825073242188 0.64569091796875 0.51922607421875
0.0214080810546875 -0.0973663330078125 0.19232177734375 0.65814208984375
0.0721588134765625 -0.0785598754882813 -0.12542724609375 0.34735107421875
0.0723037719726563 -0.0713119506835938 0.0876617431640625 -0.162429809570313
0.0488052368164063 -0.0775222778320313 0.239501953125 -0.6510009765625
0.0214004516601563 -0.102729797363281 -0.12701416015625 -0.8154296875
-0.0249481201171875 -0.0786361694335937 -0.546905517578125 -0.361480712890625
-0.0274982452392578 0.00384902954101562 -0.55792236328125 0.14874267578125
-0.0132598876953125 0.0498046875 -0.219024658203125 0.287109375
0.0192642211914062 0.0885543823242187 -0.00640869140625 0.0679435729980469
-0.0108108520507813 -0.0519523620605469 0.064178466796875 0.188873291015625
-0.0470046997070313 -0.0467948913574219 -0.113883972167969 -0.112319946289062
-0.0570793151855469 0.0364265441894531 -0.100738525390625 -0.234909057617187
0.00790786743164062 0.0671272277832031 0.258636474609375 -0.1854248046875
0.0323486328125 0.0541191101074219 0.6224365234375 0.11895751953125
0.0317478179931641 0.00496673583984375 0.61883544921875 0.55523681640625
0.0350780487060547 0.0158462524414063 0.17999267578125 0.67449951171875
-0.0145416259765625 0.0292644500732422 -0.11474609375 0.350067138671875
-0.0226783752441406 0.0291900634765625 0.0978851318359375 -0.160888671875
0.0016632080078125 0.0242938995361328 0.215087890625 -0.64837646484375
0.0606689453125 0.0180320739746094 -0.170166015625 -0.786865234375
0.0662002563476563 0.00599288940429688 -0.57220458984375 -0.3341064453125
0.0174369812011719 0.0419120788574219 -0.56658935546875 0.160888671875
-0.023956298828125 0.0141944885253906 -0.2139892578125 0.29718017578125
-0.0106687545776367 0.00776290893554688 -0.00390625000000001 0.0828323364257813
-0.0563507080078125 -0.141372680664063 0.05426025390625 0.185043334960938
-0.099456787109375 -0.118476867675781 -0.0873947143554687 -0.117156982421875
-0.0877227783203125 0.00173950195312498 -0.0301513671875 -0.248870849609375
0.048858642578125 0.0843887329101562 0.31524658203125 -0.17840576171875
0.109443664550781 0.108444213867187 0.6046142578125 0.191162109375
0.0952835083007813 0.091217041015625 0.53485107421875 0.621826171875
0.0295028686523438 0.1270751953125 0.1292724609375 0.6619873046875
-0.0935440063476563 0.1312255859375 -0.07940673828125 0.30255126953125
-0.0863113403320313 0.130142211914063 0.125900268554688 -0.2117919921875
-0.00482940673828124 0.122848510742188 0.138671875 -0.6727294921875
0.12286376953125 0.122451782226563 -0.29345703125 -0.708984375
0.152084350585938 0.073028564453125 -0.6036376953125 -0.22479248046875
0.0491905212402344 0.0603713989257812 -0.532440185546875 0.20697021484375
-0.0393333435058594 -0.0306243896484375 -0.167755126953125 0.297882080078125
-0.038970947265625 -0.0747146606445313 0.0079803466796875 0.0726852416992188
-0.0887298583984375 -0.20611572265625 0.0355987548828125 0.161163330078125
-0.1229248046875 -0.15667724609375 -0.04779052734375 -0.135932922363281
-0.0722885131835938 -0.0102996826171875 0.07415771484375 -0.267196655273438
0.10748291015625 0.11083984375 0.392852783203125 -0.14312744140625
0.162979125976563 0.16815185546875 0.56298828125 0.30572509765625
0.10943603515625 0.175857543945313 0.3934326171875 0.6990966796875
-0.00500488281250002 0.219772338867188 0.0552978515624999 0.61639404296875
-0.152786254882812 0.211090087890625 -0.0260009765625 0.21484375
-0.096221923828125 0.216995239257813 0.1396484375 -0.3026123046875
0.0442047119140625 0.197601318359375 0.00665283203125004 -0.6966552734375
0.203033447265625 0.184402465820313 -0.4444580078125 -0.576171875
0.210205078125 0.099609375 -0.6129150390625 -0.0726318359375001
0.0497779846191406 0.0452461242675781 -0.451080322265625 0.25518798828125
-0.068115234375 -0.0838851928710937 -0.0883636474609375 0.281112670898438
-0.0666046142578125 -0.1466064453125 0.0213165283203125 0.0404014587402344
-0.099884033203125 -0.235153198242188 0.019805908203125 0.119911193847656
-0.111770629882813 -0.16021728515625 0.00682067871093748 -0.170135498046875
-0.0198230743408203 -0.00168037414550781 0.197280883789063 -0.275848388671875
0.159912109375 0.147415161132813 0.4637451171875 -0.065093994140625
0.170516967773438 0.223373413085938 0.474151611328125 0.44866943359375
0.0683441162109375 0.240646362304688 0.21820068359375 0.75958251953125
-0.0628204345703125 0.27374267578125 -0.012542724609375 0.5372314453125
-0.182769775390625 0.2591552734375 0.0371932983398437 0.0986557006835938
-0.06463623046875 0.27130126953125 0.118377685546875 -0.412445068359375
0.118438720703125 0.228073120117187 -0.1640625 -0.696533203125
0.264328002929688 0.193893432617188 -0.57574462890625 -0.41119384765625
0.215728759765625 0.0895843505859375 -0.578369140625 0.0625610351562499
0.0143756866455078 0.000947952270507813 -0.32696533203125 0.27691650390625
-0.101242065429688 -0.136825561523437 0.00070190429687498 0.245376586914063
-0.0857391357421875 -0.19879150390625 0.0283374786376953 -0.0112895965576172
0.128372192382813 0.215652465820313 0.00695419311523438 0.0456886291503906
0.135116577148438 0.160293579101562 -0.07330322265625 -0.18780517578125
0.0312271118164063 0.0517425537109375 0.12530517578125 -0.28802490234375
-0.1676025390625 -0.073638916015625 0.48858642578125 -0.14337158203125
-0.267654418945313 -0.18023681640625 0.62725830078125 0.2540283203125
-0.175369262695312 -0.2664794921875 0.397216796875 0.6156005859375
0.054351806640625 -0.304962158203125 0.02703857421875 0.49102783203125
0.246429443359375 -0.280044555664063 -0.0181884765625 0.0886993408203125
0.176300048828125 -0.290863037109375 0.13153076171875 -0.424530029296875
0.00875854492187501 -0.28558349609375 0.00177001953125007 -0.78814697265625
-0.171295166015625 -0.279022216796875 -0.42181396484375 -0.6182861328125
-0.198745727539063 -0.1671142578125 -0.556549072265625 -0.0499267578125001
-0.035980224609375 -0.0124473571777344 -0.337738037109375 0.281097412109375
0.0859375 0.148651123046875 -0.0357818603515625 0.204299926757813
0.109420776367188 0.237152099609375 0.0219268798828125 -0.083770751953125
0.116790771484375 0.192901611328125 0.0285263061523438 0.0947723388671875
0.1259765625 0.157485961914063 -0.116668701171875 -0.155731201171875
0.0641555786132813 0.085479736328125 0.00148010253906251 -0.25677490234375
-0.10406494140625 -0.0235671997070313 0.390106201171875 -0.175628662109375
-0.223312377929688 -0.119918823242187 0.65985107421875 0.152099609375
-0.187164306640625 -0.21575927734375 0.536895751953125 0.5570068359375
0.0174713134765625 -0.270523071289063 0.10089111328125 0.56695556640625
0.213226318359375 -0.24761962890625 -0.0716400146484375 0.207199096679687
0.194732666015625 -0.24517822265625 0.12542724609375 -0.308349609375
0.0745086669921875 -0.250778198242188 0.13641357421875 -0.7486572265625
-0.094024658203125 -0.27239990234375 -0.27984619140625 -0.7412109375
-0.175704956054688 -0.179183959960938 -0.56475830078125 -0.196044921875
-0.0675811767578125 -0.0325546264648437 -0.44390869140625 0.235443115234375
0.040252685546875 0.116935729980469 -0.116989135742188 0.242721557617188
0.0836181640625 0.211990356445312 0.0105171203613281 -0.0216922760009765
0.0839920043945313 0.131095886230469 0.0474472045898438 0.1373291015625
0.0825958251953125 0.11566162109375 -0.136390686035156 -0.135848999023438
0.0504531860351563 0.0951309204101562 -0.086334228515625 -0.237472534179688
-0.0487480163574219 0.0224342346191406 0.299346923828125 -0.183624267578125
-0.14215087890625 -0.0569000244140625 0.6546630859375 0.09619140625
-0.1402587890625 -0.14959716796875 0.62408447265625 0.51715087890625
0.0079193115234375 -0.1978759765625 0.1658935546875 0.623046875
0.151626586914063 -0.1768798828125 -0.1087646484375 0.30047607421875
0.155776977539063 -0.16790771484375 0.100967407226563 -0.213455200195313
0.0866241455078125 -0.175491333007812 0.211669921875 -0.69293212890625
-0.0240631103515625 -0.209182739257813 -0.1724853515625 -0.8017578125
-0.110488891601563 -0.148651123046875 -0.553192138671875 -0.310028076171875
-0.0628013610839844 -0.0264930725097656 -0.51739501953125 0.18603515625
0.00466918945312501 0.0844345092773437 -0.183975219726562 0.272735595703125
0.0520172119140625 0.158187866210938 0.00168418884277344 0.0309638977050781
0.0393104553222656 0.04595947265625 0.0647125244140625 0.170211791992188
0.0200386047363281 0.0402107238769531 -0.132164001464844 -0.118682861328125
0.00110626220703126 0.07513427734375 -0.122772216796875 -0.2301025390625
-0.0166893005371094 0.0498695373535156 0.252273559570313 -0.187347412109375
-0.0536041259765625 0.00180816650390626 0.6409912109375 0.08294677734375
-0.0572052001953125 -0.0755462646484375 0.65606689453125 0.5140380859375
0.0200271606445313 -0.0984573364257813 0.20166015625 0.66033935546875
0.0719528198242188 -0.0795745849609375 -0.12286376953125 0.35137939453125
0.0717010498046875 -0.0718002319335938 0.0848541259765625 -0.163803100585938
0.048126220703125 -0.0785903930664063 0.23089599609375 -0.6568603515625
0.0205535888671875 -0.10345458984375 -0.13836669921875 -0.81744384765625
-0.0265274047851562 -0.0789031982421875 -0.55609130859375 -0.358062744140625
-0.0273056030273438 0.00461769104003907 -0.560760498046875 0.1575927734375
-0.0128173828125 0.0511474609375 -0.218353271484375 0.291412353515625
0.0210800170898438 0.0886154174804688 -0.00484848022460937 0.0687980651855469
-0.0115127563476562 -0.0529212951660156 0.06646728515625 0.187362670898438
-0.0463218688964844 -0.0461883544921875 -0.115928649902344 -0.112472534179688
-0.0567703247070313 0.036529541015625 -0.10333251953125 -0.236434936523438
0.0089263916015625 0.0667457580566406 0.258651733398438 -0.190460205078125
0.0331039428710938 0.0547256469726563 0.62664794921875 0.11163330078125
0.0318012237548828 0.00492286682128906 0.630126953125 0.55072021484375
0.03521728515625 0.0150794982910156 0.18890380859375 0.6767578125
-0.0142574310302734 0.0297107696533203 -0.111358642578125 0.35382080078125
-0.0226383209228516 0.0302219390869141 0.0958709716796875 -0.162109375
0.00163078308105469 0.0250244140625 0.20770263671875 -0.65386962890625
0.0604705810546875 0.0168647766113281 -0.1845703125 -0.78814697265625
0.0662345886230469 0.00503158569335938 -0.57916259765625 -0.326904296875
0.0183982849121094 0.0417327880859375 -0.56951904296875 0.16876220703125
-0.0234508514404297 0.0153141021728516 -0.212982177734375 0.302459716796875
-0.0106639862060547 0.00675201416015625 -0.00305175781250001 0.0836334228515625
-0.05718994140625 -0.14215087890625 0.0559539794921875 0.183837890625
-0.100288391113281 -0.117027282714844 -0.0900650024414062 -0.116744995117188
-0.08709716796875 0.00314331054687501 -0.0332489013671875 -0.250686645507813
0.05010986328125 0.0844573974609375 0.31494140625 -0.183563232421875
0.112335205078125 0.107810974121094 0.6103515625 0.18365478515625
0.0969161987304688 0.0907974243164063 0.54638671875 0.6180419921875
0.0306396484375 0.126609802246094 0.137451171875 0.66485595703125
-0.0926055908203125 0.133125305175781 -0.07666015625 0.305877685546875
-0.085418701171875 0.132034301757813 0.123245239257813 -0.213897705078125
-0.00369262695312501 0.12408447265625 0.1297607421875 -0.67889404296875
0.124565124511719 0.121360778808594 -0.3046875 -0.70794677734375
0.153274536132813 0.07110595703125 -0.61151123046875 -0.21685791015625
0.0504302978515625 0.0600357055664062 -0.535400390625 0.215576171875
-0.0382652282714844 -0.0301628112792969 -0.1646728515625 0.301025390625
-0.0394744873046875 -0.074615478515625 0.00930786132812499 0.0732650756835938
-0.0905609130859375 -0.206130981445313 0.0374298095703125 0.160568237304688
-0.125137329101563 -0.156021118164062 -0.0504379272460938 -0.135848999023438
-0.0718917846679688 -0.0104217529296875 0.0724334716796875 -0.269775390625
0.109619140625 0.109672546386719 0.394073486328125 -0.149993896484375
0.166290283203125 0.166854858398438 0.5692138671875 0.30035400390625
0.11212158203125 0.1756591796875 0.4073486328125 0.6986083984375
-0.0035858154296875 0.221298217773437 0.062744140625 0.61865234375
-0.151260375976563 0.214553833007813 -0.0236663818359375 0.216629028320313
-0.0947265625 0.220596313476563 0.136199951171875 -0.30615234375
0.045440673828125 0.19891357421875 -0.00140380859374993 -0.699462890625
0.206405639648437 0.18243408203125 -0.45416259765625 -0.57257080078125
0.212875366210938 0.096435546875 -0.61956787109375 -0.06591796875
0.0506744384765625 0.0446929931640625 -0.452667236328125 0.26434326171875
-0.0682144165039062 -0.0830001831054688 -0.085662841796875 0.28369140625
-0.068511962890625 -0.14569091796875 0.0222320556640625 0.0400505065917969
-0.1031494140625 -0.23468017578125 0.020721435546875 0.119064331054687
-0.113265991210937 -0.159149169921875 0.0045928955078125 -0.1717529296875
-0.0190525054931641 -0.00113487243652344 0.1956787109375 -0.280807495117188
0.163238525390625 0.14459228515625 0.46685791015625 -0.0704345703125
0.174407958984375 0.222503662109375 0.484222412109375 0.446868896484375
0.0712432861328125 0.24176025390625 0.2298583984375 0.76007080078125
-0.059478759765625 0.276519775390625 -0.00674438476562499 0.539703369140625
-0.181655883789063 0.263473510742188 0.0384521484375 0.0990676879882813
-0.06201171875 0.274322509765625 0.11322021484375 -0.415985107421875
0.120758056640625 0.228897094726563 -0.1746826171875 -0.697998046875
0.267135620117188 0.190536499023438 -0.5845947265625 -0.4056396484375
0.218231201171875 0.0867462158203125 -0.5810546875 0.0713500976562499
0.0148630142211914 0.000262260437011719 -0.327392578125 0.284454345703125
-0.102745056152344 -0.135719299316406 0.00299072265625 0.246597290039063
-0.0885772705078125 -0.19915771484375 0.0286712646484375 -0.0113639831542969
0.132614135742188 0.213455200195313 0.00688934326171875 0.0461082458496094
0.137725830078125 0.158004760742188 -0.076324462890625 -0.187179565429687
0.0314216613769531 0.0517654418945313 0.122283935546875 -0.292236328125
-0.168960571289063 -0.0705413818359375 0.488983154296875 -0.151458740234375
-0.271163940429688 -0.17706298828125 0.634033203125 0.24639892578125
-0.178604125976563 -0.26556396484375 0.4075927734375 0.6131591796875
0.050994873046875 -0.30792236328125 0.03240966796875 0.49212646484375
0.244415283203125 -0.285919189453125 -0.017578125 0.0899887084960937
0.173675537109375 -0.294158935546875 0.125244140625 -0.427276611328125
0.005462646484375 -0.28643798828125 -0.0101318359375 -0.78985595703125
-0.175674438476562 -0.277084350585938 -0.43328857421875 -0.614990234375
-0.202072143554688 -0.1641845703125 -0.559051513671875 -0.041015625
-0.0364227294921875 -0.0108528137207031 -0.33599853515625 0.287353515625
0.08770751953125 0.147918701171875 -0.034027099609375 0.205459594726563
0.113555908203125 0.2352294921875 0.021636962890625 -0.0833511352539062
0.119598388671875 0.190933227539063 0.0292434692382813 0.0940933227539063
0.128662109375 0.15496826171875 -0.119705200195313 -0.154434204101563
0.0656280517578125 0.0848312377929688 -0.00213623046875 -0.258956909179687
-0.104736328125 -0.022186279296875 0.390350341796875 -0.182373046875
-0.225936889648438 -0.117141723632812 0.664306640625 0.14215087890625
-0.191009521484375 -0.214508056640625 0.54559326171875 0.553253173828125
0.0149078369140625 -0.272598266601563 0.10797119140625 0.566650390625
0.211196899414063 -0.2515869140625 -0.0697021484375 0.2098388671875
0.192367553710938 -0.249542236328125 0.12066650390625 -0.310760498046875
0.07159423828125 -0.2528076171875 0.12457275390625 -0.752197265625
-0.0984954833984375 -0.27191162109375 -0.29156494140625 -0.74029541015625
-0.179946899414063 -0.177902221679688 -0.5704345703125 -0.18890380859375
-0.0687522888183594 -0.0313911437988281 -0.444488525390625 0.24200439453125
0.0406875610351563 0.116714477539063 -0.114761352539063 0.24505615234375
0.0875396728515625 0.210678100585938 0.0110969543457031 -0.0214557647705078
0.0861434936523438 0.130172729492188 0.048583984375 0.136642456054688
0.0848464965820312 0.114471435546875 -0.139015197753906 -0.133842468261719
0.0522918701171875 0.0954513549804688 -0.0896759033203125 -0.23779296875
-0.0490646362304688 0.02294921875 0.2994384765625 -0.189361572265625
-0.14337158203125 -0.0551300048828125 0.65899658203125 0.0853271484375
-0.1427001953125 -0.148651123046875 0.63433837890625 0.51092529296875
0.0060577392578125 -0.199615478515625 0.17437744140625 0.623291015625
0.149917602539063 -0.180023193359375 -0.105224609375 0.303985595703125
0.154693603515625 -0.17059326171875 0.09796142578125 -0.215438842773438
0.084625244140625 -0.175949096679688 0.20281982421875 -0.69671630859375
-0.02716064453125 -0.210433959960938 -0.18548583984375 -0.8033447265625
-0.113311767578125 -0.14703369140625 -0.561309814453125 -0.30255126953125
-0.063507080078125 -0.025360107421875 -0.518463134765625 0.194732666015625
0.00595855712890625 0.0849761962890625 -0.181167602539063 0.2763671875
0.0543670654296875 0.157333374023437 0.00208473205566406 0.0311107635498047
0.0400314331054688 0.0447235107421875 0.0661773681640625 0.168853759765625
0.0211906433105469 0.0398902893066406 -0.134246826171875 -0.117156982421875
0.00186920166015625 0.075469970703125 -0.125442504882812 -0.2296142578125
-0.0166053771972656 0.0503196716308594 0.251022338867188 -0.193222045898438
-0.054046630859375 0.00204849243164062 0.64410400390625 0.074462890625
-0.0583572387695312 -0.0746002197265625 0.6656494140625 0.50701904296875
0.0193405151367188 -0.100021362304688 0.2110595703125 0.6612548828125
0.0705032348632813 -0.0808334350585938 -0.118988037109375 0.35455322265625
0.0710906982421875 -0.07342529296875 0.0823822021484375 -0.164657592773438
0.0470962524414062 -0.0782699584960938 0.222900390625 -0.66107177734375
0.0187225341796875 -0.104171752929688 -0.1502685546875 -0.8194580078125
-0.0282211303710937 -0.0790634155273438 -0.56512451171875 -0.35101318359375
-0.0275173187255859 0.00533676147460938 -0.561859130859375 0.165130615234375
-0.0126800537109375 0.0510597229003906 -0.2158203125 0.294708251953125
0.022735595703125 0.087982177734375 -0.0045318603515625 0.0699729919433594
-0.0114479064941406 -0.0531806945800781 0.06817626953125 0.18597412109375
-0.046966552734375 -0.0451698303222656 -0.118377685546875 -0.111915588378906
-0.055633544921875 0.0372543334960937 -0.106353759765625 -0.236007690429688
0.00991439819335938 0.0669136047363281 0.25848388671875 -0.195358276367188
0.03460693359375 0.0541801452636719 0.6324462890625 0.103515625
0.0321788787841797 0.00412368774414063 0.64111328125 0.5450439453125
0.0353660583496094 0.013946533203125 0.197998046875 0.676513671875
-0.0141239166259766 0.0299625396728516 -0.10723876953125 0.3570556640625
-0.0222587585449219 0.0304489135742187 0.0933837890625 -0.163864135742188
0.000995635986328127 0.0266265869140625 0.19891357421875 -0.65802001953125
0.0604515075683594 0.0164070129394531 -0.19683837890625 -0.78790283203125
0.0663719177246094 0.00405120849609375 -0.58746337890625 -0.32037353515625
0.0184593200683594 0.0415992736816406 -0.57183837890625 0.17681884765625
-0.0228786468505859 0.0159721374511719 -0.21099853515625 0.3060302734375
-0.00977706909179688 0.00713825225830078 -0.00128936767578126 0.0837936401367188
-0.0588531494140625 -0.1417236328125 0.0579071044921875 0.182037353515625
-0.101768493652344 -0.116188049316406 -0.0920333862304688 -0.117233276367188
-0.0867767333984375 0.00373840332031249 -0.0356903076171875 -0.251663208007813
0.0519180297851563 0.083892822265625 0.31536865234375 -0.18902587890625
0.1136474609375 0.107460021972656 0.61541748046875 0.17694091796875
0.0984954833984375 0.0896682739257813 0.55706787109375 0.6129150390625
0.0321044921875 0.126655578613281 0.14654541015625 0.6658935546875
-0.090972900390625 0.134750366210937 -0.072784423828125 0.309112548828125
-0.0843429565429688 0.134147644042969 0.119720458984375 -0.21588134765625
-0.00332641601562501 0.125747680664063 0.1219482421875 -0.68109130859375
0.125930786132813 0.120231628417969 -0.31597900390625 -0.70697021484375
0.155548095703125 0.068878173828125 -0.61895751953125 -0.210205078125
0.051788330078125 0.0589714050292969 -0.536224365234375 0.224334716796875
-0.0393829345703125 -0.02960205078125 -0.161895751953125 0.3048095703125
-0.0407028198242187 -0.074188232421875 0.0108871459960938 0.07330322265625
-0.0924835205078125 -0.205810546875 0.0392608642578125 0.15875244140625
-0.126937866210938 -0.153900146484375 -0.0526275634765625 -0.136566162109375
-0.0713348388671875 -0.009674072265625 0.0701751708984375 -0.272781372070313
0.112113952636719 0.108734130859375 0.3953857421875 -0.155975341796875
0.169601440429688 0.165390014648438 0.57806396484375 0.29473876953125
0.115097045898438 0.175125122070313 0.41912841796875 0.6949462890625
-0.00137329101562501 0.221481323242187 0.0716552734375 0.62078857421875
-0.14923095703125 0.218063354492188 -0.021575927734375 0.2177734375
-0.092987060546875 0.222671508789062 0.13189697265625 -0.309051513671875
0.047821044921875 0.199600219726563 -0.0125122070312499 -0.70294189453125
0.208938598632812 0.180328369140625 -0.46453857421875 -0.56890869140625
0.214981079101563 0.0929107666015625 -0.6243896484375 -0.056396484375
0.0518455505371094 0.0432891845703125 -0.451812744140625 0.27227783203125
-0.0692291259765625 -0.0821304321289062 -0.08294677734375 0.285614013671875
-0.070098876953125 -0.145523071289063 0.0242958068847656 0.0404129028320312
-0.105514526367188 -0.233535766601562 0.02197265625 0.118736267089844
-0.114547729492187 -0.157577514648438 0.0016021728515625 -0.1724853515625
-0.0178852081298828 -0.00116920471191406 0.192108154296875 -0.284637451171875
0.166412353515625 0.1435546875 0.468353271484375 -0.077301025390625
0.178436279296875 0.221023559570312 0.49310302734375 0.44232177734375
0.0751190185546875 0.241897583007813 0.241455078125 0.76220703125
-0.0565185546875 0.277069091796875 0.000518798828124981 0.542266845703125
-0.179336547851563 0.26690673828125 0.039825439453125 0.0984344482421875
-0.0599822998046875 0.276260375976563 0.108123779296875 -0.418426513671875
0.123306274414062 0.228927612304687 -0.18414306640625 -0.699462890625
0.270431518554688 0.188308715820313 -0.59320068359375 -0.3995361328125
0.220306396484375 0.0836639404296875 -0.584228515625 0.0810546875
0.0152454376220703 0.000308036804199219 -0.32574462890625 0.290618896484375
-0.104385375976563 -0.134651184082031 0.00622558593750001 0.247146606445313
-0.0913543701171875 -0.198043823242188 0.0300312042236328 -0.0114574432373047
0.135360717773438 0.211166381835938 0.00666046142578125 0.0456352233886719
0.139373779296875 0.155670166015625 -0.0789031982421875 -0.186309814453125
0.0309982299804688 0.0516281127929688 0.117919921875 -0.295013427734375
-0.171371459960937 -0.0679168701171875 0.488800048828125 -0.15887451171875
-0.273696899414063 -0.1732177734375 0.63922119140625 0.23724365234375
-0.182632446289063 -0.264541625976563 0.41925048828125 0.60894775390625
0.047149658203125 -0.311004638671875 0.038482666015625 0.493377685546875
0.241241455078125 -0.291412353515625 -0.0169601440429687 0.0907363891601562
0.1697998046875 -0.298431396484375 0.11920166015625 -0.429718017578125
0.00247192382812502 -0.286895751953125 -0.02264404296875 -0.79119873046875
-0.17974853515625 -0.275314331054687 -0.4437255859375 -0.61151123046875
-0.206192016601563 -0.161895751953125 -0.56329345703125 -0.0330200195312499
-0.0374488830566406 -0.010498046875 -0.333465576171875 0.29290771484375
0.0886993408203125 0.146820068359375 -0.032012939453125 0.205963134765625
0.117050170898438 0.233749389648438 0.0204925537109375 -0.083251953125
0.122589111328125 0.188369750976563 0.0293350219726563 0.0936965942382813
0.130889892578125 0.154006958007813 -0.122146606445312 -0.1527099609375
0.0661544799804687 0.0843353271484375 -0.00567626953124998 -0.260208129882812
-0.105583190917969 -0.0203170776367187 0.389312744140625 -0.188873291015625
-0.228042602539063 -0.114654541015625 0.6680908203125 0.13287353515625
-0.193634033203125 -0.21240234375 0.55426025390625 0.54638671875
0.01104736328125 -0.274688720703125 0.11541748046875 0.56787109375
0.20880126953125 -0.256515502929687 -0.0667724609375 0.211959838867187
0.189971923828125 -0.253158569335938 0.1158447265625 -0.311981201171875
0.068267822265625 -0.254409790039062 0.11578369140625 -0.75421142578125
-0.102127075195313 -0.27099609375 -0.30322265625 -0.7381591796875
-0.183517456054687 -0.175155639648438 -0.57598876953125 -0.17852783203125
-0.0694503784179688 -0.0303077697753906 -0.4423828125 0.24951171875
0.0421066284179688 0.11676025390625 -0.112716674804688 0.247116088867188
0.0906829833984375 0.209091186523438 0.0104408264160156 -0.0210647583007812
0.0887985229492188 0.127799987792969 0.0495376586914062 0.135765075683594
0.0860366821289063 0.112739562988281 -0.140510559082031 -0.131988525390625
0.0536346435546875 0.0948562622070313 -0.0933685302734375 -0.238906860351563
-0.048797607421875 0.0239753723144531 0.298309326171875 -0.19586181640625
-0.14508056640625 -0.0529632568359375 0.66326904296875 0.07745361328125
-0.144302368164062 -0.146942138671875 0.64227294921875 0.5028076171875
0.00299072265624999 -0.200668334960938 0.182861328125 0.62371826171875
0.147842407226563 -0.183502197265625 -0.102142333984375 0.307464599609375
0.152816772460938 -0.17315673828125 0.0939483642578125 -0.21649169921875
0.08306884765625 -0.17840576171875 0.19287109375 -0.69989013671875
-0.0300750732421875 -0.209884643554688 -0.197998046875 -0.80181884765625
-0.115707397460938 -0.14593505859375 -0.5692138671875 -0.29534912109375
-0.0649528503417969 -0.0237693786621094 -0.519073486328125 0.202484130859375
0.00662994384765625 0.0847625732421875 -0.179779052734375 0.280303955078125
0.056488037109375 0.156539916992188 0.00281143188476563 0.0318450927734375
0.0412559509277344 0.0431938171386719 0.0677337646484375 0.167465209960938
0.02203369140625 0.0391960144042969 -0.136680603027344 -0.115852355957031
0.00409698486328124 0.0752792358398438 -0.128860473632813 -0.229049682617187
-0.015899658203125 0.0504913330078125 0.250823974609375 -0.198287963867188
-0.0536384582519531 0.00343704223632813 0.6488037109375 0.06512451171875
-0.0591506958007813 -0.0742645263671875 0.67498779296875 0.49945068359375
0.0170440673828125 -0.101387023925781 0.21893310546875 0.66015625
0.070159912109375 -0.0825347900390625 -0.11419677734375 0.35858154296875
0.070709228515625 -0.0746231079101563 0.07952880859375 -0.165481567382813
0.04571533203125 -0.0784378051757813 0.21331787109375 -0.66534423828125
0.0170135498046875 -0.104019165039062 -0.16314697265625 -0.8199462890625
-0.0295028686523437 -0.0789108276367187 -0.572998046875 -0.34393310546875
-0.0280017852783203 0.00590896606445312 -0.56298828125 0.17474365234375
-0.0126419067382812 0.0525054931640625 -0.213104248046875 0.29937744140625
0.0242233276367187 0.0872650146484375 -0.00360870361328125 0.0702781677246094
-0.0117874145507813 -0.0534133911132813 0.0702667236328125 0.183822631835937
-0.0469856262207031 -0.0452384948730469 -0.120330810546875 -0.110542297363281
-0.0549354553222656 0.0380783081054688 -0.10968017578125 -0.2354736328125
0.0111732482910156 0.0671119689941406 0.257308959960938 -0.201187133789063
0.0352973937988281 0.0536231994628906 0.63543701171875 0.0947265625
0.0333290100097656 0.00325965881347656 0.64990234375 0.5369873046875
0.0352058410644531 0.0130653381347656 0.2073974609375 0.67523193359375
-0.0134334564208984 0.0299015045166016 -0.102813720703125 0.3609619140625
-0.0218887329101562 0.0315303802490234 0.0899200439453125 -0.164566040039063
0.000890731811523435 0.0272941589355469 0.18927001953125 -0.66058349609375
0.0606231689453125 0.0155181884765625 -0.2086181640625 -0.78851318359375
0.0660781860351563 0.00307083129882812 -0.59619140625 -0.3123779296875
0.0196075439453125 0.0420646667480469 -0.5716552734375 0.18603515625
-0.0228805541992188 0.0168476104736328 -0.20745849609375 0.31011962890625
-0.00870656967163086 0.0067138671875 -0.000137329101562504 0.0843353271484375
-0.0599212646484375 -0.141983032226563 0.0594635009765625 0.18072509765625
-0.102851867675781 -0.114326477050781 -0.0940322875976563 -0.116195678710938
-0.0856170654296875 0.00495910644531249 -0.038482666015625 -0.252639770507813
0.05364990234375 0.0823593139648437 0.314361572265625 -0.194488525390625
0.116287231445313 0.105522155761719 0.6217041015625 0.16802978515625
0.09991455078125 0.0877304077148437 0.5655517578125 0.6072998046875
0.03363037109375 0.126274108886719 0.15667724609375 0.6646728515625
-0.0895614624023437 0.136741638183594 -0.069244384765625 0.311370849609375
-0.0827560424804687 0.135421752929688 0.116119384765625 -0.216812133789063
-0.00270080566406251 0.126869201660156 0.11212158203125 -0.68450927734375
0.127403259277344 0.11834716796875 -0.325927734375 -0.70330810546875
0.156326293945312 0.0664215087890625 -0.62445068359375 -0.20062255859375
0.05279541015625 0.0589714050292969 -0.53607177734375 0.233642578125
-0.0390052795410156 -0.0281639099121094 -0.1590576171875 0.307769775390625
-0.0414352416992188 -0.0741043090820313 0.0126876831054687 0.0732345581054687
-0.09539794921875 -0.20452880859375 0.040863037109375 0.158279418945312
-0.127426147460938 -0.152496337890625 -0.055206298828125 -0.136421203613281
-0.0701751708984375 -0.00867080688476563 0.066925048828125 -0.275360107421875
0.113853454589844 0.106582641601563 0.394317626953125 -0.161468505859375
0.172073364257813 0.163314819335938 0.5843505859375 0.28643798828125
0.117630004882812 0.1739501953125 0.42901611328125 0.69049072265625
0.00238037109374999 0.221359252929687 0.0800781249999999 0.62127685546875
-0.146530151367188 0.22039794921875 -0.0185394287109375 0.21966552734375
-0.090057373046875 0.224700927734375 0.12640380859375 -0.31103515625
0.049835205078125 0.20074462890625 -0.0216064453125 -0.7049560546875
0.212356567382813 0.177841186523438 -0.47454833984375 -0.563720703125
0.216827392578125 0.0900726318359375 -0.62713623046875 -0.0478515625
0.0525321960449219 0.0426673889160156 -0.450439453125 0.281036376953125
-0.0698165893554688 -0.0805206298828125 -0.079986572265625 0.2877197265625
-0.0720367431640625 -0.145233154296875 0.0251007080078125 0.0397682189941406
-0.108535766601563 -0.232818603515625 0.0226364135742188 0.117874145507813
-0.115737915039063 -0.155914306640625 -0.00115966796875002 -0.17303466796875
-0.0166473388671875 -0.0012960433959961 0.190155029296875 -0.289093017578125
0.169189453125 0.141311645507813 0.468505859375 -0.084259033203125
0.181671142578125 0.219635009765625 0.5025634765625 0.436981201171875
0.078125 0.24163818359375 0.252685546875 0.7603759765625
-0.05413818359375 0.279083251953125 0.00762939453124999 0.543365478515625
-0.176055908203125 0.269577026367187 0.04168701171875 0.098388671875
-0.0564117431640625 0.278656005859375 0.101165771484375 -0.421295166015625
0.12603759765625 0.228897094726563 -0.19549560546875 -0.69775390625
0.2738037109375 0.184127807617188 -0.6009521484375 -0.391845703125
0.222061157226563 0.0796661376953125 -0.586181640625 0.0899047851562501
0.0158634185791016 0.000165939331054688 -0.3238525390625 0.297027587890625
-0.105216979980469 -0.132499694824219 0.00967407226562502 0.247177124023438
-0.0947418212890625 -0.197250366210938 0.03076171875 -0.0119476318359375
0.137832641601563 0.207550048828125 0.00613021850585938 0.0453948974609375
0.142166137695313 0.153076171875 -0.08148193359375 -0.184555053710938
0.0317001342773437 0.0517616271972656 0.113922119140625 -0.29754638671875
-0.17279052734375 -0.0652923583984375 0.48773193359375 -0.16607666015625
-0.277130126953125 -0.169525146484375 0.643798828125 0.22882080078125
-0.185806274414062 -0.26300048828125 0.4278564453125 0.6021728515625
0.043731689453125 -0.313629150390625 0.0455322265625 0.493499755859375
0.237091064453125 -0.296356201171875 -0.0158615112304687 0.0916748046875
0.1668701171875 -0.301300048828125 0.11285400390625 -0.430877685546875
-0.00100708007812503 -0.287353515625 -0.0331420898437499 -0.7918701171875
-0.183807373046875 -0.273193359375 -0.45416259765625 -0.60516357421875
-0.2099609375 -0.158248901367187 -0.5645751953125 -0.0230102539062499
-0.0380287170410156 -0.00896835327148438 -0.3299560546875 0.298004150390625
0.0904693603515625 0.145095825195313 -0.0302276611328125 0.207138061523438
0.120254516601562 0.231536865234375 0.0194244384765625 -0.0831527709960938
0.125198364257812 0.185134887695313 0.02972412109375 0.092437744140625
0.133102416992188 0.149856567382813 -0.124557495117188 -0.150497436523437
0.0671005249023438 0.0831832885742188 -0.00961303710937502 -0.260986328125
-0.106719970703125 -0.0181732177734375 0.387481689453125 -0.195770263671875
-0.229934692382813 -0.11041259765625 0.67205810546875 0.12322998046875
-0.196426391601563 -0.211456298828125 0.564453125 0.5384521484375
0.006988525390625 -0.276229858398437 0.1231689453125 0.56756591796875
0.205642700195312 -0.2607421875 -0.06475830078125 0.214141845703125
0.186325073242188 -0.256332397460938 0.1114501953125 -0.313446044921875
0.06591796875 -0.254714965820312 0.104248046875 -0.75714111328125
-0.106887817382813 -0.269241333007813 -0.3162841796875 -0.73370361328125
-0.186996459960937 -0.17266845703125 -0.57977294921875 -0.17071533203125
-0.0706787109375 -0.0286788940429688 -0.43927001953125 0.256378173828125
0.04376220703125 0.116783142089844 -0.110809326171875 0.248550415039063
0.0933380126953125 0.20794677734375 0.00961303710937501 -0.0210475921630859
0.0899810791015625 0.12481689453125 0.0503616333007813 0.134117126464844
0.0884017944335938 0.11065673828125 -0.143630981445313 -0.130325317382813
0.0543746948242187 0.0938568115234375 -0.0969085693359375 -0.2379150390625
-0.0489921569824219 0.0251426696777344 0.2965087890625 -0.201751708984375
-0.144943237304688 -0.0504913330078125 0.6634521484375 0.0675048828125
-0.14654541015625 -0.145736694335938 0.651123046875 0.49395751953125
0.000564575195312481 -0.202728271484375 0.1905517578125 0.622314453125
0.145645141601563 -0.186065673828125 -0.097625732421875 0.3084716796875
0.151458740234375 -0.175552368164063 0.09063720703125 -0.217132568359375
0.081146240234375 -0.178543090820313 0.18231201171875 -0.70147705078125
-0.0336761474609375 -0.209823608398438 -0.20953369140625 -0.80010986328125
-0.118560791015625 -0.143966674804688 -0.5745849609375 -0.28564453125
-0.0647697448730469 -0.022674560546875 -0.51690673828125 0.2105712890625
0.00711059570312501 0.0845413208007813 -0.175872802734375 0.283050537109375
0.0589752197265625 0.154571533203125 0.00298690795898438 0.0321846008300781
0.0420799255371094 0.0418014526367188 0.06878662109375 0.166061401367188
0.0230598449707031 0.0390853881835937 -0.138603210449219 -0.114471435546875
0.00521087646484375 0.0752029418945313 -0.131805419921875 -0.228729248046875
-0.0152015686035156 0.0511283874511719 0.249176025390625 -0.203262329101563
-0.0539321899414062 0.00415802001953124 0.64971923828125 0.05535888671875
-0.060028076171875 -0.074005126953125 0.68414306640625 0.489990234375
0.0160598754882812 -0.101966857910156 0.22869873046875 0.6588134765625
0.0689926147460938 -0.0832138061523438 -0.109527587890625 0.361419677734375
0.0693511962890625 -0.0752029418945313 0.0762481689453125 -0.165817260742188
0.0449371337890625 -0.0783920288085938 0.2030029296875 -0.667724609375
0.0152359008789063 -0.10418701171875 -0.1763916015625 -0.8173828125
-0.0310821533203125 -0.0790481567382813 -0.57940673828125 -0.33477783203125
-0.0279083251953125 0.00682449340820312 -0.56341552734375 0.18450927734375
-0.0114669799804687 0.052581787109375 -0.21051025390625 0.301727294921875
0.0258712768554687 0.0869522094726563 -0.00258636474609374 0.0707626342773438
-0.0123558044433594 -0.0541534423828125 0.07196044921875 0.181716918945313
-0.0470962524414063 -0.0436286926269531 -0.122322082519531 -0.109504699707031
-0.0535354614257813 0.0385284423828125 -0.112030029296875 -0.2347412109375
0.0124626159667969 0.0669364929199219 0.256179809570313 -0.20501708984375
0.0366020202636719 0.0537948608398438 0.6378173828125 0.0858154296875
0.0328636169433594 0.002532958984375 0.65765380859375 0.5286865234375
0.0350933074951172 0.0116481781005859 0.21710205078125 0.673828125
-0.0129566192626953 0.0295925140380859 -0.0985107421875 0.36309814453125
-0.0219306945800781 0.0317554473876953 0.087066650390625 -0.165756225585938
0.000684738159179687 0.0281524658203125 0.17987060546875 -0.6627197265625
0.0610504150390625 0.0148200988769531 -0.21990966796875 -0.7847900390625
0.0659141540527344 0.00176239013671875 -0.60089111328125 -0.30352783203125
0.0196266174316406 0.0411338806152344 -0.57025146484375 0.19561767578125
-0.0220699310302734 0.0172405242919922 -0.204376220703125 0.313934326171875
-0.00799751281738281 0.00663375854492188 0.00115966796875 0.0845718383789063
-0.0616455078125 -0.141998291015625 0.061492919921875 0.178604125976563
-0.10302734375 -0.112739562988281 -0.095794677734375 -0.1151123046875
-0.084716796875 0.00605010986328126 -0.0424041748046875 -0.253189086914063
0.0547103881835938 0.0816497802734375 0.31298828125 -0.19989013671875
0.118110656738281 0.104034423828125 0.6251220703125 0.1590576171875
0.101295471191406 0.0870361328125 0.57623291015625 0.6016845703125
0.035125732421875 0.126091003417969 0.1654052734375 0.66229248046875
-0.088043212890625 0.137916564941406 -0.065887451171875 0.312835693359375
-0.0812530517578125 0.137245178222656 0.112152099609375 -0.21807861328125
-0.00119781494140625 0.128395080566406 0.10247802734375 -0.68499755859375
0.129341125488281 0.116737365722656 -0.3372802734375 -0.7017822265625
0.157745361328125 0.06390380859375 -0.630126953125 -0.19049072265625
0.05401611328125 0.0574760437011719 -0.533355712890625 0.24078369140625
-0.0387496948242188 -0.02740478515625 -0.155426025390625 0.310577392578125
-0.0417709350585938 -0.0737075805664063 0.0137863159179687 0.0733795166015625
-0.0977630615234374 -0.203094482421875 0.0428924560546875 0.156692504882813
-0.128921508789063 -0.150054931640625 -0.0571746826171875 -0.13543701171875
-0.0693778991699219 -0.00806427001953123 0.0631561279296875 -0.276657104492188
0.115486145019531 0.104881286621094 0.3939208984375 -0.1673583984375
0.174972534179688 0.160888671875 0.58856201171875 0.2781982421875
0.120330810546875 0.17218017578125 0.4395751953125 0.68731689453125
0.00453186035156249 0.221282958984375 0.0886840820312499 0.61822509765625
-0.144500732421875 0.22308349609375 -0.0157318115234375 0.220123291015625
-0.088348388671875 0.226089477539062 0.12127685546875 -0.31207275390625
0.0520782470703125 0.201126098632813 -0.03277587890625 -0.7042236328125
0.214019775390625 0.17486572265625 -0.482177734375 -0.558135986328125
0.218475341796875 0.0865631103515625 -0.6307373046875 -0.03851318359375
0.0540313720703125 0.0424728393554687 -0.447967529296875 0.288909912109375
-0.0701370239257813 -0.07965087890625 -0.075592041015625 0.28875732421875
-0.074066162109375 -0.144622802734375 0.0263442993164062 0.0395545959472656
-0.111038208007813 -0.231170654296875 0.02447509765625 0.116989135742188
-0.117019653320313 -0.153305053710937 -0.003814697265625 -0.172470092773438
-0.0157194137573242 -0.00108528137207031 0.186767578125 -0.292144775390625
0.171478271484375 0.138748168945313 0.4693603515625 -0.09039306640625
0.184967041015625 0.216812133789062 0.508819580078125 0.43017578125
0.0809783935546875 0.240478515625 0.2635498046875 0.75762939453125
-0.0503997802734375 0.279281616210938 0.015289306640625 0.542388916015625
-0.173324584960938 0.272598266601562 0.0424041748046875 0.0976715087890625
-0.0525665283203125 0.279861450195313 0.0941162109375 -0.42254638671875
0.128768920898438 0.228179931640625 -0.20745849609375 -0.6947021484375
0.276382446289063 0.180099487304688 -0.60809326171875 -0.38555908203125
0.22369384765625 0.0754241943359375 -0.58673095703125 0.09869384765625
0.016331672668457 -0.00101375579833984 -0.32110595703125 0.30322265625
-0.105628967285156 -0.130348205566406 0.0131378173828125 0.247451782226563
-0.09710693359375 -0.196014404296875 0.03106689453125 -0.0125522613525391
0.140960693359375 0.203720092773438 0.00602340698242188 0.0455360412597656
0.143768310546875 0.150253295898438 -0.0841064453125 -0.182647705078125
0.0313606262207031 0.0514640808105469 0.109283447265625 -0.298614501953125
-0.173751831054687 -0.061981201171875 0.485595703125 -0.174835205078125
-0.278945922851563 -0.16558837890625 0.647216796875 0.2178955078125
-0.188720703125 -0.259536743164063 0.43524169921875 0.5966796875
0.038970947265625 -0.314422607421875 0.052520751953125 0.493194580078125
0.2330322265625 -0.2991943359375 -0.0148391723632812 0.0924911499023437
0.162261962890625 -0.30438232421875 0.105987548828125 -0.431640625
-0.00357055664062498 -0.286285400390625 -0.0466308593749999 -0.78973388671875
-0.187942504882813 -0.269760131835937 -0.46282958984375 -0.59893798828125
-0.212539672851563 -0.154541015625 -0.5654296875 -0.01434326171875
-0.0383758544921875 -0.0082550048828125 -0.326019287109375 0.303558349609375
0.0914306640625 0.144607543945313 -0.0283355712890625 0.206771850585937
0.122833251953125 0.229095458984375 0.018157958984375 -0.0821914672851562
0.127792358398437 0.182754516601563 0.0303726196289063 0.0917129516601563
0.133941650390625 0.147796630859375 -0.126358032226563 -0.14813232421875
0.0672531127929688 0.0826568603515625 -0.0131988525390625 -0.260894775390625
-0.106903076171875 -0.0164108276367188 0.38531494140625 -0.2020263671875
-0.230789184570313 -0.107635498046875 0.671630859375 0.1121826171875
-0.198806762695313 -0.208251953125 0.57049560546875 0.5299072265625
0.0032806396484375 -0.276565551757813 0.13116455078125 0.565185546875
0.202133178710938 -0.26458740234375 -0.0623016357421875 0.215316772460937
0.184036254882813 -0.259414672851563 0.105926513671875 -0.313385009765625
0.063507080078125 -0.254913330078125 0.09295654296875 -0.756591796875
-0.109954833984375 -0.267990112304688 -0.3275146484375 -0.72943115234375
-0.1895751953125 -0.169479370117188 -0.58135986328125 -0.16180419921875
-0.0709304809570313 -0.0267868041992188 -0.43560791015625 0.2635498046875
0.04425048828125 0.116127014160156 -0.108367919921875 0.250625610351563
0.0965118408203125 0.205307006835938 0.0102882385253906 -0.0201435089111328
0.091583251953125 0.123146057128906 0.0513381958007813 0.133064270019531
0.0902328491210938 0.109382629394531 -0.144973754882813 -0.12774658203125
0.0554351806640625 0.093353271484375 -0.100265502929687 -0.236404418945312
-0.0484123229980469 0.0262298583984375 0.2947998046875 -0.206024169921875
-0.145782470703125 -0.048980712890625 0.66497802734375 0.05718994140625
-0.148422241210938 -0.143997192382813 0.65643310546875 0.4853515625
-0.00283813476562501 -0.202804565429688 0.19915771484375 0.619873046875
0.14337158203125 -0.188308715820313 -0.09356689453125 0.311614990234375
0.148330688476563 -0.177459716796875 0.0869598388671875 -0.217926025390625
0.078369140625 -0.179336547851563 0.171630859375 -0.70404052734375
-0.0364837646484375 -0.208175659179688 -0.221435546875 -0.7972412109375
-0.120742797851563 -0.142578125 -0.57928466796875 -0.2769775390625
-0.0649337768554688 -0.0211448669433594 -0.51397705078125 0.218597412109375
0.00789642333984375 0.0849838256835937 -0.173858642578125 0.28570556640625
0.0612945556640625 0.153289794921875 0.00330734252929688 0.0328006744384766
0.0425376892089844 0.0402259826660156 0.0707244873046875 0.163284301757813
0.0240478515625 0.0381355285644531 -0.138984680175781 -0.112785339355469
0.00682830810546875 0.0742721557617188 -0.13458251953125 -0.227569580078125
-0.0147933959960938 0.051422119140625 0.24725341796875 -0.207138061523438
-0.0534172058105469 0.00541305541992188 0.65032958984375 0.04449462890625
-0.06097412109375 -0.0731048583984375 0.68914794921875 0.4801025390625
0.014739990234375 -0.10308837890625 0.23712158203125 0.65496826171875
0.0678863525390625 -0.0849227905273438 -0.10504150390625 0.363311767578125
0.067901611328125 -0.0762405395507813 0.0734710693359375 -0.166000366210938
0.043670654296875 -0.07806396484375 0.19378662109375 -0.67010498046875
0.0129928588867187 -0.104568481445313 -0.1878662109375 -0.8140869140625
-0.0326995849609375 -0.0782546997070313 -0.583984375 -0.325439453125
-0.0276813507080078 0.00728797912597656 -0.559844970703125 0.19085693359375
-0.0108566284179687 0.0531539916992187 -0.207305908203125 0.3056640625
0.02679443359375 0.0859832763671875 -0.00119018554687499 0.0709075927734375
-0.013214111328125 -0.0550575256347656 0.0738677978515625 0.178756713867188
-0.0471305847167969 -0.0434417724609375 -0.122978210449219 -0.107826232910156
-0.0519638061523438 0.0393829345703125 -0.114532470703125 -0.234664916992188
0.0134124755859375 0.0665969848632813 0.254257202148438 -0.209625244140625
0.0379409790039062 0.0526580810546875 0.638671875 0.07568359375
0.0331230163574219 0.002288818359375 0.666748046875 0.519287109375
0.03460693359375 0.0106601715087891 0.225830078125 0.670166015625
-0.0127525329589844 0.0303535461425781 -0.093719482421875 0.364898681640625
-0.021331787109375 0.03253173828125 0.0834503173828125 -0.164947509765625
0.00154876708984375 0.0288410186767578 0.170654296875 -0.66302490234375
0.0601768493652344 0.0136642456054688 -0.23236083984375 -0.7825927734375
0.0659408569335938 0.00011444091796875 -0.60589599609375 -0.29412841796875
0.0203704833984375 0.0409317016601562 -0.56793212890625 0.20489501953125
-0.0219211578369141 0.0178909301757813 -0.201385498046875 0.315887451171875
-0.0083918571472168 0.00682687759399414 0.00263214111328124 0.0848388671875
-0.0636138916015625 -0.140655517578125 0.0634307861328125 0.17620849609375
-0.103744506835938 -0.111099243164063 -0.0976181030273438 -0.114250183105469
-0.0841217041015625 0.00700378417968749 -0.0449981689453125 -0.252655029296875
0.056427001953125 0.0802230834960938 0.31085205078125 -0.204986572265625
0.120071411132813 0.101974487304688 0.627197265625 0.1495361328125
0.102638244628906 0.0851287841796875 0.5849609375 0.591796875
0.0362167358398438 0.124313354492188 0.17181396484375 0.66131591796875
-0.0872116088867187 0.139312744140625 -0.061798095703125 0.314300537109375
-0.0804901123046875 0.138389587402344 0.108230590820313 -0.219833374023438
0.000129699707031242 0.129257202148438 0.0914306640625 -0.68572998046875
0.13055419921875 0.114616394042969 -0.34808349609375 -0.69598388671875
0.158111572265625 0.06072998046875 -0.63275146484375 -0.18182373046875
0.0550498962402344 0.0563507080078125 -0.532440185546875 0.25054931640625
-0.0389480590820313 -0.02691650390625 -0.15191650390625 0.312347412109375
-0.0427474975585938 -0.0739669799804688 0.0147247314453125 0.0736618041992188
-0.0991058349609375 -0.2021484375 0.0447845458984375 0.153961181640625
-0.1292724609375 -0.146896362304688 -0.0591964721679688 -0.135276794433594
-0.0684623718261719 -0.00695419311523438 0.060150146484375 -0.278488159179687
0.117668151855469 0.102653503417969 0.3919677734375 -0.17291259765625
0.177963256835938 0.158432006835938 0.593994140625 0.269775390625
0.122406005859375 0.170440673828125 0.448486328125 0.67999267578125
0.00697326660156252 0.22027587890625 0.0953979492187501 0.61810302734375
-0.142074584960938 0.225494384765625 -0.0129547119140625 0.22113037109375
-0.08453369140625 0.22760009765625 0.1175537109375 -0.31378173828125
0.0538482666015625 0.201446533203125 -0.0426025390625 -0.70306396484375
0.216033935546875 0.171463012695313 -0.492645263671875 -0.5513916015625
0.219818115234375 0.082855224609375 -0.63165283203125 -0.0296020507812499
0.055511474609375 0.0405426025390625 -0.446502685546875 0.294708251953125
-0.07025146484375 -0.0784072875976563 -0.071990966796875 0.289459228515625
-0.0757293701171875 -0.143936157226563 0.0268745422363281 0.0394554138183594
-0.112594604492188 -0.229736328125 0.0255508422851563 0.115989685058594
-0.116714477539063 -0.15130615234375 -0.00605773925781252 -0.1729736328125
-0.0147724151611328 -0.00142097473144531 0.182708740234375 -0.295989990234375
0.174072265625 0.13568115234375 0.468719482421875 -0.097015380859375
0.188156127929688 0.213623046875 0.516845703125 0.421478271484375
0.0841522216796875 0.23907470703125 0.27496337890625 0.75421142578125
-0.0465850830078125 0.2794189453125 0.0227050781249999 0.541778564453125
-0.169479370117187 0.2757568359375 0.0437164306640625 0.0982131958007813
-0.04949951171875 0.2806396484375 0.087799072265625 -0.4229736328125
0.130325317382812 0.226959228515625 -0.21630859375 -0.6903076171875
0.278518676757813 0.175689697265625 -0.61334228515625 -0.37530517578125
0.225189208984375 0.07208251953125 -0.585693359375 0.10833740234375
0.0170564651489258 -0.00110340118408203 -0.31842041015625 0.30902099609375
-0.107597351074219 -0.128814697265625 0.01641845703125 0.247406005859375
-0.0991973876953125 -0.19427490234375 0.0314598083496094 -0.0122737884521485
0.142868041992188 0.200653076171875 0.00541305541992188 0.0449905395507813
0.143890380859375 0.1473388671875 -0.0860748291015625 -0.181350708007812
0.0312042236328125 0.0514984130859375 0.105255126953125 -0.29998779296875
-0.174957275390625 -0.05865478515625 0.4840087890625 -0.181793212890625
-0.28094482421875 -0.162155151367187 0.6492919921875 0.20953369140625
-0.191177368164063 -0.258453369140625 0.44390869140625 0.5902099609375
0.03497314453125 -0.315093994140625 0.057373046875 0.49090576171875
0.22894287109375 -0.303253173828125 -0.0140304565429687 0.0933380126953125
0.159332275390625 -0.30657958984375 0.099822998046875 -0.431243896484375
-0.00668334960937497 -0.28564453125 -0.0567016601562499 -0.78631591796875
-0.19049072265625 -0.2666015625 -0.47149658203125 -0.59161376953125
-0.214324951171875 -0.15093994140625 -0.56365966796875 -0.00653076171874996
-0.0383453369140625 -0.00726318359375001 -0.322113037109375 0.30767822265625
0.0924530029296875 0.143051147460938 -0.0261993408203125 0.206573486328125
0.125534057617188 0.225357055664063 0.0171432495117188 -0.08148193359375
0.129592895507813 0.17950439453125 0.0304489135742188 0.0907440185546875
0.136276245117188 0.14544677734375 -0.128372192382813 -0.1466064453125
0.067901611328125 0.0819473266601562 -0.0160675048828125 -0.260696411132813
-0.107513427734375 -0.0142059326171875 0.382476806640625 -0.208404541015625
-0.231658935546875 -0.104217529296875 0.67333984375 0.10418701171875
-0.200439453125 -0.2059326171875 0.57720947265625 0.52130126953125
0.000198364257812509 -0.277496337890625 0.1376953125 0.5640869140625
0.1983642578125 -0.267044067382813 -0.0594635009765625 0.217254638671875
0.180633544921875 -0.261520385742188 0.10107421875 -0.313629150390625
0.0605316162109375 -0.254669189453125 0.08209228515625 -0.75518798828125
-0.113418579101562 -0.265731811523438 -0.3370361328125 -0.72381591796875
-0.191360473632813 -0.166717529296875 -0.58489990234375 -0.1522216796875
-0.0717926025390625 -0.0259780883789063 -0.431884765625 0.269805908203125
0.0449066162109375 0.115394592285156 -0.105697631835938 0.2509765625
0.098388671875 0.20361328125 0.0103244781494141 -0.0196437835693359
0.0932693481445313 0.120979309082031 0.0518646240234375 0.130950927734375
0.0904159545898438 0.107177734375 -0.146148681640625 -0.124908447265625
0.0564651489257812 0.0921859741210938 -0.1025390625 -0.236129760742188
-0.0482635498046875 0.0263824462890625 0.292144775390625 -0.2113037109375
-0.146469116210938 -0.0465545654296875 0.66314697265625 0.0482177734375
-0.149307250976562 -0.142196655273438 0.66033935546875 0.476806640625
-0.00569152832031252 -0.20367431640625 0.20599365234375 0.61669921875
0.140884399414063 -0.190628051757813 -0.0902099609375 0.31292724609375
0.146163940429688 -0.178848266601562 0.082916259765625 -0.217605590820313
0.0760955810546875 -0.178253173828125 0.16204833984375 -0.702880859375
-0.0389556884765625 -0.207229614257813 -0.23248291015625 -0.79217529296875
-0.123016357421875 -0.140594482421875 -0.5816650390625 -0.269287109375
-0.0658836364746094 -0.0200614929199219 -0.512054443359375 0.2247314453125
0.00823974609375 0.085205078125 -0.170440673828125 0.286529541015625
0.062896728515625 0.1522216796875 0.00383949279785157 0.0331516265869141
0.0433273315429688 0.0385513305664063 0.0710906982421875 0.160446166992188
0.0243759155273438 0.0375480651855469 -0.140518188476563 -0.111106872558594
0.00771331787109375 0.0742568969726563 -0.137039184570313 -0.225204467773437
-0.0137596130371094 0.0508880615234375 0.244613647460937 -0.211029052734375
-0.0528488159179688 0.00601196289062499 0.65057373046875 0.03741455078125
-0.0615921020507812 -0.0730819702148438 0.6961669921875 0.47039794921875
0.0127639770507813 -0.104011535644531 0.244384765625 0.65155029296875
0.0672378540039063 -0.086456298828125 -0.100311279296875 0.365020751953125
0.0672607421875 -0.077423095703125 0.0693817138671875 -0.166000366210938
0.042327880859375 -0.0779953002929688 0.183349609375 -0.6688232421875
0.0113906860351563 -0.104362487792969 -0.20068359375 -0.80963134765625
-0.0339279174804688 -0.0780868530273438 -0.58905029296875 -0.31610107421875
-0.0274562835693359 0.00719070434570313 -0.557708740234375 0.199310302734375
-0.0106010437011719 0.0531845092773438 -0.204620361328125 0.30780029296875
0.02813720703125 0.0848236083984375 -0.000495910644531246 0.0711669921875
-0.0125617980957031 -0.0553474426269531 0.07373046875 0.176712036132813
-0.0462532043457031 -0.0430450439453125 -0.125381469726563 -0.106391906738281
-0.0516204833984375 0.0395240783691406 -0.11761474609375 -0.233001708984375
0.0147438049316406 0.0661964416503906 0.251693725585938 -0.212677001953125
0.0380973815917969 0.0523910522460937 0.63885498046875 0.06610107421875
0.0331878662109375 0.0018157958984375 0.66937255859375 0.51055908203125
0.0343875885009766 0.00948715209960937 0.232177734375 0.666015625
-0.0127925872802734 0.0299186706542969 -0.088470458984375 0.366119384765625
-0.0215854644775391 0.0321750640869141 0.08038330078125 -0.165573120117188
0.00121498107910156 0.0298938751220703 0.16143798828125 -0.6629638671875
0.0599479675292969 0.0132560729980469 -0.24310302734375 -0.77593994140625
0.0657424926757813 -0.000946044921875 -0.61041259765625 -0.28607177734375
0.0210304260253906 0.0406417846679688 -0.5665283203125 0.2135009765625
-0.0213413238525391 0.0181331634521484 -0.197601318359375 0.31793212890625
-0.00751829147338867 0.00611734390258789 0.00376892089843751 0.0851593017578125
-0.0645751953125 -0.140083312988281 0.064361572265625 0.174057006835938
-0.104049682617187 -0.109077453613281 -0.0996780395507812 -0.113258361816406
-0.0832901000976562 0.00748443603515623 -0.047882080078125 -0.2529296875
0.0572509765625 0.0787353515625 0.308868408203125 -0.20867919921875
0.120689392089844 0.101089477539063 0.6282958984375 0.1417236328125
0.103599548339844 0.0834579467773438 0.5914306640625 0.58319091796875
0.0374298095703125 0.123573303222656 0.181884765625 0.656982421875
-0.0852737426757813 0.140205383300781 -0.05816650390625 0.314697265625
-0.0782852172851563 0.13922119140625 0.104049682617188 -0.219192504882813
0.000930786132812511 0.130104064941406 0.0826416015625001 -0.68389892578125
0.131134033203125 0.113082885742188 -0.356689453125 -0.6903076171875
0.158065795898438 0.05859375 -0.636474609375 -0.17218017578125
0.0561332702636719 0.0557022094726562 -0.529022216796875 0.257720947265625
-0.0386543273925781 -0.02581787109375 -0.148284912109375 0.313568115234375
-0.043060302734375 -0.0725860595703125 0.016082763671875 0.0734786987304688
-0.101119995117188 -0.2003173828125 0.0455780029296875 0.1531982421875
-0.130111694335937 -0.144866943359375 -0.0611572265625 -0.13433837890625
-0.0680809020996094 -0.00673675537109375 0.056304931640625 -0.279876708984375
0.119522094726562 0.100593566894531 0.39007568359375 -0.178802490234375
0.179153442382813 0.155838012695312 0.59588623046875 0.261962890625
0.124069213867188 0.169357299804688 0.45819091796875 0.67401123046875
0.00944519042968748 0.220108032226563 0.103759765625 0.61566162109375
-0.139175415039063 0.22686767578125 -0.010498046875 0.22149658203125
-0.0832061767578125 0.228775024414063 0.111572265625 -0.313232421875
0.0557403564453125 0.201675415039062 -0.05279541015625 -0.7001953125
0.2177734375 0.168212890625 -0.497314453125 -0.54376220703125
0.219833374023438 0.0789337158203125 -0.6326904296875 -0.01971435546875
0.0563240051269531 0.0393295288085937 -0.443115234375 0.30230712890625
-0.0701828002929688 -0.076507568359375 -0.069091796875 0.290069580078125
-0.0771942138671875 -0.14263916015625 0.0283889770507812 0.0390777587890625
-0.114120483398438 -0.227386474609375 0.0265884399414062 0.1151123046875
-0.118148803710937 -0.149459838867188 -0.00903320312500002 -0.172119140625
-0.0135478973388672 -0.00141811370849609 0.178497314453125 -0.2984619140625
0.17510986328125 0.133026123046875 0.4666748046875 -0.10321044921875
0.190704345703125 0.211257934570313 0.521759033203125 0.414642333984375
0.0867919921875 0.23779296875 0.28466796875 0.7506103515625
-0.044158935546875 0.279342651367187 0.028839111328125 0.539764404296875
-0.166259765625 0.276992797851563 0.04400634765625 0.0974884033203125
-0.0467529296875 0.281341552734375 0.0819091796875 -0.422515869140625
0.133087158203125 0.226318359375 -0.22381591796875 -0.68646240234375
0.279998779296875 0.17279052734375 -0.6168212890625 -0.3673095703125
0.225723266601563 0.067718505859375 -0.584228515625 0.1146240234375
0.0171623229980469 -0.00113964080810547 -0.31488037109375 0.31414794921875
-0.107192993164062 -0.126495361328125 0.0191497802734375 0.245880126953125
-0.10076904296875 -0.192367553710938 0.0315666198730469 -0.0128269195556641
0.144378662109375 0.197219848632813 0.00629806518554689 0.0451393127441406
0.14569091796875 0.14495849609375 -0.0874481201171875 -0.178619384765625
0.0310173034667969 0.0508346557617188 0.100860595703125 -0.300506591796875
-0.175338745117188 -0.05596923828125 0.480621337890625 -0.186553955078125
-0.2813720703125 -0.1580810546875 0.64971923828125 0.2021484375
-0.1929931640625 -0.256240844726563 0.448974609375 0.583251953125
0.031005859375 -0.315399169921875 0.06298828125 0.48870849609375
0.225128173828125 -0.305206298828125 -0.0132675170898437 0.0937347412109375
0.154693603515625 -0.30712890625 0.09405517578125 -0.430084228515625
-0.00885009765624998 -0.284576416015625 -0.06524658203125 -0.78363037109375
-0.193283081054687 -0.262939453125 -0.4775390625 -0.58477783203125
-0.21563720703125 -0.148117065429688 -0.56365966796875 -0.000244140624999936
-0.039031982421875 -0.00643157958984375 -0.31683349609375 0.310577392578125
0.0936737060546875 0.141342163085938 -0.0249786376953125 0.206039428710938
0.12774658203125 0.222869873046875 0.016143798828125 -0.0804672241210937
0.131210327148437 0.176681518554688 0.0301895141601563 0.0901641845703125
0.137176513671875 0.142257690429688 -0.129608154296875 -0.143844604492187
0.0679244995117188 0.0807266235351563 -0.019775390625 -0.260772705078125
-0.107177734375 -0.0125732421875 0.3792724609375 -0.212310791015625
-0.232574462890625 -0.100204467773437 0.672607421875 0.0950927734375
-0.201889038085938 -0.203231811523437 0.58233642578125 0.51263427734375
-0.00381469726562499 -0.277359008789062 0.144256591796875 0.561309814453125
0.1949462890625 -0.269622802734375 -0.0575103759765625 0.217666625976562
0.176742553710937 -0.263198852539063 0.095977783203125 -0.313201904296875
0.0581817626953125 -0.254379272460938 0.071044921875 -0.75372314453125
-0.116012573242188 -0.263412475585937 -0.34490966796875 -0.7159423828125
-0.193954467773438 -0.1634521484375 -0.58447265625 -0.144775390625
-0.0721893310546875 -0.0240859985351562 -0.429290771484375 0.273040771484375
0.0449371337890625 0.114181518554688 -0.10308837890625 0.251327514648438
0.10028076171875 0.2003173828125 0.00980567932128907 -0.0189056396484375
0.0938949584960937 0.118316650390625 0.0525665283203125 0.12921142578125
0.0921249389648438 0.104949951171875 -0.147125244140625 -0.123199462890625
0.0571517944335938 0.0909652709960938 -0.10504150390625 -0.234603881835938
-0.0481796264648438 0.027252197265625 0.288787841796875 -0.2149658203125
-0.1466064453125 -0.044403076171875 0.663818359375 0.03863525390625
-0.150177001953125 -0.1409912109375 0.6658935546875 0.465576171875
-0.00804138183593751 -0.203750610351563 0.211669921875 0.61285400390625
0.137847900390625 -0.192413330078125 -0.08624267578125 0.31317138671875
0.1439208984375 -0.180465698242188 0.0790557861328125 -0.216476440429687
0.0740203857421875 -0.17852783203125 0.1513671875 -0.70098876953125
-0.0413665771484375 -0.205886840820313 -0.24188232421875 -0.78643798828125
-0.124954223632813 -0.138984680175781 -0.584716796875 -0.259033203125
-0.0658798217773438 -0.0188827514648438 -0.50762939453125 0.23065185546875
0.00914001464843751 0.0850830078125 -0.16827392578125 0.2882080078125
0.0646820068359375 0.150115966796875 0.00378990173339844 0.0331306457519531
0.0431289672851563 0.0368537902832031 0.0720367431640625 0.15850830078125
0.0252418518066406 0.0361175537109375 -0.141494750976563 -0.108200073242188
0.00846099853515624 0.0737838745117188 -0.138961791992187 -0.22442626953125
-0.0133857727050781 0.0508651733398438 0.242477416992188 -0.21435546875
-0.0530891418457031 0.00640487670898438 0.64990234375 0.0279541015625
-0.0625839233398438 -0.0726394653320312 0.69927978515625 0.46136474609375
0.0106887817382813 -0.103935241699219 0.24981689453125 0.64678955078125
0.0654067993164062 -0.086181640625 -0.096160888671875 0.3658447265625
0.0662155151367188 -0.0776748657226563 0.0664520263671875 -0.165130615234375
0.041595458984375 -0.0771255493164063 0.174072265625 -0.66766357421875
0.0097198486328125 -0.103347778320313 -0.20892333984375 -0.80413818359375
-0.0347976684570313 -0.0771942138671875 -0.59075927734375 -0.306640625
-0.0271129608154297 0.00821113586425781 -0.553955078125 0.206146240234375
-0.0094451904296875 0.0532569885253906 -0.20086669921875 0.30841064453125
0.029083251953125 0.0838241577148438 0.000488281250000003 0.0715103149414063
-0.0136985778808594 -0.0555038452148438 0.075653076171875 0.174606323242188
-0.04656982421875 -0.0422592163085938 -0.125785827636719 -0.104560852050781
-0.0501861572265625 0.0398368835449219 -0.11956787109375 -0.231765747070312
0.0159034729003906 0.0651054382324219 0.24932861328125 -0.216934204101563
0.0390434265136719 0.0514488220214844 0.6378173828125 0.05755615234375
0.0335025787353516 0.00139999389648438 0.67596435546875 0.5010986328125
0.0340766906738281 0.00920677185058594 0.23931884765625 0.661376953125
-0.0131378173828125 0.0301551818847656 -0.08447265625 0.36627197265625
-0.0212211608886719 0.0325908660888672 0.0771484375 -0.16510009765625
0.00155448913574219 0.030364990234375 0.15277099609375 -0.66131591796875
0.0594558715820312 0.0131072998046875 -0.25189208984375 -0.7713623046875
0.0651702880859375 -0.00189971923828125 -0.61181640625 -0.27587890625
0.0218772888183594 0.0400352478027344 -0.564208984375 0.21966552734375
-0.0211601257324219 0.0187606811523438 -0.19384765625 0.319488525390625
-0.00755214691162109 0.00658321380615234 0.00542449951171874 0.084442138671875
-0.0655899047851563 -0.13909912109375 0.06561279296875 0.171371459960938
-0.104339599609375 -0.107864379882813 -0.100738525390625 -0.111953735351562
-0.0822982788085937 0.00814056396484373 -0.050384521484375 -0.252655029296875
0.0593109130859375 0.0777587890625 0.305999755859375 -0.212432861328125
0.122200012207031 0.0984420776367188 0.62939453125 0.13446044921875
0.104263305664062 0.0819015502929688 0.597412109375 0.575927734375
0.0382232666015625 0.121597290039063 0.18768310546875 0.65277099609375
-0.0835647583007813 0.140525817871094 -0.054290771484375 0.31536865234375
-0.0772171020507813 0.140533447265625 0.100753784179687 -0.219711303710938
0.00205993652343751 0.131156921386719 0.073974609375 -0.6822509765625
0.131736755371094 0.111564636230469 -0.36236572265625 -0.68280029296875
0.15887451171875 0.0559234619140625 -0.6363525390625 -0.16375732421875
0.0572166442871094 0.0540428161621094 -0.525054931640625 0.264984130859375
-0.0377044677734375 -0.0250625610351563 -0.1446533203125 0.3145751953125
-0.0440597534179687 -0.0720367431640625 0.0170059204101562 0.072845458984375
-0.102920532226563 -0.199371337890625 0.0458831787109375 0.150466918945313
-0.130264282226562 -0.14300537109375 -0.06298828125 -0.133781433105469
-0.066650390625 -0.00609970092773437 0.0533294677734375 -0.279403686523438
0.120346069335938 0.0987319946289063 0.3868408203125 -0.18280029296875
0.181106567382812 0.152450561523437 0.59747314453125 0.2542724609375
0.125167846679688 0.166458129882813 0.46551513671875 0.666748046875
0.01055908203125 0.218215942382813 0.11016845703125 0.61126708984375
-0.135650634765625 0.2281494140625 -0.00790405273437502 0.220809936523438
-0.0805816650390625 0.22894287109375 0.107635498046875 -0.312896728515625
0.0566558837890625 0.201553344726563 -0.0615234374999999 -0.69659423828125
0.2186279296875 0.165328979492188 -0.50311279296875 -0.535675048828125
0.220428466796875 0.0753021240234375 -0.632080078125 -0.0110473632812501
0.0565414428710938 0.039154052734375 -0.438751220703125 0.30810546875
-0.070068359375 -0.0753173828125 -0.066131591796875 0.2894287109375
-0.0785980224609375 -0.140884399414063 0.0287704467773437 0.0385551452636719
-0.116302490234375 -0.225143432617188 0.0272064208984375 0.113243103027344
-0.11810302734375 -0.146865844726563 -0.011016845703125 -0.171417236328125
-0.0128288269042969 -0.00110149383544922 0.17437744140625 -0.2994384765625
0.176254272460938 0.130142211914063 0.4654541015625 -0.10858154296875
0.192123413085938 0.2071533203125 0.52490234375 0.407562255859375
0.0888519287109375 0.236236572265625 0.2919921875 0.74493408203125
-0.0411376953125 0.27838134765625 0.037384033203125 0.53753662109375
-0.162872314453125 0.2789306640625 0.0451431274414062 0.0965423583984375
-0.0432891845703125 0.28070068359375 0.076141357421875 -0.421783447265625
0.1336669921875 0.22503662109375 -0.23284912109375 -0.6807861328125
0.2813720703125 0.16864013671875 -0.62030029296875 -0.3587646484375
0.225753784179688 0.0644073486328125 -0.58197021484375 0.12420654296875
0.0175228118896484 -0.00191402435302734 -0.311279296875 0.319244384765625
-0.107109069824219 -0.12445068359375 0.0218505859375 0.245498657226563
-0.103347778320312 -0.189971923828125 0.0314311981201172 -0.0131702423095703
0.145553588867188 0.194869995117188 0.00580978393554688 0.0450325012207031
0.145782470703125 0.141845703125 -0.089019775390625 -0.176040649414063
0.0306129455566406 0.0510711669921875 0.097503662109375 -0.300140380859375
-0.17596435546875 -0.0534210205078125 0.47772216796875 -0.19171142578125
-0.2816162109375 -0.15411376953125 0.64947509765625 0.19281005859375
-0.1947021484375 -0.252914428710938 0.45458984375 0.5751953125
0.028106689453125 -0.31561279296875 0.0679321289062501 0.486846923828125
0.220977783203125 -0.308349609375 -0.0128021240234375 0.0947036743164062
0.151763916015625 -0.308258056640625 0.08868408203125 -0.428619384765625
-0.010589599609375 -0.28302001953125 -0.07464599609375 -0.77716064453125
-0.195053100585938 -0.259185791015625 -0.48309326171875 -0.5770263671875
-0.217376708984375 -0.144195556640625 -0.56256103515625 0.00787353515625004
-0.0388908386230469 -0.0056610107421875 -0.31219482421875 0.3126220703125
0.0933837890625 0.139602661132813 -0.023284912109375 0.205413818359375
0.12933349609375 0.219741821289062 0.0151596069335938 -0.0792999267578125
0.131851196289063 0.173171997070313 0.0305023193359375 0.0895462036132813
0.137519836425781 0.139289855957031 -0.130752563476563 -0.141616821289063
0.0681838989257813 0.07958984375 -0.022369384765625 -0.25848388671875
-0.107841491699219 -0.0101318359375 0.37567138671875 -0.217254638671875
-0.233001708984375 -0.097930908203125 0.669921875 0.08734130859375
-0.203323364257813 -0.200912475585937 0.58551025390625 0.50482177734375
-0.0066375732421875 -0.27740478515625 0.1494140625 0.55792236328125
0.191009521484375 -0.271255493164063 -0.054779052734375 0.218521118164062
0.1734619140625 -0.263809204101563 0.09173583984375 -0.31158447265625
0.05560302734375 -0.25360107421875 0.0629272460937499 -0.7490234375
-0.118545532226563 -0.261062622070313 -0.3514404296875 -0.7098388671875
-0.195083618164063 -0.160049438476563 -0.58447265625 -0.13641357421875
-0.0718841552734375 -0.0227279663085938 -0.423370361328125 0.2781982421875
0.0461349487304688 0.114036560058594 -0.101470947265625 0.251724243164063
0.101913452148438 0.198272705078125 0.00956916809082032 -0.0183830261230469
0.0941619873046875 0.115325927734375 0.0528411865234375 0.128494262695313
0.0924758911132813 0.102272033691406 -0.14801025390625 -0.120529174804688
0.0569610595703125 0.0896835327148438 -0.107070922851562 -0.232315063476563
-0.0473823547363281 0.0283050537109375 0.285919189453125 -0.21734619140625
-0.146270751953125 -0.0424652099609375 0.660888671875 0.03216552734375
-0.15106201171875 -0.1380615234375 0.66839599609375 0.457763671875
-0.010467529296875 -0.203201293945313 0.21722412109375 0.61041259765625
0.135665893554688 -0.193618774414063 -0.0821533203125 0.3140869140625
0.141342163085937 -0.181228637695312 0.0759429931640625 -0.2159423828125
0.07232666015625 -0.177871704101563 0.14312744140625 -0.69866943359375
-0.0439910888671875 -0.204498291015625 -0.25018310546875 -0.78094482421875
-0.126861572265625 -0.136833190917969 -0.58526611328125 -0.25140380859375
-0.0658493041992188 -0.018341064453125 -0.502197265625 0.235687255859375
0.00910186767578124 0.0851974487304688 -0.1651611328125 0.28887939453125
0.0662841796875 0.148468017578125 0.00389862060546876 0.0340843200683594
0.043243408203125 0.0353431701660156 0.0724334716796875 0.156692504882813
0.0255279541015625 0.0358505249023438 -0.142242431640625 -0.106704711914063
0.00898742675781251 0.0724868774414063 -0.140350341796875 -0.221420288085938
-0.0125350952148438 0.05096435546875 0.239151000976563 -0.216781616210938
-0.0526390075683594 0.00731277465820314 0.64715576171875 0.0213623046875
-0.06292724609375 -0.0706939697265625 0.70166015625 0.45086669921875
0.0098419189453125 -0.104667663574219 0.25640869140625 0.64306640625
0.064117431640625 -0.0875167846679687 -0.09124755859375 0.365997314453125
0.064666748046875 -0.0784988403320313 0.06353759765625 -0.1634521484375
0.0407028198242187 -0.0765457153320313 0.16656494140625 -0.6649169921875
0.00890350341796875 -0.103157043457031 -0.2178955078125 -0.79742431640625
-0.036224365234375 -0.0768280029296875 -0.5943603515625 -0.3001708984375
-0.0270195007324219 0.00806617736816406 -0.549896240234375 0.21136474609375
-0.00928115844726563 0.05377197265625 -0.199005126953125 0.31024169921875
0.0298614501953125 0.0827713012695313 0.000541687011718755 0.0713424682617188
-0.0139198303222656 -0.0559844970703125 0.0757293701171875 0.171432495117188
-0.0465965270996094 -0.041900634765625 -0.126869201660156 -0.10296630859375
-0.0480537414550781 0.03936767578125 -0.120803833007812 -0.230178833007813
0.016143798828125 0.0646629333496094 0.24615478515625 -0.219268798828125
0.0400352478027344 0.0515060424804688 0.637939453125 0.0504150390625
0.0329189300537109 0.00120162963867188 0.6783447265625 0.49188232421875
0.0330257415771484 0.00759506225585937 0.24566650390625 0.65728759765625
-0.0122509002685547 0.0305233001708984 -0.080657958984375 0.36669921875
-0.0207977294921875 0.0328769683837891 0.074676513671875 -0.1644287109375
0.00186538696289063 0.0316143035888672 0.14495849609375 -0.65997314453125
0.0597724914550781 0.0127296447753906 -0.25970458984375 -0.76458740234375
0.0643730163574219 -0.00237274169921875 -0.61474609375 -0.26806640625
0.0227737426757813 0.0395889282226563 -0.55877685546875 0.225982666015625
-0.0201988220214844 0.0193023681640625 -0.191162109375 0.320281982421875
-0.00723695755004883 0.00593805313110352 0.00563812255859376 0.0843582153320313
-0.066864013671875 -0.138763427734375 0.0659027099609375 0.168807983398438
-0.104118347167969 -0.105415344238281 -0.101730346679688 -0.110618591308594
-0.0810165405273437 0.00862884521484375 -0.0516510009765625 -0.251754760742188
0.0598297119140625 0.0763702392578125 0.302886962890625 -0.2159423828125
0.122657775878906 0.096923828125 0.62744140625 0.1253662109375
0.103904724121094 0.0799789428710938 0.60113525390625 0.56512451171875
0.0387420654296875 0.120529174804688 0.19415283203125 0.64764404296875
-0.0817718505859375 0.141387939453125 -0.05126953125 0.315185546875
-0.07550048828125 0.140655517578125 0.09661865234375 -0.218643188476563
0.00318145751953125 0.131378173828125 0.0659790039062499 -0.6787109375
0.131698608398438 0.109634399414063 -0.3704833984375 -0.67657470703125
0.158416748046875 0.053436279296875 -0.63800048828125 -0.15447998046875
0.057952880859375 0.0531539916992188 -0.52142333984375 0.271392822265625
-0.0377616882324219 -0.0242958068847656 -0.141876220703125 0.315216064453125
-0.0435409545898438 -0.0719070434570312 0.0181884765625 0.07275390625
-0.1033935546875 -0.197433471679687 0.04730224609375 0.148361206054687
-0.130485534667969 -0.140327453613281 -0.0643463134765625 -0.132377624511719
-0.065155029296875 -0.00539016723632812 0.05078125 -0.279632568359375
0.121871948242187 0.0972900390625 0.384521484375 -0.187469482421875
0.181564331054688 0.150527954101563 0.5987548828125 0.24578857421875
0.126174926757813 0.164627075195313 0.4703369140625 0.65960693359375
0.01263427734375 0.217330932617188 0.11602783203125 0.60748291015625
-0.133865356445313 0.228302001953125 -0.00595092773437499 0.220352172851563
-0.0784759521484375 0.2294921875 0.102264404296875 -0.31195068359375
0.058837890625 0.201339721679688 -0.06768798828125 -0.69189453125
0.218887329101562 0.162277221679687 -0.507720947265625 -0.52734375
0.220077514648437 0.072235107421875 -0.6298828125 -0.00408935546875005
0.0574874877929688 0.0374221801757813 -0.43505859375 0.312591552734375
-0.0699386596679688 -0.0736236572265625 -0.06329345703125 0.28985595703125
-0.0791168212890625 -0.138877868652344 0.029296875 0.0383148193359375
-0.117080688476562 -0.2230224609375 0.0279159545898437 0.111930847167969
-0.118331909179688 -0.14520263671875 -0.012969970703125 -0.17108154296875
-0.0118274688720703 -0.00201129913330078 0.170928955078125 -0.301513671875
0.177947998046875 0.127578735351563 0.463623046875 -0.1124267578125
0.193939208984375 0.204483032226562 0.5284423828125 0.3995361328125
0.0900726318359375 0.233474731445313 0.30035400390625 0.7392578125
-0.0383148193359375 0.277069091796875 0.0416259765625 0.534271240234375
-0.159622192382813 0.278549194335937 0.0454864501953125 0.0960540771484375
-0.041656494140625 0.280929565429688 0.07025146484375 -0.420196533203125
0.136016845703125 0.223419189453125 -0.23828125 -0.673583984375
0.28131103515625 0.16436767578125 -0.62176513671875 -0.35101318359375
0.2255859375 0.06097412109375 -0.57952880859375 0.13092041015625
0.0182533264160156 -0.00205230712890625 -0.30694580078125 0.322357177734375
-0.107551574707031 -0.122222900390625 0.0235595703125 0.244186401367188
-0.104415893554688 -0.187667846679687 0.0319023132324219 -0.0129966735839844
0.146499633789063 0.190353393554688 0.00551223754882813 0.0443038940429688
0.145721435546875 0.1390380859375 -0.0899963378906249 -0.174392700195313
0.0304603576660156 0.0512466430664063 0.094390869140625 -0.2998046875
-0.17578125 -0.0507049560546875 0.473114013671875 -0.196197509765625
-0.2825927734375 -0.1502685546875 0.6483154296875 0.1851806640625
-0.196014404296875 -0.25042724609375 0.4581298828125 0.5684814453125
0.02447509765625 -0.315093994140625 0.0716552734375 0.4837646484375
0.21685791015625 -0.309478759765625 -0.0121307373046875 0.0948410034179687
0.14794921875 -0.308868408203125 0.08367919921875 -0.42608642578125
-0.0126953125 -0.281402587890625 -0.0806884765625 -0.77294921875
-0.195968627929688 -0.25579833984375 -0.486328125 -0.56976318359375
-0.218276977539062 -0.14141845703125 -0.56005859375 0.0143737792968751
-0.0394287109375 -0.00423431396484375 -0.308258056640625 0.313995361328125
0.0934600830078125 0.137718200683594 -0.022613525390625 0.204803466796875
0.130325317382813 0.216934204101563 0.0149383544921875 -0.07891845703125
0.132278442382813 0.170028686523438 0.0303268432617188 0.0881805419921875
0.137741088867188 0.136917114257813 -0.130157470703125 -0.139297485351563
0.0675201416015625 0.079193115234375 -0.024749755859375 -0.257858276367188
-0.107711791992187 -0.00897979736328127 0.3729248046875 -0.2205810546875
-0.2330322265625 -0.0949859619140625 0.66900634765625 0.08026123046875
-0.20465087890625 -0.19818115234375 0.58880615234375 0.49517822265625
-0.00912475585937502 -0.277511596679688 0.15252685546875 0.553985595703125
0.1878662109375 -0.272598266601563 -0.0531005859375 0.218978881835937
0.1705322265625 -0.264739990234375 0.088043212890625 -0.309783935546875
0.05450439453125 -0.252410888671875 0.05596923828125 -0.7447509765625
-0.120147705078125 -0.258499145507812 -0.3563232421875 -0.7042236328125
-0.196182250976563 -0.15679931640625 -0.58319091796875 -0.12994384765625
-0.0721054077148438 -0.0215988159179688 -0.4190673828125 0.281005859375
0.0458221435546875 0.112525939941406 -0.099517822265625 0.251678466796875
0.10296630859375 0.195785522460938 0.00941848754882813 -0.017822265625
0.0944900512695313 0.113388061523438 0.0523757934570313 0.126174926757812
0.0929031372070312 0.100929260253906 -0.148452758789062 -0.11822509765625
0.0571517944335937 0.0891189575195313 -0.108840942382812 -0.231277465820313
-0.0479393005371094 0.028564453125 0.283050537109375 -0.22113037109375
-0.146194458007813 -0.0408782958984375 0.65863037109375 0.0260009765625
-0.151535034179688 -0.136703491210938 0.66961669921875 0.4486083984375
-0.013397216796875 -0.2025146484375 0.2208251953125 0.6044921875
0.132904052734375 -0.19451904296875 -0.07928466796875 0.314239501953125
0.13922119140625 -0.18194580078125 0.0720672607421875 -0.213821411132813
0.0706939697265625 -0.177398681640625 0.1351318359375 -0.6966552734375
-0.045989990234375 -0.20294189453125 -0.259033203125 -0.77410888671875
-0.127616882324219 -0.135002136230469 -0.5865478515625 -0.24468994140625
-0.0652694702148438 -0.0165557861328125 -0.499298095703125 0.24053955078125
0.00969696044921875 0.0850448608398437 -0.16253662109375 0.289520263671875
0.0668487548828125 0.146514892578125 0.00428962707519532 0.0345211029052734
0.04315185546875 0.0348396301269531 0.0723724365234375 0.154541015625
0.0263862609863281 0.0349407196044922 -0.142440795898437 -0.104476928710938
0.0100936889648437 0.0722503662109375 -0.142181396484375 -0.220001220703125
-0.01239013671875 0.0507698059082031 0.237045288085938 -0.219650268554688
-0.0514373779296875 0.00777816772460938 0.645263671875 0.013427734375
-0.0632400512695313 -0.0705184936523438 0.70098876953125 0.44207763671875
0.00768280029296874 -0.104667663574219 0.25933837890625 0.6358642578125
0.0627365112304688 -0.0877838134765625 -0.0877685546875 0.36639404296875
0.0638885498046875 -0.0780410766601563 0.060882568359375 -0.162490844726563
0.0399093627929688 -0.075347900390625 0.157470703125 -0.6622314453125
0.00714874267578126 -0.102127075195313 -0.22503662109375 -0.79180908203125
-0.03704833984375 -0.0761184692382813 -0.59381103515625 -0.2928466796875
-0.0269794464111328 0.00841140747070313 -0.547607421875 0.2176513671875
-0.00872802734375 0.0540657043457031 -0.19549560546875 0.31103515625
0.0304031372070313 0.0821533203125 0.0015716552734375 0.0716018676757813
-0.0145835876464844 -0.0556678771972656 0.0760040283203125 0.168930053710937
-0.0462608337402344 -0.0411911010742188 -0.126777648925781 -0.101699829101562
-0.047454833984375 0.0389862060546875 -0.1226806640625 -0.228668212890625
0.017303466796875 0.0636138916015625 0.244430541992188 -0.222076416015625
0.0402870178222656 0.0502777099609375 0.635009765625 0.0439453125
0.0321063995361328 -0.000120162963867188 0.679931640625 0.4808349609375
0.032684326171875 0.00688934326171875 0.24847412109375 0.65216064453125
-0.0123176574707031 0.0292987823486328 -0.07720947265625 0.3670654296875
-0.0205917358398438 0.0333518981933594 0.0723114013671875 -0.162887573242188
0.00164604187011719 0.0323238372802734 0.13531494140625 -0.6578369140625
0.0589675903320313 0.0121536254882813 -0.26544189453125 -0.76043701171875
0.0642852783203125 -0.00397109985351563 -0.61474609375 -0.2607421875
0.0231208801269531 0.0390701293945313 -0.55596923828125 0.231842041015625
-0.0194263458251953 0.0194988250732422 -0.1878662109375 0.321319580078125
-0.00683307647705078 0.00644969940185547 0.00647735595703124 0.0842361450195313
-0.0676422119140625 -0.137809753417969 0.0666046142578125 0.166366577148438
-0.103485107421875 -0.103897094726563 -0.102668762207031 -0.108955383300781
-0.0794219970703125 0.00904846191406249 -0.054718017578125 -0.250701904296875
0.0609130859375 0.0753631591796875 0.300537109375 -0.218109130859375
0.123725891113281 0.0949630737304688 0.6258544921875 0.1201171875
0.104637145996094 0.079254150390625 0.60321044921875 0.5577392578125
0.0390701293945313 0.118934631347656 0.19891357421875 0.6436767578125
-0.0805206298828125 0.141082763671875 -0.047607421875 0.31494140625
-0.0745391845703125 0.14080810546875 0.093902587890625 -0.21734619140625
0.003570556640625 0.131965637207031 0.05902099609375 -0.67462158203125
0.131706237792969 0.108299255371094 -0.3756103515625 -0.6689453125
0.1585693359375 0.051605224609375 -0.6378173828125 -0.14874267578125
0.057952880859375 0.0524139404296875 -0.51812744140625 0.274749755859375
-0.0367698669433594 -0.0234298706054687 -0.138702392578125 0.31573486328125
-0.0445098876953125 -0.0712127685546875 0.0184326171875 0.0720977783203125
-0.104660034179688 -0.19549560546875 0.048492431640625 0.145843505859375
-0.129669189453125 -0.137748718261719 -0.0654144287109375 -0.132095336914063
-0.0640182495117188 -0.00534820556640626 0.0475921630859375 -0.280014038085938
0.122238159179688 0.0939559936523438 0.3817138671875 -0.190032958984375
0.18212890625 0.1475830078125 0.59942626953125 0.23797607421875
0.127212524414063 0.162826538085937 0.47637939453125 0.6529541015625
0.013763427734375 0.215576171875 0.121337890625 0.6043701171875
-0.131256103515625 0.228683471679688 -0.004608154296875 0.2198486328125
-0.07647705078125 0.229766845703125 0.09796142578125 -0.3104248046875
0.05914306640625 0.200714111328125 -0.0749511718750001 -0.68701171875
0.219833374023438 0.159591674804688 -0.511474609375 -0.519805908203125
0.220657348632813 0.069122314453125 -0.62921142578125 0.00323486328125001
0.0579376220703125 0.0376358032226563 -0.43096923828125 0.316497802734375
-0.069000244140625 -0.07275390625 -0.060211181640625 0.2890625
-0.079437255859375 -0.137672424316406 0.0302581787109375 0.0380058288574219
-0.11785888671875 -0.220962524414063 0.0285873413085937 0.110076904296875
-0.117431640625 -0.14306640625 -0.0140838623046875 -0.170562744140625
-0.0108938217163086 -0.00222587585449219 0.167877197265625 -0.302032470703125
0.17889404296875 0.125518798828125 0.460357666015625 -0.116851806640625
0.19439697265625 0.201675415039062 0.530487060546875 0.391876220703125
0.090972900390625 0.23211669921875 0.30743408203125 0.73309326171875
-0.036956787109375 0.27593994140625 0.046417236328125 0.531219482421875
-0.15692138671875 0.279708862304688 0.0463790893554688 0.0952529907226563
-0.0389556884765625 0.280441284179688 0.065338134765625 -0.417816162109375
0.136932373046875 0.221633911132812 -0.24420166015625 -0.66998291015625
0.281280517578125 0.16168212890625 -0.62213134765625 -0.343017578125
0.224853515625 0.0577239990234375 -0.5765380859375 0.13623046875
0.0182914733886719 -0.00224494934082031 -0.30364990234375 0.32574462890625
-0.107337951660156 -0.120201110839844 0.025482177734375 0.24261474609375
-0.105712890625 -0.186050415039063 0.0321826934814453 -0.0128993988037109
0.146621704101563 0.187957763671875 0.00523757934570313 0.0439224243164063
0.145172119140625 0.136428833007813 -0.0906219482421875 -0.1724853515625
0.0299835205078125 0.05157470703125 0.09075927734375 -0.299468994140625
-0.175704956054688 -0.0489349365234375 0.469207763671875 -0.200103759765625
-0.282440185546875 -0.147186279296875 0.6474609375 0.17926025390625
-0.19659423828125 -0.248870849609375 0.462432861328125 0.560546875
0.021820068359375 -0.31524658203125 0.07470703125 0.483062744140625
0.2139892578125 -0.310760498046875 -0.0123291015625 0.0954132080078125
0.145751953125 -0.30889892578125 0.0794677734375 -0.423919677734375
-0.01397705078125 -0.280624389648438 -0.08782958984375 -0.76837158203125
-0.197479248046875 -0.252304077148438 -0.490020751953125 -0.56182861328125
-0.2191162109375 -0.137649536132812 -0.55755615234375 0.0191955566406251
-0.038818359375 -0.00382232666015625 -0.304962158203125 0.31524658203125
0.0931625366210938 0.136245727539063 -0.0215911865234375 0.2041015625
0.131393432617187 0.21405029296875 0.0142364501953125 -0.076934814453125
0.132537841796875 0.167510986328125 0.030364990234375 0.0868988037109375
0.137298583984375 0.133705139160156 -0.130729675292969 -0.137557983398438
0.0675125122070313 0.0784530639648438 -0.0267333984375 -0.256195068359375
-0.10772705078125 -0.00752258300781249 0.369659423828125 -0.223785400390625
-0.23297119140625 -0.0926361083984375 0.66729736328125 0.07501220703125
-0.204376220703125 -0.19610595703125 0.589599609375 0.48968505859375
-0.0117950439453125 -0.276107788085938 0.156158447265625 0.551513671875
0.184539794921875 -0.2733154296875 -0.0510406494140625 0.219528198242187
0.1680908203125 -0.265396118164062 0.08447265625 -0.308135986328125
0.05291748046875 -0.251708984375 0.0487670898437501 -0.7427978515625
-0.121994018554688 -0.25567626953125 -0.36224365234375 -0.69720458984375
-0.1971435546875 -0.154022216796875 -0.58233642578125 -0.12408447265625
-0.0721817016601563 -0.0208587646484375 -0.41497802734375 0.283233642578125
0.0461502075195312 0.1123046875 -0.0980072021484375 0.251235961914063
0.10369873046875 0.193679809570313 0.00907707214355469 -0.0169582366943359
0.0945053100585937 0.111686706542969 0.0523605346679688 0.124458312988281
0.0931015014648438 0.098663330078125 -0.14849853515625 -0.11627197265625
0.0578994750976563 0.0881881713867188 -0.1099853515625 -0.228897094726563
-0.0477409362792969 0.0288887023925781 0.2808837890625 -0.223388671875
-0.145553588867188 -0.039642333984375 0.6563720703125 0.01800537109375
-0.15216064453125 -0.135177612304688 0.6710205078125 0.4420166015625
-0.0140380859375 -0.202713012695313 0.22576904296875 0.60089111328125
0.130889892578125 -0.195709228515625 -0.076202392578125 0.314971923828125
0.13763427734375 -0.181930541992188 0.0701141357421875 -0.213104248046875
0.0697174072265625 -0.176498413085938 0.12945556640625 -0.6922607421875
-0.046630859375 -0.201614379882812 -0.26251220703125 -0.76837158203125
-0.127822875976563 -0.133132934570313 -0.58642578125 -0.23822021484375
-0.0655860900878906 -0.0160179138183594 -0.495025634765625 0.243621826171875
0.00933837890625001 0.0845260620117187 -0.161041259765625 0.289703369140625
0.067230224609375 0.1448974609375 0.00452041625976563 0.0348052978515625
0.0431747436523438 0.03289794921875 0.0721282958984375 0.151870727539063
0.0257759094238281 0.0338649749755859 -0.14288330078125 -0.102874755859375
0.0109634399414063 0.0715179443359375 -0.143020629882813 -0.218658447265625
-0.0117835998535156 0.0509490966796875 0.234695434570312 -0.221542358398437
-0.0512504577636719 0.00832748413085937 0.64166259765625 0.00762939453125
-0.0635643005371094 -0.0698471069335938 0.70159912109375 0.435302734375
0.00579071044921875 -0.104660034179688 0.2646484375 0.6336669921875
0.062255859375 -0.0888442993164063 -0.085601806640625 0.36614990234375
0.063323974609375 -0.0782241821289063 0.0587615966796875 -0.161102294921875
0.0393295288085938 -0.0753173828125 0.1514892578125 -0.65826416015625
0.00626373291015624 -0.101760864257813 -0.2308349609375 -0.7861328125
-0.0377578735351563 -0.075408935546875 -0.59429931640625 -0.28509521484375
-0.0265426635742188 0.00841331481933594 -0.54351806640625 0.221923828125
-0.00875091552734375 0.0540733337402344 -0.19281005859375 0.311126708984375
0.0312957763671875 0.080780029296875 0.0019073486328125 0.0714111328125
-0.0153770446777344 -0.0566253662109375 0.076171875 0.166336059570312
-0.0461654663085937 -0.0406227111816406 -0.12811279296875 -0.0998916625976563
-0.0467262268066406 0.0395660400390625 -0.123489379882813 -0.226959228515625
0.0173530578613281 0.0630607604980469 0.241378784179687 -0.223464965820312
0.0400772094726563 0.0491523742675781 0.6339111328125 0.03912353515625
0.0319404602050781 -0.00067901611328125 0.68145751953125 0.474609375
0.0314731597900391 0.00623703002929688 0.25262451171875 0.64764404296875
-0.0124797821044922 0.0299034118652344 -0.07366943359375 0.366363525390625
-0.0199985504150391 0.0333881378173828 0.06939697265625 -0.161392211914062
0.00152397155761718 0.0335712432861328 0.13067626953125 -0.65380859375
0.0585517883300781 0.0114974975585938 -0.26995849609375 -0.75347900390625
0.0634765625 -0.00387954711914063 -0.6148681640625 -0.2529296875
0.0238761901855469 0.0382537841796875 -0.55340576171875 0.235748291015625
-0.0192298889160156 0.0197467803955078 -0.1859130859375 0.321502685546875
-0.00677728652954102 0.0055088996887207 0.00691986083984375 0.0841293334960938
-0.0689010620117188 -0.136581420898437 0.06634521484375 0.163742065429688
-0.103775024414063 -0.102668762207031 -0.102622985839844 -0.108055114746094
-0.0786819458007813 0.00948333740234376 -0.0560760498046875 -0.249496459960938
0.0615692138671875 0.0740432739257813 0.298248291015625 -0.220367431640625
0.123222351074219 0.0928878784179688 0.62542724609375 0.1148681640625
0.103858947753906 0.077392578125 0.60601806640625 0.55206298828125
0.0385513305664063 0.117835998535156 0.20062255859375 0.64007568359375
-0.0794830322265625 0.14117431640625 -0.045135498046875 0.31463623046875
-0.0730133056640625 0.141250610351563 0.09027099609375 -0.21539306640625
0.00408172607421876 0.132194519042969 0.0525512695312499 -0.671630859375
0.130973815917969 0.106964111328125 -0.3795166015625 -0.66265869140625
0.157913208007813 0.049224853515625 -0.63592529296875 -0.14208984375
0.0588569641113281 0.0517730712890625 -0.51470947265625 0.279510498046875
-0.0363082885742188 -0.0233535766601562 -0.136474609375 0.31561279296875
-0.0440139770507813 -0.0701179504394531 0.0195999145507812 0.0714874267578125
-0.104812622070313 -0.1929931640625 0.0478973388671875 0.144241333007813
-0.129409790039063 -0.136985778808594 -0.0662384033203125 -0.130271911621094
-0.0629081726074219 -0.00558853149414063 0.0453643798828125 -0.279556274414063
0.123123168945312 0.09295654296875 0.379150390625 -0.1917724609375
0.182815551757812 0.145462036132813 0.59869384765625 0.23187255859375
0.127105712890625 0.161483764648438 0.47918701171875 0.646240234375
0.014434814453125 0.214141845703125 0.1253662109375 0.59930419921875
-0.129837036132812 0.229049682617188 -0.00218200683593749 0.219390869140625
-0.0746002197265625 0.229629516601562 0.09515380859375 -0.30963134765625
0.060302734375 0.200363159179688 -0.0787963867187501 -0.68304443359375
0.219192504882813 0.156707763671875 -0.512237548828125 -0.514312744140625
0.220123291015625 0.0664215087890625 -0.6265869140625 0.00885009765625012
0.0582809448242187 0.035919189453125 -0.42730712890625 0.320587158203125
-0.0683364868164063 -0.0715484619140625 -0.059112548828125 0.288238525390625
-0.0800399780273438 -0.136558532714844 0.0298271179199219 0.0373420715332031
-0.118026733398438 -0.218353271484375 0.02899169921875 0.108512878417969
-0.116897583007813 -0.141082763671875 -0.016143798828125 -0.168930053710938
-0.0103931427001953 -0.00281429290771485 0.164886474609375 -0.30267333984375
0.179168701171875 0.122604370117187 0.4576416015625 -0.119354248046875
0.195892333984375 0.198974609375 0.53216552734375 0.386138916015625
0.092620849609375 0.23046875 0.31121826171875 0.7257080078125
-0.0356903076171875 0.27471923828125 0.050323486328125 0.527679443359375
-0.155349731445313 0.279815673828125 0.046173095703125 0.0951461791992188
-0.037689208984375 0.27984619140625 0.06134033203125 -0.415802001953125
0.137969970703125 0.221389770507812 -0.2479248046875 -0.66400146484375
0.2811279296875 0.158370971679688 -0.62286376953125 -0.337158203125
0.224716186523437 0.0546112060546875 -0.57379150390625 0.1402587890625
0.0189304351806641 -0.00232124328613281 -0.30078125 0.32757568359375
-0.106765747070313 -0.119117736816406 0.0272674560546875 0.241439819335938
-0.106399536132813 -0.184371948242188 0.0320701599121094 -0.0129470825195313
0.146682739257813 0.185440063476562 0.00503540039062501 0.0439071655273438
0.144744873046875 0.134033203125 -0.0906524658203125 -0.1708984375
0.0293159484863281 0.0514106750488281 0.088592529296875 -0.29791259765625
-0.175521850585938 -0.046783447265625 0.467742919921875 -0.20269775390625
-0.28216552734375 -0.1453857421875 0.646240234375 0.173583984375
-0.197158813476563 -0.246414184570313 0.4658203125 0.5556640625
0.019744873046875 -0.31427001953125 0.078094482421875 0.480316162109375
0.2110595703125 -0.31072998046875 -0.0117111206054687 0.0957870483398437
0.1429443359375 -0.309234619140625 0.07672119140625 -0.421142578125
-0.0144195556640625 -0.279037475585937 -0.09063720703125 -0.76495361328125
-0.198272705078125 -0.250152587890625 -0.49273681640625 -0.555419921875
-0.219253540039063 -0.135635375976562 -0.555633544921875 0.022705078125
-0.0392074584960938 -0.00335311889648438 -0.30169677734375 0.316741943359375
0.0928726196289062 0.135063171386719 -0.02105712890625 0.202957153320313
0.131561279296875 0.211624145507813 0.0139541625976563 -0.0756301879882812
0.13299560546875 0.164505004882813 0.0302276611328125 0.0865631103515625
0.137275695800781 0.132095336914063 -0.130744934082031 -0.135360717773438
0.0668716430664063 0.0781478881835938 -0.0282440185546875 -0.255874633789063
-0.107421875 -0.00589752197265626 0.366729736328125 -0.22576904296875
-0.232559204101562 -0.0901947021484375 0.6641845703125 0.0679931640625
-0.2049560546875 -0.194320678710937 0.5921630859375 0.48492431640625
-0.0137481689453125 -0.2755126953125 0.1578369140625 0.548736572265625
0.182388305664063 -0.273818969726563 -0.049285888671875 0.219406127929687
0.16552734375 -0.265380859375 0.0820617675781251 -0.306060791015625
0.0518035888671875 -0.250503540039063 0.0430908203124999 -0.737060546875
-0.122970581054687 -0.2535400390625 -0.36724853515625 -0.6910400390625
-0.197708129882813 -0.1519775390625 -0.5797119140625 -0.119384765625
-0.071868896484375 -0.02001953125 -0.41192626953125 0.284454345703125
0.0460281372070312 0.111213684082031 -0.0970306396484375 0.25091552734375
0.10443115234375 0.191116333007813 0.00943565368652344 -0.015848159790039
0.094512939453125 0.109466552734375 0.0519790649414063 0.12322998046875
0.0931777954101563 0.0970916748046875 -0.14801025390625 -0.114730834960938
0.0582351684570313 0.0871124267578125 -0.111404418945313 -0.227157592773438
-0.0470962524414063 0.029205322265625 0.278839111328125 -0.224929809570313
-0.145217895507813 -0.038604736328125 0.65338134765625 0.0157470703125
-0.151992797851563 -0.133926391601562 0.67205810546875 0.43475341796875
-0.01708984375 -0.201828002929688 0.2274169921875 0.59710693359375
0.128952026367188 -0.195846557617188 -0.0743408203125 0.315185546875
0.1356201171875 -0.182815551757813 0.0677337646484375 -0.210830688476562
0.0689239501953125 -0.175064086914063 0.12591552734375 -0.6888427734375
-0.048309326171875 -0.199737548828125 -0.26702880859375 -0.76385498046875
-0.129310607910156 -0.131439208984375 -0.5858154296875 -0.23248291015625
-0.0653457641601562 -0.0152549743652344 -0.491912841796875 0.24658203125
0.010040283203125 0.0841522216796875 -0.15960693359375 0.289703369140625
0.06854248046875 0.14385986328125 0.00491333007812501 0.0354194641113281
0.0424690246582031 0.032135009765625 0.07177734375 0.150360107421875
0.0257377624511719 0.0332660675048828 -0.14276123046875 -0.102340698242188
0.0107803344726563 0.0710296630859375 -0.143112182617188 -0.216949462890625
-0.0115203857421875 0.0506629943847656 0.232864379882813 -0.222976684570313
-0.0514984130859375 0.00872039794921874 0.6392822265625 0.0045166015625
-0.0637359619140625 -0.069427490234375 0.70501708984375 0.42803955078125
0.00509643554687499 -0.104560852050781 0.26593017578125 0.6298828125
0.0610733032226563 -0.0887832641601563 -0.082183837890625 0.365631103515625
0.06268310546875 -0.0786972045898438 0.0561981201171875 -0.159194946289062
0.0397720336914063 -0.074462890625 0.14849853515625 -0.65631103515625
0.00544738769531249 -0.101470947265625 -0.23388671875 -0.78204345703125
-0.0387039184570312 -0.074798583984375 -0.5943603515625 -0.27911376953125
-0.0258941650390625 0.00901222229003906 -0.539794921875 0.22479248046875
-0.00812530517578126 0.0541305541992188 -0.19146728515625 0.311187744140625
0.031768798828125 0.0796890258789063 0.00218963623046875 0.0720977783203125
-0.0163345336914062 -0.0562019348144531 0.075958251953125 0.164199829101563
-0.0459747314453125 -0.0399627685546875 -0.12774658203125 -0.0988693237304688
-0.0458106994628906 0.0394859313964844 -0.1243896484375 -0.2255859375
0.0178909301757813 0.06182861328125 0.239669799804688 -0.2247314453125
0.0403289794921875 0.0486679077148438 0.6307373046875 0.03466796875
0.0318832397460938 -0.000331878662109375 0.682373046875 0.46929931640625
0.031158447265625 0.00634574890136719 0.25616455078125 0.6441650390625
-0.0118560791015625 0.0299053192138672 -0.0712890625 0.366607666015625
-0.0200996398925781 0.0333347320556641 0.067535400390625 -0.159744262695313
0.00180435180664063 0.0339431762695313 0.125732421875 -0.651611328125
0.0579261779785156 0.0112686157226563 -0.27581787109375 -0.74786376953125
0.0629386901855469 -0.004486083984375 -0.6148681640625 -0.24749755859375
0.0241203308105469 0.0384254455566406 -0.54779052734375 0.23773193359375
-0.0184669494628906 0.0202693939208984 -0.183074951171875 0.32122802734375
-0.00648689270019531 0.00545167922973633 0.00762176513671875 0.0845489501953125
-0.0687484741210938 -0.135696411132813 0.066864013671875 0.161590576171875
-0.102828979492188 -0.101539611816406 -0.103446960449219 -0.107009887695313
-0.0772857666015625 0.00996398925781249 -0.056915283203125 -0.248382568359375
0.0620651245117188 0.073272705078125 0.295867919921875 -0.2215576171875
0.124107360839844 0.0923385620117187 0.62384033203125 0.10888671875
0.103988647460937 0.0766067504882812 0.6080322265625 0.5450439453125
0.038360595703125 0.117340087890625 0.20379638671875 0.6353759765625
-0.0790557861328125 0.141525268554688 -0.043609619140625 0.313262939453125
-0.0720367431640625 0.141311645507813 0.0881195068359375 -0.214447021484375
0.00490570068359374 0.132827758789063 0.0479736328124999 -0.6680908203125
0.131942749023437 0.106002807617187 -0.38287353515625 -0.6575927734375
0.156784057617188 0.0482330322265625 -0.63525390625 -0.13629150390625
0.0591163635253906 0.0511627197265625 -0.510955810546875 0.281341552734375
-0.0360107421875 -0.0227432250976563 -0.13470458984375 0.314788818359375
-0.0439987182617188 -0.0696449279785156 0.0196685791015625 0.0715408325195312
-0.10552978515625 -0.192855834960938 0.0485382080078125 0.142318725585938
-0.128379821777344 -0.134742736816406 -0.066864013671875 -0.129981994628906
-0.0624465942382813 -0.00538253784179688 0.0431671142578125 -0.278900146484375
0.123954772949219 0.0906829833984375 0.376617431640625 -0.19390869140625
0.183425903320313 0.143203735351563 0.59771728515625 0.22747802734375
0.126998901367188 0.159255981445313 0.48309326171875 0.6397705078125
0.0149078369140625 0.213699340820312 0.12750244140625 0.59661865234375
-0.128494262695313 0.2288818359375 -0.00157165527343752 0.219009399414063
-0.073516845703125 0.229507446289063 0.0914306640625 -0.307373046875
0.0609283447265625 0.200302124023438 -0.0828857421875 -0.67767333984375
0.219207763671875 0.155166625976563 -0.514923095703125 -0.50970458984375
0.218719482421875 0.0646820068359375 -0.62567138671875 0.0125732421874999
0.0587043762207031 0.0350761413574219 -0.424285888671875 0.324127197265625
-0.0684738159179688 -0.0704879760742188 -0.05731201171875 0.287017822265625
-0.0804977416992187 -0.135261535644531 0.0302543640136719 0.036590576171875
-0.11834716796875 -0.217575073242188 0.0292205810546875 0.107017517089844
-0.116043090820313 -0.139717102050781 -0.0168609619140625 -0.1688232421875
-0.00953197479248047 -0.00292396545410156 0.162200927734375 -0.30255126953125
0.1795654296875 0.120697021484375 0.4559326171875 -0.122589111328125
0.19586181640625 0.196762084960938 0.53204345703125 0.38043212890625
0.09283447265625 0.228790283203125 0.31634521484375 0.72186279296875
-0.03472900390625 0.27294921875 0.054046630859375 0.525634765625
-0.153305053710938 0.279510498046875 0.0465164184570312 0.094573974609375
-0.035797119140625 0.279754638671875 0.058380126953125 -0.413116455078125
0.138671875 0.219940185546875 -0.252197265625 -0.65911865234375
0.280914306640625 0.155197143554688 -0.62298583984375 -0.331787109375
0.224395751953125 0.0524444580078125 -0.57110595703125 0.14495849609375
0.0191974639892578 -0.00274658203125 -0.298583984375 0.329833984375
-0.106307983398438 -0.116836547851562 0.02813720703125 0.240097045898438
-0.107635498046875 -0.182403564453125 0.0323314666748047 -0.0125045776367188
0.1466064453125 0.182998657226563 0.00463104248046876 0.0435295104980469
0.144439697265625 0.131988525390625 -0.091278076171875 -0.169876098632812
0.0290718078613281 0.0509452819824219 0.0867919921875 -0.298095703125
-0.175308227539063 -0.04449462890625 0.464691162109375 -0.2060546875
-0.28253173828125 -0.14263916015625 0.64385986328125 0.1697998046875
-0.197402954101563 -0.245208740234375 0.46575927734375 0.55084228515625
0.0184326171875 -0.31396484375 0.078582763671875 0.47882080078125
0.208099365234375 -0.31268310546875 -0.0110092163085937 0.0964279174804688
0.140777587890625 -0.308746337890625 0.074066162109375 -0.419525146484375
-0.01446533203125 -0.277877807617188 -0.0957031249999999 -0.7591552734375
-0.198516845703125 -0.248077392578125 -0.49346923828125 -0.552398681640625
-0.220657348632813 -0.13275146484375 -0.552520751953125 0.0271911621093749
-0.039459228515625 -0.00283050537109375 -0.298980712890625 0.317169189453125
0.0926742553710937 0.134132385253906 -0.02130126953125 0.202362060546875
0.132354736328125 0.210067749023437 0.0137863159179688 -0.0748748779296875
0.13275146484375 0.162612915039063 0.0302963256835938 0.0856781005859375
0.136924743652344 0.130027770996094 -0.131332397460938 -0.133987426757813
0.0664901733398438 0.0778427124023438 -0.0298614501953125 -0.254196166992187
-0.10736083984375 -0.00492858886718749 0.36474609375 -0.227691650390625
-0.232315063476562 -0.0885772705078125 0.66241455078125 0.06427001953125
-0.2044677734375 -0.192947387695313 0.59210205078125 0.47772216796875
-0.0155487060546875 -0.275543212890625 0.160980224609375 0.545867919921875
0.180862426757812 -0.274307250976563 -0.04815673828125 0.219314575195312
0.1632080078125 -0.265167236328125 0.0796508789062501 -0.30426025390625
0.0513153076171875 -0.249725341796875 0.0391845703125 -0.734375
-0.12298583984375 -0.251739501953125 -0.36981201171875 -0.687744140625
-0.198471069335938 -0.150314331054687 -0.57952880859375 -0.11480712890625
-0.0720062255859375 -0.01873779296875 -0.408660888671875 0.28619384765625
0.04547119140625 0.110992431640625 -0.0963592529296875 0.25048828125
0.105026245117187 0.1890869140625 0.00877952575683594 -0.0150613784790039
0.0947494506835938 0.107368469238281 0.0523681640625 0.122322082519531
0.0928192138671875 0.0956649780273438 -0.147918701171875 -0.113204956054687
0.057647705078125 0.0861434936523438 -0.112258911132813 -0.22637939453125
-0.0474319458007813 0.0298271179199219 0.27618408203125 -0.227142333984375
-0.144668579101563 -0.0373077392578125 0.651123046875 0.010498046875
-0.15185546875 -0.131668090820313 0.67254638671875 0.4287109375
-0.0174560546875 -0.201629638671875 0.2291259765625 0.59552001953125
0.127914428710938 -0.196182250976563 -0.0725097656249999 0.31427001953125
0.133956909179687 -0.182373046875 0.0659637451171875 -0.20928955078125
0.0687255859375 -0.174224853515625 0.118896484375 -0.686279296875
-0.048797607421875 -0.1983642578125 -0.2694091796875 -0.758056640625
-0.129814147949219 -0.129623413085938 -0.5850830078125 -0.22784423828125
-0.0652046203613281 -0.0146560668945312 -0.48779296875 0.24774169921875
0.0101318359375 0.0837020874023437 -0.15838623046875 0.28973388671875
0.068603515625 0.14215087890625 0.00443267822265626 0.0361061096191406
0.04229736328125 0.0311965942382812 0.0719451904296875 0.148788452148438
0.0270175933837891 0.0327320098876953 -0.142730712890625 -0.100509643554688
0.0114974975585937 0.0710983276367188 -0.14385986328125 -0.216018676757813
-0.0114707946777344 0.0506439208984375 0.231689453125 -0.224594116210938
-0.0513916015625 0.00848388671875 0.636962890625 -0.000732421874999999
-0.0638236999511719 -0.0691604614257813 0.702392578125 0.4227294921875
0.0042877197265625 -0.104698181152344 0.2664794921875 0.6263427734375
0.0601730346679688 -0.0890274047851563 -0.0799560546875 0.365386962890625
0.06201171875 -0.0784683227539063 0.055328369140625 -0.158309936523438
0.0393905639648437 -0.0729904174804688 0.14105224609375 -0.6519775390625
0.00501251220703124 -0.100692749023438 -0.239501953125 -0.77569580078125
-0.03887939453125 -0.0748443603515625 -0.59442138671875 -0.27520751953125
-0.0261268615722656 0.00887870788574219 -0.536895751953125 0.226776123046875
-0.00786972045898437 0.0540008544921875 -0.189910888671875 0.31201171875
0.0320205688476563 0.0794448852539062 0.002105712890625 0.0722885131835938
-0.0166282653808594 -0.056427001953125 0.075286865234375 0.162445068359375
-0.0454368591308594 -0.0404548645019531 -0.127975463867188 -0.0983505249023438
-0.0452461242675781 0.0395011901855469 -0.124893188476563 -0.225143432617187
0.0188751220703125 0.0618515014648438 0.238311767578125 -0.226638793945313
0.040802001953125 0.0483665466308594 0.629150390625 0.03167724609375
0.0315074920654297 -0.000776290893554687 0.68341064453125 0.46380615234375
0.0299243927001953 0.00534629821777344 0.256591796875 0.6397705078125
-0.0125503540039062 0.0298023223876953 -0.06903076171875 0.36572265625
-0.0201797485351563 0.0339717864990234 0.0653076171875 -0.159072875976562
0.00190544128417969 0.0350894927978516 0.12158203125 -0.6468505859375
0.0574874877929688 0.0112648010253906 -0.2802734375 -0.742919921875
0.0623359680175781 -0.00501251220703125 -0.6148681640625 -0.24261474609375
0.02386474609375 0.0376319885253906 -0.546722412109375 0.242431640625
-0.0182075500488281 0.0197792053222656 -0.1820068359375 0.321136474609375
-0.00618076324462891 0.00570821762084961 0.00771331787109375 0.084442138671875
-0.0694122314453125 -0.135566711425781 0.066436767578125 0.15948486328125
-0.102798461914062 -0.100471496582031 -0.103408813476562 -0.106201171875
-0.0764007568359375 0.00952148437499998 -0.0582733154296875 -0.247589111328125
0.0628662109375 0.0722885131835938 0.29449462890625 -0.22314453125
0.123794555664062 0.0909042358398438 0.62274169921875 0.10552978515625
0.10345458984375 0.0762939453125 0.60955810546875 0.541259765625
0.0386123657226562 0.116432189941406 0.20574951171875 0.632568359375
-0.0779571533203125 0.141357421875 -0.04168701171875 0.313629150390625
-0.0710906982421875 0.141830444335938 0.0859375 -0.212753295898438
0.00520324707031249 0.133110046386719 0.04534912109375 -0.66436767578125
0.131362915039063 0.104606628417969 -0.3841552734375 -0.652587890625
0.156539916992188 0.046478271484375 -0.63604736328125 -0.13201904296875
0.0591697692871094 0.050018310546875 -0.5081787109375 0.28546142578125
-0.035064697265625 -0.0224533081054688 -0.13323974609375 0.314544677734375
-0.0442085266113281 -0.0694198608398438 0.0199508666992188 0.0713729858398438
-0.106231689453125 -0.190872192382813 0.0484161376953125 0.14068603515625
-0.128303527832031 -0.133773803710937 -0.0681686401367188 -0.128868103027344
-0.0611724853515625 -0.00543212890624999 0.041748046875 -0.278106689453125
0.124038696289063 0.0897979736328125 0.376129150390625 -0.195343017578125
0.183242797851563 0.14166259765625 0.59765625 0.22332763671875
0.127227783203125 0.158248901367187 0.48443603515625 0.63653564453125
0.01519775390625 0.21240234375 0.12933349609375 0.59222412109375
-0.1265869140625 0.228759765625 -0.000579833984374988 0.218246459960938
-0.07330322265625 0.228866577148438 0.0897216796875 -0.306365966796875
0.0621185302734375 0.2000732421875 -0.0861816406250001 -0.6749267578125
0.218765258789062 0.153564453125 -0.516387939453125 -0.504241943359375
0.217941284179688 0.061920166015625 -0.62493896484375 0.0177612304687501
0.0586509704589844 0.0345420837402344 -0.42242431640625 0.3238525390625
-0.0672073364257813 -0.0696296691894531 -0.0560302734375 0.286285400390625
-0.080841064453125 -0.134429931640625 0.030242919921875 0.0372276306152344
-0.118499755859375 -0.215545654296875 0.0294570922851563 0.105697631835937
-0.115798950195313 -0.13812255859375 -0.018035888671875 -0.168014526367188
-0.00903034210205078 -0.00306892395019531 0.159088134765625 -0.302886962890625
0.179550170898438 0.118972778320313 0.45440673828125 -0.1243896484375
0.196563720703125 0.195114135742188 0.532623291015625 0.377349853515625
0.09271240234375 0.22796630859375 0.3189697265625 0.71795654296875
-0.03424072265625 0.272567749023438 0.056243896484375 0.5224609375
-0.1512451171875 0.279098510742188 0.0469207763671875 0.0947494506835938
-0.0352935791015625 0.279098510742188 0.055145263671875 -0.41204833984375
0.138778686523437 0.219558715820312 -0.25360107421875 -0.6546630859375
0.280838012695313 0.153640747070313 -0.62249755859375 -0.3265380859375
0.22314453125 0.0499267578125 -0.57061767578125 0.14874267578125
0.020050048828125 -0.00305366516113281 -0.2958984375 0.33245849609375
-0.104454040527344 -0.115921020507813 0.0292510986328125 0.238983154296875
-0.107223510742188 -0.180343627929688 0.0324478149414063 -0.012472152709961
0.146377563476563 0.180694580078125 0.00471878051757813 0.0435905456542969
0.143356323242188 0.130874633789063 -0.0905303955078125 -0.168182373046875
0.0282707214355469 0.0517158508300781 0.08544921875 -0.298370361328125
-0.175384521484375 -0.043365478515625 0.46319580078125 -0.20745849609375
-0.282073974609375 -0.14111328125 0.644287109375 0.16656494140625
-0.196731567382812 -0.243820190429688 0.467315673828125 0.547515869140625
0.017608642578125 -0.313079833984375 0.080596923828125 0.47674560546875
0.2060546875 -0.312896728515625 -0.0108184814453125 0.0967025756835937
0.13946533203125 -0.30859375 0.072967529296875 -0.41802978515625
-0.0149383544921875 -0.2762451171875 -0.09881591796875 -0.7567138671875
-0.198867797851562 -0.245361328125 -0.4959716796875 -0.548309326171875
-0.220809936523438 -0.130935668945312 -0.55194091796875 0.0284423828125
-0.0399169921875 -0.00215530395507812 -0.29681396484375 0.3172607421875
0.0924453735351563 0.1331787109375 -0.02166748046875 0.202011108398438
0.131927490234375 0.207977294921875 0.013580322265625 -0.0742034912109375
0.132476806640625 0.1610107421875 0.0298919677734375 0.0851669311523438
0.136322021484375 0.128463745117188 -0.130683898925781 -0.132919311523438
0.066162109375 0.0773162841796875 -0.0297088623046875 -0.253936767578125
-0.107391357421875 -0.00459289550781252 0.36273193359375 -0.2293701171875
-0.232315063476563 -0.087799072265625 0.66094970703125 0.06048583984375
-0.204345703125 -0.192047119140625 0.59228515625 0.4730224609375
-0.0162811279296875 -0.274978637695313 0.161529541015625 0.54461669921875
0.178375244140625 -0.27484130859375 -0.04705810546875 0.220291137695312
0.163055419921875 -0.265487670898438 0.078369140625 -0.301971435546875
0.050537109375 -0.248733520507812 0.036865234375 -0.7320556640625
-0.123916625976563 -0.250091552734375 -0.370849609375 -0.6834716796875
-0.198806762695312 -0.148513793945313 -0.5784912109375 -0.11187744140625
-0.0718231201171875 -0.0188217163085937 -0.406005859375 0.287261962890625
0.0454254150390625 0.110610961914062 -0.0965576171875 0.251190185546875
0.105010986328125 0.188262939453125 0.00887870788574219 -0.0139284133911133
0.094146728515625 0.106651306152344 0.0514984130859375 0.120986938476562
0.0919723510742188 0.094085693359375 -0.148147583007813 -0.111968994140625
0.0573196411132812 0.0861282348632813 -0.111862182617187 -0.22509765625
-0.0471992492675781 0.0302543640136719 0.27508544921875 -0.228485107421875
-0.145294189453125 -0.0361785888671875 0.65020751953125 0.006591796875
-0.15216064453125 -0.131591796875 0.67169189453125 0.424560546875
-0.019012451171875 -0.201751708984375 0.23089599609375 0.5927734375
0.126541137695313 -0.196044921875 -0.0716552734375 0.3143310546875
0.1336669921875 -0.1827392578125 0.0644683837890625 -0.2073974609375
0.0686798095703125 -0.173995971679688 0.1171875 -0.68316650390625
-0.0496673583984375 -0.197402954101563 -0.27093505859375 -0.7552490234375
-0.130126953125 -0.129386901855469 -0.58477783203125 -0.22564697265625
-0.0648651123046875 -0.0142593383789063 -0.487274169921875 0.249298095703125
0.00968933105468751 0.0841522216796875 -0.15789794921875 0.28997802734375
0.0686492919921875 0.140670776367188 0.00452041625976563 0.0365791320800781
0.0415878295898438 0.0307083129882812 0.0709686279296875 0.147171020507812
0.0263080596923828 0.0320854187011719 -0.142623901367188 -0.0996246337890625
0.0119743347167969 0.0702400207519531 -0.144485473632813 -0.214584350585938
-0.0108222961425781 0.0504226684570312 0.22998046875 -0.225967407226563
-0.0505409240722656 0.00861358642578125 0.63433837890625 -0.002685546875
-0.0637779235839844 -0.0687484741210938 0.7037353515625 0.4185791015625
0.00238800048828126 -0.10455322265625 0.270263671875 0.62371826171875
0.059844970703125 -0.0893783569335938 -0.078887939453125 0.365936279296875
0.0615158081054688 -0.0783157348632813 0.0540313720703125 -0.156112670898438
0.0393905639648437 -0.0723190307617188 0.1396484375 -0.64984130859375
0.00424194335937499 -0.09991455078125 -0.24139404296875 -0.77197265625
-0.0396652221679688 -0.0737075805664063 -0.59576416015625 -0.274169921875
-0.025482177734375 0.0093994140625 -0.53515625 0.22808837890625
-0.00779342651367187 0.0543785095214844 -0.189300537109375 0.311553955078125
0.0323715209960938 0.078216552734375 0.0027618408203125 0.0722427368164063
-0.0165672302246094 -0.0568466186523437 0.074981689453125 0.160446166992188
-0.045166015625 -0.0398712158203125 -0.127891540527344 -0.0977325439453125
-0.0444755554199219 0.0391426086425781 -0.125457763671875 -0.224594116210938
0.0183219909667969 0.0619087219238281 0.237045288085937 -0.227752685546875
0.0409393310546875 0.0485267639160156 0.6279296875 0.0283203125
0.03143310546875 -0.00119972229003906 0.68389892578125 0.45904541015625
0.0295200347900391 0.00579643249511719 0.25836181640625 0.63653564453125
-0.012725830078125 0.0291347503662109 -0.069061279296875 0.365264892578125
-0.0196189880371094 0.0339851379394531 0.06402587890625 -0.158050537109375
0.00225830078125 0.0355758666992188 0.1192626953125 -0.64532470703125
0.0570106506347656 0.0116806030273437 -0.2801513671875 -0.73919677734375
0.061767578125 -0.00589370727539063 -0.61376953125 -0.2398681640625
0.0243453979492188 0.0378227233886719 -0.545166015625 0.243743896484375
-0.0176506042480469 0.0205059051513672 -0.18133544921875 0.3221435546875
-0.0061497688293457 0.00520229339599609 0.00785064697265626 0.0842514038085937
-0.0695877075195312 -0.1353759765625 0.06646728515625 0.157745361328125
-0.102333068847656 -0.0999908447265625 -0.103805541992187 -0.105461120605469
-0.075347900390625 0.00981903076171877 -0.0590972900390625 -0.247283935546875
0.0635147094726563 0.07098388671875 0.293914794921875 -0.224884033203125
0.124214172363281 0.0897750854492188 0.6219482421875 0.1016845703125
0.102890014648438 0.0750503540039062 0.61065673828125 0.5362548828125
0.0372695922851562 0.115676879882813 0.20635986328125 0.62872314453125
-0.0777740478515625 0.141403198242188 -0.040802001953125 0.3138427734375
-0.07110595703125 0.141494750976563 0.0845794677734375 -0.21124267578125
0.00572204589843751 0.134353637695313 0.04229736328125 -0.66143798828125
0.130790710449219 0.104827880859375 -0.3865966796875 -0.649658203125
0.156448364257812 0.045013427734375 -0.6346435546875 -0.1282958984375
0.0592918395996094 0.0494499206542969 -0.5054931640625 0.28570556640625
-0.0343112945556641 -0.0218353271484375 -0.132598876953125 0.31451416015625
-0.0439910888671875 -0.0692520141601563 0.01995849609375 0.0710830688476562
-0.106292724609375 -0.190032958984375 0.0478057861328125 0.138877868652344
-0.127090454101563 -0.132278442382812 -0.0674667358398438 -0.128387451171875
-0.0610008239746094 -0.00558090209960939 0.0403594970703125 -0.277496337890625
0.125137329101563 0.08837890625 0.374359130859375 -0.196533203125
0.183563232421875 0.140213012695313 0.597900390625 0.2193603515625
0.127212524414063 0.15789794921875 0.4862060546875 0.630126953125
0.0150146484375 0.2113037109375 0.13189697265625 0.5908203125
-0.125991821289062 0.22894287109375 7.62939453124877E-05 0.218582153320313
-0.0716552734375 0.228958129882812 0.08746337890625 -0.30426025390625
0.0619964599609375 0.20111083984375 -0.08892822265625 -0.67041015625
0.218734741210938 0.152053833007812 -0.51678466796875 -0.500823974609375
0.218032836914063 0.061370849609375 -0.623046875 0.02001953125
0.0594825744628906 0.0338172912597656 -0.419097900390625 0.32623291015625
-0.0662994384765625 -0.0691337585449219 -0.055877685546875 0.286285400390625
-0.0806198120117187 -0.133522033691406 0.0303497314453125 0.03717041015625
-0.11834716796875 -0.215713500976563 0.0291748046875 0.104804992675781
-0.114219665527344 -0.137161254882813 -0.018218994140625 -0.167510986328125
-0.00787925720214844 -0.00339365005493164 0.157867431640625 -0.302215576171875
0.180679321289063 0.117691040039062 0.453521728515625 -0.125396728515625
0.19647216796875 0.193313598632813 0.532073974609375 0.373443603515625
0.0930938720703125 0.22650146484375 0.3223876953125 0.71563720703125
-0.03363037109375 0.271392822265625 0.057861328125 0.520782470703125
-0.150390625 0.279541015625 0.0467605590820312 0.0943527221679688
-0.034454345703125 0.27801513671875 0.053863525390625 -0.4100341796875
0.138900756835938 0.219223022460937 -0.256103515625 -0.65203857421875
0.2802734375 0.152145385742188 -0.6221923828125 -0.3236083984375
0.223220825195313 0.0474853515625 -0.56915283203125 0.15081787109375
0.0202617645263672 -0.00299644470214844 -0.294708251953125 0.333099365234375
-0.104316711425781 -0.114532470703125 0.0296783447265625 0.238250732421875
-0.107833862304688 -0.179306030273438 0.0327491760253906 -0.0123367309570313
0.146026611328125 0.179153442382813 0.00453948974609376 0.043182373046875
0.143035888671875 0.129501342773438 -0.091156005859375 -0.16729736328125
0.0281410217285156 0.0521278381347656 0.084442138671875 -0.296661376953125
-0.175506591796875 -0.041473388671875 0.460845947265625 -0.209442138671875
-0.2822265625 -0.1400146484375 0.64276123046875 0.1636962890625
-0.197021484375 -0.243392944335937 0.4674072265625 0.543609619140625
0.0157470703125 -0.313751220703125 0.082366943359375 0.47552490234375
0.20428466796875 -0.3145751953125 -0.010894775390625 0.0972976684570313
0.138580322265625 -0.308441162109375 0.070220947265625 -0.4156494140625
-0.01458740234375 -0.2762451171875 -0.1016845703125 -0.75396728515625
-0.198471069335938 -0.244781494140625 -0.497161865234375 -0.545562744140625
-0.221282958984375 -0.129745483398438 -0.550933837890625 0.031494140625
-0.039306640625 -0.00135040283203124 -0.29498291015625 0.316864013671875
0.091583251953125 0.132705688476563 -0.021453857421875 0.201690673828125
0.131988525390625 0.207046508789063 0.013427734375 -0.0726165771484375
0.13201904296875 0.1591796875 0.0292282104492188 0.0845565795898438
0.1357421875 0.126930236816406 -0.130599975585937 -0.131927490234375
0.06549072265625 0.077117919921875 -0.0308837890625 -0.253509521484375
-0.107322692871094 -0.0034027099609375 0.362152099609375 -0.23114013671875
-0.232254028320312 -0.0861968994140625 0.6590576171875 0.05853271484375
-0.203903198242188 -0.190963745117188 0.593994140625 0.4713134765625
-0.0176849365234375 -0.274459838867188 0.163604736328125 0.542938232421875
0.177215576171875 -0.275985717773438 -0.0464630126953125 0.220367431640625
0.1617431640625 -0.26519775390625 0.076873779296875 -0.300384521484375
0.050537109375 -0.248626708984375 0.0343017578125 -0.7283935546875
-0.124343872070312 -0.249588012695313 -0.37255859375 -0.68060302734375
-0.19891357421875 -0.147857666015625 -0.57769775390625 -0.109130859375
-0.0720977783203125 -0.0175018310546875 -0.404296875 0.287933349609375
0.0448074340820313 0.110374450683594 -0.0966949462890625 0.250839233398438
0.104446411132813 0.18707275390625 0.00900840759277344 -0.0132465362548828
0.09344482421875 0.10540771484375 0.0509872436523437 0.119865417480469
0.0920562744140625 0.09283447265625 -0.14727783203125 -0.110610961914063
0.05743408203125 0.0856781005859375 -0.1121826171875 -0.224624633789063
-0.0472488403320313 0.03033447265625 0.274566650390625 -0.230117797851562
-0.14501953125 -0.035797119140625 0.64886474609375 0.00433349609375
-0.15185546875 -0.130996704101563 0.6728515625 0.42193603515625
-0.0201568603515625 -0.20098876953125 0.23199462890625 0.59161376953125
0.125381469726563 -0.196762084960938 -0.070037841796875 0.31512451171875
0.132888793945313 -0.18304443359375 0.062652587890625 -0.205780029296875
0.0687408447265625 -0.17327880859375 0.1148681640625 -0.68084716796875
-0.0500335693359375 -0.196365356445313 -0.2755126953125 -0.751220703125
-0.131202697753906 -0.128616333007813 -0.58428955078125 -0.22186279296875
-0.0644607543945313 -0.0130844116210938 -0.4849853515625 0.2510986328125
0.0101776123046875 0.0838699340820313 -0.157928466796875 0.289581298828125
0.0688934326171875 0.140274047851563 0.00435638427734376 0.0371665954589844
0.0414276123046875 0.0292434692382813 0.0701751708984375 0.145950317382813
0.0262432098388672 0.0318260192871094 -0.142303466796875 -0.098541259765625
0.0123786926269531 0.0696640014648438 -0.144271850585938 -0.214035034179688
-0.0106964111328125 0.0501136779785156 0.22900390625 -0.227066040039063
-0.0504951477050781 0.0089111328125 0.63421630859375 -0.00592041015625
-0.0641517639160156 -0.0682868957519531 0.7034912109375 0.4161376953125
0.00204467773437499 -0.104225158691406 0.269775390625 0.62322998046875
0.0589218139648437 -0.0894317626953125 -0.07708740234375 0.365966796875
0.0615386962890625 -0.0786514282226563 0.0525970458984375 -0.155059814453125
0.0389404296875 -0.0720062255859375 0.13653564453125 -0.64849853515625
0.00425720214843751 -0.0993881225585938 -0.2435302734375 -0.76861572265625
-0.040557861328125 -0.0743637084960938 -0.59307861328125 -0.26947021484375
-0.02581787109375 0.00919532775878906 -0.53369140625 0.230438232421875
-0.007720947265625 0.0547523498535156 -0.18902587890625 0.312225341796875
0.0325088500976563 0.0780792236328125 0.00263977050781251 0.0732955932617188
-0.0174331665039063 -0.0572967529296875 0.0739898681640625 0.158905029296875
-0.0449371337890625 -0.0395164489746094 -0.127029418945313 -0.0966644287109375
-0.0442314147949219 0.0391426086425781 -0.125137329101563 -0.2235107421875
0.0188827514648438 0.0607223510742188 0.237030029296875 -0.228561401367187
0.0411262512207031 0.0471534729003906 0.62713623046875 0.02410888671875
0.0312385559082031 -0.00122261047363281 0.6839599609375 0.45526123046875
0.0284423828125 0.00513839721679688 0.2586669921875 0.6351318359375
-0.0127773284912109 0.0300941467285156 -0.066558837890625 0.365814208984375
-0.0204315185546875 0.0342769622802734 0.062835693359375 -0.155960083007813
0.00265121459960938 0.0364456176757813 0.11492919921875 -0.641845703125
0.0564231872558594 0.0116310119628906 -0.281982421875 -0.7371826171875
0.0614128112792969 -0.0058135986328125 -0.6151123046875 -0.23675537109375
0.024993896484375 0.0373420715332031 -0.544769287109375 0.246002197265625
-0.0173873901367188 0.0204296112060547 -0.181304931640625 0.321990966796875
-0.00598239898681641 0.00489282608032227 0.00842285156249999 0.0844497680664063
-0.0700454711914063 -0.134605407714844 0.0652008056640625 0.156051635742188
-0.101531982421875 -0.09844970703125 -0.1036376953125 -0.1053466796875
-0.0748672485351563 0.00933837890625 -0.0593414306640625 -0.246917724609375
0.0638885498046875 0.0701866149902344 0.291778564453125 -0.225433349609375
0.124595642089844 0.08892822265625 0.62091064453125 0.099609375
0.103096008300781 0.0749282836914063 0.61212158203125 0.5340576171875
0.036773681640625 0.115257263183594 0.20697021484375 0.62786865234375
-0.0772247314453125 0.141021728515625 -0.03961181640625 0.313873291015625
-0.070556640625 0.141616821289063 0.0825347900390625 -0.20989990234375
0.00580596923828124 0.134201049804688 0.039794921875 -0.66021728515625
0.130851745605469 0.103569030761719 -0.3896484375 -0.64630126953125
0.155685424804687 0.044189453125 -0.63446044921875 -0.1265869140625
0.0599136352539063 0.0484809875488281 -0.504913330078125 0.28973388671875
-0.0339946746826172 -0.0214595794677734 -0.131866455078125 0.3140869140625
-0.0443344116210937 -0.0688705444335938 0.0200424194335938 0.0714492797851562
-0.106704711914063 -0.189910888671875 0.04827880859375 0.137115478515625
-0.126556396484375 -0.131568908691406 -0.0682373046875 -0.128150939941406
-0.0600128173828125 -0.00584030151367186 0.0396728515625 -0.277618408203125
0.124961853027344 0.0878677368164063 0.3734130859375 -0.197418212890625
0.183929443359375 0.139266967773438 0.59716796875 0.21771240234375
0.126663208007813 0.1566162109375 0.48907470703125 0.62939453125
0.0145721435546875 0.210586547851563 0.13232421875 0.59002685546875
-0.12591552734375 0.2294921875 5.69362725844846E-18 0.218902587890625
-0.071929931640625 0.229339599609375 0.08587646484375 -0.30303955078125
0.0624542236328125 0.200485229492188 -0.0907592773437501 -0.66973876953125
0.218093872070313 0.151519775390625 -0.517822265625 -0.4979248046875
0.216659545898438 0.058837890625 -0.6224365234375 0.0221557617187501
0.0597610473632813 0.0334320068359375 -0.419219970703125 0.328155517578125
-0.0657501220703125 -0.0686073303222656 -0.055023193359375 0.28558349609375
-0.0805435180664062 -0.132377624511719 0.0302581787109375 0.037078857421875
-0.118255615234375 -0.213943481445312 0.0293731689453125 0.103424072265625
-0.113296508789063 -0.136238098144531 -0.0192413330078125 -0.166946411132813
-0.00724315643310547 -0.00389671325683594 0.156585693359375 -0.301483154296875
0.180923461914063 0.116287231445313 0.451904296875 -0.12713623046875
0.196548461914063 0.191879272460938 0.533477783203125 0.371307373046875
0.0928497314453125 0.225906372070313 0.32421875 0.71240234375
-0.033599853515625 0.270797729492187 0.059356689453125 0.51800537109375
-0.14990234375 0.279251098632813 0.0467987060546875 0.0942306518554688
-0.0339813232421875 0.278594970703125 0.051788330078125 -0.408721923828125
0.139129638671875 0.218704223632813 -0.25665283203125 -0.649169921875
0.279815673828125 0.150955200195313 -0.62261962890625 -0.32171630859375
0.222900390625 0.0466461181640625 -0.56695556640625 0.15289306640625
0.0203647613525391 -0.00337409973144531 -0.29278564453125 0.3360595703125
-0.103492736816406 -0.113754272460937 0.0295562744140625 0.236968994140625
-0.107940673828125 -0.178741455078125 0.0325984954833984 -0.0120677947998047
0.145538330078125 0.177658081054688 0.00485610961914063 0.0431251525878906
0.142105102539063 0.128509521484375 -0.0908966064453125 -0.167465209960938
0.0272407531738281 0.0527915954589844 0.083892822265625 -0.297882080078125
-0.175689697265625 -0.0413360595703125 0.4605712890625 -0.21051025390625
-0.282470703125 -0.138427734375 0.64190673828125 0.16094970703125
-0.197189331054688 -0.242385864257812 0.469512939453125 0.541412353515625
0.0145263671875 -0.31341552734375 0.081451416015625 0.475006103515625
0.203857421875 -0.314117431640625 -0.01080322265625 0.0983352661132812
0.138336181640625 -0.309478759765625 0.0697021484375 -0.414337158203125
-0.0138397216796875 -0.275741577148438 -0.10400390625 -0.75286865234375
-0.1988525390625 -0.244461059570313 -0.499664306640625 -0.542449951171875
-0.221664428710938 -0.1285400390625 -0.552215576171875 0.032318115234375
-0.0394439697265625 -0.00128173828125 -0.294189453125 0.316986083984375
0.0913619995117188 0.132545471191406 -0.022430419921875 0.201644897460938
0.132034301757813 0.205398559570313 0.0138702392578125 -0.0714187622070312
0.131805419921875 0.158111572265625 0.0292129516601563 0.0840606689453125
0.135284423828125 0.1260986328125 -0.1297607421875 -0.131217956542969
0.0650787353515625 0.076690673828125 -0.031646728515625 -0.25274658203125
-0.107185363769531 -0.00288391113281249 0.3603515625 -0.232330322265625
-0.232528686523438 -0.0854949951171875 0.6583251953125 0.05645751953125
-0.20452880859375 -0.19134521484375 0.59381103515625 0.4691162109375
-0.01885986328125 -0.274887084960937 0.164337158203125 0.543609619140625
0.175735473632812 -0.276641845703125 -0.046295166015625 0.22088623046875
0.16162109375 -0.266006469726563 0.07550048828125 -0.298919677734375
0.051361083984375 -0.24786376953125 0.0315551757812501 -0.72589111328125
-0.124984741210937 -0.2481689453125 -0.3746337890625 -0.67724609375
-0.199630737304688 -0.146499633789063 -0.57769775390625 -0.1077880859375
-0.0718002319335938 -0.017303466796875 -0.404388427734375 0.2886962890625
0.0446243286132812 0.109886169433594 -0.0972442626953125 0.250640869140625
0.1055908203125 0.185546875 0.00874137878417969 -0.0122814178466797
0.0932464599609375 0.104339599609375 0.0505752563476563 0.119247436523438
0.0912857055664062 0.0922012329101563 -0.147018432617188 -0.110153198242188
0.05712890625 0.0854415893554687 -0.1129150390625 -0.223846435546875
-0.0471153259277344 0.0302505493164063 0.273406982421875 -0.231781005859375
-0.14532470703125 -0.034515380859375 0.64874267578125 0.002197265625
-0.151580810546875 -0.130966186523438 0.6727294921875 0.41876220703125
-0.0209808349609375 -0.200973510742188 0.2332763671875 0.59039306640625
0.12408447265625 -0.197891235351563 -0.06951904296875 0.31610107421875
0.132492065429688 -0.182632446289062 0.062103271484375 -0.204452514648438
0.068572998046875 -0.17254638671875 0.11199951171875 -0.6788330078125
-0.050750732421875 -0.196151733398438 -0.27685546875 -0.75091552734375
-0.132148742675781 -0.127029418945313 -0.58416748046875 -0.21942138671875
-0.0647048950195313 -0.0136566162109375 -0.483642578125 0.251861572265625
0.00992584228515626 0.084320068359375 -0.15789794921875 0.290191650390625
0.0684814453125 0.139823913574219 0.00511932373046876 0.038543701171875
0.0409736633300781 0.0293807983398438 0.0700225830078125 0.145172119140625
0.026275634765625 0.0312728881835938 -0.14154052734375 -0.0985870361328125
0.012359619140625 0.0695457458496094 -0.14398193359375 -0.213851928710937
-0.0104789733886719 0.0500259399414062 0.2286376953125 -0.228652954101563
-0.0506172180175781 0.00901031494140624 0.63385009765625 -0.00677490234375
-0.0641441345214844 -0.0683708190917969 0.703857421875 0.41339111328125
0.00083160400390625 -0.104240417480469 0.2705078125 0.621826171875
0.0583877563476563 -0.0899200439453125 -0.075897216796875 0.366912841796875
0.0606155395507813 -0.0782699584960938 0.0513153076171875 -0.15380859375
0.0395126342773438 -0.07061767578125 0.135009765625 -0.64569091796875
0.00382232666015625 -0.0988388061523437 -0.244873046875 -0.76849365234375
-0.0407638549804687 -0.0733184814453125 -0.59466552734375 -0.2667236328125
-0.0261592864990234 0.00921058654785156 -0.533294677734375 0.23187255859375
-0.00770187377929688 0.0543556213378906 -0.1888427734375 0.312469482421875
0.0322265625 0.0775222778320313 0.00231933593750001 0.0730819702148438
-0.0172157287597656 -0.0569953918457031 0.0733795166015625 0.158248901367188
-0.0453567504882813 -0.0397872924804688 -0.127853393554687 -0.0963211059570313
-0.0433082580566406 0.0385398864746094 -0.1260986328125 -0.223388671875
0.020111083984375 0.0601997375488281 0.235626220703125 -0.2298583984375
0.0418281555175781 0.0471763610839844 0.62603759765625 0.02362060546875
0.0305271148681641 -0.00182151794433594 0.68487548828125 0.45428466796875
0.0275897979736328 0.00520706176757813 0.259521484375 0.6346435546875
-0.0126228332519531 0.0293617248535156 -0.06634521484375 0.365936279296875
-0.0201053619384766 0.0339012145996094 0.0615692138671875 -0.154617309570312
0.002777099609375 0.0374603271484375 0.11456298828125 -0.6396484375
0.0562286376953125 0.0113487243652344 -0.284423828125 -0.7347412109375
0.0605201721191406 -0.0060577392578125 -0.61456298828125 -0.234130859375
0.025543212890625 0.0365638732910156 -0.54302978515625 0.2474365234375
-0.0174770355224609 0.0202426910400391 -0.180816650390625 0.32257080078125
-0.00624799728393555 0.00499391555786133 0.00789642333984376 0.0847930908203125
-0.0702590942382813 -0.134925842285156 0.06524658203125 0.154830932617188
-0.101692199707031 -0.0984344482421875 -0.104362487792969 -0.104598999023438
-0.0742874145507813 0.00955963134765626 -0.0595855712890625 -0.2471923828125
0.0640602111816406 0.0687484741210938 0.292266845703125 -0.22625732421875
0.124610900878906 0.0885009765625 0.62103271484375 0.0977783203125
0.102890014648438 0.0740203857421875 0.6119384765625 0.53082275390625
0.035614013671875 0.115257263183594 0.20916748046875 0.62548828125
-0.07757568359375 0.141403198242188 -0.038543701171875 0.314483642578125
-0.07080078125 0.142333984375 0.081939697265625 -0.208358764648438
0.00595855712890624 0.135627746582031 0.0383911132812501 -0.6590576171875
0.131027221679687 0.103897094726562 -0.3896484375 -0.645751953125
0.1552734375 0.0428924560546875 -0.6348876953125 -0.12371826171875
0.0602340698242188 0.0480117797851563 -0.504241943359375 0.29119873046875
-0.0338058471679688 -0.0210685729980469 -0.132080078125 0.3140869140625
-0.0445327758789063 -0.0689201354980469 0.0200576782226562 0.0720596313476563
-0.106521606445313 -0.1890869140625 0.0479507446289062 0.136245727539063
-0.125808715820313 -0.130828857421875 -0.0693206787109375 -0.12799072265625
-0.05914306640625 -0.00601577758789064 0.039215087890625 -0.277755737304688
0.125228881835938 0.0864715576171875 0.372283935546875 -0.198883056640625
0.184188842773438 0.138351440429688 0.5958251953125 0.21563720703125
0.12689208984375 0.1558837890625 0.48974609375 0.62579345703125
0.0139312744140625 0.21063232421875 0.13214111328125 0.58721923828125
-0.125625610351563 0.228790283203125 0.00135803222656247 0.219207763671875
-0.07196044921875 0.229782104492188 0.084716796875 -0.30120849609375
0.0622100830078125 0.201217651367188 -0.09259033203125 -0.6685791015625
0.21826171875 0.150955200195313 -0.51885986328125 -0.495269775390625
0.217239379882813 0.0579681396484375 -0.622802734375 0.02508544921875
0.0600204467773437 0.0327796936035156 -0.418182373046875 0.33062744140625
-0.0652236938476563 -0.06854248046875 -0.055267333984375 0.286102294921875
-0.080535888671875 -0.1326904296875 0.0308456420898437 0.0367012023925781
-0.118179321289063 -0.213760375976562 0.0298080444335937 0.102615356445312
-0.112884521484375 -0.136276245117188 -0.0198211669921875 -0.166229248046875
-0.00650691986083984 -0.0043950080871582 0.1556396484375 -0.302154541015625
0.1817626953125 0.115554809570312 0.452362060546875 -0.129058837890625
0.196762084960938 0.191085815429688 0.5347900390625 0.36944580078125
0.0933685302734375 0.225784301757812 0.32769775390625 0.71142578125
-0.0338592529296875 0.270660400390625 0.0589599609375 0.51654052734375
-0.150039672851563 0.27996826171875 0.0462646484375 0.0951156616210938
-0.0334320068359375 0.2786865234375 0.050384521484375 -0.407318115234375
0.138656616210938 0.219314575195313 -0.2576904296875 -0.648193359375
0.2794189453125 0.149261474609375 -0.62384033203125 -0.319091796875
0.22216796875 0.0448455810546875 -0.56781005859375 0.1558837890625
0.0211772918701172 -0.00340843200683594 -0.29229736328125 0.33660888671875
-0.103302001953125 -0.114013671875 0.0297088623046875 0.237060546875
-0.108016967773437 -0.177810668945313 0.0325660705566406 -0.0116119384765625
0.145599365234375 0.1767578125 0.00439834594726564 0.0425148010253906
0.14068603515625 0.12799072265625 -0.090728759765625 -0.166595458984375
0.0264892578125 0.0534782409667969 0.084014892578125 -0.296875
-0.176223754882812 -0.040313720703125 0.460601806640625 -0.212158203125
-0.283782958984375 -0.138031005859375 0.642578125 0.16015625
-0.196914672851562 -0.243392944335938 0.47076416015625 0.5400390625
0.013702392578125 -0.31494140625 0.0830078125 0.47479248046875
0.203094482421875 -0.3148193359375 -0.0105667114257812 0.0991744995117187
0.137420654296875 -0.309417724609375 0.0683593750000001 -0.41351318359375
-0.0137176513671875 -0.275909423828125 -0.104248046875 -0.751953125
-0.199234008789062 -0.2432861328125 -0.4998779296875 -0.54168701171875
-0.222061157226563 -0.126998901367187 -0.5513916015625 0.034393310546875
-0.0397987365722656 -0.001220703125 -0.29339599609375 0.317962646484375
0.0907058715820312 0.131996154785156 -0.0229034423828125 0.201400756835938
0.13177490234375 0.204681396484375 0.0136566162109375 -0.07061767578125
0.131622314453125 0.157073974609375 0.0284652709960938 0.0830154418945313
0.134750366210937 0.125267028808594 -0.130340576171875 -0.131057739257812
0.0644912719726563 0.0772552490234375 -0.0316925048828125 -0.25311279296875
-0.107597351074219 -0.00231933593750001 0.3614501953125 -0.23394775390625
-0.232528686523438 -0.084259033203125 0.6593017578125 0.0556640625
-0.204574584960938 -0.190353393554687 0.5950927734375 0.46722412109375
-0.0192718505859375 -0.274887084960938 0.165435791015625 0.54290771484375
0.175735473632813 -0.277206420898437 -0.04541015625 0.222076416015625
0.1611328125 -0.266189575195313 0.0753173828125 -0.29827880859375
0.0515594482421875 -0.247344970703125 0.0295410156249999 -0.72576904296875
-0.125076293945313 -0.247314453125 -0.37689208984375 -0.67669677734375
-0.200393676757813 -0.14569091796875 -0.5791015625 -0.10589599609375
-0.0723724365234375 -0.0167922973632812 -0.403411865234375 0.289520263671875
0.0439682006835937 0.110244750976563 -0.0973052978515625 0.251174926757812
0.104934692382813 0.184860229492188 0.00916385650634766 -0.0111970901489258
0.0933074951171875 0.104217529296875 0.0501327514648438 0.118644714355469
0.09130859375 0.092041015625 -0.146575927734375 -0.109848022460938
0.0571212768554687 0.0856246948242188 -0.112777709960937 -0.2239990234375
-0.0477333068847656 0.0303077697753906 0.273223876953125 -0.231842041015625
-0.145309448242188 -0.0343475341796875 0.6492919921875 0.001708984375
-0.151992797851563 -0.130233764648437 0.67340087890625 0.4183349609375
-0.02130126953125 -0.201492309570312 0.2342529296875 0.59051513671875
0.123764038085937 -0.197479248046875 -0.0682373046875 0.316558837890625
0.13250732421875 -0.183456420898438 0.0613861083984375 -0.203140258789063
0.069061279296875 -0.172042846679687 0.11199951171875 -0.67626953125
-0.0504302978515625 -0.195037841796875 -0.27978515625 -0.749267578125
-0.132072448730469 -0.127418518066406 -0.5848388671875 -0.21710205078125
-0.0650100708007813 -0.0134506225585938 -0.484222412109375 0.25390625
0.0096282958984375 0.0842361450195313 -0.158782958984375 0.2913818359375
0.0687332153320313 0.139823913574219 0.00447082519531251 0.0386581420898438
0.0405540466308594 0.0283889770507813 0.0691986083984375 0.14398193359375
0.0261344909667969 0.0306930541992188 -0.141677856445312 -0.0985107421875
0.0124664306640625 0.0691070556640625 -0.144668579101562 -0.2137451171875
-0.0105400085449219 0.0495567321777344 0.229507446289063 -0.229888916015625
-0.0508575439453125 0.00900650024414062 0.63421630859375 -0.00927734375
-0.0645294189453125 -0.0678749084472656 0.70416259765625 0.41094970703125
-0.000366210937499992 -0.104705810546875 0.27130126953125 0.62158203125
0.0584716796875 -0.0898056030273437 -0.0760498046875 0.3677978515625
0.061004638671875 -0.0783615112304688 0.05108642578125 -0.152572631835938
0.0393905639648438 -0.070831298828125 0.13409423828125 -0.64520263671875
0.00344848632812499 -0.0986404418945313 -0.2469482421875 -0.7662353515625
-0.0413665771484375 -0.0733871459960938 -0.595947265625 -0.26495361328125
-0.0255451202392578 0.00934219360351563 -0.532470703125 0.234375
-0.00737380981445312 0.0552330017089844 -0.189483642578125 0.313720703125
0.032135009765625 0.0774383544921875 0.00234222412109375 0.0743408203125
-0.0183868408203125 -0.0570259094238281 0.0732574462890625 0.156982421875
-0.0446968078613281 -0.0396537780761719 -0.128150939941406 -0.0962448120117188
-0.043609619140625 0.0380096435546875 -0.125732421875 -0.22259521484375
0.0203056335449219 0.0598068237304687 0.235885620117188 -0.230575561523438
0.0414505004882812 0.0463447570800781 0.62652587890625 0.02130126953125
0.0304660797119141 -0.00109100341796875 0.68505859375 0.45111083984375
0.0267696380615234 0.00501060485839844 0.26153564453125 0.635498046875
-0.0130958557128906 0.0296802520751953 -0.06512451171875 0.36749267578125
-0.0205001831054688 0.034454345703125 0.061004638671875 -0.153060913085938
0.00372695922851563 0.0383872985839844 0.11309814453125 -0.63995361328125
0.0561752319335937 0.011688232421875 -0.28564453125 -0.73345947265625
0.0603065490722656 -0.0069122314453125 -0.61663818359375 -0.23284912109375
0.0249481201171875 0.0368232727050781 -0.5421142578125 0.249786376953125
-0.0164833068847656 0.0212154388427734 -0.1805419921875 0.322998046875
-0.00591707229614258 0.00454092025756836 0.0077972412109375 0.0853042602539063
-0.0709686279296875 -0.134574890136719 0.064788818359375 0.154052734375
-0.100967407226562 -0.0979843139648438 -0.104415893554688 -0.105224609375
-0.074005126953125 0.00910186767578124 -0.0601348876953125 -0.246734619140625
0.0648193359375 0.0683021545410156 0.292327880859375 -0.227142333984375
0.124656677246094 0.0876846313476563 0.62109375 0.0965576171875
0.102386474609375 0.0742645263671875 0.61346435546875 0.52862548828125
0.0352630615234375 0.11517333984375 0.2099609375 0.626220703125
-0.077545166015625 0.141876220703125 -0.038482666015625 0.31524658203125
-0.07049560546875 0.142776489257812 0.081512451171875 -0.207733154296875
0.00665283203124999 0.136009216308594 0.0371093749999999 -0.65814208984375
0.130302429199219 0.103683471679687 -0.391357421875 -0.64398193359375
0.154998779296875 0.0429229736328125 -0.63604736328125 -0.1220703125
0.0605926513671875 0.0479087829589844 -0.50543212890625 0.2935791015625
-0.0334281921386719 -0.0206775665283203 -0.132843017578125 0.3148193359375
-0.0435829162597656 -0.0685157775878906 0.0203933715820313 0.0714797973632812
-0.106948852539062 -0.189163208007813 0.0475234985351562 0.135169982910156
-0.125419616699219 -0.131134033203125 -0.0682449340820313 -0.128044128417969
-0.0589523315429687 -0.00590515136718749 0.0384979248046875 -0.277984619140625
0.126182556152344 0.0854568481445313 0.373321533203125 -0.20062255859375
0.183563232421875 0.137786865234375 0.59796142578125 0.2152099609375
0.127182006835938 0.155532836914063 0.49249267578125 0.62579345703125
0.0131988525390625 0.209930419921875 0.1339111328125 0.58831787109375
-0.12548828125 0.229888916015625 0.00166320800781249 0.2197265625
-0.0719757080078125 0.229568481445312 0.0841064453125 -0.300140380859375
0.0619964599609375 0.201995849609375 -0.0933837890625 -0.66802978515625
0.217529296875 0.150390625 -0.520904541015625 -0.49688720703125
0.217483520507813 0.05633544921875 -0.62469482421875 0.0270385742187499
0.0607414245605469 0.0323753356933594 -0.417205810546875 0.33343505859375
-0.0648612976074219 -0.0680046081542969 -0.054901123046875 0.28515625
-0.08062744140625 -0.132072448730469 0.0309410095214844 0.0376358032226562
-0.1182861328125 -0.213729858398438 0.0299224853515625 0.101112365722656
-0.112281799316406 -0.136001586914063 -0.0198822021484375 -0.166549682617188
-0.00605058670043945 -0.00457429885864258 0.15472412109375 -0.302642822265625
0.18212890625 0.114944458007813 0.451995849609375 -0.129425048828125
0.197052001953125 0.190704345703125 0.534332275390625 0.36700439453125
0.092987060546875 0.225723266601563 0.32843017578125 0.7099609375
-0.034088134765625 0.270599365234375 0.06005859375 0.516021728515625
-0.150588989257813 0.280105590820313 0.0468063354492188 0.09527587890625
-0.0336761474609375 0.2794189453125 0.049468994140625 -0.40643310546875
0.139785766601562 0.219955444335938 -0.26025390625 -0.64727783203125
0.279556274414063 0.1484375 -0.62579345703125 -0.3177490234375
0.222457885742188 0.0436553955078125 -0.56805419921875 0.15673828125
0.02203369140625 -0.00360870361328125 -0.2918701171875 0.338775634765625
-0.102012634277344 -0.112503051757812 0.0298919677734375 0.237106323242188
-0.107986450195313 -0.176437377929687 0.0325679779052734 -0.0114383697509766
0.145172119140625 0.175979614257813 0.00437545776367189 0.0419883728027344
0.140403747558594 0.127265930175781 -0.0900726318359375 -0.166427612304688
0.0263404846191406 0.0539398193359375 0.0836181640625 -0.2972412109375
-0.176284790039063 -0.03948974609375 0.460357666015625 -0.214324951171875
-0.284698486328125 -0.13775634765625 0.64324951171875 0.158935546875
-0.197036743164063 -0.242874145507812 0.473846435546875 0.538543701171875
0.013458251953125 -0.3155517578125 0.0833740234375 0.475799560546875
0.201995849609375 -0.31732177734375 -0.0104904174804687 0.100112915039062
0.137359619140625 -0.310333251953125 0.06793212890625 -0.41278076171875
-0.0130767822265625 -0.276611328125 -0.1065673828125 -0.75079345703125
-0.199188232421875 -0.242843627929688 -0.501434326171875 -0.541778564453125
-0.223007202148438 -0.127120971679688 -0.552093505859375 0.0349426269531249
-0.0400657653808594 -0.000705718994140626 -0.2940673828125 0.31793212890625
0.0900039672851563 0.13262939453125 -0.0241241455078125 0.2027587890625
0.132125854492187 0.20513916015625 0.0141181945800781 -0.0695457458496094
0.1319580078125 0.156890869140625 0.0281982421875 0.083282470703125
0.134384155273437 0.124626159667969 -0.130233764648438 -0.131370544433594
0.06451416015625 0.0775909423828125 -0.0317230224609375 -0.25323486328125
-0.108169555664062 -0.00116729736328123 0.360809326171875 -0.235748291015625
-0.233627319335938 -0.083984375 0.66015625 0.05322265625
-0.204254150390625 -0.19085693359375 0.5963134765625 0.46630859375
-0.01959228515625 -0.275970458984375 0.1650390625 0.544158935546875
0.1748046875 -0.278533935546875 -0.045257568359375 0.223556518554687
0.160629272460937 -0.266952514648438 0.07440185546875 -0.29638671875
0.0524444580078125 -0.2479248046875 0.02801513671875 -0.72540283203125
-0.125274658203125 -0.2471923828125 -0.3780517578125 -0.67706298828125
-0.201309204101563 -0.14544677734375 -0.58001708984375 -0.10516357421875
-0.0720596313476563 -0.0165786743164062 -0.403411865234375 0.28924560546875
0.0439682006835937 0.110588073730469 -0.0983123779296875 0.251724243164063
0.105224609375 0.185134887695312 0.00903606414794923 -0.0103073120117187
0.0926132202148437 0.103683471679687 0.0502853393554688 0.118621826171875
0.0914459228515625 0.0910110473632813 -0.146743774414063 -0.109634399414063
0.057281494140625 0.0856246948242188 -0.112701416015625 -0.224319458007813
-0.0471725463867187 0.0306396484375 0.273208618164063 -0.234481811523438
-0.145980834960937 -0.034332275390625 0.64862060546875 0.000305175781249998
-0.152496337890625 -0.130477905273438 0.676513671875 0.4158935546875
-0.023101806640625 -0.20208740234375 0.2349853515625 0.59130859375
0.123214721679687 -0.1981201171875 -0.068145751953125 0.318359375
0.132537841796875 -0.183502197265625 0.06201171875 -0.202407836914063
0.0697174072265625 -0.171722412109375 0.1099853515625 -0.67681884765625
-0.0513458251953125 -0.195175170898437 -0.28167724609375 -0.74920654296875
-0.133186340332031 -0.1270751953125 -0.58642578125 -0.217529296875
-0.0650215148925781 -0.0130195617675781 -0.484619140625 0.2537841796875
0.00978088378906249 0.0850296020507813 -0.15948486328125 0.2923583984375
0.0686264038085937 0.13916015625 0.00528335571289063 0.0397453308105469
0.0402603149414062 0.0283851623535156 0.068603515625 0.143173217773438
0.0257167816162109 0.0299777984619141 -0.1416015625 -0.09820556640625
0.0129508972167969 0.0694160461425781 -0.144119262695313 -0.2139892578125
-0.0104293823242188 0.0496788024902344 0.229537963867187 -0.23101806640625
-0.0508918762207031 0.00911331176757812 0.63580322265625 -0.01025390625
-0.0648078918457031 -0.0681991577148438 0.7064208984375 0.40960693359375
-0.000564575195312493 -0.104804992675781 0.2738037109375 0.62200927734375
0.0578231811523438 -0.0901260375976563 -0.075225830078125 0.36865234375
0.0610275268554688 -0.0784072875976562 0.0509033203125 -0.15185546875
0.0402297973632812 -0.0702285766601563 0.13275146484375 -0.64324951171875
0.00277709960937501 -0.0986404418945312 -0.248779296875 -0.76678466796875
-0.041900634765625 -0.0735092163085938 -0.5966796875 -0.26483154296875
-0.0257854461669922 0.00971794128417968 -0.533782958984375 0.235260009765625
-0.00740814208984375 0.0550155639648438 -0.190460205078125 0.31475830078125
0.0326461791992188 0.07720947265625 0.00283050537109375 0.0755996704101563
-0.0188064575195312 -0.0575599670410156 0.072357177734375 0.15582275390625
-0.0447731018066406 -0.0401496887207031 -0.127677917480469 -0.0960540771484375
-0.0429649353027344 0.0378990173339844 -0.125808715820313 -0.223846435546875
0.0203018188476562 0.0587692260742188 0.236083984375 -0.232269287109375
0.0415153503417969 0.0470046997070312 0.6285400390625 0.020751953125
0.0305061340332031 -0.00144767761230469 0.6883544921875 0.450927734375
0.0248928070068359 0.00488853454589844 0.26043701171875 0.63629150390625
-0.0131282806396484 0.0297260284423828 -0.064697265625 0.369049072265625
-0.0202827453613281 0.0347175598144531 0.06005859375 -0.152114868164063
0.00352859497070313 0.0387802124023438 0.1116943359375 -0.6402587890625
0.0561370849609375 0.0118751525878906 -0.2867431640625 -0.73382568359375
0.0608177185058594 -0.00732421875 -0.617919921875 -0.23248291015625
0.0253944396972656 0.0364570617675781 -0.543975830078125 0.251739501953125
-0.0164680480957031 0.0217666625976563 -0.18304443359375 0.32470703125
-0.00578498840332031 0.00413131713867188 0.00795745849609375 0.0860214233398438
-0.0716094970703125 -0.134712219238281 0.0635833740234375 0.152923583984375
-0.10052490234375 -0.0982589721679688 -0.104789733886719 -0.104896545410156
-0.0732650756835938 0.00910186767578124 -0.0604095458984375 -0.247039794921875
0.0651092529296875 0.0676498413085938 0.292205810546875 -0.22943115234375
0.125625610351563 0.0874176025390625 0.62335205078125 0.0943603515625
0.102081298828125 0.074249267578125 0.61712646484375 0.529296875
0.0343475341796875 0.115432739257813 0.2098388671875 0.62646484375
-0.0780487060546875 0.142349243164063 -0.03790283203125 0.316864013671875
-0.071014404296875 0.1431884765625 0.0807647705078125 -0.206649780273437
0.00614166259765625 0.13714599609375 0.036376953125 -0.6580810546875
0.13018798828125 0.104049682617187 -0.39208984375 -0.64373779296875
0.155288696289063 0.042205810546875 -0.6375732421875 -0.12164306640625
0.06036376953125 0.04815673828125 -0.505584716796875 0.2958984375
-0.0328521728515625 -0.0207042694091797 -0.133026123046875 0.31536865234375
-0.0436897277832031 -0.0687179565429688 0.0198898315429687 0.0724411010742188
-0.107086181640625 -0.18902587890625 0.0472412109375 0.134490966796875
-0.125144958496094 -0.1302490234375 -0.0690689086914062 -0.128257751464844
-0.0582046508789063 -0.00652694702148437 0.03790283203125 -0.278533935546875
0.127128601074219 0.0845718383789063 0.37396240234375 -0.201812744140625
0.184600830078125 0.13702392578125 0.60015869140625 0.2132568359375
0.126922607421875 0.156539916992188 0.493408203125 0.62408447265625
0.0126495361328125 0.211166381835937 0.13458251953125 0.587890625
-0.126220703125 0.230911254882813 0.00198364257812499 0.221206665039063
-0.07183837890625 0.231460571289063 0.082977294921875 -0.299713134765625
0.0630950927734375 0.20318603515625 -0.09405517578125 -0.66778564453125
0.21826171875 0.150314331054688 -0.521270751953125 -0.49615478515625
0.217330932617187 0.0561370849609375 -0.6258544921875 0.0286865234374999
0.060791015625 0.0328292846679688 -0.41802978515625 0.336029052734375
-0.0638275146484375 -0.0680656433105469 -0.055572509765625 0.286865234375
-0.0802459716796875 -0.132110595703125 0.0306472778320312 0.0380058288574219
-0.118606567382813 -0.2137451171875 0.0294723510742187 0.100914001464844
-0.111778259277344 -0.135551452636719 -0.020355224609375 -0.16693115234375
-0.00498199462890625 -0.00539302825927734 0.154815673828125 -0.302947998046875
0.182937622070313 0.114181518554688 0.453277587890625 -0.129791259765625
0.197372436523437 0.189910888671875 0.538543701171875 0.365875244140625
0.092529296875 0.225555419921875 0.3314208984375 0.7103271484375
-0.034759521484375 0.27099609375 0.060577392578125 0.516021728515625
-0.15069580078125 0.281158447265625 0.0470657348632812 0.0958786010742188
-0.03448486328125 0.2802734375 0.04888916015625 -0.405670166015625
0.140029907226562 0.220611572265625 -0.2601318359375 -0.6456298828125
0.28070068359375 0.148849487304688 -0.62677001953125 -0.31884765625
0.222686767578125 0.0426177978515625 -0.5699462890625 0.1588134765625
0.0219821929931641 -0.00406837463378906 -0.292694091796875 0.341217041015625
-0.101318359375 -0.1123046875 0.030426025390625 0.237472534179687
-0.108322143554688 -0.176895141601562 0.0324687957763672 -0.0106697082519531
0.145858764648438 0.175399780273438 0.00391769409179689 0.0421791076660156
0.140235900878906 0.126960754394531 -0.0904693603515625 -0.16705322265625
0.0257987976074219 0.0550346374511719 0.083648681640625 -0.298675537109375
-0.176559448242187 -0.0386199951171875 0.462432861328125 -0.21478271484375
-0.28582763671875 -0.136505126953125 0.64605712890625 0.1580810546875
-0.198165893554688 -0.244186401367188 0.476348876953125 0.53912353515625
0.013427734375 -0.316741943359375 0.08447265625 0.476531982421875
0.202880859375 -0.31884765625 -0.0103530883789062 0.101913452148437
0.137451171875 -0.312286376953125 0.068450927734375 -0.4127197265625
-0.0122528076171875 -0.276931762695313 -0.10888671875 -0.75396728515625
-0.20037841796875 -0.243545532226563 -0.505889892578125 -0.542205810546875
-0.2244873046875 -0.126083374023438 -0.55328369140625 0.0365600585937501
-0.0406761169433594 -0.000442504882812506 -0.294281005859375 0.32012939453125
0.0894775390625 0.132392883300781 -0.0243682861328125 0.203048706054688
0.1329345703125 0.205108642578125 0.0147781372070313 -0.0690879821777344
0.131423950195312 0.156570434570313 0.028228759765625 0.082763671875
0.134017944335938 0.124061584472656 -0.130363464355469 -0.131256103515625
0.0639801025390625 0.0782928466796875 -0.031829833984375 -0.253448486328125
-0.108650207519531 -0.000915527343750012 0.362213134765625 -0.23773193359375
-0.234710693359375 -0.0830230712890625 0.6605224609375 0.05181884765625
-0.205520629882813 -0.1912841796875 0.5994873046875 0.4669189453125
-0.02069091796875 -0.2767333984375 0.16693115234375 0.545806884765625
0.174224853515625 -0.27984619140625 -0.044708251953125 0.225143432617188
0.161346435546875 -0.268692016601563 0.0751342773437501 -0.296783447265625
0.0533447265625 -0.249252319335938 0.02801513671875 -0.72662353515625
-0.125595092773438 -0.247406005859375 -0.38116455078125 -0.6776123046875
-0.20269775390625 -0.144180297851563 -0.58282470703125 -0.103271484375
-0.07275390625 -0.0165023803710938 -0.40423583984375 0.291229248046875
0.0434112548828125 0.11126708984375 -0.0991973876953125 0.253021240234375
0.105667114257813 0.184890747070312 0.00957107543945313 -0.0092792510986328
0.092803955078125 0.102653503417969 0.0496749877929688 0.118255615234375
0.0911026000976562 0.091033935546875 -0.147125244140625 -0.109085083007813
0.0577621459960938 0.0856246948242187 -0.113739013671875 -0.2249755859375
-0.0478973388671875 0.0307464599609375 0.274185180664063 -0.236328125
-0.146591186523438 -0.0340576171875 0.651123046875 -0.00189208984375
-0.153427124023438 -0.131057739257812 0.6793212890625 0.41748046875
-0.02386474609375 -0.202224731445313 0.23712158203125 0.593994140625
0.12298583984375 -0.199661254882813 -0.067474365234375 0.320068359375
0.132492065429688 -0.184097290039063 0.0605010986328125 -0.201614379882813
0.0704345703125 -0.17242431640625 0.10797119140625 -0.67779541015625
-0.0516815185546875 -0.195068359375 -0.28436279296875 -0.75
-0.134017944335938 -0.12677001953125 -0.59033203125 -0.21649169921875
-0.0653800964355469 -0.0124359130859375 -0.485565185546875 0.25616455078125
0.00919342041015624 0.0853347778320313 -0.160125732421875 0.2938232421875
0.0696792602539063 0.13861083984375 0.00499725341796876 0.0409660339355469
0.0397567749023438 0.0284423828125 0.06866455078125 0.143310546875
0.0261936187744141 0.0303268432617188 -0.142471313476562 -0.0982818603515625
0.0129547119140625 0.0691413879394531 -0.144271850585938 -0.214706420898438
-0.0106773376464844 0.0497245788574219 0.230117797851563 -0.2337646484375
-0.0506248474121094 0.00900268554687499 0.636962890625 -0.01251220703125
-0.0647544860839844 -0.0685577392578125 0.71063232421875 0.407958984375
-0.00171661376953124 -0.105415344238281 0.27587890625 0.6236572265625
0.057647705078125 -0.090911865234375 -0.074249267578125 0.37152099609375
0.0611495971679688 -0.0786514282226563 0.049957275390625 -0.1502685546875
0.0406455993652344 -0.0695381164550781 0.1329345703125 -0.64459228515625
0.00284576416015625 -0.0979232788085938 -0.2506103515625 -0.76934814453125
-0.04296875 -0.0733489990234375 -0.60015869140625 -0.2633056640625
-0.0257472991943359 0.00944328308105469 -0.535247802734375 0.237518310546875
-0.00693511962890625 0.05560302734375 -0.191009521484375 0.316375732421875
0.0332107543945313 0.07708740234375 0.002593994140625 0.0759429931640625
-0.0193710327148438 -0.0571556091308594 0.0720977783203125 0.15545654296875
-0.0452346801757813 -0.0396957397460937 -0.127731323242188 -0.0966415405273438
-0.0424346923828125 0.0380706787109375 -0.1265869140625 -0.224151611328125
0.0206947326660156 0.0584754943847656 0.237594604492187 -0.23468017578125
0.0423812866210938 0.0463905334472656 0.6309814453125 0.0186767578125
0.030487060546875 -0.00233840942382812 0.68994140625 0.45013427734375
0.0255680084228516 0.00522613525390625 0.26202392578125 0.63812255859375
-0.0140781402587891 0.0297641754150391 -0.06439208984375 0.37060546875
-0.0209674835205078 0.0350570678710938 0.060333251953125 -0.151382446289063
0.0037078857421875 0.0397872924804688 0.11248779296875 -0.64105224609375
0.0560150146484375 0.0120925903320313 -0.2894287109375 -0.73583984375
0.0602760314941406 -0.00760269165039063 -0.62213134765625 -0.2305908203125
0.0252418518066406 0.0363960266113281 -0.54583740234375 0.253173828125
-0.0155811309814453 0.0215530395507813 -0.182769775390625 0.325775146484375
-0.00554323196411133 0.00474166870117188 0.00818634033203126 0.087249755859375
-0.0721664428710938 -0.13507080078125 0.0633697509765625 0.15252685546875
-0.101043701171875 -0.0979995727539063 -0.105148315429687 -0.105514526367188
-0.0732879638671875 0.00867462158203125 -0.0611724853515625 -0.248001098632812
0.0658531188964844 0.0673408508300781 0.293365478515625 -0.23052978515625
0.125961303710938 0.0866165161132813 0.62457275390625 0.09271240234375
0.102439880371094 0.0743637084960938 0.62030029296875 0.52838134765625
0.0330810546875 0.116424560546875 0.2105712890625 0.6285400390625
-0.077850341796875 0.14312744140625 -0.037353515625 0.318084716796875
-0.0712432861328125 0.14410400390625 0.079559326171875 -0.206146240234375
0.00662994384765626 0.138900756835938 0.0350341796875 -0.65948486328125
0.130455017089844 0.104141235351563 -0.3961181640625 -0.643798828125
0.155731201171875 0.041656494140625 -0.64056396484375 -0.1199951171875
0.0611495971679688 0.0474624633789063 -0.507080078125 0.297454833984375
-0.0322208404541016 -0.0205821990966797 -0.133819580078125 0.317169189453125
-0.0441665649414062 -0.0687980651855469 0.019927978515625 0.0732269287109375
-0.108047485351563 -0.189559936523438 0.0473098754882812 0.133697509765625
-0.125 -0.13067626953125 -0.0699920654296875 -0.128509521484375
-0.0574722290039062 -0.0067291259765625 0.0372161865234375 -0.279388427734375
0.127952575683594 0.0846023559570313 0.375579833984375 -0.202728271484375
0.185134887695313 0.136123657226563 0.6025390625 0.211669921875
0.12677001953125 0.156600952148438 0.49822998046875 0.6268310546875
0.0119171142578125 0.210800170898438 0.135009765625 0.5877685546875
-0.126602172851563 0.231369018554687 0.00170898437499999 0.222625732421875
-0.0719146728515625 0.23236083984375 0.0826416015625 -0.299713134765625
0.063629150390625 0.2049560546875 -0.09521484375 -0.6683349609375
0.219696044921875 0.15087890625 -0.52392578125 -0.49639892578125
0.218124389648438 0.0550384521484375 -0.62908935546875 0.0303955078124999
0.0613822937011719 0.0317115783691406 -0.4208984375 0.339141845703125
-0.0627059936523438 -0.0676765441894531 -0.05615234375 0.287811279296875
-0.080963134765625 -0.13189697265625 0.0309982299804687 0.0388603210449219
-0.118515014648438 -0.214019775390625 0.0290145874023437 0.0998153686523437
-0.111152648925781 -0.135292053222656 -0.019805908203125 -0.16796875
-0.00486183166503906 -0.00619316101074219 0.154449462890625 -0.30419921875
0.183853149414062 0.113677978515625 0.455078125 -0.132080078125
0.198287963867187 0.190231323242187 0.540191650390625 0.365081787109375
0.0922393798828125 0.226654052734375 0.33489990234375 0.71185302734375
-0.03564453125 0.271926879882813 0.06146240234375 0.516632080078125
-0.150238037109375 0.281951904296875 0.0475921630859375 0.096771240234375
-0.033721923828125 0.28167724609375 0.048492431640625 -0.406219482421875
0.140060424804688 0.221969604492188 -0.2630615234375 -0.64886474609375
0.280838012695312 0.148696899414062 -0.62908935546875 -0.318603515625
0.223617553710937 0.041290283203125 -0.571044921875 0.1607666015625
0.0230484008789063 -0.00417709350585938 -0.292999267578125 0.344024658203125
-0.101371765136719 -0.112068176269531 0.02880859375 0.237838745117187
-0.108749389648437 -0.176986694335938 0.0331172943115234 -0.0103836059570313
0.145416259765625 0.17626953125 0.00376129150390626 0.0415878295898438
0.140525817871094 0.126907348632813 -0.0908355712890625 -0.167556762695312
0.0250282287597656 0.0560684204101562 0.084014892578125 -0.300018310546875
-0.17828369140625 -0.038055419921875 0.463287353515625 -0.218902587890625
-0.28790283203125 -0.1363525390625 0.64752197265625 0.1568603515625
-0.198638916015625 -0.245010375976563 0.47979736328125 0.541717529296875
0.01251220703125 -0.31842041015625 0.085601806640625 0.47979736328125
0.20257568359375 -0.32073974609375 -0.00976562499999999 0.10272216796875
0.138336181640625 -0.314300537109375 0.068115234375 -0.41387939453125
-0.0117950439453125 -0.27874755859375 -0.1090087890625 -0.75677490234375
-0.20159912109375 -0.243392944335937 -0.51055908203125 -0.542938232421875
-0.226348876953125 -0.125900268554687 -0.555633544921875 0.038482666015625
-0.0408477783203125 0.000183105468750001 -0.29498291015625 0.32220458984375
0.0893096923828125 0.133064270019531 -0.0252838134765625 0.20428466796875
0.133041381835938 0.204360961914063 0.0149726867675781 -0.0676651000976562
0.131698608398438 0.156524658203125 0.0281753540039063 0.0826187133789063
0.133819580078125 0.123519897460938 -0.130210876464844 -0.131622314453125
0.0642547607421875 0.0787734985351563 -0.0318450927734375 -0.254669189453125
-0.109786987304688 -0.000122070312499982 0.363372802734375 -0.240753173828125
-0.236114501953125 -0.0833282470703125 0.6649169921875 0.05072021484375
-0.206436157226563 -0.192459106445313 0.60321044921875 0.4669189453125
-0.02154541015625 -0.27899169921875 0.16912841796875 0.548858642578125
0.1741943359375 -0.2822265625 -0.0445098876953125 0.226654052734375
0.16162109375 -0.270278930664063 0.07440185546875 -0.29705810546875
0.0535736083984375 -0.250137329101563 0.02642822265625 -0.73004150390625
-0.126678466796875 -0.248748779296875 -0.38507080078125 -0.67987060546875
-0.204376220703125 -0.144424438476563 -0.58404541015625 -0.10357666015625
-0.0726547241210938 -0.01629638671875 -0.40576171875 0.29339599609375
0.042999267578125 0.111572265625 -0.100570678710938 0.2554931640625
0.105819702148438 0.185211181640625 0.00965309143066407 -0.00865173339843749
0.0925521850585937 0.103294372558594 0.0495071411132813 0.118019104003906
0.091522216796875 0.0910110473632813 -0.147003173828125 -0.109832763671875
0.0573272705078125 0.0861358642578125 -0.11383056640625 -0.225479125976563
-0.0483894348144531 0.03131103515625 0.275924682617188 -0.238601684570312
-0.147720336914063 -0.033447265625 0.65447998046875 -0.00421142578125
-0.15435791015625 -0.131118774414063 0.68243408203125 0.41802978515625
-0.02398681640625 -0.203536987304688 0.23876953125 0.59588623046875
0.123443603515625 -0.200637817382813 -0.0667724609375 0.32275390625
0.133010864257813 -0.185302734375 0.060211181640625 -0.20111083984375
0.071136474609375 -0.173065185546875 0.1070556640625 -0.68035888671875
-0.0527801513671875 -0.1947021484375 -0.28631591796875 -0.75164794921875
-0.135955810546875 -0.126663208007813 -0.5921630859375 -0.21630859375
-0.0651931762695313 -0.0124130249023437 -0.48858642578125 0.257659912109375
0.00917816162109376 0.085845947265625 -0.16192626953125 0.29632568359375
0.0701141357421875 0.139541625976563 0.00513076782226563 0.0418357849121094
0.0405082702636719 0.028076171875 0.068328857421875 0.142333984375
0.0261878967285156 0.0299587249755859 -0.142776489257812 -0.098785400390625
0.012908935546875 0.0683021545410156 -0.145919799804687 -0.2154541015625
-0.010528564453125 0.0499000549316406 0.230804443359375 -0.235885620117188
-0.051513671875 0.00913619995117187 0.63983154296875 -0.0142822265625
-0.0654830932617187 -0.0690078735351563 0.71380615234375 0.41015625
-0.00178527832031251 -0.105552673339844 0.27728271484375 0.6285400390625
0.0577239990234375 -0.0915756225585938 -0.07421875 0.3739013671875
0.0611648559570313 -0.079376220703125 0.0500335693359375 -0.149810791015625
0.0413093566894531 -0.0696754455566406 0.13201904296875 -0.64556884765625
0.002593994140625 -0.0982208251953125 -0.254150390625 -0.771240234375
-0.043701171875 -0.0733489990234375 -0.60406494140625 -0.26416015625
-0.0255088806152344 0.00887107849121093 -0.538665771484375 0.240142822265625
-0.00701904296875 0.0564079284667969 -0.19287109375 0.319366455078125
0.0328826904296875 0.0768661499023438 0.0032196044921875 0.0770950317382812
-0.0197525024414062 -0.0576438903808594 0.0720977783203125 0.155044555664063
-0.0450172424316406 -0.03961181640625 -0.128616333007813 -0.09716796875
-0.0427970886230469 0.0379486083984375 -0.126937866210937 -0.224533081054688
0.0212211608886719 0.0587692260742188 0.238510131835938 -0.236541748046875
0.0427436828613281 0.0461387634277344 0.63372802734375 0.01702880859375
0.0304698944091797 -0.00205039978027344 0.6953125 0.45098876953125
0.0245647430419922 0.00493431091308594 0.2646484375 0.64013671875
-0.0139026641845703 0.0302028656005859 -0.0638427734375 0.37396240234375
-0.020599365234375 0.0353355407714844 0.0595245361328125 -0.150894165039063
0.00443267822265625 0.040802001953125 0.1107177734375 -0.64105224609375
0.0560951232910156 0.0126838684082031 -0.293701171875 -0.737548828125
0.0600662231445313 -0.00827789306640625 -0.62603759765625 -0.231689453125
0.0256996154785156 0.0363578796386719 -0.547454833984375 0.255157470703125
-0.01593017578125 0.0218715667724609 -0.18414306640625 0.328765869140625
-0.00557708740234375 0.00380992889404297 0.00876617431640625 0.0883712768554687
-0.0730514526367188 -0.135673522949219 0.0632171630859375 0.152084350585938
-0.100563049316406 -0.0980606079101563 -0.105758666992188 -0.105667114257812
-0.0725784301757813 0.00864410400390626 -0.0616607666015625 -0.249420166015625
0.0672416687011719 0.0662193298339844 0.29473876953125 -0.232879638671875
0.126747131347656 0.0863113403320313 0.6287841796875 0.09234619140625
0.1031494140625 0.0738754272460938 0.624755859375 0.52923583984375
0.0331497192382813 0.116127014160156 0.21331787109375 0.6307373046875
-0.0794677734375 0.1431884765625 -0.03759765625 0.320587158203125
-0.071807861328125 0.144622802734375 0.0794830322265625 -0.206222534179688
0.00749206542968749 0.140213012695313 0.0339965820312499 -0.66046142578125
0.131561279296875 0.1044921875 -0.39971923828125 -0.64642333984375
0.155838012695312 0.041107177734375 -0.64569091796875 -0.119384765625
0.0617027282714844 0.0470314025878906 -0.510101318359375 0.3013916015625
-0.0317916870117188 -0.0203342437744141 -0.13458251953125 0.319122314453125
-0.0442924499511719 -0.0690460205078125 0.0202178955078125 0.0745086669921875
-0.108688354492187 -0.189834594726563 0.0461959838867188 0.132858276367188
-0.12530517578125 -0.130439758300781 -0.0702362060546875 -0.129249572753906
-0.0572776794433594 -0.0071563720703125 0.0369110107421875 -0.280532836914063
0.128646850585937 0.083770751953125 0.37689208984375 -0.204376220703125
0.1864013671875 0.1368408203125 0.60699462890625 0.21234130859375
0.126617431640625 0.156341552734375 0.5009765625 0.62652587890625
0.0111541748046875 0.212982177734375 0.13629150390625 0.59051513671875
-0.127548217773438 0.23345947265625 0.00254821777343748 0.223602294921875
-0.07244873046875 0.233718872070312 0.082489013671875 -0.300323486328125
0.0641021728515625 0.206390380859375 -0.09765625 -0.6712646484375
0.22039794921875 0.150527954101563 -0.527313232421875 -0.498291015625
0.218948364257813 0.054412841796875 -0.63299560546875 0.03277587890625
0.0624504089355469 0.0318489074707031 -0.422271728515625 0.342071533203125
-0.062835693359375 -0.0676002502441406 -0.05596923828125 0.28887939453125
-0.0809783935546875 -0.132400512695313 0.0305862426757812 0.0386772155761719
-0.119491577148437 -0.215530395507813 0.029571533203125 0.0992507934570313
-0.111595153808594 -0.135833740234375 -0.0208587646484375 -0.168472290039063
-0.00449991226196289 -0.00614833831787109 0.15472412109375 -0.3062744140625
0.185897827148438 0.11334228515625 0.45745849609375 -0.133087158203125
0.199859619140625 0.190155029296875 0.543853759765625 0.3680419921875
0.092681884765625 0.227645874023438 0.337890625 0.7125244140625
-0.0361785888671875 0.272903442382813 0.0609130859375 0.519683837890625
-0.151611328125 0.284088134765625 0.0481643676757812 0.0975875854492188
-0.03460693359375 0.282867431640625 0.048126220703125 -0.4078369140625
0.141632080078125 0.22430419921875 -0.26458740234375 -0.650634765625
0.28265380859375 0.14892578125 -0.6336669921875 -0.31829833984375
0.224166870117187 0.0401458740234375 -0.5758056640625 0.16363525390625
0.0228614807128906 -0.00400924682617187 -0.29388427734375 0.3480224609375
-0.100936889648437 -0.112998962402344 0.0293426513671875 0.239105224609375
-0.1092529296875 -0.177383422851563 0.0332775115966797 -0.01019287109375
0.146652221679688 0.175979614257813 0.00341033935546875 0.0412406921386719
0.140083312988281 0.127105712890625 -0.091796875 -0.167617797851563
0.025115966796875 0.0571136474609375 0.083740234375 -0.301666259765625
-0.179916381835938 -0.0371246337890625 0.466339111328125 -0.220672607421875
-0.290069580078125 -0.13592529296875 0.65325927734375 0.1568603515625
-0.200790405273437 -0.246490478515625 0.48211669921875 0.541534423828125
0.011627197265625 -0.3211669921875 0.08697509765625 0.48236083984375
0.201629638671875 -0.32330322265625 -0.010101318359375 0.104339599609375
0.138275146484375 -0.31744384765625 0.0672302246093751 -0.41510009765625
-0.0112152099609375 -0.280258178710938 -0.112548828125 -0.75799560546875
-0.2034912109375 -0.243331909179688 -0.514251708984375 -0.54547119140625
-0.228530883789063 -0.125518798828125 -0.55975341796875 0.0408630371093751
-0.0421028137207031 0.000312805175781253 -0.296539306640625 0.324554443359375
0.0901336669921875 0.133575439453125 -0.0255889892578125 0.206161499023438
0.134323120117188 0.204910278320313 0.0152702331542969 -0.0674362182617187
0.133026123046875 0.156417846679688 0.0277786254882813 0.0822219848632813
0.134696960449219 0.124114990234375 -0.131820678710938 -0.132003784179687
0.0641860961914063 0.0799407958984375 -0.0330810546875 -0.255996704101563
-0.110755920410156 0.000823974609375007 0.365447998046875 -0.243377685546875
-0.237945556640625 -0.08209228515625 0.66815185546875 0.04852294921875
-0.2078857421875 -0.193084716796875 0.60772705078125 0.46728515625
-0.0224609375 -0.280517578125 0.17095947265625 0.552001953125
0.174774169921875 -0.284515380859375 -0.0439910888671875 0.229339599609375
0.162063598632813 -0.272064208984375 0.07403564453125 -0.29803466796875
0.054412841796875 -0.251800537109375 0.02459716796875 -0.732421875
-0.1273193359375 -0.249588012695312 -0.38958740234375 -0.6820068359375
-0.206344604492188 -0.144027709960938 -0.58831787109375 -0.101806640625
-0.074127197265625 -0.0158233642578125 -0.407806396484375 0.296051025390625
0.0434722900390625 0.112510681152344 -0.101150512695312 0.257080078125
0.106857299804688 0.185592651367187 0.010380744934082 -0.00727748870849608
0.0930328369140625 0.102714538574219 0.0496826171875 0.1181640625
0.0915451049804688 0.0907516479492188 -0.148513793945313 -0.109649658203125
0.0579681396484375 0.0865249633789063 -0.114517211914063 -0.226425170898437
-0.0484809875488281 0.0316619873046875 0.2762451171875 -0.241714477539063
-0.148651123046875 -0.03289794921875 0.659423828125 -0.005859375
-0.155685424804688 -0.131912231445312 0.68695068359375 0.4169921875
-0.0249176025390625 -0.204513549804688 0.24237060546875 0.60052490234375
0.12359619140625 -0.20318603515625 -0.066162109375 0.325469970703125
0.133255004882813 -0.186752319335937 0.0601348876953125 -0.2012939453125
0.071380615234375 -0.173721313476563 0.1072998046875 -0.68292236328125
-0.05291748046875 -0.196395874023437 -0.2899169921875 -0.756591796875
-0.137275695800781 -0.126914978027344 -0.59698486328125 -0.21588134765625
-0.0657501220703125 -0.0124015808105469 -0.489837646484375 0.26129150390625
0.00881195068359375 0.0867538452148438 -0.162567138671875 0.298858642578125
0.0701904296875 0.139045715332031 0.00539779663085938 0.0432586669921875
0.0394401550292969 0.0283737182617187 0.0683746337890625 0.142593383789063
0.0260581970214844 0.0300769805908203 -0.143646240234375 -0.09954833984375
0.0128936767578125 0.0694046020507813 -0.146774291992188 -0.215911865234375
-0.01092529296875 0.0497932434082031 0.231887817382813 -0.239044189453125
-0.0520286560058594 0.00950241088867187 0.6436767578125 -0.01751708984375
-0.0661163330078125 -0.0690269470214844 0.72039794921875 0.41015625
-0.00309753417968749 -0.106002807617188 0.2801513671875 0.6304931640625
0.0573196411132812 -0.0926895141601563 -0.0732421875 0.37713623046875
0.0606842041015625 -0.0800704956054687 0.0495147705078125 -0.149337768554687
0.0421409606933594 -0.0698509216308594 0.1295166015625 -0.64996337890625
0.00231933593749999 -0.098052978515625 -0.2576904296875 -0.77374267578125
-0.0443801879882813 -0.0737075805664063 -0.6085205078125 -0.26373291015625
-0.0257949829101563 0.00946426391601563 -0.54144287109375 0.2432861328125
-0.00685501098632813 0.0573081970214844 -0.193511962890625 0.3221435546875
0.034149169921875 0.0766067504882813 0.0030364990234375 0.0790557861328125
-0.0206756591796875 -0.0578155517578125 0.0721435546875 0.155166625976563
-0.0450820922851562 -0.0404014587402344 -0.129478454589844 -0.0975265502929687
-0.0427093505859375 0.0381240844726562 -0.128173828125 -0.2261962890625
0.021942138671875 0.058502197265625 0.239471435546875 -0.239410400390625
0.0427894592285156 0.0465202331542969 0.63812255859375 0.01513671875
0.0303974151611328 -0.00206375122070313 0.70074462890625 0.4505615234375
0.0233440399169922 0.00581550598144531 0.26708984375 0.64337158203125
-0.0142936706542969 0.0303306579589844 -0.062774658203125 0.37689208984375
-0.0209274291992188 0.0352859497070313 0.058929443359375 -0.150619506835938
0.004791259765625 0.0414962768554688 0.10919189453125 -0.6455078125
0.0564537048339844 0.0132675170898438 -0.29803466796875 -0.741455078125
0.05963134765625 -0.00829315185546875 -0.629150390625 -0.23101806640625
0.0259437561035156 0.0362129211425781 -0.55126953125 0.260040283203125
-0.01531982421875 0.0222454071044922 -0.185638427734375 0.33203125
-0.0057826042175293 0.00364065170288086 0.00844573974609374 0.0888290405273438
-0.0744552612304688 -0.136016845703125 0.0631561279296875 0.151611328125
-0.100936889648438 -0.0986785888671875 -0.106559753417969 -0.106254577636719
-0.0730743408203125 0.00856781005859375 -0.0621795654296875 -0.250442504882813
0.0674934387207031 0.0661506652832031 0.29608154296875 -0.23577880859375
0.126960754394531 0.0868911743164062 0.6336669921875 0.0892333984375
0.102958679199219 0.0740814208984375 0.62994384765625 0.52984619140625
0.0326080322265625 0.117538452148438 0.2159423828125 0.63427734375
-0.079437255859375 0.145034790039062 -0.036346435546875 0.322906494140625
-0.0720367431640625 0.14599609375 0.0790863037109375 -0.206192016601563
0.00775146484375001 0.141830444335938 0.033447265625 -0.663330078125
0.131843566894531 0.104843139648438 -0.403564453125 -0.64892578125
0.156753540039063 0.0400543212890625 -0.650634765625 -0.11676025390625
0.0627708435058594 0.0471267700195313 -0.511749267578125 0.304931640625
-0.0320835113525391 -0.0202751159667969 -0.135894775390625 0.321746826171875
-0.0444602966308594 -0.0696945190429688 0.0209579467773437 0.075042724609375
-0.110183715820313 -0.190673828125 0.0468368530273437 0.132392883300781
-0.124893188476562 -0.130516052246094 -0.0711441040039063 -0.130264282226563
-0.057373046875 -0.00766372680664063 0.037139892578125 -0.2825927734375
0.13055419921875 0.0825729370117188 0.37872314453125 -0.207275390625
0.188217163085938 0.1365966796875 0.61016845703125 0.2132568359375
0.127487182617187 0.157699584960938 0.50726318359375 0.62921142578125
0.01055908203125 0.213714599609375 0.1361083984375 0.5933837890625
-0.128189086914062 0.2352294921875 0.00355529785156251 0.226516723632813
-0.0727996826171875 0.235397338867188 0.08203125 -0.300811767578125
0.06488037109375 0.208221435546875 -0.0994873046874999 -0.67401123046875
0.221817016601562 0.151504516601563 -0.533477783203125 -0.499603271484375
0.22021484375 0.05316162109375 -0.63604736328125 0.03607177734375
0.0631675720214844 0.0311927795410156 -0.424560546875 0.346160888671875
-0.0625534057617187 -0.0679168701171875 -0.056640625 0.290618896484375
-0.0821456909179687 -0.13275146484375 0.0313491821289062 0.0394859313964844
-0.119857788085938 -0.216384887695313 0.0298614501953125 0.0985641479492187
-0.112159729003906 -0.136512756347656 -0.0213775634765625 -0.169830322265625
-0.00383806228637695 -0.0072169303894043 0.155517578125 -0.308013916015625
0.187606811523438 0.112808227539063 0.459625244140625 -0.13543701171875
0.200851440429688 0.190948486328125 0.548492431640625 0.368408203125
0.09295654296875 0.22869873046875 0.34368896484375 0.71710205078125
-0.0374298095703125 0.274627685546875 0.064300537109375 0.520751953125
-0.1522216796875 0.28631591796875 0.0483627319335937 0.0984725952148438
-0.034088134765625 0.2855224609375 0.04669189453125 -0.408416748046875
0.142852783203125 0.224990844726563 -0.267578125 -0.65277099609375
0.28472900390625 0.14849853515625 -0.63848876953125 -0.31768798828125
0.225433349609375 0.0391998291015625 -0.57757568359375 0.16705322265625
0.0238227844238281 -0.00406837463378906 -0.295684814453125 0.351715087890625
-0.100730895996094 -0.112991333007812 0.0299224853515625 0.239990234375
-0.110488891601562 -0.177719116210938 0.0333271026611328 -0.00959968566894532
0.147598266601563 0.17578125 0.00277328491210938 0.0411872863769531
0.141204833984375 0.126663208007813 -0.091339111328125 -0.169021606445313
0.0248565673828125 0.0582199096679687 0.083526611328125 -0.3038330078125
-0.181442260742187 -0.0355224609375 0.46917724609375 -0.225616455078125
-0.292572021484375 -0.13525390625 0.65728759765625 0.15521240234375
-0.20245361328125 -0.247650146484375 0.487701416015625 0.5433349609375
0.011077880859375 -0.32305908203125 0.088836669921875 0.48419189453125
0.2015380859375 -0.32635498046875 -0.00949859619140625 0.105781555175781
0.138336181640625 -0.319427490234375 0.0665283203125 -0.416839599609375
-0.01123046875 -0.281890869140625 -0.11614990234375 -0.76153564453125
-0.205947875976563 -0.244857788085937 -0.52227783203125 -0.54736328125
-0.230453491210937 -0.124481201171875 -0.56329345703125 0.0443115234375
-0.043060302734375 0.000576019287109382 -0.297576904296875 0.326751708984375
0.0904159545898437 0.134521484375 -0.026458740234375 0.208282470703125
0.13525390625 0.20599365234375 0.015380859375 -0.0673103332519531
0.133590698242188 0.156814575195313 0.0272369384765625 0.0826873779296875
0.134620666503906 0.124008178710938 -0.132278442382812 -0.132133483886719
0.0642318725585938 0.080413818359375 -0.03350830078125 -0.257522583007813
-0.11138916015625 0.00146484374999998 0.366485595703125 -0.24755859375
-0.240814208984375 -0.081298828125 0.6724853515625 0.0458984375
-0.210037231445313 -0.193771362304687 0.61346435546875 0.46746826171875
-0.024383544921875 -0.28179931640625 0.17431640625 0.555206298828125
0.174224853515625 -0.286651611328125 -0.04345703125 0.231460571289062
0.162185668945313 -0.274505615234375 0.073333740234375 -0.29833984375
0.054656982421875 -0.253402709960938 0.02203369140625 -0.7352294921875
-0.129409790039062 -0.249832153320313 -0.39471435546875 -0.6844482421875
-0.208892822265625 -0.144134521484375 -0.59368896484375 -0.1002197265625
-0.0751266479492188 -0.0150680541992187 -0.409423828125 0.29962158203125
0.043487548828125 0.112983703613281 -0.1024169921875 0.259567260742188
0.108016967773438 0.18646240234375 0.0105686187744141 -0.00663757324218749
0.0933990478515625 0.1026611328125 0.0493011474609375 0.117729187011719
0.0912704467773437 0.0899124145507812 -0.148406982421875 -0.109832763671875
0.0576934814453125 0.087005615234375 -0.115921020507813 -0.227493286132812
-0.0492591857910156 0.0321121215820313 0.277755737304688 -0.244873046875
-0.149871826171875 -0.0325927734375 0.661865234375 -0.00885009765625
-0.1563720703125 -0.1322021484375 0.69305419921875 0.41571044921875
-0.0263671875 -0.205947875976563 0.24462890625 0.602294921875
0.123184204101562 -0.20458984375 -0.065093994140625 0.328277587890625
0.133804321289063 -0.188247680664062 0.059417724609375 -0.2010498046875
0.0725250244140625 -0.174774169921875 0.1046142578125 -0.68701171875
-0.0540313720703125 -0.196640014648438 -0.295166015625 -0.7593994140625
-0.139488220214844 -0.127838134765625 -0.6014404296875 -0.2156982421875
-0.0667076110839844 -0.0120010375976562 -0.4925537109375 0.266021728515625
0.00923919677734375 0.0877914428710938 -0.1640625 0.301513671875
0.070953369140625 0.140129089355469 0.00558853149414063 0.0448074340820313
0.0395698547363281 0.0285377502441406 0.0689544677734375 0.142578125
0.0265674591064453 0.0300674438476562 -0.144729614257813 -0.0996856689453125
0.013397216796875 0.0693893432617188 -0.148178100585938 -0.216812133789062
-0.010986328125 0.0499649047851563 0.231704711914062 -0.241287231445313
-0.052490234375 0.0099029541015625 0.647705078125 -0.0205078125
-0.0669174194335937 -0.0697097778320313 0.72454833984375 0.4100341796875
-0.00382995605468751 -0.106452941894531 0.2821044921875 0.633544921875
0.056915283203125 -0.0938949584960938 -0.071746826171875 0.38018798828125
0.0609588623046875 -0.08038330078125 0.04864501953125 -0.149093627929688
0.04254150390625 -0.069549560546875 0.1290283203125 -0.6529541015625
0.00241851806640625 -0.0990447998046875 -0.260986328125 -0.77838134765625
-0.0453109741210938 -0.0744857788085937 -0.61260986328125 -0.26153564453125
-0.0258274078369141 0.00965309143066407 -0.5443115234375 0.24688720703125
-0.00641250610351562 0.0577125549316406 -0.195220947265625 0.32470703125
0.0335617065429688 0.0772552490234375 0.00351715087890625 0.079833984375
-0.0207328796386719 -0.058319091796875 0.0725860595703125 0.154739379882813
-0.0456504821777344 -0.0398483276367188 -0.130455017089844 -0.097412109375
-0.0422592163085937 0.0380935668945313 -0.12921142578125 -0.22705078125
0.0217132568359375 0.0583000183105469 0.240188598632813 -0.24273681640625
0.0421333312988281 0.0462913513183594 0.64111328125 0.01190185546875
0.0300025939941406 -0.002044677734375 0.70611572265625 0.44989013671875
0.0232639312744141 0.00565910339355469 0.2713623046875 0.64642333984375
-0.0146808624267578 0.0306816101074219 -0.06134033203125 0.379425048828125
-0.0216751098632812 0.0355262756347656 0.0592193603515625 -0.150680541992187
0.0053253173828125 0.0433464050292969 0.10870361328125 -0.648193359375
0.0563011169433594 0.0128250122070313 -0.30133056640625 -0.74420166015625
0.0592193603515625 -0.0084075927734375 -0.6351318359375 -0.22930908203125
0.0263633728027344 0.0358390808105469 -0.55352783203125 0.266082763671875
-0.0149440765380859 0.0230331420898438 -0.1864013671875 0.334808349609375
-0.00543212890625 0.0037393569946289 0.00899505615234376 0.090606689453125
-0.0748291015625 -0.136039733886719 0.062957763671875 0.151336669921875
-0.101509094238281 -0.0981674194335937 -0.107818603515625 -0.106864929199219
-0.0726089477539063 0.00873565673828126 -0.0629425048828125 -0.251663208007813
0.0682868957519531 0.0654182434082031 0.297576904296875 -0.239288330078125
0.12872314453125 0.08636474609375 0.638427734375 0.08807373046875
0.103866577148438 0.0739822387695313 0.635986328125 0.53125
0.03216552734375 0.117996215820313 0.2193603515625 0.63726806640625
-0.080230712890625 0.146621704101563 -0.035064697265625 0.325714111328125
-0.071929931640625 0.14752197265625 0.0785064697265625 -0.206344604492187
0.008697509765625 0.143280029296875 0.030517578125 -0.66741943359375
0.132698059082031 0.105667114257812 -0.4102783203125 -0.65301513671875
0.157791137695312 0.0395965576171875 -0.655517578125 -0.11407470703125
0.0631599426269531 0.0472488403320312 -0.515472412109375 0.31097412109375
-0.0306606292724609 -0.0201282501220703 -0.136383056640625 0.324615478515625
-0.0448646545410156 -0.0700416564941406 0.02081298828125 0.07623291015625
-0.111648559570313 -0.190902709960938 0.046966552734375 0.131744384765625
-0.125717163085938 -0.130683898925781 -0.0718231201171875 -0.130851745605469
-0.0570068359375 -0.00769805908203125 0.03662109375 -0.284454345703125
0.132156372070312 0.0815887451171875 0.380889892578125 -0.2103271484375
0.189117431640625 0.136306762695313 0.615478515625 0.2108154296875
0.127670288085938 0.158554077148438 0.51361083984375 0.630126953125
0.010101318359375 0.214981079101563 0.13970947265625 0.59716796875
-0.128646850585938 0.237014770507813 0.00405883789062501 0.227645874023437
-0.07244873046875 0.237884521484375 0.0811767578125 -0.30120849609375
0.0661163330078125 0.20941162109375 -0.10296630859375 -0.67724609375
0.223037719726563 0.151702880859375 -0.53790283203125 -0.500274658203125
0.2213134765625 0.052154541015625 -0.64178466796875 0.0379638671875
0.0637626647949219 0.031158447265625 -0.425537109375 0.351593017578125
-0.0628013610839844 -0.0676841735839844 -0.056854248046875 0.294036865234375
-0.0828170776367187 -0.133247375488281 0.0316581726074219 0.0408935546875
-0.121810913085938 -0.217178344726563 0.0296173095703125 0.0972900390625
-0.112342834472656 -0.136116027832031 -0.0214385986328125 -0.171463012695313
-0.00355815887451172 -0.00742816925048828 0.154632568359375 -0.31060791015625
0.188888549804688 0.111358642578125 0.463165283203125 -0.13787841796875
0.202133178710938 0.191070556640625 0.552734375 0.367584228515625
0.094268798828125 0.229904174804688 0.34893798828125 0.71923828125
-0.0370025634765625 0.27630615234375 0.0657043457031249 0.52301025390625
-0.15264892578125 0.289276123046875 0.0493698120117187 0.0993728637695313
-0.033843994140625 0.2880859375 0.045074462890625 -0.410736083984375
0.144302368164063 0.226608276367187 -0.27093505859375 -0.655029296875
0.28680419921875 0.1480712890625 -0.64453125 -0.31817626953125
0.226791381835937 0.0377044677734375 -0.58349609375 0.17254638671875
0.0240993499755859 -0.00483512878417969 -0.296478271484375 0.356903076171875
-0.1005859375 -0.113121032714844 0.030059814453125 0.241546630859375
-0.1119384765625 -0.178466796875 0.0338897705078125 -0.00953102111816407
0.14935302734375 0.176284790039063 0.00297546386718751 0.0406990051269531
0.141708374023438 0.126922607421875 -0.0930023193359375 -0.169998168945312
0.0249443054199219 0.0589561462402344 0.083465576171875 -0.306793212890625
-0.183303833007813 -0.034820556640625 0.470855712890625 -0.22998046875
-0.29571533203125 -0.133880615234375 0.6629638671875 0.15399169921875
-0.204666137695312 -0.248779296875 0.493988037109375 0.54486083984375
0.00851440429687501 -0.325836181640625 0.09173583984375 0.488311767578125
0.201812744140625 -0.330047607421875 -0.00864410400390624 0.108245849609375
0.137908935546875 -0.322998046875 0.065277099609375 -0.419219970703125
-0.012054443359375 -0.285003662109375 -0.12103271484375 -0.76470947265625
-0.20855712890625 -0.24462890625 -0.528717041015625 -0.547149658203125
-0.233230590820312 -0.123046875 -0.56744384765625 0.0479736328125001
-0.04296875 0.00168228149414063 -0.298126220703125 0.33099365234375
0.091156005859375 0.134765625 -0.026702880859375 0.210067749023438
0.137039184570312 0.206878662109375 0.0159568786621094 -0.0663375854492188
0.134918212890625 0.15704345703125 0.027801513671875 0.0819015502929688
0.135261535644531 0.123672485351563 -0.133438110351563 -0.133010864257812
0.0652008056640625 0.08087158203125 -0.035003662109375 -0.25909423828125
-0.112724304199219 0.00275421142578123 0.36773681640625 -0.251617431640625
-0.243011474609375 -0.080474853515625 0.6790771484375 0.04217529296875
-0.212295532226563 -0.1942138671875 0.61932373046875 0.4666748046875
-0.02532958984375 -0.284393310546875 0.177642822265625 0.557159423828125
0.173919677734375 -0.290618896484375 -0.0424957275390625 0.234146118164063
0.162994384765625 -0.278244018554688 0.0728759765625001 -0.29901123046875
0.054351806640625 -0.25543212890625 0.0196533203125 -0.74005126953125
-0.131454467773438 -0.250274658203125 -0.40289306640625 -0.6868896484375
-0.211639404296875 -0.143218994140625 -0.59912109375 -0.0974121093749999
-0.0757980346679688 -0.0153350830078125 -0.411468505859375 0.3045654296875
0.0441436767578125 0.114234924316406 -0.102401733398438 0.262893676757812
0.109344482421875 0.186492919921875 0.0113096237182617 -0.00556278228759765
0.0944900512695313 0.103317260742188 0.0497589111328125 0.118156433105469
0.0923690795898437 0.0900344848632813 -0.150650024414062 -0.110092163085938
0.0589675903320313 0.0876388549804688 -0.117446899414063 -0.228546142578125
-0.0498771667480469 0.0330657958984375 0.278533935546875 -0.248748779296875
-0.15185546875 -0.031585693359375 0.66571044921875 -0.01416015625
-0.158584594726563 -0.132476806640625 0.70062255859375 0.41485595703125
-0.0279998779296875 -0.20751953125 0.25 0.6080322265625
0.1226806640625 -0.20697021484375 -0.063812255859375 0.331756591796875
0.134201049804688 -0.190933227539063 0.0592498779296875 -0.201766967773437
0.0729217529296875 -0.176651000976563 0.09991455078125 -0.690673828125
-0.0550384521484375 -0.197738647460938 -0.30206298828125 -0.7640380859375
-0.141098022460938 -0.126968383789062 -0.60772705078125 -0.21282958984375
-0.0674552917480469 -0.0116043090820313 -0.494781494140625 0.2696533203125
0.00975036621093751 0.0887374877929688 -0.16424560546875 0.305694580078125
0.0724563598632812 0.140342712402344 0.00606155395507813 0.0454597473144531
0.039794921875 0.0279922485351562 0.069122314453125 0.142547607421875
0.0262699127197266 0.0301570892333984 -0.145492553710938 -0.09967041015625
0.0136528015136719 0.06976318359375 -0.149368286132812 -0.217880249023437
-0.0106925964355469 0.0502738952636719 0.2332763671875 -0.245758056640625
-0.0532264709472656 0.0102691650390625 0.654052734375 -0.02374267578125
-0.0677223205566406 -0.0697364807128906 0.73333740234375 0.408447265625
-0.005035400390625 -0.107101440429688 0.28814697265625 0.6368408203125
0.0562591552734375 -0.0944747924804688 -0.070404052734375 0.384246826171875
0.0610427856445313 -0.081268310546875 0.04833984375 -0.148651123046875
0.0429954528808594 -0.0702896118164062 0.1243896484375 -0.65740966796875
0.00119781494140626 -0.0990219116210938 -0.26806640625 -0.78179931640625
-0.046783447265625 -0.0745315551757813 -0.6195068359375 -0.2607421875
-0.0256919860839844 0.00958824157714844 -0.5460205078125 0.25238037109375
-0.00669479370117187 0.0579910278320313 -0.195037841796875 0.329315185546875
0.0347137451171875 0.07781982421875 0.00403594970703124 0.0817794799804688
-0.0218276977539063 -0.0587120056152344 0.0724029541015625 0.154937744140625
-0.0451889038085937 -0.0395317077636719 -0.131965637207031 -0.097808837890625
-0.0426521301269531 0.0385589599609375 -0.13104248046875 -0.228302001953125
0.0230445861816406 0.0579452514648438 0.241104125976563 -0.246307373046875
0.0429306030273438 0.0463790893554688 0.64495849609375 0.0084228515625
0.0305595397949219 -0.00287818908691406 0.714111328125 0.4498291015625
0.0222568511962891 0.0061187744140625 0.27490234375 0.65032958984375
-0.0148830413818359 0.0310688018798828 -0.059814453125 0.3837890625
-0.021240234375 0.0365409851074219 0.0579986572265625 -0.150100708007813
0.00556564331054688 0.0438308715820313 0.10595703125 -0.65350341796875
0.0570297241210938 0.0130767822265625 -0.30810546875 -0.748291015625
0.0594711303710938 -0.00897216796875 -0.64166259765625 -0.22662353515625
0.026641845703125 0.0362091064453125 -0.556396484375 0.270751953125
-0.0145206451416016 0.0232658386230469 -0.1873779296875 0.338165283203125
-0.00531530380249023 0.00381612777709961 0.00917816162109376 0.0918426513671875
-0.0768966674804688 -0.136528015136719 0.064056396484375 0.1510009765625
-0.102493286132812 -0.0980224609375 -0.109268188476563 -0.107551574707031
-0.0732803344726563 0.00926971435546875 -0.0644378662109375 -0.252914428710938
0.0698509216308594 0.0650367736816406 0.298828125 -0.242919921875
0.129547119140625 0.0852584838867188 0.642578125 0.08575439453125
0.104438781738281 0.0744247436523438 0.64361572265625 0.5303955078125
0.0320358276367187 0.119255065917969 0.2216796875 0.64044189453125
-0.0801544189453125 0.148468017578125 -0.0328369140625 0.3294677734375
-0.07220458984375 0.149703979492187 0.07757568359375 -0.207473754882813
0.010101318359375 0.145217895507812 0.0262451171875 -0.6705322265625
0.134559631347656 0.105926513671875 -0.41632080078125 -0.6546630859375
0.15814208984375 0.03863525390625 -0.661865234375 -0.11187744140625
0.0641288757324219 0.0467300415039063 -0.517364501953125 0.31646728515625
-0.0310287475585938 -0.0199146270751953 -0.135986328125 0.328338623046875
-0.045745849609375 -0.069610595703125 0.0216140747070312 0.077239990234375
-0.1134033203125 -0.19244384765625 0.0469741821289062 0.131721496582031
-0.12725830078125 -0.130538940429687 -0.0731887817382813 -0.13214111328125
-0.0572853088378906 -0.00783538818359374 0.035369873046875 -0.28717041015625
0.134246826171875 0.0810394287109375 0.383392333984375 -0.2138671875
0.191360473632812 0.135696411132812 0.62103271484375 0.20819091796875
0.130050659179688 0.15863037109375 0.520751953125 0.6314697265625
0.0103912353515625 0.216888427734375 0.1436767578125 0.598876953125
-0.128570556640625 0.240127563476562 0.00584411621093749 0.23016357421875
-0.0723419189453125 0.240371704101562 0.07965087890625 -0.303314208984375
0.068389892578125 0.211654663085938 -0.1060791015625 -0.6812744140625
0.225738525390625 0.1513671875 -0.544647216796875 -0.50164794921875
0.22259521484375 0.050872802734375 -0.64703369140625 0.0429077148437499
0.0644111633300781 0.0310211181640625 -0.427276611328125 0.357086181640625
-0.0622482299804688 -0.0678329467773438 -0.05657958984375 0.2958984375
-0.0839691162109375 -0.133537292480469 0.032318115234375 0.0417213439941406
-0.123809814453125 -0.217987060546875 0.030242919921875 0.0974502563476562
-0.112144470214844 -0.136390686035156 -0.02276611328125 -0.172332763671875
-0.00261211395263672 -0.00762414932250976 0.154144287109375 -0.313446044921875
0.191375732421875 0.111129760742188 0.46673583984375 -0.1412353515625
0.204376220703125 0.191146850585938 0.55810546875 0.36676025390625
0.0954742431640625 0.231597900390625 0.3560791015625 0.72216796875
-0.036895751953125 0.279129028320313 0.0675048828124999 0.52630615234375
-0.153289794921875 0.292236328125 0.0503692626953125 0.099456787109375
-0.033172607421875 0.290191650390625 0.04351806640625 -0.41265869140625
0.146942138671875 0.227951049804688 -0.277587890625 -0.6600341796875
0.289703369140625 0.14764404296875 -0.651123046875 -0.3173828125
0.228683471679688 0.0355682373046875 -0.58746337890625 0.1767578125
0.0252437591552734 -0.00528907775878906 -0.296783447265625 0.36199951171875
-0.100608825683594 -0.112541198730469 0.030853271484375 0.242996215820313
-0.112594604492188 -0.178482055664062 0.0344753265380859 -0.00849151611328126
0.150680541992188 0.176010131835938 0.00312423706054689 0.0404815673828125
0.142822265625 0.126312255859375 -0.0958709716796875 -0.170089721679687
0.0251617431640625 0.0596389770507813 0.08251953125 -0.309295654296875
-0.184722900390625 -0.03302001953125 0.47332763671875 -0.236297607421875
-0.29937744140625 -0.13287353515625 0.66937255859375 0.15008544921875
-0.2076416015625 -0.249008178710938 0.50103759765625 0.5435791015625
0.006622314453125 -0.32861328125 0.095245361328125 0.490753173828125
0.200531005859375 -0.334564208984375 -0.00787353515625 0.109550476074219
0.13653564453125 -0.326141357421875 0.06317138671875 -0.421875
-0.013427734375 -0.286895751953125 -0.1268310546875 -0.76904296875
-0.210159301757813 -0.244644165039062 -0.53704833984375 -0.547210693359375
-0.236526489257813 -0.122238159179687 -0.57049560546875 0.0511474609375001
-0.0433464050292969 0.00170516967773437 -0.2982177734375 0.335174560546875
0.09210205078125 0.134658813476563 -0.0272369384765625 0.212814331054687
0.139480590820313 0.206634521484375 0.0161895751953125 -0.0662879943847656
0.135986328125 0.156600952148438 0.0277633666992188 0.08203125
0.136917114257813 0.123268127441406 -0.135429382324219 -0.133331298828125
0.0660552978515625 0.0812149047851563 -0.0361175537109375 -0.260543823242188
-0.114082336425781 0.00348663330078125 0.369293212890625 -0.2569580078125
-0.24578857421875 -0.078887939453125 0.68438720703125 0.03900146484375
-0.215057373046875 -0.195068359375 0.62713623046875 0.4666748046875
-0.027618408203125 -0.287261962890625 0.1815185546875 0.56231689453125
0.172576904296875 -0.2933349609375 -0.0397796630859375 0.237472534179687
0.161285400390625 -0.28131103515625 0.071136474609375 -0.30120849609375
0.0537872314453125 -0.258438110351563 0.01239013671875 -0.74420166015625
-0.133270263671875 -0.2513427734375 -0.4100341796875 -0.68975830078125
-0.214553833007813 -0.142333984375 -0.60467529296875 -0.094482421875
-0.076171875 -0.014312744140625 -0.412841796875 0.30938720703125
0.0448074340820313 0.115142822265625 -0.10296630859375 0.265960693359375
0.111495971679688 0.186798095703125 0.0112247467041016 -0.00489521026611327
0.0957183837890625 0.10345458984375 0.0503005981445313 0.117523193359375
0.0933151245117188 0.0899429321289062 -0.152511596679688 -0.10986328125
0.05987548828125 0.087646484375 -0.119491577148437 -0.22967529296875
-0.0501747131347656 0.0335655212402344 0.278594970703125 -0.254074096679688
-0.153488159179688 -0.0302581787109375 0.673095703125 -0.01751708984375
-0.1600341796875 -0.13250732421875 0.70745849609375 0.41265869140625
-0.0301513671875 -0.2091064453125 0.2550048828125 0.61004638671875
0.121810913085937 -0.209243774414063 -0.0614013671875 0.3355712890625
0.133758544921875 -0.19281005859375 0.058380126953125 -0.201797485351563
0.0729217529296875 -0.177902221679688 0.09771728515625 -0.69384765625
-0.056854248046875 -0.197723388671875 -0.3094482421875 -0.7655029296875
-0.14349365234375 -0.126571655273438 -0.61328125 -0.2113037109375
-0.0674514770507812 -0.0112419128417969 -0.4976806640625 0.2742919921875
0.0104217529296875 0.0893020629882813 -0.163787841796875 0.30926513671875
0.07373046875 0.140380859375 0.00656509399414063 0.0474853515625
0.0396652221679688 0.0281295776367188 0.069915771484375 0.142227172851563
0.0270290374755859 0.0298938751220703 -0.147384643554688 -0.09967041015625
0.0143814086914063 0.0694732666015625 -0.151290893554688 -0.218826293945313
-0.0110397338867188 0.0503997802734375 0.233352661132813 -0.24945068359375
-0.0526962280273438 0.0105247497558594 0.656982421875 -0.02886962890625
-0.068756103515625 -0.0698013305664063 0.7410888671875 0.40484619140625
-0.00586700439453125 -0.108192443847656 0.29388427734375 0.64154052734375
0.0563201904296875 -0.0954742431640625 -0.067840576171875 0.388519287109375
0.0610885620117188 -0.08270263671875 0.0478363037109375 -0.148605346679688
0.043701171875 -0.0704803466796875 0.12310791015625 -0.66015625
0.00118255615234374 -0.099212646484375 -0.27581787109375 -0.7857666015625
-0.0478897094726562 -0.0747528076171875 -0.62664794921875 -0.25885009765625
-0.0261745452880859 0.0104427337646484 -0.549957275390625 0.257965087890625
-0.0058135986328125 0.0588645935058594 -0.195587158203125 0.333770751953125
0.0352325439453125 0.077392578125 0.00466156005859376 0.0836944580078125
-0.0230560302734375 -0.0581512451171875 0.073089599609375 0.154647827148438
-0.0456695556640625 -0.0399589538574219 -0.133979797363281 -0.0978851318359375
-0.0417976379394531 0.0391349792480469 -0.132827758789063 -0.228622436523438
0.023162841796875 0.0573310852050781 0.241592407226562 -0.250289916992188
0.0438919067382813 0.0455093383789063 0.6517333984375 0.0029296875
0.0299263000488281 -0.00284385681152344 0.72344970703125 0.44854736328125
0.0225238800048828 0.00618743896484375 0.283935546875 0.6546630859375
-0.015289306640625 0.0311145782470703 -0.057861328125 0.3875732421875
-0.021697998046875 0.0368156433105469 0.057952880859375 -0.150436401367188
0.00635528564453125 0.044158935546875 0.10174560546875 -0.6561279296875
0.0576171875 0.013519287109375 -0.3162841796875 -0.75067138671875
0.0598220825195313 -0.0099639892578125 -0.64874267578125 -0.223876953125
0.0271873474121094 0.0354728698730469 -0.55841064453125 0.277557373046875
-0.0141277313232422 0.0239887237548828 -0.1866455078125 0.34307861328125
-0.00516271591186523 0.00401735305786133 0.0101394653320312 0.0938873291015625
-0.078643798828125 -0.136741638183594 0.0645751953125 0.150543212890625
-0.103317260742188 -0.0982208251953125 -0.110748291015625 -0.108200073242188
-0.0734939575195313 0.0091552734375 -0.0669403076171875 -0.254669189453125
0.0701789855957031 0.0640945434570312 0.300201416015625 -0.2471923828125
0.131126403808594 0.0851058959960938 0.64886474609375 0.08050537109375
0.10552978515625 0.0740966796875 0.6522216796875 0.5294189453125
0.0321807861328125 0.120277404785156 0.22784423828125 0.64373779296875
-0.0799713134765625 0.149337768554687 -0.031341552734375 0.332275390625
-0.072509765625 0.151092529296875 0.076385498046875 -0.207962036132813
0.0110015869140625 0.146255493164063 0.0242309570312501 -0.67529296875
0.136146545410156 0.106025695800781 -0.42266845703125 -0.65692138671875
0.159698486328125 0.0370025634765625 -0.666015625 -0.10760498046875
0.065185546875 0.0465660095214844 -0.519195556640625 0.32220458984375
-0.0303421020507812 -0.0198535919189453 -0.135467529296875 0.331939697265625
-0.0465621948242187 -0.0702590942382813 0.0218582153320312 0.0783309936523437
-0.115493774414063 -0.1922607421875 0.0476760864257812 0.131057739257813
-0.128181457519531 -0.129806518554687 -0.0746536254882813 -0.132926940917969
-0.0571136474609375 -0.00756072998046874 0.034454345703125 -0.288726806640625
0.135475158691406 0.0799484252929688 0.38433837890625 -0.218994140625
0.193817138671875 0.134872436523437 0.6270751953125 0.205322265625
0.130538940429688 0.159103393554688 0.52972412109375 0.63311767578125
0.0109710693359375 0.219009399414062 0.14825439453125 0.60406494140625
-0.128372192382813 0.242721557617188 0.00778198242187499 0.232452392578125
-0.0721893310546875 0.242401123046875 0.0780029296875 -0.30462646484375
0.0700836181640625 0.2139892578125 -0.1121826171875 -0.68646240234375
0.228591918945313 0.151748657226563 -0.553192138671875 -0.50164794921875
0.224273681640625 0.048583984375 -0.6531982421875 0.04766845703125
0.0659103393554688 0.0305023193359375 -0.42901611328125 0.363616943359375
-0.0624542236328125 -0.0677413940429688 -0.055511474609375 0.298004150390625
-0.0855712890625 -0.133766174316406 0.0328140258789063 0.042022705078125
-0.125350952148437 -0.219024658203125 0.03070068359375 0.0965805053710937
-0.113357543945313 -0.136573791503906 -0.025146484375 -0.173583984375
-0.00262165069580078 -0.00811147689819336 0.1536865234375 -0.31719970703125
0.194168090820312 0.109344482421875 0.4708251953125 -0.1456298828125
0.206710815429688 0.190536499023438 0.56622314453125 0.365478515625
0.09674072265625 0.232894897460938 0.36334228515625 0.7222900390625
-0.0369873046875 0.281646728515625 0.0721435546875001 0.527923583984375
-0.152862548828125 0.295501708984375 0.0517807006835937 0.101242065429688
-0.032257080078125 0.292724609375 0.0411376953125 -0.415618896484375
0.149078369140625 0.22991943359375 -0.28363037109375 -0.66168212890625
0.29278564453125 0.14666748046875 -0.65771484375 -0.315185546875
0.23016357421875 0.03375244140625 -0.59124755859375 0.18328857421875
0.0259647369384766 -0.00518417358398438 -0.29620361328125 0.368408203125
-0.101806640625 -0.113006591796875 0.0320892333984375 0.245010375976563
-0.114913940429688 -0.178665161132813 0.0348320007324219 -0.00845336914062501
0.152542114257812 0.176223754882813 0.00310134887695314 0.0409736633300781
0.14349365234375 0.125839233398438 -0.0961456298828125 -0.170730590820313
0.0251007080078125 0.0610542297363281 0.0810546875 -0.312896728515625
-0.18646240234375 -0.0311126708984375 0.475067138671875 -0.240997314453125
-0.302703857421875 -0.130035400390625 0.674560546875 0.145263671875
-0.210891723632813 -0.249618530273438 0.509002685546875 0.5435791015625
0.00506591796874997 -0.33154296875 0.10040283203125 0.494781494140625
0.19970703125 -0.338714599609375 -0.00687408447265623 0.111213684082031
0.1356201171875 -0.33038330078125 0.060455322265625 -0.424530029296875
-0.0146484375 -0.289825439453125 -0.13470458984375 -0.77392578125
-0.213409423828125 -0.2445068359375 -0.54571533203125 -0.547698974609375
-0.240341186523438 -0.12054443359375 -0.57635498046875 0.05731201171875
-0.044647216796875 0.00257492065429687 -0.29888916015625 0.339996337890625
0.092987060546875 0.13531494140625 -0.0264129638671875 0.215347290039063
0.142318725585938 0.20684814453125 0.0162086486816406 -0.0656967163085937
0.138763427734375 0.156631469726563 0.028167724609375 0.0817794799804688
0.138053894042969 0.122596740722656 -0.136970520019531 -0.133216857910156
0.066253662109375 0.0819854736328125 -0.038482666015625 -0.262908935546875
-0.115150451660156 0.00530242919921875 0.370330810546875 -0.262176513671875
-0.247879028320313 -0.0765380859375 0.68817138671875 0.0347900390625
-0.21746826171875 -0.194580078125 0.6353759765625 0.46343994140625
-0.030059814453125 -0.288970947265625 0.1881103515625 0.564697265625
0.170867919921875 -0.29766845703125 -0.0383148193359375 0.240127563476563
0.1607666015625 -0.2847900390625 0.069976806640625 -0.302764892578125
0.05352783203125 -0.260345458984375 0.00860595703124999 -0.748046875
-0.135757446289062 -0.25146484375 -0.41925048828125 -0.69085693359375
-0.217758178710938 -0.14111328125 -0.609619140625 -0.09063720703125
-0.0771636962890625 -0.013214111328125 -0.41357421875 0.314361572265625
0.0456695556640625 0.115386962890625 -0.10235595703125 0.269821166992188
0.112777709960937 0.18670654296875 0.011967658996582 -0.00434684753417968
0.0968170166015625 0.102783203125 0.050994873046875 0.116851806640625
0.0938873291015625 0.0892715454101563 -0.153793334960937 -0.109588623046875
0.0606765747070313 0.0881881713867188 -0.12188720703125 -0.230621337890625
-0.0506324768066406 0.03424072265625 0.279129028320313 -0.2586669921875
-0.1549072265625 -0.0286712646484375 0.676513671875 -0.02386474609375
-0.162582397460938 -0.13299560546875 0.717041015625 0.41143798828125
-0.031585693359375 -0.20989990234375 0.26116943359375 0.614013671875
0.1204833984375 -0.212661743164063 -0.058929443359375 0.33905029296875
0.13360595703125 -0.196197509765625 0.056976318359375 -0.202392578125
0.07342529296875 -0.179595947265625 0.0927734374999999 -0.69927978515625
-0.0585479736328125 -0.198806762695313 -0.3189697265625 -0.76751708984375
-0.14654541015625 -0.12615966796875 -0.6214599609375 -0.20770263671875
-0.0679283142089844 -0.0107192993164062 -0.498779296875 0.280548095703125
0.0113372802734375 0.0902786254882812 -0.163543701171875 0.313873291015625
0.075469970703125 0.140945434570313 0.0073699951171875 0.0489349365234375
0.0399932861328125 0.0279884338378906 0.0704803466796875 0.141891479492188
0.0270366668701172 0.0295181274414062 -0.14935302734375 -0.0996856689453125
0.0153121948242188 0.0701866149902344 -0.154342651367188 -0.219223022460937
-0.0103530883789063 0.0505409240722656 0.233932495117188 -0.2540283203125
-0.0537796020507812 0.0108909606933594 0.662109375 -0.0355224609375
-0.0700531005859375 -0.070281982421875 0.74945068359375 0.4013671875
-0.00791168212890626 -0.108413696289063 0.30181884765625 0.64385986328125
0.0552825927734375 -0.0968170166015625 -0.065093994140625 0.3924560546875
0.0611495971679688 -0.0837249755859375 0.0466461181640625 -0.14874267578125
0.0439300537109375 -0.071197509765625 0.11968994140625 -0.666015625
0.000236511230468742 -0.099609375 -0.28387451171875 -0.78997802734375
-0.0492630004882812 -0.0748825073242188 -0.63433837890625 -0.25537109375
-0.0261821746826172 0.0105056762695312 -0.552215576171875 0.2646484375
-0.00494766235351562 0.0598678588867187 -0.1951904296875 0.338653564453125
0.0357894897460938 0.0769729614257813 0.00533294677734376 0.0850296020507813
-0.0233001708984375 -0.058685302734375 0.07403564453125 0.154449462890625
-0.0457687377929688 -0.0399551391601563 -0.13507080078125 -0.098541259765625
-0.0410728454589844 0.0389328002929688 -0.135406494140625 -0.2298583984375
0.0237045288085937 0.0572319030761719 0.241943359375 -0.255233764648438
0.0441665649414063 0.0457229614257813 0.6561279296875 -0.00225830078125
0.0305633544921875 -0.0033416748046875 0.73272705078125 0.44439697265625
0.021728515625 0.00637245178222656 0.2891845703125 0.65777587890625
-0.0155544281005859 0.0314292907714844 -0.05462646484375 0.39190673828125
-0.0209503173828125 0.0374794006347656 0.056732177734375 -0.150665283203125
0.00732040405273438 0.0447883605957031 0.09710693359375 -0.6610107421875
0.0586776733398438 0.013214111328125 -0.32415771484375 -0.75311279296875
0.0595626831054688 -0.0105171203613281 -0.6558837890625 -0.2193603515625
0.0275382995605469 0.0359954833984375 -0.561920166015625 0.2845458984375
-0.0131607055664063 0.0245780944824219 -0.187255859375 0.34832763671875
-0.00620412826538086 0.003448486328125 0.0107879638671875 0.0949859619140625
-0.0802764892578125 -0.137168884277344 0.065338134765625 0.15020751953125
-0.104736328125 -0.0982818603515625 -0.112159729003906 -0.108200073242187
-0.0726776123046875 0.00959777832031249 -0.0692291259765625 -0.256729125976563
0.0724868774414063 0.0632476806640625 0.30047607421875 -0.251983642578125
0.133522033691406 0.0842361450195312 0.655029296875 0.07525634765625
0.106361389160156 0.0736618041992187 0.6614990234375 0.52740478515625
0.0327529907226563 0.121482849121094 0.2353515625 0.64727783203125
-0.08038330078125 0.151611328125 -0.02850341796875 0.335723876953125
-0.0720062255859375 0.152908325195313 0.0756072998046875 -0.208343505859375
0.0121307373046875 0.148605346679687 0.0169067382812499 -0.68011474609375
0.137931823730469 0.106300354003906 -0.43341064453125 -0.6593017578125
0.160552978515625 0.03564453125 -0.67584228515625 -0.1019287109375
0.0662841796875 0.0459518432617188 -0.5220947265625 0.330841064453125
-0.030303955078125 -0.0193576812744141 -0.1356201171875 0.33624267578125
-0.047332763671875 -0.0707244873046875 0.0229263305664062 0.079437255859375
-0.117843627929687 -0.192626953125 0.0482711791992188 0.130516052246094
-0.129142761230469 -0.130294799804688 -0.0767440795898438 -0.133613586425781
-0.0567665100097656 -0.0081024169921875 0.032073974609375 -0.29119873046875
0.13751220703125 0.0786361694335938 0.3868408203125 -0.2236328125
0.195693969726563 0.133773803710938 0.63360595703125 0.202880859375
0.133331298828125 0.159255981445313 0.53717041015625 0.63189697265625
0.0122222900390625 0.2208251953125 0.15380859375 0.60693359375
-0.128433227539063 0.245712280273438 0.01019287109375 0.234237670898438
-0.0710296630859375 0.245407104492187 0.0762939453125 -0.30609130859375
0.072662353515625 0.216049194335937 -0.1175537109375 -0.68878173828125
0.231002807617187 0.151199340820313 -0.561676025390625 -0.499603271484375
0.2269287109375 0.0465850830078125 -0.657958984375 0.0555419921875
0.0670433044433594 0.0302543640136719 -0.42926025390625 0.372039794921875
-0.0619850158691406 -0.0677871704101563 -0.054656982421875 0.302001953125
-0.0871353149414063 -0.134986877441406 0.0334663391113281 0.0436630249023437
-0.128585815429688 -0.219085693359375 0.031036376953125 0.0958480834960937
-0.114265441894531 -0.137290954589844 -0.0259857177734375 -0.175674438476563
-0.00226640701293945 -0.00826501846313477 0.152496337890625 -0.3203125
0.197067260742188 0.108230590820313 0.47320556640625 -0.15045166015625
0.209976196289063 0.189422607421875 0.57305908203125 0.36358642578125
0.0986785888671875 0.2337646484375 0.37286376953125 0.72613525390625
-0.03558349609375 0.2843017578125 0.07586669921875 0.531890869140625
-0.15277099609375 0.2999267578125 0.0530471801757812 0.101997375488281
-0.02996826171875 0.296173095703125 0.038299560546875 -0.4183349609375
0.152664184570313 0.231643676757813 -0.29144287109375 -0.6641845703125
0.295867919921875 0.1448974609375 -0.6666259765625 -0.31256103515625
0.232452392578125 0.03143310546875 -0.59564208984375 0.19073486328125
0.0264720916748047 -0.00546836853027344 -0.295928955078125 0.37481689453125
-0.10198974609375 -0.112556457519531 0.0335540771484375 0.24688720703125
-0.117446899414062 -0.179306030273437 0.0351905822753906 -0.00839233398437501
0.155731201171875 0.1754150390625 0.00244140625000001 0.0397491455078125
0.144989013671875 0.124969482421875 -0.0990447998046875 -0.171218872070313
0.02569580078125 0.0614089965820313 0.078887939453125 -0.315399169921875
-0.188278198242188 -0.029052734375 0.47625732421875 -0.247802734375
-0.306732177734375 -0.127410888671875 0.68133544921875 0.1402587890625
-0.214462280273438 -0.2510986328125 0.517333984375 0.543548583984375
0.00146484374999997 -0.334930419921875 0.1048583984375 0.497344970703125
0.19818115234375 -0.342559814453125 -0.00585937499999998 0.113029479980469
0.13336181640625 -0.3338623046875 0.058135986328125 -0.42803955078125
-0.016815185546875 -0.291748046875 -0.14337158203125 -0.77685546875
-0.2169189453125 -0.243850708007812 -0.556884765625 -0.54498291015625
-0.2437744140625 -0.118377685546875 -0.57977294921875 0.0633544921875001
-0.0447196960449219 0.00313568115234374 -0.29718017578125 0.345306396484375
0.0943756103515625 0.135292053222656 -0.0255279541015625 0.21820068359375
0.144485473632813 0.20654296875 0.0162620544433594 -0.0656929016113281
0.140411376953125 0.155975341796875 0.0280380249023438 0.0818252563476563
0.139671325683594 0.1217041015625 -0.139419555664063 -0.132743835449219
0.0672454833984375 0.0823516845703125 -0.04046630859375 -0.264358520507813
-0.11614990234375 0.00677490234375002 0.3712158203125 -0.2681884765625
-0.25103759765625 -0.0743408203125 0.6929931640625 0.02691650390625
-0.221038818359375 -0.194061279296875 0.64410400390625 0.4615478515625
-0.03326416015625 -0.290771484375 0.194580078125 0.56805419921875
0.169769287109375 -0.3006591796875 -0.0365753173828125 0.243545532226562
0.158966064453125 -0.288818359375 0.067901611328125 -0.3040771484375
0.052886962890625 -0.26318359375 0.000488281250000041 -0.75323486328125
-0.13897705078125 -0.252304077148438 -0.4307861328125 -0.69189453125
-0.221054077148438 -0.139328002929687 -0.6151123046875 -0.0842895507812501
-0.0779495239257813 -0.0120391845703125 -0.4146728515625 0.3211669921875
0.0458602905273437 0.116424560546875 -0.1019287109375 0.273712158203125
0.11590576171875 0.18707275390625 0.0125541687011719 -0.00327777862548827
0.0983047485351563 0.103134155273438 0.0515289306640625 0.117324829101563
0.095001220703125 0.089141845703125 -0.155242919921875 -0.109420776367188
0.061737060546875 0.0879592895507813 -0.12396240234375 -0.23126220703125
-0.051666259765625 0.0359916687011719 0.27886962890625 -0.263580322265625
-0.156600952148438 -0.0269775390625 0.681640625 -0.03094482421875
-0.165451049804687 -0.132492065429688 0.72381591796875 0.40625
-0.03375244140625 -0.211395263671875 0.27020263671875 0.61676025390625
0.119827270507812 -0.215240478515625 -0.05560302734375 0.343353271484375
0.132827758789063 -0.198898315429688 0.055450439453125 -0.202239990234375
0.0732574462890625 -0.181365966796875 0.0870361328124999 -0.70458984375
-0.0603179931640625 -0.199188232421875 -0.32958984375 -0.77154541015625
-0.149383544921875 -0.125198364257813 -0.62738037109375 -0.20294189453125
-0.0689659118652344 -0.00996017456054689 -0.500946044921875 0.2882080078125
0.01190185546875 0.0909805297851563 -0.163482666015625 0.3192138671875
0.0774078369140625 0.141387939453125 0.00815582275390626 0.0502281188964844
0.0405158996582031 0.0278205871582031 0.0711212158203125 0.1414794921875
0.0274505615234375 0.0289363861083984 -0.152313232421875 -0.0992279052734375
0.0163803100585938 0.07049560546875 -0.1571044921875 -0.21990966796875
-0.0104255676269531 0.051177978515625 0.233322143554688 -0.25970458984375
-0.0547027587890625 0.0117835998535156 0.6668701171875 -0.04290771484375
-0.0715789794921875 -0.0704498291015625 0.7579345703125 0.39801025390625
-0.00892639160156251 -0.10943603515625 0.31024169921875 0.64605712890625
0.0543975830078125 -0.098052978515625 -0.061065673828125 0.396697998046875
0.0607376098632812 -0.0855178833007812 0.045928955078125 -0.148712158203125
0.0439376831054688 -0.0715255737304688 0.1126708984375 -0.6708984375
-0.000343322753906252 -0.0997772216796875 -0.29541015625 -0.7916259765625
-0.0510711669921875 -0.074951171875 -0.6414794921875 -0.251220703125
-0.0262546539306641 0.0102291107177734 -0.553558349609375 0.27197265625
-0.0045623779296875 0.0609588623046875 -0.1939697265625 0.343170166015625
0.0369720458984375 0.077880859375 0.00681304931640625 0.0860748291015625
-0.0245399475097656 -0.05908203125 0.0750732421875 0.153900146484375
-0.0471611022949219 -0.03936767578125 -0.137680053710938 -0.0979156494140625
-0.0416603088378906 0.0396766662597656 -0.138809204101562 -0.230331420898438
0.0241355895996094 0.0573348999023438 0.2418212890625 -0.259735107421875
0.0455169677734375 0.0452117919921875 0.66217041015625 -0.00946044921874999
0.0295906066894531 -0.00380897521972656 0.741455078125 0.4398193359375
0.0212917327880859 0.006805419921875 0.29644775390625 0.65771484375
-0.0155811309814453 0.032196044921875 -0.050933837890625 0.395599365234375
-0.0213661193847656 0.0380134582519531 0.0555572509765625 -0.150588989257812
0.00830078125 0.046295166015625 0.0912475585937499 -0.66558837890625
0.0585441589355469 0.0131797790527344 -0.33441162109375 -0.757080078125
0.0594139099121094 -0.0110054016113281 -0.66485595703125 -0.2142333984375
0.0283851623535156 0.0361785888671875 -0.5638427734375 0.29254150390625
-0.0124835968017578 0.0250587463378906 -0.18585205078125 0.352264404296875
-0.00506591796875 0.00355100631713867 0.012298583984375 0.09649658203125
-0.0826416015625 -0.136932373046875 0.0664825439453125 0.14990234375
-0.105659484863281 -0.0976791381835937 -0.114517211914063 -0.108772277832031
-0.0732650756835938 0.0100555419921875 -0.0717010498046875 -0.258087158203125
0.0730438232421875 0.062225341796875 0.300933837890625 -0.256744384765625
0.134239196777344 0.083465576171875 0.66033935546875 0.0711669921875
0.107421875 0.073394775390625 0.67095947265625 0.5245361328125
0.0334320068359375 0.122657775878906 0.240966796875 0.6507568359375
-0.0796966552734375 0.153564453125 -0.025054931640625 0.33892822265625
-0.071380615234375 0.154525756835938 0.0741729736328125 -0.209274291992188
0.0138702392578125 0.14990234375 0.01171875 -0.6832275390625
0.139320373535156 0.105560302734375 -0.44189453125 -0.65777587890625
0.162033081054688 0.0345001220703125 -0.68194580078125 -0.0974731445312499
0.0671119689941406 0.0452079772949219 -0.523468017578125 0.339569091796875
-0.0294208526611328 -0.0193614959716797 -0.134002685546875 0.34063720703125
-0.0482406616210937 -0.07073974609375 0.0238571166992187 0.0808029174804688
-0.12054443359375 -0.192230224609375 0.0492630004882812 0.129928588867188
-0.130088806152344 -0.130180358886719 -0.078155517578125 -0.134193420410156
-0.0569343566894531 -0.00748825073242188 0.02960205078125 -0.29473876953125
0.139823913574219 0.0774002075195312 0.387542724609375 -0.230133056640625
0.198440551757813 0.132720947265625 0.6396484375 0.19757080078125
0.135406494140625 0.1597900390625 0.54876708984375 0.63006591796875
0.01361083984375 0.222686767578125 0.15966796875 0.60919189453125
-0.127578735351563 0.249160766601562 0.01251220703125 0.236282348632813
-0.0693511962890625 0.248947143554687 0.07415771484375 -0.3082275390625
0.0753021240234375 0.217056274414063 -0.12530517578125 -0.6927490234375
0.234146118164063 0.149093627929688 -0.572509765625 -0.4990234375
0.228668212890625 0.04443359375 -0.663818359375 0.0617065429687499
0.067657470703125 0.028778076171875 -0.42962646484375 0.379241943359375
-0.0625343322753906 -0.0679283142089844 -0.05291748046875 0.30517578125
-0.08856201171875 -0.13482666015625 0.0342063903808594 0.0436935424804687
-0.131271362304688 -0.21990966796875 0.031341552734375 0.0949630737304687
-0.116096496582031 -0.136512756347656 -0.0286712646484375 -0.176971435546875
-0.0019073486328125 -0.008697509765625 0.151214599609375 -0.324493408203125
0.199874877929687 0.106124877929687 0.47552490234375 -0.15716552734375
0.212936401367188 0.189529418945313 0.57958984375 0.3623046875
0.100677490234375 0.234451293945312 0.3831787109375 0.726806640625
-0.0347900390625 0.286834716796875 0.081085205078125 0.533966064453125
-0.151641845703125 0.302978515625 0.0547103881835938 0.102294921875
-0.028228759765625 0.299041748046875 0.03533935546875 -0.4205322265625
0.156036376953125 0.23150634765625 -0.2979736328125 -0.666748046875
0.3001708984375 0.144256591796875 -0.67657470703125 -0.30767822265625
0.23394775390625 0.0287628173828125 -0.59906005859375 0.19976806640625
0.0271053314208984 -0.00653648376464844 -0.294647216796875 0.3814697265625
-0.102378845214844 -0.112266540527344 0.0352325439453125 0.24847412109375
-0.119369506835938 -0.178756713867187 0.0357093811035156 -0.00765228271484376
0.15850830078125 0.17413330078125 0.00242996215820314 0.0404548645019531
0.14605712890625 0.124099731445313 -0.100662231445312 -0.171920776367187
0.0266189575195313 0.0627517700195312 0.076873779296875 -0.3187255859375
-0.189849853515625 -0.02703857421875 0.478179931640625 -0.256744384765625
-0.31060791015625 -0.12481689453125 0.68719482421875 0.1343994140625
-0.219039916992187 -0.25103759765625 0.52691650390625 0.541015625
-0.00247192382812497 -0.337066650390625 0.109527587890625 0.50067138671875
0.195526123046875 -0.347442626953125 -0.00432586669921874 0.115028381347656
0.131805419921875 -0.338287353515625 0.054443359375 -0.430267333984375
-0.019561767578125 -0.29443359375 -0.15252685546875 -0.78118896484375
-0.221389770507813 -0.243240356445312 -0.566650390625 -0.5426025390625
-0.247177124023438 -0.115570068359375 -0.584228515625 0.0694580078124999
-0.0452232360839844 0.00392532348632813 -0.29705810546875 0.3499755859375
0.0957107543945313 0.135543823242188 -0.0243682861328125 0.21954345703125
0.148147583007813 0.2061767578125 0.0161476135253906 -0.0654335021972656
0.14306640625 0.155059814453125 0.0284805297851563 0.0819931030273438
0.140518188476563 0.120964050292969 -0.142227172851563 -0.13250732421875
0.0682449340820313 0.0829696655273438 -0.042877197265625 -0.2662353515625
-0.117172241210938 0.00868988037109372 0.3712158203125 -0.2747802734375
-0.253936767578125 -0.071868896484375 0.69921875 0.019775390625
-0.22509765625 -0.193832397460938 0.6531982421875 0.45843505859375
-0.036163330078125 -0.29290771484375 0.20135498046875 0.570068359375
0.167633056640625 -0.305511474609375 -0.034027099609375 0.24615478515625
0.157135009765625 -0.2923583984375 0.065338134765625 -0.305877685546875
0.0508270263671875 -0.266464233398437 -0.00592041015624995 -0.757568359375
-0.142730712890625 -0.25189208984375 -0.43988037109375 -0.6917724609375
-0.224685668945313 -0.137496948242187 -0.6212158203125 -0.0777587890625001
-0.0789413452148438 -0.010894775390625 -0.413970947265625 0.32623291015625
0.0476608276367187 0.116668701171875 -0.100784301757812 0.277252197265625
0.117965698242187 0.187484741210938 0.0122909545898438 -0.00197792053222655
0.0992507934570313 0.102653503417969 0.0515213012695313 0.117118835449219
0.0962066650390625 0.0883712768554687 -0.15753173828125 -0.108978271484375
0.0629043579101563 0.0882644653320313 -0.126724243164062 -0.231552124023438
-0.0515785217285156 0.0360794067382813 0.278427124023438 -0.269790649414063
-0.15850830078125 -0.025604248046875 0.68505859375 -0.0377197265625
-0.167404174804688 -0.131515502929688 0.73516845703125 0.40252685546875
-0.0361328125 -0.211959838867188 0.277099609375 0.6185302734375
0.11785888671875 -0.218353271484375 -0.053009033203125 0.346771240234375
0.131500244140625 -0.201202392578125 0.054412841796875 -0.2037353515625
0.0722503662109375 -0.184494018554688 0.0809936523437499 -0.70892333984375
-0.062255859375 -0.199600219726563 -0.33935546875 -0.77288818359375
-0.152618408203125 -0.1236572265625 -0.635498046875 -0.19757080078125
-0.0697822570800781 -0.00946044921875001 -0.501708984375 0.295989990234375
0.0126190185546875 0.0914306640625 -0.161834716796875 0.323944091796875
0.0785064697265625 0.141082763671875 0.00957870483398438 0.0507926940917969
0.0404396057128906 0.0278701782226563 0.072174072265625 0.141693115234375
0.0274467468261719 0.0289478302001953 -0.153976440429688 -0.098297119140625
0.0170059204101563 0.0710296630859375 -0.159698486328125 -0.219741821289062
-0.00987625122070312 0.0515594482421875 0.23187255859375 -0.264175415039063
-0.0551528930664063 0.0123138427734375 0.671142578125 -0.05010986328125
-0.0731353759765625 -0.0700759887695313 0.767578125 0.39215087890625
-0.0101852416992188 -0.109184265136719 0.31866455078125 0.648681640625
0.0540390014648437 -0.099884033203125 -0.057373046875 0.401092529296875
0.0601806640625 -0.0869140625 0.0448455810546875 -0.148834228515625
0.0443496704101562 -0.0719070434570313 0.10693359375 -0.6748046875
-0.00136566162109375 -0.101234436035156 -0.30670166015625 -0.794677734375
-0.052886962890625 -0.0749359130859375 -0.65032958984375 -0.24639892578125
-0.0263214111328125 0.0112991333007813 -0.555511474609375 0.2801513671875
-0.00363540649414062 0.0614547729492188 -0.193145751953125 0.348480224609375
0.0377578735351563 0.0771865844726563 0.00751495361328126 0.0880050659179688
-0.0253982543945313 -0.0580940246582031 0.0756378173828125 0.153121948242187
-0.0472755432128906 -0.0392417907714844 -0.139900207519531 -0.0979995727539063
-0.0406761169433594 0.0408287048339844 -0.141098022460937 -0.230560302734375
0.0252494812011719 0.0573577880859375 0.240554809570313 -0.264358520507812
0.0454139709472656 0.0452537536621094 0.66644287109375 -0.015869140625
0.0294685363769531 -0.00441741943359375 0.7501220703125 0.4371337890625
0.0205726623535156 0.00635337829589844 0.30615234375 0.66070556640625
-0.0156402587890625 0.0320892333984375 -0.04730224609375 0.399444580078125
-0.0219345092773438 0.0381813049316406 0.0541534423828125 -0.150588989257813
0.00983428955078125 0.0466423034667969 0.0859375000000001 -0.669921875
0.0591812133789063 0.0122718811035156 -0.34417724609375 -0.75787353515625
0.0595207214355469 -0.0118408203125 -0.67236328125 -0.209228515625
0.0285911560058594 0.0351905822753906 -0.56591796875 0.30078125
-0.0122756958007813 0.0249824523925781 -0.185302734375 0.3585205078125
-0.00575876235961914 0.00313997268676758 0.0132369995117188 0.0984268188476563
-0.0847015380859375 -0.136734008789062 0.06732177734375 0.148956298828125
-0.106712341308594 -0.0966949462890625 -0.116325378417969 -0.108390808105469
-0.0731735229492188 0.01043701171875 -0.07489013671875 -0.25860595703125
0.0743255615234375 0.0614395141601563 0.3017578125 -0.26239013671875
0.136215209960938 0.0825271606445312 0.66680908203125 0.06365966796875
0.108657836914063 0.072723388671875 0.68048095703125 0.52044677734375
0.0340499877929688 0.123741149902344 0.25018310546875 0.652099609375
-0.07861328125 0.155593872070313 -0.02130126953125 0.341888427734375
-0.070648193359375 0.156814575195313 0.073150634765625 -0.210281372070313
0.0162811279296875 0.151336669921875 0.00549316406250005 -0.68792724609375
0.141693115234375 0.105010986328125 -0.45281982421875 -0.6593017578125
0.163055419921875 0.03277587890625 -0.68780517578125 -0.0902099609374999
0.0683975219726563 0.0449981689453125 -0.523345947265625 0.348388671875
-0.0292911529541016 -0.0189437866210938 -0.132293701171875 0.34576416015625
-0.0491180419921875 -0.0704421997070313 0.024932861328125 0.0821609497070312
-0.123046875 -0.19281005859375 0.0496749877929687 0.129257202148438
-0.132095336914063 -0.129249572753906 -0.0804061889648438 -0.134651184082031
-0.0569686889648438 -0.00645828247070312 0.027984619140625 -0.29718017578125
0.141693115234375 0.0750885009765625 0.388458251953125 -0.2353515625
0.2003173828125 0.131256103515625 0.64825439453125 0.1912841796875
0.13641357421875 0.159225463867188 0.5599365234375 0.62811279296875
0.0144195556640625 0.225448608398438 0.1669921875 0.61181640625
-0.12591552734375 0.253509521484375 0.0154876708984375 0.238357543945313
-0.067474365234375 0.251251220703125 0.07135009765625 -0.310333251953125
0.0781097412109375 0.218673706054688 -0.13287353515625 -0.69488525390625
0.237213134765625 0.148330688476563 -0.58197021484375 -0.4984130859375
0.230148315429687 0.04168701171875 -0.6683349609375 0.0698242187499999
0.0687637329101563 0.028167724609375 -0.42828369140625 0.3868408203125
-0.0623779296875 -0.0673103332519531 -0.050811767578125 0.3082275390625
-0.091339111328125 -0.134773254394531 0.0348243713378906 0.0441398620605469
-0.134796142578125 -0.219650268554688 0.032623291015625 0.0938949584960937
-0.116676330566406 -0.136688232421875 -0.0305633544921875 -0.178787231445313
-0.00117301940917969 -0.00937938690185547 0.1488037109375 -0.327301025390625
0.202728271484375 0.104278564453125 0.4796142578125 -0.161651611328125
0.215667724609375 0.18817138671875 0.5887451171875 0.3583984375
0.103851318359375 0.23541259765625 0.39404296875 0.72772216796875
-0.031768798828125 0.28955078125 0.08685302734375 0.537445068359375
-0.149383544921875 0.307647705078125 0.0568161010742188 0.102912902832031
-0.025787353515625 0.302276611328125 0.030792236328125 -0.422698974609375
0.159774780273437 0.23211669921875 -0.308837890625 -0.66754150390625
0.303070068359375 0.1417236328125 -0.68438720703125 -0.3038330078125
0.235580444335937 0.02496337890625 -0.60150146484375 0.20782470703125
0.0278491973876953 -0.00615692138671875 -0.2935791015625 0.389190673828125
-0.103561401367187 -0.112281799316406 0.0373992919921875 0.250534057617188
-0.12200927734375 -0.1790771484375 0.0363883972167969 -0.00762176513671876
0.062485257568689 -0.220353001257192 -0.0701096955477503 0.0265669770124866
0.0272988266250355 -0.182559371579527 0.0761948839840845 -0.170324039692631
0.0405162269922292 -0.026707808865973 0.323927129321732 -0.0902609390370389
0.0691044624261983 0.210810728859689 0.493517454495571 0.267873999213711
0.0581933370196596 0.314239288973768 0.271357737294487 0.669816322923162
-0.106438439686636 0.258211614190957 -0.217210476792049 0.688955917049233
-0.308220724417795 0.141276560908799 -0.407989873612691 0.310625837742413
-0.376785123817441 0.061815209355251 -0.0930742636730211 0.0816884785797347
-0.380779275864903 0.0992316095495655 0.437931927834763 -0.0742606188563183
-0.204086350322446 0.238229976946552 0.627733412260919 -0.446252402738802
-0.0157648194432971 0.35479969841411 0.291345765529223 -0.776317648006788
0.0801690628539843 0.280622142524067 -0.295205693468473 -0.521056700365437
0.0621145374957633 0.0108839550631763 -0.444779338098097 -0.0661914981731969
0.0519812909120825 -0.159899194351769 -0.220185830360505 0.0721332133507839
0.0912753585360886 -0.208386850770674 0.0441543966177424 -0.0442840052823456
0.050343576698212 -0.202874808209311 -0.0874737565800868 0.0710020599262855
0.0304778614557959 -0.180365300150177 0.0214595101325785 -0.190875871925026
0.0428223923542516 -0.0813141739002743 0.203500316863948 -0.169607608361934
0.059364287818772 0.123933100151754 0.441270170589163 0.174908782126516
0.0581135901897776 0.245855164161729 0.373672762861295 0.627267369594405
-0.0722725155073775 0.234503284764531 -0.0971240616446178 0.762404032471091
-0.256953646874123 0.145613073525191 -0.44409080389519 0.411941005402928
-0.327460143392747 0.0476355042186088 -0.236131517681706 0.107214074250671
-0.353791842870194 0.0431280877993743 0.320064344309141 -0.0173614821793923
-0.23305955862209 0.165609667573332 0.661670068682926 -0.308217194615408
-0.0804416530305196 0.308179295086886 0.480865826926072 -0.720741549041747
0.0488307363530556 0.283619887594175 -0.17425093923723 -0.619764169607281
0.0820438541587942 0.0479763828059696 -0.485979239962444 -0.176078566895453
0.0688769752134047 -0.115778790302662 -0.301465961530626 0.032636721616811
0.0896997675615423 -0.179856900586027 -0.00408879109760609 -0.00948489947588393
0.0267629615622788 -0.14484794926834 -0.0949591485122528 0.109924814089476
0.0317124549548622 -0.126195830625096 0.00297231445275313 -0.196531196859058
0.0567521365444431 -0.0853780066986246 0.127760325131388 -0.233676732707927
0.0462744249798244 0.0463312709129814 0.376462895542971 0.107301317903254
0.0264264943657709 0.148436408277377 0.411316026493247 0.595328661436846
-0.068042474527097 0.157621509011785 -0.023183506609837 0.815852509905648
-0.188240403509716 0.1026761149277 -0.473497629691824 0.490092354183966
-0.23196398738146 0.0232841810355341 -0.348189641497061 0.126634527307155
-0.257463960577608 0.00839039291205491 0.214885179147687 0.00131064582820648
-0.18562859467002 0.0970158085823163 0.649762277580646 -0.220675544632054
-0.0990060022745764 0.2169933247824 0.590175710029298 -0.659784665526181
0.017638265601761 0.218870450552579 -0.0811680509484094 -0.68048539189745
0.0820655381837429 0.044420791135246 -0.504263679766093 -0.265123104712427
0.0728095166980892 -0.0781229878971712 -0.366177823610647 0.0022557698993952
0.0721415236429203 -0.129757892887217 -0.0423953690638171 0.0224627995801512
-0.0078455704524512 -0.0622225502168127 -0.0903808248204484 0.139867335839318
0.0234881964188481 -0.034200573246126 0.0137597537247868 -0.191291505859632
0.0705904703602733 -0.0384615579228933 0.109435064603901 -0.267616814259472
0.035510941373555 -0.00107745800316092 0.340668547192387 0.0760417250717635
-0.0175612611927607 0.0461784873800128 0.407320291026376 0.58942516123167
-0.0805447817102254 0.0472682474269753 -0.0162546391946613 0.850747469087193
-0.111186497889136 0.0250728769856482 -0.50157301788519 0.525791455410562
-0.104713615943404 -0.0066251890571456 -0.410535161548636 0.133407795762521
-0.115095190252514 0.00374951091215858 0.15707202507785 -0.00239420337906503
-0.0813306379796896 0.0475910580867507 0.626749615838331 -0.198217145197203
-0.0662227827306434 0.106529864476977 0.611839525401716 -0.642844689078608
0.00251352653658929 0.106490210203905 -0.0594549139660545 -0.714819699099084
0.0691012207571627 0.00281405676178184 -0.525621262982919 -0.31758136044829
0.0604411054704473 -0.0496394858121205 -0.400394050234728 -0.0113517970569198
0.0419082316250614 -0.0695945507469289 -0.0683294298530833 0.0484394642960866
-0.0458515009132068 0.0339253941630512 -0.0821297725349849 0.148998858259681
0.0117779888748128 0.070208693318271 0.0399876792134937 -0.179783970419896
0.0757320393870566 0.0288485711694801 0.142398618590923 -0.265155575876907
0.0143602031317236 -0.0345974296940606 0.339935759989934 0.0913694459939067
-0.0642060553817528 -0.0555561105965201 0.361608724974038 0.617788221794766
-0.0889473882380039 -0.0769030824511499 -0.0790929412414407 0.865138268410111
-0.0213303129390267 -0.0618642312771848 -0.534060234775606 0.505442255633837
0.0347894728766689 -0.0354645943550135 -0.411912005276951 0.131918678041395
0.038675256177748 0.00603465719354031 0.159684920598402 -0.0121432866730182
0.0369116761108888 0.00212318484579137 0.607615156362395 -0.230838844876681
-0.0187051891548021 -0.0142168816704826 0.54143281829122 -0.670341997984186
-0.00787170129839702 -0.0290984985190876 -0.125739047828185 -0.716495638896095
0.0481948988994484 -0.0530420559313302 -0.554241765307341 -0.312213564981664
0.037285128244621 -0.0229158173624919 -0.401256250590186 0.00352915614415444
0.00449940429291615 -0.00197667859471598 -0.0691223490711998 0.0658306051459022
-0.0781927680363064 0.121845916543076 -0.0681100287691441 0.138780394507217
-0.00171694561907931 0.154682527023014 0.0775772515860792 -0.164363858182439
0.0639754350936203 0.0770895931319171 0.213746436764887 -0.219100577084379
-0.0207619555003909 -0.081005704186425 0.358801316648351 0.160836308962782
-0.102046590621358 -0.157039941832392 0.279575644765656 0.67326086103353
-0.0686380134341553 -0.191946113887375 -0.198778812825798 0.842414257389712
0.0816149112974797 -0.131109255486511 -0.555244490605331 0.433056387956222
0.16326269998858 -0.0602288905494033 -0.352711882128793 0.119932365673893
0.165932083026907 -0.0128451579231009 0.217700616944473 -0.0330824273754664
0.120912589916307 -0.0689765173186684 0.576073214557741 -0.320563598576031
0.00189541504236362 -0.1400151949352 0.382161160557707 -0.726555102457604
-0.0288664575932687 -0.152053798757643 -0.263096649038781 -0.670205547737981
0.0257773729762965 -0.0908279382090315 -0.57503764895462 -0.249222675793547
0.0104641636614423 0.0156155315161927 -0.361391972738226 0.0464946708763092
-0.0337757063609483 0.0678484823753588 -0.044673119523778 0.0737778810011483
-0.101928884620128 0.183599708091596 -0.0489036520861545 0.112948967533334
-0.0154649464207115 0.199252534608921 0.127983630061854 -0.142676524211358
0.0309594709232837 0.0798365378891592 0.303775552248832 -0.136981785491459
-0.0624701244316136 -0.150233603932065 0.362545304746058 0.268435196867425
-0.111091647236121 -0.25284440640795 0.140487009599024 0.732015545600476
-0.00480181977599538 -0.274623007286818 -0.365061462526677 0.777360526159927
0.186344628262875 -0.161859929863224 -0.550523167783714 0.327589178054469
0.260955543384156 -0.0783458030334352 -0.241275267883141 0.0999304805605385
0.245213401053002 -0.0605599468747382 0.303587873814473 -0.0819711167793558
0.143408566556984 -0.161632966586949 0.507659821943872 -0.444625072346639
-0.0207375950928174 -0.246675606106265 0.158553329983508 -0.77092705570166
-0.061703508518903 -0.22432882605941 -0.410035569104845 -0.571886769289093
0.00756430793442361 -0.0843311730764179 -0.555964643737948 -0.148712742510073
-0.0120384035004362 0.0692844673472448 -0.284698168433478 0.104208722216961
-0.0636878545612671 0.13172732772855 -0.0056906870056016 0.0662862151226179
-0.116067554561712 0.20979104329196 -0.0244260753313979 0.0798194575307059
-0.0343452813030057 0.196451299606796 0.190988625995001 -0.11201431958476
-0.012693493798657 0.0399682039486821 0.38883582388686 -0.0244942184901129
-0.0874972516627821 -0.229160356448604 0.322289871930855 0.397531183642967
-0.0759229790350501 -0.320892575930292 -0.0557704447561417 0.765849039914138
0.093327985190141 -0.302515442971194 -0.52944415353136 0.659756292889444
0.272599062496013 -0.147289761118728 -0.504794642531291 0.214244959334007
0.315424689172951 -0.0848332679556028 -0.09374369660765 0.0744104877825205
0.266581451768331 -0.11754456264662 0.385918878352582 -0.164282068414384
0.112537860997329 -0.23959422603889 0.396516630111854 -0.577207423672627
-0.0626029897008455 -0.299204198728398 -0.0771654317920676 -0.769324358707436
-0.0826548854292271 -0.227864833076215 -0.507711923424755 -0.442672004874994
0.00344527248001407 -0.0341725887581757 -0.47966498785243 -0.0351415779684509
-0.0282706402544087 0.128438061361862 -0.185325296810905 0.156055126453343
-0.0829914420291255 0.179694635998492 0.0386441192216901 0.0428627936545105
0.0598289622476483 -0.221626446767695 -0.0695442349285821 0.0270222343241847
0.025401523912782 -0.182263928160264 0.0751378640708062 -0.172268528939289
0.0407922284832529 -0.0272797726793597 0.324796717568398 -0.0951634076043897
0.0725476474213264 0.211261386236475 0.500056303754539 0.262979482224216
0.063716922581046 0.314600633002122 0.279619789746041 0.670824328516589
-0.103716278862318 0.260358372276723 -0.210133879905792 0.695333900380013
-0.309376089490996 0.145874204521579 -0.406083472238566 0.317999771445135
-0.378366691700538 0.0678086620358986 -0.09333377234294 0.08396824635202
-0.382297949985021 0.104685679264276 0.439294541322565 -0.080075843688756
-0.20305556653728 0.242247244828823 0.624352460186254 -0.456186863062427
-0.0105052627578222 0.356885352206568 0.28267052651778 -0.786643769434563
0.0844121191998064 0.280730552737383 -0.303479882435562 -0.519616275612385
0.0629448512495332 0.00931848252938716 -0.448505828482474 -0.0606042640092243
0.0503865153216059 -0.161844779498062 -0.221710021426737 0.0754246074534773
0.0885744817168521 -0.210899968790588 0.0436787126299943 -0.0441113617425147
0.0483617248974273 -0.204177076424248 -0.0873504656428954 0.0715242301338722
0.0290716469550032 -0.180441305293136 0.0196466517001646 -0.192215906463822
0.0426966722890161 -0.0818633677076578 0.203058244850419 -0.173273473021144
0.0618229607536102 0.123621079063419 0.446289112253477 0.169696789661946
0.0620827665923418 0.245996168821535 0.384441310371603 0.626203114727914
-0.0699126255698934 0.236950155328843 -0.0868731202901194 0.767822799918816
-0.256124664000258 0.149424106471752 -0.442211170799736 0.419704559607231
-0.328918240451697 0.0518057166929479 -0.236262624656706 0.111838230969677
-0.355041222004186 0.0468869160226933 0.320167256197274 -0.0208348093918359
-0.232540083093581 0.169675333105882 0.660034942083522 -0.318379378208545
-0.0774446994765947 0.310325945138561 0.474491059491744 -0.729476594082653
0.0536677178864092 0.283802620749924 -0.184183912356992 -0.62066766545561
0.0834269115775292 0.0471343201879691 -0.489998839643276 -0.172142989045299
0.0681159217552249 -0.117554009129389 -0.303196791549986 0.0358489171431187
0.0874944184482658 -0.181807593943791 -0.00422428281873022 -0.0083374861778871
0.0250218863566517 -0.146546991119263 -0.0944228156017519 0.11113400324997
0.0296274061235561 -0.126554025921635 0.000299399924588892 -0.197867561988029
0.0559065087467496 -0.0864414476204107 0.126149397596395 -0.236481680304024
0.0478360773912683 0.0459946140286358 0.37999151938754 0.103362226776153
0.0289759999830303 0.148247483870996 0.420830947654359 0.594325394584212
-0.0661202075606474 0.159805548692597 -0.013667094103488 0.820181954126435
-0.187885982822613 0.106189417366406 -0.470110812905469 0.497996988122329
-0.232683979442105 0.0261972408221941 -0.349156080928269 0.132429006535997
-0.258667420168701 0.0118926358176726 0.214519804084877 -0.000766100771510617
-0.185912852496437 0.0987141433015694 0.650197358535101 -0.228436356927434
-0.0974696810090917 0.218949825454409 0.585461616760297 -0.670459198963808
0.0219012201778554 0.22055772804964 -0.0910721828887283 -0.683305450245028
0.0834678294309101 0.0430637349239671 -0.51196243758066 -0.261264640207863
0.0729974772981856 -0.0793714644582043 -0.368933823218305 0.00545156369158762
0.0709554218932617 -0.131242510452074 -0.0433502568756269 0.0247418975814372
-0.00879450617133987 -0.0616903446558984 -0.0890256232080153 0.140825385073556
0.0232250200628623 -0.0343388200084129 0.0108202692521032 -0.191919866902629
0.0706543104028365 -0.0394330281223983 0.105990525690079 -0.269662053842091
0.0349634595266772 -0.00125874007962136 0.344980284232518 0.0714321168096802
-0.0166517065327301 0.0461107007100704 0.416162642939051 0.588193420119255
-0.0808656711096034 0.0487685631550874 -0.00416990939255956 0.856650545597025
-0.110926562134416 0.0267427674540482 -0.498325543496604 0.535346822559888
-0.105383830797527 -0.0043222626010385 -0.411168080035154 0.140494944654015
-0.115268829315004 0.00525586173051592 0.156484248088793 -0.00383832294164264
-0.0813984242574321 0.0489617005512323 0.626297932974882 -0.206887753687047
-0.0654146477976315 0.10773460170767 0.605972655600714 -0.655429194024849
0.00442340586635102 0.107295043602696 -0.0695204303379004 -0.718078610227218
0.0692386256099256 0.00211167139079648 -0.533807434693438 -0.311628305163318
0.0601557478234618 -0.0508881238299302 -0.403434519773704 -0.00541585620331726
0.0406611048809234 -0.0711164235200674 -0.0681310921133873 0.0506230349460816
-0.0446546853183939 0.0350294287260268 -0.0802421369969244 0.149721185067642
0.0125586987196448 0.0704112187433217 0.0379505774651989 -0.182060916687936
0.0762131738802648 0.0281088533655247 0.141012098638548 -0.267265468056447
0.0136272464404405 -0.0350862065775256 0.343474576819083 0.0884858693348423
-0.0656396186625101 -0.0541437605902485 0.373594816995444 0.617477101073124
-0.0905744189789079 -0.0746801403372775 -0.0662447974848974 0.869415292473341
-0.0209205678155722 -0.0623705281830505 -0.529706229074146 0.514787323117691
0.0347479624789769 -0.0357188264901809 -0.412816082482816 0.138410338794268
0.0384026474795754 0.00618680750427253 0.159443398287558 -0.0132927554265534
0.0361943780942929 0.000693422781873218 0.606185521721437 -0.239395655149541
-0.018240923939276 -0.0141639452130898 0.537837762770601 -0.681749124160014
-0.00761802581137558 -0.0291201701248027 -0.137067764336189 -0.718713798552351
0.0475311750607397 -0.0539578257511346 -0.563260598088226 -0.307246022293452
0.0374732166603631 -0.0247644537896473 -0.403228134642811 0.00825713189465709
0.0041762379805651 -0.00217910303152321 -0.0683798795374701 0.067738377446154
-0.0765037269359033 0.123290836397541 -0.0665774188072588 0.137914107794608
0.000237926461188604 0.155671581613537 0.0756666734545418 -0.166745955230383
0.0638858243052926 0.0767444535201034 0.212761325450194 -0.223234601702245
-0.0231391760187425 -0.0802006905914936 0.363953866777574 0.15714557376569
-0.104799359794763 -0.155624084246815 0.291266440640217 0.672385289952416
-0.0712671450265721 -0.191394708526145 -0.189452531137546 0.851479368416646
0.0812099437921836 -0.133012723678873 -0.554474110592563 0.442907757752084
0.164218493636649 -0.0628694952653977 -0.353870930919549 0.125108237263961
0.16839760506478 -0.0145388372215857 0.21731156781768 -0.0352025189459067
0.120426806441202 -0.0715992780384133 0.575170425332512 -0.329710927670297
0.00091219844581546 -0.140915157517022 0.372622620940891 -0.737463871014841
-0.031582624547819 -0.152025280715587 -0.274252528620587 -0.670984275208115
0.0239587607414942 -0.0912675640134514 -0.58188979622414 -0.242831520630079
0.0101258702736552 0.0143685078315258 -0.363997725851949 0.0510199649883106
-0.0332637074834014 0.0688640171958299 -0.0443329095495225 0.0757217857507804
-0.0999287457023663 0.18576306580199 -0.0479029236065202 0.112813265210355
-0.0131544804739961 0.199893483949265 0.126573506405191 -0.145549856207201
0.0313656030788944 0.0792675620549404 0.304120473346235 -0.140322031805727
-0.0660373466165949 -0.149353278267705 0.37029754762826 0.266340031474648
-0.114784075254331 -0.252136686429781 0.151149091470908 0.735184798884909
-0.00753368770475993 -0.2757827756256 -0.353217328734241 0.786155992253034
0.185934157499894 -0.164999241609933 -0.549001024930994 0.33340103740962
0.261995716816765 -0.0820999954652011 -0.241516718440577 0.103567603851139
0.245922470619009 -0.0642134565545915 0.30316894050938 -0.084627651067579
0.14306764274259 -0.165322056266041 0.50555753150526 -0.454438719873883
-0.0234951171073797 -0.247530223092504 0.147721050158906 -0.776895115883778
-0.0656179168197011 -0.223946282999549 -0.420826097349407 -0.571026203425688
0.00742400685754269 -0.0847568637971373 -0.562690441636787 -0.142015320206771
-0.0114944519163443 0.0695808442444482 -0.28576323167447 0.106979439362226
-0.0624392944566558 0.133724762378439 -0.0048622425085225 0.0681141036751332
-0.113839372749368 0.212260488888428 -0.0232693907086662 0.0790759319469683
-0.0325783127348567 0.197687818301874 0.190878647764576 -0.116174694219217
-0.0126428731803338 0.0397829292098271 0.389910609311021 -0.0287233588088526
-0.091559537415353 -0.228741224533335 0.33219428693546 0.397188397193397
-0.0802932627096597 -0.321770038637899 -0.0450970543914374 0.769515724864523
0.0903406213859759 -0.304756080841247 -0.52301911392004 0.669958879881801
0.273332396564625 -0.15171881423871 -0.505432896924354 0.22019067586364
0.315770910619321 -0.088735894931118 -0.0937299566357807 0.0766674245117825
0.267256699419603 -0.122293724042972 0.385328962353878 -0.1691369571816
0.11071356003966 -0.241917038404537 0.390020632143785 -0.584393938960035
-0.0659644150028446 -0.300718658547124 -0.089146448399773 -0.772037207969843
-0.0858950056287674 -0.227534992818736 -0.517759809709287 -0.43824247343708
0.00170253018249194 -0.0353324611444902 -0.484953577514771 -0.0281020660071396
-0.0270954660919356 0.12861285675831 -0.184949662061551 0.159259102739861
-0.0813479339403324 0.181252917754752 0.0387909707040911 0.0431232560712779
0.0575091506752862 -0.223194995253277 -0.0700310165096027 0.0270112935775973
0.0237505863678207 -0.18218146703603 0.0729258249324246 -0.174157209712861
0.0407971065649284 -0.0280112232839266 0.3253117591362 -0.0995548654354494
0.0763008890196112 0.210515113698092 0.507242148436964 0.257007145019653
0.0687613207190406 0.31451473981479 0.288727149933611 0.671232071655282
-0.101037357131225 0.263680249604896 -0.201032458363184 0.701052214369179
-0.30874601955217 0.151062602147975 -0.404928719689229 0.325796393498902
-0.379164791959856 0.0727318116733028 -0.0931156596170935 0.0868874326361019
-0.382929124212654 0.11096899830839 0.439308220141817 -0.0847367235117332
-0.20167865595158 0.24604320817447 0.620107419914447 -0.466268780428791
-0.00617911919071187 0.35811953597219 0.271718814973523 -0.791315643329848
0.0899075477302108 0.281448427257269 -0.313546136897375 -0.518781152512903
0.0639289461967504 0.00901477530648087 -0.451771420679956 -0.0559075415511329
0.0492547086899898 -0.162371455838714 -0.222340511483104 0.0779118820003721
0.0863979516653087 -0.212509675458684 0.0426086861052971 -0.0436387890304299
0.0456122859858332 -0.205177934935603 -0.0868423821930673 0.0719375994140785
0.0268883371437988 -0.180886664952209 0.0169687676075822 -0.193585677436835
0.0421618421576525 -0.0823514507680868 0.201268301433235 -0.177154641505441
0.063978171213425 0.123235538955635 0.451583964933356 0.164603841414323
0.0665152469837313 0.2465547558664 0.393188565916234 0.621766466825029
-0.0677238521214038 0.239180828356366 -0.0771722947819029 0.771826056063957
-0.255134025100047 0.15432201881026 -0.440106422981343 0.427404612290977
-0.329869345886306 0.0561881801509061 -0.237458083955685 0.116475992928678
-0.356551108671218 0.0528820573950775 0.32129797589136 -0.0243007195724037
-0.232747759261222 0.172799603384611 0.659291784822219 -0.326680035212008
-0.073239163942001 0.311989677438236 0.466281655930847 -0.73899826144895
0.0583949485816054 0.285057919775324 -0.193618654056756 -0.620891539971176
0.0844026736915898 0.046483223609978 -0.494425995333118 -0.166107645534444
0.0675217147467182 -0.118450880340261 -0.305332834674761 0.0401479367560956
0.0853409826453023 -0.183410952213519 -0.00473329064875705 -0.00729935597625664
0.0232770284432094 -0.146875380535954 -0.0931532557244075 0.112107157615295
0.0275475016717325 -0.126421338902051 -0.00289754497287173 -0.198701329555843
0.0547891919160206 -0.0871295015013282 0.123493164669008 -0.238944160581042
0.0485928794563717 0.0457150573482432 0.384063135304849 0.0989895325958039
0.0318541061624343 0.148978764732113 0.430950886828175 0.590422124649638
-0.0638345901855558 0.161321298421925 -0.0034898293395324 0.822781062171665
-0.187263141925836 0.109007425786457 -0.467159767827345 0.504897669733567
-0.233127185236563 0.0303654993691561 -0.348929907767943 0.138829321494543
-0.2586751126413 0.0151823224651237 0.214637751135179 -0.00248315831404148
-0.186016765059718 0.100863790867894 0.647818778530918 -0.238147755320452
-0.094106978584514 0.220777237218777 0.578524655309208 -0.682915071253391
0.0254165374150452 0.220666594045861 -0.102525267787174 -0.686394054243214
0.084050694489711 0.042021326284005 -0.517529089058707 -0.255094573771212
0.0717787814894129 -0.0804649538295775 -0.372296315756018 0.011158000995388
0.0699289072333872 -0.132648867659369 -0.0435867463863848 0.0257430892041157
-0.00901695029644893 -0.0621233283757783 -0.0872801193324606 0.140743111571251
0.0226384322666745 -0.0340268909141162 0.00887235113984359 -0.193802576884119
0.0694229068926992 -0.0405098263608889 0.10383551187713 -0.271916994944087
0.035582017031069 -0.00103202578748967 0.34786650727792 0.0677728895062535
-0.0162216451656749 0.0471817204517211 0.42571632945123 0.584432795885637
-0.0805447698820045 0.0500710622045397 0.00642456842941045 0.859075462594951
-0.110939566698878 0.0294464280142185 -0.492639413666218 0.544684684898439
-0.105599395375052 -0.00252547055165095 -0.41047706737139 0.147819661017783
-0.11592000209487 0.0075643215106313 0.15613503369147 -0.00498500202667659
-0.0814233491342777 0.0495411268364748 0.624753783176098 -0.214414013497702
-0.0639383092422528 0.109199362778323 0.599958130490442 -0.664590075774227
0.00695630346102345 0.108030062766018 -0.0811726647703694 -0.721220169677853
0.0703949392114046 0.00102743032544407 -0.541638848695259 -0.306380394049088
0.0598577019365293 -0.0519689798008603 -0.406340865730745 -0.00200879052888243
0.0399371040991012 -0.0717478503925667 -0.067968225808347 0.0527481465156071
-0.0441541547480215 0.0358791360657466 -0.0788052946666981 0.149667500428421
0.0134236866025535 0.0698640701549247 0.0359210818727196 -0.183562859844728
0.07649826299813 0.0272118245027195 0.137497970510971 -0.270181396732164
0.0119797284308253 -0.0344608684237657 0.347443791270215 0.085454396843806
-0.0661481883912079 -0.0534555493270145 0.384268745107672 0.614511027698407
-0.0913436771165053 -0.0743483764107615 -0.0558924977387163 0.873385044684547
-0.0219739491653391 -0.0612818059184103 -0.525685284719233 0.523836231109756
0.0344981974360593 -0.0364863818810722 -0.413085787855166 0.145028474715529
0.0392688537243698 0.00556857691847572 0.158686095978315 -0.0152345798093795
0.0367989365983513 -0.000217450155119529 0.605345804013735 -0.249316278720768
-0.0188973940537867 -0.0142299417122943 0.528815961633439 -0.690726958459153
-0.00771925592523353 -0.0283784162536006 -0.147045453092199 -0.720512734723353
0.0473074638200611 -0.0550058798702582 -0.569588425477066 -0.300584059343822
0.0367471213296494 -0.024648175625995 -0.407024117569588 0.0141121201009447
0.00372203042195465 -0.00219766095604032 -0.0680551077553929 0.0699443532710905
-0.0744875869367089 0.12492882843836 -0.0649726192475831 0.138493924532338
0.00260979471794068 0.156544501787749 0.0739575409975454 -0.169354781366366
0.0646750451315485 0.0756066316167141 0.210432023384678 -0.225769061490125
-0.0251885426485715 -0.0797795612573841 0.368596138410888 0.153135879211855
-0.107592634627234 -0.155028954618876 0.300807075969189 0.669339039911371
-0.0739638613716302 -0.190755724682842 -0.178331039477733 0.856997837378979
0.0800362631301332 -0.134222365073252 -0.550659485973466 0.452092856528192
0.163639098321791 -0.0649904776791013 -0.353037403758616 0.130981523756418
0.168582274683826 -0.0177928163262381 0.216592851675538 -0.0374640224731959
0.120750881330623 -0.0739574516690236 0.571743617126138 -0.337728284643116
-0.000882541152380182 -0.141739194274629 0.366494918714852 -0.74542522271126
-0.0334569667531178 -0.15163852856855 -0.285666669711718 -0.672375083480542
0.0228738644636321 -0.0921912947715805 -0.589353518589729 -0.236235216794312
0.010502767112734 0.0141235635593162 -0.365149565918664 0.0558060443826198
-0.0323365512854443 0.0690459975854745 -0.0440277328790961 0.076692795346563
-0.0971629259777672 0.188279719238546 -0.0460843865593109 0.111861711565832
-0.0108330386496054 0.200531027900658 0.124247420709751 -0.148281705663788
0.0316616884290192 0.0790751126314298 0.302990014809581 -0.144921442990775
-0.0691923474393465 -0.149029497348423 0.376160816553995 0.262990775536484
-0.11889893135966 -0.251100661886513 0.161188731640233 0.734066925730364
-0.0114136768498771 -0.276538292557565 -0.343610331831988 0.793882131810526
0.185802564305099 -0.168431660972311 -0.547005728438911 0.343068578666123
0.263045564078019 -0.0842752365063922 -0.240820155277364 0.107991425299416
0.247223357767258 -0.0673134673825459 0.301960665094458 -0.0890308962655863
0.140418999999281 -0.168120583184747 0.499486069550511 -0.461304548775579
-0.0271721068977427 -0.24866063179217 0.137693548760364 -0.782721628343018
-0.0685032969415516 -0.224037603240575 -0.433706814264784 -0.567730212398323
0.00470149916590537 -0.0857668095677739 -0.5690835905308 -0.133082701201376
-0.0119845768095719 0.0690182582352396 -0.286136190783431 0.111583214832377
-0.0611450887520534 0.134769927049049 -0.00444625969067671 0.0691896289105602
-0.111564571142639 0.213914120435801 -0.0207177113766682 0.0787126934803014
-0.0307590085543651 0.19710506022891 0.189931602758783 -0.119969406399369
-0.0130525079493271 0.0404923680033027 0.392010130674188 -0.0339671255733168
-0.0966797600996138 -0.22744968668142 0.338286980596959 0.394576920046877
-0.0844879203296142 -0.321860797253003 -0.0354590109978713 0.775184308974004
0.0871223477002697 -0.306353088513236 -0.513857359972083 0.678756651254864
0.272662685111092 -0.155103479419373 -0.503041902077782 0.227433457942938
0.316176373970724 -0.0937449635630769 -0.0932289344261422 0.0783770191758594
0.267414546647719 -0.12626882546989 0.384164251468816 -0.17479363905148
0.107529036388742 -0.245411126651604 0.383349790304598 -0.594459683557084
-0.0715936366857312 -0.301207337183483 -0.0998698479494885 -0.775594777287211
-0.0900677875795759 -0.226112431429894 -0.52614129129442 -0.434201952721561
0.000764718978037024 -0.0358607583199007 -0.488540568070708 -0.021893495844856
-0.0264907073400961 0.128263199482609 -0.184910545264332 0.162501374567588
-0.079475270506482 0.18286930944598 0.039249783684643 0.0438424031971129
0.054162626094239 -0.22365144595657 -0.0698788273772536 0.0276216740631827
0.0227297916306532 -0.182297105084368 0.0707204113070337 -0.175758718713226
0.0415158557053064 -0.0292736957400211 0.324998892452371 -0.103860718882604
0.0807720545307283 0.210087831820382 0.511771650809016 0.25005337495061
0.0735793153846834 0.314135530528722 0.29993011884128 0.668612840423399
-0.0977389302419796 0.265508171368257 -0.191357604989555 0.706671842583261
-0.308289665636828 0.156591727541698 -0.401650391544541 0.331310666244227
-0.378587385918693 0.0785699426954723 -0.092284046687346 0.0888222905707267
-0.383636798412003 0.116484373095359 0.439425939914776 -0.0897158118345915
-0.199601326058714 0.249458048971934 0.614852256673567 -0.475898143474306
-0.000755709059290108 0.358677323141924 0.260359995243895 -0.798232953848979
0.0947865727010674 0.279865681238559 -0.322272959028654 -0.515098563781091
0.0642150116274543 0.0070017829079089 -0.455022953442884 -0.0494323181550329
0.0475273108498966 -0.163011968526781 -0.223689779886292 0.0810167788510934
0.0832352860378887 -0.214212309120037 0.0423425355340189 -0.0438529524478965
0.0430441736371697 -0.206579642970927 -0.0867327437453665 0.0726275832728472
0.0246237544637241 -0.181037705068642 0.0144840130202661 -0.194023029283337
0.0414677080332667 -0.0840294406294672 0.200100133811004 -0.179669327510823
0.0672777411103908 0.122767386653943 0.456289123817999 0.158038896253512
0.07145058607054 0.245519121771791 0.404412367787392 0.618462804854239
-0.063985164810144 0.241092493177906 -0.0666072551796238 0.776865873938859
-0.2539942265154 0.158630872097902 -0.435403773302705 0.434201809310732
-0.329826314956676 0.0610869072081697 -0.23628319910112 0.12121405802377
-0.356737722289059 0.0580895497650167 0.320626723868576 -0.0273513646930069
-0.231420841339244 0.17641328550689 0.654724484520797 -0.337845780032217
-0.0684161965691614 0.313450588902342 0.453863548075221 -0.747703271204703
0.063514198050442 0.2841372492505 -0.202720859082833 -0.621343825194866
0.0861010842695014 0.0449738038527389 -0.499332036310994 -0.160709956126672
0.0668827937794218 -0.119363053397291 -0.306707328474748 0.0450635472163674
0.0830947317901511 -0.185172034443367 -0.00515621069553516 -0.00643088939910689
0.0214382077110147 -0.147299284944323 -0.0916371985119854 0.112190293342989
0.0269413335755479 -0.126358733948216 -0.00546847304153821 -0.200136877624368
0.0543478672855349 -0.0871356314579031 0.121008192842519 -0.240809179554686
0.0503473548881236 0.0456925797120662 0.388036056278075 0.0929757233767763
0.0347474810123068 0.148992807276389 0.441275069443039 0.584723031323532
-0.0614043054372307 0.162834508710098 0.00891393553760942 0.825973429857616
-0.186507149895574 0.112196864505613 -0.461964984401523 0.514352828581233
-0.233973452330835 0.0333541460290889 -0.348136395823168 0.143955834090229
-0.2598539640661 0.0189406304977657 0.214122820165806 -0.00456087531946431
-0.185294761127622 0.103827082634352 0.645784925883511 -0.246129359945479
-0.0913578836381785 0.222257149933484 0.568674960870276 -0.69165807713005
0.0300309039745793 0.220937871018593 -0.111351976985528 -0.687032463215525
0.0852098871943121 0.0411854775788416 -0.523901969100345 -0.248290644922505
0.0714356956408202 -0.0814263118317634 -0.373502324915817 0.0162889408981518
0.0677670836139484 -0.133910997495968 -0.0442262900875814 0.0276495945545476
-0.0100594687139484 -0.0619015999849443 -0.0851575999592079 0.141456099161897
0.0222655945622836 -0.0341517759144989 0.00608586680328951 -0.194758903620065
0.069279549631947 -0.0411301809875497 0.100487676915782 -0.274387099273341
0.035272580923567 -0.00111202006655603 0.350902237364747 0.0623045968915394
-0.0155592704029966 0.0470759502622776 0.435009860178688 0.579909742902393
-0.0789611768241578 0.0520274186824101 0.0182224007379568 0.861186842790106
-0.110452822713179 0.0310277493257405 -0.487746689283562 0.553084470760748
-0.106179271385631 -0.00148898995062095 -0.40991433117003 0.153790393804552
-0.116254517309474 0.00883239641199997 0.155322637022679 -0.00673687641936524
-0.0809648658653159 0.0500443206631699 0.623478050183403 -0.223001448101921
-0.0626429232815859 0.109507975638106 0.591001383369384 -0.676859768922494
0.00913282779509219 0.108311937386189 -0.0916905528644069 -0.723845389448665
0.070350252248759 0.000707780435249595 -0.54759810104222 -0.299886502134029
0.0590899703211696 -0.0535613331191875 -0.408855606234843 0.00461690116315757
0.0390386928686807 -0.0723802250867617 -0.0681456110191433 0.0548428690100861
-0.0431288344466173 0.0361653711312961 -0.076259034659261 0.150388048240585
0.014473308653954 0.0703148814558516 0.0323416124657157 -0.185456792772386
0.0760700576596911 0.0254144601018125 0.134255744711183 -0.271738335942969
0.0123994992646697 -0.0344110635153031 0.350256285784488 0.0793918062721844
-0.0672465814483074 -0.0522144214456939 0.394938657800979 0.610025952268682
-0.0932424635685441 -0.0738226906089699 -0.0430099857597209 0.877377086060301
-0.0218963539856963 -0.060999034096143 -0.520779985901296 0.532571812910875
0.0343455957408872 -0.0364751991689071 -0.412057199183515 0.152294434242899
0.0401917774480532 0.00508369598074311 0.157188470233358 -0.0167307221583899
0.0366879120765135 -0.000776934888310717 0.60237080521199 -0.255860583647959
-0.0186579354403605 -0.0138707996454631 0.519957501588493 -0.701211124162947
-0.007379806422099 -0.0283151704650106 -0.157790226038139 -0.720445471701261
0.0469332073522647 -0.0558470849445453 -0.57790900662096 -0.293203944365162
0.0362353790092127 -0.0267486293864252 -0.409514572519221 0.0199433788926959
0.00447230817137234 -0.00200361216276731 -0.0679414908536749 0.0723472929203421
-0.0732620020896173 0.126383796892996 -0.0624748396328243 0.13829968045565
0.0046503363711103 0.156037428046246 0.0712639230663016 -0.172040377135602
0.0655941344816413 0.0746020999638147 0.208719733214936 -0.229268917065562
-0.0272044030345567 -0.0790233837649431 0.372543983729441 0.148102688353604
-0.109542960336154 -0.152460667308268 0.31227808546865 0.667992024038875
-0.0768701401855187 -0.189959181159264 -0.165349523047462 0.860661158766921
0.0791178265271457 -0.135874404779063 -0.547146526970702 0.460748929275819
0.164256477924073 -0.067756643951463 -0.353033534920817 0.136735101607187
0.170283982796508 -0.0194520804292347 0.215834957551208 -0.040855678113141
0.119855193864409 -0.0761810431432516 0.568812844448467 -0.347056967084643
-0.0028517848592584 -0.142637526343543 0.355866305448591 -0.754686080417467
-0.0357366945423177 -0.150837511227298 -0.296447534057905 -0.670428296884785
0.021902727270617 -0.0932520093482969 -0.595464187800684 -0.229315976026434
0.0095289719643446 0.0135493464866996 -0.366892230502591 0.0614881440277549
-0.0317173509355182 0.0697998164087278 -0.0438764669772712 0.0787347515410556
-0.0942018876565675 0.190164900004498 -0.0440386898687475 0.111818333072468
-0.00917516726242085 0.200493385785725 0.122657547930882 -0.150703510557094
0.0323405059290039 0.0782321072065514 0.300931423436237 -0.149289935712515
-0.072362873071355 -0.147800151437844 0.381089251177034 0.258963992376259
-0.12324648472446 -0.249755614670982 0.173418737827534 0.734416474999333
-0.0150340039534976 -0.27671265881066 -0.332189810147211 0.800212538929601
0.184982674643035 -0.171004904200541 -0.544970954133416 0.350195304798946
0.263861408895735 -0.0883480516177107 -0.240125698589847 0.111905349349853
0.247305974283117 -0.0712782947532149 0.300470052674025 -0.092403664218798
0.139635080532894 -0.17086717838221 0.494816739083306 -0.470454568567082
-0.0306948688012744 -0.248714969878997 0.126558349650151 -0.786838707716842
-0.0728513785506055 -0.223033207120551 -0.442902172181473 -0.564335236257591
0.0033480237872129 -0.0864362770312465 -0.573165093600751 -0.125862783806972
-0.0114283657997933 0.0690171526304043 -0.286372636749755 0.115718072882328
-0.0586151451616816 0.135696708901879 -0.00395528918516731 0.070017437052242
-0.108944368927728 0.21644674792927 -0.0195225827501765 0.0778480228209794
-0.0287412131842906 0.198083338345938 0.188913806583592 -0.122959791918758
-0.0133373787975105 0.0401475908732721 0.392993991066658 -0.0389879498616046
-0.101434846985299 -0.226238955013268 0.346755683879832 0.390551773802477
-0.0900482436554734 -0.320699380141274 -0.0239240372681011 0.7785530369759
0.083481801124419 -0.307860288996576 -0.506142784854209 0.687633074830368
0.271652037555528 -0.159724823003783 -0.502051817730865 0.235120539715733
0.317098348171269 -0.0983003858241222 -0.0922267710288327 0.0801588648034107
0.266585602356195 -0.129865731832936 0.381480814455616 -0.181152070809051
0.104729753239375 -0.247773387628881 0.376039569449185 -0.601290713168926
-0.0754010065751097 -0.3002393083356 -0.111749675405934 -0.778329558993164
-0.093777793944783 -0.225932221068824 -0.535300379647149 -0.427284218089964
0.000523221556820795 -0.0360333873064799 -0.491836040774317 -0.0157427866261184
-0.0250410938491865 0.128171650624784 -0.183696080277761 0.16502392195521
-0.0765893013243379 0.183879953957776 0.0402095349484492 0.0443212971723127
0.0507261928285352 -0.224517460338853 -0.069755374057048 0.0277302708032182
0.019723389706019 -0.182576419858849 0.0681661629232445 -0.177073041558687
0.0421863386044615 -0.0300468519260893 0.323969057280301 -0.108361804660161
0.0834776717601836 0.20963324411408 0.518533669735583 0.242756128187012
0.0785895120955669 0.312570064464729 0.309149522951583 0.667293889722719
-0.0946094337518516 0.268012321777317 -0.181964147483531 0.710911280913962
-0.307045393927335 0.161867563189171 -0.398381918820608 0.338184729849995
-0.379244087789688 0.0847070807591816 -0.092657833182886 0.0915530249415943
-0.38217881221618 0.12275343660135 0.438282214708876 -0.0957451892047838
-0.197328942797681 0.253281879236553 0.609502444852846 -0.485344487858673
0.00413669774686784 0.359252254900839 0.248465553817787 -0.804884150600272
0.100485858111124 0.279479657814335 -0.330532820121284 -0.513093378272648
0.0654734456407811 0.00685921937883644 -0.456128751973443 -0.0438641785984376
0.0452520010391835 -0.16418882297457 -0.224425880654975 0.0841282421787272
0.0797925302970963 -0.21568962187585 0.0409761985697272 -0.0433403940695904
0.0393400144685515 -0.206678594612322 -0.0856456312729951 0.0728576806410381
0.0228828593381749 -0.180979914520239 0.0111958190867559 -0.194941523469946
0.0405363923794428 -0.0840984234162745 0.198579864199685 -0.181515864958218
0.0687310397150362 0.122270687060932 0.459545280900397 0.152643252220385
0.0756117981897003 0.244783078088287 0.413499317313786 0.613974462096469
-0.0612396660152231 0.243099193853559 -0.0542256413354574 0.77753090064664
-0.252821897012139 0.163073593609571 -0.43009176365535 0.442004477765111
-0.329131294314617 0.0666680662360465 -0.235223456710936 0.125596402591423
-0.356553690840776 0.0631722489033763 0.320094451650933 -0.031265375270863
-0.229304221943054 0.180014175902296 0.649926754297924 -0.345870503292269
-0.0645852873546871 0.315159237914886 0.445406788186072 -0.754949399842993
0.0692276044601979 0.283837630970683 -0.212587990280418 -0.619801057641338
0.0866838701702422 0.0433161799769529 -0.501673289315821 -0.153656617656086
0.0646758202274494 -0.12029912815438 -0.308260100182607 0.0489431985420373
0.0801443058252832 -0.186059093496707 -0.00566333025916526 -0.00515898795308742
0.0190425695568698 -0.147682196146735 -0.0907050920850479 0.112671155201073
0.0255963033701265 -0.12629011172585 -0.00813281028201858 -0.198862095031115
0.0534084376036259 -0.0885190691690239 0.117838421274061 -0.241759886516246
0.0509639445958967 0.0450912728744128 0.389993346017309 0.0873181017841273
0.0379848022329527 0.148237986576868 0.451130471458915 0.579087090501791
-0.0589466996896604 0.164089648117463 0.0202903093635123 0.827150175320183
-0.184570294076541 0.115823774267747 -0.453914719559198 0.522687141746919
-0.233203534485387 0.0368964034169324 -0.347098585433374 0.149711386608654
-0.261004434100556 0.0237011412178928 0.213336010581388 -0.00688234646640279
-0.18412784513357 0.105950758332975 0.642143451003672 -0.257730196501019
-0.0886893548039841 0.223496410903301 0.558327762548805 -0.701635058233694
0.0335187246990371 0.220760059045789 -0.122164989027839 -0.687869327368487
0.0866815004436873 0.0398485384837657 -0.527903900254808 -0.242407974828641
0.070079006371824 -0.0833307647320203 -0.375434441751257 0.0214191348015588
0.0659700025644224 -0.135544135003893 -0.0440383015970944 0.0294614422278662
-0.0103020326918284 -0.0613294967220138 -0.0840188629277667 0.141704959944052
0.021996598755695 -0.0344859091663628 0.00362293137817275 -0.195938578412915
0.067853685853714 -0.0423118482516885 0.097188082389896 -0.274345733612043
0.0348621385366494 -0.000873386045184745 0.352822669561378 0.0579979069726761
-0.0140468954477361 0.0479061884035371 0.444765042635015 0.574091897713673
-0.0787353318891942 0.0530158171806942 0.0324846869248584 0.861177888689188
-0.109775879369897 0.0326764743718319 -0.482026126151414 0.561436271225738
-0.105942095309075 0.000984113798563058 -0.409106393421685 0.161438282440184
-0.115445564611634 0.0107736105015535 0.154637222083261 -0.00813419485524812
-0.0810089318501376 0.0506331588989483 0.619084603673571 -0.232139258522376
-0.0614703964310558 0.110812762179592 0.58309501210172 -0.685212383094115
0.0110556972802603 0.108376017040256 -0.1031284257762 -0.723411836012685
0.0701651899968947 -0.00118694785950695 -0.552783710778364 -0.291824995614933
0.0586614529010621 -0.0552850075535682 -0.410835060169921 0.00972734034015552
0.0380817123495152 -0.0724911566410412 -0.0680210658772997 0.0569673646527561
-0.0427375622142644 0.0369940586786595 -0.0744306286620664 0.149938425753113
0.0159371747697528 0.070587685052197 0.0307213306679609 -0.186282810291024
0.0760869969584954 0.0254504948228472 0.130926821773006 -0.274213616501046
0.0111267217144701 -0.0335442655022157 0.353172874972291 0.0756234284774585
-0.0681118628555765 -0.0510366444234562 0.404089667453943 0.605608040368798
-0.0942949500302476 -0.0715670027850766 -0.0301106527136743 0.877745880602501
-0.0224598688127891 -0.0612818646060408 -0.515973121686983 0.542124064457141
0.0343578744729232 -0.0364569172276754 -0.410808778857317 0.158311568807026
0.0405533707652187 0.004803072848892 0.157249164179102 -0.0177798071508146
0.0372474444387539 -0.00237662936969889 0.598060750199206 -0.267387145783948
-0.0189984974748669 -0.0141713628845196 0.510121423354722 -0.710835614657201
-0.00753699021008729 -0.0274801150812303 -0.168962310893673 -0.721433405369256
0.0462532916611775 -0.0568242289037521 -0.582048600962798 -0.286038274072863
0.0354493426129074 -0.0271459226324963 -0.411193148195972 0.02555388097905
0.00419257040852828 -0.00189458771978663 -0.0672869070908539 0.0737828391312535
-0.0708651025419865 0.12760452210545 -0.0616805335843871 0.138152366538298
0.00658694560881248 0.156254261855939 0.0688064626594254 -0.172533314527032
0.0660660327013167 0.0736546141440676 0.20546386500302 -0.23231600505377
-0.0290297947806718 -0.078225586987781 0.376031900054108 0.143350030672664
-0.112795713892663 -0.150658103763574 0.323276926317725 0.664275790741139
-0.0792891861191568 -0.188385373055499 -0.153310040951625 0.863685249934029
0.0783810854640968 -0.136495039090378 -0.54145193636253 0.469325408813941
0.163743845442995 -0.0694621633995279 -0.351683622416306 0.142866048913386
0.169375594683154 -0.0216722325681118 0.214909226044497 -0.0425238646105487
0.119121096080689 -0.0789365452365551 0.56342163561364 -0.355323115600959
-0.00514453712884397 -0.141944953772706 0.345194807187278 -0.760409970191349
-0.0375966249603635 -0.150336553960125 -0.307883505997074 -0.666223856030217
0.0199179403066511 -0.0932819706053135 -0.599511341713696 -0.219344149444663
0.00942437508994169 0.0124315123989693 -0.368082163733701 0.0660645084500694
-0.0310174269729859 0.0701134182643472 -0.0427399711240302 0.0802511005574395
-0.0912842649136944 0.191697634598413 -0.0431165044057198 0.111132512792319
-0.00632430395740715 0.20001268401221 0.120402346700197 -0.153971669385537
0.0328811184724785 0.0778490699449393 0.30053534098316 -0.152215935110013
-0.0759819466058004 -0.146778271778068 0.386635000366667 0.255471771922226
-0.126743806222639 -0.24713915435077 0.185503271947851 0.733729639004233
-0.0178792106697768 -0.276629197813446 -0.321794998961087 0.806351697606848
0.183244913083937 -0.173754653148213 -0.540720062102869 0.35940250290797
0.262977413976112 -0.0921674210559771 -0.239279465590768 0.116581198255382
0.247129300066412 -0.0750117114876653 0.299670518299489 -0.0964800471508112
0.13715741712027 -0.17357028063512 0.488498332967897 -0.477472464313875
-0.0334527402393944 -0.248258042238382 0.113846815646218 -0.792014811427586
-0.0758828025844227 -0.221421754499068 -0.452903937068123 -0.558553087108002
0.00182437627730637 -0.0862732769727533 -0.576883588699534 -0.117571388459635
-0.0116152675216249 0.0679966537069023 -0.286614675403978 0.119775470191492
-0.0568487721370888 0.136771189404024 -0.00315453713158209 0.0707291601175576
-0.104492534173584 0.218467928110719 -0.0192064850222476 0.0767887148333006
-0.026105413094868 0.19804258685196 0.186599272322787 -0.12648749915365
-0.0136950740855841 0.0405498400223475 0.392428932937117 -0.0435192267038985
-0.105768323828476 -0.225000792618547 0.353853957453793 0.387782631488102
-0.094349536428027 -0.319480069221003 -0.0120138607709131 0.7792935919627
0.0801596426148338 -0.309473325818406 -0.495909288758583 0.696352817605282
0.271068158951243 -0.162659626948028 -0.497606181715624 0.242003621052725
0.316590710722053 -0.102588556574681 -0.0911431959877339 0.0819874816001136
0.265025589087652 -0.134319427989981 0.379345699101782 -0.185525616959487
0.101828055863262 -0.249679574484827 0.367508485440375 -0.606402512990997
-0.0806026789141104 -0.298782823406654 -0.121943206039038 -0.777379962748779
-0.0974652311003782 -0.223409730356751 -0.543980248746385 -0.421150243964948
-0.000567784736340039 -0.0363339986445637 -0.494476861330372 -0.00620351601024071
-0.0244603043001829 0.128307798647601 -0.183127568771147 0.167928706453723
-0.073084775158451 0.185287832577497 0.0404311607975238 0.0444356163098618
0.0478611614368222 -0.224664049512712 -0.0704188961447051 0.027326256131975
0.0185495797593157 -0.182039100806181 0.0654192866414705 -0.177755688280179
0.0418963966197994 -0.0300333215595659 0.323353273003199 -0.111662444992632
0.0872816841795073 0.208260896738037 0.520414102647607 0.235381595382224
0.0835510311935478 0.311299070050511 0.318332785355198 0.663429181535825
-0.0909828487808021 0.269437761866842 -0.172887283041622 0.71214758516547
-0.305081494276303 0.16613806654393 -0.395022162381213 0.343351714567907
-0.377307403623653 0.088949128933957 -0.0913647517244381 0.0933513074800108
-0.380812481480805 0.128644461624336 0.435741437063718 -0.101767053627869
-0.19484727802743 0.255809728012414 0.603233275126598 -0.492425487788506
0.00963198443333895 0.358998295608032 0.236476310136591 -0.80897394430266
0.105345199387137 0.277277138304365 -0.337681551324769 -0.508549462924532
0.0661053083675208 0.00543179012164709 -0.457554154863687 -0.0383579101866475
0.0431673225159697 -0.1639229632829 -0.223716673366161 0.0867493348241764
0.0762886004249572 -0.216702072695112 0.0399776842329469 -0.0428754556732789
0.0374190978472948 -0.20668902477837 -0.0849681696677351 0.0734692011119606
0.0206354728428566 -0.179972692646874 0.0084285851045261 -0.194925246223496
0.0399731900011667 -0.0848595255041984 0.196073795115858 -0.184372280895998
0.0708444514938279 0.121568027063731 0.462414358748714 0.145984064500401
0.0793747456767767 0.243720384564676 0.421461604297614 0.609006266509928
-0.0576162409125964 0.243732104545835 -0.0458207804925797 0.77960022419499
-0.251465795580472 0.167007236422028 -0.424401543280684 0.448490844439637
-0.32809266878811 0.071253032212953 -0.233490886968831 0.128927452494721
-0.356316857073557 0.0681738417536639 0.318723543957274 -0.0352760863413637
-0.228258884304215 0.183112691745828 0.644529877316018 -0.353998529741583
-0.0605678387012269 0.316304024665726 0.434435967155423 -0.761323836770395
0.0743299501585846 0.282137801977675 -0.223287002998051 -0.617285247611799
0.0880567518957847 0.0421586340909726 -0.505196892190205 -0.147981942389945
0.0639290850156035 -0.121397620505494 -0.308606392500056 0.0524621184065835
0.0772712719934082 -0.187166986749511 -0.00579369018189317 -0.00400279467057257
0.0172716754497225 -0.147548693101454 -0.0893111465811419 0.11283226901925
0.0236897113353798 -0.12645209737133 -0.0116196707760079 -0.199208515619483
0.0519987446854315 -0.0894725833257515 0.115121950847503 -0.243012256279602
0.052244879651614 0.0447361331321849 0.392018225653777 0.0817767519011458
0.0394540714750998 0.146724616035245 0.458808428497092 0.573427888497951
-0.0568975102345441 0.165703750550092 0.0324775350668062 0.825807835034708
-0.183324937207203 0.118511749070461 -0.449982639607358 0.529094281757378
-0.232250241453327 0.0406129070758679 -0.345055107297073 0.15545591381398
-0.260223944406375 0.0272576315684076 0.21261264884731 -0.00894012491759641
-0.184049365335652 0.107873392632721 0.636644774470509 -0.263538305232332
-0.0847467996976876 0.224535210102554 0.546936356192364 -0.711581388351255
0.037638382062474 0.220882343635868 -0.132982722068728 -0.686483855723608
0.086927598074519 0.0382224001885311 -0.532774248969495 -0.23376555396454
0.0698332689707419 -0.084011281698697 -0.376185275337314 0.0261879359029596
0.0633530213878629 -0.135648958081284 -0.0438929092393418 0.0313331141323114
-0.0110699129970059 -0.0616740139927118 -0.0825147943241587 0.141633845744769
0.021681199043126 -0.0346880304984426 -0.000515590376804069 -0.195513005056223
0.0671933999713658 -0.0431299139535471 0.0944619152950201 -0.275157938272767
0.034731349375005 -0.00153162228551197 0.354497918453137 0.0531109878765866
-0.0127562982480309 0.0479698543692911 0.45368682750639 0.568195663957303
-0.0775299070934392 0.0547815139421981 0.0435980721618127 0.861709603742551
-0.108830860088769 0.0345811110860363 -0.475047406310313 0.569210345574559
-0.105989379049496 0.00218559535266806 -0.406738079225554 0.166893886045356
-0.116347619843934 0.01280656628587 0.153258497186269 -0.00956493660861018
-0.0811160757355885 0.0512833631996867 0.614480886048321 -0.239522354198804
-0.0593218614586226 0.111666707021258 0.571077831103049 -0.694403591308616
0.0133304626423499 0.108415827621558 -0.114079005346467 -0.721741190559356
0.0705118837638731 -0.00204780100430767 -0.558202874307214 -0.284307843381998
0.0574982935055199 -0.0552391071442181 -0.411145736831557 0.015977934164991
0.0370294794590305 -0.0731940703814859 -0.067269423654289 0.0588433416557225
-0.0415569242643807 0.0378497354720721 -0.0728918575056202 0.149696322220739
0.0162738060139672 0.0700173857166929 0.027602184400454 -0.186940710530356
0.07568984358174 0.024584535570369 0.129233389609186 -0.274769033384126
0.00971359199526731 -0.0331507318815966 0.355231521584284 0.0697612416929701
-0.0688592338060351 -0.0497226896979228 0.412315552001465 0.598816090272993
-0.0945499649771666 -0.0697674301023072 -0.0190032770061738 0.877946066585801
-0.022936501529127 -0.0610382523724184 -0.508578913832896 0.549236422622795
0.0338944423308554 -0.0372149450728913 -0.408817995083679 0.166027538487748
0.0402897141998443 0.00454058007385597 0.155701957126655 -0.0198290618314236
0.0368578493418205 -0.00327007295909747 0.59312071348501 -0.272782869124011
-0.0188880888763034 -0.0139047726949137 0.498919269652396 -0.717443711825304
-0.00819794143216201 -0.0273328631442705 -0.181105612035753 -0.71800293575268
0.0448176896858845 -0.0571613392453786 -0.588024452417471 -0.277915518209925
0.0342775844351014 -0.028144490253496 -0.412583380976728 0.0314394275057017
0.00409068898608185 -0.00272752595525257 -0.0673298574505533 0.0758012664946564
-0.0684118408357752 0.12915663502353 -0.058737635555768 0.137461791853762
0.00830433037990268 0.155232005847983 0.066184500950811 -0.174714939549586
0.065994087708487 0.0724481734289764 0.202855157669061 -0.234913389030829
-0.0311918434706463 -0.0766150925050393 0.379599087529015 0.138764478089001
-0.114626817622201 -0.148807696149397 0.331568663248635 0.660197436886757
-0.0813044517181869 -0.187220138619119 -0.141627633865166 0.865368440407551
0.076655039083558 -0.137560808082319 -0.534697668617603 0.476045218198216
0.163464044629521 -0.0721135036242897 -0.349529327689645 0.147793380848248
0.169647503095529 -0.0235377727540265 0.21249168218111 -0.0442813094088852
0.117979884074752 -0.0807318709523063 0.559050198934493 -0.363716858883562
-0.00662231077141387 -0.14175600092589 0.332994464310884 -0.766804132209955
-0.0396946746873496 -0.149355590324014 -0.317671512931838 -0.662480636458986
0.0187448768336683 -0.0938584643864837 -0.605489826364349 -0.210876942729204
0.00862614207033967 0.0117821254107378 -0.368751645863623 0.0713912609125486
-0.0291002078722739 0.0705698439594239 -0.0416187247215948 0.0811760542653727
-0.088579426438111 0.19231021667968 -0.0412125371886508 0.110031114484661
-0.00472608375918356 0.199499834096419 0.118247576173667 -0.155611803081549
0.0331165921182223 0.0775456987263282 0.298297694859334 -0.155976358061498
-0.0792556385465278 -0.144315235914445 0.392209942726977 0.249515405385157
-0.130306032571829 -0.24529995489236 0.194021739289693 0.7312189718181
-0.0216974362444305 -0.275641590325229 -0.310477435458345 0.810146129335544
0.181572698692255 -0.176195027758171 -0.536131247251954 0.366972658312629
0.262056536773231 -0.0955056837031721 -0.237079141007878 0.119895850630637
0.245945501463779 -0.0778171484804475 0.296663299283036 -0.099872912210342
0.135234207285547 -0.176274944374185 0.48087740799267 -0.484949074561751
-0.0380148390553514 -0.248222373083135 0.103215890494025 -0.794822492553917
-0.0788421257621869 -0.22029311225601 -0.462841166114272 -0.552775902275922
0.000202854098984247 -0.0869963301669865 -0.579356254920676 -0.107582857503457
-0.0114550282914094 0.0674419619749603 -0.286225954710441 0.123470033515842
-0.0541990346769407 0.137119663450202 -0.00200850939599036 0.070740599908138
-0.101633439049806 0.219502403557958 -0.0176996990823931 0.0755838852749332
-0.023642721786848 0.197435469361143 0.184241498660011 -0.129725825848075
-0.0142457014153127 0.0406345486723295 0.393080667036423 -0.0473995559031015
-0.110980369312744 -0.222839764049945 0.360976710357869 0.384477713600764
-0.0986651219013029 -0.31759649861927 -0.00290158458145355 0.779814587200449
0.076449042506667 -0.310312814993515 -0.484792800418556 0.702841083913179
0.269815489186017 -0.165851441574177 -0.495006425113606 0.247054566979536
0.315552561893159 -0.106347208529757 -0.0903757456545668 0.0832770675803577
0.264353516264203 -0.137661816572735 0.376813934546405 -0.190705371167309
0.0976703940345108 -0.251567507868564 0.359824941203435 -0.612355713612245
-0.0842939153249874 -0.297663369425424 -0.134936033846912 -0.777272363134969
-0.10083639813643 -0.22137143215041 -0.550790646363572 -0.413366578119199
-0.00197169727873234 -0.0370196391248351 -0.495667569668244 0.00166241281284677
-0.023932611709592 0.127880388987196 -0.181438229670448 0.169451222299104
-0.0704594154669758 0.18593016138156 0.04087141655411 0.044519287086315
0.0446426391332179 -0.224972347615107 -0.0697341110471264 0.0277532180065666
0.0170315716407639 -0.181211315914915 0.0626569861389096 -0.177837300858648
0.0427227595483227 -0.0310099942739945 0.322021812937214 -0.115799318227292
0.0901103725239294 0.206816272030258 0.524507968351665 0.229529377479698
0.088606482285567 0.309050707865962 0.328606444284833 0.656533408721274
-0.0877879635087985 0.270413366002999 -0.162270421093783 0.714065789315597
-0.303069352920386 0.170999826725296 -0.389410999203434 0.347342294684914
-0.375530071602329 0.0947888048159048 -0.0901673091062426 0.0954019290122801
-0.377980875391834 0.133208762947476 0.432961290585085 -0.106294089420744
-0.191267855771898 0.257899699109041 0.592304542162569 -0.499079364465446
0.0143778377835382 0.358023139173101 0.224219614624562 -0.811128648620702
0.109607375153814 0.274815259703069 -0.344562318002966 -0.503012459544616
0.0663418740801536 0.00505769400188373 -0.456506127098001 -0.0323998266969332
0.042193578145472 -0.163808352284394 -0.223242486293101 0.0898940889467188
0.0728418238540106 -0.21709752392666 0.0392516098747219 -0.0421650355631909
0.0336949967908382 -0.206862781966193 -0.0840580209064544 0.0740748139181836
0.0185462148988548 -0.179138854768536 0.00550042850173604 -0.193951659124436
0.039116490166291 -0.0846925795169703 0.194567527384175 -0.18628443133571
0.0730547089034262 0.120001273215269 0.464603900853165 0.139086690942575
0.0828662962902815 0.241511080536685 0.429434938637782 0.60255077421407
-0.0538338697487581 0.244125196153812 -0.0344096709260328 0.778187032454463
-0.249070663842435 0.17042983661164 -0.417895136651945 0.455283467578073
-0.327368435122267 0.0757870264455062 -0.232157695859556 0.133197854182194
-0.355430249249199 0.0734198578393351 0.317681447557639 -0.0381089365016328
-0.225428871892136 0.18499222029557 0.636982936959461 -0.362813196785583
-0.0560469628637353 0.315643976426381 0.422014321589805 -0.766913518042427
0.0777339828445536 0.280180164448534 -0.230546809716561 -0.612996011508736
0.0889026551825315 0.0406071713722064 -0.507341783862246 -0.141107719647897
0.0627929672043675 -0.121737419302563 -0.307782288339477 0.0569575517722787
0.0753640967239342 -0.188123836521005 -0.00622607761980717 -0.0027882547418837
0.0152684590216027 -0.146578631851675 -0.0878334236600312 0.112681719133866
0.0222140619541575 -0.125510609083149 -0.0144498722362868 -0.199051683847235
0.0503307399501659 -0.0895241867872498 0.112613992922187 -0.243587150734858
0.0527669437768004 0.0441053665016498 0.394045116527892 0.0757348701072464
0.0423457227635847 0.146230697601226 0.466436563168965 0.566731011173603
-0.0546583548644959 0.165879403136208 0.0432724483352611 0.823247165381603
-0.181925934149356 0.121412596659322 -0.44084504240686 0.534208561068863
-0.231664460312777 0.0434931726798492 -0.34263846921307 0.161142543703445
-0.26008343065233 0.0305136460625464 0.21175111629256 -0.0107564900487455
-0.182346954722623 0.110301459489183 0.630099181197725 -0.270375095499636
-0.0817922504363246 0.224754960689933 0.536652690662144 -0.715822938286056
0.0405976599206825 0.22006409347355 -0.141779654015394 -0.684641741463572
0.0873046111907316 0.0373357730881895 -0.534583556622186 -0.228097083553394
0.0683177666045835 -0.0853028845133545 -0.376557805172439 0.0316120171163752
0.0610272146963697 -0.136968258101753 -0.0435379818606999 0.0324333006794066
-0.0118295919764585 -0.0611515910910027 -0.0803020352906753 0.141440021006863
0.0211732497542013 -0.0338715311557905 -0.00258722054389722 -0.195167685961009
0.0660797556919934 -0.0431222520011013 0.0913049729817069 -0.275518875685814
0.0346901454096287 -0.00145422957838507 0.35704494050209 0.0479674042691117
-0.0122788791482561 0.0482659199164488 0.461327771511171 0.56108906797453
-0.0764332630479277 0.0562495093703132 0.0557327599537008 0.859578305545937
-0.108607760927067 0.0359954485056189 -0.466235570200147 0.57400089242971
-0.105443351714602 0.00374503839010782 -0.403912199749167 0.173669997772149
-0.115730774482011 0.0145470329415203 0.152008424642952 -0.0105338730096121
-0.0803743842966932 0.0524582484919371 0.609283580855877 -0.246551355248803
-0.0583714829181533 0.112047772031071 0.56068274250163 -0.701234048402421
0.0153616481594297 0.108060943363074 -0.125393560022633 -0.720366715356721
0.0702649808310701 -0.00273162089241708 -0.56288977659921 -0.275983624706879
0.0564797389460753 -0.0564449940398074 -0.412065520215101 0.0216147791450844
0.0355088983860111 -0.0736084495028424 -0.0666090906297801 0.0606056313374435
-0.0403510762782956 0.0383326568326019 -0.0707465105349116 0.149016515024501
0.0173452657047622 0.0702313659411013 0.0247914137646708 -0.187131501524521
0.0758695619879355 0.0230474306791293 0.124842726125907 -0.276284285363295
0.0086767135658997 -0.0325820823249285 0.358430328659312 0.0652998003023464
-0.0693204427387404 -0.0477278182414757 0.420634949196482 0.591988046323153
-0.0953535959661714 -0.0674224070754435 -0.00511129782651005 0.877166874223513
-0.0232534080311491 -0.0598827439418619 -0.500871936308911 0.55605997749155
0.0337289332550974 -0.0377799142959996 -0.406089966086279 0.171470412673643
0.0401544329406493 0.00377018307180993 0.154095380957069 -0.0205001928822535
0.0368698485651647 -0.00485989824096743 0.586897333395211 -0.279790011839015
-0.0196052901804902 -0.0133777562796631 0.488186660712298 -0.724773139418818
-0.0079496362309073 -0.0272430488330111 -0.190636786709673 -0.714609974381452
0.0443069253366249 -0.0583111472534552 -0.591506805797739 -0.268069276522093
0.0332436679155809 -0.0292668706778598 -0.411898144848662 0.0365741315592236
0.00397712984336366 -0.00227959569426021 -0.066432623096276 0.0772204980988409
-0.0666197083784884 0.12903516733075 -0.0570512120971912 0.136534435736043
0.0100026262269282 0.154919955308867 0.0634820997824857 -0.175728550120017
0.0665130014848332 0.0714052964903243 0.199181549469762 -0.235998377680419
-0.0328237142916664 -0.0752653910515311 0.382754981967364 0.133238730923427
-0.116498250609551 -0.146904663534679 0.341319865112196 0.655023634189724
-0.0835987913669495 -0.185238994955686 -0.129982416183123 0.866655403930612
0.0760606594629001 -0.13810820800593 -0.528110170575049 0.482272249156195
0.162481148989022 -0.0736406339457653 -0.346399040370168 0.152331674191841
0.169446754457074 -0.0263086880950043 0.210388031298888 -0.046298608715185
0.116868011227394 -0.0829939259345087 0.55149593903045 -0.368368107487253
-0.00830353619928898 -0.141545503623744 0.321302576888603 -0.770824917649805
-0.0407894863814475 -0.148368676917904 -0.327666541917342 -0.65872602339889
0.016670515019522 -0.0941243859697359 -0.607243908045393 -0.203015979407558
0.00818261382997341 0.0113563752388936 -0.368280935205685 0.0764025985368725
-0.0279963611771231 0.071161800652317 -0.0413147797855379 0.0826391756162186
-0.0853785707129219 0.192992468143149 -0.0396895802231001 0.109426270157551
-0.00267513579841656 0.198820759041336 0.11554311846195 -0.157302203987058
0.0334842952074352 0.0763071276392753 0.296447556088702 -0.160146748177981
-0.0816727971936551 -0.142208181900435 0.39569893198669 0.24402156524024
-0.133324711182526 -0.242700747019335 0.204881079027398 0.728998522403951
-0.0250201246368698 -0.274667712140127 -0.298184237498091 0.813084433786755
0.17967257450186 -0.177272347520477 -0.530959144722413 0.373544104031489
0.260730396797013 -0.0991859020639783 -0.23584868387276 0.123424508381836
0.244652599172452 -0.0820658643760689 0.294941004386072 -0.103716004906642
0.132643738886271 -0.178702946464169 0.4722367629094 -0.491200307994059
-0.0406784075073187 -0.246811462859187 0.0907100886459657 -0.794376697526559
-0.0817290489670531 -0.218249177516094 -0.470232562546512 -0.546666935832575
-0.00127558821962086 -0.086880181199925 -0.58268042680169 -0.0997220113444232
-0.0114376159355531 0.0673244687137299 -0.285174004045632 0.127204642062437
-0.0520834078229379 0.137091311054102 -0.00119584702778585 0.0721173704696627
-0.0982416748799961 0.220614761105151 -0.0160406336556212 0.0738787719211039
-0.0219741936753907 0.196965684539471 0.181795460886311 -0.131926583474936
-0.0140434388805382 0.0404573593675375 0.392466604245081 -0.0530285719453328
-0.114996895777088 -0.220005738407239 0.366188925305923 0.378616695461285
-0.10279478523186 -0.314460454932526 0.00861411951808767 0.779251098523465
0.0722565580501341 -0.310512169450488 -0.474172146167109 0.707415989607279
0.266857606795095 -0.169283965584345 -0.491089037534461 0.252734039545148
0.314206531539688 -0.111098485393197 -0.0884400985976447 0.0849408955787241
0.26190115426765 -0.141091975581265 0.37266934457499 -0.195080436182893
0.0943911504556944 -0.252641226135236 0.349227053849645 -0.617338704641427
-0.0883194224366079 -0.295652787031004 -0.145645588865603 -0.776131342601463
-0.104053172814648 -0.218815522952621 -0.557100801077993 -0.405889346557506
-0.00272150031598572 -0.0375221807881755 -0.495627335410547 0.00943565579862031
-0.022665002890913 0.127260627369483 -0.179616670095384 0.171811519744969
-0.0672807593361698 0.186233785507786 0.0414121223228137 0.0448783043898456
0.0422031228574324 -0.224339403682473 -0.0700061284891788 0.0280406218845085
0.0148837354504698 -0.180279709080736 0.0606047109003545 -0.177179793631493
0.0427628010543401 -0.0313715114367511 0.320153391864994 -0.119371342424075
0.0927692399963573 0.205312998222276 0.527987914882861 0.220274338954159
0.0922946868903058 0.30623056042991 0.334159630744133 0.653594798687333
-0.0839820910646128 0.270716616667527 -0.152288780012879 0.71427843387283
-0.29996741386041 0.175161696080254 -0.385133996942308 0.352239583930325
-0.373847961286871 0.099286456879879 -0.0892670803698028 0.097326423350753
-0.375985824338198 0.138257800102511 0.4303989404857 -0.10980462484079
-0.188635404584975 0.259323421541879 0.584293860977328 -0.50570402240457
0.0181778828514468 0.356563856789876 0.212444622933309 -0.80998710677925
0.11376539234602 0.271906439601093 -0.3507767492945 -0.498373209185411
0.0660378254034905 0.00416241696343863 -0.457002807615251 -0.0270277714212549
0.040450265490719 -0.163132897873508 -0.222240753347026 0.0922932654133679
0.0700856582593065 -0.217407893403732 0.03826324297564 -0.0415858201662807
0.031336417310771 -0.206086354238432 -0.0834434453836543 0.0742608303140133
0.0171205992593071 -0.178220412897982 0.00286689885110227 -0.193779310984198
0.0381858404708693 -0.0849266569555079 0.19200918233775 -0.187685553335426
0.0750793468188146 0.119307767169783 0.466201294475397 0.132276849868895
0.0862191648046266 0.238277560600056 0.43487516835084 0.596212388504455
-0.0505211348083375 0.244268792806558 -0.0248989464153925 0.775698435848159
-0.246125170394924 0.173652521411371 -0.412671923718161 0.459003454356752
-0.325232705902125 0.0802576404916388 -0.229815487210452 0.136449385899115
-0.353177630744229 0.0781856195103988 0.315576723125906 -0.0413175709743757
-0.223587612166686 0.188030599916973 0.630752434430903 -0.367561842381231
-0.0521275456972961 0.314838154025421 0.408826331944993 -0.76918764349655
0.0827409018577606 0.278503048729106 -0.239483786311781 -0.609585500537447
0.0891481734683868 0.0393615750139905 -0.506260041164366 -0.134000187409781
0.0611876033729233 -0.121665192298594 -0.307567270460014 0.0614521755620075
0.0717904086793749 -0.188230601144403 -0.00589465043535236 -0.00189497060245022
0.0133910214778991 -0.146585570961023 -0.0863167242344289 0.112508615578062
0.0212940099149662 -0.125118064318045 -0.0171685302853536 -0.19822516281481
0.0492672844824826 -0.0893620923782913 0.109803047724416 -0.243638515178753
0.0543556111938098 0.0430189353083817 0.394879267582737 0.0698119246412059
0.0439835933573699 0.145600006847206 0.472123120385149 0.559857488800768
-0.0520717769883428 0.166344647726112 0.0530278621280198 0.822598585236388
-0.179545391043193 0.123719823980199 -0.432641601734053 0.540341088949853
-0.230437594385708 0.0471424506711953 -0.339535501181023 0.1653201518171
-0.258521828037219 0.0340957112483787 0.209348023101684 -0.012589858539118
-0.181567809868616 0.112306369303746 0.624291607800344 -0.27755601509428
-0.079117975465308 0.226078009549211 0.525092247652501 -0.720238858387828
0.0448191206579132 0.21823313551883 -0.150565372911556 -0.680910985965261
0.0878799616395804 0.0357969763668699 -0.537747390806532 -0.221255848582049
0.0672137932509909 -0.0849060054869187 -0.375814620630169 0.0364479530891024
0.0595723703565521 -0.137140805915667 -0.0438457672135086 0.0344066382360429
-0.0122948597084839 -0.0610047220250839 -0.0786503539909871 0.140935330765616
0.0204080152087518 -0.0339850697609752 -0.00517055202054693 -0.194866120406604
0.0648950459971693 -0.0434146927908627 0.0882873675073365 -0.27488817851858
0.0344555747145739 -0.000859710900894924 0.356817796823012 0.0434006910000626
-0.0113677688304333 0.0490036073508643 0.46780419335311 0.553078202264659
-0.0751813460967963 0.0577853530663057 0.0658548169553921 0.855725123682095
-0.10743242694883 0.0381268949356733 -0.458091750493409 0.578818079770707
-0.105293646548657 0.00558777582316804 -0.400395595860518 0.179156909325913
-0.11503947274953 0.0160000490879391 0.150336516157667 -0.010755606875442
-0.0791394733848352 0.0528923313976844 0.602733457952374 -0.253539175755937
-0.0558404580560934 0.112161428226955 0.54853616875186 -0.70634003248393
0.0171780812707225 0.107732949032151 -0.132818998447388 -0.717728263656667
0.0701344329317599 -0.00418720576268707 -0.564560141321438 -0.268772041543542
0.0553120263418697 -0.0573496838269131 -0.412249161709546 0.0270725154437835
0.0346939505136527 -0.0732898434326711 -0.0657800234127139 0.0618174531291876
-0.0398237034334148 0.0387736933889527 -0.0693274728346221 0.148619181464826
0.018116542463477 0.0693812084950846 0.0222144649862551 -0.187199653807238
0.0755080257041439 0.021500956085713 0.120949036611967 -0.275335685825985
0.00834588542662097 -0.0323629109488575 0.357267690965955 0.061129521815072
-0.0695550577564781 -0.046495907997846 0.428639537137106 0.585231463278777
-0.0948741501805649 -0.065730984539041 0.0050918420369686 0.873279339020651
-0.0239630005565196 -0.0591312885370466 -0.491764568540861 0.560437199613926
0.0338394589825097 -0.0378068957409847 -0.403428831649975 0.175994467745961
0.0407278754050656 0.00400316858883441 0.151975618387712 -0.0218948177866011
0.0365368549978742 -0.00567076129285794 0.580370300624128 -0.28653266294711
-0.0191557418502232 -0.013163310226272 0.477051575489324 -0.728386542780745
-0.00776839069506579 -0.0269449783352471 -0.202144868403959 -0.71203486036277
0.0431687613157687 -0.0589418051314643 -0.594125790901209 -0.258770466226711
0.0327225009872646 -0.0294583969194577 -0.411274768081527 0.0419055364357495
0.00379842523894864 -0.00224411237008456 -0.0650500244129824 0.078954776359652
-0.0638986109127057 0.129373945106415 -0.0560977185773961 0.13561793753647
0.0121431984974178 0.154181869161089 0.0604578595030681 -0.176147079353988
0.0662066778243768 0.0703378828485903 0.197037108499698 -0.23683063361063
-0.0351947776073449 -0.0741584528409007 0.383948902248344 0.128920583721307
-0.117774313508353 -0.143673005603113 0.348644064575077 0.649311755365696
-0.0855417913741666 -0.183278088283326 -0.116389520218231 0.865494265092634
0.0738732174878623 -0.138726873588474 -0.521503239719716 0.487796550557825
0.16165798180413 -0.0751213967635163 -0.343408823013664 0.157728209273106
0.168871817290151 -0.0277582019699112 0.208811305752371 -0.0489738908665966
0.115807475474227 -0.0845106254139594 0.544075870616966 -0.37591255478263
-0.0102514893544675 -0.141296231619443 0.311286224039349 -0.773237275055715
-0.0429003050132423 -0.147107432535021 -0.336840318816225 -0.652544280652497
0.0157900245689016 -0.0935979515553889 -0.609619864135696 -0.193997593895851
0.007925334347244 0.0102498221137459 -0.367561612600685 0.0808317402011319
-0.0273477191618157 0.0709362885227474 -0.0405174862594219 0.0837620595333478
-0.082675040729401 0.193513434866563 -0.0384124370035691 0.10783320560006
0.000465830825935654 0.197975764584179 0.112806126738709 -0.159558008703266
0.0337704314563345 0.0760803566798024 0.294173460561346 -0.161856185037161
-0.0843719094861222 -0.139682806022372 0.399722549357496 0.237726584252095
-0.136119775038859 -0.238773515398755 0.21322951170683 0.723559622952635
-0.0275843394046442 -0.272952140530417 -0.286729571654338 0.814767491530014
0.17760884849142 -0.179180323469062 -0.524149253277463 0.376458440488078
0.2591923602525 -0.101716198402352 -0.232390705117864 0.126584368936829
0.243884712324968 -0.0840686250904442 0.29209081162902 -0.106344094259677
0.129901994042017 -0.179419461542878 0.466122632761979 -0.495517580848016
-0.0435810647435675 -0.244966820213179 0.0811371928602706 -0.793747463974417
-0.0846599946801767 -0.215795459759983 -0.47818305964904 -0.539552136087333
-0.00279016862138089 -0.086825589600037 -0.581922758358405 -0.0918265135271321
-0.0107457715233899 0.0667090354691116 -0.284411309504432 0.129930312728055
-0.0502044038971681 0.136969547737381 -9.96208894132648E-05 0.072101151304615
-0.0951037350460571 0.221276043055924 -0.0154358398159038 0.0730439728487525
-0.0194128904358188 0.196752046165998 0.178863330974158 -0.134262711253502
-0.0143245162053921 0.0398041427643855 0.390665264314478 -0.0558966686164925
-0.118103259951916 -0.218085728758158 0.370346412997594 0.374830635053675
-0.105726292624677 -0.312937857465909 0.0175906562784247 0.776088600930399
0.070143415121497 -0.310016726954116 -0.464110597081844 0.71109755955155
0.264776920292315 -0.171158741399411 -0.486119659100437 0.257372616148318
0.312658047712576 -0.114282165590438 -0.0868831998854623 0.0860161595979973
0.259880275750859 -0.144038386006329 0.369411202912451 -0.198503465004217
0.0907567539148242 -0.254003632578695 0.340217527143382 -0.620230260606334
-0.0926711820876874 -0.293311836098844 -0.15647686775017 -0.770523242328529
-0.106967541213552 -0.216225856073334 -0.561573613771092 -0.396710658715475
-0.00415514785344986 -0.0370712378637559 -0.494084541551088 0.0157682197203478
-0.0218708341556366 0.126734605685562 -0.178683844616539 0.173800616881215
-0.0649657670647024 0.186564347032189 0.0425316348777291 0.04536380174823
0.0394331651031753 -0.223516043530059 -0.0696640836024954 0.0275866810518075
0.0134082724311591 -0.179191734837768 0.0580574263741844 -0.17758656358093
0.0425034827331486 -0.0319219356567454 0.31887424379088 -0.122048145243924
0.0956959326451063 0.203701929337141 0.529060867858366 0.215170448101376
0.0957540195374436 0.303138003261236 0.34008970719192 0.647038596033382
-0.0810942469129135 0.271053075166755 -0.144494769846375 0.713818292222836
-0.297015641685627 0.177817786716956 -0.381465687353754 0.354609848352236
-0.371442808787626 0.103451163267781 -0.0884308091448199 0.0987721335402301
-0.373148879773315 0.141810563971826 0.427523532960687 -0.114585872715623
-0.186188442972186 0.260615556651337 0.575539111840469 -0.508861211348988
0.0231205829036311 0.35542209373042 0.2005451061351 -0.811094823186974
0.117871121946421 0.269103759811746 -0.35659763623603 -0.491540767690629
0.0664973731296799 0.00344357677176151 -0.45575161766498 -0.0228914273875638
0.0384644770672747 -0.162893794992972 -0.222248290099968 0.0943496146298947
0.0667852556745677 -0.217345781471625 0.0373605294639793 -0.0406783538431013
0.0289889622044208 -0.205518073537592 -0.0823225345105252 0.0738821739702996
0.0156270584065428 -0.177458709922007 0.000311429010915584 -0.192280000375996
0.037419118135147 -0.0850798250172792 0.190186937142925 -0.188919548634475
0.0771466117576061 0.117528321261709 0.466206049338886 0.126458112917727
0.0892700856974578 0.236547169654888 0.441515898795667 0.589976848294637
-0.0478197258752514 0.244512328005277 -0.0161275751682444 0.773260162352732
-0.243466974517906 0.176772476740841 -0.4067218516016 0.461541453684726
-0.322613392164515 0.083746256849338 -0.228207141164265 0.139688540450194
-0.35104005918653 0.0817150960082383 0.312730442437214 -0.0434550515826751
-0.221421155484704 0.189243943131214 0.622594424702526 -0.372427768010737
-0.0489370496030481 0.314337252307195 0.397921063707115 -0.772512312659972
0.0861859556280227 0.276415096333614 -0.243745012942245 -0.604692098509738
0.089424950210942 0.0381887482428254 -0.507803997318468 -0.128856851987708
0.0598434962311755 -0.121435985671349 -0.307145413305376 0.0639605908371248
0.0687951601541276 -0.188049506828279 -0.00641775501516471 -0.000370326987470579
0.012070692477257 -0.146399290173295 -0.0846982255633049 0.112752813599285
0.0196090723663492 -0.124235561563642 -0.0195852367697828 -0.19683238299912
0.0478720142102819 -0.0891220426462873 0.106422972544084 -0.243412064817097
0.0544691075403619 0.0429044114467438 0.395350892643263 0.0658786501819445
0.046659444409995 0.144325069204107 0.477251180100078 0.551800817511216
-0.0499646049123919 0.166944044335853 0.0621558442859666 0.818075955245532
-0.177674010373304 0.126040348867091 -0.426251123996606 0.543533439246756
-0.22892371839953 0.0490874543515855 -0.337002846549001 0.169679295216301
-0.257599898806003 0.0374001249534828 0.207955814775975 -0.0134283776434334
-0.179539951205316 0.11313373877131 0.618650721626095 -0.282738338195035
-0.0757217168474238 0.224907782430108 0.514113078621378 -0.725283272999376
0.0471435769665537 0.217166521243831 -0.159737856038467 -0.677822661142157
0.0883469997102983 0.0350413165639278 -0.537772420552129 -0.215234609614357
0.0662769314345777 -0.0856984642079358 -0.376058881679545 0.0407719103374532
0.057043286922532 -0.137434136110332 -0.0430480252285358 0.035712717793435
-0.0129960800509822 -0.0604769803016275 -0.0773863453787015 0.140534963065166
0.0207429499518145 -0.033773201680423 -0.00789011373524135 -0.193916201614118
0.0641994907380573 -0.0440826265168477 0.0852507412921044 -0.274292736090666
0.0341980377763913 -0.00115582174347154 0.357624321190918 0.0386859650044832
-0.00983364289849988 0.0483994733363121 0.472534985257063 0.546457532881164
-0.0738664757564472 0.057873668918489 0.0756394700878184 0.851109298250846
-0.106726898901953 0.038470101779673 -0.451916458193018 0.582839253179611
-0.104155938757499 0.00680964104759169 -0.398326599406313 0.183693061455856
-0.114055472470373 0.0178800930361915 0.148829308295121 -0.0123038437957529
-0.0787004454896693 0.0530599052145606 0.597533756142913 -0.258968415609988
-0.0543877485838591 0.112064131854911 0.538242331003358 -0.71101511678378
0.0189076887520314 0.106989835517343 -0.142614173807174 -0.713520403667529
0.0700706412223491 -0.00476701270352594 -0.566486463341586 -0.262122169000378
0.0542979888123111 -0.0578623527280463 -0.41197897710504 0.0314950029643528
0.0334913226224687 -0.0740127553913949 -0.0656489809283115 0.0637554684503852
-0.0389926213894805 0.0392318604655019 -0.0671658675020059 0.147261452595509
0.018485162767371 0.0689880972455045 0.0198927203566615 -0.186932304464165
0.0748498015647409 0.0215491591536427 0.118283923576147 -0.275036427844082
0.00778257614726005 -0.0319304142497931 0.358439090461611 0.0556407053429682
-0.0701124056374297 -0.0452982350319484 0.433240384428079 0.578432208382802
-0.0951412502965507 -0.0644503811311445 0.016223837408637 0.87086300546537
-0.0237995319163162 -0.0587888693825019 -0.484528022581417 0.563687532282986
0.0332014872914403 -0.038099673566556 -0.399717816580563 0.180803788131486
0.0407905467985032 0.00403041222374253 0.15049347347609 -0.0227170576509706
0.0362981136549651 -0.00603878633340436 0.574695996307878 -0.292383339975188
-0.0187249303420066 -0.0125409002818088 0.465890511541807 -0.732026148772989
-0.00769580314914158 -0.0261593376495543 -0.209948045404566 -0.70788298502783
0.0428295448078439 -0.0587392192379165 -0.596163453698806 -0.252848276417054
0.0315353222254957 -0.0301611462019364 -0.411611601236386 0.0467183394955282
0.00343268504492536 -0.00249532315526536 -0.0643194035434932 0.08059828939562
-0.0616825825946411 0.129862626162481 -0.053680973451757 0.13464738514721
0.0131484675499062 0.153248812555134 0.0579640576780365 -0.176701250357066
0.0665095028065236 0.0698459423174532 0.194207310754503 -0.238149257457085
-0.036421728569736 -0.0727906619210098 0.384937338696835 0.123691177476336
-0.119769888456416 -0.141559025527594 0.354359615178533 0.64235152655078
-0.0868316704665601 -0.181547497273599 -0.105622942845663 0.86452841303682
0.0726574131441132 -0.139180985946122 -0.514556750954928 0.490704540388416
0.161127918051917 -0.0762784128310639 -0.340733914699755 0.160758476167515
0.168061361004926 -0.0294714323184971 0.207014657680492 -0.0501873016061367
0.114204499970849 -0.0857124397200899 0.537273363068091 -0.380208045245232
-0.0118659552766885 -0.140457371239123 0.299564260284057 -0.774479896156775
-0.044894426187275 -0.14556546757242 -0.345832961721066 -0.646242655352356
0.0137184552307068 -0.0938052200778713 -0.610661148248647 -0.185457884246493
0.00649870147839711 0.00981972405071293 -0.3672208491041 0.0849270808665316
-0.0259511439171115 0.070760459843373 -0.0397575951663873 0.0848337020553716
-0.0797354247099194 0.194350768766018 -0.0371086812563155 0.106482365118611
0.00252684312593144 0.196174602313536 0.109637521703018 -0.160067538005439
0.0331909762815107 0.0741762364013795 0.291260940258571 -0.163413978611452
-0.087668094155468 -0.137972570295887 0.401930846522489 0.234605566252261
-0.138282684008088 -0.237118240724222 0.220899601766924 0.719738040024845
-0.0306790859463424 -0.271735852129671 -0.275653357608564 0.814368288182846
0.175405263336473 -0.179795767371631 -0.517730857344018 0.381412234209781
0.257964104606424 -0.104168211733844 -0.230290475525565 0.129256897725289
0.242249269803724 -0.0869717796936026 0.289007915343725 -0.108401325521484
0.127120212455127 -0.181318169666996 0.457368507793326 -0.499551722729078
-0.0470236638351035 -0.244268562383004 0.0698991407497092 -0.792385182926443
-0.0865103353919401 -0.213052533816612 -0.483673693955403 -0.531358715375124
-0.00419185621688424 -0.0867922590283249 -0.583298361869785 -0.0849911115715941
-0.0109506291963233 0.0664297191888522 -0.282516506143084 0.132956176255484
-0.0487696116551101 0.137498648162473 -7.58903672349194E-05 0.0736121850978316
-0.0921330958816283 0.221059802819937 -0.0149493404877993 0.0713273419191262
-0.0182189465037965 0.195332389205706 0.176972384127273 -0.1365738276729
-0.0145757089814834 0.0397766132548811 0.389131123017297 -0.0596330235602239
-0.121093615035222 -0.215113151956231 0.374466849476897 0.368609265516347
-0.108891945804543 -0.310770766113269 0.0273455191933854 0.774657175568504
0.0667139798915267 -0.309474873510107 -0.453139434889012 0.713875350668953
0.262364173349529 -0.173049144826356 -0.480647364174645 0.260786363715043
0.311389080722246 -0.117241093850102 -0.0849054691834078 0.086748238871923
0.257960895291427 -0.146591800736957 0.365170058432962 -0.201957151309467
0.0883983036570878 -0.254121379120194 0.332961333098155 -0.622403771301066
-0.0956520425402347 -0.291426368240243 -0.165440074232112 -0.768635789227624
-0.108857251396233 -0.21366722623936 -0.565244157390041 -0.388580165311571
-0.00508466317115488 -0.037542643405707 -0.494693164425529 0.0215140837694689
-0.0216808446638934 0.12594414085369 -0.17692898426482 0.174291729027994
-0.0624469466752286 0.186146141440182 0.0424339854111185 0.0449149769667391
0.0365864681846291 -0.222942712560032 -0.069536815955425 0.0284957676739131
0.0129275314328425 -0.177997568496612 0.0558814907440682 -0.176759361944008
0.0425068013080327 -0.0320035499017109 0.317797182819052 -0.124654381731113
0.0983980055313613 0.201952623725384 0.531206224048944 0.207945453954148
0.100010903878772 0.299983896562043 0.345525657738054 0.642014946414181
-0.0780025882483439 0.271005640697185 -0.135265582535063 0.712215121541236
-0.294171632343999 0.181692771927275 -0.37626231769335 0.358343472965673
-0.368648974645469 0.107204691462285 -0.0874955747022851 0.100578909111266
-0.370832491267717 0.14599773573708 0.42481240820866 -0.116682694896052
-0.182650408526817 0.26215577669606 0.568431579516314 -0.512865245138318
0.0265356776986906 0.352827107237412 0.191012424559357 -0.810714034606001
0.121688266506457 0.266493952591351 -0.359856339078896 -0.486047757399245
0.0669464654239718 0.00215961669251017 -0.454511140901507 -0.018117209764391
0.0371528732910417 -0.161727477426776 -0.220461298315499 0.0961791280247766
0.0639855138069895 -0.217531234148159 0.0369620386401455 -0.039819266503804
0.0267542793912796 -0.205241807293825 -0.081872729143704 0.073739845902185
0.0140391266650601 -0.176347695770358 -0.00172789272535871 -0.191808607438653
0.0376832355407291 -0.0843358221400434 0.188490874986621 -0.189651849582178
0.078279355245565 0.116783408226734 0.467512261635547 0.120602587433429
0.0913558579732805 0.233745120008496 0.446330133334684 0.582875542414108
-0.0451288869678544 0.244455142274163 -0.00763340907432423 0.772191555293119
-0.241445814488692 0.179439004809549 -0.399924675054213 0.463951332039027
-0.320415407945173 0.0870867442800482 -0.226131730727356 0.14223509670263
-0.348925434979206 0.0853682312512421 0.311336379408081 -0.0461099082189076
-0.219186888556625 0.190839181645878 0.616493833336849 -0.377475709089075
-0.0444402602768719 0.313454827920742 0.388075595107992 -0.772713840649207
0.0893167857775757 0.274293814920114 -0.249827588231626 -0.599762534009677
0.089623563289274 0.0366977139995624 -0.506846909993235 -0.124417978124679
0.0586746542029563 -0.121738597970704 -0.305796343751168 0.0672697042840744
0.0662304012201485 -0.187851421344974 -0.00621670225129321 0.000291343577525824
0.0103457084841415 -0.145557383617313 -0.0836031079785342 0.112290867543919
0.0193795759849364 -0.123233845259608 -0.0217219753244805 -0.195321597144162
0.0472589653917882 -0.0894109634397531 0.104835466848096 -0.243067416671263
0.054618241562192 0.0431051661780248 0.395844693960543 0.0605921779493108
0.0477596887633865 0.142466358940252 0.480560382387758 0.54591063489028
-0.0479252754689735 0.16591516822734 0.0709600949417614 0.814178659421697
-0.175155796971649 0.127204254352951 -0.418751243630985 0.544816088926148
-0.227547311601237 0.0522042946990911 -0.334299789846019 0.173097759586151
-0.256421961840396 0.0399845269164875 0.206483975961087 -0.0143851730489515
-0.177801799596786 0.114594657238853 0.612714219862718 -0.287352678924742
-0.0738034841387379 0.224580499829493 0.503230424811998 -0.726116599368315
0.0512644498194781 0.214871512117321 -0.166445430249283 -0.673104429003647
0.0882044389840015 0.0331640716307942 -0.538415922021289 -0.207991625209763
0.0651413191085856 -0.0861284702313498 -0.375207810706506 0.0445674945086874
0.0552013851826124 -0.137463500088964 -0.0427976866986419 0.0370192556684643
-0.0125957598733857 -0.0599166456391417 -0.0755027967097175 0.139322917793724
0.020109415344532 -0.0338465619686337 -0.0106348663277085 -0.192605475692721
0.0630134154337943 -0.0441135383000459 0.083280113137698 -0.273340379258062
0.0343277659788212 -0.000770423409444145 0.357488708662785 0.0347518363469851
-0.00934801736428746 0.0484758215327777 0.477626903004168 0.538927400637507
-0.0730639082072759 0.0588170451484514 0.085070475217792 0.848108764887756
-0.105237100887821 0.0401247516860827 -0.444172909498613 0.58587808817321
-0.103277693402957 0.00838082699576329 -0.393438508072959 0.187173445191079
-0.113784868068326 0.0184896323601941 0.147159543036809 -0.0123174549182448
-0.0782284028662367 0.0528088007318602 0.591520914945793 -0.264215251767296
-0.0533692385119442 0.112199274704327 0.527884662236124 -0.714671587752108
0.021068769271293 0.10643247163321 -0.149583954726211 -0.709641529733388
0.0699517642936316 -0.00560389279543259 -0.567654440290897 -0.254941606111339
0.0530021633609062 -0.0580437013085528 -0.41037159208658 0.0362494955743367
0.0328514445645527 -0.0743631045249777 -0.0641489577648634 0.06531691726511
-0.0379098357668465 0.0396186712190186 -0.0650224090748657 0.145883555660114
0.0192254221931998 0.0682928755764299 0.0156979682618996 -0.186591654157205
0.0744737639578132 0.0211964876891052 0.116508434246202 -0.274984331234809
0.00639203317825027 -0.0308654673355353 0.359027622896732 0.051959075970017
-0.0689756383328514 -0.0440071284423116 0.438533376263055 0.569708790883292
-0.0954360289778119 -0.0624786300688873 0.0241023271143465 0.867056529704639
-0.0235687346647659 -0.058428926910942 -0.477405011398762 0.567155676675119
0.0330718461349494 -0.0375070889582954 -0.395954153179312 0.184792503103078
0.040426793970667 0.00354031850801978 0.148962736680304 -0.0234324763112633
0.0356847130598671 -0.00680674604672442 0.569576208034372 -0.296469546210704
-0.01911502845214 -0.0125503278228382 0.455191226391521 -0.734697222970758
-0.0072508075637162 -0.0262161308310787 -0.216889922856907 -0.70203693909113
0.0420769156774521 -0.0591963361275511 -0.596664263711137 -0.245609288493526
0.0305713251192034 -0.030756266774636 -0.410955752496042 0.050788873494849
0.00393128234566024 -0.00257760920056938 -0.063331538703434 0.0815552769587092
-0.0590757284548501 0.130167288479587 -0.052329491575923 0.132487933738145
0.0151059291610586 0.152016683191863 0.055201309414642 -0.176988287213777
0.0657664176890015 0.0687812008679803 0.191785355449482 -0.237818322291193
-0.0376405281360967 -0.0714439908718532 0.385253590246765 0.118902471746196
-0.119812737420068 -0.139443870282611 0.36139890026174 0.635571170397212
-0.0872275949389354 -0.179241544980816 -0.0972280862877638 0.860437307795431
0.0714105450359265 -0.139095233140367 -0.5062325167982 0.495595898906118
0.159991367651984 -0.0778118115490158 -0.337525946307444 0.164289116899862
0.167654888313401 -0.031124846356096 0.204427925034156 -0.0511607371357032
0.112771301186639 -0.0877801387908459 0.530018624589727 -0.383383463987617
-0.0129191640401737 -0.139343957367904 0.289385686617935 -0.774431228813317
-0.0461351048463734 -0.144005664709989 -0.350125294758712 -0.640416592593369
0.0130293066846777 -0.0939238876939295 -0.610773235287776 -0.179675336109661
0.00621079476850244 0.00976804682250086 -0.366081938054097 0.0884151736648842
-0.0251887331491017 0.0699977867799495 -0.0386418816662921 0.0853904181805866
-0.0764474613153405 0.194231506222802 -0.0360223632497519 0.104202755020827
0.0040956766434777 0.195766057168268 0.107211110695012 -0.161373931915227
0.0332943238119225 0.0741823598893132 0.289074337817508 -0.165082764463618
-0.0892501838369375 -0.135052334609202 0.403607804328803 0.228835398072279
-0.139403665726757 -0.234476113703519 0.227729029513085 0.71530898190543
-0.0323214345964922 -0.269640457812309 -0.265567943243336 0.812335686329513
0.173797076939301 -0.181289719852644 -0.512067764617408 0.384836143025272
0.256939558681619 -0.106377556352571 -0.227795630000609 0.131129210263303
0.241751346600295 -0.0886050243239749 0.286170373195441 -0.110398103199995
0.125035032696605 -0.181491838881916 0.450335606691085 -0.502209194803838
-0.048855676091789 -0.241721115007487 0.0607621571983221 -0.791650255119923
-0.0893068313401734 -0.210823079325968 -0.489052197082113 -0.52491584355121
-0.00544509534634571 -0.0870000338620594 -0.583457681782259 -0.0777573239063299
-0.0114729000779553 0.0654978200947016 -0.280673833773536 0.135612707958142
-0.0465280910705061 0.137214982873242 0.000710946219670236 0.0734759253746551
-0.0885673709091978 0.221028376276974 -0.0140414471971475 0.0696487858217575
-0.0170077979056538 0.194142888086106 0.17406347780652 -0.137447365158403
-0.0150855851270689 0.0397698042012225 0.387880824798224 -0.0628325085340623
-0.124221956504079 -0.211691011360149 0.379400132184371 0.364140748283821
-0.111519606355484 -0.307374208020234 0.0351343626549888 0.772223264205657
0.0636794696144757 -0.308662014942371 -0.444149536733887 0.714352162805483
0.259892986845118 -0.174661924456005 -0.475197208122798 0.26419467081564
0.309238867727312 -0.119771963583436 -0.0841142481382196 0.0876712493578704
0.255509300084993 -0.149055771646475 0.360305344789126 -0.204826247169923
0.0846023679713989 -0.254337815386169 0.325018706319046 -0.623245870295038
-0.0982066818056943 -0.288995569952892 -0.173067711170575 -0.763778747987567
-0.11185139662381 -0.210551532165214 -0.56855253128544 -0.382018727506715
-0.005772002788839 -0.0380525232340323 -0.492951121971441 0.0285282916849292
-0.0215115890165807 0.125316739545569 -0.17450271655834 0.17608703808854
-0.0600750162767732 0.185189535179167 0.0424708047791093 0.0449078869264365
-0.0382629230926718 -0.226288223360476 -0.0517951461000078 0.054462602607537
-0.0478556171396837 -0.175772845781146 0.00532707883592918 -0.17961318344044
0.030858660908648 -0.0478312616285353 0.265183186115118 -0.213030883200057
0.165241908241999 0.156256180945599 0.558185398539234 0.0352210977055337
0.194033572799713 0.256279456550772 0.511997139782192 0.504367750832373
0.00914955858846683 0.287367031696748 0.0888042553017499 0.711495709743079
-0.228213584991303 0.271698172749655 -0.230414153645574 0.452331017892521
-0.311930949608355 0.21220650912116 -0.0488605482744047 0.114663032924363
-0.302182912510799 0.251462128359064 0.363248443209949 -0.245978382462169
-0.095068803104291 0.302668944344856 0.381468723112882 -0.661485888765284
0.136710735586565 0.32322958174317 -0.0796289218153628 -0.823697755963188
0.198988197167017 0.21476415114792 -0.490792628595755 -0.354270167710583
0.0635488241435258 -0.0171145961564818 -0.437530077058019 0.121002583173592
-0.0125445344832807 -0.165048745580312 -0.184311851440248 0.158505533085473
-0.00467739746983635 -0.226094541815871 0.0168623074537449 -0.0447463955505591
-0.0418490818960012 -0.2049453384599 -0.0501047495678255 0.100728552051902
-0.0471072429709783 -0.174266183043121 -0.0540393489199523 -0.175532826586426
0.00676697156495402 -0.0948801519119627 0.12522951270846 -0.233948367977826
0.11719199406245 0.082669079617957 0.475930091014452 -0.027372928234575
0.166370920647454 0.195086306859626 0.591193355913203 0.418071338044449
0.0326637201153044 0.253034723190921 0.23070825244508 0.725816174678752
-0.176676258419934 0.253181149420343 -0.22082204146798 0.561259170341816
-0.273878898216247 0.179658725134735 -0.165731588834939 0.200136750349389
-0.300108589838892 0.187778894722058 0.278681678619339 -0.142985162234946
-0.150772820372499 0.246188484612665 0.469114990017024 -0.54745699393752
0.0576192024655073 0.308681223050623 0.118387675175215 -0.852134133347092
0.170950566833764 0.230895896042888 -0.420968075196423 -0.494029116028925
0.0957526071478712 0.00843768021933 -0.51807499509895 0.036821531147316
0.0208112332662105 -0.1334563275078 -0.272888488516144 0.155554543796835
0.00718787905974414 -0.199566209554835 -0.0117546139212498 0.00506976801605351
-0.0379386503555587 -0.142556818505356 -0.041018931821785 0.13592852549111
-0.0242798732436788 -0.125359123976923 -0.0760717748227406 -0.174127480069231
0.014142320488961 -0.102068213843517 0.0301994007480296 -0.258172574687054
0.0691931105794432 0.02214362025793 0.394553281746158 -0.0635229453551378
0.0968910596717004 0.123210980481566 0.617006243725681 0.37034314002135
0.0078523535235359 0.181140706011682 0.319234212886857 0.744042314725593
-0.130813955299127 0.182424145677693 -0.214106621353291 0.64756761773213
-0.197788124294802 0.118557673915512 -0.256764547425119 0.265396100290859
-0.227164509834613 0.11667442897698 0.189460530070527 -0.079437715315887
-0.135310265031741 0.161293649476419 0.492134426815495 -0.459518247233148
0.00229403251894621 0.234117078966172 0.243232370567509 -0.842360548048583
0.115852462585884 0.188162480391204 -0.362078834578865 -0.588761942938438
0.0927578665924689 0.00568007578887253 -0.574258750977602 -0.0339795818159161
0.0380736290011321 -0.101839363027322 -0.344528016610632 0.154794865536409
0.0123642403933025 -0.148033565675689 -0.033634001414208 0.0486475869354383
-0.0317415095640055 -0.0521122268337162 -0.0270639511097576 0.156255843141404
0.00653800936415042 -0.0397218911158142 -0.0689022693187938 -0.177306487852385
0.0435020272094416 -0.0642392511110447 -0.00338910591578558 -0.280750525227834
0.0342647744296271 -0.0122286330730602 0.353086335436783 -0.0772857203314066
0.0136173552092013 0.0528462066176398 0.614470625634111 0.363773896424525
-0.0484824822460267 0.0883484679619965 0.346767257158723 0.769499319849618
-0.0912491472404214 0.0772165397974211 -0.226754265613445 0.696226886452506
-0.0948563730376632 0.0413224790118424 -0.3082734479348 0.30111527908447
-0.10018512904495 0.0529179404765375 0.135015894542052 -0.0573801576966832
-0.0598324840162944 0.073059436773682 0.479157778971647 -0.428200069278527
-0.0134972458336694 0.122855458498271 0.27198696372557 -0.834758829748657
0.0531068139485492 0.0950082749861566 -0.355421930697994 -0.624463491203637
0.0629425800172079 -0.0248035897790554 -0.616319864023633 -0.0687585258095511
0.0352726814920914 -0.0722256283442508 -0.38057327979788 0.157457343324106
0.00909604333784888 -0.0812417012424164 -0.0445182484242915 0.0808988892138145
-0.0222089244093918 0.0513663396019436 -0.0180069436442296 0.156358529073753
0.0405292224519845 0.0577608339063558 -0.045482804967937 -0.184028368012592
0.0757511571919557 -0.00631988636867838 0.0234270928447489 -0.292766998634592
-0.00232916120395995 -0.0300435918812082 0.361976649754755 -0.0618241949567841
-0.0731429917029643 -0.0144839151463782 0.59358697197416 0.406056286102806
-0.108322339603288 -0.0179373498207351 0.302546703821205 0.807529855867276
-0.0450389115334804 -0.0436931246142493 -0.265607617945843 0.693499044534464
0.0187356867352326 -0.0435783338590078 -0.312032299011805 0.302211535625847
0.0403310122404924 -0.00927467868626456 0.132843832742898 -0.066457234651042
0.0291792429689093 -0.0190846353301268 0.44680107570098 -0.449541571563251
-0.0197618007156817 -0.00527156656837041 0.198120587213016 -0.827794120691934
-0.0138057307584896 -0.021495906745972 -0.414984844140146 -0.596220449000027
0.0205084551190767 -0.0668122185340632 -0.640917636360622 -0.0490597540389943
0.0223181497816014 -0.0390441615040576 -0.375721408648427 0.171757778152117
0.00295285686831654 -0.00415193737998451 -0.0357513046308165 0.0954786899659895
-0.0133191789399982 0.146474815054298 -0.0121506266226955 0.136376459600681
0.0644372232231685 0.138190035378393 -0.00986707343719105 -0.189137350881825
0.0839982322258503 0.0405998379973912 0.103813605951109 -0.282641811746119
-0.0574008922933378 -0.0521246599943361 0.410847409100017 -0.00634124528275756
-0.151445543446005 -0.0870141542743844 0.545257645529249 0.491166195882995
-0.138603985322817 -0.129872276497294 0.188546833191058 0.842612265032798
0.0215512915349256 -0.151781827451754 -0.318726705027574 0.637620599302583
0.123503758510925 -0.119628026175734 -0.264624109827331 0.267949938574145
0.149137331251658 -0.0808113283002817 0.175856011914749 -0.108828488105767
0.0762047282187494 -0.117588717358712 0.384859659767532 -0.517167273359476
-0.0534158437707277 -0.126995057855828 0.0325683425500592 -0.812079712014122
-0.0857525450139299 -0.121232073402545 -0.522132350142621 -0.494310114033352
-0.0169766403285319 -0.0906903053933888 -0.634493446995417 0.020217746028474
0.011314586123736 0.00634422515471354 -0.320614458830748 0.193111907938998
-0.00288844871059291 0.0741827643696507 -0.00905265973813757 0.0910498535565266
-0.00846877954584349 0.21298954723115 -0.00792489177769855 0.102931533646726
0.0688185471272011 0.183147933066048 0.0428258694142848 -0.192437078893573
0.0550215501559511 0.0569159529126899 0.219831494165157 -0.245762284918157
-0.128080942044211 -0.0943642303247597 0.466951765884814 0.0903446076439643
-0.202045610589122 -0.168755551803512 0.448030410495894 0.605495607498739
-0.117177671003054 -0.231455000020032 0.0166798950243395 0.85455854795098
0.106024650559877 -0.225738668163333 -0.363001714833788 0.538603941114135
0.206848162552135 -0.17647662565637 -0.171718290735761 0.203514725419228
0.200075394925734 -0.157642306043738 0.235267799484676 -0.188071355553285
0.0592847661974188 -0.21080448487812 0.273260615331419 -0.603506541218783
-0.119157238388918 -0.212781257473952 -0.182699130411382 -0.75482148343627
-0.148011982725896 -0.171044371259354 -0.615336602972592 -0.342705965659664
-0.0320288359771981 -0.0783121622459772 -0.574974656283953 0.10749091689349
0.0109791775203072 0.0647071649799632 -0.225466305179617 0.211383680383425
-0.00416242533596527 0.144558474883733 0.0260732839900951 0.0675787650960499
-0.0115967572344478 0.243240826211052 0.00290560154140768 0.06091551497446
0.0489352577029553 0.188626912863156 0.114662855135639 -0.19134758056823
-0.00117547613398567 0.0398339315617967 0.347738501814636 -0.180490522368405
-0.186830761201054 -0.152977933054551 0.489682003532138 0.227245439882847
-0.199239419136146 -0.245199107377354 0.284896065789148 0.722688247117818
-0.0416133613513626 -0.299653009709295 -0.181395131371033 0.82339078631719
0.191168503664513 -0.247663277427216 -0.371224961157483 0.413552190035335
0.252833912950474 -0.204630207564448 -0.0506533051447317 0.116993996376649
0.19520150542419 -0.21953384712013 0.277028310824361 -0.298678699632264
-0.00137984865152353 -0.265743236037832 0.117687317469912 -0.680611168696716
-0.179995977770152 -0.241576989224492 -0.392982393374242 -0.657314233627497
-0.169423168442858 -0.164053702542085 -0.647387995185035 -0.184703122878292
-0.0179929657698184 -0.0327777552312792 -0.458591115650679 0.177641557443832
0.0196305995170365 0.123530262802896 -0.111812162287575 0.217634754695692
-0.00287983486860583 0.194763118172397 0.0589892170934355 0.0288432061581892
-0.0402458627762851 -0.225124132972704 -0.0509143684988532 0.0547107490212552
-0.0484708725792767 -0.174289052503958 0.00449751064608346 -0.177955661878999
0.0313484200713064 -0.0479098099548073 0.262696513045329 -0.214614559078615
0.16697825531838 0.154024109645507 0.556978615973147 0.0308660484257421
0.195666499824042 0.252132343958659 0.514530936138843 0.498634328287306
0.010721893008917 0.286606690832117 0.0943360538496453 0.706765392413383
-0.224695289296854 0.273152358241595 -0.227110875086017 0.452938607384331
-0.309733065554901 0.214161576699923 -0.0470977613989561 0.116105613910858
-0.298018296187513 0.252776824544155 0.359541524136232 -0.247571398514354
-0.0925099929586288 0.302620499299137 0.373382402598843 -0.661284762599529
0.138135033489343 0.320580258733703 -0.0866018325489358 -0.819353497278478
0.199954450426181 0.210518038403655 -0.491421101141407 -0.348710394344351
0.0631449711429172 -0.0180478595219437 -0.435013479358399 0.122922705452039
-0.012738107392673 -0.164525640449848 -0.183013684303427 0.159673148087989
-0.00643821016382873 -0.224432943802532 0.0166347605670205 -0.0434043978416603
-0.0433140030229404 -0.203535503266488 -0.0495471150133891 0.100464094148864
-0.0467575828163155 -0.172463083024798 -0.0550062814377303 -0.173971437316428
0.00697956545230655 -0.0943889601304853 0.124272233137476 -0.234190499827257
0.118403896113448 0.0811131780846266 0.474753979764441 -0.0317248434126301
0.168016823564326 0.192383955700105 0.592296230968707 0.411482785465156
0.0346263536326454 0.251290875702915 0.234287639721641 0.722865548190773
-0.173304459908691 0.254439701791206 -0.216587403670634 0.561000074482654
-0.271492573078289 0.180934695305815 -0.162544842236329 0.200894005845904
-0.297844099090961 0.189459863276423 0.275892772492094 -0.143104497023766
-0.148525788643995 0.246428934779852 0.462801236261547 -0.547769382167368
0.0593782794624773 0.306304063487359 0.110424080313366 -0.847644909741222
0.172344040415645 0.228408143805191 -0.422077829129323 -0.488830268055245
0.0952354670505447 0.00801181411890024 -0.516073443587853 0.0399673205794144
0.0203784351941716 -0.133032700360491 -0.2716197342525 0.157268672928651
0.00491784084074011 -0.198411904819322 -0.011214593915268 0.00628264138979039
-0.0387872205814665 -0.141420329553968 -0.0401756880394382 0.134997462857058
-0.0253169983837497 -0.123764096206979 -0.0772763802654071 -0.172379660018548
0.0139267255403451 -0.101115963656877 0.028771829965563 -0.257960666520222
0.0694604748672094 0.0211212159195199 0.392731194415512 -0.0668225974417747
0.0981470690746995 0.120861795864891 0.618158749041229 0.364618513948916
0.00891864120622929 0.180245571233458 0.323392772816022 0.738813139944597
-0.128400466559525 0.183331123500813 -0.208983860052104 0.648927877258189
-0.195551195761744 0.120574730746614 -0.253386837883151 0.267186908046025
-0.225244214477102 0.118539303173134 0.188626350647746 -0.0804146165694448
-0.134192446288977 0.161761573934153 0.486149604640244 -0.458979027522258
0.00408179166055914 0.233171353746726 0.234700301197933 -0.841233967598236
0.118112077531107 0.185617058425053 -0.364989396520078 -0.583395336876668
0.0923352258661675 0.00468182859093743 -0.572661064949954 -0.0294444365138197
0.0368863940631696 -0.101691137298315 -0.343038828932646 0.157890372008778
0.0105892600325681 -0.147210876957842 -0.032349332099738 0.0500710571111111
-0.0318526750669487 -0.0521521559724128 -0.0261663594249662 0.154650917962311
0.00654778564764208 -0.0390602952104094 -0.0698605675024511 -0.176601774060776
0.0429338674623146 -0.0638289369604305 -0.00388451528482385 -0.279572389067801
0.0343991147705288 -0.0116056187355202 0.352537498807363 -0.0792575398662224
0.0140373869067679 0.0526476913353916 0.617651422053416 0.358034212209792
-0.0478302863181119 0.0887076055116494 0.352919394877188 0.764152297807103
-0.0898473570705584 0.07782705007395 -0.220163743496932 0.695765732958987
-0.0942916299390557 0.0409073875148699 -0.304637453785981 0.30289500554713
-0.0987122068583137 0.0536537095154955 0.133278687388782 -0.0574217677500122
-0.059569258888772 0.0729552060204742 0.473208573018667 -0.428924295909125
-0.0125556412153463 0.122556160202516 0.263040465349027 -0.833901099043841
0.0541189115130805 0.094001709104974 -0.359219791341248 -0.61973209785805
0.0625206736888624 -0.0256661456716212 -0.614092082223851 -0.0630760564280571
0.0345307159716081 -0.0727779105337022 -0.378743506044623 0.159719852794104
0.00817989740373873 -0.0815811318158262 -0.0431421755875059 0.0816216082237595
-0.0209011306007192 0.0517814766942333 -0.0179836801995962 0.153772229184209
0.0405889893215356 0.057221097525971 -0.0470010635266991 -0.182491037324229
0.0751971547626805 -0.00637093977424708 0.0227018107366106 -0.291419353371572
-0.00247568377020314 -0.0285440371462047 0.36097123210303 -0.0645490891028321
-0.0730788323499659 -0.0138092210955697 0.594384667494585 0.400354465794539
-0.107404043732382 -0.0170691260846448 0.306306644729958 0.802627028765026
-0.0452042836180243 -0.0428081625831084 -0.258951299581418 0.693086211722065
0.0182927750222872 -0.0432984366336526 -0.307391431031518 0.304433831165272
0.0402077903430886 -0.00901819499774687 0.130582425190334 -0.0658119757664274
0.0282249925495402 -0.0195753828127209 0.441156820092445 -0.450824081490237
-0.0196610149351201 -0.00526096763085927 0.190702960734758 -0.827370161700635
-0.013923835958314 -0.021102738799304 -0.418162781558137 -0.588975192004759
0.0196905748996314 -0.0667862195369057 -0.639569121946028 -0.0434153541885512
0.0218884243758887 -0.0390771322254134 -0.373753831322127 0.174391528876823
0.00251711744341155 -0.00467378319125912 -0.0350431655289428 0.0959267110535633
-0.0113377921145009 0.145654763068609 -0.0122139589640342 0.134528775795516
0.0651462408965462 0.137241313360058 -0.0119077860018871 -0.18757598189768
0.0834360271703488 0.0407303883632946 0.102433377120326 -0.282220937157464
-0.0576968611611544 -0.0502678843145265 0.411541313836161 -0.0106983521593172
-0.151115021658587 -0.0851651607578079 0.547739049861031 0.485684616139627
-0.138715865812187 -0.128062608925998 0.19405952439407 0.83607846191018
0.0200462948761045 -0.151252221591304 -0.312985876695973 0.63669367996625
0.123341902918666 -0.119765835134473 -0.260168166088009 0.268597217531469
0.147731195099853 -0.0813821167322215 0.174242744705077 -0.108490658777181
0.0752370912467812 -0.118650493218416 0.377822247333638 -0.518126993199744
-0.0537423908272176 -0.125920097629942 0.026245647187828 -0.808736432438634
-0.0867527987280635 -0.119588860456196 -0.52326591208996 -0.489285024019339
-0.0179948522799785 -0.0899699077752146 -0.632582919474402 0.0257745925833428
0.0104829432277207 0.00595846627816505 -0.318912241273152 0.195199599136622
-0.0024897921550884 0.0727152796422022 -0.00838381569254531 0.0912076548850051
-0.00626412404116876 0.212320175652717 -0.00673975097869942 0.100807709447388
0.0694633040300866 0.181121148967141 0.0408829883638419 -0.191605484360856
0.0547740675905451 0.0557498260530883 0.218240353658248 -0.245980166980659
-0.128845987861769 -0.0912192822797215 0.467472317725456 0.0866288353445892
-0.20093963177158 -0.165844411026924 0.45117942660154 0.600538955668296
-0.117469500135094 -0.229818499848968 0.0234619421727288 0.850687745560373
0.104015975281438 -0.225107609525412 -0.356723861207593 0.538515394132507
0.205246811735069 -0.176735164486927 -0.168341753921904 0.203548525920275
0.198330893437041 -0.158597282061947 0.231882325330816 -0.188216292699506
0.0570245667772049 -0.210515640710545 0.265515538470076 -0.603094470650478
-0.120553938046212 -0.211017459658994 -0.189556084133542 -0.749958279683935
-0.148160125740828 -0.168929012957061 -0.616775500888667 -0.336300030045178
-0.0326439709486924 -0.0778597707691696 -0.572923785118609 0.111246979011389
0.010371099293984 0.0647001205537115 -0.22398427649202 0.213724174456805
-0.00312018859243318 0.143541394478135 0.0270029071081124 0.0684420101442653
-0.00930147837411968 0.242358347421338 0.00258703279738064 0.0597249539760338
0.0499265654841694 0.18703545775669 0.112619133983703 -0.192103109362603
-0.0010982012033827 0.0403758107243265 0.346831621452777 -0.182498989624809
-0.187729931517242 -0.150077582522758 0.490693217401906 0.222182929156241
-0.200087179943755 -0.242503018020332 0.289606885496867 0.717907968818104
-0.043053404045616 -0.298239262807528 -0.174062070948001 0.820533697869941
0.189258280657096 -0.247743364330395 -0.365663656735534 0.413593113099581
0.25052035774884 -0.206052556161288 -0.0494178622338855 0.116535159507371
0.192922457766773 -0.220474053969486 0.273688074399849 -0.300016262282446
-0.00368757163990871 -0.264999640159925 0.11356273185544 -0.676469018421342
-0.181537665072957 -0.239101504831486 -0.398963674189752 -0.651812876401504
-0.170141221696054 -0.161330196991653 -0.648575004013675 -0.17853114984132
-0.0182938897788066 -0.0321392984864069 -0.455836029761713 0.181009672317673
0.0200524091856578 0.122963240126677 -0.110801756541847 0.218117361784334
-0.000881023665016266 0.193653179338598 0.0594455007705361 0.0288804280238797
-0.0413118693369327 -0.223789359391302 -0.0520649466487137 0.054854767883904
-0.0489552972198078 -0.173377973255745 0.00385323119011349 -0.176544773754672
0.0311447383194986 -0.0484866225167081 0.261954722989873 -0.215902256112759
0.168095152724415 0.152012642754452 0.557275549016566 0.0263779930443016
0.196484872768215 0.250172541443573 0.516755833859479 0.494298529164734
0.0127537497804982 0.285004844283942 0.0997674582529963 0.705897856841113
-0.22195894327847 0.274885382247338 -0.222764642056995 0.453468722786582
-0.306421282125146 0.215929137371454 -0.0465575245653771 0.116698905200559
-0.295534483931863 0.254072409736678 0.35715008228833 -0.247834854123073
-0.0905850976691008 0.302412427282737 0.368519829020425 -0.660911341883375
0.13926860495794 0.318243441509635 -0.0926690949520697 -0.815795095151949
0.201013411808703 0.207227936227232 -0.49340853336409 -0.344336098856475
0.0631597857252525 -0.0184901014172432 -0.43341513772854 0.125006178068384
-0.0133745317909041 -0.163459631696805 -0.182550626685878 0.160772281990111
-0.00805934570242507 -0.223584993627876 0.0164498306499269 -0.0427063828864928
-0.0444342014031928 -0.202586559783583 -0.0493531111515261 0.0998867941824137
-0.0472775194626949 -0.171817093540665 -0.0559486660573904 -0.172185332330526
0.00680889019754436 -0.0939801378764694 0.12333827517809 -0.234649128628455
0.118686050382897 0.0799544936691945 0.473768664027634 -0.0362802149297669
0.168286801956223 0.189807136945512 0.593535935128059 0.407926163277324
0.0365301760226958 0.250129371174321 0.238327329471304 0.718704267805958
-0.171406340943835 0.255688313836693 -0.21164888296062 0.561864448830427
-0.268984609322973 0.182319438198062 -0.160785161674465 0.202814023975097
-0.295244142352078 0.190830838944405 0.27414897388008 -0.144034092500048
-0.146806674869906 0.246685156628614 0.455428930696825 -0.547613239161398
0.0613053581816693 0.305157897728717 0.103626611088755 -0.846577387068865
0.174389559048115 0.226068571525781 -0.425053639736442 -0.485899264307478
0.0955596758943806 0.00678214109658984 -0.515432296947681 0.0423453933159236
0.0199388265382903 -0.132834055767311 -0.270803500487684 0.159442771219505
0.00355030318692057 -0.198057210448045 -0.0111095789153372 0.00719662825351707
-0.0390031876041451 -0.140644116685562 -0.039985314277907 0.134116295731502
-0.0250986696036499 -0.123223552741027 -0.0780428619858494 -0.170831141372927
0.0131527639271214 -0.10087577657464 0.0285728077494941 -0.256560497606326
0.0704265878644833 0.021522401776192 0.392979101739057 -0.0705859834870643
0.0987603629584161 0.119907140330304 0.618935639335168 0.359496485619798
0.0109129604501307 0.179664192283586 0.32775407364808 0.733376917972061
-0.12695159348554 0.184392520224014 -0.204033715489589 0.648272640641241
-0.194142348720195 0.120939134222314 -0.250261315284394 0.267808859401843
-0.223429007992665 0.119089366312973 0.18653147350645 -0.0801348675792806
-0.133084778924501 0.161483206354307 0.482330511052686 -0.459666250068669
0.00596627695046968 0.232650920418657 0.227365516259363 -0.840014496004506
0.118714700406137 0.18384862738081 -0.368156815546421 -0.579697750853054
0.0920943375224544 0.00452260132885559 -0.571280683127544 -0.0249420948638193
0.0368437763163746 -0.101712063972365 -0.341462176560338 0.16024075899463
0.00950352302568845 -0.146662119956543 -0.0321969975737787 0.0507268046892803
-0.0317625161451124 -0.0514271778201125 -0.0264875311673852 0.153957292117563
0.0066797387474764 -0.038797608105874 -0.0710237757051391 -0.175331642608615
0.0429547761823314 -0.0637694643937406 -0.0045655596504053 -0.278272136305922
0.0344855909977973 -0.0108785223953858 0.351516671216909 -0.0813501926472867
0.0150107121441063 0.052095241685188 0.617569899824764 0.353263162628453
-0.0463158788499214 0.0888610074037458 0.354916985036601 0.760735760094145
-0.0891791867999446 0.0787413109425485 -0.214696978265296 0.694793379662696
-0.0934216363908591 0.0419592148408917 -0.301866145090737 0.304707525099015
-0.0981524373150868 0.0544557748120549 0.132496758380518 -0.0572784871334268
-0.0589847249542211 0.0733382628955399 0.468531829046972 -0.42829338063092
-0.0114236406829374 0.122000637653663 0.257455743097703 -0.831481222723442
0.0556258232804362 0.0929110760958499 -0.363027765132132 -0.615688777622081
0.0623011376481948 -0.0261000335163585 -0.61336818040478 -0.0587544868651514
0.0337006343281713 -0.0720062993816304 -0.377376858535265 0.163625893737996
0.0073381388976788 -0.0804917244850989 -0.0418397720713648 0.0824522013289779
-0.02075370649268 0.0513889020106444 -0.0174938593800426 0.153146916768357
0.0411534793808219 0.0567256095803126 -0.0494638089858326 -0.181483731969032
0.0743817994293764 -0.00653254184758967 0.0225147471897184 -0.291221424895598
-0.00273753557358124 -0.0274886574379009 0.360355811748066 -0.0673786046690667
-0.0724893391109755 -0.012914355853839 0.595966873618905 0.394652178876499
-0.106056244204507 -0.015880119297473 0.311929071823577 0.795455054091251
-0.0444700667154747 -0.0418995092228669 -0.253913833244922 0.692344903728712
0.0185860772650365 -0.0434030647453246 -0.30446639930797 0.305159996000757
0.040495951991728 -0.0104290503346527 0.129369270318282 -0.0655580762620171
0.0278907685141777 -0.0192631024170762 0.435372864028649 -0.449464972281052
-0.0191192470612075 -0.00506840940339587 0.185080968226377 -0.824144364367439
-0.0132265054076018 -0.0209125974163939 -0.422748601093305 -0.585182834869705
0.0194471254010877 -0.0672579859317771 -0.638630576131827 -0.0378890328041668
0.0207824238078339 -0.0390073788231016 -0.37187114387016 0.176694098062966
0.00222308899113772 -0.00516472734972912 -0.033543128318049 0.0966880999349504
-0.00950938902544028 0.144578811492321 -0.0123499631888805 0.133365155251569
0.0656594427684383 0.135848554527677 -0.01350053442692 -0.186668992614172
0.0829888648300251 0.0400231106694342 0.101059836441839 -0.281429742147659
-0.0580553638156058 -0.0485118569398084 0.411513745095139 -0.013907226318337
-0.151417667472092 -0.0839751689447586 0.549119134671953 0.481681000514901
-0.13861345077459 -0.125933767615738 0.198244459401796 0.833135836821195
0.0200383906556193 -0.150526364247429 -0.307478435098259 0.636491468833282
0.123081641599356 -0.120250187858903 -0.25698851468647 0.269854703949123
0.147514983568967 -0.0816768547369292 0.172537014104453 -0.108012457955498
0.0740451782930213 -0.119074326479398 0.372048223471977 -0.517782325666824
-0.0546249413620216 -0.124582710193087 0.0194248859206001 -0.806441225502138
-0.0873782280779393 -0.118590043132335 -0.526305525788801 -0.484482377806609
-0.0188151475482138 -0.0904614964032755 -0.631081507828144 0.0304034116158072
0.00956596372651007 0.00635188432642252 -0.317066745798256 0.196977494442073
-0.00186125292824661 0.0731562256962624 -0.00771482008381141 0.09172549307619
-0.00389372609544376 0.211409282450346 -0.00762142271240505 0.0991874571560872
0.0697874154673191 0.180352817172525 0.0387568239477344 -0.191006310461442
0.0537305523245863 0.0564950711899969 0.21698937407383 -0.246739684356455
-0.12942092059341 -0.088235834474883 0.467846081641089 0.0830286220905114
-0.201648862778971 -0.163831697687134 0.453507236578874 0.596737803909708
-0.11797919035812 -0.228041143653081 0.0292643260991924 0.846950763503671
0.102432633078462 -0.224893566131616 -0.354086527508686 0.538989518066235
0.20447868141225 -0.177763746000112 -0.166362274388731 0.203891702726418
0.196903154335517 -0.159351430294225 0.230232880805272 -0.188843494468412
0.0553578958073886 -0.20960050617374 0.261135121043005 -0.603716429027075
-0.121652154915877 -0.20916888756448 -0.193017911018551 -0.746817779703449
-0.149918276316468 -0.167094836913856 -0.616627822032024 -0.331127866304555
-0.0340749023844297 -0.0771994048038406 -0.570702098039138 0.1159901929761
0.00969902271471945 0.0639023133617085 -0.222922102899477 0.21434581410245
-0.00240845689956967 0.142430368207428 0.0274473199692129 0.0686488155471506
-0.00682584977857851 0.241088360755777 0.00213205793474235 0.0580379940720448
0.0502677878568235 0.185395819260769 0.11009445011311 -0.191157375808473
-0.001582675861694 0.0404560318142237 0.344702525381782 -0.183847087170233
-0.188774571883887 -0.147008531916016 0.492669710082528 0.218898713000906
-0.200499076293466 -0.240172416069345 0.292150323876656 0.713628971682457
-0.0442836924866278 -0.296914375231658 -0.167722947248315 0.81942908851093
0.187427397258891 -0.247794871611486 -0.362367312084205 0.413267686011495
0.248661928024295 -0.207037012469978 -0.0484976493073688 0.117043164134426
0.191819836687835 -0.220354467197781 0.27146619055625 -0.299682977317328
-0.00597129469524424 -0.26465587993941 0.107844256746215 -0.676971057414618
-0.182423020531698 -0.23633464259587 -0.402631138177182 -0.646349790598419
-0.170267243671174 -0.159299193057961 -0.646104600937021 -0.174119141919745
-0.0194333847135447 -0.032165709416377 -0.453704869196596 0.185687917894091
0.0192930843200909 0.12284081018434 -0.109441166666676 0.218469666277354
0.000487607991303548 0.192691260101322 0.0598761803085209 0.0287445847982802
-0.0421936934078297 -0.222832637176957 -0.0519174504269473 0.0547517268431573
-0.0484912967695058 -0.172336694266005 0.00313028181402889 -0.17583564647872
0.0312798736045136 -0.0484219038668134 0.261131907225513 -0.216666292031476
0.169244869501825 0.151624401906453 0.554721607771018 0.0220256030419173
0.196842730810545 0.246935070647174 0.519713428763219 0.491359430486622
0.0142234360361443 0.283924048028704 0.102415809295853 0.702934206997002
-0.21896417579869 0.275651826300774 -0.22057534789108 0.453567139998815
-0.304410685446123 0.216556339321349 -0.0456581687066758 0.117486760836249
-0.292946453639742 0.255230874902072 0.354037483248012 -0.247955288720115
-0.0894207609997746 0.302915065746065 0.362612559155767 -0.659722873216409
0.141370257861889 0.316419317187906 -0.0981331631960261 -0.813597778474822
0.20288190826067 0.205599066027962 -0.493508782458886 -0.341186928371759
0.0632135243180867 -0.0187240069148057 -0.431963058173759 0.125960476503793
-0.0133119339220391 -0.162867392082314 -0.181575139008475 0.161506172127955
-0.0103698257537596 -0.222443970083492 0.0168166190619791 -0.0415698013559879
-0.0456408935189096 -0.201602954841632 -0.0489438620206404 0.100255468982804
-0.0469740929317304 -0.170236988220526 -0.0567113834723665 -0.170993524442316
0.00658482034043414 -0.0941107010015644 0.122419924629833 -0.234709006140057
0.11972935714902 0.0793998518658417 0.472159053006511 -0.0392488465400223
0.16871368406643 0.187602885661148 0.595325673560966 0.403664028064075
0.0380700836512042 0.248879998156881 0.240890971914211 0.71612517984738
-0.16931275355381 0.256599253893416 -0.207382317860882 0.561696241378086
-0.266783346139502 0.183619855091074 -0.158918700308218 0.203606006103126
-0.29228976386735 0.192425105613678 0.272436300392426 -0.143797305372809
-0.145720606177078 0.247225553953847 0.451874468603386 -0.547326865618125
0.06212580751668 0.303218620092525 0.0984081767545452 -0.842791657350694
0.175476713742823 0.223404186452129 -0.426506607642913 -0.481535604341313
0.0948726564563489 0.0060938721141198 -0.513333871823442 0.0460523998572971
0.0200719636958289 -0.132406858000071 -0.269690608553365 0.160744580813502
0.00254510407045842 -0.196617652084176 -0.0101802491957911 0.00785214313630054
-0.0395127650092916 -0.139986171223747 -0.0396015033131638 0.133735472466138
-0.0249723265512169 -0.122390185984693 -0.0788274481792818 -0.168789800776416
0.0122103982207796 -0.100125650624472 0.0282423553172809 -0.256050562036197
0.070633485619695 0.0211421062511993 0.39143885770921 -0.0720920147530627
0.0996283661183596 0.118446442459148 0.619337364091846 0.355278878269222
0.0121420255317515 0.178770398809114 0.331470266195028 0.730131632952392
-0.125062650301754 0.184918919228374 -0.198836046357611 0.646632765114527
-0.192538854223745 0.122239851425262 -0.247749373910058 0.269767059184907
-0.221548199152381 0.120362961140487 0.186032589655751 -0.0797828697104952
-0.132270632833443 0.161987956789085 0.477104661158402 -0.459977362516355
0.00757714396777543 0.231271808537979 0.223280651871274 -0.839009658752196
0.119936095257587 0.182430378586111 -0.370776530486281 -0.574115103007481
0.0918319022655406 0.00393467587847461 -0.57051744913179 -0.023137435474674
0.0363825758691859 -0.101152540966272 -0.340471916863489 0.162130044191976
0.00817383398676354 -0.146068423945882 -0.0308255069893901 0.0515225919052814
-0.0318311359929154 -0.0511081607531919 -0.0260803253684216 0.152782584310871
0.00693836287421678 -0.0387995704277499 -0.0721932839785849 -0.173456495873171
0.0419089796605386 -0.0633982477579636 -0.0052980920876353 -0.277563420254836
0.0347543761879194 -0.0105915863771362 0.352000677195778 -0.0855046714561187
0.0154289251627904 0.0519561629776689 0.617711858011588 0.347903333489418
-0.0450426604121831 0.0886225599917756 0.35849588486586 0.756402927074882
-0.0880676483408411 0.0793588201036985 -0.210028889990755 0.69431057584218
-0.0923955069255961 0.0426394429593384 -0.298281125626831 0.305268422325031
-0.0970800940548029 0.0555437635909961 0.131388720492883 -0.0565272005793719
-0.0587370987985049 0.0726651956961962 0.464181902431961 -0.428861319285092
-0.0110915017189257 0.121022394489761 0.252605654526072 -0.829852535154698
0.056299233869073 0.091431224036544 -0.367341400834705 -0.611913996807653
0.0614702405361648 -0.0266893669051709 -0.612247737552227 -0.0542832205814027
0.033401119614639 -0.0721210032884793 -0.376408968841672 0.165880647197917
0.00649196645790829 -0.0805372597488564 -0.0412347569080438 0.0835927217833043
-0.020556764975342 0.0512406096123472 -0.0167353291888431 0.151590192143322
0.0410996208280907 0.0559457435962496 -0.0501534345500769 -0.1805173316528
0.0736762647038526 -0.00659768587965466 0.0214186872957479 -0.288803334736363
-0.00213313934199698 -0.0265459650041503 0.360537871813452 -0.0708472355625458
-0.0717692233204595 -0.0123025482421058 0.597428891821515 0.391568086035417
-0.106673788446985 -0.0150511000508994 0.315907015128453 0.793722352599062
-0.0440522619238848 -0.0410756179231978 -0.248606086406395 0.691609864532633
0.0184931846688765 -0.0434042751800592 -0.301693157330398 0.306949835898441
0.0403249299922997 -0.00989609642104237 0.128632017129432 -0.0648626749710773
0.0276442855771418 -0.0205160049011448 0.429201589430434 -0.45083698995967
-0.0194302471942493 -0.00552015273817987 0.17719740299358 -0.822915515425702
-0.012613177664459 -0.0204943251793442 -0.424284641886063 -0.582262444504492
0.0181714726741766 -0.0665684366565596 -0.637555195389496 -0.034693521537154
0.0202719036268619 -0.0388237024077141 -0.371185963030278 0.179594789208542
0.00221190146524496 -0.00460323202746037 -0.0330470983855628 0.0969092127668406
-0.00898177426272908 0.144360269953019 -0.0123588388792562 0.131957280075083
0.0662266831295695 0.134005678034983 -0.0161505064640416 -0.185847435262906
0.0822245986363525 0.039396956480412 0.100057653850797 -0.28103725656889
-0.0582834601391478 -0.0464739243313066 0.411428796089235 -0.0167037898023384
-0.150877045867282 -0.081689076753727 0.550375420047626 0.475566598262625
-0.137700257247201 -0.124795713587038 0.204569858850062 0.827100513306
0.0192022120504405 -0.150572843042728 -0.304112411013026 0.637846842041272
0.122402625540109 -0.120565389811973 -0.254366474226008 0.270676921329069
0.146449851500112 -0.0829613169660244 0.171243820553012 -0.108322543976897
0.0725469330913001 -0.11923804116642 0.367180108609432 -0.517757589809144
-0.0549836603565264 -0.124001994135834 0.0145008038575038 -0.805250597929446
-0.086842006126153 -0.117747276546838 -0.528608312350049 -0.478557295708099
-0.0195503061649475 -0.0900914003359759 -0.630316591327016 0.0350300500333992
0.0092049540129711 0.00674502218795966 -0.31637136995172 0.199419671058392
-0.00218914220151336 0.0722022363329641 -0.00707245100197756 0.092467574603716
-0.0024805980642728 0.210136058308982 -0.00757572167448674 0.0982715468627552
0.0707232088688283 0.179143683965574 0.0368356938899935 -0.190634807573728
0.0539977440578836 0.0553105514213277 0.215357063971956 -0.246180689501933
-0.129824173782276 -0.0862471345424795 0.467674255249284 0.079771112636896
-0.201871276377846 -0.16162437442431 0.455293509828652 0.592652959955266
-0.118663547165969 -0.22696258630023 0.0337726427446865 0.843539470068631
0.101865591932107 -0.224681950033592 -0.348848951492517 0.539216298047483
0.202575052922361 -0.178593352944782 -0.164947694409658 0.204227517139541
0.196129763822019 -0.16068428136731 0.22787694768507 -0.188094121614999
0.0543998911304592 -0.209751738049888 0.255620545465707 -0.601849493631366
-0.121824805977497 -0.207807641819065 -0.201264483789179 -0.744563043562967
-0.15016743039652 -0.164794642513899 -0.618182357885598 -0.325682466775536
-0.0350186006108969 -0.0771324193530789 -0.56960060582222 0.120534472642392
0.009112739417766 0.0639516737224251 -0.221621464512544 0.216114434722118
-0.00142058981608116 0.14142559814561 0.0279004647687296 0.0690020429959085
-0.00583649305224448 0.239775176277697 0.00154996225010313 0.0571576732881278
0.0500305689581038 0.18428647391518 0.108128428351317 -0.190904120190045
-0.00200767753727891 0.040335984918617 0.344408658554832 -0.184188533365808
-0.189512422280769 -0.14372946198827 0.492447852601286 0.215387962429426
-0.201391949479182 -0.238214806737325 0.295005319020415 0.710341032651796
-0.0445008430444265 -0.295648710860965 -0.161865833054922 0.817272577818821
0.186032530913053 -0.247489894773562 -0.358361392211833 0.413408809518854
0.247767928247394 -0.207902551785633 -0.0467386791883124 0.116112954634672
0.189469040757513 -0.220834221706331 0.267159269225321 -0.300062810057016
-0.00679176921788836 -0.262647013701668 0.103062691076339 -0.674131326649372
-0.18419321012429 -0.234178251057699 -0.405045264875901 -0.642178051070359
-0.170949967515235 -0.157005266234022 -0.648121609368381 -0.167390905715237
-0.0201135556749613 -0.0320520691062948 -0.452522239723133 0.189332535674311
0.0188691106396819 0.121968886203198 -0.108868826582796 0.218950930245173
0.00142425166297423 0.190816647915439 0.0599085215864372 0.0287474343508053
-0.0432837403101488 -0.221566552087547 -0.0524824810798801 0.0546978977714123
-0.0478800053365244 -0.171739664235132 0.00225725429380127 -0.175464864762825
0.0319299256648564 -0.0493160143111658 0.259998602303691 -0.217713333027041
0.170358891475947 0.149316602538547 0.554583162043052 0.0182494817138043
0.197608339272667 0.244995148188734 0.520741394469851 0.488192215809577
0.0153962703777238 0.283167328508863 0.106380826829815 0.701166468399641
-0.21726411370734 0.276309736262735 -0.217791843688753 0.454753903533307
-0.301829993793915 0.218138334049754 -0.0443469603802973 0.118316909030414
-0.291050036376874 0.255228547864848 0.351779847838955 -0.248768124545473
-0.0881947104627204 0.301815345410154 0.358716452895622 -0.660206787643636
0.142965015537846 0.313801602159524 -0.103614417722587 -0.80897619000681
0.203259840031305 0.202986113198474 -0.495667971666363 -0.338581445742062
0.0634043253180326 -0.019332975621317 -0.431357677596541 0.12824761843258
-0.0135622797407945 -0.16197039584825 -0.18092571345549 0.162730606112584
-0.0115309987656689 -0.22129718828808 0.0163660438527434 -0.0401919510429989
-0.0460154505769124 -0.200617378575209 -0.0493584371544278 0.0995911528312875
-0.0469139985631017 -0.170597140306139 -0.0568207927681786 -0.169613380439915
0.00727974672844465 -0.0937556735586246 0.121933350742032 -0.235101268900561
0.120596344299939 0.0788682005035396 0.47240764044948 -0.0422932210804245
0.170237994566356 0.185513097154594 0.595498997127038 0.399183128833824
0.039234548604964 0.248292135253821 0.24419719035318 0.713511560225449
-0.167165701181221 0.257048160312426 -0.204784674329553 0.563563116493647
-0.265514579700406 0.184246539087137 -0.157817600241591 0.204316690580959
-0.291261454595798 0.193566610310844 0.271324069091656 -0.144434878185249
-0.144485166190323 0.247087709980198 0.44695068869065 -0.546778709452993
0.0632786546273235 0.302254860521763 0.0917972657717118 -0.84210755685292
0.176823697980464 0.221831664704764 -0.428991680660232 -0.478510002641112
0.0950505583040998 0.00569238088754646 -0.511464036397772 0.0467086721551113
0.0193862261497984 -0.132114519123348 -0.26873965552033 0.162151022137338
0.000733116036961394 -0.196533899120382 -0.0100261826158173 0.00902443361197906
-0.0400317433497663 -0.139106505041992 -0.0404045970229414 0.133113801680443
-0.0252232378683292 -0.122031857990815 -0.0797242776718009 -0.167066081750026
0.0127306478382459 -0.0999678350388827 0.0272435695833264 -0.255363678886893
0.0713290556280267 0.0207828899198489 0.390400987116579 -0.0754934766871235
0.100347765719988 0.116543197045134 0.620394252359363 0.350972262635677
0.013358032680012 0.178697935418486 0.334922627265199 0.726330126128581
-0.123928544312446 0.185412504736659 -0.196567537990199 0.647321178441146
-0.191338615381583 0.12298502565585 -0.245807270576974 0.27133200033229
-0.219886214205919 0.121382783875827 0.184772061950966 -0.0793191299792786
-0.131755284382328 0.162280315592898 0.472132554501093 -0.459543721516089
0.00805369031168147 0.229880856760614 0.216677313324394 -0.834742156994741
0.120914183964795 0.180020360140809 -0.373796669132478 -0.573258914882768
0.0913742688915606 0.00367053230268772 -0.56955762025688 -0.0204027296320304
0.0361080927334269 -0.100982350773249 -0.339042919004711 0.16367039308604
0.0070389427167111 -0.145795371191916 -0.0307894770041417 0.0524514576545456
-0.0319255546313458 -0.0507000199576592 -0.0252468649396613 0.151548495599259
0.00701343348062422 -0.0390167340900143 -0.0736547652348539 -0.171778759911414
0.0418299015816875 -0.0627128433647057 -0.00573915930465988 -0.276931291873841
0.0355440740873587 -0.0100691498821155 0.350791015527128 -0.0872260383565083
0.0159344739002796 0.0514850859215888 0.618472635830144 0.345610518732036
-0.0445648938422707 0.0887620870605516 0.362945944445758 0.752241620714701
-0.0875006439029273 0.0800351615262 -0.206198349409862 0.694864433979818
-0.0914722884047724 0.04258468905081 -0.296692224473086 0.307137677234638
-0.0959265991491596 0.0553224458830394 0.130374494052308 -0.0559924633278066
-0.0583731922183668 0.0725936764082135 0.459940859109813 -0.428431492589511
-0.00962877085018545 0.120867175930008 0.244714582250393 -0.828689089821433
0.0571315356638352 0.0906211827310502 -0.369878886361634 -0.608486414632822
0.0609400196827375 -0.0267425082082048 -0.611566237635529 -0.0505957718948384
0.0333924534110459 -0.0715778673687252 -0.375389500265066 0.167266785353123
0.0060475192343915 -0.0803587668008112 -0.0405278427876368 0.0840715361188324
-0.0193953259286498 0.0511576843112597 -0.0168162952513734 0.150185037219155
0.0415410571982385 0.0552958285527714 -0.0513772029816249 -0.178899024279867
0.073152400207533 -0.00634816062321971 0.0211115656299688 -0.288935055723472
-0.00275877369095993 -0.0257327345096491 0.360428125142552 -0.0719558630839364
-0.0714353748856614 -0.0122233812172063 0.597306905975676 0.387337793190435
-0.105378971851907 -0.0141028071270965 0.318900956398571 0.789283783477969
-0.0435363393196993 -0.0405911852346729 -0.244159711309751 0.691929353174902
0.0186990861503143 -0.0430004357968318 -0.298355738371791 0.307055251946952
0.0406076247165302 -0.00933469549430088 0.127225257402068 -0.0644762544225229
0.02790134701715 -0.0204388231223752 0.426623084869643 -0.450538015797243
-0.0192798868191452 -0.00522563197527125 0.173246223226706 -0.822157329510934
-0.0133174110407429 -0.02077194007381 -0.427021985317179 -0.577877134362816
0.0173103366462554 -0.0668284656787866 -0.638803605954657 -0.029597186161567
0.0192146045045615 -0.0389629613046633 -0.37008835639599 0.180830006964696
0.00173193801172714 -0.00509892414729611 -0.0325490439287928 0.098038049988324
-0.00830060805124875 0.143679631052935 -0.0120967987859631 0.130516859041532
0.0662410463784004 0.133479406751234 -0.0170932018614442 -0.184793007882195
0.0816149195055001 0.0393382105764581 0.0997103522220277 -0.281084301953088
-0.0588200534089218 -0.0445489491253888 0.411375456449742 -0.020164389018781
-0.150696204091611 -0.0814915624387674 0.552238630074506 0.47329937503416
-0.137720461327111 -0.12365829830205 0.207566821834643 0.825986147491343
0.0192805421623804 -0.149432080781922 -0.29968799407484 0.638914535038136
0.122370555206805 -0.121011512511952 -0.252645163721755 0.272238265117003
0.146375711126599 -0.0828279765693055 0.169577101094815 -0.107849092407466
0.0715093995171849 -0.120447846257217 0.362123380075906 -0.518147204782475
-0.0553308151286404 -0.124378660049844 0.00994226286191523 -0.802527824770567
-0.086973304239224 -0.1160856197661 -0.533099278468541 -0.475301531633864
-0.0209439485092391 -0.0896148391345981 -0.629129950830128 0.0378128871757588
0.00844423211362175 0.00604737461529005 -0.315615721609077 0.200962454964664
-0.0021212325764821 0.071889944490267 -0.00627423242960036 0.0927056702891183
-0.00173959817435725 0.209208405854976 -0.00792066824575182 0.0971274093314094
0.0705317457438791 0.177458187951756 0.0351516205599549 -0.189660938914365
0.0533475591092891 0.0555097414269755 0.214697500466304 -0.24630757046033
-0.129583303149991 -0.0843012608506656 0.467846562382485 0.075748610320765
-0.201266272160736 -0.160444945872957 0.459104728965218 0.589739997582359
-0.118547177075516 -0.225739084026912 0.037304658206914 0.841667670165522
0.100656844617934 -0.224461521539601 -0.346768845065865 0.53738780888263
0.201643409750391 -0.179194980103512 -0.16259948556656 0.205176699782873
0.195239051881572 -0.160783272261869 0.226407847809631 -0.187596865281326
0.0526064095071402 -0.210754839626843 0.252807580574975 -0.601373212046063
-0.12286547740107 -0.206282930754723 -0.204867163199452 -0.741072075610651
-0.150327003259064 -0.163960029064066 -0.61821465712601 -0.32151619110753
-0.0359377666949676 -0.076471836557369 -0.567375218256612 0.123745216114254
0.00892802990916864 0.0641143190010629 -0.220993033516559 0.217092940251389
-0.000849926226531139 0.141151501139705 0.0288457662436393 0.0685156857366145
-0.0039456565454004 0.239052856874508 0.000883072959404714 0.056257148383197
0.0506078682267114 0.183428055187859 0.106395682211707 -0.191084722186642
-0.00272246038988392 0.0404783313601952 0.343894422530296 -0.185974673645055
-0.18952709982877 -0.139925233997431 0.494832988848352 0.210196558283482
-0.201693682876072 -0.236969650315129 0.299412391940299 0.709044208356222
-0.0454451715602485 -0.294191443029769 -0.156546366408766 0.815109208711585
0.184280364371849 -0.246957065997062 -0.354879736408226 0.414591738823934
0.247024871910086 -0.208218596676258 -0.0463487437193582 0.116655018119915
0.189096794435486 -0.221860868014304 0.265545633165899 -0.300159167235048
-0.00849783900381976 -0.26204933997701 0.0985499835761462 -0.67417001482048
-0.184852114772104 -0.232536472045107 -0.407635745386908 -0.638407419435131
-0.171720593671442 -0.154974127469917 -0.648193323897228 -0.163876709937515
-0.0205731734456673 -0.031220924825242 -0.450287881379882 0.191078406040789
0.0186914624431905 0.121199145572181 -0.108014997536913 0.220278399560608
0.0021320102696484 0.189917576484714 0.0604833842521856 0.0289281603256686
-0.0442278301884629 -0.220601839198627 -0.052525791894708 0.0548043320898121
-0.048933746627693 -0.171454521542183 0.00208767620119572 -0.174453761788255
0.0322498190602695 -0.0491908900417332 0.259209208679652 -0.219607868269719
0.171318280896995 0.148711031700644 0.554855341565329 0.0146327957203799
0.198415749564106 0.242633088775497 0.523905190349496 0.486796696495547
0.0165799879849834 0.282885985354894 0.11178426911887 0.70130969752151
-0.215286271030513 0.277704809811564 -0.215092754138833 0.454900248459816
-0.300739909658971 0.218798376484553 -0.0437147516783529 0.119644767774002
-0.28932410607141 0.257685083321794 0.350126604122433 -0.247978632505017
-0.0872248304954442 0.302562909489567 0.356451179152836 -0.659031884611206
0.143693047774208 0.312494628008265 -0.106333775256134 -0.806545593710501
0.20490521861122 0.201103268630615 -0.495346377514195 -0.335903777073225
0.0631877068447831 -0.0194131223039467 -0.430132840975494 0.130070118768593
-0.0132414667422094 -0.161223554305959 -0.181191058306279 0.163495589202739
-0.0129170456480345 -0.220715545223398 0.0165173102052908 -0.0395624970161756
-0.0471017297585889 -0.200072870085577 -0.0495015814644752 0.0998222915144045
-0.0470065578523806 -0.168742807976292 -0.0580506010475435 -0.167547279437102
0.0071649502201255 -0.0933838098791646 0.121803517639795 -0.235899989409886
0.122217182031102 0.0781311819618146 0.472646672862506 -0.0459307328070941
0.171178833653162 0.183707147941689 0.598394637563619 0.396262312607643
0.040569892059796 0.246976658086812 0.246641145533579 0.711082209980008
-0.164927483881352 0.257813913261404 -0.201113021524333 0.561760310110414
-0.26315016186647 0.185856059227522 -0.155156752528805 0.205476504545093
-0.28942106656841 0.194185711214991 0.269767631878926 -0.143732788963578
-0.144300994781149 0.246940979082991 0.442530278200217 -0.545669626661496
0.06462611112306 0.300573462700809 0.0892928596238587 -0.840360309652847
0.177309309616431 0.220171225870739 -0.431759561605169 -0.475752714489506
0.0946180613693626 0.00541523512299442 -0.512186092155398 0.0494442988782504
0.019940921796821 -0.131480755974326 -0.268455690304845 0.163084079352562
-0.000321687719193588 -0.195565782793874 -0.00930148191893104 0.00984283910460571
-0.0402296071138281 -0.138733895989381 -0.0398462616779228 0.132806837274449
-0.0245391561046915 -0.121333862699323 -0.0801874302208312 -0.166287862284911
0.0132449556610828 -0.0992854771708488 0.027229095945584 -0.256158693089757
0.0718953112856643 0.0210191741819445 0.390572979075053 -0.0781134826363505
0.100596633612953 0.116117652863051 0.620930423254005 0.349433233713087
0.0138961459144367 0.177555924475712 0.335958939094075 0.724622261657732
-0.122545070233826 0.18699410928605 -0.192867475982263 0.64718984546228
-0.189703656137609 0.12291622791375 -0.24471829502947 0.272170153476444
-0.21975094631227 0.12192225168021 0.183849638660405 -0.0787155496943568
-0.130359043249032 0.161762057420092 0.469537031827323 -0.459636142735708
0.00829716660484713 0.229050614294294 0.2129617863386 -0.835370673269639
0.122115240610627 0.179565041750485 -0.375291964483588 -0.571011648717041
0.0911423826364202 0.00265191659279295 -0.56920927649681 -0.0178522908028742
0.0356572506688185 -0.101118363880938 -0.338608696686049 0.165838373387457
0.00621729833860533 -0.145710795185043 -0.0305220782443947 0.0536827477784689
-0.031878613005518 -0.0507141349225146 -0.0255141320957841 0.15078793685083
0.00704483528416704 -0.039039834837903 -0.0735752325561677 -0.171343261573867
0.0410639981040218 -0.0629340296688937 -0.00584638069444455 -0.275903660581141
0.0357495995100663 -0.00992391830657531 0.351169956228318 -0.0897177837668198
0.0159695388680526 0.0511348405438824 0.618977056256231 0.341259282076416
-0.0434781263478308 0.089062814639574 0.36439734946037 0.749168913582973
-0.0857091535373722 0.0804173400535795 -0.203654294537274 0.695287394196451
-0.0907960238229172 0.043591959760959 -0.293445024469555 0.308145989465705
-0.0959644204809748 0.0564555151224181 0.13050412349105 -0.0552572100123152
-0.0590737100150721 0.072302975301182 0.45686606908026 -0.430293559113429
-0.00975444263223269 0.120250661095846 0.239962002779106 -0.826787168206789
0.0577471197573591 0.0902021672754006 -0.37214049028642 -0.606173056478922
0.0608275036177995 -0.0272759966820489 -0.612029052132347 -0.0481479664110099
0.0322087188846538 -0.0714899602333381 -0.374413592265521 0.169388829910455
0.00488441165786836 -0.0805494342265986 -0.0398318521028621 0.0847189020453524
-0.0187648108193774 0.0508516118751821 -0.0177113247504149 0.150144113187558
0.04162636573068 0.0549211069189666 -0.0526662261478734 -0.178131738903392
0.0728771917736791 -0.0069381217934961 0.0202347899068391 -0.288824403648336
-0.00291478043279256 -0.0244891808597745 0.360990533333314 -0.0751000527315216
-0.071107646001315 -0.0121282684620739 0.598547458307602 0.382802847552609
-0.104641186013031 -0.0138864180119022 0.32193928152011 0.78708676997638
-0.04319671816792 -0.0400814298675344 -0.24086432452862 0.692538050569688
0.0193785952794955 -0.0429931101882356 -0.296773794434643 0.30900724943401
0.0405913880382875 -0.0102177144726724 0.127413094463638 -0.0638052825202285
0.0272558497883892 -0.0209310577209689 0.423981814452173 -0.450104594021375
-0.0192427299420575 -0.00536169323201158 0.168015741039164 -0.821756209106521
-0.0129894457788402 -0.0215378153171048 -0.429947749692688 -0.575351267789736
0.0169584076652188 -0.0668786070778351 -0.63703930710878 -0.026561044812298
0.0187263032575674 -0.0389627565742948 -0.370312817918787 0.183216083113132
0.00206985542361834 -0.00519629073043306 -0.0317758167325802 0.0985364695022872
-0.00721539023283401 0.14338559154889 -0.0120995941251431 0.129631390021504
0.0662048952908886 0.133620671545279 -0.0180013615170123 -0.18411995716027
0.0812986507541221 0.0394150506570321 0.0991454771659192 -0.280624894555214
-0.0586780093951608 -0.0436669837354729 0.411787876084016 -0.0220753506328532
-0.14999536860582 -0.0795124572945275 0.55377411541997 0.469566247217604
-0.137172458252964 -0.123399900274252 0.20900580856759 0.823354470743257
0.018750093306266 -0.149382634777063 -0.297490408625443 0.637535062279428
0.121577880724525 -0.12153431674285 -0.250534752241508 0.272581262039584
0.146498819002935 -0.0835477216275338 0.169183799038956 -0.106890944598017
0.0716692648864635 -0.119742886576054 0.358290599482013 -0.518559154560608
-0.0559224533439705 -0.123101081195999 0.00564032294799052 -0.801134040323315
-0.0880698604958174 -0.116070011816137 -0.535455528754471 -0.471426084454291
-0.0215850293040769 -0.0891711313759438 -0.628406264401449 0.0415276341228693
0.0082709231226825 0.00674642260768389 -0.315212053837914 0.201950581136447
-0.00165812383034435 0.0722096315294304 -0.00567808074604289 0.0927052991027402
-0.000780793774571582 0.208732089425988 -0.00799146346774336 0.0963158476656001
0.0698408140145808 0.176534192101913 0.0338603468289274 -0.189193423488556
0.0528673410482682 0.0560568942113458 0.215665647208962 -0.247371078861302
-0.129728405221473 -0.0815739007381353 0.46855683890346 0.0728690347875115
-0.200944133906307 -0.15911901978376 0.460934660733948 0.585879584823721
-0.118215003320789 -0.225199346056215 0.0408822728543578 0.839464211813416
0.100793110599959 -0.224640066759995 -0.344064737677892 0.537299650638603
0.202257556329883 -0.179879669571503 -0.161661643255635 0.205383003519255
0.19436386915964 -0.162047730203406 0.223970998336282 -0.188184199663418
0.0509224240690015 -0.209875621415655 0.248988553204996 -0.6014115409993
-0.123524239279742 -0.205100978007667 -0.207952930792553 -0.739372903589642
-0.150493856288542 -0.161363124818392 -0.620807665383487 -0.318144386711249
-0.0369840849964451 -0.0760764435772077 -0.5671354322187 0.127483813636657
0.00823796469883976 0.0639017197463327 -0.220172301155552 0.21880570666836
-0.000448241126213668 0.139997086761635 0.0294009855402474 0.068652229371957
-0.00255514504706051 0.238100247385188 0.000132318404014345 0.0549057388578833
0.0505158067185903 0.182849637881417 0.104495716757487 -0.190628199280437
-0.00281361105492547 0.0406622004709095 0.343398950239679 -0.18667102990828
-0.190372513235802 -0.139028176312071 0.496696621984998 0.208230063971478
-0.200951520788685 -0.235123173211027 0.303639305032302 0.706218965415535
-0.0451233944143525 -0.293752715027371 -0.151507625908072 0.813909283623266
0.184511735475878 -0.247568595942619 -0.35383037455106 0.414670335373754
0.245974088652383 -0.209483553869936 -0.0447599405194577 0.116800609246689
0.188076797961634 -0.222278660162183 0.263319628374604 -0.299707488306604
-0.00950069658930814 -0.261702765121019 0.0962742909038537 -0.673535032419003
-0.185427445080466 -0.231483309727581 -0.411041165219382 -0.635224641247596
-0.172160625474919 -0.153594687204439 -0.648716994329335 -0.159986382010465
-0.0220839913123194 -0.0318316808154726 -0.450205839769725 0.194578305433262
0.0174244636740021 0.121874945454538 -0.107700351419111 0.220776458720009
0.00265717442720632 0.189407164690329 0.0605300451957683 0.0286880402876168
-0.044660759215789 -0.219885197409629 -0.0529859187198547 0.0550083775125124
-0.0483395472849346 -0.171039317117605 0.00158320271476639 -0.173572060870433
0.0320803139457896 -0.0504684007226691 0.258745010644637 -0.219884027088087
0.172818806368626 0.147681559599632 0.554980313485801 0.011776824255939
0.19919838430747 0.241793528175457 0.524930814990195 0.485012572557719
0.0169061637547233 0.281737643198136 0.11226678470735 0.699263568699897
-0.213543195358869 0.279736254573213 -0.213742417924837 0.455117761252649
-0.29955556267241 0.219843994641887 -0.0431514941391636 0.120352992350163
-0.288278254233108 0.257806183688165 0.349210582691134 -0.248606117555285
-0.0864289646099608 0.302298720831441 0.351434710796939 -0.658340024285598
0.144135018847417 0.311547654667188 -0.110157294935111 -0.805392268514144
0.205231803979588 0.20021949059474 -0.497019097185434 -0.333292949408693
0.0627912055497016 -0.0193648461942131 -0.429593260303448 0.130958223384067
-0.012728561096504 -0.161501398978842 -0.180996264233998 0.164467426743287
-0.0143097755277993 -0.219832627585772 0.0167040116922202 -0.03852328204628
-0.0474825675504938 -0.199402803956846 -0.0498982838000393 0.0999569409060063
-0.0473063148551204 -0.168709391146644 -0.0576391717454224 -0.167253401821945
0.00776074929616054 -0.0938219444394572 0.121832219944051 -0.236400068290397
0.123109311132159 0.07736716627433 0.471812864951697 -0.0480686990820779
0.172032915941272 0.182783411638764 0.600578661832258 0.393999158486794
0.0411279521816055 0.247897327734675 0.251425353590966 0.71055493555363
-0.163825094754313 0.259289415297223 -0.199959910512639 0.563688466987147
-0.262465509575902 0.186207218207105 -0.154720819497911 0.207152548921535
-0.288387040203255 0.195858208348363 0.269112754515819 -0.143139913057109
-0.142645942496983 0.247835058317731 0.44181187884753 -0.54641537640108
0.0653516397991107 0.299701162667053 0.0855584090353654 -0.839156016549531
0.179234017650347 0.218184411319221 -0.433823188773785 -0.474984657946945
0.0948122132585839 0.00489932649647366 -0.512340723191472 0.0509909104861423
0.0198599558515727 -0.131637853740896 -0.268458594538953 0.164379112046875
-0.00167145177423599 -0.195235111507536 -0.00899409114572676 0.0108473344457329
-0.0408647999532685 -0.138373475377932 -0.0404142668424189 0.132286915296667
-0.0246585336114741 -0.121047586451385 -0.0800794024971525 -0.165193442118401
0.0127907840980109 -0.099353662450298 0.0275700305948085 -0.255966217870682
0.0731010339398308 0.0208935358459127 0.391970396178305 -0.0803087748280802
0.10085145521731 0.114493932339611 0.623285160654811 0.346752788670732
0.0146674212028129 0.177984921490916 0.339928403714965 0.72463215208441
-0.120848429500256 0.187217803111273 -0.190512753412902 0.647611246194977
-0.189333342772684 0.123926933679816 -0.242417706154019 0.273911500998352
-0.217853741565037 0.123176761864442 0.183434310167576 -0.0785940108067263
-0.130896062736788 0.162323976548709 0.467983767005381 -0.459428900290631
0.0096772955698568 0.229251748062936 0.210139935332439 -0.835802501655955
0.123141527697094 0.177774236076325 -0.378514720334232 -0.569048700410864
0.0912718889823688 0.00310787896400324 -0.569155772044711 -0.0143262922958927
0.0360036837050621 -0.101562727407043 -0.339062424043006 0.167070517740307
0.00555638828812121 -0.145604007795271 -0.0293277130109599 0.0543799187556826
-0.0321015337052384 -0.0504540439340869 -0.0253631756058208 0.151050635894191
0.00768949651626898 -0.0391325831493002 -0.0749034724362052 -0.169784835896141
0.040805719906491 -0.0620362370825713 -0.00525292708542929 -0.276323487483596
0.0362819684825456 -0.00892358368036333 0.351638089511102 -0.0918066542555298
0.0171219059906074 0.0503431419223402 0.620433917292604 0.339971779448683
-0.042975110172838 0.0888253801280788 0.368173448545375 0.747792036020751
-0.0852732739197037 0.0810628039494534 -0.200414274566748 0.695473709619046
-0.0902444329342386 0.0435151763432109 -0.292466943533233 0.30935795769578
-0.0945161232861791 0.0564099453974409 0.129668262721442 -0.0550550544106656
-0.058627539003525 0.072026351666801 0.453526262943177 -0.428999533512488
-0.00893654252342898 0.11993127989706 0.235659997591797 -0.826549536963538
0.0581957076158689 0.0896529935691197 -0.375351558475791 -0.60491130723059
0.0608574740192578 -0.026954943999161 -0.612709783161934 -0.0454972545575903
0.0324497730505594 -0.0720368113894848 -0.374864097485897 0.172342592086221
0.00481222474973413 -0.0803927403768462 -0.0394733024194127 0.0855194342687007
-0.0187687339478086 0.050872202006825 -0.0172100542650077 0.148773722363916
0.0414529801677791 0.0550935429517113 -0.0534910521913283 -0.176961447337678
0.0725523414835428 -0.0064244120908057 0.02039375157298 -0.288460927519004
-0.00183216297464292 -0.0234820690655623 0.361082124103277 -0.0776480357826339
-0.0705603391326754 -0.0118142089449019 0.598947795651868 0.381613796818665
-0.104604640915019 -0.0138924538588993 0.324043321016803 0.785156528858933
-0.042853274740423 -0.0396701263801137 -0.237825586798142 0.69272643509683
0.0192610690261451 -0.0426570506497302 -0.295081081777795 0.309570486442967
0.0414230372846368 -0.00971488565213392 0.126296238993406 -0.0636830975413158
0.0273791263803294 -0.0205892215291567 0.421472337997203 -0.452167006006706
-0.0194454124235439 -0.00550114124302112 0.163858911717659 -0.819930831758834
-0.0130100180754165 -0.02096451819199 -0.433272011381379 -0.574279846904774
0.0165647067852876 -0.0671189927325387 -0.638155827529202 -0.0235479179899268
0.0181355547137069 -0.0385672976756461 -0.369981119100056 0.185835839423661
0.00129912384390788 -0.00508019183435029 -0.03113899223629 0.0991604067580466
-0.00609406746408157 0.142925692906176 -0.0130108271390459 0.1289559446427
0.0665206106790178 0.132700123938218 -0.0186800130436138 -0.183066550681791
0.0807712710422164 0.0388115465774449 0.0998250266413044 -0.280301565787173
-0.0581837055326819 -0.0417956260769094 0.412500091075054 -0.0246926171716381
-0.149842970502835 -0.0792023583671219 0.556800740075865 0.46776512852361
-0.137221635523232 -0.122257212724419 0.213778963789452 0.822154145983801
0.0187278978026788 -0.149290419675794 -0.293576989422188 0.639012207005592
0.121832755132237 -0.121691660672461 -0.248945411364995 0.273619580994973
0.146406674233872 -0.0838073278214177 0.167823703511645 -0.107009229289232
0.0710997276352182 -0.120219282991981 0.356961689483523 -0.518201737568129
-0.0562111073395636 -0.122725241430654 0.0016052138285922 -0.79961696277858
-0.0878333759828462 -0.115234163914213 -0.536075500506075 -0.468655300124775
-0.0225900652844514 -0.0894231899766758 -0.629202031541209 0.045115229685625
0.00697112100218725 0.00659846157643574 -0.315473490990071 0.204524634779663
-0.00212003323438688 0.0713152910768655 -0.0055775571719807 0.0940574314254749
0.000660858565414684 0.207957482269184 -0.0091697900385982 0.0953231119674339
0.0711710229247138 0.175473587717827 0.0324211744502061 -0.189288986665349
0.0521157216313278 0.0553935549734511 0.215718695144897 -0.248456282065361
-0.131125635749056 -0.0805074680357198 0.470070786395668 0.0712617579279135
-0.201390799442341 -0.15772473320687 0.462701513347337 0.585413534216813
-0.118326338935869 -0.224314174634423 0.044089045600318 0.838899865712664
0.100969269935684 -0.224363301537951 -0.340511207409526 0.539546861079991
0.201283307589339 -0.18013935406614 -0.160286951848193 0.20607886848496
0.194405663776832 -0.162270843907948 0.223335967597237 -0.188109976237912
0.0513805425882297 -0.209865050699 0.244890970902054 -0.601854574213627
-0.124279930281345 -0.204080008559391 -0.210999735862389 -0.738228743984422
-0.150925065841178 -0.160816085403896 -0.623334701467571 -0.315448642068089
-0.0379053028547292 -0.0758408962453647 -0.568195650350044 0.130153762111208
0.00742225630688866 0.0642929073200183 -0.220055171804175 0.219934749778057
-0.000446247161725088 0.139893229349486 0.0297224341225899 0.0688267794004401
-0.00217558140504062 0.237834951455861 3.21669936493769E-06 0.0537129503277429
0.050857019905828 0.181996760464076 0.103395610400551 -0.191062991909479
-0.00368920688461664 0.0411209867925327 0.344324235616756 -0.18815269968496
-0.19043260942005 -0.135822991038501 0.496007960525348 0.205247001959719
-0.202236520138833 -0.23556482106012 0.305195214694763 0.706264646713181
-0.045326981966241 -0.293870062809925 -0.14850256825361 0.812814813738832
0.184242755416115 -0.24687886499508 -0.352412676468344 0.413067999970163
0.24531280490115 -0.210170385066108 -0.0442499973149425 0.11631115234287
0.188194458046474 -0.223365698814408 0.262255974814354 -0.300641703507692
-0.00964860747127188 -0.261574070478081 0.0932631419974671 -0.673473487236488
-0.185816494989092 -0.230303114424064 -0.415573648776941 -0.63416905276596
-0.172027497728495 -0.151976720664942 -0.649479522497758 -0.156375004411396
-0.0226507331491561 -0.0313858984011939 -0.448866594476732 0.197837448177113
0.0166734881196007 0.121731153419888 -0.107831501478354 0.221790305981184
0.00365008797117199 0.188634945614897 0.0609494864760387 0.0295027262264846
-0.045620892775807 -0.220124445007336 -0.0523322698629534 0.0558645111621899
-0.0477853538599291 -0.171227152590004 0.000985430619696037 -0.173676637086871
0.0327501541019301 -0.0503670443069538 0.259693387685496 -0.222211553431486
0.175102009495168 0.146807327496179 0.556072460644208 0.00845710979569531
0.200506648019321 0.239530662680661 0.527852369572008 0.482925607546222
0.0185767939838268 0.283188714210422 0.116479817355207 0.699926742556547
-0.211813283361886 0.280583708001542 -0.211648762411217 0.45720260912949
-0.298651386083176 0.22179001692281 -0.0427946847333101 0.121354957260426
-0.287271970941257 0.259723117507148 0.34883686735513 -0.24913614271959
-0.0855079898108876 0.303392927251506 0.34880770694899 -0.660323460276419
0.145141294720779 0.310982012952109 -0.113131652278434 -0.805096515925675
0.205952272861483 0.19831927816954 -0.498766694052516 -0.3324217886267
0.063074421656855 -0.0198404674408028 -0.430907289706121 0.132667267158492
-0.0130921324479799 -0.161517848829071 -0.180764738222964 0.165539035890553
-0.0153728977146008 -0.220119678349074 0.016593109289517 -0.0380925087800593
-0.0485840633433765 -0.198996706716799 -0.0500127737888574 0.0998966866215118
-0.0472239580468774 -0.169046930377778 -0.0576919377044215 -0.16584324264191
0.00733674317592866 -0.093737677103044 0.121508774712674 -0.237408929088502
0.124917367838385 0.0771098066513569 0.472468211661432 -0.051979671890232
0.172109803147968 0.181039154709681 0.60242308727961 0.394686667491136
0.042210748302629 0.247637256697807 0.253778274396427 0.710443383599564
-0.162420901038388 0.260583707301254 -0.198474275548858 0.565222717220952
-0.262343117320685 0.187122638468881 -0.153897412340805 0.208228044870056
-0.286779183810068 0.1965471391809 0.268291518389759 -0.143685472204233
-0.142183972164335 0.248570522958935 0.439080085168978 -0.54656881509729
0.0667559208944709 0.29980422060889 0.0807436207342106 -0.839768882208329
0.180104600528753 0.217281473789824 -0.436104101366138 -0.473352737689908
0.0952127101402939 0.00472260037713881 -0.51325157319097 0.0525682617429327
0.0197570544732344 -0.131614025168762 -0.268798673192878 0.166968178371966
-0.0023735800074089 -0.194543550673416 -0.00869028326406066 0.0110276436291694
-0.0417567955329686 -0.138090179966609 -0.0403153436952796 0.131951794815787
-0.0250605765118684 -0.121245573353595 -0.0803257554201138 -0.163153839718462
0.0118725091413466 -0.0988393438180578 0.0273297796173856 -0.257228374119887
0.0748044078796955 0.0200513841241298 0.392106780131848 -0.0835349094463039
0.102369430134029 0.113820745330722 0.626083213907525 0.345570001149565
0.0161161066639836 0.177982823070781 0.34286154312839 0.723596772756883
-0.120052350074285 0.188760273468505 -0.188174882413595 0.64936310209665
-0.188431322882868 0.124479116913048 -0.241582208332406 0.275348674533777
-0.217625598900538 0.124125096082224 0.183720929707357 -0.0781719895807193
-0.13006642865594 0.163035227258577 0.464892894689331 -0.461152535692099
0.0106895757199713 0.228899269414506 0.204992874571533 -0.835654112774802
0.123898448419551 0.17758523583654 -0.381009903996146 -0.568221170542463
0.0910325672876337 0.00219470904889649 -0.570957091016464 -0.0142140582713503
0.0357397323591165 -0.100826488749338 -0.33834035043617 0.169021719807933
0.00409357927012779 -0.145279375398259 -0.0286893619962042 0.0552631972120849
-0.0319069103881916 -0.0507423371584809 -0.0261109377858659 0.150617362864041
0.0085218132504459 -0.0387619741697296 -0.0750903584021005 -0.16917268429168
0.0411570410543539 -0.0625105439129897 -0.00572633611358313 -0.276812774124638
0.036968386795653 -0.0085573533317166 0.351996142141347 -0.094770464316696
0.0172771217425827 0.0505180788440843 0.624196456463747 0.339080147012264
-0.0430079525441532 0.0891480784091108 0.370777170349993 0.748806835291185
-0.0850324262939499 0.0827241531126865 -0.196750836816915 0.695673869865934
-0.0899424940427395 0.0438431212967403 -0.291209865973788 0.311487236373118
-0.0942994094135908 0.0568921320186417 0.129603002409981 -0.0540222986620366
-0.0579404700510309 0.0726421123241513 0.453395989477622 -0.429230525652142
-0.00874108597090353 0.120307865963092 0.232221055810486 -0.828343948229297
0.0585223897830501 0.088927642525079 -0.379210660406871 -0.603292322585642
0.0600593396098047 -0.0267945585418238 -0.613212493893168 -0.0425486511511909
0.0318251414722352 -0.0717700967898814 -0.375118621736635 0.173844484895231
0.0043700478954876 -0.0802759191033731 -0.038953725539408 0.0861358065164047
-0.0181098149948692 0.0506741943517678 -0.0174724060691098 0.147985815934746
0.0424911427345665 0.0547883477210948 -0.0533061262326573 -0.175844192212285
0.0721880006198704 -0.00693883840979377 0.0205665136498838 -0.288590657660539
-0.00145164202954039 -0.0223343540865438 0.362144245861481 -0.0797430897606236
-0.0696749541872406 -0.01107667536733 0.60347813440962 0.379480535031769
-0.103886704818592 -0.0134398172724632 0.326446068305266 0.784593958053851
-0.0428224209674696 -0.0390399221235879 -0.237200870809987 0.694410847589881
0.0203743807013991 -0.0434747597349349 -0.29474440681215 0.311940397552718
0.042193081100082 -0.0101075220538542 0.126063027686449 -0.0628310473512998
0.0265981197144276 -0.0211695103285241 0.418538269749349 -0.452003660254127
-0.0186720944539565 -0.0052935649415743 0.159917299515001 -0.82255832508598
-0.0127772892126858 -0.021208273223098 -0.435924467625019 -0.570739621709417
0.0163758207287162 -0.0670299403399681 -0.638818878150311 -0.0208702350321471
0.0176319368395647 -0.0385409576507395 -0.369652967583255 0.18771853498559
0.000839185825865614 -0.00535879180998452 -0.0307395177345972 0.100227333628514
-0.00544912559691175 0.14293065986647 -0.0133105104919098 0.128328716331955
0.0671930283791729 0.131732092793132 -0.0200174831251506 -0.18312812089966
0.0799962357271854 0.039086793282262 0.100129998796617 -0.28070863619238
-0.0587376225077498 -0.0398188480506107 0.413973192024265 -0.0274846723215602
-0.149648628024862 -0.078051172224671 0.558093657891457 0.466545206157097
-0.137254926123339 -0.122143394493709 0.216679473406704 0.821687171992271
0.0183018332152605 -0.148660790326841 -0.291399947755157 0.640384961184835
0.121504813628746 -0.121834589967042 -0.247807853737606 0.274886465019314
0.146574292202472 -0.0843242885922059 0.167690729995735 -0.106674978353175
0.0708445827849247 -0.120440933632727 0.355504859535908 -0.518385644362767
-0.0562297098149802 -0.123143470378025 -0.0022431726956876 -0.801327460192201
-0.0880237744154419 -0.114875996310139 -0.539199373046115 -0.467851823257826
-0.0231422226435274 -0.0892423511570376 -0.629504078922407 0.0482073875059303
0.00673185166935696 0.00683946688529487 -0.315829993853577 0.207009571433252
-0.00215396944514641 0.0703386524717234 -0.00471782615339959 0.0944348162501601
0.00187528686859396 0.208189630188547 -0.00886743897276703 0.0948168454465537
0.0708665593252503 0.174933113994901 0.0316704726622238 -0.188404979621105
0.0513900268235026 0.0559247353151057 0.215605043280263 -0.248686466731754
-0.130970386042578 -0.0788554145143113 0.471178509832192 0.0688765919883947
-0.201757674573894 -0.156895277573668 0.465953289123512 0.584877020808669
-0.118827169935386 -0.223630462933324 0.0480767414568237 0.839148990570583
0.100592648342548 -0.224017470253006 -0.339723604367108 0.540038026801798
0.201623210834532 -0.181239722049599 -0.159431320098547 0.206782791802245
0.194391855003323 -0.162713783292348 0.222809080801068 -0.188723802995398
0.0494383287628739 -0.210497635075596 0.243273163709587 -0.600940162409266
-0.125019814636536 -0.204317810247698 -0.214510030104138 -0.737548653436358
-0.151263473955673 -0.159637810389328 -0.625360711480786 -0.313169862069838
-0.0387141587252602 -0.0757515330639493 -0.568048032027158 0.133747075418844
0.00695163365880814 0.0647592097035949 -0.220703047263303 0.22196900134184
0.000438699387722381 0.138946286595924 0.0301825845745996 0.0693474572031972
-0.00123879473013608 0.237849074419657 -0.000658532485773872 0.0539200145896777
0.050236028516432 0.181346391166451 0.102877454032958 -0.190849035193691
-0.00497537551002055 0.0412909997407527 0.344442855971461 -0.189069736769411
-0.191085027884005 -0.133634371982694 0.498909069696235 0.203897810629457
-0.20263720730471 -0.234055481434934 0.308143663546783 0.707441683891225
-0.0457841309578798 -0.294142222528301 -0.147287717747804 0.813325302975589
0.183973718005208 -0.247827834573188 -0.351378502381233 0.415539285550874
0.245233915911797 -0.211600719216036 -0.0436497892349159 0.117004410744543
0.186998510555912 -0.223410157385258 0.261820836281673 -0.300881925511433
-0.0108299165084044 -0.261789921863788 0.0896761048736272 -0.672164440382173
-0.18736767597993 -0.229960719478354 -0.417874323382101 -0.632046098824467
-0.173035652941008 -0.150826306691308 -0.651100319469379 -0.154529598155403
-0.0235988804458773 -0.0313131971051025 -0.448288548464922 0.200217403279286
0.0168770123675396 0.121984384644007 -0.106886526560248 0.222107875342543
0.00313195994229984 0.187653016178489 0.0619701718245111 0.0296046535655387
-0.0461201790812297 -0.219878794410028 -0.0531247014841401 0.0555756478246885
-0.0482723317606556 -0.171487285761926 0.00184101048853854 -0.17323517254454
0.0333270890129991 -0.0517452622765447 0.259851240460645 -0.223436974858205
0.176686405242043 0.145817962207666 0.55864458309159 0.00611185255059253
0.201620941164507 0.238489853799015 0.532196802824258 0.48329099587542
0.0193986918955767 0.283629697353749 0.119863486124785 0.700703792639236
-0.210496491314133 0.282229153701062 -0.210033583621139 0.459586559056005
-0.29838797319204 0.22274794423536 -0.0414539075056075 0.123105624061622
-0.286187705092612 0.261610939931241 0.348296751467941 -0.250723714568491
-0.0850877913716832 0.303408040113326 0.346753807747118 -0.660325801672946
0.146481843116974 0.310078686611054 -0.118673453155005 -0.806572961111678
0.207980345493551 0.196661370831444 -0.502302876290856 -0.330758098770071
0.0632875981540549 -0.0198681550391419 -0.431305520023903 0.134646616042753
-0.012763442002681 -0.161585187566436 -0.181643676540196 0.166327122355453
-0.0169198084032465 -0.219380896675085 0.0170650578540229 -0.0374460237302088
-0.0497970224314602 -0.198799268198833 -0.0500642436801641 0.100161427539936
-0.0469194330432514 -0.168604812269269 -0.0580193781173305 -0.166051490250305
0.00767810605703516 -0.0942897740398292 0.12216509474941 -0.239104307708685
0.126171782858883 0.0755848040689526 0.474222167401404 -0.0541736928814783
0.173703374459691 0.180192847861225 0.606243173568513 0.393447213973725
0.043331258861754 0.246866460822073 0.256826687254986 0.710410334879491
-0.16035820690223 0.261742364039208 -0.195858939247144 0.567289107499053
-0.261238932304271 0.189297838004973 -0.15297593311202 0.21023868018072
-0.286748262209858 0.198151720074278 0.268280769994176 -0.144372913455489
-0.142360914664629 0.249005112414803 0.437941626318267 -0.548697119641046
0.0679186540147524 0.299816304640355 0.07721839423113 -0.841065665538557
0.181278199721942 0.216414690846664 -0.438826392847792 -0.473318559477787
0.094894415222106 0.00460721665213552 -0.514399701370183 0.0544395901944971
0.0194960796550941 -0.132232817243615 -0.269036038164011 0.169078967071746
-0.00398923181504161 -0.195125458699945 -0.00889929759622091 0.0126987799135047
-0.0424389084660088 -0.138941402630512 -0.0406326014740252 0.133051522817684
-0.0245190242951732 -0.120560566139022 -0.0804038101809555 -0.162897541099804
0.012788621899579 -0.0990170378017383 0.0279004405500586 -0.258047639749436
0.0755732174600047 0.0208515888737912 0.393707427647123 -0.086256109257686
0.10393312998851 0.112555340178422 0.628723940686084 0.342126376105236
0.0161224111898228 0.17744061124304 0.345463414672264 0.724357205480838
-0.118574633660236 0.189842997375046 -0.18465869180054 0.650527791337679
-0.187888780117421 0.125954672178774 -0.240252852709959 0.277484673829558
-0.217346083639624 0.1245330868657 0.183126196418701 -0.0781626127133457
-0.130503544362471 0.163243132715634 0.464092640654707 -0.46294964336682
0.0110870467858412 0.22900054604486 0.20300425062249 -0.837168021740275
0.125233832225129 0.176728828107755 -0.384947247921278 -0.567325515211323
0.0914238177657051 0.00259688244518715 -0.571579692474348 -0.0117172652099838
0.0356583795824798 -0.102077853369283 -0.339100710022874 0.171369211043042
0.00359746424213864 -0.145440976139225 -0.0288924582910768 0.0560932214277527
-0.0321577658909817 -0.0503258773492943 -0.0256586396742937 0.15035322828139
0.0083616584201369 -0.0390409325982838 -0.0764367810244749 -0.168957211914123
0.0401766139918722 -0.0617839764164892 -0.00501524893946801 -0.277569681181119
0.0371034022660121 -0.00753344610219001 0.354133199041292 -0.098309484853673
0.0178652288748279 0.0500625268689936 0.626232943289099 0.337114096494497
-0.0413255434329866 0.0894745684559573 0.374603400685292 0.746911026105301
-0.0840526848693476 0.083282314991803 -0.194979444029781 0.6984295502092
-0.08926718570283 0.0448935694711174 -0.290369937475456 0.314004499838102
-0.0941897190695535 0.0574127338694144 0.129054829680068 -0.0540923751327229
-0.0581769285633866 0.0732796236525046 0.451000917127905 -0.430100790243639
-0.00754841631401343 0.119901741467344 0.228386138849098 -0.830081660133667
0.0600672512364177 0.0885423503438587 -0.382199011597889 -0.602593209521972
0.0601095264287307 -0.0270808792765958 -0.616610447706912 -0.0417650404571655
0.0312796890859134 -0.0723002736509056 -0.375625739219904 0.176690872826242
0.00324777682979832 -0.0802503070108894 -0.0383469323915191 0.0873993914654468
-0.0175015111932265 0.0502503878661281 -0.0176952570076914 0.148415693224611
0.0429186454562735 0.053901264708196 -0.0552183406241615 -0.174786204719289
0.0719502319544558 -0.00675387700238544 0.0218334915566844 -0.289854093271526
-0.00120035582871515 -0.0212250704946594 0.363609342534255 -0.0818461319695605
-0.0699880690940156 -0.0108993740273652 0.606296561855488 0.378927886455651
-0.103771931962867 -0.0123986577746849 0.33089838810297 0.784298196360533
-0.042155761717198 -0.0385626113872131 -0.234697628818985 0.696979593088964
0.0199105247610484 -0.0432374754647871 -0.293176152389829 0.313577673117319
0.0424381244814047 -0.00995481907396752 0.125947072274137 -0.062322386006501
0.0265142253765658 -0.0216657416962122 0.417509258450518 -0.453633982790831
-0.0192947332248116 -0.005667780382647 0.157911863810069 -0.822999690590285
-0.0123759699633937 -0.0215280150549239 -0.440617736978579 -0.570092990984416
0.0154879240700779 -0.0671659311216977 -0.641970064379365 -0.01749389257086
0.0173500477345393 -0.0383859993192855 -0.3705502788638 0.190860985493918
0.000425483464482521 -0.00580258103762445 -0.0307390094604948 0.10140220470449
-0.00470247401694758 0.141817760957232 -0.0135046952832844 0.128113850581996
0.0674125842729302 0.131056465498604 -0.0217210205082177 -0.182103185434953
0.0800660828669282 0.0394161119120773 0.100195612375979 -0.28228059819324
-0.0580843100736618 -0.0393694372891789 0.414764959674999 -0.0304266925645436
-0.150034137131289 -0.0779803437492839 0.562594337486861 0.465928302661187
-0.137343393965352 -0.12176029821722 0.221102162286425 0.821857206955197
0.0190959812544965 -0.149406541650667 -0.291095328129815 0.643355890230189
0.122529125737784 -0.123217297738391 -0.246956988236566 0.275566660366746
0.147357024385285 -0.0853463772496885 0.167142212454716 -0.10614351083936
0.0701814239527734 -0.121411350365238 0.352653908047799 -0.519499684060041
-0.0570390909928628 -0.123763625514711 -0.0059444461081921 -0.802043141464011
-0.0884587254536273 -0.1144195562031 -0.543174131268845 -0.465677798808121
-0.0244592288476026 -0.0891715958554568 -0.631380162488243 0.0514096393562673
0.00583662871677041 0.00720028857432278 -0.315256581680978 0.210091147420604
-0.00159243857963469 0.0705666827292748 -0.00378703673501628 0.0948054022729502
0.00299303548447719 0.207387535939739 -0.010573385297005 0.0940823177732234
0.071329792063656 0.174965155812211 0.029835850307539 -0.188516026234886
0.0508914598459129 0.0554428672206849 0.21667501616275 -0.250359707099592
-0.130663260246104 -0.0765584495515527 0.472980688435519 0.066052271268192
-0.202521483754773 -0.157142480491477 0.469380860598696 0.584719125554866
-0.118575589736434 -0.223484269372288 0.0518580280637404 0.84007736508138
0.100191345512748 -0.224743840018038 -0.338382763837078 0.543076506559653
0.201955742517064 -0.182625405453098 -0.158849531855605 0.207276282379839
0.195151422705883 -0.164116357040038 0.222758399469049 -0.188388830213143
0.0494244178643494 -0.211486061645575 0.238755890526148 -0.604253328490109
-0.126480629803617 -0.203954368709276 -0.219642883538412 -0.736785181826094
-0.152968060607884 -0.159414077438769 -0.628173714215114 -0.311373722079262
-0.0404484929220278 -0.0764780294981026 -0.56927361582654 0.137606971100043
0.00656168021186082 0.064538995133257 -0.220426072049947 0.22389477215515
4.6861171709343E-05 0.139178175360855 0.0309179254151729 0.0704889259146046
-0.000109141863290261 0.237769916974285 -0.00124374207709373 0.0528551395977505
0.0500217494298353 0.181421564482032 0.10169746862271 -0.19077155236219
-0.00541605372479604 0.0415458168211967 0.34620164589479 -0.191430141535314
-0.191645131453784 -0.131825474502661 0.502424155358234 0.200614096217396
-0.203300139417316 -0.233119769540156 0.314180919006395 0.707316254368205
-0.0466622667211482 -0.293795358617852 -0.142781565832616 0.815188564085491
0.184341346164323 -0.247869604817472 -0.351066711370704 0.415988068388207
0.245687707420749 -0.212291508372079 -0.0429266224645248 0.117777348412265
0.188061082893197 -0.224861013565411 0.260822999765231 -0.302130587684825
-0.0129463492226731 -0.261915660321876 0.0880889029091664 -0.67434824702971
-0.188461939577567 -0.229132275607856 -0.422232467659784 -0.632030072492884
-0.173754398759949 -0.150086050227096 -0.654864347207005 -0.150976388296868
-0.0253847778043882 -0.0314672756136636 -0.450790567073552 0.203778601877298
0.01671648483413 0.122284034987943 -0.107496219338552 0.223559534814749
0.00395851358701606 0.188009126496612 0.0620647605858573 0.0297398230209286
-0.0479959329029537 -0.220052085770249 -0.0535670178690601 0.0571490363580669
-0.0486790519858546 -0.171660298740519 0.00138336505933324 -0.172746518170223
0.0338258193741187 -0.0523002322546532 0.260830829374314 -0.22651926091901
0.179555987511233 0.144969919609219 0.558762679054834 0.00298987188613757
0.202588877143011 0.238125950457362 0.537274483093399 0.484310074481997
0.0202012218151764 0.283492686611865 0.123247679100544 0.702930825177948
-0.208909650317055 0.284801103379136 -0.209500824977011 0.462178494369676
-0.298687553902984 0.225211388533005 -0.0410562547291728 0.124693110576741
-0.286564974653203 0.263168949460849 0.348939142944848 -0.252299232967098
-0.0842578822145028 0.305421706623701 0.345391629161731 -0.664714862700115
0.148530992671325 0.310240328971265 -0.122417203752866 -0.808128041217674
0.209751046146276 0.196342733842028 -0.506009371161108 -0.330951405670037
0.0640047019905457 -0.0195317032125526 -0.432336871774063 0.136337908946393
-0.0132929181955075 -0.161820899710736 -0.182300047430782 0.167847533418303
-0.018642557656185 -0.219083124485128 0.0182737535707938 -0.0364288009801319
-0.0515562125328009 -0.198599388160788 -0.0504163272441348 0.101079850751352
-0.04731186033696 -0.16897276879515 -0.0584702933362413 -0.165068118783206
0.00795799621322034 -0.0952157272491742 0.121720260089104 -0.240396992949986
0.127907821573887 0.0759063373253824 0.475233773806559 -0.0577798278398917
0.174610175584477 0.178996437562985 0.611262033259457 0.393059794365301
0.0446995102620847 0.247976922037013 0.260790279161679 0.712729604304738
-0.160160943061552 0.264203781863633 -0.195683381590939 0.57056322603611
-0.261547432483968 0.190399948632444 -0.152513561889808 0.212162211969031
-0.287171332826569 0.200502842275324 0.26963500065211 -0.144827949557327
-0.141740681655487 0.251007180045765 0.436812652867503 -0.551907278867531
0.0691326863619958 0.300393616465337 0.0723376288462518 -0.84162386803049
0.183498645635313 0.214711077054709 -0.443360302829808 -0.472546399806137
0.0954057283744696 0.0041917831442578 -0.515809555186237 0.0575560758197753
0.0201120844907372 -0.132339080495 -0.270073263334273 0.170619873083774
-0.00548357444016998 -0.195100760272027 -0.00823090165441598 0.0126644424897717
-0.0433728542354251 -0.138579509285963 -0.04030976307369 0.133111538127303
-0.0250389623045399 -0.120757474701954 -0.0811731634815967 -0.162611721363774
0.0119260858232067 -0.100087361008362 0.027545998189996 -0.258610668307967
0.0766297951863213 0.0202460551138067 0.394356543138661 -0.0881677870971159
0.104181893331306 0.112731426306435 0.634907359980363 0.341946833617808
0.0178441200308857 0.178569780978952 0.351209826040082 0.725621544323109
-0.116784919040036 0.191225520742226 -0.184310503703667 0.655144663475834
-0.18829142419861 0.127188647000831 -0.239878573086489 0.27996131561783
-0.216803318465895 0.126602809819079 0.182990518038614 -0.0785856052364673
-0.13035792522192 0.164439139566306 0.463120901618346 -0.463988054123026
0.0127623014417729 0.229217916787256 0.198599330890267 -0.841644995380301
0.126440883960086 0.176535226706705 -0.388797868252828 -0.56726530703012
0.0921290933843051 0.00268939040149045 -0.574859498867841 -0.00965998087991422
0.036068459964591 -0.102360368306898 -0.341560395082792 0.17419827965286
0.00275054624300357 -0.146329718083554 -0.0281085449873346 0.0570416770176046
-0.0333250522651083 -0.0496335103756568 -0.02586436471376 0.151203499141517
0.0080262574023915 -0.0391178801765866 -0.076873720834789 -0.167481275520671
0.0413829197918136 -0.0624557924266992 -0.00568302335477455 -0.279027715236879
0.0388020441903978 -0.0081884501724755 0.355642909123645 -0.100629941922062
0.0189564422365304 0.0491688796231196 0.631591971615131 0.335210469744772
-0.0413147740217975 0.0898518759559018 0.378518591276985 0.749701343206811
-0.0832609716893428 0.0838505982362225 -0.191683495522924 0.701824739906946
-0.0893003912377968 0.0454361143432492 -0.288907021190718 0.315904809990715
-0.0934168617078993 0.0570828069391735 0.129216408042587 -0.0534758024967424
-0.0588558137005508 0.0728962608486916 0.45055887335587 -0.433896607979924
-0.00787793915978901 0.120044911844214 0.225676500592831 -0.833546299230238
0.0606572548627842 0.0883454563364972 -0.388334989499787 -0.603251736181722
0.0601334461546152 -0.0273232849827359 -0.618944844593519 -0.0373433138672766
0.0307477252573552 -0.0715858195070755 -0.377088302361758 0.180004058316829
0.00286137074089977 -0.0808067017114544 -0.0376499371112013 0.0883090463466362
-0.0176597818310704 0.0509258136442331 -0.0182743934133798 0.148267947468164
0.0427365478442527 0.053288517156915 -0.0563747717788549 -0.175762621496855
0.0715218668227068 -0.00632031815825206 0.0211723144574968 -0.290656731535053
-0.000929726491710475 -0.0208898045518038 0.365485327634222 -0.0852934851045753
-0.0702688011566675 -0.010443455847008 0.610959637451082 0.376250608171556
-0.102820819177201 -0.0120148881907766 0.333283363885804 0.785316895216861
-0.0417195255647485 -0.0379845893224117 -0.232084485162548 0.700500331110754
0.0207688972141525 -0.0433455098043889 -0.292947175214069 0.315828362181069
0.0429699360618773 -0.00992696959712543 0.126637125097505 -0.0615102590947147
0.0261054954846181 -0.0219774583984776 0.416095611557056 -0.454736505156626
-0.0187427885770142 -0.00539409743666968 0.153032096366745 -0.82632789115298
-0.0118793114197479 -0.0208480007922697 -0.443853973441504 -0.572088378981326
0.0142649172545584 -0.0668130283676351 -0.643829808622577 -0.0136974323424828
0.0165072955894462 -0.0385272664599611 -0.371855598969426 0.192613783185994
0.000553830173934098 -0.00532097596120476 -0.0295722056878949 0.101966189843515
-0.0029489913818719 0.143321929486046 -0.0140079385868543 0.128135090048408
0.0680222049592344 0.132063342390024 -0.0222705586973318 -0.182576660953929
0.0799193814345014 0.0396249071292446 0.100567449143969 -0.283568161671932
-0.0584121315703934 -0.0373666469977955 0.417676986177358 -0.0322460598796874
-0.15037071220798 -0.077556978302009 0.568183269821413 0.465836899083962
-0.137513367802872 -0.121538183650752 0.223763786930954 0.824457820871849
0.0190800214554493 -0.14907796167344 -0.288903169060657 0.644995876121875
0.122359267266685 -0.12443438980651 -0.246772240536537 0.278324607256513
0.148017442023139 -0.0863175740276169 0.166971064973915 -0.106321184994003
0.0700330447068114 -0.122124254392906 0.35071601099774 -0.522766852152899
-0.0571969663977383 -0.124257542028017 -0.0109431791174171 -0.805656699371625
-0.089484823318596 -0.114699974623688 -0.546408427073103 -0.464946532290154
-0.0251023606040666 -0.0891236548300232 -0.634313885782991 0.0562502531935154
0.0051513200783217 0.00661413968343572 -0.317123516158901 0.211686410799315
-0.00162740641199399 0.0711827918428915 -0.00307066235369779 0.0960417321119804
0.00357320160249507 0.20770577756968 -0.0103514635016864 0.0936896929588405
0.0719561030891751 0.174692471291505 0.0292374314286875 -0.188848681557972
0.0508813325542495 0.0560253143579488 0.217312009227732 -0.252827819726433
-0.131075377869624 -0.0746532087568294 0.476021170247596 0.0622415612511726
-0.203789766148694 -0.156123129814114 0.474705073044032 0.586116732479801
-0.120150626380053 -0.224793240071847 0.054527675770157 0.843826476318105
0.100704593621725 -0.225510919874661 -0.337093866279083 0.545065325145787
0.202413301845546 -0.184921974306761 -0.158057893815018 0.209292765587635
0.195568925861664 -0.16557338977075 0.222406473248544 -0.18938206518476
0.048219660734401 -0.21241910993451 0.237198959238488 -0.606055270210038
-0.127674867312251 -0.20375262015024 -0.222938446672885 -0.738432508248368
-0.153982894540118 -0.158688171173615 -0.632560262928346 -0.309527510868055
-0.0417376426957557 -0.0758952015088922 -0.571040098022721 0.142515570748237
0.00609561223479992 0.065053526741249 -0.220096383442463 0.22588846055678
0.000525312866964873 0.138915971085577 0.0310826378809434 0.0703487112084848
0.00162920954183336 0.237979088899551 -0.00145264780972644 0.0527543756589541
0.0495385362832748 0.18084653793096 0.100757987856096 -0.19096902339731
-0.00640079897302098 0.0421193785701688 0.346894942158229 -0.193638423759104
-0.19251075073846 -0.129690785240109 0.506259162688988 0.199282166570509
-0.203992782940468 -0.233227080924468 0.318239044911249 0.708626236076122
-0.0472605440718955 -0.295068537946621 -0.138937822190781 0.819765622174347
0.18513721615734 -0.248747302919749 -0.350304099231006 0.417022043080122
0.24596128170416 -0.215037143375991 -0.0422059403182032 0.117629214340668
0.188153294369279 -0.227011232050631 0.260341974318331 -0.303530504833499
-0.0140525678321347 -0.263157539436064 0.0833473603271216 -0.677222253858845
-0.189396730173848 -0.228998859814689 -0.426903109760713 -0.630348579460257
-0.175404306348756 -0.149052966099159 -0.65874382016151 -0.147579459191383
-0.0267026185903663 -0.0309843552380822 -0.450760716745895 0.206809551367142
0.0166655386798008 0.12230153991418 -0.10705493738358 0.226142617351397
0.00488664181272477 0.188151186470438 0.0622686470988675 0.030168273733967
-0.0486180212339774 -0.219819424848587 -0.0542585269222185 0.0582091154210671
-0.0484804878253177 -0.1718545723935 0.00149895253296431 -0.173931896129983
0.0343465143889621 -0.0529820852833309 0.261059972447753 -0.229816839730705
0.18159910024504 0.144393237839851 0.56164565003113 -0.000520878366369484
0.205073267244924 0.236876748369877 0.543956645514834 0.482600917922471
0.0222051334439012 0.284623901185455 0.127705039718678 0.705075090753771
-0.207926392326423 0.287628944966424 -0.206414616458254 0.465798141585085
-0.298453817932963 0.228803776468624 -0.0398491690694432 0.126304038967275
-0.286367149926204 0.265326415072052 0.348533945386241 -0.25469931504172
-0.0834278049496917 0.307722910688545 0.342249528527988 -0.6677395049743
0.15127562817332 0.310619444615032 -0.128656924218956 -0.809973284362544
0.213167838227415 0.195054565975885 -0.510889926515195 -0.329596998585165
0.0644228494178308 -0.0201948727340662 -0.434481615676681 0.139020316112965
-0.0132389482737722 -0.162606427276522 -0.181803615356221 0.170262598162039
-0.0199605519676555 -0.219811396890537 0.017898668866495 -0.0359820084373464
-0.0518102027204582 -0.199865269592713 -0.0509942260088739 0.102288648257933
-0.0480016393391615 -0.168781596868647 -0.0594339745036732 -0.165375079584075
0.00806236517970821 -0.0955330762140632 0.121948025613649 -0.243100323142232
0.130227636903271 0.0754243601288117 0.477471628864442 -0.0618659210966943
0.17690311873571 0.178174660084926 0.618159329136007 0.390042065190581
0.046049069154499 0.247923212464509 0.266097637137934 0.715186161196989
-0.158608017946098 0.266443682556957 -0.191422454081513 0.574141149378972
-0.2607676626722 0.193101813146575 -0.151325887833557 0.21439356419058
-0.287088425312892 0.202704467273977 0.269006384625021 -0.14635441255322
-0.141346764797284 0.252517612292154 0.435491241174645 -0.554628717231439
0.0712706444321683 0.300026845423782 0.0679968428568205 -0.846981938171222
0.185176066791303 0.214356791684147 -0.448581875992924 -0.472065856319231
0.0961993175847327 0.00415129427087229 -0.518910688158119 0.0602409697444424
0.0197894588063477 -0.133414096069583 -0.270436149757892 0.173425552849159
-0.0065551008538943 -0.195268343354757 -0.00799860871899347 0.0138103444638446
-0.0442359347374911 -0.138735036815828 -0.0400206185286708 0.134175174071328
-0.0251555806105598 -0.122162395923278 -0.0821745764795111 -0.161839952254099
0.0124106358170205 -0.0999881458899288 0.0273742096058322 -0.260582915095143
0.0779865797367208 0.0201431591217896 0.395690283395649 -0.0918101097633744
0.105307344979029 0.111432278165547 0.639505974433073 0.340556302249286
0.0187410112534349 0.178649868479591 0.355539343698018 0.726806198627657
-0.116598513978162 0.193043990870854 -0.181057750123097 0.659827813923227
-0.186990548631643 0.129355132921782 -0.238834569049643 0.281484809824083
-0.216679685290258 0.127741262763253 0.183684016639781 -0.078812124664922
-0.130501543159187 0.165573463690483 0.462371807296908 -0.466661919014969
0.013657628321621 0.229165362112231 0.193384655140319 -0.844224159107806
0.129033376466461 0.175790151189788 -0.393502604424271 -0.568082014245483
0.0921559078864689 0.00197553487534964 -0.578269041749652 -0.00645403857507518
0.0353531700482778 -0.103337242854872 -0.341834985764213 0.177564448846456
0.00044826731427156 -0.146086556376785 -0.0280152132462048 0.058669809653512
-0.0334527686009326 -0.0501644024828355 -0.0261444628825552 0.151698955115635
0.00812320134694506 -0.0398167619719114 -0.0773024026196264 -0.167934035480215
0.0402477003011072 -0.0623815016050006 -0.00524386445170008 -0.279386681592256
0.0399431717345753 -0.00797511429561296 0.35633321973976 -0.10463317580082
0.01956759236395 0.048869880607407 0.636668800009914 0.334160618800018
-0.0407682358221582 0.0897556778670124 0.38431574043925 0.751386671078077
-0.0823391151779002 0.0851462114779466 -0.18979665816097 0.705459372084821
-0.088765694474604 0.046045932821949 -0.288366383524635 0.319493507476685
-0.0923492221594802 0.058516887682963 0.129659649749371 -0.0534875057654637
-0.0589631412481696 0.0732100089968322 0.449027196292366 -0.435504710903867
-0.0068262415062215 0.120337234912531 0.223222143953669 -0.837366972469054
0.0615574954636822 0.0880020776302209 -0.392776182233629 -0.602936921949358
0.0604570854297661 -0.0279296454605806 -0.622433466457903 -0.0347561420612967
0.030284234849341 -0.0725027549869434 -0.377349510216581 0.183253959513101
0.00160371001690685 -0.0809899975860973 -0.0375165700620797 0.0897444326984066
-0.0170262248341813 0.0505535641071644 -0.0180536865224179 0.14806043488692
0.0437153048751389 0.0535489907875472 -0.0573394882408923 -0.174185195219422
0.0724369502658027 -0.00684767100132944 0.0200770602075674 -0.292543323047661
-0.000145649920643143 -0.0198793984941904 0.366890528007573 -0.0884638047959451
-0.0699475560717983 -0.0103508814178631 0.61606859876317 0.375595620544613
-0.103388851540588 -0.0118264137828259 0.340571383290976 0.78699283661842
-0.041487777581454 -0.0376007900742477 -0.227855891695314 0.704431957936767
0.0209552020008248 -0.0444034245045064 -0.292473934744258 0.319586703108321
0.0435166364049509 -0.0104886707094984 0.126238030482657 -0.0623969888318697
0.0256983815820978 -0.0226145101757682 0.414652674026827 -0.457062122417781
-0.018874663307644 -0.00574416203070935 0.148806077006719 -0.830150477555518
-0.0123114357585385 -0.021365853952211 -0.451323095868442 -0.571168659132218
0.0145132290511949 -0.0679690819700694 -0.648751137466224 -0.0103141260491179
0.0163278919304339 -0.038982643516487 -0.373064328462472 0.196637129171314
-0.000604942130925496 -0.00614859858040458 -0.0286539523695449 0.102776945804183
-0.00287178138100546 0.142708765362974 -0.0138214603282472 0.128173840478415
0.0685360890361736 0.130746796483423 -0.0238017626188989 -0.181808137039156
0.0803498123144991 0.0392999583578243 0.10036914860635 -0.286271853092248
-0.0584640450720319 -0.0355552272468002 0.419725367470166 -0.0370605476763446
-0.150746299615975 -0.0766589436299302 0.572456800426968 0.463767445505877
-0.138278313914321 -0.121204051529272 0.231019493234551 0.824833410006261
0.0186837386601316 -0.149799214158639 -0.28642793511014 0.649757774411314
0.123403920158514 -0.124843292418942 -0.245496660295816 0.280852566029751
0.148333869671182 -0.0875315238691213 0.167365354095364 -0.106682864889756
0.0686760194772167 -0.123589731034997 0.350106375212784 -0.524075001942489
-0.0586243942008815 -0.123377788049108 -0.0166772017374139 -0.806425030094875
-0.0910470705960669 -0.113669645263279 -0.551954726287094 -0.463236664586234
-0.0259875581775851 -0.0894084602578766 -0.637775246334603 0.059651383643814
0.00464391715873673 0.00743942317071682 -0.318023282698678 0.215928283030099
-0.00185321482867419 0.0710976786585993 -0.00233383978363111 0.0971051421152988
0.00558690030614275 0.208101812721094 -0.0099977149723179 0.093402748349398
0.072254080532057 0.174597850771002 0.0276673822224312 -0.189869471561458
0.0504715150120119 0.0566926772358741 0.21761938066576 -0.255832377491122
-0.131595198910231 -0.0724282196140898 0.480110226461748 0.0589629899447767
-0.204453230995903 -0.156526357699107 0.479714466351439 0.584472934579523
-0.12088395216409 -0.225006271619967 0.0600445803486579 0.846828655882786
0.100573189239069 -0.225896260800504 -0.336185669137392 0.547714901040095
0.202860699906323 -0.186809613871209 -0.158129687453358 0.211213583815059
0.196434271243915 -0.167567701495141 0.222426142679774 -0.190496537122997
0.0473263471392767 -0.214032651187279 0.233634111259225 -0.609182246581547
-0.12876494170785 -0.20400564913895 -0.228864782812898 -0.739615923142809
-0.155627017446334 -0.157819417192495 -0.638015151523747 -0.305688758363859
-0.0422360313551588 -0.0756442200923684 -0.572879449065741 0.146265438354977
0.0053513332825366 0.06560033018301 -0.221437104642059 0.228698403293272
0.000971524147524468 0.139127913625208 0.0316536779748071 0.0706469424247979
0.00260396012280614 0.238755396175072 -0.00166666097956706 0.0523880375960996
0.0501567701555464 0.181417440320104 0.0997946448350204 -0.19203094110654
-0.00678116565392056 0.0426953655989554 0.348567382723231 -0.19674012534894
-0.193472170717455 -0.12813677347054 0.510650231255993 0.196253888205996
-0.206151813865849 -0.233173555950972 0.324427469402148 0.709784704041222
-0.0472641325173244 -0.295763605444584 -0.135885651686234 0.821405041437528
0.185757307423104 -0.250510987199968 -0.348902571006677 0.420580872857932
0.246813632124348 -0.217232752361618 -0.042181521569157 0.11794278535649
0.187048955137335 -0.228567338849508 0.257956115370655 -0.304898723313913
-0.0144104778112547 -0.263511304789371 0.0796555731490261 -0.680080177008287
-0.191425320879549 -0.229654823893927 -0.434356089752535 -0.631522648409838
-0.177192069347403 -0.148341357605187 -0.662872460746955 -0.143191240801656
-0.0269264181648246 -0.0308976625022059 -0.453070293640104 0.212642963457684
0.0162198295560117 0.122801784713015 -0.106969312881095 0.228016910425644
0.00559532863059676 0.188402840191828 0.0632259940888853 0.0300311948685944
-0.0505682038402035 -0.219959583647173 -0.0536022069233524 0.0582966979033952
-0.0494917230051474 -0.172197023590803 0.00121718430810449 -0.173997123135941
0.03517590967647 -0.0541181918586042 0.260955899592835 -0.232486362285763
0.185014007754575 0.143672514701523 0.564328329287769 -0.00592891097656685
0.207007265730008 0.235318700113492 0.551589607999413 0.481321589923546
0.0231628117455224 0.285516524342874 0.133112317748284 0.707525608494759
-0.205941980953451 0.289663004817741 -0.205219921461833 0.469182939672105
-0.29782693215862 0.230847029070792 -0.0392680141017067 0.128457855260496
-0.284992896501292 0.268423808889202 0.348347184300196 -0.257017423507747
-0.0824070087381261 0.309075562727541 0.340226794796209 -0.672723954940228
0.152921794517295 0.310180268848488 -0.134338276387036 -0.812608024078069
0.21490986782028 0.193467360186075 -0.515447783960516 -0.32682392777379
0.0645600056836017 -0.0209446579032197 -0.436178921088084 0.142164952298712
-0.0132455261446369 -0.16331069165425 -0.183418722741003 0.172167492872387
-0.0219025950384141 -0.219846609684504 0.0179381786314836 -0.0356533338216413
-0.0534772498206027 -0.199305240970942 -0.0504446037233493 0.102510453801967
-0.0479118778334301 -0.169579445315086 -0.0595674890268101 -0.165093137305375
0.00807984635334107 -0.0963552329260063 0.121983716774562 -0.244826713076812
0.133249641868979 0.0741658242534544 0.479051292551352 -0.0663092011824375
0.178317578559617 0.177293793041445 0.623947414117689 0.388461092239653
0.0474922016489954 0.249462808091004 0.272752164129065 0.717533152207942
-0.156990974468883 0.269733151418705 -0.189256151527312 0.577973713811625
-0.260442295079745 0.196363539407385 -0.149818601046172 0.217424963739187
-0.286197114763592 0.205285200019404 0.269916201387866 -0.14785580066022
-0.140521581325381 0.25433740032675 0.432851106626825 -0.560463189138655
0.0729691257484492 0.300790820905704 0.0621376339215519 -0.852173275360513
0.187730635279306 0.214045099108525 -0.45379909785207 -0.47106248544167
0.0969294640370071 0.00412508017682336 -0.522002578044089 0.0630167363698175
0.0197187154281689 -0.13420042414775 -0.271473054046258 0.175907848089356
-0.00869755412341671 -0.195890724477771 -0.0076367051205454 0.0145668865780394
-0.044530955161281 -0.139389352006291 -0.0401953772680218 0.134176451839907
-0.0254868999376426 -0.121833605444392 -0.0825798899731549 -0.160710181385977
0.0124163146980051 -0.100299108686407 0.0261746791477943 -0.262903400806315
0.0802911658818028 0.0190085986052068 0.396474721921363 -0.0972541541266031
0.107186414545686 0.110759216320371 0.645529768505876 0.336578990098082
0.0206305649951214 0.178914109576337 0.363345800292918 0.72663153431581
-0.114881739861586 0.195348907744842 -0.176923004863464 0.663509615235615
-0.187159630372688 0.130543018614387 -0.238315353301584 0.285978967604264
-0.216774897932027 0.129799597682341 0.184066131259749 -0.0794665814283291
-0.129742731997286 0.166604976219717 0.459793993722055 -0.469727073586498
0.0150311207206646 0.230727428142703 0.189085185340866 -0.849048006519104
0.130270665993826 0.175028190184415 -0.399238481829128 -0.569642687208622
0.092804985496608 0.00181498341319581 -0.581041119093682 -0.00205391517583729
0.0352803649220146 -0.103840042378878 -0.342055087129723 0.181257357235232
-0.00023508432762665 -0.146571802657977 -0.0266762421255651 0.0593201962940928
-0.0333476746518768 -0.0503827660407019 -0.0256277392516157 0.152139292765048
0.00810210911403883 -0.0398673768302976 -0.0784665137314582 -0.167082924248594
0.0407629118020558 -0.062929307729903 -0.00702039029643794 -0.280989469830879
0.0412910868371407 -0.00698865520399639 0.357115623557536 -0.108329276201683
0.0200560150374046 0.0490119218587186 0.644118572446289 0.330743934065098
-0.0394874983749404 0.0903503412657116 0.389762230333946 0.750591040939122
-0.0812528024932888 0.0864383507174669 -0.184627192233919 0.710545171375233
-0.0880708393847755 0.0464820295827529 -0.287492833726285 0.323277161255361
-0.092178848280178 0.0594685754883576 0.129738744671654 -0.0533593387661999
-0.0581767715555926 0.0740599443483719 0.447381883329645 -0.439828033855232
-0.00569529150566251 0.120970921454482 0.216301906464749 -0.842505757433391
0.0624719049661978 0.0873077959783385 -0.398757584740681 -0.604369800687742
0.0600601722201377 -0.027923485222284 -0.626741518889382 -0.0299439240440938
0.0298677341369539 -0.0726323219965484 -0.379449113990507 0.187145411769386
0.000755684513383876 -0.0813158113095093 -0.0369346229492861 0.0904580915479756
-0.0168025339523134 0.0511178153346884 -0.0180883739316648 0.148901072537346
0.0437407479865125 0.0527269175813449 -0.0593871434436541 -0.174436464189582
0.0722494710950223 -0.00719446999575064 0.0195328475664676 -0.294140560220574
0.000196500665116244 -0.019379710899904 0.36856570339928 -0.0932346867387133
-0.0698012027525122 -0.0106921048024949 0.622413459931856 0.374156835497318
-0.103276064169281 -0.0111826850664061 0.347039977546636 0.789607519292739
-0.0410260486634496 -0.0380858546576251 -0.225920840382355 0.708536648657395
0.0210839401063273 -0.0444368806178664 -0.289945225778863 0.323490989373615
0.0443105900990359 -0.0106214711832321 0.126877981502922 -0.0625432247998719
0.0256906629225588 -0.0235285164340851 0.41434139282428 -0.461798630934155
-0.0189604465085797 -0.00584673386672602 0.142499049453269 -0.834124415767317
-0.0131236069825427 -0.0209216532836594 -0.456688655636807 -0.570601970622789
0.0129290677801338 -0.067616132040949 -0.651914850409766 -0.00521807477175688
0.0156235425569941 -0.0389038495239131 -0.37364544131447 0.201818289051667
-0.000715861196338779 -0.00591163008982612 -0.028833735171584 0.103841424299813
-0.00128579103290787 0.143391593902226 -0.0138497983549441 0.127879759028574
0.0688813976850242 0.130265401019292 -0.0251170835132097 -0.181733976399671
0.0800973800320123 0.038995977747833 0.0996843370153057 -0.288046894917461
-0.0584109409017529 -0.0346128626782184 0.421984798158145 -0.0402659942021289
-0.152025012215562 -0.0760953909534202 0.579885514806074 0.463346135486067
-0.13870656679441 -0.120619155070791 0.236881824159317 0.827948545237337
0.0191582992525068 -0.150594061070486 -0.283649164429213 0.65517640445027
0.123587917731075 -0.126708062070361 -0.245104243055041 0.284018797810906
0.148869095090469 -0.0887992068089456 0.167563761453981 -0.107169390422545
0.0682723031562584 -0.124579944306077 0.346851290039993 -0.529448258239133
-0.0594049302722452 -0.123719863113619 -0.022427590299459 -0.810243441088506
-0.0910595048309886 -0.113621983477898 -0.559545504793999 -0.461702074980685
-0.0276242759527202 -0.0892574669248453 -0.640872067705684 0.0656533153717592
0.00413561409973265 0.00755507573528585 -0.317305682824166 0.219545026767305
-0.00170599864731028 0.0711673147091798 -0.00195324168088486 0.0979275393858826
0.00645332137025104 0.208273065330551 -0.0114060189429556 0.0941857987278783
0.0731222824298069 0.174802680968616 0.0266714169119058 -0.188846429271192
0.050176201591812 0.0565813408991811 0.217341000075083 -0.258263154786696
-0.13174396442842 -0.0715102173516034 0.482725807566402 0.0553474469738894
-0.20629641822241 -0.15497868252087 0.487663663760166 0.586129551519175
-0.121046828177348 -0.225070171745969 0.0656305982142995 0.849251852956185
0.100881982246549 -0.226863684008831 -0.333847185971511 0.552500685410199
0.203389696196341 -0.189410298403848 -0.156632862456681 0.212875316814624
0.196194438882811 -0.169779261708148 0.22192896776476 -0.192357878293831
0.0459030343464262 -0.214669117236329 0.231704224373095 -0.613544924129968
-0.130699438246716 -0.204491622740095 -0.235250825236358 -0.740340316531964
-0.157596240308624 -0.15736381078668 -0.643920034036327 -0.301754898250945
-0.0443947376598069 -0.0753860546072809 -0.574335637194146 0.152350116328286
0.0055392437555892 0.0661357752271546 -0.221345147737248 0.231535074534712
0.00174296057533933 0.139270619152913 0.0329239851133152 0.0719629447831574
0.00390010483565929 0.239555319318495 -0.00221770447671518 0.0521029357147394
0.0510422700567189 0.18199197751335 0.099215222921739 -0.193514125766029
-0.00677572111507897 0.0433977108097554 0.349520354047837 -0.19970439118125
-0.194614046366867 -0.126235273805106 0.51416565606789 0.19239356824071
-0.20801916038397 -0.233477286330268 0.330282770630893 0.71328522149926
-0.0494562907928052 -0.297636795423755 -0.130721483303346 0.825895196499867
0.185693227665755 -0.252492039638762 -0.348725518022087 0.423169594751526
0.247587414702712 -0.220323097228494 -0.0412111451845075 0.118869736792802
0.187027199667423 -0.231764956952893 0.258629546454832 -0.306832187970981
-0.016712484172365 -0.264748986706634 0.0750909927011929 -0.682132003303773
-0.194840484889185 -0.228196562040367 -0.440586814688228 -0.630073268031636
-0.178448290896843 -0.147167381465196 -0.666655762995061 -0.139812913009983
-0.0289573423808152 -0.0306482408669833 -0.4537399858625 0.21724433446685
0.0161345154667334 0.1235542777322 -0.106494411525677 0.229796879511249
0.00600813628009942 0.188681449406406 0.0634587404900658 0.0311735276951692
-0.0522447089367579 -0.220437328434036 -0.0537846404782286 0.0597030547659758
-0.0503760884038564 -0.173546169372868 0.00022500230444306 -0.174325107837711
0.0345418022982042 -0.0550035776098192 0.260835037711626 -0.237009073078663
0.188049187789564 0.142433534720583 0.568086143133651 -0.0104359236042923
0.21016070459139 0.235178804072622 0.559751230324826 0.479030879818425
0.0247926559437084 0.287296006823582 0.1401902169481 0.709047152760359
-0.203565399025466 0.293098336937726 -0.203487416393174 0.472330342103214
-0.296905413142386 0.23397761248094 -0.0375267129739951 0.130158788395552
-0.28452964406309 0.272235629145581 0.348524989479713 -0.260032422092453
-0.0815818026588146 0.311814311390977 0.335767337185394 -0.676919922716605
0.156284275147267 0.310398437615393 -0.140876275972135 -0.814625629870866
0.217981022013888 0.191618275184253 -0.521507701225681 -0.32521177049506
0.0652297763367927 -0.0213738221873881 -0.438270482122144 0.146554119820568
-0.0142027229406212 -0.164357457493016 -0.182303629394732 0.175386305934197
-0.0246850653267289 -0.219680621448889 0.0180972809931738 -0.0345552160400516
-0.0555389052679362 -0.19920412777792 -0.04960643140133 0.10398679451593
-0.0489000939698808 -0.169361093143051 -0.0606735925902011 -0.164957031488307
0.00750530876144758 -0.097030984977247 0.1206189671085 -0.247344169891708
0.134839194718225 0.0726812092449442 0.480734346058344 -0.0711628109157222
0.180484697273631 0.174849537493386 0.630461645496975 0.386915467679804
0.0500195299705391 0.250026721452079 0.28050735893061 0.718731106221496
-0.154447880791307 0.271671944984929 -0.185614356986322 0.582895895690062
-0.260005248191968 0.198672977990281 -0.149368398312351 0.220698322918314
-0.285766468164305 0.208527083691803 0.269919257948076 -0.149137828229751
-0.140291618580985 0.257277223301546 0.431081778242191 -0.563768652142129
0.0754899932278264 0.301321069009843 0.0563034570687623 -0.855129507924336
0.190834274707691 0.212960421278072 -0.460987563705885 -0.470437430797017
0.0976515031750941 0.00294765796108248 -0.523963052780826 0.0675633107769093
0.0199134395216891 -0.135054204092208 -0.271333040748952 0.180001877695141
-0.0105058899366494 -0.195570834944697 -0.00689053173218354 0.0158893994951422
-0.0463364336805303 -0.13927996782715 -0.0391776930526684 0.136212391471065
-0.0258225173955158 -0.122388420519352 -0.08359259471593 -0.160331859257234
0.0117586108788362 -0.100539058426853 0.0256175377803855 -0.264220751365763
0.0816188101637536 0.0189300453263918 0.398569965128613 -0.101885131031055
0.10858331007765 0.109860528507675 0.652247442418811 0.333750730197641
0.0224241853744179 0.179718788722558 0.369376073735559 0.729070568339849
-0.113192814363779 0.197139940960142 -0.173536825728118 0.668251031528803
-0.186211832287442 0.132040195459779 -0.236726964600322 0.290006511767792
-0.215793744642627 0.131869047565058 0.184283500168776 -0.0804946104937917
-0.12915105628733 0.168519765979526 0.457660386716417 -0.475360944328798
0.0171173126981708 0.231325944411515 0.182578013113438 -0.854301589358706
0.132245766820527 0.174680804249507 -0.407694169076134 -0.567019115135975
0.0933303985707466 0.00119295846949225 -0.584743515773927 0.00161755300061763
0.0351071284122752 -0.1045275985909 -0.342767336861224 0.185972220741782
-0.00195915737705957 -0.146472343742737 -0.0264978248757801 0.0603795160102642
-0.034029106502457 -0.049919948963529 -0.0246834912639918 0.152954895726238
0.00862922020622063 -0.0406194607264674 -0.0805983583142795 -0.165746547261215
0.04063635202928 -0.0634679097744929 -0.0086946846080766 -0.282936946682005
0.0421277548549033 -0.00815091917347094 0.358770837472046 -0.113020625076958
0.0211066763109768 0.0485684079237211 0.64938883367552 0.326792394674499
-0.0388600061724267 0.0906295039124286 0.399781791827786 0.752756761821481
-0.0799017880488566 0.0879948427924768 -0.181067290996566 0.715812925297693
-0.0878149676004691 0.0472797516169451 -0.285755822785203 0.326768444947361
-0.0918325723770233 0.0600728083708914 0.129917006866631 -0.0538204670657248
-0.058615445692095 0.074407111757609 0.44601000523386 -0.443478005344819
-0.00519519575714724 0.121006359436363 0.210746711114202 -0.848305699317846
0.0633862418839243 0.0874452028954873 -0.405823466066138 -0.603404311645528
0.0600443335359741 -0.0285549516491962 -0.630088459329683 -0.0247010678735219
0.0299399115256286 -0.0742582766364567 -0.380069092369659 0.192357031596228
-0.000425005458862503 -0.0813652489617241 -0.0360675356415 0.0922846585718709
-0.0164642327988795 0.0514007677358663 -0.0170980724286366 0.149259781261267
0.0449695138306372 0.052969963796489 -0.0600237689348391 -0.174328354344785
0.0722242928349265 -0.0066109831313839 0.0176810561543044 -0.295586751417948
0.00128441055144841 -0.0179974092084817 0.370207667311964 -0.0974489886301365
-0.0701775260091363 -0.00966695627620782 0.631019151986903 0.369608396642329
-0.103630498665793 -0.010327378245562 0.354869552674686 0.790670228526921
-0.041079698797583 -0.0368100253656694 -0.221047978967832 0.714745606792196
0.0214047420395391 -0.0453444081147977 -0.288956032810822 0.326455731826587
0.0447617844064304 -0.0110360505328958 0.127231232116097 -0.0626817147500736
0.025285609428252 -0.0235611190655921 0.411601917426319 -0.465135639424427
-0.0190535384104924 -0.00564487236335927 0.138276174300745 -0.8387605096729
-0.0129891940856607 -0.0207457844991796 -0.463338839252554 -0.569198609987599
0.0129595099504881 -0.0685241159828035 -0.656593213479995 0.000628203765806968
0.0147989662315706 -0.0388141410596993 -0.374267203353377 0.204862194244069
-0.0010884175410146 -0.00602301390965015 -0.0275211841106076 0.106045120714761
-0.000486527754345064 0.143636436339422 -0.0140805361859393 0.128576315128615
0.0702815174895482 0.130930579915226 -0.026215831478954 -0.181916305284307
0.0799477172355125 0.0399519283130975 0.0989795606989477 -0.291032495894578
-0.0574586206125362 -0.0330984735385177 0.424022883704805 -0.044729283695233
-0.152636264589584 -0.0756470040959908 0.588147067998043 0.461077607436917
-0.140307840402532 -0.120758777872254 0.243662843132707 0.831178364076327
0.0181915673695989 -0.15080425253605 -0.280614204161632 0.659589707632555
0.123913876185186 -0.129133192710942 -0.243262196673678 0.287749298425307
0.149377975762272 -0.0906563779727982 0.167300549556531 -0.108548266206872
0.0676802729692411 -0.125867566800543 0.342931183493311 -0.533774348182976
-0.0606149108008171 -0.124004578102501 -0.0298254614667506 -0.812592020566268
-0.0926670796131556 -0.113176077526285 -0.565881169902745 -0.45853862302863
-0.0291231248706836 -0.0891368876934602 -0.64363092638501 0.0725577808951326
0.00369131479969588 0.00788059332403086 -0.318059564025898 0.224443687601964
-0.00223515225279182 0.0709250228846531 -0.00156732778898883 0.0987776857299497
0.00885101479229207 0.209054119714972 -0.0111711976986908 0.0945928659621402
0.0743653405431353 0.174567544739847 0.0252381589826473 -0.189622171620017
0.0500429078712861 0.0573383726597758 0.217261258207416 -0.261875911614595
-0.132488699366007 -0.0689033874898807 0.486032857036231 0.0517202108242108
-0.207727077166065 -0.154315460178691 0.49522163477897 0.58625601707091
-0.123706685848306 -0.225241906554378 0.0729391697651617 0.853339136779666
0.0999216108067488 -0.229587332608434 -0.331374813071873 0.557021269866378
0.203385081781219 -0.191824353535958 -0.155371586113905 0.21421453632351
0.195639792684312 -0.171446350940202 0.22146432771719 -0.193384175588334
0.0449539959599517 -0.215775518848427 0.22834408745274 -0.617531508680716
-0.133328859210374 -0.204423800994167 -0.244738672066258 -0.742077294827679
-0.160187424459194 -0.156410992738633 -0.649413037459815 -0.298038437425778
-0.04526957689218 -0.0752483201533397 -0.576650878821653 0.156876317106926
0.00581616729066227 0.0658601947288239 -0.221358995608039 0.235187074937927
0.00183690838749611 0.139950602359023 0.0335582393504692 0.0722272701724134
0.00587418060359799 0.240465910124418 -0.00208699047220397 0.0521993073370306
0.0513420587539661 0.181422202597753 0.0979427872484192 -0.193692157118072
-0.0072092703806292 0.0438995178383795 0.350421452038737 -0.203743144154156
-0.196446403798212 -0.125069850715076 0.517727614359399 0.190142395011685
-0.210391774248543 -0.232425155972437 0.339970754457963 0.714825626050537
-0.0507615309027804 -0.299134015746637 -0.125935859022764 0.830234587432995
0.18581119777197 -0.254792198662189 -0.346393671991133 0.426892869861437
0.247059537483448 -0.22279383324426 -0.0396523308711706 0.120014623995417
0.18698505550779 -0.234852310244747 0.257082561116634 -0.310504902208331
-0.0193655998545498 -0.265330544652124 0.0695438905978603 -0.686249469610112
-0.197596808675787 -0.22732366319024 -0.445860036096117 -0.630214470117648
-0.181154285002213 -0.145532291657977 -0.672584331424164 -0.134007566472767
-0.0299506887038231 -0.0308018292803628 -0.453746101824324 0.22328904050406
0.0160000055171186 0.124632642148319 -0.104881256102045 0.232604973551438
0.00756152258607044 0.189357660252868 0.0642918996722793 0.0305438266877479
-0.0542040222452065 -0.220794831842107 -0.0536938583757604 0.0610939643548161
-0.0513546088255131 -0.174162763608323 -0.000724747833831768 -0.174853767725261
0.0349545186144729 -0.0558814381241974 0.260342802143304 -0.240193719136601
0.191705955409105 0.139628015203157 0.570039367300721 -0.0164694664682292
0.212811848856628 0.232707588428051 0.567402083952651 0.475730530225447
0.028941965032228 0.288187140680899 0.147411864349405 0.711781571584393
-0.201883544853632 0.296689767514912 -0.199674302688375 0.477020434949561
-0.296385578222745 0.238136134110043 -0.0359655687332638 0.132201665815767
-0.282766365892091 0.275341032217934 0.347429059790651 -0.26361795227757
-0.0780981287753042 0.314097357274873 0.331122893959129 -0.681967084745501
0.159493652923717 0.310178048026782 -0.148837588358589 -0.816513402035343
0.221781886244159 0.190875584415056 -0.527365977521001 -0.321065586379973
0.0651500987267267 -0.0216785599640588 -0.43892109361495 0.150837860163871
-0.0145535770616851 -0.164690304782028 -0.182495680869808 0.178243356472907
-0.0273866981374651 -0.22046930191907 0.0181781476407577 -0.0343620630072729
-0.0576352058018904 -0.199907449736164 -0.0493313475525025 0.105365821906936
-0.050183540694093 -0.170328818560163 -0.0621916359571651 -0.164801129767974
0.00729232043515471 -0.0972591251885912 0.119641168038168 -0.250331048006033
0.137945761785068 0.0714043404017373 0.482285609864302 -0.0762943730547909
0.183092550961989 0.173642030036268 0.638662832183061 0.382194391608129
0.0526361485496403 0.250562076491315 0.288025110772578 0.719321971119492
-0.151708497915986 0.275137781582987 -0.180166092182605 0.588759814993584
-0.259645188385387 0.201603191792203 -0.147200505424577 0.224140121133302
-0.284475917334063 0.211575664297236 0.26998403112651 -0.15232807137943
-0.139024594508599 0.259619528370791 0.42751481996558 -0.569030461559211
0.0781075583983716 0.301313438462547 0.0469870939950734 -0.859314383277331
0.193632256115401 0.211291682069351 -0.466838357389734 -0.468695744377499
0.098401224835207 0.00260122745380384 -0.52702215533011 0.0731719846619727
0.0187059803097614 -0.136018595477007 -0.272101352044968 0.182862445571969
-0.0124556908823195 -0.196191991739237 -0.00640060420196602 0.0168368704634198
-0.047890769654509 -0.139553656767054 -0.0389713002188067 0.136954378235188
-0.0267897809216258 -0.122779675826256 -0.0847869968564529 -0.159860977226412
0.0113745659520619 -0.100629888444465 0.0237881044035702 -0.266307286164806
0.0844378958547967 0.0182299604492445 0.399424611883444 -0.107032303603691
0.110554656180646 0.108441653749657 0.661001085594568 0.329147015515923
0.0237199441431543 0.180321611465747 0.378639681474773 0.729539194491159
-0.110295278911236 0.19967829057663 -0.166307713963391 0.673793887509428
-0.185146894490249 0.134812830326312 -0.234440693567837 0.294183517282627
-0.215996685448692 0.134892048411317 0.184933980901409 -0.0818919846419453
-0.12939279929323 0.170317157219804 0.456839780418237 -0.481188767605458
0.0187246132551347 0.231309140545587 0.176245769078266 -0.860485113170545
0.135218655138296 0.173758968628255 -0.414636878573658 -0.567777841397019
0.0940473432168656 0.00046022686571167 -0.588991727289722 0.00766108004005956
0.0344287235018374 -0.105185066261256 -0.343527078128879 0.18948748971229
-0.0037663122198389 -0.147152510459465 -0.0258634480635725 0.0618064938954757
-0.035264135270381 -0.0501853590039565 -0.0238617505148774 0.153813591218368
0.00801159697210811 -0.0407410998203331 -0.0813957857735997 -0.165687004560702
0.0401903962008192 -0.0635500816084507 -0.0103106807261053 -0.284672516572106
0.0430065207961466 -0.00743923545868041 0.359438132616771 -0.118394661867823
0.0214826662391483 0.0481224485888437 0.655462041210318 0.32288816380902
-0.0372159190732356 0.0914296577760897 0.407265319876237 0.753172033909653
-0.0789641502571412 0.0893631548855096 -0.17529968461581 0.721998339777593
-0.087108786723508 0.0479114536081617 -0.284650450317033 0.332871637323927
-0.0904677226416784 0.0615960687143639 0.130106878883744 -0.055301845312907
-0.0586548197439052 0.0754973674700814 0.444411233814786 -0.447609726247739
-0.004252568312472 0.121096932834611 0.203683854994507 -0.853937410588859
0.0650622597196552 0.0870490751953416 -0.414228698551286 -0.602400489589582
0.0603829725366918 -0.0289914982749869 -0.633386246307821 -0.020451593806976
0.029176653538988 -0.0747022223584452 -0.380486691150311 0.196500629024367
-0.00119814819758735 -0.081119409607513 -0.0347679182867495 0.093806638061435
-0.0162793485714053 0.0516443065569817 -0.0160385702970087 0.150626889406769
0.0450355150727493 0.0528397722476499 -0.0621427270320195 -0.172935739594771
0.0720908507241569 -0.00780111367653105 0.016376880742317 -0.298316101159061
0.00204041374203391 -0.0179000779733893 0.370838811101798 -0.102689752545713
-0.0700157118298646 -0.0100459777054706 0.637468244782 0.366939548743016
-0.103334299622806 -0.0104122926196393 0.364023151074197 0.791353262153756
-0.0402859442532631 -0.035967022116631 -0.215389144831003 0.720326752117498
0.0221133732425505 -0.0459641368511533 -0.287249278085705 0.331203432276525
0.0454838231229499 -0.0116818332288274 0.126426987433646 -0.063081761396429
0.0252409211631292 -0.0244246192167718 0.408647300508419 -0.470761749977675
-0.0191284584372345 -0.00592495415373873 0.127526849937251 -0.842309651597426
-0.0124530286536321 -0.0208221889360408 -0.472399394792091 -0.568269936881824
0.0112005731502851 -0.067792767248819 -0.658018849633259 0.00640634877408807
0.0140989658156617 -0.0394525199758918 -0.375281250966158 0.210786960810642
-0.00166768788804513 -0.00616014576499474 -0.025880654891208 0.107195034855891
0.00120772783090857 0.143755822239074 -0.0129212181928955 0.129571192418543
0.0720325824909188 0.130612950875618 -0.0289073751377386 -0.18182557449383
0.0799411758593071 0.0389127035010403 0.09733819631647 -0.293195751839615
-0.0576539479869371 -0.0321449700932226 0.426525085773737 -0.0502787120115529
-0.154001685137169 -0.0738014864959416 0.596011334642202 0.457873224574138
-0.140823352529556 -0.120661549437917 0.252460022715321 0.832672980591194
0.0182575754433458 -0.150785908159407 -0.275675465328409 0.66519292257061
0.124379618065933 -0.130120513151271 -0.241212616478731 0.290594694808259
0.150241705129215 -0.0926163009855012 0.167267195989996 -0.109517770758868
0.0668844146065172 -0.127265086215063 0.338809813650362 -0.539260611067693
-0.0616420757541912 -0.124255179640301 -0.0365271196958429 -0.816403484726484
-0.0945153877190029 -0.112411512319696 -0.573974938315442 -0.456367070829794
-0.0307232603851506 -0.0891644642619559 -0.646187608772273 0.0787669908480384
0.00319974627600747 0.00787246777534463 -0.318582701801817 0.228391800822855
-0.00151187549769913 0.0709704387763698 6.4546918256237E-05 0.100108930675973
0.0103503191611662 0.209904352762952 -0.0104708474297574 0.0943289520650702
0.0746764692201237 0.174031748100503 0.0238458608099829 -0.189428869393382
0.0507459753812152 0.0575233654110117 0.217156582500213 -0.265067632986917
-0.133277913127763 -0.0672103958175837 0.489691074772644 0.0466496934533518
-0.209606021203628 -0.152906674094665 0.504463792417992 0.584986113012827
-0.124683448161553 -0.225300314605119 0.0803951789944402 0.855344353011204
0.099946073484068 -0.23073356598538 -0.328485109370318 0.563632117583118
0.203296477260063 -0.19457301873335 -0.153853327657222 0.217549359605789
0.195062721355232 -0.175071475263019 0.221047454507804 -0.195907492595158
0.0428405827883161 -0.217859545062625 0.222199771310764 -0.620759944708244
-0.135885930781692 -0.204074650948957 -0.251874137921818 -0.743025038632973
-0.161088602437637 -0.155079399719578 -0.656246479248028 -0.293579771521212
-0.0478735398733853 -0.0748896277465482 -0.579204574350201 0.165136146627998
0.00491275466915852 0.0670576445415164 -0.21981227099152 0.239914230845378
0.00268244291697882 0.139870342300995 0.0341073211791537 0.0724045350995751
0.00848805212210377 0.241242786616828 -0.00288589581841874 0.0518144142941889
0.0522898091816335 0.182730974750043 0.097308819759147 -0.194867967449498
-0.00735886759187982 0.0446257112080148 0.351866541630565 -0.208588704199858
-0.197116435154154 -0.122237395924705 0.522858305359551 0.184295103562295
-0.212988373371676 -0.231879287889499 0.34803314088645 0.714017513859468
-0.0529199327398384 -0.300173388090979 -0.118284941977285 0.835675734308679
0.185330180111707 -0.256859451480854 -0.344244760615392 0.431526787780753
0.247177108603016 -0.226632978987712 -0.03960226484033 0.120506987654611
0.185114049252238 -0.237473165874854 0.255526702117533 -0.313555697945532
-0.0212519944449872 -0.266760364284029 0.0629591933108541 -0.689977891857195
-0.200191819658401 -0.226669567211807 -0.456570647260508 -0.627460906525925
-0.183402225977822 -0.144049897168929 -0.678325386524591 -0.129205829419956
-0.0314692753435876 -0.0299184436001551 -0.453631598974729 0.230031057082137
0.0171043832041129 0.124772698529962 -0.103723871583459 0.235271822193133
0.00843395690561501 0.189691919056396 0.0652170376044562 0.0312240473011814
-0.057606535544748 -0.220912595390061 -0.0532848556903116 0.0622892165654908
-0.0521342873225951 -0.174598432767984 -0.00205309453876931 -0.175386192438415
0.0351010471396823 -0.0574021789339456 0.258927293894369 -0.245009354497226
0.194668617956845 0.138118576054238 0.572003710078168 -0.0233837468305575
0.216200274270621 0.230271319283132 0.575911975874717 0.473521425935623
0.0318072324445977 0.288931950952637 0.15655773790547 0.713576958170914
-0.197621701233267 0.300352444265016 -0.196910772720329 0.482294621246633
-0.295582409736062 0.242256784433215 -0.0340100104948624 0.133616454993204
-0.281395070050578 0.280358295399771 0.346541577898667 -0.268356083696369
-0.0759156832640746 0.316078269056126 0.325301578341935 -0.68917883466663
0.162940892459349 0.309395324454123 -0.159735224331329 -0.818796931363444
0.22397409925219 0.188093137235083 -0.533461500365999 -0.317574156218732
0.0662375960036586 -0.0226745093875928 -0.440898053490805 0.155739042419829
-0.016306893036912 -0.165736213789069 -0.182157154259062 0.181291485775842
-0.0297126785027113 -0.220202660266841 0.018631441370145 -0.0335430071379183
-0.0598661711925025 -0.199915048476558 -0.0483083151163238 0.106698685508784
-0.0521904769534031 -0.170627304114259 -0.0635416353240549 -0.164344468769727
0.00738833555067683 -0.0983758791606476 0.117659774991634 -0.253773075120128
0.139561300128918 0.070063070534372 0.484582168127918 -0.0829929440294703
0.185311512685599 0.17195517848843 0.647086776260202 0.377420914756678
0.0553263993077179 0.251179440848118 0.29656513641142 0.719689922891934
-0.14821608221912 0.277708514034543 -0.174775645348989 0.592384486552674
-0.257836909186749 0.204985276383595 -0.145252472875587 0.226968486254519
-0.28356131184671 0.21574934999971 0.27036630438507 -0.155232240313335
-0.137412510610434 0.261834088946472 0.423923168848738 -0.574255729902557
0.0814134268672452 0.301790570187698 0.0375271889409735 -0.862989334797101
0.197615261105089 0.209686030755289 -0.474907015478762 -0.467290827932277
0.0996432388778785 0.00154774059039685 -0.528976567894161 0.0779271351544418
0.0180486670892114 -0.137294588622143 -0.272690142299032 0.187544182355178
-0.0154834023735431 -0.195896243847584 -0.00591694412087516 0.0174011487486939
-0.049246997694856 -0.139764055452511 -0.0380448829500801 0.138152734244712
-0.0280344549270971 -0.123287107041981 -0.0861847219610937 -0.158538197542826
0.0106149860586978 -0.101600525882033 0.0215028363670796 -0.268514170098681
0.0854691979334067 0.0167440643840929 0.400677583582261 -0.112785458614648
0.112232249892004 0.10697136754592 0.667549516289135 0.324580217264976
0.0261774254451543 0.180395241145243 0.388177389681257 0.728473558906453
-0.107634360711274 0.201240777083982 -0.16147466694453 0.680048556011188
-0.184871176452588 0.136716704932495 -0.232193377575369 0.298311766049258
-0.215434923913795 0.137607087484994 0.184357179905138 -0.0830173484602838
-0.128279733197079 0.17247032918341 0.452806760020674 -0.48704603887532
0.020541673528384 0.232128839972188 0.165856666802341 -0.864128115258547
0.138412707428158 0.173337334166459 -0.422663964040608 -0.566643576042117
0.0943813222617972 -0.00029174418759444 -0.591459727138779 0.0128156104604193
0.0335363471084256 -0.106718012518328 -0.342994347655089 0.19476607072166
-0.00532207714498995 -0.146827846374259 -0.0252668151528962 0.063054695112914
-0.0355385576637264 -0.0501146485039751 -0.0229666204122362 0.154270793207337
0.00799509310394493 -0.0408470116219123 -0.0830720256970956 -0.164838229645938
0.0395198411861399 -0.0632337534301528 -0.012381122655747 -0.286172249614199
0.0439614818398852 -0.00812556409243877 0.359656118346576 -0.123979258011868
0.0227414500859149 0.047895131888616 0.664857511605965 0.315976822071755
-0.0365312529884381 0.0919699776353422 0.416338472779067 0.751598728881693
-0.0776166636827862 0.0905485397019542 -0.16814659031734 0.726303848873892
-0.0870579948947708 0.0492423484666684 -0.281002677254459 0.336566159734261
-0.0900219831913051 0.0624400524069463 0.130322976113828 -0.0551905733121793
-0.0580799301499882 0.0760858860691604 0.441527898787861 -0.453716808087958
-0.00313588825089383 0.122028004389894 0.194770229700182 -0.858866164900723
0.0667352885831786 0.0867175523825669 -0.421903825239645 -0.601991922591055
0.0595486480570353 -0.03011969724447 -0.637474814144231 -0.0118770451439387
0.0287395915074038 -0.075061916604948 -0.380783675596032 0.202988727908606
-0.00234928042104566 -0.082107460933568 -0.0335359514276642 0.095358585905675
-0.0152254295452546 0.0512083662329115 -0.0159493460584114 0.150794849251725
0.0462532061770088 0.0517525448733494 -0.0638496371823367 -0.17289721450573
0.0723109094433998 -0.00792540243496637 0.0141075099280464 -0.300276575985624
0.00191017089076375 -0.0181789698912058 0.372040891241802 -0.107394929095678
-0.0697151663235361 -0.00944010247942594 0.645361149893112 0.360017651383846
-0.103324287125847 -0.00919811784386722 0.374054382328036 0.790333756095783
-0.0394812867130396 -0.0361558342317573 -0.210628603714589 0.725073806891095
0.0222287974731804 -0.0459866765326241 -0.284343562370533 0.335374917993358
0.0463142635597371 -0.0122694890022559 0.126493610423295 -0.0637807486100029
0.0252058111482152 -0.0249713361975704 0.405886488475217 -0.475327886374548
-0.0189844229021563 -0.00620596325556686 0.120266277537075 -0.848183602866279
-0.0135875521101273 -0.0217914711993434 -0.480268810891374 -0.565701284617662
0.0112914343925131 -0.0680177163071539 -0.6633287032501 0.0147039978068177
0.0139216643378407 -0.0393924586937979 -0.375009604319944 0.216279461415162
-0.00257766784309376 -0.00556672726528346 -0.0249894390334518 0.108697255980746
0.00357410808296569 0.144412799220127 -0.0123801837736967 0.128852667805621
0.0727133714313468 0.129253265164287 -0.0304142271997673 -0.181068186278562
0.0806287349860844 0.0388619031640428 0.0959490066968348 -0.296786752642992
-0.0574826165035646 -0.0307096413821173 0.428494467135952 -0.0569970988858214
-0.15514554846923 -0.0730432573958537 0.604850585380829 0.455108276245547
-0.142142505009551 -0.119794545285397 0.26193616350129 0.833955087168505
0.0180807041317409 -0.152491221978265 -0.271040791646369 0.670658542132146
0.123459067401842 -0.132398773519448 -0.239835484867253 0.294959812478541
0.150153951430657 -0.0947543785207024 0.167281986969095 -0.110832160153783
0.0656230822106725 -0.128517598806638 0.336338006555538 -0.5433539239337
-0.0633151555631283 -0.124348017923391 -0.0471442230583585 -0.817143185685962
-0.0957341071772869 -0.111894121456088 -0.581639197861511 -0.451416286347742
-0.0316982232089878 -0.0889041336250465 -0.649188621929701 0.0875367818026987
0.00278192371926637 0.00849424753473998 -0.318474901516891 0.234202104601656
-0.00141356861560461 0.0714474518969698 0.00109252027391517 0.10106591967421
0.0127391612868976 0.210224869131573 -0.0101978256458735 0.0940099591418826
0.0769160776155619 0.174748026081334 0.0220026497157908 -0.190233298886175
0.0506690975556784 0.0567053268861825 0.215803008353049 -0.269453321938523
-0.133627290684606 -0.0653505962602091 0.492982036814175 0.0406396083896545
-0.211854219654493 -0.152120517602558 0.514028643543372 0.582718272553975
-0.127784539286809 -0.225358559728394 0.0901690205494934 0.858315415138109
0.0989934722566031 -0.233293625060085 -0.323123607609105 0.566915556507057
0.202426234180667 -0.197856676971459 -0.15186514039608 0.2201766817711
0.194910949717431 -0.177535443936121 0.219825439107767 -0.197706614000199
0.0410296189160416 -0.218945457736272 0.216609852838138 -0.625025188661822
-0.137753957305303 -0.203326744862929 -0.260974098853053 -0.743372475326656
-0.164091704869627 -0.153789849165278 -0.663148434094273 -0.287481730450589
-0.0491298419528937 -0.0743352515580812 -0.58055335345567 0.173054064300989
0.00487849721976327 0.0673398503438882 -0.219273450207985 0.243260838426809
0.00353976572655883 0.140578989672049 0.0355715095685403 0.0740493758259349
0.0110755039712277 0.241349613334803 -0.00248166708568497 0.0520191239440269
0.0542349979719146 0.182659812278824 0.0953644510523414 -0.196345864128912
-0.0085487425324035 0.0452593167498573 0.351717041105668 -0.215134165946022
-0.200096548489012 -0.120003778224776 0.52742699420126 0.179903473693181
-0.216600157207674 -0.231367447394074 0.358997515424979 0.71598060468296
-0.0557096076995301 -0.30167918926196 -0.110005282792822 0.841470899638805
0.184695687016844 -0.259879239470293 -0.342299388712269 0.436962067184381
0.246717555165335 -0.231047173455176 -0.0374917263289647 0.12118468193403
0.183902650264654 -0.240621868591104 0.253556175594615 -0.316693281416458
-0.0244900089906594 -0.268424544267533 0.0549598979806687 -0.692468725392057
-0.203562326962591 -0.225647390707001 -0.465999931248383 -0.62559812296294
-0.185578585230949 -0.142629868467089 -0.681600661826002 -0.121288498366959
-0.0325818287238993 -0.0297838126183218 -0.454034645516977 0.23645464712166
0.0177697239979961 0.125554912783379 -0.102838772560836 0.237218088229882
0.0101348173053389 0.189978168934446 0.066073612602423 0.0304091131496398
-0.0593651896745209 -0.221042426870355 -0.0531034246079286 0.063339786698814
-0.0540450677562492 -0.174069148536947 -0.00267848053102357 -0.176475525979377
0.0351878796011786 -0.057669403548405 0.258910287336727 -0.248638104476001
0.197619264471829 0.135655951690644 0.575469013473908 -0.0307695207650137
0.218451854706111 0.228620054458123 0.586726227891187 0.469690682843095
0.0349898173675169 0.289923634198457 0.16497482163485 0.714606582978971
-0.194470061955022 0.303765615373615 -0.192282990354597 0.485058567989565
-0.293287399961766 0.246767677611504 -0.0323888960793334 0.135312470630889
-0.278701689387511 0.284270784996501 0.346073786230504 -0.272373965861288
-0.0736475711496321 0.318843977712869 0.319537055621618 -0.69248473098237
0.16689210341284 0.308697146892457 -0.168746734219755 -0.820794836335974
0.227477733657992 0.185511281581828 -0.54062036019655 -0.312785001678567
0.0667851381244808 -0.0230790564857136 -0.442091343580939 0.161102576531771
-0.0173475655835799 -0.165804412970729 -0.181379355732054 0.184351663647486
-0.0330290559715489 -0.219500600555392 0.0186306615651722 -0.0334465392139152
-0.0617770957038377 -0.198334199526526 -0.047638811373026 0.107714912975008
-0.0533671365005465 -0.17146581397849 -0.0645819852437808 -0.164412539913277
0.00674782386263907 -0.0985427146937899 0.11611167760573 -0.256823907182075
0.142473496180212 0.0680523586976135 0.48472863483941 -0.0890878101322614
0.188379514799266 0.169850423046858 0.656102948381782 0.370365178150315
0.0578064382302936 0.251388647042651 0.306714259499909 0.719351692221069
-0.145336473963091 0.28051183638173 -0.169973332744486 0.596884356905844
-0.256382194920395 0.208820848117571 -0.142308269906341 0.229896638605553
-0.281407360698343 0.219318999260967 0.269387889222764 -0.157634190178071
-0.135677246486707 0.264616160320189 0.418858755567447 -0.580101012545635
0.0842298283743918 0.302601435214355 0.0293372243087509 -0.867592065600155
0.20105568634367 0.207758226491028 -0.483384038312549 -0.463475776532762
0.100013043784328 0.000732985736534766 -0.53166413892073 0.0849639743289387
0.0170968914064005 -0.138253264266987 -0.27165952832062 0.191703456066322
-0.0180115994920703 -0.196104130545921 -0.0052726038229911 0.0180075350698388
-0.0515105897015949 -0.138477908055751 -0.0360075604399895 0.139467327356892
-0.028621227956574 -0.122901712821451 -0.087850086424767 -0.15891270281116
0.0105491268609526 -0.101865253004446 0.019702346802338 -0.269538760813466
0.0866297359220085 0.0162899591433194 0.400441878850673 -0.119144907951136
0.114073066016164 0.105305778408616 0.67375041848485 0.316244324249431
0.0290720428195076 0.180963765622199 0.397396616090922 0.727212355170954
-0.105308259969282 0.203984450828946 -0.154102342302194 0.68304016455014
-0.183886520582967 0.139371846039687 -0.229722091359671 0.302851497639932
-0.213704712026316 0.140092827008627 0.184815481859744 -0.0848477350670841
-0.127866966222536 0.174967716675476 0.449928234069626 -0.491938688721458
0.0233516133626004 0.232879426437191 0.157302157186578 -0.868560855214454
0.14116272252002 0.171351819284253 -0.432286514350181 -0.563676381580134
0.0951881928391632 -0.000954037101115735 -0.595363272974473 0.0205012564080294
0.0325436221164903 -0.107789830405893 -0.343142493264527 0.20046789081214
-0.00754785284699481 -0.147200582341512 -0.0246233031907219 0.0642895345678019
-0.036031802489387 -0.049719046223077 -0.0215071901068233 0.15482210062774
0.00762886155970359 -0.0412230207401111 -0.0846158511708489 -0.16402956080826
0.0396383866841662 -0.064069010560645 -0.0151796059049466 -0.287634127550351
0.0452294776246127 -0.0086031011923676 0.36034400407839 -0.129299492781881
0.0234286738293594 0.0465558395512022 0.671369680425834 0.310534787849001
-0.0356689976520639 0.0927481128671688 0.426188749719808 0.752586313224992
-0.0764625843070767 0.0915137810387482 -0.161920802576051 0.732684470214748
-0.0859418478461184 0.0495231993212435 -0.278114395428354 0.341325613652122
-0.0892012205916275 0.0636067151975322 0.130575305800015 -0.0560154665878889
-0.0574982839571103 0.0767725604473712 0.437346481219244 -0.459761287237317
-0.00212249176653709 0.121995884670999 0.185428646910468 -0.863985969168055
0.0678840511854286 0.0861768211199661 -0.431928281750108 -0.599807745022644
0.0605596551976174 -0.0299544436725967 -0.640643735932539 -0.00520343502643913
0.0281726494159935 -0.0762064529029011 -0.380825832897118 0.207936495263825
-0.0041125669763067 -0.0815229858838851 -0.032666452378244 0.0965403915968256
-0.01449484890668 0.0520153217268201 -0.0147059528184335 0.150999047714983
0.0463703061570983 0.0513501201323021 -0.0652455413827901 -0.17050446251694
0.0728168769243013 -0.00852189343338955 0.0123670764079111 -0.301438766132759
0.00294613147686984 -0.0171368893079253 0.37255132719349 -0.112652880282379
-0.070770641853617 -0.00947827319603394 0.652533316250951 0.355817897886658
-0.103519884214873 -0.00821859068084083 0.384914199008612 0.790450223286146
-0.039550626341293 -0.0363333503456061 -0.202294767576701 0.730428294468699
0.0221560546916671 -0.0469468381235673 -0.282099412668294 0.340817770841057
0.0472911198425489 -0.0126584042310337 0.126825138880302 -0.0645581277428853
0.0247480462848512 -0.0246433602994058 0.40138970094786 -0.481431127247677
-0.0201176884224638 -0.00574039201873664 0.112180971474778 -0.8527393783623
-0.0135733916752193 -0.0205945228964561 -0.489890954554337 -0.562294372709537
0.0103845965452428 -0.0684943058514808 -0.665485041175022 0.0217048759705615
0.0131736937422827 -0.0397581363880373 -0.374617478228932 0.222872524097731
-0.00290107821923917 -0.00548722852630035 -0.0236734927055081 0.109655243021289
0.00497554458930469 0.144785128771207 -0.0113961151046394 0.129768520986148
0.074064544386058 0.128956571799403 -0.0316223269610479 -0.18079783461458
0.0812893553006254 0.0383608814703213 0.0936624388375636 -0.299082791985056
-0.0571335034179574 -0.029985330980425 0.429434092036156 -0.0622029352096304
-0.156258766235887 -0.0722080534258546 0.613752825253912 0.448821836792078
-0.143328853040756 -0.119170853017489 0.272105249012003 0.833930741271988
0.0177798997189048 -0.152782550121412 -0.265501228195157 0.676470723095244
0.123318274046145 -0.135336887354066 -0.236736637783533 0.299380577264827
0.150256244004408 -0.0962316469577932 0.166530673411101 -0.112185416615423
0.0646676364915782 -0.130113852272302 0.331328379801077 -0.54853896547772
-0.0655682391610884 -0.123696017348596 -0.0570349007446681 -0.821335821984406
-0.0975746168507657 -0.111012788709223 -0.58903735639219 -0.44690209971728
-0.0339928781107057 -0.0884794010090178 -0.652211808783999 0.0958998761778811
0.00239016515016913 0.00889511768534638 -0.317444913178138 0.239435467991239
-0.000956527969092176 0.0718664044688387 0.00309772235504659 0.101593821537952
0.0152476855740536 0.210784457842275 -0.00962739469249467 0.0949933174324807
0.0780536686822838 0.174242882078896 0.0193693051127996 -0.18992627483469
0.0500964193421026 0.057345062288953 0.215793570999675 -0.27308570108399
-0.134451664570125 -0.0627529140608707 0.495310884440853 0.034383724032839
-0.214194466081339 -0.150346808593553 0.524346066758332 0.578831966255947
-0.129057649250543 -0.225405247981676 0.09939574706723 0.861905209630752
0.0980632426928025 -0.234951069213533 -0.319379055543683 0.573875026354341
0.202023306815664 -0.201142041241994 -0.149835492528372 0.222508645890866
0.194715943963293 -0.181130482836044 0.218818367225279 -0.200260105992016
0.0384481722589781 -0.220485844757462 0.211090968134066 -0.628969890973532
-0.14149843528734 -0.203093821137865 -0.271322017495889 -0.742034377360403
-0.166635738081594 -0.152323314172806 -0.670539060008519 -0.280815886896236
-0.0509643324298964 -0.0739403086117105 -0.582155053237566 0.182511989514413
0.00553305286288591 0.0677854410975183 -0.218023391234487 0.246943424433873
0.0046978892577838 0.140829102084125 0.0362642461134755 0.0737725470548303
0.0142238610684092 0.242354410110776 -0.00267669590172607 0.0515757049597344
0.0551736624659853 0.182674804327927 0.0941309149795772 -0.197791012375298
-0.00829233093771844 0.0459531899110113 0.351659531090059 -0.219167216263121
-0.200851417998616 -0.117086278253355 0.533126160814822 0.174350413421742
-0.21903784802081 -0.23056942277983 0.369124637049018 0.715494450602851
-0.058402340767802 -0.301851428025084 -0.101273037678453 0.843941217137902
0.183724599638237 -0.263758549964551 -0.339543900575069 0.442674036477916
0.246008966792356 -0.234754039436738 -0.0362556072084224 0.122346882200947
0.182659644169581 -0.244375060257822 0.251008771657172 -0.319147704732233
-0.0275493401473094 -0.268782227136952 0.0486938653043939 -0.694987266842858
-0.207504488650117 -0.224255181913684 -0.474405875242062 -0.623292669522098
-0.188211782460879 -0.140318905747759 -0.686506085128362 -0.113226394640271
-0.0340522140752574 -0.0291318918199529 -0.454154347021081 0.242979691022361
0.0179237645368832 0.125957284624638 -0.100443019590167 0.24014372782596
0.0115975211483757 0.190932222807069 0.0666359874776297 0.0303015260483235
-0.062198299793086 -0.220282139143092 -0.0521350195591852 0.0641996863435663
-0.0566083115019442 -0.173963443095995 -0.00473091835228408 -0.176758365138836
0.0359753639981199 -0.0592829657896028 0.255360713903244 -0.253629109449889
0.200665814963581 0.133129587762595 0.577237331895877 -0.0384695394094654
0.222654232144937 0.225850488537381 0.59422915856414 0.462403569257902
0.0377013239222443 0.290730160969715 0.175192625552876 0.715534088630907
-0.190811627977063 0.307271664949411 -0.186048635873906 0.491330789024848
-0.29017756621966 0.250929097085603 -0.0301860187379905 0.136680054733501
-0.276252504674943 0.288197323546312 0.343080710253044 -0.277421395401561
-0.0700608196637185 0.320674092165988 0.310964440968686 -0.699676183916774
0.171335867714229 0.306973699961177 -0.180967676396582 -0.820174323955184
0.231423590141241 0.183290754873572 -0.546353440202613 -0.307331950765486
0.0670413367575586 -0.0239026319565687 -0.44132223623967 0.166941216105705
-0.0193204122827747 -0.166286575111402 -0.180054341363016 0.188423521560934
-0.0365575363436394 -0.219107339753273 0.0189786120966002 -0.0324141717474111
-0.0647626134772351 -0.198418296571692 -0.0464987769786234 0.108560836249975
-0.0552229682307539 -0.170761769687683 -0.0660712435524408 -0.163397219960513
0.00602556614504871 -0.0995419904709312 0.112795458380962 -0.259265355648766
0.144619165082971 0.065985156923622 0.485760031093281 -0.0969961628159905
0.190825445668345 0.167534242263495 0.663356410751374 0.36183607708463
0.0619257870351823 0.251031895073923 0.317042418041168 0.718437705847892
-0.140941589841527 0.282953419770428 -0.162249794294324 0.601873023889633
-0.253877867906992 0.213183715564438 -0.139781612634126 0.232729287844842
-0.28036428497934 0.223910445261916 0.26913766703804 -0.160517423348318
-0.133100641285713 0.267396048141063 0.412397376463631 -0.586899040862904
0.0887496167851927 0.301428145697965 0.0193336782029772 -0.870072709429534
0.203992907842225 0.205559875473249 -0.490254912892244 -0.459834419267767
0.100744061377678 -0.000141372652271373 -0.533231170913059 0.0919549809965116
0.0159098046825935 -0.138138754433295 -0.270788483581674 0.196000733652874
-0.0204219597813997 -0.195837529106186 -0.00480499839284463 0.0189566726905878
-0.0528149725111162 -0.138408315167935 -0.0354902484492329 0.140208817692815
-0.030104395410811 -0.123269020210019 -0.0884950733684792 -0.157448426979143
0.00987278180839324 -0.102294812130881 0.0161203457542446 -0.271112428265499
0.0884185851991496 0.0148838405116313 0.400083838314216 -0.125336498352632
0.115939410695892 0.102831178257956 0.680803857201412 0.30888610107716
0.0308928377181603 0.180398218403881 0.408688420208659 0.726358719441625
-0.102807996241031 0.205591200845547 -0.146823435617247 0.687204254278005
-0.181819973192258 0.141953664186064 -0.225377753096977 0.306666656732563
-0.211873957935622 0.142548165076445 0.184192667341882 -0.0866043410902774
-0.126436755821462 0.176432127060476 0.444445853252085 -0.498049599587516
0.025985570295319 0.232766516506166 0.145332293057633 -0.872985632894253
0.143532042914009 0.169768139939794 -0.441472640998615 -0.559554210157216
0.0956231377589003 -0.00188987826156689 -0.596942132174523 0.0279495845942999
0.0313951131085112 -0.108727945713644 -0.341735533020289 0.206342773219449
-0.0101031585732437 -0.146993130921181 -0.0230890411104913 0.0656935606750164
-0.0367907342533735 -0.0493694968086862 -0.0202556103854104 0.155750264360469
0.00780400728581566 -0.0416527521222594 -0.0866243217245212 -0.162961166746892
0.0394153771728688 -0.0642439547065158 -0.0175847716816619 -0.289159587458569
0.0467301789451329 -0.00944644059747711 0.360134171197372 -0.135428182284146
0.0240496835470397 0.0456864491114595 0.677963852060338 0.302312286269979
-0.0338180525077558 0.0934366456888373 0.441015797163741 0.748182666951164
-0.0737588620967982 0.0934630481285358 -0.152827976522791 0.736234540830507
-0.0849602157770198 0.0514645863537076 -0.274746503114543 0.345993228374371
-0.0882523832103316 0.0646265923147132 0.130109716569713 -0.0572167190305184
-0.0573864257782335 0.0776676953879121 0.433299384614024 -0.463736402794518
-0.000805919007132765 0.122317032959625 0.175387453063773 -0.867761545956164
0.0691928305261438 0.0856509977892342 -0.440761236064021 -0.594934855386449
0.0599521033468959 -0.0307757795040106 -0.64370692885945 0.0031360370999459
0.0266803003378299 -0.0765550801821607 -0.379391474800775 0.214291373033648
-0.00606424993395022 -0.0814191713943481 -0.0314576685048928 0.0981876036625569
-0.0132377126306182 0.0523274929815845 -0.0132676285564444 0.152016634990412
0.0471099150967276 0.0507235378406118 -0.0664825191472761 -0.170434014260178
0.072663574151855 -0.00922304236762769 0.00946570275146092 -0.303363237670032
0.00327570762377184 -0.0163090268348898 0.372916096682533 -0.118747652924458
-0.07088815938273 -0.00858693700677907 0.659084349132282 0.346747566458875
-0.104154774004187 -0.00762207870841484 0.396336237867658 0.790298949342564
-0.0392609486541919 -0.0350768976581363 -0.194238992213599 0.735103920986228
0.022491884509873 -0.0475149575938687 -0.277516188791956 0.345465546396422
0.0472573434994657 -0.0139896211601237 0.126060036108086 -0.0656075041836484
0.0239881048410902 -0.0252332499131861 0.396099704852542 -0.486174507389593
-0.0201389946744196 -0.00555036532061646 0.0991716526646459 -0.855128734458804
-0.0135577116055546 -0.0210794070086459 -0.499630526554862 -0.557690279902778
0.00831786593904092 -0.0680001456937362 -0.667603869680639 0.0319021793523464
0.0120676387850703 -0.0398734113314398 -0.373165401869363 0.229287128937836
-0.00394063850274048 -0.00515846821878663 -0.021685490588192 0.111051491434432
0.00764763940165666 0.144244664519381 -0.010581318715264 0.129961039110731
0.0756836795595947 0.128491197704026 -0.034638602169662 -0.180405322348799
0.0811619774294908 0.0380588920496902 0.0912375115810563 -0.301615423215105
-0.0570858652945225 -0.0281085822068108 0.429655866615865 -0.0688755026184765
-0.157287524812728 -0.0706908680393463 0.621197465633033 0.442075543792265
-0.144857496592911 -0.117966313082778 0.283206826607378 0.833126845444947
0.0166918271999312 -0.15381765022017 -0.256166079725954 0.681148399882363
0.122944261232368 -0.13775629724653 -0.233168830455097 0.302624364077862
0.150295798254478 -0.0991787595857268 0.165556893016049 -0.114243962375704
0.0623284479327698 -0.131129883896401 0.323912934178993 -0.552633133446896
-0.0669275528067393 -0.123611866884833 -0.0676361100048378 -0.822121247352304
-0.0990016922809089 -0.109438762339091 -0.598452594945965 -0.442359048718311
-0.0354176583951643 -0.0886372208394358 -0.651837516318455 0.10520187936163
0.0021610939816937 0.00848138438417149 -0.315589866972897 0.244757817340087
-0.000964477447666522 0.0720954481117061 0.00386136044993988 0.102592412902884
0.0183470798182672 0.21033122231339 -0.00930203628071415 0.0950958932692166
0.079832620041079 0.173763740423465 0.0178537683859866 -0.190736825591267
0.0506902574125407 0.0573937720616622 0.212777654817062 -0.276480378972952
-0.135195103794221 -0.0603950898654992 0.497106343392936 0.0279223915755724
-0.216443138820145 -0.149177104079747 0.53363333545358 0.574706020097492
-0.131978538424394 -0.225157415245335 0.111323834131736 0.863196201433916
0.0960565171323104 -0.23654611169635 -0.314181547295425 0.579512992715461
0.201167412106966 -0.2042660437468 -0.146580897612937 0.224804788393627
0.192801763775735 -0.18445208935858 0.217309852402166 -0.202716103620119
0.0362990435779509 -0.221585156576041 0.203719879802431 -0.634521617268525
-0.144334891647827 -0.20104082886169 -0.282602901458463 -0.740623300544042
-0.16906770021262 -0.149951877289038 -0.676929870944107 -0.272193487862976
-0.0525635368081519 -0.073158391298896 -0.581469821453578 0.189724551073754
0.00506803953687673 0.0681903054496091 -0.216508619007596 0.251954905059792
0.00625688257233731 0.141897901793796 0.0381041361637754 0.0743090468937873
0.0185162389507708 0.242340517996738 -0.00204492212504383 0.051449546471775
0.0574230636790635 0.182635866992133 0.0915744588878921 -0.198290354432026
-0.00800319256302542 0.0469839021312779 0.349938697113471 -0.224901180998715
-0.202335293117406 -0.114721217971159 0.53722441803944 0.168081494998204
-0.222546904176524 -0.228589407157847 0.3798291030271 0.712190751673606
-0.061476571418911 -0.302950045311631 -0.0917595783366887 0.848265620613889
0.183374026562981 -0.265416830969701 -0.334921358027466 0.44569186378194
0.244264592194944 -0.238388925940727 -0.0340626729309235 0.122310309021676
0.180342781710921 -0.247602890278241 0.247797394450642 -0.323212155986252
-0.0313790025319216 -0.268879366408197 0.0402149901168209 -0.696654642982315
-0.211300064084751 -0.221589569180375 -0.484714145141797 -0.619411969408228
-0.189747239693828 -0.137927559394115 -0.692792174825542 -0.104651312636844
-0.035747661184245 -0.0286276227019666 -0.452141680196191 0.251489729249205
0.018669952922302 0.1267811890375 -0.0985698376305662 0.242683133989017
0.0134649589993533 0.190522507567572 0.0680850295715681 0.030153358808775
-0.0653357756205513 -0.21952318539596 -0.0508309126394026 0.0655855098195136
-0.0573799745462903 -0.174511512483519 -0.00606719489809953 -0.176947709411993
0.0355856914431321 -0.0603060964403075 0.253157729795136 -0.258070297481268
0.204465355742604 0.129619001687463 0.57648258735637 -0.0455955705765212
0.22550223199174 0.223146730691241 0.602851180358602 0.455533641269031
0.0417471947422659 0.29055039567358 0.185640780458361 0.713478558961898
-0.186003268766064 0.309973506627023 -0.181231892988924 0.493886896464732
-0.288051453832469 0.254381658853112 -0.0271672367486105 0.139042928997168
-0.273489348165131 0.292251201734651 0.341252975997439 -0.281297388001367
-0.0663635114673433 0.321880962245094 0.302940261399339 -0.70215366979187
0.175493132566134 0.304629873462783 -0.192595152709117 -0.817986050143499
0.234320728659003 0.179541897451893 -0.551912049950181 -0.301088370449851
0.0672949054665693 -0.0245143678785612 -0.440482628425047 0.173088109563064
-0.0203605169953886 -0.166693173921991 -0.179298722946407 0.190526440391355
-0.039674625342912 -0.217801082060911 0.0190191641495759 -0.0318650178230949
-0.0670164447171035 -0.197835618786019 -0.0450454053166591 0.109727535784993
-0.0568359412968952 -0.170588519174321 -0.0670937845673317 -0.162763346748957
0.00597961151064293 -0.100600734078149 0.1097279711085 -0.261676233143509
0.146907877451991 0.0624585230409659 0.484281099524764 -0.103862544459897
0.192229460240556 0.163914617594265 0.670169495778211 0.354560360539513
0.0648998452651043 0.250800222162674 0.32885922032859 0.716312242027835
-0.136270965784665 0.284962724648581 -0.155235814337466 0.605948772127525
-0.252696084627632 0.216309541284206 -0.135545727894899 0.235458525117606
-0.276952166057514 0.22810325986726 0.267212973215939 -0.163912938818144
-0.129740241509649 0.26903190754899 0.405331036335233 -0.591906598523623
0.0924831071517066 0.300747431277188 0.00687398766899592 -0.871332437745612
0.207741950779362 0.202865761852673 -0.497650091041142 -0.453856235328086
0.100816927992847 -0.00130119645232142 -0.533953994639429 0.0988367755528121
0.0142446316241387 -0.139336626960795 -0.268559023316629 0.200186931060642
-0.0237222769111861 -0.194735050679708 -0.00401593474128244 0.0198172935988416
-0.055007601355084 -0.138164906438759 -0.0331636012151014 0.140855950274197
-0.0312218454728384 -0.123681074273519 -0.0902343570737228 -0.156131959848129
0.00919836464380056 -0.10229950859141 0.013212733933837 -0.272714146131063
0.0898660616503852 0.0129540255593957 0.399386067938178 -0.131065543821094
0.116835162203026 0.101729631005815 0.689275334936597 0.299299372207592
0.0333520872070034 0.180965139798436 0.42108395774645 0.720991898320163
-0.099065416312333 0.206866082019636 -0.136727617098221 0.690667703021483
-0.179767142858957 0.143830016703284 -0.221066138117041 0.310023145540124
-0.209885636347586 0.146302289214453 0.184147178095787 -0.088682979487047
-0.124289609708382 0.178822549591835 0.439358568166643 -0.503739568972987
0.0289606024323517 0.231829894429748 0.134601530383919 -0.877006200425471
0.146036633289637 0.167298846535499 -0.450190384162523 -0.555232322240724
0.0961675569506476 -0.0030493157404947 -0.599529145162108 0.0360313063256736
0.0304381817968937 -0.109205336704499 -0.340389216125589 0.211146662410951
-0.0123449521612375 -0.146262144645124 -0.0215966020695367 0.0666090212205021
-0.0372882925797512 -0.0484430724643859 -0.0183124116816944 0.155371754610887
0.00766780012745783 -0.042147090952465 -0.0876375051294851 -0.161781491938445
0.0387468071917656 -0.0643827519554502 -0.0211139644978923 -0.289382944968481
0.0474062779769927 -0.00938503368871877 0.358884507350415 -0.141217088397406
0.0250400762869148 0.0452160314563131 0.683809763713346 0.293298553231305
-0.0327482750616801 0.0935919462941166 0.450197963400616 0.742399730759024
-0.071226973299973 0.0940552977227115 -0.141756210133497 0.739768872630633
-0.0837134661005803 0.0519222971524629 -0.270034038311272 0.351335187836574
-0.0881637968512425 0.0654668809227065 0.129828247777896 -0.0585222621179409
-0.0563907903052255 0.0784504345169229 0.427196637079883 -0.469659364757204
0.000743505403123033 0.122311036554095 0.163595496334786 -0.870455134197329
0.0699067482598819 0.0845279904551836 -0.450233608479111 -0.591637297998614
0.0592228543867332 -0.0314254151631308 -0.646348765182907 0.0128425298510993
0.0260405464488631 -0.0769614033261581 -0.377333682009772 0.220090355912148
-0.00710595224545874 -0.0811197789117787 -0.0295437734805542 0.0990882521483598
-0.0130762923604626 0.0522936040697243 -0.0116259519877611 0.152083711826055
0.0486673087718397 0.0497879017116618 -0.0699247519950579 -0.170096511282051
0.0731940460227262 -0.00959941641954486 0.00521190806648721 -0.303623609780447
0.00472706839529594 -0.0160505564305828 0.372761483859977 -0.125764649331353
-0.0706194477766619 -0.00770646808175732 0.669042994710882 0.339160969813033
-0.103379680551703 -0.00688732853939411 0.407847305751892 0.785352533273035
-0.0389890417146214 -0.0349947685977571 -0.18386852648262 0.739646215236125
0.0224996412665686 -0.0483145429225429 -0.273708957967282 0.35020943597884
0.0481152567356626 -0.0149282186379622 0.125956681060794 -0.0666143509958325
0.0236111732108608 -0.0263741064465284 0.390964401261105 -0.490302733282391
-0.0205863416373515 -0.00569577157015636 0.0888448081885421 -0.85677076396963
-0.0139457432604892 -0.0208125571602739 -0.509621066545136 -0.552091839361776
0.00745054040660604 -0.0679291747782818 -0.670780075791676 0.0417030461232575
0.0114209560010506 -0.0400116375032427 -0.37109496943654 0.236169362615324
-0.00448293586930672 -0.00529167096193514 -0.0206290765257612 0.112187979526955
0.00946256102086117 0.144761306223697 -0.00908897312385505 0.130047009524047
0.0773394886796647 0.127769220819526 -0.0369009147407557 -0.17981537552882
0.0812397713892082 0.0379161750431224 0.0880782206445572 -0.303462621187244
-0.0562661398304762 -0.0269649911825728 0.43020818130651 -0.0751287005951893
-0.158560185932854 -0.0690006424298744 0.629304750955743 0.434499056382961
-0.145680062694366 -0.116246592431826 0.295637874369153 0.831454409388766
0.0154451017623406 -0.154260583530107 -0.249010928289235 0.686612305532125
0.121546869573648 -0.139120285580637 -0.22950551657617 0.305886299255605
0.149176292603219 -0.101738786778705 0.165011830103692 -0.115166306064604
0.061322168329639 -0.13207070614548 0.317868603452261 -0.55623954500922
-0.0684958883039304 -0.123233271024282 -0.0784985850318686 -0.823025722821591
-0.100545491092605 -0.107571931614313 -0.60412886375364 -0.433351172745371
-0.0373145365122043 -0.0873563484006757 -0.654564864855401 0.116364546188198
0.00111641188858051 0.00928225315357846 -0.313444884726426 0.25027695672815
-0.000508165814085314 0.0723214152633339 0.00585013220525585 0.103629223089292
0.0220418409592035 0.210296417440344 -0.00832874620989583 0.0955027708116212
0.0820483024693656 0.172304963063749 0.0149074447134104 -0.190807783152331
0.0511783966094298 0.057712986471993 0.210032434106846 -0.280555423803272
-0.135597309328858 -0.0587135190683292 0.498093382704439 0.0197423346222715
-0.218946305558737 -0.146351851234411 0.543735497701242 0.568083277574307
-0.13488951140227 -0.224177371815099 0.122668426014237 0.864217865328518
0.0947739427136801 -0.238341895564846 -0.306797591342396 0.584425262481223
0.198574598252367 -0.20809026745093 -0.144037044019698 0.226572426579894
0.192107712813619 -0.187672690439838 0.215497173149624 -0.205975510922131
0.0334078760652313 -0.22193731145594 0.195477649356177 -0.636433199904741
-0.146482406278488 -0.199337327654277 -0.291204243446198 -0.73966937559984
-0.171062955285686 -0.147179186944221 -0.682875936181463 -0.263683052368801
-0.0549224046349716 -0.0721680964317033 -0.580398643912695 0.200715153031699
0.00586906199532784 0.0684321501788228 -0.213234759856042 0.255806436964269
0.00750279140273229 0.141587764735388 0.0392876242950519 0.074694695941434
0.0216450950006456 0.241869988772361 -0.00215659984358698 0.0518816529704528
0.0592585296412497 0.182473116037258 0.0895006793139674 -0.199412169362496
-0.00860647605880341 0.0476422551321911 0.348561595371464 -0.230241123440196
-0.20306173555282 -0.111516814791649 0.541136896330884 0.159978134866271
-0.225515829503772 -0.227005981550202 0.390531990788873 0.709060429986393
-0.0649459690730004 -0.303233603290956 -0.0785317956311808 0.85057011132515
0.180772335502244 -0.268377784257007 -0.329549933373304 0.450096396036537
0.241599835775505 -0.243028855025483 -0.0330333378380821 0.12355440466654
0.177469286860552 -0.250534434995312 0.244140489736724 -0.326581712516089
-0.0343595066239274 -0.2692635493638 0.0301463209199994 -0.700091984645663
-0.214318924320347 -0.218865883149476 -0.493650916493902 -0.612648290459211
-0.192423110026837 -0.134797462208253 -0.694638303575524 -0.0954897936705437
-0.0369407849323914 -0.0283056703117 -0.451165045522726 0.259159224729584
0.019922320315724 0.126916751916305 -0.0949813179277724 0.244636845376285
0.0164875156829415 0.191040702295698 0.0689951442865928 0.0298991924972924
-0.0678080105438892 -0.218886668582466 -0.0499644812721093 0.066536887867055
-0.0593838594353821 -0.173505035900291 -0.00754594666024249 -0.177419975676247
0.0348387003494908 -0.0620252960363746 0.250046591192158 -0.261825741255848
0.207044983184915 0.125394519608128 0.577041574525403 -0.0536737003476646
0.227818862454727 0.218795570461921 0.610266682973713 0.446048853497312
0.0452439034985181 0.290463238737052 0.195962380280036 0.711004189788202
-0.180448749697515 0.311705782782635 -0.173489621095434 0.495793596335563
-0.28426034051948 0.258167596690823 -0.0243755257430495 0.139798138858172
-0.267789827785862 0.296885431278542 0.336948933468461 -0.286414038011076
-0.0617838883298627 0.323042121005744 0.293277092485841 -0.706410953932611
0.178776446882471 0.302127725010673 -0.204525408840886 -0.814098755041294
0.236625402551246 0.174686868743667 -0.558073371225158 -0.292844337801778
0.0677059020099565 -0.0258578533286786 -0.439713835560983 0.180298226357043
-0.0222378802480375 -0.166834543429592 -0.176468620650358 0.193307153167446
-0.0426470019189101 -0.216417641802634 0.0188734499455338 -0.0317280987495611
-0.0699451703080043 -0.1965164949024 -0.0428704915262782 0.111003637972347
-0.0585291836424401 -0.170652589613479 -0.0689052568646015 -0.16154248781777
0.00480074570940603 -0.100197778781646 0.107107873941056 -0.263956271547108
0.14853940484267 0.0598368681902811 0.483672772924019 -0.11191888654114
0.194724515492227 0.160648019248136 0.675537174095945 0.34548754112527
0.0687667945701466 0.249632555840908 0.33743872045913 0.710753556675663
-0.132023538247612 0.287007421742957 -0.147141616148868 0.608813437778909
-0.249078902150208 0.219423448200291 -0.132576648944293 0.238267199666245
-0.273567816032244 0.230843281685782 0.265152599141387 -0.16720112953486
-0.126337759104106 0.271371232590128 0.39697799405413 -0.597687086905139
0.0963180633421672 0.29992037096541 -0.0063980769688246 -0.870901974124779
0.210944091994265 0.199752443973791 -0.505359063843249 -0.4477008036791
0.101400072781806 -0.00238722863931098 -0.532556740097841 0.105639449635873
0.0129605889107855 -0.13939866225239 -0.266067469642823 0.205128556940942
-0.0264594042712115 -0.193633586588811 -0.00360562605045572 0.0203695290119046
-0.056894555782331 -0.137284152172334 -0.0313817904812015 0.141949929271625
-0.0324994130943099 -0.123479455046131 -0.0916515757973428 -0.15410327539365
0.00767818700613289 -0.102606032660745 0.009958890252731 -0.273456353376173
0.0916017496965229 0.0110104457720633 0.397591897726358 -0.137841032609388
0.117802143117711 0.0986597557541709 0.694490029969485 0.28939841043658
0.0362033573992673 0.179547756272345 0.430297981564508 0.716102127543492
-0.0954058230796711 0.208855586276234 -0.127581920737014 0.69399390190148
-0.177525889508712 0.147077065351818 -0.216549170578197 0.313405419811161
-0.207704691305333 0.148220749169402 0.182782279816725 -0.0903738974483423
-0.122497397940062 0.180086184275191 0.431448216817994 -0.50845281690215
0.0313436517347993 0.232207264872164 0.123061978876525 -0.878050485654426
0.148295114832258 0.165479477427621 -0.458538149084442 -0.549347593520535
0.0960460559376836 -0.00371977200625033 -0.600125092338647 0.0451282768257432
0.0290535234283105 -0.109485244943416 -0.338815576788517 0.216475719074513
-0.0145670024136072 -0.145580771831996 -0.0205289479340776 0.0667889339900588
-0.0380393395281218 -0.0485093530667652 -0.0161987900347372 0.156427132123722
0.00687286906111412 -0.042611828328284 -0.0897859256053495 -0.158994861379768
0.038118547503414 -0.0649657683096862 -0.0249314967073929 -0.289319382627704
0.047921068559355 -0.0106961183232057 0.356449937606714 -0.146205564535316
0.0257394098348537 0.0440657251117166 0.690189100695193 0.283144210852178
-0.0308915557599602 0.093457647479131 0.460721298502661 0.738052979985383
-0.0690271534281467 0.094838901686918 -0.133349536545492 0.742645717084845
-0.0824735271034115 0.0530164418256856 -0.265221720355973 0.354458115278586
-0.0867225371265312 0.0666412234569156 0.130031619864761 -0.0592266043170065
-0.0558419054180126 0.0794146646324939 0.420771014109184 -0.473316634219477
0.00209317680886196 0.122375723588334 0.151403007799715 -0.872384625312309
0.072264204302839 0.0834633850115311 -0.45904736513247 -0.585500476148982
0.0590827876854772 -0.031815213880098 -0.646316012323518 0.0236552006303885
0.0252106538183079 -0.076974380788898 -0.374868752913768 0.225437685141724
-0.00888957385429671 -0.0803436834858738 -0.0279135615199262 0.100245307815983
-0.0116375763514037 0.0524132784252895 -0.00999608866815381 0.151869198618346
0.0489502971110446 0.0493167349997316 -0.0710140869534545 -0.168574871278104
0.0720789749889207 -0.0103338635866846 0.00212570688702031 -0.303812423451394
0.00511446292553575 -0.0164079522422572 0.370301934720254 -0.131802020788267
-0.0709459678641783 -0.00843776563696824 0.674046235134066 0.330001555764933
-0.103062018287236 -0.00514988030996348 0.420956636201794 0.779205447575528
-0.0382210237013352 -0.0343176198093457 -0.173908789599885 0.741714751582469
0.0222128068196216 -0.0485924665807776 -0.268320587542861 0.353943109756453
0.0481800966924051 -0.0161807572377591 0.125189261908521 -0.0675905794922604
0.0232341039457652 -0.0268533862251466 0.383235219637209 -0.495869218904812
-0.0200261712503013 -0.00531174996434747 0.0766381282033512 -0.859134328021432
-0.0134448722916975 -0.0200957039505352 -0.517455479048539 -0.546845900872631
0.00614960069952021 -0.0688202282678408 -0.670463061122549 0.0530584172641344
0.0105273061159301 -0.0403621571742457 -0.368907765872049 0.241327559574932
-0.00453806050008241 -0.0044481195198908 -0.0180774994147096 0.112873208166675
0.0122142591818205 0.144386204121832 -0.007369097093286 0.129960559024608
0.0785402808649015 0.125408778332881 -0.0387078600618047 -0.177850138455276
0.0819074612215862 0.0367116119264576 0.0842798078305523 -0.304797070587314
-0.0561967702220436 -0.0260074784460281 0.429215240345787 -0.0824285598986045
-0.159233819241399 -0.0673339040423598 0.637469331366029 0.426365066713761
-0.146891714879629 -0.114715094207658 0.307763742293895 0.82949233129384
0.0148063137147964 -0.154033785960832 -0.239496774664113 0.689335113757174
0.120330011184284 -0.14171269797017 -0.224935137394897 0.309453052748166
0.148740576646905 -0.10408830220907 0.163925869936716 -0.116917158634071
0.0591908909698503 -0.132623736003289 0.310927070660376 -0.560692895811715
-0.0705412594789438 -0.121957023427356 -0.0891766717995439 -0.820669196487432
-0.102140387523414 -0.105773988263923 -0.61201474144797 -0.425671318060668
-0.0386665332359423 -0.0870564645926751 -0.655078223143957 0.125155637303923
0.00101176938415874 0.00920468562287996 -0.31065612459068 0.255422380705218
0.000474543990007925 0.0727048332291485 0.00778060987105316 0.103945599184375
0.0248127942754899 0.209876548139594 -0.00735486852613763 0.0947208184414372
0.0838218798566493 0.170901916110539 0.0129426679742734 -0.189968972261772
0.0511557618869269 0.0578859380204243 0.20799245458003 -0.283404091448518
-0.135747047564494 -0.0565880210190795 0.499871295301456 0.0130050499705423
-0.220343062701527 -0.143761403849403 0.552173482692443 0.560641802002028
-0.136525089520716 -0.22272463397621 0.134708357724454 0.860242052781077
0.0924613205507099 -0.23947295218915 -0.298817017046859 0.588834418613258
0.197115732891541 -0.211543337371678 -0.141037773139445 0.229765383220429
0.189245291735015 -0.190790829805978 0.211686397301146 -0.208361698385789
0.0303804127007816 -0.223116322564369 0.186117123956463 -0.639675954534998
-0.150586379967909 -0.197476902201322 -0.303229379379366 -0.732637884792371
-0.17279929503762 -0.144530226698907 -0.687964823558174 -0.253909317879635
-0.0562785432642611 -0.0716813666904933 -0.577902315335085 0.209566902762365
0.00531386792089998 0.0690813468673787 -0.210253283496406 0.260034629405943
0.00845008311946899 0.141502547500369 0.0406258729112344 0.0743103011376425
0.0239994849480935 0.241943823997292 -0.00154865394214586 0.0513488290467363
0.0613046014770354 0.181532414805827 0.0866378459387534 -0.200898827972407
-0.00810562147602507 0.0486708832971366 0.346532177470941 -0.235377151789486
-0.204585748141789 -0.108886743167483 0.541937668306938 0.15067671218108
-0.229021794470861 -0.224933335006884 0.402293639499059 0.703718010702909
-0.0682173578675317 -0.303268096243755 -0.0676008754773511 0.852598494695105
0.177837945397136 -0.270981208143837 -0.32393302613825 0.455728270313884
0.239294536358474 -0.246461345255759 -0.0306993236051604 0.12428283494616
0.174305214426842 -0.253517130876418 0.240412733033345 -0.330292972794898
-0.0383433642781592 -0.268241587356501 0.020999058490314 -0.698040913248067
-0.217770087776445 -0.216051988304895 -0.5030315996589 -0.60478289574204
-0.194221285178687 -0.131381471358751 -0.697665282005314 -0.0852998267489185
-0.038655058653779 -0.0272370699526636 -0.446803891962668 0.267548786392878
0.020766338265075 0.126898041267466 -0.0916332017825977 0.246851785346537
0.0179314374190068 0.190879628499778 0.0694767522901263 0.0294429630004149
-0.0711246220513396 -0.216961797337448 -0.0492090985426807 0.0674865377106576
-0.0602201377386876 -0.172485163109322 -0.00953954250405924 -0.177035839871016
0.0349440791342716 -0.0627115912967298 0.246138803050973 -0.265050902299797
0.20942611549538 0.121867288101919 0.574912031343694 -0.0633725635839896
0.230198760717653 0.214301987097061 0.618208171657267 0.438612399932273
0.0493348989464488 0.28895722617819 0.207229398108645 0.708987479756407
-0.175059790567623 0.313729570600359 -0.165490069589896 0.498693029289818
-0.279449188481746 0.262096337607379 -0.0217615570525352 0.140203470814122
-0.263680208978816 0.299479322177312 0.33220766235834 -0.290537468457307
-0.0577044059797082 0.323958570568945 0.282573798777717 -0.708068442395341
0.183114562770547 0.299478480556108 -0.216472922297116 -0.813300340935577
0.239933950454624 0.170956448050087 -0.562352155322953 -0.284211641755647
0.0674609583735691 -0.0259987068649431 -0.437290191623493 0.185770467307286
-0.0239608893008922 -0.165990607199237 -0.173981330627201 0.196647501335083
-0.0459196286496632 -0.214482601370124 0.018762013271493 -0.0315965399063617
-0.0728282341155828 -0.194636609636932 -0.0411207609834971 0.111347362985733
-0.0608184621337478 -0.168728458156219 -0.0701823835635156 -0.160294625695194
0.00466000817592956 -0.100703385880642 0.10389878675458 -0.266096269078315
0.150724614183779 0.0568700208097973 0.481950991656395 -0.119175687000586
0.196231927986206 0.157127613526442 0.681820225204275 0.33492188609235
0.0723582683202875 0.248808107926862 0.349097947169737 0.705581430508284
-0.12657439424492 0.288260458054174 -0.13819526610672 0.610493238771138
-0.24475194553319 0.222457022279635 -0.128464722503121 0.240370914956082
-0.270437297292566 0.234153185383893 0.262823849051521 -0.17035791224203
-0.122490482294337 0.273207521675474 0.389248496353929 -0.600644130236657
0.100451701778102 0.297626733323726 -0.0174637427657159 -0.867948926231468
0.214002066357919 0.195210505675548 -0.513459182002953 -0.438498266888472
0.102017355272862 -0.00400811116078867 -0.531181858833456 0.114355101648996
0.0111647772101549 -0.139883106388559 -0.263810031987138 0.209114925270424
-0.0293461638463606 -0.192041600964241 -0.00236144724022584 0.0212879711043736
-0.0585569269165017 -0.135802576704877 -0.0296357782258622 0.142091368015727
-0.0340013539189331 -0.122778269231183 -0.0925945560417483 -0.152276366897631
0.00670972386140988 -0.102364555916419 0.00643873797599934 -0.273629953232964
0.0921214812688296 0.00843947676498757 0.394690072546879 -0.143851525997175
0.119592164795856 0.0963135924751067 0.698677615758338 0.279271634189476
0.0392918730818347 0.178757455615901 0.440909253608506 0.708280589323728
-0.0917255149423994 0.210095278623224 -0.116598946250163 0.695974964786256
-0.174851749893887 0.148359642790215 -0.211795932414205 0.31779427772204
-0.204964312083365 0.151607113437067 0.182783684619878 -0.0926087312571904
-0.119199620301835 0.181554249732867 0.422997483140927 -0.512605986572691
0.03439769030165 0.230943108753282 0.109937707208341 -0.877942609930832
0.150633601489073 0.163196640928484 -0.46599820489895 -0.541807973949554
0.0968295956199798 -0.0054653222559205 -0.600039601629967 0.0550374452764621
0.0279132913588944 -0.109879750332679 -0.335120140545999 0.222173958884553
-0.0170638622956655 -0.144254467407896 -0.019154636613826 0.068044892197103
-0.0382894072469141 -0.0476195790804563 -0.0142566825033408 0.15543526493904
0.00651378818598403 -0.0424446251888132 -0.0911263205858657 -0.158013084495032
0.0373316028755802 -0.0654075943316181 -0.0281792546854532 -0.289065628766234
0.0498329016954645 -0.0114872002327367 0.354093272615542 -0.153296968179621
0.0263870550326407 0.0432898016400281 0.693931231437612 0.271372074741571
-0.0291008683832427 0.0934816954517217 0.471208826413561 0.732221821247756
-0.0672643431074635 0.0956970759702625 -0.122289472372793 0.743371121573136
-0.0810219589363373 0.0539395247638951 -0.25919204214336 0.357787700373705
-0.0845130943005869 0.0676929060588077 0.129121275941023 -0.0606798356923921
-0.0551932713476881 0.0803696923686568 0.413330548944146 -0.477942407343964
0.00413285837141977 0.121884885971489 0.138789738601994 -0.873474320788178
0.0724622210223617 0.0816191030767338 -0.468495889521275 -0.577179154243865
0.0585658903672292 -0.032192292803295 -0.647081962740843 0.0330419516669973
0.0233905481469463 -0.0776214095769907 -0.371412649593377 0.232465182110154
-0.0101331473526386 -0.0795580469323779 -0.0256667683333161 0.101177075230048
-0.0114750906038619 0.0522188685083996 -0.00793870938621264 0.151429514390935
0.0497538790326741 0.0480669215511462 -0.0729882855562959 -0.16634197381619
0.0719141212355125 -0.0108906850992863 -0.00279570958705521 -0.305086975345964
0.00610461541428936 -0.0166644910188195 0.367690063673675 -0.138014581587727
-0.0712692772966957 -0.00751277229063582 0.679515906461771 0.320333260976057
-0.102632908681761 -0.00414115760263758 0.431193245999689 0.772190086038656
-0.0378518088946163 -0.0343949107371717 -0.163940007523694 0.744940236442004
0.0223111024432513 -0.049759315241325 -0.262869594836736 0.356770520817894
0.0485096572421763 -0.0169822910771764 0.124626338666068 -0.0686342386913587
0.0227208629975972 -0.0267330055579897 0.375758942177276 -0.498517212408417
-0.020120013982204 -0.00446409857634989 0.0650224649214419 -0.858985468247374
-0.01323706974317 -0.0195761296764574 -0.524807574007806 -0.537757165884869
0.00533867082620004 -0.0678595146630296 -0.670610599688558 0.0628846463587331
0.00942861735168059 -0.0400678512712215 -0.36461485440301 0.24754237770709
-0.00507676969580642 -0.00399430064338582 -0.0162458513913321 0.113425492232098
0.0137618911392951 0.143187822147471 -0.00623006788858597 0.129889145748015
0.0799805638857334 0.124484089124261 -0.040815984551064 -0.176633631081468
0.0821841585198949 0.0365611992771428 0.0801001218679355 -0.306467073395931
-0.055591926075193 -0.0246186242505567 0.427784372951656 -0.0891154581816335
-0.159412558115076 -0.065651730126164 0.644635615388373 0.41665458859349
-0.147331973252387 -0.113320029380048 0.318524355005166 0.82306119200054
0.0137096388024462 -0.154327865671017 -0.22886215595269 0.691506239493525
0.118408816897206 -0.143876796550861 -0.220186357609812 0.312736468335748
0.14797443285289 -0.105800781391239 0.162235847566231 -0.119230930291495
0.056979003635301 -0.13388250052844 0.301499816004953 -0.564006321227819
-0.072336107897374 -0.120843284085656 -0.102379653587501 -0.818975478922025
-0.103155332548728 -0.10471667928265 -0.619641194332551 -0.414928780490151
-0.0403655705026227 -0.0860327279630113 -0.651602149259122 0.135754285109349
-0.000194996441517929 0.00970763124844249 -0.306189975513184 0.261381633633748
0.000485054694622349 0.0726913858231274 0.00982843671605963 0.104354909934017
0.0282263783109832 0.209473043786334 -0.00631589892481579 0.0947036733765503
0.0860299794812374 0.169587776341073 0.0101133685952962 -0.189163729162976
0.051589839829591 0.0576381372900998 0.203340168209424 -0.287120424870318
-0.13574104194051 -0.0542556612788931 0.49901026197056 0.00475946462767568
-0.222240329939491 -0.140771121981537 0.561683994232726 0.552178890845394
-0.139984187001458 -0.221666695687718 0.147173332293057 0.859301949200316
0.0907422923325301 -0.241473342094349 -0.290288216179895 0.591114551289206
0.193740234909381 -0.214210206292209 -0.137385522703423 0.231138336834341
0.186766515005753 -0.193856288482142 0.209813444898338 -0.209875782131893
0.0258786358153538 -0.222841206217607 0.176286079024575 -0.639472937725527
-0.152571012904569 -0.194368632214292 -0.313668500363283 -0.728437688637635
-0.175092527348913 -0.141126611380453 -0.69146325844541 -0.244337485891681
-0.0580327589988608 -0.0699553552655122 -0.576275094516607 0.219049386612698
0.00584085792360113 0.0686198576653667 -0.206295187875705 0.262704827448353
0.0102123886854841 0.140996684558275 0.041964635242822 0.0740988525365108
0.0283756360670493 0.24079792223156 -0.000779890142548591 0.0511388870213413
0.0635554130848409 0.179984429579593 0.0835848835332146 -0.201133701565936
-0.00777463265436582 0.0489271520419043 0.343011616149256 -0.24053205434939
-0.205511492118764 -0.105137934279771 0.544078746564561 0.143445140214857
-0.231182453091774 -0.220766509459184 0.413029860209328 0.69895376796353
-0.0720459136538364 -0.302594990508008 -0.0550825805656217 0.852244806807478
0.175184950464311 -0.273661974997309 -0.316795890760691 0.458731544406698
0.236426621779748 -0.249528911895126 -0.028182570977332 0.123799176370558
0.170051422471632 -0.255980267255406 0.235659532951451 -0.331720900289316
-0.0410325031116228 -0.267679046032958 0.0106876739887154 -0.698344903432964
-0.220703298456819 -0.212653567331752 -0.509611547559967 -0.597110049981276
-0.196595600096704 -0.127926703595224 -0.69781122190622 -0.0736209892906223
-0.0392769304983312 -0.0254987340084389 -0.44304967805878 0.274209414534623
0.0216298346999621 0.126229774121411 -0.0893083331669839 0.24813076894656
0.0204474097623403 0.190110989853873 0.0700209201734783 0.0286489926665239
-0.10058069329796 -0.202820626054383 -0.029317516436085 0.0746825894883693
-0.0867392387958199 -0.164223106532679 -0.0214329792812374 -0.172869467680685
0.0270319696253721 -0.0741169261552029 0.212966649801898 -0.288695348146986
0.233953512095705 0.0832588394681083 0.548903812633269 -0.125595504719084
0.270466070166704 0.186074808076517 0.654941721712395 0.366755488140853
0.0947465075558025 0.292008599728115 0.276018625716927 0.669304937208609
-0.130647966277172 0.346714850110686 -0.101497096954148 0.498478794784604
-0.244932147673925 0.289108609784713 -0.00810158281269893 0.134168238420274
-0.22742095080578 0.325364240755624 0.302313532658322 -0.321486368154108
-0.0279839173484743 0.326794995228163 0.218810070533591 -0.738450645595908
0.207316817954585 0.274744001696868 -0.295315458042569 -0.787571135100995
0.258463520641437 0.149991283822124 -0.592473301866108 -0.23805615571307
0.0705003220671528 -0.0288596152448477 -0.421523815629404 0.226232234217319
-0.037674054889781 -0.161889060939312 -0.160750469507808 0.214046762156391
-0.0685802566355041 -0.208733528957613 0.0121191269795817 -0.0279632803974726
-0.0983945021434053 -0.180155156439539 -0.0183021045191233 0.115967884367096
-0.0865763105175621 -0.15988766271515 -0.0790950276065802 -0.149158763345606
-0.00958221542669199 -0.106703497909072 0.0748550651583777 -0.271762507927223
0.165174804309394 0.0284409218633877 0.453922112103196 -0.169952309951059
0.230521993188608 0.129816342510403 0.708821270351961 0.256153812535962
0.116804045851801 0.247523713235138 0.415295780450715 0.650421838039816
-0.0838019834086525 0.315678300750647 -0.0631284387899849 0.605574714486699
-0.214762273649573 0.247774856914303 -0.100091796498836 0.245729720153165
-0.241221348753496 0.261870290339962 0.244493750036953 -0.19658908804296
-0.0979065177526529 0.281787310044975 0.334890637574558 -0.639703024812228
0.124526642569208 0.280729097609633 -0.104427268034347 -0.862146318379056
0.23405842744705 0.177274069896925 -0.556050195121198 -0.397243258828617
0.106371301646157 -0.00806365421054022 -0.5224087263764 0.161216834033542
0.000652566845172776 -0.138915266273804 -0.248320687111868 0.23386196426189
-0.0486008726996763 -0.187993739476247 -0.00432195446871985 0.0247474521049415
-0.0754903855721917 -0.123353103987986 -0.00503074838610466 0.143375613750182
-0.054625778116387 -0.117404943179124 -0.102971499673028 -0.138198156787684
-0.00923243907373509 -0.10698392550825 -0.0212293464696045 -0.267785379003217
0.0995678767096039 -0.0105444660867797 0.370568455061511 -0.186289396875209
0.146865473363707 0.0784603966814697 0.720026668470435 0.197025348008019
0.0785508406480573 0.182017047870844 0.509582731785944 0.642359769868546
-0.057031316476645 0.232732044637378 -0.0337007360793531 0.692496612522302
-0.154477521035287 0.170201008870368 -0.173833918850317 0.333203840130685
-0.185706661849822 0.172065573350833 0.171086867185909 -0.110086536440533
-0.104548369537556 0.190401401015636 0.377378379180322 -0.553202797206924
0.0523510531895742 0.22171486752672 0.0261172642743527 -0.886096205186129
0.165466909688539 0.153081088868668 -0.516618827272167 -0.504003680971678
0.100644586461173 -0.00812879832469662 -0.594947452203679 0.109252912569168
0.0211327133621353 -0.110765085307131 -0.316938524741419 0.252713006970081
-0.0308260052351885 -0.142226325120999 -0.0161535380553801 0.0712256644677838
-0.0430502815574919 -0.0386375689771 0.00718464555622021 0.154232246589398
-0.00359562267286835 -0.0450496066800569 -0.106544918302597 -0.143169842841821
0.0256015719226419 -0.0737534128875963 -0.0600209769845681 -0.278944571863491
0.0528500693298705 -0.0243880793337038 0.330731494057501 -0.190515042489028
0.0482424125635945 0.0380330657429679 0.721105914545719 0.188071572272039
0.00232762515754045 0.106396405800612 0.546962901103912 0.658579840897973
-0.0475042574181394 0.116135800955497 -0.0296677361437004 0.744689510129959
-0.0727776177525331 0.0676661209275904 -0.214765537072064 0.378619273576974
-0.0752004644222825 0.0757244455704502 0.122327497785346 -0.0727131330484992
-0.0521278712901596 0.0809596675650226 0.370475467335215 -0.516091766684526
0.00874340705957882 0.117620544901811 0.057290276443778 -0.880275080792304
0.0772827769092268 0.0820530387246227 -0.519264687519593 -0.535685466590301
0.0592002510348675 -0.0297081259347411 -0.642309666435689 0.0937930696445977
0.0201364489059013 -0.0777692598794134 -0.352551083593539 0.267143544672683
-0.0173098844112691 -0.0782367494690196 -0.019228039317472 0.103748384873229
-0.00179885701934325 0.0559499097341205 0.00808144363798734 0.147581478353101
0.0519685687879642 0.0373691945977844 -0.0946637907635859 -0.153643803280314
0.0666253148955177 -0.0246331216323947 -0.0388664382347986 -0.295839373980374
0.0102472608692726 -0.0222837679941736 0.347682340621493 -0.180553572747976
-0.0533961304944788 0.00218004197180965 0.713733130256392 0.231742931448054
-0.0813943045719061 0.0200045602925205 0.514901863214336 0.704776128098337
-0.0358747850478664 -0.0188555177885143 -0.0723171326902934 0.753744306408833
0.0174516334348887 -0.0446237071975847 -0.216922651895363 0.380939595131756
0.0470171291926945 -0.0247941674395566 0.118040991135889 -0.0792434247538185
0.0127102060090154 -0.0347311155323595 0.331882403363185 -0.530034861806305
-0.0299809871653893 -0.00433861468577902 -0.017508941681185 -0.856540802773908
-0.0212063826233712 -0.00899066347976507 -0.571917607695854 -0.487016619705297
0.00271100192460885 -0.058484316336563 -0.662635674501576 0.126910565424378
0.0100676070404864 -0.0393103584892298 -0.3437332223717 0.282153428027931
-0.00494100452203894 -0.00367296004291931 -0.00620416171550205 0.114787390307888
0.0355880131399256 0.142324027271111 0.00286580249432529 0.124731357746835
0.092949245222882 0.10786771446266 -0.0683614259435551 -0.167882417070601
0.084590257584259 0.0194594736778025 0.0389438657648329 -0.308745194103675
-0.0507087620631113 -0.0212956895695818 0.414799791678026 -0.141671239904185
-0.148070504049008 -0.042177346433866 0.695011790719555 0.331210042123646
-0.140002502280709 -0.0782070510363714 0.416413603633291 0.765689490805868
-0.00158999748586213 -0.146195158589681 -0.145608271233515 0.715758981144861
0.103142575434466 -0.148942154893882 -0.178315181926741 0.333814477922201
0.135202868511932 -0.127174509871578 0.150888402491579 -0.131869019781494
0.0339756149634091 -0.144220148538081 0.25025008629674 -0.586139367285074
-0.0945450048022919 -0.110772931886068 -0.175702126743953 -0.798082200635739
-0.119066008376683 -0.0813187005046302 -0.650998093113824 -0.355850732822793
-0.0440574944673765 -0.0721659247640828 -0.635691256380805 0.200071767902766
0.00569559093689286 0.0106485936136941 -0.282609369397055 0.290261714815343
0.00883976385698394 0.0726632746115281 0.0203077170712271 0.10174858828654
0.0587710915633895 0.203666688222275 -0.00409618408273482 0.0895010947187056
0.10570377404624 0.150359624468699 -0.0210304302736483 -0.187047998685481
0.0590040621618 0.0432499340221956 0.161914415233121 -0.306055061300262
-0.131152441202175 -0.0372816120437143 0.501032315620696 -0.0613975649820488
-0.219324770916931 -0.104462295543067 0.633606550281442 0.473311086035579
-0.148553578817794 -0.183097838645416 0.254237494753646 0.821056042086828
0.0622841397464401 -0.244478954250455 -0.219359504662034 0.627526061947758
0.169176413411783 -0.227321456865124 -0.106476289805825 0.246122027375437
0.163346145965488 -0.219459180068626 0.189690358311183 -0.227260284734601
-0.00897196344635231 -0.228511035705854 0.120443610839462 -0.650144650941059
-0.183593158276783 -0.171553009880983 -0.377060224250597 -0.689719201806483
-0.192640950974127 -0.108233012591148 -0.706035703850745 -0.178103233221773
-0.0593408106534148 -0.0554878362319067 -0.550856382695397 0.274689081684189
0.016637263240721 0.0678343629291084 -0.181256907144136 0.282681523660778
0.0240013165846924 0.139616718572277 0.0522003369321289 0.0685489891714625
0.0628950940359185 0.234340585963027 -0.00529846815316848 0.0455046572281989
0.0872387141603279 0.16334555755142 0.0503330333422889 -0.210192208368216
0.00142367733562169 0.0429801605651415 0.307761554812205 -0.279833477856682
-0.205879826714389 -0.0754852119111003 0.566892106933584 0.0685694636963132
-0.240168730669184 -0.178051770677608 0.505981080789519 0.636784203922984
-0.0967136642208272 -0.268308508148705 0.0569573032577738 0.843943363242659
0.141701805375459 -0.289941627295325 -0.263612488187066 0.501786900712338
0.205542165075031 -0.269863763258548 -0.0107087172110395 0.129467940752824
0.137548763591584 -0.282085693711872 0.204146988358354 -0.349534660284182
-0.0835225961770881 -0.26163374111581 -0.0511281233309122 -0.692318881812952
-0.250994073717417 -0.177754382355967 -0.557455041714979 -0.542753458716762
-0.210312975365763 -0.0928451273259225 -0.696966199699205 -0.00799956121292646
-0.03608880544202 -0.0166696911837164 -0.41537562195499 0.316768677028282
0.038458918411232 0.122093527306372 -0.0625885980780236 0.255848829707613
0.0398558698277504 0.187595066692462 0.0774994840071904 0.0196760486016769
-0.102789393256664 -0.200097339730193 -0.0283376673325078 0.0749321481779505
-0.0876996412563064 -0.16310834203796 -0.02246082194986 -0.171884865909905
0.0265170748707105 -0.0753987900675892 0.209144474779627 -0.290293138043178
0.235726046031975 0.07908673719241 0.544736662258561 -0.13246458224777
0.271227131512513 0.180832253746675 0.658294784885779 0.35652972011586
0.0987046867673355 0.289263050003556 0.284133955767579 0.662620160196901
-0.12540511470226 0.34675529182668 -0.0952689809745584 0.498655023156222
-0.240291261932803 0.289903010807281 -0.00478098110709886 0.135410618336615
-0.221860407800295 0.326296489151151 0.296503710724973 -0.32363368771294
-0.0231718264666119 0.326400387055076 0.20745922885189 -0.736841689275288
0.209559687848846 0.270883784979494 -0.304532451986624 -0.780478051134203
0.259663553959622 0.14564699028771 -0.593252548982925 -0.229694573181236
0.0705233621066578 -0.0294780405036457 -0.416935982213344 0.230346031326758
-0.0392233456774365 -0.161487013105229 -0.157732685091112 0.216396445579421
-0.0703279955357362 -0.20584611185001 0.0119258143589044 -0.0279220877424444
-0.100693451877328 -0.177316648643176 -0.0159872137496532 0.115854957317045
-0.0881966344244194 -0.158275107539095 -0.0800988863501606 -0.147562574764479
-0.0108867978874 -0.106238639935352 0.0719749029528892 -0.271184374104606
0.165768490708031 0.0249826982413969 0.450173562018089 -0.17611681769594
0.230506403031851 0.126137426326511 0.708841947860102 0.245339721748259
0.119079947308071 0.24503845467817 0.423679073023493 0.642709085479702
-0.0779872718308157 0.314990273472742 -0.0543058390806774 0.604924355667283
-0.210761280431762 0.250201211222255 -0.0961381034756305 0.246468458441545
-0.235768658432176 0.264133204988161 0.241723338003758 -0.19853340978675
-0.0938651386253957 0.282506974990032 0.325562482942759 -0.639508464334767
0.126930870128145 0.277714809681284 -0.116816850663349 -0.857614382388822
0.235373080622855 0.173132751403372 -0.560242177202117 -0.388333293638114
0.105798372998127 -0.00991281049360061 -0.519163983335126 0.168479258468736
-0.000767245841386863 -0.13929881423017 -0.244737206905706 0.23678345272978
-0.050788390884931 -0.18566828156051 -0.00358370749235467 0.0249471589584198
-0.0773116487617516 -0.121451502952671 -0.00308960092741473 0.143341043419267
-0.0552201596562729 -0.116803052019894 -0.103146419342485 -0.135943673254959
-0.00970555710619201 -0.106663876298041 -0.0241038814480761 -0.266688939059542
0.0996435304090573 -0.0132832863091126 0.366462533253915 -0.19095888983523
0.146467713019473 0.0759062166147092 0.721790516725851 0.185137904449368
0.0805353477968632 0.179766280326579 0.516200759385053 0.635086245565867
-0.0530282849967185 0.232213178383667 -0.024822415625329 0.689591543682464
-0.151444529665575 0.17047454363827 -0.167468542831119 0.333877745925758
-0.181935524659147 0.174578801189922 0.169788049607567 -0.112070876288733
-0.102199462606732 0.190054682690357 0.367998679368987 -0.554735279184532
0.0541385893830604 0.220335241047448 0.0128220000455095 -0.878966516320121
0.167130807178464 0.14894705160825 -0.524327401761368 -0.494458605511678
0.100856998025961 -0.00942656375984168 -0.592654927197355 0.116696060419402
0.0191480878269567 -0.110738008577137 -0.313292648866484 0.256650903872977
-0.0327998754542178 -0.140344280925781 -0.0144427634643605 0.0717339823565366
-0.0431320830632929 -0.0380198714638266 0.00898265503880575 0.153080234746861
-0.00370471244950721 -0.0452271514748922 -0.107663334153079 -0.141087340729032
0.0249345906104394 -0.0736901452437373 -0.0625093455752135 -0.276926471739715
0.0534819650032551 -0.0252068187054245 0.326709154731663 -0.196140910898687
0.0481509891530302 0.0364696741446348 0.721054605543019 0.176180709227827
0.0043477671229728 0.106031843965901 0.553159100304545 0.649953367124196
-0.0447114787702269 0.115109474500406 -0.0209231392788656 0.741340036207831
-0.0715556488255825 0.0678875309231051 -0.207642029669842 0.381274199419611
-0.0740459193761264 0.0763301576040297 0.121467063250223 -0.0741457182532449
-0.050231858422508 0.0812940804325222 0.362778843295947 -0.516196781711348
0.00998976786169721 0.116988898074503 0.0440088480735767 -0.875702698991754
0.0782597512429676 0.0799948338202743 -0.524834180160923 -0.528739064309327
0.0589542445401911 -0.0303280277029857 -0.639981075038119 0.102431161233377
0.018636646356752 -0.0778153200357839 -0.348299405276466 0.271125658695908
-0.0183386531199571 -0.0767491849135363 -0.0162223438194809 0.104014158389024
-0.000701568286567929 0.0559133583595564 0.0102689461610494 0.14611648889141
0.0517965320025115 0.0362888922387029 -0.0949870835534595 -0.150452871839363
0.0661210709178961 -0.0259511202204097 -0.0421864484327491 -0.294803975219102
0.010406748254995 -0.0222502391734895 0.344322503827684 -0.184238410199044
-0.0530378960131838 0.00218820978406037 0.716372313741886 0.22168340381726
-0.0795446605868585 0.0207077124045198 0.521669485977009 0.695430167457436
-0.0354173445366804 -0.0188573204203789 -0.0628595120416638 0.752961841712566
0.0171572576491691 -0.0458445057131611 -0.211587073859543 0.382432954416878
0.0464523498937072 -0.0254745468413975 0.116524310238958 -0.0796552577572043
0.011775801658322 -0.0347209082323082 0.322923436145723 -0.531444748772698
-0.0300759064769797 -0.00455676103480671 -0.0275057055672447 -0.851726210404319
-0.0213527291390523 -0.00872960754378834 -0.574817002984269 -0.478132858401561
0.00136974654992374 -0.0584278909216685 -0.65962568518347 0.136176403565831
0.00915847922808401 -0.0386710699993829 -0.338857365561145 0.285929843461446
-0.00525114860896187 -0.00290015285091912 -0.00412198522525966 0.114034877892202
0.0373830497314713 0.140538311791494 0.00478813583988314 0.123937909726012
0.0935017433271734 0.105485189193822 -0.0695466613586209 -0.165738462635109
0.0841388402372522 0.0187931749504286 0.0356684210027892 -0.308561990523037
-0.0499074000725306 -0.0200796623835087 0.410943406683537 -0.147294085271712
-0.147699605742042 -0.0402457825265745 0.698773415523929 0.318414672100374
-0.14028125775233 -0.0768375591983074 0.424376382902396 0.7568477799398
-0.00217746394306272 -0.146436585886996 -0.135891211373471 0.715420202983678
0.10020803804645 -0.150211369821199 -0.173897252815873 0.334721994477688
0.132593072857462 -0.12888148117622 0.149047132183625 -0.132739275713629
0.0314523634225821 -0.14449557008808 0.241427176174808 -0.584729639193991
-0.0960427614263425 -0.108385337813463 -0.184353293533715 -0.793327146914243
-0.119576721323183 -0.0790753904911251 -0.653238285038482 -0.346543326401704
-0.0455214646964857 -0.0701295392453528 -0.631909895244548 0.207216915423513
0.00532683365649809 0.0102502253232758 -0.277528396323016 0.294436880364363
0.00867527471669274 0.0726611627260104 0.0216822172205377 0.101527708988297
0.061719664265146 0.201539310162215 -0.00334228308473278 0.0886947348631739
0.107189373357649 0.147794287460065 -0.0229183388371191 -0.185217829067407
0.05874016195023 0.0432242184673599 0.157821674859033 -0.307440474204729
-0.130917077854111 -0.0342509086849129 0.497238917367926 -0.0666287086365403
-0.219888843233619 -0.101259505784772 0.639048294799859 0.463026308002579
-0.149565122789979 -0.181481946216186 0.263102525656266 0.814460171745022
0.0595354135324123 -0.244404340689758 -0.209633484288864 0.626831541497641
0.165868618753184 -0.229734987197645 -0.102427615203385 0.246430918322473
0.159573013442228 -0.22131292732093 0.186500574893075 -0.22827552699649
-0.0112114983536331 -0.227622438142012 0.109212591701374 -0.648025911139531
-0.184153583430565 -0.167747800348308 -0.38372869719544 -0.681485996913652
-0.19336816774667 -0.104908524158116 -0.70589835633321 -0.166138507531977
-0.0603925872736757 -0.053620097025345 -0.545808296417858 0.282367216080414
0.0168379800783368 0.0677322613534267 -0.176403404257567 0.285576388218868
0.0262833971837945 0.139074262243779 0.0525902855604031 0.0677018646591379
0.0654038664526544 0.23168623841324 -0.00503393992129216 0.0449724114798285
0.0883982078450138 0.160850252209301 0.0466898938303698 -0.207919037432728
0.00176122979853586 0.0431693961746373 0.302698670048893 -0.283547356996118
-0.205534012131674 -0.0714128364875405 0.564681461916068 0.0609707014866538
-0.242154898939488 -0.174121555838297 0.516407883379302 0.626887520791259
-0.0990683756705656 -0.266389518801141 0.0681231384633339 0.839390537511066
0.138304267589879 -0.291050763315471 -0.25695934860232 0.502733899070665
0.202329868950976 -0.271299331664941 -0.00941427926557928 0.129016287692443
0.132993288375002 -0.282199210284327 0.19911304209227 -0.351382485053343
-0.085880742377302 -0.260121385562307 -0.0593840715440794 -0.688051614375569
-0.252484828856447 -0.172852575607141 -0.561874107772344 -0.532836865162655
-0.209514989937182 -0.0896114546906992 -0.69524039115655 -8.93259548764701E-06
-0.0371165612458818 -0.0152990327052472 -0.409280457188029 0.321817700749518
0.0385888305822765 0.121854143491912 -0.0596392420746039 0.256293770371157
0.0417579071672198 0.18609145492322 0.077433694920632 0.0192284697260228
-0.104369528487262 -0.1973856397772 -0.0270506029163078 0.0751163375618935
-0.089423922238273 -0.161948498678775 -0.0236835104189539 -0.170839846415111
0.0263008511973254 -0.0761604056663954 0.204773360652418 -0.291487142729762
0.235775827487516 0.0748571402244684 0.540805984246047 -0.138462235728374
0.270520090106175 0.176421779264957 0.659407119465408 0.346407071948512
0.101457441536067 0.286508513508155 0.291563368750313 0.655620984731158
-0.120768597015753 0.344652537678138 -0.0880604785673152 0.498457460877551
-0.235732813153104 0.291245382022822 -0.00262566475538494 0.135802324112379
-0.215998394045302 0.326867279532692 0.291774263520858 -0.326132797950763
-0.0200273891955904 0.325398421819176 0.197477859375843 -0.734458941972833
0.211507278032443 0.266835118971142 -0.313949615418495 -0.769578226626813
0.260585147529815 0.140887205323854 -0.593949170142498 -0.221737323935286
0.0708215202425775 -0.0299511643493125 -0.413017316949875 0.234439784005361
-0.0405448610793419 -0.160111986490261 -0.154949991241351 0.216826819860066
-0.072282211421936 -0.202421243122704 0.0122380332928398 -0.0275587052658699
-0.101993783712339 -0.175356783637043 -0.0139692355177041 0.115052232827881
-0.0887513003223677 -0.156798833773335 -0.0802410871746042 -0.145630261775923
-0.0113322214345417 -0.105951943806903 0.068435822252649 -0.271694750597949
0.165875880097743 0.0219560545813872 0.446404550794889 -0.180820656370233
0.230590307360885 0.122504301356402 0.710450347853132 0.233294020737106
0.121336273113651 0.242054601859098 0.430988366372878 0.634528341916799
-0.0735204967875768 0.313744498068721 -0.0464973860330114 0.602489313156878
-0.20647382274584 0.250153727531321 -0.0918701369735803 0.246346733434726
-0.231409437653987 0.265626018450511 0.237441331653984 -0.20036656341725
-0.0901661963243402 0.281837713107437 0.315760779985045 -0.638709105640972
0.12931607101427 0.275202590364967 -0.125100390254671 -0.851073123376138
0.236786517445301 0.169666728093662 -0.562215592114232 -0.379482867993845
0.106374090377052 -0.0111241525358619 -0.514280491754014 0.173161544971645
-0.00258514618529884 -0.138537927857391 -0.240669988716925 0.238827134964533
-0.0530285689244723 -0.182852035240438 -0.00306662528991631 0.0247253434471993
-0.0776519747375229 -0.12005906756868 -0.00174241891579721 0.141945771139178
-0.0551761448136336 -0.115738520712172 -0.103549664400025 -0.134572010028166
-0.0109042080664691 -0.106757353791769 -0.0268621467332709 -0.265063705078241
0.0998491940608789 -0.0141978026676031 0.361081009102322 -0.194794977895676
0.146155644431164 0.0733731702920356 0.72051114623609 0.175154995812396
0.082974277474399 0.177021063532136 0.52092597056937 0.624252059411976
-0.0482979990700374 0.23111268946971 -0.0158681588647935 0.685802851074512
-0.148561677110451 0.171199307527769 -0.161967406836416 0.334582423171124
-0.178482763616529 0.17460597745139 0.167572182204496 -0.112867413896053
-0.099041062712619 0.191000971990168 0.360740665649937 -0.555302291227386
0.056970058117048 0.218209684311229 0.00225750941213829 -0.875986324853157
0.16880464571398 0.145740871935334 -0.528093867634425 -0.485888000716744
0.100777160427998 -0.0102085211795039 -0.587344384249687 0.124969833174073
0.0178846736745312 -0.110661442166902 -0.309411102725315 0.259111914234112
-0.0344841845756659 -0.138022814508151 -0.0133514890648472 0.072050682371453
-0.043680256912326 -0.0370944739463217 0.0108141223428552 0.15237325664485
-0.0042208264872552 -0.0449536877892315 -0.107409253530305 -0.138396170561383
0.0240670505330941 -0.073629612030577 -0.0650941579677423 -0.27461784241753
0.0535966509633928 -0.0260912599006083 0.323487956992863 -0.199793781149446
0.0481792868815821 0.0355380425969182 0.720199011412183 0.166430420907508
0.00576288637432415 0.104479140935343 0.558021141678669 0.639240054332525
-0.0420664283742225 0.115078213052709 -0.0116649309230619 0.737725333646592
-0.0698945889673548 0.067991342389329 -0.201854053529084 0.381673933704769
-0.0726050972608755 0.0761742130247267 0.120045812845974 -0.0742887025534929
-0.0492452444377478 0.0815136813378105 0.354371450510022 -0.516502150222475
0.0112668826032143 0.115745545809872 0.0317019441587914 -0.872009271360155
0.0786690279872824 0.0792703693570068 -0.529639692894458 -0.518001905550704
0.0579357656675406 -0.0304336641189764 -0.635447048796279 0.110477417901124
0.0177254862855288 -0.0773467544876322 -0.343192302878672 0.275199126731588
-0.0191768682540431 -0.0754855937653814 -0.0155075415850674 0.103595837648476
-2.57860895954021E-05 0.0556440718545943 0.0118704536828326 0.145035563897427
0.0529730870965955 0.0347713344750413 -0.0969189958929683 -0.149368299713979
0.0663566490455202 -0.0255696128893047 -0.0444317614897193 -0.293053317181918
0.0108599072660824 -0.0228167871985072 0.340213908020538 -0.188727693845409
-0.0531527060350259 0.00211848880027053 0.714565946664178 0.212189702399758
-0.0794056043135964 0.0218993260389522 0.527513798351316 0.685062512967222
-0.0335613033702646 -0.0184976273129477 -0.0541168182247625 0.748954072963374
0.017349115441259 -0.0459021384752067 -0.2041910965248 0.382284876727036
0.0468158491209828 -0.0264898072485414 0.115246167449364 -0.0801409240250441
0.0117944380554876 -0.034625880739368 0.313814602037735 -0.531157099277393
-0.0303769103967892 -0.00346331953439276 -0.0379957196138605 -0.847028714014707
-0.0207631267782842 -0.00852686122925396 -0.578914879087734 -0.468469622789888
0.00103770334617766 -0.0576223427022762 -0.654473603826188 0.142970038659634
0.00807940688772747 -0.038508427071392 -0.333573499026268 0.290219688645206
-0.00600249607185628 -0.00263255106542201 -0.00253541386001413 0.114620051909802
0.0392150492755986 0.139177485007917 0.00568773197835675 0.12253995676879
0.0945329057617998 0.103227549252621 -0.0707892139399196 -0.163082441284283
0.0837312776988719 0.0183278873507253 0.0317697732515012 -0.30732886946384
-0.0491232634573271 -0.0191086556147115 0.407471500778972 -0.15236303788716
-0.148184656813771 -0.0386241427721723 0.696985016957405 0.308136431339168
-0.14073020787105 -0.0753933742741129 0.432045099998108 0.748993454066646
-0.00357838385952942 -0.145552679642683 -0.124338707861233 0.711829467208638
0.0985584030894981 -0.15062392738521 -0.168520004735934 0.334534998532833
0.130984188340639 -0.129430077642684 0.146768436138347 -0.133034048471814
0.0292909494396519 -0.143787487124579 0.234140968974079 -0.58518535578985
-0.0969142516531539 -0.107061834108565 -0.195662868011188 -0.786751460142008
-0.119694314953059 -0.0765847399392803 -0.654114789983864 -0.336842261399013
-0.0460668668061095 -0.0684291497802663 -0.625060650564752 0.215990219372441
0.00472728670954269 0.0105343023463856 -0.273290779973585 0.2963870763058
0.00946897606974492 0.0723706916363018 0.0234228602806561 0.10121252236813
0.0638117578493732 0.199065154705426 -0.00230753896817983 0.0879167389865005
0.10748497511274 0.145601628645679 -0.0245929663324729 -0.183464450186275
0.0590813647463096 0.042674697947891 0.153355940481723 -0.308719180326055
-0.129416020556608 -0.0328751159733827 0.494163640519611 -0.0737819011712945
-0.220030284251003 -0.0990450796820055 0.641472668885228 0.452480980117648
-0.151320970592876 -0.178790884677073 0.273472950367878 0.8091492552663
0.0574925521548662 -0.244147007637787 -0.201818786738681 0.625807338287383
0.161917686671729 -0.231058121779855 -0.0987445309190021 0.245900181573513
0.156480688405156 -0.222566141730958 0.182626007772307 -0.228068167580884
-0.014007418756001 -0.225556433366307 0.10202695260753 -0.645496296213436
-0.185618253393822 -0.164912664994123 -0.388924994364177 -0.672792350037757
-0.193595026489184 -0.101268749455996 -0.704106923937998 -0.156241132184706
-0.0617319521257062 -0.0523387256277795 -0.539874248285613 0.288189009763066
0.0169160721680565 0.0677422123748001 -0.171831959247936 0.286337450944962
0.0275771580899119 0.138269359673049 0.0538162852783206 0.0672066396011635
0.0675504529845384 0.229407339808758 -0.00442074974738191 0.0448067980215976
0.0889358986082359 0.159174954456756 0.0450652068336308 -0.20728435214063
0.00168147924853099 0.043861621499555 0.298551807087325 -0.286626347131815
-0.205653438763644 -0.0686279985121921 0.56391289940994 0.0537204935164037
-0.241953868317201 -0.171295696444975 0.522060671564779 0.617029948102377
-0.101359186461716 -0.264523852387743 0.0776276441321715 0.833134802094526
0.135721462590976 -0.290907677330068 -0.24960003685597 0.502658684262461
0.198720397482449 -0.272858339359394 -0.00738064949961712 0.127946567381083
0.129321556358744 -0.282768350901554 0.193581880038989 -0.351608613686338
-0.0887427673349538 -0.25761448852942 -0.0680078134633347 -0.683425404519254
-0.252325733651605 -0.16941863451958 -0.565689134303062 -0.522064150365517
-0.210050351218349 -0.0854612643221166 -0.691422782846152 0.0106159729575524
-0.0387345989612534 -0.0139916540125917 -0.402313489768605 0.327386486403518
0.0398889167342458 0.121206401195611 -0.0568159963281446 0.256016119041202
0.0433129342244494 0.184810316673943 0.0775968719688996 0.0182081104341944
-0.105483922801001 -0.194235744100617 -0.0249687581799162 0.0742702103326814
-0.0894396872961808 -0.159212184585382 -0.0246473393243635 -0.170518215504723
0.0256809127373489 -0.0761141876915363 0.20021280032209 -0.292784786260429
0.235533807113578 0.0707425460681965 0.535903961708246 -0.145499268343422
0.270406476348589 0.172612643783453 0.660146496740444 0.33469285424991
0.103246205852194 0.284499232756255 0.297093320437999 0.646936874187861
-0.114727287338405 0.343897789626166 -0.0818089592552846 0.495551253222101
-0.230305342443838 0.291440912363852 -0.000728846156634662 0.134862534088097
-0.211751785353045 0.326993256103671 0.286329491471588 -0.326315097427039
-0.0159487963547544 0.322891366867578 0.188907528038821 -0.732341955173029
0.212671620883784 0.262674588659169 -0.319904575907545 -0.764020031620109
0.260019516187015 0.136388960241873 -0.593179913887871 -0.214020440341863
0.0705804174708593 -0.0307544723707498 -0.407403119002303 0.238580149591342
-0.041614424982333 -0.15861969712655 -0.152124514336267 0.217869336936477
-0.0741516728814386 -0.199340279589392 0.0124736965088041 -0.0268357826371968
-0.103327604510975 -0.171963150983963 -0.0130476440918124 0.114977322660065
-0.0897068054860513 -0.154609597325002 -0.0807543757987961 -0.144131077616706
-0.012263055365721 -0.10618273120542 0.0657471209236261 -0.270423303492228
0.165685658932523 0.0182502842440419 0.440288191458105 -0.186024242649067
0.229554129857798 0.118325439812383 0.707907248762846 0.22266446491255
0.123035132427764 0.239102290924594 0.435436076775897 0.62576549541555
-0.0687919182300979 0.311542413660195 -0.0399793099337781 0.598295642393103
-0.20292755063853 0.250585057274319 -0.0874605697436386 0.246384462578106
-0.226000646075119 0.265966451712726 0.234038835644314 -0.201140752181194
-0.0864835508476468 0.281172803181883 0.30563765205784 -0.638424726046695
0.131460086305588 0.271918147216589 -0.134364762818322 -0.842260235456741
0.237183568404927 0.16487282994105 -0.563304697870864 -0.371820150495143
0.10632627408278 -0.0121600160827811 -0.508821973664736 0.179368672911975
-0.00337851973795186 -0.137420052494597 -0.23722808037549 0.240470333893927
-0.0549324985168018 -0.180075307688625 -0.00221046758860346 0.0255032895979258
-0.0785647475662457 -0.117992486072351 0.000408223831474813 0.14077767483963
-0.0563040017059946 -0.114466756157256 -0.103476838025263 -0.131866366882443
-0.0119696035986127 -0.105810974819755 -0.0282930487813466 -0.26321062700837
0.0996709803867844 -0.016644912046402 0.356988597051287 -0.1972140337991
0.145359630983795 0.0706317691018556 0.718258660048727 0.164432981435021
0.0838114032061164 0.174704498439404 0.525437786114059 0.616204339440644
-0.0446777333270975 0.228949481742885 -0.00682653852120953 0.682302478477802
-0.145652474310187 0.171482059650509 -0.156206089710714 0.333600936745375
-0.175134331124386 0.175392265436329 0.165670818507972 -0.113670988099701
-0.0960446643152875 0.190774575052791 0.352250883266618 -0.552640127463114
0.05849253130998 0.215811977600356 -0.00790117152559226 -0.868967511109944
0.16914417686094 0.142603868750251 -0.529617099876417 -0.476152382211911
0.099391433639775 -0.0107899256990979 -0.583384832771892 0.129760932427974
0.0165760027227668 -0.11004777395706 -0.304533781157858 0.261220221563336
-0.0352767726556568 -0.135548231799261 -0.0120928165257247 0.0720506745761382
-0.0430833448761975 -0.0364455882032446 0.0126914453911479 0.150986817317376
-0.00478548822318861 -0.0458837301455984 -0.107684547895141 -0.135932196107069
0.0234373013781951 -0.0736173825589973 -0.0675356800778773 -0.272008321581452
0.0542585740346698 -0.0273180836493545 0.317561926710761 -0.20270957953549
0.047875793653933 0.0341592698907796 0.717098517944643 0.155660826298297
0.00699410448372456 0.103480085024118 0.561701176603547 0.62934877602379
-0.0397019856733999 0.114267490531212 -0.00323972143597122 0.735025924978266
-0.0685641957983283 0.0674527536352506 -0.196585213654416 0.382502242591201
-0.0708504670028307 0.0761491607232516 0.119492564419943 -0.0746176302585886
-0.0481801908041335 0.0810335026272206 0.346845701195355 -0.51702399841396
0.0128427414920505 0.114930835603897 0.0221939486484556 -0.867243407953212
0.0797970297579998 0.0769958997038591 -0.532154793809606 -0.50900274324538
0.0576836537443856 -0.0299109945618016 -0.630088782592583 0.116679065122799
0.016542612722054 -0.0767069220195468 -0.337406101680975 0.277622869165409
-0.020222799619108 -0.0735177186883326 -0.0132272695228022 0.104234569336867
0.000912251952353508 0.0541631905091001 0.0131163739103338 0.144348221494455
0.052559114216924 0.0339290804315331 -0.0962779469523286 -0.146594822178403
0.0653262669895752 -0.0258434333170198 -0.047608836178721 -0.291196832324316
0.0113898472220801 -0.0220329440027816 0.334943685648149 -0.192265564918002
-0.0524826131019383 0.00261623053974792 0.713058736407434 0.201147586932713
-0.0787277512549135 0.0217365787219273 0.532560397989745 0.6755100673114
-0.0329680442524478 -0.0189976779908253 -0.0429441630979016 0.745593466465797
0.0171177206152013 -0.04602951438886 -0.198561668858839 0.382538437883286
0.0467149102986595 -0.026706437452009 0.114739345408811 -0.0807555931069439
0.0106338554328098 -0.0348022335687731 0.307254825187224 -0.529004486635698
-0.0296577224906774 -0.00386053132399673 -0.0472252886261771 -0.839487680574321
-0.0200211223713636 -0.00698787248383375 -0.582676192911721 -0.459789057298387
0.000435947257877371 -0.0566903072172733 -0.648301057092261 0.151765828940455
0.0073874763143347 -0.0380112248001443 -0.327772094753563 0.291833583607066
-0.00596570978964329 -0.00123342809919641 -0.000752914451206291 0.114672506435839
0.0411583837754996 0.137136221475763 0.00695337088330426 0.12143952602129
0.0948764385912148 0.100982898289372 -0.0717781920255189 -0.161374384550675
0.0834948481756356 0.0172858626512971 0.028636721343192 -0.306090395306287
-0.0480286971329034 -0.0179128752102704 0.402178876265757 -0.155688449509911
-0.14681676543152 -0.0370814571749129 0.698946465168115 0.298319335579863
-0.139816798318648 -0.0737941708930634 0.437614640200728 0.738321503833656
-0.00345233784311073 -0.145965943553928 -0.117027596044257 0.708430705457309
0.0962977339034044 -0.151526176160753 -0.162734968609483 0.334689291507109
0.129307117340784 -0.130446729369542 0.144866610412229 -0.134338811881092
0.0272231709604897 -0.143359625768849 0.225256247385283 -0.582195476584031
-0.0971338313898773 -0.104557801124241 -0.201612116054052 -0.779049439766868
-0.119266237571802 -0.07414092019095 -0.655685814839688 -0.327149655251732
-0.046683842681661 -0.067397646897329 -0.618727923003524 0.224633244234612
0.00440404475690993 0.0110241943331489 -0.267028541622393 0.298290719581054
0.00981633020766255 0.0724438213812892 0.0253339016391297 0.101108945568723
0.0655300673299785 0.196782323492911 -0.00139929136901371 0.0874170201259852
0.10822658421591 0.143341120055796 -0.026158623167328 -0.181922894405179
0.0589037144968557 0.0420188743899363 0.149286821734014 -0.308165684201178
-0.12843666588227 -0.0313558509516189 0.490821358809847 -0.0788303460389342
-0.220301935918001 -0.0957444159288221 0.643059128578926 0.442241620463126
-0.1517752647031 -0.177109951859542 0.280729141132479 0.799619098553622
0.0559170274714815 -0.244152158777401 -0.194730147532345 0.623273762393115
0.158938339317182 -0.231769474398443 -0.0942541954641017 0.24474859816712
0.15290590306949 -0.223386511123837 0.178835637394932 -0.228449047207627
-0.0164516452284102 -0.223420584526501 0.095076354148186 -0.641252859902316
-0.185789601947419 -0.16112731504545 -0.394191872222794 -0.662921491545441
-0.192306399751594 -0.0974325617913682 -0.70202452078649 -0.148813236060386
-0.0621550843943938 -0.0500100878501877 -0.532106049630797 0.293893637645208
0.0174068942757732 0.0674971046366243 -0.16790088477653 0.286904325289267
0.0286390134270846 0.136818044192333 0.0543843525987284 0.0661915133377414
0.0701472186371331 0.226137752364224 -0.00397815257248891 0.0442145333738299
0.0898542205904845 0.157375426962776 0.0431498862960912 -0.206555754199681
0.00180229152193642 0.0436750127723292 0.293552473661795 -0.287537337923657
-0.203535462494396 -0.065757120260942 0.560660224776147 0.0460429226959525
-0.243805737595401 -0.167562625065071 0.525163565811538 0.608224190030453
-0.1031896727979 -0.262310233302534 0.0870006225263082 0.826390660590205
0.132664565663008 -0.291092967941664 -0.24175448085224 0.500626596591303
0.193862403839802 -0.274088338517376 -0.00590763109756994 0.126953823566923
0.125198565834699 -0.281802124213519 0.189256126178592 -0.350677097688264
-0.0907150592463537 -0.254411143946283 -0.0738886880508195 -0.677167683147802
-0.253288589755668 -0.164763231050161 -0.568606502274349 -0.512071592391252
-0.209564426536501 -0.0823075949769267 -0.686939724787339 0.0199899160335397
-0.0378253831909479 -0.0125204798176714 -0.396119858343417 0.330233730303432
0.0396530157726549 0.120498824348143 -0.0529698800877542 0.25578172820818
0.0444464770636605 0.18303521633379 0.0776002510770182 0.0179678927879874
-0.10638007314235 -0.192147164567424 -0.0235596970079553 0.074990369162306
-0.0900365387113019 -0.158239772478527 -0.026144973084949 -0.169193275423793
0.0256956503849093 -0.0765197509463551 0.196396466502608 -0.292920567725421
0.235047943698355 0.067102852966564 0.533080694530798 -0.149106459836431
0.268948806886789 0.167857759269257 0.661174361955881 0.326984655623808
0.104953964508374 0.281440270644311 0.301374410631873 0.639785950768818
-0.110277398627316 0.341963854691169 -0.0765357860368396 0.493484127075742
-0.226419468835407 0.291529292576063 0.00212307916874206 0.13369543627383
-0.205647113222239 0.326053961658567 0.280923192172775 -0.326542453734275
-0.0126328307551887 0.320675165281954 0.179294312288955 -0.727372975879107
0.212466792029344 0.258204576378935 -0.324829903151997 -0.752683608188246
0.259824935171011 0.131779088957512 -0.591566571402928 -0.206396049599063
0.0701338201365642 -0.0312739689826495 -0.402845604083198 0.241016670159413
-0.0422968117919199 -0.157148949946657 -0.149174413297752 0.217526286326178
-0.0747502276496921 -0.196591968159005 0.0122135027785073 -0.0263477215335472
-0.103398553680521 -0.169962377219518 -0.0112119687009398 0.113748530238573
-0.0897016649646481 -0.153143585505979 -0.0808416596140851 -0.142735012490756
-0.0127705873321961 -0.105487033686671 0.0633854141491721 -0.269700095578933
0.165254495089985 0.0163568576511029 0.435828096111708 -0.188192016494512
0.228417958247029 0.115061462691671 0.706287616202442 0.215042972885168
0.12436891589723 0.235942655028127 0.438012541273213 0.615449700123829
-0.0651513496804292 0.309276037299688 -0.0334057576675723 0.596026269780243
-0.198471707579982 0.24974546725841 -0.0834777885608575 0.246122725816758
-0.221655710324224 0.265820590666201 0.230309002683008 -0.201283800959685
-0.0828854154350849 0.279810315410991 0.298131657819616 -0.634558060802091
0.13275232799384 0.268478187004843 -0.141792392247959 -0.836216213617624
0.236822475520466 0.160753306733744 -0.562420729860722 -0.363672528470167
0.105993253834545 -0.0128956845305714 -0.504719142544421 0.182631617874278
-0.00456242708675522 -0.136272808879194 -0.233983366890237 0.241337265188612
-0.0556108532871802 -0.176991625036861 -0.00118072625879797 0.025309406759827
-0.0787767411218982 -0.116153929676708 0.00228886010128619 0.139926755542354
-0.0571492728333838 -0.113532787344242 -0.103038111899833 -0.130728393262451
-0.0118633707098834 -0.105136587541456 -0.0308829486080417 -0.261557867985715
0.099503265552741 -0.0176762243830841 0.352682182338247 -0.199797462864192
0.145089386895611 0.0683014583490016 0.715174365289438 0.156869355061867
0.0847636384088656 0.172128369980698 0.527612842095634 0.605338448551282
-0.0414591116004173 0.227141733119569 -0.000247647751996936 0.678380792016519
-0.142434648151785 0.170869798953187 -0.151092981117272 0.332530411237496
-0.171878974521508 0.175599810387967 0.163989120938311 -0.113951468585981
-0.093850541437471 0.190071198770071 0.345241774932482 -0.551317185210766
0.0605506430655127 0.213494682013914 -0.0148180458182143 -0.86228959811526
0.169590624267405 0.140062624208334 -0.530793352746702 -0.468506885914745
0.0996293287583343 -0.0115196758688534 -0.577488507839647 0.135002142842451
0.0155042336363816 -0.109370896852113 -0.299518488173259 0.262684097456623
-0.0360303124482977 -0.133986948963732 -0.0106755269255217 0.0712726479037773
-0.0432762387883682 -0.0358364950035937 0.0138864904494305 0.149180194034337
-0.00454708035084097 -0.0450310951399778 -0.107153667954996 -0.134488538554298
0.0238638190241371 -0.0731254610881824 -0.0684502842827081 -0.269801843954979
0.0541700491360041 -0.0276775359721108 0.313392971839643 -0.205141872687201
0.0477648522819917 0.0332186625530371 0.71390285839733 0.147698418807234
0.00772594192238113 0.102173608387052 0.563536735189399 0.621108316399882
-0.0370618512629119 0.11238561667581 0.00408619995717174 0.73017777429392
-0.0673061527683603 0.0670637651603576 -0.189998030365359 0.381149508269527
-0.0686965252699643 0.075814622330248 0.117681353169603 -0.0749918414787645
-0.0472876961206407 0.081129545337201 0.339250351410007 -0.514098465277576
0.0131355772930511 0.113485085552326 0.0137711389094044 -0.858866859462458
0.0795240117486207 0.0754807484252246 -0.534571820905396 -0.49898151405299
0.0572652290552765 -0.030953484863273 -0.625409890702105 0.123571958577308
0.0160505858785321 -0.076249000130524 -0.333243956303605 0.279033556135658
-0.0211663017996804 -0.0725583265647812 -0.0119616495201082 0.103313104725435
0.00101153495176239 0.0540770516881454 0.0145019596995164 0.142567881363578
0.0520479643280378 0.0329031816633828 -0.0962464117167834 -0.143826427337794
0.0649444944485739 -0.0261454010520339 -0.0497558282645202 -0.288418176559466
0.0122744776219478 -0.0229020091084643 0.330915518882173 -0.193634549389088
-0.0529735308594528 0.00282947259101889 0.712078118095189 0.191816837122271
-0.0779929717449793 0.0217630246812484 0.534694226959002 0.663967977448337
-0.0309126559478888 -0.0187354388992468 -0.0384642799817407 0.739779626483305
0.0163861546789231 -0.0465678234680873 -0.19304392417617 0.382358321334339
0.0458093658650639 -0.0280774575441941 0.113266212279675 -0.0811413167730745
0.0104707634648656 -0.0337295824426835 0.299820064383073 -0.52667077598142
-0.0295895813913591 -0.00320637173577331 -0.0553168322542172 -0.830942111390321
-0.0196322649666171 -0.00716315967021988 -0.582279811347229 -0.450150477473239
0.000131890368695868 -0.0556757236889127 -0.642355247673691 0.158149442684951
0.007060604695286 -0.038006913437174 -0.32316625106299 0.293211274580996
-0.00638861292101369 -0.000820741498617073 0.000905214535288811 0.113330143494822
0.0421006154877686 0.135042749215688 0.00790559364719527 0.120396728645315
0.0946059467035078 0.0987540583325617 -0.0718804345442933 -0.158731858631884
0.0828430215177757 0.0167654054919481 0.0265987669005862 -0.303828224952399
-0.0472435706387376 -0.0174480271187419 0.398666058895865 -0.159556328254102
-0.146923435009492 -0.0359929257897 0.697734417881241 0.290314713460963
-0.139170315166681 -0.0725406336768374 0.442130604372321 0.728986383206069
-0.00434091691495429 -0.144958913388515 -0.11023982377809 0.70585934911087
0.0947060266238142 -0.151757443322393 -0.159138992439644 0.333229157523889
0.127092591348499 -0.131103358183793 0.142403835997237 -0.134023930686646
0.0259767936107693 -0.142290923482617 0.218531533162523 -0.578187982117893
-0.0976920804344076 -0.102845551414103 -0.20646340921732 -0.769796717609018
-0.11933308253648 -0.0723344712142642 -0.652613179243754 -0.316503281700708
-0.0476448797805587 -0.0656044518963694 -0.612009298294345 0.228417224760614
0.00361914003939827 0.0116067354239992 -0.262935713288898 0.29868910524824
0.0106305529309898 0.0721551620752271 0.0262247609703336 0.0998353708416407
0.0670921614343377 0.193841306635796 -0.000632440110870914 0.0854272729455371
0.107927953692152 0.140512611562717 -0.0269388519087528 -0.17938632640287
0.0587186343165909 0.0418055332594698 0.146555111274987 -0.307891234441858
-0.127253561846023 -0.0297297294390988 0.485902497685647 -0.0827776654179791
-0.219710595445404 -0.0936924877911053 0.644286865135721 0.432879796150569
-0.152077957957363 -0.174294255289649 0.287524462631685 0.789395008138469
0.0540850218341086 -0.243129731237588 -0.185826113483311 0.620949627073075
0.156684785344846 -0.232150011468039 -0.0913803483751127 0.243392591157517
0.149996797008894 -0.222942483475148 0.17572060262528 -0.227780709817931
-0.0185324461552843 -0.22084312684139 0.0882262309489779 -0.636248267093777
-0.186613967773354 -0.158032430373165 -0.398141697230362 -0.654299534152553
-0.191990262530885 -0.0954602727071577 -0.699514932117584 -0.139092054568643
-0.0625226364549316 -0.0489504877865752 -0.52613338063832 0.296768875358034
0.0167623293633609 0.0673590111696331 -0.163532030478231 0.28704315207724
0.0295124128007386 0.136151754448657 0.0555763694077163 0.0659559116905813
0.0718236954438074 0.223029715123134 -0.00461977671845363 0.0436898771779407
0.0906591499374279 0.154635511494977 0.0413227341888804 -0.205509160646495
0.00191631384826267 0.0437791475896955 0.290223670657738 -0.289488681479079
-0.201853311268913 -0.0626904820513037 0.556410523762425 0.0399672532424179
-0.243425485319731 -0.164759499398785 0.528536981532668 0.598417766040659
-0.105052348602605 -0.26082088852113 0.093436638540246 0.819145957081715
0.129902499709504 -0.290740488339424 -0.235911794587117 0.499037269516573
0.190424493570406 -0.274087642736749 -0.00458684169578702 0.125937361394368
0.122146934199706 -0.281510031646665 0.184749948347027 -0.349877442287994
-0.0924462398850962 -0.251758141561277 -0.0801130145307679 -0.671466626016033
-0.253077582329096 -0.160728605939411 -0.568919875012114 -0.501607264967565
-0.207676208709772 -0.0783855013011069 -0.683247928114198 0.0262298969977429
-0.0391694335194892 -0.0116480151997303 -0.388883748846605 0.332132587607168
0.0399003744475191 0.119570475426429 -0.0506940181830755 0.254839358018985
0.0459203430796412 0.18153406443151 0.078070076795365 0.0172967048463255
-0.106637251946169 -0.188558841918576 -0.0228598769219922 0.073929652337601
-0.0904460805330291 -0.156287372616771 -0.0260739869453019 -0.16771392811262
0.0246264979887748 -0.0778473020914474 0.193579437219332 -0.292457036113964
0.234772469595592 0.0628559367505477 0.525896106557902 -0.152227475714216
0.267188479813053 0.164157836906078 0.658268531072335 0.318332657344566
0.106702046559799 0.277782544290064 0.304021716053938 0.632163627072266
-0.106038144368508 0.338105681523522 -0.0730293036683775 0.490527524154381
-0.222866831184719 0.290580382297362 0.00363605678048524 0.13302062856846
-0.201523180499141 0.324822450342952 0.276220179754422 -0.325740405790509
-0.00985709486454966 0.318952006363745 0.173185433976707 -0.722524156136338
0.212978489168502 0.254801178965235 -0.329260600116119 -0.744058975286426
0.258741578086521 0.12873148679212 -0.590107596298952 -0.199753459983556
0.0704243428843776 -0.0317996747247824 -0.398058147146774 0.242037538593379
-0.0424964429940344 -0.155733510471134 -0.14664226188148 0.217757402665554
-0.0753580680500153 -0.19293228392403 0.0131864554028864 -0.0263306993127186
-0.104093510558037 -0.167150549589584 -0.00977363721944006 0.112821135520799
-0.0903031238528308 -0.151338309046541 -0.0800232270079471 -0.140413765691515
-0.0130490441492719 -0.105859284217209 0.0611243521713319 -0.268543836222298
0.164775766537566 0.0132558069233605 0.431094397440497 -0.190943604316465
0.225955419267402 0.112016943342701 0.701905655353176 0.206087038860304
0.124388175079079 0.23282246804023 0.439330152712456 0.608333643196045
-0.0605890565853057 0.306585749433007 -0.0281226033094216 0.592365312500188
-0.195435624315932 0.249523093031814 -0.0806150640657086 0.244192961785846
-0.217702710023995 0.265117770580839 0.227293204672912 -0.201773979867608
-0.0808178412860176 0.278142787878764 0.29211368391368 -0.631894475210234
0.133544173651577 0.265083178370577 -0.147236983750214 -0.827438926213025
0.23623879458706 0.156613806610953 -0.562355027655394 -0.355230509852069
0.105079221554811 -0.0134668878024162 -0.498676570993999 0.185835447801088
-0.00521757754282059 -0.135685281396981 -0.230605248667913 0.242091869312748
-0.0561341644154053 -0.174431104653238 -0.00030253050900806 0.0257220299922297
-0.078742713281361 -0.114439980535434 0.00373586713704772 0.138521279123758
-0.0573836078941853 -0.112203537475469 -0.102080193601426 -0.128556908720578
-0.0121442235270285 -0.103799478153323 -0.0321072629656731 -0.259735408605061
0.100225497533741 -0.0189583151652628 0.348506322556604 -0.202285288413674
0.143291757960841 0.0665268877297493 0.711913494140292 0.146874326613601
0.0852392663079847 0.17014404149584 0.52850427826229 0.596536510089185
-0.0388277563326446 0.225064681226259 0.00628781402920494 0.673840453506115
-0.140619778019204 0.170764391415714 -0.147213257391677 0.331160894329851
-0.168196915970565 0.17471800572734 0.161293651330043 -0.115074144755621
-0.0919565889769742 0.189377891215929 0.336844846649846 -0.548541548674455
0.060856672836233 0.211940408487845 -0.0228664783706286 -0.854064873320653
0.169265889954326 0.137196113873887 -0.530666052438004 -0.459018600370006
0.0991627452335842 -0.0119699871087797 -0.572758669282108 0.139137029960057
0.0141481084167056 -0.108394256071779 -0.29574910727503 0.263574248323536
-0.0371478152536579 -0.131582486235803 -0.00948829011969681 0.0713069749305561
-0.0425108704338922 -0.0350227572078271 0.0149825513042427 0.147479850018366
-0.00521499545011849 -0.0454533512497101 -0.106502422395808 -0.131574728633143
0.0231674116133535 -0.0724496958363722 -0.0697213700714208 -0.268623396378532
0.0537576588306264 -0.0283207042294872 0.309278601356506 -0.205836745841198
0.0471468396468229 0.0323860569756525 0.71047363757685 0.140249994435037
0.00819502656793766 0.100560730446097 0.564797488274656 0.610193267135361
-0.0350177857108855 0.111564922635114 0.00999406589349853 0.724356951705334
-0.0659181181703352 0.0664324240172539 -0.184938827041008 0.378371921730807
-0.0674756467800487 0.0753312223474422 0.116160457432407 -0.0748306904789072
-0.0462010199321015 0.0815495707278341 0.332824602444291 -0.511612316087571
0.0138457241575874 0.112749061908646 0.00641800536043377 -0.850933921211474
0.0801175217442223 0.0737363578868983 -0.536327960210467 -0.491192171250402
0.0569088127999909 -0.0305993547737305 -0.61966634136442 0.127367474234084
0.0151856700218316 -0.0752567119584568 -0.327717499540921 0.280028892757681
-0.0214829596238315 -0.0709883997767493 -0.00999385783088111 0.102993893584662
0.00186367426609085 0.05216558721327 0.0150782637911188 0.140940145244268
0.0517716295469648 0.0314120676555721 -0.0956590768975425 -0.141680519915285
0.0642136613698832 -0.0263022183243915 -0.0503914095275847 -0.286919748595393
0.0130935792225283 -0.0225769371864113 0.326296719383253 -0.195413179030834
-0.0530196482359803 0.00286107053258168 0.70709735274812 0.185667026934214
-0.0768890651905495 0.0218067181979193 0.537888147811383 0.65471668931279
-0.0305878373210579 -0.0194388682432109 -0.0306432599239673 0.736550672107371
0.0162034323469064 -0.0470263060272979 -0.187410545226187 0.379868629661275
0.0459634396978125 -0.0282273738575461 0.111723062149563 -0.0806639948713349
0.010233263757378 -0.0334841384650805 0.294634083574634 -0.523004264486337
-0.0294211549265905 -0.00257882638602102 -0.0607834126006003 -0.825071302247634
-0.0199060969321158 -0.00652811502065212 -0.5810393107708 -0.439996527925591
-0.000902211122954286 -0.0545095908200968 -0.635117790434391 0.162256010204518
0.0059924535203245 -0.0373022093378768 -0.318344961240751 0.295139340710574
-0.00623157420579964 -0.000413812825400421 0.00208485986762483 0.113224836222411
0.0432165643376614 0.132935981490582 0.00878781341027524 0.11918474112249
0.0943986260764217 0.0972926039651984 -0.0715761252639781 -0.156672621635939
0.082082469759239 0.0157641562114801 0.024267517539773 -0.301028399265853
-0.046184792591386 -0.0171098596428745 0.394149511066191 -0.16149672721515
-0.146667845515533 -0.0348791073776613 0.694529562875503 0.280782195455054
-0.13885434203237 -0.0714331055658355 0.444236353239912 0.719586292165073
-0.00445254334810129 -0.145210814680828 -0.103377080892462 0.700469027052799
0.0932856551728009 -0.151825057086593 -0.153952629957565 0.332700173718322
0.124877377630579 -0.131309666126619 0.140838754029356 -0.133000144431516
0.0247966648118992 -0.141178637101153 0.212814891103679 -0.574006757268941
-0.0977469138799029 -0.101431190673155 -0.211757449883214 -0.761193370866039
-0.118039467897888 -0.0707315672130518 -0.651706655174821 -0.308700809277515
-0.0479624381656005 -0.0646847437035698 -0.605999625349501 0.233134061545473
0.00318474054389288 0.0123034867789719 -0.258823419993253 0.299504187679792
0.0105017601109104 0.0719753902314225 0.0271069376294469 0.0994972936230205
0.0684422099414128 0.19129635791255 -5.39299522827947E-05 0.0857754453155053
0.107354957126129 0.138759677653367 -0.0273416255420462 -0.177739186875742
0.0583169596502692 0.0417279312601806 0.14263100793168 -0.306892884129405
-0.126487655462254 -0.0277804190440777 0.481205209089944 -0.0863539407662155
-0.218949423673868 -0.0916416040756211 0.64266706650255 0.422716473976081
-0.152044823765475 -0.172125638468647 0.290763788434185 0.782938321558288
0.0523563232095582 -0.242289354867326 -0.179995225645755 0.616977280688159
0.153479699724793 -0.23168368891592 -0.088451276765891 0.242418843313521
0.14728621263646 -0.222240995652507 0.173314916668515 -0.22713075895386
-0.0203479579162833 -0.21998332790166 0.0833193975308332 -0.632026496479854
-0.18650979580215 -0.155581632125068 -0.399166092703205 -0.645058991909068
-0.190867124795009 -0.0920489535298862 -0.696042772498929 -0.13181484683202
-0.0624581545923931 -0.0471315416234696 -0.51894615552963 0.30159182571758
0.0171671481306025 0.0672937415681412 -0.160433659208985 0.287288999683577
0.0300821769716109 0.134661879367653 0.0556837709233893 0.0650386700862796
0.0730388451114111 0.220255283898033 -0.00380044139358633 0.0426374932742527
0.0900723947854995 0.152906418890182 0.0395449065940183 -0.202716091778127
0.00234626095434163 0.0445622053092272 0.286145209459274 -0.289630812695392
-0.201209083469576 -0.0603899095336231 0.553589088918495 0.0340365565783694
-0.243476069763214 -0.161762208101645 0.530001395814739 0.589046837988246
-0.10647613149598 -0.25736986167917 0.1008260533936 0.81318827014719
0.127863107492112 -0.289884950631486 -0.231396074311165 0.496017563267421
0.187105343382699 -0.274515541751342 -0.00333893875233622 0.124552627379932
0.119068541125582 -0.281217362142406 0.18069440878459 -0.34700201811592
-0.0940343569360705 -0.247716916571607 -0.0852756941444675 -0.665326184472936
-0.252179774782521 -0.157639455297263 -0.567115502743427 -0.493352321332692
-0.206755895712783 -0.0760257477823961 -0.676779469909695 0.0325004273561762
-0.0394888160776807 -0.00936030282292398 -0.382576033588594 0.333095185195676
0.0400579186084702 0.119353797855138 -0.0486557064002191 0.253963654264869
0.0469069366017563 0.180091127337831 0.0778522769568088 0.0161574945053786
-0.107090428355497 -0.186827364894931 -0.02133967322755 0.0735648930574786
-0.0906807777652772 -0.154030532991411 -0.0261515509740289 -0.167081158652609
0.0245599207613152 -0.0778287794646813 0.190640999554208 -0.292331903155759
0.233454710264611 0.0604721935088948 0.521166332028578 -0.154863754694511
0.265187229614266 0.16161505067729 0.656818258961865 0.312970065570813
0.10706587715552 0.275828446516121 0.306106598425739 0.624889384733775
-0.103107922885389 0.335973562892002 -0.0689113377440545 0.486575168809535
-0.219031371142706 0.288948409629728 0.0057250329779783 0.132330532277621
-0.19797105604064 0.323489927814108 0.272508084285943 -0.32443707959394
-0.00809651291941316 0.316271401781675 0.166615400619596 -0.716741417742804
0.212222346371595 0.251437318555703 -0.331738056640858 -0.735998949611594
0.257396738841133 0.125342021118443 -0.587234359974614 -0.194553294260492
0.0707606084540253 -0.031605772148537 -0.394456067557627 0.242609272808325
-0.0422912890153023 -0.154537068164084 -0.144457865599756 0.217506736482918
-0.0758161069730362 -0.18954046607627 0.0133642542239624 -0.0259297612896748
-0.103939597678092 -0.164686654938721 -0.00921286300547911 0.111218453068942
-0.0905373620510899 -0.149685161702597 -0.0803109210843291 -0.139179079494756
-0.0129637730170156 -0.104945589078217 0.0589787971403685 -0.266825674833093
0.164025908384244 0.011985131302116 0.427113628093678 -0.192938227597184
0.224941258253615 0.110274753042201 0.700994476950296 0.200395130030934
0.124898535307076 0.230070147045564 0.440347380293078 0.599310366908947
-0.0582301342904745 0.303767340949329 -0.0227676285308564 0.587949656489977
-0.192524692247519 0.248550029153098 -0.0777451203033399 0.243153131757613
-0.214151226769726 0.263953332749961 0.224417139633811 -0.200551700321775
-0.0782078452130976 0.276409004326541 0.28565457663237 -0.626090635883266
0.133763579505448 0.262135499740582 -0.150807519174536 -0.820427140183057
0.236042877133096 0.153032489547061 -0.562205335313558 -0.349394931150902
0.10560098978619 -0.0138282162993778 -0.495362693261279 0.187246030948182
-0.00534878760364783 -0.134594808961178 -0.228056547437508 0.24139238750625
-0.0564659185604487 -0.171318476727982 0.000271205942378113 0.0252540979488884
-0.0791718392986901 -0.112500133022237 0.00460477522176324 0.136309631656189
-0.0572236046090056 -0.111381688865348 -0.101255892179106 -0.127748514970212
-0.0121480329359689 -0.103983232009947 -0.0326082921338416 -0.257690911488474
0.0991801459496869 -0.0204617894182148 0.344397332773964 -0.202669921061112
0.141924126420618 0.0654252786998386 0.707040996064526 0.142004958870012
0.0859662390020198 0.168037910459139 0.529780038986158 0.587074898588308
-0.0368642538586068 0.222964608313582 0.0111654968340157 0.667359506384253
-0.137909962562468 0.169364334400981 -0.14343018142322 0.330154605805811
-0.166041097391331 0.17386852234962 0.158982986773014 -0.114826211259881
-0.0900086150008478 0.188913167024232 0.332478314197989 -0.545291514312863
0.0616740765330608 0.209234980244922 -0.0280412810885352 -0.845988467227127
0.169267956710925 0.13431660468584 -0.530084907904326 -0.453707252015934
0.0987130156539059 -0.0128467614617384 -0.567621076255319 0.141382261714115
0.0142552651569987 -0.107564399584197 -0.292253521927017 0.263117364483842
-0.0375040750410868 -0.129348471322789 -0.00922058602566832 0.0706873872342174
-0.0427623943953637 -0.0348382426701217 0.0156757870925315 0.146472660791188
-0.00532523204243941 -0.0452141705632884 -0.105758199017958 -0.130683217696841
0.0228445914999775 -0.0720917495022654 -0.0698208692975469 -0.265627078682242
0.0549357638568808 -0.0291440000590495 0.306071130250467 -0.20714174347212
0.0458611809303533 0.0315584067634853 0.707187051691513 0.134353252190825
0.00894664207560737 0.0994559730254897 0.565792654010745 0.600931941881659
-0.0334303264334055 0.109265367722531 0.0149304191929812 0.717652536983807
-0.0646108063349637 0.0656985000583034 -0.181202809208765 0.377466263103546
-0.065767806733218 0.0747531782763298 0.114988125252427 -0.0751092491477216
-0.0454992921107338 0.0807082780743063 0.327664861380885 -0.509415373043741
0.0147207240772135 0.111889324844622 0.000939876153675609 -0.843829580383922
0.0807135580180671 0.0726836752081811 -0.534458915071213 -0.484704051021742
0.056568840472114 -0.0303341153679915 -0.612818070382232 0.131498343398866
0.0140483451218133 -0.0745221122723504 -0.323961346503762 0.279788098117141
-0.0214719313459808 -0.069531072236369 -0.00904742051784198 0.102510992200966
0.00252839909603863 0.0525877386109339 0.0158945415881307 0.139893547522187
0.0514899314726263 0.030057718517586 -0.0946513219936401 -0.139554142839101
0.0643188241977842 -0.0267657383194293 -0.0506253876923278 -0.283582568452427
0.0131226165847095 -0.0220708779592048 0.322857889374632 -0.197020266476989
-0.052448052130465 0.00235811878837492 0.704614567916866 0.177557647379201
-0.0763169028002952 0.0211872888296156 0.537562732104465 0.646166845286696
-0.0294255429110423 -0.0192938241951245 -0.0266611257310404 0.729915204605044
0.0159626973303045 -0.0475728412322974 -0.18307444984157 0.37768623776137
0.0458739480896419 -0.0286566408827336 0.110217027761354 -0.0805315720374317
0.00937802389587283 -0.0330767011145222 0.287536668963491 -0.520045064648118
-0.0291571574234238 -0.00254494769982135 -0.0662573721690261 -0.817120277518034
-0.0193502422492139 -0.00747637181753522 -0.580795691403555 -0.433741226169619
-0.00120156174801524 -0.0543269388098277 -0.629158680538172 0.166225474847381
0.00535554043474105 -0.0364692207943766 -0.314098902866449 0.295019059714816
-0.00620583585637271 0.000571285348678432 0.00287587319580979 0.112169426978662
0.0440334770920632 0.131078475579628 0.00861654810660117 0.117548649432196
0.0937382653955433 0.0953624462278377 -0.0710260320834531 -0.15441107155751
0.0821236259583647 0.0156897775591101 0.0225987005607689 -0.300668425781216
-0.0457161753862084 -0.0163266815578956 0.389409736449677 -0.163190176932671
-0.146450741180689 -0.03439066098244 0.691374666694186 0.274831760343273
-0.137994684549545 -0.0705921354936661 0.445042237352358 0.712254219675492
-0.00410478280490242 -0.144464589290615 -0.0987066308938079 0.695145878774236
0.0917212810938718 -0.151942912885457 -0.149704712532967 0.329838020911165
0.124116797573389 -0.131141451759701 0.139822072014453 -0.133114155005317
0.023350781136283 -0.140362695517257 0.20898424755766 -0.570192557891891
-0.0979448360980843 -0.100158083216741 -0.213740164648645 -0.754694507579626
-0.117151499962423 -0.0683195640899058 -0.648550437850106 -0.301238450778844
-0.0480385567174962 -0.0627940537130807 -0.59897528786884 0.235638292394492
0.00257915870619619 0.0119720636684027 -0.254511371492592 0.299293225766944
0.0102623723839488 0.0717045678333084 0.028271952869379 0.0982285158083107
0.0690079105973275 0.188530146092785 -3.19468552304219E-05 0.08412814684957
0.107687478634053 0.136659796178708 -0.028328613765844 -0.176205382125052
0.0585250648517245 0.0413342226559693 0.141341934343903 -0.305880812523851
-0.124446056832412 -0.0268007216299213 0.477535177899826 -0.0892771080946449
-0.218512442980081 -0.0901831850092546 0.642030446452116 0.417001363737913
-0.151384723876735 -0.170277086118085 0.294113348442627 0.774277048393402
0.0520158760745425 -0.241101625702457 -0.175835319370222 0.613126812566721
0.150754713858288 -0.231618384305029 -0.0857400525722997 0.24116674892689
0.144444486160525 -0.221643285255611 0.171230281545497 -0.226870616892127
-0.0213363564279797 -0.217430751066433 0.0786909559920818 -0.626112675902263
-0.185466909918657 -0.152100637309854 -0.399236412812152 -0.637215178668979
-0.189020523523759 -0.0893204979456202 -0.690246862422229 -0.125654967617162
-0.0633821528146917 -0.0454977752148437 -0.513114170630789 0.303683341842004
0.0168285492697576 0.0675142965549706 -0.157116357837207 0.286790057750334
0.0301709180145499 0.134408925129627 0.0568340909155341 0.0641285826033466
0.0738572472907379 0.217274630371662 -0.00318933574564588 0.0430837646359665
0.0901306785767395 0.150120186197284 0.0380036175915179 -0.201822468319939
0.00272036433678301 0.0439271950672225 0.282706435854046 -0.288724168436775
-0.199190345835433 -0.0590802635883765 0.548831856310509 0.0303111704682937
-0.242041607213906 -0.159885892953221 0.52962608213361 0.581052901829928
-0.106206099863924 -0.25635333101412 0.105232505319368 0.804504084567144
0.126174242999353 -0.288783308549485 -0.226583575029191 0.492121697135022
0.184437148772518 -0.273954876682095 -0.00285260037822762 0.123543132689067
0.115749123298194 -0.278864677212567 0.178210619372713 -0.34646792475011
-0.0934965314133417 -0.245629115578306 -0.0877402437918305 -0.659933930100352
-0.251571473271126 -0.15396284219936 -0.567873644237947 -0.485861179024574
-0.205037140419473 -0.0736830727144048 -0.67313830786258 0.0361925613517986
-0.0401764502501731 -0.00902722025889045 -0.377220996069525 0.334550677799441
0.039734536911238 0.118209511916915 -0.0467102997481383 0.252884874256033
0.0468459911569113 0.178385594756466 0.077651882299484 0.01566542532854
-0.10726886712955 -0.183586027432458 -0.0202593618904796 0.0717361403169164
-0.0901125885212867 -0.153422180839939 -0.0266667402318193 -0.165533263080259
0.0241710952374241 -0.0782660984124066 0.187841836508576 -0.290728471904337
0.232626632008836 0.0578669476448117 0.517290307395504 -0.156247480536253
0.263790334163108 0.159233913697429 0.654627652793217 0.305562239765125
0.107163912225206 0.27283170557333 0.307862314576398 0.617350528525266
-0.100662010110978 0.333415064424454 -0.0662389442324116 0.484001380666666
-0.216272294441692 0.288202964439018 0.00665414648598153 0.131038470551384
-0.195108334995954 0.322108776800904 0.269477348740224 -0.323078311945085
-0.00627239093048695 0.314183605584137 0.164555446878861 -0.711517065934808
0.211429377304251 0.249504347381867 -0.330795910180862 -0.728520691622102
0.25645864738931 0.122197529231861 -0.583832084941971 -0.190777097028638
0.0699543565229933 -0.0316136925456638 -0.389817401310838 0.243051389250213
-0.0428733827749533 -0.153192269749538 -0.143297597519076 0.216483229596882
-0.0751066722394578 -0.186954390554198 0.0129415642261487 -0.0252888840364296
-0.103481045416554 -0.162756819434105 -0.00816026327734918 0.110659757811879
-0.0905267026259929 -0.148440254975519 -0.0790135981217225 -0.138210520086147
-0.0128092749440957 -0.104897175214318 0.0578649144526602 -0.266046621251994
0.163530529347531 0.00985476422860973 0.423091568628977 -0.194068683826351
0.222249008179882 0.107826604888227 0.696356882333101 0.1953852266764
0.12460740444159 0.228084296869472 0.440175683398668 0.594532838007217
-0.0562607591501354 0.300184104982731 -0.0217391365554082 0.582752984328633
-0.189197887003905 0.246937448374076 -0.0745494700178248 0.241450139313545
-0.211536556061818 0.262545950883879 0.221748463939634 -0.200326850192173
-0.0770216146488921 0.27479264197201 0.282405396696447 -0.62129318455927
0.133266866004745 0.260165191570298 -0.152445166264854 -0.812268076068418
0.234627535902973 0.150448043558361 -0.558895174869339 -0.343776481362217
0.105439652515397 -0.0144767055312119 -0.490646097605291 0.187874744978336
-0.00585678935761697 -0.13316392548856 -0.225049661247078 0.240556686926183
-0.0560069882251747 -0.169307612198162 0.000717646601097088 0.0251361722125278
-0.0792618662280554 -0.110772146224204 0.00527756503507651 0.135534229462962
-0.0570337540075865 -0.109675808738779 -0.0997043986463161 -0.126202808564559
-0.0122894330985952 -0.103503923868542 -0.0323441282864732 -0.255360462742845
0.099654819983566 -0.0219837071179792 0.34060083202637 -0.203645482328501
0.140850035489465 0.0637846062050411 0.703610928617658 0.136719585023121
0.0848952553846475 0.166069619845748 0.52750213317969 0.582068578400179
-0.0346139896328306 0.22049180293405 0.0131552060537938 0.662913835138862
-0.136366530401144 0.168559568591186 -0.139865012103605 0.326917144685097
-0.163596076288988 0.174172798435021 0.15869470516126 -0.113634960374769
-0.0885892559874301 0.188289639192283 0.328159668767865 -0.541141813782093
0.0621461747517718 0.207384351208441 -0.0307875427203727 -0.839264383332457
0.168445557442271 0.132815920095165 -0.527917481557617 -0.447296603738392
0.0991500972515151 -0.0129631779380048 -0.562579425391305 0.14299496553946
0.0130978143207101 -0.106668436001567 -0.288240101804257 0.262843421204024
-0.0371306545713483 -0.126921124073297 -0.00834270380144664 0.0705814486479497
-0.042353265636921 -0.0333899822540115 0.0175907078359621 0.144579654737544
-0.00569426931621892 -0.0447964811394865 -0.10432385031095 -0.128949590344362
0.0221114382373421 -0.0721786956971174 -0.0701968493783534 -0.263813157864732
0.0547088503852846 -0.0289820859342396 0.302926272251694 -0.207035430404748
0.0454121874970861 0.0303092562426049 0.70187292875124 0.128801398137115
0.00969150909771044 0.0983743426286615 0.563648096012171 0.594492059790944
-0.0319134973664624 0.108910158482941 0.018659327722711 0.712458545050317
-0.0641499785881423 0.0651102889496482 -0.177502671675943 0.374415657320178
-0.0644608913226039 0.0744391318059978 0.114279930135228 -0.07507027909448
-0.0451473910534912 0.0800923163330574 0.322863670627328 -0.504800169712866
0.0145879213608538 0.111333549094934 -0.00136061734666751 -0.837178942145086
0.080315001080221 0.0726185782230331 -0.532741668849348 -0.477257170644365
0.0562814177941264 -0.0301343002232105 -0.608060036687146 0.13378280193761
0.0133791567521864 -0.0743405483486251 -0.320631703447205 0.280749176198332
-0.0221723330710785 -0.0681501279357958 -0.00874321410999271 0.101611156630167
0.0027218644425091 0.0523104980999065 0.0163171312402528 0.138005472128561
0.05034143134075 0.0300959871820687 -0.09427211837518 -0.138604226547488
0.0637473809829224 -0.0267362976532005 -0.0512358392773713 -0.282175647511447
0.0133551396663593 -0.0228910513499473 0.320038300059726 -0.196952841752833
-0.0530015902390355 0.00264083790283343 0.701024056322735 0.174789661658751
-0.0750163227333906 0.0208052505316336 0.535476134467808 0.639265195274768
-0.0285807631092714 -0.0198642165384496 -0.0241887891017822 0.724294397962999
0.0159369071644204 -0.047765354397239 -0.181112816013715 0.376550143047859
0.045461636383674 -0.0288977131322403 0.109916100993724 -0.0802563304077599
0.00974022945359644 -0.0331414191128978 0.284128859656295 -0.516153172062341
-0.0293214061737213 -0.00267567260563262 -0.0688498243206406 -0.810373575224749
-0.018860140412366 -0.00655941208747362 -0.578838084239753 -0.428388578610689
-0.00108123831547977 -0.0533574275707655 -0.623693626490379 0.168987307593957
0.0052084810490035 -0.0359877658769319 -0.310268994541518 0.294458010922598
-0.00610933054440599 0.000415675018535322 0.00373292115107729 0.11116049923307
0.0438821865331276 0.129963594990943 0.00998353100072757 0.117001878357489
0.0927360514851394 0.09359941876856 -0.0709677906998816 -0.152795483135805
0.0808858144807432 0.0161080731708116 0.0225926992725626 -0.298687320903054
-0.0443820513513771 -0.0160216065958197 0.386192677425274 -0.163562556916395
-0.145756922333508 -0.0329921024752244 0.688474573933967 0.269026363027627
-0.13709900642035 -0.069768474382093 0.445852528670828 0.705088128329575
-0.0037138010403309 -0.143796032032022 -0.0950954092802282 0.690700277675354
0.0902616316516567 -0.152059997626067 -0.147575766016349 0.328036504683153
0.122931272294513 -0.131102172119535 0.13817922023283 -0.132253077867334
0.0232411412646175 -0.138930549837339 0.202255146084489 -0.565975649698742
-0.097224878697783 -0.099000732936827 -0.216489565525491 -0.746943665950632
-0.115996778848656 -0.067931520358123 -0.645892213978075 -0.298338796870295
-0.04773871069513 -0.0617113376081515 -0.594833932490302 0.237220382280303
0.00290033722210968 0.0125185749421137 -0.251529669680826 0.299303625133659
0.0110695993303294 0.0713481989360439 0.0290279194684257 0.0974249136192034
0.0691215720556961 0.186044859662039 0.00018764978718814 0.0832411688643463
0.106673555697735 0.134325063588025 -0.0286205327165088 -0.173906288338787
0.0578422043609487 0.0411985139643225 0.139279910335553 -0.303562552167826
-0.123021748805579 -0.0256375763982414 0.473528997240316 -0.0908455692974928
-0.217338555573294 -0.0889159200835225 0.638939906896429 0.41060252481595
-0.150239059450258 -0.169325885963739 0.296182559307084 0.766708249889925
0.0510534188390777 -0.240558413538745 -0.17262497507995 0.609110020877458
0.148646692095289 -0.231490608093198 -0.0839541666025708 0.238711217018686
0.14262693308615 -0.220947364645807 0.16932266691663 -0.224902331872748
-0.0212754782325881 -0.215677357277118 0.0749301384447465 -0.62137150006638
-0.18482755493364 -0.150345836455064 -0.400198746045694 -0.631292903863033
-0.188289008394753 -0.0878328382220549 -0.685566655796994 -0.122344960275133
-0.0627164625000239 -0.0446557164923255 -0.508850823874045 0.304944339243519
0.01564537391908 0.0667440390365746 -0.155759942044708 0.285158051634534
0.0303757192787335 0.133182874408712 0.0568234963589916 0.0634325937092845
0.0743886272728229 0.214084402497024 -0.00344264369641585 0.0418297254434371
0.0892840514952928 0.14882753222489 0.0376202294001915 -0.199616635989593
0.00240859448057631 0.0441500984046833 0.279980448673355 -0.288779163211084
-0.197514800184094 -0.0570651737663937 0.545363370031181 0.0286893629114755
-0.241553072599696 -0.158010506363392 0.530344639525179 0.574924695366911
-0.106075289552848 -0.255229187174216 0.106839956977023 0.79766051084873
0.124469753124312 -0.287809361748608 -0.223653517794057 0.489788976290902
0.182577053682262 -0.273464534158355 -0.00197158891572664 0.122044022001243
0.113970555924744 -0.277186583625531 0.175984323655012 -0.344081888655618
-0.0939522356419973 -0.243255934608487 -0.089654204604992 -0.653682966529046
-0.250813192125913 -0.151143061191275 -0.564265511019618 -0.479534884588968
-0.204092876225652 -0.0712410320460164 -0.667692585935525 0.0391479126300821
-0.039681137508338 -0.00777115773638079 -0.373193695678713 0.335013700384607
0.0389322304585316 0.11812318964073 -0.0452363231713804 0.251622148225085
0.0473859147031819 0.176878114715851 0.0771978330247679 0.0160578739176713
-0.105611500573443 -0.182238698844355 -0.0198348564328961 0.0718163365399032
-0.0894938061599361 -0.151881420180381 -0.0265285203618321 -0.165193425852581
0.0237050505354398 -0.0788616834128826 0.186997597868409 -0.290427769407995
0.231953353745457 0.0555919690251823 0.513194827925292 -0.156792337390255
0.26144139897683 0.157361876464533 0.64849014173316 0.301111003082332
0.106408080558112 0.271502276900362 0.306695537483286 0.612350450680696
-0.0983450249255538 0.330351420432926 -0.0636901917926446 0.480353786605463
-0.214387293592853 0.286429470489229 0.00794339173142848 0.129585882219933
-0.192889826820199 0.319618627857943 0.266569706792334 -0.321624231608623
-0.00568935547680948 0.312222456264723 0.160201041957299 -0.706021391459085
0.210800445975774 0.246891324499449 -0.331953798132864 -0.723000712748457
0.254639768757279 0.119935136714223 -0.582346422470159 -0.187475262542294
0.0705172976006452 -0.0322541669814011 -0.388630445958594 0.242435270238501
-0.0424277985013934 -0.151897859211015 -0.14175328549218 0.215810046870081
-0.0752003549937579 -0.185123136713042 0.0134177176014676 -0.0247226593300131
-0.103110505001964 -0.160508511993078 -0.00702372917567172 0.108753956826834
-0.0900294774105235 -0.147182067396957 -0.0786373527879587 -0.137622066717679
-0.013082407856956 -0.104991323539563 0.0576547404436945 -0.26485166054712
0.162170859653658 0.00757222669535406 0.420014789760799 -0.194239451566782
0.220604330448 0.106774799004307 0.693582070747365 0.19146106755206
0.124417247494546 0.226169887340405 0.440916597704684 0.588973165544168
-0.0548425245067204 0.298470219086145 -0.0190358802460434 0.579608312306456
-0.187247136160353 0.24558734798833 -0.0733848183973744 0.240477985345812
-0.209192053139227 0.261091702944847 0.22010415563753 -0.199028321256557
-0.075521149259742 0.273934103289251 0.279088458852452 -0.618412490573632
0.133280649672056 0.258522678426968 -0.154852939061507 -0.807319634261648
0.233870928139452 0.149021238400556 -0.55741776539081 -0.341055625980631
0.105043259567909 -0.014766639570171 -0.486399097849023 0.1899022664609
-0.0054283159888729 -0.132268358854533 -0.224158825165839 0.239038041208387
-0.0559935474902209 -0.166768448380363 0.00138669401648351 0.0256511375413767
-0.0786303995948178 -0.11010793312209 0.00558524403623332 0.133380321824438
-0.0575613127683513 -0.109349020235756 -0.0995277730444837 -0.125324118981309
-0.0118213571189155 -0.103195220562833 -0.0320015762258668 -0.255470400825784
0.0995887096605654 -0.022255154836255 0.337889593545593 -0.203931461113275
0.139348687383567 0.062258737434581 0.698371804616168 0.132697462545208
0.0848924288096342 0.164651618116972 0.527162164677116 0.576251781892902
-0.0329948570514257 0.217286076467867 0.0143436035983679 0.657546622703385
-0.13448656106272 0.167535581705527 -0.13864152719157 0.324908896628489
-0.161525983205422 0.172500584704777 0.156742210331636 -0.113890288059903
-0.0873341698385906 0.186447587224724 0.325167182363702 -0.537647036258487
0.0611637695325563 0.206508035246126 -0.0329127092747208 -0.835505886895997
0.168347348723484 0.1312561587929 -0.52633046580314 -0.443001920567501
0.0987381618814563 -0.013086489159825 -0.558899690722324 0.145728664855239
0.0132971206602617 -0.105419916667363 -0.286897672843814 0.262106083836445
-0.0366785128314599 -0.125621920230312 -0.00799404145689838 0.0702068049286734
-0.0419496806850714 -0.0336718969525517 0.0172040910198041 0.143232249400792
-0.00591190702281099 -0.0448781561283077 -0.103757580689846 -0.127430682536536
0.0227344769980032 -0.0720411833794571 -0.0700865188722314 -0.262239365389061
0.0548165779626864 -0.030217872511818 0.300996597697412 -0.206502859402772
0.0447760538036018 0.0305597835858003 0.698862292254351 0.125091742567205
0.00917894433234501 0.0967517533002755 0.562563098766678 0.589623029824994
-0.0311984319544917 0.106792311914645 0.0203784421483245 0.707935586241245
-0.0630505522442913 0.0641206657310991 -0.175146263827122 0.372778687911962
-0.0640626833115546 0.0729189743307816 0.113292250934676 -0.0743142317148099
-0.0438934039643739 0.0791851626188051 0.320024686677025 -0.501543128984505
0.0148670147116249 0.110854597096254 -0.00402881367246611 -0.83232878357458
0.0801553489486881 0.0705520711671705 -0.531295188456956 -0.47433587090262
0.0568072840387482 -0.030208707438846 -0.603939226673056 0.134123316892193
0.0132295477924249 -0.0738552568341031 -0.318763934876274 0.278591052453844
-0.0216307182545785 -0.0665296920497083 -0.00773745426082582 0.100648483286552
0.00335448498554129 0.051863862601867 0.0167441689403013 0.136258410514377
0.050480311157214 0.0285213254493565 -0.0933361499681788 -0.136385032814249
0.0635879739010981 -0.0262015477317325 -0.0505038342437782 -0.279728785189678
0.0146803932279274 -0.0234572230720566 0.317218397894128 -0.196651996047542
-0.0528436290371319 0.00228779283907497 0.696400980524908 0.171120137608348
-0.0744946285830518 0.0204762225838043 0.534919634238827 0.633382608659107
-0.0277891930072674 -0.0209224867387961 -0.0199435463261524 0.719252112017959
0.0160936400993311 -0.0482987874130878 -0.178085189484043 0.372807196929466
0.0453052931995212 -0.0289630610734272 0.10871431081745 -0.0798976677299255
0.00952573377551705 -0.0333897905976274 0.280661871779424 -0.513001908750129
-0.0288766819863439 -0.00253051162442178 -0.0699826721749394 -0.804677974682834
-0.018287119919243 -0.00618070956939576 -0.576074197212329 -0.423723822046468
-0.00106788800894942 -0.0517645581550789 -0.619607142937931 0.169608104698328
0.00493177033824765 -0.0352616134098876 -0.307089104171485 0.2936133224171
-0.00564593158954349 0.00173384124838522 0.00523169953414806 0.110913343616633
0.0444943295898487 0.128729148692657 0.00957899008202485 0.11528455038505
0.091346844439114 0.0919758454142364 -0.0706345850617689 -0.151060383297588
0.0804390056775623 0.01491743146702 0.0216348028547944 -0.296612252175751
-0.0438360217744067 -0.014795600650727 0.383558799220547 -0.163761088906624
-0.145832528870416 -0.0321227806316437 0.686992056248601 0.265190172642812
-0.135953525511517 -0.0697837524944991 0.445914335518784 0.698285495698749
-0.00310520885892244 -0.143858386647293 -0.0930870638154071 0.686695834657955
0.0899872896860434 -0.151084610501878 -0.145357218973977 0.325791901442793
0.121883311226446 -0.13076112496363 0.137112821922323 -0.131504093601819
0.0228288957785873 -0.138329234583724 0.202138637509151 -0.561459299690978
-0.0962802643389648 -0.0978064989254648 -0.216209319613241 -0.741025332523139
-0.115446450082365 -0.0663989339898984 -0.643849670660484 -0.293203930358595
-0.0479665381899124 -0.0599518703413521 -0.590322280650274 0.238336445504352
0.00214491731954216 0.0132515821428767 -0.248700811902689 0.298797477759027
0.011168511816105 0.0708711075200248 0.0295888782393093 0.0974743485446114
0.0690766724067884 0.184377651582889 -0.000303257407146669 0.0820857876253931
0.105827860158277 0.133050107664075 -0.0277651579154493 -0.172575411155468
0.057578985276803 0.0406640737308701 0.137275091884782 -0.303433801930315
-0.121853459682875 -0.0255801471068281 0.469949862574363 -0.0921238674715977
-0.216102299874406 -0.0878015586360819 0.638111175990229 0.40434406983315
-0.149766571075656 -0.168845232360485 0.29644305433365 0.76061136354498
0.0515641419547062 -0.239826527021074 -0.16943777243063 0.604001809574768
0.147297065935888 -0.231123652459271 -0.082999059972309 0.237922455774089
0.141671630621167 -0.219724362480352 0.167618516613607 -0.223203281018162
-0.0218701406790094 -0.213818761886759 0.0730180832811049 -0.615338149310376
-0.184527656559711 -0.148137010756083 -0.399081595433958 -0.625721268504755
-0.186543799943069 -0.0857792330347021 -0.682316323827144 -0.118449510236728
-0.0626731557749658 -0.0432128184226415 -0.504049029085252 0.304705512237023
0.0154606710362909 0.0672372569371402 -0.153216151962999 0.284533476095341
0.030292736003989 0.132676717563127 0.0568985336563889 0.0634066425577629
0.0747996089081972 0.212231996290903 -0.00309846588629393 0.0408755574905134
0.0887096172969094 0.146251515264431 0.0370609861736925 -0.199647694546236
0.00198200753102899 0.0447002452408052 0.278547391341853 -0.288001478156952
-0.195758140220421 -0.0571351991041897 0.542222673507873 0.0272470655405687
-0.24053758969627 -0.157728262492365 0.530198684190578 0.568835253735983
-0.105854534477181 -0.252560238326708 0.109180443421365 0.792610763276627
0.12507609836934 -0.28733156073627 -0.221077005939121 0.486892948665329
0.180487968326778 -0.273173627841941 -0.00162916859501415 0.121223985020016
0.112890096502392 -0.275587755370257 0.173809604923032 -0.342903339868816
-0.0935605210829606 -0.241451744894288 -0.0913459712912516 -0.647941511480902
-0.249024623012152 -0.149522370979181 -0.561835214185384 -0.47359338203795
-0.202608919317004 -0.0699363376411727 -0.664585116718061 0.041778910815002
-0.0397892550259311 -0.00658729800705574 -0.370149489762342 0.334504050926122
0.0387210812422201 0.117797384183631 -0.044745486082199 0.250591688507563
0.0477760842205168 0.175695191348796 0.0775539046023064 0.015067049475238
-0.105411267023332 -0.181206986182811 -0.0189640699376895 0.0712674204541863
-0.0887934195641085 -0.15070615655173 -0.0262776565189196 -0.164693682790921
0.0235552742905364 -0.0791710851658431 0.185043538499489 -0.289492024470931
0.231510352677497 0.0541583106446456 0.509989687813152 -0.157855755816979
0.260522227600303 0.15672082257337 0.648380236942207 0.296836426088475
0.106234711940866 0.269464486270149 0.305789569774208 0.60677384957531
-0.0972191136391866 0.327550188487544 -0.0635668039143157 0.477867518382446
-0.212958747319339 0.284215059949027 0.00909045578273587 0.129679512219167
-0.191036683250819 0.317583829054904 0.264174968687531 -0.318805321430567
-0.00546985463226687 0.310245525904559 0.160239371837224 -0.701128655200281
0.209543672727844 0.245302816170715 -0.329907849982892 -0.718138693187447
0.254179617916138 0.11869166991076 -0.579065305579068 -0.185708925228623
0.0717434380064368 -0.0322259378181115 -0.386167817725832 0.241300229072875
-0.0415413695260373 -0.151057030478531 -0.141426088279658 0.214923681783994
-0.0739769595048963 -0.182095879598572 0.0140082201338132 -0.024608288088432
-0.102429856356061 -0.158983046158808 -0.00657970365667526 0.107897593685383
-0.0898755251040785 -0.146130869825427 -0.0770366266524614 -0.137505628701422
-0.0123565220282279 -0.104831557390684 0.0567836538877638 -0.264370782859888
0.1633633395642 0.00654428335345716 0.416668211062562 -0.194516104432174
0.219502323395664 0.105819383872674 0.688682267397393 0.190159680699756
0.123950253728574 0.225041018726634 0.437332552842101 0.582979879909519
-0.0529118243045495 0.295494042378846 -0.0181340948878913 0.577074975982498
-0.186767748974205 0.24374012418823 -0.07181758095365 0.238626717968872
-0.207163517107914 0.258915735626021 0.218746160487504 -0.198063260270592
-0.0740260010744835 0.271122292200987 0.276478992876199 -0.612595470385411
0.132490043006948 0.256405877757795 -0.154257240212591 -0.800876234661903
0.231945223318488 0.147241031783491 -0.554450626142288 -0.337539603470787
0.105686114578138 -0.0151628300384812 -0.484870232567975 0.18949321159607
-0.00540420186627581 -0.13178160414588 -0.222865345725494 0.239012505645935
-0.0548247354223885 -0.165327573718033 0.00163040466846244 0.0251130956447993
-0.07794341356329 -0.109037471050249 0.0059281262107381 0.132363762972304
-0.0562580595742707 -0.108925161445968 -0.097652675294315 -0.125176686836627
-0.0116331599168234 -0.102741893569054 -0.0314704492436143 -0.253404921007286
0.0987974770602471 -0.0228726378452673 0.335919620028333 -0.20320970038772
0.138114422193321 0.0625110149025896 0.696878067919656 0.131605613970631
0.0848492094980531 0.163765157033288 0.524429216816664 0.571611354494395
-0.0321767541797336 0.215664482253198 0.0155752951605479 0.653883578558408
-0.133439947179617 0.1658372690231 -0.136011722068943 0.323687375455547
-0.159755974003078 0.170824986713719 0.155664898635333 -0.112770351839512
-0.0869450293371407 0.184938143142122 0.321301775699227 -0.533944803119177
0.0611136896900383 0.204831212232248 -0.0343878774221572 -0.828040189809286
0.167324068507479 0.129585106707202 -0.524068284196329 -0.439910606287851
0.0987785886461762 -0.0134937894466659 -0.55603971174245 0.144256141133304
0.013065790808084 -0.104944270332063 -0.28469110731981 0.261322543133221
-0.0365553646651545 -0.124284134578118 -0.00730882253325546 0.0701224704157478
-0.0416013207973254 -0.0329549897602731 0.0173869009391122 0.140816459323673
-0.00653015204817941 -0.0445075856216487 -0.10187147021648 -0.126185238102933
0.0225524458695097 -0.071735028045897 -0.068033657782856 -0.261528180639599
0.0557869014757772 -0.0295851832838574 0.298811576940219 -0.205231436626214
0.0434756818224597 0.0305833649316444 0.695035486497516 0.12386967781515
0.00964681435614417 0.0960374350829083 0.559826157041652 0.585589995738938
-0.0297178236200993 0.104790186250775 0.020839634421982 0.703986347232113
-0.0627981726753392 0.063553250852447 -0.173297065299035 0.369956407925267
-0.0630025364527165 0.0729331970191044 0.112683352397372 -0.0743612339944441
-0.0435887871427899 0.079059187059642 0.318350890613375 -0.497587337617941
0.0147150953933968 0.109396602493817 -0.00538001974165195 -0.826364093256399
0.0805968154396709 0.0703860920387142 -0.528978019134252 -0.469958306606711
0.0560740291754436 -0.0290581552720254 -0.600867632160129 0.135761345324003
0.0133802477259501 -0.0729039215371917 -0.315661793005132 0.278845740789623
-0.0212876611600436 -0.065867746628588 -0.00769480501511025 0.100263503643462
0.00339439283583206 0.0507066572115682 0.0161222957306351 0.134314279047856
0.0485271003735576 0.028098660330261 -0.0925403820881094 -0.135574603462044
0.0632423077839539 -0.0269186826615322 -0.0507173086477374 -0.279022166499801
0.0151954003167855 -0.0230210549590263 0.315053880297941 -0.195821009161718
-0.0530194442677984 0.00262333492100135 0.693912897433099 0.166839043836138
-0.0733628892119529 0.0200070162262463 0.533488255362792 0.62889549633766
-0.0263527868132621 -0.0219423144794653 -0.0196881705384471 0.715057664169058
0.0165303595175778 -0.0483269903201838 -0.17634173059058 0.370081918326097
0.0457152795304185 -0.0287736274786824 0.108411127634674 -0.079128136487292
0.00971284884688865 -0.0327315100036766 0.280120517453399 -0.509864733849123
-0.0286062036863642 -0.00247237787497813 -0.0694257219302509 -0.79785994067567
-0.0180453013645682 -0.00646840699466196 -0.573951515570767 -0.418549831284434
-0.000396114910141004 -0.0517641843178928 -0.615766139591744 0.170418298552812
0.00403694021742778 -0.0347736935913958 -0.306286610740065 0.29424179132529
-0.00602006725183553 0.00201814788957722 0.00489079372063608 0.11058248043763
0.0439727913565026 0.126682292153105 0.00950319006871989 0.114171135547444
0.0904863133157519 0.0915834973658736 -0.0697349290821573 -0.150208477553841
0.0803501631575371 0.0159893451133253 0.0224043466132114 -0.29567299174353
-0.0426863832029804 -0.0158856194131792 0.381635957700563 -0.163517184337605
-0.144638757844192 -0.0322930058129469 0.684166209638199 0.260225637562612
-0.135133489018514 -0.0696192493329454 0.443935404387281 0.693664240991447
-0.00188672472984798 -0.143602794798224 -0.0908951542823439 0.682643958852845
0.0891485300323741 -0.151568044481839 -0.14392088787299 0.324439525114833
0.121658576565145 -0.129477782049808 0.136406937495336 -0.130739335722983
0.0229862301774585 -0.137447152527121 0.199714356194566 -0.557210343342016
-0.096551242132839 -0.0967435969795345 -0.215833292629048 -0.73689371048361
-0.114209220829343 -0.0660958689217204 -0.640646527421681 -0.290559193424879
-0.047821458270707 -0.0601429346130389 -0.58520750452419 0.238425594927941
0.00168889778774226 0.0132131108780659 -0.246660490980932 0.297298159374379
0.0111066175063154 0.0722117986521418 0.0295761861993646 0.0961883208618556
0.0692517188929637 0.182948556225452 5.37767140937764E-05 0.0810288526334329
0.10437022076996 0.13167921954112 -0.0275449268312075 -0.171092516381137
0.0571742490483203 0.0407980402742556 0.137303667063127 -0.302008881062641
-0.120223186008431 -0.0250368563116901 0.467429776696809 -0.0917514043991607
-0.216233741205585 -0.0862876183613546 0.636821749676315 0.401608165471558
-0.149543876734719 -0.168221586904178 0.295751232338489 0.756168441459431
0.0519032928915169 -0.239254102194881 -0.168311724397964 0.601888876898637
0.147130724586582 -0.230067786414622 -0.0828745848550444 0.235872523211979
0.140994205948878 -0.218908231723018 0.167288106838814 -0.223335376372223
-0.0217039379112799 -0.213445686170219 0.0719255823924154 -0.612135745075423
-0.183275503805571 -0.146732123431482 -0.397234001125424 -0.621304754893697
-0.185218851384104 -0.0849459897455914 -0.680042686373646 -0.117609697686594
-0.0629003707781133 -0.0412632190232256 -0.500476812510843 0.304157435337213
0.0146452162987099 0.0679643957402953 -0.152062634979983 0.283676908093763
0.0300912356546848 0.131679485098348 0.0567010234405707 0.0626183992419251
0.0739862991686924 0.210479691823181 -0.00384112002432651 0.0404185440115993
0.0874832361061815 0.145598263756281 0.0367287774754754 -0.196826077604694
0.00207267632443061 0.0447816118789857 0.276821583506173 -0.286779629433171
-0.194111114645281 -0.0556290260095643 0.538276552977596 0.0246608267426793
-0.239197737398782 -0.155789546047294 0.527532256030453 0.564457760161132
-0.10549474670523 -0.252582569700032 0.109904069138848 0.786382771746489
0.124553208501331 -0.285842674687479 -0.220271709358706 0.482770871745908
0.179337312661094 -0.272283743848842 -0.00141382445998287 0.120759682183497
0.112417794801936 -0.275055544402092 0.172197219291083 -0.339400656756461
-0.0934407340853525 -0.238874364832998 -0.0905225896129084 -0.643416565289338
-0.248288547110701 -0.147999297119742 -0.560592068578951 -0.470271759915308
-0.200719505266427 -0.0680607512233885 -0.660271257549774 0.0421900372437057
-0.0401875765321257 -0.00566958688447647 -0.367909594325683 0.333953942018222
0.0381489760162089 0.117421558268943 -0.0436023185229219 0.249277077985449
0.0467330732780484 0.174782303513743 0.0774625136814508 0.0152187431576477
-0.104647403483578 -0.179292104551855 -0.0187815158035885 0.0705814940811771
-0.0886490414778209 -0.150307938719161 -0.0250656594387497 -0.164589600244158
0.0241951961275764 -0.0792120796600547 0.184561876450687 -0.289073021588602
0.23095235905939 0.0524292087785285 0.507972549273509 -0.157801821107244
0.258743839585214 0.156112177100071 0.646394139142789 0.294012736415705
0.105485932188174 0.26853324160049 0.305503656465639 0.604777818075686
-0.0970292624275856 0.324949666030189 -0.0625782621032386 0.474935930094391
-0.211776089548641 0.282981333847704 0.00922905707644132 0.128915554453315
-0.18974922475078 0.315420373982046 0.262648197395626 -0.318135935424329
-0.00577855330317444 0.308489771134508 0.15984192720231 -0.69659611434939
0.208754269614439 0.243901994772553 -0.329982566915723 -0.715077943706466
0.252528368310364 0.117594351527695 -0.577220046617694 -0.184687597440966
0.0715797256321325 -0.0322668309119517 -0.38417976829316 0.241370898614646
-0.0410464480768382 -0.150183861516591 -0.140779396751524 0.213306159942209
-0.0727591755876481 -0.180899416830013 0.0139693995686943 -0.0245817197951155
-0.101435509394322 -0.158643559208261 -0.00617872879630719 0.10719578630022
-0.0887154939432467 -0.145534623873013 -0.076407812821624 -0.136649180481157
-0.0126390664431245 -0.105528322208079 0.057131329498828 -0.263232501065576
0.162958195746575 0.00527986974670588 0.415691706302572 -0.193979838102095
0.21765047435313 0.105476052077754 0.687404955073563 0.186525246257485
0.123399060217979 0.223349190069118 0.436442843847804 0.580748612933513
-0.0527033250210799 0.293550963560872 -0.0189748042010452 0.574044183121172
-0.185235327829047 0.242654790193785 -0.0709573948423439 0.23730998873917
-0.206693855353083 0.256523594809723 0.216581879049388 -0.196280629093232
-0.0740588047687972 0.270067485498144 0.274457997371361 -0.609625653412768
0.131855020307999 0.255859211026226 -0.152425282891514 -0.79876173105091
0.23177832298042 0.146199203546325 -0.553461086442518 -0.336584556108545
0.105299506479179 -0.0148455221265896 -0.482074680500063 0.187736344489234
-0.0053611773862265 -0.131164596892926 -0.221271464695253 0.237917832150386
-0.0543590006610778 -0.16335272853187 0.00143713388592361 0.0256552757216179
-0.0766905152568662 -0.108217267222011 0.00575888581734153 0.130701414346307
-0.0567068591777563 -0.107953085894824 -0.0964912077552307 -0.124773830660939
-0.0110735358754149 -0.10250336920564 -0.0319110382238861 -0.25400638594348
0.0997008865367502 -0.0242130954417455 0.333712459529335 -0.203164165489229
0.137272912883645 0.0617010950856825 0.693135794123335 0.129057924734468
0.0842687999454532 0.162276757118533 0.523323364050273 0.567488938314918
-0.0315011247740947 0.214170359906978 0.0166190309324625 0.651378162017836
-0.133095553399631 0.164618133119526 -0.134814385513771 0.321816519583841
-0.158928526635083 0.170149634413577 0.154283671871858 -0.112805963825054
-0.0868140208268497 0.184410900161217 0.320964196547888 -0.530289719872675
0.0605835566237343 0.203915705665543 -0.0340999925129657 -0.825003390012108
0.16661494679609 0.127951278969816 -0.522868129536955 -0.437660758237172
0.0996261635529097 -0.0133644233042832 -0.554064403166843 0.144079026810772
0.0135913963802645 -0.10382263924626 -0.283138149801594 0.259850666435232
-0.0359938446434493 -0.122624695490029 -0.00707520836464842 0.0688858808113837
-0.0412365775922626 -0.0327628225446436 0.0168491479765117 0.140278036802734
-0.00687898987040871 -0.0444842055666161 -0.101225407527108 -0.125784469448023
0.0234423753499292 -0.0716366652582054 -0.0681183445425846 -0.260137843077672
0.0558889944136311 -0.030710264893962 0.296828061920722 -0.205257972821248
0.0426234361639784 0.0297011793688251 0.693531438695931 0.122245483800606
0.00953206405807677 0.0957346096746468 0.558493557659915 0.580978362149506
-0.028907453906628 0.103692491852553 0.0203188945406918 0.700029634088752
-0.0623019350918984 0.0632748211029287 -0.171516798797195 0.368665273676335
-0.062522077489681 0.0721572312250851 0.111750220343718 -0.0731269463744525
-0.0441426278968677 0.0783704758714833 0.31713147521477 -0.494688825801419
0.0143262102577133 0.108195157831998 -0.00548467282393989 -0.820137076522243
0.0798371132980356 0.0692386008973602 -0.526552399603379 -0.46870545848156
0.0557813973050248 -0.0291117491077028 -0.597667194737023 0.136360672706684
0.0129151928020878 -0.0720250425262055 -0.314738951572419 0.277593607632053
-0.021484674337208 -0.0642698153738658 -0.00677303163529083 0.099911485148296
0.00358269639297678 0.050346666942894 0.0168079470971588 0.133591308335027
0.0480881657903801 0.0275653327774399 -0.090600651389774 -0.134812390184063
0.0631953301562207 -0.0262772190026599 -0.0497398974540237 -0.278265736628498
0.0157108306372457 -0.0234857310641438 0.314009342203044 -0.195190539690474
-0.0534937463972574 0.00276723105080323 0.691159356251653 0.164991125860738
-0.0738204313316983 0.019649644822379 0.530883540236043 0.624897011701098
-0.0257742843452848 -0.0224601363427032 -0.0201252083547332 0.712668675369731
0.0157895982843782 -0.0484156176714614 -0.173714304326024 0.369447604218464
0.0459532626294553 -0.0288952686685302 0.108205154861484 -0.0787520470264944
0.0100866748047214 -0.0326975276145782 0.279305561909886 -0.505728734148622
-0.0290643434668226 -0.00185634837422637 -0.0705688692558491 -0.79391503852633
-0.0175476563858335 -0.00644371148700565 -0.571739073150221 -0.418025045515497
-0.000839135953817082 -0.0509874638633422 -0.611920503824728 0.171793951102462
0.003936946113966 -0.0340054534014338 -0.303826832038157 0.292230762037645
-0.00575030159724248 0.00236670996349414 0.00581159965874375 0.1097355522308
0.0441584221465222 0.126510871361192 0.00927378833189258 0.112527175281383
0.0898554880553586 0.0902054947095013 -0.0685374997674417 -0.149268495644149
0.0798434436887686 0.0162653689723564 0.0231957358164055 -0.29507660353595
-0.0420539606870635 -0.0155368401912032 0.379279217454407 -0.162980959885196
-0.144703359767451 -0.0323979307413041 0.682629255224778 0.260116674114212
-0.134681205775437 -0.069557158241476 0.443251380694853 0.691313170198572
-0.00164534441555618 -0.143824265944968 -0.0900727797184077 0.678080040330731
0.0887871583187981 -0.151408905174597 -0.143396573985086 0.321076951676759
0.120915615548858 -0.128959914036159 0.136016588034739 -0.129931199506176
0.0223326029599049 -0.136476702169441 0.19912911281665 -0.553135867162493
-0.0960622136615939 -0.0958133996275379 -0.216003248632454 -0.733134727476602
-0.113300815261479 -0.0647116823597456 -0.637560315629177 -0.289715422412133
-0.0474346104022295 -0.058480502325829 -0.583581384216915 0.238680283870843
0.00171056325036067 0.0140473483587517 -0.246000954255474 0.297205921057868
0.0102471598765497 0.0717005001586705 0.03001108740351 0.0962198902383584
0.0686489509358333 0.180881136071997 -0.000118152786215219 0.0801117817373998
0.1031338616151 0.12986269220041 -0.0266706227805169 -0.169931109460693
0.0566514319346661 0.0418152859994919 0.137402598102405 -0.300905514535066
-0.119702440751338 -0.0246853601307145 0.465147617879676 -0.0915538250661887
-0.215842094128565 -0.0869532474901678 0.634755299290385 0.400634324922674
-0.148023658873027 -0.16793649400669 0.294995126154428 0.752783381921119
0.0520485517274561 -0.238929047818667 -0.166885368002891 0.598833609977463
0.146330808497066 -0.23025713538042 -0.0817205352977306 0.235239426995143
0.140655596534118 -0.218083972484552 0.166283430500199 -0.221785527495711
-0.021089912584673 -0.210887025276878 0.0734644044499995 -0.608819313892411
-0.182813116287144 -0.146642633102912 -0.395420024449878 -0.618820046741783
-0.183859124829212 -0.0841556209985506 -0.676772214033506 -0.116024654204645
-0.0622326600022664 -0.0409749754641535 -0.499396039155932 0.303547952312957
0.0150375726562539 0.0675150909068354 -0.151334061218774 0.282816659965152
0.0300132695505679 0.131916282921951 0.0577860633871383 0.0618658872441158
0.0725982949987352 0.209232690904823 -0.00327143807313967 0.0402214655911928
0.0862929537747548 0.144684357947458 0.0361399663223112 -0.19549059985452
0.00205853619973267 0.0448004411070625 0.276002277553303 -0.28592130014098
-0.192559486598146 -0.0552112657274966 0.537492264787396 0.0254317603993935
-0.239670425870121 -0.154908918186797 0.526647024820251 0.560571656342976
-0.104395501866094 -0.251604599100968 0.109437370042022 0.782566185608521
0.123670958126342 -0.286092377414926 -0.219467226864592 0.480044275505033
0.178532807287753 -0.271785251352764 -0.00195682684871712 0.119190066377924
0.112014144050406 -0.272588045010187 0.171115576669871 -0.337567508684655
-0.0922412778248104 -0.237689677324125 -0.0906718727781913 -0.640082074806852
-0.246811514582926 -0.145855959874054 -0.557136551349468 -0.467893966054352
-0.199710240082618 -0.0680699225940452 -0.658405234902145 0.0425186715343021
-0.0399815815738956 -0.00454995948179495 -0.365907001074015 0.333545458612555
0.0378925199331678 0.117412776176118 -0.0437225644041523 0.248685937645565
0.0471684249994374 0.174086212704551 0.0769612991456125 0.0154401782287206
-0.10398224993895 -0.178581739230978 -0.0185368022924395 0.0695799405950658
-0.0880777539246611 -0.149148684018634 -0.0242548121862159 -0.165237424310655
0.0235998573113981 -0.0793325437775393 0.184990417724001 -0.288370992130932
0.229873159872959 0.051960956606696 0.507729536950748 -0.157170742830137
0.256331807960891 0.155647108874954 0.646191178522512 0.293249962352327
0.104233435217364 0.26787591594792 0.30519299458308 0.602462713097151
-0.0975650734011607 0.322798344035794 -0.0620125185901564 0.474556543726045
-0.211271172573072 0.281935578617012 0.010715115565519 0.128138671780381
-0.189497681795228 0.314209684036405 0.261868897796136 -0.315659088485049
-0.00544811281210754 0.307664169132863 0.159659559249653 -0.694336060162048
0.208077647988965 0.24386544605332 -0.327741611601388 -0.711583555430652
0.252097267135475 0.116729126537211 -0.575833892103325 -0.184136113033787
0.0722205549470922 -0.0330405461683324 -0.384391047086587 0.239711848368818
-0.0400324839835418 -0.149162656726524 -0.141595112964517 0.213499308358996
-0.0714679965406196 -0.179294674371002 0.0142790459226692 -0.0237385107008546
-0.10087103759781 -0.156951494326367 -0.00651983848499334 0.1060715679333
-0.0878683773714243 -0.145189010067806 -0.0763778842232475 -0.137668344718239
-0.0128685822340103 -0.106038322666104 0.0579868822806744 -0.262436420659034
0.1629226361822 0.00465069802842608 0.414540370782981 -0.193022480160464
0.216805108127852 0.105513127772008 0.685068579321221 0.186556096880259
0.122252932676769 0.22318085916259 0.435953413867754 0.578424278948546
-0.0519400300069053 0.291389228835093 -0.016872873242673 0.571869376888877
-0.185176494539198 0.241787989195266 -0.0699548181341901 0.236295934949806
-0.205331957524406 0.2551846036283 0.215894731551851 -0.196191627579484
-0.0742776111703938 0.26903604556944 0.27518715850654 -0.607096205935178
0.131020343372817 0.25428166303893 -0.15276242922969 -0.794483475344773
0.230904531870088 0.144978459028762 -0.551701999040658 -0.33625081219825
0.105874378211254 -0.0154249896600893 -0.481638278255897 0.188108951378258
-0.00459688699930711 -0.130144340970056 -0.221218155732102 0.237313128108849
-0.0535513897942693 -0.161627105472464 0.00171918367944129 0.025435855958253
-0.0766691485586444 -0.108149541584512 0.0054550907629351 0.129760521042622
-0.05529780450649 -0.107759967826755 -0.0953448323393076 -0.124544629747989
-0.0110533158253061 -0.102999080968742 -0.0308566244264922 -0.25288179933166
0.0998723338320185 -0.0249090853190272 0.333375874720557 -0.201912534740979
0.135869134745604 0.0617632768298439 0.691358057591775 0.127853076354595
0.0839402074495153 0.162306987492344 0.520927080529246 0.566692133203964
-0.0309733044183053 0.211873029621917 0.0163867900872467 0.649752190156318
-0.13277009754821 0.164240042848922 -0.134055568548756 0.320395751777435
-0.158404635534089 0.168893085027305 0.154446158228542 -0.111776173559977
-0.0859710700935053 0.18378027097533 0.321382523947656 -0.52921752974612
0.0600244364593729 0.202904118389548 -0.0336597756015098 -0.822983725579867
0.166188568660847 0.128223998704961 -0.521701720378734 -0.436687849645526
0.0997972972190443 -0.0133693633107223 -0.552593843019214 0.144652778178474
0.0137663570327718 -0.10427671915885 -0.283371314342044 0.259356570939703
-0.0356072762106581 -0.120630253942002 -0.00712017775632637 0.0690358225605616
-0.0407760027070394 -0.0324210165993204 0.0170867884690628 0.138709940979599
-0.00655545270233215 -0.0450770542088636 -0.0998515101809178 -0.126678768802121
0.0236870288909352 -0.0708222107977296 -0.0660993623912697 -0.26033541467313
0.0564873576102306 -0.030986709950819 0.296756561362086 -0.20519948471398
0.0426304086023868 0.0295035088261174 0.689911749273709 0.121855503096966
0.00970385801366293 0.0954575024157603 0.556699022459052 0.5789628251951
-0.028421012719199 0.102737327301832 0.0210440905802769 0.697723080168264
-0.0612701028895282 0.0620990558882947 -0.171133455492931 0.367085552561648
-0.0626624380741568 0.0717408661472665 0.111739998485285 -0.073117946123459
-0.0434662549913812 0.0778376499181704 0.316260742103014 -0.491404672221948
0.014377756186639 0.1084891496916 -0.00518914162278785 -0.817079170766645
0.0799396396928814 0.0690630015326125 -0.525470833726292 -0.465585377772432
0.0566834508088348 -0.0290573214767026 -0.595942958485254 0.13413112154913
0.0133148076628618 -0.0711380446742704 -0.313384490621137 0.277110966902416
-0.0201579368256438 -0.0639530490567726 -0.00688336988610717 0.0996841685523497
0.00375150224289251 0.0501876190212993 0.0160942447208286 0.1326514206443
0.0482183650757688 0.0274850727779528 -0.091240151651161 -0.133891358891712
0.0631167109707541 -0.0260504618898179 -0.0490546651496184 -0.277484576946245
0.0163188387427541 -0.023437735675851 0.313252027951694 -0.195078346851727
-0.0538456647261506 0.00321181996181773 0.691058900882721 0.165066387803498
-0.0734023128876258 0.0196490370175575 0.531337559288361 0.624833945514615
-0.0257387371601542 -0.0233141564101493 -0.0200033447713724 0.710286048179313
0.0155319155053768 -0.0486408628979009 -0.1734362901758 0.36792456590902
0.0457220622741927 -0.0296317897682236 0.108119374546737 -0.078903880244393
0.0102588141933708 -0.0327962294055395 0.278708655855982 -0.503147711952268
-0.0287446555763984 -0.00218493495204575 -0.0692776882070048 -0.793577308657694
-0.0173983803903679 -0.00693287969619497 -0.571011924056566 -0.416691670698359
-0.000662176253569402 -0.050533088438557 -0.610652225477792 0.17068769694636
0.00363434155766118 -0.0334963748539104 -0.303428026547264 0.292327936570421
-0.00638061635920757 0.00362017958394253 0.00596412928546101 0.109540455489909
0.0439898256969076 0.125732398619804 0.00931912551458132 0.111496909335724
0.0886256007872548 0.0897774764631822 -0.0674954786726454 -0.148083549914338
0.0794831367163828 0.0160640279150957 0.0235854324953144 -0.294585139869711
-0.0410072178555254 -0.0156531584861394 0.378697196263798 -0.16251733389992
-0.14488997221623 -0.0324214281644952 0.679589166964365 0.259644685332745
-0.133915014371342 -0.069767131106132 0.442927641197872 0.687518756361218
-0.000831260707947312 -0.144488763583122 -0.0913452161711308 0.67668492407172
0.088649543907943 -0.151334965179971 -0.142506173430323 0.320579809596448
0.120998321893117 -0.1290634572739 0.135884363041446 -0.129819528521558
0.0234101513011766 -0.135977510922239 0.200003667963037 -0.551778300315093
-0.0960688031316416 -0.0960429820679719 -0.213459385854264 -0.72973802613108
-0.112634693613752 -0.0648168799506386 -0.6362813913157 -0.287756274502526
-0.0473132798921874 -0.0581770558168164 -0.581045271189312 0.238448119246309
0.000872517932882985 0.0144447385675314 -0.245573326740583 0.296484696054457
0.010352015257093 0.0714951992537503 0.0301762254694428 0.0955727573335033
0.0681715160642282 0.179841097662382 -9.86272361642094E-05 0.0792993191582269
0.101633421951782 0.129623724970758 -0.0261752058890387 -0.168234586670558
0.0564478471922131 0.0406462769969774 0.136966539717238 -0.300268816019151
-0.118216062801603 -0.0243964724298335 0.464513539959233 -0.0902177347274987
-0.214793060401935 -0.0867623062351685 0.63233073296162 0.397384748416889
-0.147491840159999 -0.167634252411043 0.294945079040995 0.749608488089369
0.0536546587125314 -0.238923059695659 -0.16823428659406 0.593699819258624
0.145412239215155 -0.229302300070978 -0.0817236716953725 0.23264165834863
0.14044181917753 -0.217031422106491 0.165692132799042 -0.220809514785233
-0.0205804687360998 -0.210876078494974 0.072895312962926 -0.605916292103577
-0.180856705379092 -0.145448466832989 -0.394004348490859 -0.6157441108986
-0.182039611983831 -0.0834951920448082 -0.675599533098014 -0.117897480246746
-0.0625783551083411 -0.0401937738553795 -0.495372990319216 0.30268953621329
0.013611259785925 0.0688492069391793 -0.150520349285859 0.282103160318568
0.0302272606807467 0.132096202608234 0.0576153958239046 0.0619910144568601
0.07275452206519 0.207265139210429 -0.00366743376128128 0.0394407665810909
0.0850395650665905 0.144132871046518 0.0374757014348938 -0.194463697510668
0.00299794824488367 0.0448786250301149 0.275950173870662 -0.285883864265579
-0.191553678782106 -0.0547855492614315 0.53506600389734 0.0254826354943804
-0.238662072642573 -0.154522423466353 0.526108333113199 0.559644902352383
-0.103631585404494 -0.251332417078307 0.110370510821139 0.780907885155032
0.125621558073765 -0.285258318648035 -0.219260096915405 0.476689357859323
0.178026306780802 -0.271385588931248 -0.00157473128039914 0.118222656009282
0.112584001124035 -0.271772689520021 0.17074812603494 -0.337477921515944
-0.0913386934894569 -0.23765650775069 -0.0898596196745403 -0.638768797969019
-0.245574030784134 -0.146362128799747 -0.555546889724409 -0.4668474590002
-0.198908666266965 -0.0678866771352672 -0.656269629281806 0.0440068114725708
-0.0405036909169004 -0.00385091870992794 -0.364657343204647 0.333237079906526
0.0365442115876424 0.117363182054952 -0.0436151719017569 0.248942654015999
0.0469235070673426 0.174279315712748 0.0771539761168161 0.0150021698170432
-0.102872683556083 -0.178465531679505 -0.0183333475133224 0.0689544764614584
-0.0868897525516195 -0.149478948714451 -0.0240457322534591 -0.164897739058616
0.0238249306924879 -0.0802085262611085 0.185341308662345 -0.287333931364434
0.23012938068996 0.0507378383339423 0.506731891583365 -0.156269907209119
0.255691670872128 0.156619597149672 0.644721828107962 0.292163077023871
0.104108567273574 0.268424867374776 0.303002198018657 0.600491618640542
-0.096309457170321 0.321822589826321 -0.0620598142677167 0.474548826726397
-0.211566999538238 0.281917905566463 0.0107219179645457 0.127248452956206
-0.189584422544117 0.312921142951658 0.261524802041986 -0.31527436422592
-0.00590567037412802 0.306200496647474 0.159926332157369 -0.691734717712694
0.206017058677402 0.243003356183121 -0.328093085754044 -0.71065448509057
0.251538082929001 0.116174571572109 -0.576499381698602 -0.185249856464959
0.0734186051286027 -0.0326076983421961 -0.382638592841772 0.239111436551407
-0.0395859976576984 -0.149345462989082 -0.142554545721426 0.212483360421652
-0.0707956187998516 -0.178061170004879 0.0142392451701057 -0.0238590284640626
-0.100813766280993 -0.156205411114329 -0.00569274917570825 0.105308695799048
-0.0875696115424971 -0.144125436033939 -0.0743697711795938 -0.137646264051527
-0.0117148248073804 -0.10630271366346 0.0582738713599355 -0.263034440984821
0.163121419310426 0.00352015205451331 0.414383523295043 -0.192532783461888
0.215298445736282 0.105945432306241 0.684794024504416 0.184889667327767
0.121755775705199 0.223359641630014 0.435203319092464 0.57660794427301
-0.0529041072812671 0.289823666679271 -0.0173841909664922 0.571580377889523
-0.185391744333738 0.241294332139891 -0.0696400170604544 0.235802095601273
-0.205296250161299 0.255124381622045 0.21585208507381 -0.194966135206285
-0.0744652855132181 0.268250295189561 0.276354927167677 -0.604687324806017
0.130820118522438 0.254324270895399 -0.152338652583964 -0.793423218147738
0.229607939298979 0.14480174543089 -0.550664530929555 -0.335466810454052
0.107210855155163 -0.0154432169107932 -0.481756560823188 0.187665915874699
-0.00374707050298823 -0.13043171190808 -0.221561526335271 0.236704951947262
-0.0525573103179892 -0.160568921179903 0.0025114265832798 0.0253688126125569
-0.0754998342641626 -0.107528161314523 0.00608515717425047 0.129060742066857
-0.0550244049279109 -0.107604075969009 -0.0944297705267934 -0.125780895212198
-0.0108080332084017 -0.102753728818612 -0.0296182582540516 -0.253986859299356
0.100792704247736 -0.025609144229681 0.33376217314593 -0.202671639822904
0.136037778203197 0.0623184399963824 0.69007523137193 0.129229857917885
0.0833108303608557 0.16182277991644 0.519711267929369 0.565530187313644
-0.0310217557295434 0.210943915395759 0.0167168395587581 0.647440586662006
-0.133145632464327 0.163241882608138 -0.133292329812313 0.319442915539515
-0.157950320298253 0.168755816454352 0.153666036852011 -0.111761450261346
-0.0865350540568308 0.183243155763529 0.321396639528878 -0.526110391420035
0.0604044328234084 0.20272471368628 -0.0329691199023656 -0.818696221732257
0.165672924698157 0.12709557180182 -0.521564172317458 -0.435104875340599
0.0997547653732786 -0.012961617534985 -0.551563221848071 0.144615850594164
0.0138992889274488 -0.103197568246736 -0.283317834412809 0.258896397916591
-0.0342536979950544 -0.119751972826251 -0.00692897549771755 0.0685361311355945
-0.0400591861649801 -0.032303856042563 0.0168090337950752 0.138263218060951
-0.00628720814237005 -0.0446132889327459 -0.0993997375351524 -0.126206263224857
0.0234419661666552 -0.0720334622615815 -0.0653765625230676 -0.259861263896629
0.0569918691775163 -0.031355621630888 0.297073537998789 -0.205430795162043
0.041607393221238 0.0305298273542542 0.69112492558545 0.120768699818309
0.00866570934277405 0.0942941179881599 0.55616181520657 0.580340216529243
-0.027894809203123 0.101583649099513 0.0199978140835567 0.697025786533325
-0.0628189010480816 0.0612466880165096 -0.169657599029926 0.366116811423297
-0.061116816501921 0.0713745865040426 0.11131003003594 -0.073469349285609
-0.0430430051798846 0.0779055355999542 0.317008582164694 -0.489402456542465
0.0137800858936803 0.109109561826923 -0.00342073995338271 -0.815618445736903
0.0799368910948552 0.0687226714067234 -0.524600898313127 -0.465653590553843
0.0571050230598655 -0.0291877300630827 -0.596293475370749 0.13476906378765
0.0124309676189786 -0.0710639422761479 -0.31358102748551 0.276456886740918
-0.0200021150027146 -0.0629294432012452 -0.00681468832428856 0.0993193320550502
0.00408949665042822 0.0502970993894918 0.0158382983970068 0.130917618309247
0.0477900622990823 0.0278932144550877 -0.0895810171996768 -0.134696855101871
0.0632639234583586 -0.0258964187542287 -0.0472739734115663 -0.277668873777213
0.0166165728202799 -0.0229918598869739 0.313557838254212 -0.194681102629244
-0.0539465987959666 0.00304734832407631 0.689444248575841 0.165069591980172
-0.0737337920539352 0.0180738016402784 0.528777999306628 0.623632630192378
-0.0245652898321297 -0.0247375381893241 -0.0205427493206586 0.708384120011365
0.0156225817103894 -0.0495414706430672 -0.172772911410775 0.365967881733401
0.0461593420614111 -0.0301358847464906 0.10785617064263 -0.0782359179763992
0.0100002574629604 -0.0329256881555878 0.279018466063442 -0.501351026688633
-0.0283691838977871 -0.00186792325164288 -0.0688763228660653 -0.790876782785963
-0.0163694831473095 -0.00603884697360409 -0.568895915441964 -0.416903891985428
-0.00039112040416811 -0.0508570931968794 -0.610535177552866 0.170935476825484
0.00303686150223258 -0.0329261065835821 -0.303192737897487 0.291973898539375
-0.00567974694958815 0.00445474148056211 0.00579469241107605 0.10936084974635
0.0437451589020267 0.124701529912583 0.00845525719354807 0.111272041992513
0.0876850654709359 0.0891643386408553 -0.0667878403011069 -0.147338462706219
0.0793992102408243 0.0162253168160788 0.0240807288193225 -0.29412623901027
-0.0410870224119402 -0.0158405843855549 0.37803311614027 -0.160967428242845
-0.145301032371939 -0.0319261971580505 0.678295149943306 0.25788542181099
-0.133670138582963 -0.0710819136483913 0.439755054989759 0.687238715247786
-0.000284014889895962 -0.145233585640672 -0.0910401659568819 0.674267581972701
0.0895489914149338 -0.151716156382884 -0.142792505498103 0.318477994669043
0.121210735189933 -0.129828641210256 0.135820117716425 -0.129410766826745
0.0235245929634144 -0.134974129508662 0.200501133416948 -0.549325791889336
-0.0951063198921924 -0.0951871304297181 -0.212273163343564 -0.728144136523512
-0.112513336580354 -0.0649040459880481 -0.635757375506465 -0.289384594533997
-0.0466717787868115 -0.0569283456927802 -0.579809769606119 0.2383749921042
0.000675089596406281 0.0147448037266943 -0.245045981343287 0.296420165249744
0.0103356691044482 0.0727035936735968 0.0302128696664403 0.0954871274076401
0.0678649200567093 0.179394304329884 -0.00024130752464426 0.078930505189586
0.100901351551333 0.12907084636724 -0.0254424660876867 -0.168857347253348
0.0563284972512288 0.0418905356247203 0.138464541722861 -0.299862194533044
-0.11771359563357 -0.0244883941788532 0.462535904922519 -0.090915815647933
-0.214471549099446 -0.0869728939228267 0.632240233396553 0.398184488528817
-0.147121335112764 -0.168131124682557 0.291961683651311 0.748004229044748
0.053720550972415 -0.239509067508271 -0.168269581338706 0.594386846803231
0.145396975955673 -0.229360467508952 -0.0811549957762291 0.231935999515925
0.140672490365044 -0.216393759472258 0.166490991165639 -0.219828082564045
-0.0199974871980829 -0.210027828230376 0.0736893645712409 -0.604473511300082
-0.181821304109301 -0.144792015710473 -0.392880886226014 -0.615834229628064
-0.181318886493475 -0.0833595697716756 -0.675807640683657 -0.11641937427641
-0.0621684611602871 -0.0391468237398874 -0.495164447196404 0.304347299163668
0.0134564327465775 0.068843742796529 -0.150151239680705 0.28252574121235
0.0293770444430624 0.132433964119013 0.0574790881323971 0.0619090140862139
0.0729520806812572 0.207768721090027 -0.00394767757728104 0.0384401390462586
0.0842661497183365 0.143366305609446 0.0375159080606296 -0.194406897678934
0.00142181920938111 0.0448328917457452 0.276594360046112 -0.284799612043655
-0.191307084195054 -0.0554106978255197 0.533550960955118 0.0267752931755207
-0.239427913827562 -0.1553250288006 0.525088340340759 0.560759162898305
-0.102631568639104 -0.251483581373052 0.109018846669998 0.778487516143918
0.126001454606439 -0.286176580550808 -0.219752088788194 0.476185896166794
0.177834788612997 -0.27151920852931 -0.00183094306939176 0.118857011236791
0.112143345690946 -0.271821565704529 0.171816383399234 -0.336085352086037
-0.0901895208921361 -0.236714240677462 -0.088217140406255 -0.637314706982476
-0.244963332037143 -0.145150144154873 -0.553195580578987 -0.466740405275564
-0.197410599335709 -0.0666292579663968 -0.657793371224388 0.0435174815505165
-0.0400319555855303 -0.00338216546516832 -0.363984185462291 0.333099140989169
0.0361946386645613 0.117936893783063 -0.043530679132511 0.248871105612693
0.0460937027533524 0.173839156992351 0.0777823951973987 0.0145771434701653
-0.102443826271169 -0.178732007326867 -0.0181192496031558 0.0683199513163839
-0.086453825997921 -0.149506934319903 -0.0237021440720168 -0.165593603035626
0.0240897899869724 -0.0818030888040804 0.185822888069503 -0.288384443302154
0.230662942307567 0.0489686148019401 0.508071995361407 -0.156070511510892
0.255583171409892 0.156705517750296 0.645183153640405 0.292008743931622
0.103262146974673 0.269103064844459 0.303647359750117 0.600370922960869
-0.0977346855183576 0.320308567905916 -0.0643519236836305 0.4745259589259
-0.212085893485831 0.280589901391916 0.011239527773688 0.12771273874142
-0.190116633826392 0.312397160946046 0.263137414245404 -0.314478075272005
-0.00699404783704479 0.306555002630494 0.161308532323824 -0.691310672781407
0.206092283226167 0.243272048180334 -0.32761186230295 -0.710522474909147
0.251633647585713 0.115815289896414 -0.577087395919784 -0.186148762329763
0.0739229799248204 -0.0326784163748349 -0.385669146220779 0.238777400854841
-0.0386412126762239 -0.14950245241916 -0.143032012189277 0.21285761264689
-0.0692257797068662 -0.176774477705871 0.0147036583816349 -0.0235825386337154
-0.0993019106797971 -0.156438687281137 -0.0060372348215149 0.104365625205298
-0.0864126026084069 -0.144709837264734 -0.0745311966071657 -0.13798091327972
-0.0117545108969367 -0.105930512810286 0.0599358770500954 -0.264105677781976
0.163650285373183 0.00284210363637314 0.41552103362998 -0.192750897937376
0.215552422163047 0.106317851045653 0.683863121123437 0.18559151184519
0.120465779775443 0.223562669856302 0.434799216439633 0.575633398742749
-0.0534979123922041 0.288571730355022 -0.0193507711448552 0.572024445590115
-0.18581677671469 0.240556656799102 -0.0695270187136077 0.235608125571601
-0.205052350517576 0.254451971839093 0.216816179748567 -0.195218877527144
-0.0763769174197157 0.268021936030582 0.278182533097562 -0.60346329146669
0.129505006678167 0.254934659895888 -0.150915155529379 -0.794542845551498
0.230361755064163 0.145084823563927 -0.551777395067443 -0.336872294222973
0.107313589633976 -0.0152737664098601 -0.480544793111057 0.187116230555299
-0.00321268379892512 -0.129979960028615 -0.222548754642841 0.235516301416572
-0.0516706296835321 -0.159996370004576 0.00215515112224719 0.0251934758312244
-0.0757225947945355 -0.106988358005196 0.00603259486486651 0.128306296181351
-0.055287150594099 -0.107512389122192 -0.0936246839057508 -0.125677980425898
-0.00919065851012696 -0.103204284849772 -0.0285283709660309 -0.254178786265284
0.101973488745505 -0.0266538541840471 0.333372189055183 -0.202691403120282
0.135260826966348 0.0626252783095457 0.691273733350216 0.127939127231751
0.0830267747128601 0.161652926248837 0.520279344967027 0.56637727694795
-0.0316349196774218 0.21004863012214 0.0161090160715341 0.647932338085658
-0.132909248945442 0.163021587293391 -0.13345639121562 0.318635271760426
-0.158439718349946 0.167113161764455 0.153611015059841 -0.110483945744406
-0.0874175492044431 0.182634330610022 0.322653750459265 -0.523575276679783
0.059015689209649 0.203243167535237 -0.031791816793355 -0.820098847127426
0.16637892206785 0.127570097523123 -0.52083506619197 -0.437478604599485
0.100522645420163 -0.0132913639343823 -0.551987462763743 0.142581653002139
0.0148358578902897 -0.103271965404397 -0.284086320772124 0.258122542058363
-0.0339206211928588 -0.119280705316434 -0.00695766505551029 0.0692079326142286
-0.0398216475443565 -0.0329295819130019 0.0158365528907688 0.136483146897219
-0.00696967303817029 -0.0449531237928399 -0.0989996210106478 -0.126954206336517
0.0241293088316271 -0.0711265808637785 -0.06501034780226 -0.260676859850432
0.0577230374697314 -0.0323238182906279 0.296694381740298 -0.205540585525777
0.0418213287639218 0.0303414261871028 0.690928571404238 0.120986637847448
0.00889963902105219 0.0941092232308167 0.555050270350349 0.578520466557856
-0.0280270709283498 0.100169257578868 0.0199902721794059 0.69563649371925
-0.0625047557264765 0.0606617670424209 -0.170989572754618 0.365978849709559
-0.0611811341791852 0.0702962333137064 0.111530163704538 -0.072644495718003
-0.0435312340222062 0.0774161637394186 0.317073994304668 -0.487509328658401
0.0141088006688817 0.108486599047497 -0.0026466357752677 -0.815950512186599
0.0800901741774652 0.0687066750212923 -0.524081202328988 -0.466627907718988
0.0569039020473063 -0.0289900374908918 -0.595531125041792 0.135758267086848
0.0132852281668602 -0.0705863739765068 -0.314060636802352 0.275563109352822
-0.0195498811757761 -0.0621961103385058 -0.00652725383716824 0.0993205940654274
0.00395889917772569 0.0495211552843834 0.0152526514845967 0.131008489578539
0.0472687282903761 0.0268484789076241 -0.088416338857076 -0.134997831500169
0.0630211508051059 -0.0263677902617142 -0.0459980695404444 -0.277410838021975
0.0173769196375761 -0.0241411896406869 0.314078633597322 -0.1939086373547
-0.0545800603518419 0.00243648989910666 0.690062071493069 0.165294907529595
-0.0736733637645834 0.01846551319365 0.527221710079604 0.623760802504313
-0.0242858992791073 -0.0253731155340122 -0.0220645188424331 0.708617822226582
0.0159813802198792 -0.0500343126935741 -0.173683459316036 0.365209922222179
0.0463862848263445 -0.0295287712862715 0.10856360194146 -0.0784444746151487
0.00999121399702429 -0.0330768945691978 0.279526107008609 -0.499559103341146
-0.0285080328839999 -0.00242136923485835 -0.0672010987013109 -0.791289181056926
-0.0164952375755895 -0.00671068851606466 -0.567963777844305 -0.418441201428075
0.00019375862260949 -0.0501709941331792 -0.611116152140665 0.171572363160757
0.00267997416659057 -0.0324745013007788 -0.303958287466629 0.291528384218633
-0.00523234043181331 0.00443114088068197 0.00592406956859286 0.108347398218686
0.0439030087568863 0.124632976278896 0.00724439684126065 0.110725421458204
0.0864681342840335 0.0895804821874824 -0.0658057248788324 -0.148053434337988
0.0789750010193866 0.0158425860525512 0.025311844463102 -0.294285461001294
-0.0403489529320806 -0.0158868008315588 0.378833450122703 -0.160896785081478
-0.145485353159532 -0.0326148069801014 0.680499544966434 0.258716620942543
-0.13370505346947 -0.0715911908063814 0.438952021733414 0.687804267289795
-0.000253765195364512 -0.146557595286362 -0.093269699878557 0.674723134071891
0.0885656878497063 -0.15223914811514 -0.142334340801265 0.318956222384856
0.121876921240542 -0.129082965003377 0.135737047036473 -0.128657658339775
0.0244326007787331 -0.135480566539793 0.201170688849117 -0.548446762817817
-0.0955509378066607 -0.0956132990536251 -0.210521877274358 -0.72923132116306
-0.111243881264914 -0.0647492125326727 -0.635695325376194 -0.289242644640985
-0.0469248757934232 -0.0571833051975745 -0.581501583978445 0.238235501232629
0.000561224822534818 0.0153544726713898 -0.245336780217357 0.296160385123567
0.0106403564335117 0.0729945516376388 0.0304859689874532 0.0952913966657356
0.0687080273758822 0.179024251364802 -0.00113333286459807 0.0782769084226227
0.0994098261953192 0.129059270502666 -0.0250515431100257 -0.168552964064074
0.0554623281956371 0.0420785841406488 0.140106295420754 -0.300004067903929
-0.117050964414011 -0.0250499576899365 0.463760728759153 -0.0899353773458976
-0.215840950917126 -0.0872837747352101 0.630693854555832 0.399024928841674
-0.146717894417114 -0.168747176318643 0.291994686746715 0.74878699753775
0.0552748258066873 -0.240163617305109 -0.169671239649497 0.5913774626696
0.146682150747748 -0.230402755200525 -0.0819678664108249 0.232354533246578
0.1415641733615 -0.215690531325099 0.166495160686771 -0.220064294242243
-0.0189971564442067 -0.20950764706578 0.0769448694043166 -0.604436648088641
-0.180449070873863 -0.1455074075265 -0.39284832172892 -0.615241606517795
-0.181055370789214 -0.0831956946643474 -0.676418887204042 -0.117544015320897
-0.0623816610112796 -0.0388664713339638 -0.495599834995607 0.30441938346169
0.0126965684467479 0.0700510198870683 -0.149983454797977 0.282543829962873
0.0290535895001009 0.132262383791097 0.0578324563490969 0.0610238992635633
0.0722162093617682 0.206997978498255 -0.00437374465215867 0.0378695315933701
0.0822363413552674 0.143407598147359 0.0387987001497038 -0.194626840120976
0.00127896158792449 0.0449562727727098 0.277642676458422 -0.285887766813369
-0.190348349364937 -0.0556762974155909 0.53227059359631 0.0273860581577046
-0.239971004789346 -0.155594278320243 0.525151666886941 0.55943733748735
-0.102310111081595 -0.251672046209215 0.107911968287413 0.776911537694536
0.127482140370715 -0.286341764809065 -0.220828875786606 0.475468119398134
0.179505669136574 -0.27153651143664 -0.00237820726582528 0.118059658261788
0.113893577011384 -0.270720133465867 0.173259121588851 -0.336443319906843
-0.089148559964586 -0.237134431221687 -0.0875243960252608 -0.636209091351276
-0.244291321445472 -0.145498067025704 -0.554059674746615 -0.469196244823002
-0.197673881736068 -0.067318056894435 -0.657509309300313 0.042209004033523
-0.0401208952892064 -0.00270535770759796 -0.364168737086593 0.332809070161834
0.0356598278295082 0.118854630179376 -0.0451892767854542 0.248293368642561
0.0466500324441591 0.174078982057885 0.0773200033125904 0.0151028436143526
-0.102050049669876 -0.178761259635368 -0.0172669950147206 0.0681206718325563
-0.0859507046988565 -0.149941209476771 -0.0228528787690376 -0.165592121767036
0.0243903577849903 -0.0823928976494883 0.186643547400044 -0.289279580196587
0.230892055987849 0.0496607873866995 0.508748410993859 -0.157683784392211
0.255663589356964 0.158132945074685 0.647683456015358 0.292800094076094
0.103132431409642 0.269513519870092 0.30359682932597 0.602937829676574
-0.0990142971982933 0.320472581649379 -0.0641864689246153 0.474554806262601
-0.212793635439256 0.280671037921064 0.0132496386811836 0.127812833984052
-0.190442996452998 0.312522369069196 0.263809517710731 -0.314872487552135
-0.00786119625461628 0.306681649588604 0.163194839957448 -0.690199350729127
0.206427126301004 0.244148788673627 -0.327594158054378 -0.712843759464787
0.251559289100196 0.115202462253672 -0.57888124464258 -0.186645044042413
0.0752044699514177 -0.032939966305499 -0.386055793246411 0.238325041842104
-0.0380700208497443 -0.149362686286269 -0.143651478843326 0.212884519192311
-0.0679923839192889 -0.17631240703426 0.01533267764364 -0.0240756583442146
-0.098117677891876 -0.156741861529913 -0.00656964436224108 0.104061585330427
-0.0860993897741868 -0.145348744871207 -0.0734564340257455 -0.138601713614386
-0.0106998163678461 -0.107014374833286 0.0608281930557221 -0.265137510648894
0.16432367946481 0.00184188740899625 0.415277251395208 -0.192858260225879
0.214984927173514 0.107774648831029 0.68667739537912 0.186753997438617
0.120243814086038 0.223384026977396 0.434564383081626 0.58004127110674
-0.0536449127855967 0.288907191017371 -0.0183409089451626 0.57344910680204
-0.186578248649654 0.240311192709778 -0.0692571696540876 0.235047528258926
-0.205958553693941 0.253468415951374 0.217102750780994 -0.193602288030569
-0.0754870736372653 0.268585389851093 0.27835815040358 -0.604187505732687
0.128866345179741 0.254658171436627 -0.149042110286451 -0.79468928719922
0.230496008747396 0.144887445445772 -0.551238970803493 -0.33779212762674
0.108122090934395 -0.0152576038246863 -0.483547660279207 0.185840054137741
-0.00234768815609924 -0.129783118649285 -0.224054988704572 0.235440057154758
-0.0506453566674494 -0.159514319741847 0.00147563138202376 0.0256251312573156
-0.0744607993260914 -0.107194908454012 0.00565651049287351 0.127630573229769
-0.0544771185572725 -0.107881623737375 -0.0930605097723094 -0.127192305316566
-0.00888813507999422 -0.103243290562761 -0.0281842602236124 -0.255163996809001
0.101808780085777 -0.0272469638106265 0.334880947314292 -0.202379674840073
0.135080256686917 0.0626498136892179 0.691479881704366 0.129723006223244
0.0826609375968796 0.162467686663963 0.520253322072227 0.56762169328628
-0.0317979653573967 0.209463485825153 0.014222694499212 0.649346031238384
-0.132986146358193 0.162154292131714 -0.134371497074127 0.318177711634055
-0.158018831970811 0.166601769066363 0.154328095871331 -0.110782923814214
-0.0876792161047457 0.182665682019826 0.323980643606758 -0.524328172967919
0.0585987180266609 0.203870569731772 -0.0306751820408638 -0.820743941423956
0.165591492278654 0.127074012100457 -0.521776527893535 -0.437817852668386
0.10117522325873 -0.0135304634656327 -0.552143020509718 0.142690397483739
0.0147299946173246 -0.102609063266671 -0.285226827410627 0.258357232575488
-0.0330722147208885 -0.118223446597288 -0.00750747927771689 0.0690236448629108
-0.0393610611600203 -0.0324528520581151 0.0156722407817535 0.13649861583774
-0.00642553303615926 -0.044973336877061 -0.0982586646496457 -0.126831092481069
0.0245192036096828 -0.0718303675679571 -0.0634509021914801 -0.26217749667427
0.0578206310348646 -0.0325000368836574 0.298837210537981 -0.205551912656473
0.0411638820206389 0.0308720592713006 0.691985877198914 0.121109270802276
0.00822488089084114 0.0948188712359897 0.555472686815579 0.581284337352134
-0.0284820169158076 0.0994346826312053 0.0188566465222421 0.697117360643851
-0.0629798713748475 0.0608783633896284 -0.170216541210367 0.364461435329593
-0.0614974057887516 0.070142209902202 0.111852528295164 -0.073133187108598
-0.0440279312960275 0.0773234222367321 0.319900690495936 -0.487909633989407
0.0132150841135287 0.108478531327841 0.000217757426068054 -0.818069507190471
0.0807244088730721 0.0687952265449907 -0.525256188963413 -0.467870384940674
0.0583156442484905 -0.0288484533169586 -0.597213977600268 0.134847073146121
0.0132357293203298 -0.0707353541695805 -0.3157377189518 0.276018296347587
-0.0191354139923225 -0.0614547113172333 -0.00663434106418225 0.0993566006432333
0.00476033777096728 0.0495883882803088 0.0150037404122847 0.130590387306558
0.0464902457495508 0.0267917728641984 -0.0877538916675071 -0.133985323354993
0.0635646367771054 -0.026505908307005 -0.0452863792047907 -0.279056601978477
0.0181166603251325 -0.0241961226006579 0.314240317523951 -0.194806895874996
-0.0554381898235934 0.00304849326421322 0.69145034621354 0.165240773813479
-0.0737808046514248 0.0175198359827064 0.530221588549309 0.624699962013469
-0.0234966127250935 -0.0266598032720165 -0.022652757244748 0.70870648880792
0.016020135316282 -0.0504725119232754 -0.173891342128968 0.366104793304201
0.0464408253164735 -0.0302650792644694 0.108299767574821 -0.0778509812361458
0.0110344293882214 -0.0319949433181112 0.281848752762799 -0.498798912917801
-0.0280924297719328 -0.00167711129001259 -0.0645844355683727 -0.791775877652041
-0.0160802718412723 -0.00668876070266766 -0.569982294246702 -0.41881274290487
0.00070156957992213 -0.0502618408377636 -0.611366651569541 0.171607084400702
0.00323027421238835 -0.0319843241599384 -0.304126206142255 0.291983120935842
-0.0054932174824941 0.0057332723874371 0.00567156512170583 0.109053533242262
0.0437869964988745 0.124644508610843 0.00807194842185499 0.10996371613558
0.0860472772404577 0.089347798241863 -0.0650553351192473 -0.148081104553646
0.0794856266928017 0.0161949572636811 0.0267951528825916 -0.295609281543003
-0.0393533871222115 -0.0164525312696608 0.379417070887707 -0.161533215592001
-0.146126199831357 -0.0329460516614834 0.682227927686077 0.260243279439453
-0.133618915747108 -0.0724456182433013 0.439855707615437 0.688923975189595
0.0015925552638151 -0.147454787164321 -0.094229432575176 0.675996871143189
0.0889783573262805 -0.152598789740896 -0.142206402933074 0.318468394836107
0.122809166449372 -0.12980891496512 0.136754424632687 -0.129094422680074
0.0245843368831323 -0.136052389456844 0.203106522409504 -0.549239751905654
-0.0948663036889662 -0.0959235065655387 -0.21102913413905 -0.730120815595709
-0.110952747112958 -0.0648517712725182 -0.63860369740106 -0.289459870467239
-0.0471643231345656 -0.0573019774036655 -0.581494632509319 0.238759343006721
0.000140041185369253 0.0163088490817596 -0.245930763040137 0.296368777248049
0.0104571421171123 0.0735507002655453 0.0312241645668368 0.095702826826436
0.0681394479819285 0.178391660865191 -0.00117850304479477 0.0774011880804841
0.0989404744324561 0.129423119296772 -0.0238420868613675 -0.168650161387583
0.056387684487186 0.0416396740915646 0.141399168813695 -0.301041477687782
-0.116772078122637 -0.0248385557607004 0.464244220652652 -0.0886381229426235
-0.216797946424923 -0.0872930014036464 0.635718794749058 0.398773292051486
-0.14607994599211 -0.170418179725963 0.29126353260605 0.749958615266508
0.0559966289851041 -0.241145882357136 -0.169754028279578 0.592882268275457
0.146712196792677 -0.230180710391492 -0.0821161945299296 0.231895024914716
0.142715928482374 -0.216175083705122 0.167514145343069 -0.220044595488012
-0.0188361546835967 -0.210821856489114 0.0760686037958641 -0.603318073182679
-0.180574691795551 -0.145189959425177 -0.391425307134179 -0.617432991213433
-0.180792487335182 -0.0832011898842912 -0.678837861763404 -0.117077351206175
-0.062244726496391 -0.0383474669005525 -0.497070978609348 0.304368336306717
0.0128241842094777 0.0702880132039207 -0.151929267647156 0.28253465475149
0.0293644648770958 0.13340640115341 0.057998285656481 0.0607620143064667
0.0709099836120679 0.206444742759591 -0.00498035843829614 0.0380925757234252
0.0822000113976765 0.142885355701294 0.0390396588628814 -0.194412756736433
0.00111907359581891 0.0452768894449104 0.279396828483683 -0.285961385112843
-0.190665491464452 -0.0559482561131094 0.534150085472647 0.0294334783293484
-0.240400181859718 -0.15612174363579 0.526846396919306 0.562454952067404
-0.102272137212909 -0.253314549955209 0.107093095910061 0.778305023133749
0.128547937786741 -0.287780650384864 -0.221675994527329 0.47444874379409
0.179824992544759 -0.27218016790129 -0.00255938254336749 0.11784407629305
0.114472355742481 -0.271187455442793 0.173325987274129 -0.336400368148359
-0.0888214207218516 -0.237621563494137 -0.0855178779154745 -0.637632075261435
-0.245170681045491 -0.144887211204066 -0.552353682785361 -0.469769955052932
-0.196581866174413 -0.0665286838861497 -0.659695518316029 0.0419679700609863
-0.040282534520924 -0.00180257964477561 -0.365707910388684 0.334378339469754
0.0350530432955715 0.11968175504175 -0.045251792334593 0.249617473246685
0.0460751432877938 0.17474769814302 0.0779675782480246 0.0146332007429679
-0.101009000257961 -0.178959906572327 -0.0178221473124475 0.0680054987707919
-0.0855272632411251 -0.150754921874935 -0.0219945946477986 -0.167361063620697
0.0243512546478909 -0.0834893407851792 0.188859826623808 -0.290638737974589
0.23225005826387 0.0476082562939488 0.511639621501254 -0.156759327390444
0.256420827998579 0.160019637368561 0.649041629694153 0.295526446001565
0.102684644630009 0.271813239179631 0.304858215299267 0.603075042616203
-0.100408807198018 0.320550026946727 -0.0648409387479519 0.476716295669904
-0.215627559715634 0.281519946293087 0.0120637815110632 0.127534439207964
-0.191682246740175 0.312234593791878 0.264827945851722 -0.314881759503194
-0.0081476447562028 0.308953635246582 0.166070935169905 -0.693497540605799
0.206083052810687 0.245589368501122 -0.326203605913509 -0.714376293551594
0.25210807218329 0.115837442528316 -0.580979110540782 -0.186885283012177
0.0760646172598246 -0.0341982992760581 -0.388518763434502 0.238086325639048
-0.0368677235079885 -0.149542380778195 -0.144861989427872 0.213520544736132
-0.0671218138658476 -0.177015019115484 0.0147092876300397 -0.0237159506314844
-0.0989224417868823 -0.157678180200939 -0.00614199188613854 0.104031367865056
-0.0861363525123154 -0.145484353584896 -0.0730009343930109 -0.140476817890107
-0.0112939401278033 -0.107832407733823 0.0615346404225353 -0.267072066698625
0.16532663289126 0.000747291012494315 0.417580921357967 -0.194271048015861
0.21632334198184 0.108704974836455 0.689919623763474 0.185807094259011
0.119951763893582 0.224975106086045 0.435594317939126 0.582557888363608
-0.0549204991878703 0.28928475655913 -0.0201956719590884 0.575385675905445
-0.188308985558157 0.240959159343232 -0.0689356562788376 0.235953548231701
-0.207180295800001 0.2537160519182 0.217447938109287 -0.194217453693852
-0.0767886848544565 0.269699663652005 0.280667475003081 -0.603893668771817
0.129049755572974 0.257050315157411 -0.149716243565847 -0.797173801221064
0.231143278986502 0.145378767217029 -0.554512007158521 -0.339002835013887
0.109585127703473 -0.0153107330986937 -0.485583559305886 0.186237014035958
-0.0017316083034955 -0.130537517612875 -0.225327996124731 0.236272587813059
-0.0497824254454971 -0.159535851943172 0.00202599678737212 0.0255173932940679
-0.0748255564681654 -0.107847261206671 0.00481032385261302 0.127758487195062
-0.0549817185535393 -0.107924440191242 -0.0924197390386967 -0.128030401455772
-0.00914385730086908 -0.10440090673239 -0.0272408401353995 -0.257194746482627
0.103076939823722 -0.0277925468328757 0.336884054670684 -0.203569065614523
0.135209335042981 0.0632843699156917 0.695795075131641 0.128944908018091
0.0831579658361834 0.163556011239095 0.522033384783362 0.568697236645665
-0.0324383986370163 0.20895421416495 0.0133508777715602 0.651914809306884
-0.135236502868339 0.162180863461866 -0.134050273406593 0.319460832289026
-0.158556583093293 0.166555541900179 0.154075552925732 -0.11040861907677
-0.0883057045070905 0.183023990056353 0.32575195309124 -0.524777734381701
0.059267069552884 0.204736349200585 -0.0298402297609211 -0.824036395489923
0.166544314077711 0.127185703258834 -0.523087329804481 -0.440827083763477
0.102183294278247 -0.0125251462900467 -0.55504625845388 0.142544738035605
0.015056676306067 -0.103017771325593 -0.28763022961931 0.258908331396083
-0.0319413597843423 -0.119084178150533 -0.00753848241938065 0.0693773180610585
-0.0395043921207205 -0.0321421587183149 0.0155112529724207 0.136886269354816
-0.00635467808591694 -0.045143647486367 -0.0975950594364256 -0.128104944295919
0.0246191405796007 -0.071957669276741 -0.0628713274538682 -0.263632737963754
0.0597995729817782 -0.0334639352599598 0.299570106459117 -0.207115845815105
0.0408771156706149 0.0311813363791774 0.695503303832988 0.122534013871316
0.00894673965857982 0.0948056769676983 0.556981881167956 0.583353727609167
-0.0280779197921351 0.098365312316051 0.0173766480920952 0.700674560373689
-0.0628625741523131 0.0602581061472709 -0.171264016308623 0.366426546066514
-0.0614146488380236 0.0696456004774298 0.112336845171409 -0.0728635200005441
-0.0443714350929122 0.0777958052116455 0.32265642459183 -0.488628636083485
0.0134132005591156 0.109294476531682 0.000254636036296433 -0.820769672461759
0.0800192367656559 0.0693708622942151 -0.52653629695971 -0.471521784692979
0.058815009549091 -0.0291473419232821 -0.599845822368895 0.135348780619342
0.0135790008092669 -0.0704293567750187 -0.317402065113598 0.276916449615488
-0.018712828473267 -0.0608456645066038 -0.00663801833752909 0.0994843886309694
0.00493420319803156 0.0494026808830704 0.0148304047029503 0.130249833653456
0.046483012621049 0.0275364815015299 -0.0875356019562711 -0.134974993060019
0.0637977105559821 -0.0261920424376915 -0.0436112729248313 -0.281025912978039
0.0192236521770491 -0.0249904576955272 0.316214180159546 -0.195422874234175
-0.0563803637100801 0.00309011831392349 0.695699934430726 0.167574212576016
-0.0737063312150248 0.017350981310458 0.53028328860331 0.627555816141532
-0.0236273596703041 -0.0288113360788735 -0.0233475883436772 0.711406521107966
0.0158558507829751 -0.0510234088226605 -0.174797503136414 0.367375292261854
0.0480294741210607 -0.0306383367873646 0.108062485290726 -0.0787265551854505
0.0106805575183396 -0.0328756879950139 0.283595961976896 -0.500124308475127
-0.0285300025953785 -0.00190610935582287 -0.0648159990646935 -0.794833597128839
-0.0152276578216533 -0.00639214059828251 -0.572370217907464 -0.421985756705816
0.00101634371198217 -0.0504152716959127 -0.614728938607997 0.170438078266483
0.00324517971202117 -0.0307211288662176 -0.306271976059094 0.292574884041814
-0.00463819775267024 0.00568391583522112 0.00562866255084514 0.108837354427532
0.0441976681081891 0.124710176955222 0.00746692114452702 0.109428220347831
0.0858409735465657 0.0892389533249408 -0.0642421880841814 -0.148516929851015
0.0796093125418322 0.0173314689281489 0.0285919802347557 -0.297075309443809
-0.0392776762543791 -0.0160186095204879 0.382274243562484 -0.161135049069621
-0.147193529078245 -0.0325888266085158 0.68403017098901 0.261197930602777
-0.134229914222334 -0.0728212166179258 0.440748304975827 0.691435804260601
0.00190116488598549 -0.148453518568582 -0.0955120906717242 0.67532822653682
0.0900957091647409 -0.153694166180319 -0.143859477903591 0.318913900929019
0.124216846583431 -0.130167561279271 0.137606750465289 -0.129105276110778
0.0255182478250574 -0.136394716410994 0.204461465136515 -0.550272799374528
-0.0949291038186805 -0.0958390138487495 -0.209029603365574 -0.733272550961009
-0.110689662559024 -0.0655032495411347 -0.640916554096976 -0.292146933175681
-0.0465033528829652 -0.0567054541017456 -0.583421537793509 0.2398557463811
-0.000479773609588487 0.0166918905685562 -0.248649773663368 0.297953303641386
0.00990301782549032 0.0746286756851757 0.0305770475506215 0.095478323430612
0.0677885033355084 0.179972453912982 -0.00207756635000936 0.0777623248208267
0.0972737188612661 0.12906771670371 -0.0230206021870726 -0.168490431298981
0.0560822265544979 0.0421968147870308 0.142144070318208 -0.303083213571951
-0.116766682595941 -0.025707949754084 0.466284683666935 -0.0884041150288457
-0.217569816108817 -0.0884810143614292 0.636821500650001 0.40224909755303
-0.146413932846032 -0.171675527784556 0.293055890209834 0.753199766504838
0.0565964268327706 -0.242914665896629 -0.172356869890441 0.596322685508772
0.147698872408243 -0.232384865350559 -0.0822224558912897 0.233065140042176
0.144538035651251 -0.216514182875048 0.168621391493238 -0.220567658569045
-0.0174255098271279 -0.212066018225331 0.0783128584507369 -0.605817053556522
-0.181619013306615 -0.145830113710327 -0.392176012839633 -0.621254015574229
-0.18085408935394 -0.0831597990568542 -0.680646542645733 -0.118222441322931
-0.0622804002950325 -0.0380644537779008 -0.500340816373372 0.306588468293166
0.0121187237106387 0.0712247466267268 -0.15220311015717 0.283979986151794
0.0296941912034091 0.13383691621981 0.0584529740215375 0.0606868571733092
0.0707973290897878 0.20675403909008 -0.00535417816861035 0.037203348657265
0.0802753741073274 0.14338059059154 0.0404179068235586 -0.194941084916368
0.000330726609069302 0.045721912435208 0.282067305573057 -0.287654750196118
-0.190523741687659 -0.055788881843266 0.538694941696127 0.0302337623198001
-0.240434842535057 -0.157409234986256 0.52781089460764 0.564893099863983
-0.102321080295964 -0.255564441483118 0.106927413585733 0.780151480370696
0.130520776053143 -0.289006872687351 -0.224177628281366 0.474791919878671
0.180881970377837 -0.273595512160674 -0.00293065733515834 0.117449971716496
0.114845830155972 -0.272058950978406 0.1750271053504 -0.337190335292124
-0.0881682384166456 -0.238614368777378 -0.0848977871346139 -0.638523778825503
-0.245537346190767 -0.145956389376388 -0.554760215621363 -0.472646304788505
-0.197506881132398 -0.0674648546115044 -0.663313398370029 0.0414399516462032
-0.0402133920334219 -0.000862723987716651 -0.369218402901344 0.336397196300408
0.0347745857742029 0.120813073333863 -0.0452624046963532 0.249902055179421
0.0459663758678746 0.176095973909079 0.0781614101534375 0.0146509922654109
-0.100810117729298 -0.179250894990484 -0.0175920435080349 0.0678804081247213
-0.0853932274093289 -0.150933542892548 -0.021937069300441 -0.168867768923122
0.024634655291787 -0.0842029668519431 0.189338167249225 -0.293391373954646
0.234047210679471 0.047185760866955 0.515006092938128 -0.158381380305536
0.25658607503631 0.16058296357146 0.653399536006892 0.294795267110478
0.103307110211608 0.272782911459948 0.304498559952096 0.606623666684742
-0.101101684134096 0.322239374601398 -0.065499093814307 0.478922078532138
-0.217826700956682 0.282773151795884 0.0136087403024057 0.128061845018767
-0.193032659288509 0.312782898571599 0.265917926665856 -0.315570104534256
-0.00883201520819359 0.309149466398098 0.167103552946375 -0.696121568540985
0.206941108087224 0.246728060238842 -0.328964380060249 -0.719354297223472
0.253073806811825 0.116281382331178 -0.583417480955457 -0.188668136222873
0.0771639313610407 -0.0345679262504043 -0.391419241633763 0.239442613516478
-0.0360484565199536 -0.149694719244063 -0.146695805242028 0.214619521787843
-0.0665916635491594 -0.177462831028813 0.0150474566771556 -0.0239074076011757
-0.0987029329442794 -0.157533365994087 -0.00580803119817312 0.104015983211544
-0.0860275075733463 -0.145773204372945 -0.0726121701394732 -0.141568339939701
-0.0114079197704255 -0.109115268581617 0.0618916169766402 -0.26840363669701
0.166701439885847 -0.000186240291661005 0.420298941153169 -0.195592146234848
0.217236840402986 0.109542621142047 0.694614086878043 0.186469992591897
0.120883695316741 0.226715014032086 0.437957601004169 0.584119653956078
-0.0549378688023538 0.289513464252409 -0.0201625067736905 0.57746724825463
-0.189200189039313 0.241961313615961 -0.0690756379473831 0.236570831674326
-0.208149184888774 0.254224766991406 0.21915568483261 -0.194622693985327
-0.0771199090847927 0.270579393137853 0.283687681183987 -0.607163246613351
0.12938539707598 0.258228911772811 -0.14928633110156 -0.799924410823722
0.231988097411478 0.145704294348978 -0.558262457301322 -0.342157612001268
0.110948973368738 -0.0164764388550326 -0.488565220658826 0.186732542913845
-0.00135677858124908 -0.130696653340734 -0.227745460072687 0.237209806989503
-0.0487256233778476 -0.159337370315029 0.00173848656302275 0.0255375438906753
-0.0747743055141086 -0.107877028831523 0.00518020777241691 0.127430902961475
-0.0553890033956729 -0.108521830697753 -0.0927095798038521 -0.12851766870024
-0.00924157930031449 -0.104757042003934 -0.0268303133756906 -0.259409117546302
0.104126994910682 -0.029015704388208 0.339006127805794 -0.2047336012866
0.135939995401957 0.0643824196776763 0.700215130654119 0.129669932320169
0.0829276059783245 0.163385740803848 0.525369801834162 0.572559640632354
-0.0322822621116386 0.209756109756004 0.0138374131061156 0.65500683426255
-0.134755326484323 0.162622287442589 -0.135413839131176 0.32015673874711
-0.159649975160243 0.167310049226993 0.154780236806647 -0.111100060730532
-0.0891257061388605 0.184821417995956 0.3292524554932 -0.526543518690479
0.0589092444992242 0.20621953869776 -0.0289558100763993 -0.829203728637867
0.166870495467784 0.128056211149454 -0.525729916832374 -0.442430121359877
0.103088027504744 -0.0137010469869054 -0.559305305232557 0.143263727179936
0.0159606489720196 -0.102934734192347 -0.288997989399261 0.260264013990412
-0.031675329363228 -0.118456979429982 -0.0074867590285456 0.0697553844801389
-0.0386072320487499 -0.0330211340285083 0.0158659945359057 0.136416177342722
-0.00679505350945714 -0.0454434293583278 -0.0973470849850397 -0.129023184634682
0.0246484575309183 -0.0726761264935256 -0.0622446600863874 -0.266351246002432
0.0605891524245602 -0.0347299838321693 0.301385348176874 -0.206996694099463
0.0407137123992394 0.0312830316652163 0.70064988879921 0.123213024277415
0.00893284237190656 0.0950038090841905 0.56011740291415 0.585075623149843
-0.0283550256116171 0.0984807936819915 0.0192876125067722 0.705154638246623
-0.0639837611890747 0.0600619157820597 -0.172573202882575 0.367128032165312
-0.0609086356593165 0.0689648406041581 0.112370331626113 -0.0725063454674172
-0.044048552229193 0.0779980822811824 0.32336220765735 -0.489549419985085
0.013857830230527 0.10936408226098 0.00174003964482301 -0.823339783241061
0.081072905354311 0.0695264410422814 -0.529192779923194 -0.474090070464716
0.059034075843029 -0.0292843592296431 -0.600914874869801 0.136405362185465
0.013247980287096 -0.0699672927388833 -0.319871716853497 0.277861458878142
-0.0180660122476354 -0.0604677567721339 -0.00717882583035589 0.100382073434461
0.00510467199315924 0.0500605559529414 0.0139789976903033 0.130343835831331
0.0457130687464844 0.0272511514456971 -0.087607252219837 -0.135951246474759
0.0645205871719542 -0.0260180139910977 -0.0434974929498397 -0.283202527193853
0.0194667846451262 -0.025343799053356 0.318627685620622 -0.195718403679913
-0.0562147858501703 0.00352288509990877 0.699750257395299 0.167036957397042
-0.0742294016451303 0.0169517900816267 0.533467004395454 0.630053269758962
-0.0237635758489332 -0.0289180564741579 -0.0228476057333362 0.714220996761853
0.0154861144433422 -0.0519789862899648 -0.176455041509027 0.36759435094599
0.0476051230955995 -0.0310803377367799 0.108624757156711 -0.0784022739777673
0.0110591218756086 -0.0336105650761559 0.285970754849331 -0.501386071952445
-0.0283241638365435 -0.00151054513046889 -0.06326617108175 -0.798710325799996
-0.0152127771273596 -0.00686344428658236 -0.57636104611587 -0.422666723873078
0.00166553143678188 -0.0501432994814488 -0.617825853067956 0.172897904270635
0.00281412259441548 -0.0313002962046732 -0.308517383928569 0.293890186215972
-0.00500654684475758 0.00655106708839943 0.00574685438117852 0.109304173077581
0.0443461281196974 0.125135915775201 0.00679234873508487 0.110023260986184
0.0853223003681934 0.0898138487867799 -0.0641280596500288 -0.149029674728937
0.0794983108571598 0.0172547151274855 0.029360600465452 -0.299554063532771
-0.0388077906336969 -0.0175570960342145 0.384248016853057 -0.161720862275295
-0.148633368753808 -0.0323037993034876 0.690484425281501 0.262469330348951
-0.134870829495696 -0.0737005154753272 0.444746235489507 0.694742735404149
0.00221402056944317 -0.150580100492703 -0.0953433996411966 0.680010917467571
0.0900499586222627 -0.155561121996509 -0.144216668780117 0.32036088368921
0.12539530399646 -0.130686409828376 0.137740674255323 -0.130206872556363
0.0254891913175234 -0.137261224291252 0.206829654130468 -0.550855292161899
-0.0952807690392458 -0.0964292377314683 -0.209391077779698 -0.736985500215321
-0.11105563310248 -0.0655861494630088 -0.644478468940902 -0.292892961659546
-0.0464660138547953 -0.0566909237373126 -0.586679468374967 0.242260328466602
-0.000835408822497009 0.0180809290780646 -0.249209858784134 0.299594081673084
0.010893769370366 0.0752028816701034 0.0308301989662168 0.0958417799645314
0.0678412118571171 0.179782267762097 -0.00281835830115589 0.0771532081249899
0.0969845467963046 0.130762934145349 -0.0224293489759487 -0.168654154813474
0.0556171783891172 0.0430263674060991 0.143683604481494 -0.304476331269754
-0.116849846128947 -0.0252959407905421 0.46987541505656 -0.0888314206390933
-0.218994398999934 -0.0886952106860143 0.641886738256261 0.402696787715833
-0.146809495542292 -0.173537413622671 0.293770420338826 0.755988155795214
0.0578215558974192 -0.24483536646773 -0.173271520862604 0.596907969632993
0.148503288685635 -0.232729922934998 -0.0829917696934038 0.233120564290175
0.146077715789317 -0.218127788971543 0.169832842629064 -0.22162976174908
-0.0174401595551044 -0.212424069505331 0.0800424469091205 -0.607116712426662
-0.182329308350759 -0.147104225191107 -0.393361195556951 -0.623309525513352
-0.181863865197443 -0.0843792378205758 -0.685139458169054 -0.119611043383764
-0.062503185615125 -0.0376465529453276 -0.502816081235785 0.308578630053337
0.0113783541136622 0.0723835325625013 -0.153757175956608 0.286371774460781
0.0297454165021041 0.135576690784099 0.0586343436731074 0.0614814589019345
0.0717282437835 0.208048419531872 -0.00534530726182726 0.036784355051342
0.0805749164998346 0.143878774790775 0.0405092781325931 -0.194830786024765
0.000108226012586244 0.0463724492199658 0.284023741561182 -0.288776441906535
-0.191278818424524 -0.0570583243797348 0.541543487447692 0.0301046326061882
-0.242610632520629 -0.158402024339306 0.529586509179837 0.567480326973536
-0.101984028389677 -0.256836597394431 0.107288428010207 0.785220936370899
0.13153741673445 -0.291597220427649 -0.226569060273554 0.47806524597281
0.181740313512176 -0.275674112515921 -0.00298299852886918 0.118589768599086
0.117505539507288 -0.273255052168218 0.176121374868278 -0.338418452121001
-0.0877899648842304 -0.240463788178231 -0.0848065511983462 -0.642405787363725
-0.246751505185498 -0.146469658914692 -0.557477769104978 -0.474132304455189
-0.198370683910755 -0.0676618929834571 -0.667605076605996 0.0429742664201207
-0.0399467597926908 -0.000601716399754353 -0.369508452831413 0.337997776355604
0.0335280999504655 0.121874160774695 -0.0465722854241462 0.251593197178718
0.0461710872406815 0.176950180120171 0.0792155725082546 0.0142749629086637
-0.101703713021212 -0.180205757845438 -0.017458302746158 0.0678556944843789
-0.0855558863130256 -0.151632293899865 -0.0226818568799214 -0.170123975457184
0.0244097600432135 -0.0855294614037595 0.191327039244665 -0.296280724457068
0.236159252871596 0.0462509791166536 0.517785748123637 -0.159417347503164
0.258829656638551 0.162226518649129 0.659014756096611 0.296994285799192
0.104350469204247 0.274665503945382 0.307474689777265 0.609338907018808
-0.101336461600095 0.32268872515573 -0.0653260234041216 0.482498551441958
-0.217938647229869 0.284254615036128 0.0138231836373955 0.129223800831015
-0.193773340087274 0.315705267711548 0.268058231405224 -0.317577954047809
-0.00856255352892478 0.31119595267006 0.167998659245922 -0.701266166441759
0.207582082490348 0.249266387818314 -0.330548987924904 -0.723219659683269
0.255439455250334 0.116445199967243 -0.590011746271091 -0.189697477840929
0.0779692410740833 -0.0350576939881916 -0.393683383568351 0.241528725491932
-0.0359142315308022 -0.150595736716347 -0.148560764555122 0.215345734234557
-0.0661456346665057 -0.177091190446672 0.0152648214835958 -0.0232697788463219
-0.0989716652383687 -0.15841393099603 -0.00586888035740739 0.103890096391635
-0.0861520843093677 -0.146747661671067 -0.0729212368000255 -0.142987125285172
-0.0112750689990562 -0.111022523617597 0.0618069337359054 -0.271525166838191
0.16838916855394 -0.00153314473071284 0.422716099931958 -0.197682709435714
0.217959757607701 0.109951193781066 0.69952716690618 0.185647536723787
0.122083364606888 0.227906657560969 0.440428578288813 0.58738571888504
-0.0552421820544464 0.291354082492676 -0.0191369410867024 0.582071905570059
-0.190395167989594 0.243356583244741 -0.0679796593085162 0.237670236620033
-0.20968842585931 0.255645236744024 0.219975223788627 -0.195728947360806
-0.0776880907231191 0.271495667437095 0.285959600413382 -0.609361042474716
0.130269046596715 0.260028840315589 -0.152438985781794 -0.807110382984993
0.233593795569792 0.146492150220469 -0.563382808095566 -0.342345574890075
0.112145588973802 -0.0163504551248742 -0.490914431282738 0.187383063296009
-0.000953249444953477 -0.132165634023543 -0.229901412351997 0.240023416967012
-0.0486686209567354 -0.159922994153634 0.00177240166082166 0.0256565615873332
-0.0750368923227591 -0.10861936692519 0.00563707106835265 0.127760991539003
-0.0554144931010703 -0.108984083319193 -0.0931982258678662 -0.130912864986617
-0.0095484626938164 -0.106162429122861 -0.02612122313416 -0.261788533827686
0.10500522210298 -0.0303885787926254 0.342182211637083 -0.207781533285204
0.136484417168011 0.0650781185994846 0.706207969025565 0.129379010221328
0.0831619014355456 0.165053708695904 0.527589379685575 0.576208579240933
-0.0325548612056343 0.21084031175006 0.0148109770506129 0.659162207492134
-0.136077321156332 0.164551288530904 -0.134764399377672 0.322015044629749
-0.160632317918809 0.168182290891462 0.156137485970912 -0.111604229717523
-0.0891761452048446 0.185178698255031 0.330872293378376 -0.528509290589868
0.0591714577147019 0.207421235235816 -0.0302245581944228 -0.833218975515125
0.169005711442601 0.128579012915879 -0.531731442981558 -0.445960117350023
0.103866056887663 -0.0144662449182751 -0.562459978476375 0.144265020454353
0.0169745230308959 -0.103379630321896 -0.291867881858695 0.262279963217087
-0.0314707069097897 -0.118738575539696 -0.00789987212650075 0.0702556473515242
-0.0384352223833552 -0.0327592539461729 0.0159542764125848 0.137078283014091
-0.00659439788434488 -0.0455561910637301 -0.0971070327970541 -0.130053701516419
0.0243707873787191 -0.0737112366992034 -0.0621148372766764 -0.267962584687793
0.0619757720788585 -0.0352932141183388 0.303686956615565 -0.20945707726117
0.0408823892391563 0.0319916272998974 0.705570008925564 0.119944810360433
0.00829354006387116 0.0957130629601597 0.566138347036445 0.58909830158362
-0.0282209684909236 0.0980814763026233 0.0194062059147172 0.709804864185683
-0.0637507945437647 0.0603593167088579 -0.172825110362024 0.369008851316289
-0.0614324914630069 0.0697073053635594 0.113125509349798 -0.0734359338265697
-0.0445830843119764 0.0781020340745427 0.32735042435418 -0.490974442119878
0.0138194727538287 0.110709185739061 -0.000905814029289974 -0.829582947990354
0.0823400465952958 0.0690277990488537 -0.536053575265177 -0.478279692300966
0.0604509629894389 -0.0296047498136073 -0.606055563927334 0.137049544104454
0.0133984198862349 -0.0699317321774491 -0.32147168147314 0.281019377375632
-0.0177415349534672 -0.0605035706596089 -0.00773570410070694 0.100786256823521
0.005513531608595 0.0500469339347554 0.0137718851423939 0.130242624602481
0.0461190528071146 0.0261514063319942 -0.0869519978827067 -0.136613140351843
0.0642009323289901 -0.0265768839736368 -0.043626169231363 -0.286526728009529
0.0203051956129882 -0.0260297667432662 0.320638360780504 -0.198258015990536
-0.0571951768271196 0.00362276274708439 0.705981153617298 0.168188893908442
-0.0748974575590638 0.0169702257122911 0.537613857996167 0.633090120601028
-0.0243913334002319 -0.0298036817340733 -0.0228057994735975 0.718682869519994
0.0155756192967977 -0.0527263426142584 -0.17638744359032 0.369801143548273
0.0494216295167274 -0.0311356939808078 0.109836671697878 -0.0794968484177075
0.0105334296473969 -0.0341109597766833 0.286792760672302 -0.505119009675647
-0.0288039038422168 -0.00166689037710418 -0.0647195144910263 -0.803285523982204
-0.0154156185852697 -0.0066808155147806 -0.580431407180944 -0.425634237956902
0.00196091265259039 -0.0505321343223711 -0.621772836718959 0.174425248234625
0.00306110570868129 -0.0303899734650524 -0.310517651464913 0.297220859090886
-0.00462555532258764 0.00712198282269947 0.00548518779559101 0.110549353762169
0.0446829746041823 0.125200513945328 0.00662122317651677 0.109785532412697
0.0846588352422074 0.0903966050172123 -0.0639858407045855 -0.14966045075048
0.0800410787342843 0.0177700957014291 0.0300041619374006 -0.302352292488276
-0.0385644275628131 -0.0172497672160386 0.386765416668123 -0.163291963526946
-0.149921755868739 -0.0325184484505772 0.694197194044686 0.262942130079161
-0.135752675418623 -0.0743906033589565 0.448526167361776 0.699319630593361
0.00249598293492666 -0.152970778509962 -0.0963451848398992 0.685187978461031
0.090873254191413 -0.156228367299787 -0.145062571880613 0.321479205737614
0.1263298854665 -0.131709151058899 0.138485415358896 -0.131015808639048
0.0260329997194144 -0.138324731892406 0.209363562462853 -0.555988361943692
-0.0959877378436922 -0.0972603112109821 -0.212351734917428 -0.741029929604732
-0.11193897764515 -0.065769210477197 -0.649134531109856 -0.294561601379676
-0.0470043649277705 -0.0568973114929721 -0.590695996750552 0.24497527344606
-0.00113577295792391 0.018843305860767 -0.250969249711667 0.301620421698424
0.01088680310115 0.0766353772145411 0.0312111392391413 0.096208162404679
0.0688394474004856 0.180973838373471 -0.00242496558519071 0.0777607774579999
0.097199409591357 0.130472021926691 -0.0227310088453855 -0.170096311213249
0.0553175561333348 0.043378659796837 0.145606382286981 -0.306741853090934
-0.117209398051652 -0.026001820969365 0.473329710323794 -0.0893927540726167
-0.22164633885848 -0.0889645525447214 0.646895941840368 0.406245776252939
-0.14813559474276 -0.174483379149419 0.298094986328172 0.760138380630612
0.0583726538330225 -0.247405251361172 -0.174607844370548 0.601170234194364
0.147980229395945 -0.235548172981161 -0.0826609754939442 0.234742519561125
0.146749373121402 -0.219759260803743 0.17065101264258 -0.222158273291015
-0.0172797013369072 -0.21450291972638 0.0798064883143645 -0.611501242070564
-0.182577960189709 -0.146586496340103 -0.395553532802378 -0.626745592407004
-0.182462447838249 -0.0841349288574941 -0.691712530981136 -0.118078292152061
-0.0625449675243151 -0.0380895133360649 -0.504710377992391 0.311787127830556
0.0109780461033642 0.0737724562457704 -0.15460874188507 0.288127967475578
0.0298327550436477 0.136719489222657 0.0588996668288393 0.061874081213451
0.0727662037473205 0.208861869540025 -0.00626233667841314 0.0360072093073224
0.079455384550119 0.144379127001998 0.0413387955954908 -0.195908152454915
0.000297492991025557 0.0459640726033469 0.285170515479327 -0.2922739971175
-0.191777825661056 -0.0578775997862896 0.544204081585447 0.0301620470990955
-0.244193812053649 -0.158969599177071 0.53521886549485 0.570957192172839
-0.103212594907885 -0.259382630643236 0.109037927140872 0.790146340966881
0.132577985239941 -0.293747777948081 -0.228599896091636 0.479337814917665
0.183100462351918 -0.277689780923281 -0.00257184418831031 0.119480252411116
0.118666628452795 -0.275433925025228 0.17655100481887 -0.340966234073298
-0.088567491715025 -0.241454560796786 -0.0860080432509972 -0.645136880301719
-0.248527382850442 -0.146412274707327 -0.561381730891479 -0.478718611350124
-0.198856643028739 -0.0676675255540097 -0.673767194471159 0.0428926099890857
-0.0410954653717077 -0.00102777514828186 -0.372386148482191 0.342919983419441
0.0342806045119237 0.123828350386016 -0.0462862015834555 0.253298898627101
0.0475728043085927 0.178215749412016 0.078863500715636 0.0144547235166572
-0.102641990241166 -0.181746823370512 -0.0167796036861167 0.0679887178463102
-0.0859309811000611 -0.152708992814741 -0.0228743513248468 -0.17215289133324
0.0241374919769009 -0.0872163174722227 0.192392020712009 -0.299737573579608
0.238788560457424 0.0450872906570929 0.522917608022313 -0.164247076381381
0.261082712163361 0.162874463869725 0.665612643611227 0.294803298353939
0.105003179563904 0.276978456440686 0.309262430470679 0.613996658798099
-0.101709920590316 0.325563503322019 -0.0644337045139053 0.486388523218861
-0.219097788136334 0.287161885479918 0.015041090336161 0.129533316957259
-0.194313711278444 0.317844305449143 0.269289271861405 -0.320736094706827
-0.00735146791698389 0.313711713248402 0.168627547466428 -0.705416055872129
0.210725369330298 0.249920959681018 -0.336390990207274 -0.728085446599465
0.257553458008237 0.116469335389164 -0.595385053732475 -0.189853788688423
0.0795767305074144 -0.0367415239523419 -0.396694413582909 0.24406924476658
-0.0352236782397773 -0.152193453321 -0.149894968425733 0.218290860652926
-0.0668596059236054 -0.177925968803418 0.0154502121003518 -0.0234737508387356
-0.0995068193124846 -0.159180920170855 -0.00561095450695475 0.10402665441196
-0.0865843392390482 -0.14719032260956 -0.0734816441633635 -0.143969764383623
-0.0123360682967742 -0.112553106696354 0.0633818941243581 -0.27442085419872
0.170487004487015 -0.00358450961376056 0.426400845110833 -0.200635823983795
0.2201494084311 0.110502589008725 0.706078732976381 0.185971934248032
0.122510304836194 0.230000317877368 0.44600953906541 0.590229942080662
-0.0554947171981584 0.292762747532539 -0.0178755841851853 0.585563076800654
-0.191669174845055 0.245458331209541 -0.0683021874930438 0.239795115502769
-0.209560731376973 0.257798320536893 0.221456255000594 -0.19776547311915
-0.0783542865118263 0.273158862298746 0.286282292626959 -0.613919370899891
0.13117141742998 0.261312256919588 -0.154439635550474 -0.811434622542007
0.235712809599657 0.146007762278214 -0.568232464301452 -0.343276156886407
0.113854297969242 -0.0175134145380993 -0.495260969903496 0.191665258860515
-0.000614684426369948 -0.132373671296159 -0.231318471786393 0.242659305801443
-0.0481992104154574 -0.160492280485658 0.00148974233188768 0.0260094331125437
-0.0747940444508883 -0.109277144138547 0.0053729433512133 0.127840342214301
-0.0556755760551792 -0.109578640819753 -0.0935883915536669 -0.131681334909345
-0.00913164711060634 -0.107241850707562 -0.0271540834552804 -0.263967738676045
0.107718650612314 -0.0323483088432332 0.342786892841752 -0.210000061360646
0.138545206844554 0.0656128539703375 0.711949287529848 0.125062870278055
0.0842559763282845 0.166024106205287 0.534006886409576 0.576929865164695
-0.0319630991151526 0.211425661701802 0.0167199428414968 0.66387746723593
-0.136691940459627 0.165551732702088 -0.134966078654656 0.324676021084091
-0.161494645812836 0.168641110601022 0.156218986899946 -0.112694412368683
-0.089748957692588 0.186136002815707 0.332960432276806 -0.533673298891371
0.0599108284770016 0.209651049478594 -0.0323094405303544 -0.838163445706938
0.170013870421584 0.129372629137956 -0.536059117593834 -0.446796120330577
0.105818431706432 -0.0146393140612256 -0.565974401340039 0.148661684656957
0.0165863868568972 -0.104145542427518 -0.294647148442704 0.264500222640878
-0.0307222350776282 -0.119074036952361 -0.00859107244059208 0.0704381633269268
-0.0386002981911027 -0.0323700143228181 0.015861947019692 0.136981005242566
-0.0074277277557017 -0.0463359246634805 -0.0978086720901574 -0.130550552670706
0.0248550734749826 -0.0748142751697412 -0.0628405777810114 -0.270338780646281
0.0626315637892663 -0.0370704392597626 0.305904350811449 -0.212095052841619
0.0411486807586445 0.0320043732684416 0.711711281307393 0.120200173535988
0.00786219656393915 0.0953254395861684 0.572204840695801 0.592338181753275
-0.0283011319507935 0.0982688870014561 0.0212599134943813 0.713925557226295
-0.0643386362304643 0.060566987112324 -0.172344002776382 0.37190400660918
-0.0614356861976743 0.0699638137020464 0.113310836025487 -0.0737690452154408
-0.044901000260035 0.0782585840245596 0.327686132182838 -0.495877551329475
0.0139298409229219 0.110986129068839 -0.00139484996931527 -0.835757618005096
0.0832446355884711 0.0695289982602371 -0.540798101966718 -0.479596633301278
0.0611904731997462 -0.0301323713572872 -0.611769054017186 0.140095806145145
0.0138030754170243 -0.0700544839341056 -0.324810436067208 0.284012172695487
-0.0171411915257332 -0.0599034853725477 -0.00728974944895344 0.101607715759421
0.00571081609018556 0.0502233501874279 0.014067402581584 0.130695326550247
0.045872823686036 0.0266302636210532 -0.0879817926691301 -0.137636595918284
0.064614706357775 -0.0272124487401557 -0.0436918802178483 -0.28825224125164
0.0213359866508036 -0.0265027890940713 0.322522834998396 -0.200327230533635
-0.0581419724194354 0.00456715450820403 0.711613389324972 0.164232636101989
-0.0759382220563201 0.0174672806712711 0.542513676466794 0.637571529147236
-0.0234074397326693 -0.0308694643825365 -0.0210081364753217 0.725013376186353
0.0155097043664546 -0.0536899492762477 -0.177106548800981 0.372187954605717
0.0495222869329607 -0.032264034176074 0.109758170823357 -0.0792772800269102
0.0118158070531385 -0.0340825953231117 0.288640398814494 -0.507521468819594
-0.0283602740380513 -0.00170562701361957 -0.0675561265325977 -0.808700617149039
-0.0147130310983494 -0.00746826783660629 -0.587050866618828 -0.427966805030123
0.00206837256096352 -0.0508878970407872 -0.624673261623116 0.17834540000111
0.00288632079499771 -0.0303012184848317 -0.313077381065466 0.299610130674469
-0.00378425508745255 0.00799090904448939 0.00599395551606649 0.110732752806137
0.0460772224245316 0.126194753800752 0.0065993642521614 0.109891119471372
0.08509804291145 0.0909648874736129 -0.0642729708732666 -0.151183233088803
0.0803123780737037 0.0170946841140096 0.0290623374911712 -0.305237842656169
-0.0386212121357527 -0.0173441369587044 0.389595729208221 -0.165521184754671
-0.151681686007655 -0.0321654759478506 0.703983908414036 0.261769644192468
-0.13724042251751 -0.0752103558250604 0.454253763661073 0.702633954938462
0.00246860247571105 -0.155294311580985 -0.0950061926783308 0.69013837978653
0.0905120486243903 -0.158320413318969 -0.145689629571189 0.32532808625475
0.127212022491883 -0.133125364769806 0.139206896306851 -0.132099813253414
0.0264746794344714 -0.139393627819586 0.208974774856903 -0.559638665857982
-0.0967474972334791 -0.0972204997740523 -0.214984987650133 -0.745994412685796
-0.112058389859219 -0.0660095143249536 -0.655388804598035 -0.295481072234029
-0.0468478289239131 -0.0566752655047125 -0.59392842562677 0.248717778891135
-0.00150561293465244 0.0200646115455121 -0.252007918752938 0.304855080433651
0.0116319210513866 0.0773186711719945 0.0311684535738136 0.0964375389345159
0.0704136682457232 0.18127275702634 -0.00259854103430116 0.0779860951330728
0.0966648918745732 0.130568804169085 -0.0229744922444383 -0.171686073401459
0.0561111395828189 0.0436993220577176 0.146832798800698 -0.310618552898681
-0.117611457752814 -0.0267254425771879 0.478183541533161 -0.091671650729977
-0.223887691337753 -0.0893702619277531 0.654293322752013 0.406198930025352
-0.149946053041675 -0.175856043564422 0.303023654094227 0.76362893752227
0.0594072111298304 -0.250238037726984 -0.175616273090198 0.604800622691161
0.149828446246879 -0.237835257908722 -0.0831572651172618 0.235418530472011
0.148391269181326 -0.222085973948546 0.171196067939773 -0.225911099278919
-0.0175841276844864 -0.215998674894549 0.0801032538981063 -0.61607656216266
-0.184799609696074 -0.147673322209794 -0.399801809302157 -0.631927486190513
-0.183998541314854 -0.0849957355300374 -0.698195026301704 -0.116483552188256
-0.0637909280395583 -0.0377821560028092 -0.507517561757933 0.317038869853264
0.0114872056540823 0.0749599995536402 -0.15544344633996 0.290672343950914
0.0310011756453661 0.138037280530706 0.0592986115501171 0.0615909422202509
0.0737814611236518 0.209997710545673 -0.00688114906284291 0.0362305205196698
0.078741542463696 0.145187005588719 0.0415277684108873 -0.19722257996815
-0.000553961469029762 0.046583772767154 0.288162547176167 -0.295411939376081
-0.193703477738059 -0.0578781178573293 0.549364596253937 0.0288960497182901
-0.247489387434076 -0.159587280945913 0.541665132378625 0.573763994997671
-0.103812380835564 -0.261839327639273 0.110066270290154 0.7937934743351
0.133726734272975 -0.297247397863364 -0.229663172883126 0.482712449721065
0.182405061427151 -0.280843032808294 -0.00313419805518778 0.119486742807063
0.119532741450406 -0.277354476138025 0.177623451420821 -0.34404476850901
-0.0885858225779921 -0.243679823492989 -0.0880309460124625 -0.650702982217138
-0.250590547933644 -0.14689377332163 -0.566452748321338 -0.480979704422772
-0.200313072236693 -0.067052553696069 -0.679039469630038 0.0466037245250813
-0.0413205616996613 0.000190028487406423 -0.37391503060272 0.347364231814195
0.0342031139054438 0.125471624830095 -0.0464997118261097 0.256820704965588
0.0485562020186801 0.179982345815755 0.0793282601010982 0.0142765652433875
-0.103222132583925 -0.182537165790782 -0.0164627583336966 0.068565632385175
-0.0872242689665477 -0.153478862248757 -0.0229007622520171 -0.174139507349237
0.0245849246036363 -0.088228818577006 0.192900450581506 -0.303949388424037
0.241242701762689 0.0430880849591203 0.526645831748031 -0.168105112777874
0.26416078985296 0.1635685069446 0.672902070388833 0.294814658161227
0.107488076422118 0.279856423585025 0.3163359124128 0.615610348639195
-0.10255519335554 0.328772182038083 -0.0632266937111888 0.49011498415021
-0.219411353690641 0.290254446786891 0.0167170687884897 0.129722069452179
-0.194542834276044 0.321199172294865 0.269749120371409 -0.323988827304736
-0.00701409863202609 0.316085646821731 0.16831121239799 -0.712071514109954
0.213145955476511 0.251857462760264 -0.34281822687287 -0.731759724759608
0.260091081303541 0.115977615628066 -0.602191010006598 -0.188730394433932
0.0814556518598698 -0.0375854393644944 -0.400881048254274 0.247487860616352
-0.0357211809564629 -0.153420976085033 -0.150349639495545 0.221163965122517
-0.0666913345479982 -0.178678462267891 0.016512718125704 -0.0234165329043881
-0.100347913259454 -0.160454825332419 -0.00542683333313874 0.104720956863094
-0.0873600592135317 -0.148439868366003 -0.0749311104554155 -0.145206769302673
-0.011964977141075 -0.113079522085972 0.0624933133372404 -0.277613890441635
0.171748455016867 -0.00505893298337096 0.430242964827902 -0.20486707481234
0.222080195417224 0.111000206843025 0.714543729998217 0.183352247706724
0.124977380610307 0.231440695150366 0.452154263150671 0.592388883602552
-0.0549966664974198 0.294543426353015 -0.0158250052465247 0.591791382124749
-0.192339628404271 0.24856835206117 -0.0672161796889624 0.242091972696029
-0.21102077899147 0.26026668500178 0.221887858581634 -0.199451425624817
-0.0780395647525347 0.276103872625354 0.288628526158893 -0.620258558734164
0.13344807390858 0.263767892045242 -0.160349482687894 -0.818974744842466
0.238961965136023 0.146415605098827 -0.574851785648787 -0.344345135141199
0.115155291880313 -0.018494713491853 -0.499194556704757 0.193508790779349
-0.0004695774600694 -0.13297328894627 -0.233312878270403 0.244525299034885
-0.0483693363788705 -0.161322936339957 0.00125743171872611 0.0266280727520357
-0.0762558943721194 -0.109753490806406 0.0062680602452841 0.128479860080179
-0.0564177942608857 -0.110394719206335 -0.0944346382600362 -0.133072684805498
-0.00951834244040118 -0.108280831493348 -0.0278254588246088 -0.266894601936777
0.107993443604805 -0.0342261018690554 0.34627335291476 -0.213594029513137
0.139957317387202 0.0653935484297223 0.719604439763919 0.123225593223313
0.0854035472243431 0.166840286119136 0.542011734213011 0.580040515804623
-0.0316429501377399 0.212790889416911 0.0199729022980349 0.668486678616645
-0.137748783531127 0.167743364546418 -0.1343559174669 0.327023458095707
-0.161127104263329 0.170342214908343 0.157040728177991 -0.113360291948996
-0.0896667672710257 0.187959235972196 0.333747356704095 -0.538160055621207
0.06122387333296 0.21085828448131 -0.0346753044804106 -0.844680872757207
0.172444225147144 0.128707761955583 -0.542748113368382 -0.450331958547741
0.107674837689776 -0.0151903868326319 -0.570744750847548 0.150957193740136
0.0170629085013118 -0.10452140375193 -0.296061591663755 0.267450430114834
-0.0309647147325927 -0.119158474861329 -0.0079993716464747 0.071848622873561
-0.0391814729177034 -0.0331748375742397 0.0158964962063789 0.136860646321002
-0.00731483333199123 -0.0461109186787334 -0.0990252934227144 -0.131383343785609
0.0249945449264774 -0.0755141404141653 -0.0638451148238686 -0.273684926847292
0.0641231720207236 -0.0380424502059755 0.308193739729927 -0.215886203609962
0.0416098740491257 0.0328775207374306 0.71887565221076 0.117342518606355
0.00879160288846181 0.096425247956919 0.578096361343675 0.593593478210788
-0.0279338084649303 0.0983090782057105 0.0255814983219375 0.719983682583528
-0.0655513376349779 0.0609904422503257 -0.172655387466596 0.375482259552499
-0.0612708899028676 0.0706488027359464 0.113362197651069 -0.0746436306931231
-0.0446476608614794 0.0793880267460225 0.330095798728628 -0.499317488924297
0.0150463165217068 0.112021358387252 -0.00319151802654559 -0.843644708452711
0.0841158891916299 0.069457451750515 -0.54812922958078 -0.481470116901219
0.0622488432505381 -0.0306369015780255 -0.61558336604775 0.143861124361162
0.0139991730153506 -0.07047364192782 -0.326302295887954 0.28726778363312
-0.0170159199514492 -0.0603876985627376 -0.00697979364344399 0.102688879869347
0.00656332487231947 0.0506499089125671 0.0144463392732216 0.131442546740338
0.0456044385997833 0.0264241571244576 -0.089067545301934 -0.137896432291455
0.0651021725216271 -0.0274506879052551 -0.0448959028031743 -0.292071647552467
0.0216362079446444 -0.0274557016436018 0.326036363526934 -0.204338492790878
-0.0587517400190677 0.00489940598185918 0.720091794878861 0.163333928346815
-0.0760463217009159 0.017363580764653 0.550987589893517 0.641323092733854
-0.0242730262782261 -0.0318512020946739 -0.0182579885173593 0.730982777793272
0.0148990178116275 -0.0541788813628317 -0.175784441792058 0.375962012978158
0.0502745922497885 -0.0328706089448596 0.110054215288912 -0.0810866358823297
0.0114040911044917 -0.0352287591482358 0.289985564952392 -0.512653387276498
-0.0287137568446746 -0.00147984547892876 -0.0728092528557266 -0.815739522746982
-0.0146840044542915 -0.00794401510367804 -0.594254823579008 -0.429385332880345
0.00194121770400444 -0.0513248784659134 -0.629522722133452 0.182906033943282
0.00265934641121013 -0.030416391136273 -0.313906107361214 0.304343133664402
-0.00366853416352993 0.00881950065547298 0.00655587023568169 0.111906222550297
0.0472082968903942 0.126338477168451 0.00662868845895572 0.110440452458004
0.0849284574798195 0.0908661891977404 -0.0646064427639513 -0.151413546615218
0.0813554747859717 0.0168882972025076 0.0293068114145812 -0.308185896804056
-0.038220841905104 -0.0179241281395128 0.393407548574013 -0.168476215276009
-0.153299116323608 -0.0315749102154495 0.711051050143491 0.260998397712584
-0.138815390353316 -0.0756878602612144 0.46076997800116 0.707296728491029
0.00196126475874221 -0.157149989809241 -0.0940443075211441 0.694541897088591
0.0905494164794436 -0.160216468670453 -0.144366409586882 0.32742457397775
0.128914280670482 -0.135298535864393 0.139884894756172 -0.134084134891095
0.0255354624197966 -0.14120195718082 0.2101424901237 -0.564382838457396
-0.0981766436510668 -0.0976660605303916 -0.219714334956387 -0.752948009085341
-0.112671112705241 -0.066310432856298 -0.663758771934187 -0.29564880798262
-0.0476956504635337 -0.0573125463731522 -0.598427821528871 0.25558288553318
-0.00136356900831252 0.020086999899443 -0.252635476380434 0.308727930649591
0.0126088649197541 0.0787715596033229 0.0319548297516555 0.0975657814649867
0.0710485854643666 0.181920903659165 -0.00321393541658774 0.0776782649780013
0.0971019026380831 0.1316091785402 -0.0231414415460153 -0.172251859068099
0.0558909395801622 0.0440758858844494 0.14768475334969 -0.315002571023291
-0.119115943456864 -0.0265684674575246 0.481328478962815 -0.0934611894715086
-0.226682365131476 -0.0887905340377598 0.662216026307795 0.40701823733897
-0.152586900177517 -0.177483631428541 0.308127920000247 0.769679711661691
0.0594565197570217 -0.254215236455436 -0.174643106042452 0.610480860468287
0.149360270488753 -0.241291520137939 -0.0821452732378362 0.238519035247563
0.148835441343837 -0.224976898497926 0.17168040344377 -0.22821737643984
-0.0179880417450924 -0.217621116722634 0.0790952460303134 -0.621420583867431
-0.186568326444374 -0.147585587260983 -0.406887304925229 -0.635852340449713
-0.185641573220793 -0.0843021431754982 -0.707134118852821 -0.115226663570359
-0.0636406183319787 -0.0375353126748372 -0.511628493403102 0.323815654356346
0.011640587536792 0.0758794790217004 -0.155313365753623 0.294491649952
0.0322539565878188 0.139269201592516 0.0594131422197987 0.0618814200667595
0.0748262524680319 0.210919936745444 -0.00684108770170165 0.036442618945585
0.0788515301531414 0.145854930807159 0.041739473842634 -0.199105252440737
-0.000469407382005915 0.0476608592965076 0.290439215247827 -0.300857373237609
-0.194417483793211 -0.0575823790599976 0.554956472089179 0.0276871367747111
-0.250846645971166 -0.159544605314488 0.551877170166226 0.577073674836553
-0.105677436685983 -0.264204407010835 0.115505557577208 0.798788957711481
0.133357588442937 -0.301220750374258 -0.230028850767659 0.488075895625428
0.182527724878903 -0.283779766624662 -0.00175748750143315 0.120822795964181
0.120045517342579 -0.280805271404245 0.17789944940405 -0.348154203118538
-0.0900836635856804 -0.245234511336501 -0.0904502593561556 -0.655044345077846
-0.253178103251992 -0.146380455991363 -0.573277632751741 -0.483237006048806
-0.202789349246803 -0.0672315981554712 -0.686262661469371 0.0499397429178442
-0.0423037625284402 0.000738027221986952 -0.375194174202003 0.353482727338182
0.0347834706480974 0.127030974944448 -0.0456527583553131 0.25864630284475
0.050404290564105 0.181434112793853 0.0804536500521089 0.0150607684376083
-0.117785411443722 -0.168997992209612 9.60466376393619E-05 0.0625004880930867
-0.102062100626441 -0.144333357117849 -0.0212023017640306 -0.178211575992211
0.0130122865060055 -0.0947575104134734 0.183425488540374 -0.312947849367631
0.248353298295696 0.00921573540290817 0.509048190214747 -0.17848649560829
0.287302947482504 0.136576020092199 0.684066601008082 0.272525714467024
0.137883636784302 0.272969659091179 0.334931728637567 0.604388112427446
-0.07006885005316 0.34389052153884 -0.0427164024597094 0.474003473650052
-0.201184080951924 0.301738564612583 0.0187513157665947 0.128720929942945
-0.165398975176437 0.33563050515714 0.256359847148255 -0.347804563290607
0.0232540161015598 0.321676521694678 0.130609103801415 -0.751062170922224
0.241065075665966 0.231824813916203 -0.404455347163222 -0.734891579808987
0.277428210424088 0.0846791367695973 -0.644919710691337 -0.157992428978638
0.0775637906473949 -0.0523553502738807 -0.401592677610182 0.281065186191744
-0.0488592755007862 -0.158647312140149 -0.147647345165181 0.24723549119453
-0.0775529861845153 -0.179546630146462 0.0111727894435714 -0.0125209315104714
-0.112203236501195 -0.147052938018183 0.0109064372732378 0.0991936682477658
-0.102183413967328 -0.13836621332919 -0.0716384060487715 -0.147025461837321
-0.0260202728727118 -0.113808102535181 0.0573399018410595 -0.282652354419724
0.173664993331483 -0.0310453622787128 0.416945094359678 -0.21492093677052
0.240964745405465 0.0855267098405929 0.719756533492984 0.15528701609182
0.152683810056896 0.221947659660884 0.473596923550964 0.572594496322248
-0.0249182651541712 0.306135289473874 0.00985940309450696 0.575218138313939
-0.175756551084773 0.258549823711519 -0.0567098865674759 0.246547855146944
-0.187563762245167 0.276189263583166 0.215957703980619 -0.218081692072306
-0.0532645530109021 0.287444723198412 0.262081891470484 -0.662749473311576
0.16444282253939 0.252094069786488 -0.219596449993049 -0.835074752153274
0.260760829259189 0.117873373305348 -0.626292972773653 -0.322624119033424
0.113808767144691 -0.0370725080157177 -0.508695220675236 0.230724776414517
-0.0112665235171334 -0.142799415903389 -0.232994974242549 0.274500677352521
-0.0586213773671475 -0.163084250339303 -0.000928018508356682 0.0379942541289041
-0.0826027459037977 -0.10020204546815 0.0194562222748841 0.123668451665516
-0.068541135150041 -0.103201942875662 -0.0940170619085007 -0.132224968870403
-0.0241614065500302 -0.107982039722334 -0.0322412409889852 -0.266604645493327
0.106605426525268 -0.0520424476959389 0.336352108236498 -0.223855734781007
0.154588041288036 0.0472870119638012 0.727310497101117 0.0919558922989769
0.109638441688264 0.158280851294945 0.56413326779415 0.554035901020518
-0.0091165606341168 0.221411204657664 0.0550668562204172 0.656313269807124
-0.125998347804284 0.175641658779952 -0.117710149161776 0.336622445352029
-0.145723014244104 0.183867942436053 0.153994000682756 -0.125941066120145
-0.0730413398385805 0.20031942019294 0.314892524628572 -0.578917618697651
0.0883827584569566 0.206568883630591 -0.091674837897061 -0.871901232664045
0.195424717474504 0.108535261993626 -0.59715912083828 -0.434425383600714
0.107179878766357 -0.0344439492114269 -0.584893373447907 0.190574153223513
0.00819171211264083 -0.11523230874688 -0.296741502625196 0.299688558429187
-0.0388536732889524 -0.120774355223276 -0.00871290522257908 0.0812228063733023
-0.0389969236446115 -0.0289974320808584 0.0233558454349406 0.13387568766815
-0.0148270751260684 -0.0442818676982805 -0.101972605601062 -0.12723109609472
0.0139829142474291 -0.0781085835069759 -0.0718388740581882 -0.268422136353504
0.0614775341374508 -0.0505964162174121 0.298919893134562 -0.227170911990979
0.0546507404377847 0.022500823227571 0.727258713485393 0.0776762564663882
0.0286730589396789 0.0936713054890981 0.607893742759859 0.562968308914609
-0.0163839413800654 0.105908694185937 0.0679147401798672 0.713026813939224
-0.0597838287729342 0.0667100356274232 -0.150416940820681 0.388178129481785
-0.0542279557352551 0.0749795548979578 0.112202571836072 -0.0833534092934987
-0.036113853776056 0.0876056080076366 0.313254774679212 -0.537414881806385
0.0339146350883155 0.113751799941953 -0.0556703337837304 -0.869022141572542
0.10273689431803 0.0559982123907998 -0.600069063198738 -0.46580855553757
0.0610669476871799 -0.0461570050768377 -0.628482089247002 0.185790332165318
0.00738042264051725 -0.0815067941804156 -0.325287590718909 0.319301952848338
-0.0214147121854682 -0.0609540281455595 -0.00479232451562363 0.108614777046667
0.0137297765793403 0.0486264040947229 0.0152978641438743 0.130532133995922
0.0437942504671244 0.0228748140809591 -0.0963472263351565 -0.131527757856047
0.0582664168003834 -0.0355507926024458 -0.0579257538402469 -0.283882907336619
0.0213954547599162 -0.0360862881910986 0.317034178374161 -0.21880832088633
-0.0463305191327444 0.00331489973225028 0.735430543880604 0.116720560981484
-0.0611209090202906 0.0208776883218047 0.588257191857848 0.605507939848293
-0.0239954169499592 -0.0261538519463462 0.0307571710626646 0.733720999285581
0.0126461590818779 -0.0528735173404951 -0.151927801680918 0.389598024814211
0.0482193360501546 -0.0374210688380209 0.107319291781702 -0.0891857057639297
0.0110321145907265 -0.0311238720991403 0.271137453721755 -0.544607280414711
-0.0187279573918816 0.00285072749114301 -0.122082422778641 -0.835162976286022
-0.003827901928049 -0.0130958487265787 -0.640529290779242 -0.407010617641692
-0.00140292003090144 -0.0631367863123097 -0.640314480533576 0.228424167313183
-0.0019457078292599 -0.0382267867499253 -0.309444610544052 0.334185947013233
-0.00408947388344331 0.0090724600456752 0.011701842751167 0.114151805337945
0.0604233663662031 0.119815925977979 0.000798037424043449 0.112659523818923
0.0882270051658469 0.0815701597819767 -0.0775374924798107 -0.144426440242742
0.0783550253290888 0.00673601720967281 0.0104347425103597 -0.304153119327156
-0.0359185713922751 -0.0210297593879469 0.387427896391566 -0.19219581606837
-0.142472817310471 -0.0234890873245977 0.731464028276308 0.208065127548931
-0.128980110624763 -0.0646030094017496 0.504608045544976 0.674280357566321
-0.0107164239374909 -0.154688743051042 -0.041959146357069 0.710343707250821
0.081480805013634 -0.162138675143966 -0.120655559398883 0.338678854940031
0.116799183309402 -0.14565237278213 0.134795402192252 -0.144956617281119
0.0184119880172581 -0.138604547027805 0.186805478703756 -0.590253333519942
-0.0949896792842318 -0.0887882522695449 -0.267466923139339 -0.760183320626402
-0.108464690063112 -0.0654146247711219 -0.702151836037713 -0.26527129050852
-0.0527976517028861 -0.064955967510139 -0.600168585382329 0.300797549242388
-0.00324579052097167 0.0143765346419021 -0.244091969679823 0.334457627689912
0.0165801680065072 0.0808388800660592 0.0387701086781479 0.0932205735065457
0.0890401730968828 0.172246615870826 -0.0138578862088631 0.0814991460206674
0.104156334743961 0.120543619044128 -0.0392425367925896 -0.167086898319831
0.0569585991581775 0.0345373340418837 0.126137311381959 -0.319144171126835
-0.115419959441299 -0.0205659281325897 0.482383897484161 -0.128032602692984
-0.218117569063838 -0.0711935337061549 0.696387954361074 0.35346097527966
-0.148980381771526 -0.163167766407217 0.359877796385228 0.746857172621556
0.0364412883059415 -0.256955963536292 -0.127671561510614 0.639956889861511
0.134928202575759 -0.246826447934728 -0.0624239630031372 0.244651988492209
0.129844017271478 -0.235933516644589 0.162733816725656 -0.243648589132156
-0.0305779197108202 -0.212776845391297 0.0492030023293142 -0.641129206247895
-0.187683499988654 -0.134540482061113 -0.450741237091832 -0.631822995804495
-0.185064344172902 -0.07971180096858 -0.732191167035551 -0.0775418551261205
-0.0698951575791873 -0.0425860233025667 -0.505435589356582 0.365076610604534
0.0131233219449304 0.0726472369443552 -0.143213305029284 0.309400219679831
0.0402072691475159 0.142663255174271 0.0675837165856227 0.0525980511913597
0.0943683010085009 0.200127988681497 -0.0214854426447376 0.0403063631527682
0.0875780018539769 0.135152541151133 0.0232115415782651 -0.198102296082373
0.00188366408819892 0.0426645165272429 0.269178064695497 -0.318374254463357
-0.191235838991178 -0.0433102865238673 0.567678162042306 -0.0157526682499268
-0.24852634349065 -0.136803039267077 0.600378937943042 0.529289299643292
-0.111232858552868 -0.249293496411576 0.17316982889085 0.790257771801288
0.107164296391459 -0.312504748489952 -0.19281009428936 0.526609992857698
0.165191163716402 -0.292254202534573 0.0123530251908637 0.12198569362093
0.0957100333697142 -0.29031482932517 0.161152875205867 -0.366612269398088
-0.103858748965893 -0.235122910966014 -0.126394353297049 -0.667409951825544
-0.254765321457634 -0.130224015044983 -0.613307707779636 -0.464111068792223
-0.203622244292323 -0.0612887063674949 -0.700129006064261 0.0915409280921527
-0.0461022590570139 -0.00414649546750209 -0.364500377666904 0.38743705520143
0.0396834475961563 0.124614518790262 -0.0310084450011308 0.262876770277364
0.0619762454819368 0.185127092826094 0.0865980525963169 2.00312341790592E-05
-0.119377955652328 -0.169798352478506 0.000665277341515257 0.0621453269608735
-0.103589468123244 -0.144578930219962 -0.0225436723731227 -0.180702212912839
0.0122253619067008 -0.0957863641512243 0.183626129375766 -0.317378777985662
0.251080625196351 0.00643877090059672 0.513864946142912 -0.184228704160991
0.291050131066211 0.135517244629917 0.69235883033994 0.269416991902624
0.140304080182745 0.275171669436431 0.342486133691425 0.606590274438979
-0.0689249358820807 0.347792874798016 -0.0393238801628967 0.477294020417798
-0.20109167449406 0.306223350522265 0.0209850148707286 0.129416523465677
-0.164325523837834 0.339769543379811 0.256659507293685 -0.352950454930143
0.0243494549233171 0.324432349769694 0.126164301606757 -0.75717877656766
0.245307927206703 0.232842188952686 -0.412362055451127 -0.738946350195346
0.280507573401727 0.0828237783401403 -0.65355847808933 -0.155006751743832
0.0781903369879791 -0.0540221496858639 -0.40400708783405 0.285955117197123
-0.0496593483067318 -0.160003142588897 -0.148590564264906 0.250943445114699
-0.0786308939837294 -0.180738632586837 0.011685026541189 -0.0126425915936472
-0.113660650640549 -0.147756945401887 0.0117165455062006 0.0984520363602965
-0.104203425931224 -0.138503336180377 -0.0737755292550558 -0.148703107070906
-0.0267897383566808 -0.11578617258533 0.0557439236981677 -0.285622064437452
0.17489731850047 -0.0336548698941403 0.419128818932714 -0.220897870430592
0.244683136832604 0.0849757999606214 0.730895654545546 0.150142343267475
0.156033291629935 0.22344634347765 0.481194027529419 0.573784944162859
-0.0244747389367459 0.308329741562103 0.0157945850768028 0.580147753892874
-0.17631299928423 0.262836257898695 -0.0556204608955109 0.248904266949592
-0.186898393759606 0.280302425500117 0.215788302894131 -0.221477154241173
-0.0516796340906823 0.290619501956127 0.259295549048434 -0.671094204259309
0.167359129451781 0.253425884204637 -0.228614148789327 -0.842749496967011
0.264361355738165 0.117214784967494 -0.635074839318069 -0.322642864701205
0.115100221096894 -0.038703249894897 -0.512493847868326 0.236900869473041
-0.0112507587523727 -0.143861933746516 -0.234439619866749 0.279067811767996
-0.0594735145228362 -0.163720343788559 -0.000859323877693625 0.0384607157897756
-0.0836888099112818 -0.100348652056331 0.0202042758137259 0.123830734933728
-0.0697240846940662 -0.103595174606507 -0.0951684817455642 -0.132625907255538
-0.0243996522037737 -0.109090838341807 -0.0351086719243211 -0.269928353553517
0.107226585240122 -0.054468263449068 0.338899433712041 -0.229453737417396
0.156132228171749 0.0462825977901213 0.734771358259708 0.0841860786445957
0.111881056890947 0.159650759212177 0.576135743960027 0.554936496084248
-0.00800119411881451 0.222872054707546 0.0601607776247566 0.662182165387382
-0.126110697943405 0.178070734320022 -0.11569821360951 0.341046423283383
-0.145665404624199 0.185964941664591 0.154170891588258 -0.128181223772301
-0.0725341936672106 0.202490066562347 0.313682991741684 -0.585985199619549
0.0899305609205508 0.208580898032888 -0.0977289338346967 -0.878986236854544
0.197731703420979 0.107746994274528 -0.606471131554623 -0.433594509048529
0.108834593690681 -0.0359221021177515 -0.589571292152035 0.197354878136464
0.00805925782813595 -0.116674688408502 -0.298168597217137 0.305648383915262
-0.0394798814239433 -0.121497287020251 -0.00821258730226837 0.0820248905060793
-0.0393034346672315 -0.0286919672398165 0.0243789584289223 0.134563657503465
-0.0160177588596067 -0.0446716721816239 -0.103748996224346 -0.127806113092753
0.0128979580599688 -0.0791744343385728 -0.074363406209302 -0.271326257483778
0.0618291314095907 -0.0536161307998067 0.30159748576808 -0.231724687443981
0.055515431059669 0.0222441161313844 0.738702479961195 0.0707548555557437
0.0296456414099597 0.0938565237587164 0.617075064679583 0.56516793402443
-0.0157089141348544 0.106280055251391 0.076205570019119 0.719470499355337
-0.0602465997194356 0.067511872677329 -0.148916469171257 0.392717908520986
-0.053677596539453 0.075634595549026 0.112001333062897 -0.0845232326974637
-0.0361576236805023 0.0884844644032339 0.311523350956461 -0.543197879116269
0.0346762317031481 0.114516185591658 -0.0645376034530205 -0.876740668102334
0.104006962205418 0.0555082698159252 -0.608728649639781 -0.465989729175994
0.0616240539196974 -0.0482328295448923 -0.633111286693234 0.193150649968967
0.0065667673935633 -0.0809643438844136 -0.326527703037831 0.326340583023868
-0.0217071243407509 -0.0612495244554908 -0.00403587371165035 0.109707468807305
0.0145269619181416 0.0489339211010063 0.0159306011104746 0.13125062487554
0.0441678627860584 0.0228667530592743 -0.0969910897403948 -0.132594553000712
0.0579872013110623 -0.0353157729598863 -0.0606527467109133 -0.287285130385586
0.0217037183725676 -0.036907862598794 0.319042977400537 -0.224329291095361
-0.047353881802595 0.00415880339429957 0.743049920355659 0.110517657522856
-0.0609904801073514 0.0216155666632176 0.596933552203791 0.60694055961809
-0.0249047870401631 -0.0268896370782667 0.037641289297577 0.740706108950605
0.0126478398478774 -0.0540163964988236 -0.150126770687786 0.394313915493713
0.0485236760322192 -0.0375402883791036 0.107822033544217 -0.0910058995817791
0.0114152447328337 -0.0318707396868495 0.270263040519573 -0.55087533739101
-0.0182768796544699 0.00326609464856786 -0.127220364003354 -0.84241683372705
-0.00340329057097723 -0.0133272661558388 -0.650064655823482 -0.407401603601108
-0.00183872412855008 -0.0637654679481875 -0.642910410373871 0.2342644969834
-0.00275039923987472 -0.0382005004176197 -0.310604038685102 0.340948604883409
-0.00259674339398204 0.00955464364735191 0.0119444387144553 0.114226745611481
0.0615465648805434 0.119583514809535 0.00190237933144623 0.113332281604313
0.0890130094930697 0.0816344569284115 -0.0781631881356743 -0.145374609677988
0.0788584994961466 0.0060102469496429 0.00915928571916937 -0.307776813569828
-0.0353558112213776 -0.0209085330558825 0.390467266392595 -0.196750033427569
-0.144217268806329 -0.022013129597248 0.742706006779733 0.20325878139619
-0.130770586336461 -0.064913279643322 0.515288949850011 0.677881194705882
-0.011962739748872 -0.156355796905533 -0.0359499677874657 0.719387883311491
0.0805901882749648 -0.164529327858114 -0.119716822852115 0.342219556145299
0.117145170259548 -0.148541668723894 0.13504332882827 -0.147187440652133
0.0180664165477435 -0.140983834393844 0.183102062589055 -0.598682045577911
-0.095951409067395 -0.0886674702114456 -0.275831998249796 -0.766947925441766
-0.109835249337291 -0.0657470456783509 -0.708628070161485 -0.261413372829225
-0.0543458494219727 -0.0655211666358625 -0.601967111366031 0.308540107360871
-0.00365155459925213 0.0153429903660923 -0.243518271569322 0.339394395662523
0.0174904789177272 0.0818347777599202 0.039959903293689 0.0940550957759132
0.0910893417132879 0.172524835455972 -0.0135861995359648 0.0819099810506587
0.104622058836306 0.120152135705878 -0.0395632636249317 -0.167863523305322
0.0570209109870812 0.0349514164561883 0.125824239622123 -0.324409503075081
-0.115977280130688 -0.0197002479644449 0.487128254602882 -0.132531738916368
-0.221704584887635 -0.0694721219368066 0.707715907673565 0.351004349308662
-0.152131605149737 -0.163390329157069 0.368093332729351 0.751322713415613
0.0354704045027271 -0.260888075023014 -0.124735959413012 0.646838631842106
0.133608354211982 -0.250321362498565 -0.0619945674016576 0.247160345671854
0.129260272627745 -0.240490693134407 0.161638429044925 -0.246842387636072
-0.0315940736321825 -0.215470755099327 0.0452027924909363 -0.648996248071491
-0.190302995148139 -0.133770168217822 -0.459828304222171 -0.634080177360054
-0.187254861497482 -0.0787640029314801 -0.740275810146761 -0.0723080784917708
-0.070422276591481 -0.0423688445176876 -0.506788986197695 0.373190091462207
0.0136228185295686 0.0736280616432776 -0.141889202343395 0.31416773647591
0.0425314242645373 0.143868034756801 0.068181742624836 0.0519783693186541
0.0964292718530876 0.200660780815339 -0.0215691894232205 0.0401321641297321
0.0881028256411878 0.136016328402748 0.0225566129559866 -0.199962735811373
0.00210450072033996 0.0428420157212122 0.269517718282873 -0.32412001033245
-0.192802672717211 -0.0428419402384096 0.572294628966256 -0.0210764661291344
-0.251192680031895 -0.136381466048238 0.610951448711699 0.530348284597777
-0.114148764881134 -0.252129746138166 0.178651353992333 0.795566890245555
0.106116707599593 -0.317328635761732 -0.191431748791334 0.530981049539626
0.164482045901654 -0.296237192705246 0.0135540273005601 0.12247009799397
0.0951592218172601 -0.294528367404396 0.159955920516215 -0.37150085482557
-0.10667131974747 -0.237201924368445 -0.13276757099975 -0.673844343403243
-0.258132647099582 -0.129158687962564 -0.624483432699805 -0.463710733558356
-0.205875584386243 -0.0606788268012152 -0.706815891071094 0.0992787346742394
-0.0462697620409825 -0.00327919386282055 -0.365277433469036 0.39437620872157
0.0415758313815697 0.125971561608898 -0.0297395840832324 0.265808893655226
0.0640635977508628 0.186483318961609 0.0877326204873696 -0.00055021913718281
-0.121897807392019 -0.169710759940518 0.00166056151815589 0.0629791248485256
-0.104405908144186 -0.144396666216231 -0.0252801099647692 -0.182589425760877
0.0109184425549358 -0.0981601981766962 0.182010194687996 -0.322989896598387
0.253351457279291 0.002170427611791 0.517671370465438 -0.192790612381753
0.295256103395222 0.134973117476931 0.702865454476093 0.263729350650184
0.144356145455263 0.277172154872111 0.350592171766419 0.60876573329692
-0.0660219395247173 0.351327759348369 -0.0360300299036453 0.482858231980244
-0.199548563902229 0.311227842350206 0.0225774367738828 0.129683165334968
-0.163443043228146 0.344404655303543 0.255754541729226 -0.358870312432845
0.0276485916828559 0.3272932474899 0.119838208919555 -0.765087118269736
0.249332852776819 0.232744433316371 -0.424566087468869 -0.740971626422228
0.283672345109748 0.0804680711628479 -0.662011004240098 -0.14995515757659
0.0784245715058229 -0.0558422426091366 -0.406275218318753 0.292701120019263
-0.0509739180094395 -0.16126656976681 -0.148129697991874 0.255396885694962
-0.0807205943884285 -0.180734533252576 0.0114939750321055 -0.0124040165407154
-0.115785831113214 -0.148006959926547 0.0131994291172787 0.0993282663379616
-0.105334703228754 -0.139158766006339 -0.0752893761143711 -0.149769623331723
-0.0282943063118787 -0.117139415612448 0.0533161772715643 -0.290622033708461
0.176372765405782 -0.0372848382935677 0.420748144849627 -0.22770827723987
0.247180158023792 0.083096380104837 0.739071778375079 0.142999443241808
0.159497545025174 0.223770934243589 0.49039594463666 0.574555077068536
-0.0210361668210555 0.311366276026678 0.0206630565414336 0.585441432622028
-0.175245517830234 0.266719063588743 -0.0537322883958706 0.251112634354957
-0.185878296743808 0.283973483802379 0.216024154766354 -0.225442759486876
-0.0495802906334659 0.293400624818987 0.255148639456361 -0.678063830135858
0.171027813634152 0.254561420383844 -0.238926517053872 -0.847655010740555
0.267772795002475 0.115385701321159 -0.645230513329507 -0.318746169130971
0.11657768418875 -0.0408158737821675 -0.515135471927515 0.243754288583366
-0.0125054974908254 -0.145312431977281 -0.234308039138903 0.284322886272457
-0.0608017448048025 -0.164290041314069 -0.000320663666274032 0.0386934721621046
-0.0854398370480067 -0.100559486638595 0.0218497982552163 0.124570649538447
-0.0706187570331345 -0.103501454582239 -0.0971579262388967 -0.13416919354362
-0.025905313112745 -0.110916113745542 -0.0372109987471977 -0.272502525357329
0.108589320329125 -0.0567724949272597 0.339423499924051 -0.234982162867184
0.157797466457814 0.0456731300019805 0.743170599403617 0.0770246457386241
0.114239210009942 0.160463603408429 0.587070234048 0.554463696815259
-0.00551640710654327 0.224755892317288 0.0669610138099144 0.66766613246788
-0.125553667319775 0.180891662981462 -0.112800403345251 0.343606724179423
-0.144471118016487 0.187809195544837 0.153895357327751 -0.129801945877065
-0.0717242040497976 0.204505847182301 0.31150847569363 -0.591914754587889
0.0929448237259449 0.209475451893814 -0.109280990602429 -0.885295849292846
0.200058610846864 0.106888967179277 -0.615368788403303 -0.432575603181539
0.109794049642614 -0.0370497067574978 -0.593169428682296 0.203313404308956
0.00768549653779323 -0.117541308813973 -0.297836374098405 0.31138256374829
-0.0393763412821742 -0.121238796902165 -0.00769034826924422 0.0828826309253157
-0.0395302254096519 -0.0283396645782621 0.0263674425058552 0.134760659683656
-0.0162915365358259 -0.044296387862524 -0.105213538205472 -0.129333468094644
0.012661672260274 -0.0798726383809295 -0.0771820802234244 -0.274255734024035
0.0620439601199826 -0.0549588135129887 0.301827951291018 -0.236645254672992
0.0559514541410332 0.0224055109151182 0.746399318898207 0.0623312173022551
0.0311221084302073 0.0944352075898968 0.62834421442001 0.561542811408014
-0.014662953308741 0.106589189745553 0.0817290648501599 0.724731856090029
-0.0604913655847356 0.0679753921866254 -0.146604829077906 0.396464782364106
-0.0537592872583893 0.0764396509899314 0.112574114050793 -0.085970187159707
-0.0353635730539492 0.088975344121669 0.310750466458564 -0.550681495126796
0.0365114521984637 0.115515895542687 -0.0732166246231131 -0.884666820290246
0.105638600861583 0.0547989188994669 -0.619967156846647 -0.463647839822932
0.0623053598207051 -0.0495866042393311 -0.637057027860028 0.200573299010397
0.00689078169703502 -0.0819724829731188 -0.327329934749091 0.332038937340531
-0.0216614238459408 -0.0606636210599994 -0.00364185826357781 0.111543507393881
0.015134733300058 0.0485416952269119 0.0173147017083878 0.131542006230077
0.0439129646719693 0.0226343556938744 -0.0993749725267783 -0.132980507607759
0.0583493741192369 -0.0363819811183239 -0.0633134939990448 -0.290332859309341
0.0221582875907385 -0.0391334432612023 0.320207314374874 -0.229069638013464
-0.0473745886014729 0.0053770842682552 0.751589888974218 0.102962431933012
-0.0615588230060807 0.0216495088900154 0.609059837823895 0.606142077905887
-0.0254098039912976 -0.0272840702983619 0.0445749205892824 0.746659613971816
0.012018830006708 -0.0544020444303945 -0.147571435933533 0.397642204508986
0.0494146244174514 -0.039548312729451 0.107226000205745 -0.0923725492105761
0.010987542293274 -0.0322428654908177 0.268220296987986 -0.558741296554152
-0.018983527406976 0.00396983456036277 -0.136733299936646 -0.849067989944447
-0.00363337264243116 -0.01318199199568 -0.65951583107629 -0.405185554888116
-0.0022871918593607 -0.0642131085204747 -0.644619807083446 0.244099964202218
-0.00250920500510477 -0.037976228128583 -0.310001874215608 0.347756027405062
-0.00303346965384516 0.0107402887134222 0.0127434191487378 0.115549090028087
0.0640081210608482 0.119444737124976 0.0021900968900358 0.113494607951995
0.089979482271864 0.0820161291665283 -0.0803768293558893 -0.145579604482516
0.0797934666968008 0.00570913898280023 0.00704505611362897 -0.311500741831005
-0.0362402277480781 -0.0215569750632059 0.393237416068692 -0.202472742617157
-0.146455061376499 -0.020538243529588 0.753861197795382 0.199127056180788
-0.132745460171771 -0.0655711191473191 0.527062223917855 0.678773199784852
-0.0131085504467783 -0.158069016566204 -0.0309707929820816 0.724003978494185
0.0798631524605115 -0.166884473493686 -0.11703388139699 0.345957507899987
0.117326014778886 -0.151314027455254 0.134011185957608 -0.150260290807562
0.0171333212893629 -0.142041937539975 0.179738612480476 -0.604772964241705
-0.0976885049372399 -0.0884126754254168 -0.287405255035484 -0.771195581049476
-0.111117779587939 -0.0650104008475318 -0.719102325947084 -0.256934400664678
-0.0554943542111381 -0.0647059532977186 -0.604952102440459 0.317493603231317
-0.00351949795650826 0.0159874845742446 -0.243671768341117 0.345331164255441
0.0193462947603445 0.0824894204179465 0.0412174743166105 0.0942183388964216
0.09383023785846 0.172650726601872 -0.0137843750344979 0.0819296154876792
0.105367951378779 0.120881233253799 -0.0412976183851617 -0.169166554278954
0.0577103607797063 0.0351189360599738 0.124353706250786 -0.329614826181379
-0.117505184306901 -0.0193279171069081 0.490372478484117 -0.13920603941374
-0.224925870808072 -0.0688931954343952 0.718500610905478 0.347730337428195
-0.155363469872393 -0.164333170619386 0.379021823295851 0.753611498328256
0.0334701486825318 -0.264159626857885 -0.119043758173906 0.655104660089888
0.132928401800485 -0.254126136669239 -0.0600551089050658 0.249589317880311
0.129195155379963 -0.244738590184597 0.160439948889626 -0.250377173642581
-0.0338823949936539 -0.216537627228152 0.0393834911079498 -0.654620715372253
-0.192900990355179 -0.132972632566012 -0.470979894649735 -0.636208887109272
-0.189326030417503 -0.0779871893182774 -0.746545772181049 -0.0667137182913316
-0.0723385608299099 -0.0415782705335278 -0.508273791750288 0.38326017197889
0.0137400085564308 0.0751538996800128 -0.139786868092568 0.318997918079543
0.0441674748170919 0.145207682267437 0.0693515517306755 0.0516061362712713
0.0990241834245188 0.201642804829206 -0.0216460280550968 0.0407286861830529
0.0888266014183065 0.136685371934374 0.0218571520747028 -0.202185690696544
0.00172336533431814 0.0439231324927484 0.270184325251489 -0.329855109655473
-0.195426468475413 -0.0423431596545773 0.578535878343723 -0.0259450216635167
-0.256179512253254 -0.134476359368014 0.623215705192243 0.527109461135364
-0.117297170731846 -0.253118008543149 0.189140163753636 0.800459922784126
0.103808395206059 -0.320785086474749 -0.188356402221549 0.538388076850127
0.162907878341286 -0.301166676360189 0.0142306874094889 0.123150057912724
0.0941840696780417 -0.298600815527821 0.157555984082999 -0.375838147678496
-0.109104241649036 -0.239754737623968 -0.140569514966834 -0.678513017930367
-0.262199068102328 -0.128013822907206 -0.633488823842483 -0.462421250926381
-0.207743739202413 -0.0591036670042385 -0.712824427039383 0.107596767158897
-0.0474107042364041 -0.00237926363945083 -0.363466732139886 0.402713899693867
0.0424953070477735 0.127941905124241 -0.0270054334608957 0.26915161615976
0.0676284153651504 0.187501526938412 0.0881912778319925 -0.00186679804518617
-0.124382298215196 -0.169838773045309 0.00270481880911487 0.0626014965153131
-0.106672026455595 -0.145235344485003 -0.0262193574339556 -0.183990136996442
0.00982577145151825 -0.0994489162602274 0.179784158425619 -0.328135710288134
0.255171656524131 -0.00165073820356365 0.520104189014662 -0.20022449743281
0.300115189558044 0.132239032317655 0.712555892659813 0.255786899389944
0.148520305392264 0.277399343141551 0.361409883633244 0.608627327214767
-0.0632152029944533 0.354823378919231 -0.0302698059578788 0.487245686927893
-0.197538094096269 0.316487558844001 0.0248750065838747 0.130188148876828
-0.161148344743942 0.348652541838669 0.252802729284425 -0.36433817168097
0.0319190639911157 0.329824335277453 0.115121262099668 -0.773131056139418
0.254321267202474 0.232109833326842 -0.4376174586198 -0.743997156139796
0.286920696172575 0.0785809101573532 -0.668248484854541 -0.143100415054885
0.0790484988868852 -0.0579107396991383 -0.406421627673785 0.300011043200622
-0.0523612628711947 -0.161534306870087 -0.146913602588602 0.259468242851474
-0.0821587964346631 -0.181528478458584 0.0114191142799235 -0.0118628302997842
-0.118151225200627 -0.147874615050246 0.0143359674085915 0.099637930145068
-0.107293870350731 -0.138599745383347 -0.0771892594364768 -0.15062902536309
-0.0301875076737446 -0.117413843427606 0.0519187643599153 -0.293555467838816
0.177693952593495 -0.0413090651592902 0.422389602431485 -0.235023514335939
0.250114830798373 0.0820587949120157 0.747559481159427 0.135536847537647
0.163604687781868 0.223882795230363 0.501364294248455 0.5742487356825
-0.0191921118637868 0.313700382043159 0.0286790270199441 0.591553136509845
-0.173982983965284 0.270892579910122 -0.050524506663881 0.25268855189429
-0.184169234538816 0.287504776801636 0.214591855470788 -0.228749307948504
-0.0473954954172383 0.296807436778683 0.250019770539031 -0.686528245774235
0.175030279973335 0.255282816929374 -0.250162596488283 -0.851715824197742
0.270827382343732 0.112538885659051 -0.654890467680746 -0.313050611957047
0.117109188193486 -0.0424998476387035 -0.517516533174443 0.250779566607563
-0.0135356294577784 -0.146488035518983 -0.234284560229769 0.290185174906226
-0.061994478220104 -0.164655243900281 -0.000410606181180575 0.0398267828553822
-0.0861262679996615 -0.100572449010966 0.0233849438854238 0.124518250327043
-0.0724865822440461 -0.103395750329883 -0.0992052980192811 -0.134828334638002
-0.0269769691771434 -0.110505077624241 -0.0416142296188203 -0.275327895938114
0.108842366967221 -0.0598467943221856 0.339440244374343 -0.242298139634725
0.159223580298436 0.044182385252265 0.750096136781515 0.06932926926299
0.117194721730322 0.159799236696584 0.596684523727649 0.552353561199443
-0.00391274020169852 0.226009290141773 0.0752264494658788 0.671965125540856
-0.125408357406281 0.184484329993279 -0.10966906395139 0.347055006204861
-0.144087542885169 0.190580481739681 0.153380842093247 -0.131984831349122
-0.0694142225239463 0.207261931169941 0.308452013359718 -0.601164804173595
0.0952108168652849 0.211161362663881 -0.11781854245897 -0.891690330113069
0.203003034021909 0.104255174224733 -0.62764111284369 -0.427575346166458
0.110838504442347 -0.0396155185995931 -0.594892372365119 0.212979940394602
0.00670637495037246 -0.117709667296377 -0.298428997960978 0.317049783570185
-0.0403469155745948 -0.121736157871887 -0.00675934492789445 0.0843768172937681
-0.0395661072692762 -0.0286479454723298 0.0275877181993029 0.134888455215409
-0.017326085374334 -0.0453582575829443 -0.107060671415943 -0.128444280566255
0.012315231437504 -0.0815956805894974 -0.0809469782069561 -0.276321863940689
0.0622218650849807 -0.0575665680068171 0.301831136926505 -0.243444957175098
0.0560610894462189 0.0221507320291675 0.75351865578339 0.0538435249786965
0.0323827630997966 0.0949705623137383 0.641198615651005 0.559183537880643
-0.0142990436339993 0.107323933171289 0.0913497844518789 0.729087902846092
-0.0603604619932155 0.0694378140175866 -0.142320099502913 0.401640360507275
-0.0526468092878889 0.0769107859310593 0.111242945372622 -0.0882542272284974
-0.0349111364201644 0.0896338505306384 0.306925703980935 -0.557987702450231
0.0381273493999706 0.115751738703262 -0.0836624406598696 -0.889312855398966
0.10645338964636 0.053843515199418 -0.629711032076762 -0.46103671505948
0.0624699414494619 -0.0505859503350135 -0.640811032588417 0.210096499653869
0.00600495027711108 -0.082267020618783 -0.326011196001441 0.338715179461537
-0.0216853055855356 -0.0609688432753686 -0.0028471469376803 0.112477154116506
0.0165823171248405 0.0488347464985056 0.0186716387521906 0.131697269042424
0.0443838118835744 0.0224928382820881 -0.101507144835483 -0.133252673595946
0.0582574759539198 -0.0370406720682883 -0.0667867199537872 -0.292392407727023
0.0221815659512452 -0.0406005406809133 0.321125337372695 -0.235951717557559
-0.0481559776989213 0.00633698031410973 0.761354476722573 0.0939259555252085
-0.0626466860468098 0.0233067525676483 0.621927507431888 0.60438499595045
-0.0264282935363919 -0.0283149577163842 0.0541849407891836 0.751646892855783
0.0116256183169723 -0.0549553049355907 -0.143862038374601 0.40287929226935
0.0492849749230741 -0.0408349167500455 0.107397905150808 -0.0940705166186688
0.0107179437377114 -0.0324426281272201 0.264739213651715 -0.565576452226851
-0.0191060484283852 0.00331667140473938 -0.147814076139037 -0.853801517187337
-0.00355823694983493 -0.0145022666390191 -0.672636520631599 -0.39992989427336
-0.003255919483799 -0.0648995186030069 -0.649033669881923 0.253517498017146
-0.00298704404349475 -0.037279519349205 -0.309293073506141 0.353636512437762
-0.00160975412458578 0.0113657489703302 0.0146063062167884 0.11642688982592
0.0660484466080371 0.119645464115691 0.00322485589712324 0.113837333818236
0.0901349939692164 0.0819809592507826 -0.0810810446362656 -0.145204673963908
0.0803081519559383 0.00468653924227692 0.00302863482312544 -0.315101728248028
-0.0370385993521983 -0.0218579794091079 0.394915668048604 -0.2094100328743
-0.148241108661357 -0.0185748935448501 0.761575581399785 0.190250593812587
-0.135358996309662 -0.0638364236981468 0.538365956538966 0.67829371855072
-0.0158845883604257 -0.159882462189638 -0.0213645816149652 0.730764445480789
0.0786653372799086 -0.169586896482816 -0.113913640980483 0.349301732916985
0.117373011667995 -0.153670231689798 0.133631003856341 -0.152204433852013
0.0157539578000527 -0.143173377541003 0.175407853005659 -0.610434458213618
-0.0997269770616928 -0.0878000487402007 -0.297506738162433 -0.7732274514682
-0.112794452645495 -0.0645408602516348 -0.72837866545433 -0.249318695385815
-0.0565331894760578 -0.064766653704732 -0.606534123323882 0.327719683047762
-0.00344121013378317 0.0169844941472024 -0.241126728840197 0.350992519806307
0.0207857788868782 0.0831809162528359 0.0418587880786627 0.0944040104293084
0.0963273051779229 0.172327272415169 -0.0139660238102931 0.082292787232251
0.107064242252498 0.121072201746768 -0.0437157937991256 -0.16998506283346
0.0582571072313351 0.0350110053714729 0.122111059885759 -0.334819491409708
-0.117941494550446 -0.0192524291306933 0.495347118098848 -0.1453163467836
-0.227808641835376 -0.0660870649622102 0.729170178115483 0.340116932232838
-0.15836673882578 -0.164233837392345 0.391772193935956 0.753601289358437
0.0303305205544483 -0.267535335483047 -0.113126508094281 0.660260688795094
0.130286425173637 -0.258440165890324 -0.057260240418294 0.252199571809513
0.127818157663561 -0.248008162391729 0.158708825271321 -0.254542779846273
-0.036455638312782 -0.218812061047803 0.0330835660046204 -0.66011091607539
-0.196094609788497 -0.131940120607397 -0.482415274264187 -0.636433888565108
-0.192085841783783 -0.0770537953567731 -0.754298630453038 -0.0561174133147603
-0.0738076847513404 -0.0407778496329027 -0.506063111965992 0.392445315183406
0.0148526784016759 0.076776322473472 -0.13782378454821 0.322281729753248
0.0472440522518095 0.145860977253586 0.0704753239085107 0.0512389637568158
0.102510001049256 0.201475000564409 -0.02150849445645 0.0411960572488363
0.0900054637354574 0.136734467206817 0.0194420679200607 -0.203850015930901
0.00176816557965342 0.0444794458445124 0.268547701362907 -0.336242916717791
-0.197319945674953 -0.0401292867698868 0.584160003807929 -0.0320276980013186
-0.25989145387983 -0.133528412772238 0.635336394487713 0.523871361995413
-0.120596034293016 -0.254153262112941 0.200661450398342 0.80315854001162
0.101376769541815 -0.325390040346508 -0.185134461438675 0.544365016564004
0.160491965699956 -0.30518778558605 0.0161075609996012 0.12338362361041
0.0920004229270005 -0.302047945495463 0.154501666416119 -0.381220799296595
-0.112358997803921 -0.240337947575045 -0.148173487738206 -0.682370541062678
-0.264656544065557 -0.124969616125346 -0.645075407408145 -0.459773315832027
-0.210142130572971 -0.0572779028077318 -0.719542727818448 0.118339043547161
-0.0483760493482926 -0.00192488717631593 -0.360768137870032 0.411148866424938
0.0438412808518979 0.128777929766208 -0.0246632588948715 0.272417068650697
0.070488202971757 0.188127702218451 0.0883105618334106 -0.00280744626310747
-0.126885661594007 -0.170249177623115 0.00362490770386976 0.0622690858741032
-0.109186338932316 -0.145282211933659 -0.0292796785891905 -0.185797336540851
0.00851324979014686 -0.100686688751061 0.177084465214773 -0.332948521416798
0.256750785347319 -0.0065088008103752 0.522321416807794 -0.21021667634995
0.303436176091599 0.130090137513631 0.721443308375621 0.247840556256262
0.153959042610641 0.277863170259534 0.369453583318264 0.60774303047434
-0.0600242101874489 0.357691064692903 -0.0240515483964675 0.493165679367281
-0.19585936562438 0.320693562131065 0.0270493360925282 0.130563247596859
-0.157377815368345 0.352225660651508 0.250629210549238 -0.369208942502159
0.0355610750036311 0.332123079931885 0.105759820525975 -0.779273425975409
0.259288224738868 0.230480223614728 -0.449249520851144 -0.742382126624927
0.289969374741085 0.0740540995823804 -0.676827472269205 -0.134357274182554
0.0793777743972638 -0.0601823102640481 -0.406992710800278 0.307245311658943
-0.0540998418714032 -0.16246824564992 -0.145819364215737 0.263879726759619
-0.0840032254724895 -0.18118210881542 0.0114607814122194 -0.0116133058337036
-0.120470555842394 -0.147829777905247 0.0162536460797407 0.0986592357090794
-0.110216741027832 -0.138333095116455 -0.0802754110203384 -0.150623586857478
-0.0324539851934799 -0.118068431027986 0.0477093100509378 -0.296613343885663
0.17795566092396 -0.0449975883402226 0.423029713063811 -0.243477582628008
0.25303612969219 0.0790503785049687 0.754452676525707 0.126128128979929
0.167304700346219 0.224109283910667 0.512685486757331 0.570935374624004
-0.0148509795715028 0.316527743007599 0.0361918641292769 0.593981129226056
-0.171851690416143 0.274771297300671 -0.0472919530220584 0.254411568305804
-0.182303668787809 0.291052100847124 0.212373822305757 -0.233508585543372
-0.0443003275156371 0.299122982114639 0.245200632890506 -0.694435194516957
0.180053402315062 0.255233400473947 -0.262750829087606 -0.854457982698402
0.274434984374207 0.109771268014558 -0.663652916609629 -0.306263372857205
0.117693059507084 -0.0454726486130474 -0.517928147047145 0.260173947702541
-0.0144277323949901 -0.147343426950218 -0.233266173801627 0.295251326434317
-0.0632608840583758 -0.1647763039673 -0.000203511574314405 0.0396730916628499
-0.0886375338576804 -0.100635598018087 0.0252822443254747 0.124700519586425
-0.0742465523186182 -0.103019797987025 -0.10205066856822 -0.134151891833403
-0.0281352870362931 -0.111681572778538 -0.04441440189067 -0.27768274359021
0.108844268052311 -0.0624898547894323 0.339634125901638 -0.248417973700083
0.161630093503017 0.0435513265914706 0.758854567118516 0.0591164063343827
0.11991829954642 0.159645960853137 0.609539820084113 0.547244141320965
-0.00157155076108383 0.226889717643241 0.0845405699714032 0.676048064783504
-0.123802042393957 0.187032840386256 -0.106239566052379 0.350875222593794
-0.141804968635721 0.193319418496982 0.153612284569328 -0.135457580506419
-0.0684303890731328 0.209085650142793 0.303478685133268 -0.607472440884968
0.0993241413722481 0.210932807186195 -0.130896381264483 -0.897019492439582
0.20587679138355 0.102805082664854 -0.637146270857498 -0.423095059344745
0.111612657170376 -0.0412051439825335 -0.598656495923815 0.22146016279127
0.00610798071341069 -0.119002226017185 -0.297013348914304 0.323810873361333
-0.0417205739122822 -0.121560659805053 -0.00622954489147711 0.0853553313591983
-0.0398377758345242 -0.0289889613642304 0.0290702141759764 0.13551349452432
-0.017911032511052 -0.0450105880366298 -0.109083228210058 -0.128643843006003
0.0112667719197878 -0.0821130918723155 -0.0851667490856219 -0.277882703874519
0.0619693246614424 -0.0599632617231677 0.301408688491003 -0.249955269994269
0.0570145378611059 0.0218253820804991 0.759363696063547 0.042610273816665
0.0332519574485263 0.095372226961971 0.65392491583432 0.554903100687945
-0.0133003887565887 0.107613163908494 0.101426999656009 0.733173376896126
-0.0599527189357923 0.0701564195024905 -0.138355722748375 0.405693759628801
-0.0527311751699483 0.0777005618411 0.111121625323823 -0.0900114981466523
-0.0336889773683468 0.0908939875639642 0.301566843871569 -0.564690535665272
0.03981475669897 0.116479187735335 -0.0960552796323304 -0.895768424123747
0.108809037105528 0.0529823285184197 -0.639942322967482 -0.455992004221532
0.0623113940235565 -0.0520277223565133 -0.642021251578523 0.221417515084261
0.0056437145481673 -0.0825090242350285 -0.324538024547216 0.345992549976551
-0.0220724178111309 -0.0610965298222009 -0.00154317655419611 0.113116809063085
0.0177003014949085 0.0485676747133759 0.0202778094941222 0.132061922029296
0.0441563890638092 0.0216422437653082 -0.102919458333759 -0.13204290837266
0.0588517286184168 -0.038281798736965 -0.0704440074851279 -0.294049958221141
0.0212050329699802 -0.0419531787266703 0.32188081362048 -0.24166504910897
-0.0493064933812723 0.00719887269776606 0.768957126898891 0.0852596958771947
-0.0621859485545847 0.023866105791294 0.633640084732809 0.600675924708002
-0.0270119813432865 -0.0283948755383385 0.0637767930336228 0.756817653583127
0.0104465051813076 -0.0559322833450078 -0.139492336247182 0.406399226642692
0.0495726737881144 -0.0423082852631755 0.106510108222242 -0.095659283748451
0.0105707080196148 -0.0334034302460994 0.26021029833565 -0.572070278173436
-0.018441123118406 0.00385884582327141 -0.161213081378502 -0.858024463060764
-0.00370925781779752 -0.0143333845457076 -0.680114638905429 -0.394201086396686
-0.00411257600380232 -0.0659831149301109 -0.650521249916129 0.263708542449126
-0.00320502576541051 -0.037541497204398 -0.307965070190621 0.361014189061346
-0.00158665649688621 0.0113683104829209 0.0159810349669956 0.117763758524088
0.0688264529302619 0.11877797584813 0.00418574116176906 0.114257353693656
0.091059432916616 0.0812715809423124 -0.0829969916413498 -0.146100823562275
0.0803684731361612 0.00488546451717271 -0.000794289478763517 -0.317624555332552
-0.0370722093022265 -0.0224369396918139 0.395557553795945 -0.215775210355257
-0.150454977165152 -0.0159753827334102 0.772476478088325 0.179356782378292
-0.136490183414404 -0.0632907777244132 0.550564241210184 0.674270198826371
-0.0175190040089661 -0.161699418249514 -0.0129396771287341 0.73637432085461
0.0763396784846964 -0.172178175891194 -0.109887981527837 0.353438006326123
0.116020849298339 -0.15686926342391 0.132633697374672 -0.155494826581853
0.0138370105444309 -0.145518687081592 0.169689657716346 -0.616887081939152
-0.101281305998373 -0.087157807761401 -0.308335457083741 -0.775558414877042
-0.114337032806499 -0.064321901691609 -0.738584509819341 -0.242840689669343
-0.0580649188211124 -0.0644106619012096 -0.606172069027128 0.339474852715718
-0.0032551263712276 0.0180981911575484 -0.237915951244683 0.35634721174047
0.0222590752892931 0.0834571961465949 0.0428564364774247 0.0948855579277738
0.0992623743322766 0.172094322909397 -0.0128583369634153 0.0834909359848627
0.107835612785167 0.120645758826617 -0.0451409828296103 -0.170420360686154
0.0588795328535864 0.0340739895059495 0.118649921306768 -0.33865710587992
-0.119143648559932 -0.0180435671090526 0.498113520941896 -0.152510516918416
-0.231169708739638 -0.0630627439260351 0.741347698009162 0.33071402674324
-0.162223609939649 -0.163743242151212 0.403576563283929 0.755362519948168
0.0273645906965798 -0.270545992002778 -0.10628538001856 0.666143230423749
0.12840933082157 -0.261413002908521 -0.0540911277985996 0.254020012304679
0.126788804981662 -0.252194809693568 0.156200111855913 -0.258078193996453
-0.0390210252501495 -0.220125857828729 0.0254510098877411 -0.66612017452303
-0.199516689975518 -0.129972741391504 -0.492756487485487 -0.633123452794255
-0.1935971140233 -0.0743483680873032 -0.762049997537475 -0.044654565242056
-0.0750314668383067 -0.0405320125211613 -0.504607400721235 0.402879013815055
0.0163972902294785 0.0775964318109912 -0.1352604896245 0.327690988526962
0.0498164396091632 0.146272246459057 0.0707259797925106 0.0504902806237421
0.106001205607074 0.201367416690936 -0.0220333406136902 0.0415244029763017
0.0910584946641109 0.136663023531988 0.0180482871552228 -0.205531602906154
0.00211638364314842 0.0446564891186619 0.265952108937974 -0.343531798890291
-0.199450812041268 -0.038549342565855 0.587946116818487 -0.0384955746594703
-0.264190512049784 -0.130748829421213 0.649479062297243 0.518899792435697
-0.12555685635312 -0.254960137038709 0.212460368565781 0.807299370561487
0.0976017408223127 -0.330095608376773 -0.179905802750745 0.548697777439572
0.157224838778796 -0.310631371543359 0.0170985947000134 0.123519997385255
0.0889579004183279 -0.306046817175592 0.151086697527392 -0.385917741795419
-0.116200766992567 -0.240133317448802 -0.15850377669299 -0.684947371077022
-0.268670791681689 -0.122319540052115 -0.654776920655738 -0.45363737313951
-0.212206757328526 -0.0544316238533051 -0.722809301009513 0.130075883384855
-0.0492364722026589 -0.000878248602732896 -0.357884107787235 0.420286772345458
0.0461348548927294 0.130338322500199 -0.0217180554285245 0.275149044994969
0.073350818029798 0.188310653807448 0.0887201311336259 -0.00429062613740551
-0.130010326104067 -0.16986052630686 0.00509386892009034 0.0616155738989231
-0.110845379647745 -0.14393300682779 -0.0322952406097744 -0.186339484023573
0.00680408042093159 -0.101735471784111 0.173311820356278 -0.338786047795045
0.257438101429672 -0.0106215508698143 0.521686532083557 -0.219337726037235
0.307360504632782 0.125721448593231 0.729245866048457 0.23690277747301
0.159005296980365 0.277791939953225 0.379900689187974 0.606425391155704
-0.0550935042374096 0.359667624782148 -0.0166508271506546 0.495500392446634
-0.19182587312397 0.325175239966848 0.029484534593429 0.130419989828685
-0.154084692337264 0.356771551711002 0.247883549399426 -0.374685345959565
0.0403093257887781 0.332789660023405 0.0961691977168534 -0.785145825727327
0.263370933955431 0.228540962457293 -0.462304851046292 -0.739270362918017
0.291793307732052 0.0705501417039797 -0.684244049201047 -0.124065479100163
0.0792617858107535 -0.0620313937357226 -0.404599031151881 0.314712807956258
-0.0563211741506933 -0.162688034483263 -0.144000278451565 0.267599292640052
-0.0865553511538737 -0.181239124888559 0.0115230460628836 -0.0117707126859346
-0.123188346853764 -0.147175482091574 0.017828913625059 0.0985681862247313
-0.11241135123676 -0.136381069785724 -0.0821256321316751 -0.151495024797553
-0.0339000051512618 -0.118959942769635 0.0440218482302436 -0.301293541259017
0.178012778448459 -0.0486805698180674 0.423093928628666 -0.250226018785637
0.256388798457145 0.0757570467902614 0.761272748438372 0.114393268174581
0.172039882185356 0.223219067560701 0.523924781686196 0.565368958496194
-0.0107186214183095 0.318376996789051 0.0448419542502912 0.596272099927517
-0.169223282590542 0.279218664194221 -0.0441273914187783 0.256188739649764
-0.179026901047734 0.295527946815173 0.210601712355916 -0.237027203636844
-0.040432598826459 0.301356688135444 0.235627834629174 -0.699305426452385
0.184167914843982 0.254337478662049 -0.276888427087948 -0.854171751201828
0.277762246180006 0.106141332121307 -0.673005251370437 -0.298772953452246
0.11850550154854 -0.0478608797050527 -0.51761821497637 0.270250698494607
-0.0153432474802338 -0.14787326657811 -0.231192974636511 0.300646601298048
-0.065228436188973 -0.164500722817365 0.000470730223881412 0.041105779848072
-0.0902908059955023 -0.100434181408327 0.0264191775012894 0.124601384983235
-0.0754734229314149 -0.101930617408653 -0.103461199087804 -0.134419467764479
-0.0300632536676072 -0.111296158835685 -0.0482961994841036 -0.279131706042038
0.108235129798338 -0.0664751700289119 0.339257740129292 -0.255345193332317
0.163444387820632 0.0412024532476163 0.763645979637789 0.0462508196818948
0.122837839869361 0.159248339357734 0.620438041045844 0.539478017989794
0.00155760472308578 0.228646807646934 0.0953655493153056 0.678084223674344
-0.1222338034061 0.189540572923611 -0.101513714163682 0.354504489643381
-0.140276520207973 0.196079006905303 0.15181438787457 -0.137562521632757
-0.0659149329746663 0.211144427563599 0.297337361926897 -0.615267996478922
0.102386276144765 0.210893600793913 -0.145506877426651 -0.89830703951243
0.208148138786985 0.0995332896050772 -0.647003899929482 -0.416505035747095
0.11163665541272 -0.0439798256671228 -0.598059173278891 0.231197776597031
0.00484196248724291 -0.119822524946187 -0.295065209008305 0.330041491823441
-0.0431624862895238 -0.12132182829776 -0.00536507922878534 0.0862058239016135
-0.0401011340924528 -0.0286882618527299 0.0310455286161702 0.135536014185548
-0.0193224969847264 -0.0439917123715628 -0.110781578783906 -0.127823325476949
0.0105048450681668 -0.0822784179138613 -0.0891273932476954 -0.278934340859606
0.0618546329058024 -0.062052723181221 0.30070194229407 -0.256059239335957
0.057509918070445 0.0220432003732901 0.766231713289434 0.0314924984466261
0.0351898296412376 0.0950757089494506 0.665083482265791 0.546512962600589
-0.0117487998352994 0.108087949291779 0.112647220424813 0.73489153378485
-0.0600132274844266 0.0716063405981862 -0.133533536342721 0.409340502823107
-0.0510651273432291 0.0777249374640442 0.110241110098238 -0.0908709629168945
-0.0330761010996563 0.091864913145837 0.296209158593401 -0.571215447733599
0.0414984185055668 0.117231274772895 -0.109012603561057 -0.898680500750495
0.109052760141708 0.0510135351110841 -0.651665624477074 -0.447816188705965
0.062101762836335 -0.0528931694348021 -0.641461714750728 0.23061139085725
0.00455377350360944 -0.0819844674201173 -0.323332969939437 0.352899823155244
-0.0222543831491181 -0.0598153819328759 -0.000607360266049829 0.114153009556325
0.0186571270875619 0.048010046254854 0.0213612096195536 0.132182214945141
0.0444015241116147 0.021858737839331 -0.104385183958891 -0.1326332305408
0.0574373722645393 -0.0392424796818163 -0.0756052998064746 -0.296150470482984
0.0211647630333905 -0.0424867432920928 0.320192468424648 -0.247949644721192
-0.0498833861823018 0.00824589888986377 0.77478245771322 0.0713966801408113
-0.062705537243582 0.024566618611477 0.645876777756819 0.593754571014272
-0.0283379949009446 -0.0291628050484665 0.0757308595084207 0.758454969530596
0.00936702753388834 -0.0562753663382932 -0.135103261261933 0.411015861537302
0.0490113581925534 -0.0443710116614618 0.105656327634311 -0.0976477988548689
0.0100244755497269 -0.0345533077384347 0.254182934156435 -0.578161629641625
-0.0185992158855925 0.00428011334186293 -0.172415536892569 -0.859256656080327
-0.00434793186304012 -0.0152106134629692 -0.692016989018808 -0.385083701636028
-0.00461822613655886 -0.0660749537185576 -0.649711519676846 0.275461600436039
-0.00358461323889582 -0.0372699700390713 -0.304099492833341 0.367278302622129
-0.000629568923970877 0.0116484176951651 0.0169774786770808 0.117990917337417
0.0708906217262894 0.118494167481659 0.00595981439162571 0.114208189341956
0.0921035972012792 0.0808047413163735 -0.0847346365176195 -0.144903289273995
0.080577209292624 0.00392131267555602 -0.004310931644929 -0.321574281029837
-0.0380493348069239 -0.0221242182311193 0.395573104790466 -0.223404867641448
-0.151453586979388 -0.0134657123258926 0.780249761738867 0.168568038716369
-0.13914123691201 -0.0619438534320871 0.565279514605482 0.66986367029258
-0.0199566751830119 -0.162961032808969 -0.00392151685060045 0.740298196812809
0.0741501660210051 -0.174196208757534 -0.105390639641435 0.355937128729877
0.115407630144305 -0.160094622014371 0.130497886916977 -0.158035251351468
0.0122611657698282 -0.146688078706098 0.16126119540396 -0.623413489549561
-0.102344245869893 -0.0866036237493054 -0.322351245474544 -0.774435959108358
-0.115291874141146 -0.0626207190827868 -0.747534244407528 -0.231460578420236
-0.0595690239280257 -0.0632772254837974 -0.603810858712511 0.350808655075068
-0.00325945576140916 0.0191103789883973 -0.234810485277858 0.363074765686778
0.0242624657441774 0.0838523572732208 0.0444762366799909 0.0947937279456386
0.102907169891212 0.170740171013996 -0.0121185903127636 0.0828927030590233
0.109092254856067 0.120045233435997 -0.0471765902660426 -0.170449508165998
0.0592941864579284 0.0343405656409339 0.114531813320553 -0.34276356558013
-0.11996668225074 -0.0167925154968969 0.499096852251507 -0.161917260271742
-0.233417746603881 -0.0594069545391414 0.750596883155725 0.321606908937117
-0.165549721440338 -0.163563755419897 0.419289591457599 0.752186449650635
0.023977134671536 -0.272956590136363 -0.0966302150473283 0.670725702987841
0.124915986812292 -0.264966974704218 -0.0501155360228797 0.255193876263694
0.12352659713491 -0.255259663078304 0.152805128039976 -0.262093821119723
-0.0425001818244166 -0.221406532467822 0.0155739301507436 -0.667876414226919
-0.201844887571769 -0.127181671631166 -0.505304341615922 -0.630241540574433
-0.195600959356245 -0.0721755349498731 -0.767957763280112 -0.032851119621836
-0.0763479876336119 -0.0398177893063482 -0.501472076313179 0.414484243399037
0.017406786136763 0.0787211025781361 -0.131103891154616 0.332184913129784
0.0529392841346309 0.146079549949271 0.0716213182415107 0.0505406679673899
0.109934423021867 0.200325896832462 -0.0218966251888219 0.041115548295223
0.09238202714407 0.136720769030236 0.0161220203954781 -0.206345644137967
0.00223855533128746 0.0458689236374596 0.2637518377475 -0.350716597284006
-0.200926680887345 -0.0366791992659004 0.59302175809377 -0.0490267370586163
-0.268693491387092 -0.127428358060042 0.660593814609651 0.51143599311287
-0.12951614547266 -0.256057486307965 0.225207337305404 0.805964538028856
0.0945215444224063 -0.334466346759816 -0.175407429515845 0.555161629440246
0.153283646189756 -0.313991925566187 0.0201068623195618 0.124001373322296
0.0862780201439496 -0.308959663327983 0.146451950950729 -0.390295971941908
-0.119448847624832 -0.241208130524415 -0.168904595118024 -0.687554539534033
-0.271401667223197 -0.118556083087113 -0.666535901739086 -0.446805286869629
-0.214768947008992 -0.0509314445294945 -0.72730627688781 0.141534368177479
-0.0498749991046092 -0.000142289407338424 -0.353864811128521 0.429258553625819
0.0487071398956822 0.130618226501036 -0.0183727239702968 0.276673545763873
0.0770403661957018 0.188344710830151 0.0889082725368774 -0.00507366782890987
-0.132858493932982 -0.168406877137599 0.00586016050690139 0.0618998962986513
-0.112265619895004 -0.142722689167637 -0.0355975568029289 -0.187404488839044
0.00497137984019825 -0.103177651746594 0.168924759425375 -0.343370396813793
0.258502424874428 -0.0166398423485623 0.520390967430963 -0.229085520427182
0.309628985634136 0.122447137009261 0.737931549286801 0.226652174965011
0.164495503581172 0.277086702135441 0.391173406254841 0.601511605855828
-0.0507560424837053 0.362687720383922 -0.00879993007580394 0.497704346308428
-0.188045545543036 0.329933816304193 0.0312788915439812 0.129997829104457
-0.149954029513708 0.360669276388436 0.24184084145704 -0.379899621932914
0.045293773675892 0.333897855949099 0.0838768873526308 -0.78905404469206
0.270075478122125 0.225816485633755 -0.477697630689363 -0.73411614749031
0.294994187657385 0.0660373631562446 -0.688253066101884 -0.114181951958356
0.0792298747883679 -0.0649037216103271 -0.402340022314581 0.323852661609046
-0.057729922159349 -0.163385862091667 -0.141144148098407 0.271318422674378
-0.0885963529548307 -0.180362805829873 0.0112392600377289 -0.0112713261325865
-0.125540569253046 -0.145589899883126 0.0193764642591538 0.0982694689386728
-0.113999999583817 -0.136036299867327 -0.0849273448804148 -0.150756452462462
-0.0361896233419553 -0.119032594265722 0.0401531486432277 -0.30285649121658
0.177672870427073 -0.053890932405951 0.41966780454469 -0.259223952909199
0.257579939212346 0.0717475869750418 0.765650448779534 0.101470337790792
0.17569214435582 0.221590756136812 0.536354788806852 0.560268361778154
-0.00632286728566124 0.319334875363362 0.05571406071193 0.597704621638054
-0.165552374948347 0.282449237522051 -0.0397771918525488 0.257550729496229
-0.174903946895358 0.298736836615976 0.207447077018558 -0.240679798729619
-0.0360197114988087 0.302797085576966 0.226684114271582 -0.706125483547515
0.189134830452415 0.252035037829513 -0.291842731262524 -0.854070304126377
0.280124443023792 0.102457439386588 -0.679123468967933 -0.289857659097899
0.11808991265283 -0.0503816278829655 -0.516195363707632 0.279866640387595
-0.0181057973470998 -0.148255297208636 -0.228205652849833 0.306733051157643
-0.0675164646458733 -0.163869866043306 0.00128790738057315 0.0414459306187438
-0.0917546073870874 -0.0990433133626084 0.028996350703704 0.123716827916288
-0.077377485631157 -0.101199119975104 -0.105217353134063 -0.133342675644064
-0.0323640825724613 -0.111945831352364 -0.0529861202081386 -0.280468853475263
0.10766159920851 -0.0691115195530606 0.337422485524412 -0.262298773020003
0.164507141009635 0.0390576219084763 0.767233035219356 0.0318216142413616
0.126078617628495 0.158297630201955 0.633575111420797 0.533611686721114
0.00472968438095957 0.229130624579837 0.106974090849839 0.679426429290469
-0.11892191744543 0.192056736716794 -0.0969182562940894 0.356394338495102
-0.137900584194385 0.198534845745831 0.149833107048765 -0.140245061634154
-0.0629955331880791 0.212864575703769 0.289081097100754 -0.622056997315221
0.106405300268703 0.210033705938233 -0.16024364263989 -0.900298156028714
0.211609397331348 0.0970690585909222 -0.657682551571012 -0.407624347917374
0.111446206885255 -0.0460484071644289 -0.596814412386134 0.240749252231514
0.00360006309177933 -0.120104799579685 -0.291148290205754 0.336362243180977
-0.0435603911048685 -0.12124449835377 -0.00433181167370072 0.0866949294667336
-0.0399819426630956 -0.0289722352492041 0.0332594085035971 0.134810617736606
-0.0198034508594258 -0.0441540065398829 -0.11248796150099 -0.126480596519156
0.0089040443172286 -0.0822773595983907 -0.0931139002025315 -0.279053679712527
0.0614893718265053 -0.0644929571272364 0.297857477099157 -0.261964628165977
0.0574703132445474 0.0210129073000325 0.768559774582549 0.0179012057246559
0.0364929770809206 0.09518559780853 0.675612655716533 0.538801028933422
-0.010913090190271 0.108240617252845 0.125416229546916 0.735981529093277
-0.0592981617699568 0.0729576870842628 -0.126878805914091 0.41192033510119
-0.0504701135581011 0.0784742818086308 0.109318827052938 -0.0929820866089846
-0.0319418008203876 0.0922102045534546 0.289569268898736 -0.57726107446794
0.0442347497373095 0.116226121041216 -0.125350514922941 -0.899068169943028
0.110985807152336 0.0493078065090032 -0.662186980157432 -0.439582470240016
0.0615264111598102 -0.0547929641519716 -0.640989705787098 0.241907794873331
0.00413846442314557 -0.0826659337441364 -0.319479147552624 0.360538473797935
-0.0220924944362197 -0.0596439108827311 0.000934197667967421 0.115006157607052
0.0199810458586583 0.0468235281767885 0.0237605954550602 0.132192054948989
0.0440242658920976 0.0215178490905911 -0.105923202779059 -0.130683953249058
0.0575917864688158 -0.040595982371015 -0.0796777989236683 -0.297058201620709
0.0211735715385699 -0.0439702305639455 0.318654143934751 -0.255137873630619
-0.0496529763754068 0.0101926014577316 0.780558028382043 0.0575462406579128
-0.06265129605796 0.0254370202625988 0.65937673043384 0.585518862967305
-0.0287012485668839 -0.0295671678292537 0.0882288685780845 0.759970816494208
0.00836970418168132 -0.0565152244595431 -0.129209921825433 0.412698165225439
0.0485613926924209 -0.0460105903410917 0.103754063375258 -0.0994817587913354
0.0102956999448458 -0.0347203133978029 0.246052261788282 -0.583859088799412
-0.0179803284922627 0.00477376057980123 -0.188998114558676 -0.859826256542167
-0.00416450139910116 -0.0145033047427563 -0.69953729863244 -0.37621890255582
-0.00669863685502263 -0.0657333560797018 -0.647146758308521 0.287758388691524
-0.00439112379425077 -0.0358482425377037 -0.298591821683484 0.374403360373502
0.000835305322170667 0.0117155359286487 0.0187042596660495 0.118160332082259
0.0730353191867133 0.116462293355335 0.00640610786042791 0.115006722744943
0.0923651320842382 0.0799353455665329 -0.0872881558386815 -0.144346699142045
0.0807479939861012 0.00270580961423789 -0.00940106554648734 -0.323059991750891
-0.0387302387566463 -0.02188670071833 0.394841229638059 -0.230904615578381
-0.152388803983631 -0.0106642701628732 0.787174622546851 0.154963106373156
-0.139752797148856 -0.0602560405815582 0.576750757045441 0.662328541834484
-0.0231623373664431 -0.164912336709261 0.00757919597127707 0.743955853773584
0.0715015479581849 -0.176526893732267 -0.101185037264283 0.35880632783998
0.113290990488449 -0.163909365778003 0.128125529683288 -0.160310078379181
0.00978229867699888 -0.147648399926205 0.152108392142289 -0.62748519176991
-0.104425313580863 -0.0853575032221832 -0.335776467766056 -0.772375719798148
-0.1170211445884 -0.0618824656359358 -0.753335798148766 -0.220293213138366
-0.0604020477937055 -0.062736720388639 -0.599751018773318 0.361631658267088
-0.00312314793574166 0.0196246574408185 -0.230656750924927 0.369153622086019
0.0266449603119081 0.0844607931287323 0.0460304026310271 0.0939847029788486
0.105880911361468 0.169327111407004 -0.0109394106723053 0.0844580843813101
0.110251202422764 0.119229527503779 -0.0486352843415803 -0.170510310695891
0.0593492413056089 0.033739341009887 0.110797921031604 -0.34716964973816
-0.121171864776687 -0.0154665992544804 0.499459948118769 -0.170065615486736
-0.236364276407617 -0.0553132582104219 0.760143287947791 0.30951015940964
-0.168325440857837 -0.161441431554699 0.430321253351866 0.747343130686557
0.0193254019915311 -0.275190410331618 -0.0886117463155551 0.674230791458492
0.119655419375691 -0.268138024974257 -0.0474734703738798 0.256950088898785
0.120513109861755 -0.259169710772039 0.149028204912381 -0.26515820237013
-0.0461067563331515 -0.221825280048699 0.00518212869681053 -0.672223552554945
-0.204888052401483 -0.125120884719031 -0.517191575865145 -0.624869754640176
-0.197588518836772 -0.0695333125687741 -0.773293190643146 -0.0200945807379151
-0.0776156193394413 -0.038015736277919 -0.495335488769351 0.424166105878366
0.017763795606905 0.0793751568430032 -0.127105347965791 0.335509849343347
0.0552103598782719 0.145345757192285 0.0725232692448343 0.0489887518637507
0.113151042914726 0.198115488519386 -0.0214834230998533 0.041868992891465
0.0940858123967124 0.136053724067432 0.0136556398545647 -0.20796594527714
0.00307731659974326 0.0462444673997434 0.260615978388734 -0.357017671574179
-0.202756572943449 -0.0334327239166428 0.595369245718084 -0.0574563307446078
-0.271891565364918 -0.123284356317087 0.672730071684479 0.502348694737586
-0.133946445266106 -0.255140313257862 0.237390766303913 0.806571705721643
0.0896360110011949 -0.336323090212346 -0.166708597286855 0.55922635412715
0.149511575639721 -0.318462791820115 0.0214292919308681 0.12401451906336
0.0807840975917632 -0.312952924220497 0.140018655650726 -0.394000229698964
-0.124137167188768 -0.241013680231231 -0.180314052588018 -0.686593880013152
-0.274532194195399 -0.114669186931986 -0.67724292124034 -0.437645055209449
-0.216461035752021 -0.0479482409399874 -0.726604294291601 0.156808754524887
-0.050653561457186 0.00215721510350088 -0.347059415118728 0.437406872091713
0.0501370343033853 0.131783703962909 -0.0143876813224245 0.278694962191536
0.0811410872578201 0.187785447288128 0.0895913378316024 -0.00631263858903329
-0.135938045683299 -0.16679668261022 0.00692653537427123 0.0610561550977036
-0.115735977628829 -0.141360192977859 -0.0379335107451466 -0.187032568428973
0.00276702074237769 -0.103380784586095 0.164839766813218 -0.348296738849821
0.258621999216993 -0.0219245736067166 0.518773532222651 -0.238750805947039
0.313489507041768 0.118025045954946 0.741611182094439 0.212480290521907
0.168753218963081 0.274963473954411 0.401371622581478 0.596768543583539
-0.045000242381841 0.364845062098732 -0.000143266800642697 0.497790403795063
-0.183223381256593 0.333102613942805 0.0345617857147832 0.12979260800994
-0.143604706192562 0.363415601986462 0.236397209236742 -0.384093431691212
0.0500406577180671 0.333520597905224 0.0718994202969094 -0.791852306305631
0.272490984862072 0.2217041677728 -0.490163230530905 -0.727470176155154
0.295851226807019 0.0605869719746183 -0.69221066955497 -0.101814862015393
0.0780730352385766 -0.0663261161065195 -0.398756094161757 0.330149026704248
-0.0597788897760245 -0.162387267645948 -0.13820592942861 0.274404991783457
-0.0910639751735831 -0.179536167763741 0.0114983239751193 -0.011285496909882
-0.127438762672071 -0.144375057588857 0.020859002697211 0.0978813602317997
-0.115485996630879 -0.134080964793878 -0.0873104409174114 -0.149909615876472
-0.0384543256582439 -0.11933188074775 0.0354286956367205 -0.304337508056314
0.176596355258246 -0.0585171112020379 0.418453326923761 -0.268296199300051
0.260264451597626 0.0678185559410263 0.769216650751011 0.0860120437376041
0.180009710381707 0.21899180701706 0.545397253999101 0.552102327349776
-0.00107752545766752 0.319718837051243 0.0640641641507499 0.598247540536249
-0.160775548435926 0.286492441089907 -0.0352849147348299 0.257987782550788
-0.170470835984132 0.302192468500498 0.203728725594976 -0.244105125038602
-0.0322193441687186 0.304148772821893 0.214981411713826 -0.711096404619904
0.193807889734403 0.250608284949104 -0.306199821354224 -0.848288447596477
0.282381676714405 0.0978719851405642 -0.68566789011932 -0.27837483102626
0.118065951306817 -0.0529207141073881 -0.513471595586929 0.287223053057172
-0.0192081087158261 -0.148020000443647 -0.224250685333073 0.311369267122569
-0.0699303834937647 -0.163293923101922 0.000651212620787284 0.0425672864210268
-0.0933714423793247 -0.0986648876853331 0.0306885752005709 0.123532204798602
-0.0791205247077869 -0.100203085025919 -0.107661265494004 -0.132349425095575
-0.0339073186083318 -0.111620373519146 -0.0571667362930353 -0.280247413100735
0.105975200687369 -0.072977855929414 0.333889871975434 -0.269469090519731
0.165407165554563 0.0358389786723791 0.77060237128323 0.0186999389282133
0.128505559378093 0.156643849139234 0.641424099425884 0.524378477984104
0.00830259315410871 0.229494001429298 0.116727333935715 0.678551717793338
-0.11648976204603 0.194948236861798 -0.0913835281082538 0.357976819527737
-0.134930504163565 0.200589349332928 0.148250468207409 -0.142580331576952
-0.0606069827475623 0.214202313765936 0.280300027568403 -0.627551651669729
0.109861440315137 0.2094565224403 -0.174310770849101 -0.89913736222851
0.212876448816266 0.0938197682770313 -0.665163891801478 -0.399252904440852
0.110761179289539 -0.0473637727198641 -0.593954726162235 0.251485982097216
0.00276967379632671 -0.120158733447776 -0.28799544783661 0.342215596912346
-0.0451429425836977 -0.120700337935744 -0.003031689293973 0.0875310071515172
-0.0410293484967457 -0.0286169553977471 0.0351152593054293 0.133765549321785
-0.0208093825675337 -0.0432012925841287 -0.11459476076756 -0.125303771193685
0.00787644132394073 -0.0832919363908402 -0.0979577691386704 -0.27919221067939
0.0600149258857034 -0.0669707696048105 0.295119760610124 -0.268541992207756
0.0583786327837423 0.0206187318562048 0.770496228284249 0.00334974524556162
0.0374111059504364 0.0948183381933613 0.686011706391562 0.528914729735307
-0.00908852383412696 0.108546270230742 0.138045543256468 0.735920240349753
-0.0581339554962339 0.0744749635215643 -0.121215910892679 0.414104406547587
-0.0489466891841689 0.0794020083789922 0.107380758699867 -0.0944381257491626
-0.0311250698091373 0.092965539541378 0.281681957529995 -0.583261970487589
0.0458550170715607 0.115913454104983 -0.140046967253773 -0.899297916062736
0.112337184502971 0.0473954312691541 -0.671550693306578 -0.429316992962319
0.060704357785663 -0.0555731207707838 -0.637293608435336 0.251407778472793
0.00285350492028046 -0.0823082788211466 -0.315188400076359 0.365365522987839
-0.0226268589794186 -0.0602036225362572 0.00260845156245112 0.115866663892905
0.021014752480154 0.0470136272804439 0.0249068932400413 0.131597543256172
0.044510929950106 0.0212530302869995 -0.108010307593822 -0.129592877722812
0.0565018406426484 -0.0406561689943913 -0.0842516619610869 -0.297585289895875
0.0198293340129245 -0.0452877951813636 0.316947419827529 -0.260928420897825
-0.0499413391715425 0.0113972324253188 0.782107942503039 0.0423969046771471
-0.0628027011523845 0.0261748522076211 0.669692883000909 0.574807281644157
-0.0293913030069209 -0.0286597938192137 0.0999542546530337 0.760156615854952
0.00707046537515605 -0.0570319724555777 -0.122248580678892 0.415947389522472
0.048276109963324 -0.0466764478228554 0.102161365750796 -0.10095011939301
0.00892636576163933 -0.0355512896125084 0.237475896522862 -0.58904636101887
-0.0182377740215349 0.00509644007913141 -0.202388546899626 -0.859041879030455
-0.00443796946037094 -0.0151986692567899 -0.707696988328243 -0.365493939693035
-0.00748406902212183 -0.0659011993207268 -0.642618533076969 0.299655124362325
-0.00484977197287981 -0.0357330689510131 -0.294625053571441 0.380670283312156
0.00133706299221882 0.0120779541795897 0.0205161011045261 0.118038866660421
0.0758055054958896 0.115211579370399 0.00829475374651954 0.11492470067842
0.0938704824979822 0.0792712298685534 -0.0879959023140664 -0.144033920491193
0.0806390435234246 0.00171916790461221 -0.0133589515975026 -0.324113150906431
-0.0390664098892297 -0.0219955493220186 0.393708564359435 -0.237093639331858
-0.153632158264019 -0.0077098551561679 0.792058314574425 0.140135265250389
-0.141845958534236 -0.0584164010407337 0.588415324061992 0.654151522636677
-0.0257657481662018 -0.164358339894193 0.0207809812656926 0.743457153434189
0.067951012445936 -0.177468799775361 -0.0950958464908005 0.360594646857848
0.11099190658 -0.166670698449398 0.125359890050874 -0.161837998046089
0.00775806118769876 -0.149212824617935 0.144361875583094 -0.63031285039604
-0.105355492219126 -0.0839067698993575 -0.350835641683199 -0.768480107364868
-0.118121918328855 -0.0593819799473693 -0.760570239126638 -0.207569722418985
-0.0623557512176818 -0.0623284790529988 -0.594492755021389 0.373999624930459
-0.00221676372734426 0.0202811213007376 -0.224963329687593 0.373490302158519
0.0285249033194151 0.0834579219610345 0.0472928592713641 0.0930270197110203
0.109261558724874 0.166966763327899 -0.0106989594239857 0.0839112367531317
0.111975898359852 0.118093685767297 -0.0510668303959597 -0.169874017769571
0.0610895386033518 0.0334965225428699 0.104847594626777 -0.351187921323443
-0.122446557202427 -0.0138103789278844 0.499304920949758 -0.177579701617897
-0.237779554119923 -0.0521393808105877 0.768782816960219 0.29573125751638
-0.17210912462572 -0.159930851172337 0.444635972823954 0.742593623443374
0.0146532549277081 -0.276865569828923 -0.0778893601639438 0.677317662217506
0.116094641663583 -0.270539890830284 -0.042813202484501 0.257478069965144
0.116730933099285 -0.262085349352557 0.144972481098425 -0.267780362736734
-0.0495280070398356 -0.222029527331018 -0.00405469984114286 -0.671884058247873
-0.207085126902947 -0.121190478669496 -0.529021646813843 -0.617424176478737
-0.19899003796005 -0.065626930723903 -0.773714366536126 -0.00690412887162404
-0.0792494225150046 -0.0362622616153055 -0.489108885853901 0.433798252933279
0.0198120527893516 0.0797197563035791 -0.121737187400023 0.338515623089609
0.058311374013128 0.145096543991944 0.0730057633019181 0.0478673590264995
0.11598444077824 0.196875511014891 -0.0213170581997958 0.0415344743057566
0.0953839947164829 0.136040033958658 0.0106285511902516 -0.208373897056483
0.00402060422736495 0.0465345600290382 0.25492925745025 -0.363099062819
-0.203874437376341 -0.0307289503661102 0.596849662003671 -0.0676964379433999
-0.275899635652571 -0.118138321841872 0.684466494202816 0.492928991753662
-0.139511637109049 -0.25379987059041 0.251488759653969 0.802993269712839
0.0845944100523775 -0.339346051274187 -0.160622692339443 0.563982400456897
0.144275066430463 -0.321199938927945 0.0236884153759245 0.123245062158607
0.076630536220596 -0.315349912149851 0.133907154323553 -0.397452384244732
-0.12863431489283 -0.239885980538132 -0.190982618390354 -0.685051847320109
-0.275931158223103 -0.110611747857408 -0.686392026490863 -0.429506676343418
-0.216768515031798 -0.04466070733864 -0.727283156066439 0.168627420947841
-0.0512538013282751 0.00222281231287116 -0.339039720927221 0.445439627440028
0.0519138857265436 0.132179705846292 -0.00967784163306771 0.280454027274781
0.0848994527435092 0.186370001512935 0.0888995479113422 -0.00776132229769459
-0.138113525681898 -0.165117129168608 0.00813591473646614 0.060035851408715
-0.116454807027204 -0.139985092798009 -0.0413885228158708 -0.188256343374003
0.000964264724501371 -0.104331133550719 0.159164503321624 -0.351246961802826
0.257070508402638 -0.028438957128282 0.516496958637852 -0.248387122117276
0.314450795477747 0.113329116131924 0.746367333294371 0.19972557532244
0.173842866551631 0.272080497023585 0.411063264985242 0.590121381824156
-0.0384540362627701 0.365514971576659 0.00707149214698077 0.49812768491359
-0.178607280745539 0.33708465686542 0.0369431622606078 0.128001290498811
-0.13816870881519 0.36444872768833 0.229587368122795 -0.386783478278666
0.0548863390266679 0.332761587488251 0.0584296071489062 -0.791586893869811
0.276297712029919 0.218155187853875 -0.502632273260256 -0.719706825879112
0.296470314067432 0.0556366083459487 -0.695412969012851 -0.0912643737837323
0.0773433765138175 -0.0675295264831777 -0.39431166176216 0.33632150987703
-0.0612392880689374 -0.161444305747245 -0.134158422865128 0.277394098756037
-0.0931480444306814 -0.17764906590682 0.0113116312831394 -0.0112791580676378
-0.130143279617222 -0.142279558798176 0.0221402085109191 0.096556032813503
-0.117300176286201 -0.132272910490226 -0.0894804431452797 -0.148753480778866
-0.0406610003382795 -0.11923361908958 0.0312575850172147 -0.30658942916248
0.174906383474569 -0.0628986797581324 0.41452736877082 -0.275665845041951
0.26150833427275 0.0647469143912364 0.77145752783307 0.0730726979848259
0.183903234971469 0.216301168177461 0.552853970058852 0.542422003014273
0.00447204079897373 0.321042414624854 0.0750650401767319 0.596640992710521
-0.156425425437372 0.289023988806592 -0.0312058395913149 0.258220580600577
-0.16663129964977 0.304355378539778 0.200145275016322 -0.246657512426462
-0.0277776691790111 0.304782507004615 0.206255038339586 -0.712811736750454
0.197699473401167 0.247268910058264 -0.321392055234439 -0.846266829507885
0.284039558768935 0.093177421708361 -0.691986131101443 -0.268537461669886
0.117581476441973 -0.0557279557565001 -0.509209028346912 0.295085478116451
-0.0208768689642747 -0.148332192466565 -0.220062772875648 0.315252655793802
-0.0710926804856336 -0.162418319379275 0.00193339544912081 0.0426558138579457
-0.0947383894476035 -0.097226526020421 0.0322322453105577 0.121302728661658
-0.0813418986394644 -0.0984681347840519 -0.109158646511866 -0.130332107242916
-0.035742117252127 -0.111537897943989 -0.0606660796239753 -0.281237700458299
0.10509596223802 -0.0753239980265222 0.330787472990277 -0.27608701524582
0.165386634632197 0.0345284394845085 0.769306241185064 0.00390653493763316
0.131499387422123 0.154220593030394 0.650950248329513 0.513016075323469
0.0111748207727236 0.228509290758756 0.130073823930051 0.677178296708106
-0.113994696073112 0.19648264744333 -0.0840434904709455 0.359121417353747
-0.132041449298845 0.201965815124985 0.145349892455605 -0.144651323104352
-0.05664659794255 0.215317507137367 0.269233118888266 -0.63184328379556
0.113141118779046 0.207956332569359 -0.187595950213812 -0.896869996061061
0.214358504889878 0.0900917405516665 -0.673085013091548 -0.38843590629327
0.110748799532852 -0.0502743164700266 -0.591171489797173 0.26158980712586
0.000388481759826852 -0.12086114993313 -0.283635800522246 0.347672734842475
-0.046388864205957 -0.120101153720835 -0.00237695730025356 0.0877096929609321
-0.0403477754195717 -0.028555973960087 0.0373006654146801 0.132306406409851
-0.0218034052285116 -0.042960586215636 -0.115489709080432 -0.123210396900921
0.00643538869446564 -0.082836725564181 -0.102305168273483 -0.27873809849168
0.0588323554709498 -0.0683565600159537 0.291224872041143 -0.274796747463365
0.0586379092092342 0.020552142427035 0.772773339780797 -0.010369800840664
0.0388047162863779 0.0941249029089963 0.695768267518797 0.516853444629377
-0.00771733010879965 0.108400967679515 0.148947460461787 0.733778907928979
-0.0573913039068221 0.0752815750619115 -0.113958738551522 0.415868086754358
-0.0477344674665565 0.0793144062678623 0.105965018888001 -0.0956041964032731
-0.0305042099224803 0.0930668853973491 0.273448633370158 -0.58598305791001
0.0480870031648787 0.115667223980301 -0.153648085827097 -0.895924169587945
0.112503504414635 0.0456988954159778 -0.677843912258379 -0.418955481985532
0.0597348538769657 -0.0571998129473856 -0.634031249485045 0.262119188249566
0.00220450146452268 -0.0825126301975661 -0.309323828356552 0.372326042727357
-0.0230758734911905 -0.0595889864774531 0.0042984079032456 0.115583829703835
0.0222631130859177 0.0460111269146219 0.0267328932636686 0.130497463337382
0.043972941727951 0.0207816725957247 -0.108628899718496 -0.127981709839865
0.0559685524191902 -0.0419003198395547 -0.0898449769934981 -0.296748561192973
0.0186587167383967 -0.0466505475870015 0.313821594145842 -0.268109546670002
-0.0498808703712572 0.012098057349644 0.78346589326227 0.0300459244337088
-0.0623079468811401 0.0271168396186634 0.67939093065508 0.561722868917327
-0.0298012796821202 -0.0291390426894773 0.112604162142096 0.75797106962619
0.00586314147719486 -0.0567034950384385 -0.115874493898481 0.417101776266193
0.0478886850876089 -0.0482689888498677 0.100784820237759 -0.102353037195122
0.00822297047480591 -0.0360890967497366 0.229462801351572 -0.592441366457014
-0.0175455033697809 0.00580134006510529 -0.215526336096378 -0.855567806074614
-0.00429105080546299 -0.0154812103436237 -0.715273171680134 -0.353331322494424
-0.0081254043835706 -0.065862013668185 -0.638485969905139 0.308926564935333
-0.00535228637114909 -0.0350016333565822 -0.289050567702537 0.38565703783551
0.00178229622061298 0.0116581451589759 0.0219713851594626 0.117811097946331
0.0778046213576456 0.112839335400733 0.0096398307670204 0.113663065556639
0.0937379329574769 0.0779104877209386 -0.0898953325661141 -0.142702597921121
0.08050274427436 0.00117399775869607 -0.0183126637395701 -0.325744393427161
-0.0395234052246314 -0.0224950554141133 0.390362064550148 -0.244660641843233
-0.153930118563566 -0.00429149781236909 0.794769102994134 0.124791939879
-0.14256493829864 -0.0567931092926965 0.599977176819334 0.643519667174773
-0.0284656049740104 -0.164932415400554 0.0316728371019628 0.74284321810125
0.0649621074767726 -0.179124170702534 -0.0885598861425093 0.360927927155254
0.108904059071454 -0.168572058345929 0.123041017284809 -0.163874395815784
0.00538779861496082 -0.148606828814876 0.133282630658443 -0.633720716342367
-0.106705431926893 -0.0820468610659059 -0.362777654572144 -0.763574177698193
-0.119326941347517 -0.0579645684228813 -0.763795423949173 -0.194875375412363
-0.0636023872936803 -0.0609373454536295 -0.588284439717658 0.384738380004587
-0.00265754835661856 0.0210168952412395 -0.219924194812996 0.37824830044292
0.0304302727000282 0.083113346070485 0.0479987061814852 0.0924219537858055
0.111652105400478 0.164400998401476 -0.00928980845139393 0.0836258944464184
0.111919074949803 0.116838917719994 -0.0532130711992933 -0.168845140256819
0.0600944805366024 0.0329790742679351 0.0998426900099946 -0.353476693821386
-0.122592413375813 -0.0123818481284906 0.49804493364859 -0.188446837609851
-0.239667588226711 -0.0479520399590644 0.773341810283705 0.28336083780793
-0.174751558516456 -0.157099548632277 0.454486186963366 0.734063064632224
0.0107173294706886 -0.277476196912469 -0.0673358939034357 0.677062231101182
0.111435718243603 -0.272629889788575 -0.0387705508909984 0.257734299642225
0.113821913664283 -0.265143830107922 0.140853108663137 -0.270596600520796
-0.0535507868716615 -0.221780705195143 -0.0146919118465871 -0.672785434274665
-0.209023923313251 -0.118352550959319 -0.539445998548951 -0.609438226868822
-0.20002174987406 -0.0630560790244333 -0.776010374284699 0.00663811077833592
-0.0802173835033876 -0.0344222511268524 -0.481600454759441 0.442751467259636
0.0208207625560766 0.0808429149268732 -0.115879221289446 0.341202821942021
0.0609230565374966 0.144621090860625 0.0736053717927955 0.047093740172293
0.120498859935936 0.194744908150117 -0.0206074134086965 0.0425361878593117
0.0954897966237741 0.134977152632993 0.00774556123858868 -0.208571408306709
0.00349348600066096 0.0473749737679072 0.249006627789115 -0.367482616135958
-0.205601244185935 -0.027903162458643 0.597808096067778 -0.0767847469050755
-0.278172411438439 -0.11273907958667 0.693275031592553 0.479754133464821
-0.143343681812436 -0.253233374732719 0.263231665016053 0.798427146529959
0.0797283398366042 -0.342229114821257 -0.151088480112127 0.564737464768463
0.138756983997685 -0.32385604209284 0.0250979421189267 0.122732535458392
0.072148236665271 -0.317365991213924 0.127391663312187 -0.39961230296657
-0.132207551841872 -0.238349589139925 -0.202940613718113 -0.680863873851882
-0.277894670486366 -0.104858607224051 -0.691092291206742 -0.41750636653155
-0.218246025928936 -0.0415218410350061 -0.724109918955585 0.182869191196416
-0.0519643706123453 0.0045491985714108 -0.331511670462385 0.451802089182442
0.0539921442163999 0.131404886961648 -0.00522261416119785 0.280965254657862
0.0875493683126789 0.184874465911833 0.088414101492405 -0.00908497867867355
-0.140534758392082 -0.162605155036979 0.00942624147265241 0.059133114053064
-0.118399248004013 -0.137517202174647 -0.0438054806625161 -0.187305635217153
-0.00136122033355445 -0.104532307581725 0.1532580152497 -0.3551052167686
0.255962004566215 -0.0334202265898416 0.512714512800162 -0.257684805805316
0.316608406525531 0.108506763552739 0.747994491726489 0.18503444395223
0.178552064132346 0.26900085169403 0.419314813750163 0.583001342266658
-0.0337991018181018 0.364972641439841 0.0153217626036241 0.497605933535636
-0.17153001079888 0.339021323858647 0.0389341819020405 0.126749433914576
-0.13215053820978 0.366033518979653 0.223447175319813 -0.389726953183386
0.0610221792795824 0.33153665735079 0.0467625687573878 -0.790624608774891
0.280005568435165 0.213079310990329 -0.512253330163159 -0.709415813725772
0.297096131178369 0.0506356757178584 -0.69435732389103 -0.0795162896689955
0.0771987292242543 -0.0696518305255373 -0.389433567566235 0.342015531861645
-0.0623993658882465 -0.160596645101878 -0.129808297417708 0.28015155596733
-0.0937407301327467 -0.17512778635815 0.0113180169518186 -0.0110307490599592
-0.132584014133635 -0.139620538224075 0.0243927654518088 0.0951017244830385
-0.118955508010581 -0.129763492904135 -0.0902609232354229 -0.14769558200457
-0.0427735967837426 -0.118508777903885 0.0259326746119219 -0.306996145677076
0.173917909928074 -0.0659649715763327 0.409924235941605 -0.283614949548993
0.26142253258085 0.0609104020705576 0.771755139663248 0.0600112157661016
0.187264421627937 0.212841065461945 0.561517809811779 0.532807534447258
0.00847803668440528 0.318995557973493 0.085117988825759 0.594641006535237
-0.151790870120702 0.290562064454451 -0.0271953030803016 0.259042388846015
-0.160936110907867 0.305786467515583 0.195101170389483 -0.249390700950342
-0.0227646652769937 0.30461509624271 0.194328463335312 -0.713105921497227
0.201803903655186 0.244305409200804 -0.333531839251783 -0.838102383029196
0.285068016600265 0.0886890574818721 -0.695499248703399 -0.255806253460504
0.116686239840783 -0.0576740594287463 -0.504274263276905 0.303347435766892
-0.0225586200791161 -0.147761750961973 -0.215730776753859 0.31905293261933
-0.0723839484309954 -0.160118426555139 0.00270488346802097 0.0425543519097263
-0.0967272206444515 -0.0956396271270981 0.0344900031558523 0.120567082655221
-0.0813845727996943 -0.0969487074922204 -0.110573510259606 -0.129451496311022
-0.0376549435890912 -0.109818975021058 -0.0650545655339943 -0.280600680165742
0.103036268134225 -0.0785844596725293 0.325866118403026 -0.281331568725983
0.165707380146731 0.0311635699163809 0.769138755769885 -0.0109084233779304
0.133402113146204 0.151883769293236 0.656915301692425 0.500824960204359
0.015776481412445 0.228341693505573 0.140735360456568 0.672301639906224
-0.111044782622702 0.198161671120696 -0.0791343424072313 0.358445656894499
-0.127421845783674 0.20344167729968 0.143431458886499 -0.145650586083609
-0.0538025233068315 0.215603582953234 0.260196553114379 -0.63222927298124
0.116570029832649 0.206287999125049 -0.204511976685845 -0.892367681867035
0.21471291970441 0.0862816163288626 -0.677629232599604 -0.375727440478532
0.110014180176889 -0.0525018919477492 -0.586898380275247 0.270179293219368
-0.00100125752317512 -0.120053481564704 -0.27772706985432 0.351891083688915
-0.0474315102546722 -0.118356521903391 -0.000728679052327971 0.088074454430633
-0.0413932308560773 -0.0282041981879667 0.0388798652281989 0.131297813682489
-0.0221907266229797 -0.0419149543494358 -0.11711910537058 -0.121421017426017
0.00476663477219709 -0.0829830293712235 -0.106314681083611 -0.277461433509309
0.057010065073798 -0.0701891210784606 0.286642131722891 -0.279569563621432
0.0579827957706918 0.020072555098807 0.770948701784367 -0.0255438644442269
0.0407817714422771 0.0932651164378915 0.70195545613252 0.504630076980054
-0.00603876249443714 0.107316603058465 0.161149508093277 0.728597130552126
-0.0560494866065263 0.0754565231399968 -0.107248855112722 0.416603540754881
-0.0466999843256346 0.0795414852533058 0.103208346693164 -0.09707010548288
-0.0290435542694053 0.0936352121987971 0.264028451363221 -0.589720095749306
0.049538468890483 0.114499053173415 -0.169076154001351 -0.891540354876709
0.112862758535391 0.0438793022850063 -0.683897306460694 -0.406734082406346
0.059168954122629 -0.0589378612020417 -0.629435702682996 0.272782639161805
0.000903606909143461 -0.0819065959821699 -0.303700022793534 0.377202353879901
-0.0228477825384507 -0.0579577897668885 0.00589997316309433 0.116439127572053
0.0228102960418608 0.0443083278048132 0.0290569194006935 0.129390636327407
0.0437401534361584 0.0200741038493362 -0.110769385340165 -0.126387150044231
0.0546240383691488 -0.0426572188862522 -0.0934828354443496 -0.295817418166988
0.0181818166080244 -0.0478961151746635 0.30801898758647 -0.271523535178782
-0.0498722984414729 0.0140540566605785 0.782674848239202 0.0144747366040359
-0.0615549323122591 0.0281656584720097 0.687979251756847 0.551750837818471
-0.0298100554458408 -0.0293307974987244 0.125169549415059 0.75472123677773
0.0048325608509686 -0.0568041384280443 -0.108470294387775 0.417808632867568
0.0481475393876541 -0.0498989080882289 0.0985373351045573 -0.103445807313633
0.0068923579850577 -0.0364117762990925 0.218386871531942 -0.593662738802199
-0.0181124039212679 0.00494743867166319 -0.230411906153382 -0.850644910174568
-0.00515492781594188 -0.0149792595997009 -0.720013550426761 -0.34007206468743
-0.00964135735859726 -0.0656427768384251 -0.632768856531997 0.319126161197999
-0.00455322134327392 -0.034417887134425 -0.282692860455015 0.389796595990104
0.00270457785535132 0.0118954247911877 0.0230995316370686 0.117293987460211
0.0787549407075393 0.110740788997678 0.0110052385523259 0.113454349542929
0.0941828480214424 0.0760982384815907 -0.0907409076363805 -0.140554836585329
0.0808965453368912 -0.000556897555758544 -0.0236766887460377 -0.325132895214293
-0.0395408448393338 -0.0221192271643822 0.386830651980077 -0.251799667961293
-0.153788266955698 -0.00135906753575864 0.795869858930704 0.111434061487538
-0.144047107901966 -0.0545195298622794 0.608679838141466 0.633619108389354
-0.0313237059530267 -0.164287957572303 0.0445773095350001 0.742279051683515
0.062116756023506 -0.179870747366361 -0.0834601455417676 0.361259023021884
0.106349703842768 -0.17033890380945 0.120070851590109 -0.165542411086004
0.00265798325331198 -0.14912082421162 0.123785701805838 -0.633222861231301
-0.107873403200778 -0.0803023660826593 -0.373201604287774 -0.756135510266335
-0.120109126176705 -0.0558984913732858 -0.764774418175844 -0.181737934065796
-0.0647118379634423 -0.0588610096042267 -0.580593034261166 0.392477081434573
-0.00129059696454649 0.0222028214730658 -0.21348179889854 0.380765405289777
0.031904350205085 0.0825945485105371 0.0492088221263171 0.0924191196277735
0.114122912995525 0.16184772658511 -0.00855488494338807 0.0840217411241278
0.11279769715994 0.115903399601065 -0.0546219106922998 -0.168096439342578
0.0602302339770173 0.0316602691211815 0.0942445478163513 -0.354838503027348
-0.123006626047804 -0.0107764103909025 0.49502865984362 -0.195315413271303
-0.240355188745077 -0.0425152994354105 0.777039850834348 0.268632396728273
-0.177577939728431 -0.154846013187897 0.467064828884658 0.724095985127106
0.00679639278573479 -0.277488685567955 -0.0570763927704546 0.67717493566407
0.10713486552873 -0.273908365644464 -0.034729430449762 0.257952534278964
0.108452346861538 -0.266368670155081 0.136476898092974 -0.272244883604218
-0.0561692806579217 -0.22133731074434 -0.0235711187444857 -0.671533067362886
-0.209918335203388 -0.114597092606256 -0.549671311532643 -0.598157370394859
-0.200896136357258 -0.0598964452935389 -0.77528556425808 0.0196406681165075
-0.0807127926487205 -0.0330399581918627 -0.471824024313773 0.450833461180205
0.0217729016839591 0.0805233515362719 -0.110277540591692 0.34329780971179
0.0638544510261503 0.142530841895548 0.0738565024245222 0.0461575798171876
0.122914280950749 0.191309375656528 -0.020335704640902 0.0422284166484951
0.097624556212915 0.13351558637825 0.00502533812441581 -0.208627536843947
0.00449438813689325 0.0475670750140847 0.243708462049832 -0.371668967345524
-0.206059504389676 -0.0256551899845049 0.596156090553919 -0.0865281622087591
-0.279139559106088 -0.109450626482099 0.699835493963728 0.466381982389645
-0.14722253333818 -0.250180003648377 0.273462471630847 0.792356096158519
0.0735505546670735 -0.342365749934818 -0.141979699348071 0.566177614254842
0.132720419306963 -0.325149768979904 0.0274853130864614 0.122042745678649
0.0669746087127887 -0.318144177242391 0.120513536578765 -0.400221621068803
-0.135445295191254 -0.235514958971705 -0.212813582047507 -0.677386620698467
-0.279640218341154 -0.100405167309662 -0.698945455314419 -0.405907878950859
-0.218505098991092 -0.0374877476618829 -0.719769943091645 0.195478962998829
-0.0514646560162328 0.00568428900405303 -0.323639983758759 0.456355146442726
0.0562346315913774 0.131427513970706 -0.00070123544004027 0.280168313201123
0.090393447333897 0.182341787641525 0.0881820168693879 -0.0107724948414813
-0.142698379028313 -0.159926974133312 0.0108255695145429 0.0582505412676613
-0.118437626356378 -0.136152596661087 -0.0460866126269838 -0.186522777012947
-0.0034467250987388 -0.104013700729663 0.14691505072795 -0.356265409391825
0.253489618845691 -0.0376333918655525 0.505338512870832 -0.265320641880902
0.316573599580927 0.10287506797324 0.74822492651536 0.171535010107477
0.181691778034328 0.265687882188131 0.4266215667561 0.573318368557005
-0.0287534590278177 0.364228461497372 0.0226351362702539 0.49535582042351
-0.165939060990982 0.341611413516909 0.0410564641673105 0.125177018918531
-0.126644731669603 0.366554686865722 0.216462789914334 -0.391090402074717
0.0641875955127809 0.329041751054963 0.0358530338144343 -0.787598319954838
0.281972102669425 0.20827085234662 -0.522129623606649 -0.697853324631567
0.296797374709493 0.045545115418147 -0.696567196732666 -0.0685031616073605
0.0755939536975792 -0.0709661460358291 -0.383112924875675 0.346526928957836
-0.0644228182609853 -0.159682076394314 -0.126238809194327 0.281708840512952
-0.0956419947763835 -0.173392043298451 0.0110864436858088 -0.0104458273189777
-0.134269193608722 -0.137993021447797 0.0256429703375306 0.0942959735937932
-0.119796844337443 -0.128166611096164 -0.0921509923434989 -0.145847574634681
-0.0436833783870929 -0.117628933983461 0.021184332530425 -0.307380594831421
0.17154816727943 -0.0699748471607125 0.403734163614565 -0.288790802095426
0.262449878181892 0.0564704920377396 0.76888686447232 0.0450407600893552
0.189096528041752 0.209334446302812 0.564617491781114 0.522785688265029
0.0139944740336515 0.31783369525485 0.0945850751821215 0.591188860666483
-0.146770185361171 0.292139536723713 -0.0216105830143094 0.25701092229096
-0.155943720273282 0.306103077475165 0.190789330932041 -0.250040631808326
-0.0197725667026283 0.303550737237036 0.183246067955101 -0.714467103287766
0.204102537552297 0.240619792570464 -0.344998467253834 -0.831115119325391
0.284680275588514 0.0828424733868095 -0.697241194298249 -0.244207017461769
0.115570528904894 -0.0592310205605922 -0.498399348562085 0.309274648958112
-0.0241863994722115 -0.14723687975085 -0.210422851760965 0.321966691266076
-0.073968323630817 -0.158822890819301 0.00357746289603917 0.043241438162091
-0.0970834749682137 -0.0941426666416195 0.0366942998186465 0.119276115013452
-0.0815757081903144 -0.0951775737686875 -0.111819911820303 -0.127234115119417
-0.0382599657079325 -0.109904305031683 -0.0692735244835685 -0.279630482963469
0.100450199875355 -0.0811086642041291 0.320835003551537 -0.28630836721795
0.165434189987211 0.0295042884355538 0.765580383531334 -0.0219769334500907
0.135446651273305 0.149772783793097 0.662447662313548 0.48856454296363
0.0185441761798938 0.226104976307503 0.149552850892079 0.667686294120764
-0.107440056237722 0.199582502884271 -0.0724899823043242 0.358638694207836
-0.124986499780061 0.203628692571751 0.139295244354963 -0.147038451498894
-0.0510307694105958 0.214867879599621 0.249998423237106 -0.633757571658473
0.119126643059833 0.204568692742786 -0.213710011611988 -0.884110025961276
0.215073236756927 0.0825299742011167 -0.68137511046261 -0.364688857315001
0.108396880143045 -0.0535773537808315 -0.579726457589939 0.279523436868821
-0.00195350605065419 -0.119317069484243 -0.270927353903377 0.355289226689206
-0.0480682939452371 -0.116943214296868 0.00033370769150827 0.0882533761224644
-0.0411108158278703 -0.0280721085349415 0.0407825801016137 0.129540451157248
-0.0231006115670105 -0.0413843712081403 -0.117326644967582 -0.119633926038788
0.00420909983786046 -0.083205438217243 -0.110053524241455 -0.275766966934144
0.0549819233714569 -0.0715845578432969 0.282829821847421 -0.282775583023651
0.0588194584219335 0.0192988243544821 0.767914330912571 -0.0380570236461618
0.0420152781013725 0.0929712244531389 0.707920504894425 0.491644731800805
-0.00478565794059061 0.106794602509589 0.170602640962661 0.722872808543799
-0.0548897529204295 0.0763789457956665 -0.100256714145001 0.415413716277656
-0.0452618841200196 0.0788556255687324 0.101740177165801 -0.0973674075940765
-0.0279439572036921 0.0937019447111941 0.254699445447218 -0.590677946727688
0.0510309522133614 0.113573547029873 -0.179974324212262 -0.885262853523447
0.113205231038849 0.0416927257494685 -0.687658241053301 -0.394617885939845
0.0575308065838378 -0.0586789764915106 -0.622105139781987 0.280993340871108
0.000283194744990478 -0.0812217968137976 -0.297077413314281 0.379830653699486
-0.0235224961847874 -0.0580191540609545 0.00739141481763166 0.11580141916439
0.0236069304285236 0.0431389187120459 0.0306264253457542 0.127707724451978
0.0432468842513919 0.0201556601210325 -0.111079200998735 -0.124702152555392
0.0544775712870464 -0.0424905485287219 -0.0974391439452449 -0.29368284640494
0.015985055798532 -0.0482477236798214 0.304681092079684 -0.275849200260768
-0.0488712080132457 0.0162228134543163 0.780541648128303 0.000176751462929849
-0.0615126413645298 0.0292052338245064 0.692870448216859 0.538613528297462
-0.0318608011293095 -0.0284950030035068 0.135123644149126 0.750311890416724
0.0035112934787742 -0.0569143272205221 -0.101785363867233 0.416886838266992
0.0464820858720132 -0.0505691502004621 0.0962558178859963 -0.10373429426303
0.00608232302613288 -0.0356901176375861 0.210934398338574 -0.594808861005527
-0.0176710450259842 0.00610222878882953 -0.242011958921575 -0.844429376909364
-0.00537680999103028 -0.0144931207301152 -0.721858931106676 -0.328281216051794
-0.0111104620439084 -0.0647229104729663 -0.623110616671562 0.325253000753824
-0.00548188466143643 -0.0333818441494773 -0.275465834819348 0.393310105843916
0.00350917693046036 0.0125256542901759 0.0250356481287109 0.117347844408488
0.0809558556059926 0.108399077782091 0.0119941005273229 0.112399712561635
0.0936914956247797 0.0758945512089976 -0.0915182471489805 -0.139112852103196
0.0803498504526754 -0.00117459259878952 -0.0282237447558302 -0.323936036334305
-0.0407465030732147 -0.0218926061381798 0.382909380647071 -0.255999615871236
-0.153589280098342 0.0015373057751465 0.79623742435702 0.0974243441508506
-0.144963469099394 -0.0522886599176969 0.616877489512914 0.620863216386785
-0.0339461087492021 -0.164481128492344 0.0544865113009125 0.73709391862134
0.0594309197791062 -0.179653271349448 -0.0774606787731287 0.360337005706919
0.103084326195501 -0.171597118609699 0.116571000080891 -0.165766607179868
4.1657506821953E-05 -0.149041238637702 0.114417548324174 -0.632647416216007
-0.108472472751762 -0.0777448524326566 -0.384062798629609 -0.747170259510421
-0.120313027815746 -0.0542614483108819 -0.76582297815604 -0.168699350296461
-0.0658732527214902 -0.0579089309697638 -0.57080846088976 0.401775946787241
-0.00137202762377621 0.0227574957900512 -0.206965076858575 0.383123490289713
0.0334701648896153 0.0819928133288079 0.0498669514894976 0.0912347888655562
0.116232224427304 0.158236069278667 -0.00720453869157059 0.0828169174355887
0.112707009152963 0.114958453380659 -0.0556862332881357 -0.166312096081947
0.0602459230941772 0.0314444516038221 0.088401633478594 -0.355858785814314
-0.123489952866204 -0.0094520305020887 0.491792713470162 -0.201895335985417
-0.240982975998242 -0.0374540379476859 0.779734325432699 0.253581398341684
-0.179023590682553 -0.151661340070482 0.475754742834834 0.714507768859557
0.00211371408210621 -0.276576765890783 -0.0473110141023841 0.674880224938891
0.102731569392693 -0.274364966901842 -0.0307975202813876 0.255907423124993
0.104827809727706 -0.267663373356115 0.132209757440439 -0.272826763093791
-0.0604070107768869 -0.21959062908393 -0.0348330996619106 -0.665425938612464
-0.210386887336714 -0.110542401373342 -0.556549270481847 -0.586216868125766
-0.201342624102937 -0.0566042333738012 -0.770755754576558 0.0331499745239691
-0.0811725546237457 -0.0311922626372792 -0.463541827738027 0.456697811762124
0.0229624361505458 0.0809285098051936 -0.105164310375283 0.343911203254343
0.0655097792386383 0.140869629277974 0.0736923327705527 0.0446896026588874
0.126376936338738 0.188066439879944 -0.0207231690308698 0.0420692836314487
0.0977734523090768 0.132767146979955 0.00288499901144461 -0.20812696151216
0.0047277864315428 0.047539302874515 0.237818760298625 -0.374448488857818
-0.206083108802267 -0.0223919435762973 0.594116581569513 -0.0955331658933503
-0.28106921537324 -0.102589374084953 0.703269534106988 0.452965381529975
-0.150610401045356 -0.248175551658409 0.285985386067988 0.784836761906926
0.0696710189126352 -0.343115922826376 -0.135603434270675 0.566451414962826
0.1272377038552 -0.325943460749417 0.0285542623519005 0.120972125443211
0.0625372593187893 -0.31887831309645 0.11333084791396 -0.400500624996568
-0.138504807568828 -0.233620577664108 -0.22258415606236 -0.670722422248186
-0.279774502143854 -0.095994437000929 -0.703071151115409 -0.393053656941919
-0.218001434467182 -0.0326018789511082 -0.714834262181813 0.205701298667581
-0.0518321860836605 0.00683067233921169 -0.314471365217562 0.4614222182337
0.0574754166810201 0.130449735315274 0.00334958262457086 0.280162867825687
0.0936051735276933 0.180402397927843 0.0873674632513885 -0.011345052016837
-0.144185051668619 -0.157158021880146 0.0116606033244266 0.0573184216271601
-0.119097730328225 -0.133382027553904 -0.0479834396437012 -0.184850687578286
-0.00468243038988666 -0.104518074627128 0.142419293091226 -0.357336634484493
0.250719578788696 -0.0430004117229349 0.499211450027384 -0.271502442014151
0.316635331027708 0.0994418573825842 0.745015460023334 0.158456142025467
0.18439761170892 0.261323449194553 0.429779913941653 0.564355764466665
-0.0231431825122024 0.361579546686682 0.0297678476253999 0.491690038391447
-0.160635814151131 0.341981446286479 0.043407626810891 0.123201507159229
-0.120806420435489 0.365228311432872 0.210290464959187 -0.392942466365172
0.0679764216737652 0.326686201190304 0.0269887564550082 -0.783789423531343
0.282858510768203 0.203954317705487 -0.527512018990712 -0.688381884236102
0.295497897386472 0.0419055790837184 -0.692872071035583 -0.058757000033216
0.074109485432418 -0.0724128996339148 -0.377648218918432 0.350636840314471
-0.0648236376928089 -0.157786410654573 -0.121328833071122 0.28276509199947
-0.0964552197336499 -0.1710966983405 0.0110306566792946 -0.00999546555089534
-0.135100415753406 -0.135929136195391 0.0269750803127638 0.0924519566162947
-0.120341774629277 -0.125694451661077 -0.0932638478392109 -0.144549355569274
-0.0454418834496132 -0.116562599726475 0.0171614081981379 -0.306723628502397
0.16914717570055 -0.0730104473789882 0.397589924820784 -0.293536164126845
0.261808728563426 0.0526364317479386 0.765537008283521 0.0324720898342732
0.192462615848937 0.205715584942901 0.569757602201678 0.511270417499525
0.0180599576438319 0.315684571309221 0.1012761281698 0.585792806276712
-0.143022793965964 0.292977532951266 -0.0182627199646735 0.255867294432875
-0.151641807175052 0.30613280724287 0.186419545356872 -0.25120257900802
-0.015088407641664 0.302340622549114 0.175327539691018 -0.711310031428863
0.205880150936706 0.235958247821664 -0.353146798646845 -0.820128976422769
0.284608207141267 0.0788626718268043 -0.696901373301344 -0.233529573406177
0.114105305837314 -0.0611214182535591 -0.491579113872987 0.314415738948639
-0.0244129662842128 -0.146125282792391 -0.206026780393131 0.32324293344869
-0.0743304651747396 -0.156602869020315 0.00411419629029292 0.0434419291884707
-0.0979968278793271 -0.0924789827300008 0.037586785888741 0.1169827484304
-0.0827193305262907 -0.093098069941254 -0.112157037150987 -0.126149516342797
-0.039817683191999 -0.109631949432612 -0.0727786992929711 -0.276510340189838
0.0989293230060239 -0.0828208023889371 0.315107726865204 -0.290185931173556
0.165573753652824 0.0272848172815566 0.760845549571751 -0.0332692369780591
0.137513799280664 0.146842215077053 0.662885743823091 0.475656035393632
0.0218655321628205 0.22479197783558 0.15770219963047 0.662551356350499
-0.10445511079625 0.199706471200475 -0.0678734147437134 0.357551476178057
-0.121873931442426 0.203632693100194 0.136742355367499 -0.14697969136128
-0.0481723180648849 0.215276218313439 0.241663838668299 -0.632612825816452
0.121549512470399 0.201133154488044 -0.225243436819186 -0.877141241059448
0.21482805239168 0.0794091715152815 -0.681868544524836 -0.352873147704992
0.107141979510933 -0.0552817370997106 -0.573301839399088 0.28385084513287
-0.00267754186113097 -0.118809056857073 -0.266633174597651 0.357889865485802
-0.0485002141210696 -0.117014045981617 0.00108074063327539 0.0887175994190122
-0.0409832594395592 -0.0276575213836212 0.0419209414918779 0.126809338564462
-0.023116273198836 -0.0406895819706497 -0.117093677416357 -0.117271537186664
0.00283069559343819 -0.0825727140418882 -0.113074882784748 -0.273329972536644
0.0529266550118247 -0.0730015597249661 0.278332385219299 -0.285723980259499
0.0592666466589595 0.0186753704769352 0.76254536229468 -0.0506674822697501
0.0432097557785597 0.0915164911648956 0.709594413605808 0.479306458876354
-0.00311020852111803 0.105912318042265 0.179280457796038 0.717506824037866
-0.0535793690835374 0.0763358044895746 -0.0940680875275487 0.41408507112685
-0.0441426271018015 0.0790513590850163 0.0992689874145913 -0.0976474403346579
-0.0261100343310108 0.0930712029803152 0.245792100534993 -0.589505700404483
0.0523927140349791 0.111830901629091 -0.192492623152482 -0.878443914689538
0.113584045957073 0.0394076273668907 -0.689342337757271 -0.38474369367608
0.0564923282362111 -0.0590295587689539 -0.61425118066737 0.286845570792054
-0.00034465396629628 -0.0806099567958017 -0.291131523802538 0.382108472783366
-0.0231279714860071 -0.0574625252935832 0.00867349083638118 0.115368154548257
0.0237999715706352 0.0416186875285241 0.0320396571756867 0.127078720904569
0.0429727256477502 0.0203030273465196 -0.109921703579766 -0.122123944121038
0.0535537032764023 -0.043310634915125 -0.10048422392173 -0.291472886955901
0.0158356951274603 -0.0486293523918978 0.301081899461379 -0.279619048753366
-0.0490416647307516 0.0167156557531773 0.775808859248813 -0.0130683982188794
-0.0608584847293291 0.0292637895502719 0.695554870345941 0.523583925858283
-0.0310412970045349 -0.0292549003240306 0.143475147495846 0.742977910429878
0.00263386102796598 -0.0559109634428095 -0.0966535209662193 0.415972355532917
0.0453118290594803 -0.051659949501732 0.0944993952425131 -0.104064780242596
0.00604199727346134 -0.0354091674473182 0.201903794278263 -0.592630796628223
-0.0172037674268704 0.00618402829694149 -0.25092084919704 -0.834255926532448
-0.00544374269944566 -0.0153404247776305 -0.722578761223162 -0.316216388236787
-0.0121715266818115 -0.0641850739456123 -0.614471361590096 0.334009974709205
-0.00579895168599912 -0.0325491560680727 -0.269736941994054 0.394937302213484
0.00414543394499611 0.0116045998525754 0.0257256485353125 0.116777773900307
0.081955251671594 0.105256862335007 0.0140382909222256 0.110841511474995
0.0941736465964684 0.0742402267407982 -0.0918926484013321 -0.136758036811209
0.0796232797825471 -0.00198359792108024 -0.0323763902913642 -0.322817742714925
-0.0418713463765772 -0.0211013172533458 0.378713868394591 -0.260779588747197
-0.153287947120412 0.00471075316179063 0.792499155243217 0.0831533403599303
-0.144401145966182 -0.0502836287545868 0.6210562175824 0.607876969785095
-0.0359081065011102 -0.163533062591096 0.0639364044827316 0.731877596045741
0.0556263969428656 -0.179671041012742 -0.0722452305506747 0.358736846517826
0.101084863351866 -0.173179160553295 0.113642718327358 -0.166072594923475
-0.00181423603577462 -0.147778865983013 0.105877280975612 -0.629373851398385
-0.108864522057986 -0.075718670289576 -0.390689511557106 -0.737262993072815
-0.120331920998451 -0.0522716260080914 -0.76318945590244 -0.156933442677308
-0.0662306204748947 -0.0561687923672286 -0.561243379532629 0.406748102401192
-0.000790961604563687 0.0230699739674427 -0.200803552246585 0.383810306355962
0.0346868139737178 0.0804588816230176 0.0502873942389919 0.0898597144232058
0.11815039660068 0.154362608856081 -0.00715182277786142 0.0829585607617984
0.11257628818882 0.111948423580707 -0.0572550807107522 -0.16479937561814
0.0608209042859457 0.0313871497041781 0.0843225818734337 -0.356245994165065
-0.123249877434127 -0.00828838865372082 0.486236269953023 -0.20828716739706
-0.239963820070823 -0.0337914086849636 0.77934114587943 0.240291647967302
-0.179684968885677 -0.14957505308794 0.480999588176122 0.703042581096194
-0.000936031197707052 -0.275601895436005 -0.0392805930559256 0.672662030287676
0.0978369211661504 -0.273974339719638 -0.027348407994231 0.255072139179212
0.100804898578405 -0.268931041794611 0.125881011321021 -0.272120226292079
-0.0623662311887385 -0.217398986565136 -0.0420794789141802 -0.663700326863386
-0.211010076673446 -0.107699048526538 -0.559694203174373 -0.578183409171359
-0.20079502675488 -0.0529616821813276 -0.766274353689807 0.0448996212675013
-0.0814233999820915 -0.0298045220717356 -0.453406144214139 0.461948547854056
0.0241053322628166 0.0807867233380157 -0.100238468549474 0.343590297894288
0.0675309372334718 0.139576996601635 0.0739204537883828 0.0432252290013144
0.127441544724145 0.184726406343095 -0.0196682618967162 0.0420545609286489
0.0981470268911429 0.131193603783438 0.00088113977868062 -0.206333854397116
0.00454103954980117 0.0481665221348327 0.231270454634527 -0.377032720448002
-0.206170016647902 -0.0199118277538838 0.590951407174354 -0.103107071394082
-0.280828656205526 -0.0986209110982192 0.708094972881272 0.439614819008645
-0.152872130263884 -0.245096311080555 0.293354410217731 0.774981135025382
0.0639196480090879 -0.342933686435581 -0.127640423337473 0.564574528179502
0.122535824958034 -0.325397697187143 0.0299550349586551 0.118752047615679
0.0580644384307625 -0.317886454076276 0.107737134534204 -0.398511631227653
-0.141020725195363 -0.23034004187852 -0.228813717959009 -0.66547752598946
-0.279199617530763 -0.0920721501281239 -0.703335742572352 -0.381316416251838
-0.21719967073073 -0.03015554741431 -0.709063636129154 0.214600572375094
-0.052364758936609 0.0083791684666587 -0.304523108376711 0.462556355112139
0.0591380673245086 0.129811500346777 0.00701938661363479 0.278658249715546
0.0955173761260032 0.177634090388157 0.0861331882426834 -0.0124704923814663
-0.1446501008961 -0.155444383199124 0.0121919032081796 0.0562322323408449
-0.119752865662505 -0.130950493919923 -0.0503361070302471 -0.183182272471801
-0.00614788425557431 -0.103881310424451 0.136527907818051 -0.356949962012082
0.248168442248315 -0.0458339097046859 0.493017911610181 -0.2777315673555
0.316031334403275 0.0943277600616816 0.742451716166465 0.148012915695971
0.185519268063882 0.257576903125295 0.434435904510625 0.55527127851132
-0.0192234758476396 0.359272924910056 0.0350397739131772 0.488105237245647
-0.154708512783303 0.340822167522917 0.0444628548945012 0.122022554829331
-0.116191451416172 0.36420458946939 0.204049357364338 -0.391514724617846
0.0714101324047785 0.322856844419631 0.017277530687115 -0.779402875850021
0.283964049895824 0.198989632198525 -0.533266815788695 -0.676925251617252
0.294356810261007 0.0373257062351172 -0.689822161324512 -0.0496118567578321
0.0733176867760148 -0.0727876124600449 -0.371744431018661 0.352914853882487
-0.0659912735695902 -0.15698380057498 -0.118883679765866 0.28305374163276
-0.0975774958411517 -0.167878312777942 0.0109659263985512 -0.00958417291955804
-0.135840746864056 -0.133106323218756 0.0275915297414137 0.090389905405407
-0.119738582343469 -0.123212002290378 -0.0942999558342792 -0.14277443142456
-0.0468465928053613 -0.115936643783195 0.01429051107277 -0.305482726010849
0.165911436704162 -0.0748744244124504 0.39173526115179 -0.297962475162172
0.259465663785505 0.0495500350177727 0.760673279660024 0.0242439586208641
0.192806211047981 0.201320418333232 0.571029845057151 0.501702575143758
0.0212669174964882 0.312559359162085 0.108461639535283 0.579785506124191
-0.137811749644426 0.292404736793013 -0.01509905562872 0.253157814299482
-0.146381977317505 0.305164779890809 0.182432717165497 -0.25125199952079
-0.012121999062794 0.300206211199257 0.163867627939077 -0.708375848615632
0.207257226144919 0.232896207544328 -0.361868633736526 -0.80973124789678
0.283083828241675 0.0748953291952726 -0.695334148207152 -0.223383246694328
0.112930330778074 -0.0622994646822233 -0.484850213239949 0.316599346102817
-0.0254220340692854 -0.145178519093355 -0.200966548641804 0.324457501557995
-0.0749987514379173 -0.155470341929129 0.00399326564682515 0.0439653984540108
-0.0994119021420017 -0.0913522512170853 0.0393559068056643 0.114790464802072
-0.0830692319466798 -0.0915150983050619 -0.112355218417866 -0.123696197228558
-0.040859294410386 -0.107918189425404 -0.0751217459839399 -0.275461241960048
0.0962179603005953 -0.0844555033318959 0.310524399327675 -0.292721845016895
0.164661989746182 0.0252700283203776 0.756641445104924 -0.0442535317408305
0.137769643499112 0.144033849028093 0.666781101813435 0.463275679542656
0.0234456027204482 0.222229882142217 0.164697831353257 0.656047967505856
-0.101793899789332 0.198870021051872 -0.0622866705237838 0.355327651016063
-0.118200463961523 0.202852033839085 0.134046869625638 -0.147317713564116
-0.0457912201246219 0.213842198889351 0.233558374526869 -0.631495149196938
0.122255510073566 0.198306475354874 -0.234930680547059 -0.867833020585237
0.214247805154039 0.0762810819275474 -0.682470109313053 -0.342854059762048
0.105525728038876 -0.0561576756020507 -0.566946461737541 0.28758717692492
-0.00395457791339884 -0.117997057148817 -0.261447410741461 0.359428099837771
-0.0492386764139034 -0.114098758541612 0.00266104698928168 0.0888033605902859
-0.0417851735139191 -0.027730398143501 0.0426968973315452 0.125974584461175
-0.023613205959613 -0.0401512496635829 -0.11720390061073 -0.115845452696306
0.00223030303287899 -0.082491189890829 -0.11455950677247 -0.270713702176774
0.0516305788435131 -0.074131530258506 0.273640868056692 -0.288192092443968
0.0588561144074679 0.0187214398727727 0.756816862316128 -0.0608726659097575
0.0438842963708197 0.090221943266577 0.710537477020501 0.466173240172216
-0.00216894553074784 0.105341403627218 0.18787305437729 0.709019316102231
-0.0524106028563543 0.076886589535164 -0.0891031043835773 0.412056454730493
-0.0423238740719935 0.0780145428908692 0.0973100445477959 -0.0970790563828546
-0.0252512436884736 0.092700765065623 0.237273316178618 -0.588508632735189
0.0532049777890577 0.110956434578323 -0.200369863753876 -0.86838461130254
0.112415343213969 0.0379829619324222 -0.689004628800397 -0.372844903180869
0.0552308048956325 -0.0592468277077933 -0.608270718314668 0.293861802267107
-0.00109262763044231 -0.0797282163484995 -0.284803619094912 0.384030071612836
-0.0221162309394008 -0.0568729572496907 0.00900582186061254 0.114237196221705
0.0244592588417922 0.0403745474984379 0.0331756509096376 0.123996875189193
0.0435100108264745 0.0193567916622847 -0.110208805758225 -0.120258107832366
0.0525475601686774 -0.0435850768010987 -0.102600843166675 -0.289114842852243
0.0143357957610837 -0.0491865892307093 0.29560164007061 -0.282651308846475
-0.0483992268902241 0.0179521885489253 0.770221535747048 -0.0240843156935591
-0.0611021913037886 0.0305854724972457 0.699609753626075 0.513491470222285
-0.0319834818281331 -0.0289484394136117 0.151438230056228 0.736803435830907
0.00196669712489319 -0.0558872450763983 -0.0896765993945564 0.413474076016703
0.0447837036911407 -0.0517907953367299 0.0926758164564263 -0.103843755847222
0.00559489734423149 -0.0361579075756917 0.194867703248359 -0.590505759749866
-0.0163238203813193 0.00698271223715316 -0.259498873670071 -0.827546214947466
-0.00617147516127794 -0.0150310377443991 -0.721085113687549 -0.306066597767501
-0.012925801690964 -0.063603670645059 -0.607968806771511 0.339526270694248
-0.00602612115470422 -0.0315167114748795 -0.262314695252958 0.396413527886442
0.00515657740389258 0.0116524013310219 0.0261490031178856 0.115311359670484
0.0826320807377874 0.10284657776645 0.0142745246834744 0.109727450726968
0.0933696779908394 0.0731326594873623 -0.0930989470571113 -0.134707056656119
0.0782287170784723 -0.00267581168186148 -0.035369416986702 -0.32084112281074
-0.0417597419319573 -0.0216791377923402 0.373551794825321 -0.263772964679192
-0.151602054039776 0.00709509759012051 0.786596135017361 0.0731381994881073
-0.144363158357427 -0.0481224115727693 0.623689500810631 0.596991355784299
-0.0381538446182901 -0.16281370003456 0.0727699806911097 0.727246302201015
0.0532188352562278 -0.179494921900266 -0.0674578336268288 0.357305194664634
0.0976774927904376 -0.174524591562241 0.11073902657832 -0.165263652875871
-0.00385720170395345 -0.147265573860342 0.0982943875022637 -0.625818759434859
-0.108808282467359 -0.0740399179977161 -0.396486980096664 -0.727486024511346
-0.120127556686746 -0.0504556715487738 -0.761408286134964 -0.14510723409764
-0.0665884967326825 -0.0551492462022428 -0.552828280073335 0.410509133437549
-0.000542268645588873 0.0234924518822523 -0.194754566262757 0.385150683125389
0.0353548559423375 0.0799088808117095 0.051415133948001 0.0892712986240685
0.118898155477211 0.151416056297138 -0.00536693879752137 0.0818652728986058
0.112234142153786 0.111468122147609 -0.0576522527666938 -0.162797544261777
0.0601596655991055 0.03076185899551 0.0792502915733081 -0.355996184183645
-0.123384187626991 -0.00638982100182509 0.481558674836368 -0.213427034791744
-0.239791117837324 -0.0295817212798776 0.776914139119221 0.227405823361605
-0.181065935209971 -0.146231766552565 0.487043224296536 0.691083093359836
-0.00404386345538927 -0.275580070406526 -0.0308596162667179 0.668826053760382
0.0939073888271072 -0.273581309249443 -0.024147616949353 0.25379256348117
0.0963351208048054 -0.269114096559962 0.121728386038682 -0.271569310653542
-0.0645689974095739 -0.216031408517192 -0.0501441711918858 -0.65705415790653
-0.210898997372801 -0.103877479090188 -0.561939326104171 -0.567256826001283
-0.199433679651495 -0.0498092373656961 -0.760351912451981 0.0536953849677443
-0.0822501170098294 -0.0279062781109037 -0.442523851236331 0.464600231116932
0.0248368272352438 0.0819019884284708 -0.0950973218409884 0.342816192395769
0.06926049518377 0.137581764699136 0.0727247676129886 0.042224397402398
0.128757371216176 0.180930111498566 -0.0196602869249185 0.0425875357182729
0.0978618793409484 0.130310422100774 -0.000193807832025521 -0.205385088683657
0.00562331774836859 0.0481062121101048 0.225702124992478 -0.378304056210086
-0.206046469260051 -0.0166251605001097 0.58671788491934 -0.109452810987385
-0.280474522600428 -0.0932559615655442 0.708979033872249 0.424794181913271
-0.155445139676505 -0.242453408492594 0.300807741800562 0.766898390160423
0.0600723847669977 -0.34220965959157 -0.121990951443702 0.563071603426691
0.117294762715731 -0.324668013217555 0.0313332614217953 0.118424321061254
0.0531808984289784 -0.317593881934968 0.101284667949179 -0.398249051196571
-0.14261438513171 -0.227516883090177 -0.233951023262167 -0.656936305683693
-0.278862944660156 -0.0873739169293926 -0.704430534809607 -0.369447205020213
-0.216015736536244 -0.0267067286081096 -0.701460777402829 0.224691243047186
-0.0518533705353123 0.00953662392179327 -0.295385735699119 0.463507727770365
0.060527225863308 0.129164313467433 0.010010522423811 0.277109835983141
0.097226126090555 0.174407022508668 0.0852571911601944 -0.0132972788406358
-0.145245336410121 -0.152462509287021 0.0125137842493458 0.0538290474454345
-0.11897959687818 -0.12998985214529 -0.0512870679597012 -0.181549709625512
-0.00752772543708434 -0.102777993946411 0.132477323759003 -0.357651578206791
0.24595233431297 -0.0493308571125187 0.487241238821829 -0.283298114883163
0.314124881110185 0.0915162030291341 0.739247777578962 0.137480984230315
0.187923019202099 0.254200540611714 0.436444669777278 0.548091571505829
-0.0149884438760739 0.356612585301805 0.0407410895148057 0.484485740922643
-0.151711659176487 0.33984080637196 0.0461460597562796 0.120272634563585
-0.112351043427407 0.362148220923833 0.198081118806951 -0.389272492798405
0.0736255657330534 0.320130360924377 0.00874951539390792 -0.772298483887539
0.284212598495285 0.195785268137339 -0.536431091981963 -0.666439257011401
0.291945836888082 0.0351021063949752 -0.685243780501319 -0.0428915985187369
0.0727299118646005 -0.0732760935606039 -0.365764196320161 0.353179010029828
-0.0657129918615823 -0.155030828539337 -0.115708398604652 0.282119655218864
-0.0974708721125144 -0.166597997787019 0.0102443460643594 -0.00905008749917963
-0.136784690993435 -0.131645802667744 0.0283916306874042 0.0888903150308503
-0.119597407752992 -0.121015659447387 -0.0950475810612058 -0.14179582521481
-0.047962500186192 -0.114574738137738 0.0100581511612525 -0.305107707814556
0.163029781038891 -0.0774581354325586 0.386926722320665 -0.30077555793628
0.258489460296411 0.0471185203572345 0.755752992696993 0.0128917323112679
0.193587861433851 0.198441961883458 0.572198123768733 0.491404996727849
0.0244174876502347 0.309472793121224 0.113390505168732 0.574733436999112
-0.13388755155812 0.292558225008947 -0.0116699505237597 0.251837021698351
-0.142810819656067 0.30442715492419 0.177743471326889 -0.250664226351575
-0.00913409716818495 0.298774982148835 0.155273716488569 -0.705029937128355
0.208489935516214 0.229301180052155 -0.365484587256248 -0.80093010345395
0.281703522648628 0.0722942650143395 -0.694399291890168 -0.213879411857105
0.112221582798575 -0.0632620582660775 -0.480220101283315 0.320457825653043
-0.0262100141871751 -0.144711722759491 -0.197815583332204 0.324600365126954
-0.0751091363003406 -0.152990097603065 0.00501131115647932 0.043463457443829
-0.0985978708235549 -0.0903293326040601 0.0394153859723483 0.113035133273519
-0.0828340359898128 -0.0900631573909667 -0.112572489022852 -0.12197258628741
-0.0410859497870488 -0.107916211429327 -0.0773542947673497 -0.272824845366196
0.0940021850512345 -0.0861018504424515 0.30561383609545 -0.294738999539092
0.163297997119405 0.0242053938539793 0.749715483424888 -0.0547687682143081
0.137828143792023 0.142051589266859 0.666357508579737 0.456053556780813
0.0250630306194884 0.220181397742316 0.172127738972209 0.649504658882926
-0.0989662186803346 0.200115482426731 -0.0584794850485771 0.352147843783031
-0.115829362886514 0.2025295997376 0.131406382671543 -0.14656873034334
-0.0436788272685281 0.212930757663955 0.22511222044179 -0.628106385378615
0.123839079547567 0.196263769303376 -0.241089499952428 -0.857824760047602
0.213261877019228 0.0736375169228474 -0.682028523614738 -0.332952032330392
0.104965146340814 -0.0578392886962193 -0.559528801917289 0.293049905465571
-0.00419322214405089 -0.11761611097976 -0.256281956043138 0.35877998064446
-0.0493761955819417 -0.113844658357174 0.00285065665233261 0.0884028699533368
-0.0415358725972294 -0.0273072066919918 0.0438547500313239 0.124290521937405
-0.0248404117071347 -0.0388390559046639 -0.11622678276813 -0.113292877490407
0.0017129924972491 -0.0822028217512141 -0.117246078923459 -0.268345642543863
0.0503290752102565 -0.07454666306217 0.269109090497331 -0.290112784716319
0.0574627640267113 0.0186103765270876 0.749459319287649 -0.0695324485491743
0.0441016731371866 0.0885975648326382 0.710086003162108 0.455261574615878
-0.000675123546899699 0.103770941343672 0.193752084808439 0.702618782248661
-0.0517701373817088 0.0767087747295313 -0.0836880666409361 0.410291857045707
-0.0414927262278251 0.0772864531075861 0.0959928041034135 -0.097647899918287
-0.0252409892882307 0.0921220500472537 0.229351707403867 -0.586010065152201
0.0543430653415397 0.109119452356802 -0.207758783056602 -0.859282935035887
0.111926453222187 0.0365032361030568 -0.688407074690596 -0.362841302570599
0.0545009138492668 -0.0596318562959294 -0.600366890753275 0.297335047579555
-0.00155656838978988 -0.0788945485709307 -0.279209893774837 0.385462175364859
-0.0225479989581395 -0.0558069002704292 0.0102506635082537 0.115195770327648
0.024611663898324 0.0391249477171677 0.0334191575886371 0.123238376843231
0.0420638048879794 0.0189506321041527 -0.109312569982958 -0.118696329242596
0.0514152006779496 -0.0438817870575689 -0.10488876669883 -0.287046860511505
0.0122326191147592 -0.0491307642699313 0.291053975490345 -0.284719699984776
-0.048035602320662 0.0186760091174239 0.765438733518325 -0.0331727680073109
-0.0595499763968126 0.0303128247582083 0.697893065282941 0.501829779181157
-0.0322700667026644 -0.0283371449353596 0.158711993122487 0.728562400121642
0.0008777763413431 -0.0556697999939386 -0.0862184445314615 0.410940135571829
0.0437879240437552 -0.0529527563758296 0.090981678758753 -0.103332785387416
0.00480834788677175 -0.0355902316205708 0.187415881777792 -0.587734984766639
-0.0165207238129265 0.00637076561807495 -0.265693144866776 -0.81683121243
-0.00592593963271148 -0.0141141277729263 -0.719509803840089 -0.296297432860409
-0.0134943910811824 -0.0631814671021944 -0.59859026021191 0.344903598787523
-0.00587582621865025 -0.0313329033863194 -0.258199880501065 0.397299604440549
0.00565844013712966 0.0118893118730306 0.0269843680719245 0.114251359781781
0.0832320872890745 0.100369355576048 0.0146987474616848 0.108155224256828
0.0929603999717893 0.0721802316917223 -0.0928216229032741 -0.133763053268382
0.0777145237435205 -0.00306967563292164 -0.0389286589658366 -0.319465334925925
-0.0422300232031579 -0.0211720153374968 0.369329985017165 -0.267495590234574
-0.151841412076028 0.00912454063097819 0.783541334257359 0.0610011008312046
-0.143448389098042 -0.0469761211492623 0.625957644362899 0.584884035034391
-0.0392402491498149 -0.161274795047683 0.0785091440062499 0.720546313066126
0.0513142780303786 -0.178378917533343 -0.0640919440927744 0.354370818907634
0.0945688835995216 -0.173777592951335 0.107976741148692 -0.164514796414378
-0.00475072354551079 -0.146846863424394 0.0921903542644558 -0.623395325105827
-0.109175699480776 -0.0717209862865156 -0.400466569021152 -0.718105689974212
-0.120167133866443 -0.0487361173582926 -0.756066417779507 -0.135851187172948
-0.0675626047131095 -0.0537643312741183 -0.54415445481264 0.415296193916712
-0.000201120705205775 0.0245502375994746 -0.189170070480745 0.383472466428283
0.0364312635201335 0.0790608070048065 0.0509913824253804 0.0881244791236956
0.119737581344019 0.148599722342102 -0.00452855228157887 0.0810148406966476
0.111946635882168 0.110142408311194 -0.0576403497164935 -0.161880121987729
0.0605250196768848 0.0297553659551858 0.0759932978949245 -0.35510326396336
-0.123619272276893 -0.00515772128938626 0.479170942427448 -0.216868347368674
-0.238187268652806 -0.0264035766977816 0.773627541841051 0.216568000799509
-0.181872345189174 -0.143258668420831 0.490840199351989 0.681563688048731
-0.00815774351992917 -0.273377649226697 -0.0254280311493173 0.664054428710736
0.0903329857348187 -0.271953542067909 -0.0215187599474372 0.251962313065439
0.0931391882387256 -0.268398888469975 0.118180832377897 -0.270164159840208
-0.066922759639939 -0.213852760649011 -0.0547150728232166 -0.651941783055725
-0.210270229251285 -0.10025110113886 -0.565081464591696 -0.555836820833066
-0.199964320459289 -0.04725366509794 -0.754562041901145 0.0628590998694474
-0.0815794174310313 -0.0255101602360316 -0.435488843887038 0.465045879110963
0.0254080106300804 0.0805499217590382 -0.0915653780696497 0.342440629741013
0.0704006832708303 0.134687386053817 0.072093269144815 0.0422482310702289
0.128956093961585 0.177550380676874 -0.0184410705725546 0.0417948470427401
0.0970411385976914 0.128825439608054 -0.00204053920423168 -0.203759522134059
0.00496273050953694 0.0484958026724277 0.221961591818994 -0.379137670689017
-0.205950318636819 -0.0148052381607059 0.583292816202749 -0.116076170494006
-0.280555298296594 -0.0883575440764088 0.709348515888002 0.414977609079215
-0.156990384723891 -0.239681135467952 0.306921228362072 0.757560041226826
0.056499907196236 -0.340335370734874 -0.115897062226251 0.559919798877347
0.112829796135211 -0.323716350027658 0.0313954811315982 0.117029943672927
0.0495244944692143 -0.31651494121598 0.0954817081249409 -0.394759001895159
-0.14387662715784 -0.22523012399135 -0.240515466992619 -0.650089078283908
-0.276974779439169 -0.0836727696731432 -0.703973773658682 -0.359071362937436
-0.214753450525627 -0.0228860001681328 -0.694003279587195 0.231357576609991
-0.0520579812904938 0.0111351541332005 -0.288250528144778 0.464872955853766
0.0602087771784673 0.128300953642614 0.0125472547101595 0.275941164559152
0.0984395611801642 0.171166230305885 0.0837035217841743 -0.0140767305019465
-0.145800864908759 -0.149603513459001 0.0137065377188831 0.0533577630853717
-0.118904858208627 -0.127179933733276 -0.0529211117692658 -0.180591005183826
-0.00908169952043441 -0.102730426912845 0.12815049518425 -0.356543226566933
0.242268812198038 -0.0517354766343865 0.481800574830594 -0.285261646802405
0.313235673561126 0.0877947355103263 0.733749699715168 0.128971071562834
0.189003561545839 0.250292220586827 0.437272302047074 0.540408693687531
-0.0122871763132883 0.35463391272017 0.0455460163215028 0.480248221195156
-0.147471535289179 0.339467863414627 0.0474242670629308 0.119170157770744
-0.106900755051614 0.359484961567816 0.193064311889897 -0.388691990732712
0.0753854935743162 0.317978220617994 0.00263739019846878 -0.767214656989272
0.28388393098998 0.192371752744552 -0.537989863854157 -0.655729999517146
0.290279661374231 0.0314271487900878 -0.681753708616562 -0.0345176812888355
0.0711878167329808 -0.0749554012494497 -0.361725241798041 0.354297223709255
-0.0657900238459726 -0.154632071196624 -0.112543682970648 0.281887135077517
-0.0974433037597749 -0.164155258627044 0.0110532557803897 -0.0080362596641538
-0.136578086636449 -0.129721215764088 0.0293747529817046 0.0870263367325455
-0.119235285935618 -0.119872284571366 -0.0948974742723843 -0.140150952953426
-0.0485854089657537 -0.113684721652616 0.00863944109366591 -0.303703405135402
0.1604063597365 -0.0790743965787025 0.381940952884179 -0.303728795522231
0.257893701781577 0.0449779452588712 0.748797053084624 0.00540418556721887
0.193899487535344 0.194865964598203 0.572706597402896 0.483292270049678
0.0255801763947334 0.307101778629692 0.117699617503116 0.570149567749857
-0.130318032488072 0.291110851435454 -0.00980190958908304 0.249797170627098
-0.139575856370044 0.302431834262625 0.175327284852792 -0.24993378560529
-0.00638702127020108 0.296676669453462 0.148305874073699 -0.700878612058419
0.209246503094802 0.226273522257144 -0.371669174285718 -0.79245000595049
0.279730718119652 0.0686132968831046 -0.692558871320951 -0.207746003881556
0.111092623541735 -0.064316586653904 -0.47450802952464 0.321481226954178
-0.0266959766815728 -0.143635368702638 -0.194754029247633 0.324979923948561
-0.0753696498835043 -0.15103092729338 0.00502066216193108 0.0440209371239891
-0.0995560904579696 -0.0883445658551926 0.0405181714705276 0.110955748580428
-0.0834815682809499 -0.0880923952793504 -0.112603065519224 -0.121223809254155
-0.0422460713738312 -0.106225663568419 -0.0786508262967823 -0.270975736303444
0.0915990220936933 -0.0867397637553282 0.301361602447379 -0.297037282625859
0.163066574721363 0.0232315922737276 0.743992834521135 -0.0614402903834555
0.13829636901275 0.139487035385388 0.665218855881446 0.446027092895477
0.0267141354854414 0.219161519051717 0.176238082955205 0.64227048261747
-0.0962372358213186 0.198743316596203 -0.0548257073201638 0.350398224905516
-0.113905526090114 0.201027976663893 0.129221440170542 -0.146402819043841
-0.041966853742647 0.211534117788684 0.219349821959711 -0.624230226375706
0.124880763908954 0.19434430995656 -0.247712697221566 -0.850373640390829
0.212482714769148 0.0715928715233461 -0.679870314241166 -0.323924480144741
0.104009276253585 -0.0570604164149544 -0.552634975221106 0.294380278021202
-0.00472739598352808 -0.116229880302581 -0.252190614679545 0.359827127699643
-0.0486235385252062 -0.112505335965887 0.00318352648713844 0.088534597052675
-0.0417122370104752 -0.0273607695237286 0.0444323598914898 0.12125446827257
-0.0238495286153706 -0.0377083811191052 -0.115968726228942 -0.112879086393488
0.000114080566478145 -0.0814398840797768 -0.117480549167116 -0.266392188570749
0.0482094270229231 -0.0753200679839843 0.265623440466158 -0.291319647980754
0.0578326865019564 0.0185523779717827 0.745199468425248 -0.0776088151341249
0.0444833077241657 0.0876173496293687 0.709192255523069 0.445195142673009
-0.000834114194171398 0.102584451565482 0.19927149674249 0.694130272662145
-0.0505249196053777 0.0765044163687922 -0.0791664103391 0.406189057771045
-0.0407228436942276 0.076234638419671 0.0944673395452906 -0.096786096084158
-0.024134907606454 0.0911831327433597 0.224476626225122 -0.58365729028263
0.0543982505601292 0.108611140274925 -0.214153241644719 -0.851702973078127
0.111308257932767 0.0357528402910279 -0.686754012316169 -0.354421025414459
0.0534616574860117 -0.0597297458727742 -0.593649084346819 0.300516799623249
-0.00168347119431711 -0.0775625657510653 -0.274437985240589 0.385568494544469
-0.021908673872199 -0.0556491351905144 0.0105029539301121 0.114168475592512
0.0246295872923777 0.0377390379658176 0.0338951950837506 0.121281681876421
0.0409969306632301 0.0197095561430109 -0.109007876859136 -0.117146339864402
0.051299275940452 -0.044130095883954 -0.105711303403878 -0.284476263102219
0.0119670217089699 -0.0496060051307743 0.28768028737701 -0.285111430297558
-0.0477640143754377 0.0196451137552544 0.759634135435116 -0.0405704800503175
-0.0595706090630564 0.0302531244470982 0.698723714866138 0.49140235990384
-0.0325972023161531 -0.0286607971862822 0.164254198138673 0.722149097777474
0.000351950037762401 -0.0553915986503118 -0.0818590752448486 0.407768418036694
0.0430139156242186 -0.0536529644291793 0.0888294879965369 -0.102874003683823
0.00360283949183682 -0.0356554170922202 0.181684776853444 -0.584912402167929
-0.0166730474056158 0.0063096121063775 -0.269340398763586 -0.806600268674773
-0.0067563044099237 -0.0145916121836624 -0.716457250454414 -0.287590995752409
-0.0135975704193042 -0.0618221242068818 -0.592170754891165 0.346921183571687
-0.0063926450702815 -0.0299848986174357 -0.252490181752331 0.396635307790703
0.00666659254195163 0.0118040881516973 0.0275605176577542 0.113875153063395
0.0831631497556451 0.0975452967252374 0.0156408226658613 0.107324091701342
0.0913909651329339 0.0718035466373163 -0.0909762164150243 -0.132270169117732
0.0772310986407918 -0.00369213440603724 -0.0406809872136967 -0.317323554078118
-0.0427845384369981 -0.020844273741188 0.365788675446252 -0.269011321755174
-0.150386821012697 0.0113851677368859 0.777938322767142 0.0534635391304269
-0.143475707135363 -0.0458980410391269 0.625628373401772 0.575246558473427
-0.0400695407365066 -0.160439403363267 0.0837172144312552 0.714351864077124
0.0492143175155378 -0.176713713428575 -0.0600675110347839 0.352070433549473
0.0932913581487503 -0.174439179899254 0.106388718160415 -0.165080705219961
-0.00663028551617167 -0.145787894389733 0.0856758194276732 -0.618173149061233
-0.108901628135458 -0.0710197477727808 -0.405335423931234 -0.709003265347636
-0.119136002017313 -0.0467752313420752 -0.753583692364944 -0.128584355602503
-0.0674828130956838 -0.0515996251591728 -0.536178623754198 0.417311572444057
0.000301666321196438 0.0250416264618422 -0.185032285918518 0.383558110010067
0.0377369529842293 0.0775393816371662 0.0503925336708466 0.0867996877348249
0.120323150222141 0.145031722898246 -0.0047079701859876 0.081013378984557
0.110975934722833 0.108486342809999 -0.0582126897009456 -0.15962093080131
0.0595133544825661 0.0292048778857915 0.0712420339856773 -0.353837833469472
-0.122661357035638 -0.00381291427764137 0.473483127999336 -0.219823869004532
-0.236534917932479 -0.0234372798535768 0.770246570223332 0.205776141204519
-0.18194219364412 -0.141604869352441 0.492649875615938 0.671669573701506
-0.00948998028063243 -0.272045765003475 -0.0204282378660977 0.659748845069618
0.087146443803918 -0.271160827320569 -0.0195612875366367 0.249901637661745
0.0905076489342704 -0.267654748961502 0.115096736347565 -0.268464520626731
-0.0684128832087617 -0.21209034391211 -0.05982706899052 -0.647275931060992
-0.208996092309741 -0.09791016122447 -0.564866925438173 -0.546388407735195
-0.198106001442596 -0.0449540376144121 -0.749223416306435 0.0701507077859908
-0.0820894898971735 -0.0241419079472152 -0.428108500012192 0.467141227809837
0.0258608306913952 0.080792932994775 -0.0885385781477003 0.340127744419572
0.07097104217612 0.132741592264661 0.0714809655696692 0.0408537571167271
0.130034854907802 0.173858068461201 -0.0186332904529487 0.0414150889685242
0.0969071685292021 0.126830389816382 -0.00262850988895369 -0.201978566058193
0.00514509149161319 0.0477792869161936 0.215888120039151 -0.378373932891438
-0.206007994302931 -0.0130307099964491 0.579971753332315 -0.120888891079382
-0.280003016763479 -0.0855835876363849 0.708481952205851 0.404649596208775
-0.157626468931216 -0.237085540488509 0.309772051657043 0.749687881943046
0.0528086305742554 -0.339422177368436 -0.111899055727682 0.556692516114699
0.10887742626269 -0.322251856025189 0.0320989639193463 0.115564406646973
0.0464316475285984 -0.315993473178199 0.0913736225927882 -0.392591535032096
-0.145274085464908 -0.221907395299022 -0.243862599240771 -0.642434456755604
-0.276140626173107 -0.079815488186276 -0.701652995795347 -0.348773185896503
-0.21376008664785 -0.0213907862061642 -0.687125881778147 0.236963845648178
-0.0520762354478966 0.0120815661032857 -0.281878059841211 0.463839895699905
0.0614771997194443 0.127537261385645 0.0142236737576992 0.274027138361872
0.0991251082215276 0.169725657189475 0.0825098618149678 -0.0140797657535534
-0.146768886220692 -0.148493500109599 0.0136067616110093 0.0523066153663215
-0.117161051458807 -0.125936097872401 -0.0524303335230176 -0.179639388677329
-0.00943564032517384 -0.101803858968794 0.124527864660287 -0.356083028590377
0.239851955762526 -0.053688295721017 0.476677067869678 -0.287871083745072
0.31131324294526 0.0865163751017214 0.730776549358024 0.119813199538688
0.188069141798977 0.248074531185426 0.43706948760315 0.53386305365651
-0.00985827531726436 0.352322096030369 0.0479728264389799 0.475378068777101
-0.143800989104331 0.338462170631192 0.0464109073760438 0.117167668430346
-0.105364886470704 0.35763257939361 0.190525202718774 -0.385832734372057
0.0770362490559939 0.315432178172495 -0.00142427519321607 -0.760507433170676
0.283637554947366 0.188177698220662 -0.538175794912138 -0.647725049817183
0.28933798108207 0.0295774815411365 -0.677704024478794 -0.0295398992055736
0.0706633878234668 -0.0754123576073199 -0.357758108902506 0.354577328869495
-0.0649920486525305 -0.153005805084802 -0.111775026040532 0.28165834304434
-0.0962562313574082 -0.162459262439162 0.0109824350584774 -0.00827318401691731
-0.137163760833755 -0.127535912368135 0.0294824995647413 0.085298443061116
-0.118493975175191 -0.117260746920711 -0.0954913353293215 -0.139472720895222
-0.0492532274921351 -0.113159708997241 0.00624279879271909 -0.302280527996367
0.158370386523364 -0.080754119343232 0.377231006403543 -0.305305803481835
0.25601262771994 0.0435496586792654 0.744850746304638 -0.00141435430774863
0.194073323033386 0.193058904415369 0.570851010634714 0.475279327407378
0.0271789803464488 0.304457190719363 0.121988967729005 0.564660081576636
-0.127330983306651 0.290469038874017 -0.00751134513078873 0.247039519804223
-0.136857682480068 0.300603883843018 0.171280935332286 -0.248493734558482
-0.00590880082415449 0.294565486513361 0.144769395983663 -0.696766664574658
0.210078063945502 0.22343986420206 -0.372740092624869 -0.783724620622842
0.278762130525549 0.066266185572427 -0.688730478883851 -0.202640887666119
0.109971799800028 -0.0653544544545806 -0.471362525371396 0.322492011228892
-0.02691372540353 -0.142280091447095 -0.191401893001181 0.325641792797954
-0.0743012530691228 -0.149403646367978 0.0055961986083436 0.0439522715096025
-0.0995616382967171 -0.0879593922937854 0.0407945517302871 0.109355324518452
-0.0829732756085483 -0.0869475325960402 -0.112171434336093 -0.119736232291599
-0.0423220275979457 -0.105129407178262 -0.0801368723025979 -0.269816342584485
0.0900758883173073 -0.0867977241706973 0.297210746768253 -0.298394693485845
0.162279178512997 0.0216755387514149 0.738293858532457 -0.0665853110877326
0.137546659813137 0.137628450472618 0.663528200215473 0.437792640393972
0.0275934231582896 0.216177933384771 0.178759011932887 0.635718305576612
-0.0939157076886949 0.198287544134734 -0.0528078900903139 0.347061957156774
-0.111583790019658 0.200328702554711 0.128158741206719 -0.145289727251635
-0.040979553592796 0.21034854655372 0.215413168182374 -0.620853892300237
0.125256730473995 0.19159802662202 -0.250494812166019 -0.842270603843548
0.210793759546409 0.0698933870887381 -0.677525294519119 -0.317881829361824
0.102779806475757 -0.0585801057512947 -0.548206716300811 0.296173399474055
-0.00459730065103638 -0.115024163092149 -0.248410385273321 0.35961511240257
-0.0484547825854949 -0.111683124350472 0.00385901897643921 0.0887100067149244
-0.0423886668515814 -0.0274854468199041 0.0445836527335439 0.119818450643872
-0.0241785468142458 -0.0370188608531559 -0.115334784617099 -0.111871348855344
1.69019712869672E-05 -0.0816502873084864 -0.118841353531732 -0.264123847449226
0.0464548779146457 -0.0761910213618422 0.262210596501151 -0.29238465161399
0.0582744743269576 0.0183319277387116 0.739954528597696 -0.08224904148844
0.0447305062105033 0.087045665776464 0.707779921832987 0.43774038124738
-0.000298595053673044 0.101864324359344 0.202365690411164 0.688998819677567
-0.0500262298623795 0.0766631420859638 -0.0769694093822311 0.404490776919235
-0.0398869511494575 0.075725789735886 0.0930022966182858 -0.096707245890488
-0.0237440562926796 0.0908355618732322 0.220079834991399 -0.580642894201139
0.054806884914507 0.107797821130979 -0.216430945807242 -0.844055209729584
0.110896492023348 0.0346766845042442 -0.686456941500323 -0.348554208399126
0.0528187842887352 -0.059396613775682 -0.587314236113069 0.301459680607636
-0.00188854893574517 -0.0773710707394774 -0.27028766605985 0.385530522665666
-0.02146333545126 -0.0554147559741007 0.0111399940093946 0.113952102630744
0.0244686830367814 0.0365647932194273 0.0345264468821441 0.119565949591932
0.0407206026304333 0.0195009803908181 -0.108090629060506 -0.116771089006451
0.0505374384415096 -0.0438836089497865 -0.107335349015067 -0.283340928186361
0.010431027465927 -0.0495488507167518 0.284802859882791 -0.287349182040085
-0.0474317499880993 0.0211018164427118 0.753801718833418 -0.0471009063110157
-0.0590846564352921 0.0310298113363363 0.695798396795141 0.484363474484382
-0.0328579181365067 -0.0287065868613053 0.166635408118252 0.716979211391656
-8.78931303097755E-05 -0.0542487061250262 -0.078334134965346 0.405076078320477
0.0418517782473735 -0.0547110428692345 0.0874660375592434 -0.102531781481503
0.00331445672553347 -0.035666002781689 0.177673515713562 -0.581732853852557
-0.0165196696556373 0.0067694277261742 -0.27280331855566 -0.799750709895702
-0.00632209029937065 -0.013438268587886 -0.714279321254153 -0.281190848153713
-0.0147539599382041 -0.0611087689717879 -0.585542825930625 0.347814178997919
-0.00531482838732479 -0.0291071501696088 -0.248540069092085 0.395705170142926
0.00683472708956464 0.0113141050779824 0.0275607588667584 0.113422024101457
0.0829965881297692 0.0954478648217676 0.0163570237648297 0.105971161059221
0.0909296690852293 0.0707033407328506 -0.0909256509403196 -0.131090092835163
0.0768184169958645 -0.00350807177883019 -0.042458516008971 -0.316055762271527
-0.0435358329904069 -0.0205110216633276 0.362440214783293 -0.270357427179201
-0.148824767352229 0.0127796622634189 0.773216865421938 0.0455563233170081
-0.143292970609495 -0.0441832263826092 0.624925593222383 0.565984914191486
-0.0419575930680986 -0.160384385759538 0.0880703624603459 0.709505160237683
0.0476665267016447 -0.176650399121986 -0.0577875878130188 0.349636998008847
0.0909188183621015 -0.174500598964634 0.103973385220297 -0.163089379505391
-0.00803954292729299 -0.144115657420359 0.082740103012285 -0.614253650014397
-0.108293185945395 -0.0695096197546353 -0.406032897327297 -0.700606558745614
-0.119549052198842 -0.0456555749682034 -0.749173062433772 -0.121679057312904
-0.0678571548451958 -0.0504642725967761 -0.529671048444644 0.416906743972847
0.00115365680620473 0.0257667960301599 -0.18094805848834 0.381863387717432
0.0380342504486763 0.0764999631215892 0.0503437631770398 0.0865701879573482
0.11982826721106 0.142204495534314 -0.00436847214868669 0.0796122940331276
0.110234129739313 0.107866756371155 -0.0576354584156251 -0.159423532219978
0.0592750596372723 0.029466148454297 0.0693936064555042 -0.352782165301797
-0.123360652063861 -0.00274844805795585 0.471271132317456 -0.223118329975803
-0.235687663192485 -0.0210858330558156 0.767676049928685 0.20009607918745
-0.181584288875081 -0.139329417968288 0.494001465481799 0.663534516879935
-0.0114431976809961 -0.270265861198526 -0.016353106722569 0.654588157517918
0.0844887269266865 -0.270133568020401 -0.0187310646168384 0.248146436363735
0.0875738208521223 -0.266883625610437 0.112407143047808 -0.26646565038008
-0.0689990895203434 -0.210150474456508 -0.0636494932479645 -0.641887035324326
-0.208814729316751 -0.0956334171661125 -0.566209754841132 -0.539982089430683
-0.196975453815589 -0.0434596851583974 -0.744840592021821 0.074686342585525
-0.0818343196785029 -0.022165593836023 -0.419902794662689 0.46540826668174
0.0270476663475202 0.080992014962732 -0.0852370281157531 0.339150933260182
0.0718734477292865 0.132094134551113 0.0713048868784341 0.0403055265057818
0.130271333212532 0.170871234793014 -0.0185984207846471 0.041295461425053
0.0955488098072493 0.126925804696972 -0.00348934533374722 -0.201055705903272
0.0052724828858394 0.04780946684497 0.212084045613079 -0.378463669676388
-0.205002203314445 -0.0109256935667039 0.576183088023864 -0.123842823840264
-0.278737623868397 -0.0818565488222018 0.70482099413505 0.395019290386294
-0.158771695179289 -0.234858998329157 0.311432000465783 0.74125781111944
0.0504222947162861 -0.337730727442118 -0.108264446774262 0.552836541863411
0.107016980836494 -0.321045704248538 0.0332271388140546 0.114148805605658
0.0443547114638784 -0.313697623027501 0.0889526459684806 -0.389585275977548
-0.145614545366717 -0.219706619793778 -0.246726648786629 -0.637835813638136
-0.274590100289151 -0.076865438568327 -0.69920067563239 -0.344330037975801
-0.212062652482523 -0.0194022889703599 -0.681176979426655 0.240659183177634
-0.0514190485123574 0.0123914963572561 -0.275623375172717 0.464125809457201
0.0623166497353392 0.12678695304406 0.0154087981649313 0.271866890886525
0.0995656002984305 0.167427094936492 0.0815647320809642 -0.0139144085109544
-0.146554552799561 -0.147161297834626 0.0138330723661614 0.0511686270748068
-0.116922776589684 -0.124829207612976 -0.0535860755747874 -0.179467138693205
-0.0110365276716141 -0.101658878027944 0.122437101405383 -0.35554091513677
0.237574464668772 -0.0550505849350871 0.472275740670403 -0.289545207506236
0.310336936030491 0.0842254910443131 0.725707991570645 0.114470452208077
0.188467178437915 0.245751797473568 0.436709311088524 0.528878062480728
-0.00966562219046188 0.349082977052485 0.0501216324662662 0.47329705780146
-0.141275205093525 0.336932270532815 0.0486588858860504 0.116173443814639
-0.102781808479076 0.355065929082333 0.186138722335743 -0.383953945455218
0.0776205347861293 0.313649476491505 -0.00452787098121377 -0.755576823505642
0.283245346113471 0.185877149546392 -0.537921117677391 -0.640371032899699
0.286573424467088 0.0274277806103585 -0.673198198286971 -0.0262549667596522
0.0698522603332743 -0.074851100818879 -0.352917286752 0.353104374069493
-0.0642858651207068 -0.152363826495776 -0.109380450262971 0.281313972728319
-0.0959458376222286 -0.161574187049651 0.0111435279552001 -0.00676495182412164
-0.136855391466797 -0.126358049133112 0.0296434041057521 0.0835995489019451
-0.118924190688947 -0.117077269166882 -0.0946362504500575 -0.138308420809199
-0.0495915320520869 -0.112050388725346 0.00481235463133099 -0.301384702002389
0.156112004249187 -0.0814381762695973 0.373975252980389 -0.3051415835518
0.25530034358159 0.0425267835166323 0.739705421677499 -0.00631737003723359
0.193504480676493 0.190457785065535 0.569457919399941 0.470273781244931
0.0284582549338813 0.302297782538817 0.124065712529442 0.560219643939866
-0.125121374651235 0.289454030246586 -0.00565398153489466 0.244790907022248
-0.134454567586299 0.299392722393356 0.169145639069808 -0.247870457758253
-0.00465631090163287 0.293165770575053 0.141741338011937 -0.691438171233061
0.208583995479659 0.221413860121197 -0.373993626628989 -0.775993013344439
0.277605476067384 0.0647737509116444 -0.685398403816296 -0.196200971609961
0.109116755356419 -0.0655768082134987 -0.465442209443541 0.325666826225016
-0.0265183119429688 -0.141477712149661 -0.188959858896759 0.324230635695122
-0.0740973383813839 -0.149164619459217 0.00526913185871214 0.0445438571906157
-0.100023942254285 -0.0872897536456341 0.0413289175324499 0.10731504727641
-0.0821708949564301 -0.0861284136302946 -0.111023844593313 -0.120197735983609
-0.0434903887102156 -0.10482738761075 -0.080593121585213 -0.268450544517899
0.0883146204612045 -0.0874587576928736 0.294357273259981 -0.298940684565254
0.161134120520957 0.0217569555130233 0.732679616602165 -0.0719206872122379
0.137884381837361 0.135127561386638 0.661040663973468 0.430592208064433
0.0294691050602526 0.214647499679763 0.182854344574557 0.630281520695313
-0.0932425159193047 0.197469226841713 -0.0503177631870174 0.345484078865107
-0.110681915808478 0.198589118087261 0.125822724578923 -0.145006810524493
-0.0399101920181197 0.209552962847693 0.211351956848069 -0.618636535651874
0.12520114947859 0.189422105078002 -0.253301071432094 -0.835628215749812
0.210611470093202 0.0678156750492829 -0.674063680238604 -0.312699157689308
0.101506171497303 -0.0586445545292371 -0.543707519313387 0.297265030419058
-0.00507239712237856 -0.114497609245885 -0.244860721254191 0.359687238658542
-0.0472639197746999 -0.110874692786319 0.00434803904846458 0.0882417810067043
-0.0417878220657213 -0.0277035719809518 0.045023148958472 0.118365430882166
-0.0243952080522867 -0.0366536357632782 -0.11415810681236 -0.111947197719138
-0.000460977328819254 -0.0807051846477237 -0.119196578896766 -0.263226269854037
0.0452838915959818 -0.0757010111398277 0.259920985267697 -0.291886966256673
0.0576545811383156 0.0185374974948403 0.733844705768088 -0.0881228353119421
0.0445776947520285 0.0858384957996757 0.705666758800247 0.431375630809888
0.000227460585534772 0.10013750921196 0.203640275916188 0.68100671063434
-0.0495382552596348 0.0765878389014371 -0.0737267428547294 0.401320239077527
-0.0398067593762854 0.075178508984702 0.0914790139376598 -0.096218209962242
-0.0237660383657205 0.0909208525398158 0.216291454033692 -0.577783786240949
0.0550871156682718 0.106715157813725 -0.218463727457623 -0.836813993077424
0.109844457719686 0.0338836467397735 -0.682119726702883 -0.34028016731226
0.0521010687079772 -0.059556478032674 -0.58189579179243 0.302544730220966
-0.0016967364602255 -0.0762990951002118 -0.266945733382103 0.38452687820412
-0.0210170459627061 -0.0550584317510395 0.0112543397262817 0.113907413729586
0.024272950336121 0.0351600246762243 0.0346794132629587 0.117849587890207
0.040330872456878 0.0194576530932834 -0.107523323279905 -0.115857250761317
0.0498830799448312 -0.0439894501282279 -0.107672569755399 -0.281467616192294
0.0099744641835488 -0.049686211058077 0.282115526157578 -0.286979355290062
-0.0465848381199275 0.0218208563738192 0.747748168178232 -0.0531238898199275
-0.0581815994407028 0.0309550952153681 0.694903470726116 0.476387746647875
-0.0321620978594718 -0.0294281738301882 0.168821383923956 0.709881271498615
-0.000135570188810948 -0.0547391825847696 -0.0753949343346005 0.403173038934329
0.0417268293440757 -0.0548285532392019 0.0866150514872672 -0.100891372063406
0.00262637551507053 -0.0352259375150777 0.173573925921955 -0.578120630298472
-0.0163938320400129 0.00702648874436701 -0.274811267986288 -0.795127155933143
-0.00596721282403227 -0.014331640100604 -0.712021704672419 -0.276371277964531
-0.0140478155958124 -0.0609655169200712 -0.581514499417666 0.34869997750695
-0.00511373691647928 -0.0284511954387961 -0.244742030657079 0.395631252977478
0.00738918662746973 0.0104984493051908 0.02687572587299 0.114190839030822
0.0827777096991943 0.0940607529104635 0.0167965686537869 0.104952653103674
0.0898908618604125 0.0709273263064569 -0.0902438641401821 -0.129987446787185
0.0763628247677732 -0.00436777363948623 -0.0435084799581684 -0.314528248183229
-0.0433471141319832 -0.0194792419351885 0.35973881552115 -0.271110093674928
-0.148297952392899 0.0145791482852812 0.76804912553374 0.0404817053221031
-0.142282892775957 -0.0436969374518926 0.623656558597181 0.559068673450943
-0.0417269906845183 -0.15844072083458 0.0899036453895527 0.703544032536662
0.0459104987085339 -0.175513292358179 -0.0556721704158068 0.347053821073345
0.0896466242402495 -0.174540901409159 0.102867724467038 -0.161770976962382
-0.00887343031020805 -0.14392784047453 0.0792434738649715 -0.60957561415251
-0.107995262250782 -0.0686173244267044 -0.407325826184803 -0.694207797588103
-0.118270310656565 -0.0450582681474349 -0.745595150919354 -0.115734819885228
-0.0674194307876914 -0.0493659029793818 -0.522415583998753 0.41758668720943
0.000738671747551246 0.0261025076656869 -0.178054955731208 0.381414882570884
0.0391540538374777 0.0762392720024166 0.0499747352213346 0.0862151905283741
0.119261624277002 0.140002513109157 -0.00389685441670898 0.0790227774457167
0.109249542937039 0.107160719039645 -0.0572344143422733 -0.157987397965119
0.0587904759879844 0.0289845425777134 0.0671551285618829 -0.351939240538863
-0.123758421115217 -0.0020715706684445 0.46960870776249 -0.224302280034059
-0.23453431450783 -0.0187231862147927 0.762943207002851 0.192249083118657
-0.181466160911148 -0.138502103606608 0.493198905530769 0.657112428260065
-0.0119788148833713 -0.269749603608179 -0.0132962828311709 0.650725204317364
0.0834620036301907 -0.269101326340873 -0.0166024230197195 0.245459428360423
0.0857725195810926 -0.266204179073539 0.110370113539972 -0.264828205162901
-0.0696519245210272 -0.208854128641118 -0.0672807499646622 -0.637425603209548
-0.207838641313444 -0.0947425249677824 -0.564464231561005 -0.532411389336587
-0.196037060149221 -0.0412238662229564 -0.738022530098472 0.0782387572171701
-0.0818091572440567 -0.0213035358548794 -0.414636177597319 0.465657767505686
0.0270445313124286 0.0813375237228013 -0.0829496797567995 0.338941009706383
0.0719729525425043 0.130509599209298 0.0706266560103448 0.040264205879347
0.129698591746358 0.167834868556535 -0.0179235658980442 0.0409839943081755
0.095576214242127 0.126485217216838 -0.00390974500330526 -0.200612126736908
0.00575913925927002 0.0486384830230106 0.208413770842551 -0.378412244185102
-0.203782261966522 -0.00943142796181327 0.572662582600655 -0.126921122925003
-0.277724247787427 -0.0787926498637729 0.704051257548351 0.388069468230541
-0.159163403831375 -0.233402405506964 0.312862341097364 0.734918775100946
0.0486666161297057 -0.336250890170443 -0.105913610437793 0.550371144742851
0.103766180010761 -0.318741150387871 0.0333915156661393 0.113346598175727
0.0426684391868511 -0.313014348330969 0.0859363414222245 -0.38772169448219
-0.146266293870791 -0.21699432988588 -0.247035988474875 -0.630950643457871
-0.272848469799808 -0.0739290591963644 -0.695985127116537 -0.336916180234536
-0.211529630268638 -0.0178292323830255 -0.673407756924494 0.245201330340551
-0.0512603520835925 0.0141513289271501 -0.271122082439402 0.462844189002033
0.0624622649500039 0.126850298444589 0.0177137917432466 0.271129810078183
0.0992887645256987 0.165913609623512 0.080931043598255 -0.0134930011968002
-0.14645956090152 -0.145366047464556 0.0142908309053106 0.049502355524435
-0.115998755144713 -0.124729866810144 -0.0538864918485005 -0.179306910608029
-0.0116652154285116 -0.101582481880143 0.120319934733985 -0.354239504340636
0.233917570667652 -0.0566196402127566 0.468922457677978 -0.291040646337561
0.309548545405242 0.0825033067041515 0.721789351407679 0.110416547081807
0.188641910395483 0.242896777323688 0.435622880882154 0.524128206957965
-0.00743971389276415 0.347588438028991 0.0514959131133335 0.470017322663743
-0.139149343728725 0.336736600017992 0.0487799616508789 0.114661903655477
-0.101042856252685 0.352487741295841 0.1836697351836 -0.381716772384347
0.0774471692537364 0.311385941049608 -0.00718865916768948 -0.751258111470125
0.282146619279313 0.184509427373641 -0.537243874404008 -0.635049831442615
0.285143882292931 0.0265699885263119 -0.670372821153191 -0.0224874682460582
0.0701845581759588 -0.0756139484946523 -0.352368082859861 0.353420171709005
-0.0639071935309164 -0.151512017493723 -0.108806729533616 0.279511328432575
-0.0949870030960311 -0.16016781876952 0.0118553090697867 -0.00677566666305414
-0.137451518070564 -0.124786254284704 0.0298326760677105 0.0827052800531503
-0.117783783113453 -0.115315173718968 -0.0948020270938187 -0.13801056482531
-0.0496899406068087 -0.111667358656011 0.00277548380907702 -0.30018595831275
0.154205602957078 -0.0821361803575204 0.370884342979844 -0.30659615745645
0.253505384057966 0.0410253774754865 0.73402591017022 -0.0108540881896885
0.19321849211278 0.188721099075208 0.569169351641167 0.466123101443767
0.0294890079032636 0.299678395275084 0.124663869856386 0.556385223299449
-0.123349941480752 0.288312454265911 -0.0051908508057346 0.243426834601404
-0.132987456650902 0.296969582348564 0.167616959048343 -0.246217751711391
-0.00363237799329945 0.291251780705046 0.138563276249859 -0.686129205792031
0.209928603323794 0.220288960483341 -0.375733123775256 -0.771446068882023
0.275854409438833 0.0633841536715527 -0.684018394402857 -0.191753638888607
0.108516026423531 -0.0660239306270693 -0.462264499023094 0.323513293083787
-0.0257730292102494 -0.141568761150244 -0.187077743124857 0.32361577099803
-0.0738196354848984 -0.148071977952707 0.0060145133584761 0.0447945556099579
-0.100209154645501 -0.0863058570665754 0.0412138483733135 0.10629041660331
-0.0820772255693016 -0.084936716962748 -0.111141745759238 -0.118032749627576
-0.0436283912627545 -0.104418927679615 -0.0809502130065533 -0.267159341401502
0.0857047060655522 -0.0888161546271806 0.293056323793192 -0.299304859909651
0.160299496329445 0.0218350674297675 0.728048429023931 -0.0733236017441275
0.137303190996066 0.134501387509409 0.65897652514714 0.42551395614733
0.0291927159639106 0.212883648047254 0.183823189609783 0.625759696448056
-0.0921565075945855 0.196645405688613 -0.0485770482698848 0.343311315085328
-0.10960816389139 0.197917285234239 0.124754998597575 -0.143151304205611
-0.0396907754437971 0.208310718655643 0.208719759163263 -0.613685474077655
0.12551435583672 0.189298417595727 -0.255073132182822 -0.828730383482877
0.209798108047066 0.0657217449868434 -0.674631867682193 -0.308794144675093
0.100628780679606 -0.0592678278010164 -0.540021621246527 0.29738027045313
-0.00498004251371764 -0.114201643650194 -0.242817208860542 0.359710162777559
-0.0468779061786538 -0.110610586848168 0.00486191323683255 0.0891905698308787
-0.0419199717831261 -0.027853150525042 0.0446665993735814 0.116315069241841
-0.0240548563285343 -0.0355930806547636 -0.113250919251555 -0.110795136622739
-0.00045810923457943 -0.0806429452956009 -0.119060593405858 -0.261934624929666
0.0444174829160158 -0.0748242294877921 0.257669307875263 -0.294134449177648
0.0573968359355052 0.018939144482629 0.728389423451001 -0.0920791159615827
0.0444522504951614 0.0847355971333962 0.703112680767505 0.42479429660686
0.000354558007342201 0.0992980802460957 0.205231150011186 0.677881905421838
-0.0487042322950672 0.0766448319749072 -0.0724700615224405 0.398762665097563
-0.0388308645657797 0.0735481718142492 0.0915059332829552 -0.0949694083075086
-0.0237596240733344 0.0900199259786438 0.21475842017303 -0.573366287285417
0.0553700058944217 0.106336126127397 -0.221165480699037 -0.830706252418497
0.109269975944838 0.0336941567140294 -0.679571015500955 -0.337025654155264
0.0516172211297726 -0.059250320253103 -0.577344228044748 0.303619865461309
-0.00130706211191921 -0.0757359520689025 -0.264789749530727 0.383990955989137
-0.0207310570019139 -0.0541956285503384 0.0115018583796407 0.113853539761684
0.0240133440172768 0.0343203951452837 0.0348014401993844 0.116161585447468
0.0403875509730123 0.0196198019544982 -0.105362054506496 -0.115477905196966
0.0491418102750397 -0.0441634583016757 -0.109013226001454 -0.280835003457056
0.00865605467577557 -0.049122736244176 0.281007175275165 -0.288467030293959
-0.0457764284555372 0.0225383066276377 0.74223487265145 -0.0577567294160791
-0.0581997793387385 0.0306831156464007 0.690320095230058 0.470554285436248
-0.0322836524761533 -0.0292641111881003 0.171220530661584 0.705606019902848
-0.000703451732665169 -0.0542361832355549 -0.0737649167327442 0.400261645350421
0.0407779108217696 -0.0555357506313202 0.0859392294553666 -0.100722503858479
0.00248536149043484 -0.0348532458314517 0.169447387373969 -0.574875735762846
-0.015568748544538 0.00730921543477446 -0.275887775369614 -0.788339069902679
-0.00684594821155545 -0.014054725132557 -0.709019561876744 -0.271739607219252
-0.0150040233151936 -0.0602191821034401 -0.575613720585463 0.350547278579761
-0.00522561075146859 -0.0280878629100718 -0.242132005620923 0.394322329782897
0.0079240887280001 0.0106293251256918 0.0266892911263308 0.113271478854453
0.0820802481104667 0.0912534885943222 0.0160075342945807 0.103513209620141
0.0888310555633904 0.0705869034638231 -0.088923493439555 -0.129613437271142
0.075514257228472 -0.00419280877087447 -0.0448397805198988 -0.313782991202764
-0.0438868637864489 -0.0193815729285972 0.356930464164575 -0.272359282133758
-0.147839403032701 0.0169575289233947 0.763431772307285 0.0347614881878995
-0.14225668876231 -0.0428654799204646 0.620722733325879 0.552589579317738
-0.042659731896128 -0.158390811230575 0.0926504614883651 0.700029057486265
0.0447583291011386 -0.174497772421964 -0.0542530073299131 0.344967891400087
0.088592473701678 -0.173796074417903 0.10141265228487 -0.161727222349763
-0.00930202132915228 -0.143327943588259 0.0765875944375343 -0.606850214576122
-0.107949451641739 -0.0679229483761567 -0.405623138894618 -0.686328728391774
-0.117880884525461 -0.0434317457061559 -0.740555183972242 -0.112858358480011
-0.0677558691557269 -0.0481498482788821 -0.517698496383444 0.417590882384523
0.00158870218285078 0.0270146304919224 -0.176303651750135 0.380112628871866
0.0396559484576367 0.0755064956567202 0.0493516305764359 0.0861597663356963
0.119089079423319 0.137573914621518 -0.00392186320122696 0.0787503632476527
0.108264912867473 0.107124863330643 -0.0564504841175274 -0.158188033513297
0.0577781404485214 0.0284155262549585 0.0657714216198928 -0.350894575942681
-0.123072290435707 -0.000970647996998301 0.465058849182255 -0.226355072823643
-0.233482045422008 -0.0165161488976595 0.758621095821951 0.185559129839994
-0.181328999639501 -0.137905797121829 0.491430180856112 0.65077992181425
-0.0134454082151742 -0.268721971435064 -0.0107641724653929 0.647840097926273
0.0812552852118747 -0.266763119915197 -0.0159489624203754 0.243826385300717
0.0840444965048986 -0.265883965064916 0.108702106356318 -0.263403246862193
-0.0710170682020425 -0.206993784542353 -0.0684055452544774 -0.632023369695484
-0.206636743873155 -0.0921182555789013 -0.563829545560649 -0.527806144562051
-0.194895890800412 -0.0413425934878356 -0.733937538701793 0.0829787476520341
-0.0816405387726807 -0.0201342182400453 -0.409391876378969 0.465830135967469
0.026970642635732 0.0812891448932344 -0.0807963101398172 0.336957958613397
0.0720442256930583 0.129269870855554 0.0702021684380806 0.0406464311818792
0.129050504536386 0.165279560373054 -0.0171519220748942 0.0412609422357459
0.0938449331588589 0.126298101679744 -0.00318857084909016 -0.199560700009402
0.00502242744462035 0.0484672674338166 0.205654242521034 -0.377572336047094
-0.204031297112835 -0.00838122306566196 0.570777298832159 -0.129630085054798
-0.27709494907305 -0.076838129459871 0.701400900679318 0.382834355217322
-0.159856937145348 -0.232104595898216 0.313577315399312 0.729443798855292
0.047304568207105 -0.335791781042799 -0.103565221772123 0.547450068767115
0.102156871422294 -0.317775064219783 0.0331888492582789 0.112344756088859
0.0398166702905878 -0.312262040314463 0.0834989232279929 -0.384316307055794
-0.146046518471263 -0.216119893981257 -0.247849579046534 -0.626023040666038
-0.271593185153338 -0.0730330649465011 -0.694590497258067 -0.332915874047455
-0.209751449559951 -0.0160087858713282 -0.670644377325524 0.247709259683064
-0.0514333061900545 0.0137802424581616 -0.266827122373731 0.460323278810938
0.062762097533493 0.126205697971111 0.0175572346483811 0.269571780909095
0.100284371357179 0.164548571000735 0.0801865886935992 -0.0134884219941582
-0.146857210936723 -0.144201773891518 0.0142251821250025 0.0485869025382708
-0.115358499969577 -0.123386771586277 -0.0534865756587294 -0.178317684000901
-0.0118287673270189 -0.100648014090531 0.119012039201326 -0.354680066532999
0.232702912228425 -0.0574459332149147 0.46549368849114 -0.292941137973665
0.308517701700476 0.0824358538443958 0.719478940516407 0.106446173961151
0.188287778683265 0.241309085628993 0.435770954675334 0.519622438784428
-0.00665624553959521 0.344917708115584 0.0521077341158651 0.467881825545969
-0.137209030331615 0.334971935770199 0.0490492180122776 0.113905657357439
-0.100345813116559 0.350993486279126 0.181966847585702 -0.379580792628275
0.0774589557045638 0.310177026091375 -0.00777515286398637 -0.746194618223337
0.281892292127195 0.18300068952206 -0.536686795261121 -0.630356715695544
0.283720012611171 0.0256381271768659 -0.668310206213632 -0.0199113605319297
0.069273285132223 -0.0760131664166335 -0.350527262893618 0.353563952294741
-0.0634967680979577 -0.150903274496192 -0.108131247187506 0.280297991777941
-0.0942170708243447 -0.159563761369257 0.0111765704237245 -0.00677794392969673
-0.137012382268216 -0.124097790656392 0.0292774508118086 0.0807531441138164
-0.117595714377233 -0.114620207346915 -0.0946801391731832 -0.136819317809462
-0.0503143421425393 -0.111248247354942 0.002647237388073 -0.299565941229868
0.151890767018594 -0.0832139039128333 0.367944569259149 -0.306748182996064
0.253162064810694 0.0410062978113857 0.730824188031207 -0.0143514470669826
0.192340481839355 0.186672944315911 0.567488742901159 0.462145472913042
0.0302603009386982 0.298396566077604 0.126446273197015 0.553825222194484
-0.122368092988913 0.287343738687027 -0.0035279032921364 0.241980894874224
-0.13283131563229 0.295412056953877 0.165882390646261 -0.243913587684088
-0.00338602611054182 0.29017215703327 0.136387608332463 -0.684814078462475
0.209460002816193 0.218094217777826 -0.375308070094645 -0.765598187091997
0.27489077338963 0.0618907610350871 -0.679182981432493 -0.189299308376958
0.107588792505783 -0.0660812664962335 -0.459833166541077 0.324240854828083
-0.025673617824158 -0.140967732004677 -0.18620345806942 0.323657352312916
-0.0726187602652121 -0.146849776954196 0.00684332037058091 0.0455732062119963
-0.100397721388229 -0.0851716672613034 0.0407694094556315 0.104459608307038
-0.0817341236959611 -0.0839691217792164 -0.110369670195329 -0.118460412401917
-0.0432207843191285 -0.103661520756221 -0.0813323488925781 -0.266728900959789
0.0849943684987235 -0.0881394330295582 0.290736249536816 -0.300118815604849
0.159740188836692 0.0211823057327792 0.724727326279719 -0.077708486735168
0.137065518679733 0.133309771242316 0.656673861447365 0.422689937432422
0.0299133105770751 0.211695752870701 0.184652341831842 0.622588492030521
-0.0910079324970521 0.195912351589722 -0.0471401830941235 0.341051914132603
-0.108476297381732 0.196091732832805 0.124083569262175 -0.142839022260217
-0.0394032297108295 0.20746180919231 0.207909386778327 -0.611858978152476
0.125281692585616 0.188103291881593 -0.25493850808318 -0.823690721254049
0.208376387700374 0.0655365699020863 -0.672080017022806 -0.30563620152749
0.100356237781284 -0.058825869067685 -0.53721869267049 0.298651535043721
-0.00434604498232618 -0.114059685981038 -0.241710655811496 0.358866273037215
-0.046511820083506 -0.10984134271783 0.00507160525408021 0.0892792183776682
-0.0426664366375733 -0.0277925491246491 0.0448964516308405 0.115449813293348
-0.0245746785261139 -0.035568764363798 -0.112534593828729 -0.11098260825639
-0.000812016466705217 -0.0809050062337584 -0.11947447139455 -0.260844001790407
0.0432664987860378 -0.0762408300823865 0.256061095712578 -0.293776186178794
0.0578792463527554 0.018905882900888 0.724544612254802 -0.0949098693781995
0.0446950309760428 0.084652508451639 0.699071433193446 0.420291843133152
0.000222716162110961 0.0987916309651896 0.205260955031463 0.674081063327723
-0.0482914750910569 0.0761851629008094 -0.070253607111709 0.396893817798377
-0.0387377498132116 0.0734120429988912 0.0904538473337487 -0.0936551702809425
-0.0234462228171095 0.089619888711867 0.211763741667934 -0.571819128820616
0.0554911090626974 0.105544582283544 -0.222131085339827 -0.826965311374979
0.109461654278831 0.0331792196599074 -0.678400123264765 -0.335229785945195
0.051671315942566 -0.0587948747238543 -0.574838377227576 0.302711149752249
-0.00114222123845647 -0.0753898367547716 -0.262254542358074 0.383825112983911
-0.0199453227300719 -0.0546495219195823 0.0113250066880928 0.114764368486129
0.0228172916951584 0.0338854548049439 0.0348584955630999 0.115358301781872
0.0393550570236128 0.0205362499007484 -0.10495342689778 -0.115439471617231
0.0487829988501444 -0.0444898476423781 -0.108356401968706 -0.279143819269617
0.0081241574501408 -0.0494325075290884 0.279297847401874 -0.288589952193056
-0.0448662948990855 0.0239178810812542 0.739466648866228 -0.0608476363102903
-0.0578354173609105 0.0307779601226862 0.689901644956357 0.466300498675318
-0.032745648422238 -0.0293981452579717 0.172376150692142 0.702710289619889
-0.000941682399468406 -0.0541651921357564 -0.0725615799534764 0.397744800058538
0.0401674146481516 -0.0559725036968018 0.0854803887606455 -0.0996552479701602
0.00178528958377999 -0.0349206472836976 0.169489473384192 -0.572399538028422
-0.0156168857459682 0.00711808356103342 -0.276243640553516 -0.782632344852003
-0.00694919795444538 -0.0133231066830348 -0.706287046773054 -0.267730947154944
-0.0151086484754217 -0.0595296816199769 -0.571790101321942 0.34902233689807
-0.00438619553858423 -0.0278151990339113 -0.240705936588255 0.394209999795454
0.00858829849951842 0.0105932524208677 0.0267420597326125 0.11319666740426
0.0815092064558421 0.0901926452532635 0.0161824984582536 0.102606496790674
0.0887027337833282 0.0711047899776433 -0.0881406824236621 -0.130025263643539
0.0750683056871416 -0.00478223933817675 -0.0448575840124424 -0.312432915377143
-0.0450976903998612 -0.0186277224967109 0.356609472406896 -0.273567061793068
-0.146828815662422 0.0171807554750205 0.760456149052917 0.0312158814353987
-0.142059139354131 -0.0429667213169361 0.620546779425575 0.548926081029129
-0.0425219527855555 -0.158101541696068 0.0929042169288057 0.69516652078854
0.0441135581067926 -0.17344426883903 -0.0534864007617194 0.343541734206461
0.0877634564599318 -0.174598296833261 0.100030671407792 -0.159659256119543
-0.0098337039796712 -0.141763273041262 0.0751127497770266 -0.604469544600189
-0.107472353776593 -0.0674303658106926 -0.406042946426488 -0.68179385808474
-0.117661380109708 -0.0433024492819325 -0.73661664456399 -0.110654262524012
-0.0679740004896326 -0.0481607518830334 -0.513474308137524 0.417396621435346
0.00215296195826741 0.0270705620273112 -0.174594814909988 0.379798655275483
0.0396011909549304 0.0745376447696331 0.0486352270708862 0.0867504324912978
0.117983186239734 0.135552672920172 -0.00332285748219432 0.077754758766131
0.107673116971067 0.107413731965849 -0.0557859159688942 -0.157043372727082
0.0583699659937037 0.028657524553064 0.0635861831813652 -0.350399590529657
-0.123149972331659 -0.000682483507995688 0.464435045288504 -0.2262895885333
-0.232602370049557 -0.0149112008629654 0.755909345359829 0.181217467924646
-0.181257818656873 -0.136481922291289 0.491924170093113 0.647499487723269
-0.0146021279811266 -0.267981119737947 -0.0104580057703255 0.64523208125357
0.0801933490375966 -0.266231159458839 -0.0149811642682725 0.242528580498948
0.0827103987644621 -0.265017806825608 0.107118000665908 -0.261639643375715
-0.070250098356022 -0.206119145818952 -0.0685330396829823 -0.630610874610087
-0.206134699809742 -0.0911460715700637 -0.561009032877911 -0.522286737547939
-0.194162490265763 -0.0392912781334218 -0.731420264571791 0.0853615466605404
-0.0818155123519839 -0.0197539056646338 -0.405448527947294 0.464658229858213
0.0278717722352939 0.0812709429401518 -0.0796512685222591 0.336319836425688
0.0726456968727014 0.127821165398615 0.0685307025267963 0.040210297853085
0.12816242547919 0.163820760969227 -0.0174200459371365 0.0403497747537293
0.0931081302531898 0.12704659671367 -0.00304894446485996 -0.199241290043985
0.00492676803409891 0.0487670433439275 0.203951987128438 -0.377631785488972
-0.204564244344002 -0.00736828353398505 0.568748137223873 -0.132147818330295
-0.275164458528852 -0.0742837039734715 0.697304571657982 0.376739924672189
-0.160050860026119 -0.230425223954328 0.312063734213597 0.724647428989046
0.0467479664814222 -0.334517244314235 -0.103056120888497 0.54576653936404
0.100911100462537 -0.316586081523708 0.0334566332763547 0.111388263454963
0.0401134367596811 -0.310698585913954 0.0826634079915133 -0.383359386031454
-0.145634343689066 -0.214659968530431 -0.248624813627121 -0.624379846967632
-0.270336638173163 -0.0714823357087192 -0.692047197652637 -0.328659679469838
-0.208963348216568 -0.0154480992759623 -0.665954652024725 0.247092960540687
-0.0517156393081612 0.0154181277339703 -0.263454603861036 0.460534399203617
0.0627471268069062 0.126557814061161 0.0185192261851478 0.268557407698075
0.100299194313968 0.162760519677915 0.0789339315213072 -0.0130565378936989
-0.146831189533039 -0.143757115760226 0.0143581739636149 0.047359592912907
-0.114929277112864 -0.12327687605215 -0.0541602356839024 -0.178421333326412
-0.0126243344772285 -0.100236245577243 0.117501964108982 -0.354413104405365
0.231022083827255 -0.0574115685196529 0.464331116350117 -0.293776905018379
0.309364348763071 0.0816951519568891 0.714809284287624 0.103254946335609
0.188093430649946 0.240707553083721 0.432679846597658 0.517818833039904
-0.00608821948563335 0.343851368067707 0.0540047301892 0.465248032269815
-0.136211460004646 0.333437972748056 0.0494766989708484 0.112664495372839
-0.0997270692818889 0.349635378332895 0.180256206157266 -0.378009382073688
0.0769881129596823 0.3089971927394 -0.00850882054706115 -0.744453671476764
0.281939980611334 0.182684391683373 -0.535910139967798 -0.627809583588738
0.283851417098315 0.0246454399753594 -0.666613159389201 -0.0182838905428084
0.0691989938885903 -0.076288979747166 -0.349220544564815 0.353381942441405
-0.062294721293961 -0.150982562704963 -0.107915449373904 0.280733442166822
-0.0928462709492536 -0.158918116096361 0.0119466937274441 -0.00616167860395246
-0.137107351573811 -0.123424052317965 0.0296109820655188 0.0799730050043934
-0.115595940610695 -0.113605978199626 -0.09367193284883 -0.137889859316175
-0.0502872938265653 -0.110977803111225 0.00198487644865056 -0.29967669779667
0.15033111376859 -0.0836478941179274 0.36621371199987 -0.3073425421602
0.253194050995705 0.0406567531630507 0.727949926941105 -0.0165195978646013
0.192479310769911 0.185914699121424 0.564160702959331 0.459742694516023
0.0298677363736745 0.296706879909028 0.128008533345459 0.55149487940449
-0.1219236077213 0.286111797548101 -0.00335503626556531 0.240215209309834
-0.131907916343436 0.294087633002127 0.165197366633093 -0.243699667025104
-0.00306000398257066 0.289448657192615 0.135930337412373 -0.682271435547424
0.208961305461655 0.217342561438106 -0.375245945825097 -0.760581546934196
0.273881593860826 0.0611196231385944 -0.680910810175217 -0.187426591358161
0.107856090590156 -0.0665092503565783 -0.460576765876186 0.323261845284449
-0.0248816952139542 -0.141118806491237 -0.185936253236536 0.323750107784357
-0.0715654600410302 -0.146862470702946 0.00657979521541206 0.046131211957779
-0.100739021631866 -0.0855529995284815 0.0412319137473257 0.103183791905736
-0.0812968072153223 -0.0838745013274821 -0.109488351850861 -0.118294680082387
-0.0438434616862986 -0.103847550258343 -0.0816894366488289 -0.266747067843117
0.0840773314558134 -0.0888871912355419 0.289232886253603 -0.301111245099074
0.160405144285931 0.0219230366420542 0.720206127781283 -0.0790822205638989
0.136588399504658 0.13249325937419 0.655984776135252 0.419657001001107
0.0290449636319519 0.2108616788341 0.185009947265985 0.619078859791233
-0.0904331992354809 0.195224823798405 -0.0458256684992173 0.339426477302863
-0.108668327713343 0.195157307178168 0.12376547057963 -0.141678542858935
-0.0388629321481071 0.206688500069938 0.205090054891114 -0.609754653778852
0.125579733105516 0.187161876365733 -0.254559584029256 -0.820246126452725
0.208035094310766 0.065117799306931 -0.670127114777946 -0.304248880571993
0.10061726055784 -0.0591226915751109 -0.53462199559539 0.298238442504178
-0.00371348711688232 -0.11263294282674 -0.240610795059273 0.359034915881717
-0.0452087238567257 -0.109713903793413 0.00518992836419817 0.089468736797039
-0.0428872316353583 -0.027880325660633 0.0442239929210545 0.113386675440822
-0.0245451078949872 -0.0348923551057183 -0.111799283535803 -0.110913104975642
-0.000948470235483811 -0.0808265480194793 -0.118955299805769 -0.260870879901561
0.0423185458943949 -0.0762566472446357 0.254656817855798 -0.294542057676007
0.0580104821303836 0.0199181864653786 0.720892165859382 -0.0969152616643024
0.0440559342068321 0.0839032932058219 0.699282897923322 0.419170455480329
0.000214088491063646 0.0979354792637841 0.207532766125268 0.669766871757305
-0.0477787789828473 0.0760166272088458 -0.068684781943201 0.395625061969733
-0.0393050595030632 0.0720539612083595 0.0903566095498185 -0.0934425587851411
-0.0238965945934787 0.0898288391625124 0.210233787392478 -0.569206478834007
0.0556388918125206 0.105261786524897 -0.222014775347111 -0.823410715166175
0.108904238238493 0.0328136105628896 -0.676835125574016 -0.332006248856557
0.0513087589042431 -0.0587443688177578 -0.573998561505262 0.304077453602065
-0.000597177859124085 -0.0749961782565987 -0.262056026465393 0.383733608102306
-0.0185000652796379 -0.054177044796408 0.0115379163811745 0.114053552715834
0.0231285234798641 0.0325897665206977 0.0344805594079835 0.114109931179608
0.0386992687177977 0.0209382686989467 -0.104281515730175 -0.115142962463243
0.048458562446309 -0.0447491764695261 -0.108487728447038 -0.279070562895001
0.00724045196803205 -0.0490229815442147 0.278088584419889 -0.288855307055538
-0.0452229516570173 0.0240157522693327 0.736197840043314 -0.063464669087852
-0.0582251496734149 0.0308408055597306 0.686629593224171 0.462353948289711
-0.0327246696370735 -0.0294303640408473 0.174131201425032 0.698115736117538
-0.000863095704780367 -0.0535549179255769 -0.0721996462684742 0.396098800757967
0.0398221102597369 -0.0563189181289457 0.0841245296772996 -0.0990239539351294
0.00178403017373705 -0.0354985230918907 0.168031430853291 -0.569574886994066
-0.0155303891369468 0.00667957219922163 -0.277447011509041 -0.781092685674849
-0.00669117822826651 -0.0138474247338166 -0.70419821739194 -0.265761989596008
-0.0151114867373497 -0.0589103023527785 -0.569226501690133 0.349723950875798
-0.00445964957061737 -0.0272018209224424 -0.239073566199335 0.393967224094778
0.00913904407072816 0.00972442618448384 0.0268745753855765 0.113485261553086
0.0811345542000953 0.0891327918708966 0.0166268813834114 0.101823219222841
0.0872607785922116 0.0711076982795075 -0.087856047025805 -0.129920153666455
0.0748889272038543 -0.00444830374097013 -0.0456003493506267 -0.312537674563754
-0.045357366715845 -0.0183638539926772 0.355382170875224 -0.274729590262782
-0.14600857725583 0.0187878546396697 0.758103869760171 0.0285300386743797
-0.141773059850428 -0.0422120776805515 0.61774556676245 0.546659742548146
-0.0426357376921347 -0.158053630307358 0.0938986197059069 0.691996713037492
0.0436043330167401 -0.173211884788459 -0.0525180175938013 0.341945091819049
0.0867156597150321 -0.174201525721716 0.0992488767980254 -0.159165292208747
-0.0100558601297327 -0.141444893940521 0.0742767820350955 -0.601992404262136
-0.106620952634475 -0.0665892749880529 -0.40613186848019 -0.681155077626332
-0.117676088508501 -0.0427489313143981 -0.736282964532405 -0.107184551485091
-0.06803241791926 -0.0470560126407119 -0.51131200667238 0.41645353790528
0.00231598746329245 0.0275238463971409 -0.172857194869953 0.378416211609824
0.0404804489666626 0.0737188465991285 0.0482126749890946 0.0865996038577019
0.117663743005057 0.133728837465266 -0.00352081138517741 0.0771909234019867
0.106167080217419 0.10762997183843 -0.0546534103785591 -0.156996219872877
0.0580523235497128 0.0288989887841734 0.0626296980265687 -0.350750730798239
-0.123773868174155 0.00043848827088681 0.463024192964596 -0.229606734745948
-0.231520805177472 -0.0137751870545824 0.754740341960201 0.177863479709967
-0.18107037263808 -0.136394019972683 0.490487504146757 0.643323701769757
-0.0145987523348432 -0.267052802097722 -0.0104359057884056 0.641707857862785
0.0794630651158361 -0.265330251187038 -0.0147550116208431 0.241279548612053
0.0822808526911642 -0.265294450986663 0.106960846646603 -0.261001745969341
-0.0706172495464451 -0.205388878679515 -0.0688956690017361 -0.627692438718381
-0.204927453514423 -0.0902753736726627 -0.561479269699484 -0.519209172892608
-0.193043643192176 -0.0388686330800289 -0.72744832371266 0.0878345808564293
-0.0810451814076108 -0.0186658294719456 -0.404221752367765 0.464710445221178
0.0279440912954935 0.0818933928161615 -0.0795286695554648 0.335121970082492
0.0724653239846546 0.127484438714848 0.0684520339870326 0.0406742857543534
0.127694725982593 0.161458557515921 -0.017361642615991 0.0402593978715842
0.0917017973339147 0.126336002822117 -0.00275416250050672 -0.199321947587141
0.00419110315129074 0.0490795283244912 0.203505158044762 -0.378337770669578
-0.204050583467282 -0.00635390684878182 0.568501495025034 -0.133566739381336
-0.274558958379795 -0.072607968747113 0.697813376768789 0.374265614778896
-0.160313912884737 -0.230336749390731 0.312250186132167 0.722199551544634
0.0453495458538728 -0.333942642653855 -0.102688400023867 0.544679937408063
0.0999827849905592 -0.315348196776868 0.0339126511097553 0.111146314612065
0.0389231926424953 -0.31036477246504 0.082126411832247 -0.380853454212025
-0.14564550629442 -0.213875955162701 -0.248405843244434 -0.620429414742304
-0.26974811681741 -0.0705149149878201 -0.690085590397389 -0.326450757348248
-0.208295318989358 -0.014822111937055 -0.661739138816962 0.249802200234981
-0.0520414287272201 0.0166644235423411 -0.260561003041306 0.459667371135359
0.0631000179703778 0.126533183377523 0.0189284803640169 0.268191172817122
0.0999196083498057 0.161870739727899 0.0781385107677059 -0.012663679561501
-0.163917172526128 -0.109278787144781 0.0238482943557035 0.031681261998996
-0.134890638157643 -0.0957122813399745 -0.087303969322625 -0.179167308974411
-0.0335430130563686 -0.0959013006923972 0.0558168496986529 -0.383863603265754
0.208065798406156 -0.109690687409188 0.422318329719479 -0.366273782047343
0.318991807996828 0.0117659778806644 0.746799200537255 -0.0130982373207599
0.231634684076986 0.193100006798031 0.521526352268762 0.455365225724339
0.0666092827804997 0.331566150559731 0.108271916358484 0.456117743254357
-0.0751981526383443 0.34580942756613 0.0677077357921967 0.100954456948727
-0.0330217217287143 0.349384544651113 0.111544679143611 -0.418136070203161
0.133031093990264 0.277419863771653 -0.162529440525909 -0.755113458686034
0.294473115284297 0.114880174559974 -0.667202692646337 -0.519004477364205
0.268276162220506 -0.035292756694529 -0.676802489161878 0.12452752456618
0.0451059008044148 -0.0855624293057405 -0.278013176813633 0.431288231024302
-0.0942881209032745 -0.134556229631768 -0.0425157751703848 0.310456408135488
-0.120623187668677 -0.138157875335238 0.021246813807122 -0.00379939847491905
-0.152447456319791 -0.0916613391997102 0.0444994729136204 0.0642713574218953
-0.133446915680844 -0.0855173391683177 -0.120010279806598 -0.131261450908467
-0.0715207667524411 -0.0966440428257366 -0.0502568632398843 -0.310896132072349
0.125219098808013 -0.116664681627961 0.321093025188703 -0.369366210591557
0.255597905821442 -0.0183227760042118 0.7349718888619 -0.143015577858128
0.226142221057254 0.138288184142042 0.646239178073488 0.370280642068022
0.0930766633272485 0.279359450487569 0.199398773046096 0.528433199444408
-0.0683467382701562 0.29853473993112 0.0399850911934679 0.236463872463923
-0.0743251660538845 0.302670421766552 0.121548628445676 -0.278478034119357
0.0511794245010831 0.274459640845672 -0.000995463949115854 -0.720990112010274
0.234336069147471 0.159796469358267 -0.533350250557256 -0.685150492914269
0.26805619650505 -8.51139588150529E-05 -0.724351293732302 -0.0448955573076658
0.0832436884560272 -0.084469292393087 -0.395069276695013 0.424980222865217
-0.0574251547490346 -0.131484365488756 -0.112927268778721 0.372078693559547
-0.0977408598408409 -0.129842123882199 0.0237107187161778 0.0502440165224211
-0.111299755112167 -0.0622288978689093 0.0609536106443785 0.0878244301665748
-0.094815514525347 -0.0630629526962655 -0.132128875745597 -0.105831910775131
-0.0628969584999817 -0.0902687837998905 -0.127191205833343 -0.259740785720933
0.0599476273009537 -0.106743563834777 0.244456594552098 -0.353700379629493
0.162280226662366 -0.0190680225171745 0.711756454665968 -0.209595953304086
0.161963037844275 0.095263377621237 0.728591363082118 0.309616438264697
0.074464202440083 0.197122746987118 0.275962390575867 0.583752821672071
-0.0532885625866799 0.206093827577677 0.0168697552803888 0.341219188041964
-0.0696719075274517 0.203812655608561 0.0985326939639055 -0.167555175101744
0.00228806455334844 0.202036658145654 0.0845374118155037 -0.660980658643062
0.150587443292847 0.145511359181265 -0.423916282108774 -0.769656896560486
0.207182927111335 0.0132701205775044 -0.738372082246435 -0.165140121895908
0.0768832547470188 -0.0768164106207762 -0.47695787539181 0.414075325370058
-0.0320891341383037 -0.108991688543672 -0.163883995700102 0.417990679673326
-0.0655550080558636 -0.097522518360286 0.0278859472919869 0.0931910158615938
-0.0458527125060506 -0.018507063620836 0.0661839615254499 0.102925055906853
-0.0304458095785533 -0.0268828263146713 -0.134045194173215 -0.0941844308787232
-0.0190445327863759 -0.0763016370433426 -0.163163196813038 -0.243356424176288
0.023578680655416 -0.086173470884841 0.209167103591185 -0.343272986649285
0.0638412433154347 -0.00125558459117524 0.702693377852168 -0.230819840552597
0.0637411039676048 0.0645096011498268 0.770569566866876 0.293748948225293
0.0251600719706823 0.0959343877101811 0.315733370608527 0.627521251447871
-0.0325692736190781 0.0840687044013562 0.00551976000868067 0.400535757337358
-0.0242680067185299 0.074666576924212 0.0735069553141656 -0.111839514550619
-0.00364144784531575 0.0864906829367007 0.099204671228971 -0.617437825913712
0.0714350161700484 0.079423797567663 -0.389255785320863 -0.780276222047912
0.10593847868398 0.000329786969182767 -0.748534401433364 -0.194521725781912
0.0301602527873574 -0.0677010915026549 -0.51443949123769 0.424671439208173
-0.0217074540263377 -0.0721711100101761 -0.180664033911949 0.445462500731006
-0.0293560284941659 -0.0486101771642823 0.0362572598673619 0.115342470235025
0.0267066764814226 0.0268992330827695 0.0561923702188414 0.111248411614166
0.0398814563896424 0.0137357986999342 -0.126969260062313 -0.0962224373899619
0.0352419905444631 -0.0519275321675624 -0.15611452031702 -0.258388401514895
-0.00395383466415019 -0.0536906462556679 0.230835585610781 -0.344311533373717
-0.0334598148370662 0.023134026274247 0.720936938330972 -0.206717918164157
-0.043627661802864 0.0319997807968144 0.764824113694821 0.334805810656428
-0.0326977113367752 -0.0189147209166595 0.295429649240979 0.654687135068355
-0.00923804283342805 -0.0497767175536261 0.00430837370324854 0.403108695701597
0.0284989352105877 -0.0621980878980976 0.0655130217063788 -0.113747457240648
-0.0016803857050192 -0.0386738482718335 0.0584965559373979 -0.607109503600577
-0.0133806361270261 -0.00165506214223166 -0.434001497661063 -0.727913731306856
-0.0145462853942099 -0.0228956328662977 -0.76087444892663 -0.122351668398046
-0.0342145984385657 -0.0546440053361392 -0.498826454741239 0.467797338149401
-0.0164693589562812 -0.0242673070311384 -0.157228959317961 0.448598712751943
0.0111818243980158 0.00988699631317015 0.0468566272647426 0.109966137181748
0.0912644565634055 0.0689010049148232 0.03604506173841 0.107634507588889
0.0963445020837672 0.052375560228745 -0.112740243563472 -0.110591642001404
0.0677583390315531 -0.0200313047116052 -0.10025110077305 -0.300685080250929
-0.0470576955835296 -0.0142488495479191 0.3061032739876 -0.346013714555526
-0.129788499751165 0.0365365703605144 0.7534402618528 -0.12274106291646
-0.136533257639346 -0.0219422448626315 0.712677214192432 0.420860708111702
-0.0686140745314246 -0.138982167176538 0.22642074963532 0.661726080875934
0.0141995535267558 -0.17338828510437 0.0127325189206947 0.346554825711022
0.0533640407965634 -0.184476355442369 0.0678258227013769 -0.175497742746583
-0.0329257189807405 -0.140955020600996 -0.0406463109903873 -0.619265072635412
-0.114299382704183 -0.0542352666353143 -0.541031125962402 -0.603331498972109
-0.12816109089716 -0.0300949032989495 -0.758645604606268 0.0400033387050996
-0.0822036565662924 -0.0319200288520797 -0.426655387974885 0.522421917770349
0.00124135082586043 0.0281397918565032 -0.0962327981939188 0.417817794786695
0.0532194680134596 0.0664648385079537 0.060782857816754 0.0769867964944647
0.134466421979946 0.104961036491533 0.0106374390958731 0.090189394138804
0.120409995836726 0.0836636002267758 -0.0867036806604901 -0.143158378945589
0.0582045820344897 0.0150784067320502 -0.00115113029941488 -0.357159454982292
-0.115839486897827 0.0187725548399826 0.419028073318992 -0.325253025469162
-0.215776328830059 0.0237954615634719 0.777842072004431 0.0195038455841761
-0.190653021413744 -0.103298829447267 0.605559892031198 0.537390284185585
-0.0645271522388492 -0.248694031772658 0.124544874469669 0.629267268794809
0.032313367480381 -0.2681991027075 0.0325701861610389 0.240445456178202
0.0323454643121481 -0.271977792192418 0.055091220885603 -0.276656587574806
-0.103658474900412 -0.191650788679593 -0.189108949019113 -0.617392847928702
-0.214820573251438 -0.0582761745778887 -0.664938102939457 -0.412891011083543
-0.202017201171627 -0.00959716545202136 -0.71077994056573 0.230734893166228
-0.0886589588214171 -0.00114019756400754 -0.308632760930765 0.546312352546729
0.0391126765640944 0.0769055812480028 -0.0141904774665246 0.351438016549512
0.0965294979697093 0.111661462871485 0.0681722273167187 0.0249563364476314
0.14946479594658 0.129977965489819 -0.011822721547865 0.0567183990924758
0.109990869454211 0.103884830997243 -0.0423167890712702 -0.195004984654265
0.0122597952308085 0.0427972354199996 0.129249769478294 -0.415152280248022
-0.192151740480006 0.0288600977947568 0.541651593896688 -0.254806087262164
-0.267053344773462 -0.0226307922341322 0.759204952623233 0.221273673916737
-0.186690189387211 -0.195952261022639 0.446358371700225 0.645132997672522
-0.0215948783698979 -0.324808969506262 0.0211900849321882 0.553839102123256
0.0443935102591062 -0.32117987138625 0.0560281423377823 0.10276234391904
-0.0175309686435755 -0.308308767279438 0.00784205643666625 -0.392116624405818
-0.179504028268069 -0.186849543832737 -0.366828196265047 -0.57510839261222
-0.274654444721887 -0.0267859910162359 -0.75696746107683 -0.192846427331407
-0.212987194205318 0.0189246532973966 -0.611100011978351 0.382216754817777
-0.0530052328523522 0.028114106980639 -0.169236607692901 0.51380572594152
0.0832178936286067 0.114282682939602 0.0685271591614975 0.262802654123468
0.130789230087521 0.139726579906066 0.0653221914575284 -0.0318380123306571
-0.165089643057954 -0.108417012829213 0.0236681378079455 0.0310040119655525
-0.134511853500033 -0.0954387803346612 -0.0872034208931923 -0.180280076875727
-0.0331983440290815 -0.0952223550240125 0.0562893186545704 -0.386243401377348
0.206967700787563 -0.111276556908103 0.422308007220832 -0.367536832399688
0.318722199789061 0.011563379040758 0.745774128847609 -0.0167371035156951
0.232194925096727 0.192657147095391 0.522496557847419 0.455423739284308
0.0662601244258385 0.331967825630449 0.107887367230791 0.45580989899797
-0.0751201543805987 0.345706650939036 0.0678816060282638 0.0997664709186155
-0.0341650890342458 0.34887812691634 0.11204112110413 -0.417897231925555
0.131742371166508 0.277956653413714 -0.162652515251228 -0.755179972653913
0.295125483549882 0.114979691277865 -0.667591114140803 -0.517279070442391
0.26869643273752 -0.0357179228297909 -0.678608689243332 0.123894262697175
0.0459005314013603 -0.0857072256900376 -0.278381029059941 0.431893377827903
-0.0941152582676268 -0.135097327057976 -0.0420373780652687 0.311939024912732
-0.120146132625684 -0.138355588296446 0.0213772618679362 -0.00357293925900673
-0.15203633278945 -0.0918784144442771 0.0440163318551031 0.0625110280446234
-0.133405640888646 -0.0855585088104248 -0.120873865715028 -0.13165783057819
-0.0721746264687311 -0.0969143995254978 -0.0511406549815202 -0.311340104811112
0.124418824871656 -0.116697555960281 0.3213272872604 -0.371278264142306
0.256504123270739 -0.018144750622925 0.733518234964698 -0.143344608965406
0.226150444716024 0.137883130201231 0.645344598083677 0.369222427574945
0.0923577118832856 0.279175866797533 0.200800602109107 0.527787080790666
-0.0680611632574666 0.298286235670086 0.040673678177928 0.235520165336069
-0.0741697286840436 0.302689239770387 0.122088980546604 -0.27862213132223
0.0517412309101695 0.273597845306303 -0.00157471662670382 -0.719898720546362
0.234761371283098 0.159889164229105 -0.532820623061752 -0.684840848154322
0.268592989605127 -0.00044398840940487 -0.725634652366278 -0.0445262962448244
0.0836437274151509 -0.0848896296613588 -0.395613100392456 0.4258785285436
-0.056328830680028 -0.132525378894917 -0.113348418834936 0.373199836051306
-0.0976337994467164 -0.130642427833219 0.0242312746384456 0.0507345585928006
-0.111387659096613 -0.0622228152693561 0.0605426140309642 0.0869871319048088
-0.0945323322456884 -0.0630717864517355 -0.132730685224764 -0.106808165067737
-0.0646622567178621 -0.0910767043533804 -0.127926972433233 -0.261782167523316
0.0591400361783484 -0.107512423567168 0.244781827342554 -0.354825959714902
0.162855884061666 -0.0191870106220848 0.709712710366152 -0.210418225614119
0.162031917141318 0.0955203770653912 0.727129990011091 0.310643963768145
0.0740402029564251 0.196899071973433 0.276683004882276 0.584978134060283
-0.0531981446630766 0.205928973913182 0.0167739089286971 0.341108593683834
-0.0699041504580706 0.203898332065797 0.0989898287989894 -0.167726236958484
0.00310872247851225 0.20272523295336 0.0844323831896659 -0.660088357679745
0.151302964396341 0.145262588744173 -0.424163062397679 -0.771208808866276
0.20674873111503 0.0135682568065895 -0.737912467003208 -0.164984637066243
0.076822006762082 -0.0774628999252068 -0.478382674550529 0.414541297847155
-0.0322564478212935 -0.109279876898414 -0.163751035145095 0.419505226195212
-0.0649399871024469 -0.0989727832865005 0.0285409706313664 0.0938932731339558
-0.046337495306512 -0.0187122075776 0.0661672701949667 0.10215961361871
-0.030435787206318 -0.026846360465165 -0.13341892676147 -0.0947789104636677
-0.0197336171141519 -0.077003339228421 -0.164362564747742 -0.244210267647094
0.0230300344616144 -0.0859851054829794 0.209384782082437 -0.345215914218727
0.0643036767529641 -0.000996343762373723 0.70272537667748 -0.233004195471709
0.0641376160494931 0.0651891826404194 0.770379680877033 0.294702563768391
0.0249909917967508 0.0956230377728658 0.31546785069558 0.625918221831456
-0.0328802385682114 0.0837269600318808 0.00455275786888515 0.39965884092127
-0.0253263759686097 0.0739588372158314 0.073996392690063 -0.110601038959261
-0.00371297375272281 0.0863061205812904 0.0996710606301425 -0.618343967422384
0.0715451550978239 0.0790588957614027 -0.388707916638917 -0.782236416774821
0.106144119391468 -0.000517246730276193 -0.749240135764921 -0.191877091361252
0.0298672250365677 -0.0676005749476122 -0.514329177329025 0.424851314797082
-0.0217697861465982 -0.0722065601535973 -0.17972950596182 0.446673636475568
-0.0289100890927421 -0.0492445241875605 0.0362563113104876 0.116696562171307
0.0264642984523765 0.0260049256859854 0.0558313830500286 0.1103616039602
0.0398711989104227 0.0140570690450066 -0.127237606145418 -0.0971182812223721
0.0352250405120613 -0.0523683101645758 -0.156968928811737 -0.258582725128757
-0.00448664442393995 -0.0533579347474713 0.230376560416294 -0.346126779439802
-0.0328738199688379 0.0231053150459992 0.720155596917473 -0.206666323636082
-0.0440401418966043 0.0318324166424779 0.765726758470998 0.332969259787716
-0.0331802061740062 -0.0195705878810885 0.296419882946933 0.654695512629104
-0.00955373229237403 -0.0500254683282001 0.00398947577790889 0.402311707081797
0.0279734412603938 -0.0626194395268801 0.0657768104600016 -0.113370160092947
-0.00131294934834711 -0.0384963749701985 0.0596058210524579 -0.607976247747008
-0.0136213083383792 -0.00141248109531649 -0.432807289911266 -0.72575070217728
-0.013516063854724 -0.0229811034842925 -0.762349317146334 -0.122987188472751
-0.0335407688780716 -0.0544318821366857 -0.49853778042053 0.466029410346267
-0.0162812258705722 -0.024285275234294 -0.157722812571845 0.449252616716266
0.0113474444003524 0.00914209750187923 0.0477371730043849 0.109889022023185
0.0908122577562377 0.0687870454058201 0.0359278633331806 0.107050343477403
0.0955429641920827 0.0538125130537221 -0.112554084504316 -0.111491592532732
0.0673061578255723 -0.0196942863982416 -0.101494237676358 -0.301668328164521
-0.0475249699548689 -0.0134425028272005 0.307058914332642 -0.348933277673669
-0.129008959002731 0.0377748131188596 0.753112985515142 -0.125403476936626
-0.137017340199881 -0.0221291875969057 0.71270830107699 0.419772655344177
-0.0692195224737522 -0.139698418119406 0.227768159979255 0.660476673759694
0.0140764381892768 -0.173536780214268 0.0124744627088109 0.345235925650425
0.0519623946062608 -0.185179351328791 0.0678842688564506 -0.174686594470741
-0.0324950158055767 -0.140080270679139 -0.0403868345753872 -0.619739138547471
-0.114483764441733 -0.0546910489067377 -0.541127706170346 -0.601766671321937
-0.12753008823567 -0.0297852664908296 -0.759873384632687 0.0390929005022657
-0.0817633275569278 -0.0316752232999196 -0.426656765476124 0.522631583769572
0.00199023691344288 0.0292887728754266 -0.0957134676202204 0.419004514125261
0.0541879542845456 0.0658832170880609 0.0603882408921264 0.0773673345466212
0.133427177016495 0.10412313406225 0.0108923473160287 0.0890502710196929
0.119667263121648 0.0841464265832827 -0.0866511767433329 -0.144256052720295
0.0586122943301656 0.0146321019770286 -0.00238424269401849 -0.359009768270247
-0.116361337057382 0.0197018942156959 0.418574465940119 -0.327181074007
-0.215854356634291 0.0242929070898017 0.776657242151395 0.0199480583161491
-0.191090342341504 -0.103634817373433 0.604669622749254 0.53751877410901
-0.0651025200985261 -0.249574957102867 0.124205425252125 0.630642811509146
0.0328235452971779 -0.268348194619318 0.0317375610370758 0.240430723404456
0.0316405726506191 -0.272214683134199 0.0556926100017362 -0.27627005923714
-0.104435139010772 -0.19206088388679 -0.188105675510084 -0.617443285628564
-0.214940759874095 -0.0580481401227796 -0.665352220097051 -0.412464178485497
-0.202188694766762 -0.00897123972267234 -0.710028231014938 0.231415779422674
-0.0891390216767943 -0.000851554054802778 -0.308183464760874 0.546745868415694
0.0392506322086655 0.0780839293679646 -0.0137267525499354 0.351726720000207
0.0964702005794809 0.11151370939278 0.0679866401807928 0.0249513140593914
0.147849124045349 0.129597359998262 -0.0110855393250474 0.0565383527928096
0.109909417040505 0.105431055124994 -0.0415315285878043 -0.195688314018136
0.0122519978969075 0.0431051943130027 0.128107256468355 -0.415243272663169
-0.192514099392985 0.0305484171124617 0.541768154919203 -0.257710155582849
-0.266350350216343 -0.0215423274108579 0.758229962171798 0.219481418468535
-0.18669117649779 -0.196106073564172 0.446762089613371 0.645160325880523
-0.0214810458739709 -0.325279263356325 0.0216898549449957 0.554037670990028
0.0435060129383485 -0.321562792933742 0.0560364957863779 0.102788946525246
-0.0175846630026573 -0.310035076922502 0.00752589949275507 -0.391593309429639
-0.179584954666316 -0.187374711054313 -0.367175374624278 -0.574236925351447
-0.274194354487686 -0.0265983072793055 -0.756440704095671 -0.19490988564078
-0.213034313836984 0.0190170387602063 -0.611808472129507 0.383011518515642
-0.0537963835969359 0.0288755989599439 -0.167327489497765 0.513798790005916
0.0844678939896979 0.114991119439217 0.0684716598782895 0.262653360653869
0.130640671055478 0.1399271829575 0.0657641677873998 -0.031159329080019
-0.164898889670844 -0.109045934762465 0.0230956019521601 0.0302133401285256
-0.133750600392519 -0.095385983522105 -0.0875613226733243 -0.181014744154468
-0.0347070152008237 -0.0954732187508471 0.0552235640064911 -0.386248212012478
0.206746249286199 -0.111784162564337 0.421427800223203 -0.36912676548615
0.32008167419238 0.0115703011534394 0.745276851288132 -0.01730153930677
0.232639281139289 0.193454133829095 0.523676157860604 0.455955271206173
0.0658719255951693 0.331980174808611 0.109013208851888 0.45727249420974
-0.0745240438050297 0.34710939005338 0.0687441940502316 0.0989770222010054
-0.0340172537080759 0.34926359915866 0.111721982326992 -0.417779136137929
0.132742721328343 0.2781663904978 -0.161505632217708 -0.755216126564348
0.295968444703823 0.11501511359156 -0.669263975124149 -0.517929281435926
0.268318520841324 -0.0362232681146982 -0.678361389776393 0.125553507217788
0.0455937735292737 -0.086797812075058 -0.279406875441392 0.433237668202769
-0.0937830441761685 -0.135560258843505 -0.0418272938094124 0.313396292871581
-0.120284192719684 -0.13976320934642 0.0215833124481292 -0.00216260001980089
-0.153033803296571 -0.0907312060072527 0.0443713953492297 0.0617481602078078
-0.133150369728722 -0.086025439371599 -0.120332623338341 -0.131740956145371
-0.0731044183549238 -0.0976450661920348 -0.0520515915270561 -0.311840354960396
0.123029039854643 -0.118304749936358 0.3201745594836 -0.37436281217982
0.257674564501825 -0.018576891806701 0.735028829238265 -0.143738688229454
0.226199643887908 0.138163550134808 0.646968857593012 0.369942310611251
0.0926332448201575 0.279409187470171 0.200737601403173 0.529371145316167
-0.0680358929640717 0.298945260284852 0.0405165331811868 0.236000223210653
-0.074502655605716 0.302741367305838 0.122271735505442 -0.278728457419234
0.0517232580720606 0.274387888934669 -0.00162612628072506 -0.722603726099739
0.235128234455187 0.159908838831789 -0.534692598509784 -0.68570627383336
0.268458715801746 -0.00111816194064353 -0.726044396597263 -0.0420226018768908
0.0826610345218385 -0.085716655693781 -0.396528331950175 0.426894263157232
-0.0562753548609261 -0.133474055556952 -0.114018893781794 0.374933452316465
-0.0972025513298506 -0.130519570749325 0.0256472512909182 0.0519212388574702
-0.112286664885335 -0.062154439656899 0.0602994467676106 0.0862460784856958
-0.0943247335623348 -0.0625183477200625 -0.132790602424148 -0.107522583506907
-0.064893266236058 -0.0916165911076205 -0.127664237194757 -0.261158364438405
0.0584483793289122 -0.10805383826595 0.243398474744414 -0.357191529021695
0.163596643978961 -0.0196083944009331 0.709998749951465 -0.21197798086109
0.162117764319293 0.0956544371486136 0.730912639875303 0.30901293117683
0.07498697554657 0.196965956630619 0.277009064348356 0.584807230272207
-0.0530731228577152 0.20605770414211 0.0182689682249114 0.341557597577175
-0.0703403913321011 0.203517134599533 0.100023508269442 -0.166665820038367
0.00233900977076349 0.202729658335929 0.0852591877222978 -0.66146965934943
0.152516578681778 0.145173809909987 -0.424797551681965 -0.771694005965112
0.207597470072377 0.0132916061563196 -0.740061207168054 -0.163782821233984
0.0771745715607956 -0.0779571805603156 -0.479718166162714 0.415907996582215
-0.0312258583459538 -0.110245067525221 -0.164116061240468 0.42142704886267
-0.0643540430720736 -0.099629260618643 0.0289925833675652 0.0955372355656592
-0.0467516269199213 -0.0189612104766581 0.0657627846286464 0.101523078718515
-0.0305914562534652 -0.0260680983904686 -0.13357465996259 -0.0962569562034541
-0.0195519124662591 -0.0771036897903277 -0.16471344247561 -0.245066608964775
0.0218170709066528 -0.0860200559816563 0.209204097520905 -0.347614790358428
0.0652507753413423 -0.00103498616586118 0.701501015353019 -0.237248480875605
0.0643227324360849 0.064982665784781 0.772115163111958 0.29349723124521
0.0244501138481849 0.0953232456223058 0.317047630781731 0.626336026679356
-0.032277742804038 0.0835831580380594 0.00594407818133197 0.400432744505973
-0.0253531253299961 0.0735590543138226 0.073883826791888 -0.110260454293469
-0.00379578470532262 0.0870001105703528 0.101847623253758 -0.61785624587268
0.0720419858932686 0.0788490406962982 -0.390972884694726 -0.781153612508952
0.105916567820049 0.000197152297976975 -0.751160117311939 -0.192271004972261
0.0298197276393691 -0.0679076336707897 -0.514183464693857 0.426303921305306
-0.0212377045683559 -0.0723808342919549 -0.180750410693848 0.448390165317983
-0.0283218501864156 -0.0500497808073394 0.0367141708500097 0.117051281983092
0.0257391594811418 0.0258628778169503 0.056153710030067 0.109476934038751
0.0389427812735788 0.0148909222348682 -0.126912379012238 -0.097642431750335
0.0344129571726011 -0.052652154387758 -0.157816580557297 -0.260179610488902
-0.00468333773390213 -0.0532319608189984 0.230836584077961 -0.348189160257225
-0.0320496507819752 0.0241714680939639 0.718339664259596 -0.209100625140404
-0.044411900830234 0.0322137766903152 0.767864549512267 0.332162080547913
-0.0334340603880428 -0.0194240549982774 0.297532993383725 0.655697643509016
-0.00887048251086948 -0.0498743239708438 0.00492816338249754 0.402423864640199
0.0276597105782528 -0.0634393491765986 0.0662891524668339 -0.113034486443097
-0.00142008419195639 -0.0390359251726244 0.0589138520978369 -0.607905141708713
-0.0133991822503493 -0.000893701309906078 -0.434964001177191 -0.728215073757713
-0.0138660351953866 -0.0232431171411763 -0.764296605872503 -0.122328047705066
-0.0338017776805039 -0.0542190866986137 -0.498450669802648 0.468942002422435
-0.0150470872793987 -0.0231549867432577 -0.156569371381809 0.451211277888967
0.0114760877167174 0.0092006515268238 0.047755372425597 0.111471709813489
0.0912640164530919 0.0679012987181967 0.0354734782414294 0.106066877258296
0.0949274783628302 0.0539281378658926 -0.112014638080092 -0.112529698162798
0.0670125164481419 -0.0200116161086037 -0.101888666430404 -0.302340825982253
-0.0479041097566552 -0.0129655298133138 0.308022065347211 -0.351496188732825
-0.128707353483467 0.0384656148723675 0.752258022730732 -0.127954723331549
-0.137689269931307 -0.0223055934989403 0.714812480532869 0.419652999668627
-0.069655796108348 -0.140190106139068 0.226057988516845 0.66164534091421
0.014098876073038 -0.173255076643271 0.0133604101971191 0.345207997783268
0.051469465550993 -0.185636844388116 0.0679319853136244 -0.174675995842164
-0.0330721067323044 -0.140511953692386 -0.0406408153714676 -0.619832673077173
-0.114541645856464 -0.0543536434753736 -0.541878611826475 -0.603081703478905
-0.128159599615651 -0.0299700201116653 -0.759517907163248 0.0413686701890135
-0.0820547767103174 -0.0314481734492902 -0.426825813276511 0.5233534648687
0.00339531233466098 0.0298815258164339 -0.0954064001027408 0.42001773121701
0.0543568191588784 0.0663682876116363 0.059934128357824 0.0785379277725066
0.132973033679783 0.102879482508858 0.0103574629977866 0.089120612591172
0.119339642587284 0.0857424353225962 -0.0855500452363331 -0.145104732199425
0.0577825937848812 0.0144589020335307 -0.00331785276004281 -0.360595143105221
-0.116548206075826 0.0205602798560084 0.42061776675779 -0.330353786223791
-0.214932961728635 0.0256818232360531 0.77716223781408 0.0172969552245448
-0.191641737104072 -0.10363210009878 0.607179409000127 0.537611117993358
-0.0656038219354088 -0.250821749064446 0.124518054795745 0.630032111523509
0.032369711952026 -0.269306030063324 0.0322496741901279 0.240093697481666
0.0309360160180132 -0.273088117094805 0.055358167967855 -0.275724814680605
-0.104134924865703 -0.192500564995995 -0.190774203319899 -0.619004592333298
-0.215142014360303 -0.0583981423721132 -0.666285849368537 -0.413634579203413
-0.202040641497229 -0.00990622763700018 -0.710050765540497 0.234521207853942
-0.0892575729870926 0.000327706656586421 -0.308502679168968 0.548403234187394
0.0402161814111522 0.0792911223783713 -0.0130522851088923 0.353407097478569
0.0972709914072134 0.111168345033603 0.0683099300740107 0.0264221511029337
0.148418037894523 0.128054977091678 -0.0115593982004687 0.0566253649819859
0.108998163958561 0.106336994334138 -0.0418827414382903 -0.197536689880523
0.0122993624040974 0.0434357547770033 0.127144157007553 -0.417017714174132
-0.192372667060939 0.0312066809833797 0.543466169672759 -0.259300824680935
-0.266822890313919 -0.0203724201329105 0.75990639788702 0.218710907794734
-0.188488026813107 -0.196668981665242 0.44727318887048 0.646714246235798
-0.022454896932324 -0.327209742901598 0.0220975244986829 0.553569940017031
0.0437231588748011 -0.321533392307815 0.055992051583418 0.102806194957474
-0.0187705436667432 -0.310292841320139 0.00752838780519974 -0.391537995727604
-0.179686909571958 -0.187603755486484 -0.36703095091483 -0.575857549569458
-0.274147388711489 -0.0260276677580394 -0.75888391180127 -0.192434614506568
-0.212790243289351 0.0197522833959679 -0.610777008598724 0.385127308941581
-0.0528716017880027 0.0300616767037022 -0.166772872861582 0.515415720168032
0.084963379359342 0.115232621014741 0.068878386352808 0.264328410148746
0.131005060694695 0.139254503677746 0.0657348309485979 -0.0298431029702155
-0.166490095059153 -0.108604484975498 0.0229447339311834 0.0298724036812716
-0.134425987764577 -0.096661008588115 -0.0887870366255811 -0.181759609505553
-0.0350587468987901 -0.0954753561817501 0.0535671185486164 -0.388484665801785
0.206701648608045 -0.111787077554534 0.421673962583174 -0.372348925122975
0.322863088362667 0.011004126631388 0.748018272543305 -0.0194073286422667
0.233616485512081 0.194530403611753 0.525875596536321 0.456236243631356
0.0665400190966789 0.333062654256873 0.110178651055332 0.458109126969018
-0.0738704791508888 0.348133310462201 0.0695043166479969 0.0985896185548236
-0.0342070260376705 0.349959042744659 0.110253813386668 -0.418645993004493
0.132946306101133 0.279417207948751 -0.164323949157148 -0.75652745161921
0.296940657857583 0.113873701125868 -0.672916599882033 -0.516687743258539
0.269725384401374 -0.0377556058262585 -0.682785794615224 0.128005471369238
0.0457016340749808 -0.0875101880902277 -0.280326930835851 0.43522059398978
-0.0931555238066378 -0.137536082676104 -0.0422579591548858 0.314897161192546
-0.119832651000901 -0.140367036912878 0.0222988744771428 -0.00183651816349056
-0.154407626179681 -0.090970403994832 0.044360011018656 0.0608675420101349
-0.132839883697806 -0.0859065798124559 -0.121776262153529 -0.13284384463692
-0.072612211512723 -0.097447916461517 -0.0531821752592148 -0.313954290181243
0.12267191019641 -0.118570859768285 0.32163094590967 -0.376743689081797
0.25874101477705 -0.0186857668813963 0.73491857196749 -0.147402453632838
0.22708091151579 0.138867111127857 0.650673149351673 0.371400008262225
0.0924951591600361 0.279689678214564 0.204146288000794 0.530183869973108
-0.0669941938640572 0.299929305888701 0.0412603614766483 0.235376776448591
-0.0753752091156205 0.303786130335344 0.122534081592819 -0.278851383391421
0.0516299044477829 0.27629144984775 -0.00100257294095684 -0.724272904365961
0.236828048027863 0.159419886278489 -0.537528585781563 -0.687777603651022
0.269847618044583 -0.00201701683971375 -0.727971307518933 -0.0410824427845461
0.0835828190432311 -0.0869363390176815 -0.398065526130466 0.430881282783748
-0.0562865944085844 -0.134486297268386 -0.114132391096412 0.376251901051118
-0.0970344496159719 -0.132313220894126 0.025553525563561 0.0524706704563071
-0.112948701576502 -0.061294557285745 0.0601705133474135 0.0851539718246337
-0.0940420756904282 -0.0618995529277244 -0.133442596914385 -0.108076437095867
-0.0650708030289344 -0.0915583640473669 -0.12976455550921 -0.2624248187843
0.0582565615127752 -0.108503337646652 0.244736285311663 -0.360848779066451
0.164644090689791 -0.0194619264877635 0.711761192004913 -0.2180823745674
0.162586741033036 0.0960164245678645 0.734304309271833 0.309147701542855
0.0744349974819979 0.197594866974125 0.280602480643847 0.585845752931636
-0.0531762028622053 0.207263353930087 0.0183087450565759 0.341590951274385
-0.0706589644375959 0.204375702044817 0.0999123728977478 -0.167271234615052
0.00318747590056505 0.203890360689821 0.0856509565134544 -0.663998172458822
0.152747671602325 0.145479461938768 -0.427604878728961 -0.771970245180607
0.20846358863951 0.0130403712276006 -0.744046222096073 -0.162756686926966
0.0770392134705145 -0.0784246891014945 -0.481517349332642 0.418355068733598
-0.0311752767940436 -0.111163571371552 -0.163712065436172 0.423502211658297
-0.06431488309994 -0.100018576241169 0.029582613205554 0.0962900280231059
-0.0477248655524415 -0.0192718620752474 0.0658363301293429 0.101180666663768
-0.0301752331190196 -0.0261109745946126 -0.134000663609911 -0.0972079414461381
-0.0197087803757514 -0.0774581871635285 -0.165722089227941 -0.246609581899819
0.0215316490674198 -0.0866055162990984 0.209488490350051 -0.350583172880795
0.0664438188854828 -0.001048956184967 0.70270227111215 -0.238201712210649
0.06383454571691 0.0654227075331923 0.775606920390892 0.292456620033185
0.0242981692101513 0.0952641333787589 0.319672630426997 0.627369836941137
-0.0332015010141213 0.0841256116497644 0.0058865802179121 0.400694687975457
-0.0259161832700378 0.0735566091827839 0.0739089990028597 -0.109647054832819
-0.00381187421660471 0.0873533603617185 0.101092810349752 -0.619547201970525
0.0728240987816667 0.0792465373386595 -0.392573770859819 -0.783278664542904
0.106920943006325 0.000233099217517817 -0.75484688047192 -0.19166428043279
0.0301213130300896 -0.0681764437032331 -0.516219738944741 0.428872565136817
-0.0203241690241319 -0.0732425356944046 -0.180822486150022 0.451159931103837
-0.0271113497534707 -0.0501331645706138 0.0373345046421067 0.118063810414902
0.0255723936919993 0.0255038630029998 0.0558201743610791 0.10922663606406
0.0394767961459138 0.015804057550126 -0.126371011582892 -0.0990489347368336
0.0342198534477581 -0.052752653280605 -0.158044726518311 -0.261845881403845
-0.00497393738105636 -0.0532664647653481 0.230959930525784 -0.351345889426621
-0.0317414625275586 0.0243375787086722 0.719449472909791 -0.212048109995441
-0.0443344346234122 0.0323956216342973 0.770350198133708 0.332678262144241
-0.0334495026052622 -0.0197555576544527 0.300204856041249 0.655132021310419
-0.00926919633424652 -0.0490790597229518 0.00511617393956862 0.402970328428776
0.0271102129356366 -0.0639028384200526 0.0658355979533301 -0.112883772671418
-0.00235535664976912 -0.0390028416352814 0.0593240844556405 -0.609771349776162
-0.0129119287180154 -0.000846961068922828 -0.435261383405353 -0.72929672456308
-0.0138990740727829 -0.0231896792359175 -0.766078360738327 -0.121065179192383
-0.0341355083107737 -0.0540478957243127 -0.499620758223177 0.470819154799836
-0.0148973455383682 -0.023576340621496 -0.156585144291013 0.454043069207988
0.0121922094728447 0.00831050722122585 0.04785735280447 0.112415888719347
0.0901138522154608 0.0671830694927131 0.0353316178904123 0.106103684744646
0.0956898079425036 0.0548340614436436 -0.112893025667234 -0.114000122776335
0.0672675251621244 -0.0202202619680938 -0.103270110819334 -0.303954320921141
-0.048132355402096 -0.0126388183475578 0.307477426481283 -0.353046687182635
-0.12881943338494 0.0395726812706001 0.754303060103925 -0.128949102933162
-0.138396650847466 -0.0220293846249581 0.718193556407271 0.420384397111068
-0.0709966248986463 -0.140572124786233 0.228727064933025 0.663087941315527
0.0137622326045484 -0.174083011313357 0.0150288480140829 0.346446771987045
0.0510471667768983 -0.187334041975182 0.0685202840870145 -0.174455685410308
-0.0337977964917453 -0.141064419302307 -0.0403691414747979 -0.620248389390203
-0.114944885588063 -0.0542917567572116 -0.544295504876725 -0.604550513139474
-0.12801757667438 -0.0291173406961201 -0.761375795221578 0.0421429398818047
-0.0823774785706449 -0.0305754821747628 -0.426377259480304 0.525645247833027
0.00349667037496234 0.0300373437069914 -0.0954897127549902 0.4222314387502
0.0553613912671227 0.0657656583750016 0.0609160335669646 0.079197997665764
0.132903531040845 0.102097391476673 0.0100616238433539 0.0890079133406229
0.119758071973505 0.0875364886532528 -0.086575392156409 -0.14627492836937
0.0578281586816694 0.0146492760408597 -0.00507238067458696 -0.362725536617258
-0.117433583869523 0.0222416371327538 0.42187462847658 -0.333081560855216
-0.216489901580403 0.0270775022818218 0.777639880646653 0.0147758214927639
-0.193065078625451 -0.103803125087789 0.609015639530202 0.538107525041446
-0.0664875822505974 -0.251929754156055 0.124886696587755 0.631754343051981
0.0317783107017911 -0.270042464285394 0.0326826958860627 0.240242399593146
0.0307296694227533 -0.274342613350384 0.0555280122609366 -0.276187947399324
-0.105438202847185 -0.192950041504816 -0.190527063536762 -0.619468879781403
-0.215693759565382 -0.0576457000209018 -0.67067627502051 -0.411497376026702
-0.202721900822158 -0.00913236288662973 -0.713018891577884 0.23733755655542
-0.0895276847687315 0.00124709712678637 -0.307730268165669 0.550546672247056
0.0410990847486637 0.0789159771938499 -0.0126326214205992 0.355102209881972
0.0983253724879687 0.11119115774564 0.0683282278969515 0.0272216581233953
0.148164116794862 0.12763277906709 -0.0113158510344864 0.0555906097433901
0.1096642367339 0.107959426901801 -0.0423194158394007 -0.198713779691051
0.0118590102950729 0.0445405270792466 0.127597038497832 -0.419481718266735
-0.193522847980172 0.0319637168606406 0.544226366465776 -0.26232902998537
-0.2674574256012 -0.0195508777253753 0.761316968361995 0.216531873634303
-0.189359661293928 -0.196915290822379 0.450348046971222 0.647856957145304
-0.0227052083350822 -0.328299841106607 0.0217266345589497 0.558307061845737
0.0429335614415975 -0.323077774010456 0.0563191713229692 0.102051143503386
-0.0181285382476596 -0.312509142259624 0.0069258869672472 -0.392539596091511
-0.181063319880456 -0.188816398394346 -0.369265455379945 -0.576459645695346
-0.275377729076002 -0.0254765630756784 -0.760200089790307 -0.191113210883375
-0.214072198038066 0.0213934241670809 -0.61290716199162 0.388774379394452
-0.0534620185339612 0.0304942731578266 -0.166371055206512 0.517194954827767
0.0854857866463671 0.116856142372143 0.0691653233851036 0.265195143578412
0.132262453141503 0.139591477631484 0.0658652551206579 -0.0292732728084268
-0.167740296466801 -0.108012456852639 0.0227450183472202 0.0280299954683136
-0.134241426531326 -0.096779384156006 -0.0902357022758362 -0.18274972421091
-0.0362606935707915 -0.0956857824472858 0.0522985543031409 -0.392032340807037
0.207094626361629 -0.113550288450753 0.42129331707248 -0.378072987362905
0.324357621089509 0.00941124188679193 0.748724575027094 -0.0237828431240251
0.235457540728718 0.193419382122784 0.529529661946771 0.4585030456601
0.0682497385988908 0.333964232309934 0.111767618041881 0.458739427872215
-0.0732164748335515 0.350018421839466 0.0703599557943686 0.0987266933024371
-0.0341168993935147 0.350885868476105 0.111371497038226 -0.420148874900619
0.134684323798993 0.280237929577281 -0.166174118876516 -0.762645695200363
0.299613089063624 0.113357769496742 -0.676944290265252 -0.517979653334525
0.270618961312187 -0.0378703063769858 -0.683587595219736 0.130715885587512
0.0456550621869983 -0.0883481929971237 -0.281226321552936 0.439863929460129
-0.0933169486226914 -0.138186934373162 -0.0421778207028275 0.318371009696441
-0.120492712329042 -0.141013024531027 0.0232743580085139 -0.00177877994396474
-0.155351372332338 -0.0903556791632637 0.0439507553752142 0.0597030148207556
-0.133182227572362 -0.086402837337344 -0.122926293668052 -0.133128443846318
-0.0741276459731086 -0.0978374867622487 -0.0545615618949148 -0.316635483719206
0.122242461052816 -0.119974293936135 0.321354819892009 -0.380371878896761
0.261111165645498 -0.0198849665635426 0.737273538658031 -0.150690562799118
0.228636151933682 0.13846766677149 0.654930883406747 0.370108407818017
0.0934112042648832 0.280144371417286 0.206186193432277 0.532711797501454
-0.0667876890378158 0.302224576497712 0.0424133754209454 0.236231093519132
-0.0756901842901717 0.304705750839139 0.122731641539467 -0.279047433002425
0.0527382977553635 0.277489028012513 -0.00408847808495623 -0.727388645736415
0.23844411831815 0.160370746300248 -0.541851159354951 -0.689323765606553
0.271023003950652 -0.00322494778676988 -0.734565349313314 -0.0382006637329605
0.0839585123427466 -0.0878062375865713 -0.400167115569153 0.433339328090891
-0.056299753568691 -0.135600048109026 -0.113789088314952 0.380811430436362
-0.0974166536915293 -0.132859809301027 0.0268385068052955 0.0528433038164806
-0.114002674011484 -0.0611749941677117 0.0599219749174099 0.0850917852554294
-0.0941656690270017 -0.0625201079819841 -0.134426745735464 -0.108993676776704
-0.0656788774533537 -0.0919759562381516 -0.131223351407724 -0.26456114590544
0.0574588936187378 -0.109591857104344 0.243928625070091 -0.364095211313915
0.166560139406859 -0.0200102897599953 0.715910055739404 -0.220140715899322
0.163806576200893 0.0957132996241208 0.73679968329913 0.307891433452955
0.0751672054840458 0.197262447987243 0.282526058592587 0.586433550335141
-0.0530037371803125 0.208355778981585 0.0187922169250205 0.342045372034413
-0.0709460232421184 0.205109436680692 0.0999857312909641 -0.167656835096662
0.0025920691080601 0.204933973376004 0.0843665993388095 -0.665874010200279
0.154035407658145 0.146192196743442 -0.432913357604375 -0.773981692044894
0.208569285742639 0.0127420082671879 -0.74815948689247 -0.160841244994944
0.0778170911520047 -0.0789821325346659 -0.481955434020709 0.422426569431947
-0.0311129972186225 -0.111672435538866 -0.163626443518818 0.427364044790914
-0.0644849793592146 -0.101274770621032 0.0297411748560674 0.0972936142737983
-0.0486169152909106 -0.0185623194706531 0.0649920651076996 0.100582366738358
-0.0304164762421269 -0.0254315518788504 -0.134721517931793 -0.09735304795619
-0.020418203707922 -0.0778838249726256 -0.167630849205227 -0.246710847311672
0.0208788867901871 -0.0872329760955925 0.209546228222012 -0.353369978010419
0.0673945093888531 -0.000659525517785177 0.706483077481263 -0.24132155294576
0.0644237352029018 0.0651212484160836 0.778777664381824 0.292062731084682
0.0245575455241168 0.0952372895616224 0.321818537259009 0.628906915777666
-0.0326840325921083 0.0843674280234204 0.00684170726120186 0.40204253849564
-0.026132717360437 0.0740375671553149 0.074142419008677 -0.110171363375131
-0.00357157245054882 0.087454723507625 0.100864841988967 -0.62115841373035
0.0729752475790858 0.0800782723274536 -0.395786515097723 -0.786477728294272
0.107255769069814 -0.000896916710902376 -0.760029555503971 -0.191682846232916
0.030359519185219 -0.0682252027514163 -0.518022442577137 0.432583660547841
-0.0206790699037737 -0.0729223262430573 -0.180771909464629 0.454394246362016
-0.0268594555497257 -0.050946830746743 0.0377345534826459 0.119415970505824
0.0250116306736473 0.0252426716929156 0.0553891084229396 0.108978189024617
0.0402762305050641 0.0165708485119064 -0.1271048012142 -0.100150645959218
0.0336683278643218 -0.0522337235710404 -0.159950760031447 -0.262354164848448
-0.00593192357452128 -0.0527971792643473 0.231370306408265 -0.354899097248345
-0.0313373301750275 0.024976287610404 0.721106682126566 -0.216218605949426
-0.0451988540129546 0.0322688496080109 0.776037831751073 0.332233360260541
-0.0341226557566177 -0.020378121776985 0.3028612353315 0.657926638725002
-0.00937785722086329 -0.0497420788124668 0.00521439796737537 0.404853179354746
0.0268403226209018 -0.0645935974538704 0.0663880108651613 -0.112587896651779
-0.00236359149734947 -0.0391502142979162 0.0572619302940239 -0.612768292046904
-0.0131356161186973 -0.00110124726937571 -0.440433330181597 -0.730935645150019
-0.0138928002164669 -0.0230887709814244 -0.770164041313006 -0.118972997030479
-0.033628846876612 -0.0538548585511254 -0.501116186080124 0.474537244242332
-0.0142977922876989 -0.0228632325492334 -0.155652622390946 0.457715266356542
0.013702324169357 0.0079064892875709 0.0487160970939226 0.113847090023646
0.0900810870296343 0.0661427786458601 0.0356402298079825 0.10607970672089
0.0956179230120538 0.0556739756853001 -0.113523501764763 -0.115227315792354
0.0666000534763185 -0.0209311591445268 -0.104611784053281 -0.305234021004884
-0.0484772869783286 -0.0116436952851754 0.309101135158577 -0.357875719298608
-0.128726319201524 0.040703564639647 0.756589026095266 -0.134139640203608
-0.139516196443251 -0.022042995177283 0.722652532460372 0.420606555966961
-0.0713585194957069 -0.141344340611667 0.232198611763555 0.666949760033868
0.0130251448325096 -0.174497796276524 0.0142145087424798 0.347582054789753
0.0501916390173466 -0.188557280320212 0.0681076804125555 -0.175119612306959
-0.033724947614159 -0.141859649338897 -0.0432139936108693 -0.623534526594152
-0.115342495566497 -0.0535783211822205 -0.548514118979334 -0.605866037388787
-0.127995266909601 -0.0290900324951059 -0.767339681934729 0.046057877415612
-0.082436721639753 -0.0304363186543178 -0.427074477850451 0.529251613146727
0.00466390810305424 0.0305920958623882 -0.0944643527048145 0.424234875798593
0.0559917853497452 0.0654567815918552 0.060877628582054 0.0800534768083074
0.133285734570481 0.102170153849571 0.0108074325132114 0.0888915263306505
0.119768922483675 0.0883325931962836 -0.0867177043219731 -0.147394439901925
0.0578530489671995 0.0147367124328545 -0.00672815029783104 -0.364504935505113
-0.118212008100014 0.0226813320967008 0.424628943621591 -0.337589634301712
-0.216196495764622 0.0284846694079771 0.78212884081048 0.0125031880099098
-0.194557098882954 -0.103752824427656 0.612221560176412 0.539318937451021
-0.0673953364527386 -0.253794292928474 0.128135856086819 0.63465482983326
0.0311948165545463 -0.271149586511424 0.0335659729487985 0.240766753005701
0.0291611619923985 -0.275985703757735 0.0547671107979578 -0.277745725912612
-0.106615013563724 -0.194388461323751 -0.192729822653436 -0.620421533159438
-0.216635183066923 -0.0574077154774408 -0.673302979896109 -0.411437374711502
-0.203042553503552 -0.00830798885915658 -0.716267228240768 0.239669637635877
-0.0901398096573522 0.00221191433260957 -0.30584514580659 0.555237040034836
0.0419766307151293 0.0798019428661649 -0.0123275886705163 0.357623223401986
0.0994644561609609 0.111216133443237 0.068518436180836 0.0279167553255552
0.148243439552513 0.127284146851513 -0.0106610861097177 0.0558087960156992
0.110381482268799 0.10951500589315 -0.0431720917264767 -0.19984467902491
0.0115136365273069 0.044401030005914 0.125110615669997 -0.422525938247257
-0.194915361662471 0.0342398296736645 0.547373064926491 -0.267119997023978
-0.267737151165227 -0.0184503095587052 0.765811540955075 0.213927970057499
-0.191746933664367 -0.198007181463171 0.453507451261365 0.650707413086967
-0.0239038938837385 -0.330008768688639 0.0225862962713231 0.559484174103782
0.0428676719215307 -0.324340301863173 0.0568562021923135 0.102599709037409
-0.0207488824689286 -0.313117812514526 0.00597133623004823 -0.393668120917904
-0.182265996961704 -0.188131788498454 -0.372185625045791 -0.577489286843271
-0.276044387573046 -0.0242429413164623 -0.765462320660846 -0.190588727317341
-0.214604303245013 0.0219529397512043 -0.614763047780419 0.393586291513474
-0.0531471271843746 0.0318634715483799 -0.163878073787821 0.521012425411415
0.0870524862916667 0.116751725767943 0.0698167894983931 0.267053564481259
0.13325343529122 0.138408639026199 0.0657485017457733 -0.0290475690324569
-0.169944418659628 -0.107664814214736 0.0224269872751037 0.0275865559552334
-0.134632911594575 -0.0966822549761662 -0.091736413467596 -0.184298693054307
-0.0368991538058043 -0.0957764465592941 0.0511594047527366 -0.395083821464926
0.20696552206943 -0.115892726320531 0.422186461056007 -0.383301644783675
0.327014479475279 0.00839168505049154 0.753496688834519 -0.026924927811692
0.237622034479708 0.194734192577158 0.534203961693529 0.458757690631203
0.0688408644918417 0.335471191327758 0.113933122266408 0.461603142711852
-0.0719188668969037 0.352262813397391 0.0703189620982836 0.0983921856393439
-0.0333868572798042 0.353745646818196 0.110240379896101 -0.422207353961461
0.136728006738414 0.281468423324296 -0.169406582746006 -0.763524084953159
0.302131406177373 0.113566108237332 -0.681879810106336 -0.517687906533835
0.27238029981885 -0.0395140803337642 -0.68920760869283 0.134780640310829
0.045815427429826 -0.090084057232517 -0.282175486802637 0.444271035865622
-0.0940769720023053 -0.13947339211659 -0.040616812105397 0.320746050207506
-0.12147152406603 -0.142110895084519 0.0238450664886068 -0.00233903072746381
-0.156673637340949 -0.0898671983319094 0.0438737628259679 0.0593204777745765
-0.133979682972483 -0.0859936321714726 -0.124479354676071 -0.133879123663126
-0.075007437139453 -0.0981671659697599 -0.0570818988561207 -0.318254488073918
0.122346563434698 -0.121570065064668 0.321678357499335 -0.385941261229656
0.263245190649431 -0.0207854773875124 0.739441630004143 -0.156055422718303
0.230022044006555 0.138628659414907 0.659669428065509 0.371528008007384
0.0948598017337629 0.281848783275254 0.208216877255912 0.534739002292885
-0.0659313003701182 0.304596229063749 0.0442320804163203 0.236135795524964
-0.0757425240163392 0.306980919808117 0.122401253012701 -0.281220825564362
0.0538743096047858 0.279355837817901 -0.00675088782713357 -0.731351773710187
0.240903852699146 0.160023003036067 -0.548957125174665 -0.689732748188285
0.273336616087282 -0.00413540028326134 -0.74015295353624 -0.0344730849162922
0.083843821420233 -0.0888346565281198 -0.401020929154934 0.438537405302951
-0.0571857305712095 -0.137100321406045 -0.112627708511645 0.383734818276556
-0.097998975244787 -0.13369517519179 0.026771977168024 0.0533741367242632
-0.115633348883681 -0.0614682247570078 0.0605263371857541 0.0841012376382058
-0.0942334337953802 -0.0625303509454772 -0.135788568511285 -0.108810611547179
-0.0667713338592445 -0.092287507436026 -0.133331700341297 -0.265537364514858
0.056641611580672 -0.11026711622837 0.242847898708424 -0.368404550181864
0.167601086445685 -0.0207650949125337 0.717421916430229 -0.225679829800613
0.164209719864313 0.0953723093591598 0.743862194216617 0.307618391992156
0.0759020989835364 0.197470181503033 0.285773670784434 0.588265199748993
-0.0524559493759122 0.209462730111156 0.0209394654669462 0.343551739812166
-0.0712284187793058 0.206261955919618 0.0997815532223606 -0.168169878692215
0.00377588866931798 0.206237272395758 0.0831622899042378 -0.670739654107769
0.155869081730802 0.146913481270405 -0.437074850467885 -0.776757657224288
0.210607847751419 0.0117978707971584 -0.755394248579621 -0.15797113006003
0.0776061218507535 -0.0806211772449461 -0.484258242588787 0.426832016696591
-0.0313550884714267 -0.112741240301902 -0.162580451738874 0.431443165508765
-0.0645619838823008 -0.102002345244521 0.0315898739516722 0.0981718208850437
-0.0492596093331455 -0.0192135101766694 0.0657182450506356 0.0995604441186218
-0.0305698004245303 -0.0253569013021488 -0.135940301854812 -0.0985064754444653
-0.02156881660326 -0.0785336107555443 -0.170070453259938 -0.248302518752366
0.0196449203911666 -0.0878283833450945 0.209122117303259 -0.357999083085044
0.0677409413827156 -0.000592120108465342 0.707773666778537 -0.246628636487025
0.0647930276427713 0.0656579377136514 0.784670305227679 0.290197678431733
0.0246112489515933 0.0954977140685672 0.327335469604265 0.630457821688808
-0.032517195830883 0.0855365292431579 0.00851046527888179 0.403622311758406
-0.0262708406721596 0.0737121835565813 0.0750351945020539 -0.110843503593315
-0.0039231830880961 0.0886300230465476 0.0996643684554437 -0.624973764140457
0.0737193303695572 0.0796306112684855 -0.4007467611891 -0.788347682358882
0.10789394229881 -0.00159386688840168 -0.765168680333607 -0.188362069713559
0.0299555050933364 -0.0693715842374133 -0.518640564295812 0.439457680755246
-0.0203709421090863 -0.0731043888264798 -0.180274705867748 0.459742884183497
-0.0265017009488987 -0.0518312896945483 0.0380559220034874 0.120810359121411
0.0246047217413192 0.0248354433780074 0.0560482003573946 0.108913711057304
0.0408554784537428 0.0168513720542685 -0.128716961471634 -0.100506962769947
0.034302010788609 -0.0540003150051561 -0.162229490333217 -0.264124831371449
-0.00694889768825917 -0.052178868968867 0.231201655438242 -0.360393621807457
-0.0312343190700722 0.025572580589202 0.723284195481328 -0.221021558238367
-0.0453819623263272 0.0332388221396064 0.781082247448407 0.328951132357237
-0.0363773315785253 -0.0210195661878411 0.30634603040481 0.65986521570625
-0.00965481585141506 -0.0503487357731703 0.00712686391732242 0.405658097654414
0.0265787874760054 -0.0658769188473599 0.0662009631246 -0.114086618889239
-0.00263107568603565 -0.038887152759452 0.0560743164742001 -0.616109530079052
-0.0132457368603967 -0.000701611986054316 -0.446439016130921 -0.73302601271609
-0.0140435638045847 -0.0233003943901126 -0.776075970069152 -0.115272479666231
-0.0344281761003749 -0.054352163152207 -0.502463481036643 0.481110548680272
-0.0134919716681804 -0.0231289957255606 -0.154936789156333 0.460747511312127
0.0132586850078026 0.00731190780138527 0.0501125979307742 0.115929674720969
0.0902440002889965 0.0661447962249833 0.0353311849441971 0.10617479065042
0.0964011265777524 0.0565525178347663 -0.114501717384654 -0.115484024969178
0.0667050483401943 -0.0207925783606055 -0.107401237718608 -0.306796837613551
-0.0493691325690749 -0.0105992634562785 0.308998737568052 -0.363269346477641
-0.129101945584515 0.0420262257505317 0.760220671799277 -0.139744195547283
-0.141420673164332 -0.020564876575967 0.726936539119624 0.420074249902911
-0.0728192804178938 -0.142941016020947 0.236479917267867 0.668747780014425
0.0123891447597017 -0.17603679038269 0.0162646823528128 0.349263674649359
0.0496428252554241 -0.190392840729583 0.0686270767128328 -0.175531657729083
-0.0345705716638045 -0.141927753945926 -0.0443876058584284 -0.626600635542023
-0.1165432888363 -0.0535363525168057 -0.554605409134922 -0.606331277264351
-0.129444282376618 -0.0288508421061939 -0.770540946637587 0.0507191372579857
-0.0832303413188259 -0.0298831892557944 -0.425758470515394 0.535532744307506
0.00487871531231581 0.0312531178217427 -0.0931491562650913 0.428545534591974
0.0573534208443808 0.0656363091101148 0.0616426481904668 0.0809650351357332
0.133485695436854 0.101729221779038 0.0104573239376472 0.0892085627040034
0.121391587853878 0.0891976412016701 -0.0880377428740193 -0.149005015398698
0.0578876815003946 0.0150577689505813 -0.00793962287991392 -0.367265349947071
-0.118543353392387 0.0253115333515897 0.425890020846942 -0.3439378662155
-0.216348048038057 0.0313505492637265 0.785921038246265 0.0067424730321107
-0.197437793664346 -0.103504255221787 0.618395043458836 0.540385607932852
-0.0700145594500698 -0.254601106172018 0.131064171572972 0.639697928537477
0.0300900172703605 -0.272818319979465 0.0343743951217249 0.241846402512488
0.0283672280515334 -0.278647725475934 0.0543329416426977 -0.279087289800026
-0.107561561430739 -0.194408251208019 -0.197193007891221 -0.623670747487902
-0.218067604757064 -0.0567419916832716 -0.677788044176545 -0.412295661800244
-0.204967793851779 -0.00658580281974822 -0.718628914697599 0.246383005082163
-0.0902666925130189 0.0032777602416072 -0.304024041280131 0.559255306386329
0.0432290122119204 0.080114442195605 -0.0109705213318421 0.359569758413548
0.100738523184119 0.110978136969187 0.0680798787043663 0.0285259934641166
0.149136789392275 0.126895188730459 -0.010968864487848 0.0554870208757086
0.11072696985648 0.111283689332132 -0.0442184690931202 -0.201743779980187
0.0116160495819598 0.0455654962205531 0.123303150929582 -0.427942155560609
-0.195389190972614 0.0366008249769898 0.549333456052296 -0.27300774587083
-0.268923149713284 -0.0160485311182787 0.77213912762336 0.212364165334955
-0.194404905777534 -0.198279730637634 0.457632891383094 0.652834790544237
-0.0261490653384827 -0.333546102062414 0.0249497402569776 0.565043930101806
0.0411481565288548 -0.326340914818847 0.0570316231766196 0.10195652082889
-0.0230009193315966 -0.316061495840882 0.00478920576007458 -0.39463265212508
-0.184192844465466 -0.18836276395137 -0.375790397866482 -0.578756973976098
-0.277838435062399 -0.0235522622364448 -0.770432257934689 -0.18777351256192
-0.215304696376946 0.0230588078042372 -0.616153225062189 0.398493564261462
-0.0535957709751898 0.0333966442214192 -0.162464963612022 0.52521876492655
0.088500275745757 0.117476218959543 0.0711151147467463 0.269173888936117
0.13514285398836 0.138618300040452 0.0658555745246223 -0.0289444170970912
-0.171512729550388 -0.107025780705708 0.0227764146207008 0.0268036182484457
-0.1353709354535 -0.0973569622029075 -0.0943018328810254 -0.185725667840909
-0.0375121853910166 -0.096108665663667 0.0477014178140607 -0.399744727326726
0.206728085055185 -0.117832820437995 0.421654452348968 -0.390631036123361
0.3304371602771 0.00640954492677254 0.75616211701364 -0.0317000984191469
0.23986551527218 0.194590058758277 0.542750975876886 0.459943278597215
0.0710614891113478 0.337558653137899 0.117821170614428 0.463696523460047
-0.0705370386746632 0.35572988139736 0.0721631501089208 0.0975183417443089
-0.0326403759535196 0.355879127827627 0.108963853473215 -0.425208951411889
0.138650480125362 0.282268460048701 -0.17373369028842 -0.767471894152485
0.304786505253252 0.111984731259856 -0.691556164346121 -0.51636610708669
0.274198164974547 -0.0422947873712989 -0.693594569023783 0.141962007778517
0.0456000634285889 -0.0909847684351743 -0.282298235623805 0.449211870853972
-0.0951880332916119 -0.141005278295341 -0.0390387457646376 0.324986685889881
-0.123017588742895 -0.142806683003448 0.0237197035313047 -0.00249038888336302
-0.158771130686901 -0.0896543027729544 0.043999096523342 0.058335536306419
-0.134783810547757 -0.0861661223613837 -0.126393558404959 -0.134518782899182
-0.0772695028156889 -0.0981699017033603 -0.0596857542676866 -0.320772693628507
0.121516527021053 -0.123326001231779 0.320459365297486 -0.390989330485849
0.265525121920036 -0.0228840480554003 0.743878826721828 -0.162844265399509
0.232701801056042 0.13915842846965 0.665366469245728 0.370537856741744
0.0971189571635738 0.282603643364157 0.213756079358769 0.535852519176872
-0.0647672892534449 0.306629056290853 0.0455351135230406 0.237551460320343
-0.0753068365680824 0.309062314001233 0.121857574067405 -0.282837760418695
0.0560065644045591 0.281393378271533 -0.00872897723025054 -0.73513468131668
0.243949538390598 0.158816910271294 -0.557550824684147 -0.690789242130441
0.274480890261265 -0.00575787583935109 -0.743694621648741 -0.0316593815520446
0.0836421946785269 -0.0902551808360869 -0.401592897395818 0.444853561472859
-0.057330739526535 -0.13853399805582 -0.111756390477723 0.387741581986545
-0.0987926924137344 -0.135467565053818 0.0279860664221548 0.054314857404175
-0.116760911595434 -0.0609460335602392 0.0603853779434755 0.0836083358122862
-0.0944743083170743 -0.0620912982080082 -0.137287216831413 -0.109359816284222
-0.0681644992721189 -0.0925424621553417 -0.135851543732124 -0.267906099606018
0.0561480993032431 -0.112181523962968 0.242942346748032 -0.374215754156542
0.169144851513651 -0.0215181170248153 0.720381529045266 -0.233118712607637
0.166028426165867 0.0951693940580359 0.750548678578717 0.304651553483973
0.0770644109646746 0.198103591657579 0.291750188733528 0.590793998589654
-0.0513630339848774 0.212083219860943 0.022941176977766 0.34583225347337
-0.0715467270231783 0.207806573388201 0.100215596697642 -0.169556521286452
0.0038616211061069 0.207396795658115 0.0809297861071411 -0.674293071023813
0.157930707552931 0.146603498993087 -0.443551361834358 -0.779389956020091
0.212001265450469 0.00967367676418992 -0.759703697840192 -0.154018902644209
0.0777864895481463 -0.0812561420630748 -0.484268502028803 0.433138516966743
-0.0309989016483423 -0.113526256120431 -0.161352814345421 0.436112583497983
-0.0651250508787363 -0.102844721584325 0.0328531205216221 0.0992489867258125
-0.0499959069082714 -0.0189757732746216 0.0654870637364825 0.100066238611376
-0.0300480710031039 -0.024607660536824 -0.137484600964792 -0.0987860403953456
-0.0229459231030434 -0.079121563704679 -0.17268934023818 -0.250211287781112
0.0196311550432196 -0.08812073799119 0.208329824961483 -0.364460029092678
0.0694188685088308 -0.00115880436848643 0.709767501805675 -0.254237061354041
0.0651044921866828 0.0659488264367899 0.791322739864753 0.287469576893972
0.0243069320185986 0.0955892862828296 0.330570583867748 0.632673314154596
-0.0324258399863649 0.0865815382636577 0.010290509629732 0.406032813915958
-0.0273368735253578 0.0741337624107767 0.0748429942895792 -0.112049894343989
-0.00323528963987031 0.0889164918424746 0.0958311780211268 -0.630955651521861
0.0747987709530484 0.080037959657092 -0.408291995284253 -0.790303502501569
0.109160393617203 -0.00196489139009291 -0.772027195228174 -0.18406608005123
0.029983445284783 -0.0699136382813307 -0.520678186144855 0.443763249390266
-0.0201159107009788 -0.0742600513065801 -0.17933872080217 0.463994571992522
-0.0273728865910212 -0.0526774505108083 0.0402049684757799 0.122452560181788
0.0245345867301576 0.0240439247096048 0.0560649953421449 0.109032431179479
0.0406833775024001 0.017044073015689 -0.130285254990834 -0.100825599225042
0.0334482024299846 -0.0547732402787235 -0.165883256352531 -0.264801859320319
-0.00703096096908397 -0.0533831893134303 0.229398100524117 -0.36521723530154
-0.030027098976636 0.0268912879559451 0.725559949170895 -0.228549934320858
-0.0461245421829465 0.0340814078455031 0.788752495635893 0.326445591514738
-0.0362802920362073 -0.021304255855532 0.313246407372883 0.663533528941654
-0.0101090857944309 -0.0496523789683692 0.00921137667443296 0.4088066211194
0.0251090003914936 -0.066367580172995 0.066796680547112 -0.114618171723639
-0.00253191643651396 -0.0388561181141075 0.0542064385112079 -0.621747623308769
-0.012990352396332 -0.000486513902383063 -0.452294172513043 -0.73607327830882
-0.0138823796940177 -0.0236295858213322 -0.78377988389894 -0.111945021975721
-0.0349039551644373 -0.0538843455799825 -0.502093094744023 0.486938868312638
-0.0130796602578621 -0.0226781767622902 -0.15363265410608 0.465095467478711
0.0142339190062724 0.00687931717863771 0.050571020264594 0.116814650991894
0.0909405793736027 0.0648535351281639 0.0361873519496881 0.105580951424852
0.0975641651625094 0.0572236269102576 -0.115581807795706 -0.116733740026912
0.0671294323615934 -0.0209806989744786 -0.110617244660428 -0.309057241803362
-0.0498912004478238 -0.0112714696978263 0.310170048102641 -0.368752257850721
-0.128759675595691 0.0441143076304061 0.763426306230125 -0.146010403132435
-0.142642347395403 -0.0202205590274709 0.734616961179673 0.419076719331885
-0.0753740333167493 -0.144032297593271 0.241360992323271 0.671714785333076
0.0110868939343922 -0.176977413060962 0.0180899056421259 0.350694934120399
0.0486348249926468 -0.192220749295769 0.0681803657338249 -0.177180633203669
-0.0357886518081577 -0.143127414011876 -0.0488009950192897 -0.631928689168939
-0.117471233781268 -0.0536770681480437 -0.561269064713868 -0.6077582925222
-0.129903990793968 -0.0280057493706338 -0.775527028319741 0.0565410453268562
-0.084089663451647 -0.0286543494268601 -0.425666013074901 0.540619354875859
0.00583645440492147 0.032050379001341 -0.0918451603924085 0.432297673517592
0.0583775249424903 0.0643463506446 0.0627456498321373 0.082178505828746
0.134335224375432 0.100602027439715 0.0109477237741495 0.0887215958951877
0.122415653316413 0.0902907485666651 -0.0896740799017863 -0.150357055151051
0.0582652052907269 0.0149690633816984 -0.0118637689111708 -0.370355041839837
-0.11946156965063 0.0261416591353323 0.42725430758532 -0.347996480169074
-0.217114185630484 0.0324179576218394 0.789386740662042 0.00197424691462092
-0.19958984114165 -0.103817705674424 0.62659048710908 0.539927828697715
-0.0720872421077766 -0.256954684340818 0.134805114742829 0.642677758725834
0.0284129553461739 -0.274579498874075 0.0355466635319783 0.242424166188027
0.0262491029023263 -0.280282248788087 0.053484394069101 -0.280524115677564
-0.109397424801145 -0.195053489491266 -0.201963106597535 -0.626258880905895
-0.219473061796025 -0.0557618407117047 -0.686327735648065 -0.410166852375374
-0.204945788536278 -0.00558087167070889 -0.721810327350224 0.252997840756813
-0.0910403101421111 0.00421467683625681 -0.303056218171227 0.565608157369398
0.0440992372570429 0.0815498035933651 -0.00806070375016448 0.362489289690714
0.102165759771848 0.110336145675983 0.0691346622816481 0.0294026364041443
0.150334684917612 0.125698947222755 -0.0112344759964324 0.0553665352494688
0.111525926739705 0.112183426710389 -0.0455283686017545 -0.203312080678902
0.0114947357570712 0.0457691173575641 0.120998727537314 -0.430607292348254
-0.196675182486638 0.038378625596405 0.553606269350467 -0.281281518291811
-0.270052495680558 -0.0144250577971728 0.776637956093647 0.206959183708807
-0.197770935681124 -0.197844966086488 0.46584199235794 0.65257259147665
-0.0283088659384073 -0.336063938748984 0.0283149926667386 0.568998959065621
0.0393454381011753 -0.328213711435942 0.0584845766231367 0.102293601664976
-0.0263262434724934 -0.31711510069856 0.00341566110388503 -0.397592275558719
-0.185779493291989 -0.188761399002697 -0.383183072520198 -0.582071086488096
-0.279276612937275 -0.0215438932037434 -0.77694475279085 -0.18374326137389
-0.216138664213973 0.0252857898794027 -0.618047547796794 0.406065248864246
-0.0536945093559711 0.0347097312364588 -0.158787691765663 0.530082258693364
0.0907530206335537 0.11794984384543 0.0726603989051445 0.270759133808861
0.13658420139144 0.138573134807837 0.0660189814536003 -0.028353552044239
-0.174017327238463 -0.106060141270796 0.0222056026939602 0.0254780879497043
-0.136458989466615 -0.0974317249658411 -0.0965504250513964 -0.185469758995588
-0.0393522540574146 -0.0962404811217711 0.0445821432706564 -0.403530825573187
0.207127332077454 -0.12046203172645 0.421867035867612 -0.396065251574295
0.332770324320054 0.00312256344941641 0.761050267168682 -0.0410116252245909
0.24295817373457 0.194262189660758 0.54886956190566 0.459351957306746
0.0741885860856357 0.339221645781326 0.122426674193017 0.466506597793711
-0.0670820374311828 0.35813855128923 0.0735606036953282 0.0971708202641848
-0.0303660767768412 0.358494956182583 0.105128537437054 -0.429281447437172
0.141604016946796 0.284240787933344 -0.180020199792593 -0.772480584998628
0.3086960379342 0.109752079542723 -0.699361971998296 -0.514074910357744
0.275845879725193 -0.044877285492645 -0.697194690418089 0.148728939134128
0.0451763782838295 -0.092609233286443 -0.280208079747974 0.456743708501158
-0.0964626488103083 -0.141375393536088 -0.0375647213225007 0.328279374384882
-0.123962143375942 -0.143621407569984 0.0247040440807499 -0.00171705021073243
-0.160455293418293 -0.0883822861867881 0.0435079822058725 0.0581358652336468
-0.135276805914928 -0.0863288824531665 -0.128346924208296 -0.135322185599352
-0.0788961291803142 -0.0982404293342107 -0.0629889210618454 -0.322936611487597
0.121294984939848 -0.125774253698525 0.318707612496363 -0.398053501249491
0.268356531790188 -0.0252591554444801 0.747338700094727 -0.171852408329852
0.235027199796739 0.1377382501681 0.673722765708408 0.368205781691054
0.0993501368746238 0.283586836724216 0.219753643348494 0.538663022913674
-0.0625945566030741 0.309216112476354 0.047206753134541 0.237709950217216
-0.0740832976043685 0.311984590074919 0.120931377334513 -0.285693310943897
0.0579973614856809 0.282196705992867 -0.014042795721288 -0.740539890957014
0.246340130823978 0.158303343602231 -0.566105645036771 -0.689429471131651
0.277301201233662 -0.00874762160093525 -0.749875109858592 -0.0246675877489182
0.0838106612954041 -0.0919408967633383 -0.401520859398957 0.450405101192048
-0.0577161033193208 -0.139420185543099 -0.1091300107554 0.393320713671377
-0.100569255209733 -0.1359680910068 0.0292036957003645 0.0550060753953702
-0.118334749654859 -0.0599481250275864 0.0610640765766864 0.0827182201798476
-0.0954063330478993 -0.0621124028489561 -0.139415486562648 -0.109504260386943
-0.069961528666756 -0.0928113101652952 -0.138702546101345 -0.269404903649102
0.0544157115455142 -0.113091647685749 0.241312525693642 -0.380903887221035
0.171524185363193 -0.024004795901113 0.722045826025928 -0.240726606103953
0.167630738123381 0.0946739564819278 0.757206453216736 0.300049446571748
0.079395360065672 0.199150720830236 0.3006161321105 0.59132284306643
-0.0493271411525293 0.213785741160772 0.0263313734999492 0.347240235048596
-0.0710593920339614 0.209334303395441 0.100324387497142 -0.171286451367862
0.00666355495251852 0.20955529348315 0.0767790408007034 -0.680599163702398
0.160798968378961 0.146247757117287 -0.454379585144085 -0.781783582706475
0.214192794604196 0.00821102250893886 -0.76824383870504 -0.150362842168648
0.0780011071607403 -0.0832070623332203 -0.485310653812468 0.44073451998767
-0.0317073547201315 -0.114662388629757 -0.15974826490775 0.441000620109561
-0.0656910144993933 -0.103747349770575 0.0333442416597018 0.100590676267164
-0.0512993519260708 -0.0185487444304508 0.0656009610162035 0.0987001428859766
-0.0303503051102781 -0.0243401727329091 -0.139469783670797 -0.098118460651085
-0.0231463536953749 -0.0789284479310233 -0.176287128420559 -0.250898706254316
0.0188090616208858 -0.0893314462786992 0.205032700020197 -0.37044061004145
0.0703154470267838 -0.00173816786563448 0.711558341243852 -0.261664844774862
0.0661442197743461 0.0658908204417025 0.7994187417024 0.282750746633944
0.025120531648805 0.0958625493583294 0.340038188674155 0.63480531972
-0.0319855584242514 0.0875564131147734 0.0146379023080261 0.408056603445081
-0.0272630795526757 0.0746343995884614 0.0747761894479202 -0.112098076447401
-0.00292473628956248 0.089529552083379 0.0931719774635633 -0.635437662118243
0.0765746324014761 0.0799167257169924 -0.416521740154131 -0.792311592966743
0.109914971277348 -0.00239733508261366 -0.778156449633493 -0.180144166773543
0.0294171152940665 -0.0707350122489987 -0.520732709499717 0.453181737999836
-0.0208185185746827 -0.0749661695190797 -0.175791154600239 0.469295271776213
-0.0273612610451791 -0.0530840910346921 0.0416246617606479 0.123327711750069
0.024062100867265 0.0235354621897546 0.0569169641002582 0.108653842962329
0.0413831667334669 0.0174698155608306 -0.132249800428836 -0.101381780450725
0.0329615269445549 -0.0545036226828357 -0.168517247651711 -0.266478901638403
-0.00762832360153967 -0.0531869970607931 0.229538417446069 -0.371918316173356
-0.0289614564108734 0.0268662005590483 0.72862301275524 -0.236915482763398
-0.0467103172557603 0.0344269325653031 0.796308569409844 0.323185654697503
-0.0370535474004076 -0.0216241369955853 0.321334953810065 0.665318009756452
-0.0106177499768005 -0.0504414880088615 0.0120084085773198 0.410166883166836
0.0245485489435208 -0.0675645696241809 0.0666284627061472 -0.115035985266405
-0.00300193786303339 -0.0392030533005851 0.0500080715642833 -0.624818245830055
-0.0128544394164838 -0.000919780001738054 -0.461098786516999 -0.737636365750013
-0.0143734475785617 -0.0238498763127071 -0.790263700064248 -0.106519710728518
-0.0358689796440976 -0.0543277858279035 -0.501755497890858 0.496413855898394
-0.0132463573329816 -0.0230891025267235 -0.150875574023877 0.471050100897835
0.0148417265895423 0.00637394995475426 0.0519955888406999 0.117965250269726
0.090642811928219 0.0642120885140747 0.0364340882749813 0.106096716296091
0.0985207272162205 0.057879922983244 -0.117572480802409 -0.117213273936081
0.0660960364540832 -0.0217045609787484 -0.113993813315265 -0.310603438927221
-0.0499317624757323 -0.00913256670841683 0.309398938300515 -0.37634756704578
-0.128859457723773 0.0455252247836181 0.766334190394648 -0.15298801032535
-0.143952854397041 -0.0189916057131307 0.742327086928424 0.415907703873423
-0.0772396493934502 -0.145003542839173 0.249521527261256 0.673765609899356
0.00986146326399025 -0.178399382984863 0.0211456380868581 0.352177596590272
0.046750094057495 -0.193251668393483 0.0679859555713487 -0.178072660571522
-0.0369426243381343 -0.143109120978879 -0.0528141791577465 -0.635313658335086
-0.118638925460183 -0.0530200051829043 -0.569622769893647 -0.607204790745872
-0.13099294716565 -0.0281983790966614 -0.782772880777984 0.064270890531517
-0.0846747430036288 -0.0279939726265612 -0.423709867987216 0.550093985588557
0.00665952779040393 0.0323625303946952 -0.0896217614988985 0.436386762901097
0.0601655171927416 0.0643717175218694 0.0633403801054196 0.0835268364751424
0.134964988308911 0.0996090813483857 0.0109049995856527 0.0886927254619186
0.12350899266492 0.0908613584386241 -0.0916087331469426 -0.151071930130238
0.0576499810255151 0.0146026021138333 -0.0152989478229959 -0.372939477285841
-0.119755806794999 0.0279175401578674 0.427482489646204 -0.357997686177182
-0.218049654374403 0.0351856358845445 0.796142883039022 -0.00480316859924483
-0.201994535257099 -0.102805584691614 0.633721279159535 0.53828792466017
-0.0756706866680472 -0.258813343730183 0.1413643054398 0.647489433568172
0.0271189464721611 -0.276390677293044 0.0376915805117774 0.243332661771102
0.0233652737468168 -0.283509543452492 0.0516118788783503 -0.28203997737148
-0.11173354688901 -0.195368859373284 -0.207067010969251 -0.628886307890346
-0.22116400929543 -0.0543828457994441 -0.695200786230141 -0.407282548236123
-0.207126273588127 -0.00301572049262886 -0.723858944372058 0.26064531400654
-0.091523725219977 0.00572104651849905 -0.299861527649984 0.571750222062635
0.045798341182804 0.081722129981425 -0.00645749935724576 0.366563417257419
0.103915826528317 0.110182709835486 0.0695524844446012 0.0302924648035607
0.151188673782196 0.125240740513966 -0.0112872700787205 0.0549500781776692
0.114125109631359 0.114014382537747 -0.0471373521315608 -0.205060391256659
0.0118557587720183 0.0468335514035047 0.117697328527433 -0.435611648221116
-0.197763007374844 0.0410792822793479 0.554461950065627 -0.288083704054567
-0.271223955441098 -0.0117668801580614 0.784153763026438 0.201144321062027
-0.200016610291646 -0.198560147479775 0.472804293921813 0.656230321873956
-0.0314818647927013 -0.337537263220809 0.0318601731976142 0.572991691031239
0.0372080321539613 -0.331453244455888 0.0595224623783835 0.101755797655129
-0.0288626649276782 -0.320244165835942 -0.000907919067795535 -0.399354192079252
-0.189201851722887 -0.188759295348377 -0.388072162619624 -0.581901596521825
-0.280856276510392 -0.0196196577357957 -0.782865120299129 -0.180118164040994
-0.216759615780294 0.0275225086085411 -0.619406427323131 0.415613202810336
-0.0536588530206508 0.0360440710903584 -0.154925302417166 0.534774544958936
0.0928338898732127 0.118586364402476 0.075432582721796 0.272797081001704
0.138896064425392 0.138347506605678 0.0672721842254345 -0.0285648055357385
-0.176138939738884 -0.104128332447887 0.0223441283438746 0.0247067826955475
-0.137944378465659 -0.0975267146067668 -0.0996053954771347 -0.186954675851137
-0.0408084230974137 -0.0968072059020314 0.0407427336346929 -0.406757469387405
0.206568009132296 -0.123166128254433 0.419274297287145 -0.40472321900046
0.336835262445826 0.00028923981555487 0.76673009474129 -0.0479307634006037
0.246135681185848 0.193307694668218 0.556778115284285 0.457274291269198
0.077028996702229 0.340910718982617 0.128549022251463 0.46859537472694
-0.0646253454722565 0.361508899038461 0.0749317955012858 0.0960988169256287
-0.027915405792248 0.361310118792907 0.102445750935212 -0.431440644509803
0.145299931202784 0.284251006223169 -0.189682706163268 -0.774451471622915
0.312774093315685 0.107453482832777 -0.710997230825473 -0.510853118499293
0.277056245046436 -0.0478725595043763 -0.700374599037368 0.156865676395153
0.0445839984525045 -0.0941821657315364 -0.278760803033044 0.46401775961332
-0.098109331488362 -0.142368642458693 -0.0346448406632268 0.331957685261228
-0.126030818382152 -0.144270953942075 0.0256551577442496 -0.00126096044815497
-0.162907508890809 -0.0867181148271047 0.0439716121418604 0.0569157428382024
-0.136372338756818 -0.0852894557072432 -0.131424300993502 -0.134720880907681
-0.0803005419553298 -0.0984035496582456 -0.067745435042336 -0.325216254974436
0.11966174458509 -0.12866366621668 0.316696254929017 -0.404748983384024
0.270188387638296 -0.0285534793994072 0.748841668515932 -0.179610388634148
0.237350054846051 0.136188895598974 0.682564158115011 0.364992130643374
0.102938687561075 0.284892859164834 0.227065215086503 0.538842634381566
-0.0590512861152777 0.3128610182662 0.0497381058564539 0.237767847122088
-0.0722483254610124 0.314149752825907 0.119064898249142 -0.288300044451922
0.0610604781824607 0.284007024357524 -0.0200246704142168 -0.746522409073037
0.251053351604617 0.156790187387847 -0.576799426971203 -0.691821812218795
0.279710020354693 -0.0121478435840293 -0.756940066083786 -0.0167865602518391
0.0838962316344057 -0.0938725747221667 -0.400857989319879 0.459331973704634
-0.0597359607197351 -0.140964238205148 -0.106489987436229 0.398086521767074
-0.101817086709596 -0.13656365145966 0.0299548163734753 0.055135044530905
-0.120387861302336 -0.0582709948786683 0.0617581826766314 0.081876148986283
-0.0963808228123628 -0.0610814238973746 -0.142095803094568 -0.109224626726867
-0.0715073833392989 -0.09266504366624 -0.143139872074421 -0.269571999994081
0.0539691292939932 -0.114932520800954 0.238147706326513 -0.386770280784593
0.17268117187329 -0.0258350369646119 0.723986758158371 -0.251321171288836
0.169170494938147 0.0943170406607728 0.768602105520756 0.296221855506995
0.0808973585908631 0.199921603629502 0.30682264118483 0.592981468564319
-0.0477755672465894 0.21602606947369 0.028904418530115 0.34828848129609
-0.070222593871042 0.211421847398001 0.0996181439321228 -0.172983231263388
0.00772502583109816 0.211138516749048 0.0715149969363776 -0.685593242128526
0.163443173726966 0.145393723774062 -0.462269861791253 -0.784178032446783
0.214911912845888 0.0059836626027884 -0.77476721829815 -0.142779452277494
0.0773737864265158 -0.0845696861075664 -0.485023218036892 0.448420940577286
-0.0329646698770475 -0.115606205958317 -0.156401483729208 0.447417854654787
-0.0681901145080316 -0.104900339181043 0.0353484328678657 0.101943668171938
-0.0518244668560738 -0.0190170634941723 0.0659986721313782 0.0984412993890993
-0.0303405534470392 -0.0245120857895978 -0.142189457260915 -0.0983768172096713
-0.0244608119708698 -0.0801123883831966 -0.18001348414642 -0.250577713319929
0.017577232646559 -0.0895026714208244 0.20395155563552 -0.376078480909079
0.0719623522899182 -0.0025963716160632 0.713617102002906 -0.272290903972189
0.0662949391629881 0.0658655196592417 0.80789627741415 0.277085066678529
0.0259431917995285 0.0958682813886247 0.348263382624027 0.633803441261951
-0.0309882735704355 0.0886131393200727 0.0186601131098391 0.409099135906484
-0.0275332475133996 0.0754385660743575 0.0754114139694794 -0.11309346139446
-0.0019170875085438 0.0902404788998617 0.088550668694468 -0.640457186472421
0.0780542331168068 0.0804478798544539 -0.426968216835896 -0.794288771780536
0.110203549635688 -0.00357895923938173 -0.787234337131415 -0.172074799408272
0.0290689050183929 -0.0715553343983698 -0.520111151391372 0.461178052541258
-0.0209793880536164 -0.0755369173174028 -0.172751927487048 0.47520157588278
-0.0276387198072923 -0.0545897668651002 0.0433546799874448 0.124741778535112
0.0240593697542987 0.0228036687593028 0.0568875857621872 0.108633496073712
0.0427159406861339 0.0181695437195306 -0.134757751927723 -0.101745660523401
0.0321715660811457 -0.0557238962984675 -0.173385040157133 -0.267115529419523
-0.0092911520636198 -0.0529110113809621 0.227572828985907 -0.378225923722592
-0.0286088578898383 0.0277981238166696 0.731005280197136 -0.244938257459967
-0.0461874826179029 0.0357215481527829 0.804579393005077 0.316913764442602
-0.0381278908232195 -0.0221788593017796 0.328739007805524 0.665928869558632
-0.0115348350230142 -0.0513092779759262 0.016514517956258 0.412473746765357
0.0234840504315992 -0.0678125181985121 0.0666813297705891 -0.116545856314313
-0.00333354011692344 -0.0401252900640218 0.0452902544692185 -0.629687934593327
-0.0132182379529343 -0.000667264856829133 -0.470947756830948 -0.737141864916343
-0.0147466333662287 -0.0235572920925093 -0.796209696477323 -0.0976371771460577
-0.0367904585660132 -0.0540436263302707 -0.500571929304453 0.504370745284582
-0.01327464801051 -0.0229975958395057 -0.147108935561726 0.476190472657444
0.0155072705022135 0.0066969072883535 0.054425525152263 0.119130812100613
0.0912671795671294 0.0628369229941692 0.037392916483561 0.105777463258231
0.100065270885533 0.0576888730273832 -0.119940550972456 -0.117837095822317
0.0666951506610134 -0.0224124364928994 -0.119053415121192 -0.311945122274262
-0.0502594921595465 -0.00939689657457287 0.308047040921726 -0.382696977972958
-0.128168291035455 0.0480917412440935 0.771130026595225 -0.162728597010844
-0.145618463589349 -0.0178031848244877 0.75155877568298 0.411365023583266
-0.0801772147093995 -0.145570388586286 0.255975514834939 0.677427091730015
0.00843532154607655 -0.180164456587455 0.02391657858948 0.353123279980902
0.0445239061635526 -0.19610661178464 0.0664619677422376 -0.179169484814985
-0.0386228828940845 -0.144407559381882 -0.0585423910514444 -0.63880862650992
-0.119332974200394 -0.0522161898296851 -0.578373828200656 -0.606544034586938
-0.131793205382735 -0.025748474414438 -0.786347668407042 0.0701568576285849
-0.0859234023962999 -0.0264413555910384 -0.420339553329699 0.55775423573898
0.00752696924945905 0.0318326181568726 -0.084881672979884 0.440918659385613
0.0610463652956243 0.0644604342649094 0.0651535268896959 0.0838388073215665
0.136042791744851 0.0983642630908561 0.0118964421807548 0.0893456028085589
0.124705189214903 0.0917437492503526 -0.0939285001823645 -0.152031404198768
0.0584498631210952 0.0146501476348983 -0.0193270002859521 -0.376058865759826
-0.120682175348685 0.0291743255252865 0.427542812517032 -0.3662038130095
-0.218287908425767 0.0381220902205079 0.799655112101132 -0.012720049394283
-0.204918715936712 -0.101697673233176 0.644959606651071 0.536781890325933
-0.0784143676973951 -0.260527333481561 0.148744710053362 0.650541843735056
0.0245643161525891 -0.278935691612067 0.0400730150735278 0.24403951247051
0.0198520824564238 -0.285965327802566 0.0491457516894551 -0.283941686167173
-0.113530448913614 -0.195921783059498 -0.215494487055424 -0.632248762726673
-0.222255466803539 -0.0519801052147406 -0.703374604980215 -0.405303176616493
-0.208002068677606 -0.0012460646107036 -0.727570751309585 0.269474784177385
-0.0918481149221552 0.00759675569162867 -0.294797075479081 0.579256793095481
0.0473992001390322 0.0824948429327354 -0.00259858212598419 0.370058454246408
0.10642591025675 0.109369688463099 0.0704555081223452 0.0302902376322719
0.152750037870931 0.123254723914811 -0.0111069148385574 0.0564551135872781
0.115310046437622 0.11419711791489 -0.0502737270737784 -0.206524476537528
0.0119429814246064 0.0473867717161493 0.114758823938239 -0.4396640514749
-0.199778758024964 0.043796093622398 0.555773969687094 -0.296144169723793
-0.272608121475539 -0.00787971880226074 0.792858466970916 0.194298889747348
-0.20465311904433 -0.197590089318305 0.480651119631143 0.657401066476623
-0.035014180557798 -0.340794265888047 0.037602107350669 0.576308536623427
0.0338549464581164 -0.334050559033817 0.0603975085127711 0.102398349465884
-0.0327105365142279 -0.322708774937646 -0.00377995331179722 -0.40144294984579
-0.193189737802616 -0.188273627768166 -0.397274583348495 -0.582956402958335
-0.282655078868089 -0.0172354753426887 -0.791147104368448 -0.173426387303888
-0.218135410161343 0.029439510553266 -0.618228302943582 0.426712044130706
-0.0535214635807669 0.0378100688059118 -0.150782318623812 0.541295438198643
0.094998631465066 0.119528014741766 0.0779044543420502 0.274678171438211
0.141362778849133 0.137122985050461 0.0662767000296103 -0.0283534913593197
-0.178658693964352 -0.102893598573567 0.0229026951913744 0.0241056179658352
-0.138592165655118 -0.0965285040583847 -0.101686825554324 -0.186477959342821
-0.042210399381301 -0.0964716525388582 0.0348800578047022 -0.410116487925021
0.205813874241097 -0.127408977478352 0.41710676405501 -0.414045454171251
0.339896178759028 -0.00452026147711693 0.768963630891319 -0.0594414818307015
0.250587809333485 0.192878977982665 0.565447321306237 0.455652728137569
0.0799056944872257 0.341410973068736 0.135799317880889 0.471121947754095
-0.0607000025368438 0.364963091485511 0.0761112270972226 0.0951845250457165
-0.0246110455099776 0.364154806044403 0.099866210237356 -0.434990458543155
0.149839391475418 0.285378644502075 -0.196795204029026 -0.778966701327432
0.315894062730086 0.104354986974996 -0.721612310682867 -0.504276530230106
0.279214443387704 -0.0515595727419554 -0.704518059175289 0.167498056603566
0.0435294530327608 -0.0960946107104111 -0.275942717482665 0.470269095555663
-0.0999511081790041 -0.1435322742168 -0.0309411945294503 0.335385578751886
-0.128544384613767 -0.143776872255217 0.0263240039061953 -0.00220737375096958
-0.165343440034874 -0.0850904470253777 0.0446182891064577 0.0558815209929994
-0.137416368388541 -0.0852989514606044 -0.133979082290429 -0.134245914189894
-0.0827635569755986 -0.0978091275817602 -0.0710599065972768 -0.327703050755132
0.11884924753363 -0.13020662686065 0.311956322242676 -0.413213838771529
0.272801795947459 -0.0329327190528277 0.75221296816799 -0.191784953499723
0.240701052205989 0.134549563295388 0.690463781285666 0.359722012226616
0.106773983033114 0.285261996865084 0.234175425741578 0.540112160344125
-0.0561424159605404 0.315522609205242 0.053159409858261 0.238072243547208
-0.0694973393668374 0.316108396749971 0.116877958489506 -0.290526273034572
0.0644066972026846 0.285000210091649 -0.0290951747956865 -0.751314064250126
0.254167530970226 0.154387874640613 -0.58728785889557 -0.689314242669655
0.280561702023159 -0.0152406680980414 -0.76230070583676 -0.00725300563968987
0.0833457254771115 -0.0961274185674538 -0.397637046020466 0.466610714747689
-0.0614981799744861 -0.142063134431655 -0.102314940791444 0.402568869468239
-0.103850106746439 -0.137382608924179 0.0316465894073549 0.0550854772141681
-0.122597539436504 -0.0579539098604579 0.0623589039294404 0.081384040939399
-0.097106432622125 -0.0599811542054095 -0.144051659766135 -0.108380326256051
-0.0738779678344672 -0.0922231700146176 -0.147700879599095 -0.270434260478161
0.0520552200657334 -0.116233441474648 0.234661793633314 -0.392142869496867
0.173992814039196 -0.0280615373537675 0.72470893304209 -0.260783595653104
0.171349775950556 0.0929238985504032 0.774773799248169 0.289778700746888
0.0824978883471566 0.199222310008188 0.315907858140639 0.593084794093243
-0.0459083620117518 0.21809369670142 0.0334881595914691 0.349390697219598
-0.0679160192256822 0.21302852195976 0.0980993610900537 -0.174454433188918
0.010505693853932 0.212018741134934 0.0643604480070012 -0.691130317827786
0.166136386981854 0.145086465836192 -0.47684523039763 -0.782197387025938
0.216073666893286 0.00272525258881375 -0.782735679528689 -0.132935537378952
0.0769805557850485 -0.0864621707027225 -0.48306515363744 0.457653840152491
-0.0340606243959252 -0.117666654128208 -0.151989521976357 0.4529305526538
-0.068363228430708 -0.105824611524683 0.0373675858763804 0.102333270761131
-0.0526720212491099 -0.0178933599488243 0.0676833871768506 0.0976438878946205
-0.0299724545543298 -0.0232605467964986 -0.143732879175898 -0.0974585972847383
-0.0268950977309928 -0.0792943538688575 -0.185140818132065 -0.251181674206089
0.0159400111212553 -0.0913984350482993 0.199828935677495 -0.381173046858838
0.0734241944337961 -0.00366976561373161 0.714142389742401 -0.282948596756809
0.0679167160760161 0.0656817782655633 0.817811123006925 0.268918730729122
0.0264285395893477 0.0965570676429149 0.357808288778256 0.635315445663183
-0.0303702660620108 0.0896933162463411 0.022185535296874 0.412383751852658
-0.0275200325183858 0.0761677237375197 0.0746140280556429 -0.114065952697718
-0.00106223773918282 0.0907768622083765 0.0810909843572809 -0.646014572231349
0.0795375147185081 0.0796897384137253 -0.438735912836786 -0.793931785044273
0.111390336903816 -0.00594479339524431 -0.79398959953943 -0.162847586382138
0.0282061833540337 -0.0722376657911247 -0.518645699615178 0.469790811502763
-0.0214578089059978 -0.0757217294472177 -0.1683118019383 0.480992706475739
-0.0275501840391506 -0.0551470987665995 0.0455388727239488 0.125640708025594
0.0241072317585654 0.0231035345747241 0.0573541916006737 0.107298893859272
0.0431204432424379 0.0173371060263254 -0.136723245193252 -0.101361103832621
0.0315667262676807 -0.0566114318864345 -0.177832483376707 -0.266646831136107
-0.00919264290797285 -0.0532822876425402 0.22399973715056 -0.384503194984303
-0.0275018139491815 0.0286334855069519 0.732483143502643 -0.256903006721829
-0.0462613843232058 0.0360355016642278 0.814169636026845 0.310309361896457
-0.0393492162263854 -0.0216460057072847 0.338977066431296 0.665849291931652
-0.0117708584651482 -0.0512025281770885 0.02136477418563 0.413353170632388
0.02255231450811 -0.0695589433119741 0.0660723999100238 -0.117071339271262
-0.00371285495190572 -0.0397115701279747 0.038446256842778 -0.634249510333124
-0.0129591771161635 -0.000887797159059353 -0.480283563307664 -0.737692526529455
-0.0145804938388593 -0.0243848300582432 -0.801724477570035 -0.0883730257081997
-0.0376766366304889 -0.0536077807058698 -0.499450310784604 0.513490394378202
-0.0126785244745597 -0.0230387704452978 -0.142750259832535 0.482470135011043
0.0158079656354 0.00507005727877225 0.0564194771656723 0.119851960560505
0.0917302793650459 0.0624003056083679 0.0379862280077214 0.105947961013284
0.10116301457876 0.0576412897358637 -0.122317986080696 -0.116562149452923
0.0662837718642692 -0.0233235643121477 -0.12255891018255 -0.313279987292483
-0.0514755247566807 -0.00832494979046662 0.305204269683642 -0.390300195444981
-0.127824897209993 0.050376262020668 0.771584658878743 -0.172956053242436
-0.147324944945779 -0.0158353656806261 0.76158292161984 0.404124327839753
-0.082605684252389 -0.145749240718936 0.266074284031754 0.677144890886575
0.00644674672830653 -0.180435135811533 0.027984843072095 0.353821361350906
0.0418525587763981 -0.198410307204997 0.0645530415495466 -0.181557051934822
-0.0409303973865592 -0.144606423264445 -0.0648306090652303 -0.642418497728929
-0.120653657710121 -0.0513909948855118 -0.590057203202535 -0.602960121157858
-0.13308277386632 -0.0247160734484028 -0.791759420826353 0.0823140334382404
-0.0869308400924414 -0.02517102543317 -0.417291240032273 0.566255753656983
0.00863315818474034 0.0333675989954078 -0.0809727783110787 0.445650757775562
0.0625493830866481 0.0631566479882957 0.0662214486632029 0.0852952385301306
0.13719564831133 0.0966103750213977 0.0128909252009155 0.0898059772719251
0.12736530444092 0.0918446963484952 -0.0967151216521105 -0.152030601178975
0.0585588067725944 0.0148783304155101 -0.0246473284556476 -0.378773816516528
-0.121349540870712 0.0319374536914805 0.424842319359456 -0.375287520985504
-0.218613696455508 0.0419408436292397 0.805521722643196 -0.024575787619141
-0.208231935857244 -0.0993340343860347 0.652348853074697 0.532112406609803
-0.08253890123697 -0.26110569961657 0.155914057982308 0.653258250084784
0.0208137381826637 -0.280840482983417 0.0433763200464408 0.244431230036439
0.0163119114132677 -0.287561152849445 0.0461788699684815 -0.286175751301702
-0.116819570880192 -0.195740543563534 -0.223159846944362 -0.632623153375093
-0.225144307817305 -0.0498687431291548 -0.711359336008773 -0.396721706146418
-0.209334794641796 0.000847934612377726 -0.729183208501889 0.280599493928623
-0.0928724107678904 0.00933583955439212 -0.289751738026824 0.58687992179107
0.0489640315438576 0.0825203542367443 0.00149203475893179 0.37323303647354
0.1083489515093 0.108744751191203 0.0715345813593325 0.0306217528442808
0.154055134705335 0.121876422177521 -0.0106870464716421 0.0554571318073947
0.117390184470737 0.115364819196456 -0.0531977132485439 -0.207698604737367
0.0117716993301751 0.048211167457795 0.108908873986572 -0.444853110800879
-0.19984693805059 0.0473118103303632 0.556064950067708 -0.308193937107685
-0.274385288283965 -0.00423525869811592 0.798547270457433 0.18624355507359
-0.208999416161635 -0.196387129955171 0.493034090297954 0.654365874112163
-0.0403492017075663 -0.343567609484698 0.0427000752504679 0.58145328669384
0.0300002334328169 -0.336562285953686 0.0619068208434486 0.10107108453598
-0.0379749854773887 -0.32436835091944 -0.00862817238103557 -0.403468803181756
-0.194838398674092 -0.187424694623715 -0.407563923644872 -0.581558064805416
-0.284053818943048 -0.0132805556175894 -0.798820953427928 -0.165381075458364
-0.218045059727388 0.0327668659261306 -0.617609424722604 0.436931116499572
-0.0536515993471264 0.0398400630864866 -0.14444512571313 0.545343920085697
0.0980261885683893 0.118881785467958 0.0808116691944102 0.275151243642772
0.144546693697522 0.135276894150064 0.0668328735397452 -0.0290309310735459
-0.181153401363999 -0.100785589058247 0.0219317699226519 0.0223459863281198
-0.140622542138538 -0.0959251978204862 -0.105561049830962 -0.186710634924287
-0.0440583236659043 -0.0967868438320741 0.0286651892885512 -0.413510668129409
0.204303281156006 -0.131683164880656 0.410578295411282 -0.422083442826792
0.341911140071889 -0.0103661392337685 0.771603926008861 -0.0699579294604286
0.254163422214453 0.190857695836641 0.577254781008337 0.449824127395348
0.085242102408787 0.3431888270356 0.141522066395576 0.470487067079582
-0.0556715307858335 0.36766199566644 0.0778849209003806 0.0940070594269257
-0.0200593254445543 0.365787937182552 0.0930338379909386 -0.437731817972415
0.154848790333822 0.284189790009592 -0.211829437695709 -0.778432882032052
0.319811932892385 0.100011391711931 -0.731491964929858 -0.498474483168325
0.279787214165048 -0.0560131610908297 -0.706533251091531 0.180642481365876
0.0429027024100568 -0.0972698584062284 -0.270741336188571 0.476812147740042
-0.102017746263684 -0.144150047430532 -0.0269543222327791 0.338361295865966
-0.131270871233553 -0.14423090735012 0.0264904012574055 -0.00232413999409569
-0.167423480316288 -0.0819431440655732 0.0444847565575681 0.0551578562928282
-0.139178537879112 -0.0840227075181469 -0.135773809401879 -0.132874281631034
-0.0836209860152494 -0.0964868664718955 -0.0767543073798721 -0.328213670247049
0.116854237677268 -0.132937943235478 0.307509508174912 -0.420834266927984
0.274324811490043 -0.0384298594463518 0.749986134477281 -0.202720324609102
0.244120246938609 0.132185007617658 0.700618446847127 0.352748506634398
0.111010804040617 0.285093115878203 0.243221919141823 0.538295062189643
-0.0523544194743644 0.31704336485896 0.0561206532162426 0.238162980692586
-0.065480527323092 0.320125378623866 0.113812902294435 -0.292910645600056
0.0684152351458251 0.28577405835816 -0.0403797643781994 -0.753532669156881
0.257401177680224 0.152430599437201 -0.600312930146283 -0.683486569450639
0.281880672966263 -0.0193733737967088 -0.767940986793057 0.00457293551825551
0.0827314722308038 -0.0981444249829931 -0.394657996943227 0.475712840133615
-0.0632215303392147 -0.14285077567187 -0.0981403162535752 0.407275188770597
-0.105970164877694 -0.13700514178667 0.0331801458521449 0.0555754363740671
-0.123841083972968 -0.0556537457104782 0.063346188577611 0.080291530957074
-0.0978915802212448 -0.0604042842763382 -0.146730598948028 -0.107221250879089
-0.0753257573466426 -0.0918571743056839 -0.151821829986039 -0.269301181881294
0.0499376496110304 -0.117980329485104 0.229912829603189 -0.39962377502328
0.175021312202179 -0.0308756841631791 0.724130848974686 -0.273727991280011
0.173473859965438 0.0912596142274079 0.784731013109521 0.279761897351697
0.0853578044316861 0.199929680083693 0.326171761357587 0.589592659557974
-0.0429237539968425 0.219235339302788 0.0382185839881972 0.350161851450439
-0.0674078191184107 0.21437243908391 0.0969392114646664 -0.176062367758586
0.0127455155556608 0.213011401215691 0.0556684338854278 -0.69528564487142
0.169191016923983 0.142988624859092 -0.488134924379864 -0.778669610769114
0.218176029114072 0.000482929774962282 -0.788620736275717 -0.121181432144045
0.0761513085068352 -0.0875615341608407 -0.479440975094542 0.466522842998698
-0.0351704104370861 -0.117990245637437 -0.146941883095875 0.45881330935212
-0.0699985904044438 -0.105591180744771 0.0403686844152988 0.102685921758706
-0.053853057642492 -0.0170054294440745 0.0679863652587394 0.0960489660078449
-0.0295879627778761 -0.0228910810310212 -0.145819183681946 -0.096916982814585
-0.0281740763178304 -0.0797896761422144 -0.189489262261333 -0.249639652183165
0.0138035395816737 -0.0911960379191806 0.195474101927933 -0.388698257380387
0.074200930636688 -0.00429153729865175 0.712092863768257 -0.295137934238205
0.0692641915752373 0.065533858047238 0.826625427528795 0.25741999195583
0.0269438898206467 0.095932547671534 0.366909362531317 0.631837459399852
-0.0298045822610638 0.0902890581327582 0.028228138509397 0.412537718346406
-0.0274726140271267 0.0763962717020548 0.0738559385189177 -0.115398841548993
0.000353885568369718 0.091636487226319 0.0745744844932883 -0.650547586487691
0.0811780433152154 0.0782741009444149 -0.452241742140508 -0.792357444052168
0.111932650263305 -0.00771594602739882 -0.801809999371416 -0.153279291957011
0.0273584718213066 -0.0731673512019831 -0.51414938065804 0.480199323885583
-0.0219574209578932 -0.0762291687667117 -0.16278514242886 0.486204974859725
-0.0294231398693994 -0.0558754522324183 0.0486313692629046 0.126747787494814
0.0240178560250243 0.0225001278549163 0.0590234127393923 0.10659450022451
0.0439373235787001 0.0172910684529185 -0.139408259367045 -0.100807281619991
0.0301284434366797 -0.056923077443006 -0.182554867955273 -0.26619670899916
-0.0106598090532918 -0.0533849963928145 0.219444670305927 -0.391205036159708
-0.0271701416150998 0.0293190253205997 0.731943566085801 -0.268212739117487
-0.0469109221508954 0.0376011298201636 0.822948770161096 0.299723311075226
-0.0396453257461512 -0.0217870329166226 0.350584922781004 0.665100269859753
-0.0125408846192179 -0.0507095054075473 0.025534841882371 0.415407862794229
0.0205193656311896 -0.0700917661033936 0.0649765653448495 -0.118681546234599
-0.00453590985306533 -0.0394493075738581 0.030327618466032 -0.639069455520777
-0.01254770164087 -0.000467408085670324 -0.493172505985023 -0.734230683123524
-0.014750611871932 -0.0239684145631137 -0.809044383006645 -0.0767031936086356
-0.038317618091664 -0.0535398909178028 -0.493443752435426 0.524216186995321
-0.0118433059313637 -0.0225001904205474 -0.136517154091902 0.487234235850581
0.0159229146390555 0.00392683860726825 0.0578666499294722 0.121191350226204
0.0922192466147193 0.0602550788808558 0.0389863953630397 0.105946513228126
0.102616562924056 0.0580067832550923 -0.124706492232945 -0.116990767821944
0.0655907543859585 -0.0240724232419067 -0.128165980257297 -0.312312744439264
-0.0512559325941763 -0.00729242582012407 0.300358696103861 -0.397899105813012
-0.127034503987648 0.0523243245718002 0.772779412055518 -0.186818347591829
-0.148828637455021 -0.0140094066524495 0.770716238283819 0.396633412262217
-0.0848462468047933 -0.14710503750306 0.276748715261307 0.677595135916272
0.00380958224592423 -0.18136129324118 0.0328805409736694 0.355341121623594
0.0389676381150046 -0.199876962454036 0.0625688089043774 -0.182985994796168
-0.0430345088139394 -0.145203853816707 -0.0765839940637201 -0.64345273673483
-0.121947071054965 -0.0507386079525842 -0.600659882363732 -0.597537107782715
-0.134370498940501 -0.0232105775054232 -0.79337541269231 0.0947959936527057
-0.0873419218941182 -0.0241575747583632 -0.4110074880357 0.576000297198762
0.00990773343608734 0.0335694565189409 -0.0754044065275887 0.449061652530105
0.0640458190725607 0.0615424569943604 0.0679130263418475 0.0851517024337749
0.138167903812599 0.0947473116316813 0.0127046373220069 0.0890913874873255
0.130060970504381 0.0915200517877373 -0.0986934539876102 -0.152173637064276
0.0585326036358545 0.0145700205067458 -0.0299681434724854 -0.379969799241867
-0.121685418284147 0.033822190155135 0.423250905199193 -0.3833374203932
-0.218016815961798 0.044816582185413 0.80944909680428 -0.0355235982837618
-0.210227844589019 -0.0972545966509237 0.663640911177544 0.525321802680193
-0.0869329445458537 -0.262082166336827 0.166085593247441 0.654821028892508
0.0178397597353906 -0.282894277332863 0.0462145567294229 0.244654467761473
0.0117778447789967 -0.290627262722892 0.0425994118044526 -0.287387357474016
-0.119916307043054 -0.195168127283396 -0.23185504551864 -0.633743120659164
-0.22603140054914 -0.0463065167895306 -0.721867689332658 -0.390745227226017
-0.209683508905567 0.00362477654759311 -0.72826634030905 0.294261679711357
-0.0925547876425707 0.0112828369145232 -0.282467604229332 0.59516962792933
0.0518720465863747 0.082976609474328 0.00543937578502039 0.374836946563558
0.110318032356458 0.107254157277186 0.0719472466195521 0.0306238040337713
0.155171135589575 0.120439640644438 -0.00988004219654894 0.0553840877370579
0.119273272511351 0.114653299897033 -0.0568290764899994 -0.208495454224542
0.0129319803306181 0.0490024676072819 0.103433575174759 -0.44900216247195
-0.20025321543289 0.0507792180081158 0.555026555371782 -0.31849847560895
-0.274910271563534 -0.000570633940550562 0.805385353022323 0.174874307910314
-0.213742581057263 -0.19468394446363 0.503333162036407 0.651289088612753
-0.0454445027126497 -0.345445765519224 0.0516811873596387 0.584546295968301
0.0252108467121925 -0.338396983222997 0.0632494530676363 0.100028161791399
-0.0433152855898689 -0.325362049251305 -0.0141569642771643 -0.404719686712414
-0.198720175313502 -0.185869818528756 -0.416466264920033 -0.578378138942386
-0.285595117413745 -0.00891067647542737 -0.805321728680373 -0.154990756195166
-0.21958919932313 0.0357468904371729 -0.613651895591182 0.448314642935784
-0.0529278770803 0.0406131593804501 -0.135860750137893 0.550942004923647
0.10057791640207 0.118611902654351 0.0858198698393035 0.276227140643931
0.146684064566524 0.133890388734501 0.0660645092564283 -0.0288431684207009
-0.183398044268299 -0.0970795587392189 0.0223188005210264 0.0223510237696494
-0.140650134507961 -0.0950192535576628 -0.109632169425009 -0.185698057550802
-0.0464559766762002 -0.0958279339215807 0.022779500114782 -0.416538616598371
0.201934794152519 -0.135368688720476 0.404697057159276 -0.431742140894967
0.343700579061152 -0.0161151632191346 0.770819691070227 -0.0813636620957185
0.258272086787504 0.187365477988872 0.585382041308968 0.442242785212559
0.0911142456810319 0.342633954151449 0.150510345952685 0.469928888859412
-0.0507731550752993 0.369097614306699 0.0794875066258814 0.0925982802824092
-0.0155744396702917 0.368612449264986 0.0880732936643551 -0.441447226298979
0.158342127555249 0.282994714457976 -0.221290092562926 -0.779662407665419
0.321669254174877 0.0947507389287355 -0.741585835779532 -0.487292743948402
0.279687418171025 -0.0607492010660075 -0.70585991654523 0.193031399369976
0.0404045190634342 -0.0981634201988674 -0.263757859837992 0.483491616224038
-0.104571695892693 -0.144221237747283 -0.0219425690800052 0.341230148288177
-0.132856995630764 -0.144338749551123 0.0272564596367287 -0.00223199547528413
-0.169447854686413 -0.0798115878757717 0.0453142758960556 0.0543734117643406
-0.13985712364476 -0.0829270996308119 -0.139171139764709 -0.131371255245264
-0.0862808293565454 -0.0962391619060785 -0.0827908589972726 -0.328875308414251
0.114261134519507 -0.136020359024868 0.301116270441411 -0.428422159356169
0.274866678522707 -0.0425210320950304 0.750253256523475 -0.214791791584366
0.247130683729721 0.12942968669723 0.708228877483923 0.342301944961203
0.114019559434431 0.28451580935025 0.254310105722725 0.537034271252048
-0.0471824250349183 0.318890128695573 0.0602884550949332 0.237270854943872
-0.061960747743075 0.322083143703539 0.110564374767377 -0.295696080058878
0.0726223105742955 0.285473215076186 -0.0500603110482495 -0.754921758071626
0.261339810244069 0.148869177585292 -0.612805230121226 -0.67429037963633
0.282257494698217 -0.0242003203065788 -0.76842115461817 0.0192892449130298
0.0806757454996287 -0.100377096109953 -0.388448859318174 0.484979261196871
-0.0656009837127386 -0.14311991890556 -0.0914430182210003 0.412402797661521
-0.108379395054135 -0.137002900489408 0.0342800869454338 0.0561090552851322
-0.125601639497946 -0.05430109852938 0.0633423625951902 0.0791091997744482
-0.0977463481936167 -0.0579730234967739 -0.148661536268184 -0.105495335063749
-0.0780367730706481 -0.0913101882205623 -0.156760831964793 -0.268750551877191
0.0475250128007852 -0.119823278021914 0.223361005134963 -0.405970055602339
0.17660920605245 -0.0342204332500456 0.72284053274921 -0.284179768712156
0.174947561012764 0.0887253973238919 0.790903175059728 0.269428939871466
0.0887798850638299 0.198643200170536 0.336146008212109 0.586257979768925
-0.0402094848097346 0.22068000800503 0.0438875266913093 0.349955284401147
-0.0644586419511157 0.21599300662083 0.0949261131212421 -0.177990841322951
0.0156608320652411 0.213658833625762 0.0459465715262181 -0.697832245847038
0.172171069203267 0.140705576461789 -0.503681772028066 -0.773077641706512
0.21956399973515 -0.00358225031529003 -0.792957622681005 -0.10985983734768
0.0755152322891684 -0.0904530693498645 -0.475167273810041 0.476982844452477
-0.0362710210885705 -0.117971265197539 -0.140562244443143 0.462636557659609
-0.0717218445356084 -0.10626503694052 0.0421218759173444 0.10330763966183
-0.0545827954861072 -0.0167057155675853 0.0695165888684693 0.0952129689747258
-0.0296637896585651 -0.0228685201058603 -0.14866678223273 -0.0948311983868947
-0.0300573435398776 -0.0794050293044639 -0.194070865357416 -0.247815420289426
0.0123618203768402 -0.0919139910388355 0.189288414959881 -0.394157491399678
0.0750100596317612 -0.00590523583355316 0.711156822225379 -0.308782333005067
0.0702135618293686 0.0649336052028517 0.832240832204263 0.246310736900769
0.0281495003219741 0.095523546560735 0.379257862786375 0.62769930158601
-0.0280143532159597 0.0916928192689963 0.0337077849339981 0.412280836143136
-0.026915092319201 0.0773408893233929 0.0725473313719447 -0.11659244666451
0.0011689076148942 0.0919715326726797 0.0651131774621875 -0.652948765616407
0.0827660211663245 0.0775005009818919 -0.464999285733459 -0.788179493335044
0.112325485651325 -0.00963167683064288 -0.807413825954254 -0.141593259935602
0.0259476073582414 -0.0738549323583284 -0.508551059656553 0.491450305574908
-0.0228994045062324 -0.0759875300493159 -0.155500472756977 0.492314892764582
-0.0288428475411157 -0.0557920594614458 0.0511839921594927 0.126313663828039
0.0234933293091792 0.0216335951075513 0.0604757420769087 0.106247191230528
0.0449190480766863 0.0173181339828559 -0.141272714713263 -0.099086628768088
0.0290399686713715 -0.0574132810379746 -0.187137955137807 -0.264116227456364
-0.0111480715528579 -0.0530957369757924 0.213710657352527 -0.397331194062174
-0.0253817410643167 0.0295054423719344 0.730257322267779 -0.281442321062565
-0.0462589656699609 0.0388738854626571 0.829257851787856 0.287379622354292
-0.0413670921633558 -0.0207298012917336 0.360958320517991 0.660972794921092
-0.013737814498403 -0.0505352184580604 0.0323136768454315 0.416147101204268
0.0189594503083802 -0.0702713239284992 0.0638212429778182 -0.119158595814277
-0.00534543143219479 -0.0396785306121084 0.0211273423281232 -0.640426562626861
-0.012776803266272 -0.000363182583435389 -0.507036582500679 -0.72824919726023
-0.0149760885169246 -0.0241708161090156 -0.813260793715842 -0.0646659443802643
-0.0390900382508918 -0.0532533403570136 -0.487409649304986 0.533446952726996
-0.0117435677312105 -0.0232952886939135 -0.129919138388726 0.491765572849772
0.0171669877485413 0.00312001320972127 0.0599407447478919 0.121029288045261
0.0926517948061986 0.0583951647263488 0.0402055306719181 0.104825588560734
0.104562636208492 0.0577166426694461 -0.127137221018497 -0.115186493582239
0.0650545898874551 -0.0254136864289935 -0.133560886410355 -0.312777064303076
-0.0515429820167303 -0.0059213771872022 0.295528116304917 -0.40658301435837
-0.125686059180789 0.0544131685530434 0.77246082979895 -0.198839760243345
-0.149031040608443 -0.0111629724748911 0.77922541350843 0.385551556786166
-0.0880271174195727 -0.145756515058915 0.288945130116494 0.674555966823732
0.00131124212373399 -0.182353252966448 0.0378550060298889 0.356344268373297
0.0351283410070367 -0.201364214722746 0.0610467759240358 -0.183074218247056
-0.045132885602856 -0.145028760808084 -0.0861974568680836 -0.645807579294376
-0.122380088201235 -0.048169867218828 -0.612949639337074 -0.590936676734443
-0.134703151426806 -0.0213638274434562 -0.79493467401995 0.108436831303637
-0.088015082374759 -0.0213753672769984 -0.402947954922842 0.58534054193833
0.0111900167780129 0.0331656553397295 -0.0684747971128665 0.453412949212227
0.0652019984678238 0.0602210567404915 0.0698124678328461 0.085487316875714
0.138782265916427 0.0924414639343864 0.0140488282789849 0.0891782767770553
0.131709021107693 0.0908671929512467 -0.10173484922882 -0.150815537929427
0.0584920412611076 0.01389788713518 -0.0365461406805345 -0.380950466052339
-0.1208661207335 0.0367271198309111 0.417315328515396 -0.393309685377391
-0.216927719971026 0.048881264756231 0.810606235140357 -0.0484355791869531
-0.213184722702563 -0.0947325710087951 0.672702678579535 0.518103701309005
-0.09137334048328 -0.262248911987085 0.177695245827214 0.653963554758619
0.0125834442116371 -0.284030506709958 0.0495848210023318 0.244201418850993
0.00647177068173623 -0.291734341043067 0.0390085805889839 -0.288836048589302
-0.12343153009879 -0.194600133548752 -0.242897357333427 -0.630910447130419
-0.226768553660381 -0.0432108671768328 -0.72870028711323 -0.38190816309842
-0.210722289028648 0.00723897849269897 -0.727550154461217 0.307949042345708
-0.0930788770374112 0.0134666457057516 -0.274043003908949 0.600966706316918
0.053800326874178 0.0822922505105708 0.0118151576294668 0.376825937881865
0.113012086511986 0.105331453537456 0.073398644421457 0.0304040421861515
0.157089000596096 0.116588829897479 -0.00943346809535555 0.0554731454677163
0.122382803726674 0.115345380142642 -0.0606540059512569 -0.208804344893296
0.0132870332005922 0.0491709567011378 0.0961794619305235 -0.451523372899486
-0.200041687362325 0.0542906200366468 0.551788704347247 -0.329367029670552
-0.27451722651855 0.00369707319041863 0.809513261222449 0.163460210609854
-0.217728088695872 -0.192419855445826 0.516379944024591 0.644811877703182
-0.051453836679255 -0.346343791678457 0.0604037297695526 0.586081532906875
0.0209846200084592 -0.339798926687564 0.0649074160575436 0.0997719257306253
-0.0488058030048438 -0.32592089491256 -0.0207513093040217 -0.405851375194443
-0.202617726290777 -0.184122827996704 -0.427584927217877 -0.574641334779193
-0.286387651322671 -0.00358097410556091 -0.81128251570819 -0.141319102593271
-0.218742610271881 0.0395017492061812 -0.609975442324328 0.462195855690855
-0.0526035319370064 0.0423290190447583 -0.12688598050736 0.555840069909326
0.1032946184877 0.11733396906448 0.0901853157737417 0.277508272402039
0.149984527581455 0.130923621553449 0.0667199028622359 -0.0291653649610719
-0.185860623528854 -0.0941352101876825 0.0222798443954651 0.0209416588277204
-0.14226351966161 -0.0934739184598709 -0.112617589471829 -0.183544168035605
-0.0482207044776315 -0.0943243793870324 0.0150341552471157 -0.417517207883276
0.199197660903757 -0.139294541726876 0.398742386476814 -0.43980252225908
0.34501943636014 -0.022495737697529 0.770298412135049 -0.0970608181422839
0.26253788324263 0.184191576333607 0.595406136880685 0.434853851907625
0.0963274529377978 0.341041400851144 0.158256208555454 0.466792928730713
-0.0436670965122866 0.371163622322047 0.0819536933412052 0.0907722400301037
-0.00997448911289977 0.369964443459054 0.0814141548827974 -0.441525546155115
0.163659655812632 0.281324929445109 -0.236089425269221 -0.774936837341676
0.324013800385355 0.0900307522330144 -0.749431772362977 -0.47495703539554
0.279537159804692 -0.0664717810275586 -0.704350419235656 0.206154008340729
0.0393407654306089 -0.100100647411077 -0.256906677288832 0.489925441280564
-0.106162425787565 -0.143688415418511 -0.0164056935208716 0.342825567045934
-0.135676495706105 -0.141886024669477 0.0275372797328783 -0.00167224003375747
-0.170761462677533 -0.0768394839542325 0.0451672095166214 0.0531962318441218
-0.140318303855474 -0.0803535014350863 -0.141747393533068 -0.129422710083422
-0.0878756880278353 -0.0941412642408259 -0.0890314720316784 -0.328797981563446
0.111253601370551 -0.138069564879466 0.294139812370611 -0.433722457074223
0.274674117632785 -0.0475829074267248 0.74661615674574 -0.2298214967864
0.249915391902881 0.12605365014762 0.715682797197334 0.332012059300753
0.118989568637164 0.282533752977805 0.261763106772812 0.532687080441701
-0.0422709510456999 0.320658754050447 0.0639215790265263 0.235435654225696
-0.0581151817719281 0.323498494509237 0.106369950982295 -0.297844702365879
0.0775205498866003 0.284475007972197 -0.0631188722956282 -0.755321257312753
0.265032329760236 0.143380677697736 -0.62514828695629 -0.665870797226855
0.282991614030572 -0.030040202754731 -0.770782051009654 0.0325474317769887
0.0794587535296424 -0.102123827909066 -0.381131700269678 0.492759274567313
-0.0671417851341066 -0.142910045295763 -0.0858595337523426 0.414951225695654
-0.109756067990281 -0.136720752233714 0.0357972786458729 0.0556575996847319
-0.126958662861421 -0.0510334931775879 0.0646786025326099 0.0776216381141957
-0.0987784518560216 -0.0570999510254216 -0.150974577590119 -0.10275566218541
-0.0794801384218177 -0.0889884606701238 -0.161928770924079 -0.26697057483979
0.0450841300353471 -0.120443037871372 0.216239724695365 -0.410379150410034
0.175803880999962 -0.0378499817732844 0.717598060306815 -0.297889312271455
0.176735895556557 0.0869851099428802 0.799648810325117 0.258197823473091
0.0916128991626045 0.197188722867478 0.346411148072237 0.584059863728256
-0.0359828607401066 0.222108511391582 0.0481668266058157 0.349401298650672
-0.0617717179636355 0.218578828465425 0.0931523766123901 -0.179259508105669
0.0193480571575628 0.214100933459253 0.035102188609991 -0.699262575417325
0.174464436871982 0.137652754991974 -0.515271265883309 -0.765852873431947
0.220313954746676 -0.00812509646514002 -0.79778560652261 -0.0945882012422999
0.0733304348119487 -0.0918728528660683 -0.467428636615387 0.486282452214937
-0.0376629067144507 -0.118506705577812 -0.133219984705984 0.46688724000267
-0.073642876606593 -0.105687510887487 0.0444387607700123 0.103050403124612
-0.0555250139350768 -0.0151781855438288 0.0700427623304044 0.0933346497958054
-0.0300501282159806 -0.0213512831436695 -0.150506668288084 -0.0928946852333661
-0.031686517782538 -0.0787218487930922 -0.198224742888191 -0.245484384329452
0.00990953320993435 -0.0924946086523415 0.182254085048773 -0.398883522214487
0.0752888589715222 -0.00761491177611435 0.704688980427428 -0.320552279501487
0.0710874807731272 0.0640637486268997 0.838469483344157 0.233105889990785
0.0289453236463546 0.0956956643704248 0.390477180079284 0.621366535554862
-0.026529710617112 0.0917862432416912 0.0409842057191002 0.41228134235334
-0.0261435057605874 0.0772695491390645 0.0716404575577752 -0.11721524787378
0.00268970518540921 0.0924331837862703 0.0548355350306361 -0.655017874671957
0.0850028486006912 0.0756281238280079 -0.479614815531456 -0.780767097102413
0.112919454200247 -0.0110940480102153 -0.811712075598787 -0.126256561133404
0.025325055331658 -0.0749455146983127 -0.501042174173098 0.500795939482375
-0.0232408690081585 -0.0761522377390205 -0.147135170943359 0.495367261905183
-0.0307156658942553 -0.0567376796788081 0.0537672057972958 0.126629203947277
0.0223937353133875 0.0209355212524551 0.061222831292102 0.104996885873862
0.0460738016582095 0.0172352579899863 -0.142902904555452 -0.0972824764221313
0.0270112182856433 -0.0578696487965688 -0.192688059881885 -0.261856337258525
-0.0127661371838298 -0.0525004863816083 0.207617426897229 -0.402065044940645
-0.0244221495827207 0.0305210084531505 0.724076248917073 -0.294207718938287
-0.046141257762333 0.0397622010657309 0.836861238182309 0.274031812656106
-0.0431079691249248 -0.0208544847855412 0.371604262348572 0.656337353545674
-0.0142996263296327 -0.0510526942850476 0.0389861335751152 0.414704329302861
0.0167595388065094 -0.0714663957361477 0.0617363544943695 -0.12009483950518
-0.00638145990640947 -0.0398644722981385 0.0107840518037004 -0.641254777927711
-0.0133241010835166 -0.00066387719419197 -0.519409638710991 -0.720601829304847
-0.0153021837796024 -0.0235635684250169 -0.816047095121602 -0.0505814366033285
-0.039934090067006 -0.0517955955310366 -0.478841801631766 0.5419158030941
-0.0124665753102714 -0.0225339954641419 -0.121584220253919 0.495866047049818
0.017072356740425 0.00178213840511961 0.0627770788394183 0.121226488870133
0.0928345533171182 0.0568512464680718 0.0410075734063054 0.104106814799748
0.105814184384869 0.0565707110063089 -0.130028326458764 -0.114154820526398
0.0643046266380733 -0.0258172709365528 -0.139372276706013 -0.311246224302267
-0.0527321446374137 -0.00487416792130308 0.288514219710223 -0.413236942398115
-0.123647808763727 0.0573032190827569 0.769272695730772 -0.214332055598816
-0.150113072765428 -0.00913121499180863 0.787586344730781 0.372224420512621
-0.0920816923927105 -0.14402250056485 0.300600230040146 0.671621912653993
-0.00201397116406072 -0.182492759198321 0.0440037499656559 0.355295176420789
0.0313304383323791 -0.201606466607045 0.0585184005840653 -0.183989972470732
-0.0476328126915054 -0.144868400431229 -0.0952972437547914 -0.643241221632097
-0.123658994026086 -0.0459045526450136 -0.624632282296928 -0.58141383419135
-0.134751234737591 -0.0194826890869111 -0.795434153369557 0.120985980614481
-0.0882801575791265 -0.0202960783241318 -0.393699874252209 0.593031262714633
0.0131280080697462 0.0331239014948433 -0.0611129914043174 0.455665491090645
0.0669221488514063 0.0584646754004019 0.0718826070095726 0.0847244858662797
0.139895385044974 0.089217485098784 0.015386032901016 0.0883022916970652
0.132035312907675 0.0907130680290154 -0.104802273982748 -0.15082998458437
0.0587590255408168 0.0132276942219276 -0.042977084577727 -0.381360620508353
-0.120413291417947 0.0396385024521044 0.411899864466655 -0.402349833819025
-0.21650452312747 0.0530214389230932 0.810411839505315 -0.0631057386466955
-0.216142337448696 -0.0903716589740886 0.683023274541279 0.50692481053967
-0.0979546236658599 -0.261118216961911 0.188605832331982 0.650831916095642
0.0087312397794502 -0.284463124174981 0.053475407196708 0.242971718497926
0.00185465942444441 -0.292224021191204 0.0349139770316237 -0.28856280098002
-0.127096121178935 -0.193442512953329 -0.252619312047044 -0.627078175328112
-0.228206402999559 -0.0393017257425325 -0.737190646071192 -0.369641933845046
-0.21035516533408 0.0101140051707631 -0.722917259342505 0.321456338174091
-0.0930302085340303 0.0157915494502502 -0.263056834061544 0.606399070077868
0.0561692405828174 0.0820233843788787 0.0182357972755107 0.377820574934259
0.115322748037043 0.102972578008704 0.0741403345937589 0.0301629832405559
0.15800893629928 0.114274934712578 -0.00904474111299578 0.0559886701163738
0.124622753431771 0.114781180660238 -0.0636252737461878 -0.207998227061914
0.0133800023121382 0.0496074335482647 0.0880737364380798 -0.455027356518108
-0.199476870922303 0.0582808043741719 0.546828855505187 -0.341300827419542
-0.274522374254412 0.00854974385822948 0.814129357016627 0.150515131421221
-0.221149514036105 -0.18898249335817 0.526466690226408 0.6397999911697
-0.0580334034890019 -0.34554868048898 0.0701074540067948 0.585264592324374
0.014784318605204 -0.341192981206129 0.0658200112624013 0.0982734824881325
-0.0546329692548234 -0.325971676073898 -0.0272537240652722 -0.405089408260856
-0.205575718454795 -0.181799868575896 -0.438579894339164 -0.5702345794919
-0.286884741865441 0.000254947174382833 -0.814700621735089 -0.127995112720995
-0.21884493480236 0.0432813825315667 -0.6015930672564 0.473702289088801
-0.0514233998183827 0.0444021914693307 -0.11760480199348 0.558879184864485
0.106159215051985 0.11623930011564 0.0949712941904118 0.276911488948366
0.152612348558247 0.128212415600129 0.0666016446534405 -0.0293198819115036
-0.186781610284986 -0.0895598066958879 0.0216800490245942 0.0194980723908614
-0.143018601787145 -0.0916229692911143 -0.115370481804579 -0.181874891013834
-0.0502148316716072 -0.0938200816052849 0.00689189567761459 -0.418438202479012
0.196536568240129 -0.142738863421405 0.387655850940594 -0.448543555819653
0.344353335154903 -0.0292877652134514 0.767914495598851 -0.109239083661224
0.266109264332187 0.179442724765475 0.600600987684968 0.424402417281705
0.100841291104875 0.339107762085112 0.167472117062762 0.465095079376258
-0.0370869933267807 0.371311628883442 0.0821202782104927 0.0881228235686545
-0.0041844089446659 0.369095169211467 0.073342798666818 -0.442960607754313
0.168288939780165 0.277668575396186 -0.249122608182105 -0.771735582785574
0.325936109558032 0.084015415397495 -0.758162190134567 -0.460320486357257
0.277745314789261 -0.0712712706416484 -0.699138188572155 0.218637995840429
0.0374800878878282 -0.101503044010295 -0.250163229592887 0.494731258819585
-0.109430244793385 -0.143668884685016 -0.0101042771731003 0.343972268416312
-0.137713482848704 -0.140407734430711 0.0281389650394337 -0.00257650982602712
-0.172727110496097 -0.0729089388515166 0.0448991016983815 0.0512610397850741
-0.141141485611966 -0.0784250239591497 -0.1441101118058 -0.126911121432314
-0.0891286766966975 -0.0922280966774952 -0.0955929946732399 -0.325972818449721
0.108331509401024 -0.139728183493306 0.284758729968575 -0.440503965553152
0.274654305372048 -0.0536615203659753 0.741547823677673 -0.242253046905186
0.251192654739293 0.121813097353024 0.721216348775217 0.319973964097469
0.122538242693945 0.280686201018809 0.270974096579081 0.528497174345531
-0.0354278652309437 0.320697549882887 0.0678702400162917 0.233323996549605
-0.0525995029705059 0.324158257416424 0.101012585938042 -0.298592229344275
0.0824833475830569 0.283678433563225 -0.0751944016077771 -0.753992363448023
0.267280313151016 0.139775762454534 -0.635685124598774 -0.654265703992565
0.281749901425743 -0.0351069559714586 -0.769507576210224 0.045999089139213
0.0772389780063569 -0.104196154255765 -0.373381108212917 0.501622450786055
-0.069803143662656 -0.14287179921405 -0.077688811952985 0.416440857127213
-0.112505771454375 -0.135256760121834 0.0375642762033627 0.0558159679217131
-0.128151154841615 -0.0482970553681549 0.0649406896735495 0.0751408598686955
-0.0986005455266412 -0.0562413499794498 -0.153237676709159 -0.100704082713766
-0.0814086526012256 -0.0877740843878673 -0.166341713931572 -0.264409378041597
0.0424815852582171 -0.121551890158474 0.207762713060601 -0.416368133934957
0.176682236007828 -0.0415270053268813 0.710922508069293 -0.311055225858328
0.177975624179183 0.0843608940988596 0.802218894656759 0.24326441124721
0.0944877339754142 0.195605854304825 0.357462986929268 0.576560618728785
-0.0319892225475229 0.222928418444168 0.0550702937644029 0.347053793453146
-0.0585503349256213 0.219023643988231 0.0900232847288906 -0.180413849952138
0.0226802046015835 0.213145314098387 0.0226043961476239 -0.699245893151152
0.177563234512792 0.134489246361349 -0.531095005905795 -0.754415019747779
0.2189225497309 -0.0115047202217733 -0.798791491994334 -0.0801900340599113
0.0711953622608111 -0.0925135593539225 -0.458354911695269 0.494859167617967
-0.0400261678071903 -0.117785084386927 -0.125149439827889 0.469405539201433
-0.0748849390058518 -0.105525829754899 0.0465850605913831 0.103051973556295
-0.0565639974015778 -0.0141031356379862 0.0711191903376195 0.0913456457906248
-0.0297073067609511 -0.0217111509774199 -0.151640512464596 -0.0904254258214939
-0.033591984928573 -0.0781188797700579 -0.202268640324402 -0.24255503761109
0.00847543986065903 -0.0929269690095181 0.174128600712687 -0.403537309369671
0.0762084710536229 -0.00911092024178283 0.699813874996707 -0.333400317627992
0.0719840643268331 0.0632328173630628 0.841819426734722 0.217802932233873
0.0302407872282272 0.094677572954955 0.401676234852448 0.614948062178681
-0.0245216459435549 0.0922988122795113 0.0482518642239917 0.40995386656456
-0.025900747597234 0.0777685566865513 0.0705057688095992 -0.118242483094731
0.00409353957996699 0.0920923405146028 0.0437003898724647 -0.655536715642825
0.0857257795842672 0.0743118919318382 -0.492110556393463 -0.772197096689259
0.111981735673549 -0.0139786192046348 -0.81328692456802 -0.111839151688383
0.0234853206180831 -0.0750200238006258 -0.491969118333429 0.509341272146538
-0.0236354275854551 -0.076393237596788 -0.13905195362987 0.49950343971812
-0.0312008253882131 -0.056804464255594 0.0558496875126223 0.12647040562318
0.0225794812753947 0.0204573051851553 0.0621310915398424 0.10300923252325
0.0463410112894192 0.016797434744215 -0.144943955779723 -0.0944747229795937
0.0252861210088033 -0.0577040026707152 -0.196037952719467 -0.258307531309821
-0.0131857528097658 -0.051977457226429 0.199678297189093 -0.406940295236795
-0.0229601385328906 0.0310210113387891 0.718537287161749 -0.308541808375331
-0.0459370202985452 0.040761657679303 0.839991618894184 0.25887830111204
-0.0431062859725522 -0.0206906777685373 0.383309652190551 0.648600183419614
-0.0153349115703169 -0.0497793318012683 0.0445641660042961 0.413452058105013
0.0148220022884829 -0.0716036291597707 0.0604108013203821 -0.120613958393874
-0.00648063497370436 -0.0402748954151992 0.000789939040900224 -0.640906047912864
-0.0123741126523256 -0.000503846751814835 -0.530861742907756 -0.710499109587723
-0.0154881124301338 -0.0229088535984146 -0.817242275103432 -0.0361808953652579
-0.0412394252422603 -0.050741955082117 -0.467588964278168 0.552021738007971
-0.0123256918069167 -0.0231927721166378 -0.112710538778805 0.498721473295521
0.0181339420046833 0.000668331014210723 0.0646953360001446 0.120342733096995
0.0923351952835526 0.0547972040160862 0.0425810568200748 0.103293942102133
0.106320711366433 0.0554961828011648 -0.131750487113854 -0.111419231030507
0.063070136304355 -0.0260609697357603 -0.14591407121314 -0.307717133875203
-0.0519286334607961 -0.00337017287843547 0.280946995207407 -0.41956572741911
-0.122308391232637 0.0592606531008423 0.76380500192704 -0.227310454452407
-0.150624499469121 -0.00679242208876073 0.791381364918294 0.359299777649386
-0.0956188517508374 -0.142794537763107 0.311385927754856 0.666533187891454
-0.00499261078509836 -0.182533489762886 0.0489282043151896 0.35400687548653
0.0276099018494643 -0.202083061640958 0.0549816202948057 -0.184321724552405
-0.0502097218587065 -0.143852506468841 -0.106700666062657 -0.64136201624951
-0.123755518039981 -0.0437756286847368 -0.632910920652175 -0.570246316229489
-0.135243093798572 -0.0169362366067556 -0.792387905353266 0.136844622332767
-0.0890333066756247 -0.0182199528163223 -0.382411223695778 0.599808759935708
0.0139264644713544 0.0328735220969052 -0.053650855913599 0.457176516252661
0.0680109646767874 0.0574197829662467 0.0736478269019319 0.0844640289494159
0.139947137231065 0.0868044191582456 0.016429561073386 0.0880272225637674
0.134963732497487 0.0889361105607824 -0.107830813952628 -0.148132104396816
0.0584243463640655 0.0129290361402262 -0.0508915972976877 -0.380431650067395
-0.119224890879801 0.0426079717632251 0.404319522162252 -0.411226266723982
-0.21420135198057 0.0563966004075423 0.807498482595443 -0.0766066110359382
-0.21717097877015 -0.086175464613312 0.691595362665267 0.494547153417045
-0.102110861285014 -0.260161301986099 0.198063935187838 0.649683456696016
0.00382035365832587 -0.284054965626119 0.0563755858813036 0.242287762884192
-0.00491943742170165 -0.291797999779182 0.0291503333002371 -0.288899187149934
-0.130483026985082 -0.19091425585976 -0.263799463000587 -0.624635914801282
-0.228659916522597 -0.0346955042202614 -0.743715424283918 -0.356056941015392
-0.210183920308391 0.0139046338689179 -0.716794782458771 0.335288007185645
-0.0922532667948297 0.0182992997890875 -0.252534987289942 0.610905840780886
0.057765954873564 0.0805950741286669 0.0247343453451001 0.377712333589247
0.116959625497229 0.0995105152929702 0.0747659872654095 0.0292017208487904
0.159162575735389 0.110838854591171 -0.00855285894366152 0.0550669302763376
0.127238467772176 0.113158821794589 -0.0678796045940034 -0.207317197761656
0.0141030095204224 0.0503725989282979 0.0788712041436915 -0.455612613426491
-0.197921024185216 0.0630619757885139 0.541649343714751 -0.35387495705949
-0.272615714873222 0.0134689250583832 0.813773905774242 0.132649600250834
-0.225177200376011 -0.185258294381178 0.537322986239099 0.629771295610989
-0.0639588035605394 -0.345270111785471 0.0790514628688401 0.585742661945588
0.00936448662760907 -0.340689970470943 0.0669948449193197 0.0969871636491568
-0.0614623391946236 -0.3245903821279 -0.0342952204622734 -0.40380829446268
-0.209073780362618 -0.177737240036478 -0.447301841414912 -0.559633403931692
-0.285995272068181 0.00590018473538659 -0.817891931994658 -0.113766251827423
-0.216901889207088 0.0472976714675858 -0.591869376487379 0.486099635627343
-0.0508712991769784 0.04688678569302 -0.106827304311841 0.560575777578626
0.108966767244582 0.114035066353058 0.0987251253594521 0.274755178445954
0.154635226571033 0.12447438810532 0.0658441078153458 -0.0294595164060171
-0.187898830912728 -0.0849776189096696 0.0216331964498416 0.018037806766329
-0.143458488784015 -0.0896454939255465 -0.119828506304843 -0.179455940595341
-0.0508939778462738 -0.0919063610343478 -0.00108682032869858 -0.416812024581462
0.193030052476092 -0.146444528643024 0.378755034551302 -0.451708197958671
0.343670287558894 -0.0360927316205155 0.761068441397913 -0.122081759249025
0.267686943121675 0.174402287246652 0.607499972631156 0.413666790794465
0.107200016670453 0.338318474882797 0.176139665907195 0.460950158734641
-0.0301149228898095 0.370618663765153 0.0834084048474517 0.0853662925657137
0.00113710635757099 0.368086656142945 0.0667261766224927 -0.442537334886917
0.17243162832831 0.273802568623494 -0.260323008995305 -0.76528810959382
0.326386848177956 0.0771622830196711 -0.763072185869878 -0.445162557561394
0.276732761270365 -0.0759109286752848 -0.694152350617246 0.232284991729178
0.0356589766365541 -0.101874495798526 -0.240413176259639 0.498879444613228
-0.110447767893836 -0.14163976318312 -0.00489523748877331 0.343978027563827
-0.138612883204519 -0.137912425986398 0.0283114227566976 -0.00403100887064256
-0.173257160038175 -0.0696964619797171 0.0454232384377059 0.0499595201620931
-0.140752167521898 -0.0758899444498737 -0.146589463765668 -0.124062162389833
-0.0913257563748075 -0.090641326076271 -0.101172316181928 -0.324435968373879
0.104582603777511 -0.141589608464974 0.276264968095116 -0.443282085729584
0.272674994451659 -0.0585131898261123 0.734055858747504 -0.254840047492852
0.253118935885233 0.117820684000338 0.726005089683986 0.30477514441853
0.126891853152801 0.276940952796811 0.280256923882054 0.521195830230961
-0.0296589694725311 0.320299642873665 0.0711154942791807 0.231051853478694
-0.0463429094284141 0.32409895670144 0.0959751257270314 -0.298319365201238
0.0864719769651861 0.281149541253385 -0.087055275498185 -0.750423593344506
0.268710738774841 0.133486970617198 -0.6462461043827 -0.641258752163157
0.281261922066679 -0.039683097210656 -0.767221045447287 0.0593316882909821
0.0754004752926607 -0.105398165343095 -0.364451567578104 0.506033569549282
-0.0720390878480638 -0.142082237562527 -0.070119252121543 0.418367884007859
-0.114690215078606 -0.133373521835673 0.0377751675902819 0.0548640607678811
-0.128636547583318 -0.046105703444657 0.065567290296474 0.0739245398419958
-0.0991629427337049 -0.0539609251276749 -0.153915033196183 -0.0975737680266652
-0.0824068433358001 -0.0858394563505388 -0.170540006218119 -0.260721337851566
0.0398039360842381 -0.121990816470846 0.199056942826828 -0.418175635349986
0.175389758967376 -0.0448554463769455 0.702019917583935 -0.323244005549527
0.178881562906257 0.0812580989055677 0.805818670288546 0.227546041294459
0.0964576874113262 0.192720716352062 0.365312336126576 0.566325930798058
-0.028480712773166 0.222645922423371 0.0607014380429486 0.344765184064934
-0.0559455999155106 0.219430194543945 0.0877656707126408 -0.180557833352138
0.0256984738645923 0.211833021547277 0.0116838502893798 -0.697429416584895
0.179481929940334 0.130758124059951 -0.540471447358783 -0.744960598810644
0.218462373288999 -0.0156102594379323 -0.796722982514294 -0.0654246880640534
0.0699828231655715 -0.094549994971537 -0.449581038571248 0.502326050229644
-0.0409455644556952 -0.11747851567215 -0.116419996877968 0.471613902359211
-0.0769174328946588 -0.104570620784673 0.0482622835194576 0.102149130982651
-0.0570183540408948 -0.0140288286390639 0.0709413727198024 0.0903030402016983
-0.029163165916859 -0.0206572453048035 -0.152704497619669 -0.0872006914262228
-0.03503097535398 -0.0767623577630414 -0.205431675683492 -0.238267980072072
0.00638542981322575 -0.0919470197428478 0.166441666947893 -0.405451737737161
0.0757370230388552 -0.0100883015380248 0.690082146619422 -0.344869915054251
0.0725811566787088 0.0622091415422318 0.843177959185048 0.203118210389092
0.0313929101574092 0.093529953780976 0.410348416294515 0.604500252027883
-0.023233892999615 0.0924569939840367 0.0534240383256073 0.408335984808708
-0.0250792244706151 0.078831144324232 0.067853252267184 -0.118958223501363
0.0056023107268058 0.0910517637397819 0.0311368749120337 -0.653585187366124
0.0872772965019315 0.0725652329079586 -0.503118269008471 -0.761380593334299
0.112224230754277 -0.015743130676911 -0.813197161147277 -0.0965894839201506
0.0224176558005725 -0.0749524050022301 -0.48206711533731 0.515735627588794
-0.0252226665194994 -0.0763583523349388 -0.129245469754529 0.50124749253003
-0.0318548390669721 -0.0570444013286382 0.0582584065030937 0.125550975726644
0.0211975029459878 0.0195089919076936 0.0635970507823346 0.101805723974374
0.0474409192544067 0.0164899475801957 -0.145672232347253 -0.0913588873478218
0.024293503788274 -0.057753211764358 -0.19968407766972 -0.253473382498504
-0.013907689579553 -0.0518474853760659 0.190877074668438 -0.410399984948775
-0.022177876789342 0.0306676862010902 0.709902434523969 -0.319102418518931
-0.0450850938110715 0.04170787960724 0.842424441600981 0.244417763729277
-0.0442951572725689 -0.0202640571133386 0.392194800766787 0.639873908986981
-0.0159219671168901 -0.0497746690072537 0.0519666054368862 0.411119010616489
0.0136801057505611 -0.0715656705326356 0.0585806274344812 -0.121161450579474
-0.00767457835858171 -0.0392258097934336 -0.0081455557541179 -0.638729663996464
-0.0122236391864376 -0.000291744717428705 -0.541039573824188 -0.701369147386659
-0.0154164747928076 -0.0237552203801333 -0.815144091207455 -0.0199223608601295
-0.0420077534651138 -0.0503505822119214 -0.458047616611067 0.558409500678725
-0.0117318692544118 -0.022817361265138 -0.104217974571658 0.499385934933306
0.0169040899410179 0.000152386614801034 0.067420066816633 0.119605324651712
0.0921172322307866 0.0526255742011738 0.0433644752527723 0.101964051020765
0.107580611105618 0.0537094641998482 -0.133748824436402 -0.109127104616757
0.0615965204406983 -0.0271605440098014 -0.149844907556189 -0.304324649367431
-0.0518057971198471 -0.00189859654473139 0.272171631546847 -0.424049486695936
-0.120140557037427 0.0609699168965428 0.756139758841042 -0.240275157805795
-0.15031311551377 -0.00288595674454586 0.795917837793759 0.344661766698222
-0.0976828459597747 -0.140826155181722 0.321016124984881 0.656544671336736
-0.00849534740641454 -0.182096683259167 0.0535853174125814 0.350423974131843
0.0227235760603649 -0.202711011405822 0.0525333937194406 -0.184325475628284
-0.0525506523604016 -0.142513751666801 -0.116983701021508 -0.637644605677433
-0.124035983285155 -0.0415633868604803 -0.639780212754904 -0.558482236870492
-0.13437219947568 -0.0144879694359445 -0.78650474996099 0.150426450154251
-0.088945537549343 -0.0157828149963226 -0.368724902524952 0.60388752339776
0.0142704013600549 0.0323973496285316 -0.0443164322038938 0.457689129973349
0.0688363430244802 0.0544657794380426 0.0748580773107564 0.0845066107620316
0.140553795430829 0.082823148957196 0.0161443241388055 0.087717679284213
0.136414896916385 0.0875189235776876 -0.109810908612873 -0.146309181201534
0.0584617501936234 0.0124960564994075 -0.0573220830170491 -0.377866722309314
-0.118000344773473 0.0446201961864461 0.395538687972169 -0.418542498603221
-0.211555171724537 0.0604805254576292 0.80311413436707 -0.091268164415045
-0.219236441800783 -0.0829167256276547 0.697735788610568 0.482561772181631
-0.106466682521677 -0.257606434642503 0.209177766606465 0.64298002087224
-0.00106565654962979 -0.283368913323447 0.060462620869205 0.239523108224098
-0.0101284331781806 -0.290737244236336 0.0247169229277261 -0.287619130890839
-0.132763917514704 -0.188419973159255 -0.273105507147963 -0.617624360545933
-0.227847646162699 -0.0309540081097542 -0.747315813030201 -0.34283953500019
-0.208949291457692 0.0177449443068514 -0.707094560625623 0.347238855664323
-0.0913872538443368 0.0202991333032171 -0.238923220643373 0.613159761936453
0.0598724565261098 0.0799748066061986 0.0308590632961657 0.377706698415501
0.117909785001528 0.0967450667769584 0.0749681822477009 0.0291884296703529
0.15866023747334 0.107777461871007 -0.00809949237966245 0.0548029374405805
0.12900596921098 0.111928391153568 -0.0712471381618379 -0.205173094909196
0.0153512730891385 0.0506939703676674 0.0708532688974025 -0.456266239987473
-0.196029672113675 0.0669443623325722 0.532764689178294 -0.364508446343651
-0.271597234591566 0.0176894620866083 0.814218585014946 0.118540449883987
-0.227815322677099 -0.180696921523682 0.545815161824515 0.619512572516583
-0.0699643940122089 -0.342826891922168 0.089676345826961 0.582831636595623
0.00396808274645393 -0.340070199541445 0.0679383092448485 0.0942279929830478
-0.0673324722754414 -0.322502398482168 -0.0412719204978093 -0.400557591429137
-0.211511218161476 -0.173713597315559 -0.4553100269793 -0.550826809351854
-0.284542054974426 0.0110074773310265 -0.815867198970203 -0.0995729902876738
-0.215896350920057 0.0513878572535566 -0.581394888702606 0.49450791712234
-0.0491839334986835 0.0485282111460038 -0.0946644359314157 0.560066752233828
0.111198021961506 0.111997839152123 0.103175189781918 0.272832863633452
0.156351879888905 0.12095713787877 0.0655583733291323 -0.0299301530193095
-0.188963982196601 -0.0811475860436949 0.0211607418841947 0.0172447392738125
-0.144363678559044 -0.0871558648031893 -0.121138341182517 -0.175729862253612
-0.0523121151685439 -0.0900636811381193 -0.00836650846822714 -0.415022076163284
0.187649000069918 -0.147611233100432 0.36756438653938 -0.458424005475694
0.341211552703265 -0.0424254911012001 0.753480098141855 -0.136356507179256
0.269260784682204 0.168995444445977 0.612120844769569 0.401665463865961
0.110517440641575 0.332310484565814 0.182106740254072 0.455444804154428
-0.0232389266866452 0.369352597378907 0.0845203646874204 0.0824827876853259
0.00720697121488048 0.366656588229244 0.0588611378100703 -0.439887281498522
0.175299022176159 0.269056861004803 -0.27094580972114 -0.755880590401652
0.325871643659221 0.0712306870026344 -0.767541679696285 -0.42937140393242
0.273485532854426 -0.0802687608616065 -0.685197008821744 0.242958388685471
0.0336313641036152 -0.102417820845343 -0.230040358745607 0.499948640739866
-0.11211629256321 -0.140422835504734 0.000364226916728792 0.342561843427592
-0.14207049123563 -0.13491511120628 0.0284371755192103 -0.00359620467238314
-0.17311135554365 -0.0658530089698637 0.0445105967702605 0.0481354818210395
-0.140574046038381 -0.0746727613375899 -0.1480056822747 -0.120660564034294
-0.0923048884918234 -0.0876961474780386 -0.106183777878392 -0.321569631646035
0.101062643584091 -0.142103845667667 0.264718344975975 -0.447230941686393
0.270975950209794 -0.0635303283331795 0.723563329763853 -0.265601910414663
0.253682216493321 0.112414423074083 0.727608412135722 0.291480863873648
0.130223233378525 0.273738873403446 0.285400947137985 0.512569818999633
-0.0247333749763325 0.319206400199263 0.0750673790994402 0.227966057858389
-0.0420941125861775 0.323108172680024 0.0920628079973811 -0.298656507503894
0.0901853329498771 0.278508986309716 -0.0988732517363772 -0.743946647115118
0.270015604250467 0.128469352692557 -0.652244715213742 -0.626072279361593
0.278658844558845 -0.0443843329657051 -0.761607179658417 0.0734139441823709
0.0730046451564576 -0.106317984176838 -0.353983567838756 0.509706562671587
-0.0735710834702601 -0.141016865521998 -0.0631441437008494 0.4183046116521
-0.115915384831763 -0.130842248805554 0.0396805113485424 0.0535233325546746
-0.129496203474648 -0.0430003786322861 0.0650293570524252 0.0712963039522683
-0.098066899226612 -0.0524127753883744 -0.154723562369216 -0.094054267004018
-0.0838039108413338 -0.0831957112470919 -0.17366240291121 -0.256763699735743
0.0362383827636194 -0.122672307084625 0.189980563970083 -0.420756361459679
0.173638686519081 -0.0487994382531238 0.691252583455167 -0.333739876179676
0.179339573794537 0.0765346943092464 0.803951541796826 0.213059749806247
0.0981466237005976 0.189754687126386 0.372829929063825 0.555570658582816
-0.0244842443610948 0.221468620563975 0.0664415577177512 0.340661540079831
-0.0517330233792448 0.219375241203274 0.0847436769065931 -0.180515876768383
0.0285865694641623 0.210484521897511 0.000605346880651508 -0.692345771713361
0.181083306392596 0.126788121521679 -0.548937012286951 -0.728786875546765
0.216496349800772 -0.0199976362743169 -0.794124319682386 -0.0506536830716594
0.0677055001551017 -0.0954527076965158 -0.439303281241866 0.507933244871134
-0.0430224815131412 -0.117270568175297 -0.107455280175101 0.473059719405648
-0.0783145087259706 -0.103452104527899 0.0500541376674779 0.10078461094636
-0.0577432419084233 -0.0118078994537383 0.0714451105569733 0.0880337637981013
-0.0285484196428273 -0.020040782728024 -0.154075676726458 -0.0844406221723494
-0.0368564212192742 -0.0753515416914997 -0.20865251283017 -0.232682347880792
0.00435727599241605 -0.0918792964265189 0.15802743313693 -0.408109224590359
0.0759827653506026 -0.0122961395725422 0.678791103932201 -0.35544861035713
0.0731813379339171 0.0615254741812385 0.840759117165706 0.186705810394021
0.0323297943812019 0.0920544603073382 0.417749856926177 0.592651013752029
-0.0206358061441815 0.0923232106381905 0.0601640572756562 0.403601550888373
-0.023585503175064 0.0783831952996488 0.0663387291710001 -0.119176581801317
0.00656784017488759 0.0902221100371184 0.021422356012419 -0.649856859010586
0.0877504344869744 0.0700356061245389 -0.513001327206618 -0.746116180459387
0.110969829124053 -0.0176192576629507 -0.80875609818888 -0.0812411941359235
0.0212453153988682 -0.075557160220145 -0.470789563644229 0.521172668091404
-0.0256881803281361 -0.0756311091536569 -0.120008185733761 0.500636021588522
-0.0324685075810243 -0.0571374059670248 0.060204536461726 0.12487257189702
0.0208213239487739 0.0195117785896261 0.0640973888855612 0.0996455783429762
0.0474452303162253 0.0161314796215861 -0.147057456126897 -0.0892869758828101
0.0218146294578503 -0.0575904938368454 -0.203424627963622 -0.250023330311131
-0.0150569976657212 -0.0514767015021254 0.180921742005886 -0.412266518365225
-0.0203742409859265 0.0309551254517539 0.70105752893753 -0.330257568017833
-0.0441286746500004 0.0422619230561562 0.839798587529322 0.226658069644677
-0.0455704805859218 -0.0187774180418982 0.401524167682371 0.627906810422368
-0.0170233509626127 -0.0491639839132735 0.0588628587283937 0.407497126412553
0.0121057542398064 -0.0710878333270904 0.0561188923504608 -0.120978652352116
-0.0085798032543969 -0.0399969074051949 -0.0222140705483806 -0.634065058407609
-0.0122272809634874 -0.000276799413092025 -0.550753907514007 -0.686803365637117
-0.0162576704403519 -0.0234295085746643 -0.80989120228023 -0.0050676536245386
-0.0427772525990891 -0.0485876363299974 -0.443790273485247 0.563131639685705
-0.0111869287076497 -0.0219964388336345 -0.0956856715161058 0.498447593754262
0.0169558585055445 -0.000983065816346911 0.069862340073166 0.118470111013979
0.0914285393859831 0.0504667881809842 0.0443549502580947 0.100730535133313
0.109081551058405 0.052541776336789 -0.133608733802412 -0.106485066746694
0.0606360518623494 -0.0275035215993271 -0.155286290367528 -0.299918732055055
-0.0517110945818982 -0.000582191730047559 0.262471060579053 -0.427700888503223
-0.117975148155261 0.0624045346588182 0.748743067448776 -0.2514811541074
-0.149997626860798 -8.67513495903041E-05 0.797529530215827 0.329424209145935
-0.0996394725096106 -0.138607510598972 0.331307743802665 0.64769964899408
-0.0112526369072538 -0.180289904406293 0.0596203198301815 0.347339044484274
0.0193835895251512 -0.201799148539117 0.0491616202172041 -0.183250007115276
-0.0541762244183574 -0.140909216693976 -0.125393524793726 -0.632805394260952
-0.12429296189638 -0.0392980390102795 -0.645302658511851 -0.54240854360171
-0.133644032383317 -0.0127553000580807 -0.781114618883877 0.163209449023666
-0.0888803658154428 -0.0144913631243631 -0.355722716939264 0.606849500690684
0.0154407625665768 0.0323458232865743 -0.0370662654164894 0.45600878398326
0.06968625636779 0.0526355859523743 0.0761366354453263 0.0824546553284446
0.139361246365163 0.079967895267515 0.0176460967384698 0.0858153474442273
0.137357980085791 0.0854401158043493 -0.112102585508153 -0.143353558332284
0.0570448598201682 0.0119078044797986 -0.0637306351867165 -0.374218207680268
-0.116431267291331 0.046914188600802 0.38443063894993 -0.425112938715042
-0.208819474100666 0.0641740851030441 0.796813857069585 -0.105580419321482
-0.218991924459913 -0.0775803392664554 0.701530807130456 0.467735062804569
-0.111890390236819 -0.254956914833613 0.217851356361213 0.635797007129489
-0.00630823911720595 -0.282204196344804 0.0632869407927866 0.236983299255944
-0.0158699827219038 -0.288935789657035 0.0203751500002141 -0.286320442620195
-0.135650104103907 -0.185233835635664 -0.28231370692671 -0.608593988060157
-0.226489967201072 -0.0268708171963876 -0.748814628691552 -0.328230654108566
-0.206282523778153 0.0214649303003006 -0.697084895997355 0.358967631593526
-0.0898626915816184 0.0226602113542604 -0.225367289100155 0.614024440700879
0.0612662349931748 0.0785350085050197 0.0377532736909192 0.374820599985036
0.119321653747421 0.0932242972747808 0.0749904823791365 0.0291322480878624
0.158901244174694 0.103500965422756 -0.007009187537268 0.0545167779492705
0.130639725784657 0.109954728196375 -0.0743877268276627 -0.202656322466144
0.0151831396619383 0.0506930854105734 0.0618089249723186 -0.454680297198206
-0.193655064697177 0.0703832479376997 0.521603560101703 -0.370840759304951
-0.268573997408271 0.0226086915924347 0.810464969347045 0.103636768184268
-0.229656346909725 -0.175245981387578 0.552378883674173 0.60540973867285
-0.0762520463498439 -0.339375050496722 0.0990761993697503 0.577308916823219
-0.00203848933615503 -0.337203699618194 0.0683457759942633 0.093331765578085
-0.0727759133970264 -0.319058549146799 -0.0470098092282332 -0.397094651495567
-0.212782629620372 -0.1697048547446 -0.462356012079851 -0.539113956156602
-0.282656614602452 0.0156868611732384 -0.812946209414748 -0.0842995350746364
-0.212157567412907 0.0550074813139423 -0.568705990516457 0.503378788181076
-0.0481118243237109 0.049108120779093 -0.0844563909875912 0.559731708358132
0.112855964215543 0.109356597283709 0.107907906149176 0.270932296824212
0.157461374990472 0.116763665894047 0.064529476836392 -0.030136823174165
-0.187945355562837 -0.0769920551851446 0.0198073984381843 0.0156753400428912
-0.144498221004397 -0.0855735483816933 -0.123336194911206 -0.172786550469877
-0.0538017141864781 -0.0882372562998241 -0.0150517523602372 -0.412482459768008
0.183690935335149 -0.149759334833635 0.356066548421884 -0.460693556060334
0.338007952012461 -0.0486101861792734 0.744382874502151 -0.149085518237121
0.27034444631983 0.164682932170263 0.614558525017832 0.389239455897729
0.11521318092504 0.328744536550295 0.187537058612774 0.447301166046528
-0.016916722020929 0.365387418629863 0.0846513269364747 0.0803400861384899
0.0131252782443587 0.363410388904338 0.0515767530625762 -0.436173064793528
0.178264000043495 0.264638167509173 -0.280071953269378 -0.745053085351257
0.324543617749275 0.0649374452912919 -0.766322823790421 -0.412772423703444
0.269440768981645 -0.0850890700354233 -0.67559053919113 0.252676061870424
0.0314145184609321 -0.102288591378239 -0.220661290837 0.501134725229664
-0.113036214749949 -0.138132343805078 0.00638130271965119 0.341348873967893
-0.14227581103336 -0.132487393911387 0.0280084002586685 -0.00366427609225392
-0.17277862682538 -0.0609771038424741 0.0450694648725858 0.046841587235326
-0.14009001529555 -0.0727085503690676 -0.148693812887335 -0.116561282366665
-0.0929602966781405 -0.0851277106268613 -0.110025389127282 -0.317363863051188
0.0972681238313032 -0.142441760756319 0.255689874529159 -0.44909955279555
0.267884261858186 -0.0682298996565852 0.712549482350266 -0.275120497631656
0.253221230289804 0.108123138589492 0.725500625771675 0.278662941480328
0.133803823028652 0.269331164917393 0.29403740496268 0.503536951755171
-0.0192734395977737 0.316651465690768 0.0768547480880615 0.223508915790315
-0.0370307784646376 0.321449684793126 0.0865766856681983 -0.29694789441098
0.0940624480807452 0.274229192951864 -0.108643652226821 -0.735772092880364
0.269439098249405 0.122259272262587 -0.655080358335631 -0.608647909620428
0.275418541204907 -0.0491659243463451 -0.754036319605718 0.087015374755971
0.0708425436381008 -0.106294188026245 -0.341575685136068 0.510443095495749
-0.0746984734033155 -0.139650591345169 -0.056131338722827 0.416950282131778
-0.11743454598727 -0.129409726107546 0.0405009793913131 0.0535451520120339
-0.129004657461242 -0.0393705522045096 0.0655459342561653 0.0692841513700603
-0.0976178037088317 -0.0516709215061179 -0.154958721716506 -0.0907280722888031
-0.0842050143256011 -0.0812675239103654 -0.176831764537701 -0.252215880006228
0.033585361354338 -0.121548899897477 0.181402963582879 -0.421536206050046
0.172019932771597 -0.0511144429749994 0.680372112031673 -0.342546951649276
0.179279778778862 0.0740730484969535 0.801164319517681 0.198048598111033
0.100659346488142 0.187417219049303 0.378751449093748 0.545303269270813
-0.0199595259914795 0.220364973389786 0.0696667177413591 0.335711884942734
-0.048354336831203 0.217726055817494 0.0808430856735343 -0.18047497659518
0.0313586452342531 0.207827421712829 -0.00999745345616891 -0.686752953458133
0.181121550157306 0.122665934931871 -0.555898549499463 -0.714858195754956
0.214556274659225 -0.0234427902765423 -0.790328364238634 -0.0367391658659266
0.0656496054528837 -0.0953839582559863 -0.426258761806233 0.510731914705365
-0.0444405860132823 -0.115997936731937 -0.0986272428563204 0.470951183755502
-0.0797299660949029 -0.102806220912441 0.0513377091150613 0.100453416387767
-0.0575495983816684 -0.0105013850465294 0.0710319904180501 0.0862352607947581
-0.0280830020192778 -0.0201620062175538 -0.153154782921463 -0.0811475252476169
-0.0377921243251832 -0.0741373937512826 -0.210861548278539 -0.227847827549844
0.00233904856616895 -0.0910066469822652 0.149383780317274 -0.40741406681628
0.0758104759761182 -0.0137115562731779 0.666735088750856 -0.364594312617984
0.0740416624714475 0.059331990129361 0.836386421045602 0.174073039991539
0.0327545443370101 0.091513422349816 0.42401706669107 0.581760493173066
-0.0194271551853433 0.0919253764062552 0.0660381851832149 0.398447339664968
-0.0226793920845699 0.0779456309307291 0.0638796208613399 -0.119507551943269
0.00780488218780739 0.0897615399155511 0.0124045043583476 -0.643478590609802
0.0880008052852924 0.0676329432048397 -0.520119392181976 -0.730576807738815
0.109387114075057 -0.0200984038389682 -0.804309443822927 -0.0665771319940297
0.0197636383111718 -0.0750758206068415 -0.458353454428617 0.526328263564887
-0.0262311571357605 -0.0750198263124847 -0.111452433584115 0.498805615531779
-0.0336413898083416 -0.0571869067792298 0.0622856122025109 0.123232150415776
0.0205506598763756 0.0193686184868456 0.0644983477655287 0.097787308553696
0.0482024339850423 0.0159706426270637 -0.147423516917146 -0.0854665842383075
0.0207767162288765 -0.0569334127555891 -0.206984252031424 -0.24383899315401
-0.0165093334179259 -0.0508729844356407 0.173898082469803 -0.413653796422274
-0.0197787344995716 0.0307430346785611 0.686890838643076 -0.338487828864612
-0.0435218128436628 0.0431242730865913 0.838204398772407 0.213545220396716
-0.0457490574422727 -0.0182211218717354 0.406865138072038 0.616693125121995
-0.0177054649565708 -0.0482391144979176 0.063935245516876 0.401978987670527
0.0100250205694652 -0.0706924871266796 0.0549410693612863 -0.120800583670473
-0.00870820124920028 -0.0392397958546144 -0.0295164955317053 -0.62862089381508
-0.0120963325134997 -0.000200678169564887 -0.554750521302869 -0.672345037082154
-0.015984745794387 -0.0232336124705903 -0.804162542176228 0.00797384093530584
-0.0428636307101551 -0.0469209418139797 -0.430549851788942 0.565940785830338
-0.0112494836290678 -0.0224301827039253 -0.0872620760061317 0.497720548769641
0.0172188950437014 -0.0030894451175495 0.0710249716512694 0.117588212292383
0.0907049415558892 0.048052404524221 0.0452923579797703 0.0984785759586539
0.109169843984688 0.0507022136779489 -0.1351194130784 -0.103655115830712
0.058664042721276 -0.0276849432303877 -0.158207274343243 -0.294994646484346
-0.05075653474655 -1.83700951671883E-05 0.252739618296748 -0.43079878366621
-0.114755266087139 0.064284181317775 0.737018622136518 -0.26280303677191
-0.148871827567127 0.00229117240424336 0.796465764889888 0.312905260393582
-0.102400287813166 -0.136314834132941 0.339265587147794 0.636198328589561
-0.0141437029175338 -0.17826681955505 0.064253618218778 0.343119521951494
0.0156367315870141 -0.200290525031084 0.0465307650517209 -0.182490991714237
-0.056399720813543 -0.139671201039644 -0.133215243798778 -0.625059057612361
-0.123064722245972 -0.037337672641475 -0.649391361848277 -0.530147745084653
-0.132793396216501 -0.0105460384456045 -0.770705148497318 0.17607382849442
-0.0876548393271421 -0.0122938975939293 -0.342593903875816 0.608860840461828
0.0169002978638739 0.0319229402062218 -0.0290644430652058 0.45344457177337
0.0700394354920622 0.0497767410139177 0.0763987617830856 0.0817804203503825
0.138508166498448 0.0764737398791568 0.0189767731624628 0.0854427248777429
0.138471940172485 0.0832005625681927 -0.112907989795773 -0.140273671980234
0.0564795232187782 0.0118316016421393 -0.0690133942548664 -0.370824623476301
-0.114895784146581 0.0487841835875453 0.375112736946085 -0.428141288966307
-0.205603313145717 0.0665184492945121 0.787183424726257 -0.116952336201836
-0.218326515112487 -0.0736843057403479 0.702019105449152 0.452364941407741
-0.115817679216563 -0.250679904356968 0.228023853453427 0.626750178796152
-0.01046215368462 -0.279546625596463 0.0660622261763868 0.233125411976254
-0.020429544832401 -0.285253113667517 0.0163208432291204 -0.283380857781066
-0.137682459577064 -0.180890238463243 -0.288535044809339 -0.597407517211409
-0.225261153163513 -0.0230711516216873 -0.747223569772034 -0.311660050422996
-0.204485820290668 0.02398534484442 -0.685914112067465 0.367808929557923
-0.0890739687717141 0.0244480498784174 -0.213103559974519 0.612942538944333
0.062907046621833 0.0769346065320125 0.0437732753040223 0.373089973442586
0.119776976130298 0.0898898951803366 0.0751503705349507 0.0282256357669769
0.157473994816318 0.100236896054969 -0.00586841603210363 0.053494375557796
0.13231324475229 0.108236928092876 -0.0768906410560543 -0.199967275948257
0.0159179005016006 0.0507882274875169 0.0541769354598169 -0.451838562370185
-0.191557742324982 0.0739263211850945 0.510889929949788 -0.377766521998056
-0.265918495512288 0.02665359452148 0.806503515642032 0.0903180340849848
-0.230381013843666 -0.169601627323607 0.558469666597519 0.592608560212287
-0.0819961907051734 -0.336393619095266 0.107079532286819 0.5723093552075
-0.00702425185261491 -0.334475757982384 0.068933618649464 0.090573210760681
-0.0781940812118427 -0.315432122007585 -0.051664820494356 -0.392717211931138
-0.213356377240297 -0.164950238835237 -0.465076774142213 -0.526839122490103
-0.279555164963281 0.0201630470756927 -0.807489767212305 -0.0710738742398716
-0.210463924118263 0.0569143928621693 -0.557804112076815 0.509071851219097
-0.0462956135653938 0.0508494591262839 -0.0745486460991742 0.555431022110313
0.114086808478539 0.106413286177262 0.110167391462573 0.26753456524556
0.157789630895824 0.111887288060083 0.0637831294027032 -0.0299136988255122
-0.186736026754561 -0.0725067145742095 0.0200302267861232 0.015880940755132
-0.142832088378262 -0.083472132172202 -0.124673885647659 -0.169098321733578
-0.0544353791020153 -0.0859177192038193 -0.021620641204009 -0.407857730157709
0.17908142300585 -0.150084515287646 0.343251059784688 -0.46276363762926
0.334020613808654 -0.054093437387245 0.734165529354479 -0.156537902772938
0.269902144598589 0.158368068628888 0.614361837577186 0.376542200894758
0.118382832354494 0.322558361995963 0.192949455343977 0.441149117761319
-0.0110012810494774 0.361588331406468 0.0847026141761368 0.078001308799602
0.0164508326418829 0.360409392337945 0.0463395972242293 -0.432968060627813
0.179523075489876 0.258703957754356 -0.287226319141585 -0.733262665566559
0.322222814512959 0.0598047097523785 -0.762637922727549 -0.396271006650287
0.265456555045217 -0.0881561061150949 -0.66556769942808 0.260196625467602
0.0290810507188979 -0.101683244162806 -0.210866068719854 0.498554065293366
-0.113501477293518 -0.135998487174028 0.0116070621611519 0.338582473542109
-0.142397746333031 -0.129978788489866 0.0282490697377206 -0.00406600504532426
-0.172178231644109 -0.0566320279305779 0.0440897656177462 0.0446285689624732
-0.139555169543047 -0.070931068279334 -0.148498665443018 -0.113891641100373
-0.0931939577864293 -0.0824308445924099 -0.113920783765373 -0.313252976813577
0.0931846274758038 -0.142410792583497 0.244723231009119 -0.448302731419907
0.264320346387418 -0.0726936579735582 0.700693228443469 -0.282954969316526
0.252335241494034 0.103348697509309 0.723454980005526 0.266365155602268
0.135128451347583 0.264825968454079 0.298314208487942 0.493750384131971
-0.0138938559010385 0.31252797267751 0.0786555288135589 0.219730247584431
-0.0324890737679691 0.318631026048004 0.0814108496748814 -0.294529543742745
0.0963418750980241 0.270125646115477 -0.120483106512056 -0.726969191247084
0.268762207839004 0.117210340754705 -0.656200055374982 -0.591780619937446
0.271810590155787 -0.0528146796063814 -0.744399293291592 0.0958091977617021
0.0684777700625487 -0.106874817516146 -0.331931350761602 0.512184392543987
-0.0762123828444658 -0.138276534226342 -0.0507055486889944 0.41427747170485
-0.118137989833196 -0.126923580259672 0.0408467013357194 0.0522522140236049
-0.128618578322213 -0.0371611205208122 0.0641839794452009 0.0674217190554026
-0.0969028097101519 -0.0495057205610067 -0.154613060629797 -0.0878696955607104
-0.0848710782933264 -0.0784910090097552 -0.178602059201435 -0.247506136294413
0.0302527222535387 -0.120202528659444 0.172844689298595 -0.420646506784234
0.170358149956894 -0.0537691536587245 0.667170510380405 -0.347778407613228
0.178900875992448 0.0712911176400249 0.795992065043143 0.18528615959869
0.101650876442219 0.18370649344247 0.382063162460904 0.535378848992448
-0.0165432423353421 0.217501217847033 0.073383730045373 0.331374504297111
-0.0456734312248297 0.216849744287108 0.0781558977825752 -0.178772356164803
0.0342693680333662 0.20533429970317 -0.0183156781904591 -0.679623145157264
0.180739983503416 0.118234166832527 -0.558611307419398 -0.697745056548058
0.212356139265123 -0.0263829989679998 -0.780104285017876 -0.0244106439396975
0.0639660353717534 -0.0952521608358041 -0.415309680806924 0.512589683410488
-0.045013024349297 -0.115114335159932 -0.0911306410284748 0.468775365513445
-0.0799708193954616 -0.10039809715745 0.0529547346054138 0.0982174724608971
-0.0577640175499585 -0.00928086787391086 0.0711477530970854 0.0840001089614084
-0.0278902980049448 -0.019223504215773 -0.153168871785653 -0.0772874789896232
-0.0387152283994781 -0.0718922292951474 -0.211830218045294 -0.22280271663704
0.000325658542922672 -0.0910036349463062 0.141755534949574 -0.407061925397854
0.0754926762577682 -0.014895657900578 0.653678214336236 -0.371582471729347
0.0736218929427478 0.057831038101675 0.831044711074462 0.159951468492838
0.0322889487401324 0.090123654491717 0.427710078493004 0.569656593687709
-0.0178107461390348 0.0912102043393893 0.0703316883914097 0.392989956918996
-0.0224617982604845 0.0779059783797589 0.0617542958085003 -0.118134364221893
0.0084340097544927 0.0888219262765882 0.00372389439987792 -0.637328304756613
0.0883677867545337 0.0662305786574822 -0.524973350046003 -0.716850201854286
0.108140684355867 -0.0218793039761988 -0.796893045348278 -0.0545459496114567
0.0184380141017633 -0.0741300614763439 -0.446848321192736 0.525781290909029
-0.0268992090471563 -0.0739395433288537 -0.102392076020928 0.49670011832446
-0.0344392161212803 -0.0565467356979613 0.0639726327049036 0.12125561724794
0.019033667323308 0.0187716637248555 0.0642937988183976 0.095794969226813
0.0481532436906338 0.0145071307767493 -0.146372061328925 -0.082375169092279
0.0194071883138659 -0.0559674955554005 -0.207461075834223 -0.238233318342381
-0.016845501401778 -0.0497091951844124 0.165376922762338 -0.412711204694721
-0.0175054442672261 0.0307886356882706 0.673845301590743 -0.345506775894299
-0.0421616370698659 0.0433392323900711 0.832276187797447 0.200376392297959
-0.0457842064649763 -0.017720569171564 0.411402212751478 0.603273765088703
-0.0178576662892042 -0.0473293816009592 0.0682362147475211 0.39612289511477
0.0083576200898569 -0.0703882654479324 0.0534194843824373 -0.120068848019543
-0.00952505111575867 -0.0384474882093191 -0.0376983163613346 -0.620630678105628
-0.011608539788283 -0.000540686754348377 -0.559344937578877 -0.656187573865452
-0.0164489421011918 -0.023220148620081 -0.794518208142493 0.020981094906702
-0.0429954925365864 -0.0460820492318944 -0.418653670087021 0.566648530080242
-0.0109856920585131 -0.0218257146952777 -0.0770888213153213 0.493879359875796
0.0168082979701279 -0.00386790478401939 0.072616732922227 0.116174016605626
0.0892719016394764 0.0458493752040103 0.0448138718957505 0.0969698940044355
0.108904945156652 0.0495963166099805 -0.135032126355907 -0.100138638336748
0.0571412584834405 -0.0269776524430048 -0.160725236779846 -0.288983038976471
-0.0507642047212113 0.0013692790443486 0.243666384293095 -0.430394980969975
-0.112401797058011 0.0650972229025589 0.723334749256207 -0.269570599676812
-0.147247222931717 0.00479644309803554 0.791787460971019 0.299213633338433
-0.104050857267971 -0.132584271544674 0.344986797414462 0.625667673565273
-0.0161769748121222 -0.176348982749938 0.0672908454157731 0.338458037113424
0.0112581465824231 -0.197829933359965 0.0436373247666549 -0.180830823143168
-0.0574762272201204 -0.137093322146635 -0.143067416610797 -0.6167073712719
-0.12242921514441 -0.0349438719236491 -0.64897823110866 -0.51265712509206
-0.131043364194518 -0.00871217245678449 -0.760228552157248 0.18577695628967
-0.0865987021753077 -0.0103292017491972 -0.329401427723936 0.607238152118023
0.0180395881296396 0.0316002662099719 -0.0211156567778057 0.449824081766151
0.0695187042426158 0.0470790888562505 0.0773806868392422 0.0801620889055371
0.136937275123096 0.0735776555858593 0.019746792451717 0.0836683210189628
0.138153521306406 0.0816074044116788 -0.114459567764552 -0.137222450811289
0.0558939678879504 0.0116305971127595 -0.0738811208896264 -0.365696298074598
-0.11246912323116 0.0500600434490822 0.364380537722756 -0.43098360397889
-0.20170749391334 0.068076767774335 0.776438218551349 -0.128967442228564
-0.217464082148065 -0.0689506184442808 0.701219587627535 0.43936511122044
-0.118726526583864 -0.246282145651099 0.232825556562855 0.616842752098949
-0.0148484715657501 -0.275748924263219 0.0678542491038957 0.229059032816451
-0.0253716050647406 -0.282300044058001 0.012202381579471 -0.280068870406854
-0.138657403823298 -0.177962360243085 -0.293362985895613 -0.587539057852373
-0.222590009965321 -0.0199951494112811 -0.74390611019041 -0.298105610521749
-0.202108476468731 0.0271004114181796 -0.673379850268445 0.373598503459456
-0.087232539636321 0.0260797405314986 -0.202575653128504 0.610252992834528
0.0635111589982286 0.074715050948326 0.0480481376797199 0.367868017353599
0.119909765031626 0.0862368203065596 0.0745480285859987 0.0274596507371579
0.157171317488844 0.0956840356254959 -0.00606344538469613 0.0528692390329832
0.132733545749983 0.106413393116858 -0.0791486749872407 -0.196385148383961
0.0161128743088601 0.0512243107815643 0.0466193914070178 -0.448058142446231
-0.187321462307671 0.0757223472648415 0.499793301907628 -0.383066198133049
-0.261268554067854 0.0302851556869084 0.799246027707815 0.0755973079363004
-0.231366363294737 -0.164019772906452 0.561486038650953 0.580647606520094
-0.0869023646929498 -0.331925798186016 0.113204308720685 0.564435773009776
-0.0118139972896053 -0.330853423051938 0.0683708208844423 0.0884215905222115
-0.0816245423068515 -0.310797797822473 -0.0572894843894385 -0.387247921961099
-0.21331091796179 -0.160198286573495 -0.468467404930489 -0.51531137722885
-0.276030184340306 0.023957614362727 -0.800883764386053 -0.0561616883566979
-0.206389975953449 0.0599781272231183 -0.543563242371029 0.512240179478597
-0.0448665736045639 0.0514335400929785 -0.0645130020931247 0.551136030970981
0.115006013006776 0.10377518085739 0.113200272108047 0.263870415933547
0.157481392587044 0.107301251590303 0.0627863015684967 -0.0297857315912008
-0.186005308848569 -0.0688993585928738 0.0195106040713026 0.0134445818480914
-0.142081284013988 -0.0817374666235271 -0.125182337705482 -0.164966786702765
-0.0539019201015527 -0.0835556068749413 -0.0272574674002906 -0.403545415814804
0.174787210494379 -0.151542755322602 0.333797807199776 -0.460937677208836
0.329624253472854 -0.0588127362183753 0.720932721503641 -0.162678219264839
0.269048790067795 0.153225397203033 0.612344351096287 0.364361606672438
0.120590989870575 0.318684405319333 0.197009125259362 0.432342251935348
-0.00677551167731567 0.35752070921584 0.0835514490068269 0.0746884634477153
0.0200271592312491 0.35482823955381 0.0404383676639205 -0.42670074910419
0.179964242366476 0.253740921341727 -0.292357070012943 -0.721250038938206
0.319249757176068 0.0537943110617644 -0.758685039336228 -0.382496020898227
0.261037019003964 -0.0912151786729493 -0.651865234099613 0.267017458958504
0.0279778527946971 -0.101112285786028 -0.202750131451201 0.498602627663776
-0.113608339977134 -0.13412272750725 0.0149225528093723 0.336203205753555
-0.14315790106286 -0.126999523186551 0.0274461269922953 -0.00417422748751149
-0.170520085158497 -0.0542422138733021 0.04295828634751 0.0437444494492741
-0.137495887685675 -0.0683627465670183 -0.146784256179128 -0.109793684118198
-0.0928460871886904 -0.0797830330230282 -0.117079905153613 -0.308109684648646
0.0897080263338324 -0.142612168818137 0.235300393256661 -0.446428877937385
0.26081822453814 -0.0755234303777321 0.68915995384963 -0.288196896981772
0.250426559936353 0.0997440854850358 0.71903401793068 0.252815490994293
0.136199554584113 0.260178411429296 0.300070180977768 0.484140736724163
-0.00950112365156908 0.309610574659982 0.0800760909122302 0.215265608349737
-0.0283167671788931 0.315593182030922 0.077722756111284 -0.291692624411505
0.0976580653231967 0.265658175899276 -0.124899159164566 -0.717018094117158
0.267613959092821 0.112063845736955 -0.65620196921207 -0.577226790897705
0.268194769367186 -0.0566522524809276 -0.733931692860425 0.106900497825363
0.0662478322257283 -0.106573259741739 -0.321966618670436 0.511360427877294
-0.0765279708588458 -0.136166096515955 -0.0434650447467904 0.410214090565891
-0.11872503918878 -0.124228711715245 0.0416281238388872 0.0515728794440975
-0.128022620576964 -0.0340950987929378 0.0638021635540385 0.0657182677193095
-0.0959686221735501 -0.0478363342020771 -0.153760736802493 -0.0841144608544944
-0.0851022626340736 -0.0764253497127967 -0.179409871913921 -0.242087337751941
0.0284931819560995 -0.11959874259504 0.164445223176391 -0.418102370680926
0.166851491277798 -0.0565041945116081 0.652854323295137 -0.352124204654033
0.176797641579787 0.0687589494741575 0.790042672270808 0.172570769986333
0.102747976541069 0.18082720182212 0.384896165579753 0.521494890440384
-0.0136779379079715 0.215729979689343 0.0765811159777683 0.325376003075703
-0.0427258181161783 0.214899054461256 0.0749875159531696 -0.177327739028775
0.0358718238352031 0.202364052984729 -0.026913500765997 -0.670414915076021
0.180236364035519 0.114732487405343 -0.559106939751389 -0.682590790658208
0.209082777146502 -0.0290532628000463 -0.770213177175901 -0.0146724832981124
0.0615041570166707 -0.0950475517969608 -0.403470760613101 0.510528007956605
-0.0455874420470146 -0.113812250687787 -0.0842828622270381 0.465153927845481
-0.0807403745592269 -0.0993308845735763 0.0545534591369999 0.0972001203065671
-0.0578453862476507 -0.00833893660380994 0.0697892230071256 0.0821850301273727
-0.0265328510748138 -0.0189572412086915 -0.151948363501947 -0.0748942797583267
-0.0391894133774867 -0.070263224151398 -0.211801522146062 -0.217750623555875
-0.000976949721981823 -0.0887644274374015 0.133966256851466 -0.404072617968667
0.0739629654527198 -0.0163113845890688 0.640607173130183 -0.374017612574632
0.0737173863040952 0.0565962582374855 0.823857067916909 0.148378488677556
0.0331219923977382 0.0880321780334909 0.428260856118946 0.556217577664297
-0.0165577838723676 0.0904703146310589 0.0733637082618348 0.386403068474315
-0.0215164330104392 0.0769989909662116 0.0607924533432752 -0.117453204392852
0.00965792027464469 0.0873105739595867 -0.00504075615358226 -0.629733085656579
0.0882891193574536 0.0638913044843944 -0.525748704444241 -0.70194033511836
0.106656227968655 -0.0227717993726397 -0.787382132202572 -0.0423399032608893
0.0174205942902627 -0.07309272745969 -0.433931876656718 0.52597553067647
-0.0269715043194164 -0.0733107967603579 -0.0949575302840356 0.492806187303488
-0.0343170329825599 -0.0564533487762833 0.0653276243391089 0.119978142391493
0.0185237162164698 0.0180561911468159 0.0637911587251765 0.0945020594028498
0.048194187195861 0.0140998637559368 -0.145758768396023 -0.080217475020713
0.0188936066973263 -0.0545978212009172 -0.20743057070454 -0.232853131620262
-0.0177074362128948 -0.0485694254212263 0.157856044245458 -0.410674127989369
-0.0163451878893373 0.0303382626703201 0.661086080521547 -0.349504175441814
-0.0410459581037616 0.0438336368357188 0.823391382264644 0.187404029328461
-0.0465908123843028 -0.0155438482338997 0.414783777721858 0.589640281764213
-0.0181153357098182 -0.0468350780812166 0.0709857177666685 0.389847321974704
0.00700365599448938 -0.0688860033566014 0.0514690839452738 -0.118665257546867
-0.0103625180079677 -0.0384154077651605 -0.0441643829876848 -0.613584074129993
-0.0108935792740472 -0.000135406680709951 -0.561029515069821 -0.642291414980595
-0.0164093140885385 -0.0226174500904679 -0.784961453036193 0.0297930475077434
-0.0436421236617532 -0.0444832008865281 -0.405171359944899 0.564208956203351
-0.0107062917066652 -0.0222029745449728 -0.0711994550881105 0.488824122035555
0.0163257390480009 -0.00426490495033707 0.073127181726158 0.113875994464889
0.0877462560183174 0.0441218490389648 0.0456010857078397 0.09507520199648
0.109063058058422 0.0478621739906809 -0.134912320602211 -0.0979683622899055
0.0566212630060201 -0.0272809852042862 -0.162505252886725 -0.283963450024827
-0.0499781585858437 0.00268597255728358 0.235582433654191 -0.430016419416424
-0.109172783469387 0.0656273125053325 0.71244577457487 -0.273906623624701
-0.145840028106165 0.00710746717168762 0.785012979560396 0.285818116966088
-0.10433902028447 -0.130943575955442 0.347602566914708 0.61310019171018
-0.0183923554233014 -0.173757915789609 0.0702816915326273 0.333030841941894
0.00839619737659326 -0.195389888033208 0.041820064354728 -0.178959368848783
-0.0592754664322274 -0.134611565164206 -0.146802347658067 -0.6065211304947
-0.121627510801754 -0.0339117003431276 -0.645610550688206 -0.498914311138312
-0.129837384041808 -0.00756928664711274 -0.747369825545304 0.194434494539826
-0.0858163211973124 -0.00824546713511333 -0.317869026776172 0.604337407083421
0.0181077702201175 0.0308488314783904 -0.0157258270670646 0.445396223975399
0.0690829492149267 0.0453901547863651 0.0779398056576144 0.0795876763211809
0.134798388008886 0.0706663052946353 0.0202088474142279 0.0825976273756589
0.138391719216256 0.0790994979928211 -0.113722104788925 -0.134170659582635
0.054944260628796 0.0109754136693971 -0.0780793673925024 -0.360843057470551
-0.110906087005388 0.0512766140536913 0.354051233167422 -0.431045310081523
-0.198269341049006 0.0696706550254245 0.765574281686648 -0.138352018059721
-0.216428126311376 -0.0658716131839501 0.697692242195155 0.42532024730331
-0.120889794790148 -0.242204496758354 0.237123521435376 0.60574302532317
-0.0173285098978727 -0.271900680982773 0.0696316118018407 0.22583077168862
-0.028636017583424 -0.278189477032609 0.00876582935986293 -0.275874455928342
-0.138921495035346 -0.174059674653226 -0.29700335809683 -0.576518082483952
-0.219463169148855 -0.0165925689199949 -0.739319646381662 -0.285062249622641
-0.199227383123403 0.0291887331292847 -0.659969581371761 0.379104768891928
-0.0857112471600791 0.0277095223184707 -0.190267151118847 0.604932324696753
0.0641426671864458 0.0731832869230265 0.0528805094530167 0.364668283304579
0.119203955281289 0.0824376779049629 0.0742647816993584 0.0272063585781872
0.155349855137807 0.0924181288003504 -0.0052930630215909 0.0521146963882981
0.133136024733607 0.104176943818597 -0.0802648345470672 -0.193113857542147
0.0166414964380669 0.0513660202425417 0.0395244338480569 -0.443180432810514
-0.184764792276377 0.0780335103170449 0.488148442105679 -0.386766750661567
-0.257984038857158 0.0323997783650408 0.788301661869744 0.0649695507362726
-0.230706106699636 -0.159842084329081 0.559290039653471 0.565434079961631
-0.089759808560623 -0.327045719035362 0.11915767017965 0.556729420630922
-0.0158691188328738 -0.327021490512923 0.0682355457210129 0.0857452463892373
-0.0866452360222619 -0.30531378884749 -0.0603661440126551 -0.38085888566361
-0.213773827838256 -0.154759302979717 -0.468155460034655 -0.501978949521699
-0.271420019776469 0.0270529411379368 -0.79106284541881 -0.0458916680925005
-0.202735070521538 0.0620836373524508 -0.529115684741009 0.514603476427551
-0.0436046938678091 0.0526938926024891 -0.0546046605083174 0.545218523211671
0.115197210994918 0.100860524798491 0.11509172903376 0.260402155933869
0.156675285069425 0.10306062155679 0.0621003580013919 -0.0293675388890942
-0.183666314329413 -0.0653682271294284 0.0186449719646025 0.0135817386914998
-0.140726028037423 -0.0802872223410682 -0.124929428046958 -0.161516060478126
-0.0543939263094664 -0.0816897371253487 -0.0314621534325661 -0.398678414543595
0.169454358211035 -0.151157689494739 0.324480102589409 -0.457870333992309
0.325134918629224 -0.0614296200937306 0.711967697558399 -0.169480754157424
0.267418584873954 0.14891955250833 0.608255836223089 0.353516038967501
0.12128670241306 0.313363747084151 0.198807724181608 0.424234895060881
-0.0030665013410504 0.352464378253691 0.0820234765675745 0.0724952458872611
0.0240730200281018 0.350160547946486 0.035824536394672 -0.422457513594635
0.178543615486066 0.248611182835079 -0.294767306863434 -0.706254088870661
0.31555379913743 0.0499474073502597 -0.751406047459592 -0.370938552375139
0.256401558080046 -0.0932174597661835 -0.641006940243873 0.270513342099837
0.0265452218888165 -0.101224573384928 -0.194313340339303 0.493209209888485
-0.113943528706718 -0.132802475836805 0.0175067056425764 0.332376695813276
-0.142049074010457 -0.123534904751979 0.0281967935703748 -0.0042008397725248
-0.16906807400538 -0.0511858472656015 0.0430843691577027 0.0424798129585415
-0.136213098103776 -0.0673634906366258 -0.146625200673236 -0.107285972351731
-0.0925674437294172 -0.0777196223186761 -0.118727969613295 -0.303222299463346
0.0867427880931977 -0.141335096931104 0.227165408463585 -0.443560441936485
0.256491998163499 -0.0778921973701456 0.67606946342209 -0.292017728159739
0.249133210906212 0.095673121048761 0.712678130429765 0.242312037461823
0.136402967851512 0.255644070320824 0.301166724860365 0.474563842737893
-0.00664212912837751 0.305087476941011 0.0807664548451301 0.210979487105806
-0.0257487300209254 0.311179411992435 0.0737721558515736 -0.288450752495494
0.0992067140537466 0.261518406820425 -0.130556959555838 -0.705625573448729
0.264302536742683 0.107292368965485 -0.65362726611431 -0.561279664382913
0.263168060519255 -0.0583665255163933 -0.72316153564186 0.113076274718206
0.0638170363535421 -0.106048146638092 -0.31144250083912 0.508248951997198
-0.0771370106678921 -0.134710097033344 -0.0393011137438299 0.406360277265852
-0.118635870305885 -0.122094849621431 0.0420769401358308 0.0509862042093364
-0.126416104318803 -0.0319263512687533 0.0628005650787301 0.0640394906304003
-0.0939318465256704 -0.0470163174316547 -0.151623336263321 -0.0811360189115511
-0.0843041740214859 -0.0742630872328803 -0.17906100969177 -0.237112884163253
0.0261775162434629 -0.117812416161691 0.157263549919174 -0.415578022814733
0.165189162646809 -0.0578230744495393 0.641789306622487 -0.353880431123635
0.175973978819632 0.0662252670027673 0.780115162937869 0.161738653810074
0.101774933048189 0.177639853035145 0.383545633684296 0.511520564445773
-0.0113491650336003 0.212956983188696 0.0781450859853411 0.319546879144873
-0.0414483799249751 0.212322037899877 0.0736364876062186 -0.175619999370647
0.0369630554505526 0.19901832082202 -0.0323076300627981 -0.660346764837746
0.179394690793946 0.110594731494911 -0.558776971307758 -0.667196093909188
0.206162358851248 -0.0309710062769698 -0.759878204141921 -0.00604011540603447
0.0597240246441755 -0.0945238236368618 -0.394271963924215 0.508463849414308
-0.0458011907417904 -0.112964994985157 -0.0788666047826118 0.460296493158073
-0.0807582801067681 -0.0982629601723943 0.0548194287157055 0.095880410132783
-0.0577288798080113 -0.00714604092258978 0.069130035567821 0.079968417640075
-0.0262268510684693 -0.0189914784969492 -0.150139537411631 -0.073006176443742
-0.0397517016085971 -0.0687825453264115 -0.211077894177894 -0.212314811334824
-0.00230507071887688 -0.0879448944515883 0.127529222201545 -0.400871838281583
0.0736115359447212 -0.0171899438476689 0.628193909578871 -0.375739404692223
0.073423424659416 0.0554137370575796 0.814318762131527 0.136183875827258
0.0325612971738749 0.086919880108579 0.429462396006629 0.545094952680925
-0.0153041938430809 0.0893030725820247 0.0752228917024971 0.380864721219964
-0.0210293662103756 0.0765387108648263 0.0597742564562436 -0.116464621155913
0.0100377412268248 0.085767366638256 -0.00979301616612194 -0.621953609631524
0.087795332106291 0.0619425131492425 -0.52523041925218 -0.685556990935365
0.105460802382166 -0.023798731319204 -0.777709701711061 -0.0342770310628146
0.0158228456328571 -0.0726732541976438 -0.42249206368577 0.524618414448377
-0.0271325914545168 -0.0727905487698015 -0.0895657722625285 0.487666922575703
-0.0348340835500236 -0.0562113130024173 0.0653169552944629 0.118117625998429
0.0177504120988329 0.0169601218261939 0.062769961610384 0.0919705814254555
0.0480662469937834 0.0133158149718029 -0.144286032619243 -0.0765349666882549
0.0170264434968544 -0.0537433107803421 -0.206740427636888 -0.227606446364336
-0.0182760950761786 -0.0478492112491807 0.151499338918593 -0.407914626507225
-0.0154391358256011 0.0305457768503649 0.648949301670746 -0.353412300468519
-0.0398266721891323 0.0442162233423944 0.815035606063162 0.176092112668826
-0.0458438348224382 -0.015387725644264 0.414144667348995 0.5776721736455
-0.0180801772655227 -0.0463570922353525 0.0740758757179255 0.38356802709699
0.00566356506525553 -0.0678964801958412 0.0502837543759365 -0.117482986736691
-0.0109894880498885 -0.0377888295400802 -0.04849629582838 -0.60306131854597
-0.0111477016847021 -0.000554705077396101 -0.558793395574072 -0.627196493075196
-0.0168583758348498 -0.0227132346500166 -0.774097501793337 0.0385746384519575
-0.043123811227324 -0.0427584347167932 -0.394639881887281 0.560499938101657
-0.00994553969250822 -0.0216485088875419 -0.0650340254713789 0.483888332394252
0.0165274689584958 -0.00514628511787712 0.0738169397139682 0.112317456797714
0.0857967901154936 0.0427388307078469 0.0455403092878864 0.0935101856342199
0.108159114234137 0.0463018150587585 -0.133816105855539 -0.0941573490776105
0.0556334611200768 -0.0268747990383753 -0.162702630714739 -0.277896691769944
-0.0490333181694624 0.0030564225308985 0.227795577431078 -0.426970060144174
-0.106389996963563 0.0654276959814377 0.699528326583794 -0.279675268256668
-0.143789171598345 0.0079420643155925 0.777134838091333 0.274309028252192
-0.105212370559807 -0.127613118306955 0.348394548546013 0.601049283959385
-0.01961669928137 -0.171649242184436 0.0714340779828276 0.326664372820826
0.00591586823465913 -0.192402406488957 0.0400892518342743 -0.176474645690106
-0.0593511798876109 -0.132593999818249 -0.151367481930912 -0.595942825825157
-0.119245189018528 -0.0318510328074655 -0.642410540942718 -0.48535182765852
-0.128096012137728 -0.00576631294301974 -0.736859234862824 0.199374848197693
-0.0847481209485596 -0.00652950021410565 -0.306477674684794 0.599129586511732
0.0190405619785306 0.0298954245453314 -0.0121325781558664 0.440816904969816
0.0689445146843255 0.0429529373252481 0.0782584472873543 0.0787096098765763
0.13232987886131 0.0685741613103055 0.0200164963843369 0.0816520000109579
0.13771109538014 0.0770808430842761 -0.114035315533139 -0.130775461520568
0.0548972713727891 0.0116002205644368 -0.0797770563612663 -0.355290914164557
-0.108321761454539 0.0523029093320633 0.344765434988156 -0.430746678996196
-0.193648107068499 0.0703985861715913 0.752382891359271 -0.143875092627874
-0.21392017413826 -0.0620995941675996 0.69434066007446 0.411755076711808
-0.122440914458119 -0.237913449497043 0.240348107892937 0.594986730135642
-0.0194757113497104 -0.268675467172888 0.0702078231271449 0.221618259901602
-0.0313552789191685 -0.273738537430173 0.00675565955743414 -0.271507667567962
-0.138621244561319 -0.170583926407551 -0.299127134220613 -0.56636169107846
-0.216923065056973 -0.0137672884757181 -0.73047303571291 -0.274604337570554
-0.195848885433201 0.0301923739786574 -0.646755730322858 0.38175824721527
-0.0840568187606519 0.0285651111058615 -0.180678555459147 0.599362012198432
0.0647995089537598 0.0713796017772029 0.0553965378657794 0.359536523712526
0.118107517222741 0.0794578227984883 0.074204381109626 0.0266788486564179
0.152319256191848 0.0901268585171513 -0.00528275929694957 0.0517315159176073
0.132682362150732 0.102069442898453 -0.0808609133527075 -0.190168215885797
0.0171910960367377 0.050837564098023 0.0357454407747756 -0.437546116593895
-0.180673845038274 0.0790380479210242 0.4778037777855 -0.386412184095774
-0.253820932755964 0.0347665096043733 0.779014033011765 0.0565962331770486
-0.229116752509627 -0.155175486457709 0.558818037019687 0.552600779795729
-0.0922858452824419 -0.321242889653005 0.121574835146843 0.548677071600976
-0.0189856936699969 -0.322179879592829 0.0673667058784053 0.0843041955130465
-0.0879313125633038 -0.29990768035304 -0.0630057581761593 -0.375135457051736
-0.211740392856993 -0.151944171581157 -0.468011499857147 -0.491145303752233
-0.266800724069535 0.0291990318619474 -0.782144556501916 -0.0378241230294669
-0.199882892474037 0.0638045945880338 -0.515514750718687 0.513078380491221
-0.0419318962372219 0.052757289553406 -0.0467895641792019 0.538509655930883
0.114896621790499 0.0980715992649094 0.115882180890624 0.256429572547014
0.155467004032385 0.0995870579835356 0.0609280063170995 -0.0289938862895464
-0.183338079240418 -0.0424715454436126 0.0107979260681957 0.00602080479287012
-0.147827618899117 -0.0587816308605925 -0.153817413822051 -0.144169097013163
-0.0678390889187196 -0.0744046933509901 -0.0932935991846858 -0.393648411187858
0.133422903253441 -0.176501809707992 0.270282751108559 -0.502581719849116
0.304026949173117 -0.115592451857514 0.696877741080131 -0.275493374536545
0.282226771724263 0.105233039960803 0.6666268421379 0.271750652042446
0.160336302866826 0.286697445310307 0.252144762917954 0.415549615810913
0.035937739116561 0.343134448193721 0.0876467004282925 0.0613525854095429
0.0628793767942511 0.339560198537278 -0.0307526215823902 -0.430410805846631
0.202454693024011 0.218692966000873 -0.407043411624067 -0.65251905656431
0.303624293521459 0.01742773469104 -0.798289404280116 -0.246160252921532
0.232222415647724 -0.119260446374675 -0.591939166727092 0.365789148942661
0.0121844800445802 -0.0961678379001726 -0.113745535680647 0.51287733685199
-0.128878040197953 -0.110508656397206 0.0737438720085921 0.320278933240703
-0.153616407520304 -0.106745142884854 0.0288806254566304 -0.00835176102725782
-0.166545282662098 -0.030256021444408 0.0395925463633224 0.030923328003271
-0.141536301380239 -0.0465126368758633 -0.165960906917541 -0.0862198726715182
-0.103000448762778 -0.0631141425195956 -0.16676234070493 -0.287539569551438
0.0553953381450331 -0.15372487158797 0.169101565077971 -0.47827815385566
0.234106672253565 -0.122738734703084 0.640866605533006 -0.392719567901699
0.256700145022439 0.0551761707428568 0.753193269773503 0.145740381828914
0.169120592566121 0.227684566868896 0.36437013088027 0.448694494065133
0.02857663008211 0.298082487040029 0.104292887761486 0.198179881779716
0.00930383268528809 0.307562842987332 0.0287554731537582 -0.30299413746662
0.125219668806225 0.241015509810818 -0.246205122859959 -0.677816213110867
0.260978492215684 0.0765472259912793 -0.730284980629314 -0.453056834393177
0.24294845582171 -0.089106273134541 -0.696569376154549 0.221120387830893
0.0467539792010518 -0.10504554426148 -0.226557439059481 0.547315816441036
-0.0936319560283987 -0.116455596157132 0.0282325630196087 0.402568954559621
-0.129185259008872 -0.107250870257702 0.0494648628599826 0.0435738695584915
-0.123205292624345 -0.0165041906954096 0.064319002994689 0.0503336668208471
-0.0974414630715434 -0.0317134204757973 -0.165995079900083 -0.0594752497011243
-0.0949947311750027 -0.0587765622355107 -0.216511418393708 -0.213498116620589
0.00152809675603537 -0.122493877003038 0.101537748399789 -0.439571337290195
0.147359732412623 -0.0917441082759872 0.589810538479739 -0.44783701608603
0.181057170307069 0.0335937011743429 0.80774464568955 0.0540309425543928
0.1259225450664 0.156355608220326 0.452533978798146 0.470982876692776
0.0143702685131473 0.208867649178628 0.117442731065909 0.305373507821332
-0.0157813334972757 0.212024982435147 0.0462033724582569 -0.189868560252252
0.0574822858731364 0.187374791759686 -0.137063032236742 -0.651227036384939
0.178249571089731 0.0870330911313205 -0.655712810701715 -0.569965795638271
0.18832539567595 -0.0558426090223808 -0.749631493317921 0.110734577647322
0.0437758437430441 -0.0941633648658189 -0.305702045938409 0.561010234188394
-0.0613369945540004 -0.098113446231134 -0.00183578767297941 0.461562051717489
-0.0894924160214466 -0.0868387946325389 0.0677140098761727 0.0860445737020077
-0.054658982709679 -0.000261684620584927 0.0765974741767352 0.0659773468930724
-0.0289168983901338 -0.0124627133520423 -0.159981111099696 -0.0483588590089886
-0.0514821154598053 -0.0582400344924414 -0.240126733798126 -0.183069423282233
-0.0217432150926505 -0.0890070583414882 0.070360110722887 -0.421308071324287
0.065231962321133 -0.0408458701470713 0.569347208486296 -0.464109005683016
0.0797030212391892 0.0347872923158866 0.830367269925098 0.0232503501074843
0.0481764820286896 0.0766358858881548 0.500474147542639 0.491271684866061
-0.00237753697755427 0.0895123069287567 0.125967941195782 0.365003385118861
-0.0123812996018827 0.0770156280080656 0.0427399665237479 -0.125422078338151
0.0169583055106111 0.0797569274455449 -0.106429431213104 -0.61290626476128
0.0841886217877103 0.0483072448622009 -0.624627730749215 -0.595146152141917
0.0898319472167654 -0.0381182013519211 -0.767552591308757 0.0847072585424295
0.0035642262396607 -0.0678436438910181 -0.332716335893183 0.578698671969848
-0.0381713303173369 -0.0608951566014792 -0.00931973314195076 0.489795710999199
-0.03940530245625 -0.0509734755951525 0.0803424522490311 0.106572273387194
0.020784510068213 0.0159541856558309 0.075490579551333 0.0796231049050844
0.0465557006825792 0.00886285675296453 -0.152573857069337 -0.0526655281463814
0.004853945164743 -0.0511065125804989 -0.235079695555704 -0.195619505032194
-0.0310221027172284 -0.0488869838697706 0.0895457404986722 -0.430221395541262
-0.0146001846218871 0.015057091368546 0.585359118269028 -0.443043395719104
-0.0310145820736985 0.0370708044165512 0.830860453189942 0.0595709768567299
-0.0413851131255609 -0.0117800027812264 0.490051366890803 0.520470236909546
-0.0207208696741105 -0.0419344443970097 0.12527368949303 0.367786509682914
-0.00382550251806471 -0.0676586304220193 0.0342452164876496 -0.122467226435678
-0.0181488942422993 -0.0388009282121203 -0.139665354532147 -0.589870236476607
-0.0182401409142547 -0.001783579158281 -0.646543073846562 -0.530961439363831
-0.029029471954185 -0.0214444641728883 -0.750807610526195 0.155377975857269
-0.0507601828248751 -0.0321070824325532 -0.299714979147763 0.609397809291799
-0.0152047673295281 -0.0139953420977314 0.0127109624361731 0.481728828311523
0.0168717539086444 -0.00608508644093216 0.08776429335319 0.100543203796645
0.0882886468672069 0.032974567931013 0.0616935728209675 0.0859421427315167
0.108034112894275 0.032611094346575 -0.141734065115528 -0.0702537395843828
0.0430766484964905 -0.0310469923897787 -0.197073918185764 -0.249912733354398
-0.0533297752076916 0.00215847845080148 0.157967034902784 -0.458171772203197
-0.0952925702436531 0.0597844213634058 0.640008374608278 -0.377257135880838
-0.134788491416331 0.0147112241187172 0.803732300108036 0.161906722313356
-0.111468957486166 -0.11239194540017 0.426695228639939 0.547041805623556
-0.0354191140378451 -0.164192258370351 0.115972481898361 0.311075085745925
-0.0185560912330332 -0.189767955321212 0.0166352379637961 -0.178339991029584
-0.0784574106251069 -0.12588247341789 -0.23671124909574 -0.567441152462827
-0.126132644526579 -0.0202028473956957 -0.707544141580285 -0.381397803808443
-0.136336289548747 0.0113198007846498 -0.687127622472735 0.305286397590867
-0.0861677236409895 0.00726278211136123 -0.209619941085534 0.633042059754276
0.0213171064494616 0.0327217109281773 0.0562779563008322 0.430197440194444
0.0735010135839531 0.0352657771816864 0.0860982650380207 0.0674945901833986
0.135485037276747 0.0522741466500722 0.0380518258672916 0.0793164864273715
0.139156662564868 0.058698641138584 -0.127858962630357 -0.107123436670548
0.0466522860031109 0.00383549157447705 -0.128715643280506 -0.335457763753076
-0.10279331212793 0.054919249973587 0.268718615833541 -0.477670294810798
-0.174780612681239 0.0756217414637648 0.706939790938722 -0.251918389073983
-0.210495313596768 -0.04473607616439 0.736708673534695 0.307309582200635
-0.142887844873025 -0.215786707590278 0.3187403195604 0.550625870652306
-0.0465381640411578 -0.2595215188248 0.101207770505803 0.206857609022228
-0.0662399450680973 -0.264980975212734 -0.028595267973165 -0.26627688707906
-0.161776770234553 -0.151930776653198 -0.376047138326681 -0.516464985083108
-0.219516714056326 0.00781815756401295 -0.76324104005512 -0.156951058139657
-0.197407696871585 0.0569305868377907 -0.571206704809815 0.470004597964464
-0.0801689904610052 0.0419528639907016 -0.0863554421180742 0.613859887958981
0.072124563153337 0.0663611993636984 0.107225010485854 0.341480691131611
0.126445687471165 0.0645459817273991 0.0748202880419835 0.0180426907130275
0.155875452299296 0.0714853676402284 0.00986521256911536 0.0557106554074754
0.137607918944062 0.0826406702625471 -0.105004423367191 -0.169525851039413
0.0160343198379896 0.0433063911971346 -0.0307130449433288 -0.431339013810702
-0.165694794729871 0.0865251551784982 0.401541934532562 -0.455416077633007
-0.232714848707424 0.0480047636026957 0.758439786924709 -0.0624856970325201
-0.2339019048433 -0.13152688254414 0.623017968466275 0.461477443493962
-0.124860386443234 -0.29827025907937 0.199535028982712 0.516072120023433
-0.0516683254563555 -0.311644280270247 0.0803934284412133 0.0717215290464699
-0.12540747892271 -0.283160444877576 -0.111764694422174 -0.358217164180035
-0.231564593261359 -0.124166324580796 -0.531723565797659 -0.418289322341332
-0.263395675605311 0.0578531350561329 -0.775644141932443 0.083236922260141
-0.195844209348485 0.091423827876728 -0.423564847908453 0.578831386448046
-0.0361118556762337 0.0610308281282888 0.0344365903684584 0.535215508967398
0.124446245428055 0.0849372244179189 0.149170643100713 0.232307451156938
0.165115940364894 0.0794753231718798 0.0550172742534698 -0.033633042582734
-0.181654656864376 -0.0401310342872879 0.00944138499336308 0.00502022809450015
-0.146006968268433 -0.0583183978532036 -0.151892647951266 -0.140822985456278
-0.0679176079134341 -0.0724459789624936 -0.0932043827560915 -0.388095502607674
0.130742851494469 -0.174419797783208 0.264233748299634 -0.497885458013124
0.299428257166312 -0.115501869557167 0.686804274566486 -0.273703891742237
0.279326918586581 0.103073173672193 0.659138523650663 0.266229079599727
0.158954089470627 0.283059345653007 0.250905175026711 0.408785828169665
0.0370491617185529 0.338344932518631 0.08663065112366 0.0602962131480642
0.0621136706780815 0.334183692189672 -0.0308678334900792 -0.424232677669135
0.199447403278237 0.215817145430029 -0.403795089888779 -0.642553751138231
0.300436511707758 0.015969959220942 -0.787733436341382 -0.241639141297697
0.228316050463836 -0.120091874317413 -0.581945500868207 0.363869508373889
0.0121168353414187 -0.0948806933578841 -0.110736044732854 0.508495581953329
-0.127756024800546 -0.108920626009039 0.0742635092320104 0.316942776462544
-0.151681483386806 -0.104745160767926 0.0279031126310745 -0.00823953698061768
-0.164664115465654 -0.028578426663649 0.038387799331993 0.030136737991358
-0.138859321384345 -0.0460702217284313 -0.163547739505015 -0.0853775878277964
-0.101953589572259 -0.0615734889940503 -0.166604761217701 -0.283929486459298
0.0534738614176123 -0.151027789410197 0.164831095977374 -0.472799887526347
0.230386490503223 -0.122924174211358 0.630692413300619 -0.389479630303634
0.253733857433039 0.0524789397374093 0.745291208239159 0.139499285819702
0.166392359259991 0.224121978047046 0.36003037371476 0.44144035285203
0.0292991888124619 0.293791427729954 0.103648589869545 0.194907915299426
0.0109200123287532 0.303004409116205 0.0277999728467327 -0.299198022846359
0.123224061059 0.236039017605546 -0.242830217846751 -0.667542578041226
0.257656568431476 0.0742059965454213 -0.722382311957271 -0.44249890687363
0.238634918183786 -0.0888362565300962 -0.68387542921854 0.222588053462933
0.046077023047971 -0.104751479355931 -0.221629502778392 0.539765150317415
-0.0928554145541653 -0.115319891584275 0.0300188174975285 0.398033582992327
-0.128889744061059 -0.105532210217226 0.0495373203526773 0.0431335873530959
-0.122205529350927 -0.0149194803971172 0.063149851283012 0.0493258359172962
-0.0963658025537242 -0.0312469935193726 -0.163675752288394 -0.0582355922236206
-0.0931681531426895 -0.0577895385764305 -0.214664210514752 -0.209921466439058
-0.000256596978262639 -0.120220397410875 0.0961631241782453 -0.436278634775777
0.145207179866512 -0.0918983561135075 0.580821532286476 -0.44469326487712
0.179004342659257 0.0327749181157128 0.796406510249138 0.0500316860326948
0.124704142590431 0.153125489184432 0.447736753767481 0.461873982508761
0.015006709157776 0.205583388271758 0.117390972977535 0.300767949380692
-0.0155876479495218 0.209422784165853 0.045110897513394 -0.187520175820652
0.0573742723705114 0.184231787787672 -0.138089946678824 -0.640738048610479
0.175557525826999 0.0852396972137386 -0.646000228753237 -0.559864913592371
0.18551262706456 -0.0575047043072773 -0.739256551775866 0.112443547132359
0.0431534999336991 -0.0931357092125698 -0.299915597326019 0.553119755479356
-0.0607279871702975 -0.0970615813455163 0.000182113635248946 0.45580499048891
-0.0888432850884155 -0.0861621301541526 0.0679355921900789 0.0848394237760665
-0.0540168278589034 0.00102518619750417 0.0752676342165105 0.0647938299891823
-0.0283384560374185 -0.0131792299857496 -0.157862665660855 -0.0465940219297102
-0.0506745677672155 -0.0567213734104439 -0.23752111418507 -0.179738216215944
-0.0218220283046992 -0.0877485194859075 0.0662062179458451 -0.416595138982514
0.0641199396525512 -0.0409364954336895 0.557559611677619 -0.461279829317627
0.0792939363167847 0.0338732262905579 0.821310385159038 0.0192200601429006
0.0477451289588734 0.075693722382751 0.495729849156702 0.482762605196901
-0.00206853807029617 0.0883873200872695 0.124437461433306 0.35922796892778
-0.0121279333495437 0.0763409657421793 0.0413368755034372 -0.124126748100352
0.0174390900096711 0.0781502911090868 -0.1074276905469 -0.603865450597413
0.0840266220701278 0.0466717979632088 -0.616739940404253 -0.585407491899359
0.088668144796418 -0.0377792945019812 -0.756890380518247 0.0868187575704425
0.00348783254104675 -0.0667975898760853 -0.325577784555127 0.572979515982238
-0.037670532773726 -0.0609859368929164 -0.00702342485954179 0.483251917262472
-0.0393234404145334 -0.0506322223773682 0.0804826924033335 0.105347085021445
0.0198796456645384 0.0152244417756448 0.0749970061751279 0.0790094307695853
0.0458797465862911 0.00870999719535803 -0.150152930220076 -0.0512544755407535
0.00412138154423403 -0.0501852330786724 -0.232736259647764 -0.192773569738763
-0.0319293115619666 -0.0485555132339784 0.0862815861137425 -0.425203428802293
-0.0140665314930797 0.0142650315377013 0.574914381982793 -0.439975930349046
-0.0311377238508915 0.036428086461614 0.822390356360769 0.0582272318335638
-0.0416420089000092 -0.0104366105804077 0.48473063834434 0.511446257198172
-0.0197331973973589 -0.0417130753053333 0.123870267015352 0.362514007469853
-0.0043904196013665 -0.0662326699998159 0.0333797153615293 -0.121742373023043
-0.0180807867014652 -0.0387200907089014 -0.140167924448654 -0.579683657781457
-0.0175913695582165 -0.00160434806711745 -0.638827016832466 -0.520990553749932
-0.0286098295585965 -0.0211528549403275 -0.741191925643559 0.156149847456894
-0.0499451132534594 -0.0311875127835481 -0.294002671220183 0.602397077601614
-0.0137382705985067 -0.0136446096576976 0.0150847551759138 0.47571186167447
0.0156438124171145 -0.00712146272329966 0.0873926116639504 0.0994193062512734
0.0857891787077686 0.0316185899040137 0.0611439516974728 0.0846504250794683
0.106769836830746 0.0324261697874889 -0.139919150395931 -0.0684327723030991
0.0424571853262596 -0.0296480027109283 -0.196278569768201 -0.245444894351826
-0.0529058441358397 0.00201296786383732 0.153165682826508 -0.453253568473625
-0.0933434634985943 0.0587178735707615 0.628143986521989 -0.374497259950591
-0.13282643055123 0.0156072826600467 0.792486509442351 0.157160338641299
-0.111667807363952 -0.110090559774013 0.421311742394987 0.537891187545412
-0.0355468699483975 -0.161758482178582 0.116019828441093 0.307045049479998
-0.0198471948833054 -0.186205963163029 0.016154667433512 -0.174864082158861
-0.0777798422251047 -0.123968226259311 -0.235179865765806 -0.558414011605475
-0.125277931566224 -0.0193943851069996 -0.699239615727854 -0.372636973168971
-0.134129836026053 0.0104038757339185 -0.67780655277815 0.304616464182097
-0.0849594828145378 0.00822011936691117 -0.202300843431435 0.625626123438295
0.0211137610122503 0.0321364602767653 0.0578089356722223 0.424745677724484
0.0724290931310167 0.0335597105109281 0.0859609040577521 0.0669833545086589
0.13293127641816 0.0506065731874594 0.0379175516822682 0.0782887757310527
0.138355390137659 0.0578183890627231 -0.126818578979552 -0.105012014672328
0.0459959980143779 0.0049242523343301 -0.127887384647768 -0.329046181383159
-0.100132830389738 0.054249732697804 0.260257960397941 -0.473169178601328
-0.171722129199714 0.0744319251632136 0.696853237323269 -0.250832856517311
-0.207872930096895 -0.0431042365468798 0.727864732551412 0.30100301897518
-0.142171579151622 -0.211684491877231 0.317554030980123 0.542511248337693
-0.047032884541758 -0.255338950908929 0.0998266218739594 0.203862712552294
-0.0662692903207321 -0.260802335898349 -0.0279554930635269 -0.262318676748223
-0.159410647478406 -0.15041301150276 -0.373458030481382 -0.506967249812735
-0.215432259141464 0.00849617715974925 -0.75174514155743 -0.151786627208531
-0.194788625172638 0.056680754348502 -0.562364361281449 0.465230092356366
-0.0786855329362159 0.0421414562832053 -0.0821671638472394 0.605964232149962
0.0716933903425359 0.0650456654390969 0.107606261168206 0.337272620936701
0.124432406333672 0.062944920837105 0.0746851687790344 0.0186672377007099
0.152852979822862 0.0697841005279804 0.00921175473029459 0.0544363154841493
0.136511033971519 0.0810023283189184 -0.10388237293466 -0.166885812628002
0.0158687432168826 0.0441252304321967 -0.0324492473660994 -0.424877299014988
-0.162419546827529 0.0876263864946648 0.391982805540486 -0.452758252401518
-0.22924453772987 0.0481223742275216 0.747009652364345 -0.0645722876819515
-0.231156824367493 -0.129108669086596 0.616631583627042 0.452825041676478
-0.125697647794565 -0.293715423421655 0.199505341331398 0.509593931348855
-0.0522989178997146 -0.307671738836456 0.0792647281554376 0.0706395443890448
-0.124778472286219 -0.278000249919611 -0.11093498302546 -0.352351420466487
-0.22926748295282 -0.121814024270604 -0.527675002525974 -0.410244568479403
-0.258535873341582 0.0582457105328606 -0.763590587046111 0.0840919935432044
-0.192827148724925 0.0905971296164748 -0.416936157882373 0.574435844565458
-0.0344666944203093 0.0609876596363326 0.037020255892097 0.526726790651825
0.123455018269409 0.0832280001315439 0.148798545638318 0.229443156990371
0.161882676167868 0.076475661261215 0.0540176554272043 -0.0335945209442247
-0.178475196134785 -0.0385253268352196 0.00920555157318011 0.00479144042341658
-0.143966652557253 -0.0587253393558211 -0.150154560630821 -0.13902890352188
-0.0665086020728106 -0.0715014588656246 -0.0938914165180067 -0.383972974806049
0.128343984821781 -0.171852263420888 0.25726874660865 -0.49248666580331
0.295419940914576 -0.115600531611342 0.675580779048779 -0.269815783164743
0.27667523631264 0.100486634990429 0.652856800559802 0.261838930215924
0.157610783089877 0.278757143466689 0.248078112805384 0.401711157348643
0.0367916697716315 0.333537003693575 0.0845646776880527 0.0587288361642975
0.0616947848645377 0.330212120266805 -0.0301638691032387 -0.418011017065475
0.196396141792883 0.212906110673148 -0.400711272773162 -0.633831170826228
0.296076001248269 0.0145203459952249 -0.777257945517105 -0.235307596908916
0.22491199397743 -0.118806885664134 -0.572651778015136 0.360730647995939
0.0116400429210707 -0.0939716380565228 -0.107972979817555 0.501501722180997
-0.125813668925873 -0.109176467740812 0.0740392080023793 0.313846429952025
-0.150443573937394 -0.103851766443007 0.0286199982649291 -0.00827618979614863
-0.161946093856938 -0.0273249505487828 0.0368310953031646 0.0293824726888084
-0.137474447432217 -0.0464342948922139 -0.161282620182153 -0.083474893558825
-0.100206116761577 -0.0602973793225473 -0.164938771094845 -0.279151846827907
0.0515902415219342 -0.149553887048514 0.16139513885158 -0.465375468485834
0.227673907455015 -0.121846786806752 0.620316602289496 -0.387029125999633
0.250825672360749 0.0511836580698923 0.737236679541837 0.137618263778264
0.164201938232205 0.221175840695918 0.356732517245357 0.434292946100401
0.0294501734657904 0.289190852570263 0.102500427897114 0.191131003387425
0.0110066900426094 0.299764626215565 0.0270803476938701 -0.294786469358457
0.121845694284742 0.234164758916533 -0.239033555735937 -0.657553915489177
0.253968561069057 0.0725890612373444 -0.711885334952025 -0.436682734635898
0.235168483012939 -0.0885516942320081 -0.676010931984528 0.22106453904203
0.0447097333740783 -0.103249979170905 -0.218333395914429 0.535042141632755
-0.0922355784816802 -0.114357844277761 0.0313155280195444 0.393790795778603
-0.12718960710906 -0.104418449499325 0.0492826710685817 0.0422693245171417
-0.120153343772363 -0.0142535165104704 0.0615405859301428 0.0474449144471575
-0.0948236930574249 -0.031644016552892 -0.161028581704636 -0.0566522802001943
-0.092099248909398 -0.0559528766736793 -0.211896418041248 -0.207114125261229
-0.00095721896924001 -0.118653470304815 0.0939111482273191 -0.430051231368161
0.142875280404684 -0.0910319391382855 0.571472890733127 -0.43811522312929
0.177408134951138 0.0315506679544339 0.784920722299777 0.0471186232314707
0.12201229377101 0.151335765211635 0.441640710331543 0.453695758173686
0.015264887181477 0.20229266390093 0.11473834734441 0.295415640811666
-0.0152581387407558 0.206838585769379 0.0452957555223614 -0.185215362672881
0.0562140822998262 0.18129964347261 -0.13741040892485 -0.632369192109616
0.173647670116713 0.0832109273306735 -0.636939342574318 -0.551005169386853
0.184090304786801 -0.0573290845301361 -0.729105285422992 0.111824661406985
0.041379559793725 -0.0915208215845498 -0.294764966002493 0.547783242345407
-0.0602216792323453 -0.0966175039928935 0.00080554545420957 0.451744504919509
-0.0880077567855013 -0.0853207841754244 0.0673501830554519 0.0844103286791443
-0.0539425797637837 0.000838805168547285 0.074114730254916 0.063966459434628
-0.0274329581379278 -0.0136175786461597 -0.155880974682237 -0.0465557450064717
-0.0496753642133657 -0.0554500224473295 -0.2347074595758 -0.177404728774053
-0.0227620325706349 -0.0858296644741891 0.0646774566111215 -0.412142959410202
0.0630383366466872 -0.0414353367538321 0.549319013465964 -0.455981676857911
0.077929649027171 0.0334656068971194 0.810583436138928 0.0176063235347766
0.0461812129741073 0.0750464849693846 0.489320420433064 0.474856908511392
-0.00154452965180863 0.0868446726249365 0.122840820501123 0.353160629391492
-0.0128540289977294 0.0757619460261473 0.0410473698801838 -0.122753646134344
0.0168969294585123 0.0776361399061764 -0.10551349601359 -0.595481280484006
0.0818084097186416 0.0462503731842724 -0.607932974668231 -0.574765337741483
0.0876684432138787 -0.038189064724372 -0.74584821322508 0.0863128104624626
0.00295751174246795 -0.0656960417250822 -0.320736393541676 0.563876491759143
-0.0370887948999704 -0.0606683208979373 -0.00580971706462191 0.477325485861005
-0.0397078649512683 -0.0500997729962499 0.0797612135185799 0.104979974885616
0.0186160517007883 0.0151791916253248 0.0731837022731422 0.0779992960881152
0.0453921310716524 0.00825438167658874 -0.147977787783025 -0.0509254399583779
0.00372661109571486 -0.0488023417014645 -0.229412791485506 -0.190154388046046
-0.0308817319523207 -0.0466273722499103 0.0833573088165228 -0.420840913262008
-0.0134477499646212 0.014132574024963 0.566645712977044 -0.434266791767411
-0.0302543577932894 0.0366195448880565 0.810057291541553 0.0538270475972783
-0.0415914763259036 -0.0110396064306473 0.477542935481762 0.503508721985854
-0.0193813019433005 -0.0405887414926781 0.123115940809384 0.356320678064028
-0.004131316571366 -0.0650439485503433 0.0332390050687474 -0.119693965886067
-0.0178245117097884 -0.0381524685450711 -0.138303997637354 -0.57220103598248
-0.017948207360659 -0.00193852627293623 -0.630867386590351 -0.513106849271044
-0.0286859461534396 -0.0210577113537189 -0.729699822047871 0.156770018888595
-0.0492354006338932 -0.0305224440791836 -0.288504243492394 0.594669939083157
-0.0140079368099462 -0.013991425641797 0.0157723336023177 0.470433041655821
0.0152710356972271 -0.00741418421057249 0.0859493051767918 0.0981493796835124
0.0834496499945544 0.0313948251003875 0.0598283103290601 0.0835596500748168
0.106045494187973 0.0324714776993846 -0.137852374457041 -0.0669035716785348
0.0417344695849258 -0.0286595449892346 -0.193271920470431 -0.241591663950971
-0.0521305679173768 0.00252604299480966 0.150094695341675 -0.4490901343703
-0.091157765570292 0.0578829612834013 0.618765656431687 -0.371445375092496
-0.131483503926679 0.0146576263634447 0.783969455073014 0.154781958005395
-0.111002646041554 -0.107479512504997 0.415809800260556 0.529182468643986
-0.0347884062323121 -0.159609817747673 0.112695617384537 0.301732426788718
-0.0198281824163894 -0.183797103690653 0.0168736340970401 -0.172568405238703
-0.0772701863968476 -0.122346033431565 -0.232466926817305 -0.550787575176576
-0.122773546423379 -0.0197639887716906 -0.690692101352708 -0.366164427677666
-0.132275906461611 0.00929748628554403 -0.668158140925704 0.303846445194299
-0.083317382766887 0.00903367992169462 -0.199645572734978 0.616628237895067
0.0216568980773364 0.031343768211298 0.0573599635745453 0.420068177603976
0.071361395575372 0.0324168213831216 0.0859386789424193 0.0663805514274813
0.129222020415648 0.0503027947407827 0.0376118654807487 0.0770021713423061
0.137707350607187 0.0569474996102201 -0.124635784290402 -0.103894103957505
0.0454942141439573 0.00488430839891361 -0.127310966470157 -0.325847055511506
-0.0989004848734792 0.0542077886563561 0.256319102162284 -0.468848753463388
-0.169376782142577 0.0739698280796774 0.685033453812944 -0.249234001090624
-0.204369228500731 -0.0423149535653924 0.719581011744856 0.295633858270786
-0.140785336139926 -0.208697148963411 0.313224453498887 0.535505974189113
-0.0463565995971014 -0.252343228208205 0.0982116213504297 0.201213113177209
-0.066015069011123 -0.25687230250172 -0.0278835269285292 -0.258464583562107
-0.157894093995998 -0.147847703143742 -0.369160022475103 -0.500569061349746
-0.212363034990504 0.00902841126053372 -0.743051540523521 -0.149115379169875
-0.192435067956572 0.0559037240629578 -0.55488780037876 0.461328344722837
-0.0767878883279156 0.0424950343558012 -0.0786379775290359 0.597673169397594
0.0712514453901516 0.0642189220264987 0.106837248304689 0.333128752850105
0.122787226072017 0.0610788892586924 0.0738677391465108 0.0179272836201115
0.150134293004655 0.0681784836782394 0.00909982025613068 0.0538588021347725
0.135357435314412 0.0801427668292489 -0.102447573899954 -0.165015891397787
0.0154781053964332 0.0435431844157438 -0.0341933092781662 -0.420167899621959
-0.160070784738125 0.0871759786083815 0.38483796698347 -0.448412711393005
-0.224764176709132 0.0478949274290874 0.737955711216895 -0.0658954823954523
-0.228600573098439 -0.12669823844448 0.608336301434385 0.44720716810977
-0.1245296150854 -0.29013164403749 0.197102019768067 0.502754121704528
-0.0517059050427825 -0.303466728960049 0.0784780912761412 0.0689745746357417
-0.12351825005542 -0.27463133903228 -0.109103471925702 -0.347829525824772
-0.225636710826696 -0.120593639568363 -0.520845742551793 -0.404234082316881
-0.254525185706965 0.0578746747607634 -0.753677017743853 0.0847704839448427
-0.189389069420747 0.0903971386374459 -0.407282400463658 0.567643600170099
-0.0333035476795514 0.0604721886937193 0.0388162235912507 0.519232652203548
0.122696368558202 0.0816720097879461 0.146824100923543 0.227982786940034
0.159912199098128 0.0747631047200124 0.0541838003728888 -0.0322505538099596
-0.176018094842326 -0.0376874321601461 0.00820186325177358 0.00464924018637998
-0.141754849495084 -0.0595850801735171 -0.148165870156825 -0.137626985990424
-0.064723471371179 -0.0704605115750144 -0.0925577989969672 -0.379066920890438
0.126521734689836 -0.169406501430237 0.253692233047824 -0.486233515954228
0.290806013214765 -0.114690022852234 0.667833096098234 -0.267118608084071
0.272815462464006 0.0995901203273457 0.644784554459091 0.258850356795185
0.155083293678022 0.276184773414469 0.246169704707419 0.397573515626024
0.0362909727842583 0.329501480177506 0.083541428908472 0.0577463573588226
0.0606294743001654 0.326772292279745 -0.0291959495144694 -0.413486233086097
0.193061637448049 0.210285746986633 -0.393363689401018 -0.625875979890151
0.292572063380178 0.0145252914710195 -0.767707196758602 -0.232886853045193
0.222199832638793 -0.116797244788626 -0.563911168680562 0.355774696883899
0.0115947105659461 -0.0928519426547278 -0.107411825001462 0.497293966158756
-0.124569486134046 -0.108378425276279 0.07299970265308 0.310691072574958
-0.148347708846025 -0.103348853510583 0.0280994471324569 -0.00792731868548117
-0.159993866112165 -0.0265257758642172 0.0359586969186616 0.0286768964680452
-0.134920882124029 -0.0467579125918264 -0.158637340716121 -0.0819628551525145
-0.098997612223979 -0.059423470785056 -0.162623238938273 -0.276212992127432
0.0509671503281152 -0.147424641839104 0.158673085831228 -0.461149982375761
0.224245348467168 -0.121238469244651 0.612365027538363 -0.380872015232079
0.247408387551999 0.051688839475112 0.727678308251228 0.136627943832127
0.16157581818757 0.218966555203097 0.350918859407053 0.427521539222125
0.0287165293920537 0.286457243639926 0.0991728786120694 0.189024778271911
0.00983117744849907 0.296330460886608 0.0279317757560612 -0.290606594300562
0.119695303916944 0.231312069325153 -0.235067151841182 -0.648824817634011
0.250389930754287 0.0716695726676591 -0.702000524290635 -0.431797099241092
0.231899285916761 -0.0874575810213255 -0.666694797598852 0.217185500053229
0.0445752741987183 -0.102089774709346 -0.215281700584071 0.527939088974973
-0.0912591910507735 -0.11416371597043 0.0306582278679284 0.389769962372501
-0.126279344195318 -0.103898821337075 0.0489582875961235 0.042529323531256
-0.118959824531196 -0.0128264666116016 0.0605105545715749 0.04698366452063
-0.0929894362597041 -0.0319809646246646 -0.158527812636351 -0.0558053430333691
-0.0909174923707913 -0.0554982613923835 -0.208976989794492 -0.204727466440447
-0.00112665968924015 -0.116719211502591 0.0926087679738401 -0.42525686036731
0.141488916621305 -0.0904524388588976 0.565422167282992 -0.434019348469079
0.174370388646511 0.0317335986552004 0.777268896336509 0.0483025587903646
0.120505260618355 0.150326947897707 0.437218186483945 0.449892841362801
0.0149064405110796 0.199815055244644 0.112640183774838 0.292394603071873
-0.0156366349458269 0.204545210034081 0.0453006528873475 -0.18260161461916
0.0551194235399804 0.179708904503008 -0.134874246324941 -0.624924746301487
0.171570041708096 0.0822274820689172 -0.6291817011152 -0.544734113976073
0.181031382909461 -0.0555481973581259 -0.718326131446051 0.110027477490272
0.0416105183890492 -0.0907601174030317 -0.291571004875198 0.540485475055569
-0.0592767600494706 -0.0962729784577024 0.000457311617520729 0.44660530948571
-0.0879165255938776 -0.0851863925145451 0.0672039009889103 0.0837418013149951
-0.0534124433621673 0.00158210347158945 0.0711868730752021 0.0629866529853478
-0.0268114486746241 -0.0134251495720202 -0.152713521486282 -0.0457582855575065
-0.0493487119516731 -0.0547338101443803 -0.230813937425536 -0.1758808872713
-0.0223764324951437 -0.0845710448278438 0.063143737120484 -0.407999312435915
0.0626765323881815 -0.0412162170278414 0.542284265538509 -0.450212708332041
0.0776038864693587 0.0330231205862855 0.79916231257932 0.0182481519074104
0.0448581673314613 0.0745845589288993 0.479513698593998 0.469760791669673
-0.00206853285199781 0.0857095125025858 0.120154778774327 0.348470371268881
-0.0126296487413899 0.0749009059327072 0.0411353747356971 -0.121081039902465
0.0158182654614129 0.0768576163634158 -0.10356600274492 -0.587912326604598
0.0813501015053605 0.0453166380241656 -0.599704812344483 -0.568950529050752
0.0863687322214669 -0.0376917074573125 -0.735960052678437 0.0862333285478499
0.00308035430241356 -0.0648109036985743 -0.317558881295719 0.557535983999062
-0.0365362850113667 -0.0602925374042765 -0.00636265447642854 0.472302126635541
-0.0386607705889947 -0.0505873632543672 0.0796493051024658 0.103751538753076
0.0176545110964988 0.0157311972391576 0.0713399362615116 0.0768645512498508
0.0459401265642946 0.00775572987198957 -0.145178141398666 -0.0500569338880244
0.0036383745516784 -0.047916388236974 -0.226093332069678 -0.187585718096731
-0.0309671207863845 -0.0463042240589418 0.0813617176995341 -0.416808921808084
-0.0125746743678026 0.0133545376620821 0.559670130851352 -0.430001863127926
-0.0296362474882276 0.0357859916234852 0.799940600700646 0.0535304109900774
-0.0409973260418709 -0.00986028628582263 0.47043286134206 0.496639988548772
-0.0189733770142902 -0.0405259318818321 0.120147720955171 0.351506697879371
-0.00532549279538613 -0.0635504830267653 0.0337893472522025 -0.118292847428016
-0.0182044890163936 -0.0378759911344586 -0.135762724098596 -0.565831823213212
-0.0171014865899963 -0.00194332093904499 -0.620707320816304 -0.508431199632151
-0.0278112279071609 -0.021080467764883 -0.721321749764004 0.154515615958516
-0.0483479920436805 -0.029744686815326 -0.285453569175361 0.587365290274195
-0.0129146312854577 -0.0139436512718999 0.0147776925079119 0.465249861527309
0.0146418868853054 -0.00767710481678546 0.0853300924208441 0.097916018657616
0.0814725804429781 0.0311555167823626 0.0587642985746462 0.08219264520355
0.105758897307526 0.0314134075340632 -0.1361952028699 -0.0666739811918803
0.0408909342886939 -0.0278912127261991 -0.190337026062671 -0.238971899476682
-0.0507770062332026 0.00277615845294258 0.147681933000679 -0.444423208287684
-0.0902205684743645 0.0571427827627849 0.611719822661335 -0.365810430212605
-0.130073578501175 0.01606172405563 0.775528658441773 0.152920198688426
-0.109798421291065 -0.106580440187886 0.410580172360327 0.523877869238827
-0.0341913674968481 -0.157568681629192 0.111173330553192 0.298352775529708
-0.0196568006582601 -0.181093691828936 0.0168941949021474 -0.169726192784366
-0.0763825370236629 -0.120265500262905 -0.228303895219914 -0.544532863982684
-0.121086231452773 -0.0194229791036456 -0.6809654873675 -0.362443851978736
-0.131401175676336 0.00975726034543144 -0.658466477721695 0.298487116182995
-0.0817074083366544 0.00872860076968031 -0.197208769984772 0.609918257439598
0.0212307992434018 0.0309255562528424 0.0570277792524577 0.415331952867689
0.0700074310968684 0.0311792370243877 0.0845662304966768 0.0665972953028039
0.126970937518457 0.0500993327019625 0.0360604058484581 0.0756771068370673
0.136503557277759 0.0567255503797994 -0.122815869008615 -0.103101860915168
0.0451465582387975 0.005537389326484 -0.125135020505366 -0.321602713493369
-0.0978880014030696 0.053460906238511 0.253247193379834 -0.464440927520568
-0.166792092517409 0.0714913333003439 0.676491789840824 -0.245964848123979
-0.20217344795378 -0.0418363751665623 0.710159980023377 0.292963007771755
-0.139952501062915 -0.205925644492233 0.308491725503228 0.529160764360982
-0.0456328422756012 -0.249029578951293 0.0959648169854144 0.198637186180052
-0.0646840537152155 -0.252583828789132 -0.0270843455372082 -0.25530358560271
-0.156352835930328 -0.146635222413564 -0.36362396090353 -0.493508719319294
-0.209861300982705 0.00884797404750014 -0.732192827334878 -0.148010989001183
-0.189477490620564 0.0553529731620065 -0.545899683194604 0.455931723724513
-0.0760435194080083 0.0429053261051918 -0.0769130472411815 0.59049051408908
0.0706732117134966 0.0632733773750322 0.105365539066802 0.329864179632614
0.120518850006263 0.0592106090485126 0.0732415963545574 0.0194350834078087
0.147279268150423 0.0676233241658663 0.00872114720374688 0.0525286880981378
0.134997559698807 0.0799381856194794 -0.100520944050691 -0.163020002857673
0.0162492280043362 0.0434108179043996 -0.0324653297702543 -0.414467686041873
-0.157842061400558 0.0858589570265317 0.379199952754919 -0.443065778874251
-0.221938161372536 0.0461205029584838 0.727854670680316 -0.0635197773793797
-0.225126009243622 -0.12492861079212 0.602361802767302 0.443505165980447
-0.122987266594914 -0.286272581924834 0.193586289897319 0.496982290478403
-0.051262447528485 -0.299808918458798 0.075953513334416 0.0697210162031595
-0.122283782969351 -0.270340693409132 -0.10696857423474 -0.342566090796943
-0.223629886071273 -0.118654739057127 -0.512836489620308 -0.398994167646335
-0.251544305475404 0.0570078347621988 -0.74383694023252 0.083880334970402
-0.187168078320665 0.0886722063417585 -0.402143890474203 0.560608142036651
-0.0328247484067939 0.0604963848662423 0.0384975743962069 0.513464151270323
0.12183011454339 0.081188133824169 0.145386627830479 0.225527150185734
0.156926408171586 0.0729022091237733 0.053730471744771 -0.0303025570951058
-0.172999727641593 -0.0377613568282459 0.00744581335671466 0.00446593872911269
-0.140336759503704 -0.06048536476484 -0.146271464466824 -0.13646861323568
-0.0638662193159219 -0.0700610211588385 -0.0909267038103779 -0.37556950213547
0.125142440968005 -0.166936530185525 0.25090174007505 -0.479683755136297
0.288686919598122 -0.112210661336652 0.659393068239469 -0.261077097249945
0.26986807192037 0.0996901081018255 0.639248287420184 0.257335627557345
0.151784796497583 0.273622823836368 0.241711114286365 0.394025220248546
0.0347583257875191 0.325657662305579 0.0815106039631821 0.0575119211856043
0.0581996970986841 0.323168737418893 -0.0273129528865283 -0.408085944144877
0.189790343532958 0.208853462849175 -0.385402651779411 -0.619785127088504
0.288586233100495 0.0144937328999351 -0.757476477641709 -0.233264434469984
0.219518374281196 -0.115393325763468 -0.559567206258051 0.351203667848626
0.0120398068139455 -0.0929386425391895 -0.107498330106565 0.491629252835499
-0.123159476094619 -0.109172952411503 0.0718539232433085 0.308605210351648
-0.146665230664502 -0.102324017171024 0.0290346695446078 -0.00751240018855469
-0.1576082349249 -0.0252723684281308 0.0349966410825517 0.0287942183818442
-0.133713155392149 -0.0474229632086177 -0.156524522268245 -0.0818989354010561
-0.096755962450114 -0.0593307781956634 -0.160715556681928 -0.274771299617693
0.050243975893723 -0.145307489315355 0.156572108583588 -0.455918238683569
0.221740689396247 -0.119917301922965 0.605848954478504 -0.375334738504222
0.244708595498001 0.0512878204589826 0.720651536026104 0.136013129143029
0.159060146432746 0.217059708767879 0.347154747622647 0.4249932822925
0.0269228756226997 0.282200474203781 0.097377465931549 0.18718022707522
0.00904085170119079 0.293161070748316 0.0289767585596862 -0.287668817188944
0.117773080869381 0.229011188309688 -0.230166421050645 -0.643934497153627
0.247583483662418 0.071235553000332 -0.692433138190917 -0.42874566824279
0.23048568521339 -0.08623418077549 -0.658567632378877 0.213894495029052
0.0443107853695719 -0.101029793333299 -0.215352812294037 0.521753477644203
-0.0902362826831333 -0.113773612913247 0.0285363525778938 0.386981691756352
-0.125122944630171 -0.103400353495692 0.0484493326951066 0.0427768379874944
-0.117699250937906 -0.012615378892642 0.05848543086751 0.0466233599961665
-0.0917291517822618 -0.0327746274556428 -0.156004700205308 -0.0562731442315688
-0.0894327814559431 -0.0545135272507353 -0.20555296685873 -0.204047274729222
-0.000606842975393127 -0.115082923453802 0.0920914607301712 -0.420474623619144
0.140310114320336 -0.0900960167016288 0.558857574069546 -0.427724631689363
0.173105394200926 0.0320266912883849 0.769967868733831 0.0483394700903769
0.117831767461491 0.148804602779792 0.430084387031462 0.444298775924448
0.0146851584768831 0.197600992231486 0.110021176997344 0.28912827535313
-0.0167311212588905 0.202013441561681 0.0454653022009152 -0.180881656195706
0.0534892999702854 0.178500061522462 -0.130459599042612 -0.619198506864339
0.168593725278827 0.0808760634914496 -0.61971515244312 -0.540342439192224
0.179253498808658 -0.0557006993203935 -0.711101174864333 0.108983000594346
0.0414793017420388 -0.0897956000524063 -0.29072859169306 0.53565728100679
-0.0581167583402238 -0.0959416260970854 -0.000679041853411236 0.443020333045531
-0.0867327720899806 -0.0849422366627098 0.0662492886615968 0.0835622865771153
-0.0537838595177827 0.00131723984514473 0.0704050790840638 0.0625679235481181
-0.0259272622638221 -0.0137229541593447 -0.151304301002479 -0.0464359581866597
-0.0484827554723008 -0.0538109232806739 -0.227479050995013 -0.17510353459263
-0.0220407497850848 -0.0836143167103666 0.0625265177635259 -0.404897069830728
0.0616850028569459 -0.0413985288354929 0.538283911806766 -0.443361092758073
0.0771065432439931 0.0330465739414804 0.791657477362539 0.019813609380456
0.043906364883209 0.0740436549099826 0.473673145784944 0.464877934574035
-0.00168877312113268 0.0850043491607032 0.116909230571684 0.344676662850497
-0.0130106435268161 0.0736427232457334 0.0417373618213284 -0.119940583988058
0.0153931027002926 0.0761039845823726 -0.100289115215819 -0.581355572483012
0.0801952842766545 0.0450345281737258 -0.59096599411847 -0.562626909259948
0.0852819174051219 -0.037438771651255 -0.727996511080644 0.083793977549373
0.00307935879803894 -0.0642657671127158 -0.315788712025678 0.552458402817223
-0.03542037105585 -0.0601836789009472 -0.0075743666735917 0.468567269414364
-0.0387723773614711 -0.0509173430964304 0.0785994114229083 0.103378754308859
0.0167032178108194 0.0157233799792137 0.0702070966580923 0.0758771859875981
0.0459149651062965 0.00736284060137888 -0.144086392232203 -0.0501164404493019
0.00355444422113447 -0.0463076788171504 -0.222293385078919 -0.187169386143441
-0.030343563726434 -0.0453985711865771 0.0810207295087825 -0.412809932899729
-0.0119873043358617 0.0124879012160849 0.55485993287333 -0.423511307076947
-0.029313890650478 0.0359778985515226 0.792820037404478 0.0568942041342611
-0.0413104793635986 -0.00979714751613694 0.463942215389571 0.49147172854936
-0.0188140274934477 -0.0398006288662941 0.116609094628789 0.347787500922682
-0.00472281684591435 -0.0625842996587373 0.0343560495477422 -0.116883113325799
-0.018029462201159 -0.0363878546987648 -0.131179625907282 -0.559974080434589
-0.0175210191980313 -0.00271003224125224 -0.613343890169502 -0.503919705334844
-0.0275978836220413 -0.0213338197767461 -0.712533780158797 0.148719964495803
-0.047229564075023 -0.0296646155769062 -0.281754452759193 0.579514100141793
-0.0125109381124538 -0.0141733468831115 0.01367834954344 0.46083225610523
0.0143886598449453 -0.00870552758680069 0.0847178323182272 0.0983027366879321
0.079675199539705 0.0313462048753619 0.0569400416658336 0.0808757810283026
0.104689946001736 0.032344133241083 -0.13402926219577 -0.0667847968549415
0.0410222668460409 -0.0262837110328118 -0.186926623709339 -0.236851488777355
-0.0501393369336946 0.00273761277008377 0.146188360336857 -0.438939323722101
-0.089075799392913 0.0560386717174508 0.606019547033833 -0.361163178442551
-0.128339466820061 0.0143189656248687 0.765343459177563 0.154182075431901
-0.109632641953884 -0.104642831953647 0.403008815745471 0.518486602277104
-0.0336998271639033 -0.155806106605644 0.108430576335467 0.294923189244556
-0.0184051116806417 -0.178489212920646 0.0179386951407519 -0.168277827018919
-0.0756308440080613 -0.119882806064524 -0.224157290689183 -0.537829332080609
-0.119887772640071 -0.0204093057220177 -0.671627208807616 -0.360350233870012
-0.129498117756201 0.0096021229257203 -0.652319552071481 0.294447991972109
-0.0804624979648178 0.00900807004196948 -0.194761004353003 0.599986714606454
0.0213596523355341 0.0300246559769052 0.0548673378655281 0.411817431772791
0.0686025245395635 0.0304001402127088 0.083277826059655 0.067218448966795
0.123750080591974 0.0497727827493354 0.0355899786063031 0.0749580113677165
0.135302257444878 0.0572074914573137 -0.120209634682001 -0.102288314738603
0.0446580855951248 0.00682891015633923 -0.122521655470869 -0.319081683728734
-0.0967744118883327 0.053315806009418 0.250732746884703 -0.459476796445651
-0.165109943236105 0.0709857626361807 0.670416971547729 -0.239951455614138
-0.199911537523602 -0.0412786840422293 0.701662627899421 0.293167248951927
-0.137475759416342 -0.203464713527961 0.30303040441981 0.524169318444577
-0.0440296209919194 -0.245715353396853 0.093632025910404 0.19688490779151
-0.0642906102034907 -0.251111153672176 -0.0252803360826655 -0.251918248053808
-0.15405178421363 -0.145874963575488 -0.356886228710473 -0.490965011158797
-0.207106911820884 0.00780360254239839 -0.724557192686711 -0.149564257635526
-0.187417806485483 0.0528488357046664 -0.538649172681827 0.449254752623825
-0.0743987829231395 0.0426197449796192 -0.0794185880742987 0.582520910440465
0.0702976177915591 0.0626265312356017 0.103435786567374 0.326815386936677
0.118569838287602 0.0590557219228985 0.0731893053337562 0.0200800900952457
0.144143411988484 0.0670738192893073 0.00813025449466969 0.052057794112776
0.134020769979619 0.0802508329565974 -0.0988102721347945 -0.161282029855962
0.0161406300739968 0.0442654153782545 -0.0314249247580814 -0.410347372371274
-0.156536228552883 0.0851116685205839 0.375159871348952 -0.437776694036045
-0.219373683052334 0.0449424528340597 0.719958580924083 -0.0620915003650942
-0.223068429491718 -0.124124620317897 0.59422448835066 0.440323337873795
-0.120608202264948 -0.282353221143598 0.190411907355045 0.492569134428803
-0.0489147637787256 -0.295942011000393 0.0745482680651786 0.0680246890574787
-0.120335418340459 -0.267622617928628 -0.104533211919776 -0.338246907264855
-0.221121670684473 -0.118567274055678 -0.50545527779925 -0.39496399344701
-0.248632592638868 0.0552928930554994 -0.736354591586782 0.0829663173189766
-0.184790655431015 0.0866375179159705 -0.399717350485158 0.553952662273012
-0.0319607293885196 0.060185497374951 0.0364597988448712 0.505425432590925
0.120015839395301 0.0804512513077718 0.143313832095905 0.223917089692517
0.154815792949846 0.0719928187557596 0.0538521415710481 -0.0294879984902018
-0.171242769761684 -0.0373502481361316 0.00637233764837521 0.00381793106611916
-0.138711459061031 -0.0612107675384087 -0.143029232681963 -0.137406239807407
-0.0623894182035562 -0.0694956673750732 -0.0891525594925747 -0.372987361576043
0.124475337742358 -0.164859279964196 0.249631906292976 -0.474939718240112
0.285751066669777 -0.111077359440406 0.65626811052676 -0.256345061876199
0.267118319829593 0.100639641054254 0.632766287525308 0.258551781135671
0.148674308148584 0.272525224161561 0.238716377351514 0.391456259581268
0.0324973493206891 0.322112338002037 0.0797067474299119 0.0571060060244948
0.0559110216193611 0.321100465514304 -0.0238850402557142 -0.404756230122603
0.186771842219597 0.208130372523024 -0.37943405927754 -0.616907239737548
0.286220057188951 0.0151427066984148 -0.747784286369037 -0.233472947928312
0.219482057116731 -0.113750771232454 -0.556066644627667 0.344779479386322
0.0118365253499477 -0.0916430840139525 -0.109324954692145 0.487512536524183
-0.121615205202324 -0.109935852708649 0.0697759802553413 0.307001950149737
-0.145426051461148 -0.102412418294776 0.0285608125097227 -0.0072183315555656
-0.155610340532636 -0.0257033251694265 0.0339060747946973 0.0279424779171636
-0.131807293881196 -0.0486259570110514 -0.154137462326966 -0.0819841447217534
-0.0955646364950269 -0.059233627198068 -0.158133193986728 -0.273315172804694
0.0502270665815045 -0.143300742162195 0.158696588535774 -0.45220137431557
0.220077893810924 -0.118389050488516 0.602691197887685 -0.369166724170528
0.242483499403855 0.0519164257793526 0.714200998376322 0.136956259087673
0.156075268037076 0.216316604562218 0.341851659293932 0.422590810644297
0.0268106466510559 0.279731004122056 0.0947408644976075 0.185201439287849
0.00634916807717517 0.290707672672617 0.0310264891338587 -0.284775439272971
0.114469233361376 0.228210036101358 -0.224484662355734 -0.640232245235107
0.244691445645831 0.0712171857255496 -0.682408561049127 -0.427882726331766
0.227786831771716 -0.0838359089679763 -0.653768271132771 0.208970419506888
0.0450923484598952 -0.100195250883938 -0.216609399934596 0.516678301880369
-0.0890431490938637 -0.114618134904005 0.0269579999677458 0.384929419802624
-0.12292508123744 -0.103189707673593 0.0483823881216158 0.0425626914137703
-0.116357802371996 -0.0127244217747015 0.056536584953915 0.0457916033167451
-0.0907482366651463 -0.0330752762737066 -0.154666497410298 -0.0563622680483695
-0.0884067641050947 -0.0543916539179333 -0.203335831108301 -0.203373476238771
-0.00103087401042044 -0.11490004548911 0.0920047810706742 -0.417266984935122
0.138496849178793 -0.0890267912485056 0.55658891042358 -0.421842621487228
0.171433479445273 0.0319154999262091 0.76345912836862 0.0517177688452565
0.116045766673937 0.149071023059144 0.424071722238535 0.442056510078625
0.0136363315266329 0.195611845815988 0.106194795217408 0.28601422866706
-0.0173484582820914 0.201079138232887 0.0466165304931462 -0.178067435668804
0.0517830097009587 0.176813887530913 -0.124911027990239 -0.611922104614655
0.166491511267812 0.0813683154443586 -0.611494902120384 -0.538060762391059
0.177864734253663 -0.0540236366554157 -0.704463940051988 0.102860652910691
0.0415949563598083 -0.0887909644877551 -0.291153041385333 0.528984797293534
-0.0576323014337169 -0.0958690195035285 -0.00254199603278783 0.439535840565296
-0.0861457438496995 -0.0851133946559568 0.0659323737571995 0.0838003579940604
-0.0531075284846628 0.00140103666918882 0.0686934323768396 0.0624888482825635
-0.0252047020505598 -0.0139972048798818 -0.14882058899717 -0.0462508234402748
-0.0479779593199643 -0.0525876994320737 -0.224330293530593 -0.175094976763715
-0.0214591704279489 -0.0827795580502038 0.0633044654469864 -0.400992192350116
0.0620051815761795 -0.0409745807732006 0.535219995829766 -0.437674095395889
0.076257180322944 0.0335673827031564 0.784205172448805 0.0246669162339715
0.042669350106066 0.0746450685673506 0.466628678363178 0.463155635962043
-0.0020743730572793 0.0839944441420497 0.113752845674718 0.342272973130686
-0.0141208581916974 0.0730644737476638 0.0428648266106725 -0.118262816944079
0.0143361112026566 0.0748085854550694 -0.0954160157210949 -0.575166121142197
0.0789485204220811 0.0442816245647229 -0.582320973117327 -0.561311813612887
0.0847632095272738 -0.0368214373086126 -0.720699919480097 0.0782014987878709
0.00377707771771865 -0.0631263035373282 -0.316174393859431 0.544550211180256
-0.0348162044376405 -0.0605032613522464 -0.00969365070630644 0.465146340544987
-0.0390139654321566 -0.0510519132142167 0.0779793477900306 0.103585904120474
0.0162138835370936 0.0160213406122105 0.068815070313738 0.0756200874225637
0.0454586236517094 0.00785655856993886 -0.141152772014356 -0.0504471528762181
0.00410933172649187 -0.0451988072240801 -0.219666013979407 -0.1867909640811
-0.0296477443020312 -0.0451169331189985 0.0819366050155699 -0.409116815985724
-0.0121509335731127 0.0122765791389265 0.551830561845201 -0.416685087450444
-0.0289415320036186 0.0355493670342451 0.785573089796095 0.0599797297649128
-0.0413072692671486 -0.00847358793701334 0.456684082227375 0.49026039071583
-0.0186201815113304 -0.0396884968840756 0.112825511856494 0.345555807953853
-0.00434220716539086 -0.0621440694997733 0.034855229444805 -0.115588533955516
-0.0183369805157982 -0.0369348543993533 -0.126866642025624 -0.554982728723442
-0.0163470148337681 -0.00250327030758934 -0.604147519170804 -0.502148094283912
-0.0278036292935983 -0.0213164618377193 -0.705946413652673 0.145748526170558
-0.0466999048542401 -0.0296871634641181 -0.282246845593362 0.573221390419605
-0.0122459312526995 -0.0145237054464917 0.0108718499479512 0.457212097381032
0.0133959972333014 -0.00927362152126094 0.0837896634878311 0.097856393053548
0.0776001477436935 0.0317259056945539 0.0559915565664149 0.0813511090836493
0.104158220821681 0.0324408154488476 -0.132146955610886 -0.0664427877301239
0.0402056409469946 -0.0255538985847477 -0.183451943419443 -0.235813630262095
-0.0498566215977088 0.00304427938604112 0.146593860348302 -0.4362956480272
-0.0877651800972711 0.0541477736633994 0.601961494149202 -0.354899048185975
-0.127223111456756 0.0143978218948624 0.758752936317081 0.156232794705384
-0.107329964025272 -0.104314474196205 0.396939287398144 0.514964739253609
-0.0324260792027876 -0.154965595690003 0.104987592952773 0.292948137999768
-0.01888391134666 -0.177296763512847 0.0187423667964411 -0.166322269375729
-0.0740128179485778 -0.118989335758396 -0.217150655017734 -0.534734169012877
-0.117885573207686 -0.0212825238562597 -0.661975163216569 -0.361789073995232
-0.128123875127757 0.00798271125054202 -0.646239027634342 0.288225766775469
-0.0794724066422873 0.00891623060377544 -0.195926819873267 0.594357198584527
0.022076818492379 0.0297899988590251 0.0532589398761057 0.408761440027199
0.0676414949628363 0.0300373784837262 0.0829479300453024 0.0677485674819488
0.121734028238374 0.0501726944203329 0.0338878251913219 0.0736858894402895
0.134895143651082 0.0573584691403302 -0.118572524872457 -0.102621126696932
0.0443129845975769 0.00720844486204172 -0.119862325023638 -0.316107956795423
-0.0956579018324677 0.0522338215180032 0.249981769373909 -0.455121913951871
-0.163226633223789 0.068642825340946 0.666089276289285 -0.237327121094594
-0.197804993331686 -0.042736372443007 0.692564805795839 0.293871286416669
-0.135571131355922 -0.201801501987531 0.298485832209039 0.52143080917602
-0.042173178367475 -0.24414831720215 0.0910913017099098 0.195654359125259
-0.0617689783938725 -0.248194925576895 -0.0234464645032675 -0.249889863403893
-0.151238563413157 -0.144771127978186 -0.350955543261596 -0.486588811521969
-0.204825296423815 0.00646818999147209 -0.71686565293108 -0.150189229898431
-0.186155467766802 0.0516391493765942 -0.537297545621084 0.444323649403005
-0.0743841373655966 0.042466739261014 -0.0802660450189161 0.576056783455657
0.0693225985914409 0.0625639407842806 0.10136757010908 0.325806654047236
0.116687363092564 0.058021322834423 0.0726325456432541 0.0214269063273337
0.141375673977085 0.068600490761625 0.00767116719699674 0.0507780717396615
0.1324704357379 0.079966702160758 -0.0974916185294489 -0.160723388625639
0.0156865909512507 0.0442017863264591 -0.0281216928307209 -0.407299340572898
-0.154601483778965 0.0838627661699399 0.374142024684623 -0.432678449333978
-0.21742616318763 0.042897357059263 0.713409589484634 -0.0591750580904722
-0.220332189605574 -0.124583806133863 0.586016748824048 0.438627782721389
-0.118506020330239 -0.280331639670315 0.184987165167891 0.488665428692407
-0.0471914206740472 -0.293325974645416 0.0724674768287382 0.0686904187794376
-0.117844078252581 -0.26479467935348 -0.100561975152683 -0.335590813929244
-0.217588552946576 -0.118653182916582 -0.497800290024651 -0.395591023617812
-0.246592227104445 0.0534101384220257 -0.73027053659018 0.0782926739926305
-0.183831063063953 0.0856480959713857 -0.397023762331723 0.548797828384286
-0.0311743295228835 0.0606205275842345 0.0351481248528688 0.500353742829145
0.118672621577303 0.0791274544626714 0.14035196934674 0.224398779080872
0.152695084678462 0.0715110276626005 0.0542825261600934 -0.0279818213989014
-0.168733336260268 -0.037500933233066 0.00579846059829544 0.00378109385564563
-0.137769066856327 -0.0627922989952146 -0.140601854034895 -0.136932848720476
-0.0609431473136681 -0.0695789142621162 -0.0864365965636595 -0.372157010152147
0.124264471039624 -0.16286055046332 0.25004910837177 -0.469653172460705
0.28440838101117 -0.108779337206092 0.653120739244474 -0.249766633145173
0.264199532789654 0.100258080397938 0.628441912391052 0.260431008405104
0.145550763844064 0.271174605771002 0.235705873472563 0.390331707895751
0.0304870387326571 0.320005975118221 0.0784024185696215 0.0571393228166679
0.0524445930486409 0.319609136475549 -0.0211634441518204 -0.402074271233771
0.183669165633635 0.208678800356525 -0.371864671355608 -0.613498797333823
0.283553963053272 0.016461050253466 -0.740773824714507 -0.236769380839231
0.21714975756109 -0.111351675352939 -0.55505600290966 0.337880390632663
0.0119753768688469 -0.0921618414925548 -0.111774988827092 0.483257470350022
-0.12021334227823 -0.110704941949586 0.0687203942645997 0.306603263793066
-0.143512534567719 -0.103154818974891 0.0285182089387781 -0.00652282652470117
-0.154305771336824 -0.0256327981813564 0.032072856774692 0.0282460080460869
-0.130748971739051 -0.0498599977630315 -0.152128698320807 -0.0823426786123044
-0.0942728929307959 -0.0586151693761894 -0.154469821768006 -0.272974569598285
0.0509722115211937 -0.142500070604231 0.156203526160136 -0.447918053512259
0.219420446466234 -0.116330259113162 0.599276787660777 -0.361169772287111
0.241615047593364 0.0537929049653228 0.709466024439232 0.141993926525507
0.15361283385805 0.216347602619508 0.336200598716565 0.420553453702368
0.0244464529515708 0.277819080731562 0.0921976134384812 0.184518288196516
0.00426519946728985 0.288593046511439 0.0330266887029112 -0.283256331950628
0.112181143683319 0.227436123315512 -0.217801553454893 -0.634994502605761
0.242469125186047 0.0718688661792457 -0.672720981420568 -0.428523966716565
0.227151548139146 -0.0827943587785699 -0.650175298816881 0.201679515121411
0.045534063581904 -0.0993603196828593 -0.217471408220508 0.512557637548695
-0.0876810212760339 -0.115115563192205 0.0245414183194105 0.383070403773503
-0.121682443530322 -0.103999303997811 0.0481760440451573 0.0427309688351881
-0.115532863263596 -0.0129559877973232 0.0556327470921808 0.0462216855046065
-0.0893650442974365 -0.0352693172129575 -0.152322410677664 -0.0560715842437441
-0.0871986249636182 -0.0549295468593256 -0.199645993495788 -0.20321977564766
-0.00028464568305233 -0.113430248554515 0.0932479915228557 -0.413978574936322
0.138716144775425 -0.0882341231428879 0.555104969599077 -0.416633724772255
0.170159156895388 0.0326908235113729 0.757435619450627 0.0562330730693744
0.113651199766598 0.14939865321925 0.417256661877519 0.440973087483619
0.0116116041236975 0.194314494441629 0.103153056524252 0.285137706977334
-0.0192615355512946 0.199779838900604 0.0477471316579485 -0.177125902854652
0.0498387576433546 0.176471585188785 -0.1195320011296 -0.608039776044247
0.165075943206465 0.0813994293009769 -0.601951697124317 -0.537486125250704
0.17652769156464 -0.0533589749768748 -0.699289115553095 0.0985797823254278
0.0419468653257577 -0.0885480634323435 -0.291992484270071 0.523879599101569
-0.0565191931965039 -0.0969684736827094 -0.00508667339223167 0.437529202420374
-0.0854896551775619 -0.0854526925233254 0.0650535357823239 0.0832955214240706
-0.0532687128694037 0.00192850672085643 0.0672936152012045 0.0627281452823229
-0.0251395535505302 -0.0146014501576006 -0.147137016190051 -0.047167504384927
-0.0467342846724885 -0.0522948141207399 -0.221197667381568 -0.175717990381549
-0.0213724050985038 -0.0819478931293305 0.0650072374805987 -0.398571859170536
0.0617713067146137 -0.0411712680716624 0.532946189122913 -0.4309587478388
0.0756169147380694 0.0340967959592669 0.780386257534104 0.028106533007442
0.0418439627454149 0.0743029074468541 0.459820051566589 0.461948999165505
-0.002510658305586 0.0827724378855089 0.109997621407415 0.340561402398883
-0.014106087219573 0.0736762418999379 0.0432132453516702 -0.117761293951909
0.0136096326357329 0.0748275519403633 -0.0910322764795767 -0.572713329965697
0.0783452431092911 0.0442008965758235 -0.573605869829814 -0.562056231909629
0.0835995212979384 -0.0362632628797987 -0.717470140701266 0.0748250716007764
0.00442782404425367 -0.0632642278912735 -0.316504161348599 0.540181443788876
-0.0337013100946785 -0.0606696229488685 -0.0115680083919145 0.462242953021711
-0.0388008463999906 -0.0515859972811494 0.0773925523459032 0.103764360467546
0.0148193945715849 0.0165297261790643 0.0666129187282835 0.0752357519942791
0.0455577108686659 0.00797048225306495 -0.139566097243283 -0.051099740738017
0.00440119577913955 -0.0444367070204475 -0.215572603987136 -0.186588330898476
-0.0297390007064406 -0.0442815489764335 0.0830582913318509 -0.406602726840871
-0.0116924269267366 0.0112931768920597 0.550243767863964 -0.410426812606804
-0.0286637000004841 0.0346814908763996 0.779679264472585 0.0638463556551289
-0.04108659260767 -0.00952236924905216 0.449569059083093 0.491046428466857
-0.0180307633530054 -0.0398230176923295 0.109358142547616 0.343418929951731
-0.00420774533815708 -0.0615481243440301 0.036532313970303 -0.114414034217236
-0.0177663039660756 -0.0368024363821138 -0.122237279704532 -0.552444548707797
-0.0163617976144632 -0.00351235210747793 -0.595617566332293 -0.502758384962235
-0.0277656843031816 -0.0217620257969902 -0.702120857438502 0.141687225735268
-0.0459818898120119 -0.0295851170939544 -0.283405109790544 0.566937001682256
-0.0118629797738821 -0.0144529917572884 0.00834204447000289 0.455160606233344
0.0129501895462306 -0.00961427413834615 0.0829027973459456 0.0983817134265953
0.0761042438327777 0.0326497843504692 0.0548813260095702 0.0805165803772225
0.10384665611681 0.0324784945149862 -0.129902773264699 -0.0673270135451326
0.0408162936455666 -0.0239335183496332 -0.181338464091197 -0.235153460002494
-0.0492620326552456 0.00253858260071934 0.147504990004052 -0.433154006290233
-0.0869200405826206 0.0534772364364873 0.599337962825713 -0.349026021439826
-0.125856415247128 0.0133304934198469 0.752075373538762 0.160709992017164
-0.106973308611778 -0.103766916216226 0.390701045832714 0.514434424641893
-0.0309295418146929 -0.153374608952884 0.102565477169462 0.29254008291159
-0.0171873641836613 -0.175366379247391 0.0199458004352191 -0.165290141016679
-0.0727072266702219 -0.118634261954712 -0.212555467266673 -0.531554487143924
-0.117359833114303 -0.0216169688770877 -0.654378903005048 -0.362354062621013
-0.128023027327731 0.00674455774707967 -0.64461649557476 0.282614248287131
-0.0788836315745638 0.0088928098629415 -0.197363629242077 0.588998939689096
0.021388665507695 0.0300197743814536 0.0502988450128701 0.406659035100748
0.0664564022247032 0.0295997859063587 0.0824547636572689 0.0682550143391217
0.11900706177654 0.0508802428242101 0.0328798193292549 0.0739094009578622
0.133980407836214 0.0584733998507576 -0.115981661849159 -0.102121682596437
0.0439720036989529 0.00843046087743721 -0.116150234700605 -0.314777180145173
-0.0944693336846611 0.0512713709402593 0.249639785123037 -0.450841603701134
-0.162430684323825 0.0669045696225338 0.661405391908266 -0.230841440848047
-0.196658028260231 -0.0432658779953576 0.688632633342131 0.297206381288653
-0.133770049949053 -0.201646854179819 0.292701137306414 0.51933127390609
-0.0408667061745322 -0.242699099108198 0.0877727597363045 0.194288452192681
-0.060773502039112 -0.246116883926405 -0.0207670080497002 -0.248008311467863
-0.150191398711006 -0.1448241669939 -0.345605534347285 -0.485002897079018
-0.20332214599366 0.0041721392963499 -0.711169801026008 -0.154071058143592
-0.18479855918497 0.0503962475348276 -0.535868739779548 0.437597742013303
-0.0729923791464753 0.0419747788203715 -0.0829152016274401 0.570648113572603
0.0687561923296946 0.0619678362652095 0.0980803628032451 0.324974995839347
0.114979680002686 0.057869022011839 0.072485663583494 0.0225456486411562
0.138851086994115 0.0691252576092136 0.00727038453615971 0.0500954464402506
0.132035417538515 0.0806946041445689 -0.0951759856129446 -0.160242023948457
0.0157146707805403 0.0454246870223409 -0.0260106684719836 -0.404005699432039
-0.154783989364604 0.0825098785467511 0.372895635269324 -0.427995768628634
-0.216110076725047 0.0406368948157751 0.70907439852006 -0.0544008715497532
-0.217945922538359 -0.124698787409835 0.580160317126397 0.440506154809934
-0.116025076675924 -0.278747654407216 0.181590267822883 0.487065188841544
-0.0449665864588631 -0.292016093455849 0.0704423197662081 0.0681903022221967
-0.115777846766558 -0.263843199889521 -0.0969438357349287 -0.333525603250628
-0.215825409511795 -0.119181048506886 -0.4932177518555 -0.39578160646561
-0.244491458405037 0.0516918780656677 -0.726467885516141 0.0719589763310272
-0.183529667910024 0.0833326822210648 -0.397902815573886 0.540794406389339
-0.0313510993383433 0.0601261108371976 0.0311076662865895 0.497897553170861
0.117743336973701 0.0802382618737342 0.138412764318249 0.224457685801492
0.150376372643047 0.0716106229223682 0.0545118111494398 -0.0268681852075947
-0.168006919354133 -0.0375268038227468 0.0044607869550799 0.00319185248128808
-0.136294789574011 -0.0649557016176583 -0.139584454697879 -0.137071241328353
-0.0599209537671644 -0.0693925341112077 -0.083470247834378 -0.369968867229201
0.124587167430865 -0.160762958809884 0.251952248209532 -0.465117055185067
0.284166630305596 -0.107236023920194 0.651460139699608 -0.242932916070609
0.2621727998085 0.102381115068382 0.62536003284451 0.263752821697879
0.142272252863059 0.272293847072342 0.231361463074742 0.388100732289496
0.0280536845879554 0.319081659521704 0.0766372886359881 0.0572643361734133
0.048723196353416 0.318637737572214 -0.0180383718332482 -0.399993850044131
0.180951571117583 0.208796899757257 -0.364094575901303 -0.614831330715927
0.282681779383703 0.0184434689303514 -0.735623768505352 -0.243378048137913
0.217668838158225 -0.10951288164102 -0.553531224674411 0.332617667522868
0.0135357921940642 -0.0919313253280299 -0.11499470920557 0.482305464858895
-0.119373048332159 -0.111537197284316 0.0654527553745608 0.307306192099579
-0.142086290079231 -0.103894970896413 0.0288984356893445 -0.00721441950966758
-0.152741550395786 -0.0259426843748298 0.0306380795303722 0.0282453312583546
-0.129323235339727 -0.0512366012529119 -0.151066346646681 -0.0828110348452954
-0.0933950550761767 -0.0599486317186827 -0.152733608396644 -0.273585474187082
0.0515068128718066 -0.141126333603414 0.16020505007556 -0.44483000820234
0.218521072829001 -0.115175325847019 0.601397630505359 -0.354088143634855
0.239293347722964 0.0542076755637171 0.706584923718704 0.145383446967245
0.150232597728536 0.216986281751872 0.33162227537577 0.421833808362928
0.0219847684951426 0.276484888014944 0.090048433423333 0.184063328423072
0.00147804977397125 0.287621539484186 0.0355434846434745 -0.282025173324001
0.109238404346953 0.227894349130249 -0.209621448826073 -0.635351863280116
0.24038488821774 0.0737444728461665 -0.666214722355296 -0.433643288282213
0.226508607151817 -0.0801912465208173 -0.648203759997288 0.196575276046625
0.0465451166789988 -0.0989719813654781 -0.220440781028114 0.509539860711648
-0.0867331674594008 -0.115977113316974 0.0223421809168423 0.3826862932654
-0.121461958303821 -0.104582294198458 0.0486163171354433 0.0438268075359847
-0.114424971450994 -0.0129878729393216 0.0541364945561987 0.0466528167404735
-0.0875709933428041 -0.0356534934684061 -0.150719387986732 -0.0582661396032492
-0.0855958541571937 -0.0547139590789213 -0.198522545645906 -0.205163479058216
0.000304321572422019 -0.112893851048832 0.0953873139074495 -0.412274526351359
0.138712384222737 -0.0870518235537668 0.556318424397871 -0.409810915727875
0.169201170298199 0.0343033046486653 0.754304341061203 0.0613608365859737
0.111655653484661 0.149961184009862 0.411033666240172 0.442342752888702
0.0107926481360887 0.193662030250321 0.100334297144791 0.284202642251364
-0.0217579721994952 0.198435339759436 0.0489424265595867 -0.175596971465361
0.0471286692672154 0.176197504189848 -0.112401885413775 -0.606826369259763
0.163445704016223 0.0822373793958134 -0.593079368981633 -0.541346905413292
0.175896787517634 -0.0519029883523647 -0.697258022074149 0.0926775988127231
0.0426281358769396 -0.087098567406379 -0.295127098527914 0.519802320854031
-0.0552726343423464 -0.0974849705846607 -0.0085594843241756 0.437284642804863
-0.0850823630913947 -0.0858926169902048 0.0646557025032143 0.0839759356876253
-0.0527067049574525 0.00234848091084843 0.0654296416074084 0.0621556188648341
-0.024231681985872 -0.0158393181474692 -0.145895860381035 -0.0485118386564371
-0.0460186186797224 -0.0525523790516157 -0.218622193824547 -0.177350693693832
-0.0209289873491855 -0.0814377077548266 0.067833850078191 -0.39695168378091
0.0619722433525813 -0.0408196137452441 0.534328012941045 -0.425063453641751
0.0751889924230993 0.0339413726393599 0.776539163283362 0.0356590788375185
0.0408114156612883 0.0748719531409485 0.454219616747861 0.463821622065098
-0.00336785630951438 0.0824854444477795 0.1064484665495 0.339937604636886
-0.0152733941376227 0.0739653024774496 0.0450938126718141 -0.116988081737861
0.0125310166976604 0.0748041367218576 -0.084377041850996 -0.570575286548077
0.0768067198683545 0.0446320416845651 -0.564280204699542 -0.56313192359173
0.083887041189837 -0.0355964104195428 -0.714354311856985 0.0686123988149996
0.00515041367338922 -0.0623030550683703 -0.319394487322945 0.534020595226032
-0.0332066361472336 -0.0617267530563598 -0.015969699761228 0.461390805624183
-0.0383385074622636 -0.0523461078547194 0.0760310979370923 0.105114752214068
0.014162235273067 0.0168139280452655 0.0651857425919215 0.0759068283496604
0.0454029745680974 0.00823627005977664 -0.138934834345596 -0.0521831954689556
0.00483523409654266 -0.0436805011781644 -0.213589752062762 -0.188003362783676
-0.0280931046847954 -0.0443330901202438 0.0858623720931526 -0.405521705547227
-0.0115627948427649 0.0109428975708723 0.551803225249733 -0.404276755895297
-0.0287477733505475 0.0341255829766563 0.77508722449794 0.0706343342038443
-0.0408976499243648 -0.00877540074479452 0.443708950474286 0.49067701543675
-0.0171027367677084 -0.0393575671134435 0.105995474250725 0.342451572899731
-0.00421931849515795 -0.0603530981449171 0.0376117762069586 -0.113808621140969
-0.0182556079900519 -0.0364752106458023 -0.1156493476053 -0.550644276560894
-0.0162041492640529 -0.00379152138120462 -0.589783334843146 -0.50615520748244
-0.0275352517612581 -0.0219349109131951 -0.698875123733191 0.134199667483064
-0.0450699055488262 -0.0291578276178115 -0.287203845296874 0.563525723431126
-0.0110268280036606 -0.0157404113986532 0.00471378075655391 0.453909753009124
0.0127084107597163 -0.0106145819267929 0.0822968817793409 0.0998113502098235
0.0745021116511711 0.0327128970755551 0.0533345372477416 0.0803954120471405
0.10364374324847 0.0339038831677311 -0.128320973428044 -0.0678520780133632
0.0409811442216146 -0.0230675123876721 -0.17778591886404 -0.237373156762467
-0.0492740832599115 0.00267240905312639 0.149068881331743 -0.430297970360402
-0.0873634287142943 0.0521903350059997 0.600931178026613 -0.342746403985782
-0.125728053233048 0.0124210341567177 0.746516687327074 0.166641727222726
-0.105567808672602 -0.10399842924314 0.383031690349924 0.515164455285421
-0.0299286889700227 -0.153512829655041 0.0982298739107299 0.290857002747255
-0.0153308448376146 -0.174677577669827 0.0216881547231351 -0.165269979632913
-0.0720582414929982 -0.118524236702872 -0.205726522584441 -0.531772939472464
-0.116534185975616 -0.0227326876514656 -0.650785604668204 -0.364743224647104
-0.127306896390472 0.00539927304673727 -0.642270390417696 0.277202399680101
-0.0780210030188198 0.00835254327665969 -0.200301668625463 0.583975537766155
0.0225349762580302 0.0291353617757446 0.0461279539662265 0.405567222335201
0.0653060682392683 0.0294574405240796 0.0816581968408541 0.0695691556693337
0.116948115128553 0.0520536621275608 0.0319259915975166 0.0735928852500813
0.133574181125712 0.0597309808106006 -0.115695495614762 -0.102835217740167
0.0445573247446532 0.00971460644130322 -0.113425330620273 -0.314605482512801
-0.0957493520478001 0.0511075441668679 0.251057187898668 -0.448713043798617
-0.16155049513683 0.0655031998474668 0.662011133651281 -0.224865338167201
-0.195281716483312 -0.0448446379677389 0.681543517198254 0.301291686682822
-0.13155546515698 -0.200312211340447 0.286576069921326 0.518806377782745
-0.0384129334465921 -0.242268769584586 0.0852508135989854 0.194370245119643
-0.0580227383374322 -0.246182091616583 -0.0181835037046242 -0.246569538372663
-0.148351197766218 -0.146061061115385 -0.337482665680096 -0.48697003680321
-0.202121897010977 0.00266786921435739 -0.706920464899387 -0.15894393046793
-0.184298193986755 0.0484463314605977 -0.535187523429246 0.434219546742783
-0.0723520104491392 0.0416855401272661 -0.0864664769255498 0.567399478169894
0.0683199954177178 0.0623089469837172 0.0953959756164599 0.325201840707157
0.113515279638035 0.0575028629971074 0.0722794454595088 0.0240248896697631
0.136377940455743 0.0709784078016413 0.00614677920790471 0.0498355280569573
0.131436793223761 0.0815698557124208 -0.0921866269569324 -0.16041071450808
0.0157224621436091 0.0460304717079268 -0.0221943567252712 -0.403056015505136
-0.154081949485051 0.0818110705418326 0.373022895060315 -0.424610188584918
-0.214946552918149 0.0386540061125973 0.705628852957192 -0.0464272872258577
-0.216306518157791 -0.125620368266389 0.574594634501632 0.441972096096804
-0.114063663553271 -0.278124435993659 0.176063964623543 0.485961166730464
-0.0427288857447355 -0.290830130741765 0.0690975446485148 0.0690023634077607
-0.113136582863121 -0.263313017900996 -0.094120025412418 -0.331631630415835
-0.213588288447542 -0.120963906065353 -0.485734136196846 -0.397296772588325
-0.243337716957803 0.0492307858690219 -0.72316242339704 0.0665877735581567
-0.182797238218475 0.0812731224683041 -0.399587493723288 0.536761660701734
-0.030667421188841 0.0602230837368929 0.0275276788903551 0.495368633422713
0.116665391478066 0.0799786098555016 0.136646341517371 0.225049735856975
0.148848092328803 0.07116404223674 0.0552067352166054 -0.0245800328040949
-0.166203125552921 -0.038422229716171 0.00491884222345931 0.00260532220968059
-0.134882643860684 -0.0665356090583538 -0.136926237001869 -0.13779371767078
-0.058385862466328 -0.0700006298643315 -0.0805132159471258 -0.370694450012703
0.12590785805491 -0.159461594024817 0.255151448024644 -0.462217980372214
0.2837925076666 -0.104839468058573 0.649708515899215 -0.236594979867025
0.260979452359554 0.104193639679238 0.622796585707627 0.268749622362389
0.139938590396267 0.272636348405192 0.227644519006889 0.391223109865222
0.0252008957847591 0.317946556672301 0.0756196312771175 0.0572595397895789
0.045881777899131 0.31819385739756 -0.0133413616978163 -0.399595198368663
0.178774649801746 0.209929802951698 -0.358325609269877 -0.617381999670369
0.281259375924607 0.019930874784249 -0.731342695278374 -0.248233666403783
0.218649753051719 -0.108548362014578 -0.555318586470087 0.327483272175784
0.0137782875970181 -0.091656774958138 -0.118866032112704 0.481520156633307
-0.118562276866781 -0.113756424248575 0.063094423762982 0.308195097143227
-0.140960333407686 -0.105605058274701 0.0291572974020674 -0.00587212232130507
-0.152521947329988 -0.0271685942895814 0.0304860659654864 0.027778432069465
-0.128749479145969 -0.0532688387811262 -0.148710070422947 -0.0845249081409387
-0.091367382030975 -0.0602350302419391 -0.150496267226929 -0.273659897827964
0.0518002094920097 -0.139790666242204 0.163524378853346 -0.442119329677786
0.219483182404679 -0.113329500324985 0.602229187687935 -0.349555665311039
0.238768610959133 0.0560941829781495 0.705319468601477 0.150119419658668
0.147929664941503 0.218361088100617 0.328474855440051 0.423293788052627
0.0198806900776593 0.27589240473307 0.0866129564318806 0.184428603723269
-0.00180089700764819 0.28702141685299 0.0382347003634254 -0.280687162591455
0.106689046144776 0.228153603816544 -0.204564141714086 -0.636157782842554
0.239851345580954 0.0751677672505375 -0.661122846710384 -0.437717605979451
0.226886621276632 -0.0787826685439686 -0.648198398029604 0.19122706708851
0.0467046939847154 -0.0989835727747764 -0.225823920304982 0.507621096349271
-0.0852862080709374 -0.117297892032749 0.0190379016687336 0.383056627691959
-0.120796533524833 -0.105764504364537 0.0472521719622439 0.0441614263538068
-0.114230063439245 -0.0134215464107155 0.0526077641124215 0.0464152528848777
-0.087613238136432 -0.0373622958048287 -0.149536311920274 -0.0592730991067189
-0.084899853531301 -0.054907923592713 -0.195721082257983 -0.207095100516034
0.00110846026160517 -0.112104455245096 0.0979910649024075 -0.410698046974594
0.138825638924976 -0.0861042085873242 0.557146239346614 -0.404013243919401
0.169049690656115 0.03514496006407 0.754640408610405 0.067797585871748
0.109710080055825 0.150595986877494 0.406331587209169 0.445099401980979
0.00925887751505422 0.192751864655928 0.0966636689577993 0.284203784895844
-0.0225370381242944 0.19852861098978 0.0507561873601048 -0.175733699230332
0.0454607880992439 0.175674410795109 -0.107544302385338 -0.605505762428951
0.161885625087003 0.0830964978156015 -0.587332057749355 -0.54448942010264
0.175537204884107 -0.0496848401419117 -0.695254931319799 0.0875586827788105
0.0437464442580698 -0.0865769196369817 -0.299686605947674 0.516508726301566
-0.0544798856764387 -0.0978903001872968 -0.0111402928785062 0.436266159495233
-0.0838077850366812 -0.0875209705766791 0.064315254678342 0.0846505338948578
-0.054132883271777 0.00143507574634413 0.0641078556914476 0.0631590727185765
-0.0241083091720464 -0.016003090995827 -0.14433172312978 -0.0492516052303654
-0.0455322770511199 -0.0521652179894121 -0.216967255369679 -0.179121274282027
-0.0206335887633781 -0.0818657298570959 0.0692854394516588 -0.395953383771692
0.0619611591284694 -0.0409327987805846 0.53661692945569 -0.419766821169851
0.0743302644749207 0.0346749605590046 0.775502909090576 0.0403185396558648
0.0396333094497182 0.0747686462899063 0.447267931293998 0.467512094568626
-0.0039115113511258 0.0819149254896844 0.10239628387627 0.339161930940247
-0.0159966422940411 0.0729887780601965 0.0453268489530641 -0.116733978504243
0.0120924763642863 0.0750593559707536 -0.0778891451950328 -0.570726243181858
0.0765127253769104 0.0449784658576264 -0.558708182150756 -0.567495191091003
0.0837977621944803 -0.0354905569651438 -0.711621042791348 0.0627359780411684
0.00532532380514397 -0.0623806898014673 -0.322498928552402 0.532561043394936
-0.0318779873284436 -0.0624725843800308 -0.0198818547234686 0.461032715952019
-0.0380636174013073 -0.0526011484360435 0.0757782072397411 0.105579565182533
0.0128880599611196 0.0172932939593382 0.0638727300356727 0.0758386163039381
0.0462924046656954 0.00835590757221583 -0.136765706816094 -0.0531377367700276
0.00570420067541664 -0.0422976469733228 -0.210931145662011 -0.189401564983416
-0.0290739085346878 -0.0445718808442559 0.0875322773373114 -0.405157392988574
-0.010640314442433 0.010249059490906 0.553645328941214 -0.40055506025372
-0.0294064212932376 0.0344185290368127 0.77496206599056 0.0767014782583797
-0.0409242553012544 -0.00889899603645982 0.437001925095207 0.493648852392413
-0.0166506073919585 -0.0397965733161682 0.101597888391123 0.343326683447622
-0.00388554435479681 -0.0605497868202872 0.0387119022656767 -0.113656479539402
-0.0172854272774385 -0.0363653409170466 -0.110693971046595 -0.549872949653479
-0.0162844389739864 -0.00423165679424242 -0.581813442852743 -0.509818021890437
-0.0277619869769974 -0.0225723104469174 -0.700282724186078 0.129398940175998
-0.0442058393594281 -0.0297159009485332 -0.293043563334359 0.558452641588568
-0.0109927573350997 -0.016482982657883 0.000271798268064698 0.453755599469854
0.0121787199347253 -0.0102344940260105 0.0816782586067421 0.100490487663675
0.0730455182099509 0.0336698390860917 0.0520220817477346 0.0808691438469042
0.103494295149993 0.0343551106172507 -0.127346133306393 -0.069220909328612
0.0412431936993242 -0.0220946821330467 -0.175292323236573 -0.238837076266634
-0.0492578789694886 0.00205769524207955 0.151605963926805 -0.429680214964749
-0.0873241281744309 0.0503830185413353 0.60069983666725 -0.337189732162746
-0.125781447849745 0.0110747227468354 0.746436301063133 0.172046330282083
-0.104476368947936 -0.103950165258571 0.378659068064192 0.517124882588857
-0.028683482755434 -0.153352704875447 0.0946196000443103 0.291387476601358
-0.0139099613207327 -0.174246396046536 0.0238240815455017 -0.163725925248895
-0.0698780164149066 -0.118764835518967 -0.200347597143581 -0.532448064249896
-0.116025782933845 -0.0238565466513208 -0.643274879526597 -0.369234592257345
-0.127888305285628 0.00499348931376753 -0.643703939854467 0.271539676583765
-0.0777353938995713 0.00783767469386207 -0.206994190188193 0.58059945087771
0.0212026641328731 0.0288521820763969 0.0436072835622031 0.40682400898771
0.0645239886383613 0.0291630022814002 0.0813011993541209 0.0705154968885638
0.115253477856947 0.052987623175233 0.0314331326542024 0.0731169699913944
0.132786999868368 0.060541606665761 -0.113679151318666 -0.104171578407997
0.0441410741762393 0.0111891492156506 -0.111369817999861 -0.314364553059515
-0.0946464739520726 0.0510647556365273 0.253686308474308 -0.445182346132234
-0.161728949632006 0.063194601184622 0.660799844794895 -0.218940087457674
-0.19450743416576 -0.0464297988266383 0.678776810186635 0.306192385302205
-0.129874588943477 -0.201269908794396 0.280711127029616 0.521090189776687
-0.036118599279893 -0.240781608986875 0.0837201426242864 0.194816828109132
-0.056028525638355 -0.244328253424331 -0.0157813875384329 -0.246411825464399
-0.146738839569835 -0.146690042544287 -0.332861966746214 -0.488483878073739
-0.202092676464012 0.000955913985882632 -0.703158348189631 -0.164292607450903
-0.185347867412109 0.0466820178286275 -0.541471436146282 0.42824374901721
-0.0723375846518649 0.0419132416337935 -0.0893499700843312 0.565575632639462
0.0680455231084394 0.061732291884075 0.0922899680690605 0.326412707238605
0.112309856071482 0.0581204052484587 0.0730313156107464 0.0250387598298008
0.134840976203669 0.0715319743452329 0.00584288981524819 0.049276806666665
0.131600956392749 0.0826975384150564 -0.0908240736329174 -0.16162299684472
0.0153514341119069 0.0458454695288382 -0.0191031568461416 -0.401878003198541
-0.153972198617712 0.0807459850697741 0.374337833031727 -0.420634399222442
-0.214447039512133 0.0362131788479903 0.705379678359358 -0.0415820075240881
-0.214296138552119 -0.127775241641846 0.569697895964749 0.446611742461507
-0.110910671456001 -0.278310171830924 0.171564860667744 0.487016873071108
-0.0395941677627123 -0.290923425097816 0.0675795788829952 0.0706052338636998
-0.110075578451184 -0.262786591555012 -0.0898777803531099 -0.332314823893732
-0.212422628779149 -0.122963529857547 -0.482535677332103 -0.400259995228377
-0.24285042161057 0.047301568012935 -0.722994762717094 0.0603212432301276
-0.183305606819344 0.0799629807910575 -0.401484816596965 0.533670704642295
-0.0304336525927661 0.0600168542892745 0.0246088462143117 0.492542653724029
0.116202679612165 0.0805065085095427 0.134706409002785 0.227179928315561
0.147220755615091 0.0721244577962272 0.0550482320995546 -0.0236853809477526
-0.1660623300487 -0.0395399306854429 0.0036084747923539 0.00314536491255079
-0.135055667344404 -0.0683696531160157 -0.134750233763674 -0.139515325832233
-0.0574812141306511 -0.0705351779050005 -0.077671678723201 -0.371550568698043
0.127225480770814 -0.1576938969273 0.257715810426976 -0.459655291963754
0.284416865848352 -0.102783071500311 0.653665459128466 -0.233314657899131
0.260414226888358 0.106092126572087 0.621632410569187 0.273391460282303
0.138361283804753 0.274651573170805 0.223992408282623 0.391810390935241
0.0224760127342051 0.31815884414437 0.0751181438954472 0.0585362829411814
0.0425471377107693 0.318882739799733 -0.00896066140924461 -0.398579674163517
0.175999477926261 0.212127932914678 -0.352461220392626 -0.620558242203052
0.280745822766434 0.022484535991181 -0.730525841482748 -0.254840581277037
0.218692447750323 -0.106399945383145 -0.55689109985318 0.324084178671999
0.0151845994834564 -0.0918708014206635 -0.122774497956289 0.479915237889844
-0.118717198001761 -0.11585821781205 0.0604846234986535 0.309347492159621
-0.140781556173235 -0.106484176587623 0.0304406611760368 -0.0048413636563312
-0.151077491071266 -0.027463289028896 0.0288273663615648 0.0282463482951303
-0.12763713095869 -0.0555636981836217 -0.148169674901617 -0.0862936570160201
-0.0909198814514742 -0.060302531469548 -0.147327979626274 -0.276353783963378
0.0525561635155746 -0.1401643448303 0.165303362131219 -0.441483452407783
0.220471636595197 -0.112040256954242 0.604022184904718 -0.346168628466892
0.238501593378517 0.0587770691457004 0.703426836812463 0.15621996479616
0.145767976621203 0.220580212831216 0.323778198502276 0.426262246876604
0.0175133367081184 0.276384239511856 0.0853126794441497 0.185682700225762
-0.00495864930209625 0.288538778980256 0.0413442167303344 -0.281171648697896
0.104216430209412 0.22969618633252 -0.1982696867582 -0.63802903589536
0.238669042889302 0.0770042138869654 -0.656826756130647 -0.442416079400658
0.226600076717422 -0.0770002777327668 -0.649584530409791 0.186723943300966
0.0479584874425523 -0.0986248565497257 -0.228987163438513 0.505679988771902
-0.0848447739266105 -0.119534203232775 0.0161388895061393 0.384359142032578
-0.120239852750891 -0.107003994468582 0.0480612447477106 0.0447508736622328
-0.114219829275381 -0.0133853357495288 0.0520509200127149 0.0468625463306778
-0.086547784840847 -0.0394110081211007 -0.148596996335876 -0.0603226369579457
-0.0842240522018877 -0.0560072323284069 -0.194307494909746 -0.209064726565144
0.00162666649216358 -0.112034968041603 0.0996926092860861 -0.411172752380674
0.138724414923938 -0.0857705333663357 0.56081200602982 -0.399492122479208
0.168407120930081 0.0363978527931793 0.755772155189542 0.0733246571620629
0.108270877813314 0.151896833775362 0.402628856141634 0.449570583749882
0.00753662087932004 0.19259182583203 0.0933974269746927 0.285082421051035
-0.0253706372339733 0.198708990852604 0.0529221716836543 -0.176018968344003
0.0436459217128955 0.177768030006638 -0.100035429588412 -0.607766160082256
0.161321681227274 0.0836615050070186 -0.5836675579472 -0.54966309635374
0.175720920604549 -0.0490615327455893 -0.6972210197973 0.0813943511425594
0.0442325285184495 -0.0871959959001845 -0.303976822858392 0.514587321273155
-0.0535553596255289 -0.0998147052752371 -0.0160994261651668 0.437674822264478
-0.084301942482692 -0.0886040172280801 0.0646989201700662 0.0869938506916285
-0.0539333741229271 0.00141090728534215 0.0632491629388463 0.0634095382778539
-0.023330929333684 -0.0167426133928376 -0.142874246309261 -0.051199086280666
-0.0444607115629091 -0.0521367153930037 -0.215824313174729 -0.181534603862397
-0.0196563445368551 -0.0813898126151937 0.0720477761265858 -0.396153650273117
0.0625843403468496 -0.0403406054586436 0.540484075718534 -0.416602502760167
0.0744660674618231 0.0348838531751042 0.775912733646968 0.0485092745279062
0.038407865816628 0.0762186351157016 0.444019502280318 0.470467540026846
-0.00493240186671944 0.0822666877168788 0.0988067771821167 0.340709661719973
-0.0170367138193386 0.0735467827977793 0.04751081451071 -0.1169683306907
0.0109870385404948 0.0757749102023727 -0.0741433386456393 -0.572302026170055
0.0756436713655102 0.0446880994008331 -0.552096063198106 -0.571588378569362
0.0841200285322168 -0.0341652797392913 -0.712765934236015 0.0560400826785087
0.00654843941356424 -0.0623805621424251 -0.327677861557213 0.528982927802729
-0.0315633381407921 -0.0628712756185134 -0.0227771065947164 0.462736243852744
-0.0385355448194388 -0.0530378090615259 0.0751169550261983 0.106908566578023
0.0120049006840487 0.0177537364654352 0.0630820430018253 0.0770292708627189
0.0467920979608323 0.00927023590349817 -0.135582781246913 -0.0544684267545698
0.00615801990908208 -0.0417948700596026 -0.208789207177901 -0.192049894145111
-0.0293740316668406 -0.0446637092815713 0.0906269213947092 -0.404211648718971
-0.0116340511815357 0.00903574027507005 0.555442009660193 -0.394900610546281
-0.028819553752925 0.0336277903989329 0.774199220193611 0.0820525855527631
-0.0416932978740433 -0.00924828642694956 0.432262272150614 0.496898018997307
-0.0163310949311592 -0.0397273897204094 0.0977670654266685 0.343825081541564
-0.00364184587087613 -0.0601904982347849 0.0398139837148327 -0.11365562507186
-0.0170735965048407 -0.036304881997632 -0.104476888855447 -0.550665586208428
-0.0166212104680125 -0.00487833800395305 -0.578239270015612 -0.51427489231906
-0.027877125554338 -0.0228033468062771 -0.700172603524416 0.122973259542989
-0.043726037340312 -0.0296919424207872 -0.296752811325328 0.555071074553444
-0.010390830598778 -0.0165776068454722 -0.00186060472542063 0.454816210989099
0.0120450130966837 -0.0110005970011845 0.0810416547528731 0.102631255876811
0.0719197970747316 0.0347593681822662 0.0513102878528814 0.0811010203722692
0.103661054932006 0.0353555275548395 -0.12685871487708 -0.0704329518512891
0.0417549193564484 -0.0210471315905308 -0.17339757597648 -0.23900922695879
-0.0490672104625393 0.00249508669246788 0.154842716897365 -0.429181244061675
-0.0867634119498123 0.0494897105514606 0.604177483833167 -0.331533534369024
-0.12595469773223 0.00968630672199767 0.744232598179924 0.176908967340886
-0.103571267684889 -0.10399352693852 0.37384131529887 0.521332185338755
-0.026337750819546 -0.153434432136963 0.090990098971983 0.29227960122852
-0.0131642349559002 -0.174249767031827 0.0257881030658099 -0.163681393162869
-0.0689358424616932 -0.119246908400281 -0.194720044910719 -0.5347824772807
-0.115925868124898 -0.024837144191591 -0.642411853024665 -0.37575453673001
-0.127974089139745 0.003259556180688 -0.645324238532117 0.264911966220973
-0.0773996269608155 0.00804172501657742 -0.209880365959703 0.579019650630484
0.0220957423594178 0.0289111454219982 0.0398864782436301 0.408421031265103
0.0639446630817097 0.0293762674247504 0.0812621823447785 0.0724437752443794
0.114027820919577 0.0546373368676061 0.0295971704884326 0.0736150388226767
0.133932458357355 0.0623922125516 -0.11224580422859 -0.104410172888594
0.0444049809175906 0.0117733401755722 -0.108148889638891 -0.316463334147671
-0.0951815839745597 0.050404575836041 0.255666608627164 -0.44358104775461
-0.161659920152094 0.0618208207759423 0.662967703998832 -0.2137266309356
-0.194585872612597 -0.0480432218999551 0.676624337535814 0.311282860211788
-0.128231256377809 -0.202179227127863 0.275420712682259 0.523133989182477
-0.0348761228415912 -0.241743668078243 0.0802839310894033 0.196488251497924
-0.0537472189217398 -0.245044652675247 -0.0126807537527075 -0.24675705247128
-0.145261208681643 -0.14778286902802 -0.327920022737037 -0.49154329587205
-0.201434933426131 -0.00118877355420661 -0.701527782637987 -0.171645370753768
-0.184956612380233 0.0455461858040684 -0.541182987170852 0.422909503030135
-0.0715379342726391 0.0415090545165472 -0.095324761050026 0.563010970124344
0.0675519535180921 0.0626779617068841 0.090270771806667 0.328192220464727
0.111380186654501 0.0582332758779084 0.0728721103110686 0.0274590706586255
0.133556378407012 0.0735229381048386 0.00476686317319125 0.0491502506817764
0.131406125407123 0.0838748555202824 -0.0884141525136756 -0.161835456113962
0.0153713911494003 0.0464738154375596 -0.0159261477180858 -0.404221517199465
-0.154571179566641 0.0790362720346223 0.377925233774782 -0.418407995487141
-0.214721763747288 0.0340535892441135 0.70582641978166 -0.036837031151353
-0.213888314358258 -0.129731623741269 0.565981000864543 0.452060864386507
-0.108585435386733 -0.279215438297634 0.167566410236082 0.489259193448353
-0.0368554028643025 -0.291351606693126 0.0666426975331142 0.0710925916454456
-0.108476873915102 -0.263519063717795 -0.0859670165197922 -0.332726087237664
-0.211597775898222 -0.124291727397472 -0.477048364645082 -0.404418017943151
-0.243777926098443 0.0440071321004705 -0.72292681598615 0.054493158840566
-0.183642091640063 0.0783321719759981 -0.405758459390186 0.530032393229252
-0.0301817907870844 0.0608815511926025 0.0206517716477986 0.49331368041361
0.115729930778945 0.0814286884245852 0.132872242038922 0.228137626244667
0.145567701163725 0.0725735929162036 0.0567539061939885 -0.0222610987978765
-0.165148281233607 -0.0401505379016809 0.00235943981955895 0.00336991474713615
-0.134681718655468 -0.0716592745541929 -0.134901979540471 -0.14111762196249
-0.0575065390898033 -0.0718764554279102 -0.0756738660549813 -0.374083360615352
0.129663552543331 -0.156987256660203 0.26135751880889 -0.459364072170007
0.285632317608973 -0.101825910656539 0.65785197343915 -0.229207818079818
0.260774578872988 0.1084505747732 0.622387836730367 0.277418827563338
0.135617610588272 0.277033258522745 0.221819402647166 0.393738456729421
0.0199033567092921 0.319062954389113 0.0737930756340588 0.0581235860958011
0.0403730946206303 0.320905941031165 -0.00590030961413282 -0.40078366639181
0.175318678296785 0.215112609758165 -0.346452289314914 -0.624384101445452
0.281335954578239 0.0254199041560075 -0.726497205050452 -0.261502438407694
0.220993606443633 -0.104987454384088 -0.562283532535406 0.319377028799417
0.016490134878943 -0.0921448233083196 -0.128107854394207 0.481442502580643
-0.118033574274899 -0.118011477986294 0.0589625896130672 0.311951126060712
-0.140382791311357 -0.108183277843277 0.0308198421771154 -0.00499948267320422
-0.152127024917282 -0.0276142389057238 0.0277554509511204 0.0282719984512441
-0.128069775416855 -0.0584919747314237 -0.146658308598747 -0.0877087876526338
-0.0902262899951204 -0.0616791286686901 -0.147903620959732 -0.278548551651099
0.0538042042650376 -0.139136245675008 0.168369038322702 -0.44162809465719
0.221295353306428 -0.11208275419081 0.608517714912444 -0.340903354343815
0.238471065035899 0.0607967469482879 0.706805579493825 0.160773343234156
0.144633224085786 0.2226768090049 0.320951259501478 0.428915823788634
0.0149850027161931 0.277397421146096 0.0832926492737223 0.186448291796933
-0.00731975199603339 0.288343317726185 0.0428828611603016 -0.281692863371874
0.102586280245977 0.231457353117341 -0.193408150410387 -0.641968779435646
0.238244448234978 0.0785922311920992 -0.655696704490951 -0.449161333086635
0.228256239745288 -0.0745058892737993 -0.652387596330609 0.179781558483289
0.0486944816813554 -0.0989325082797332 -0.234003421847529 0.506444391564724
-0.0837567754572612 -0.121389982732068 0.012690219081676 0.386940632292699
-0.118714600515266 -0.108324502634894 0.0482802182231955 0.045313162254445
-0.114114396360395 -0.014087218293409 0.0508507672531298 0.0477927513448392
-0.0866688915617287 -0.0406824255856069 -0.147921916119717 -0.0616211450095539
-0.0831744986810447 -0.0565800298988027 -0.192556636003121 -0.211324338221607
0.00205840305355795 -0.112300124254607 0.10303480578153 -0.411707536030547
0.139423675435607 -0.0856637493791681 0.5647737162245 -0.395356144005947
0.16866866740926 0.0375251452376407 0.756461539616959 0.0797727509206921
0.107421066777829 0.154289933206919 0.400003680827184 0.45415524021413
0.00559894184105787 0.193173246230073 0.091552313836912 0.286005014570311
-0.0270276350096567 0.199072593402936 0.054907744723615 -0.176241037493114
0.0420044017074175 0.177795723538541 -0.0953711669227431 -0.609632697233179
0.160746593967699 0.0860364744164154 -0.577841530150796 -0.555613112795249
0.176233954455558 -0.0477376764135808 -0.699172184569283 0.0750893313175582
0.0452297794252592 -0.0869919879104607 -0.308629918053384 0.513420375251398
-0.0528544479062508 -0.101205348845424 -0.0185139960080037 0.439463892072449
-0.0833340532059967 -0.0897778039491914 0.0641582170744769 0.0871376042860653
-0.0537521776304507 0.00248074858414155 0.0612052170926099 0.0639354546071804
-0.0231893293160013 -0.0174913162681078 -0.142500362641259 -0.052388269614456
-0.043700543682494 -0.0519501793655956 -0.214603378763406 -0.183930420215335
-0.0196848846095254 -0.0822913181442846 0.0750855336677243 -0.397154062719596
0.0627292815215841 -0.0409070546196671 0.545120500255718 -0.412506655176519
0.0741920415770697 0.0355758381967695 0.777773703849497 0.0524717344806008
0.0380672875144137 0.0770666546776642 0.441289973301655 0.474488900397989
-0.00560425311044193 0.0822069405598361 0.0960016817835232 0.341741748587573
-0.0183992236494059 0.0738790235712127 0.0488486154861671 -0.116825021735252
0.0100724392179152 0.0763149499676843 -0.0670153807020112 -0.574656537277366
0.0752128745280958 0.0455974872680707 -0.549245004567752 -0.579403653425016
0.0843567746707688 -0.0342190816438076 -0.716371482478831 0.0498785768506654
0.00718492954504938 -0.0627723546302193 -0.332968230837579 0.528499627143618
-0.0308959342554399 -0.0642104636002438 -0.0272924434772964 0.464161977149911
-0.0388563840478963 -0.0543342831526153 0.0755238412080251 0.109210159076434
0.011305352299452 0.0187797607140399 0.0619334386603464 0.0770603642421542
0.0471342847175695 0.00892590421627772 -0.13598910431967 -0.055568287047735
0.0064473051783935 -0.0418877062989125 -0.206549001289738 -0.19407796895186
-0.0281926371393183 -0.0441595296710335 0.0932977402624401 -0.405840662516296
-0.0118233510876754 0.00896824114463272 0.560179656789752 -0.392233997669969
-0.0294980244062762 0.0330159603842507 0.777368827414028 0.0896529875433251
-0.0414613479840862 -0.00866160791187097 0.430084447284674 0.501532610683804
-0.0161280926424063 -0.0399168824366869 0.0951020430052235 0.345721044781601
-0.00367861012480978 -0.0598826097033473 0.0414531778928052 -0.114264372375672
-0.0174572062470587 -0.0363861302951515 -0.0998020161575896 -0.554386613414767
-0.0173331316598433 -0.00541262513591697 -0.574846760171684 -0.520667311163301
-0.0272541603155 -0.0239286540897495 -0.703000473784319 0.117530003709523
-0.0432255903518627 -0.0296405309154878 -0.303037690512754 0.555659840327721
-0.00999592703921439 -0.0168881061731345 -0.00636379451386417 0.45708793868327
0.0119917962643042 -0.011325925583953 0.0818990974399608 0.103646698283495
0.0707538906993156 0.0362728938896518 0.0508457024074601 0.0814670334593402
0.104013322513836 0.036231936021275 -0.125605771641537 -0.0717374890955858
0.0421568591473874 -0.0196810597127862 -0.172042249517384 -0.241896303733392
-0.0491932753209701 0.0021654673866286 0.158345208677908 -0.429871532403674
-0.0876905008632646 0.0484936151153007 0.60804032651176 -0.329454209090792
-0.12628878302781 0.00907259723902526 0.74556572094325 0.183836949561993
-0.103750942335557 -0.105193326950405 0.370261218674089 0.526466657570688
-0.0251781005110354 -0.153783210400794 0.0890261814312144 0.293969390341982
-0.0122145193738173 -0.174263238426094 0.0278655031769252 -0.16370573117905
-0.068855929453996 -0.120166406549693 -0.192004278781316 -0.53641956038252
-0.116202627989674 -0.0263718430560204 -0.640079484117255 -0.383277902412718
-0.128059773681075 0.00196847698451962 -0.648260901686992 0.26284043575366
-0.0774919357297082 0.00758375518583917 -0.214407555819974 0.579220274789729
0.0221467285326353 0.0285571902399983 0.0359889601349221 0.409971113226318
0.0637179567276228 0.0299198756963952 0.0816405666383387 0.0740343638906292
0.112348784879815 0.0567454735944383 0.0288900984923246 0.0732282829393793
0.133789362653265 0.0636278023670016 -0.111112278188293 -0.106620443827457
0.0446197964559861 0.0126934290157337 -0.105148329315007 -0.318372206157328
-0.0954570776538794 0.0501303515099798 0.259763130812771 -0.443993066423494
-0.162345886472511 0.0602145409979122 0.666222587740926 -0.210089777388425
-0.194922995274987 -0.0497490125836728 0.676227646406311 0.31916303283567
-0.126766612511144 -0.203582581966322 0.271770565378301 0.527540878329058
-0.0320968491042408 -0.242903575854021 0.0791320499394383 0.196806946684036
-0.0526717710088301 -0.245934024475153 -0.01000977511913 -0.246658959937526
-0.144439362081745 -0.149973827326468 -0.325854321686688 -0.494784677716686
-0.201974545664043 -0.00278560262701308 -0.702602146102828 -0.176555347285346
-0.185824875764834 0.0430921543081818 -0.545809287718033 0.420691303083255
-0.0714762064884708 0.0414637614952505 -0.0988613702513978 0.562873239071461
0.0678811308652274 0.0625762138846479 0.0877769618742701 0.329475736994824
0.110360453288984 0.0587630593792608 0.0733638856605058 0.0286960814824719
0.13188379198355 0.0749053155329817 0.0039455772516765 0.0492423417270987
0.131555319426226 0.0853488232981232 -0.0871919645224927 -0.163625505626399
0.0163246918363661 0.0479983835497478 -0.01311615235049 -0.405337923833833
-0.155462886268199 0.078666113338983 0.381828239155342 -0.418791487652448
-0.21548084128217 0.032202100561565 0.708291692143202 -0.030484381620882
-0.213011042787617 -0.132050785086395 0.565481923220406 0.457913599329219
-0.107426026158146 -0.280322390420204 0.163017958682082 0.492715045771512
-0.0346497342384866 -0.292402790082658 0.0660708502015161 0.0717955921809681
-0.106853793327171 -0.264915784198995 -0.0827952014661798 -0.334842914936573
-0.211855630312109 -0.127470153870925 -0.476304046702896 -0.409578112244887
-0.244252687861866 0.0423767506332484 -0.724452507442118 0.0484449588057552
-0.184901262844949 0.0766768498234082 -0.411536957411232 0.529212752550749
-0.0300805050644083 0.0612045451029034 0.0173113586696061 0.494437681959749
0.115770011376681 0.0819350179154305 0.131293524211266 0.231298334939122
0.145299546344802 0.0732846911495749 0.057420340150753 -0.0214911045569464
-0.165360782923506 -0.0415562331436666 0.00216334178569469 0.00272926110242067
-0.135686114814134 -0.0745339777659131 -0.133263851731722 -0.143299353509826
-0.0561591877286428 -0.0728143840340543 -0.0725915914749135 -0.377301617729008
0.131330282593919 -0.157520949689624 0.265883159693076 -0.459398475773726
0.287465332814706 -0.100545367678847 0.660197162106436 -0.225337487745721
0.261215715991164 0.110370932935065 0.624685836365777 0.282566325297895
0.13422575723768 0.28015273045131 0.219403598456091 0.397663882320827
0.0170615803200461 0.320845682355816 0.0731625251803719 0.0592486086706651
0.0382571985746709 0.32379214777155 -0.00151879213787018 -0.402816948877935
0.173979558858532 0.21760075889953 -0.342969055446855 -0.631694194748981
0.28226014762897 0.0261455776303784 -0.72869793261256 -0.26934951710834
0.222173185571501 -0.104883827416916 -0.56714736709422 0.318258240042645
0.0173204605187945 -0.093567067291998 -0.133535407514919 0.483081942936576
-0.1180340752226 -0.120515378333515 0.0570939970621728 0.315686997174618
-0.140662896884708 -0.110149872843725 0.0306149440200373 -0.00501882969866581
-0.151737115547479 -0.0285764092627206 0.0280035902835041 0.0294243406187888
-0.128269938689558 -0.0604049124566107 -0.14630755223327 -0.0893618120179684
-0.0898740430570418 -0.0629130512942043 -0.145203407925692 -0.282218025407473
0.0555085288010926 -0.13937655420488 0.172008058224547 -0.442831019565809
0.222256852092107 -0.110395437808831 0.614602827899315 -0.338692855087963
0.23934399149467 0.0626464760178339 0.709664949861611 0.166804133422859
0.144800110948831 0.224661885079591 0.320362670203974 0.43378556452356
0.012995830231064 0.27751948410856 0.0820858379015955 0.188120764728394
-0.00961885369050317 0.291056853201527 0.045906701608688 -0.282284930254316
0.101083371451649 0.234163281397729 -0.187593102138701 -0.647098730565363
0.238629225217477 0.0809163358056469 -0.652489359606352 -0.457144601278881
0.230073124619508 -0.0746953852300645 -0.656966875448942 0.177331073451637
0.0502802499429065 -0.099111896497454 -0.23931892397413 0.507237380469203
-0.0841913187254142 -0.123469745967833 0.01058715853673 0.390013767754195
-0.119872129360705 -0.111228576311238 0.0485098835950609 0.0465697186706815
-0.113931711960419 -0.0144248096023729 0.0498395864544665 0.0487187058044317
-0.0867434824569587 -0.0417818634174675 -0.147841777804018 -0.0633824739499794
-0.0830657236800851 -0.0572970741429263 -0.191868008304784 -0.215681017121412
0.0036388729582886 -0.112117674514017 0.105643204455893 -0.413618824057304
0.141364343247894 -0.0854273468333625 0.571236531496399 -0.394619797391744
0.169544150155061 0.0396126122067023 0.7626600571648 0.0846485745659353
0.106831404253904 0.156102263470674 0.398689512951061 0.457941273362132
0.00498283498752891 0.193898450678097 0.0887365406540413 0.289138664517902
-0.0291088833479623 0.200276865984562 0.0570663992015123 -0.176890354320858
0.0397280680035194 0.179699923468645 -0.0901011190265956 -0.613341045658431
0.160972327497587 0.0870439460019216 -0.5765823981932 -0.564466488506822
0.177422219811658 -0.0472396422874352 -0.702097059054143 0.0711438104465381
0.0461096596614474 -0.0879189034381813 -0.314347711810548 0.514602423590551
-0.0524819095784228 -0.103231661859872 -0.0218353834624796 0.442870759101547
-0.0842047948217698 -0.0916621921876492 0.0640881143774702 0.0888387751114698
-0.0547046825528582 0.00232337082263554 0.0610121663980246 0.0652007780333227
-0.0225356412376305 -0.0181945714148005 -0.142771046037947 -0.0547308986750075
-0.0435759697541554 -0.052347598528818 -0.213532698122232 -0.186718070557595
-0.0189876344563847 -0.0821312790451397 0.0768673710023103 -0.399683071195316
0.0635877345238285 -0.0409787652404335 0.550166750403971 -0.412375497621244
0.0743219298538648 0.0358397816231358 0.784320890461052 0.0577775752615672
0.0380367566820683 0.0778521532964407 0.439938077405879 0.482080475621997
-0.00572507325362565 0.082985470074847 0.0929420714243813 0.344932882885941
-0.0188965601445775 0.0744474117002394 0.0506828506791036 -0.117696270509833
0.00910905814836049 0.0764462865951219 -0.062471833055828 -0.577649492180312
0.0749526528541589 0.0461033694783945 -0.54638916610409 -0.585576332212619
0.084456304419709 -0.0334757686504855 -0.718865479086469 0.0466594379740791
0.00805345241874334 -0.0632484681921179 -0.338238621978315 0.52860170109834
-0.0308700230513714 -0.0656251026084035 -0.030397430970644 0.468153814387077
-0.0380142882777544 -0.0550637297935928 0.0750297565969495 0.110215783400467
0.0109847398232094 0.0199869922045837 0.0614245335566938 0.0776823597924888
0.0473717575866033 0.00829507277318573 -0.135185994264903 -0.0566758845052316
0.00723213427225122 -0.0413520447929133 -0.20766960676063 -0.197963977589185
-0.0280827794989526 -0.0449976960176034 0.0964847944419852 -0.407359093883386
-0.011805220785315 0.00905580903428225 0.566883868154404 -0.389870137210629
-0.0298640325522353 0.0333279703341453 0.781447133683777 0.0958855749472078
-0.0418873810446487 -0.00859337432418641 0.426967542909122 0.508775959527513
-0.0156502231808893 -0.0396762812325111 0.0922624687755614 0.348333005499399
-0.0030097122888887 -0.059949064793008 0.0426254294234435 -0.114197780229724
-0.0174872534212925 -0.0363271464765453 -0.0954953144197583 -0.558872012576854
-0.0166931597013954 -0.00558614663762435 -0.573097181787305 -0.529318246459167
-0.0275260360714793 -0.0236596340795118 -0.70773105112993 0.113603472017156
-0.0432921197049149 -0.0308269846707899 -0.307888643172727 0.555418069105785
-0.00935688922532892 -0.0174829864701791 -0.00997208228455569 0.459551976214808
0.0113443825469459 -0.0113618353076649 0.0818319683090021 0.106293082119083
0.0701612128120379 0.0372248125140824 0.049188450295564 0.0822049745155645
0.105132028150888 0.0374322252162634 -0.125909714866443 -0.073785446018921
0.0425239120351592 -0.0191107837181528 -0.170389592756656 -0.245740632301885
-0.049027551240131 0.00207447456445548 0.161220312124488 -0.43228797177941
-0.0884496728641335 0.0477489048133216 0.614429886160487 -0.326733402674144
-0.126899330799359 0.00780511860869289 0.749006779080113 0.191310802496855
-0.103150140088126 -0.106334875618005 0.368266495032408 0.532712722521839
-0.0246802874899749 -0.154889807880416 0.0863365193736387 0.296277685728378
-0.0105841826896382 -0.174835512718892 0.0289990268826794 -0.165002238223358
-0.0685682082872499 -0.121918311206111 -0.187218280904955 -0.540830739055528
-0.116290567117543 -0.0272933115380802 -0.63951421139951 -0.390873236348344
-0.129339360262369 0.000196004510251938 -0.653536420906284 0.258618885625549
-0.076958258665623 0.00703170329260271 -0.221066110667991 0.57959766331892
0.0222101513599996 0.0285021300762314 0.0334308556654844 0.413622076905623
0.0626299099029595 0.0291787936468741 0.082125615740716 0.075911192488727
0.112019317867765 0.0578712218426832 0.0285315463496369 0.0734414641418661
0.134833150566651 0.0648652065171118 -0.110728253753144 -0.108168454372775
0.0452541892704028 0.0141252209669259 -0.10310005511921 -0.320859902751241
-0.0964365291932052 0.0492209855291869 0.263950317121704 -0.446577105104072
-0.1635772362429 0.0586812878333243 0.672236010851294 -0.207066184789972
-0.195699783205101 -0.0517671365370534 0.67800965306556 0.324611080900579
-0.126244543632643 -0.204267579796956 0.268659026922308 0.532930445475591
-0.0296292311953598 -0.244335901765681 0.0770026013134424 0.199618846066866
-0.0503607096376451 -0.247351075262816 -0.007911503508143 -0.247728319409368
-0.144490374293179 -0.151610724450695 -0.322963139343471 -0.500571384311368
-0.202710555835587 -0.00474230987699059 -0.704653202557557 -0.183289732369619
-0.18794823502367 0.0416533788119591 -0.551583689177125 0.419833821099216
-0.0714550514459336 0.0416297911182026 -0.104023782183721 0.566462138622314
0.0684180588955965 0.0638265067716833 0.0854437311913477 0.33283486211835
0.110375361910042 0.059797741635213 0.0745058380326344 0.0296000410285243
0.130946772733069 0.0767554914291648 0.00290331056894874 0.0489702542237165
0.132308216915564 0.0879331316872408 -0.0864710670412912 -0.165953142456126
0.0156690884017765 0.0490602641809515 -0.00973549876571593 -0.407371716311304
-0.155900480408707 0.0789205260168233 0.386320276968348 -0.418143035357947
-0.217323503625455 0.0307581365001908 0.710635258548238 -0.0253204656097045
-0.213584654769547 -0.134323044395305 0.563445438634529 0.46473646067339
-0.104869331234739 -0.281691623533169 0.161006154147217 0.497583054430511
-0.033484330666153 -0.294321603483262 0.0647176379789453 0.0738500227970211
-0.105555975962478 -0.266688992904381 -0.080751080520606 -0.335913419485141
-0.211684145412159 -0.129671695996242 -0.476217501125076 -0.414917224824043
-0.245813024142444 0.0409357956813923 -0.729611199774289 0.0437774548537258
-0.185966555343739 0.0753493028508299 -0.416985530284141 0.529002673375293
-0.0298315288667677 0.0619710239585635 0.0129275696385357 0.496153766024134
0.115256981657152 0.0833467912819565 0.130370346429223 0.234981271092417
0.144334430593823 0.0744352219470773 0.0587100196871011 -0.0208971326018398
-0.165359112744588 -0.0422141177233605 0.0016603373131011 0.00289768725280102
-0.136054825696472 -0.0772741448982466 -0.133808786276628 -0.144654803473093
-0.0556522345312679 -0.0736760200317988 -0.0715502005810569 -0.380814673925343
0.132150872906211 -0.157535716907127 0.27000694281914 -0.461991710762348
0.290231909089855 -0.0994902532329555 0.667090555366822 -0.221982317066788
0.262826299241436 0.113327143544049 0.628141513460664 0.288162587082772
0.132597420959784 0.283363724417478 0.219292167880344 0.401752114097432
0.0160056075657738 0.322893318104081 0.0730945321283289 0.0610128926082755
0.0361049348592186 0.326793714349111 0.000744415630879623 -0.406333153571451
0.172334800726842 0.221187046813992 -0.341016186972863 -0.638092826010753
0.283701217280467 0.0289078687787373 -0.733398821442983 -0.275962033725348
0.225084876207468 -0.103357566097054 -0.571847435267936 0.315418022552313
0.0176185843522796 -0.0935442450701045 -0.135423340448628 0.48700956537171
-0.119052405619172 -0.123116507840616 0.055734210635965 0.319316577735475
-0.141270075292381 -0.111582288826612 0.0321061376999192 -0.00493062124410668
-0.151325063153085 -0.0297524398611169 0.026951324248546 0.0292325638571234
-0.128908474459528 -0.0630311049982627 -0.146632850298621 -0.0906486427349723
-0.090260925512298 -0.0648856080934783 -0.144971323234131 -0.285268697211899
0.0569362451654046 -0.13944749409744 0.175242680420144 -0.445491499416713
0.224686949905653 -0.111702238413397 0.62279991628939 -0.338278789538585
0.241560870692036 0.06342183748634 0.716519758618016 0.17237164760631
0.144482208694279 0.228175308459624 0.319531063081207 0.438107040877435
0.0113911967842851 0.279875762739366 0.0808969253673901 0.189542923458175
-0.0118345729235824 0.293493873355466 0.0493278727524567 -0.285183516249639
0.0991760363980403 0.237110299960993 -0.1840878199152 -0.652930351467329
0.240268918907732 0.0827737829454913 -0.65693585913346 -0.465749885018341
0.231642396662029 -0.0742546364843074 -0.66487131352515 0.175221881122248
0.0513861734684788 -0.100277204181079 -0.244899186514439 0.509829155482135
-0.0843068458401845 -0.125664586694465 0.00889913222671071 0.395585388601061
-0.120614943808049 -0.113013254034017 0.0492495235692002 0.0472047078441372
-0.115207318547099 -0.0140707437212954 0.0487748397654843 0.0485499104915243
-0.087077549333886 -0.0434695215068344 -0.148083462121284 -0.0652737792145611
-0.0828766474995693 -0.0582401206845208 -0.191844976310223 -0.217670481420459
0.00306596945843738 -0.112234182244583 0.108318225703983 -0.416364681016569
0.142551650748967 -0.085447441032489 0.577999573291411 -0.395606953859041
0.170760746096695 0.0402313532144041 0.768500234589161 0.0890793299636378
0.107135294044341 0.158555564013558 0.398166072922397 0.464195406816224
0.00359397052478214 0.195385920807935 0.0871400173096234 0.291934812861104
-0.0311723669562256 0.201027696706107 0.0585574802942422 -0.177505405403137
0.0388345505048201 0.181686116289312 -0.087153298580398 -0.619741143034276
0.161652332657861 0.0881761946384792 -0.578164253460888 -0.571914269327038
0.179283926336288 -0.0458771149453948 -0.709751113859729 0.0668784808544383
0.0475111107017057 -0.0877684811421835 -0.320697301464799 0.516765782993179
-0.0519748101044998 -0.105213047989327 -0.0251025175055412 0.447964899429057
-0.0848828227871464 -0.0929309435186545 0.0650030282411708 0.0905604831573476
-0.0550219432313243 0.0029970119438047 0.0609033693196616 0.0658138144263381
-0.0228432013496372 -0.0194933544519301 -0.142850837042938 -0.0555388327355934
-0.0429028670313351 -0.0537614408972485 -0.214089218916065 -0.190298200547607
-0.0187079396822788 -0.0821146890502118 0.0794082984875389 -0.40308842788625
0.0636878353085714 -0.0416894016236785 0.558151786068554 -0.411095846274402
0.0745790719548901 0.037161530932085 0.78998453607829 0.0640750226421405
0.0373644914490695 0.0799724495562966 0.43907507587439 0.486614477747069
-0.00629917832234795 0.0831733988970788 0.0908506125238897 0.348282576510106
-0.0199511720436835 0.0749677364167413 0.0514964264861325 -0.118703205326442
0.00841261640741833 0.0777355524833365 -0.0590945045675688 -0.582136087664959
0.0752921599339736 0.0464276431964104 -0.546172637820923 -0.594236428558059
0.0857381710153747 -0.0334449350415116 -0.724784779480492 0.0406058267479531
0.00864678145011268 -0.0631659500581579 -0.345865450442133 0.530152843638549
-0.0294818353937212 -0.0674514567455074 -0.0344145976924716 0.472307397943112
-0.0390881192362394 -0.0563703468793636 0.076241102520863 0.112485358014738
0.0103719291321025 0.0205334422627035 0.0607219969177443 0.0786695711301486
0.0477784317810444 0.00818024388730925 -0.135567707307982 -0.0593915676040937
0.00793084550167261 -0.0417965168503191 -0.207317239976639 -0.200919561495179
-0.0282694795317209 -0.0449164913075805 0.0986419093046371 -0.412084132450043
-0.0112715077003473 0.00846190622208186 0.573954725583489 -0.390352828415903
-0.0304011705886503 0.0335557549519908 0.785935508792468 0.100192648692443
-0.0419293285185963 -0.00882623818748156 0.42667813354868 0.515195817039999
-0.0164120032261253 -0.0406157910727144 0.0903423042024471 0.351270475482397
-0.00285921642143698 -0.0602148738213767 0.0439839369576609 -0.115702674376475
-0.0171363940287009 -0.0374441639969752 -0.0917517492487796 -0.56256683875811
-0.0180001366761393 -0.00554602908530951 -0.573843219023877 -0.535357464422786
-0.0278200626218389 -0.0244727198625093 -0.713285399167152 0.109983482588532
-0.0428488187796844 -0.0302860752391711 -0.314632390712115 0.557780519080847
-0.00877057441327518 -0.0183657210511708 -0.0126278814417836 0.464393166246258
0.0111898015451716 -0.0122570743534983 0.0823897779422452 0.107914995743958
0.0698579280086805 0.038695121839504 0.0489973966867676 0.0829923100576019
0.105959715061502 0.0376450010661496 -0.125524081728807 -0.0749125411244528
0.0433807501351219 -0.0181819514717262 -0.169540675834725 -0.248223840790526
-0.0496660336011532 0.00240912974359009 0.164280039992338 -0.434564309070208
-0.089789195846795 0.0475032445503506 0.619875091020414 -0.326032042542388
-0.12822027795534 0.00721090413398302 0.753531744084571 0.1974427427798
-0.104205949138066 -0.107096705383078 0.367069730263417 0.538154277744952
-0.0234323776588937 -0.156315485952601 0.0836426238941777 0.29953143137004
-0.0100851426105572 -0.175996738290482 0.0306969677682382 -0.16646733336767
-0.0685833379615959 -0.122867086750469 -0.18309621454819 -0.546513582728544
-0.117275606786684 -0.029015227653056 -0.644968005712923 -0.39754530776994
-0.129953118012349 1.14934862349009E-05 -0.660664025670597 0.258053356760589
-0.077346205161982 0.00682130903159504 -0.225706408459467 0.582086210210603
0.0224124095880053 0.0288674094660298 0.0319510201185943 0.417229394921448
0.0625894087259746 0.0300301798331555 0.0825302653503072 0.0780188498521421
0.111140001091715 0.0590095854041122 0.0269792974919894 0.0745002067883747
0.136322916573437 0.0660940448931764 -0.110026776839419 -0.109901177344814
0.0460091208920881 0.0151730265931571 -0.101168376763902 -0.324628221637978
-0.0972303021271332 0.0504746123596315 0.267114989778417 -0.448744655274693
-0.165214995492686 0.0580389244489232 0.679476429214074 -0.202925967913818
-0.197013112335514 -0.0539339018107546 0.681073369363153 0.333631974334936
-0.125834729242902 -0.206728132238737 0.268244281503563 0.538843331152352
-0.0287891172330021 -0.245628781393271 0.0757639402643868 0.201788752457742
-0.0507858775568843 -0.248841729036561 -0.00625588261664814 -0.249675440260974
-0.14452445571089 -0.153993240284338 -0.321648517237211 -0.505682523732255
-0.203930655916271 -0.00667692047167423 -0.708422341298956 -0.189750364121861
-0.189455447692733 0.0409263408485531 -0.557297272313223 0.419248283714086
-0.0723750189028782 0.0413469100256142 -0.108638409618127 0.568832369580296
0.0682503177381193 0.0649431235897675 0.0847365929381858 0.337548917965795
0.11028533883597 0.0605179777532332 0.0756083386569456 0.0312160644168074
0.13020587648659 0.0791842356421286 0.00224394360510383 0.0485061627898564
0.133618880178053 0.0889492259530901 -0.0856435823877313 -0.167988592555266
0.0152430783924782 0.0509452134371581 -0.0067751959249414 -0.410346312536746
-0.157193046403314 0.0783622546487037 0.389538360857583 -0.419505447688865
-0.219245992330595 0.0293434125230591 0.717451356221798 -0.0225996328760812
-0.214756660105358 -0.136830847263354 0.56451594645224 0.47270617435512
-0.103456283630191 -0.284384886603976 0.157114016954613 0.501579915627416
-0.0308312390281913 -0.295984112422196 0.065120042221079 0.0744133574671411
-0.105237438240591 -0.269285262875932 -0.0789564166215659 -0.339089295535151
-0.213181946359653 -0.131900637728214 -0.473964974197452 -0.421319037309341
-0.247984098929165 0.0393893962945584 -0.735465460652579 0.042073457438744
-0.188328216232295 0.0749205459279963 -0.421422872427863 0.532192175671871
-0.0301074663777576 0.0625220988175497 0.0091564288899242 0.499981350450327
0.116362602684574 0.0847409814345387 0.130658602804158 0.23755330699184
0.144263106293974 0.0762913635602133 0.060565170085058 -0.0196008779564634
-0.166315533613041 -0.0429617379978369 0.000998963597637832 0.00262514955962825
-0.137419364618656 -0.0794340742479252 -0.134450633484387 -0.147623800035441
-0.0558041794521378 -0.0749905476603113 -0.0713738762508157 -0.384884820224097
0.134235926933717 -0.158523427371728 0.274682319690465 -0.46464143191324
0.293678747346247 -0.0991861838123385 0.67591755047849 -0.220990094180577
0.26435726553485 0.116421312110693 0.634822610596956 0.293274458197827
0.133446961087031 0.286156646999491 0.220283414840916 0.407961934366977
0.0143585506179653 0.325625117958543 0.073025914628383 0.0614499892664873
0.0343037808659775 0.329663557377579 0.00276546447659606 -0.41092127060531
0.17338745777801 0.224910555942549 -0.341114424588566 -0.647381141407931
0.287058842869406 0.0307739666250472 -0.737173733720885 -0.282438344652829
0.227893886541124 -0.104202004746585 -0.580709291829752 0.316409310089384
0.0184004940905463 -0.0956972397577849 -0.141560090538044 0.491321762996641
-0.120603361053915 -0.12590881395971 0.0552070842276044 0.324603232383659
-0.142655978543688 -0.114435338710961 0.0326644795597701 -0.00359035402578839
-0.152857049530813 -0.0298075884200054 0.0260703634698974 0.029309320011529
-0.129365828705603 -0.0655441036315787 -0.147081668512209 -0.0930701996440363
-0.0905017170216409 -0.065892176525605 -0.145290050289101 -0.288907711617742
0.057385143425977 -0.141510238491483 0.178209393541377 -0.448582899220577
0.227766349401787 -0.11127063978291 0.629062738574861 -0.338308418133448
0.242507386206765 0.0658416374403666 0.723408329782825 0.176393973572233
0.143264677366799 0.231458519007027 0.320471340588342 0.443957101340021
0.0104278737566504 0.282076157820826 0.0803558581583738 0.192555208922501
-0.0137012036427258 0.296365129718097 0.0510242154618952 -0.287121080187614
0.098983646053301 0.239604453433303 -0.181878342477307 -0.66042407313647
0.24104086198055 0.0843298904778333 -0.657928742228836 -0.472417165168508
0.23466388226108 -0.0732351270787917 -0.670327183672068 0.173234369549118
0.0523562351468272 -0.101421757433707 -0.249633591087806 0.514894670229449
-0.084348660208473 -0.127941719789825 0.00763261704184565 0.399530688648241
-0.121568724716008 -0.114923266305663 0.050033579692301 0.0493403267547883
-0.11562573323608 -0.0144972390086519 0.0484265583050464 0.0496238418073811
-0.087745628363058 -0.0457754020825195 -0.148049714564749 -0.0667351245895724
-0.0828178862048309 -0.0600187404010769 -0.193263821185694 -0.221965765483189
0.00392740246042063 -0.114701111352284 0.11140413546381 -0.421180131359368
0.144710772332441 -0.0858473368607056 0.584908127638788 -0.396378904939138
0.171980370736478 0.0424257878317555 0.777710634983321 0.0939962449972738
0.106745853407075 0.160768300483882 0.399135353305303 0.469447969574102
0.00243989196324786 0.197657037240539 0.0853849283976029 0.295325903613991
-0.0323771085497609 0.20438771699158 0.0603318116696799 -0.180339341872384
0.0387490746703438 0.183101029542236 -0.0835785581949822 -0.626535442181357
0.162443207622615 0.0896623440766471 -0.579899129615886 -0.581282525892752
0.181187894947981 -0.0457558800687061 -0.716163781113278 0.0632419421327872
0.0482556106563491 -0.0890257920847523 -0.326000730330256 0.520522801541903
-0.0522321189279085 -0.107132598813813 -0.0272340098064169 0.453440442455387
-0.0857779267824113 -0.0944722727993616 0.0661898269092026 0.0922855314893654
-0.0558275130905143 0.00294333179576964 0.0602492183352356 0.0668467522069158
-0.0219657174251784 -0.0206655840476377 -0.143640468150574 -0.056527386157429
-0.0427736458092159 -0.0531107679893066 -0.21400223454279 -0.193087641825452
-0.0178751642403646 -0.0832872986433773 0.0811237565331211 -0.40694175293246
0.0649191737230072 -0.0414859431874331 0.566086689864504 -0.413037085069728
0.0753081174555033 0.0379519640735824 0.79909228687561 0.0674322277576168
0.037236735380218 0.0809091425541712 0.441710094110049 0.494172427314605
-0.00712595247677406 0.0839980133684416 0.0892172379629145 0.351294368542492
-0.0210108303988972 0.075904255549699 0.0524161604705118 -0.120079401636983
0.00761137142451885 0.0788175604821637 -0.0549109266560671 -0.588863754396496
0.0753724027732076 0.0474746800626882 -0.548446811055242 -0.60173024838117
0.0864098562833579 -0.0339142632447837 -0.731561634772205 0.0382251425435321
0.00947087814553923 -0.064481527744017 -0.352142470575612 0.534001891899083
-0.0302103675284979 -0.0677595385789183 -0.0357945517078425 0.47756818734307
-0.0400901248755408 -0.0580119710073737 0.0760692894801601 0.113647005363601
0.0102059581980674 0.0213245162063581 0.060163295704384 0.079355152259534
0.0483674318329318 0.00832379189307002 -0.13559354846758 -0.0605012710606756
0.00861163177516457 -0.0408531595057442 -0.20802316840427 -0.204224857926628
-0.027987971380965 -0.045546675276019 0.0999677019908966 -0.415408797732876
-0.0114629395140381 0.00801040719563848 0.581578958453311 -0.392628109309986
-0.0311188967772495 0.0325636147114712 0.793722462128537 0.105391414886779
-0.0423845382255089 -0.0086924782509275 0.425871867701271 0.52268841916447
-0.0160418495488073 -0.041637602115315 0.0881442872228235 0.355223196962031
-0.0025956990709311 -0.0607224521233778 0.045212741065625 -0.116248718128476
-0.0173535302878535 -0.0371492277399921 -0.0893586295935756 -0.567829572288409
-0.0175730014041384 -0.00658320336480901 -0.575277634689465 -0.545427310782392
-0.0279457285298418 -0.0261637084349217 -0.721553111624439 0.10796037121075
-0.0430119369829729 -0.0312197675128531 -0.319748671274802 0.562238214601151
-0.00920616750725501 -0.0193460975887503 -0.0147827842134949 0.470638337751449
0.010463868891956 -0.0126045752974717 0.0835252801545252 0.110147229383239
0.0692593536195665 0.040637068071684 0.0484935890616874 0.0835594918759397
0.107382298693907 0.0382669657751964 -0.12643932840835 -0.076935989228452
0.044296553165861 -0.0174523617550819 -0.170342474181402 -0.251674028760727
-0.0498720185884199 0.00251890694107339 0.16747865687742 -0.438982333997893
-0.0905937904079742 0.0469047295769789 0.628611490142883 -0.325990670573083
-0.129524282189095 0.00605556614046662 0.762085870423668 0.203620624646202
-0.103624293930254 -0.108572034738773 0.365799599495442 0.544798074951204
-0.0231733223690007 -0.158399571830669 0.083277390513698 0.30314344014131
-0.00941354472553025 -0.176979957336778 0.0327831475505348 -0.16798580896955
-0.0685173863923071 -0.124856375499933 -0.182731915928963 -0.552771038162088
-0.117950108451757 -0.0303620092562994 -0.647929578042791 -0.40516106885024
-0.13198541282786 -0.00101911262464464 -0.669301931920167 0.25855813538851
-0.0780144253357088 0.00679018627209211 -0.231717482641928 0.586955659478389
0.0234789620637904 0.0290952061773733 0.030148353302798 0.42286887699358
0.0627058243290234 0.0293634955441457 0.0840468138009097 0.0798888076567339
0.111318818554821 0.0615279248137995 0.02668046219491 0.0746121138623078
0.137382578010381 0.0678657182171633 -0.11062952004117 -0.111991980456585
0.046401787296403 0.0160411010424648 -0.100430769213651 -0.328160098542981
-0.0973859842517903 0.0501750155232628 0.272434428856739 -0.451965798764749
-0.167835944508697 0.0573074895511837 0.688237713885838 -0.202238988770825
-0.198633374576256 -0.0557464483224907 0.687702923665312 0.339877284699144
-0.125553077100733 -0.20871456392722 0.267020223899488 0.545303076067625
-0.0282809209789503 -0.248379727198789 0.0746688983693866 0.204647676467482
-0.0494848066329794 -0.251082791806885 -0.00365019076651148 -0.252281379016158
-0.14523378577692 -0.156548618500894 -0.322811658945229 -0.512908849131574
-0.206621073777166 -0.0084029570216452 -0.715060948336769 -0.194885434728803
-0.190965997690855 0.039556156558207 -0.565844209442748 0.421484851610318
-0.0723741199547191 0.0423203908080007 -0.111668654434281 0.573968853563028
0.069182666430098 0.0645034633435241 0.0831535638945682 0.341848570212349
0.110205886711608 0.0603515360868353 0.0767159022760225 0.0332042132028029
0.12995640358978 0.0806643924209205 0.00205035210530054 0.0489359667327519
0.135491215836416 0.0898732224662262 -0.0851967726790497 -0.170184037504225
0.016362724217369 0.0514704387949459 -0.00481075002304037 -0.415745735653533
-0.159306970790249 0.0795342506744749 0.394856314480106 -0.422374455677671
-0.22111148024703 0.0280347105287378 0.724102578061281 -0.0195733106723047
-0.216289530393547 -0.139896801780583 0.569145875948294 0.47942462490316
-0.103246104287673 -0.28749608855275 0.156189463922436 0.508684666812725
-0.0300231312255302 -0.299827225866192 0.0647782062873361 0.0764113021573063
-0.104931401448315 -0.272148860541244 -0.076509281790819 -0.342580160010521
-0.213944451061655 -0.135022922763673 -0.478330056973326 -0.429343589363459
-0.250664711640962 0.0380364836031713 -0.743795376234132 0.0366540665086608
-0.19036617750353 0.0741909181227309 -0.429241777433262 0.534451343041608
-0.0300874052710101 0.0631367865668887 0.00740343264447716 0.504562735557927
0.116655230809145 0.0860021136376942 0.130485110848826 0.241620572809076
0.145049633707256 0.0764401786471657 0.062244110432615 -0.018918532304084
-0.16725988469863 -0.044413043052921 4.69089129177329E-05 0.00234474213024356
-0.139766156679204 -0.0816655504411906 -0.134096321526774 -0.149562083625946
-0.0558206366101587 -0.0772526548180576 -0.0710865502225059 -0.390543195660945
0.137282239518669 -0.160014712476645 0.27801932630553 -0.471692562712507
0.297754953623708 -0.100780615404672 0.684374015536337 -0.221711002465741
0.266431933580884 0.117631214402462 0.642751414681351 0.300257220203091
0.134212118996477 0.29093872576864 0.222174352834984 0.412536511970541
0.0139343890156869 0.329862605578782 0.0733846615679253 0.0616905416662845
0.0329716029234323 0.33500460464964 0.00539968853916535 -0.41526011001952
0.174765100625764 0.229247199023339 -0.341761615718605 -0.655465668866573
0.289437989216135 0.031378999600357 -0.744519995181853 -0.28826656201503
0.230669387959684 -0.105113497759253 -0.587562674670518 0.318709716829911
0.0189152390661163 -0.0970204927198929 -0.143624460692884 0.498662556030935
-0.121061102518491 -0.129401755044808 0.0557185230231381 0.329563618628757
-0.144231643609402 -0.116920620580301 0.033308777392225 -0.00335504983689871
-0.153613167199149 -0.0304646425536055 0.0247766848592906 0.0303493966873282
-0.131044137499553 -0.0675074157558761 -0.147065851495356 -0.0948601209304516
-0.0905381480649429 -0.0670813464355631 -0.146035139867922 -0.293125589226551
0.0591332728572067 -0.141974514982915 0.18125199136387 -0.453416498892877
0.230626563782673 -0.11181588589646 0.639399078037124 -0.340447573559689
0.245604328381335 0.0675223490125101 0.732534526122252 0.180874680580885
0.144329001525666 0.235683700534068 0.323162851189955 0.450051641148982
0.00924999273448517 0.285095298476517 0.0801408744758067 0.194788506093285
-0.0156236337980941 0.300366795559046 0.0531250463082506 -0.290447780649635
0.0990395836682046 0.243329216491736 -0.182019413648284 -0.669032596818482
0.24410184956974 0.0858590942008553 -0.66435920176829 -0.480879932098904
0.2379418134232 -0.0736765240089421 -0.680308629685957 0.172939595002849
0.052583752639535 -0.102086601470413 -0.254604067398261 0.521695827040638
-0.0860223635041605 -0.131604236450165 0.00624957157258158 0.405861639242544
-0.122604232606525 -0.116328325462216 0.0512472534309666 0.0496145537741102
-0.11701114002154 -0.0137800643658008 0.0478540051153856 0.0500100880088446
-0.0883483041792126 -0.0479520825179476 -0.149017645192321 -0.0680981307426093
-0.0832867572028909 -0.0608443131571465 -0.194922170469263 -0.225760997164988
0.0041121682595992 -0.115540522428624 0.112305232022805 -0.426780798633985
0.146383192990364 -0.0876505807270194 0.59506872874149 -0.398992403524649
0.174098729331655 0.0426795529566077 0.787449944598397 0.0964497467776388
0.10834166085572 0.163863359206421 0.402507084435817 0.477038187051895
0.001318256523985 0.199456361280327 0.085795574199082 0.298820655628965
-0.0339153435862784 0.207222308587095 0.062343620378259 -0.182279381996329
0.0373605476915119 0.186987978065223 -0.0815748499060166 -0.634462615162022
0.163886678931987 0.0914374885452215 -0.582448186778946 -0.590668830916109
0.183638450240998 -0.0456663505302424 -0.72526203560089 0.0620881988210558
0.0496722159325585 -0.0900433660456014 -0.332288983660816 0.52659839737718
-0.0527395938030048 -0.10972732494743 -0.028744299105958 0.45984562469239
-0.0865153990442461 -0.0963612756748835 0.0664863668655458 0.09385338030026
-0.0561129380969557 0.00396525469267106 0.059576766553119 0.0680010795995772
-0.0224065251822175 -0.0218867128971827 -0.144362376161184 -0.0586849272437379
-0.0420599700209548 -0.0545020199591388 -0.21712669435569 -0.197337069125575
-0.0186315985358419 -0.0835406268029927 0.082837699404217 -0.412259214929328
0.0661437906406923 -0.0426255482155637 0.574230685519899 -0.417986934007416
0.0759441784893509 0.0378314191836044 0.808459007032329 0.0709203072863167
0.0377681668880748 0.082476969792912 0.444330865990624 0.502111269872667
-0.00732688568007688 0.0848672549224346 0.0876815604131034 0.355991213493588
-0.02165480612577 0.0774262164694854 0.0536886322283473 -0.122019762067452
0.00750896766698832 0.0798235736859278 -0.053210627329441 -0.596252402675289
0.0765270747493211 0.0478846748758417 -0.55337856534966 -0.611913192708647
0.0877109322704429 -0.0342608212089072 -0.741776427452945 0.0365480111962947
0.0104124114605776 -0.0649160318593654 -0.358779699444653 0.538943468097016
-0.0306356239830276 -0.0699801255579818 -0.0378716989116289 0.485156405031116
-0.041474638319933 -0.0588037349693435 0.0775716015599435 0.116765358095755
0.00907232139827089 0.0221366640431286 0.0599964099162746 0.0803750167146519
0.050004857847965 0.00822165702075722 -0.136938876320178 -0.0615968920820058
0.00895911617769349 -0.0412897849478568 -0.209453001618222 -0.208327691989514
-0.0279407088930056 -0.0461030314457702 0.102601687512427 -0.42149018475057
-0.0113559024805924 0.0079884802889394 0.590416239181872 -0.395717281012013
-0.0323963573145502 0.0334198657009484 0.805995800046184 0.11002994248965
-0.0433482016785332 -0.00898588548671337 0.430456186012876 0.531099849353198
-0.0153805359054729 -0.0420171204405894 0.0881173197635691 0.360793227841914
-0.00222505887200585 -0.061174406712391 0.0464201615773763 -0.117815930998958
-0.0176494643653336 -0.0379081898161772 -0.0875142573658645 -0.575994495806808
-0.0177159242233775 -0.00676712966190852 -0.579906779873773 -0.553588396556068
-0.0284907106780233 -0.0260643879113177 -0.728736957094015 0.106619637914525
-0.0429686116717926 -0.0314893088360369 -0.324834425377191 0.566610181727725
-0.00886358079726613 -0.0198863613581695 -0.0165530493195692 0.476734086988639
0.0102658647965323 -0.0133831123970816 0.0841379520196067 0.112655571053373
0.068910689391873 0.0416039521520365 0.0480569822311704 0.0842729894825006
0.109296235599827 0.0394114838643031 -0.127506121880864 -0.0784906640488845
0.0453981322608639 -0.0167696816669311 -0.171052616476054 -0.255798080356409
-0.0504275477604177 0.00272911556291844 0.170446532538338 -0.44553796325689
-0.0912310181831454 0.0469282854973493 0.636997189155611 -0.329317736072882
-0.131201239944526 0.00601753565945658 0.771259351689896 0.209252631715289
-0.104371435659231 -0.109423785397893 0.368110146346203 0.553039246265751
-0.0226666504009636 -0.159988460129022 0.082502630245454 0.307881593084634
-0.00866039927043051 -0.179027101688914 0.0341188045059467 -0.170309475169831
-0.0687750462679709 -0.125900041348652 -0.182953428142708 -0.560588084441502
-0.119625663043408 -0.0310925784333734 -0.653346036496699 -0.4122979006356
-0.133206588574058 -0.00183381515572895 -0.678273783261064 0.257438986275572
-0.0779763898899406 0.00742953894486487 -0.235647190894498 0.591299908318457
0.0237426195331954 0.0292880312286132 0.0287390451732574 0.429009182140487
0.0627390291327448 0.0297239791778513 0.0852835286501247 0.0820655176739626
0.111349803414993 0.0631537191955272 0.0266739958840103 0.0753400602977648
0.139189386856763 0.0686449396668387 -0.111389278750105 -0.113400301310396
0.0471320422509932 0.0171321912212695 -0.100787919686086 -0.333155426019264
-0.0992304511355779 0.0509658790208211 0.275033251388324 -0.457079556669655
-0.168757490188588 0.0571156931782809 0.695383570560364 -0.20348070497698
-0.200711263682503 -0.0568182891673697 0.695059691689978 0.345693677103964
-0.126197824940407 -0.211054029356492 0.267641187549513 0.553026093125899
-0.0275560389326013 -0.252287532199469 0.0744079555903053 0.207846171701036
-0.049299495847893 -0.254404512570467 -0.00306474432865152 -0.255323068480464
-0.146814198433638 -0.159042756007356 -0.322928094723954 -0.52091812083091
-0.209143828062054 -0.00895317736809763 -0.724235429469943 -0.20056284480737
-0.19398389445393 0.0402488694124662 -0.573588911938243 0.424689718808717
-0.0728087300498509 0.0431337297467687 -0.115817453223613 0.579234843669131
0.0702947207009356 0.0661141827204397 0.0838301009072656 0.347349885213447
0.110820534757813 0.0614388420968813 0.0785045204607654 0.0342149512928406
0.130606838658362 0.0831674288008673 0.00100234956502384 0.0488009667313077
0.138000076178608 0.0924869098157145 -0.084826339940984 -0.173294214851396
0.0165849178353064 0.0522367350293568 -0.00349075329656582 -0.421201480504001
-0.160969897345776 0.0792094285033182 0.400565383924403 -0.4268051789972
-0.224537883660029 0.0269184773333813 0.733370914779643 -0.017791589542743
-0.217854294192435 -0.142477577886323 0.574607811945141 0.488183916825172
-0.102596065762153 -0.290861746659109 0.156679462093377 0.516028428963532
-0.0283962509932339 -0.302848911188052 0.0645946225174355 0.0779214066492478
-0.105081720600742 -0.274876496130088 -0.0757480590852372 -0.346910051416027
-0.216173265361149 -0.13797018261979 -0.481333918445545 -0.435366401767946
-0.253203586794005 0.0373402069851806 -0.751791978670497 0.0351830436513769
-0.193687924691926 0.0746157735539313 -0.434136990436246 0.540484460923677
-0.0298962592732025 0.0643710993857672 0.00547193580022028 0.510471683625764
0.118193297520943 0.0871819201041433 0.132075047936231 0.245939185387167
0.146228794128469 0.0767867284111682 0.0635186177272495 -0.0178905154614139
-0.169474552982237 -0.0433516546741527 -0.00132040770211165 0.00203903447074157
-0.140889836417212 -0.0839632257368133 -0.135771045931314 -0.151919000379859
-0.0564911386499692 -0.0782127131873671 -0.0717262037360791 -0.396041615523482
0.138647572308891 -0.162910269273909 0.281578465816229 -0.476186360276316
0.300383124728573 -0.102766227938291 0.693083702706261 -0.225796404788595
0.270289373185399 0.119340597601608 0.651411372078091 0.30174662030904
0.136456553858775 0.294836372971048 0.225378505032014 0.41540005220679
0.0130617577160024 0.333461474868357 0.0735019652319523 0.0635900971792372
0.0335616931452147 0.340065465678131 0.00507485976080484 -0.420456410226616
0.176858220333145 0.232483833042513 -0.346313490643726 -0.664805997106256
0.292768776629845 0.0311936958960599 -0.754806027284209 -0.29216957738914
0.233059778508004 -0.106593404556957 -0.59524657383678 0.323531148482952
0.0189535472183918 -0.0986527235728685 -0.145300628911112 0.50564266051239
-0.123592625316836 -0.13158683453129 0.0570089988637485 0.335141353965074
-0.14584552832116 -0.11904300059738 0.0340494637007328 -0.00369700657348709
-0.155032110501232 -0.0294661160746125 0.0249490469188998 0.0297583616910807
-0.133215605803037 -0.069601360387854 -0.149445603382288 -0.0966213870738053
-0.0909088791165283 -0.0688757488631552 -0.148059261852188 -0.299121492030772
0.0592536712536327 -0.144470014299585 0.183397377071965 -0.462204114829248
0.23351074005012 -0.114475913413614 0.645235084178779 -0.345774590536003
0.249094498010581 0.0686851669060624 0.742771550197611 0.182247864670017
0.145968702213545 0.23800804058357 0.326616272130372 0.456998484501657
0.00955214430641892 0.290443244777902 0.0804263079226745 0.197468116427368
-0.0164300463593934 0.305416068710068 0.0545552941906537 -0.295115685257806
0.100727991980152 0.247664789124401 -0.182462148468383 -0.678591389454904
0.246622212228143 0.087384679623927 -0.671680681747264 -0.489821691237105
0.240158068837555 -0.0751134261344596 -0.68865344281841 0.174583494712823
0.0542417600350335 -0.105545411137341 -0.260460243223455 0.528941034163742
-0.0874323940562408 -0.133191492702951 0.00737553831610598 0.412992304995151
-0.12539828925784 -0.118416129761461 0.0521695400928294 0.0508070164474567
-0.117605092170931 -0.0137644260642438 0.0484886922967358 0.0507441532381156
-0.0894112222840055 -0.0489925111921748 -0.150309844145887 -0.0694174266606753
-0.0835228777480427 -0.0616407773813772 -0.196679349832306 -0.229535004790025
0.00455908000685795 -0.116902159894594 0.114018728474021 -0.432864701997399
0.147736758298532 -0.0889346661797086 0.60054248191479 -0.405871896802293
0.176546229078737 0.0434576841815155 0.79868458060538 0.0965414810539038
0.109324235916224 0.165894220635712 0.407058956955858 0.483488595247084
0.00170524467979335 0.202366352522917 0.086046927451298 0.303532662035437
-0.0352359889479271 0.210169812055268 0.062705993817161 -0.184398691271166
0.037875831028742 0.189692112855864 -0.08237737962617 -0.642571178852206
0.166063551955355 0.0923389535585875 -0.590334968293195 -0.599221666286077
0.18603299580751 -0.0469117921985593 -0.736336896894553 0.0620562899976722
0.0503076561277415 -0.0917154169180651 -0.33697401275305 0.5337975943986
-0.0537892733419662 -0.111969094660352 -0.0282655501703539 0.466892374395727
-0.0884684137610683 -0.0980783879423117 0.0682013477632023 0.0957204700631852
-0.0569219211351877 0.00430129026126205 0.05908588139101 0.0686229078694529
-0.0226565412889513 -0.0218600221078443 -0.145580580029474 -0.0591647844523443
-0.043293362383887 -0.0546806767239085 -0.219304575772625 -0.200573565186459
-0.0188902385375764 -0.0852216853206221 0.0825217602347492 -0.418467035390063
0.0671013796704884 -0.0435625985605571 0.581233201583613 -0.423004167000543
0.0771811479633536 0.0383851839842018 0.82043926024683 0.0709175934998151
0.0379914365520136 0.0838046292829507 0.449627169693391 0.509524828467362
-0.00647732819222868 0.0857912530364647 0.0887777987036661 0.361885814075335
-0.0213332056754841 0.0785332219623135 0.0546570236808968 -0.122828860110531
0.00709787345385838 0.0811850108120412 -0.0535030603197862 -0.605082576696587
0.0767324476555323 0.0485948048259645 -0.55858367527472 -0.621942089963279
0.0882313810064724 -0.0342369395639892 -0.750476740118655 0.0357727566551303
0.0100078991642556 -0.0661029949976706 -0.36251809485383 0.546883956366129
-0.0302221632394933 -0.0716884095890865 -0.038107397390306 0.492401669599183
-0.0421986288584642 -0.0599802375936369 0.0794034322036084 0.118995224783334
0.00910849197456426 0.0228132274702904 0.0597510689378018 0.0821354461466847
0.0503226152890023 0.00762465997315851 -0.138510127864334 -0.0629388521455634
0.00978893746798495 -0.0414575308990226 -0.212331154655557 -0.21084781851826
-0.0278788477677582 -0.0458102533714276 0.10308965655728 -0.427110556748336
-0.0109959738034064 0.00773140077284578 0.598448654840449 -0.401453701193913
-0.0319375314571805 0.0339738685169921 0.81550220267101 0.111005041829237
-0.0436962715361824 -0.00913744608873869 0.43531191053872 0.538969856201435
-0.0161558788564993 -0.0421425203323193 0.0885720325823378 0.364948101691425
-0.00292176490334257 -0.0614237203988564 0.0473419796966848 -0.120428294143287
-0.0176021801500819 -0.038448436497528 -0.0890135296480115 -0.582910457826064
-0.0182510113881651 -0.00694921354462458 -0.587593771151789 -0.561878979288345
-0.0286094876342216 -0.0270704546795144 -0.739086922836366 0.106028491841435
-0.0432585968732613 -0.0316637512314339 -0.330050759424048 0.575746176015387
-0.00838301015946106 -0.020920712785823 -0.017481668796467 0.484214810978696
0.00978205895550395 -0.0140807508551332 0.0864503323952877 0.115540991381144
0.0693088393806009 0.0426906899875182 0.0474871700587723 0.0856970579916484
0.11080413139316 0.0398772694565051 -0.127829891694729 -0.0803155687741213
0.0467983650998903 -0.0172267288191944 -0.172281733921122 -0.260073914895381
-0.0511366135182746 0.00283225447633146 0.170987767646335 -0.451587811879027
-0.0925463826990749 0.047070658895169 0.645474030950068 -0.334006209734759
-0.133693517311026 0.00609138246487984 0.78214307426977 0.212305163721917
-0.10617523853387 -0.110846257188334 0.371946100537625 0.562398267685145
-0.0227975549630186 -0.162028001732359 0.0829864702751089 0.311323384527128
-0.00846985008168876 -0.181316355735522 0.034212045821043 -0.172201061691812
-0.07014161722372 -0.127829507240062 -0.183676189544773 -0.568924733438532
-0.12120333525067 -0.0312215424974799 -0.661127854976723 -0.418168732838539
-0.135397639185218 -0.00237243284269169 -0.686169277518307 0.260595051912775
-0.0787159575299449 0.00742783798447404 -0.239603090977191 0.5997713144246
0.0237400862408727 0.0288748499086935 0.0298629713966145 0.436271622066429
0.0627324277492842 0.0293151351570236 0.0873533046322439 0.0841969822886596
0.112006184184619 0.0647416266926132 0.0262727905253821 0.0759345146999219
0.142474855239064 0.0691545241879871 -0.112084821284819 -0.116050984895239
0.0486917425734434 0.0187412198017254 -0.101646155400385 -0.338194971661955
-0.0999151530802038 0.051674252816426 0.278382618505918 -0.463144487981453
-0.172136391476105 0.0577087287027954 0.704323828073881 -0.205186901869076
-0.204159661535265 -0.0577532654967826 0.704950502549605 0.350248755237496
-0.127390662260013 -0.214736594613463 0.270431221233277 0.562018493429552
-0.0267892578934459 -0.255125205945113 0.0750008233427154 0.210199063593303
-0.0498784624175797 -0.256820565183315 -0.0023311607930948 -0.259157052040251
-0.148553712124762 -0.161421647421832 -0.327785025986753 -0.527020936872208
-0.211714496040973 -0.00941512646562338 -0.733149735888898 -0.203147982522321
-0.197053451786184 0.0397841301781641 -0.581030314565967 0.431150400410317
-0.0729054910172141 0.0438413602198048 -0.116489159343325 0.585721883793177
0.0707173023494172 0.066635709261798 0.0849644988890441 0.352222686270544
0.111728985468423 0.0614802343855544 0.0809522252423274 0.0359996170202029
0.131964299401292 0.0851175063295043 0.000296842073906256 0.0492405374766683
0.140099221165034 0.0934500613174263 -0.0867308156587175 -0.176468566002564
0.0170659769956306 0.0541803228543779 -0.00334785860105756 -0.426588151255815
-0.162790107063372 0.0812214137871739 0.403996357612338 -0.434247672119991
-0.226315002883998 0.0268221878183412 0.744682066147137 -0.0186011720784713
-0.222213600968038 -0.143763396378837 0.584982876453814 0.49418724940523
-0.104800428687471 -0.295485034140139 0.158147849928692 0.523041017808181
-0.0288497761463329 -0.30652110454167 0.065110807293337 0.0792770829958179
-0.10667631813281 -0.27813642279968 -0.0764651283763903 -0.35177196231534
-0.219284942548375 -0.139941129973325 -0.487472484125485 -0.443132960930485
-0.256135543435536 0.0372881314481718 -0.762840711510179 0.0363099496126805
-0.196223994381388 0.0760551315211087 -0.441814871819446 0.549186765488267
-0.0301740928886385 0.0659296239568421 0.00596901049840135 0.516821162576432
0.119602556378964 0.0885858671100665 0.133792604727181 0.250114348136229
0.147105223320308 0.0773074876950285 0.0653556340639058 -0.0169213374822072
-0.17089547762576 -0.0436410337989507 -0.00108758767843764 0.00219481564352924
-0.144020883645115 -0.0865192052962095 -0.137343843044746 -0.155370370139142
-0.0568082516128661 -0.0797324276176253 -0.0748819469758288 -0.402475137158442
0.139773096605238 -0.165423111840064 0.283415388849062 -0.483809517579873
0.305037937669709 -0.105049404139498 0.704175288927972 -0.229943174882791
0.27536100257712 0.121445556110987 0.663632333436645 0.303578847861838
0.138582825288778 0.300612789444959 0.229795108834883 0.420937326824944
0.0148754745253665 0.339111336650736 0.0747790156983646 0.0635441622340154
0.033555756972713 0.345186781069124 0.00547755317632675 -0.426812173318887
0.17966628200057 0.235904302173193 -0.35141156000167 -0.675862965282043
0.297447633347266 0.0305735064076969 -0.765940916980176 -0.295375695123298
0.237418331968467 -0.108369358926885 -0.605198691329628 0.327629372055744
0.0188474596900601 -0.100253137400132 -0.146914133662787 0.514324412164439
-0.126730189269302 -0.134637737137757 0.0592153563668005 0.340537942610447
-0.14904890629528 -0.119474698394469 0.0354327490331491 -0.00359097317295611
-0.156577170485435 -0.0295807488523913 0.0248813812369834 0.03083209912133
-0.136185186369108 -0.0716457171931456 -0.150314906306684 -0.0981071826390306
-0.0919545424599339 -0.0698521237287162 -0.15158391877742 -0.302564420189916
0.0598143273675215 -0.146608795734425 0.183835578593641 -0.467831362411765
0.235679410964264 -0.116911242824373 0.654199501280119 -0.352358433650428
0.252345229706459 0.0686363913787976 0.75464901418404 0.181164112335358
0.149853402519235 0.242980890540907 0.333776263014892 0.461237543356114
0.00993074620631526 0.293468776166968 0.080787808368356 0.200244359281007
-0.0158270095483404 0.31024659027118 0.0548646585171702 -0.299475310468734
0.100525817288779 0.251052388019628 -0.186471888194219 -0.687580868754419
0.250621608499745 0.0878338280298945 -0.682774519671111 -0.494689945510714
0.243904985924729 -0.0765221426146279 -0.697915285679367 0.178884150856761
0.0550249722312299 -0.106406501384473 -0.262270213024294 0.537339614275942
-0.0890547056913912 -0.136894911020673 0.00795793649629576 0.42053747970941
-0.127330867622192 -0.119848735069037 0.0539147344465676 0.0517699877058207
-0.118997677492838 -0.0123277914439167 0.0477667444470727 0.0516745991329526
-0.0906055018341378 -0.0504989891605513 -0.151991095333185 -0.0705469217698742
-0.0851037563467143 -0.0629682778560224 -0.199994423898596 -0.232789869458684
0.00423244659210403 -0.118728761292535 0.113891112854475 -0.437854243775083
0.149609967054802 -0.0901800066334044 0.610165454565211 -0.413664341865789
0.179073959741163 0.0434770927609413 0.810612513455297 0.0955678561165194
0.111437665804721 0.168746868720966 0.414302277880709 0.489807090513724
0.00233277534335522 0.204472237188688 0.0868033423612436 0.307653454081198
-0.035425259571694 0.213737994550167 0.0632059858016092 -0.188000913166036
0.0381997722885175 0.192335478826853 -0.0828185111069899 -0.651860734026492
0.16785781448868 0.0930872973029245 -0.599333444969486 -0.607906384684839
0.188264599753895 -0.0474987076539326 -0.745948106653475 0.0645609374959946
0.0508800362619908 -0.0934758626190367 -0.341341550690818 0.544258972647592
-0.0549448174841599 -0.114264078263676 -0.0279312228739117 0.476441768067391
-0.0902703448581154 -0.0999218935129622 0.0701980073521742 0.0979438997582208
-0.0578938417786686 0.00537572302137529 0.0596635566716433 0.0698525212222016
-0.0228500868160894 -0.0234289063954564 -0.146998010946827 -0.0600195867871576
-0.0433974342203526 -0.0551899892362258 -0.223041260126253 -0.203733929849254
-0.0188106994785707 -0.086376269283164 0.0832059156911077 -0.426026829440777
0.0673302527309231 -0.0447213767743583 0.587642307239043 -0.430783562398916
0.0781824739335975 0.0389129315572308 0.833420451528493 0.0701780267799921
0.0394595882593709 0.0856149315878855 0.455686834057254 0.515946846289102
-0.00748266057332381 0.0869522666449525 0.0899193348447424 0.366969369183413
-0.0219176712759572 0.0801834409613445 0.0555086963383236 -0.125345819804822
0.00737499943852693 0.0828975789887493 -0.053460366142452 -0.613819833614242
0.0780343660036456 0.0483791053992418 -0.568495295609876 -0.629470331541761
0.0888008018620744 -0.035501995520355 -0.761180603794665 0.0374943351831191
0.0109317913779386 -0.0669597743171689 -0.3697377234194 0.555233382523187
-0.0313400818185427 -0.0734224585778995 -0.0374759931447845 0.501222163083372
-0.0432732697246607 -0.0609534068336677 0.0817651754286172 0.121305936116171
0.00921520769112712 0.0234681278521466 0.0603913775742048 0.0829814666966573
0.0519303457173834 0.00767557461663328 -0.139503300155898 -0.063886087308402
0.010806380124648 -0.0414778126756993 -0.214947885861413 -0.214591563335753
-0.0288327943321951 -0.0462994892261233 0.102404991036638 -0.435095943984589
-0.0121108181431636 0.00755927510935662 0.605059796104768 -0.408671219721453
-0.0331839328109929 0.0345644747911495 0.828650503275572 0.109890687799051
-0.0441798462807348 -0.00756744353042222 0.443405659815741 0.546614614437576
-0.0165553187022888 -0.0430644034573617 0.0898575730073456 0.370322342880092
-0.00289793414229328 -0.0618947066685529 0.0476222012889179 -0.122805387902687
-0.0180128461824944 -0.0384716465732698 -0.0899724449977617 -0.591895904803627
-0.0190214041385268 -0.00748112099551533 -0.595270873385526 -0.569199194729497
-0.029873338874815 -0.0265554876737126 -0.748039914828396 0.111100896502035
-0.0437023152142496 -0.0320729247492158 -0.33361415988424 0.583958397033984
-0.00841968510599918 -0.0214656118661253 -0.0155690296108011 0.492314343380925
0.00969133850828136 -0.0147971993856137 0.0887026787696612 0.117343657447746
0.0693589553298187 0.0441740744172847 0.0478616978103128 0.0867493386207095
0.113049926709155 0.0396252474725793 -0.130312227246399 -0.0802380110940266
0.0471457973801508 -0.0163660712527541 -0.175425810246026 -0.263549514506579
-0.0510951361561709 0.00300203811733623 0.172188738285384 -0.458505025381175
-0.0935448610039809 0.0478915547522724 0.654589735789851 -0.33952840937653
-0.135008910778091 0.00650401445709699 0.793545190202414 0.212419393394057
-0.107324997139494 -0.112261173733349 0.379598548548085 0.57005660338122
-0.023390192864573 -0.16454665786946 0.0839934462019703 0.316323919278234
-0.00940797037184332 -0.183412683712376 0.034533747549017 -0.174850566568139
-0.0706018009049212 -0.129704794819178 -0.188070837520491 -0.576738330516531
-0.123194036125481 -0.0322912157944728 -0.671851782056602 -0.422901712044999
-0.137972681695224 -0.00144236533370224 -0.69535270353793 0.266140291817673
-0.0797643939210469 0.00799312651682686 -0.240522231994792 0.60989151653661
0.0251298863424383 0.0287271110234445 0.030813459383276 0.442988941290271
0.0635153161675253 0.0296447534588338 0.0904183607758222 0.0859982974743411
0.112837005344885 0.0662129194595806 0.0259618116681883 0.0763951367806862
0.1454917475487 0.0699001197984867 -0.113819233462606 -0.117284735754129
0.0502975177765927 0.018559325149627 -0.10361937508221 -0.343429533008847
-0.100905297265992 0.05244024455702 0.280214671406155 -0.471630590011919
-0.174182294048727 0.0583918935494856 0.714894770925234 -0.210383841441153
-0.207552057364807 -0.0581875251776368 0.716194338075695 0.355617691181231
-0.129711977323264 -0.217121569738672 0.274509308987688 0.568751026816175
-0.0278497948329282 -0.25905490664277 0.0764455494957663 0.214060917849957
-0.0505641620797397 -0.260127581459774 -0.00251700891147777 -0.263064698239152
-0.151267774646554 -0.163671449482193 -0.3322456771475 -0.535525086482835
-0.214577077377023 -0.00959347965131558 -0.743317536050709 -0.204991599525675
-0.199913987151162 0.0407105160773655 -0.586515550377339 0.437826089128316
-0.0741154919738986 0.0445914031027805 -0.118385118116366 0.595721985301411
0.072065866774613 0.0670912770563384 0.0870617529725958 0.357783666032891
0.112851232184059 0.0615217625372128 0.0831078375091094 0.0363723292434575
0.132741260588516 0.0864086166976223 0.000107069808075654 0.0493764855925864
0.14268474643952 0.0942047831067676 -0.0874561429842169 -0.178613234973325
0.0181872327984905 0.0556633617460284 -0.00384047860453397 -0.433209182910497
-0.164442427620167 0.0830389718132713 0.40849275515018 -0.441162987038554
-0.230058770958314 0.0267133882177441 0.753701086580777 -0.0223234639961551
-0.22562836312948 -0.146287503555164 0.5927799160492 0.500034357104515
-0.105373180797097 -0.298850408947942 0.161031255801162 0.530096815119137
-0.0294208257238706 -0.311079411100908 0.0658328742802199 0.0811748815042022
-0.108308567476758 -0.282747842883811 -0.0774033431514717 -0.357216187973535
-0.223048590513639 -0.141121945725369 -0.495554722723631 -0.447185689368945
-0.260583713137035 0.0386261806249973 -0.774738237647706 0.0376606109609209
-0.198891128932786 0.0772553779402141 -0.445066636885709 0.55843840987428
-0.0299097390545603 0.0673677580114124 0.00566469642684424 0.522834126458058
0.12171627203808 0.0886832996498721 0.13548230760999 0.253324329741613
0.148063472932331 0.0773779980315134 0.0671803515200634 -0.0169240090298555
-0.172855959656536 -0.0434956903858757 -0.00198447112274549 0.00263749557828986
-0.146655715391782 -0.0880892702489993 -0.139202325921988 -0.157246116594838
-0.0583095183252996 -0.0811321929038031 -0.0775724853823649 -0.408430365952581
0.141556887024811 -0.168429475133132 0.284766025170871 -0.493022580562162
0.308798150886697 -0.108267136578505 0.712627195939093 -0.235040938259862
0.279065848590236 0.120956166426804 0.675533580724922 0.304165644459096
0.14253860495259 0.304518569425816 0.234932293583993 0.425490051027003
0.0168117444715153 0.343552499109679 0.0762694786687681 0.0658671437345728
0.0359642088733972 0.351338304646617 0.00363611428776204 -0.43395749526012
0.182405035184102 0.238649487071819 -0.360375029968538 -0.68484988451882
0.302305827745759 0.0304721654369904 -0.777807645509445 -0.297231366301178
0.240337093834438 -0.112096010075541 -0.611185674046024 0.335412089581127
0.0188555230848557 -0.102761489284898 -0.148509509365705 0.523343190161441
-0.129732854889879 -0.137378951707338 0.0621889061670808 0.347738358666483
-0.151617597025113 -0.120955365783182 0.0361716721888585 -0.00349610986403946
-0.158131882523467 -0.0290356036017074 0.0246577859104094 0.0323381143717166
-0.138122076322711 -0.0731345592662405 -0.152365338013786 -0.0994043349063245
-0.0941680488857561 -0.0707580112345671 -0.154376318510797 -0.306610241345069
0.0604930103852631 -0.149052646982928 0.183630434588298 -0.47675197322566
0.238337592397503 -0.120056709660313 0.662381146790956 -0.36124320650192
0.256383548898649 0.0688521090479769 0.768310000690974 0.179351376673406
0.152856734315706 0.245461037398317 0.33929087529031 0.466214832447329
0.0116428948901128 0.297428994711988 0.0826215114667786 0.203539695824084
-0.0157200301232224 0.315160122667688 0.0543243170231872 -0.304805281016607
0.104627776276324 0.255416901575503 -0.192014800034412 -0.697834358681093
0.25430222701759 0.0871545122421728 -0.693263337953241 -0.498635314903704
0.246840130261215 -0.0788545416300744 -0.70623754788617 0.183575677254262
0.0550086636707729 -0.108763570789861 -0.264237656394751 0.547545814194275
-0.0917429115443642 -0.13942484566964 0.0111065175131737 0.427486190528441
-0.129665762166448 -0.122002624954526 0.0551997957040575 0.0519556903108097
-0.120549142351914 -0.0117509441550884 0.0483064561783358 0.0519769495582037
-0.0924124964128558 -0.0522587088658449 -0.153586245807514 -0.0704078191597926
-0.0859143609416114 -0.0633625896416335 -0.204440094028469 -0.235706393770917
0.00412319919176319 -0.120410833496208 0.112117730800983 -0.447223648100229
0.151101664192216 -0.092828666882281 0.616813467813886 -0.422407152581442
0.181537883156161 0.0433520423240231 0.823941070739521 0.0927890924555449
0.113953201922849 0.171329411375981 0.42292750099038 0.494294117197832
0.00272848115304941 0.207619050297481 0.0890203388426271 0.311674660273114
-0.0351552311116791 0.217384393121824 0.0634524960129659 -0.191492279420247
0.0396205055243882 0.195676955674489 -0.0867026323390166 -0.661238290018211
0.170962408209819 0.0936696422052094 -0.609064720189379 -0.613153221019305
0.191332940391827 -0.0495566950494623 -0.756788447862839 0.0679937320027846
0.051490005251266 -0.0952782394876473 -0.344354398284947 0.553367093327744
-0.057012283967776 -0.11744310045452 -0.0260184361388381 0.484316320235904
-0.0925493747146041 -0.100995920164057 0.0722522444066624 0.098394294948359
-0.0589433286539306 0.0060595512228648 0.0601291118424894 0.0709727204389567
-0.0231228563533068 -0.0248373690657424 -0.148452416921341 -0.0603545989577476
-0.0434299900111515 -0.056306133405467 -0.226595641559751 -0.205831444387164
-0.0199874276096123 -0.0872102799046882 0.0820122533329887 -0.432913311023303
0.0678194081542224 -0.0457082580232888 0.595033534111102 -0.440825084047408
0.0796699018969883 0.0390087619119638 0.847171075891835 0.0665278871323321
0.0403398478706234 0.0870966763376392 0.465371245072082 0.520853413686827
-0.00688046917745154 0.0879815095404559 0.0916150941248542 0.371940241168758
-0.0222306051673818 0.0816551979562286 0.0560895491686374 -0.127965228309499
0.00719010008935465 0.083667883267217 -0.0572926732781484 -0.622287334318545
0.0792306427837342 0.0488237819697293 -0.576410623514558 -0.63692646828034
0.0902912715087822 -0.0361332211345058 -0.771345768490146 0.0407028127939042
0.0106267066957083 -0.0688364538254094 -0.371531423916421 0.566181764526466
-0.0316745111727584 -0.0752242843646249 -0.0344888336528425 0.509325791626153
-0.0451124909172893 -0.062100025180395 0.0840303749014387 0.123368534922077
0.00881256469639484 0.0253078347799641 0.0600970605962478 0.0831611519289736
0.0526757131671653 0.00664394373007035 -0.141017240741867 -0.0636043217941249
0.0102704252331031 -0.0414308095494452 -0.219331380006535 -0.21729894506008
-0.0290888739879568 -0.0473194456414227 0.101242854377235 -0.442272228373426
-0.0118385380691144 0.0073414845390563 0.61133519862349 -0.417458876700461
-0.0334907612021715 0.0350124922924975 0.843046520470495 0.107611445455564
-0.0440772923414064 -0.00774252431823737 0.451839076401017 0.551020205854003
-0.0164381755864183 -0.0433578391710282 0.0920404785485275 0.375807514350397
-0.00313366844820579 -0.0620155213182887 0.0481483734752581 -0.124483917842558
-0.0190656456759015 -0.0388969407039449 -0.0936527127650866 -0.600137093736098
-0.0193948712089871 -0.00763525505615471 -0.606123084104877 -0.575884159863368
-0.0310254465848576 -0.0276565657565569 -0.759533728327965 0.115442655698664
-0.0442378729675275 -0.0326726866323345 -0.33751156834434 0.593024719404231
-0.00800587506088618 -0.022775089194297 -0.0145729044265514 0.500250429805345
0.00838957514299658 -0.0152938993014739 0.0922928911126244 0.119117197791385
0.0700252691765826 0.0454240475307365 0.0482457092240012 0.0877084561121753
0.115257360117666 0.0391042103582978 -0.131518870318578 -0.0816252906607594
0.048468331463629 -0.0163590894346699 -0.17875903196127 -0.267576333299211
-0.0515397748029804 0.00336270533706549 0.171407840365089 -0.46742459853069
-0.0954437404028221 0.0492185668911698 0.662502511726025 -0.348385113368363
-0.137681996603187 0.00689670096276969 0.80700200138492 0.211877524430166
-0.10905935874918 -0.113318869136517 0.388076485672064 0.577331629487432
-0.0242769460919203 -0.166553443006002 0.0862238018069598 0.321069928156513
-0.0102351114702256 -0.185706156137483 0.0349122368632883 -0.178043742301971
-0.0725552231067327 -0.131280523836711 -0.191284458863467 -0.583819536847329
-0.124942907011568 -0.0325367461905465 -0.682006645363905 -0.427757180871553
-0.140196032946956 -0.00145290622309708 -0.703135504593477 0.274958536566452
-0.0801904948085482 0.00906261960878649 -0.242998475180045 0.619282238389655
0.0251282671612534 0.0286474455048426 0.0329756843770555 0.450259979974592
0.0638117771308835 0.0286474217222098 0.092574351666155 0.0873739760225084
0.114171251976877 0.0674957402737718 0.0265903490451492 0.0776988537742978
0.147988100186843 0.070919724680911 -0.114972074204964 -0.118491927536653
0.0509501812000076 0.0200520145002171 -0.105943221891988 -0.348213846163749
-0.101791487345671 0.0542889388366454 0.281694510089146 -0.48069565769214
-0.176780970522668 0.0604594462100149 0.724834595837061 -0.217069293231946
-0.210645599845353 -0.0576780787098296 0.730138343075827 0.356400058265633
-0.132126855696717 -0.219127439404312 0.282148514952115 0.578623703193196
-0.0286889719980398 -0.262063715553177 0.076696003069082 0.217021976541679
-0.0525178024638041 -0.262924173635959 -0.0029355791544506 -0.266212190268245
-0.154469513508843 -0.165547822481592 -0.337899387823203 -0.541572491745348
-0.217456507248622 -0.00959175757561438 -0.755059901221945 -0.204886676867268
-0.20390006775552 0.0419266296405744 -0.593106209358385 0.448689423785861
-0.0736484209453484 0.0461197650073334 -0.118057079907374 0.604130627276704
0.0737667718011347 0.067480034845068 0.0910670275597505 0.36437208473143
0.11427894206571 0.0615120948156991 0.0851605213266056 0.0373195311310221
0.134856035407609 0.0879627624194586 -0.000642526285094382 0.0497852772601011
0.14580850623192 0.0947370925881035 -0.0889912661019279 -0.181313551169735
0.0193426632531186 0.0565807229224653 -0.0056621902110681 -0.440839100089833
-0.166529743339793 0.0844584011161531 0.41195386896383 -0.449352223220224
-0.233847045797353 0.0288104374830738 0.764087526531784 -0.023065741107687
-0.229771968108914 -0.147599154857228 0.60209340069004 0.504872892132134
-0.107888309076435 -0.302353092533996 0.165918490635484 0.538906998003379
-0.0308912630936599 -0.315348797211264 0.0667439239692625 0.0822850126007069
-0.111837462144998 -0.285454686912975 -0.0794090661681339 -0.361551087331112
-0.227387530520018 -0.142852049775162 -0.505569411263515 -0.452063898645526
-0.263979266338599 0.0401858203931063 -0.785563923643369 0.0416574646474251
-0.201830103874487 0.0789546210902847 -0.448714474605336 0.569582385003828
-0.0291556113474165 0.0690860440090051 0.00889538016836595 0.530641171901411
0.12374485752589 0.0902636509367581 0.139818025511647 0.258195214419598
0.150675299235311 0.0775227700402015 0.0691450464004914 -0.0173228891515925
-0.174681267641747 -0.0422957119461837 -0.0033785818972254 0.00311848322766952
-0.150845404785451 -0.0902238986450671 -0.142122430089722 -0.158360687230187
-0.0586252635828633 -0.0830200186105475 -0.0828452024541837 -0.414588514901656
0.142710506525582 -0.171558792134531 0.28579585216404 -0.501406398864733
0.311615053642525 -0.113050408338378 0.721667168435306 -0.246044274657743
0.284849611647968 0.120800851773594 0.688473579154083 0.302572773631343
0.146618269478246 0.307029030820032 0.242660015839825 0.429720459800517
0.0194399409641147 0.347760279767509 0.0766218962689459 0.065474854025459
0.039593394729116 0.356685488259868 0.00108284828587832 -0.440569704307207
0.186832290611133 0.241736983337664 -0.370700637657226 -0.692073516737956
0.305912941870838 0.0275569783796805 -0.79146315380929 -0.295591389203614
0.242331331431791 -0.115457824815559 -0.617846696180868 0.345550133775518
0.0184556003110179 -0.104674477443329 -0.1461914674069 0.532443857195464
-0.133793397349525 -0.138805729026799 0.0669618758730368 0.352816228271837
-0.155864114866479 -0.121953902857236 0.03680949266824 -0.00387977896629624
-0.160047581146924 -0.0277724199258035 0.0244363193812061 0.0321870603904099
-0.141490602779862 -0.0746451825496315 -0.154974861548741 -0.0999026569504331
-0.0950808312379932 -0.0710609417267374 -0.16046125362156 -0.310341090844539
0.0592622717317197 -0.151707173342783 0.182498070328106 -0.484338037185082
0.241115503556518 -0.123730232244245 0.669574606001492 -0.372871801430169
0.260763727188062 0.0670357502463833 0.782553230374446 0.175525463983703
0.15749894426644 0.248767653738327 0.348658811147438 0.46926955530552
0.0143139434394093 0.301591725924944 0.0854829894288793 0.205516070377853
-0.0124046703555046 0.320930572887735 0.0522985954714372 -0.30991781844908
0.107639297189841 0.259032547994139 -0.20153388498639 -0.706875154685351
0.258249534134215 0.0867158030549079 -0.707913135126431 -0.501914806668747
0.250020866100522 -0.0819075839016324 -0.717606695833038 0.191635414028056
0.0551894073287837 -0.112023951402223 -0.264368171525502 0.559363605122874
-0.0951526302646498 -0.14116878995472 0.0146913294179125 0.435211404233585
-0.133588125825292 -0.122175601548971 0.0577161982116203 0.0525925280044836
-0.12181693774328 -0.0108580764751017 0.0478496128258233 0.0525459532183404
-0.0950756828428105 -0.0532101137527389 -0.155401119821953 -0.071255613496877
-0.0874413008399449 -0.0642032283589616 -0.209319899587197 -0.238777624223107
0.00274765930190046 -0.122082349063111 0.108775250894989 -0.454232357728482
0.152924488636219 -0.0964266095423881 0.621266550442164 -0.433750319740135
0.185093825358464 0.042160633795736 0.837691637213517 0.0873499516098933
0.117095889651975 0.172486041509835 0.431408458351867 0.498122209567552
0.00494750823661119 0.21067259307628 0.0921864009142401 0.315879457068005
-0.0341719132827229 0.221243262386343 0.0628838105331316 -0.195279313666821
0.0415172489392065 0.198284679186759 -0.0934728921869757 -0.670920833911988
0.173869476619329 0.0938362760735437 -0.624467037780185 -0.618012251651368
0.19294870480525 -0.0517012874480388 -0.765870881106792 0.0743699947233875
0.0514904268865576 -0.0974124878958351 -0.345797113736483 0.565062810799155
-0.0588084634294779 -0.119153803119853 -0.0211963317133141 0.493573741473032
-0.0960768553665686 -0.101871139808937 0.0745084218412442 0.100122614401461
-0.0596150161812747 0.00736894432486547 0.0602200167273099 0.0708516162521744
-0.0236065944899031 -0.0256682075083872 -0.150415388014394 -0.0602550680046588
-0.0443570825719103 -0.0570237769656489 -0.231948302419372 -0.208526664063858
-0.0208546838497553 -0.088060041633243 0.0780004006139004 -0.440034117872627
0.0686056222416824 -0.0474633665288381 0.600501224673038 -0.452636878470337
0.080672207161171 0.0385626093060738 0.861717327103372 0.060193100792408
0.0414436504868462 0.0883442754991535 0.474756179808613 0.525227486789422
-0.00627631147260048 0.089577416669038 0.0960150271936857 0.376522072121272
-0.0222329365703899 0.083374692145097 0.0557672716267016 -0.130815276579986
0.00823756891475004 0.0854816800581787 -0.0621301060613074 -0.631744218103716
0.0806098668014373 0.0488047009575264 -0.589659555485275 -0.642292229638785
0.0911811222631332 -0.0379886377195394 -0.784375312961315 0.0469738033139268
0.0103781571355859 -0.0698439789598957 -0.372622999218301 0.578677482882108
-0.0330375053887512 -0.0766608954259678 -0.0317849285790891 0.518882943427771
-0.0466458258983648 -0.0637770987311942 0.0872441480441895 0.124651638409828
0.00900449758335628 0.0263215478667455 0.0605513042791245 0.0839505302794427
0.0536669674033451 0.00579490279682646 -0.144066356314423 -0.064261905435191
0.0110336625716766 -0.0422634357366913 -0.223613704378069 -0.219578253413895
-0.0297563490332543 -0.047225350856155 0.0988790960941434 -0.450728331199019
-0.0124110837527233 0.00750820721772362 0.618926839749337 -0.430022055507841
-0.0337446450546956 0.0356312446143915 0.85909146247575 0.101084426781504
-0.0452121585285407 -0.00742171401572264 0.462287553469247 0.556601500934394
-0.0170482713337188 -0.0437819294361782 0.0955502593054978 0.380726143122841
-0.00448786284965217 -0.0624084065118931 0.0477148712338241 -0.127363267932773
-0.0198192000552185 -0.0391395167290903 -0.0980395502568595 -0.608134289178574
-0.0198945573347991 -0.00797713814542135 -0.619567422974275 -0.580157011151863
-0.0317923584422571 -0.0281861660952612 -0.771551479570458 0.123457275929152
-0.0445716940784479 -0.0329865327628925 -0.337103321897382 0.605671119812524
-0.00871055527778281 -0.0233042311735263 -0.00976099050707984 0.509611250112315
0.00785816496173606 -0.016155810976715 0.0953139224743342 0.120918057251784
0.0710366159743426 0.045664223928759 0.0490167587889156 0.0883920302094744
0.117406751734195 0.0390327926481996 -0.133511693263908 -0.0825351499638836
0.0501586540745656 -0.0161193153273063 -0.183029542406484 -0.271021672912008
-0.0521698600038071 0.0044755136618653 0.16913797269768 -0.476242084819815
-0.0954348403803191 0.0501668371477219 0.670428551106531 -0.360974366132807
-0.139888758810757 0.00825165080047019 0.821870786594776 0.20705089870412
-0.111940427223359 -0.113167427292502 0.396731152205645 0.582700757179602
-0.025399921373479 -0.168263959400048 0.0897702265638729 0.324918707929348
-0.012129750994362 -0.187533234280983 0.0344723168688023 -0.181241366411427
-0.0751502017728717 -0.132316553617047 -0.199286034947108 -0.591385974321404
-0.127199266361717 -0.0323032552975891 -0.696468125881374 -0.429026920740238
-0.142215420219974 -0.00126023465004019 -0.712254510988768 0.284217872159475
-0.0811380773051195 0.00986928761740336 -0.242479459731208 0.628807577166897
0.0263412040577232 0.0284279710605378 0.0378022661120814 0.457496428507104
0.0641667699672286 0.0286983078488261 0.095835924686389 0.0890764683465077
0.115004173341118 0.0684036395246465 0.0269659816528181 0.0782079953015215
0.150522174989002 0.0697979057784896 -0.117809504808545 -0.119972358595465
0.0530234405425078 0.0200015331441863 -0.110618005118119 -0.353392761907905
-0.102461707255898 0.0563542626679537 0.281437953007362 -0.491455438952273
-0.178895623283974 0.0619326934971663 0.734107698853388 -0.226647622533615
-0.214689349825726 -0.0576434447810193 0.743798737672978 0.356724913448124
-0.135992477293611 -0.22162761931334 0.289696918987283 0.584804250633861
-0.032299525795088 -0.265585524948779 0.0798299712931364 0.220897685076814
-0.0559101582945006 -0.266565427245711 -0.00467878977251815 -0.270248411887007
-0.157962084678401 -0.166604640141313 -0.348365672966943 -0.548204838510355
-0.221137430970938 -0.00763669048303761 -0.768125683664018 -0.20190516197521
-0.206107662449869 0.0443006331562805 -0.598555349888793 0.459771844028378
-0.0739317057425963 0.0478186634574757 -0.114211448481586 0.613405582394231
0.0755635675115252 0.0682164934909738 0.0956802476234398 0.370287623066439
0.115339963518733 0.0608748507544481 0.087827269838254 0.0379714161644874
0.136574831227821 0.0894503704530283 -0.000804574185767411 0.0499701606205033
0.148919796378786 0.0951795128068941 -0.0913588761083962 -0.183782241540954
0.0204061948422158 0.0578257423171767 -0.00949497971074361 -0.44747521289777
-0.167758584587627 0.0876195687964808 0.415322828493672 -0.460169263740972
-0.236809258741927 0.0305434254623222 0.77550426796082 -0.0322154347125607
-0.234991346202251 -0.147604762412975 0.617940619780494 0.506934964078848
-0.111860413135564 -0.305449465088394 0.173157902149728 0.545509624089511
-0.0346542462679666 -0.320224986342554 0.0681258736735837 0.083526729622119
-0.115626287829019 -0.288227668000923 -0.0830716958087718 -0.366633075627702
-0.232339097584446 -0.143214694070179 -0.515123787302474 -0.454528864781206
-0.267663836215782 0.0422464154466248 -0.797700173188347 0.0504078749181927
-0.204546515477446 0.0817339271411264 -0.450560334333836 0.581672843437017
-0.0276791653604664 0.0707011330728489 0.0130325104199363 0.538187793111782
0.126674967069321 0.0898709183829663 0.144710366046166 0.261396560725155
0.152889653011012 0.0769453609531695 0.0712865230955986 -0.0179427916847457
-0.176843181252869 -0.0412383013357709 -0.00348425309879421 0.00265315124668778
-0.154679829889341 -0.0909662811010777 -0.145707163807482 -0.159755238636045
-0.060508366684142 -0.0835282341920685 -0.0884054884618794 -0.420853155955125
0.142786078692701 -0.176548763063981 0.282466248948264 -0.511773060991279
0.315001056209102 -0.118315592647444 0.727165891711439 -0.256574494681548
0.289368421941007 0.119856641059661 0.701973286951949 0.299215914216325
0.15219579901465 0.310801706354589 0.24962425702775 0.432055111353189
0.0230555511515094 0.352718792404176 0.0790849635925889 0.0647470969329005
0.0439456175906556 0.360755190394698 -0.00423518573551848 -0.44627399827479
0.192599220159601 0.242900947629081 -0.381780301287964 -0.697579677296775
0.310564689176801 0.0244976538947785 -0.804916873162698 -0.292896466398796
0.244709279288685 -0.119751056790835 -0.621702653247922 0.357789540605878
0.0176921704484408 -0.108037309982423 -0.141864032903005 0.544621892267076
-0.137761615333805 -0.140807599540958 0.0722353005299431 0.358924625434055
-0.159769061871737 -0.122131502896573 0.0381702666531902 -0.00502698561136646
-0.16184728676029 -0.0253325603301859 0.0239538360189489 0.0320644654661992
-0.144806567523179 -0.0749491683522555 -0.157207327801288 -0.0997473879897085
-0.0977904143136784 -0.0722716573235911 -0.166418032118745 -0.314155751209304
0.0589057825760978 -0.154936806932771 0.179166614008646 -0.494087497188445
0.242924600714941 -0.129166051449454 0.674300621397568 -0.386511080957182
0.265568244471741 0.0658391185700317 0.796082639143493 0.167082833542846
0.162654675301655 0.250405908627825 0.358742818098759 0.471664493472187
0.017524935291183 0.305539354641583 0.0881341776223338 0.207959783255215
-0.00943089307538384 0.325682383042926 0.0498050744199136 -0.315207791591995
0.110716605709481 0.261772615905335 -0.20854598526005 -0.714149384372876
0.263165881603048 0.0845965687199091 -0.723013510664886 -0.502789599492569
0.252886565772872 -0.0868881831729463 -0.72473531222978 0.202582458860106
0.0549880024859263 -0.114527134462677 -0.262260430935299 0.57138849408929
-0.0988684299365025 -0.143493540194327 0.0205487723667868 0.442482884838212
-0.137354408354174 -0.122865455179955 0.0590907135464112 0.0527027425009831
-0.12218526546547 -0.00870174293734971 0.0488289674681008 0.0529637610245722
-0.0968702546462535 -0.0538596262221733 -0.157817156800629 -0.0707348411449773
-0.0889207434502865 -0.0643640004033648 -0.214717058003237 -0.240707095210785
0.000898887193875209 -0.12412232003846 0.105420768348326 -0.462753955501516
0.153882995406306 -0.100424939738919 0.626951309419004 -0.448887609845662
0.187693051730118 0.0406590924857949 0.852355886460815 0.0780705773388192
0.121004756780609 0.175291812718369 0.444705328708318 0.500903481778692
0.00728626643048533 0.213346396839638 0.0962267396944723 0.319929798284353
-0.0326248200699048 0.224830972953879 0.0621586941400292 -0.198421907418374
0.0442454525144809 0.201633886578383 -0.102071418912227 -0.679790819977303
0.176732589153558 0.0926905400302265 -0.638702439717803 -0.620283753504563
0.195082162636637 -0.0552786827178936 -0.777620003535941 0.0840391871917592
0.0513947015196203 -0.100050344588851 -0.346053909524664 0.577952981736608
-0.0612973834011064 -0.120733992561925 -0.01620166597572 0.501826961812757
-0.099093827617903 -0.10282044970038 0.0771380627470591 0.101302793671758
-0.0597029241431463 0.00891821927401807 0.0611116233006221 0.0719485136729394
-0.0240540834281572 -0.026583632212362 -0.152665527227126 -0.0600402928797677
-0.0450784415692072 -0.0569450534860048 -0.237006552526907 -0.209723857728063
-0.0217706579098531 -0.0889555885277739 0.0739649661496911 -0.448876629247763
0.0690648866491091 -0.0492205725138067 0.603248813964883 -0.46799721165086
0.0828057315693163 0.0382467273311931 0.87525652792847 0.0498351791502399
0.0437948638667246 0.0893468824752826 0.486519649368379 0.528105013493044
-0.00546737216842361 0.0908455094745887 0.101262910669421 0.381850744291098
-0.0216180554049602 0.0860539397864459 0.0552188728687284 -0.133871646310267
0.0093728182210157 0.0869409314472508 -0.0702593616731905 -0.640309525645203
0.0826732521256151 0.0484219522875807 -0.605184978126858 -0.645248482356615
0.0917668886092352 -0.0396496825426225 -0.794278458033086 0.0559899046777641
0.00980545894262394 -0.0709937213948922 -0.372917977598504 0.590688004941005
-0.0345113266477581 -0.0784395902790413 -0.0260302857862123 0.527735992890805
-0.0486157723619933 -0.0640754689160763 0.0906080292923451 0.126040478477093
0.00908890666105221 0.0270139538558503 0.0622112654551201 0.0850528090813646
0.0546798400641923 0.00495174166915343 -0.14493036311312 -0.0634575723097921
0.0114436194040275 -0.0428071164687436 -0.229069911069837 -0.221484497333218
-0.0304439816674435 -0.0475725966081716 0.0940642766722625 -0.458263581752468
-0.0122769695896835 0.0068425896749051 0.621648200388616 -0.44280586258591
-0.033436227000663 0.0370027235051077 0.871291417913063 0.0937583129105284
-0.0455614946563166 -0.00611851265837493 0.474162734349101 0.559221693178596
-0.0177933639828967 -0.04456069330965 0.0996635726454289 0.384959541612661
-0.00490176884079662 -0.0629521149290789 0.0469146117120472 -0.129299099124827
-0.0203606030754468 -0.0394881506309781 -0.107180206690114 -0.616380457400101
-0.0201867351732105 -0.00797228855723942 -0.636579992146315 -0.581815565833529
-0.0325172966607159 -0.0285605929513228 -0.778820288201182 0.133248871057142
-0.0456190199021067 -0.0321326817869036 -0.335607523440847 0.617114044014258
-0.00912517937440036 -0.0245927999241674 -0.00461859223836205 0.518622012313731
0.00708339019137662 -0.0168814732139576 0.0981648118735635 0.12213626488278
0.071840933488214 0.0459413476037591 0.0499520591353586 0.0890622631253936
0.119566296189786 0.037622137210565 -0.13552815323211 -0.0820587412697044
0.0512066413854809 -0.0170381371643714 -0.188255942867917 -0.273198568759149
-0.0528069297818572 0.00510518173786495 0.166142182641216 -0.484871172367796
-0.096939413729781 0.051750541934524 0.677318735965763 -0.373011471740628
-0.141924556229787 0.0100639140979789 0.836923034222066 0.202347210293187
-0.114332786560607 -0.113290143955642 0.408234249545083 0.585658575345783
-0.0274430391437346 -0.170685511012773 0.0938735818497116 0.328717888152371
-0.0146764019228477 -0.190286445814935 0.0327666387817642 -0.184041371134808
-0.0771049208242363 -0.134006332057824 -0.207837129195148 -0.598869518043532
-0.129706157203811 -0.0319392564815901 -0.711998980350965 -0.42772816102813
-0.145075429597774 0.00102369959421165 -0.718507338486718 0.295773572563824
-0.0818559075289857 0.0105273999374379 -0.238364726000722 0.64179416973938
0.0273764789786383 0.0283301807152664 0.0434814769981515 0.465437232285111
0.0646478375307646 0.0278204683478 0.0986050623375096 0.0891690083005506
0.117101535671778 0.0688325239346037 0.0270514573940584 0.0791131111527467
0.155039159161967 0.0692519865859638 -0.120322313888241 -0.120903051853219
0.0540952287257546 0.0201427441665161 -0.115749833152784 -0.357852478254545
-0.103523082700026 0.0584362568949502 0.279368208089541 -0.501474539519044
-0.180558440065771 0.0653109804453242 0.741168329704155 -0.237978505452905
-0.218259816185547 -0.055973677056616 0.759390876733835 0.35267293069845
-0.13922263570113 -0.222890911832591 0.299322576967935 0.589709253253616
-0.034888317342516 -0.268837871418387 0.0832218972263303 0.223424878891509
-0.0595787355077079 -0.269529838977359 -0.00767281406454738 -0.274313702624413
-0.162464824148914 -0.167384571793594 -0.358334612961522 -0.552016023893562
-0.224500080093307 -0.00553405185743584 -0.781417180319076 -0.195546695418334
-0.208896998063449 0.0471122962406923 -0.601542163679542 0.472916240788722
-0.0746037811424442 0.0495953169595304 -0.109922506596505 0.622668994574047
0.0778604883413737 0.0680910399286223 0.100170440884512 0.375034080169968
0.117241264665515 0.0600649989495153 0.0902322630982777 0.0377484849420412
0.138572333165576 0.0892986550538015 -0.000986718535109474 0.0504297582437958
0.1528491183409 0.0944476328762379 -0.0944925631973121 -0.18624219383011
0.0221279040335593 0.059469056186778 -0.0147887448700846 -0.454919387004496
-0.16890312289898 0.0904031313040337 0.412879940394049 -0.472458484516103
-0.24035102554702 0.0331465816188762 0.785146196357826 -0.0422677897153061
-0.24009545382941 -0.147535754539634 0.633574360438058 0.506780039440804
-0.11635946733541 -0.308719654602804 0.18073291419905 0.550948210657968
-0.0379613155327366 -0.323957101307375 0.0702410909147371 0.0847158614787541
-0.120150639389322 -0.290625954000545 -0.0876415754703695 -0.370942381118021
-0.237242388294554 -0.142414046471118 -0.527452365354078 -0.45624458662528
-0.27092248917062 0.0456482948894456 -0.807838116536694 0.0582039196320577
-0.206513037070078 0.0853141934210786 -0.448755542217083 0.594902054816193
-0.0267254665438501 0.072298662197865 0.0185208090168033 0.544957295684405
0.129520983882675 0.0902677944025074 0.149945886482085 0.264778461053286
0.154594885266743 0.0756974555936517 0.0731640140051419 -0.0180018159277962
-0.162364839064327 -0.0786339425495391 -0.0113101620019987 -0.00146354024735561
-0.134677545157643 -0.120896724766694 -0.115998225601774 -0.191829742735239
-0.046008241748655 -0.0970320979994146 -0.00667949577466888 -0.439665730070704
0.166398120158485 -0.149963658311451 0.40141964534502 -0.461903709087522
0.331509280626014 -0.0625173305342475 0.793274611262664 -0.121705802179686
0.268373384390162 0.177564113137998 0.649655756916072 0.440271253071617
0.0858057608274169 0.338318643402513 0.161031395041509 0.495969813647812
-0.0614947831822279 0.352495828176115 0.0638760790513591 0.0826068445512425
-0.0373779169259478 0.366866392915475 0.0797655411695559 -0.454482199435676
0.133997877304565 0.281023240451278 -0.251293147091677 -0.773102826767242
0.298165664943233 0.0963647612281145 -0.752309070288653 -0.449704059658901
0.259887413311504 -0.0680854887833742 -0.700495386423536 0.239723873573718
0.0380856395168588 -0.09964736391179 -0.248927271915257 0.517236362781909
-0.106951263211454 -0.167836717994921 0.00419685912531176 0.37652746661636
-0.133593890272987 -0.163491765632277 0.0434795528146998 0.0137637005584865
-0.150694366776962 -0.0604413115460979 0.010263123269918 0.0341537338855466
-0.126685790161897 -0.103232476194987 -0.139287550785885 -0.134657252753788
-0.0832750790756009 -0.092137739135469 -0.107158998237865 -0.349491438323562
0.0807663057206769 -0.14366427197894 0.286069164523116 -0.465453203770903
0.260724254941681 -0.0881946593563924 0.762637433601515 -0.260555747431545
0.254786314846143 0.116999556290795 0.767797068619543 0.328779858187592
0.108981893422555 0.281646619014036 0.262794213837034 0.556674731671007
-0.0553589312856422 0.306153280220092 0.0444108785032487 0.226712524678479
-0.0824837003288764 0.319966396669845 0.109771532178649 -0.311319495833064
0.0506999915051154 0.28155962071187 -0.0740737669026241 -0.759363169841999
0.236786279508691 0.143577576369934 -0.627870962879008 -0.644514494502243
0.260747783760339 -0.0353256391490563 -0.771001138727911 0.0628507464531709
0.0752111942186584 -0.0987502135884254 -0.375589732471151 0.519609941069433
-0.0689704711489058 -0.161602717690221 -0.0656104855060563 0.448146857540763
-0.110989360414693 -0.159150190030145 0.0506191825357337 0.0752581524570962
-0.115188454021797 -0.0354966837662039 0.0314911048116674 0.0606100908338213
-0.0844605034015797 -0.0716444487413202 -0.144390063119761 -0.104627986473121
-0.0762019235342785 -0.0814848549464458 -0.16867597029778 -0.28625865947976
0.0189765447310398 -0.124032880515689 0.202370063079307 -0.448172557068107
0.166382609285096 -0.0784031165324762 0.720265186739219 -0.330045413581349
0.18256269355943 0.0745440558421024 0.842322809553898 0.250061431360599
0.0847929285617479 0.198868808119413 0.343112956742673 0.600265068439571
-0.042591957252791 0.213735888732737 0.0291396304663957 0.339822533881973
-0.0824338782889576 0.215553427904209 0.0992835112501833 -0.191837984395201
-0.00177730561917747 0.206064290953893 0.0287002500263491 -0.702793730759596
0.150035645521636 0.129339770942387 -0.518316026409819 -0.746209939738123
0.196596299666653 -0.0182391642910917 -0.798375733199343 -0.0684473633443529
0.0680012133673547 -0.0851840987256471 -0.46101930428827 0.509417342548851
-0.0373285734872682 -0.130096549107054 -0.115662965658082 0.498148505549931
-0.0760684520200264 -0.128551496834999 0.0573599561283476 0.125274396113353
-0.0580907654293309 -0.00356270855300725 0.0420957883499327 0.0826222220046171
-0.0197316135711074 -0.0295820807627412 -0.138812053671836 -0.091149577686918
-0.0350562240078454 -0.0631184921610099 -0.194275411245037 -0.258827398512012
-0.00993237047786999 -0.0940743282971482 0.165342957355617 -0.439358257426686
0.0721831109080745 -0.0476450426081208 0.698525033323867 -0.348183510193606
0.0788863672567061 0.0482829875773246 0.866692463620183 0.226195783919186
0.0267381768616945 0.0989421327762354 0.381099941621659 0.632782526561662
-0.0250841864013084 0.0904166068131691 0.0207816085612379 0.403092769636472
-0.0405595325666041 0.080215855605897 0.0808689794757027 -0.124885920612478
-0.0107453862035813 0.0852168385317506 0.0551757026498474 -0.654209094341193
0.0668932374118743 0.0614758868033316 -0.476192094858362 -0.763949076673944
0.0897829534207712 -0.0263105319259119 -0.803743852687321 -0.102418790698177
0.0190834465192981 -0.0665343088152574 -0.487873463326018 0.515968345334375
-0.0206370360892515 -0.080753988350488 -0.132066911359295 0.52009422097829
-0.0344171513295912 -0.0769944329021514 0.0641288067911497 0.150397475570677
0.00545023714992401 0.0294620098756653 0.0427232212036578 0.0970340840418856
0.0500193505562886 0.0171238988546316 -0.12904694116171 -0.0925483485710312
0.0155794670738967 -0.0376160403943689 -0.18108433736707 -0.268241061245518
-0.0275556171987799 -0.0558368916677893 0.186401548125079 -0.443938337184096
-0.0182705247522485 -0.0104268012104411 0.706370082650718 -0.31832414220948
-0.0347708085561129 0.0209613589352662 0.851642978803027 0.267005048896391
-0.040242033363786 -0.0136037738936088 0.361358790862157 0.65791420318205
-0.00416964741978575 -0.0460066744380099 0.0201065595104488 0.406072621069637
0.00920426806921421 -0.0628101618863384 0.074248574918205 -0.12045931930176
-0.0120549317299283 -0.0473221287186982 0.0177222877969375 -0.636789279377681
-0.0222816140386247 -0.0193735758907039 -0.515011936284125 -0.702019720759002
-0.0372583362579882 -0.0400784432526619 -0.797710312046179 -0.0262214287980948
-0.0451596225868314 -0.0409240838094874 -0.455615665045015 0.548616413471428
-0.00672829301870507 -0.0205606735869374 -0.109944909022744 0.512367499808005
0.0121474899069052 -0.0151734749169751 0.0705146157717667 0.14436967714248
0.0609159194446333 0.061888576541591 0.0318279776193528 0.100090613920726
0.106659769088424 0.0628408244766931 -0.113953148996519 -0.107299363362411
0.0482109524790145 -0.00396962586357222 -0.128173960317872 -0.309867939508398
-0.0590526024154308 -0.0109968002176031 0.26153848629663 -0.454283069606543
-0.108280026016292 0.0141754646503655 0.743275573061425 -0.23518270406508
-0.134676036429819 -0.0280549435634673 0.792738634384391 0.368455114824501
-0.0850105696819775 -0.133503273679154 0.291401001550478 0.667955953557586
0.0162925420760446 -0.172758394863404 0.0250346174992059 0.34834611272451
0.0285331238094535 -0.18973409586538 0.0725742424714368 -0.176519114258112
-0.0482257934261451 -0.153556231239594 -0.0860324632338705 -0.636660186301396
-0.125928651272394 -0.0687270256500402 -0.618362853256196 -0.5620157674187
-0.155706884825728 -0.0328044924244694 -0.763693525362325 0.144462354548741
-0.0908986247248699 -0.00563303392024416 -0.363173854570153 0.589452619019235
0.0177204002385302 0.0402549569471826 -0.0530117635316147 0.466626063192137
0.0599258463205218 0.0444282870462658 0.0765460847863713 0.108306664355736
0.0998215491197792 0.0948869225748431 0.0130844900539953 0.0862232716201007
0.133031942072675 0.100092002442812 -0.089579036552859 -0.142167772094031
0.0431504171490821 0.0307928529246045 -0.0387234549733399 -0.376493448739502
-0.118374240786716 0.0279139639265631 0.372606046201704 -0.445506976356316
-0.190190743441073 0.00799460149299488 0.777506959919197 -0.0886026043082988
-0.195149406827878 -0.108202958001472 0.683786950216744 0.500896570557373
-0.0882902994448735 -0.24594225054773 0.183362956349882 0.644791785304024
0.0320516116723043 -0.272495633661753 0.0372616777121598 0.239725074224552
0.00191683758369865 -0.278576290193001 0.051156821235453 -0.273616366761502
-0.126488032664741 -0.206424546010062 -0.245094838369406 -0.621431878602941
-0.228343989300974 -0.0648376968086868 -0.730903531820575 -0.347744223918581
-0.230258143984918 0.00259309296531877 -0.680512120738075 0.341520002097167
-0.0919442990857639 0.0365791460782574 -0.230188628946939 0.596586953305203
0.0607098515670262 0.0909225587789296 0.0189183849708289 0.387899280029435
0.105714673629447 0.0895177689058633 0.078394422072511 0.052343427995147
0.115659790651365 0.119950884589429 -0.00815949703380551 0.0534288637263726
0.125905058961377 0.123621851206247 -0.051176661840819 -0.200639372694217
0.00357616684331421 0.0594332855209885 0.0791477035881368 -0.450357832404638
-0.187265616523096 0.0434990016614822 0.496167342349786 -0.387751645002738
-0.236732318768814 -0.0353823051414312 0.779128275448841 0.116343846728396
-0.195146263907864 -0.200615938284526 0.526264447589548 0.62897660794223
-0.0474684749762679 -0.324933483662266 0.0750810224454307 0.583000848534241
0.0425369713619969 -0.328521481898332 0.0521467433809264 0.0984721465614627
-0.0537438421346729 -0.31290077525473 -0.00821480823426034 -0.38655421518955
-0.207307385077387 -0.197141613960035 -0.429746902536209 -0.560633963256988
-0.287835302291721 -0.022816541123728 -0.806008653126176 -0.0997604042551248
-0.234723111622514 0.0439196418834118 -0.555448264192086 0.490879756370881
-0.0481960725321054 0.0708028757036287 -0.0873558754151269 0.543664125248919
0.109167690899833 0.123489479804505 0.0871862560657821 0.288606413452114
0.139733721205444 0.114374341585081 0.071969086674687 -0.00905744331991416
-0.16477043009817 -0.0770404460921579 -0.0116790465354868 -0.00165263109056552
-0.13863080190835 -0.120333918276004 -0.119294856575233 -0.193662045853188
-0.0467659018264254 -0.0976773254328994 -0.0138543006313958 -0.445688629209253
0.165917406879554 -0.154114816271919 0.397573756370152 -0.474207189053294
0.33354838379116 -0.0693732814969881 0.800824698463211 -0.136348241672205
0.274165911152149 0.175425716281251 0.66502469607138 0.43412138397528
0.0915805702310319 0.341299014985552 0.169738525658101 0.498085080373485
-0.0574307437409986 0.358084761966418 0.0657402157964759 0.0822222483088602
-0.0332526148572794 0.372354013340898 0.0748081586658164 -0.460431617527088
0.139562483776408 0.283125101070196 -0.265819451019431 -0.780436285702646
0.301973287153925 0.0923724367277602 -0.76803109680669 -0.442973994222991
0.261423955925031 -0.0733078452541587 -0.705669390431022 0.253775459189409
0.0372751277474566 -0.101580269642743 -0.244776573090341 0.528187505598414
-0.111645449389215 -0.169520561471523 0.0110854004971125 0.381794530898687
-0.138462277850512 -0.163834712863009 0.0452979079924566 0.0129092951619138
-0.152496372215654 -0.0588563099244616 0.0105812729037222 0.0343502724262411
-0.130819970136777 -0.102963031637061 -0.142731349940511 -0.133858229259166
-0.0855037786167301 -0.0924536305724675 -0.112258351426241 -0.352945268938565
0.0797443743285785 -0.147575515048028 0.282307425301813 -0.475756335995968
0.261875413956243 -0.0938288877573842 0.767081865534256 -0.275145085060529
0.259631143380387 0.113888354164393 0.784461521257369 0.320017188518277
0.114908489663199 0.283508241948628 0.273591315288473 0.558812546258015
-0.0512918529201289 0.310078455379681 0.0483140511564505 0.227980737287656
-0.0785851452153919 0.324964837172776 0.10541565683688 -0.317319824628084
0.0553071295987849 0.283374332351451 -0.0864902466493676 -0.767030405787484
0.241467733467147 0.141647363156748 -0.644887758127585 -0.643577398925926
0.262875234920461 -0.0400676081349733 -0.781545059225647 0.0760266156927341
0.0746248099536968 -0.100429443178196 -0.371770930027188 0.532487845125175
-0.0726167958452794 -0.163077640816209 -0.0584367965208241 0.456645765763792
-0.115483902555952 -0.158980797690496 0.0531198126303706 0.0752663252521841
-0.116841744823816 -0.0331039809361789 0.0315170362346597 0.0605697838927823
-0.0871049816914277 -0.0720894379582012 -0.14686176720884 -0.103075571010034
-0.0777857219837427 -0.0812841863972724 -0.175355383474379 -0.287260584050528
0.017144283064583 -0.125630254448766 0.196739613204279 -0.459129895788684
0.166632550423176 -0.0821261571557693 0.72262090820567 -0.346345474759405
0.186885906189462 0.0722136296072839 0.855888062622414 0.236020362611082
0.0891473582390938 0.199703714064174 0.356645766600783 0.601135879551751
-0.0402553925395582 0.217314815298675 0.0347780626935975 0.343786850557892
-0.0796991590739897 0.219567006313082 0.097409976309751 -0.195539791932492
0.000595572220207206 0.208951351296843 0.0188315887298372 -0.711537747911752
0.153159437705294 0.12786223315017 -0.535548625197321 -0.746752000501159
0.198476810210645 -0.0218212086256066 -0.808419186199434 -0.055387320393567
0.0673307619834904 -0.0873938264615375 -0.45830436713534 0.523740820357106
-0.0403909005735301 -0.132143335888677 -0.108714998943958 0.508433188918325
-0.0800607372262898 -0.128867902659616 0.0607522288801449 0.126324071338787
-0.0585475342533473 -0.00139669982910106 0.0425286650071198 0.0828630274278452
-0.0203972150480057 -0.030327845090162 -0.140844217845396 -0.0904433778256013
-0.0358315327236479 -0.0637639666802063 -0.20033791618232 -0.259779070607984
-0.0120317223459478 -0.0958322328858416 0.159180411950639 -0.447477149720393
0.0722424728674437 -0.0492705060726026 0.701023347852094 -0.365649655154856
0.0806843786800917 0.0474018299101809 0.882141922748148 0.213660296560929
0.029121304022732 0.0992141931286116 0.397769791762677 0.632972333260616
-0.0234576509501179 0.0919994346409608 0.0268139412172452 0.406671816682008
-0.0398441124388051 0.0824529285240862 0.0799949506372809 -0.128280062453313
-0.0101666480747494 0.0861984460416287 0.0460115427188628 -0.662840202738253
0.0685897154437165 0.061126163953815 -0.493369987984635 -0.764766839660864
0.0904372858679308 -0.0280597355207207 -0.813821434866368 -0.0906190019349884
0.0181169100445919 -0.0675167465466479 -0.486435979044577 0.530313661588783
-0.0222651246134515 -0.0816143650475916 -0.124675848956372 0.530366654137062
-0.0365742655517858 -0.0776241245457617 0.0678575063359377 0.151725814068405
0.00557771426893805 0.0301449869755881 0.0435555981720536 0.0974157715766696
0.0515781428886755 0.0160259275623975 -0.130642988427639 -0.0913341452545326
0.016424341026083 -0.037897525049068 -0.18523744493726 -0.26909682331831
-0.0281538407765858 -0.0565363453004399 0.181891263419959 -0.453248608644713
-0.0182366802222461 -0.0107174931121164 0.711326452477358 -0.334696273988307
-0.0347548081120348 0.0215370586332481 0.867001613729478 0.258368292064276
-0.040580435576397 -0.0127943237207588 0.377020439999805 0.659294051778672
-0.0051905984347188 -0.0462403879052898 0.0259186609648348 0.409773655111421
0.00840596691094202 -0.0632795080746848 0.0727440515138652 -0.122725392078257
-0.0127543072242394 -0.0475641103276531 0.00824784594829154 -0.643858930597306
-0.0222260071881387 -0.0191730325275998 -0.533174052269984 -0.703020580719399
-0.0386366401685124 -0.0405258202004141 -0.806394198618477 -0.0135665596986693
-0.0465376816640073 -0.0411549526361973 -0.451998344823458 0.563816384870367
-0.00764956389573781 -0.0208422777762015 -0.102417070194522 0.521113271468986
0.0111863728610634 -0.0155012829478433 0.0747059247370652 0.145319150536344
0.0623980017310316 0.0634022398411109 0.033359601339157 0.0999942335718811
0.109199218286764 0.0614239799978719 -0.115774113719502 -0.107111722402175
0.0498929123183243 -0.0047141377715836 -0.133436877904459 -0.311293130086543
-0.0597545428461273 -0.0103756852495389 0.256062547448835 -0.464643248722151
-0.109396177756293 0.0157035898433346 0.748742035942646 -0.252126595642332
-0.136890509224482 -0.0267863148809814 0.80891232934567 0.359428326829051
-0.0884005067970916 -0.132820925712795 0.305495676444584 0.670409733431613
0.0136427012107372 -0.1750151289656 0.0307951833247862 0.351854945668971
0.0256610388080752 -0.191642689319189 0.0705429541576852 -0.179100310190033
-0.0515539991281716 -0.154389644928349 -0.0961188738807955 -0.643572047880191
-0.129019194393234 -0.0680045991620976 -0.633938617755786 -0.558983706139688
-0.158352157099526 -0.0316986825521952 -0.770825581492708 0.15951271287398
-0.0919827433406709 -0.00403369878384107 -0.359181077836153 0.602637717183102
0.0189722093074868 0.0402324949406618 -0.0466093539598727 0.474510815795603
0.0604775751767428 0.0431088971607384 0.0801620339717221 0.109369098110179
0.101603085211813 0.0952691980435215 0.0131316484463006 0.0868145295955907
0.136429153295527 0.0993742927561803 -0.0926073710256821 -0.142067645497342
0.0444782256903964 0.0308865452792289 -0.0457110695725712 -0.380959334000781
-0.118958934402358 0.0301940767544252 0.367691393374889 -0.457237317602082
-0.192095995397244 0.010753234100814 0.785444899199462 -0.10288823766814
-0.199257969235544 -0.105874622979736 0.699459898876392 0.49564872198152
-0.0924144743912737 -0.24694571356685 0.196242296163868 0.650992791276016
0.0289789776030937 -0.275690662853144 0.0400409325361001 0.242315369005541
-0.00226241312595061 -0.281364373787043 0.048299776660393 -0.278049414435356
-0.130762091168565 -0.205403742196477 -0.25669773047782 -0.625965355744817
-0.232250611654516 -0.0625767951673338 -0.745036735234616 -0.340295245168524
-0.233001040353364 0.00626221097059691 -0.685096920087385 0.357432473772625
-0.0912880216627527 0.038822126549246 -0.224839857097047 0.605480255211961
0.0630696407297518 0.0907189010613923 0.0260663191889601 0.393959236611046
0.107321655583049 0.0886720350110327 0.0808766910673683 0.0525909207396389
0.117479403049777 0.120352061346917 -0.00770523217514974 0.0544627365010818
0.128779938963556 0.123241753423189 -0.0546290492596302 -0.202522807696316
0.00446668630261976 0.0602513917803078 0.0726630557355235 -0.457067366002661
-0.188210066288185 0.0477043050433494 0.494558241227595 -0.399885449777879
-0.240727145086632 -0.0314191706089311 0.790949460765645 0.104602419653603
-0.201147119024388 -0.19963464116944 0.543576484422825 0.626726604030587
-0.052174711631776 -0.327883073075187 0.0844566484218756 0.588828678378418
0.0385036356385839 -0.332650938784471 0.0541391853825113 0.0993257363176143
-0.0589231921110409 -0.314172009754568 -0.0129343858027334 -0.390559204472135
-0.212992486162368 -0.196541373180304 -0.442399461520108 -0.559872252482063
-0.291519796324682 -0.0189774700045341 -0.818205141739797 -0.0870890843227218
-0.236930465733819 0.0484285428754017 -0.552748077292034 0.506413338085505
-0.0472879195370407 0.0727895639684901 -0.0809654994717495 0.551386902150461
0.112269156893085 0.123204230204908 0.0930037341429289 0.291205512568526
0.14245620435237 0.112154105197019 0.0738712544742034 -0.0102228256047981
-0.167108123285388 -0.0745789909951664 -0.0120101637001765 -0.00120636327386493
-0.142598518200543 -0.120499111702779 -0.123181516496419 -0.193290917620032
-0.0493483834827864 -0.0980987493183135 -0.0227679658608208 -0.450576556855419
0.164852770208711 -0.158853759958552 0.391496942774929 -0.485625433970523
0.335711718638489 -0.0759662912124844 0.805038927551555 -0.152849970614141
0.278796204209311 0.17180373084798 0.67982165772238 0.426619220040332
0.0997820399765868 0.3425631918425 0.181005870129859 0.49993993967454
-0.0512831487804383 0.361362105031457 0.0675063854942635 0.0822707727262091
-0.0260016622540287 0.376987876938221 0.0669016151249624 -0.466465899619621
0.145503976847396 0.283487981870461 -0.280626589147378 -0.781791667268101
0.306630858890824 0.0874284002239183 -0.783289187795095 -0.434742011113154
0.262189766389276 -0.0787655999954541 -0.707814242245857 0.26851341843384
0.0356887153959814 -0.104450533106755 -0.238612878996373 0.538837044987667
-0.117056153112405 -0.170660795875168 0.0191751844866119 0.386821238435309
-0.143552398982735 -0.162488552368742 0.0461281366115412 0.0126784867737818
-0.154106170889906 -0.0555328867504125 0.0105519033344132 0.0344431475607444
-0.134028896796131 -0.10331772831259 -0.146128482634027 -0.133608276139588
-0.0871182485380849 -0.092027572134092 -0.121125395513223 -0.354057103927624
0.0770889432452097 -0.150203935675961 0.275688387482187 -0.486255983133173
0.262883396191249 -0.0996341309910965 0.767836545250355 -0.292839711954446
0.26329265637294 0.110625246486863 0.799313411589884 0.306196723956698
0.121123581080898 0.284257255682085 0.287204182389904 0.558455091454937
-0.0457854748871342 0.313814893533852 0.0520721246494086 0.229647872498365
-0.0734793444890701 0.330094919668514 0.101923595767673 -0.322580212800758
0.0601343524957061 0.286026490938001 -0.10014712703247 -0.771567576897986
0.245980414422134 0.13774304471927 -0.663881831776548 -0.638014169768027
0.264576492188321 -0.0457283618974161 -0.786437235044564 0.0894668348659722
0.074444555538208 -0.103180410792302 -0.367250147874942 0.544761126365228
-0.0768767610911523 -0.164944130578831 -0.049673939396393 0.463356071940978
-0.119138862562486 -0.158976545114937 0.055222927018703 0.0750427098523791
-0.117741981471005 -0.0298910196714183 0.0326667687002991 0.0607910368249902
-0.0893996763083876 -0.0728095790518846 -0.148603737937228 -0.102171177433762
-0.0794009804182684 -0.0808662029731731 -0.182433516634779 -0.287780515814764
0.014867636488338 -0.127278912996562 0.189108639927539 -0.46616191268784
0.166694230984141 -0.0866597883167245 0.725202625833463 -0.363569898306139
0.188576617737919 0.0700450858950781 0.868057803369346 0.222258684051052
0.0936321905582928 0.199809764243257 0.370902131840618 0.599569603691769
-0.0359429612587259 0.219360768595127 0.0410682071425783 0.3459300628225
-0.0770694847478641 0.223318106720491 0.0945303324272037 -0.199509475265842
0.00485841826100793 0.211886250558501 0.00664139156379618 -0.718247005170959
0.156672042537132 0.126405402737597 -0.552396514621383 -0.743831676854617
0.199822522034176 -0.0259358258256562 -0.816189830935089 -0.0431034910615872
0.0668004760701516 -0.0896749654063118 -0.453110444333762 0.536052153603052
-0.0431302147070679 -0.133495552653549 -0.0995469081035329 0.516026809585337
-0.083790654881559 -0.129150987147637 0.0639972854688544 0.12655736021347
-0.0588591179085025 -0.000338787817997483 0.0439666387819201 0.0833237192978438
-0.0211663474131059 -0.0312906465342881 -0.142753423399541 -0.0892665704131864
-0.0372268218240379 -0.0637865923517304 -0.206883921590084 -0.259091809218275
-0.0133104303669968 -0.0960981423640698 0.152072945545731 -0.45621024553193
0.0723095677249378 -0.0512099903284232 0.700174164940626 -0.383293433751606
0.0819985372315846 0.0462607635199432 0.894444345620188 0.197130761190029
0.0311870299264131 0.100076848549056 0.412318072078707 0.632443253216243
-0.0221335732073565 0.0929902442352188 0.0347410232323744 0.410304326338388
-0.0385252276928019 0.0836638716900365 0.0777929011691805 -0.131167071896908
-0.00887302746074808 0.0872427309624687 0.0358553853161302 -0.670062195524721
0.0695007003421486 0.0599224463192427 -0.510579194910712 -0.761653057616414
0.0907957803362947 -0.0301306723341087 -0.823657596140271 -0.0768762646695643
0.0173712161519952 -0.0685500622862851 -0.480903073593508 0.543907919849131
-0.0243032268477869 -0.0832573316801313 -0.115797354855469 0.538141040259803
-0.0382054529329706 -0.0776210607437285 0.0714374412971673 0.151949820999942
0.00568035526026991 0.0317345275238407 0.0445271353137604 0.0979709040590968
0.0530884599569737 0.0143418972296629 -0.132113483381739 -0.0907368016012976
0.0158873701410491 -0.0387365682537101 -0.192360040925281 -0.269214228585846
-0.0295991744234086 -0.0561843540189806 0.172884290637989 -0.460760097755566
-0.0189743431583157 -0.0107175560889997 0.710552568925169 -0.352992683275056
-0.0348826017225714 0.0226151949043375 0.879541579471512 0.24233554928168
-0.040480468644007 -0.0119440710725038 0.392696602077048 0.657808900875945
-0.00572373933165554 -0.0466003495220982 0.03263870720644 0.413760560272375
0.00759230922812066 -0.0628626953406844 0.0710720755380332 -0.125794608630061
-0.0138703488812433 -0.0471964013691528 -0.00273970968422017 -0.649941257977973
-0.0234894346688539 -0.0198617519641447 -0.549251474343428 -0.699482600420566
-0.0403098327687886 -0.0403537210911222 -0.815660630806087 0.00278189475974015
-0.0465178696152372 -0.040010562485125 -0.447955394343904 0.57548548353219
-0.00804078380475702 -0.021776996263954 -0.0940273919741201 0.529272478665539
0.0101626345973042 -0.0167338699300587 0.0778137414622104 0.146357934332554
0.0638454713838604 0.063341525571506 0.0342810367676674 0.100591564968895
0.111564716654108 0.059814762565998 -0.118174852515383 -0.106708795588402
0.0500179373699175 -0.00493171751965513 -0.14003366300796 -0.312956846752774
-0.0599359772258855 -0.0093247900198906 0.24807056118468 -0.473956225490399
-0.109934363200454 0.0178185677295509 0.750146644801832 -0.267641256056924
-0.139450998638707 -0.0245681846570024 0.822942486727337 0.348930294517265
-0.090930554047309 -0.132182295398264 0.319371487308275 0.671873133340822
0.010548985163586 -0.176897036776366 0.0367842276063334 0.354780779655331
0.0229118307180844 -0.193014144906351 0.0686058865225009 -0.182177115720975
-0.0545057792904088 -0.154803330783089 -0.109765774534887 -0.649600843428389
-0.131561251301599 -0.0669153588082743 -0.648883869311161 -0.553561977797445
-0.161961665410768 -0.0291877101723373 -0.774429972393498 0.176386594669197
-0.0924894330697872 -0.00183443907799545 -0.349507825866904 0.613695025728225
0.0202994966606109 0.0400202781301704 -0.0373345518082033 0.480525529384763
0.0612359132734521 0.0417838590413202 0.083994762427245 0.109714781355206
0.10331626420044 0.0946798304922482 0.0145021597696234 0.0871989207043112
0.140058240131652 0.0972838234516172 -0.0949236807142967 -0.143058068366168
0.0464065501593173 0.0308465353183147 -0.0528331314863572 -0.383989262483884
-0.119612541913423 0.0332646355214691 0.362299467639619 -0.467536337820105
-0.192816873016911 0.0143446755034093 0.791236243851314 -0.120261253964861
-0.203997944993392 -0.103842973556794 0.715701963595701 0.487621985648917
-0.0968205408495156 -0.246767767828947 0.209427223646487 0.652292712910496
0.024325300031649 -0.278951040838367 0.0447973935733947 0.244574584095686
-0.00774700250548239 -0.282544621487858 0.0442423167197497 -0.281155065231248
-0.135851910128804 -0.205684255810673 -0.269742610133974 -0.626742138950075
-0.235875593869524 -0.0586881270413987 -0.757228610330868 -0.329175577493308
-0.236237879513107 0.0101845427824619 -0.681976767922152 0.373196861848034
-0.091014157063114 0.0407234923608181 -0.21667207786477 0.614740015034842
0.0652590795290846 0.0900673338510106 0.0323615477443245 0.396910603821963
0.109233045119872 0.0865277112476221 0.0835261694798552 0.052083980033632
0.120857142680219 0.119376739654901 -0.00754840942048646 0.0547435670502313
0.13342912446115 0.121338059155412 -0.0582220552069729 -0.204910612629612
0.00641158642545274 0.0612777179603977 0.0656515840070219 -0.464111778210513
-0.188933374760808 0.0515566927486863 0.490390768532163 -0.411815545918152
-0.24332510626751 -0.0278976440324166 0.799072934784755 0.0907865991807209
-0.206722911282272 -0.198148524971508 0.560207678405725 0.623911853249771
-0.0581337914566295 -0.330174867885415 0.0961679459003551 0.592430528347347
0.0324592857531454 -0.336147957873481 0.0567803433930333 0.0997949445275373
-0.0651566466391924 -0.315959636138879 -0.0197231038246251 -0.393911889446959
-0.218038915971643 -0.194594438253125 -0.457948803318272 -0.559078830668784
-0.29481115678027 -0.0142370665432096 -0.826608301214954 -0.0725927787986583
-0.238399689549271 0.0528762857218069 -0.547407287238121 0.521943570174897
-0.0454734687546934 0.0745118992648509 -0.0724296965122801 0.556648643343049
0.11590436886243 0.122057735329916 0.0997541747530124 0.292123790432863
0.145633641204678 0.110118531805937 0.0754364530386549 -0.0108029371800336
-0.168651451594672 -0.0714416849403563 -0.0126717847136486 -0.000789544179967964
-0.146710925968543 -0.120404125596851 -0.127995598748183 -0.193166280547262
-0.0517325508121269 -0.098707167089238 -0.0317590983934369 -0.452636406927919
0.162285909538268 -0.163732726826271 0.384452147159541 -0.497167214467281
0.335931394519866 -0.0839350837543072 0.806417806645567 -0.169656574054343
0.284165271396082 0.16682759481961 0.693562202501281 0.412040425586369
0.107072729698438 0.343377039789028 0.192707736963415 0.498858532723245
-0.0444479963927488 0.364389674177572 0.0691082196649437 0.0804911477471794
-0.0184266199145727 0.380195928627537 0.0582675210464103 -0.469728215955738
0.152396441142247 0.282695247691911 -0.298285579470893 -0.782335925850939
0.310550917567743 0.0815600831529264 -0.795545820867583 -0.422120285660482
0.263077122722317 -0.0847992473254931 -0.706047702752452 0.284559927768207
0.034075307348596 -0.105883059833465 -0.229015767780852 0.548554668920761
-0.121917283130121 -0.170009150564556 0.0278805680950378 0.389102778023314
-0.147853738999113 -0.161204377374751 0.0466185968405475 0.0119804854633418
-0.155138847905473 -0.0522053103377759 0.010701843819876 0.0344637840523402
-0.13799384311996 -0.101935912107338 -0.148255290210267 -0.132532804242878
-0.0894914469223089 -0.0914362578015547 -0.128597759894687 -0.355571791767013
0.0747821489503358 -0.152272010997313 0.266282386809737 -0.494062390461961
0.262144252677999 -0.10559110465376 0.767150753575827 -0.310627362502901
0.267880086654822 0.105958345559433 0.808911096574686 0.29196503567208
0.128413188630458 0.282990108661816 0.299049742513831 0.555507258368758
-0.0396816919622936 0.316224024783502 0.0563038429239605 0.230225951343347
-0.0667648076270489 0.33446411779287 0.0958258621888006 -0.326542184723176
0.0665993911835191 0.287613081614159 -0.115340060629831 -0.774967119136283
0.250376506710306 0.133692737006606 -0.678610566487004 -0.626209390148362
0.265617397950034 -0.0511066414995499 -0.790360388583974 0.105906670316983
0.0721485982481336 -0.105869405320557 -0.357695801744078 0.556455901955561
-0.0816639977322557 -0.164860092319269 -0.0394402633983717 0.468599264916344
-0.124261195713182 -0.156803125571189 0.0577449359941039 0.074937951119124
-0.118303553346516 -0.0277481792973286 0.0329221532566028 0.0607976563552696
-0.091263054728931 -0.0725322520398234 -0.150865705571822 -0.100597372792154
-0.0815398138255032 -0.0800740577401045 -0.188810117089014 -0.287071725488666
0.0125120335302081 -0.128775261065664 0.180741519231346 -0.474241797678675
0.165915176673282 -0.09115639857849 0.720547501530909 -0.379720532336766
0.191191282757867 0.0660633246848824 0.880250048229925 0.206326731756353
0.0988195037101631 0.199931398515526 0.384617895556043 0.596413450658302
-0.0321014772340565 0.221037728986431 0.0475350750629393 0.347432972788842
-0.0729249117569946 0.227360269148745 0.0914684003842264 -0.203046813512486
0.00856563578168607 0.212895104218676 -0.0073323270072667 -0.722853947770634
0.160557218116524 0.123749330817205 -0.570298725650412 -0.737417158458042
0.200096846576334 -0.0300623754571371 -0.822176563155933 -0.0275894576296707
0.0654825303756567 -0.0918708721140841 -0.445539733274687 0.549218032528987
-0.0459578934383278 -0.134239795226391 -0.0899630113703329 0.521938489999866
-0.0869565219857241 -0.128458412179649 0.067390360074317 0.125957772986073
-0.0590885158519939 0.00147064620852019 0.044581647092233 0.0829825795106738
-0.0216061397669842 -0.0319457786939007 -0.144103179122355 -0.0875673611694154
-0.0381284484930312 -0.0640471105033897 -0.212514594311751 -0.259087108149887
-0.0157600973063783 -0.0960991997513612 0.142897888265665 -0.46204198401787
0.0720383363623354 -0.0538946681375678 0.696871409094377 -0.401077914152889
0.0840172782794261 0.044978954675082 0.903814041102843 0.17839553680991
0.0338937570720198 0.100556067097329 0.424969107300225 0.628440584428847
-0.0201335991001827 0.094291444098361 0.0418709318551317 0.412438054457656
-0.0372514888763019 0.0862833493170737 0.0761421366004854 -0.133562445332168
-0.0068563304142312 0.0890035001969254 0.0225889080438191 -0.674600565714361
0.0711485044444513 0.0585775947529715 -0.528353930578416 -0.757564757835173
0.0902895876718609 -0.032419807942453 -0.83125292199659 -0.0616676650388075
0.016787868322038 -0.0689131340477437 -0.474187344932675 0.557467538088858
-0.0261132892686333 -0.0843307782007139 -0.105234248135632 0.545938313901367
-0.0413019512891176 -0.0779724985937975 0.0759322726186905 0.151954756488985
0.00645785154275012 0.0320662179845559 0.0460925939484488 0.097879656096303
0.0531284868330927 0.0130577709045866 -0.134074782706054 -0.0893679113352559
0.0157212498184814 -0.0388252957293109 -0.199132266678242 -0.268298505560191
-0.0304198147613194 -0.0559184998266755 0.164755752923822 -0.46801989330714
-0.0192169661918594 -0.0103494287583053 0.707703037862677 -0.369750265149623
-0.0349882792201016 0.0238761056024028 0.890953369665229 0.226014064052774
-0.0407765367930115 -0.0109789332190343 0.40665245752676 0.655463761553192
-0.00681265837983745 -0.0467572488555605 0.0412169217470005 0.415699258015062
0.00598275746139799 -0.0633916230500127 0.0689153600037337 -0.127850780755697
-0.015081057400506 -0.0470297605752252 -0.015045462853264 -0.654172243870572
-0.0241419794948397 -0.0198819227437145 -0.565827036474829 -0.694755249281189
-0.0414012873890326 -0.0401311914733344 -0.821191469648844 0.0180784353196553
-0.0478995161608945 -0.0393440340562278 -0.439120172532712 0.590456281177349
-0.00776643544055813 -0.0223357225263155 -0.0839674003036507 0.535640085345891
0.00940238522336123 -0.0173107557228729 0.0829798657284841 0.146494182436352
0.0650839193257744 0.0630955315666352 0.035470500560756 0.100482466275786
0.113687531104442 0.0570354361570609 -0.120085299330112 -0.1048291575462
0.0512102620340406 -0.0060606344160499 -0.146342251582052 -0.313251607148659
-0.0604678150015249 -0.00767581165551052 0.239873869213981 -0.483190694053855
-0.110399762583095 0.0199345240770956 0.748268952577627 -0.285232954755486
-0.14054811969824 -0.0214229198592601 0.835233029991328 0.332237442614587
-0.0936242260598212 -0.130918608872998 0.334915730763704 0.670910091465753
0.00775910473364646 -0.178337932942689 0.0431149882610076 0.356499410651234
0.0188956076613884 -0.194048152297725 0.0650000451927908 -0.185274515150354
-0.0576761030074221 -0.154280998548104 -0.122656226759502 -0.649952746581517
-0.133453484336299 -0.0648031007212 -0.663679889107055 -0.545848015847135
-0.162870886957149 -0.026236525155315 -0.776913773821894 0.191776240402687
-0.0926435775228824 0.000456999757611189 -0.341997738927217 0.624044308093714
0.0209607665258989 0.0390178672325028 -0.0287619836789731 0.485600779223598
0.0615940798896638 0.0403451983855539 0.0872409765457584 0.109141539550588
0.10530417101316 0.0936906767329583 0.0155946353555647 0.0873294913083329
0.143193072325104 0.0947467353618463 -0.0978482909128937 -0.142466168118461
0.0480902274341964 0.0314677175086814 -0.0593053786834624 -0.386649813238043
-0.119215197345812 0.0363717698741455 0.355032494748482 -0.478913838064986
-0.194686670979645 0.0183089781919318 0.79349304235038 -0.138552349757637
-0.207677848715214 -0.10000107279606 0.72981126061099 0.475873988677937
-0.101592443696015 -0.246686347603359 0.222879504143803 0.653297271336817
0.0191550263634484 -0.280417112957038 0.049166000435138 0.244781341728677
-0.0133079913677911 -0.28346123323454 0.0389789662903679 -0.284629326406884
-0.140946811268275 -0.204442595235142 -0.282524355789853 -0.626825456577383
-0.238276802895762 -0.0544587664908886 -0.769339628236953 -0.316862246575965
-0.236632788174653 0.0144316583776385 -0.679875635401391 0.389616557206175
-0.0901140777526752 0.0433270963158031 -0.204855495523117 0.623323709126042
0.0674011791447157 0.0893185405295707 0.0411071216244524 0.400357829965459
0.110367803919099 0.0841823055183727 0.0865214736630101 0.0513072812443904
0.122469306159532 0.119493122218362 -0.00763634844608147 0.0545358878721968
0.136440077328352 0.120121678425901 -0.0620680797469943 -0.205541031016256
0.00831921409481381 0.0626221946370721 0.0560437823087291 -0.468645577495796
-0.188622179591468 0.0553971954636962 0.483928629652221 -0.426565714906302
-0.245764053513667 -0.0242735155071559 0.805232415910492 0.0742363047257376
-0.212994585705638 -0.195081295826274 0.576720774652005 0.615177734697435
-0.0644377696797708 -0.33125981433631 0.107114760448624 0.594670227955423
0.0263347255313333 -0.338218139451689 0.058638638176807 0.100006923815075
-0.0722686197487745 -0.31532412606815 -0.0274155984500794 -0.396595321364823
-0.223554210307737 -0.190994772153342 -0.471513613162627 -0.553230237360001
-0.296243543497137 -0.00886855767323502 -0.833597125834639 -0.0560837160705626
-0.239057366057739 0.0580526518719563 -0.540200534420625 0.535696820485284
-0.0434398625511293 0.0771442704825643 -0.0626863313599483 0.561008707065378
0.119109312311007 0.120945168849326 0.10628199334494 0.294519797520905
0.146955583628036 0.107697646773056 0.0768624852950029 -0.0122613668020063
-0.16986443439234 -0.067882706217838 -0.0133154934858829 -0.000467544561992028
-0.150762513845028 -0.118816367149154 -0.131481632251793 -0.191379442918563
-0.0531442309914834 -0.098690206277116 -0.04251720576236 -0.454879813128969
0.159766512065399 -0.168136633998536 0.374699252934914 -0.506743067260661
0.334963593306666 -0.0917790241011815 0.80635100924834 -0.187894428189248
0.288589183932462 0.161252950389182 0.704828982681324 0.396632333042275
0.115114237754739 0.341880646496884 0.203488677849235 0.49424059567281
-0.0372525029735502 0.366311284484907 0.0713765826561954 0.0798243068574117
-0.0106920523991298 0.382740885184175 0.047931511777521 -0.473531987876689
0.158168253469575 0.281460522951722 -0.31585482266993 -0.778702553566382
0.312208300653433 0.0745494000195944 -0.807264623072732 -0.405210739159051
0.261748025894924 -0.090612729505703 -0.703175370082137 0.299811620597982
0.0317286140862865 -0.107641378242813 -0.219408144229378 0.556172784030465
-0.126534210438975 -0.16847452444069 0.0365256116689151 0.391525545149695
-0.152287125962138 -0.15780506046637 0.0472825851596552 0.0111827915581443
-0.155996122747281 -0.0490274093809244 0.0109926054803242 0.0341906831386882
-0.141001975467154 -0.100660235679389 -0.150280953816764 -0.130541638516931
-0.0924433352361503 -0.090661344910333 -0.136323400200235 -0.354798548601303
0.0718451159286474 -0.154646789574147 0.256503230793931 -0.501580985390643
0.260114793042523 -0.111841264898537 0.763046456750045 -0.327742882181514
0.270455413520077 0.100493245158252 0.819853656698865 0.27176592505631
0.13432877385315 0.281800894244223 0.313152887116831 0.549646869016277
-0.033253508086713 0.31777506785825 0.0620111923142844 0.229720354113177
-0.0606507535724841 0.33682599834263 0.0883857164251028 -0.329080094508612
0.0732567865328236 0.287996593707636 -0.131045490306801 -0.775990069728285
0.253084641492262 0.12908329167994 -0.691726856121362 -0.617379810000036
0.265686888933525 -0.0570112610405408 -0.79129255350641 0.122136150752392
0.0708343413903949 -0.108225614724368 -0.348640478013212 0.568126169238985
-0.0864895967171633 -0.164502753094393 -0.0293593667147379 0.472453599055955
-0.128973857638306 -0.155174732390552 0.0598739510102906 0.0739987566364361
-0.11898440846786 -0.0246641446999641 0.0335730245796557 0.060125223654334
-0.0933641734727117 -0.0716033705324828 -0.152380563486637 -0.0987086047889436
-0.0831607088517806 -0.0791999640718769 -0.194958233973573 -0.284996898590391
0.00989935854306942 -0.129498441821566 0.169700823297686 -0.479371205793569
0.16397810143291 -0.0952810280862849 0.715000669085582 -0.39767475601512
0.193716755906811 0.0624053554358096 0.888210953813574 0.184198786880628
0.104133164119485 0.197970558174596 0.396775482533966 0.588575030903014
-0.0270200705259285 0.222065654251356 0.0538140415786178 0.346951657897672
-0.0678321761042523 0.229753707343369 0.0864687986290552 -0.205078903398264
0.0125269890491283 0.214412517768237 -0.0208075929391317 -0.72430332420692
0.163236825010277 0.120617206902259 -0.586856991890738 -0.729843281249365
0.200418270650599 -0.034474605671767 -0.826005133594003 -0.0100819721541254
0.0636169501031151 -0.0941431434344297 -0.435853865238186 0.563696631159553
-0.0504369248952449 -0.134985063236499 -0.0781445176690105 0.527871498907557
-0.0911875895103743 -0.127518074605167 0.0707368446528915 0.125927486272204
-0.0590985508222261 0.00313902695396598 0.0462030987846906 0.0827480893092121
-0.0228674185653242 -0.0328250052294441 -0.145774998641332 -0.0854159098525425
-0.039455980162158 -0.0633118598251821 -0.217336035276674 -0.255491601307635
-0.0182693950727785 -0.0964441686480575 0.132779254903823 -0.468423578985708
0.0709070453649783 -0.0559882110791101 0.689865765048794 -0.417424905664992
0.0841574784205618 0.0434391154281962 0.911754748200686 0.160466009007583
0.0362021742698823 0.100265424401748 0.441413894256405 0.622247881285506
-0.0188618477162493 0.095107337481743 0.0507147764068287 0.412595686845538
-0.0351585107623528 0.0875789835890208 0.0726846389451303 -0.13580170178927
-0.00530204495017764 0.0896654150571975 0.0101272770417005 -0.677378095123467
0.0718024631021591 0.057591411449625 -0.545108578925498 -0.748491598110242
0.0897819612866076 -0.0341836270239645 -0.833195686256189 -0.0457855899753212
0.0151174386786889 -0.0700832990669394 -0.464676224218997 0.568043469038923
-0.0279577956317452 -0.0848771979715191 -0.0937246780869878 0.550663436595723
-0.0441358497516181 -0.0775397285114431 0.0796604962181363 0.151219171847827
0.00681420401519893 0.0329271928297192 0.0476996833433554 0.0973856388169864
0.0532292402142492 0.0110062870484247 -0.135815724120267 -0.0865578409756723
0.0159014746091243 -0.0387824209937205 -0.204067338175334 -0.266140608045833
-0.0316327781329986 -0.0554739400959581 0.154686034203097 -0.474273663110116
-0.019268925538362 -0.0107016779207825 0.701172974239762 -0.385966977265949
-0.0349073377191088 0.0241535420189579 0.90024997783344 0.207413168805687
-0.0412256919601695 -0.0104436661483256 0.420399792367155 0.648514362182894
-0.00692366774550538 -0.0462591096921417 0.0485371271469998 0.416092714142259
0.00490859570691409 -0.0629800110456408 0.0658489094617875 -0.130031944609522
-0.017107667644656 -0.04661265566417 -0.0276964830139491 -0.656508478247655
-0.0245793664209796 -0.0188882521953894 -0.581018909553643 -0.686974582971015
-0.0425169976424793 -0.0395777565244979 -0.822835982293574 0.0341377250694947
-0.0486559670681139 -0.038653002079097 -0.429493213638079 0.600069609787214
-0.00837668342185229 -0.0228263965423232 -0.0726810047383857 0.539373160299226
0.00825895745779608 -0.0181008371164421 0.0864961731150183 0.145468865437995
0.0657780265053402 0.063001657343473 0.0369110176824709 0.100247077400963
0.115065255579819 0.0549116514403941 -0.121702862011801 -0.103317344969168
0.0515669212816446 -0.00667102210692575 -0.153442979146084 -0.312638680044611
-0.0608617207090055 -0.00722097379964173 0.230045420736451 -0.490039597177912
-0.110138535111178 0.0214867359995675 0.74389440306767 -0.302636761142364
-0.141570511623462 -0.018878294039957 0.846473353361618 0.315532577358705
-0.0962932451188011 -0.129623433930976 0.348592198386972 0.665935523009528
0.00413643679426386 -0.178408003130885 0.0503020346487341 0.357322229590048
0.0154731378514036 -0.194600566562915 0.061175552400597 -0.18706313741854
-0.0610825621046235 -0.153681054482501 -0.136109665321665 -0.650651716519857
-0.135440316867455 -0.0617541437240008 -0.677701160582549 -0.534501595584244
-0.164687087201673 -0.0229662861311531 -0.774384631196308 0.208204198129807
-0.0924296721988552 0.00225351386032673 -0.329837794467422 0.634610566066142
0.0224633070106215 0.0388849931932459 -0.0179993742505199 0.488728803095766
0.0613998777802522 0.0389837137726153 0.0904799301657756 0.107965030258054
0.107260701049193 0.0931826822955873 0.0166033752552304 0.0864411134213501
0.145954147050873 0.0919638198959442 -0.100615596173199 -0.141284367727783
0.0488895091439248 0.0308739342874816 -0.0675076035043473 -0.388105619603182
-0.118492730566633 0.0381537994472364 0.345596402319024 -0.488124359874817
-0.194439269541524 0.0225712399683703 0.79242139748384 -0.152982910322355
-0.210256382507578 -0.0961318724682945 0.744222443270055 0.462054876120077
-0.107182929158226 -0.244952415759254 0.237113107651714 0.651409480824127
0.0140452403659158 -0.28158003534223 0.054039715274653 0.244825235115159
-0.0190849594985495 -0.283772652507494 0.0337058313835644 -0.286196842580026
-0.144887632833425 -0.201597772699152 -0.296600421447013 -0.62213909042072
-0.240193851144674 -0.0499814182137681 -0.778804303481987 -0.300375400293337
-0.237560821753179 0.0199698632319221 -0.673121406445158 0.405880005745848
-0.0894899694706536 0.0462915096881134 -0.192946342115848 0.630217309576568
0.0699405838789546 0.0878140884342047 0.0503633196027183 0.403048641480127
0.110951215460559 0.082109859815743 0.0887422913456657 0.0498874822106027
0.125464200607234 0.11798087395115 -0.00730568369927866 0.0547397994224315
0.140019235097187 0.117201381923124 -0.0656455829068883 -0.205081826865437
0.0101878167078542 0.0627195942833383 0.0466979701412513 -0.472744238667201
-0.187672213651773 0.059682358290918 0.475714080436736 -0.438983675979459
-0.246832236829418 -0.0197215684097496 0.808966552004814 0.0568818994526982
-0.217710564360305 -0.191351533483871 0.592035304548307 0.605528712330255
-0.071425581481834 -0.33049785362603 0.12100796294135 0.595114841226706
0.0196774695164916 -0.340544600034494 0.0602576756503445 0.0996424504196488
-0.0790378404369001 -0.314313608231646 -0.0356315698186217 -0.39750479830152
-0.228215765681831 -0.187805012349393 -0.484597130762516 -0.545348026815164
-0.297790978825286 -0.00257995821820126 -0.836144994338906 -0.0402040528443779
-0.239129745982313 0.0640779512277559 -0.529943537527179 0.54956814919312
-0.0411577646278594 0.0783351332118922 -0.0526791708995035 0.56332470593716
0.121606042694602 0.118173853639663 0.113442327534621 0.293330337439917
0.148393634561355 0.10423794198374 0.0776887053004803 -0.013516549183034
-0.170116693292073 -0.0640016145764251 -0.0136617383396376 0.000132919708297766
-0.154317047471869 -0.116849732932177 -0.135608561693012 -0.19044412687394
-0.0549721741038781 -0.0978189241154113 -0.0525862527257498 -0.455773003718257
0.155869906386231 -0.171640224971511 0.364107741844209 -0.512813260068007
0.332543977892196 -0.0992706201134063 0.801211262941839 -0.204485368350847
0.290915689281729 0.156146823852611 0.713598536649052 0.38183547686395
0.121999918696666 0.339980154631446 0.213290590107097 0.489608455400489
-0.0291744413992924 0.36676951578879 0.0727467605363888 0.0784517399520805
-0.00227829403232002 0.382760677972353 0.0384330370101084 -0.474163475287432
0.164517751734301 0.277547743056732 -0.329539717052967 -0.772551132010886
0.313648102377571 0.0689546132802208 -0.816146062098123 -0.392223410054521
0.259776372875966 -0.0960363111599683 -0.696757394299645 0.314996757005867
0.029302436688656 -0.108905476660882 -0.207547746564837 0.561682088143628
-0.131692619443197 -0.167653559888895 0.0455920276612623 0.391937829705049
-0.155650996680075 -0.15499366563088 0.0482151866016889 0.00996285714258308
-0.156058055455902 -0.0455778002263075 0.0111400822754532 0.034857507486873
-0.143587784535348 -0.0985527462576182 -0.153004597803575 -0.127557465468485
-0.0933571301330008 -0.0885753026977973 -0.143731137080768 -0.35237378595658
0.0683572445688797 -0.156402120418891 0.245281798732296 -0.508244201361281
0.258103158862824 -0.11802088074765 0.755020681484355 -0.344707831234837
0.272055364216438 0.0949401173357192 0.826296126477232 0.253635062176421
0.140668743024263 0.279197971904433 0.323482294162879 0.542967316256167
-0.0271849133677613 0.318179832383473 0.0663114637128639 0.229225581292284
-0.0531573309934963 0.338849426157513 0.0813657844439391 -0.330955930518544
0.0781107891898522 0.286685614621171 -0.147871644593587 -0.772808116517043
0.255372378551934 0.122550676791875 -0.704622100364414 -0.604293027547094
0.264589677994648 -0.0623388845301447 -0.787618961224469 0.137867175988124
0.0685215216484905 -0.109998906180601 -0.33645773166147 0.57597021849471
-0.0899757764193767 -0.163883844526834 -0.0195894459391495 0.474189248908501
-0.132124864025886 -0.152944741856907 0.0615810909702335 0.0732221892995758
-0.118652317575774 -0.021977884317885 0.0340880966993405 0.0594587147661215
-0.0958044944854046 -0.0709144901190143 -0.153383504483988 -0.0964009740195572
-0.0847257084597262 -0.0778718567843119 -0.201577489439548 -0.282479607470612
0.00718338886654172 -0.129759645629708 0.159362858313415 -0.48374171962151
0.163170264034677 -0.0988646441709319 0.705064927573187 -0.413354310403482
0.19456036316058 0.0582920702812106 0.891467831400135 0.166077957774351
0.108541066035407 0.196220180654326 0.410787887807642 0.580685873269186
-0.0218687516436192 0.222147142217698 0.0606367473273374 0.346112215378202
-0.0628355808642208 0.231759699545726 0.0821897232449827 -0.206710325294791
0.0173796976788007 0.214300121974397 -0.0349264281111484 -0.724939798696449
0.165246544496337 0.117040641669063 -0.602111180759414 -0.717370140848528
0.19971241765859 -0.0383819457471397 -0.826968897333798 0.00403855665964321
0.0617559961026205 -0.0956637449736342 -0.425404796983007 0.573106809150758
-0.0535391112837792 -0.134228557770098 -0.0668860439624472 0.531429398911166
-0.094509435780325 -0.125268957231781 0.074271352420828 0.12503339214663
-0.0579876908643995 0.00523336469559602 0.0469438982578956 0.0819383843885119
-0.0235411087106434 -0.0323796220973441 -0.147014671093109 -0.0831495920105903
-0.0400395109648022 -0.062885875082276 -0.223714350312576 -0.251919984722639
-0.019828358870871 -0.0959354841786149 0.122187062269636 -0.471888316462183
0.0698245359283594 -0.0576852449069872 0.681264280759153 -0.433067926887797
0.0851403908147526 0.0415365395422323 0.91528169761514 0.140622093478691
0.0390093988418755 0.0997258910497245 0.451296038149206 0.612847245811667
-0.0162774469655995 0.0949573259276527 0.0586098088978837 0.411255076140256
-0.0334433085886927 0.0884075852503377 0.069171133176669 -0.138085588573316
-0.00376803073695801 0.0894636824175077 -0.00479241756239184 -0.677783161900295
0.0731866125843706 0.0555157068535973 -0.560937058382259 -0.739926337122567
0.0889262896668936 -0.0362426883464119 -0.837059848282028 -0.0289584667499078
0.0140241660276949 -0.0701813161291294 -0.454930541013005 0.580712958629032
-0.0301495236824816 -0.0854557282823851 -0.0818792963731512 0.554630407974171
-0.0457674686636804 -0.0768431591278031 0.083640163555716 0.149970350590299
0.00743711663097903 0.0331806087354517 0.048844872219034 0.0968396140164144
0.0540257240930192 0.00956422130442908 -0.136069035548353 -0.0844519379605166
0.0158190836675489 -0.0395888869960567 -0.209466142433234 -0.262967288917291
-0.0327922750303686 -0.0545656138869125 0.143441573166088 -0.477428672309881
-0.0192251398202536 -0.0102009178567203 0.693666942462766 -0.40330930620212
-0.0346529572080972 0.0248475345780186 0.9050316677346 0.186213865511757
-0.0404673812702191 -0.0088329719575133 0.434253083782892 0.639425954333347
-0.00792728242929145 -0.0462874652105846 0.057230634949077 0.415845544862374
0.00377069951191718 -0.06259231217194 0.0635839418756353 -0.131806688119329
-0.0168853033644693 -0.0462825728955228 -0.0414212702667296 -0.657147343284676
-0.0252500654378549 -0.0192036096517923 -0.596517282200784 -0.675366165148835
-0.043629751246664 -0.038750952925579 -0.822542945607456 0.050822945438014
-0.0490975015683733 -0.0376638791928985 -0.416377958615661 0.608860483209703
-0.0093193680105091 -0.0236912123609068 -0.0609881185157896 0.543124305107812
0.00659659830121911 -0.0182673226447249 0.0905758328761278 0.143895623139123
0.0672192820467667 0.0621284025114564 0.03871249986599 0.0995664038498923
0.116760585151679 0.0514757682536676 -0.123345282328952 -0.101693340240062
0.0525082652408389 -0.00726967221490557 -0.158682091837939 -0.310486693944901
-0.0606855890492319 -0.00536528089357751 0.21910102767878 -0.49516127402484
-0.10978779581947 0.0238979062020709 0.738246157810633 -0.319363744360379
-0.142470930757116 -0.0153819352355418 0.854637768643743 0.298013541285075
-0.0979930912053181 -0.127982652720789 0.361274882346043 0.659980037915553
0.000687188691561863 -0.178546239154351 0.0571423660544294 0.356822612671902
0.0110396013883423 -0.194460726035462 0.0571309576357897 -0.188158676787727
-0.0646975898762043 -0.152277416205743 -0.147877728538779 -0.647595637897255
-0.136647617421452 -0.0601071837605217 -0.688246483012091 -0.518977459140441
-0.16580117572552 -0.019602026258132 -0.769174626408846 0.225124810800095
-0.0916007597417073 0.00415740051586958 -0.317287649987257 0.640660566916213
0.0235298900595263 0.0375016275255428 -0.00787233203855863 0.491157807301045
0.0611085578488122 0.0371588476593372 0.0937408975147074 0.106543451329462
0.108888744798742 0.0917447584417114 0.0178792051109767 0.0872935838665465
0.147904195436112 0.0889842475339759 -0.102022154781198 -0.140347331498572
0.0504887367154897 0.0300156872314379 -0.0748581762031313 -0.387666513723245
-0.117231196763994 0.0414274506829571 0.332955854249464 -0.496066926886107
-0.194445170502035 0.0257613696190322 0.78779289203784 -0.171604365662743
-0.2126443274949 -0.0913411730249362 0.75368283534702 0.446730969219615
-0.111490168399846 -0.24313492542341 0.249737494106045 0.647803808446461
0.00850864359098815 -0.281730163272689 0.0583947751926011 0.244653182946087
-0.0247314178857989 -0.281982042825555 0.0279006495676972 -0.286985495076509
-0.149253706305201 -0.198900170168624 -0.308100466692272 -0.617350692485913
-0.240848121468923 -0.045009131135223 -0.785931131456661 -0.286296897922518
-0.238251702206519 0.0245328200148591 -0.664919986251862 0.419085079890138
-0.0870232672483399 0.0478323335974616 -0.18267405871119 0.634032436210259
0.0721982538396975 0.0855789606593063 0.0583581371619031 0.400829175837829
0.112441368405647 0.0787849417900459 0.0901094592090293 0.0477114084439862
0.127089847981508 0.116056319339489 -0.00692303746017283 0.0546746458511918
0.142781700802596 0.113912389448347 -0.0699626092760985 -0.205580695387997
0.0117682341189698 0.0632215635327843 0.0371593329173273 -0.475405269390348
-0.186773376200534 0.0641278344805501 0.465982723807153 -0.447980254499555
-0.247291364997976 -0.0146248290674397 0.808367170996337 0.0375781764889633
-0.221097320637042 -0.186027304291173 0.605288344682049 0.591494714890673
-0.0767741871285269 -0.329749655629962 0.133373188920193 0.592972377212036
0.0134773188073175 -0.340973466035848 0.0622321055783537 0.0988586223309008
-0.0849679435372052 -0.311668235178364 -0.0427322855684477 -0.397174392817563
-0.232124125984285 -0.183015364549151 -0.495629298652834 -0.536271686001413
-0.29777220342151 0.00375102621906175 -0.838098607519661 -0.021156290307472
-0.238058180671127 0.0693940481435221 -0.519576741942135 0.560418974478109
-0.0387012181774372 0.0800067854458571 -0.0416077848644142 0.565336243368878
0.124256608356067 0.116186410763945 0.119568454551751 0.292258549210032
0.149664863042702 0.100699414783056 0.078115314760717 -0.0149183461212872
-0.170692574135997 -0.0601966828080279 -0.0136802007473284 -0.000255812479924816
-0.156696958024573 -0.114091537235809 -0.138373262433576 -0.187974877798597
-0.0569098963730582 -0.0972598954222505 -0.0615728262294939 -0.454070035393997
0.15178749281738 -0.174908661820245 0.352272183889199 -0.518827586753699
0.329465160869479 -0.106124057389846 0.794938985984216 -0.221597894849404
0.293868357113272 0.149838127015357 0.718411672494398 0.365269129453482
0.128515833014763 0.336147798277143 0.221022500854042 0.484764337821333
-0.0225065216523604 0.365555147614324 0.0744196786249643 0.0765475977475115
0.00507402884711881 0.38238542676294 0.0297912769395254 -0.473725592457812
0.169050958448695 0.275375827962594 -0.343281315737816 -0.763229138768196
0.314377310976849 0.062109907296826 -0.819805996495115 -0.374836386052852
0.257755444935273 -0.10176828337151 -0.688785218048656 0.327653406959381
0.0264354070502835 -0.110035708346657 -0.194895809827235 0.566644808085317
-0.135861817245823 -0.164289271259494 0.0547166565416622 0.39129803952425
-0.158419538914255 -0.151549894862137 0.0474664176020632 0.00907064779626625
-0.155757403443781 -0.0419182387546769 0.0110326384865788 0.0348528683893257
-0.146601741931829 -0.0971631939173266 -0.153469966575664 -0.126283279371347
-0.0939790432169183 -0.0869378413737846 -0.151277552508212 -0.350088939816784
0.0654121284980174 -0.158271958342101 0.23475059570243 -0.511488401960707
0.255003961105805 -0.123183778456296 0.74526346603451 -0.358899806854142
0.273492381231334 0.0897156538206111 0.830402516783997 0.235735157477936
0.146763375704435 0.276244767189168 0.331115128082751 0.533063575295962
-0.0204786447618646 0.317426517172297 0.0704545057202992 0.227166561087929
-0.0456743587695317 0.339405661770341 0.0748335015372378 -0.331278206646335
0.083133022387458 0.284026829870457 -0.16042918333587 -0.767557468175446
0.256616227563332 0.11731563502378 -0.714069393462291 -0.586222112991613
0.261335257387988 -0.0682803204416093 -0.784340257499734 0.153566630718699
0.0658227268859979 -0.112022928050267 -0.324271435503699 0.583791472960181
-0.094178669928373 -0.162077891430055 -0.0084397444199059 0.474160686462341
-0.135362074737315 -0.14893775226986 0.0634660734656984 0.0718692181804059
-0.11792292409409 -0.0191666026033316 0.034319662669485 0.0591680022348091
-0.0977561490429759 -0.0694860473954405 -0.153767549519882 -0.0942483004555141
-0.0858948301046851 -0.0765080210919483 -0.20660378928297 -0.279076650128889
0.00399169462477337 -0.129558545642629 0.148433270857576 -0.485581290204105
0.159656868433782 -0.1019964014561 0.694567936561465 -0.42572825180231
0.194954014149975 0.0543818970814712 0.893672173618569 0.145520134408222
0.112599655907058 0.194130106739139 0.419236685972624 0.57032680407862
-0.0179646066421446 0.221559231761423 0.0675846597841177 0.344653117574754
-0.0581542500371065 0.232736252185981 0.0771143470538357 -0.208522836774723
0.0207768366548786 0.213707800809769 -0.0496086476636139 -0.722552600857981
0.167222744736938 0.11289153512939 -0.613133849549976 -0.705014569140552
0.198525447340876 -0.0423072685304998 -0.824740286925944 0.0221453720968654
0.0597200867953626 -0.097163384532067 -0.414580803204155 0.579761129806244
-0.0566181958067152 -0.133646474722677 -0.0556166593538369 0.530843062777198
-0.0974374580492566 -0.123045485130262 0.0766506953054802 0.123538318240164
-0.0578280416895573 0.006658908196952 0.047973920529977 0.0813351590355785
-0.024786386668496 -0.0334096672573261 -0.146426832809621 -0.080833219842519
-0.0414241154955409 -0.0612707973085471 -0.227426172660232 -0.248476108539116
-0.0219206290906857 -0.0956614250170621 0.111937957770126 -0.473140824827282
0.0687396170583736 -0.0593343200275084 0.67093847217263 -0.445689850035754
0.0860560000916022 0.0404057835818527 0.918125627979492 0.119750886347073
0.0415082062725995 0.098612731180443 0.463399139766711 0.600471097225228
-0.0140050123341811 0.0954918545641889 0.0653622290870458 0.408818018842323
-0.0314345849184578 0.0897381077246803 0.0662228052054931 -0.139413289349915
-0.00152443361240467 0.089569202955424 -0.0182844594315584 -0.676211406404723
0.0739664085156687 0.0536640466707164 -0.573214630393161 -0.727610220673414
0.0878671804435939 -0.0376591192770541 -0.834072270924519 -0.0122859192830219
0.0128936508011575 -0.0708818466743483 -0.440903712101058 0.588833470725648
-0.0320581467313032 -0.0852463019765316 -0.0716990309503534 0.554587554931413
-0.0484284512576102 -0.076507859608059 0.0868095111736972 0.148417785247219
0.00867238712584265 0.0334816071020331 0.0500818386243951 0.0958420527940713
0.0540879894015316 0.007866998645412 -0.136675422875289 -0.0827051624855955
0.0148240766292257 -0.0391510405686882 -0.213968997447108 -0.259311594244775
-0.0335001285321558 -0.0539253957683552 0.133109862659457 -0.479462755564594
-0.0193298610994395 -0.0108218381836599 0.684408818684865 -0.415694586984478
-0.0337699464025289 0.0258668052199133 0.906849508866663 0.167345279307025
-0.0401343441434692 -0.00802294916425726 0.445904052805948 0.630676538598514
-0.00853201791152924 -0.0458091426952112 0.0654061352593186 0.413330622053779
0.00244116212036058 -0.0619446486912695 0.0599113891819084 -0.132873810328599
-0.0185701907977102 -0.0456065205303229 -0.0541750375010927 -0.65436996310397
-0.0257083284378826 -0.0188058214157604 -0.607593507047431 -0.662673130098678
-0.0448665887078366 -0.0370475186763857 -0.817239925887591 0.0651863256055032
-0.0495442545066106 -0.036416839377834 -0.404022003554551 0.61647516925087
-0.00923838187603876 -0.0239269091059276 -0.0491926332349833 0.542890707318284
0.00546964311626983 -0.0191367460533984 0.0940301857074306 0.142969179644715
0.067316132904929 0.0614133392330276 0.0393796370613202 0.0987493964797657
0.117574494156976 0.0490438005076292 -0.124238437419979 -0.09870106067952
0.0525461169704277 -0.00787621120198893 -0.164999269719034 -0.307580748010038
-0.0604325240031694 -0.00376943598190012 0.206998958794201 -0.499044835132401
-0.108216252992842 0.0255437188370478 0.729185150222965 -0.332968150320354
-0.142378512283203 -0.0127857319415339 0.859818797282808 0.278422024471361
-0.10010921512022 -0.125224056183569 0.373455415023639 0.650042148363299
-0.00301368209607969 -0.177887743536323 0.0639370959324173 0.353963122970801
0.00791494887040938 -0.193916749651378 0.0531114559292555 -0.190032612275597
-0.0671513020230764 -0.151435869585016 -0.159961224541532 -0.642669404769136
-0.137688490613177 -0.0575034596364781 -0.696159487862886 -0.506273354030007
-0.166365034205018 -0.0166233842471427 -0.764389726644415 0.239766908547841
-0.0909363757629093 0.00668920530651659 -0.304792391665836 0.644275259309589
0.0239351299707178 0.0363119239149175 0.00157084883144514 0.490021288502248
0.0613818582598241 0.0355462142617892 0.096840896525487 0.10473983582281
0.109866552140499 0.0904659687537942 0.0186462915769159 0.0863154605139195
0.149467190154528 0.0853439245640951 -0.104679009378396 -0.138734089465955
0.0516802829752721 0.0293695227305107 -0.0827119307213712 -0.385574488095636
-0.115760692767878 0.0434741503676839 0.321422623981214 -0.501898133586618
-0.192848003755634 0.0293252272568486 0.782891927034154 -0.187971001024474
-0.213865571933049 -0.0865483351562978 0.762502610493428 0.429677245050548
-0.114877831702832 -0.240475462358082 0.262049133059121 0.640214704351374
0.00294510507503667 -0.281362743834781 0.0631056281467808 0.242653463568909
-0.0302735115968294 -0.280648915764652 0.0223524867458556 -0.287665180627727
-0.152858205718207 -0.195410977852634 -0.319103380760234 -0.609160943297578
-0.240789247902424 -0.0406690599464228 -0.788329023115771 -0.269418886751411
-0.236994349930776 0.0297514707360116 -0.653417371209856 0.432250059280465
-0.0858928625074742 0.05001620911957 -0.168374020940339 0.636192951812098
0.0741421320231671 0.0840555261877978 0.0676095968403152 0.400429184053088
0.112744858384715 0.0760947370377764 0.0920382877325159 0.0466678732473587
0.128697762694217 0.114651775135221 -0.00660863608520312 0.0540125315623086
0.144838781095581 0.110732987624391 -0.0729967070394282 -0.204235516411434
0.0141882563482207 0.0629285935911452 0.0276630718593224 -0.475597521961515
-0.184464108142691 0.0674363450592517 0.455003583233052 -0.457297856942834
-0.247182683785251 -0.00972610627879127 0.808108160442139 0.0211900652317696
-0.225319402000558 -0.181689111534511 0.614745570476543 0.578835824119213
-0.0827184757849501 -0.326910406763256 0.144652494172836 0.589540619130944
0.0062974068632497 -0.339592090011016 0.0638936556864274 0.0976955428838784
-0.0912211933570502 -0.308613460222599 -0.0503683488723857 -0.394421804173091
-0.235411093048583 -0.177185554572033 -0.505005831254158 -0.524827043960124
-0.296986849757431 0.00868853143090859 -0.838259012283321 -0.00381625774842333
-0.236198542168498 0.0738614727616976 -0.5073637849871 0.57141505793392
-0.0363059184602248 0.0809471038687703 -0.0313855932380267 0.563814734170331
0.126629208151909 0.112348953253307 0.125073760740875 0.290389755307522
0.150606149817843 0.0971715704534003 0.0784317040331667 -0.0169191347120192
-0.169917768219434 -0.0576406776183369 -0.0143579539214571 0.000391203497605618
-0.159992558539578 -0.111413494309029 -0.140806824456249 -0.185705394563346
-0.0584564214447181 -0.0964917835032987 -0.0701407413517891 -0.452220222986041
0.147860585096147 -0.176718332232284 0.340543293525723 -0.522510614915577
0.325444590057179 -0.112384889423701 0.785576691037991 -0.234551240780489
0.294484393666048 0.143330500619304 0.721678893111355 0.347092286868598
0.134348578071565 0.332062496375946 0.230692175666263 0.475331680788681
-0.0150254948780933 0.364053051483168 0.0750318562144953 0.0747569364990947
0.0132580992228247 0.379921368433363 0.0200241684427507 -0.472254305928863
0.173420750210333 0.271474652681553 -0.354142318498577 -0.753306305323394
0.313358106035119 0.0557227493105903 -0.823469643752828 -0.358332441553796
0.255449534699158 -0.105804659582678 -0.680029713192304 0.337669809650721
0.0246631606054806 -0.110911847501399 -0.184460617119965 0.569373228636803
-0.138861846317405 -0.161550658882905 0.0619675804560789 0.389095225128054
-0.160837525527714 -0.146729713756544 0.0483150225676925 0.0087118303172174
-0.154779213149206 -0.0391641536636217 0.0114479705467986 0.0341855287733003
-0.147582790142285 -0.09462460814602 -0.154625727913899 -0.123716778693291
-0.0953830037834979 -0.0853644280621401 -0.158628304568333 -0.346174377109992
0.0612206273541592 -0.158545616909684 0.22366682387245 -0.511335565862365
0.250655258682003 -0.128710837157734 0.735368151923574 -0.371619475984428
0.27328767177115 0.0829446948384104 0.829554582984042 0.216549779627729
0.150335698385783 0.271396307035784 0.3393585572084 0.526297206020989
-0.0139326579530138 0.315711342208314 0.0735918692832903 0.223773043350969
-0.0393517547884672 0.337577788787837 0.0676486130279908 -0.33158182119203
0.0880944895879938 0.281766589630329 -0.173830654305833 -0.761918458433888
0.257446728605579 0.111669005221671 -0.722722403075597 -0.571912972958957
0.26022440388301 -0.0723626981390611 -0.778157226667464 0.167598115367527
0.0630032841396322 -0.113657027621872 -0.312637417251632 0.587720646416793
-0.0975724074518297 -0.160147867580883 0.000869115148035323 0.474039428851083
-0.137083574101705 -0.145928556846447 0.0651627409249565 0.0705699613697817
-0.117017193187097 -0.0163082777698897 0.0352598760214216 0.0587202894328161
-0.0985743102259867 -0.0677620698183724 -0.154316873147144 -0.0916098109700244
-0.0862600892587112 -0.0746622562280093 -0.210805800025519 -0.275499770659702
0.00175731017025944 -0.12927379699534 0.138453973465573 -0.485830294211068
0.157301315727693 -0.105370275812667 0.68377368409692 -0.437360285569261
0.194527157964317 0.0504910677519462 0.892868597851754 0.127631122928027
0.115582363634926 0.190534024945476 0.426794675323355 0.558599085253025
-0.0140061203888536 0.221767738864796 0.0731006179079157 0.341538158957627
-0.0528616872784384 0.233632563782384 0.0725693825655585 -0.209248090493987
0.025264213422596 0.212869351935658 -0.0616388084952598 -0.717703422660304
0.168293975297197 0.109488849150366 -0.622832854449416 -0.691496976123964
0.196532233117049 -0.0460017953237791 -0.820418858398954 0.0371443484590882
0.0575660110452537 -0.098509338542386 -0.401845533516311 0.588007122598701
-0.0598263725532029 -0.13319583246218 -0.0447202262521876 0.531064605156583
-0.100229209669864 -0.120407594015078 0.0789898384850647 0.121452219624301
-0.0571955395634889 0.00860925259925661 0.0485157713099533 0.0803617689777465
-0.0256582712748787 -0.0332815073787021 -0.146627099461171 -0.0789266896118564
-0.0417436574715683 -0.0614052414962634 -0.231250412289471 -0.24437622095999
-0.0236834690221055 -0.0942595169139395 0.10173619438204 -0.472737182858198
0.0670468147052888 -0.0612118661433565 0.658865955774565 -0.457018882515957
0.0860773003043746 0.0383644434550767 0.916925781213185 0.10154128242798
0.0432289506304523 0.0977881325451515 0.471499208256932 0.589073872118592
-0.0119190958583717 0.0949059636185931 0.0726655863111607 0.405377908925066
-0.0292476787189705 0.0907284182474881 0.0631729347769756 -0.13958116386603
-0.000146098886847225 0.0904710037384645 -0.0282850083643234 -0.672439563601236
0.0742954226257232 0.0516737698195751 -0.583501363594379 -0.713743357116378
0.0864574691597731 -0.0399264435313415 -0.830933132537356 0.00295954368347321
0.0119968509855033 -0.0712941822564898 -0.428203526782954 0.593821669395498
-0.0338048541901868 -0.084930357924758 -0.059466866022019 0.55573155020331
-0.0509277270319021 -0.074254484971722 0.0903323453641052 0.146333583366432
0.00908578652476772 0.0339393472263787 0.0504825232118218 0.0945256226628537
0.0536392815697146 0.0067191029706525 -0.13648201491887 -0.0804907593417744
0.0152190335045082 -0.039241008255108 -0.217468685851363 -0.255690544658196
-0.0342128014494169 -0.0537301134163777 0.123022234653927 -0.480885593594907
-0.0193367228700886 -0.0107823285327181 0.671471902887369 -0.427309595921501
-0.0336093260291787 0.0261230581716659 0.906630601812131 0.146635739925397
-0.0395040015242982 -0.00739089226548699 0.455999552186242 0.616827584869953
-0.0093641895913325 -0.0452298221847946 0.0719263906313021 0.410092921067389
0.00238785005914144 -0.0608291270275604 0.0560815494844391 -0.133711378952505
-0.0185068466406868 -0.0443031394720296 -0.0656173139645198 -0.649930192943554
-0.0259677644210744 -0.0182935675388981 -0.615643044377549 -0.648016758392133
-0.0456037866331022 -0.0362147780542748 -0.812706327080457 0.0788834852140614
-0.0495296202349385 -0.0348585143965432 -0.39059606965246 0.621124620876302
-0.0100909933240886 -0.0244617074234836 -0.0378663154703401 0.542993957493823
0.00413766644374939 -0.0198380256631778 0.0963155412214659 0.140567093652286
0.0684502618983821 0.0606717810900668 0.040717408252398 0.0976636978409067
0.117498461993529 0.0455064271082353 -0.124548865983754 -0.0976897342427843
0.0527222682606903 -0.00880163206150869 -0.169326704535071 -0.304572086701936
-0.0603716201190813 -0.00236901952107803 0.195338497592381 -0.500661904285871
-0.107451809835377 0.027007146840283 0.719092846078385 -0.345672119933129
-0.142470567094261 -0.00939348322410915 0.860152332338635 0.260344938825958
-0.101133013256834 -0.12275385268354 0.383898066528346 0.639703427833178
-0.00497429912895657 -0.176851060473253 0.068846462984615 0.351511272990266
0.00509232293351306 -0.191388621051932 0.0497536291827486 -0.190368009771265
-0.0689798355251925 -0.14881015018212 -0.171262893770805 -0.637337521072402
-0.137939754233082 -0.0546462237663557 -0.703334481081164 -0.490792672384393
-0.16535933949109 -0.0124849704070022 -0.753658916870351 0.252064843297825
-0.0895122904096392 0.00793121939897185 -0.292657172273794 0.648205870015546
0.0249854282214789 0.0348062649228096 0.0105018198041188 0.489092328050753
0.0603346926882484 0.0346226055529456 0.0985483110214138 0.102173554161659
0.109992125570616 0.0879570321670414 0.0202516070048933 0.0856389699879225
0.150126026838018 0.0820845186801839 -0.10561936536609 -0.136957772923438
0.0522068390523727 0.0285900773873682 -0.0896204987999018 -0.383617333275568
-0.114200448624246 0.0453330165552492 0.309250876698078 -0.50637239103017
-0.191502767962816 0.031596250358758 0.773953428394993 -0.20148968228014
-0.214934457778361 -0.0820861661179754 0.766125996806573 0.414085654108661
-0.118109738638819 -0.236958842843829 0.272704931922461 0.632872753942516
-0.00181932539924588 -0.279196610681346 0.0667216682912292 0.2411862663877
-0.0343740568290082 -0.277747391093827 0.0161098443498982 -0.286511690524728
-0.156584447538098 -0.191320731878986 -0.328662641913675 -0.59916832118725
-0.240734128517085 -0.0369311437080604 -0.790339292569151 -0.255755241242943
-0.235907122708921 0.0335792090947049 -0.643276115189326 0.441903329287467
-0.0836291189519871 0.0517543554189853 -0.157575959635096 0.63506000474706
0.0754927413437179 0.0824272460628698 0.0737716485270004 0.397725046714524
0.112472020012305 0.0727651519134604 0.0926623566238881 0.0452261522122925
0.129863990188202 0.111733137943469 -0.00643779821363138 0.0545165195245637
0.146049802017212 0.107153462100792 -0.0765393519459696 -0.203241765877179
0.0156933087218363 0.0625281003785821 0.0193892641467387 -0.473704900444445
-0.182126913285614 0.071376972497262 0.442587480898024 -0.462785638371338
-0.245873505843163 -0.00549533260367503 0.805271663988332 0.00651882025635252
-0.227197729640608 -0.176776482096844 0.623184455051193 0.564185313199248
-0.0876103186491125 -0.323188785981953 0.153421190252367 0.584488553029025
0.000194967324329281 -0.338183446746612 0.0652345506352689 0.0966834122000996
-0.0952399702198627 -0.305008582314667 -0.0574435660705567 -0.391921007393719
-0.237503453960658 -0.172696199183774 -0.512917658816246 -0.511868036260339
-0.295357828462849 0.014524136938652 -0.833262620693915 0.0102946615324841
-0.233940199492831 0.0778609709071347 -0.4932876034777 0.577158287795356
-0.033599157128997 0.0814263967995412 -0.0201653666308981 0.563370912440871
0.127891277269883 0.1096136566184 0.130174082069403 0.286937564551128
0.14967484271936 0.0928411111539226 0.0783484846290587 -0.0179657266960217
-0.168840061546873 -0.0542621430777271 -0.0144737482853594 0.000356912057810586
-0.161406286206957 -0.108998233910523 -0.143205857715267 -0.182691893668976
-0.0595423960333874 -0.0961289128492086 -0.0779260557938369 -0.447785607759969
0.143623765783564 -0.179275686590765 0.328185442904591 -0.524474482733089
0.320843751253519 -0.116801070392384 0.774668836593689 -0.245940504301005
0.295147747676683 0.137818945073001 0.720656302485289 0.332028430372585
0.138970679430649 0.327557280124331 0.234865427223785 0.467984255344535
-0.00946570887628147 0.360882035901889 0.0757174550899063 0.0723506286373154
0.0204465027201137 0.376605720086322 0.0123401967883452 -0.468435372982312
0.176495329171197 0.266451307841481 -0.364428406178746 -0.742556407020175
0.311677772908981 0.0497616171944247 -0.822763006351311 -0.340934619444537
0.251874745131 -0.110206070809883 -0.669204186138641 0.346882863516501
0.0225711373007776 -0.110835938307622 -0.172478415949041 0.569299912289158
-0.141776618381638 -0.158270149847097 0.0702352392132745 0.385415885812522
-0.162945794200943 -0.142348075741994 0.0491008456311028 0.00735610240199962
-0.153477585980152 -0.0355155374256874 0.0118320096980473 0.0341221987961367
-0.149717769102874 -0.0917291316850409 -0.155670964655269 -0.12059140982083
-0.0957149047047492 -0.0838847072396143 -0.162725690542463 -0.342603067014099
0.0587583209209658 -0.158534522362563 0.21144996777593 -0.513480795068436
0.246639922273989 -0.131851391081886 0.722610579151572 -0.383322932457837
0.272135775366872 0.0785275147876789 0.827198705594736 0.199663673785797
0.154195515247838 0.266349809675474 0.346204413542511 0.514639702753327
-0.00966480763910891 0.313121230502043 0.0767103106209342 0.221070524679374
-0.0333032003768474 0.337185052814978 0.0612494894812004 -0.330505806553146
0.0922380064271089 0.278812407774218 -0.184513632146534 -0.752952228631352
0.257491700741785 0.106412319609437 -0.725491651748882 -0.555860739776336
0.255473615063808 -0.0770185241569549 -0.770458583381509 0.179460182345443
0.0607203968374187 -0.114134014501173 -0.299757367705931 0.589325366258045
-0.101254387848763 -0.158177732516444 0.0106316610467743 0.47123964160624
-0.139598001107324 -0.141841032717845 0.0662619304451295 0.0686668356153058
-0.116011496346444 -0.0140882528403559 0.0351086037754212 0.0577662300251916
-0.0998193603047475 -0.0671934619338845 -0.153680081905589 -0.0893057379852681
-0.0867640271861339 -0.0733339179688244 -0.214773880535367 -0.269725722042358
-0.000241342649684541 -0.128749398496748 0.128248700076414 -0.485377751475856
0.153684653080484 -0.107383813992301 0.669403112452163 -0.446793210600004
0.193766147655853 0.0466596688932936 0.885885182928562 0.109097877157527
0.118042536591671 0.187029805055986 0.433807467373111 0.547676488087585
-0.00945120127836795 0.219185539108548 0.0784862305390529 0.337750855577627
-0.048391532139854 0.232977845012071 0.0685404292468995 -0.208467387508432
0.0283974048083338 0.210966405516047 -0.0722453413930038 -0.712261640748332
0.168174175764779 0.105370190822932 -0.628290410266247 -0.674097342009169
0.19469978218665 -0.0486168318658167 -0.81486634689029 0.050490166905224
0.0555301363178157 -0.0992559364868719 -0.388927029521328 0.590022587051499
-0.0625398211087344 -0.131391264435351 -0.0341688615875154 0.530078019153929
-0.101919501044472 -0.117591062864479 0.0810237364138375 0.120093897213931
-0.0558966658169602 0.00976873081537284 0.0483794723973381 0.0790419138056398
-0.0268738127131563 -0.0328800379983046 -0.14583282106588 -0.0765975812370287
-0.0415365536478525 -0.0595896075494736 -0.23344712562032 -0.238841747197804
-0.0245504080124161 -0.093331360732041 0.0920163791768928 -0.473130865844924
0.0656169828697879 -0.061880975022958 0.64554128007635 -0.464915969447665
0.0855167908643071 0.0367225773125853 0.909632437787332 0.0838868047116546
0.044956599394247 0.0961266768090234 0.478052711151814 0.575266761367201
-0.0101196628386373 0.0938709628369094 0.0786714557664219 0.401639269238501
-0.0267973660990366 0.0909698135173492 0.0593174431398461 -0.140243818462668
0.00126857930201612 0.0894521792166865 -0.0405335481567878 -0.667108508518353
0.074627214751901 0.0501023522272282 -0.590970814695989 -0.700557779795897
0.0851790132753421 -0.0400892619256433 -0.825532604141986 0.0162637434990761
0.0106635105401422 -0.0707881880892982 -0.415803506386798 0.598585580054286
-0.0352837287990588 -0.0840173631369918 -0.0483965895576944 0.553239168968518
-0.0524360559543996 -0.0733466274934437 0.0923024626025897 0.144385828033
0.00967979877924914 0.0340962681669118 0.0507393195012771 0.0931462338326357
0.0522835943793531 0.00449592846210411 -0.136507448858705 -0.0790055840632501
0.0146061167059385 -0.039384336879138 -0.220097289817672 -0.250565419793914
-0.0349394532948041 -0.0519657744616088 0.111270424910117 -0.480524780311884
-0.019817092882486 -0.0100116081514949 0.659284839821546 -0.435889311543351
-0.0334502704531212 0.0273148331701126 0.901914716697629 0.13049840352885
-0.0395169445431171 -0.00708794461254 0.462337141150616 0.605415440679092
-0.009756353056783 -0.0449623033685851 0.077901519683186 0.406298716671609
0.00155782511449615 -0.0599155584958166 0.0536617319427662 -0.133999091469603
-0.0185416913367639 -0.0440408242942558 -0.0755820712727447 -0.644147750212954
-0.0262000380028541 -0.0180556157508374 -0.621490314260135 -0.635995441655154
-0.0466724283539615 -0.0351212466772527 -0.805826222176979 0.0915896249893747
-0.0490053341039468 -0.0340547181090273 -0.377351119775451 0.623922998826396
-0.0109443813965888 -0.025259672526561 -0.0285862830487287 0.542194473255076
0.00314079970175697 -0.0189049725323124 0.0982171002562684 0.137844175759367
0.0684346258564915 0.0596455282690248 0.0411442909667762 0.0962055813700848
0.117261949574297 0.043330005519896 -0.125084522633705 -0.0967711235654409
0.0531758965404347 -0.00926030256275762 -0.173166314949334 -0.300265959501069
-0.0597699037635917 -0.00167504260235876 0.184668846874684 -0.50216666661668
-0.106304376411496 0.02857990009591 0.706778193488053 -0.355808227394831
-0.141697474195188 -0.00622583336872356 0.857074957463626 0.242734680032912
-0.102031656805895 -0.120128780022659 0.38974154485903 0.630028747752459
-0.00709854629203916 -0.175244432870236 0.074408437308437 0.347902552297586
0.0018428534217467 -0.189785123425657 0.0455661587550149 -0.189510065953976
-0.071183044266894 -0.146263705093937 -0.180117959015697 -0.629309227569253
-0.138293144901749 -0.0524522897563724 -0.705029159615597 -0.473651785557056
-0.16534917846085 -0.00964599698185436 -0.745613697681946 0.263717009126867
-0.088511962618066 0.00997432323906818 -0.279591846452673 0.648470915741193
0.0254534303597446 0.0344194259991067 0.0203336688016053 0.485400343150211
0.0589230015476567 0.03272746027409 0.100398995982551 0.101292017513554
0.111270163359053 0.0864244374009605 0.0203406684683477 0.0847082231343578
0.151237743121628 0.0784282820997112 -0.106243240700159 -0.135031969796949
0.0535644330468561 0.028239660180782 -0.0953357840752326 -0.380600191130785
-0.112741733234854 0.0471433944216509 0.29762885845821 -0.507280977033002
-0.189511206021299 0.0350590212906912 0.765547286918694 -0.215252106672008
-0.215037327661083 -0.0784018443452888 0.767730841421461 0.396602765342069
-0.121613170043664 -0.233076989816967 0.280462909122907 0.62509320451061
-0.00622233418096686 -0.277105520053321 0.0704044192593803 0.23854779124697
-0.0384706569891963 -0.273619935350378 0.0122807469557234 -0.284283612069077
-0.158334773272664 -0.187306058005253 -0.337060078680582 -0.590400065401732
-0.239437991230659 -0.0326401678698118 -0.788452286870288 -0.239162969668962
-0.233292392500501 0.0385648604959316 -0.63162068499353 0.448217530776914
-0.0811315208451946 0.0527589687888725 -0.146441943492856 0.633859928256904
0.075856171452394 0.079365682978653 0.0798358460499173 0.39598895088659
0.112131963997922 0.0705313510416528 0.0939748591813548 0.0436934515554471
0.131390507817088 0.109839477292842 -0.00630950572118485 0.0539731583107114
0.146927794446621 0.103865466655057 -0.0790903804234479 -0.200647374604318
0.0175866705208235 0.0627901977076737 0.0100022359464918 -0.472874011877536
-0.179669841159436 0.072635160620769 0.428632245228535 -0.467488378680394
-0.244430476596995 -0.00191926192256476 0.796875374397658 -0.00821193428772222
-0.229183384403474 -0.171407096261301 0.628516334122402 0.547679543823802
-0.0919476306048028 -0.319319213970583 0.1626167210204 0.577796934632911
-0.00461639509981995 -0.335581472988193 0.0665838588506394 0.0942722537175862
-0.0996326319347264 -0.29920105937133 -0.0626875978044995 -0.388073630674985
-0.239159702683204 -0.166944122548494 -0.516824043351488 -0.501265417541916
-0.292959113339787 0.0184726490438224 -0.82678180340075 0.0256065147347693
-0.230824103290139 0.0819126402715143 -0.479548035190667 0.581519197842033
-0.0303183877858689 0.0816166753830658 -0.0116064498337785 0.559317407131787
0.128806377211555 0.106271926853613 0.134578585189623 0.283686808225317
0.148856198618561 0.0899338695042478 0.078771019385179 -0.019238311235766
-0.167660973097491 -0.050855222655969 -0.0148059338925749 0.00113813530680637
-0.16203507540018 -0.105947641997909 -0.14489640140855 -0.180665460795895
-0.0599152389851265 -0.0945836815039977 -0.084977573797109 -0.442837562914169
0.139972691557086 -0.178849215401495 0.315386441442905 -0.523855513378237
0.315864304626517 -0.121470042989379 0.764649677528062 -0.255066221304268
0.29435438548108 0.132066357819773 0.720884802756867 0.316972486907552
0.142682234928778 0.32211748700969 0.23955251527243 0.4594100961774
-0.0037269114309777 0.356962714348641 0.0758314877585578 0.0707489872968038
0.0256398066151074 0.374086775024601 0.00572670201189503 -0.4642248189947
0.179324642247905 0.261275834971477 -0.372265917805543 -0.728841740346871
0.308274046977893 0.0439972254364032 -0.818076349948783 -0.32744503346533
0.247236907672547 -0.112996540639788 -0.658370121809618 0.353981263793688
0.0204529523185414 -0.110781779983242 -0.161064056346819 0.567944878703009
-0.144555254574214 -0.155856895809866 0.0758267081937439 0.382551649839833
-0.163171474201298 -0.139064196496147 0.0480687826433231 0.00654748255437495
-0.15206245552414 -0.0326864567652426 0.0109248530911338 0.0338941785474244
-0.15100415997118 -0.0893502631590991 -0.154622635027472 -0.118763900403523
-0.0963456707419254 -0.0820820565469853 -0.166592121045416 -0.336867128171538
0.0553578474871092 -0.158130296769167 0.202382169417379 -0.510663779823677
0.240998860086246 -0.134007268855161 0.707687847677645 -0.389884676782717
0.271597835874179 0.0739382469232142 0.822361917994345 0.183827544801929
0.156896202856523 0.261627891468113 0.350057937428785 0.504336471563363
-0.00440040970224162 0.310304715634441 0.0790086809705178 0.217420184374712
-0.0273008959289371 0.334566636689116 0.0553053154530642 -0.327628744711892
0.0957153520721301 0.275114587965467 -0.194661616116017 -0.743616024052293
0.255610986813726 0.101961762326726 -0.726619867657877 -0.542066459382501
0.252769936259629 -0.0794168085108092 -0.760872771280885 0.187112084366624
0.0585654101861271 -0.114940828035615 -0.288103502358571 0.590814505834032
-0.103365538734487 -0.155694576684513 0.0177213654436198 0.468450852497787
-0.14178466193906 -0.138346138714458 0.0669773853964303 0.0680662882141832
-0.113679662856797 -0.0116551822239756 0.0350491430370424 0.0575453714970542
-0.100331126562709 -0.0654869910293413 -0.15329939248201 -0.0871642292003037
-0.0861203961916923 -0.0716818660869369 -0.216609064815346 -0.265566094636369
-0.002271469344129 -0.127289007686024 0.118091150696028 -0.484156379224426
0.150248672025046 -0.109296444711103 0.656052445352086 -0.452966837180049
0.192339394596279 0.0438431091098182 0.879985490643536 0.0931011585136094
0.120124953093796 0.183232444393139 0.437900888070037 0.535114947365974
-0.00574682969162327 0.217110785152299 0.0821805413361013 0.333512690233131
-0.0444797702680529 0.231345885394659 0.0638366469179253 -0.207901758420517
0.0316183354465743 0.209247162828831 -0.0810788096218699 -0.703360297680368
0.168119915755249 0.101830297862234 -0.630868476641977 -0.662080672702057
0.191492480912953 -0.0510558681911922 -0.807423057202965 0.060522967511885
0.0533614972027851 -0.0991887091395818 -0.377262559131883 0.59151026389742
-0.0645161980035277 -0.129992065175987 -0.0252701594970242 0.526686715696961
-0.103384366551558 -0.115251234463436 0.0825484909260329 0.117838830758118
-0.054723190094456 0.0112963178575449 0.0483376667251367 0.0781083384253076
-0.026767244919523 -0.0334162016259635 -0.145482524316653 -0.0750861117412373
-0.0419330393454867 -0.0592009578245283 -0.234573926474147 -0.235534105219218
-0.0259476147571097 -0.0924619472286644 0.0827234511209344 -0.46940298670549
0.0641963976918304 -0.0630509910826988 0.631840832855789 -0.471005843491574
0.0854406103288473 0.0352656250749541 0.903902773907579 0.0686329038466032
0.0460415220373184 0.0937151412460898 0.480362078212968 0.565146769860261
-0.00819216226827822 0.0930202159264574 0.0830586304833505 0.397140196549485
-0.0248903316796968 0.0913601609153692 0.0558034048478247 -0.139406143977809
0.00315870261407189 0.0889390083658669 -0.0489623009258875 -0.660599679393355
0.0734481797304604 0.0480599765424193 -0.595265749743016 -0.684942053506783
0.083184719865774 -0.040898649220898 -0.817449539949108 0.0290768433051961
0.00961855594412755 -0.0708258367354678 -0.403593731997631 0.598107529701059
-0.0369822135415424 -0.0830350181439949 -0.0383509295017817 0.550663091711003
-0.0542730805972011 -0.0715878564767091 0.0939446698469159 0.141586419029095
0.0101997776060524 0.034085611938365 0.051695901009246 0.0926054482878235
0.0516751370992088 0.00338314480048434 -0.135311956569091 -0.0767422263614808
0.0145311283358584 -0.039256149459866 -0.221950300576967 -0.245608994097812
-0.0358103238200307 -0.0509848488028565 0.102852392040716 -0.478395557333847
-0.0193832180689851 -0.0106316116600877 0.645967888893949 -0.442139918799245
-0.0322542693800951 0.027573487731705 0.89607360665858 0.114930638028267
-0.0389390760177895 -0.00608448884082086 0.464750678935077 0.593035427976068
-0.00929922071530071 -0.044447083906351 0.0821453322947859 0.401867593617675
0.00119257063845902 -0.0590387741765643 0.0508345430067378 -0.133611876481799
-0.0193707644188902 -0.0425594320249384 -0.0837987756605806 -0.637313827493072
-0.0269234434491625 -0.0175265490449004 -0.624749661546783 -0.619045125121956
-0.0467691734710831 -0.034379606772243 -0.79725846583749 0.104850697021011
-0.0492705987310257 -0.0331236855105169 -0.366276245688987 0.624826574408994
-0.0111955363647698 -0.0252716302322169 -0.021104668154268 0.537359499362202
0.00138609151231121 -0.0189052682065449 0.100745004843968 0.136053553452679
0.0683053208371347 0.05877814787582 0.0409645350334647 0.0947383639022008
0.116937756673758 0.0411804548838447 -0.124142205897827 -0.0945260340815076
0.053073942069476 -0.009397218596544 -0.176337535789544 -0.295632981842565
-0.05784894668124 -0.000797308094573523 0.174638817652505 -0.501410500618801
-0.104992636946337 0.0294441949405314 0.694285441146618 -0.364035964101338
-0.140875643557833 -0.00457175796655642 0.855500768171386 0.227189966573261
-0.102595578378166 -0.117888588813106 0.396440256191785 0.618505718494208
-0.0101295123504781 -0.173333019302699 0.0777459189930406 0.343805898227155
-0.000908374218269337 -0.186581262748561 0.0423738329078089 -0.188816320422908
-0.07268185023961 -0.143777826275399 -0.188298148235499 -0.62252847854871
-0.137843761929552 -0.0495872527313703 -0.704713000761242 -0.461683398705618
-0.164576811775635 -0.00751263430567502 -0.733897380370446 0.272661940159674
-0.0866879871962156 0.0113691524211414 -0.269793291822241 0.646220766235389
0.0256224714554858 0.0331852724699671 0.0263788674922144 0.482544070471264
0.0587822405228693 0.0309199979326307 0.101162601947111 0.0979920007820274
0.110704109540587 0.0848637308140643 0.0204295007129962 0.0837416974626219
0.150902367221698 0.0747269362596713 -0.107454736016792 -0.132686252491079
0.054465795651389 0.027208243173574 -0.100446885548535 -0.376211266563889
-0.110196664166484 0.048117286161805 0.286676466718522 -0.508056497246247
-0.187836885592312 0.0371591330993621 0.754552962156738 -0.225911582804382
-0.214453150399903 -0.074072379885883 0.766391745063795 0.380376710843192
-0.123239629005524 -0.229714931991107 0.286879194642637 0.614481367818821
-0.00989371703223701 -0.274869339534942 0.0727008540275445 0.23484043005181
-0.0415789518248636 -0.270397655616436 0.00761888761908056 -0.281608446445569
-0.15938366949363 -0.18361491915176 -0.342044580557505 -0.579542664856038
-0.238178349985133 -0.0290139556574531 -0.785970898574142 -0.224335501137298
-0.231140897504663 0.0413641000832853 -0.617804354038712 0.454076716927186
-0.0788757795616175 0.0533217412132451 -0.137073971813412 0.629722361333562
0.0767027787899405 0.0777909399114019 0.0856178350856262 0.391192394600567
0.110711080054491 0.0688456772668631 0.0945697596726157 0.0418130469561785
0.130781968564527 0.108172137370182 -0.00603854607522221 0.0533132392108718
0.147000233633815 0.0998287461581059 -0.0807652935461893 -0.198901156273689
0.0185239698791173 0.0622517818113527 0.00122872639911608 -0.469649544192204
-0.176175155107462 0.0755844382587144 0.417063752677952 -0.469400518877332
-0.241336806207609 0.00174140442089109 0.787910990485124 -0.02123221612624
-0.229699862108907 -0.166081665898225 0.6305940575136 0.534087367636978
-0.094945625670587 -0.315234801512714 0.170412311960932 0.570766318204235
-0.00880381693600629 -0.33249033562022 0.0669650000405422 0.0930047978584508
-0.102691567666269 -0.294810964195946 -0.0671235044939233 -0.383710285576594
-0.238498817054259 -0.161884261357786 -0.520539227229946 -0.490245469848169
-0.289950193402997 0.0222058390283694 -0.81824640654616 0.0374732204825459
-0.227999553147837 0.0847726542211467 -0.464300096959164 0.584151499800822
-0.0286126323767788 0.0816722457920811 -0.00409711700119961 0.554796157292999
0.128859004005598 0.102618709974283 0.137801230744411 0.280777789879795
0.148387076840801 0.0864878892946258 0.0776594057124808 -0.020358803675112
-0.166063666718478 -0.0483992039990474 -0.0155347906543084 0.000915448702326825
-0.163807420854451 -0.103153639272936 -0.145556058341701 -0.177243542108098
-0.0610845401164842 -0.0938675036450491 -0.0911578647794352 -0.437628327961351
0.135533348706106 -0.180773084778232 0.306307976093658 -0.523254044161352
0.31052923627763 -0.12434697161003 0.752924063367038 -0.262284529834464
0.293055749565812 0.127061454297234 0.718370186677478 0.304112086956254
0.145832481957837 0.316557567262532 0.242200203887852 0.450810325450966
0.000406423643494209 0.353577802388209 0.0758859529794833 0.0690660471794373
0.0303867127460535 0.369969510968354 -0.000820437737143699 -0.459241077102434
0.18010077177512 0.257689154399497 -0.376362928063358 -0.716636657782335
0.306045085650936 0.0403394703333619 -0.815021490606205 -0.314176777142098
0.24416036753574 -0.114735493389189 -0.648315325526936 0.358020231517269
0.0189516667305948 -0.10988213802109 -0.15372352786682 0.565709004100697
-0.145624884861074 -0.153000528773663 0.0802752330580684 0.378185410438245
-0.164468472114151 -0.134474201741907 0.0478178148072183 0.00659752105393804
-0.150274838742106 -0.0307436194400838 0.0112971025312549 0.0338251359649006
-0.150869093355925 -0.0872597723071286 -0.154706869470383 -0.115741322839984
-0.0962252593201055 -0.0809994847784727 -0.170114883880102 -0.332480136606416
0.0523471178960595 -0.157344810205867 0.191763823268586 -0.507844950609477
0.236828563615321 -0.136976586889834 0.695941234691602 -0.394739875051857
0.269008471939517 0.0698483279491548 0.814979773174009 0.169805390869738
0.158716432704456 0.257571244549825 0.352426708719135 0.494664839602413
-0.000413216403969543 0.307239612368189 0.0807390769046292 0.213955340931682
-0.0226950923137141 0.33195014226232 0.0506072640208682 -0.325967340197202
0.0981158014813965 0.271801291772787 -0.199850943194472 -0.733191982347435
0.254300090824543 0.0975842506467181 -0.725746483041058 -0.527782152929688
0.249755870198652 -0.0829932709026377 -0.750996069905153 0.196355051740697
0.0563436951459532 -0.114143531274246 -0.277102951480726 0.58920704976341
-0.105302865150163 -0.154004240061973 0.0253178331024143 0.463360800146416
-0.142266888911315 -0.134834066940019 0.0669396659703728 0.0663778386557581
-0.112469703779153 -0.0098668506417179 0.0350402213831507 0.0560273076488333
-0.100831033012088 -0.0645215919033149 -0.152175892909819 -0.0857990841902469
-0.0860634176714048 -0.0705058873489453 -0.218733341394171 -0.260738337982169
-0.00422291536846692 -0.126118035322726 0.110254138876985 -0.479935180358118
0.147302408938838 -0.110365674957483 0.642005023467069 -0.456555124087817
0.191292703844438 0.041396318424794 0.873297703659351 0.0796576055417871
0.121832136779113 0.179722614494083 0.437741054633349 0.5244164312278
-0.00391493347460743 0.215224029830527 0.0853324273168106 0.328876783773722
-0.0400982701876181 0.230340247520914 0.0601459908915743 -0.206499853223686
0.0332070027513736 0.206776637573625 -0.0887430449079558 -0.69630649980569
0.167040350007883 0.098431596652321 -0.633898613665222 -0.646473636864721
0.188826577806951 -0.053212393191254 -0.798139209951143 0.0696049068226015
0.0516932288743861 -0.0987916092190608 -0.363610226856178 0.59130830012077
-0.066176733369005 -0.128354187092765 -0.0173601586163095 0.521880635042358
-0.104856155703281 -0.111666283636566 0.0835005943596053 0.116060998061543
-0.0530459207670325 0.0120557117353479 0.048550511286936 0.0776999627425831
-0.0274582422518551 -0.0329401003800019 -0.143602115741557 -0.0734916823769841
-0.0418550591589188 -0.0580402168248166 -0.236072712692507 -0.230615909378698
-0.0271825074743261 -0.0908838799293474 0.0756084469018596 -0.465893348015942
0.0620797109792189 -0.0635241016355185 0.618739108944942 -0.475963766571638
0.0848063120369175 0.0340623071633321 0.895044801223755 0.0539529696805122
0.0472558329497894 0.0921600861353298 0.482647138334395 0.553350977174117
-0.00742563276330903 0.0922157109844489 0.0868581476549195 0.391842678393925
-0.0233376756602643 0.0906705073479359 0.0532670298441509 -0.138993357487569
0.00362059737021662 0.0873837867261143 -0.0575413539489087 -0.652754030394722
0.0730333855176444 0.0467935611044136 -0.597024734737665 -0.669487158607716
0.0814622562147082 -0.0415714928049552 -0.807710431002365 0.0387025782572723
0.00814542068338933 -0.0701634545354408 -0.39283246687038 0.600662402459212
-0.0381616059028762 -0.0834376919318207 -0.0317293204225169 0.547016763808364
-0.0548706655489571 -0.0701392609995311 0.0956372210656867 0.140328542051401
0.0107054049589954 0.0338876735509388 0.0508784809146469 0.0912889380953251
0.05127439100932 0.00252166148897074 -0.134550531478974 -0.0753342900637781
0.014478038888615 -0.0389841031128156 -0.223899091033017 -0.241571278447693
-0.0355876200256119 -0.0503431636617673 0.0940805955164725 -0.474743411029996
-0.0194829351396896 -0.0109153739358903 0.632443036816967 -0.447085997685011
-0.0323547457983702 0.0282030930512743 0.889336522855166 0.100750474728875
-0.0383549138624783 -0.0055622847018019 0.468508710249377 0.581847820382244
-0.00994441655589878 -0.0436254188534744 0.0864591702121644 0.395664034057678
0.00083650368477831 -0.0576552095336969 0.0484679474570869 -0.133204761211774
-0.0194121834095965 -0.0421072512984265 -0.0908123648328809 -0.629460301329036
-0.0267267610891349 -0.0174413270684478 -0.625992630705736 -0.60723119715171
-0.0469752629134486 -0.0338606009906415 -0.789360530723479 0.112969951733076
-0.0487777061671823 -0.0324418196517914 -0.355614456272487 0.62137559291577
-0.0118183636219408 -0.0247563543719383 -0.0122888668932421 0.533707547090834
0.000696904389960483 -0.0189727866267743 0.101335379075116 0.133425986665012
0.0691268152426573 0.0580149897751108 0.0412256080689939 0.0937220631374408
0.116166998004451 0.0384854951795754 -0.123541034747688 -0.0925834139230827
0.0526072669097786 -0.0103585402902578 -0.177935541458931 -0.291438660448149
-0.0578415030589597 0.000111919887860207 0.166029124610018 -0.497621310652497
-0.103151779658023 0.0299428904006768 0.683236249655855 -0.370293355657085
-0.140890568357771 -0.00265184069620218 0.848024957576756 0.212819130416828
-0.102411790404589 -0.115590755026094 0.399708261284802 0.606462857629194
-0.0114057807884672 -0.171176614104118 0.0818032757347187 0.339082307336117
-0.00220508452030321 -0.184748562771148 0.0396900178618134 -0.18741088709003
-0.0734802104194949 -0.141249313145849 -0.192269530863915 -0.613201395588677
-0.13693933602055 -0.0481849647505443 -0.704667916560603 -0.44933282067096
-0.16318470611146 -0.00516823922516612 -0.723998857374926 0.279080265241574
-0.0853465498105091 0.0121657119345165 -0.258132559720676 0.644759706453135
0.0255093147027938 0.0320084105136777 0.033069991325377 0.478755555488322
0.0571397785525717 0.0302406982095112 0.101934566588437 0.0965252716884557
0.110601106421745 0.083568633935951 0.0204241657465917 0.0825579499885536
0.150299450413773 0.0722663341168586 -0.106762855150648 -0.131568516133471
0.0548360724862114 0.0262902955991139 -0.10415365223883 -0.372745952218176
-0.108089067339279 0.0497473137863347 0.275801305123178 -0.506394987191945
-0.184889994327487 0.0393681474194551 0.741866823732663 -0.231442845927218
-0.213004634991072 -0.0700656814529606 0.762708863513919 0.365446984023073
-0.123741019730884 -0.225694841339696 0.292841080205472 0.606391555304861
-0.0121146253366634 -0.271889233361508 0.074823938348535 0.232378084659958
-0.0442568057941757 -0.265509706393454 0.00430247953684851 -0.2790923204823
-0.159451450396088 -0.178966922577784 -0.345820284955656 -0.570692413875271
-0.236366030005576 -0.0253809035383356 -0.780113450983248 -0.213578889600683
-0.228481042266028 0.0439025353386899 -0.605326250678922 0.458059345006281
-0.0764728071654164 0.053961114479675 -0.126214291286169 0.624610504377473
0.0761898312620523 0.0754169272746875 0.0903969660868854 0.388210636375317
0.109789199007954 0.0661038488107161 0.0942615454822463 0.0402030053108398
0.130704300650901 0.105845952457833 -0.00592584093709985 0.0525599251753088
0.146788324305634 0.0968503090218986 -0.082429520797926 -0.197246712210742
0.0201984160725482 0.0611705258702515 -0.00373688315131276 -0.466546697142633
-0.17327557641686 0.0770224342151877 0.405996155996645 -0.470339912736682
-0.240232198743338 0.00413718291111219 0.777663990815021 -0.0322788801225669
-0.229523384333356 -0.162155930262818 0.630497149411143 0.518785722556518
-0.0978095997069197 -0.311001958755683 0.175338500106849 0.564662042862743
-0.0125553286061209 -0.328730920157338 0.0670839281950832 0.0919514504822874
-0.104547480706036 -0.29050234068941 -0.0721600951747684 -0.379399233749905
-0.238600992873316 -0.157185593327721 -0.520976499218042 -0.478371669393786
-0.286978921944575 0.0257557801890661 -0.809281336475926 0.0464665315022006
-0.224071827551553 0.0874894203987426 -0.452244639078671 0.583550617657632
-0.0265213862532569 0.0810586522523494 0.00095894775201023 0.550218415590663
0.128811206732841 0.100221739864103 0.140821201077341 0.277590194765403
0.146680087988137 0.083681732107022 0.0774114648196913 -0.0207375285077613
-0.163684304496857 -0.0461157480455891 -0.0146855012385656 0.000903551700356373
-0.163621858230392 -0.101240229388587 -0.146249314638477 -0.174876052597054
-0.0614337876089658 -0.0928487426689558 -0.0944619768033828 -0.43300183637337
0.131938497399091 -0.179573032033748 0.29663526990866 -0.520737311783193
0.305227300900344 -0.126042418107874 0.739713903935542 -0.267602500719214
0.290071465920901 0.122873089433039 0.712225958768068 0.292241155476222
0.147403095012315 0.311478181677094 0.244063415250962 0.44339804031884
0.00474960762162833 0.348866069906761 0.0750675307307054 0.0661829299571367
0.034607901678221 0.365959057434749 -0.00576674112962005 -0.453579172948884
0.181289966876626 0.252840541024615 -0.378948094083655 -0.70708261697444
0.302619596693742 0.0364015037759772 -0.80795264645067 -0.302875560372684
0.239902013374952 -0.115877438504059 -0.63767408006629 0.35984820224552
0.0173201983131796 -0.110209450525754 -0.145875415048097 0.562875678568264
-0.146441299004935 -0.150202723198727 0.0852235327354124 0.373758463122773
-0.163475059211614 -0.130718312144811 0.0470216717652657 0.0064485342305562
-0.147810242667006 -0.0288242148131983 0.0113050430820715 0.0326422813958724
-0.151145038850705 -0.0850777376416473 -0.153494069531708 -0.115104339799912
-0.095857416842013 -0.0791096626078068 -0.172641141170138 -0.328246515955511
0.050507211939957 -0.156725150393463 0.185011383509977 -0.505747025193136
0.232930554892838 -0.138264013204657 0.686769745476385 -0.398811591864209
0.267032478109423 0.0666688392076402 0.806636167378885 0.158449356346689
0.161335471627419 0.252476907174958 0.352643770924656 0.485005430500304
0.00206586663812308 0.30338260542282 0.0814977646865071 0.211307987510706
-0.0184546012932205 0.328111448570362 0.0460584659403188 -0.322762686285262
0.0999790307558833 0.268841478573341 -0.205225303948092 -0.724765619200356
0.252125338963606 0.0936101897390298 -0.722842860901226 -0.516715126339251
0.246483159551633 -0.0846211035468973 -0.741183625569631 0.200170111612909
0.0543416381749593 -0.114346390787328 -0.268243032790967 0.587016635807197
-0.106291688965126 -0.150907284452728 0.029869890196105 0.459283719245079
-0.141734165150266 -0.131268468574106 0.0671453802435118 0.0655897979018685
-0.110638452498572 -0.00854908581660331 0.0342485307592629 0.0557520184156932
-0.101433262247903 -0.0627136299614544 -0.150541871736432 -0.0839612232313546
-0.0855637423271597 -0.0693984287038032 -0.218644524702539 -0.256585080842164
-0.00579297261334923 -0.124863392550029 0.103546765082739 -0.476466040454583
0.144126902630206 -0.111556638586806 0.631426566218961 -0.460020536380566
0.189403496624729 0.0389656685152273 0.863393298182217 0.0685307430932725
0.121815794330139 0.176700608043091 0.437759279122019 0.514171925767515
-0.0013480486184576 0.21277701280818 0.0879206230803936 0.324469342730451
-0.0365692464820305 0.226935668902956 0.057448291039054 -0.204049646357151
0.035166067355642 0.204739389992121 -0.0951111325758564 -0.686598750245505
0.166269312562101 0.0956723041667964 -0.632932592399376 -0.634972105932326
0.186488288473657 -0.0548569972222389 -0.789415461760224 0.0752072182917512
0.050613900634558 -0.0988083195229954 -0.356135348298862 0.588483402733518
-0.0678119462026524 -0.126935279511631 -0.0105674455712823 0.517899214906089
-0.105254678568579 -0.10968315033436 0.0839194958898285 0.114100693593182
-0.052190127046283 0.0125194215536405 0.0485157561058487 0.0760963488771645
-0.0288394168102632 -0.0324021481958481 -0.143036359772312 -0.071887549698077
-0.0412437619460167 -0.0572049914723459 -0.235805807318039 -0.226948756087429
-0.0278693801496912 -0.0892720876557733 0.0687400580034783 -0.462593734933114
0.060490228986334 -0.0634018218662724 0.607337419891897 -0.475522289583568
0.0838539920069428 0.0329801991910694 0.885069735969861 0.0436118595053071
0.0478301286321403 0.0907140073674548 0.483342441818549 0.542559267975078
-0.00567357832250351 0.0914035851655802 0.0896313959709205 0.386128305471021
-0.021418736443723 0.089392434393434 0.0506446938982971 -0.137751347843983
0.00533028855880297 0.0869291453249224 -0.0618481804471933 -0.646022603036822
0.072500503603581 0.0454846237604941 -0.595816027727664 -0.659791367071039
0.0799113857945657 -0.0419412370818176 -0.800712008868721 0.0464316299608084
0.00776778312998011 -0.069477217101571 -0.382719991248777 0.596186076751136
-0.0389259402509216 -0.0815591718878126 -0.0246681620938664 0.541893100737035
-0.0555577192180223 -0.0688470710687395 0.0963932520979675 0.138365591138429
0.0110660568530203 0.0339984109343959 0.0508043016810542 0.0897965024131355
0.050144362115604 0.000930384907785799 -0.132241701998795 -0.0749755292350726
0.0146390453127114 -0.0387590031236596 -0.222672022163961 -0.237309483614127
-0.0356390635230689 -0.048918455280462 0.0877343631400576 -0.470762779877202
-0.0188599442755709 -0.010468396464489 0.619168896854213 -0.449923103194756
-0.031807375320457 0.0286858324634653 0.880931056062776 0.0905331213915458
-0.0369349776545466 -0.00529923006077495 0.471310811830089 0.571512822238566
-0.00985825697977673 -0.043023560135341 0.0887400703163547 0.390098869178038
0.000862081344061726 -0.0569347703964205 0.0459945457866065 -0.132527517137532
-0.0194473759355168 -0.0410407276073626 -0.0958226475591803 -0.621382995622504
-0.0267859815360567 -0.0178282319624114 -0.624180781111402 -0.593015733236907
-0.0467650815337772 -0.0324713999379719 -0.779927270512919 0.119177094649622
-0.0482698342991105 -0.0311873116079434 -0.343891720264546 0.620084440045241
-0.0121654982994628 -0.0249788957439202 -0.00634989558501517 0.528656033108912
-0.000907491937895849 -0.0182591205879649 0.102320373808032 0.131905259053439
0.0681906761631391 0.0572767726141504 0.0415095248436882 0.092961305847894
0.114809737384145 0.0362028138063147 -0.122902747561129 -0.0913297358396049
0.052493972255044 -0.0103301190229451 -0.180502043652142 -0.287502848845783
-0.0566613551958512 0.000502040956494199 0.158149028859421 -0.494303156517841
-0.10155410371563 0.0302034171244384 0.67072525502198 -0.37576169326702
-0.137784740105636 -0.000765398224011875 0.843051723036513 0.200494920037344
-0.102055680947541 -0.113198986307881 0.401094314488345 0.596633469741496
-0.0129109605587468 -0.16980471804502 0.0838461236598706 0.335235434670799
-0.00338497519953286 -0.182309875820907 0.0368766965947699 -0.185968023890067
-0.0739286106827942 -0.138954976633524 -0.196416505054622 -0.605821563398908
-0.136139997867329 -0.0463264236160329 -0.700418873943368 -0.437753535891125
-0.161636410065767 -0.00325180313476413 -0.715307631679228 0.281473218895261
-0.0836936357692853 0.013116571373933 -0.250754531570852 0.639746497995101
0.0250773310480911 0.030930719174856 0.0379496786111396 0.474901773362729
0.0558569117146786 0.0296873303786603 0.102806527130321 0.0955306672380514
0.110809653924804 0.0823768548156409 0.0202227425064891 0.0815818890220875
0.149286968143734 0.0695874424422006 -0.107031139798332 -0.129517809327867
0.0552328968774249 0.025744313515742 -0.106968753585302 -0.368880138637856
-0.106650352069622 0.0500400720109341 0.268282247261006 -0.503877926663888
-0.1826883811984 0.0400983006669472 0.732682851354581 -0.238309227210839
-0.211867667271917 -0.0671647200908965 0.760100546972348 0.354242988601212
-0.124516837693038 -0.221890567794137 0.29475122423147 0.597048916019089
-0.0145509702648819 -0.268468925388287 0.0756247651237434 0.228819504783683
-0.0456609844899379 -0.262055553281656 0.000801591362442518 -0.277483570953942
-0.160237046127057 -0.176079678293875 -0.346278345678454 -0.559498128747206
-0.23382915230189 -0.0233532603932689 -0.774215284375996 -0.203546761374381
-0.225696256461261 0.0464425968776864 -0.592859968127345 0.458834004716211
-0.0745160040241284 0.0546441950912748 -0.121632538443635 0.621090879441795
0.0770635276853674 0.0741843944947738 0.0929260607158986 0.383272257842429
0.107803078025357 0.0638868043896529 0.093891294291011 0.0388081070402711
0.129876545324912 0.105017781931156 -0.00620718812778945 0.0522939585638013
0.145783785934321 0.0950028183896798 -0.0828805040799178 -0.195687823449978
0.0221283356858694 0.0610028972951116 -0.0105784128460602 -0.461571330162544
-0.170834111941423 0.0777536599434545 0.396250390005965 -0.468310284487854
-0.237576541456312 0.00597032109333164 0.769837186394744 -0.0403345991534527
-0.229337011736171 -0.15776342601125 0.628293838894258 0.506622448274191
-0.099380831653449 -0.306966700791535 0.179330900794815 0.556632775502005
-0.0147435840325041 -0.325270645199725 0.0676355528088188 0.0900371080903964
-0.105532667384009 -0.284391857819602 -0.074957615133824 -0.374285497999852
-0.2375009114919 -0.153325982860269 -0.51812799502727 -0.46654219749062
-0.283987828084624 0.0278810971030503 -0.800322188566669 0.0565483302914783
-0.220864568408167 0.0882260118062144 -0.441920866008058 0.581829767481288
-0.0246966264002978 0.0809289849703536 0.00704496797287624 0.544834085902619
0.128540042273194 0.0977859351356337 0.14181328744371 0.27383731711126
0.144393737642574 0.0812073919444381 0.0767136459297259 -0.0210527340396479
-0.160771470306744 -0.044273873050971 -0.0155988139441975 0.00113002189325775
-0.163469008530601 -0.0981147911099202 -0.145427109042111 -0.173178979252444
-0.0612689980846644 -0.0909127650648771 -0.0971098187244793 -0.427613973947676
0.129240321495456 -0.178598859678568 0.289702107208688 -0.516945293304534
0.301334749458046 -0.127256885249832 0.730830568882084 -0.271369032429307
0.288250431078066 0.119080587081704 0.705590658203341 0.283803893040875
0.147447938463958 0.307418892114945 0.242991942095532 0.435414383094991
0.00603850732365532 0.344840710356985 0.074975035052838 0.0657079032020654
0.0365493587927111 0.361415731383113 -0.00932476746543045 -0.448950492932615
0.180828306333909 0.249742831078501 -0.377802053454529 -0.696426955623814
0.299271456394088 0.0330501819695994 -0.802439285907651 -0.295630520169701
0.237356480574225 -0.116921040685097 -0.628728971895001 0.360759151707708
0.0162370104279617 -0.109746136302485 -0.138855613130143 0.559262897639056
-0.147475787892956 -0.14698451275596 0.0869195345586895 0.369297761754968
-0.162276627452685 -0.128794544930731 0.0472293496767482 0.00638827552832447
-0.146550661381673 -0.0274388051017951 0.0104465080910682 0.0318334691101439
-0.150048184631269 -0.0838822388511483 -0.153753399668741 -0.114110502009668
-0.0954993548104279 -0.0777658738748868 -0.173884684219152 -0.324219280752431
0.0473530586045147 -0.155467183922273 0.178226098285517 -0.499760727440396
0.228759780067152 -0.138587715499983 0.673286063274766 -0.399966058135494
0.263735882876917 0.0637541194975468 0.800266181081301 0.150681670682495
0.159741467660679 0.248215645368412 0.351217614400989 0.47499103541117
0.00481280531186482 0.299809783335453 0.0821293194920348 0.208250270423402
-0.0155059472423379 0.324463801139284 0.0439009952576525 -0.317733490242311
0.100456650026115 0.26495390580819 -0.207107778582267 -0.715262376300285
0.249283413114131 0.0903322937392087 -0.718779162529605 -0.50543237640373
0.2438007303685 -0.0850375771663452 -0.733539095568656 0.202598973682566
0.0532373239220122 -0.113997092925407 -0.26151026405848 0.58342500617838
-0.106675944518885 -0.149145049501569 0.0333296949493761 0.455430715095503
-0.142342716954824 -0.128773439262408 0.0671951360133716 0.0645681336134798
-0.108221952705106 -0.0076326131130597 0.0345595414862561 0.0545439962836776
-0.10167322684088 -0.0617546046190188 -0.149333461388465 -0.083957295219195
-0.0850701414780266 -0.0678143074389482 -0.219221514997361 -0.252779423368556
-0.0069029752174703 -0.124189831719164 0.0974871092202191 -0.471122358482113
0.141486875997836 -0.111680256981219 0.619458581016677 -0.459738072620959
0.186972787744688 0.0373599957503553 0.852891041212091 0.0613338394793062
0.12242950371583 0.173413962238485 0.435597649707424 0.504909193824422
0.000579806026388486 0.209721125849287 0.0883970719424503 0.319229591289563
-0.0350626383704278 0.22598875007251 0.0540381482611641 -0.202823091087721
0.0358073155399206 0.20285650849679 -0.0968100756336789 -0.679430104191963
0.16407526834822 0.0932927780793038 -0.630352467918431 -0.623677776102928
0.184043384562996 -0.0555607183011935 -0.78228512723126 0.0814809807096139
0.0492375350857764 -0.0982412206983066 -0.346237938720559 0.587564923317727
-0.0683873112688773 -0.124899621202196 -0.00667612696551415 0.512969268508787
-0.105793607675828 -0.106945376755404 0.0843081923706159 0.112730972771834
-0.0504382378195054 0.0128295480622571 0.0479567943493715 0.0753549264963766
-0.0288928175235542 -0.0328463224147757 -0.140891064680843 -0.0712777910141603
-0.0411437368982139 -0.0563064130561767 -0.235194414415704 -0.223615483104606
-0.0282048526927438 -0.0890315579479852 0.0635095805345834 -0.457370608376158
0.0594114755293523 -0.0641785346768044 0.59610374136645 -0.476668034783044
0.0831494820907038 0.0322298057507803 0.875226501079809 0.0349582951784043
0.048402204251756 0.0886113409357466 0.479330901436386 0.532057604484011
-0.00471383916897978 0.0902523897625873 0.0913395272066258 0.380776225075177
-0.0199340905679162 0.0892016732295715 0.0486759350863894 -0.1365222128648
0.00548262245765609 0.0864908218965456 -0.0636967364204199 -0.638941992199251
0.0722513128248721 0.044293636942258 -0.594828154548975 -0.648403810271788
0.0787013399737714 -0.0423187496273045 -0.7919862971039 0.0503513141172445
0.00815198358056335 -0.0694558168156555 -0.374421528410326 0.593318413274051
-0.0399645644970389 -0.0808637291256283 -0.0196030190123942 0.537042020518881
-0.0572274800693515 -0.067209120782502 0.0960761635103359 0.136052973701923
0.0113003970289991 0.0346978848297572 0.0511969129874408 0.0882961078102435
0.0493534187875915 2.2953285981211E-05 -0.131153608559459 -0.073491679548449
0.0140855380194284 -0.0391921071329056 -0.222648491846124 -0.235600995493853
-0.0354257016510834 -0.0482677284738787 0.0827995291749695 -0.4659608343073
-0.0194079616501304 -0.0103007973743141 0.610940783346761 -0.448808531144064
-0.0311945510391494 0.0279113549807326 0.871219595113511 0.0818838775307898
-0.0365496656357085 -0.00524695911595688 0.467739131337603 0.562761296074214
-0.00977775041568846 -0.0426972713728694 0.090362125431288 0.385896689484513
0.00105265050293574 -0.0556947737953591 0.0435314326980201 -0.131075134769938
-0.0194654046184117 -0.0405275882933306 -0.0982878005122012 -0.613641784551624
-0.0271361494751641 -0.0172934858369268 -0.621667285062702 -0.584933956165049
-0.0467405201635634 -0.0314398493279995 -0.769657641893657 0.122992175620623
-0.0472835519244514 -0.0310614088133274 -0.337777413209471 0.617192983673994
-0.0122946091662084 -0.0255078633502008 -0.00315844106235454 0.525206232787542
-0.00156187162597065 -0.0184454073942377 0.102882790632362 0.12981609545098
0.0686177893293835 0.0570372299537009 0.0406206570465283 0.091864447327078
0.113560069137555 0.0349729539112691 -0.121954183728241 -0.0903822906869393
0.0527229065505855 -0.01055457907678 -0.179319429697243 -0.28420795935937
-0.0559826178692391 0.00132516400551319 0.151177120951939 -0.489845329328261
-0.100456942415674 0.0305446189889719 0.658924291466736 -0.37803139578853
-0.136823351857393 0.000508473335107271 0.8322994671142 0.191612594214754
-0.101909288234228 -0.111589931084216 0.400842868515774 0.586725701645281
-0.0128375489963766 -0.167533313279622 0.0850669359548455 0.33063487140247
-0.00417956712284294 -0.179094720798618 0.0340462022139302 -0.184135008211028
-0.0739891143575906 -0.136848194908921 -0.199430754095004 -0.597737610629779
-0.135250284495893 -0.0458638719775363 -0.696860860514057 -0.427669762417889
-0.160544374534133 -0.00195488374643957 -0.705125049612512 0.284409517364398
-0.081900838657418 0.0138118589204656 -0.243170798742384 0.635851629568861
0.0251422206941529 0.0303464573532112 0.0413364208301103 0.470398688497811
0.0546744227203011 0.0289275064412521 0.103183699138836 0.0936976074724147
0.109689584116772 0.0819577989690959 0.0199999051372893 0.0803196112279603
0.14824908867908 0.067532533634259 -0.107354119623683 -0.128801770113429
0.055032974441319 0.025317440380871 -0.109434448229149 -0.364358379763152
-0.10511963714055 0.0501691765771018 0.258608536459391 -0.500790205197975
-0.180148814038965 0.040261664247391 0.721167881765481 -0.239848261846347
-0.210351840223712 -0.0645720712480258 0.753380210113442 0.344047719769601
-0.123830620831849 -0.219139727065434 0.295489857787581 0.588363169792468
-0.0155085302656424 -0.265410884335905 0.0764770763367303 0.226167725777724
-0.0459690467073494 -0.258286038835586 -0.000775012122633738 -0.273238505588585
-0.158299406054883 -0.172566867749252 -0.347376483648482 -0.552342891158716
-0.231531914924012 -0.0213765012542793 -0.767711438801428 -0.194831422135192
-0.223189882282263 0.047857596023753 -0.582815415183344 0.458401051224016
-0.0723941924937009 0.0547703856895799 -0.115359742640492 0.616309644629955
0.0766019839959504 0.0721188230164511 0.0954560787462243 0.379533087417227
0.105694075758077 0.0632069081320987 0.0940180700072746 0.0384580661540024
0.129557295633767 0.103526183535439 -0.0062668492875498 0.0517749976034509
0.145052995369422 0.0925394627166826 -0.0847390488477501 -0.193299930965354
0.0223758613725396 0.0606652873910298 -0.0137704403724914 -0.457857922027694
-0.167651701361204 0.0785008537941927 0.387537070168072 -0.466378354735783
-0.234788749621238 0.00764836703973111 0.759748350149431 -0.0441458762667916
-0.22668215466394 -0.154487980318902 0.624522327476316 0.496845181151032
-0.100062344861334 -0.302857723427915 0.181512175026164 0.548671597080336
-0.0172136854171678 -0.321480054763615 0.0674359805164444 0.0892443467121481
-0.105184339739853 -0.279631134607711 -0.0763193468768688 -0.370265068832425
-0.23648481803372 -0.149190678692875 -0.516277152330904 -0.457925663834943
-0.280169725628061 0.0300880539891623 -0.79119798454552 0.0609026395647146
-0.217823523976808 0.0900827724125785 -0.430846552267224 0.579695103647162
-0.0223217154423438 0.0802771543585554 0.0102726896076783 0.538509082529505
0.12722348711027 0.0958981252197056 0.142913890610667 0.270891498985958
0.142184273675997 0.0792932427117906 0.0768319030091752 -0.0220184231796908
-0.159379419441349 -0.043441776726574 -0.0156271355293854 0.00111694843186901
-0.163899680485335 -0.0984810873401388 -0.144829271301563 -0.171309228626941
-0.0613725735324201 -0.0916985808152805 -0.10053654600991 -0.424010790528563
0.12644421323282 -0.177450154126805 0.285409860436659 -0.513474502516575
0.295915796575315 -0.127931182585474 0.722129194836294 -0.269584504120329
0.285504643386797 0.117541861165575 0.699803892309537 0.275917744268434
0.147858319593823 0.302672306200736 0.242410410567479 0.430282179503294
0.00756615926856695 0.340951451229598 0.0743143209541482 0.0646079740195172
0.0385904797217788 0.357780696564703 -0.0107761685972497 -0.4433263349778
0.180169849589572 0.24631802782213 -0.377341387879558 -0.688628682546731
0.296272396889535 0.0317898787321313 -0.796079867348402 -0.287621399362352
0.234153473462813 -0.116948544484319 -0.622652883896793 0.361849981550032
0.0151586078743457 -0.109207865145688 -0.134899988125775 0.555702860538934
-0.148022061173747 -0.145441795313171 0.0889766175082821 0.367028216891947
-0.162610685897789 -0.126235438243185 0.0469913802743797 0.00619425600988231
-0.143302710757588 -0.0272478041359779 0.0107386926024127 0.0323356417771092
-0.150427016682895 -0.0820623536741153 -0.151785174484583 -0.113056648264959
-0.0948226921620245 -0.0784259213412484 -0.17486317055285 -0.320612373954043
0.0464324377287823 -0.154068919603193 0.173551601396496 -0.497716283081338
0.225843069158423 -0.138577550267136 0.664331691532899 -0.39858066423532
0.261494311010668 0.0620108359318718 0.792201082285624 0.141724359352376
0.159691450758894 0.244500695559615 0.349224409731599 0.468824883049485
0.00603437824467967 0.296568343574167 0.0812790512492122 0.205309982891352
-0.0133895703141321 0.32205155011352 0.0416732840030663 -0.314645510676764
0.100869473908321 0.261999393568283 -0.208771261091862 -0.705845416282562
0.247285307189707 0.0884498163116379 -0.713735436078325 -0.497600365133163
0.240336834193691 -0.0847026795398824 -0.723799956798206 0.204766587533053
0.051403942436909 -0.113405224434007 -0.255003768762175 0.579690442854965
-0.108317972183967 -0.146570347980465 0.0380161618105832 0.450506117253976
-0.141385666437569 -0.125804941690417 0.0671990692223507 0.0634184977314283
-0.106219098295435 -0.00694983119624472 0.0338267634701182 0.0543164969641637
-0.101063360913212 -0.0608595808046408 -0.147718083661938 -0.0832783331819193
-0.0843150782979475 -0.0676830977578923 -0.217640361927299 -0.249961601458862
-0.00761634389270975 -0.12292970273649 0.0934907406921903 -0.468574608517409
0.139248772177162 -0.112210058965701 0.61121264513523 -0.459850803629104
0.185908151779737 0.0364531540899219 0.845707118939415 0.0538608889384671
0.122374483377733 0.170844259265725 0.434773161400483 0.497272247417774
0.00131476451252797 0.207523191602854 0.0884627703499152 0.31574965016422
-0.0326543773316724 0.224378523208294 0.0526264627009395 -0.199889343350528
0.0367122416242105 0.200384768903248 -0.0987503279119254 -0.671692826083993
0.163349128927332 0.0913465675651919 -0.627895740936008 -0.615505720945832
0.182617940904613 -0.0557772976081024 -0.77293470033983 0.0847419460926755
0.0479438347453161 -0.0979801038087849 -0.339667949814231 0.583212990903648
-0.0695189772373526 -0.123601778826629 -0.00191147451346564 0.507991140870338
-0.105636233324508 -0.104961432210944 0.0845369979343271 0.111074103153521
-0.0496329469238379 0.0134305424858766 0.0470804534286358 0.0742418279371364
-0.0294596341621121 -0.0330184209683218 -0.139636824033712 -0.0706018579102405
-0.0405634589797322 -0.0563459979634472 -0.233554126939695 -0.221073850740954
-0.0283633847469304 -0.0880393028796807 0.0596099565418819 -0.454286429667542
0.0579725365609073 -0.0643711340925007 0.586631886008498 -0.475533151177274
0.0821384787179268 0.0318682775300993 0.866192798388182 0.0281815229857317
0.0491592809695205 0.0874399541367206 0.478185579246602 0.524311829435027
-0.00378453895988178 0.0893642622641922 0.091958136439422 0.376878990319225
-0.0185045390370223 0.088881197469728 0.0470194625700441 -0.135660721437361
0.00556859541452418 0.0859671551277036 -0.0671715012434873 -0.630911344511852
0.0712351097956536 0.0428159623314828 -0.591720535803439 -0.63929188465983
0.0780029943630737 -0.0424251795146992 -0.785323085831602 0.0528996716794949
0.00744041171211426 -0.0684469662904774 -0.368354063272232 0.590550801257418
-0.0404089377276617 -0.0800524358811728 -0.0152849160088176 0.53300252054405
-0.057471070559849 -0.0658632269683944 0.0965796910290598 0.134520798416767
0.0120004305766748 0.0343633031097427 0.0501640715637409 0.087029282652909
0.0486721995224938 0.000151659296093305 -0.130671289062263 -0.073414127582068
0.0142023491015835 -0.0384307478667893 -0.222167547156058 -0.233087331529698
-0.0351765717473518 -0.0475518973062186 0.078335304097311 -0.463418556415447
-0.0192080226204115 -0.0112926545508758 0.601085833937772 -0.44938487380836
-0.0314348886849763 0.0283031261139592 0.863332503429998 0.0755107695723718
-0.0360031218213797 -0.00613361232821823 0.464059679354889 0.553829354060774
-0.00969895041402712 -0.0420819840637303 0.090916608821534 0.381842070637831
0.00137779485004208 -0.0544521889915993 0.0421421404061942 -0.130155875213167
-0.0191426364389076 -0.0398448000277252 -0.0993613224668228 -0.607632180158816
-0.0270679016337557 -0.0167078239061053 -0.617333866121649 -0.575383329111475
-0.0464501961601958 -0.0302871285152508 -0.76289172554846 0.126381836731858
-0.0464850298683118 -0.0307065547314359 -0.330812806474693 0.612018651561432
-0.0129703352829713 -0.025198488790811 0.000663577839541068 0.520358077427981
-0.00213068104719422 -0.0180275789827609 0.102629763772686 0.12781440696067
0.0684039636498054 0.0570490647142976 0.0406593705948947 0.0907100234191983
0.11273564539115 0.0335483141886268 -0.120614708456416 -0.0899444112590554
0.0528110485975634 -0.0108678468484015 -0.179880464191785 -0.281600483093379
-0.055525671674722 0.00158691272744797 0.146569309147781 -0.487123139711752
-0.0996105577783993 0.0302377916087288 0.650682809158615 -0.377530195914904
-0.135873527058974 0.0012370331913882 0.827541421725714 0.184836695380274
-0.10059555650377 -0.110155083719606 0.40092829419222 0.579948366138512
-0.0135575744123077 -0.165511051534505 0.085129334690623 0.327145324832396
-0.00372897470864058 -0.177100379901512 0.0328627580287528 -0.182471912145904
-0.0737704717564028 -0.135188281051648 -0.199271983661922 -0.591286575782676
-0.13450341829716 -0.0441574395847221 -0.693197556369636 -0.418811793050272
-0.159110219953426 -0.000909067839215447 -0.694427445886448 0.285319371640304
-0.0803773001590239 0.0140754104113619 -0.238672916410767 0.630759097722585
0.0244973490476493 0.0289497124717577 0.0430232454076533 0.466318489476374
0.0535917524233508 0.0288781485401623 0.102676123560364 0.0925267610191314
0.109062093112229 0.0810847459926549 0.0190690356640082 0.0797318002841862
0.146395900366647 0.0656888140236545 -0.106178848230689 -0.127507511863784
0.0558201848283647 0.0249892834740277 -0.110441108819019 -0.360916719661664
-0.102851333609739 0.0500666443247301 0.251506403811647 -0.497140125632723
-0.179144895071901 0.0406769343874233 0.71185017463839 -0.243803020153108
-0.208280730138825 -0.0626724352894495 0.747603316280185 0.336156545474723
-0.1226357071833 -0.216155519402281 0.295662936648003 0.58107122628713
-0.0161603228419205 -0.262969473813469 0.0763050271098519 0.223604190821412
-0.0459019483086438 -0.254329150582914 -0.00175901455625463 -0.270957247974025
-0.158408126169262 -0.170251076964138 -0.347369215632354 -0.54431670272469
-0.229658158726779 -0.0197913195609577 -0.759200142788488 -0.189454872527915
-0.220782260342297 0.0482793989204564 -0.575054922121899 0.456352029622182
-0.0706081095827169 0.0547034392764985 -0.112864112582627 0.609470396321908
0.0752949531714054 0.071076112702847 0.0977085471286631 0.376361489623295
0.104299170197061 0.0615548680804106 0.0935255127164555 0.0379686485953448
0.128157957070675 0.10327874111079 -0.00704918824553782 0.0517856375733633
0.1440357500818 0.0908220328018225 -0.0840779336862668 -0.192325613183877
0.0232491390760044 0.0597469142702449 -0.0171386240596853 -0.453846052834476
-0.165997973704922 0.0787351514372192 0.380416717601985 -0.463152635797457
-0.233763098547892 0.00861440899486873 0.749916425017652 -0.0495746933648237
-0.225511176590757 -0.151347495707883 0.621246483422761 0.488473127686706
-0.0999873804566797 -0.299834552135422 0.182452106925307 0.543315360567637
-0.0178866807122366 -0.317805167740202 0.067227407447972 0.0876451129345043
-0.105069846819287 -0.27577625559514 -0.0773277321369454 -0.366355408159471
-0.2346210809557 -0.146771847053429 -0.513429275257601 -0.452203081985166
-0.277575502284278 0.0302547410783156 -0.784993118008708 0.0651047207780408
-0.215466859665271 0.0912448361018865 -0.42315613344539 0.575550602924382
-0.0204830221609311 0.0793430632109757 0.0104659617063153 0.533957236264385
0.126888527310626 0.0943276362839669 0.143169505712732 0.268225806815259
0.140236852047175 0.0780294547882484 0.0763868905803314 -0.0218043440513398
-0.157536719706668 -0.0430813467329372 -0.0156976604697023 0.000917679485943794
-0.163026154965682 -0.0969800723971737 -0.144424263914677 -0.170056982829466
-0.0612683130167795 -0.0901171346669519 -0.0998036955959885 -0.420249064129922
0.124449004887498 -0.177183696093989 0.279361527497157 -0.510475053516747
0.292444183296383 -0.127719480519746 0.713512691079351 -0.269594244439366
0.282478262529711 0.115078268772222 0.694762129168505 0.268865552763291
0.146680210421066 0.300199976769395 0.240720129038719 0.425647938868875
0.00763519869812398 0.33711254324179 0.0731495437214227 0.0633232001765765
0.0397234743153775 0.354732962600636 -0.0123765326267773 -0.438960490337159
0.178321623309258 0.243634224094299 -0.376780186705145 -0.679695994306955
0.293309514596572 0.0310020091176586 -0.788715098012943 -0.285339576499113
0.231560183963735 -0.116795106151483 -0.615759140003254 0.359838964737107
0.0145481492804687 -0.10826789773849 -0.132122759257408 0.55087688546205
-0.147314240231998 -0.143867179393111 0.0904962064990737 0.36313366962106
-0.160643013002806 -0.123132397065959 0.0465960344031703 0.00630011853280978
-0.14170258169774 -0.0266785053698543 0.0107081309617789 0.0315581299143664
-0.150128842722198 -0.0815437656783334 -0.151577434291842 -0.112621381085077
-0.0943252275738994 -0.0779774222911743 -0.173099009632724 -0.318018343835752
0.0452703804591662 -0.153785539414934 0.170038072408592 -0.493953119856863
0.22166953524282 -0.13833282010444 0.656678569381826 -0.397272383032219
0.258415083384477 0.0615032062195314 0.785072208054211 0.138458810257928
0.158589339211777 0.242665064468595 0.347523072660014 0.465687916903551
0.00630260135809181 0.293046197937671 0.0813773162158104 0.203572916473649
-0.0117155748620859 0.318765478470909 0.0404658434903222 -0.313097547083058
0.100801436145754 0.260003733942684 -0.207595966361821 -0.699978601228602
0.24504222469104 0.0866517172131677 -0.708360320143702 -0.492664223623957
0.238053443797569 -0.0856337285636989 -0.718737373076649 0.203645276861583
0.0508556493785795 -0.113518471512996 -0.250653675322679 0.576494189361034
-0.108032177206262 -0.146053908497639 0.0388811301262645 0.447695263265751
-0.140653666471132 -0.123767980809643 0.0670733706310429 0.0629760367031415
-0.104621847648812 -0.00654531581688602 0.0326915732779828 0.0537209017601925
-0.10155483060529 -0.060256200529021 -0.146706811713305 -0.0833805444164799
-0.0838515677260375 -0.0676024963993727 -0.217628440129133 -0.248608594137339
-0.00792745050476898 -0.121423919713508 0.0912664389476753 -0.464424449017323
0.137531536917868 -0.111556342113999 0.60407076721704 -0.455816935897215
0.183874140221276 0.0355135248578682 0.836632572068951 0.0496933977694774
0.121715048874066 0.16825797186139 0.430788184945503 0.492700302063507
0.00152336532425217 0.205756860928959 0.0894957077441929 0.312932559511818
-0.030837790521565 0.222681569833431 0.0515446353466464 -0.198986147153817
0.0368939657285378 0.198685775312993 -0.100606624629104 -0.664568553646564
0.160947352515803 0.090070237452837 -0.621665531843011 -0.609364147800581
0.180376619171033 -0.0556040501201561 -0.767594116138734 0.0847874566363969
0.0476648523656209 -0.0974762708319069 -0.335761075341745 0.581584289606194
-0.0693696453492743 -0.123160791181396 -0.000523570127816853 0.505582702238259
-0.104982651500481 -0.103132176708177 0.0851081518411444 0.110071400143788
-0.0482721116089331 0.0133929947368057 0.0469928986527247 0.0745389555150265
-0.0303544442527577 -0.032151075110699 -0.137678481186844 -0.0717228000421605
-0.040458640684894 -0.0562112060005175 -0.232712621963296 -0.219920893598455
-0.028479813187582 -0.0870928159763346 0.0570815935512558 -0.451243043088941
0.0568810848262628 -0.0642220036137713 0.579130053817942 -0.473704874182554
0.0810364131112256 0.0313919301370516 0.859333275682052 0.0252576462987677
0.0488994608292105 0.0866433340737451 0.474798815649578 0.519181402481803
-0.00324924623032215 0.0884466194883596 0.0913368898756524 0.373174142482278
-0.0178635891507576 0.0887073654153335 0.0456493698230827 -0.134380545719691
0.00628149796114853 0.0849168049266126 -0.0671448035522796 -0.626256058477943
0.0712352308842009 0.0428220700258524 -0.586623925327101 -0.633811294281668
0.0769545323759681 -0.0413735382859846 -0.778036991132495 0.0532217753518682
0.00752946813865633 -0.0684119629486472 -0.36390751028648 0.587370486729103
-0.0412609698259977 -0.0801753235100061 -0.0132804160563357 0.528419534630024
-0.057573848295743 -0.0648577473917977 0.0967869245180167 0.133705834598193
0.0124824873612179 0.0346609378350856 0.0493660696656729 0.0874893390595136
0.0481373969905923 -0.000579903391996742 -0.129215059565388 -0.0735805388967138
0.0144237381829591 -0.0384912228735543 -0.221690770989579 -0.230662290355311
-0.0348113861704572 -0.0473757990063557 0.0759797638766804 -0.460190296844229
-0.0189131177176136 -0.0113628590286596 0.593684965298653 -0.447267421498149
-0.0313790921526615 0.0287456421939532 0.854920832366325 0.0706267646053817
-0.0353859286224964 -0.00590974019877993 0.459893993046348 0.548491135431007
-0.00849928557415543 -0.0420113418471726 0.0906649046020059 0.378289450971436
0.00219282543133186 -0.053787652296279 0.0418106406626493 -0.128396680656963
-0.0190303215834509 -0.0389804514650941 -0.100009029930966 -0.60282653991323
-0.0270849970394497 -0.0166234209889506 -0.614232082453573 -0.570043154554973
-0.0467847680200048 -0.0299618547460201 -0.755102603096531 0.126468814055872
-0.0461590393416821 -0.0295026452795523 -0.326846672238538 0.608759073418622
-0.0133056468158651 -0.0255128640689001 0.00218295813058772 0.517325915605105
-0.00335797888515482 -0.0178408156386899 0.103289796850816 0.127491695045451
0.0679433604820986 0.0570810343932638 0.0398679488226935 0.0900678958609193
0.11202995252126 0.0335325522815807 -0.1189609062752 -0.0901046407939458
0.0534576005313066 -0.0109696542370809 -0.179969597292949 -0.280117612043344
-0.054938224105784 0.00150385778253342 0.141973821869075 -0.482983842660109
-0.0988507237164158 0.0302449704681717 0.64237663314899 -0.374640657770405
-0.134411883274811 0.00188837627507398 0.819673181972802 0.179860856146843
-0.0997271610655338 -0.1092904406694 0.396706695275342 0.575196289104815
-0.0132284074098852 -0.164253175774616 0.0840066671844942 0.323852132894302
-0.00372782677633923 -0.175291836913289 0.0318275202016659 -0.180320323701446
-0.0729865105296471 -0.13355519269465 -0.198647595437428 -0.586065269314528
-0.13323068481515 -0.0434797624282722 -0.689000926490042 -0.415106163162378
-0.157525232092727 8.19473354935901E-05 -0.688739700377331 0.282889624885313
-0.079562751372257 0.0143550847613038 -0.235837556087403 0.626757759350277
0.0241634187794517 0.0290134805274833 0.0450702141202876 0.463174385719128
0.0519766859466062 0.0284630171158866 0.102765047088941 0.0917545980400092
0.108491551599471 0.0810477076436522 0.0191346923142128 0.0794567876094023
0.146036343616162 0.0647920610569203 -0.10545987384671 -0.127507965918531
0.056123630412128 0.0248476711142732 -0.111119795309508 -0.358532111775826
-0.102351366155017 0.0505609042171811 0.248247717543119 -0.494595748387786
-0.177319702601013 0.0405336244671057 0.703207097523133 -0.243957172558957
-0.207128393818243 -0.0613791527821765 0.742778748477502 0.329777683763915
-0.122597903023431 -0.214531239856488 0.29335055524956 0.576488956173363
-0.0166218735162967 -0.259522478541127 0.0757305121776622 0.22139046067899
-0.0451576704286808 -0.251693578326636 -0.00341779454058464 -0.26828818757337
-0.157549034551045 -0.168857023740267 -0.34437132474814 -0.539951369149076
-0.227949354072052 -0.0199647045589085 -0.754642742266226 -0.1866325448346
-0.219202913946548 0.0490411296161402 -0.568595494984642 0.454312993891656
-0.068889181611969 0.0550083647612172 -0.109075138335563 0.605495760444518
0.0749345367051674 0.0695274517054588 0.0970483534119933 0.37400080141443
0.102214728907706 0.0612794331667094 0.0933403241312926 0.0379260061699381
0.127509243387813 0.102366818754749 -0.0073895687459093 0.0503744047829898
0.142646492310754 0.089751454058826 -0.083943194284359 -0.191541812530398
0.0236795216284692 0.0593220930296059 -0.0176583844647209 -0.450943489303699
-0.164001704574508 0.078556381107003 0.375336576159535 -0.461056024203658
-0.231463627393535 0.00859148785768324 0.741809392607289 -0.0496346384376162
-0.224669421932146 -0.149274221825471 0.616624162113513 0.482853831772177
-0.0989097554830313 -0.297171661988693 0.182000570630615 0.539451438005206
-0.0179888796209957 -0.314553670315192 0.0671073202842797 0.087496904226971
-0.103877761397703 -0.272344949164679 -0.0776371340539513 -0.362387516988193
-0.232677837927431 -0.145867768464102 -0.511116909859488 -0.446861453523215
-0.2751502396511 0.0311126752627932 -0.776762984805015 0.0657871666456069
-0.213380929173486 0.0905624845394741 -0.417624571363394 0.571395891207366
-0.0199164093102815 0.079441912994445 0.0125240173089719 0.530348546112018
0.125834776148085 0.0930889036314459 0.142834751250029 0.266282984880677
0.137896210207165 0.0774519587665152 0.076206332861352 -0.0218501352874115
-0.155406994004199 -0.0424994840778931 -0.0156489601266532 0.00128663649508648
-0.161746350210123 -0.0946221213947429 -0.143065189454428 -0.169630521256432
-0.0612229237143233 -0.0907608766861793 -0.0999824734141592 -0.417441390653875
0.122444186325604 -0.176357913202033 0.277347311252886 -0.505934117605996
0.289937226337684 -0.126824125554731 0.705761836566351 -0.26900525646065
0.280452136778675 0.114699248716265 0.687929909084024 0.266130368981586
0.146077746427822 0.29740561683903 0.239440055056007 0.421249967157776
0.00845349410837503 0.334663702999374 0.0728527422277721 0.0618225032111905
0.03992619203361 0.351068933970339 -0.0122030836266479 -0.435651785948578
0.178018696085189 0.243157866608405 -0.371765839163627 -0.675729771680087
0.290593272507292 0.0297983787274498 -0.78205439359872 -0.282493297158633
0.230146615708696 -0.115844080110968 -0.611376482638764 0.356956779798943
0.0143135995959154 -0.10848467667205 -0.128848363432121 0.548645626420387
-0.147846616863579 -0.142683669076249 0.0905113391131925 0.360787073582334
-0.159807274703815 -0.121857520412487 0.0458084648715435 0.00626706551616502
-0.140005887284479 -0.0263915541619254 0.00966494426186013 0.0320222852584925
-0.149885317402852 -0.0806651518065178 -0.14985827633931 -0.112787468053124
-0.0933884580790831 -0.0773627095471614 -0.172813894511238 -0.316038411660513
0.044224760218383 -0.152538606146404 0.167505644868539 -0.488742606589965
0.220797570846524 -0.137744276161206 0.649100165616086 -0.394462582127949
0.256849913964992 0.0605495330809958 0.77829341281697 0.136582397880902
0.158090726989254 0.239415783546722 0.343937607373154 0.460276770699511
0.0056442659485381 0.289853102652386 0.0806471700862132 0.201291402248486
-0.0108725000472358 0.316055349963639 0.038270634031752 -0.309729538372539
0.0996807115115102 0.258001189855419 -0.205322445229406 -0.694874102168215
0.243287645981737 0.0858772313935343 -0.703490919526368 -0.489534988103801
0.236916220728675 -0.085049324378573 -0.713340301644339 0.202752719756731
0.0499595726865453 -0.112742361229853 -0.247936995517187 0.573345593314712
-0.108922853071526 -0.143969314282222 0.0408676110084677 0.444807289277741
-0.140315507556327 -0.122716282837454 0.0664968848278423 0.0622137762304253
-0.102362216508206 -0.0066644629377695 0.0320897980132278 0.0541142492158819
-0.101152354642537 -0.0601307253840842 -0.145636451216412 -0.0837008106029234
-0.083565119092578 -0.066834038145185 -0.216859486392201 -0.247684876416873
-0.00880963469425807 -0.121093134631296 0.0879443489737915 -0.461454810178858
0.135864249853761 -0.111262227330825 0.598091534430331 -0.455412888784544
0.182541488040804 0.0357862949567915 0.830778260595523 0.0461641806793521
0.121626380426655 0.167366923228939 0.42823519952454 0.487938047433019
0.00230400990123369 0.203414089933246 0.0870384459330195 0.310114274541796
-0.0306136209212681 0.220953013022032 0.050667615344433 -0.197385383986745
0.0366372468408433 0.197473278870652 -0.0996809746579226 -0.660367591131176
0.160095003986181 0.0890399021260747 -0.617245737735399 -0.604866118428292
0.179072805927249 -0.0547803151283877 -0.762859165004399 0.0851696685667743
0.0470062605664716 -0.0974334038019658 -0.332452337490924 0.578561324660527
-0.0702331524804921 -0.122766653412756 0.00145935039475599 0.502615171137121
-0.10486369092936 -0.10194462218335 0.08420160903018 0.109627174621883
-0.0476832346796025 0.0139302860861712 0.0458544567015227 0.0736488994701457
-0.0297151610629433 -0.0323223238467658 -0.136833293502392 -0.0723242432809661
-0.0393882114280449 -0.0554059216884146 -0.232051321183421 -0.218775042742067
-0.0284814000437958 -0.0862977731564157 0.0551963115545194 -0.447501958131385
0.0567473983829569 -0.0640644501455187 0.573603810075432 -0.470931059705366
0.0807821828721198 0.0315123336226091 0.851051039025919 0.020878885235444
0.048564471449956 0.0862189713498472 0.470097147813602 0.515147423448861
-0.00336688275063566 0.0870516559538383 0.0900478050314111 0.370680146400829
-0.016649148666498 0.087950201277895 0.0445404057545576 -0.133274417661883
0.00630562437867159 0.0855616354549753 -0.0668156243233706 -0.620792838815853
0.0697468033642122 0.0420279177651748 -0.583850126646031 -0.627553932690717
0.0768714572839775 -0.0417983230667683 -0.773136744794874 0.0548877643052507
0.00767548491332136 -0.0683027868180055 -0.360516968216549 0.585206951205178
-0.0409930762052458 -0.0793254667608523 -0.0132073943455968 0.526457956085682
-0.0574527258877748 -0.0634893442744424 0.0965312882008003 0.132642689712954
0.0127828747781133 0.0347900133587213 0.0493753782149212 0.0860177848068771
0.0467423277263968 -0.000846621048279151 -0.127309525473526 -0.0744279231142547
0.0152244625512098 -0.0380261037054071 -0.220292883359242 -0.229903343297563
-0.0353519925361273 -0.0466956606569459 0.0734268743295066 -0.456334618164497
-0.0195120704471326 -0.0109348892971239 0.586883225542014 -0.445173378988661
-0.0305019640892384 0.02811518315991 0.84741483713546 0.0694879561754675
-0.0345221764765741 -0.00629317762007661 0.458287588002751 0.544138485321949
-0.00832584492852527 -0.0413246785164325 0.0898508123656793 0.375447829786779
0.00250632001452664 -0.0532319834510688 0.0401655710796322 -0.127715465923904
-0.0189875603863549 -0.0384908109380232 -0.099742248712701 -0.596715275859525
-0.0271872003166071 -0.0163546626314945 -0.609888049024874 -0.565446721028264
-0.0469389364254621 -0.0300543891280357 -0.750670991934423 0.124787423602861
-0.0451481654507515 -0.0304166940682223 -0.325157135500804 0.605453531558591
-0.0135455492197505 -0.0260249125245625 0.0028273736883052 0.513791322359097
-0.00415141855107392 -0.0159850371783374 0.103061073044966 0.126306595999309
0.0676267203606884 0.0574050732426143 0.0389045385828469 0.0895560998361117
0.110241320971421 0.0326722256213538 -0.11849390293829 -0.0899190544420739
0.0531164432490182 -0.0114079497331496 -0.178512495461633 -0.278864316901699
-0.0545497260569864 0.00211690560439257 0.139231005993661 -0.480187974359661
-0.0984162270283262 0.0296361144168271 0.636534115581768 -0.37557549845446
-0.133233178227499 0.00221202908876924 0.813564305094322 0.177595204922196
-0.0986686565774475 -0.108705345150738 0.393782212965061 0.571359735488211
-0.0126097889956799 -0.162837758736866 0.0838307235763454 0.32201193411593
-0.00295714231226195 -0.173722359582258 0.0314230399164187 -0.179307628196554
-0.0722742806942038 -0.132691778788993 -0.19797156898619 -0.580986806330116
-0.13290816885082 -0.0432693291008149 -0.682127756662065 -0.410600425708164
-0.156466017089846 0.00045346912634707 -0.682101181256702 0.282609373891852
-0.0780826891997513 0.0140607917491685 -0.233193338532147 0.622475539257818
0.0241474350800095 0.0283389547956735 0.0461354874456333 0.460124668344367
0.0508011056973006 0.028707117490088 0.101723230063037 0.0915607416265813
0.107689577640531 0.0812211934733336 0.0186991028492314 0.0789517814479254
0.143982753540361 0.0647611239726981 -0.105121693551789 -0.126996965563968
0.0562845191308038 0.0244718398802093 -0.111232339627066 -0.356116362883027
-0.100637841821425 0.0499695297811436 0.243638058484039 -0.489543361793612
-0.175949857093289 0.0401426948726091 0.697341222311606 -0.24237703591642
-0.206025744503068 -0.0597563156904275 0.736101017012252 0.32524880646458
-0.12175599257989 -0.213322532943905 0.292129236732368 0.572797136984385
-0.0160554037808568 -0.258373434339507 0.0756192038100207 0.219882286275474
-0.0447768214393374 -0.249005747072241 -0.00361845762307137 -0.266109268709254
-0.156269195077662 -0.167045375588399 -0.342587383427295 -0.534766185195916
-0.226625275595874 -0.0196673877342069 -0.750481502315095 -0.184429189950269
-0.217616162033721 0.0488964655607998 -0.564420847202862 0.453919513650328
-0.0681486121226765 0.0538827459710282 -0.108076050351152 0.603572965661677
0.0744158064049088 0.0691470529052119 0.0972229516511892 0.371785798211543
0.100727415922898 0.0607875270916243 0.0934923796948112 0.0366887146935993
0.127134427101211 0.102850430349871 -0.00839686577413619 0.0504463931648186
0.142421106652859 0.0889771700346922 -0.0842335100702451 -0.190895230562866
0.0237328728827834 0.058887108484933 -0.0192806863444881 -0.44819993475331
-0.163029811049535 0.0780663726829726 0.370983606241962 -0.45671621911676
-0.229795826873336 0.00931107212717791 0.736172961727835 -0.0518732507646987
-0.223289404081278 -0.147436690865706 0.610582142812628 0.476860401003769
-0.0980728361425322 -0.294870701905152 0.181744140678237 0.535300413377355
-0.0177159668026972 -0.312437606910215 0.0663393136418784 0.0858827105386687
-0.102142974699347 -0.269947303892601 -0.0772880548275141 -0.360688172269202
-0.23143019035774 -0.143474779657808 -0.505825532008114 -0.44297078641619
-0.273254393502476 0.0310790923776674 -0.77132032793127 0.0663370703313408
-0.211184098454843 0.0903665983274703 -0.413082534944393 0.56751174254473
-0.0184503662478453 0.0783483082462829 0.0137245198100405 0.527462963451187
0.12415000137345 0.0926852963956986 0.143417325283175 0.265409601178643
0.136456874433618 0.0762785802600447 0.075375059360949 -0.0216288710051325
-0.154186307726761 -0.0423483292437522 -0.0162708199819853 0.00135582273620787
-0.161820095423636 -0.095688907373352 -0.143014638212095 -0.169616569453286
-0.0605852363174125 -0.0905124847379031 -0.100450097449278 -0.415597860084976
0.121757550608427 -0.175566220326681 0.275296522852893 -0.502809167012322
0.28734787315837 -0.126613326331623 0.701630817451532 -0.267185007443572
0.279130989877964 0.113909947001883 0.68219770411771 0.263848405027767
0.145410458965284 0.295245299334834 0.236274841047142 0.418728361989192
0.00843807735512436 0.331768073225171 0.0717978551616162 0.06158736356602
0.039927096860037 0.349750843541828 -0.0121590421616786 -0.432930802180294
0.176924966216615 0.241080260544666 -0.370063372972882 -0.671213636516065
0.288688406724982 0.0298875778997679 -0.778462432598618 -0.283292995702712
0.229593096269069 -0.1169499687497 -0.607743188285364 0.356520718380295
0.0141056791797346 -0.108446763125534 -0.128053639570654 0.547136639810397
-0.147401214185403 -0.140986672632844 0.0922542039277778 0.359998517286226
-0.158313054522731 -0.121092492637582 0.0464923393927269 0.00614131799787458
-0.138331135162214 -0.0257211192256422 0.00883961986430265 0.0320397796402162
-0.149141698889911 -0.0810245917909785 -0.149164676354026 -0.112893712530599
-0.0934436505143105 -0.0779066983528367 -0.172711820470156 -0.31480932668765
0.0432234396999353 -0.151890425467477 0.165166870283137 -0.487606523227821
0.218202447413639 -0.138104222061458 0.645660568231576 -0.391866685560444
0.255179705270767 0.0602679018746413 0.771565241571915 0.133785584249464
0.157450069601205 0.237881793550231 0.341975916252546 0.456143004463797
0.00661735347281702 0.28833665298638 0.0792117504414144 0.199750446424348
-0.0107271219821504 0.314934536578898 0.0387845186433216 -0.308009100550604
0.099481564814788 0.256743199621123 -0.203492908171519 -0.690418722221028
0.241571941841146 0.0851915709624565 -0.699582678582099 -0.48584598737476
0.235347039105487 -0.0852493493454386 -0.710155936291021 0.203123835839673
0.0496657738054052 -0.112967158297959 -0.247623422460198 0.572209137783749
-0.108641645877806 -0.143422383434525 0.0407513920232664 0.442879554169424
-0.139481155026862 -0.121014103053713 0.0677163276620021 0.0633971670029034
-0.101463764849018 -0.00607762673789285 0.0314843790487239 0.0536725179216047
-0.100967380377229 -0.0601270820425719 -0.144561967303306 -0.0844586314826324
-0.0823670843463314 -0.0666732894560046 -0.215707146265766 -0.24646443471627
-0.00874173710462376 -0.120509260642052 0.0874772300632932 -0.45850095655809
0.134619475829564 -0.110500180944936 0.593165683602689 -0.45357426842502
0.180818752560242 0.0351995780264354 0.826457897629571 0.0458521368162374
0.121153579116535 0.165696603188913 0.425370027745701 0.484877916756249
0.00209366306693883 0.201628947897779 0.0867125474452006 0.307586854729892
-0.0292396300888351 0.218796864276387 0.0491864687998059 -0.195667346694159
0.0366517017590348 0.196115749904836 -0.0975310595040848 -0.656074522437369
0.158730974114207 0.088204895446906 -0.614159999718936 -0.601582116487706
0.178419126701897 -0.0551225229774736 -0.758987975288496 0.0847419639075144
0.0469312912698209 -0.0972568240576031 -0.330071811216261 0.574506294193559
-0.0706766642247286 -0.121669487676979 0.0018756802878157 0.500441946252696
-0.104644491339707 -0.101128787307762 0.0847110359290787 0.109670440185034
-0.0464394528361439 0.0136393810646569 0.0453006782513137 0.0730218344446089
-0.0299584853775945 -0.0320730543125964 -0.135684932945523 -0.0724457515514034
-0.0393330688495828 -0.0560264300518172 -0.231493355538279 -0.218218372975479
-0.0282247553918992 -0.0864301891740526 0.0539249054450727 -0.445160698501016
0.0558312855925842 -0.0642391942518846 0.568703690329549 -0.469263416167429
0.0801670470844926 0.0312246401415802 0.844891376944622 0.0212511025289638
0.0490286800772122 0.0848837028950206 0.467754574933 0.511436162127643
-0.0033995285665942 0.0865918121442996 0.0896346024572375 0.368099415230236
-0.0166152901716363 0.0873891920474512 0.0437242165212711 -0.131984058261502
0.00641423201726721 0.0848309406622048 -0.0664767563615685 -0.616066881893807
0.068812962748507 0.0416876949009767 -0.57990336395925 -0.624770855819075
0.0763532655888071 -0.0409161765253631 -0.769725116489191 0.0541138703868184
0.00764405415503738 -0.0677850346605183 -0.357463589293744 0.58148737311144
-0.0420295890499369 -0.0795172101247009 -0.0115544777582875 0.524250978368603
-0.0582191476598487 -0.0626675292118337 0.0967738012600811 0.132499651145298
0.0130612557253593 0.0349047644181963 0.0483142016096505 0.0860111919040405
0.0462118489956266 -0.000701139389328193 -0.12665285869469 -0.0748835902233771
0.0149247597122756 -0.0383045007845289 -0.218567588912614 -0.229250655654018
-0.0343540732451495 -0.0468063099101327 0.0717953289844998 -0.453758096907872
-0.0195759314754012 -0.0119996993557844 0.582714425072869 -0.442516727150255
-0.0303346965292158 0.0285878554701277 0.84270090990182 0.0671959152763225
-0.0338552297475102 -0.00613433921822945 0.454693168391648 0.540805114110677
-0.008282025267712 -0.0413164030143418 0.0878542189893138 0.372748819187011
0.00290338746334797 -0.0527430033696396 0.0396496531062979 -0.126568545909307
-0.0184335623602494 -0.0390909956899954 -0.0986317396675591 -0.594124527948876
-0.0266306525375392 -0.0169315911450603 -0.605510940432886 -0.562402308767496
-0.046199215356381 -0.0296117155200561 -0.746706749585492 0.125080576765094
-0.0444581380943245 -0.0301930578646656 -0.323122292843344 0.601706936680211
-0.0136400232482434 -0.025379769616122 0.00390046018020922 0.511861758098046
-0.0046543473084766 -0.0162057563950306 0.102180761162827 0.126517890849933
0.0677363077096238 0.057299393925615 0.0384299124570054 0.0891991234696407
0.109129096430718 0.0327560718456656 -0.117454776921336 -0.0908541258867653
0.0533543922422879 -0.0109690585677347 -0.177928226949717 -0.278134315810949
-0.053998244860184 0.00145962986050842 0.138007385131976 -0.476533370191309
-0.0975831628074269 0.0288278310821331 0.630858495753807 -0.372266822907144
-0.132766160567548 0.00297256668412312 0.808241608346264 0.174418123151825
-0.0976260604241434 -0.107818936677649 0.391277054535718 0.566871628091167
-0.0131972680478796 -0.162838902994206 0.0834961185850088 0.320181130246809
-0.00164496345836514 -0.172394982534055 0.0308264962481829 -0.178312646741666
-0.0716239826947959 -0.131728667964352 -0.195902760342295 -0.576374357194761
-0.132438640628878 -0.0433887032884501 -0.679390173095405 -0.40901121564249
-0.155970843763132 0.000866053977093356 -0.677114761921623 0.279925614438481
-0.0768963941068762 0.0145272063687341 -0.23301455899747 0.620097864292134
0.0242253533558194 0.0277055461954309 0.0458567562125623 0.459050651969824
0.0496162205262455 0.0285435983736078 0.10225956172614 0.0915560583552242
0.107654844124758 0.0813390569659774 0.0178633759863068 0.0777439661187531
0.14335744674646 0.0640653249141755 -0.104213629024854 -0.127528015380945
0.0564205720771316 0.0247782107409856 -0.11119957160329 -0.355719428513618
-0.100411798345932 0.0491816334505448 0.241388865949102 -0.486822311092719
-0.175770152090202 0.0398439445784684 0.69201546679494 -0.241047694960541
-0.204098346640502 -0.0596868253800331 0.731513932679899 0.322765606930192
-0.120669093282703 -0.211529367471991 0.290131011267262 0.569639086335319
-0.016103945748635 -0.256539279879229 0.0744399054101061 0.219069612231043
-0.0433188589918054 -0.247633836296232 -0.00366702026828131 -0.26478639171482
-0.154879595424935 -0.165944171149066 -0.340081059476521 -0.531685089415662
-0.225313136549332 -0.0190250909851833 -0.745538522816384 -0.184899565072929
-0.216901133021482 0.0493535698162605 -0.559785589967724 0.448583861167302
-0.0662089016426141 0.0538042171697467 -0.109330767799547 0.599543773686715
0.0736245047176613 0.0688666406626261 0.0979450249053921 0.371267097912331
0.0991359087596781 0.0609413350762175 0.0932929628592529 0.0372857960615151
0.12673950083526 0.102472717595221 -0.00858962353209395 0.0502932172398018
0.140658408400917 0.0890475484927336 -0.0845981204590274 -0.190439946085751
0.025064861638459 0.0589165849339552 -0.0204763687773109 -0.446596182340429
-0.161481580799105 0.0772137958684665 0.367384914672124 -0.454954414066571
-0.228954698454195 0.00839655478360428 0.729391356108051 -0.0517801026855889
-0.221707360595704 -0.147223786252727 0.608096726472953 0.474256780508753
-0.0971329618365107 -0.29366080541587 0.180685585154023 0.532152345572286
-0.0172766906289103 -0.309890939595932 0.0655793378896687 0.0866797159935485
-0.100682920920969 -0.267763382727594 -0.077443860243819 -0.357887169885776
-0.23011306698855 -0.143213091681577 -0.504424125028519 -0.439392060215682
-0.272351633993737 0.0308662023960437 -0.764899324165895 0.0670735257119539
-0.211208196846122 0.0899412101578311 -0.410418701183231 0.565563812648529
-0.0175829235043894 0.0781725106420433 0.011527325205684 0.524823045010422
0.123707500475112 0.0918785363476544 0.142821211052172 0.264319670789734
0.134596264828849 0.0768337572055364 0.0756690458621507 -0.0217470087338184
-0.153081131726044 -0.0419184033669345 -0.0165773938990426 0.000879121750312424
-0.162654937287964 -0.0951142394465136 -0.142678624607734 -0.169161322097082
-0.0602521833275786 -0.0905788998058466 -0.100948683377059 -0.413712161092294
0.120491328237277 -0.174950202227033 0.273914971897881 -0.501057531978624
0.286784421149823 -0.126193348150446 0.70059549848894 -0.265027783081518
0.277326987373509 0.114403473293546 0.678218893657249 0.262582631159206
0.144208425101546 0.293883627667342 0.235646499693698 0.4172285542965
0.00751267635903244 0.330173248355772 0.070792741378812 0.0616314526782365
0.0403228532970552 0.347394462744355 -0.011913148690228 -0.429742246607333
0.17594047309615 0.240635286807443 -0.367578293618246 -0.669349612746474
0.287581745594061 0.0292494077906524 -0.775276108370106 -0.282150674914572
0.2279818232812 -0.116933927616247 -0.605379076470884 0.355066352873545
0.0137223734089134 -0.107890586144634 -0.127691675449267 0.543762821802121
-0.148055776609852 -0.141154874594262 0.0916223866111509 0.358187403797518
-0.156922335216927 -0.120297373516247 0.0462952324689069 0.00504121447530679
-0.136490363299737 -0.025174840068104 0.00923557903054533 0.0316355161921189
-0.149895642854509 -0.0809775094758852 -0.147888744362804 -0.113160984640721
-0.0927485857099669 -0.0780498138855429 -0.172834831090668 -0.313997803153248
0.042638240334385 -0.150969543298583 0.164415753108471 -0.483931421896084
0.216811497838861 -0.136914529673554 0.641519806064871 -0.389152647348123
0.254018529237359 0.0606760559606583 0.768062904957121 0.13075641910607
0.156752070366273 0.236453399298304 0.339845841677724 0.455825552523536
0.00612270780083022 0.286854872010242 0.0785277561970759 0.198715392494258
-0.0111762945312916 0.312564997470503 0.0383219429292012 -0.305231845228794
0.0986736451752898 0.25589953773803 -0.2030360895394 -0.688167322075765
0.240070660029253 0.0851867127771615 -0.69618879825692 -0.484907146463375
0.234827619060887 -0.0841984633736196 -0.707173819745195 0.201488952117796
0.0494925644497751 -0.113357304439978 -0.245534833227507 0.571113457756617
-0.108539924289429 -0.143540934336472 0.040842605464234 0.441532266990792
-0.138914725410172 -0.120539741507046 0.0666040004938849 0.0628762766175386
-0.100615013480461 -0.00585161565890004 0.0311217936235014 0.0535874890289074
-0.1008136462704 -0.0602163761098036 -0.143662818635932 -0.0849907683572786
-0.081757967310896 -0.0676238442114175 -0.215166689738862 -0.246657238233402
-0.00904716394525388 -0.120006242810633 0.0861400025564019 -0.456433021150904
0.133474072424025 -0.110286663618915 0.589626277240509 -0.449535947997087
0.179529726514093 0.0354477987870824 0.821569948291151 0.0443209838228182
0.120508153001295 0.164687739938915 0.421876023893214 0.483846242485104
0.0017220179048171 0.200799396271771 0.0847770262639988 0.306090272758362
-0.0292544311015787 0.21797237551334 0.0490446642168414 -0.19436147920116
0.0364321589181045 0.196076033396424 -0.0967475327458164 -0.654750763484208
0.157011422264705 0.0887125475159462 -0.610600299983733 -0.601087788786936
0.177544273003426 -0.0548223161393807 -0.755798316804075 0.0830588432168808
0.0464213773103039 -0.0967267335504636 -0.329239038312868 0.574123318827327
-0.0709487277649368 -0.12156818240778 0.0022294943123921 0.499511893233054
-0.104468034508862 -0.0998833594463902 0.0839930017003839 0.109563305038942
-0.0457383161290071 0.013517563821074 0.0447998603794683 0.0731108235875065
-0.0300008468402145 -0.0322038881895118 -0.134983033922083 -0.0736575311938436
-0.0386069352043521 -0.055574581257708 -0.230121698597561 -0.217742139070413
-0.0280942158177228 -0.0862663309697534 0.0528314307582789 -0.443225222489006
0.054968069827389 -0.0642413858483697 0.563537029764914 -0.466666020437952
0.0793817022059978 0.0311634253121162 0.842137242185429 0.0210421944561721
0.0482367884367084 0.0837044147155327 0.463473279761343 0.509201580088698
-0.00297981281609405 0.0863318501776187 0.0884093367538933 0.366306535703033
-0.0159222506802944 0.0869899094812163 0.0434554849518077 -0.131363500101229
0.00599218670573185 0.0844437315916268 -0.064492346026911 -0.615473804760416
0.0680559727768759 0.0417964245823188 -0.577618122049008 -0.622844129000641
0.0755240742521266 -0.0411711408200584 -0.767002250077446 0.0527335408302959
0.00744772955423147 -0.0681984957592367 -0.35708136370675 0.581043330541344
-0.0419663394067461 -0.079472912928956 -0.0101355430156565 0.522469885762698
-0.0579433359638765 -0.0623137367763024 0.0963565691317278 0.132237981473962
0.0133066679319854 0.0350765436492404 0.0469848937146218 0.0864405834278254
0.0458618749788509 -0.00158483647424988 -0.125864933122329 -0.074823148443083
0.0156838215147668 -0.0383823971016844 -0.217674269033243 -0.229591671649178
-0.0340934747103847 -0.0459611081382269 0.0707195912773541 -0.451790808222532
-0.0203141944588008 -0.0119683969003881 0.578407567789719 -0.441418696166098
-0.0303074674397319 0.028864448980639 0.838508101393678 0.0660295624352344
-0.0337497349142498 -0.00664679183431964 0.453157404818132 0.539444883850841
-0.00755425803997926 -0.0409721853568661 0.087728020812964 0.370863732374682
0.00450101839633596 -0.0520320452404599 0.0392894758321993 -0.126267571070785
-0.0183813165569935 -0.0381982806330188 -0.0969469846751947 -0.592518273401564
-0.0275645208058217 -0.0169220712851698 -0.60398037489865 -0.561606126914096
-0.0459364521370373 -0.0294113394974896 -0.743427124193037 0.123266233735977
-0.0444385286595487 -0.0301301937521379 -0.323360874678491 0.600743403803342
-0.0142164424758901 -0.0262768259948206 0.00514539890225711 0.510719253465703
-0.00569241254962532 -0.015636139566168 0.103097295461967 0.126381001017355
0.0672838754921239 0.0579267187335905 0.0372304737116874 0.0898071341137034
0.108651718387009 0.0328020321160131 -0.116538465905263 -0.0916121545286466
0.0540555458448 -0.0109380103693117 -0.177703002826112 -0.277130702430299
-0.0532667414019493 0.00101891736854681 0.13600101727115 -0.475013296234763
-0.0978789981528728 0.0281939069941167 0.62835296986755 -0.371521304595949
-0.132509155377311 0.00281439098211092 0.804407171044222 0.173061792662631
-0.0966283863022399 -0.107651229214483 0.389531785611177 0.564731942576892
-0.012116643949496 -0.161087560702092 0.0814650523087121 0.318876265853194
-0.000907809242828186 -0.171351828866228 0.0298790524376703 -0.17739647526711
-0.0707231979762281 -0.131626393326106 -0.194485211248328 -0.576579139843165
-0.13213945396175 -0.0435579007967686 -0.67606825663666 -0.408213221846941
-0.155334901320837 0.0010413813174681 -0.679132364325248 0.280092084449773
-0.0760938594794519 0.0136115091373927 -0.233089262256215 0.617484007028122
0.0236024618979002 0.0274550409790063 0.0462958771498578 0.458641199173116
0.0483940205878154 0.0291505732832965 0.102854016220203 0.0912160661303919
0.106762613846692 0.081513127868603 0.0160483297338628 0.0783037660821383
0.142486966890651 0.0641907180464409 -0.104212121171409 -0.127840079429502
0.0565376280351781 0.0243806798253786 -0.110926149944767 -0.355322997350214
-0.100041894998686 0.0490871007056659 0.241001585134552 -0.484097062742945
-0.17487568311561 0.0392756742045116 0.688389204552389 -0.240042348391398
-0.203390136606373 -0.0594861244116413 0.728639408653782 0.322478019533884
-0.119174743940142 -0.211832681501007 0.289344981653377 0.568179886183068
-0.015551710761396 -0.255395399364809 0.0740196890741042 0.21852782879097
-0.0416190984396578 -0.245409869797331 -0.00354446292153481 -0.264132918506965
-0.154054844645382 -0.165607106968035 -0.33823155327156 -0.530931363349745
-0.224838889154299 -0.0194314233805614 -0.742122077051127 -0.184317373130741
-0.215997587123716 0.0492163444894215 -0.559355885102633 0.44758038643797
-0.0659296497757836 0.0536083753605694 -0.109340654935011 0.596845040306073
0.0731779824988126 0.0687167347487337 0.0974572331325471 0.371014521419296
0.0982104428719345 0.0610070375165902 0.0933667857391284 0.0374638247992495
0.12619431084447 0.102664864570056 -0.00946057236887278 0.0498413184509275
0.139834448423166 0.0884020734058672 -0.0832583818999127 -0.190428636626813
0.0251814615334758 0.0584785179272418 -0.0210771440904236 -0.444738019791754
-0.161724245835671 0.0767351238172601 0.364464424411467 -0.451497244217238
-0.228087309292267 0.0078303941867955 0.727299562334266 -0.0496026569085646
-0.220951004066308 -0.146385959868476 0.604898058127735 0.472164441695292
-0.09592029915362 -0.292874432250811 0.178219404845826 0.531881030282271
-0.0163431154778946 -0.308809778503522 0.0649068940964247 0.0854307319484183
-0.099016186609689 -0.266227998675903 -0.0761041297363996 -0.356430178572615
-0.228564172532439 -0.142597684738407 -0.501800039496883 -0.438886529330448
-0.271275442776383 0.0304770557204765 -0.761638335925805 0.0672336454985603
-0.209263278365466 0.0903404819266775 -0.409439061770999 0.562930156484026
-0.0165147764189567 0.0775564813146272 0.0108404982776294 0.52346940064569
0.122956840044964 0.0917739110240588 0.142677601016851 0.264640700023195
0.132884736965241 0.0764330175010338 0.0764004126917519 -0.0209349628505917
-0.151342459316794 -0.0423114845955962 -0.0165927720854585 0.00100210749613955
-0.16209510410343 -0.0954854614089107 -0.141733530969792 -0.169287564681006
-0.0610069047429103 -0.0913058292078977 -0.101779930590628 -0.413843275212275
0.120817502646711 -0.174009306271373 0.273996430248302 -0.500120261078076
0.285145657115611 -0.126695651979567 0.697627335260197 -0.263858317869841
0.276552865903504 0.113809253651958 0.676496054222975 0.262387746469559
0.144391174400483 0.292753821843736 0.233424280922081 0.414872448304538
0.00705113398661906 0.329284459388039 0.0703412367476728 0.0608874575909419
0.0405717304576531 0.346895894001457 -0.011492837550859 -0.4290285338671
0.175610219504963 0.241497416181459 -0.363984282394396 -0.670338502266214
0.285845597246155 0.0302828588844136 -0.771669822851038 -0.283107388351682
0.228469794220589 -0.11622960863322 -0.605939893409328 0.353418461021268
0.0134948904589838 -0.108241426490177 -0.126952486009944 0.544842159515393
-0.148488696548155 -0.140905796588631 0.0928600269218587 0.358710241835271
-0.156690503697993 -0.120010000129419 0.0462489049132478 0.00715955648391078
-0.135262740183852 -0.0260993702865941 0.00892599453403267 0.0322023569987863
-0.149735614453861 -0.0813121455604824 -0.146941792359855 -0.114660917471018
-0.0926758655503679 -0.0785626215497834 -0.172270665198085 -0.314001798048308
0.0430447084725014 -0.151948720610729 0.164689677261673 -0.482677230106189
0.216519963498265 -0.136303984371102 0.640466647401234 -0.388403794283244
0.253067538032221 0.0614987272383222 0.766619133828322 0.132168219089253
0.156357847281686 0.236041518396785 0.336714538217756 0.45406181027603
0.00587774399194704 0.286152289698281 0.0775225373269089 0.198565000042113
-0.0101569125767621 0.311954133626523 0.0381265019227876 -0.304686968201164
0.0984331793114098 0.257018895664003 -0.199945351312212 -0.687477402557735
0.238326949993826 0.0856982873302989 -0.69477613402526 -0.487489695202727
0.234403240816907 -0.0842758358246216 -0.706965943884887 0.200772591697407
0.049542145516518 -0.112223298634393 -0.244586966747438 0.569142919373074
-0.109210990291671 -0.143031904735374 0.0417517648463456 0.441364848807718
-0.13851524339922 -0.11967124573527 0.0670256417299603 0.0628041119675866
-0.09922955926998 -0.00611262927074882 0.0305792824676878 0.0537181310276464
-0.101125915108258 -0.0604877821472536 -0.142798307978216 -0.0856910538951879
-0.0814190536212863 -0.0679132199119945 -0.215020409379579 -0.247294079709834
-0.00883580915577594 -0.120018921192054 0.0867434366040825 -0.455194779679664
0.132991651462709 -0.110260477859117 0.589420863104086 -0.448621845908491
0.179133436178935 0.036261255365499 0.819850879387798 0.0435551365095989
0.12014451433529 0.164299293337633 0.420925146912914 0.482182248723242
0.00170412873068235 0.20042717332696 0.0842347340772066 0.305128365441095
-0.029134112551244 0.217588486245218 0.0481908436403807 -0.193418409298377
0.0358796733798055 0.195409626416466 -0.0944078593085879 -0.65349559963383
0.15691682731924 0.0880792213826744 -0.609797642984556 -0.601649147635125
0.17731318560689 -0.0543935964112754 -0.755305892836551 0.0830330719218388
0.0462023405261665 -0.096890128348831 -0.327641380960305 0.574360976119396
-0.0711226738245208 -0.121207112672341 0.00235746005448498 0.498711250576445
-0.104210354188598 -0.0995511622715857 0.0845588465011937 0.110051796058604
-0.045001046268248 0.0134242465610765 0.0441368379909966 0.0738976841924646
-0.0301337466252673 -0.0328828958345155 -0.134077156660257 -0.0747236325085702
-0.0382923469304169 -0.0563199273560495 -0.229816097911023 -0.219069244296968
-0.0281222555661138 -0.0858306597478216 0.0526264709470728 -0.443330859210654
0.0544529392320511 -0.0644792149154565 0.562975487676369 -0.466482492485343
0.0795863798563703 0.0319351406964321 0.840172976214177 0.0188450082896317
0.0486102485434199 0.0835641771672679 0.46224621779704 0.509708732764874
-0.00284133702909085 0.0854942935997008 0.0871729207594291 0.365477394645791
-0.0149943357235639 0.0863079101140312 0.0426772182784628 -0.130736040395938
0.00584301851975101 0.0845699807806068 -0.0625355717408661 -0.611892580340893
0.067351202835182 0.0418058616899331 -0.575913465876278 -0.623801846657642
0.0758390853252908 -0.0406442324267643 -0.765904945979662 0.0506990755781374
0.00765993343091831 -0.0680849522071003 -0.356964690119775 0.57898283875159
-0.0422753851921521 -0.0790253463593293 -0.00976722919479632 0.522452974251163
-0.0585238974278294 -0.0613917561946295 0.0967903517797222 0.132320329842786
0.0141081569434177 0.0351756478402894 0.0464110077988429 0.0869042642897783
0.0460823293639058 -0.00118133716729831 -0.124562968123872 -0.0767640167369483
0.0159019710085409 -0.0382623618980949 -0.217486144524802 -0.230485967793611
-0.0347390692804432 -0.0462369829439742 0.0698831064489459 -0.451481453617385
-0.0202971606016703 -0.0120860888308974 0.576758348667131 -0.440399858660473
-0.0305915754056541 0.0290139607863503 0.83546195662405 0.0658011573004059
-0.0337086285244378 -0.00673774340560825 0.450709417771914 0.538775657960075
-0.00745598899300134 -0.0414449416086628 0.0853244658451846 0.370733461456116
0.00530472001068643 -0.052575390681195 0.0386848010812897 -0.125641558153131
-0.0180092718209928 -0.0380513858536474 -0.0956787699954171 -0.591600863068561
-0.027455125852928 -0.0167106634988928 -0.601340429766918 -0.562671167043347
-0.0458532963965318 -0.0293224279093529 -0.743740320528075 0.122500042850124
-0.0430445654141657 -0.0299367710186559 -0.32312038844271 0.598159852104064
-0.014433496034939 -0.025907449019919 0.00459311565610636 0.510546408634008
-0.00596776430553735 -0.0147792937702142 0.1029353056585 0.127139257744091
0.0676856457086717 0.0588065222333491 0.0362025011567374 0.089747653155214
0.108136654589763 0.032195519120632 -0.116348378811308 -0.0916074494544726
0.0541403077865104 -0.0108911093783688 -0.176618027226956 -0.278036294294824
-0.0537879644297525 0.00104342197828644 0.135665429017772 -0.474034223958612
-0.0977393210040964 0.0281680816489809 0.627508251686059 -0.369731143758689
-0.13243028610587 0.00282666478542758 0.802754574594717 0.172586181875005
-0.0960231875138512 -0.107809717560534 0.388202916159018 0.564045551796836
-0.0109914062815235 -0.160734382146999 0.0815661136020352 0.318285026450009
0.000352022135362375 -0.170452369926085 0.0300978640515538 -0.176169031517911
-0.0710039646787801 -0.13073646925038 -0.192715488521568 -0.574476813838182
-0.132231495933358 -0.0439958026567656 -0.673308195700739 -0.409320928104797
-0.155171804853084 0.000696712649045625 -0.676825615698945 0.277041455013416
-0.0756647071228267 0.0135804385518728 -0.232301480698486 0.617584357849572
0.0227746917828865 0.0272029101263063 0.0459891185415715 0.458470683425376
0.0481225493048865 0.0290062066594833 0.102839939238407 0.0915150355770385
0.106939228891423 0.0820813116306331 0.0156156618193273 0.0784208634651233
0.142258864689014 0.0637565703030393 -0.103488935508877 -0.128726902528548
0.057429468256439 0.024236288091265 -0.111208831270836 -0.355036921240296
-0.100123396961024 0.0489200530976762 0.238965975135866 -0.483398892788675
-0.174455198078858 0.0386779214433034 0.686337381325696 -0.239873067717559
-0.203308730025046 -0.0594535292010179 0.726791149237248 0.321514745032073
-0.118382711626635 -0.212417287898382 0.287661512434665 0.567814562711169
-0.0138529372491752 -0.254972772828662 0.0726655032314004 0.218535444833591
-0.0403278666703229 -0.244983373896249 -0.00302205342350027 -0.263262476239636
-0.153400822921642 -0.165046399994318 -0.337308618240826 -0.530545578754053
-0.224800651366116 -0.020331678170081 -0.740659751871011 -0.184359827621829
-0.215707734875235 0.0490603692318538 -0.556460329494116 0.445878991168777
-0.0648200135997608 0.0534067824069708 -0.110331513395322 0.597790409100155
0.0730043162317967 0.0685444901672773 0.0976284792061126 0.370674156381652
0.0969547561534818 0.0609594641423431 0.0938265992558878 0.03752922258114
0.126052700593837 0.103561628491746 -0.0103065171238393 0.0498798343221386
0.140223098199128 0.0885228873688108 -0.0840068552214291 -0.190367986201183
0.0257203435037761 0.0584610021260012 -0.0207883671459462 -0.443934875927712
-0.161166228346425 0.0765174890190814 0.363310279720345 -0.45043357924674
-0.227932792726918 0.00751399251820877 0.722243236834306 -0.0511097083733103
-0.219921638069827 -0.145961073612246 0.603939192843247 0.472031437512869
-0.0947649969441887 -0.292700351056398 0.178912248760704 0.530869223359814
-0.0159160567522005 -0.308706969027242 0.0642874058217526 0.0861646558251288
-0.0978395434238965 -0.265090416954584 -0.0752913897789628 -0.355689903945614
-0.228059361314777 -0.142988663872762 -0.500738757957465 -0.437606884306913
-0.270929111949462 0.0296166281204827 -0.760777240939544 0.065421951313166
-0.208829537084 0.0898053895181008 -0.408639951243841 0.561778961570373
-0.0161777099653493 0.0780103138949381 0.0113882766856013 0.524037712255984
0.122178402212257 0.0920484886283525 0.142704824483434 0.26510066689756
0.131471103541323 0.0768972442653036 0.076507036491939 -0.0209104007880243
-0.15097304802165 -0.0430218334728171 -0.0173152578322334 0.000850642123412706
-0.162473444090378 -0.0966155745520636 -0.141162258776551 -0.170520645354681
-0.0601012461932409 -0.0919431489840442 -0.100527949799595 -0.41542320061527
0.120839734090878 -0.173978952146616 0.274139490226603 -0.497719530622334
0.284784924287321 -0.124694309589275 0.695892976462847 -0.26221643263721
0.276511684826085 0.115515351761477 0.674334022197091 0.262579245976338
0.143367397576496 0.293715411200158 0.232759080428101 0.414315167961608
0.00650396902603935 0.328895138077118 0.0696691791481209 0.0616534804764309
0.0395977816199404 0.345474895012757 -0.0105698740900731 -0.428269520138697
0.175306570103831 0.241403994550544 -0.363222746960642 -0.669202451182689
0.285585917637369 0.030130092376013 -0.772599998953766 -0.284564566674463
0.228755837486387 -0.116401871968069 -0.605902931122095 0.351730915477054
0.0136276053131167 -0.10855859391308 -0.127303186092338 0.545738609778837
-0.148058638202069 -0.140686002703965 0.0920437927978097 0.357956550926088
-0.156064410818368 -0.119716230362574 0.0462566090074657 0.00674142059783759
-0.134378585274184 -0.02673692194629 0.00766159226928877 0.0320146301187638
-0.150056741735373 -0.0819997523264797 -0.147994922670168 -0.115295683178942
-0.0927093026478658 -0.0787253884550436 -0.172501055087241 -0.315105895332789
0.0422701855380472 -0.151303419972213 0.16499287970868 -0.482866329360521
0.216114980290096 -0.136455374652648 0.640469032034676 -0.388290361966823
0.252577114031609 0.0625446989743623 0.765628082465734 0.13352849553236
0.155824429561375 0.236018161653696 0.336129248615043 0.454678640274082
0.00487694807346228 0.28600122599596 0.0768893858390526 0.197791837180888
-0.01000112273013 0.310901351008425 0.0384414575965476 -0.303967787185787
0.098173075154745 0.256814982122756 -0.196780679844862 -0.686684595266277
0.238272463308584 0.0865569532881249 -0.691955041528377 -0.488396659760996
0.234463200143717 -0.0846283002148741 -0.707652540302916 0.19877840268584
0.0489976740501157 -0.112856628372794 -0.246191049376735 0.569461396333069
-0.109958331583239 -0.142952918017671 0.0414712002711884 0.44134460768298
-0.138345967902021 -0.119574923186646 0.0669825044936826 0.0630702854990994
-0.0982510642925062 -0.00648986247112794 0.0293574734660633 0.0538366652586272
-0.101505155950311 -0.060294417449196 -0.142129082255448 -0.08695401314437
-0.0814687093228621 -0.0688213649661637 -0.213977571242016 -0.247892708031045
-0.00910787852190176 -0.119267827494818 0.0856429710241191 -0.454076816729862
0.133053922905102 -0.110253478932165 0.587857071147102 -0.447924116094259
0.178929937969292 0.0370892361851051 0.815900980943247 0.045136384973821
0.11908288486185 0.164333505462698 0.418373497069494 0.483916643718752
0.00125143366990286 0.199653828547033 0.0833412249260245 0.305130627179518
-0.0286084406101536 0.21704366113408 0.0482357215865229 -0.192715984733822
0.0351365507766052 0.19657357487548 -0.0915347571253907 -0.653966749926546
0.155759098454009 0.0889770653073502 -0.606540115932455 -0.60296389660223
0.177560992702297 -0.0544082765585379 -0.756483128860975 0.0820942958235455
0.0464401453444237 -0.0975157214354007 -0.33026367971477 0.57376324358444
-0.0714712661607046 -0.121320875899274 0.00352867330632961 0.498200483914124
-0.104423499036078 -0.0985020197396308 0.0843808066191115 0.11005815284544
-0.0443121175153388 0.0140771211869123 0.0435137573252906 0.073739203327299
-0.0305711860430529 -0.0326123955269008 -0.133386733749438 -0.0757636397030592
-0.0377922107143234 -0.0569694793474679 -0.229677270213419 -0.220253186988096
-0.0288574390936175 -0.0853654619175501 0.0516055469545848 -0.442200966169005
0.05465782362698 -0.0640517802079276 0.561980167302793 -0.464022995267792
0.0791518525424465 0.0323340883716 0.83836553270541 0.020849713296361
0.0480493549069875 0.0833562702278876 0.460295331643662 0.510285249282818
-0.00267392088913366 0.0858355120171012 0.0850132089834912 0.365794775556206
-0.0142958991722688 0.0865697782937728 0.0418930581267786 -0.130424257558569
0.00583584730175578 0.0840075089944153 -0.0616863429658245 -0.613868783449251
0.0672271874468974 0.0418052792234276 -0.573789676160746 -0.627144892775875
0.0757956336179265 -0.0405398812515314 -0.764213968414497 0.0508160919242243
0.00817872890476057 -0.0682539616575269 -0.359316671540389 0.579623538256586
-0.0423638069485381 -0.0792417166705494 -0.0115576043785386 0.5220940153277
-0.0584374891605792 -0.0609196469910824 0.0975115730053729 0.133152878458228
0.0144234469426554 0.0354352750740423 0.0456407893688175 0.0868528864864014
0.0449549501526095 -0.00122387972425362 -0.125272789268089 -0.0782578862469527
0.0166264196690421 -0.0385572685155129 -0.216766655313701 -0.231222555513
-0.0343020174674222 -0.046445632808727 0.069350673551997 -0.451145402187472
-0.0200192330967142 -0.0128685178236979 0.578129036803266 -0.439564881775921
-0.0302951568124288 0.0292423147222557 0.834875059206024 0.0660171915747409
-0.0328013368169327 -0.00715821441565964 0.448706765155481 0.537425590836372
-0.00651523334097781 -0.0418893467911604 0.0842841036550249 0.370319347611329
0.0064176087381985 -0.052291530673419 0.0383155721789572 -0.125122318547352
-0.0179045375563048 -0.0384915052986549 -0.0937720714419712 -0.590463849434842
-0.0275449574108085 -0.0175133880563361 -0.601120947158737 -0.563170959754323
-0.0464629797045925 -0.0294287661040531 -0.742380664404518 0.121272729184334
-0.0432868921044051 -0.0301988080820064 -0.324018004626643 0.599381466832123
-0.0148132313357902 -0.0262807239056807 0.00425469571428059 0.512249973077752
-0.00668673470546826 -0.0141371695464346 0.103811510208829 0.127167736182565
0.0680939801598 0.0583759854131921 0.0359395300973357 0.0897659481251064
0.108180851970969 0.0324094386804736 -0.116327379757571 -0.0927544853341738
0.0544665493227936 -0.0114599053107432 -0.177210499862195 -0.278857446658072
-0.0538450080384727 0.00094923151059776 0.135953911112529 -0.473491843060415
-0.097915437208903 0.0271995364881666 0.625748983949431 -0.370868052150361
-0.132506799352536 0.00300238816775753 0.799630908619917 0.17405677211287
-0.0950359733223372 -0.108781718832509 0.386779125854348 0.565141614407709
-0.0101854131165567 -0.160575848210293 0.0793001635329473 0.317912545075111
0.00129325664630212 -0.169685716787258 0.0295978807520164 -0.176444906064298
-0.0698425393553309 -0.13121382112438 -0.191332671776374 -0.573659698220808
-0.131795065923236 -0.0434417217318324 -0.670951717066354 -0.4113971341218
-0.155520131461849 0.000354892721561993 -0.676757551012912 0.276768501358807
-0.0749020174724667 0.0134515276650313 -0.234421245417188 0.615184248366628
0.0233155743876111 0.0275139734765502 0.0456473082677297 0.458563431349157
0.0467252539746055 0.0303075608882991 0.103339899523131 0.0920229526172125
0.107090828354115 0.083329517754897 0.0150863379438621 0.0790474963482159
0.141648903433841 0.0639770237028935 -0.103462599740458 -0.129492413451376
0.0575711675449029 0.0237279465480538 -0.110672119632149 -0.356064749566694
-0.0997305113795321 0.0491154568117074 0.238641938777098 -0.483670874571945
-0.175235720615626 0.037899001448637 0.684157026829124 -0.23877640718469
-0.202949531253582 -0.0596681011788689 0.72460152190458 0.320420956039962
-0.117427639565898 -0.212266099490626 0.285597669450441 0.566426541570947
-0.0129023584803891 -0.254621434295925 0.0719471361112088 0.218212389509145
-0.0390205471434353 -0.244946805549783 -0.0028289815693384 -0.262898316946688
-0.152576077095788 -0.165995101459034 -0.336281581628415 -0.528688843455703
-0.223907549269348 -0.0207136254919975 -0.739251713707421 -0.185550333319061
-0.215563051914336 0.0494665135968175 -0.557660550522289 0.446347096948433
-0.063745086210911 0.0530360486571094 -0.111547783620835 0.597468623262315
0.0724992483261066 0.0691281432245615 0.0975942894852735 0.371480725521399
0.0958164574501265 0.0619776806166749 0.0938802099560318 0.0379715504230311
0.126619038712045 0.104462197465477 -0.0111024370192108 0.0502779781291609
0.139930251615311 0.0891792053061863 -0.0836274101815196 -0.191477313594418
0.0261402482678629 0.0580840291715028 -0.02029486607267 -0.445382160872721
-0.161230113348368 0.0763064506128327 0.363199141661832 -0.450646183751659
-0.227521921979562 0.0065772928462856 0.722003411433945 -0.0475735472846007
-0.219794266381601 -0.146388093737375 0.601589179909348 0.47256409845373
-0.0940102077323614 -0.292430576486593 0.177965268760121 0.530154829305713
-0.0145829687004014 -0.307878548861593 0.0637449314654799 0.0854575977437885
-0.0959488894256705 -0.264928621596886 -0.0758211539718522 -0.35544063761674
-0.227333536401819 -0.142752390837369 -0.498518914428855 -0.43830507001363
-0.271142320564815 0.0294373070153603 -0.75921456014203 0.0645517505791747
-0.208548366633833 0.0900917647231844 -0.408652172778636 0.561318306757238
-0.014867220352522 0.0772543405778552 0.00961655858044815 0.524419774817491
0.121380861547874 0.0920210454750036 0.142511358645854 0.26619769814617
0.130235803217272 0.076794141784537 0.0764756036326195 -0.0205544926886208
-0.153359000274011 0.0184954525518062 -0.0203028491726518 0.0118864539415407
-0.185572718553712 -0.0179393506770681 -0.205523048403961 -0.0920617213824357
-0.0951546734220452 -0.0538014208044862 -0.271655947240279 -0.330538127071276
0.0280343192474319 -0.200825972537737 0.0332928684739074 -0.579612152846751
0.195070062604377 -0.231933803833869 0.515390888798874 -0.551422967246178
0.297002603074127 -0.0144279117189905 0.730762092223242 -0.0573669567098282
0.24839457265003 0.207267584155597 0.400386142831389 0.2870005571978
0.138056800423806 0.302759835246282 0.0873647772298773 0.0278770001748098
0.178769305605933 0.300078504222463 -0.199113233886265 -0.380924612049881
0.259289356029153 0.149369796129261 -0.619333476644272 -0.441708373669793
0.274698461773846 -0.0879400679395457 -0.815423071823308 0.0833229749467775
0.150049905101187 -0.19592962267185 -0.386518871302845 0.586195566945411
-0.0367333271689522 -0.101045679860891 0.122612207999094 0.543762269178732
-0.196724294748063 -0.0611934993215241 0.240580195893819 0.278318266349731
-0.198446640835333 -0.0406384455803869 0.0539982280676297 -0.0199959607362765
-0.132910326707671 0.0270787740035477 0.0173957033151856 0.0302555510918201
-0.166965530656214 -0.0110253825307761 -0.186336717118743 -0.040083644094001
-0.117097838460649 -0.0302696524302889 -0.294336447286916 -0.208572801013193
-0.0302082716728477 -0.14774460350845 -0.0619793690300232 -0.51638033701423
0.127201884539964 -0.212467324242622 0.409282808689129 -0.636406806470931
0.252883728900989 -0.0534660753667877 0.752752166811899 -0.21347141268705
0.236892868186602 0.15046300184634 0.509228022893782 0.275532330707227
0.119404703251849 0.262186563260774 0.153151103369432 0.148765364988929
0.118776974592177 0.290160396731938 -0.101244365881692 -0.289704158892366
0.193933163564587 0.194368064798236 -0.478537624178583 -0.530718094558219
0.252429184512121 -0.0180670188764284 -0.833228097162605 -0.136374967277
0.167114626706841 -0.171714296984794 -0.543581201511549 0.49097207501574
-0.00644362831671059 -0.119824404263678 0.0285529854466331 0.61590010924714
-0.162449352564307 -0.0785756506013621 0.229706489973068 0.376510832960969
-0.181879226348334 -0.0475876168872772 0.0958175827658092 0.0237512378489312
-0.0915084736175706 0.030153691550195 0.0470479917047741 0.0402001711647212
-0.114513445133893 -0.0119067732385422 -0.16851015146963 -0.0176335246378356
-0.101251340356502 -0.0254438205875177 -0.303652913404515 -0.131109985759463
-0.0619845814645298 -0.0980270013077149 -0.122311215914175 -0.453271778102978
0.0623425335137187 -0.153999872977002 0.334161525366736 -0.665432476359121
0.174150577734701 -0.0461419364527479 0.760449723526006 -0.314630284739937
0.175976208278141 0.100363101709757 0.594474638777044 0.262490770431724
0.0823261202547993 0.183032947232269 0.205510316175259 0.242721070871784
0.0630813573845817 0.210991411600677 -0.0430887487020986 -0.194719987527075
0.111876880607491 0.165157594501892 -0.36913163900092 -0.54921089538968
0.177450128877459 0.0181385909232841 -0.806477943180703 -0.279887653357656
0.127727235650246 -0.121164520860958 -0.640503274546224 0.402629453666167
-0.003162684338232 -0.10460878646579 -0.0478485728484227 0.656475522334127
-0.11953969371061 -0.0747322438075148 0.217168222817234 0.447538193862149
-0.140631013132301 -0.0435947124972273 0.130010609251707 0.0615525521354496
-0.0342435610224317 0.0276911916255552 0.0692969590343626 0.0520444611325197
-0.0397418156670121 -0.0150447107196413 -0.154820696906527 -0.0122688712666051
-0.0568876858072259 -0.0320902936315168 -0.304532222218259 -0.101697155381821
-0.0653560031774645 -0.0605345641067331 -0.147890998402011 -0.426540599777965
0.0102940522475841 -0.0809560586504917 0.30507624048091 -0.664636476631793
0.0814323524934405 -0.00921644227955469 0.768103232357031 -0.346254644489947
0.0779586585211516 0.0561288139588152 0.640367016125331 0.267986152856722
0.0327284607630807 0.077934137018156 0.234789636388184 0.295940717873279
0.0227755853658648 0.0851157674846634 -0.0189377459150398 -0.135100668796548
0.0394684138332077 0.0745990250107697 -0.322563103928765 -0.52685631351193
0.0755013243759176 0.0110474649117409 -0.784430881573447 -0.316830952410848
0.0409390755438122 -0.0659571571997575 -0.668097893786221 0.372990158084165
-0.0274212171059422 -0.0619932161189409 -0.0727234971512614 0.672777835193326
-0.0750236893573724 -0.0485319590001144 0.213043215020576 0.476739689380498
-0.0814765442199551 -0.0291232017246349 0.148620445043884 0.0795351222943536
0.0280830148364795 0.0249231686373816 0.0788036963843693 0.0612523071095929
0.0417750393105985 -0.0167405499984717 -0.147043217218092 -0.0195371982355528
-0.000741842163487422 -0.0374598245189661 -0.296636800924914 -0.119068085492266
-0.0548658684439487 -0.0230378611630948 -0.134139808456457 -0.439997185980909
-0.0357488475596381 -0.00518602671225807 0.330400724269634 -0.645692448096914
-0.0193694150842206 0.0337303260757525 0.784434078360666 -0.298524206574912
-0.0325934015422786 0.00754121180932229 0.638072514607633 0.299687453662093
-0.0218754693781847 -0.0384151995721614 0.236336135873492 0.299458728595919
-0.0146128958174965 -0.0512618735895604 -0.0191195980102676 -0.129758437025663
-0.033882043658831 -0.0288973488031462 -0.339332090476481 -0.494811565641487
-0.0370369591534402 -0.00382931349196792 -0.780317204419616 -0.255201924944352
-0.0641580135282156 -0.00312271971431011 -0.623079849453752 0.41975370927772
-0.0583648818612165 -0.00475819338185162 -0.0370018881324945 0.673839936196962
-0.0264069313254197 -0.0111909244871314 0.219601500795578 0.461853180469595
-0.0117522575847379 -0.00896169860166709 0.148580811568223 0.0731881386569967
0.0856944107170133 0.0257530187201739 0.0728300814015138 0.0665113025164727
0.110930095948322 -0.0107519146655533 -0.143417616056377 -0.0388302180828791
0.0442673118400982 -0.0272323877216962 -0.277917750017293 -0.181018579675962
-0.0541308654654735 0.0265397313708291 -0.0824755020031463 -0.486767749506389
-0.088863341543707 0.0613153161252174 0.403543801116517 -0.598831209529783
-0.121844091079901 0.0505178194141972 0.796303262018662 -0.185836462680071
-0.130451228370543 -0.0585515867774387 0.589439249903945 0.347684312261688
-0.0731089300343042 -0.147908561953393 0.210294942132185 0.252946627237899
-0.0665756123551084 -0.158332549490736 -0.046915845264816 -0.173465125453126
-0.121041001022394 -0.0929294039175169 -0.41988999801603 -0.442151740621454
-0.145211070799997 0.0157710644235454 -0.7816175257569 -0.0899189168071016
-0.149181434840648 0.0719463694693674 -0.501660665514087 0.52731947948595
-0.0681373235438524 0.0494489187171306 0.0503283029198754 0.650986950154974
0.0322214804730843 0.0212988370125419 0.231935088470901 0.398874278978331
0.057627809935995 0.00789839899675301 0.130288062479606 0.0439267467317013
0.131300555705201 0.0336647250992816 0.0508864033214465 0.0641900869732816
0.152812614526547 0.00438574597407658 -0.147049398161499 -0.0781468919137699
0.0597998908765975 0.00331581906957369 -0.248483662673965 -0.277101073616418
-0.0774903268389777 0.0863658987320074 0.00651654247606681 -0.535942883414134
-0.153949580061091 0.0998283194572195 0.514960667798088 -0.503907435048707
-0.209991069045197 0.0228999199786415 0.787111960692679 -0.0172059915940703
-0.192209239302016 -0.143350027535311 0.497173272012468 0.388942107448805
-0.113843774834509 -0.233498652459637 0.160705735826745 0.165335635842723
-0.13490457174043 -0.210533493336913 -0.113983524494459 -0.239001194494174
-0.211020527831953 -0.0890598651413544 -0.529790111168684 -0.34036864794858
-0.221002441391811 0.0773576041758265 -0.745363876732818 0.138020480421311
-0.180766990511984 0.143527238494693 -0.327899599961169 0.62682916895916
-0.0398010740949375 0.0821171142124661 0.150067805006606 0.583687088920956
0.0959993474956344 0.0374120568325945 0.240422191332192 0.301175376232417
0.117975228815795 0.0151402853036074 0.0976053524297463 0.000226120348396521
0.15690360123884 0.047028405955591 0.0166267352381001 0.0488975864743058
0.16013372108312 0.0281804908548247 -0.154911860384878 -0.142047357562308
0.0427681233790659 0.0472440646390726 -0.204797246936591 -0.394026767600183
-0.121177607878517 0.134095099523092 0.133812790389231 -0.555605428836466
-0.21215430827752 0.0903029903609438 0.628218792225524 -0.346648757088843
-0.259348741657769 -0.0490519435654266 0.737817601018416 0.170983165145724
-0.20473400745198 -0.225653171684925 0.380653100062735 0.399221010288782
-0.138139979260436 -0.282235125205618 0.0966895086221139 0.0484547722598157
-0.195908937422879 -0.206210689525448 -0.218512799317675 -0.292706957084152
-0.270876956422651 -0.0370380400226424 -0.639910332066624 -0.190493919501765
-0.242588549776799 0.143665655526043 -0.661758578219351 0.370813623392296
-0.154765169492737 0.178644370644564 -0.147588222134738 0.670454880792844
0.0172249599766976 0.0837583340943534 0.227926277936502 0.468446935273721
0.152585914147377 0.0370379402301915 0.235829493803288 0.188978107445741
0.156531123285908 0.0134939155912262 0.0560663621665371 -0.0450109723603636
-0.153514115389727 0.0181864219154349 -0.0203042957999038 0.0131706669075125
-0.186804739890749 -0.0176413522287065 -0.206003076902075 -0.0925545533956187
-0.0956648182442952 -0.0549528786685964 -0.274064652687712 -0.331226190806743
0.0278306459949015 -0.201438816854346 0.0338240232729743 -0.580816679160559
0.194917812400567 -0.233150648527498 0.515615857526506 -0.551523193104148
0.297946124763364 -0.0146573961291679 0.731376219914081 -0.0592988062609688
0.250366854836733 0.206255474569022 0.399051968143612 0.287002352117225
0.13873739456247 0.303006223904611 0.0870608714848926 0.0280583545531349
0.180029320939357 0.301178230672275 -0.199117833224339 -0.381878126113914
0.259527763327804 0.150098729697151 -0.621148715878976 -0.445328533855426
0.275445895378238 -0.0883323074103858 -0.8199733699311 0.0808267485576939
0.150794299358454 -0.197531821509455 -0.38695716928982 0.587283314693987
-0.0367619297637067 -0.101302436236514 0.123560896853372 0.54605645527258
-0.197376528375845 -0.0601778312638107 0.241760816424062 0.279023930164388
-0.198445923750128 -0.039884699545093 0.0543614412689 -0.0205883045380899
-0.132863392330044 0.0264016883493381 0.0164525709226607 0.030406066815939
-0.167735064710189 -0.0115082156732481 -0.18706976581569 -0.0405919473490745
-0.118435550850204 -0.0310996057769968 -0.295817526208459 -0.20979582305558
-0.0306320428935077 -0.147706935382613 -0.0611371571145421 -0.517681023747105
0.126746860670469 -0.213084825149332 0.408866105500535 -0.639749791594263
0.253835635426909 -0.0531302944646806 0.754640472788983 -0.214384086392456
0.238020437435956 0.150588615872186 0.511264754712933 0.275956712866639
0.120346520887108 0.26291464469129 0.153153439396622 0.149460757624056
0.119883210679051 0.29012577936288 -0.10119074419056 -0.290130632230966
0.19432966760252 0.195469611560665 -0.481112065004562 -0.532711875988566
0.252979392518294 -0.017368691563799 -0.836152014924516 -0.137315285590518
0.167862990888986 -0.172774416633983 -0.545589172921342 0.493614859534559
-0.00679347923304925 -0.121063736266146 0.0284777284356842 0.619584482320817
-0.16384071720757 -0.0784692626723649 0.230793717983685 0.378016973071842
-0.181974297389423 -0.0485532044390068 0.0969131705591061 0.0241260230160421
-0.0910143814312403 0.0302883463071387 0.0467446347973937 0.0404679778257857
-0.115543108113788 -0.0122621460612327 -0.169090507046881 -0.0182338984335839
-0.10215846821449 -0.0258965442784823 -0.305224487603614 -0.131686593792214
-0.0626698671790455 -0.0984019922980407 -0.123930046141085 -0.454636900369261
0.062022494318123 -0.154558320512222 0.334694284414574 -0.667064534475357
0.175101933043826 -0.0460750732578968 0.76206353378626 -0.316252681198567
0.175416752471786 0.0995187882699548 0.595116063191049 0.26460710445918
0.0823763932524383 0.182548167111452 0.205830750615097 0.243133170701364
0.0642853741374903 0.211226104025139 -0.0434084958565157 -0.194631222128154
0.112401869425619 0.165474382622253 -0.370199202466599 -0.549808838258228
0.177427835043428 0.018475894253994 -0.810290943286404 -0.281248177362005
0.127962566289904 -0.121999966310497 -0.643427277293608 0.403848434440547
-0.003726812020769 -0.105524522009503 -0.047564311673825 0.659122866238885
-0.120059990885565 -0.0747118080301567 0.218470380736662 0.448432172599508
-0.141288945903696 -0.0424684281152658 0.131034586496465 0.0613879597108724
-0.0336794348424498 0.0278316251366477 0.0693329701119637 0.0526533583675068
-0.0400733156108474 -0.0155572426223097 -0.155503387693132 -0.0134711309298059
-0.0573245945768935 -0.0326208635408803 -0.306023624127989 -0.102554610951625
-0.0659126793723228 -0.0600779336264591 -0.147972786924527 -0.426746513988825
0.0103716479914826 -0.0812733606374919 0.305478611358698 -0.668108790509191
0.0820652780384086 -0.00854883723289496 0.768187462550737 -0.346539925328525
0.0785257008618168 0.0557266123553364 0.643045634465385 0.268727299112937
0.033040295713308 0.0778398752479122 0.234664261086314 0.296405632237658
0.0236270667992454 0.0850798271908907 -0.0196315787083768 -0.135444106976231
0.0385790589464335 0.0746490775751623 -0.32137108158784 -0.528366291505778
0.0751651023358057 0.0114323218509162 -0.786045966626602 -0.319216398284926
0.0411092818359602 -0.0664049383451468 -0.670963116926596 0.374845866587491
-0.0273142768746958 -0.0621640961931212 -0.0735157045743328 0.675793293842636
-0.0761387970997926 -0.0487549953919057 0.214817977817881 0.479827875013689
-0.0816061191136356 -0.0288728064837045 0.149103986816402 0.0794161085925679
0.0290505811284013 0.0248868192247794 0.0788824062646904 0.0615629718787444
0.0410742252287106 -0.0166342560505633 -0.147287815406776 -0.0208129224312547
5.70656907224109E-05 -0.0375458248239714 -0.297675189461335 -0.120633717736285
-0.0553536487935035 -0.0229782509446778 -0.135916408567054 -0.441316009404755
-0.0361522575107065 -0.00519215725742032 0.329954671178348 -0.646997126267304
-0.0197096331315434 0.033154657342737 0.783984842528234 -0.299261897328387
-0.032164566906996 0.00717785451749067 0.639881976772598 0.300538994668892
-0.0219062815897455 -0.0389943587980763 0.236534951887032 0.300208091619718
-0.0142111423161505 -0.0515969421652025 -0.0196029005213267 -0.129245986891013
-0.0337968065063679 -0.0294709402002467 -0.340904052212215 -0.49696133559868
-0.0373180570513004 -0.00364989359021732 -0.784970608889595 -0.256486489837807
-0.0644181427250726 -0.00288078278845929 -0.624864235292352 0.422527492865053
-0.0583338422978229 -0.00492984161998544 -0.0362139825461559 0.675931736559286
-0.0270751217837966 -0.0111919711102937 0.221569590349942 0.46396469781945
-0.012388947986755 -0.00857270032026972 0.15017322962412 0.0741827871828945
0.0869333258743321 0.0258120448436188 0.0729258857691405 0.0673863290571878
0.111370875472658 -0.0113623522983599 -0.143966780117337 -0.0395797082622758
0.044572087545284 -0.0276163587997584 -0.279404154974514 -0.181215501613005
-0.0540178596203058 0.0271701974812226 -0.0844133434762056 -0.488189116041557
-0.0898468362028084 0.0615435480969415 0.402898505344425 -0.601495227578106
-0.121488273842142 0.0514948607266133 0.796609059135348 -0.184993974169172
-0.130768445203316 -0.0593785620478716 0.589949313630552 0.348149450256427
-0.072821917298248 -0.148521326094379 0.210288067013088 0.253751264911752
-0.0666722311108904 -0.159755220322796 -0.0469130829572371 -0.173738298653807
-0.121022544097609 -0.09278605411793 -0.419642386539069 -0.4430643401104
-0.14545024314334 0.0154877865263879 -0.783746932211243 -0.0908861251997084
-0.149573209796815 0.0725458731967286 -0.503112990409039 0.528514093648457
-0.0677594069052088 0.0496094454918449 0.0499557258223203 0.652513520914055
0.0312846693887648 0.0221695201425403 0.23435128592399 0.400585488657166
0.0578948087752667 0.00846175745941837 0.131258487316002 0.0443360651121301
0.132371075917381 0.03372935514211 0.0506327519464818 0.0646100816432719
0.153968231950174 0.00414455546630567 -0.147767642131899 -0.0785490113424525
0.0606750812553384 0.00310374398115689 -0.250793266398709 -0.278234317864251
-0.0774342753218252 0.0869286316615134 0.00591706831150195 -0.537791582963216
-0.15374047780175 0.100306388848136 0.512714551456903 -0.505046447639818
-0.211337393625849 0.0230902187022599 0.790074942750982 -0.0158771712178446
-0.192924214865639 -0.144183311895202 0.497685440748304 0.390534048091654
-0.114155984665971 -0.233741829057194 0.160859509962072 0.165800255052174
-0.134231216513219 -0.21121294043562 -0.112643496034222 -0.239055538273314
-0.21191150646363 -0.0896953652042106 -0.533759785551775 -0.342892075787579
-0.222113669585023 0.0767415090125602 -0.74771828568049 0.137635069469484
-0.181876072694626 0.143908120666466 -0.3290123800793 0.629666210664893
-0.0393137437861669 0.0821183720125949 0.151798816276017 0.585436083091589
0.0959549919012853 0.0377377628087531 0.24337670020592 0.303046278144455
0.118057344105823 0.0162747638339811 0.0983503180744552 -0.000257082052169241
0.158191086196488 0.0467128129921058 0.016212736824672 0.04967684532421
0.160585200286224 0.0280376123704858 -0.155802230853106 -0.14347548692792
0.0433123814705362 0.0466539579122462 -0.205906230015297 -0.396279178118854
-0.121715603374087 0.134476856963726 0.134638679677364 -0.556501486444236
-0.213164022658478 0.090889170969833 0.627070621052167 -0.348843779190215
-0.260536852836031 -0.0491879919754432 0.739977993748716 0.170433656627772
-0.204685275697312 -0.227430165291168 0.382383466509018 0.399827388231496
-0.1375799281498 -0.282559741609484 0.0968327020584716 0.0482365731474776
-0.195479093329377 -0.207116291587099 -0.218993919238303 -0.292830674410243
-0.272228257685206 -0.0371142853647678 -0.643637000355654 -0.190470049601614
-0.243359778961678 0.144374523307706 -0.664210864217064 0.372087078138929
-0.154881919313166 0.179452387650779 -0.147589931596429 0.671109208600072
0.0179875870532837 0.0829554392635419 0.229153135934516 0.470891682438624
0.152575471293485 0.037521628828293 0.238239211518216 0.190024421551537
0.156277541950423 0.0138413437757086 0.0560711663121595 -0.0447736709630755
-0.154358738111169 0.0187035984658721 -0.020698098494001 0.0127118226601118
-0.188351888853722 -0.0184723354746674 -0.207892316633173 -0.0939191397673708
-0.0968294397164915 -0.0557046459334237 -0.276016658637494 -0.333200441603417
0.0278472386949409 -0.20229399424802 0.0317576916234222 -0.583991936347345
0.195328728471361 -0.233263941461507 0.518315897672236 -0.555592418346732
0.299946037367241 -0.0139623677066439 0.733904113795758 -0.0585154107468495
0.250152767362349 0.207200293351516 0.401989778506316 0.287542062223632
0.138404349470366 0.303868223610158 0.0874638212392731 0.0280173247413222
0.181531712993026 0.301528247213112 -0.200179425519729 -0.383116972930294
0.261161150815435 0.150366830007387 -0.624593143694368 -0.447580336474653
0.276324964297135 -0.0894808870784006 -0.823365847863943 0.0827086843031476
0.150403122884016 -0.198972764353629 -0.387008904365182 0.594699376324878
-0.0376176812566115 -0.102514364094823 0.126441737864237 0.548554194320845
-0.199626367608277 -0.0600156289432711 0.244297851166322 0.280025550498987
-0.198761690246493 -0.0398957604006829 0.0548052797373648 -0.0206019414242353
-0.132664239017901 0.0266263718149263 0.0160040236270225 0.030449647935886
-0.169441504492687 -0.0108452996794546 -0.188927574362474 -0.0416893141626772
-0.119536988185902 -0.0318643211174334 -0.298070862565287 -0.210779226911466
-0.0314460472685684 -0.148160992257673 -0.0630806020419126 -0.519661821435794
0.126338768620475 -0.214185596845408 0.409518573989719 -0.642280118838401
0.254764046576175 -0.0534277928150771 0.756828052770701 -0.216610204675342
0.238876823243748 0.150139013979836 0.513003527062829 0.276514755747032
0.12028036131216 0.263088878199486 0.153399138852355 0.149912415551344
0.121087916414509 0.291250400129149 -0.102688229814839 -0.290528168221018
0.196078962052175 0.19727005933821 -0.482302410326383 -0.535208021543809
0.253837178687342 -0.018439407294412 -0.842508269870723 -0.136144135454636
0.169060310147838 -0.173747766378157 -0.548864130970555 0.497701417890143
-0.00763057276758516 -0.12210500987721 0.0297181401563961 0.624451936508142
-0.164439339377282 -0.0776710861448128 0.233880089916712 0.378636828611906
-0.182651136687812 -0.0474332250074125 0.0980256474826101 0.0243405076996462
-0.0913249097014077 0.0303236724636814 0.046766134304784 0.0413172075318072
-0.11637988686869 -0.0119733724888536 -0.171022303937984 -0.0195331844074831
-0.102467983161886 -0.0269364882438965 -0.307688203767819 -0.132573495795195
-0.0637796273182365 -0.0988792466236372 -0.125474221828548 -0.457337155657221
0.0613315381250601 -0.155399850825536 0.333454020749849 -0.67179464375199
0.175797941713695 -0.0460467951480673 0.763913107595289 -0.317788828422446
0.176092535991736 0.0997608642147842 0.598163408649159 0.263987992190327
0.0834227669720278 0.183676869657573 0.206183379495608 0.244576907506239
0.0646243091859952 0.211256274072411 -0.0439819398836503 -0.194125783660193
0.112388273546102 0.166424067687636 -0.370796395350701 -0.552853614156538
0.177987862192352 0.0184321670712109 -0.813580847897177 -0.28213119459779
0.128765904510001 -0.122953560388559 -0.646875225499866 0.407509376381368
-0.00374583696852267 -0.105947358715454 -0.0464159851319117 0.663191808046712
-0.121173253895423 -0.0744850972901308 0.221727988722417 0.451298864826055
-0.141532918482668 -0.0428992498953511 0.13222962722367 0.0619951902309345
-0.0330211177703539 0.0270705911883908 0.0699243643059182 0.0528378287381317
-0.0401954794876592 -0.0160032109429921 -0.156107660605426 -0.0147906938216115
-0.0576175978145045 -0.0334722535158026 -0.307562429147604 -0.103180750962718
-0.0661723810801296 -0.0606521512727033 -0.151613505163922 -0.427982979777382
0.00957081250519787 -0.0819545474713991 0.305387181925979 -0.67166275111541
0.0820766155683501 -0.00768104651697969 0.769956362432286 -0.349512081376045
0.0788320772545704 0.0553626651821582 0.645775481459642 0.269015837016457
0.0339236955600337 0.0772863280993455 0.23531660616237 0.297762818623137
0.023900015818686 0.0845711713553661 -0.0192662803586994 -0.134826272653632
0.0390837120488884 0.0751091238906938 -0.324375118437063 -0.531222497065524
0.0758654847685623 0.0115602271958255 -0.790362928747516 -0.321158372938986
0.0418414513653661 -0.0664310982849088 -0.674403989424693 0.375788508349352
-0.027865115991176 -0.0623334153591055 -0.0709803879590144 0.6809142665716
-0.0770201663251442 -0.0487418739192143 0.21607111044287 0.480561714304751
-0.0818776759732207 -0.0283584272413072 0.151282931204585 0.0797399616327552
0.0293177287097101 0.0247871863416953 0.0793895679779582 0.0626581354733704
0.041028418810542 -0.017373351354084 -0.148633611218208 -0.0212534145021791
-0.00010475474524807 -0.0379672194997401 -0.299141821583885 -0.121454751424156
-0.0556928157617818 -0.0231117804215746 -0.138273642508749 -0.4426118408591
-0.0362877154616786 -0.00500695155158449 0.329516262578919 -0.650414038977338
-0.0188449527285351 0.0340540984668566 0.786287080380253 -0.302089937170267
-0.0325285977448842 0.00647045501271011 0.643742984915229 0.300048908088757
-0.021310503587442 -0.0395301501525663 0.237256628054089 0.30218689422084
-0.013342548165495 -0.0521338746954275 -0.0192866593981621 -0.129130917956352
-0.0339080941033892 -0.0292454176672999 -0.342017744541996 -0.49940152953175
-0.0381603222229015 -0.00289965422478967 -0.787467076849455 -0.256609187163936
-0.0643591461948358 -0.00256730658378045 -0.628948568336753 0.425448180382549
-0.0582375682793704 -0.00503225747853773 -0.0355859216805024 0.681761019548548
-0.0274539111852155 -0.011054444348432 0.223612386195521 0.466222493073219
-0.0119176822165789 -0.00832314872832609 0.151382489303919 0.0741509429997325
0.0876036692362713 0.0258774074518755 0.072877825729186 0.0675587776501879
0.111477744341845 -0.0116558442594047 -0.145377476309248 -0.040207398571587
0.0457200993529077 -0.0281003210494385 -0.281682154259064 -0.182339190650862
-0.0544304841403089 0.0271799264831109 -0.0870854899801575 -0.48997421297971
-0.0904053271125227 0.0617895093083866 0.40354236782011 -0.60309209021663
-0.121945565084688 0.0515386366842837 0.800147800168513 -0.187752295137715
-0.131188584936339 -0.0600640604969491 0.594590884952158 0.349016030503722
-0.0734225923536118 -0.149727250658949 0.211772564301776 0.255889893460707
-0.0662452865716709 -0.160526944581442 -0.047309807877394 -0.173559858235987
-0.121269047225907 -0.0929315061474428 -0.421626928527085 -0.443987330824743
-0.146009084655621 0.0157436061576038 -0.787444750450239 -0.0901535959456996
-0.150224192306581 0.0734049614882662 -0.503779095810522 0.532622123128303
-0.0678243671928158 0.0491414175338847 0.0515407128542063 0.65740591193771
0.0317743798751361 0.0218131029681998 0.236969996924804 0.402368176038511
0.057703230950309 0.00893438900072598 0.132674569681683 0.0443984391211064
0.133520597001693 0.0344840565523452 0.0512069018392833 0.0656666672898909
0.154265288150265 0.00456050296765407 -0.148142415995192 -0.0794414153286459
0.0606018269369227 0.00291232102532887 -0.252373897317934 -0.280012251392136
-0.0776538575397806 0.0875831145137595 0.00487601706106967 -0.539371658999742
-0.155145855480458 0.101221277732862 0.514301552642595 -0.507320697232024
-0.211819166610643 0.0239450770785437 0.793364203355966 -0.0172554343554298
-0.194229154874566 -0.144590353948449 0.501945528787308 0.391987448275418
-0.113816184524669 -0.235677729820446 0.161998891104725 0.16628987768035
-0.133665917474285 -0.212539229372464 -0.114986247925232 -0.240271305818311
-0.213548315003385 -0.0908947645065338 -0.535443514038334 -0.343114171338931
-0.222695823317078 0.0781391258677727 -0.751258238881965 0.138568780979841
-0.181955467351887 0.145298376253175 -0.329751654488564 0.6313153212684
-0.038710011534158 0.0812133708983728 0.15210594189651 0.588111687393406
0.0965120552034923 0.037881889537934 0.24478251896548 0.303988801957979
0.11743238623095 0.0166408436388237 0.0993234680564564 0.000368502682405508
0.159643576323118 0.0471999820240869 0.016289287308291 0.0499734381110322
0.161765412298957 0.0283942096504379 -0.156520455312068 -0.143822153904396
0.0438886665982355 0.0466936422400153 -0.207733335733008 -0.396405432875263
-0.122128733039416 0.13609818833891 0.134031675924303 -0.557559313082254
-0.214774921621124 0.0915188911916865 0.629824488396759 -0.348935527081525
-0.261490271234449 -0.0488296536254735 0.743957475838672 0.170484610667521
-0.205848502328256 -0.228483713709991 0.384572977040217 0.402109077521363
-0.137600531966322 -0.283947161194422 0.0974772733827306 0.0485231137028627
-0.195510735003836 -0.208042634569702 -0.21990520668873 -0.294620918533408
-0.273688091333523 -0.0370955163416933 -0.645630629827235 -0.191177442448734
-0.244521741031408 0.145290938051018 -0.664493596333699 0.374696179359262
-0.154918159942141 0.181270369926695 -0.14376054923609 0.674286847693616
0.0192140443402731 0.0831330692575312 0.230989648227341 0.474533391876858
0.153381330153452 0.0374560758973615 0.240105904990791 0.19061405995565
0.156231705504345 0.0153259191923396 0.0566689747725982 -0.0456582692309136
-0.154486580983127 0.0185686765070715 -0.0209601400289143 0.0124967736291454
-0.190064547387046 -0.0178357875505885 -0.209270094589919 -0.0949967928771622
-0.0981661333799339 -0.0561856692022648 -0.279113958833612 -0.33425223546513
0.026881263824971 -0.202723985257916 0.0315172712720443 -0.586858532202674
0.19545726166488 -0.2352210531746 0.519441651084658 -0.558092654441746
0.301857294679734 -0.0143054412018729 0.738546331732474 -0.0621964291651256
0.252759084201181 0.208256945502162 0.404131603267151 0.287747801094321
0.139923209603229 0.305148049085418 0.0873566198878313 0.0285979588889536
0.182791152137792 0.302406890060453 -0.201964920201184 -0.383763042296987
0.263405612808209 0.15167077168506 -0.630000944265953 -0.448819941082367
0.277248031631336 -0.0903428839934722 -0.828246692750797 0.0862510945531711
0.151096859721117 -0.200934786570034 -0.390002755844502 0.597601742844183
-0.0388989670761191 -0.10312731327445 0.130465987569599 0.550519081958108
-0.201395222536628 -0.0596340915529326 0.247238579617094 0.281094373543761
-0.19986582831292 -0.0398296712666495 0.0552262097417126 -0.0208055774093055
-0.13334335373467 0.0262379838881815 0.0166686769347018 0.0301003369165142
-0.171308032168207 -0.0107616129967179 -0.189939742819266 -0.0427783183216926
-0.119885966107433 -0.0314847535606523 -0.302016882590195 -0.211272092916685
-0.0322848184800731 -0.148300766438037 -0.0645277266991034 -0.521898077713725
0.126117247478749 -0.215152689480504 0.409915071671144 -0.647072291719916
0.257113388127922 -0.0537406518503565 0.75975270255424 -0.220314178953049
0.239735601715488 0.150834299936204 0.51826593425023 0.276745364537799
0.121457763969842 0.264522359410212 0.154877958196444 0.15129865118937
0.122519200036545 0.291172647685586 -0.103452640373415 -0.291118490416841
0.197676111837663 0.197775932024986 -0.485802384065128 -0.538758059162002
0.255509821672066 -0.0187971278219915 -0.847221639320172 -0.136910784608156
0.168617174918046 -0.175957847648168 -0.551031459721297 0.501385815170773
-0.00787078288827821 -0.122648088266631 0.03253527961947 0.626368731979893
-0.166429308377402 -0.0776697757526013 0.237504508225352 0.380362174048266
-0.183739373212726 -0.0471415220797542 0.0987908044179714 0.0243337681286078
-0.0909799243667776 0.0297022548542381 0.0466912656555426 0.0412386426873603
-0.117654567270196 -0.0118430467740408 -0.171300191290618 -0.0200994058504164
-0.104797274225879 -0.0261708578632147 -0.310656126169813 -0.133188901591408
-0.0638023006773229 -0.0986105086538738 -0.126862240898998 -0.458897573339566
0.0607986418220073 -0.156743824311384 0.333672423393833 -0.675160329062752
0.176915428173851 -0.0460303136709466 0.766737760086114 -0.322695341557522
0.177579766879442 0.0993811912057207 0.601468195137612 0.264973323284917
0.084027516325131 0.184227204334499 0.207396717323547 0.245354720755236
0.0657642562351777 0.211748675017534 -0.0444822253347381 -0.19457409798563
0.114315354400678 0.167476752214367 -0.373659884962556 -0.554576033112148
0.178702370426617 0.017981220288015 -0.818813981003839 -0.281183302007246
0.129208856221323 -0.124791368914275 -0.649981712036652 0.410839208861579
-0.00474765356242222 -0.106676339388951 -0.0438840043520194 0.666779292768075
-0.122836893996318 -0.0748202164777516 0.225924996588583 0.452728527141692
-0.143069676648217 -0.041903200903993 0.133781711330224 0.0619039245666396
-0.0326916299884904 0.0270909792376107 0.0704054122212193 0.0540051015964037
-0.041151348774105 -0.0158405218301399 -0.157082720358582 -0.0151126579945988
-0.0579969591882046 -0.033766929976677 -0.310864370880416 -0.103878834612314
-0.0671052124301267 -0.0607087155243479 -0.153961957219542 -0.430632270721046
0.00914613631592752 -0.0821666847740926 0.304383078535238 -0.676003065611282
0.0828453245395299 -0.00870515392854424 0.772899408063886 -0.354716431690022
0.0791108300794031 0.0553592417340367 0.650000399994092 0.270888012021568
0.0341789575318964 0.0773514415078551 0.237189616491398 0.299048959414284
0.0248698347256994 0.0845919424928574 -0.0204928156580738 -0.134897299259598
0.0401077386228325 0.0748400186699645 -0.326837666197407 -0.533301315432516
0.0757565826630782 0.0115437231280557 -0.798553669675397 -0.321134455711083
0.0414240444277413 -0.067582655109817 -0.677964201647741 0.381159956787065
-0.0278034257720551 -0.0632213883900112 -0.0696565974668766 0.683297719277111
-0.0779282901457356 -0.0480224001266585 0.220007759387346 0.482693925482774
-0.0826834649413985 -0.0271462670571794 0.152559605331272 0.0797693094972951
0.0300293145994983 0.0249419843238992 0.0792900859931908 0.0629707720246837
0.0408683658476752 -0.0173513866816743 -0.149109804461632 -0.0221241059644039
-0.000308883617189139 -0.0386388783921403 -0.303238337038364 -0.121517797977921
-0.0560775975005842 -0.0228446179418938 -0.141459351224415 -0.443867831646371
-0.0376081369023095 -0.00503764233689626 0.328537278752956 -0.655257448720237
-0.0186378960000709 0.0343034463535203 0.788543264554143 -0.306409315295401
-0.0331443497718296 0.00634582672873429 0.646666474833366 0.301518322171911
-0.0213197852749269 -0.0397730157583649 0.23974164017676 0.303288174369202
-0.0128533302277394 -0.0529358962424047 -0.0199908809220288 -0.130073804594588
-0.0342848026138356 -0.0295673756596738 -0.343968013996728 -0.501280396672496
-0.0384691184975592 -0.00297543221770915 -0.79258020497082 -0.256055211818352
-0.0648950420017036 -0.00275433933646662 -0.630711659713938 0.428432403089781
-0.0585408987465882 -0.00496213691234783 -0.0337581419028356 0.685773446433016
-0.0276336282794278 -0.0106973496532873 0.227935469802683 0.469588549098098
-0.0125050477939199 -0.00748346669404145 0.153246235691439 0.0746997718568888
0.0887516409110762 0.0259515655372741 0.0734702299063989 0.0688511942962257
0.11175035200829 -0.0121660791517885 -0.146327432173377 -0.0414205814454621
0.0458495448142814 -0.0289039281009921 -0.28411491713764 -0.183776404485094
-0.0543040435599343 0.0276235376991054 -0.0889378409380674 -0.491187674998191
-0.0911748322171954 0.062421662513831 0.405301681121487 -0.608080918441093
-0.122517909527419 0.0531396591462311 0.803333672076782 -0.190865343776407
-0.133005495706904 -0.0607254092674247 0.598327181277942 0.350855955054308
-0.073254743759817 -0.150489645252127 0.212411388149914 0.256718734342609
-0.0663031168876715 -0.16117232103261 -0.048197750057776 -0.174124388618479
-0.122662118600668 -0.0935994188511095 -0.425450562005429 -0.445809324489919
-0.147645854096519 0.0160185787299989 -0.791619851619099 -0.0885718999428356
-0.14992550240868 0.0738683123501652 -0.506220737499479 0.535602654831673
-0.0681777419289054 0.0492446306567044 0.0536760972344945 0.663167474844571
0.0318139530626329 0.0217954477408697 0.240118788066136 0.405036045639979
0.0574423653191796 0.009431695855417 0.134565350186683 0.0441299312518747
0.135191775741481 0.0341804308881331 0.0508900374748769 0.0661642466725028
0.155460644645981 0.0037063318013342 -0.149733146058242 -0.0801629287563355
0.0614552454872508 0.00234225744103841 -0.256181934470666 -0.281119336841046
-0.0780623583370833 0.0888584770675376 0.00144724839551892 -0.540906085353412
-0.156190985986948 0.10223241751734 0.514001067047263 -0.510634959273663
-0.212848683412076 0.0244667161069454 0.797266719528508 -0.0210231875293458
-0.195891334774834 -0.145691565992789 0.504570272950389 0.393481350610522
-0.11475938506254 -0.236957384259316 0.162534895611311 0.167573617261442
-0.133696739941933 -0.213820099562611 -0.116393881389147 -0.241005095886077
-0.21461666004813 -0.0904307760922478 -0.539879701320325 -0.344431157708666
-0.224366837653596 0.0792079554912677 -0.755559062996381 0.142351870247321
-0.182783355904305 0.146789961250159 -0.329596785142886 0.637711688669239
-0.0383886499443411 0.0817708135118604 0.155226227754436 0.593234896696341
0.097448710361449 0.0382277968598215 0.248699448399687 0.305258655204469
0.117868630606546 0.0170196113360891 0.100308688995109 0.00013248708436451
0.161005157381577 0.0475061450342745 0.0157358262855124 0.0511214630226586
0.163014184195593 0.0274719465735409 -0.159184673981276 -0.144661614227941
0.0446111046680142 0.0467239082383199 -0.211783003308887 -0.399204711782372
-0.122770376160291 0.13719833700096 0.132481130754053 -0.561061534686966
-0.217074981815736 0.0930882882403054 0.630220930029786 -0.351025996624687
-0.264064214887906 -0.0476930403531939 0.747656017966828 0.169732620226575
-0.206872722964433 -0.230023960289748 0.388794832124628 0.40369673584471
-0.138971980795495 -0.28513255067118 0.0978066614825429 0.0486821959573552
-0.196411662529745 -0.208358849098206 -0.221992741391385 -0.294281110953643
-0.274896429156038 -0.0361994039238725 -0.64886803781234 -0.19007698129263
-0.246370274554744 0.146843790433588 -0.666705647875008 0.37850631669311
-0.155606964787513 0.182333632142445 -0.144930994933895 0.678988992827227
0.0200303774437958 0.0827993663067897 0.235037038209433 0.476681238939314
0.154501354965501 0.0377720019953482 0.243242093825359 0.191261274687896
0.157109399120075 0.0154444340549748 0.0573663252166967 -0.0458732723726293
-0.155433507878467 0.0183408438771042 -0.0211911166901657 0.0124547779571871
-0.192838937747064 -0.0170745033702325 -0.212601170542442 -0.0944493337741911
-0.0996106676410441 -0.0563858747288936 -0.284850938109707 -0.336284837059149
0.0259891382905032 -0.204213734254151 0.0275015542478603 -0.590784285237249
0.195257771437773 -0.237390087620578 0.520578505507339 -0.566196794837546
0.303745413126107 -0.015014433934902 0.739930028991051 -0.0653034772773586
0.253568573026039 0.208478856253008 0.407400866502799 0.288488329815549
0.141631044988205 0.306538020922118 0.0874373271146515 0.0282698262652627
0.185138764901093 0.302791922362293 -0.205047235880587 -0.385655248389994
0.265503872119972 0.151314626616787 -0.635098795573062 -0.449780944874423
0.278102670928138 -0.091039409549131 -0.834273537611635 0.0888633060042648
0.151241114471048 -0.203920901445727 -0.388997194956858 0.603372706872461
-0.0404767632980452 -0.103794682433329 0.133801731275926 0.553838762926723
-0.203116205604289 -0.0582647313539853 0.251498666665983 0.281765309534883
-0.200960005054597 -0.0385207635967848 0.0558438402769044 -0.0205813621617611
-0.132374678551152 0.0264009171655287 0.0168129220809801 0.0303896561988246
-0.173085480243311 -0.0106106953066937 -0.191719583659795 -0.0435391618758132
-0.121604634262987 -0.0315979511492464 -0.305022517709772 -0.212229273814891
-0.0334703587099923 -0.149329885717416 -0.0691265286429417 -0.526291402066813
0.126101466695767 -0.216912054971849 0.409637723436337 -0.652119590832131
0.257671075090936 -0.0547776022978071 0.762205195916351 -0.225031236229713
0.241116067331052 0.150491781275964 0.520484649187862 0.276846447091079
0.122809381690088 0.264949546213096 0.155072532332149 0.151187847058276
0.124471466109319 0.29221896727905 -0.105234648597104 -0.291017787059927
0.198967100557504 0.198537408501571 -0.492193981117605 -0.541455254547602
0.256027314440847 -0.0192277709965425 -0.852570789686602 -0.13458097421327
0.169115678792619 -0.178050165601836 -0.552505525916697 0.508596077078967
-0.00934375374057669 -0.123115441679695 0.0368177207533448 0.631445608436753
-0.168405823686657 -0.0772262852280577 0.241164793149648 0.382107631322462
-0.184296101858266 -0.0465909517813732 0.0999660447987071 0.0246738302348958
-0.0909145920868541 0.0298335379559809 0.046955450288328 0.0418160498950425
-0.118880033760506 -0.0117937389673256 -0.173379673769501 -0.0206793341662311
-0.105028714027486 -0.0267835774530481 -0.313781287866585 -0.13314975221338
-0.0652674661090179 -0.0992319532520577 -0.130867530964627 -0.460702974358365
0.0606579051080863 -0.157837668761 0.331520404637866 -0.681308071512994
0.178479411115184 -0.046378959479975 0.769076748991024 -0.328575299869112
0.178402060212451 0.0987898585379935 0.606093505193672 0.264375642504343
0.0849149077374257 0.184296940343639 0.209646431749136 0.246268786474722
0.0669486711703723 0.211848221986922 -0.0446393544796612 -0.195122999499643
0.115914148178899 0.168168349802298 -0.377769384370247 -0.557981715657549
0.179764627557955 0.0176714898798139 -0.82515325858085 -0.281438736613216
0.129131063606537 -0.126311272090253 -0.652957596606087 0.41811319785439
-0.00511567282191523 -0.1079617433457 -0.0407843338785686 0.672369241861945
-0.124236105457102 -0.0743947200604699 0.229254899854338 0.454551222071222
-0.143060105650884 -0.0409447282927158 0.13538599484141 0.0619485245505332
-0.0324951808473058 0.0272007036474754 0.0703847226775993 0.0534901687950175
-0.0419529433131172 -0.0161269570503065 -0.159422933578149 -0.0159315804461338
-0.0590854566978522 -0.0339142532576006 -0.313998844758152 -0.103629269980282
-0.06789376442239 -0.0603075048071141 -0.157274800373986 -0.43150021510245
0.00838478499955781 -0.0828162482041991 0.302350407447242 -0.681420253634423
0.083412596136069 -0.00768141962065896 0.776191122628559 -0.359575465922308
0.0797397545705911 0.0549547285809944 0.654954691507615 0.268925894234084
0.0345860692743937 0.0774594655465795 0.23979572378428 0.299696917078433
0.025754568651007 0.0848116888453737 -0.0214118519100607 -0.135092537512957
0.0403535760330401 0.0755821835818166 -0.330543858739322 -0.537386490561327
0.076128005789057 0.0117687245012089 -0.804750816669151 -0.32042563789848
0.0416174092124927 -0.06809574605302 -0.681246665093723 0.387121325085932
-0.0284004001059277 -0.0638277546589109 -0.0661997200825702 0.689801037719779
-0.0785234046446215 -0.0477731918023169 0.226040278374361 0.485678952861944
-0.0830739100090483 -0.0264980869940706 0.154723642425486 0.0801453391788743
0.0306474575126855 0.0244873512395529 0.0804530716008738 0.0630464029697956
0.0406857546810552 -0.0181777813487776 -0.150208006375029 -0.0222476182700956
-0.00056266633284752 -0.0393075091984003 -0.304887333169331 -0.121566507128841
-0.0563048332369305 -0.0229365308018779 -0.143991884729546 -0.446826721929167
-0.0381206873389807 -0.00448442883958394 0.32469706687122 -0.659988046234093
-0.0192303579140652 0.0359148349021114 0.790792816899401 -0.312342225354415
-0.0330052364076345 0.00624401670869942 0.651828418494948 0.300882172742073
-0.021069718099935 -0.0406453810622142 0.242286365838454 0.304543150455196
-0.0130451523194869 -0.0536036059604156 -0.0211905142177187 -0.129473001569824
-0.0346220629619223 -0.0297607160847551 -0.3492017976774 -0.504656926916942
-0.0385871485975464 -0.003002879823911 -0.800955112386673 -0.255519341055417
-0.0651827595987619 -0.00261309027975409 -0.633890603982385 0.434490831144456
-0.0585575950746061 -0.00534349019842029 -0.0296254881610135 0.69210865589595
-0.0286986350917211 -0.0108359900026305 0.23187222107024 0.472515791774295
-0.0126844290317542 -0.00659930504941434 0.155250954827877 0.07423685841784
0.0901421944924597 0.025307830306756 0.0741135466675734 0.0689961104843296
0.112746283040746 -0.0127995855962462 -0.148033369120071 -0.0418925057845893
0.0462473879787048 -0.0295206288709225 -0.288041765767339 -0.184277148915843
-0.0544092851104974 0.0282980007753866 -0.0921582147219355 -0.49409697475355
-0.0918382267245062 0.0633378521683316 0.40292794569434 -0.6135524297274
-0.123229715025938 0.0536917607166243 0.807681306444937 -0.196720812529759
-0.13352323087899 -0.060864522723543 0.603377145479089 0.350238375072194
-0.0736664781511877 -0.151738483968458 0.214524160316832 0.258111090584612
-0.0663706821841973 -0.162429703105328 -0.0494969175812316 -0.174339652480972
-0.124075372348202 -0.0936007769637163 -0.430167664293407 -0.447628647248581
-0.148285188420801 0.0171455381324136 -0.798830472962298 -0.0860605552501352
-0.151165254317819 0.0758266065185064 -0.507524577847802 0.541523023982601
-0.0677677663835984 0.0496370789608908 0.0579785954449504 0.66669507240538
0.0321078271088045 0.0221106619286231 0.245576089499339 0.407526795857474
0.0582018049386733 0.0105025634178898 0.136648162300646 0.044254326766553
0.136619949921419 0.0335266961863279 0.0513598080635761 0.0676797905551435
0.156447384202076 0.00323963796790463 -0.151103918549976 -0.0805924794956015
0.0626690973911341 0.00160990441700714 -0.259347855466636 -0.282792963698195
-0.0780377019424987 0.089316085717031 -0.00100400674834175 -0.544024120841393
-0.157089540311852 0.103515851469518 0.51516350910869 -0.516983534175672
-0.214460220149473 0.0263907237401798 0.802899062338705 -0.0250773738638321
-0.197321188004179 -0.146393848677226 0.511103656525099 0.393926292572321
-0.115532323514519 -0.238536688371304 0.164466100606013 0.168039579616066
-0.135374809785919 -0.215551278481119 -0.118015055476059 -0.241200742368344
-0.216522014855628 -0.0901045833642987 -0.544066110146612 -0.344791338466306
-0.22575323019591 0.080730406472951 -0.760136861159759 0.1447807308106
-0.18303268688447 0.149699903093753 -0.328899222744615 0.642737109275932
-0.0375185791344145 0.0819286123403855 0.158701059405436 0.597589083135744
0.0984411685914323 0.0385884991250324 0.25336156018822 0.306907613896267
0.118471788420514 0.0177416322148507 0.101506526725994 -0.000392981463290451
0.163324877333673 0.0468855844379647 0.0155679427088286 0.0519800314317878
0.164169735678635 0.0273843154702647 -0.160721126926402 -0.145755273398358
0.0462188492207207 0.0458126397590049 -0.214875589748302 -0.401257164694041
-0.1227855412598 0.138793490597717 0.130439675791634 -0.565275968438015
-0.217592752248853 0.0947809067665067 0.631853541058625 -0.355447307457381
-0.265570359994008 -0.0475135829565555 0.753720116911965 0.166411495339619
-0.209072058366009 -0.230710156785148 0.393468845656748 0.403994421818875
-0.139760398259155 -0.286903716615807 0.0987398912238274 0.0489999937169417
-0.197253727782472 -0.209851774552195 -0.224626076364588 -0.296027022301137
-0.277190912033876 -0.0350947126099355 -0.654012417316987 -0.186919419103743
-0.247125311818895 0.14941342202069 -0.670486861074841 0.384364203894671
-0.155314406361148 0.184033680141969 -0.1421646141701 0.685233527064454
0.0210167430378675 0.0826729205186651 0.2376818237394 0.480097301182752
0.156097487890096 0.0374573892307244 0.247281132032867 0.19157119769197
0.157871910547009 0.0158826733102396 0.0575670489774813 -0.0467633068363241
-0.155748243854554 0.0198250287214589 -0.0215412835519156 0.0125357245192192
-0.194742225471328 -0.0159701374617715 -0.214615649442352 -0.0952971816513621
-0.100797104792945 -0.0562837405314755 -0.288585934129078 -0.3372260725938
0.0244706845038853 -0.205085102841485 0.0256010493204711 -0.595983158257063
0.194720329998504 -0.240287654988295 0.520459931472296 -0.572095874798228
0.306169828678352 -0.0170360654880112 0.744261358991284 -0.0696880531689782
0.256625137167806 0.207590595067716 0.411415294913617 0.289352864396082
0.143951616647221 0.306834593887576 0.0876772105626035 0.0280379937822112
0.18864443712394 0.303034341916057 -0.208376132627123 -0.385776902775083
0.267994053094985 0.151271085878653 -0.641590677040192 -0.450413986633926
0.278652162069845 -0.0936134055862948 -0.838764341740693 0.0955239738087756
0.150824035973096 -0.20696705276157 -0.388603866114093 0.611993031417187
-0.0418557442682246 -0.104771937183154 0.13949540901521 0.558745317945178
-0.205476472357353 -0.0578122733205083 0.255041519191403 0.282632703403161
-0.202292385429668 -0.037601984355441 0.0564051984757613 -0.0205924109245355
-0.133344685894276 0.0267073218456922 0.0164592365559585 0.0304416423765288
-0.174457005388088 -0.00953482770213615 -0.194534495795306 -0.0429451490887578
-0.123102554739329 -0.0317977729902129 -0.309672649399635 -0.213041067521973
-0.0339419212290769 -0.149911883496349 -0.0736878308177249 -0.527653850480773
0.125183645919859 -0.218557425517232 0.407936073098837 -0.660192506749031
0.260094682049392 -0.0564548333098897 0.765298988965981 -0.231352181460784
0.244401460024201 0.14988656648011 0.525398096755798 0.276071081153443
0.125701138047866 0.265524403933056 0.156217370872437 0.151420811672922
0.127119090743882 0.292906989732558 -0.107020047300494 -0.292981080265689
0.202423842478298 0.19882937404663 -0.497501492476885 -0.541509402652256
0.25787981701136 -0.0206092341717932 -0.862633962915412 -0.130878500158699
0.169427166897608 -0.181018050503374 -0.551860644214721 0.516108836158418
-0.0107040652146607 -0.124543564253315 0.0428076432063613 0.636479929457574
-0.170434602890471 -0.0763672118767091 0.246134339149403 0.384194441086534
-0.18573642096238 -0.0450060607420742 0.10120575318013 0.0240690753716354
-0.0908353253993208 0.0300922839039326 0.0474944721118994 0.0423503465883838
-0.12026978861246 -0.0109498788475494 -0.175316828447073 -0.0210344225790436
-0.106132946255547 -0.0266872295054722 -0.318134925551628 -0.133677961904721
-0.0666997726503949 -0.0986483171448335 -0.135654139871796 -0.462321773075788
0.0595260284128077 -0.158820738632093 0.32870101326257 -0.687256034862715
0.179991774425921 -0.0478820566224615 0.771316693586751 -0.336432839487493
0.179988257401031 0.0985469410138129 0.611576055262724 0.262500631030144
0.0865041711499588 0.184502683244358 0.211783912660011 0.246609595300448
0.0693860708421657 0.21230606210945 -0.0470638762986039 -0.195292383735761
0.117197594808664 0.168874257814328 -0.383481538501072 -0.559149955900484
0.18101532513649 0.0174790090305737 -0.833281336094919 -0.277997902911734
0.128873518867003 -0.128599104941235 -0.654944775487311 0.424192573181602
-0.00600191801563654 -0.108294558646999 -0.0343277973719164 0.67705163079641
-0.126015852455369 -0.073464974838647 0.23550140619548 0.457103659172864
-0.144864050749068 -0.0400941553630723 0.137795129122649 0.0613678377590184
-0.0320667268077698 0.0274607365668978 0.0710247491644277 0.0544745845333467
-0.0430287076524416 -0.0156137449025655 -0.160458103506557 -0.0157117274760788
-0.0597152619078905 -0.0341985927495437 -0.317036367876426 -0.1034301827021
-0.0684818055100433 -0.0598568888373241 -0.16211769107584 -0.433408181860637
0.00747874824603439 -0.0831783925815504 0.299323452216043 -0.68572689698414
0.0843814347110038 -0.00863830329947773 0.777742580990849 -0.367407054791369
0.0799943955785753 0.0542633572304376 0.660691506232787 0.268125747642462
0.0354926344614403 0.0777682093702634 0.242653660032444 0.301037874637961
0.0271761000848661 0.0842625880566332 -0.0225582798514923 -0.135092320445673
0.0413740144895901 0.0763252775641625 -0.335894737016745 -0.538705504090523
0.0754885701402087 0.0112434887094572 -0.813241424477213 -0.31829669826574
0.0416329637486883 -0.069678577381143 -0.682567871534671 0.394062287393829
-0.0286264092122718 -0.0643049513589072 -0.0631621741722821 0.695710050216922
-0.080051996215721 -0.0479642841506413 0.231345478728738 0.487966375627134
-0.0839572311140249 -0.0256601849368528 0.157794550080659 0.0796675572708813
0.031323570226022 0.0240878283702721 0.0814130591354497 0.0634276167050316
0.0407086971773385 -0.018401221558997 -0.151412475421851 -0.0227424930118719
-0.000686469418992021 -0.0396347743161427 -0.309494956625311 -0.121409428554622
-0.0573105443713277 -0.0219587302622921 -0.149226186067053 -0.447411823021638
-0.038271008474345 -0.00440494606564104 0.32307103858189 -0.665721045999739
-0.0184295014633425 0.036319070454815 0.794240136244879 -0.321291457776377
-0.0338425595902084 0.00578725086154524 0.659445494125241 0.298605744929466
-0.0213287061089053 -0.0413171034886105 0.245001082684599 0.304806816353039
-0.0124359757352965 -0.055169931155712 -0.0220941215510369 -0.12970358719817
-0.0351879143299247 -0.029740698931716 -0.353734983144445 -0.504684516570337
-0.0398140835574623 -0.00265418009472487 -0.807694714356129 -0.252638915588582
-0.0655991406672882 -0.00219936048652066 -0.634951326392179 0.442011174428425
-0.0598293528341989 -0.00500945799257707 -0.0251072009409807 0.698318647093011
-0.0288160510136625 -0.0104500261566688 0.23859061119132 0.473193325148875
-0.0130407338112357 -0.00582209316947326 0.157243461422328 0.0737043724657808
0.091153294015699 0.0249937066705207 0.0749419737146221 0.070278828092742
0.112941715477732 -0.0133468444236132 -0.149232327715912 -0.0416632742340508
0.0460828855407764 -0.0302814769499635 -0.291187466174999 -0.183942832736813
-0.0550527339984352 0.0289575957654329 -0.0980458732729085 -0.496336018680942
-0.0922664932737371 0.0648380372097251 0.401420098105036 -0.619485528400856
-0.12357485234252 0.0559218835619915 0.810047497383907 -0.203187717912681
-0.135212538558625 -0.060872465990495 0.609787597297736 0.349516727010201
-0.0748164570418014 -0.152619074872281 0.217277961604108 0.259340858070804
-0.0668976064769121 -0.163619424303182 -0.0511885223236095 -0.175142271739431
-0.125433795356596 -0.0936471184184632 -0.434192513130105 -0.448460314993158
-0.149644689774301 0.0182861509351452 -0.804602270598612 -0.0837725835595027
-0.151853154209508 0.0770497463236618 -0.507594958324838 0.548932776948674
-0.0673456924325953 0.0502437203268456 0.0615264081173615 0.671436633165518
0.0321984381260258 0.022642685798462 0.250166957209982 0.408747267047635
0.0588192729745699 0.0104909560258981 0.137866142813108 0.0439179577606125
0.138222554955194 0.032894768887759 0.0522102815057792 0.0677647747585867
0.157562138867616 0.00139182793082401 -0.153134834265051 -0.0808254488548995
0.0630575464396322 0.0010393331550137 -0.263255877137912 -0.28378268095395
-0.0775625152757934 0.0910771214710787 -0.00521014227480937 -0.547451010189753
-0.158347201562644 0.105698471048763 0.512794289325448 -0.521515131401757
-0.215554727557291 0.0281427150048022 0.805026347737252 -0.030052483625255
-0.199868378788146 -0.146744225460183 0.51723438284892 0.393446694972938
-0.117485897496799 -0.23986674449064 0.166168513752088 0.168739735567669
-0.136791751439686 -0.216559771196488 -0.120020930235795 -0.241317809982144
-0.218281533200794 -0.0895919830713678 -0.550469759990767 -0.343927001117639
-0.22705283617758 0.0827399561947343 -0.766058147320039 0.152627698027955
-0.182956686659732 0.151057247938699 -0.32543735589907 0.648536380936712
-0.0372646447219095 0.0822497988862042 0.16476794774275 0.601894203853729
0.0992310772534087 0.037370073061781 0.256773979426928 0.307940834739629
0.119383634850921 0.0177951671177525 0.102363586001946 -0.000624458852199367
0.164891099581381 0.0459150954176337 0.0161550634337241 0.053320980553501
0.165355959863481 0.0269777418171269 -0.163021122372732 -0.146228257610686
0.046679743485086 0.0461153898714842 -0.219961287407696 -0.402376500720741
-0.122477627407863 0.141380391567897 0.12750874434863 -0.567418380032802
-0.21932852759249 0.0968701213954885 0.633179394600047 -0.363325726812666
-0.26788095435084 -0.0453385369486478 0.759205361825086 0.165457639665865
-0.212487154054457 -0.231655971698986 0.399758659939773 0.404130752870111
-0.142468726821426 -0.287771061583684 0.100118946019459 0.048817113418312
-0.198875059708704 -0.210135865785316 -0.227432255165264 -0.295553026900152
-0.279934207617122 -0.0344434063178529 -0.659151608285399 -0.186169179449564
-0.247711443725776 0.151792973082363 -0.672541109098144 0.389227109527298
-0.154498855230512 0.186870645247995 -0.13665136674286 0.689586496526548
0.022173271514507 0.0824816646189793 0.243204971290712 0.483820225566
0.157022582892833 0.037831885664013 0.251398906754846 0.19194029931876
0.15833580389873 0.0155732560384053 0.0581189568679613 -0.0470701808308231
-0.156534169664557 0.0199660937893262 -0.0226255144560293 0.0130916395332188
-0.196817664100381 -0.0147554319027328 -0.217742612763319 -0.0951954091117586
-0.102507593964837 -0.0561826465918815 -0.294592940515992 -0.33824146917445
0.0238732911255217 -0.206957132198788 0.019647912865859 -0.599869946735476
0.194150440666448 -0.242710498466022 0.519396905975724 -0.578502724380403
0.30902158046779 -0.0187344597612882 0.747188674347808 -0.078109874868022
0.259912931959971 0.206789732613976 0.416716960286973 0.286855601823975
0.146812660087806 0.308100118525233 0.0878963578916594 0.0279533567007001
0.192810892728853 0.303160996190882 -0.213436948687523 -0.386441218351388
0.272018288188136 0.150143585990891 -0.648354918597315 -0.447648996002197
0.279894243177213 -0.0963019565022454 -0.848224452723687 0.10007474294858
0.14972158383325 -0.209095738332298 -0.384650377854423 0.619198122731656
-0.0437447750684764 -0.104426083043911 0.145387906275733 0.559980817298576
-0.207959264861976 -0.0560578201482732 0.259727180047276 0.28208296504884
-0.203358241653645 -0.0360359161679706 0.0568996042225489 -0.0214339940159941
-0.13384584749459 0.0275830939223242 0.0162210151290762 0.0314002914043704
-0.177233671659344 -0.00793503089603469 -0.195914186189271 -0.0427322601322531
-0.12444562291235 -0.0314578243224319 -0.314334493551908 -0.211574539828161
-0.0358837902021215 -0.150677352492736 -0.0786542942311802 -0.530405442704104
0.123514077507983 -0.22148602300782 0.404000624084678 -0.666578382143884
0.26152631874273 -0.0588640058774619 0.768198019978199 -0.238943612093968
0.24644275509895 0.147813684191545 0.529511468862313 0.274656207477394
0.127958423896389 0.265210326859328 0.159497346887735 0.151414036188402
0.12966097420128 0.292682260895747 -0.110244657748292 -0.292755782272286
0.204946541916346 0.199052189288969 -0.505590083780052 -0.540610444379515
0.259782185875802 -0.0234245199449678 -0.868583930370803 -0.125314138944039
0.16826010552318 -0.184250235843006 -0.551868152160687 0.523744342544514
-0.0119832539338086 -0.125498176937454 0.0480665642994072 0.639189615443802
-0.172801959538253 -0.0751214488319534 0.252610263100624 0.384714134465638
-0.18763686005038 -0.0434131715182225 0.102436858789049 0.0233644482301344
-0.0912626530596457 0.0304193013818482 0.0477346738284994 0.0419390681417548
-0.121539619385611 -0.0107274398039373 -0.177005028756925 -0.0208566217323473
-0.107444751322969 -0.0264883485635372 -0.322443182876854 -0.132118050824925
-0.0678105036868885 -0.0992139049210511 -0.14067616884037 -0.464466283932415
0.0583888515879592 -0.160129939632141 0.324915878148113 -0.693788137592292
0.18140574486062 -0.0489927372702196 0.771705991077191 -0.345261468567728
0.181940605415811 0.0973661278541036 0.61702252165992 0.259227667120382
0.0887877406912389 0.184761799844537 0.215384925464115 0.246579624533448
0.0720506742282145 0.21286444547972 -0.0486902749822068 -0.195551882825421
0.119706948848706 0.169858378626609 -0.391713755858294 -0.560122716860007
0.181875763548489 0.0162387395836461 -0.843176582092009 -0.273994129711841
0.129739883886038 -0.131005544189537 -0.656779898147159 0.433136963711501
-0.00735917248487158 -0.109299410856836 -0.0287097124900241 0.683210997601486
-0.127560166154628 -0.0726526760857066 0.241215219988482 0.457077727707447
-0.145610689327502 -0.0386680054875817 0.139519339535442 0.0607329877660608
-0.0317812488580004 0.0268774184530475 0.0719750257440417 0.0540247340509181
-0.0438823225324178 -0.0157429210318041 -0.162362083440975 -0.0158840606095791
-0.0599798795233155 -0.0345155663372974 -0.321530597118596 -0.101667480494431
-0.069641367605544 -0.0595039601910485 -0.167325319052964 -0.433947343009181
0.00634113423541451 -0.083680049080708 0.294623524776594 -0.692111614094686
0.085810063685338 -0.00872965730086084 0.780259211599049 -0.374741349511594
0.0807390033521427 0.0535056924364559 0.667331626551728 0.263786941662516
0.0363429963265319 0.0768814386674406 0.245828476863377 0.301755804584521
0.0282843424549909 0.0838227287729321 -0.0237771629189697 -0.135315959193676
0.0421174157364961 0.0762015211373821 -0.341284043378268 -0.540304244111338
0.0769052119084026 0.0114908835710235 -0.820805573340151 -0.31459609535787
0.0408922795792439 -0.0706688815988139 -0.684406321264501 0.402887100501488
-0.0297930205091129 -0.0645909544967951 -0.0559198429494554 0.701087081781775
-0.0813493174261532 -0.0470672765012494 0.237867108870734 0.488706608863811
-0.0843609211751392 -0.0243004044710826 0.16005895653266 0.0792904660564355
0.0326232889121048 0.0236611245721794 0.0822034015782714 0.0641688256110116
0.0405776936441119 -0.019089191166908 -0.152909682353419 -0.0222975148187219
-0.00130693582249673 -0.0402114571085685 -0.312927789932468 -0.119766190196499
-0.0572746104739941 -0.0218041560517531 -0.154427304847241 -0.449350277268933
-0.0395167720889877 -0.00431925270681527 0.318658663230846 -0.671802734742139
-0.0179517337939589 0.0372723554299715 0.79662788420528 -0.330195749302457
-0.0343078352303329 0.00603295268194402 0.666730928247238 0.295132150503563
-0.0209938762746209 -0.0424183007727447 0.248631535500404 0.305251781578168
-0.0126220229198123 -0.0549722001794368 -0.0231220487313958 -0.130152383055259
-0.0352911405277305 -0.0294579189583179 -0.360814630886678 -0.506392373453029
-0.0400791845628157 -0.00252452729403331 -0.816279746896226 -0.247244724403581
-0.0663861801349989 -0.00064839406649847 -0.637609362969339 0.449284539189948
-0.0590147778485464 -0.00584427800998522 -0.0191567343432914 0.703270221452565
-0.0293003362728837 -0.0100965015532704 0.244142006085071 0.475156871395998
-0.0133753457279275 -0.00434847849994827 0.160055035404681 0.0734475732359213
0.0919057689017083 0.0243718877751024 0.0753462850848481 0.069740714197281
0.113084566986929 -0.0149030187946567 -0.150923243234448 -0.0420847400319811
0.0463044700834576 -0.0312962063228796 -0.295760345610475 -0.18331232033315
-0.0546957985965031 0.0294596257544002 -0.102692161295428 -0.496827932540722
-0.0927177276058836 0.0658988223617714 0.396401535605391 -0.625626430606492
-0.123282062691828 0.0580743018565975 0.814235750747753 -0.212914731050628
-0.136590064268271 -0.060242350039058 0.617737971228173 0.347137878392432
-0.0761408348285764 -0.152991450633758 0.221147735679588 0.258374159503548
-0.068211841567263 -0.164856352729933 -0.0523345669341964 -0.174900848686744
-0.126700188847429 -0.0932309177442114 -0.441426904329545 -0.44847432675225
-0.150736329231287 0.020172565090758 -0.811932906120074 -0.0773192971498354
-0.152140993125933 0.0796129894297574 -0.506235683276657 0.558024299368397
-0.0673149492586377 0.050407165323739 0.0692984272585633 0.677032965951654
0.0328396122753979 0.0220929887241216 0.256275812971195 0.410566009548084
0.0587264191537106 0.0110995984813859 0.139774117142373 0.0433327747177936
0.13941759904999 0.0319056475982493 0.0527677747740169 0.0678511569855139
0.158039761150667 0.000253439118770672 -0.154734689710231 -0.0812987442567487
0.0639627840539169 0.000386882270975678 -0.268858050186973 -0.283778317902205
-0.0774132628206982 0.0929333519611339 -0.010151988936385 -0.549861917704037
-0.158378003656548 0.107652824724549 0.512001864545241 -0.528948470879586
-0.216955189062308 0.0306262060332674 0.810059955942741 -0.0387227108095861
-0.202438383660212 -0.146419633823675 0.522911299783204 0.391794002361158
-0.119933888200767 -0.240661386790744 0.1682510512818 0.16824251952133
-0.1382183288881 -0.217208288095522 -0.122156626610019 -0.24152629495749
-0.220231596383 -0.0886026881666279 -0.556060033608365 -0.341191868729272
-0.227882521788395 0.0849830997168045 -0.769393402662425 0.157980919375663
-0.183344585416097 0.154011130395494 -0.322395850265961 0.656587738207806
-0.0363305484469469 0.082502352827079 0.17155415801862 0.605570110504252
0.100930961919412 0.0380018703632685 0.262317882341425 0.308583290053844
0.119986560826242 0.017639472030522 0.104012464482343 -0.00187747943040575
0.166955156096863 0.0451020272794521 0.0160547175165416 0.053441859501274
0.166732699114841 0.0253131105437234 -0.166338993721893 -0.14639826473536
0.0474153018353954 0.0449502828877686 -0.224706289128056 -0.403936690526966
-0.12155572490501 0.143522166564685 0.122607954489374 -0.573101704582403
-0.220385232917351 0.0998890169698155 0.635190477455667 -0.368023989895906
-0.270101633500963 -0.0434464397986938 0.765680104231181 0.158611416158881
-0.215925938851032 -0.232015843545925 0.406887564796448 0.404221534958696
-0.145242447456329 -0.289153117895072 0.100695057681798 0.0489656871829632
-0.20124218915645 -0.210106450258625 -0.23176390178265 -0.295435664892762
-0.281498016856029 -0.0321042829066344 -0.665441721732404 -0.181314233555388
-0.248578636410038 0.15603539561146 -0.671839392466003 0.397914893454511
-0.154782962469428 0.189405604150317 -0.131640843595737 0.696180903355906
0.0235464359921959 0.08229878443001 0.251348495029999 0.484086208890324
0.158498343431178 0.036056286071899 0.255695095249642 0.192523675371501
0.158929670316494 0.0153548086203889 0.0585561677513679 -0.0479828405304339
-0.157118762315374 0.0210260162817339 -0.0223527949842875 0.013120928802441
-0.199627775383282 -0.0119623993643082 -0.220143735145276 -0.0940468763067432
-0.104499866685533 -0.0558180501432146 -0.30184282143592 -0.336971978388489
0.0206338633350585 -0.208410852903869 0.0138681029275818 -0.604317953516961
0.192289097923334 -0.246977376942183 0.516524406946766 -0.589009732758893
0.310478860267168 -0.0217095949698112 0.751450295892102 -0.0842399046229729
0.263140009968081 0.2054085088171 0.421392218157811 0.283801596245832
0.149758374522821 0.307840507354064 0.0879383353010717 0.0270839939638581
0.196375491835653 0.301875863490465 -0.217732037243125 -0.385932240836087
0.274963474367215 0.148715501197314 -0.656717629885037 -0.444962486751884
0.28051987496561 -0.0989718481584876 -0.851926398092907 0.109868497422082
0.14878868621277 -0.212353799089319 -0.38315034667166 0.627669893949345
-0.0451586250712062 -0.10598621984379 0.153316624876996 0.561143050642574
-0.209497530805543 -0.0531350462048354 0.264643259900172 0.280824270604035
-0.204514561027134 -0.0343497647113922 0.0566595340711976 -0.0222284045629949
-0.134244390899933 0.0287275349646896 0.0157976606786533 0.0315168969854188
-0.179079875317112 -0.00654630922402466 -0.198618343274533 -0.0426628758106131
-0.126610349949252 -0.030723921913492 -0.31950589637006 -0.210193686025458
-0.0379874181088386 -0.151294988793163 -0.0837688664341757 -0.531919600557512
0.122569432948697 -0.222612397162162 0.399132555904738 -0.674662108417345
0.263630236097442 -0.0610135977665088 0.768604434501026 -0.248738980918524
0.249656806534245 0.14623174741255 0.536531707218682 0.269863195592085
0.131014065755505 0.265910510330174 0.16141884187867 0.150795167032143
0.133905226939926 0.292370447776138 -0.113322883551012 -0.293514349955933
0.208814743409023 0.198442683951817 -0.512157472048919 -0.542253779469928
0.26026394200629 -0.0249831651041085 -0.875499117246788 -0.117773882534571
0.167769407020234 -0.188127062826951 -0.552618862916736 0.533088619222154
-0.0139743451725402 -0.125885057973076 0.0568044785748216 0.643615069713497
-0.174596311544186 -0.0737340883069952 0.258618297639759 0.383596680718046
-0.187761409612853 -0.0425041981230842 0.103040925100204 0.0228337927057385
-0.0913728277172894 0.0311609891327307 0.0479555771144933 0.0430121876853813
-0.123840426840823 -0.00940047406292208 -0.178649536489421 -0.0202199248122171
-0.108929001649494 -0.0258015643119089 -0.326132980433219 -0.130587370670783
-0.0689545338177772 -0.0986855781626908 -0.146875830381835 -0.466266209910447
0.056601279427241 -0.16130934896774 0.319397030365215 -0.701672795869573
0.182424699745687 -0.0510943899051817 0.77327108126402 -0.354501926782331
0.183345676835209 0.0959371209211495 0.622949728338989 0.25703727528018
0.0906735805132805 0.184273576989499 0.218569481117009 0.246028906546645
0.0743047885314933 0.212424666097785 -0.0512716670344662 -0.195388271151603
0.122030823002816 0.170337866784909 -0.398572745986126 -0.560841191775037
0.182923669421892 0.0141111772736658 -0.850757324984143 -0.267330544379006
0.128788327839801 -0.132698632922093 -0.657302326215358 0.443587750477765
-0.00886720969024575 -0.110426611911332 -0.0212540534967007 0.688405361882823
-0.129336086547269 -0.0716432790367471 0.248265329215187 0.457892134186282
-0.1468138782647 -0.0372664292033114 0.141379364902436 0.0603218458264839
-0.0317401826596656 0.0275112332026706 0.0720521219005481 0.0540085887495244
-0.0444967045626491 -0.0156135367051321 -0.163167995748655 -0.0156838226013504
-0.0612964115413353 -0.0342823971931936 -0.32503870807192 -0.100343596944407
-0.0703147373200085 -0.0587924719577811 -0.173189657857232 -0.434698302770181
0.00586430582994717 -0.0840396226559533 0.288831679327322 -0.700961071286455
0.0862733122539973 -0.00931109153856884 0.779283105767607 -0.388426535690822
0.0812210633567701 0.0534673763792984 0.673893817344885 0.259983183296267
0.0375223214401933 0.0764194017320924 0.250073714801911 0.300815760476806
0.0297002616901194 0.0836460630560332 -0.0249147553322768 -0.135391257487301
0.0435332583473866 0.0762636568273679 -0.348939737119133 -0.540765579775708
0.0772445540240954 0.0105253262665513 -0.830557260524723 -0.310593094767829
0.0404622576586465 -0.0704511496721072 -0.685128638925193 0.413375007296251
-0.0305653658214363 -0.0650160147507765 -0.0484820269485058 0.705786516759835
-0.0819577054728556 -0.046247159536311 0.246569326832138 0.491089616973195
-0.0849913480647906 -0.0233806787184176 0.162078735879495 0.0780988849062982
0.0327606981260423 0.0233385938663024 0.0824853885516128 0.0633133459912398
0.0401607486187041 -0.0206229666628404 -0.154355933262701 -0.022346174393526
-0.00159802294141131 -0.0413434368259799 -0.317531292855543 -0.119044880208569
-0.0586341180530332 -0.0209187820348589 -0.161292999072889 -0.449289081258151
-0.0399931273619723 -0.00340743463230666 0.313875476978751 -0.678813371754746
-0.0179553925227078 0.0382580837030534 0.7966744055948 -0.341490505153755
-0.0346997768606229 0.00594196734145832 0.673728433898462 0.291537463392501
-0.0220194497293627 -0.0426602379990227 0.253028366573079 0.30496887194625
-0.0126379902122841 -0.0562235954181367 -0.0245395414777311 -0.129752582098442
-0.0363064985129519 -0.0297334822166696 -0.366935295709047 -0.506330551048205
-0.0404829354976869 -0.00180186658166024 -0.825135190061122 -0.240758683219902
-0.0669698788993909 -0.000549417109340068 -0.634095768109907 0.458829353385923
-0.0604183935434526 -0.00493632840297539 -0.0125299679002476 0.707980927421434
-0.0293116641617109 -0.00974607289367839 0.251281905138384 0.475492046658974
-0.0130495197041388 -0.00487527974027795 0.162528012734633 0.0730247615590286
0.093732117812208 0.0231660958091376 0.0765765559857506 0.0702331258419956
0.113570945038456 -0.0158001024358255 -0.152287025618717 -0.0413540163980519
0.0467487602984046 -0.0332894819034716 -0.299921334874231 -0.182831199477188
-0.0541943601612549 0.030745907076323 -0.109227192995014 -0.499354582390215
-0.0929648412965706 0.0672551775587296 0.393289620561721 -0.63301321064296
-0.12323395137389 0.0597980721948919 0.816732250693134 -0.223287895805581
-0.137971054501675 -0.0597680770894825 0.625036051746638 0.343435742842646
-0.0777988091439755 -0.154694715270264 0.224691234102132 0.257803327404481
-0.0696461897369696 -0.165181473833978 -0.0547530234472098 -0.17429441781919
-0.128362486891146 -0.0931216043335899 -0.44934182079934 -0.446982449348521
-0.151008091723621 0.0218787039692964 -0.818370559524589 -0.0690624128372873
-0.153276815515138 0.0812857561131045 -0.502874256962738 0.566673772677621
-0.0668721702536931 0.0511031394488344 0.0770376536571786 0.681229735987173
0.0333716135801596 0.022164738251252 0.263276266275038 0.410444867321648
0.0583787702195742 0.0106475459810615 0.142152808657232 0.0424477370688697
0.14132698280203 0.0304496468448485 0.0544286460188223 0.0691207912033354
0.159313722140974 -0.00135226394087056 -0.157162258422141 -0.0807356891351272
0.0647935701899394 -0.000884434268691626 -0.274153881913767 -0.282928013826605
-0.0767248906001454 0.094614605974953 -0.0168310565687693 -0.552469782378267
-0.159037153571214 0.110741526960814 0.509158171380657 -0.538757308919675
-0.217406500189637 0.033068240903488 0.816579287205136 -0.0445483092121862
-0.205920206412327 -0.145858550449315 0.531265597859942 0.389383139241778
-0.121947412668799 -0.241307944328087 0.171418722082799 0.168794142922568
-0.140612340007998 -0.217576693064083 -0.125224718216882 -0.241235487203932
-0.223434835148877 -0.0868725129545766 -0.561779533851428 -0.339391942672149
-0.228760580811854 0.088431249441666 -0.772718099565704 0.166952407070076
-0.182112080819987 0.157936051499121 -0.317748434724414 0.663888552687812
-0.0356470997611966 0.0826689707144928 0.179309293037942 0.609459864648905
0.10201095774061 0.0368925609216648 0.268293729167797 0.308141156629375
0.120370563866018 0.0167865078533677 0.10512729815962 -0.00267928795747905
0.16904373338699 0.043745375272 0.0171934662868308 0.0546145183990791
0.167523365928196 0.0242703909540764 -0.168374466048057 -0.146099892351715
0.0486112888343756 0.0446697558719429 -0.231965481406826 -0.404380841972252
-0.121186793471446 0.145856458402989 0.116822829390375 -0.577536243946404
-0.22076937443357 0.102584242554046 0.633317629423267 -0.376839765872517
-0.272246237624688 -0.0410709004486103 0.769810207583137 0.152270631355741
-0.218940223551087 -0.230970751047516 0.414290102025112 0.402393769350655
-0.147925370716259 -0.290205719257587 0.101303742519453 0.0487120215866973
-0.204092405479847 -0.210646118162897 -0.235082618619635 -0.29476861588393
-0.283884126579374 -0.029241221649431 -0.671122509970635 -0.177063353051729
-0.248737717957426 0.158855966907903 -0.672496982005795 0.407478538417746
-0.153108642720333 0.192410076647704 -0.124645711363651 0.701234385021608
0.0250726912198751 0.0824537110827656 0.256709059140724 0.487154892225426
0.160036855902136 0.0357994861762396 0.259958959602 0.191128832606674
0.159758729653111 0.0144626017009177 0.0588845920503134 -0.0487305929605365
-0.157732338295826 0.023034724491956 -0.0227236800110695 0.0131261819513562
-0.202233758798192 -0.00953997052353258 -0.223532953081626 -0.0917915721743342
-0.105975728074109 -0.0546219310648806 -0.307996207180378 -0.334420019264273
0.0183253041018467 -0.209596295604194 0.00721691903713382 -0.606743079309843
0.190274851021489 -0.249173206428616 0.511117688261154 -0.598059664614566
0.313281775864406 -0.0255373226538191 0.755210808822654 -0.0945829911703587
0.267314212771715 0.203641125097408 0.425767871257579 0.281238496685812
0.154291401476201 0.306868102090248 0.088557118672983 0.0270104797027266
0.200358986085713 0.299872226582895 -0.222178411654553 -0.385204173827068
0.27828359635677 0.147196985287562 -0.665029735896946 -0.441260234627626
0.28180861889193 -0.103190019326441 -0.856226319736094 0.119576060001001
0.146128249482924 -0.217093460458548 -0.378721485656326 0.635393840906524
-0.0471582170505999 -0.105216510678886 0.163694366836116 0.563917587474791
-0.211881784621156 -0.051264591360935 0.270245491287378 0.280032589257594
-0.205317418119149 -0.0313930201357695 0.0570766921064835 -0.0220052190784623
-0.133756839798517 0.0301410284412406 0.0162382313875309 0.031732839353543
-0.180792248854722 -0.00342333697244939 -0.201334137030646 -0.0403640770433446
-0.127372659097434 -0.0298273749071986 -0.324826295127642 -0.207959497143081
-0.0400963190696116 -0.151471713697702 -0.0909763711430967 -0.534804362745333
0.120124827654672 -0.226386554936854 0.392286375505657 -0.681831295778832
0.264521035145142 -0.064849078255963 0.769664924106915 -0.25810504866406
0.251224410368892 0.144275955027878 0.542324701465053 0.263954057900988
0.133523564266771 0.264674291470078 0.163407828809711 0.149450393703617
0.137716332192168 0.291646378858555 -0.117137949072668 -0.29233496636175
0.212378308667125 0.197745929299577 -0.521123102187306 -0.538647883773168
0.261127514435149 -0.0286316063591173 -0.883071105238761 -0.107666108228904
0.166469041520153 -0.191101492043024 -0.548650087995866 0.543697246568116
-0.0161131665296082 -0.126891503737194 0.0668140362949846 0.645578786930349
-0.17696634359709 -0.0714305665257656 0.264983362455709 0.382311481709641
-0.189512263318262 -0.0392723767237085 0.104757686468681 0.0221175795348954
-0.0909057036894342 0.0317546551915042 0.048282813420987 0.0424552737436584
-0.125543213838649 -0.00753216824676942 -0.180513712684535 -0.0194563549635773
-0.109863386629581 -0.0247358865365551 -0.330152404484065 -0.127838695168984
-0.0706174141523241 -0.0981359328218194 -0.153238531703404 -0.46509410670042
0.0545364476366404 -0.162523127105022 0.311527057911011 -0.707514485191069
0.18284419064617 -0.0526746723246113 0.770007497496955 -0.366447276404123
0.185416260854514 0.0945165024040108 0.630434817289423 0.249907376177201
0.0930833933907202 0.183777528437344 0.220963788823267 0.244713524070484
0.0771517548373765 0.212094297791105 -0.0527190248174782 -0.195970858961371
0.124343023170081 0.169227181916537 -0.405936853464351 -0.559150470925456
0.183963158279591 0.0128531544630202 -0.857610445881212 -0.259049945863752
0.1273193339683 -0.135584424165272 -0.653826704109706 0.453882503030493
-0.0103667907991103 -0.110471369392658 -0.0144337991786413 0.690504396427634
-0.132089080060493 -0.0701722665640287 0.256075775374051 0.457587118151347
-0.147465186876228 -0.0345600143509915 0.143617383272681 0.0588799790083929
-0.0311536585202105 0.0272804414407842 0.0732345112691774 0.0538327812442459
-0.0460093505038275 -0.015441528657402 -0.164772811100576 -0.0154866657957651
-0.0621903937841251 -0.0343304644827869 -0.329738123530184 -0.0983791104305941
-0.0717888023509231 -0.0582137932778466 -0.18042464261487 -0.434667340251895
0.00412733235060068 -0.0845855888068789 0.28053203614476 -0.706429656140181
0.0872808426680135 -0.0105187738214086 0.77850410709964 -0.397716157864605
0.08176442326002 0.0523182685278635 0.679796551733169 0.253651384303002
0.038118927999275 0.0756206357126721 0.254207407401316 0.299010224149678
0.0308685279132431 0.0829811708711489 -0.0262919000972796 -0.134627895982951
0.0442877502019524 0.0764560514921124 -0.358351847293013 -0.53960650580662
0.0772590039638373 0.00956894194269876 -0.838587046761156 -0.299126261092807
0.0397085577295355 -0.0717566313897235 -0.683978469438111 0.424710895655149
-0.0318999486128252 -0.0653414699240333 -0.0394643930614984 0.710811921050207
-0.0831607327105318 -0.0448005366376911 0.253981857542591 0.489789167936041
-0.0856695020404925 -0.0220047546714532 0.165239683793539 0.0766310272392122
0.0337811483394979 0.0226660742843034 0.0835882089047706 0.0636757716779784
0.0394428762880969 -0.0201320320812207 -0.156123582382803 -0.0217365657748641
-0.00156174636493912 -0.041795908582316 -0.32146825388821 -0.116452558595967
-0.0586822307480142 -0.0202491938849788 -0.167817867570209 -0.449717164591535
-0.040961804082704 -0.00277440474817165 0.307069150606847 -0.685597614440873
-0.0169058701487379 0.0388873019547194 0.795234649989052 -0.351170763179029
-0.0350873148504202 0.00591837119399312 0.678632256591734 0.285549623648382
-0.0220859669651696 -0.0435776182523229 0.257532695258206 0.30376775908189
-0.0134694935655937 -0.0572236132416286 -0.0255950594745695 -0.129151478851161
-0.036501029680898 -0.0285710901189086 -0.373598586017636 -0.504603453673749
-0.0414132781401659 -0.00101066624150833 -0.830425296490313 -0.232241339723412
-0.0671349369486247 0.000707715855123539 -0.634250210101131 0.470173432789706
-0.0603054748389604 -0.00487418300477201 -0.00326461543201727 0.712537680926306
-0.029897881697651 -0.00959143625854381 0.259287982530977 0.47555363075453
-0.0133813529139097 -0.00335633976174316 0.165012826838596 0.0709455369899693
0.0941005416423477 0.0221078043344033 0.0778364689818577 0.0700720217641999
0.113869687259275 -0.0174600448156205 -0.153772585451683 -0.0411992942519348
0.0467215044774348 -0.0331980819316972 -0.304748490985164 -0.181095402156124
-0.0541057010773393 0.0323789464104235 -0.116571054882282 -0.499458840423981
-0.0930828369072623 0.069038734684468 0.385534964642547 -0.639788705766455
-0.123751272638094 0.0617509176933399 0.817200627147697 -0.233189075552876
-0.140182711519126 -0.0594525412876526 0.631556238268422 0.337963643367072
-0.0793632756845969 -0.154608431196448 0.228741154817804 0.256986090045386
-0.0709783916203189 -0.166187594303204 -0.0563811741570245 -0.174429436680437
-0.129824715880566 -0.0920854640237453 -0.455675397259532 -0.444308352861274
-0.151543016973979 0.0233601826632157 -0.823939326157636 -0.061934064953041
-0.151691329083294 0.084017901769213 -0.49909969651486 0.575595786091427
-0.0672607348812695 0.0519028484990061 0.0864599903836233 0.685385209186001
0.0340466771896803 0.0222148699666125 0.270320896877042 0.408581574532437
0.0589781474359953 0.0111822621063616 0.144431163627159 0.0408180171300015
0.142591455517412 0.0293308232297303 0.0547720763716035 0.0697145076766415
0.15950961254749 -0.00311431585916959 -0.158584752116433 -0.080568360998252
0.0653726942692882 -0.00276037091546505 -0.280009802445652 -0.281852166010363
-0.0753641233635742 0.096437145035644 -0.0240763422904611 -0.555525951824965
-0.159381280137658 0.113094119185722 0.504165147098392 -0.544487478560449
-0.217915587383242 0.0361343702755158 0.819038267626152 -0.0557974174917499
-0.207990453471838 -0.143744474125495 0.539651081147764 0.384826493958914
-0.12443329742275 -0.241743669318206 0.173729019371393 0.167580469442616
-0.142376373892427 -0.217555785907834 -0.12843115269875 -0.240325348944317
-0.224620270615215 -0.084353351552436 -0.569796731033183 -0.333400959135085
-0.22871943241645 0.0914001497781632 -0.774094474188263 0.17687850316036
-0.181086230233629 0.160148884202286 -0.311796826191562 0.670667285895626
-0.0336949943972926 0.0831334488914342 0.187165663404676 0.610397406615781
0.103334111985979 0.0366749191549814 0.274355738285618 0.306203689147725
0.12127525463313 0.0162581464916022 0.106157445276693 -0.00350066130089476
0.170848667160274 0.0419982654152725 0.016940637248544 0.0550697252565291
0.169000890960914 0.0221440662037285 -0.171170918225626 -0.145426102379744
0.0497982792415907 0.0436252555931249 -0.239132428222105 -0.4046119261534
-0.119430835166939 0.14872780998954 0.109192790842979 -0.579831650227024
-0.220796200910376 0.106571587430156 0.631255111357363 -0.383369232744375
-0.273901267030598 -0.0379285035625548 0.77737956272694 0.143851589535969
-0.223041602724327 -0.230302139076242 0.42096578726036 0.39945799990739
-0.150786389064391 -0.29074171127117 0.102893452723161 0.0479947775878004
-0.20626974779072 -0.209522489287469 -0.238609115420581 -0.292771954785516
-0.285539952118957 -0.0262579153816543 -0.676199437386346 -0.169243631052691
-0.248265458978463 0.162978466177548 -0.671121079589711 0.418184550357404
-0.151400044854632 0.195600496452469 -0.116078473066361 0.705402064326419
0.0267762376489248 0.0813422091026911 0.265946033803575 0.486081779358678
0.162516087491797 0.0337023986770037 0.264917975890776 0.1885816710136
0.159972076791002 0.0131383393941483 0.0584262331805792 -0.0500237794858399
-0.157673886831389 0.0239228203515965 -0.0236545826898058 0.0138238262270365
-0.203154433637033 -0.00709660262113006 -0.226464569688895 -0.0909346343540745
-0.108082441302587 -0.0534160675580701 -0.313917224665731 -0.332250966741385
0.0154712685980891 -0.210540499249387 -0.000996294895050221 -0.609018529201798
0.187500929338889 -0.251927889867262 0.506033533016756 -0.606133769603816
0.314028631460116 -0.0300652590329402 0.754629163752221 -0.103972783156535
0.27022345825994 0.200360860941772 0.431111789775265 0.276510561129793
0.157805406276376 0.3059485839912 0.088630869667995 0.0256623394434662
0.204645266712639 0.297703723211451 -0.227480106581951 -0.38302105041286
0.281236603661891 0.144263790941667 -0.672766623113245 -0.434355698300829
0.280662411859109 -0.107313957552228 -0.855918838702581 0.131292667870358
0.14351585427361 -0.220139027482427 -0.368402368519497 0.643670124732434
-0.048921851217731 -0.105484512459166 0.171216774738919 0.563998087796936
-0.214021540478269 -0.0485510510459735 0.275765280873797 0.27764310021128
-0.205947957017432 -0.0297683283255738 0.0577705345198828 -0.0229347684404262
-0.134053940525105 0.0310437659119638 0.0161526698788544 0.0310083026774922
-0.182496495220076 -0.00163088256107121 -0.202826846587221 -0.0389089721072643
-0.12870747290147 -0.0277757893470265 -0.330097469179793 -0.204700639209819
-0.04219876699094 -0.151053656333896 -0.0998502330774311 -0.535334947708892
0.117241537711664 -0.227416261529764 0.385472415825519 -0.688939210744581
0.265053391070887 -0.0674764965151967 0.768106088133338 -0.271737475698538
0.254227067638504 0.141132780707634 0.547456408317072 0.259401225420016
0.137599959197322 0.263428847567004 0.164610063900399 0.148057464948338
0.141955182791681 0.290196511165276 -0.120691840882549 -0.291375494428262
0.216159967230318 0.195940033829839 -0.530583166899959 -0.534848846183454
0.261257745826357 -0.0317355298635211 -0.887158453391047 -0.0981681737739528
0.163568796368909 -0.194120558864133 -0.54212243094671 0.554152979716982
-0.01781496859267 -0.126640516596397 0.0758598702661203 0.64753321585811
-0.178621578568954 -0.069528426358549 0.271476388382184 0.380316912591661
-0.189547271672927 -0.0370598418121275 0.105566389363571 0.0204651055683633
-0.0904087656072864 0.0331474534224067 0.0491671520723304 0.0423108305378332
-0.12597240603135 -0.00656583043660949 -0.182057288975088 -0.0178754399210206
-0.111001385352075 -0.0238883628008551 -0.334229479486488 -0.124669466505596
-0.0720459975471367 -0.0972636135094086 -0.160089676716967 -0.465163586816653
0.052114488453844 -0.164124681008377 0.304094435050203 -0.714449791961852
0.183572326346424 -0.0552744663017322 0.76854469004803 -0.376932064800297
0.186436977051427 0.0917699305461989 0.635310962995899 0.241768951273381
0.0955314029472368 0.182864629429704 0.224444955968193 0.24284634411888
0.0801796525300312 0.211374780368352 -0.0554081051820682 -0.19462642040634
0.127127138100075 0.16849752481567 -0.414763059468137 -0.55714854528873
0.184808700537351 0.010503527353333 -0.867012591501588 -0.249296477313386
0.126087792559559 -0.137905455282837 -0.651354513057883 0.463911845383109
-0.0120029145458024 -0.111143092738255 -0.0020032170481685 0.694862276486753
-0.132785532849275 -0.0685702062728797 0.264205972525393 0.456597821658121
-0.147444330230801 -0.0325416100375112 0.145884813712963 0.0570578056516028
-0.0308759488451679 0.0271083287799862 0.0743123327759799 0.0533169673283309
-0.0469069807348107 -0.0148292768621649 -0.165916079136071 -0.014420952554534
-0.0627499794492798 -0.0335645122679563 -0.332690074996148 -0.094172943076625
-0.0721576111734153 -0.057118560398052 -0.186715942818071 -0.433513797811601
0.00256326820991244 -0.0848697215737874 0.272140985395253 -0.711277043295555
0.0878614321534129 -0.0110207740013244 0.773905397489371 -0.409949601269573
0.0824542856108248 0.0510144047400487 0.684695101083891 0.2450053378259
0.039435911700316 0.0745295723436783 0.257879431397627 0.296742028717111
0.0321479357236466 0.082074364109563 -0.0282076655133548 -0.134719732701259
0.0460156377676009 0.0764689783969226 -0.365345656378556 -0.538045459536352
0.0769542956621485 0.00916377631344171 -0.845451621804317 -0.289384160091389
0.0389158083308595 -0.0726313744729325 -0.680194527616139 0.435259045671908
-0.0329894196441349 -0.0651244312148809 -0.0296460041673512 0.714822237651183
-0.0841158178653513 -0.0440936994195897 0.262492932588372 0.488730868213545
-0.0860549463816265 -0.0197889827158539 0.167036192292308 0.0751668711778232
0.0342110367517053 0.0220001541724754 0.0848232946485694 0.0631656348482483
0.0388703897817357 -0.0212974289202019 -0.156768813479438 -0.0210318342736955
-0.00278046026212737 -0.04245166891317 -0.325087389645644 -0.113915507227134
-0.0588719938516909 -0.0186166043600335 -0.175499142973145 -0.448181489525439
-0.0410632836877435 -0.00215267965281051 0.297912317057029 -0.692548684096795
-0.0159277793262718 0.0394931524898063 0.793510133270224 -0.365923763694103
-0.0351157090935935 0.0065765349203111 0.68527603332847 0.276521371112027
-0.0226342363294316 -0.0440499814452145 0.261268197018468 0.302484418066007
-0.0134974157277848 -0.0576533673154066 -0.0275064580999937 -0.128721928770169
-0.0371684722068559 -0.0279807885558795 -0.382867715093784 -0.50215416109769
-0.0412549226842784 -0.000332522302193487 -0.83984656353014 -0.222257379306881
-0.0669499370204047 0.00103604835789201 -0.628376722026524 0.480424909186726
-0.0603608619383683 -0.00450477446301131 0.00660792012683451 0.715435197792537
-0.030446447370249 -0.00871187785638569 0.268910417023851 0.473523478480747
-0.0135873629058222 -0.00319760698112334 0.167636624311718 0.0696244098192431
0.0951199366733836 0.0206338368570505 0.0791966906339607 0.0700167025744731
0.113331486088593 -0.0195725134980561 -0.154903396698481 -0.0400495301362739
0.046187854575592 -0.0348633931938206 -0.308464014311301 -0.178085661642673
-0.0539541982106339 0.0333573761472332 -0.124477953440929 -0.499140739821918
-0.0933035350680669 0.0712318651881666 0.377537442249265 -0.646087768895073
-0.122457117468922 0.064006072958179 0.815428891072879 -0.244872917759822
-0.141582442420372 -0.0575499343158618 0.638843804945075 0.329527000512024
-0.0816116991642452 -0.154963811956061 0.232593401223223 0.255497238059023
-0.0732177932669766 -0.166273609016384 -0.0593827825143697 -0.173330141537356
-0.131565420467626 -0.0900249098462683 -0.462985332739917 -0.439639450767449
-0.152743273145971 0.0260134316516094 -0.826811901667143 -0.0508175190698023
-0.151211036004771 0.0861096510907053 -0.493803856718627 0.584033748538497
-0.0658437720232303 0.0525179792153854 0.0960290036306667 0.685266638956797
0.0342967303846799 0.0217821597455861 0.27836010058562 0.407535463491112
0.0596161637238813 0.0108902467845092 0.145594768812137 0.0399676273374409
0.143626800894596 0.0274247997988756 0.055759679434377 0.0691476214556805
0.16019299596182 -0.0046323193144519 -0.16098117192017 -0.0790976480440028
0.065434964718193 -0.00347029612596586 -0.284826031690283 -0.27969529701516
-0.0742243186876008 0.0984597968581129 -0.0316680491809574 -0.555198670747579
-0.158228627181144 0.115635964442197 0.498343154878486 -0.552260572176903
-0.2180516629153 0.0398587284983707 0.820418187968131 -0.0663770571755467
-0.210866832741855 -0.14276417894792 0.54609856073593 0.378578458875469
-0.127997447597283 -0.242512950150369 0.17615947814854 0.166625037878916
-0.145199398285997 -0.2170036113236 -0.13222802209563 -0.238938683151788
-0.227198563457945 -0.0820053302726493 -0.575408701462215 -0.328509761163828
-0.22871545031611 0.0953018547926218 -0.775411176970012 0.188544324255795
-0.180242859235489 0.163724416358186 -0.303053920275208 0.676648020268723
-0.0330447979601674 0.0831716489186551 0.198640197493638 0.610145865802076
0.104374149013505 0.035229795549524 0.280940229400881 0.304428565854782
0.121186767055025 0.0157361670829039 0.106565700674721 -0.00490514438164478
0.172484793760879 0.0397681539090458 0.0185845345297213 0.0554716562969736
0.168981201426468 0.0205318337777611 -0.173900696006603 -0.144029535623269
0.0509924511212516 0.0430036894338948 -0.246465152255329 -0.402641436348956
-0.117982570046007 0.151394114861629 0.101812864905742 -0.581140417210437
-0.220483074300319 0.109825186798557 0.628348350897567 -0.392953859255955
-0.275229064952163 -0.0334448726735885 0.781122342827425 0.13391382751512
-0.227009493201521 -0.229042971384484 0.427224646622706 0.39478014118058
-0.155546595439097 -0.290407192074673 0.103632001729048 0.0467062165627157
-0.208751952852643 -0.208289231802097 -0.243496147067386 -0.289342067390802
-0.2878900733808 -0.0220983211367364 -0.679520925238716 -0.161298162062433
-0.246560826362661 0.166745067433832 -0.667984527208078 0.42682176054487
-0.148585784298289 0.198620573301012 -0.107518916856571 0.709667205698866
0.0281500969885939 0.0803766197384982 0.272955186330245 0.484605902071732
0.163265100795436 0.0325994604367314 0.26999144992336 0.184955772800612
0.160662909149973 0.0119522014725694 0.0585789131309345 -0.0510858532370666
-0.15691456605605 0.0267444940049477 -0.0228936853402288 0.0136964620684177
-0.204268090423867 -0.00372444217858441 -0.229734087145399 -0.0878407579267833
-0.109038201107524 -0.0520740475539153 -0.322301427721869 -0.328322825651435
0.0126085740598882 -0.212223996563905 -0.00887267051478544 -0.609689015800893
0.184882809508721 -0.255052432032855 0.497309426770089 -0.612336862684308
0.314801117515255 -0.03344805048877 0.753996790227641 -0.1145976383616
0.272289542416378 0.1965599282485 0.434890810284461 0.271168417989297
0.161210980838482 0.302800821161279 0.0887493355427971 0.0248760854556027
0.208794077423176 0.29449715398507 -0.232854991558669 -0.379131441183728
0.283778971938836 0.14068647257601 -0.680508062075396 -0.427176295242998
0.279666479961622 -0.11112180874005 -0.856933321165692 0.144216046997182
0.139769699988436 -0.22296374698686 -0.361370858532167 0.651202534590687
-0.050572593241865 -0.104781585252369 0.179611089710312 0.561819729235813
-0.214247115588935 -0.0449913979266293 0.280458712999241 0.273448807238558
-0.205845806046106 -0.026118322448025 0.0574828303845955 -0.0238905251292723
-0.133925651106205 0.0333277796429472 0.016008578248111 0.0311375421802619
-0.183747229386057 0.000505406976583852 -0.204242974476072 -0.0370358418388312
-0.130658860896801 -0.0264082035980197 -0.335630219524077 -0.201198039441003
-0.0437096651488414 -0.151052364120274 -0.107930264061281 -0.53323118550792
0.113681561916398 -0.229830675624323 0.37600235934012 -0.695444072184663
0.265470460468657 -0.0710569788837674 0.763185671612221 -0.282906323791798
0.256549489901021 0.137965523572001 0.551317507557587 0.25211427692261
0.141293837507049 0.261590516449241 0.166396903543567 0.146855720691197
0.14568902918738 0.287643248363747 -0.124334422020233 -0.289352202981429
0.218938338145103 0.193344095106575 -0.537679808607937 -0.529024331095286
0.261119885901365 -0.0349123195854791 -0.890015771946193 -0.0848864224731738
0.160705997249983 -0.197135824699127 -0.53635206317017 0.562515566260041
-0.0197698957547885 -0.126999375489772 0.0856327346376462 0.646648459700632
-0.180350088480659 -0.0672340343765081 0.277517723665835 0.377270334718194
-0.189507497154844 -0.0339052622743337 0.106931427341548 0.0190712691247509
-0.089858582089281 0.0335473034230134 0.0493012329435798 0.0410053786094526
-0.126655582334521 -0.00450691170629804 -0.182952176051127 -0.0163159552891388
-0.111938073943716 -0.0226687715523895 -0.338396596462457 -0.120367053101113
-0.0734722471969113 -0.0966351612584511 -0.167687617596075 -0.462285186955561
0.0501130379335092 -0.164662202173705 0.294120081489483 -0.71818396093872
0.183801294971138 -0.057371052812185 0.762366396308784 -0.389552972124713
0.187843590052595 0.0888162983679364 0.640130378891324 0.233570749587112
0.0974656427459466 0.181324271956853 0.227844492356202 0.240743018268843
0.0838178841603466 0.209521627238824 -0.0584766540013936 -0.193573832881129
0.130228943883807 0.167608538254282 -0.422200462872773 -0.552473266363959
0.184620805974239 0.00817075356686233 -0.871139836242975 -0.237442365312099
0.123987808449769 -0.140788324581192 -0.646551721464844 0.475045316166279
-0.0141683106444967 -0.111235196797989 0.00860252933292622 0.696264630885225
-0.134422768404214 -0.0673274360239555 0.271582665858525 0.452620954400389
-0.148079970566558 -0.0303892680099003 0.147207728809157 0.0550652495550547
-0.0300110475137922 0.02733320436993 0.0755386972465514 0.0529226791762375
-0.0478825064721599 -0.0138304011713431 -0.167295120324104 -0.0124183582148137
-0.0636063366793849 -0.032646675553449 -0.335209626336087 -0.0904960408056956
-0.073309340409687 -0.0564824827703034 -0.193907532130537 -0.429162550149786
0.000813237940504036 -0.0848028856330538 0.261933572028333 -0.716575516974031
0.0880904874763614 -0.0118595271547071 0.767915378676013 -0.421319722832372
0.0828952124882673 0.0498253066582051 0.689524239361616 0.236396031964467
0.0401539529362159 0.0740133473802518 0.262871358439517 0.29464844362288
0.0335314348181347 0.0812218498762284 -0.0297027953176328 -0.133347697045789
0.0466293004651364 0.076262344969593 -0.371910186417427 -0.532764600925795
0.0777438861613172 0.00795636612494911 -0.852514846048478 -0.280659198233591
0.0379884691201375 -0.0735722876328788 -0.67755049133657 0.444073478196245
-0.0342865607906973 -0.0649796934720144 -0.0187181246534549 0.716169101022028
-0.0853690056824163 -0.0430533462559724 0.270739369845626 0.486668959911827
-0.0861207720219597 -0.0184278664092038 0.168840523304252 0.0727522964174329
0.0342585073536111 0.0208867186680715 0.0855594216759103 0.0627344249642255
0.0379620195321997 -0.0218454706908927 -0.157391005572161 -0.0205720286614475
-0.00337261600122486 -0.0428117306070503 -0.328094153318112 -0.110546683094126
-0.058417105542996 -0.0178900372764905 -0.183037220747122 -0.446223627521237
-0.0417226142709175 -0.00186671107614446 0.287904616600333 -0.696369841703415
-0.014958359847015 0.0400442561424842 0.788307770856282 -0.374480428128075
-0.035391664024242 0.00699178631338289 0.690829944424053 0.267491043385061
-0.0235739448217863 -0.0440064961401039 0.265572090673544 0.298855020170898
-0.0142211461735964 -0.0580845649071831 -0.0289744900143801 -0.127899918252321
-0.036800898617983 -0.0277733705793895 -0.389875222496711 -0.498124422719041
-0.0416639494917349 0.000419815733877962 -0.842857089038111 -0.212131425127416
-0.0677354344463494 0.00175333990749788 -0.624014681514222 0.490836682418566
-0.0608265349927147 -0.00372210466411875 0.0173665184841204 0.717792480175206
-0.0300439019653785 -0.00843712108619848 0.275698472230028 0.47042127017566
-0.013250275505852 -0.00226040211575271 0.16961454199222 0.0672807309365677
0.0949488508371182 0.0192013592721288 0.0799395447770325 0.06939048492411
0.112434874170192 -0.0211210022811906 -0.156102516060531 -0.0390862321992583
0.0463486168837118 -0.0357564842938233 -0.312108474450212 -0.17497474514212
-0.0527280612938518 0.0342765827518599 -0.132027559216965 -0.497383140694956
-0.0921146777346854 0.0724861982054452 0.370887896660715 -0.650985040983958
-0.121544971657848 0.0658139520681764 0.812873087469188 -0.257091663477846
-0.143141683756518 -0.0561918356390866 0.645313526260758 0.323769054210116
-0.0833824933922729 -0.154917270557682 0.235142643730823 0.252646253503944
-0.0747559883953897 -0.166104596894505 -0.0610715592848553 -0.172880497116599
-0.133577883942459 -0.0890925150026299 -0.471187553059186 -0.434033912505958
-0.15338518629216 0.0282821705472932 -0.829675475745928 -0.0393411126940297
-0.150291331577124 0.0896232820598541 -0.486271304377938 0.590528461298875
-0.0649371541575865 0.0528668912192657 0.106652451572085 0.686520374169359
0.0347161190774315 0.0213287949734532 0.284671482470172 0.40407071457443
0.0598208206657112 0.0107947694678797 0.147272238385592 0.0372704774357499
0.144299533363816 0.0246844612691484 0.0567743424201557 0.0692619816150344
0.15945566544905 -0.00718440106298578 -0.1623695039882 -0.0775442672612334
0.0661789956147827 -0.00506279627193973 -0.291125508398717 -0.277315400688932
-0.0724695005962777 0.0988954737535486 -0.0398301375531601 -0.554108628416567
-0.156988254755248 0.117845786518986 0.492358099858158 -0.559485027245859
-0.218222680973416 0.0430262317687579 0.819980229739628 -0.0795184055177762
-0.213007809526657 -0.140358310493764 0.55231538360046 0.370299586509517
-0.131704448899862 -0.241276226337525 0.17826539630796 0.164137387947615
-0.14798523883603 -0.215752489334596 -0.134388122407001 -0.23768459397487
-0.228977653375175 -0.0782931498101147 -0.580497586731112 -0.322161315942483
-0.227371442250803 0.0984284163203776 -0.772093117567512 0.197560635570698
-0.177802314963565 0.166591716322856 -0.293010230748327 0.682730132132638
-0.0315761526837449 0.0834491105775571 0.206635077796687 0.609311801664505
0.105142143734151 0.0337973965227017 0.286436155606401 0.300993137028017
0.121475122970046 0.0144560033741314 0.107714261836112 -0.00617507588959048
0.173285111879738 0.0373158466472464 0.0186718080066971 0.0554404399727651
0.169904675823594 0.0180588421277393 -0.177345422162754 -0.143099191487398
0.0515951186138301 0.0420235338296011 -0.253378339900481 -0.39953321343035
-0.114970415858015 0.152973379817484 0.0943674624306271 -0.584526313473962
-0.219114310970812 0.113122627230846 0.624067792571554 -0.401725456835826
-0.276035918589667 -0.0292171186749292 0.782850721527176 0.122443804034625
-0.230696407752823 -0.225533014523154 0.433600564220192 0.390228524403316
-0.158874648693949 -0.289148766459795 0.104580411000649 0.0452569747282909
-0.211283125943614 -0.206182584668289 -0.247299124583422 -0.286109355919757
-0.288137935859519 -0.017591590420758 -0.684146590369603 -0.152574771288221
-0.245615058454252 0.170495783186101 -0.661867525573368 0.43764820695857
-0.146216746522148 0.200914761764617 -0.0965323019882644 0.712257199405152
0.0296959355423815 0.0801496080950078 0.283239995200553 0.483451447914586
0.163808917809635 0.03054589288912 0.273587459132981 0.181720530224936
0.160656139077441 0.0110076059225219 0.0584701483985725 -0.0515909973685724
-0.156847003303259 0.0286165354367869 -0.0234008249385356 0.0139472436125481
-0.205391284719527 -0.000530881816219794 -0.230682530460383 -0.0847069446736941
-0.110744115098459 -0.0509964446973729 -0.328174532519029 -0.323728129676678
0.00946438805408851 -0.211536147797921 -0.0189012256860269 -0.609083412974396
0.180705130168911 -0.257539212486114 0.489291303681204 -0.61923039633963
0.314469606359313 -0.0382795041477657 0.750258175881582 -0.126675213614221
0.275480110813772 0.192514227820357 0.438005724563383 0.263465088305255
0.166137791680528 0.300720392854432 0.0885949082409107 0.0224234810829121
0.213247756256748 0.290583157052732 -0.23675332358948 -0.376030691530491
0.286920299609943 0.1371932042462 -0.687900597341331 -0.416950705487901
0.277501723435473 -0.11452203236958 -0.854585852429351 0.156286487494083
0.136347972316116 -0.225534225498595 -0.351490265390987 0.655351793654667
-0.0537024209486136 -0.104361063584323 0.190937192952255 0.557994387006955
-0.215065651525232 -0.0406316306604491 0.28508974675986 0.26876854648157
-0.206409460514027 -0.0245286113526755 0.057173820417994 -0.0240286010502819
-0.132544665078178 0.0347140475843224 0.0166450313564583 0.030651591112737
-0.184068459429249 0.00385378474136171 -0.205361648741938 -0.0356201320681101
-0.131230471373765 -0.0242129438784459 -0.339717944252069 -0.195984893777618
-0.0463306328416214 -0.149776477455802 -0.1155376017471 -0.531587776039144
0.110312080929748 -0.231120260117128 0.364410615153868 -0.699810931393639
0.265027343582815 -0.0753984612336315 0.75857634466667 -0.293498837717631
0.257629943906166 0.134349859302871 0.552739531560143 0.243564725005524
0.144041415186745 0.259371522747135 0.168035635863424 0.143914750352927
0.150538890865109 0.284755457634802 -0.128000472577942 -0.288057186691279
0.221531525793529 0.19081755494699 -0.545968613537104 -0.521410143201519
0.260679277850599 -0.0384216091088461 -0.890739187289871 -0.073447636752392
0.156966134977815 -0.20024473243344 -0.527296341906866 0.570798712559143
-0.021848327484835 -0.126754862843601 0.0955702334050524 0.645058239517125
-0.181556620198574 -0.0638537968766023 0.284024231338653 0.373400297629205
-0.189744272052663 -0.0314843148123988 0.106940026784018 0.0181539187155136
-0.0892722096982065 0.0344965588560384 0.049225490686667 0.0408473545645575
-0.12789938502171 -0.00261627567480495 -0.184197516539025 -0.0154864073516497
-0.113521428481257 -0.0209268642858644 -0.34117662744877 -0.115359002331048
-0.074568092191771 -0.09554999065872 -0.173937258873836 -0.459249037170106
0.0470987878288442 -0.164838609945824 0.284879970864605 -0.722126982782056
0.183937884954941 -0.0607580074302615 0.756528830905698 -0.400780759925781
0.188676102003801 0.0865008691775026 0.641926774102343 0.224410406067747
0.100213112812913 0.179069493323718 0.23133589588311 0.237772589126275
0.0858200547889284 0.207501869563195 -0.0602602805575708 -0.192099900426707
0.133056538518827 0.165492701030866 -0.430652071692938 -0.547623055207997
0.184377265207532 0.00566544704626994 -0.874468894252217 -0.223696073645354
0.121511982651243 -0.142851241639376 -0.640105762690814 0.48479189056188
-0.0156439559832149 -0.111164557631609 0.0186922103829609 0.695745656055902
-0.135615306412709 -0.0643944942715995 0.27927648197028 0.449098251368455
-0.148156301201943 -0.028071405602821 0.148713539562662 0.0530401729522971
-0.0296636452572653 0.0275471146673657 0.0750905498052008 0.0517398744382022
-0.048638605045503 -0.0132431411100414 -0.167927875994332 -0.0116352036481203
-0.0649847788692425 -0.0325121475231927 -0.33834812631677 -0.0865988332050417
-0.0735454438990339 -0.0550663624256552 -0.200834342286206 -0.427973912642822
-0.00054674098332686 -0.0837674461803004 0.251091479117324 -0.717681843048213
0.0889145148823719 -0.0129977083461041 0.760032443484465 -0.434205463425018
0.0836359742761687 0.0486451853701152 0.691632506214574 0.224993516018865
0.0410360461677674 0.0726995977779136 0.265395123448918 0.289725770086057
0.0351348740525527 0.0795027076427488 -0.0314932089087273 -0.132714729691656
0.0478358321845722 0.076103744131059 -0.381528021967141 -0.529066205733213
0.077303005793376 0.00734699522357038 -0.854532143872583 -0.267146336683821
0.0371080413244582 -0.0743837463506218 -0.669343951538848 0.455928919247438
-0.0349325065881966 -0.0645874039906927 -0.00680252955349895 0.716157396207867
-0.0859952957423307 -0.0417419953836822 0.277828214258491 0.482276812124873
-0.0860658114070731 -0.016819096479 0.171101906559674 0.0703094239167491
0.0342866493826242 0.0206051620395496 0.087223418844399 0.0612158202574214
0.0372164603263302 -0.0229418659331901 -0.158382620379796 -0.0190832808291172
-0.00444189386863088 -0.0433419487078975 -0.330302755119621 -0.105915809080001
-0.0587320617344148 -0.0167834683845236 -0.189460044278439 -0.441908715330373
-0.041437388881075 -0.00106431299534783 0.277068059070907 -0.698605433244051
-0.0133679020562996 0.0406370229029175 0.782318457597905 -0.388037140580234
-0.0354529471197011 0.00738956429933825 0.694937734230789 0.257143838179425
-0.0239794226393925 -0.0446418121896328 0.268720642986047 0.29441736109757
-0.0145136785952769 -0.0591799760721074 -0.0308662786199898 -0.126815269021251
-0.0372644283064314 -0.0272025406434549 -0.394881967267938 -0.492013161527109
-0.0423160136269931 0.0012280648395783 -0.846625779668257 -0.200097127852554
-0.0673788385632544 0.00278245458886431 -0.617060687872723 0.499216868117774
-0.0609767435758669 -0.00325973894030272 0.030020392305473 0.718637436111289
-0.0307926090951931 -0.00847817180183021 0.284447614965793 0.46510664612268
-0.0131425491942197 -0.00170373495483716 0.171438737886243 0.0651895238580145
0.0955813048512161 0.0172351683584133 0.081269695126729 0.0683117544486982
0.111862010963177 -0.0230399052622256 -0.156858428146612 -0.0374811023190353
0.0451702772286517 -0.0364642791988929 -0.316455571650027 -0.170955435265247
-0.0526625122040157 0.0353012017252205 -0.140170998092399 -0.49379082536407
-0.0913767481928911 0.0740254749826118 0.359390115313336 -0.655849815458203
-0.119890228851006 0.0679432458981256 0.807074179843351 -0.268966480876664
-0.144102209811842 -0.0533486134800168 0.648455360192393 0.313991912898316
-0.0855973664302192 -0.154531031993841 0.238770715007022 0.249570657750588
-0.0772982670984032 -0.165750781675399 -0.0629728798870074 -0.171155587202358
-0.134068074122107 -0.0859983887654679 -0.475361316384195 -0.427008100261969
-0.152078872054263 0.0304037092169476 -0.830913593151657 -0.0281493582036711
-0.149456939762959 0.0913679238949355 -0.477577582250112 0.599413648031876
-0.0641657531036189 0.053203025087986 0.117374600946136 0.685405280842842
0.0356727711107435 0.0210003164345942 0.291400034528146 0.400006695752372
0.0596855958619057 0.0110310434325791 0.14868789706453 0.0353380809266056
0.14495710371365 0.0228259276609809 0.0582080889221503 0.0684291151988425
0.159199526349074 -0.00908812189206134 -0.163437174101325 -0.0764854044288636
0.0654343687617505 -0.0061073808536762 -0.295380679655661 -0.27278961169658
-0.0703088142768476 0.101121469635407 -0.0486836364137667 -0.552436033258022
-0.15571631989431 0.120202422227727 0.482406418735476 -0.565061216369872
-0.216668969775691 0.0466738297448804 0.817079215644895 -0.0921999034698071
-0.214997221347323 -0.136703052527095 0.558327487394196 0.363496994548319
-0.134864324560588 -0.239507326864953 0.181179561365792 0.161337935157906
-0.150274456316628 -0.214296863841055 -0.137094536969523 -0.234215689961812
-0.230202023911318 -0.0755327844269484 -0.583703191907556 -0.312571382895525
-0.227073956261063 0.101207296820945 -0.770683522612447 0.210235142018836
-0.174991435914002 0.169466769581786 -0.283248925585743 0.685454337257024
-0.0301041548410633 0.0833743884058617 0.216140442398389 0.605663267283671
0.105978800261481 0.0328579510501665 0.292401001946202 0.297289348012919
0.121460619854414 0.0131831815227546 0.108640705439068 -0.00792908228404658
0.174031663948492 0.0340799094778644 0.0200826166393941 0.0556829634253966
0.169882386615468 0.0158003599559773 -0.179407802879217 -0.14071914089097
0.0522059954930102 0.0403738129085853 -0.260202999375991 -0.396180650142662
-0.112399552375074 0.15538178917808 0.0852166791428495 -0.582998285070814
-0.218400807714908 0.117241472539933 0.617459058673697 -0.409093976630423
-0.276022918248641 -0.0252668996822857 0.784112373921884 0.112773094500335
-0.232919289260607 -0.222875921019254 0.440089865368491 0.382687670344243
-0.163054676487498 -0.287629564360915 0.104976350824833 0.0445752359938759
-0.21356160302359 -0.203781759230802 -0.249594005140933 -0.282988546783517
-0.288511116168838 -0.0131729644364819 -0.684858112321546 -0.142200544810994
-0.243218027719259 0.175120388842002 -0.656811247490758 0.447007791073026
-0.143267262882531 0.202615482869672 -0.0856893635085209 0.713671985698919
0.0310765098678292 0.0788296551234952 0.290011602913172 0.478804637699161
0.16486605408293 0.0279260244216069 0.276797733372551 0.177742395561367
0.160467149140204 0.00881822067154259 0.0581088566410068 -0.0522247439256078
-0.155140538950898 0.0301693291958769 -0.0241266106619784 0.0144537582072462
-0.206024104053218 0.00323193420203931 -0.232342340813328 -0.0816461050375106
-0.111931608932755 -0.0490749290397073 -0.333433588615728 -0.317951517049106
0.0068899261893695 -0.211126736194949 -0.028213220237327 -0.608573867524218
0.17674336491055 -0.258920932378156 0.47941123909846 -0.625713269050914
0.315626177761192 -0.0430602267780724 0.745984489068536 -0.137441178015983
0.277007807371895 0.188179038380393 0.440815524500039 0.258508110754735
0.168259371762619 0.297863339525388 0.0884507137923694 0.0221219520802797
0.216220164939835 0.286813427138821 -0.241886888164499 -0.371731923404735
0.288126923143919 0.132948350676065 -0.69161257811281 -0.407495209537712
0.274867351692523 -0.117886587005063 -0.849802306717126 0.168422197292109
0.132680231313104 -0.227334322440223 -0.341333682221032 0.658738002848487
-0.0549875263695764 -0.103243618562691 0.197046000252237 0.555199099516175
-0.214876012329656 -0.0375956384693622 0.288426858278771 0.263961600249038
-0.204593854407901 -0.0214161901489311 0.0563907206509258 -0.025335891829303
-0.131219690190492 0.0356910705988099 0.0166097179162267 0.0309945883547168
-0.18455058032408 0.00681795937812424 -0.207136853378215 -0.0330304760325254
-0.131157167889558 -0.0223818358892346 -0.342442621962479 -0.190724510587589
-0.048417557270088 -0.149184048078856 -0.122770999052716 -0.529285369384888
0.107002544203578 -0.231680692370076 0.354644718515123 -0.701871071808858
0.263612922993509 -0.0785743410470498 0.750962782139417 -0.302337597099952
0.257729175648748 0.130613305241216 0.556245899848241 0.2354249888361
0.146474004942216 0.256103315668539 0.168486093558235 0.141411375270041
0.153086128947275 0.280868664615073 -0.131563896772052 -0.283518106059501
0.224946437207815 0.186629931652096 -0.551822096664504 -0.512623082417895
0.258513552959937 -0.0420034700236426 -0.890812679993156 -0.0604121956845006
0.154401779724483 -0.20265594581797 -0.518773350394245 0.57703169922009
-0.0239781355417268 -0.126432288196372 0.106090367285284 0.642025152902205
-0.182151559358534 -0.0607229652836886 0.289204128233962 0.36784426898581
-0.189672366453003 -0.0284865215640589 0.108031382276458 0.0164171957916569
-0.0878980344032139 0.0348699496812731 0.0494281837025748 0.0402106857570492
-0.1285994371824 -0.000742537019100332 -0.183948403685718 -0.0134818576538618
-0.113329503675694 -0.0194788975670904 -0.343939261210246 -0.110877873093565
-0.0763733979665892 -0.0932428002388066 -0.180980691607274 -0.45567111465305
0.044553592652973 -0.164464716086514 0.271471642908573 -0.723281932849252
0.182712769117281 -0.0626949689273141 0.746783901434096 -0.410928209558819
0.188948896189218 0.0834889511868824 0.642574521847412 0.21478331897444
0.101456471550086 0.176914568056439 0.233171790728121 0.234950754874026
0.089094742447917 0.204959786141396 -0.0626655371721356 -0.190141185640578
0.135281335418488 0.164109905283139 -0.437267553704096 -0.53872582969373
0.18396442337518 0.00365460675533338 -0.87623630406289 -0.211235289396251
0.118726334690729 -0.144061977158778 -0.631224728946715 0.493848914469907
-0.0174390270325024 -0.110600939105372 0.0293615861439716 0.692420221081773
-0.136123282144812 -0.0621247441023918 0.286362806684555 0.443770579192018
-0.14789443251599 -0.0254228313608871 0.149802081077522 0.0513784722706929
-0.0294254492186753 0.027206657137843 0.0752682462127238 0.0513163231204616
-0.0489290797181177 -0.0126130925610125 -0.167672217885616 -0.00989104729714304
-0.0652910908071406 -0.0314093903937178 -0.33988629662787 -0.0821932771522216
-0.0737478238697485 -0.0534519113591869 -0.207072325450742 -0.422421760727792
-0.0017923377208324 -0.0834161555500317 0.239002690587421 -0.718192959886339
0.0893673690254636 -0.0142430834052433 0.750571653217171 -0.443304075874908
0.0838667569351503 0.0468920120885968 0.693951761344292 0.214750529856355
0.0420032611601997 0.0714549750191669 0.269489439035766 0.286465525425764
0.0361293969967901 0.0785371858951931 -0.0330360322362851 -0.130688620823904
0.049276461885388 0.0755626296018963 -0.386427071884302 -0.521339080378385
0.076999591412009 0.00648294565010685 -0.857475376671905 -0.253899608013046
0.0355510005484765 -0.0747918762109468 -0.661593801580325 0.463867007946936
-0.0357902673865011 -0.0642798514744819 0.00439041179814866 0.716158278089825
-0.0870812984496075 -0.0400971260792901 0.285841434594094 0.476629831122025
-0.0859218872695087 -0.0151426405210674 0.172457618853543 0.0673879046597474
0.0350757944368746 0.0189251521765659 0.0871923201726545 0.061001434757477
0.0364229287250115 -0.0231741294884345 -0.158274890296206 -0.0177374783851822
-0.00504996137399055 -0.0431643343646551 -0.332299621698303 -0.102611694404098
-0.0581213940753731 -0.0158678771802988 -0.196362975468011 -0.437496220409989
-0.0419813725663352 0.000502800561682788 0.265671069822013 -0.700593657055737
-0.0123491617504715 0.0404873431032758 0.773191836340765 -0.398988001378626
-0.0358237021053687 0.00750951928022536 0.695531707799376 0.248227076370776
-0.024390187906212 -0.0444056671518217 0.272344906163379 0.290208199010923
-0.0154633240825303 -0.0594056627160418 -0.0322123256168981 -0.125488284528555
-0.0378989788079548 -0.0258506852493729 -0.402954754479232 -0.485508102979858
-0.0419051922712915 0.00200153281640246 -0.846986164630922 -0.187814342315882
-0.0678972401527757 0.00401997677231765 -0.608720320961572 0.507311566234402
-0.0606727207095797 -0.00257592593633961 0.0393916122415923 0.716038891532982
-0.0311469588943737 -0.0074936202128872 0.290306629242003 0.461545544548475
-0.0136423136896068 -0.00100522298951598 0.172237861947012 0.0621291223091151
0.0951496610299398 0.0159408513415919 0.0821121081353888 0.0675013378187047
0.110450678673061 -0.0239754492343708 -0.157041615826363 -0.0360644289186555
0.04498244676659 -0.0375156402331843 -0.31959610629846 -0.166602422984979
-0.0512146504189975 0.0363137714122242 -0.147603890729412 -0.49130371081688
-0.0905961875829368 0.075504364578976 0.349870270682036 -0.659782318445622
-0.118484252482819 0.0703328256869819 0.801505399111455 -0.280264590527172
-0.144280200777777 -0.0518338559855397 0.651924039975286 0.304817033601768
-0.0870677065121495 -0.15341617519312 0.240815199305644 0.245308895011038
-0.0780910289340346 -0.164705741875859 -0.064859085294095 -0.170050615440511
-0.135088560817633 -0.0837865809526409 -0.481614545053405 -0.420189470532193
-0.152290227834151 0.0328840461401172 -0.829011696001251 -0.0152343211576645
-0.147260390804478 0.0933251022684702 -0.46716375762738 0.603048628754295
-0.0632595076540972 0.0534125329772375 0.126270293444371 0.683103187126121
0.0352550137662601 0.0204699507588031 0.297834142426169 0.395379587073539
0.0600972950622688 0.00996453955291483 0.149360079104893 0.033710799482425
0.145111695180314 0.0199826208236027 0.0593625518135665 0.0680228090679349
0.158730013709243 -0.0117077182844518 -0.164673308507524 -0.0753244453915447
0.065574885083857 -0.00749875606975762 -0.299291219872074 -0.269071254025964
-0.0682112932617284 0.10189484724238 -0.0569485459664002 -0.551544618329918
-0.153548743476156 0.123774170162377 0.473564621605497 -0.569286148656274
-0.214208457912094 0.0496929592833194 0.81236453497372 -0.102573504504468
-0.217152069367551 -0.133459040259584 0.561891845543035 0.35396598672353
-0.13707225097173 -0.238169456318944 0.183550349582407 0.159011713824389
-0.1530174712587 -0.212102045229616 -0.138946788596339 -0.230786283060859
-0.230349939745989 -0.071521256070601 -0.587401426909562 -0.303900728134448
-0.22472359050247 0.105118145951469 -0.766090667939675 0.220037368642274
-0.171805793908477 0.171854477815233 -0.272088488846553 0.687654255653373
-0.0282861126627476 0.0822694650652471 0.227070229397384 0.601723290547631
0.106177552065055 0.0305239657696604 0.296130687461676 0.29102002074912
0.121813621278371 0.0122537259569361 0.108626933403792 -0.00933437258798739
0.174545145537871 0.0316146016946306 0.0206274838690682 0.0555994745794146
0.169279041012291 0.0134498087747989 -0.182082772920521 -0.138315175250941
0.0523317645382773 0.0394425583011926 -0.266651709778231 -0.392196745828929
-0.109141811524232 0.157383215322219 0.0762409112760228 -0.583743530066687
-0.216061151868651 0.12086593280287 0.610007876239184 -0.415798677100549
-0.274858680393624 -0.0205708396089251 0.783294466245612 0.100467440166499
-0.23648586075168 -0.219853675411822 0.444169409924621 0.376236405016524
-0.165758795012067 -0.285249625134108 0.105430994338656 0.0430727507910406
-0.214624798987073 -0.200587679596002 -0.253505194120387 -0.278011081008846
-0.287559743071051 -0.00834200160692738 -0.68481635985928 -0.133116877676354
-0.239958556936994 0.177358011241775 -0.647817554505064 0.454069703519433
-0.139611831959841 0.204552824803511 -0.0748641736184605 0.712786822738407
0.0324842232913995 0.0774543763230669 0.297621074745384 0.474233555605689
0.164833669029239 0.02565934324097 0.279010588607546 0.173959519209392
0.16020377118813 0.00681768422644312 0.0572139638392624 -0.0531782967951276
-0.15364952359554 0.0323865753003386 -0.0241819846285437 0.0138898224763163
-0.205887145972902 0.00620619367802077 -0.233393543393242 -0.079984499196593
-0.112460350876643 -0.0470723643850038 -0.337104247748933 -0.311268669955098
0.00375748136649299 -0.21051394085239 -0.0361129300562075 -0.605051016621252
0.172182782812872 -0.260644074233247 0.468046648258364 -0.630157975840212
0.313995612127947 -0.0469056485225216 0.742630717555376 -0.144398344869205
0.278572811782543 0.183200139781141 0.441881193008099 0.250876016564115
0.171496322045391 0.293887092873379 0.0877234854525813 0.0203832040521628
0.218768964334031 0.281007301766961 -0.244484807693852 -0.366297550171506
0.289069098617109 0.128732962146541 -0.694337026544221 -0.397433031128337
0.272416843606879 -0.120763909539992 -0.844979439315682 0.178838848339463
0.128391708917286 -0.228607668964973 -0.328875250015475 0.66260220338299
-0.0562847715950662 -0.101777232970187 0.205903494545569 0.549937544391235
-0.2150417721423 -0.0347274408410565 0.291439169820764 0.259737875634826
-0.203385296800931 -0.0183081439516686 0.056511988044785 -0.0249157152500223
-0.130058844194026 0.0366560722803535 0.016796269900759 0.0305280555566856
-0.18456638896168 0.00944319936161135 -0.207465232328959 -0.03061183411638
-0.132368110493306 -0.0208923319266496 -0.34557525439585 -0.185831799686957
-0.0508294489723445 -0.147649070735277 -0.129023061894423 -0.526026828281982
0.10357421703155 -0.232045375668529 0.344365220140946 -0.707082067857464
0.262298008571521 -0.0821122587435308 0.743650403043879 -0.311566328270488
0.259108054203489 0.126801088003913 0.556330821333117 0.225658370625131
0.148684075776082 0.253161124223639 0.169465546890257 0.138497190436158
0.155898528494865 0.277074884950935 -0.134261543557025 -0.280986730280837
0.226106703916613 0.183858702424231 -0.556524028973271 -0.503482873234809
0.257379288523198 -0.0446784860544557 -0.887929790753289 -0.047492905319188
0.150517956351946 -0.204154897932164 -0.508607310540455 0.582125286593296
-0.025996704973703 -0.125445893437435 0.114745650188065 0.638006466414573
-0.182754546944639 -0.0581301544169454 0.294180646163885 0.362931621873182
-0.188611611312598 -0.0255037598603563 0.108398553072998 0.0150907859533529
-0.0869548301060888 0.0360195175564644 0.049290224327727 0.0396800180129685
-0.128719500649639 0.00113789977547895 -0.184670587026763 -0.0125886277685855
-0.113418509416914 -0.018091302999832 -0.345769065314503 -0.106592667600778
-0.0772475950221076 -0.091988531604984 -0.187303678210022 -0.451633845365222
0.0414141278673478 -0.164548553384014 0.258436855732829 -0.72387932814773
0.182120660596891 -0.0653958052386353 0.736301593932277 -0.418023705191313
0.189586171161457 0.080326106386486 0.642480572622616 0.205774856748763
0.102214034008202 0.174550420734488 0.234389858194574 0.230531618754975
0.0907624638915193 0.201605418894052 -0.0642147536492355 -0.188020813160133
0.136989581389082 0.161167837856165 -0.443959149886125 -0.532057312646505
0.18320974276545 0.00143818923586036 -0.875545438146445 -0.197887104500767
0.115872266116077 -0.145467916125259 -0.621969746547279 0.498939788212456
-0.0190120943621124 -0.110000893897935 0.0391808632170617 0.690077190748948
-0.137059316784959 -0.0597375293992226 0.291631248830205 0.43819362595177
-0.147294632289347 -0.0232070850856302 0.150662224548131 0.0491822078061067
-0.0286515316551332 0.0273048673695822 0.0753697452197559 0.0504648069135104
-0.0504527653954144 -0.0117023577911823 -0.16833637611858 -0.00873730665867943
-0.066157501120005 -0.0309510556667383 -0.340757623491284 -0.0773130189520207
-0.0747272502109118 -0.0525777828337737 -0.212806089185752 -0.41754722320699
-0.00311557952859456 -0.0836240411251174 0.229503053054707 -0.719521222850107
0.0889149489328299 -0.015938013476643 0.741477056775935 -0.452311835282413
0.0841405590096219 0.0459004584233345 0.692876602032789 0.204447420402119
0.0420425552502339 0.0696741539879919 0.270875933618866 0.281317496369979
0.036421979085396 0.0769032784181561 -0.0336652858605291 -0.129648386694537
0.050170278153377 0.0748585101753908 -0.392228446240044 -0.516259553068076
0.0770132151258472 0.00535120975536175 -0.857933303068831 -0.242160814950713
0.0343726068428542 -0.0752005189300375 -0.652421934396833 0.471098707090031
-0.037251160492873 -0.063729182667236 0.0137613977666589 0.712940682387408
-0.0868370845845233 -0.0389705473588935 0.291903544456894 0.470640253824142
-0.0853818669622941 -0.0134572092769449 0.172929827980756 0.0652729288422205
0.03491294046006 0.0185954178477552 0.0877957616507297 0.0596010949434237
0.0353593767096083 -0.0229366258893296 -0.158936321823503 -0.0170728278666555
-0.0057706568083384 -0.0429546543419727 -0.333233881698621 -0.0986445910539399
-0.057526548004504 -0.014395104535465 -0.201937150056364 -0.432654069153615
-0.0420471719566786 0.00131733111984508 0.255252088785647 -0.699894882574262
-0.0113375993606895 0.0407237243239949 0.763285979008836 -0.406229493783414
-0.0357307896107794 0.00801736925350575 0.698160936903065 0.236418975409262
-0.0255213105431914 -0.0453148993953092 0.27467364902225 0.28679558018954
-0.0159433899682138 -0.0591761086339613 -0.033098221150696 -0.124294069507614
-0.0375874236350991 -0.0258201720659944 -0.40656753634466 -0.479139892848975
-0.0418923562195846 0.00290258016166273 -0.845780811896555 -0.174776588141955
-0.0672028987822105 0.00474200747722732 -0.598452504070447 0.513796935366076
-0.060487073135893 -0.00211491539566649 0.0496512405786661 0.713044136633106
-0.030412039093784 -0.00703215912662037 0.295854039386215 0.455451710964627
-0.0133843819875248 -0.000521035461399774 0.173723121365027 0.0596443063602821
0.0950963933199607 0.0141460770128857 0.0821661011166374 0.0668409178586819
0.109946795989636 -0.0251427106088339 -0.157967970269723 -0.0355428988855373
0.0438502185289407 -0.0384089792328846 -0.321401122466367 -0.161611522652074
-0.0498300353990513 0.0370579028170159 -0.154697888824549 -0.486029658619186
-0.0888886823802754 0.0767573848036392 0.33686872483076 -0.659520436597279
-0.116391576712507 0.0714901610864785 0.794429532580649 -0.289649842088202
-0.144390597942389 -0.0495562905119346 0.653734371609137 0.292422201963369
-0.0882913037017317 -0.152453765927084 0.242973907599699 0.242255895471946
-0.0797852209280778 -0.164091163064901 -0.0667731221057879 -0.167366137651353
-0.1363937142668 -0.0817703383003663 -0.484003035572108 -0.414085498346865
-0.151662320017105 0.0353865798465403 -0.82600153825462 -0.00448882678301598
-0.145470087813277 0.0950172999784496 -0.457089257105251 0.608277691817378
-0.0619254702062772 0.0539559741044569 0.136508498816285 0.678314171863946
0.0354838764823634 0.0201953913103261 0.302964392886067 0.390241056304651
0.0596720371615308 0.00952012541119967 0.15079830155687 0.0309294828745718
0.14494986544326 0.0184177746680797 0.0601124698177344 0.0674874769064327
0.157357721005735 -0.0137407332290862 -0.165801945396153 -0.0735771233425367
0.0652353999140005 -0.00798489027735084 -0.303283851269154 -0.263843553253856
-0.0660441743331042 0.102941675434321 -0.065569530757773 -0.546936740595765
-0.151039991834211 0.125149998300552 0.4629606812642 -0.573771515582235
-0.212373707771518 0.0527742712401337 0.807681162280975 -0.113691808625121
-0.218436727214223 -0.130545579047415 0.564322267747121 0.345826845521901
-0.139875635448417 -0.23578190190365 0.183408046023322 0.15691468266166
-0.154221296758815 -0.210236479354691 -0.142107610968133 -0.22827854629986
-0.230262362286208 -0.0677121686770172 -0.588953256039212 -0.294126740214015
-0.223305774906219 0.108249423938865 -0.759470417323436 0.229654380405471
-0.169522365230625 0.173742656903877 -0.260726345192468 0.689037471029812
-0.0276407710164596 0.0821985762094455 0.234568487728271 0.597895175841219
0.106597080338181 0.0293332722272182 0.300206825748997 0.28677586141071
0.12072472907224 0.0115727233612254 0.108596010833603 -0.0106634461335261
0.174279035966122 0.029084052520384 0.0213587663620244 0.0563111153731169
0.168043682546457 0.011165279865911 -0.18221152803077 -0.136376539455264
0.0528009335878667 0.0378096977642699 -0.271083906334947 -0.386713694599057
-0.106088359249004 0.157933407987299 0.0684862751010794 -0.581204755868452
-0.214065297304483 0.123076909506917 0.603250755263302 -0.420638904010659
-0.273651064887684 -0.0169645781871363 0.78110531147365 0.0889741829014051
-0.238313824578811 -0.214754723050315 0.449156853999748 0.367127984466673
-0.168437554614958 -0.282024589290657 0.105575295704714 0.0413377949334233
-0.215842814442786 -0.197731786798644 -0.254325723651212 -0.271956281295853
-0.285975440032488 -0.00441911516511354 -0.684784978695118 -0.122309347800631
-0.236918199700796 0.180443549683308 -0.63827260251916 0.462145977018304
-0.135790496586028 0.205992012797117 -0.0638354915683929 0.709161612148369
0.0332038710442697 0.0755365785627412 0.302136053317281 0.468110432270582
0.165983810995715 0.0233292289666596 0.281558214824704 0.169417375779228
0.158809713632194 0.00519145229249983 0.0574147653657848 -0.0537214912289705
-0.152466461554535 0.0328266345283436 -0.0243065535694156 0.0147197198159572
-0.206207769394345 0.00999770826467102 -0.234569733291417 -0.0760505868047395
-0.113374531058455 -0.0457977900610082 -0.341784233139426 -0.305763802926426
0.00110308664192362 -0.209928643748964 -0.0428842737832033 -0.600561662692224
0.168150187927214 -0.260186030658351 0.458426250110699 -0.631327133152178
0.311017248720463 -0.0512326065769349 0.733146470645479 -0.154789383807153
0.278597394257533 0.178577837569998 0.442007831003323 0.242306833300566
0.173584619799084 0.290291938464824 0.0866908757769458 0.0202735033314507
0.220015605812952 0.276377259322098 -0.246194443682774 -0.360162889715931
0.289345546214973 0.124749749638794 -0.695020518372123 -0.38730677626064
0.269006685876401 -0.122799956636843 -0.837950311614004 0.190535089352984
0.123596319023495 -0.228699220709775 -0.317132189565644 0.66151505707946
-0.0573613937836045 -0.100605348766664 0.212235570651666 0.542755041820813
-0.214421940753401 -0.0319286805408927 0.292968020248809 0.254334694522017
-0.201884828502271 -0.0164005276675576 0.0555164016905632 -0.0259802559094402
-0.128690079250763 0.0382707896686619 0.0161064982164486 0.0305164398953485
-0.1841802096259 0.0124965970184574 -0.20735835289732 -0.0287350138855766
-0.132171050556346 -0.0186742811292048 -0.347452675475085 -0.180644093589394
-0.0518460867382087 -0.146032582973907 -0.135549692086391 -0.52095665452979
0.100003648719243 -0.231842823833548 0.331444677823338 -0.704210095206133
0.260273774495104 -0.0849731481175532 0.733274002357279 -0.31947340027429
0.25872633149209 0.122446124439875 0.554263618782949 0.218653970443424
0.151017435586323 0.249471079925315 0.169440210204704 0.136634269485319
0.157998127798865 0.272655271349358 -0.137117181106706 -0.276774455669699
0.227404087637229 0.179271955439581 -0.558549876742868 -0.494659308795349
0.255149743038737 -0.0473753904000708 -0.882441226140552 -0.0334676692533851
0.145809374533825 -0.205502248900128 -0.495964692249323 0.586158951934892
-0.0282085646478374 -0.12411452527864 0.122758103265086 0.632939746385274
-0.182216856473925 -0.0546908079881018 0.298480590981129 0.356882833142063
-0.186743517470721 -0.023187479634764 0.108558166788384 0.0136227824817899
-0.0858842163659047 0.0361504214650933 0.0493228588367982 0.0390871379707145
-0.128084930377577 0.00381806383375034 -0.184686927425193 -0.0111282739379857
-0.113845653087027 -0.017502978833994 -0.346038616254582 -0.101566899188823
-0.0775270581718237 -0.0907241598078104 -0.191617258854389 -0.446059548127596
0.0393516371597437 -0.164046318029782 0.249316747813608 -0.72285749085484
0.180710807809177 -0.0671963583658007 0.724543506139522 -0.425847793410843
0.188755614709885 0.0779406386499354 0.641011793791767 0.194736926230164
0.10408823744823 0.172222135756941 0.235123216806858 0.225955844935905
0.0922596479656115 0.199366319684174 -0.0662099796706423 -0.185200159135534
0.139127104814347 0.158745644867144 -0.447672908663961 -0.524641726018655
0.182022535803494 -0.000589735228941658 -0.873409896464932 -0.187043884732671
0.113452608133004 -0.147055199761477 -0.611627716889105 0.505270263903779
-0.0207486189796662 -0.108725269495575 0.047676637850311 0.686446113089193
-0.137313781288469 -0.0572441153680859 0.296370165845325 0.432391250791626
-0.146169590592691 -0.0208501131581054 0.150829889882734 0.0467933298071862
-0.0279851095868897 0.0270327285755404 0.0760435580380028 0.0492660693659178
-0.0502406179916637 -0.0106639315429204 -0.168094493652526 -0.00878689566140686
-0.0665460677386755 -0.0300739366834713 -0.341117795002443 -0.0733418191192162
-0.0738844774609806 -0.0511052456279614 -0.217379468955067 -0.412052138721304
-0.00415401108853469 -0.0823785675743986 0.216677936824535 -0.716992255895258
0.0890420258927251 -0.0167326169941737 0.729211826586627 -0.459189165719
0.0835787257300782 0.0445884805286958 0.692562365646821 0.196003328726498
0.0424817372844299 0.0685306665147568 0.272219603283172 0.276918978209357
0.0369817356797535 0.075488072071948 -0.0353766653672908 -0.127554354393307
0.0505148880847675 0.0737497165703214 -0.396582439039479 -0.508220995007607
0.0760825715128942 0.00511058489148326 -0.854880221379382 -0.229610540620576
0.032695158236261 -0.075725071578665 -0.643673363134924 0.476932408023066
-0.0376321103732759 -0.0625965168464282 0.0243746046298731 0.709307211912307
-0.0874601295962279 -0.0369467060508767 0.295676517357643 0.464260910954628
-0.0849804506903375 -0.0120681073256578 0.174651267139478 0.0625908143692405
0.0346694763271399 0.0176635403158278 0.0876886487496558 0.0581119432997178
0.0341130788184604 -0.0230058319249627 -0.15932514038689 -0.0159330098953413
-0.00673292426652888 -0.0432694168553778 -0.334507402246371 -0.093914631900925
-0.0573726954001367 -0.0140834257850757 -0.206443061670589 -0.426793256158775
-0.0418830627082048 0.00184813398667239 0.244615638257631 -0.699874605077501
-0.0100462025192276 0.041228261034294 0.753155260258867 -0.4136784270217
-0.0362579874973633 0.00851442648781445 0.69567742420339 0.226743871749701
-0.0256091381964534 -0.0453929959405576 0.275648007319037 0.280912740162814
-0.0167094055254659 -0.0595343358360883 -0.0341996193665981 -0.122669194629309
-0.038004469618783 -0.0239756193342661 -0.410624596046209 -0.469876804976107
-0.042255208298817 0.00362667560202208 -0.844180247273545 -0.163248648277735
-0.0663206710062194 0.00606843212813798 -0.588744841383383 0.516749084023835
-0.0605433946877005 -0.00129906915428722 0.0591492588717634 0.709125460493337
-0.0305168518220019 -0.00664791396686071 0.301305597964465 0.449501529850941
-0.0130446014776675 0.000300613317613663 0.174723417577798 0.0569294184414534
0.0949177200662378 0.0129049690451128 0.0830751027811891 0.0652623127035274
0.107717725504323 -0.0264092318292757 -0.157077988333753 -0.0346382277141177
0.0429509267788635 -0.0390051002449216 -0.322400115328435 -0.157476995619894
-0.0481417404061735 0.0376485217532109 -0.159388756504027 -0.480516903409283
-0.0880788845387051 0.0780842651809681 0.32669725563323 -0.659608268470282
-0.113720620391374 0.0724299556710641 0.784702936260087 -0.298926570746204
-0.144685158740234 -0.0468763607561719 0.653213499799872 0.282114744320058
-0.0904619213321636 -0.151499130731242 0.244663981170806 0.236759751201171
-0.0814192909682065 -0.16256076978838 -0.0679930171057402 -0.165243303115071
-0.135911698798913 -0.0795251651659347 -0.486171186065877 -0.404213579915818
-0.150253158141091 0.0364355849105919 -0.822471163093534 0.00547509547833332
-0.142970307710727 0.0963087221108098 -0.445420338229141 0.610072545432565
-0.0606357620530817 0.0538970307756528 0.145295983723577 0.673850690883219
0.0360548956675365 0.0191763430530162 0.307091832398194 0.383020879315861
0.058983844253265 0.00916515451235126 0.150828765742212 0.0290650434608017
0.144444844408305 0.0160577095249287 0.0605595848748938 0.0671436370328554
0.155905376481657 -0.0152010625225051 -0.165763177722714 -0.0716259272729287
0.0647182118521542 -0.00981822969014456 -0.306014981452738 -0.258638068070718
-0.0639578486889093 0.103227063330333 -0.071112225082813 -0.541994740492133
-0.149384581469547 0.126899344496075 0.453322502502168 -0.574108777197043
-0.210361090888401 0.0553605403128586 0.800367475766978 -0.12188132244372
-0.218081387981973 -0.127528151116685 0.56738627345518 0.335090851276454
-0.141406790167699 -0.232979131295103 0.183850975224221 0.153601549925633
-0.155267583039096 -0.207515565998086 -0.142536514404801 -0.223660415695664
-0.22938431823265 -0.0640304855825441 -0.589565595772878 -0.285864753609734
-0.220116845749162 0.110743939838608 -0.752566602837371 0.237926219665258
-0.165375296473044 0.175087893734266 -0.248694437514421 0.686425965297774
-0.0259885330500754 0.0816691073313998 0.241557744347195 0.591224425264703
0.106677565958827 0.02797606054397 0.303146075719018 0.28099877524318
0.120066924363168 0.0102366349537944 0.108932331955677 -0.011762636108115
0.17376645168678 0.0264941238583262 0.0219559909869121 0.0556071545505352
0.167317559745951 0.0103400938896007 -0.184079651519102 -0.134089197800731
0.0530595877653636 0.0370035615369017 -0.276912704989008 -0.382325678350493
-0.103393455941776 0.158321340463456 0.0606366848691972 -0.577099625387724
-0.211677911395439 0.125473805024665 0.594236463496209 -0.425523206628184
-0.272229743452347 -0.0135855487765415 0.777928988993933 0.0790194469231957
-0.239277569914609 -0.210623693086838 0.451733390245036 0.359124544851202
-0.171591923028325 -0.279614440237497 0.104871895811773 0.0409641283889265
-0.21721517400058 -0.19403008016492 -0.254725778534267 -0.267859353792338
-0.28514030693681 -7.7941738716239E-05 -0.681468448127891 -0.11438217557226
-0.233825491215846 0.183319541412624 -0.628913475453107 0.467383954429684
-0.132978409721435 0.206278104945097 -0.0542834127179649 0.705009438366613
0.0337289678474755 0.0746867972766209 0.309202060368407 0.462892281697828
0.165312559265175 0.0208479276020648 0.282947929211336 0.16429331982429
0.158262306049676 0.00331311408686816 0.0570067841013953 -0.0535679045520025
-0.150462424736287 0.0342424920264637 -0.0241994364738209 0.0147308786072515
-0.204710404866215 0.0131542207190369 -0.234312964774378 -0.072936170524808
-0.113841018233894 -0.0436297318126402 -0.344819596163932 -0.299329960238456
-0.00189035961891288 -0.209220814058606 -0.0512819597591298 -0.597340379590411
0.163572901759347 -0.261127861160284 0.446786475356668 -0.632734288850015
0.309296032066335 -0.0551344210155034 0.726468291103175 -0.161182353111647
0.278157614408912 0.17471581200205 0.441884962000937 0.235817784901827
0.174814095679519 0.28492843102139 0.0858233933531769 0.0197912029019086
0.22053202482912 0.271412086087314 -0.249077735271203 -0.355488658800312
0.289897529929702 0.12010935452449 -0.69457899084023 -0.375554436892126
0.265286172982519 -0.125152990596039 -0.829238172250108 0.198356031194021
0.120559796547031 -0.229839635157126 -0.308206917426057 0.661834282275818
-0.0584069619349158 -0.0993628550952739 0.217563934973643 0.535741809595591
-0.213610030942395 -0.0285577984485497 0.295343813328235 0.249021591220652
-0.200965580563046 -0.0130576556019774 0.055452320040974 -0.0256236172508113
-0.127581017919535 0.0384943396981412 0.0165222164378039 0.0295463987999527
-0.182760930041652 0.0151314442048226 -0.206820775971043 -0.0269939956249628
-0.132069907470916 -0.0174412632336947 -0.34911247485967 -0.174220417468869
-0.0528517388166879 -0.14473622868373 -0.142060289589767 -0.514160278911088
0.0955460653549443 -0.230962207714636 0.318934349801387 -0.702134841264259
0.258581790068495 -0.0885664016754381 0.725304919985008 -0.324922503886906
0.258313590815442 0.118315778994985 0.552980750365437 0.210528812696202
0.151540507359948 0.245742961256635 0.169214075636409 0.133841728198941
0.159164239398493 0.26803268507986 -0.1385138352875 -0.273189106596461
0.22850992991025 0.175951175799087 -0.561711669265301 -0.48518555775719
0.25311949398845 -0.0500325702297363 -0.87812324276262 -0.0256605382128943
0.142158958144176 -0.206088675252242 -0.48801304738621 0.587113278194376
-0.0293291936603453 -0.123420214132877 0.129732922848593 0.626611900840225
-0.181715818393068 -0.0519206250883398 0.301257632607193 0.35033498962288
-0.185756452111464 -0.0212438555015712 0.108682105471082 0.0125872512757662
-0.0847984051305359 0.036750246681604 0.0488507452094926 0.0388091754539464
-0.12797792217603 0.00544326225093044 -0.184728649809132 -0.00911579446880108
-0.113393223549752 -0.0153910674834267 -0.346292245317538 -0.0967458207401486
-0.077487456350731 -0.0892637311038944 -0.196103311354377 -0.440557848901933
0.0368792200109703 -0.162604706672257 0.238575144189701 -0.721391735830187
0.179513214314354 -0.0688346725389325 0.713204684138253 -0.432632927028562
0.188481670500165 0.0751616244223917 0.638031604906029 0.187789950594839
0.104516726328919 0.169400161358458 0.235657241906446 0.221957067810648
0.0935811282276553 0.195088707448304 -0.0673465941582092 -0.183096231238306
0.13977934245896 0.156072129189189 -0.450075535781845 -0.515721334968809
0.180519361192683 -0.00216736881763994 -0.869101739100625 -0.174898713482277
0.109782767058754 -0.147120221711906 -0.601306040810681 0.508141242418892
-0.0221537434862617 -0.107845867733746 0.0570117790618615 0.67980506999691
-0.136987518418939 -0.0556610924845766 0.298992907871514 0.42532442661536
-0.145190830921738 -0.0192927486591152 0.151189381873192 0.0450901055436488
-0.0280044628834944 0.0271091383578709 0.0753203768975921 0.0482991884288395
-0.0510867998567125 -0.00969948956066411 -0.168172418919755 -0.00668017400255622
-0.0666026985678586 -0.0291243642342893 -0.341375747882994 -0.0686092703681935
-0.0737035982992719 -0.0499722672422721 -0.220058837134685 -0.404977102468482
-0.0060867176143386 -0.0814475661118034 0.207551187278288 -0.71420437443057
0.0890506528566499 -0.0172975505341908 0.71844569226648 -0.462871805357975
0.083517222538656 0.0435680589229334 0.688058892849277 0.185125263517607
0.0420552614634091 0.0670234019373131 0.272979227455005 0.27277220718723
0.0376799278814294 0.0734540177737159 -0.0362219691067742 -0.126478310468145
0.0520519771563316 0.0727169845038049 -0.399350543704448 -0.499514018999394
0.0751016432070623 0.00490759902027883 -0.851657527680574 -0.218633169770578
0.0313105942839508 -0.0756056314590621 -0.632615803062728 0.481732373073976
-0.0384661051855185 -0.062209692539561 0.0324954321396186 0.701960549657499
-0.0871142793430487 -0.0362434978920983 0.300977918249759 0.458042212934808
-0.084001215301591 -0.0110763535108783 0.174183799208883 0.0603815811309963
0.0345649817218022 0.0168516145298567 0.0878198960585506 0.0572080288290219
0.0331826830053004 -0.0231149691472098 -0.157917098419145 -0.015141894703084
-0.00766841238658096 -0.0422627658744222 -0.334411829046178 -0.0893967874076961
-0.0564978217151793 -0.0131955235733528 -0.210429863455623 -0.420028819205637
-0.0418221467111367 0.00227141628584752 0.234970999370532 -0.693489169577399
-0.00863825040446891 0.0407367364174692 0.74253588808147 -0.421001386983593
-0.035708831430557 0.00889376683197719 0.694232970474049 0.217486958863656
-0.0266908659840135 -0.0452589355785794 0.277244218520759 0.276559925949928
-0.0165807429569595 -0.0593271938785481 -0.0342075324015761 -0.120385969877591
-0.0375840698787207 -0.0234495486627398 -0.410761261037219 -0.463651694084162
-0.0417473959270818 0.00427612073341679 -0.840077622757364 -0.152082134035878
-0.0662695788013653 0.0065093350619163 -0.57766758911768 0.521995963719671
-0.0596056023230119 -0.000249770701299602 0.0669819956919566 0.701008265451293
-0.0299814394883149 -0.00585836428115493 0.306498602107358 0.442166455552192
-0.0128624398809073 0.000717885711392703 0.174521477011488 0.055291361765437
0.0944719270854673 0.0117034516792842 0.0835067021996199 0.0646498927166563
0.106361596880091 -0.0270421625464442 -0.156990545088323 -0.0334658984702456
0.0423201535021442 -0.0391378540960889 -0.323422023903346 -0.153608280936495
-0.0473383477546047 0.0371761267231988 -0.164956047347668 -0.473862711175541
-0.0864098268101842 0.078470796363423 0.317371279268798 -0.658139156315443
-0.111506951791872 0.0730837062014514 0.773908959665828 -0.306011739553466
-0.144328929115292 -0.0456348350478806 0.653315118964986 0.272024709007673
-0.0913699729275751 -0.149111569062689 0.244879543263807 0.233384135121722
-0.0824849961288636 -0.160859140494839 -0.0682997154004515 -0.162731575120076
-0.135700779201599 -0.0765785761077518 -0.487508362738509 -0.394837366055762
-0.148573283459249 0.0386087394651983 -0.816856539098527 0.015829396006874
-0.14134843764748 0.0978024279916317 -0.436505481891217 0.61026873438133
-0.0604212151010591 0.0540963533669954 0.153197919253263 0.666936856512692
0.0358331343135779 0.0191895006596385 0.310391647363812 0.376972653939244
0.0587550487894755 0.00964867969848211 0.151758536119527 0.0272623490167574
0.14287943869904 0.0143946250036599 0.0615679332906347 0.0656016152611669
0.154248814759379 -0.0165948630790556 -0.166292669367711 -0.0702130157311777
0.0640167793615006 -0.0104607250523293 -0.308297996473046 -0.253484149767848
-0.0616661010897965 0.102732906180489 -0.0776672608637855 -0.536306209078763
-0.146768965374925 0.127764215615772 0.443584452624266 -0.574514621945632
-0.207534074040919 0.0574464368927951 0.793861867336693 -0.131059377489823
-0.218207517000016 -0.123231706607652 0.566673400071238 0.326967008401876
-0.142598946283507 -0.230477661748413 0.184334906181771 0.150058374900855
-0.156364572809816 -0.204259264036281 -0.143312927398873 -0.221034411995317
-0.228100916537245 -0.0611701050866665 -0.586704432209476 -0.276884179143172
-0.217992857445331 0.112011299829856 -0.74418854020618 0.244960194456245
-0.162111504954672 0.175473993502244 -0.239639042642153 0.685909119630064
-0.0241280018354733 0.0807858269817564 0.246567490230336 0.584895629756797
0.10638543402424 0.026557890149855 0.30503092407804 0.275639533978666
0.119217703806777 0.00933203078541767 0.108423360538573 -0.0130554072500445
0.172827327595543 0.0239576186222147 0.0232533001343744 0.0556597722310823
0.166585624797175 0.00782416256589765 -0.18476557706383 -0.132243500540442
0.0534623049549766 0.0354592356241892 -0.280531548258201 -0.376361179311224
-0.0996746121987185 0.15862607937547 0.0533501218374101 -0.573058550288654
-0.208745470640101 0.127962181609988 0.583822504960491 -0.428717717954774
-0.269815423349682 -0.00999207295273109 0.77092127661134 0.0692168157037418
-0.240285254928004 -0.206511442868333 0.452283039446168 0.351575693193251
-0.173701494321991 -0.276083402129677 0.104898705713824 0.0394897242824588
-0.216226095600043 -0.192113565228111 -0.255957133694126 -0.263334282549246
-0.282276509500396 0.00300280419858716 -0.67670479526777 -0.107143232762741
-0.229077267119464 0.184890481148206 -0.619422157712654 0.471682117873188
-0.128896062955593 0.206622695865398 -0.0474198251388862 0.701421401519301
0.0345294851066646 0.0730582436318267 0.312538340295859 0.455123516098718
0.164347713252433 0.0194829415695596 0.28376960364925 0.159769076887915
0.156715699978842 0.00308399031746465 0.0558059271349755 -0.053785190909454
-0.148393738683242 0.0348976010678089 -0.0243186220235202 0.015256500982664
-0.202952792668437 0.0153668788638959 -0.234964868774152 -0.0710308651883464
-0.112935301975723 -0.041643464335578 -0.346404382016666 -0.293325376243602
-0.0044229905951603 -0.206634717343785 -0.0566070971635908 -0.590892095773454
0.160100149266223 -0.259845527103236 0.43429495596252 -0.632254867565868
0.307236634967823 -0.0579787023753212 0.71863812847286 -0.167358435567724
0.275948705178814 0.169770062666061 0.440163601404086 0.229053435767118
0.175185779250128 0.280939106803387 0.0850993584222956 0.0190979379006486
0.220296839649497 0.266340795661128 -0.249431807208857 -0.348302523619057
0.289368320513129 0.116285623541384 -0.692826479289496 -0.367406873892734
0.261637939633385 -0.126139150271957 -0.822012744730912 0.204324544458527
0.116177274156127 -0.228476364271231 -0.2991013717558 0.659544011379344
-0.0592158824631626 -0.0978588923728074 0.220894824470141 0.529076564004934
-0.212813773912097 -0.0252010176452369 0.296219084286791 0.244722420329351
-0.198371427411665 -0.0121562374385702 0.0558765359449383 -0.0257866453857434
-0.125163393398243 0.0388728802615141 0.0161337655503913 0.0300384753970261
-0.182404287396113 0.0170316861650084 -0.206737359639305 -0.0257651909525219
-0.131037435303636 -0.0163823049265427 -0.349730880935504 -0.167902481332231
-0.0535986220051115 -0.14254059755098 -0.143976346969495 -0.50925264896251
0.0934576727878985 -0.230118069975152 0.310419765768763 -0.699806983378919
0.255829432590997 -0.089568806462313 0.713255694320058 -0.329553918534311
0.256571347405138 0.114457157824764 0.550597735623077 0.203063850248517
0.151657553840206 0.241822480021885 0.168668269802913 0.13072604875565
0.159968162356667 0.263651762074368 -0.138532274941214 -0.269336954318871
0.229273858113311 0.172235707007305 -0.560759369941797 -0.476728071573081
0.250025572431544 -0.0517952859507129 -0.870789510353111 -0.0172210388403053
0.138647147721083 -0.205589842145589 -0.477736064194741 0.586858631202915
-0.0307126954643286 -0.121774723692826 0.135850719017883 0.618025807553413
-0.180961962448805 -0.0505558388010546 0.301936145668828 0.344787862293153
-0.183586934083772 -0.0191817155786453 0.107485634467755 0.0113725516497638
-0.0837747073646277 0.0365967525281919 0.0485615503059591 0.0387040299799727
-0.127797780342811 0.00677982965945929 -0.183105276655926 -0.00858550166430532
-0.112741790724878 -0.0146381343495506 -0.346434959896172 -0.0923521654316247
-0.0778720492955226 -0.0875086285092536 -0.199040495567826 -0.433256924579185
0.0349085365852166 -0.161124867270318 0.229288661993893 -0.71671145238172
0.177605803899126 -0.0709710237500795 0.703651692099338 -0.434969590982723
0.186290206391124 0.0723065340970833 0.635144398489834 0.179375827561276
0.104517336018464 0.165897629973631 0.234770608162157 0.218876739823514
0.093834262457636 0.192411083591815 -0.067417454656833 -0.180220695343759
0.14015307780225 0.1539506637826 -0.45102312549295 -0.505889542451907
0.178473259083154 -0.00387812401629283 -0.863237160425583 -0.166325946408217
0.107635076751287 -0.146547181355295 -0.591801799653443 0.510396020069961
-0.0234238970767781 -0.107031990008131 0.0643259629341638 0.673154552487501
-0.136503211449284 -0.0536894729545807 0.302607375800482 0.418206926774833
-0.143230413207387 -0.0176058826799518 0.150689332986573 0.0427587285664614
-0.0273235524444152 0.026878574301879 0.075277424324171 0.0474589004391102
-0.0509870162537285 -0.00898967703993012 -0.167340959683034 -0.00688872384228442
-0.0670437768448362 -0.0280087667470474 -0.341242572598204 -0.0656179396745701
-0.0735074495744899 -0.0492342734500309 -0.222921840934186 -0.399946013102665
-0.00638780553282375 -0.0802323754495459 0.198431498997314 -0.709379768184994
0.0882981095487754 -0.0186471406155708 0.706577422666776 -0.465969176258125
0.0829575102331608 0.0420856416441434 0.685079831895335 0.178582660983081
0.0418350378724883 0.0653107006346174 0.272424956595139 0.267940691530836
0.03785222981449 0.0717168460579101 -0.0363887911860141 -0.124937372263232
0.0526166114685555 0.0720226117624423 -0.400546282939003 -0.491770515174499
0.0743728921473663 0.0041068038917119 -0.84719386445338 -0.207394837679115
0.0300338350920034 -0.0750918073662135 -0.62162594043415 0.48389808538018
-0.0390449350338009 -0.0611567005227179 0.0387655684928007 0.697436777077138
-0.0865081952930227 -0.0345695584917149 0.302570382480417 0.451088855993756
-0.0831889255492286 -0.00951674683531206 0.17417134546296 0.0579350212415507
0.0338530870147213 0.0158853696298085 0.0876342375226982 0.0564838416984899
0.0315302738013258 -0.0230097928887455 -0.157316192152713 -0.0143978376770221
-0.00842653162455389 -0.0422316593999699 -0.333450933318888 -0.0854202427746623
-0.0561851278322911 -0.0129538851967986 -0.212571848156906 -0.414200330677296
-0.0417300780589463 0.00362356406490991 0.22695993080707 -0.69147146769498
-0.0081954513158315 0.0395773255382358 0.728922214684357 -0.424418308301099
-0.0352385538190682 0.0086633709983363 0.689207348449211 0.209141863560156
-0.0268348924106306 -0.0448818221405097 0.27679368360044 0.271564328860677
-0.0168178349768218 -0.0593880180742357 -0.0353746916922251 -0.119677303666868
-0.0369522754099572 -0.0227869070965727 -0.413393859200014 -0.455020220609651
-0.0417211502448738 0.00481459928538885 -0.834141837150822 -0.142745040930676
-0.065559241927598 0.00702687705489659 -0.566871560178429 0.522744853962001
-0.0591429095672402 -0.00102308945022835 0.0744372608103158 0.695346428511926
-0.0301837235154363 -0.00584605273708953 0.308332997375289 0.436545704343393
-0.0124774129356295 0.00110621086141131 0.17470465123872 0.0529838349653948
0.0932478318887972 0.0102966032275036 0.083257680362412 0.0631251153487969
0.104760018383986 -0.0272930100818169 -0.157107385890307 -0.0329958744052248
0.0410218072740921 -0.0396580140591901 -0.324235392572216 -0.14927053859891
-0.0459597073949386 0.0377466209917017 -0.167603183004184 -0.467947673842641
-0.0855256602520216 0.0784228272188734 0.308185416378587 -0.655461048964853
-0.109839541957708 0.0738856913392419 0.764707499202266 -0.309652750320519
-0.143054212659424 -0.0434009512729571 0.649060098649354 0.263289607494514
-0.0921540141376522 -0.148258827113003 0.245407033966561 0.229978873207313
-0.0832830083620893 -0.159589825270109 -0.0681135441917559 -0.159818310080912
-0.134734353106111 -0.0751333836238777 -0.485317002551108 -0.388354553968556
-0.147411266137524 0.0406468217076746 -0.808886781522929 0.0238171358705923
-0.139518065069778 0.0982553606778093 -0.425078488167788 0.609787207539628
-0.0585622941488133 0.0529826224685756 0.158267351869203 0.660141019599895
0.0358598927264015 0.0180403515058831 0.31218130718013 0.370960164305378
0.0581987188709136 0.00848531116087192 0.150770566002813 0.0260944334033894
0.142056519036921 0.0127200027156265 0.061609204997551 0.0649548500247465
0.152586904443551 -0.0176537301288888 -0.165642833734632 -0.0692600906346368
0.0631228787948941 -0.0112822667706699 -0.310042434225431 -0.248486806497194
-0.0600908448260973 0.10267234985142 -0.0818994401570291 -0.528763476268523
-0.144683101980162 0.128812034992978 0.433237601886804 -0.57382284309385
-0.204848048725254 0.0583650303204757 0.784429467859634 -0.137781059982216
-0.217843820818693 -0.120901921031538 0.565300452838155 0.317722841409272
-0.144809615812086 -0.228304628521287 0.183738423942092 0.147893092905563
-0.1566438058964 -0.202060255830442 -0.143799482051517 -0.217729998576877
-0.226161828931767 -0.0580085113115366 -0.585060576496353 -0.269089485869916
-0.214643273358873 0.113939115925605 -0.73486863937337 0.249909326820487
-0.15868039137901 0.175911019414561 -0.230513140974416 0.680147891014076
-0.0235193275909546 0.0795396115992639 0.252949850047822 0.576038240005109
0.105505971919794 0.0253988136841628 0.305727768901601 0.270143948111163
0.117834145171397 0.0087277549119828 0.107971712184441 -0.0138252128106893
0.171244731492997 0.0222643734728117 0.0236252135206347 0.0550232743805524
0.164577663266288 0.00698879433862828 -0.185192082284592 -0.129382687409451
0.0527405199161172 0.0349335364410179 -0.28325312957755 -0.370131358084202
-0.0969781537996619 0.158037307945071 0.0480547286540143 -0.567072250485666
-0.205766274604267 0.129362165326588 0.575605192450499 -0.430928439505869
-0.267572306664841 -0.00698209595061453 0.765450370024191 0.0624290634324886
-0.239588113219745 -0.20203640971586 0.45296815086519 0.343320678515058
-0.174452804006749 -0.272217138567181 0.103554290250825 0.0383317092324911
-0.216449831043412 -0.187779948780396 -0.253599685086921 -0.257484585195769
-0.280596837574979 0.00543405684732828 -0.672399794880332 -0.0986287180958434
-0.226477254834991 0.186065667841061 -0.607916788392954 0.474368411899753
-0.12606602983152 0.20563846901605 -0.0375851813047909 0.695139815664307
0.0359419921011774 0.0713424676997998 0.314556264707273 0.448808939016227
0.163771387800237 0.0177876391616123 0.284485238132849 0.156330753417785
0.155059682892546 0.00238262571620802 0.0556637230689961 -0.0535441944267837
-0.146692439732962 0.0360096253256077 -0.0244019613328657 0.0148136688473928
-0.201497764055363 0.0175796994597919 -0.234426054067098 -0.0682343919772914
-0.113985477133171 -0.0407284389004925 -0.346950803178088 -0.28712460238408
-0.00599909459797251 -0.204446752545636 -0.0611206559717816 -0.584932002185257
0.156826334403489 -0.257621189513806 0.426415719379499 -0.629024076455216
0.303667768524253 -0.0598940904596536 0.708588307615784 -0.172122102223584
0.274761923264737 0.166819582934783 0.43711820902273 0.224279764381067
0.174595361865934 0.27680615802426 0.0834161091850104 0.0180867562748484
0.220449929369702 0.262191381311346 -0.249359811141221 -0.344355747837762
0.286897301550317 0.11447821812755 -0.689255173582711 -0.360061651108398
0.25938841595969 -0.1263454019542 -0.812746269918076 0.207637911857108
0.112012214554834 -0.227403614265246 -0.289330886227585 0.656464126814838
-0.0592334087523464 -0.0963245761217354 0.223527370985287 0.521567031421714
-0.21012300580867 -0.0240805949557525 0.29570291232262 0.239828508740303
-0.19644600085103 -0.0105648123675379 0.0553737198799603 -0.0261848055144157
-0.123259531126206 0.0394052756015071 0.0156519184058759 0.0296006114423985
-0.180904140515385 0.0193539148921541 -0.206127755887277 -0.0241973427480873
-0.130627718392638 -0.0146062139829554 -0.34947989265263 -0.164117611732405
-0.0554334377180464 -0.141785812175995 -0.147375293120637 -0.502707260246994
0.0910620401947072 -0.227871539442648 0.302279256358057 -0.695336166605668
0.253562354455275 -0.0916724166890026 0.704549510103485 -0.331299852909719
0.254627875582991 0.111619803999642 0.546439838562704 0.196107768318525
0.152243037569073 0.237667335574108 0.167424932793659 0.129660388743425
0.160091494322964 0.260055148754407 -0.139028259854137 -0.266195335550389
0.228251628781494 0.168660091387097 -0.560250705296603 -0.467501616563719
0.246936404571305 -0.0533120278691989 -0.862760656799896 -0.00966782974531345
0.135563009482756 -0.205123793270629 -0.468216634772515 0.586244242910618
-0.0314108589323268 -0.120623091849648 0.138972826891061 0.610780557810095
-0.17915542548063 -0.0482954644278558 0.303507853030209 0.338411323508414
-0.181458439359473 -0.0173148191283301 0.107811621848986 0.0103589856564538
-0.0821120431363385 0.0364109237889342 0.0481880699885305 0.0377216407973787
-0.126832857393679 0.00794035350174429 -0.183395150717689 -0.00795801654272538
-0.112583405123045 -0.0129442024684535 -0.345469136467051 -0.0889089674074346
-0.0776389504126344 -0.086828853124415 -0.201021160366015 -0.428303120984692
0.0336126399990183 -0.160473376891052 0.220900843443268 -0.710542690676356
0.175821548985388 -0.0713355872322702 0.692962069913715 -0.435851228396249
0.185113778496224 0.0701632653904181 0.628660497217045 0.172967311126895
0.104645839956464 0.163305561470345 0.234259144463089 0.214407223547051
0.0939534485468326 0.189614185730599 -0.0681267595553363 -0.17821792800056
0.14120360842219 0.151427017599947 -0.449654990416778 -0.500038251064876
0.1764574273612 -0.00406116420908437 -0.857257487883505 -0.156417429059161
0.104650963630117 -0.146584028839157 -0.582664245668062 0.511280052681376
-0.0236606857256276 -0.105950627397 0.0694394170233777 0.666483455025354
-0.135769744177227 -0.0518620961250766 0.303703552480395 0.412399917801295
-0.14201941986087 -0.0160758408310274 0.150585984526188 0.0412504335269891
-0.0268159104091303 0.0263955171314433 0.0746634950764972 0.0468028060739923
-0.0514953453332968 -0.00807636539057991 -0.166875768927422 -0.00616761617109222
-0.0664917228867932 -0.0278385276394397 -0.339775454848308 -0.0621446680905501
-0.0732951411263227 -0.0481663854687572 -0.223755284335984 -0.393215492176047
-0.00744744711460642 -0.0793239069819111 0.191720960460137 -0.703463268838455
0.0882587090786501 -0.0194708678775494 0.695808049527373 -0.468117614678707
0.0819968766022185 0.0410635936948204 0.679949937233934 0.169347245385656
0.0419563588505181 0.0644793234114819 0.271587012996224 0.263717057174912
0.0377554983977513 0.0700938185707224 -0.0361779378239515 -0.122658581568215
0.0526202164795294 0.0707701870952632 -0.400284693932323 -0.484252736632609
0.0738778089743773 0.0033474667786711 -0.841025771398816 -0.199500975691875
0.0289488320637346 -0.0747000316500534 -0.613855540004493 0.485557806115328
-0.0388340680356782 -0.0604814361158952 0.0451226274978324 0.690006975470931
-0.0862943417230948 -0.0337492226279798 0.306462952763604 0.444096060868377
-0.0822994737351227 -0.00918677951178283 0.173637520553107 0.0558745018552165
0.0345870404767985 0.0157743091731473 0.086824054721916 0.0551189438401736
0.0312619702854179 -0.0226825875718025 -0.157387040570284 -0.0142008732681486
-0.00869646348054194 -0.0421860030590931 -0.332649664787818 -0.0820368122405636
-0.0554894839586691 -0.0117581384689722 -0.213892334252281 -0.40765957473826
-0.0414411301891146 0.0037067511072285 0.217780974480988 -0.686145804490341
-0.00715066945152369 0.0395323093321938 0.719646468852357 -0.425377405733453
-0.0352303925190118 0.00852486572075473 0.684659626926303 0.20102438548759
-0.0275764555552953 -0.0449747650883759 0.275860657535932 0.268256162808017
-0.0174330742111166 -0.0591857295143003 -0.0357362266300682 -0.117478646932204
-0.0371389462767187 -0.0221282569744642 -0.411858553050994 -0.446600684751037
-0.0414496097259226 0.00549180134337764 -0.827380256901678 -0.132688729001443
-0.0652020210772564 0.0072596304327595 -0.557508299138194 0.522257007478977
-0.0586351003642911 -0.000904908332443773 0.0794834356488279 0.688352198148905
-0.0297185766218092 -0.00563050513448502 0.310179440574759 0.428777259171768
-0.011710161914909 0.00160376006780904 0.174084704688913 0.0509973109686614
0.092355884562284 0.00950945336590778 0.0830394114763178 0.0627570909863789
0.103123124015427 -0.0277905322876819 -0.156237186276024 -0.0317296469144385
0.0404144294488206 -0.0400037827193175 -0.323837823158041 -0.14558895810695
-0.0450295382553807 0.0376076989131999 -0.170139606309674 -0.460662224156373
-0.084612971483277 0.079718321763276 0.29930072720748 -0.651830163692944
-0.107394075380582 0.0730014812207994 0.753652441848207 -0.313448841237264
-0.141803986423239 -0.0423484268014982 0.645615943914233 0.256479282264831
-0.0926886787237713 -0.146588807579191 0.244208916420203 0.225287353433358
-0.0838623033788057 -0.158317832694072 -0.068819908049833 -0.157497270489375
-0.13341433168203 -0.0725695736603708 -0.483934812092067 -0.379989548409877
-0.146069153138023 0.0414636451540355 -0.801483545116125 0.0289202475011489
-0.137646267270233 0.0982649899893235 -0.416734579945093 0.607977648058796
-0.0579659336849757 0.0530198151714629 0.163734350904334 0.653408842852209
0.0359151804605346 0.0176436706792078 0.313335297275099 0.364659108015821
0.0577971975910995 0.00842603525117359 0.150350172812253 0.0241190856082268
0.140539989273472 0.0115444443336508 0.0615748760914512 0.0644636236960402
0.150371785665651 -0.0179681036660461 -0.165411661080856 -0.0683941114033832
0.0619774106841717 -0.0121686270950274 -0.310882791093017 -0.243295379105625
-0.0583302175119891 0.102420169976813 -0.0853571577973853 -0.523272002527323
-0.142538303528593 0.128906784084363 0.424550477873517 -0.572257145420877
-0.202011360986558 0.0596845582231474 0.77678797746641 -0.144152943470468
-0.215782077773959 -0.117220446049934 0.562347319693461 0.310580163495978
-0.144414879083206 -0.225456342355105 0.18366749293416 0.145104479503439
-0.156258726040437 -0.199895695889412 -0.143116496128359 -0.21364191601733
-0.224884223374592 -0.0554635310758031 -0.580575992146211 -0.262648784070558
-0.211661040383531 0.114826172018122 -0.7264099904607 0.253660791075993
-0.156582275462773 0.175658337306328 -0.223871226218175 0.677361745364481
-0.022788478827851 0.0781458672651932 0.254481507084348 0.569412579435048
0.105211331599578 0.0239385737934681 0.306328262692561 0.26530173367009
0.116530190961432 0.00782051753471336 0.107784855868493 -0.0142195033219529
0.170011135451879 0.0204854772515478 0.0242257451663561 0.0546377340841161
0.163364738889299 0.00580153429946459 -0.184828469177547 -0.128059695088159
0.05250326372643 0.0339292145638126 -0.284241373555132 -0.363958340436069
-0.0946537457624398 0.157081570242418 0.0435977232204015 -0.561823194824528
-0.202958089681375 0.129997154313229 0.568415500648648 -0.43098564151058
-0.264630036550372 -0.00478721038467688 0.758367949065012 0.0534263982213136
-0.239294860832698 -0.198732574217055 0.450501435211577 0.334852682554223
-0.17494701244687 -0.269601907440755 0.10276040013923 0.0373145754633664
-0.215506176926919 -0.18580643641957 -0.253200451443274 -0.253825276700981
-0.277511953252345 0.00860634064004913 -0.666510944555009 -0.0934582594410036
-0.222565626034191 0.186502026140562 -0.597736470987812 0.473557317363029
-0.122120592638714 0.205343356301992 -0.0317867058046744 0.688268904111921
0.0360786360593644 0.0694257756078199 0.317105848108458 0.440656183431444
0.161878660595062 0.0161318513626398 0.284113272607061 0.152490927922402
0.152996929828522 0.00156320455766128 0.0556743846504213 -0.0535018538521192
-0.143930201520823 0.035572011517384 -0.0244431870025256 0.0149557247409533
-0.200451910295277 0.0187462318111218 -0.232989873662167 -0.066489076574352
-0.113115738968174 -0.039529996669276 -0.345916249630716 -0.279743799044745
-0.00697414435172659 -0.203234292588816 -0.0640174145777134 -0.580096661351592
0.153323226754145 -0.256695730486068 0.416390538471441 -0.625880065204774
0.301075232890457 -0.060680180473034 0.700773643882575 -0.173824836810573
0.274147162665682 0.163259095714258 0.433023250712925 0.218868404489099
0.174637099969799 0.273027030427954 0.0821508496813075 0.0182423684393077
0.21907995896857 0.256291650497096 -0.247973672813671 -0.340018461051583
0.285554419627373 0.111675972134973 -0.685213112049776 -0.352668236296652
0.255461785701036 -0.126735264725781 -0.802734920353283 0.209593736660522
0.109406810280769 -0.226712445682574 -0.283061164297136 0.652191967412618
-0.0604077270303929 -0.0950987544070047 0.225180286328521 0.515282705046019
-0.208827782138141 -0.0223636812090127 0.294900214043046 0.235088226301075
-0.19436041748007 -0.010214654683519 0.0546863518199524 -0.0253368324286744
-0.121592541484941 0.0393587634041713 0.0158435580414687 0.0293844269474757
-0.179069901354122 0.0205247291111756 -0.204639242163079 -0.0233598159000216
-0.130066654832952 -0.0134136464322184 -0.348069098666678 -0.160499360456335
-0.0550874212800535 -0.140055501686391 -0.14871968056425 -0.496748835676855
0.0884863233396879 -0.226008615912908 0.295685479307686 -0.692914581221145
0.251205194830634 -0.0930924617890436 0.694863431082087 -0.332188287758627
0.252347777723969 0.108869296750344 0.541603529281278 0.192813740916036
0.151378119184741 0.235310932081083 0.166177989156928 0.127143491091021
0.159294579415576 0.25502393487744 -0.138953036398359 -0.261748038277001
0.22748563207359 0.16640540092709 -0.557539424940138 -0.459901714920419
0.243635731105517 -0.0534168354339056 -0.855531644677305 -0.00448673736022946
0.132908280107938 -0.204261673291847 -0.459066318524996 0.582590676193973
-0.0323831926567156 -0.119031810882055 0.143071453988537 0.605175839702842
-0.178477700713301 -0.0462199105005333 0.302824274287129 0.334386725604432
-0.179646392539022 -0.0167933169441189 0.106648980172443 0.0100662904014828
-0.0811194622396292 0.0363981397420762 0.0477372740853967 0.0374935068499944
-0.125932345630864 0.0100192570220111 -0.182612014012572 -0.00721010515807943
-0.112148175999399 -0.0124367067050215 -0.344166554417434 -0.0854538553906101
-0.0775579273780176 -0.0855036869244947 -0.201945034786202 -0.421723234109635
0.0324931232503269 -0.158547430537356 0.213156350397518 -0.70534244188594
0.174062924180229 -0.0724941636569874 0.681704778222887 -0.436495834368726
0.183841203618753 0.0681124521091397 0.62472351945018 0.168142051652055
0.103558673079693 0.160970021439338 0.232808413159228 0.211898879439417
0.0939370896388973 0.186276590298051 -0.0680264517584618 -0.175998136602423
0.140207730151224 0.149221700964278 -0.449195356268198 -0.492488660528955
0.175492058231377 -0.00555859196702512 -0.849453886070971 -0.149962483672863
0.102771859095487 -0.14642696601862 -0.572331378513012 0.509701797207424
-0.0246592812822856 -0.105023474697453 0.0724065512408399 0.659714721596023
-0.134984053416585 -0.0499900936850806 0.304315958745746 0.406313301097876
-0.139989687195071 -0.0151447906928891 0.149532734471959 0.0400084062331776
-0.0259605136215974 0.0258246713680606 0.074195865146275 0.0459300394937424
-0.05175290649869 -0.00771480987887898 -0.16588489052749 -0.00607245341668477
-0.0667916214454485 -0.0275640875308396 -0.338498235071326 -0.0590565365915385
-0.0730515721847026 -0.0476103885256068 -0.22485268938076 -0.388661786944358
-0.00831958972348253 -0.0780401941476737 0.185184925293766 -0.69704340355158
0.0877126863583347 -0.0197984171474594 0.685408276178533 -0.46789592246206
0.0815790127602167 0.0398883978812226 0.672759314777804 0.165103272928602
0.0411387622693193 0.0630981595762593 0.270206711055711 0.259166540512921
0.0379443304664797 0.0686319603785906 -0.0365286117936486 -0.121178990564082
0.0533529447542787 0.0697635796736435 -0.399847995975168 -0.477659630027378
0.0724298228692365 0.00316317183063538 -0.834582114998661 -0.190955098238793
0.0276126144190333 -0.0742157656648401 -0.603881051221116 0.485203349638542
-0.039561318391351 -0.0600525422990528 0.0495995151680387 0.683312027018427
-0.0854358709530199 -0.0327453253942312 0.305394153481106 0.437456799284213
-0.0818569343965178 -0.00784255296433686 0.173852403577208 0.0543142013863078
0.0337958776449067 0.0147953491147422 0.0869102049813385 0.0553318173290997
0.0297893707419187 -0.0224656581147246 -0.156262574805995 -0.0142748445684981
-0.00880752957946613 -0.0415030676930176 -0.331601272561016 -0.0799477893487738
-0.0546389249182346 -0.0120817276075531 -0.215238258434162 -0.401945429381871
-0.0419113402668958 0.00416586867525591 0.211992736293363 -0.680192846010669
-0.00581030340246238 0.0391254260404481 0.708425951111151 -0.424977803081194
-0.0346217674067959 0.00897072675176338 0.678715950122276 0.195303406765203
-0.0281732473271526 -0.0446206301789003 0.274912189605625 0.263732146547382
-0.01762148428751 -0.0594676925866691 -0.0351091090881818 -0.1159041464428
-0.0359274574678242 -0.0212082423527753 -0.412425845181097 -0.441280476304281
-0.0409284042696492 0.00578967599295196 -0.820984144506524 -0.129178824364785
-0.0651409057985678 0.00842142500058102 -0.549822452483997 0.52227858499034
-0.0586108371224777 -0.000161070076862528 0.0842979516378079 0.682031675229176
-0.029681171700505 -0.00492134893504468 0.310164740564941 0.423564191138724
-0.0116815851784995 0.00138286891614422 0.173598742160374 0.049010356765415
0.0914016268103799 0.00904387657967191 0.0833922361982009 0.0615283998183183
0.101903924173123 -0.0276958799347756 -0.155437235176999 -0.0318134019737721
0.0396870452230821 -0.0399147387052854 -0.322477264149813 -0.14128997989212
-0.0436812535068362 0.0377459383735913 -0.171488470772396 -0.454228271608063
-0.0830523174923197 0.0794089728126214 0.294516948117468 -0.645446905384277
-0.105424914173892 0.0735825097536834 0.743229333367421 -0.316131795316029
-0.141638302195465 -0.0407523053831221 0.640131469741327 0.249841347278183
-0.09327322939554 -0.145324565529782 0.242277932089383 0.222474044245219
-0.0835302286937972 -0.156566750317123 -0.067887417844861 -0.15619716433672
-0.132212069832463 -0.0710434951089484 -0.480840317285539 -0.375595488779023
-0.144312830465618 0.0412679399374915 -0.79246250469593 0.0347670434352408
-0.135631307863943 0.0979234891822265 -0.409193465460105 0.603533900406976
-0.0572154447846754 0.0528901425272292 0.166740917185651 0.646177668636457
0.0357533480290748 0.0172966708575356 0.313118774362851 0.360260114289287
0.0569395268754603 0.00905385200877399 0.150760756846399 0.0230093638658769
0.1393769246782 0.0105465160596258 0.0620881916746483 0.0633121230311716
0.148836459286544 -0.0180587935651687 -0.164698607732311 -0.0681554190658664
0.0613178867782824 -0.0127569647327999 -0.310994630609975 -0.239289149423147
-0.0561925663755162 0.10114025634918 -0.0879177370996205 -0.516973174314248
-0.140318710014328 0.12972886003501 0.418797277595254 -0.568547812862969
-0.199464145412708 0.0600009546330411 0.766556676850183 -0.146371000834632
-0.214980468455978 -0.115640224997622 0.558717119373292 0.302912845117742
-0.144989306052018 -0.223040089659788 0.182818920344893 0.143489103545026
-0.156175470718947 -0.197321669545862 -0.141817494356501 -0.21162544628608
-0.222628077377729 -0.0530765200756398 -0.576701699108231 -0.256981483715983
-0.209225565991392 0.115971923104714 -0.719390888348119 0.255465894479065
-0.153111755677197 0.175141339893175 -0.216572893728888 0.671325924808415
-0.0224828121257851 0.077588941264032 0.255558162080457 0.563771321063575
0.105195369113763 0.0225610758449475 0.305787547368066 0.261069303495964
0.114629664257997 0.0080090227535968 0.107105531445785 -0.0147474161370374
0.168598553599285 0.0195154015923718 0.0242750485198815 0.0540382436141143
0.161595770850399 0.00581547016888695 -0.184713974067979 -0.126229824507565
0.0520530388289342 0.0335391547001183 -0.286796126659223 -0.358302304541913
-0.0922221004932911 0.156520182364228 0.0401561265314487 -0.555516277742015
-0.200057077438909 0.130271097165944 0.55782102437499 -0.429333788871126
-0.261917355436521 -0.00409453968801729 0.751508228128539 0.0497300110408482
-0.237583671511871 -0.195560119292745 0.447575202344767 0.329739073078043
-0.17459438872424 -0.266507817207179 0.102083697914938 0.036493003074766
-0.214470293601488 -0.182533407360395 -0.25071341783567 -0.249810297486261
-0.273731555220894 0.0105611590233695 -0.659094328880911 -0.0896223490150671
-0.219504269515438 0.18614700998515 -0.587604544184848 0.472379042624127
-0.120177679342184 0.20398135687947 -0.0275255997701773 0.68263850093515
0.0356880434733394 0.0683418509039037 0.31760753192807 0.435292148870977
0.161525772552008 0.0150890795424625 0.28233229076819 0.148618251746538
0.15210017126823 0.00169314070626114 0.0553221187172429 -0.0533423532274727
-0.142680482742436 0.0357544250439957 -0.0244178354339122 0.0151780743727602
-0.199231608290087 0.0200323186705687 -0.23267899859105 -0.0654083251834568
-0.112050410486715 -0.0374248017366287 -0.346599660686148 -0.275860010663747
-0.0074923878322822 -0.201402823828002 -0.0661730075181409 -0.573896597885455
0.151472336076406 -0.254735476310126 0.41067932772428 -0.622852297629684
0.29893860966293 -0.0624177495883255 0.694289527629882 -0.174246098011836
0.27119297186922 0.160399169548903 0.429763953829563 0.215480953930939
0.172666469934209 0.269584752666306 0.0806417482400221 0.0182542803178608
0.2163999992091 0.253050958930104 -0.245993474374153 -0.334678834969061
0.283770517045209 0.108399989999795 -0.680993041976877 -0.346839464793129
0.251487200747406 -0.12700390374264 -0.795722246221792 0.211227483244351
0.107145772238372 -0.225776403226977 -0.279855859913439 0.646540351684256
-0.0605004043624082 -0.0943183979209019 0.226663460594472 0.509623287288779
-0.207258288322071 -0.0220986353171039 0.293478912704994 0.232474699461368
-0.191800973591166 -0.00933820564899682 0.0542987944079046 -0.0259060062091089
-0.120205891243296 0.0385681868660358 0.0149083007180226 0.0295181139114838
-0.177934086629365 0.021764311736322 -0.204719800514663 -0.022817428959704
-0.128988464733312 -0.0127716363852597 -0.34614305414921 -0.156339771539401
-0.0559782040717809 -0.138426782923925 -0.148653749033792 -0.491972278240968
0.0862477221215434 -0.223881173294303 0.288932423334534 -0.685525005465561
0.248478654333593 -0.0935154280092032 0.68529607970222 -0.332209778957483
0.25082729945771 0.107142155465842 0.539345778451744 0.187626198088845
0.150119071915487 0.232326407132855 0.164848230519856 0.126188915207483
0.158004295459728 0.251550836312297 -0.137726303770885 -0.258609211145442
0.226381010059486 0.164563183204965 -0.552907446979153 -0.454975996284955
0.241386418930765 -0.053788694151146 -0.846043571250471 -0.00146003500445967
0.129761711256703 -0.20284056682881 -0.454039738081896 0.579882916024085
-0.0325411055054579 -0.117636814737971 0.145753261138963 0.59737775619507
-0.176930692238318 -0.0457409885387639 0.302088001842862 0.329797654344301
-0.178035072465101 -0.0161701083958854 0.106471638858954 0.00929859707367075
-0.0802067679890924 0.0360191466178891 0.0474743329250155 0.0373329368334962
-0.125580210279359 0.0103742845640827 -0.181790819784747 -0.00749010624741115
-0.111352597764292 -0.0118929342696133 -0.342298242140102 -0.0826715274736374
-0.0770183275203631 -0.0841252215224559 -0.201969269047473 -0.417696179330612
0.0312115987505302 -0.156796184727834 0.211287534118899 -0.698096486693493
0.172604897851515 -0.0734523159814293 0.674198209269577 -0.434269782416153
0.181496616678648 0.0669609669678832 0.619210433755184 0.163134288580151
0.102705501322538 0.158826312513015 0.230761836583089 0.209187581397281
0.0930566590274412 0.184129394573881 -0.0679635633240148 -0.173871799493162
0.139856942354531 0.147941419657818 -0.448226858421021 -0.485681248584107
0.173015577254169 -0.00543098102648027 -0.842816256181038 -0.145763133086722
0.101086985931298 -0.145259572218756 -0.564464242229759 0.506423375053261
-0.0249620518677727 -0.103948718722815 0.0754096060597439 0.652280786093899
-0.13393782136004 -0.0494733229116283 0.303474876018773 0.401784699790333
-0.13862499156477 -0.0144746146775124 0.149431859334567 0.0392867555917513
-0.0257909361324378 0.0254630502461116 0.0735270349500575 0.0457809902519938
-0.0512925645928524 -0.00708099567703222 -0.164963784126565 -0.00611730384209186
-0.0667633293317363 -0.0268735126687732 -0.33684394982341 -0.0572481201579838
-0.0718949547086059 -0.0466931721200348 -0.225119534450982 -0.383032068880247
-0.00850493658262311 -0.0771182662987132 0.181294239530133 -0.69218976798428
0.0872926778099365 -0.0206603350114835 0.675319625783703 -0.46615856586328
0.0804398930627544 0.039565382556223 0.66750533485237 0.158477219566736
0.0407422213198122 0.06177774145139 0.268322945607803 0.256873461419659
0.0372071447681178 0.0671770383628269 -0.0365023685175811 -0.120039741679743
0.0532384623627298 0.0693927189874592 -0.396747783866895 -0.472535057263761
0.0725387081682552 0.003407772008486 -0.828176416705565 -0.187686308669204
0.0267363523144052 -0.0738812811348582 -0.596423507020816 0.481951956910697
-0.0390954961969718 -0.0593970161019793 0.0530427338093483 0.676168844722332
-0.0850002063751595 -0.0319011597094636 0.306069460890255 0.432691965657774
-0.0805161207870057 -0.00760845717775669 0.173040358450126 0.0527408366527331
0.0335418879457543 0.014351115249555 0.0866927903544452 0.0539101926249088
0.0292341716372899 -0.02162186269572 -0.155648128598802 -0.0137177016028371
-0.00925957357817173 -0.0414541994818424 -0.330394676360733 -0.0776142884841994
-0.0535076479878362 -0.0121254654973097 -0.214442355551417 -0.39615933358327
-0.0411525034718779 0.00468002500085344 0.207351273474102 -0.674669576836452
-0.00562046698085366 0.0381717862802264 0.699471024550331 -0.423946663896299
-0.0346426803666477 0.0094001613622243 0.673078996036694 0.190287599640363
-0.02804541051608 -0.0445923984092422 0.27193396262247 0.259656419337337
-0.0178241523476129 -0.0587506402289716 -0.0347442479414482 -0.114872660184158
-0.0352028823070929 -0.0214556703335882 -0.408619948451858 -0.43581630755662
-0.0406073589628596 0.00623700411394564 -0.812539116171617 -0.123419446673521
-0.0646160286696479 0.00786818953874785 -0.542617285396166 0.518587965089262
-0.0579582742213397 -0.000157076266858604 0.0868143649414411 0.675843362010543
-0.0291351462630714 -0.00498072211116387 0.308943124936479 0.417091905690047
-0.0118159920763094 0.00276418629038469 0.17328988854472 0.0478255823004261
0.0901985653146522 0.00840428542766229 0.0826283732652313 0.0610020282804054
0.100356189205644 -0.0274811061213668 -0.154967433731308 -0.0322889750129911
0.0389522098987182 -0.0394848126609211 -0.321267937664342 -0.139454762616535
-0.0427895197400919 0.0369718620362283 -0.170544535464451 -0.448935875842643
-0.0819403525789668 0.0791136759391989 0.287544979261976 -0.640293518116451
-0.103505812426724 0.0729391087396783 0.73407440862041 -0.315032410054194
-0.140332839084229 -0.0402928465079866 0.636032076704383 0.245822310760184
-0.0925475907033262 -0.143468224909656 0.240915766101209 0.220150081171275
-0.0832141323280854 -0.155342887351893 -0.0674670629893256 -0.154424630169757
-0.130968989189882 -0.0695347501087094 -0.479588350544815 -0.369535132467901
-0.142699832554574 0.0427375586976372 -0.785603965967749 0.035420793927868
-0.134019344597516 0.0979879783431149 -0.402856455178675 0.601181683137861
-0.0565799700804296 0.0519407086140201 0.16810917605534 0.639803334908493
0.0355405401543075 0.0169850809875611 0.312315077980415 0.354856202949974
0.0564467793115821 0.00899951668151744 0.149694958144543 0.0217718583620762
0.137460348085182 0.00972843575703986 0.0615601199047986 0.0624613841997039
0.147042935212191 -0.0177818949543184 -0.163948339533323 -0.0674758444164138
0.0608199552078681 -0.0130885633714531 -0.310687414731736 -0.235286564629728
-0.0548417209140249 0.10079933959794 -0.0884445989885084 -0.511161795811579
-0.138604620228554 0.128876583462457 0.41270858191032 -0.562997205082173
-0.197075405865238 0.0604484153017534 0.758454960055736 -0.148939265603492
-0.212648763647084 -0.113289022934568 0.554788019484311 0.297799348197383
-0.144264043340953 -0.220676624423192 0.181251499564556 0.141525377244417
-0.15533453734718 -0.195453307692457 -0.140438680305532 -0.20883385806895
-0.220156827053258 -0.0512044785966493 -0.572770910624907 -0.253036442215843
-0.206642071860976 0.115357934323873 -0.709546554884335 0.25533462529835
-0.151098555263923 0.174311642695945 -0.212295386220679 0.665471541319486
-0.0214037387576868 0.0765554884318025 0.25682516216473 0.5580831446809
0.104182702073095 0.0226005704939361 0.303858401017442 0.256675327685265
0.113986890154112 0.00815100117650522 0.107093456796756 -0.0153157563554218
0.166964947909425 0.018559159232724 0.0255131380658315 0.0538253448483394
0.159946934782372 0.0053766610457932 -0.184027742316745 -0.124934222555345
0.0517974233621942 0.0319383312189928 -0.28696423004866 -0.352975390557222
-0.0903086202817339 0.155200734281643 0.0363684203965744 -0.550212731164521
-0.197836986363645 0.130074907442219 0.55328492744276 -0.426507881700749
-0.258774372529054 -0.00355042497348199 0.742525279313032 0.0482934523329901
-0.235648360883185 -0.193645245443722 0.446479999989939 0.325667592816773
-0.173876175789048 -0.262992235481203 0.101437591203141 0.0363593482977229
-0.212301810363734 -0.180641323823201 -0.248832665494913 -0.246730915082419
-0.271358242647317 0.011798940864791 -0.653891968400829 -0.0851679655571391
-0.216474135758137 0.186016342537241 -0.582329186272813 0.470309998092153
-0.118312656521104 0.202379096854976 -0.0240572709552356 0.674089755436085
0.0357115590182209 0.0672758201954179 0.316732432483073 0.430778825686114
0.160237219668699 0.0141890029421675 0.281257792589455 0.146136254148682
0.14979159616673 0.000934543449972769 0.055250322652637 -0.0523708834958908
-0.145588380895512 0.0254839631177798 -0.0260604978392424 0.0199834067916368
-0.197617910460794 0.0103444198371013 -0.224981950504716 -0.0704639769421416
-0.112443995625796 -0.0404208787399951 -0.32702201005149 -0.281417739372844
-0.00168665482175821 -0.196096911656727 -0.0443335564964408 -0.574050046285394
0.154699618748806 -0.242458818163584 0.42306416897708 -0.603305547037285
0.296858911768014 -0.0515901686296982 0.686722811529045 -0.147030846629185
0.263204098019932 0.175804578429341 0.424067490580995 0.226483787166242
0.158435423171792 0.282428637434082 0.0808710933674906 0.0246869721180315
0.203816595874449 0.259871389841203 -0.234601358072096 -0.33619037602041
0.275237012501409 0.119825245518993 -0.660825935097198 -0.358513154532528
0.255034285268478 -0.112873231459532 -0.783473424489277 0.184844235595397
0.113372338532692 -0.204755862374698 -0.292294042846197 0.620293272898434
-0.0538451366124014 -0.0883204806957886 0.198313451550594 0.505617966451451
-0.201703703515699 -0.0240907390839148 0.277423599618839 0.237660716716671
-0.18989068615123 -0.0148862555266946 0.0543020729530348 -0.0274526817345438
-0.123713240287122 0.0292592506758907 0.0130036575685526 0.0356667796000145
-0.177341786979552 0.0121900656946248 -0.200348612283439 -0.0282321243372836
-0.129201442245026 -0.0166820546267662 -0.333980141077774 -0.164461439533258
-0.0512645205970622 -0.136250156843107 -0.130996821022953 -0.493641136561049
0.0894845833995741 -0.21362692059108 0.304266172694173 -0.66892317638419
0.247872885256921 -0.0838116035358247 0.686020126723442 -0.302768510471716
0.246487914125448 0.12169431986604 0.530661584411668 0.202958609848804
0.137399379536231 0.243537931394002 0.159892815010899 0.133207912705054
0.145125479448154 0.256636048866869 -0.130510175002018 -0.257914297789782
0.216169799203196 0.171456084120987 -0.533921661822104 -0.461154564000229
0.240486215389341 -0.0407955625316188 -0.827905015090279 -0.0263733100783614
0.130982089735012 -0.182104233290832 -0.459993871101515 0.546917718044455
-0.0266581341031824 -0.109837447925269 0.116519721761683 0.590002847515167
-0.171115048198254 -0.0456716094488749 0.281352647854401 0.334707606327405
-0.175156544819296 -0.0211605962547865 0.10362916691384 0.010430059891892
-0.0830485861411402 0.0290373385565933 0.0448622334440982 0.0441378696870196
-0.124150054042511 0.00446312191586184 -0.179111294626034 -0.0140839429721615
-0.110771772361238 -0.0151210460854303 -0.332887472233392 -0.0938339328046527
-0.074125365701202 -0.0845580263729022 -0.18320662116924 -0.419083716857523
0.0305966515490908 -0.149552089049587 0.23031460536966 -0.68194314661094
0.170939015066975 -0.0672204253329036 0.676067035717183 -0.398589086670339
0.181497430086852 0.0782706816946463 0.610112182922103 0.182608520335233
0.0946449564604215 0.166338672600662 0.221448554539763 0.216437764927231
0.0845996689820582 0.186071307874459 -0.0629360654866154 -0.172468208474498
0.131487547313628 0.151614043718887 -0.427267291359459 -0.492159217790713
0.16920145349466 0.00313316812929017 -0.819921260150577 -0.171527623690964
0.098238210061193 -0.1273762090246 -0.570935812119557 0.472882412687171
-0.0203817399883158 -0.0947523221435543 0.045770614529341 0.639203936908165
-0.128234615248329 -0.046667062931709 0.279970192462848 0.40661779597902
-0.1362484990198 -0.0187959402435916 0.143886140885688 0.0428417838849197
-0.027999335507081 0.0222898405770132 0.0703370493274091 0.0518036366231476
-0.0497661861826983 -0.007981518970913 -0.164135080496517 -0.0142220949838017
-0.0646178318599108 -0.0270805637359322 -0.329173815861327 -0.0713108543478819
-0.0708321750218153 -0.0468951517349763 -0.206733130857016 -0.386638580893737
-0.0124972086354069 -0.0730404373528508 0.203039445547016 -0.672173407810363
0.0828484756893554 -0.0197039489944464 0.679115649445421 -0.424457426623057
0.0833107124774062 0.0455256816328938 0.65530819166751 0.183868810860429
0.0372033288197859 0.0652099331689469 0.256338882174629 0.263348876824949
0.0335001001136799 0.0674794322363693 -0.0327092431993474 -0.11910465808049
0.0469197070632559 0.0699402701947164 -0.378398563333687 -0.477286891010682
0.0664555947895704 0.00786109932334321 -0.80759036697294 -0.214271915285769
0.021425118032821 -0.0601052040167194 -0.605410007063249 0.446860037754951
-0.0371144042498981 -0.0509589794711767 0.0207532860290287 0.662971845310086
-0.0803644215731739 -0.027541871697514 0.279597813742849 0.437796177970353
-0.077869760595149 -0.0100281447893021 0.166782288799214 0.0594940135884351
0.0324942323535771 0.0158674397847544 0.0835612517941293 0.0576403517314545
0.0310806832518681 -0.0180926535048066 -0.154644688071777 -0.0248177190585372
-0.00720500548231462 -0.0378492377617463 -0.32279523332496 -0.0938320657430255
-0.0548140738025122 -0.0116535040662968 -0.194600975800312 -0.398806076064009
-0.0497541407635603 0.00487008825084613 0.229970952881363 -0.650295310682184
-0.0110269740316701 0.0332114228373491 0.701942934959679 -0.382814365301692
-0.0290980962627989 0.00952210866467351 0.65672203769301 0.215758540962824
-0.0255657255074295 -0.046126874533236 0.259904102063809 0.265459477146855
-0.0156415809890665 -0.0616195746032204 -0.0293183005989622 -0.114962329990527
-0.0386096781418782 -0.0245588666785756 -0.390274798957505 -0.445270352819428
-0.0470964813503694 0.00668377166900953 -0.795817366007205 -0.154952528555304
-0.0710268154981527 0.0173164323961275 -0.557719602058161 0.485204423204145
-0.0576593453585322 0.00723912299247382 0.0517267042642646 0.664183096960742
-0.0254317549575048 0.00164736471218499 0.284380859369078 0.42711967905797
-0.00978281484843577 0.00177016514074354 0.167596167807708 0.0567067251995781
0.0902895337131528 0.013605594299592 0.0801264154394511 0.062028071226583
0.102806702490303 -0.0180111631868188 -0.153460926658639 -0.0436167688859597
0.0406118632325214 -0.0327379505591338 -0.310427920644549 -0.155470031116948
-0.0477972273677537 0.0363357011913439 -0.147586228047334 -0.447399495285784
-0.0943395996285507 0.0751199507454342 0.311799775480556 -0.609220058194676
-0.109911345283737 0.0623065447243488 0.729989159058243 -0.270641486681344
-0.131315580225097 -0.0450921326969344 0.613825035253413 0.269358657574403
-0.0853634258640975 -0.149894973264593 0.229204240861037 0.223172273596798
-0.0771124710859888 -0.16131129478057 -0.060355648227163 -0.157520248150845
-0.133904234052983 -0.076011322071127 -0.460436794180847 -0.383773069935031
-0.150351366083454 0.0394859926181568 -0.778841222263719 0.00246997083769544
-0.140058696801869 0.103994944709963 -0.432245279823922 0.573142342317012
-0.0575328007825685 0.0590626851011532 0.13116067540504 0.633924943616098
0.0390058355517048 0.0243661791841764 0.289759307626187 0.366939828249788
0.0576576457435261 0.00973727094318392 0.146310905583665 0.0321208254388899
0.138641646054947 0.0184640373161672 0.0598856711167168 0.0600983805345008
0.148423576393939 -0.00580633715588877 -0.160488889613651 -0.0809360227070518
0.0593241609175084 -0.00420706261693947 -0.293245874224423 -0.249555158198318
-0.0636911909736376 0.0970792857671558 -0.0613569289773451 -0.501911686315256
-0.153422705563753 0.118307417946991 0.429406037092216 -0.525650430369388
-0.200507747551593 0.0438001704618132 0.745137973388074 -0.104558376148635
-0.200293202150458 -0.121519637300914 0.529240446621202 0.316890527803176
-0.13246826202145 -0.231055470267332 0.172004327107022 0.142857976388523
-0.148345315374394 -0.205084345570871 -0.129052578184706 -0.214435175338667
-0.224431288360894 -0.0605172280006179 -0.557939958140665 -0.272844902823207
-0.216914837514772 0.111610074412259 -0.716329557558522 0.218731855050841
-0.156522320229212 0.178441019912386 -0.248896007890778 0.64694254618566
-0.0223235829428285 0.0836862430013222 0.221898839873262 0.558952259302064
0.107351049360521 0.0315471228177331 0.286850880242482 0.272143598538682
0.11475678147164 0.0104732959549646 0.107189581817958 -0.00448663576458927
0.168374799033686 0.0297939441619104 0.0248425696552886 0.0484134653583937
0.159078064313702 0.0189829420285694 -0.176326573711117 -0.138936058935087
0.0458299416102676 0.0402790306719415 -0.260490044450447 -0.36380403559192
-0.101977125561483 0.147914739428417 0.0656510414045995 -0.532364212562754
-0.21094490768094 0.114466143842164 0.560383482332892 -0.383802389730425
-0.256894002669864 -0.0220327480689407 0.719706127254093 0.084921858861641
-0.219380968577702 -0.201670336641165 0.418401644518814 0.339463931081056
-0.160794211743297 -0.276294927954343 0.0969089091091317 0.0366176408008665
-0.207005623759919 -0.19341732717384 -0.234665268196899 -0.256699398769295
-0.277867799850946 0.00309665537724522 -0.646050578834954 -0.109348793330715
-0.228086096525586 0.183032260771429 -0.600104958243026 0.435072519686888
-0.122283463423714 0.206658822824072 -0.0634549077014655 0.666403314720746
0.0365644336227652 0.0753206484134162 0.289356731884808 0.439720291808263
0.16320275088629 0.0235266524389073 0.270918168969772 0.162553281801638
0.148897453837226 0.00372720724421461 0.0584025924701031 -0.0443850934595544
-0.144459821781366 0.024348902097045 -0.0263816385601405 0.0196392237693826
-0.19760369068823 0.0108670269683556 -0.224975861721749 -0.0698775196151672
-0.111632146473231 -0.0401555138622571 -0.325933768781989 -0.279358765205341
-0.00242142814225501 -0.194841234489435 -0.0442345852914664 -0.571357944102546
0.153490544309574 -0.239856131187778 0.420444170409733 -0.600061604430536
0.294242171446698 -0.050879142743322 0.681682589052279 -0.146225057610988
0.26107750219998 0.174139295594977 0.420034955368375 0.224952682012245
0.157142098111831 0.279733126145542 0.0800252830627205 0.0245115804502314
0.201127420445638 0.257854683259091 -0.232275081209271 -0.333669324224463
0.27478766845707 0.118718540835823 -0.656689284873144 -0.355394609957888
0.253101887600561 -0.112583018558921 -0.778347304468903 0.183306424393089
0.11197381578534 -0.204048713824373 -0.288350908756383 0.615933084497577
-0.0525902491417038 -0.0874756250624834 0.19641318973293 0.50156564811844
-0.200851424080901 -0.0246141225044165 0.275487968571 0.235618631572669
-0.18805399018488 -0.0151242267812265 0.0543390187173359 -0.0272866061821099
-0.122731757504708 0.0284644929368797 0.0124266015308877 0.0356493752927797
-0.176940053690783 0.0129035945943017 -0.200134231517277 -0.0288154422774613
-0.128636521390148 -0.0161957535726959 -0.332968226493264 -0.161727309631421
-0.0497576838074274 -0.13551459324777 -0.130278278753064 -0.48990735044466
0.088579006447266 -0.211674754113396 0.303754986418046 -0.665165436418769
0.246119761799658 -0.0839001648828718 0.678750477467945 -0.298583179629386
0.244650318487041 0.120692619845363 0.523917243849192 0.201822894957131
0.135833532771517 0.241136520273201 0.158004332423226 0.133177528793109
0.143327726819135 0.253524923279057 -0.129208310754463 -0.255921770332894
0.215327281764588 0.170769855607895 -0.530139381583644 -0.458146796364941
0.238245761951376 -0.0401522652349849 -0.822305614430141 -0.0272858767309802
0.130023566207017 -0.181845400471091 -0.457324153160579 0.543101957726944
-0.0261905928630356 -0.108969857746385 0.114483462060699 0.584073146254071
-0.170445649259965 -0.0440895047743699 0.280663707791029 0.33198938931467
-0.173011509617216 -0.0211630285316191 0.103099776988101 0.0106359398486501
-0.0822776557770481 0.0281215460287141 0.0441371125736785 0.0433597910065505
-0.124262263762629 0.00438663701937716 -0.179115213426586 -0.0142755284585849
-0.110492484006459 -0.0148264546503066 -0.332144668160017 -0.0927777488063123
-0.0732099695973757 -0.0833333531938901 -0.18333936514991 -0.417549802897542
0.030380881367419 -0.148366688375132 0.227957371334343 -0.676731033827484
0.169836929909052 -0.0673116999826671 0.670433492899765 -0.395712344169837
0.17975179947024 0.0772397734292414 0.604772582435547 0.181023294720305
0.0930151762324627 0.165563331167958 0.219388380997483 0.21532483928545
0.0834858799397283 0.184593971629303 -0.0617531381952871 -0.171579393027264
0.130954474514569 0.151337650364608 -0.424070518014477 -0.488476368814368
0.167166516275862 0.00338913080662939 -0.81534421060072 -0.16871117088959
0.0968315634350683 -0.126220760617227 -0.565797155801706 0.468278068036871
-0.0204881641986548 -0.0938704515530805 0.045473218313459 0.634923168733794
-0.126791944050117 -0.0464058570607672 0.278994145893358 0.403623262419929
-0.13448379579647 -0.0184063706948222 0.143469344282825 0.042582950066091
-0.0267288316485249 0.0218870525083826 0.0701429054483947 0.0515293019448366
-0.050375832501902 -0.00833296258899487 -0.164079935760651 -0.0148977013813803
-0.0643835054698345 -0.0268027780765753 -0.328405989680726 -0.0704444594452251
-0.0700427357425889 -0.0467633735853305 -0.204652179493379 -0.383552848945283
-0.0127228195878182 -0.0724108222446609 0.201507991448327 -0.666476420180761
0.0831543698370652 -0.020332307589266 0.674306909480074 -0.423469039355299
0.0824469929412975 0.0447559240443089 0.649483861126473 0.182081837560831
0.0365998834295694 0.064889624820555 0.253562867734498 0.261531503709518
0.033094345068615 0.0671217615799515 -0.0310969669027392 -0.11822217271503
0.0469751343496117 0.0693775964251708 -0.375373534856113 -0.474973894037532
0.0660883202701127 0.00808096887446489 -0.800302191470765 -0.213643460213089
0.021302042176423 -0.0599105716915398 -0.599905066392136 0.444823289129026
-0.0371864983761274 -0.0502024803133452 0.0200917649853424 0.658498506397828
-0.0800396949683741 -0.0274393391594378 0.278509522894795 0.434841111036702
-0.0777678322474188 -0.00970644517566098 0.165895949787448 0.0591651112458053
0.032131925321191 0.0153690859236267 0.0829053139713753 0.0573126390969958
0.0303792988197593 -0.0169977851193937 -0.154484736195049 -0.0252135501990025
-0.00669289846806903 -0.0377201121991819 -0.321800473516758 -0.0930392980579821
-0.0543213354131439 -0.0123054209914303 -0.193489873161061 -0.395467576277285
-0.0490562373246635 0.00582214659831231 0.229757243076392 -0.64525964395012
-0.0107778651743394 0.0324221192578967 0.696235113250606 -0.380518926789499
-0.0288883908117078 0.00910707961807689 0.651811295038608 0.213906791950059
-0.0263127152749052 -0.0462700379597562 0.256896070508237 0.263896446914716
-0.015565705798316 -0.0615080170781225 -0.0292047939625659 -0.114581376473068
-0.0380581604291623 -0.0238636480659412 -0.387969738878725 -0.440763669459271
-0.0464733461295557 0.00696908350001192 -0.791651878433643 -0.152667027319962
-0.0702649860796456 0.0169070192312604 -0.555049599538984 0.482467646326872
-0.0573982768442932 0.00661046615004542 0.0506610937086356 0.659729168847577
-0.0249445169755633 0.00130453609490421 0.282316992616108 0.423575588062153
-0.00985538683177931 0.00228671567697474 0.167587689843874 0.0561652617302913
0.0898960535090762 0.0134971637094894 0.0795890689082295 0.0617067897629344
0.101415763909861 -0.0178968268999384 -0.152591200766001 -0.0448411895243555
0.039874895409258 -0.0320764730666045 -0.30962755159626 -0.154122214595822
-0.0464556615119721 0.0361225574687612 -0.146200690506245 -0.443307288749735
-0.093479337507187 0.0743824762582639 0.309993018983464 -0.60557126329079
-0.108700334379094 0.0612404924361784 0.724359039529917 -0.269807965539165
-0.130666138456403 -0.0451429101426838 0.607909590266338 0.266627089689195
-0.0851050149595506 -0.149636123247354 0.227547020797734 0.222231636399481
-0.0762147785365823 -0.160178147973447 -0.0585071032314133 -0.156071740618253
-0.132211713669784 -0.0756943236444198 -0.456418608594318 -0.38064980819436
-0.149934438384895 0.0395725463078532 -0.773294464708624 0.00219968699070202
-0.139227724207533 0.103018087386198 -0.429536042761259 0.568391950430242
-0.0572708197298774 0.0582046926488929 0.130861917160247 0.630164387695617
0.0389027282051639 0.0252740660926689 0.289184927500957 0.363033065617115
0.0567655036234984 0.0109746692857619 0.147017393216841 0.0316066643657171
0.137233959714396 0.0182946059154659 0.0594216985499307 0.0605819011140548
0.146995078851956 -0.00587700929319152 -0.160192936445754 -0.081174424990259
0.0585182337562805 -0.00409962947297277 -0.291736607817068 -0.247291025977398
-0.0630069793652482 0.0966740996517577 -0.0608373947419005 -0.498074978624102
-0.151702013770289 0.118047962060555 0.426391731511323 -0.519302635219011
-0.198211508010081 0.0433795145417528 0.738377248238352 -0.103435372671305
-0.199467498921897 -0.12092185680287 0.526678320813659 0.314319721449029
-0.13206359207127 -0.229530034952622 0.171021585844863 0.142073992684371
-0.147009349435186 -0.20452098997797 -0.127746052005918 -0.212551608299699
-0.222351685185655 -0.0595484229921961 -0.554290176138215 -0.270027770218455
-0.215067692976373 0.111379461566592 -0.711587414302691 0.21745176562805
-0.155384780687823 0.176449837223174 -0.247671062222775 0.643002196703667
-0.0219606966031459 0.0823197412097171 0.22226974316225 0.555261782655619
0.106263221994827 0.0314686438971998 0.285225180105639 0.270259975618037
0.113008623914655 0.0114929955042046 0.106926403100436 -0.00548627284676717
0.166213799322612 0.0289527558720572 0.0251896985106701 0.047649753396647
0.158360144350245 0.0193502126019182 -0.176100241211469 -0.138393514290076
0.0454948557023748 0.0393415315034359 -0.260356610116981 -0.36051268634261
-0.100722552084065 0.146401417913478 0.0652243597949487 -0.527326067314866
-0.209253490403018 0.114163416591558 0.555973782081242 -0.38038629000705
-0.254719631157728 -0.0222166166293336 0.713687978249981 0.0842252077861719
-0.217847344672282 -0.200650294053295 0.416227501518425 0.336510333102813
-0.159387124733378 -0.274565012432677 0.0962223806465481 0.0363764618537908
-0.204950805056228 -0.19260756424391 -0.232471080864667 -0.254616365879223
-0.274445362665906 0.00300485708924462 -0.640903414780455 -0.109945182659444
-0.22580156239876 0.182838858961763 -0.595318683303207 0.431546073726855
-0.12123753070863 0.20549026952541 -0.0630966671111933 0.660529860382105
0.0358566559024581 0.0743254017463146 0.287755482940065 0.435302968575115
0.162121429827096 0.0231535362920517 0.268649731141421 0.162077640545553
0.14795488922572 0.0055802088684039 0.0590248022887244 -0.043716267853928
-0.143329262949546 0.0237564093202122 -0.026879537394846 0.01877321111087
-0.196275887642613 0.0111055359183888 -0.224384093420748 -0.0705808552103984
-0.111323893725004 -0.0400479907219564 -0.324976200230632 -0.276259550696513
-0.00189768902807378 -0.193085142303403 -0.0435055379574449 -0.56724425083364
0.153455116081826 -0.237450103992581 0.417766427583257 -0.596566723246521
0.292860406359913 -0.0506317825099351 0.677592279911932 -0.14380711982643
0.259245086236888 0.174174638059869 0.416719716289822 0.223597775230275
0.154663115634647 0.278312750891136 0.0797039269683034 0.0258518617579963
0.198399782863397 0.255862148039883 -0.229593244244081 -0.331070120473708
0.27148769649512 0.119185156219857 -0.652049655996973 -0.355872921005654
0.251740695607788 -0.11073022574746 -0.772883796310909 0.180852305813937
0.110294893349763 -0.202772961054849 -0.287080252969083 0.610607685659657
-0.052814285627771 -0.0870051837886072 0.195405162350376 0.498562990490627
-0.199361087500186 -0.0240084663931045 0.274272734645514 0.234063084633884
-0.186708621898109 -0.0160172804007213 0.0538969815471011 -0.0266482045138816
-0.121776235297644 0.0284089127423921 0.0120502853139435 0.0353160912360949
-0.175846374905447 0.0127753809282105 -0.200312554086256 -0.0284956877422798
-0.128404601635181 -0.0159445625869363 -0.331316073153053 -0.161426925894695
-0.0502666314253866 -0.134796314243353 -0.129307655371447 -0.48605046870794
0.0885247087063349 -0.210322373055343 0.301249154800413 -0.658757378331823
0.245097350972488 -0.0832426459707839 0.675381373996406 -0.295002463233459
0.24232477233554 0.120238200428402 0.520690608059398 0.20157955324113
0.133374937693261 0.239887833598118 0.155994686139807 0.132131975947956
0.141652251037452 0.252852697481417 -0.12724902339773 -0.254360728085293
0.213493985854543 0.170201204827579 -0.525095789614088 -0.456052942158372
0.237156509092227 -0.0394766408878442 -0.817049575968686 -0.0289810585684207
0.128306618806683 -0.179851436200143 -0.455702866733199 0.539608286204641
-0.0264378521873826 -0.10833181064557 0.11350002911156 0.581206912340323
-0.168938631911394 -0.044923673692545 0.278106280880424 0.330391395426459
-0.172073255697763 -0.0216828969170466 0.103207527784244 0.0111962355869338
-0.081694530432298 0.0276055853952544 0.0435432169658005 0.0440742249268259
-0.123774385443411 0.0045613898057209 -0.178920292429386 -0.0152863483592097
-0.109833851838414 -0.0152956687560921 -0.331231382995779 -0.09202123953453
-0.0736542902149449 -0.083629564977358 -0.180446861858861 -0.414190257768125
0.0306102798126348 -0.146928985319119 0.226723145366075 -0.671872095391401
0.169792251577147 -0.066735696802148 0.666907986508334 -0.392229301071103
0.178419923714524 0.0774015463321002 0.599517824080272 0.182065039222633
0.0913367113530616 0.164230702558762 0.216496667298237 0.214430719499561
0.0821979699782789 0.182672335889641 -0.0607698042655795 -0.169867487743268
0.129612220226766 0.149494057379564 -0.420583203997712 -0.485419410707034
0.165432703350483 0.00402009447547574 -0.808114532986354 -0.169851774516233
0.0963285183672602 -0.125753648176349 -0.56331429546456 0.465681997769994
-0.0204379582844703 -0.0935641777422254 0.0439600596311813 0.631012232300782
-0.12638465500724 -0.0464962364754999 0.277350519328977 0.40124494647411
-0.133704080819967 -0.0185913725834566 0.143420825869022 0.0427803013150113
-0.0274839039837483 0.0208071159172121 0.0688187571833673 0.0515725904318561
-0.0502147258000423 -0.00778193755670777 -0.163757143702407 -0.0166808053938517
-0.0641947655504762 -0.0268509631191374 -0.327154358144559 -0.0701242595029527
-0.0695167939817373 -0.0467591399085938 -0.202578228419402 -0.38040400485159
-0.012820723960627 -0.0716505105570308 0.201514499903851 -0.662503634654451
0.0827953023806902 -0.0204827279342813 0.669691968052958 -0.419386496760329
0.0808128263009573 0.0444028780744539 0.644261723460531 0.180977405571264
0.0360116142640604 0.064143090573182 0.251431894491484 0.260297419870656
0.0323916113357713 0.0654300461280846 -0.0308332818395776 -0.117130643443175
0.0467579508249252 0.0689906347707743 -0.371428228511435 -0.472428681220302
0.0652951033235046 0.00877904290658016 -0.794950388444096 -0.2125513958099
0.0211273944089161 -0.0598085695699795 -0.597684223189561 0.439808317069336
-0.0365170581116002 -0.050365125837629 0.0193890208933445 0.653330670199781
-0.0791904889066825 -0.0272583258313163 0.275853952553388 0.433315858718135
-0.0765884296895446 -0.00933775167217275 0.165686199791445 0.058762454710319
0.0318452399228036 0.015032251528762 0.0817855883582668 0.0576148451307998
0.0296632206105233 -0.0167869218626182 -0.154304600123296 -0.0269168502855584
-0.00703859482283987 -0.0378388728036986 -0.32034480539897 -0.0924799414689656
-0.0535259756017984 -0.0122073390934009 -0.191173033604681 -0.392445126265761
-0.049070605155644 0.00570092176601623 0.228925505472638 -0.639765234622426
-0.0106565956109249 0.0316866082822521 0.690278011398681 -0.376435145985968
-0.0289639957752939 0.0086150462985088 0.646222423393195 0.21238479633252
-0.0257809435241047 -0.0463078622465292 0.254531210858236 0.262239570062467
-0.0152463624441823 -0.0612038182224336 -0.0279773063601293 -0.113325770379884
-0.0372511908943241 -0.0237434542007511 -0.383850306899796 -0.439785772403698
-0.0461722424420262 0.00716825595465577 -0.784480033231951 -0.153575005915268
-0.0697276534065897 0.0173202223332054 -0.549877435117894 0.477866578193554
-0.0571352842917587 0.00639915220732943 0.0498789196088834 0.655676605380089
-0.0253923465807276 0.0016325654946601 0.281523124822432 0.421493217260826
-0.0102973938014306 0.00268906911455405 0.167091217742767 0.0555991903351317
0.0889092185635233 0.0136779499347807 0.0792667535203851 0.0614216087383758
0.100350786882803 -0.0171691215279103 -0.152136186211271 -0.0463080674521648
0.0393526353715264 -0.0323245702300289 -0.308405024020342 -0.15277381050627
-0.0465158343915008 0.0355491003560081 -0.145054954179906 -0.439740319990083
-0.0936665626347376 0.0744293135876287 0.306898384065046 -0.599314510547713
-0.107221714226444 0.060904547435379 0.719166634747423 -0.266514667012782
-0.12912731459224 -0.044963789889787 0.604582178035542 0.265096054231171
-0.0840064284975147 -0.148988342625531 0.224780391081011 0.22112223825618
-0.0753777919904019 -0.159999837215471 -0.0574123128555545 -0.154752096924977
-0.131083018472745 -0.075798970790102 -0.454311812667585 -0.379849171176474
-0.149108878763743 0.039642080725879 -0.766994767900531 0.000980923950685687
-0.138611912377419 0.102092226915888 -0.425487541821567 0.562269956252021
-0.0566831611163871 0.0579019424562058 0.130776142060741 0.625235502108768
0.0388063442876172 0.0243842328567948 0.286019977364931 0.36239037005673
0.0563887252563716 0.0110053543173271 0.145940266515822 0.0316600031056348
0.135814470466513 0.018797864792916 0.0596079471401067 0.0600754711158837
0.146166386388214 -0.00446867257447234 -0.159441080012475 -0.081659028738908
0.0584217869297109 -0.00428503647641289 -0.29136501023819 -0.246684391549922
-0.0617260126814728 0.0953702968611916 -0.0586170833919554 -0.493437195620381
-0.151357432064585 0.117560106076178 0.424299498466172 -0.516355275256042
-0.196610846338464 0.0425659426934563 0.734200977618275 -0.101802204572205
-0.19726011014073 -0.120838673001648 0.521573089120055 0.314384994271766
-0.130727956804806 -0.229290201888623 0.169245400717286 0.142426992246221
-0.145099687350393 -0.203229156909838 -0.125882155737294 -0.212239075317834
-0.219785804595941 -0.05961157776012 -0.54906619286449 -0.26958684214212
-0.214290106960362 0.110697394727543 -0.705831215106725 0.214980777308291
-0.155567897565697 0.175285730094019 -0.245671943527576 0.636316261452596
-0.022194482288489 0.0815632215354162 0.221658925038801 0.551994734755071
0.105931712539988 0.0307851845461967 0.284237166341304 0.26770971825632
0.111680343136495 0.0116640273192726 0.107029910223185 -0.00523322960208007
0.164514936339382 0.0296066592062623 0.0250252368478866 0.0480074597151734
0.157573686682517 0.020674247067994 -0.175278225039877 -0.138632565958112
0.0451329576846015 0.0397416671538184 -0.259358846374496 -0.357555357633469
-0.100293416234759 0.145366781212966 0.0665733227223838 -0.52291553175527
-0.208605510695531 0.113420640301585 0.553008372010269 -0.377393990762396
-0.25276891594775 -0.0225647881581132 0.708320947115957 0.0846783176372441
-0.215806986182512 -0.200001081209579 0.413084027934507 0.333945979950471
-0.15816231904708 -0.273178944731579 0.0956208176924653 0.0364533385429505
-0.203499303453407 -0.192793132548518 -0.229441496691653 -0.254095555407582
-0.272575729314977 0.00306224872726469 -0.635264930236899 -0.110721938698158
-0.225208872372329 0.18107343028023 -0.592575949609927 0.426479369997169
-0.120738894568166 0.203992297359318 -0.065233454547689 0.656031041953227
0.0356240643271129 0.0732184703415369 0.287641796807918 0.433627418400639
0.162016832865365 0.0240856734862856 0.267674135312351 0.161240677080194
0.146064520784807 0.00637229092286937 0.0589349243349893 -0.0432537976664097
-0.142759729224311 0.0224717542585773 -0.0265013669782175 0.0196730975769607
-0.196013949226591 0.0114952963333112 -0.223262333130091 -0.0707792040673543
-0.110257574116906 -0.040024732335557 -0.323343013987556 -0.273743460678566
-0.0019840250970972 -0.192438099199814 -0.0409364240402708 -0.563253825483747
0.153480840265655 -0.235880343378896 0.414980820673161 -0.591588570929989
0.292149096295624 -0.0504138894202615 0.673144142125324 -0.141396414136895
0.257128194711251 0.173761702045728 0.413597254580535 0.22354889266362
0.152197322585802 0.2774630149271 0.0789685026813337 0.0262022763613794
0.195959901617255 0.254702245989708 -0.227381544713502 -0.331542683503596
0.270695611098035 0.118666518945643 -0.647072289022422 -0.357017005996339
0.250877392095877 -0.110027588726831 -0.76972261608931 0.177464099347781
0.110381296060562 -0.201337316551206 -0.28714064249618 0.607279150769822
-0.0532579937410133 -0.0870468490927866 0.193087106918835 0.497744914237655
-0.198495295208829 -0.0241558663610421 0.274230900963464 0.233954609063401
-0.185173328381323 -0.0156885776433901 0.0543767934330916 -0.0261293785686274
-0.120756887474048 0.0267961212375413 0.0115562337439349 0.0346173869998315
-0.175656898554007 0.0128391543266656 -0.199909259319753 -0.0291309718471212
-0.128494844819849 -0.016384077401677 -0.33029457380066 -0.159140643402694
-0.0503622013654996 -0.134074849681221 -0.12662565479388 -0.484441059304254
0.0885707207838901 -0.208734466023589 0.30217669344427 -0.655440850083924
0.244384302561166 -0.0825270187042118 0.670909406125431 -0.291370733615596
0.240342346229893 0.119675087672231 0.517487979789946 0.200889039524596
0.131826747189227 0.238968058120256 0.154230199882153 0.132129154282342
0.139508149718519 0.251356137585181 -0.125747152787422 -0.253094590059111
0.212430703500156 0.169238505794034 -0.522099338124551 -0.456958552060232
0.235315659501426 -0.0384748261951411 -0.813733838186118 -0.031319767393389
0.127766545239988 -0.178858790852243 -0.453355582331016 0.536583969677601
-0.0263683712990789 -0.108093852284987 0.112189643122707 0.578029837298283
-0.167997789747885 -0.0449233640620925 0.276933264548018 0.328736549030268
-0.171233519678403 -0.0221731700059598 0.103299765211982 0.0111063424127227
-0.0812423337668122 0.0264500756434592 0.043519560241116 0.0438106267064572
-0.123449150155285 0.00439266530825142 -0.179271925427256 -0.0166492484387001
-0.109836366161003 -0.0150045358393035 -0.330216753919531 -0.0910182909237574
-0.0728255036424238 -0.083767990004831 -0.179095143386546 -0.412340608696697
0.0308944849618765 -0.14606628155652 0.227382905658606 -0.668235513027681
0.169488269848632 -0.0664871544999906 0.662805447190121 -0.388969233874189
0.176995519903838 0.0772720921008894 0.596005183794553 0.182756923921813
0.0896321549307524 0.163654876003417 0.21471250987682 0.214710019484492
0.0800948633708232 0.181555965110918 -0.0599694091963315 -0.168793123376972
0.129319870595469 0.149521777152202 -0.416745676802035 -0.483910906215498
0.165011669159848 0.00502810110841702 -0.802925143710189 -0.170205939542141
0.0959836273262179 -0.124953247969084 -0.561224978615983 0.461577579835192
-0.0202765396178325 -0.0933798227991219 0.0437283179751718 0.627254695107911
-0.126237637430915 -0.0459600415668793 0.27550926839728 0.400265747599984
-0.132208939485622 -0.0183824413148067 0.143270358164575 0.042804426629866
-0.0275766431229976 0.0208743643829434 0.0688697504405368 0.0516906918508785
-0.0501303561357869 -0.00667986928848757 -0.163584692853592 -0.0170942371372375
-0.0640012085666802 -0.0265979009567746 -0.327032121410119 -0.0695348755877215
-0.0688397105378212 -0.0467903062500989 -0.200913103855541 -0.377344970574585
-0.01232669348622 -0.0708197442003382 0.20200054144098 -0.65729087749745
0.082936230713446 -0.0202496969242708 0.666394157234918 -0.414405571229159
0.0810390929597593 0.0444110669611138 0.641522433810954 0.181376377418849
0.0348952746816999 0.0633540481126467 0.249062244224445 0.260567998371159
0.0322396637493508 0.0653359898662724 -0.0296927851305837 -0.11731570592294
0.047268137709557 0.0685580213199649 -0.367527713545474 -0.471325858731259
0.0648850773920975 0.00845967199048264 -0.788997966917453 -0.213642814271011
0.0207130912378683 -0.0589195344501845 -0.59555553007163 0.434964233957599
-0.0365576534432097 -0.0503382034786352 0.0192939487399284 0.649784848222678
-0.0787723579421752 -0.0268498887547969 0.275403732697085 0.432839343908635
-0.0760470218827333 -0.00966998695655379 0.166130667156076 0.0587867315038499
0.0315928281815373 0.0153834291869562 0.0816517668228909 0.0571515767120159
0.0292115747119871 -0.0160230533696243 -0.15429265728496 -0.0274103275640042
-0.00692076730117172 -0.0371193262226522 -0.319959352008841 -0.0925444409312146
-0.053206498623795 -0.0127097939632068 -0.189395119040523 -0.390373365348778
-0.048712706407516 0.00610717341404293 0.229103778334601 -0.635804842070563
-0.00999158982292735 0.0317654325902835 0.686706244503925 -0.372666793319874
-0.028913425832024 0.00871028542772221 0.641478389474565 0.213846593262892
-0.0259341573055522 -0.0468161627861588 0.252372812141351 0.262722668076626
-0.0155016543772723 -0.0620227556285137 -0.0269966465482038 -0.113242326149936
-0.0363207908111605 -0.0240208232766611 -0.381588542635819 -0.437834020455287
-0.0464455258358135 0.00731563519722064 -0.780735701284217 -0.155497940207864
-0.0698956010981626 0.0167801129800181 -0.549391327522625 0.473723726617926
-0.056847927570374 0.00595704126076909 0.0498607990780988 0.652317576536664
-0.0249603012482886 0.00169210878642471 0.279442797317439 0.419307061600031
-0.0096686977678052 0.00266469583804836 0.166672754254238 0.0554928386099814
0.087995407535891 0.0133006058472735 0.0788971214839059 0.0616762259061772
0.0993277768186202 -0.0169507370537147 -0.152559565706877 -0.0469175929331617
0.0391774997491793 -0.0321002313959327 -0.308052542468362 -0.153408422465082
-0.0460790818484939 0.0344602830796868 -0.142676686873645 -0.437320111959231
-0.0931782551281634 0.0744168786197371 0.307467941856035 -0.595952766583689
-0.107259966131071 0.0594991660324779 0.713960370403748 -0.261879744694522
-0.128650965293894 -0.0455613732128891 0.60123362727353 0.264416630129742
-0.0837198725958447 -0.148909329867331 0.223299251842568 0.221224733885061
-0.0744368108726443 -0.159630905214975 -0.0561542583824719 -0.154254846040021
-0.129242948848277 -0.0753457575876375 -0.450109109943947 -0.379258577533091
-0.148136865904 0.0391711619754362 -0.762292315865621 -0.00120229950893832
-0.137861341186689 0.101886321255585 -0.424883236510754 0.558767848695334
-0.0566222908942275 0.0571445504938949 0.128925191661684 0.623975461088673
0.0381477945560642 0.0244766217821198 0.285873141245297 0.361407274955659
0.0561928076801202 0.0115084229678762 0.146151399841525 0.0311543118475643
0.135041457798311 0.0190396681572038 0.0596843129350185 0.0595145004042258
0.145813193123895 -0.00367594133970324 -0.15866991409212 -0.0817851698450826
0.0575789021191468 -0.00436446316086465 -0.289550705250839 -0.245057529184853
-0.0620928860069787 0.0946231954880507 -0.0577681836717947 -0.490722943037808
-0.150931496670206 0.116670703065023 0.423552678220198 -0.5127035160423
-0.19553867928176 0.0415148771823821 0.728997586497452 -0.0999175865077908
-0.196241452811722 -0.120272477183278 0.518804089308961 0.312412506081653
-0.1301998136715 -0.228941695846159 0.16804298630715 0.141884155681871
-0.143337203684601 -0.204129408914561 -0.123441992700059 -0.212096953008007
-0.218603810069973 -0.0597457230576589 -0.547064216316949 -0.268257713790401
-0.21366631730471 0.109962971310999 -0.703501178030876 0.211626389101996
-0.153908281566431 0.173581981996814 -0.24714558552947 0.63286901431803
-0.0226110026425275 0.0804306268337589 0.217348086394263 0.550320064403833
0.105520136863252 0.0308962375969593 0.283144910193 0.268307839551137
0.110416280566471 0.0128023676816182 0.107699018908627 -0.00487932733834928
0.164018794729622 0.029306758035192 0.0253047381642509 0.047696088402661
0.156998623560954 0.0213196501275978 -0.174554065616586 -0.138797089708609
0.0440030252906905 0.0400975897309752 -0.258790076432371 -0.35544072434636
-0.0996871256844041 0.144154875122445 0.0688333670464883 -0.518988481514054
-0.207818672981744 0.11243849396093 0.551776064628074 -0.373520865661901
-0.251832468753263 -0.0234697467920349 0.703923285361566 0.0871930353568627
-0.214468574316491 -0.200277707348836 0.408947920427239 0.332289032009794
-0.156455311023252 -0.272817957853989 0.0953712375388478 0.0368873228216231
-0.200876880643107 -0.192840881652169 -0.227249218476336 -0.25418349310557
-0.27070444504683 0.00227472470615962 -0.63088294791055 -0.112213718976379
-0.224417422034426 0.180136151688057 -0.589526464871815 0.422589114801418
-0.120508060709461 0.202645881127582 -0.0657757301782082 0.651723423268565
0.0346643009646364 0.0722928455516498 0.284503586020841 0.431559758378754
0.161082603106541 0.0233987920758267 0.266906402463493 0.161449048247708
0.14515641939512 0.00750772636810677 0.0600415394752326 -0.0435525157537287
-0.142005984014655 0.0220260817458762 -0.0273367265489658 0.018855063184832
-0.195457615144042 0.0112679357268528 -0.224130542456262 -0.071403106455998
-0.110866222740941 -0.0400255639622076 -0.322428987957679 -0.2726968720329
-0.0019050117934234 -0.192191443645756 -0.0401261900752088 -0.562361726538427
0.153904084254229 -0.23602138364429 0.41578689559811 -0.587920385721252
0.29103225363625 -0.0493895552596424 0.67119422817762 -0.13860228046468
0.254443083268431 0.173909469647772 0.411527226555186 0.224310089052588
0.151013213399646 0.277356086534837 0.0774730030780547 0.0270501770681615
0.194046644003204 0.254348195040137 -0.225129423672403 -0.330623883332291
0.269908785505637 0.118858317497721 -0.642360167894047 -0.356992466323262
0.249580247661387 -0.108395585542903 -0.768721086202982 0.175185434564997
0.110287283427849 -0.200648286004306 -0.288427682334767 0.605487842602361
-0.0525051773711932 -0.0869325879752952 0.191503851209705 0.495191368089173
-0.197824084096319 -0.0244191479488495 0.272198156184663 0.234618876085903
-0.184122112116236 -0.0170761432630099 0.0552858479306407 -0.0255901569596649
-0.120171159334358 0.0261151102044904 0.0108893647477357 0.0353986339526341
-0.175318889982625 0.0129837078140054 -0.200153089341246 -0.0300014262795927
-0.12755705004261 -0.0167306766307069 -0.329789796130747 -0.159746582430759
-0.0500537031330786 -0.13418938706951 -0.125565855416605 -0.483704627597598
0.0889831928808613 -0.207460481227 0.303093447287533 -0.650755923988542
0.244405285339258 -0.0816613349534752 0.669453610718087 -0.288198033429717
0.238250690254735 0.120621683423044 0.514772802759011 0.200866390502946
0.13009107686947 0.238718017396122 0.153386737046586 0.133158915443283
0.137261892791569 0.249719158920943 -0.123969886569314 -0.253426208664953
0.212151327381899 0.169582663382229 -0.518632406994417 -0.457242858719625
0.23443972694386 -0.0378142437460168 -0.810130191466887 -0.0322598105213704
0.128318056567139 -0.178406963818239 -0.4550967347126 0.532999021473755
-0.025462402860075 -0.108120415775744 0.109691516442304 0.57543979284365
-0.167755192949465 -0.0451500654023303 0.276255549711421 0.329513215948395
-0.170550076243876 -0.0221018070759214 0.103284613402215 0.0103011903469571
-0.0812247084811378 0.0255711305030397 0.0428099908777892 0.0440221337185644
-0.12379508189436 0.00543795772111774 -0.179837540033515 -0.0173029298772353
-0.109366215853771 -0.0152756561707974 -0.330814337726578 -0.0920467395818139
-0.0725163048759091 -0.0839028315696525 -0.178071575561706 -0.412030282484004
0.0309178760046188 -0.145037085842271 0.227442724610288 -0.664833208265474
0.169074431309616 -0.0663948927746178 0.660549041902437 -0.382645826494016
0.174873308428376 0.0770560057648884 0.59354443870022 0.18256572087045
0.088496518752557 0.163203249593391 0.213500402699994 0.215203660868909
0.0790300759565754 0.180429539947114 -0.0594981432678027 -0.168246749724901
0.128215677410947 0.149230085406506 -0.415004048460325 -0.483579188806659
0.164792593934374 0.00592033697782308 -0.80104120685087 -0.173932137575756
0.0958720544383586 -0.124004772289569 -0.562137316076782 0.459519021719744
-0.0199841960529151 -0.0929980905201108 0.0415925696227339 0.62497466359019
-0.125489746492981 -0.046439803209402 0.274277620660414 0.39945305284203
-0.131685792965683 -0.0194851701127797 0.143153974456394 0.0428307538630818
-0.0273491248073045 0.0204723927861117 0.0682233088032924 0.0518874388328283
-0.0503080411675019 -0.00687629127099449 -0.164198061905678 -0.0186157459219821
-0.064026981189088 -0.0264052415271345 -0.326370688599945 -0.070328065823436
-0.0686121475334463 -0.0474669456699489 -0.198898366213313 -0.377829984155726
-0.0117938197638358 -0.070142639966705 0.20251718942346 -0.654938958267815
0.0827516915501206 -0.0204793145498246 0.66477344883107 -0.411759150610603
0.0801598907615785 0.0441089183470392 0.63772317104847 0.183501034650449
0.0344448505469025 0.06311082232563 0.246711001275693 0.260797466970237
0.0312695892319633 0.064969968805329 -0.0291459948609176 -0.116649032384238
0.0470892545533757 0.068828248615788 -0.36574907228956 -0.469914719088869
0.0642179467470053 0.00939115303157729 -0.786548817951406 -0.215902734607284
0.0201773306042588 -0.0589222220341904 -0.594142395431622 0.434168386126037
-0.0362229770044135 -0.0503922715244268 0.0166693040000325 0.647341937984142
-0.0792447552728851 -0.0277914777532061 0.274037010366844 0.43180248219071
-0.0759100073573944 -0.00958177947710825 0.165759988684795 0.0585449177522437
0.0309227861448047 0.015025982165551 0.0807009669778187 0.0576196125937025
0.0293923235680127 -0.0156904010338367 -0.155110897869889 -0.0286542276167687
-0.00708209211495879 -0.0370424996477087 -0.320830023687313 -0.0922971299802361
-0.052816347183417 -0.0130566260247419 -0.187786096667114 -0.388941537492264
-0.0486505310250418 0.00630246680634897 0.231643775642237 -0.631809121365233
-0.00979413010621262 0.0310227146881397 0.684930582161953 -0.368775235017811
-0.0294412457810506 0.0084931452988227 0.639835975892472 0.215277759765448
-0.0259138354929986 -0.0466947768285689 0.249801877613206 0.263195496844006
-0.0144423373168854 -0.0619092339140273 -0.0269030496537717 -0.113135533194401
-0.0361276132631065 -0.0237943223180208 -0.377715469698 -0.439428597214272
-0.0457690986476949 0.00750965700923809 -0.776934616704908 -0.157155431174339
-0.0701095179165409 0.016468016112031 -0.547976538364827 0.471814357800563
-0.0567822413510989 0.00595623800436714 0.0490319643109653 0.650469527850601
-0.0251005009018854 0.00114913170294714 0.277628394704501 0.419953581668276
-0.00962748997675745 0.00270999715821433 0.166061733167719 0.0555044046795393
0.0876981764988612 0.0134606270326654 0.0787457592081176 0.0619321065276304
0.0992485061426767 -0.0153174855819967 -0.153251985321954 -0.0476281048641331
0.0392344631930756 -0.0319484300316215 -0.307870641165322 -0.153032347380886
-0.0458744131535509 0.0343989696066419 -0.140958913201938 -0.435292193093233
-0.092972878828002 0.0745948059542391 0.308297397876282 -0.592821995143798
-0.106745634729115 0.0586728560349749 0.714065675155968 -0.259679222783085
-0.128025389031643 -0.0453009295979131 0.599100887038782 0.266101358616984
-0.0831667522465823 -0.14881533585053 0.222214226783556 0.221470689655879
-0.0734793638567157 -0.160239607450705 -0.0551942811299498 -0.153936701554715
-0.128297159155511 -0.0753125240821937 -0.446821988393367 -0.379587816466814
-0.147670540175083 0.0386662165933215 -0.760709851986915 -0.00429222426476163
-0.138238557591582 0.101251960150912 -0.424634608008976 0.554820818290501
-0.0572992105757108 0.0558018437488238 0.127242719613232 0.621425381122498
0.0385865290996345 0.0242019062353141 0.284580032060298 0.360789536577757
0.0556687436703836 0.0122879485201653 0.146303445071294 0.0317845399256787
0.134933695271107 0.0194567574098583 0.0596081181907192 0.0599774002486365
0.144887878816172 -0.00250806044735505 -0.159280662437983 -0.0831307833975494
0.0574765096752396 -0.00366471144504691 -0.289681674133559 -0.245117110652588
-0.0620252498918185 0.0936367728975483 -0.0560864680199318 -0.487951138779342
-0.150608564303329 0.117212981922294 0.424860636068331 -0.510499928928591
-0.195265010058842 0.0401941772064593 0.726655124943145 -0.0959479453070106
-0.195343438353454 -0.121064254556525 0.516036749258308 0.312659488891077
-0.128685783175083 -0.228396526599517 0.166514729746485 0.142825265971054
-0.14213822878617 -0.203893631945974 -0.122136837934191 -0.211184268218033
-0.217596530935065 -0.0601355669495521 -0.544245960225503 -0.270735377925951
-0.212495264127347 0.109118433771477 -0.701027706990045 0.2082373288063
-0.154813677663543 0.173399840524273 -0.247720760817463 0.629362167968368
-0.0230480879123531 0.0794283266875579 0.218593405729941 0.549145691608826
0.105294172461805 0.0309595531310242 0.282548089439023 0.268757326384171
0.111088710824459 0.01374499930421 0.108132538541561 -0.00510328490881173
0.163270784077294 0.0299703940947103 0.0246931777992126 0.0475114104773397
0.156798010040202 0.0219513117738101 -0.175132703599744 -0.139466606224868
0.0440978847964104 0.0395798509628433 -0.257755949217441 -0.353546546199895
-0.0997371573992303 0.143299101421135 0.0701251800444015 -0.517115696253764
-0.207505580431024 0.111836993179684 0.55229074862903 -0.370443423404518
-0.250207265971275 -0.0238896067431947 0.701194029372135 0.0885925810259274
-0.212747095291411 -0.199810487064742 0.405720183648903 0.330618831652141
-0.155882309418868 -0.273088184481104 0.0949969790976505 0.0380799285809258
-0.200058087509788 -0.193695436453364 -0.224780063150033 -0.25445780998337
-0.270456592284188 0.000887869606248391 -0.630416511899221 -0.113740822457657
-0.223993517223066 0.179226540521432 -0.588594693151182 0.419912552537204
-0.120934423971159 0.20152849899498 -0.0676164063071226 0.650260254812152
0.0347777549762965 0.0717247628370758 0.284686545231983 0.430925615922749
0.160878497265694 0.0237966843559364 0.26598266480128 0.161854915772642
0.144314574174557 0.00840840040021947 0.0598830459028833 -0.0431788118702057
-0.141595571715827 0.0205120798412549 -0.0277010557099012 0.0187449188243892
-0.195230925431693 0.0117919777429822 -0.224073053658412 -0.0728145640540249
-0.110221187468111 -0.0397988903663768 -0.321957931659061 -0.273114249059002
-0.00117555209766256 -0.192095594552559 -0.0383533492148046 -0.562332165918261
0.154676419687386 -0.233855808476743 0.417645175841228 -0.586038862742497
0.290995417108798 -0.0497725806464256 0.670388527894462 -0.135024921483512
0.253018597788342 0.174507018630311 0.410583453902358 0.225394629178128
0.14890250698155 0.277502404743437 0.0772535190353166 0.027705676784145
0.192224945204179 0.254265423945879 -0.222644938761193 -0.330820560485084
0.268783113505722 0.118890329509387 -0.641548278940964 -0.358525099735705
0.250175041503033 -0.106370877643034 -0.769190847173015 0.172516013232588
0.110039885389954 -0.200305764232893 -0.290161893076418 0.6026576729112
-0.0529016571555521 -0.0870115226284879 0.189552953928785 0.494368822621705
-0.197479009264423 -0.0250041623762214 0.271684669203064 0.23490497277238
-0.183948317639089 -0.0178496237194762 0.0550085220753583 -0.0251820749852548
-0.120096195722171 0.0249134481147871 0.0108193641105515 0.0354128469304105
-0.175962813664326 0.0124131283614319 -0.200698496524879 -0.0311843198223079
-0.12745744290267 -0.0170687458042494 -0.329378857445551 -0.159008165717345
-0.0493295430022511 -0.133948384093557 -0.123689288502819 -0.483499099539215
0.0899329718561571 -0.206563927263123 0.30325552906929 -0.648544953550763
0.244572427332022 -0.0816154184731017 0.668913923719886 -0.286828608896363
0.237344012635543 0.121634281120344 0.51313457287186 0.202732102045062
0.128480465706202 0.238875576439408 0.15286789574512 0.133909874979411
0.135238889786243 0.250334300134635 -0.121920134314003 -0.252602903186371
0.211252837645713 0.170303223466107 -0.516341377924492 -0.458751310865181
0.234725404706218 -0.0354368496048339 -0.807995420728978 -0.0371706177748929
0.12754196938191 -0.177737917119933 -0.455573372192731 0.531466400963893
-0.0259370240678122 -0.107447811065086 0.109030105707104 0.575441234430505
-0.167672341451149 -0.0457170913905225 0.276141617213638 0.329966398093203
-0.169779646349316 -0.0237858487556651 0.103404424067515 0.0118899523737681
-0.0808075782368325 0.0250383285072484 0.0427405202594508 0.0447846662773642
-0.123512106065254 0.00484149310202538 -0.180615674789674 -0.0180664459558741
-0.109650204974936 -0.0154342322690513 -0.33142573321534 -0.0913354843051531
-0.0724112864659437 -0.0836729722204308 -0.175882969009322 -0.411038344192477
0.0320758837544537 -0.144447355074103 0.230975043413122 -0.662247228442355
0.169013820754664 -0.0662264578532817 0.661383281623079 -0.380059493992016
0.17469497453368 0.0786930387968093 0.591622621145155 0.18467247893539
0.0879628862748296 0.162851854045409 0.210931388048066 0.215568272308876
0.0775497237814531 0.17992223957784 -0.0577896398023596 -0.169041745143337
0.128276970362798 0.149222972008782 -0.412730473316254 -0.485512384341891
0.164797373753194 0.00674236619979076 -0.799590898845699 -0.176193042719617
0.095574829204493 -0.123914663237014 -0.561784338071242 0.456463359446049
-0.0196973919673329 -0.0933380554356557 0.0400895226200506 0.623624898223814
-0.125687598965433 -0.0469202666617944 0.27342441834655 0.400111562527673
-0.131804910116986 -0.0192351456097835 0.142993015054258 0.0428687161297349
-0.0279986369268379 0.0197100126854379 0.0682117792814397 0.052531039961567
-0.0507930985610311 -0.00640290712977914 -0.165258553354628 -0.0195238967197066
-0.0644606793050822 -0.0265664652328645 -0.32766452456904 -0.0708369700291174
-0.0684102367698511 -0.0476971778320827 -0.197107422463774 -0.376989105734007
-0.0115368279031298 -0.0702835969547287 0.204706785155148 -0.653847906431277
0.0828674158475722 -0.020272374958583 0.666272934564679 -0.407717078075123
0.0794134019387996 0.044824577452429 0.636091121873804 0.184195642308347
0.0334198134027061 0.0633951830405807 0.245158881369549 0.261569811299365
0.0306318780944038 0.0644505905346033 -0.0288012541428531 -0.116251320535528
0.0472077437428186 0.0683128225770813 -0.363524872761402 -0.472314781786442
0.0648226783558263 0.010147183963017 -0.784903135650305 -0.219517937235383
0.0201821209939863 -0.0589380568467664 -0.595646475332177 0.429570562614309
-0.0362918392924106 -0.0506638376469318 0.0144368400041771 0.647489553486799
-0.0786277662068716 -0.0275262359494429 0.272330515063349 0.432446481662246
-0.0755124634774746 -0.00953088660608933 0.16602230851026 0.0590548918858417
0.0308024973059998 0.0147536288809708 0.0803413775201228 0.0580270834854614
0.029120522462579 -0.0154984086527525 -0.155488589522619 -0.0309297437661862
-0.00743756850580054 -0.0365627933455007 -0.320300168197059 -0.0934597257553805
-0.0536637176821379 -0.0138953300901658 -0.186004743056305 -0.389108173405782
-0.0486366496602631 0.00633356600719486 0.232140507922624 -0.631369549723271
-0.00931031371665132 0.0307049830509502 0.684900109600024 -0.366470534749424
-0.0285162177310872 0.00849768572036604 0.638018172769283 0.215159073351086
-0.0265334866366549 -0.0469078403467629 0.248943155993839 0.263946821645225
-0.0150933626044345 -0.0629906511865064 -0.0259459442511529 -0.113505248122197
-0.0352213294937715 -0.0244737207074068 -0.376760522140636 -0.44020930615335
-0.0463943946067249 0.00733098593141038 -0.776711038512027 -0.160077329463432
-0.0699680484173504 0.01606413417376 -0.551261118410874 0.466719026689662
-0.0574383072296295 0.00534347323002732 0.0452366956938885 0.649940752528756
-0.0250429010224557 0.000881667088956716 0.276926532272637 0.420870260087583
-0.00953683339395115 0.0032525589293145 0.167090024101043 0.0555804375791427
0.0873471206246747 0.0136067239809757 0.0781766910563856 0.0619640820073913
0.0990192062442794 -0.014396262894754 -0.153251041444772 -0.0500849457325953
0.0388736918337508 -0.0318049045803484 -0.307722058669599 -0.153588839183484
-0.0461379336128055 0.0340859233765145 -0.138824818278981 -0.43411274662359
-0.0931917287252808 0.0746261048187008 0.309467769388597 -0.591070630404645
-0.106525214074285 0.0577706130039053 0.712961084907765 -0.255795451863907
-0.127922315891995 -0.0461281715114003 0.597664431431604 0.267476345080717
-0.0829453249110225 -0.149305515234803 0.219787213813699 0.222402061856771
-0.0729848660473255 -0.16043375488007 -0.0538068584279385 -0.154683962177532
-0.127404321032462 -0.0755395290855349 -0.444392956128362 -0.381398387032023
-0.147252970474058 0.0385249800741845 -0.759633543708264 -0.00795724007926289
-0.138469261430435 0.100469410806424 -0.425502125159469 0.553295193509421
-0.0570893683274032 0.0557529756059578 0.124155550541652 0.620752944791022
0.0383317934874816 0.0244803289907655 0.282948427811415 0.36149070485997
0.0559078807166773 0.0132877069480152 0.147139688369838 0.0317196421320739
0.134378656034295 0.018955740120093 0.0594030337407702 0.060202513369608
0.145039419850529 -0.00145229625145948 -0.159880770089217 -0.0848951993652718
0.0579488315827844 -0.00371479820209876 -0.289718011168136 -0.245167951505682
-0.062234056117293 0.0932243924203207 -0.0536938945807271 -0.487673246344936
-0.150898541444032 0.116184786635798 0.425245865892885 -0.507204585931305
-0.194946332210312 0.0390890762584491 0.725561558093214 -0.0938950577520494
-0.19371877141632 -0.121918472005747 0.514441878506677 0.314722540866844
-0.127796317218562 -0.229149859468851 0.16600351719541 0.143276659435354
-0.141237670000273 -0.204885530279646 -0.119873036829115 -0.211645422372873
-0.216333305536643 -0.0613716800729476 -0.540279393595628 -0.273053273240059
-0.213250430577235 0.108584898242899 -0.701730779071446 0.204956669733786
-0.154943012985796 0.173033761950456 -0.249755579165952 0.627508192257423
-0.0233833434214662 0.0795296117622264 0.21688049354009 0.548874595274401
0.105392000950789 0.0311981332802696 0.281826490226401 0.269108982081312
0.110716023516816 0.0147549001998581 0.108830854982417 -0.00488585958302965
0.162937423858514 0.0301958983923193 0.0256379432844337 0.0475894481348091
0.156138760263987 0.0233248926328224 -0.175140030422865 -0.140269434430122
0.0436501245431071 0.0396606890472614 -0.25742469154764 -0.353263927114999
-0.100187346471366 0.142308410437389 0.07308842915495 -0.516268725836449
-0.207197936428259 0.110833864180717 0.551232291564134 -0.368417280744791
-0.249826306095368 -0.0257714245173037 0.700634548544227 0.0913999545867171
-0.212024131595511 -0.201138629864773 0.405658264327786 0.333121132584626
-0.154729067896365 -0.273294882940701 0.0948356885020892 0.0385307568784178
-0.198930118172988 -0.194332119808046 -0.221848398474512 -0.255397312469857
-0.268949187483706 -0.000178921721319527 -0.627661806506542 -0.116678255835682
-0.224848585723918 0.178713809968099 -0.590041143203237 0.416820412218757
-0.121922595130258 0.200139804742625 -0.0700785837739992 0.647902962118101
0.034074681497872 0.0713913360034959 0.28269685296595 0.431401093192653
0.160658320724833 0.0241827156537787 0.265228204319848 0.162827643567449
0.14390037593809 0.00962974546687384 0.0607865652853503 -0.0430759917343229
-0.141919053414937 0.0195951178116844 -0.0281649066894538 0.0192269420818799
-0.196129393175597 0.0115411146687624 -0.225100141122625 -0.0728133201707523
-0.110633520852694 -0.0399630431951284 -0.321529623881831 -0.272393496521269
-0.000661342972270064 -0.19211070869112 -0.0371683377979113 -0.56316434264673
0.156803046056517 -0.234119179085311 0.417924468313894 -0.584468844575971
0.292310647002114 -0.0482970081119672 0.670845027540117 -0.131160533173586
0.25204650883063 0.175598472496441 0.408600065532966 0.227323656162594
0.147111814939017 0.278277866157045 0.0766243927883683 0.0283996330184613
0.189698930019209 0.255315660064807 -0.220984889863999 -0.331964983170251
0.269956033542927 0.120896453295931 -0.639622366659556 -0.361792820552786
0.251115181711693 -0.104903718956265 -0.769167254208652 0.166606015621186
0.110610650055092 -0.200020898922921 -0.291965071008085 0.602581185878932
-0.0525069014354641 -0.0875255194791164 0.188382634992215 0.496100607721011
-0.197701555574317 -0.0256693335127643 0.27188254270996 0.236942801898011
-0.183930769210965 -0.0195910622169541 0.0552162311627871 -0.0242805771007911
-0.120227289701409 0.0245249129760951 0.0100480987439756 0.0355326667236549
-0.176942890162417 0.0120668447125782 -0.201663032605806 -0.0320013827615153
-0.128050915171331 -0.0171234209040452 -0.330031332934307 -0.159657922216854
-0.0488624199405636 -0.134495652567806 -0.121422596070399 -0.484401038028283
0.0908929946262035 -0.206699643617568 0.305822975343946 -0.649011469966201
0.244862669900187 -0.0813845185974447 0.670758458462106 -0.282301206672245
0.237589520795448 0.121972583299485 0.512541036035623 0.20593317268119
0.126717784488961 0.239497022530684 0.15142867798979 0.135206071404609
0.133539313803633 0.250353461704989 -0.120419105787548 -0.253232659400864
0.211022219833464 0.170747363602771 -0.516686013759736 -0.460549043865428
0.234994288257178 -0.034560881518289 -0.808792172565574 -0.0405544783214211
0.12817173224818 -0.177559670202982 -0.456972681913041 0.528381454598832
-0.0249064985943417 -0.107577732878238 0.107104573879756 0.576031726095884
-0.167876852285646 -0.046502540420385 0.275128350680311 0.331158729680887
-0.170190377213853 -0.0244326289544479 0.104173280900661 0.0123712245142914
-0.0807989469949599 0.0243014407205417 0.04216503378081 0.0446345477514073
-0.124037403301116 0.00469297495633913 -0.181852161000308 -0.0196843606413431
-0.109619231567281 -0.0157585118046203 -0.331643903240929 -0.0922350710302766
-0.0721688602178438 -0.084470522644579 -0.173949517947147 -0.412538282940246
0.032761593662934 -0.14412500569819 0.233432504395299 -0.661626350639846
0.16953153552694 -0.0659037977758112 0.663909582094669 -0.379806607703145
0.174300196325274 0.0786752689840006 0.589743527522638 0.186230071768371
0.0861072171968121 0.163224925586075 0.210179219335931 0.217531124610934
0.0761939696911637 0.179333826668122 -0.0575888119470592 -0.168920592461025
0.127884157330541 0.148910080598383 -0.409466241508673 -0.487441300088096
0.164218838001428 0.00772429716854673 -0.798100991332677 -0.181042643983989
0.0952624638389939 -0.123668451560985 -0.563938669568897 0.452702267725182
-0.0190543080006827 -0.0935398503787382 0.0367938926966472 0.6235196111383
-0.125476545255272 -0.0478876630311075 0.273143462240839 0.401169404615447
-0.131416625222469 -0.0192585166879721 0.143877466663351 0.0433402972924481
-0.0280683686045267 0.0199739146044807 0.0678461119415052 0.0533558787204048
-0.0510435497132196 -0.00686635863259895 -0.165985216991352 -0.0212683153242159
-0.06409755676554 -0.0267326839286271 -0.328266450150395 -0.0707935210990104
-0.0685109706763028 -0.0482441721174817 -0.19641536242863 -0.377503339078652
-0.0115668350991296 -0.0697002121204543 0.207477734585464 -0.652057892499798
0.0831276013592502 -0.0208106472025155 0.666373732451489 -0.406548854381482
0.0790842043489157 0.0450034935500623 0.635534936785624 0.18822487187032
0.0333866733556294 0.063305475727448 0.243883479229259 0.262822085206537
0.0301459116475187 0.0636128859244869 -0.0283800203202366 -0.117404674177012
0.0470379571572394 0.0684395249048401 -0.362260295162337 -0.473369523333891
0.0642156845494211 0.0108789345459585 -0.784962359484971 -0.221852570271367
0.0201031874190368 -0.0588732568054345 -0.597798667006426 0.427140574582158
-0.0362021362584058 -0.0507524801220516 0.0134221395119004 0.647688673656724
-0.0785687793343756 -0.0282469505916106 0.271747172937935 0.434501984244151
-0.0747779524866372 -0.00937962231493369 0.166531601308983 0.0593893405797716
0.0301921965689656 0.0147393328167941 0.0806660775662915 0.0587278385086942
0.029037876377698 -0.0148856478662886 -0.156529362465278 -0.0314643473679316
-0.00722792695935396 -0.0365738627062796 -0.321984384668783 -0.0942693614787746
-0.0529213458718631 -0.0140085850762371 -0.184095111326432 -0.389576138395329
-0.0484676445792889 0.00662279143713165 0.233999209445315 -0.630403326383369
-0.00951972928359947 0.0303691363409858 0.686250816438614 -0.361969132209607
-0.0292591709660896 0.00797633432738246 0.636900110161054 0.217988868768179
-0.0263750162788339 -0.0471440327337418 0.247020564638097 0.265776243310184
-0.0146664744221954 -0.0622895530363543 -0.0253100200478516 -0.113828147054062
-0.0349634130241066 -0.0244869806481356 -0.373351551538208 -0.442476517818604
-0.0460735151167966 0.00803879426945373 -0.774712578479226 -0.163173156738345
-0.0709061861459433 0.0161254901237012 -0.552476611358364 0.466194164671186
-0.0577151514145665 0.00537824878968926 0.0442082004228756 0.649005063284184
-0.0245775257113752 0.000833079518441842 0.276774235782556 0.42092464427027
-0.0098947904727109 0.00346951576128463 0.167987207367916 0.0567738593346586
0.0868258774718717 0.0138071281442277 0.0785241978532305 0.0625064986860859
0.0989140486813487 -0.0135872997268003 -0.154336931962846 -0.0512842882811451
0.0392743849305962 -0.0313829833238268 -0.308437306260007 -0.154286524285571
-0.0461343063398865 0.0330602877833402 -0.136607888172879 -0.43553984418983
-0.0937627872875841 0.0740490030115697 0.313488836307868 -0.59047089495079
-0.106689731407524 0.0574683865579217 0.715100424121863 -0.254085258913804
-0.127758827019357 -0.0470431585207006 0.595456976104814 0.270402546665505
-0.0825684238409341 -0.15039315656474 0.219835446372398 0.223589356404324
-0.0724199592165638 -0.161802108719835 -0.0530141934701844 -0.154856160200904
-0.12727403858203 -0.0761983482915214 -0.442535602344258 -0.382942507718995
-0.147829392990777 0.0383342153587539 -0.760127395125345 -0.0114438765071254
-0.138894883801572 0.100445289091188 -0.430045049910821 0.551467548848231
-0.0576328252536248 0.0553735124229578 0.12363379927127 0.622314866753163
0.0382969807848349 0.0247679860024256 0.282683508369435 0.362544053553195
0.0554095957964767 0.0140940322880721 0.147671377538677 0.0321196007084977
0.133418531837425 0.0194054400762809 0.0595008710853589 0.060569687893154
0.145169437023625 -0.000355688225776354 -0.160524001874258 -0.0859634212931136
0.0578344178150149 -0.00347264048154943 -0.289729396762572 -0.245754738687596
-0.0623372456528833 0.092782742931913 -0.0504538487034724 -0.486982189616908
-0.151789737091793 0.116528799721678 0.42843093829496 -0.506897285197982
-0.195136720383835 0.0384739404924546 0.726046031547557 -0.0918033548450937
-0.193619325045922 -0.122720669274088 0.513624316377974 0.316339295436213
-0.127535595994465 -0.229873954155223 0.166119727779889 0.144808638055183
-0.139837822177539 -0.206174722307677 -0.118728884719674 -0.213049696566827
-0.216163486262549 -0.0621022269741126 -0.538450949149166 -0.274658400112159
-0.213631998724245 0.107498269650872 -0.702909617311792 0.202394235448194
-0.156197695769548 0.173518392024048 -0.252039871067002 0.625858434527185
-0.0235661251642877 0.0788134658687676 0.21429253815729 0.548494988085498
0.10572881308139 0.0313207298348353 0.281572208696378 0.270456131091204
0.110517212003288 0.0160540168667442 0.108707796325162 -0.00522821132219551
0.162576440862727 0.0312116988986883 0.0254043234945837 0.0476675247758193
0.156793241733924 0.0243221852200456 -0.175965152927302 -0.142621488798176
0.0437215427650771 0.0404786833320836 -0.257324144299578 -0.353852801984705
-0.10048178032262 0.141844199061647 0.0744252853892219 -0.515170080912346
-0.207483300211219 0.111063805288688 0.55336895428809 -0.365546432626739
-0.249240565963241 -0.0263047026144102 0.698563091764193 0.0945681813975038
-0.210869866294361 -0.202438863301696 0.403683760117296 0.334261071308984
-0.153726075721865 -0.274711263918242 0.0949550159658818 0.0392080239155601
-0.197705239912227 -0.196192867282581 -0.220621407620391 -0.256138727512648
-0.26894947468524 -0.000867859072525904 -0.62678601274983 -0.118152168381488
-0.225698851716161 0.178140269637052 -0.591826323437251 0.413091190213871
-0.122503015185808 0.200290712486127 -0.0705429000052051 0.647180420388656
0.0338452195873466 0.0717126646197702 0.2814002816581 0.431718598163125
0.161742799297352 0.0245787446203233 0.265791805226711 0.163483692491683
0.143896765881648 0.0110009062567951 0.0616482843167446 -0.0432081434247969
-0.141963263016162 0.018538837371237 -0.0290559588746202 0.0183009472823354
-0.197502212850223 0.0109491088530053 -0.226791087193835 -0.0735138895386291
-0.110462613717435 -0.0406657171420166 -0.322271413313881 -0.272871482361583
-0.000231699887100603 -0.192524158901988 -0.0348159328104882 -0.565123726104972
0.15814826954651 -0.23417073949387 0.420264826376839 -0.583353240117444
0.292653272710314 -0.0480005435962137 0.672602712820893 -0.130002473017415
0.25150444544223 0.17772083651471 0.407389133916963 0.22821282434389
0.145499986181076 0.280087567817845 0.0762250430234988 0.0294765645293062
0.187480684578772 0.256186381364167 -0.220575671921992 -0.33411903953405
0.269949703804305 0.122115619956887 -0.64058215644587 -0.36704983202698
0.25261135209889 -0.104671529929365 -0.77142169878539 0.165063233900215
0.110759749967431 -0.200477370046463 -0.294690469126057 0.60215626782774
-0.0523494436681863 -0.0879431664427255 0.185517078027251 0.497067199962329
-0.199137657996068 -0.0273450650833921 0.272303616723719 0.23838005718106
-0.184464135409876 -0.0207772583668074 0.0555807691694366 -0.0244818944229894
-0.120598729701816 0.023306139630475 0.0099170939664422 0.0361026416357038
-0.176831055655506 0.0127305663314056 -0.203513286116778 -0.0340552232162089
-0.128043997157583 -0.0175721596199795 -0.330779241919816 -0.16075315918075
-0.0485916560230124 -0.135054302033732 -0.121911704532409 -0.48640987273419
0.0927702442920399 -0.206693513907164 0.30947916430149 -0.64891198757493
0.245702852283404 -0.0807435419140476 0.673245288721064 -0.281078781676527
0.236328263321588 0.123524468625657 0.512604601505955 0.207813514336838
0.125133789642744 0.241061721180467 0.151034529344229 0.136896337803852
0.132026119863517 0.250975327047237 -0.120241857057714 -0.254217784944501
0.210607699758974 0.172532613010495 -0.51546077307582 -0.465129790945795
0.236104905560411 -0.0342259492073094 -0.811160375358164 -0.0428511732061544
0.127912932424725 -0.17750831860172 -0.460568790284963 0.529483989687902
-0.0247925610511181 -0.108513509181943 0.104478132379223 0.577818628629104
-0.168023544558511 -0.0471362686308847 0.27604324034673 0.333406805963553
-0.170211486524792 -0.0248652126731044 0.104887786088121 0.0125346923890796
-0.0818758494901814 0.0236366545054793 0.0419194285990064 0.0460426881956714
-0.124769834771325 0.0045523553460301 -0.183451276255975 -0.0206781316665073
-0.110170844829416 -0.0160421830525808 -0.333697770513378 -0.0929018035774773
-0.0723242853720551 -0.0853040573398276 -0.172888720761064 -0.413808356575717
0.0334152404478886 -0.144106951723259 0.235578655161419 -0.662115380806327
0.17042769079993 -0.0663214883785251 0.664568935366533 -0.376533435628397
0.173994023981273 0.0792219331779052 0.590622482417713 0.188434584858254
0.0853589692042881 0.164258643101393 0.209515001671697 0.219125075385767
0.074724008649055 0.180579891875378 -0.0567245145123166 -0.169333838224331
0.127847942337252 0.150121650542694 -0.408903641701122 -0.489676010641968
0.165089519250785 0.00918169149990873 -0.799850411705326 -0.183306028659538
0.0954438955306401 -0.123651334466122 -0.567210284916964 0.453349697762684
-0.0190554360297121 -0.0940559543860379 0.0354569349761079 0.62728671475725
-0.125960157759802 -0.0481502160952437 0.272511500468095 0.404310473532543
-0.131537089210793 -0.0204742418770131 0.144451967627769 0.0446792235752956
-0.0286049072118762 0.0195548596686224 0.0674281428899921 0.0528698536391828
-0.0511106254178653 -0.00615289384363308 -0.168232914674624 -0.0224725368147976
-0.0646186782016195 -0.0274889861619532 -0.330547753117073 -0.0730723148932281
-0.0687667639691131 -0.0486317117689002 -0.194902505532505 -0.379683329539106
-0.0106625244772595 -0.0695421058579382 0.209596976532363 -0.652801821726653
0.0835421712587918 -0.0206265829411977 0.668467553822036 -0.403809687846661
0.0791837264216925 0.0452714112842448 0.635956730749993 0.189717344567357
0.0321297567905326 0.0636019302906057 0.242999510816646 0.265554380193047
0.0290054520265479 0.0634613909563472 -0.0277862099877414 -0.116807971437261
0.0472872591463084 0.0690168823846836 -0.360026204060748 -0.47555718132495
0.0642411296913864 0.01185141525138 -0.784971587838908 -0.226389211946971
0.0201929373122019 -0.0584064893704346 -0.601441149755137 0.4257603612538
-0.0362453177350735 -0.0507575917810676 0.0100438843232869 0.649287823255457
-0.0781928648430709 -0.0280599057145937 0.271273277746744 0.436024471924201
-0.0754364559803711 -0.00943823750292175 0.16742286494397 0.0601547223017892
0.030372366878875 0.0147077438449522 0.0804538623229548 0.0599024165444577
0.0285879539345818 -0.0139028435211665 -0.157817658399725 -0.033030382474894
-0.00738820390498229 -0.0369126112931198 -0.323492277072011 -0.0954603807220804
-0.0531225404859143 -0.0146302348816873 -0.183012343471739 -0.391686489381512
-0.0487483205929522 0.00707884003761025 0.237389810514402 -0.630830299521751
-0.00946403652687054 0.0296220398455384 0.687642581939663 -0.360882913458093
-0.0295755797726352 0.00792645502118776 0.639243638881358 0.221277653782525
-0.0264778145661062 -0.0478885853144593 0.24632288316176 0.267627253400795
-0.01460959857253 -0.0638554905495128 -0.0246801983878595 -0.113807834156627
-0.0341731097161865 -0.0243461708414174 -0.372688087543794 -0.444514253445821
-0.0464324079697417 0.00752113746466171 -0.776380746666768 -0.168776807685982
-0.0711105432449108 0.0163027199637986 -0.55654470140982 0.46393320352254
-0.0579792224874991 0.00478065369850907 0.0422340293491395 0.651501388588308
-0.0247651666284389 0.00102139531868435 0.277001364422048 0.423249338036404
-0.00995020652718222 0.00395542106549585 0.16945528774805 0.0571697652373712
0.0866558241918967 0.0146143922983601 0.0783985405984802 0.0628873812401364
0.0991735613565257 -0.0135819862756469 -0.155680297508488 -0.052742873759563
0.0392968114784941 -0.0315472272727429 -0.310568064159455 -0.155664903813446
-0.0462692077281869 0.0329658759851547 -0.135455076048464 -0.436573800401281
-0.0943053236022221 0.0749775039133366 0.31689167046573 -0.589667009322726
-0.10685721730426 0.056348947636799 0.716257075810169 -0.250967960905831
-0.128377864661379 -0.0472645762184916 0.596369593154181 0.27184182648355
-0.0824725922156761 -0.150944206869849 0.219165057688306 0.225848420062227
-0.0713070094733834 -0.162676781349267 -0.0519406056284028 -0.155683648232408
-0.126382373038913 -0.0770479582159052 -0.44198228405098 -0.385314276133549
-0.148505239333514 0.0379877358378213 -0.762531151474508 -0.0126097922986142
-0.140231318243073 0.100232220744785 -0.432179979635459 0.551399626261328
-0.0585185224132498 0.0546131159635363 0.122126710786833 0.624481978218863
0.0384757782157179 0.0243051110649772 0.282765520353959 0.365600662959556
0.0552014689703185 0.0148979534704479 0.149147597293431 0.0323208836599482
0.133742723266669 0.0206072571646603 0.0601820230412346 0.0608687669699551
0.14614096080825 0.000473824977594204 -0.161632977283473 -0.0882439841309127
0.0573160857794794 -0.00347118694089331 -0.290654641125729 -0.246800413237176
-0.0630390659730533 0.0922997741770369 -0.0497858667220606 -0.488442465480326
-0.152401203574329 0.116633268747052 0.431485610332971 -0.506319585792247
-0.195366292448077 0.0370279363636915 0.727318131195667 -0.0886690027501725
-0.193991532423775 -0.124149698032564 0.513557395418744 0.318931672432089
-0.126711605999143 -0.231233679531835 0.166083935312964 0.145675096618221
-0.139620777676902 -0.207488939074169 -0.118074556293486 -0.214786431867153
-0.215274664149378 -0.0641047143853445 -0.539648345771248 -0.278636359478326
-0.214536149879168 0.107775837796944 -0.704926360427971 0.201018149594001
-0.157328885303811 0.173302098422722 -0.255142823127366 0.627688501433736
-0.0245262017650065 0.0788526385251745 0.2147530848484 0.551024258923062
0.106140517710577 0.0318092866541838 0.281871428476384 0.272170136456571
0.109879894733314 0.0171184721348816 0.110560092077463 -0.00482540448717993
0.162736144877848 0.0309552628455104 0.0252836286073287 0.0479763689873298
0.157716836441018 0.0252176668876423 -0.176239775769538 -0.144028330328805
0.0437355972858784 0.0403537621538635 -0.257381632755501 -0.3551891598784
-0.10166985221632 0.141995208935986 0.0764356377119858 -0.516055796874933
-0.209392254574994 0.111394182963086 0.556557210107238 -0.363786391670526
-0.250568114392585 -0.0274422340735404 0.701660122841821 0.0980313716962987
-0.210539869637925 -0.203531969528295 0.40264626260107 0.336411898866244
-0.15290576799086 -0.276610579211427 0.0954530388766363 0.0396035120937262
-0.196550329944912 -0.19795619970674 -0.218816339451978 -0.25958936137028
-0.270290490230648 -0.00250537999012432 -0.627590092720639 -0.121506847731707
-0.226739139688707 0.17775640049217 -0.596015660038472 0.412664951898309
-0.123493823745359 0.201339024747272 -0.0735542176985542 0.648531262428726
0.0332325173275667 0.0714168613829872 0.281892053899712 0.434105840264387
0.161368425064956 0.0259095645122187 0.267104049039679 0.165538549600342
0.14416844024379 0.0122590688498323 0.0623388992964061 -0.0431573350837054
-0.142293369453103 0.0171991198294022 -0.029947733842575 0.0183667859251104
-0.196874905236204 0.01070613819601 -0.228021053784998 -0.0751217092040389
-0.111338192318356 -0.0407939914796888 -0.32468184186381 -0.273707362481381
-0.000319797601352642 -0.194018208004012 -0.0347457168651671 -0.565786532884163
0.159977287438541 -0.233934616677732 0.424274442652525 -0.583174618503342
0.293968760984019 -0.0485790625565839 0.675609473455935 -0.128646338634471
0.251733562296788 0.178371867005232 0.409374307923222 0.230866590531691
0.144894581506999 0.282203335933042 0.0774620080183675 0.0306804173894202
0.186620879825469 0.257769427061846 -0.218930201842113 -0.335793210308419
0.271058130558937 0.122393398534896 -0.64361369092584 -0.370466971865473
0.253212358411693 -0.104319389274628 -0.775632273291999 0.162633002018688
0.110122385782867 -0.200759192596956 -0.298115747100511 0.604686332885087
-0.0529346055113116 -0.0888913582957411 0.185693681318403 0.500599597354866
-0.199557628070108 -0.0264998106852696 0.273947546184825 0.241044165911884
-0.185151518662983 -0.021394385695806 0.0567572401636786 -0.0239344630308912
-0.121205535812355 0.0225239028715862 0.00953367833079751 0.0357465043233407
-0.177532259398906 0.0117791849050917 -0.205068599032143 -0.0347342840463437
-0.128941146760908 -0.0181415517756988 -0.33246505339824 -0.160025106480614
-0.049695563779233 -0.135696391672079 -0.121068567007693 -0.489530507291982
0.0943118290914874 -0.207762114404605 0.31153429419102 -0.648959954290214
0.246113680823167 -0.0803532792337676 0.676463403384473 -0.277776928025713
0.236735798963096 0.124855912946445 0.512199909987565 0.208594357004218
0.124694734156062 0.242014088747553 0.151032962753206 0.137887007325213
0.131854481979726 0.252455157271217 -0.119986553745033 -0.255210687241003
0.211578430901917 0.17238752469345 -0.516367786231371 -0.46772484168434
0.237175867805926 -0.0328444521302485 -0.814319653874238 -0.0460367006421266
0.128883879142232 -0.177359922295653 -0.462735981942881 0.528940612153697
-0.025225997735736 -0.109236154712184 0.104042596380861 0.580358057326625
-0.168797082191439 -0.0475796442909497 0.276275429527982 0.33549049394998
-0.170805415814376 -0.0258500330573109 0.10602672067703 0.013481295257769
-0.0826477338339132 0.0234803184843027 0.0415584632029346 0.0462259593597369
-0.125949162994005 0.00447627881273162 -0.185067283983075 -0.0224835249780054
-0.110705755996124 -0.0165297435360229 -0.33508543363391 -0.0932513114684027
-0.0726937813913528 -0.0853864894829361 -0.173122196803374 -0.415786390712895
0.0336576201989382 -0.144445220267929 0.23957601480063 -0.664610736641261
0.171243806258519 -0.0661168585474076 0.668943994312991 -0.376025623655744
0.174414109578042 0.0805292589879845 0.592351376519049 0.190808146455076
0.0847603174870984 0.165369846504998 0.209335889239055 0.221982492880222
0.0738704676982483 0.1816536293823 -0.0567296669526549 -0.17044910536482
0.127945658158271 0.151030164152266 -0.410149073448196 -0.492813583622588
0.165302896281185 0.010523465321471 -0.80130874094341 -0.186637359428224
0.095684913147544 -0.123931011390477 -0.569804474957518 0.453760669091532
-0.0190323499631632 -0.0942963000950802 0.0338637075801409 0.629020340496822
-0.127063289344239 -0.0486397538281475 0.273130693548347 0.407112091149727
-0.131896015541741 -0.0212138915825111 0.146089541053059 0.0456807707516637
-0.0286424948133127 0.0189964908103887 0.0680385422043349 0.0538544348856354
-0.052017127449618 -0.00579953081016755 -0.169208238908631 -0.0237699321921601
-0.0651557256551343 -0.0279445974993951 -0.332257674338404 -0.0734318266125795
-0.068829596451217 -0.0492477996914714 -0.196083187789829 -0.381597951403256
-0.0105075682264679 -0.0699033805229343 0.212075599262841 -0.654623566741549
0.0838089397152166 -0.0209497435219131 0.671476163042953 -0.402868067203229
0.0789202212405235 0.0459696939285149 0.637059488385491 0.191590163756842
0.0315455614426338 0.0638354714446392 0.243711034776853 0.267548850490425
0.0287934357147773 0.0633305012093066 -0.0278164909639914 -0.118303046450565
0.0472661016509057 0.0692043853214564 -0.360048778560542 -0.479071264583262
0.0647828618812525 0.0122935314660173 -0.787850955149108 -0.228835976728691
0.0196723958406754 -0.0591331007097687 -0.604712080218219 0.427615033766806
-0.0369192527382406 -0.0516238002965711 0.00836098671653729 0.654002458435234
-0.0794827756768324 -0.0283898583343034 0.27145348812602 0.440104498240011
-0.0755630729275263 -0.00943284539664126 0.169270899622554 0.0606208142128056
0.029429990283874 0.0148081677080263 0.0810010770223164 0.0598099578940794
0.0284471959414905 -0.0138043917749956 -0.159793930776439 -0.0347019992696658
-0.00754130305788452 -0.0370055576765295 -0.325849604732669 -0.0960526891679524
-0.0533621375393635 -0.0146310792738039 -0.182825180085458 -0.393215586287631
-0.0497357330516747 0.00705440573185066 0.240135146438414 -0.633007768224019
-0.00954451687705083 0.0294793530082878 0.692306466471562 -0.359649890867998
-0.0298822104674897 0.00767851179265331 0.637969485678657 0.223930281233776
-0.0263400060165861 -0.0483951171162425 0.246570556809424 0.269206019861783
-0.0149747062355819 -0.0642528891540166 -0.02486859586513 -0.114646644990376
-0.0336459937906025 -0.0254915981341838 -0.373530367387343 -0.44890394449145
-0.0460929308563387 0.00872178778965963 -0.779022132103495 -0.170874912461426
-0.0720526808088833 0.0157349740072369 -0.559512255786852 0.465307671142285
-0.0581398828840238 0.00453185156844955 0.039930640720181 0.655116124440942
-0.0246541139871998 0.000459100658873713 0.276402110251159 0.427077823205161
-0.00978968585765628 0.00433846525765112 0.171079537127939 0.0568843106724386
0.0866787581213704 0.0148614483559229 0.0791435824742736 0.0636857322972497
0.0998150609119105 -0.0123931758323256 -0.156842581287066 -0.0544853883543647
0.0392457999395603 -0.0315016359086278 -0.312606007320983 -0.156448653530438
-0.0464942043623128 0.0331690728088853 -0.135173653119444 -0.438317140894262
-0.0945949701745379 0.0753514359507495 0.317901486705502 -0.591017736884124
-0.107900322284164 0.0561002971128144 0.72003304356673 -0.250308002311721
-0.128793811500825 -0.0485702987384702 0.597454568874517 0.2759073033206
-0.0825749152398711 -0.152705973399448 0.218665020214748 0.227440889603837
-0.071182665454789 -0.164096372526865 -0.0520951425285585 -0.156548491809771
-0.126508041759213 -0.0781896087290416 -0.441625502548776 -0.388905393222727
-0.148915395350675 0.0384055512546965 -0.764438339254292 -0.016498611413794
-0.140681396333243 0.100414474673251 -0.434976917619415 0.551323340951532
-0.058621521489746 0.0540932420108443 0.12020563385914 0.627841901891057
0.0386219039705841 0.0245140654101855 0.283958143817148 0.367670154521088
0.0555492073226169 0.0155772775797469 0.149821874392555 0.0333559048294515
0.134039793698562 0.0206247067410972 0.0600266245887587 0.0609986646479288
0.14646040130155 0.00136823014660104 -0.163215245581542 -0.0894215636830923
0.0582143389320778 -0.00274139927857418 -0.292375766324629 -0.247000994138498
-0.0630358289287477 0.092527434213231 -0.0459962858801781 -0.490266919463067
-0.153237446165186 0.117188333819576 0.435077481639928 -0.506924523583331
-0.19577598764719 0.0369999401157335 0.729633104012633 -0.085154550306835
-0.194190764288436 -0.125906610581627 0.515366073580754 0.320690825903864
-0.12709197300819 -0.232679066957715 0.165882087666093 0.147553552864959
-0.138492941393181 -0.20980750548779 -0.117117989860932 -0.216380562261314
-0.216222887333449 -0.0645430153502661 -0.54143118737717 -0.279441997632323
-0.215833587394408 0.109079529602986 -0.7080761860273 0.198640930120777
-0.158749901972515 0.173111964207891 -0.256243258313697 0.629332787112472
-0.0249380568330968 0.0786803193251247 0.214385690605265 0.554401885432187
0.106737675137411 0.0317394638286338 0.282879017667904 0.274233438881941
0.110941013288109 0.0179852088631947 0.111265826836253 -0.00430509585455593
0.162757784570555 0.0318399882146653 0.0256836633009919 0.0476694858127316
0.158775472963609 0.0266040270118869 -0.177581813878234 -0.145281957854524
0.0433848244270985 0.0411038940184913 -0.258962052692168 -0.356534178511697
-0.102703801728415 0.141869339544258 0.078700087821226 -0.518036597157319
-0.209054940406279 0.111027376868105 0.561052430754583 -0.364089308058724
-0.251214127907298 -0.0290811708852376 0.704351727280281 0.100681081479579
-0.211020215173702 -0.205719035947879 0.40363040633146 0.338105045420674
-0.153233740414614 -0.277943659379481 0.0964660008260749 0.0407558671063947
-0.196818947740994 -0.199570268721715 -0.217715689173758 -0.261752059707482
-0.270509146543155 -0.00273708907580655 -0.630850365951745 -0.124692439878286
-0.227890438416288 0.178573283431803 -0.597885088943768 0.410689897053318
-0.125290178879787 0.200749334605426 -0.0759397446008831 0.652115997366049
0.0336366458817945 0.0716857048849508 0.283101448259331 0.435885534307658
0.162661392413772 0.0264937591638174 0.267938749890882 0.166541029855492
0.144255773735507 0.0134492537677829 0.0630617360764939 -0.0432792914655855
-0.143739256449782 0.0169505451679393 -0.0304830039414452 0.0182506724829836
-0.198977889376295 0.0112476072626918 -0.230232536335408 -0.0760270008760723
-0.112372793291698 -0.0413610630386285 -0.324732761974567 -0.274547648133261
-0.000679869493694808 -0.194140445688847 -0.0346937361026293 -0.571350996440278
0.161813322968573 -0.235809082645334 0.428199137243613 -0.584298308000419
0.295567668886406 -0.0478192338808804 0.681221982135561 -0.126400749565869
0.252933659646086 0.180448015730057 0.410792043216283 0.231734571666199
0.143728411146062 0.283388371190142 0.0773631798987486 0.030364039776656
0.187143785088585 0.260172079409108 -0.21954655064684 -0.338880782015333
0.272032826734846 0.123530769770673 -0.646920041106234 -0.37450727443938
0.254992646188704 -0.104254594542833 -0.780270200967018 0.160897240912506
0.112214170989393 -0.201524828036736 -0.301088198011644 0.606854422194476
-0.0533227020348093 -0.0889879344039663 0.185527331750905 0.503670039193732
-0.200752043588255 -0.0278330148887852 0.275875238100194 0.241800357140617
-0.185845767873002 -0.0226517660253407 0.0572433644134795 -0.0244111096895236
-0.122584287403997 0.0221848554282064 0.00926459830573059 0.0365696973618658
-0.179208822205816 0.012955800018552 -0.206979516250176 -0.0347350412996927
-0.130011424033269 -0.0189440639683805 -0.335021132838218 -0.161120818209263
-0.0493871790194299 -0.136839408855966 -0.12042192773444 -0.49244277102901
0.0950710096896574 -0.207930693124775 0.314895958631749 -0.651290363155565
0.24902831970252 -0.0813615165268842 0.678686554042264 -0.27816104061516
0.237392110568778 0.125315072225895 0.514748669583176 0.210858906746635
0.124418760962447 0.243221668269608 0.151922310581893 0.139885499190346
0.130135285321051 0.254065563357389 -0.119850574575023 -0.257125013218364
0.212409763184506 0.174375997648004 -0.517849162545361 -0.47265911255809
0.238554161615914 -0.0324332844751955 -0.818787179336483 -0.0491069959196282
0.12976827456958 -0.177913722127452 -0.466769816137971 0.531748197625628
-0.0249610542136088 -0.110449169070713 0.102790426212454 0.583284402439517
-0.170398068227279 -0.0486686490806346 0.278707112231126 0.338156981179519
-0.17118103956138 -0.0265010811914484 0.105957159861293 0.013393225436364
-0.0827466635946466 0.0230505635711078 0.0418610851233912 0.0465059162844334
-0.126148761158899 0.005502057657022 -0.187779007258974 -0.0228434966869297
-0.112014297480421 -0.0172458943103002 -0.33785265990687 -0.0931677858315923
-0.0731879917375388 -0.0864564068882291 -0.17360931600242 -0.418443894097784
0.0349669581737595 -0.145528947926102 0.240690250997933 -0.667254955299166
0.172402221885563 -0.0671296197110642 0.671633814292729 -0.37533745335742
0.174559855470928 0.0808468722946161 0.594235003939693 0.192914088947336
0.0838837509278435 0.166475859905455 0.209692587495525 0.223326263485652
0.0731500946565949 0.1825219113543 -0.0562284652517682 -0.171027547517591
0.12886932603136 0.15189134512063 -0.411452394748317 -0.497364899686392
0.166028970224016 0.0107003815711869 -0.805127126423223 -0.190512859299796
0.0967672602975431 -0.124040485449491 -0.575718384958443 0.453646763386052
-0.0191231105028174 -0.0953661709855422 0.0321306184808734 0.631340288779716
-0.127322961732237 -0.0489848050861801 0.274824810282606 0.409879595339275
-0.132393110251943 -0.0212695411328719 0.146969848824434 0.0446762940903401
-0.029231280787857 0.019560770661278 0.0680588204052717 0.0551732443614368
-0.0524729538407405 -0.00603677805637214 -0.171346295186577 -0.0247332785321089
-0.0653761969261661 -0.0275646435950809 -0.334526098063447 -0.0733378065398902
-0.0697490005218324 -0.0495462691232735 -0.194911621730087 -0.385449860761773
-0.0108062451414414 -0.0698606681319079 0.215899360098929 -0.657171265524119
0.0842970787025502 -0.0215228601957906 0.675946672847171 -0.403324948512442
0.0788630476245737 0.0459668843580007 0.641085744710279 0.194705334805488
0.031359074836098 0.0638637094652329 0.243527851895408 0.269552264420712
0.0284818497525379 0.0635751338066299 -0.0274835605868933 -0.118541759316532
0.0480791666696131 0.069475648955671 -0.360919642620854 -0.482524661150336
0.0652688698130253 0.0126394067371269 -0.791233141654268 -0.233261604680438
0.0205199807150078 -0.0597930918281866 -0.609058212065391 0.427948088578718
-0.0366799178989809 -0.0523268893710157 0.00873804912395703 0.656654263270296
-0.0798668677648565 -0.0292960292508561 0.273887498750335 0.442103718045003
-0.0758656250248888 -0.00968456344196667 0.170503430276101 0.0610679544054112
0.0297456732090575 0.0152519296072751 0.0811385392412435 0.0608382151372792
0.0288434768651798 -0.013687370605094 -0.161580121461995 -0.0353750110191104
-0.00751905921938041 -0.0369844502533264 -0.329347824580714 -0.0966062485327091
-0.0535262378755925 -0.0153639152773946 -0.182245502262618 -0.395656100117549
-0.0491730102466139 0.00799381253872852 0.243956048616561 -0.63554606346142
-0.0101105446294522 0.0292417682106472 0.696834028773011 -0.359778932638964
-0.03016532384919 0.00726871430510609 0.641438131199528 0.225122554502875
-0.0274992199595614 -0.0489238806054016 0.247684700952048 0.272490326522099
-0.0151450114403562 -0.0652831781654674 -0.0244106513469575 -0.11555943960097
-0.0335415994939067 -0.0251089067414723 -0.372923385720388 -0.451945420676366
-0.0466098645132671 0.00785723780333405 -0.782913603698851 -0.172397023182584
-0.0720546963446842 0.0156737151514945 -0.564998579565499 0.465827239658897
-0.0589568965139472 0.00462914598201741 0.03952024498304 0.659480140089432
-0.0253464959919273 0.000454255020050594 0.278861561020181 0.431036550809571
-0.0100848012016453 0.00508993006682084 0.17238664306362 0.0581476381099346
0.0866376462165633 0.0152208118048895 0.0792103985150146 0.0643335616063768
0.100441322501328 -0.012041642183501 -0.159704242080404 -0.0554903835405709
0.0395858802012786 -0.0311335493957259 -0.315459377374266 -0.157681271236331
-0.0469358748231223 0.0327817174201685 -0.134018014115913 -0.441391150071686
-0.0948897300424565 0.076293000533188 0.321255791195235 -0.594392697413475
-0.107973341780385 0.0558768905061795 0.723841158299368 -0.249772884032491
-0.128576858926632 -0.0493767320864045 0.600629100202191 0.2769612183828
-0.0825140519686884 -0.153679758278344 0.220188606704457 0.229707102087947
-0.0711343875903378 -0.165253514846245 -0.0512807354655634 -0.157855843025743
-0.125879610205778 -0.0790812960140413 -0.444734658105038 -0.393991572369537
-0.149942491703226 0.0382447339543063 -0.769132688000106 -0.0184762132742695
-0.142296145728021 0.101082064520775 -0.439782219447348 0.553180057883457
-0.0592301363729092 0.05498212669017 0.121099696733011 0.629584270276607
0.0385242760269108 0.023990097319359 0.286019992143169 0.370482909810108
0.0559539929207975 0.0165366956303841 0.151755068313888 0.0323833026970177
0.133690602357613 0.0218084866740572 0.0606552295105823 0.0614165313897185
0.147755678197937 0.00243007194182478 -0.165556204515799 -0.0911954392946194
0.0586301771288805 -0.00283379862942095 -0.295097177509446 -0.249118913354677
-0.0640629366692784 0.0930266050705667 -0.0466230465326951 -0.494023985817536
-0.154323366322768 0.11817617764596 0.437754133633338 -0.509657038416116
-0.198204243667766 0.0360718077033165 0.735013134275047 -0.0836629808397493
-0.194907113635064 -0.1273835203642 0.516097602296366 0.322460884379531
-0.127304987107306 -0.235413202352282 0.167255718498117 0.148975162984015
-0.138919928244731 -0.211557362305592 -0.116804965782299 -0.218348429142937
-0.216606408075132 -0.065872975183662 -0.543085920199805 -0.283775994253462
-0.216944760702457 0.108043614736754 -0.713304358195305 0.196748204896803
-0.160339080465452 0.173732483206873 -0.261061804336775 0.631993498548456
-0.0252210240591001 0.0788830015933333 0.21369000741034 0.558305567687899
0.106890395441965 0.0323305035492341 0.284857592179318 0.276262848435044
0.111148342554801 0.0195381896978649 0.113203210437538 -0.00498912069415184
0.163927803361757 0.0322967269139791 0.0262729053163474 0.0482244770240993
0.160007337868961 0.0270730903873475 -0.180060993691181 -0.147775520419756
0.043944940048158 0.0412853735168524 -0.260129188627967 -0.35832970839071
-0.103105223694966 0.142065781696542 0.0815264847876094 -0.518089553770849
-0.210833740007249 0.112131109816841 0.563773886883637 -0.363895066659345
-0.252406598799822 -0.0302644065050862 0.705742928656748 0.103786466000826
-0.211396313806033 -0.206732825015122 0.406115789879782 0.340468459143158
-0.153482686657762 -0.280532556800838 0.0966926728147243 0.0416732394557109
-0.197663762175778 -0.201960453259484 -0.218347415605838 -0.26362223891939
-0.271162611577012 -0.00429312029829741 -0.633753958740158 -0.128524745839934
-0.229559681929829 0.179587401280372 -0.603086730232521 0.412743646225432
-0.126184231842389 0.202390120117526 -0.0777708645788983 0.654869550753299
0.0327043981120289 0.0713503606368874 0.283528551426292 0.440008880850072
0.163067544591011 0.0259715172408566 0.270715972023498 0.168674447811429
0.144717152538212 0.0151268023480081 0.0648427204873254 -0.0438546412553372
-0.144450007118751 0.0165482988408576 -0.0313159752318361 0.0186183784818869
-0.200837303189022 0.0107764994780412 -0.232599173625299 -0.0762395849335594
-0.112824436874381 -0.0414201448464686 -0.328659766737005 -0.275497866064198
-2.54359067937936E-05 -0.196452674264098 -0.0354045499795136 -0.574935063812408
0.164269500706077 -0.237978301543341 0.431310628446465 -0.587495710993988
0.298018922217165 -0.0483852793238101 0.684441436619155 -0.126908599632563
0.25398834250206 0.181756702097642 0.411647623764781 0.233339498432642
0.144447100826229 0.286443105454552 0.0777087223291663 0.0320608770179855
0.186591141227991 0.261894524251591 -0.220796962951865 -0.340668915394883
0.274910558346723 0.124625402352542 -0.651728276651881 -0.379655489497565
0.256384307855989 -0.103681276586788 -0.78507344712421 0.161991914135618
0.111962939375751 -0.202849014670466 -0.30413713599208 0.610535698289925
-0.0539221531336606 -0.089508967630226 0.186772905910432 0.507990416664715
-0.203049054557434 -0.0285143323933812 0.27906341896182 0.243633435598076
-0.186774910737548 -0.022962240794523 0.0575338360830987 -0.0241417256120892
-0.122971830170084 0.0217858695894377 0.00912926561043141 0.0368361819092893
-0.180551242261584 0.01323942541236 -0.210348887744723 -0.035052095819273
-0.131194053186595 -0.0184551627439522 -0.33920049200102 -0.160144114803261
-0.0501501772028462 -0.137959904868703 -0.121696288122588 -0.495472858661136
0.0962805815308544 -0.209378351939228 0.316965188810785 -0.656872607300298
0.250836330118365 -0.0824364882016359 0.683882102869009 -0.278875596233183
0.239078509678503 0.127093455437082 0.517629503510451 0.212776448780088
0.124165293160733 0.24602555297602 0.152972534377385 0.141995554223346
0.129952717981459 0.256123957792566 -0.121201036422836 -0.258861763959233
0.213689135869219 0.174952104514338 -0.520945896190452 -0.476401682213944
0.239771777524573 -0.0325028208574792 -0.822969626187122 -0.0508274872987454
0.130932155244456 -0.179542588025284 -0.471465640573935 0.535454299922241
-0.0259321105058147 -0.110955645172607 0.103513849216077 0.589306927736071
-0.171462263506862 -0.0481527206909983 0.280397580664028 0.340063937748243
-0.172232142913578 -0.0270326682216935 0.107275416430483 0.0135465381322207
-0.0834095397368671 0.0229267159940374 0.0415120013215674 0.047455482043251
-0.127974868407607 0.00530306938011476 -0.189655151659521 -0.0240078699387895
-0.112308650355835 -0.0171458819694215 -0.340684513084589 -0.0937886546843199
-0.0739197070842292 -0.0872226112315748 -0.173833448213796 -0.422264973857542
0.0354716338969484 -0.145654481059528 0.241490704001014 -0.671840741224685
0.174000768445752 -0.0676401233783416 0.678234822780211 -0.377813701378125
0.175740636937383 0.0817664257720887 0.59782860835854 0.194915743362573
0.0837745576753769 0.167751234888515 0.211103054500739 0.225437624848639
0.0725040433616887 0.182807875146506 -0.0564684111118183 -0.172541310542077
0.129867112233401 0.153549493041796 -0.412885865276802 -0.501597248858278
0.167931048911051 0.0114628659898242 -0.810736905240317 -0.192927460992307
0.0968400258520622 -0.124904983017634 -0.579952731975242 0.455632766794633
-0.0191388480206035 -0.0960150857376705 0.0319291513358596 0.636927879520022
-0.128296093112728 -0.0501526923187941 0.276964860297542 0.412702096171484
-0.133332947089316 -0.0213916933286336 0.148873119921181 0.0459105553145641
-0.0296665209090396 0.0192661504126882 0.0678975451564433 0.055443415372198
-0.052743031096487 -0.00526532774952897 -0.174116065190779 -0.0260609580374252
-0.0664805062192144 -0.0278116751953563 -0.338763183181585 -0.0738502028662109
-0.0698602900357004 -0.0506106329186375 -0.196344084983033 -0.387625059798862
-0.0108017546889554 -0.0701622388328172 0.21619752844743 -0.66260893769307
0.0848298564785235 -0.0217096251262585 0.681061326409215 -0.40677725614582
0.0798237224926075 0.0462539276682275 0.644209119991205 0.19723778680336
0.0314761723410342 0.0643958670062389 0.245367183840463 0.272800945707618
0.0281636306396213 0.0634665112388447 -0.0280195352282512 -0.119485650470077
0.0487823374494786 0.0701470163645791 -0.363727998135174 -0.487087671794007
0.0657881623148166 0.01322548197846 -0.796586563653903 -0.236873158950076
0.0198304408502304 -0.059383031141643 -0.613869707240821 0.428836550686018
-0.0366614418446872 -0.0523904198071687 0.00688966513254006 0.660585314499986
-0.0803929579295166 -0.0295195768154381 0.27678755699988 0.443940405157855
-0.076542462342132 -0.00998223710729961 0.172038683127893 0.0614950650047946
0.0295956988168465 0.0151624044711803 0.0819993813068838 0.0612379175835837
0.0286695585807139 -0.0127854490883765 -0.164274686273302 -0.0367176827255494
-0.00770614719857015 -0.0373840363350706 -0.331535414688288 -0.096325689671459
-0.0541841515591468 -0.0156872080360023 -0.183492043337568 -0.398232396372101
-0.0497741542862529 0.00807776184113366 0.245849484303443 -0.640830219898506
-0.0103681202056143 0.0292419935941722 0.701247210108946 -0.36133080437715
-0.0305827382358841 0.00765166627559925 0.645747199671497 0.228177566824073
-0.0281454603712973 -0.0493212124468727 0.248292434185697 0.275005699320412
-0.0151123076229492 -0.0661600257259956 -0.0241219472252071 -0.115919492067897
-0.0338724623650378 -0.0256967302421596 -0.375878107510988 -0.455246730984975
-0.0471211579148521 0.0085520918985486 -0.788433112879535 -0.17590985532749
-0.0735184546059286 0.0166609145498784 -0.567447707142941 0.468670135122231
-0.059277028487639 0.00416374198684941 0.0385923498383506 0.663263379898467
-0.0257131416236605 -0.000448998874111151 0.28148979573888 0.433823740878914
-0.0102332534083368 0.00453891300322749 0.174251648410264 0.0583688639773617
0.0867653712459541 0.0151305862354083 0.0795355887296402 0.0644507137695752
0.100850067516036 -0.0117969730093701 -0.161699517290522 -0.0570894429487412
0.0398051707649581 -0.0311662975068722 -0.318208666114497 -0.158045095723212
-0.0472481048376152 0.032676849906229 -0.134306247463382 -0.44457494670711
-0.0957810116869152 0.0771485382525658 0.324895149390115 -0.598617056207505
-0.108850612652054 0.0557349608232599 0.729315457611639 -0.250100280335163
-0.129800023729908 -0.0495933832336995 0.603968082770262 0.279350611353528
-0.0830879812133661 -0.155756893863707 0.221431760709669 0.231960814323959
-0.0716563609054483 -0.167530235241221 -0.0524711531624121 -0.159436329940984
-0.126983590543122 -0.0796179712463963 -0.446529815285131 -0.396089036607611
-0.15038531989461 0.0386393850296067 -0.773769056805653 -0.0199123049379582
-0.143662266244289 0.100757855084759 -0.444755806882567 0.55634509455301
-0.0598213252911362 0.054367195320948 0.122520549478331 0.634081431542942
0.0388106254409966 0.0246804048593172 0.288131392848008 0.374028340606116
0.0562910678966313 0.0174451254379841 0.153429014057642 0.0329944493588495
0.134693995974231 0.0216455522013605 0.0613759795759959 0.0620847243169117
0.14864530705477 0.00245629552622261 -0.16737684810001 -0.0925070717577304
0.0586735165119075 -0.00232834377379883 -0.297987362935488 -0.249992700431454
-0.0650898286761939 0.0933217432691212 -0.0458477387722694 -0.496705352679789
-0.155103359579162 0.119050718789398 0.442259827148158 -0.510462497774581
-0.198872911695892 0.0359962320811984 0.739589574729885 -0.0837199315778522
-0.19567631752541 -0.128398731053626 0.521139407935048 0.324961438304596
-0.128239119338339 -0.237461487320686 0.168169676478401 0.150285687995869
-0.139164277415187 -0.213459477623523 -0.116959733414434 -0.220647428747106
-0.217454211073637 -0.0663803474506816 -0.546980893709759 -0.288022435782457
-0.218522335699121 0.109243762072869 -0.717344016659036 0.196172046223584
-0.161774370078561 0.174809843875991 -0.263351630475472 0.636319435408885
-0.0262817085671672 0.0788529154793246 0.217098851847029 0.562072272173874
0.108109339309024 0.0326575312404024 0.287944210406367 0.279522624043453
0.111755522439373 0.0203642786417939 0.114602165030268 -0.00456602402423447
0.164238112774584 0.0317976627900803 0.0266847346766476 0.0478739068306059
0.161396000607799 0.0285017283893087 -0.182499837512623 -0.148712568010208
0.0443338968765319 0.0417275600123834 -0.26412861130104 -0.359974004610949
-0.105031435096113 0.143363270638266 0.0814411283905688 -0.522231425792851
-0.21241760938329 0.113309187687008 0.568812652117892 -0.365566632773346
-0.254254233420914 -0.0310289597480845 0.710742657564634 0.105757708014574
-0.212073995985214 -0.209235850111605 0.407901008072139 0.343967253824051
-0.154117207094667 -0.283103264319497 0.09753258491399 0.0424691979270129
-0.198569961148349 -0.204115901843015 -0.219034691210797 -0.266914379856733
-0.273558911751088 -0.00417052773993467 -0.636958538967237 -0.129478463982335
-0.230945725740537 0.179978260925984 -0.606520114344169 0.414689322322179
-0.127562227772126 0.203525955794328 -0.079539834911601 0.659949463330567
0.0331124689553368 0.0723928715051337 0.285648793284527 0.442029556977838
0.164492876472828 0.0261237997040743 0.27272466501519 0.169983652977106
0.146091634162573 0.0158051032530013 0.0655166876137584 -0.0443062566888959
-0.145774012524549 0.0167681150131429 -0.0312436530153181 0.0192600191088281
-0.202308891269186 0.0121799209444865 -0.235666432880463 -0.0763827191117677
-0.114033067903172 -0.0421404761772927 -0.331320633072479 -0.276247441830409
-0.000830421122023178 -0.197462478522908 -0.0345980112639831 -0.579612125655587
0.164779909260853 -0.240306919106222 0.435092136370876 -0.593580363216695
0.300362183507386 -0.0497884243712575 0.689900673804548 -0.128073754841686
0.255297834892128 0.183469288636146 0.413730746608887 0.234863661601092
0.144604008747061 0.288204985770117 0.0778180575105884 0.0325198991891207
0.187033081390772 0.263714489061094 -0.22302914415807 -0.344461701071193
0.277919243512865 0.125143276200288 -0.656490409484934 -0.380361943354923
0.258924165824132 -0.104983264174447 -0.792752024587215 0.162874885167949
0.112609157590403 -0.204839419631134 -0.306147639408091 0.616054213080946
-0.055084995711813 -0.0906486007030107 0.187998998263233 0.510704479045243
-0.204870476634652 -0.0282499557265974 0.281336031688778 0.245475191820126
-0.187524365705483 -0.0227678179795291 0.0586360042954092 -0.0237182561068355
-0.124462723505154 0.0220201273173007 0.00854683305602501 0.0375868297457487
-0.182535460116293 0.0134421757533969 -0.213243035185877 -0.0357314025660259
-0.132174679521306 -0.0181845803092219 -0.341918324731254 -0.161251502404326
-0.0508522635017294 -0.139540410350146 -0.122570130637075 -0.499479481718884
0.0977859766786208 -0.211354936430779 0.319526873692465 -0.660799051494407
0.252115347318055 -0.0838673202469163 0.689981996608324 -0.283458199037701
0.240178336724913 0.128714168171839 0.52224836187471 0.21358305085669
0.124950006662325 0.247932761356094 0.153632609347546 0.143044149765217
0.130108585894893 0.257589081809107 -0.121149891978159 -0.261183574179612
0.216095683397833 0.176827823430655 -0.527308126316906 -0.479623809839683
0.242009073741797 -0.0319109405787062 -0.830404980124003 -0.0522968466418157
0.130985374476288 -0.182110408339164 -0.47648999330078 0.539387984092865
-0.0262267621076981 -0.111361024120613 0.104891105977701 0.592351353776891
-0.173137487702304 -0.0487299981276532 0.285205922333713 0.343611195336089
-0.17350513000599 -0.0272868497258594 0.108811146612105 0.0137468976057292
-0.0846923242790016 0.022910464349906 0.0421843687380853 0.0478639159093857
-0.128888814840298 0.00551373439864823 -0.192596331781539 -0.0238799651672503
-0.113373626427097 -0.0171745214031233 -0.344463492485521 -0.0927861608876021
-0.0751676714379272 -0.0879930569432032 -0.176385170426918 -0.425416908045239
0.0362687002549456 -0.147413235823701 0.243038436123606 -0.677093200226911
0.174749994414992 -0.0688519029742372 0.683642290430714 -0.379825386357717
0.176895859140318 0.082568219612209 0.600488160463397 0.196521564565118
0.0848241536026775 0.169877898734181 0.212947983783769 0.228103702645704
0.0727633633601659 0.184205791880838 -0.0572989249308406 -0.173096426433861
0.131337591205296 0.154133389611474 -0.417756614470632 -0.506014861699884
0.16920347807182 0.0117571256693688 -0.817814787079954 -0.195236388253201
0.097732664624671 -0.12566312745692 -0.584592597350167 0.461655689307376
-0.019929203414542 -0.0964100135038006 0.0333481849553865 0.641831699669036
-0.129709180791863 -0.0496625408499176 0.28129965308308 0.415920695395828
-0.134364761063507 -0.0212433158091353 0.150547074392984 0.0465108935187055
-0.0301165711708466 0.0187908591130906 0.0691431400564488 0.0558607849360285
-0.0532584074859652 -0.00572831696812419 -0.17672699375721 -0.025232359530629
-0.0665661167369191 -0.0278305929488164 -0.342224563092546 -0.0729342319769173
-0.0708948808172837 -0.0511972548374504 -0.198856911178401 -0.389702522909616
-0.0101835060159587 -0.070351782534783 0.217600737755252 -0.667151713270583
0.085905858603226 -0.0222610401779221 0.685462503048931 -0.409263892977262
0.0797768590534003 0.046694832106601 0.648112546534101 0.19801635713724
0.0303600397606911 0.0649962021361212 0.246234389445969 0.276132763904073
0.0280587764582684 0.063740858535997 -0.0277333007629718 -0.119970959622098
0.0495565452762881 0.070460754522836 -0.367338146480148 -0.4916883225409
0.0661788261061425 0.0139812767558089 -0.801944162393946 -0.238057507828436
0.0195876036499305 -0.0598294165323467 -0.618643592536133 0.433790024157512
-0.0374094691624276 -0.0531453142597425 0.00889239602908854 0.666063400936302
-0.0809993256050006 -0.0300220785169218 0.279014243025191 0.448322464703138
-0.0770171709458265 -0.00881684597406994 0.174475250298043 0.062306564535087
0.0290283079915678 0.0157360726577436 0.082809513071247 0.0618492568592034
0.0287213752536819 -0.0124480539650789 -0.166449647314403 -0.0376218397039368
-0.00773895518718708 -0.0372499482847514 -0.33578971137983 -0.0972701759866593
-0.0548202792671869 -0.0161027170828872 -0.184824522812291 -0.401338578583778
-0.0499506604227539 0.00845371041564253 0.24740373659358 -0.646447202707262
-0.0101233385465045 0.0294185456896472 0.705152600723023 -0.3659007521237
-0.0304477665411794 0.00695913911702843 0.651182176069285 0.2302674030849
-0.0283091065304825 -0.0497126541612767 0.250194162269547 0.277576348062103
-0.0153256383014333 -0.0671166678392741 -0.0249951679016669 -0.117560317099959
-0.0333740132498612 -0.0257529374182317 -0.379169412421933 -0.459449259859025
-0.0472131274033413 0.00903694888922275 -0.793946808772002 -0.177945490216749
-0.0737984332954738 0.0170827674323698 -0.573044351375192 0.472693314215608
-0.0599075401034675 0.00449135339529123 0.039858009705371 0.668259060420852
-0.0260303177960663 0.000466628914243147 0.284804766822155 0.437072425210397
-0.00979861199592675 0.00568115036515536 0.176609193005342 0.0580675397541644
0.0873059434427895 0.0156901466507634 0.0804474962902239 0.0652035043623407
0.102072825596552 -0.0110070704662293 -0.163932391050182 -0.0585980483197683
0.0410679909928494 -0.0312204982791456 -0.32228962859101 -0.15880877267917
-0.0473588466213565 0.0327083667677225 -0.135389763918064 -0.448098691445254
-0.0962300556176408 0.0783991023133506 0.328018648578836 -0.603445091677043
-0.110118157921043 0.0560244473667438 0.734026040599286 -0.253418329538514
-0.131471705822734 -0.0514316204460621 0.607977216547449 0.280843329735985
-0.0843225912546763 -0.15625946863579 0.222701210093625 0.234096660077741
-0.071719265226685 -0.169722346708849 -0.0524924268800482 -0.161401017934782
-0.127123011406511 -0.0809410932051545 -0.45040962885094 -0.400838845654677
-0.151950463202035 0.0404854879260694 -0.779668600926512 -0.0199669813909762
-0.145008875913239 0.102201572757331 -0.446948735419387 0.561109205400616
-0.0611677863195623 0.0548785050467543 0.121521634604967 0.639970851579016
0.039087039156502 0.02430306405 0.292222942903014 0.377294088637156
0.0566149704892041 0.0179635022838624 0.155605584575871 0.0326944179905356
0.135820404826328 0.0219018083791857 0.0623067853397524 0.061681196869154
0.149978605544234 0.00347557695852329 -0.170292054343988 -0.0935555912405855
0.0594343667011209 -0.00255793066369124 -0.301506195062718 -0.251053912236321
-0.0650614592787936 0.0939679279407479 -0.0458056098011789 -0.500427150625263
-0.156831138031828 0.120638895601154 0.44431966421458 -0.514889833530946
-0.201337444945281 0.0359752276339184 0.745371518227989 -0.0855643880588254
-0.198115296925856 -0.130325295095692 0.525033469798864 0.326678980419731
-0.128759602986012 -0.239341957475032 0.169597134252203 0.151701669810301
-0.140953746811902 -0.215590453678018 -0.118767871640769 -0.222299711979837
-0.218942873775927 -0.0673256552759476 -0.551538109553445 -0.290141522522064
-0.219890469333436 0.110299896585079 -0.724215713432699 0.199038092683717
-0.163674558569496 0.177351903447721 -0.265100199433745 0.640666410928169
-0.0264157171030865 0.0798200456820797 0.220773271356415 0.567230963401681
0.109350226430809 0.0323124816725871 0.291019890610334 0.281752333263761
0.112456679813735 0.0211104892721013 0.116005986758794 -0.0052275323012052
0.165667025702585 0.0332001542526792 0.0272700629848061 0.048111336043296
0.162629300147131 0.0291999237711503 -0.184782076145216 -0.149239486485578
0.0446456290126003 0.0422046657226699 -0.266120588284507 -0.361809841716119
-0.105857916497552 0.144648065521553 0.0832355394507555 -0.528690356117447
-0.214543744000678 0.115195040270581 0.573182311142843 -0.368596530741218
-0.256821989067688 -0.0315295331680968 0.717715932923768 0.105456997879651
-0.21422068372372 -0.211337331152268 0.412348240958605 0.345684412263223
-0.155880125273604 -0.285940877426344 0.0989228429636982 0.0421106216047311
-0.199492961530249 -0.206794644331076 -0.220999063147404 -0.270341578086874
-0.275659776237386 -0.00483527818224104 -0.643357258350219 -0.13210364850573
-0.232721414798029 0.182735641116017 -0.611430168754424 0.416661377034135
-0.128844227997636 0.20589847150148 -0.079685727564889 0.664961112538421
0.0336471745015883 0.0721064149129523 0.289263548023474 0.445942639852204
0.166314663545727 0.0267083596855932 0.276237440439226 0.170698659108718
0.147058250627224 0.0167138424093912 0.0666351630263219 -0.0452870377321591
-0.147114995086628 0.0167346933356499 -0.0321695053605621 0.0195298379273268
-0.204735478978399 0.0124778834869693 -0.238913512960499 -0.075184480389641
-0.115497596726994 -0.0418250863091826 -0.335592357621893 -0.277055986064031
-0.000853511730397001 -0.199167578953726 -0.0367132582973682 -0.584925488642254
0.166294448074205 -0.242932304484309 0.437271693640262 -0.597654985138213
0.30233080996445 -0.0510187818726163 0.695553582509158 -0.130725003571574
0.25843634853958 0.185051491889392 0.41843259524698 0.237316193571288
0.146473161307132 0.291077451698926 0.0791609617735663 0.0340933444325674
0.188917639832642 0.265505611477571 -0.225358857570843 -0.346750109897219
0.279808618353859 0.125821087875215 -0.662738173142384 -0.384494771796219
0.26180623375202 -0.106041622134038 -0.800558137682701 0.166687106835164
0.112498812794137 -0.20692508766313 -0.308013131092625 0.622451827415448
-0.0559088031411059 -0.0912429251904375 0.191890575383238 0.517422911610926
-0.207200475935178 -0.0274389217742381 0.286484059000647 0.247594912514803
-0.190361005380955 -0.022111123144842 0.0596430572410369 -0.0241349079064534
-0.125896618013335 0.0218419700461721 0.00834976216101273 0.0377387395634622
-0.183853483817257 0.0148173779617131 -0.215908151913932 -0.0351990962396307
-0.134210748287141 -0.018514208780838 -0.345984613248511 -0.160964755038232
-0.05229893299263 -0.140544522894619 -0.124870505695681 -0.504603364614963
0.0984616326604991 -0.214366046033167 0.319043251559462 -0.667240585757344
0.254515618943324 -0.0856738912125107 0.695498341259394 -0.284618277785064
0.242347399288842 0.129052266920781 0.525482729318054 0.214845192789549
0.126031123388399 0.250167304827957 0.1551049126887 0.144637701402114
0.131173034343359 0.25990898154638 -0.122966298792023 -0.263024941830695
0.21903149177861 0.177680375094627 -0.532950391837545 -0.482791939755142
0.24444921535343 -0.0320219518656515 -0.838625269357611 -0.0521502309699615
0.13160506137776 -0.18304018913756 -0.478467129938548 0.544171740369229
-0.0263437690472381 -0.113638172178978 0.10694143496764 0.598018079362222
-0.175684907153176 -0.0490767786439317 0.289018717356268 0.346003430620404
-0.175335082502828 -0.027110245214091 0.110115911082525 0.0140897289031609
-0.0851258459578497 0.023135556750514 0.0420833299208285 0.0485311599720394
-0.130632380622965 0.00660901085574646 -0.195391472698338 -0.0238169742145516
-0.114591459686661 -0.0163497337217627 -0.348748077874676 -0.0924126765458358
-0.075688093824047 -0.0888664165677021 -0.179076761153798 -0.429199983187961
0.0363381540117126 -0.148811537755638 0.244160480609969 -0.682752004504523
0.176346324272668 -0.0697048767700425 0.688737463576463 -0.385249412928961
0.178431386759988 0.0829216156347361 0.60734778877124 0.196257964033578
0.0844933675513498 0.170620107390789 0.215484892458113 0.23022139464802
0.0733296499853868 0.185611340155521 -0.0581720628042325 -0.175356316905537
0.132727802593019 0.154606885664853 -0.423269396514476 -0.50983565302721
0.170719872316838 0.0119854690097041 -0.826224927578895 -0.19720141514643
0.0977495174969962 -0.127216802475597 -0.590959803018561 0.466411209198407
-0.0200549686675389 -0.0970438666393459 0.035178201385508 0.647909652196771
-0.131778482799816 -0.0498671112576284 0.285655700315261 0.419263490000382
-0.135877207784484 -0.0210822067344641 0.152988376902768 0.046150090025583
-0.0305161358531904 0.0196696421566143 0.0694768696879228 0.0568839678805015
-0.0546711148673877 -0.00504666682075911 -0.179532415038043 -0.026469414433686
-0.0675720218897373 -0.0274746693399913 -0.346534400985742 -0.0720099077299359
-0.0716284683888745 -0.0508657386540371 -0.201153359273145 -0.394019494360211
-0.0102008727991721 -0.0705826760064352 0.217682916238955 -0.674921625078317
0.0861946883547649 -0.0232914428808935 0.690641175153058 -0.414907620116741
0.0804634093265899 0.046815663786628 0.65391541956629 0.196924311888697
0.0309533622329979 0.0648528170986187 0.249489496771629 0.277516983685075
0.0277960886899773 0.0641111683282071 -0.0289143108778041 -0.121011425196859
0.0505058738807125 0.070212593363165 -0.372115822241803 -0.495307413879859
0.0666961691815594 0.0143216280986081 -0.810996586980118 -0.23893498639702
0.0190776530428828 -0.0604045296910268 -0.623881054949753 0.439134377273607
-0.03823430898077 -0.0531628009616646 0.0103157359144762 0.670922206376626
-0.0824385873390444 -0.0301024654278497 0.283624483078633 0.453928121719907
-0.0776657122627321 -0.00923044967954841 0.176464519240965 0.0615979032322663
0.0294216987095905 0.0159089055911796 0.0834615239381787 0.0624709604750084
0.0289503879278242 -0.01208109101429 -0.169296454384383 -0.0384307596671273
-0.00783795847188793 -0.037881505408626 -0.339982819496985 -0.0961127955602181
-0.0554882340667619 -0.0158733249016572 -0.188281699132093 -0.405464135873305
-0.0501456635625075 0.00892243773224864 0.247956634852639 -0.652003242866531
-0.0103109794217773 0.02916951759393 0.711395960439914 -0.369578940621366
-0.0314666587833546 0.00731290354539685 0.656030118344081 0.229867954968224
-0.0292706731444611 -0.0502317820748874 0.253365554148891 0.279736080572543
-0.0161174979634925 -0.0684364941431051 -0.0252352381191359 -0.118102281985473
-0.0333330699917955 -0.0273069606328393 -0.383480550564287 -0.463472784983728
-0.0476587788694504 0.00930984502083514 -0.802667647986192 -0.177641977732293
-0.0749868000587979 0.0175696411592667 -0.576119670685208 0.477796997536785
-0.0604688770286939 0.00433263120910028 0.042750960625433 0.67502306907799
-0.0261279891701184 -0.000392544330405451 0.289161962913919 0.441746453943044
-0.0100597653260187 0.00633027391304464 0.178886326573711 0.0579537254013687
0.0876380800394688 0.0156253094550296 0.0820703694068405 0.0650832561527617
0.102748714164668 -0.0110127951009678 -0.166802990430446 -0.0585756955587268
0.0407189521165295 -0.0319158983250794 -0.327174019467561 -0.158803523818926
-0.0478584742623009 0.0332471389531821 -0.138132770848893 -0.452025885084852
-0.0965895578957813 0.0795502449863827 0.32899133893657 -0.608649169826043
-0.11062451213002 0.0565256519520133 0.739807301324466 -0.257226618058389
-0.132586096128536 -0.0512765267739386 0.615501930914387 0.280490260675958
-0.0859313104376024 -0.157594098551803 0.224803162274036 0.23623765664589
-0.0726219274669239 -0.171049995728933 -0.0529105282561756 -0.162983056154797
-0.128399988172013 -0.0816392885514538 -0.45543286025594 -0.402917435150927
-0.153459452340397 0.0396674921140371 -0.789443409713435 -0.0189005578592095
-0.146477610575342 0.104563958826041 -0.450882310673995 0.568431718225673
-0.0615824990857437 0.0555185696492354 0.127507322577533 0.646513860260067
0.0397987861728803 0.0241978878693444 0.295892827998261 0.380869489493662
0.0576423988364282 0.0188278036011585 0.157394403254814 0.0324415103008208
0.136885412639741 0.0224739724581399 0.0631695576582448 0.0621463559596053
0.151549034830851 0.0028411850809397 -0.173323487233909 -0.0947217227309737
0.0597739087039346 -0.00227715255553894 -0.30604555254171 -0.251822561671345
-0.0658346081522625 0.0946732310002006 -0.0466026379865955 -0.505957260155248
-0.157386845010873 0.123091840556961 0.447904058328488 -0.520282321996443
-0.202900827677151 0.0363813964213905 0.751689806413823 -0.0872585863262854
-0.199421760276572 -0.130616315530646 0.53034752962405 0.32858457278676
-0.131108457708757 -0.241730834728889 0.171719338922469 0.153018453695802
-0.142173019109991 -0.218021767427766 -0.119530243948919 -0.225622608919381
-0.220557952431542 -0.0672990582242782 -0.55534235039635 -0.29346208848093
-0.222514981580024 0.112129408895005 -0.730172658791 0.202483038391889
-0.164934671010219 0.179531381574256 -0.267074225647513 0.646973992535382
-0.0267801383882457 0.0809183919299157 0.222931916132678 0.571196668557309
0.110596102246299 0.0322103194642966 0.295571655833168 0.283310253650902
0.113341238348895 0.0219211859337648 0.117482300619022 -0.00545961344684043
0.167577305768488 0.0335263368512917 0.0275447151423562 0.048617345595475
0.164758397154555 0.0294170286699945 -0.187970148657173 -0.151047518758131
0.045571002033511 0.0424802645876159 -0.270281782332227 -0.363326319954743
-0.106173825477766 0.146555449410445 0.0838638598741561 -0.53201286819189
-0.215486716009934 0.116807539756475 0.578296907613203 -0.372710691293119
-0.259576625210497 -0.0313704855108175 0.72435571121881 0.106754060279261
-0.216771397628861 -0.213590211268399 0.415604621203293 0.346667921948453
-0.157761507146657 -0.287946649865173 0.0996926652576013 0.0429091511796231
-0.201997578497128 -0.208127091508712 -0.221800176592028 -0.273090423946648
-0.27714742329295 -0.00460613206844707 -0.648052032383877 -0.132002186523568
-0.234525202019431 0.184641587405864 -0.617930286811702 0.423951544420413
-0.130085794972088 0.208521457156667 -0.0794277688988458 0.670613093988319
0.033660963985262 0.0723768797052188 0.292957537800209 0.44898392375307
0.169386493613037 0.0255129383244864 0.279340236733959 0.172087662038442
0.148225238795897 0.0176388424779408 0.0668958260781771 -0.045788109065804
-0.148596183022389 0.017471337482435 -0.0337168897472039 0.0195277863528355
-0.20644505818516 0.0149631140638608 -0.242357344951549 -0.0764275680729595
-0.115820174932569 -0.0423093187748635 -0.339744382254934 -0.276895360282536
-0.00314240442924712 -0.20205810069495 -0.0404789658963985 -0.589443321014535
0.167982320826811 -0.246650688409092 0.439733634739336 -0.605904693389713
0.305121667818404 -0.0537722556129444 0.703892075573749 -0.134825945639951
0.260413208999604 0.186163700615963 0.421768104229895 0.23787079324802
0.14795248021725 0.293670615935357 0.0800835257799765 0.0338951530017218
0.190210866281748 0.268148874732672 -0.228173074709303 -0.348666317584699
0.283739776363366 0.126208109423787 -0.672587510707975 -0.386361540103921
0.264285373713862 -0.107610554017639 -0.80731305917362 0.171302019994577
0.112189209857644 -0.20963368235827 -0.309591657381816 0.63010914211746
-0.0565307798952948 -0.0929152642127963 0.195625826668954 0.522307549419098
-0.209879927358771 -0.0270813642448135 0.290698170707949 0.248892349082929
-0.192315697800507 -0.0228725020854481 0.0599328710355808 -0.0242867395661407
-0.126374182427991 0.0226694083909484 0.00882468293869377 0.0377511067307741
-0.186635469653924 0.0162834380206032 -0.219755799117022 -0.0355170945813995
-0.135476076032059 -0.0183446373997013 -0.350497880723 -0.159730758307775
-0.0533871948035964 -0.141523674192122 -0.128918628092692 -0.50793465866387
0.0987822131361978 -0.217041591784697 0.32059140431146 -0.673762115936722
0.256323005593564 -0.0874799429069828 0.702419485303248 -0.29040934208581
0.245149840409754 0.130060682451057 0.53025244292299 0.214113945419773
0.127084642231777 0.251620041636447 0.157094233950449 0.145651669953773
0.131938386306406 0.261465667721623 -0.125675997860067 -0.265219353357838
0.222223701231304 0.178418462858661 -0.540633405369722 -0.486849125884389
0.24603389399472 -0.0333065286160031 -0.848564568048077 -0.0481545851095382
0.131779803611455 -0.184985746365158 -0.481441087755598 0.552792129271227
-0.0282066874150529 -0.113550887856331 0.111579583711621 0.604103208057043
-0.178486334056025 -0.0489920520111473 0.294812596253214 0.348923085677621
-0.176442016496809 -0.0269754650404037 0.111820207184525 0.0137009910589338
-0.0852768799233027 0.0235684249160074 0.0425436883111337 0.04886928734881
-0.131765107798541 0.00746277107083247 -0.199057402260172 -0.0237621917718088
-0.116578023161351 -0.0165237690531656 -0.35239894522155 -0.0912973517607372
-0.0774161027146778 -0.089536739238403 -0.183154278694351 -0.433220441746432
0.0367241789049676 -0.149952871892887 0.244870984421826 -0.68961467336925
0.178055210626259 -0.0715785427344474 0.693298450233282 -0.39150962682639
0.179740456434707 0.0832297105674635 0.613830830038201 0.195033986360833
0.0858630928312468 0.172305603074681 0.218652666061666 0.232470787629585
0.0735913043720956 0.186671057934851 -0.0599290039095283 -0.176245752697257
0.135145674563636 0.155365608610327 -0.427209654128272 -0.514515878971134
0.17266456711522 0.012238247342023 -0.835681483074259 -0.197271177066538
0.0972826169506419 -0.128360308912603 -0.594934910168861 0.472958581985433
-0.0213727248765163 -0.0986088076677362 0.0379495032940138 0.655263615197058
-0.133515536799163 -0.0499667652011391 0.291098514326957 0.422418775790935
-0.136420902573021 -0.0211533926322953 0.154702683561539 0.0453550999122853
-0.0307057591272351 0.0192412416443788 0.0705999321895994 0.0566842125040965
-0.055081325768621 -0.00405545617723672 -0.183042328742778 -0.0264253516538198
-0.0680673826795033 -0.02811521815799 -0.350707983220876 -0.0704480568841716
-0.0727622527804024 -0.0520934010695127 -0.205304478582621 -0.397526370959137
-0.0105228807852076 -0.0706843347378123 0.218674397428898 -0.681085996997348
0.087186723968161 -0.0241532573014513 0.696129935855321 -0.42123410417758
0.0813359571020354 0.0473332831735756 0.660960396175095 0.197426253017686
0.0307208921523412 0.065747396523828 0.252496279735533 0.279984424153173
0.0279995786374635 0.0648013817968174 -0.0293771781506874 -0.122030152354114
0.0517529498806275 0.0702941476128109 -0.3766383638869 -0.498866718730549
0.0678553573025527 0.0144328698041271 -0.818400982383973 -0.238890772495986
0.0183348886005947 -0.0605023390560167 -0.62813435418263 0.445384061061226
-0.0393074211742507 -0.0535199535980551 0.0119449649225934 0.679120646662305
-0.0833866896318936 -0.0295019712309991 0.290619493064308 0.456461645152745
-0.0786773174311337 -0.00841192374617679 0.179663979979604 0.061709647823526
0.0295432383616628 0.0163611547133856 0.0851651951854848 0.0625023357488516
0.0286141223213613 -0.011946032880208 -0.172509433493825 -0.0383167538827081
-0.00792032128441978 -0.037683375677538 -0.344066938477156 -0.094600414955132
-0.0560369806138629 -0.0161563482471328 -0.192236059834413 -0.408135185820534
-0.0501779048237864 0.00945114901935091 0.247257411918736 -0.659177482430509
-0.0105741045310399 0.0293554270713438 0.716861115861004 -0.376497036909332
-0.0318577770605576 0.00750256710772445 0.663679413639753 0.228572583184253
-0.0300127105836924 -0.0509468115378908 0.257400770464008 0.282519965431366
-0.016585979869847 -0.0693046176061184 -0.0263008411070995 -0.119022521861457
-0.0332020191422309 -0.0273762738265014 -0.389697397393274 -0.465881996989585
-0.0483688842081781 0.010177946553737 -0.811321532362009 -0.178054208453019
-0.0763164813738316 0.0179935445992232 -0.582636644605414 0.485115811779191
-0.061841290295178 0.00488264958576566 0.0454392347508912 0.681560919512548
-0.0269324146929518 -7.62536438425609E-05 0.294614134657373 0.445003698316419
-0.00963422878048511 0.00756112790333735 0.18186459492821 0.0573392579618323
0.0885664795452352 0.0158325922076438 0.0831551586748084 0.065995203007152
0.103884850286738 -0.0112205948027232 -0.170231871577276 -0.0585853847713023
0.0407482953624508 -0.0322271063971032 -0.331371452369888 -0.159052467778309
-0.0486465350343619 0.0335489352625371 -0.140147601471107 -0.455816953562278
-0.0979165798185639 0.0816656691090833 0.329654589677635 -0.616855720544275
-0.112160598961632 0.0573625186822831 0.746171901245704 -0.262689952779472
-0.134440290156915 -0.0509647081500671 0.622062409285261 0.281491419434801
-0.0872434763249481 -0.159300513626875 0.229292258925912 0.238031886567764
-0.0740816041868698 -0.172994995657132 -0.0537573996384642 -0.164617976970985
-0.129333174230573 -0.0824951843283496 -0.462059236541778 -0.406398174489551
-0.154589770593988 0.0414644830541479 -0.798529602917084 -0.0164342795603079
-0.148074388527146 0.106403234861606 -0.45284141681708 0.575708173916211
-0.0623308711119304 0.0564620611888521 0.13027126406602 0.651524212236167
0.0402114775650821 0.024091322640317 0.301875514064953 0.383514564717808
0.0590257252008205 0.0189069909112124 0.160421714151713 0.0319191342104964
0.137688057845016 0.0224030345710518 0.0645508134524883 0.0621621403255793
0.153602281993652 0.00344177074449493 -0.176782553263049 -0.0952081007321259
0.060490178514963 -0.00255305847341561 -0.310551875521138 -0.252782772725059
-0.0658565990402636 0.0965034891711483 -0.0490863224461858 -0.509948895724352
-0.158640049869233 0.125184232115356 0.449808911946786 -0.529022318817589
-0.205404036326859 0.0377352674478711 0.760595429847343 -0.0894625280443474
-0.20213071501203 -0.131658650533705 0.534884855398883 0.329419109737491
-0.133157379022039 -0.243906896071787 0.174711631522027 0.15451396483259
-0.144058638938097 -0.220133201548709 -0.121083224152403 -0.227702406326529
-0.223075586693029 -0.0671474207464607 -0.562282348157242 -0.295909973031299
-0.223345519850848 0.115161010194262 -0.737826507888334 0.205813439264551
-0.166276115829967 0.182983342425836 -0.267233845665686 0.655235232169552
-0.0272156113628098 0.0814778238741022 0.228810081166914 0.575943407548779
0.112057093930672 0.0317317690112354 0.300423100314107 0.285439900730602
0.115329919664081 0.0222719807524926 0.119295053571712 -0.00669031726488246
0.168488101102566 0.0324826656131233 0.0281224795641951 0.0489323376737999
0.167188306998478 0.0294605836510061 -0.191731583618728 -0.152444987060387
0.0463811396220711 0.0433142737740902 -0.27579960738646 -0.364993839283468
-0.106903346328282 0.148084454505141 0.0828182298392958 -0.537874016902605
-0.217346822956112 0.119718381930212 0.582838677717997 -0.379821183167983
-0.261938306372731 -0.0310917492393651 0.732296814074115 0.106200294975553
-0.220555124494485 -0.215241788126648 0.421410231704805 0.348194879982958
-0.161046553730734 -0.29043431864602 0.10183153864714 0.0431670139736252
-0.204554354241342 -0.209670101165816 -0.224850536038943 -0.275530505244929
-0.280445726542915 -0.0035955741277122 -0.6562647883056 -0.131251819327665
-0.236256487990323 0.188238483826196 -0.622371438931936 0.429766815140077
-0.130883140899475 0.211341461797709 -0.0775524452858888 0.67727764673046
0.0335599137903312 0.0734599595079339 0.298454741109912 0.452623972639252
0.170636953333035 0.0248186054346747 0.284304225330456 0.173838883862862
0.150195130321987 0.0181083891495359 0.0682949992145687 -0.0467242321890207
-0.150249560843553 0.0178334782058145 -0.0336035263456003 0.020051777744778
-0.209124235701729 0.0168733398434787 -0.246556879602228 -0.0747312262088311
-0.118749824303074 -0.0414271249966287 -0.34423526507962 -0.276918838969743
-0.00364770554878964 -0.203798290473917 -0.04462744309 -0.597510680254889
0.167905511590533 -0.249879761603258 0.44007741295467 -0.613495703322868
0.307621853160102 -0.0557989508905431 0.709777928088688 -0.139889797096014
0.263719190366844 0.185044305932894 0.427256268354281 0.237059726334538
0.15104009492859 0.296552748110373 0.0805637086994455 0.0337070402963729
0.192031674126323 0.269504714063523 -0.232238043621535 -0.351181111503005
0.28769605641176 0.125263605950166 -0.681726524591078 -0.385025396388491
0.266377289355505 -0.109453066711554 -0.814466292340927 0.175758084540946
0.112216940506271 -0.211920462950062 -0.307083805085645 0.638790265200944
-0.0588749466874913 -0.0933106958900145 0.200796319969757 0.52410438658257
-0.211643988970618 -0.0263782664023915 0.295875247452813 0.249531051014371
-0.194209879804673 -0.0214652337578299 0.0611197716992791 -0.0246161922834029
-0.127449126339631 0.0227503887760365 0.00809502931390989 0.0388232095257453
-0.188060774036222 0.0176839537463393 -0.223381187399999 -0.0341975107773028
-0.137267602745303 -0.0171600589073965 -0.354943146130172 -0.156705632871582
-0.0544010177795307 -0.142922440024354 -0.134316801517452 -0.512913593293005
0.0980888732253752 -0.220150443741119 0.319952038718971 -0.683811247227208
0.258653664168442 -0.0902362966633902 0.706002254751396 -0.298073588441553
0.247635777507525 0.129383739299559 0.536136025207614 0.214482518691199
0.130006115190034 0.255150084989097 0.15966347717113 0.1467264135488
0.133495940806323 0.263754437617612 -0.127396393877568 -0.267020621756919
0.225614359452307 0.178719185772552 -0.549795113499558 -0.48997675948506
0.249255291963864 -0.0346934253596761 -0.856699575980673 -0.0441562797925609
0.131853587429271 -0.188176899289755 -0.484257984316676 0.561402445309674
-0.0281771124072277 -0.115425527223108 0.114001957897752 0.609434711790469
-0.180840329713164 -0.0479905086691221 0.301622396957646 0.350203778219841
-0.179191853488305 -0.0260332322189414 0.114711555882418 0.01371748759114
-0.0866564909050349 0.02459178543653 0.0430457687421293 0.0494716590401396
-0.133366011392889 0.00921838616547466 -0.202362618690239 -0.0228917600273585
-0.118057318129587 -0.0156763557353875 -0.357684287386187 -0.0886769130080996
-0.0789579185175189 -0.0897997307951819 -0.187928275051949 -0.436467039928957
0.0359241731638664 -0.152073347524592 0.243445585538289 -0.69911701350714
0.179082556260195 -0.0738974929940434 0.696368829618756 -0.399795119502366
0.182349700543146 0.0826476645726343 0.620654967990628 0.193475135105143
0.0876339790089566 0.173304394775761 0.221479308761962 0.233317156544377
0.0747913367528786 0.188210131712087 -0.0613922205819603 -0.177481924922206
0.137944886797435 0.156289405999398 -0.436799651570781 -0.516255355380502
0.174534179792623 0.0116623944653053 -0.845620969747173 -0.192560109759202
0.0974348599660472 -0.130440774446506 -0.596818132561786 0.480926431643788
-0.0216913843004087 -0.0993265329469003 0.0421892836687699 0.659818085817808
-0.135095891718723 -0.0494968849231402 0.297850651400136 0.424908814133435
-0.138009918778368 -0.0206549838670767 0.157762076490753 0.0454959630934527
-0.031659139074477 0.0201556436470481 0.071372430653139 0.0575301179507082
-0.0558715975653079 -0.00312839040858083 -0.186434152864482 -0.0260331640770132
-0.0696210636647114 -0.0275750306872372 -0.355665223471203 -0.0681663221601355
-0.0741352608821002 -0.0517929618755846 -0.209895787472899 -0.399356286347598
-0.0104050227985994 -0.0715563701921318 0.216733367418459 -0.689927953661333
0.0875067983618189 -0.0250519906587692 0.700679982426444 -0.428876209401038
0.082048584596988 0.0472190367345255 0.669446234758906 0.194745735413574
0.0315428043696805 0.0666529133351415 0.257353132777368 0.282095689792805
0.0282121083662543 0.0643234160605046 -0.0306594081530962 -0.122982777136274
0.0526009467617076 0.0705202004761613 -0.383422118393918 -0.502309222696043
0.0686395178960504 0.0143912550544023 -0.827908587085306 -0.235892264806691
0.0184321787525426 -0.0612483698390768 -0.633507521194965 0.453844313694156
-0.0400461420490039 -0.0539909091662206 0.0173100752743119 0.686439794146266
-0.0848124641457677 -0.0305304669596212 0.29785962057556 0.460028449036152
-0.0793567827676846 -0.00803809495588844 0.182583045535264 0.0612191345136059
0.0298577131316335 0.0162567660945661 0.0856834837282458 0.0634573120113902
0.0291705376810786 -0.0116953991648032 -0.176213724331897 -0.0378778205119717
-0.00908106000243603 -0.0383368970935381 -0.3491025956781 -0.0928053087966798
-0.0574769385496806 -0.0162462788007234 -0.196285865339947 -0.411246392129384
-0.0505756591675067 0.0105620542252357 0.245922641765758 -0.667948604466471
-0.0109408350552199 0.0291796622466327 0.719813612074777 -0.385133584514536
-0.0318427347605297 0.00732922754674476 0.6716940115962 0.22667049979552
-0.0306919190752383 -0.0516668609184279 0.260448037537773 0.28454937148871
-0.0173548502055112 -0.0702309637366943 -0.0269822769885 -0.120955531491475
-0.0336096621330152 -0.0277709381489884 -0.395302599232596 -0.469983627972669
-0.0477062410831127 0.0108840394547401 -0.821811915200996 -0.175013837693613
-0.0775585824382146 0.0189081060028343 -0.58657570035148 0.493868867804502
-0.0625092730983229 0.00474706551753222 0.0508138595017244 0.689585641838596
-0.0268224424006224 -0.000417963072514644 0.301251907179827 0.447962663353195
-0.0101346744511221 0.00779046006117974 0.184576539413127 0.0565209295629967
0.0893500732283248 0.0157804564335296 0.0852114614939517 0.0656995673289814
0.104791344311118 -0.0111546960265835 -0.173599059176689 -0.0586115119620441
0.0414247866566164 -0.0328776056643629 -0.336752889003238 -0.156612654208865
-0.0487617298906137 0.0340946347172884 -0.144829058179533 -0.460018992892835
-0.0969494274419082 0.0835742015962436 0.328304167276103 -0.624098743755499
-0.113652914601333 0.0581920599483592 0.752294351054903 -0.268866559790364
-0.136174567992546 -0.0515147883604805 0.630621778302574 0.280327736198899
-0.0890988059223143 -0.16101135955187 0.232816908409493 0.239791413811809
-0.076046231001477 -0.174636286478593 -0.0555930635022974 -0.165996270180942
-0.130566891816008 -0.0827929362139379 -0.468017429571343 -0.408349256365652
-0.155687498568881 0.0428469001393354 -0.806314277221953 -0.0120168689726133
-0.148726246975741 0.108400147439676 -0.453717191381312 0.58179177460583
-0.0625858910381099 0.0573749641110359 0.136892468352836 0.658507769017008
0.0413302842839982 0.0236564753718845 0.30848433067345 0.385099317403519
0.0590032399379349 0.0198761621375838 0.162923242342162 0.0306411647901181
0.138835570112454 0.0219005226905199 0.0657006012623052 0.0623343975149313
0.155574164200236 0.00286341528710638 -0.180306476706958 -0.0955626313275836
0.0612702053222845 -0.0032231252881964 -0.315630796540382 -0.252189043634937
-0.0662145962716741 0.0973157825632126 -0.0531373295448617 -0.51539143553569
-0.159502710739694 0.128090313743342 0.451491846810588 -0.536287306091729
-0.206873757869859 0.0385473989833816 0.766137315633776 -0.0943981453817359
-0.205550980334072 -0.132689640322251 0.542637647578604 0.327758463578669
-0.136811178903461 -0.24624361984186 0.177596048189627 0.154806808138589
-0.147012096892621 -0.221999562284087 -0.123897653731791 -0.229510514827744
-0.226509424911459 -0.0673668659432629 -0.570697933706963 -0.294621222392119
-0.225491347667654 0.117118817856893 -0.743982105380635 0.211198047768357
-0.167235477532564 0.18596223553268 -0.266041542420382 0.662083434065643
-0.026855413358403 0.0821929946184224 0.233762367470624 0.580559779738482
0.113723556755767 0.0313331308822657 0.306020977959336 0.286834917147379
0.116595584056327 0.0231839392533401 0.120668696345875 -0.00807372906929023
0.169425901933265 0.0324528377750909 0.0295178365021086 0.0488025754590959
0.169304496888128 0.0287418726112103 -0.195432693891905 -0.15323550827382
0.0470824966620252 0.0426712511554535 -0.280907606022975 -0.36615474686081
-0.107067439911985 0.150355923732782 0.0809770692503355 -0.545469140498469
-0.218725865203926 0.122439173022555 0.584681483335693 -0.387521963833219
-0.265294662242208 -0.0299755799812024 0.73971922583808 0.102281058267382
-0.223553955712833 -0.216502968834769 0.428035046851238 0.348283833501673
-0.164522984209346 -0.293031610186408 0.103524640210141 0.0433095020290103
-0.208359766951978 -0.211705520690629 -0.229126962208759 -0.277751695403006
-0.282999093412964 -0.00247771444073106 -0.662247769336816 -0.129603833591208
-0.237335465127779 0.191960544708524 -0.62647858505299 0.436904182920018
-0.131101664916306 0.214752172337581 -0.0746595535754856 0.686264626656338
0.0345707105417072 0.0729029338022655 0.305855442073941 0.456114706135077
0.172598090355637 0.0244894652902407 0.288627909218536 0.173524347235921
0.151640570264703 0.0184148326233578 0.0688672023307014 -0.0478075534132977
-0.151781526605101 0.0186703123520973 -0.0346300633108751 0.0202707185216716
-0.21090107186683 0.0194437471999162 -0.250321947670448 -0.0736478477256227
-0.12000493931879 -0.0408383351932415 -0.351204858323532 -0.275168719896698
-0.00678927697297009 -0.206079561678348 -0.0506624628877432 -0.601776967208116
0.167751064859518 -0.254433029002284 0.439743222578033 -0.622572392167382
0.310101912673657 -0.0590143326347388 0.713524455402683 -0.147104992780842
0.267416658510445 0.185415490705613 0.432560077991407 0.235221803525643
0.154236809932852 0.297830687589955 0.0814337251524056 0.0345197009302553
0.195800100535443 0.270555510493716 -0.237155775248526 -0.352134403210642
0.291120960821667 0.123636416892222 -0.693363727828511 -0.385204887625128
0.268448981540678 -0.113495921148291 -0.821048971704905 0.184502562681609
0.111510875487676 -0.214429522924377 -0.30621094342544 0.647514944471242
-0.0602357486540166 -0.0940667998234326 0.20909604828652 0.528215083183134
-0.216317897377708 -0.0234080701562276 0.302212840797523 0.250316048415237
-0.195952654850177 -0.0211257525008558 0.0622959558521482 -0.025346819693551
-0.129075817384304 0.0246673680227685 0.00863870416157195 0.0393645391670672
-0.190495312920232 0.0197098402749278 -0.226285099629479 -0.0319250028807603
-0.138609532296881 -0.0164021682554298 -0.360111721266005 -0.155273530224066
-0.057895527426392 -0.143369341679965 -0.139876949676688 -0.518289346585789
0.0993273597429318 -0.223595260813564 0.31703426571466 -0.693261406035803
0.260390094352985 -0.0941449580539982 0.712401074007768 -0.306599401112921
0.250455138983366 0.128623250541764 0.542623107639095 0.210997495216918
0.132089844585607 0.256490161667487 0.162736623843929 0.146703977794936
0.136546161806657 0.265203500860282 -0.130669927256467 -0.268155378655827
0.22866965112463 0.178060351008925 -0.557356552663573 -0.489341085878532
0.251110208956922 -0.0368879815342206 -0.866601928926361 -0.0383379174114392
0.130965631192436 -0.191508919352507 -0.483474073730366 0.571279646285344
-0.0300072385322095 -0.116245234606398 0.121018286094625 0.615211050069602
-0.183036549027767 -0.0460986243834354 0.307395265782452 0.351580663734406
-0.180872399267391 -0.0248141646483204 0.11508559259096 0.0125704006252869
-0.0870279123547348 0.02535940676876 0.0436291118157828 0.0497815053603675
-0.134528419540612 0.0101082258948757 -0.205296957577679 -0.0211433590150999
-0.119505883604641 -0.0152374417299911 -0.362312948859441 -0.0852177073430326
-0.0809934334084574 -0.0900029566328073 -0.1938694633737 -0.43900859727622
0.0357526821176526 -0.153539829792249 0.239079776930954 -0.707734985257399
0.180039648745672 -0.0760304009531084 0.699536374501848 -0.409342019537852
0.184079108110211 0.0824542729308913 0.625763454906645 0.190167323384551
0.088990427505187 0.174957165262748 0.225797210192709 0.234993301710062
0.0764016278821617 0.189976619811432 -0.0630690850213967 -0.178641644614294
0.13968475584676 0.156598803079955 -0.445289499913939 -0.517937273571827
0.176096904467038 0.0105778196217674 -0.855350810423722 -0.188622193607044
0.0966393481101416 -0.132416408002762 -0.601792691870158 0.489724306801858
-0.0234520494683216 -0.100654491691024 0.0489008941188821 0.668553670609015
-0.137835477284062 -0.0492716896553537 0.30549826324525 0.428114649891155
-0.139328604233141 -0.0190773076285484 0.159995614336173 0.0446775049062321
-0.0316146372966056 0.0205998474007287 0.0726417188780952 0.0573446658383587
-0.0568078021000075 -0.00224504177591759 -0.189468530883913 -0.0243328368743293
-0.0704375804882659 -0.0272534244405387 -0.360612432800764 -0.0651229244994708
-0.0756911404038206 -0.0524430260207394 -0.215194013885381 -0.402092807032281
-0.0108894874204574 -0.0727307611792214 0.21254597325678 -0.697780759144011
0.08776010520807 -0.0257101817836487 0.702965599401607 -0.439285593586089
0.0826512585094113 0.0462784871604514 0.676438339862637 0.188835082404236
0.0316217242724979 0.0662913086511653 0.262180327566659 0.28265608381619
0.0283626762690393 0.0644943432227867 -0.0322473216441051 -0.124353162360037
0.0542064684991552 0.0702401334348588 -0.39191611043682 -0.503933206857741
0.0696530430608558 0.0143268485842924 -0.838892544368421 -0.234294075270086
0.0183448379690924 -0.0612870268218534 -0.635008336842713 0.463367688688339
-0.0413454265919903 -0.0543997703789417 0.0244702204158076 0.692861650474477
-0.0861278087763143 -0.0293921905027804 0.304521994139769 0.46180823785456
-0.0800286574098319 -0.00716998176109826 0.184855139623073 0.0602169024953817
0.0299425576044378 0.0162244271025718 0.087325494935219 0.0626376262993964
0.029604463207356 -0.0121202570764793 -0.179022474730169 -0.0371298161671198
-0.0085210586784275 -0.038483408467635 -0.354708671520492 -0.0904980373645337
-0.0577078553586327 -0.0162940718175366 -0.201784704471435 -0.413554581618876
-0.0504489917368676 0.0113819675576851 0.242959139305847 -0.676537217129947
-0.010628230674795 0.0294390809218156 0.725634428530726 -0.394068241731253
-0.0327421084194454 0.00753821548965917 0.678850635972325 0.22391950122151
-0.0314329726328661 -0.0516913261086885 0.266282090682457 0.28523321143514
-0.017768113098034 -0.0708973900133007 -0.0292823408777815 -0.121701151668353
-0.033955611708628 -0.0284841958668287 -0.40343522429564 -0.471043766994212
-0.0487157530525016 0.0117430357298091 -0.830254392564572 -0.16977477872732
-0.0778722510817476 0.0199885845698423 -0.586862732697112 0.502156019387354
-0.0633314897403558 0.00543247856401752 0.0569210304684341 0.695941629437372
-0.0276562170768776 6.6774867244504E-05 0.310246996578269 0.450084734634814
-0.00960064589742736 0.00804600761759342 0.187614206796402 0.0556257322836985
0.0898246277086457 0.0163401390810605 0.0857423357993218 0.0655702793809624
0.106396566191643 -0.0116153119826539 -0.176486856194338 -0.0585399999710647
0.0420517728954164 -0.0335329554976544 -0.342238069950423 -0.15486634901186
-0.0501054801641055 0.034409352611807 -0.149429740639576 -0.462692256971474
-0.0980772025190549 0.0847995260796463 0.326790768438285 -0.633873131353466
-0.114327835475349 0.0595286724825737 0.756180663219292 -0.277200715248172
-0.138295370073227 -0.0507189079422468 0.63882129546263 0.277198938410183
-0.0916090167141498 -0.161572965964175 0.237154954034858 0.240420035076105
-0.0782661071003746 -0.175888104951578 -0.0570011164515034 -0.1668702614331
-0.132641209421504 -0.0829592524989052 -0.477146183378871 -0.408703229542917
-0.156726516197585 0.0444437926738541 -0.814102774789609 -0.00623522689346177
-0.15051853639963 0.111427436859807 -0.45507272447728 0.593409037491062
-0.063103334821539 0.0586142527801983 0.14481534035594 0.663914692263646
0.0412189823246659 0.0230718150072478 0.315783830963422 0.387610075863022
0.0603700359335285 0.0200772443219677 0.165482421782871 0.0295028780475199
0.140463804405973 0.0212672563119558 0.0666080567658134 0.0624014091614449
0.157710030247082 0.00195512268618811 -0.183618815010757 -0.0954315352145533
0.0622721220574177 -0.00381596352128814 -0.321619215167846 -0.251105240238783
-0.0656008952652561 0.0989387453115028 -0.0565806428862583 -0.520163554201044
-0.159058991598985 0.131031181215325 0.451638693781099 -0.54419449308018
-0.209087848908243 0.0402844919268816 0.772858692792538 -0.101918815272899
-0.208017868398121 -0.132887765317559 0.550535107383769 0.328031841237211
-0.140396188184689 -0.247215759754136 0.181293839595965 0.15534163383609
-0.150104881289984 -0.223438731906823 -0.126524069020199 -0.231511707736434
-0.227883338878394 -0.067081534571225 -0.579504091190141 -0.294734412461063
-0.226546846797765 0.120561923392562 -0.74963022089599 0.220524036861108
-0.167494532513079 0.189302677107406 -0.263920553352538 0.672071784940457
-0.0267046496537037 0.0835382222745353 0.242981068491283 0.584732385707622
0.114478466460556 0.0302895033498758 0.31253582201338 0.287134320729505
0.118089312779857 0.0229810964840771 0.122300447485958 -0.00903883255375162
0.171869459360867 0.031535357454827 0.0296742496362071 0.0483266800279898
0.172339928472613 0.0285119512996989 -0.200048949963464 -0.152595069773769
0.0472153852791713 0.0430258645573196 -0.288152786668868 -0.366036981441932
-0.106885693905011 0.152509698174808 0.0765228280446584 -0.550649617947196
-0.219760772053914 0.125762416376925 0.588452206226647 -0.394556708578953
-0.268588962817773 -0.0282762945080088 0.749011696185381 0.097105216482967
-0.228203036943364 -0.216747467180005 0.436501941584997 0.34922770464936
-0.167897032967521 -0.29509204170397 0.105390550604717 0.0425903001213663
-0.211374402230186 -0.212666090745924 -0.233197573802213 -0.279768072750943
-0.285332836035097 -0.000322584860319369 -0.670486712585857 -0.125742198853164
-0.238101060213462 0.19561227439687 -0.629381947306471 0.445775227223471
-0.130921447349239 0.218309349595902 -0.0692359063988812 0.691971007632912
0.034871189321196 0.074399646894998 0.313099994481653 0.4561199463262
0.174637799963124 0.0228222682559629 0.294846118779879 0.172672621810663
0.153672946553962 0.0178061400351276 0.0695417119584535 -0.0489824491458102
-0.152054344720761 0.0204306394753608 -0.0352186745243945 0.0217204911444996
-0.21266950704186 0.0218684765218546 -0.254744686970693 -0.0712616590683411
-0.120944760597439 -0.0399206927038651 -0.357531460113886 -0.273837808838561
-0.00924978429745574 -0.207854338973466 -0.0589436675557513 -0.607593872065333
0.167560442226004 -0.259495837431216 0.438033303602702 -0.631864744697192
0.312286675733287 -0.0625354620582578 0.719477994548369 -0.155829715878885
0.271046377032273 0.185121420964705 0.438420593684327 0.232374882889422
0.157793597147859 0.299378853321675 0.0829727876935621 0.0330056426278856
0.199568749403089 0.271827930005529 -0.242524818791895 -0.353961949026005
0.295867897588737 0.12169639032574 -0.704179187180185 -0.381904437855712
0.270694867420133 -0.117009289147053 -0.826752360396534 0.192984885375837
0.110220708412432 -0.217610671680924 -0.303081570979093 0.657580807826079
-0.0618193353206911 -0.0944729508312258 0.214254551469547 0.532344263178833
-0.218298662266449 -0.0221282341006368 0.308852284036892 0.248653921802051
-0.196989036614745 -0.0191913216897069 0.0626424412108166 -0.0263907212794597
-0.129959022856206 0.0251416260473336 0.00842872218302245 0.039741113495689
-0.192189910800504 0.0225279690460883 -0.230671269567482 -0.0297173962069143
-0.140470251909145 -0.0151131520896188 -0.36552931187801 -0.151725560662418
-0.0593169482708624 -0.144609643671687 -0.146483931623827 -0.521370911102914
0.0969343128798813 -0.226311421914835 0.313879036216017 -0.700900308318641
0.261175467521907 -0.0976376237101938 0.713768119317482 -0.316043787204573
0.254087204161311 0.127710862790447 0.548658086677121 0.20732701009753
0.135613596208545 0.257683271046413 0.165556449880332 0.147277806393732
0.138566964514098 0.266944490399629 -0.134843575856927 -0.268994067368672
0.23293074520776 0.177423767566197 -0.56828624695124 -0.489093740758273
0.253163843793358 -0.0393958179053741 -0.873367004933895 -0.0315057406485731
0.129035441687663 -0.193748276469779 -0.483949223190714 0.581683041941269
-0.0323335068502453 -0.116911519231822 0.128028955682665 0.619972723877368
-0.185707104611357 -0.0454432845909341 0.314621540049836 0.351385232617244
-0.182172588879707 -0.0228476267511034 0.117859672404094 0.0115340972098314
-0.0881452176522109 0.0256674883741016 0.0440022119365696 0.0503730847016851
-0.135995341511598 0.0124205289263156 -0.209039803806617 -0.0192322742137605
-0.120865835753207 -0.0138640777813525 -0.366765099975433 -0.0816585966844848
-0.0826086598483604 -0.0905234612139054 -0.200532607275005 -0.440353949418999
0.0344473290301741 -0.155526260816185 0.233286446621024 -0.716181271576133
0.180447697100272 -0.0791737307814996 0.70189886490588 -0.420314860259238
0.186324368286961 0.0814396536419214 0.633798004101157 0.184634150553508
0.0912101113561173 0.175950668783799 0.229692895477331 0.235248068747709
0.0784983587469916 0.190262299451787 -0.0659743874261808 -0.179647219830154
0.143403234024305 0.156215587111761 -0.453879514104086 -0.519407422723639
0.178942010308064 0.0091355421695879 -0.865558357347931 -0.182799650466744
0.0959445710494705 -0.134366920846324 -0.600706439662883 0.501777476934171
-0.0244116919724071 -0.101654509484376 0.0557666952046312 0.673045319689833
-0.140000692535866 -0.0486739304078104 0.313876559275274 0.427885988726544
-0.14064670227165 -0.0178700298032746 0.162614676056735 0.0425310143671936
-0.0318470229758654 0.0214747766115464 0.0733407279818771 0.0573991064922496
-0.0575216368151201 -0.00149084479686066 -0.192658135035536 -0.0228026970548636
-0.0718051590223729 -0.0268832101970598 -0.36538026565827 -0.0608715577293087
-0.0766207119624922 -0.052405173530063 -0.222579862981731 -0.402957803607258
-0.0113689521501507 -0.0727641582074718 0.207123369864142 -0.707695414681722
0.0883481131295544 -0.0277043535133834 0.705132016159451 -0.450464714485005
0.083764582916894 0.0465088693209122 0.683547969176935 0.184513417111633
0.032354282961808 0.0667709085788817 0.266860939071842 0.282988537023585
0.0287809974342471 0.0649199034267431 -0.0343891147766172 -0.124882408668729
0.0551632500954449 0.0707033521175911 -0.40068798685064 -0.50752697345172
0.0708870078150138 0.0138794104900235 -0.849030504209646 -0.229558053808358
0.0164922374035617 -0.0617166252802666 -0.636085398836342 0.473758860122044
-0.0415229297945006 -0.0542560227061477 0.0312065817442906 0.69783473428152
-0.0881767483887687 -0.0290639849508702 0.313572951528598 0.464221943402005
-0.0802388964583645 -0.00564570577612556 0.188765141002857 0.05808417233899
0.0302342998624321 0.0168172079179734 0.0884990064003687 0.0619963702064187
0.0293811339806732 -0.0117896506082876 -0.182485087431431 -0.035630606077977
-0.00969670961986703 -0.0388717866911954 -0.359776178777943 -0.0861473907400996
-0.058878026426622 -0.0152035238240789 -0.208117197368797 -0.415700935594551
-0.0502923421370159 0.0124716496601481 0.237872521166953 -0.683415021115043
-0.0108965243463536 0.0296717972316374 0.727231121049824 -0.403301836133199
-0.0339531067603796 0.00784867001475734 0.686834734815885 0.218517182439814
-0.0326343480629052 -0.0520264027373378 0.270842134597415 0.285100203984109
-0.0193151077079226 -0.0718249974623719 -0.0304557597739589 -0.122534526538814
-0.0341312230816518 -0.02831062231489 -0.411556055865817 -0.471713434291884
-0.0489706942088121 0.011962761344714 -0.838640215648196 -0.164591768661248
-0.0790504615882781 0.0215290316966509 -0.588816156303155 0.512850816963251
-0.0635392128636573 0.00664009380794539 0.0661316143645808 0.69994167735519
-0.0277623055917639 -0.000128398726603453 0.318522839887412 0.452139864127973
-0.00913140060581319 0.00905988570680763 0.190896963575258 0.0529975939739846
0.0905032543372278 0.0152716119156134 0.0871293004546426 0.0645819674974621
0.107302059457826 -0.01212217928196 -0.18021659270828 -0.0575026490627431
0.0416885168304267 -0.0342014186878533 -0.347525200876665 -0.150758840767751
-0.0496978775766755 0.0352806218439226 -0.156060710207075 -0.46551989991049
-0.0977970427209321 0.0871258737713389 0.322672593192802 -0.642895963909031
-0.11501134641816 0.0615122318435063 0.759888960317208 -0.287998376364981
-0.139678699764905 -0.0500916818353839 0.646219487756981 0.272932787692719
-0.093979755514071 -0.162845426011985 0.242176342463102 0.240425479616599
-0.0807178743286295 -0.1772857194928 -0.059078089701499 -0.168507960070342
-0.134970272637478 -0.0829983134700873 -0.483747297090018 -0.407503768990583
-0.15801521030238 0.0471960597493467 -0.821985541800431 0.00178740456006691
-0.151139669293831 0.114735603223408 -0.453202246391649 0.603211172288302
-0.0632665936511692 0.0597437113524311 0.151895786699027 0.669224993327395
0.0419983351174895 0.0232994073201008 0.323684635597277 0.387557119814118
0.0605043390681004 0.0202554038067168 0.167870219131763 0.0282363361207696
0.141504867553364 0.0202866402439314 0.0683933056612314 0.0615779011996587
0.159099952202334 0.000707952332021767 -0.188485634171825 -0.0943883713178357
0.0626489579582113 -0.0044281473751628 -0.329025331413796 -0.249017661388469
-0.0658204940054904 0.100764134198252 -0.0620739944686203 -0.524391510285717
-0.159472927269307 0.134373647325112 0.451079322496854 -0.554549881841282
-0.211080810257394 0.043276414112699 0.779155093482209 -0.110782462186576
-0.212004837248073 -0.131940901395086 0.558224004908034 0.323363671667936
-0.143913243093785 -0.248638595323094 0.184036782400619 0.155095255111207
-0.153374843516779 -0.224730700641351 -0.130001338513138 -0.232603237553385
-0.230560387596802 -0.0653946091868792 -0.587697930759008 -0.292023633247288
-0.227812064569982 0.124234200828052 -0.754468109219304 0.232652500657631
-0.168227553125716 0.193482414088576 -0.259453753737568 0.680689954844923
-0.0260928829500211 0.0840935170953839 0.250476108729981 0.586790358415484
0.116362772205719 0.0290085526167511 0.319482892877399 0.286590369007173
0.119910258410404 0.022835563143792 0.124182949592416 -0.0108316352707405
0.173163563431115 0.0302904375439153 0.0317033044696929 0.0482825933871376
0.174412863683329 0.0273728927241152 -0.205167105424171 -0.151943508013234
0.0488236536971918 0.0429011775619228 -0.294539815640936 -0.364610682515244
-0.106673176439529 0.155244370407615 0.0722472055984 -0.557329683711874
-0.21974775299275 0.129475201873413 0.589965139488431 -0.40471692432125
-0.27134633783153 -0.0257603478267602 0.756302708259003 0.0915869932950522
-0.231762811861189 -0.217089715860478 0.442087511965346 0.347458823967992
-0.172722222586684 -0.296529505246643 0.106342622953006 0.0427534006771775
-0.215834161324951 -0.213537350881494 -0.23758211681996 -0.281123953069357
-0.287741481445265 0.00262085410760975 -0.678582401710831 -0.120856467703362
-0.238144302278047 0.200361484252583 -0.630808297912921 0.456026656129726
-0.130213368855959 0.222169903872974 -0.0626754981681384 0.69905847504541
0.0362103455182354 0.0743916442580055 0.321288172866395 0.458166978012803
0.177007165590784 0.0212660441954238 0.300060326854854 0.171853328379267
0.155577279653678 0.0176463563815281 0.0703063239707462 -0.0503630084655688
-0.153578135185091 0.0218200019886226 -0.0354588753644868 0.0224384171837501
-0.214578573245273 0.0252077999171919 -0.258496713362858 -0.0679647708644298
-0.122829410455967 -0.039339647648158 -0.363883820581056 -0.270754347529511
-0.0120608397324431 -0.20947888665442 -0.0657859291388855 -0.61168566111774
0.166291729197804 -0.264288510415919 0.433184888167047 -0.641985320736518
0.313732899764807 -0.0672687472437429 0.724350725500144 -0.165113660393695
0.275161643703873 0.183835414969127 0.443967279280425 0.230508693401966
0.162209843791998 0.300564411950548 0.0847522353084397 0.0340235558839279
0.202611000999027 0.272192426268348 -0.248695241148947 -0.353765097387295
0.298780868541261 0.118531991128245 -0.715061243236446 -0.376369623434361
0.270834734298711 -0.121533703400642 -0.831742159894744 0.203601769350076
0.10766581161385 -0.221269663772267 -0.297679953798427 0.667143646322312
-0.0638566582472659 -0.094036252859439 0.222868393363154 0.532914207461518
-0.220119189687539 -0.0196945099582172 0.31532020974274 0.247111740269196
-0.200076001209809 -0.0166436107960076 0.0637583662303982 -0.0273284238675683
-0.130390405801431 0.0271826911153497 0.00832360048304445 0.0399009441495014
-0.193203129863322 0.0255054875122667 -0.233232879900772 -0.0271627115237835
-0.14214129779922 -0.0133798725629278 -0.370217332457973 -0.147220568528199
-0.0622753060703514 -0.145469724045121 -0.154833749038215 -0.52309161172777
0.0958563308873984 -0.229819240735103 0.308679203985584 -0.709817882423872
0.262170189869759 -0.101002398283146 0.716076804872923 -0.327033546543559
0.257495620512156 0.126404039533477 0.554897268483898 0.203196012158202
0.139359050479919 0.258193076297282 0.168575881437694 0.146520757883125
0.141842611137763 0.267220553278046 -0.138724086723064 -0.270014438067147
0.236655747521189 0.175418942277926 -0.579256897581246 -0.486806659133103
0.255505157215171 -0.0423758621022352 -0.882542998091208 -0.0214657368890477
0.127822071164073 -0.196523993210621 -0.480743607562601 0.593043681508739
-0.0343491399040891 -0.117359008857015 0.136985456319259 0.623708990701916
-0.188493661539811 -0.0438854956366962 0.322473610100958 0.350443286364998
-0.184391129602988 -0.0213314313354168 0.118845087730201 0.0103660648372363
-0.0882517167096371 0.0270578096412023 0.0455939570524358 0.0501450382792244
-0.137418247348493 0.0142116995593015 -0.212518928491039 -0.0165954589338847
-0.121953491163427 -0.0126099479277772 -0.371271884804815 -0.0767494859051497
-0.0851079226505738 -0.0901539606394772 -0.208033252183701 -0.44195748988572
0.033784654941217 -0.158114631097583 0.229283069293453 -0.723934390600029
0.180848457736273 -0.0821170482078677 0.703356123726959 -0.431686084408802
0.188135514116276 0.0795996949670437 0.639211618103508 0.179150531072726
0.0934729002449677 0.176184580807557 0.23442797051338 0.234444960033052
0.0800878904158553 0.191335996059949 -0.0687249737324496 -0.180035269647712
0.145645472891229 0.154859364693728 -0.464507563244393 -0.517368520862146
0.180072110243879 0.00728094813593459 -0.874278737714833 -0.174532947016228
0.0951897887128558 -0.135961419788996 -0.599500805225603 0.512404228104953
-0.0262485127566807 -0.101751108973015 0.0644902896659191 0.678216196684868
-0.142099282585221 -0.0470076242741086 0.323295163909448 0.428835665585058
-0.14202180259152 -0.016308892959966 0.164626299913837 0.0415019518943443
-0.032125039984373 0.0218359211091499 0.0747152547521401 0.0570508924641292
-0.0587439719379137 -0.000384799714518703 -0.195663267666134 -0.0211354547412932
-0.0729462851648741 -0.0264196478415686 -0.370184175674775 -0.0558546427447969
-0.0785052429241604 -0.0516055630256043 -0.229464715427795 -0.405055549615216
-0.0121556286552751 -0.0732276388776397 0.200736369214301 -0.71659480615843
0.0889390751351005 -0.0289414878579608 0.704929186550489 -0.462716608000058
0.0843283431928741 0.0455393640144512 0.690272536985112 0.178395530955362
0.0331579777336304 0.0672171700319206 0.272697879625166 0.282483626494513
0.0289626059646387 0.0645814116347768 -0.0358210101219275 -0.124522834284066
0.0569044628761577 0.069694509902291 -0.410610634144043 -0.505867664624661
0.0713593486755366 0.0137439855793524 -0.858596136246316 -0.219946121421702
0.0159538607243008 -0.062416719738559 -0.636347565185425 0.486108529826825
-0.0430466703694577 -0.0545426627591443 0.0397402722571925 0.702460649240044
-0.0889046422378346 -0.0283925641546963 0.323320260087053 0.463634694773226
-0.0809321794962439 -0.00514525990804723 0.192086119310227 0.0559474136433649
0.0306485007706978 0.0170259376226549 0.0901204877317414 0.062683410029645
0.0291780825310372 -0.0116341885422515 -0.185716211962422 -0.0341900333523519
-0.00983758542374034 -0.0385163187005033 -0.36435851690169 -0.0820069167204063
-0.0591510210599033 -0.014951102645985 -0.213975146871637 -0.416637099699125
-0.0505028623799651 0.0135985044594977 0.232001947168747 -0.693337356790614
-0.0113137634453801 0.0298741262515144 0.727694714838375 -0.416572931582586
-0.0335853574188408 0.00809910971842302 0.694399476675278 0.211960170426892
-0.0343168619992336 -0.0522005444217153 0.277256214173582 0.284867563974122
-0.0200330061356996 -0.0727928954542123 -0.0322031815162314 -0.122976787049191
-0.0346332013509493 -0.0283625769198339 -0.421452485145469 -0.471693730573016
-0.0485468271595753 0.0135605955247715 -0.847780870958384 -0.15603301158319
-0.0798717594006234 0.0231444952561497 -0.587378587431347 0.525523282807833
-0.0643967480799451 0.0070765285634594 0.0744509488321813 0.705713902236024
-0.02848225308656 -5.01845287686764E-05 0.327194215289827 0.451741584734898
-0.0091128076982092 0.00963768312544286 0.193643624191427 0.0518574806233454
0.0911244886644849 0.0148836166465726 0.0888751996218041 0.0645497534215206
0.108001579729905 -0.013128417113896 -0.183447405087592 -0.0563044148026976
0.0413348923236608 -0.0350292160460298 -0.352811200274536 -0.147946817177551
-0.0497799408381701 0.0362602851994474 -0.163133692094913 -0.468640389422608
-0.0966127143566381 0.0895577310330516 0.318598588671808 -0.651570766827737
-0.115640574037938 0.063015724738645 0.763157306436449 -0.298389812187442
-0.141917131201961 -0.0491660510954154 0.653113643284751 0.267724192329463
-0.0972500549478928 -0.163114262186903 0.246782093562286 0.239390741093064
-0.0832666981625231 -0.178240282135991 -0.0621792623942351 -0.16957225062526
-0.135979774639797 -0.0821192607043312 -0.493979999988812 -0.40659132684665
-0.1583039916649 0.0499834452974808 -0.829048309531697 0.00932699156115999
-0.151090241259444 0.117939131819043 -0.44914446242327 0.613709736323932
-0.0628214806797586 0.0608344073818474 0.161348580359127 0.673071522925097
0.0425325365048085 0.0228524571703066 0.331910969907662 0.387680203326107
0.0623290395385285 0.0207935913739296 0.170189534528124 0.0254481977948129
0.142852870717452 0.0191641786252235 0.0693323783444815 0.0609804567796832
0.161545437601076 -0.00027329360618262 -0.1914824819979 -0.0933037776803556
0.0631860963438239 -0.00494949239674345 -0.334773651775993 -0.24620174996899
-0.0653428802044827 0.101687468413153 -0.0699390122675273 -0.528107783544826
-0.158455731878136 0.137875070169739 0.447155920280264 -0.564951731435681
-0.212938507479526 0.0459112310310199 0.784205788464621 -0.121269444282672
-0.215035039858975 -0.130297445771125 0.566827919116023 0.319082703134788
-0.14850880023804 -0.24971360257087 0.187254946787056 0.154541558105055
-0.157311538931762 -0.225605964304827 -0.133554605014829 -0.233692219450162
-0.233335281406329 -0.0633889160925443 -0.594331344843355 -0.287490886984911
-0.227720608583865 0.128395493617137 -0.757958417739388 0.241745321982392
-0.167044874371981 0.198098706764656 -0.252608147277324 0.686812186922037
-0.0252887348449828 0.0852888386044673 0.261305094878762 0.58971570237287
0.117891200542838 0.0277243007305247 0.327299226223553 0.286135233875581
0.121000291571531 0.0223618870595021 0.125951809942761 -0.0124460823821021
0.174392598009825 0.0289086271325876 0.0316991352835657 0.0477904334817745
0.176864117465219 0.0256262540326099 -0.209161090932047 -0.151014896504087
0.0497483705265019 0.0427507498416306 -0.302502437508036 -0.363205442537236
-0.105938998031402 0.15778109117696 0.0658565318356996 -0.562364783630818
-0.21946854392198 0.134277143488304 0.58952907711754 -0.413086006953811
-0.274042048433451 -0.0233238132476656 0.763166649754256 0.0832488593589255
-0.236020874501742 -0.2163441322566 0.450037561521033 0.344079049654374
-0.178067229010475 -0.296857721736794 0.108614421329196 0.0412231607475985
-0.219800843242759 -0.212253570346274 -0.242852353753453 -0.281063612939674
-0.290039844321088 0.00649259504124328 -0.684977422112675 -0.114827644891101
-0.238271687877549 0.205036157720401 -0.629164671898739 0.467058492944394
-0.128782232080351 0.226152142189339 -0.0553345199432456 0.705695180599432
0.0373631374096906 0.0744037402638512 0.331122266119726 0.457422894084359
0.178590252516948 0.0191658296017945 0.305430494142262 0.170052342967742
0.157434127720107 0.016924256739336 0.0710622153800375 -0.052062569758541
-0.153956723673338 0.0239329253040363 -0.0359372315751795 0.0229269401345032
-0.215947383015252 0.0290727653315637 -0.261608072507981 -0.0638628267165809
-0.124544909654556 -0.0377689085664548 -0.368619349390893 -0.265666825656972
-0.0148440640292767 -0.210631621960255 -0.0755593989326828 -0.614319742287573
0.164611540031007 -0.268475333666567 0.427402442336842 -0.650807174515389
0.31540429335704 -0.0731519114179817 0.728024565300604 -0.17632704070719
0.279562007264358 0.181376648338375 0.448485522627589 0.226635883553101
0.16656704298593 0.301682551026408 0.085059616399394 0.0326014933698354
0.206611153888223 0.27216089815629 -0.255324198978349 -0.353467223922712
0.302144974647184 0.115826938774004 -0.722324234228553 -0.370106216647829
0.271049640848895 -0.125725220096157 -0.835423208786154 0.217477558602431
0.105661347606155 -0.224427482942167 -0.289511900902522 0.674159124293602
-0.0655621795816039 -0.0937916498652785 0.233142006789691 0.535189996670915
-0.222879154848358 -0.0161101825652447 0.321589288603682 0.244163281252322
-0.202127571620653 -0.0152348237369847 0.0645709533001776 -0.027857909682965
-0.130846019208092 0.0283025230331619 0.00897713913022978 0.040571681360292
-0.194591660075678 0.0281365941182 -0.235817599286565 -0.0232031998823706
-0.143147005942145 -0.0114040978457625 -0.375022367357252 -0.142853338310275
-0.0649035165323401 -0.145405260747833 -0.163688158894505 -0.524952264848544
0.093164935561238 -0.233631836010728 0.302321939609239 -0.719124491741124
0.261994845803955 -0.105633902156606 0.717208006646929 -0.339815803755166
0.260299219374055 0.123945931377093 0.560414621304478 0.196384956132661
0.142699995506128 0.258475173378042 0.171294640441243 0.146074873639146
0.146810641441166 0.267748166837615 -0.14367373047327 -0.269663310159179
0.240338894633872 0.173135330509989 -0.591532258839232 -0.48027596574373
0.256305532602891 -0.0455078736784992 -0.888328477601238 -0.0108520414184065
0.126160049523372 -0.198829728561544 -0.475539193913085 0.602421982653629
-0.0356832276518832 -0.117993610033884 0.146773875609703 0.626714839221073
-0.190481717404288 -0.0409999594898635 0.330534985115433 0.348348259475954
-0.18573015604781 -0.0198440863721705 0.120888310356584 0.00815526403057308
-0.0882003974974701 0.0287751990276064 0.0459452684730983 0.0505093867245488
-0.138361830894026 0.0161102863664735 -0.21476466724926 -0.0141781626586566
-0.123667965267331 -0.0107865103906292 -0.375384375782626 -0.0716506451378415
-0.0870140622269891 -0.0895972805360716 -0.21534300138807 -0.441977147422735
0.0325978404419027 -0.159803612947122 0.219207247739586 -0.732627808041247
0.181017768604363 -0.0853269787365231 0.701738410108685 -0.445053862001367
0.190751222816925 0.0777571817207737 0.645544573636833 0.172232039923632
0.0961467984013266 0.175771842890655 0.238529708450345 0.232718796879474
0.0822787369871683 0.19177218753909 -0.0716659399188781 -0.179725530899027
0.149392676109257 0.154059029040031 -0.475373368748973 -0.516263266824651
0.181633035859512 0.0053442287587546 -0.883705190556531 -0.164442637024745
0.0940400055678432 -0.138412037174937 -0.597768756712212 0.524258125773043
-0.028138911990948 -0.102381382991329 0.0734935852205601 0.681977878196993
-0.143426513421048 -0.0460101459737299 0.331500238200467 0.425839440315688
-0.143804980999189 -0.0149003141054742 0.16754173403401 0.0388775854622706
-0.0322150150856392 0.022802199390956 0.0757775279237413 0.0571212816289591
-0.0585891067336511 0.000402341975634782 -0.198459276800203 -0.01867999867151
-0.0734705775593368 -0.0249287986923641 -0.373027533306099 -0.0507834902498499
-0.0798892670959824 -0.0506377424012373 -0.236883422977645 -0.404118634285873
-0.0128545863360359 -0.0731756769731568 0.193178428574456 -0.722362254553777
0.0884893233849451 -0.0300776702983598 0.701787998074953 -0.474612576002578
0.0857672336763859 0.0446142811638204 0.695941463812911 0.169950877417987
0.0338965760786985 0.0673889673195259 0.277248855493423 0.281551482050281
0.0293896540860985 0.064291145836321 -0.0386028768695922 -0.124928561280925
0.0580244466598027 0.0694223385414301 -0.419245457075369 -0.503786538591946
0.0724961883214961 0.0128804273628447 -0.867641931534104 -0.212164780438627
0.014782698174277 -0.0621356067221563 -0.634994984503866 0.496799129163465
-0.043924157389789 -0.0542396801915 0.0489967018740325 0.708180204836607
-0.090341000764265 -0.0276894756695819 0.331558498809334 0.463770257267083
-0.0820271031922932 -0.00372646203151818 0.194866388937011 0.0530164885496858
0.0310074429182288 0.0170171294800901 0.0913306415099492 0.0614745112156644
0.0295878033007029 -0.0119219682622557 -0.188160870061461 -0.0324311628245088
-0.0105687590795867 -0.0391794432843919 -0.368225803535296 -0.0772814576388904
-0.0606443113259581 -0.0148753943416652 -0.222468780451072 -0.417209854555699
-0.0501866121433863 0.013815040151617 0.223341133300089 -0.701759462981001
-0.0105625296030702 0.0306457864361135 0.727841246430021 -0.430025269316647
-0.0339978617740901 0.00906195211491505 0.701855736445124 0.203518246993054
-0.0354444001339727 -0.0524908503583241 0.283109722367639 0.283255268666877
-0.0215150652642758 -0.0732964670761916 -0.0341778498589817 -0.123894904224338
-0.0348899089174326 -0.0286057148567358 -0.432308440437185 -0.469590826265438
-0.0493245727918415 0.0142959191222831 -0.858650604932855 -0.14696524916348
-0.0804271377764563 0.025147610755854 -0.584805002060703 0.536426186742786
-0.064630805201919 0.00783302410311768 0.0847878176934862 0.710703137820546
-0.0287978586951882 0.000689326792326223 0.337337059729032 0.44978707016457
-0.00900566053071556 0.0104498662395899 0.195951275931305 0.0485844214851576
0.0921896549563473 0.0141601695247631 0.0902483278965013 0.0636753536394623
0.108973141771445 -0.0144258736421529 -0.18706559115447 -0.0544421075579586
0.0416439180226153 -0.0357179921328507 -0.358193205755298 -0.142963206703134
-0.0501444556628462 0.0367776385440686 -0.171019070462427 -0.469446795744903
-0.0956858901487543 0.0920199588868393 0.311486593128923 -0.659821006187239
-0.115530741932038 0.0649129924685852 0.765819712844071 -0.311206192790738
-0.143838393728511 -0.0481101464610948 0.660979240345787 0.2606961694119
-0.100160942713362 -0.163211718050003 0.251698706731006 0.238296958669731
-0.0869997969364531 -0.178661691054791 -0.0653944468871858 -0.169780170423594
-0.137781828539846 -0.0820909501216927 -0.502807299882275 -0.40426193546127
-0.158487736561784 0.0523741898966579 -0.834717575066597 0.0213409583724421
-0.15089381436889 0.121296506016578 -0.44648083351147 0.623675615140073
-0.0628166387054411 0.0621779265974795 0.171793621904453 0.674648139353004
0.0436372238828153 0.0223195644436533 0.341064526423469 0.386248897163388
0.0632210571567017 0.0198225716216669 0.172714176558866 0.0233354847970788
0.143652955570641 0.0179278095720087 0.070807527326692 0.059563826857128
0.162613719318459 -0.00283697954990719 -0.195513839237615 -0.0910911273183043
0.0638070550519129 -0.00681525233429985 -0.342201934223981 -0.243029725587952
-0.0648019405675243 0.103741153612627 -0.0772512887784634 -0.53029324145114
-0.157602251162193 0.141667834212484 0.442305166000302 -0.573448259747717
-0.214006034168963 0.049739418035865 0.788571440947761 -0.131564361006419
-0.218642194472055 -0.129824768960142 0.573567442252657 0.314744827992483
-0.152385895797913 -0.249892958010324 0.191225154373238 0.15258019308734
-0.161537146621053 -0.225722296955175 -0.137413624589258 -0.234070049998742
-0.235691112106098 -0.0605567715164896 -0.602836660577606 -0.281440804322545
-0.227845261358716 0.132628788818368 -0.761953692089609 0.252675289860213
-0.165970466686083 0.202083890801484 -0.246900387968353 0.697605295640991
-0.0245034481023936 0.0861284569118618 0.269345089782267 0.588484727007462
0.118868722891362 0.0259402655300991 0.334174694943386 0.284796459496505
0.122406961107144 0.0206832205369632 0.127214990355154 -0.0148769960112752
0.17648737991835 0.0270819037780739 0.0331155216844424 0.047683820166542
0.179473273116153 0.0239203163057113 -0.21409194029497 -0.148459827145107
0.0510411368823248 0.0429629911149053 -0.309932044594987 -0.360126168616376
-0.103989596043117 0.16074943877939 0.059602174210754 -0.566599238488036
-0.219008070065308 0.138165006857975 0.58917287747782 -0.42516768398118
-0.277168388783322 -0.0201903961206385 0.769743220845122 0.0734084791047916
-0.240685297304779 -0.215216292268669 0.457496457648433 0.339336575885848
-0.183415929509353 -0.297413257535743 0.11058426637639 0.0402728526081039
-0.224503496175697 -0.211972926121661 -0.248412204180364 -0.280313739261017
-0.292247297794062 0.00925373128189821 -0.691719098906448 -0.107785717405784
-0.237817466198599 0.210356986565814 -0.630095193182374 0.479929152352644
-0.126686720457719 0.22976889649889 -0.0481630832209629 0.711373045781303
0.0385633302028121 0.0739883879007205 0.339638937213765 0.457396492861704
0.180174795055971 0.0168381908231756 0.311910363661594 0.166906392491769
0.159126719991736 0.01516758432985 0.0705950023406517 -0.0532669737908766
-0.154767382596737 0.0255974074312092 -0.0365697163783063 0.0233256851912905
-0.216128564675101 0.0325628611022974 -0.264982742910474 -0.0603743170263513
-0.126133662889244 -0.0354993506603636 -0.37558315654315 -0.260269622817885
-0.0189798102948935 -0.211097372280877 -0.0835776644942153 -0.616972716992439
0.161559629105984 -0.273177048387436 0.421873040403618 -0.659988660777836
0.316023565986967 -0.0783648737576021 0.729607662480095 -0.187824586023887
0.283341898531189 0.179350247874707 0.452447259769935 0.221182526225186
0.171122598683264 0.300759348222573 0.0860576071287136 0.0321129134942988
0.211436321767549 0.270567418668732 -0.260710377491917 -0.351206139280272
0.306274875766472 0.111019013733908 -0.734226009057507 -0.360689699585111
0.272207949888514 -0.130244020452225 -0.838976640504116 0.228827073521163
0.102239177615711 -0.226385994188304 -0.281372819300234 0.682894457400441
-0.0685585494869586 -0.0938217029662153 0.240880479090013 0.53628477409119
-0.224853240485972 -0.0130131251383374 0.328266408247705 0.239985332573227
-0.202867031297086 -0.0125425944312947 0.0645218589490448 -0.0293890790616103
-0.131332478143269 0.0304370675910249 0.00892700973933451 0.0410171221893749
-0.195331825510731 0.0325613279274578 -0.23843066026475 -0.0195818450990976
-0.144039873397636 -0.00900405453927033 -0.37835728035026 -0.13622901557098
-0.0679456176071195 -0.145101892918864 -0.172677020662487 -0.524730227725607
0.0906605421363012 -0.237149260829957 0.293910836395061 -0.727441376783532
0.262111865157857 -0.110064125344458 0.716782851976549 -0.350977051915731
0.262871444357676 0.120154604884383 0.564996495048896 0.191295098552176
0.1467707014094 0.258374132469823 0.175057526568367 0.14489698978721
0.149832329439546 0.26688043920724 -0.148110879196655 -0.26757840012421
0.244113466909925 0.17146820579678 -0.600072500740663 -0.476123538223501
0.258670652493678 -0.0492909303423534 -0.895051847924096 0.000950357007568365
0.123759172385355 -0.202267851876584 -0.471197771269723 0.612169658677785
-0.0380352695879788 -0.118332227190223 0.157629690925755 0.629431801928187
-0.193153366287577 -0.0385215434459054 0.339149453517243 0.345303236873377
-0.186478312527764 -0.0171507233616193 0.122297179362675 0.00701615245288331
-0.0888750905683447 0.0296900533611573 0.0465100384223734 0.05025341464878
-0.139166484955333 0.0197426626225043 -0.217513141673198 -0.0103491361719747
-0.124054425702045 -0.00881552878437823 -0.378704728725188 -0.0650644195739532
-0.0886032773153678 -0.08871165652254 -0.223367863981256 -0.442001847920148
0.0302003975331211 -0.161098702906296 0.210710225424862 -0.739049600242695
0.180913050867239 -0.0884979333358295 0.698214933157967 -0.455881867280027
0.192498569253699 0.0758736193273761 0.650024175437812 0.163139998315163
0.0981183858207509 0.176799970337613 0.243983575085889 0.231160243096516
0.0842372065979289 0.191358064705977 -0.0744092816662107 -0.178649835068884
0.151483793610267 0.151994843300858 -0.485452870647754 -0.512528004503303
0.18316300220674 0.00293729541284974 -0.891692145145948 -0.155151711382751
0.0918861450378826 -0.140188083496135 -0.59354320980056 0.537303425845693
-0.0302629843565361 -0.1024149796144 0.0856244454888904 0.684673584025987
-0.146158580373802 -0.0437796899493293 0.341665864779444 0.424024767338277
-0.143922877085761 -0.012469278998027 0.169966382409726 0.0363575533590674
-0.0314194608011242 0.0233451533668224 0.0769859900321398 0.0568261498861927
-0.0590279604945851 0.00221324713718356 -0.201397891261361 -0.0164571356990316
-0.0745185181852237 -0.0239438824971529 -0.376095994550801 -0.0447745472903512
-0.081595382509657 -0.0499239842871489 -0.243691506885589 -0.402220373425923
-0.0134747108668731 -0.0735583562486123 0.183235024013972 -0.728882593720818
0.0880053742320451 -0.0326158008377452 0.70064094660328 -0.48788592774952
0.0865804510735534 0.0442695233156382 0.701101318588632 0.160559019373665
0.0344640622079183 0.0673192426823131 0.283080353988479 0.2788540486564
0.030563457899678 0.0645293028225889 -0.0409117804887882 -0.124893330699888
0.0596033861135605 0.0685409910288485 -0.43018366923772 -0.499757390633946
0.0735359565123213 0.0123844518022188 -0.876997014251799 -0.202153967089438
0.0132798161393089 -0.0627646501585453 -0.633772380361207 0.508441541652439
-0.0454959677176452 -0.0542803198247942 0.0593586703477004 0.712388602793925
-0.0916294749983817 -0.0263431515699234 0.34403456001758 0.461298595442235
-0.0820045538639219 -0.00203317566045839 0.196818400412029 0.0507285719924973
0.0308449784322732 0.0169839563031546 0.092967563109863 0.0608950001322997
0.0290013858097855 -0.0118427258663606 -0.190895576947748 -0.0301951941003972
-0.0114077169559181 -0.0390582412892743 -0.372580111786176 -0.0711053135419727
-0.0614784159452497 -0.0137706458076532 -0.229174843972654 -0.416525406955745
-0.0498689493091297 0.0146755114888959 0.216117682356492 -0.709950495336968
-0.0104368050955204 0.0303068240851006 0.72505170556095 -0.442466987644637
-0.0342956379084583 0.00912660443281855 0.708091438747213 0.193631039407903
-0.0362394498610184 -0.0520315332397917 0.288461316190489 0.280207648421559
-0.0234121599033789 -0.0735039391825061 -0.0363885034238969 -0.122590737075071
-0.0353711243156924 -0.0287630077743679 -0.440570886266385 -0.465732051352951
-0.0483344832028668 0.0150272312681237 -0.864407772602601 -0.13617392858276
-0.0807289635032432 0.0267009081763895 -0.582053503419571 0.545497588085181
-0.064719937299808 0.0087418120972667 0.0944070330026297 0.712840418122297
-0.0292068917035004 0.00114718401005152 0.347760232278254 0.447864167904157
-0.00873513107962515 0.0100024907258332 0.198939062079442 0.0459794897591279
0.0925659255402421 0.013289321719882 0.0920622623301463 0.0624202344512676
0.109238942457398 -0.0157460213272005 -0.189407404829218 -0.0521728582026876
0.041143692568296 -0.0367800886819218 -0.362642954995202 -0.137631473521831
-0.0494960327739767 0.0381189089214763 -0.179580198577203 -0.468761851471176
-0.0947252224510672 0.0942093977147909 0.304328376227148 -0.667433422669827
-0.114840006048089 0.0671138524784693 0.763999658298543 -0.323092267148288
-0.145116827565754 -0.0465978704630048 0.667974405277866 0.251843647683698
-0.103472906693795 -0.163107321218756 0.256672046754669 0.235935726060725
-0.0893823522476588 -0.178682819809321 -0.0684430856039975 -0.170018759848395
-0.139737505759461 -0.0804950602643097 -0.512016907588676 -0.39961947320741
-0.158907839460284 0.0546077423418119 -0.839280223521854 0.0318129113264583
-0.150402860480869 0.12486955719986 -0.436716652350376 0.633901334949857
-0.0624319199702489 0.0627790678554255 0.183302222487882 0.676441033485424
0.043451199351637 0.0211829721806683 0.349417145116301 0.383791720166547
0.063999553756017 0.0197494669712579 0.174455764093447 0.0207675683428229
0.145046746012381 0.0164539133006699 0.0715984278445834 0.0593006669983793
0.163791732002982 -0.0047315846888062 -0.199210914458211 -0.0885173064803984
0.0636327749439789 -0.00739696519747837 -0.347882917841856 -0.238396682437139
-0.0637270599009746 0.104890763898388 -0.0850433580775203 -0.530920424708892
-0.155185062129675 0.14496729061455 0.437387366521118 -0.582843489122634
-0.214098622007555 0.052409226875314 0.790575130668053 -0.144423678146891
-0.221689513552269 -0.126956250453069 0.580575591717016 0.30729905886488
-0.157314887093387 -0.249014533737748 0.194852817854997 0.151522902329367
-0.165134921249544 -0.224550284745132 -0.141851437878211 -0.233475991327351
-0.237296044951545 -0.0587787793531633 -0.611050860322177 -0.274883964891108
-0.2267152172303 0.136911954847177 -0.761075842038895 0.264165776395149
-0.164094181513427 0.206071292181564 -0.237953284727203 0.704611908614788
-0.0237011783701324 0.0870384766566171 0.280707202059464 0.587690867697315
0.120378798208057 0.0240727604707017 0.340257264128146 0.28034556959385
0.123413297477601 0.0203897512499946 0.128217520770105 -0.0166989094838317
0.177210106241459 0.0243701703924111 0.0335045297551503 0.0468519509479212
0.181692808769522 0.0210524888016916 -0.218541477043803 -0.146182559966707
0.0523778042076299 0.0418607149921832 -0.316832211953181 -0.356694813867451
-0.102377813708385 0.163182822629885 0.0502596836677432 -0.569816043356329
-0.217929939335138 0.142213335650573 0.586312844476597 -0.435574319277686
-0.279559277993974 -0.015588224223553 0.775639492219518 0.0648012646082596
-0.245009233349482 -0.213417762538022 0.464882430139225 0.335153525062204
-0.188226031225285 -0.296719999335715 0.112132371968893 0.03808514952257
-0.228230169846005 -0.210313297785712 -0.253539448122364 -0.279728195201079
-0.292548854338714 0.0130817957231769 -0.696005109066055 -0.0973869713879463
-0.236159259304782 0.214953885498783 -0.62702314069337 0.490476881671366
-0.124247299099612 0.233601270147461 -0.0357881761268838 0.715971983805246
0.0403473888635849 0.0736297369633679 0.347436638814465 0.45419109135621
0.18146296224553 0.0141085208812622 0.316409835844201 0.163638458658736
0.160498271397581 0.0137404633465785 0.0704619956833552 -0.0550481123108919
-0.149817988158146 -0.0517673716923884 -0.0440378453904446 0.00684709490371556
-0.205966604815385 -0.0709099087903749 -0.20113853693141 -0.177103190724643
-0.0948852508836083 -0.0861114466942063 -0.203846851517336 -0.404966621025616
0.0776588899014314 -0.188246487057013 0.213666282936541 -0.589019271200759
0.261801001298496 -0.164057203577528 0.676369158236601 -0.391601419933032
0.314669282553668 0.0761518350191122 0.726876584529708 0.181604241911444
0.169405508059102 0.295209050970223 0.293142773594483 0.410133134937429
0.00697070830140455 0.352598227449244 0.0629603231700431 0.0696075343216203
0.0551699705270119 0.338574719088342 -0.0680229866308263 -0.429542534329813
0.213295743965606 0.242229167722246 -0.473493047052634 -0.65187125150246
0.299626846649098 0.0157387811924987 -0.83759274360181 -0.188408193364741
0.194738177184419 -0.138060788856329 -0.568890545982307 0.45915542870548
-0.0131029494607947 -0.109516694113656 -0.0457863307392846 0.589436665275167
-0.188073603485538 -0.114113271005626 0.175701015627288 0.372541659412091
-0.17301465129682 -0.106758951411258 0.0749931467790189 0.00595492292770276
-0.130917281879212 -0.0372355891310527 -0.0114590617418936 0.0448235036011411
-0.186955382299361 -0.062120228260005 -0.197702041690113 -0.129863547578948
-0.121951020829917 -0.0728565567954539 -0.265219796011368 -0.297090897340499
0.00499752221217026 -0.152866422748163 0.0918504009671516 -0.546376383720043
0.182666768612328 -0.163479652569063 0.595481831771486 -0.51010338312896
0.282123500075008 0.0216478185744477 0.794782976212692 0.0313898860210274
0.181434476542035 0.233382337261477 0.404776860795539 0.435663957523186
0.00580926030263933 0.302104122523697 0.0880334116424683 0.209495125521236
0.00353738297713564 0.305876741299458 -0.00721699240564318 -0.30372409645457
0.131649896070654 0.264619579616686 -0.304658878918105 -0.690617448747477
0.247940870838455 0.0800719374591048 -0.779760228796262 -0.415717247206894
0.19880201872617 -0.107278938098121 -0.700694534544158 0.31110653169116
0.024324479423769 -0.116228021636901 -0.166595341023931 0.629991225252628
-0.148149984393828 -0.120195294575539 0.133532115893509 0.471521213394719
-0.156799118785092 -0.102920775650569 0.106722084972864 0.0669799145759575
-0.0931425148812418 -0.0175396532386125 0.0175002561510958 0.0702028908250528
-0.130306448525651 -0.0466938436770344 -0.18554439888548 -0.11237082137572
-0.10410119121106 -0.0636297254392883 -0.300386924439149 -0.235568454445898
-0.039189090513092 -0.11418106182678 0.00956872493708036 -0.497002806819217
0.0936508408999247 -0.125494775332827 0.533322450790853 -0.556412976060844
0.198836900721155 0.00211160340918428 0.830731841399474 -0.0663903022808593
0.140073584998008 0.159672631377267 0.491183172978304 0.453907209964621
0.00311565397673126 0.205060645665948 0.107129941869608 0.317733853888007
-0.0173108403062579 0.208509520674148 0.0166103962818135 -0.191552625956176
0.0589635215892494 0.205141588469898 -0.187702147696941 -0.670229205419084
0.156251608797603 0.0908438613839099 -0.706803311724629 -0.552840796594174
0.139312384447645 -0.0684519000653777 -0.773319798189144 0.183017822815137
0.0229747333316911 -0.0973967716464288 -0.25807052360143 0.644206903172938
-0.103982137449029 -0.100703661663619 0.0964968828488478 0.542661088506664
-0.121272553427997 -0.0794242618043522 0.132938024857437 0.118055497352853
-0.0399094569171721 0.00440518547182638 0.0415464696928993 0.0888857800719668
-0.0516396090162608 -0.0234840877258077 -0.170324583622676 -0.110184365208436
-0.05150654288041 -0.0526738091205094 -0.3096587726722 -0.217385003145294
-0.0502699465640002 -0.0765680735921898 -0.0260198342973743 -0.471871501567104
0.0133646319630477 -0.0691629575238406 0.506369436664495 -0.55553910255544
0.0898348787363584 0.00791921711573617 0.848816713177235 -0.0910515943891869
0.0619340098531327 0.0806420544974424 0.537144671924829 0.478165762965079
-0.00036460148943002 0.0772958683232623 0.11794837728781 0.377200731491159
-0.00480670823054086 0.0705924742741703 0.0218784579901834 -0.128131278845953
0.0158235191127374 0.0874817348409635 -0.143965179936494 -0.636704580555426
0.0542713192069643 0.0470264380432967 -0.670884139478928 -0.588306446255755
0.0345853834931041 -0.0368446122622915 -0.797342757358058 0.139991356220689
-0.0150014274734954 -0.0624280828085085 -0.295011414778762 0.656063779675811
-0.064239592088023 -0.0594983865950801 0.0780983083877717 0.578319896111917
-0.0709890410407677 -0.0407393166723996 0.14947992500605 0.145439247339054
0.019253000838896 0.0285937974202259 0.0537419022592867 0.0979815935826764
0.033410424907222 0.00627698828573721 -0.15733275410359 -0.119668292836164
0.0116206854866464 -0.0360405168154978 -0.295082294121226 -0.240209495747653
-0.0492814397697648 -0.03547655237129 -0.00523354659749548 -0.477282720700607
-0.061264658381956 -0.00872072150476909 0.530824368276061 -0.521119518799282
-0.0272439846092302 0.0160359869661317 0.852974633141426 -0.0364728781850451
-0.0280292854035661 -0.00808056714798217 0.527271603846342 0.510620831047277
-0.00563783116088223 -0.0637071555399197 0.119940259565193 0.379934286575724
0.0126209553457275 -0.0763518008117088 0.0254752308995828 -0.125542579012715
-0.0225850817254378 -0.0426631387801065 -0.167514116044041 -0.611961871646772
-0.0552205646336971 -0.00711139157457816 -0.694821015928461 -0.527310779353615
-0.0891055637706125 -0.00302751378736432 -0.774979321198906 0.197355462869158
-0.0618084300976212 -0.0161469859510768 -0.266193297296297 0.67543354499444
-0.0217732085630439 -0.00659885167180313 0.0858871849249025 0.569725230684094
-0.0121844024855098 0.00533384863077844 0.152134868977995 0.142259044540646
0.0754455405018649 0.0554834389003126 0.0520664038358055 0.0979664675250223
0.106887831624454 0.0410519019697594 -0.147832183883276 -0.139154047729734
0.056141576719443 -0.00712262301568206 -0.255783186310229 -0.295271296915232
-0.0643824491123936 0.0151425296556168 0.0659409796778817 -0.499143113840694
-0.138605339224707 0.0377096255765262 0.591005180195995 -0.440676661665953
-0.136317628387789 -0.00230803254010365 0.830028748578618 0.0883072617906931
-0.100386664730969 -0.109812454595274 0.462256439269661 0.543854808996705
-0.0117806985371693 -0.196136771912992 0.112663969990656 0.3258662696674
0.00459759493535938 -0.200044546705003 0.020275326077088 -0.181298291710701
-0.0909976878005389 -0.136729481017074 -0.259476547963228 -0.588602335102416
-0.17156316279379 -0.0226337461212196 -0.754998723468559 -0.370339210204061
-0.193657794586807 0.0511527194966498 -0.69445519093101 0.342910721693688
-0.0849456100684485 0.0328801830303399 -0.170370321022769 0.685752178755711
0.0331756325644437 0.0448065308231951 0.117895864739507 0.515510224198566
0.0471822776690909 0.0477833893861857 0.143107870773295 0.107926366145013
0.120041210881294 0.0836594759342672 0.036839734272397 0.0840901889876906
0.150205357941223 0.0775767678327232 -0.139133261666983 -0.178015264537046
0.0618078390385853 0.0306841141656949 -0.193333049247213 -0.377115175685814
-0.110090214257832 0.0669029210127578 0.181076674117236 -0.509383805477076
-0.216566672732293 0.0503981137521872 0.668484772345802 -0.297776494407599
-0.215619979272021 -0.0619185127653684 0.764880985453119 0.261814248492174
-0.13066909240794 -0.217756033391397 0.359327771777699 0.551767583555282
-0.0186918143718488 -0.298973103732731 0.0973029590004226 0.222698183231571
-0.042252957219157 -0.276809081248444 -0.0146363531669631 -0.272470492716759
-0.188493587943022 -0.16084512262534 -0.405249119298977 -0.528111190361625
-0.269027441906591 0.0189449222715259 -0.798300370650758 -0.13213982447892
-0.240472684425762 0.115231388240746 -0.556039043115328 0.503452431801349
-0.0614001178631649 0.0710955116645807 -0.0417858118831939 0.656776538387606
0.0987943645852289 0.08269329037113 0.161713069853239 0.422370842850342
0.100533806808902 0.0774825546458892 0.120668830029836 0.0513906238923518
0.145230805177393 0.107960783192767 0.00897456986384355 0.0527954840083232
0.15272329726897 0.110397953319068 -0.128290744779136 -0.238961624469091
0.0258923309859077 0.0701822884672166 -0.108038386510754 -0.467675212995609
-0.17339769785406 0.0987832274032444 0.32212639223864 -0.478078791172273
-0.26888131628541 0.0158206287154573 0.731611996069059 -0.091781735664473
-0.238435928932514 -0.152781833149527 0.652470980986091 0.440930718463506
-0.110601814461107 -0.3048357006004 0.243678838460116 0.518096507681992
-0.0242571207865596 -0.357888644070168 0.0773778821239629 0.0850566057200889
-0.105606418739575 -0.292743902332009 -0.0912474926343587 -0.364855150579587
-0.270800735024105 -0.121913378375003 -0.564896865894691 -0.414928780211153
-0.31256231536815 0.0855791020950222 -0.790082570784133 0.131879717012914
-0.215460699421493 0.156891617258068 -0.385128680765305 0.612411184267456
0.00220525020423844 0.0893650937275443 0.083874956488481 0.573152162836277
0.158535056187084 0.100428819445042 0.197807271984459 0.307758328728932
0.135026498582536 0.0883912371857924 0.0891358674637356 -0.0107757942822052
-0.150486615841971 -0.050065891101761 -0.0443178720383345 0.00735868173337368
-0.208143535569084 -0.067537934752843 -0.205139907881367 -0.174866393751785
-0.096379567380945 -0.0852459041882225 -0.211288141162936 -0.40182965006277
0.0746694311361402 -0.190188917162266 0.204419179022844 -0.592794299029608
0.260905824700311 -0.16920048531001 0.672713320191043 -0.403969096086222
0.316205759773499 0.0709363373636846 0.733278531207978 0.169945113557629
0.173784745703018 0.293341756532053 0.298622993723546 0.40600981898665
0.0111506957923002 0.35288450508823 0.0636889789914531 0.0694989924602805
0.0590511569804929 0.337925957758926 -0.0739353435808564 -0.428576930534466
0.217802521195385 0.239528465012778 -0.484405231772567 -0.645561051416972
0.30040229804603 0.0107861185656957 -0.842946586218647 -0.17621106572271
0.192972534355434 -0.141333377116915 -0.561862316751397 0.471129152294492
-0.0153890460797078 -0.109286369988188 -0.0371775273126666 0.590621096335655
-0.191447918198981 -0.110519429650368 0.183184925586415 0.370414858362737
-0.174984178760108 -0.104433911241048 0.0753162582626434 0.0051283337037699
-0.131481414397557 -0.0359284722123778 -0.0113233131322401 0.0447832973027868
-0.188136897402021 -0.0588405138631871 -0.201025343566658 -0.126966107615145
-0.123830806464852 -0.0712001503190631 -0.270869893435186 -0.293873089111355
0.00199790964906403 -0.15364050876652 0.0825617798125675 -0.549496462259559
0.18105078003019 -0.168057122331362 0.589429346888961 -0.519213739251937
0.282381860682786 0.0168971241263489 0.797639279987178 0.0204071339089483
0.184740892548751 0.231924745553694 0.41046998990764 0.430610095263082
0.0100140619579939 0.303046409747066 0.0905927678668647 0.208655790794735
0.00770045806486412 0.306756425515129 -0.0119592098572567 -0.303503139316049
0.136434032817805 0.263301722847168 -0.315475142270573 -0.688659429844783
0.250496525754232 0.0770479218176063 -0.788036062767506 -0.404317778320313
0.197138351340063 -0.110081982451665 -0.697625514100507 0.321031495524238
0.0219791427536023 -0.116967422387561 -0.155875659454486 0.634279667192419
-0.151037870402306 -0.118017389119047 0.142478930365863 0.471175594489323
-0.158573349850656 -0.101118379626403 0.108510027728812 0.0658557462908207
-0.0938333728094348 -0.0167579530388927 0.0187194171572519 0.0699485418919589
-0.132130073479989 -0.0440289914316268 -0.188327459873593 -0.109506083051487
-0.10524361512911 -0.0622186484536838 -0.305012579240848 -0.229727339444478
-0.0414273670403181 -0.114038863925826 0.00144622800312479 -0.498064678722282
0.0923885315568332 -0.127476592235177 0.525679600070896 -0.565075310313165
0.198554370400735 -0.00114861395562304 0.832553620663114 -0.0802046328553591
0.14231805698677 0.157822434621854 0.499258525342746 0.447959878806067
0.00604127015896526 0.206147624369297 0.112027442820293 0.316398429324997
-0.0148492379773975 0.208923518088989 0.0132612229665299 -0.191275891783961
0.0627677357617073 0.204608858534905 -0.198697043164789 -0.669208302687979
0.158272842476221 0.0893407678285113 -0.718556367000022 -0.543264674624242
0.138577165969633 -0.0707438629221656 -0.773233366286345 0.193912943480265
0.0211964832716575 -0.0986141758892966 -0.247314069223758 0.650694849362635
-0.106347353661487 -0.0998424380100581 0.105453151300453 0.543604736409808
-0.1222848085807 -0.0776240556966798 0.13607700738599 0.116680659657989
-0.0396581264270103 0.00491653686725803 0.0429142027871304 0.0887087450419506
-0.0520554307336198 -0.022824371246303 -0.173823472161147 -0.108036421701589
-0.0526763643594161 -0.052113148988484 -0.31449189183879 -0.211390270529611
-0.0519819184346918 -0.0769647289773121 -0.0334896297770836 -0.472706714370609
0.0130634557610515 -0.0693633374927619 0.499240831983319 -0.566728958416214
0.0895454440168324 0.00707352870863538 0.851487782193207 -0.103458028543527
0.0629819992041 0.079783146509163 0.54643141583523 0.469819521448167
-1.41490171512281E-05 0.0774522907927049 0.124664018823798 0.376877542728679
-0.00459214622720613 0.0702369439228522 0.020045025069753 -0.128594181592037
0.0175067083580934 0.0869219703014634 -0.153372555901982 -0.63468799940895
0.0558242271876061 0.0473340327631772 -0.682846315202707 -0.581022903796422
0.0332652455810397 -0.0375174353577403 -0.798348857559836 0.154097584161082
-0.0160693920815343 -0.0620868278118069 -0.28417841594694 0.662594093263725
-0.0663091317759286 -0.0588187606287199 0.0882382844995999 0.57945623086141
-0.0716646048919166 -0.0390666631283985 0.153056127105954 0.1429429070205
0.0199314916617855 0.0288772262840703 0.0553305671309486 0.098048247295196
0.0329940368596338 0.00615056995819995 -0.160978402629479 -0.117423848937168
0.0109342509194566 -0.0359937807354697 -0.300778191957694 -0.2355920341116
-0.0503706378203884 -0.03474929422304 -0.0134805222061915 -0.478066515998146
-0.0613100504936219 -0.00764899312437099 0.520286451730799 -0.52953844728945
-0.0272746787397522 0.016764651320785 0.853988438709544 -0.0497559400851895
-0.0289315819998409 -0.00757861737286685 0.53517455982574 0.504026401752327
-0.00673305063341548 -0.0644251647974694 0.126377139314626 0.380375278950064
0.0113477919849681 -0.0774864497397774 0.0238908939514073 -0.12582295831568
-0.0232011791912542 -0.0426035927778758 -0.176845172175977 -0.610735972508419
-0.0553581336161117 -0.00580689075284705 -0.704392499910066 -0.52125141720949
-0.0896296215157852 -0.000922100662943265 -0.772471901867139 0.210565859739219
-0.0623532732115606 -0.0155261623303445 -0.255324592015602 0.680664889918646
-0.0226887629547719 -0.00666670523666163 0.0964816166147392 0.571743413252131
-0.0123813914892304 0.00596327715047211 0.156078156463746 0.140463638196555
0.0760672411488396 0.054760970349126 0.0540295629534189 0.0973867902892618
0.107831628098091 0.0398673771956362 -0.151543938260417 -0.137488258856732
0.0566889373938845 -0.00885205573764428 -0.262962637926985 -0.29104251508176
-0.0648506623074073 0.0158796014250755 0.0596147185120507 -0.502271816085613
-0.138339768638914 0.0399538001108999 0.586169034347607 -0.450442425560445
-0.137763066824304 0.00088750988463489 0.832092137427048 0.0780351722132041
-0.102805199146909 -0.10872388317253 0.471494743457998 0.536251271422823
-0.0150631427178286 -0.196416543135568 0.118088223032266 0.324542924530527
0.00121755478710258 -0.201284266534183 0.0175982912044565 -0.182085387002367
-0.0932125522050948 -0.136143243043358 -0.269743244253679 -0.584602685948269
-0.172068303853371 -0.0199066171447821 -0.761362109557434 -0.360430120628935
-0.193900376184322 0.0545984150486015 -0.691403076099456 0.354954834553683
-0.0850120888546935 0.0339463029430085 -0.159473032758073 0.69070372095312
0.0341081746227144 0.0447702799735762 0.128106325975055 0.515303436385597
0.0483742018727902 0.0479235537368849 0.145629156903005 0.105972304920415
0.121158772417938 0.0819917330996957 0.0383432640794899 0.0837784927874878
0.1521661076074 0.0760795922338666 -0.143338308714803 -0.17625530607836
0.062725276237537 0.0296882373491405 -0.200441359846572 -0.373701089644891
-0.109402986159202 0.0692577938990181 0.173241218252451 -0.513483628763948
-0.215639049403571 0.0545745691305005 0.666572319165296 -0.308193011010481
-0.217938924085915 -0.0591967487543675 0.770985472115225 0.251098205857362
-0.13368818196074 -0.215910252543844 0.369496972280698 0.546515935391035
-0.0227975961913034 -0.300016114757697 0.10107387994436 0.221550468386579
-0.0454679346347139 -0.277554718167748 -0.0190386826064801 -0.273145193238804
-0.190856468709868 -0.158734828227598 -0.413338135324533 -0.5234785819272
-0.269175511978162 0.0235602690344865 -0.805280332226304 -0.122259447794904
-0.239770342607325 0.120024746028895 -0.548694524533953 0.513526364855038
-0.060070211889252 0.0725483504705686 -0.0311982183484715 0.66093576773722
0.100271531525843 0.080518972147385 0.16975762211504 0.421303912850832
0.101746230838859 0.0768397499977873 0.122180296811046 0.0501537887264984
0.147442862282722 0.105676665909269 0.00945025736236246 0.0529566764425512
0.15550632840245 0.108305177015198 -0.133741324580588 -0.238068752012902
0.0273457415903659 0.0693817930596219 -0.116163587599299 -0.465690645388816
-0.17201652187662 0.101862294971153 0.313985153231844 -0.484139319678083
-0.26901168556512 0.0205904021480846 0.730902584854325 -0.104113202957285
-0.241837134168178 -0.150175474902782 0.660532583669834 0.430615871987259
-0.115397232787876 -0.303818930949345 0.250229909238163 0.515976932792932
-0.0298730765448434 -0.358816221636958 0.0791806447586454 0.0843564862652559
-0.110182765114293 -0.291891607345106 -0.095688895002943 -0.364553722083563
-0.273110575894237 -0.118179781945 -0.571653287804617 -0.407168705895252
-0.31224772517266 0.0908819216191354 -0.789504309126076 0.143078639215899
-0.21376366850544 0.161451041830432 -0.376971174252712 0.61887542585762
0.00332934793762125 0.0894188107753537 0.092496542463788 0.571367162483053
0.159967088146326 0.0982950963018067 0.204320741150192 0.305002089426534
0.136095470716191 0.0870056768702064 0.0892457146642954 -0.0116155505786279
-0.151225240119158 -0.0490225083339616 -0.0446183335701666 0.0091536798155121
-0.210608384365245 -0.0642239264208556 -0.210145377016656 -0.17145983290558
-0.0969541694318732 -0.0827621562769307 -0.218387734526079 -0.39878137617476
0.0716187243464518 -0.191737377859785 0.193504273854961 -0.595748404489206
0.259731150106251 -0.173499676186411 0.666442492294392 -0.413169526804048
0.316971831005689 0.0649588906734588 0.73490080290038 0.158512314234885
0.177898926610959 0.292582940647422 0.304046179820671 0.402508511194481
0.0166953607710231 0.351697544564654 0.0634697254728218 0.0680066259812206
0.0622952290996931 0.337005520381236 -0.0805785597808956 -0.428061846833947
0.221681231114526 0.236324347593724 -0.495178833602943 -0.639435959323607
0.300094079789313 0.00745685089650523 -0.8449599856465 -0.165424950887173
0.191310904396066 -0.143945345225125 -0.553666194842888 0.480375003408967
-0.0179243892459108 -0.108489267517245 -0.0264765663330915 0.59425833786426
-0.193733765160531 -0.109665903183009 0.191101458874162 0.368370215030859
-0.175944027569201 -0.101216970413412 0.0760319316422043 0.00310422116321268
-0.133343726017967 -0.0351144729296607 -0.0127009308699145 0.0453026615070923
-0.18992924044076 -0.0569324240877471 -0.204371866833107 -0.125165953853989
-0.125202225698331 -0.0679934550209859 -0.277307647688925 -0.28780157619349
-0.00138307537429173 -0.152846481763857 0.0760515164789617 -0.551769619415542
0.177730715179193 -0.170741098831318 0.582434943476327 -0.526193042987432
0.283864081710401 0.0133205870602492 0.796326311682818 0.0078628523551182
0.188167470750593 0.227975054336087 0.418175381973013 0.426338192706738
0.0148442293032484 0.303215555525586 0.0937910222171987 0.209607867091441
0.00989662975186669 0.307058000626969 -0.0156028910218083 -0.303024296740321
0.13968588557818 0.262417821670131 -0.328389887965462 -0.684496044730042
0.251933098983362 0.0716465373687828 -0.794544597192702 -0.394387739440738
0.1943347974269 -0.113626319700944 -0.692110712674131 0.333442707108555
0.0208936213008449 -0.116440107657824 -0.145155656256761 0.63550489645752
-0.15387280864051 -0.116338878576193 0.150652704601543 0.469132102987925
-0.161014884928586 -0.0995096039271702 0.110914834156819 0.0633756266978509
-0.0937436802264543 -0.0148602407119272 0.0203057169099007 0.0705287071500356
-0.133681250932845 -0.0416390976640292 -0.190124191406144 -0.10691961737366
-0.106049603909067 -0.0599742352850172 -0.309040029486131 -0.224915885043248
-0.0428492245935583 -0.112781380524943 -0.00669881523428276 -0.498907576770027
0.0904063569646509 -0.128282472657311 0.516178480919353 -0.574076930867664
0.198551588470052 -0.00472850229150306 0.829673219845652 -0.0922117765923115
0.145800574872212 0.155197854881444 0.505047542949004 0.44062046135182
0.00943284120263843 0.205481228624422 0.115619801691181 0.315789488015072
-0.0128737320544845 0.207930010788935 0.0114556883997904 -0.192398929324737
0.0659112740393366 0.203192559951918 -0.211425808070038 -0.665939385209532
0.159263921059297 0.0862359962334919 -0.725992211693312 -0.533439312822761
0.137687413011843 -0.0725448353635866 -0.771999422966358 0.207567924091134
0.0197435579326279 -0.0976994623440016 -0.238108198935804 0.655256247425876
-0.109286072460936 -0.0982069940869301 0.117069135285682 0.542329829615278
-0.124186214861661 -0.0743565125414884 0.138865782371205 0.114678049431544
-0.0391992990123488 0.00638239468587621 0.0435460428808854 0.0875786286415705
-0.053975551285025 -0.0208492634287555 -0.176578581709962 -0.105812489428142
-0.0528241320279325 -0.0518676486333228 -0.318375229714649 -0.207046025997684
-0.0525751418353119 -0.0759571083620497 -0.0413324156730104 -0.471541845473085
0.0127105993292459 -0.0692415639869633 0.490005976972051 -0.572461035264333
0.0905075233144376 0.00549372464788355 0.84685671630808 -0.116995562349068
0.0631144034715591 0.0787182958787655 0.552450483173103 0.461278023280147
6.11170246007323E-05 0.078024476476866 0.130478614238254 0.375416970268056
-0.00450790560684781 0.070126777172928 0.0180947344605245 -0.127929665237365
0.0196448085520205 0.0864049289109987 -0.162171781767963 -0.633249871495646
0.0561100569041664 0.0464022745763594 -0.69496233011483 -0.569759888252595
0.0321729934606796 -0.0368460877661612 -0.794185527683959 0.164848451563405
-0.0161782389846094 -0.0626300588779122 -0.275262508691622 0.668847317973505
-0.0664300372380402 -0.0584511569714709 0.0999131741044341 0.579129302150277
-0.0724203930240953 -0.0391353319761177 0.156805475321325 0.141314091037445
0.0200858370735797 0.0281006047761395 0.0569015380829264 0.0963428496285023
0.032610122950497 0.00600601720303547 -0.163039614663224 -0.115659768965395
0.010706121750632 -0.0368782364908304 -0.30411485717554 -0.229742413977507
-0.0523856183768576 -0.0333729870379225 -0.0204358116547525 -0.477681253630218
-0.0605673888029157 -0.00697534160519264 0.514265624638922 -0.537091459642377
-0.0268115962444757 0.0170546033090675 0.850826389372373 -0.0628247257551285
-0.028731375714549 -0.00680387665736797 0.540847363254242 0.496063398443994
-0.0073271500951238 -0.0636607154487835 0.133647916210502 0.378772803551901
0.00966029092933461 -0.0780601960154573 0.021581859334049 -0.127311484989582
-0.022873384259861 -0.0427817713466557 -0.186519724860424 -0.608200312910053
-0.0556320158782475 -0.00531066994107141 -0.712531237974252 -0.510132139403102
-0.0907170979423673 -0.000202850283412076 -0.770951139365425 0.221323601640902
-0.0624147953049277 -0.0149648244339727 -0.245017854484572 0.684307606660096
-0.0228569656483291 -0.00708148072075876 0.106746275777759 0.570561770137762
-0.0116070749518741 0.00766888475620464 0.158470118747251 0.136929381013573
0.0763249871847493 0.0546501555518691 0.0561725911843963 0.0956678938511939
0.108232112723114 0.0396508557762713 -0.154627283175256 -0.135240943526764
0.0571883070555552 -0.00872695343412575 -0.266133579328919 -0.286004755952775
-0.0650644392153325 0.0158768452596706 0.0499473770891315 -0.503309185857768
-0.138116517518999 0.043226350004769 0.579677355796858 -0.458561533775198
-0.137970341922245 0.0031977483516022 0.833823371414085 0.0646005826249614
-0.104927804808215 -0.108504307264098 0.480224273981444 0.52932564626167
-0.0180750683017803 -0.19605702727446 0.122901491085204 0.32379690043508
-0.00190753707928473 -0.202225217485861 0.014996862206858 -0.18324606284186
-0.0957756359650577 -0.135136024038078 -0.277940569555298 -0.582259012224427
-0.172772564835636 -0.0174426843531844 -0.767326773151701 -0.349393834934595
-0.193639005759861 0.0587173794533068 -0.688682539335682 0.362557580976667
-0.0851786123286993 0.0356841469098034 -0.148343308785213 0.692387346555677
0.0353050129377548 0.0435610263155935 0.137987244175847 0.514069320627472
0.048691641142204 0.0483111495515526 0.148461581311826 0.103288841992993
0.122599368696441 0.0797197794423566 0.0381855329217422 0.0826655537878025
0.1539863271104 0.0729091952984037 -0.148653973769814 -0.174807120297577
0.0637951320144575 0.0283176100471061 -0.207388031706389 -0.370259119022232
-0.108874911289293 0.0719756482589501 0.164010395522031 -0.516957591485433
-0.214210926393993 0.057397567237678 0.66216348282749 -0.318698250677301
-0.218306581853823 -0.0557361170206163 0.775513851727264 0.239319097560267
-0.138954151844119 -0.213858787543188 0.37746098159828 0.540148452848222
-0.0273257012883509 -0.299096596581227 0.10454871626325 0.218575601742235
-0.0500518114481004 -0.276264316279855 -0.0225999970370421 -0.273978473185465
-0.192475846805214 -0.156782879352661 -0.422383852089306 -0.516885439596133
-0.269950497008517 0.0270791091600438 -0.80592773531799 -0.108003648741486
-0.238716577921172 0.1249261708572 -0.54193534165571 0.521698967068187
-0.0591465631924044 0.0726533499690019 -0.021939834077075 0.661780699997823
0.102592208571326 0.0792222084712201 0.178439790901544 0.419814062938357
0.10350264606694 0.0757850637335543 0.122873238209105 0.0474958770241204
0.147489069360541 0.102874926831899 0.0114101985166179 0.0530950142368274
0.158423072042745 0.107255140992368 -0.138416448802836 -0.235747176978211
0.030031990396497 0.0696885090435635 -0.124557226055886 -0.462006929309129
-0.171457319162395 0.103769076474906 0.306049627573758 -0.487894328578189
-0.269521728644082 0.0251162057673494 0.729286965421838 -0.115675675056879
-0.243922668732479 -0.146869088254685 0.668535563882188 0.42261163576631
-0.120080887539862 -0.302538905652247 0.258387742451421 0.510600188861916
-0.0364674340044196 -0.358877558799157 0.0797980569258665 0.0822310294455485
-0.115111415119174 -0.29194050384718 -0.100969937255265 -0.363422985801152
-0.274578465376812 -0.114649714510747 -0.578192094988981 -0.398119418638313
-0.311488792267626 0.0953395943923002 -0.787407997191007 0.156914868645852
-0.212549325145272 0.164396716955991 -0.367770266406658 0.625367374339199
0.00574931478324749 0.0883468529368541 0.103652904740768 0.571303128586673
0.162797840318372 0.0956726693488428 0.21070705632327 0.301483713368115
0.138132755569005 0.0860938334744127 0.0889701598016733 -0.0129483096854752
-0.151337446339127 -0.0458470806879805 -0.0454943494694322 0.00922153436344748
-0.210113889702538 -0.0601582697457651 -0.212288969739959 -0.167920579069307
-0.0991085595241182 -0.0816856975606902 -0.223102065843415 -0.39304365880883
0.0679903373948759 -0.191857473626533 0.185910827560427 -0.59824433752381
0.256204234658858 -0.178511283296319 0.660599636472106 -0.422642001537294
0.318368779037684 0.0614240643158643 0.737597392373809 0.147720720617943
0.181729170351913 0.287367825938875 0.309089617974114 0.395703842106612
0.0206438943390894 0.35134172520238 0.0652825450391212 0.0678660366848317
0.0678120548849957 0.335994053246521 -0.08731086138023 -0.424459054957895
0.224744277041127 0.232029936586401 -0.503940434589703 -0.632004073082771
0.30006075834548 0.00223511960259983 -0.846469549322609 -0.151312517734451
0.18833963946758 -0.147142483718646 -0.547345089641013 0.487295460634102
-0.0191146724625557 -0.109133737314612 -0.0170904762270326 0.592510353453481
-0.19581536955703 -0.104663225740865 0.19664305595154 0.364813203545771
-0.178482430138568 -0.0994798173560208 0.0763557973575174 0.00315508454141433
-0.132452355608592 -0.0325640764633972 -0.010925872155082 0.0452678461620744
-0.190810800742885 -0.0522412248218726 -0.20666979416906 -0.120920839539721
-0.126244464329508 -0.0672929600590446 -0.280429307999043 -0.282546099582172
-0.00397387974873111 -0.15402286675121 0.0657673825719481 -0.551474767045376
0.17672457970539 -0.17443472484119 0.573038477889562 -0.535637488417183
0.282867219674325 0.00792001766691374 0.797226755856715 -0.00553851495637043
0.190251325048157 0.225452959344072 0.421874543984721 0.417745620430062
0.0182130624498987 0.302632931036193 0.0967264573455931 0.20612174960238
0.0154961381719534 0.306003243437051 -0.0211054955892888 -0.302821900989396
0.143085515123961 0.257996708328466 -0.33714051941367 -0.676799553968844
0.252585854877143 0.0692652465168466 -0.798829294575113 -0.382083351827262
0.193266050946776 -0.115868256486835 -0.687137219623021 0.341653382554492
0.0176987642646553 -0.117291804948341 -0.135673944933095 0.640336970231513
-0.155559934780295 -0.112937341835818 0.159713423070997 0.466103956926859
-0.162189755712686 -0.0961046183229441 0.111557000926565 0.0624264527739411
-0.0939788537021806 -0.0139694447750632 0.0198888416263157 0.0694139552605075
-0.133711212887527 -0.0393526188077007 -0.193613156238973 -0.104149715883951
-0.107788259966248 -0.0585291301159688 -0.312898873128361 -0.218532959008438
-0.0458174806582868 -0.113005659304641 -0.0130126184893039 -0.497162354531663
0.0886854671976188 -0.130738523094372 0.508377883737141 -0.581632970605946
0.198829865420618 -0.0073446352705945 0.828527652147128 -0.106016892958078
0.146023041698121 0.153310048759051 0.509728019331937 0.431728291896573
0.0109826860248251 0.205651042198784 0.120494298132883 0.313657330033954
-0.0102086124273988 0.208268408044594 0.00749318650756668 -0.190835313487216
0.0682964312905604 0.201456719888372 -0.219839664682297 -0.660674962417326
0.161389151129762 0.0845610869513609 -0.731605123909959 -0.523249958750643
0.13569366598795 -0.0734162080860674 -0.767101532530651 0.217528987907672
0.0172931120211572 -0.098999449707379 -0.227395624026472 0.658390594313421
-0.110403628990009 -0.0963330122707464 0.125172623441498 0.540227531069309
-0.124730398615811 -0.0733767939954798 0.14120820886671 0.112128239241882
-0.0398976495438403 0.00608566823101099 0.0446710970505322 0.0881052333054713
-0.0536381009344661 -0.0199760822919318 -0.178398767124817 -0.103337051191172
-0.0546303119910351 -0.0508952171503615 -0.322775035446272 -0.200587937415263
-0.0548658714017408 -0.0748238853553248 -0.0489480136287512 -0.470596614731043
0.0120541143877204 -0.0700148627574833 0.481307005311428 -0.579359915432689
0.0899409666229005 0.00406943382564131 0.843910781835796 -0.131287440878497
0.0649604341677223 0.0774066631796329 0.557017183050626 0.451825252183524
0.00200816496343008 0.0769486488606771 0.135128434246072 0.372556245335752
-0.00285055154671326 0.0705003495732891 0.0154268648364576 -0.128048613785861
0.0206835249707648 0.0855512221842541 -0.1723038639524 -0.629456198402749
0.0567206817881797 0.0455833913741911 -0.700019801624822 -0.560210936917483
0.0314869334913329 -0.0376926489927683 -0.792332510944051 0.177510430050796
-0.0181000939440192 -0.0622540886731123 -0.264005918822776 0.672230110265731
-0.0681673187125443 -0.0570728361198146 0.108115078298321 0.577408324973136
-0.0724775133802525 -0.0361856961802182 0.158572536936595 0.138116036737468
0.0198326627203204 0.0285467274725011 0.0580002944850874 0.0958984356770628
0.0330753928507106 0.00591798567417291 -0.165681924007327 -0.113651165762293
0.0100142966992122 -0.0366241603861157 -0.309157036068395 -0.223687073590981
-0.0519390825867208 -0.0337903122628135 -0.0285314536126862 -0.477153365461666
-0.0605201672495027 -0.005526346016916 0.50672260798844 -0.545414431898514
-0.0270244826971433 0.0177261248190673 0.85040972421715 -0.0758799016680866
-0.029103876227952 -0.00644642746551606 0.547210967982529 0.48638810067162
-0.00912504679779571 -0.0645833444922569 0.138032836539989 0.376014806975839
0.00914134760301402 -0.0776502854217281 0.0184593452945761 -0.125820340245418
-0.0240771954977317 -0.0432854115245187 -0.195781707365041 -0.606434457328507
-0.0555923192191369 -0.00329280985500221 -0.720861199422388 -0.497957355456537
-0.090131295879228 0.00307995753142373 -0.765360004865112 0.233205223613676
-0.0630644983832635 -0.0135659289302679 -0.234501764217952 0.688856463174302
-0.0232282121474354 -0.00613538162896484 0.115993292172966 0.569413960854862
-0.0115127592407946 0.0072698530754162 0.161738422817791 0.134710897770218
0.0774547152570969 0.0534139095973626 0.0569431482354949 0.0959199631836333
0.109185486384844 0.0376416676603344 -0.156947586702926 -0.134352858468994
0.0563548994199903 -0.0100400154860652 -0.272403965348284 -0.281546660116146
-0.0648843301595447 0.0180175851628923 0.0427191004873157 -0.502815242501695
-0.136124959239043 0.0450183195752605 0.572272913926271 -0.46741086255332
-0.137417478627652 0.00502074019917771 0.832980631104775 0.0507495448613981
-0.105919814097572 -0.105725259926195 0.485419565067672 0.519992572525078
-0.0212533999934555 -0.196062398296601 0.128255394415517 0.320723591727201
-0.00499481149167206 -0.202322661079872 0.0115712697843964 -0.182339238141828
-0.0968546347995598 -0.133641392029236 -0.287098975519176 -0.577449882939108
-0.172290729317447 -0.0140147117283339 -0.77301604214022 -0.338069337750698
-0.192695245304253 0.0615112780789124 -0.680904066855168 0.375406244394309
-0.084292466799633 0.0365392076292146 -0.13786984447259 0.694925316682069
0.0345905451812995 0.0427853331458364 0.146480778031021 0.512927444068972
0.050008173470489 0.0476223466471938 0.150575555769801 0.101018113314868
0.123089290960907 0.0791279147140891 0.0411847802768403 0.0818814719793701
0.154828909107764 0.0723431175728079 -0.150153159511639 -0.172870487431699
0.0637615401943693 0.0275207754990166 -0.213840874057756 -0.364826973952799
-0.10747642181831 0.0729323046947392 0.157154804938995 -0.519099851632365
-0.213027427902805 0.0616977615282032 0.656617031298235 -0.3282914843578
-0.21935096371069 -0.0521869150243003 0.779136286664789 0.228287436984295
-0.141250076041312 -0.212159406893432 0.383276330205403 0.533076865160795
-0.0327233572949058 -0.299530706218109 0.108385664446313 0.218286757425665
-0.0539060124536633 -0.276039960543371 -0.0264532553909196 -0.272660542377774
-0.195330830071055 -0.153483528127181 -0.429570716630154 -0.510651084880817
-0.268800866897387 0.0331441581025228 -0.807465445278734 -0.0955689295033764
-0.236236749113276 0.128679432925542 -0.534222666007642 0.527696295618704
-0.0580196995149015 0.0737079955458738 -0.00966527875922349 0.659691933299066
0.103022588429731 0.0770231146287007 0.184690955144158 0.416628086349626
0.104031434523179 0.0745393199078773 0.125196166948151 0.0457814153837426
0.149943954969358 0.101087174283339 0.012113830895232 0.0515387508632455
0.160050416472087 0.104250754793754 -0.14200228734371 -0.233320080201964
0.030016840254784 0.0681117784645995 -0.131750749876663 -0.460161961047665
-0.169567578139619 0.107123621259035 0.299580575483509 -0.49213392983831
-0.267572973836976 0.0295258278742837 0.727742220762931 -0.124645062746146
-0.246510333227121 -0.142138575807556 0.672245494052449 0.411190277903533
-0.125195785368299 -0.300676621591257 0.264747719070827 0.506641957758271
-0.0414348973208607 -0.357627974432117 0.0812948554989753 0.0813494050866648
-0.117931958465626 -0.289821347846644 -0.106897373757094 -0.36164888257967
-0.275991555227443 -0.10937866469509 -0.581081263594756 -0.389334206351259
-0.308973135582611 0.101265803472385 -0.784886794548738 0.16870245535654
-0.209083367372846 0.169005132023791 -0.35595958363899 0.630300592936642
0.00636514897771846 0.0882604718797124 0.113673931452389 0.567128835548507
0.163444568770928 0.0928167279276747 0.215102520788749 0.299646022612586
0.1389638245194 0.0844272893023196 0.0897678969577704 -0.0149143049342869
-0.152070651666331 -0.0440354863144403 -0.0454932646499698 0.00995496982068279
-0.210910938580014 -0.0563364397457105 -0.214305105189898 -0.164589188203729
-0.100276006624775 -0.0804329752504608 -0.228493216790437 -0.387682978426237
0.0639197256380224 -0.19249682044498 0.175136872196954 -0.598932014564047
0.252564174350717 -0.182284120629152 0.651763352113134 -0.429754404997652
0.318138236586965 0.0559193873488887 0.736717906162473 0.136727739671985
0.185192968831913 0.284311367232111 0.312257674406489 0.390415672438706
0.0248604048871847 0.350359661620415 0.0651763497925142 0.0669406423917928
0.0715275968829976 0.334393338856632 -0.0924190396492023 -0.421857802186622
0.22698847456894 0.227609095709913 -0.512887221726496 -0.6227317340111
0.299950187187351 -0.00252540688578948 -0.848022275389288 -0.139639653427958
0.184965371713096 -0.150705527944556 -0.539333554536187 0.4959500386238
-0.021441440021242 -0.109067380692209 -0.00910109004033785 0.592108998742906
-0.197827771479814 -0.101178522899948 0.2024022673833 0.36023564735779
-0.178846523063413 -0.096699886724021 0.0762777309941047 0.00227139349016541
-0.132212307976639 -0.029945133869675 -0.0103149216973139 0.045832104846789
-0.191270091726021 -0.0482855793623963 -0.208636554359555 -0.117237873019374
-0.127187007042705 -0.0652222467433821 -0.283707061001795 -0.277598567436467
-0.0064374879922539 -0.152954935784089 0.0581244242861821 -0.551071535438343
0.173058299270528 -0.177238425349588 0.564254350851237 -0.542833139452647
0.281969936511148 0.00428476856781126 0.793435593346272 -0.0154679184323748
0.193058152536417 0.222309070516966 0.424794661635146 0.409464063068975
0.0223721096875539 0.301495037943157 0.0985526039154965 0.204605608947537
0.0181771190517782 0.305697119794732 -0.0255840555165623 -0.300534225796762
0.14685487070635 0.254474709821026 -0.346608346242903 -0.671693914505796
0.252806873888623 0.0655901165180594 -0.804116582709638 -0.369485454249184
0.190660270859586 -0.118731138365272 -0.680641654689536 0.350425504864038
0.0154726628665586 -0.117275707364994 -0.125951134790686 0.639669171349779
-0.157936755133149 -0.110127466875696 0.167380746782049 0.462599836079934
-0.163141232467178 -0.0931326510401607 0.112652349328132 0.0612070566264223
-0.0931909130350543 -0.0119928524344767 0.0209626649202481 0.069830637741431
-0.133863182294232 -0.0369494979896985 -0.194487010318471 -0.101475950071235
-0.108148302415458 -0.0573634962169967 -0.315390671584325 -0.213697405227028
-0.0476551430000213 -0.11182192493886 -0.0225149602024024 -0.49604013786021
0.086961804580124 -0.13192239330272 0.498822242054619 -0.58593030981491
0.19721079793364 -0.0104183109200362 0.823407607956213 -0.116651433554561
0.148033073994489 0.150066042437615 0.513693795706132 0.422621277970447
0.0131817396975166 0.20492682775888 0.124448966028887 0.31111708517504
-0.00769964532184967 0.209000884255334 0.00446097641500896 -0.190565204012684
0.0705030138598348 0.199609516017808 -0.227922833959471 -0.657202601369756
0.162013458397105 0.0825087510603579 -0.736809677561028 -0.510939806699748
0.133547490119971 -0.075204961333965 -0.76260262934498 0.228922767099754
0.0159461381471845 -0.0991448971874764 -0.216690111514686 0.659645571982851
-0.11250780623794 -0.0945781481607099 0.133263345218957 0.536725755559729
-0.125717094287652 -0.0708201163394791 0.143360748299306 0.110321132906874
-0.0391925681673955 0.00694606743402305 0.0459900653239581 0.0871758882362572
-0.0538585240634303 -0.0193847398395884 -0.180451845800205 -0.100423629180588
-0.0553072058904238 -0.0499771371311335 -0.32433284466837 -0.195147875904083
-0.0558691251344067 -0.0740902979303287 -0.0553233085258856 -0.468263490423483
0.01033075837701 -0.0699837009315922 0.472310509147035 -0.584588479223328
0.0894461688060635 0.00257587983257573 0.839103264437313 -0.141818913225139
0.0653637300433655 0.0764136831268303 0.560644516512732 0.441925221834019
0.00201630856067389 0.0769744585285319 0.140196479548587 0.369594284619694
-0.00245304799553249 0.0695300876303698 0.0133700013411199 -0.127800121154922
0.0215555847863631 0.084787339930108 -0.180667163196446 -0.626384809717508
0.0576664386024819 0.0449402363878971 -0.706647262108585 -0.549076751371611
0.0306586419496538 -0.0377948992516296 -0.789003381917595 0.186987535010908
-0.0187151448553167 -0.0614624458406106 -0.253230142213368 0.673953761644689
-0.0697353525626556 -0.0558928083419481 0.117845557316006 0.574113549530253
-0.0731575751794488 -0.0347706806982701 0.161320379759143 0.134471167190625
0.0200834970646833 0.0287581383450222 0.0595062871383279 0.0950787738422616
0.0328017007085337 0.00585949675198726 -0.167891419636981 -0.111043283152266
0.009033484671928 -0.0364988165303958 -0.311196947304139 -0.21801799981335
-0.0527104774238228 -0.0327796676805855 -0.0348280133612502 -0.475782219973804
-0.0600131749075596 -0.00461254004993028 0.49533200869278 -0.551586919663971
-0.0268143860245583 0.018007012580972 0.844590890474449 -0.0881747047243834
-0.029621603360403 -0.00685006148270832 0.551980752673145 0.47573854430407
-0.0109902143693153 -0.064088038465259 0.141579839839716 0.372283969892182
0.00785157588080154 -0.078084492065734 0.0169368981341689 -0.125461293963057
-0.0244308510111809 -0.042639374382723 -0.204294677688086 -0.60065952614339
-0.0548926423327487 -0.00249840431054569 -0.726194322412114 -0.489477100235658
-0.0908036212993433 0.00424964487741582 -0.762982014125235 0.243236346776303
-0.0633465136883959 -0.0125893731657197 -0.223259707757976 0.690821974033435
-0.0228606546697368 -0.00619837649545211 0.125338923875595 0.566114815737208
-0.0116260938034151 0.00820802571579124 0.164176606277923 0.131459529384217
0.0774120323388418 0.0521004317733192 0.0580367293446191 0.0943254724633405
0.109596828342139 0.0361835011085804 -0.159132182825016 -0.131639342032041
0.0563021123309128 -0.0110087794268712 -0.275790834616401 -0.275650529420106
-0.0645057199716101 0.0186268125821354 0.0358039295382763 -0.501910823175514
-0.134148941842126 0.0473673695585816 0.562481089621259 -0.474406615277585
-0.136700819863663 0.00651638236028195 0.829985639488981 0.0394895468450807
-0.107585403780381 -0.103896134301076 0.490567982992188 0.511618311683316
-0.0244338527528171 -0.195491805933512 0.131219967799057 0.317923583751902
-0.00721280748530305 -0.201244617213018 0.00891130701886126 -0.18178738991022
-0.0985256661142863 -0.132172281558988 -0.294786851862571 -0.572050762950495
-0.172087928088974 -0.0107247504405021 -0.776997938591035 -0.326268361770697
-0.191222879691436 0.0647881520126819 -0.67480250214201 0.383309534391243
-0.0834930407507143 0.0370499815211602 -0.127561749345926 0.694474690336614
0.0351445412766921 0.0418935146211384 0.153908567958078 0.509655144339073
0.0506287033014038 0.0475403531052146 0.152182011632975 0.0982464603124472
0.123724161788424 0.0771550997085265 0.0420414718401547 0.0807782657504214
0.155676032103883 0.0699278955736215 -0.153614032595709 -0.170868160501151
0.0640751512274646 0.025959267394347 -0.21938173652259 -0.360343676755543
-0.106289803858963 0.0736618787251258 0.149604833670045 -0.519416515595088
-0.211676254047361 0.0652487981749511 0.649785975362227 -0.336158523453398
-0.220174222484243 -0.0486436714245704 0.778061255238963 0.216332712820176
-0.143025343534686 -0.21005032508437 0.389482676350236 0.5261287915416
-0.0364688813926857 -0.298358517619122 0.110833758856586 0.215891601308522
-0.0569979471704764 -0.275076646923454 -0.0306870733263101 -0.271079637630586
-0.196282206262174 -0.150402878657467 -0.434207816367885 -0.503300303234165
-0.267482299379498 0.0359721975974394 -0.805683191977673 -0.0839233735934901
-0.234285372979738 0.132382937029773 -0.52483838067449 0.534606020265165
-0.0566595913994372 0.0743069597899725 -0.00070463751109565 0.658992856373911
0.103833482167578 0.0749045177266138 0.191114426764487 0.41383504636454
0.105051486364919 0.0740610222647021 0.125280223168054 0.0440938769128842
0.149933962006589 0.0993642902545481 0.0129992148557949 0.0510810971480279
0.161882056052847 0.101830191207708 -0.146734349565701 -0.231533702275265
0.0307972373253397 0.0679065773589203 -0.139084105437976 -0.454807549929764
-0.167521095891367 0.109362168248259 0.29124919043418 -0.494155103154392
-0.266196071455383 0.0324940225032201 0.721930608943776 -0.135479485420011
-0.247841031348287 -0.138396179875111 0.676175225526695 0.400180370811557
-0.128052466306081 -0.298534755506027 0.272440250319981 0.500071523568615
-0.046504525216851 -0.356745791165113 0.0828209207201034 0.0806213802756007
-0.121526213413068 -0.287234089352668 -0.111888223671474 -0.360160063110176
-0.276614048374547 -0.105691667377173 -0.586728147061101 -0.38015109788839
-0.30713311518677 0.105059164762411 -0.779942449536576 0.178304767073125
-0.206454069850786 0.171849527158315 -0.348424862876518 0.633447484722555
0.00763845522026567 0.0879608580017292 0.120555066309684 0.564955498536844
0.164298979661694 0.0896369007510203 0.220749774333518 0.296529543087564
0.139820653015935 0.0828673064122605 0.0896987347646453 -0.015597155819682
-0.151306665310969 -0.0415708569126942 -0.0452810981662475 0.0105887702672171
-0.21063877447234 -0.0532775319197204 -0.216945374124132 -0.160224270240172
-0.100404140063439 -0.0786906125640404 -0.233216881087378 -0.38159693091952
0.0612653831207301 -0.192931106164895 0.166526333933418 -0.598966968806683
0.248894488306738 -0.186176627667188 0.645822854901298 -0.43764337256849
0.317525961840804 0.0517657663584185 0.735807067443076 0.126301698011563
0.187054879294371 0.281614861052046 0.31478803778355 0.3836839284772
0.0288451290521741 0.349112781817632 0.0664261143020155 0.0659621689055806
0.0736212168959617 0.333235534887918 -0.0963398658889941 -0.419466211307986
0.228699664586176 0.222930142335527 -0.517545396291403 -0.614092263315691
0.29910175096811 -0.00682796598478002 -0.844973813769002 -0.129688467826355
0.18208915322741 -0.151424183776415 -0.530623370718257 0.500991800559803
-0.0230700844408386 -0.107903701587481 5.70138255905813E-05 0.59008604194326
-0.198855618962668 -0.0975687042437208 0.20776943003236 0.356241973259208
-0.178842461654142 -0.0943542126897267 0.0765528515114923 0.00194263972032384
-0.131347412262935 -0.0287222495794611 -0.00957645133087441 0.0460585188315129
-0.191643438173974 -0.0454885704773347 -0.210257116127561 -0.114322509287432
-0.127873622382996 -0.0637630090814622 -0.286138041342535 -0.271570186414159
-0.00888786897598823 -0.152158551679249 0.0517788172012597 -0.549189016085577
0.17064782001202 -0.178905875438826 0.555536744966451 -0.547650449091221
0.281160368975162 -0.000200032722897542 0.788945294727658 -0.0261849834297609
0.194633872993027 0.218838052840536 0.427767732249507 0.40284440800146
0.0249131745537076 0.300166583449126 0.101101744195284 0.201876789078231
0.0213960527295865 0.303893557716592 -0.0281766792741663 -0.299226843440416
0.14908963406907 0.251217074431662 -0.354791507041019 -0.661743611368534
0.25277189804275 0.0622982769379233 -0.805724668371281 -0.358621354918611
0.188104796419497 -0.119544331423403 -0.673180934396159 0.357867176761539
0.0136226262884742 -0.117500581041723 -0.115964180500184 0.639599757034308
-0.158376977161006 -0.107643874933902 0.174642139604751 0.458277000464837
-0.1633678419736 -0.0908934869004891 0.11415141942239 0.0580623501555783
-0.0930238417129682 -0.0111229986545355 0.0213738923336403 0.0696041379020378
-0.134148195593837 -0.0343575667398169 -0.196669644026537 -0.0986480061383355
-0.108750093969973 -0.0550343982016787 -0.317313322758219 -0.207157668765185
-0.0493383717163227 -0.110583496768579 -0.0284578300744643 -0.493228177666742
0.0848586199365075 -0.13264195878928 0.487753249335069 -0.590551784831555
0.196667907546743 -0.0124513236747135 0.81858391546405 -0.127178843368911
0.148514653784036 0.14770449632884 0.515290914398877 0.414641791439072
0.0151830778167479 0.203877050641918 0.127881302314697 0.307896066951721
-0.00583396273556801 0.20772320114498 0.00223562870408203 -0.188940518407608
0.073177148867768 0.198355146913091 -0.236325466569244 -0.651386889571176
0.162568496948494 0.0806383575847028 -0.741512620963885 -0.499082699190548
0.131723620260641 -0.0768981061408827 -0.756989980802167 0.237703280867635
0.0149054549324422 -0.098895627689485 -0.206965518921859 0.659577403107311
-0.113862755707637 -0.0927258107098547 0.142471883717418 0.533664587855893
-0.125796830001883 -0.0689072868291799 0.144624884761043 0.106752482703576
-0.0394584771892132 0.00769311162552074 0.0465561491120626 0.0865227719421267
-0.0540566435050367 -0.017782942858758 -0.181753085893303 -0.0980420999196594
-0.055767535613176 -0.0493643003636449 -0.326589851981224 -0.189287163655215
-0.0574086076844094 -0.0729194272010358 -0.0619610466855891 -0.466139802280941
0.0094671888812372 -0.0694490615161332 0.461900129116151 -0.589137109928413
0.0890642970412637 0.00166714905215959 0.833094449551012 -0.153050868264493
0.0657437014939347 0.0749684456176734 0.564328733527999 0.435145416698803
0.00279365978363572 0.0760456265927606 0.143409539649658 0.365761490538985
-0.0025477314495418 0.0689039363777806 0.0110851393374164 -0.126951178196833
0.0224536220427554 0.0838235583372282 -0.189070432334824 -0.620671409086964
0.0581169525914488 0.0445832357438282 -0.710958716704956 -0.538600543750224
0.0292679979731122 -0.0379030480630353 -0.78281533808195 0.195640004475246
-0.0200143530269919 -0.0612173709755085 -0.242482005355989 0.675428663089078
-0.0705169203548363 -0.0548549031154016 0.127232967730247 0.569689013207038
-0.0729436647156442 -0.0336527506438377 0.162668132993236 0.13216282022782
0.0213190254714996 0.0286315669147127 0.0601453162294747 0.0943595370188671
0.0336539969073099 0.00548319666162012 -0.169361550349467 -0.108574935489838
0.0089096584087568 -0.0362807577845151 -0.313995704188219 -0.212497401527928
-0.0533159628816628 -0.0323109917028311 -0.0413719821970875 -0.473248569471563
-0.0595896209477436 -0.00344532334334577 0.485762824022379 -0.556526962686665
-0.0268741985500647 0.0190801100447034 0.839605626168105 -0.0987075117195417
-0.0297734812941051 -0.00654348759794923 0.555360099083617 0.466346095085706
-0.0120320650622811 -0.0649365007541616 0.147003841192889 0.368779936997481
0.00683706618764496 -0.0782228758115103 0.0146481144676881 -0.124617991013542
-0.0249973666025286 -0.0421129560302135 -0.211506258995288 -0.595738155051173
-0.0549943458160019 -0.00196314654072832 -0.728783706323127 -0.477635910683425
-0.0906900313183755 0.00657235386614564 -0.756039236657506 0.252033441825609
-0.0630279715990077 -0.0123277110731496 -0.210451541410475 0.691768395388518
-0.0236735878915851 -0.00575532673467005 0.133979411720726 0.563491655150137
-0.0112983515341717 0.00912490675605905 0.166254003891885 0.128960515538193
0.077665977694057 0.0517668432040422 0.0589017234456303 0.0926732895311352
0.109456126620458 0.0348691947578228 -0.161795912868491 -0.129789131848549
0.0560949442659176 -0.0120440680674758 -0.279296635301029 -0.270277644677671
-0.0642708923523352 0.0193615276108894 0.028951552094216 -0.500921329430974
-0.133049387654831 0.0491547010085423 0.554172867244439 -0.48100187895829
-0.136301806117197 0.00871764232562517 0.82742031540317 0.0280262269706742
-0.108513938819938 -0.103147344317065 0.49498189586626 0.503076573178238
-0.027204888386261 -0.194722845909899 0.135536438337988 0.315517834075616
-0.00980495967691106 -0.200834437230866 0.00582337372453232 -0.181000589846984
-0.0990153363252959 -0.13039293564738 -0.301073570450827 -0.566530684345444
-0.172083475736598 -0.0079594212400407 -0.777298343778282 -0.315062165545006
-0.189749360743451 0.0676828898338187 -0.666815497466337 0.389504221401464
-0.0828578297425522 0.0382911308509155 -0.117782680311352 0.694193491142928
0.0355291584105433 0.0409856409285358 0.162293189820592 0.507468880469068
0.0511251701455713 0.0475104444435205 0.152947242484182 0.0955713977703669
0.123972963971215 0.0755808695860328 0.042777952524227 0.0795621062166932
0.156835272330831 0.068448716086334 -0.155971812401917 -0.167532263095487
0.0647158515933679 0.0254017844042033 -0.223389019639887 -0.354113087599866
-0.105074015303652 0.0749831014073121 0.141218915178572 -0.518732667827577
-0.209914571664725 0.0680735277264329 0.641853273549928 -0.344583962501965
-0.220459869959305 -0.0457407081290088 0.777832640355468 0.205860529098697
-0.145753237633103 -0.207416449670502 0.394123923774032 0.518185948931055
-0.0409128951223461 -0.296804352924742 0.11313900030167 0.21377386524688
-0.0601568164284 -0.273169066125571 -0.0341799981824884 -0.270774011735532
-0.196915956592558 -0.147781087009994 -0.440959822525483 -0.498435874033703
-0.266093798668653 0.0401019699218173 -0.80372583704234 -0.0744472169688331
-0.231869989535985 0.135625790581707 -0.514651760315292 0.540661581799821
-0.0551627775437609 0.0749031068454337 0.00857171193535225 0.655235597757484
0.104308305589649 0.0730338730837721 0.197556817730463 0.410168390475201
0.106152536570551 0.0729885682200027 0.125468529096061 0.0418697831377004
0.150695048934274 0.0969504489062822 0.0133261331017166 0.0502075355783352
0.162982477336453 0.0997025351201132 -0.149558089517555 -0.228219012618925
0.0319849601692201 0.0669710984821234 -0.145654110374344 -0.449834109784783
-0.16534566567752 0.111416607104629 0.283461318531652 -0.496687452834792
-0.264737658203286 0.0369168402080338 0.718803529703503 -0.145982723339272
-0.249149232834163 -0.134194440017302 0.68027618296149 0.389920612366489
-0.131774474468269 -0.29602454014504 0.276885413886103 0.493937352310244
-0.0508167505716003 -0.35439600233733 0.0831109340435668 0.079049295373738
-0.12355433425283 -0.286185626185452 -0.11593761817642 -0.357412231571426
-0.277291423459583 -0.101431616879441 -0.589414734466456 -0.369785450142824
-0.304393063465775 0.109749660218624 -0.77641033103071 0.187877544316162
-0.203830107251638 0.174502169905955 -0.337450649166271 0.636668625048057
0.00874101086876188 0.0874658550718853 0.128612852332908 0.561545872441798
0.164896480302739 0.0867686109575398 0.224545190565883 0.292863938524994
0.140575270161961 0.0807788688516667 0.0893469483058053 -0.0176183121777948
-0.151242736665592 -0.0400803006667055 -0.0461292448767217 0.0106107052352349
-0.21102042996936 -0.0497636595989919 -0.217875578980319 -0.155928289485333
-0.102238258366883 -0.0770292210400587 -0.235929779280565 -0.376459878448958
0.0580302504097116 -0.192941446530857 0.158005396302217 -0.598821943798056
0.245573995472209 -0.188802126009928 0.636735734470943 -0.442195709126897
0.316601802977378 0.0468305850940866 0.735911583554128 0.117368537526371
0.18930226066765 0.277833523475707 0.318484447660222 0.378671084893499
0.0313522786583776 0.34701911153488 0.0663106955088855 0.0663512416481338
0.0772691424101901 0.330115879384513 -0.101885464545495 -0.415387140896501
0.230499359400115 0.218849034343577 -0.524291319037939 -0.604954597274371
0.297366706096967 -0.00957295065124797 -0.843830977195342 -0.117374305436244
0.178872856773131 -0.152764782397539 -0.520437937375118 0.504478301951155
-0.0249518446313993 -0.107218690095825 0.0083350051712422 0.587285484767607
-0.199545926478374 -0.0950247826070366 0.212111918399868 0.351094438195915
-0.179580298726763 -0.0913159783557856 0.0758348403570927 0.000681228117457887
-0.131616459082063 -0.026971525110668 -0.00915397781725966 0.0457692793717621
-0.191138260713324 -0.0429100699624877 -0.211916566371546 -0.111381803335243
-0.128379462192086 -0.061473730947049 -0.288092698164556 -0.265856422403533
-0.0109201868798542 -0.151773660906334 0.0429168119807391 -0.546783298907299
0.167599892294649 -0.181168148261485 0.546718927523767 -0.551472884914375
0.279721053983354 -0.00347582321819261 0.78618252328269 -0.036196692228331
0.19562135300579 0.215296878136829 0.428228548056042 0.395364279263527
0.0281788182677771 0.298733254992218 0.102739491288633 0.201024968883757
0.0246755754039375 0.302006388181986 -0.0325150962662429 -0.296895664429311
0.151785239871705 0.248651369503393 -0.360473383809856 -0.656161105994467
0.253087176073019 0.0589136709330699 -0.805856841342957 -0.347583449690492
0.186242691866606 -0.121358551431209 -0.66635191154037 0.365203936102591
0.0119534128197318 -0.117021474348302 -0.108015945872339 0.638890723878914
-0.160683419979518 -0.104316708622959 0.180910927742033 0.453305066894459
-0.1633667414615 -0.0883841384650616 0.114294962395903 0.0580007881187776
-0.092433677702921 -0.00999612360528375 0.022097007695399 0.069567030557988
-0.134539731186396 -0.0326024321436681 -0.197495381086935 -0.0961111900459865
-0.10962187167644 -0.0540034250042321 -0.319011427960804 -0.201185661969016
-0.050710581797411 -0.109459451104499 -0.0337942521138438 -0.490964560606811
0.0834338748691281 -0.133701075488683 0.478827122697709 -0.593970148368326
0.195829886871486 -0.0148364398091182 0.812659607862085 -0.137505863509096
0.149466150983795 0.14588573245883 0.516973195585731 0.406469611572662
0.0173782126019407 0.20260892095908 0.13108670449117 0.305267335689879
-0.0037918507894857 0.206190316117702 -9.73986179076023E-05 -0.187505694164079
0.0752921563767346 0.195672651057212 -0.244263933558784 -0.64473692902295
0.162670184513776 0.0778345728082784 -0.745563192569375 -0.487742490737008
0.130216611505325 -0.0778229933020798 -0.752656185964267 0.24513085583294
0.013181661158448 -0.0986999812045424 -0.196250841197597 0.660031569267329
-0.114379385619001 -0.0904211424355485 0.150063627908832 0.528863605284457
-0.125899002640413 -0.0666814851052738 0.145372368514558 0.104816190069611
-0.0388281172255203 0.00791115455023435 0.04717739310848 0.0858324696455496
-0.0545278993016869 -0.0164535632452224 -0.183166552027364 -0.0954135068508584
-0.0565816119840977 -0.0484150431694844 -0.32734297697431 -0.183886972461595
-0.0583333408644012 -0.0719012254548334 -0.0676138284053046 -0.463268684362859
0.00889976381055173 -0.0698056992555522 0.452816634110689 -0.593018962784742
0.088819243335073 0.000738757424246637 0.827087287584197 -0.162025550160652
0.0666777972793248 0.0741305931738482 0.564932704991924 0.424410128901814
0.00346237010368484 0.0752962681283573 0.147117146598065 0.362717124711291
-0.00151414772277368 0.0690596240600996 0.00936535503299082 -0.125836690862088
0.0229569660098765 0.0827818752178239 -0.196217181741196 -0.615202669138517
0.0589525933777257 0.0438426321163481 -0.714730928296456 -0.527984730958008
0.0289012893762491 -0.0369744669225669 -0.777842477271147 0.204487258419418
-0.0204918194236294 -0.0604281528419712 -0.232226976110321 0.674290896355013
-0.0713566580166771 -0.0537542848498748 0.135041453942872 0.567036851842303
-0.0726520531011767 -0.0325839485671149 0.164437676578263 0.129284776933207
0.0209883932485121 0.028072956361849 0.0615589292777596 0.0931623621318971
0.0324692657745919 0.00570160101254315 -0.170725581891593 -0.106735341141955
0.00790379308474685 -0.0368216779592287 -0.315527019886839 -0.207036557480857
-0.0534888084432197 -0.0317646932755263 -0.0485771111372577 -0.469809969853469
-0.0588244937396315 -0.00305766303014959 0.47631466540379 -0.559215853712252
-0.0263377932555191 0.0189886546823228 0.834322470153191 -0.108843963393547
-0.0303460791598226 -0.00570865940000052 0.556571234590549 0.457503557388124
-0.0131406015850556 -0.0637010617933501 0.15029532653092 0.365429605271128
0.00583754362179128 -0.0780038063975013 0.012310165990717 -0.123827704637058
-0.0251471048060786 -0.042272781034466 -0.217790750265057 -0.591364269497977
-0.0538612511793551 -0.000720430978300372 -0.731150881548631 -0.46584914385158
-0.0903364669847267 0.00774931488530448 -0.749828354844468 0.26009733660824
-0.0631371438731509 -0.0115958605035384 -0.201625304813144 0.691517608455746
-0.023727857180843 -0.00545561406119389 0.142078770904917 0.559129622682359
-0.0115575263527533 0.00945973361907919 0.167594485186357 0.126038581058317
0.0780678683356153 0.0503940409548981 0.0601690255232881 0.0914195444568912
0.109466124881307 0.0345007382570326 -0.162562453944038 -0.127263561845649
0.0553430601542444 -0.0128363249174105 -0.28191185585349 -0.26420729170323
-0.0638953423328548 0.0193814127768097 0.0216342394127987 -0.498483894017836
-0.131447329801467 0.0506357991404131 0.54614102981335 -0.48348466593353
-0.136283850288846 0.0107735337826034 0.824111847544527 0.0177554956584274
-0.109560043225925 -0.101538049851399 0.498336579057308 0.494862983985238
-0.0291554415779967 -0.19438147200884 0.138321112815453 0.311771308748564
-0.0116131928489753 -0.200541336458357 0.0037093739210966 -0.179608294763536
-0.100536855805525 -0.128608565244865 -0.307009455952561 -0.559568657040125
-0.170768094234787 -0.00633829050150905 -0.777669464520466 -0.30520092211806
-0.188918627093035 0.0708207149861215 -0.659747007195541 0.398578954848173
-0.0820862540517332 0.0386628556253333 -0.107717456057594 0.692998301025485
0.0355105488342328 0.0402587413202358 0.168299786436552 0.502493028700373
0.0526559743099086 0.0474273918076816 0.154605693625294 0.093138298217278
0.123990691175436 0.0747589287339269 0.0438251414157756 0.0781050969792663
0.157207509021228 0.0661042817789703 -0.15832816165535 -0.16559850740379
0.0647805538381561 0.0243124460353162 -0.228098794954852 -0.349361649117049
-0.103831701578174 0.0758571759341774 0.133932681026472 -0.51865264374921
-0.207798055718512 0.0700014385324491 0.636058420459356 -0.350930610067768
-0.219282585791589 -0.0423165852301317 0.777114979453082 0.19415146479053
-0.147580841463053 -0.205412743804829 0.397102762791253 0.509567335891534
-0.0447045616916377 -0.295378107479485 0.115522444892695 0.211253851842113
-0.0626581640390499 -0.271587577375781 -0.0374069934069318 -0.268715051678885
-0.198460668663485 -0.145074807838555 -0.444342459279678 -0.490389461597052
-0.264358304080422 0.0438470038843498 -0.803373726105244 -0.0639370910591304
-0.229279044988667 0.138217399319491 -0.506239711886829 0.543198302666654
-0.0546920758363441 0.0748143624291457 0.0177335014893523 0.653018516910734
0.105162384588343 0.0711617650008264 0.203557295019346 0.406499478091417
0.10681831077977 0.0712721224612544 0.126110187056262 0.0402617661710047
0.150873420231513 0.0947886639052991 0.0142702616150054 0.0503473594644883
0.163884908296724 0.0982107522519123 -0.153023829104776 -0.225962986614166
0.0332470518287715 0.0661173526907581 -0.150166172778503 -0.446218614700134
-0.163684292954663 0.112950644468485 0.27585494254573 -0.496675570948275
-0.262520737984294 0.0394554671582107 0.711788206252646 -0.151375883179221
-0.250208859241999 -0.130490207283743 0.681421418559794 0.381046282685714
-0.135098536917387 -0.293852610093971 0.281081068341341 0.489537330300265
-0.0552720451386241 -0.352400762078916 0.0835616305873955 0.077753529623257
-0.126325175128596 -0.283465779403345 -0.119484832887229 -0.354783301181207
-0.276641255712325 -0.0983051798649049 -0.591570079494636 -0.363096139808937
-0.302136865367343 0.113314523568765 -0.769463641711568 0.195786343367287
-0.201364440466044 0.177107378281822 -0.328785695670999 0.637278812687559
0.0099761532536409 0.0866754140250241 0.135132104208348 0.556979946972137
0.165365187305931 0.0839353724598306 0.228064343100114 0.289571872155548
0.141084249712045 0.0801667931660596 0.0883729615242805 -0.0179620705244959
-0.151143094346541 -0.0383866154675889 -0.0464047700053495 0.0110593771349273
-0.210516312808092 -0.046644811940099 -0.219142400722378 -0.153137733840173
-0.102374802492999 -0.0755292468517563 -0.239450178161834 -0.372144387037139
0.0548882998102271 -0.191744593668881 0.148815567532003 -0.596561726404669
0.241604725936807 -0.191409743259207 0.627681276197362 -0.447788323183787
0.315618670858573 0.0435161782000539 0.730673028560833 0.108262350124915
0.191347714732225 0.274057291470701 0.319238757884967 0.372811083463669
0.0341377895272407 0.345625499047737 0.0672438472699955 0.065159438791353
0.0795367159331594 0.328230148056575 -0.105014436064031 -0.411692129327796
0.231878347048053 0.215556629698003 -0.527764128255233 -0.595133328668177
0.29627426552159 -0.012503874474732 -0.840172201810299 -0.110673252389118
0.175680806076672 -0.153679475691949 -0.513397279016351 0.508116303355939
-0.026409368302709 -0.10711112578099 0.0151726446038456 0.583628838963522
-0.199879851067665 -0.0912374422839387 0.215528722472029 0.347054650196937
-0.180134115119511 -0.0888240603046455 0.0760800157657105 0.000451012093026814
-0.130758518101003 -0.0250198209828729 -0.00924657319995442 0.0459577040985927
-0.191091699528466 -0.0403152717763325 -0.212736957198636 -0.108206262628103
-0.128742303160231 -0.0601932784378766 -0.290031990688902 -0.260093497881054
-0.0132974070456939 -0.150267016118756 0.0361078275450825 -0.544551004137809
0.164608252205543 -0.182141112251641 0.538007299697659 -0.55589343891612
0.277749465702964 -0.00648148217398584 0.782606892258267 -0.0463281032477074
0.196384051758136 0.212030271553363 0.430961696389158 0.387945392976484
0.0304740868428545 0.296896290721725 0.104242015790143 0.198628507447445
0.0265693282221809 0.300088751495811 -0.035005335584839 -0.293852040491007
0.15320630303191 0.244967463837075 -0.36589410012748 -0.647338913706938
0.252317289358645 0.0559682704719307 -0.807698825830066 -0.33550459042637
0.183429486345198 -0.122988683183154 -0.659193044047588 0.370998063698349
0.010345329461966 -0.116856711889743 -0.0998567952054064 0.636640631284452
-0.161064144500457 -0.101618574109008 0.185688876841132 0.448741930243972
-0.163777198183055 -0.0859841205612565 0.11471937512085 0.0562293698713131
-0.0921096000670495 -0.00854848010220423 0.0225146487179734 0.0690263196280398
-0.134607432010821 -0.0305830068731357 -0.199003216882938 -0.0933079781794146
-0.10957062082976 -0.0521068413139337 -0.318881325116205 -0.196980939989594
-0.0528278247420494 -0.108125266044837 -0.0411123940471456 -0.487863104267646
0.0814507620254038 -0.13476311505908 0.467622904391296 -0.594724818822733
0.194439257550273 -0.0174444660818184 0.806266401367313 -0.146874438846249
0.150087772996254 0.143666639648069 0.517138951991889 0.399361236530477
0.0186967533444464 0.202050830253574 0.133656979969474 0.302062487197951
-0.00243347173617728 0.204821772105091 -0.00318077791555274 -0.185631381253153
0.0765162973616792 0.193988134997532 -0.248905365723951 -0.638808604345216
0.163245358643776 0.0762855294233197 -0.747113741820938 -0.477915642819405
0.128721633194125 -0.0783926672122087 -0.744636421732455 0.252365422944932
0.0113581965668594 -0.098210724072807 -0.18780382360397 0.659263233307215
-0.115785494207095 -0.0889674128353995 0.156723113683935 0.524811003310135
-0.126254987200298 -0.0646612019204018 0.146374138272339 0.102150236091926
-0.0385400832797862 0.00866131386736819 0.0482266778498182 0.084782925018441
-0.0546796715906187 -0.01531848518147 -0.184612828768576 -0.0939452777390822
-0.0573887658069651 -0.0475312020261572 -0.328639756035523 -0.178728493545765
-0.0593656471891321 -0.071041358711643 -0.0726985139220071 -0.459919218028438
0.00846560956897598 -0.0696532427040819 0.443300720301449 -0.595826158045238
0.0878475070009091 -0.000149512937513693 0.819611107491462 -0.170325314095439
0.0663213671549717 0.0723737474241943 0.565662320320153 0.416683441718963
0.00349779560199441 0.0755963005054624 0.150618957254559 0.35892473214009
-0.000897039168515607 0.068650664310647 0.00792795700356237 -0.125354387161148
0.0243159509027727 0.0822481464812945 -0.202789787713236 -0.610133713001402
0.0590936043977873 0.043339764661976 -0.716389709491252 -0.518271237859994
0.0281656650676738 -0.0373844778954562 -0.772111602418725 0.212942605937256
-0.0210699735043134 -0.0594729886088478 -0.222819654923074 0.674212723138579
-0.0717662259952291 -0.0528764152446578 0.142200895908648 0.560636748027406
-0.0729901164054512 -0.0306059655021969 0.165996737273833 0.126206936952546
0.0213864277852108 0.0276278274187327 0.0617711943604048 0.0923486113258181
0.033553428709336 0.0054674445196883 -0.172102815603941 -0.104195884386814
0.00757522209057213 -0.0364303875817132 -0.316508191959198 -0.201449598648306
-0.0544862033670105 -0.0306384440109523 -0.0528851991132227 -0.467375035567015
-0.0584717185017542 -0.00187731960186942 0.467162854355848 -0.562279005270382
-0.0263973893931472 0.0193649963185327 0.827963596033877 -0.117451850752595
-0.0300034040905364 -0.00584800828741012 0.558158347536336 0.448188902211558
-0.0138696406922668 -0.0633460231224564 0.152912890458973 0.361923953628372
0.00512184320167919 -0.0775386665238762 0.0113748440505076 -0.123684189787781
-0.0254206369282704 -0.0423481450268485 -0.223052258807643 -0.586064632087997
-0.0538382217468539 0.000542758940372427 -0.733512987317603 -0.456739846189345
-0.0902483126793413 0.00946080952522412 -0.744100804345665 0.268191781807954
-0.0629527491856466 -0.0107368384113312 -0.193826386227463 0.689936452616837
-0.0241336194330653 -0.00533763552507747 0.148325006544863 0.555859940693163
-0.0105828697940682 0.00894692931029063 0.168466610490626 0.123284876092452
0.0779950853900422 0.0496901136634647 0.0609229242228728 0.0903736522676164
0.109277408007378 0.0328733527971635 -0.164503079232476 -0.125397451884445
0.0559193427876415 -0.0135663300845427 -0.284157143547798 -0.259895559585605
-0.0634823450110839 0.0200793087037295 0.0159146657225935 -0.496069034113344
-0.129901620191057 0.0524438510032799 0.536923876776514 -0.486183575480397
-0.135130555699804 0.0123907728309733 0.81940348522653 0.0081818413341153
-0.110078435636815 -0.0995680199638508 0.500634074552637 0.484761527408995
-0.0314207102512939 -0.193446659861046 0.141501388169166 0.308427564877437
-0.0140945074813024 -0.199315907370028 0.0013557721315249 -0.179004741545821
-0.100880793998075 -0.127160422784928 -0.311908642277842 -0.55384367671032
-0.169377845108291 -0.00371327393006536 -0.777895149229269 -0.294979696499579
-0.187471269704411 0.0727281238154659 -0.650863444807968 0.402804387419564
-0.0807625593049451 0.0399964544676904 -0.0976810309856106 0.690625907401745
0.0363945682688527 0.0398284471094251 0.175142220230118 0.498557526950572
0.0526117698503754 0.0465833215056029 0.155540463420391 0.0910629214239008
0.124472715010982 0.0728978026584446 0.0447312498753677 0.0773862139452847
0.157799087769405 0.0642005396444657 -0.160540298664298 -0.1630553472465
0.0646769728598534 0.0232223947391551 -0.229965715409011 -0.344043357421089
-0.102669940049912 0.0766908114428565 0.129016398425992 -0.516689937207114
-0.205341602592079 0.0726186585949582 0.627187894207572 -0.355667217441329
-0.219402222371706 -0.0393433000664931 0.774671203957539 0.185038020107969
-0.148766049846087 -0.202672669345795 0.40094808310747 0.502534509976971
-0.0477078412816074 -0.293108334815003 0.116472403518132 0.208678589803918
-0.0649495141293757 -0.269194575033871 -0.0404066758794457 -0.266570099736172
-0.198774756812819 -0.142093989446236 -0.447660593785347 -0.482500792307784
-0.262282021742764 0.0466401754957313 -0.798794630102165 -0.0547608727409595
-0.22671717413972 0.141380688686925 -0.498746328195866 0.545850277416113
-0.0539242206720209 0.0747710895406098 0.0254431812911885 0.650243037753333
0.105579307719879 0.0692476072595558 0.207802701318374 0.402744534848909
0.106953174500963 0.0706492861657781 0.126245489555077 0.0383436752104314
0.151057137909342 0.0933670795949254 0.0148054142675076 0.0483183297533801
0.165404013137914 0.0947367106376464 -0.155381686404948 -0.223460675633561
0.0342897303469776 0.0646008486919466 -0.156095917566516 -0.440756829270612
-0.161619541555648 0.114566059989752 0.269105596086545 -0.497756576909506
-0.260442961568009 0.0433500262949303 0.707193098727866 -0.159466555177746
-0.250493017461537 -0.127514974766628 0.68060740011612 0.371568686607015
-0.137203540342549 -0.29076807182726 0.285101225166471 0.482884229949688
-0.0591108395978254 -0.350651468634103 0.0843747536492243 0.0761403532791565
-0.129014287130958 -0.280015119312446 -0.122650590294845 -0.352077172684899
-0.276410757187864 -0.0954261123390853 -0.591920901717336 -0.353546835578695
-0.299348664065985 0.116722011666854 -0.764416399292258 0.203683406655278
-0.198117687390057 0.179253280263613 -0.320403107692468 0.638713799066247
0.0110020058269875 0.085663511237433 0.142580984702778 0.554291666024444
0.164894834429214 0.0817084413881493 0.23193499890633 0.285925678257169
0.141886987838818 0.0784393158528292 0.0888111266182233 -0.0187612007576608
-0.150093047418486 -0.0365979346480133 -0.0462110559657634 0.0113523301724818
-0.210058624854157 -0.0436284759196231 -0.219829915802149 -0.148857977182535
-0.103265554425285 -0.0740775236797787 -0.242625120355183 -0.366388424429879
0.0524059385375086 -0.190586952154071 0.141598607002602 -0.594908841576543
0.238539001709194 -0.193282967040489 0.620712161354342 -0.44980260759255
0.314049814069955 0.0397398118101319 0.72892299104776 0.0991828701033739
0.191602161898633 0.270131439025984 0.319738870218052 0.367256220008729
0.0372860193549678 0.343316835625078 0.0674535387443057 0.06454418064537
0.0816403847870108 0.326186906872537 -0.108899777434247 -0.408387207188152
0.23207498974661 0.211844069946533 -0.530416067145195 -0.586259749002775
0.294635249096764 -0.0160529903403911 -0.837880933539011 -0.0983112172526474
0.173694149152508 -0.154954162907489 -0.505694594813958 0.510260145020311
-0.0273849762438237 -0.10526985681109 0.020962674733577 0.581626324885246
-0.200024434091904 -0.0887656111458056 0.220599838942228 0.342137032654941
-0.180098084230041 -0.0867128600182355 0.0763136429003714 -0.000324228882963905
-0.13117353553722 -0.0242728088790877 -0.00904152692955112 0.0464551603120965
-0.190874584201821 -0.0372897169518773 -0.213119936305497 -0.104758118763504
-0.129357914897263 -0.0579463389751253 -0.291546910374845 -0.254848480256255
-0.0152788254584634 -0.149357322617015 0.0312212266448168 -0.54120539089409
0.161504511782223 -0.183911250118909 0.5296796988912 -0.556339296204434
0.276097270738101 -0.0104332186437818 0.777900752895693 -0.0532443893851456
0.196706860824548 0.209105722810432 0.430124353040497 0.383688835001088
0.032544997633317 0.295309187058109 0.105840880109584 0.197012300212735
0.0278940584500781 0.298253550872401 -0.0383969522211873 -0.291082605064257
0.154690113809064 0.242041190035399 -0.370238310885787 -0.64141150749468
0.251362984034478 0.0534864128097638 -0.803823281292482 -0.326138915363974
0.181091673587319 -0.124329125718177 -0.652676569070578 0.375943771943231
0.00910353432916736 -0.115791146839018 -0.0912951091587935 0.63389559199975
-0.161970245128991 -0.0995418875140375 0.191403072157132 0.443960640474482
-0.16398618585392 -0.0834670434363359 0.115308689693569 0.0547907446466446
-0.0915676828992725 -0.00777408089317801 0.022919680995929 0.0686741283881799
-0.13407160950095 -0.0285645845277057 -0.199397239987816 -0.0904693290881888
-0.10985492476897 -0.0513042284407403 -0.319239827980483 -0.191041035911895
-0.0534142317446206 -0.107417984240191 -0.045611970851355 -0.484189429172111
0.0792190486755053 -0.135329730109483 0.46158189780163 -0.59661117034399
0.192963619489167 -0.0193236192331313 0.801148085854289 -0.151627114638841
0.150261519262874 0.141128134086772 0.517673390213879 0.39155620042496
0.0204297448297501 0.200468079115381 0.135756115539823 0.298991459690399
-0.000841991415979748 0.204162438607701 -0.00452690124580431 -0.184101451957213
0.0783111093022376 0.191853638690918 -0.252974517130511 -0.632396176499054
0.162816742618186 0.0735800762221336 -0.745529873025632 -0.468039689441674
0.126489312171819 -0.0784156610093842 -0.73825414815881 0.259128674072939
0.0102832933673888 -0.0979836320388648 -0.180434551976947 0.658023628420998
-0.117428182882671 -0.0867177581015756 0.162290356086921 0.519825626703914
-0.126217861629428 -0.0628236833356746 0.147889426727222 0.10031551704056
-0.0376158645874214 0.0085828361250886 0.0487283500532249 0.0841778835394952
-0.0545100693823065 -0.0149531420511377 -0.184800241763495 -0.0907495632019246
-0.0572791419730101 -0.0465273369537639 -0.327456021856678 -0.173704178037328
-0.0608324789082118 -0.0697826487818498 -0.077433399059615 -0.456313886049317
0.0077907962227454 -0.0692839880112791 0.435465528341311 -0.596130399090392
0.0874305266989839 -0.000781991601789159 0.813916014511309 -0.178813034540696
0.0661998906629616 0.071398178275374 0.565026897295293 0.407814746643064
0.00418279720149753 0.0748303493861044 0.153784371088931 0.355210359133957
-0.000948183548128966 0.0682298896104511 0.00682208113552918 -0.123709363645347
0.0251774625266614 0.0802756211300086 -0.207119476109087 -0.60404271859783
0.0589478192597576 0.0422496180058719 -0.71890887790869 -0.50820423171126
0.0278964889708085 -0.0366063291575492 -0.764047516541988 0.220223943255722
-0.0215861513914634 -0.0595720744607138 -0.216522180138821 0.672868140774342
-0.0726085530253424 -0.0517501654985418 0.147875272857416 0.556224600585628
-0.0729911933311417 -0.0301096245596829 0.16708313153851 0.123571708912799
0.0211014847915166 0.0281328497256513 0.0627669487179049 0.0907871597611682
0.0327384545827824 0.0054405051588968 -0.173021375055486 -0.10239205222862
0.00713659022353436 -0.0361012926502671 -0.317532989760715 -0.196973361472969
-0.0545946717956617 -0.0303512628048062 -0.0584522492727825 -0.464663474300735
-0.0586553876120473 -0.00190540334210975 0.458886335919404 -0.563729040597384
-0.0259865485145608 0.0197055186169339 0.822304393754988 -0.125415684936929
-0.0303327138464632 -0.00577146869768224 0.558142321470539 0.441081964357293
-0.0149784577588225 -0.0633372058353438 0.155725879380803 0.358874581240253
0.00407956717801882 -0.0770606957806955 0.00980413971570216 -0.122478387831286
-0.0257806821711113 -0.0422261189800294 -0.226389957869603 -0.580189741780397
-0.0536587877485463 0.000940900717954031 -0.734185897153226 -0.447651851917594
-0.0899201143261471 0.0111364758222929 -0.736578602389702 0.274411649443432
-0.0629568181802369 -0.00950062197601281 -0.183405760225125 0.688310201596107
-0.0244965041568142 -0.00498244010663635 0.15535192530017 0.550114907438615
-0.0109197805152238 0.0100304521453002 0.169717113648803 0.120089557220755
0.0777651513224331 0.0489916403119766 0.0615750141192096 0.0900193069372857
0.108922601061978 0.0318565962628419 -0.16546927217782 -0.12356100547836
0.0549201132000853 -0.0144425399579359 -0.285306270017331 -0.253719916685213
-0.0633133024686808 0.020720098118214 0.0108570836350497 -0.493025961571826
-0.128515617567877 0.0534446112993856 0.529963940317732 -0.491774350081509
-0.134866128375266 0.0139617060377919 0.814243503606427 0.000129760055425014
-0.110706675337746 -0.0980071860466755 0.501253795314248 0.478252909450291
-0.0335093655180693 -0.191446584587562 0.143606462947663 0.30513258180193
-0.0161117253901232 -0.198486917957547 0.000133732610048831 -0.177458299150732
-0.101804120393627 -0.126006236324451 -0.315509472078305 -0.548858131892095
-0.168569003430313 -0.00198205433957787 -0.776531893846852 -0.285960556904576
-0.185948400088876 0.0753349292610453 -0.644342624751485 0.406199275590027
-0.0807154475944278 0.0402374160673923 -0.0900322798457541 0.688916494859601
0.03621432007007 0.0387860089612342 0.180656437681362 0.495481002234612
0.053149758354341 0.0456434872297711 0.155483895501683 0.0887095130611132
0.124227154262206 0.0717311965887471 0.0454978754774092 0.0760909080383896
0.157208580651835 0.0620513265552552 -0.161953647614146 -0.160699997576843
0.064925754056553 0.0218904149974033 -0.233653334552552 -0.338268444651963
-0.101788689094919 0.0770952739180132 0.121148064585382 -0.513598482945122
-0.202656044380684 0.07448710531294 0.620324724820574 -0.359908692616611
-0.218447915995659 -0.0367278318169753 0.772346669469153 0.176862154464795
-0.150289699225667 -0.200621948124083 0.402980232140805 0.494747663504647
-0.0505716384187571 -0.291438198976229 0.11790391098416 0.206633670876876
-0.067050108696115 -0.268245618347256 -0.0425093916211236 -0.264626558012065
-0.198917247014247 -0.1398809175266 -0.449079077595945 -0.475297560765043
-0.260288745034368 0.0497250027817234 -0.794148792249939 -0.0468673533280745
-0.224101454087676 0.143906779332726 -0.490235254591936 0.548477902705504
-0.0523225003296648 0.075151642925779 0.0320685229359308 0.645373097650927
0.105238822197724 0.0672229593745226 0.212534832978212 0.398127636320006
0.107480062817261 0.0692188669711701 0.126560307452664 0.0371423066486241
0.151059324590938 0.0910210762631789 0.015193831608891 0.0486653900866499
0.165954373984094 0.0929077359922239 -0.157924729036648 -0.220063578834159
0.0350425317238651 0.0640841949067069 -0.159411641535243 -0.434655817946661
-0.159755767791201 0.115454067099123 0.26179435467462 -0.49527819782361
-0.258624337734901 0.0461991225208105 0.700540144240185 -0.165449300935918
-0.250032812836575 -0.123921542316009 0.680251313769525 0.361340379151397
-0.140123053701711 -0.288283430279594 0.28774758968398 0.477215885050561
-0.062709686751706 -0.347845312541835 0.0843188808400033 0.074491997642427
-0.13006865589779 -0.278001798344651 -0.126059014130672 -0.349723347836421
-0.27547592168555 -0.0917928565442598 -0.592947028030783 -0.345838481420734
-0.295698571985174 0.120322987472384 -0.756360547539046 0.21105393219167
-0.19530450096238 0.180432995050656 -0.310779042352142 0.638929643936762
0.0110644311493735 0.0845450901409095 0.146955241983191 0.548997708451054
0.165644488027633 0.0789835648868247 0.234290164111679 0.282226193789444
0.141741689628939 0.0770050713386022 0.0874452366143496 -0.0199803333454248
-0.149841248768741 -0.0360637057615279 -0.04515764883827 0.012100968001089
-0.209471036592449 -0.0411918883766862 -0.219788267648899 -0.145488248775705
-0.103521466403374 -0.0741517599070423 -0.243715874564439 -0.36137011410576
0.0502343190377878 -0.190841667462187 0.134620389436446 -0.591048964958185
0.235799016004929 -0.195030796846414 0.614209795866031 -0.452481610629586
0.312713989458832 0.0364541144253809 0.724809201290849 0.0915588118221569
0.192867088197691 0.268355570216202 0.321222518274382 0.363099042015307
0.0395818285365739 0.341596278172783 0.0676214451225951 0.063536664340802
0.0831762796746628 0.324160313790168 -0.112159104172417 -0.404244664866638
0.232361564517874 0.208785141361893 -0.532368529065981 -0.578393498699808
0.293377401117827 -0.0180715041840179 -0.834122505287684 -0.0930865413499007
0.171931631727314 -0.156149122555806 -0.496545122683952 0.513283779687249
-0.028701259460751 -0.105692034753622 0.0277319051649985 0.578803696095348
-0.200145412694448 -0.0857141369740942 0.223560132952971 0.337609387815631
-0.179245750279503 -0.0844971125482313 0.0750054597877074 -0.00108570108519315
-0.129361223935572 -0.0232968344336146 -0.00920127399794245 0.0465804628126252
-0.191051203633424 -0.0341652040645139 -0.213209313332452 -0.103171650782295
-0.128590712158937 -0.0565739197127793 -0.2924953772135 -0.250418018279295
-0.01718779694268 -0.14860743760053 0.0237456529705325 -0.538285885550479
0.159434960971295 -0.184868367194856 0.521100884206851 -0.558992699103411
0.27416210335482 -0.0128278281862212 0.771868141752861 -0.0598146925461114
0.197845665488432 0.205363377554722 0.4312163157538 0.37708380314588
0.0341825870523768 0.293425541244683 0.105309338053294 0.194950374999238
0.0304223749118491 0.2968101870662 -0.0409487435139653 -0.288459471313266
0.155849352494476 0.239313149752815 -0.373319859339081 -0.633288224997774
0.249599612051959 0.0515948762245156 -0.802336871794329 -0.318526408890946
0.178575225349956 -0.125053311267574 -0.644876418265942 0.379080188987883
0.0067178548444588 -0.115118668172181 -0.0828517216581341 0.631311667145992
-0.163062801237515 -0.0969281070009515 0.196413891077628 0.438533341278179
-0.163607048461991 -0.081246821623459 0.116391539606531 0.0536950003253595
-0.0910245451284885 -0.00689960228227174 0.0243816287959046 0.0686763397769764
-0.134534695228843 -0.0270493062489977 -0.199442023890594 -0.0874753106597828
-0.109690927348218 -0.0493635753838726 -0.319234592757996 -0.186895111647258
-0.055040219842478 -0.105628411985313 -0.0498593946695559 -0.47998854656237
0.0778190628259307 -0.135387884048479 0.453556398508252 -0.598514398463663
0.191349208395037 -0.0193159582382834 0.794298644635221 -0.159029903574759
0.149121653110507 0.138710857531374 0.517880958466046 0.383845755412938
0.0210784886979018 0.199527222912806 0.136662627970703 0.296304806378884
2.68295650339648E-05 0.203249812909757 -0.00654452564819156 -0.183017080794573
0.0780150573431379 0.189635229779405 -0.259127036217878 -0.625855278198118
0.163202367018331 0.0723865728456988 -0.747711538366362 -0.460608901015021
0.124947410198572 -0.0784563858734421 -0.729991916966566 0.263965374421728
0.00933550873227989 -0.0978212013316974 -0.171717019512838 0.656194292811919
-0.117968158181217 -0.0849761841158049 0.168340546029753 0.514714565699703
-0.126123730632738 -0.0611285725144703 0.148369072035673 0.0984698595956426
-0.0378790512712874 0.00906039174163578 0.0495327519508341 0.083873734321155
-0.0548851920742671 -0.0135196462485227 -0.184734049213716 -0.0884457387559107
-0.0571316976498001 -0.0460133009629547 -0.327853887400647 -0.168943167152205
-0.0602403497852419 -0.0687598746523387 -0.0809632084854366 -0.453541851373054
0.00744937338183452 -0.0696234002453787 0.426506025535301 -0.597080915411244
0.0860282652953872 -0.00167569287224369 0.806563777281874 -0.184038963015442
0.0665755297643511 0.0707935466626694 0.562586886067962 0.401138477942162
0.00442521388502932 0.0740302277959523 0.15612950382447 0.351838132934051
-0.000340389437694707 0.0672228246851268 0.00507168362296013 -0.122891642267225
0.0252917635290381 0.0807534563354666 -0.209729312518715 -0.598457040951298
0.0585995883739891 0.0422154991116682 -0.718798018058411 -0.499089451101824
0.0269032186236713 -0.0355445104692598 -0.75827978667706 0.22540823276704
-0.0226711507628886 -0.0587077185353158 -0.207572311995185 0.671637339911582
-0.0735921049595627 -0.0506673747687179 0.153571583089356 0.553296532057334
-0.0732058860399724 -0.0289669818298206 0.167817671905488 0.121214436367329
0.0212496638877922 0.0284747595785217 0.0632591351998455 0.091178016829898
0.0324961885142472 0.00552107945092054 -0.173523835766777 -0.100438692043001
0.00741262107100207 -0.0371574240867302 -0.316547154663187 -0.192659584852518
-0.0547481334758565 -0.0294384136621274 -0.062382968421445 -0.460851881953953
-0.0573895572697985 -0.00142996774433223 0.451547340543881 -0.562976873656426
-0.0255224209527065 0.0201503235631332 0.815740605832544 -0.131715985344315
-0.030621237676357 -0.00589245200726155 0.557729981832559 0.433308935293339
-0.0157713083881662 -0.0619500942224446 0.157943260417786 0.354676094864275
0.00322089553008267 -0.0783454166046554 0.00884533849878007 -0.121017808315304
-0.0255040141999192 -0.0422392484848477 -0.232848231843851 -0.575746548697745
-0.052969422336182 0.00105354791844782 -0.733683125909288 -0.438103360907046
-0.089737678547275 0.0127318662811608 -0.731416570547204 0.277982581513375
-0.0630697285343126 -0.0095069629234174 -0.17667462385024 0.686008793747961
-0.0244941658349104 -0.00447649501695967 0.162509454494092 0.546589041001273
-0.0100511930549966 0.00957883470424929 0.170278626459517 0.117423043336906
0.0768986308685619 0.0490335790388534 0.0625795623848013 0.0887353484515148
0.109520191155858 0.0309275490121934 -0.166890641796914 -0.121705091381773
0.0541563520848163 -0.0144047226104465 -0.286087189093552 -0.249916220431756
-0.0626490942665435 0.0220583952915828 0.00607433137385897 -0.489560855684464
-0.126955567713122 0.0541957645065157 0.521993247436279 -0.491694932925853
-0.133985045912295 0.0148317829856447 0.809587233441852 -0.00687872216454651
-0.111459764827704 -0.0968643012942159 0.50158067005091 0.4696637383563
-0.0361161582338486 -0.190308964842447 0.144556623040644 0.302614532180065
-0.0174000655901799 -0.197075046624717 -0.0022820550269017 -0.177208034324906
-0.101814573222638 -0.124728766144566 -0.318487664411135 -0.542008143072651
-0.167486764620985 0.000584368566111541 -0.774892386143312 -0.277189395397162
-0.183536997478789 0.0776024296287311 -0.637089076300715 0.411008642233173
-0.079821732937888 0.0407275457660537 -0.083016127263612 0.686319039390014
0.0358547870933226 0.0379829868235584 0.185180401693758 0.489550918934808
0.0534488883491865 0.0457393253925152 0.155783133882005 0.0866661265161426
0.123856725587371 0.0699443247828045 0.0457375723789436 0.0755642542339372
0.15794150821533 0.0604245003138107 -0.163752462804192 -0.158711877933255
0.0652785573015864 0.0212059483138459 -0.236343182360759 -0.333446117196553
-0.10097703524103 0.0781099367800016 0.116803400238813 -0.511891403344198
-0.200658614662108 0.0760917145270325 0.613075392288875 -0.361258924237375
-0.217516870150008 -0.0348796186340261 0.767822143126168 0.168685516046783
-0.151681584044329 -0.19768258547357 0.403439482028766 0.489458323157638
-0.053490487340128 -0.289435655934831 0.119024561971852 0.204595213655586
-0.0682258994436054 -0.266219351797635 -0.0452378030878997 -0.262564214784243
-0.197987500348477 -0.136969290220348 -0.45137626816754 -0.467911350172228
-0.258582622441679 0.0514918780496162 -0.792408310457017 -0.0393007857031473
-0.221932640837611 0.144956852804311 -0.482877899028147 0.550486956175105
-0.0514453244255692 0.0750021505780378 0.0399376753951121 0.641045242437382
0.105438037860268 0.0661200612302501 0.215813543273751 0.394191120770547
0.108026775909434 0.0693588806241402 0.126762100261184 0.0350388885793956
0.15151764229372 0.0899475278897503 0.0154957052194102 0.0479338162064136
0.16686754567302 0.0916900619855413 -0.160148017193424 -0.216958642959207
0.0355443663689502 0.0625898129863057 -0.163960416017243 -0.429156101783954
-0.157960217868102 0.116165392968133 0.25491408466324 -0.494323943477264
-0.256418804919443 0.04761038569188 0.694502347378438 -0.171309336573103
-0.249913363884848 -0.121224848840413 0.680514518749351 0.35251592703146
-0.141188078610289 -0.284486121594215 0.288522001727711 0.471508267014409
-0.0654387567420325 -0.345643214226057 0.0847312964576359 0.0744834446330638
-0.132189413439669 -0.276166781880009 -0.127954363286187 -0.346732769428224
-0.274952658464735 -0.0889904107588557 -0.591235515993281 -0.339989840789514
-0.293332251913814 0.121525096858665 -0.751519144819 0.216663796482835
-0.191903355870409 0.181747677108041 -0.304774205439847 0.637801483348695
0.0126314544278148 0.0842395829637375 0.151985552068707 0.54381234051609
0.165234124672424 0.0765870181923883 0.236147640442304 0.277939363888077
0.142003694570394 0.0761499151955907 0.0872053456378255 -0.0206977760824353
-0.149199941612201 -0.0341590857586692 -0.0460517238586203 0.0125729475092074
-0.208794510456212 -0.0388023366461929 -0.221214263878558 -0.142686944587409
-0.103526764833128 -0.0717587384320898 -0.245925176168268 -0.356868234626207
0.0482073669787843 -0.188656805119305 0.130538686982289 -0.589277141389698
0.232258037290412 -0.196774748365087 0.606112753645889 -0.454489072431367
0.310626217380096 0.033543733048265 0.721923812070771 0.0868268128551329
0.193498939794414 0.264879589898237 0.32063774527627 0.359120575231771
0.0418963902705032 0.338915952444509 0.0669463909774562 0.0629005478047707
0.0849965259778206 0.320781322453884 -0.114176541319872 -0.400441001365573
0.232286193719222 0.205069446861813 -0.535282612656048 -0.571336204219261
0.290122308123945 -0.0214222283644426 -0.830967954191931 -0.0852419397938561
0.168896954480369 -0.156425620258742 -0.491368321328214 0.513549436416635
-0.0293652758927456 -0.103528702877028 0.033475979950717 0.575650732104258
-0.201027827210986 -0.0831072541814329 0.225237128437727 0.334656687105092
-0.179459257587742 -0.0829147077769896 0.076088509453154 -0.00119152169563223
-0.128957467502661 -0.0222908920337405 -0.00880796867732007 0.0466772013192233
-0.1895521534674 -0.0331323317271269 -0.213293796933962 -0.0995905692940044
-0.128438657893482 -0.055464542624631 -0.291790853670873 -0.246525373702316
-0.0183765470759597 -0.146954743893007 0.0203596930136421 -0.535773172828916
0.156836324078288 -0.185248811374122 0.513315688934467 -0.55898120163962
0.272575756048138 -0.0143654829119925 0.766274677054029 -0.0665247459743591
0.197750380176099 0.203061092531154 0.43069134658842 0.371820728132832
0.035524272829694 0.291052753225457 0.107959874278695 0.193087581479128
0.0317248719523503 0.29490973324705 -0.042511280347666 -0.285974980657013
0.156378294846212 0.236509024658027 -0.377296895073391 -0.627221170476066
0.249581179868001 0.0485762277836338 -0.802488309857882 -0.312282882159579
0.176278529655075 -0.125892639643017 -0.637690085566307 0.382844025483374
0.00627135581764837 -0.114382927509073 -0.0777007602628004 0.629555769682377
-0.162116760329292 -0.0943399786135348 0.199357645652467 0.434608662917267
-0.163532998028115 -0.0799106686103374 0.116232238994744 0.0522302092291814
-0.0907189354844999 -0.00615520258037524 0.0237951727326169 0.0685088219356742
-0.133182919577855 -0.0249136685787038 -0.199569264431099 -0.086416252393198
-0.10986194151215 -0.0486677608516411 -0.319693534441372 -0.182229215344103
-0.0563039385243251 -0.104418851097285 -0.0533206201865462 -0.477112861983191
0.0760730599201616 -0.135359162202339 0.44527175907528 -0.598012006911669
0.190758000917397 -0.0217368872599823 0.788296997127615 -0.165687283872601
0.149807450803954 0.137208105211583 0.516165644353567 0.378925393422593
0.0218869131350942 0.197793743505966 0.138813768972036 0.293566535954541
0.00139530685531147 0.201837238560024 -0.00736868446274052 -0.181062610342532
0.0803660982044141 0.187472660910014 -0.26222955868091 -0.620363477201802
0.162926685513138 0.0713161754244395 -0.74638384295611 -0.451621470236628
0.123805069127148 -0.0791087145692022 -0.725364035690725 0.268002137751145
0.00821673993239411 -0.097445116324915 -0.167168449639441 0.654132297178957
-0.118111228232622 -0.0830589595238699 0.172392710847491 0.509539700466604
-0.125782202545327 -0.059546290290672 0.147969907281712 0.0965803154491196
-0.0372931430201782 0.00987332384487353 0.0503313413430817 0.0832702421366036
-0.0540820595938468 -0.0126587176204323 -0.185194640991625 -0.0874289488069661
-0.057860964785968 -0.0448640144147701 -0.327000031269246 -0.164083376457062
-0.0618423255433056 -0.0683831180086056 -0.0853329087194484 -0.450475470189502
0.00628518463856804 -0.0695938682857643 0.419195376137424 -0.595974854962409
0.0863711318204434 -0.00241251935127786 0.800550741358677 -0.19000188642467
0.0658274406649659 0.0701284867990618 0.562833331139887 0.394764363103935
0.00428117986678605 0.0740030541668609 0.156915238030033 0.34937863744959
-0.000969744443833897 0.0669031942372448 0.00437086782615708 -0.121681158337945
0.0255881282904552 0.0794286235447655 -0.21439865929557 -0.592391345239301
0.0590695919120199 0.0421974378594614 -0.718811937301186 -0.491078653518388
0.0264902047344075 -0.0354905555405962 -0.75365905396169 0.229793152024137
-0.0231373654021854 -0.0580520573729049 -0.199093276098021 0.668678953991681
-0.0735434210559403 -0.0498396065390314 0.159637113223106 0.547690278158494
-0.0723869055304837 -0.0275198153336692 0.167677606186381 0.118842837484181
0.0213419680709892 0.0280178490594978 0.0641995956863847 0.0895610648282923
0.0327850019504899 0.00558594789677711 -0.17432666457588 -0.0992491712365119
0.0059585194535087 -0.036553583016888 -0.317566058055004 -0.186898203641289
-0.0553354450410616 -0.0287354838015677 -0.0662236091169889 -0.456556470626022
-0.0564353854468512 -0.000637722029269962 0.443190634712169 -0.564140025296205
-0.025446199968886 0.0204786793252227 0.809034668577065 -0.136795674950677
-0.0305934534687386 -0.00545349149781803 0.556644186077491 0.42609244879961
-0.0165920401103854 -0.0617898553167454 0.159561453744267 0.35072496106123
0.00259195671580663 -0.077874826901115 0.00692294241095785 -0.120413139803384
-0.0253427240502089 -0.0416980560345225 -0.233862067222186 -0.568461848067022
-0.0527223011032437 0.00235443249807071 -0.734087724256211 -0.429451026626268
-0.0888731305352788 0.013768353735244 -0.726115693115854 0.28179305728237
-0.0628520930495162 -0.00868735327400181 -0.169272001813143 0.682759462356754
-0.0245694566554805 -0.0049761454435499 0.166778835282608 0.542654491731164
-0.00999135082891598 0.0102873146137662 0.171395266560405 0.115391729263797
0.0777431598499971 0.0481591244995121 0.0627906029690224 0.0876812121880919
0.109057723595671 0.0301224391586831 -0.168111455565537 -0.119496500800644
0.0538588097773657 -0.0153549157214392 -0.286865160506415 -0.244472595455116
-0.063334529983975 0.021716759339829 0.00107670745876489 -0.486995388914383
-0.125551689255624 0.055097922021016 0.514239456718351 -0.493840479557102
-0.13287022838462 0.0164310545104784 0.803637126907007 -0.0138147459649635
-0.111728731981796 -0.0947138574103976 0.502499472895362 0.464163803086001
-0.0369211623431996 -0.18901055536159 0.145633528487018 0.29898286697432
-0.0176193674507153 -0.196427838597435 -0.00378215512773055 -0.175252429279263
-0.102410412415007 -0.123789035084472 -0.321517341689078 -0.536571712370305
-0.166399515315194 0.00110121191532549 -0.771272656671925 -0.269028538662808
-0.182979785868012 0.0790749963721563 -0.631045352666131 0.414515044722364
-0.0791508128655168 0.0402561681988865 -0.0761934619872717 0.680759176051947
0.0360740803664766 0.0369250292584242 0.191532855276268 0.484569613453124
0.0538722652804945 0.0454743663549017 0.156391001156289 0.0841224094878872
0.123571152914926 0.0695456099847009 0.0465920780831694 0.0740722323818692
0.158275777263072 0.0596234916401644 -0.164306460443764 -0.156384728133768
0.0649204469822461 0.0197148318595756 -0.236810843417432 -0.328850856064047
-0.0993785876266432 0.0781583537799515 0.111604354894005 -0.509958617083543
-0.199014199819947 0.0773123189836477 0.605716731665922 -0.36465967144608
-0.216617126791708 -0.0319141339676663 0.76682929266128 0.160041930098298
-0.151983374611136 -0.195693240564154 0.40581899307798 0.484464193061547
-0.0556654739880304 -0.288288623491588 0.120173098457966 0.202581921409102
-0.0701572328453781 -0.265104727444404 -0.046885417085394 -0.260625430939658
-0.198300673141832 -0.13540077581377 -0.45347745722741 -0.462766710967785
-0.256448761053257 0.0547418001373736 -0.787711780311348 -0.0330037790077989
-0.219403174055805 0.146867953829609 -0.476521580286271 0.551200509073442
-0.0511736562572798 0.0744140123557564 0.0438203032415421 0.63737195618646
0.105105850234517 0.0642813936471533 0.219005036742979 0.390256362347566
0.107486004633851 0.0680743359819396 0.126633499710199 0.0340717538042191
0.150317620955491 0.0884842739148936 0.0161509966232633 0.0465536927875204
0.166999044238998 0.08971918422604 -0.16099087806145 -0.214852904135779
0.0363221078831074 0.061878722408121 -0.165924194752722 -0.42524087571842
-0.156439855339058 0.116690183488169 0.249935713829062 -0.493895680655079
-0.253673219151654 0.0496930442077318 0.689330985337035 -0.17489553431321
-0.249915710391911 -0.118293902508493 0.68009191603462 0.346704747515324
-0.141962427507649 -0.282405350472265 0.292472914380273 0.465908682558012
-0.0678818885622402 -0.34329496357718 0.084666993652383 0.0732849353709245
-0.132565984709353 -0.273038202318405 -0.130084561217804 -0.34320207994885
-0.273708582456688 -0.0863630111360581 -0.59041497207865 -0.334898590495464
-0.290718862368287 0.125091574619194 -0.745008025541683 0.221247358771968
-0.189894212704958 0.183804708066072 -0.296604373334818 0.636472849243965
0.0134888402462644 0.082566539130262 0.155346059856029 0.539571494007096
0.165507404172091 0.0748273302529505 0.239000295926576 0.273962167478972
0.141668720742726 0.0747723496337764 0.0867850931367688 -0.0209532966693708
-0.148885182407258 -0.0338105578898236 -0.0458186685741455 0.0134201272985347
-0.208210474178026 -0.0366753064807644 -0.221600860348864 -0.140661127154798
-0.103774483911007 -0.0705055743150682 -0.246508061443934 -0.352659696370535
0.0456289978002201 -0.188471761379197 0.125201959725062 -0.586969513709722
0.229664642154092 -0.197533227961688 0.599968643899997 -0.457935696363803
0.309330328138056 0.0313108442900874 0.718736083878986 0.079623007553728
0.193854474645063 0.262119907145472 0.321067768851306 0.354805140652804
0.0427650899775888 0.33770446802402 0.0669100189014705 0.0631188851110346
0.0853751487011438 0.319176819409988 -0.115438856936958 -0.397639980562979
0.232493016891644 0.202763125455119 -0.535309843452782 -0.56498218564865
0.289758334724221 -0.023574526543757 -0.825772299451987 -0.0787750334343541
0.16651234144298 -0.156528398285162 -0.483939135812539 0.514892495077948
-0.0309319349007451 -0.10257695104837 0.0387601434588388 0.571374966246765
-0.200331893152961 -0.0804649408834161 0.22704061399999 0.328809709756265
-0.179465860126129 -0.0808360865214263 0.0753907921189024 -0.00150698309569783
-0.128818423423098 -0.0210980695248312 -0.00869037405068618 0.046388046848911
-0.189202280545338 -0.030921312049061 -0.213163642790851 -0.0973253745499545
-0.128569354723105 -0.0540275200691886 -0.292099707162776 -0.242208346014495
-0.0203101719865625 -0.145738840006996 0.0164135427864048 -0.532653632770021
0.154188671319308 -0.186063211274763 0.506558994799513 -0.560446322431491
0.271151125446969 -0.016365842435777 0.763000459556865 -0.0700256180465623
0.197344734817182 0.201458236691197 0.431355375307078 0.366667187131258
0.0369145933672333 0.289554440418923 0.108603525792952 0.191660061815927
0.0328419595053701 0.293105585048623 -0.0438950081233788 -0.284211808591782
0.156968967467664 0.233970341079419 -0.379683605836243 -0.620092450492732
0.248639088250796 0.0467236279666615 -0.799649303107983 -0.305467877131318
0.174370008735202 -0.125833836169452 -0.630814736980735 0.385291291814853
0.0050964768735029 -0.114610156529603 -0.072186135978275 0.626501077463682
-0.163437155800338 -0.0924013947167094 0.202353627938996 0.430334078374128
-0.162448143616287 -0.0782445520911257 0.115709945755883 0.0512314995024409
-0.0899948522824795 -0.00525601698222627 0.0244014432148581 0.068120140902682
-0.133221026232676 -0.0240409929946863 -0.200101901832621 -0.0842837956836544
-0.110322701178448 -0.0479736294272608 -0.319156555867729 -0.178218069706986
-0.0571764974696996 -0.103162480050072 -0.0574476150041626 -0.47470771899166
0.0748397661444597 -0.135822320074105 0.440253061707328 -0.597778954477633
0.189324986828506 -0.0233794340342898 0.782795882844575 -0.168271515814576
0.149549992117999 0.134720937750646 0.515138393739615 0.372930100602793
0.022502775985248 0.196551318101555 0.140375376536049 0.291407944093421
0.00229053312213524 0.200941020323064 -0.00854105956415284 -0.17923738269765
0.080612844380394 0.185699344737723 -0.265550154075283 -0.615271047282627
0.162408852912379 0.0696103723520551 -0.745268458406728 -0.444634522643692
0.122926082303147 -0.0793254042313486 -0.718439101731308 0.273172897993596
0.00690396322385487 -0.0963036282764396 -0.157964745041051 0.652055714052797
-0.118641572425824 -0.0816819387778898 0.176407313265753 0.506129497319506
-0.125111484062748 -0.0581990247938129 0.149294447577765 0.0944997664241501
-0.0370719732073565 0.00982357784052599 0.0503392511604101 0.0825298923481657
-0.054236718505993 -0.0121693634537425 -0.185716642796101 -0.0858989701626132
-0.0580693134751805 -0.0437723500799118 -0.327251938273425 -0.160699357206109
-0.0625302079127521 -0.0669729885839829 -0.0876775246809102 -0.446966307796387
0.00623778776254488 -0.069132870221725 0.412892164875622 -0.597213611719857
0.0862186712778984 -0.00251526151650227 0.793109901375791 -0.195046079171277
0.0656249539475214 0.0691094692524599 0.562750310525858 0.388789980946357
0.00398378501814139 0.0733702526790373 0.157625531329127 0.345823194938448
-0.000465875121697386 0.066843776711883 0.00330934778033744 -0.120330319782532
0.0266145474295867 0.0782736461146813 -0.218215585276845 -0.588071074082489
0.0594198940129408 0.0410914855926275 -0.717355315928407 -0.483825636041148
0.0255435089057311 -0.0348299020634899 -0.749787872829743 0.233527529226938
-0.022995902509272 -0.0577512532227826 -0.193675761311651 0.667967729455172
-0.0738771383876421 -0.0489372962766455 0.164979981325055 0.543581687393707
-0.0721121189546627 -0.0264200390228708 0.168704259963326 0.116594507716253
0.0213238216505592 0.0276608917395853 0.064192202346946 0.0888487472642157
0.0326581283304911 0.00573163166026065 -0.175446660950058 -0.0966100844920503
0.00574126847565832 -0.0362084821524868 -0.31719815614159 -0.183391870957897
-0.0556861308937166 -0.0281022602541783 -0.0689998937326742 -0.453674398365999
-0.0565338415921616 -0.00101639772266389 0.436871754528179 -0.565339411030679
-0.0251366263962737 0.0206780427511396 0.803360594795497 -0.142194368470461
-0.0308003458273169 -0.00493695698889027 0.556386572459232 0.421238416832934
-0.017025545301694 -0.061994281054337 0.160386806867572 0.348181432585629
0.00169506304843308 -0.0771218466564712 0.00649199298528003 -0.119131357901913
-0.0251801847633225 -0.0412538928232941 -0.237451244812573 -0.563854866332822
-0.052307957928532 0.00278799979948349 -0.731797189280468 -0.421929372916531
-0.087961311745217 0.0147519172953794 -0.719739105322515 0.286762053030729
-0.062578228272822 -0.007841075101556 -0.164681920827234 0.68072309878701
-0.0246688085320214 -0.00487622903497643 0.170709221946053 0.538487400337197
-0.00988624495978901 0.0108290739862869 0.171438703555164 0.113475876733886
0.0772992270566942 0.0475600301436725 0.0634371931661449 0.0866016099390743
0.109354565466459 0.0298950495407582 -0.168381614722939 -0.117683546162437
0.0533711693211592 -0.016274933651887 -0.28657942330936 -0.240480828064613
-0.062636244746464 0.0221996128710148 -0.00236153300591165 -0.483610853236378
-0.123893807282967 0.0552666508319702 0.507539852214541 -0.494775041256061
-0.132308000495562 0.0177180935290859 0.798768537918206 -0.0182762245519602
-0.111689355486242 -0.0937624669054559 0.501140043520606 0.458177550716184
-0.0385022532917969 -0.187454048874156 0.147195599772393 0.296926333344433
-0.0194876193335891 -0.195323976137288 -0.0047300086833875 -0.173688882929699
-0.101907561286799 -0.122952034835235 -0.32484134200561 -0.53244711844633
-0.165441813972872 0.00322751872319333 -0.7710601894442 -0.262619236379892
-0.180942045054385 0.081287491685612 -0.622728212470152 0.415334930465434
-0.0784821583399458 0.0408536170733614 -0.0720309359998098 0.679466080163509
0.0354899992995733 0.0361755387390555 0.194703597205 0.482254735526692
0.0539109445360203 0.0454699672508363 0.156611725851362 0.0830128293898782
0.122742016169931 0.0683361873057108 0.0475584460890553 0.073160266729403
0.158444279696975 0.0582840669807625 -0.165415637779934 -0.154454366989774
0.0646654794929244 0.0193594332868062 -0.239034340276231 -0.324578927013505
-0.0989565769338313 0.078531136469167 0.106578015697477 -0.507450425690852
-0.1963740865378 0.0782432354616422 0.601496831370564 -0.367250862462362
-0.21584465981722 -0.0302448715379607 0.762272845290378 0.154263216465654
-0.153124203439365 -0.193691212291405 0.406499273814166 0.477817762522115
-0.0576132016279718 -0.285564262613566 0.121041823250313 0.200251548660036
-0.0714508019360043 -0.263539829281099 -0.0488984139629174 -0.258810124173412
-0.197830184584916 -0.133812769463433 -0.453159577691088 -0.457669480110798
-0.25441142767551 0.0559002652589612 -0.78364724640803 -0.0275128965471067
-0.216665843703252 0.148499335528019 -0.468637602788085 0.550600144271778
-0.0507715299222222 0.0740877193938937 0.0485891681095042 0.634340809444274
0.104870657953362 0.0629151486865076 0.223145372469907 0.386749852693273
0.107599733876025 0.0675540497828791 0.126358645438448 0.032741631313086
0.150688719328253 0.0872504298706363 0.0167453899018942 0.0457790253590135
0.167417397506573 0.0879098326146467 -0.162479891747417 -0.211804093216658
0.0370499629952081 0.0608383158777155 -0.169200469755893 -0.420434281353391
-0.154853545531684 0.11732580443211 0.244111122584962 -0.491609975643463
-0.251893465841205 0.0513149570294213 0.68345576861968 -0.178256174957809
-0.249197801793229 -0.115242338148745 0.678998124216074 0.338759017558058
-0.143783177283464 -0.280475470606128 0.29225801370231 0.461527159189937
-0.0711228645024259 -0.340748224352215 0.0856976386454219 0.0722042828723009
-0.133624213488665 -0.270889644870911 -0.131641392398866 -0.340748576502364
-0.272514608436092 -0.0850428083202564 -0.589114961823555 -0.327645562426061
-0.28813586643572 0.126162052653893 -0.737821375715636 0.224833184509818
-0.187860868909253 0.183725599278528 -0.289990786370576 0.636678325869434
0.0137577474922853 0.0819958280438563 0.160202482979749 0.535603474355696
0.164293989897929 0.0732050632832013 0.241231949495582 0.27208652542807
0.14142966368229 0.0739694318320063 0.086049478419514 -0.0213634340554668
-0.148350388352858 -0.0330722651627583 -0.0458914558938732 0.0135897637142307
-0.207617830505181 -0.0351996116912001 -0.221112971908327 -0.137871234627036
-0.103802034344901 -0.0691859826897953 -0.247296550523251 -0.348734747353172
0.0441868528066763 -0.186786727029285 0.119401259087436 -0.584350236068742
0.227220095138031 -0.198468704261839 0.595020371431374 -0.459249898025113
0.307191873977064 0.0289461230035594 0.715613822796915 0.074914184777369
0.194147964298856 0.259951687206319 0.321512941579293 0.351965851345244
0.0436953675759003 0.336424729878558 0.0681176281635883 0.0622954484594908
0.0867626867105788 0.316682602933026 -0.117447674858144 -0.394202132485795
0.232561349975591 0.199862640778587 -0.537760618893876 -0.557888029970851
0.288364427378109 -0.0242045414324319 -0.822194350410812 -0.074379704999445
0.165257022448671 -0.156433497582076 -0.478389881560964 0.515795520793035
-0.0316565061600845 -0.101842729476218 0.0430337229051087 0.568723511334702
-0.200262121739516 -0.0776556606782696 0.229163703133171 0.326566154733433
-0.178220197501206 -0.0790720864449373 0.0756850691968616 -0.00230632130137814
-0.127858329702172 -0.0204667373751407 -0.00853951880110325 0.0464658694025616
-0.188686024839857 -0.0290676042621058 -0.213740009059844 -0.0950364197886465
-0.129280561439425 -0.0530489349408536 -0.292219812695261 -0.238788536832279
-0.0211191741180547 -0.144385482966269 0.0119432085957181 -0.530755581015383
0.152099110843405 -0.186701623092724 0.500248585837619 -0.561332566216099
0.269646005399491 -0.0173312999669361 0.757057415223946 -0.0770045436990176
0.197491330188593 0.199398875170895 0.427444023499657 0.362165429784773
0.0379858249199268 0.288543394750888 0.109341583301636 0.189502279988699
0.0335815917106569 0.29163283033432 -0.0444569579769028 -0.281990229766323
0.15733336141064 0.23199241024755 -0.381838510005818 -0.614547507858948
0.247341517210265 0.0452093304967504 -0.798525529041277 -0.299925767727573
0.173021855720224 -0.126341436341802 -0.625861398919877 0.387101738304199
0.00403378453053169 -0.113192960757135 -0.066276185235706 0.622448731764136
-0.163804966002327 -0.0898488822546973 0.205133118015868 0.427253601942508
-0.163261490026317 -0.0764446009212875 0.115757968622374 0.0501670908203842
-0.0895495624359889 -0.0050291167424615 0.0251392549178727 0.0676735772506649
-0.13278497625248 -0.0221854141399684 -0.200572844897055 -0.0825442638541919
-0.110149683581384 -0.0466807364946434 -0.31860489628912 -0.174977254189803
-0.0578810455207824 -0.101514544627749 -0.0606553053582051 -0.471175369335702
0.0732549888223137 -0.136198383782632 0.433543574792342 -0.597528247632327
0.188101560368323 -0.0235930104560014 0.77765421441361 -0.173801024120589
0.149466450050135 0.133809836965301 0.51499918273708 0.368062470171588
0.0235922113035419 0.195321144732947 0.140949827280005 0.288333094514819
0.00285673163177684 0.200287398379959 -0.00937665156081065 -0.178371178273255
0.0809106884827834 0.184324866119461 -0.268680170051209 -0.610574455736266
0.162476973734033 0.069248279390339 -0.745364080767543 -0.438803307854068
0.121774292417335 -0.0796990513242073 -0.714118148634146 0.275909755551453
0.0061956440794434 -0.0959174438108316 -0.15319379806033 0.65061932538279
-0.119090644961942 -0.08008254891934 0.179966779930053 0.50182514055392
-0.125349511945768 -0.0565761897800532 0.149118538353223 0.0923675765520668
-0.0372150119432047 0.0105365043258356 0.0513733719551226 0.082325144498711
-0.0542054793778769 -0.0111519039155604 -0.186323640995805 -0.0846912653434983
-0.0584212022585795 -0.0440143785352431 -0.326302411245649 -0.156788495797885
-0.0628226456153308 -0.0658941988544527 -0.0909362628531682 -0.443658781256972
0.00563769146727035 -0.0690707606558834 0.407438172583429 -0.597778024461736
0.0854661447845464 -0.00306365160292039 0.787452756793319 -0.199601402573062
0.0655094621334769 0.0686508585069706 0.56151216803607 0.383147578995375
0.00393818656600662 0.07291978403522 0.159278971385988 0.342670240550202
-0.000224531023550543 0.0661457819398338 0.00220758001583137 -0.119656378303709
0.026366424987118 0.0776807353042618 -0.221316756077878 -0.582335680800471
0.0597693249024034 0.0408223545676312 -0.71886518036166 -0.477673477454564
0.0256547791117717 -0.034733415766866 -0.744046414677684 0.237114024572727
-0.0234278517801579 -0.0577603644134423 -0.189093481126232 0.6651260380599
-0.0741204248667263 -0.0483473713758168 0.168593726603751 0.539295469024111
-0.071773078717492 -0.0255497308312094 0.169057037814471 0.114723500767127
0.0217431541646141 0.0279270543727136 0.0651938064518553 0.0879468631268061
0.0319612221990646 0.00568218629922923 -0.175724295924542 -0.0959525225389489
0.00551928984735182 -0.0364717248894264 -0.316454503773163 -0.179274202536878
-0.0561735870640413 -0.0279161855496563 -0.0722513375312403 -0.451176654462326
-0.0559408289526299 -0.000255859180108706 0.431924345172932 -0.565553096233069
-0.0245225070675972 0.0208701527108628 0.797292133032457 -0.147692748377423
-0.0307714264668715 -0.00464012060878909 0.556085252392461 0.41554261528878
-0.016943897490955 -0.0611134326767549 0.162450482662313 0.34512036399949
0.00112141194461144 -0.0773722452799373 0.00529189892806074 -0.118614440259227
-0.0260323483134565 -0.0410550881447407 -0.240326894497653 -0.560975014199163
-0.0513663912997279 0.0036876954458732 -0.734599075423757 -0.416490778964191
-0.0881640987654866 0.016044299355961 -0.714606534488665 0.289530538222251
-0.0626483369749699 -0.00781112542002898 -0.156351146977718 0.68028900754306
-0.0248206337047863 -0.00486920534535023 0.174880981632684 0.534244040299579
-0.00902391403762392 0.0112146593396349 0.171561070161543 0.111758610723226
0.0779766131015009 0.0474365524582044 0.063561638642683 0.0856195411689115
0.109240662298154 0.0288302069380015 -0.168857079275796 -0.116902147721408
0.0534649173446414 -0.0166460980218709 -0.287770625059457 -0.236283393625728
-0.0632153916893899 0.0223959094009853 -0.00620850845262109 -0.481282060303704
-0.122829548170064 0.0558218713539624 0.501256816909786 -0.495846336216329
-0.131269986334338 0.0187761033172293 0.79409956168634 -0.0241365509146617
-0.112161854400283 -0.0928022160185307 0.499610759565149 0.452549374117102
-0.0397987750012232 -0.186740214132137 0.148347920583754 0.294775774451326
-0.0205291378649309 -0.195328728160778 -0.00614765044199529 -0.173100212093713
-0.102486580367247 -0.121548589797237 -0.325481965173996 -0.527154023607752
-0.164278012475141 0.00419856926355456 -0.769457668851277 -0.256676582188318
-0.179681613700503 0.08249503698815 -0.620157714080192 0.4176673366284
-0.0783048085105517 0.0410725985719379 -0.0659025009015824 0.677220322583657
0.0355692748505104 0.0358423797390343 0.197940667984475 0.478283302867804
0.0537791497234739 0.0447071518318895 0.156757403417477 0.0809559374776697
0.123195182809521 0.0679328112617718 0.047624322279428 0.0722988559010696
0.158179266390861 0.0569517993988658 -0.166029643292723 -0.15340927214386
0.0644176836162006 0.0180745313207765 -0.238905191914779 -0.320197383487987
-0.0983987742750605 0.0786449721799604 0.101966217259713 -0.505710389547585
-0.195022877207798 0.0792037923593116 0.594879835731221 -0.368233137825949
-0.215085911497534 -0.0291804631841116 0.758950449884782 0.148197371439126
-0.153867847567457 -0.192177342556812 0.405412724470658 0.473516781372581
-0.0591419245018218 -0.284083781470028 0.121189687432737 0.198793010655435
-0.0728869601326237 -0.262327497462383 -0.0498357336210446 -0.256938968378742
-0.198202782355996 -0.131915922025723 -0.453233844601542 -0.452154489865947
-0.252527360996094 0.058585362804575 -0.780061679617531 -0.0226830003341076
-0.2150743389745 0.150253622114899 -0.464892375403185 0.553046165195393
-0.0491905860611697 0.0738256208061931 0.0540810066683623 0.630944366799264
0.104603581980197 0.0613883289884249 0.225007737695686 0.383563954306688
0.107794735950227 0.0661989904525974 0.125704742103952 0.0317945493267917
0.149890331224027 0.086324873167481 0.0170163074711139 0.044996131884228
0.16818852369995 0.0863980500783734 -0.164251356795532 -0.209850565640297
0.0364530880963747 0.0600247315275893 -0.169849940775286 -0.416145724941637
-0.15372798050466 0.118896089730196 0.240077820767806 -0.490213966593677
-0.249777530197297 0.0524120490916212 0.680328009791988 -0.180229219637965
-0.248650187947167 -0.113067344852941 0.677823297383485 0.333815012709579
-0.145428974229186 -0.278618068473999 0.293683108210993 0.457071850794424
-0.0727569769886996 -0.338749556325734 0.0852481100490462 0.0721281871687301
-0.134044668257532 -0.269682397053485 -0.133334149485423 -0.338547686883823
-0.271788218664485 -0.082176970691941 -0.588922851609039 -0.322903551274856
-0.285779012382294 0.128678593189309 -0.732215592599754 0.228471079857078
-0.185750999575391 0.185094102877067 -0.284376171845847 0.635336481748198
0.0141342867214387 0.0816781318385942 0.163098019414409 0.532422014694169
0.163887438067344 0.0711679293930061 0.242738691552661 0.269524188831626
0.141858497836514 0.0729035973493259 0.0854809932582811 -0.0217140426388921
-0.148003342388965 -0.0325023498442464 -0.0459858707001928 0.0140395188452746
-0.208050534997657 -0.0329008869643882 -0.221834607144772 -0.136157225643591
-0.104050193690377 -0.0684789577794918 -0.248446364312139 -0.345229159833899
0.0429353833215028 -0.18646017481992 0.116603898177076 -0.581828452269445
0.223751449809273 -0.20007153364998 0.59148673901978 -0.459246819296596
0.306611030474446 0.0265729050895733 0.714258288605529 0.0713111543009987
0.194104287026365 0.258077197025884 0.322084501099434 0.348524557180198
0.0459394745840285 0.333862152196452 0.0685300313935879 0.0620028824344192
0.0871474661822156 0.315303737164368 -0.118859060208654 -0.392809951536227
0.233146344653102 0.196597010488748 -0.537522143150009 -0.553154976020589
0.287461939929737 -0.0271450036551129 -0.819246909520878 -0.0704080289893418
0.163384954586488 -0.156800274886159 -0.472381368960377 0.516885847453753
-0.0327113900569108 -0.100521266092105 0.0463132600845181 0.566196681925347
-0.201279732011691 -0.0763956726915502 0.231656258804758 0.322494337179717
-0.177983251172741 -0.0780137428504503 0.0756107982240316 -0.00204857731800657
-0.12750712689475 -0.0196575928475225 -0.00801015168160382 0.0465007352633349
-0.187143918753442 -0.0277270408835451 -0.213883743768269 -0.0938045717245755
-0.129778756544504 -0.0521037479232354 -0.292221893199296 -0.234638304299116
-0.0218970580126599 -0.143420772788842 0.00827580536181375 -0.529123245372023
0.149562062886825 -0.187603091690595 0.494009410681233 -0.561429721137082
0.26849076605294 -0.0196019312403461 0.753714828608862 -0.0791198368508812
0.198004682607081 0.197016131931727 0.428290496839643 0.358444045655424
0.0384682771291906 0.287248326214162 0.109900769716678 0.18863176268657
0.0350930508000894 0.29031021088601 -0.0459373079733544 -0.280231315284344
0.157552911643842 0.229894174364202 -0.382923925698795 -0.609599833030718
0.246893735690554 0.0434766520611638 -0.796580704605953 -0.293605929408316
0.171219217641626 -0.126732094148957 -0.62149619980381 0.389552139021299
0.00310394165389154 -0.113382140989626 -0.0625234321944502 0.621533320558796
-0.16460179893968 -0.0881265763401564 0.208207943163714 0.423122456854841
-0.162633431956149 -0.075212374098402 0.116464313026036 0.0493010713694524
-0.0891480764218158 -0.00516551272567821 0.0250524809474486 0.0677437216625656
-0.132115654470762 -0.0207294954635572 -0.200625116171811 -0.0811155207053268
-0.110350185411073 -0.0458159282400243 -0.318868474318368 -0.17254834174127
-0.0591613569581173 -0.101092405331912 -0.062798476534199 -0.468927382445841
0.0719042198633079 -0.136503032156542 0.428027372741173 -0.597611463991873
0.187448929217704 -0.0252878810034991 0.771863172632116 -0.178045731234538
0.148889008288489 0.132820359881781 0.512590185369734 0.364734892685131
0.0239801041541477 0.194949494104854 0.142347032972461 0.286945346760546
0.00340103226487842 0.199064039423976 -0.00991568522403762 -0.176929159274845
0.0813682224804286 0.18327274890202 -0.269616226816718 -0.60560637109469
0.161976556272615 0.0676336449945111 -0.744603221527359 -0.433396734407879
0.120655466194418 -0.0796888337280263 -0.71000957174073 0.277929600439968
0.00577603996240929 -0.0956756342726166 -0.148187391561605 0.649597603496555
-0.11959860232663 -0.0790239396906143 0.183542562900998 0.498577084297926
-0.124946823320144 -0.055912428297183 0.149793637614784 0.0916132164786249
-0.0364623309407481 0.0105651144801104 0.0512068025110783 0.0816117795727557
-0.0542378230433496 -0.0102005302065706 -0.187178311561867 -0.0839671116297133
-0.0587409701557245 -0.0438272083921046 -0.326407426266896 -0.154144697791752
-0.0635961596389648 -0.0650116164611693 -0.0929155934643023 -0.440580137438759
0.00557284890801694 -0.0693028808928238 0.402227426732653 -0.596324027727353
0.0854627591341387 -0.00360397781604059 0.782318046276752 -0.203589754856507
0.0655099831253032 0.0678987052901482 0.55860136278711 0.380116267350584
0.00397179010344194 0.0732266019389702 0.160663309009429 0.340376609069317
-5.97060448046475E-05 0.0653511565037776 0.00185470617627998 -0.118692472996557
0.0262782824048509 0.0766658339924199 -0.224506777358897 -0.580422650056448
0.0597891490362409 0.0407107635516826 -0.717262637348513 -0.470981982061217
0.0250328139256505 -0.0345032514644631 -0.737712418015035 0.239743767507899
-0.0240254012932564 -0.0568099383805884 -0.183155360540786 0.665231490896757
-0.0752641868225342 -0.0473969232660057 0.171915204181694 0.536432568801148
-0.0713561635118395 -0.024732161661011 0.169304444494049 0.112651762799586
0.0217203261182596 0.0280499171518578 0.0652433817156274 0.0871807783314089
0.0320328158979378 0.00594712136000609 -0.176217455726051 -0.0950612797977241
0.0048889064085487 -0.0365645857414343 -0.316752761976011 -0.176667472761891
-0.0567062094879167 -0.0273171572604388 -0.0749098303814569 -0.449292895282975
-0.055786620412086 0.000264347100810917 0.425875089340279 -0.566795271551979
-0.0248986239904161 0.0213594215237804 0.7933730308486 -0.150464985520332
-0.0315187980443274 -0.00410800093115708 0.553800088195731 0.41023010773647
-0.0181391313851169 -0.0609498538788987 0.163116882660014 0.343088242021757
0.000566327864300109 -0.0768039044735887 0.00460781280190555 -0.117860049544654
-0.0259405938758961 -0.0410611850380315 -0.241958779041324 -0.556014026653438
-0.0512558503243856 0.00376070519282105 -0.732683477014456 -0.411201045079117
-0.0868807803393949 0.0171966240427524 -0.710314871150575 0.292452032326269
-0.0633333214447097 -0.0072239826939169 -0.152293787429414 0.678890168069895
-0.0255331774051228 -0.00463863152015279 0.179558715546353 0.531015790757185
-0.00956831969029735 0.0117204929396105 0.172242518142104 0.109987845634539
0.0772620083533012 0.046960108055947 0.0644321683917006 0.0849371746372019
0.109148079549398 0.0283335539565035 -0.17018131655109 -0.115161350093166
0.0530523430403363 -0.0165321753980476 -0.288087114985401 -0.232545239499373
-0.0632495369305889 0.0222363058347329 -0.0089163723719088 -0.478727356025222
-0.122364203939539 0.0567985520876767 0.496493658884038 -0.497987987657257
-0.130071622757391 0.0190761083800287 0.791129033237956 -0.0284986067894939
-0.112478108937751 -0.0920948241559167 0.499832398049037 0.449162577177754
-0.0406015886444657 -0.185713392413764 0.1484991362487 0.292954647681567
-0.0211114180036224 -0.193999632331676 -0.00686335323900268 -0.171526247725075
-0.102621776028392 -0.121251696167249 -0.326588218366057 -0.524690775106029
-0.163428241051135 0.00552038671576454 -0.767870667372201 -0.252424813173451
-0.178844076369965 0.0837802640683764 -0.614869255432608 0.419829330713498
-0.0772773934326242 0.0415637141315762 -0.0616758036688507 0.675338432441468
0.0356239555705347 0.0354776393919957 0.202137232912179 0.474597982028984
0.0542159734861018 0.044800599481062 0.157276030727536 0.0796481727093877
0.12292727243816 0.0675476944663216 0.0484965549609489 0.0712937230481417
0.158805024999945 0.0558241799096089 -0.167194078209316 -0.151328988898399
0.0646592362028237 0.0173557984806637 -0.24061476845134 -0.315921381449862
-0.0974642429910691 0.0792618214967143 0.0982564323741169 -0.502296610602565
-0.193660149474505 0.0800341170430704 0.589636467624428 -0.369737804894342
-0.214231182362946 -0.0269439960286497 0.757550254307989 0.142667912474993
-0.153758737796221 -0.190646047536292 0.406652965931434 0.470251128367488
-0.0608739538163526 -0.281949306014866 0.121478500868286 0.197453027886625
-0.0732643729670892 -0.260764767533089 -0.0507179863360459 -0.256289718734733
-0.197700558715382 -0.130614432527607 -0.454188910965174 -0.448880357174926
-0.251051078332551 0.0595466716557862 -0.776027238302362 -0.0173977823894236
-0.21390712938307 0.151269131204853 -0.459881186382561 0.551557643217598
-0.0488703683966118 0.0735340356398969 0.0566809441504698 0.629014353611678
0.105301838791654 0.0607014118312164 0.228135210812638 0.380719697356721
0.107963442323927 0.0666650590265773 0.126277816451853 0.0313731516448725
0.150133061561736 0.0852482215342668 0.0172712373171706 0.0440884421454312
0.168673624063242 0.084714917433003 -0.16615517238342 -0.208206206291572
0.0370065491841735 0.0589421480939789 -0.171738474859121 -0.411618526898259
-0.152805516532701 0.118832592569701 0.237681899916207 -0.488485138031601
-0.248251628893759 0.0538578605625787 0.674906955141125 -0.182636753392413
-0.248674798960469 -0.111569187673963 0.676104844100484 0.328301879172817
-0.146433945546696 -0.276553334454893 0.294522491458235 0.454622503100964
-0.0748188552502633 -0.337126379181938 0.0844807503216529 0.0711642496260661
-0.134831748623216 -0.268373373580098 -0.134483791745914 -0.336623295899729
-0.271513549864209 -0.0807853923779411 -0.589511396837867 -0.316843899368236
-0.283985064226583 0.129730280516163 -0.730571259264996 0.232033195275479
-0.184454956766617 0.186209242804509 -0.280885389992442 0.633607798317253
0.0140083444005663 0.0801171220215255 0.164705854794203 0.5300689766897
0.164172367258618 0.0696615989231241 0.244490688487068 0.266283694023831
0.142205489305319 0.0724605792332005 0.0854945640119157 -0.0222037096640351
-0.146964967154846 -0.0310401665758082 -0.0467229655789018 0.0136192603454914
-0.207040128374602 -0.0312841621744298 -0.220853219172584 -0.133853807109008
-0.10414403065562 -0.0674066558227782 -0.248922456814981 -0.340808220340328
0.0416537431307383 -0.185891220097946 0.113385704727968 -0.581088662082539
0.222278295555609 -0.201337279927851 0.584202721454151 -0.462529045668589
0.305193649509493 0.0241703955137157 0.711755749521765 0.0668622481405723
0.19444359215937 0.255488574351033 0.321587656149121 0.346173995153133
0.046142638325136 0.333264352280954 0.068546427010195 0.0619843160540781
0.0881924128391765 0.314112591793793 -0.119737931554068 -0.388973657692959
0.232142168307859 0.195817943494701 -0.538330344484352 -0.547873177645566
0.286184502990029 -0.0277974983712693 -0.818431486087231 -0.065821328900478
0.161568563875969 -0.156615813298672 -0.469190961812397 0.516693601092419
-0.033276637349858 -0.0997953625044998 0.0499932520148735 0.564771400463921
-0.201232668265966 -0.0739837281588645 0.232017720952952 0.320504841428656
-0.177987636078647 -0.0768850658733615 0.0755954185089051 -0.00248386992081675
-0.126754427280201 -0.0192633563814954 -0.00810844677419286 0.0462879048732146
-0.187542253622276 -0.0256149066828707 -0.213992970807363 -0.0913527966094311
-0.129150933986164 -0.0508895760065158 -0.292458923938217 -0.2321105058047
-0.0235312710595287 -0.142211318707301 0.00621230388011169 -0.526475280038826
0.14776105216603 -0.18802296132078 0.491490417554842 -0.562108492799272
0.267169962659597 -0.0213327530913366 0.749986503925004 -0.0843305529780376
0.197481615026133 0.195899946285214 0.428001668503748 0.35620433818499
0.039241254992018 0.286540114761617 0.110127218816988 0.187615891781892
0.0353399061411582 0.28949716476094 -0.0470776431718878 -0.278283064959217
0.157504071201643 0.22782644536038 -0.386737708906097 -0.605197891318582
0.246434832648405 0.0420357302984641 -0.796133418441772 -0.288449267726091
0.170171066045184 -0.126782485748162 -0.616810546808925 0.390367096821984
0.0018588607734471 -0.112608912393372 -0.0590878818231379 0.620967032262641
-0.164626769611978 -0.0866210565804888 0.210750710098151 0.41968047709397
-0.162190575660418 -0.0734631718749006 0.116227607815309 0.0482391838582688
-0.088200247697723 -0.00436992694111954 0.0248843574659701 0.0674907151785182
-0.132563243587091 -0.019489085986792 -0.201058851690081 -0.0797565458386994
-0.111060079188707 -0.0448720194365318 -0.317755917512522 -0.169487511594581
-0.059874942823836 -0.0995355323489682 -0.0658774890457024 -0.466788702563682
0.0706461593058402 -0.136555456182615 0.423114389336422 -0.598324239032509
0.186426837750048 -0.0261916869492025 0.767705521199026 -0.180644531972483
0.148817998105043 0.131497955605253 0.512348468987104 0.36094128927569
0.024300443004987 0.194310637825806 0.143020186931605 0.284654736425413
0.00438659782224417 0.198852037933842 -0.0114035629489419 -0.176161566605132
0.0813537361535593 0.181898898134287 -0.271679289994963 -0.601488894021989
0.16176992971796 0.0662605205532437 -0.743058533664698 -0.428536435694831
0.119635247138604 -0.0794633319566954 -0.706439712612675 0.281784589382077
0.00537097134750085 -0.0952984592003297 -0.143655589791391 0.645870945427474
-0.120318629095366 -0.0772887095162239 0.186977376189063 0.494941534911068
-0.124547584650104 -0.0541949701070763 0.150365237978898 0.0901590236447925
-0.0363448583089298 0.0107590054258784 0.0521595924628336 0.0813623322281905
-0.0540600380111345 -0.00948045053289786 -0.187303393440078 -0.0820110689867921
-0.0587326655959447 -0.042655064913959 -0.326497739315188 -0.151533459653163
-0.0642586342725009 -0.0642192762080786 -0.0955631540552786 -0.438330017614834
0.00483807740599045 -0.0693724428793672 0.396943224710318 -0.596212436645227
0.0854141046100717 -0.00379849011777036 0.779573044677567 -0.205458955762482
0.0647477431085247 0.0672260669828245 0.557636881072983 0.375019675875172
0.00398702599535754 0.072933453019558 0.161699767451566 0.338373215282067
0.000114910577621478 0.0653102732875204 0.00112083050774912 -0.118616412182012
0.0268330231420657 0.0768085997992781 -0.22639058451195 -0.575448068208894
0.0599761183068797 0.0405353441951109 -0.718167875860399 -0.465937076718178
0.0246053704789622 -0.0333676583240969 -0.735092264904712 0.243639671293315
-0.0248329652536655 -0.0566676251181648 -0.178682965325385 0.663613377953891
-0.0753430195523087 -0.0463068455099312 0.176881416294467 0.532204831742096
-0.071207926794036 -0.0238458849215611 0.16995434767293 0.111547635299789
0.0214327159329641 0.0282082119764071 0.0656281832418194 0.0869466477948832
0.0324890944280075 0.0058818034954007 -0.176333672411044 -0.0940183332604396
0.00426406265666267 -0.0366594332298121 -0.316691171683849 -0.173630234286523
-0.0567148347920127 -0.026453409846043 -0.0771990840515678 -0.446213860523903
-0.0550560170480832 3.10926098980938E-05 0.422038570087639 -0.566398213135998
-0.0236924077631099 0.0213051745404121 0.787428033080663 -0.153688693397977
-0.0313942149409477 -0.00382628713655384 0.552582943394108 0.40727976672348
-0.0190458838169123 -0.0608267838768718 0.164037506115862 0.340765922524715
0.000145896460628549 -0.0769528959193905 0.00428616524906931 -0.116720746389447
-0.0259710213052559 -0.0414935763409815 -0.243792471852078 -0.552894385340893
-0.0510321188267083 0.00415898212962402 -0.731069242380013 -0.40501825182894
-0.0866411872811629 0.0183006649568104 -0.707441938939269 0.294341007242498
-0.0622311404702827 -0.00719466615256166 -0.147980801149684 0.677038355404111
-0.0259430218487723 -0.00439202496859988 0.181958429142878 0.526587241769401
-0.00881990794351824 0.0120406503764112 0.17294600687217 0.107935601985423
0.0773086401521127 0.0467515482699797 0.065445525385875 0.0838738104085612
0.109342883542618 0.028208703635068 -0.170736268605872 -0.114386923448672
0.0523078269534307 -0.017542996312783 -0.288560068557531 -0.229070498442568
-0.0632460183706758 0.0230306761692795 -0.0114507342433856 -0.476922838855967
-0.121436963842529 0.0568335368788896 0.490989879456699 -0.49719592519543
-0.129874402164584 0.020235819412547 0.787501135201779 -0.0320004292474362
-0.113294428151919 -0.0907778643603576 0.499726190116849 0.444520047928684
-0.0417171847872989 -0.184499830923369 0.149879242083402 0.29034313498551
-0.0218941740422115 -0.194194692384533 -0.00827426882660196 -0.170472038727303
-0.102303346351286 -0.12027078305759 -0.329882644551519 -0.519643710066439
-0.16301846194847 0.00664622922975002 -0.766152600891601 -0.24678099718337
-0.177308823840645 0.085173914335898 -0.611188805463797 0.420465673081946
-0.077069275590392 0.0417201706204148 -0.0571090379524121 0.672524662614495
0.0348054602593496 0.0355633069941994 0.205411577440746 0.472547436432536
0.0546441369387985 0.0445503196831727 0.157885104501868 0.0785521217442649
0.123232411507688 0.0670936532458884 0.048926508589157 0.0703309805964526
0.159050114016814 0.055156346824237 -0.168726036852264 -0.150021675159887
0.0641941836444927 0.0161382506600573 -0.241090566255432 -0.312637872691798
-0.0972387042243197 0.0794957857296782 0.0963156500300861 -0.501397368462664
-0.191905013091549 0.0804567322380091 0.58568986864488 -0.372733405478268
-0.213480425912214 -0.0257041666977537 0.754022872125114 0.139309921779521
-0.154884758788957 -0.189557567879364 0.40651063573344 0.465216050723562
-0.062193755692385 -0.281630020177365 0.122430360069003 0.196477298040033
-0.0741329754067558 -0.260089573394724 -0.0528114402974319 -0.253804520486123
-0.197876542940731 -0.129216913114507 -0.454755178355994 -0.444898793806035
-0.249831456378535 0.0609457328874282 -0.774029967270363 -0.0150180725670611
-0.211861511331252 0.153090100107853 -0.454698512000605 0.553543587751206
-0.0487274168962474 0.0732630472701746 0.0606315705314795 0.625271751008794
0.104120514725178 0.0597548135045445 0.230986835839635 0.378310270570326
0.108516756923234 0.0657062434481177 0.125630856706932 0.0304636749307339
0.149412532673104 0.0847986389796299 0.0172789627861761 0.0435833653690544
0.169354758839628 0.0836107307953226 -0.166616007588369 -0.206886263274886
0.0374737211315026 0.0578069030678829 -0.174340195684395 -0.409347929734565
-0.151127131623269 0.11947671832047 0.232640305403938 -0.487181448702714
-0.246811657262333 0.0552986986844857 0.671574041732341 -0.185554659249572
-0.248008759430412 -0.109393668924553 0.675157420468629 0.324399269427045
-0.146776101653004 -0.274707509496059 0.295402310288804 0.450839775799152
-0.0771551581883255 -0.334839738098326 0.0854920875194232 0.0707195234615212
-0.134890831501495 -0.267122865091368 -0.135040996356022 -0.334242422296289
-0.270952619204536 -0.0791976553334725 -0.587613690827581 -0.313817192135194
-0.282344577705674 0.131371903887321 -0.725975865045705 0.234683577941806
-0.182132821054083 0.18660294347258 -0.276334058914169 0.633955007960455
0.0144647694733686 0.0795237949679328 0.168132422987826 0.527862718577807
0.164138017873538 0.068293997182756 0.246051831677542 0.263451105081659
0.14218069423372 0.072194113677837 0.0850787843829033 -0.0219431598382662
-0.146516161556943 -0.0305425330071874 -0.0462950999171637 0.0141900988278347
-0.20610321324218 -0.0296356350955584 -0.223084652652327 -0.131174619004641
-0.104527818702687 -0.0670984759640635 -0.249288637366072 -0.337324122536992
0.0396540349406616 -0.184925806515568 0.109964551716546 -0.578288205953825
0.219690935953676 -0.202690256625306 0.580441653218796 -0.463056376089526
0.304216828265545 0.0221864043179481 0.710074968784197 0.0615095801116214
0.195110817977833 0.253738567347764 0.321174728061489 0.344380794521458
0.0464466816424315 0.332287921809747 0.068413327755064 0.0613139328244694
0.0882375589903156 0.313273325448036 -0.121544466897583 -0.386705556749829
0.23309797698135 0.192825513529679 -0.540474007926882 -0.542045920205533
0.284300515124912 -0.0291024961616927 -0.814074711768615 -0.0610547530662833
0.160150290356174 -0.157477738659345 -0.463748115766953 0.517662229377127
-0.033875328185941 -0.0988649706278771 0.0543433432317588 0.561790402250009
-0.201543761843865 -0.0713305141441317 0.235024224689362 0.316408074043425
-0.177310802618334 -0.0748893891167556 0.0757764558109411 -0.00252177402436072
-0.126633748892513 -0.0187196635453098 -0.00752139136374213 0.0467877640429355
-0.1875099533089 -0.0244021362514842 -0.214041760806908 -0.0903594866932388
-0.129578751016504 -0.0497891229690952 -0.292013266579659 -0.229687232699652
-0.024098238327143 -0.141094521202339 0.00338824675008721 -0.523886664435726
0.146436763844936 -0.188730790685186 0.486310568633324 -0.563100119686051
0.266300733746945 -0.0228078592914672 0.74774997423888 -0.0867326659926973
0.196901767521286 0.194267617771442 0.427458424543532 0.352285784400846
0.0406200824010048 0.285587087152687 0.111201530927762 0.185637501200227
0.036200943346938 0.288402264899201 -0.0485409952294088 -0.276485508260031
0.158195601530459 0.226285910984986 -0.387801654863202 -0.600267322028368
0.24586715867042 0.0407692012951532 -0.795437404237207 -0.284265975687169
0.168706814673817 -0.127005071678199 -0.613009394973686 0.394152431071152
0.00107123350664279 -0.11169896929605 -0.0532171573001256 0.617739647874419
-0.165224149155038 -0.0846223474187064 0.213123198507828 0.416451186041974
-0.161453918407222 -0.0721368989660377 0.117097787328665 0.0475103356443136
-0.0882576194828186 -0.00378553114992587 0.0261286433015867 0.0671608207979601
-0.132437728782419 -0.0185035581220783 -0.201140909988592 -0.0784503208431888
-0.111358476605795 -0.0437623169789156 -0.318028891678015 -0.166440641315485
-0.0602100844668196 -0.0988030056576936 -0.068005479711297 -0.464387436475274
0.0697560357623981 -0.136885099450737 0.417187403789568 -0.600629944110387
0.185673332346456 -0.0266105953344887 0.762632536082084 -0.184487843880617
0.148145712308796 0.130225052914459 0.511801442756133 0.35799309101809
0.0249816233765934 0.193845738480813 0.143781189777484 0.282568891107063
0.00425037490598954 0.197459638474531 -0.012303304366165 -0.174200190407998
0.0827654586951492 0.181205366622552 -0.275472132481879 -0.596909413247084
0.161838452138412 0.065364656411661 -0.743976316685734 -0.421901042599935
0.118743332915235 -0.0798231238669092 -0.703376385115245 0.283757655732969
0.00378833221588411 -0.094852047323623 -0.138270381810485 0.647588777935867
-0.120422096342379 -0.0760024338574248 0.189351397043994 0.491443867285194
-0.124457279978425 -0.0534384378894674 0.150738993080718 0.0888678720340508
-0.0358876159789381 0.011239345232736 0.053124718160697 0.0813340138824178
-0.0537791302783098 -0.00877660822152578 -0.189069496218407 -0.0809131000384094
-0.059633696695893 -0.0423294799870577 -0.326705895442884 -0.148204937942375
-0.0646395305403673 -0.0635476682372485 -0.0983844637940512 -0.43629110553131
0.00468653828836856 -0.0696893855027516 0.39093531017188 -0.597277177799016
0.0848075143313459 -0.00396396375982472 0.773876824476216 -0.209205010723993
0.0650652318492731 0.0667867012733628 0.557701904140852 0.371606291895591
0.0040959634031884 0.0726671295578525 0.162907526072779 0.336092821464226
0.000252730988319958 0.0651375394254919 0.00086187451712706 -0.116911115612732
0.0268816609058851 0.0759986354836645 -0.229260287877988 -0.573161089493263
0.0603897546089816 0.0400764967312051 -0.718039367954616 -0.460965464671731
0.0243205217117396 -0.0329890129069498 -0.731669517513226 0.248286553954935
-0.0257980616259181 -0.0564985541005313 -0.172527626341158 0.663082257532089
-0.075948282384462 -0.0459913761256376 0.18117878449758 0.529517307174887
-0.0706184940924577 -0.023207253073949 0.170337831730285 0.109749959902121
0.0216692039586303 0.0279765192783067 0.0664743084487581 0.0855665329666808
0.0323391085759597 0.0058107951522774 -0.177599013222618 -0.0926989775883345
0.00423507248598105 -0.0364507844434479 -0.316479557751931 -0.170474398950206
-0.0572630779871189 -0.0259243968756714 -0.0794489660348483 -0.444017216522882
-0.0548064446403483 0.000479223544017242 0.416396240297709 -0.566344410590439
-0.0233496527460818 0.0214488142652194 0.784125967995644 -0.159699207852485
-0.0316109991245017 -0.00431754755329245 0.552262863254812 0.403468769395634
-0.0196824487302802 -0.0597856711905771 0.165594314411206 0.338815361559697
-0.000346427136646578 -0.0768342217488416 0.00399842375727447 -0.115887068861966
-0.025964006203025 -0.0409686940509423 -0.247420700276528 -0.550481786073409
-0.0503971852655018 0.00488574987683576 -0.732452552163552 -0.400218548012581
-0.0863063464708668 0.0195374611034879 -0.702214985145804 0.29725090103994
-0.0621643719009393 -0.00670580326394505 -0.141728731726628 0.676403807399372
-0.0264918928916094 -0.0035617389490955 0.186714408775359 0.525757132289975
-0.0088525500597433 0.0119996237501618 0.172879723467013 0.106875758826354
0.0775575513488303 0.0469325556772507 0.0656828027724247 0.0834287528636944
0.109117305858622 0.0269306419405012 -0.17185361928906 -0.112709994614841
0.0521920587631225 -0.0184894826762667 -0.288864266774511 -0.226690159707978
-0.0637792534327748 0.0237719083124663 -0.0151161632547678 -0.475041166391949
-0.119740862364514 0.0574418011369724 0.488036340276937 -0.496889501688432
-0.129182704350318 0.0211874030698658 0.78400060198641 -0.0376629034572174
-0.112941942056728 -0.0904205421739898 0.499490212250969 0.440686589609565
-0.0427997979193324 -0.183567999143238 0.150461319605796 0.288330321607572
-0.0231950679261641 -0.193267919289356 -0.00917796262087059 -0.169645493429867
-0.102769825240235 -0.119269208801193 -0.331277421145913 -0.517625087420947
-0.162199075393183 0.00782088044946698 -0.76595019941688 -0.240800078206809
-0.176146187283782 0.086476256403287 -0.60534915091848 0.423458747502475
-0.0772596127807528 0.0422376791354156 -0.0528096242258538 0.670810439277484
0.0355514915945248 0.0346000295234227 0.207935698447747 0.469400324310386
0.0546759832970076 0.0446481524260326 0.157575585358928 0.0769788124427495
0.122906225283846 0.0660830683654732 0.0490718577341534 0.0704384058344311
0.159247519982619 0.0534469885343138 -0.169484079643842 -0.148875403287217
0.0641706390453856 0.0158220974544339 -0.243193723548145 -0.309246970702669
-0.0963710929025725 0.0803726765216694 0.09145867796105 -0.499711494622264
-0.190829396382035 0.0818382733515516 0.582229098154078 -0.373401332703132
-0.212864119139877 -0.0242704785010789 0.751526457515949 0.134619622855068
-0.155623631812215 -0.1880061663477 0.40763642880565 0.46191181778892
-0.0641001537953346 -0.279413719398597 0.122804915372646 0.195405037061483
-0.0744146313113026 -0.259330248765128 -0.0534028382318577 -0.252521791258655
-0.196992665101931 -0.127999149320898 -0.455780902231609 -0.44073017286796
-0.247964529968241 0.062277061243943 -0.772249934120856 -0.00941409056336188
-0.210229629248877 0.153966797229938 -0.448886463626268 0.554735512754554
-0.0481516683701037 0.0728116898397766 0.0656688350994991 0.623186832754379
0.104074608587048 0.0581068848943022 0.233525780346228 0.375911405604175
0.10922485548333 0.0656813641229484 0.125851508383584 0.0294170001444858
0.149708817785597 0.0838107854521722 0.0174943266432512 0.042767518773189
0.169662281534637 0.0818528853666986 -0.168160495034611 -0.205620577157745
0.0375127649962048 0.0572784951654888 -0.175305292723051 -0.405289024306549
-0.150124319957774 0.120169484756403 0.228815460112277 -0.48595893009112
-0.245528455080017 0.0562158413432592 0.667789017175148 -0.187628584279104
-0.247935169349217 -0.107400866426637 0.676105377331028 0.318499132104674
-0.147573299085883 -0.272850894780005 0.29751013362261 0.447449599854391
-0.0777818500787552 -0.333259388448699 0.0851022865623134 0.0704265672447731
-0.136373091749579 -0.265608164954702 -0.137366961964042 -0.333002029223128
-0.270082197861855 -0.0775399563078906 -0.587880125491979 -0.308290986665816
-0.279399511599238 0.132844385885743 -0.723252970011551 0.239349599627371
-0.180623205930149 0.187973199219977 -0.27077015225005 0.634373528424163
0.0145729172679682 0.0789367647288026 0.170948163512224 0.523737502984661
0.163478913643947 0.0667570454651307 0.247913248097085 0.261584506749142
0.142517766088647 0.0711906107533021 0.0843931636952548 -0.0223031554323602
-0.146753575700192 -0.0297557226829775 -0.0457208159576768 0.015139568647655
-0.20696131745473 -0.0276572230046286 -0.222713344546392 -0.129645799628532
-0.105464274637411 -0.0652785128680223 -0.251815011397098 -0.336976455903926
0.0390770522343547 -0.184695593208778 0.106509541232924 -0.578975426379848
0.218087620872587 -0.204264467004478 0.576479340183251 -0.464203429143865
0.30345526724178 0.0205445538383675 0.708454285069695 0.0571253215362055
0.196606428003845 0.25309237108561 0.323158587756667 0.341912182803079
0.0474575864940233 0.3322293441731 0.0684914470361061 0.0611244678825935
0.0894707225824578 0.312292176138126 -0.123382821397306 -0.386278372260751
0.232839121005886 0.191590496126255 -0.54218009981164 -0.537499062137141
0.283466089459653 -0.0304389802130749 -0.814955958664566 -0.0584082955714643
0.159130509214606 -0.158207363251005 -0.460186784359708 0.520323549356426
-0.0351650544423453 -0.0986913925632634 0.0580170079304744 0.561170061627385
-0.20175271031188 -0.0702018590254979 0.236172779230834 0.314070562124072
-0.17787287659992 -0.0743959408331425 0.0757048750403608 -0.00268320468899986
-0.126122059171033 -0.0179283872388434 -0.00747423437899072 0.0471238186641397
-0.188060398362711 -0.0221804422764385 -0.214735911559342 -0.088293275227013
-0.12996771616581 -0.0490413416194752 -0.293052371338059 -0.226903111765833
-0.0250448290516012 -0.140383637352062 0.0013671913552342 -0.520428109563536
0.145112034792992 -0.189531441124533 0.482633415120095 -0.564445930619339
0.264200863432744 -0.0248261979239876 0.745382275821141 -0.0910247784684528
0.19690113919763 0.192916296107902 0.429786131397197 0.351514398108835
0.04116396523949 0.284784690343217 0.111285720052036 0.18549853477482
0.0365708939429564 0.288064199657453 -0.0498872601987666 -0.275117129217816
0.158800195970558 0.225231381285484 -0.390112829786819 -0.596066142962152
0.245852477923873 0.0396927358973672 -0.794034755394507 -0.280014733419946
0.167933113475256 -0.127287593321857 -0.610527312966599 0.397006245685338
8.22261939751393E-05 -0.111199324079068 -0.0492640082108416 0.617632910608369
-0.165690103874522 -0.082800257435924 0.217237159877819 0.413116423479297
-0.162286421703023 -0.0709541763114917 0.117255736820801 0.0466412245694994
-0.0892060710388993 -0.00350015599122242 0.0259713651727859 0.0689720926279302
-0.133317404947243 -0.0195245295269759 -0.203047075129978 -0.0762382504854126
-0.111438328511577 -0.0440875999587537 -0.318124248219555 -0.163953741916448
-0.060397764817027 -0.097089886751797 -0.0715307239146706 -0.464981438344888
0.0695526372716486 -0.136664790066787 0.415676531991932 -0.600976303512824
0.184520156802337 -0.0287227755210962 0.76160902651151 -0.185161086487169
0.149642597221485 0.131354940944554 0.511622705418603 0.355644043922113
0.0268896343047443 0.194250001671953 0.1439655002994 0.280955451086788
0.00449943947179916 0.196594903268529 -0.0116929673076952 -0.174613104265669
0.0824948129789567 0.180065968606817 -0.277871923156108 -0.593416401862024
0.162896234026321 0.0646562021760792 -0.744962068441537 -0.419264550195107
0.119584478052819 -0.0802540402465734 -0.698119826368412 0.287916403544207
0.00189743071388171 -0.095627566655826 -0.136342991531834 0.644892480478032
-0.120691336991123 -0.0740757974956979 0.19449695332232 0.488440803787947
-0.124363187845126 -0.0528996717665228 0.150182628947281 0.0875662567087745
-0.0344850584601112 0.0124369262428608 0.05438383804686 0.0794681423845451
-0.0543295323566262 -0.0091593986275978 -0.189139260127599 -0.0792967923730358
-0.0591894930606289 -0.0415662888919776 -0.325491299528591 -0.146478660629231
-0.0666692262408603 -0.0623124788133394 -0.098754874199221 -0.435747810893419
0.00420941528251229 -0.0699503947378783 0.386433280755911 -0.599537749783785
0.0849622258853691 -0.00495275985334958 0.77133322258264 -0.213615884381988
0.0654794641704872 0.0661287843746772 0.558009111847333 0.37042025051474
0.00375637865802967 0.0726313510223156 0.164520177363621 0.334527158305944
-0.000405849618429047 0.0635713742756903 0.000104579929822543 -0.115872224303584
0.0268794631519047 0.0753041184963807 -0.232226350269393 -0.569689471738019
0.0602499259866685 0.0395023079324035 -0.719449988124625 -0.457760853417263
0.0229016821852654 -0.0335104019655436 -0.727786070193816 0.250474668024803
-0.0253573840175562 -0.0554941059789908 -0.167385578775621 0.663343158533789
-0.0777382401195287 -0.0444878623805629 0.184685515074388 0.527909824881299
-0.0712840200826798 -0.0223974985256064 0.171300987569309 0.109036785077432
0.0234273273713306 0.0248660351494878 0.0658904574162273 0.0856963360774026
0.0319076765025872 0.00690134363678998 -0.178009993617069 -0.0928741491690373
0.00303156284736868 -0.0383283569863063 -0.315098427080985 -0.16987253306321
-0.0591562599536057 -0.0229627282729079 -0.081838002070564 -0.447290127898731
-0.053712991267401 0.000741032766438806 0.414145107229303 -0.568241828769342
-0.0227357235930424 0.0214071764051827 0.78237378300542 -0.165055199735632
-0.0305012642866351 -0.00438308146966074 0.553944322295315 0.401521291648217
-0.0192857369609532 -0.0597054081607867 0.165963035986095 0.33795297418637
8.66226199678593E-05 -0.0768013142625852 0.00373623628247214 -0.116888579490715
-0.0277090630222403 -0.0414632363783077 -0.25049973595265 -0.545378621115183
-0.0502890074198583 0.00410763294591652 -0.732306066801549 -0.397998832199813
-0.0869266144845147 0.0191611384078078 -0.697720959302634 0.30299012921194
-0.0623020742768515 -0.00755822721107573 -0.138779346383653 0.674529357617906
-0.0261789446476803 -0.0045997812483337 0.190603639988775 0.524832832977496
-0.010126166250486 0.0122588892861079 0.171952495468287 0.1047182798034
0.0775287473562839 0.0465588522118998 0.064671521272536 0.0827214576089168
0.109923849249704 0.025638878604783 -0.174053920043671 -0.110210622972585
0.0508183035478806 -0.0186686035006629 -0.290015806795627 -0.224422565756328
-0.0631252845524575 0.0238270633308187 -0.0169086491130302 -0.473986760810149
-0.119890036888336 0.0583882620669541 0.482002412707839 -0.500149899570901
-0.129158199949778 0.0223406616194602 0.783045755294316 -0.0404335700662693
-0.113689861162271 -0.0902385755265079 0.49916472912988 0.439353398197466
-0.0437315271497014 -0.183940010975398 0.150784223243738 0.288004439441583
-0.0230299858571973 -0.193226189105727 -0.0106464887451299 -0.167603484313744
-0.10345165041526 -0.118630751420772 -0.332670551507186 -0.515349521644482
-0.160258681262148 0.00788427702955321 -0.764483464931769 -0.239403246663439
-0.177992932905294 0.0875452418667998 -0.603424860234211 0.424167938951735
-0.0767215561052184 0.0430926431645018 -0.0488267571421037 0.669663373270139
0.0350169140802441 0.035818006729093 0.212191534447843 0.467887059698869
0.054156943617348 0.0446699807528334 0.159462881285421 0.0752851933257568
0.123239567207961 0.0642032828715359 0.0491585704435203 0.0678132507394208
0.15960930271388 0.0520927655690696 -0.171554600096558 -0.14792441557722
0.0634168288790532 0.0154962125520467 -0.245060791296133 -0.307755422438318
-0.0956939278863038 0.079342768016659 0.0901624723684654 -0.498686954192754
-0.18874376840706 0.0837388416642074 0.578357421701308 -0.375358393463352
-0.213153504375653 -0.0226675923373862 0.754227020020659 0.13065475089158
-0.156389815934894 -0.18664716605841 0.408937167067914 0.458791273875594
-0.0657255677694429 -0.279722583349274 0.122441503103989 0.194454399153048
-0.0745596387899165 -0.259283651295283 -0.0549021375643911 -0.253350848670694
-0.196642988155158 -0.126309024631492 -0.456847563659886 -0.440884999156713
-0.247110950150134 0.064525024326393 -0.770372715823878 -0.00615800496722083
-0.209979367680953 0.154736602433486 -0.44438680122163 0.556649787503925
-0.0484752385779354 0.0718528135492486 0.0705487983881275 0.622496843271515
0.104242179298705 0.0583893312827574 0.235891921079687 0.373811984671612
0.111373893812687 0.0641773714639348 0.125595220038467 0.030908946907912
0.149656968912276 0.0825807522410276 0.0192767859702393 0.0444403780440456
0.172651388603678 0.0800224079564649 -0.171382462417801 -0.203653438298471
0.0357283044372943 0.0565804531255229 -0.175216704707292 -0.401320586245182
-0.152386577075081 0.120684986649434 0.228091525314111 -0.485374010997748
-0.243885601856765 0.0561611215181599 0.667739130433972 -0.191576470975956
-0.248096234560389 -0.105142866458368 0.67465411494773 0.312408469585094
-0.148524852690438 -0.272277460089731 0.295210662346303 0.446646961639999
-0.0799074903417603 -0.332422222629815 0.0854463664135684 0.0701054941954907
-0.137651952248045 -0.266876872621135 -0.138539716430772 -0.333476838214944
-0.269000118162409 -0.0741210935580467 -0.587252574841929 -0.30780235386456
-0.278311369892081 0.133348748570748 -0.718801326008497 0.243415376164007
-0.179844083676115 0.189098688059367 -0.267388647137072 0.634874011220188
0.0140964968999069 0.0790813493097864 0.172663110598956 0.521792394195471
0.164494659481884 0.0658948672744415 0.24918796819138 0.259307211933394
0.138001346520726 0.0716528536329216 0.0857410110959526 -0.0215173344485784
-0.146215477856783 -0.0299013712736894 -0.0462705458310333 0.015570698137792
-0.206255472949046 -0.0258142399191342 -0.223505471078721 -0.128126764394487
-0.105625121456503 -0.0651564101511846 -0.251048868606416 -0.333315533359959
0.0380979892490486 -0.183980237066189 0.103195954869872 -0.578760420587543
0.21581084559445 -0.204963656593623 0.573551780524635 -0.464332113882855
0.302495211429495 0.0191445336359918 0.706902218916346 0.0524841346542028
0.19575083768682 0.251677411047242 0.322566979521843 0.33927920010986
0.0491804902996071 0.331862122430849 0.0689290430579138 0.0603930664241596
0.0907417185772238 0.311029274166618 -0.125113259399054 -0.383564809301845
0.233008671905388 0.189167465084065 -0.542979880764858 -0.532391204002129
0.283689046893072 -0.0319067910166988 -0.813485715337026 -0.0534880344495132
0.158029473283143 -0.158180874365857 -0.456540735075286 0.521874563879316
-0.0360063392355819 -0.0984868341799932 0.0638510307243063 0.559914228133058
-0.202020223592754 -0.0677665822822102 0.237865726615585 0.312023279924673
-0.177003896323556 -0.0724033142395812 0.0754932387319922 -0.00273063206198528
-0.126389575235125 -0.0174862564521392 -0.00685402861649823 0.046648518942854
-0.187516008449733 -0.0211432603861517 -0.215152901252852 -0.0868069779288571
-0.130515212724668 -0.0477912894483408 -0.292812779096332 -0.224081715742585
-0.026257757456661 -0.139381315308529 -0.00239691910443553 -0.520563005502144
0.142934042753956 -0.190168225030966 0.478080998475247 -0.566540067549347
0.26440273512901 -0.0257609237571547 0.742499964587769 -0.0949780975851109
0.197016953510311 0.191536618365132 0.429552547239878 0.348764476193934
0.0417078643352074 0.285274469010605 0.111819208700994 0.184519819846771
0.0375044201934718 0.286994578577746 -0.0501009706794327 -0.274531970621983
0.1594251578815 0.223706797678283 -0.39148088392479 -0.593974704074979
0.244609065181993 0.0381241658277476 -0.793033210785868 -0.274313125351251
0.166733111323338 -0.128203919765156 -0.604886861678304 0.399865134898679
-0.000747549150557164 -0.111290217985849 -0.044647099051319 0.617134061022746
-0.166547821204501 -0.0822131694601543 0.218283336587881 0.410761718932197
-0.161546196902667 -0.0696810068076032 0.118038392473559 0.0456581725638671
-0.0868211188089123 -0.00186673609725185 0.02732868325603 0.0677683121597604
-0.132768222710352 -0.016061847166292 -0.201457063077052 -0.0754381700010055
-0.11191972855417 -0.0423455284631113 -0.319663034785391 -0.158327111576235
-0.0613662453533473 -0.0965441552180109 -0.0718017852419449 -0.463136891061059
0.0669688214454356 -0.137228571121214 0.40753598640147 -0.599618360259982
0.185473633711123 -0.0288330717148955 0.757201988049773 -0.188353283586218
0.148772247474844 0.128168253303389 0.512655682307198 0.353464117959103
0.026514546298453 0.193995880218913 0.144026552950653 0.279907443513291
0.00665170151834941 0.196029224002989 -0.0135873535066056 -0.173703993368464
0.0838375155400879 0.18010802790699 -0.277762231549061 -0.590479045486171
0.162410181504109 0.0640097212478538 -0.746902753141915 -0.414033282212598
0.118328082211035 -0.0791508472848694 -0.697266903722804 0.291275777787324
0.00221122313644111 -0.0932481025011618 -0.129946001250913 0.643308533634698
-0.122269165809045 -0.0718448001984934 0.195949427986404 0.485417489973073
-0.124970524550974 -0.0517402876383916 0.151487134460686 0.0868022317800145
-0.0365698827831718 0.0114709140061123 0.0542855109765503 0.0803336811030702
-0.0536535253571994 -0.00715389659842932 -0.188281229837422 -0.080088089172681
-0.0601003461217084 -0.0417294128342305 -0.327799266354214 -0.141591408709251
-0.0660974642733594 -0.0626142286028087 -0.103190898110601 -0.433819537323243
0.00322993856372437 -0.0694428443499016 0.383615204205922 -0.599250103319996
0.0854018079716194 -0.00460883116985348 0.768152927032335 -0.216184982008861
0.0651676739429155 0.0668778300394086 0.556819303629016 0.365953398226686
0.0040175131856547 0.0721909239342937 0.165270337920673 0.330256722837077
0.000318429659304576 0.0653873654172421 -4.57401177903411E-05 -0.115622298101726
0.0270205151472776 0.0755599226204467 -0.232422107864548 -0.567506705153948
0.0604905862288347 0.039289293471638 -0.719974823522993 -0.453969283920651
0.0243659069927314 -0.0333133778800877 -0.727290514978774 0.25306353535626
-0.0256124186529374 -0.0558556610340246 -0.161726599796635 0.660583176144198
-0.0772287812116017 -0.0436529779007577 0.189077630530392 0.523965732078304
-0.0708527518217728 -0.0211213019906897 0.172064699825166 0.107948438687197
0.0231414301640569 0.0286975055771893 0.0687183885069249 0.0851718708992622
0.0315332990584373 0.00677111154314414 -0.179082707220016 -0.0899256215172248
0.0037926790946564 -0.0367054659501674 -0.316503800255765 -0.165523122834086
-0.0575834631845017 -0.0244158164709125 -0.0847328250562049 -0.442504640329724
-0.0555470236753426 0.000296636690348774 0.406351970091379 -0.568299168450956
-0.0213182904354392 0.0234939687996867 0.778833616097764 -0.166129879436147
-0.0315166463930574 -0.00129556164451242 0.553412201685257 0.397016074514484
-0.0198547531749242 -0.0594176208245633 0.167102363518323 0.335015521901754
-0.00102437355428628 -0.077889755523407 0.00104609852589045 -0.114765876938055
-0.0264708225802413 -0.040897580670916 -0.25217711593948 -0.543799564707593
-0.0499977807646927 0.00455159663524179 -0.734225295273027 -0.392219568631133
-0.0862532059104491 0.0209771008792088 -0.696386559849681 0.305365165780167
-0.0630029072756858 -0.00600377030280334 -0.132918049435844 0.673553137489088
-0.0265930128044428 -0.00376679337638383 0.19320565441751 0.520610489385884
-0.00750686549891738 0.0133582454739435 0.174159239538753 0.103697471645631
0.0778151474936737 0.0468283017512479 0.0675930984216352 0.0826158163743199
0.109430535068881 0.0266468180279023 -0.173322477460902 -0.111100299201415
0.0525615723950177 -0.0193849496426143 -0.29038829981473 -0.221178361718227
-0.0630136384328129 0.0242972513584975 -0.0207397049881621 -0.471015679685889
-0.118263685426809 0.0579992054410579 0.476768062611409 -0.501320681712133
-0.12861285881825 0.0233244906913544 0.779017420106153 -0.0458277489958233
-0.112540967894235 -0.0894226355574929 0.501945268048071 0.434553426907527
-0.0454702990834374 -0.181837099474713 0.153292187999532 0.286764070702656
-0.0241291182932545 -0.192234288981505 -0.0103782063504848 -0.168803776767483
-0.103328903461816 -0.118777681576733 -0.336119215285475 -0.510316951740256
-0.160676591960459 0.00901197829961712 -0.763598216534133 -0.234934774657875
-0.173445170555626 0.0891551392915294 -0.598077718953983 0.426833952383643
-0.0760268170607482 0.043277233138202 -0.0433844087799197 0.668056738021139
0.0346220274587799 0.03442435662989 0.215795153014948 0.466715826486966
0.0555198942602207 0.0434945447233505 0.158307925959024 0.0748248625662493
0.123095958296799 0.0661485610581453 0.0503881537929061 0.068056770560218
0.160194396889759 0.0519617634937177 -0.172967239023077 -0.146656671875704
0.0634993294428068 0.0146187622317488 -0.244849247711682 -0.305117815530153
-0.0956738852137641 0.0822136861288222 0.0861776879867899 -0.496117444365314
-0.188352037768689 0.0833143284574441 0.573483453917315 -0.378102268716059
-0.211753609148018 -0.0216260414430191 0.749102793503407 0.124954838501822
-0.156554505224599 -0.185313561817791 0.410488836660609 0.455934927546888
-0.067359290907063 -0.2775298769601 0.12383238940025 0.192826854482217
-0.0779077423719627 -0.257914073203889 -0.0552933078635658 -0.251232286861852
-0.197882697268021 -0.12533057615874 -0.458523182009524 -0.435643462769063
-0.246878112262402 0.0655936718432266 -0.767599848833133 -0.00273533244782715
-0.207589977128703 0.158687196797727 -0.440075046269165 0.558859407028335
-0.0465073690391145 0.0725091866614283 0.0754113215073575 0.619493437710787
0.104382366505916 0.0564742350364483 0.238921407982142 0.371996445665266
0.11070859423978 0.0646320780248197 0.126758106073998 0.0291192921299945
0.150554357085412 0.0831850394850503 0.0165773932601314 0.0421088522695596
0.171101458760807 0.0796859643572198 -0.169853365181976 -0.201883141551419
0.037529624808001 0.0549515740881552 -0.179886542689717 -0.399016205646961
-0.148527887189175 0.120899079175097 0.224278877550632 -0.485687796778134
-0.243399683114834 0.0586933744268142 0.665403066380243 -0.193231384719725
-0.247902861966601 -0.105219546432366 0.674239064642642 0.309882018385958
-0.149467215942383 -0.270836655221629 0.299010003375727 0.442838247969481
-0.0824736687590092 -0.329792665998408 0.087025256770274 0.0699442950627309
-0.138476967335952 -0.264700700858831 -0.140767024069332 -0.330488611580387
-0.269459885898677 -0.0761014270707166 -0.589459708867336 -0.301868774710264
-0.276390588287129 0.136592442814869 -0.717086662482815 0.244007521595034
-0.177917009992045 0.191310007681688 -0.261316838746046 0.635343876127635
0.0146710186422058 0.0772735922786859 0.176888351606315 0.520266338727539
0.16541500652692 0.0644676347015894 0.252104661841465 0.256377781081068
0.14334413489067 0.0696738364256379 0.083871150409987 -0.0232852200094648
-0.146075173850879 -0.0285184187708132 -0.0466099022697204 0.015706547131429
-0.20641155133531 -0.0245564602226056 -0.224036041260763 -0.125161733940559
-0.106615908732945 -0.064047747205525 -0.253009081484887 -0.330838756279507
0.0370449909853825 -0.183528173438932 0.0995203103847354 -0.577962156677903
0.213667971058325 -0.207259082412225 0.567601789795417 -0.469418847284149
0.302124333696857 0.0163389933279508 0.70498097149113 0.0493562717688009
0.196669962082674 0.249943970121911 0.323586981200822 0.338096318644752
0.0500454259668637 0.330427713753635 0.0687098456766399 0.0600997983180564
0.0909771236886065 0.309735467533376 -0.125993883945844 -0.382021882448391
0.232464216475542 0.188348456140162 -0.543717433555367 -0.529263390145235
0.282204727595073 -0.0338763639445868 -0.812558022333969 -0.0511681199240838
0.157140594740807 -0.159677917174471 -0.451142804303985 0.522411192578586
-0.0366527577617112 -0.0974194513602457 0.0662928779915138 0.556709347422975
-0.202344979876594 -0.0657147023061497 0.240099278965724 0.308690485808084
-0.177865789144848 -0.071102481745086 0.0765068989578695 -0.00327420826961784
-0.125810160693599 -0.0171880071108053 -0.00684689171650872 0.0474675970491342
-0.18740853234735 -0.0193341528163513 -0.215711849973978 -0.084378883735411
-0.13081299443427 -0.0466500241476959 -0.293791325646936 -0.220360914182601
-0.0268843661533211 -0.137760850632974 -0.00619763275585898 -0.519338986490019
0.14107544090866 -0.191148601970658 0.473885357237462 -0.568116980583942
0.264008109007934 -0.0272657674425792 0.739727489615903 -0.100287920468288
0.197668751531373 0.189985143625449 0.429619309823501 0.345749830698185
0.043035384170862 0.284053070366671 0.112507963210857 0.182252484664073
0.0384055890264365 0.286363511788166 -0.0518133933093791 -0.272295546928608
0.16041298699275 0.222381493204469 -0.393521712306465 -0.590072520339172
0.244889206771803 0.0359644080103376 -0.794162106794381 -0.271391055317203
0.16475822903555 -0.128752931466325 -0.601930067869148 0.401904755725706
-0.00133908260510203 -0.110156521716215 -0.0399327245299773 0.614820692045353
-0.166935734638469 -0.0794952418861556 0.222624215351377 0.407555054739505
-0.162034103426979 -0.0681315060760903 0.118043260056007 0.0450767747700813
-0.0872451024095342 -0.00268024713400227 0.028537391851978 0.0672633377598462
-0.132206559723142 -0.0157286766309521 -0.204142587489778 -0.0734496142760254
-0.113800463765465 -0.0431474493084396 -0.318618069565553 -0.156966682133973
-0.0636947015248326 -0.0951546718780482 -0.0750054073084636 -0.459698150209977
0.0663682406197806 -0.137534173595767 0.405300948546188 -0.600517158805938
0.184348612968566 -0.0303356019247556 0.754699725898202 -0.196653445431571
0.148669500556244 0.12645335776599 0.515136730380446 0.347971611265431
0.0248903440337471 0.192808638778362 0.147333174814946 0.277364048856236
0.00567845773088647 0.19601086215649 -0.0145862472390793 -0.173122050578302
0.0849671491057767 0.179148660114796 -0.283313952837607 -0.586017602282389
0.162196001100838 0.0615500914846978 -0.746658350190052 -0.408443428634362
0.116770992990955 -0.0786871312329779 -0.689540217616153 0.295365411070772
0.00268314642752164 -0.0934018026750324 -0.125666568991717 0.644005427415551
-0.122390983241649 -0.0727280106071521 0.200487353520455 0.481447136043278
-0.12477158338506 -0.0506445542884377 0.152120490473615 0.0844969800886811
-0.035360769819833 0.0116753433210801 0.0552134726515076 0.0774678082482718
-0.0525721223651705 -0.00716448118942759 -0.187854648024368 -0.0786641325859098
-0.0623796331220187 -0.0402047332054999 -0.328571424543643 -0.138677701127822
-0.0668092449788615 -0.0615013435164545 -0.104235996747065 -0.431332737721116
0.00340894207623629 -0.0681960752237905 0.378070890948488 -0.599013454812838
0.0846119696165483 -0.00551273762915786 0.763731642884581 -0.220643309429627
0.0631353597813698 0.0656964493791123 0.557488278790345 0.364492128430382
0.00415950700449294 0.0719744331856784 0.166758808169558 0.330285590044478
0.000418093544093261 0.0636661395903681 -0.000571668600595392 -0.116039039987414
0.0285382284114412 0.0757122064189379 -0.236266647005647 -0.565076715407509
0.0614801182389123 0.0393308221136829 -0.720611535252973 -0.448523628018146
0.0249576875408804 -0.0316988902823481 -0.721779321109343 0.256882144745047
-0.0249182680146389 -0.0560956881181966 -0.157888743429984 0.66057023605283
-0.077109105449346 -0.042371525626371 0.193823411522146 0.520554906951363
-0.0718451575022927 -0.0207700810304819 0.173007494786028 0.105044671738983
0.0233172181421625 0.0275441459507947 0.0684187138760155 0.0841448723818596
0.030941554081126 0.00771151205510393 -0.180784560582478 -0.0916107653987931
0.000120158786013522 -0.0365809586297387 -0.318583274582219 -0.162410250304801
-0.0578448506930145 -0.0228906171122595 -0.08818744905674 -0.438190250589317
-0.0543640649811551 -0.000702743446669516 0.40338046587972 -0.569143156150554
-0.0229422667216455 0.0243020890776568 0.774094097229214 -0.170023224618602
-0.0325563456346806 -0.00167522656819973 0.556295299434263 0.394749547087125
-0.0205463536035394 -0.0602190101117191 0.168043721742144 0.333493986717349
-0.00215660984391351 -0.0775651789475048 -0.000432579422313731 -0.11610561532448
-0.0277332295690762 -0.0410769066555824 -0.254158181896382 -0.543860082345103
-0.0489482337944187 0.00538151843407563 -0.730889084538401 -0.387889469395429
-0.0832683651375464 0.0209784865877632 -0.691831161940294 0.305992478314379
-0.0628825292316732 -0.00543112918329649 -0.126933332079705 0.672740308944399
-0.0262452100264572 -0.00383288507928743 0.197055536418664 0.516850995958761
-0.00756128424156939 0.0137509774754216 0.176228818750871 0.10247433103622
0.0795488787007473 0.0466491328609238 0.0676134918827504 0.0822122481900398
0.11024239834898 0.0259060087792309 -0.176853574046777 -0.10925020625813
0.0505416443062773 -0.0192788337825669 -0.290700472125566 -0.217329270293843
-0.0634109552430144 0.0247409526304318 -0.0229128996318965 -0.470577078607547
-0.118053155002766 0.0597872189258695 0.473853585349272 -0.501379449811481
-0.127045701746712 0.0234675447991512 0.775989612131927 -0.0511768699897735
-0.112942718134395 -0.0880966328916889 0.500081129433854 0.431712449869804
-0.046175907365147 -0.182282753998156 0.153708628922647 0.285100754480222
-0.0244414102109056 -0.192430094858926 -0.0130701482272074 -0.167300297710809
-0.103270444786212 -0.117245429488198 -0.338740094145197 -0.507453893926232
-0.160176215664148 0.0112020076735375 -0.764250651913275 -0.231418793165729
-0.173943371546127 0.0914328651223769 -0.592965130446209 0.430143733620516
-0.0752784516516952 0.0427386115375548 -0.0380290324123386 0.665643918392792
0.0357546521809689 0.0327831156921839 0.217816590206162 0.464307648996534
0.0549110715642663 0.0449204837910449 0.158897665247196 0.0732919791076332
0.123824053247762 0.0666717369157664 0.0504903070065692 0.0678552156761887
0.160348561647149 0.0495020237502018 -0.173746784991869 -0.146927298532021
0.0615729786967928 0.0120135848539977 -0.247181481042442 -0.300519862885
-0.0956746746814639 0.082629299750341 0.0852818003742179 -0.495358005392982
-0.188289235023148 0.0857495522874309 0.568893873661481 -0.378922663386407
-0.210474307074059 -0.0219746419394118 0.749731015956699 0.121399489878711
-0.157382399215598 -0.184441273570414 0.410099409023477 0.452721098679345
-0.068961150899509 -0.276844239774306 0.124933107285658 0.192646101696737
-0.0769801021306302 -0.256683082063094 -0.0569649377728775 -0.250712661387697
-0.197956375119719 -0.124478910737294 -0.46029850100034 -0.431566597872838
-0.245044904028937 0.0668728504910639 -0.766997062440754 0.00270929001896434
-0.206665134439762 0.159576279478241 -0.435926028300082 0.560289512775399
-0.0469681610383053 0.0733677820039393 0.0802616678202938 0.618012341776858
0.103569110842362 0.0546403534556706 0.240260356916753 0.36947453521954
0.110461687949584 0.0639519104953403 0.125735422754301 0.0275710120005329
0.149614118819107 0.0792365582064977 0.0174948793137797 0.0406564242233821
0.172100303258639 0.0787694667707405 -0.172663279709812 -0.200762413658325
0.0383956516154263 0.05294927872256 -0.179808700654188 -0.397005086986402
-0.146743876575875 0.12181307647181 0.221017713159637 -0.485506638177194
-0.243076646290362 0.0605764188922259 0.658579453464257 -0.195466324328078
-0.247975825904801 -0.101930224954541 0.676599374693235 0.306281159668627
-0.153533018209642 -0.269196265167789 0.300628280168846 0.439765259320025
-0.082367026307997 -0.32978417955879 0.0861012230037003 0.0688921096212674
-0.138414083702143 -0.2624721991834 -0.142072185680252 -0.327885928334111
-0.270441811509989 -0.0736765603799272 -0.589102095157186 -0.298265568595363
-0.273831368770545 0.138738471293834 -0.713049512762996 0.248859922598107
-0.176038271205174 0.19090135442186 -0.25687111631769 0.634949220229205
0.0152268314898021 0.0779897855671549 0.176928727712034 0.517593178022578
0.164712040152569 0.0629710336878062 0.254977382712984 0.254782208025533
0.143002952831268 0.0704981643004974 0.0847631745772743 -0.0224027492777459
-0.145927938199384 -0.0275636939813959 -0.0465293935342319 0.0168159535757163
-0.20648814892361 -0.0225459903546299 -0.224294655472198 -0.124227197693738
-0.106401374649719 -0.0634595944214121 -0.253998263087106 -0.32797438090477
0.0351948732135927 -0.182736912916352 0.0956096063322418 -0.576175146073731
0.212088177495971 -0.207990629246695 0.568372985207404 -0.469922229100098
0.301282231549797 0.0142693668415276 0.703609465504895 0.0450368303712685
0.19629583095769 0.248653897336717 0.325259738412898 0.334588710724873
0.0518408015530164 0.329922934042843 0.0694673394601179 0.0598721072950677
0.092222325286485 0.30932550902003 -0.127489781335542 -0.379592691551688
0.233257154513743 0.185814694091995 -0.546201236014328 -0.525502001035571
0.281455132075908 -0.0358506739603044 -0.81143293113142 -0.0466126645126184
0.155091854469072 -0.160189951851873 -0.448345060613066 0.525156115145055
-0.0374041486697061 -0.0963722544290934 0.0701706795660336 0.556672307465686
-0.202870296242991 -0.0631816495063412 0.242365867465112 0.305884110158321
-0.178241097456042 -0.069442642761795 0.0755212795847686 -0.00390872978671697
-0.125749350603462 -0.0168418720511858 -0.00571753779699803 0.0472669445959726
-0.186721130602532 -0.0181523622782323 -0.21646614063153 -0.0838165320434584
-0.131058434515695 -0.0457537967645613 -0.294231819425881 -0.219191336399649
-0.0280437656980568 -0.137594533112595 -0.0083524372011357 -0.518627108304392
0.139565301065793 -0.191850054618252 0.469061409500821 -0.569890923837788
0.263446286738696 -0.0283593731067381 0.7370194116572 -0.103721956285401
0.197624718718065 0.189174782027106 0.430724388832521 0.343267807388946
0.0432518902262025 0.284030625116556 0.113019032009268 0.182162425992952
0.0400339325455595 0.285702309436031 -0.0532598922619011 -0.271294993862154
0.161149474763693 0.22005205076541 -0.397691308955152 -0.585795886044987
0.245257388401361 0.0352834046981946 -0.793099742185517 -0.265694163586546
0.164082466973979 -0.128712926104494 -0.599022616567206 0.403989974530012
-0.00253386544073816 -0.109519885020049 -0.0343681648638635 0.615107126114157
-0.167200093574072 -0.077246312939204 0.225493656181314 0.404819396025913
-0.162467604734811 -0.0671422173605644 0.118175782998264 0.0440449196979341
-0.0861877552029468 -0.00234248068137996 0.0278804155758512 0.0694066087298173
-0.130518490237093 -0.0133054469455572 -0.204257992563774 -0.0738017333346898
-0.111245221589349 -0.0400221361226032 -0.321127050400425 -0.154357149376799
-0.0621794080060679 -0.0960766229435486 -0.0797932728474239 -0.45895352899105
0.0660886771066714 -0.1390471138101 0.399536165588345 -0.604243949889268
0.182110120383739 -0.0308403377532894 0.749345222915874 -0.200765197537509
0.150935227688044 0.124754448265642 0.512979825819834 0.343704163153648
0.0273091624195266 0.193484645733823 0.14828840453725 0.277429430860585
0.0080711025391676 0.196900560049546 -0.0175458497819593 -0.173585996392103
0.0836731138685306 0.176285279174076 -0.284629143549588 -0.583726563677161
0.159651495058483 0.0592113935970195 -0.747722975273684 -0.403681093036178
0.115068856216861 -0.0797491854547916 -0.691455805404786 0.299627813430162
0.0025200270090413 -0.0952464508048428 -0.123264154712562 0.642754021584066
-0.123485026759409 -0.0699771581351106 0.204805144724741 0.479307712187465
-0.123841670200369 -0.0502812741848714 0.153561909833558 0.0828350178398742
-0.0340293544149908 0.0122645838987447 0.0565411702485126 0.0803468180708018
-0.0534689687038558 -0.00734407505745797 -0.192068179297348 -0.0773768001498606
-0.0623026290208174 -0.0408223448986024 -0.327319228641858 -0.139780507080892
-0.0678831472829827 -0.0589022816219946 -0.108100912059755 -0.430470109680947
0.0035943064384072 -0.0681124877536126 0.371823317849966 -0.598815896855868
0.0859526422866057 -0.00558181695307609 0.759160028779305 -0.226008073816223
0.0657148749456582 0.0657369602472253 0.556583791964588 0.360195897021106
0.00511682932087383 0.0738456481722679 0.167094717802397 0.326439529034666
0.000670762029340625 0.0639873408658907 -0.00292395762348755 -0.114728962210772
0.029356574714641 0.0749796886908816 -0.239691996974544 -0.560711253189258
0.0618731301070839 0.0403350230902523 -0.722392898980864 -0.443412303695343
0.023203026321289 -0.0338484190413283 -0.721696244223419 0.261031130052728
-0.0257712554684173 -0.0562284409821482 -0.1539514190848 0.662197207894671
-0.0800394166399944 -0.0420528549749735 0.195872415334816 0.517041577835012
-0.0714665817529039 -0.0191157651685683 0.172772257129539 0.10300362117882
0.0218628928527032 0.0302886541490621 0.0686647746703842 0.0843695174724829
0.0331394772750341 0.00337067151455175 -0.18001056493244 -0.0897967180824983
0.00449946313060334 -0.0370630230255893 -0.316376195310102 -0.159022561035073
-0.0573220440318842 -0.022343730600398 -0.0892058621862749 -0.436281151328452
-0.0585092367015716 0.000836825037174541 0.397679223096809 -0.572714726562074
-0.0217814529331343 0.0264554177129587 0.770678581246355 -0.174729152809481
-0.0333709800057082 -0.00256236259168978 0.555190685763203 0.390323127963013
-0.0215514720948095 -0.0579471037779899 0.169991853240226 0.33043470235273
-0.000680618930539658 -0.0789831491956117 0.00145016206800519 -0.115675865711513
-0.0250505098471156 -0.0395970628159624 -0.258788720622872 -0.540158959635759
-0.0480660917072805 0.00552543006089449 -0.735381262027692 -0.384983145859767
-0.0849889644385053 0.021000803321167 -0.687449386653851 0.308258309374017
-0.0618860370769997 -0.00581659266309401 -0.119869954022678 0.671304154411431
-0.0266964120730258 -0.00337926658952891 0.202215158479726 0.514104836679424
-0.00730395456794452 0.0137544896970805 0.177595908078125 0.100475136350986
0.0796434711494041 0.048105879931258 0.0672772265294377 0.0798957651503615
0.110538100582738 0.0236206204855826 -0.174484824596717 -0.109040361873046
0.0492410679698563 -0.0203550169000081 -0.291770570909714 -0.215894795344031
-0.0640504378683428 0.0259686865169884 -0.0254659661510412 -0.468553375812485
-0.117644832402078 0.0598240063529879 0.470943458216951 -0.502476987481457
-0.125845898413375 0.0263078072383578 0.772435947153449 -0.0553173657108589
-0.112687319997801 -0.0886295508763781 0.502977417569643 0.4296602853439
-0.0457293614627339 -0.180576649329985 0.156116132811575 0.283171572235158
-0.0270466969548238 -0.192743981549724 -0.0138494070347024 -0.16479941140448
-0.105901318078538 -0.118309649403134 -0.340338711184222 -0.506863370873776
-0.159026771776097 0.00951814155636962 -0.764388259623783 -0.224464973423743
-0.171756024342629 0.0948878289151379 -0.593990103939788 0.430996954906113
-0.076448470647143 0.0428129066659573 -0.0318584679397234 0.66638031653197
0.0348248591243039 0.0335228401288908 0.219859747414133 0.46239153290376
0.0555686757553254 0.0460883656705131 0.162051231173899 0.0717806080458964
0.124095921630266 0.0668264226415758 0.0538738526780611 0.0674418837756467
0.160347096087886 0.0486997607806878 -0.176320642191677 -0.144197873575257
0.062750152792477 0.0115837309937139 -0.247265072977299 -0.297755488986752
-0.0965355054125195 0.0803839265660466 0.0836767692385294 -0.493339455977204
-0.187007343637106 0.0833635366239922 0.566411848500294 -0.382210464776101
-0.210719092108935 -0.018485005676627 0.747166691340341 0.117549111890986
-0.157891029922977 -0.182562045429523 0.414353875271591 0.451968660956614
-0.0697854031273593 -0.274623739667999 0.12597055662119 0.189717151368458
-0.0782910143643902 -0.257404822415614 -0.0614745458613866 -0.248919655484873
-0.19706231517068 -0.124547846515712 -0.461298483836754 -0.42925553495622
-0.242196595492515 0.0698092123918193 -0.765731144349346 0.00671307910075604
-0.20622228552284 0.158057300192005 -0.433138774301862 0.558207815927082
-0.0477082105543863 0.0723734794032604 0.0824625305142325 0.619371072549864
0.105326939923739 0.0533035091136235 0.242976620954136 0.366219941238772
0.111094197762029 0.0632718502501127 0.126726885684978 0.0272979014730785
0.150154275230151 0.0827494853768312 0.0145951353898221 0.0394505196574762
0.172930047090474 0.0788140303707758 -0.177024728540769 -0.199890033204247
0.0416803096192221 0.0517796922136143 -0.179986148326936 -0.392318595846387
-0.145636260495369 0.120855221874886 0.221417000387684 -0.482797217056447
-0.240341838554643 0.0591635006444061 0.656420181343571 -0.199451221951885
-0.247986020774453 -0.0986317503610715 0.676140879755198 0.303545339410056
-0.155037039718407 -0.263580737569517 0.300056119231546 0.438319086409592
-0.0845075997463529 -0.328098629209454 0.0861626803049584 0.0684716869241077
-0.13709896831777 -0.262054545409909 -0.140818008009506 -0.326849289230829
-0.267870612854632 -0.0728446268702542 -0.588600595139079 -0.297332156497013
-0.272343465968364 0.136923059020383 -0.710994474106063 0.253762939161043
-0.176053437296314 0.194901144279842 -0.254297299230957 0.634092859012689
0.0143892897122269 0.0784162002293519 0.183847581906974 0.517437800277024
0.163532774268874 0.0616910443622234 0.256890835143025 0.255396470856577
0.144310536629721 0.0666507286455815 0.0834822588491914 -0.0238396062368808
-0.133746015024427 -0.0582779564620635 -0.050665478832902 0.00571164307970415
-0.190608184409879 -0.0621941319148573 -0.192568025206145 -0.172790524364662
-0.0846305642107804 -0.0819243634895324 -0.176280278699101 -0.373531921475937
0.0738089873053519 -0.158433428495403 0.214029348401361 -0.543738549852864
0.241314133766219 -0.14721788881594 0.642469236051642 -0.34235938529485
0.282781194025553 0.0762018642678228 0.676134590760184 0.196356315565429
0.142550813018422 0.280126850398449 0.242984032132359 0.405877172527894
-0.0199856113913336 0.336563245531284 0.0556231480869742 0.0724503744290332
0.0202550397632033 0.321499798903912 -0.0442733847861009 -0.395323581157106
0.184791971220879 0.232251453796848 -0.40988326845483 -0.62180099479303
0.281476769636839 0.0283732730000572 -0.770424250191497 -0.2192864890252
0.188409983302421 -0.112123257311352 -0.55008191438345 0.409367965986764
-0.0113086763245339 -0.0999667590285584 -0.0486694942052283 0.561253311423505
-0.180530969739066 -0.107216422992234 0.175629412028228 0.354236969584822
-0.158348562175655 -0.107822966786603 0.0767666012460823 0.014803174919045
-0.118339557098086 -0.0423434014867704 -0.0168941165274563 0.044864118407527
-0.172550794501554 -0.0540345645839365 -0.193562121786148 -0.130725154785826
-0.112882813848148 -0.071308568575618 -0.238905148922933 -0.275834064332695
0.00499149872165506 -0.129491519888543 0.100436821749873 -0.507125743412658
0.170375988223661 -0.146128075280369 0.569700805121062 -0.459109865609292
0.25395359220706 0.0269806923531235 0.741775752136964 0.0577965761527455
0.155674618442026 0.221229629517566 0.346094698881686 0.436252578371629
-0.0176569967329312 0.288288137902619 0.0710913246004469 0.200492047481105
-0.0253173843507587 0.287195440926912 0.00467175788199225 -0.27459250792277
0.107297660404604 0.2497191044699 -0.25469693973221 -0.648057594024023
0.230568400024836 0.0892013894080589 -0.708137817246283 -0.428254540932655
0.188796172259076 -0.0808366486894564 -0.669957493851088 0.25957174637158
0.0265279976976401 -0.104417747748326 -0.165331411825448 0.595709528028901
-0.142202685353027 -0.112045076632204 0.136575462515277 0.449079115585467
-0.143801765550814 -0.101327592523857 0.108121855421331 0.0720445768072057
-0.0847068474344357 -0.0202713097385501 0.011164910572207 0.0694023233548776
-0.121063921413397 -0.0407776206759639 -0.186134003817612 -0.116129917749932
-0.0950775944636117 -0.0618596953787824 -0.275056635418292 -0.218611667789543
-0.0374431449085136 -0.0974223216461242 0.0188626060876888 -0.464381730287427
0.0886142750993017 -0.109776244570376 0.510377817649042 -0.505912622273669
0.178710718560653 0.00897855629273449 0.775870091184425 -0.0344070169510116
0.120099415465112 0.150426169194031 0.427931614324033 0.457930631754295
-0.0150971814723631 0.194314905195486 0.0849819659981447 0.299086928437671
-0.0382040350539617 0.194760759686289 0.0203992627395402 -0.170716593180214
0.0437406487890966 0.190705663689347 -0.147095232250017 -0.623047984532386
0.142638452270691 0.0968273166358507 -0.635540934321024 -0.552674977986034
0.129196780837651 -0.0454610698115107 -0.737913309189053 0.136858505508685
0.0259086738264372 -0.0876983996513543 -0.253421476897207 0.606105564121903
-0.101141321415137 -0.0955730208265992 0.101620329499184 0.519841584803037
-0.11048676598484 -0.0736813074034366 0.134403610303622 0.120485823127874
-0.0379548079369011 0.00444923043653606 0.038504457199503 0.089545765572896
-0.0490459009478723 -0.017025060094594 -0.172283041850368 -0.114600731797881
-0.0463163240406538 -0.0526682256505404 -0.290258656583569 -0.204092205799928
-0.0467355451078849 -0.0645688665675871 -0.0165169340997354 -0.440473971907694
0.0148657153202675 -0.0565863246771986 0.485555585352108 -0.508814892916505
0.0790961171474466 0.0145591266914932 0.790693169836008 -0.0585669937622624
0.0509566207342602 0.0735564018398944 0.468144824788648 0.477841044071652
-0.0114679183678008 0.0727908648934775 0.0925191035497956 0.355047362783393
-0.0152134277851933 0.0624371750538756 0.0248439346047661 -0.110307462916815
0.00933951120205479 0.0792934196579521 -0.108058591772609 -0.593988198097877
0.051099310131038 0.0528996726292006 -0.605788649899163 -0.584875322697564
0.030778441705952 -0.0175639579425462 -0.760788010081653 0.0954690743961826
-0.0113153320808709 -0.0555789803999431 -0.291449982344691 0.616228516213181
-0.0630005754648406 -0.0571291685580753 0.0835147728083239 0.558097728167842
-0.0663049431837057 -0.0355467770792184 0.151722959474918 0.14540779836719
0.0150514921478886 0.0328397507135943 0.0521153996509624 0.0955713393926997
0.0336658817033705 0.01319353387256 -0.159115937547893 -0.122407013733208
0.0120458269483987 -0.0381411393400316 -0.275672199677801 -0.221254346284949
-0.0483202787988763 -0.0286285961750519 0.00335268474851121 -0.447801037479228
-0.0565970239280204 -0.00139421192875183 0.501769784315016 -0.478706598858859
-0.031589977398944 0.0170953283710195 0.793597857708861 -0.0101112231232573
-0.0295740223470077 -0.011333563578412 0.459179708970114 0.508300999200901
-0.00897248723536944 -0.0637312375236562 0.093143042063282 0.358457117640437
0.0152845096186648 -0.0770217716101013 0.026009369708419 -0.111521527828307
-0.0197093427545232 -0.043873095242912 -0.133534981563121 -0.578982422506678
-0.0485732209629057 -0.00464577397881531 -0.635055539446655 -0.530271278562428
-0.0862832104175303 0.00973313819208926 -0.745928476404694 0.152685279520811
-0.0575424518689167 -0.0153106907307509 -0.267776355118545 0.639296087774578
-0.0228099167242667 -0.00925129560440077 0.0912131266942856 0.557529064466193
-0.0115127233076011 0.0126547858498288 0.155323330898442 0.143609225273627
0.064488857845149 0.060595718688784 0.0514328078906295 0.0943557871858356
0.103722956691984 0.0445869396754978 -0.15374014847401 -0.138079381681415
0.0580809652224557 -0.0114032690474261 -0.237316875653637 -0.267371153278689
-0.0612445469176927 0.0167295067258063 0.0703098128506319 -0.463489208153896
-0.12941011477497 0.0418532636430803 0.56289777223373 -0.399721862188085
-0.131759235564383 -0.00360791537182225 0.772123611691336 0.107853171361413
-0.0913021981780017 -0.110466365526849 0.401572228289734 0.530010701810927
-0.00759225132743286 -0.188834488928431 0.0873868215973697 0.307839332340178
0.0176703223130907 -0.193231506341046 0.0243526232568976 -0.165682962081066
-0.0773627975763511 -0.133613936724029 -0.219473033194241 -0.564041131403763
-0.156528486124479 -0.0226912146343611 -0.699534502570052 -0.383385617029435
-0.18406473857618 0.0572146685453772 -0.679734679131919 0.297351215468542
-0.080852457239347 0.0277603594045308 -0.176188433879935 0.65337296499488
0.0291320577166122 0.039471691709289 0.123673640944206 0.508549694075397
0.0444062153050279 0.05670842698558 0.14418001872523 0.108367398873108
0.104970046831677 0.0876307978783961 0.0379658791602863 0.0761798072076203
0.149534610273151 0.0767563591692643 -0.146970974395537 -0.170302564782371
0.0630780362682833 0.0228410281917335 -0.180482734522067 -0.33704994557759
-0.103599401509065 0.0658334112042014 0.178487544755323 -0.466197362874077
-0.201571074095822 0.0521470495575222 0.632623409492201 -0.260634293967934
-0.206740688026023 -0.0640041931217705 0.711312005768077 0.268207088427081
-0.114524379421888 -0.21191195525353 0.308396465202161 0.532871037275359
-0.0103440326009565 -0.287392009135577 0.0798917787670216 0.213786467343782
-0.0182216741906498 -0.267151024408893 -0.00175744448650755 -0.256777894118845
-0.166278292407437 -0.160047882937999 -0.355265884673219 -0.519097272287549
-0.253186671817185 0.0139696858233902 -0.753674055721191 -0.156696179526939
-0.228147376384842 0.112754165330232 -0.553130757482575 0.458521544926573
-0.0611429132402668 0.0628130151405718 -0.0502623364953645 0.629859675248529
0.0917599214724448 0.0764456330533355 0.165181031368912 0.422825858286768
0.0941625773933283 0.088712113854124 0.12324426453488 0.0547445748635617
0.126429467108085 0.110922721626768 0.0126749520361746 0.0456161703638942
0.155317122586544 0.106224469227201 -0.136557893174499 -0.221618904109046
0.030699539978318 0.0593101839733296 -0.0988292123832482 -0.416205811803677
-0.164085808192575 0.095686183521556 0.309482173708092 -0.428814588671687
-0.250550419991685 0.014074431244915 0.685362032428835 -0.0633744473796374
-0.223376059819008 -0.151127351932175 0.604367299105009 0.434145746032765
-0.0916910748432296 -0.293355084346691 0.205211442064728 0.495587202694429
-0.0134784566427132 -0.340996861605037 0.0684715186891774 0.0848620147475744
-0.076047234720195 -0.283347393619402 -0.0693503300067422 -0.350019508579868
-0.245123642767074 -0.125792896695357 -0.507794736733669 -0.417304702598958
-0.295401092119423 0.0744717478816258 -0.754412161208596 0.0956648033497523
-0.208407737795504 0.149002541781129 -0.393254847865595 0.573455554930257
0.00121240780519138 0.0802436978868932 0.0733195848385633 0.551419342160781
0.148953763640992 0.0950314015478364 0.204098064628183 0.311318611990319
0.124635430672915 0.101226752830817 0.0919088391349527 -0.00410454538642514
-0.133966990534304 -0.0569963280615403 -0.0507482175609815 0.00638750872333427
-0.189899468785703 -0.0601152673881481 -0.193406141300437 -0.170808042193601
-0.0855480849252273 -0.0801284986713857 -0.178479990187038 -0.370157061178577
0.0721926382867813 -0.158268379452999 0.209597109132992 -0.542410649591785
0.239360181677934 -0.148766016877887 0.637428105751388 -0.34405670291002
0.281630602881701 0.0739613289474319 0.676312953616693 0.190354112012793
0.143149241602395 0.278533836768235 0.244393991183736 0.402008653895778
-0.0181797908928758 0.336165722076078 0.0567247669126232 0.0719338415208694
0.0212938232438325 0.321143203094107 -0.046145595574729 -0.393045780517753
0.185315323756775 0.230501084108374 -0.413562582789132 -0.618900722541634
0.281685552287305 0.0261378150501853 -0.769191876150897 -0.215065941896992
0.186924746389794 -0.112812021197102 -0.544813636502323 0.410532853226307
-0.0118823327498262 -0.0991691432996207 -0.0441240195673985 0.559351120949741
-0.181238939985966 -0.105106760446072 0.177908499795397 0.350821213323392
-0.158132657573071 -0.106755531236551 0.0775025615327943 0.0143657501318589
-0.117366611521124 -0.0423612392110421 -0.0166832763023836 0.0441369336628661
-0.172679046183576 -0.0527943833835104 -0.194575920407717 -0.12894506420065
-0.113048537186517 -0.0696538676213172 -0.239874792774332 -0.272713162995067
0.00433674905100127 -0.128578285449638 0.0970503424843595 -0.504134816419294
0.168896062005031 -0.147407004040915 0.565072118764328 -0.461368716879284
0.253757597645614 0.0250445026043538 0.738850118754122 0.0511631398254374
0.156149801992175 0.22053907681199 0.349230653217415 0.432991126799576
-0.0160543903969182 0.288146082954098 0.0727972547911398 0.19877426220145
-0.024344234569949 0.286879304548955 0.00361878007203555 -0.273044434939068
0.108044579197895 0.248454900338386 -0.257537343918855 -0.644210548945623
0.229696163978483 0.0878339541137849 -0.706956088773877 -0.421276719410016
0.187601624411028 -0.0811232256175838 -0.667278970069698 0.262983259782587
0.0259658661319447 -0.104547203765984 -0.159256565208213 0.595479302626401
-0.143020146220055 -0.109769923840342 0.139188668572233 0.445770316628741
-0.144080957246608 -0.0997325493900235 0.109466094379083 0.0718268887083008
-0.0831356680877398 -0.0201888576398562 0.0131087408059965 0.0724198098657613
-0.120912783578299 -0.0384011042901064 -0.186431434228529 -0.114320047342828
-0.0963345022251279 -0.060758919611614 -0.277394504218054 -0.215460438990402
-0.0368688839348797 -0.0963456559399804 0.0138657058637268 -0.46265840521246
0.0870284694645473 -0.109507535967416 0.504113027926693 -0.508021261720294
0.177459042606522 0.00792604857925148 0.771382140676573 -0.0391498685177722
0.120253509707384 0.149029797728271 0.428395985603627 0.452142221531704
-0.0134365699173636 0.19519259776671 0.0857637119341848 0.298872919193337
-0.0354922845271363 0.192549593974885 0.0194977043712008 -0.166842184109509
0.0434509796320232 0.189332319756361 -0.151129010891334 -0.619315546817644
0.144810914630141 0.095619560194921 -0.637398101053202 -0.546335973438035
0.129135893400398 -0.0436444176640812 -0.73489467405316 0.140929901572132
0.0240745272973693 -0.0864524301368787 -0.248974194445869 0.606187463474911
-0.101745394300286 -0.0937003980329035 0.105503770983202 0.517446574846052
-0.110937346686203 -0.0740542639663135 0.134513746045618 0.118349064387918
-0.0375769969735807 0.00448991837157065 0.0383351524033498 0.0875674028489213
-0.0475031585407063 -0.016226289028742 -0.172326438687748 -0.114250594231641
-0.0471888429560287 -0.0547224917056667 -0.289163065096359 -0.19835415607752
-0.0479091410416701 -0.0642492943154632 -0.0200880889309426 -0.4406575722568
0.0133776642295143 -0.0572965181315671 0.478704489942947 -0.511447050261032
0.077181050744736 0.013147564772769 0.788288485397697 -0.0647655003768646
0.0515125568307234 0.0735914463492551 0.470577643585913 0.475372147594153
-0.011865510388111 0.0724510162239123 0.0938851325580802 0.352050394961911
-0.0147304387712753 0.062991495568229 0.0216804022618486 -0.111577776339016
0.00970817885349925 0.0784989927145848 -0.113895255234092 -0.590936967450528
0.0508537137718299 0.0517369713692246 -0.609246861994281 -0.579371051642254
0.0306706407513237 -0.0177014064995766 -0.759993838337759 0.0993377154975671
-0.0122952830496351 -0.0557581670884948 -0.28491701372196 0.617432238108231
-0.06383319968559 -0.0564308942248554 0.0903319510240349 0.555190614723145
-0.0650863336878921 -0.0338831010288153 0.151490701240993 0.143436648909785
0.0148092361319593 0.0314532883283573 0.0521498748565197 0.0957857379973412
0.0334264565553646 0.00973293469947653 -0.161703617810236 -0.121573168457357
0.0125246256515838 -0.037539472980973 -0.278276362835671 -0.217788910349619
-0.0475012401518128 -0.0286782260025298 0.00183890250316338 -0.444563713264408
-0.0551651480491412 -0.0014603077757997 0.496043786137139 -0.479949913102863
-0.0313362123072462 0.0184121433430161 0.789745012764932 -0.0151766853773508
-0.0289414438124707 -0.0131648013696067 0.46200730324922 0.50382721994287
-0.00915434433704598 -0.0636896204701117 0.0949118660933501 0.356444212802146
0.015131240019788 -0.0753249861144247 0.0245106750042377 -0.111067304549491
-0.019244087900371 -0.0436537852993399 -0.136261125730925 -0.573865202188043
-0.0486661192873669 -0.00302667251077328 -0.635414358405981 -0.524035457885999
-0.0855287064352394 0.0121641316425572 -0.74427983105674 0.156961382519981
-0.0582404080559147 -0.0152565466433105 -0.261797847645539 0.636771798334313
-0.0224724637605482 -0.00797643466757664 0.0965617888617754 0.55341341667753
-0.0109997831296177 0.0133072075543616 0.15460070228862 0.142038734757004
0.0654652889933284 0.0604424548424517 0.0533005534791567 0.0922734699162889
0.104553423081332 0.0431393689407352 -0.156415144558719 -0.137753846416599
0.0570571291310786 -0.0121483436973599 -0.239790173200906 -0.264152691184059
-0.0613863171562946 0.0174928681010281 0.0661838891209634 -0.462879665996107
-0.128365117769098 0.0429394212940967 0.556374560152965 -0.402873042980176
-0.133205135122487 -0.000875034787427187 0.77165847178013 0.102739271884833
-0.0918475075743142 -0.109056097329054 0.402346887978291 0.526008737274503
-0.00927121280116255 -0.187878071269647 0.0909101622028239 0.30749122512039
0.0178391191340317 -0.193100714448263 0.0249841346789856 -0.163699449068811
-0.0763986883162389 -0.13338624102191 -0.221746297560085 -0.561346150370981
-0.157382515780702 -0.0207956199345152 -0.700292510589907 -0.3789930675157
-0.182920863124263 0.057071093888683 -0.677128947805719 0.299619669775315
-0.0812705050735914 0.0262416138309603 -0.17229508722067 0.653080563844122
0.0291160071952272 0.0407445478505268 0.12694090029215 0.506997639325848
0.04615258338478 0.0559610690054971 0.143249002522727 0.108026590769428
0.10539619295595 0.0875695896888156 0.0389679320294306 0.073827034439937
0.148907075696722 0.0763601927686038 -0.148216560666829 -0.170398450081251
0.0632296121845125 0.0244343713835458 -0.182111506848404 -0.335317651796312
-0.103345074489455 0.0640960458994811 0.175669567540871 -0.46702374824412
-0.200365065723452 0.052373242470285 0.627507229489514 -0.261989437807783
-0.205407829084394 -0.0616776873864276 0.710756028916337 0.26321696552814
-0.114617104335973 -0.211405683631247 0.310811596669873 0.52876864422864
-0.0115895759706089 -0.286335340531146 0.0820665170540542 0.211732340996429
-0.0189623872905811 -0.266805961056261 -0.00423351469793605 -0.254869613913207
-0.165522886558346 -0.15859455143298 -0.358274732594918 -0.51557259273834
-0.250776396067398 0.0169112001708764 -0.754832509196668 -0.150639361756624
-0.227527783382216 0.113599746556067 -0.549270773989302 0.461015372775825
-0.0604293176087475 0.0628001906218818 -0.0451934827297258 0.627791820286779
0.0918007985580483 0.0753941265837259 0.169779052513376 0.41820456433869
0.0935252141550781 0.0875557187101442 0.12223397014957 0.0569135454206156
0.129418976910784 0.109782268655391 0.0130254604404687 0.0427396649398328
0.155123568618039 0.104065590327399 -0.138097612054704 -0.222746174145272
0.0322768860884165 0.0581786463385069 -0.102029934559958 -0.41730400671519
-0.16174938653818 0.0954099681402315 0.306862736832202 -0.429948613728792
-0.251625442486836 0.0160654971525281 0.682304087772871 -0.0662510609009834
-0.224683015772103 -0.150935907776798 0.605275270931844 0.428706952289032
-0.0937629073843916 -0.291001175511674 0.205628538586983 0.492287911144078
-0.017777628613361 -0.341068368124131 0.0686998127021423 0.0835464615602787
-0.077479682481647 -0.284295862827591 -0.0679853949556449 -0.35031307799561
-0.244206993175469 -0.124699495540243 -0.508338825173946 -0.412394169335234
-0.293746838864885 0.0772755004143664 -0.751214448455612 0.100729062032808
-0.205027009647076 0.150071197364701 -0.387821666196752 0.572127330828641
5.79173268042202E-05 0.0799812447508758 0.076990639074856 0.547094952767288
0.148701899143035 0.0961714447287242 0.207199127322572 0.308407403471443
0.127620571811977 0.100171786795718 0.0902933824329413 -0.00238491627014795
-0.133525432184435 -0.0562996547317977 -0.0504023975454309 0.0070005059313031
-0.190233648203507 -0.0580278411495394 -0.195066335453611 -0.168253060694943
-0.0860023407737427 -0.0791572225277565 -0.180970154373574 -0.367590892111682
0.0712860627829636 -0.158297095540563 0.206364231233568 -0.5408071271473
0.237740246870131 -0.150136999621554 0.634820798918493 -0.347929887578073
0.280949110286367 0.0713481866404548 0.676195152574342 0.185266261855518
0.144313287583227 0.276375452656349 0.246053408093534 0.398812407699688
-0.0172320343578402 0.335682526774103 0.0569363476485234 0.0708379189404477
0.0228457942909889 0.318566035937589 -0.0484944453585606 -0.39177255898369
0.185842582318853 0.228107973600361 -0.415017705863714 -0.614218467023499
0.279640161652172 0.0245294902623203 -0.769996986156773 -0.208895209775805
0.185564346675913 -0.114542878526146 -0.540929911917539 0.412997518655179
-0.0126646738997083 -0.0989261917134205 -0.0392948523809089 0.557891633018923
-0.181266923526031 -0.102232163678965 0.180146193576822 0.347867824520102
-0.159427747729596 -0.104868023579088 0.0771073531410086 0.0140256525051345
-0.11720435173877 -0.0410420489082653 -0.0160516323996597 0.0447875346154804
-0.172899545633844 -0.0508738401561536 -0.195165351947634 -0.127112967903749
-0.113480876312698 -0.0682611455631129 -0.240168098137465 -0.269140770644843
0.00313877033618797 -0.127905133904853 0.0928354380975948 -0.503939499227921
0.166502239476805 -0.147981818559614 0.559987923690513 -0.462116437312966
0.253405511574404 0.0233395229288426 0.736801024598828 0.0463791404842408
0.156081177449134 0.217947752180343 0.348463478319233 0.429099298488612
-0.0139781970883851 0.288141552843862 0.0741819712173084 0.197935502390293
-0.0227171750939295 0.285994124213379 0.00131013909941827 -0.271982969188597
0.10865619130636 0.247027873980986 -0.260500373510337 -0.640973099258422
0.230422841091594 0.0855255682722276 -0.709858890468904 -0.415298123031288
0.186679591915046 -0.0824231048711608 -0.663371103169712 0.264958633016733
0.0244623459445629 -0.104098842216779 -0.154942390858942 0.592739030845073
-0.144181070927477 -0.108206216752696 0.1449529106217 0.443203559570193
-0.144063788304515 -0.0978438447642713 0.110067250646869 0.070329787081009
-0.0849888637940396 -0.0188226853771802 0.0149530550421407 0.0708452168027182
-0.119765244988112 -0.0369504000699074 -0.187713483305106 -0.112878199184065
-0.100201105275087 -0.0597342470080865 -0.276136909864333 -0.214329963738093
-0.0381302399059971 -0.0951030067927895 0.0122793903628601 -0.459511842315215
0.0856843709622741 -0.113003234726873 0.498819633121788 -0.507680248088302
0.177233755410709 0.0063854908521564 0.76796920829456 -0.0440621327684146
0.118698836620205 0.147214243218377 0.431331205194353 0.448516625197376
-0.0125665732294449 0.193562369863219 0.0857624174652915 0.294120096029634
-0.0349912368909246 0.192168973201492 0.0181608170237355 -0.167474376491788
0.0448149378165353 0.190442537515625 -0.152998522604462 -0.617287080507217
0.145717408280271 0.0943872457287264 -0.640368928534085 -0.541796369213136
0.12827139425455 -0.0442749889981478 -0.733093917312864 0.144113944748115
0.0232519531966869 -0.0871441828045618 -0.242527852896651 0.606803035953861
-0.10167005392205 -0.0913632094340336 0.1102227504133 0.515053408676925
-0.110091779265867 -0.0710371014094785 0.135285409721438 0.115831255062655
-0.0375362703779873 0.00604204364276201 0.0408832009597539 0.0896029695602689
-0.0479070374356766 -0.015652943201206 -0.176016099535191 -0.112222331724988
-0.0468965711211775 -0.0508870133047324 -0.289519050282361 -0.197488748482772
-0.0492234342616456 -0.0632094206957449 -0.0203735714155986 -0.438412406369507
0.0137297702228711 -0.0572097490770172 0.476210667175993 -0.512701181132015
0.0766739470846054 0.0110670127185303 0.786020234974627 -0.0674141112908405
0.0508411229350142 0.0716564429064514 0.471521135962831 0.470350450934985
-0.0118320487423735 0.072922956645046 0.0951934604126868 0.352761616773832
-0.0142461432883766 0.0627821714896494 0.020335623675468 -0.110047889074572
0.00989174872258236 0.0796799892607288 -0.115713159660974 -0.587366187379972
0.0518833532777167 0.0510623501808731 -0.61070357222995 -0.574864424325977
0.0311421456102484 -0.0174789865559459 -0.755682359712132 0.101797365720135
-0.011473022624714 -0.0559045544255278 -0.27984799522922 0.61827865629446
-0.066154842227871 -0.054631350845778 0.0947623658459122 0.552728098491633
-0.065775341990115 -0.0323592627667635 0.152482094184206 0.142932438820772
0.0164494715221223 0.0330063370782861 0.0524790559529186 0.0941251361166983
0.0320157800411623 0.0123402048485917 -0.161616654150369 -0.117279167402704
0.0130964168937902 -0.0388210933484901 -0.277299985613993 -0.213567143499232
-0.047503573858883 -0.0280547832131981 -0.007061227178727 -0.442696002453573
-0.0563936622782581 -0.000583210767814697 0.495719376559639 -0.482443364505951
-0.0309342487754656 0.0187894255656119 0.78531243809516 -0.0201681052546727
-0.0299226430478665 -0.0107470981355431 0.462966488258677 0.500222242315574
-0.0107033090739431 -0.0620848855797277 0.0988799345431057 0.355635553584403
0.0129035160561987 -0.0749950539768059 0.0241743831204635 -0.109680448852244
-0.0172035535186208 -0.0439109424468488 -0.139443506554912 -0.570844448620558
-0.0482279030184955 -0.00350693483239687 -0.635766843423996 -0.520776309498581
-0.0851207598218277 0.0132326901855627 -0.73994163350988 0.160155605897015
-0.0570360006242773 -0.0149270772753926 -0.256704328832184 0.636651239148965
-0.0228504911571871 -0.00862907177196773 0.101332173552436 0.55298034684002
-0.00909626846150824 0.0110601273431116 0.156034797854429 0.139409429919134
0.0658639348472307 0.0615676221000882 0.0547916502604089 0.0909074269208162
0.105034905689423 0.0444240559090107 -0.155436156719842 -0.135127609153609
0.0567592383869855 -0.0102599023040114 -0.241526718871393 -0.26277413541391
-0.0609838417501886 0.0178530828058144 0.0624120381641676 -0.461348173691114
-0.127147689156046 0.0423461788413414 0.552285468251332 -0.402429254993531
-0.131963986206786 -0.000120326846711892 0.767657687656066 0.0962359303068551
-0.0941694428899628 -0.10813665629723 0.403548685810338 0.522663429791548
-0.0101527459842699 -0.187747965423416 0.091415604002161 0.303553076601339
0.0155144961008883 -0.191844619721845 0.02364873517574 -0.165044581686047
-0.0783647946623734 -0.133372969539095 -0.224761689330766 -0.557875292429073
-0.157405476236005 -0.0196061846329839 -0.700624235132247 -0.373101489690189
-0.182723526784679 0.0599051230119074 -0.674741075962772 0.302172158518301
-0.0813413134948375 0.0271114271152642 -0.167468924354499 0.650825627643437
0.0294005931909308 0.0389323730862421 0.13257660426743 0.504222825461311
0.0447713458544162 0.0548630619674641 0.146707606153182 0.107505184637204
0.105050172735281 0.0874814527815295 0.0388982359386999 0.0754733481638673
0.149086645144014 0.0755824404932737 -0.150359919948424 -0.168290926257885
0.0637798566289897 0.0226994368336225 -0.182475566627812 -0.331742202603705
-0.103396723527731 0.0658559569524525 0.171571396286126 -0.464078380026143
-0.199779542069622 0.0526092458260145 0.623688948937642 -0.264711207585529
-0.202831632480372 -0.0594156820463342 0.71147683147711 0.25781413618169
-0.116655208111667 -0.209819087485083 0.310971816207242 0.52433251287641
-0.0142512054335818 -0.285471448647713 0.0814076419376822 0.209653007158458
-0.0231841179839544 -0.266285116441248 -0.00562910821986186 -0.254690801264685
-0.166510015049808 -0.15569096903629 -0.358988228101796 -0.50998702033234
-0.249936414819372 0.018528906927407 -0.750328487501571 -0.145310823638938
-0.228046111376246 0.116253461220704 -0.544263642729812 0.463362490004414
-0.0593362342205923 0.0632175339700584 -0.041592064661562 0.626169955920068
0.0931925544397988 0.0738410885096356 0.173280299179034 0.414384065026453
0.0948628627232867 0.0871731440578046 0.121993917639017 0.0533299235788343
0.12698339584766 0.107523370459964 0.014828332841818 0.0428901037350844
0.15554324046015 0.103716164025107 -0.138859869336549 -0.219975865102312
0.0307036526058722 0.0580119256121422 -0.102715017703291 -0.414217990516003
-0.160343775733319 0.0991293445522572 0.301916130728372 -0.42840096952953
-0.249450358745409 0.0181678061524762 0.679205384301729 -0.0664078488984004
-0.224201377900778 -0.149083636318139 0.606708377288375 0.426561531590979
-0.0941972243894604 -0.291297709073914 0.207715677756444 0.488626482512213
-0.0192316608884536 -0.337464692788331 0.0709620963673746 0.0854129478436273
-0.0763533617830706 -0.283545391111765 -0.0745069859070477 -0.349447886956254
-0.24476090857115 -0.123440921118635 -0.50980092439216 -0.409122974355487
-0.29263461906504 0.0797697070127595 -0.748528628678321 0.108799093894245
-0.206162261868925 0.149419534409574 -0.383871363090623 0.575179666924464
-0.000766837400506759 0.0765581593482355 0.0825606887741974 0.545525813472372
0.148886059100901 0.0903373404149613 0.207512175632017 0.308496795698762
0.125541668378863 0.099245275587721 0.0919152618307809 -0.00322993598548035
-0.133582338944185 -0.0555787348238207 -0.0507892284803241 0.00749361915058867
-0.189637127460973 -0.0564266001879342 -0.195143891998978 -0.165910701480992
-0.0865566444220168 -0.0781425522418575 -0.182425294855413 -0.363338810775045
0.0701953121456665 -0.157203704335416 0.202951720794361 -0.54007848061584
0.234549323664732 -0.15191929175688 0.628232175868181 -0.351015533230984
0.279775426026165 0.0686977308910956 0.674353504833415 0.181307327749225
0.145106993321368 0.274522576939634 0.247824950926641 0.3970013748285
-0.0154627942231032 0.335497237104125 0.0561306268511989 0.0706284813409368
0.0242935177404459 0.318678785042645 -0.0511668580631947 -0.38969441727503
0.186639947274203 0.225471899513514 -0.417172303109627 -0.608043302877117
0.279559586866049 0.0223554635601383 -0.767389928809246 -0.202349836235198
0.185004024092508 -0.115649830647731 -0.536774354599193 0.415328064933172
-0.0131179713922789 -0.0976165858710843 -0.0335207692834676 0.556551341130418
-0.181463029654639 -0.100182444656644 0.182810390793407 0.344860441157863
-0.15822846263994 -0.103289760275364 0.0773239591546185 0.013206583910983
-0.117615169202929 -0.0406007642668333 -0.015290812919299 0.0458156690898436
-0.172736307231694 -0.0490109840607668 -0.195958115323217 -0.124990131622017
-0.114077068528895 -0.0667636282903985 -0.242131547804912 -0.266148226933118
0.0024088327771115 -0.127301823399853 0.0899809930035279 -0.503435034240727
0.164432175808622 -0.149727980007661 0.554526560701346 -0.4649937116864
0.252278869343527 0.0213055718250401 0.734755014203675 0.0421896248388384
0.156411906852507 0.216286397447422 0.349533166656543 0.425704273560599
-0.0143492949425675 0.287126270137049 0.0742269354982156 0.19730885696408
-0.0215048807194409 0.284868821461686 -0.000474917718636841 -0.270691200235468
0.109436258221763 0.245034212943537 -0.263289112501042 -0.635586981050772
0.230075925375836 0.0844397510926721 -0.709929387001255 -0.41060517449713
0.185533454704818 -0.082826730174514 -0.659254337218832 0.269843408793215
0.0233660346186689 -0.103518127876863 -0.149055934467454 0.592092037218338
-0.14437898534234 -0.106161899238602 0.146944394870059 0.439566950035099
-0.144055245339956 -0.0968924696298641 0.109477128675576 0.0700621671393283
-0.0828614692306223 -0.0196881726110733 0.0153065321436026 0.0718765422744525
-0.119331728005858 -0.0347881237223327 -0.186936129379515 -0.111439411330441
-0.0994896212270047 -0.0599387785837344 -0.27705164605418 -0.211341297144631
-0.0387210821501952 -0.0941923299342719 0.010399555133786 -0.455950127326693
0.0844148167224561 -0.110230300443658 0.494307388731729 -0.510647404273241
0.176750374990428 0.00682011934913832 0.767861923417993 -0.0501106996894998
0.121453984493384 0.147276096908625 0.431656973665149 0.443887670455432
-0.0124969495708887 0.193537598565076 0.0885012087735851 0.294376863061722
-0.0339221954710353 0.192176367348816 0.0169256812982616 -0.166958893259753
0.0459711454041599 0.189387672997368 -0.156908251899976 -0.612924447857256
0.143963064840937 0.0945278712618522 -0.642544004615884 -0.535923902655376
0.128820107889168 -0.0443786966566311 -0.728396591072434 0.147872419468906
0.0228067511012395 -0.0860620129437069 -0.236746808324628 0.60340201828195
-0.102726087597119 -0.0914102212036357 0.112461624892046 0.509840718459723
-0.10932670538729 -0.0708265105376118 0.136623878781634 0.114316051683734
-0.0361088650614103 0.00612075283550131 0.042080988129802 0.0888581319666029
-0.0477165256600599 -0.016571135910107 -0.175716214754849 -0.111559897412945
-0.0493061590154193 -0.0511706972552997 -0.290061857245937 -0.193716409923593
-0.0496652322633191 -0.0631407986588042 -0.0242919973517444 -0.434787615916196
0.0118356544259433 -0.0561742673352526 0.46822432179828 -0.514548985393436
0.0765195709309546 0.0108390293836465 0.781251217077496 -0.0724310909950193
0.0499894899594556 0.0727831323071273 0.471964227046135 0.465439311768977
-0.011646830453766 0.0712395005761815 0.0980375840937324 0.349379603123937
-0.0138388886964474 0.0609083917593101 0.0198026008783551 -0.109275271268116
0.0106740759848495 0.0771410824903101 -0.117058826899914 -0.58352199912675
0.0521680376259389 0.0509758343452695 -0.611586458240119 -0.569141544419751
0.0301569148234719 -0.0181491094104672 -0.753833355060076 0.10709872798576
-0.0127402566006679 -0.0558948796542896 -0.272969310626114 0.618353326924026
-0.0647909465830003 -0.0544857672714263 0.0981643775577046 0.549216547784497
-0.0645605676561855 -0.032653621137459 0.152802679355834 0.139270481354495
0.0155020505079437 0.0312401669276298 0.0549567385924646 0.0938424921737534
0.0347860893999097 0.00977427658843381 -0.167939019976245 -0.117516561466106
0.0108489424726011 -0.0357442182643767 -0.279584796834423 -0.21012031057501
-0.0506114282433112 -0.0259804993785385 -0.00566234989676442 -0.440313099964491
-0.0557482429939271 0.000146629921834328 0.486887461470604 -0.482908300768824
-0.0297304327671783 0.0203172538121821 0.783189492305752 -0.0257655950483529
-0.0300797071756185 -0.0120451453083062 0.461255284030178 0.49465034451911
-0.0115794618929 -0.0632494040542817 0.0981745995900992 0.353655300228234
0.0132406323691397 -0.0755312710656557 0.0240596546630374 -0.109514529574766
-0.0176806534518437 -0.0424785708343642 -0.14268174714179 -0.56874513399895
-0.0483010915057373 -0.00281791673519569 -0.638299689686136 -0.513350762217748
-0.0827547592438756 0.0133846314665218 -0.738067302736139 0.166688646714114
-0.0580571565857189 -0.0144739766488471 -0.24842130044788 0.636894492775345
-0.0246190547250282 -0.00748957474238005 0.105629134723073 0.549105718099476
-0.0115371166305724 0.0157662280357105 0.155429958863954 0.138741964606682
0.0662824889377977 0.0598032753269517 0.0552711303303357 0.0905819133758356
0.104293411483666 0.0421045425750856 -0.158033099838624 -0.134895959578162
0.0550767257185071 -0.0131958968470699 -0.241229625635239 -0.257587871239391
-0.062162679692307 0.0185268484190196 0.0593048677142696 -0.458627928421043
-0.126841817919605 0.0439013203959051 0.545152793388033 -0.402918039437281
-0.130802989981517 0.00130118436625668 0.765089457340869 0.0932141447079605
-0.091895150527482 -0.109183677814833 0.405557858597144 0.518590799425468
-0.0114165338835271 -0.187650984861609 0.0927612707277144 0.303267186210501
0.0150567824227002 -0.191766298163913 0.0213800055064137 -0.164842703289549
-0.0779131699405602 -0.131956313285005 -0.228840928113694 -0.553811849078543
-0.155200116599554 -0.0190120348331734 -0.702020586796731 -0.366811400929625
-0.181031193061241 0.0606456757914396 -0.667736095987302 0.306112846041948
-0.0823979252469551 0.0283659754525129 -0.159300939824734 0.64908917565256
0.0295251217236393 0.0377484757518498 0.135997273778832 0.500464131630372
0.0458006834460143 0.0546733107226618 0.146271797537057 0.105229827854513
0.106272708680313 0.0864163616284018 0.0395635844457186 0.0737027206764799
0.150009003258463 0.0733870695978854 -0.15276760509961 -0.166059867656454
0.0627250485787564 0.021010938000255 -0.185380026656786 -0.327788812116415
-0.101840921883904 0.0683070908384089 0.169353446141945 -0.463375590398187
-0.199630270935093 0.0549458715198932 0.621171618722168 -0.265854360544497
-0.204209854300594 -0.0579762751271159 0.710252871554671 0.250885364478816
-0.116215380608063 -0.20838718393727 0.315705044313341 0.522670106817974
-0.0158585941582719 -0.283518110463563 0.0841582959032969 0.208983160359372
-0.0228329403663866 -0.265552029421265 -0.00668321300875542 -0.252350143192854
-0.167427723018019 -0.155564172390673 -0.361911793614578 -0.507489848245062
-0.248852970865092 0.0192008564542008 -0.749320151096783 -0.141161073842062
-0.225215690804007 0.117385036179244 -0.541111906082313 0.467004104545834
-0.0595864431854305 0.0629781227591577 -0.0360103698329991 0.622795664515101
0.0936636413146403 0.0730354463931657 0.174794073625742 0.414730256467488
0.0947823001381824 0.0854935918631625 0.121477529378791 0.0542381416312679
0.126680101937886 0.108681721312427 0.0111460413086571 0.0429624875839528
0.157550523909996 0.100566990167592 -0.142457537032426 -0.218511147027663
0.0298400717419717 0.055343917172613 -0.105453304230627 -0.409169801910379
-0.160558467970404 0.0970372881685296 0.297314741723853 -0.429083041946304
-0.248727463286883 0.0203313087920973 0.676209286476068 -0.0709785456539839
-0.224904767392906 -0.145323436509406 0.607202226750653 0.418330655586128
-0.0960612675168151 -0.287781858026482 0.210421786033443 0.488194624814311
-0.0204026283660752 -0.337446337839136 0.0689538319713747 0.083818283120443
-0.0814110288032514 -0.282847128389059 -0.0739221281680812 -0.346390216875038
-0.245128026416176 -0.11979921096888 -0.511080329246367 -0.404027742824219
-0.289933361651983 0.0814733326118058 -0.743892779060657 0.10893914991636
-0.203634740241868 0.152287530606938 -0.377202897725946 0.574614605319468
0.00166878018490153 0.0774383501591443 0.0855500138294298 0.545397832409194
0.150100127260289 0.0913115839110936 0.210025292233716 0.301032548722898
0.127930607105744 0.0993866273565934 0.0896906969790333 -0.0046757114463489
-0.133378451221759 -0.0545402992493752 -0.0504661330993683 0.0080106483234159
-0.189329472944874 -0.05492675066466 -0.195501406563697 -0.164240566732465
-0.0869631865119127 -0.0764906577972268 -0.183815976499177 -0.360811895556009
0.0697989476911682 -0.157122525477955 0.198960919742716 -0.538808901074873
0.23259558637116 -0.152951749349115 0.624414320860082 -0.351645288564739
0.279025556376467 0.0666672424060061 0.672144413185044 0.174703518941519
0.145199091381978 0.272591357139251 0.2478564790285 0.3936152861327
-0.0140548624601165 0.334068556550832 0.0568326247213944 0.0700357168428793
0.0246459326692822 0.316311938202952 -0.0535953404787829 -0.387140270525368
0.185926890142428 0.223397455712631 -0.420239653294754 -0.602307615301826
0.278704642520111 0.0202261816786119 -0.767809129233482 -0.199154105069558
0.183190678204376 -0.115379958307819 -0.530514036732114 0.417157902288817
-0.0148958068669631 -0.0972880999202082 -0.0301421003110973 0.553513633730572
-0.18240238084615 -0.0978416667206281 0.184564378634556 0.341752077083039
-0.158357379854301 -0.101880826068939 0.0771480683079082 0.0133503183430933
-0.116893929046749 -0.0392006747890817 -0.0155628339091265 0.0459309162255702
-0.172321069951205 -0.0474422090091603 -0.196203278113539 -0.123553247455851
-0.114540634999117 -0.0659398419906382 -0.242402143488274 -0.26359109061272
0.00171600774295936 -0.125745918351137 0.0869033158675067 -0.501183320149763
0.162963441795557 -0.14917425920408 0.548922874203322 -0.466243299909784
0.25137634727149 0.0190552460326013 0.732073692588 0.0376873014510827
0.156365739053072 0.214696651070343 0.349000727843843 0.42139094209083
-0.0124262519462546 0.286645192370072 0.0749426318401193 0.195140612863127
-0.0213066170434295 0.283640908850445 -0.00228743444970846 -0.269320889844564
0.110441873255225 0.24304126586884 -0.265853929978045 -0.631061667274408
0.228647336043607 0.0822412698495838 -0.707681023768376 -0.407081117525337
0.184467312687303 -0.083936218642377 -0.654228760230729 0.272610758506395
0.022535256209058 -0.10243420530068 -0.141656099741925 0.589958302589224
-0.144922838930805 -0.104170002967815 0.15012151067773 0.437005038902583
-0.143322074810406 -0.0951471055312694 0.110164249644304 0.0684519168050665
-0.0830355833928964 -0.0185852350650622 0.0155028256903453 0.0709249397314225
-0.119282580274302 -0.0340381552707704 -0.18790634467684 -0.11041389844396
-0.0989587259751675 -0.0582177363550981 -0.277671543243817 -0.206622035926993
-0.0395733239959295 -0.0925253533821287 0.0067949363657858 -0.457229923361953
0.0843612569608077 -0.110708482001057 0.489807989996926 -0.51184241469645
0.176514600921696 0.0042056647927954 0.761906493877022 -0.0533333464684248
0.120701584691738 0.146150225982191 0.431385860524113 0.440644363291373
-0.0113054716959341 0.194943639852764 0.0896812810993994 0.290202598120788
-0.0339429273197501 0.189609969961828 0.0154086660783649 -0.166583694666423
0.0445514354977192 0.186380708238658 -0.16051924277167 -0.610573550125786
0.144479222145206 0.0931516772130602 -0.639946526035559 -0.531718136003536
0.126825889713081 -0.0457674480925302 -0.724892660372683 0.151698905782588
0.02302180455924 -0.0873482094365131 -0.231258710522815 0.603881052372808
-0.103150260746005 -0.0878791680956882 0.116471179010339 0.506667137519449
-0.109606636682676 -0.06939921439539 0.136373690246163 0.114549131355463
-0.0358651270671241 0.00427276649941169 0.0411346985625372 0.0877855304593929
-0.0470624300203983 -0.0135685528156054 -0.176447165394622 -0.11076236456226
-0.0489825856879619 -0.0511294183532383 -0.290452203478806 -0.190489246136036
-0.0500728425966616 -0.0620218317974495 -0.0265423328126258 -0.433584270925547
0.0113123995562286 -0.0574963664779081 0.462524277110789 -0.513533155798584
0.0777652268710841 0.0114716807513676 0.777258263637806 -0.0772510714047815
0.0504377537221829 0.0720446513410206 0.472116731374071 0.461695647425336
-0.0116066487690194 0.0720113376887464 0.0976923307577125 0.346410807060825
-0.0144121120523226 0.0611044139778865 0.0186321369393581 -0.109403527063246
0.0110588205347769 0.0774957499483315 -0.122085897955342 -0.581514731493837
0.0514199307639396 0.0512963078068735 -0.61318113642064 -0.56364015312179
0.0303134454649023 -0.0185925057689104 -0.749657815869877 0.110146814799123
-0.0127162628277776 -0.0554337910502505 -0.267849493649779 0.615708119626893
-0.0660635419629957 -0.0534890631920691 0.101561821588813 0.545205340308289
-0.0648836137250972 -0.0311207512555921 0.154076040664233 0.13830352576695
0.0148200539130294 0.032172077153506 0.0551350965410233 0.0931208049072028
0.0333607935514409 0.0115343811895399 -0.164842159714513 -0.118107933182956
0.0140261616185518 -0.0373089216653909 -0.279322602116118 -0.208247254381273
-0.0488706851836044 -0.0255162416968883 -0.00883606071111742 -0.437622200844676
-0.0538569442047399 2.80988080522365E-05 0.481903060864929 -0.481821712460248
-0.0304443080342027 0.0192861629465839 0.778194091549 -0.0282060579632439
-0.0295331166177891 -0.011767743459288 0.464015716502587 0.49003561163721
-0.0108029786586565 -0.0619537374961256 0.0996140873634115 0.350309246642032
0.0135632048259232 -0.0766965973166351 0.020818947694691 -0.108775140777048
-0.017876534671566 -0.0438842445922269 -0.145091194229652 -0.568129102695315
-0.0457114715490709 -0.00188137506965645 -0.638373495254715 -0.50820340896762
-0.0830766514357339 0.0139862897231236 -0.734250752413841 0.166642685469806
-0.0587706347811388 -0.0140289427013693 -0.241744381678183 0.635334119217956
-0.0236108685861032 -0.00768908530050703 0.108766831901747 0.544399167188957
-0.00903665903225203 0.0144670029451622 0.157832580402131 0.135987101523942
0.0664759647389913 0.0598525187476677 0.0545667018971016 0.0905246633197589
0.10542869016188 0.0417141870618117 -0.160270519115563 -0.132968035389956
0.0553192996329654 -0.0127161898567619 -0.243137896943716 -0.254831866677536
-0.0620832819885261 0.0190930533873999 0.0560244287827808 -0.455989663241179
-0.126370791831276 0.0444273023835147 0.541364275756866 -0.403702888681994
-0.13061371621131 0.00125094066673036 0.761924558701641 0.0863198460253511
-0.0927327482461311 -0.105647656779798 0.40521840811521 0.514196076046267
-0.0130894725607642 -0.185272512602521 0.0934100522274013 0.302231326186901
0.0134852511116007 -0.192142412157449 0.0211668361414997 -0.164315315030215
-0.0780429700158453 -0.130918833515945 -0.229854945489659 -0.549315808660298
-0.154757755032738 -0.0173564572167816 -0.702328638725773 -0.359882458269719
-0.178251407654067 0.0634508294276225 -0.663772294302026 0.307016313957253
-0.0808871940010385 0.0282848125899633 -0.155124669818564 0.647805708697507
0.0296489235614681 0.0376712698329882 0.139163673806592 0.498455148404922
0.047047035698507 0.0561439915698422 0.144925586298353 0.105692117708891
0.105937754313492 0.0848398228842228 0.0406418648471096 0.0719369318100787
0.15098351079573 0.0729592240508925 -0.154000951828298 -0.164433752032659
0.0618328449577532 0.0202214251163056 -0.186426200413013 -0.325257164622778
-0.101606831321882 0.0671243230815833 0.16522367265932 -0.46223472032046
-0.197735157794515 0.0560121639799391 0.613766532429749 -0.266285470523816
-0.203214935368342 -0.0564397153201312 0.706805368214593 0.246634881443451
-0.118173631126603 -0.207043700261159 0.317574865795458 0.516889313060939
-0.0172514150050889 -0.281984573234751 0.0838015199420875 0.209012431914704
-0.0232212597398651 -0.26601305206623 -0.00758852005124732 -0.251437053652171
-0.166768125446816 -0.154597853180768 -0.363551722342753 -0.504705980912068
-0.24660243880223 0.0215613051870897 -0.7477340923473 -0.136146318045486
-0.223093090047385 0.11919125722651 -0.535524655229033 0.467536036892212
-0.0587575958054444 0.0627143975724729 -0.0327242920034984 0.621728609742805
0.0927476412125456 0.0714994340683681 0.179788669310006 0.41067006694758
0.0959644584145618 0.0849907486033432 0.12267631510821 0.0535769251402092
0.128720713822228 0.106692758532297 0.0112991875771563 0.043763006057705
0.15921207825783 0.100201234717255 -0.145330689108028 -0.216270650616665
0.0316341636562974 0.0566536566524894 -0.110646037619048 -0.408079873875206
-0.158220071684181 0.0970402704994763 0.29476407068062 -0.428117677279343
-0.247315299771233 0.0204097817288672 0.672111358957729 -0.0750510477412911
-0.223255108598469 -0.143641911526773 0.605877369887036 0.41179054004292
-0.0970344988631305 -0.289052500374332 0.211741574738593 0.483829808622269
-0.0231548926806794 -0.337775230569545 0.0705189804082316 0.0848358435307615
-0.0800887502152859 -0.280726279239173 -0.0738642547657142 -0.346169001077987
-0.242585064785608 -0.11790645912069 -0.509632242279146 -0.40017605933418
-0.288398378071904 0.0840628351390148 -0.74220364568606 0.112915936544956
-0.201131003431495 0.154785856655278 -0.373517489245506 0.575356854459416
0.000746007164949374 0.0779759976671574 0.08965727457887 0.54158341521999
0.14909558007273 0.0902908214882267 0.209815984670094 0.302190314018507
0.127935565316751 0.0972662868281072 0.0885009137200278 -0.00354854210205513
-0.132826714809288 -0.0534046197009991 -0.0499077469884168 0.00890765645080024
-0.189164016327661 -0.0521668330556908 -0.195764608886864 -0.161775726831058
-0.0864518743297911 -0.0758595663748697 -0.184143794243243 -0.357495664531689
0.0687944592745965 -0.15631334291672 0.195066315190754 -0.536265026981178
0.230678925789086 -0.154012167280836 0.62112753858276 -0.353628982082363
0.277550014967383 0.0648953779730067 0.670115270492286 0.170621919092373
0.145131794337158 0.27035494059339 0.249943466834096 0.390354998716525
-0.0123846709688654 0.333265169338586 0.0567704788043083 0.0694001366085758
0.0261574328053335 0.315768757241019 -0.0549734777876196 -0.38473556738062
0.186309476656272 0.221564125422929 -0.421018067068344 -0.598879489911842
0.277398562866444 0.0183382878186418 -0.763797524915321 -0.195352997341734
0.181382998708625 -0.116279535693635 -0.525676693396026 0.418601251254149
-0.0154661405113464 -0.0966764474428859 -0.0264559858630568 0.550876361356187
-0.182218108260992 -0.0954489502331697 0.185829203106198 0.339432429819463
-0.15757544274206 -0.100052710891555 0.0770353902128239 0.012262572250878
-0.116416073716887 -0.0388284672505555 -0.0147040302846165 0.0458898942633181
-0.172390640596873 -0.0462584739862513 -0.196566252491799 -0.121712049545034
-0.114163733116737 -0.0644609092697475 -0.242303694503042 -0.260867339654884
0.00142520812026534 -0.124712389492789 0.0845715547476707 -0.49893576475289
0.161023237430755 -0.149961961490461 0.544628094167401 -0.465276262763931
0.249691076912785 0.018189559880426 0.727714972614722 0.0331974779823058
0.156798607792932 0.213153881784433 0.350205005300871 0.419067681331872
-0.0106850725120653 0.285968207113735 0.0749437772274805 0.193607673345621
-0.0200192435987724 0.282992152342137 -0.00327885938434573 -0.267791702615879
0.109736943522029 0.240889643232411 -0.268478183444757 -0.626600825544213
0.228428070808361 0.0807082147070863 -0.707347362967256 -0.400766620223929
0.183536061353974 -0.0844062320071493 -0.649562294393044 0.273031772930427
0.0218076040259022 -0.102660802680418 -0.138760752777722 0.589624123209114
-0.145604039555041 -0.102107759750113 0.151471425713238 0.432288518947828
-0.143117274698025 -0.0928308866917333 0.11013928121409 0.0672124590056191
-0.0836465642405926 -0.0184585897171425 0.0180765843866124 0.0708746329517546
-0.120921879688366 -0.0336190924298443 -0.187352109860467 -0.108890594115652
-0.0983020851642947 -0.0568291613005001 -0.277428623776623 -0.204499875996164
-0.039830368748761 -0.091772835403955 0.00584772580658735 -0.454005890082112
0.0827599150644232 -0.112296261085326 0.482535689053613 -0.509507572482158
0.175554340628313 0.00356586187264527 0.759299037320214 -0.0565630456186168
0.120997146555567 0.146576827613484 0.430483496280727 0.438202725466956
-0.0112330177735835 0.194258917861417 0.0897375255067406 0.289602031294877
-0.0339033907644002 0.191311956959272 0.014463644577604 -0.165547812975862
0.0454637824671456 0.185359494072558 -0.163726126507109 -0.606027416108481
0.145673629479645 0.0922156986232643 -0.641653631588611 -0.524966472065304
0.127544360194764 -0.0493959060477806 -0.720163652201814 0.154657284774696
0.0222461542032076 -0.0850657901480884 -0.22607709490686 0.60089647893754
-0.103902373243763 -0.0864372219718556 0.119820407151834 0.502266828274595
-0.109461413746457 -0.0674016906385966 0.137745137784601 0.112741875007208
-0.0362588561935371 0.0046512996980991 0.0426414851998243 0.0860653423201602
-0.0466832734566763 -0.0138025894308326 -0.177714384337448 -0.107830928667144
-0.0498093219668634 -0.0511690432487507 -0.290636463686111 -0.187542011877332
-0.0507884843398037 -0.0611285081239456 -0.0290427080038456 -0.431734435518892
0.0128202178847255 -0.0567340846100613 0.458781735658099 -0.513407638526564
0.0761188543098578 0.0112385809156516 0.770721453814349 -0.0823861223158502
0.051433869050852 0.0715435363550073 0.474062437096526 0.456992286973098
-0.011092040809437 0.0718740382284444 0.0991247103309825 0.342937180786054
-0.0142040367252314 0.0607596009046594 0.0186681506358233 -0.108993051076274
0.0124009528030194 0.0762487595177112 -0.124487473585977 -0.578211062819508
0.0518455466312024 0.0508158224819289 -0.61427083779616 -0.557731726368539
0.0301004213096774 -0.0163528775119545 -0.745984187906038 0.11253712430531
-0.0123721745694387 -0.0548584421861252 -0.261082522769057 0.615045744922313
-0.0665087618052209 -0.0522096998600082 0.106079246289271 0.543847380752811
-0.0650778240124373 -0.0298576119879461 0.15484992084051 0.136995070628134
0.016062316244235 0.0315192964725293 0.0554261333240427 0.0919893974227295
0.0349869296277314 0.0116630948501024 -0.168173869412332 -0.11607742356512
0.0104221903552134 -0.0356119881326972 -0.277861449102317 -0.20074472048579
-0.0477337571405706 -0.0245873239488613 -0.0145352405104128 -0.434582321274007
-0.0542135197773939 0.00303602165377687 0.477055500045525 -0.483784868134098
-0.02801957084066 0.0182723258623248 0.772942657699185 -0.0335910575565291
-0.0306377019891972 -0.012449247655642 0.46414759069762 0.485122485740382
-0.0108323643672525 -0.0622082183832838 0.100415017177454 0.349371374424265
0.0124576417439204 -0.075930316928433 0.0230662201169074 -0.107222246187718
-0.0190810082297524 -0.0413229493791804 -0.146947186896498 -0.561443953138343
-0.0467673583460336 -0.00185546808717898 -0.638650200898474 -0.502342391774497
-0.0829562264614406 0.0140405049765362 -0.728944031581854 0.170275760108638
-0.0582628103268817 -0.0145655243192508 -0.237430173705825 0.634497165164054
-0.0250663343663216 -0.00745342301174567 0.114149603877727 0.54137635961711
-0.010103077671115 0.0151313100265817 0.157016089628724 0.133985419983264
0.0652738744884193 0.0599907024129872 0.0548552096846437 0.0868427881346286
0.1065570711551 0.0411926121234671 -0.160141875036023 -0.130991954170858
0.0541668917437439 -0.0125876695704729 -0.243381787518382 -0.252072550716289
-0.0624626026472778 0.0195470794629031 0.0561150718477124 -0.451997488143418
-0.124799170171835 0.0442558572882018 0.536888081092192 -0.403490783216073
-0.129355442488235 0.00221019065576194 0.758151255473899 0.0799051539595183
-0.0927301820703591 -0.107176695038762 0.407723998664551 0.511488196997414
-0.0140509784630735 -0.186520078863714 0.0952549738908928 0.298926771927796
0.0135683515103587 -0.192271118595225 0.018614884793 -0.163008011155958
-0.0765920019623331 -0.130743420370436 -0.230186110650197 -0.546697254403582
-0.153732240000044 -0.0162198872154338 -0.700157145444093 -0.351652270786536
-0.177203296190221 0.0658110914922422 -0.65792231298274 0.30991027165531
-0.0800957923535647 0.029957602322043 -0.149752118238412 0.644461495757198
0.0291558848137548 0.0372772638714154 0.142798006514371 0.495287842279148
0.0458303445782249 0.05600687752147 0.146213933616461 0.102312346073905
0.106219440875263 0.0840218427453788 0.0393474789479762 0.0728446727041455
0.150496116770777 0.0719390681307605 -0.154661076951399 -0.163241116015782
0.0624559654698183 0.0197500368992746 -0.187229281406962 -0.322858897589212
-0.100041244524478 0.068514466854548 0.161335706928139 -0.460593188941853
-0.195578967047794 0.0576017681277911 0.611955268515998 -0.270195071246135
-0.203410783769387 -0.0558718494107986 0.7044478284504 0.243795133464239
-0.118862124470934 -0.205676764774516 0.315448154376937 0.514968545296118
-0.0194752782553643 -0.281568505026418 0.0846267768117812 0.205936556358503
-0.0233858471562194 -0.264248540266796 -0.00894284496090393 -0.249978195814188
-0.165380312960818 -0.153498805516872 -0.365112577368512 -0.500663344161239
-0.24537820794598 0.0232087220888161 -0.746094398632964 -0.131943504070095
-0.22264468611136 0.119694097511169 -0.528868573460023 0.466543359401421
-0.0586406229244189 0.0632946091799479 -0.0260334096123176 0.617890681604808
0.0910257616742382 0.0702977281779292 0.183328754929278 0.409457938295239
0.0969138758836226 0.0846903524046395 0.122071336454574 0.0534807330845211
0.129777797256469 0.103380469736562 0.0120742178755954 0.0408825086763714
0.15870674179175 0.0963832467629655 -0.146315536931561 -0.216134952795159
0.0322240709171454 0.0551296265601034 -0.109383114559453 -0.403509103513417
-0.157408029664534 0.100471143482253 0.291833633885517 -0.428669328256426
-0.246561352798025 0.0206394612496671 0.668765497959506 -0.0774929100316142
-0.223806809924018 -0.141870103212864 0.607244734254895 0.406114431670946
-0.0978320915806491 -0.286027702271785 0.212987023512172 0.480261862092501
-0.023033244331863 -0.333075205936978 0.0735612025776312 0.0826103114476563
-0.0808141846017607 -0.282849692713236 -0.0743272296308641 -0.342547749879462
-0.244402612433341 -0.118363085204385 -0.511469829367354 -0.395669781998873
-0.287482362901583 0.0865570741296855 -0.739233592207594 0.116272989093895
-0.199116035894607 0.154153832599276 -0.367995121234292 0.574751642532939
0.00261481948862307 0.0763844020898688 0.0910270343781121 0.535773863070485
0.14938510296333 0.0887688942995214 0.211427322846226 0.29918471741538
0.128214518071719 0.096606879015209 0.0906539797932074 -0.00502947904116491
-0.1329403835352 -0.0530693185534772 -0.0502151412273729 0.00945461665838704
-0.189081575225015 -0.0505590541237694 -0.195198637854245 -0.158672335879217
-0.086919055852311 -0.0736889455280684 -0.185974023403752 -0.354094233244611
0.0674715578758986 -0.155651499675589 0.192392248518475 -0.535609926182487
0.22805223285598 -0.155424484823687 0.616392272617343 -0.355713638823953
0.276474335184489 0.0629215655582987 0.668022170373787 0.166812844084213
0.145617010135326 0.269303372788504 0.248513200726521 0.387139489487639
-0.0113211975948255 0.331623614069977 0.056712411045076 0.0689901544968988
0.0265678148006178 0.31429258071791 -0.056070854852421 -0.382831053771049
0.185653229987641 0.218397288941525 -0.420575513352086 -0.592287741513793
0.276249827994994 0.0175937572417857 -0.761436070518973 -0.19014292871892
0.18038447223389 -0.117233393483468 -0.521424090857499 0.418391607253651
-0.0158060401523196 -0.0950230233651432 -0.0227096931308313 0.548257881224237
-0.181774082974717 -0.0935523356494565 0.186747071822876 0.335984661044458
-0.156614658419028 -0.0982747878814758 0.0770456089875383 0.0118167907483891
-0.116123008519638 -0.0389004746016398 -0.0142877440570652 0.0460495939832242
-0.172054755500419 -0.044148237563616 -0.1965028420644 -0.119151620686047
-0.114368251399099 -0.0623977618315426 -0.242594502443644 -0.257622451797123
0.00108882926696989 -0.123372584043613 0.082559342213188 -0.496075543731988
0.15955654827468 -0.150911495921 0.54158361154647 -0.465817205291892
0.248349809465017 0.0167615480976471 0.724108703693297 0.0300351733686039
0.155943932040779 0.210540039242102 0.349083260956771 0.415064584573552
-0.0101341990973015 0.285029606130633 0.0756155744761057 0.192028376555826
-0.0194845382161449 0.28159731127988 -0.00417774145965295 -0.265505630939117
0.110953058087155 0.240475649819758 -0.26941043591549 -0.62341689406623
0.227690117056386 0.0790001681606612 -0.707844545309234 -0.397276492018776
0.182197072142341 -0.0852332699216394 -0.646415735452754 0.274904472328077
0.0206888353872938 -0.101727475208982 -0.133262356765075 0.586020867519774
-0.145461349973462 -0.0993595531091568 0.154293918309407 0.429228512419061
-0.141879221243218 -0.0919763612594609 0.110930254277764 0.0663509257167411
-0.081747020656669 -0.0192053527536859 0.0167589233152732 0.0714911037052033
-0.119325902342425 -0.0302729927611412 -0.188382593351516 -0.108229652864006
-0.0979237413911398 -0.0576190179781037 -0.2756542470723 -0.201642086402767
-0.0383663878803471 -0.0903136469555737 0.00261548555031006 -0.450467761032093
0.0824446042606964 -0.110993202033487 0.478873574037431 -0.509805584998684
0.174912207780639 0.00309989947382234 0.754416862028752 -0.0602499223532554
0.118932391738637 0.1444847168082 0.431128076526005 0.432781636464494
-0.0125315968993412 0.194340537325427 0.0893154101332789 0.288827714132265
-0.0318524578908588 0.189176249741131 0.0149505642320453 -0.164904529632883
0.0459208365176168 0.183075015021181 -0.164042940205006 -0.602164309607871
0.14290913630035 0.0923502033891015 -0.643386929501768 -0.52094191076824
0.128900530573866 -0.0438310321819069 -0.715208360404194 0.155876283716861
0.0197214190698312 -0.085006245144313 -0.222208261881422 0.600533168315427
-0.103643865249193 -0.0861072399838227 0.123057594498136 0.501428129292634
-0.109284942684863 -0.0674370969508928 0.13765368446777 0.11174430950188
-0.034396850142303 0.00561552151865272 0.04382806910606 0.0860025714948449
-0.046738191476974 -0.0115507090511633 -0.177077285579226 -0.105956782556931
-0.0514169846305222 -0.0507151845483691 -0.291709129724793 -0.183967742975594
-0.0484179177040605 -0.0589807644039664 -0.031871144582116 -0.427379460639941
0.0117121146346614 -0.0560970968310667 0.455532473328599 -0.51417131936898
0.0756850363864762 0.00911695207289196 0.767402006566008 -0.0824493472004551
0.0509506566394843 0.0711804172753937 0.470945481856702 0.45227103051899
-0.0107120323644978 0.072438783973097 0.102345989696574 0.339830342053187
-0.0138863331139501 0.0603819887804312 0.0174149318717566 -0.110239660926571
0.012528651615424 0.075635413201917 -0.127441797725292 -0.573074544596535
0.0537084768885762 0.0497906680325624 -0.613222706477493 -0.550779820289636
0.0291885338810414 -0.0170829356751492 -0.74134006367439 0.120337938518677
-0.0129915836296733 -0.0522483049725152 -0.256443097365266 0.61308231039049
-0.0675553034698388 -0.0511955554221094 0.108245853447514 0.53848696784951
-0.0613146513778205 -0.0280222872836403 0.15581063697173 0.135776047937992
0.0142733309251024 0.0323083039147343 0.0546774892544396 0.0914607553438023
0.0353505895402375 0.0121779263784259 -0.172277924804931 -0.115928658954097
0.0106964067592834 -0.0360465079995235 -0.280867638996626 -0.199889259721049
-0.0465861068701052 -0.0255437208712723 -0.0138407721280341 -0.430775549604765
-0.0563290958485652 0.00278170154865818 0.470429238515078 -0.482626336867296
-0.028946914777342 0.0200860338236738 0.770463200735286 -0.035945376507441
-0.0292327898970504 -0.0115318733183299 0.462941689707529 0.481356795207393
-0.0113449138266278 -0.05975128180973 0.100191367229599 0.345520230118601
0.0106478100561583 -0.078701104874421 0.0228048546885337 -0.106510890458426
-0.0166741185400152 -0.0439291178294852 -0.151346661182294 -0.558581366293395
-0.0449383618726719 0.000532784964462605 -0.63894303291426 -0.498482813633836
-0.083672133037987 0.015153707586622 -0.724905714709603 0.176965317409176
-0.0576357996923173 -0.0181624958011611 -0.232449383703907 0.629287250288206
-0.0213097697900582 -0.00511777536869229 0.117414128324468 0.53779645436042
-0.00989016581954014 0.0130580738152865 0.157659473601126 0.131665194253152
0.0664200583245223 0.0594567455769334 0.0543630535520819 0.0876037594086283
0.105665917179885 0.0411014107669565 -0.16320931246195 -0.129125508210322
0.0506117649004081 -0.0126876559316966 -0.24443950750881 -0.249189523636916
-0.0609578402499546 0.0198828601479298 0.0529340405545008 -0.449464425024405
-0.123920625347673 0.0454142193195903 0.53171419931343 -0.406383182757755
-0.128257826297549 0.0027365236470484 0.754127851233556 0.076226301151487
-0.0940419042226765 -0.10374356860625 0.405231444741403 0.508196629584494
-0.012754719762808 -0.185718739746823 0.0987231408515241 0.298391569591718
0.0134098993260001 -0.191267933011329 0.0179041674934837 -0.162773179417137
-0.0787441325802111 -0.128549697524131 -0.234883485176873 -0.54309851677601
-0.152300529443316 -0.0171966849564865 -0.700959556004158 -0.351166706602266
-0.176566697081876 0.0667128083448076 -0.655938229288596 0.311017631034278
-0.0794428642497066 0.031405853337729 -0.145013046964112 0.642686652541317
0.0304167985788977 0.0367748203069914 0.145342390404776 0.491969912634166
0.0469335667152327 0.0553206945966606 0.145033748249007 0.103417543876258
0.107628010861189 0.0815004104526001 0.0396856424725485 0.0704769352796539
0.150011600060062 0.0672927105708618 -0.15569427184333 -0.162119998527392
0.0609444670260049 0.0187900019059201 -0.19010306420255 -0.318587980285004
-0.10266650459953 0.069276542949549 0.157236444292219 -0.457126306374298
-0.195710090090357 0.0582093462861482 0.604647058972001 -0.272352198380366
-0.200500280651882 -0.0531743684491579 0.699658644147713 0.236930235698073
-0.118858874019014 -0.202702844375564 0.31418303246106 0.51091976710674
-0.0211086801840953 -0.277355565399 0.0863058335225173 0.207147839922067
-0.0241296100571776 -0.263998362769068 -0.0130907792684517 -0.250557678846488
-0.164413743026744 -0.153724948846091 -0.365145761342664 -0.49400987842633
-0.242738421834365 0.0243066580138101 -0.743218723203234 -0.128730787608345
-0.220264015611822 0.122635396318273 -0.523925423430424 0.468030947071877
-0.0592270219454722 0.0628128662385096 -0.0237934568443535 0.615914977439246
0.0937601802857774 0.0702120627319982 0.183531953731273 0.407564324770117
0.0966599311401404 0.0843116795475707 0.123598165936464 0.05147954355325
0.126743051953085 0.10406539848627 0.0150170644874876 0.0426362735053049
0.157448823528105 0.0957774281689499 -0.14848031861819 -0.214286761326099
0.0316673488381538 0.0545087989343126 -0.112192067077026 -0.396952028044769
-0.155281071149429 0.0981919434440145 0.28576660485121 -0.427661821649509
-0.244139077841353 0.0209823265360792 0.669170911076081 -0.0754764707978892
-0.222560506257093 -0.139443146266109 0.602102072890008 0.40517042222614
-0.102073949300238 -0.283681294093927 0.214751866445187 0.475818090753295
-0.0265135289482636 -0.333510753414643 0.0690027676585712 0.0850732784540212
-0.0817415568904903 -0.281093212417926 -0.0783461270280239 -0.344672558983819
-0.244190241266671 -0.11638570929114 -0.509391298811057 -0.392935186943758
-0.285035844272146 0.0871192110692371 -0.733269892489125 0.121369224277528
-0.196503765990369 0.154479029613762 -0.362378408593151 0.572973261653245
0.00322970064584967 0.077614129999685 0.0915495458826587 0.539140144533364
0.146779288341536 0.0855523079705143 0.209280000521876 0.29814583803502
0.126536755538863 0.0962360588565482 0.0873805372757561 -0.00108682390431875
-0.132062293013287 -0.0525839348537295 -0.0489184793952189 0.00988138930833896
-0.188466618782945 -0.0494950743628589 -0.195458477939912 -0.156991210651252
-0.0867171880728047 -0.0730185852852424 -0.186746738065267 -0.351306533855656
0.0674731583540076 -0.155349503052098 0.189620581464596 -0.534251671642305
0.226566156992003 -0.155334950088572 0.612295969716147 -0.355234964856455
0.275037058753466 0.0616212909651611 0.663613844321903 0.163012105920574
0.145407700723462 0.267710266855947 0.248402431653305 0.384360488692273
-0.0106988571324066 0.331688927348815 0.056053258802894 0.0681870135354075
0.0268003796230944 0.312177384672943 -0.0576589907299192 -0.379764905801626
0.185464357375751 0.21747046639698 -0.421801720491713 -0.589865481820029
0.275309470890659 0.0154970984664252 -0.760411330475683 -0.188156422907528
0.17920710967421 -0.117503926395771 -0.51786914203058 0.416763921627262
-0.0160799803838482 -0.0943687911575598 -0.0190921912933202 0.545798912976808
-0.182475324935018 -0.0909920079438046 0.188373260474469 0.332706226234041
-0.156636598322874 -0.096851294699581 0.0770062248121622 0.0123468598487388
-0.115716118369943 -0.0381629243538276 -0.0135490493064723 0.0461738826352208
-0.171275450358882 -0.0427572574414161 -0.196256803426962 -0.116915694543284
-0.114284161458812 -0.0608907047782825 -0.243019231232338 -0.254390413333948
0.000226081665905187 -0.123230236402691 0.0790149382659624 -0.495479303282715
0.157355924374261 -0.15019812770979 0.534271990031901 -0.467520754576298
0.247763628240592 0.0154842721064496 0.720620919287881 0.0279122995395326
0.155535670495948 0.210104006484811 0.348623880073617 0.412669431269095
-0.00999194335178558 0.285195818349581 0.0757718331975685 0.19070872202813
-0.0200342722351765 0.280996565264068 -0.00548363794356024 -0.264280942138037
0.110835775740428 0.238309126271845 -0.268564184814506 -0.618485262187745
0.227576678241716 0.0786400098014733 -0.706564419841983 -0.392915022397871
0.180609391440937 -0.0858385180282996 -0.64072486369546 0.277478605735046
0.0205184426720143 -0.100697991315016 -0.130076849125191 0.583240414474272
-0.145664716572546 -0.0980565975181148 0.156903832002733 0.424637619380179
-0.141524606347875 -0.0906170162545851 0.110434072936542 0.0659535639089281
-0.0814585619524493 -0.0170864239800444 0.0179822109843583 0.0718592055902707
-0.119370517909128 -0.0319260730970422 -0.187411517551874 -0.102921016134746
-0.0959215694523868 -0.0541915234904964 -0.278671932379768 -0.198695912156402
-0.0386091108059771 -0.0897612110176035 0.00193866470193716 -0.448406170230948
0.0802109687450328 -0.111018203776623 0.474288574193782 -0.510902389041293
0.174235432750124 0.000790829474125414 0.749070732208411 -0.0637874526223266
0.120196486726166 0.143394950882667 0.429445570431571 0.43008817100408
-0.00936106142195962 0.193593665133366 0.0887893793034834 0.286012943791792
-0.0329085811145999 0.187950773632927 0.0139100614492542 -0.163817365407602
0.0448900683830167 0.181639813935038 -0.166289039279978 -0.597106745624065
0.146000540040445 0.0898412882776052 -0.639406308751011 -0.515590453105888
0.125543309480952 -0.0459822068716934 -0.713413107770623 0.157997213523058
0.0198427399863114 -0.0852109987996191 -0.216344023031706 0.595712865322089
-0.103720357438282 -0.0850371849636585 0.123087437904591 0.496030311966681
-0.107680869472513 -0.0654329468824025 0.138231236857938 0.110834938740809
-0.0355680916526902 0.00660568233033172 0.0439101344564212 0.0855264109833964
-0.0476088196134284 -0.0134250301984696 -0.178246976280956 -0.10405453799463
-0.0492594247026612 -0.0479067688317858 -0.290451298107632 -0.17992997133276
-0.0503897699690609 -0.0578252786485182 -0.032697116731752 -0.424788391519426
0.0105581447627265 -0.0562910167484377 0.450491698452872 -0.512511497494337
0.0772990699391997 0.00934014368521485 0.763295990841181 -0.0857278462952771
0.0510710885557067 0.0706726105077183 0.468784534279985 0.44912514467898
-0.0104968722147221 0.0712346684637596 0.101852373107338 0.340984788878931
-0.0138380312156934 0.0593218049011017 0.0157841885101406 -0.10750299611411
0.0123140151034929 0.0766745336616202 -0.130124130993424 -0.56990450246079
0.0523775811808084 0.0492981281609782 -0.613337968432458 -0.5497549087196
0.0295523189721925 -0.0158927724278145 -0.738442901696697 0.119338358132914
-0.0137342602979286 -0.0535075227120002 -0.251591567484583 0.609385345534587
-0.067146266787817 -0.0514835715256178 0.109941725591989 0.537175891365785
-0.0626339821719423 -0.0280467334945598 0.15435884114582 0.134124158846625
0.0180208412121961 0.0307832773467516 0.0570224791288112 0.0911757856947401
0.0326422305155374 0.011829035765763 -0.171546901760059 -0.11211437274531
0.00990816605048384 -0.0359201041259748 -0.278346017594085 -0.19978467364721
-0.0501742376804407 -0.0220216840933891 -0.0175959864084958 -0.430973654260493
-0.0538683608820172 0.00139324929086828 0.465106055847591 -0.478159057236678
-0.0284871752331847 0.0196615436159238 0.767753428418363 -0.0395911949479029
-0.0293673255274822 -0.0102818847824518 0.461605083425497 0.477455186949833
-0.012911434762044 -0.0614454300866638 0.101128264491327 0.342825888304706
0.0136009796396365 -0.0747218961183644 0.0195192915952786 -0.107213880377285
-0.0194389110649828 -0.0433352901517927 -0.15406404028832 -0.552734033944711
-0.0459848553804901 0.000174257448818379 -0.637656893539463 -0.493661865271726
-0.0822760132354434 0.0166924727549194 -0.721531831792091 0.17527617963459
-0.0566443280822095 -0.0158413054710129 -0.226957314117053 0.63215450627824
-0.0231997584777783 -0.00537062501092609 0.121559988812434 0.533009355096158
-0.00839267228780952 0.0150342889901354 0.15777981573457 0.133429944056926
0.0663220751553058 0.0596258897514602 0.0573063585488099 0.0850150793340627
0.106445955224839 0.0398571998631841 -0.162505548902574 -0.127801313636576
0.0537715667670853 -0.0133308927704619 -0.244598192886966 -0.245416500322627
-0.0614821220136048 0.0206092524952571 0.0508096352363075 -0.448701373500771
-0.123355801223924 0.0446251696732234 0.526874511677681 -0.404950669724729
-0.12785706950876 0.00276970434577833 0.750515087576179 0.0752406776351627
-0.0946390052685957 -0.103343601502827 0.405868411238822 0.502280072339102
-0.0144245159319917 -0.183237097023893 0.0972015757054764 0.296340714642687
0.0107086986030791 -0.1912825747092 0.0181846540520982 -0.161183431137876
-0.0802228644038115 -0.128651948040489 -0.235511211279148 -0.538048040863806
-0.151029715538422 -0.0158692812773099 -0.697379774790103 -0.347606124663772
-0.175423162599928 0.0664190302444068 -0.649318010257083 0.314129069524391
-0.0802630892303022 0.0279245186519678 -0.141064309507192 0.643847483285338
0.0289861284009326 0.0382558064059992 0.147628411814347 0.487442372113825
0.0489173269756686 0.0557756077569474 0.147488100662613 0.101316299591244
0.10850876931559 0.085108615689769 0.0417886769977057 0.0709761868394436
0.152068050234205 0.0689363746552252 -0.156542945674364 -0.160726068486959
0.0611353898445164 0.0188618092708366 -0.189774774918582 -0.31458123357526
-0.100650750640781 0.0693268882096107 0.157681503336275 -0.455294509938306
-0.195697670233347 0.0577830737950691 0.601571794900308 -0.270769295303643
-0.202424789302418 -0.0533429237923746 0.698261265080888 0.236304134747068
-0.11967465871801 -0.202780298130021 0.316699882530142 0.508188824259802
-0.021936328219858 -0.276325756666577 0.0851247781929917 0.204651255194748
-0.0259800364672134 -0.262268804483247 -0.0106922351788953 -0.24755657963473
-0.165999656183919 -0.148951911173362 -0.364007430180513 -0.491379412068926
-0.242253162568691 0.0240672064531818 -0.740312411198083 -0.124370358239937
-0.220565230248506 0.122692170864135 -0.519146163724212 0.467877794349975
-0.056854474170916 0.0618275958280726 -0.0206966660091052 0.613061558724368
0.0928180927189396 0.0676260114420968 0.186686428608108 0.402513703221678
0.0964464586906136 0.0845034582457894 0.12308628582143 0.051108042833161
0.130978373454658 0.105614926188659 0.0114673601601957 0.0423032321207097
0.161519552038115 0.0949443190127897 -0.146840374551468 -0.210833844208761
0.0307687137275282 0.0531007601127099 -0.113136814783994 -0.39803407468682
-0.153581673143592 0.102272176122181 0.286733367039268 -0.42204350856315
-0.244300333349582 0.0222894413464066 0.660934920196791 -0.0783363074961003
-0.221036045063106 -0.14114060919885 0.603819178340529 0.398204488581539
-0.0988563081088949 -0.283207155160041 0.215498734222297 0.475287399882286
-0.0271258922809616 -0.331143616036239 0.0696732529994173 0.0826170752045824
-0.0820850289583617 -0.279478931050296 -0.0777724150316709 -0.339081767397023
-0.24323799061991 -0.112457749822986 -0.509101282960834 -0.386530592215673
-0.282943938702278 0.0891702991931953 -0.731494022522898 0.120367198363759
-0.194547574179273 0.155864629809905 -0.360744316737152 0.575477630704775
0.00086463428316743 0.0728800685912236 0.0986660849831193 0.531412502713252
0.149352956986855 0.0864097249401657 0.217580887609374 0.293684635414757
0.129067621624235 0.0970076323329677 0.0914780004395358 -0.0041753925593432
-0.132600714460088 -0.0522054363344649 -0.0493897043777452 0.0100928440655168
-0.188219708649307 -0.0477022708495263 -0.195146610363512 -0.154623789383486
-0.0866291724382069 -0.0716041486693251 -0.186872029852973 -0.34816145347052
0.0667996749257454 -0.154621923951977 0.187433629915273 -0.531736783229054
0.223659087753821 -0.155991791312121 0.607460397831174 -0.355497144614063
0.273438112558882 0.0599760879400235 0.66161053549732 0.159449385527086
0.145448283954812 0.265640797071256 0.248459083836102 0.383387855532593
-0.00968485823282861 0.330422476160938 0.055811005131256 0.067042463316268
0.0263759195950052 0.310904218562449 -0.0587606769197252 -0.37650740546642
0.18456737382542 0.215420017415028 -0.421162834565432 -0.584380263625276
0.273549660665892 0.0148831795133849 -0.757553689368386 -0.185117849778075
0.177869039570337 -0.116862889489803 -0.512542156610592 0.416524909983462
-0.0164669404705644 -0.0933269611160923 -0.0161214322078541 0.541828431010567
-0.181549343448487 -0.0896307838642456 0.188978738092954 0.330243639546405
-0.155975135008359 -0.0963453154867332 0.0765456394941941 0.0115365658119181
-0.114776512448619 -0.0375607428972686 -0.013559327600796 0.0468040985621338
-0.170917696339116 -0.0411435870344726 -0.196150523101749 -0.115139869492486
-0.113786743990257 -0.0603628624425408 -0.243023514023697 -0.251475853777364
-8.4069286068039E-05 -0.122274860680035 0.076669693928251 -0.492752510527397
0.156313822504013 -0.150883621680869 0.532513287344557 -0.467441538009563
0.245790923337118 0.0145677295866771 0.717155839496034 0.0249571410326494
0.15515814265678 0.208990068355566 0.347903980191368 0.41040738077396
-0.00905345367370382 0.283379711526394 0.0755438782090765 0.189563789702908
-0.0183828726983066 0.278975615311012 -0.00642654217371817 -0.262459115687233
0.110198541094049 0.23580688348279 -0.269679778743414 -0.614415441011175
0.226392095500155 0.0775727994805078 -0.703423972929654 -0.388172780562973
0.180435774203952 -0.0849589673546417 -0.636832722832495 0.277096599629193
0.0199714010945071 -0.100184475989443 -0.12611157900505 0.579720705795516
-0.144895641600731 -0.0959041573805757 0.157369357483843 0.422598998352866
-0.141196208006717 -0.090266855728672 0.110762690929348 0.0649599022335958
-0.0813503698557392 -0.0161746768809426 0.0186782247982389 0.070280829006508
-0.118674391996627 -0.031052813861522 -0.189378462178867 -0.102830525997802
-0.0977050575268707 -0.0547334964096324 -0.279987631256131 -0.194707982092793
-0.0397422094225079 -0.088943571989857 0.000309754534620525 -0.446533777539274
0.077864280910158 -0.112236392516092 0.469525034834783 -0.508775854040031
0.173108073916984 0.00162675287777785 0.745065648053801 -0.0646291699864417
0.119649579125586 0.141602093853624 0.429064613746193 0.425950661540253
-0.00894236416865724 0.191694353064985 0.0891054293876055 0.283850668819393
-0.0326153776183904 0.188055868923319 0.0121588992440652 -0.161408538639243
0.046866274355246 0.182342258593312 -0.166944614846298 -0.595820933598498
0.145029875536244 0.0891135031696475 -0.640353243330417 -0.512096499135786
0.12481721513912 -0.0469319259902849 -0.710130389091336 0.161974531126929
0.0200458739856407 -0.0848008295349642 -0.21290062888897 0.59394472914839
-0.104834693675742 -0.0829432579411416 0.126510664940767 0.492892545468073
-0.108000149890518 -0.0638966061669116 0.139142973277402 0.108982599693211
-0.0337114321926 0.00674827929639345 0.0433924530995137 0.0858507653773813
-0.0465529678046941 -0.0111186289626789 -0.178369665017762 -0.104321869009246
-0.048709611075933 -0.0473429653561516 -0.29071611829545 -0.17810237092796
-0.050202861565174 -0.0574600609614682 -0.0349999006408861 -0.422734254577886
0.00919298239282206 -0.0564787579773928 0.44547578262561 -0.509766974089304
0.0762827048934007 0.0107452015389987 0.757699755302613 -0.0883270095036678
0.0495559917231072 0.070391489647073 0.468428258105988 0.446076453230476
-0.0103243607652775 0.0723580869548428 0.100613809016864 0.338275443834582
-0.0147138796702132 0.0598771107171016 0.0157779598830195 -0.105910254730387
0.0117781046072358 0.0759177533004907 -0.12963870521681 -0.566335041198277
0.0527092907899102 0.0490902398991578 -0.612774257671981 -0.544819288737141
0.0296632114849919 -0.0158834444266812 -0.734716361467813 0.122195406255784
-0.0145326097518914 -0.0524442798125879 -0.247990582601338 0.607248111909352
-0.0670653109997306 -0.0489090011352085 0.113082520512942 0.531466815361588
-0.0621332777562092 -0.0270711863705969 0.155056620336849 0.132377870667151
0.0172390084716525 0.0320830567699622 0.0568729261346319 0.0902840954474683
0.0348014859123532 0.0100248520522857 -0.170006295018959 -0.10922756189272
0.00975479331423215 -0.0345554893014257 -0.278040209093598 -0.195604258895653
-0.0488455815152068 -0.0253816572615435 -0.0159560516343846 -0.428289411778009
-0.0533044344655184 -0.000292699414768037 0.463061701703219 -0.482493188665707
-0.0282115845729279 0.0194634203461269 0.761223569460087 -0.0415540444792994
-0.0294088866878278 -0.0091058218383015 0.462511621421396 0.475387361241927
-0.0122865969940396 -0.0598152214713501 0.100966574094429 0.342281206887344
0.0122920416471538 -0.0757584174653518 0.0182288684185451 -0.106110729333825
-0.0193682717949241 -0.0430388937704437 -0.152602377426679 -0.551814685377743
-0.0455507211393257 0.000150500899821771 -0.636836824974952 -0.490138725886996
-0.0824900879199188 0.017524568594025 -0.715402664242207 0.177079273447131
-0.0575360278607164 -0.0127099088266019 -0.223351414221802 0.62826102411992
-0.0257071595372168 -0.00624023336604956 0.12216462717581 0.529939105518653
-0.00848395037762166 0.0160262164738373 0.157343696462347 0.130465679849706
0.0677177227755991 0.0579388290778847 0.0562548527664601 0.0857825464501263
0.106362682978903 0.0391665911250312 -0.163162941905288 -0.127017880571557
0.0531211295215882 -0.0126751929438729 -0.24582942441453 -0.242059535376126
-0.0603957294246441 0.0207333649689849 0.0479019354643996 -0.447580554854883
-0.123230347976982 0.0454408740351807 0.522581068620784 -0.403000722005215
-0.127125724983044 0.00286117479914096 0.745798629744264 0.0716170689190231
-0.0947498011070528 -0.103507112446433 0.406455593617806 0.500803448208691
-0.015353771020801 -0.182350624240374 0.0965315102727698 0.293663373359151
0.0119678070534882 -0.190438152998325 0.0165275692771037 -0.160627321153445
-0.0784203889261156 -0.128053831368432 -0.236759880532572 -0.536885055523286
-0.151391830425651 -0.0141734431500536 -0.695396990940361 -0.344849162457573
-0.174418864505681 0.0668498558477815 -0.64664876651695 0.312842033878541
-0.0797578704721209 0.0291008089343838 -0.137808680816133 0.63874285852872
0.0298212553373293 0.0370981955157055 0.149914422817848 0.485645456167986
0.0484068599317948 0.0561342857897935 0.147290765395176 0.100557137726118
0.106905782302884 0.0836780749914694 0.0414797496113142 0.0701289380130596
0.152127823862093 0.0683568465550457 -0.156961518207841 -0.157450693407418
0.0605012221857829 0.0190837345038547 -0.189690426304101 -0.312557651140894
-0.100003365045113 0.0700783585222625 0.153300555287571 -0.452994719145386
-0.193166474289532 0.058345139563053 0.599446102890437 -0.269360676630957
-0.199589019560273 -0.0538170473463781 0.694703435653345 0.232190632495445
-0.119766343695696 -0.201108669283063 0.318487876972069 0.504751362365259
-0.0224163081764055 -0.275035907296364 0.0852330272670569 0.202453226373143
-0.0266933981920599 -0.261750515993607 -0.0115831567856186 -0.24632708315854
-0.164808919121459 -0.149386701366512 -0.365392835582232 -0.487964877000764
-0.241054811410747 0.0263393148537398 -0.739013381309171 -0.122574170155569
-0.217619463907207 0.124319155201716 -0.517422980347248 0.467771005796736
-0.0575469210029266 0.0621294646290503 -0.0159659202849013 0.610056594478538
0.0922366354356169 0.0678607759418962 0.188010348230691 0.399555487881531
0.096075199206576 0.0832104890850079 0.123124682968902 0.0514781711223333
0.130719406203893 0.102494591438903 0.0141800438255937 0.0406715034665723
0.160168497674467 0.0943340197423178 -0.149904810318679 -0.209809424306521
0.0307325162958084 0.0537557197215522 -0.116280467558135 -0.393401930764634
-0.155995255997378 0.101512887827951 0.281327502856796 -0.420066847106972
-0.242023788858553 0.024880892235781 0.658908733630684 -0.0802873202696327
-0.22086319533454 -0.138605592283981 0.601550436886259 0.395422809684239
-0.0996594269121096 -0.280686128831122 0.215422204620475 0.470971152015212
-0.0254441851647361 -0.327549874451428 0.0710313431296686 0.0809412864265075
-0.0827015509163674 -0.27690105247292 -0.0791169006807872 -0.336443070988202
-0.2382641045553 -0.11156465057641 -0.508940363419061 -0.384132820446672
-0.281141980268078 0.0897870894303562 -0.725210228118893 0.12479814644532
-0.194791462528205 0.157625420143273 -0.356732971443113 0.568993387261605
0.00143343931181563 0.0734586943519239 0.0992241493634733 0.527834367059295
0.149150263329556 0.0849812687032257 0.216394784675485 0.291321918237013
0.128436705469087 0.0951974675842591 0.0892223780686197 -0.00368116333561939
-0.13160252450257 -0.0514289906981872 -0.0484249634524139 0.0110258476071976
-0.186973551076439 -0.046328822807592 -0.194615152946695 -0.153462823521944
-0.0866592853320024 -0.0711208719594102 -0.187139314420152 -0.345369432402554
0.0668151658027558 -0.153978382166595 0.185322356360351 -0.530059913999522
0.22195887209476 -0.156656272816151 0.60356306158 -0.355183771961465
0.272080831986645 0.059428323216922 0.659484456154798 0.156926613073155
0.144408462110348 0.263988156259278 0.247317201058907 0.380428527304757
-0.00970818538151025 0.329328129622113 0.0565848101977914 0.0666461743363374
0.0254264706896404 0.310040121562861 -0.0582239678105255 -0.375328146536031
0.184140505852255 0.213873872953752 -0.419463989946116 -0.581742191356204
0.272186375710624 0.0137028548316177 -0.754643841999042 -0.182368222877661
0.17748400973003 -0.117973951443015 -0.509924236515114 0.416632362733001
-0.0167308190755801 -0.0924432880978478 -0.0132581911706666 0.538717967683253
-0.181440968141258 -0.0874092674036965 0.188419578124022 0.327497372829652
-0.15500032799993 -0.0948429978946202 0.0760136654527136 0.0115417212232904
-0.114820316400296 -0.0372739815482822 -0.0125910638770844 0.0455585557142595
-0.170474767448558 -0.0404068457764736 -0.195874712990917 -0.113645649083947
-0.112970348270249 -0.0595381711058628 -0.243100243368936 -0.24953663130645
0.000462217994639748 -0.121673163618006 0.077736225700444 -0.490081297426735
0.154341634727438 -0.151093382934926 0.529286554184045 -0.464047289988865
0.244520999348535 0.013806301079911 0.713057215447816 0.0219801776231791
0.155158958327233 0.20720320457307 0.34687131542495 0.407411615606938
-0.00906871831728108 0.28240960258083 0.0747736216204831 0.18773532800029
-0.0190555945199419 0.27796924152823 -0.00735821433926667 -0.261115770049238
0.109439345953903 0.234098248716146 -0.269773358021587 -0.610933463151833
0.225734410888169 0.0756478957689089 -0.701803792805684 -0.385268449264848
0.17937424636515 -0.0853892446291384 -0.633840702676369 0.27714163477693
0.0191044978242366 -0.0989141389991674 -0.12305773526048 0.576913015263491
-0.144685088340975 -0.0946189490701961 0.159155399779318 0.419230603566675
-0.140726339119307 -0.0887379251153967 0.110247555573791 0.064335072887162
-0.0799497732408999 -0.0170494717322248 0.0191068265593861 0.0703237824086171
-0.118695832829864 -0.0301547585828354 -0.190035821699213 -0.101002335627726
-0.0972052723852134 -0.0524550034613505 -0.277004540151503 -0.193188410637902
-0.0393416016689676 -0.0866592416589804 -0.00179892443901513 -0.444335536012997
0.0772816608144462 -0.111753716642129 0.468008759846141 -0.508001080807452
0.173254787751473 -8.65505730668278E-05 0.739869914515723 -0.0663134852701913
0.119125719104548 0.143121412558948 0.427048574210008 0.42336091239911
-0.0092476788266587 0.19063798887312 0.0901681814496425 0.283865847910158
-0.0315229133652993 0.187447597462722 0.0114046509602965 -0.161516677591175
0.0463862539731521 0.18183392720501 -0.167729818077519 -0.589583995091135
0.14328398207495 0.0885679608052877 -0.639435507696053 -0.508449146012954
0.124407601356935 -0.0472187666511423 -0.705382427839171 0.161137706933532
0.0192780598967054 -0.0834833457228809 -0.208399380931643 0.592583334697782
-0.105060775361716 -0.0790333942420975 0.128547664461277 0.489555162780651
-0.107804802532952 -0.0640008653683639 0.137067961598055 0.107923717352865
-0.0330947952740418 0.00562330955159166 0.043692046910188 0.0849683143645826
-0.0461500079351085 -0.01280750197617 -0.178389374284429 -0.103157387861232
-0.048961883496798 -0.0477746279109828 -0.288612082716298 -0.174659082093154
-0.0499942512648076 -0.0569596137953156 -0.0344391946928478 -0.421741724514503
0.0100674761967799 -0.0569825133224043 0.441097349510704 -0.509684505876212
0.0762267960060898 0.00952845723246728 0.753922914976741 -0.0902754745874362
0.0496420778082918 0.0697095037345363 0.468800863118017 0.444140879194337
-0.0105342270990012 0.0717076199605993 0.0998612741047561 0.334840121558777
-0.013847970238228 0.059631368043532 0.0152684597110662 -0.105920661206654
0.0122676904826273 0.0748239396973167 -0.130637163652689 -0.562885346781997
0.0524074590545597 0.0480229915279096 -0.611535136067684 -0.539874601118797
0.0302689313953177 -0.0160019979925113 -0.729760833052701 0.121302143097542
-0.0135459219112381 -0.0535412520307829 -0.244720326640232 0.605594323200529
-0.067298208686486 -0.0488990109235755 0.116398972555927 0.527129264869177
-0.0611961533197595 -0.0264693820117109 0.154393575896487 0.130997731541872
0.0179053556414081 0.0326698409907565 0.0573543697011515 0.0903605482683822
0.0330115445598451 0.0105932907371441 -0.171241222727463 -0.11083738632276
0.00919643982438209 -0.0352664902546002 -0.278757318039294 -0.192195699995482
-0.0485110748346835 -0.0231411891302552 -0.0178777357630423 -0.424639115591206
-0.0541363852467348 5.82619190837692E-05 0.461189445748479 -0.47657090022393
-0.0267207965302813 0.0185007034697154 0.757247732352818 -0.0413903978374561
-0.0294029570253065 -0.00915983539836504 0.460831456791872 0.472164107437548
-0.0124077160848627 -0.0591743652877932 0.102561981058124 0.3402738278796
0.0103337346020039 -0.0768594197713145 0.0183106782739434 -0.105728918328466
-0.0199539742747884 -0.0438949773304393 -0.153625309133474 -0.547343499092038
-0.0441695614247486 0.0012553377656572 -0.633749948710531 -0.48573621001536
-0.0809245335118363 0.0184886259256431 -0.713058716347409 0.178110441894873
-0.0580464738585481 -0.0140590615313763 -0.219992193213824 0.624776938300183
-0.0259479853556509 -0.00678857673773696 0.123130822287175 0.528304302111404
-0.007207454359527 0.0178059719222425 0.160304499211423 0.129690354276382
0.0680340961943839 0.058485003434824 0.0561580940209205 0.0859443456272814
0.105209334823796 0.0392759349870749 -0.163420519121796 -0.127470281605987
0.0527754958816072 -0.0134957417266737 -0.245273447410547 -0.239461032104479
-0.0604773079446128 0.0209768744514915 0.0467568209429305 -0.44240224998147
-0.12187630036819 0.0451733598164839 0.521276979850566 -0.403029794845908
-0.127553446635703 0.00462813165246846 0.743226911007411 0.0699374171738461
-0.0941137904023511 -0.102405118992102 0.405018368411731 0.494570476230607
-0.0156087942597834 -0.180798378434687 0.0960056084101027 0.291489489109221
0.0113123812423146 -0.190686961680972 0.0166323952169754 -0.160491220246282
-0.0781183175021992 -0.127063193813037 -0.237497879941438 -0.532369801718833
-0.150654535022267 -0.0128389420214137 -0.692514460563769 -0.339326638491875
-0.174694062751406 0.0677873140862843 -0.643287177316551 0.312615174468466
-0.0803270203911522 0.0283380928855403 -0.136724774631262 0.634829036924426
0.0293891796291945 0.0373218373528967 0.150497104334846 0.482047262266644
0.0476492515001383 0.0550590099691261 0.146700473452169 0.0989347310143158
0.107834105006674 0.0830717542476296 0.0411477128932795 0.0693171732186259
0.150377922571334 0.0662497704428568 -0.158244560216056 -0.156698417576933
0.0598531662650925 0.0172245213162142 -0.191607031363844 -0.308756168598585
-0.0992273984482669 0.0707236386928335 0.151313880705471 -0.451013101373676
-0.192827148382645 0.0585916756934261 0.593982666852123 -0.268347417665283
-0.200307117656406 -0.0519057798136555 0.693299389965648 0.228069063661959
-0.118790630122452 -0.200166052290361 0.317322996250566 0.500067913095862
-0.019914282554164 -0.274531712573403 0.0841158249779466 0.203104642019171
-0.0268154997210591 -0.261340485983973 -0.0134184686946649 -0.245604337541904
-0.164436741244039 -0.147417964708175 -0.36450291166725 -0.485275528424942
-0.239469132654875 0.0275590445526882 -0.734606994372702 -0.118912591294177
-0.21588160085568 0.125081584450449 -0.512209869640124 0.466963553571354
-0.0587093854874084 0.059876102652328 -0.0132730140318593 0.607245580845242
0.0911821521927468 0.0661534438017031 0.189994304825104 0.398579864553122
0.0972811483186982 0.0833350565436843 0.122821679801524 0.0512392269324023
0.129297268442215 0.103490158693633 0.0143656688453657 0.0407577000366617
0.159641930281851 0.0935756422398636 -0.150870389857392 -0.206850593857878
0.032364787422174 0.0533372865301251 -0.118057129873279 -0.39068687577385
-0.152648086246514 0.101936827756704 0.282065918380411 -0.419657761612253
-0.240937790356352 0.0235536796948958 0.653590136093936 -0.079535749507595
-0.222162005758734 -0.136844270848433 0.599050271396357 0.395396465626861
-0.0984103812333876 -0.279591106156716 0.21624799682529 0.469353764956027
-0.0265352340499923 -0.325767476449941 0.0730677204614569 0.08061130753198
-0.0823510695616021 -0.278581178709684 -0.0792484999933236 -0.337106110408427
-0.237848597650101 -0.112273976112884 -0.50720467580273 -0.382036678523891
-0.278999276459885 0.08848403996103 -0.722456312928598 0.12524388024361
-0.192948681419669 0.156517726055612 -0.350390034746851 0.570784370749007
0.00198110783176961 0.0737930644096207 0.0980355531566426 0.5232453049723
0.148430067593547 0.0816119934273369 0.216376554366365 0.2891207515307
0.127878957354963 0.0929901365768613 0.0882911887132868 -0.0035076982191918
-0.131461244141768 -0.0514074019090349 -0.0471962467029213 0.011318926491803
-0.186785130349863 -0.0453290419653963 -0.193687164678449 -0.150851405486185
-0.0862428542108162 -0.0696232554750417 -0.187877033968658 -0.34239226945708
0.0665348474438591 -0.152482885582604 0.183617349638573 -0.526448918525379
0.221158853237358 -0.156530042312894 0.601377410055571 -0.355174231576233
0.270898955621613 0.0584425900150832 0.656380614158819 0.154592010028615
0.143969005965389 0.263621518570686 0.246369026461739 0.379303017074758
-0.00980945360052049 0.329011930583547 0.0556409797936271 0.0668431363623569
0.0254618227982837 0.308702624373019 -0.0585507818351271 -0.37251195995079
0.183031360446589 0.212619128451049 -0.418135760423941 -0.57818131454459
0.271055305118206 0.0132228773893592 -0.751484020420385 -0.181563046593073
0.175723934235728 -0.118012683234502 -0.507075310126835 0.414971408936759
-0.0171270085279108 -0.0912790334437375 -0.0113365055845909 0.536332922832168
-0.180844782499273 -0.0859212043474742 0.189145784494215 0.325060734725658
-0.154089132037837 -0.0941242524558228 0.0768028493613634 0.0108644545682216
-0.114041404370692 -0.0366069017374439 -0.0116691757197421 0.0460803764469832
-0.170500300243028 -0.0393308008103327 -0.19419626024813 -0.112486143654288
-0.112500771087444 -0.0578579118589344 -0.241818554146587 -0.246281672620351
5.49650972317532E-05 -0.120239197462832 0.0759610498133432 -0.489120437463184
0.152967357555461 -0.151132293856191 0.524494804048865 -0.464101393232805
0.242901680415149 0.0131653934902092 0.710053881558615 0.0204953812706395
0.153783772080314 0.207185107939433 0.344503671908572 0.404248226617079
-0.00849977879661764 0.282197257915845 0.0747041174681422 0.187392346977487
-0.0182369665025146 0.276205992470537 -0.00724178280785401 -0.260016090685423
0.110046016663074 0.23286613779802 -0.270199540059407 -0.606470889493471
0.224996068303955 0.0755808807477019 -0.701234162533009 -0.384526060587931
0.177982466079919 -0.085349051383962 -0.630398479718185 0.276407945026556
0.019084922972082 -0.0990151921124215 -0.120932316789908 0.573441467706172
-0.14440765568237 -0.0929195772494444 0.159534656148366 0.415804941337381
-0.139405336531719 -0.0874525909146912 0.109790217683046 0.0639891379020762
-0.0796088955362053 -0.0175569305456684 0.0197364216759924 0.0706386026958179
-0.119198458406049 -0.0296597505053257 -0.187646517469112 -0.100686571420119
-0.0965506752066816 -0.0513329488065212 -0.277645888556083 -0.190508635265327
-0.0389953208169494 -0.0851277094482035 -0.00133288120431324 -0.440606531728885
0.0771004198484358 -0.110237297271602 0.464519797285996 -0.505858121472438
0.171602195479423 0.000471346502232914 0.736919128533942 -0.0679642220720614
0.118030195577407 0.141833271468143 0.424682093642695 0.420102682743992
-0.00873700136800703 0.191551533641758 0.090009983906281 0.27893413532367
-0.032906561780536 0.185936112490522 0.00988540510098808 -0.159388578905604
0.046896669582468 0.180434167424065 -0.166359315817974 -0.586573497969046
0.143174706089549 0.0868174530131665 -0.635745400474372 -0.506383664297215
0.123752122235746 -0.0465685954031646 -0.703245988289531 0.161554053751021
0.020180849269579 -0.0829962765837272 -0.206874510684662 0.58849243373586
-0.104646084764691 -0.0798429015131261 0.128464129946122 0.484883397523885
-0.106332458914679 -0.0633285804334333 0.136948131563767 0.107109836419368
-0.0341893836657612 0.00740847989103412 0.0451464007765856 0.0835464896312895
-0.0452067417162624 -0.0111731329882057 -0.178519437241786 -0.101081198349566
-0.0498128097237119 -0.047538049248788 -0.288786660972884 -0.173286525103906
-0.0503072860350819 -0.0561692990125943 -0.0330017161614075 -0.417469941632963
0.00952100298724123 -0.0554555436734541 0.439560567206081 -0.507786455466499
0.0762478488755492 0.0097801424859583 0.7507338817901 -0.0895512602305178
0.0480503413405258 0.0709933177407956 0.464417775165106 0.441075739856377
-0.0114446185724796 0.0718330419655586 0.0996995936724003 0.333854157400008
-0.0144825360657789 0.0590818635851118 0.0147953829007202 -0.106845848705106
0.0122884916011917 0.0753509720287798 -0.131479903027632 -0.559132168443694
0.0526991054620881 0.0488052098125338 -0.60872478864038 -0.539575098625535
0.0308042365185292 -0.0160724130735916 -0.728605150974145 0.121477412718669
-0.0135128711989841 -0.0530600258252648 -0.241602297949296 0.602251399799986
-0.0675731266420813 -0.0479262039959239 0.115348510448256 0.524438340930625
-0.0611518992176212 -0.0265861998172042 0.154930152781908 0.129579170893444
0.0177331001825069 0.0298037202832067 0.0568145056511068 0.0888833829901284
0.0348569494787234 0.0117465532591167 -0.170002617917613 -0.110351378052285
0.00916127871231145 -0.0358259427851789 -0.276263345923818 -0.19048878439143
-0.0481422809609776 -0.0217519318925831 -0.017866255316341 -0.421239045983687
-0.053342329805065 0.000428180139572808 0.456420697480614 -0.476777283905434
-0.0287406526786313 0.0181421806506629 0.753257298221712 -0.041597889652919
-0.0304466477503614 -0.00850812951141134 0.459161899993355 0.469529272746718
-0.012419605025417 -0.0587666428888331 0.101332704208524 0.337617462439967
0.0115000871077683 -0.0767345704346342 0.0185580887968093 -0.1067128561362
-0.0180032048413344 -0.0436234237670392 -0.153712615115614 -0.545790165659856
-0.0446582623707917 7.97468192804754E-05 -0.631748163622507 -0.483617380626937
-0.0804382846294341 0.0193152204629055 -0.711248597151562 0.176476596532137
-0.0574589774166192 -0.0131819407963572 -0.218136268652796 0.622333936976106
-0.0235593848177402 -0.00548643519324353 0.125142523150114 0.524064175888258
-0.00659012915172685 0.0166064001048736 0.157968055163967 0.127847927740637
0.0676318505339089 0.0588008000465759 0.0562650617820511 0.0850325963566555
0.106089784614137 0.0380867294448759 -0.163924830030108 -0.126665334512832
0.0523842627534264 -0.0138299934904086 -0.24465844919526 -0.237218677916889
-0.0610787869298474 0.0214206353985375 0.0452961613246507 -0.441059516533269
-0.122249594033184 0.0456544745264491 0.515674671372753 -0.400203057641205
-0.126183216371573 0.00362397910499719 0.738817040329607 0.0697910989689727
-0.0941009818453674 -0.101471818435745 0.403684907164791 0.493358247440769
-0.0165156214698115 -0.179512621786368 0.0960144313244979 0.291863790884192
0.0106397752072744 -0.189973728258261 0.0148450681655757 -0.159995967501894
-0.0772803429249022 -0.126863299431819 -0.236014583104873 -0.529481192157367
-0.149238121190629 -0.0129892109286284 -0.690263618938093 -0.337464890491834
-0.173212892876605 0.0679448596569257 -0.639766299841646 0.310022317898048
-0.0795843857607711 0.0285428973065593 -0.130778044662223 0.631886571672397
0.0281720070796497 0.0351601847937912 0.153721487580707 0.480655802465997
0.0494745383819906 0.0562875899771625 0.146972846394356 0.0977575975900404
0.108148242150039 0.0828187627100495 0.042692555399337 0.0665968588323335
0.152406057082404 0.0672340998442455 -0.158887617256178 -0.156217076535761
0.059958971277531 0.0181844630771763 -0.189934859124958 -0.305207998448101
-0.0994045256084903 0.0699122102003081 0.151731407838468 -0.44868735779762
-0.190985147742188 0.0581054838823656 0.590865696519706 -0.268190816655332
-0.198291822025157 -0.0511791605858995 0.689163779083216 0.226411513924057
-0.118206884518281 -0.19837759685513 0.316822946635579 0.498027083822877
-0.0215972262162373 -0.273119795079621 0.0849631223461424 0.200384950571811
-0.0240247414575679 -0.259987225071051 -0.0127818125968056 -0.245003663809676
-0.163353813310053 -0.147850270931635 -0.36346058677019 -0.482642984404859
-0.237792493244997 0.0274028937882791 -0.732113638513796 -0.117604024060757
-0.212948790290144 0.126114423476618 -0.509568051841238 0.465386641436631
-0.0574066379957254 0.0600924775945114 -0.0131990006337946 0.604566698835904
0.0913376782609472 0.0659138932717095 0.190002272356102 0.395692330874653
0.0986245363570372 0.0834226365575655 0.121799612725714 0.0509219815931447
0.128738498496062 0.102242093885557 0.0118922791609001 0.0401730445322145
0.161169087505082 0.0915631779325974 -0.14948113065183 -0.204583342682583
0.030391669875387 0.0525843023930469 -0.115532284944395 -0.387079896640685
-0.153829272434484 0.100601956207984 0.280509120823634 -0.416970625847937
-0.240211624420963 0.0241499310522627 0.653805280857387 -0.0812636416367782
-0.219333091457579 -0.135746836230206 0.597615136454476 0.39375498680791
-0.0983474080125001 -0.276300546172145 0.216788513547447 0.465385702146376
-0.0275162613514773 -0.32434357290466 0.0712547452597024 0.0807901370795624
-0.0810954530925419 -0.274131570631547 -0.0801076397772459 -0.33331452225503
-0.238318888356615 -0.10928204578035 -0.503429526001978 -0.377836229567578
-0.277560133596086 0.0904232540781841 -0.720744544985174 0.125345054281903
-0.191739963304617 0.157567448891501 -0.351079654549365 0.567446447011743
0.000992748262325663 0.0724704617669245 0.0982766768401667 0.523353020994497
0.146561193715652 0.0815823745966258 0.217994422438509 0.287754001588539
0.129386786460531 0.094776466489232 0.0870857073108894 -0.00482995825470399
