TRXV5
3
4
4
9
string Extension=J
integer IsArchMeasurement=1
integer IsSpherical=1
string Generator=SPM
string GeneratorVersion=1.3.1 Dev
double ArchRadius=0.449999988079071
integer FrequencyAxisIndex=0
integer AzimuthAxisIndex=1
integer ElevationAxisIndex=2
Frequency
5 81 700000000 900000000 LIN
Azimuth
7 8 0 2.74889357189107 LIN
Elevation
7 15 -2.74889357189107 2.74889357189107 LIN
Polar H Real Part
13
Polar H Imaginary Part
14
Polar V Real Part
13
Polar V Imaginary Part
14
Polar H Magnitude (dB)
12 0xC0000002 0 1
Polar H Phase
7 0xC0000003 0 1
Polar V Magnitude (dB)
12 0xC0000002 2 3
Polar V Phase
7 0xC0000003 2 3
0.00237846374511719 -0.008819580078125 -0.0718307495117188 0.0544662475585937
-0.0117244720458984 0.0197792053222656 0.030120849609375 -0.222488403320313
-0.0247707366943359 0.000295639038085937 -0.00982666015625005 -0.42572021484375
-0.0208415985107422 0.0130748748779297 -0.1973876953125 -0.38232421875
0.00317001342773438 0.0212421417236328 -0.278793334960938 -0.155471801757812
0.0183963775634766 0.0211200714111328 -0.220870971679687 0.025634765625
0.0131597518920898 0.0133209228515625 -0.123435974121094 0.0653228759765625
0.00942420959472656 0.00614166259765625 -0.0868988037109375 0.018402099609375
0.0138053894042969 0.00480747222900391 -0.122467041015625 -0.0642242431640625
0.0161886215209961 0.00490283966064453 -0.146194458007812 -0.149871826171875
0.0108194351196289 0.0130510330200195 -0.134414672851562 -0.218536376953125
0.00433349609375 0.0105066299438477 -0.0522918701171875 -0.258956909179688
-0.000433444976806641 0.00828456878662109 0.101043701171875 -0.244247436523438
-0.00103855133056641 0.00867652893066406 0.107490539550781 -0.12786865234375
-0.00435543060302734 -0.0115833282470703 -0.0368270874023437 -0.126411437988281
0.09771728515625 -0.0347900390625 -0.0664100646972656 0.0443916320800781
0.113105773925781 -0.0220413208007813 0.02825927734375 -0.23272705078125
0.0657730102539062 -0.06561279296875 -0.027435302734375 -0.42193603515625
0.0118293762207031 -0.0643424987792969 -0.208160400390625 -0.37548828125
-0.00915145874023438 -0.0359268188476563 -0.2767333984375 -0.149063110351563
-0.0216922760009766 -0.0116119384765625 -0.219436645507812 0.0304718017578125
-0.0275936126708984 0.00387763977050781 -0.118759155273438 0.0662384033203125
-0.0285129547119141 -0.00390243530273437 -0.0812530517578125 0.0202789306640625
-0.0352821350097656 -0.00328445434570312 -0.116722106933594 -0.0632781982421875
-0.0305519104003906 -0.0134334564208984 -0.142318725585938 -0.146102905273437
-0.0160503387451172 -0.0207271575927734 -0.128372192382812 -0.214065551757813
-0.000114440917968752 -0.0300559997558594 -0.0474395751953125 -0.255889892578125
0.0234355926513672 -0.0134143829345703 0.100738525390625 -0.236007690429687
0.0291957855224609 0.00475502014160156 0.104393005371094 -0.123519897460937
0.0212669372558594 -0.0208625793457031 -0.0416336059570312 -0.126571655273438
0.161590576171875 -0.0688323974609375 -0.0495986938476562 0.0320701599121094
0.190277099609375 -0.0731353759765625 -0.00822448730468749 -0.234161376953125
0.118721008300781 -0.126937866210938 -0.12054443359375 -0.37420654296875
0.0258636474609375 -0.132682800292969 -0.2672119140625 -0.29541015625
-0.0245132446289063 -0.086822509765625 -0.273406982421875 -0.08349609375
-0.0596084594726562 -0.0435295104980469 -0.194305419921875 0.0576171875
-0.0649032592773438 -0.00737380981445312 -0.0952606201171875 0.0691986083984375
-0.06243896484375 -0.0135269165039063 -0.0617828369140625 0.0165252685546875
-0.0770721435546875 -0.011505126953125 -0.0919036865234375 -0.0674896240234375
-0.0714035034179688 -0.0312652587890625 -0.1102294921875 -0.147857666015625
-0.0419349670410156 -0.0524139404296875 -0.088348388671875 -0.216384887695313
-0.00995254516601562 -0.0689582824707031 -0.00357055664062501 -0.248886108398437
0.0402488708496094 -0.0421066284179688 0.139450073242187 -0.201034545898438
0.0565567016601563 -0.00867080688476563 0.118904113769531 -0.0877151489257813
0.0510902404785156 -0.0381278991699219 -0.0424957275390625 -0.115127563476563
0.174606323242188 -0.0895233154296875 -0.0270595550537109 0.0180301666259766
0.195755004882813 -0.109466552734375 -0.0717315673828125 -0.213394165039063
0.11639404296875 -0.159881591796875 -0.230270385742188 -0.259445190429688
0.016357421875 -0.17138671875 -0.310791015625 -0.139678955078125
-0.0455245971679688 -0.120361328125 -0.23779296875 0.02191162109375
-0.09197998046875 -0.0655364990234375 -0.14019775390625 0.0972137451171875
-0.0939712524414062 -0.015228271484375 -0.0567703247070313 0.0722122192382813
-0.0875473022460938 -0.020538330078125 -0.0345668792724609 0.00891304016113282
-0.105873107910156 -0.0202865600585937 -0.0528564453125 -0.07476806640625
-0.10064697265625 -0.0482025146484375 -0.052032470703125 -0.1497802734375
-0.063690185546875 -0.0820465087890625 -0.0106964111328125 -0.211761474609375
-0.0229873657226562 -0.108566284179688 0.0804901123046875 -0.218353271484375
0.0527877807617188 -0.0820846557617188 0.201019287109375 -0.122329711914063
0.0854339599609375 -0.0375823974609375 0.135391235351563 -0.0215911865234375
0.0862960815429688 -0.0611572265625 -0.0393295288085937 -0.097503662109375
0.1480712890625 -0.0912628173828125 -0.0156955718994141 0.0154914855957031
0.152511596679688 -0.10955810546875 -0.140274047851563 -0.1456298828125
0.088714599609375 -0.14752197265625 -0.280929565429687 -0.0833892822265625
0.000259399414062482 -0.169174194335938 -0.2783203125 0.0440521240234374
-0.0604400634765625 -0.12738037109375 -0.155258178710938 0.128158569335938
-0.111587524414062 -0.074066162109375 -0.0619659423828125 0.133277893066406
-0.110755920410156 -0.0198211669921875 -0.00843048095703125 0.0719985961914063
-0.099395751953125 -0.0254287719726563 -0.00261163711547852 -0.0013735294342041
-0.117851257324219 -0.0293807983398437 -0.00427246093750001 -0.080474853515625
-0.112380981445313 -0.0641403198242188 0.0250244140625 -0.139854431152344
-0.0740509033203125 -0.106529235839844 0.096771240234375 -0.178451538085937
-0.030120849609375 -0.144500732421875 0.186141967773438 -0.13763427734375
0.0709686279296875 -0.126823425292969 0.251953125 0.0130615234375
0.121871948242188 -0.073760986328125 0.135002136230469 0.0665283203125
0.126182556152344 -0.082061767578125 -0.0281982421875 -0.0835189819335938
0.10467529296875 -0.0743637084960938 -0.0128211975097656 0.0309085845947266
0.099456787109375 -0.0762786865234375 -0.175704956054688 -0.0445556640625
0.063201904296875 -0.103187561035156 -0.249740600585938 0.083648681640625
-0.00430297851562499 -0.136329650878906 -0.176788330078125 0.188858032226563
-0.060302734375 -0.110626220703125 -0.0453338623046875 0.200714111328125
-0.110618591308594 -0.0690689086914062 0.02606201171875 0.15301513671875
-0.108627319335938 -0.0201187133789062 0.0418472290039063 0.0678176879882813
-0.0960540771484375 -0.0289382934570312 0.0308055877685547 -0.01153564453125
-0.11077880859375 -0.0382080078125 0.0481033325195313 -0.0783767700195313
-0.100547790527344 -0.0742111206054687 0.107673645019531 -0.108207702636719
-0.0645675659179688 -0.117568969726563 0.20233154296875 -0.099700927734375
-0.019683837890625 -0.164154052734375 0.264678955078125 0.00115966796874999
0.102005004882812 -0.1527099609375 0.244918823242187 0.182510375976562
0.163330078125 -0.0941162109375 0.1051025390625 0.150665283203125
0.158035278320312 -0.087860107421875 -0.00435638427734374 -0.0753631591796875
0.06170654296875 -0.0531883239746094 -0.0115623474121094 0.0582695007324219
0.0548629760742188 -0.0373573303222656 -0.172760009765625 0.051361083984375
0.0451126098632812 -0.0561332702636719 -0.173934936523437 0.192947387695313
-0.00168609619140626 -0.0917129516601563 -0.0620574951171875 0.264999389648438
-0.0467910766601563 -0.0794143676757813 0.05267333984375 0.230453491210938
-0.0893173217773438 -0.0545196533203125 0.100723266601563 0.154312133789063
-0.0883407592773438 -0.0183334350585938 0.086212158203125 0.05914306640625
-0.0775680541992188 -0.0285110473632812 0.061004638671875 -0.0198020935058594
-0.0856552124023438 -0.0417861938476562 0.0925445556640625 -0.0691986083984375
-0.0698928833007812 -0.06768798828125 0.173248291015625 -0.060638427734375
-0.040802001953125 -0.101730346679688 0.267303466796875 0.00730895996093749
0.00193786621093751 -0.147613525390625 0.274871826171875 0.160476684570313
0.125846862792969 -0.135986328125 0.165985107421875 0.329742431640625
0.183242797851563 -0.0798797607421875 0.0576324462890625 0.20733642578125
0.158538818359375 -0.0761566162109375 0.0325469970703125 -0.072265625
0.0260963439941406 -0.0351524353027344 -0.00402069091796875 0.0846176147460938
0.0206317901611328 -0.0104637145996094 -0.149566650390625 0.113174438476563
0.0271205902099609 -0.0208034515380859 -0.104278564453125 0.241134643554687
0.001129150390625 -0.0478401184082031 0.018768310546875 0.288299560546875
-0.0273323059082031 -0.0445289611816406 0.113525390625 0.233108520507813
-0.0544853210449219 -0.0368995666503906 0.148452758789063 0.146835327148438
-0.0538978576660156 -0.0161857604980469 0.1171875 0.0498199462890625
-0.0478935241699219 -0.0248527526855469 0.0846328735351563 -0.0258026123046875
-0.0486602783203125 -0.0364418029785156 0.124862670898437 -0.058013916015625
-0.0305595397949219 -0.0449371337890625 0.213973999023438 -0.01470947265625
-0.0161170959472656 -0.0606346130371094 0.2855224609375 0.10223388671875
0.0125274658203125 -0.0938644409179688 0.22857666015625 0.282867431640625
0.107719421386719 -0.0805435180664063 0.058013916015625 0.40948486328125
0.146514892578125 -0.03912353515625 0.0182952880859375 0.233627319335938
0.114143371582031 -0.0503692626953125 0.0724029541015625 -0.066009521484375
0.00183296203613281 -0.0096588134765625 -0.0713043212890625 0.0576705932617188
-0.00835990905761719 0.0215682983398438 0.02734375 -0.232223510742187
-0.024932861328125 0.00185966491699218 -0.022796630859375 -0.4415283203125
-0.0213642120361328 0.0147113800048828 -0.215728759765625 -0.389404296875
0.00429916381835938 0.0207576751708984 -0.292236328125 -0.150360107421875
0.0200271606445312 0.0198421478271484 -0.2252197265625 0.0335235595703125
0.0138416290283203 0.0137195587158203 -0.123512268066406 0.0709381103515625
0.00931453704833984 0.00823307037353516 -0.0871810913085938 0.0208663940429688
0.0137233734130859 0.00641441345214844 -0.127311706542969 -0.060821533203125
0.0164041519165039 0.00482940673828125 -0.156478881835937 -0.14813232421875
0.0124540328979492 0.0138158798217773 -0.14715576171875 -0.2191162109375
0.00511455535888672 0.0109491348266602 -0.063385009765625 -0.264450073242188
-0.000248908996582031 0.00827932357788086 0.096527099609375 -0.254776000976563
0.000267982482910156 0.00828361511230469 0.109573364257813 -0.135505676269531
-0.00479984283447266 -0.0114984512329102 -0.0383529663085937 -0.129783630371094
0.0998001098632813 -0.0407180786132813 -0.0666847229003906 0.0464706420898437
0.119354248046875 -0.0264968872070312 0.0238494873046875 -0.243499755859375
0.0666923522949219 -0.0691757202148438 -0.042388916015625 -0.43634033203125
0.0106124877929688 -0.0661201477050781 -0.228668212890625 -0.38299560546875
-0.00922775268554688 -0.0361366271972656 -0.290557861328125 -0.14434814453125
-0.0214519500732422 -0.0120391845703125 -0.223678588867188 0.0375823974609375
-0.0270214080810547 0.00511169433593749 -0.11871337890625 0.0714111328125
-0.0294723510742187 -0.00176048278808593 -0.081634521484375 0.022247314453125
-0.0364608764648438 -0.000133514404296868 -0.120826721191406 -0.0612945556640625
-0.0319633483886719 -0.0124740600585937 -0.150390625 -0.144561767578125
-0.0162029266357422 -0.0210456848144531 -0.141433715820312 -0.21551513671875
0.000112533569335939 -0.0302944183349609 -0.0583038330078125 -0.261550903320313
0.0250759124755859 -0.0143928527832031 0.09808349609375 -0.247589111328125
0.0314826965332031 0.00416946411132813 0.107315063476563 -0.131019592285156
0.0212745666503906 -0.0206260681152344 -0.0425262451171875 -0.129829406738281
0.162002563476563 -0.07684326171875 -0.0493736267089844 0.0341033935546875
0.195343017578125 -0.08251953125 -0.0133056640625 -0.24432373046875
0.1197509765625 -0.133872985839844 -0.136993408203125 -0.3839111328125
0.0227203369140625 -0.136466979980469 -0.28887939453125 -0.297637939453125
-0.0268020629882813 -0.0888671875 -0.28546142578125 -0.07611083984375
-0.0613784790039063 -0.0429649353027344 -0.196319580078125 0.065032958984375
-0.0654869079589844 -0.00610733032226562 -0.0948638916015625 0.074066162109375
-0.0641746520996094 -0.0106430053710937 -0.0622978210449219 0.0174484252929687
-0.07916259765625 -0.00744628906250001 -0.0952911376953125 -0.0666732788085938
-0.0744781494140625 -0.0291824340820312 -0.117401123046875 -0.147933959960938
-0.0437240600585937 -0.0529975891113281 -0.098907470703125 -0.219268798828125
-0.01141357421875 -0.0709609985351563 -0.0126495361328125 -0.25634765625
0.0427360534667969 -0.043670654296875 0.13916015625 -0.213287353515625
0.0603828430175781 -0.0101242065429688 0.123497009277344 -0.0949783325195312
0.0500221252441406 -0.03875732421875 -0.0430755615234375 -0.117118835449219
0.173370361328125 -0.0973968505859375 -0.0275058746337891 0.0184135437011719
0.198944091796875 -0.120361328125 -0.0803070068359375 -0.222000122070313
0.1168212890625 -0.167404174804688 -0.246536254882812 -0.260345458984375
0.0118408203125 -0.17608642578125 -0.328369140625 -0.136138916015625
-0.0492324829101563 -0.122116088867187 -0.245758056640625 0.030120849609375
-0.0949935913085938 -0.0654983520507813 -0.139030456542969 0.104240417480469
-0.095733642578125 -0.0137481689453125 -0.055023193359375 0.0757217407226562
-0.0894012451171875 -0.0180511474609375 -0.0342979431152344 0.00911903381347656
-0.108497619628906 -0.015228271484375 -0.055694580078125 -0.0758285522460937
-0.104995727539063 -0.0459365844726562 -0.0572967529296875 -0.152389526367187
-0.0669097900390625 -0.0832748413085938 -0.0187835693359375 -0.217178344726563
-0.0263671875 -0.110366821289063 0.075469970703125 -0.227142333984375
0.0544967651367188 -0.0846633911132812 0.207611083984375 -0.1337890625
0.0885162353515625 -0.0404205322265625 0.14398193359375 -0.025390625
0.085113525390625 -0.0635986328125 -0.0399246215820313 -0.0984115600585938
0.145858764648438 -0.09820556640625 -0.0171499252319336 0.0164299011230469
0.152801513671875 -0.118026733398438 -0.15130615234375 -0.149200439453125
0.0889892578125 -0.1531982421875 -0.2950439453125 -0.079010009765625
-0.00471496582031249 -0.172607421875 -0.288970947265625 0.05352783203125
-0.064666748046875 -0.128700256347656 -0.156005859375 0.1378173828125
-0.115631103515625 -0.0736770629882813 -0.0572891235351563 0.138092041015625
-0.112655639648438 -0.017242431640625 -0.00553131103515626 0.0747756958007813
-0.1015625 -0.0232315063476562 -0.0023789405822754 -0.00126123428344727
-0.121078491210938 -0.02508544921875 -0.00608825683593751 -0.082916259765625
-0.116806030273438 -0.0623703002929687 0.022247314453125 -0.144073486328125
-0.0789947509765625 -0.108375549316406 0.093292236328125 -0.186447143554688
-0.034820556640625 -0.146697998046875 0.187759399414063 -0.146881103515625
0.0709228515625 -0.130706787109375 0.264938354492188 0.00544738769531249
0.124679565429688 -0.0792160034179688 0.144943237304688 0.0665130615234375
0.124961853027344 -0.087493896484375 -0.029083251953125 -0.0834884643554687
0.102188110351563 -0.0785598754882813 -0.0156993865966797 0.0325908660888672
0.0997772216796875 -0.080780029296875 -0.184906005859375 -0.042510986328125
0.0646209716796875 -0.107086181640625 -0.25750732421875 0.093231201171875
-0.00815582275390624 -0.14031982421875 -0.17828369140625 0.199996948242188
-0.0644378662109375 -0.111793518066406 -0.039276123046875 0.20819091796875
-0.11529541015625 -0.0683059692382813 0.0335540771484375 0.155502319335938
-0.110885620117188 -0.0176620483398438 0.0460319519042969 0.0687713623046875
-0.0981521606445313 -0.025848388671875 0.0305442810058594 -0.0117111206054688
-0.114555358886719 -0.03485107421875 0.0466461181640625 -0.0823974609375
-0.105621337890625 -0.07257080078125 0.107147216796875 -0.114395141601563
-0.0692520141601563 -0.118789672851562 0.204681396484375 -0.1080322265625
-0.0258026123046875 -0.165817260742188 0.274368286132813 -0.00526428222656251
0.101425170898437 -0.158782958984375 0.26300048828125 0.181732177734375
0.1669921875 -0.102096557617187 0.114944458007813 0.155838012695313
0.156997680664062 -0.0948944091796875 -0.00620269775390624 -0.0755996704101563
0.0592231750488281 -0.05596923828125 -0.0131874084472656 0.0621109008789063
0.0552825927734375 -0.0392913818359375 -0.1787109375 0.0581207275390625
0.047454833984375 -0.0583610534667969 -0.174545288085937 0.203643798828125
-0.00360107421874999 -0.094085693359375 -0.056243896484375 0.273635864257813
-0.049957275390625 -0.0804214477539063 0.0635528564453125 0.23516845703125
-0.094146728515625 -0.0535888671875 0.110519409179688 0.154617309570313
-0.0900039672851563 -0.01629638671875 0.0903701782226563 0.0589447021484375
-0.07989501953125 -0.0258026123046875 0.0602531433105469 -0.0200004577636719
-0.0899276733398438 -0.0390548706054687 0.0925140380859375 -0.0735092163085938
-0.0742263793945313 -0.0674972534179687 0.175796508789062 -0.067840576171875
-0.0434646606445313 -0.103141784667969 0.275283813476563 -0.000320434570312506
-0.00375366210937499 -0.14984130859375 0.289306640625 0.159271240234375
0.1265869140625 -0.143112182617188 0.18377685546875 0.337249755859375
0.187469482421875 -0.0890350341796875 0.06597900390625 0.216461181640625
0.158599853515625 -0.0825347900390625 0.0305633544921875 -0.0731964111328125
0.0248641967773438 -0.0371360778808594 -0.00534820556640625 0.0897598266601562
0.0221042633056641 -0.0105476379394531 -0.15203857421875 0.122100830078125
0.0292339324951172 -0.0225391387939453 -0.10003662109375 0.251800537109375
-0.000301361083984376 -0.0489654541015625 0.030120849609375 0.2952880859375
-0.029083251953125 -0.04559326171875 0.126541137695312 0.235565185546875
-0.0579261779785156 -0.0365104675292969 0.15948486328125 0.14544677734375
-0.0558395385742187 -0.0144004821777344 0.122428894042969 0.0483474731445313
-0.0500717163085938 -0.0226364135742187 0.0837631225585938 -0.0267257690429688
-0.0528793334960938 -0.0347175598144531 0.125297546386719 -0.0631484985351563
-0.0335121154785156 -0.045928955078125 0.219100952148438 -0.0219573974609375
-0.0174560546875 -0.0622596740722656 0.29583740234375 0.096282958984375
0.00871276855468749 -0.095245361328125 0.244232177734375 0.286865234375
0.109016418457031 -0.0864105224609375 0.072601318359375 0.423828125
0.151611328125 -0.045501708984375 0.023773193359375 0.244369506835938
0.11456298828125 -0.0547561645507813 0.0709381103515625 -0.068359375
0.0002593994140625 -0.0113067626953125 -0.0678672790527344 0.0637283325195313
-0.00438117980957031 0.0221729278564453 0.0142822265625 -0.243606567382813
-0.0252246856689453 0.00378036499023437 -0.056976318359375 -0.452911376953125
-0.0207710266113281 0.0171298980712891 -0.25152587890625 -0.38397216796875
0.00599288940429688 0.0199165344238281 -0.310272216796875 -0.130889892578125
0.0233573913574219 0.0161724090576172 -0.227066040039063 0.0508575439453125
0.0148134231567383 0.0129365921020508 -0.120208740234375 0.0817031860351563
0.0114755630493164 0.00943374633789063 -0.0868148803710937 0.0276947021484375
0.0150117874145508 0.00858116149902344 -0.134864807128906 -0.0535659790039063
0.0163345336914063 0.00464534759521484 -0.17138671875 -0.139511108398438
0.0138998031616211 0.0134191513061523 -0.1688232421875 -0.2122802734375
0.00666618347167969 0.0114555358886719 -0.08575439453125 -0.265396118164062
0.000763893127441405 0.00751209259033203 0.079803466796875 -0.269699096679688
0.0009613037109375 0.00797128677368164 0.105117797851562 -0.147232055664063
-0.00583839416503906 -0.0105600357055664 -0.0434646606445313 -0.131195068359375
0.0968093872070313 -0.0502090454101563 -0.0642013549804688 0.0521011352539062
0.1217041015625 -0.0384597778320313 0.00807189941406251 -0.254486083984375
0.0646514892578125 -0.0757980346679688 -0.075653076171875 -0.447113037109375
0.00625991821289062 -0.0677528381347656 -0.264862060546875 -0.37603759765625
-0.0115242004394531 -0.0376968383789063 -0.309844970703125 -0.125518798828125
-0.022003173828125 -0.0119094848632813 -0.22454833984375 0.055389404296875
-0.0263996124267578 0.00676345825195313 -0.115219116210938 0.082122802734375
-0.0295600891113281 0.00154304504394531 -0.0809173583984375 0.0270004272460937
-0.0368919372558594 0.00365829467773437 -0.127220153808594 -0.0542373657226562
-0.0333423614501953 -0.0107078552246094 -0.1639404296875 -0.1370849609375
-0.0171966552734375 -0.0212421417236328 -0.162353515625 -0.208938598632813
-0.00150299072265625 -0.0317020416259766 -0.0808563232421875 -0.264373779296875
0.0255355834960938 -0.0167198181152344 0.081451416015625 -0.261917114257813
0.0336818695068359 0.00226402282714844 0.102630615234375 -0.142776489257813
0.0201644897460938 -0.0215797424316406 -0.0495986938476563 -0.130836486816406
0.157241821289063 -0.0902557373046875 -0.0470771789550781 0.0387763977050781
0.1944580078125 -0.0994720458984375 -0.0289459228515625 -0.252517700195313
0.114913940429688 -0.146347045898438 -0.169677734375 -0.385833740234375
0.0135650634765625 -0.140762329101563 -0.32122802734375 -0.284027099609375
-0.033782958984375 -0.089752197265625 -0.300628662109375 -0.055389404296875
-0.0648880004882813 -0.040863037109375 -0.194656372070312 0.0814971923828125
-0.0665168762207031 -0.0013580322265625 -0.09002685546875 0.0821914672851563
-0.0662078857421875 -0.00616073608398437 -0.0608062744140625 0.020904541015625
-0.079986572265625 -0.000671386718749997 -0.101936340332031 -0.0632781982421875
-0.0785293579101563 -0.0243072509765625 -0.1300048828125 -0.142990112304688
-0.0485305786132813 -0.0522842407226563 -0.119659423828125 -0.216995239257813
-0.015533447265625 -0.0716094970703125 -0.0330963134765625 -0.261322021484375
0.0432929992675781 -0.0479164123535156 0.127349853515625 -0.231048583984375
0.0624885559082031 -0.0142555236816406 0.123016357421875 -0.106925964355469
0.0475120544433594 -0.0415916442871094 -0.0480422973632813 -0.117362976074219
0.16680908203125 -0.111236572265625 -0.0268878936767578 0.0206813812255859
0.192886352539062 -0.13909912109375 -0.09881591796875 -0.225006103515625
0.109756469726563 -0.1800537109375 -0.27325439453125 -0.250961303710938
-0.000778198242187506 -0.180343627929688 -0.350372314453125 -0.11492919921875
-0.0585479736328125 -0.120979309082031 -0.250076293945313 0.05096435546875
-0.101669311523438 -0.0611572265625 -0.133781433105469 0.116767883300781
-0.097747802734375 -0.0072479248046875 -0.0504074096679688 0.0811538696289063
-0.091278076171875 -0.0117874145507813 -0.0342559814453125 0.0109100341796875
-0.110244750976563 -0.00674438476562498 -0.0621566772460937 -0.0755081176757813
-0.108963012695312 -0.0390472412109375 -0.0691680908203125 -0.152572631835938
-0.0748291015625 -0.0813674926757812 -0.0363616943359375 -0.22064208984375
-0.0347518920898438 -0.110801696777344 0.05987548828125 -0.238800048828125
0.0512466430664063 -0.0897750854492188 0.205474853515625 -0.1551513671875
0.0898513793945313 -0.0473556518554688 0.149978637695313 -0.03662109375
0.0807647705078125 -0.0699234008789062 -0.044189453125 -0.0970382690429688
0.137931823730469 -0.110107421875 -0.0186786651611328 0.0181560516357422
0.146575927734375 -0.13165283203125 -0.16766357421875 -0.143875122070312
0.081085205078125 -0.163589477539063 -0.310546875 -0.05908203125
-0.0160980224609375 -0.176467895507813 -0.296722412109375 0.07586669921875
-0.07427978515625 -0.128738403320312 -0.149871826171875 0.153793334960938
-0.123321533203125 -0.0683670043945313 -0.046600341796875 0.14495849609375
-0.114944458007813 -0.0100631713867187 0.00127410888671874 0.0771713256835938
-0.103363037109375 -0.015655517578125 -0.00215899944305421 -0.00165736675262451
-0.124748229980469 -0.0157470703125 -0.0124359130859375 -0.0864181518554688
-0.123710632324219 -0.0554351806640625 0.0123291015625 -0.150955200195313
-0.087249755859375 -0.106697082519531 0.081939697265625 -0.198593139648438
-0.04656982421875 -0.145477294921875 0.182907104492188 -0.16473388671875
0.0656890869140625 -0.137580871582031 0.276901245117188 -0.0167083740234375
0.122932434082031 -0.0901336669921875 0.157791137695313 0.0600433349609375
0.119415283203125 -0.0977325439453125 -0.0335693359375 -0.08245849609375
0.0956268310546875 -0.087127685546875 -0.0150833129882812 0.0359725952148437
0.0950088500976562 -0.0896453857421875 -0.195709228515625 -0.030303955078125
0.0607147216796875 -0.114303588867188 -0.25860595703125 0.1148681640625
-0.0169525146484375 -0.143051147460938 -0.170578002929688 0.219268798828125
-0.073150634765625 -0.110000610351562 -0.0233612060546875 0.216415405273437
-0.122093200683594 -0.062652587890625 0.0467987060546875 0.155776977539062
-0.112648010253906 -0.0107498168945313 0.0525779724121094 0.0671882629394531
-0.101432800292969 -0.0191650390625 0.0302963256835937 -0.0128879547119141
-0.11981201171875 -0.0255661010742187 0.041748046875 -0.089263916015625
-0.113151550292969 -0.0666656494140625 0.101661682128906 -0.125358581542969
-0.0789794921875 -0.117568969726562 0.202117919921875 -0.125946044921875
-0.0387115478515625 -0.166580200195313 0.28289794921875 -0.025177001953125
0.092926025390625 -0.169586181640625 0.287750244140625 0.167083740234375
0.164443969726563 -0.118118286132813 0.1331787109375 0.154830932617188
0.151626586914063 -0.108123779296875 -0.0110702514648437 -0.0754547119140625
0.05426025390625 -0.060150146484375 -0.0117149353027344 0.06732177734375
0.0540618896484375 -0.0434532165527344 -0.181106567382813 0.074737548828125
0.0471000671386719 -0.0641326904296875 -0.164505004882813 0.222671508789063
-0.009796142578125 -0.0962295532226563 -0.037750244140625 0.28521728515625
-0.0560073852539063 -0.0800857543945313 0.08526611328125 0.235260009765625
-0.0998458862304688 -0.0486831665039063 0.126449584960938 0.149078369140625
-0.0920867919921875 -0.010345458984375 0.0977859497070312 0.0546875
-0.0826644897460938 -0.020050048828125 0.0593643188476562 -0.0239677429199219
-0.0941009521484375 -0.0315399169921875 0.089202880859375 -0.0834808349609375
-0.0811309814453125 -0.0634918212890625 0.175247192382813 -0.0826416015625
-0.0525283813476562 -0.103401184082031 0.281951904296875 -0.020751953125
-0.015899658203125 -0.151351928710938 0.31036376953125 0.14404296875
0.11944580078125 -0.155715942382812 0.217315673828125 0.33349609375
0.186843872070313 -0.10748291015625 0.084442138671875 0.220779418945313
0.154373168945313 -0.0964508056640625 0.025726318359375 -0.075164794921875
0.0214576721191406 -0.0391006469726563 -0.00225067138671875 0.0954666137695313
0.0216712951660156 -0.0123863220214844 -0.148956298828125 0.138595581054688
0.0306968688964844 -0.0253639221191406 -0.0838775634765625 0.265029907226563
-0.00296783447265625 -0.0498886108398438 0.053436279296875 0.299652099609375
-0.0329742431640625 -0.0445365905761719 0.150588989257813 0.229782104492188
-0.0626106262207031 -0.032989501953125 0.176589965820312 0.134689331054687
-0.0565986633300781 -0.0106773376464844 0.129570007324219 0.0408401489257813
-0.0522270202636719 -0.0181541442871094 0.0831832885742187 -0.0324020385742187
-0.0570144653320313 -0.0298385620117188 0.122825622558594 -0.0745391845703125
-0.0381507873535156 -0.0453567504882813 0.222442626953125 -0.038909912109375
-0.0223350524902344 -0.0631027221679688 0.310638427734375 0.077850341796875
0.00111389160156249 -0.096832275390625 0.273086547851563 0.278717041015625
0.105628967285156 -0.0969696044921875 0.107574462890625 0.43115234375
0.153488159179688 -0.060211181640625 0.041107177734375 0.252059936523438
0.111717224121094 -0.0643386840820313 0.065704345703125 -0.0734481811523438
-0.00176715850830078 -0.0113773345947266 -0.058624267578125 0.0685195922851563
-0.00131034851074219 0.0206642150878906 -0.00448608398437501 -0.242706298828125
-0.0240058898925781 0.00607490539550781 -0.094970703125 -0.439849853515625
-0.0186309814453125 0.0187835693359375 -0.282012939453125 -0.355743408203125
0.00652313232421875 0.0183792114257812 -0.31451416015625 -0.099578857421875
0.0226764678955078 0.0122470855712891 -0.216751098632813 0.06927490234375
0.0166711807250977 0.0120563507080078 -0.107833862304687 0.0917205810546875
0.0131196975708008 0.00901603698730469 -0.0814895629882813 0.0340957641601563
0.0156593322753906 0.0077047348022461 -0.136260986328125 -0.04107666015625
0.0164299011230469 0.00357627868652344 -0.180511474609375 -0.120742797851562
0.0157527923583984 0.0121278762817383 -0.185562133789062 -0.191680908203125
0.00824737548828125 0.0105772018432617 -0.107650756835937 -0.253311157226562
0.00071096420288086 0.0068058967590332 0.054779052734375 -0.272506713867188
0.00259304046630859 0.00637197494506836 0.093353271484375 -0.154876708984375
-0.00592708587646485 -0.00946140289306641 -0.0503158569335938 -0.126251220703125
0.0889968872070313 -0.0582962036132813 -0.0579490661621094 0.0551605224609375
0.116806030273437 -0.0498580932617187 -0.012420654296875 -0.25152587890625
0.0577621459960937 -0.07965087890625 -0.11260986328125 -0.43212890625
0.000572204589843745 -0.0671195983886719 -0.2933349609375 -0.345703125
-0.0142440795898438 -0.0366744995117188 -0.315826416015625 -0.09326171875
-0.0225238800048828 -0.0119895935058594 -0.213821411132813 0.0732574462890625
-0.0245075225830078 0.00771331787109375 -0.103851318359375 0.090362548828125
-0.0275440216064453 0.00519371032714844 -0.0754776000976563 0.0325546264648438
-0.0343093872070313 0.00796127319335938 -0.129364013671875 -0.0434188842773437
-0.0339088439941406 -0.00693893432617187 -0.172714233398438 -0.12030029296875
-0.0187740325927734 -0.0197620391845703 -0.178939819335937 -0.1898193359375
-0.00397872924804687 -0.03082275390625 -0.103866577148437 -0.250350952148437
0.0251045227050781 -0.0191993713378906 0.0568084716796875 -0.26556396484375
0.0348014831542969 -0.00152015686035156 0.0912933349609375 -0.149734497070313
0.0181198120117188 -0.0216751098632813 -0.0556182861328125 -0.125808715820312
0.14337158203125 -0.101303100585938 -0.0411224365234375 0.0403594970703125
0.18145751953125 -0.115402221679688 -0.0485992431640625 -0.249588012695313
0.100814819335938 -0.154190063476563 -0.1990966796875 -0.3651123046875
0.00202941894531249 -0.1395263671875 -0.342864990234375 -0.25067138671875
-0.0400314331054688 -0.0849227905273438 -0.299896240234375 -0.025848388671875
-0.0668106079101563 -0.0356330871582031 -0.181320190429688 0.0970458984375
-0.0648193359375 0.00255203247070311 -0.0790786743164063 0.08892822265625
-0.0634346008300781 0.000541687011718745 -0.05718994140625 0.0247955322265625
-0.0777206420898438 0.00780487060546874 -0.105735778808594 -0.054229736328125
-0.078125 -0.0167999267578125 -0.139488220214844 -0.130897521972656
-0.0516204833984375 -0.048583984375 -0.137237548828125 -0.201263427734375
-0.0210151672363281 -0.0686302185058594 -0.0558319091796875 -0.252593994140625
0.0399665832519531 -0.0505828857421875 0.10595703125 -0.239471435546875
0.0624160766601563 -0.0197601318359375 0.115737915039063 -0.116035461425781
0.0428085327148438 -0.0432815551757812 -0.05389404296875 -0.112190246582031
0.150619506835938 -0.121963500976562 -0.0237274169921875 0.0215282440185547
0.176483154296875 -0.153060913085938 -0.116363525390625 -0.21649169921875
0.093231201171875 -0.186355590820313 -0.291412353515625 -0.222503662109375
-0.0152435302734375 -0.176681518554687 -0.35845947265625 -0.08154296875
-0.0669326782226562 -0.114616394042969 -0.241806030273438 0.0730133056640625
-0.103591918945312 -0.0505523681640625 -0.119667053222656 0.125343322753906
-0.0953216552734375 -0.000968933105468742 -0.0390472412109375 0.0834121704101563
-0.089508056640625 -0.00340270996093751 -0.0317211151123047 0.0131244659423828
-0.107635498046875 0.00351715087890626 -0.0688247680664063 -0.07080078125
-0.110725402832031 -0.0280914306640625 -0.0810089111328125 -0.145111083984375
-0.07952880859375 -0.0745468139648438 -0.0553131103515625 -0.213027954101563
-0.0421905517578125 -0.10467529296875 0.03912353515625 -0.239456176757812
0.0454025268554688 -0.092864990234375 0.190200805664063 -0.172164916992187
0.0853347778320313 -0.05352783203125 0.148269653320312 -0.04864501953125
0.0720748901367188 -0.0728378295898438 -0.0478363037109375 -0.0916290283203125
0.122894287109375 -0.116065979003906 -0.0170803070068359 0.0193386077880859
0.129913330078125 -0.14031982421875 -0.178207397460938 -0.12994384765625
0.0672760009765625 -0.167800903320313 -0.310791015625 -0.03094482421875
-0.031158447265625 -0.17095947265625 -0.28643798828125 0.1021728515625
-0.0826187133789063 -0.119773864746094 -0.13336181640625 0.165023803710937
-0.125877380371094 -0.0564651489257813 -0.031890869140625 0.14593505859375
-0.111923217773438 -0.00254821777343749 0.00901031494140624 0.0752639770507813
-0.1014404296875 -0.00648498535156249 -0.00209343433380128 -0.000705599784851074
-0.121490478515625 -0.004486083984375 -0.0211334228515625 -0.0848388671875
-0.124198913574219 -0.0420608520507813 -0.000427246093750023 -0.149856567382813
-0.0942459106445313 -0.097259521484375 0.0618438720703125 -0.201492309570313
-0.0569839477539063 -0.137992858886719 0.166595458984375 -0.1778564453125
0.0549774169921875 -0.140281677246094 0.273590087890625 -0.0424346923828125
0.113845825195312 -0.0985488891601563 0.164505004882813 0.04595947265625
0.10650634765625 -0.10296630859375 -0.0376205444335937 -0.0763397216796875
0.0833587646484375 -0.0892715454101563 -0.0131874084472656 0.0383071899414062
0.0841827392578125 -0.093536376953125 -0.19677734375 -0.0128631591796875
0.0528335571289063 -0.117576599121094 -0.244186401367187 0.13555908203125
-0.0279006958007813 -0.137924194335938 -0.149505615234375 0.231048583984375
-0.079376220703125 -0.103012084960938 -0.003814697265625 0.213226318359375
-0.125198364257813 -0.0509490966796875 0.0601806640625 0.147079467773438
-0.110145568847656 -0.00197601318359376 0.0583000183105469 0.0611228942871094
-0.0985183715820313 -0.010406494140625 0.0285396575927734 -0.0147552490234375
-0.117446899414063 -0.0144271850585937 0.0312957763671875 -0.0917816162109375
-0.115890502929687 -0.0541763305664063 0.0889053344726562 -0.13287353515625
-0.087066650390625 -0.108596801757813 0.1871337890625 -0.141494750976563
-0.052032470703125 -0.157119750976563 0.276779174804688 -0.0491943359375
0.0784759521484375 -0.174057006835938 0.3009033203125 0.13739013671875
0.151199340820313 -0.130523681640625 0.147171020507813 0.143646240234375
0.136962890625 -0.117889404296875 -0.0167617797851562 -0.0704803466796875
0.0459251403808594 -0.0606765747070313 -0.00751876831054687 0.0696907043457031
0.0485191345214844 -0.0451889038085938 -0.172012329101563 0.0895843505859375
0.0429801940917969 -0.0669937133789063 -0.141769409179687 0.232147216796875
-0.0169143676757812 -0.093719482421875 -0.0130615234375 0.281494140625
-0.0605087280273437 -0.0741653442382813 0.10479736328125 0.221359252929687
-0.102066040039062 -0.0399246215820313 0.13690185546875 0.132308959960938
-0.0890579223632812 -0.00340270996093751 0.100570678710938 0.0443954467773437
-0.0810089111328125 -0.01251220703125 0.0561866760253906 -0.026947021484375
-0.0946731567382812 -0.021881103515625 0.0782012939453125 -0.0906295776367188
-0.0850753784179688 -0.054473876953125 0.16497802734375 -0.0976409912109375
-0.059844970703125 -0.0969772338867188 0.275787353515625 -0.0441741943359375
-0.02880859375 -0.14453125 0.3189697265625 0.11492919921875
0.104583740234375 -0.163543701171875 0.245025634765625 0.307891845703125
0.174407958984375 -0.123092651367187 0.102584838867188 0.213653564453125
0.140281677246094 -0.106658935546875 0.0173721313476563 -0.0730209350585938
0.0160675048828125 -0.0387649536132813 0.004638671875 0.0981597900390625
0.021026611328125 -0.0129013061523437 -0.134567260742188 0.151214599609375
0.029022216796875 -0.0291576385498047 -0.0591888427734375 0.266021728515625
-0.006683349609375 -0.0497970581054688 0.07904052734375 0.28668212890625
-0.0342636108398438 -0.0413284301757812 0.170272827148437 0.210525512695312
-0.0633926391601563 -0.0263023376464844 0.185302734375 0.11505126953125
-0.054534912109375 -0.00576019287109375 0.130058288574219 0.029541015625
-0.0517082214355469 -0.0129623413085937 0.0766983032226563 -0.036468505859375
-0.0588493347167969 -0.0231819152832031 0.1131591796875 -0.0843505859375
-0.0416946411132813 -0.0408248901367188 0.214569091796875 -0.0592498779296875
-0.0268096923828125 -0.0600776672363281 0.311737060546875 0.048980712890625
-0.00756072998046874 -0.0925827026367188 0.292572021484375 0.251312255859375
0.0954971313476563 -0.104621887207031 0.144439697265625 0.41412353515625
0.145492553710937 -0.0729827880859375 0.0604095458984375 0.247802734375
0.101821899414063 -0.07147216796875 0.0566940307617188 -0.0744781494140625
-0.00431060791015625 -0.0100336074829102 -0.0496711730957031 0.0666084289550781
0.0012664794921875 0.0191211700439453 -0.01409912109375 -0.232696533203125
-0.0228271484375 0.00706672668457031 -0.1123046875 -0.41595458984375
-0.016021728515625 0.0192489624023438 -0.287139892578125 -0.325286865234375
0.00669097900390625 0.0165367126464844 -0.30462646484375 -0.0782165527343751
0.0208587646484375 0.00924873352050781 -0.201553344726563 0.0764312744140625
0.0159177780151367 0.0107145309448242 -0.0959854125976563 0.0916900634765625
0.0142059326171875 0.00876235961914063 -0.0740737915039063 0.0359573364257812
0.0167407989501953 0.00730323791503906 -0.132469177246094 -0.0324325561523437
0.0160102844238281 0.00318050384521484 -0.178009033203125 -0.105255126953125
0.0162200927734375 0.0106649398803711 -0.187957763671875 -0.171615600585937
0.00896930694580078 0.00996112823486328 -0.116806030273438 -0.234100341796875
0.00077056884765625 0.00581741333007813 0.037811279296875 -0.26318359375
0.00236892700195312 0.00518989562988281 0.084228515625 -0.153167724609375
-0.00572347640991211 -0.00787734985351563 -0.0502090454101563 -0.119834899902344
0.0799713134765625 -0.0592498779296875 -0.0510101318359375 0.0538406372070313
0.108047485351563 -0.0537185668945313 -0.0230712890625 -0.240814208984375
0.0515365600585938 -0.079132080078125 -0.12860107421875 -0.40570068359375
-0.0025634765625 -0.0636138916015625 -0.29974365234375 -0.31561279296875
-0.0157737731933594 -0.0354194641113281 -0.3055419921875 -0.07171630859375
-0.0229587554931641 -0.0120067596435547 -0.198379516601562 0.0804290771484375
-0.0227832794189453 0.00733184814453125 -0.0917282104492187 0.0910797119140625
-0.0247440338134766 0.00620651245117188 -0.0689010620117188 0.0339775085449219
-0.0309715270996094 0.0104084014892578 -0.126113891601563 -0.0360794067382813
-0.0325031280517578 -0.00449180603027343 -0.170501708984375 -0.106643676757812
-0.0187110900878906 -0.0187969207763672 -0.180648803710937 -0.170974731445313
-0.00439643859863281 -0.029541015625 -0.112762451171875 -0.232070922851563
0.0238857269287109 -0.0204486846923828 0.0406494140625 -0.25689697265625
0.0343952178955078 -0.00359153747558594 0.082550048828125 -0.149063110351563
0.0164070129394531 -0.0199546813964844 -0.0563278198242187 -0.119087219238281
0.130020141601563 -0.100860595703125 -0.0355377197265625 0.0390357971191406
0.166122436523437 -0.119338989257813 -0.058135986328125 -0.23846435546875
0.0883636474609375 -0.151901245117188 -0.20721435546875 -0.3382568359375
-0.00529479980468749 -0.132377624511719 -0.342559814453125 -0.2208251953125
-0.0425186157226563 -0.0798721313476563 -0.286468505859375 -0.00808715820312498
-0.06622314453125 -0.0309829711914063 -0.166336059570312 0.10076904296875
-0.0609588623046875 0.00390243530273437 -0.0686798095703125 0.0876922607421875
-0.0590629577636719 0.0033111572265625 -0.0523109436035156 0.025390625
-0.0717926025390625 0.011566162109375 -0.10443115234375 -0.0477523803710937
-0.074615478515625 -0.0120468139648438 -0.139732360839844 -0.118568420410156
-0.0513420104980469 -0.044921875 -0.141983032226563 -0.184127807617187
-0.0222816467285156 -0.064910888671875 -0.0675811767578125 -0.2374267578125
0.0371322631835938 -0.0512771606445312 0.088958740234375 -0.235763549804688
0.0602645874023438 -0.0216217041015625 0.107414245605469 -0.11798095703125
0.0383186340332031 -0.0406608581542969 -0.0539321899414062 -0.104934692382813
0.136116027832031 -0.120613098144531 -0.020263671875 0.0209064483642578
0.158782958984375 -0.153244018554688 -0.12310791015625 -0.203399658203125
0.079559326171875 -0.182846069335937 -0.288299560546875 -0.199737548828125
-0.023590087890625 -0.166488647460938 -0.348419189453125 -0.058135986328125
-0.0690689086914063 -0.105194091796875 -0.226531982421875 0.0837249755859375
-0.101631164550781 -0.0442657470703125 -0.105140686035156 0.125106811523437
-0.0901641845703125 0.00227355957031249 -0.0317764282226563 0.0817489624023437
-0.0837783813476563 0.000267028808593766 -0.0287590026855469 0.0133533477783203
-0.100738525390625 0.00860595703125001 -0.0702629089355469 -0.0650100708007812
-0.105842590332031 -0.0220794677734375 -0.0852508544921875 -0.135772705078125
-0.079376220703125 -0.0686492919921875 -0.06463623046875 -0.200637817382813
-0.043243408203125 -0.0975723266601563 0.023773193359375 -0.2301025390625
0.041259765625 -0.0904922485351563 0.173599243164063 -0.176681518554687
0.0803756713867188 -0.055572509765625 0.142257690429688 -0.05450439453125
0.0640869140625 -0.0697441101074219 -0.0478973388671875 -0.0852279663085938
0.1099853515625 -0.113136291503906 -0.0146675109863281 0.0193519592285156
0.115318298339844 -0.137870788574219 -0.1783447265625 -0.116531372070312
0.05718994140625 -0.163421630859375 -0.298492431640625 -0.0141601562499999
-0.037017822265625 -0.161529541015625 -0.271072387695313 0.11407470703125
-0.084381103515625 -0.109970092773437 -0.118087768554687 0.16412353515625
-0.122100830078125 -0.0479812622070313 -0.0215072631835937 0.139503479003906
-0.105293273925781 0.00157165527343751 0.0138397216796875 0.0705032348632813
-0.0955276489257813 -0.00269317626953125 -0.00148820877075196 -0.000915646553039551
-0.114654541015625 0.00173950195312499 -0.0262832641601563 -0.0810089111328125
-0.120361328125 -0.0347976684570312 -0.00894165039062501 -0.144119262695313
-0.09478759765625 -0.0883941650390625 0.0485076904296875 -0.194854736328125
-0.0595779418945313 -0.127059936523438 0.150375366210938 -0.178756713867188
0.0468292236328125 -0.136337280273438 0.260711669921875 -0.0567626953125
0.104316711425781 -0.0997390747070313 0.163375854492188 0.0366668701171875
0.094818115234375 -0.100677490234375 -0.0373611450195313 -0.0698738098144531
0.07373046875 -0.0852890014648438 -0.0105514526367187 0.0380592346191406
0.074981689453125 -0.09063720703125 -0.189559936523438 -0.00346374511718753
0.0454483032226563 -0.115226745605469 -0.226211547851563 0.1417236328125
-0.0333023071289063 -0.130851745605469 -0.133102416992188 0.228378295898438
-0.0801849365234375 -0.0953521728515625 0.00807189941406251 0.202896118164063
-0.121780395507812 -0.0433578491210938 0.0664825439453125 0.136238098144531
-0.1038818359375 0.00119781494140623 0.0597572326660156 0.0558319091796875
-0.0929183959960938 -0.00630950927734377 0.0262737274169922 -0.0148048400878906
-0.111480712890625 -0.00777435302734376 0.0231399536132812 -0.0899887084960937
-0.112648010253906 -0.0454559326171875 0.0771255493164062 -0.133018493652344
-0.0882110595703125 -0.0996932983398438 0.171371459960937 -0.14434814453125
-0.0561065673828125 -0.145309448242188 0.26318359375 -0.061279296875
0.066925048828125 -0.169296264648438 0.296875 0.11444091796875
0.1378173828125 -0.132476806640625 0.150100708007813 0.132827758789063
0.122238159179687 -0.116706848144531 -0.0183792114257813 -0.0642051696777344
0.0401535034179688 -0.057037353515625 -0.00383758544921875 0.0695991516113281
0.0441665649414063 -0.0434455871582031 -0.159820556640625 0.094451904296875
0.0391426086425781 -0.0675926208496094 -0.123916625976562 0.228363037109375
-0.020721435546875 -0.0890655517578125 0.000686645507812478 0.26953125
-0.0605850219726562 -0.0695419311523438 0.112930297851562 0.20343017578125
-0.0989837646484375 -0.0330352783203125 0.138374328613281 0.1180419921875
-0.0847930908203125 -0.00045013427734375 0.0984039306640625 0.0376129150390625
-0.0762481689453125 -0.00841522216796874 0.051177978515625 -0.0273017883300781
-0.0906143188476563 -0.0157394409179688 0.0679244995117188 -0.0905227661132813
-0.084075927734375 -0.0471420288085937 0.1513671875 -0.102508544921875
-0.06201171875 -0.0892562866210938 0.260574340820313 -0.05657958984375
-0.03369140625 -0.134323120117187 0.311370849609375 0.09442138671875
0.0918731689453125 -0.16180419921875 0.251358032226563 0.279861450195313
0.1597900390625 -0.127059936523438 0.1092529296875 0.202789306640625
0.126556396484375 -0.107315063476562 0.0121917724609375 -0.0677947998046875
0.012298583984375 -0.03607177734375 0.00896453857421875 0.096435546875
0.0195846557617188 -0.0129146575927734 -0.119949340820312 0.152175903320313
0.0272712707519531 -0.0306529998779297 -0.0423583984375 0.256378173828125
-0.00843048095703126 -0.0477180480957031 0.089874267578125 0.2684326171875
-0.0340080261230469 -0.0394554138183594 0.175094604492188 0.188812255859375
-0.0620231628417969 -0.0224189758300781 0.183273315429688 0.0985565185546875
-0.0517425537109375 -0.00424957275390624 0.125236511230469 0.022186279296875
-0.0484580993652344 -0.00939559936523437 0.0698280334472656 -0.0371360778808594
-0.0571403503417969 -0.0183143615722656 0.100906372070312 -0.08673095703125
-0.0429878234863281 -0.0368270874023437 0.200698852539063 -0.06854248046875
-0.0286140441894531 -0.0567665100097656 0.300201416015625 0.030975341796875
-0.0114822387695313 -0.085845947265625 0.293853759765625 0.22625732421875
0.0869369506835937 -0.105453491210938 0.158294677734375 0.3868408203125
0.13507080078125 -0.0795135498046875 0.0681915283203125 0.23724365234375
0.0922317504882813 -0.0719223022460938 0.04876708984375 -0.0709991455078125
-0.00506877899169922 -0.0090789794921875 -0.0446853637695313 0.0631904602050781
0.00209999084472656 0.0175619125366211 -0.0133819580078125 -0.228958129882812
-0.0226821899414063 0.00766372680664063 -0.111572265625 -0.40362548828125
-0.0152397155761719 0.0193157196044922 -0.283416748046875 -0.312835693359375
0.00613498687744141 0.0158624649047852 -0.29693603515625 -0.07220458984375
0.0181941986083984 0.00815200805664063 -0.193878173828125 0.07586669921875
0.0155181884765625 0.0100498199462891 -0.0893402099609375 0.0894317626953125
0.014866828918457 0.00844001770019531 -0.0696334838867188 0.0348129272460938
0.017359733581543 0.00770759582519531 -0.128761291503906 -0.0301132202148437
0.0156679153442383 0.00302791595458984 -0.17388916015625 -0.100357055664063
0.0160818099975586 0.00963401794433594 -0.184951782226563 -0.163421630859375
0.00928688049316406 0.00968837738037109 -0.11688232421875 -0.2249755859375
-1.85966491699216E-05 0.00535058975219727 0.0330810546875 -0.256210327148438
0.00244331359863281 0.00440311431884766 0.0825958251953125 -0.151641845703125
-0.00505399703979492 -0.00718450546264649 -0.047119140625 -0.118766784667969
0.0756759643554688 -0.0574188232421875 -0.0468177795410156 0.0516090393066406
0.104484558105469 -0.0529708862304687 -0.0226898193359375 -0.235610961914063
0.0489959716796875 -0.07708740234375 -0.1280517578125 -0.393463134765625
-0.00293731689453125 -0.0618705749511719 -0.296722412109375 -0.30169677734375
-0.0162792205810547 -0.0348777770996094 -0.29833984375 -0.064239501953125
-0.0239295959472656 -0.0119533538818359 -0.190536499023438 0.079742431640625
-0.0226364135742188 0.00648498535156251 -0.0856170654296875 0.0887298583984375
-0.0225143432617188 0.00665092468261719 -0.0651016235351562 0.0329017639160156
-0.0292510986328125 0.0109138488769531 -0.123321533203125 -0.033966064453125
-0.0315189361572266 -0.00371360778808594 -0.16693115234375 -0.10272216796875
-0.0180110931396484 -0.0189723968505859 -0.178665161132813 -0.162261962890625
-0.00409126281738281 -0.02880859375 -0.113204956054688 -0.22296142578125
0.0238761901855469 -0.0211753845214844 0.0359649658203125 -0.250503540039063
0.0343189239501953 -0.00441741943359375 0.0811920166015625 -0.147048950195313
0.0160980224609375 -0.0179023742675781 -0.0531997680664063 -0.117393493652344
0.125282287597656 -0.0982284545898438 -0.0319252014160156 0.0358772277832031
0.159957885742188 -0.117416381835938 -0.0578155517578125 -0.235000610351563
0.084320068359375 -0.148544311523438 -0.203338623046875 -0.328857421875
-0.00651550292968749 -0.12786865234375 -0.337738037109375 -0.208984375
-0.04278564453125 -0.0772018432617187 -0.278045654296875 -0.00245666503906256
-0.0654029846191406 -0.0292854309082031 -0.159210205078125 0.098724365234375
-0.0599021911621094 0.00343704223632811 -0.0635757446289063 0.0849227905273438
-0.0558700561523438 0.00309371948242188 -0.049530029296875 0.0241012573242188
-0.0683212280273438 0.011962890625 -0.103248596191406 -0.0459136962890625
-0.0724105834960938 -0.0109100341796875 -0.137649536132813 -0.115058898925781
-0.0504684448242187 -0.0443077087402344 -0.140853881835937 -0.176345825195313
-0.0213737487792969 -0.0632476806640625 -0.068634033203125 -0.228805541992188
0.0374641418457031 -0.0511589050292969 0.083526611328125 -0.23126220703125
0.0596427917480469 -0.0218315124511719 0.106391906738281 -0.116889953613281
0.03717041015625 -0.0370559692382813 -0.05023193359375 -0.102806091308594
0.130287170410156 -0.115974426269531 -0.0187568664550781 0.0188922882080078
0.151901245117188 -0.149154663085938 -0.1220703125 -0.199783325195313
0.076171875 -0.178665161132813 -0.2828369140625 -0.192138671875
-0.0245819091796875 -0.1611328125 -0.341400146484375 -0.051300048828125
-0.0679473876953125 -0.101898193359375 -0.2188720703125 0.085479736328125
-0.0992965698242188 -0.0417327880859375 -0.0997085571289063 0.121444702148437
-0.08770751953125 0.00146484374999999 -0.028167724609375 0.0783920288085938
-0.0801620483398438 0.000129699707031243 -0.0269546508789063 0.0123424530029297
-0.0958404541015625 0.00930786132812502 -0.0702857971191406 -0.0627098083496094
-0.101905822753906 -0.0204315185546875 -0.0852279663085937 -0.1328125
-0.077972412109375 -0.0666275024414063 -0.06561279296875 -0.193466186523438
-0.041961669921875 -0.0947189331054688 0.021209716796875 -0.223373413085938
0.0413589477539062 -0.0889129638671875 0.167327880859375 -0.175811767578125
0.0788192749023438 -0.05419921875 0.14178466796875 -0.055267333984375
0.06097412109375 -0.0653648376464844 -0.0441970825195312 -0.0829086303710938
0.105155944824219 -0.108253479003906 -0.0138759613037109 0.0180892944335937
0.110496520996094 -0.132606506347656 -0.1766357421875 -0.114044189453125
0.055328369140625 -0.158935546875 -0.290679931640625 -0.01214599609375
-0.0373687744140625 -0.15594482421875 -0.264068603515625 0.11627197265625
-0.0822372436523438 -0.106369018554687 -0.112625122070312 0.160842895507813
-0.119270324707031 -0.0454483032226563 -0.0182342529296875 0.134323120117188
-0.102775573730469 0.000801086425781229 0.0154876708984375 0.06787109375
-0.0914382934570312 -0.00330352783203124 -0.00107908248901368 -0.00128078460693359
-0.109909057617188 0.00245666503906252 -0.0285873413085938 -0.0781707763671875
-0.116104125976562 -0.032440185546875 -0.0114593505859375 -0.142105102539063
-0.0927886962890625 -0.085540771484375 0.0444183349609375 -0.190322875976563
-0.0572662353515625 -0.122283935546875 0.144393920898438 -0.175537109375
0.0456924438476562 -0.133316040039063 0.25396728515625 -0.0604705810546875
0.101356506347656 -0.0981979370117188 0.162826538085937 0.0350799560546875
0.089874267578125 -0.0951614379882813 -0.0346450805664063 -0.0661392211914063
0.07073974609375 -0.0809783935546875 -0.0101814270019531 0.0380516052246094
0.072113037109375 -0.086151123046875 -0.185745239257813 -0.00205993652343751
0.0446090698242187 -0.11260986328125 -0.218582153320312 0.139480590820313
-0.0332412719726563 -0.126800537109375 -0.1279296875 0.224716186523437
-0.0784683227539063 -0.0930938720703125 0.010528564453125 0.195068359375
-0.118385314941406 -0.0409393310546875 0.0670318603515625 0.129638671875
-0.101181030273437 0.00047302246093752 0.060089111328125 0.0532875061035156
-0.0891265869140625 -0.00660705566406249 0.0253715515136719 -0.0146598815917969
-0.107131958007813 -0.00656890869140626 0.0188674926757812 -0.0872879028320313
-0.109909057617188 -0.0427703857421875 0.0725326538085937 -0.13116455078125
-0.0869979858398437 -0.0960311889648438 0.164566040039063 -0.142425537109375
-0.0545806884765625 -0.139404296875 0.256149291992188 -0.0623931884765625
0.06439208984375 -0.166122436523438 0.291168212890625 0.10595703125
0.132476806640625 -0.1312255859375 0.15045166015625 0.130050659179688
0.115921020507813 -0.111907958984375 -0.0179557800292969 -0.0598220825195313
0.0384521484375 -0.0534400939941406 -0.00274658203125 0.0693283081054688
0.0432548522949219 -0.040557861328125 -0.154953002929688 0.093475341796875
0.0386390686035156 -0.066802978515625 -0.117355346679688 0.222763061523437
-0.0200881958007813 -0.08673095703125 0.0031890869140625 0.261703491210938
-0.0593757629394531 -0.0684700012207031 0.112152099609375 0.193756103515625
-0.0967254638671875 -0.0315780639648437 0.136436462402344 0.111465454101563
-0.0817718505859375 -0.00147247314453127 0.0962753295898437 0.0363006591796875
-0.0724334716796875 -0.00879669189453125 0.0488128662109375 -0.0253944396972656
-0.0872879028320313 -0.0133514404296875 0.0625228881835938 -0.0885391235351563
-0.0822296142578125 -0.0445327758789063 0.14520263671875 -0.102828979492188
-0.0611343383789063 -0.08642578125 0.252960205078125 -0.0577545166015625
-0.0329513549804687 -0.128204345703125 0.305389404296875 0.088409423828125
0.08795166015625 -0.158950805664063 0.24786376953125 0.268310546875
0.153411865234375 -0.126953125 0.109085083007813 0.19989013671875
0.120079040527344 -0.103309631347656 0.0110588073730469 -0.0632400512695313
0.0116386413574219 -0.0338306427001953 0.0100326538085938 0.0959014892578125
0.0194244384765625 -0.0117053985595703 -0.114990234375 0.1497802734375
0.0269870758056641 -0.0311069488525391 -0.0388336181640625 0.24920654296875
-0.00875473022460938 -0.0465660095214844 0.0901336669921875 0.258651733398438
-0.03314208984375 -0.0396270751953125 0.172637939453125 0.17755126953125
-0.060577392578125 -0.0221939086914062 0.1796875 0.092254638671875
-0.0497093200683594 -0.005340576171875 0.122001647949219 0.0213165283203125
-0.0455551147460938 -0.00921249389648437 0.066314697265625 -0.03424072265625
-0.0549240112304688 -0.0159912109375 0.0947799682617188 -0.0856246948242188
-0.0429801940917969 -0.0345611572265625 0.193618774414063 -0.0701446533203125
-0.0286178588867188 -0.055755615234375 0.292449951171875 0.026824951171875
-0.0114593505859375 -0.0814895629882813 0.289093017578125 0.21728515625
0.08294677734375 -0.104354858398438 0.157562255859375 0.375213623046875
0.130218505859375 -0.0805740356445313 0.067291259765625 0.233932495117188
0.087432861328125 -0.0694732666015625 0.0452804565429688 -0.066162109375
-0.00585317611694336 -0.00818681716918945 -0.0426750183105469 0.0611305236816406
0.003204345703125 0.0174160003662109 -0.0122833251953125 -0.234786987304688
-0.0227813720703125 0.00937080383300781 -0.11383056640625 -0.409912109375
-0.0147285461425781 0.0200214385986328 -0.290435791015625 -0.315826416015625
0.00564384460449219 0.0156984329223633 -0.300811767578125 -0.071441650390625
0.0164403915405273 0.0084686279296875 -0.195693969726563 0.0777130126953125
0.0153875350952148 0.00996494293212891 -0.0882186889648438 0.0896224975585938
0.0158185958862305 0.00837802886962891 -0.0684471130371094 0.0338630676269531
0.0185546875 0.00767135620117187 -0.1309814453125 -0.029876708984375
0.0161867141723633 0.00366783142089844 -0.177627563476562 -0.101165771484375
0.0163946151733398 0.00917148590087891 -0.190597534179687 -0.163604736328125
0.0101509094238281 0.00951862335205078 -0.120468139648438 -0.226303100585937
-0.00100374221801758 0.00478410720825195 0.0311737060546875 -0.26043701171875
0.00249052047729492 0.00365328788757324 0.085479736328125 -0.15625
-0.0044560432434082 -0.00703334808349609 -0.0457077026367188 -0.122970581054688
0.075836181640625 -0.0577468872070313 -0.0454978942871094 0.0504493713378906
0.106422424316406 -0.0540542602539063 -0.0219573974609375 -0.2413330078125
0.0504226684570313 -0.0780410766601563 -0.1304931640625 -0.39874267578125
-0.00323104858398437 -0.0626144409179688 -0.3035888671875 -0.3043212890625
-0.0176811218261719 -0.0354270935058594 -0.302459716796875 -0.0607910156249999
-0.0255947113037109 -0.0115222930908203 -0.192520141601562 0.0811920166015625
-0.0240135192871094 0.00619697570800781 -0.08367919921875 0.0891342163085937
-0.0219192504882813 0.00597572326660157 -0.0644111633300781 0.0322227478027344
-0.0276470184326172 0.0120258331298828 -0.126609802246094 -0.0340347290039062
-0.0319938659667969 -0.00356483459472656 -0.1708984375 -0.10400390625
-0.0193386077880859 -0.0197868347167969 -0.1824951171875 -0.162673950195313
-0.00351333618164063 -0.0295581817626953 -0.115997314453125 -0.223602294921875
0.0240459442138672 -0.0227317810058594 0.0338134765625 -0.255233764648438
0.0356559753417969 -0.00522232055664063 0.08367919921875 -0.151657104492187
0.0170955657958984 -0.0167551040649414 -0.0518341064453125 -0.120582580566406
0.125862121582031 -0.0992813110351563 -0.0309848785400391 0.0343780517578125
0.161331176757813 -0.118804931640625 -0.0591278076171875 -0.241058349609375
0.08599853515625 -0.151031494140625 -0.207061767578125 -0.335174560546875
-0.0074005126953125 -0.129196166992188 -0.34454345703125 -0.209014892578125
-0.0442581176757812 -0.0775680541992188 -0.28216552734375 0.000762939453124953
-0.0669975280761719 -0.0282058715820313 -0.15985107421875 0.100494384765625
-0.0614356994628906 0.00360107421874999 -0.0623016357421875 0.0849838256835938
-0.0560874938964844 0.00267410278320314 -0.0486030578613281 0.0235824584960937
-0.067535400390625 0.012420654296875 -0.105842590332031 -0.0461807250976563
-0.0729904174804688 -0.0100936889648437 -0.142044067382812 -0.117630004882813
-0.0521583557128906 -0.0454902648925781 -0.144729614257812 -0.177230834960938
-0.0209083557128906 -0.0646286010742188 -0.0711212158203125 -0.230621337890625
0.0387535095214844 -0.053070068359375 0.0829620361328125 -0.2364501953125
0.0617790222167969 -0.0227279663085938 0.109855651855469 -0.120872497558594
0.0383415222167969 -0.03570556640625 -0.0490875244140625 -0.105415344238281
0.131462097167969 -0.117652893066406 -0.0181350708007812 0.0176982879638672
0.15301513671875 -0.150802612304688 -0.125762939453125 -0.205001831054688
0.0775146484375 -0.180953979492188 -0.288360595703125 -0.194610595703125
-0.0257415771484375 -0.161819458007813 -0.34820556640625 -0.047393798828125
-0.0696640014648437 -0.102767944335938 -0.2208251953125 0.0888824462890625
-0.101043701171875 -0.0404205322265625 -0.0994796752929688 0.122703552246094
-0.0899734497070313 0.00185394287109376 -0.0261077880859375 0.0782852172851563
-0.08062744140625 -0.000579833984375015 -0.0267353057861328 0.0116901397705078
-0.0957794189453125 0.00960540771484375 -0.0734939575195313 -0.0633316040039063
-0.1031494140625 -0.0197219848632812 -0.0896682739257813 -0.135574340820312
-0.0793075561523437 -0.0681838989257813 -0.068695068359375 -0.195022583007813
-0.0413665771484375 -0.095550537109375 0.0203704833984375 -0.226608276367188
0.0429306030273437 -0.0910797119140625 0.168685913085938 -0.180892944335938
0.080657958984375 -0.0554275512695313 0.147476196289063 -0.0578460693359375
0.0615348815917969 -0.0628623962402344 -0.0425491333007813 -0.0834732055664062
0.105995178222656 -0.108451843261719 -0.0132923126220703 0.0176410675048828
0.111671447753906 -0.132743835449219 -0.181320190429688 -0.116073608398438
0.056488037109375 -0.160720825195313 -0.295562744140625 -0.011749267578125
-0.0378265380859375 -0.15704345703125 -0.268722534179688 0.12176513671875
-0.0836715698242188 -0.107460021972656 -0.113067626953125 0.1644287109375
-0.121147155761719 -0.044342041015625 -0.0170364379882813 0.134803771972656
-0.105064392089844 0.000663757324218752 0.0174064636230469 0.0678977966308594
-0.0924301147460938 -0.00405120849609375 -0.00084149837493897 -0.00113534927368164
-0.109931945800781 0.00274658203125002 -0.0313186645507813 -0.0790176391601563
-0.117439270019531 -0.0315170288085938 -0.014495849609375 -0.145172119140625
-0.0947723388671875 -0.08709716796875 0.043426513671875 -0.1932373046875
-0.0569992065429688 -0.122779846191406 0.14617919921875 -0.178817749023438
0.0469894409179687 -0.136268615722656 0.258270263671875 -0.0645294189453125
0.10205078125 -0.100028991699219 0.169998168945312 0.0350494384765625
0.0899276733398437 -0.0941696166992187 -0.0331153869628906 -0.0655708312988281
0.0711517333984375 -0.0804977416992188 -0.00945281982421874 0.0389518737792969
0.07379150390625 -0.0849533081054688 -0.189651489257813 -0.00115966796874997
0.0468215942382813 -0.114120483398438 -0.220993041992188 0.141830444335937
-0.0330963134765625 -0.127296447753906 -0.12921142578125 0.230377197265625
-0.0796279907226563 -0.0952606201171875 0.011474609375 0.1971435546875
-0.120491027832031 -0.0408401489257812 0.069580078125 0.129531860351563
-0.103492736816406 -0.000389099121093728 0.0620841979980469 0.0533065795898438
-0.0901718139648438 -0.00789642333984375 0.0254058837890625 -0.0140514373779297
-0.1072998046875 -0.00585174560546873 0.016510009765625 -0.088134765625
-0.110816955566406 -0.042083740234375 0.070709228515625 -0.135002136230469
-0.0886688232421875 -0.0965499877929688 0.166259765625 -0.146102905273438
-0.0547943115234375 -0.139488220214844 0.261642456054688 -0.0648040771484375
0.0642852783203125 -0.169448852539063 0.2967529296875 0.104644775390625
0.132186889648438 -0.134590148925781 0.156478881835937 0.134078979492188
0.116035461425781 -0.111045837402344 -0.017364501953125 -0.057891845703125
0.0392303466796875 -0.0524978637695312 -0.001617431640625 0.0721282958984375
0.0450553894042969 -0.039398193359375 -0.157669067382813 0.0963287353515625
0.0401954650878906 -0.0682029724121094 -0.117645263671875 0.2257080078125
-0.0202865600585937 -0.087799072265625 0.00482177734375 0.26556396484375
-0.0606307983398437 -0.0707855224609375 0.11480712890625 0.193008422851563
-0.0984725952148437 -0.0322265625 0.139129638671875 0.110771179199219
-0.0839004516601563 -0.00255584716796875 0.0987777709960938 0.0368881225585938
-0.073089599609375 -0.0100860595703125 0.0487823486328125 -0.0242958068847656
-0.0874862670898438 -0.0127410888671875 0.060882568359375 -0.0893783569335937
-0.0837478637695313 -0.0436935424804687 0.144805908203125 -0.106521606445312
-0.0631484985351563 -0.0871658325195312 0.2568359375 -0.0615386962890625
-0.03369140625 -0.128395080566406 0.31182861328125 0.08868408203125
0.0880584716796875 -0.162811279296875 0.253158569335938 0.270843505859375
0.154083251953125 -0.130584716796875 0.112884521484375 0.205810546875
0.120498657226563 -0.103263854980469 0.0104904174804688 -0.0604476928710938
0.0121631622314453 -0.0331535339355469 0.0112838745117187 0.0995712280273437
0.0208301544189453 -0.0109176635742188 -0.1158447265625 0.15350341796875
0.0278434753417969 -0.0321292877197266 -0.0376739501953125 0.252838134765625
-0.0083465576171875 -0.0474395751953125 0.09307861328125 0.260528564453125
-0.0342292785644531 -0.0414314270019531 0.176544189453125 0.175918579101562
-0.0623435974121094 -0.0224380493164062 0.183319091796875 0.090576171875
-0.0511245727539063 -0.00650405883789063 0.123786926269531 0.02178955078125
-0.0451774597167969 -0.0106849670410156 0.0665283203125 -0.03289794921875
-0.0554733276367188 -0.0151329040527344 0.0935821533203125 -0.0869064331054688
-0.0444984436035156 -0.0342369079589844 0.195114135742187 -0.07427978515625
-0.02972412109375 -0.0567474365234375 0.297332763671875 0.024383544921875
-0.011260986328125 -0.0814056396484375 0.29571533203125 0.22021484375
0.0832672119140625 -0.107856750488281 0.15997314453125 0.378326416015625
0.130897521972656 -0.08355712890625 0.06878662109375 0.241180419921875
0.0876998901367188 -0.068817138671875 0.0447196960449219 -0.0633163452148438
-0.0069422721862793 -0.0077357292175293 -0.0396080017089844 0.0613479614257812
0.00517463684082031 0.0166492462158203 -0.020751953125 -0.246780395507813
-0.0226154327392578 0.0112934112548828 -0.13409423828125 -0.420623779296875
-0.0139522552490234 0.0217304229736328 -0.314727783203125 -0.313568115234375
0.00601673126220703 0.0161075592041016 -0.31524658203125 -0.0596923828125
0.0156335830688477 0.00871658325195313 -0.1998291015625 0.088592529296875
0.0158748626708984 0.00956439971923828 -0.0856857299804687 0.0953903198242188
0.0177631378173828 0.00821304321289063 -0.0686531066894531 0.0362892150878906
0.0208091735839844 0.00738716125488281 -0.137397766113281 -0.0254974365234375
0.016413688659668 0.00371170043945313 -0.18914794921875 -0.096923828125
0.0169658660888672 0.00877952575683594 -0.20550537109375 -0.159774780273438
0.0108871459960937 0.00941944122314453 -0.135482788085938 -0.227767944335938
-0.00202560424804688 0.00494098663330078 0.0206756591796875 -0.271621704101563
0.00249409675598145 0.00301575660705566 0.0838165283203125 -0.168014526367188
-0.00398635864257813 -0.00686502456665039 -0.0513763427734375 -0.127944946289063
0.075042724609375 -0.0619354248046875 -0.0430679321289062 0.0507469177246094
0.108451843261719 -0.0610122680664063 -0.030792236328125 -0.25250244140625
0.049835205078125 -0.082672119140625 -0.15020751953125 -0.41009521484375
-0.0059661865234375 -0.0643348693847656 -0.32806396484375 -0.301116943359375
-0.0202560424804688 -0.0359268188476562 -0.31597900390625 -0.04791259765625
-0.0283927917480469 -0.00955581665039063 -0.195709228515625 0.0929107666015625
-0.0258369445800781 0.00759506225585938 -0.0811309814453125 0.0939865112304687
-0.0220088958740234 0.00670623779296875 -0.0645179748535156 0.03436279296875
-0.0270538330078125 0.0136260986328125 -0.133522033691406 -0.0297622680664062
-0.0332107543945313 -0.00178718566894531 -0.183334350585938 -0.101119995117187
-0.0215263366699219 -0.0203590393066406 -0.197830200195313 -0.158645629882812
-0.00469970703125 -0.0309410095214844 -0.130722045898437 -0.225494384765625
0.0232830047607422 -0.0253181457519531 0.023345947265625 -0.266708374023438
0.0370903015136719 -0.00784683227539063 0.0822296142578125 -0.162918090820312
0.0181007385253906 -0.0165863037109375 -0.0566177368164063 -0.125160217285156
0.124977111816406 -0.106880187988281 -0.0291671752929687 0.0335960388183594
0.16253662109375 -0.130340576171875 -0.0711212158203125 -0.250640869140625
0.0839385986328125 -0.160171508789063 -0.229339599609375 -0.34033203125
-0.0128250122070312 -0.133132934570313 -0.36798095703125 -0.200042724609375
-0.04913330078125 -0.078033447265625 -0.291351318359375 0.01507568359375
-0.0706939697265625 -0.0252304077148438 -0.160568237304688 0.110580444335937
-0.06439208984375 0.00697326660156249 -0.058837890625 0.0893478393554687
-0.0577201843261719 0.00461196899414063 -0.0489158630371094 0.0249862670898438
-0.0679435729980469 0.0158920288085937 -0.112968444824219 -0.0430450439453125
-0.0759811401367188 -0.00734710693359375 -0.155029296875 -0.116180419921875
-0.0565986633300781 -0.0450477600097656 -0.159210205078125 -0.17626953125
-0.0235214233398437 -0.0663719177246094 -0.083831787109375 -0.234939575195312
0.0382118225097656 -0.0575790405273438 0.07550048828125 -0.2493896484375
0.0637359619140625 -0.0267372131347656 0.112213134765625 -0.132606506347656
0.0391311645507813 -0.0355186462402344 -0.053375244140625 -0.108375549316406
0.130401611328125 -0.125938415527344 -0.0170021057128906 0.0164213180541992
0.152359008789063 -0.161331176757813 -0.140213012695312 -0.20965576171875
0.0736083984375 -0.191162109375 -0.309326171875 -0.1917724609375
-0.0330810546875 -0.166000366210938 -0.3658447265625 -0.031646728515625
-0.0765533447265625 -0.10345458984375 -0.224517822265625 0.103912353515625
-0.106330871582031 -0.0366973876953125 -0.0967330932617187 0.130973815917969
-0.0935592651367188 0.00621032714843749 -0.0227432250976563 0.0808792114257813
-0.083465576171875 0.00175476074218748 -0.0268650054931641 0.0125961303710938
-0.0976638793945313 0.013031005859375 -0.0806655883789062 -0.0619354248046875
-0.107124328613281 -0.01593017578125 -0.102142333984375 -0.137741088867188
-0.0861282348632813 -0.0675277709960938 -0.0811767578125 -0.19873046875
-0.0457611083984375 -0.0972137451171875 0.0111083984375 -0.236068725585938
0.0412979125976563 -0.0971298217773438 0.167037963867187 -0.19671630859375
0.08184814453125 -0.0607070922851563 0.154434204101563 -0.067657470703125
0.0620689392089844 -0.064849853515625 -0.0451736450195312 -0.0850601196289062
0.104713439941406 -0.115234375 -0.0126571655273437 0.0176162719726562
0.110366821289063 -0.140174865722656 -0.19537353515625 -0.113983154296875
0.053924560546875 -0.169479370117188 -0.30865478515625 -0.000274658203125013
-0.0449066162109375 -0.16015625 -0.274383544921875 0.140518188476562
-0.0914840698242188 -0.108917236328125 -0.110214233398437 0.175796508789063
-0.126930236816406 -0.0402145385742188 -0.0112686157226562 0.140037536621094
-0.109672546386719 0.00548553466796873 0.0221633911132812 0.0689964294433594
-0.095855712890625 -0.0018157958984375 -0.00140178203582764 -0.00176441669464111
-0.111968994140625 0.006744384765625 -0.037628173828125 -0.0793914794921875
-0.122596740722656 -0.027587890625 -0.0248870849609375 -0.151123046875
-0.10198974609375 -0.0858078002929687 0.0355682373046875 -0.201919555664062
-0.0632705688476563 -0.124435424804687 0.145477294921875 -0.192276000976563
0.0433349609375 -0.14288330078125 0.265411376953125 -0.0788421630859375
0.101882934570313 -0.107688903808594 0.182296752929688 0.028961181640625
0.0899429321289063 -0.0978851318359375 -0.0349159240722656 -0.065032958984375
0.069976806640625 -0.0848464965820313 -0.00791549682617187 0.0409774780273437
0.0736846923828125 -0.0893096923828125 -0.1982421875 0.00659179687499999
0.0458526611328125 -0.120887756347656 -0.224685668945313 0.155731201171875
-0.0381546020507812 -0.130363464355469 -0.1243896484375 0.2459716796875
-0.0871810913085938 -0.096435546875 0.019866943359375 0.20330810546875
-0.126655578613281 -0.0370559692382813 0.0770111083984375 0.130134582519531
-0.107994079589844 0.00402832031250002 0.0671424865722656 0.0527915954589844
-0.0937423706054688 -0.00566864013671874 0.0255775451660156 -0.0149326324462891
-0.10980224609375 -0.00202941894531249 0.011688232421875 -0.091278076171875
-0.116119384765625 -0.037841796875 0.06439208984375 -0.144119262695313
-0.0964202880859375 -0.0960464477539062 0.165878295898438 -0.159469604492188
-0.0609588623046875 -0.141311645507813 0.270523071289063 -0.0790863037109375
0.059051513671875 -0.178436279296875 0.312744140625 0.096160888671875
0.130630493164063 -0.1448974609375 0.172073364257813 0.1341552734375
0.115211486816406 -0.116973876953125 -0.0189476013183594 -0.0561637878417969
0.0380592346191406 -0.0546875 0.00186920166015626 0.0759124755859375
0.0464401245117188 -0.040924072265625 -0.159194946289062 0.107620239257813
0.0410003662109375 -0.0726470947265625 -0.112274169921875 0.238784790039063
-0.0239028930664063 -0.0903854370117187 0.0159149169921875 0.275100708007813
-0.0666732788085938 -0.0722274780273437 0.126495361328125 0.193511962890625
-0.103912353515625 -0.0289764404296875 0.148544311523438 0.107025146484375
-0.0878982543945313 0.000846862792968756 0.104713439941406 0.0346221923828125
-0.0764617919921875 -0.00874328613281248 0.04937744140625 -0.0259056091308594
-0.0898895263671875 -0.00925445556640626 0.0572891235351562 -0.0940093994140625
-0.088409423828125 -0.0406417846679688 0.142913818359375 -0.118270874023438
-0.0694580078125 -0.0875778198242187 0.263763427734375 -0.075897216796875
-0.0387420654296875 -0.130363464355469 0.329498291015625 0.07855224609375
0.0833282470703125 -0.173263549804688 0.272933959960938 0.271591186523438
0.152862548828125 -0.1427001953125 0.127838134765625 0.2130126953125
0.120010375976562 -0.109870910644531 0.00848007202148438 -0.0587348937988281
0.0107860565185547 -0.0344181060791016 0.0168533325195312 0.105140686035156
0.0219135284423828 -0.0115184783935547 -0.113006591796875 0.1658935546875
0.0283985137939453 -0.0349769592285156 -0.027313232421875 0.263320922851563
-0.010345458984375 -0.049102783203125 0.107269287109375 0.26470947265625
-0.0378761291503906 -0.0433349609375 0.189208984375 0.170974731445313
-0.06610107421875 -0.02056884765625 0.193496704101563 0.08392333984375
-0.05377197265625 -0.00520706176757813 0.130043029785156 0.0186004638671875
-0.0474281311035156 -0.0105667114257812 0.0669746398925781 -0.0345039367675781
-0.0571823120117188 -0.0125198364257812 0.090667724609375 -0.0929641723632812
-0.0481033325195313 -0.0329513549804688 0.19708251953125 -0.0871734619140625
-0.0338630676269531 -0.0578155517578125 0.30975341796875 0.010498046875
-0.0142974853515625 -0.0827255249023438 0.316680908203125 0.21539306640625
0.0806427001953125 -0.116065979003906 0.1796875 0.387176513671875
0.130775451660156 -0.0926589965820312 0.0811309814453125 0.252288818359375
0.0875167846679688 -0.0736770629882813 0.042755126953125 -0.0635299682617187
-0.00844478607177734 -0.00699567794799805 -0.0344924926757813 0.0599899291992187
0.00665760040283203 0.015380859375 -0.0393524169921875 -0.25115966796875
-0.0210628509521484 0.0139694213867188 -0.168243408203125 -0.41497802734375
-0.011749267578125 0.0236148834228516 -0.343780517578125 -0.290985107421875
0.00727653503417969 0.0160293579101563 -0.322723388671875 -0.033538818359375
0.0157051086425781 0.00923538208007813 -0.194229125976563 0.106475830078125
0.0158586502075195 0.00907707214355469 -0.0771331787109375 0.101531982421875
0.0188236236572266 0.00667762756347656 -0.0659599304199219 0.0403633117675781
0.0224609375 0.00535202026367187 -0.141311645507812 -0.0145721435546875
0.0175209045410156 0.00299549102783203 -0.199813842773438 -0.082305908203125
0.0169668197631836 0.00802040100097656 -0.220977783203125 -0.142745971679687
0.0119333267211914 0.00843524932861328 -0.155868530273438 -0.2178955078125
-0.00313949584960938 0.00595903396606445 -0.00160217285156253 -0.275726318359375
0.00218033790588379 0.00218093395233154 0.0729217529296875 -0.179916381835938
-0.00335025787353516 -0.00633049011230469 -0.0604934692382813 -0.12786865234375
0.0700645446777344 -0.06732177734375 -0.0393180847167969 0.0504570007324219
0.105216979980469 -0.0706024169921875 -0.0499420166015625 -0.255355834960938
0.04449462890625 -0.0881500244140625 -0.183624267578125 -0.404144287109375
-0.0107612609863281 -0.0642356872558594 -0.35546875 -0.276031494140625
-0.0242290496826172 -0.0341835021972656 -0.321807861328125 -0.02105712890625
-0.0299720764160156 -0.00562095642089844 -0.189559936523438 0.109832763671875
-0.0259742736816406 0.0112380981445313 -0.0730972290039063 0.0992355346679688
-0.0209274291992188 0.00758743286132813 -0.0617752075195312 0.0380592346191406
-0.0249385833740234 0.0152664184570312 -0.137611389160156 -0.01904296875
-0.0333766937255859 0.00175857543945313 -0.195236206054688 -0.08734130859375
-0.0241985321044922 -0.0180492401123047 -0.213241577148438 -0.142532348632813
-0.00689697265625 -0.0311412811279297 -0.150527954101562 -0.215728759765625
0.0206928253173828 -0.0276393890380859 0.00177001953125003 -0.270599365234375
0.0367012023925781 -0.0110244750976563 0.07208251953125 -0.173675537109375
0.0182971954345703 -0.0168724060058594 -0.0658340454101562 -0.124099731445313
0.116607666015625 -0.116348266601563 -0.0263309478759766 0.0324649810791016
0.15386962890625 -0.143569946289063 -0.0920867919921875 -0.251113891601562
0.0728607177734375 -0.168563842773438 -0.25909423828125 -0.3277587890625
-0.0228347778320312 -0.132614135742188 -0.387542724609375 -0.171112060546875
-0.0567092895507813 -0.0743942260742188 -0.2923583984375 0.0413818359374999
-0.0730209350585937 -0.0183029174804688 -0.1529541015625 0.124481201171875
-0.0645294189453125 0.013092041015625 -0.0505828857421875 0.0932159423828125
-0.0575180053710938 0.008209228515625 -0.0473861694335938 0.0279388427734375
-0.0665969848632813 0.0203971862792969 -0.1182861328125 -0.0341567993164063
-0.0768280029296875 -0.000923156738281242 -0.168563842773438 -0.1046142578125
-0.0617713928222656 -0.0408973693847656 -0.175018310546875 -0.1639404296875
-0.0287361145019531 -0.0653839111328125 -0.103118896484375 -0.229537963867188
0.0344352722167969 -0.0615158081054687 0.0557861328125 -0.258071899414063
0.0628738403320312 -0.0317001342773438 0.105072021484375 -0.145034790039063
0.0384178161621094 -0.0362968444824219 -0.059844970703125 -0.106864929199219
0.119888305664063 -0.135337829589844 -0.0154399871826172 0.0148105621337891
0.14093017578125 -0.173828125 -0.159469604492188 -0.203048706054688
0.060760498046875 -0.199142456054688 -0.32891845703125 -0.170135498046875
-0.0453643798828125 -0.16448974609375 -0.370758056640625 0.000579833984375006
-0.0855712890625 -0.0977706909179687 -0.217788696289063 0.124710083007812
-0.108932495117188 -0.0271682739257813 -0.0870361328125 0.139656066894531
-0.0944061279296875 0.0142364501953125 -0.0152969360351562 0.082427978515625
-0.0834579467773438 0.00774383544921875 -0.0258579254150391 0.0138206481933594
-0.0968475341796875 0.0200653076171875 -0.087432861328125 -0.0555038452148438
-0.108795166015625 -0.00741577148437499 -0.117599487304688 -0.130340576171875
-0.0924758911132813 -0.0614700317382813 -0.09857177734375 -0.192779541015625
-0.0526809692382813 -0.0953903198242187 -0.007080078125 -0.238601684570313
0.0347213745117188 -0.100975036621094 0.153488159179688 -0.2119140625
0.0785675048828125 -0.0670013427734375 0.153884887695313 -0.082916259765625
0.0590057373046875 -0.0669822692871094 -0.0498046875 -0.0825881958007813
0.0949783325195313 -0.122116088867188 -0.0111379623413086 0.0168247222900391
0.10101318359375 -0.148391723632813 -0.207138061523438 -0.100830078125
0.0428924560546875 -0.175796508789063 -0.313751220703125 0.022918701171875
-0.0562896728515625 -0.1580810546875 -0.265670776367187 0.16595458984375
-0.101150512695312 -0.102645874023438 -0.0966796875 0.1876220703125
-0.130569458007813 -0.0296630859375 -0.000549316406249998 0.141815185546875
-0.1099853515625 0.0148544311523438 0.0288925170898437 0.0670242309570313
-0.096710205078125 0.00477600097656252 -0.00139367580413819 -0.00152206420898437
-0.112159729003906 0.0146331787109375 -0.0458297729492188 -0.0763092041015625
-0.124748229980469 -0.017425537109375 -0.04022216796875 -0.149765014648438
-0.109725952148438 -0.0782470703125 0.0195159912109375 -0.206314086914062
-0.0716781616210937 -0.120574951171875 0.132156372070313 -0.206649780273437
0.0330047607421875 -0.147308349609375 0.262786865234375 -0.101364135742188
0.0935440063476563 -0.1156005859375 0.190673828125 0.0142059326171875
0.0837860107421875 -0.102668762207031 -0.0378608703613281 -0.0615348815917969
0.062713623046875 -0.088104248046875 -0.00390624999999999 0.0416069030761719
0.0689239501953125 -0.0932769775390625 -0.200454711914062 0.0222625732421875
0.03936767578125 -0.126304626464844 -0.215682983398438 0.17425537109375
-0.04754638671875 -0.128616333007813 -0.106475830078125 0.259780883789063
-0.0955734252929687 -0.0911636352539063 0.035888671875 0.203842163085937
-0.130653381347656 -0.0268783569335937 0.0875930786132812 0.124610900878906
-0.109268188476563 0.0124282836914062 0.0733261108398438 0.048004150390625
-0.0951385498046875 0.000541687011718757 0.024658203125 -0.0158176422119141
-0.110382080078125 0.006378173828125 0.00268554687499998 -0.09124755859375
-0.119300842285156 -0.028167724609375 0.0500030517578125 -0.150741577148437
-0.105087280273437 -0.088714599609375 0.154159545898438 -0.17401123046875
-0.0713958740234375 -0.136985778808594 0.268325805664063 -0.101852416992188
0.0450897216796875 -0.184051513671875 0.324310302734375 0.0726318359375
0.11981201171875 -0.155746459960938 0.188735961914063 0.123519897460937
0.107337951660156 -0.124862670898438 -0.0216941833496094 -0.0524139404296875
0.0334854125976563 -0.056243896484375 0.00930786132812501 0.0775375366210937
0.045318603515625 -0.0435333251953125 -0.152191162109375 0.121902465820312
0.0376358032226563 -0.0780563354492187 -0.09442138671875 0.249176025390625
-0.0296859741210938 -0.0898284912109375 0.036834716796875 0.276504516601563
-0.0739898681640625 -0.0682830810546875 0.141189575195313 0.183929443359375
-0.107765197753906 -0.0209503173828125 0.1575927734375 0.0958709716796875
-0.0896759033203125 0.00713348388671877 0.10992431640625 0.0274581909179688
-0.0780105590820313 -0.00405883789062501 0.0475120544433594 -0.0279960632324219
-0.0905990600585938 -0.00237274169921873 0.0484237670898437 -0.098236083984375
-0.0920333862304688 -0.0327835083007813 0.131706237792969 -0.131423950195313
-0.0774917602539062 -0.0826492309570313 0.2598876953125 -0.0987701416015625
-0.0480422973632812 -0.127708435058594 0.341400146484375 0.05267333984375
0.0695648193359375 -0.18096923828125 0.29736328125 0.255096435546875
0.14178466796875 -0.156387329101563 0.148101806640625 0.208343505859375
0.112678527832031 -0.118194580078125 0.00510025024414063 -0.0554695129394531
0.00731086730957031 -0.0346412658691406 0.027069091796875 0.106925964355469
0.0224552154541016 -0.0129070281982422 -0.099945068359375 0.177902221679688
0.0274085998535156 -0.0385055541992187 -0.00604248046875003 0.268035888671875
-0.0136795043945312 -0.0491447448730469 0.12872314453125 0.257781982421875
-0.0430259704589844 -0.0412368774414063 0.20245361328125 0.15557861328125
-0.0693359375 -0.0154953002929687 0.200698852539063 0.0690460205078125
-0.0562553405761719 -0.00159454345703125 0.1339111328125 0.0100173950195313
-0.0485992431640625 -0.00802612304687501 0.0651016235351562 -0.0375556945800781
-0.0581245422363281 -0.00772476196289063 0.082489013671875 -0.0998916625976563
-0.051300048828125 -0.0284385681152344 0.188568115234375 -0.105850219726563
-0.0395965576171875 -0.0556640625 0.313323974609375 -0.01531982421875
-0.0193634033203125 -0.0816574096679688 0.33929443359375 0.1927490234375
0.0709457397460938 -0.123466491699219 0.210113525390625 0.379180908203125
0.123489379882813 -0.104728698730469 0.1019287109375 0.252914428710938
0.0827102661132812 -0.0793914794921875 0.0389137268066406 -0.0622215270996094
-0.00982284545898438 -0.00563716888427734 -0.030487060546875 0.05682373046875
0.00728893280029297 0.0137424468994141 -0.054473876953125 -0.244369506835938
-0.0187587738037109 0.0150909423828125 -0.188385009765625 -0.39239501953125
-0.00898933410644531 0.0235176086425781 -0.35272216796875 -0.259124755859375
0.00792884826660156 0.0151405334472656 -0.314239501953125 -0.00863647460937505
0.0157365798950195 0.00934505462646484 -0.180023193359375 0.117630004882812
0.0158720016479492 0.00906562805175781 -0.0663223266601563 0.101593017578125
0.0193386077880859 0.00502204895019531 -0.0607185363769531 0.0419349670410156
0.0227794647216797 0.00346183776855469 -0.138053894042969 -0.0042724609375
0.0174236297607422 0.00229454040527344 -0.2001953125 -0.0657958984375
0.017207145690918 0.00745487213134766 -0.2236328125 -0.12158203125
0.0117311477661133 0.00737190246582031 -0.165740966796875 -0.198715209960937
-0.00367355346679687 0.00718355178833008 -0.021453857421875 -0.266860961914063
0.00187993049621582 0.00150668621063232 0.0594329833984375 -0.182205200195312
-0.0027766227722168 -0.00648307800292969 -0.0666351318359375 -0.122352600097656
0.062652587890625 -0.0687255859375 -0.0359878540039063 0.0479011535644531
0.097259521484375 -0.075958251953125 -0.0650634765625 -0.247344970703125
0.0379180908203125 -0.088897705078125 -0.203826904296875 -0.379486083984375
-0.0147438049316406 -0.061309814453125 -0.363067626953125 -0.24224853515625
-0.0266494750976563 -0.0311145782470703 -0.31158447265625 0.00427246093749999
-0.0291538238525391 -0.00185585021972657 -0.175628662109375 0.120147705078125
-0.0247364044189453 0.0137786865234375 -0.0631561279296875 0.099395751953125
-0.0197811126708984 0.00833320617675781 -0.0569572448730469 0.03948974609375
-0.0225982666015625 0.0155448913574219 -0.135299682617188 -0.00865173339843753
-0.0320758819580078 0.00439262390136719 -0.197189331054688 -0.0704193115234375
-0.0248470306396484 -0.0152168273925781 -0.216094970703125 -0.122024536132812
-0.00833511352539062 -0.0302467346191406 -0.159530639648437 -0.19732666015625
0.0180149078369141 -0.027618408203125 -0.0171356201171875 -0.261260986328125
0.0349636077880859 -0.0131282806396484 0.0594482421875 -0.176284790039062
0.0185508728027344 -0.0168361663818359 -0.07110595703125 -0.11822509765625
0.104118347167969 -0.118217468261719 -0.0245914459228516 0.030120849609375
0.139862060546875 -0.148468017578125 -0.1063232421875 -0.239974975585938
0.060516357421875 -0.16937255859375 -0.27337646484375 -0.301239013671875
-0.030487060546875 -0.127197265625 -0.38671875 -0.136871337890625
-0.0599174499511719 -0.0674896240234375 -0.278396606445312 0.0624847412109375
-0.0712509155273438 -0.0114212036132813 -0.139137268066406 0.131797790527344
-0.0614700317382813 0.0183143615722656 -0.0417633056640625 0.09185791015625
-0.0551261901855469 0.0108680725097656 -0.0433349609375 0.0294456481933594
-0.0629043579101562 0.0226974487304688 -0.118392944335938 -0.0243301391601562
-0.0744476318359375 0.00473022460937498 -0.173538208007813 -0.08917236328125
-0.0625953674316406 -0.0351104736328125 -0.180633544921875 -0.14520263671875
-0.0315437316894531 -0.0626373291015625 -0.11468505859375 -0.214523315429687
0.029693603515625 -0.0614471435546875 0.036163330078125 -0.254135131835938
0.0590667724609375 -0.0344657897949219 0.093780517578125 -0.150543212890625
0.0363845825195313 -0.0362548828125 -0.0635223388671875 -0.101402282714844
0.106491088867188 -0.13671875 -0.0146121978759766 0.0125312805175781
0.1248779296875 -0.175918579101562 -0.16973876953125 -0.18829345703125
0.0466766357421875 -0.197998046875 -0.3314208984375 -0.144775390625
-0.053863525390625 -0.15631103515625 -0.35955810546875 0.0277099609375
-0.089141845703125 -0.0886917114257813 -0.200912475585938 0.13720703125
-0.106277465820313 -0.01763916015625 -0.0744781494140625 0.1412353515625
-0.089752197265625 0.0212631225585937 -0.0079498291015625 0.0794525146484375
-0.0808029174804687 0.01123046875 -0.0243053436279297 0.0149803161621094
-0.0921478271484375 0.0248260498046875 -0.0899505615234375 -0.046722412109375
-0.105377197265625 -1.52587890624908E-05 -0.125595092773438 -0.116539001464844
-0.09381103515625 -0.0531692504882813 -0.10894775390625 -0.179061889648438
-0.0565109252929687 -0.0895004272460938 -0.0229949951171875 -0.2305908203125
0.0281143188476563 -0.0997772216796875 0.133819580078125 -0.216888427734375
0.0726318359375 -0.068878173828125 0.146026611328125 -0.0933837890625
0.0541267395019531 -0.0665855407714844 -0.0518112182617187 -0.077362060546875
0.0834274291992188 -0.121078491210938 -0.00949954986572265 0.0156393051147461
0.08856201171875 -0.148574829101563 -0.208984375 -0.0852508544921876
0.0313568115234375 -0.174713134765625 -0.304840087890625 0.042510986328125
-0.0636444091796875 -0.149444580078125 -0.246246337890625 0.18109130859375
-0.104232788085938 -0.0921401977539063 -0.0801239013671875 0.189346313476562
-0.127662658691406 -0.0193328857421875 0.00930023193359375 0.137741088867188
-0.105499267578125 0.02227783203125 0.0340805053710937 0.0620231628417969
-0.0940628051757813 0.0101394653320313 -0.000925779342651373 -0.000961244106292724
-0.1077880859375 0.0205459594726562 -0.051544189453125 -0.0696144104003906
-0.121429443359375 -0.00835418701171876 -0.0529327392578125 -0.140457153320313
-0.11175537109375 -0.0681838989257812 0.00442504882812497 -0.200881958007813
-0.076080322265625 -0.112518310546875 0.115188598632813 -0.20989990234375
0.023162841796875 -0.143798828125 0.2493896484375 -0.116226196289062
0.0839920043945313 -0.117546081542969 0.189437866210938 -0.000503540039062507
0.0753097534179687 -0.102531433105469 -0.0385627746582031 -0.0562019348144531
0.0546875 -0.0868682861328125 -0.000797271728515625 0.0400123596191406
0.06201171875 -0.0929183959960938 -0.193267822265625 0.034912109375
0.031585693359375 -0.126800537109375 -0.19879150390625 0.183578491210938
-0.0532379150390625 -0.122665405273437 -0.086151123046875 0.259933471679688
-0.0991134643554687 -0.08209228515625 0.0481719970703125 0.19525146484375
-0.128013610839844 -0.0172119140625 0.0932235717773437 0.114982604980469
-0.1048583984375 0.0201034545898437 0.075775146484375 0.041290283203125
-0.0929489135742188 0.00566864013671874 0.0233306884765625 -0.015716552734375
-0.106231689453125 0.012176513671875 -0.00555419921875 -0.0873031616210937
-0.116676330566406 -0.0185317993164062 0.0351104736328125 -0.147857666015625
-0.107765197753906 -0.0782318115234375 0.13726806640625 -0.179977416992187
-0.0764007568359375 -0.127845764160156 0.254852294921875 -0.117965698242188
0.031646728515625 -0.180084228515625 0.32086181640625 0.049896240234375
0.105514526367188 -0.158538818359375 0.194015502929688 0.107955932617187
0.0960159301757812 -0.125823974609375 -0.0219650268554688 -0.0464210510253906
0.0281257629394531 -0.0542640686035156 0.0153350830078125 0.0749053955078125
0.0425567626953125 -0.0438461303710937 -0.138641357421875 0.128448486328125
0.0328826904296875 -0.0798492431640625 -0.0754241943359375 0.24627685546875
-0.0334930419921875 -0.0866928100585938 0.053863525390625 0.26629638671875
-0.0771560668945313 -0.062286376953125 0.147720336914063 0.168594360351563
-0.106033325195313 -0.012786865234375 0.158660888671875 0.0828399658203125
-0.0868453979492187 0.0133285522460937 0.110160827636719 0.0196533203125
-0.0767135620117187 -6.10351562500006E-05 0.0450782775878906 -0.0284080505371094
-0.0873184204101563 0.00308990478515625 0.0382232666015625 -0.0972518920898438
-0.0907440185546875 -0.0245132446289063 0.115638732910156 -0.136093139648438
-0.080902099609375 -0.0738983154296875 0.245407104492187 -0.114303588867188
-0.0536346435546875 -0.119796752929688 0.335418701171875 0.02716064453125
0.054229736328125 -0.178741455078125 0.3045654296875 0.22943115234375
0.1260986328125 -0.160781860351563 0.159530639648438 0.194732666015625
0.101020812988281 -0.120346069335937 0.00317001342773439 -0.0499954223632813
0.00417137145996094 -0.0330543518066406 0.0353622436523437 0.103240966796875
0.0218429565429688 -0.013458251953125 -0.0826263427734375 0.179611206054688
0.024383544921875 -0.040771484375 0.013153076171875 0.25799560546875
-0.0163955688476563 -0.0473251342773438 0.14117431640625 0.240081787109375
-0.0457420349121094 -0.0375709533691406 0.204757690429687 0.135696411132813
-0.0685501098632813 -0.0100021362304687 0.198455810546875 0.0535430908203125
-0.0553779602050781 0.002349853515625 0.132331848144531 0.0020904541015625
-0.0483512878417969 -0.00587081909179688 0.0608863830566406 -0.0380897521972656
-0.0556831359863281 -0.00360488891601563 0.0709228515625 -0.1011962890625
-0.0517120361328125 -0.023101806640625 0.172607421875 -0.115707397460937
-0.0429306030273437 -0.0513877868652344 0.30181884765625 -0.0377197265625
-0.023529052734375 -0.0774307250976563 0.343292236328125 0.163726806640625
0.0594024658203125 -0.123931884765625 0.2281494140625 0.3572998046875
0.112159729003906 -0.109748840332031 0.116500854492188 0.242401123046875
0.0745086669921875 -0.0814743041992188 0.0350418090820313 -0.0583763122558594
-0.0100870132446289 -0.00354862213134766 -0.0295562744140625 0.0518836975097656
0.00713443756103516 0.0126504898071289 -0.0584716796875 -0.2371826171875
-0.0172653198242187 0.0150737762451172 -0.192413330078125 -0.376617431640625
-0.00732231140136719 0.0229682922363281 -0.34716796875 -0.240447998046875
0.00755596160888672 0.0143661499023438 -0.302093505859375 0.00146484375000005
0.015782356262207 0.0100584030151367 -0.169647216796875 0.119476318359375
0.0156707763671875 0.00939750671386719 -0.06005859375 0.0976791381835938
0.0193710327148438 0.00397300720214844 -0.0570182800292969 0.0406990051269531
0.0222759246826172 0.00236892700195313 -0.134361267089844 -0.000877380371093767
0.0171899795532227 0.00198268890380859 -0.196670532226563 -0.0575408935546875
0.0175094604492187 0.006988525390625 -0.219375610351562 -0.109848022460938
0.0118646621704102 0.00705718994140625 -0.164932250976563 -0.186187744140625
-0.00400114059448242 0.0080714225769043 -0.027587890625 -0.257110595703125
0.000927567481994629 0.00137770175933838 0.0527496337890625 -0.180679321289062
-0.00220441818237305 -0.00710058212280273 -0.0672683715820313 -0.118980407714844
0.0580558776855469 -0.0667610168457031 -0.0352210998535156 0.0444793701171875
0.0916671752929688 -0.0760498046875 -0.0687408447265625 -0.23968505859375
0.0345077514648437 -0.087310791015625 -0.20574951171875 -0.363739013671875
-0.01593017578125 -0.0587196350097656 -0.356842041015625 -0.22406005859375
-0.0267219543457031 -0.0286636352539062 -0.298675537109375 0.0136108398437499
-0.0277652740478516 0.000129699707031254 -0.16461181640625 0.121383666992187
-0.0231761932373047 0.0153026580810547 -0.0575714111328125 0.0952606201171875
-0.0189552307128906 0.00773811340332031 -0.053741455078125 0.0379867553710938
-0.0212211608886719 0.0145816802978516 -0.131233215332031 -0.00466918945312499
-0.0304069519042969 0.00530624389648438 -0.194580078125 -0.061767578125
-0.024383544921875 -0.0139408111572266 -0.2122802734375 -0.111068725585937
-0.00856971740722656 -0.0295505523681641 -0.158477783203125 -0.185195922851563
0.0163784027099609 -0.0265941619873047 -0.02362060546875 -0.252670288085938
0.0336952209472656 -0.0134563446044922 0.0531005859375 -0.1748046875
0.0186958312988281 -0.0167198181152344 -0.0711593627929688 -0.114822387695313
0.096954345703125 -0.1146240234375 -0.0243701934814453 0.0261783599853516
0.13153076171875 -0.146560668945313 -0.109512329101563 -0.231658935546875
0.0540618896484375 -0.166305541992188 -0.27142333984375 -0.286346435546875
-0.032806396484375 -0.121917724609375 -0.377166748046875 -0.12091064453125
-0.0599250793457031 -0.0629539489746094 -0.265411376953125 0.0690765380859375
-0.0677490234375 -0.00822830200195311 -0.129310607910156 0.131149291992187
-0.0576629638671875 0.0202064514160156 -0.0375213623046875 0.0872802734375
-0.053558349609375 0.0111122131347656 -0.0409202575683594 0.0278129577636719
-0.0604400634765625 0.0227813720703125 -0.115242004394531 -0.020233154296875
-0.0711135864257813 0.00647735595703127 -0.17254638671875 -0.07989501953125
-0.0614852905273438 -0.0323104858398438 -0.178466796875 -0.134307861328125
-0.0314750671386719 -0.0605659484863281 -0.11651611328125 -0.20361328125
0.0280647277832031 -0.0600700378417969 0.0283050537109375 -0.2464599609375
0.0574111938476563 -0.0341873168945313 0.087799072265625 -0.1507568359375
0.0361518859863281 -0.0343551635742188 -0.0629653930664062 -0.0981903076171875
0.0987777709960937 -0.131813049316406 -0.0153064727783203 0.0102710723876953
0.116806030273438 -0.171707153320313 -0.170059204101563 -0.179718017578125
0.0396881103515625 -0.1932373046875 -0.325439453125 -0.13214111328125
-0.05596923828125 -0.149261474609375 -0.346923828125 0.03765869140625
-0.0878982543945312 -0.0827484130859375 -0.188796997070313 0.138763427734375
-0.101524353027344 -0.01416015625 -0.0671844482421875 0.138526916503906
-0.085174560546875 0.02313232421875 -0.00497436523437501 0.0745468139648438
-0.07861328125 0.0122833251953125 -0.0223636627197266 0.0141582489013672
-0.0886993408203125 0.0251083374023437 -0.0894546508789062 -0.0416412353515625
-0.101425170898438 0.00308990478515626 -0.127265930175781 -0.107063293457031
-0.0914154052734375 -0.0491943359375 -0.110549926757813 -0.169464111328125
-0.05511474609375 -0.0863876342773438 -0.02691650390625 -0.222442626953125
0.0260467529296875 -0.096527099609375 0.124496459960938 -0.213043212890625
0.0696601867675781 -0.0679893493652344 0.140548706054688 -0.0966033935546875
0.0519485473632812 -0.0634651184082031 -0.0496902465820312 -0.074432373046875
0.0772857666015625 -0.116172790527344 -0.00963497161865234 0.0135984420776367
0.0831451416015625 -0.143875122070313 -0.205368041992188 -0.0774383544921875
0.0267486572265625 -0.170379638671875 -0.294647216796875 0.048431396484375
-0.064971923828125 -0.143798828125 -0.233383178710938 0.1832275390625
-0.103424072265625 -0.0861663818359375 -0.07196044921875 0.185546875
-0.122711181640625 -0.0155868530273438 0.0134124755859375 0.13232421875
-0.100883483886719 0.0246658325195312 0.0355262756347656 0.0569572448730469
-0.0918350219726562 0.0108413696289062 -0.000595510005950933 -0.000761449337005615
-0.103569030761719 0.0213623046875 -0.0530052185058594 -0.06427001953125
-0.116744995117187 -0.00475311279296877 -0.057769775390625 -0.131317138671875
-0.109413146972656 -0.0630950927734375 -0.00202941894531249 -0.193572998046875
-0.0746002197265625 -0.107704162597656 0.106063842773437 -0.206268310546875
0.0197601318359375 -0.139144897460938 0.239151000976563 -0.119049072265625
0.0792312622070313 -0.115013122558594 0.185028076171875 -0.00660705566406251
0.0705718994140625 -0.0990982055664063 -0.0357704162597656 -0.0527229309082031
0.0508270263671875 -0.081817626953125 0.000339508056640631 0.0376014709472656
0.0588760375976563 -0.0895767211914063 -0.186477661132813 0.0385589599609375
0.0283126831054688 -0.124626159667969 -0.189132690429688 0.181137084960938
-0.0535125732421875 -0.118385314941406 -0.0759429931640625 0.254852294921875
-0.098236083984375 -0.0770950317382812 0.0513458251953125 0.188140869140625
-0.123146057128906 -0.0131301879882812 0.0935592651367187 0.1087646484375
-0.100791931152344 0.0222244262695313 0.0760955810546875 0.0365371704101562
-0.0910797119140625 0.00676727294921875 0.0223350524902344 -0.0153636932373047
-0.102638244628906 0.0135879516601563 -0.00897979736328126 -0.0821914672851563
-0.112281799316406 -0.01446533203125 0.0273590087890625 -0.141510009765625
-0.10577392578125 -0.0724716186523438 0.127410888671875 -0.178146362304688
-0.07537841796875 -0.121559143066406 0.24371337890625 -0.122146606445313
0.0267333984375 -0.174102783203125 0.313751220703125 0.040802001953125
0.097900390625 -0.155166625976563 0.193359375 0.10003662109375
0.0894851684570312 -0.122047424316406 -0.0200347900390625 -0.042205810546875
0.0258636474609375 -0.0505790710449219 0.018096923828125 0.0714874267578125
0.0414466857910156 -0.0420265197753906 -0.130104064941406 0.127418518066406
0.030670166015625 -0.07977294921875 -0.067596435546875 0.238922119140625
-0.03460693359375 -0.0840225219726563 0.05828857421875 0.256118774414063
-0.0769805908203125 -0.0581130981445313 0.145858764648438 0.158798217773438
-0.102714538574219 -0.00941467285156249 0.155654907226563 0.0759735107421875
-0.0840225219726563 0.0154647827148437 0.109031677246094 0.0156784057617188
-0.075103759765625 0.000564575195312485 0.0437431335449219 -0.0271987915039063
-0.0837936401367188 0.00460815429687501 0.0325698852539062 -0.0928192138671875
-0.0874786376953125 -0.0204238891601562 0.104652404785156 -0.132987976074219
-0.0801315307617188 -0.0684738159179688 0.232742309570313 -0.11798095703125
-0.0535049438476563 -0.1141357421875 0.326629638671875 0.01702880859375
0.0481719970703125 -0.17333984375 0.3017578125 0.216033935546875
0.1177978515625 -0.158477783203125 0.161178588867188 0.186248779296875
0.09454345703125 -0.117515563964844 0.00428771972656251 -0.0456008911132813
0.00248908996582031 -0.0301647186279297 0.0385360717773437 0.09893798828125
0.0211734771728516 -0.0129032135009766 -0.0733795166015625 0.175872802734375
0.0228958129882813 -0.0418319702148438 0.0192718505859375 0.247207641601563
-0.0168991088867188 -0.0462570190429687 0.141708374023437 0.227951049804688
-0.0461578369140625 -0.0349197387695313 0.199234008789063 0.12518310546875
-0.0671463012695313 -0.00746536254882813 0.192550659179688 0.0469818115234375
-0.0543327331542969 0.00364303588867188 0.129852294921875 -0.0015106201171875
-0.0481986999511719 -0.00521087646484375 0.0590553283691406 -0.0361862182617187
-0.0533409118652344 -0.00248336791992189 0.06414794921875 -0.0981903076171875
-0.0503692626953125 -0.0196609497070312 0.1600341796875 -0.116531372070313
-0.0435028076171875 -0.0478019714355469 0.290130615234375 -0.045623779296875
-0.0234756469726563 -0.0742950439453125 0.337249755859375 0.149749755859375
0.0540771484375 -0.120872497558594 0.228485107421875 0.34185791015625
0.10491943359375 -0.1090087890625 0.119476318359375 0.23388671875
0.0700149536132812 -0.0794448852539063 0.0346794128417969 -0.0535812377929688
-0.0107688903808594 -0.00236892700195313 -0.0312919616699219 0.0488624572753906
0.00673484802246094 0.0119285583496094 -0.059326171875 -0.239471435546875
-0.016963005065918 0.0146780014038086 -0.193817138671875 -0.377227783203125
-0.00682830810546875 0.0230464935302734 -0.34857177734375 -0.238250732421875
0.00740814208984375 0.0143680572509766 -0.300994873046875 0.003265380859375
0.0169172286987305 0.0107746124267578 -0.16705322265625 0.1207275390625
0.0162458419799805 0.0102701187133789 -0.058837890625 0.0954208374023437
0.0199527740478516 0.00348472595214844 -0.0564460754394531 0.0392112731933594
0.0227756500244141 0.00210952758789062 -0.134178161621094 -7.62939453125525E-06
0.0175952911376953 0.00205230712890625 -0.197250366210938 -0.0555267333984375
0.0178165435791016 0.00712203979492188 -0.219863891601563 -0.106979370117188
0.0119991302490234 0.00698184967041016 -0.165603637695313 -0.184616088867187
-0.00420570373535156 0.00935459136962891 -0.0287933349609375 -0.256942749023438
0.000595986843109131 0.00091099739074707 0.0511016845703125 -0.1837158203125
-0.00191020965576172 -0.00826930999755859 -0.0678634643554688 -0.120353698730469
0.0576858520507812 -0.0650100708007813 -0.0364952087402344 0.0420455932617187
0.0911712646484375 -0.0767898559570313 -0.0691070556640625 -0.2413330078125
0.033599853515625 -0.0882568359375 -0.206207275390625 -0.364776611328125
-0.01617431640625 -0.0582351684570312 -0.358367919921875 -0.220977783203125
-0.0279350280761719 -0.0278644561767578 -0.296844482421875 0.0169677734375
-0.0269432067871094 0.00159835815429688 -0.16265869140625 0.122695922851563
-0.0217247009277344 0.0161533355712891 -0.0566940307617188 0.0930252075195313
-0.0197715759277344 0.00713157653808594 -0.0535774230957031 0.0360031127929688
-0.0216026306152344 0.0137424468994141 -0.131607055664063 -0.00347900390625001
-0.0297966003417969 0.00602531433105469 -0.196273803710937 -0.05908203125
-0.0243968963623047 -0.0138454437255859 -0.212356567382812 -0.108718872070313
-0.00888442993164062 -0.0303668975830078 -0.158721923828125 -0.18377685546875
0.016876220703125 -0.0262260437011719 -0.0250396728515625 -0.25189208984375
0.0345954895019531 -0.0134944915771484 0.052154541015625 -0.178146362304687
0.0195178985595703 -0.0166015625 -0.0721054077148438 -0.116973876953125
0.0964279174804688 -0.112754821777344 -0.0256900787353516 0.0240554809570312
0.131484985351563 -0.146591186523438 -0.111221313476563 -0.23370361328125
0.0529937744140625 -0.167343139648438 -0.273345947265625 -0.2860107421875
-0.0336532592773437 -0.121360778808594 -0.377105712890625 -0.11865234375
-0.0605010986328125 -0.0615692138671875 -0.263076782226563 0.0708160400390625
-0.0664291381835937 -0.00746917724609375 -0.127410888671875 0.131614685058594
-0.0560989379882813 0.0210342407226563 -0.0366058349609375 0.08502197265625
-0.0542488098144531 0.0106468200683594 -0.0409736633300781 0.0262222290039062
-0.0607643127441406 0.0223808288574219 -0.116310119628906 -0.0185623168945313
-0.07080078125 0.00720214843749999 -0.17437744140625 -0.07635498046875
-0.061492919921875 -0.0323371887207031 -0.179779052734375 -0.132659912109375
-0.0310783386230469 -0.0612106323242188 -0.116836547851563 -0.20294189453125
0.0287857055664062 -0.0600128173828125 0.0271759033203125 -0.247421264648438
0.0584716796875 -0.0341873168945313 0.08770751953125 -0.154449462890625
0.0373306274414063 -0.0341606140136719 -0.062744140625 -0.0995407104492187
0.0982437133789063 -0.129402160644531 -0.0165996551513672 0.0079660415649414
0.116775512695313 -0.17120361328125 -0.171371459960938 -0.180709838867188
0.0389556884765625 -0.194244384765625 -0.32733154296875 -0.130706787109375
-0.056640625 -0.149078369140625 -0.347076416015625 0.0415039062500001
-0.088592529296875 -0.0814971923828125 -0.18603515625 0.14093017578125
-0.100181579589844 -0.013580322265625 -0.0654830932617188 0.138778686523438
-0.08349609375 0.0237350463867188 -0.0039825439453125 0.0717544555664063
-0.0795364379882813 0.0119247436523438 -0.0228462219238281 0.0126972198486328
-0.0892562866210938 0.0247726440429687 -0.09051513671875 -0.03985595703125
-0.100967407226563 0.00317382812499998 -0.129776000976563 -0.103218078613281
-0.0913009643554687 -0.0490798950195313 -0.111892700195312 -0.168304443359375
-0.0548858642578125 -0.0876541137695313 -0.027740478515625 -0.223098754882813
0.0277481079101562 -0.0969161987304688 0.123733520507813 -0.21551513671875
0.070953369140625 -0.0674285888671875 0.140960693359375 -0.100540161132812
0.0533180236816406 -0.06195068359375 -0.0484237670898438 -0.0752716064453125
0.077362060546875 -0.113441467285156 -0.0106735229492187 0.0116739273071289
0.084075927734375 -0.14208984375 -0.207122802734375 -0.078338623046875
0.02606201171875 -0.170913696289063 -0.2962646484375 0.049530029296875
-0.0649871826171875 -0.143356323242188 -0.232025146484375 0.186798095703125
-0.103431701660156 -0.085479736328125 -0.0694427490234375 0.186599731445313
-0.121795654296875 -0.0150527954101562 0.0151214599609375 0.131965637207031
-0.0994033813476563 0.024505615234375 0.0362510681152344 0.0546455383300781
-0.093170166015625 0.0103836059570312 -0.000651836395263678 -0.00169253349304199
-0.104278564453125 0.0210952758789062 -0.0546875 -0.0620079040527344
-0.11578369140625 -0.00462341308593748 -0.0601806640625 -0.128311157226562
-0.1090087890625 -0.0624923706054688 -0.00387573242187502 -0.193649291992188
-0.0738372802734375 -0.108230590820312 0.1058349609375 -0.208236694335938
0.0206756591796875 -0.13861083984375 0.239791870117187 -0.121749877929688
0.0794143676757813 -0.114753723144531 0.187896728515625 -0.00941467285156251
0.0709686279296875 -0.09716796875 -0.0338859558105469 -0.0521125793457031
0.0511016845703125 -0.0785598754882813 0.000179290771484381 0.0367813110351562
0.0609283447265625 -0.0876617431640625 -0.186553955078125 0.0380859375
0.0283279418945312 -0.125869750976563 -0.189605712890625 0.181716918945312
-0.0542984008789063 -0.119255065917969 -0.0748748779296875 0.2567138671875
-0.0990142822265625 -0.07696533203125 0.0523223876953125 0.188034057617188
-0.122909545898438 -0.0128097534179687 0.0953826904296875 0.107627868652344
-0.100059509277344 0.022552490234375 0.07745361328125 0.0340957641601563
-0.09234619140625 0.00646972656249999 0.0231418609619141 -0.015106201171875
-0.102943420410156 0.0133438110351562 -0.0105133056640625 -0.0799407958984375
-0.111122131347656 -0.013580322265625 0.024322509765625 -0.138572692871094
-0.105445861816406 -0.071502685546875 0.125198364257813 -0.179046630859375
-0.074737548828125 -0.121841430664063 0.244338989257813 -0.1248779296875
0.02716064453125 -0.173431396484375 0.316131591796875 0.0396728515625
0.0975189208984375 -0.155517578125 0.196258544921875 0.098968505859375
0.0894317626953125 -0.120468139648438 -0.0174331665039062 -0.040679931640625
0.0262451171875 -0.0475692749023438 0.0191650390625 0.070556640625
0.0432891845703125 -0.0405311584472656 -0.1282958984375 0.126815795898438
0.0302352905273437 -0.0816192626953125 -0.06756591796875 0.238189697265625
-0.0351638793945313 -0.0854873657226563 0.0592193603515625 0.256011962890625
-0.0773696899414063 -0.0574417114257813 0.146209716796875 0.158599853515625
-0.102348327636719 -0.00889587402343752 0.156524658203125 0.0750732421875
-0.0835037231445313 0.0155029296875 0.11065673828125 0.0134506225585938
-0.0767364501953125 0.000793457031250003 0.0447463989257812 -0.0264244079589844
-0.0839385986328125 0.00458526611328126 0.0308380126953125 -0.091217041015625
-0.086700439453125 -0.0192794799804687 0.101959228515625 -0.131866455078125
-0.0804672241210938 -0.0674819946289063 0.231475830078125 -0.120468139648437
-0.052703857421875 -0.114418029785156 0.328155517578125 0.014007568359375
0.0475616455078125 -0.17279052734375 0.305023193359375 0.21630859375
0.116485595703125 -0.158981323242187 0.163986206054688 0.186996459960937
0.0938720703125 -0.116081237792969 0.00670623779296876 -0.043121337890625
0.00191688537597656 -0.0282173156738281 0.0410614013671875 0.098419189453125
0.0221462249755859 -0.0118389129638672 -0.06982421875 0.17523193359375
0.0218963623046875 -0.0436973571777344 0.0200653076171875 0.245040893554688
-0.0171623229980469 -0.0476264953613281 0.142333984375 0.226409912109375
-0.0471420288085938 -0.0343589782714844 0.197967529296875 0.124176025390625
-0.0675010681152344 -0.00666427612304686 0.194015502929688 0.0459442138671875
-0.0549430847167969 0.00421142578125 0.1324462890625 -0.0027008056640625
-0.0492668151855469 -0.00522232055664063 0.0603523254394531 -0.0351181030273438
-0.0529556274414062 -0.00288772583007813 0.0620880126953125 -0.095947265625
-0.0501518249511719 -0.0181770324707031 0.155715942382812 -0.11663818359375
-0.0444374084472656 -0.0471038818359375 0.288909912109375 -0.04901123046875
-0.0230560302734375 -0.0739288330078125 0.338897705078125 0.147491455078125
0.0532913208007813 -0.120254516601563 0.230560302734375 0.344451904296875
0.104042053222656 -0.109596252441406 0.121246337890625 0.236328125
0.0691909790039063 -0.07904052734375 0.0367774963378906 -0.0507698059082031
-0.0112361907958984 -0.00148391723632813 -0.0332107543945313 0.049285888671875
0.00728034973144531 0.0116510391235352 -0.0679779052734375 -0.2484130859375
-0.0170707702636719 0.0153417587280273 -0.20947265625 -0.387725830078125
-0.00577926635742187 0.0242691040039063 -0.367706298828125 -0.23541259765625
0.00780105590820312 0.014592170715332 -0.31005859375 0.01275634765625
0.0184612274169922 0.0107688903808594 -0.167999267578125 0.129592895507813
0.0186882019042969 0.0102748870849609 -0.0585708618164063 0.0974960327148437
0.0208415985107422 0.00237083435058594 -0.0572547912597656 0.0393180847167969
0.0236053466796875 0.00136375427246094 -0.139007568359375 0.00346374511718752
0.0189838409423828 0.00207901000976563 -0.205490112304688 -0.051483154296875
0.0192432403564453 0.00644111633300781 -0.229278564453125 -0.104049682617188
0.0131454467773438 0.00648593902587891 -0.175537109375 -0.184799194335938
-0.00348091125488281 0.0106134414672852 -0.03753662109375 -0.265426635742188
8.87513160705566E-05 0.000955641269683838 0.0464935302734375 -0.193817138671875
-0.00269889831542969 -0.00949001312255859 -0.0745391845703125 -0.124320983886719
0.0578422546386719 -0.0676383972167969 -0.0385971069335937 0.0423431396484375
0.0922622680664063 -0.081390380859375 -0.076873779296875 -0.251571655273438
0.032135009765625 -0.0923385620117188 -0.22137451171875 -0.373779296875
-0.0178298950195313 -0.058929443359375 -0.37677001953125 -0.21710205078125
-0.0299205780029297 -0.0268802642822266 -0.304229736328125 0.0263671875
-0.0267791748046875 0.00255012512207032 -0.163375854492188 0.13079833984375
-0.020843505859375 0.0172233581542969 -0.0567398071289062 0.0951919555664063
-0.0210742950439453 0.00738716125488282 -0.0550689697265625 0.0366477966308594
-0.0223236083984375 0.0144138336181641 -0.136886596679688 -0.000366210937499994
-0.0301475524902344 0.00717926025390625 -0.205825805664062 -0.0542755126953125
-0.0251693725585938 -0.0140762329101563 -0.22247314453125 -0.105911254882813
-0.0101776123046875 -0.0321235656738281 -0.168548583984375 -0.185287475585938
0.0175094604492188 -0.0268192291259766 -0.0326690673828125 -0.2606201171875
0.0359611511230469 -0.01495361328125 0.0490570068359375 -0.18817138671875
0.0206317901611328 -0.0181617736816406 -0.0784149169921875 -0.120704650878906
0.0976181030273438 -0.11761474609375 -0.02838134765625 0.0228309631347656
0.133132934570313 -0.154449462890625 -0.121612548828125 -0.242111206054688
0.049774169921875 -0.174972534179687 -0.292022705078125 -0.291534423828125
-0.03839111328125 -0.12432861328125 -0.393707275390625 -0.110687255859375
-0.0637245178222656 -0.0611495971679688 -0.267837524414063 0.0812530517578125
-0.0669898986816406 -0.00599288940429689 -0.126716613769531 0.13922119140625
-0.0560874938964844 0.022308349609375 -0.0365753173828125 0.0864410400390625
-0.0572738647460938 0.0122222900390625 -0.042510986328125 0.0261192321777344
-0.0632171630859375 0.0241928100585938 -0.121566772460938 -0.0158615112304687
-0.072265625 0.00881195068359375 -0.183761596679687 -0.0724334716796875
-0.0642662048339844 -0.03271484375 -0.189743041992188 -0.1314697265625
-0.0338478088378906 -0.0642890930175781 -0.12548828125 -0.207168579101563
0.0297660827636719 -0.0629158020019531 0.02093505859375 -0.257492065429688
0.0610160827636719 -0.037322998046875 0.085723876953125 -0.164688110351563
0.0394401550292969 -0.0350303649902344 -0.0670547485351563 -0.103096008300781
0.0992813110351563 -0.133773803710938 -0.0190811157226562 0.00660133361816405
0.117889404296875 -0.179214477539063 -0.183395385742188 -0.185195922851562
0.035064697265625 -0.202423095703125 -0.344146728515625 -0.12908935546875
-0.06243896484375 -0.152053833007813 -0.357147216796875 0.053619384765625
-0.0930404663085937 -0.0813522338867188 -0.187652587890625 0.151260375976563
-0.102081298828125 -0.0118408203125 -0.0624847412109375 0.1441650390625
-0.0846328735351562 0.02545166015625 -0.00345611572265626 0.072357177734375
-0.0833282470703125 0.0138473510742187 -0.0237083435058594 0.0120334625244141
-0.09307861328125 0.0273818969726563 -0.0951461791992188 -0.0382308959960937
-0.103767395019531 0.00582122802734373 -0.138458251953125 -0.100234985351562
-0.0963821411132812 -0.0489654541015625 -0.12103271484375 -0.169891357421875
-0.0587234497070312 -0.0899734497070313 -0.034942626953125 -0.230789184570313
0.0281906127929687 -0.101112365722656 0.123046875 -0.227203369140625
0.0730972290039063 -0.0718231201171875 0.1444091796875 -0.1097412109375
0.0548057556152344 -0.0638236999511719 -0.051177978515625 -0.077606201171875
0.078369140625 -0.115959167480469 -0.0122900009155273 0.0109014511108398
0.08526611328125 -0.147293090820313 -0.217727661132812 -0.0775604248046875
0.023162841796875 -0.17816162109375 -0.308502197265625 0.058380126953125
-0.07098388671875 -0.146408081054688 -0.235122680664063 0.201034545898437
-0.108558654785156 -0.0855712890625 -0.0657958984375 0.1953125
-0.124557495117187 -0.013519287109375 0.020172119140625 0.135269165039063
-0.100852966308594 0.0268173217773438 0.0384559631347656 0.0534744262695313
-0.0974960327148438 0.0134353637695313 -0.00112724304199219 -0.00261974334716797
-0.108177185058594 0.024261474609375 -0.058502197265625 -0.0610389709472656
-0.119003295898437 -0.00146484375 -0.06719970703125 -0.128036499023438
-0.11444091796875 -0.0623931884765625 -0.010009765625 -0.199462890625
-0.0780410766601563 -0.111053466796875 0.104385375976563 -0.220169067382813
0.0205535888671875 -0.143814086914062 0.246444702148438 -0.133621215820313
0.0797805786132813 -0.12042236328125 0.1956787109375 -0.016448974609375
0.0713043212890625 -0.0993881225585938 -0.0343437194824219 -0.0533905029296875
0.0522308349609375 -0.079803466796875 0.000793457031250001 0.0360221862792969
0.0632171630859375 -0.0904693603515625 -0.19268798828125 0.04266357421875
0.0267715454101563 -0.131698608398438 -0.193710327148438 0.192596435546875
-0.0589523315429687 -0.122245788574219 -0.0700225830078125 0.269012451171875
-0.103828430175781 -0.0766448974609375 0.059814453125 0.19390869140625
-0.126495361328125 -0.0113067626953125 0.102317810058594 0.108314514160156
-0.102081298828125 0.0248870849609375 0.0806198120117188 0.0314483642578125
-0.096893310546875 0.00897979736328127 0.0236415863037109 -0.016510009765625
-0.106788635253906 0.0158843994140625 -0.0140304565429687 -0.0805740356445313
-0.113960266113281 -0.0110015869140625 0.019927978515625 -0.141265869140625
-0.110267639160156 -0.071014404296875 0.123748779296875 -0.188217163085937
-0.0791015625 -0.124961853027344 0.25054931640625 -0.137985229492187
0.0246429443359375 -0.179656982421875 0.32989501953125 0.032012939453125
0.0965118408203125 -0.163131713867188 0.207916259765625 0.0974578857421875
0.0892181396484375 -0.124755859375 -0.0166358947753906 -0.0403823852539063
0.0273933410644531 -0.0469818115234375 0.0221328735351562 0.0711746215820312
0.0462379455566406 -0.0410804748535156 -0.128379821777344 0.132850646972656
0.0297012329101563 -0.0864486694335938 -0.0650634765625 0.246337890625
-0.0382308959960938 -0.0881500244140625 0.0678253173828125 0.263748168945313
-0.0818939208984375 -0.05718994140625 0.155044555664063 0.160842895507812
-0.10565185546875 -0.00658416748046874 0.165267944335937 0.0727996826171875
-0.0860977172851563 0.0180587768554688 0.115821838378906 0.00957489013671875
-0.0807876586914063 0.00251770019531252 0.0459632873535156 -0.0280418395996094
-0.0874862670898438 0.00614166259765623 0.0283203125 -0.092376708984375
-0.0890579223632813 -0.0170669555664063 0.0995101928710938 -0.136543273925781
-0.0851821899414063 -0.0670700073242188 0.234603881835938 -0.131057739257813
-0.0567855834960938 -0.116844177246094 0.340606689453125 0.00405883789062499
0.045074462890625 -0.1796875 0.322540283203125 0.216796875
0.11572265625 -0.167510986328125 0.176559448242188 0.190933227539062
0.093994140625 -0.120292663574219 0.00881958007812501 -0.0426902770996094
0.00180435180664062 -0.0265750885009766 0.0463790893554687 0.10003662109375
0.0244579315185547 -0.0113010406494141 -0.0658721923828125 0.181442260742188
0.0210075378417969 -0.0464591979980469 0.02667236328125 0.249908447265625
-0.0190391540527344 -0.0492897033691406 0.151458740234375 0.230636596679687
-0.0498924255371094 -0.0336685180664062 0.20733642578125 0.12335205078125
-0.0691795349121094 -0.00495529174804686 0.202880859375 0.0418548583984375
-0.0567245483398438 0.00591659545898439 0.138877868652344 -0.00701141357421875
-0.0524826049804688 -0.00468063354492187 0.062652587890625 -0.0366134643554688
-0.0545616149902344 -0.00255584716796875 0.0601806640625 -0.0993270874023438
-0.0515594482421875 -0.0168914794921875 0.15533447265625 -0.122879028320312
-0.0470809936523437 -0.046417236328125 0.29638671875 -0.059722900390625
-0.0250625610351563 -0.0758590698242188 0.3544921875 0.142608642578125
0.0523834228515625 -0.125457763671875 0.24737548828125 0.3526611328125
0.104179382324219 -0.116973876953125 0.132736206054688 0.244033813476562
0.0697174072265625 -0.0814895629882813 0.0397186279296875 -0.0512619018554688
-0.0112400054931641 0.00060272216796875 -0.0331382751464844 0.0509567260742188
0.00745677947998047 0.0105228424072266 -0.0874481201171875 -0.255050659179688
-0.016632080078125 0.0173063278198242 -0.242034912109375 -0.3861083984375
-0.00324058532714844 0.0249519348144531 -0.39398193359375 -0.21661376953125
0.00916194915771485 0.0143070220947266 -0.31756591796875 0.0356445312500001
0.0202426910400391 0.00889205932617188 -0.161788940429687 0.145034790039063
0.0210552215576172 0.00870513916015625 -0.0551300048828125 0.102119445800781
0.0210762023925781 0.00057220458984375 -0.0571136474609375 0.0417594909667969
0.0249919891357422 -0.000608444213867188 -0.1427001953125 0.0127410888671875
0.0202999114990234 0.000782012939453125 -0.215713500976563 -0.0385894775390625
0.0202522277832031 0.00498390197753906 -0.2435302734375 -0.0900421142578124
0.0138978958129883 0.00564098358154297 -0.192901611328125 -0.1773681640625
-0.00214099884033203 0.0120420455932617 -0.05853271484375 -0.270751953125
-0.000371694564819336 0.0010150671005249 0.0325469970703125 -0.204742431640625
-0.00378608703613281 -0.00977802276611328 -0.0856857299804688 -0.123893737792969
0.0550079345703125 -0.0727386474609375 -0.0391426086425781 0.0447616577148437
0.089996337890625 -0.0900115966796875 -0.0966796875 -0.257110595703125
0.026702880859375 -0.0973358154296875 -0.25445556640625 -0.371917724609375
-0.022003173828125 -0.0593147277832031 -0.4007568359375 -0.19586181640625
-0.0323085784912109 -0.0246925354003906 -0.3095703125 0.0498352050781251
-0.0259418487548828 0.00452804565429688 -0.157089233398438 0.1461181640625
-0.0191555023193359 0.0185508728027344 -0.0529708862304688 0.100471496582031
-0.0222759246826172 0.00873756408691406 -0.0554237365722656 0.0396842956542969
-0.0223808288574219 0.0166206359863281 -0.141342163085938 0.008575439453125
-0.0301342010498047 0.00975799560546875 -0.216400146484375 -0.0404052734375
-0.0273284912109375 -0.0134735107421875 -0.236434936523438 -0.093505859375
-0.0129852294921875 -0.0330371856689453 -0.185867309570312 -0.179031372070313
0.0170078277587891 -0.0287151336669922 -0.0529022216796875 -0.266693115234375
0.0364303588867188 -0.0181808471679688 0.0352325439453125 -0.199203491210938
0.0206584930419922 -0.0199127197265625 -0.0902099609375 -0.1197509765625
0.0925674438476563 -0.126327514648438 -0.0305290222167969 0.024017333984375
0.126968383789063 -0.168914794921875 -0.143783569335938 -0.243637084960937
0.038818359375 -0.183181762695313 -0.322601318359375 -0.27996826171875
-0.0475234985351562 -0.123672485351562 -0.411865234375 -0.08465576171875
-0.0692138671875 -0.0573158264160156 -0.267135620117188 0.103866577148438
-0.0683479309082031 -0.00206375122070312 -0.120010375976563 0.15191650390625
-0.0555381774902344 0.0255661010742188 -0.0329513549804688 0.090240478515625
-0.0593719482421875 0.0165863037109375 -0.043487548828125 0.0281410217285156
-0.0643043518066406 0.0293197631835937 -0.126792907714844 -0.007965087890625
-0.0737152099609375 0.0136795043945313 -0.195144653320313 -0.0596466064453125
-0.0689010620117188 -0.0301513671875 -0.204940795898438 -0.120956420898438
-0.0390968322753906 -0.0653266906738281 -0.143951416015625 -0.20501708984375
0.0280723571777344 -0.0671348571777344 0.00328063964843748 -0.267623901367188
0.0620040893554688 -0.0426445007324219 0.0763092041015625 -0.17840576171875
0.0388984680175781 -0.0379257202148438 -0.076324462890625 -0.1021728515625
0.0937652587890625 -0.143218994140625 -0.0214958190917969 0.00670242309570312
0.1102294921875 -0.19140625 -0.205078125 -0.180679321289063
0.022552490234375 -0.209732055664063 -0.366241455078125 -0.1077880859375
-0.073577880859375 -0.151397705078125 -0.364013671875 0.0833129882812501
-0.100074768066406 -0.076324462890625 -0.17999267578125 0.169509887695313
-0.105430603027344 -0.00732421874999999 -0.053436279296875 0.15277099609375
-0.0848236083984375 0.0304031372070312 0.000526428222656237 0.0737152099609375
-0.0865020751953125 0.0201492309570313 -0.0248947143554688 0.0136260986328125
-0.0946731567382813 0.034698486328125 -0.102043151855469 -0.0323486328125
-0.106025695800781 0.0118865966796875 -0.150177001953125 -0.0907135009765625
-0.102676391601563 -0.0453948974609375 -0.137054443359375 -0.165847778320313
-0.0660476684570313 -0.090911865234375 -0.05230712890625 -0.236160278320313
0.0240478515625 -0.107131958007812 0.110519409179688 -0.244796752929688
0.0714035034179688 -0.0787277221679687 0.141159057617188 -0.125289916992188
0.0530281066894531 -0.0670890808105469 -0.05645751953125 -0.0766830444335938
0.0744857788085937 -0.123146057128906 -0.0148582458496094 0.0101642608642578
0.0805206298828125 -0.15679931640625 -0.2325439453125 -0.0670623779296875
0.012054443359375 -0.185226440429688 -0.316741943359375 0.0813293457031249
-0.0820159912109375 -0.146530151367188 -0.227096557617188 0.225082397460938
-0.116378784179687 -0.0807571411132813 -0.0527496337890625 0.206832885742187
-0.12890625 -0.00695037841796876 0.0306243896484375 0.136848449707031
-0.101821899414063 0.0324020385742188 0.0419883728027344 0.05133056640625
-0.101081848144531 0.0196533203125 -0.00208091735839844 -0.0028231143951416
-0.110992431640625 0.0322113037109375 -0.0650825500488281 -0.0570907592773438
-0.121658325195313 0.00566864013671873 -0.078399658203125 -0.123619079589844
-0.12152099609375 -0.05682373046875 -0.02484130859375 -0.204177856445313
-0.0875244140625 -0.110885620117188 0.09130859375 -0.235641479492188
0.0126953125 -0.150146484375 0.245468139648438 -0.156570434570313
0.0740585327148437 -0.128929138183594 0.202117919921875 -0.031524658203125
0.0681304931640625 -0.104820251464844 -0.0369987487792969 -0.0527381896972656
0.0508956909179688 -0.0834426879882813 0.00180435180664063 0.0360870361328125
0.06243896484375 -0.0966262817382813 -0.197265625 0.055145263671875
0.0193939208984375 -0.138420104980469 -0.189453125 0.21185302734375
-0.068267822265625 -0.122634887695313 -0.0533447265625 0.283447265625
-0.111587524414062 -0.0724334716796875 0.0760498046875 0.196701049804687
-0.131263732910156 -0.00388336181640623 0.113533020019531 0.102729797363281
-0.103912353515625 0.0309600830078125 0.0850143432617188 0.0253143310546875
-0.10076904296875 0.0157623291015625 0.0226688385009766 -0.0183334350585938
-0.110000610351563 0.0235061645507813 -0.0207061767578125 -0.0800094604492188
-0.116943359375 -0.00415039062499998 0.0102386474609375 -0.143783569335938
-0.118003845214844 -0.0659866333007812 0.113662719726562 -0.20263671875
-0.089385986328125 -0.124008178710937 0.24871826171875 -0.16143798828125
0.014801025390625 -0.186676025390625 0.3438720703125 0.00897216796874999
0.088104248046875 -0.174057006835938 0.223098754882813 0.08599853515625
0.0837783813476562 -0.131744384765625 -0.0175704956054687 -0.0398902893066406
0.0274734497070313 -0.0481681823730469 0.0274810791015625 0.0708770751953125
0.0486602783203125 -0.044830322265625 -0.12353515625 0.14312744140625
0.024749755859375 -0.091461181640625 -0.0522308349609375 0.257064819335937
-0.0453643798828125 -0.0896072387695313 0.08856201171875 0.2686767578125
-0.0879440307617188 -0.0536422729492187 0.170684814453125 0.155258178710938
-0.109375 -0.000297546386718729 0.17578125 0.0621490478515625
-0.0875167846679687 0.0232925415039063 0.1202392578125 0.000297546386718751
-0.0849761962890625 0.00833892822265626 0.0462837219238281 -0.0314483642578125
-0.0901336669921875 0.011962890625 0.0228652954101563 -0.0952682495117188
-0.0920257568359375 -0.0117721557617188 0.09185791015625 -0.144760131835938
-0.0909957885742188 -0.0632247924804688 0.232162475585938 -0.152236938476563
-0.0653915405273437 -0.117607116699219 0.3525390625 -0.021087646484375
0.0349884033203125 -0.18804931640625 0.349822998046875 0.20318603515625
0.106475830078125 -0.1805419921875 0.196640014648437 0.186309814453125
0.0889663696289063 -0.128364562988281 0.00803756713867188 -0.0430946350097656
0.00240516662597656 -0.0253086090087891 0.0558853149414062 0.098724365234375
0.0273685455322266 -0.0121479034423828 -0.0539703369140625 0.188247680664063
0.0182952880859375 -0.0496635437011719 0.0431976318359375 0.253707885742187
-0.0234603881835937 -0.0502471923828125 0.172195434570312 0.2265625
-0.053802490234375 -0.0309906005859375 0.2216796875 0.1129150390625
-0.0712509155273438 -0.000473022460937496 0.212661743164063 0.0279388427734375
-0.0579643249511719 0.0102272033691406 0.1439208984375 -0.0188140869140625
-0.0562553405761719 -0.001251220703125 0.0632247924804688 -0.0415077209472656
-0.056671142578125 0.000774383544921877 0.0547332763671875 -0.103515625
-0.0535430908203125 -0.0137939453125 0.148910522460937 -0.135025024414063
-0.0521392822265625 -0.0443458557128906 0.299346923828125 -0.0831298828125
-0.03009033203125 -0.07763671875 0.377471923828125 0.120330810546875
0.0454025268554688 -0.132965087890625 0.281219482421875 0.3489990234375
0.0982742309570313 -0.127403259277344 0.154281616210938 0.243927001953125
0.066253662109375 -0.0868759155273438 0.0395355224609375 -0.05364990234375
-0.0120553970336914 0.00177478790283203 -0.0327568054199219 0.0522994995117188
0.00757503509521484 0.00967311859130859 -0.109222412109375 -0.248138427734375
-0.0153980255126953 0.0189018249511719 -0.271759033203125 -0.3624267578125
0.00060272216796875 0.0242424011230469 -0.407958984375 -0.181427001953125
0.0104436874389648 0.0142478942871094 -0.30877685546875 0.063812255859375
0.0216655731201172 0.00629997253417969 -0.1453857421875 0.155975341796875
0.0230236053466797 0.00615119934082031 -0.0466995239257812 0.105056762695313
0.0209941864013672 -0.00112533569335938 -0.0550918579101562 0.0442276000976563
0.0253238677978516 -0.00272178649902344 -0.14111328125 0.0242462158203125
0.020843505859375 -0.0009307861328125 -0.217803955078125 -0.01959228515625
0.0198326110839844 0.00279808044433594 -0.248382568359375 -0.068634033203125
0.0139608383178711 0.00372886657714844 -0.20477294921875 -0.159011840820313
-0.000659942626953125 0.0122623443603516 -0.0808868408203125 -0.263259887695313
-0.000549674034118652 0.00203597545623779 0.013885498046875 -0.205825805664063
-0.00524044036865235 -0.00969982147216797 -0.0953445434570313 -0.115791320800781
0.0483551025390625 -0.0755157470703125 -0.037628173828125 0.0479583740234375
0.081329345703125 -0.0971908569335938 -0.118606567382813 -0.24871826171875
0.0182723999023437 -0.0980682373046875 -0.28271484375 -0.3477783203125
-0.0255203247070313 -0.0565681457519531 -0.411224365234375 -0.15948486328125
-0.0333347320556641 -0.0209922790527344 -0.298492431640625 0.07598876953125
-0.0249500274658203 0.00584030151367188 -0.141448974609375 0.157821655273438
-0.0176239013671875 0.0187892913818359 -0.0452041625976562 0.103744506835938
-0.0222148895263672 0.0107192993164062 -0.0535659790039063 0.0425872802734375
-0.020904541015625 0.0178661346435547 -0.140914916992188 0.0200042724609375
-0.0281219482421875 0.0117874145507813 -0.218765258789063 -0.0206756591796875
-0.0279617309570313 -0.0112876892089844 -0.242141723632813 -0.0716552734375
-0.0161457061767578 -0.0325412750244141 -0.200027465820313 -0.161895751953125
0.0158557891845703 -0.0301170349121094 -0.0747222900390625 -0.25933837890625
0.0350246429443359 -0.0213470458984375 0.0173187255859375 -0.20233154296875
0.0187187194824219 -0.0216121673583984 -0.0997543334960938 -0.111846923828125
0.0827560424804687 -0.130958557128906 -0.0314216613769531 0.0258808135986328
0.112319946289063 -0.1783447265625 -0.16583251953125 -0.231430053710938
0.02386474609375 -0.184677124023438 -0.34503173828125 -0.25213623046875
-0.057464599609375 -0.118789672851563 -0.4129638671875 -0.04779052734375
-0.0717544555664063 -0.0507583618164063 -0.252700805664063 0.126205444335938
-0.0673599243164063 0.00214004516601562 -0.103378295898438 0.159866333007812
-0.05419921875 0.027923583984375 -0.0260696411132812 0.0914077758789063
-0.0584945678710938 0.0222740173339844 -0.0426902770996094 0.0315055847167969
-0.0620918273925781 0.03448486328125 -0.128128051757813 0.00289154052734378
-0.07171630859375 0.0189437866210937 -0.197677612304687 -0.041107177734375
-0.071807861328125 -0.0244293212890625 -0.212631225585938 -0.102386474609375
-0.0457801818847656 -0.062469482421875 -0.159759521484375 -0.191619873046875
0.023681640625 -0.0708236694335938 -0.020355224609375 -0.26544189453125
0.0580940246582031 -0.0478668212890625 0.0594635009765625 -0.184173583984375
0.0368003845214844 -0.0397186279296875 -0.0838241577148438 -0.0959320068359375
0.082275390625 -0.146987915039063 -0.0238418579101562 0.00878524780273437
0.0942840576171875 -0.198532104492187 -0.22027587890625 -0.164810180664063
0.0052490234375 -0.209457397460938 -0.375335693359375 -0.0768127441406251
-0.085052490234375 -0.1455078125 -0.351165771484375 0.113372802734375
-0.103691101074219 -0.067962646484375 -0.160140991210938 0.183242797851562
-0.103988647460937 -0.000434875488281229 -0.039215087890625 0.154647827148438
-0.0827407836914063 0.0355682373046875 0.005218505859375 0.0722427368164063
-0.0855789184570313 0.0273971557617187 -0.0251903533935547 0.0149211883544922
-0.0918960571289062 0.0419692993164063 -0.104393005371094 -0.0220184326171875
-0.104515075683594 0.02032470703125 -0.157058715820313 -0.0750885009765625
-0.105995178222656 -0.0369415283203125 -0.149887084960938 -0.15179443359375
-0.0732650756835938 -0.0861053466796875 -0.0721893310546875 -0.230178833007813
0.0166778564453125 -0.10882568359375 0.0874176025390625 -0.252700805664063
0.0655288696289063 -0.0840377807617188 0.129440307617188 -0.138839721679688
0.0492324829101563 -0.06890869140625 -0.0615234375 -0.0718154907226563
0.0647659301757813 -0.12579345703125 -0.0157938003540039 0.0116291046142578
0.068084716796875 -0.161239624023438 -0.238937377929688 -0.0476226806640625
-0.00202941894531251 -0.184341430664063 -0.309967041015625 0.108734130859375
-0.0929489135742187 -0.138694763183594 -0.204345703125 0.244216918945312
-0.121025085449219 -0.07159423828125 -0.032958984375 0.2086181640625
-0.129302978515625 0.00158691406250001 0.04278564453125 0.131301879882813
-0.100791931152344 0.0387420654296875 0.0456390380859375 0.0460014343261719
-0.0997695922851563 0.0292282104492188 -0.0030660629272461 -0.00168728828430176
-0.108154296875 0.0410919189453125 -0.070343017578125 -0.0496673583984375
-0.120979309082031 0.0145950317382812 -0.08819580078125 -0.113174438476563
-0.125457763671875 -0.0486907958984375 -0.0419921875 -0.199905395507813
-0.0960769653320312 -0.104820251464844 0.06964111328125 -0.242233276367188
0.0024566650390625 -0.150131225585938 0.229782104492188 -0.177078247070313
0.0633544921875 -0.133003234863281 0.199005126953125 -0.0500030517578125
0.059234619140625 -0.105743408203125 -0.0383834838867187 -0.0494728088378906
0.0457382202148438 -0.0850906372070312 0.002349853515625 0.0350933074951172
0.057464599609375 -0.100494384765625 -0.1939697265625 0.069732666015625
0.00853729248046876 -0.138526916503906 -0.173049926757812 0.226104736328125
-0.0772857666015625 -0.117645263671875 -0.028167724609375 0.28656005859375
-0.116157531738281 -0.0640182495117188 0.09332275390625 0.187484741210938
-0.131195068359375 0.00557708740234374 0.12127685546875 0.0920867919921875
-0.101646423339844 0.0377349853515625 0.08612060546875 0.017425537109375
-0.100059509277344 0.0248260498046875 0.0201511383056641 -0.0188674926757813
-0.107696533203125 0.03265380859375 -0.0278091430664063 -0.07513427734375
-0.117141723632813 0.00466156005859374 -0.00182342529296875 -0.140495300292969
-0.122276306152344 -0.055572509765625 0.095062255859375 -0.210372924804688
-0.0974044799804687 -0.116447448730469 0.232009887695313 -0.183242797851563
0.000885009765625008 -0.186691284179688 0.34271240234375 -0.020721435546875
0.0722503662109375 -0.177993774414063 0.230194091796875 0.0668487548828125
0.07318115234375 -0.134414672851563 -0.0183029174804687 -0.0374832153320313
0.0254631042480469 -0.0494766235351563 0.0314407348632812 0.0676689147949219
0.0483818054199219 -0.0481185913085938 -0.112518310546875 0.149887084960938
0.0177001953125 -0.0934982299804688 -0.0332183837890625 0.258895874023438
-0.0527114868164063 -0.0859527587890625 0.110946655273438 0.259140014648437
-0.09136962890625 -0.04644775390625 0.182723999023437 0.140609741210937
-0.109107971191406 0.00733947753906248 0.179763793945313 0.0462799072265625
-0.0868301391601563 0.0290985107421875 0.119598388671875 -0.0100631713867188
-0.0847625732421875 0.0163192749023437 0.0429611206054687 -0.0343475341796875
-0.0891342163085938 0.0192108154296875 0.0138168334960938 -0.09393310546875
-0.0908966064453125 -0.00424194335937499 0.07904052734375 -0.148330688476562
-0.0954513549804687 -0.0547409057617188 0.216110229492188 -0.170486450195313
-0.074127197265625 -0.112030029296875 0.3460693359375 -0.05255126953125
0.01971435546875 -0.18890380859375 0.363922119140625 0.17132568359375
0.0892181396484375 -0.186279296875 0.211715698242188 0.170135498046875
0.0783615112304688 -0.132209777832031 0.00753021240234375 -0.0419082641601563
0.00201988220214844 -0.0246200561523438 0.0627517700195313 0.0927047729492188
0.0292911529541016 -0.0146808624267578 -0.0380859375 0.1881103515625
0.0132904052734375 -0.0501441955566406 0.0620574951171875 0.24566650390625
-0.0283432006835938 -0.0480079650878906 0.18975830078125 0.210174560546875
-0.0554962158203125 -0.0265121459960937 0.228927612304688 0.093994140625
-0.0708847045898438 0.00569915771484375 0.2130126953125 0.0084686279296875
-0.0571212768554687 0.0143928527832031 0.14141845703125 -0.03228759765625
-0.0566177368164063 0.00378799438476563 0.0604400634765625 -0.0450820922851563
-0.0569801330566406 0.00507736206054688 0.045318603515625 -0.104812622070313
-0.05291748046875 -0.00951004028320312 0.134872436523438 -0.143295288085938
-0.0549659729003906 -0.0389595031738281 0.288543701171875 -0.1070556640625
-0.0358505249023438 -0.0748977661132813 0.38311767578125 0.08612060546875
0.0341720581054688 -0.135185241699219 0.30706787109375 0.323211669921875
0.0854110717773438 -0.133743286132813 0.173812866210938 0.231246948242188
0.0585174560546875 -0.0894775390625 0.0374565124511719 -0.0548629760742188
-0.0116376876831055 0.00412464141845703 -0.0299606323242187 0.0526008605957031
0.00727081298828125 0.00911617279052734 -0.120819091796875 -0.233489990234375
-0.0135402679443359 0.0186481475830078 -0.2816162109375 -0.337127685546875
0.00251579284667969 0.0227108001708984 -0.40155029296875 -0.15142822265625
0.0108375549316406 0.0127792358398438 -0.2923583984375 0.07965087890625
0.0205516815185547 0.003997802734375 -0.1292724609375 0.157760620117188
0.0214405059814453 0.00347709655761719 -0.0402679443359375 0.102554321289063
0.0208778381347656 -0.00189590454101563 -0.0522918701171875 0.0453338623046875
0.0251998901367188 -0.00481605529785156 -0.135536193847656 0.0307540893554688
0.0201950073242188 -0.00203895568847656 -0.213211059570313 -0.00712585449218749
0.0191459655761719 0.00168228149414062 -0.242782592773438 -0.051605224609375
0.0135536193847656 0.00250244140625 -0.205474853515625 -0.141464233398438
0.000571250915527344 0.0120372772216797 -0.0940093994140625 -0.247711181640625
-0.000311613082885742 0.00194573402404785 0.000579833984374985 -0.200347900390625
-0.00504016876220703 -0.00960159301757813 -0.0982742309570312 -0.107925415039063
0.0421829223632813 -0.07415771484375 -0.0354156494140625 0.0484886169433594
0.0736923217773438 -0.0983123779296875 -0.128646850585937 -0.235671997070312
0.012451171875 -0.096038818359375 -0.2919921875 -0.320220947265625
-0.0275688171386719 -0.0537261962890625 -0.405426025390625 -0.1307373046875
-0.0325584411621094 -0.0178642272949219 -0.279937744140625 0.0897064208984374
-0.0228252410888672 0.00642204284667969 -0.12579345703125 0.158493041992188
-0.0158119201660156 0.0185050964355469 -0.03839111328125 0.102088928222656
-0.0206260681152344 0.0120830535888672 -0.0507278442382812 0.0439491271972656
-0.0191097259521484 0.0185890197753906 -0.136001586914062 0.0276870727539063
-0.0261116027832031 0.0130386352539062 -0.21282958984375 -0.00659179687499997
-0.028564453125 -0.00933647155761718 -0.237335205078125 -0.0552368164062499
-0.0180187225341797 -0.0311260223388672 -0.20098876953125 -0.144821166992188
0.0146675109863281 -0.0307235717773437 -0.0876007080078125 -0.245468139648438
0.03387451171875 -0.0225696563720703 0.00390625000000001 -0.197418212890625
0.0172119140625 -0.0213108062744141 -0.102188110351562 -0.102149963378906
0.0726089477539063 -0.129356384277344 -0.0302772521972656 0.0276641845703125
0.0993804931640625 -0.17724609375 -0.174163818359375 -0.214096069335938
0.0130462646484375 -0.179702758789063 -0.34674072265625 -0.222320556640625
-0.061004638671875 -0.111763000488281 -0.398040771484375 -0.0221557617187499
-0.0712966918945313 -0.044830322265625 -0.233612060546875 0.134735107421875
-0.065032958984375 0.00510406494140626 -0.0891265869140625 0.158157348632813
-0.0514373779296875 0.0290679931640625 -0.0205535888671875 0.0893096923828125
-0.0556983947753906 0.0247344970703125 -0.0401344299316406 0.0328941345214844
-0.0575103759765625 0.0384063720703125 -0.125083923339844 0.0108795166015625
-0.06817626953125 0.0224380493164062 -0.194656372070313 -0.0268096923828125
-0.07147216796875 -0.0204849243164063 -0.211318969726563 -0.08538818359375
-0.0484809875488281 -0.0594329833984375 -0.165908813476563 -0.174713134765625
0.0203628540039062 -0.070587158203125 -0.035064697265625 -0.25433349609375
0.0551719665527344 -0.0490379333496094 0.045501708984375 -0.183181762695313
0.034942626953125 -0.0389785766601563 -0.0858078002929688 -0.0879974365234375
0.0716094970703125 -0.1453857421875 -0.0249958038330078 0.0102005004882812
0.0810394287109375 -0.196548461914063 -0.225173950195312 -0.1456298828125
-0.00555419921874999 -0.203109741210938 -0.365753173828125 -0.05120849609375
-0.0893325805664063 -0.134429931640625 -0.329742431640625 0.129791259765625
-0.103584289550781 -0.060333251953125 -0.142364501953125 0.184478759765625
-0.1015625 0.00548553466796873 -0.0287628173828125 0.150131225585938
-0.079833984375 0.0377044677734375 0.0088958740234375 0.069061279296875
-0.0815582275390625 0.0320892333984375 -0.0247211456298828 0.0171394348144531
-0.0871353149414063 0.0464248657226562 -0.103111267089844 -0.0145111083984375
-0.0993118286132813 0.024383544921875 -0.155349731445312 -0.0608978271484375
-0.105201721191406 -0.0309677124023438 -0.152664184570312 -0.137115478515625
-0.0762481689453125 -0.0803909301757813 -0.0840301513671875 -0.21820068359375
0.01300048828125 -0.107597351074219 0.0699920654296875 -0.2486572265625
0.0602569580078125 -0.0828933715820313 0.116729736328125 -0.141983032226562
0.04541015625 -0.0671043395996094 -0.0620307922363281 -0.0670127868652344
0.0567092895507812 -0.124443054199219 -0.0165081024169922 0.0134563446044922
0.059295654296875 -0.159088134765625 -0.236114501953125 -0.032257080078125
-0.0108184814453125 -0.178451538085938 -0.29498291015625 0.1243896484375
-0.0958099365234375 -0.12969970703125 -0.181961059570312 0.2469482421875
-0.119895935058594 -0.063385009765625 -0.0177001953125 0.202865600585938
-0.125846862792969 0.008636474609375 0.049163818359375 0.123245239257812
-0.0969772338867187 0.0421524047851563 0.0461196899414062 0.0416946411132813
-0.09576416015625 0.0341949462890625 -0.00380730628967286 -0.000115633010864256
-0.103118896484375 0.0464248657226562 -0.0715484619140625 -0.04193115234375
-0.115798950195313 0.020294189453125 -0.0908966064453125 -0.101692199707031
-0.12493896484375 -0.0403594970703125 -0.0518646240234375 -0.189407348632813
-0.0987319946289063 -0.0975341796875 0.0521240234375 -0.23870849609375
-0.00398254394531249 -0.145736694335937 0.210968017578125 -0.1844482421875
0.0555953979492188 -0.130264282226563 0.189346313476562 -0.06109619140625
0.0546112060546875 -0.103729248046875 -0.0387001037597656 -0.0451240539550781
0.0407943725585938 -0.0833969116210937 0.00337791442871094 0.035125732421875
0.052978515625 -0.100807189941406 -0.185562133789062 0.0777435302734375
0.00290679931640624 -0.135124206542969 -0.156661987304688 0.230117797851562
-0.0802841186523438 -0.110244750976562 -0.00978088378906253 0.278427124023438
-0.115097045898438 -0.0562667846679687 0.102676391601563 0.1761474609375
-0.127838134765625 0.0119781494140625 0.121635437011719 0.0803604125976563
-0.09881591796875 0.0413970947265625 0.0831451416015625 0.01123046875
-0.0960693359375 0.0301437377929687 0.0185279846191406 -0.0177841186523437
-0.103179931640625 0.037261962890625 -0.0310096740722656 -0.0693206787109375
-0.111648559570312 0.0104446411132813 -0.00942993164062499 -0.132843017578125
-0.121238708496094 -0.04754638671875 0.07928466796875 -0.208114624023438
-0.101676940917969 -0.108596801757813 0.212127685546875 -0.189697265625
-0.00878906250000001 -0.180068969726562 0.3302001953125 -0.0399169921875
0.0608367919921875 -0.174896240234375 0.227676391601563 0.0512237548828125
0.0650405883789062 -0.130752563476563 -0.0172538757324219 -0.0345726013183594
0.0234718322753906 -0.0486946105957031 0.0339164733886719 0.0644187927246094
0.0470733642578125 -0.0502738952636719 -0.101730346679688 0.150131225585938
0.0132675170898437 -0.0913543701171875 -0.020477294921875 0.25177001953125
-0.0556869506835937 -0.0808792114257813 0.121902465820312 0.243789672851563
-0.0906143188476563 -0.041107177734375 0.185089111328125 0.124801635742187
-0.106239318847656 0.012847900390625 0.175521850585938 0.033355712890625
-0.0834808349609375 0.0325851440429688 0.114715576171875 -0.0171661376953125
-0.08197021484375 0.0214080810546875 0.0400733947753906 -0.03369140625
-0.085601806640625 0.023895263671875 0.00844573974609374 -0.089385986328125
-0.0875473022460938 0.000511169433593744 0.0671539306640625 -0.14459228515625
-0.094879150390625 -0.047210693359375 0.198699951171875 -0.176223754882813
-0.0785751342773437 -0.104255676269531 0.330078125 -0.070556640625
0.00898742675781252 -0.184188842773438 0.361328125 0.14691162109375
0.076080322265625 -0.183853149414063 0.215423583984375 0.152877807617188
0.0691986083984375 -0.129035949707031 0.0068359375 -0.0407447814941406
0.00199699401855469 -0.0233707427978516 0.0662689208984375 0.085357666015625
0.0308551788330078 -0.0161037445068359 -0.0271759033203125 0.180953979492188
0.0105018615722656 -0.0493087768554688 0.0700836181640625 0.232437133789062
-0.0298919677734375 -0.0454177856445313 0.194061279296875 0.191925048828125
-0.0544967651367188 -0.0225715637207031 0.225967407226563 0.0778961181640625
-0.0684967041015625 0.00846099853515625 0.205551147460938 -0.004058837890625
-0.0554351806640625 0.0176887512207031 0.135406494140625 -0.039825439453125
-0.0554161071777344 0.00899124145507813 0.0565757751464844 -0.0467376708984375
-0.0552024841308594 0.00873947143554688 0.0368423461914063 -0.101509094238281
-0.0524826049804688 -0.00546264648437499 0.121200561523437 -0.143478393554688
-0.0551376342773438 -0.0345077514648437 0.271026611328125 -0.119842529296875
-0.03875732421875 -0.0707550048828125 0.373382568359375 0.061248779296875
0.0252761840820312 -0.132072448730469 0.31439208984375 0.2957763671875
0.074432373046875 -0.133148193359375 0.181045532226563 0.215530395507812
0.052337646484375 -0.0882034301757812 0.0350799560546875 -0.0545120239257813
-0.0110559463500977 0.00588417053222656 -0.0294227600097656 0.0528068542480469
0.00700283050537109 0.00894737243652344 -0.123687744140625 -0.225799560546875
-0.01312255859375 0.0192699432373047 -0.28326416015625 -0.321075439453125
0.00262451171875 0.0206966400146484 -0.392822265625 -0.136627197265625
0.0101604461669922 0.0121240615844727 -0.28076171875 0.0849609375
0.0194187164306641 0.00271987915039063 -0.120559692382812 0.155487060546875
0.0213222503662109 0.00238418579101563 -0.037078857421875 0.101348876953125
0.0200405120849609 -0.00315666198730469 -0.0515594482421875 0.0448379516601563
0.0246315002441406 -0.00587654113769531 -0.133110046386719 0.032623291015625
0.0201225280761719 -0.00279617309570313 -0.20947265625 -0.000549316406249975
0.0188121795654297 0.00116348266601562 -0.2384033203125 -0.0435333251953125
0.0125741958618164 0.00247383117675781 -0.203475952148438 -0.133560180664063
0.00106430053710937 0.0113315582275391 -0.097442626953125 -0.238311767578125
0.00061345100402832 0.00234341621398926 -0.00558471679687499 -0.195480346679688
-0.0052337646484375 -0.00906944274902344 -0.0990524291992188 -0.103042602539063
0.0388107299804688 -0.0721435546875 -0.0338592529296875 0.0490913391113281
0.0696487426757812 -0.0979080200195312 -0.13232421875 -0.227264404296875
0.0106124877929688 -0.0944671630859375 -0.291748046875 -0.30535888671875
-0.0273780822753906 -0.0517463684082031 -0.396087646484375 -0.117095947265625
-0.0313167572021484 -0.0166492462158203 -0.268386840820313 0.093780517578125
-0.0223770141601563 0.00631523132324218 -0.116790771484375 0.1563720703125
-0.0161209106445313 0.0178489685058594 -0.0353012084960937 0.100044250488281
-0.0199317932128906 0.0133914947509766 -0.0495643615722656 0.0437965393066406
-0.0181350708007813 0.0189170837402344 -0.133171081542969 0.0303878784179687
-0.0251026153564453 0.0132064819335938 -0.20880126953125 0.000396728515625036
-0.0286750793457031 -0.00860404968261718 -0.233688354492188 -0.047637939453125
-0.0190811157226563 -0.0298404693603516 -0.19976806640625 -0.136260986328125
0.0148143768310547 -0.0308170318603516 -0.091766357421875 -0.23681640625
0.0335044860839844 -0.0231342315673828 -0.00250244140625002 -0.193344116210938
0.0172080993652344 -0.0204887390136719 -0.102607727050781 -0.0968475341796875
0.0681915283203125 -0.127410888671875 -0.0299205780029297 0.0291156768798828
0.0930938720703125 -0.175979614257813 -0.176956176757812 -0.204559326171875
0.00900268554687502 -0.175827026367188 -0.3443603515625 -0.206939697265625
-0.0622177124023438 -0.107131958007813 -0.38848876953125 -0.0104064941406251
-0.0699958801269531 -0.04193115234375 -0.221405029296875 0.135940551757813
-0.0636444091796875 0.00647354125976564 -0.0825958251953125 0.154922485351562
-0.0507469177246094 0.0302467346191406 -0.0183029174804687 0.0868911743164063
-0.0543708801269531 0.0262451171875 -0.0394744873046875 0.0332374572753906
-0.0559310913085937 0.0380210876464844 -0.123023986816406 0.0141983032226563
-0.0657386779785156 0.0230941772460937 -0.191070556640625 -0.0188446044921875
-0.0714035034179688 -0.0183868408203125 -0.2088623046875 -0.07830810546875
-0.0493736267089844 -0.0572242736816406 -0.166412353515625 -0.166915893554688
0.0196762084960938 -0.0706405639648438 -0.040679931640625 -0.24725341796875
0.0543289184570313 -0.0497016906738281 0.039581298828125 -0.181228637695312
0.0350151062011719 -0.0376052856445313 -0.0851516723632812 -0.0848770141601563
0.0669403076171875 -0.142440795898438 -0.0242900848388672 0.0118942260742187
0.0760650634765625 -0.193649291992188 -0.224822998046875 -0.135711669921875
-0.00856018066406248 -0.198165893554688 -0.35955810546875 -0.039276123046875
-0.0897598266601562 -0.129081726074219 -0.3173828125 0.135498046875
-0.101486206054687 -0.0571975708007813 -0.132232666015625 0.181838989257813
-0.100067138671875 0.00743865966796876 -0.0236663818359375 0.1448974609375
-0.0792083740234375 0.039215087890625 0.00925064086914061 0.0662879943847656
-0.0794906616210938 0.0342025756835938 -0.0232429504394531 0.0180301666259766
-0.0847320556640625 0.0478897094726562 -0.102607727050781 -0.00980377197265626
-0.097198486328125 0.0258712768554687 -0.152999877929688 -0.0531158447265625
-0.105247497558594 -0.028228759765625 -0.15338134765625 -0.12969970703125
-0.0776596069335938 -0.0781021118164062 -0.0875091552734375 -0.210494995117188
0.0121002197265625 -0.106941223144531 0.0623931884765625 -0.244598388671875
0.0590744018554687 -0.0833282470703125 0.109588623046875 -0.143630981445313
0.0451087951660156 -0.0650138854980469 -0.0615158081054687 -0.0640296936035156
0.0533676147460937 -0.120979309082031 -0.0160999298095703 0.0143289566040039
0.0570526123046875 -0.156951904296875 -0.233184814453125 -0.0255126953125
-0.0119171142578125 -0.17449951171875 -0.285675048828125 0.131011962890625
-0.0970611572265625 -0.124557495117187 -0.170486450195313 0.246353149414063
-0.118118286132813 -0.0607070922851563 -0.0106353759765625 0.197189331054687
-0.123863220214844 0.0113449096679687 0.051025390625 0.1180419921875
-0.0958709716796875 0.0443954467773438 0.0455093383789063 0.0385704040527344
-0.0940704345703125 0.0362930297851563 -0.00351858139038087 0.000998258590698244
-0.101211547851563 0.0479660034179688 -0.0711669921875 -0.037567138671875
-0.112525939941406 0.0220870971679687 -0.0908737182617187 -0.0937347412109375
-0.123626708984375 -0.0372161865234375 -0.0559539794921875 -0.183609008789063
-0.0992431640625 -0.0930557250976563 0.0442352294921875 -0.234024047851563
-0.00523376464843751 -0.144210815429688 0.202346801757813 -0.185775756835938
0.0532684326171875 -0.128044128417969 0.184188842773438 -0.065277099609375
0.0536117553710938 -0.0999908447265625 -0.0375442504882812 -0.0437660217285156
0.0385894775390625 -0.0824508666992188 0.0037994384765625 0.0358085632324219
0.052490234375 -0.100715637207031 -0.181289672851563 0.08148193359375
0.00173950195312499 -0.13323974609375 -0.149398803710937 0.230545043945312
-0.0810623168945313 -0.10687255859375 -0.00175476074218751 0.272140502929688
-0.113609313964844 -0.0541000366210937 0.104995727539062 0.16815185546875
-0.126106262207031 0.01483154296875 0.121009826660156 0.0744705200195313
-0.09735107421875 0.0435638427734375 0.0816421508789063 0.008026123046875
-0.0942611694335938 0.0325698852539062 0.0187263488769531 -0.0168991088867188
-0.101264953613281 0.0399093627929688 -0.0321044921875 -0.0646400451660156
-0.1087646484375 0.012847900390625 -0.0115432739257812 -0.126869201660156
-0.1201171875 -0.0442962646484375 0.0717620849609375 -0.205474853515625
-0.102012634277344 -0.104042053222656 0.20172119140625 -0.190933227539063
-0.010833740234375 -0.176223754882813 0.3223876953125 -0.046417236328125
0.056396484375 -0.171051025390625 0.224563598632813 0.0437469482421875
0.062957763671875 -0.1265869140625 -0.015960693359375 -0.0336780548095703
0.0228157043457031 -0.0477523803710938 0.0340003967285156 0.0632553100585938
0.04815673828125 -0.0516777038574219 -0.0975189208984375 0.148941040039062
0.01226806640625 -0.0907058715820312 -0.01641845703125 0.248260498046875
-0.05670166015625 -0.0790863037109375 0.12493896484375 0.23431396484375
-0.0893630981445313 -0.03900146484375 0.184097290039062 0.116806030273437
-0.104660034179688 0.0152435302734375 0.172454833984375 0.0277099609375
-0.081878662109375 0.0350265502929687 0.111656188964844 -0.0210647583007812
-0.080291748046875 0.0238113403320312 0.0396385192871094 -0.0328903198242188
-0.0844497680664063 0.0258560180664063 0.00559997558593749 -0.0849990844726563
-0.0854873657226563 0.00251007080078127 0.06231689453125 -0.14111328125
-0.0941238403320313 -0.0439987182617188 0.188278198242188 -0.178009033203125
-0.0789337158203125 -0.100143432617187 0.319671630859375 -0.076934814453125
0.00561523437500001 -0.17926025390625 0.357513427734375 0.134368896484375
0.0706024169921875 -0.180206298828125 0.214828491210938 0.1453857421875
0.0669937133789063 -0.125503540039063 0.00807952880859376 -0.039337158203125
0.00173377990722656 -0.0231685638427734 0.0666275024414063 0.0822601318359375
0.0321674346923828 -0.0176925659179688 -0.02435302734375 0.17596435546875
0.0102615356445313 -0.0483055114746094 0.070892333984375 0.225479125976563
-0.0310211181640625 -0.0438613891601563 0.194183349609375 0.182098388671875
-0.05322265625 -0.0217018127441406 0.222030639648437 0.0706024169921875
-0.0669479370117188 0.0101661682128906 0.2008056640625 -0.009674072265625
-0.0542030334472656 0.0190925598144531 0.131805419921875 -0.0431976318359375
-0.0545654296875 0.0106315612792969 0.0557785034179688 -0.0456161499023438
-0.0546188354492188 0.0104637145996094 0.0341339111328125 -0.0979766845703125
-0.0503311157226563 -0.00412368774414062 0.114501953125 -0.140716552734375
-0.0547370910644531 -0.0315361022949219 0.260513305664063 -0.123764038085938
-0.0399322509765625 -0.06866455078125 0.364501953125 0.050384521484375
0.0211868286132813 -0.129669189453125 0.3138427734375 0.284393310546875
0.0696487426757813 -0.130516052246094 0.182754516601563 0.208114624023438
0.0505523681640625 -0.0855560302734375 0.034149169921875 -0.053192138671875
-0.0116453170776367 0.00748538970947266 -0.029052734375 0.05462646484375
0.00688266754150391 0.00902748107910156 -0.12969970703125 -0.224136352539063
-0.0126190185546875 0.0202980041503906 -0.291107177734375 -0.316131591796875
0.00327682495117187 0.020263671875 -0.396881103515625 -0.128204345703125
0.0102291107177734 0.0120143890380859 -0.277740478515625 0.09185791015625
0.0181121826171875 0.0025482177734375 -0.117156982421875 0.156768798828125
0.0210247039794922 0.00165557861328125 -0.0356292724609375 0.102569580078125
0.0200366973876953 -0.004180908203125 -0.0516242980957031 0.0456008911132813
0.0246944427490234 -0.00713729858398438 -0.13543701171875 0.0359573364257812
0.0211524963378906 -0.00330924987792969 -0.211898803710938 0.00582885742187499
0.0187225341796875 0.000574111938476563 -0.241363525390625 -0.0381927490234375
0.0123786926269531 0.00268650054931641 -0.207260131835938 -0.129241943359375
0.00157546997070313 0.011723518371582 -0.103530883789062 -0.235748291015625
0.00119686126708984 0.00229382514953613 -0.01104736328125 -0.196868896484375
-0.00604438781738281 -0.00910854339599609 -0.102821350097656 -0.101661682128906
0.0374984741210937 -0.0711288452148438 -0.0324668884277344 0.0505218505859375
0.0671463012695313 -0.100440979003906 -0.138427734375 -0.227127075195313
0.00821685791015624 -0.09600830078125 -0.298675537109375 -0.300262451171875
-0.0283050537109375 -0.0514755249023438 -0.39825439453125 -0.1075439453125
-0.0314388275146484 -0.0160045623779297 -0.264556884765625 0.0996246337890625
-0.0228748321533203 0.00654792785644532 -0.1131591796875 0.158447265625
-0.0164699554443359 0.0192070007324219 -0.0337295532226563 0.100532531738281
-0.02001953125 0.0144691467285156 -0.0490493774414062 0.0447731018066406
-0.0180854797363281 0.019256591796875 -0.1351318359375 0.0339126586914062
-0.0242366790771484 0.01324462890625 -0.210723876953125 0.00700378417968753
-0.0297927856445312 -0.00800514221191406 -0.23602294921875 -0.041900634765625
-0.0205478668212891 -0.0294456481933594 -0.204086303710938 -0.131729125976563
0.0148468017578125 -0.0320930480957031 -0.0980682373046875 -0.234893798828125
0.0341320037841797 -0.0249099731445313 -0.00871276855468752 -0.1951904296875
0.0174751281738281 -0.0208263397216797 -0.104972839355469 -0.0955047607421875
0.0655059814453125 -0.128181457519531 -0.0294132232666016 0.0304412841796875
0.08984375 -0.179595947265625 -0.183395385742188 -0.20208740234375
0.0054779052734375 -0.177536010742188 -0.34967041015625 -0.200347900390625
-0.0645217895507813 -0.105484008789063 -0.388519287109375 -0.000671386718749961
-0.0703582763671875 -0.0407791137695312 -0.217254638671875 0.1397705078125
-0.0644378662109375 0.00798797607421875 -0.07879638671875 0.156402587890625
-0.0513496398925781 0.0325851440429688 -0.0171661376953125 0.087432861328125
-0.0544662475585938 0.0284042358398437 -0.0392227172851563 0.0338821411132813
-0.0561714172363281 0.039886474609375 -0.124992370605469 0.0182113647460938
-0.0657577514648437 0.0245285034179688 -0.19293212890625 -0.0123291015625
-0.0740280151367188 -0.0172653198242188 -0.212539672851563 -0.0732879638671876
-0.0515670776367187 -0.056549072265625 -0.171539306640625 -0.163314819335938
0.0200881958007813 -0.072784423828125 -0.0465545654296875 -0.247344970703125
0.0553436279296875 -0.0520896911621094 0.0340423583984375 -0.184051513671875
0.0359382629394531 -0.0380096435546875 -0.0872802734375 -0.0840911865234375
0.0639190673828125 -0.142776489257813 -0.0239849090576172 0.0130519866943359
0.0735626220703125 -0.19659423828125 -0.230270385742187 -0.13140869140625
-0.011688232421875 -0.200057983398437 -0.3616943359375 -0.0291442871093751
-0.0924072265625 -0.127410888671875 -0.3138427734375 0.14404296875
-0.102912902832031 -0.0562667846679687 -0.126846313476562 0.184432983398438
-0.101333618164063 0.010101318359375 -0.0208587646484375 0.145233154296875
-0.0800552368164063 0.0423126220703125 0.0102806091308594 0.0656089782714844
-0.0797195434570313 0.0369338989257812 -0.0230579376220703 0.0189151763916016
-0.0857696533203125 0.050201416015625 -0.104583740234375 -0.00565338134765625
-0.0974044799804688 0.0282669067382812 -0.15478515625 -0.04754638671875
-0.108238220214844 -0.0265274047851563 -0.157638549804688 -0.126419067382812
-0.0804977416992188 -0.0775299072265625 -0.093780517578125 -0.209442138671875
0.0111618041992187 -0.110198974609375 0.0574951171875 -0.247390747070313
0.0600738525390625 -0.0860061645507813 0.10595703125 -0.147598266601563
0.0465583801269531 -0.0651283264160156 -0.0628662109375 -0.0641708374023438
0.0513763427734375 -0.121719360351562 -0.0158281326293945 0.0160188674926758
0.0552215576171875 -0.159774780273438 -0.236679077148438 -0.01947021484375
-0.0146484375 -0.176437377929688 -0.28485107421875 0.141357421875
-0.0994186401367187 -0.123703002929687 -0.16357421875 0.25250244140625
-0.120468139648438 -0.0598068237304687 -0.00488281250000002 0.196624755859375
-0.125244140625 0.0144729614257813 0.0531692504882813 0.116279602050781
-0.0972671508789063 0.0479202270507813 0.0454902648925781 0.0370674133300781
-0.094268798828125 0.0393447875976563 -0.0030510425567627 0.00166010856628418
-0.101737976074219 0.0513992309570313 -0.0728225708007813 -0.0334320068359375
-0.113449096679687 0.0242919921875 -0.0921401977539063 -0.0902862548828125
-0.126815795898438 -0.0345840454101563 -0.06170654296875 -0.1826171875
-0.102508544921875 -0.0918045043945312 0.038330078125 -0.236297607421875
-0.00628662109374999 -0.146392822265625 0.199935913085938 -0.191650390625
0.0531005859375 -0.130264282226563 0.183151245117187 -0.0708770751953125
0.05438232421875 -0.0999603271484375 -0.0374984741210938 -0.0436630249023438
0.0370635986328125 -0.0822067260742188 0.00522994995117188 0.037139892578125
0.0533676147460938 -0.103858947753906 -0.181869506835938 0.0867156982421875
0.00088500976562499 -0.136100769042969 -0.145584106445312 0.23846435546875
-0.0843734741210937 -0.106590270996094 0.00584411621093751 0.274078369140625
-0.116310119628906 -0.0540008544921875 0.11004638671875 0.165313720703125
-0.128005981445313 0.018157958984375 0.1229248046875 0.0710220336914063
-0.098907470703125 0.04705810546875 0.0817031860351563 0.00504302978515625
-0.0949554443359375 0.0359420776367187 0.0195350646972656 -0.0162277221679687
-0.102210998535156 0.043701171875 -0.033843994140625 -0.0618476867675781
-0.109329223632813 0.0152435302734375 -0.01318359375 -0.125350952148438
-0.122764587402344 -0.04217529296875 0.0664825439453125 -0.208831787109375
-0.104949951171875 -0.1021728515625 0.1976318359375 -0.196334838867188
-0.013153076171875 -0.1776123046875 0.32373046875 -0.053863525390625
0.05419921875 -0.172378540039063 0.22735595703125 0.039031982421875
0.0629730224609375 -0.126976013183594 -0.0151386260986328 -0.0331268310546875
0.0217971801757813 -0.0475997924804688 0.0360908508300781 0.0637359619140625
0.0499267578125 -0.0550727844238281 -0.095916748046875 0.15216064453125
0.0124664306640625 -0.092620849609375 -0.01251220703125 0.251922607421875
-0.0597457885742187 -0.0786056518554688 0.13104248046875 0.232696533203125
-0.0913238525390625 -0.0393142700195312 0.1881103515625 0.112777709960937
-0.106300354003906 0.0181427001953125 0.17376708984375 0.0232391357421875
-0.082733154296875 0.0378952026367187 0.111946105957031 -0.0246124267578125
-0.08074951171875 0.0268402099609375 0.0400352478027344 -0.0331039428710938
-0.0850143432617187 0.0290374755859375 0.0045166015625 -0.0830230712890625
-0.0857315063476563 0.00428771972656249 0.0609283447265625 -0.14105224609375
-0.0961380004882813 -0.0421142578125 0.18402099609375 -0.183258056640625
-0.0817031860351563 -0.0984420776367187 0.318634033203125 -0.085174560546875
0.00170898437499999 -0.18048095703125 0.362701416015625 0.130035400390625
0.06744384765625 -0.182281494140625 0.219482421875 0.142501831054688
0.0661697387695313 -0.125724792480469 0.00847244262695313 -0.0388450622558594
0.00139617919921875 -0.0231800079345703 0.0689849853515625 0.0819778442382812
0.0343685150146484 -0.0205707550048828 -0.0214080810546875 0.176788330078125
0.0107841491699219 -0.0492630004882813 0.0736083984375 0.22650146484375
-0.0334587097167969 -0.0434188842773437 0.197494506835938 0.1778564453125
-0.05426025390625 -0.0211868286132813 0.22491455078125 0.0661773681640625
-0.0677032470703125 0.0120468139648437 0.201889038085938 -0.0144805908203125
-0.0547752380371094 0.0209579467773437 0.132209777832031 -0.047088623046875
-0.0552330017089844 0.0133438110351562 0.0565643310546875 -0.0460968017578125
-0.0555458068847656 0.0124702453613281 0.032623291015625 -0.0963287353515625
-0.050872802734375 -0.00281906127929689 0.1116943359375 -0.141860961914063
-0.0556869506835938 -0.0300331115722656 0.2574462890625 -0.130752563476563
-0.041748046875 -0.0678558349609375 0.367218017578125 0.0428466796875
0.0188140869140625 -0.130264282226563 0.3232421875 0.2801513671875
0.0671920776367187 -0.131660461425781 0.18798828125 0.206771850585938
0.0507049560546875 -0.0856781005859375 0.0347862243652344 -0.0535011291503906
-0.0111265182495117 0.00976467132568359 -0.0267753601074219 0.05712890625
0.00693845748901367 0.00862932205200195 -0.143569946289063 -0.222274780273437
-0.0124092102050781 0.0217647552490234 -0.31103515625 -0.306549072265625
0.00446319580078125 0.0193939208984375 -0.40869140625 -0.109649658203125
0.0111989974975586 0.011871337890625 -0.275222778320313 0.107254028320312
0.0178165435791016 0.00229644775390625 -0.110748291015625 0.163681030273437
0.0207862854003906 0.000619888305664063 -0.0312347412109375 0.105690002441406
0.0197544097900391 -0.00542259216308594 -0.0515327453613281 0.0483818054199219
0.0242633819580078 -0.0093841552734375 -0.138259887695313 0.0442123413085938
0.0216903686523437 -0.00461196899414062 -0.216781616210937 0.018402099609375
0.0185546875 5.7220458984375E-05 -0.247543334960938 -0.025604248046875
0.0128631591796875 0.00242137908935547 -0.217636108398437 -0.120712280273438
0.00236892700195313 0.0118179321289063 -0.116714477539062 -0.23382568359375
0.00226020812988281 0.000857830047607422 -0.0224456787109375 -0.199493408203125
-0.00708961486816406 -0.00916862487792968 -0.110488891601563 -0.098297119140625
0.0346145629882813 -0.072113037109375 -0.0295944213867188 0.0519981384277344
0.0621566772460937 -0.105964660644531 -0.153564453125 -0.224533081054688
0.00245666503906251 -0.0980453491210937 -0.31732177734375 -0.289825439453125
-0.0309257507324219 -0.0510368347167969 -0.407257080078125 -0.0881958007812501
-0.0322494506835938 -0.0149173736572266 -0.261993408203125 0.113693237304688
-0.0232162475585937 0.00788116455078125 -0.10614013671875 0.165374755859375
-0.0159626007080078 0.0212306976318359 -0.0296554565429687 0.103340148925781
-0.0193004608154297 0.0163822174072266 -0.0486946105957031 0.0473556518554687
-0.0180339813232422 0.0203094482421875 -0.136985778808594 0.0427322387695312
-0.0239315032958984 0.0144271850585937 -0.214553833007813 0.019683837890625
-0.0318450927734375 -0.00628471374511718 -0.243637084960938 -0.02972412109375
-0.0229320526123047 -0.0286026000976563 -0.2138671875 -0.12310791015625
0.0148105621337891 -0.0349369049072266 -0.111557006835938 -0.23370361328125
0.0343112945556641 -0.0283451080322266 -0.021026611328125 -0.197769165039062
0.0174617767333984 -0.0216503143310547 -0.111404418945313 -0.0923080444335937
0.059906005859375 -0.132034301757813 -0.0276985168457031 0.0321292877197265
0.0818634033203125 -0.187835693359375 -0.196884155273438 -0.19549560546875
-0.0035400390625 -0.181243896484375 -0.3634033203125 -0.183319091796875
-0.0706405639648438 -0.103630065917969 -0.391265869140625 0.018890380859375
-0.073089599609375 -0.0383758544921875 -0.211212158203125 0.151473999023438
-0.0655059814453125 0.0119056701660156 -0.072296142578125 0.16131591796875
-0.0513153076171875 0.0369224548339844 -0.0139007568359375 0.0894088745117187
-0.0542106628417969 0.0325927734375 -0.0387153625488281 0.036102294921875
-0.0560379028320313 0.0438308715820313 -0.1275634765625 0.0266571044921875
-0.0655555725097656 0.0281829833984375 -0.197006225585938 -0.000534057617187489
-0.076873779296875 -0.0130538940429688 -0.221145629882813 -0.0623931884765625
-0.0560455322265625 -0.0550003051757813 -0.183120727539063 -0.1568603515625
0.0178680419921875 -0.0774002075195312 -0.0606842041015625 -0.249176025390625
0.0553054809570312 -0.0574684143066406 0.022735595703125 -0.188873291015625
0.0362052917480469 -0.0400123596191406 -0.0930023193359375 -0.0818557739257813
0.0577392578125 -0.145965576171875 -0.02337646484375 0.0148792266845703
0.06475830078125 -0.203857421875 -0.241134643554688 -0.121612548828125
-0.0213165283203125 -0.203598022460938 -0.36767578125 -0.01031494140625
-0.0997695922851563 -0.124740600585937 -0.3092041015625 0.16302490234375
-0.106819152832031 -0.052947998046875 -0.117599487304688 0.192123413085938
-0.10321044921875 0.0161361694335937 -0.0139923095703125 0.14715576171875
-0.0804977416992188 0.0488128662109375 0.0124168395996094 0.0657081604003906
-0.0803604125976562 0.0427474975585938 -0.0225334167480469 0.0200710296630859
-0.085601806640625 0.0566024780273438 -0.107353210449219 0.00235748291015624
-0.0981216430664063 0.033477783203125 -0.158950805664063 -0.03759765625
-0.112686157226562 -0.0203628540039063 -0.167816162109375 -0.118972778320313
-0.0859527587890625 -0.0746917724609375 -0.107162475585938 -0.20709228515625
0.00776672363281249 -0.11505126953125 0.045257568359375 -0.254776000976563
0.0586090087890625 -0.091522216796875 0.0990142822265625 -0.156295776367188
0.0469322204589844 -0.0678672790527344 -0.0666313171386719 -0.0632476806640625
0.0460662841796875 -0.123298645019531 -0.0143213272094726 0.0174932479858398
0.049713134765625 -0.166534423828125 -0.2425537109375 -0.00683593750000001
-0.021575927734375 -0.181182861328125 -0.2811279296875 0.160446166992188
-0.10699462890625 -0.120918273925781 -0.150787353515625 0.264877319335938
-0.126167297363281 -0.0560684204101563 0.00688171386718749 0.198776245117188
-0.127960205078125 0.021728515625 0.059661865234375 0.11456298828125
-0.0978469848632812 0.0557098388671875 0.0473747253417969 0.0350875854492188
-0.0946426391601563 0.0464019775390625 -0.00225615501403809 0.00193929672241211
-0.102508544921875 0.05926513671875 -0.0753860473632813 -0.0275802612304688
-0.114776611328125 0.0304946899414062 -0.0969619750976563 -0.0848464965820313
-0.132171630859375 -0.02874755859375 -0.07330322265625 -0.181915283203125
-0.108551025390625 -0.0886306762695312 0.0254974365234375 -0.241073608398437
-0.0118865966796875 -0.15069580078125 0.193939208984375 -0.206649780273438
0.0495681762695313 -0.13604736328125 0.182327270507813 -0.0821075439453125
0.0532073974609375 -0.103523254394531 -0.0393638610839844 -0.0436553955078125
0.0338973999023437 -0.083770751953125 0.00844955444335938 0.0376091003417969
0.0509262084960937 -0.110511779785156 -0.181320190429688 0.09844970703125
-0.00462341308593749 -0.141616821289063 -0.135208129882813 0.252593994140625
-0.091522216796875 -0.104583740234375 0.02130126953125 0.278488159179688
-0.122154235839844 -0.049835205078125 0.121932983398437 0.161422729492188
-0.130203247070313 0.0257797241210938 0.128334045410156 0.06524658203125
-0.0995330810546875 0.0547103881835937 0.0824127197265625 0.000900268554687503
-0.0956192016601562 0.042877197265625 0.0201206207275391 -0.0171356201171875
-0.102989196777344 0.0511245727539063 -0.0364646911621094 -0.0586280822753906
-0.110580444335938 0.0205230712890625 -0.0180206298828125 -0.125343322753906
-0.1279296875 -0.036346435546875 0.0550384521484375 -0.2156982421875
-0.111640930175781 -0.0985336303710938 0.19091796875 -0.21044921875
-0.021087646484375 -0.181259155273438 0.327850341796875 -0.072662353515625
0.0482177734375 -0.178695678710938 0.234115600585938 0.0281829833984375
0.0604476928710937 -0.130813598632813 -0.0157814025878906 -0.033203125
0.0191764831542969 -0.0480117797851562 0.0415763854980469 0.063690185546875
0.0504684448242188 -0.0613021850585937 -0.0904388427734375 0.159591674804687
0.00919342041015626 -0.0974655151367188 -0.00140380859375001 0.259353637695312
-0.065185546875 -0.0772628784179688 0.14483642578125 0.230224609375
-0.0962905883789062 -0.0363388061523438 0.198348999023438 0.104949951171875
-0.107917785644531 0.0244674682617187 0.177688598632813 0.013946533203125
-0.08349609375 0.0436935424804688 0.112350463867187 -0.0315628051757812
-0.081390380859375 0.0327224731445313 0.040985107421875 -0.0352058410644531
-0.08624267578125 0.0353927612304688 0.00136566162109374 -0.0824203491210938
-0.0868453979492188 0.00879669189453125 0.0558013916015625 -0.144821166992188
-0.100120544433594 -0.0373687744140625 0.175735473632813 -0.196258544921875
-0.0882034301757812 -0.0958175659179688 0.320159912109375 -0.102386474609375
-0.00590515136718749 -0.184066772460938 0.37841796875 0.114776611328125
0.060760498046875 -0.187713623046875 0.231063842773438 0.134552001953125
0.0635986328125 -0.130165100097656 0.00811767578125001 -0.040130615234375
-0.000478744506835936 -0.0226898193359375 0.0754852294921875 0.080078125
0.0361061096191406 -0.0258331298828125 -0.0134124755859375 0.1806640625
0.009033203125 -0.0515861511230469 0.0841064453125 0.2279052734375
-0.0360374450683594 -0.0423545837402344 0.209182739257813 0.170806884765625
-0.0569801330566406 -0.0196762084960937 0.232177734375 0.0562286376953125
-0.0687980651855469 0.0159950256347656 0.204437255859375 -0.025421142578125
-0.0552558898925781 0.0244522094726562 0.131919860839844 -0.055816650390625
-0.0558509826660156 0.0174331665039062 0.0565452575683594 -0.0492782592773437
-0.0562744140625 0.0170860290527344 0.0292587280273437 -0.0974884033203125
-0.0513877868652344 -0.00021362304687501 0.107009887695313 -0.147720336914063
-0.0583343505859375 -0.0273284912109375 0.25323486328125 -0.14703369140625
-0.0464286804199219 -0.0659637451171875 0.375152587890625 0.024993896484375
0.0128860473632813 -0.13299560546875 0.343719482421875 0.270294189453125
0.0625457763671875 -0.136825561523438 0.20111083984375 0.20281982421875
0.0492782592773437 -0.0886917114257813 0.0335121154785156 -0.0554924011230469
-0.010432243347168 0.0120391845703125 -0.0221939086914062 0.0580940246582031
0.00697994232177734 0.008148193359375 -0.158401489257813 -0.209457397460938
-0.010589599609375 0.0236320495605469 -0.32745361328125 -0.2813720703125
0.00554656982421875 0.0183334350585938 -0.409698486328125 -0.0787048339843749
0.0119800567626953 0.0110034942626953 -0.26214599609375 0.124847412109375
0.0173120498657227 0.00166034698486328 -0.0978546142578125 0.168670654296875
0.0200042724609375 -0.000158309936523438 -0.0233917236328125 0.106559753417969
0.0185890197753906 -0.00694465637207031 -0.0493927001953125 0.0515899658203125
0.0227451324462891 -0.0119609832763672 -0.135086059570313 0.055023193359375
0.0215511322021484 -0.00695991516113281 -0.21405029296875 0.0357818603515625
0.0180339813232422 -0.000972747802734375 -0.248092651367188 -0.00668334960937498
0.012629508972168 0.00177669525146484 -0.223739624023438 -0.103179931640625
0.00356292724609375 0.0114030838012695 -0.132003784179688 -0.222518920898438
0.0024111270904541 -0.000771045684814453 -0.038330078125 -0.195343017578125
-0.00877904891967773 -0.00873279571533203 -0.116165161132813 -0.0892791748046875
0.0291976928710938 -0.0716552734375 -0.0259132385253906 0.0520973205566406
0.0525741577148438 -0.108512878417969 -0.168914794921875 -0.211212158203125
-0.00507354736328124 -0.0968551635742188 -0.33209228515625 -0.26470947265625
-0.0335044860839844 -0.0488052368164063 -0.405792236328125 -0.0593872070312501
-0.0328102111816406 -0.01287841796875 -0.24786376953125 0.128509521484375
-0.0228538513183594 0.00934982299804688 -0.0935211181640625 0.170150756835937
-0.0140495300292969 0.022857666015625 -0.0220794677734375 0.104721069335937
-0.0181083679199219 0.0180110931396484 -0.0461387634277344 0.0498847961425781
-0.0170536041259766 0.0219078063964844 -0.134590148925781 0.0540924072265625
-0.0226383209228516 0.0152969360351563 -0.211685180664062 0.0363311767578125
-0.0328025817871094 -0.00325202941894531 -0.24395751953125 -0.00996398925781246
-0.0245189666748047 -0.0262870788574219 -0.220733642578125 -0.105255126953125
0.0124549865722656 -0.03692626953125 -0.127685546875 -0.22308349609375
0.0322513580322266 -0.0321235656738281 -0.036712646484375 -0.193435668945313
0.0159378051757812 -0.022216796875 -0.116813659667969 -0.0837020874023437
0.0500030517578125 -0.132133483886719 -0.0250205993652344 0.0326766967773437
0.06634521484375 -0.191986083984375 -0.209060668945312 -0.179046630859375
-0.0165863037109375 -0.179046630859375 -0.369781494140625 -0.154449462890625
-0.0757064819335937 -0.0969619750976563 -0.381622314453125 0.046478271484375
-0.0748519897460938 -0.03369140625 -0.195663452148437 0.162063598632813
-0.0647315979003906 0.0168075561523437 -0.060089111328125 0.163848876953125
-0.0483665466308594 0.0414848327636719 -0.00785064697265625 0.0895004272460938
-0.0513381958007813 0.0370445251464844 -0.0365638732910156 0.038360595703125
-0.0532112121582031 0.0484046936035156 -0.12506103515625 0.0377197265625
-0.0636672973632813 0.0321197509765625 -0.194869995117188 0.0150909423828125
-0.078125 -0.00700378417968749 -0.2242431640625 -0.0439453125
-0.0592193603515625 -0.0507545471191406 -0.192535400390625 -0.141021728515625
0.01300048828125 -0.0804672241210938 -0.0779571533203125 -0.2423095703125
0.0516777038574219 -0.0626296997070313 0.007781982421875 -0.187911987304688
0.0346870422363281 -0.0416450500488281 -0.0977706909179688 -0.0750045776367187
0.047454833984375 -0.145034790039062 -0.0218906402587891 0.0157089233398437
0.0494232177734375 -0.20648193359375 -0.247955322265625 -0.102127075195312
-0.035064697265625 -0.201583862304688 -0.362060546875 0.01708984375
-0.106101989746094 -0.116371154785156 -0.29046630859375 0.181060791015625
-0.109451293945313 -0.0460739135742187 -0.100418090820313 0.195755004882813
-0.101837158203125 0.023773193359375 -0.00354003906250001 0.14630126953125
-0.0767593383789063 0.0557022094726562 0.0169792175292969 0.0643844604492188
-0.0762939453125 0.0489349365234375 -0.0211086273193359 0.0214157104492188
-0.0818710327148438 0.0641250610351562 -0.1060791015625 0.0124053955078125
-0.0956649780273438 0.039642333984375 -0.1593017578125 -0.02459716796875
-0.114669799804688 -0.01190185546875 -0.176071166992188 -0.103668212890625
-0.090118408203125 -0.0683441162109375 -0.121292114257812 -0.196380615234375
0.000213623046874995 -0.117393493652344 0.0252227783203125 -0.2559814453125
0.0531463623046875 -0.0967559814453125 0.08526611328125 -0.161178588867187
0.0437469482421875 -0.0701484680175781 -0.070343017578125 -0.05853271484375
0.0373458862304688 -0.121284484863281 -0.0122737884521484 0.0179328918457031
0.0385894775390625 -0.168960571289063 -0.24078369140625 0.010986328125
-0.0336456298828125 -0.1805419921875 -0.264297485351563 0.180007934570313
-0.113349914550781 -0.112922668457031 -0.1279296875 0.271926879882813
-0.129295349121094 -0.0479354858398437 0.022491455078125 0.193527221679688
-0.126213073730469 0.0316085815429688 0.0664825439453125 0.108055114746094
-0.0936431884765625 0.06414794921875 0.0489387512207031 0.03131103515625
-0.090789794921875 0.0537338256835937 -0.00144767761230469 0.00236153602600098
-0.0977630615234375 0.0681610107421875 -0.076446533203125 -0.019683837890625
-0.1121826171875 0.0381927490234375 -0.100959777832031 -0.0757369995117188
-0.133811950683594 -0.0183029174804688 -0.0874481201171875 -0.17333984375
-0.113349914550781 -0.080535888671875 0.00765991210937497 -0.240615844726562
-0.0214691162109375 -0.151138305664063 0.176742553710938 -0.218917846679688
0.0407562255859375 -0.139259338378906 0.174285888671875 -0.0943603515625
0.0478134155273437 -0.105796813964844 -0.0420608520507813 -0.0408210754394531
0.0278091430664063 -0.0816650390625 0.0126533508300781 0.0365562438964844
0.0436248779296875 -0.114982604980469 -0.172256469726563 0.110000610351563
-0.013885498046875 -0.142684936523438 -0.113983154296875 0.26116943359375
-0.09759521484375 -0.0979766845703125 0.0425567626953125 0.273178100585937
-0.125701904296875 -0.0418167114257812 0.133102416992188 0.148239135742188
-0.128242492675781 0.0358047485351562 0.13134765625 0.0545654296875
-0.0958404541015625 0.062957763671875 0.08160400390625 -0.00522613525390625
-0.0919647216796875 0.050445556640625 0.0198402404785156 -0.0180416107177734
-0.0987548828125 0.060333251953125 -0.0395011901855469 -0.053375244140625
-0.1085205078125 0.0280990600585938 -0.0259780883789063 -0.1220703125
-0.129798889160156 -0.0262222290039062 0.0369110107421875 -0.216094970703125
-0.116600036621094 -0.08966064453125 0.17254638671875 -0.222122192382813
-0.0323486328125 -0.179931640625 0.319488525390625 -0.09716796875
0.0366668701171875 -0.18084716796875 0.23388671875 0.01092529296875
0.0531234741210938 -0.13372802734375 -0.0175075531005859 -0.0322036743164063
0.0155448913574219 -0.0462913513183594 0.0477142333984375 0.0600166320800781
0.0464248657226563 -0.0676841735839844 -0.078125 0.163543701171875
0.00271606445312501 -0.100303649902344 0.0175933837890625 0.258544921875
-0.0698318481445312 -0.0723419189453125 0.160186767578125 0.217178344726563
-0.0990066528320313 -0.0301437377929687 0.2044677734375 0.0882110595703125
-0.105911254882813 0.0325393676757813 0.17730712890625 0.000625610351562502
-0.0809555053710937 0.0505218505859375 0.108734130859375 -0.03961181640625
-0.0787734985351562 0.03936767578125 0.0396156311035156 -0.037506103515625
-0.0830917358398437 0.0433120727539063 -0.00350952148437501 -0.080078125
-0.0855255126953125 0.0144424438476563 0.046112060546875 -0.1468505859375
-0.10198974609375 -0.0294189453125 0.158111572265625 -0.20745849609375
-0.0930328369140625 -0.0878753662109375 0.308837890625 -0.1248779296875
-0.0182647705078125 -0.18218994140625 0.383544921875 0.08502197265625
0.0473785400390625 -0.190597534179688 0.23919677734375 0.117843627929687
0.0557937622070312 -0.132820129394531 0.00605392456054688 -0.0400581359863281
-0.00276565551757812 -0.020538330078125 0.0818252563476563 0.0744247436523438
0.0348415374755859 -0.0318717956542969 -0.0009765625 0.178421020507813
0.00616455078124999 -0.0537643432617187 0.0977325439453125 0.220993041992187
-0.0386886596679688 -0.0389480590820313 0.217758178710938 0.154541015625
-0.0584754943847656 -0.0161933898925781 0.234085083007813 0.038604736328125
-0.0674324035644531 0.0214080810546875 0.200546264648438 -0.0404052734375
-0.0532569885253906 0.0291748046875 0.126571655273438 -0.0659713745117188
-0.0540962219238281 0.0224151611328125 0.0535545349121094 -0.0532035827636719
-0.0550346374511719 0.0221366882324219 0.023834228515625 -0.0971832275390625
-0.0510482788085938 0.00334930419921874 0.095855712890625 -0.153564453125
-0.0599746704101563 -0.0223731994628906 0.238113403320313 -0.164108276367188
-0.0497055053710938 -0.0617561340332031 0.37347412109375 -0.003265380859375
0.00448608398437499 -0.132453918457031 0.360107421875 0.24407958984375
0.0528488159179687 -0.139549255371094 0.213714599609375 0.18792724609375
0.0439834594726563 -0.0913009643554688 0.0298194885253906 -0.0567398071289063
-0.00893592834472656 0.0141086578369141 -0.0172958374023438 0.0553932189941406
0.0063328742980957 0.00796413421630859 -0.161819458007813 -0.191375732421875
-0.00875663757324218 0.0239753723144531 -0.325164794921875 -0.25396728515625
0.00557708740234375 0.0167665481567383 -0.39459228515625 -0.0558776855468751
0.0115194320678711 0.00983619689941406 -0.243209838867187 0.13165283203125
0.0166864395141602 0.00183677673339844 -0.086212158203125 0.165695190429688
0.0195217132568359 -0.000934600830078125 -0.0167083740234375 0.103530883789062
0.0172996520996094 -0.00731468200683594 -0.0465431213378906 0.05224609375
0.0203399658203125 -0.0128879547119141 -0.128494262695313 0.0615310668945312
0.0204582214355469 -0.00818824768066406 -0.205245971679687 0.0463104248046875
0.0171680450439453 -0.00120162963867188 -0.238540649414062 0.00819396972656246
0.0123043060302734 0.00137519836425781 -0.219818115234375 -0.0872650146484375
0.00398540496826172 0.0104446411132812 -0.1380615234375 -0.206100463867188
0.00140118598937988 -0.00237298011779785 -0.0478363037109375 -0.184616088867188
-0.00960063934326172 -0.00726509094238281 -0.116477966308594 -0.079803466796875
0.0256729125976562 -0.0673713684082031 -0.0232048034667969 0.0498847961425781
0.0440521240234375 -0.105308532714844 -0.174301147460937 -0.192398071289063
-0.010406494140625 -0.0915145874023438 -0.329498291015625 -0.237335205078125
-0.03466796875 -0.0459518432617187 -0.38934326171875 -0.0385437011718749
-0.0321578979492188 -0.0111675262451172 -0.229568481445313 0.13336181640625
-0.0220260620117188 0.0110130310058594 -0.0806121826171875 0.167465209960937
-0.0119380950927734 0.0235328674316406 -0.0158920288085938 0.101959228515625
-0.0162181854248047 0.0188121795654297 -0.0433311462402344 0.0500984191894531
-0.0163040161132813 0.0223045349121094 -0.127304077148437 0.060150146484375
-0.0215015411376953 0.0154647827148437 -0.201797485351563 0.0479583740234375
-0.0319232940673828 -0.00079154968261719 -0.2354736328125 0.00500488281249999
-0.0247478485107422 -0.024169921875 -0.216690063476562 -0.0897674560546875
0.0103073120117187 -0.038055419921875 -0.134292602539063 -0.2066650390625
0.0291557312011719 -0.0341720581054688 -0.0463714599609375 -0.182464599609375
0.0148983001708984 -0.0212459564208984 -0.116500854492188 -0.074920654296875
0.0422821044921875 -0.125450134277344 -0.0228977203369141 0.0320091247558594
0.052947998046875 -0.185592651367188 -0.209365844726562 -0.1610107421875
-0.0250244140625 -0.171371459960938 -0.358917236328125 -0.13128662109375
-0.0765762329101562 -0.0899734497070313 -0.361602783203125 0.061614990234375
-0.07318115234375 -0.029449462890625 -0.178115844726563 0.162078857421875
-0.0615692138671875 0.0200614929199219 -0.0493927001953125 0.159500122070313
-0.0436515808105469 0.0433731079101563 -0.00278472900390625 0.0863876342773437
-0.0475273132324219 0.0389175415039063 -0.0338516235351562 0.0385246276855469
-0.0493431091308594 0.0505714416503906 -0.119026184082031 0.0450286865234375
-0.0603218078613281 0.0337104797363281 -0.1861572265625 0.026611328125
-0.0765914916992188 -0.00196838378906249 -0.217636108398438 -0.0283966064453125
-0.0594444274902344 -0.0462532043457031 -0.191131591796875 -0.125167846679688
0.00856781005859375 -0.080535888671875 -0.087738037109375 -0.227798461914063
0.0467185974121094 -0.0642890930175781 -0.00350952148437498 -0.179794311523438
0.0328445434570313 -0.0412330627441406 -0.09814453125 -0.0677871704101563
0.0401458740234375 -0.137275695800781 -0.020416259765625 0.0156307220458984
0.037017822265625 -0.199752807617188 -0.243362426757813 -0.085205078125
-0.043701171875 -0.193099975585938 -0.344268798828125 0.033416748046875
-0.106460571289063 -0.107162475585938 -0.267379760742187 0.187408447265625
-0.107627868652344 -0.0400466918945313 -0.085540771484375 0.189102172851563
-0.0972747802734375 0.0289077758789062 0.0037384033203125 0.139434814453125
-0.070587158203125 0.0591201782226563 0.0190925598144531 0.0612983703613281
-0.0714340209960937 0.051788330078125 -0.0191192626953125 0.0218410491943359
-0.0756988525390625 0.067901611328125 -0.100883483886719 0.0190963745117188
-0.0907669067382813 0.043060302734375 -0.153060913085938 -0.0137176513671875
-0.111572265625 -0.00524139404296873 -0.174362182617188 -0.0880584716796875
-0.0898056030273438 -0.0624008178710938 -0.126358032226563 -0.182144165039063
-0.00490570068359374 -0.115913391113281 0.01068115234375 -0.24761962890625
0.0471649169921875 -0.0976333618164063 0.0728302001953125 -0.15887451171875
0.0405731201171875 -0.0686302185058594 -0.0709609985351562 -0.0531387329101563
0.03173828125 -0.114677429199219 -0.0102071762084961 0.0171136856079102
0.0283966064453125 -0.16448974609375 -0.231216430664063 0.022674560546875
-0.0413360595703125 -0.174346923828125 -0.242141723632813 0.1865234375
-0.113334655761719 -0.10430908203125 -0.10748291015625 0.26568603515625
-0.127204895019531 -0.040985107421875 0.0317840576171875 0.18096923828125
-0.120132446289063 0.037811279296875 0.068756103515625 0.0997085571289063
-0.0869293212890625 0.0683746337890625 0.0485343933105469 0.0271835327148438
-0.08477783203125 0.0571517944335938 -0.000756859779357916 0.00200355052947998
-0.0907821655273438 0.0722579956054687 -0.0736160278320313 -0.0131759643554687
-0.106834411621094 0.0427780151367188 -0.0994186401367187 -0.0663604736328125
-0.130180358886719 -0.0101318359375 -0.0929107666015625 -0.159988403320313
-0.112037658691406 -0.073333740234375 -0.00508117675781252 -0.230941772460937
-0.0270233154296875 -0.146728515625 0.157485961914062 -0.220733642578125
0.0333328247070313 -0.137825012207031 0.162887573242188 -0.0991058349609375
0.0435867309570312 -0.103630065917969 -0.0419883728027344 -0.0375442504882813
0.0250091552734375 -0.0763092041015625 0.0150833129882813 0.0332393646240234
0.0363235473632813 -0.114051818847656 -0.16064453125 0.113906860351563
-0.020538330078125 -0.139755249023438 -0.0946807861328125 0.257247924804688
-0.0979156494140625 -0.0910568237304688 0.0555572509765625 0.25860595703125
-0.124198913574219 -0.0354461669921875 0.135826110839844 0.132766723632813
-0.122184753417969 0.04205322265625 0.128242492675781 0.0447235107421875
-0.0893478393554687 0.0671615600585938 0.0782012939453125 -0.00942230224609375
-0.0859756469726563 0.0541763305664062 0.0192508697509766 -0.0183696746826172
-0.091888427734375 0.0648269653320313 -0.0392837524414063 -0.0476913452148438
-0.103530883789063 0.03265380859375 -0.0301055908203125 -0.115310668945312
-0.126510620117188 -0.01812744140625 0.0230712890625 -0.208206176757813
-0.115257263183594 -0.08135986328125 0.15374755859375 -0.221908569335938
-0.039093017578125 -0.173126220703125 0.3021240234375 -0.110260009765625
0.0272216796875 -0.176742553710938 0.225631713867188 -0.000411987304687511
0.0468978881835937 -0.130157470703125 -0.0180912017822266 -0.0301990509033203
0.0139808654785156 -0.0420570373535156 0.0504035949707031 0.0543937683105469
0.0410728454589844 -0.06976318359375 -0.0670928955078125 0.159454345703125
-0.0022125244140625 -0.099945068359375 0.030303955078125 0.24822998046875
-0.0703048706054687 -0.0669784545898438 0.164779663085938 0.199996948242187
-0.0978012084960938 -0.0247726440429687 0.200851440429688 0.0724334716796875
-0.100975036621094 0.0372161865234375 0.170257568359375 -0.00921630859375
-0.0761489868164063 0.05401611328125 0.102638244628906 -0.0448760986328125
-0.0736541748046875 0.0427932739257813 0.037322998046875 -0.0383682250976563
-0.0775375366210938 0.0474090576171875 -0.00597381591796875 -0.0757980346679688
-0.08184814453125 0.0183563232421875 0.037200927734375 -0.143157958984375
-0.0994873046875 -0.022369384765625 0.138870239257812 -0.206298828125
-0.0921401977539062 -0.0800094604492188 0.28961181640625 -0.1361083984375
-0.025146484375 -0.1751708984375 0.372314453125 0.061859130859375
0.03704833984375 -0.1859130859375 0.235794067382813 0.102279663085937
0.0488052368164063 -0.130210876464844 0.00410842895507813 -0.0381851196289063
-0.00323963165283203 -0.0168094635009766 0.0843353271484375 0.0666122436523438
0.0310554504394531 -0.0355377197265625 0.00727844238281248 0.169174194335938
0.00327682495117187 -0.0543594360351563 0.104095458984375 0.208755493164063
-0.0389213562011719 -0.03570556640625 0.215744018554688 0.13763427734375
-0.0575599670410156 -0.0135002136230469 0.227005004882813 0.02423095703125
-0.064361572265625 0.0238075256347656 0.190765380859375 -0.0498046875
-0.0504951477050781 0.0314788818359375 0.118812561035156 -0.0708160400390625
-0.0509071350097656 0.0254249572753906 0.0504302978515625 -0.0540237426757813
-0.0518722534179688 0.0253372192382813 0.019256591796875 -0.0933380126953125
-0.0492668151855469 0.00584030151367187 0.08544921875 -0.151763916015625
-0.0586433410644531 -0.0181350708007813 0.217941284179688 -0.1690673828125
-0.0499420166015625 -0.0565147399902344 0.357025146484375 -0.021942138671875
-0.00170135498046875 -0.127487182617188 0.35882568359375 0.21539306640625
0.0446243286132812 -0.136993408203125 0.21429443359375 0.171401977539063
0.0384292602539063 -0.0897903442382812 0.02618408203125 -0.0550727844238281
-0.00782489776611328 0.0160770416259766 -0.0173072814941406 0.0537261962890625
0.00565290451049805 0.00813055038452148 -0.156753540039062 -0.181655883789063
-0.00708580017089844 0.0243396759033203 -0.314178466796875 -0.241546630859375
0.00527381896972656 0.0161380767822266 -0.379241943359375 -0.04901123046875
0.0108346939086914 0.00958251953125 -0.23101806640625 0.128372192382813
0.0161828994750977 0.00234127044677734 -0.0821533203125 0.1611328125
0.0192298889160156 -0.00067901611328125 -0.0146102905273437 0.0994186401367188
0.0162668228149414 -0.00645923614501953 -0.0454063415527344 0.050994873046875
0.0185451507568359 -0.0121402740478516 -0.1246337890625 0.0628433227539062
0.0194244384765625 -0.00877952575683594 -0.197799682617187 0.0502471923828125
0.0165443420410156 -0.00074005126953125 -0.22998046875 0.012847900390625
0.0119915008544922 0.00114345550537109 -0.212570190429688 -0.0806732177734375
0.00408935546875 0.00924587249755859 -0.135726928710938 -0.196365356445312
6.67572021484377E-05 -0.00334072113037109 -0.04949951171875 -0.176589965820313
-0.00969791412353516 -0.00559425354003907 -0.11370849609375 -0.0756759643554688
0.0257682800292969 -0.0623359680175781 -0.0231361389160156 0.0479354858398437
0.0414276123046875 -0.10028076171875 -0.169662475585937 -0.181777954101563
-0.0109100341796875 -0.0869064331054688 -0.3172607421875 -0.22625732421875
-0.0340156555175781 -0.0445213317871094 -0.3740234375 -0.0339050292968751
-0.0310611724853516 -0.0104160308837891 -0.218414306640625 0.128829956054687
-0.0215072631835938 0.0115890502929687 -0.07513427734375 0.162017822265625
-0.0102024078369141 0.0234966278076172 -0.0135955810546875 0.0986709594726563
-0.0155181884765625 0.0188770294189453 -0.0423507690429688 0.0491752624511719
-0.0153293609619141 0.0232486724853516 -0.123008728027344 0.0613632202148438
-0.0210132598876953 0.0149269104003906 -0.194778442382813 0.0506744384765625
-0.0311126708984375 0.000185012817382814 -0.226882934570313 0.0106353759765625
-0.0240249633789063 -0.0236682891845703 -0.209854125976562 -0.083251953125
0.00893783569335937 -0.0386619567871094 -0.13275146484375 -0.19671630859375
0.0269107818603516 -0.0346279144287109 -0.0478668212890625 -0.173873901367188
0.014923095703125 -0.0195999145507813 -0.114021301269531 -0.071624755859375
0.0417251586914062 -0.118133544921875 -0.0225925445556641 0.0305423736572266
0.0486602783203125 -0.1778564453125 -0.203842163085938 -0.151702880859375
-0.02642822265625 -0.165206909179688 -0.344940185546875 -0.123138427734375
-0.0741424560546875 -0.0862045288085938 -0.345733642578125 0.061920166015625
-0.0709915161132813 -0.0280532836914063 -0.168792724609375 0.155426025390625
-0.0594253540039063 0.0212173461914062 -0.0457611083984375 0.153976440429688
-0.0410728454589844 0.0437850952148438 -0.00170135498046876 0.0833740234375
-0.0452003479003906 0.0392494201660156 -0.0328102111816406 0.0374565124511719
-0.0470504760742187 0.0515365600585938 -0.114646911621094 0.0467910766601563
-0.0583572387695313 0.0339775085449219 -0.1790771484375 0.0301666259765625
-0.0744552612304688 -7.62939453125019E-05 -0.210357666015625 -0.021881103515625
-0.058013916015625 -0.0450973510742188 -0.185867309570313 -0.117721557617188
0.006744384765625 -0.0806121826171875 -0.0885162353515625 -0.217819213867188
0.0442543029785156 -0.0646324157714844 -0.00642395019531249 -0.17254638671875
0.0331878662109375 -0.0394439697265625 -0.0963897705078125 -0.0648193359375
0.0401840209960937 -0.129364013671875 -0.0198268890380859 0.0152015686035156
0.034088134765625 -0.191696166992188 -0.2359619140625 -0.0784606933593751
-0.0442352294921875 -0.186431884765625 -0.328399658203125 0.0360107421875
-0.102767944335938 -0.103347778320313 -0.253707885742188 0.182418823242187
-0.104804992675781 -0.0384368896484375 -0.0805511474609375 0.180099487304688
-0.0934371948242188 0.0308303833007812 0.00485992431640626 0.134330749511719
-0.0670051574707031 0.0597801208496094 0.0200576782226562 0.0583877563476563
-0.0681381225585937 0.0518569946289063 -0.018218994140625 0.0209369659423828
-0.0720977783203125 0.0687484741210937 -0.0967636108398438 0.0218276977539063
-0.088134765625 0.0435867309570313 -0.147613525390625 -0.00933837890624997
-0.108596801757813 -0.00294494628906252 -0.169052124023437 -0.0802154541015625
-0.0879287719726563 -0.060882568359375 -0.123809814453125 -0.173583984375
-0.00638580322265625 -0.115226745605469 0.0064239501953125 -0.238922119140625
0.044464111328125 -0.0965499877929687 0.06805419921875 -0.15350341796875
0.0406303405761719 -0.0664482116699219 -0.0695152282714844 -0.0508995056152344
0.03289794921875 -0.107131958007813 -0.00940513610839843 0.0159215927124023
0.0263214111328125 -0.158554077148438 -0.223373413085938 0.024993896484375
-0.0421142578125 -0.16912841796875 -0.229522705078125 0.182647705078125
-0.109718322753906 -0.10113525390625 -0.0988922119140625 0.255874633789063
-0.123970031738281 -0.0394973754882813 0.0322723388671875 0.171096801757812
-0.115982055664063 0.0397796630859375 0.067413330078125 0.094757080078125
-0.0829696655273438 0.06939697265625 0.0476570129394531 0.02508544921875
-0.0810317993164062 0.0574188232421875 0.00011670589447021 0.00166475772857666
-0.0860366821289063 0.07391357421875 -0.0702438354492188 -0.00956726074218748
-0.103569030761719 0.0430831909179688 -0.0958938598632813 -0.0615234375
-0.126365661621094 -0.007568359375 -0.0919342041015625 -0.150405883789062
-0.109245300292969 -0.0708541870117188 -0.00822448730468752 -0.22247314453125
-0.0278472900390625 -0.144943237304688 0.149017333984375 -0.215576171875
0.0312576293945312 -0.135261535644531 0.156158447265625 -0.0974578857421875
0.0425949096679688 -0.0999755859375 -0.0412979125976563 -0.0358123779296875
0.0261459350585938 -0.070404052734375 0.0159225463867188 0.0308761596679688
0.0340957641601562 -0.1112060546875 -0.154769897460938 0.111083984375
-0.0221099853515625 -0.137176513671875 -0.087554931640625 0.249435424804688
-0.0950393676757813 -0.0884017944335938 0.0577239990234375 0.247528076171875
-0.121536254882812 -0.033721923828125 0.132186889648438 0.124320983886719
-0.118263244628906 0.0437164306640625 0.123870849609375 0.0409622192382813
-0.0854949951171875 0.0680618286132812 0.0754470825195313 -0.0114669799804687
-0.0824127197265625 0.0545806884765625 0.0196208953857422 -0.018707275390625
-0.0871200561523438 0.0663299560546875 -0.0375251770019531 -0.0441436767578125
-0.100318908691406 0.0333328247070312 -0.0300369262695313 -0.110557556152344
-0.122451782226562 -0.0152359008789062 0.0190887451171875 -0.199050903320313
-0.111488342285156 -0.0786972045898438 0.144668579101563 -0.2161865234375
-0.039337158203125 -0.169082641601563 0.290252685546875 -0.111175537109375
0.0244598388671875 -0.172073364257813 0.218765258789063 -0.00299072265625001
0.0455474853515625 -0.125572204589844 -0.0173816680908203 -0.0288333892822266
0.0153961181640625 -0.0372848510742188 0.0507774353027344 0.0502662658691406
0.0383338928222656 -0.0698165893554687 -0.0646209716796875 0.15380859375
-0.00448608398437501 -0.0989990234375 0.032958984375 0.240570068359375
-0.0685768127441406 -0.0651702880859375 0.162078857421875 0.190155029296875
-0.0958175659179687 -0.0239334106445313 0.194717407226563 0.0652923583984375
-0.0982894897460938 0.038116455078125 0.163375854492188 -0.012115478515625
-0.073455810546875 0.0548019409179688 0.0989837646484375 -0.0454559326171875
-0.0706329345703125 0.0436248779296875 0.0372962951660156 -0.0377655029296875
-0.0736541748046875 0.0488510131835937 -0.00519561767578125 -0.0721435546875
-0.0792236328125 0.0192794799804687 0.0345077514648437 -0.138740539550781
-0.096221923828125 -0.0198898315429688 0.1298828125 -0.199905395507812
-0.0893936157226563 -0.07720947265625 0.276519775390625 -0.135818481445313
-0.0260162353515625 -0.170272827148438 0.361175537109375 0.05419921875
0.033599853515625 -0.180618286132813 0.229705810546875 0.097198486328125
0.0468673706054688 -0.12518310546875 0.00392913818359376 -0.036376953125
-0.00221538543701172 -0.0136737823486328 0.084136962890625 0.0621871948242187
0.0283660888671875 -0.037078857421875 0.00810241699218749 0.161590576171875
0.00185012817382812 -0.0545501708984375 0.102218627929688 0.20147705078125
-0.0378150939941406 -0.0345001220703125 0.209518432617188 0.130401611328125
-0.056610107421875 -0.012786865234375 0.218994140625 0.0200042724609375
-0.0622749328613281 0.0240631103515625 0.183441162109375 -0.051483154296875
-0.049163818359375 0.031951904296875 0.1138916015625 -0.0712127685546875
-0.0486106872558594 0.0266914367675781 0.0491600036621094 -0.0529823303222656
-0.0492134094238281 0.0264167785644531 0.0188751220703125 -0.0895004272460938
-0.0478057861328125 0.00640869140624999 0.0806121826171875 -0.146987915039063
-0.0570106506347656 -0.016082763671875 0.206130981445313 -0.165435791015625
-0.0478248596191406 -0.0543785095214844 0.343719482421875 -0.02630615234375
-0.00257110595703125 -0.123649597167969 0.3497314453125 0.204010009765625
0.0417327880859375 -0.133262634277344 0.209182739257813 0.164962768554688
0.0367813110351562 -0.08642578125 0.0249862670898438 -0.0523109436035156
-0.00649642944335937 0.0184268951416016 -0.0180397033691406 0.0531768798828125
0.00525188446044922 0.00892925262451172 -0.155014038085938 -0.181732177734375
-0.00612449645996094 0.0252876281738281 -0.31219482421875 -0.243743896484375
0.00561428070068359 0.0160951614379883 -0.379241943359375 -0.05029296875
0.0106124877929688 0.00977802276611328 -0.2301025390625 0.127151489257812
0.0168352127075195 0.0031890869140625 -0.0823822021484375 0.16168212890625
0.0196952819824219 -0.000482559204101563 -0.0146865844726563 0.09912109375
0.0165624618530273 -0.00608634948730469 -0.0468826293945313 0.0516014099121094
0.0186023712158203 -0.0114860534667969 -0.126731872558594 0.0650253295898438
0.0194149017333984 -0.00906562805175781 -0.199203491210938 0.052154541015625
0.0167779922485352 0.000315666198730469 -0.2305908203125 0.01470947265625
0.0119857788085938 0.001220703125 -0.212203979492188 -0.08087158203125
0.00320720672607422 0.0090789794921875 -0.1356201171875 -0.1964111328125
-0.00203299522399902 -0.00391602516174316 -0.0500946044921875 -0.1756591796875
-0.00960540771484375 -0.00425815582275391 -0.115020751953125 -0.075897216796875
0.0286827087402344 -0.0600814819335938 -0.0245208740234375 0.0480308532714844
0.0423202514648438 -0.0989456176757813 -0.168502807617188 -0.181259155273438
-0.00948333740234375 -0.0862655639648438 -0.314849853515625 -0.2301025390625
-0.0337257385253906 -0.0450210571289063 -0.37213134765625 -0.036712646484375
-0.0313777923583984 -0.0107383728027344 -0.218002319335938 0.126495361328125
-0.0215530395507813 0.0130214691162109 -0.075164794921875 0.16168212890625
-0.0100154876708984 0.0242919921875 -0.0128860473632813 0.098114013671875
-0.0148696899414062 0.0196666717529297 -0.0433311462402344 0.0495452880859375
-0.0151596069335938 0.0251827239990234 -0.124526977539063 0.0634078979492188
-0.0216503143310547 0.0148506164550781 -0.195236206054688 0.0528106689453125
-0.0313777923583984 0.000875473022460939 -0.226806640625 0.01226806640625
-0.0242080688476563 -0.0248508453369141 -0.209716796875 -0.0835723876953125
0.00806045532226563 -0.0401573181152344 -0.133102416992188 -0.196060180664063
0.0259895324707031 -0.0354118347167969 -0.04864501953125 -0.172882080078125
0.0166072845458984 -0.0190925598144531 -0.115211486816406 -0.072357177734375
0.0457839965820313 -0.1151123046875 -0.0237903594970703 0.0305194854736328
0.0499420166015625 -0.176300048828125 -0.203277587890625 -0.151412963867188
-0.025177001953125 -0.165451049804688 -0.342071533203125 -0.126556396484375
-0.0727767944335937 -0.087493896484375 -0.34527587890625 0.05865478515625
-0.07135009765625 -0.0291671752929687 -0.170074462890625 0.152923583984375
-0.0592727661132813 0.0229225158691406 -0.0458526611328125 0.1541748046875
-0.0403251647949219 0.045440673828125 -0.00151824951171875 0.0827713012695313
-0.0451087951660156 0.040283203125 -0.0336837768554688 0.0372200012207031
-0.0465850830078125 0.0536422729492188 -0.115478515625 0.0486831665039062
-0.0595893859863281 0.0340576171875 -0.179733276367187 0.031951904296875
-0.0750961303710938 5.34057617187452E-05 -0.209869384765625 -0.0198516845703125
-0.0583419799804688 -0.0469627380371094 -0.1864013671875 -0.117401123046875
0.00616455078125 -0.0836410522460938 -0.088592529296875 -0.218109130859375
0.0441932678222656 -0.0660209655761719 -0.00674438476562499 -0.17138671875
0.035308837890625 -0.0385475158691406 -0.0970611572265625 -0.065216064453125
0.0449600219726563 -0.126113891601563 -0.0203018188476562 0.0148792266845703
0.03607177734375 -0.19073486328125 -0.236129760742188 -0.078521728515625
-0.043487548828125 -0.188064575195312 -0.327239990234375 0.033203125
-0.10186767578125 -0.105461120605469 -0.253326416015625 0.180389404296875
-0.105926513671875 -0.0402984619140625 -0.0822601318359375 0.177413940429688
-0.0937271118164063 0.032379150390625 0.00423431396484373 0.134536743164063
-0.0664901733398438 0.0621833801269531 0.0198554992675781 0.0578536987304688
-0.0683479309082031 0.0534934997558594 -0.0184097290039063 0.0204143524169922
-0.0713958740234375 0.0710830688476563 -0.09710693359375 0.0239181518554687
-0.089508056640625 0.0446014404296875 -0.146804809570313 -0.00764465332031248
-0.109748840332031 -0.00230407714843749 -0.168136596679688 -0.07818603515625
-0.08837890625 -0.0630264282226563 -0.124404907226562 -0.173583984375
-0.00700378417968751 -0.118782043457031 0.00578308105468747 -0.239089965820313
0.0446929931640625 -0.0984344482421875 0.06878662109375 -0.153091430664063
0.0437393188476563 -0.0658912658691406 -0.0701408386230469 -0.0512542724609375
0.0380783081054688 -0.104080200195312 -0.00926876068115234 0.0155868530273437
0.0286102294921875 -0.158294677734375 -0.224594116210938 0.0248260498046875
-0.041473388671875 -0.17193603515625 -0.229019165039063 0.181777954101563
-0.109184265136719 -0.103599548339844 -0.098480224609375 0.254257202148438
-0.125801086425781 -0.0416030883789063 0.031005859375 0.16900634765625
-0.116172790527344 0.0414962768554688 0.0666580200195312 0.0952682495117188
-0.0830230712890625 0.07159423828125 0.0475082397460937 0.0245018005371094
-0.0813827514648437 0.0590362548828125 0.000820755958557124 0.00107920169830323
-0.0852127075195313 0.0760345458984375 -0.0694618225097656 -0.00838088989257812
-0.104316711425781 0.0442581176757812 -0.0950164794921875 -0.0606460571289062
-0.127372741699219 -0.00765228271484374 -0.090911865234375 -0.149200439453125
-0.109611511230469 -0.0733108520507812 -0.00857543945312499 -0.22283935546875
-0.028076171875 -0.148483276367188 0.148788452148437 -0.215545654296875
0.0312728881835938 -0.136863708496094 0.156967163085938 -0.096771240234375
0.0459823608398438 -0.0992813110351563 -0.0412788391113281 -0.0358238220214844
0.0308380126953125 -0.0670433044433594 0.0164432525634766 0.0300731658935547
0.035400390625 -0.111587524414063 -0.156509399414063 0.110916137695313
-0.0223159790039063 -0.140022277832031 -0.0864410400390625 0.25048828125
-0.0952911376953125 -0.0907363891601562 0.0584564208984375 0.247055053710938
-0.123306274414063 -0.0358047485351563 0.131095886230469 0.122291564941406
-0.119338989257812 0.0451126098632813 0.123306274414062 0.0407028198242188
-0.086181640625 0.0709381103515625 0.0762557983398438 -0.0124740600585937
-0.0823898315429687 0.0561676025390625 0.0209178924560547 -0.0191173553466797
-0.08587646484375 0.0683059692382813 -0.0360145568847656 -0.0429344177246094
-0.101364135742188 0.0343780517578125 -0.0292510986328125 -0.109779357910156
-0.122810363769531 -0.0152664184570312 0.0190887451171875 -0.197998046875
-0.11181640625 -0.0811233520507812 0.144866943359375 -0.217117309570312
-0.0390625 -0.172164916992188 0.29083251953125 -0.11175537109375
0.0243988037109375 -0.173751831054688 0.220062255859375 -0.00184631347656251
0.0482864379882813 -0.125152587890625 -0.0174121856689453 -0.0283317565917969
0.0192699432373047 -0.03460693359375 0.0522422790527344 0.0492477416992188
0.0384674072265625 -0.0709762573242188 -0.06640625 0.153366088867188
-0.00508117675781249 -0.101188659667969 0.0330810546875 0.242401123046875
-0.068756103515625 -0.067047119140625 0.162338256835938 0.190567016601563
-0.097747802734375 -0.0255661010742188 0.194259643554688 0.0637969970703125
-0.09930419921875 0.03936767578125 0.163711547851562 -0.0128021240234375
-0.073822021484375 0.0574722290039063 0.0994338989257813 -0.0466232299804687
-0.0703582763671875 0.0451812744140625 0.0386848449707031 -0.0384063720703125
-0.073028564453125 0.0508956909179688 -0.00386047363281251 -0.0714187622070312
-0.079925537109375 0.0199508666992188 0.0350723266601563 -0.138832092285156
-0.0963897705078125 -0.01983642578125 0.129669189453125 -0.19891357421875
-0.0889358520507813 -0.07928466796875 0.277297973632812 -0.135757446289063
-0.025054931640625 -0.17279052734375 0.36151123046875 0.054718017578125
0.0342559814453125 -0.182601928710938 0.231124877929688 0.09893798828125
0.049346923828125 -0.124862670898438 0.00499725341796875 -0.0357933044433594
0.000355720520019532 -0.010798454284668 0.0860977172851563 0.0605697631835938
0.0271377563476563 -0.0385818481445313 0.00570678710937499 0.160537719726562
0.00130844116210937 -0.0560340881347656 0.102249145507813 0.203445434570312
-0.037445068359375 -0.0354995727539062 0.209609985351563 0.130325317382813
-0.0577735900878906 -0.0137062072753906 0.219284057617188 0.0191192626953125
-0.0629920959472656 0.0245018005371094 0.184066772460938 -0.0522918701171875
-0.0499076843261719 0.0336189270019531 0.114334106445313 -0.0727081298828125
-0.0480308532714844 0.0281181335449219 0.0510025024414062 -0.0537147521972656
-0.0486793518066406 0.0276451110839844 0.0202560424804688 -0.0896530151367188
-0.0482063293457031 0.00686264038085937 0.0807952880859375 -0.147308349609375
-0.0569839477539062 -0.0161361694335938 0.204910278320312 -0.164413452148437
-0.0471343994140625 -0.0558738708496094 0.34283447265625 -0.0260009765625
-0.00160980224609375 -0.125312805175781 0.350311279296875 0.205322265625
0.041656494140625 -0.13458251953125 0.209808349609375 0.166748046875
0.0382080078125 -0.085845947265625 0.0259246826171875 -0.0511436462402344
-0.00387191772460938 0.02117919921875 -0.0180091857910156 0.0548629760742188
0.00550079345703125 0.0101776123046875 -0.1622314453125 -0.183975219726563
-0.00423622131347656 0.0264205932617188 -0.32598876953125 -0.244781494140625
0.00590705871582031 0.0165510177612305 -0.389862060546875 -0.0441589355468751
0.010955810546875 0.0105342864990234 -0.233856201171875 0.135635375976563
0.0178184509277344 0.00339698791503906 -0.08050537109375 0.169952392578125
0.0210132598876953 -0.0010528564453125 -0.0124893188476562 0.101791381835938
0.0176753997802734 -0.00595474243164063 -0.0488853454589844 0.0551071166992188
0.0187702178955078 -0.0118656158447266 -0.130195617675781 0.0727691650390625
0.0194683074951172 -0.00992012023925781 -0.205215454101562 0.0612640380859375
0.0176944732666016 0.000209808349609375 -0.237136840820313 0.0224456787109375
0.012451171875 0.0010528564453125 -0.220840454101563 -0.0776824951171875
0.00290203094482422 0.00917243957519531 -0.145416259765625 -0.198226928710937
-0.00402283668518066 -0.00352120399475098 -0.0567779541015625 -0.178817749023438
-0.0090780258178711 -0.00284862518310547 -0.121841430664062 -0.075286865234375
0.0319175720214844 -0.061004638671875 -0.02545166015625 0.0503807067871094
0.0421676635742187 -0.101821899414063 -0.176437377929688 -0.182083129882813
-0.0109100341796875 -0.0884857177734375 -0.328460693359375 -0.231231689453125
-0.0359077453613281 -0.0465431213378906 -0.382293701171875 -0.0290832519531251
-0.0329265594482422 -0.0108795166015625 -0.2225341796875 0.134140014648438
-0.0212688446044922 0.0147247314453125 -0.072418212890625 0.168548583984375
-0.00844001770019531 0.025390625 -0.0111083984375 0.100929260253906
-0.0141086578369141 0.0209636688232422 -0.0450325012207031 0.0523490905761719
-0.0138130187988281 0.0272312164306641 -0.128555297851563 0.0706024169921875
-0.0222434997558594 0.0166378021240234 -0.200729370117187 0.0621337890625
-0.0325660705566406 0.00223541259765625 -0.232681274414063 0.0206298828125
-0.0259799957275391 -0.0256843566894531 -0.219039916992188 -0.0802459716796875
0.005706787109375 -0.0428733825683594 -0.142410278320312 -0.197433471679688
0.0247688293457031 -0.0375556945800781 -0.054595947265625 -0.175750732421875
0.0180130004882813 -0.0189437866210938 -0.121726989746094 -0.0714187622070312
0.0491180419921875 -0.118064880371094 -0.0242080688476563 0.0326976776123047
0.0486297607421875 -0.181976318359375 -0.211944580078125 -0.149948120117188
-0.0296173095703125 -0.171051025390625 -0.35491943359375 -0.12457275390625
-0.0769500732421875 -0.09014892578125 -0.352935791015625 0.0666809082031249
-0.0753402709960938 -0.0294342041015625 -0.172500610351562 0.15966796875
-0.0599594116210937 0.0263557434082031 -0.0433349609375 0.160354614257813
-0.0390853881835938 0.0488433837890625 0.0005950927734375 0.0850296020507813
-0.0448570251464844 0.0434646606445313 -0.0350875854492188 0.0394973754882813
-0.0454826354980469 0.0582771301269531 -0.118942260742188 0.0560455322265625
-0.0615806579589844 0.0377883911132812 -0.184127807617188 0.040283203125
-0.078338623046875 0.00257110595703126 -0.215560913085938 -0.0131378173828125
-0.0626029968261719 -0.0482368469238281 -0.195831298828125 -0.116653442382813
0.00254821777343751 -0.0885086059570313 -0.0980224609375 -0.221923828125
0.0433616638183594 -0.0700645446777344 -0.0120391845703125 -0.176361083984375
0.0379714965820313 -0.0399093627929688 -0.103897094726563 -0.0645217895507812
0.0492706298828125 -0.129722595214844 -0.0202217102050781 0.0162124633789062
0.0350799560546875 -0.196746826171875 -0.245330810546875 -0.0741119384765625
-0.049072265625 -0.194869995117188 -0.335052490234375 0.0409545898437499
-0.10736083984375 -0.108497619628906 -0.255722045898438 0.190460205078125
-0.111808776855469 -0.04058837890625 -0.0818023681640625 0.183334350585938
-0.0953750610351563 0.03765869140625 0.00827789306640623 0.139503479003906
-0.0655136108398438 0.0674362182617188 0.0217933654785156 0.0584335327148438
-0.0686721801757813 0.0579910278320313 -0.0191707611083984 0.0213642120361328
-0.0703125 0.0767745971679687 -0.0990982055664062 0.0293731689453125
-0.0922012329101563 0.0494918823242187 -0.151031494140625 -0.00192260742187502
-0.114433288574219 0.000831604003906233 -0.174026489257813 -0.0744781494140625
-0.09429931640625 -0.0649032592773437 -0.133285522460938 -0.17572021484375
-0.0117034912109375 -0.125022888183594 -0.000228881835937523 -0.246978759765625
0.0432586669921875 -0.104316711425781 0.066650390625 -0.1597900390625
0.0464897155761719 -0.0684432983398438 -0.0753250122070313 -0.0505294799804688
0.0428009033203125 -0.106643676757813 -0.00828742980957031 0.0162067413330078
0.0277557373046875 -0.16412353515625 -0.23187255859375 0.032257080078125
-0.0469207763671875 -0.178604125976563 -0.230300903320313 0.193069458007812
-0.115440368652344 -0.106758117675781 -0.0951995849609375 0.263595581054688
-0.133056640625 -0.0413589477539063 0.0348663330078125 0.171676635742188
-0.118927001953125 0.0475616455078125 0.0716171264648437 0.096954345703125
-0.0826873779296875 0.0783233642578125 0.0494308471679687 0.0229072570800781
-0.0821762084960938 0.0646286010742188 0.000930547714233393 0.000167369842529301
-0.0839920043945313 0.08282470703125 -0.0705184936523438 -0.00526428222656249
-0.107696533203125 0.0499038696289063 -0.098907470703125 -0.0586166381835937
-0.132789611816406 -0.00381469726562498 -0.0964813232421875 -0.149703979492187
-0.115615844726562 -0.0750503540039062 -0.015045166015625 -0.2301025390625
-0.0341033935546875 -0.155593872070313 0.14727783203125 -0.227447509765625
0.02825927734375 -0.143173217773438 0.160232543945313 -0.104827880859375
0.0479660034179688 -0.103103637695313 -0.0441360473632813 -0.0353431701660156
0.0359115600585937 -0.0682144165039062 0.0185470581054688 0.0294017791748047
0.0353546142578125 -0.116676330566406 -0.160354614257813 0.119415283203125
-0.0266265869140625 -0.146835327148438 -0.08154296875 0.261337280273438
-0.100914001464844 -0.0942916870117187 0.0669708251953125 0.25213623046875
-0.131027221679688 -0.0354080200195312 0.136848449707031 0.121078491210937
-0.121879577636719 0.0516281127929688 0.128349304199219 0.0392227172851563
-0.086151123046875 0.07794189453125 0.0777511596679688 -0.01580810546875
-0.083343505859375 0.0615234375 0.0221786499023438 -0.0212345123291016
-0.08563232421875 0.0748748779296875 -0.0371971130371094 -0.0423736572265625
-0.104324340820313 0.0396804809570312 -0.032318115234375 -0.111885070800781
-0.1279296875 -0.0123748779296875 0.014739990234375 -0.204010009765625
-0.118026733398438 -0.0826873779296875 0.143051147460937 -0.228317260742187
-0.0456695556640625 -0.1793212890625 0.297027587890625 -0.1241455078125
0.0203094482421875 -0.18084716796875 0.228805541992188 -0.00759887695312501
0.0495376586914063 -0.129737854003906 -0.0183601379394531 -0.0278759002685547
0.0240936279296875 -0.0344028472900391 0.0564956665039062 0.0475311279296875
0.038787841796875 -0.07489013671875 -0.0673675537109375 0.160018920898438
-0.0084228515625 -0.107063293457031 0.0418243408203125 0.250198364257813
-0.0729598999023438 -0.0695343017578125 0.17254638671875 0.191680908203125
-0.103790283203125 -0.0249252319335938 0.201004028320313 0.0594482421875
-0.101760864257812 0.0446243286132812 0.168487548828125 -0.0171966552734375
-0.0743484497070312 0.0636672973632813 0.101791381835938 -0.052490234375
-0.070953369140625 0.0498123168945312 0.0405769348144531 -0.0418624877929688
-0.0723419189453125 0.0560302734375 -0.00433349609375001 -0.0734634399414063
-0.0824050903320313 0.02392578125 0.0325469970703125 -0.14373779296875
-0.100257873535156 -0.01788330078125 0.128524780273438 -0.2073974609375
-0.0936126708984375 -0.0808334350585938 0.281082153320313 -0.147964477539063
-0.03125 -0.179611206054687 0.374786376953125 0.0467529296875
0.029998779296875 -0.189666748046875 0.242401123046875 0.09735107421875
0.0503082275390625 -0.129722595214844 0.00492095947265625 -0.0356330871582031
0.00363445281982422 -0.00900840759277344 0.092193603515625 0.0578460693359375
0.0265464782714844 -0.04168701171875 0.00808715820312499 0.16448974609375
-0.00101470947265625 -0.0594863891601562 0.110946655273437 0.209457397460938
-0.039215087890625 -0.0363540649414063 0.218856811523438 0.129913330078125
-0.0612258911132812 -0.0135917663574219 0.226455688476563 0.0134124755859375
-0.0650558471679688 0.0279159545898438 0.188583374023438 -0.0584259033203125
-0.0507392883300781 0.0381011962890625 0.116180419921875 -0.0791015625
-0.0478782653808594 0.0317840576171875 0.052825927734375 -0.057342529296875
-0.0485496520996094 0.0313720703125 0.0202865600585938 -0.0934066772460938
-0.050018310546875 0.00900650024414063 0.0794525146484375 -0.154266357421875
-0.0591163635253906 -0.014862060546875 0.205780029296875 -0.174972534179688
-0.0495223999023438 -0.05743408203125 0.352386474609375 -0.03662109375
-0.00490570068359376 -0.130210876464844 0.36639404296875 0.20306396484375
0.0390167236328125 -0.14068603515625 0.220901489257813 0.168701171875
0.0388031005859375 -0.0886459350585938 0.0265769958496094 -0.0523147583007813
0.000650405883789061 0.02337646484375 -0.0151596069335937 0.0572853088378906
0.006103515625 0.0104837417602539 -0.175537109375 -0.177902221679687
-0.00177383422851563 0.0266590118408203 -0.34710693359375 -0.23046875
0.00754451751708984 0.0158891677856445 -0.3995361328125 -0.0195312499999999
0.0118017196655273 0.0103940963745117 -0.229415893554688 0.152999877929687
0.0191917419433594 0.00229072570800781 -0.0695037841796875 0.180068969726562
0.0218009948730469 -0.00289535522460938 -0.00655364990234375 0.103981018066406
0.0187664031982422 -0.00714874267578125 -0.0482940673828125 0.0602989196777344
0.0191841125488281 -0.0126476287841797 -0.129371643066406 0.0860748291015625
0.0189647674560547 -0.0117301940917969 -0.20587158203125 0.079193115234375
0.0186519622802734 -0.000494003295898438 -0.240447998046875 0.0406494140625
0.0122699737548828 0.000472068786621094 -0.230361938476562 -0.06427001953125
0.00231361389160156 0.00951766967773438 -0.1614990234375 -0.191680908203125
-0.00593328475952148 -0.00248050689697266 -0.0701904296875 -0.176864624023438
-0.0081324577331543 -0.000932693481445313 -0.130722045898437 -0.0670013427734375
0.0324211120605469 -0.0639305114746094 -0.0233535766601562 0.0533561706542969
0.0375137329101563 -0.106498718261719 -0.19012451171875 -0.174362182617188
-0.0164260864257812 -0.0900039672851563 -0.349090576171875 -0.217681884765625
-0.0403289794921875 -0.0462379455566406 -0.39276123046875 -0.00708007812500002
-0.0349807739257813 -0.00918388366699219 -0.21844482421875 0.150314331054687
-0.0201759338378906 0.0174293518066406 -0.0622100830078125 0.177658081054688
-0.00600051879882812 0.0263519287109375 -0.00482177734375 0.103141784667969
-0.0121040344238281 0.0223979949951172 -0.0440750122070313 0.0570907592773437
-0.0108661651611328 0.0294589996337891 -0.128135681152344 0.083892822265625
-0.0226020812988281 0.0189094543457031 -0.201202392578125 0.079376220703125
-0.0330276489257813 0.00510597229003907 -0.235443115234375 0.038238525390625
-0.0292205810546875 -0.0253772735595703 -0.229476928710938 -0.0670623779296874
0.00167465209960938 -0.0448455810546875 -0.158401489257812 -0.19049072265625
0.0216941833496094 -0.0397911071777344 -0.0677337646484375 -0.17437744140625
0.0194835662841797 -0.020050048828125 -0.131195068359375 -0.0634765625
0.0476531982421875 -0.123809814453125 -0.0228691101074219 0.0355377197265625
0.039794921875 -0.18756103515625 -0.224960327148438 -0.138427734375
-0.0420989990234375 -0.173828125 -0.368194580078125 -0.107086181640625
-0.0849533081054687 -0.088775634765625 -0.355560302734375 0.089996337890625
-0.0803298950195313 -0.026031494140625 -0.1669921875 0.17340087890625
-0.0585479736328125 0.0320091247558594 -0.0324249267578125 0.16705322265625
-0.0351600646972656 0.0532569885253906 0.00592803955078124 0.0860519409179688
-0.0422859191894531 0.0479736328125 -0.0347900390625 0.0431098937988281
-0.0408363342285156 0.0631027221679688 -0.118095397949219 0.0677108764648438
-0.0604057312011719 0.0440902709960937 -0.185012817382813 0.0566864013671875
-0.0805435180664063 0.00875091552734374 -0.219512939453125 0.00292968750000003
-0.06878662109375 -0.0464057922363281 -0.208572387695312 -0.10595703125
-0.00508880615234375 -0.09246826171875 -0.114990234375 -0.219100952148438
0.0388031005859375 -0.0752182006835938 -0.024200439453125 -0.178131103515625
0.0394554138183594 -0.0433464050292969 -0.111747741699219 -0.05767822265625
0.0481948852539063 -0.135612487792969 -0.0187797546386719 0.0177593231201172
0.02545166015625 -0.203170776367187 -0.254486083984375 -0.0582733154296875
-0.0634002685546875 -0.19775390625 -0.337890625 0.0622253417968749
-0.117759704589844 -0.106285095214844 -0.248931884765625 0.209365844726563
-0.119155883789062 -0.035125732421875 -0.0726165771484375 0.19122314453125
-0.0940933227539063 0.0458297729492188 0.018524169921875 0.142379760742188
-0.0610580444335938 0.0746841430664063 0.0258636474609375 0.05743408203125
-0.0655364990234375 0.0646018981933594 -0.0189132690429688 0.0232105255126953
-0.0648727416992188 0.08465576171875 -0.099029541015625 0.03912353515625
-0.0908126831054688 0.0584335327148437 -0.153366088867188 0.0100555419921875
-0.1180419921875 0.00905609130859373 -0.181121826171875 -0.0635223388671875
-0.102088928222656 -0.0619125366210937 -0.149154663085937 -0.170501708984375
-0.0221328735351563 -0.129661560058594 -0.0170745849609375 -0.252059936523438
0.0368881225585938 -0.109687805175781 0.05743408203125 -0.167098999023438
0.046478271484375 -0.0731735229492188 -0.0810699462890625 -0.0455780029296875
0.0436248779296875 -0.112167358398438 -0.00654315948486328 0.0163640975952148
0.0204925537109375 -0.170059204101562 -0.234573364257812 0.049560546875
-0.060333251953125 -0.181991577148438 -0.220245361328125 0.211151123046875
-0.126167297363281 -0.104637145996094 -0.0791473388671875 0.27386474609375
-0.14190673828125 -0.0347137451171875 0.045379638671875 0.171646118164062
-0.117462158203125 0.058258056640625 0.0803756713867187 0.09490966796875
-0.0775146484375 0.08721923828125 0.0513992309570312 0.0191612243652344
-0.078643798828125 0.0721359252929688 0.000715136528015132 -0.000450551509857173
-0.0786666870117188 0.091339111328125 -0.071624755859375 0.00145721435546876
-0.106651306152344 0.060150146484375 -0.103324890136719 -0.0519027709960938
-0.1365966796875 0.00543212890624999 -0.10711669921875 -0.1458740234375
-0.125045776367188 -0.070953369140625 -0.032135009765625 -0.233993530273437
-0.0466461181640625 -0.158767700195313 0.134674072265625 -0.242767333984375
0.0191802978515625 -0.148635864257813 0.1568603515625 -0.117645263671875
0.0459671020507812 -0.108787536621094 -0.047882080078125 -0.032257080078125
0.03863525390625 -0.0722274780273438 0.0219326019287109 0.0276012420654297
0.0304412841796875 -0.122817993164063 -0.156784057617188 0.133346557617187
-0.0378570556640625 -0.150924682617188 -0.0636444091796875 0.271560668945313
-0.111099243164063 -0.09246826171875 0.0849609375 0.25189208984375
-0.13946533203125 -0.028350830078125 0.146194458007813 0.113143920898438
-0.120925903320312 0.0627059936523438 0.135063171386719 0.0320663452148438
-0.0815353393554687 0.0877227783203125 0.0782928466796875 -0.022369384765625
-0.0801925659179688 0.0692138671875 0.0214557647705078 -0.0243606567382812
-0.0802764892578125 0.0833511352539062 -0.0392074584960938 -0.0397834777832031
-0.103729248046875 0.0490570068359375 -0.03961181640625 -0.111320495605469
-0.132171630859375 -0.0033111572265625 0.00218200683593751 -0.208572387695313
-0.127105712890625 -0.0786056518554688 0.129257202148438 -0.24334716796875
-0.0599517822265625 -0.182159423828125 0.294830322265625 -0.14727783203125
0.00833129882812502 -0.185928344726563 0.233917236328125 -0.0234375
0.0455780029296875 -0.135688781738281 -0.0202617645263672 -0.0266819000244141
0.0282325744628906 -0.0361518859863281 0.0612106323242188 0.0425071716308594
0.0354232788085938 -0.080810546875 -0.0593109130859375 0.168899536132813
-0.0167388916015625 -0.110954284667969 0.0609130859375 0.252899169921875
-0.0797042846679687 -0.0682830810546875 0.189163208007813 0.183700561523438
-0.110626220703125 -0.0190887451171875 0.208328247070313 0.046539306640625
-0.101715087890625 0.0541534423828125 0.172073364257812 -0.02880859375
-0.0705032348632813 0.072174072265625 0.099853515625 -0.06146240234375
-0.0679054260253906 0.0568122863769531 0.0393638610839844 -0.0465850830078125
-0.0684700012207031 0.0633468627929688 -0.00856018066406251 -0.0746078491210937
-0.0824813842773438 0.0316085815429687 0.0240478515625 -0.14923095703125
-0.103965759277344 -0.0112228393554688 0.116592407226563 -0.22021484375
-0.101783752441406 -0.0781021118164062 0.275970458984375 -0.170974731445313
-0.04498291015625 -0.183029174804687 0.3861083984375 0.02276611328125
0.0172576904296875 -0.19549560546875 0.255096435546875 0.0839385986328125
0.0452728271484375 -0.135475158691406 0.00314331054687501 -0.0362434387207031
0.00715255737304688 -0.00870227813720703 0.0989456176757813 0.05010986328125
0.0231781005859375 -0.0454597473144531 0.01739501953125 0.167678833007813
-0.00557327270507812 -0.0626182556152344 0.1282958984375 0.207595825195312
-0.0422592163085938 -0.0361862182617187 0.231857299804688 0.118484497070313
-0.0652885437011719 -0.0103263854980469 0.231842041015625 -0.002166748046875
-0.0656356811523438 0.0341224670410156 0.1895751953125 -0.0730438232421875
-0.0480308532714844 0.0439109802246094 0.113716125488281 -0.090240478515625
-0.045196533203125 0.0361442565917969 0.051300048828125 -0.0636177062988281
-0.0460014343261719 0.0367202758789063 0.0156784057617187 -0.0969161987304688
-0.0508155822753906 0.0137100219726562 0.07159423828125 -0.162765502929688
-0.0617256164550781 -0.01123046875 0.198226928710938 -0.19140625
-0.0548973083496094 -0.057342529296875 0.355987548828125 -0.06182861328125
-0.013916015625 -0.134086608886719 0.387847900390625 0.183837890625
0.030120849609375 -0.14697265625 0.237396240234375 0.158767700195313
0.0352706909179688 -0.0922164916992188 0.0250091552734375 -0.0539665222167969
0.00525283813476563 0.0225505828857422 -0.0110435485839844 0.05682373046875
0.00634670257568359 0.0104103088378906 -0.182907104492187 -0.162857055664063
0.000415802001953125 0.0259456634521484 -0.3548583984375 -0.20196533203125
0.00819778442382813 0.0145206451416016 -0.39129638671875 0.00869750976562506
0.0120334625244141 0.00961017608642578 -0.213302612304687 0.166061401367188
0.0195846557617188 0.000360488891601562 -0.0527496337890625 0.181503295898438
0.0211372375488281 -0.00523185729980469 -0.000259399414062507 0.101768493652344
0.0186443328857422 -0.00932884216308594 -0.0446510314941406 0.0638465881347656
0.0183372497558594 -0.0137538909912109 -0.121086120605469 0.0973739624023438
0.0172710418701172 -0.0127162933349609 -0.196319580078125 0.095123291015625
0.0187969207763672 -0.00175857543945312 -0.231674194335938 0.05889892578125
0.0122041702270508 -0.000457763671875 -0.229934692382813 -0.0454254150390625
0.00242996215820312 0.0102710723876953 -0.171478271484375 -0.175048828125
-0.00670433044433594 -0.000927925109863281 -0.0816192626953125 -0.166351318359375
-0.00631618499755859 -0.000319957733154296 -0.133682250976563 -0.0542449951171875
0.0309410095214844 -0.0659599304199219 -0.019287109375 0.0546188354492188
0.0302886962890625 -0.106559753417969 -0.195816040039063 -0.156585693359375
-0.0221481323242188 -0.0876312255859375 -0.356536865234375 -0.1907958984375
-0.0443458557128906 -0.042755126953125 -0.3843994140625 0.0206298828125
-0.0362205505371094 -0.00668334960937499 -0.203018188476563 0.162063598632813
-0.0179595947265625 0.0191421508789062 -0.04608154296875 0.177825927734375
-0.00321388244628906 0.0261573791503906 0.0025787353515625 0.100486755371094
-0.00975227355957031 0.0220527648925781 -0.0408134460449219 0.0605201721191406
-0.00708580017089843 0.0295600891113281 -0.120109558105469 0.0951385498046875
-0.0207672119140625 0.0210494995117187 -0.191314697265625 0.0953369140625
-0.0321311950683594 0.00817489624023437 -0.226272583007813 0.055572509765625
-0.0318279266357422 -0.0230484008789063 -0.22979736328125 -0.0484161376953125
-0.0030975341796875 -0.0441703796386719 -0.167861938476562 -0.174209594726563
0.0176467895507813 -0.0404014587402344 -0.078857421875 -0.1644287109375
0.0201530456542969 -0.0216274261474609 -0.134269714355469 -0.0511703491210938
0.04241943359375 -0.126167297363281 -0.0190696716308594 0.0369796752929688
0.0273895263671875 -0.186126708984375 -0.227493286132813 -0.11871337890625
-0.053985595703125 -0.16748046875 -0.36590576171875 -0.08148193359375
-0.090606689453125 -0.0819015502929687 -0.340301513671875 0.111968994140625
-0.0826187133789063 -0.0200576782226562 -0.152420043945313 0.180282592773438
-0.0538825988769531 0.0366897583007813 -0.018096923828125 0.165664672851563
-0.0291099548339844 0.0551567077636719 0.011810302734375 0.0834503173828125
-0.0375518798828125 0.0495796203613281 -0.0319709777832031 0.0456199645996094
-0.0335121154785156 0.0648422241210938 -0.111038208007813 0.07843017578125
-0.0564117431640625 0.0487327575683594 -0.176132202148438 0.0714111328125
-0.0789337158203125 0.0152511596679687 -0.213714599609375 0.0199737548828125
-0.072601318359375 -0.0416488647460938 -0.212570190429688 -0.087249755859375
-0.0132827758789062 -0.0912628173828125 -0.128448486328125 -0.205276489257812
0.0322341918945312 -0.0766220092773438 -0.0365142822265625 -0.171432495117188
0.0385475158691406 -0.0462684631347656 -0.114959716796875 -0.0470123291015625
0.04278564453125 -0.138595581054687 -0.0159397125244141 0.018310546875
0.012908935546875 -0.20166015625 -0.251663208007813 -0.0386505126953126
-0.077056884765625 -0.190444946289063 -0.32489013671875 0.0815734863281249
-0.124359130859375 -0.0978164672851563 -0.228103637695313 0.22125244140625
-0.122314453125 -0.0261306762695313 -0.0587921142578125 0.19146728515625
-0.08758544921875 0.0530319213867188 0.030303955078125 0.137565612792969
-0.0524749755859375 0.0783615112304688 0.0290298461914062 0.0541496276855469
-0.0592765808105469 0.068328857421875 -0.0178985595703125 0.0241718292236328
-0.0555191040039063 0.0878524780273438 -0.0931396484375 0.0484390258789063
-0.0845718383789063 0.0655517578125 -0.147842407226563 0.0230255126953125
-0.115982055664063 0.0183334350585937 -0.1805419921875 -0.0484771728515625
-0.107162475585938 -0.0543594360351563 -0.159423828125 -0.155441284179688
-0.032867431640625 -0.127456665039063 -0.0362701416015625 -0.245361328125
0.0283050537109375 -0.1103515625 0.04412841796875 -0.167205810546875
0.04443359375 -0.075958251953125 -0.0833511352539063 -0.0373077392578125
0.0403518676757813 -0.115234375 -0.00444602966308594 0.0156688690185547
0.00985717773437499 -0.16912841796875 -0.225372314453125 0.066314697265625
-0.073211669921875 -0.175811767578125 -0.1986083984375 0.220169067382813
-0.13336181640625 -0.0958251953125 -0.057403564453125 0.272003173828125
-0.144973754882812 -0.0241241455078125 0.0549468994140625 0.163421630859375
-0.109764099121094 0.0669937133789062 0.087554931640625 0.0862503051757813
-0.0672836303710938 0.0928115844726563 0.0515823364257812 0.0144920349121094
-0.0720291137695313 0.0768508911132813 0.000474482774734493 -0.000379711389541621
-0.0684814453125 0.0957107543945313 -0.068634033203125 0.00862884521484376
-0.0993270874023438 0.0687255859375 -0.103897094726562 -0.0420074462890625
-0.134307861328125 0.01617431640625 -0.114303588867188 -0.134788513183594
-0.129676818847656 -0.0625 -0.049713134765625 -0.225677490234375
-0.0590667724609375 -0.154190063476563 0.112869262695312 -0.247650146484375
0.00848388671875001 -0.146759033203125 0.145248413085938 -0.126754760742188
0.0410842895507812 -0.110145568847656 -0.0493545532226562 -0.0267791748046875
0.0388946533203125 -0.0758285522460938 0.0241184234619141 0.0238285064697266
0.0224990844726562 -0.12432861328125 -0.143218994140625 0.143295288085938
-0.049407958984375 -0.147857666015625 -0.0396575927734375 0.269088745117188
-0.117324829101563 -0.0851821899414063 0.101409912109375 0.239288330078125
-0.142364501953125 -0.0178680419921875 0.149993896484375 0.0990447998046875
-0.113693237304687 0.0725021362304688 0.135879516601563 0.0207138061523438
-0.0715484619140625 0.0937423706054688 0.0748748779296875 -0.0288619995117187
-0.07305908203125 0.0741806030273438 0.0197849273681641 -0.0266075134277344
-0.0704269409179688 0.0879287719726562 -0.0402717590332031 -0.0348434448242188
-0.0972900390625 0.0575637817382812 -0.046112060546875 -0.105552673339844
-0.130043029785156 0.00705718994140623 -0.0127105712890625 -0.204254150390625
-0.131538391113281 -0.0693206787109375 0.106887817382812 -0.246322631835937
-0.0734405517578125 -0.17535400390625 0.276214599609375 -0.16595458984375
-0.005706787109375 -0.182174682617188 0.228057861328125 -0.0400238037109375
0.0379791259765625 -0.137535095214844 -0.0212516784667969 -0.0237922668457031
0.0301551818847656 -0.0389366149902344 0.0635452270507813 0.03521728515625
0.029144287109375 -0.083343505859375 -0.046478271484375 0.169952392578125
-0.0262527465820313 -0.110069274902344 0.080291748046875 0.243057250976563
-0.0850677490234375 -0.0635528564453125 0.198577880859375 0.16552734375
-0.113121032714844 -0.0108261108398437 0.206222534179688 0.0293121337890625
-0.0954208374023437 0.0622940063476563 0.168075561523437 -0.0416412353515625
-0.0624923706054688 0.0774993896484375 0.0938491821289063 -0.0684814453125
-0.0614585876464844 0.0603294372558594 0.0358963012695312 -0.0498161315917969
-0.0601158142089844 0.0676193237304688 -0.01275634765625 -0.0722198486328125
-0.07781982421875 0.0385055541992187 0.012786865234375 -0.147491455078125
-0.102645874023438 -0.00260162353515624 0.098419189453125 -0.2242431640625
-0.105667114257812 -0.0706787109375 0.255233764648438 -0.186630249023438
-0.0581817626953125 -0.176849365234375 0.378082275390625 -0.00576782226562501
0.00259399414062499 -0.19256591796875 0.256622314453125 0.06396484375
0.0374221801757813 -0.136238098144531 0.00122261047363282 -0.0348415374755859
0.0109834671020508 -0.00967979431152344 0.100639343261719 0.0390625
0.0186424255371094 -0.0470428466796875 0.0275726318359375 0.163284301757813
-0.0118446350097656 -0.0626068115234375 0.141860961914063 0.19451904296875
-0.0445823669433594 -0.0345077514648437 0.235824584960937 0.0998382568359375
-0.0668678283691406 -0.005615234375 0.226608276367187 -0.0195465087890625
-0.0622215270996094 0.0394248962402344 0.181991577148438 -0.0854339599609375
-0.0426788330078125 0.0477676391601563 0.104583740234375 -0.0980682373046875
-0.0401344299316406 0.0382957458496094 0.0464019775390625 -0.0677261352539063
-0.0405235290527344 0.039581298828125 0.008758544921875 -0.0964508056640625
-0.0485610961914063 0.0186614990234375 0.057769775390625 -0.164627075195313
-0.0618019104003906 -0.00594329833984376 0.179840087890625 -0.2017822265625
-0.0581626892089844 -0.0528564453125 0.3419189453125 -0.08624267578125
-0.0242843627929688 -0.131332397460938 0.39080810546875 0.152191162109375
0.0179901123046875 -0.145217895507813 0.244857788085938 0.14007568359375
0.0306549072265625 -0.09271240234375 0.0214462280273438 -0.0539398193359375
0.00811576843261719 0.0208454132080078 -0.0092315673828125 0.0543251037597656
0.0061492919921875 0.0105257034301758 -0.179977416992188 -0.150833129882813
0.00116920471191406 0.0251045227050781 -0.346923828125 -0.184417724609375
0.00813961029052734 0.0133323669433594 -0.373260498046875 0.0229492187500001
0.0122919082641602 0.00929069519042969 -0.197494506835938 0.167022705078125
0.0184726715087891 -0.000926971435546875 -0.04217529296875 0.175201416015625
0.0199012756347656 -0.00683975219726562 0.00295257568359376 0.0975875854492188
0.0174837112426758 -0.0107450485229492 -0.0418548583984375 0.0653953552246094
0.0177078247070313 -0.0145416259765625 -0.112525939941406 0.101654052734375
0.0156898498535156 -0.0129671096801758 -0.185638427734375 0.101699829101562
0.0187206268310547 -0.00224113464355469 -0.21923828125 0.066802978515625
0.0112953186035156 -0.00091552734375 -0.22259521484375 -0.035247802734375
0.00212478637695313 0.0102052688598633 -0.171249389648438 -0.160354614257812
-0.00743293762207031 0.000842571258544922 -0.0839996337890625 -0.154922485351563
-0.00504016876220703 -0.000624656677246093 -0.130668640136719 -0.044891357421875
0.0296974182128906 -0.0663604736328125 -0.0165596008300781 0.0537261962890625
0.0265121459960938 -0.103485107421875 -0.191375732421875 -0.143661499023438
-0.0241546630859375 -0.0831832885742188 -0.3482666015625 -0.17279052734375
-0.0450515747070313 -0.0390510559082031 -0.36785888671875 0.0335998535156251
-0.0363616943359375 -0.004852294921875 -0.18914794921875 0.162384033203125
-0.0159683227539063 0.0193557739257813 -0.036285400390625 0.171463012695313
-0.00184059143066406 0.0244674682617188 0.00531005859374999 0.0957870483398437
-0.009063720703125 0.0208301544189453 -0.0380783081054688 0.0613594055175781
-0.00492286682128906 0.0275325775146484 -0.111198425292969 0.0995712280273438
-0.0188655853271484 0.0214366912841797 -0.179931640625 0.101364135742188
-0.0305976867675781 0.00942039489746093 -0.214431762695313 0.0636444091796875
-0.0324935913085938 -0.0214309692382812 -0.22222900390625 -0.037200927734375
-0.0054931640625 -0.0423736572265625 -0.16693115234375 -0.160400390625
0.015350341796875 -0.0389328002929688 -0.0816802978515625 -0.153274536132813
0.0207481384277344 -0.0228099822998047 -0.1309814453125 -0.0422439575195313
0.0390090942382812 -0.125289916992188 -0.0167007446289063 0.0364418029785156
0.021575927734375 -0.179656982421875 -0.219818115234375 -0.106109619140625
-0.0579071044921875 -0.159469604492187 -0.35357666015625 -0.0697937011718751
-0.0912399291992187 -0.0758743286132813 -0.32257080078125 0.118621826171875
-0.0822830200195313 -0.0155410766601562 -0.139816284179688 0.177780151367188
-0.0493431091308594 0.0379791259765625 -0.00923156738281251 0.15802001953125
-0.0247726440429688 0.0538291931152344 0.0139007568359375 0.0786666870117188
-0.0343971252441406 0.0489845275878906 -0.0301856994628906 0.0460395812988281
-0.0289764404296875 0.0632400512695313 -0.102607727050781 0.0834121704101563
-0.0514144897460938 0.0499229431152344 -0.165817260742188 0.0772705078125
-0.0757980346679688 0.0185928344726563 -0.203475952148438 0.02728271484375
-0.073486328125 -0.0376358032226562 -0.207656860351563 -0.0751953125
-0.0178604125976562 -0.0882415771484375 -0.131072998046875 -0.191299438476563
0.0283050537109375 -0.0751571655273437 -0.0416412353515625 -0.1619873046875
0.0383796691894531 -0.0478973388671875 -0.112350463867188 -0.0386962890625
0.039703369140625 -0.137535095214844 -0.0141029357910156 0.0179786682128906
0.0077362060546875 -0.195098876953125 -0.2412109375 -0.0274200439453125
-0.0814208984375 -0.1812744140625 -0.30792236328125 0.087127685546875
-0.124885559082031 -0.0904006958007812 -0.210418701171875 0.218521118164063
-0.121734619140625 -0.0203857421875 -0.0505523681640625 0.185256958007813
-0.0811233520507812 0.0554351806640625 0.035675048828125 0.129409790039062
-0.0453872680664062 0.0781021118164063 0.02935791015625 0.0501632690429688
-0.0545997619628906 0.0680694580078125 -0.0169544219970703 0.0239772796630859
-0.0491256713867187 0.08673095703125 -0.08624267578125 0.0527420043945312
-0.0779876708984375 0.0680618286132813 -0.139801025390625 0.0293045043945312
-0.111373901367188 0.0233383178710938 -0.174163818359375 -0.039642333984375
-0.107101440429688 -0.0495147705078125 -0.159133911132812 -0.14190673828125
-0.037628173828125 -0.12249755859375 -0.045074462890625 -0.2327880859375
0.0235671997070312 -0.107650756835938 0.035919189453125 -0.161697387695313
0.0435943603515625 -0.0767364501953125 -0.0816802978515625 -0.0308685302734375
0.03863525390625 -0.115646362304687 -0.00288581848144531 0.0137872695922851
0.00558471679687501 -0.164840698242188 -0.212051391601563 0.0726318359375
-0.0781707763671875 -0.16864013671875 -0.181045532226563 0.215286254882812
-0.133758544921875 -0.0887908935546875 -0.0449371337890625 0.26220703125
-0.1439208984375 -0.01727294921875 0.05731201171875 0.1541748046875
-0.102020263671875 0.0699310302734375 0.0886917114257813 0.0780181884765625
-0.0593185424804687 0.0928268432617187 0.0496101379394531 0.0105934143066406
-0.066192626953125 0.0768203735351563 0.000455021858215328 -0.00111222267150878
-0.0607376098632812 0.0948104858398438 -0.0636520385742188 0.01287841796875
-0.0923080444335937 0.0712966918945313 -0.0999603271484375 -0.0358657836914063
-0.129196166992188 0.0215301513671875 -0.114265441894531 -0.125236511230469
-0.129119873046875 -0.0563735961914063 -0.05767822265625 -0.213531494140625
-0.063385009765625 -0.14727783203125 0.096893310546875 -0.241729736328125
0.00354003906250001 -0.141647338867188 0.1346435546875 -0.127220153808594
0.0384674072265625 -0.109626770019531 -0.0484085083007813 -0.0226211547851563
0.038665771484375 -0.07733154296875 0.0243682861328125 0.0205001831054687
0.0186996459960938 -0.122215270996094 -0.131072998046875 0.143630981445313
-0.0547943115234375 -0.142532348632813 -0.0267486572265625 0.2574462890625
-0.118888854980469 -0.0792694091796875 0.106765747070313 0.224685668945313
-0.141204833984375 -0.0112762451171875 0.146377563476562 0.0888214111328125
-0.105316162109375 0.0754241943359375 0.132926940917969 0.0129852294921875
-0.06329345703125 0.0941543579101563 0.0702247619628906 -0.0320014953613281
-0.0673751831054688 0.074371337890625 0.0182056427001953 -0.0272407531738281
-0.06298828125 0.0874099731445312 -0.0380439758300781 -0.0309257507324219
-0.0896530151367188 0.060516357421875 -0.04766845703125 -0.0996322631835938
-0.125282287597656 0.0127944946289063 -0.019683837890625 -0.196090698242188
-0.130867004394531 -0.0630722045898437 0.09173583984375 -0.239883422851563
-0.0777435302734375 -0.166839599609375 0.258041381835938 -0.169876098632813
-0.01129150390625 -0.174545288085937 0.2177734375 -0.0474090576171875
0.0346832275390625 -0.134620666503906 -0.0206260681152344 -0.0211143493652344
0.031646728515625 -0.0416488647460938 0.0630416870117188 0.0292816162109375
0.0251846313476562 -0.0827713012695313 -0.038604736328125 0.166091918945312
-0.0311431884765625 -0.107215881347656 0.088470458984375 0.228805541992188
-0.0868377685546875 -0.0601119995117187 0.197784423828125 0.151397705078125
-0.112319946289062 -0.005706787109375 0.19873046875 0.0198974609375
-0.088714599609375 0.0652694702148437 0.161407470703125 -0.0481109619140625
-0.0553207397460938 0.078277587890625 0.0871124267578125 -0.0715789794921875
-0.0566825866699219 0.0601806640625 0.0338325500488281 -0.0506401062011719
-0.0534095764160156 0.0672645568847656 -0.0138473510742188 -0.0682373046875
-0.0723495483398438 0.0413665771484375 0.00657653808593751 -0.14263916015625
-0.099334716796875 0.00215148925781248 0.085205078125 -0.219268798828125
-0.105964660644531 -0.0653533935546875 0.236297607421875 -0.188491821289062
-0.0630340576171875 -0.168319702148438 0.362762451171875 -0.019500732421875
-0.00459289550781251 -0.18389892578125 0.249313354492188 0.0515899658203125
0.0341644287109375 -0.133216857910156 0.000717163085937498 -0.0330219268798828
0.0136175155639648 -0.0117168426513672 0.0979766845703125 0.0315170288085938
0.0153694152832031 -0.0465850830078125 0.0320587158203125 0.156661987304688
-0.0157241821289063 -0.0610542297363281 0.14495849609375 0.180755615234375
-0.0459251403808594 -0.0334510803222656 0.230941772460938 0.087188720703125
-0.0665359497070313 -0.00255203247070311 0.217010498046875 -0.02740478515625
-0.0579338073730469 0.0417060852050781 0.172622680664063 -0.090911865234375
-0.0380668640136719 0.04852294921875 0.0971145629882812 -0.10028076171875
-0.036376953125 0.0374679565429688 0.0432281494140625 -0.0685615539550781
-0.0358238220214844 0.03961181640625 0.00539398193359375 -0.0933837890625
-0.0454177856445313 0.021240234375 0.0487823486328125 -0.16082763671875
-0.0599594116210938 -0.00263595581054687 0.164627075195313 -0.20098876953125
-0.0590972900390625 -0.0500335693359375 0.32342529296875 -0.09552001953125
-0.02899169921875 -0.125450134277344 0.3797607421875 0.131622314453125
0.0115890502929688 -0.139297485351563 0.239944458007813 0.125732421875
0.0283432006835938 -0.09051513671875 0.0198135375976563 -0.0524101257324219
0.00953102111816406 0.0191173553466797 -0.00884246826171875 0.05279541015625
0.00641059875488281 0.0105810165405273 -0.17608642578125 -0.148178100585938
0.00222969055175781 0.02459716796875 -0.3389892578125 -0.179046630859375
0.00804615020751953 0.0121793746948242 -0.3643798828125 0.0233459472656251
0.0128316879272461 0.00871372222900391 -0.190475463867187 0.164352416992188
0.0180988311767578 -0.00147438049316406 -0.037841796875 0.1707763671875
0.0187892913818359 -0.00701332092285156 0.00295257568359376 0.0956039428710938
0.0166006088256836 -0.0118169784545898 -0.0412254333496094 0.0666618347167969
0.0174236297607422 -0.0151348114013672 -0.10906982421875 0.103919982910156
0.0157051086425781 -0.0129480361938477 -0.180892944335938 0.104522705078125
0.0190277099609375 -0.00304412841796875 -0.213546752929688 0.0681915283203125
0.010920524597168 -0.00100040435791016 -0.21783447265625 -0.0320281982421875
0.00233745574951172 0.0110321044921875 -0.168365478515625 -0.154891967773438
-0.00756692886352539 0.00133180618286133 -0.082855224609375 -0.150100708007813
-0.0038604736328125 -0.00138235092163086 -0.127761840820312 -0.04144287109375
0.0308685302734375 -0.0669364929199219 -0.0155448913574219 0.0535011291503906
0.0265884399414063 -0.102058410644531 -0.18634033203125 -0.13995361328125
-0.0237960815429687 -0.082244873046875 -0.341552734375 -0.169036865234375
-0.0445060729980469 -0.0378608703613281 -0.35906982421875 0.034027099609375
-0.0369377136230469 -0.00375747680664063 -0.183700561523437 0.15972900390625
-0.014678955078125 0.0197029113769531 -0.0326080322265625 0.166229248046875
-0.00118637084960938 0.0237140655517578 0.00561523437499999 0.0934677124023437
-0.00922966003417969 0.0204505920410156 -0.0378303527832031 0.0619239807128906
-0.00437545776367188 0.0263957977294922 -0.10833740234375 0.102706909179688
-0.0177173614501953 0.0217227935791016 -0.174850463867188 0.10406494140625
-0.0293064117431641 0.00938034057617187 -0.208908081054687 0.064666748046875
-0.0334453582763672 -0.0206012725830078 -0.219100952148438 -0.0335235595703125
-0.0063323974609375 -0.0414199829101563 -0.164703369140625 -0.155242919921875
0.0147247314453125 -0.038818359375 -0.0809173583984375 -0.148208618164062
0.0219459533691406 -0.0244731903076172 -0.128639221191406 -0.0386428833007812
0.039794921875 -0.125343322753906 -0.015533447265625 0.03564453125
0.022857666015625 -0.176986694335938 -0.21307373046875 -0.103347778320313
-0.0577239990234375 -0.156280517578125 -0.34722900390625 -0.0700683593750001
-0.0910797119140625 -0.074188232421875 -0.31427001953125 0.116119384765625
-0.0828018188476563 -0.0137405395507812 -0.136734008789063 0.174896240234375
-0.0469627380371094 0.0382308959960937 -0.00663757324218751 0.153213500976563
-0.0224037170410156 0.05303955078125 0.0135040283203125 0.07672119140625
-0.0337944030761719 0.0488395690917969 -0.0302314758300781 0.0463714599609375
-0.0273475646972656 0.0620841979980469 -0.0987396240234375 0.0856857299804687
-0.0494194030761719 0.0502700805664062 -0.160812377929687 0.0798187255859375
-0.0745849609375 0.0192108154296875 -0.19842529296875 0.0289154052734375
-0.0739364624023438 -0.0370864868164063 -0.204360961914063 -0.0706024169921875
-0.0190353393554688 -0.08697509765625 -0.130218505859375 -0.185531616210938
0.0273590087890625 -0.0742263793945313 -0.041534423828125 -0.157119750976563
0.0391693115234375 -0.0499153137207031 -0.110694885253906 -0.035400390625
0.0411376953125 -0.138031005859375 -0.0128402709960937 0.0171012878417969
0.00898742675781251 -0.193008422851563 -0.233978271484375 -0.0261993408203125
-0.0816802978515625 -0.1785888671875 -0.3009033203125 0.0836181640625
-0.124496459960938 -0.0884246826171875 -0.204696655273438 0.214218139648437
-0.122085571289063 -0.0173263549804687 -0.0491790771484375 0.181228637695312
-0.0771331787109375 0.0561676025390625 0.0375442504882812 0.124275207519531
-0.042022705078125 0.0774307250976563 0.0282363891601563 0.0480194091796875
-0.0531539916992187 0.0683212280273438 -0.0170688629150391 0.0242767333984375
-0.046905517578125 0.08526611328125 -0.0824508666992188 0.05474853515625
-0.0746841430664063 0.0679397583007813 -0.135414123535156 0.0313873291015625
-0.109764099121094 0.0243148803710938 -0.16986083984375 -0.037261962890625
-0.108245849609375 -0.048431396484375 -0.158355712890625 -0.136199951171875
-0.0394287109375 -0.121368408203125 -0.04669189453125 -0.227279663085938
0.0226898193359375 -0.106986999511719 0.0339813232421875 -0.158416748046875
0.0440292358398438 -0.078033447265625 -0.080078125 -0.0283584594726563
0.0404739379882812 -0.117210388183594 -0.00193500518798828 0.0123090744018555
0.00672912597656251 -0.163833618164063 -0.205337524414063 0.0718994140625
-0.078948974609375 -0.166549682617188 -0.175537109375 0.20843505859375
-0.134529113769531 -0.0868911743164063 -0.0421295166015625 0.255111694335938
-0.145126342773437 -0.014007568359375 0.05645751953125 0.14990234375
-0.0976104736328125 0.07110595703125 0.0884780883789063 0.0730743408203125
-0.054901123046875 0.0925140380859375 0.0476799011230469 0.00911331176757813
-0.0649337768554688 0.0769882202148438 -0.000107884407043461 -0.00158369541168212
-0.0577545166015625 0.093475341796875 -0.0604515075683594 0.0145606994628906
-0.0880661010742188 0.0710296630859375 -0.0971603393554687 -0.0332260131835938
-0.127166748046875 0.0232391357421875 -0.112617492675781 -0.122024536132813
-0.129966735839844 -0.0552291870117188 -0.05926513671875 -0.207626342773438
-0.0644989013671875 -0.1453857421875 0.0925750732421875 -0.236419677734375
0.00300598144531248 -0.139167785644531 0.131011962890625 -0.126068115234375
0.0399093627929688 -0.110458374023438 -0.0474205017089844 -0.0210380554199219
0.0410690307617188 -0.0797653198242187 0.0246486663818359 0.0179405212402344
0.0186386108398438 -0.12255859375 -0.12628173828125 0.141448974609375
-0.056304931640625 -0.141525268554688 -0.023284912109375 0.248397827148438
-0.12030029296875 -0.078338623046875 0.106246948242187 0.217239379882813
-0.142501831054688 -0.0078582763671875 0.143234252929687 0.0848541259765625
-0.101531982421875 0.0759429931640625 0.131256103515625 0.00897216796875001
-0.05908203125 0.0940933227539063 0.0676803588867188 -0.0336875915527344
-0.0658340454101563 0.0744247436523438 0.0179176330566406 -0.0280227661132812
-0.0596466064453125 0.0861968994140625 -0.0359420776367188 -0.0291328430175781
-0.085968017578125 0.061004638671875 -0.0472793579101563 -0.0966796875
-0.123016357421875 0.0140914916992187 -0.02178955078125 -0.191940307617188
-0.131134033203125 -0.0617752075195313 0.086273193359375 -0.23486328125
-0.0779571533203125 -0.164382934570313 0.250045776367187 -0.167999267578125
-0.0111846923828125 -0.17120361328125 0.213348388671875 -0.048583984375
0.0357284545898438 -0.134086608886719 -0.0204524993896484 -0.0198955535888672
0.0340766906738281 -0.044036865234375 0.0620002746582031 0.0261993408203125
0.0244598388671875 -0.0830764770507813 -0.0355987548828125 0.1627197265625
-0.0334854125976563 -0.105903625488281 0.0888824462890625 0.220184326171875
-0.08868408203125 -0.059295654296875 0.194961547851563 0.145233154296875
-0.113372802734375 -0.00322723388671877 0.194000244140625 0.0168914794921875
-0.0855941772460937 0.0659637451171875 0.15899658203125 -0.0514068603515625
-0.0520782470703125 0.07794189453125 0.0844802856445313 -0.0730133056640625
-0.0553245544433594 0.0597457885742188 0.0326766967773437 -0.0518341064453125
-0.0507926940917969 0.0662612915039063 -0.0126113891601563 -0.0666160583496094
-0.0687904357910156 0.0423736572265625 0.00522613525390625 -0.139854431152344
-0.0971527099609375 0.00425720214843751 0.0802459716796875 -0.216094970703125
-0.106124877929687 -0.0637969970703125 0.228713989257813 -0.1854248046875
-0.0637664794921875 -0.164901733398438 0.3536376953125 -0.021575927734375
-0.00517272949218749 -0.179641723632812 0.244873046875 0.0483551025390625
0.034698486328125 -0.132652282714844 0.00112533569335938 -0.0315532684326172
0.0156412124633789 -0.0138778686523438 0.0962982177734375 0.027435302734375
0.0137214660644531 -0.0464820861816406 0.0322113037109375 0.152816772460938
-0.0182418823242188 -0.0600624084472656 0.14459228515625 0.174346923828125
-0.0478134155273438 -0.03338623046875 0.227691650390625 0.0835418701171875
-0.0672264099121094 -0.000919342041015616 0.212265014648437 -0.029083251953125
-0.0559959411621094 0.0423393249511719 0.16912841796875 -0.09295654296875
-0.0358619689941406 0.0484123229980469 0.093719482421875 -0.101631164550781
-0.0354652404785156 0.0364875793457031 0.0418853759765625 -0.0692214965820313
-0.0333442687988281 0.0384597778320313 0.00531005859375001 -0.09197998046875
-0.0430030822753906 0.02191162109375 0.0460205078125 -0.158538818359375
-0.0586013793945313 -0.00110626220703124 0.158187866210938 -0.198745727539063
-0.0595893859863281 -0.0495643615722656 0.314178466796875 -0.09600830078125
-0.0296249389648438 -0.122764587402344 0.37188720703125 0.1275634765625
0.0102310180664063 -0.136070251464844 0.236297607421875 0.121490478515625
0.0291748046875 -0.0903778076171875 0.0195808410644531 -0.0509605407714844
0.0114192962646484 0.0182647705078125 -0.00883102416992187 0.05316162109375
0.00696849822998047 0.0110073089599609 -0.178619384765625 -0.149856567382813
0.00352096557617187 0.0246353149414063 -0.344635009765625 -0.180938720703125
0.00875663757324219 0.0112829208374023 -0.367279052734375 0.0263366699218749
0.0128307342529297 0.00838375091552734 -0.18988037109375 0.168167114257813
0.0177593231201172 -0.0021820068359375 -0.034698486328125 0.172470092773438
0.0185813903808594 -0.007659912109375 0.00392913818359376 0.097381591796875
0.0160350799560547 -0.0131464004516602 -0.040802001953125 0.07037353515625
0.0179786682128906 -0.0169258117675781 -0.10833740234375 0.110504150390625
0.0153541564941406 -0.0137004852294922 -0.182464599609375 0.111862182617188
0.0197048187255859 -0.00400924682617188 -0.215286254882813 0.0729522705078125
0.0108633041381836 -0.00107860565185547 -0.221603393554688 -0.0297088623046875
0.00276565551757812 0.0115165710449219 -0.172470092773437 -0.15447998046875
-0.00741434097290039 0.00217962265014648 -0.085113525390625 -0.149734497070313
-0.00328969955444336 -0.00306773185729981 -0.129592895507813 -0.039031982421875
0.0323486328125 -0.0708236694335937 -0.0141410827636719 0.0545997619628906
0.0266342163085937 -0.105377197265625 -0.188674926757813 -0.14111328125
-0.0244522094726562 -0.0847549438476563 -0.349822998046875 -0.170013427734375
-0.0455131530761719 -0.03826904296875 -0.3638916015625 0.037200927734375
-0.0382728576660156 -0.00255203247070312 -0.184326171875 0.16363525390625
-0.0139389038085938 0.020538330078125 -0.0296630859375 0.167160034179688
-0.000709533691406252 0.0237312316894531 0.00632476806640624 0.0947647094726563
-0.00971794128417968 0.0209178924560547 -0.0384635925292969 0.0654487609863281
-0.00419807434082031 0.0262641906738281 -0.107177734375 0.109367370605469
-0.0173816680908203 0.0219631195068359 -0.176559448242188 0.11151123046875
-0.0296630859375 0.00954818725585938 -0.210494995117188 0.0694427490234375
-0.0350990295410156 -0.0208034515380859 -0.22235107421875 -0.0307159423828125
-0.00745773315429687 -0.04254150390625 -0.169036865234375 -0.155014038085937
0.0143470764160156 -0.0394515991210938 -0.082977294921875 -0.148208618164063
0.0224628448486328 -0.0270595550537109 -0.13140869140625 -0.0358657836914063
0.0414581298828125 -0.129989624023438 -0.013946533203125 0.0365219116210937
0.0241851806640625 -0.181869506835938 -0.215118408203125 -0.104995727539063
-0.0599212646484375 -0.15960693359375 -0.354339599609375 -0.0708618164062501
-0.0939865112304688 -0.0751571655273438 -0.318023681640625 0.11962890625
-0.08612060546875 -0.0114059448242188 -0.136505126953125 0.17889404296875
-0.0458564758300781 0.0397834777832031 -0.00398254394531249 0.153396606445313
-0.020904541015625 0.0538063049316406 0.0142745971679687 0.077117919921875
-0.0337753295898437 0.0503692626953125 -0.0304908752441406 0.04901123046875
-0.02685546875 0.0635452270507813 -0.0972518920898438 0.0916595458984375
-0.0489082336425781 0.05133056640625 -0.161300659179688 0.08538818359375
-0.075714111328125 0.0206756591796875 -0.200408935546875 0.033050537109375
-0.0779495239257813 -0.03717041015625 -0.208709716796875 -0.0670013427734375
-0.0213699340820313 -0.0894622802734375 -0.133941650390625 -0.186111450195312
0.0275421142578125 -0.0769577026367188 -0.04290771484375 -0.158477783203125
0.0409088134765625 -0.0535888671875 -0.112297058105469 -0.0326080322265625
0.042572021484375 -0.14385986328125 -0.0116357803344727 0.0163440704345703
0.00881958007812501 -0.198883056640625 -0.235946655273438 -0.026153564453125
-0.085357666015625 -0.182846069335938 -0.306549072265625 0.0841979980468749
-0.128814697265625 -0.0893096923828125 -0.205612182617188 0.218475341796875
-0.126937866210937 -0.0142059326171875 -0.0482635498046875 0.184234619140625
-0.0761184692382813 0.0582275390625 0.0404586791992187 0.123344421386719
-0.0394439697265625 0.0787429809570313 0.0285682678222656 0.0478019714355469
-0.0539169311523438 0.0709609985351563 -0.0176639556884766 0.0252780914306641
-0.045745849609375 0.0879287719726562 -0.0804290771484375 0.0587692260742188
-0.0744552612304687 0.0700531005859375 -0.135986328125 0.0353240966796875
-0.111618041992188 0.0264129638671875 -0.172836303710938 -0.035400390625
-0.11334228515625 -0.0486984252929687 -0.162948608398438 -0.134552001953125
-0.042694091796875 -0.124687194824219 -0.0505218505859375 -0.22869873046875
0.0229415893554687 -0.110031127929687 0.033477783203125 -0.160736083984375
0.0462265014648438 -0.0828399658203125 -0.0810089111328125 -0.0266265869140625
0.042327880859375 -0.122848510742188 -0.00100612640380859 0.0107631683349609
0.00650024414062498 -0.169830322265625 -0.206756591796875 0.074005126953125
-0.08306884765625 -0.170761108398438 -0.17706298828125 0.210159301757813
-0.139976501464844 -0.0877685546875 -0.04022216796875 0.25775146484375
-0.15093994140625 -0.0103759765625 0.057769775390625 0.151229858398438
-0.0971145629882812 0.0740966796875 0.0910568237304688 0.0703811645507813
-0.05255126953125 0.0951156616210938 0.0474624633789062 0.00762176513671876
-0.0652084350585938 0.0808868408203125 -0.000456333160400394 -0.00166904926300048
-0.0567169189453125 0.0965652465820313 -0.0585174560546875 0.0166664123535156
-0.0873260498046875 0.0737380981445313 -0.0980148315429687 -0.0317230224609375
-0.129585266113281 0.0256423950195312 -0.116287231445313 -0.12261962890625
-0.134963989257813 -0.0551300048828125 -0.0634002685546875 -0.208038330078125
-0.068328857421875 -0.149383544921875 0.090118408203125 -0.240707397460937
0.00277709960937501 -0.1429443359375 0.13201904296875 -0.12982177734375
0.0412826538085938 -0.114791870117188 -0.0478706359863281 -0.0197563171386719
0.0432891845703125 -0.0855712890625 0.0257778167724609 0.015869140625
0.0190200805664062 -0.127418518066406 -0.125732421875 0.144607543945313
-0.0606536865234375 -0.144821166992188 -0.0217437744140625 0.249038696289062
-0.126243591308594 -0.078460693359375 0.11029052734375 0.217514038085937
-0.148193359375 -0.00433349609375002 0.14581298828125 0.083740234375
-0.1009521484375 0.0794219970703125 0.133445739746094 0.00450897216796875
-0.0563583374023438 0.0968856811523437 0.0672683715820313 -0.0365715026855469
-0.0666427612304688 0.077667236328125 0.0174446105957031 -0.0298900604248047
-0.0584716796875 0.0888214111328125 -0.0344715118408203 -0.0291156768798828
-0.0851974487304688 0.0633392333984375 -0.0484161376953125 -0.0976409912109375
-0.1251220703125 0.0170135498046875 -0.0254974365234375 -0.19500732421875
-0.136344909667969 -0.0617141723632813 0.0839996337890625 -0.237686157226562
-0.08233642578125 -0.167495727539063 0.251510620117188 -0.172714233398438
-0.0124359130859375 -0.17449951171875 0.215957641601563 -0.052642822265625
0.037200927734375 -0.13958740234375 -0.0206584930419922 -0.0190639495849609
0.0368270874023438 -0.0488777160644531 0.0633773803710938 0.0232734680175781
0.0244522094726563 -0.0867156982421875 -0.0339813232421875 0.16534423828125
-0.0370635986328125 -0.108650207519531 0.0928802490234375 0.219329833984375
-0.093505859375 -0.0596694946289063 0.199295043945312 0.143173217773437
-0.118499755859375 -0.000274658203125026 0.19720458984375 0.013824462890625
-0.0855941772460938 0.0691680908203125 0.16070556640625 -0.05718994140625
-0.0496292114257813 0.0807723999023438 0.0836944580078125 -0.077239990234375
-0.0559349060058594 0.062103271484375 0.0327987670898438 -0.0547370910644531
-0.0498428344726562 0.0674858093261719 -0.011871337890625 -0.0680465698242188
-0.0677452087402344 0.0439491271972656 0.003326416015625 -0.142257690429688
-0.0987167358398438 0.00638580322265624 0.07708740234375 -0.220657348632812
-0.110748291015625 -0.064117431640625 0.228561401367188 -0.190170288085938
-0.067047119140625 -0.168167114257813 0.359100341796875 -0.02587890625
-0.00582885742187499 -0.182937622070313 0.24932861328125 0.0453033447265625
0.03594970703125 -0.13720703125 0.000986099243164062 -0.0316658020019531
0.0177192687988281 -0.01690673828125 0.097564697265625 0.0244369506835938
0.0133056640625 -0.0480422973632813 0.0343780517578125 0.154342651367188
-0.0208587646484375 -0.0606689453125 0.148666381835938 0.173553466796875
-0.051177978515625 -0.0335502624511719 0.232894897460937 0.080780029296875
-0.0707015991210938 0.000534057617187506 0.215591430664063 -0.0332489013671875
-0.0560798645019531 0.0443534851074219 0.171371459960938 -0.099212646484375
-0.0346450805664063 0.0498695373535156 0.0931320190429688 -0.106704711914063
-0.0359840393066406 0.0372200012207031 0.0419769287109375 -0.0728836059570312
-0.0325851440429687 0.0391387939453125 0.00494384765625 -0.0944290161132813
-0.0419731140136719 0.0236091613769531 0.0443115234375 -0.162033081054688
-0.0592193603515625 0.000244140625000005 0.155868530273438 -0.204833984375
-0.0627708435058594 -0.0503196716308594 0.31597900390625 -0.0999755859375
-0.0319595336914063 -0.125404357910156 0.378173828125 0.124786376953125
0.00988769531249999 -0.138298034667969 0.241119384765625 0.120147705078125
0.0308151245117188 -0.0940017700195313 0.0195999145507813 -0.0521087646484375
0.0141239166259766 0.0171718597412109 -0.00687026977539062 0.0554046630859375
0.00772762298583984 0.0111961364746094 -0.1895751953125 -0.147003173828125
0.00532341003417969 0.0244712829589844 -0.360107421875 -0.170257568359375
0.00923633575439453 0.0101556777954102 -0.37298583984375 0.0419006347656251
0.0133132934570313 0.00769615173339844 -0.184341430664063 0.180068969726562
0.0182971954345703 -0.00281333923339844 -0.0248870849609375 0.176116943359375
0.0187778472900391 -0.00873184204101563 0.00849151611328125 0.0989608764648437
0.0158185958862305 -0.0147132873535156 -0.0381851196289063 0.0765609741210938
0.0174980163574219 -0.0188941955566406 -0.104240417480469 0.122543334960938
0.0152387619018555 -0.0155658721923828 -0.180618286132812 0.127120971679687
0.0200729370117187 -0.00640678405761719 -0.21636962890625 0.08648681640625
0.0113134384155273 -0.00171470642089844 -0.2281494140625 -0.0189056396484375
0.00402736663818359 0.0119142532348633 -0.18365478515625 -0.148651123046875
-0.00756216049194336 0.00304174423217774 -0.0926513671875 -0.148025512695313
-0.0032496452331543 -0.00380468368530273 -0.133308410644531 -0.0323104858398437
0.0310745239257813 -0.0762939453125 -0.01080322265625 0.0568771362304687
0.0227737426757812 -0.110786437988281 -0.197860717773437 -0.136627197265625
-0.0289230346679687 -0.08721923828125 -0.366302490234375 -0.15948486328125
-0.0486068725585938 -0.0379905700683594 -0.36822509765625 0.05401611328125
-0.0398178100585938 0.000564575195312493 -0.179733276367187 0.1761474609375
-0.012115478515625 0.0219497680664063 -0.0216827392578125 0.170257568359375
0.00163841247558594 0.0242099761962891 0.0105819702148437 0.0965423583984375
-0.00905036926269531 0.0222187042236328 -0.0359649658203125 0.0713424682617188
-0.00284576416015625 0.0269680023193359 -0.102470397949219 0.121589660644531
-0.0165805816650391 0.0229053497314453 -0.173583984375 0.126632690429688
-0.0305099487304687 0.0108356475830078 -0.211685180664063 0.082733154296875
-0.0379486083984375 -0.0195884704589844 -0.229217529296875 -0.018829345703125
-0.0102386474609375 -0.0436553955078125 -0.1798095703125 -0.150070190429688
0.0125923156738281 -0.0416831970214844 -0.091033935546875 -0.146881103515625
0.0227680206298828 -0.0307979583740234 -0.135856628417969 -0.0283279418945312
0.038665771484375 -0.137985229492188 -0.0108413696289062 0.0377769470214844
0.01763916015625 -0.190475463867188 -0.223052978515625 -0.0995330810546875
-0.069305419921875 -0.162933349609375 -0.367950439453125 -0.0583801269531249
-0.100730895996094 -0.0737762451171875 -0.3201904296875 0.136383056640625
-0.0901947021484375 -0.00522613525390626 -0.1309814453125 0.1895751953125
-0.0434036254882813 0.0434646606445312 0.00369262695312499 0.154464721679687
-0.0168037414550781 0.0556526184082031 0.0171661376953125 0.078399658203125
-0.0322113037109375 0.0545120239257813 -0.0293807983398438 0.0533599853515625
-0.0234909057617188 0.0668220520019531 -0.0927734375 0.10137939453125
-0.0477333068847656 0.0551300048828125 -0.159225463867188 0.0983428955078125
-0.07781982421875 0.0250015258789063 -0.2032470703125 0.0447845458984375
-0.0838851928710937 -0.0344009399414063 -0.216934204101563 -0.056732177734375
-0.0274581909179687 -0.0923309326171875 -0.146408081054688 -0.183151245117188
0.0243148803710937 -0.081390380859375 -0.0507965087890625 -0.159637451171875
0.0399894714355469 -0.0591239929199219 -0.116554260253906 -0.0263137817382813
0.0398101806640625 -0.153350830078125 -0.0096588134765625 0.0159702301025391
0.000869750976562493 -0.20819091796875 -0.241424560546875 -0.016845703125
-0.09686279296875 -0.185806274414063 -0.312835693359375 0.0985717773437499
-0.138221740722656 -0.0864334106445313 -0.20086669921875 0.23199462890625
-0.132888793945313 -0.00563049316406248 -0.0410614013671875 0.190109252929688
-0.0736923217773438 0.0636444091796875 0.0473098754882812 0.12152099609375
-0.0344009399414063 0.0823516845703125 0.0301971435546875 0.0470733642578125
-0.0512771606445312 0.0773544311523438 -0.0173759460449219 0.0278034210205078
-0.0417327880859375 0.0929946899414062 -0.0766372680664063 0.0658340454101563
-0.0723114013671875 0.075408935546875 -0.1353759765625 0.044525146484375
-0.114517211914063 0.0339126586914062 -0.178573608398438 -0.026947021484375
-0.121078491210938 -0.0446090698242187 -0.17303466796875 -0.128250122070312
-0.051483154296875 -0.128196716308594 -0.06353759765625 -0.23126220703125
0.0183181762695312 -0.11553955078125 0.0268402099609375 -0.166305541992188
0.0443878173828125 -0.0897140502929688 -0.0841140747070312 -0.0217514038085938
0.040313720703125 -0.132514953613281 6.96182250976592E-05 0.00885868072509765
-0.000640869140625018 -0.178680419921875 -0.20721435546875 0.08447265625
-0.0946044921875 -0.174545288085937 -0.173568725585938 0.221359252929688
-0.1502685546875 -0.0840606689453125 -0.029693603515625 0.264175415039062
-0.157852172851563 0.000137329101562472 0.06573486328125 0.150833129882813
-0.0941696166992187 0.0809402465820313 0.0962982177734375 0.0651321411132813
-0.046417236328125 0.100013732910156 0.0475654602050781 0.00473785400390626
-0.0630035400390625 0.0880584716796875 -0.000897884368896488 -0.00188887119293212
-0.0526657104492187 0.1024169921875 -0.056549072265625 0.0203361511230469
-0.0850372314453125 0.080078125 -0.100196838378906 -0.0267257690429687
-0.132621765136719 0.0338516235351563 -0.125717163085938 -0.119110107421875
-0.144317626953125 -0.050079345703125 -0.0754241943359375 -0.208526611328125
-0.0785980224609375 -0.1519775390625 0.079833984375 -0.250091552734375
-0.00340270996093749 -0.14825439453125 0.128456115722656 -0.139701843261719
0.0384063720703125 -0.122749328613281 -0.0492095947265625 -0.0166168212890625
0.0423660278320313 -0.09429931640625 0.0271720886230469 0.0126590728759766
0.013763427734375 -0.135360717773438 -0.121749877929687 0.153228759765625
-0.07110595703125 -0.148239135742188 -0.011962890625 0.254119873046875
-0.136184692382813 -0.0746536254882812 0.122360229492187 0.215423583984375
-0.155853271484375 0.00596618652343749 0.152145385742188 0.077117919921875
-0.0984039306640625 0.0876693725585938 0.136756896972656 -0.00519561767578124
-0.0505828857421875 0.102714538574219 0.0656089782714844 -0.0420303344726562
-0.0643539428710937 0.0849761962890625 0.0162944793701172 -0.0325145721435547
-0.0548934936523437 0.0946044921875 -0.0348358154296875 -0.0284061431884766
-0.0831756591796875 0.0692901611328125 -0.0539398193359375 -0.09698486328125
-0.127220153808594 0.0246963500976562 -0.037078857421875 -0.198257446289063
-0.145599365234375 -0.056915283203125 0.0736083984375 -0.246047973632813
-0.093658447265625 -0.169692993164063 0.248123168945313 -0.189468383789063
-0.02008056640625 -0.17999267578125 0.218109130859375 -0.0654144287109375
0.032684326171875 -0.147552490234375 -0.021820068359375 -0.0177402496337891
0.0367889404296875 -0.0557212829589844 0.0657386779785156 0.01837158203125
0.0210647583007812 -0.09222412109375 -0.02691650390625 0.170700073242188
-0.0452957153320313 -0.111190795898438 0.103912353515625 0.218215942382813
-0.101959228515625 -0.0560379028320313 0.210342407226562 0.13458251953125
-0.124458312988281 0.008026123046875 0.201980590820313 0.00262451171875
-0.0836944580078125 0.0765914916992188 0.161865234375 -0.069122314453125
-0.04510498046875 0.085968017578125 0.0806732177734375 -0.084808349609375
-0.0544090270996094 0.0677642822265625 0.0305328369140625 -0.0598030090332031
-0.0469970703125 0.0719833374023438 -0.0146064758300781 -0.0702629089355469
-0.0659103393554688 0.0486183166503906 -0.00402832031249999 -0.145736694335938
-0.100418090820313 0.0122756958007812 0.0659637451171875 -0.23028564453125
-0.118400573730469 -0.0606613159179687 0.223846435546875 -0.205093383789063
-0.0774078369140625 -0.170654296875 0.36474609375 -0.044525146484375
-0.0143585205078125 -0.188385009765625 0.256820678710938 0.0338897705078125
0.0316009521484375 -0.144943237304688 -0.000545501708984375 -0.0320491790771484
0.0186672210693359 -0.0209083557128906 0.100860595703125 0.0175552368164063
0.0106658935546875 -0.0506210327148438 0.0422515869140625 0.1563720703125
-0.025390625 -0.0610008239746094 0.160507202148437 0.168701171875
-0.0561714172363281 -0.0314674377441406 0.242233276367188 0.069580078125
-0.074676513671875 0.0052337646484375 0.21966552734375 -0.0467987060546875
-0.0554046630859375 0.0493621826171875 0.171585083007813 -0.11309814453125
-0.0319595336914062 0.0535964965820313 0.089202880859375 -0.116462707519531
-0.0354537963867187 0.0402488708496094 0.0391159057617187 -0.0789718627929688
-0.031036376953125 0.041046142578125 0.000892639160156249 -0.0983428955078125
-0.0407791137695313 0.0265464782714844 0.0358734130859375 -0.168914794921875
-0.060516357421875 0.00413894653320313 0.147201538085938 -0.218185424804688
-0.0683135986328125 -0.0486068725585938 0.317535400390625 -0.11773681640625
-0.0391921997070312 -0.127616882324219 0.39288330078125 0.110931396484375
0.0040130615234375 -0.14239501953125 0.251373291015625 0.11126708984375
0.0280227661132813 -0.0995254516601563 0.0171890258789062 -0.054107666015625
0.0171775817871094 0.0146341323852539 -0.00254058837890625 0.0557289123535156
0.00848388671875 0.010894775390625 -0.197845458984375 -0.132919311523438
0.00759315490722656 0.0226211547851562 -0.369140625 -0.14495849609375
0.00935745239257813 0.007781982421875 -0.365570068359375 0.06854248046875
0.0136079788208008 0.00655364990234375 -0.16876220703125 0.190414428710937
0.0180950164794922 -0.00416755676269531 -0.011138916015625 0.173202514648438
0.0184783935546875 -0.0109424591064453 0.0156097412109375 0.0983352661132813
0.0141363143920898 -0.0159406661987305 -0.0311126708984375 0.0809783935546875
0.0156021118164063 -0.0212745666503906 -0.0920028686523438 0.132843017578125
0.0137128829956055 -0.0169563293457031 -0.16815185546875 0.144393920898438
0.0190010070800781 -0.0084381103515625 -0.20751953125 0.103668212890625
0.0109996795654297 -0.00254440307617187 -0.22711181640625 -0.000747680664062475
0.00550365447998047 0.0113258361816406 -0.192031860351562 -0.133132934570313
-0.00707054138183594 0.00394201278686523 -0.101531982421875 -0.139396667480469
-0.00368976593017578 -0.00475788116455078 -0.133964538574219 -0.0213623046875
0.0261611938476563 -0.0806198120117188 -0.00524139404296875 0.0567436218261719
0.0143356323242187 -0.112937927246094 -0.20379638671875 -0.122833251953125
-0.0359878540039063 -0.0858535766601563 -0.37408447265625 -0.1317138671875
-0.05157470703125 -0.0352249145507812 -0.362030029296875 0.0799560546875001
-0.0393524169921875 0.00471878051757813 -0.16473388671875 0.186920166015625
-0.0090179443359375 0.0228252410888672 -0.00898742675781249 0.167755126953125
0.00429916381835938 0.0232868194580078 0.0175552368164063 0.0952682495117188
-0.00715446472167969 0.0233898162841797 -0.0295028686523438 0.0754852294921875
-0.000293731689453127 0.0263748168945312 -0.0890960693359375 0.131561279296875
-0.0149803161621094 0.0232982635498047 -0.161148071289063 0.14227294921875
-0.0300865173339844 0.0126628875732422 -0.202606201171875 0.099365234375
-0.0402374267578125 -0.0165824890136719 -0.227462768554687 -0.000534057617187537
-0.0139656066894531 -0.0436515808105469 -0.189102172851562 -0.1346435546875
0.00907516479492188 -0.0422286987304688 -0.0998458862304688 -0.138320922851563
0.0204811096191406 -0.0337543487548828 -0.135765075683594 -0.0164642333984375
0.02978515625 -0.143478393554688 -0.00614166259765625 0.0367889404296875
0.00454711914062502 -0.19342041015625 -0.227462768554688 -0.0846710205078125
-0.0818939208984375 -0.158554077148437 -0.371429443359375 -0.0329284667968749
-0.10723876953125 -0.06683349609375 -0.30780029296875 0.157684326171875
-0.0904617309570312 0.00375366210937501 -0.115646362304688 0.19683837890625
-0.0381278991699219 0.0464057922363281 0.0149383544921875 0.150222778320313
-0.0110740661621094 0.0552825927734375 0.0225677490234375 0.0767593383789063
-0.0273170471191406 0.057769775390625 -0.0246467590332031 0.0570068359375
-0.0176162719726563 0.0681686401367188 -0.0812606811523437 0.110054016113281
-0.0435600280761719 0.0582504272460937 -0.148773193359375 0.112380981445312
-0.076416015625 0.0314712524414063 -0.197235107421875 0.0606231689453125
-0.0881423950195313 -0.0277023315429687 -0.218475341796875 -0.0387420654296875
-0.035858154296875 -0.0915756225585938 -0.158935546875 -0.17071533203125
0.0178146362304687 -0.0837249755859375 -0.061492919921875 -0.154373168945312
0.0364456176757813 -0.0638465881347656 -0.116813659667969 -0.0155487060546875
0.0293731689453125 -0.159408569335938 -0.00763607025146484 0.0146799087524414
-0.0143890380859375 -0.21075439453125 -0.240280151367188 -0.00148010253906249
-0.111923217773438 -0.180419921875 -0.305450439453125 0.119720458984375
-0.146377563476563 -0.0767669677734375 -0.183425903320312 0.244216918945313
-0.133308410644531 0.00724029541015627 -0.027191162109375 0.19140625
-0.0662918090820313 0.0692710876464844 0.0546875 0.114418029785156
-0.026123046875 0.0831756591796875 0.032745361328125 0.044769287109375
-0.0443191528320312 0.0818557739257813 -0.014984130859375 0.0298595428466797
-0.0331039428710938 0.096038818359375 -0.0684127807617187 0.0723114013671875
-0.0664596557617187 0.0808334350585938 -0.128974914550781 0.05615234375
-0.112098693847656 0.0433197021484375 -0.178848266601563 -0.0125885009765625
-0.126876831054688 -0.0347747802734375 -0.18035888671875 -0.11273193359375
-0.062591552734375 -0.125572204589844 -0.079925537109375 -0.22418212890625
0.0100326538085937 -0.117721557617188 0.0140228271484375 -0.167343139648438
0.0384750366210938 -0.0949630737304688 -0.0848007202148437 -0.013885498046875
0.0309066772460937 -0.139137268066406 0.00112342834472656 0.00676250457763671
-0.0135040283203125 -0.181350708007813 -0.198806762695313 0.0978546142578125
-0.110198974609375 -0.16864013671875 -0.158645629882813 0.231613159179688
-0.158828735351563 -0.0731353759765625 -0.011322021484375 0.263137817382812
-0.158782958984375 0.0155487060546875 0.0752410888671875 0.143829345703125
-0.085723876953125 0.0884475708007812 0.0991973876953125 0.0543365478515625
-0.036346435546875 0.102012634277344 0.0465621948242187 0.000816345214843756
-0.0550994873046875 0.0939865112304688 -0.00125610828399659 -0.00180518627166747
-0.0430450439453125 0.106422424316406 -0.052001953125 0.0242385864257813
-0.0785140991210937 0.0865478515625 -0.10009765625 -0.0182571411132813
-0.129798889160156 0.044769287109375 -0.133758544921875 -0.107902526855469
-0.150314331054688 -0.038818359375 -0.09002685546875 -0.199569702148438
-0.09197998046875 -0.147476196289063 0.059844970703125 -0.254043579101563
-0.0145111083984375 -0.148452758789063 0.116241455078125 -0.14892578125
0.0301055908203125 -0.127227783203125 -0.050018310546875 -0.0114936828613281
0.03607177734375 -0.101234436035156 0.0277748107910156 0.00831031799316405
0.00310516357421875 -0.138595581054688 -0.10894775390625 0.160446166992188
-0.085296630859375 -0.145095825195312 0.00407409667968752 0.251296997070313
-0.144393920898438 -0.0641326904296875 0.135940551757813 0.203826904296875
-0.156387329101563 0.021881103515625 0.154998779296875 0.0633697509765625
-0.0895462036132813 0.095703125 0.134178161621094 -0.0182876586914062
-0.0396041870117187 0.105369567871094 0.0609626770019531 -0.0475082397460937
-0.0564956665039062 0.0909347534179688 0.0131034851074219 -0.0347366333007812
-0.0457611083984375 0.0989227294921875 -0.0352401733398438 -0.0268821716308594
-0.0767288208007812 0.0747451782226563 -0.0606231689453125 -0.0916519165039062
-0.125076293945313 0.0349349975585938 -0.053009033203125 -0.193206787109375
-0.151290893554687 -0.04522705078125 0.05413818359375 -0.248046875
-0.107101440429687 -0.163619995117187 0.231124877929688 -0.206314086914063
-0.0332794189453125 -0.178558349609375 0.210205078125 -0.081207275390625
0.02276611328125 -0.151214599609375 -0.0229034423828125 -0.0147647857666016
0.0333518981933594 -0.0618057250976563 0.0662689208984375 0.0107002258300781
0.0132980346679687 -0.0955734252929688 -0.01361083984375 0.170562744140625
-0.0559463500976563 -0.108238220214844 0.117767333984375 0.20745849609375
-0.107948303222656 -0.0475692749023438 0.217483520507813 0.116790771484375
-0.125465393066406 0.0211715698242188 0.198837280273438 -0.014251708984375
-0.0766525268554688 0.0836257934570312 0.155044555664063 -0.08465576171875
-0.0360946655273437 0.0888671875 0.0723876953125 -0.092132568359375
-0.0482864379882813 0.0732421875 0.0248184204101562 -0.0635566711425781
-0.040283203125 0.0754318237304687 -0.0195541381835938 -0.0699729919433594
-0.0611305236816406 0.0529632568359375 -0.0160980224609375 -0.144729614257813
-0.0987167358398437 0.0202560424804687 0.045989990234375 -0.23272705078125
-0.124374389648438 -0.0512466430664063 0.205474853515625 -0.219070434570313
-0.0911407470703125 -0.165267944335938 0.357574462890625 -0.070281982421875
-0.0277252197265625 -0.187179565429688 0.2562255859375 0.01470947265625
0.0213470458984375 -0.14825439453125 -0.00329399108886718 -0.0313262939453125
0.0176982879638672 -0.0248336791992187 0.100791931152344 0.00738525390625
0.00632476806640625 -0.05145263671875 0.0530853271484375 0.151260375976563
-0.0310821533203125 -0.0584907531738281 0.170394897460938 0.15496826171875
-0.0601310729980469 -0.0262527465820312 0.244781494140625 0.0496673583984375
-0.075408935546875 0.0135650634765625 0.213043212890625 -0.06451416015625
-0.0510063171386719 0.0548934936523438 0.161529541015625 -0.128341674804687
-0.0261688232421875 0.0557823181152344 0.078125 -0.124198913574219
-0.0321998596191406 0.0435981750488281 0.0321884155273437 -0.0834503173828125
-0.0279159545898438 0.0432662963867188 -0.00730895996093749 -0.0995330810546875
-0.0376129150390625 0.0290298461914062 0.0214385986328125 -0.170455932617188
-0.0590972900390625 0.00921630859375001 0.126998901367188 -0.227218627929688
-0.073089599609375 -0.0431060791015625 0.3052978515625 -0.140167236328125
-0.04949951171875 -0.124305725097656 0.39691162109375 0.080780029296875
-0.00706481933593751 -0.142532348632813 0.255859375 0.0921783447265625
0.0205764770507813 -0.102668762207031 0.0124549865722656 -0.0546188354492188
0.0184593200683594 0.011138916015625 0.00107955932617188 0.0533714294433594
0.00912380218505859 0.0101442337036133 -0.194595336914063 -0.1165771484375
0.00821495056152344 0.0207443237304688 -0.35888671875 -0.119598388671875
0.00845623016357422 0.00553226470947266 -0.344268798828125 0.08258056640625
0.0138397216796875 0.00544452667236328 -0.149642944335937 0.188247680664063
0.0175056457519531 -0.00490283966064453 -0.00160217285156249 0.163253784179688
0.0171070098876953 -0.0122470855712891 0.0201950073242188 0.0932693481445313
0.012420654296875 -0.0162944793701172 -0.0244140625 0.08099365234375
0.0136203765869141 -0.0223445892333984 -0.0771636962890625 0.134666442871094
0.0117893218994141 -0.0172910690307617 -0.150558471679688 0.151031494140625
0.0171031951904297 -0.00949287414550781 -0.190521240234375 0.111587524414063
0.0107364654541016 -0.00370311737060547 -0.215530395507813 0.0113067626953125
0.00616073608398437 0.0103750228881836 -0.188369750976563 -0.116104125976562
-0.00676727294921875 0.00443696975708008 -0.102752685546875 -0.127212524414063
-0.00376224517822266 -0.00462627410888672 -0.128013610839844 -0.0122604370117188
0.0210418701171875 -0.080322265625 -0.000858306884765626 0.053802490234375
0.00790405273437501 -0.109481811523438 -0.198745727539063 -0.107528686523438
-0.0401611328125 -0.0809326171875 -0.36456298828125 -0.107330322265625
-0.0529441833496094 -0.0322303771972656 -0.339935302734375 0.09552001953125
-0.037109375 0.0081024169921875 -0.1461181640625 0.1854248046875
-0.0054473876953125 0.0217380523681641 -0.000427246093750006 0.15838623046875
0.00593757629394531 0.0205020904541016 0.022064208984375 0.0902633666992188
-0.00495147705078125 0.0227546691894531 -0.0230865478515625 0.0756607055664063
0.00143623352050781 0.0244388580322266 -0.0746688842773437 0.132759094238281
-0.0134544372558594 0.0231208801269531 -0.143112182617188 0.147720336914062
-0.0290737152099609 0.0142078399658203 -0.18646240234375 0.1064453125
-0.0403556823730469 -0.0136260986328125 -0.2158203125 0.0124359130859375
-0.0167694091796875 -0.0413436889648438 -0.18695068359375 -0.117950439453125
0.00625991821289063 -0.0408935546875 -0.10186767578125 -0.126441955566406
0.0181236267089844 -0.0343914031982422 -0.129478454589844 -0.00662231445312499
0.021484375 -0.142135620117187 -0.00213813781738281 0.0339088439941406
-0.00630187988281251 -0.188003540039063 -0.220443725585938 -0.0712127685546875
-0.0884857177734375 -0.148513793945313 -0.357757568359375 -0.0126953125000001
-0.108184814453125 -0.0584259033203125 -0.285491943359375 0.16583251953125
-0.0857772827148438 0.0104904174804687 -0.100204467773438 0.192657470703125
-0.0314369201660156 0.0458869934082031 0.0210113525390625 0.140312194824219
-0.00662994384765625 0.0522041320800781 0.0253753662109375 0.0729522705078125
-0.0221405029296875 0.0574073791503906 -0.019989013671875 0.0572662353515625
-0.0119781494140625 0.0659980773925781 -0.0686264038085938 0.110664367675781
-0.0388145446777344 0.0585975646972656 -0.132820129394531 0.117843627929687
-0.0720748901367187 0.0353012084960938 -0.183395385742188 0.0693359375
-0.0876312255859375 -0.0214767456054687 -0.209854125976563 -0.023956298828125
-0.0412445068359375 -0.0864639282226563 -0.160354614257813 -0.153106689453125
0.0128402709960938 -0.0813674926757813 -0.0668487548828125 -0.143783569335938
0.0321693420410156 -0.0651130676269531 -0.110862731933594 -0.00704956054687499
0.019805908203125 -0.158187866210938 -0.00591850280761719 0.0122299194335937
-0.025543212890625 -0.203933715820313 -0.2288818359375 0.01007080078125
-0.119049072265625 -0.167800903320313 -0.28643798828125 0.12933349609375
-0.146865844726563 -0.0657958984375 -0.16241455078125 0.241485595703125
-0.127082824707031 0.0173568725585937 -0.0165557861328125 0.183273315429688
-0.0576744079589844 0.0695075988769531 0.0571441650390625 0.103973388671875
-0.0187911987304688 0.0797348022460938 0.0329399108886719 0.0411453247070313
-0.0368270874023438 0.0820693969726562 -0.0126724243164063 0.0301914215087891
-0.02484130859375 0.0940933227539062 -0.0589447021484375 0.0732421875
-0.0590057373046875 0.0819320678710938 -0.117668151855469 0.0620346069335938
-0.106002807617188 0.049224853515625 -0.170364379882813 -0.0012969970703125
-0.12579345703125 -0.0257034301757812 -0.1778564453125 -0.0964202880859375
-0.0694732666015625 -0.118499755859375 -0.0892333984375 -0.20855712890625
0.00273895263671874 -0.11376953125 0.0040435791015625 -0.160202026367187
0.0330581665039062 -0.0950851440429688 -0.0809860229492188 -0.00695037841796874
0.0222244262695313 -0.139053344726563 0.00175333023071289 0.00410676002502441
-0.023712158203125 -0.17584228515625 -0.183929443359375 0.102691650390625
-0.117294311523437 -0.156967163085938 -0.140701293945313 0.228378295898437
-0.159072875976562 -0.0614013671875 0.00209045410156248 0.2510986328125
-0.150848388671875 0.0277252197265625 0.0779495239257812 0.132743835449219
-0.0749664306640625 0.0890121459960937 0.0953598022460938 0.0439071655273438
-0.0271835327148437 0.0978317260742188 0.0435066223144531 -0.00171279907226562
-0.04608154296875 0.0943984985351563 -0.00177562236785889 -0.00148987770080566
-0.0334320068359375 0.104721069335938 -0.0469322204589844 0.0255584716796875
-0.0699386596679688 0.0875701904296875 -0.0947799682617187 -0.010833740234375
-0.122039794921875 0.0518646240234375 -0.133445739746094 -0.0950241088867187
-0.148406982421875 -0.0279541015625 -0.096466064453125 -0.183914184570313
-0.0985260009765625 -0.137680053710938 0.0428314208984375 -0.24444580078125
-0.021575927734375 -0.142501831054688 0.101760864257813 -0.147979736328125
0.0232467651367187 -0.125572204589844 -0.0481109619140625 -0.00688171386718751
0.02886962890625 -0.103256225585938 0.0265712738037109 0.00430488586425781
-0.00548553466796876 -0.136032104492188 -0.095489501953125 0.158111572265625
-0.0922164916992188 -0.134956359863281 0.0155181884765625 0.238784790039063
-0.144622802734375 -0.05303955078125 0.139007568359375 0.186691284179688
-0.149002075195313 0.033905029296875 0.148574829101563 0.0518951416015625
-0.0786972045898438 0.0973281860351563 0.125106811523438 -0.0277862548828125
-0.0300674438476562 0.101615905761719 0.0544319152832031 -0.0500106811523438
-0.0479965209960937 0.0919418334960938 0.00992584228515625 -0.0346927642822266
-0.0371170043945313 0.097503662109375 -0.0344886779785156 -0.0243759155273437
-0.0688629150390625 0.0767364501953125 -0.0622100830078125 -0.083465576171875
-0.117752075195313 0.0417404174804687 -0.0620880126953125 -0.1805419921875
-0.149169921875 -0.0343017578125 0.037506103515625 -0.238494873046875
-0.114181518554687 -0.151885986328125 0.207672119140625 -0.208465576171875
-0.0416259765625 -0.169692993164063 0.194534301757813 -0.088836669921875
0.01470947265625 -0.148056030273438 -0.0223674774169922 -0.0117969512939453
0.0287704467773438 -0.06494140625 0.0629386901855469 0.00412368774414062
0.00700378417968751 -0.0946502685546875 -0.00399780273437499 0.16259765625
-0.0617828369140625 -0.10107421875 0.121627807617188 0.190475463867188
-0.108840942382812 -0.0390090942382813 0.212295532226563 0.09893798828125
-0.119575500488281 0.0308914184570313 0.186447143554688 -0.025390625
-0.0666656494140625 0.0854034423828125 0.141510009765625 -0.0924835205078125
-0.0273590087890625 0.0864639282226563 0.0627059936523437 -0.0938491821289062
-0.0417404174804688 0.0737457275390625 0.0196189880371094 -0.0635566711425781
-0.03338623046875 0.0746536254882813 -0.0227127075195313 -0.066802978515625
-0.0548019409179688 0.0543403625488281 -0.023956298828125 -0.136360168457031
-0.0929641723632813 0.0257720947265625 0.02880859375 -0.22314453125
-0.123184204101562 -0.0412139892578125 0.183761596679688 -0.219375610351562
-0.097930908203125 -0.153793334960938 0.335601806640625 -0.085906982421875
-0.03680419921875 -0.178085327148438 0.243209838867187 0.000930786132812489
0.013397216796875 -0.144439697265625 -0.00537681579589843 -0.0282649993896484
0.0157737731933594 -0.0272979736328125 0.0954818725585938 -0.00104522705078125
0.00271987915039062 -0.050506591796875 0.0584030151367187 0.140525817871094
-0.0340652465820312 -0.0536346435546875 0.169784545898438 0.137802124023438
-0.0603675842285156 -0.0214653015136719 0.23486328125 0.0337066650390625
-0.0721588134765625 0.0197601318359375 0.198318481445313 -0.0747222900390625
-0.0446090698242187 0.0565071105957031 0.146514892578125 -0.13494873046875
-0.0201988220214844 0.0542449951171875 0.0663299560546875 -0.125419616699219
-0.0283775329589844 0.0440101623535156 0.0251617431640625 -0.0836715698242188
-0.0236282348632812 0.04302978515625 -0.0136566162109375 -0.0956192016601563
-0.0335159301757813 0.02972412109375 0.00950622558593748 -0.163360595703125
-0.0554656982421875 0.0126686096191406 0.106201171875 -0.222442626953125
-0.073486328125 -0.03680419921875 0.281768798828125 -0.149749755859375
-0.0551223754882812 -0.116569519042969 0.381591796875 0.05694580078125
-0.0140380859375 -0.136039733886719 0.246826171875 0.074981689453125
0.01422119140625 -0.0999832153320313 0.0082244873046875 -0.0515251159667969
0.0183334350585938 0.00844955444335938 0.00294113159179688 0.0512924194335938
0.00895023345947266 0.00931644439697266 -0.184890747070312 -0.10980224609375
0.00800323486328125 0.0194721221923828 -0.344085693359375 -0.1124267578125
0.0065460205078125 0.00427722930908203 -0.32794189453125 0.0811157226562501
0.0138187408447266 0.00499629974365234 -0.140396118164062 0.179779052734375
0.0173091888427734 -0.00484371185302734 -0.000213623046875015 0.154296875
0.0160932540893555 -0.0129127502441406 0.0205001831054687 0.08941650390625
0.0115413665771484 -0.0166492462158203 -0.0206298828125 0.0791397094726563
0.0117588043212891 -0.0224151611328125 -0.0689849853515625 0.131622314453125
0.0102605819702148 -0.0167942047119141 -0.13848876953125 0.150039672851562
0.0156373977661133 -0.00909137725830078 -0.178558349609375 0.110458374023437
0.00963783264160156 -0.00374889373779297 -0.204742431640625 0.0134429931640625
0.00584125518798828 0.00937461853027344 -0.180068969726563 -0.107666015625
-0.00653457641601563 0.00488853454589844 -0.0986328125 -0.120254516601563
-0.0029292106628418 -0.00484752655029297 -0.121559143066406 -0.00965118408203122
0.01934814453125 -0.0795364379882813 0.00143051147460938 0.0506591796875
0.00568389892578124 -0.105278015136719 -0.18804931640625 -0.101776123046875
-0.0406112670898437 -0.0770645141601563 -0.347015380859375 -0.09906005859375
-0.052734375 -0.0302467346191406 -0.3221435546875 0.094085693359375
-0.0346889495849609 0.00876045227050782 -0.137222290039063 0.177291870117188
-0.0032501220703125 0.0200653076171875 0.00021362304687501 0.149429321289063
0.00632476806640625 0.0183773040771484 0.0222396850585938 0.086212158203125
-0.00384902954101563 0.0220298767089844 -0.0194320678710937 0.0740814208984375
0.0019073486328125 0.0229682922363281 -0.066070556640625 0.130264282226563
-0.0130424499511719 0.0230140686035156 -0.1314697265625 0.146133422851563
-0.0284442901611328 0.014495849609375 -0.175140380859375 0.105010986328125
-0.0400428771972656 -0.0126380920410156 -0.204803466796875 0.0152130126953125
-0.0173530578613281 -0.0400657653808594 -0.179183959960938 -0.10894775390625
0.00562286376953125 -0.0390777587890625 -0.0975265502929687 -0.118637084960938
0.0179424285888672 -0.0346698760986328 -0.121780395507813 -0.00376892089843748
0.0183868408203125 -0.139625549316406 -0.000900268554687499 0.030609130859375
-0.0088348388671875 -0.182022094726563 -0.2098388671875 -0.0669708251953125
-0.088348388671875 -0.141632080078125 -0.3436279296875 -0.00793457031250005
-0.106834411621094 -0.05438232421875 -0.270370483398438 0.160934448242188
-0.081207275390625 0.0132598876953125 -0.0932769775390625 0.183975219726563
-0.0279808044433594 0.0432891845703125 0.0200881958007813 0.132614135742188
-0.00487518310546875 0.0483894348144531 0.0250778198242188 0.0694351196289063
-0.0196609497070313 0.0557632446289063 -0.0172882080078125 0.0562858581542969
-0.009735107421875 0.0625648498535156 -0.060821533203125 0.108314514160156
-0.0362358093261719 0.0576858520507813 -0.122665405273438 0.116294860839844
-0.0692863464355469 0.0363616943359375 -0.1727294921875 0.0687255859375
-0.086456298828125 -0.018646240234375 -0.1993408203125 -0.0193939208984375
-0.0425796508789063 -0.0830459594726562 -0.154037475585938 -0.14324951171875
0.0112991333007812 -0.0789871215820313 -0.0652313232421875 -0.135604858398438
0.0312957763671875 -0.0649795532226563 -0.105094909667969 -0.00469207763671878
0.016387939453125 -0.155654907226563 -0.00487327575683594 0.0100364685058594
-0.0279083251953125 -0.197494506835937 -0.217330932617188 0.0106201171875
-0.118804931640625 -0.160125732421875 -0.273834228515625 0.1265869140625
-0.144485473632812 -0.060028076171875 -0.1522216796875 0.231979370117188
-0.120811462402344 0.0211868286132813 -0.0140228271484375 0.174697875976563
-0.0518608093261719 0.0662498474121094 0.0533828735351562 0.097076416015625
-0.0158309936523438 0.0746231079101563 0.0315971374511719 0.0391464233398438
-0.0329818725585938 0.0798873901367188 -0.0113544464111328 0.0301227569580078
-0.0208206176757813 0.0901718139648437 -0.0530929565429687 0.0716171264648438
-0.0549697875976563 0.0803146362304688 -0.108657836914062 0.061920166015625
-0.100845336914063 0.0503311157226563 -0.161331176757813 0.00132751464843753
-0.12353515625 -0.0220413208007812 -0.170242309570313 -0.0882720947265625
-0.0708694458007813 -0.112960815429687 -0.0879364013671875 -0.196395874023438
0.00180053710937501 -0.110145568847656 0.00140380859374999 -0.15234375
0.03179931640625 -0.0938720703125 -0.0758514404296875 -0.00453948974609377
0.0184478759765625 -0.137260437011719 0.0013427734375 0.00222015380859374
-0.02642822265625 -0.17108154296875 -0.173812866210937 0.0998382568359375
-0.117507934570313 -0.149703979492187 -0.132797241210937 0.2197265625
-0.155853271484375 -0.0553741455078125 0.00442504882812499 0.239486694335937
-0.14404296875 0.031646728515625 0.0747146606445312 0.125724792480469
-0.06854248046875 0.0857925415039063 0.0891952514648438 0.0391082763671875
-0.0233917236328125 0.0926284790039063 0.0404701232910156 -0.00239562988281249
-0.041839599609375 0.0921249389648438 -0.0017850399017334 -0.0017486810684204
-0.0291061401367188 0.1005859375 -0.0429801940917969 0.0250244140625
-0.0650100708007812 0.0858001708984375 -0.0887908935546875 -0.00892639160156248
-0.116004943847656 0.0528411865234375 -0.128486633300781 -0.0880508422851563
-0.145004272460938 -0.02386474609375 -0.09478759765625 -0.172943115234375
-0.0988616943359375 -0.131423950195312 0.036163330078125 -0.232391357421875
-0.0223388671875 -0.137428283691406 0.094970703125 -0.141708374023438
0.0220565795898438 -0.123313903808594 -0.0453300476074219 -0.00516510009765625
0.0250473022460937 -0.102874755859375 0.0241298675537109 0.00176048278808593
-0.00875091552734373 -0.133224487304688 -0.0889892578125 0.150726318359375
-0.09295654296875 -0.128936767578125 0.0160064697265625 0.227020263671875
-0.142608642578125 -0.0474395751953125 0.133880615234375 0.176055908203125
-0.14208984375 0.0377655029296875 0.141036987304688 0.047821044921875
-0.0716171264648437 0.0942611694335938 0.116142272949219 -0.0303573608398437
-0.0262374877929687 0.0959243774414063 0.0494842529296875 -0.049102783203125
-0.0432968139648438 0.0896072387695313 0.00818061828613281 -0.0342369079589844
-0.032470703125 0.0937423706054688 -0.0328502655029297 -0.0235557556152344
-0.0637130737304688 0.0747222900390625 -0.0596466064453125 -0.0781326293945312
-0.111503601074219 0.0429306030273438 -0.062469482421875 -0.170684814453125
-0.144943237304688 -0.0297088623046875 0.0325927734375 -0.226409912109375
-0.113616943359375 -0.144500732421875 0.194015502929688 -0.200592041015625
-0.04193115234375 -0.162765502929688 0.182464599609375 -0.085906982421875
0.0138397216796875 -0.144180297851563 -0.02117919921875 -0.00986862182617188
0.0252494812011719 -0.06597900390625 0.0585594177246094 0.00113296508789062
0.003631591796875 -0.0929031372070313 -0.0020599365234375 0.1541748046875
-0.0624160766601562 -0.09619140625 0.116806030273438 0.17987060546875
-0.107437133789062 -0.0346527099609375 0.202651977539062 0.0915985107421875
-0.113998413085938 0.0347213745117188 0.176284790039062 -0.0265960693359375
-0.0607147216796875 0.0832061767578125 0.131256103515625 -0.09295654296875
-0.023590087890625 0.0815811157226563 0.0562515258789062 -0.0922470092773438
-0.0379791259765625 0.0726470947265625 0.0165557861328125 -0.0625839233398438
-0.0296630859375 0.0720367431640625 -0.0234870910644531 -0.0639724731445313
-0.0507888793945313 0.0530204772949219 -0.02557373046875 -0.129249572753906
-0.0875778198242188 0.0271453857421875 0.0233612060546875 -0.21240234375
-0.119941711425781 -0.0368881225585938 0.1712646484375 -0.210418701171875
-0.0978851318359375 -0.146392822265625 0.317535400390625 -0.085540771484375
-0.03790283203125 -0.170318603515625 0.229461669921875 -0.00155639648437501
0.0121002197265625 -0.140312194824219 -0.00551414489746094 -0.0259590148925781
0.0144271850585938 -0.0287628173828125 0.089019775390625 -0.0045623779296875
0.00098037719726563 -0.0493392944335938 0.0567474365234375 0.132461547851563
-0.0340003967285156 -0.05078125 0.16290283203125 0.128860473632813
-0.0595970153808594 -0.018890380859375 0.224105834960938 0.0289764404296875
-0.0688591003417969 0.0223846435546875 0.186996459960938 -0.0738525390625
-0.0403518676757813 0.0553932189941406 0.136093139648438 -0.134063720703125
-0.0174674987792969 0.05126953125 0.0595550537109375 -0.122772216796875
-0.0258293151855469 0.0430412292480469 0.0212020874023438 -0.0822601318359375
-0.0214614868164062 0.0412139892578125 -0.015960693359375 -0.0915756225585938
-0.0308494567871094 0.0291175842285156 0.00552368164062501 -0.1558837890625
-0.05242919921875 0.0134353637695313 0.09637451171875 -0.212905883789063
-0.0721359252929687 -0.0336532592773438 0.265411376953125 -0.145339965820313
-0.0557861328125 -0.111274719238281 0.362030029296875 0.050567626953125
-0.0157394409179688 -0.12982177734375 0.233642578125 0.0697174072265625
0.0131607055664063 -0.096954345703125 0.00660324096679688 -0.0478782653808594
0.0183563232421875 0.00658988952636719 0.00378799438476562 0.0499725341796875
0.00902748107910156 0.00957489013671875 -0.17840576171875 -0.111007690429688
0.00760459899902344 0.0194740295410156 -0.337646484375 -0.116180419921875
0.00435471534729004 0.00437021255493164 -0.323699951171875 0.07550048828125
0.0139131546020508 0.00446891784667969 -0.140838623046875 0.173904418945313
0.0175876617431641 -0.00516510009765625 -0.00296020507812501 0.150848388671875
0.0155353546142578 -0.0131816864013672 0.0197601318359375 0.0888519287109375
0.0113964080810547 -0.0172405242919922 -0.0191726684570313 0.0794906616210938
0.0112323760986328 -0.0228977203369141 -0.0660552978515625 0.13140869140625
0.0100173950195313 -0.0158824920654297 -0.134262084960938 0.14984130859375
0.0152664184570313 -0.00850963592529297 -0.175537109375 0.107559204101562
0.00949382781982422 -0.00380611419677734 -0.200942993164063 0.010986328125
0.0055694580078125 0.00900650024414063 -0.1751708984375 -0.108123779296875
-0.00632238388061523 0.00526571273803711 -0.0943222045898437 -0.119087219238281
-0.00306224822998047 -0.00571966171264648 -0.119194030761719 -0.0101165771484375
0.0198822021484375 -0.0799713134765625 0.00279617309570312 0.0488243103027344
0.00611114501953125 -0.104660034179688 -0.181747436523438 -0.104568481445312
-0.0405120849609375 -0.07672119140625 -0.3406982421875 -0.10394287109375
-0.0540885925292969 -0.0294151306152344 -0.31744384765625 0.087799072265625
-0.0337028503417969 0.00896644592285156 -0.137603759765625 0.172210693359375
-0.00241470336914063 0.0186538696289063 -0.00245666503906249 0.146926879882813
0.00589752197265625 0.0171451568603516 0.0215301513671875 0.0854873657226563
-0.00385475158691406 0.0217132568359375 -0.0181198120117187 0.0741653442382813
0.00147438049316406 0.0220966339111328 -0.06298828125 0.129692077636719
-0.0128707885742187 0.0233135223388672 -0.12823486328125 0.145614624023438
-0.0285968780517578 0.0150337219238281 -0.172409057617187 0.102188110351563
-0.0407066345214844 -0.0126724243164063 -0.201766967773437 0.013580322265625
-0.0177536010742188 -0.0395584106445313 -0.17474365234375 -0.108901977539063
0.006561279296875 -0.0384864807128906 -0.0938339233398438 -0.117355346679688
0.0187263488769531 -0.0358467102050781 -0.118942260742188 -0.00449371337890625
0.0185775756835937 -0.140052795410156 0.000322341918945313 0.0284061431884766
-0.00848388671875002 -0.182220458984375 -0.205062866210938 -0.07000732421875
-0.0877838134765625 -0.141342163085938 -0.3387451171875 -0.0126953125
-0.107795715332031 -0.0530624389648438 -0.2685546875 0.155548095703125
-0.0795059204101563 0.0137863159179687 -0.094573974609375 0.180007934570313
-0.0266342163085937 0.0414886474609375 0.016754150390625 0.130462646484375
-0.00502777099609375 0.0461654663085938 0.0243148803710938 0.069244384765625
-0.0191230773925781 0.0552215576171875 -0.0166664123535156 0.0565299987792969
-0.00963592529296875 0.0616569519042969 -0.0584564208984375 0.107925415039063
-0.0358123779296875 0.0578079223632812 -0.118812561035156 0.115715026855469
-0.0687675476074219 0.0366020202636719 -0.16961669921875 0.066741943359375
-0.0876312255859375 -0.0186767578125 -0.195770263671875 -0.0196380615234375
-0.043365478515625 -0.0825271606445312 -0.15081787109375 -0.141036987304687
0.012725830078125 -0.0790481567382813 -0.062469482421875 -0.133468627929688
0.0320243835449219 -0.066741943359375 -0.10260009765625 -0.00486755371093752
0.0159454345703125 -0.15594482421875 -0.00463294982910156 0.00805568695068358
-0.0271759033203125 -0.198501586914063 -0.213668823242188 0.00672912597656247
-0.118576049804688 -0.159652709960937 -0.272171020507813 0.121963500976562
-0.144821166992188 -0.05889892578125 -0.153076171875 0.227157592773437
-0.119049072265625 0.0221939086914063 -0.0166473388671875 0.171737670898438
-0.0505599975585938 0.0636634826660156 0.0494384765625 0.095672607421875
-0.0159759521484375 0.0723800659179688 0.0305595397949219 0.039276123046875
-0.0323638916015625 0.0798263549804688 -0.0112361907958984 0.0300350189208984
-0.0207138061523437 0.0889205932617188 -0.05072021484375 0.0707931518554688
-0.0539321899414063 0.0802536010742188 -0.105697631835938 0.0612106323242188
-0.100570678710938 0.0508880615234375 -0.15887451171875 -0.000137329101562526
-0.124359130859375 -0.0219955444335937 -0.166839599609375 -0.0870513916015625
-0.071868896484375 -0.112899780273438 -0.0850830078125 -0.192977905273438
0.00345611572265624 -0.110298156738281 0.00315856933593749 -0.149063110351563
0.0329055786132813 -0.09613037109375 -0.074798583984375 -0.00465393066406249
0.0178451538085938 -0.137908935546875 0.000912547111511232 0.000375807285308829
-0.0265960693359375 -0.172088623046875 -0.172149658203125 0.0947723388671875
-0.11834716796875 -0.149871826171875 -0.1343994140625 0.214981079101563
-0.156814575195313 -0.0543365478515625 0.00155639648437501 0.2359619140625
-0.14208984375 0.0328521728515625 0.0710525512695312 0.124946594238281
-0.067169189453125 0.0830154418945313 0.0849227905273438 0.03839111328125
-0.0234375 0.0898361206054688 0.0388298034667969 -0.00188446044921874
-0.04095458984375 0.0919113159179688 -0.00259733200073242 -0.00177645683288574
-0.028167724609375 0.0991363525390625 -0.0413475036621094 0.0247306823730469
-0.063568115234375 0.085479736328125 -0.0858001708984375 -0.00884246826171874
-0.115066528320313 0.0530853271484375 -0.125686645507813 -0.0878067016601562
-0.145736694335938 -0.0237884521484375 -0.0913543701171875 -0.169021606445313
-0.0999374389648438 -0.130905151367187 0.0376434326171875 -0.2266845703125
-0.02032470703125 -0.137199401855469 0.0937881469726563 -0.137687683105469
0.0237655639648438 -0.1251220703125 -0.0444602966308594 -0.00437927246093751
0.0235366821289063 -0.104042053222656 0.023529052734375 0.000160217285156244
-0.00927734375000001 -0.134315490722656 -0.0886383056640625 0.147064208984375
-0.0939178466796875 -0.129280090332031 0.0121612548828125 0.223861694335937
-0.143234252929688 -0.0462799072265625 0.129119873046875 0.1744384765625
-0.140159606933594 0.0392074584960937 0.1370849609375 0.0487823486328125
-0.0703125 0.09136962890625 0.112113952636719 -0.030517578125
-0.02606201171875 0.0935134887695313 0.047576904296875 -0.04864501953125
-0.0426483154296875 0.0895919799804688 0.00712013244628906 -0.0346450805664062
-0.0315399169921875 0.092254638671875 -0.0319938659667969 -0.0234661102294922
-0.0618820190429688 0.0740432739257813 -0.0575485229492188 -0.0774612426757812
-0.110008239746094 0.0429916381835937 -0.0608367919921875 -0.167037963867187
-0.145248413085938 -0.0295562744140625 0.0330657958984375 -0.22064208984375
-0.113754272460937 -0.143814086914063 0.191574096679688 -0.193511962890625
-0.039581298828125 -0.161972045898437 0.179824829101563 -0.081573486328125
0.0155181884765625 -0.145736694335938 -0.0211467742919922 -0.00900459289550782
0.0233612060546875 -0.0672416687011719 0.0562477111816406 0.000179290771484371
0.00265502929687501 -0.0937423706054688 -0.00376892089843749 0.151016235351563
-0.0634384155273438 -0.0963668823242188 0.11187744140625 0.177627563476563
-0.108116149902344 -0.033416748046875 0.197830200195312 0.092498779296875
-0.112678527832031 0.0365447998046875 0.172454833984375 -0.0244903564453125
-0.059326171875 0.0814132690429688 0.12750244140625 -0.0930633544921875
-0.0235366821289062 0.0793380737304688 0.0544281005859375 -0.0922393798828125
-0.0374603271484375 0.072174072265625 0.0150527954101563 -0.0631027221679688
-0.0286712646484375 0.0705032348632812 -0.0231094360351563 -0.06341552734375
-0.0492782592773438 0.0522689819335937 -0.02410888671875 -0.127243041992188
-0.0864944458007813 0.0267562866210937 0.0228424072265625 -0.208145141601562
-0.119682312011719 -0.0368118286132813 0.168548583984375 -0.204193115234375
-0.0974884033203125 -0.14532470703125 0.31182861328125 -0.079620361328125
-0.0357208251953125 -0.1690673828125 0.22393798828125 0.00296020507812499
0.0140838623046875 -0.141189575195313 -0.00565338134765625 -0.0244102478027344
0.0127220153808594 -0.0306510925292969 0.0859222412109375 -0.005157470703125
0.000476837158203127 -0.0498733520507812 0.0534591674804688 0.129989624023438
-0.0338249206542969 -0.0505332946777344 0.158096313476563 0.12750244140625
-0.0600204467773437 -0.0178375244140625 0.22003173828125 0.0300445556640625
-0.0684967041015625 0.0238914489746094 0.184585571289063 -0.071563720703125
-0.0390510559082031 0.0544090270996094 0.133529663085938 -0.134513854980469
-0.0169143676757812 0.0495223999023438 0.0574493408203125 -0.1226806640625
-0.0257339477539062 0.0428581237792969 0.0196609497070312 -0.0824813842773438
-0.0212020874023438 0.0404548645019531 -0.0167770385742188 -0.0910720825195313
-0.0299758911132813 0.0286159515380859 0.00512695312499999 -0.152618408203125
-0.0512237548828125 0.0136032104492187 0.0948333740234375 -0.207611083984375
-0.0723724365234375 -0.0333938598632813 0.261001586914063 -0.139724731445313
-0.055267333984375 -0.110214233398438 0.355010986328125 0.05511474609375
-0.0142669677734375 -0.128311157226563 0.226547241210938 0.07305908203125
0.0149459838867187 -0.0971832275390625 0.00661468505859376 -0.0460624694824219
0.01861572265625 0.00443458557128906 0.00595855712890625 0.0500068664550781
0.00941181182861328 0.00974273681640625 -0.17999267578125 -0.113845825195312
0.00809860229492187 0.0204315185546875 -0.34417724609375 -0.1181640625
0.00233793258666992 0.0050358772277832 -0.329437255859375 0.07891845703125
0.0138521194458008 0.00348663330078125 -0.14288330078125 0.178054809570313
0.0184764862060547 -0.00619316101074219 -0.00244140625000001 0.15386962890625
0.0152273178100586 -0.0142269134521484 0.0216903686523437 0.0912017822265625
0.0104141235351563 -0.0180530548095703 -0.0166015625 0.0825958251953125
0.0105171203613281 -0.0242271423339844 -0.0630416870117188 0.136810302734375
0.0103597640991211 -0.0155439376831055 -0.132553100585938 0.157135009765625
0.0156259536743164 -0.00838375091552734 -0.176742553710938 0.1114501953125
0.009521484375 -0.00393772125244141 -0.205184936523438 0.012542724609375
0.00562667846679687 0.00959491729736328 -0.177444458007813 -0.10882568359375
-0.00656843185424805 0.00585031509399414 -0.0960617065429687 -0.120635986328125
-0.00263404846191406 -0.00620365142822266 -0.121063232421875 -0.00859069824218748
0.0197677612304688 -0.0837326049804688 0.00472640991210937 0.0482597351074219
0.0052337646484375 -0.108268737792969 -0.183395385742187 -0.1082763671875
-0.0430450439453125 -0.07696533203125 -0.34783935546875 -0.1046142578125
-0.0571174621582031 -0.0281486511230469 -0.322357177734375 0.0909423828125001
-0.0335922241210938 0.0102100372314453 -0.139312744140625 0.17608642578125
-0.00152206420898438 0.0179557800292969 -0.00285339355468751 0.150253295898438
0.00592041015625 0.0168161392211914 0.0228805541992187 0.0872802734375
-0.00362777709960938 0.0222206115722656 -0.0160903930664062 0.0771408081054688
0.00134468078613281 0.0219192504882812 -0.0600814819335938 0.135040283203125
-0.0131378173828125 0.0247116088867187 -0.126220703125 0.152114868164062
-0.0291099548339844 0.0163803100585938 -0.174514770507813 0.10626220703125
-0.0430946350097656 -0.0120277404785156 -0.205032348632813 0.0155487060546875
-0.019256591796875 -0.0401992797851563 -0.177780151367188 -0.108673095703125
0.0072784423828125 -0.0397872924804688 -0.09503173828125 -0.118904113769531
0.0186691284179688 -0.0394210815429688 -0.120872497558594 -0.00315093994140623
0.016937255859375 -0.14508056640625 0.00150680541992188 0.0272712707519531
-0.0111846923828125 -0.187713623046875 -0.207534790039063 -0.072052001953125
-0.0926055908203125 -0.14349365234375 -0.345703125 -0.0108642578125001
-0.112083435058594 -0.0511856079101562 -0.272201538085938 0.15997314453125
-0.0799407958984375 0.0161590576171875 -0.095916748046875 0.184051513671875
-0.0256729125976562 0.0407180786132813 0.01666259765625 0.133415222167969
-0.00494766235351563 0.0462989807128906 0.0253677368164062 0.0705184936523437
-0.018707275390625 0.0571861267089844 -0.0153656005859375 0.0588836669921875
-0.00922775268554688 0.0628128051757813 -0.0559921264648437 0.112770080566406
-0.035369873046875 0.0602951049804687 -0.116828918457031 0.120803833007813
-0.070404052734375 0.0395278930664063 -0.172317504882813 0.069610595703125
-0.0919189453125 -0.017181396484375 -0.198745727539063 -0.0168304443359375
-0.047027587890625 -0.0843124389648438 -0.154052734375 -0.14154052734375
0.0128631591796875 -0.0821990966796875 -0.0633468627929687 -0.134979248046875
0.0319442749023438 -0.0714111328125 -0.104576110839844 -0.00330352783203125
0.0139617919921875 -0.161376953125 -0.00371074676513672 0.0062117576599121
-0.031280517578125 -0.204833984375 -0.2166748046875 0.00695800781250001
-0.125030517578125 -0.162582397460938 -0.277801513671875 0.126373291015625
-0.15032958984375 -0.056640625 -0.15435791015625 0.23223876953125
-0.120208740234375 0.0256195068359375 -0.016754150390625 0.175369262695313
-0.0504074096679688 0.0642204284667969 0.0494308471679688 0.0974273681640625
-0.0157546997070313 0.0728302001953125 0.0315322875976563 0.0399360656738281
-0.031402587890625 0.0828781127929688 -0.0108299255371094 0.0313129425048828
-0.0194473266601562 0.0911331176757813 -0.04901123046875 0.074066162109375
-0.0528793334960938 0.0833282470703125 -0.104194641113281 0.0641098022460937
-0.102020263671875 0.0545196533203125 -0.162033081054688 0.00161743164062497
-0.130165100097656 -0.0196075439453125 -0.169464111328125 -0.08538818359375
-0.07720947265625 -0.1148681640625 -0.087554931640625 -0.194122314453125
0.00280761718749999 -0.115371704101563 0.0020904541015625 -0.15130615234375
0.0326614379882813 -0.102127075195313 -0.0764083862304688 -0.00299072265625001
0.015777587890625 -0.1431884765625 0.00126957893371582 -0.00125718116760255
-0.030670166015625 -0.178146362304688 -0.174087524414062 0.0963134765625
-0.12518310546875 -0.15289306640625 -0.137298583984375 0.219635009765625
-0.162628173828125 -0.0513458251953125 0.00291442871093749 0.240463256835938
-0.144058227539063 0.0374755859375 0.0722198486328125 0.127006530761719
-0.0669097900390625 0.0846481323242188 0.0845794677734375 0.0380935668945313
-0.0228042602539062 0.0911178588867188 0.0387344360351563 -0.00270080566406249
-0.0398712158203125 0.0955734252929688 -0.00297808647155762 -0.00150227546691894
-0.0269088745117187 0.101860046386719 -0.0407218933105469 0.0259437561035156
-0.0627517700195313 0.0885009765625 -0.0853271484375 -0.00820159912109374
-0.116783142089844 0.0567245483398437 -0.129409790039063 -0.087615966796875
-0.151214599609375 -0.021331787109375 -0.09429931640625 -0.169403076171875
-0.105766296386719 -0.133209228515625 0.0362091064453125 -0.229095458984375
-0.02166748046875 -0.14227294921875 0.0939559936523438 -0.139801025390625
0.0231094360351562 -0.132041931152344 -0.0458297729492188 -0.0030517578125
0.0212936401367188 -0.108055114746094 0.0233592987060547 -0.00135803222656251
-0.0130386352539063 -0.139312744140625 -0.0895233154296875 0.149093627929688
-0.100746154785156 -0.13140869140625 0.01190185546875 0.227630615234375
-0.1492919921875 -0.0434112548828125 0.13177490234375 0.177230834960938
-0.14227294921875 0.04486083984375 0.13897705078125 0.0488815307617188
-0.070037841796875 0.0937881469726563 0.111015319824219 -0.0327606201171875
-0.0255050659179688 0.0948562622070313 0.0466270446777344 -0.05035400390625
-0.0415115356445313 0.0934219360351562 0.00534820556640625 -0.0358085632324219
-0.0302047729492187 0.0947647094726563 -0.0323123931884766 -0.0234375
-0.0613327026367188 0.0761260986328125 -0.0585403442382813 -0.0782012939453125
-0.111434936523438 0.0457687377929688 -0.06475830078125 -0.169464111328125
-0.151077270507813 -0.027313232421875 0.032379150390625 -0.22314453125
-0.12060546875 -0.146270751953125 0.193618774414063 -0.196823120117188
-0.0417022705078125 -0.166427612304688 0.181488037109375 -0.083404541015625
0.0142059326171875 -0.152923583984375 -0.0224113464355469 -0.0078563690185547
0.0214805603027344 -0.0701942443847656 0.0566520690917969 -0.00199127197265625
-2.28881835937534E-05 -0.0976181030273438 -0.0034942626953125 0.152816772460938
-0.06842041015625 -0.0983352661132812 0.113204956054688 0.1796875
-0.112319946289063 -0.0312118530273437 0.201065063476563 0.092803955078125
-0.113899230957031 0.0413742065429688 0.175033569335938 -0.02667236328125
-0.05914306640625 0.0837631225585937 0.126693725585938 -0.0982666015625
-0.0233154296875 0.0801162719726563 0.0525970458984375 -0.0953826904296875
-0.0365753173828125 0.0753097534179688 0.0125198364257813 -0.0652389526367187
-0.028167724609375 0.072723388671875 -0.0250282287597656 -0.0643234252929687
-0.0488166809082031 0.0534553527832031 -0.0262374877929687 -0.129066467285156
-0.0870513916015625 0.0287628173828125 0.01983642578125 -0.211212158203125
-0.124526977539063 -0.0352249145507813 0.1695556640625 -0.207382202148438
-0.102783203125 -0.147384643554688 0.316162109375 -0.08099365234375
-0.03765869140625 -0.172988891601563 0.226470947265625 0.00389099121093749
0.012908935546875 -0.147567749023438 -0.006683349609375 -0.0237331390380859
0.0109844207763672 -0.0325298309326172 0.086334228515625 -0.00766754150390625
-0.00168228149414063 -0.0516815185546875 0.0544815063476563 0.131607055664063
-0.0360641479492188 -0.0521621704101562 0.16033935546875 0.128005981445312
-0.0624732971191406 -0.0166511535644531 0.223785400390625 0.02874755859375
-0.0691452026367188 0.0272445678710938 0.187362670898438 -0.075103759765625
-0.0385589599609375 0.0559883117675781 0.132537841796875 -0.14093017578125
-0.0170135498046875 0.0496902465820313 0.0549392700195313 -0.127349853515625
-0.0254783630371094 0.0445709228515625 0.016937255859375 -0.0862197875976563
-0.0208244323730469 0.0417976379394531 -0.0190505981445313 -0.0925140380859375
-0.0292930603027344 0.0289688110351562 0.00257873535156251 -0.155746459960938
-0.0515213012695313 0.0141639709472656 0.0924224853515625 -0.2119140625
-0.075653076171875 -0.0323867797851563 0.263153076171875 -0.14300537109375
-0.0585708618164062 -0.1112060546875 0.361053466796875 0.0565185546875
-0.015655517578125 -0.131370544433594 0.228713989257812 0.0759735107421875
0.0148162841796875 -0.101631164550781 0.00539779663085937 -0.0458984375
0.0185222625732422 0.00224494934082031 0.00909042358398438 0.0487823486328125
0.00983905792236328 0.0101509094238281 -0.184951782226562 -0.110794067382813
0.0102939605712891 0.0206127166748047 -0.353851318359375 -0.1080322265625
0.0014500617980957 0.00632524490356445 -0.331146240234375 0.092864990234375
0.0138425827026367 0.00304698944091797 -0.138412475585938 0.187026977539063
0.0191822052001953 -0.00787353515625 0.00338745117187501 0.157180786132813
0.0140352249145508 -0.0153932571411133 0.0267562866210937 0.092437744140625
0.00940704345703125 -0.0194511413574219 -0.0114364624023437 0.08599853515625
0.007965087890625 -0.025909423828125 -0.0550384521484375 0.144271850585938
0.0102024078369141 -0.0159997940063477 -0.124496459960937 0.168060302734375
0.0159540176391602 -0.00879859924316406 -0.174896240234375 0.12091064453125
0.00892543792724609 -0.00433444976806641 -0.208221435546875 0.0208740234375
0.00603675842285156 0.0102424621582031 -0.183578491210938 -0.103439331054688
-0.00574350357055664 0.0069427490234375 -0.101325988769531 -0.118850708007813
-0.00291061401367187 -0.00744915008544922 -0.123138427734375 -0.00292205810546876
0.0159530639648438 -0.088287353515625 0.00836944580078125 0.0466690063476562
-0.000343322753906247 -0.111015319824219 -0.188629150390625 -0.105697631835937
-0.047271728515625 -0.0765151977539063 -0.35748291015625 -0.09442138671875
-0.0600738525390625 -0.0240707397460937 -0.323028564453125 0.105010986328125
-0.033416748046875 0.0119876861572266 -0.135345458984375 0.184799194335937
-0.000190734863281251 0.0167360305786133 0.00303649902343748 0.153533935546875
0.00618648529052735 0.0162792205810547 0.0276718139648438 0.087982177734375
-0.00282478332519531 0.0229530334472656 -0.0110321044921875 0.0800323486328125
0.00202369689941406 0.0225067138671875 -0.0511932373046875 0.142120361328125
-0.011444091796875 0.0267162322998047 -0.117706298828125 0.162643432617188
-0.0293140411376953 0.0192737579345703 -0.172332763671875 0.1162109375
-0.0461921691894531 -0.00940704345703125 -0.207244873046875 0.0256500244140625
-0.0223007202148437 -0.0399246215820313 -0.1842041015625 -0.102310180664063
0.0063934326171875 -0.0420379638671875 -0.0999755859375 -0.116363525390625
0.016815185546875 -0.0427932739257813 -0.122962951660156 0.00229644775390623
0.0105133056640625 -0.151107788085937 0.00345420837402344 0.0248870849609375
-0.0211181640625 -0.192047119140625 -0.213104248046875 -0.067626953125
-0.102066040039063 -0.141937255859375 -0.3511962890625 0.00268554687500005
-0.116783142089844 -0.0451507568359375 -0.270095825195313 0.174041748046875
-0.0802001953125 0.0211639404296875 -0.0905914306640625 0.191253662109375
-0.0236930847167969 0.0413742065429687 0.02197265625 0.136093139648438
-0.0035858154296875 0.0471115112304688 0.029388427734375 0.0711669921875
-0.0159454345703125 0.0597267150878906 -0.0116691589355469 0.0618095397949219
-0.0064849853515625 0.0647392272949219 -0.048675537109375 0.118606567382813
-0.0321044921875 0.0641136169433594 -0.110160827636719 0.128829956054688
-0.070648193359375 0.0448226928710938 -0.172348022460938 0.0789337158203125
-0.0966033935546875 -0.0118255615234375 -0.201492309570313 -0.00770568847656252
-0.0534210205078125 -0.0837020874023437 -0.1612548828125 -0.135894775390625
0.01007080078125 -0.0863113403320313 -0.0691070556640625 -0.134651184082031
0.0286026000976563 -0.076873779296875 -0.106521606445312 0.00212860107421876
0.00709533691406249 -0.1673583984375 -0.00298213958740234 0.00398039817810058
-0.0428009033203125 -0.209030151367187 -0.21923828125 0.0140838623046875
-0.137161254882813 -0.160049438476562 -0.277816772460938 0.139434814453125
-0.1561279296875 -0.0491180419921875 -0.146896362304688 0.2425537109375
-0.120506286621094 0.0331573486328125 -0.0105743408203125 0.179611206054688
-0.0478019714355469 0.0671234130859375 0.05291748046875 0.0977249145507813
-0.0131912231445313 0.0742568969726563 0.0333480834960938 0.0395431518554688
-0.0272674560546875 0.086578369140625 -0.00913047790527344 0.0332489013671875
-0.01513671875 0.0939788818359375 -0.0439605712890625 0.0789108276367188
-0.0493011474609375 0.0882339477539062 -0.10009765625 0.069671630859375
-0.101997375488281 0.0613937377929688 -0.16455078125 0.00952148437499998
-0.135856628417969 -0.01220703125 -0.174209594726563 -0.0773773193359375
-0.0860748291015625 -0.114158630371094 -0.0957183837890625 -0.191787719726562
-0.00207519531250001 -0.120674133300781 -0.003570556640625 -0.153427124023438
0.0277786254882813 -0.108726501464844 -0.0776824951171875 0.00172424316406248
0.00900268554687501 -0.14825439453125 0.00173449516296387 -0.00372576713562013
-0.041229248046875 -0.182052612304688 -0.172454833984375 0.10357666015625
-0.13714599609375 -0.150177001953125 -0.131744384765625 0.229263305664063
-0.16925048828125 -0.042999267578125 0.0123291015625 0.244216918945312
-0.14385986328125 0.0465850830078125 0.0775604248046875 0.126350402832031
-0.0640487670898438 0.0886383056640625 0.0856246948242188 0.0359725952148438
-0.0196380615234375 0.0930557250976563 0.0385475158691406 -0.00449371337890624
-0.0350189208984375 0.100738525390625 -0.0038902759552002 -0.000963449478149407
-0.0216827392578125 0.105216979980469 -0.0382957458496094 0.02886962890625
-0.0586013793945313 0.09320068359375 -0.08551025390625 -0.00449371337890625
-0.116378784179688 0.0638275146484375 -0.135612487792969 -0.0832748413085938
-0.157623291015625 -0.0130615234375 -0.100967407226563 -0.165618896484375
-0.115852355957031 -0.130630493164063 0.02838134765625 -0.232620239257813
-0.02777099609375 -0.146224975585938 0.0899810791015625 -0.145156860351563
0.0164031982421875 -0.138534545898438 -0.0472679138183594 0.000595092773437486
0.01605224609375 -0.112411499023438 0.0238914489746094 -0.00467109680175782
-0.0220184326171875 -0.142959594726563 -0.0851898193359375 0.154251098632813
-0.112106323242188 -0.130027770996094 0.0191802978515625 0.231338500976563
-0.154693603515625 -0.035125732421875 0.14068603515625 0.174468994140625
-0.1414794921875 0.054412841796875 0.14227294921875 0.0442352294921875
-0.0667877197265625 0.0983200073242188 0.109176635742187 -0.0385665893554687
-0.0218048095703125 0.0970916748046875 0.0433387756347656 -0.0543403625488281
-0.0367584228515625 0.0981521606445313 0.00244903564453125 -0.0365867614746094
-0.025054931640625 0.0982818603515625 -0.0332813262939453 -0.0220985412597656
-0.0575485229492188 0.0804595947265625 -0.0620803833007813 -0.0769500732421875
-0.110954284667969 0.0519866943359375 -0.07379150390625 -0.167617797851563
-0.156570434570313 -0.01959228515625 0.0240936279296875 -0.225006103515625
-0.130844116210938 -0.142547607421875 0.188217163085938 -0.205108642578125
-0.049224853515625 -0.169815063476563 0.180130004882813 -0.0901336669921875
0.00657653808593749 -0.159439086914063 -0.0237846374511719 -0.00490188598632813
0.0176849365234375 -0.073577880859375 0.0571937561035156 -0.00645065307617188
-0.00645446777343749 -0.101058959960938 0.00221252441406249 0.154220581054688
-0.0769882202148438 -0.0973052978515625 0.120285034179688 0.178436279296875
-0.116836547851563 -0.0252151489257813 0.207183837890625 0.0855865478515625
-0.113525390625 0.0492935180664062 0.17608642578125 -0.034515380859375
-0.0558547973632813 0.0878372192382812 0.121940612792969 -0.106735229492187
-0.0203018188476563 0.0822601318359375 0.046905517578125 -0.10076904296875
-0.033172607421875 0.0792007446289063 0.00785446166992188 -0.06756591796875
-0.0242385864257812 0.0759124755859375 -0.029144287109375 -0.0642356872558594
-0.0463409423828125 0.0564384460449219 -0.0325241088867188 -0.1297607421875
-0.0871810913085938 0.0333938598632812 0.00970458984374998 -0.213882446289063
-0.12969970703125 -0.0288772583007812 0.1629638671875 -0.215377807617188
-0.11273193359375 -0.144454956054687 0.317291259765625 -0.092254638671875
-0.0452728271484375 -0.175491333007813 0.228668212890625 -0.00277709960937501
0.00585937500000001 -0.153488159179688 -0.00882911682128906 -0.0216541290283203
0.00876617431640625 -0.0340118408203125 0.0863494873046875 -0.0130081176757813
-0.005157470703125 -0.0531578063964844 0.05999755859375 0.130462646484375
-0.04052734375 -0.0513916015625 0.166168212890625 0.122940063476562
-0.0649223327636719 -0.0130462646484375 0.227523803710937 0.0191802978515625
-0.0676460266113281 0.032501220703125 0.187042236328125 -0.085052490234375
-0.0364112854003906 0.0589065551757812 0.126312255859375 -0.151824951171875
-0.0158920288085938 0.0506248474121094 0.0476608276367188 -0.133918762207031
-0.0234603881835937 0.046966552734375 0.010345458984375 -0.0890121459960938
-0.01922607421875 0.0435523986816406 -0.0251083374023438 -0.0929183959960938
-0.0278377532958984 0.0306606292724609 -0.00512695312500002 -0.157989501953125
-0.0512504577636719 0.0166816711425781 0.08270263671875 -0.2177734375
-0.079132080078125 -0.0286865234375 0.259506225585938 -0.154586791992188
-0.0654449462890625 -0.110237121582031 0.369232177734375 0.04547119140625
-0.0213699340820313 -0.133018493652344 0.233642578125 0.0712738037109375
0.0103607177734375 -0.10638427734375 0.00243759155273437 -0.0452423095703125
0.0175724029541016 0.00086212158203125 0.0130462646484375 0.0461387634277344
0.0107030868530273 0.00999259948730469 -0.185333251953125 -0.103363037109375
0.0121269226074219 0.0197010040283203 -0.352081298828125 -0.0915222167968749
0.00152444839477539 0.00813722610473633 -0.3212890625 0.107696533203125
0.0133304595947266 0.00232410430908203 -0.126907348632812 0.191253662109375
0.0184307098388672 -0.00946235656738281 0.0121002197265625 0.155029296875
0.0127191543579102 -0.0160388946533203 0.03179931640625 0.0902252197265625
0.00713729858398437 -0.0195808410644531 -0.004058837890625 0.08599853515625
0.00527381896972656 -0.0257682800292969 -0.0426177978515625 0.146575927734375
0.0102043151855469 -0.0157060623168945 -0.109848022460938 0.174362182617187
0.0155963897705078 -0.00908279418945313 -0.165817260742187 0.12872314453125
0.00803613662719727 -0.00435209274291992 -0.204132080078125 0.0314788818359375
0.0069580078125 0.0102386474609375 -0.184890747070312 -0.092987060546875
-0.00445222854614258 0.00806617736816406 -0.104331970214844 -0.112373352050781
-0.00376558303833008 -0.00791406631469727 -0.121818542480469 0.00431823730468751
0.0103988647460938 -0.0896453857421875 0.0117149353027344 0.0430488586425781
-0.00736999511718749 -0.109146118164063 -0.18914794921875 -0.0977325439453125
-0.0509414672851562 -0.0726852416992188 -0.3555908203125 -0.0764770507812501
-0.0599021911621094 -0.0189399719238281 -0.312469482421875 0.117523193359375
-0.0319728851318359 0.0145206451416016 -0.124435424804687 0.189773559570312
0.000958442687988283 0.0155038833618164 0.010955810546875 0.151962280273438
0.00662326812744141 0.0156164169311523 0.032135009765625 0.0855941772460937
-0.00166702270507812 0.0232715606689453 -0.00473785400390625 0.0800857543945313
0.00228691101074219 0.0223159790039063 -0.0392303466796875 0.144302368164063
-0.00876617431640625 0.0274906158447266 -0.103988647460938 0.168167114257813
-0.0281600952148437 0.0218353271484375 -0.164260864257813 0.124221801757812
-0.0473098754882813 -0.00577926635742187 -0.201828002929687 0.036041259765625
-0.0245895385742188 -0.0378608703613281 -0.185073852539063 -0.0906829833984375
0.00408935546875 -0.0426979064941406 -0.1029052734375 -0.110450744628906
0.0134506225585938 -0.0446548461914063 -0.121238708496094 0.00946044921874998
0.001617431640625 -0.1513671875 0.00507736206054687 0.021636962890625
-0.032257080078125 -0.189788818359375 -0.211669921875 -0.0585632324218751
-0.109344482421875 -0.134574890136719 -0.34625244140625 0.0193481445312499
-0.117477416992188 -0.037017822265625 -0.257308959960938 0.183578491210938
-0.077484130859375 0.0258941650390625 -0.0798492431640625 0.19366455078125
-0.0206756591796875 0.0410499572753906 0.0283432006835938 0.1337890625
-0.00109100341796875 0.046234130859375 0.033172607421875 0.0688667297363281
-0.0121726989746094 0.0607528686523438 -0.00682830810546875 0.0622825622558594
-0.00290298461914062 0.0647392272949219 -0.0375823974609375 0.121055603027344
-0.0273017883300781 0.0657386779785156 -0.0984649658203125 0.133781433105469
-0.0672416687011719 0.0497703552246094 -0.1656494140625 0.087860107421875
-0.09796142578125 -0.00489044189453127 -0.197067260742188 0.00363159179687502
-0.0586624145507813 -0.079925537109375 -0.163467407226562 -0.124801635742188
0.00463867187499999 -0.0882415771484375 -0.0741424560546875 -0.129180908203125
0.022918701171875 -0.07904052734375 -0.10467529296875 0.00923919677734372
-0.00299072265625 -0.167984008789063 -0.0023350715637207 0.00128030776977538
-0.0553131103515625 -0.20556640625 -0.214004516601563 0.02252197265625
-0.145828247070312 -0.150848388671875 -0.267074584960938 0.151016235351563
-0.156600952148437 -0.0385284423828125 -0.132293701171875 0.245712280273438
-0.116203308105469 0.040313720703125 -0.00221252441406251 0.177780151367187
-0.0428657531738281 0.0676345825195313 0.0567092895507813 0.094329833984375
-0.00881958007812501 0.073822021484375 0.0346565246582031 0.0369644165039063
-0.021331787109375 0.088623046875 -0.00661468505859376 0.0343570709228516
-0.00875091552734375 0.0946578979492188 -0.0356063842773438 0.0809173583984375
-0.0424575805664063 0.0902328491210938 -0.0922317504882813 0.0741958618164063
-0.0970306396484375 0.068023681640625 -0.16162109375 0.0182952880859375
-0.137039184570313 -0.00301361083984372 -0.172821044921875 -0.0662689208984375
-0.0925674438476563 -0.107864379882813 -0.1024169921875 -0.182876586914063
-0.0088653564453125 -0.121353149414063 -0.01092529296875 -0.150558471679688
0.0204315185546875 -0.110916137695313 -0.0766220092773438 0.00813293457031251
0.000457763671874995 -0.149337768554688 0.00142049789428711 -0.00671005249023438
-0.0528717041015625 -0.179107666015625 -0.164901733398438 0.10955810546875
-0.146392822265625 -0.14080810546875 -0.11968994140625 0.232879638671875
-0.16973876953125 -0.032470703125 0.02398681640625 0.239593505859375
-0.138572692871094 0.0552215576171875 0.0824661254882812 0.121063232421875
-0.0581283569335938 0.090576171875 0.084625244140625 0.0313949584960938
-0.0142135620117188 0.0929183959960938 0.0366096496582031 -0.00688934326171874
-0.0273513793945313 0.102798461914063 -0.00418615341186524 -0.000312328338623041
-0.0143051147460937 0.105613708496094 -0.0340347290039062 0.0308475494384766
-0.0513458251953125 0.0953216552734375 -0.0822525024414062 -0.000679016113281247
-0.111274719238281 0.0702743530273438 -0.137954711914063 -0.0739822387695312
-0.157989501953125 -0.00274658203125002 -0.104949951171875 -0.15618896484375
-0.123207092285156 -0.122978210449219 0.0174560546875 -0.228179931640625
-0.0357666015625 -0.1458740234375 0.080810546875 -0.14599609375
0.00750732421874998 -0.139991760253906 -0.0466880798339844 0.00543975830078125
0.00974273681640624 -0.11358642578125 0.0229396820068359 -0.00818824768066407
-0.03155517578125 -0.141952514648438 -0.0764312744140625 0.154495239257813
-0.120498657226563 -0.121833801269531 0.028564453125 0.227813720703125
-0.155487060546875 -0.0255126953125 0.147064208984375 0.16552734375
-0.13604736328125 0.0625534057617188 0.142044067382813 0.0369415283203125
-0.0599441528320312 0.100685119628906 0.103172302246094 -0.0437088012695312
-0.0163345336914063 0.096832275390625 0.0381088256835938 -0.0563812255859375
-0.0295562744140625 0.100341796875 -0.00067138671875 -0.0360298156738281
-0.0180282592773438 0.098724365234375 -0.0327548980712891 -0.0195159912109375
-0.0514907836914062 0.0822525024414063 -0.06414794921875 -0.0729904174804688
-0.106636047363281 0.0579910278320312 -0.08197021484375 -0.160202026367188
-0.15728759765625 -0.00929260253906251 0.014434814453125 -0.220748901367188
-0.137420654296875 -0.133598327636719 0.176025390625 -0.208663940429688
-0.0576629638671875 -0.16717529296875 0.17205810546875 -0.0950927734375
-0.00381469726562501 -0.1595458984375 -0.0240516662597656 -0.00078201293945313
0.0130538940429687 -0.07464599609375 0.0555152893066406 -0.0113029479980469
-0.0141830444335938 -0.100669860839844 0.00877380371093749 0.150955200195312
-0.083740234375 -0.0912704467773437 0.125015258789063 0.171051025390625
-0.117805480957031 -0.0173416137695313 0.2078857421875 0.0742034912109375
-0.108375549316406 0.05609130859375 0.1710205078125 -0.0431976318359375
-0.0503158569335937 0.0898208618164063 0.112289428710938 -0.112602233886719
-0.0156021118164063 0.0822525024414063 0.038543701171875 -0.102851867675781
-0.0274124145507812 0.0808258056640625 0.00189971923828125 -0.0668754577636719
-0.0186386108398438 0.0763015747070312 -0.0318946838378906 -0.0609703063964844
-0.0417594909667969 0.0577011108398437 -0.0392608642578125 -0.125930786132813
-0.0834884643554688 0.0376968383789063 -0.00296020507812499 -0.20928955078125
-0.130111694335938 -0.0201568603515625 0.150711059570313 -0.2176513671875
-0.119781494140625 -0.135734558105469 0.308563232421875 -0.103546142578125
-0.0542144775390625 -0.172164916992188 0.224380493164062 -0.0109710693359375
-0.00408935546874999 -0.153778076171875 -0.0108718872070312 -0.0181884765625
0.006683349609375 -0.0343074798583984 0.0835113525390625 -0.0190582275390625
-0.0091094970703125 -0.0525321960449219 0.0644302368164063 0.124786376953125
-0.0442390441894531 -0.0484695434570313 0.167083740234375 0.1138916015625
-0.0655860900878906 -0.00865554809570314 0.224502563476563 0.007781982421875
-0.0643157958984375 0.036834716796875 0.1796875 -0.094451904296875
-0.0319938659667969 0.060089111328125 0.113906860351562 -0.158538818359375
-0.0133094787597656 0.050750732421875 0.0371017456054688 -0.135787963867188
-0.0202140808105469 0.0479354858398438 0.00296020507812501 -0.0882034301757812
-0.0156288146972656 0.0440406799316406 -0.0308990478515625 -0.0890426635742188
-0.0252914428710938 0.0309638977050781 -0.0144500732421875 -0.155075073242188
-0.0488433837890625 0.0191268920898438 0.068756103515625 -0.217666625976563
-0.0809707641601562 -0.0230941772460938 0.247314453125 -0.162933349609375
-0.070526123046875 -0.104301452636719 0.3641357421875 0.029510498046875
-0.0274429321289063 -0.13104248046875 0.231597900390625 0.062652587890625
0.003692626953125 -0.106918334960937 -0.000812530517578123 -0.0424461364746094
0.0156240463256836 -0.000725746154785156 0.0144004821777344 0.0427780151367188
0.0109348297119141 0.00986957550048828 -0.180755615234375 -0.09942626953125
0.0129127502441406 0.0181884765625 -0.343994140625 -0.083831787109375
0.00159645080566406 0.00891971588134766 -0.308380126953125 0.110992431640625
0.0129728317260742 0.00260543823242188 -0.118576049804687 0.189224243164063
0.0176124572753906 -0.0106964111328125 0.0159149169921875 0.150421142578125
0.0111351013183594 -0.0160808563232422 0.0341873168945313 0.0866470336914063
0.00607109069824219 -0.0188655853271484 0.000679016113281256 0.084075927734375
0.0032501220703125 -0.0246410369873047 -0.033599853515625 0.145172119140625
0.0102510452270508 -0.0158233642578125 -0.0981292724609375 0.173690795898438
0.0152034759521484 -0.00896930694580078 -0.157913208007813 0.13037109375
0.00742673873901367 -0.00395917892456055 -0.197341918945313 0.035064697265625
0.00751781463623047 0.0110378265380859 -0.179916381835938 -0.08642578125
-0.00383853912353516 0.00836324691772461 -0.103317260742188 -0.107391357421875
-0.00417089462280273 -0.00742006301879883 -0.118560791015625 0.00885772705078124
0.00620269775390625 -0.0890426635742188 0.0127754211425781 0.0394439697265625
-0.0104446411132812 -0.105644226074219 -0.184005737304687 -0.0944061279296875
-0.0518722534179688 -0.0688362121582031 -0.345916748046875 -0.07037353515625
-0.0579986572265625 -0.0158920288085938 -0.299896240234375 0.1202392578125
-0.0305747985839844 0.0153579711914063 -0.115966796875 0.18743896484375
0.00150394439697266 0.0137395858764648 0.0150909423828125 0.147857666015625
0.00671005249023437 0.0147209167480469 0.033721923828125 0.0828933715820313
-0.000568389892578126 0.0232143402099609 -0.000602722167968758 0.0782089233398438
0.00280189514160156 0.0223865509033203 -0.0298309326171875 0.14215087890625
-0.00689506530761719 0.0275669097900391 -0.0930328369140625 0.167526245117188
-0.02655029296875 0.0233230590820313 -0.156295776367187 0.1258544921875
-0.0475387573242188 -0.00315093994140625 -0.193817138671875 0.0403289794921875
-0.0251693725585937 -0.0364456176757813 -0.179092407226563 -0.08343505859375
0.00244903564453125 -0.0429229736328125 -0.101707458496094 -0.105514526367188
0.0110893249511719 -0.0445938110351563 -0.117630004882812 0.0135726928710937
-0.003692626953125 -0.149002075195313 0.00583457946777344 0.01873779296875
-0.037933349609375 -0.18408203125 -0.205245971679688 -0.0545501708984375
-0.110908508300781 -0.127693176269531 -0.334503173828125 0.0254211425781249
-0.11480712890625 -0.0313491821289063 -0.244216918945313 0.183319091796875
-0.0738754272460937 0.0286102294921875 -0.072998046875 0.190536499023438
-0.0188064575195313 0.0393714904785156 0.0317153930664063 0.130012512207031
0.00016021728515625 0.0446662902832031 0.0337066650390625 0.0661888122558594
-0.00910568237304687 0.0606651306152344 -0.0034332275390625 0.0612106323242188
-0.000328063964843746 0.0636749267578125 -0.0288619995117187 0.11920166015625
-0.0230598449707031 0.0649871826171875 -0.0890579223632813 0.133049011230469
-0.0638923645019531 0.0524063110351563 -0.158737182617187 0.0904083251953125
-0.0975570678710938 0.00030517578124999 -0.18914794921875 0.008636474609375
-0.0606765747070313 -0.0760726928710938 -0.159866333007813 -0.116500854492188
0.000785827636718753 -0.0879287719726563 -0.0746231079101563 -0.123558044433594
0.019256591796875 -0.0788497924804688 -0.101631164550781 0.0132522583007813
-0.00846862792968749 -0.165023803710938 -0.00247478485107422 -0.00116872787475587
-0.0613861083984375 -0.199371337890625 -0.206008911132813 0.02471923828125
-0.147674560546875 -0.142044067382813 -0.255538940429688 0.152359008789063
-0.1534423828125 -0.03228759765625 -0.122695922851563 0.2408447265625
-0.111091613769531 0.0439605712890625 0.00238037109374999 0.173233032226562
-0.0391273498535156 0.0659942626953125 0.0574951171875 0.090545654296875
-0.006500244140625 0.0720672607421875 0.0340309143066406 0.0357933044433594
-0.0167770385742188 0.0880126953125 -0.00448799133300781 0.0341796875
-0.00481414794921876 0.0924301147460938 -0.0288848876953125 0.0800323486328125
-0.0370864868164063 0.0887985229492188 -0.0853958129882812 0.074005126953125
-0.0926055908203125 0.0705490112304688 -0.156875610351562 0.0226898193359375
-0.135475158691406 0.002899169921875 -0.166519165039063 -0.0597991943359375
-0.0951309204101563 -0.102935791015625 -0.101028442382812 -0.173919677734375
-0.0133743286132813 -0.120796203613281 -0.0144500732421875 -0.14532470703125
0.0161514282226563 -0.10955810546875 -0.074066162109375 0.011749267578125
-0.00477600097656251 -0.146759033203125 0.000505447387695313 -0.00919246673583985
-0.0585479736328125 -0.173812866210938 -0.156402587890625 0.108230590820313
-0.14849853515625 -0.132644653320313 -0.111297607421875 0.228851318359375
-0.165878295898438 -0.0262603759765625 0.02874755859375 0.231674194335938
-0.132858276367188 0.05914306640625 0.08221435546875 0.11590576171875
-0.0534744262695313 0.08892822265625 0.0824127197265625 0.0288314819335938
-0.0109176635742188 0.0905990600585938 0.0339603424072266 -0.00732612609863281
-0.0222854614257813 0.102210998535156 -0.00409150123596192 0.000489473342895515
-0.00945281982421874 0.103462219238281 -0.0292835235595703 0.0307369232177734
-0.0465087890625 0.0938339233398438 -0.0784988403320313 0.000877380371093769
-0.106315612792969 0.0730972290039063 -0.136337280273438 -0.0667800903320312
-0.155410766601562 0.0035400390625 -0.102279663085937 -0.1485595703125
-0.12432861328125 -0.116432189941406 0.0137939453125 -0.220626831054688
-0.0397186279296875 -0.1436767578125 0.07452392578125 -0.142532348632812
0.00249481201171875 -0.137687683105469 -0.04473876953125 0.00946807861328125
0.00537872314453126 -0.112091064453125 0.0209255218505859 -0.0112018585205078
-0.0375137329101563 -0.1380615234375 -0.071014404296875 0.150894165039063
-0.12310791015625 -0.114578247070313 0.032470703125 0.221466064453125
-0.152069091796875 -0.0198516845703125 0.14630126953125 0.156845092773438
-0.130233764648437 0.0657577514648438 0.138153076171875 0.032379150390625
-0.055023193359375 0.0993423461914062 0.0980453491210938 -0.044952392578125
-0.0131988525390625 0.0950088500976563 0.0333213806152344 -0.056304931640625
-0.0245361328125 0.099365234375 -0.00250625610351563 -0.0344562530517578
-0.012603759765625 0.096527099609375 -0.0304660797119141 -0.0178184509277344
-0.046905517578125 0.0809097290039063 -0.0634384155273438 -0.069610595703125
-0.101715087890625 0.0597991943359375 -0.08367919921875 -0.15216064453125
-0.154022216796875 -0.00325012207031249 0.011627197265625 -0.212783813476562
-0.13861083984375 -0.126335144042969 0.167434692382813 -0.204757690429688
-0.0615997314453125 -0.163619995117188 0.164352416992188 -0.0937347412109375
-0.00891113281250001 -0.156448364257813 -0.0232830047607422 0.0027484893798828
0.0103988647460937 -0.0741043090820313 0.0524215698242188 -0.0149955749511719
-0.0189361572265625 -0.09820556640625 0.010986328125 0.145233154296875
-0.0858383178710937 -0.0862197875976563 0.1240234375 0.164474487304688
-0.114883422851563 -0.0121383666992188 0.203582763671875 0.067626953125
-0.103248596191406 0.0589218139648437 0.164703369140625 -0.0464935302734375
-0.04541015625 0.0889358520507812 0.103553771972656 -0.112983703613281
-0.0132522583007813 0.0809478759765625 0.0315399169921875 -0.102157592773438
-0.0233840942382812 0.0802154541015625 -0.00145339965820312 -0.0644187927246094
-0.0146560668945312 0.0745773315429688 -0.0318641662597656 -0.0576896667480469
-0.0381011962890625 0.0565910339355469 -0.0410308837890625 -0.120964050292969
-0.0797653198242188 0.0388565063476562 -0.00848388671875001 -0.20147705078125
-0.127784729003906 -0.0147247314453125 0.14288330078125 -0.212631225585937
-0.119819641113281 -0.128334045410156 0.298309326171875 -0.1048583984375
-0.0576629638671875 -0.168136596679688 0.216537475585938 -0.011962890625
-0.00885009765625001 -0.15032958984375 -0.0111293792724609 -0.0140857696533203
0.00512504577636719 -0.0344810485839844 0.0798110961914063 -0.0223922729492188
-0.0118446350097656 -0.0516395568847656 0.0636215209960937 0.118911743164063
-0.0450439453125 -0.0452766418457031 0.163955688476562 0.108139038085938
-0.06396484375 -0.00579833984374999 0.217758178710938 0.0030670166015625
-0.0605735778808594 0.0377120971679688 0.172454833984375 -0.097686767578125
-0.028717041015625 0.0592536926269531 0.104110717773437 -0.159133911132812
-0.0121498107910156 0.050079345703125 0.029205322265625 -0.134567260742188
-0.0181465148925781 0.0474853515625 -0.00161743164062499 -0.0854263305664063
-0.0129928588867188 0.0435867309570313 -0.0328216552734375 -0.08453369140625
-0.0233783721923828 0.0304279327392578 -0.0191192626953125 -0.149276733398438
-0.0465927124023438 0.0196380615234375 0.05987548828125 -0.211212158203125
-0.079620361328125 -0.0195388793945313 0.236053466796875 -0.162155151367188
-0.0708160400390625 -0.0994338989257813 0.354949951171875 0.02154541015625
-0.0300521850585937 -0.127540588378906 0.225357055664062 0.0597686767578125
-0.000114440917968748 -0.105262756347656 -0.0025177001953125 -0.037811279296875
0.0145578384399414 -0.00117015838623047 0.014495849609375 0.0403785705566406
0.0114374160766602 0.00972080230712891 -0.176925659179688 -0.102981567382813
0.0136680603027344 0.0174798965454102 -0.339569091796875 -0.08709716796875
0.00183582305908203 0.00951004028320313 -0.30450439453125 0.107330322265625
0.0126791000366211 0.00315475463867188 -0.116317749023437 0.186904907226563
0.0174961090087891 -0.011073112487793 0.0164947509765625 0.147720336914063
0.0109996795654297 -0.0156755447387695 0.0348892211914062 0.0861968994140625
0.00531578063964844 -0.0178871154785156 0.00307464599609376 0.083221435546875
0.002685546875 -0.0235881805419922 -0.029388427734375 0.144821166992188
0.0110807418823242 -0.016291618347168 -0.09326171875 0.173431396484375
0.0158805847167969 -0.0087127685546875 -0.156295776367187 0.130599975585938
0.00698757171630859 -0.00354528427124023 -0.195068359375 0.03472900390625
0.00827693939208984 0.0107526779174805 -0.176376342773438 -0.0870819091796875
-0.00326776504516602 0.00834941864013672 -0.101081848144531 -0.107124328613281
-0.00441884994506836 -0.00812005996704102 -0.117424011230469 0.010528564453125
0.00432586669921876 -0.0886611938476563 0.0131950378417969 0.0366287231445312
-0.0107192993164063 -0.103744506835938 -0.180084228515625 -0.09765625
-0.0516319274902344 -0.0679740905761719 -0.34197998046875 -0.072235107421875
-0.0568466186523438 -0.0156059265136719 -0.297271728515625 0.1165771484375
-0.0297527313232422 0.0163192749023437 -0.114852905273438 0.186203002929688
0.00184059143066406 0.0125112533569336 0.016204833984375 0.146469116210938
0.00686454772949219 0.0146160125732422 0.0336532592773438 0.08294677734375
-0.00032806396484375 0.0237216949462891 0.00103759765625001 0.0771942138671875
0.00235748291015625 0.0226058959960937 -0.0249481201171875 0.141357421875
-0.0061187744140625 0.0268955230712891 -0.08807373046875 0.166839599609375
-0.0256118774414062 0.02435302734375 -0.154342651367188 0.12677001953125
-0.048736572265625 -0.00131225585937501 -0.191162109375 0.039459228515625
-0.0258445739746094 -0.0363655090332031 -0.175201416015625 -0.08367919921875
0.00185394287109375 -0.0435676574707031 -0.100074768066406 -0.104713439941406
0.0101890563964844 -0.0451202392578125 -0.116600036621094 0.015045166015625
-0.00540161132812501 -0.148147583007812 0.00547409057617187 0.0156402587890625
-0.0394134521484375 -0.182693481445313 -0.201202392578125 -0.0579833984375
-0.1112060546875 -0.126388549804688 -0.33123779296875 0.022735595703125
-0.11346435546875 -0.0304641723632812 -0.242507934570312 0.17962646484375
-0.0724105834960938 0.0296554565429688 -0.072784423828125 0.188934326171875
-0.0182876586914062 0.0374908447265625 0.03167724609375 0.128181457519531
0.000209808349609373 0.0440864562988281 0.0329132080078125 0.0664749145507813
-0.00785064697265625 0.0610809326171875 -0.00168991088867187 0.0613021850585938
0.000606536865234381 0.0639419555664062 -0.0240859985351562 0.11810302734375
-0.0217666625976562 0.0642242431640625 -0.0848464965820312 0.131950378417969
-0.0628242492675781 0.0539665222167969 -0.156936645507813 0.09136962890625
-0.0984954833984375 0.00238037109375002 -0.185302734375 0.00791931152343752
-0.0614852905273438 -0.0759506225585937 -0.154754638671875 -0.116287231445312
-0.000503540039062507 -0.0888214111328125 -0.073211669921875 -0.122413635253906
0.0187225341796875 -0.0797576904296875 -0.100227355957031 0.0155258178710937
-0.01031494140625 -0.164627075195313 -0.003173828125 -0.00376152992248536
-0.0638580322265625 -0.197463989257812 -0.202255249023438 0.0206146240234375
-0.149032592773437 -0.139816284179688 -0.253204345703125 0.148788452148437
-0.152481079101563 -0.0308380126953125 -0.12237548828125 0.236541748046875
-0.109352111816406 0.04559326171875 0.00143432617187498 0.171432495117188
-0.0386772155761719 0.0645675659179687 0.0570297241210938 0.0893402099609375
-0.00615692138671875 0.0711212158203125 0.0330314636230469 0.0358200073242188
-0.0146942138671875 0.0887451171875 -0.00385093688964844 0.0343666076660156
-0.00344085693359376 0.0922698974609375 -0.024658203125 0.078582763671875
-0.0356063842773438 0.0880584716796875 -0.08209228515625 0.073089599609375
-0.0914993286132813 0.0725631713867188 -0.15533447265625 0.0240631103515625
-0.136642456054688 0.00579071044921878 -0.162002563476563 -0.059234619140625
-0.0962677001953125 -0.101913452148438 -0.097442626953125 -0.172531127929688
-0.01544189453125 -0.121795654296875 -0.0140380859375 -0.142593383789063
0.0151901245117187 -0.110282897949219 -0.0724945068359375 0.0143280029296875
-0.00613403320312499 -0.146820068359375 -0.00038623809814453 -0.0114955902099609
-0.0612335205078125 -0.17236328125 -0.154296875 0.10430908203125
-0.150070190429688 -0.13092041015625 -0.111251831054688 0.225830078125
-0.165603637695313 -0.0251922607421875 0.0275726318359375 0.228729248046875
-0.131111145019531 0.060455322265625 0.080657958984375 0.115013122558594
-0.0523147583007813 0.087554931640625 0.0807952880859375 0.0280075073242188
-0.010162353515625 0.0899658203125 0.0319442749023438 -0.00699615478515624
-0.0198211669921875 0.1025390625 -0.00393033027648926 0.00126433372497559
-0.00715637207031251 0.102584838867188 -0.02593994140625 0.0297355651855469
-0.044525146484375 0.092742919921875 -0.0760574340820312 0.000152587890625009
-0.105194091796875 0.0739212036132812 -0.134742736816406 -0.0649337768554688
-0.15594482421875 0.00640869140625003 -0.0978851318359375 -0.147140502929688
-0.125221252441406 -0.115684509277344 0.01580810546875 -0.217376708984375
-0.0415802001953125 -0.144485473632813 0.0737228393554688 -0.138717651367188
0.002044677734375 -0.137557983398438 -0.0433578491210938 0.0125236511230469
0.00401306152343751 -0.112754821777344 0.0196876525878906 -0.0134735107421875
-0.0400619506835938 -0.136520385742188 -0.0701904296875 0.147552490234375
-0.124732971191406 -0.112831115722656 0.031219482421875 0.220291137695313
-0.151718139648437 -0.0187835693359375 0.144027709960938 0.155990600585938
-0.128456115722656 0.0676956176757812 0.135833740234375 0.031982421875
-0.054107666015625 0.0983963012695312 0.0949859619140625 -0.0453643798828125
-0.0120620727539062 0.094482421875 0.03057861328125 -0.0554046630859375
-0.02252197265625 0.0998306274414063 -0.00347900390625 -0.0333976745605469
-0.0110626220703125 0.095367431640625 -0.0280647277832031 -0.0177841186523437
-0.0449066162109375 0.079315185546875 -0.0624122619628906 -0.0692977905273438
-0.100311279296875 0.0606231689453125 -0.0832366943359375 -0.148345947265625
-0.153488159179688 -0.00151062011718751 0.0146942138671875 -0.210098266601563
-0.137886047363281 -0.124900817871094 0.167953491210938 -0.200408935546875
-0.0623016357421875 -0.163619995117188 0.162094116210938 -0.0898284912109375
-0.00967407226562499 -0.155441284179688 -0.0224742889404297 0.0062122344970703
0.00933837890625 -0.074310302734375 0.0508193969726563 -0.017059326171875
-0.0212020874023438 -0.0972976684570312 0.00999450683593749 0.142959594726563
-0.0872726440429688 -0.0847320556640625 0.121551513671875 0.164337158203125
-0.114654541015625 -0.0116119384765625 0.200820922851563 0.06732177734375
-0.101943969726563 0.0599822998046875 0.162506103515625 -0.046356201171875
-0.0445556640625 0.0879135131835937 0.0999679565429688 -0.113380432128906
-0.0127105712890625 0.0805892944335938 0.0284194946289062 -0.101272583007812
-0.021331787109375 0.0806045532226563 -0.0031280517578125 -0.0634994506835938
-0.012725830078125 0.0735702514648438 -0.0302085876464844 -0.056640625
-0.036773681640625 0.0556678771972656 -0.0407638549804687 -0.119529724121094
-0.0784683227539063 0.0394821166992187 -0.00946044921875001 -0.197067260742188
-0.12713623046875 -0.013092041015625 0.143142700195313 -0.20880126953125
-0.118942260742188 -0.127517700195313 0.295928955078125 -0.100921630859375
-0.057891845703125 -0.167755126953125 0.2135009765625 -0.00764465332031251
-0.00979614257812501 -0.149703979492187 -0.0104055404663086 -0.0102949142456055
0.0047607421875 -0.0345954895019531 0.0777816772460938 -0.0239639282226563
-0.0136947631835937 -0.0506668090820312 0.0614395141601563 0.117523193359375
-0.0452079772949219 -0.0444488525390625 0.160263061523438 0.108810424804688
-0.0637893676757812 -0.00513839721679689 0.215621948242187 0.0035400390625
-0.0599403381347656 0.0382766723632813 0.170578002929687 -0.097747802734375
-0.0278892517089844 0.0590438842773437 0.0998687744140625 -0.160171508789063
-0.0121726989746094 0.0502128601074219 0.0251846313476563 -0.133865356445313
-0.0173454284667969 0.0477752685546875 -0.00311279296875001 -0.0841064453125
-0.0118446350097656 0.0426368713378906 -0.03192138671875 -0.0826263427734375
-0.0225334167480469 0.0293846130371094 -0.019805908203125 -0.146804809570313
-0.0459976196289063 0.0195732116699219 0.05718994140625 -0.20733642578125
-0.079193115234375 -0.0181961059570312 0.234100341796875 -0.157852172851563
-0.0696182250976563 -0.0982894897460937 0.3511962890625 0.025634765625
-0.02960205078125 -0.127487182617188 0.221710205078125 0.0641021728515625
-0.000991821289062496 -0.104766845703125 -0.00254058837890625 -0.0337677001953125
0.0139951705932617 -0.00180816650390625 0.0149688720703125 0.0388565063476563
0.0122318267822266 0.00980949401855469 -0.179763793945312 -0.108917236328125
0.0143423080444336 0.0173501968383789 -0.348480224609375 -0.09149169921875
0.00174713134765625 0.0108232498168945 -0.310394287109375 0.109588623046875
0.0130519866943359 0.0034637451171875 -0.117446899414063 0.192230224609375
0.0173072814941406 -0.0128545761108398 0.0179443359375 0.15045166015625
0.0106325149536133 -0.0160551071166992 0.0371246337890625 0.0882644653320313
0.00498771667480469 -0.0178203582763672 0.00588226318359375 0.0845489501953125
0.00184822082519531 -0.023712158203125 -0.02386474609375 0.149261474609375
0.0116062164306641 -0.0177898406982422 -0.0901031494140625 0.179092407226563
0.0163822174072266 -0.00891399383544922 -0.158798217773438 0.136001586914062
0.00646543502807617 -0.0028071403503418 -0.199630737304688 0.0361480712890625
0.00916957855224609 0.0105876922607422 -0.178985595703125 -0.089996337890625
-0.00278854370117188 0.00867748260498047 -0.103050231933594 -0.1092529296875
-0.00485372543334961 -0.00851869583129883 -0.11993408203125 0.013885498046875
0.00249481201171876 -0.0908889770507813 0.0135250091552734 0.0346775054931641
-0.0115737915039062 -0.105453491210938 -0.183273315429687 -0.104598999023438
-0.0535011291503906 -0.0683555603027344 -0.34967041015625 -0.0752868652343749
-0.0584220886230469 -0.0151405334472656 -0.30340576171875 0.1192626953125
-0.0293788909912109 0.0184612274169922 -0.115509033203125 0.191268920898438
0.00140094757080078 0.0111055374145508 0.017578125 0.14984130859375
0.00656700134277344 0.0144128799438477 0.0358352661132812 0.0849761962890625
0.000741958618164063 0.0248813629150391 0.00319671630859376 0.0793991088867187
0.00268173217773438 0.0237712860107422 -0.019989013671875 0.144317626953125
-0.00525856018066406 0.0271892547607422 -0.08514404296875 0.172637939453125
-0.0258159637451172 0.0265331268310547 -0.157135009765625 0.1324462890625
-0.0512161254882812 0.000812530517578124 -0.193832397460938 0.041290283203125
-0.0272789001464844 -0.0371818542480469 -0.177230834960938 -0.08624267578125
0.000865936279296874 -0.0451011657714844 -0.102569580078125 -0.10675048828125
0.00951766967773438 -0.0469322204589844 -0.119270324707031 0.0182571411132812
-0.0077972412109375 -0.152297973632813 0.00541305541992187 0.0137434005737305
-0.0428466796875 -0.186264038085938 -0.204238891601563 -0.0625152587890625
-0.1156005859375 -0.128173828125 -0.338287353515625 0.022003173828125
-0.116683959960937 -0.029510498046875 -0.247268676757813 0.183685302734375
-0.0724868774414063 0.0325698852539063 -0.0733489990234375 0.19378662109375
-0.0188179016113281 0.0374641418457031 0.03363037109375 0.130538940429687
0.000736236572265625 0.0444221496582031 0.034759521484375 0.0684280395507813
-0.005828857421875 0.063446044921875 -0.000152587890624995 0.0631828308105469
0.00134658813476562 0.0660247802734375 -0.0195388793945313 0.120330810546875
-0.0210037231445313 0.0653190612792969 -0.0826644897460937 0.135940551757813
-0.0634536743164063 0.0573768615722656 -0.159530639648438 0.09661865234375
-0.102493286132813 0.00591278076171873 -0.187667846679688 0.00848388671875002
-0.0653915405273438 -0.0774002075195313 -0.156539916992187 -0.11968994140625
-0.00288391113281251 -0.0922393798828125 -0.0755462646484375 -0.124015808105469
0.0177536010742188 -0.0826339721679687 -0.101943969726562 0.0188064575195312
-0.0129241943359375 -0.169464111328125 -0.00393009185791016 -0.00600814819335939
-0.06817626953125 -0.201171875 -0.205947875976563 0.0181427001953125
-0.15521240234375 -0.141387939453125 -0.25830078125 0.151046752929688
-0.157058715820313 -0.030181884765625 -0.1246337890625 0.241668701171875
-0.110603332519531 0.0489044189453125 0.00158691406249998 0.1759033203125
-0.0390510559082031 0.0651588439941406 0.0577926635742187 0.0909271240234375
-0.0054931640625 0.07232666015625 0.0334243774414063 0.0375099182128906
-0.0121383666992187 0.0920028686523438 -0.00262832641601563 0.0357742309570313
-0.00154876708984374 0.0947723388671875 -0.0208816528320313 0.07928466796875
-0.0347442626953125 0.0898361206054688 -0.0809783935546875 0.075042724609375
-0.0922317504882813 0.0766143798828125 -0.157958984375 0.0272674560546875
-0.141616821289063 0.00970458984374997 -0.163665771484375 -0.061309814453125
-0.101318359375 -0.104072570800781 -0.09814453125 -0.176605224609375
-0.0186767578125 -0.126396179199219 -0.01507568359375 -0.144119262695313
0.014373779296875 -0.114654541015625 -0.0728988647460938 0.0177154541015625
-0.00862121582031251 -0.151336669921875 -0.00161552429199219 -0.0142498016357422
-0.0657196044921875 -0.175216674804688 -0.15679931640625 0.104400634765625
-0.157073974609375 -0.132247924804688 -0.112869262695313 0.231109619140625
-0.170272827148438 -0.024139404296875 0.02825927734375 0.233108520507813
-0.13262939453125 0.0650177001953125 0.0817031860351562 0.1175537109375
-0.0525054931640625 0.0896377563476563 0.0810470581054688 0.0279541015625
-0.00937652587890626 0.091888427734375 0.0311985015869141 -0.00566864013671874
-0.0171279907226563 0.106414794921875 -0.00389742851257324 0.00210809707641602
-0.00546264648437499 0.105552673339844 -0.0233707427978516 0.0292129516601563
-0.043792724609375 0.0944976806640625 -0.0761947631835938 -0.000289916992187482
-0.106269836425781 0.078460693359375 -0.138015747070312 -0.0639419555664063
-0.160720825195313 0.01019287109375 -0.098297119140625 -0.151153564453125
-0.131004333496094 -0.117935180664063 0.017791748046875 -0.222213745117188
-0.045074462890625 -0.14959716796875 0.0744552612304688 -0.1392822265625
0.000869750976562493 -0.142547607421875 -0.0430259704589844 0.0159263610839844
0.00203704833984375 -0.11669921875 0.0188636779785156 -0.0160846710205078
-0.0445938110351563 -0.138999938964844 -0.0712127685546875 0.148956298828125
-0.130950927734375 -0.113609313964844 0.031982421875 0.225601196289063
-0.156600952148438 -0.01763916015625 0.1473388671875 0.158706665039063
-0.130401611328125 0.0726394653320313 0.138046264648438 0.0320281982421875
-0.053802490234375 0.100898742675781 0.0945587158203125 -0.047332763671875
-0.0116195678710938 0.0966949462890625 0.02838134765625 -0.0562019348144531
-0.02020263671875 0.103782653808594 -0.00440216064453125 -0.0333690643310547
-0.00913238525390624 0.0972366333007813 -0.0269031524658203 -0.0191860198974609
-0.0447463989257812 0.0806503295898438 -0.0633468627929687 -0.0708236694335938
-0.101272583007813 0.0635299682617188 -0.08587646484375 -0.149169921875
-0.158599853515625 0.00160217285156247 0.0166473388671875 -0.215057373046875
-0.14324951171875 -0.12738037109375 0.172683715820313 -0.204635620117188
-0.066436767578125 -0.168914794921875 0.1649169921875 -0.088226318359375
-0.0107574462890625 -0.16033935546875 -0.021392822265625 0.0100326538085937
0.007965087890625 -0.077239990234375 0.0505561828613281 -0.0202560424804688
-0.0247116088867188 -0.0986328125 0.0099334716796875 0.144851684570312
-0.0916213989257813 -0.08526611328125 0.124191284179688 0.16851806640625
-0.118507385253906 -0.0105667114257813 0.204910278320313 0.068572998046875
-0.103172302246094 0.0637664794921875 0.165008544921875 -0.0489654541015625
-0.04412841796875 0.0908279418945313 0.09844970703125 -0.117340087890625
-0.0117645263671875 0.083251953125 0.0245513916015625 -0.103286743164063
-0.019683837890625 0.0834808349609375 -0.00491714477539063 -0.0641212463378906
-0.0111007690429688 0.0747833251953125 -0.0297698974609375 -0.0579795837402344
-0.0365638732910156 0.0565338134765625 -0.0429611206054687 -0.1220703125
-0.0794906616210938 0.041229248046875 -0.0113525390625 -0.19927978515625
-0.130996704101563 -0.0111312866210937 0.14703369140625 -0.213607788085938
-0.122764587402344 -0.129608154296875 0.302978515625 -0.101959228515625
-0.0612640380859375 -0.17236328125 0.217742919921875 -0.00382995605468751
-0.0115814208984375 -0.153640747070313 -0.0100078582763672 -0.0069723129272461
0.00400161743164063 -0.0364227294921875 0.0782089233398437 -0.0273513793945313
-0.0157089233398438 -0.0509910583496094 0.0619735717773437 0.118927001953125
-0.0474128723144531 -0.0451316833496094 0.163833618164062 0.111846923828125
-0.0653877258300781 -0.00435256958007814 0.220291137695312 0.0028228759765625
-0.060760498046875 0.0407600402832031 0.17364501953125 -0.10235595703125
-0.0276641845703125 0.0608482360839844 0.0978546142578125 -0.165908813476563
-0.0122489929199219 0.0519981384277344 0.0203170776367188 -0.137176513671875
-0.0171546936035156 0.0496253967285156 -0.00567626953124999 -0.0851669311523438
-0.0107040405273437 0.0435142517089844 -0.0327606201171875 -0.0838088989257813
-0.0221652984619141 0.0300559997558594 -0.0223388671875 -0.14984130859375
-0.0462226867675781 0.0203323364257813 0.055389404296875 -0.2099609375
-0.0814056396484375 -0.016876220703125 0.238494873046875 -0.161331176757813
-0.0714569091796875 -0.100028991699219 0.359100341796875 0.0279541015625
-0.0315933227539063 -0.130950927734375 0.226181030273438 0.069732666015625
-0.00205230712890625 -0.107955932617187 -0.00180244445800781 -0.0310535430908203
-0.0110568980521366 -0.0138079024004727 -0.0245218549838773 0.0361867958569763
0.0199069991493609 -0.00897185408707122 0.0152081830760183 -0.2277769747168
0.0407595637895418 -0.0239588767852269 -0.10574896408658 -0.38416349928191
0.0346801702484891 -0.0236225908806499 -0.261673292276587 -0.231306763161486
0.00206930986111926 -0.0343024144103247 -0.248482774777979 0.00232006298533265
-0.0215322256519969 -0.0202047912439749 -0.127844203556009 0.0873809079570503
-0.0223214192091807 -0.00555344149791696 -0.0712095731378875 0.0719706030339031
-0.0169782498967186 0.00180284956818505 -0.0767622429165837 0.0495345668016865
-0.0166655912614985 0.00295466215656752 -0.147784553353142 0.0473135257997982
-0.0207693344522357 -0.00855536854908493 -0.19758695529794 0.0157998898173894
-0.00996912619733655 -0.0117909385000654 -0.210668642428338 -0.0783265896333544
0.00656224041591715 -0.00547609317317629 -0.135116709169444 -0.169504136279237
0.0107520329530641 -0.00459162567062741 -0.0246557985136717 -0.200961636617976
0.0131301258274911 0.00293640388398582 0.0452041740395437 -0.146935362817662
0.00114720414861042 0.00659390661615191 -0.0845261803130987 -0.0821416728451776
-0.0774574249120461 0.0443750356364383 -0.00841032179492938 0.0384359771997425
-0.0598184360334094 0.0844456094484714 0.0314767776511659 -0.217622917067837
0.00933188032136374 0.0833918560793003 -0.0939339394805723 -0.38317134925704
0.0542597914000481 0.0481630916539466 -0.252261942658094 -0.232716377201395
0.0436123875020625 -0.0142578863155581 -0.247732144186633 -0.00339810045836664
0.00755905073511962 -0.0223638597829751 -0.129258389517769 0.0835301929668889
0.00689681984003801 -0.018439194188428 -0.0718603950727033 0.0652224238134562
0.016937214486665 -0.0232862936081888 -0.0777516577730722 0.0425993248316687
0.024135634964044 -0.0261276357513632 -0.145017968665277 0.0444850721384116
0.0260159886270935 -0.0244199841213799 -0.190939586086644 0.0099530200636116
0.0468293530846216 -0.00569289900961864 -0.20589815351679 -0.0858012074450908
0.0471214645323625 0.0418185769531342 -0.129107904063356 -0.168396657141682
0.00575666946577184 0.0565482073349921 -0.0198826609710966 -0.196720756122569
-0.0297682472461313 0.0338694961954132 0.0446372289404069 -0.139319503086068
-0.0366962744471051 0.0152227847787625 -0.08947600689787 -0.0749877301213629
-0.121490236796085 0.0878432171520857 0.0137950980788899 0.0231130264466441
-0.103953191615819 0.159999548871945 -0.00232329099077653 -0.210913237438372
-0.00705488246380426 0.164665520080831 -0.161049684299684 -0.326247553408607
0.0784972911856015 0.103948675711225 -0.273021875902014 -0.162083711143577
0.0826155276496487 0.00674288243700931 -0.227578841539751 0.0302867453247798
0.039014229312262 -0.0223215388095823 -0.107573472500529 0.0844568873985273
0.0379184152516191 -0.0280432965356323 -0.0588915412859813 0.0536020228696891
0.0496145137393631 -0.0431660411332858 -0.0671274690046776 0.0290320629261396
0.0609492123087811 -0.0490899499647328 -0.125570503556867 0.0297707578667837
0.0678107466763346 -0.0351309293445981 -0.159855478432617 -0.0127789442476794
0.0965601311805335 0.00212385302784095 -0.17179299045397 -0.113285406278412
0.0845058165977806 0.0854165965914424 -0.0881140744420945 -0.184243651176102
0.00492823082561306 0.114461758985579 0.0246366334809902 -0.19845419985085
-0.0651510294454803 0.0668481279930932 0.0752374031394817 -0.11937078004653
-0.0703498519793206 0.0266814117687587 -0.0798096598328903 -0.0566337986930488
-0.131708574209715 0.10391154404761 0.0285516474569712 0.00433145804520214
-0.101064934357856 0.182644010455949 -0.0746729577858274 -0.173748059613515
-0.0056961772056027 0.196791279956315 -0.234721617300037 -0.187040878557594
0.0956503181824962 0.13633111381119 -0.258666225857744 -0.0307951688583362
0.116393016916514 0.0254486019009558 -0.169361679007589 0.0830444187091422
0.0706352172364365 -0.0210189574713436 -0.0635629148215116 0.0831988801639347
0.0666956175558047 -0.0362771224370176 -0.0320782160049271 0.0363141247086261
0.0747703759563447 -0.055872818767185 -0.0446783704488931 0.0110391476713304
0.0869035472320349 -0.0607331027801059 -0.0892243762481227 0.00768846877377498
0.0973877660979844 -0.0368089140807365 -0.106559446918385 -0.0462158885286112
0.130411615615347 0.0137575627537911 -0.104336448655419 -0.15172050888217
0.110750793745064 0.120589568192902 -0.00566265888818777 -0.200847350166675
0.00810499806290601 0.161324124862396 0.109807642622292 -0.182032058165063
-0.0852693532271513 0.100426744508403 0.126351261682182 -0.0725344523035881
-0.0954627248213468 0.0460898168350237 -0.0607520770906311 -0.0309360276370202
-0.119603870273005 0.0922960299192819 0.0339037476202843 0.00071256013043391
-0.0879417735118306 0.157010993843221 -0.138397858146593 -0.0869270487840602
-0.011470213803782 0.189616000054188 -0.234325590220815 -0.00521191790853574
0.0982113338060169 0.14782593992984 -0.172404443929712 0.101799327348859
0.138266945159627 0.0363442037759823 -0.0708784202204145 0.120815147200214
0.0957252453809678 -0.0203144702527787 0.00134975734374978 0.0713709988035278
0.086642454515278 -0.0406131141235261 0.0072733609009607 0.0145462729554066
0.0890432602495405 -0.0593804086556742 -0.0137388505681931 -0.00811782514539851
0.0972063399326751 -0.0602791533146111 -0.0432708322216824 -0.0179036508427802
0.107924782796358 -0.0283206610676652 -0.0390147050320172 -0.0805760568952596
0.13914553739598 0.0279814043696043 -0.00659671485763674 -0.17934146233647
0.1186802345869 0.142988325212274 0.114594302098972 -0.186397322313911
0.0112136163859193 0.192358551549973 0.215490584815147 -0.110881036839747
-0.0914136781387201 0.134441071311405 0.170294414673735 0.0110167203797673
-0.111575233068876 0.0712260420049659 -0.0395761448479615 -0.00548973899489294
-0.0993384974062086 0.0653529364185817 0.0414717736321658 0.0154494589632518
-0.0811790311785439 0.11276299997364 -0.148098471321352 0.0156304813585227
-0.0253038623415007 0.161572754366056 -0.157897281871799 0.135196399710081
0.0852871222901636 0.13839873061619 -0.0474369221041275 0.176122696502359
0.138055475450524 0.0390671580598658 0.0405483419442357 0.12443894874274
0.102957812205409 -0.0191052904731427 0.0747381683562178 0.0481345941986077
0.092495843101099 -0.0389895709609641 0.0537817786303177 -0.00802846957828928
0.089266593117823 -0.0528466458466791 0.0208234047813769 -0.0267943125924158
0.0913257441676418 -0.0487560777771811 0.00186253786395273 -0.0424660636915193
0.0977780011452917 -0.0142464551449448 0.0295676319389619 -0.102613506095581
0.121399157462843 0.0384434416853342 0.101520317749859 -0.170925792651628
0.102008946286457 0.148887553088437 0.231752563501423 -0.108111205667017
0.00284872150786512 0.202996369383418 0.28821468788311 0.0299133447129079
-0.0979320097529316 0.158419879587954 0.173047806463345 0.117833182402006
-0.120439910694509 0.0894810926747466 -0.0206599825067354 0.00949138138427029
-0.0734734189755991 0.039850810020928 0.0576501912268738 0.0374820760147478
-0.0682707720478206 0.0720745642469017 -0.11387527907866 0.0890658470024461
-0.0319222700541643 0.118669536425455 -0.0650027141857558 0.198819989725425
0.0593731357954684 0.108565834848094 0.0586247158911219 0.193347769520753
0.109929456597315 0.0340111396916859 0.133684563375884 0.107651054613736
0.0872610572655161 -0.013370785318759 0.14157730995736 0.0211097356267352
0.0811180730660142 -0.0283577055368879 0.0995068127483755 -0.0281214676371813
0.0754449748920027 -0.0370345551777188 0.0521889815898184 -0.0419016329420358
0.0719295805999385 -0.0308381572310985 0.0384145555120209 -0.0604460608442441
0.0723776234280827 -0.0012510456513722 0.0835753956275418 -0.10612733275264
0.0848333377735729 0.0395791983075963 0.184614541485827 -0.121304259767392
0.0651690865474741 0.132338725357008 0.29225765248786 0.0192257953986416
-0.0215934322376248 0.180535297309164 0.273302632577599 0.198852970886755
-0.106606770287434 0.151316705673127 0.123219135411166 0.20784897521745
-0.115318430595125 0.086978226386413 -0.000936283941732201 0.00781478024932475
-0.0403635487722743 0.0216176064293294 0.0743975941828861 0.0531559521018277
-0.0393366000126589 0.0366474048962831 -0.0728663934886628 0.120859659145018
-0.0274845534440658 0.0624548213718745 -0.00378615580238863 0.21216940104133
0.0255011464926214 0.0630866522655345 0.118891794885581 0.187548774208884
0.0604497765775208 0.0263037008484972 0.191873862254494 0.0922499549601765
0.0523293357550869 -0.00238997543623755 0.188432827313663 0.00195649313787287
0.0536883950750626 -0.00947266374350852 0.133923237138173 -0.0413865022335739
0.0489834691478094 -0.01473988427596 0.0752099908319053 -0.0517047634425311
0.0441647941338344 -0.0103688878006792 0.0633171297307955 -0.0713892009560514
0.0418884069783138 0.00651145902786661 0.11728470675327 -0.0973496175887279
0.0429736496730165 0.030036848356662 0.22671662193055 -0.0585773001379253
0.023689742676789 0.0898579236978344 0.281643684612117 0.137520427168005
-0.0411445956123773 0.112940304883144 0.189884810651012 0.321604330276849
-0.0927509408454592 0.0993073507590227 0.0574181967395326 0.249724588746466
-0.0833664850639805 0.0577767224482327 0.0213267403208365 -0.00584203102453121
-0.0113830102979472 -0.0122475749030115 -0.0206741498737661 0.0365028913697709
0.0199991954734844 -0.00918778095745551 0.00627110507407776 -0.233282842052577
0.0385043364051419 -0.0256011671460833 -0.127436350223294 -0.383848913163125
0.034057988450974 -0.0267066464767072 -0.276326281525756 -0.217328246986237
-0.000530203029981872 -0.0346420152666416 -0.248561874213639 0.017943980686625
-0.0228729867655569 -0.0172665134578095 -0.122144763044667 0.0951834894313262
-0.0233068566729952 -0.00359874596349257 -0.0657223688742562 0.0780988265426509
-0.0170767897087191 0.00294033219588619 -0.0721463217817215 0.0559778696236647
-0.0164847473669461 0.00433709022352601 -0.142899506336551 0.061066722838382
-0.0225650458665032 -0.0061995063669453 -0.196001350257175 0.0328406980657608
-0.0111378069746121 -0.0114871373638693 -0.219160474499588 -0.0637398286889745
0.00762919811940213 -0.00654327447893181 -0.14678623608121 -0.163523493700797
0.00959124422816171 -0.00506432921038788 -0.0345690645963649 -0.202139455630908
0.0132689378040831 0.00197194637986414 0.0370112182639422 -0.150454963824398
0.00122434690439057 0.00756494125658313 -0.0914332086990335 -0.074376395621707
-0.0746903165839214 0.0504190882465615 -0.00428694366254809 0.0371057945077912
-0.0543609751492139 0.0898781370712477 0.0233473494421798 -0.224106998792963
0.0145214182859866 0.0842482304992618 -0.114981842246697 -0.382742191177296
0.0587688215760885 0.0448727265567887 -0.267681247443446 -0.219538263618835
0.0424419017127456 -0.0182529182159778 -0.248837725828566 0.0128329658966813
0.00603660821097258 -0.0213221559587341 -0.12371104936181 0.0921133999990608
0.00555457436791319 -0.0182526424460028 -0.0678025940578911 0.07187613950831
0.0150876117690959 -0.0252266359894902 -0.0740348954245986 0.0492878534933636
0.0228526243574482 -0.0287370769976956 -0.140675246343966 0.0575199667144613
0.0240182508791317 -0.0257422537042186 -0.190498838039014 0.0259342503652892
0.0464611602901 -0.0102069188539732 -0.214383491869911 -0.0709860347125752
0.0529161543898612 0.0381410971772037 -0.139771169914864 -0.161848892414819
0.0100412851048947 0.0579518038946984 -0.0293457469736317 -0.198194632420506
-0.0279585649618239 0.0369796830563914 0.0363373182712528 -0.142608305060889
-0.036532141423671 0.0186236939232059 -0.0965318878672686 -0.0674979673949555
-0.116450110991943 0.0977749245869534 0.017142787032957 0.0206023289494829
-0.0929140006915526 0.168663406121565 -0.0101099583278207 -0.215573475441319
0.00487644377202779 0.167334699743639 -0.17949547567887 -0.3204790491485
0.0865485246216631 0.0993043424249699 -0.284140057545565 -0.147492835316483
0.0826549335992182 -0.000535495979067022 -0.227492194876584 0.0446444728263378
0.0382150524601924 -0.0231858619964993 -0.102225453500511 0.0903080944842654
0.0364262951688315 -0.030267342771541 -0.0554485477388365 0.0591058493793331
0.046260739195654 -0.0480872966371831 -0.0645599662003904 0.0350556471064165
0.0585978032118298 -0.0550249957924066 -0.121314500689296 0.0405050833664909
0.065591137330543 -0.0397162895267344 -0.160274416298039 0.000414719930969878
0.0979982672718342 -0.00572703659774574 -0.181982168497331 -0.100619449725698
0.0940107341789946 0.0794625801955395 -0.0986609953950512 -0.180866013928396
0.0138575961761367 0.117196337694202 0.015192444820214 -0.202219508993665
-0.0610574499729802 0.0733531702735388 0.0678713238238272 -0.123312732244254
-0.0703457448875752 0.0334759097227071 -0.0853291328429042 -0.0492616177526849
-0.125687715398356 0.114742923721558 0.0306204968764705 0.000419535627807298
-0.0883111278220965 0.191489361620244 -0.0815373332594948 -0.174036810864779
0.00901712168234702 0.200545430161153 -0.245226718746268 -0.175715135134544
0.106354906501806 0.131770613756396 -0.262033288185763 -0.0164915486085378
0.11807066991336 0.0155025729526914 -0.166855401560382 0.0938499076465517
0.0702518443186357 -0.0240258005933587 -0.0592273564530446 0.0864817588573394
0.0650526870690326 -0.0405601690589598 -0.0304581264959163 0.0398560101602313
0.0706674215198943 -0.0632026316344344 -0.0441131926608697 0.0156356885748932
0.0830864405211816 -0.0686752508623295 -0.086371433072861 0.0150866393568407
0.0957596781275253 -0.0427796181676335 -0.108803386692623 -0.038088146624099
0.132981629815188 0.00334467763318258 -0.11652878941163 -0.143830317479898
0.122681617931599 0.113178417368859 -0.0159101021517079 -0.202528401125183
0.0204567581804591 0.164279720861397 0.100588636549982 -0.190020180451969
-0.0786847409395083 0.109240173315813 0.12138443140222 -0.0788591387718295
-0.095097084103013 0.0541048603442814 -0.0639867581716129 -0.0243968998963914
-0.114722503597866 0.102566028972062 0.0357597091729804 -0.00397436179839088
-0.0769076728033929 0.164471000732266 -0.141509099323982 -0.0823334727600803
0.00283515915099965 0.193689084663146 -0.234943095246099 0.00686496849687462
0.110173511930051 0.143017868330631 -0.168137539818151 0.111780625253709
0.140952055400972 0.0253162224072879 -0.0653273489644732 0.125424016872595
0.0958854159699515 -0.025762960653226 0.00472271506843594 0.0700519957798177
0.0848000214159185 -0.0469940574374194 0.00654357228408744 0.0149703126580406
0.0846651496791714 -0.0678915757981436 -0.0147285744624162 -0.00608880145133632
0.0930957543995946 -0.0685113723072856 -0.0422525294897753 -0.0146575739408693
0.106765863131236 -0.0349593365663499 -0.0433145227050651 -0.0780829272317153
0.142461544025661 0.0173351185034665 -0.0190431072264951 -0.178553390679721
0.131681202133888 0.135310744396555 0.105548565073159 -0.194454033394081
0.0253346670338236 0.19549626254597 0.210728948714363 -0.123997277108561
-0.0830746485820145 0.143048992366965 0.169767132699035 0.00351777246899477
-0.109627477665761 0.0801228612209603 -0.040692295146918 0.000259917691747241
-0.0957790423513274 0.074231413358627 0.0442994043876327 0.0099385456576919
-0.0725795999605093 0.119949583937489 -0.146956260979874 0.0219252271776229
-0.0121211645570748 0.165789148648957 -0.150995375792516 0.145010038641052
0.0963528674553734 0.135145189345182 -0.037452001675191 0.179631755198055
0.141247311939508 0.0275914977417006 0.0473525693542443 0.121993356019941
0.10319750420003 -0.0258674773853735 0.0770255600642916 0.0410057665607021
0.0911232248942052 -0.0461187171291131 0.0516695500008875 -0.0119190247590873
0.0854220133369601 -0.0615771662045845 0.0178865332608104 -0.0275501427614083
0.0879136774640712 -0.0559014372242893 0.00120697676319572 -0.0429536460220942
0.0973073722343631 -0.0203017238197376 0.0230377673988725 -0.105485857728266
0.124476751962344 0.0297970989083675 0.0897667021789992 -0.176737460438476
0.114777184327928 0.142224041515652 0.228049020452787 -0.122664251503496
0.0165320518237546 0.206214125212725 0.291917825705018 0.0145542874896864
-0.0884029834436069 0.16731578879461 0.17815000017569 0.111628916294122
-0.117092858068486 0.0986473038282177 -0.0211545122287922 0.014408474767549
-0.0711786186081008 0.0466989448212144 0.0610717160079979 0.0310199282471243
-0.0622738096390218 0.0776476069218828 -0.109041464657434 0.0940415659260203
-0.0226784982382088 0.121800029974562 -0.0546332362025338 0.204190883525493
0.0683488776870879 0.10555255088098 0.0703918253919066 0.190851777988608
0.113305294651284 0.025156523214375 0.141270024081039 0.0984108231852804
0.0873356367325424 -0.0196143647493917 0.142714345601084 0.00913786870458484
0.0801706963590691 -0.0345219603967407 0.095911567821322 -0.0365631263793919
0.0730346442980218 -0.0442308929736828 0.0482527044668632 -0.0456421407498776
0.0699235913096261 -0.0361520733512926 0.0360738240187935 -0.0636553164963191
0.0726326467699192 -0.00579625270670067 0.0767169574806893 -0.112697586836339
0.0874874804420312 0.03374140869041 0.1757449526652 -0.132472226457673
0.0757068202910026 0.128232252322946 0.295016242384336 0.00259699486002056
-0.0101784758713904 0.184027755614862 0.286920204228519 0.186316897236221
-0.097109349098225 0.160391494830195 0.133117784782584 0.205426657917765
-0.111422355452606 0.0958548046124411 -0.00134173572900436 0.0114321436651664
-0.0388204683961194 0.0256296734281118 0.0785453270564434 0.0451632967881879
-0.0355424413004269 0.0391948717660098 -0.0668287736854738 0.123854731051055
-0.0228362002130998 0.0649091764367389 0.0074525121576262 0.214131691731245
0.0307640252942695 0.0622911281887768 0.131704218200982 0.181073004492188
0.0630708439394533 0.0210165966247613 0.200822540894258 0.0785761496436942
0.0524419267794616 -0.00603192023244587 0.188996727525198 -0.0137000102034417
0.0541784674180964 -0.0140176068049487 0.129519397998171 -0.0528617558499143
0.0488884841276799 -0.0189134585658643 0.0706791317209749 -0.0577420289406211
0.0437099951193281 -0.0131835823869251 0.0595596591838577 -0.0759677038148516
0.0421095274329369 0.00398739614760892 0.110700360273494 -0.106561307070786
0.0445827853023825 0.0271631831261104 0.221746041348192 -0.0728172124326923
0.0305983511409798 0.0881748928176085 0.290412837567516 0.121745948618945
-0.034751738214869 0.117018454701587 0.209278481423987 0.314499175633886
-0.0866211155663915 0.106324621780133 0.0680223652994268 0.251244052964056
-0.080237991537223 0.0638614765589711 0.019859122590509 -0.00422862706501452
-0.0139491238131393 -0.00615439648865239 -0.00430104923217602 0.0386689759854317
0.0146321976489361 -0.0160165329339376 -0.0710449896730311 -0.220452362276919
0.0231583373730936 -0.0363363032600668 -0.245857757535843 -0.31062213206394
0.0188948585937623 -0.038860367480607 -0.328337247861315 -0.10552778967634
-0.0154985875580826 -0.0308550143859657 -0.219816135237024 0.101403261698174
-0.0273356745877002 -0.00536695475750892 -0.0775730735725855 0.128806923724033
-0.0231720470358077 0.00609708030156976 -0.0297990630952703 0.0948081009249149
-0.0145116022519106 0.00879628911632847 -0.0434145807697685 0.0753993877453673
-0.0131848264899764 0.00982686488484115 -0.105056922401157 0.106597013838552
-0.0219269311086211 0.00379741376003304 -0.164440563976593 0.0986761655557012
-0.014164970136047 -0.00719008729616456 -0.220235422912194 0.0202443611893318
0.00550610826953001 -0.00979245963897015 -0.189654507240172 -0.100924804691903
0.00617074201897556 -0.00681183308748249 -0.0990104179749864 -0.175873771196914
0.0122028776693265 -0.00124660893700027 -0.016112164114547 -0.150695620156874
0.00445236581801733 0.00730867529830633 -0.106597444915285 -0.0361301708991695
-0.050204471595426 0.0752996713809813 0.0100985421213972 0.0294510948737723
-0.017689786268225 0.10281541710106 -0.0538573289683898 -0.22491215107571
0.0421555674501055 0.0722365756396435 -0.23992786372882 -0.318148486523168
0.0694226699517171 0.0181341889728364 -0.325864851576101 -0.110374059426668
0.0284079172930808 -0.0310247234950595 -0.223415979174241 0.0986295733721551
-0.00216406307109752 -0.0185941702332502 -0.0794367181928346 0.126917282762164
-0.0013165208852818 -0.0171914701089407 -0.0340529495477704 0.0915525769109295
0.00413315713766227 -0.0277235962863077 -0.0474261249523435 0.071909418906518
0.01074647677043 -0.034482964299613 -0.103958141618319 0.102608445435538
0.0135324315826972 -0.0304807392733766 -0.1622254960856 0.0914801533892178
0.0386818261072912 -0.0267422288456884 -0.220386308059414 0.0134282812570683
0.0632576112318473 0.0146444319629656 -0.183023375026405 -0.102871456629952
0.0294648112424515 0.0507447852846136 -0.0919241019970465 -0.175073242004673
-0.0127109274183399 0.0458451607978126 -0.0122158623471876 -0.142449362418278
-0.027277770072566 0.0308981201152311 -0.108389043986829 -0.0265656862956996
-0.0719912962619132 0.135070955099508 0.023415163462027 0.00429128264566423
-0.0229154600365712 0.189779876597482 -0.0848859652570899 -0.208738545573066
0.0654697991539675 0.152187511020493 -0.283123550833746 -0.240368916431214
0.114930340572218 0.05736004977337 -0.319482377362551 -0.0374109824369177
0.0712098647592744 -0.0290613913112373 -0.195459851525119 0.122398238115223
0.0265583757179636 -0.0320295446422498 -0.0622276023709782 0.119762978144176
0.023348643593495 -0.0401690337877679 -0.0292423897983497 0.076365091058221
0.0236352238646366 -0.0596672578266635 -0.0439000866468268 0.0571263241950107
0.0334135346408668 -0.0708172804815393 -0.0924122683531959 0.0806037097201704
0.0470038723537079 -0.0578440162129115 -0.14416040824995 0.0575527190392782
0.0864451081418441 -0.0414804181666419 -0.20135542523071 -0.0240916212180194
0.115686762047303 0.0375095734486151 -0.152701764803342 -0.133961166672681
0.0541650811447657 0.10338105110179 -0.0521406959751338 -0.194466562287355
-0.0300919912897674 0.0909514360020492 0.0236405154209893 -0.134082239858399
-0.0544615191232228 0.0564829767849676 -0.0908155590746605 -0.0131227869587479
-0.0742383298386142 0.154886585064706 0.0287599505911512 -0.0197863808082593
-0.010569626178676 0.209508192275674 -0.138519100069921 -0.14629899000119
0.0822170578118961 0.181786747305937 -0.297789689200521 -0.0849426669423374
0.146275701882182 0.0798999477896398 -0.258223027205819 0.0765825959644604
0.109837558622801 -0.0274961629022106 -0.124922065785238 0.147948603678134
0.056024159770992 -0.0450779954028229 -0.0254476359244116 0.10104570526067
0.0462282062239226 -0.0606673431997159 -0.0148932330765611 0.0506611698514818
0.0402378590372445 -0.0817837464885693 -0.0325571557063399 0.0333697453301072
0.0506352755257867 -0.0923974562041266 -0.0697411731375196 0.0452006760509508
0.0727497418666513 -0.0715571898851451 -0.111539330734221 0.00473649808846544
0.122186063724406 -0.0449651046147476 -0.157560452923158 -0.0852697045246269
0.154002774496769 0.0598811001351398 -0.0847438061241966 -0.182593790782199
0.0767998977560457 0.144561249072003 0.03036621943034 -0.212209275912254
-0.0340779939837513 0.129818913012443 0.0880364698151393 -0.109941229135257
-0.0704044360781275 0.0844305862395576 -0.0621879119647479 0.0027138377529805
-0.068653255233342 0.139488660834684 0.031720700803267 -0.0246090768558447
-0.00947076029442346 0.181208284310904 -0.162136764617367 -0.0395958302574499
0.076051354368627 0.178651490811709 -0.22632417051643 0.0815102047806425
0.155572650509566 0.0891221816438246 -0.128640877318785 0.163319663968023
0.136014502382222 -0.0264925343254314 -0.0224568208197626 0.143062946154015
0.0786448688924931 -0.0555307077164771 0.0269982578021216 0.0650244470253694
0.0628624332987686 -0.074455312255523 0.00861993195384209 0.0145032333719177
0.0511192213945572 -0.0912055105448022 -0.014474275476451 0.00327578849477835
0.0596358069909362 -0.0953012720458545 -0.040679927633739 0.00204993996209848
0.0855149024941429 -0.0679221623965714 -0.0662282285785579 -0.0550146017551431
0.135398854106401 -0.035067742906376 -0.0813275736393866 -0.150542613230147
0.169077640850864 0.0771864745191791 0.0292232266681235 -0.215519474933186
0.0909883911390135 0.170862073536532 0.153561064285444 -0.188468880129579
-0.0266361688318619 0.162022404295014 0.159785972248516 -0.0497749341208851
-0.0761387610267831 0.113055217200267 -0.0321234174188441 0.0175111056879529
-0.0607595075353759 0.106124893330065 0.0440354971866562 -0.0135514358077127
-0.0212900216096755 0.138784754033044 -0.130902948443676 0.0608821003328403
0.0523103042212802 0.158350980558925 -0.100206023835878 0.179934752168191
0.140375651152788 0.0871874824801901 0.0165242194214252 0.181353126631102
0.138200040113616 -0.0253428645394085 0.0804407277027673 0.10118065256438
0.0858060940719376 -0.0590565571208208 0.082251082662966 0.0128708264654044
0.0689805878701176 -0.0760462725424568 0.039011987604599 -0.0267731065592833
0.0545762952410834 -0.0863836588561378 0.00707956604308227 -0.0277489717063253
0.0592558470034681 -0.0823512167502855 -0.0117029016790519 -0.0391269337880441
0.0817149255494173 -0.0515520150866504 -0.0153654021609351 -0.102511362807311
0.123169014166446 -0.0167804527589204 0.0177204961467752 -0.186611275140253
0.154894485808183 0.0901283221384399 0.165098740869909 -0.189925041332291
0.0858118973738452 0.182944955810845 0.274294655008823 -0.0871757531439789
-0.023332883939399 0.183606189413515 0.202966765888601 0.0476960933957014
-0.0765910400174957 0.132310542124722 -0.00921490479665628 0.024126336031119
-0.0475880789839051 0.0708542998028017 0.066271986438509 0.00111501968229993
-0.0266074998436532 0.0960570567739571 -0.0713698463261421 0.117041953485813
0.0272803612799955 0.121536198990145 0.0111938827918853 0.203224022562651
0.104354328642412 0.0709180707810401 0.122688496046065 0.153587699433096
0.112755711946354 -0.0182661435996089 0.159205931005336 0.0454835612249247
0.0742603385573688 -0.0484277759065085 0.131351687189418 -0.0405100355069884
0.063164469349018 -0.0622122774604098 0.0699588003287184 -0.0656893732076851
0.0499829089238989 -0.0667564387150071 0.0269304429906531 -0.0559305526112272
0.0498717888223075 -0.0571753079012397 0.0120548782733728 -0.0705500188536793
0.0642302834018349 -0.0299269118791273 0.0301241672453064 -0.127747077520514
0.0907195236059928 0.000326212885450499 0.110651345873996 -0.177296076997108
0.113766352372991 0.0900644390503874 0.267213808049666 -0.0966888120853101
0.0540181329582201 0.171453603006431 0.327295200482245 0.0730268919834376
-0.0335731203304263 0.17927356006128 0.19152778109297 0.14930524761349
-0.0721045833106683 0.126872692783078 0.00700417775984406 0.0152884694312885
-0.0253994976054567 0.0387199956638591 0.087275809199173 0.00980533800297261
-0.0165225892151579 0.0500392286661293 -0.0224009347793634 0.133587294777121
0.00474191182547492 0.0684672748341025 0.0752725471010576 0.193588649605057
0.0527534618588134 0.0453078812608083 0.179902660122295 0.122974939989177
0.0661112906035552 -0.0043229584388098 0.209362701290393 0.00370119421550111
0.0478587982137635 -0.0237799633072405 0.165750476793876 -0.0801652166031769
0.0465012907972926 -0.0342399794175726 0.0941386510532667 -0.0944746357497839
0.0378903590805074 -0.0357528637465359 0.0414154479828432 -0.0756571059343803
0.0347452244166628 -0.0270537999938031 0.0281909998385752 -0.0899719354620212
0.0392850732106737 -0.0108467988247184 0.0627423127813645 -0.133802477856593
0.0495222371914029 0.00964826271331955 0.172141216083548 -0.139810823101176
0.0583298393792605 0.0690829632075741 0.302603324547801 0.0138043190925412
0.00823023974589352 0.11834610456671 0.299241769964119 0.217903278738025
-0.0422611464815501 0.125169969275166 0.145556721858259 0.213457344623476
-0.053715054554838 0.0863763143089293 0.0196958196371308 -0.0058573012634042
-0.0131839414680599 -0.00528719995401537 -0.00206082404971553 0.0353509253580995
0.0157920475652778 -0.0154174626155527 -0.072415210850192 -0.218945723782542
0.0225548432646898 -0.0349700611402751 -0.247574527843125 -0.30197542795866
0.0173013725834542 -0.0390041800000467 -0.323676266621176 -0.097179177096994
-0.0161798696251418 -0.0302828771027964 -0.211190826482377 0.104406048951583
-0.0258778246899034 -0.00329407984875309 -0.073053897513352 0.127443957030415
-0.0220857043471952 0.00785461510291698 -0.0258323079144878 0.0929981642659779
-0.0142447514654757 0.00938491458508825 -0.039460904288816 0.0740076540700277
-0.0120196360064474 0.0102000878993452 -0.0958096111596077 0.10834752916111
-0.021085976523212 0.00539248584782814 -0.155452855666744 0.103620361344903
-0.0146848790775481 -0.00650688964154992 -0.215483256987241 0.0280909056805028
0.0053986870441136 -0.0112422353263188 -0.189672195631182 -0.095039062200369
0.00567428296458554 -0.00569792756727324 -0.100762603328495 -0.172757178075301
0.0115694302719017 -0.0017008678295506 -0.018919292530908 -0.14639816494748
0.00476282198462592 0.00739836998990429 -0.105263741326159 -0.0305767000649929
-0.0464374152828014 0.0753332483109442 0.0117479501986169 0.0254077417481487
-0.0139796260074155 0.100911584470908 -0.0557437842820099 -0.224249721277121
0.0441935469934424 0.0699313797329452 -0.241410552233627 -0.309479719508067
0.0694498189137212 0.015555949239591 -0.320691990824816 -0.101433578233143
0.0259408542882795 -0.0313958646512691 -0.215663155669736 0.101321417364485
-0.00107082752799814 -0.0170790491499046 -0.0752550661201819 0.125508265279844
-0.00123054612021868 -0.0159105311804088 -0.0295358892370452 0.0906788390016363
0.00221021943510461 -0.0270264642664897 -0.042569825007308 0.0719630563021815
0.00930651356917118 -0.0345775403107751 -0.0953222577524981 0.104299214788566
0.0126129907519837 -0.0293150276759461 -0.152576782064568 0.0964069656166095
0.0361491432207143 -0.0280965371135182 -0.214894582348833 0.0224175255501968
0.0630563445055524 0.0108440087804927 -0.182700193609863 -0.0975814890263025
0.0316998166458653 0.0497893960685241 -0.0931327142722984 -0.172544517913897
-0.0113079241096382 0.0459908196255301 -0.0147795613695862 -0.138031984194837
-0.0259025087523196 0.0326626949812859 -0.106797526171204 -0.0205951199673009
-0.0664542506962999 0.135217424238428 0.0251261355448542 0.000482787400285344
-0.0173407214102065 0.185406565290854 -0.0849064609174162 -0.207458375778056
0.0697763713377549 0.14728264124574 -0.281649105163707 -0.233012941799661
0.114689260193223 0.052490785021482 -0.313667869646074 -0.0306803353530257
0.0676003706640774 -0.0309641097828665 -0.188614443009305 0.124781816661302
0.026302385614807 -0.0315328915322606 -0.0587648546532536 0.117811844037196
0.0226003659209058 -0.0398534058098465 -0.0250093661608303 0.0757199453555771
0.020037852239045 -0.0593865756807649 -0.0397761762958713 0.0574254516277995
0.0292869143364439 -0.0718467672804514 -0.0848785463480259 0.0821604213199302
0.0447275592314034 -0.0578587742313916 -0.13653299285925 0.0617315990532314
0.0829553296731689 -0.0439369410128744 -0.197017090932878 -0.0151727793732209
0.115920236944317 0.0318402500289748 -0.153261297583006 -0.128709116539493
0.0580501516319315 0.100773320270017 -0.0552199357715864 -0.191507899066377
-0.0263711337867087 0.0914780025665834 0.0213295792817055 -0.129934913928122
-0.0518902658977775 0.0588773901962341 -0.0890857313636934 -0.00774298998548613
-0.0682089082267703 0.154445378744509 0.0289378177531208 -0.0231251771048586
-0.00434077360503918 0.204300738272145 -0.13613951535575 -0.144861255940587
0.087506424478308 0.175407698670445 -0.293345628003108 -0.0802366581002384
0.14655442451681 0.0744254599225761 -0.251538989403005 0.0796251681033294
0.10505269890921 -0.0302699916302245 -0.120454883110469 0.148484296224209
0.0545592442867977 -0.0453929740068954 -0.0239407441255761 0.0994347741107158
0.0444778147768286 -0.06114873266268 -0.01252294737508 0.0501751098055166
0.0354877471045374 -0.0820979838081987 -0.0296820247903961 0.0336951462299656
0.0455414944684722 -0.0932814694716798 -0.0644705827514988 0.0458266222207925
0.0702247767875042 -0.0723051031822294 -0.106369098441479 0.00816964159510281
0.11798222010817 -0.0486058271600733 -0.155417993884644 -0.0773248903041016
0.154586262840116 0.0521498003217891 -0.0871263490536793 -0.177672875991481
0.081561648769394 0.140672618252894 0.0255941850399309 -0.209898705629017
-0.0289246909193307 0.129899461909424 0.0845960441091542 -0.107170107994299
-0.067275062235587 0.0872175627396033 -0.0602675672303788 0.00697261534617949
-0.0627592272601866 0.139773616540489 0.0315054753068118 -0.0278400265910915
-0.00357714705258301 0.177944377993808 -0.15832324032352 -0.0394687331077718
0.0812996303535362 0.172467311010737 -0.220714466424983 0.0816025673063436
0.156831151362781 0.083979071130909 -0.123322187865178 0.161693156767263
0.1311943762895 -0.0305591879276674 -0.0210634590419731 0.141662422684166
0.0765350733328586 -0.0575168893733802 0.0254847405748591 0.0624413549079743
0.0598798441284124 -0.0756776996553565 0.00893848294048123 0.0144884668753883
0.0455605353883092 -0.092164569711944 -0.0130099056837608 0.00431619650377723
0.0544053978836436 -0.0964553229350167 -0.0382888297249353 0.00236350112180443
0.0824071539363524 -0.0689056741863097 -0.0648376488826683 -0.0515447026085103
0.131081963712468 -0.0388955241250819 -0.082651488353995 -0.143019973722953
0.169342428021303 0.0693634620755425 0.0239299617698153 -0.211965648407311
0.0966055456153136 0.166740636566789 0.147213974221759 -0.187608690761588
-0.0215050870952908 0.160591976656831 0.156096143287428 -0.0490493572330141
-0.0724316349403446 0.115210505904312 -0.0305937786030309 0.0209871709948665
-0.0556601283080411 0.106741254806836 0.0432196465252046 -0.0171606251427676
-0.0161954947281466 0.136249795993913 -0.126338511578154 0.0597496943684189
0.0576061751242623 0.153375657344852 -0.0953821130011603 0.177649307577956
0.142120820630149 0.0817814147568352 0.0186265782414588 0.176931697383201
0.134072980797977 -0.0297415251949709 0.0785214120285874 0.097253737499915
0.0834037189381558 -0.0608319475758882 0.0781009915358011 0.0093215221241687
0.065853995947212 -0.0778151121284208 0.0365040871570423 -0.0265302561464113
0.0493179372572338 -0.0871798693291546 0.00657222577810139 -0.0267022256435991
0.0544897760516339 -0.0830702577478801 -0.0119501678350299 -0.0389744710810499
0.0790337298202898 -0.0525212709003691 -0.0174440749068804 -0.100091734280004
0.119212754087937 -0.0204669496212421 0.0127173011152586 -0.181069541053802
0.154750427167426 0.0828506128208742 0.157973509428387 -0.18926328964606
0.0910590521179476 0.178276790728678 0.267262563546724 -0.0897419389291293
-0.0179235873079836 0.181441618078161 0.199874661875304 0.0466075157247145
-0.0722153150022828 0.133365364730829 -0.00790469049195981 0.0266279374810895
-0.0435047671297907 0.0718929741023722 0.0647146031688476 -0.00286184007164726
-0.0224173463886068 0.0937956424201771 -0.0675823161964265 0.115127872646083
0.0309841231610114 0.118159536468189 0.0141176949726007 0.199207642915105
0.106022252958645 0.0667913805513438 0.122275713509957 0.147277594692937
0.108919249688104 -0.0219949367389671 0.156040190089891 0.0393420177731368
0.0720328369979723 -0.0500843158614887 0.12496275321888 -0.045301700979084
0.0601497286914988 -0.0642920204213304 0.0651897681112563 -0.0661270233130034
0.0458201978959574 -0.0678978007891825 0.0245430105729015 -0.0544432450988836
0.0463490791708715 -0.0579935057378237 0.0098224180830572 -0.0701067205188963
0.0618975493272451 -0.030578828356751 0.0254745900869748 -0.125982511453226
0.0879210809514208 -0.0023941552965877 0.103200318331366 -0.1738933677077
0.114020894695655 0.0841371800518665 0.259507127633766 -0.0991938274027312
0.058227915166444 0.167727465346269 0.322711773456704 0.0669981060038842
-0.028502855696357 0.175822799005644 0.189643265940811 0.147232701220939
-0.0680804454068696 0.127205448497648 0.00745801377411964 0.0179505817274251
-0.0229369766513624 0.0391865069604286 0.0844511131230451 0.00496308028636188
-0.0139624587119893 0.0484577163716527 -0.0204438479273201 0.130876817420959
0.00687303209039378 0.0669103932073887 0.0767904964967311 0.188975723936102
0.0532382852587439 0.043173405532789 0.178484450339294 0.115916105288541
0.0639146696459057 -0.00637208248201971 0.204619694840551 -0.00348527667182292
0.0464149710279649 -0.0251673604271053 0.158406183694218 -0.0857697429339572
0.0448578637290857 -0.0360571654756683 0.0870520970407957 -0.0956474414460417
0.0356156998992953 -0.0373292354509433 0.0376873378556982 -0.0740720514826588
0.033279361957134 -0.0276920528145815 0.0241624264705992 -0.0891057663710476
0.0384257047675771 -0.0110938025236066 0.0559501876424089 -0.132506220323253
0.0481589343734335 0.00859315222687933 0.162860207819454 -0.139408707838869
0.0595209961696488 0.0650961008293743 0.294764753934554 0.00872316873404849
0.0113809077650081 0.11673085157608 0.298044441517659 0.209603643336539
-0.037827266127789 0.123192198887706 0.145098836108234 0.210657198050958
-0.0512999900896148 0.0862537599865384 0.0189780521107669 -0.00283899064464952
-0.0125752300075925 -0.00422680068000686 -0.000245270907368165 0.032778246857305
0.0173553348732488 -0.0162439704988173 -0.0737202175080535 -0.223452579314293
0.0230797980039777 -0.0345914886983004 -0.251994895934781 -0.301875242541425
0.0164506491365924 -0.0400399267709856 -0.325199106844674 -0.0929715461315977
-0.0174754249697382 -0.0300360653122462 -0.208171927908214 0.107296506147412
-0.0247760833864418 -0.00196344269903194 -0.0712696856322187 0.128545330802203
-0.0210266927498771 0.00931207574076616 -0.0231699983613881 0.0931950722630663
-0.01445765993292 0.0100007828742313 -0.037133727206671 0.074344160017932
-0.0114805805483677 0.0102582872191827 -0.0893273755872614 0.110973365127077
-0.0209041754074606 0.00653563181333501 -0.14993753217636 0.108783729543565
-0.0154240051976546 -0.00624744984292328 -0.214791273473969 0.0349757606855489
0.00508008923054627 -0.0128650076326575 -0.192762353449846 -0.0924875664308192
0.00611094621647569 -0.00491698643456397 -0.103318735929341 -0.174130974026705
0.010986864600968 -0.00207949051793632 -0.0206136242226232 -0.14530259972451
0.00490661267138512 0.00801719637537974 -0.10532775633751 -0.025975962515864
-0.0450105384010727 0.0766240433798848 0.0135199699892751 0.0222117830229403
-0.0112276008303469 0.101113407900224 -0.0583133786777256 -0.229399056162671
0.0463911591218448 0.0686688359522466 -0.246407340287148 -0.310915497836169
0.0708187741994253 0.01303566274876 -0.321872449215538 -0.0980188868611815
0.0239405609202075 -0.0317787076725523 -0.213503175895799 0.105870455998497
-0.00010229507729705 -0.0167817322488893 -0.0738142889268673 0.12643864663327
-0.00050565645747485 -0.0155679026511375 -0.0261705433999621 0.0908093498655465
0.000942231651975906 -0.0270521135917131 -0.0396519733699478 0.0725408163929068
0.00799179714283595 -0.0358306182176078 -0.0896268461764547 0.106490031422742
0.0128372071398022 -0.0292933364411539 -0.147109824027096 0.101216819479454
0.0349696484918017 -0.0291727250226438 -0.213585845518676 0.0293784704400756
0.063805041992383 0.00747078915174108 -0.185665569480328 -0.095117635314168
0.034203803273142 0.0501382319562057 -0.0961498377001258 -0.173153277560275
-0.010268036835753 0.0473083453454865 -0.015778620333754 -0.136664285496978
-0.0252253146015342 0.0346730761303377 -0.106809519047487 -0.0156639614700091
-0.0638876404010379 0.137179575047307 0.0264019304396111 -0.00366923640668032
-0.0131089810960911 0.184935693462729 -0.0861989827768261 -0.212231350450414
0.0734857431284002 0.145501197098911 -0.284818873524051 -0.233006807221323
0.116432304252052 0.0503559058617081 -0.314351576682262 -0.0271468208564613
0.0651642277931734 -0.032513906177673 -0.186712937724951 0.129333847233192
0.026515253412197 -0.0325006133100968 -0.0583092011662156 0.119391074849714
0.0228937152184014 -0.0406339171932738 -0.0230472844645719 0.075515928282921
0.0175063355454891 -0.0598131640178539 -0.0368274722764569 0.0582156888121909
0.0266807111674647 -0.0735730190748475 -0.0803969417046101 0.0843982168973471
0.0445994262631336 -0.0592624153812593 -0.132678348192709 0.065695810804936
0.0817155318903925 -0.0467240190663 -0.196243068877171 -0.00924495718468279
0.11768879164699 0.0275913309995468 -0.156253352927144 -0.127019510007767
0.0624726688838266 0.100911719664703 -0.0577280685451102 -0.192208313247457
-0.0238740344795907 0.0939076750942663 0.0205984680627647 -0.129341815573497
-0.0507934860912291 0.0628841519986649 -0.0884411014099211 -0.00316052988138545
-0.0650516368980461 0.157361785732423 0.0303956809855673 -0.0273720367057238
-0.00070643025294616 0.20439249188204 -0.13717736529573 -0.148414167356844
0.0922613530440824 0.173879741206281 -0.295555630941739 -0.0800239404605204
0.149671060270451 0.0718209629459492 -0.251176093907133 0.0826078954255949
0.103312360892829 -0.0327634805606122 -0.118794313053318 0.152735219509603
0.0541904809233015 -0.046962495151744 -0.023946450088865 0.100237479029548
0.044088404144012 -0.0632192345137998 -0.0112603962328729 0.0501898229743531
0.0320107099995483 -0.0838861977919168 -0.0274837232204465 0.0349381097061893
0.0417329770273096 -0.0955706871003392 -0.0611327494452219 0.0472817272790472
0.0693921059944224 -0.0740998926037694 -0.104089647861222 0.0108411502564325
0.116294112196783 -0.0521345830512581 -0.155313858953949 -0.0720670357806184
0.156967056531756 0.0476887763542986 -0.0901154207077779 -0.176805246608397
0.0877640634494067 0.14092503581025 0.0232651771730041 -0.21113408754146
-0.0257207449719922 0.13272029289493 0.0846118200198667 -0.106264903884694
-0.065579402260384 0.091590432723706 -0.0594730791161797 0.0108425905613928
-0.0591138237299877 0.142480462570043 0.0321737944923457 -0.0317516666370564
-0.000761005952992945 0.17756126142788 -0.157975903850597 -0.0412619192988647
0.0861347716291017 0.171376936797833 -0.220967769983116 0.0821192578229885
0.161188231332917 0.0814448336281242 -0.122386726430472 0.163152793975299
0.129919138626283 -0.0333697329593062 -0.0200951425099647 0.143503134103267
0.0758894650870218 -0.0594023970250593 0.0242534855295195 0.0619082012589982
0.0589382983006572 -0.0785431962709828 0.00918496875399924 0.0145173060577816
0.041608713677854 -0.0939625096931706 -0.0114085789108721 0.00540560494440994
0.0500937679984947 -0.0988093158369256 -0.0365634808867794 0.00258226979386312
0.0819712873654305 -0.0711057352101618 -0.0644216150468581 -0.0504566323035245
0.129941106469338 -0.0422985385115711 -0.0837538478619923 -0.13975136434317
0.172304220475054 0.0655526875342587 0.0213427999980989 -0.212927394063817
0.102525265997798 0.166523704880799 0.145161043169499 -0.18918450357218
-0.0180726705477478 0.162914274600927 0.156557119404454 -0.0475614869547347
-0.0701916332340514 0.119455044580133 -0.0291835211456154 0.024129050258304
-0.0523324813499683 0.109154354146983 0.0436392356459082 -0.0207858357522706
-0.0131966707123536 0.136135667710084 -0.125117214797779 0.0587170174794057
0.0625975915268579 0.15282085952779 -0.0945301977063443 0.177347583598511
0.146790376280569 0.0795973230334717 0.0199271627337145 0.176273662282674
0.132731611253944 -0.0329238966501399 0.0784890570277752 0.0971182367455179
0.0831368605963029 -0.0637035113776881 0.0758121184683888 0.00731428828547039
0.064637352725788 -0.080977091422071 0.0351619033743056 -0.0271883828448121
0.0455833528921676 -0.089622044572643 0.00665897058438425 -0.0262734089155115
0.050858099947599 -0.0850840703098319 -0.0122363136940879 -0.0395268806053705
0.0783816491615651 -0.053985109172179 -0.0188660121618879 -0.0997665789152945
0.118412501314028 -0.0225222866561348 0.0102970165285919 -0.179236762866604
0.157352129949323 0.0790232716131123 0.155365149159384 -0.19121833870649
0.0963354636059938 0.178039626533907 0.26789679159852 -0.0920457038023488
-0.0147075828893078 0.182661476848873 0.201262376166187 0.0483232383986542
-0.0703002251320619 0.13701808041427 -0.00662314962805389 0.0295820162537015
-0.0405289879979698 0.0736674493439181 0.064599533392672 -0.00679368420612661
-0.0200372284856583 0.0938560964774794 -0.0660392403132674 0.114028591414639
0.034595688485938 0.118094401259383 0.0158288273506996 0.199798543357042
0.109140142436671 0.0650249940432146 0.123525662379166 0.145419287862781
0.108018905868436 -0.0249346720287739 0.155013131908624 0.036283326726846
0.0716579887543184 -0.0525993224607538 0.121615833198445 -0.0497233234428457
0.0589996696788007 -0.0669865399276099 0.0626765926008892 -0.0681110756897869
0.0432932286626578 -0.0704309432366265 0.0236910649013896 -0.0542211563596864
0.0439803004305556 -0.0597457243242142 0.0082348425867934 -0.0710867742178092
0.0618120333644501 -0.0319346299560004 0.0221524947546542 -0.126094392951284
0.0870068942351778 -0.00360225471125523 0.0999579905781474 -0.173884889243774
0.115824399375478 0.0809843140912124 0.258116400524697 -0.101497532817674
0.0623044685940638 0.167648816036722 0.32494817608547 0.0649458183759706
-0.0253710004376143 0.176423987865957 0.191516550502163 0.149939134184861
-0.0665152576179946 0.129777050789275 0.0078850309240281 0.0206866433495208
-0.0208842178270032 0.0401713382778523 0.0841894014403791 0.00159439308507077
-0.0123136563874132 0.0480521177505127 -0.0196959510944232 0.130895434363051
0.00803454596512745 0.0674931806639402 0.0789349158111184 0.18926564124186
0.0547629947585378 0.0422717055119546 0.178994536928432 0.112661451441638
0.0631024756346688 -0.00803232964641869 0.203633225018691 -0.00983609786193874
0.0467898187592284 -0.0265160130464381 0.154673977412632 -0.0916125260513123
0.0437533687752773 -0.038424643569904 0.0837251109748398 -0.0974949921970904
0.0343712330567239 -0.0395057448442031 0.035591980881283 -0.0740286638525959
0.0322079926432176 -0.028954187216769 0.0218646143910742 -0.0904150772676121
0.0382974782026631 -0.0119149301069814 0.0516132189607524 -0.13271219769515
0.0479171198515597 0.00823955576567395 0.159364831813343 -0.140531980456397
0.0604188137683246 0.0628119004129487 0.294071655141349 0.00660322429313406
0.0141088105453187 0.117453930615154 0.301755416724082 0.207573666554377
-0.0360843705134756 0.122970537803993 0.146875370278443 0.214330890182796
-0.0502655828237761 0.0878082855547876 0.0187068866084055 -4.03234815402711E-05
-0.0123992607121237 -0.00354280409350892 0.00232568696302617 0.0301806183232647
0.0183774971290387 -0.0178216890851795 -0.0814295667045616 -0.228541843587669
0.023497446149613 -0.0358848893548686 -0.265389068433978 -0.300162812052515
0.0139116631456705 -0.042004108505814 -0.33169667553849 -0.0826297179730964
-0.020049878588734 -0.0301216886757933 -0.205527714474673 0.116767882254789
-0.0239186271211923 -0.000353643091456593 -0.0673356486485395 0.133395308733993
-0.0195481532526862 0.0105680841312224 -0.0189829456888437 0.0943524619744366
-0.0140937271704239 0.0109125652292251 -0.0337464154241926 0.0764523335508625
-0.011169052269327 0.0106969272660018 -0.0818416351682045 0.116537854338702
-0.0203615390828588 0.00806499127617072 -0.14278200233874 0.119051123053567
-0.0166267522668376 -0.00576195225301947 -0.214622048725268 0.0474463492507506
0.00361203964192392 -0.0145458935354649 -0.200608246655843 -0.085801797563869
0.00633385598893486 -0.00426302676004731 -0.111961595208407 -0.174052235473354
0.0102422470642263 -0.00261112137094571 -0.0253757902529369 -0.144915864068619
0.00529669680450065 0.00831558868091718 -0.107521083595757 -0.0191486369309479
-0.0421818334113287 0.0799970563138039 0.0152896642072401 0.0182388929610778
-0.00717649072421397 0.1024387215415 -0.0667327990312788 -0.235595402841259
0.0498573380926243 0.0670456859375262 -0.261145751399476 -0.309001984439162
0.0725550503138179 0.00859100042578212 -0.329347742200469 -0.0871157474629712
0.0214886068687407 -0.032906134373065 -0.211483832944704 0.116937640769342
0.000465656308800966 -0.0173142837876313 -0.0700243516241416 0.131623416786637
0.000136686459734016 -0.0158050905059496 -0.0220557857384421 0.0921555625145348
-0.000983623269587194 -0.0269816132186226 -0.0357368953787369 0.0745607022927846
0.00570127320924503 -0.0373793865605937 -0.0827110577956796 0.111966839587811
0.0120876133289949 -0.0306440341059496 -0.140281469075552 0.110392489029399
0.0338484208740796 -0.0316924517623114 -0.213105157428894 0.0416849551719887
0.0653306716244906 0.00294977761755714 -0.193091028840682 -0.0886363478493798
0.0382834178760872 0.0499691153537957 -0.104554231677932 -0.174015979724846
-0.00769872010838964 0.0494996162628121 -0.0199583299083018 -0.136934507990164
-0.0237866835107165 0.0377394527735766 -0.107908092812232 -0.00793401562383324
-0.0589368403756783 0.142538625865041 0.0280722192123413 -0.00881353718950691
-0.00634191204879397 0.186815025177068 -0.0933897306449972 -0.216821200924235
0.0811672417403669 0.143460863523482 -0.296364065723639 -0.228580239369447
0.120999371117195 0.045695537516151 -0.318535542171128 -0.0161444749101526
0.0632277282182741 -0.0350415829587974 -0.183650653718309 0.140012984835864
0.026240350968805 -0.0339801883877487 -0.0545931839990756 0.123716492430747
0.0224396316202084 -0.0433585984269163 -0.0197803874305599 0.07714909341222
0.0140647305706164 -0.0616671558811765 -0.033512886600628 0.0603551641018876
0.0215400050635385 -0.0774524318519565 -0.0746000764341931 0.0890893479785227
0.0431765581994713 -0.0627512777008498 -0.128082152256214 0.0728573487541444
0.0801453273625689 -0.052050703822678 -0.197493996593309 0.00133090666375441
0.121369283264017 0.0208537647235754 -0.163812326772949 -0.12229900216571
0.0707505806539325 0.1003092948825 -0.0659206154502382 -0.19425436616242
-0.0189647100524483 0.0977269307913839 0.0177810067287135 -0.130126251738032
-0.0478089871154532 0.0679848757356807 -0.0887354296592128 0.00375666976256403
-0.0584747640466666 0.162428761291912 0.0306267557455842 -0.0324255265206074
0.00667253618238125 0.206737945429812 -0.143549595740359 -0.150396749981002
0.101578791027797 0.17187309547212 -0.302727755197072 -0.0733854913984002
0.156570360611691 0.0665723320763201 -0.251536989617031 0.0922011275448594
0.101993671214808 -0.037230166897165 -0.114342617822974 0.160925395592358
0.0536460727148194 -0.0504169343748674 -0.0215951298265053 0.103249735136543
0.0422260792194673 -0.0677958363034943 -0.00901541522676671 0.0513113554957796
0.0266382971059575 -0.0865649516917248 -0.0244977271335965 0.0362877343108848
0.0353753907009867 -0.0999440965717373 -0.0573917795499802 0.0502364394009297
0.0676434701458744 -0.0794480578704247 -0.102683313104286 0.0156876548846665
0.115588335636959 -0.0586871570625382 -0.158698687392967 -0.0645163684897236
0.162950940868269 0.0395967174518223 -0.0976321753112778 -0.175134046292055
0.09822264237051 0.13998300410669 0.0161216502968111 -0.215024440977836
-0.0195037646874136 0.137404406135943 0.083542434047795 -0.108752347873726
-0.0620571812878893 0.0987270514738784 -0.0586181659862485 0.0164061324625061
-0.0527322996817754 0.147210696202324 0.032087865634792 -0.0370444858365202
0.00653823172741814 0.179766401505034 -0.16078706437901 -0.0409421787797878
0.0959496084083666 0.170132184356823 -0.222445859478509 0.0890283526244853
0.169223473159888 0.075849791465642 -0.118876270538431 0.169399246964955
0.128846867038739 -0.0401473138841811 -0.0155957122077852 0.148603580649537
0.0750306859580152 -0.0643896650910496 0.0251759877568276 0.0622171749606531
0.0564346021025382 -0.0843444114445361 0.00957683817262981 0.0142760895718649
0.0358739363340489 -0.0981926094250841 -0.010153189636163 0.00555849960499573
0.0438064245416029 -0.102964664484139 -0.0353828070086772 0.00379617390372236
0.0799975679737638 -0.0768360120738161 -0.0659137702698669 -0.048350280601423
0.129665411196059 -0.04867623054474 -0.088946886140412 -0.136477252524854
0.17929286770896 0.0575163491549907 0.0140464688372246 -0.215759010984227
0.114108746247886 0.164734254012507 0.140833359326879 -0.195826775934171
-0.0106074478324326 0.167630776332046 0.158427847739325 -0.0511428446172065
-0.0658398190245693 0.12702764661941 -0.0277984617392547 0.0288539955124054
-0.0471111456291067 0.113286322927889 0.0438025779004415 -0.0260457874706135
-0.00759411214713979 0.138068402868608 -0.124492498565683 0.0601179981931325
0.0715531697115216 0.152488752614861 -0.0908755826923549 0.182702297056127
0.155077592875598 0.0745161135195063 0.0254474098784006 0.17831268656804
0.132880100442539 -0.0396066602029367 0.081795885267358 0.0963473543335946
0.0816030738440598 -0.0694916119426994 0.0743763736134617 0.00392239744939932
0.0615167034235584 -0.0873009091439502 0.033871600212652 -0.0294656060789673
0.040002721866586 -0.0937080576256911 0.00680518540927104 -0.0268633944355051
0.0457951685548792 -0.0887660034378359 -0.0133696820747427 -0.0398829631825421
0.0774371916541432 -0.058952956364645 -0.0231107734458369 -0.0997638670944345
0.11849361388881 -0.0273103725582658 0.00433109701919127 -0.180176746547325
0.163945888361539 0.0726977502926427 0.150960430493877 -0.198065426955487
0.107312922442259 0.177037975074976 0.268780156508672 -0.101585375903465
-0.00726708322119115 0.186800245462644 0.206686436174568 0.0456345126024739
-0.0658230221806857 0.143853977516763 -0.00545457901140404 0.0333641440637679
-0.0365214751048295 0.0761357912539014 0.0651984594019665 -0.012436073941105
-0.016266642789806 0.0950044755063744 -0.0630419754454487 0.115952033712482
0.041662910528795 0.118685325466637 0.021961357055642 0.201500922802603
0.115695864612023 0.0613667126363783 0.129271535869519 0.143475311530417
0.108209907278765 -0.0303707246829162 0.156201284605179 0.0305727966740392
0.0710815028967753 -0.0570881468598168 0.11815062459187 -0.0569835517150906
0.0561889097410722 -0.0726324946139255 0.0590857173787642 -0.0716010605736483
0.0386758110472399 -0.0743062523496678 0.0220725881895307 -0.0553779204897529
0.0403561451701587 -0.0627758679478294 0.00497038336513907 -0.0725766672175954
0.0612560155541584 -0.0354144428101412 0.0163371654639838 -0.127570984101378
0.0875103061478975 -0.0062440495918049 0.09349341852069 -0.17808070734255
0.121083914595429 0.0765131171765182 0.257242995017639 -0.110769539990119
0.0715034758841854 0.167563951174379 0.332336626165393 0.0561622950827678
-0.0193834979030986 0.180086048550744 0.199398236673972 0.149735495374346
-0.061962256173772 0.135620979106056 0.00899703582501586 0.0238475932458122
-0.0179863842868177 0.0415693912086878 0.0847353007579015 -0.00427645037301655
-0.0102687859968497 0.0477115492678497 -0.015379973836233 0.132486340416116
0.0115011906051902 0.0685114222143147 0.0858939204972823 0.189879124225875
0.0591534066907989 0.0407991459593332 0.184378980644077 0.107656903749138
0.0631391594861369 -0.0108691511763334 0.203882802307587 -0.0200645377863934
0.0465696280957974 -0.0287978674285939 0.149931061199109 -0.102586011323835
0.0424823761440919 -0.0422686663892159 0.0790514090272103 -0.102395936904858
0.0320190451558381 -0.0428144093059695 0.0327251925212488 -0.0753975175815156
0.0306524994243571 -0.0315864906817479 0.0173770934364714 -0.0924542800489276
0.0390360487171448 -0.013893204529891 0.0445787699893557 -0.135138456173172
0.0485815387685505 0.00714391441340869 0.153599660260535 -0.146724701287825
0.0639814356856775 0.060310706394341 0.297111836453395 -0.00211051227630904
0.0199216664225052 0.118864559860076 0.313229634280443 0.201414601658738
-0.032023470967941 0.126032895329024 0.155435600531187 0.217155310507529
-0.0473914696806185 0.091701787514884 0.0185668983196083 0.00270791259414257
-0.0107657412329739 -0.000103155302681386 0.00753582381507845 0.0247084816811276
0.0111551889772313 -0.0253671014124025 -0.116185727768362 -0.21252659960685
0.0101229139760139 -0.0412657815588144 -0.306215898823312 -0.250265724457207
-0.00139071036546229 -0.0429783449674011 -0.335375635390879 -0.0252987365060151
-0.029217536354124 -0.0204964274582963 -0.179201499716103 0.146934935502703
-0.0220631729253924 0.00730735224871843 -0.0429794967071065 0.140063394154386
-0.0161178301960596 0.0150083683799123 -0.00292162313462154 0.0946249454758479
-0.0113058613187196 0.0138583333971603 -0.02026348581872 0.0789079679378104
-0.00820934416560271 0.0133766566440713 -0.0604033498564028 0.12573083770182
-0.0166210194523066 0.0134156622834383 -0.120285190544639 0.137679980931748
-0.0172582761401708 -0.000682767105710158 -0.201783097971199 0.0787699175788222
0.00010372113184288 -0.0134311139918448 -0.21065296980596 -0.0569794271959929
0.00521721705397401 -0.00243613435719809 -0.135271564732163 -0.157526251961968
0.00814170988109966 -0.00271228232144475 -0.0435083195114793 -0.139209109498809
0.00675897614740808 0.00891566846035304 -0.107173248672205 -0.00256963716929046
-0.0250819900299698 0.0864984546959579 0.0154959895732105 0.00810109601046543
0.0078725942943021 0.0969699600286636 -0.108428565241558 -0.225721554012848
0.0537006729362032 0.0540133250000447 -0.310721968510569 -0.260505843606694
0.0653384082373898 -0.00554278579009011 -0.336356285630298 -0.0298472275550374
0.0113443248786692 -0.0299354255238018 -0.184423644517636 0.150585056149082
-0.00160582816208643 -0.0134252402211908 -0.0457569514161035 0.14004353012101
-0.00117166412631084 -0.0155431243362879 -0.00600077535810393 0.0938891957885289
-0.00502078874051685 -0.0245792739058328 -0.0216099158308286 0.077570396340172
-0.00137183738172784 -0.0369819902434581 -0.0614497923997214 0.121734209556953
0.00867705098673652 -0.0314232334862812 -0.119381089181509 0.129222941782289
0.0277579431949644 -0.0347301177958833 -0.201566801850516 0.0733598246996124
0.0645158892291533 -0.00694089601248185 -0.204545510126644 -0.0604406024454463
0.0458910250950098 0.044798667717463 -0.128625957777041 -0.160386877350612
-0.000287294321020299 0.051728702845412 -0.0352561721212951 -0.132114594716947
-0.0164058588250546 0.0430029770869415 -0.104043462635608 0.00965968037753575
-0.0298603551887907 0.150168997888995 0.0217801277174741 -0.0225400931638784
0.02351730906247 0.179478407842542 -0.134899060489715 -0.205510777807627
0.0988692442599239 0.124035291779449 -0.336207455020647 -0.177297075705097
0.121198775729041 0.0230874254972679 -0.318610343543642 0.0393795419254392
0.0516022756381494 -0.0395853900928258 -0.154247659687943 0.171265467479
0.0203612719934785 -0.0343025325428554 -0.0321006883797355 0.131349322695589
0.0147564856250747 -0.0481942936246859 -0.00692828871483066 0.0805561142980306
0.00292775986042854 -0.0612633868208016 -0.0208253217474102 0.0636417171238678
0.00651324088775233 -0.0785886789598224 -0.0568821430981571 0.0981468890151413
0.0331564483520537 -0.0683715205042265 -0.11276560902497 0.0910939376345833
0.0691672076002236 -0.0628709588907342 -0.192035310370549 0.0322758876898426
0.123583253717308 0.000255607418278862 -0.181077512902204 -0.0987511614359954
0.0861940407546194 0.0884003789178344 -0.0932284741154293 -0.186901098992496
-0.00320675328443387 0.10054826311778 0.00417006123811264 -0.130584990239469
-0.0356676965270796 0.0771309996832166 -0.0827328110210988 0.0186008345028496
-0.0263766321919058 0.169296921769451 0.0196707004769441 -0.0466732607992385
0.0394599657055098 0.198975843995351 -0.173175408641014 -0.132878986965083
0.126477134492437 0.150954490591755 -0.319360047710347 -0.0245242130802572
0.163293463012299 0.0380465681794299 -0.238663565841266 0.135899773065039
0.0911542134930052 -0.0482548724988951 -0.0837842570754611 0.182654441124543
0.0448601284792808 -0.0556752595481491 -0.00361373823433071 0.107092492235591
0.0292904508613395 -0.0769377670106128 -0.00166398585602479 0.055372568473637
0.0110656827733093 -0.0877465233509699 -0.0157096875378238 0.0389863251630745
0.0153672002148259 -0.103611267560991 -0.0459237967757306 0.0578069029876205
0.0534981784491773 -0.0896441117839809 -0.0969959765121133 0.031003708246454
0.101950448238427 -0.0760185126875787 -0.163474367668804 -0.0382455755733415
0.167559000252364 0.0109193749044854 -0.123799486219691 -0.159591175668056
0.118840513489131 0.122020159272245 -0.0141968760066679 -0.218736593066058
0.00270798192330006 0.139290089317346 0.073427636564476 -0.118276982173683
-0.0445482360029216 0.109390422875044 -0.0508290625529964 0.027218168757834
-0.0234817016278897 0.152745423415424 0.0211190325609554 -0.0502696293685986
0.0349941873618369 0.17539050615875 -0.171605111546991 -0.0215635621278204
0.12431812009714 0.15218665517435 -0.214384644421985 0.122532467040712
0.18068288946726 0.0448221095351903 -0.0973042217099158 0.191025706898807
0.119554728992772 -0.0581335341514258 0.00966233148897796 0.155792099401004
0.0638685193611248 -0.075159375668293 0.0341344726189849 0.0602803715022865
0.0396876505518259 -0.096441525081639 0.00996436558227889 0.016576718156819
0.0173979525112209 -0.100820130242892 -0.00655319824419947 0.00744950743333839
0.0229304133285257 -0.108904491546932 -0.0317049148217764 0.00882786626874674
0.0650817794520914 -0.0892434519925205 -0.070736302903126 -0.037243715580873
0.116720974674777 -0.0685912419019152 -0.106219848166597 -0.118094684228971
0.185188960948646 0.0252833063817862 -0.0179391383922205 -0.214707000799029
0.137288228694338 0.142268370646197 0.112641046865599 -0.216621315115763
0.0149496986982277 0.166781380273095 0.156184046636608 -0.0708615735143372
-0.0443069705441382 0.137798772968431 -0.0184214114216676 0.0348133900148569
-0.0234137103749226 0.118404097634443 0.0352014020291745 -0.0405409711131569
0.0161947553473015 0.138968751740113 -0.118100484947167 0.0726864462067013
0.100687481375235 0.139261839132054 -0.0697717432340987 0.192658719296901
0.169812724511821 0.0452331311502836 0.0452524113778407 0.176842253805343
0.124922957018864 -0.0608963471588278 0.095794249255612 0.0891576808545301
0.0696638781845905 -0.0829548981718884 0.0713372438729965 -0.00448428369880008
0.0442195559296298 -0.100597830768989 0.0262142360594261 -0.0303046635739164
0.0219113030397644 -0.0982787411309296 0.00444396388715546 -0.0265140052695146
0.0267008327574071 -0.0956666053933039 -0.0172912276381562 -0.0368339461296824
0.0648675902412426 -0.0712083234209553 -0.0367413090186034 -0.0936091421254346
0.109268487654185 -0.0464802683430084 -0.021161373185766 -0.174188189827138
0.171864975263725 0.0422754061857444 0.119554932107072 -0.215071556831637
0.131682001305857 0.153574228191865 0.251895200221475 -0.139526036552548
0.02040781864827 0.183237130787896 0.216752061247837 0.0199697930267599
-0.0423418641798062 0.15388958805657 0.00446738803574196 0.0363589030598067
-0.0195689468217182 0.0799472941770435 0.0588311397852224 -0.0289879135898477
0.00222244397559715 0.0976676438036074 -0.0475082142322104 0.117954530314952
0.0665527055611535 0.111464680973405 0.045588790719117 0.193757381735331
0.130211383364016 0.0385073245608877 0.142638511916515 0.125392141717504
0.103393421398313 -0.0499035328790162 0.156433377797562 0.0100590075214382
0.0618218119966791 -0.0712020128999291 0.102747900055464 -0.0724947808961709
0.0415298277657665 -0.085849728691048 0.0433922017824983 -0.0762525255239396
0.0234518906888536 -0.0796004812247944 0.0141021209346917 -0.056413675031503
0.0270708162288649 -0.0691427254043076 -0.00544256108760465 -0.0713900775997547
0.0526091554777414 -0.0457426460160884 -0.00245855282460841 -0.126233735624291
0.082383594970622 -0.0208427059497397 0.0662051268850712 -0.184402520199388
0.130243603718491 0.051366809141767 0.23635024705479 -0.142232381883838
0.0954149232991564 0.147620501415644 0.335871681378932 0.00807922860000524
0.00806993180435689 0.176865094587858 0.223216869907744 0.12495566560198
-0.0406732851578537 0.14444005005591 0.0161908864312549 0.0257603991857751
-0.00761259278656233 0.0413503156887786 0.0794158874832648 -0.0220930187417823
1.82782601471435E-05 0.049993160958055 0.00382303566115898 0.128804472176151
0.0284962102003198 0.0672326251582778 0.109897663742595 0.171807960121735
0.0708697285039903 0.0289214694299264 0.19332134404359 0.0784592876539809
0.0635816666071035 -0.0241844013810741 0.193933815049554 -0.0511766336291916
0.0427413538917562 -0.0411063917546225 0.125191977576366 -0.124122323231807
0.0333737997656389 -0.0533559355918186 0.0575812399289043 -0.111069171626403
0.0224894520154625 -0.0485193058583139 0.0204156219428796 -0.0774073907491567
0.0233736012404281 -0.0371484340157554 0.0028772101999441 -0.0923842468192181
0.0344589274457328 -0.0212716451890062 0.0237481171312429 -0.137413201190403
0.0473219371952729 -0.0016656082158074 0.128324507425501 -0.161691018778685
0.071761124765359 0.0437603227685026 0.290092851938605 -0.0400245050248881
0.0392655260584123 0.107710131528846 0.336965330044071 0.155267035280418
-0.011710866399752 0.124728021350627 0.1861930228255 0.198965259075463
-0.0327169183245 0.0983047915695576 0.0215461949278052 0.0037832296796316
-0.00936205361041407 -0.000297273734686324 0.00803133071110245 0.0205036534377632
0.0102030812833099 -0.0266485707243254 -0.120668990723081 -0.204087144370754
0.0087092881685171 -0.0407543704720184 -0.305452105463943 -0.230950077230137
-0.00413439867345375 -0.0415098748078414 -0.322071887290955 -0.0109154998459195
-0.0301829697152438 -0.0177887266676938 -0.164272529404258 0.148163454160693
-0.0195954378532769 0.00746830528394841 -0.0349568448155958 0.136977021047901
-0.0141551897774668 0.0146168294022917 0.0017916243279704 0.0916330411377535
-0.0102324557571347 0.0140271061534573 -0.01596310211729 0.0763968831171615
-0.00703571474536695 0.0125784799484471 -0.0494779735344061 0.122786105091352
-0.0148461205274077 0.0135609476741191 -0.105123710379843 0.138234486022367
-0.0172588348108454 0.000636806213829436 -0.188727591896969 0.0862115301020964
-0.00181277724500474 -0.0139231509493935 -0.206165909760711 -0.044731818022104
0.00504455382627876 -0.00332352916244662 -0.137424504365465 -0.146566493060541
0.00701469287998371 -0.0026177552949469 -0.0455613235517903 -0.130871398606666
0.00734872711293578 0.00860530249159155 -0.101711162226626 0.00515665851777684
-0.0196163079622991 0.0840347673285141 0.0145423753991048 0.00366269426818276
0.0120534446552401 0.0921852802493412 -0.114518255672389 -0.216428978685043
0.053900321969356 0.0495427577934362 -0.310461450644417 -0.240350682289582
0.0617631656737392 -0.00933193072841677 -0.32374745465866 -0.0160496596362214
0.00858109021397102 -0.028577884692354 -0.168035068432418 0.152311779986456
-0.00174206998014436 -0.0132603730304126 -0.0367578151263676 0.136529147344614
-0.00146541468000516 -0.0162308637175777 -0.00125153481591593 0.0902102922370324
-0.00602359458872139 -0.0236135808741993 -0.0168612434633347 0.0744877368401992
-0.00435028562245101 -0.0357571333353391 -0.0503494220893961 0.119106027100033
0.00677513006806656 -0.0311595534808028 -0.104904381169713 0.12898543329191
0.0244087732259411 -0.0351888137708244 -0.187961604310268 0.0811231573972528
0.0609834513911184 -0.0113870663427399 -0.199199216152311 -0.049375606544479
0.0479370118565246 0.0404290592972165 -0.130888937284815 -0.149504991722787
0.00312082800768949 0.0501104318949831 -0.0375929403293197 -0.124997835908955
-0.0128787529875229 0.0426601051552003 -0.0977952398732227 0.0166666454301818
-0.0216296474553618 0.145466958165588 0.0189920351982911 -0.0268419682510552
0.0291969209550481 0.17120525707218 -0.137885006175161 -0.197566315051222
0.100091015166844 0.114447162349154 -0.330362111013215 -0.16133307904684
0.117786794991773 0.0166416554067392 -0.303521475152956 0.0484620790629351
0.0467378651420114 -0.0391529829923167 -0.138034879837668 0.170829437366367
0.0185786382001302 -0.0340317058693229 -0.0248729626052715 0.127495356742929
0.0111665328804641 -0.0485679689018606 -0.00244712285367919 0.0781435435247516
-0.00110966495660373 -0.0593306262585366 -0.016205860020107 0.06118111528794
0.000330138735186643 -0.0757172522809266 -0.0469498673644619 0.0961516365020273
0.0280374718653279 -0.0686125813583379 -0.10143115551968 0.092173589342067
0.0630343645769577 -0.0644596740652722 -0.180483966404939 0.0405577358676565
0.118929623145643 -0.00790651096872806 -0.177387530509008 -0.086790258121406
0.0888697525968811 0.0801199536939255 -0.0969546485224466 -0.176048511729739
0.00295374579498407 0.0974849219084348 0.000387543196296154 -0.124734355017304
-0.0289987267600052 0.0768546391622922 -0.0763109083078307 0.024488753156474
-0.0175231083766342 0.163994696819158 0.0164661559295583 -0.0501248516486276
0.0455611463450215 0.190820788814007 -0.172185285979055 -0.126653510528154
0.12825703774851 0.139486033263122 -0.308998291765719 -0.0139760384611816
0.159452919647842 0.0285284648275197 -0.223785499658479 0.137782006026377
0.0849504698534487 -0.0502398839172739 -0.0710040496236394 0.179609958101112
0.0407573195265065 -0.0565701257392883 0.000513229960072485 0.103915450368484
0.0234933268557044 -0.0771204300818285 0.00142312632633565 0.0534152444969544
0.00442516776258204 -0.0845631866800897 -0.0127165642529107 0.0375584908213873
0.00703477914333546 -0.100032846385637 -0.0392156480931187 0.0570214987444327
0.046539898231053 -0.0899884084941417 -0.0891677338410178 0.0334079429840713
0.0941443487043946 -0.0785819904417933 -0.156898621410987 -0.0281829575925141
0.162229176003773 0.000310452921065914 -0.124267698257639 -0.14821516451752
0.122648087333456 0.110730456289356 -0.0215184684664654 -0.209912869717957
0.0109731985659934 0.134687943933561 0.0673420694411834 -0.115378900559513
-0.0361597080123863 0.108048100665891 -0.0456810057785029 0.0316390383091201
-0.0150899942571171 0.14781266324263 0.0178759935131089 -0.0537068369633174
0.0411489055106571 0.168145397164009 -0.16634317395828 -0.01930276106388
0.12767783513038 0.140621540258748 -0.202808527374487 0.124074361635112
0.178575310328208 0.0342868512279344 -0.0860634642889451 0.186609274572629
0.112457886085602 -0.0610526916445246 0.0165322679421711 0.149873112447573
0.0578326197986146 -0.0762637366696662 0.0337955374366876 0.0570910679773877
0.0314866572978344 -0.0964035460580163 0.010196173142457 0.0159200587484238
0.0100124697441487 -0.0981593402315387 -0.00549455972748493 0.00642297246802961
0.0146093860249736 -0.104790851433484 -0.0281831771702428 0.00915825059517613
0.0580003872452067 -0.0896712418585132 -0.0685658907867757 -0.0330429580049728
0.109470378108973 -0.0719127419033807 -0.104752420021196 -0.108242853388835
0.18019037716377 0.0136026111168054 -0.0242575751574696 -0.205235355165286
0.140824684548482 0.130273194950032 0.101260263247746 -0.212516552153063
0.0235463233174864 0.160263269633578 0.148370275865948 -0.0716915538706126
-0.0352127930294756 0.135228928936362 -0.0149247514075879 0.0374762381998804
-0.0167650401923029 0.114615087653221 0.0314940464423405 -0.044353375996642
0.0215247406494062 0.134298182044406 -0.111789661089418 0.0695102443293203
0.10437340815989 0.129356766694081 -0.0603717363428647 0.188051201878057
0.168292533236088 0.0345715764201589 0.0505826456671524 0.16859011694451
0.116955001845598 -0.0650249357654383 0.0954579276577646 0.0824495749880993
0.0633184142731957 -0.0843534964585333 0.0656661335560933 -0.00713890330739899
0.0361550926537527 -0.101094017448473 0.022816423145424 -0.0302320483477759
0.0140573039650036 -0.0954175161835426 0.00360344773829675 -0.026186059075961
0.0192953343125891 -0.0924235654846501 -0.0173257550438013 -0.0349709293061377
0.058852760088558 -0.072445945055138 -0.0390393472462447 -0.0883037149208154
0.103184868130155 -0.0491290892668299 -0.0263945305740572 -0.164623612502961
0.167562272013742 0.0309400042924687 0.108593636197678 -0.210263500878004
0.134828548118736 0.141095643976916 0.238749205590854 -0.142699231901509
0.0285345183023507 0.176086941735455 0.209964254085676 0.0143598306982307
-0.0330479311231659 0.150537252891405 0.00667976142961073 0.0384892433029632
-0.0147595642833552 0.0771331438936497 0.054359824188729 -0.0341017586104955
0.00599644712689357 0.094081791459274 -0.0425415928594249 0.112069600894683
0.0700444010572709 0.103879050316427 0.0511953553953963 0.185788083573614
0.129533985095263 0.0300102535919768 0.142440322124526 0.11603431025924
0.0972201938053533 -0.0531634047273908 0.150073593946838 0.00366377878047047
0.0559912140056053 -0.0728228177454969 0.0916060566013595 -0.074241065900699
0.0346953044119522 -0.0860725447541026 0.0371318575909978 -0.0758959358450236
0.0168309102106201 -0.0781142000109323 0.0114178581026579 -0.0550761978658075
0.0213061779736408 -0.0676777759658888 -0.00827089167414165 -0.0683926525582912
0.0485030978647171 -0.0466176285657101 -0.00842251697169141 -0.119737145668105
0.079094310067451 -0.0233041967174107 0.0563126640802577 -0.176996343884653
0.127506783684694 0.0425609429685614 0.223360513066922 -0.143630507898349
0.0990057692103456 0.137950181274948 0.324395538620269 -0.00349568449322539
0.0154501887579413 0.169899824660431 0.219933448232984 0.11589397417374
-0.0321392111777995 0.140741562495608 0.0174159162691341 0.0278032539654816
-0.00502396012968536 0.0392039208661112 0.0741359383009013 -0.027641074594323
0.00163180262818092 0.0472536001003219 0.00833001095381885 0.121749752608204
0.0312903377567174 0.0635019010395288 0.11196347279163 0.16281991125485
0.070902452616728 0.0238396050275624 0.189621480945346 0.0698644479151127
0.0601895019766581 -0.0264655170818528 0.182004248768089 -0.0587331367572273
0.0395207432525324 -0.0419562681703336 0.110753286346323 -0.125884833646272
0.0289393588638402 -0.0540686710277603 0.0488238932125976 -0.110024902121021
0.0179924122715344 -0.0483989580020132 0.0169864530216589 -0.0752727240049331
0.0197715172209788 -0.0369346109448874 -0.00234330634342487 -0.0880819899416324
0.0317606838276435 -0.0222145752613289 0.0156145488222115 -0.130487414248163
0.0461839931440954 -0.00324843664030677 0.115352265446433 -0.157958675527934
0.0707286926036911 0.0382826748979797 0.276943297433845 -0.047044171774397
0.0430248942208178 0.101288901270287 0.330297177821316 0.137889084265536
-0.00623504324903602 0.120240606972145 0.186724173681773 0.18938756368165
-0.0267991145796279 0.0962080068927936 0.0214110201396464 0.00690218612790078
-0.00781836373465812 -0.00071835043926196 0.00750073879291282 0.0163717276615729
0.00951489087886517 -0.0273193234646312 -0.117478145846209 -0.200008910951572
0.00883403985791758 -0.0401477979075151 -0.296045952458663 -0.224621255827777
-0.00498349002633103 -0.0401876802447259 -0.309142972014185 -0.0106664665787325
-0.0296415153196435 -0.0159432702273608 -0.15643163399769 0.142289159436912
-0.0174819994168751 0.00675819491937346 -0.0323701954284798 0.13227744546514
-0.0125937782687135 0.0137743196105443 0.00263254974548497 0.0884938636720003
-0.00969252430779298 0.0134319534237389 -0.0149763172697961 0.0739189462281454
-0.00671666576061009 0.01173084840848 -0.0435999288298722 0.117391004664803
-0.0140677609071499 0.0134299296887796 -0.0958840708241298 0.13388125368947
-0.0166705904009239 0.000600343823509842 -0.179934920164747 0.085976521340525
-0.00288017707808455 -0.0139157808259872 -0.199724012532129 -0.0415256258633352
0.00552871712797874 -0.00362528950949012 -0.133590817691522 -0.142062503003314
0.00639276231193634 -0.00238195377548291 -0.0425467777729386 -0.125688157269461
0.00774224140881127 0.00840839222622691 -0.0967228384928741 0.00812099376071822
-0.0174663222194456 0.0804707336819059 0.0133299418273965 0.000232326181280022
0.0121237221109672 0.0879392337504968 -0.11124364598926 -0.211606092317295
0.052112707833957 0.0473134124111531 -0.300679864604089 -0.233028596738468
0.0587887770056831 -0.0100793351477793 -0.310883829101927 -0.0163724727018516
0.00762836722274575 -0.0269068343772855 -0.158482996217077 0.146021841447783
-0.00124410613322236 -0.0135139753619337 -0.0340243240555835 0.132043550318945
-0.00194759666809756 -0.0169078495924545 -0.000351822568703872 0.0872875247407941
-0.00679917347709343 -0.0231852989418224 -0.0156607874092369 0.0715343368054481
-0.00579379254378356 -0.034585907506099 -0.0444768409976127 0.114119192322752
0.00614554130246594 -0.0307558750475266 -0.0965474661922574 0.124547617398774
0.0227876536592102 -0.0346636798827102 -0.178251509393452 0.0806198914896932
0.0584077927799907 -0.0129553769129403 -0.192538252799611 -0.0460898383785167
0.0471541108588987 0.0376807563934523 -0.126595209890952 -0.144534200154802
0.00402344562153299 0.0485652539603157 -0.0352554892244663 -0.119969691385776
-0.010872147975754 0.0415421313990686 -0.0918324918746126 0.0198115456407525
-0.0195315069407627 0.140140315930239 0.0171480234300529 -0.0302831808276953
0.0284054216892136 0.165184979812403 -0.1343494882601 -0.195355100138254
0.0963561394526867 0.109173663431905 -0.320188719326562 -0.158407754436547
0.113505058490464 0.0145907585314367 -0.292054898569431 0.0454804400567075
0.0446618676242784 -0.0372969940585935 -0.130231138907998 0.164127081226314
0.0179576136499584 -0.0335297934063325 -0.0231515825701886 0.123206252433291
0.00872333594876875 -0.0478304765388652 -0.00121135535452913 0.0757441934557357
-0.00294624768680503 -0.0570708735823138 -0.0152874528873929 0.0583731961261282
-0.00172888151596393 -0.0722943169979245 -0.0417018758664524 0.0917321735471751
0.0260099290466218 -0.0674439323048201 -0.0942757785340769 0.0886471575403346
0.0598610562596237 -0.0636508927293015 -0.171380915245142 0.041339674073485
0.114393065840047 -0.0106543074456296 -0.170543217536621 -0.0824093546695894
0.0876300983997635 0.0756519870842566 -0.0940084245857509 -0.170269560539714
0.00501031749121578 0.0942048913682926 0.00127811622870695 -0.119062424571624
-0.0261804594743565 0.0745416862106836 -0.0714452695555136 0.0271430588183853
-0.015791399544499 0.158218717032397 0.0146272264059918 -0.0527620255245986
0.0445994276354037 0.18449127935894 -0.167591865527592 -0.127447567686639
0.124645468535298 0.133688133885002 -0.300136674630818 -0.016559525779892
0.155390869994167 0.0259971578643712 -0.21536957812305 0.131246390953584
0.0812027203208013 -0.0482837198247824 -0.0663465982605783 0.172815515370232
0.0387517919011734 -0.0551681147301849 2.40457161061597E-05 0.100288423399587
0.0192486804874881 -0.075654069689636 0.0022036402771891 0.0515636469480283
0.00181919277878337 -0.0819107070151276 -0.01199709991904 0.0350363335906932
0.00429010590468214 -0.0959773840784086 -0.0345477178614264 0.0536549789240355
0.0436974846616961 -0.0876230169665463 -0.0836973646157917 0.0319803970149454
0.0899958727372437 -0.0772930621808951 -0.148352803022233 -0.0255699012930308
0.15695602552578 -0.00321274178815766 -0.118486155233439 -0.142673727266535
0.121225421095038 0.104625280475657 -0.0209438968292001 -0.202474115035869
0.012847937533628 0.130046181947798 0.0658232793344455 -0.108801464683071
-0.0331046351651707 0.105378587666362 -0.0420477279152299 0.0338195054791677
-0.0134113909488351 0.142644414784719 0.0158788167558125 -0.0562226106771129
0.0405173286063308 0.164053527559676 -0.162478527599902 -0.0241109135398271
0.124429495020272 0.135202688925478 -0.196993455795071 0.117192510258842
0.174362331329849 0.0308730588397234 -0.0833592898484562 0.178622512386206
0.107348129878517 -0.059815805868029 0.0170259000331834 0.144892576437083
0.0548733442259572 -0.0752532844230275 0.0306982357354913 0.0557135728982523
0.0276963193096108 -0.0946990377828113 0.0100411045549271 0.0146629519910694
0.00679770573055036 -0.0946147630091601 -0.00520097574466524 0.00532142294605432
0.011084442475728 -0.100145449063387 -0.0254457777891763 0.00811310367628741
0.0549302255338529 -0.088282869749819 -0.0646902018886843 -0.0322242940398256
0.104929636578793 -0.0706267799280039 -0.0991077012825383 -0.102354821534915
0.174201653248954 0.0103778696842143 -0.0211894198596342 -0.197433652212739
0.138259855429939 0.124527787815795 0.0989036258213279 -0.204712128710945
0.0249906251843857 0.154913190153532 0.144271024232741 -0.0663082752866046
-0.032131247050038 0.13094511456357 -0.0126705333740234 0.0392292163014194
-0.0143677697517468 0.110097115526181 0.0287908601113204 -0.0471818298834953
0.0216353738143238 0.129984007458829 -0.109697029824057 0.0627464953282703
0.102946058100934 0.124700581090191 -0.059705742023823 0.179466014323073
0.165071799926897 0.0307814126481278 0.0492270791764926 0.161844233963569
0.112284576753467 -0.0634017612336816 0.0917455487792017 0.079400682700305
0.0600521576044449 -0.0836139527098594 0.0598164371584904 -0.00669667469376329
0.0318803529332468 -0.0988463146252614 0.0213442641609849 -0.0300443949806019
0.010748841451105 -0.0921338538516635 0.00294016391057824 -0.0266040642903718
0.0165049722000806 -0.0880947156707036 -0.0162710854112624 -0.0341886193898669
0.0558382918242715 -0.0707764907833634 -0.0373150348321612 -0.0848001145174921
0.100036860646828 -0.0481648446307701 -0.0240132143313244 -0.157399311385595
0.161840543524865 0.0281644925360661 0.106900613638899 -0.20254345859882
0.132027353087914 0.135060920559175 0.232225973219838 -0.136517450994242
0.0292872740589754 0.170207473130682 0.203366216582479 0.0177725379328342
-0.0306351156243608 0.145572824185794 0.0079546877021681 0.0407167613823742
-0.0132415030488273 0.0735494598845039 0.0505014562333429 -0.036413805151296
0.00642064739796827 0.0917356922355741 -0.0424487562564153 0.104731202636775
0.0698103268151611 0.100004219885376 0.0493110072724441 0.179210827414031
0.127110841687996 0.0271578520548979 0.13835573870804 0.112342310457452
0.0932531747721296 -0.0520857417903294 0.14341150015359 0.00365906409928196
0.0528925774511193 -0.072255070483203 0.0845718230579349 -0.072330140624184
0.0312006322854517 -0.0847118413903898 0.0335876314687597 -0.0741361086481517
0.0139131181028014 -0.0757572149940229 0.0105946171658621 -0.0540205214642333
0.0190417875066543 -0.064975270126063 -0.00853076332789069 -0.0655281315665219
0.0460344764420431 -0.0458098316026348 -0.00900372604954225 -0.114119687926888
0.0769597975000547 -0.0223461214973008 0.054280752064699 -0.168911264426583
0.12239930413255 0.0400516421352902 0.216934565449899 -0.136928524780294
0.0961512620534034 0.132348951863231 0.314130088896373 -0.001373035995052
0.0156590335106146 0.163950725579008 0.212539498372089 0.117562409608874
-0.0302149190632484 0.135600568672405 0.0179709789746583 0.0308137695329007
-0.00430303411397994 0.0369918288336591 0.0697749876270962 -0.0295620057928379
0.00155411488018215 0.0453123505461781 0.00637042681642446 0.115025399430073
0.031199389575497 0.0612503307914086 0.10890092066742 0.158360738040005
0.0698272315268878 0.0217020503814898 0.183849944765714 0.0676489223746122
0.057586661294534 -0.0257212008273773 0.173070416214064 -0.0574978343753518
0.0374514872751427 -0.042217561798893 0.101106744890904 -0.12292049629874
0.0262271449064401 -0.0532234514073045 0.0443739094644534 -0.107731663656695
0.0155578005524921 -0.0472909283887977 0.0159725784442348 -0.0728372865203951
0.0183947371945074 -0.0355087198273111 -0.00271007675180292 -0.0840509682568268
0.0306313388686293 -0.021873891461671 0.0137934281535787 -0.123789001728949
0.0460152742165407 -0.0030244964688027 0.110198444160941 -0.149291148844568
0.0675414622798925 0.0358068698483773 0.267128134219376 -0.0434171017388067
0.0419947924039434 0.0972312906191468 0.318243634721326 0.134564449018842
-0.00550625377017032 0.115659322818448 0.179552980440042 0.188202118368592
-0.025147362526019 0.0927335657290288 0.0214410532279258 0.0107944077293546
-0.00709897660574171 -0.000829413020861547 0.00678016240819184 0.0124432701456172
0.00993181084059918 -0.0287052921530808 -0.114435328886435 -0.206340571940313
0.0099130198159228 -0.0412201053979821 -0.293808187847361 -0.231532935283618
-0.00455562699825504 -0.0402680310160867 -0.30750608289618 -0.0169423869144638
-0.0298119430110849 -0.0152085470503452 -0.15652118453293 0.137686136950196
-0.0169506579122994 0.00579178732547992 -0.0336748183017596 0.131542481259618
-0.0123020622862629 0.0130590003785966 0.00170126956313359 0.0881985465341747
-0.00971661182392585 0.0133948312502242 -0.0161130876725242 0.0735277667760276
-0.00715875472118292 0.0108018802980281 -0.042816658386119 0.115934348785969
-0.0141176631195381 0.0128002067547532 -0.0936588041711298 0.131682102730117
-0.0177155322997789 0.000453141210945361 -0.178588866871687 0.0847715356786811
-0.00449337311301949 -0.0148384919274692 -0.199600256680172 -0.0429993600175347
0.00560743717331843 -0.00375011967089344 -0.13154373573299 -0.145417672083864
0.00590928611645983 -0.00139004040680123 -0.0382396972523908 -0.125891098699507
0.00799713410970352 0.0087758190773945 -0.0955071478270066 0.0100027385386196
-0.0181938520089009 0.0798888516638995 0.0120101539979203 -0.00329256793452804
0.0107883983032105 0.0868657469960667 -0.108568456167836 -0.216644013356793
0.05095725271041 0.0473495970470623 -0.297064064248669 -0.239098355751922
0.0582499642485056 -0.00956373502850793 -0.309103017588926 -0.0236215412396123
0.00750449908107562 -0.0254854879420012 -0.15812643313202 0.141054649343314
-0.000537516753770504 -0.0136936739709479 -0.035684814715694 0.130910679703649
-0.0020006088614561 -0.0176561824020288 -0.000757768143128944 0.0871321988074945
-0.00707412423958072 -0.0234432877498369 -0.0168319483669601 0.0712795506753105
-0.00653193731759321 -0.0343054235286014 -0.0433320145740273 0.111940844467787
0.00632867381885175 -0.0309479698723597 -0.0944315958922796 0.122375785217357
0.022684741245243 -0.0347052368451109 -0.176922494941755 0.0787725033978715
0.0580862641943585 -0.0139553033094303 -0.191985494866515 -0.0489432397583435
0.0477444606468532 0.0377771635969301 -0.124267722123611 -0.147732032274531
0.0038331365125324 0.0485466424763214 -0.0312473790573349 -0.119480655546935
-0.010672905986794 0.0416944212402963 -0.0893994172623213 0.0214642145083399
-0.0213866585689003 0.139027793849317 0.0160982719003723 -0.033824306372379
0.0254961584770155 0.165821763380332 -0.132182197963566 -0.202925021568386
0.0947334711306727 0.111001070863783 -0.31833091050688 -0.1669265667988
0.114004429720988 0.0154106200381831 -0.292463788464858 0.0372124060781931
0.0443284142746848 -0.0354941268155895 -0.130652738024042 0.15979288531701
0.0184242743135797 -0.0336349691311667 -0.0249639500776731 0.122770555316186
0.00791762316752551 -0.0482512055500975 -0.00120356492613982 0.0750187254565336
-0.00355809777444798 -0.0573715683594192 -0.0165641750788949 0.0575327125255912
-0.00260272853830928 -0.071751840907807 -0.0404441059556441 0.0897874248444768
0.0261208779982204 -0.0673043411777474 -0.0924067334151109 0.0861676841155665
0.0598750733937812 -0.0638509991134862 -0.169046517805339 0.0395471054251198
0.114453075057848 -0.0110733219655641 -0.168486516334207 -0.0863453179438298
0.0884292577394438 0.0760008959341905 -0.0905952893041745 -0.172991638763774
0.00509134272629287 0.0942457372133625 0.00468494298447128 -0.117349479197584
-0.0263035171378329 0.0746979527899832 -0.0692900133678643 0.0283689889509097
-0.0174860307647322 0.157068590926414 0.0138401121755355 -0.0559664992273971
0.0418325787654065 0.185623682419405 -0.167152248739102 -0.135472312681978
0.12322230354866 0.135817171501051 -0.301785681336224 -0.0262361372886478
0.15658731036414 0.0277189930565946 -0.218252492386669 0.124892980640358
0.0813284664865576 -0.0461742870064258 -0.0679484936032737 0.170443766947596
0.0392487715179183 -0.0555772816177758 -0.00269687290433248 0.101019798988714
0.0180322832930902 -0.0758167646384034 0.00241070594482558 0.0512972992519846
0.000993993498471007 -0.0820444901814113 -0.0123355321121047 0.0349042611392704
0.00392555990100443 -0.0943146119149302 -0.0332643525751171 0.0517480617127237
0.04388262516003 -0.0880743240816525 -0.0821809264343151 0.0297180793941674
0.090347542680701 -0.0770656326867732 -0.145063231345402 -0.0277644949275666
0.157281912705338 -0.00288895097117719 -0.114649772525261 -0.145961409798154
0.121939890415925 0.106229896696676 -0.016256026163564 -0.20363173035724
0.0128576589326151 0.129905208012279 0.0692159787553946 -0.104561223239957
-0.0336067518134583 0.105156650952077 -0.0404257851570359 0.0355599814036516
-0.0151341006310918 0.141815502109136 0.0152893080949402 -0.0596101156008295
0.0385889480500195 0.165357389571108 -0.164524518328963 -0.0319207888346322
0.124282571769553 0.137687324841664 -0.201162703498075 0.110561305285912
0.176691655551395 0.0318139543101465 -0.0875696843924488 0.175159197803234
0.108649929124445 -0.057757575154566 0.0149419946315217 0.144422080048607
0.0550375169533928 -0.0755631793281873 0.0277135378081713 0.0572588469885953
0.0256828951352015 -0.0948159251648346 0.00978751472992325 0.0142847295689135
0.00528498945477043 -0.0944363647250184 -0.00551254064428554 0.00475356942382944
0.0103520551813213 -0.0990865443833991 -0.0237692100320587 0.00671724864129914
0.0553491311933729 -0.0876483395852097 -0.062839065416662 -0.0337038362474406
0.106166629933785 -0.0703345835937998 -0.0947163440064994 -0.103667801423265
0.175008768181114 0.0109917350832509 -0.0154959669427723 -0.198893061710514
0.13842652925637 0.126069160948371 0.104177993260032 -0.202373319384472
0.0242533954064354 0.155075950196444 0.146420601836725 -0.0590918562117125
-0.0336964985026555 0.131157568058862 -0.0112703809265069 0.0428700301431478
-0.0156630238214966 0.109224595941568 0.0276411922072423 -0.0502837905119122
0.0200908735312827 0.131209512661446 -0.113990516425479 0.0558555934292617
0.103361075982631 0.126698268556093 -0.0644764654549843 0.17737858920603
0.167947962905026 0.0317389077840294 0.0456942612777974 0.161178390714977
0.113490802033103 -0.0620582924364185 0.0898699477546357 0.0811738898330724
0.0601467337301432 -0.0840011867040387 0.0568047890978996 -0.00455437726408821
0.0302904784129468 -0.09924189174051 0.0203586615683726 -0.0304448761719292
0.00962024420061536 -0.0921875006267641 0.00303188729311492 -0.0269242901980909
0.0160007432726104 -0.0871467182131817 -0.0148780705886102 -0.0350214775717815
0.0559913224973057 -0.0699357873983051 -0.0353590351164167 -0.0847272523750332
0.101065771182753 -0.0471593431435675 -0.0195091443273896 -0.156378967833527
0.161800350718382 0.0295434178151125 0.113116350211467 -0.200302064011377
0.130872843330889 0.137366223423709 0.236173446228512 -0.131010902895729
0.027259848662946 0.170369849648881 0.204013417847371 0.02720173696843
-0.0327589517200508 0.145066489210052 0.00880050773834662 0.0447790309084493
-0.0139406744843582 0.0725100890036594 0.0494374928512529 -0.0387351890805363
0.005540244532815 0.0915268085442064 -0.0472258480120318 0.100818811190341
0.0701630609613675 0.101125795850668 0.0450740103616392 0.179917218086988
0.128864216924132 0.0274084389601345 0.137135338581914 0.114262555066511
0.0942916607916184 -0.0510679054274072 0.1418781596823 0.00595972194674711
0.0528740807948551 -0.0726027680702478 0.080641225162311 -0.0704108251325064
0.0297484738998626 -0.0850858357004011 0.0323594227708028 -0.0747966187770195
0.0128652317562917 -0.0756458809089327 0.0112013242292291 -0.0547493226697616
0.0188119034716642 -0.063767258248053 -0.00702087591509438 -0.065367875911222
0.0460564193930196 -0.0455083053543806 -0.00684291511310588 -0.112732222494711
0.0780910424005512 -0.0213894705145095 0.0581881438659796 -0.165960310279984
0.121780752685136 0.0410554173147089 0.220981335584532 -0.131444540602888
0.0943722741364504 0.133673230592518 0.315793602645518 0.0068983116478486
0.013285071127987 0.163479829154014 0.210364043398954 0.127151493552662
-0.0326340879860863 0.135039315894775 0.0190897787892139 0.0356502843804998
-0.00445410081824739 0.0357227696264525 0.0682311963418478 -0.0312951932805154
0.000375626369778809 0.0453405893668041 0.00146551169757233 0.112573919243727
0.0315090007263394 0.0623605964158349 0.106147770171291 0.160360312493224
0.0705254596391504 0.0217112158598849 0.18394543514278 0.0717673966841276
0.0579449994215012 -0.0251551011452653 0.171512275576135 -0.0546692692266933
0.0372305832556505 -0.0426966078049789 0.0984427199489205 -0.121625154824089
0.0253692893461173 -0.0539963789289603 0.0428618442596932 -0.107682181544089
0.0150446173785593 -0.0476620487487056 0.0166547644526247 -0.0733957066446244
0.0185217011424244 -0.0350632967498649 -0.00163360468444486 -0.0833147032230073
0.0307920038605315 -0.0217789210361224 0.0148986646159574 -0.12111794588954
0.0468729971985962 -0.00241048446246848 0.112657520822608 -0.144359971795437
0.0664218838129257 0.0360711129720245 0.268268188345111 -0.0362084256928819
0.0402473934864109 0.0977419749310584 0.316255671305477 0.142604645364085
-0.00738237233297056 0.115002744012957 0.175740369533458 0.19751456593164
-0.0263592570549267 0.0915258632050672 0.0224887247019133 0.0159142576556735
-0.00574967592339331 -0.000419888762952278 0.00640082939466406 0.00783964445448895
0.00268888136176782 -0.0304405908379993 -0.127149103771458 -0.211152935440517
0.0011991975844998 -0.0420600240325776 -0.311795306594235 -0.222364163772067
-0.0140901467391097 -0.0380483686012613 -0.311465088697521 -0.00133767114291034
-0.0321059419510875 -0.00779861021812931 -0.151484424572959 0.147580294126888
-0.0143916588961331 0.0082982939890415 -0.0274060314685042 0.13576157914792
-0.0104220381988625 0.0145755491578624 0.00821678846337478 0.0896840908318949
-0.00855841311801645 0.0150319523977766 -0.0116458434527765 0.0777272643036005
-0.00684004216528273 0.0118189143121785 -0.0353739996596537 0.122990797430237
-0.0138121208899595 0.0135662092796986 -0.0876834887641253 0.143639441453729
-0.0190453971419521 -0.000168628923925471 -0.181613262091281 0.101968947806731
-0.00458364753401334 -0.0176853502331224 -0.215152373312625 -0.0329912128161561
0.0092730199860833 -0.00559849581729076 -0.14922429687888 -0.148672852784301
0.00898494148672425 -0.00100940832738591 -0.0456902218700637 -0.132127373718682
0.00951253455443339 0.00774334836743535 -0.0983614624227929 0.0164501485742892
-0.0104479206809626 0.0818470907602675 0.00512006645391329 -0.00959774686842537
0.0136386157902115 0.0862839594160848 -0.128007325703911 -0.221379293800642
0.0512522887321849 0.0454975333356798 -0.32314400353898 -0.227476477492523
0.0522274534828464 -0.0137777542953513 -0.318481866143291 -0.00514345769088997
0.00523817990790211 -0.0218873718526571 -0.151042082338878 0.152743694589184
0.000180727381120188 -0.0128884290515196 -0.0284166873963417 0.136599004110908
-0.00433308776697408 -0.017863399331993 0.00714353406654509 0.0901698944376232
-0.00935624639371069 -0.0226009937878787 -0.0121858121056241 0.0745806926840471
-0.0110235905625104 -0.0339390630833501 -0.0364915272329727 0.119696160438153
0.00304816965987401 -0.0339365086745339 -0.0896951652622671 0.134821860224024
0.019226923239018 -0.0402006856624635 -0.179653076548176 0.0962018339591982
0.0598167729376865 -0.0232261529149666 -0.208830199299562 -0.0389559331056623
0.0564051261331953 0.0334995064955667 -0.143793875370708 -0.152347590554666
0.0107976458484393 0.0515856141581863 -0.0364215865355864 -0.127279838180181
-0.00829658413670344 0.0438296706630044 -0.0884110442063753 0.0271828693242011
-0.00821204149808263 0.142153286547049 0.00312784278022746 -0.0423341878775822
0.035569781549207 0.166284352005602 -0.157677714731002 -0.206236575914359
0.102600315290172 0.106694869858453 -0.348737811197845 -0.151136072518941
0.114366069948367 0.00669997608310142 -0.302998790504403 0.0598617155197895
0.0428125932636027 -0.0349392716465925 -0.121652430144131 0.173660362487272
0.017852076734949 -0.034420726105191 -0.0175119219742708 0.129518986956098
0.0020866194867746 -0.0505232609228746 0.00680660630797518 0.0799782092469032
-0.00858229599757716 -0.0572451617137643 -0.0120122480394316 0.0603656090954378
-0.0102435038121798 -0.0720915918990832 -0.0346321933793532 0.0959176473159785
0.02049368262636 -0.0737288753272547 -0.0901915163400941 0.0977955269435376
0.0556313322778726 -0.0730361835805994 -0.174095096688095 0.0546208634789567
0.119488078039061 -0.0257898098534768 -0.187353943316895 -0.0800846309341407
0.103241374385288 0.0701121681446345 -0.111231719526393 -0.182275250069363
0.0156440895242599 0.0996517715401328 0.00380565901930198 -0.128861439586208
-0.022658642265637 0.0802520830739721 -0.0648926464438301 0.0327126091646129
-0.00385037343975067 0.159768021096582 -0.00123528197057486 -0.0650901576323823
0.0551294059623586 0.186940994451648 -0.192724001435626 -0.135651982142241
0.137019667457191 0.130686554872701 -0.32730988730272 -0.00440179398430382
0.162437773997132 0.0140427945897569 -0.226083018173388 0.149292510638465
0.0809785043462088 -0.0497896491566678 -0.0564915831579857 0.183942898813033
0.0370922157880499 -0.0589093518801613 0.00494246387121782 0.107495795317985
0.00866142254225653 -0.0800126005860457 0.00934736018738917 0.0566465910958524
-0.00637901089170881 -0.0830800100776851 -0.00927940368179834 0.0356502157858944
-0.00604160715489297 -0.0955990085782448 -0.0298464861542207 0.0554106971645688
0.0371923326989111 -0.0960611871294457 -0.0836268925065218 0.0377986322770062
0.0865321389483264 -0.0890104480293871 -0.152581542337788 -0.0178909103924455
0.164941452098869 -0.0197808701841333 -0.134095574781669 -0.146842352213298
0.140188128475349 0.100210607088332 -0.0349695918928306 -0.220045095120754
0.0254126391703009 0.137462527203886 0.0738369945230167 -0.119730607105698
-0.0290310869372871 0.1139910435897 -0.0326415298202596 0.037874785882635
-0.00253576470036995 0.143798477139906 0.00124979228796382 -0.0683599675578554
0.0529239233022796 0.167970944192581 -0.184742738604574 -0.0286518148611295
0.142031673803205 0.132256209154064 -0.217927883375518 0.131053153521524
0.186497266682466 0.015448171689869 -0.0894683614002537 0.196444598382644
0.108191237324326 -0.0658620122867095 0.0280056221871682 0.155305263375442
0.0515807460155527 -0.081446082126802 0.0334012382773869 0.0625214324081255
0.0147238066977473 -0.10057673773821 0.014080577725369 0.0198096599385659
-0.00281919775118459 -0.0961755365767208 -0.00424048954722334 0.00394187038975702
0.000899812370283576 -0.101347135534712 -0.0234128600640389 0.00756873926171243
0.0493627417604434 -0.0960662456741885 -0.0677935373914099 -0.0302074999840234
0.104076818317333 -0.0819019906991629 -0.104368261867768 -0.101421093512272
0.185050868999521 -0.00426306984296726 -0.0319208931267989 -0.209227503306852
0.15849739892947 0.122430078189366 0.0937115802014708 -0.225453855459366
0.0369179885072115 0.16450097953539 0.159711785195183 -0.0759309151663034
-0.0284043711917515 0.141780538307544 -0.00070352851688813 0.0430538843318821
-0.00639238077170609 0.110491800898473 0.0172917968199583 -0.0585165595712111
0.0335240137705205 0.134250334299852 -0.127164018436286 0.0602779185920442
0.121864036900789 0.121472959900737 -0.0711390294040918 0.19216592930566
0.178851492817402 0.0143449798326717 0.0479132814241971 0.176120394232713
0.113247559947984 -0.0731283919476799 0.101762412887184 0.0862537570110501
0.0552366929370252 -0.0915796111223413 0.0592094179832339 -0.00240096687086798
0.0184499346415692 -0.106227633615289 0.0210592441314178 -0.0264831078417261
0.00145090199172724 -0.0946526237496289 0.00196101773865964 -0.029683308177239
0.00789869376425768 -0.0895688142168489 -0.0171093954683775 -0.0365981841223374
0.0519051105814051 -0.0771806774781346 -0.0421946592460933 -0.0857995051562868
0.101636929353878 -0.056534478642924 -0.0280683961629283 -0.161859635535793
0.171933022121646 0.0189878732023952 0.105696326810893 -0.218316543104114
0.148560124048947 0.137378993584648 0.238620724427938 -0.156072349620907
0.038016159563122 0.18054087415511 0.225934212928 0.0139099513770722
-0.0276812545368719 0.156614778051745 0.0210889806532209 0.0445685962811187
-0.00734041574404979 0.0729978927923711 0.0422898323072793 -0.0467249227670135
0.0153052423815605 0.0944878671500941 -0.0537177635009746 0.103338837439659
0.0857568067958215 0.0974017639328637 0.0453118816653025 0.187765477980542
0.139800524075923 0.0123582906911341 0.142173258361966 0.11951614668719
0.0940544774243677 -0.0620022159479112 0.149679979074114 0.00450516993003978
0.047803218376514 -0.080734305321431 0.0786366381663955 -0.0722910114305415
0.0198225121754987 -0.091991003957974 0.0287913291482331 -0.073799003989609
0.006287299828171 -0.078359511308625 0.00834410734178529 -0.0583461616397481
0.0132359866541132 -0.0666996917253231 -0.0109668373664039 -0.0687134121258902
0.0445515451957737 -0.050428066690987 -0.0143514531418765 -0.116506961886235
0.0801480351253297 -0.0271257143490633 0.0531666741853468 -0.175493883939986
0.128976157256617 0.0365762133374873 0.225467328167698 -0.150958399272179
0.106812272837213 0.136903522595096 0.331672482544265 -0.0128707914022715
0.0201978292540219 0.173301940054625 0.238154032353309 0.121905455834317
-0.0278657255548123 0.144944503807674 0.0308053107986616 0.0356311823161067
-0.00151156883713433 0.0345823157977515 0.065003838631473 -0.0383116519012872
0.00599248149077154 0.0465621197105349 0.000755364090863191 0.113979297724664
0.0421223154561358 0.0605022254252746 0.111515968159725 0.162099420864158
0.0786291783726034 0.0130210906404931 0.191003870568221 0.0690795899558527
0.0591074512107024 -0.0335553046559276 0.173936479953133 -0.0629426085385126
0.0334463078190344 -0.0492148678449191 0.0913806958869639 -0.12818378452413
0.0191067710041912 -0.0594199112235519 0.0350920134712156 -0.110374317697949
0.0103335791605475 -0.0501229641996323 0.0128039772287954 -0.0780311558980106
0.015387919941062 -0.0378979353428073 -0.00727098226535347 -0.0868794384149851
0.0307108877390955 -0.024643377887159 0.00836647202349461 -0.126538183672937
0.0495307203348954 -0.00461957484022502 0.110562684899148 -0.155922671832348
0.0697767101639015 0.0361071520815524 0.281944705659924 -0.0517703240374739
0.0445158779517204 0.102824597547134 0.342196061894244 0.132732533550828
-0.00613811498568603 0.122096025307884 0.203747040299674 0.20245439744002
-0.0234989186162302 0.0983647229824464 0.031728519867375 0.0170606378611519
-0.00421109314514711 -0.00055217975774418 0.00436352818077052 0.00301462945660287
0.00163409654655957 -0.0327746981971602 -0.144940015656594 -0.217397934754807
-0.00143741839461436 -0.04428794341594 -0.335593499864457 -0.217905002700577
-0.016922414712732 -0.0391058984358491 -0.322691667597816 0.0114449173381053
-0.0331476294728357 -0.00468701952931773 -0.149450177066641 0.158491598415933
-0.014270301288436 0.00895738079180564 -0.021035274495107 0.142140781203114
-0.00976603705696099 0.015318515485101 0.0136973527694877 0.0921236416310599
-0.00764191940766447 0.0167751571366517 -0.00769777633270379 0.0822709647777902
-0.00654976823516988 0.0127233601973178 -0.027632122863726 0.128856345283363
-0.0135750486991328 0.0151495288788928 -0.0793301550716457 0.152343685059528
-0.0201345265618461 0.00165726934216438 -0.181113279886785 0.116573350772244
-0.00687329945068239 -0.0178915007921252 -0.22663669702452 -0.022605283063451
0.00986587645378941 -0.00659739029622621 -0.164337106737197 -0.148346967477754
0.00933029583186791 -0.000288023727036326 -0.0512812107383866 -0.13588765267263
0.0113520333139998 0.0075167137732773 -0.0991884969895372 0.0248557011978249
-0.00643258186859147 0.0850683280025722 0.00241449843172738 -0.0144436964403347
0.0179883058707981 0.0881060233741533 -0.144720160058149 -0.227944392398288
0.0553856795109623 0.0448925218197705 -0.346586972543659 -0.223342646546619
0.0525885820214223 -0.01681828715296 -0.331232704148785 0.00784907260143266
0.00467037305517149 -0.0216659463011569 -0.147372200403746 0.162572139209226
6.21122812110263E-06 -0.0138086470422545 -0.0219450529172327 0.142609760174685
-0.00594073376646156 -0.0185661178959931 0.0122657560284101 0.092200897052562
-0.0115996433760732 -0.0220730943050227 -0.00834435472087423 0.0782558523329946
-0.0137691917226597 -0.0338228795517884 -0.0291939060200601 0.12501195776129
0.00097967037687592 -0.0362461025699765 -0.0827711481206641 0.143751815220695
0.0177453998603309 -0.0427440166360692 -0.179554547835911 0.110038721850947
0.0601195255196059 -0.0282021954263471 -0.219774237580275 -0.0298456870270782
0.0623835114547479 0.0309870438661033 -0.159294292867609 -0.152765477464771
0.0144864464483065 0.0531554134703337 -0.0418928647924521 -0.130218784258847
-0.00578253193356817 0.0464203348683285 -0.0876406379917775 0.0353483438818301
-0.00146166566880672 0.147800429896231 -0.00186740847271615 -0.0483773179686876
0.0448746578653152 0.171036038240802 -0.176238541413061 -0.21065954863596
0.112284095621879 0.106150298331647 -0.371934539659752 -0.144265269668297
0.119245724365971 0.000384428047702206 -0.313146355739783 0.0739960205513081
0.0435717748700448 -0.0369952506893685 -0.117512834649217 0.183046758144991
0.0168699433186484 -0.0370427797183675 -0.0115361228301594 0.135289991116483
-0.00223752924868059 -0.0522389020737224 0.0113674161538428 0.081374142830595
-0.0132232151152754 -0.0584595727988169 -0.00961614602148958 0.0630907925314043
-0.015666329737275 -0.0738184018568595 -0.0287611119498733 0.100036190531534
0.0162794995141555 -0.0781851504282172 -0.0854566376494959 0.105569559665895
0.0532753129952497 -0.0795629125049678 -0.17556618795864 0.0655130654426054
0.123179386158036 -0.0347907779111932 -0.199711648208699 -0.0748973051777231
0.113328465728557 0.066396903965087 -0.125983706748253 -0.185421715690923
0.0224864340551482 0.102748346233507 0.000764057692025867 -0.133048054691312
-0.0183675243305925 0.0858910325587665 -0.0624831688674201 0.0399129759924838
0.00389082054881477 0.166004762483701 -0.0070614197140123 -0.0718128294933865
0.0669987096384687 0.192486970821816 -0.209507023867395 -0.136088287595574
0.150341999785131 0.129965839724287 -0.343840104770061 0.00669828957876885
0.170812906620371 0.00472243823328162 -0.230211134342959 0.163888128450418
0.0825269355489114 -0.0556445575176467 -0.050390285109544 0.192051663192947
0.035479037359951 -0.0636168076519145 0.0100756673994145 0.112787493148324
0.002902126930268 -0.0830386457267757 0.0120581952552449 0.0567646508673249
-0.0133372272300013 -0.0854870898464882 -0.0080454152507678 0.0375520909357368
-0.0126508704226335 -0.0984381540086754 -0.0263414930591125 0.0575682452532473
0.0325906750129204 -0.102650532017899 -0.0825091412122254 0.042381777433404
0.0846357064489586 -0.0981727372155806 -0.157331721133899 -0.0117208830655263
0.171851351663239 -0.0310885931030955 -0.146090713426427 -0.148108293623153
0.154368182083417 0.0959860466562439 -0.0468992134105563 -0.227925235950982
0.0346186397932908 0.14147455119999 0.0748056931595676 -0.125657845083832
-0.0235051039121062 0.121487987580079 -0.0287656168033506 0.0439953696728614
0.00421884444916138 0.149849531527921 -0.00429991966698732 -0.0755783584489149
0.0638974010482555 0.172782198130536 -0.19714882558338 -0.0245664903570538
0.156841713140786 0.130966481656294 -0.2235804220601 0.144017803728545
0.197117156006292 0.00397365736592981 -0.0864546864987009 0.207025875596208
0.110575608095344 -0.07493441079099 0.0361358093824888 0.159361969263887
0.0486953116487182 -0.0881780278364123 0.0364961728311215 0.0655726945105071
0.00707715892421583 -0.105261937085121 0.0145574206444588 0.0186017179418701
-0.0107731751635269 -0.0993856509574752 -0.00478368074759789 0.00413363363463456
-0.0057837633345409 -0.104339138163799 -0.0222518586863556 0.0075794078391441
0.0455706987914535 -0.103232802114912 -0.0705869366026397 -0.0287099785270538
0.103845519203529 -0.0916682255554243 -0.111493595044066 -0.101575865725298
0.1936835271566 -0.0155221070230803 -0.0420015294978375 -0.218704043796814
0.174173828658154 0.118613274894931 0.0876847515086668 -0.239760067596724
0.0473208588541108 0.16908514902574 0.166607582321706 -0.0820129531386514
-0.021898477682006 0.150668724824469 0.00503257203362509 0.0479986808888172
-0.00156956169496267 0.115526824540025 0.0128244245721221 -0.0660349018190558
0.042255938930024 0.138899559962395 -0.133487029812702 0.0655798136193166
0.135722606519848 0.120143887036085 -0.0672685225532149 0.201915121009137
0.189859891935174 0.00294107496033837 0.0574074921306085 0.179758780782894
0.114997177791549 -0.0828466457507305 0.109675315050757 0.0847846466541443
0.0516869405549352 -0.0994263087912304 0.0589501216146021 -0.00270307633781038
0.0110183250163679 -0.111395892512152 0.0185610940226137 -0.0296643635095005
-0.00601672816077999 -0.098018009817831 0.000154656343180216 -0.0316039989446989
0.00256729676789304 -0.0928747968109815 -0.0187802251749565 -0.0380549654834931
0.0498314881601649 -0.0838006522747442 -0.0474167441720617 -0.0866657194674209
0.103639770697698 -0.0645409410680396 -0.0347824537715948 -0.167530074727115
0.181401526826844 0.0102680413496477 0.101595030969224 -0.233403783428034
0.163762962659767 0.136278472859547 0.243224467137561 -0.17307824267515
0.0480670639377361 0.18567864034553 0.240053495655789 0.00969677433092532
-0.0211946851637707 0.166000433295065 0.0279190833311608 0.0491057679095562
-0.00483806791716831 0.0757676797368978 0.0399814738424786 -0.0541686504762747
0.0210992361502126 0.0980435119858127 -0.0553084158371644 0.10844848944067
0.0970796912601597 0.0969055450522699 0.0550021066883717 0.193353158650309
0.148497746907396 0.00389681119592199 0.153832495540025 0.116847924748274
0.0956181502713285 -0.0706236818809025 0.154476671721121 -0.0024946304257743
0.0443524045661694 -0.0873999824572884 0.0743394585462625 -0.076710664961021
0.0139894174182233 -0.0967458837462899 0.0233824899476134 -0.0789951161742617
8.25227063392972E-05 -0.0813937364970579 0.0048605187672505 -0.0618608617572323
0.00914901392762506 -0.0697902071363743 -0.0151069978979088 -0.0706527583108602
0.0432031276746665 -0.0548148189153824 -0.0197569871849352 -0.119387703657845
0.0832168605327439 -0.0326938173737633 0.0486617865721988 -0.184971312061925
0.136902058023885 0.0313910317793803 0.229492838693432 -0.168549804728534
0.118998517315988 0.138165892697123 0.347190589221254 -0.0280730765313637
0.0280146102106802 0.178951315272051 0.257243672973201 0.123182178491679
-0.0226031402842373 0.153443376799144 0.0375729215038109 0.0403135873007455
-0.000882158804219181 0.0352267816643081 0.0634766114853287 -0.0458326547695337
0.0080676487469497 0.048597266574759 0.00262723696999326 0.117407485264121
0.0488872013223946 0.0610139244824694 0.123488319736118 0.164149336975224
0.0839252870911583 0.00846628916354836 0.203078098633248 0.0614272460789249
0.0603849193299775 -0.0383601663878064 0.175776944648369 -0.0741035198300028
0.0317638498510328 -0.053437211782064 0.0837781601818127 -0.135727831317193
0.0154040441991469 -0.0627920629568176 0.0278251469277596 -0.116476965548218
0.00612641226997846 -0.052656005310699 0.00848952027707427 -0.0824305956375933
0.0135383176968877 -0.0404489267228551 -0.0118781858922318 -0.0897464436887434
0.0302952543971889 -0.0272749930675024 0.00280946724062126 -0.129731363969592
0.052603753046371 -0.00772561657388723 0.108339660681598 -0.165194776795478
0.0740097986206262 0.0342379703347564 0.292210482274923 -0.065723363015236
0.0520489763696247 0.105482338989861 0.363420805226612 0.123889048046906
-0.000982889031143658 0.126388826978988 0.224483101397606 0.208377112795027
-0.020331699640108 0.103621672017439 0.0371362427053677 0.0215448064319297
-0.00243569577604235 -0.00107054546440226 0.000621414287261431 -0.00121826971085497
-0.000863675171661549 -0.0341541378815479 -0.163837773158047 -0.21043955897859
-0.00500883712112665 -0.0445530757101444 -0.352627983826221 -0.195396281221622
-0.0208657510736828 -0.0377992862562878 -0.321221968289613 0.0321250906917616
-0.0322897770570442 -0.00125920555778463 -0.137002728274283 0.167031585417107
-0.012994445968837 0.00898513614893879 -0.0098664266933579 0.143081203475721
-0.00868794486505032 0.0155310421699327 0.0212005471258779 0.0907131906114673
-0.00580891407227006 0.0177415689727547 -0.000714549820073299 0.0830299879737978
-0.00590045772404658 0.013256012373055 -0.0155503316521719 0.129354389668111
-0.0121846288424589 0.0165449929520047 -0.0648009806162934 0.156541062432931
-0.0196235248333467 0.00361985261952561 -0.170304176331359 0.131174555744147
-0.00928376869368436 -0.0173042741965282 -0.228826184499195 -0.00391946279902634
0.00962111200639386 -0.00760158544731273 -0.177537154378825 -0.136750752254398
0.00970287995013881 -0.000556153106615706 -0.0589621146616179 -0.133050759049491
0.0126920138710507 0.00703696980599261 -0.0947232141284474 0.0349874871028345
0.000687195273796868 0.0845923989083729 -0.00248814443027227 -0.0184205546869005
0.0238363011762125 0.0860320598224847 -0.162842191821672 -0.221351509707295
0.058776958387551 0.041217242729471 -0.363433310925038 -0.200950572424093
0.050253690850148 -0.0198913751653042 -0.330115500633469 0.0291111853129316
0.00382163951158752 -0.021165086697873 -0.136158369612177 0.169361094772428
-0.00109271692949818 -0.0144014150305114 -0.0108479169092561 0.143203744732205
-0.00839348680715744 -0.0178442991420611 0.0191870157795933 0.0902804945280001
-0.0133943971452992 -0.0205522499937144 -0.00223062630517086 0.0789449817125178
-0.0165125758153423 -0.0322009727666886 -0.017153464467517 0.12571255692315
-0.00238462391528344 -0.0363057448896399 -0.0688228631035591 0.148150328581607
0.0138406005176355 -0.0445461671548803 -0.169171544302985 0.123712564712749
0.0573570056266827 -0.0339541970196445 -0.223041965403623 -0.0130098832672588
0.066220440473268 0.0255769214759801 -0.172190690725605 -0.142036539800504
0.0191563604778049 0.052374655405852 -0.0480568131661332 -0.127504966780459
-0.00100044794343213 0.047605021197698 -0.0811900316523191 0.0437136768436707
0.00907164659959676 0.147388332755936 -0.00916987306882205 -0.0514750322231038
0.0562072076122729 0.167683599702856 -0.193272719047569 -0.202216957345641
0.120407796534437 0.0988622301416308 -0.384998598256589 -0.1214563783619
0.119331565693444 -0.00925912137544768 -0.309484901711552 0.0936273330815885
0.0417234411733852 -0.0400378972975231 -0.104742282165481 0.188216155738989
0.0140507696610877 -0.0390110375349615 -0.00148901878918243 0.136556002717821
-0.00771843941608158 -0.0516346738119112 0.0169154792449709 0.0789865411732849
-0.0191538127740305 -0.0565945034970887 -0.00478825811704235 0.0639156951162574
-0.0222563109551843 -0.0719241842813589 -0.0188530220083671 0.100559313568026
0.00935226921417976 -0.0801479977340875 -0.0748562557203344 0.110114365267958
0.0469791722662846 -0.0848628742423021 -0.168514604791054 0.0783237041608886
0.120500821378865 -0.0456836721038371 -0.205647875712661 -0.0606078063333525
0.121024036209076 0.0563654417388321 -0.140989143651101 -0.17677524352446
0.0306484900747336 0.100974061764869 -0.00492733912219046 -0.132542297154781
-0.0107577412969698 0.0880431374754536 -0.0563402542551203 0.0465423351755895
0.0151239573936243 0.165818073944586 -0.0152065203141401 -0.0755554399883498
0.0805332794825212 0.188080951407636 -0.222305666348882 -0.125233260587737
0.162265008479309 0.119525982271865 -0.34810335001644 0.0276864331480592
0.172659375170155 -0.0089876456724559 -0.222060579394183 0.177942699740333
0.0796710712330253 -0.0621617392213145 -0.0369429090633201 0.19302068562508
0.0304788389455236 -0.0672885457596456 0.017978877353757 0.113411904510007
-0.00560104765494843 -0.0823156574460315 0.0152969447906967 0.0547106618254745
-0.0217172035007248 -0.0837671464847577 -0.00574762811326511 0.0377461119155433
-0.0218483538358255 -0.0967829777913339 -0.0199018481550635 0.0578169703298585
0.0233708708725449 -0.106095005782922 -0.0775171639760289 0.0475001054700561
0.0771930003275034 -0.105910919704056 -0.156410422609026 -0.00113337972192024
0.170200953941069 -0.0465881319974826 -0.157580115201951 -0.13916839523512
0.164742965591375 0.0831520455696656 -0.063652540654011 -0.225363524130632
0.045795561518537 0.139447133516373 0.0707331989815397 -0.128785093135624
-0.0135163626718605 0.124732206568929 -0.021794844873594 0.0481049455714525
0.014246903608737 0.149926015311549 -0.0124263997647501 -0.0792238520471958
0.0769644249478971 0.169043317338274 -0.20278723346724 -0.014287721222311
0.169844361053638 0.119534371080178 -0.21817824739528 0.15655132627846
0.200121520780535 -0.0130256397818057 -0.0746510600446726 0.212210573025171
0.106657749902268 -0.0840133504503869 0.0463971617219569 0.155378404836675
0.0414791119010657 -0.0929068434672524 0.0403245487430562 0.0652578514971615
-0.00310058132292446 -0.105046515970956 0.0139633440648585 0.016867967907366
-0.0206867486638396 -0.0974204354411104 -0.00485594368572588 0.00408380957740229
-0.0152910072288477 -0.103249472001128 -0.0207227305533367 0.00773428941241695
0.036495269484396 -0.107510427343679 -0.0708170855583441 -0.0244011655473228
0.0979121620125984 -0.101169555993212 -0.117661781870911 -0.0953010560322791
0.194122159240399 -0.0317644915239612 -0.05790207616736 -0.218263041946573
0.186530091550163 0.105183844894149 0.0718082937603726 -0.246470484728839
0.0595530457414938 0.166232923968164 0.166589179253862 -0.0902108610417793
-0.0100824067210872 0.154176764780471 0.0121288793108177 0.0506873259442178
0.00625948859275099 0.115868959883908 0.00575444152660552 -0.0708371079185099
0.0530534230353911 0.136990460336731 -0.13248957083726 0.0728215293157587
0.148244752696991 0.110008343113484 -0.0564641883630061 0.20616646172799
0.192795094191337 -0.0147452814910101 0.0678682587445645 0.174516302118708
0.11072730275078 -0.0934499802720383 0.11434072630916 0.0768883765498823
0.0431242555189878 -0.104248957683542 0.0569772747366826 -0.00408798531042994
0.000270979784616015 -0.111749154294919 0.0131195512032599 -0.031586739389172
-0.0160477279920475 -0.0963739777492006 -0.00274769201110545 -0.0317566912525085
-0.00596896527915092 -0.0929875382662256 -0.0205608910636619 -0.0375528940557664
0.0425994398016475 -0.0877776138532316 -0.0522341780159868 -0.083822998345878
0.0995861075513395 -0.0737902575836557 -0.0459521033802306 -0.166979836159172
0.183012470216572 -0.00437619561946785 0.0860101162321706 -0.243140473308978
0.176613805394693 0.124374349977163 0.233703365454606 -0.190652031576145
0.0608263792477954 0.183520945159488 0.247169429767057 -0.00204191700554096
-0.00879844467958215 0.168965381979676 0.0353357027369962 0.0502063895590793
2.48372412313264E-05 0.0761017877880928 0.0339315586034457 -0.0605319831068024
0.0284010898148793 0.0974075421474044 -0.0515848803710865 0.111380087268352
0.10726104459046 0.0893474600326535 0.067143695177413 0.189690899968592
0.151079653727177 -0.00995344112250578 0.161583862957 0.105270542246739
0.091079447161836 -0.0788686045470883 0.153278909860656 -0.0138505534954625
0.0373566147338876 -0.091826422553751 0.0661254743139483 -0.0798562167927798
0.00428443018470555 -0.097907688257499 0.0142170667500206 -0.0806178370352898
-0.00861388751484577 -0.0803905887272391 -0.000261325241926471 -0.0628198916025086
0.00308238259538044 -0.0706342452405892 -0.0199399389504687 -0.0698339697898137
0.0389236238408963 -0.0585137252446445 -0.0275488627652583 -0.117325101790805
0.0815484704766547 -0.0394517565033543 0.036677415368262 -0.188451143511351
0.139951986081152 0.0212158502068677 0.220198986070028 -0.185432162510128
0.130653434128419 0.130269350279462 0.347966593510817 -0.051770803040512
0.0394279473462807 0.1772305569095 0.271417789869706 0.111287806266096
-0.0116791650042022 0.156436051419801 0.0447003084756353 0.041471935982755
0.00088246530191847 0.0352356841264069 0.0582763102561157 -0.0535987817030615
0.0112783849117975 0.0488078301801278 0.00670344117281974 0.116744422053585
0.0552051547107847 0.0571853930441236 0.134782903676306 0.155982158736803
0.0862954541138392 0.000912252177753994 0.208722398404417 0.0463688974857807
0.0582794064921928 -0.0429913542408535 0.168244930541058 -0.0870505246945443
0.0276766700669101 -0.0563364528429945 0.0694939025888995 -0.140358312100489
0.00912807973860498 -0.0642865822616267 0.0154937589453311 -0.118092253078498
0.000754580783673662 -0.0528109404690241 0.00176505197377989 -0.0834389647622197
0.0096229681713971 -0.0420288819654058 -0.018798391105765 -0.08832901215281
0.0286868549521791 -0.0303562477001393 -0.0056315716350751 -0.128326017060945
0.0531182305664253 -0.0123713856849967 0.0976934670081742 -0.172624844515632
0.0767543873320006 0.0292928473637936 0.290032085202105 -0.0860311553212029
0.0606699916179952 0.102892388572886 0.374938254864445 0.0999218540994159
0.00603029809990798 0.126078423054169 0.243810719766729 0.200290673018633
-0.0134520191295682 0.105587134959194 0.0430558865278357 0.0235720731730514
-0.000636395065646997 -0.0025890526509626 -0.00399230375719933 -0.00447461495789359
-0.00192975438851263 -0.0345905103321185 -0.17070814468461 -0.198873987560954
-0.00751749994751659 -0.043395848269907 -0.351231856453565 -0.174269742688132
-0.0232007266181299 -0.0352572681787345 -0.308629104487663 0.0433582642039821
-0.0298848084376187 0.00106934879145472 -0.124918207855582 0.165683779800954
-0.0118842232306353 0.00886961335077718 -0.00241506628205254 0.138572244292745
-0.00760269344614085 0.0152279018963668 0.0253050232920021 0.0859598508626742
-0.00436011143453155 0.0179270464971407 0.00427803154800966 0.0812404488864168
-0.00552165621417669 0.0132120185557673 -0.0065135644725416 0.124489219150351
-0.0106215174413995 0.0171432224898737 -0.0516211098097864 0.152363580842455
-0.0192781023325518 0.0050899529415416 -0.15625964030537 0.136850138302667
-0.0107768531264415 -0.0155655278855785 -0.22275992655926 0.00870897258783773
0.0098712232551558 -0.00837893748129669 -0.180619192762197 -0.124783269801493
0.00949475489620716 -0.000288216214699801 -0.0610761444637623 -0.127307113640274
0.0135050300282769 0.00585744512363045 -0.087281576779916 0.041208898411316
0.00423343762915301 0.0818049981296635 -0.00698967621546329 -0.0212576781129301
0.0261771866398366 0.0816021227017928 -0.169723626194709 -0.210640191916286
0.0595446876304069 0.0371356172031942 -0.362236062532052 -0.181401178800598
0.0472318381077565 -0.0210546441399085 -0.318883674751358 0.0407109447142779
0.00350649234141708 -0.01981454990088 -0.125322343744171 0.166719645899164
-0.00165536037114731 -0.0142457726125866 -0.00401126733135938 0.138790173629541
-0.00964035607422791 -0.0163826247281827 0.0225289070129903 0.0856221656284234
-0.014181115472865 -0.018747775306553 0.00169333363259628 0.0766604172976473
-0.0183995573075651 -0.0298835040510747 -0.00829085885342628 0.120949913787286
-0.00487422820079758 -0.0347367242273717 -0.0562636587030828 0.144852622162162
0.0107011496492236 -0.0443836780210575 -0.155418801859102 0.128829014223657
0.0532524253625159 -0.035984394240373 -0.217629585101683 -0.00176885886520377
0.0666417598348513 0.0201328237710769 -0.175680508310864 -0.129875948520914
0.0216789620863562 0.0503893719183743 -0.0492504130478623 -0.12223382818976
0.00239712910756035 0.0468854727505513 -0.0732863109936697 0.0475168606955851
0.0145548751063317 0.141663181987366 -0.0148753994006697 -0.0525635815578765
0.0603296048955417 0.159629607856904 -0.198121218458978 -0.191486715014157
0.122547265689461 0.0908168724776026 -0.382000365580681 -0.103604158706478
0.115803702627212 -0.0147714604688101 -0.298331584735392 0.101221198110842
0.0397599187098652 -0.0405764790359833 -0.0947334376945231 0.184034847075318
0.0119488435318966 -0.0388363862199184 0.00463352578117787 0.13253377502522
-0.0110281999487607 -0.0487335790823959 0.0192472733293247 0.0751744016269678
-0.0227193543819753 -0.0531108491732526 -0.00165588063058315 0.0622331149350524
-0.0263784246521184 -0.0683451338840898 -0.011206736657688 0.0965853284262035
0.00403638765004748 -0.0788094309029587 -0.0652439705357976 0.108638232323329
0.0408861130286451 -0.0859172304887218 -0.157953033389109 0.0837804851099315
0.114478150205696 -0.0524225882186386 -0.203363433884383 -0.0497404679387857
0.122320219606135 0.0468799323294548 -0.146208068613609 -0.164864061116995
0.0353039769800729 0.0968724367939073 -0.00730996794884064 -0.127844222000979
-0.00446680462765459 0.0869843194784649 -0.049319489148419 0.048874562367511
0.0206361061673589 0.160462440642662 -0.0212582517596997 -0.0753503663603488
0.0855856744902561 0.180300460338675 -0.223879972278461 -0.116244655968427
0.165317008554329 0.109224467701563 -0.341793457774883 0.0389256620813238
0.168735371575421 -0.0188788752472977 -0.210916883184373 0.180789812557131
0.0761484478496116 -0.0648872601523836 -0.029446813633758 0.187521639927736
0.0259860756233883 -0.0673462024580005 0.0225671761240383 0.110671215049074
-0.0109723411391489 -0.0787682098666953 0.0155863863830697 0.051837021331636
-0.027304148246266 -0.0787476232866243 -0.0040880168268588 0.0370515165978266
-0.0270721113945833 -0.0923259738683132 -0.014778292864477 0.055139072391292
0.0158566698043968 -0.104181734083076 -0.0711841749551915 0.0480208374841829
0.0694081466696597 -0.108953841039524 -0.151016763523482 0.0049513890486042
0.163523044825945 -0.0562202151723743 -0.15985259377095 -0.129283960760707
0.167068395362642 0.0705704417067907 -0.0724831483085558 -0.214993480240851
0.0512841811035153 0.133353236426373 0.0674452226400352 -0.126990326138644
-0.0053834685003431 0.122781161041353 -0.01586329306541 0.0494760003479457
0.0195121696532159 0.145655992845106 -0.0185342063424984 -0.0798381974316468
0.0822033193974516 0.161883454658777 -0.201315416909077 -0.00873634592341918
0.174377852715449 0.108016805559963 -0.210627379203822 0.159747014254063
0.195916102841071 -0.0251231809063986 -0.0673584663672124 0.20847365632726
0.101069161449083 -0.0884543953686459 0.0497685355418217 0.147916441378438
0.0348621926745877 -0.0932674841753554 0.0413500251099556 0.0638015260451538
-0.0099482672426599 -0.100744672118949 0.0112001581879571 0.0155962991725491
-0.0272335547356294 -0.0921395733635903 -0.00519367592485717 0.00404908001167497
-0.0212489989260501 -0.0989493101597685 -0.018462886250572 0.00647477630440533
0.0287689157016722 -0.106402991571194 -0.0688739151968259 -0.0215031687030564
0.0899399586488968 -0.104689390362149 -0.117556848216093 -0.088602862818199
0.187709074249688 -0.0428298971621279 -0.0657583596098134 -0.210987349249821
0.189693018179548 0.0915422576004541 0.0594241199846 -0.242045502779749
0.065966232177689 0.159232866027648 0.163056781481022 -0.0925202144976541
-0.00115039626974489 0.151387572195146 0.0173455145536029 0.0505960503510614
0.010222310573301 0.11286341165363 -0.000370568881510308 -0.0727356304780469
0.058186666005255 0.131637641891796 -0.129141565235413 0.074473221933504
0.152851313114943 0.098752136480525 -0.0499036435176831 0.201660185594442
0.189453533143491 -0.0272695789812878 0.0707838333166197 0.166058161236196
0.104120734209141 -0.0981362656432911 0.112849066065938 0.0690847425935741
0.0354308650112616 -0.103972721249127 0.0538264805025073 -0.00382645241245631
-0.00757919672682278 -0.107888776349293 0.00804375164371275 -0.0311240982958109
-0.0227467901382414 -0.0916077912968905 -0.00516103384182327 -0.0313154981574606
-0.0118616617810848 -0.0897522721574801 -0.0211332125090899 -0.0365847327007141
0.0367785554144269 -0.0877043012673178 -0.0538377474333347 -0.0792611234132671
0.0939555550134015 -0.0775190300426748 -0.0518366280003165 -0.160989778353681
0.178636316691025 -0.0143141980957705 0.0736646543795108 -0.24205379041955
0.180315012948012 0.111750302261515 0.220388740186769 -0.195224697540322
0.0666556557115532 0.175866981598795 0.246023172189935 -0.00864488559573994
-4.00995155716193E-05 0.166318540892119 0.0403777190868034 0.0499590011085573
0.00235435351852639 0.0743213752642808 0.0276254217229715 -0.0639107726056164
0.0324910776201995 0.0938289452149022 -0.0488586253141654 0.109548802850716
0.111271387585563 0.0810487066378414 0.0715058328719001 0.181222931106582
0.148301121585598 -0.0202199338483541 0.159886623878478 0.0938434098829656
0.0860991572199974 -0.082930293968134 0.14638039003379 -0.0206936397041595
0.0306270392051561 -0.0919613794166206 0.0574764655397757 -0.0774461823207325
-0.00302571785391324 -0.0952987538853166 0.00573551638751641 -0.0783621329011392
-0.0143763379445716 -0.0770311772513283 -0.00401199011450789 -0.0617241700893755
-0.00222591211704696 -0.0688049034819346 -0.0224308389396903 -0.0669879173335878
0.0344339425634413 -0.0587938552766991 -0.0309105077386173 -0.111929064520128
0.0784526151371379 -0.0433109935015254 0.0275248955353481 -0.185056151015498
0.137856434225872 0.0133671900524379 0.206642468630381 -0.190593562680911
0.134608930987213 0.120968144938335 0.337973714866223 -0.0646485472554509
0.0443090592522914 0.170995240496452 0.274861395991949 0.101314042336052
-0.00460463004472767 0.153121151304612 0.0498452698787411 0.0409957801667274
0.00160483171669102 0.0338872867475959 0.052168597996334 -0.0578387500662842
0.0132958909665302 0.0474045546056305 0.00839632190967686 0.113577969765819
0.0584756028447008 0.0527905155702198 0.137149764606258 0.146768335496615
0.0854724754938765 -0.00520559039181822 0.204071650711616 0.0338507042642699
0.0557468049165243 -0.045258208571372 0.15746679067465 -0.0922305835649003
0.0232446328359 -0.0563420625048807 0.0573612883844129 -0.136718735170291
0.00389270884056949 -0.0629336245355513 0.00571075557679468 -0.114889639112279
-0.00379401349152255 -0.050738263564103 -0.00294466368034153 -0.0816810520998024
0.00640125081698528 -0.0415568173312516 -0.0221475636241633 -0.0842686025005336
0.025820371720247 -0.03116307469965 -0.0104548577350149 -0.12265322930689
0.0520096212690591 -0.0156210476008844 0.0875257242183495 -0.170815462304603
0.076289603694775 0.0252102815203983 0.278656043835266 -0.0959925844473053
0.0646279965505601 0.0972412841131462 0.368975664483406 0.081614645668635
0.00979120512378272 0.122232850413453 0.25087012841475 0.189462173513885
-0.00870338510317053 0.103430491705792 0.0479736225533042 0.0241102409282767
-0.000615005711832125 -0.0046194558554359 -0.0102142250467017 -0.00501353822736268
-0.0118171636551108 -0.0319993091432919 -0.211632802522979 -0.165790815459801
-0.0189083850152519 -0.0375221728240349 -0.37787516612495 -0.105235846953976
-0.0321254207468668 -0.0235067955345358 -0.293017941514578 0.0964045904435445
-0.0258741775816747 0.00995479843483476 -0.0916163848525654 0.183638103603306
-0.00748506167058787 0.0103712623262453 0.0243552714930927 0.134734207744208
-0.0028796795892548 0.0165044949344485 0.0393221779170072 0.0776864033244374
0.000107002069386107 0.0183045993567985 0.0207055884214593 0.0773896186524995
-0.0023973833684874 0.0149344830226036 0.0205045288041128 0.120573324138593
-0.00741185463126152 0.0200902012702329 -0.0160643897025428 0.158438031656802
-0.0194417922981414 0.00982232484814691 -0.120769885931493 0.167851064486262
-0.0166588792047003 -0.014385511016583 -0.216264362213562 0.057897492347342
0.00679128201950784 -0.0129768869003451 -0.205896893539118 -0.0828396044315472
0.0105870964026263 -0.00358710861027292 -0.0868999682705282 -0.114391048974357
0.013573741455814 0.00230997941898611 -0.0752564726161876 0.0610087573112196
0.0186686902242306 0.0742378363811822 -0.0192213741602951 -0.0178051551966168
0.0367022185963737 0.0722689510166085 -0.215659855451027 -0.175061532537367
0.0603861224294007 0.0237874934591048 -0.392571061111403 -0.103163562629749
0.0371891988799543 -0.0252356016551339 -0.30354324755504 0.10177849530127
0.00132461824102644 -0.0162363867882623 -0.0905047442549559 0.185605446872854
-0.00236566071512924 -0.0133068418396087 0.0235494470676701 0.135256659033612
-0.0121341069098121 -0.0124054847570285 0.0385460388304029 0.0778783453517919
-0.0168977479933554 -0.0143389786940761 0.0169107919372559 0.073864089414036
-0.0232392852533401 -0.0230711206881302 0.0184957469034387 0.118435244412083
-0.0127093666787555 -0.0309862787246242 -0.0217940003013281 0.153136361708112
-0.00147156841696925 -0.0422967408276593 -0.121832379319913 0.159508421373444
0.0399649457253897 -0.0472348580127344 -0.214487320779604 0.0473293187388926
0.0668135977433654 0.00167244167855084 -0.204285339845852 -0.0870814546719551
0.033262936470918 0.0419327969563992 -0.0758344308191813 -0.113016647123164
0.0123752671701563 0.0446030251002756 -0.0612957095493571 0.0605789199257516
0.038739236023716 0.128749321339005 -0.0356137146071698 -0.0443257169599258
0.0847663661137092 0.139658963336531 -0.243128463351513 -0.146808133478803
0.130803696757373 0.06127773403857 -0.400615571646947 -0.0168650337996114
0.102945122293917 -0.0358298989576782 -0.272249549237513 0.164286140958272
0.0321808260611044 -0.0436744943637808 -0.0545929920044482 0.198496716526208
0.00517395022264992 -0.0392482833171501 0.0326976212498198 0.12860026125058
-0.0206611442299492 -0.0420404218191464 0.034819499249498 0.0673341355052013
-0.0318359398386685 -0.0448367922387934 0.0106502457999366 0.0605614176256139
-0.0385109054194609 -0.057362078804693 0.0103223784230191 0.0954031918904174
-0.01330098830195 -0.074226422510114 -0.0375454680620264 0.120420471847921
0.0185903450953511 -0.0882392342278206 -0.134570272999459 0.116100996550374
0.0951894034586377 -0.0763527405838979 -0.211404747086965 -0.00208806390969454
0.125122653311376 0.0140821247900545 -0.183645944416668 -0.125546465948907
0.0567775497888886 0.0836304272079304 -0.0363256614298814 -0.129424864236621
0.0147028162596197 0.0850969193997576 -0.0381776128435648 0.0551152655500233
0.0478084974627366 0.145858279864391 -0.0469475510776791 -0.0657325877429662
0.114410845943541 0.154627510409551 -0.254686716221837 -0.0659820696945943
0.177272352361132 0.0693146284697762 -0.332518737537818 0.120591810547293
0.153569407427683 -0.0524834029656323 -0.170015372988493 0.230840832367626
0.0614735802793708 -0.0759594270880085 0.0127246870437808 0.190210986144675
0.0122184265426461 -0.0690171580976149 0.0473842012459885 0.104619812473318
-0.0282139924783458 -0.0694224111079109 0.0286680268232477 0.0459629607936189
-0.0417662296804509 -0.0680229954118608 0.00335896023764533 0.0369387272854118
-0.0445577899740729 -0.0798846795017705 -0.0020712614030977 0.0561659308896903
-0.00700275238135069 -0.101671389625033 -0.0568171663158623 0.0628530551513853
0.0417982638021995 -0.116075262824129 -0.14500203834615 0.0371707770278726
0.142292978270741 -0.0909764583538232 -0.186223538754339 -0.0893568358555791
0.173037113787689 0.0272410177270099 -0.122117234336151 -0.1897207611577
0.0804222799829408 0.116562314599724 0.0371719430194413 -0.145395382369197
0.0216956281329546 0.120108537070727 -0.00624246603841073 0.0474320619592984
0.0442178829314544 0.13311951226967 -0.044137685383601 -0.0720589588412368
0.11049571070905 0.137994126744138 -0.210344430505752 0.0361654663000928
0.187413090849458 0.0652954526777877 -0.179104980220462 0.215045143568549
0.179249075635388 -0.0677934747652695 -0.0215980452665422 0.232831685985472
0.0798019318095111 -0.10579012780534 0.085873495439117 0.136770043207803
0.0148934348915457 -0.0959490085932789 0.0586629965129738 0.055565807042002
-0.0328594208520038 -0.0903367172525982 0.0188223572816232 0.0108601217746692
-0.0446157450070733 -0.0807829362498312 -0.00473103945496634 0.00457335476395864
-0.0406142188749377 -0.0879938980390403 -0.0158245337593096 0.00980486179345869
0.00533328714409141 -0.107126294325755 -0.0701222193192015 -0.00583996118992951
0.0625777669515834 -0.117715587080786 -0.13319496017828 -0.0615276140751689
0.170706121131959 -0.0830882846004163 -0.111483976467357 -0.190553253079332
0.200282203595794 0.0438919229972328 0.00259208501096883 -0.244221842151233
0.0991972834314687 0.141039692025877 0.139332920198834 -0.131731245353133
0.0313770942033645 0.147694272405919 0.0258009041614667 0.0407092374681848
0.0299010221353141 0.104037327968516 -0.0233917169084598 -0.0709190051963877
0.0833821692401726 0.11382418831845 -0.121935859578169 0.104318624363614
0.167121792219628 0.0598617262211125 -0.0120762751653616 0.223226361045649
0.173764023774122 -0.070281437068833 0.10801206359988 0.163864891060716
0.080111131430886 -0.117123933733859 0.132752813870629 0.0462931097339768
0.0121163898144757 -0.107047689635267 0.0573878499165405 -0.012698318178907
-0.032642925743251 -0.0983651486559358 0.00659916181706446 -0.0325470757654907
-0.04036934551767 -0.0810946796954335 -0.0120661072333732 -0.0297490676411489
-0.0299810363266012 -0.0810686664495842 -0.0275496167126304 -0.0318011448370132
0.0167569742739721 -0.0913125010429421 -0.0683665895104525 -0.0656137963692226
0.0730899020816075 -0.0937573503016267 -0.084180122612758 -0.146351128912623
0.17043803606022 -0.0522106434035826 0.0195030309921859 -0.25138057644064
0.196656962200212 0.0678532560790356 0.172178988340366 -0.231802391723728
0.101864810193772 0.159225468285963 0.239734234432028 -0.0666401565053621
0.0350881156001591 0.16215718249699 0.0489023649404845 0.0347433663390985
0.0152509266929979 0.0694658118136169 0.00778003291021092 -0.0696482597346387
0.0521437400998194 0.0824670737600985 -0.0335327904305734 0.122702992733137
0.124727420854596 0.0510469949804114 0.105055594723591 0.176597505041044
0.137253232452984 -0.0559672120532268 0.181358606105087 0.0718545307250442
0.0653206858780127 -0.0998755716010213 0.146529873782415 -0.0489965944064655
0.00888228111775828 -0.0939619833110214 0.0450271237411519 -0.085379264721688
-0.0260829212702727 -0.0877722363996873 -0.00560556116275292 -0.0770753251683097
-0.02975358314691 -0.0691683612729715 -0.0174494373034576 -0.0595914592183934
-0.0167000378379792 -0.0640947644709033 -0.0351968160403723 -0.0609743646136876
0.0211065515549018 -0.0640138891017142 -0.0530222361333983 -0.10229807036221
0.0667363000862075 -0.058174128821134 -0.0119571969304041 -0.186268701755691
0.137544159863306 -0.0144760858922823 0.161545192849521 -0.229451366753073
0.155240684095035 0.0885381206675248 0.315902660805597 -0.130037545925966
0.0782789853691627 0.160613519048212 0.293487394645696 0.0366266952891332
0.0264877204727197 0.150080047886847 0.05795890464805 0.025152148374285
0.00723609510848894 0.0315932059061735 0.0354046119010183 -0.0698099404328558
0.0235546634396374 0.0420956673948247 0.0262360486137199 0.11422989867488
0.0686136939638406 0.0359072676178063 0.163890096517691 0.124284086675716
0.081613599061961 -0.0278109209640745 0.210955944320469 -0.00102923054364691
0.0442270658767253 -0.0581400100824618 0.139264600180663 -0.121445979586167
0.00838734511051975 -0.0593116073574365 0.0298300959579412 -0.142434787953795
-0.012235246838199 -0.060136276319632 -0.0147751191992394 -0.11129673390481
-0.0142370536351461 -0.0466154877557053 -0.0200254751349414 -0.0792074436340608
-0.00375079121061964 -0.0405598621421889 -0.0384140535807293 -0.0774135308725654
0.0184801879987933 -0.0362572237049103 -0.0353054206267835 -0.116986920638603
0.0477080755888193 -0.027122193104245 0.0503053615962235 -0.184359314492125
0.081231052538365 0.0112090238722997 0.253618195771959 -0.152534806405542
0.0831662612682538 0.0825225097815703 0.378444269755826 0.00501552269776319
0.0328636812918793 0.120636153023148 0.292075009831436 0.130351920650275
0.0124263672942396 0.10246859073648 0.0552272670033165 0.0105394810427876
-0.000807909580832525 -0.0067765712101014 -0.0160136391051414 -0.00559031818852529
-0.0139715217221553 -0.033510366480566 -0.219731420380291 -0.166761052027336
-0.0207161792537183 -0.0381215349517755 -0.386093132860389 -0.102128305665962
-0.0335500715472394 -0.0219993684556318 -0.29600806106788 0.099144332814487
-0.0250068392485211 0.0105696729079343 -0.0914795598910809 0.185648266478326
-0.00759802261125139 0.00968925745462533 0.0273159908950595 0.135474274525363
-0.00228570687971925 0.0168505598961311 0.0415018892934141 0.0777811844276168
0.00133928798928721 0.0184687247228557 0.0235661497569723 0.0783208099449245
-0.00193317530043388 0.0151470357967385 0.0247271852004238 0.119864006470731
-0.00618654018508834 0.0207431123102987 -0.0109097504841565 0.157317467136458
-0.0193707089027591 0.0111064790061003 -0.115507054344433 0.172335047668913
-0.0184479282640415 -0.0134233424729936 -0.217385784342364 0.0641165663344414
0.00643372964437067 -0.014091496867442 -0.211269804212235 -0.0795892739773473
0.011492951625306 -0.00345338157071763 -0.0885820311238288 -0.116562240956395
0.0139247739691429 0.00126733637541634 -0.0707894853230219 0.0658397098637515
0.0196618078286932 0.0747382324585513 -0.0258835600883931 -0.0195415036482534
0.0366777319702468 0.0729047053513235 -0.224723465852204 -0.177675306277871
0.0617883262443658 0.0227675181709256 -0.402742227292282 -0.100674605933078
0.0372579282054209 -0.0262656510860151 -0.307986519746476 0.106625960078758
0.00206461793368803 -0.0169349389639063 -0.0914265146490945 0.188795725500973
-0.00286825588086973 -0.0139682338491119 0.0256220445746629 0.136727073633306
-0.0127177394406777 -0.0120280019425522 0.040134127425576 0.0780267512148747
-0.0174143135663136 -0.0136786091997214 0.0191251376184691 0.0756298596984671
-0.0247062295725398 -0.0223483149832228 0.0224866207951176 0.117452642380903
-0.0136501176000212 -0.0309303173410868 -0.0174168722845853 0.152976755866426
-0.00292647331276357 -0.0433432707012821 -0.118248875816538 0.16412873074981
0.039383735361053 -0.0494648714083294 -0.21729314776679 0.0532081554835749
0.0686019605775486 -0.00152003223517386 -0.209741599692314 -0.0835898437513011
0.0356983089154597 0.041679185818689 -0.0763002045426634 -0.115340620520459
0.0148468386444755 0.0447626594116352 -0.0578164816838855 0.0641785633267262
0.0397382951297353 0.130757843366587 -0.0417720163540148 -0.0458061087680734
0.0863217344029623 0.142236677489355 -0.253323838918779 -0.150108781776119
0.134520582808188 0.0597415774846014 -0.41182827235465 -0.0125721291234979
0.103921955548778 -0.0391049166611082 -0.277075150910298 0.170193672445531
0.0330643727106074 -0.0463632283321172 -0.0550799842033843 0.202557638543833
0.00456126145361514 -0.040413895208092 0.0359479716511115 0.130835120299574
-0.0223700264521739 -0.0410012237401423 0.0356408185570304 0.068921949639732
-0.034384664532792 -0.0436549888348782 0.0122912654194504 0.0624216501287418
-0.0413835722040762 -0.0564562734155643 0.0134827020671742 0.0944749803244503
-0.0157379639398923 -0.0751507650880757 -0.0342246306054304 0.12003271950124
0.0160060584605498 -0.0908962155290529 -0.132541647660487 0.119683693637823
0.0945568816632218 -0.0814723734355585 -0.215481924359417 0.00316239201009624
0.128519837253241 0.00946276601606247 -0.188394034085955 -0.123496892542653
0.0602412693220777 0.0840933824511557 -0.0354348784856689 -0.132089984719415
0.0181078644892259 0.0860129402848969 -0.0343897249412251 0.0584095111479188
0.0499881504982388 0.149815567798689 -0.05363511104658 -0.0685172818494587
0.11871392196977 0.157662745486762 -0.264826657198551 -0.0668930636265323
0.183159446506449 0.0663632793077314 -0.34350621552606 0.12729913944946
0.155238858928013 -0.059219146393897 -0.17343825856083 0.238567706459642
0.0618329821709766 -0.0807914110285468 0.0134567358957581 0.194284679530176
0.0110715177753253 -0.0709696128235798 0.0511035847224282 0.106882836472684
-0.0310065988269525 -0.0686269843494284 0.0283595644627098 0.0476533295226957
-0.045021094405848 -0.0664455946981254 0.00388502754899232 0.0380289303437716
-0.0479712366029669 -0.0793059680182272 -0.00034175059570213 0.0545618001146123
-0.00993357553278956 -0.103398774682304 -0.0556140693811318 0.0623100673374668
0.0384975958724485 -0.120598712563165 -0.145390022825735 0.0399636149016943
0.142269918416012 -0.0983264770276394 -0.19153616467825 -0.0874036819298788
0.179039187487475 0.0209739267217801 -0.125573179293995 -0.189992068760705
0.0849439119025398 0.117623773577148 0.0401198091510444 -0.149033702341556
0.0260703044919066 0.122171811170549 -0.00195235522608405 0.050493345458129
0.0465905503051519 0.136976752343363 -0.0509605133632899 -0.0758619393420009
0.11562072993678 0.140624192001095 -0.21907703597204 0.0374955557576193
0.195161687456629 0.061154452318377 -0.185442031665408 0.222529100185713
0.181929068409486 -0.0769507281458505 -0.0219214732142063 0.238827027686014
0.0797930418447636 -0.112419154849637 0.0867741310357452 0.138947324674897
0.0125607190181888 -0.0984063702032503 0.061321811885622 0.058021745919377
-0.0365983823396484 -0.089954793202916 0.016919594183629 0.013352523497978
-0.0487849988677877 -0.0789284328185081 -0.00563438921977773 0.00539459650595193
-0.0446246922211049 -0.0870103994635353 -0.0155722370467596 0.00781583923831299
0.0026799964156846 -0.109130359795783 -0.0708504740003451 -0.00674357623903712
0.0604761144592612 -0.12257051834109 -0.13613395416469 -0.060528165529912
0.171884253945058 -0.0911305219045668 -0.116748894311904 -0.192075012961361
0.206617512024992 0.0380020983036869 0.00133005289587666 -0.247502052397469
0.104379306123746 0.142613194807595 0.145826334202701 -0.136041365554302
0.0360873827401462 0.150312779387253 0.03109843498389 0.0429396189418218
0.0319274056453035 0.107880141827157 -0.0297635300900081 -0.0752316126030634
0.0878415873841354 0.115298247706915 -0.127830926075734 0.106524459621627
0.17474819927334 0.0552592887193995 -0.0137735170383208 0.228817019078191
0.175645102644734 -0.0799888244492045 0.10880230783777 0.166834983762669
0.079003698752751 -0.124478070048576 0.134377566034999 0.0467201414720931
0.00939697974643014 -0.109459245000187 0.0585300887435883 -0.0108757895121261
-0.0372077354522898 -0.0975575379412525 0.00316342184573401 -0.0304941973151556
-0.0445531427763248 -0.0798459952113104 -0.0142813175781971 -0.0297029691735329
-0.0339792843858246 -0.0807051939590879 -0.0283093055044632 -0.0336550335422326
0.0145654022765858 -0.0937328468482042 -0.0698111451275887 -0.0663237733122245
0.072139083915864 -0.0987650603597074 -0.0879826130463587 -0.147271049776616
0.173091898920038 -0.0586016188007631 0.0156241887683863 -0.256749889142255
0.203775748086475 0.0633042318337176 0.173980096451274 -0.237821704537424
0.106968037486121 0.162121698133979 0.250005875635253 -0.0702075574813555
0.0388881009496894 0.164957359912947 0.0552154211293083 0.0362244085634834
0.0164069133679996 0.0722233482504648 0.00195057898185145 -0.0744895171501606
0.0556681616526949 0.0837557845670885 -0.0363970667736089 0.124726638982624
0.130811651791275 0.0470927414999539 0.107183067738416 0.179150250188829
0.138803042466974 -0.0644501524967973 0.183688485782376 0.0701210535725346
0.0645722744341077 -0.106398343912683 0.146219517663839 -0.0510670758338567
0.00630813743220505 -0.0959144043186317 0.0431874502286263 -0.0841466613652387
-0.0304628302050539 -0.0878238997105742 -0.0106660980863939 -0.0752354242909678
-0.0334504549602276 -0.0681645711248254 -0.0209850371411986 -0.0604568962879895
-0.0196256669418247 -0.0637806387360626 -0.0358889220794181 -0.0623668469628681
0.0198517694865598 -0.0659750754379329 -0.0548577091738008 -0.103101686612897
0.0669698158855451 -0.0621173651829294 -0.0151949572113983 -0.188561902403385
0.140416637970489 -0.0184248126832263 0.161171258911516 -0.236120220461786
0.161307379961636 0.0869857567938046 0.321487370648237 -0.136109508267278
0.0811019708158178 0.164401195688518 0.307288322221512 0.0348809813897221
0.0293795739357496 0.153462180201331 0.0649930005538668 0.0258442718550471
0.00684646125200189 0.0329778046006762 0.030892309161785 -0.0747413578815888
0.0256084307854755 0.0431301944202864 0.025260139471778 0.116598951349615
0.0722824892469713 0.0342176575834695 0.168843699627813 0.125430482041927
0.0826686453806098 -0.0326579445908203 0.213262321064498 -0.00494903353119283
0.0439433907994859 -0.0622390823142589 0.137580783555583 -0.125047234620863
0.00692082344196066 -0.0603035298310718 0.0255602249694433 -0.142177627144889
-0.0154364237670898 -0.0599884101175422 -0.0208843307376118 -0.110526924054456
-0.0165384952473627 -0.0464778689025886 -0.0240348548953219 -0.0810057011306299
-0.00577147518802406 -0.040685476711884 -0.0398497764693379 -0.0782475534894963
0.0176862128772941 -0.0376099151654291 -0.0361089070454364 -0.117497920317829
0.0486134539690291 -0.0300177783198523 0.0482758206741016 -0.186506190786315
0.0835551522921566 0.0094417790352941 0.255143563324817 -0.158032437725737
0.0869191201645748 0.0819381194653778 0.386282656668331 -0.00041987982667061
0.0336657836894225 0.123543332261994 0.305603733240152 0.131207166821369
0.0136771782806633 0.104280272176142 0.0629376740604004 0.0108210937184128
-0.00195230517556014 -0.00885624160704295 -0.0220262946988111 -0.00411693479377809
-0.0179044742181844 -0.0341681539240207 -0.237079661902573 -0.159710062533171
-0.0243348349849454 -0.0376876565286982 -0.401880945040561 -0.0842294373437257
-0.0360155252049576 -0.0198755937703772 -0.298562361093459 0.115440361719171
-0.023771812742677 0.0125088317519284 -0.0842850264061235 0.193574113260722
-0.00757837356397452 0.00968834222254617 0.0352033566780292 0.136268522537482
-0.00101022716734826 0.0176150810646626 0.0468801896301228 0.0770403812648657
0.00383718995643427 0.0187414900466984 0.0300060526727763 0.0789750797053276
-0.00113940471964086 0.0163889459559478 0.0341940690910258 0.119123865338095
-0.00461753573092172 0.0220152609569378 0.00059885200056284 0.158539292833516
-0.0194238894181613 0.0138407639328352 -0.104310351115542 0.182091946320852
-0.0199098581334831 -0.0113574949060904 -0.217913133293742 0.080477657742085
0.005582579729531 -0.0151650744859791 -0.221327418032325 -0.0689169612509828
0.0125745494273163 -0.00395700188889528 -0.096803509988098 -0.11619163031039
0.0146601105898144 -0.000214811705750936 -0.0642045609626354 0.0744139878610787
0.0238530809216937 0.0754648828131128 -0.0337812039383174 -0.0192697112132986
0.0403416341522136 0.0739299113170062 -0.244048025803432 -0.17228676588794
0.0638300499421298 0.0193342180161874 -0.420291586534046 -0.0806571690742139
0.0367116364144177 -0.0286252398188096 -0.310607487018204 0.124025860861968
0.00201490049772927 -0.0171392498310818 -0.0850554932428704 0.198306452069138
-0.0039420952588774 -0.0148788553953669 0.0341081609849201 0.13884623663286
-0.0134053228453271 -0.011302584465653 0.0455397372712435 0.0782025220763163
-0.018819684585548 -0.0120878486712745 0.0247130988418704 0.0777190439792619
-0.0272635869432814 -0.0206359877112269 0.0316160323418352 0.116739208282386
-0.0162605015678684 -0.0304703332301009 -0.00683975815767195 0.154425971452837
-0.00669150880933465 -0.0444486694735102 -0.108139402338625 0.17469323305688
0.0366571168675347 -0.0545827672490492 -0.219116732507142 0.0698891259335333
0.0702928214365953 -0.00791817489994153 -0.219854854026838 -0.0723119379789403
0.0403050005979525 0.0403725596269347 -0.0826758811444344 -0.116090793414396
0.0193720488324103 0.0438615941001436 -0.0513607393604433 0.0709448039313935
0.0471368065601118 0.133648240503284 -0.0518730586626781 -0.0451720511073712
0.0956475925877588 0.14415769459173 -0.274273521409755 -0.142513981395647
0.142113883667059 0.054056782246636 -0.427517332629152 0.011818607932649
0.104012017046025 -0.0473242959385705 -0.277601861783617 0.190380056952489
0.0315480574317555 -0.0505690454636584 -0.0462926246741117 0.211150452236012
0.00233677005027745 -0.0425093827842059 0.0448513936246249 0.132537451094868
-0.0256309958094053 -0.0396281339302151 0.0403138670092624 0.0694837435704487
-0.038197233807626 -0.0411667020891828 0.0163463181724208 0.0645994114467392
-0.0469459509155064 -0.0538705609348907 0.0206040550255584 0.0934311029739659
-0.0214924947205999 -0.0761161360758031 -0.0266560761124239 0.121955591370325
0.00922567114256801 -0.0951759181312782 -0.126359502600174 0.130224474563694
0.0909454869450763 -0.0921719791754275 -0.22028865215957 0.0170599733857901
0.133351309383865 -0.00121168389740266 -0.199536235310132 -0.114664794627898
0.0684706003247581 0.0822710598807917 -0.0404794222109925 -0.135483361762189
0.0255486329708691 0.0865876173421703 -0.0278575238266101 0.0638570756403362
0.0595107024068056 0.153188865120245 -0.0645247363154325 -0.0687704731666665
0.131127698247822 0.157693051756569 -0.28174900181409 -0.0566330051109931
0.194220001820038 0.0560503787454554 -0.351251770449197 0.151685739592671
0.155548246127398 -0.0731128692498722 -0.167562724952507 0.255899965499899
0.0583966779709407 -0.0893104509888987 0.0237324820889192 0.200331570579095
0.00674020809654475 -0.0745563018108254 0.0595559621146544 0.108099281053663
-0.0360472736072633 -0.0670832880967999 0.0311389173311627 0.0491713459388342
-0.0514963256504599 -0.0633313797483502 0.00563657619447199 0.0406823905388211
-0.0557628868114184 -0.0764582834664158 0.00335438165766593 0.0534208584119892
-0.0178221954614825 -0.105879333684952 -0.0524817604669751 0.0647296030011914
0.0303050005440369 -0.127904847278739 -0.14522176040464 0.0488992516240917
0.13939674526356 -0.112652711669048 -0.201270618457024 -0.0774624993009469
0.186119836036246 0.00718854724796798 -0.13806586786498 -0.187258587919481
0.095802082983016 0.116065344635479 0.037755517072979 -0.156796059260543
0.0359242862061004 0.123853116945559 0.00527640147479703 0.0534975773228174
0.0564837236504287 0.140731250365059 -0.0625535257096932 -0.0770021451979793
0.128218832620443 0.139453628062199 -0.229147822213265 0.0481931005857563
0.207217996376822 0.0482485883519822 -0.183713418741333 0.242007649339989
0.181323002289665 -0.0942396770819906 -0.0124917302842958 0.249709523383413
0.0740393326136535 -0.124358637941747 0.0967649100312575 0.140712808813219
0.0059052199837669 -0.102382482174627 0.0680868884284077 0.0581953754578584
-0.0442318003710548 -0.0877783777785299 0.0168423430521149 0.0159406011017242
-0.056357913057776 -0.0759970738945532 -0.00633771378354844 0.00723874638107086
-0.0524830652588604 -0.0845728687730239 -0.0157777481130261 0.00649463751798784
-0.00531182611949805 -0.112875481710266 -0.0727669945446358 -0.00437174336194559
0.0531893687083176 -0.131310028440966 -0.142298522251233 -0.0543898950575771
0.170722149417984 -0.106960035663736 -0.130760263014281 -0.190170281455357
0.216908944980036 0.0231708609846124 -0.0101465104389705 -0.254019275965444
0.116943053051858 0.141438024926462 0.148536444005218 -0.148255403842528
0.0474250747200294 0.152580098454689 0.039243781572663 0.0437895348247604
0.0397793589414234 0.11164546134689 -0.0409550542674013 -0.0787606021527006
0.0992115623701605 0.114281232437889 -0.131300927825681 0.115585864412671
0.185965002095144 0.0426141984274435 -0.00534046953631361 0.238851846481676
0.174623114558474 -0.0984167417307535 0.118713659539988 0.167416572192066
0.072295727017606 -0.13703955168266 0.139426475887224 0.0423364485765471
0.00184035027275124 -0.113246361121175 0.0603942945814374 -0.0116065528869547
-0.0457624276990549 -0.0957959484403476 -0.000728623954494314 -0.0274629017913211
-0.0522439797986934 -0.0768091864133779 -0.0182790427069493 -0.0288083805234471
-0.0409696153410759 -0.079385916236536 -0.0315057999973316 -0.0342848791122304
0.00830171689765887 -0.0975871775163148 -0.0753216137979523 -0.0651658108128135
0.0672600747544885 -0.107572111761528 -0.0987112887845533 -0.145522391269612
0.174728515973027 -0.0731930198880681 0.00139326124092365 -0.264096505982046
0.214730004894729 0.0505431292755123 0.167868323654929 -0.25402620055143
0.119621934488817 0.162838153869501 0.260348321914715 -0.0856090843376465
0.0498345197296072 0.168927741534943 0.0640128722200172 0.0352986159380984
0.0215725466982002 0.0753143096818221 -0.00803323142421105 -0.0800313769669953
0.0635464889921888 0.0832396628262027 -0.0354686078157303 0.130540338317124
0.140164136763361 0.0379836236124282 0.11785182553865 0.179303230788317
0.137626126481511 -0.0791663379180888 0.190906635918483 0.0628689727127882
0.0585986054087456 -0.117050252964069 0.145290162528335 -0.0594686292232535
5.2289028199707E-05 -0.0989269038996404 0.0393372815065392 -0.0852227929645302
-0.0383109215608639 -0.0859055512196431 -0.0181152709417976 -0.0732602862598925
-0.0399838251400122 -0.0660707407784806 -0.0272794652102704 -0.0604535683108782
-0.0251210964149768 -0.0633697368750908 -0.0408010334899138 -0.063074469948255
0.015779495280269 -0.069528571322728 -0.0612417978751274 -0.102605268992453
0.0646940492157314 -0.0697585192086657 -0.0265495655342155 -0.191156875975301
0.143978831921124 -0.0284302961243911 0.152543565906302 -0.251358283062152
0.172040574977175 0.0783683374789082 0.325323585456503 -0.157330489534871
0.0923148850538229 0.167015956701309 0.324697124655303 0.0196595185888775
0.0391887747859559 0.156933814628181 0.0741387339479292 0.0229881983382696
0.00844138999184902 0.0345756401081061 0.0222587239074327 -0.0819333390272335
0.0293993545666285 0.0428439960639686 0.029553514247777 0.119070011043215
0.0784885035142503 0.0287837377783045 0.180592775601904 0.119769942437112
0.0828076847468325 -0.0418138107034253 0.217385896557023 -0.0183121271957772
0.0411850898022958 -0.0694126763741212 0.131757973954293 -0.135440896767402
0.00337354269289035 -0.0624030283420294 0.0156712458758401 -0.143579449262093
-0.0211247730037666 -0.0589449059310287 -0.0311952604207048 -0.109342308760226
-0.0208949348016224 -0.045426773663652 -0.0315360766755588 -0.0821383179188572
-0.00930486893532683 -0.0409906996342535 -0.044879993761413 -0.078632648759854
0.015408014015944 -0.0402982198819347 -0.0426377503548199 -0.11783273199418
0.0477174434215281 -0.0351436724031091 0.0397188003049106 -0.192253141564757
0.0868601842576237 0.00433604548590081 0.252841250519289 -0.175925745768323
0.0948483028811303 0.0781635879966275 0.397532203347909 -0.0205930912451432
0.0404691169415077 0.127279585846231 0.329227331724224 0.118249723425348
0.0195650480223233 0.107066330657047 0.0715347702030883 0.00745492063893676
-0.00340545193418221 -0.00975355855783705 -0.0271020003291913 -0.00112561544404524
-0.0220635664427243 -0.0317582879498702 -0.249110990511809 -0.13721561990374
-0.0279701630199179 -0.0342293334575827 -0.402539551863079 -0.0495387918975135
-0.0371224304290963 -0.0152227087973475 -0.283667963511049 0.136462382244215
-0.0210151556470259 0.0142037404578661 -0.0674207366426419 0.195511565930688
-0.00751781322786455 0.00981796349188137 0.0455718011680647 0.129719087787734
0.00134195061982713 0.0170642104697625 0.052878914914434 0.0715061094981003
0.00595901274822224 0.0178232814213571 0.0378364740824759 0.0747833751201094
0.000557540630741271 0.0167109586890635 0.045147437860777 0.111533785686076
-0.00134469413540757 0.0222903012734526 0.0157426232986853 0.151129574801439
-0.0175977776814341 0.0163891848055434 -0.08225210521293 0.186039128917021
-0.021042456155624 -0.00854674188361487 -0.204951809923463 0.0990878965179005
0.00368501189130525 -0.0155301281175039 -0.223388904948077 -0.0476306850623952
0.0131494788621224 -0.00488057681886475 -0.103904616259494 -0.107275797366018
0.0144606529334692 -0.00248656802192275 -0.0504069594853984 0.0801174754966273
0.0296165783359401 0.0729281809300023 -0.0415250075126011 -0.0147705077446937
0.044618787117852 0.0704244632324343 -0.258136826814745 -0.148914969103861
0.0640332912440595 0.0132563168251818 -0.420998191046098 -0.0435930877268849
0.0328866742505205 -0.0308892961577912 -0.295448255710967 0.146887895660638
0.00120880377511998 -0.0176880497584186 -0.0670148584880844 0.201565158879391
-0.00526789573513215 -0.0147253904730394 0.0455296526022066 0.133756877452278
-0.0142667243657738 -0.00982534683976834 0.0516543229601241 0.0733927192925712
-0.0190435785133322 -0.00984144949888271 0.03246793264536 0.0747747163063485
-0.0289745366649131 -0.0164101262626225 0.0428898830498137 0.109205599060238
-0.0188103315283326 -0.0283080787429918 0.0081681694488388 0.147886944456311
-0.0113447797819794 -0.0425664383065872 -0.0878078527497261 0.179392917666846
0.0297772309369485 -0.0571623849960331 -0.206821368966651 0.0892008481126103
0.0683928086490759 -0.0157870590189354 -0.22101672077108 -0.051483638227751
0.0437332131288288 0.0356996029204738 -0.0892000012868283 -0.109041591103407
0.0235518073964547 0.0401941967791984 -0.0396399742462639 0.0755375589980892
0.0576469889002372 0.129753006167542 -0.0601931650061453 -0.0397053520412203
0.105340591880938 0.13620812709195 -0.285871309909681 -0.117619440519462
0.144415325642804 0.0401032485958905 -0.42313985415797 0.0489308175358367
0.0970179234246249 -0.0561072144751405 -0.257592424362699 0.211259537839239
0.0265750306201965 -0.0540811885347582 -0.0281624250595714 0.211521188178412
-0.00205949401244498 -0.0428590834334602 0.0567259195080545 0.126489618521986
-0.0283707649983842 -0.0362040013089241 0.0453666072392647 0.0663858009361482
-0.04139265810818 -0.0356181279976563 0.0229326003031448 0.0633558379181644
-0.0517607796998149 -0.0466233937161473 0.0295470270185849 0.0881306847478853
-0.0294766845643064 -0.0729282687075399 -0.0146670890229986 0.119032319670592
-0.00157536668905514 -0.094616647112175 -0.109820710904688 0.137758739020389
0.0791809014317702 -0.100402213444899 -0.213107449968744 0.0374070326387726
0.130833541588536 -0.0162559139120744 -0.204870536420745 -0.0948062596491579
0.0757165411323905 0.0742408223642821 -0.0480109071217268 -0.131982262685029
0.0343601838581069 0.0814599647583824 -0.0171751845527446 0.0668087848119467
0.0722944773322309 0.148872848142004 -0.0754037603314928 -0.0621449584406805
0.143022904340551 0.146410676787804 -0.287138741799289 -0.0324092159476096
0.19744338808645 0.0361168421435664 -0.337197431388298 0.181853276316769
0.145309675458534 -0.0876267171392986 -0.145616941605333 0.267429972414264
0.0485727876440359 -0.0950643676979245 0.0397660697154482 0.195551677522935
-0.000516553452751586 -0.0749142758070987 0.0698876321782039 0.101830148198091
-0.042230698548564 -0.0616510878873827 0.0345575850323407 0.047708551134801
-0.0569731452475107 -0.0552556052927551 0.00985347442274735 0.0407553719466453
-0.0628661985383434 -0.0680641810759368 0.00777905347340252 0.0499486354567163
-0.0285310314381342 -0.102382986753375 -0.0455226424894927 0.0654348632877047
0.0161380340353997 -0.129211274796895 -0.136349864227011 0.0598110788304676
0.124784963550379 -0.126464007963787 -0.202867157214729 -0.058052366828305
0.184019281580247 -0.013276709483524 -0.149833790709546 -0.172049893792873
0.105648415000214 0.10506245162191 0.0282905997122519 -0.158720687927986
0.0480724311746277 0.11773575834271 0.0146831674228633 0.0535128047533889
0.0689742798754805 0.136818865153868 -0.0739679833771553 -0.0714936058959467
0.139948850304722 0.127865390146431 -0.227299947355688 0.0664834535257004
0.210577490840472 0.0253302362895506 -0.16505288412513 0.257109831875388
0.168194588249028 -0.113278995971921 0.00646040661759279 0.249098599875067
0.059496012067145 -0.131784490216201 0.106044239233888 0.13122447668667
-0.00412352748261998 -0.10230042511213 0.0739306791803124 0.0525279561182702
-0.0517436643396459 -0.0806222329395852 0.0173138896908127 0.0169933490036935
-0.0631081427192396 -0.0671748755618268 -0.00564675674467367 0.00938872956280204
-0.0603978018591752 -0.0763455952106894 -0.0156131596463317 0.00568372421707889
-0.0172565848350977 -0.110063363671174 -0.0715740190857873 0.000335606126026967
0.0383473255037499 -0.135481980039308 -0.143511416624404 -0.0413553723077847
0.15701817571783 -0.123762978557999 -0.143774702053089 -0.175894336193213
0.215938308885052 -0.000186303595106904 -0.0287431915096062 -0.249463603791692
0.129184621010812 0.12974090548811 0.139250824088051 -0.160204537458963
0.0616956973586417 0.146149644886537 0.0469944838454249 0.0405658566358614
0.0508803631551275 0.10880184296093 -0.0536560536841565 -0.0751712408193774
0.109913220435593 0.104119925727007 -0.125055787214351 0.125132247589144
0.188928446788776 0.0204540921023396 0.0111012803405905 0.238200653971955
0.160506735431013 -0.117259538738644 0.128827939659561 0.156327455171796
0.0559583332709925 -0.144763693141309 0.139750932024281 0.0308776646097089
-0.00922701432768898 -0.112499295626237 0.0596148938563027 -0.0145159832630921
-0.0545180811313632 -0.0879382509282183 -0.0042616983404863 -0.0233313964597817
-0.0593233325607465 -0.0686606061704548 -0.0218915908491661 -0.0253481657640186
-0.0485706726097944 -0.0721157882887991 -0.0346592001256428 -0.0331411465776316
-0.00160852158633273 -0.0969000824771871 -0.0796977645909525 -0.0583823681555045
0.0548684495468691 -0.113485667697455 -0.108619244935647 -0.133342193658356
0.164370308853247 -0.0900170008102526 -0.020247193936643 -0.259462105537775
0.216679602541952 0.0280566119359647 0.146521946949428 -0.264846602414035
0.133148888291567 0.151577303289007 0.255395920735103 -0.10852513131785
0.0653306945927338 0.162020055771733 0.0709276982209514 0.0287621948402725
0.0291757431865847 0.0743930130395578 -0.0211194365088559 -0.0801943122813228
0.0714350742657908 0.0757647680978497 -0.028456988454696 0.131449401167669
0.142894682652032 0.0199518092795786 0.129372214111888 0.167944209213228
0.126119266566036 -0.0949538580880735 0.191042561518782 0.0463609576210719
0.0445633022525071 -0.123755101937381 0.136164640638511 -0.069170445763869
-0.010132579295722 -0.0979878708294869 0.0313537516117191 -0.0845420695469164
-0.0464521457948079 -0.0787448058072825 -0.0264187861877758 -0.0663827824930317
-0.0463261523736058 -0.0591989080087613 -0.0343237230061981 -0.0564884573491347
-0.0312434527280826 -0.0583027233580405 -0.0461488886719241 -0.0600530293033809
0.00804297044256981 -0.0702365615618773 -0.0686229721571935 -0.0955234387188704
0.056148369198086 -0.0760894206575943 -0.0419872674516142 -0.183642104727653
0.139187297746429 -0.0421487117467682 0.128385742849295 -0.259045312254561
0.176800633737456 0.060774365905941 0.308501193976129 -0.182675422700315
0.105012843192013 0.158830688268813 0.327945891101844 -0.00948491457666626
0.0521923419899808 0.152517076730164 0.080353701110497 0.0151963810218254
0.0114493689678637 0.0349640263680083 0.00901772145550427 -0.0852194556564844
0.0333337058915084 0.0394264882078744 0.0357675078371605 0.114431447452817
0.0811908560514936 0.0187519675067116 0.186827077087158 0.102994350778309
0.0763728732543316 -0.0515078984808067 0.210299495074925 -0.0365804316663867
0.0328907619838897 -0.0744508958032889 0.115230791046158 -0.143174047926973
-0.0026309104169255 -0.0620957242826509 0.0018453899682877 -0.13869575910135
-0.0268575924836817 -0.0541598472096002 -0.0425189628646253 -0.100382218143658
-0.0256784318903056 -0.0415241145586391 -0.0407548875954379 -0.0773542767595623
-0.0136721205966392 -0.0387059602747386 -0.0508055316590371 -0.0739785551048357
0.0104826111132328 -0.0412386552475362 -0.0508355337596507 -0.11210650805944
0.043217062659186 -0.040259763929635 0.0231628568032296 -0.190502001431206
0.085899357744631 -0.00364461856652471 0.233668591182022 -0.192832329633734
0.100992453978404 0.0680358032256073 0.390271094466395 -0.0535662734538426
0.0504163096382905 0.123552068182857 0.339349811326783 0.0881684434113011
0.0279484221194814 0.104199268391696 0.0765144573862836 0.000153401168986332
-0.00604459546038127 -0.00881461690195303 -0.0286826821858501 0.0063485058842972
-0.0291702097383429 -0.0210698474060232 -0.259949796474243 -0.079401533610216
-0.0339742498144778 -0.0197964305375515 -0.380155515369731 0.02848330655926
-0.0353408113572381 0.000119461908894694 -0.239659842346857 0.174295012208562
-0.0125309119360777 0.0181434688635855 -0.027679684128673 0.192391526300801
-0.00410100999074874 0.0097303490711844 0.0656454273321326 0.112536045674845
0.00502827508569615 0.0143512099251223 0.0616141139069625 0.0589559392355645
0.00958017287367425 0.0147352533771481 0.0495410937113854 0.0622506759753104
0.00445817495389849 0.0153446407363564 0.0637309478684296 0.0921916018014202
0.00394463741248618 0.0212951279991855 0.0441706637243122 0.132494297675064
-0.0126794660545198 0.0195432954595366 -0.0363268417650584 0.184615611515966
-0.023378970977093 -0.00228977440053042 -0.166230459987479 0.129763041892538
-0.00110229538091071 -0.0153812324832828 -0.213548079319346 -0.000571079557873399
0.0105975019618594 -0.00932608832010127 -0.114405039169018 -0.0789648065013707
0.0119043418365464 -0.00402793787794522 -0.0262570458642974 0.0814822485897995
0.0364109022225273 0.0624662676411343 -0.0444027667182919 0.00111129430226303
0.0477223388561745 0.061458105298227 -0.270582691539713 -0.0842060779843023
0.055712878950224 0.00844752595358149 -0.392022932212645 0.0419160928715842
0.0251051162793073 -0.0259458407103686 -0.243457376624545 0.188454166590776
0.00272020076271025 -0.0144456093166365 -0.0240044089551225 0.196867576687586
-0.0064638929709246 -0.01339203530181 0.0674580213307914 0.114913312582664
-0.014065798391832 -0.00664696539317592 0.061548898956371 0.0592591808308902
-0.0180044730154146 -0.00593422106235668 0.0457826781902675 0.0639476813938065
-0.0282375543879147 -0.00942117178888294 0.0615082151878613 0.0905362840497033
-0.0216280609756864 -0.0216080101956104 0.037500048421524 0.132201883652606
-0.0169781106030523 -0.0351408522292591 -0.0424257972309135 0.180216944464439
0.0139431182071173 -0.0570653795679903 -0.17015310733485 0.123365040941601
0.0570169105549541 -0.0267448294662803 -0.211391127989028 -0.00363696935333978
0.0459317555091699 0.0224414103348051 -0.102126156427188 -0.0840734869771582
0.027872452487288 0.0336121161271866 -0.0180266269611776 0.0763917230497767
0.0708518753865205 0.111232988095424 -0.0649270895605519 -0.0156018788781975
0.114769639129267 0.112216852391048 -0.288336126684515 -0.0459361523400613
0.134465922596412 0.0194196732922984 -0.372159704553398 0.132606049487502
0.0783051546249915 -0.06055652599702 -0.19279313456099 0.244003116887051
0.0185880624581682 -0.0520820771501369 0.0159476861825187 0.197256109516152
-0.00816881625788565 -0.0402920331498468 0.0769050514110345 0.105558297492375
-0.0315525690967183 -0.0275918212560995 0.0546512100316396 0.052832868173991
-0.0426437649880609 -0.0250938309451126 0.0349566956330721 0.0549135637526226
-0.0552859495653779 -0.0328462086921026 0.0457434740350328 0.073517315162502
-0.039715304913321 -0.060310469287687 0.0123746174090387 0.110047654623792
-0.016865222983966 -0.0843451022974567 -0.0712234354865256 0.146981526136719
0.0519156273348581 -0.106867708676886 -0.186780828901759 0.0776511908461714
0.114300772918036 -0.0380735347987577 -0.203684204671164 -0.0462303718408134
0.0824140366170278 0.0519714722644428 -0.0697523292400805 -0.11303025575169
0.0453435252819214 0.0700074601990111 0.000251508958176296 0.0641731057675844
0.0880900028660281 0.126583571469403 -0.0829448726885212 -0.032898434372603
0.153058846021094 0.115029397292775 -0.272449799512992 0.0336535886342054
0.18454687676305 0.00484817698740973 -0.265791709394939 0.239877680908999
0.117324753421308 -0.101184011075579 -0.0744225489733749 0.277423084787189
0.0300856424725347 -0.095277848871421 0.0770259896041705 0.16823573467513
-0.0129591765447539 -0.0701003945774415 0.08495955845252 0.078600185177365
-0.0484766772890446 -0.0476983691804407 0.0414406161413875 0.0371309804610111
-0.0606920196496363 -0.0404383791895007 0.0180077876364469 0.0361975245590335
-0.0692286143235043 -0.0500560583878704 0.0185741534614759 0.0429124882890064
-0.0450418503456936 -0.0884642604767247 -0.0268157265450567 0.0673778169623299
-0.00701181327689568 -0.119515761118771 -0.11261716786317 0.0810491485947727
0.0894730263478828 -0.139853253276207 -0.196543875584259 -0.0118027093293438
0.163404547778555 -0.0444440866166224 -0.166907272985542 -0.127966837715252
0.116401079118906 0.0757069396310926 -0.00452271476912483 -0.152679401516609
0.0652520470340502 0.101238222356465 0.0263827056687368 0.0466793462488695
0.0836861781359395 0.115694249721148 -0.0842860990224014 -0.0430172490317728
0.150214331480203 0.0963775374754708 -0.197871898278397 0.11289976904936
0.19625081698995 -0.0114977436607455 -0.0922932936696555 0.276733871179753
0.132322035361959 -0.131898668294264 0.0655612482018876 0.231350168254944
0.0316771199399359 -0.132112234228399 0.127481267366156 0.0943788034462652
-0.021157556311643 -0.0945707602850481 0.0797364367464477 0.031710986567666
-0.0612165350880735 -0.0629257428816347 0.0198821176146623 0.0108570160621977
-0.0685481002838293 -0.0491181975334798 -0.00312088693862572 0.0102327598934091
-0.0687790756653517 -0.0578382894495471 -0.0122412580144678 0.0068422513469953
-0.0360370448456552 -0.0977539959677238 -0.0639949943628312 0.0130168484038047
0.0120877531589297 -0.129567137627271 -0.139021498199345 -0.0100655180385797
0.120865809660102 -0.144292642707791 -0.165142978116023 -0.131545001948891
0.196130416072809 -0.0379723705658996 -0.0696631268976105 -0.221901787221238
0.143772351044946 0.0952705189364653 0.0967396178696768 -0.175356774358248
0.0816928982989508 0.126138583577679 0.053780396020244 0.0288428672298587
0.0634037200233613 0.0924822906374618 -0.0674246309912369 -0.0524901762620025
0.119958370639164 0.0780277332702079 -0.0927606983613861 0.14620650332198
0.177251161519665 -0.015582208636029 0.0666373322400728 0.225029817879182
0.122990128431437 -0.138188704992915 0.161587768726368 0.122250829611809
0.0233713376478581 -0.144314049764308 0.138722494620902 -0.00513509201592364
-0.0285886438358839 -0.102742323409769 0.0534913643429196 -0.0278698152520511
-0.0650521798176556 -0.0680897468652465 -0.00827352973331125 -0.0224679243231151
-0.065857680751074 -0.0508151042584034 -0.0250330078316901 -0.0189191129660027
-0.0575490127208076 -0.0562270568104816 -0.0379827298323336 -0.0254562911849872
-0.0197146817838043 -0.0887383826532397 -0.082607782304543 -0.038623881575408
0.0307149587432822 -0.1130518791747 -0.125467093369433 -0.101350006874105
0.135788582895977 -0.115232776687228 -0.0679370784154118 -0.231887688249704
0.202721402562558 -0.0109242157993374 0.0884395595341691 -0.269479292911472
0.151967169673371 0.117057307990035 0.213278396941509 -0.150002247367892
0.0873797437247845 0.140783162406368 0.0729727495782628 0.0134990118589833
0.0381333022898715 0.0636589940046069 -0.040644574538097 -0.065479167896076
0.08067217495477 0.0571737454113763 -0.00252721243803881 0.132573887015235
0.135549411420696 -0.0105518524539843 0.159423601095189 0.136341337309886
0.0944960851838821 -0.113546210602909 0.195948936459891 0.00810841617324692
0.0148356345708212 -0.123788998029514 0.114578886719923 -0.0963289890154182
-0.0273681275196501 -0.0889177311176051 0.0133284984620797 -0.0859845668668813
-0.0563568272138434 -0.0610689617821675 -0.0369051492569451 -0.0581234728232336
-0.0530520693947884 -0.0449066015554516 -0.0431902006762008 -0.0450124837496829
-0.0397227455439122 -0.0470834743029358 -0.0538967844801318 -0.0477836934181688
-0.00581335973861814 -0.0662829544352952 -0.0799210174288807 -0.0753525449708259
0.038262436672453 -0.0800925294483285 -0.0734484784604798 -0.160169521026673
0.122754707565713 -0.0659269385844242 0.068068631843363 -0.259479247096565
0.172942716690397 0.0263481107055435 0.251430399521386 -0.224544626849537
0.127935298322594 0.130608863138602 0.298533070349921 -0.0744659202979519
0.073306813738937 0.133960380290101 0.079557631129576 -0.00181369203359713
0.0157222141221276 0.0298110095879156 -0.0147170089378463 -0.0786018262018038
0.0388783911792968 0.0294838368652812 0.0524372062787482 0.102130164521564
0.0792344869862293 -0.00138869126909627 0.195926924174795 0.0616208713976314
0.0574692833950835 -0.0661097185508755 0.193377984029661 -0.0730589941241683
0.0123974590581814 -0.0768446187034726 0.0793142291897584 -0.157440784046885
-0.0147683140428709 -0.0566488627132336 -0.0246637272224609 -0.128599050775886
-0.0348241654105678 -0.0427291525131554 -0.0590411418642938 -0.085584561230641
-0.031454122281706 -0.0324009356171101 -0.0537864478917682 -0.0633138901066258
-0.0206707569236242 -0.0318781281252754 -0.0612404795697571 -0.0600145234664143
0.00125150938379812 -0.0401537156388423 -0.0669408798115546 -0.0936049888039811
0.0317791584019443 -0.0452845773491943 -0.0147364061823856 -0.178157890720893
0.0823991589368086 -0.0204918844541009 0.176646026366375 -0.218899936131565
0.104857164989889 0.0465032994320279 0.349371438347284 -0.121951835626368
0.0709435942354563 0.108655282200415 0.327859110566893 0.0111403925551341
0.042757466272227 0.0924967583468583 0.0738658517034287 -0.015793326372681
-0.00660767963372161 -0.00877344386242418 -0.0303613267033984 0.00797245181491557
-0.0275707649006526 -0.0199913788393982 -0.243153051908121 -0.0750925451197469
-0.0317591762263311 -0.0181774946529507 -0.352934480474382 0.022639926397329
-0.0330019906841457 0.0012595477956055 -0.22456888062505 0.158061559279402
-0.0112813949699181 0.0159635656519758 -0.0284928102185895 0.17760826820608
-0.00471519386030789 0.00901325196636482 0.0602096724811278 0.105397876750304
0.00486174549840278 0.012788828439622 0.0575589466394434 0.0563011781972299
0.00922650728398997 0.0132330614651266 0.0474488342169621 0.05801800206119
0.00448922104506705 0.0145288354439298 0.0595756579069625 0.0838508145596141
0.00416930799302117 0.0194757682873725 0.0399999733594451 0.120215064833976
-0.0112871772490491 0.0191212554962999 -0.0322064698183957 0.168334988043277
-0.0223036459628935 -0.00153157061007595 -0.153260780155733 0.119528806218016
-0.00123972440204139 -0.0142075065030951 -0.198138576066486 -0.00207731098537507
0.0102468211196221 -0.00924735756992811 -0.104461734740369 -0.0760523195667919
0.0105259578860006 -0.00388663209190866 -0.0190086965720919 0.0752923514137155
0.0337040897362989 0.0585664495231703 -0.0452877171436867 0.00464937006325914
0.0437059316532641 0.0591431132172116 -0.253915423009342 -0.0791622517311268
0.0517519185266678 0.00866886919141092 -0.364534083755659 0.035615618995304
0.0232718472698616 -0.0226231336462485 -0.228687583387167 0.171849027759667
0.00287328115886444 -0.0140364695415277 -0.0245451200451263 0.181640825544701
-0.00640211456008635 -0.0124543535612939 0.0628668660000333 0.107132252332706
-0.0131480931232985 -0.00613739596770464 0.0578905987241428 0.056292652505494
-0.0168254025612105 -0.00530063193934728 0.0448441205595658 0.0596977139676491
-0.0264937830552703 -0.00783491998807217 0.057639603786022 0.082580860783989
-0.020111446861849 -0.0200148194890221 0.0346816654459612 0.120331563547371
-0.0167501211402037 -0.0321846019278716 -0.0373704175823581 0.164987020468299
0.0113039866091456 -0.0531174976781558 -0.156709567985511 0.113258435813477
0.0526457412246453 -0.0259967325543894 -0.196084799614697 -0.00451770854917907
0.0428584490869168 0.0206739415972048 -0.0928691220742894 -0.0809907884427437
0.0258540812627273 0.0308668996433004 -0.012127072895597 0.0705720762436854
0.0662151786733972 0.105771307630808 -0.0642602390258564 -0.0120457805100474
0.107650772707774 0.10806074236146 -0.270703482130792 -0.0442548735652166
0.126193038741188 0.018720694276365 -0.34806631430598 0.121431508004516
0.0731594449882248 -0.0555659035971252 -0.18250589445452 0.226153195117042
0.0172854735463178 -0.0493249475353728 0.0125921556217248 0.183172639553051
-0.00836367467314297 -0.0380005595383885 0.071643838480685 0.0980315899721013
-0.0296518065402263 -0.0255750837090908 0.052010218931227 0.0506414709666676
-0.0401097938083704 -0.0224627004302022 0.0343494405323463 0.0513256977599511
-0.0511984365840874 -0.0289966156222046 0.0426456833677585 0.0663275661667234
-0.037406285797794 -0.0562262848121018 0.0111478077521227 0.100110007806586
-0.0175298359894724 -0.0782496632743931 -0.0649924231077256 0.13374909553997
0.0463159948704985 -0.0994357598277133 -0.171407684717117 0.0697935806001908
0.105673662457569 -0.0374763533513934 -0.18835719446313 -0.0446439536897797
0.0769070046912952 0.0478896266497755 -0.0618530030760222 -0.108001930896324
0.0425917392271556 0.0648250661661601 0.00517708016838855 0.0600318796549844
0.0831504226757756 0.120909306704443 -0.0809846548540241 -0.0290435832558006
0.144091156283642 0.110280237468865 -0.257687916010507 0.0300384867138961
0.172453612505971 0.00390903876727094 -0.251111851665245 0.223382974196881
0.108582222515948 -0.0941405268444031 -0.0727215988605928 0.259398583313901
0.0268947526404523 -0.0897045722089448 0.0699895434724716 0.157963456703727
-0.0131092081621914 -0.0660886399579053 0.0799641452800639 0.073566828489886
-0.0451390301938342 -0.0436387413336964 0.0399327565453865 0.0363992113651952
-0.0567129568573944 -0.0358747488743682 0.0184108102628044 0.0342938236247625
-0.0643378706292758 -0.0447313550591745 0.0167892482349983 0.0374913043735516
-0.0424882411990684 -0.0818417625832701 -0.0251608002387954 0.0604651885737869
-0.0085438952387613 -0.111362546861852 -0.102847263081091 0.0727098928177027
0.0816504807187311 -0.131259095205979 -0.180805811894913 -0.0139302370182354
0.15178036866192 -0.0438686935121487 -0.152795592449331 -0.120944662014021
0.10885126720889 0.0707221144538128 0.000334992869730283 -0.144806746529045
0.0604388596739501 0.0941311429061054 0.0295882512443671 0.0440294373093743
0.0800944183345688 0.109889265684091 -0.0824400080561818 -0.039188388659979
0.141409349973644 0.0917626969822154 -0.189760217669875 0.104577350427445
0.183417251237405 -0.0127447255680101 -0.0897312390945643 0.260580352605389
0.121481443751367 -0.124812664003646 0.0582550481657922 0.218941592231482
0.0265053317569931 -0.123838553420636 0.117577643525082 0.0900342115313671
-0.0214839359974361 -0.0888388202840328 0.0754913489211815 0.0304522103892932
-0.0570973725651549 -0.057346400669694 0.0195380443433644 0.0127677232953201
-0.0645171882384183 -0.0437664927944887 -0.00219750636753001 0.0104225773446219
-0.0646256537358674 -0.052092329562686 -0.0123542998254333 0.00437549550261642
-0.0345745693567926 -0.0908148052566981 -0.0594421675244242 0.0103383113787833
0.00935549309696966 -0.120923513027132 -0.127817591563508 -0.0114571597012523
0.110999658068995 -0.13617299493317 -0.151418845427122 -0.125393303486584
0.183085741899014 -0.0373723051022 -0.0611760287477638 -0.208395244502147
0.13492863442828 0.0899417378444134 0.0957962993311992 -0.164925728244787
0.0765601012308831 0.11778454150359 0.0546159230165379 0.0269791425933484
0.0617390771331262 0.0878239649468962 -0.0679376149412432 -0.0489293211871352
0.112948235695578 0.0728491506251099 -0.091822656189763 0.13766495989713
0.165300293313659 -0.0181584262448496 0.0585329980540468 0.213523998482918
0.112114781502027 -0.131149600841717 0.149063323196022 0.117680911937074
0.018272408944834 -0.135384443553852 0.128285345893736 -0.00204442469285364
-0.0285652552428743 -0.096468507111125 0.0512798857343513 -0.0243916731123721
-0.0609158336852685 -0.0619421187108379 -0.00682608887406316 -0.0178901397217771
-0.0618628435884343 -0.0449767323754583 -0.0235271049474052 -0.0160986253930568
-0.0542580282197803 -0.0503916114620399 -0.0364821472142409 -0.0252514760433561
-0.0193144222765992 -0.0822827781811543 -0.0766890637372578 -0.0374609568829783
0.0269365561004701 -0.105942890524388 -0.114916525713454 -0.095048549472434
0.126093727968051 -0.108343045476783 -0.05991100380778 -0.217587586164251
0.189813159452832 -0.0114778749583586 0.0866080390483435 -0.25141409911833
0.142778364157169 0.111125403743755 0.204637311649907 -0.140385540449054
0.0807043089044581 0.132307869244605 0.0728563672358395 0.012179404882792
0.0374615680563427 0.0606296490177365 -0.0432439547545679 -0.0612018908020196
0.075625306398556 0.0532453138726864 -0.00770141780302453 0.125640626389419
0.126299178673397 -0.0131455023326109 0.145998421327054 0.13010088957468
0.0858700571284754 -0.107970304818277 0.181349293377114 0.0102904259738099
0.0103996448219222 -0.115988561330291 0.106155336865922 -0.0868224839819434
-0.0273197335571063 -0.0833852199098606 0.0132614271264215 -0.077600916085704
-0.0524970715113621 -0.0553041507470408 -0.0346908212794585 -0.0503681271984807
-0.0499419503492922 -0.0396746501294555 -0.0414533777069689 -0.0406334703868749
-0.0381493115617367 -0.0419452903283307 -0.0509453795755368 -0.0458510458132945
-0.00612418370171256 -0.0618060445342498 -0.0738724704117429 -0.0712227220290154
0.0345827625420573 -0.0749283805355321 -0.0656671341687562 -0.148985512582723
0.11493660227247 -0.0620049004961725 0.0675282018189754 -0.241470507112062
0.161296930734795 0.0249320542464478 0.237694928684947 -0.207204359729416
0.119168143644578 0.124740576858458 0.28333586204002 -0.0691315396707039
0.0674038198846513 0.126384672039951 0.0783007066996378 -0.00302797375866066
0.0149347797702632 0.029129372844808 -0.0191456739076992 -0.0735228640430435
0.0362317062750201 0.0278647127879888 0.0444578408366302 0.0976767298220817
0.0735963147988398 -0.00372631406491057 0.181115937403128 0.0600885529138591
0.0515458695330785 -0.0629911611058157 0.179147317847565 -0.0659249581579401
0.00949855365653975 -0.0724217080735522 0.0727856564285075 -0.143989054842392
-0.0145698352881031 -0.0534710490654619 -0.022777586878737 -0.117074423846756
-0.0322670497193052 -0.0382996936007846 -0.0552922013646833 -0.0760366849895932
-0.02981079683687 -0.0287620834615582 -0.0513272085156839 -0.0578793610801222
-0.019595807822102 -0.0283645888379636 -0.057446224480075 -0.0575713471803814
0.000361573879416322 -0.0374559643891964 -0.0608691029858972 -0.0879625984405758
0.0290155004547729 -0.0427380903159135 -0.0109245060001228 -0.164797835111013
0.0768932851515253 -0.0188104170198942 0.167587191491454 -0.201719664088331
0.0971781712064973 0.0437770174975592 0.326952794501783 -0.110587646676268
0.0654578752595753 0.103495426255652 0.309607801608504 0.0114513193480574
0.038701405882112 0.0870948496142072 0.072818717836501 -0.0170439774895768
-0.0067621117903154 -0.00974383165711328 -0.0333648435839181 0.00930363562342918
-0.0270489814710957 -0.0208577556393884 -0.23600055550912 -0.0842391068220914
-0.0307647869598799 -0.019011488963467 -0.344825031710758 0.00462913874669812
-0.0327389208419909 0.00121980835116767 -0.227090381444147 0.141107786290976
-0.0113841463648039 0.014651184643599 -0.037420307989406 0.170917894267766
-0.00514177846417666 0.00870122418150095 0.0544872682114315 0.105899654264811
0.00435454143103637 0.0119367710482103 0.0546068927780637 0.0585049949509766
0.00871590524676772 0.012492207970073 0.0459304888906341 0.0592141502154901
0.00373099587101238 0.0145939216018988 0.0553093462205792 0.0824841346862335
0.00394076378499596 0.0187323982532129 0.0344696121157543 0.116301832857761
-0.0113817769884984 0.0184980288015256 -0.0360983870271413 0.159952790531838
-0.0218222554079007 -0.00128354249292804 -0.152826341395947 0.109309919026659
-0.00062934761448063 -0.0140425485203775 -0.193553859084017 -0.0110415707863396
0.0102927960583807 -0.00895831949888777 -0.0973812124963936 -0.0806198161124441
0.00940391410392949 -0.0038932410822512 -0.0158885742483221 0.072260137613385
0.0303791820947376 0.0588739755262803 -0.0479510752560019 0.00619413283519836
0.039758448095396 0.0606577094069692 -0.247179755012134 -0.0875655419242991
0.049941567223191 0.0114294384619769 -0.357013603669495 0.0169964565817819
0.0240945087886516 -0.020511626064166 -0.231928967603385 0.155782618147521
0.00381823741168907 -0.0142006219968625 -0.0326165157732039 0.175511634434477
-0.00622744406484719 -0.0125776433602676 0.0571791007338254 0.107320271857025
-0.0132122762026676 -0.00624326951999135 0.0549095203318181 0.058333240039387
-0.0163401529626778 -0.00593340557147163 0.043916965218044 0.0601885661902631
-0.0251092404735362 -0.0076992411748932 0.0537850818695089 0.0806812148077401
-0.0191046654939833 -0.0201090113575809 0.0290886584806089 0.116632273468099
-0.0158771248311571 -0.0319667220337069 -0.0414649786107866 0.156609021212943
0.0122466862321314 -0.050915847684496 -0.155677791567847 0.102614919931541
0.0524614663986308 -0.0243791712173883 -0.190543009209954 -0.0135018538403809
0.0415306903171897 0.0211846378935386 -0.0851093692165769 -0.0861114208980955
0.0234345847159322 0.031097520160089 -0.00898266571491119 0.0683453309412544
0.0615578322277419 0.107782746085967 -0.0653755539312761 -0.0115774557116215
0.101482803508156 0.112577764324382 -0.265687691461627 -0.0545518171973561
0.123015300961325 0.023963739791434 -0.34626539660162 0.102893073128481
0.0734890110365676 -0.0507522668784593 -0.189850733821389 0.212095043791487
0.0184898237223899 -0.0484626253169049 0.0031890562856314 0.1799109872288
-0.00747383033090459 -0.0381584069010177 0.0665725150180584 0.0988118730270466
-0.0284953368308895 -0.0256186404151885 0.0498170707642252 0.0528584991420073
-0.0387484273985445 -0.022749747073708 0.0341282187807471 0.0520582596657255
-0.0491696352205228 -0.0289323365823233 0.0392954064096493 0.0642745279537918
-0.0352424778844658 -0.0561046933714225 0.00722941429432865 0.0958834329027855
-0.015248816410137 -0.0769087144799496 -0.0669914989416085 0.125474528347919
0.0478616519584403 -0.0962444851025582 -0.169582266799978 0.058872804040876
0.104715461867798 -0.034570361357733 -0.180404827909946 -0.0523401629308181
0.0735701462016223 0.0496461582258003 -0.0527541315319958 -0.111090602651019
0.0389689408432967 0.0648584162088885 0.00810702754735245 0.058758755185123
0.0788867026913784 0.123247285445407 -0.0807564689446404 -0.0301754506534822
0.138294539028239 0.116363438498134 -0.257019001034149 0.0174143284193641
0.169270761537736 0.00969911575033391 -0.256729052058776 0.209181410599058
0.109096960201906 -0.0885063662929691 -0.0847718647540075 0.251780739175428
0.0282121310172243 -0.087526643946603 0.0607128940659582 0.158540203149481
-0.0118232444046316 -0.0657159976178389 0.0763778014143878 0.0754367136104075
-0.0428780345048861 -0.0438855819197972 0.0386792296303016 0.0386898945175592
-0.0550438623724307 -0.0357751399382682 0.0187535792155583 0.0348319117528061
-0.0617601161297249 -0.0442260101012897 0.0147101261143513 0.0358943174679927
-0.0399137031347129 -0.0814122368015438 -0.0270481133965799 0.0561324205658332
-0.00573954717042436 -0.108765396427927 -0.102235213653743 0.0647288809038957
0.0833536679792574 -0.126726495025359 -0.175221258008324 -0.024165393315706
0.150228018991902 -0.0397141675195541 -0.141712185630206 -0.126213179531702
0.104787702523506 0.0739768159785608 0.0108849563300756 -0.144383229151471
0.0561197781322534 0.0948110989537594 0.0325935950533287 0.043842500381595
0.0770054690635651 0.111921181117313 -0.082960379620868 -0.0414746645122906
0.13686636797344 0.0969471259632737 -0.194711900502583 0.0943072343079515
0.180518512900795 -0.00766366034450373 -0.101516672219952 0.253732272252804
0.122408243940103 -0.118625542105366 0.0456955720188523 0.219900166234743
0.028223800560739 -0.121200303612569 0.110252218142305 0.0952051586815792
-0.019563702432779 -0.088032630185739 0.073768289886503 0.0333183071157484
-0.0540835274648648 -0.0567432114736717 0.0198947835991059 0.0153809403515016
-0.062039277134649 -0.0431986596063356 -0.00141427758212678 0.010761884506588
-0.0615167806020399 -0.0510876965314979 -0.0131100488868905 0.00241921322980372
-0.0311519573374359 -0.0901140502358208 -0.0588123219235936 0.00622137536306166
0.0118803040952927 -0.118326652529765 -0.122964558116386 -0.0184497537684806
0.113154193818067 -0.130041271556448 -0.141233329567058 -0.132802184043994
0.180229847420124 -0.0313161097374854 -0.0473662921193282 -0.207234237966503
0.129084908720162 0.094720353178825 0.10652575502996 -0.159774599008589
0.070257466225216 0.119467842961676 0.0574503999334325 0.0285359441879763
0.0595770454046554 0.0891305484098745 -0.0688502069582567 -0.04998588988505
0.109683455934975 0.0765962775833039 -0.100505141657965 0.13156111861959
0.162177964683162 -0.0143133246152937 0.0464193313545603 0.214904101512142
0.11237402892306 -0.125282670620618 0.139527833769949 0.12450234632188
0.0202093548926909 -0.131902680261082 0.125148742827595 0.00598000463451317
-0.0264821843544639 -0.0959224200251337 0.0522701441197139 -0.0198113211821775
-0.0574210779977578 -0.0614143974152776 -0.00520158822394025 -0.014963671491495
-0.0594412427143151 -0.0441056208598894 -0.0220732990373909 -0.0151020510317964
-0.0514553866432786 -0.0494613380119895 -0.0357280785457071 -0.0275224241063646
-0.0167997295382343 -0.0813891715791292 -0.0735591520665325 -0.0406511698031185
0.0292623388106554 -0.102786279058108 -0.106336773905547 -0.0984079395787759
0.127241285425841 -0.102492016469186 -0.0475033946564961 -0.218329864605435
0.186648263352111 -0.00462841306460139 0.0987707437355182 -0.242074789213007
0.135697860150003 0.117018659916017 0.211659680376103 -0.130023576736933
0.0733924421771879 0.1343892940897 0.0751601327074051 0.0141755102316234
0.0367250134864557 0.0615933735132654 -0.0450848022116384 -0.0617342677091196
0.0731107649762633 0.0556158306899262 -0.0175487876939684 0.124845871271248
0.123693844866722 -0.0104662266396514 0.136515873515749 0.137290283119847
0.0855806654836537 -0.10353542024473 0.175944451062546 0.0205984300330885
0.0117136658055021 -0.113080354071254 0.106629496461927 -0.07779667867014
-0.0252231382568883 -0.0829712341808637 0.0167096531508064 -0.073108592413754
-0.0497316355131032 -0.0550616855836278 -0.0315388295864561 -0.0472765933177265
-0.0479798717981575 -0.0387748569776451 -0.0394605712464015 -0.0396152432255259
-0.036329598623828 -0.0407218907797491 -0.0493371035205708 -0.0486492863145472
-0.00448340309755704 -0.0603885853631771 -0.0686943766620419 -0.0733752821264588
0.0359531242755118 -0.0725310216736926 -0.0557951723482682 -0.148323855041898
0.115191953694289 -0.0569838308437642 0.078533307435101 -0.234019564161901
0.157188310391575 0.0312790159109733 0.243949761105945 -0.191506263802941
0.111579314607679 0.12976205682177 0.285335992903251 -0.0558569693955943
0.0597100447651661 0.127915965054452 0.0807750730633005 -0.00105839919764509
0.0149386984153091 0.0304128962579819 -0.0218213550695264 -0.0732187464030567
0.0347021678892874 0.0292165329753281 0.0349781283472283 0.099483157896548
0.0719445252153583 -0.00283608673449754 0.174252301638774 0.0689297204965136
0.0506840005789202 -0.0604216156600749 0.176835701885169 -0.0554669392870144
0.0100702047468601 -0.0708478364485956 0.0761607117762659 -0.134949768237495
-0.0127900171210326 -0.053341118747076 -0.016879570296956 -0.111609342490518
-0.0300834199664098 -0.0376810147703213 -0.0512811773049005 -0.0729653054677438
-0.0287335482019073 -0.0274405742567166 -0.0493048894286988 -0.0572503062625917
-0.0191116936095642 -0.0276838942733386 -0.055063628737793 -0.0593049817219802
0.0013641360018088 -0.0361857728702686 -0.0548479961758522 -0.0896398013382828
0.0293038049717776 -0.0408023190275299 -0.000600033820356146 -0.160432385890688
0.0764264890772862 -0.015850534987952 0.174855210307716 -0.18827241959756
0.0928074444673472 0.0474059160093992 0.325716597787208 -0.0922020397786749
0.0591888112902853 0.105947294502093 0.30626143307184 0.0244145533511837
0.0330428120608738 0.0881848828450154 0.0765349674983079 -0.0158610235172728
-0.00753348435674203 -0.0112313487142366 -0.0382402581855662 0.0113943761938701
-0.028515835517617 -0.0230505389740045 -0.244305769283263 -0.0952883567491481
-0.0317735251071151 -0.020641704643118 -0.356779575067207 -0.0081753115953773
-0.033781872041972 0.00179791670284334 -0.241394593842018 0.136211398095399
-0.0126867849591549 0.0144692565596482 -0.0455525917949026 0.175078871086141
-0.00628560786680193 0.00905298967217184 0.0535612602060416 0.111728908623736
0.00335444899497679 0.012400784769881 0.0573496305522133 0.0633955123646671
0.00887875476089361 0.0124774990295896 0.048584483192565 0.0624576489438292
0.00390842400765625 0.0158336394902598 0.0562418465229915 0.0855226121593812
0.00390687094358364 0.0192294058049246 0.0319709142088936 0.118702040760237
-0.0119333884808367 0.0191334220300269 -0.0399389640332248 0.161553976588059
-0.0229745620867532 -0.000708036898899877 -0.160296943161971 0.107847776057258
-0.000225865565129298 -0.0149788739126043 -0.200524340579972 -0.0179176564288402
0.0109771646051035 -0.00937603229331019 -0.0969921490668727 -0.0893894668831362
0.00869513391546336 -0.00365296337348597 -0.0121858252668146 0.0742055794838237
0.0298888717748461 0.061872304851017 -0.0528363356580244 0.0085271108701777
0.0390360118474037 0.065541670626665 -0.255654604992585 -0.097683090296639
0.0516186171724244 0.0138506562302997 -0.37036462041636 0.00469179320750948
0.026155770766589 -0.019626241124546 -0.246260113819086 0.151546701450078
0.00416416646285201 -0.0152645256601623 -0.0416277233549638 0.180390631026629
-0.00685841082712912 -0.0134751222820034 0.0564882909590259 0.112845500417044
-0.0136046814811737 -0.00640320864836826 0.0569379118535026 0.0628561554198899
-0.0172583619001338 -0.00624609846871189 0.0468484910033551 0.0631022549548143
-0.0259236884833468 -0.00782036232919777 0.0549434187926635 0.0830430386879103
-0.0196010323467451 -0.0218528927571638 0.0271420982638748 0.119651114980656
-0.0160931000267634 -0.032854827523911 -0.0450264604424522 0.158016241928542
0.0132515620716709 -0.0524125441254438 -0.163393919479804 0.0994805193740129
0.0547153489536929 -0.0254462968050128 -0.196973792187907 -0.0201038240697223
0.0422788821451959 0.0230504171926507 -0.0841044917127706 -0.0951709142950361
0.0239945468971609 0.0332122077919057 -0.00540896462266393 0.0703209967132686
0.0615174909506748 0.11489951160388 -0.0703178091491452 -0.0112661493333972
0.103346726466212 0.122822748583437 -0.276832841794867 -0.0653035833402236
0.128300643920118 0.0284602088795935 -0.362738740017286 0.095852263157771
0.0783897589325776 -0.0497327218290513 -0.205239594395207 0.213540353627977
0.0203150782266316 -0.0504474901606353 -0.00418491948031085 0.187064138291551
-0.00778246990118644 -0.0405121634014252 0.0671460271071943 0.104621332467206
-0.0293091799128172 -0.026819850721272 0.0515934050355924 0.0573258329437594
-0.0402668725628873 -0.0238092267885162 0.0368927661896058 0.0544609119151095
-0.0500471807345691 -0.0297187830067647 0.0395569878212877 0.0657234796004277
-0.0360436752805096 -0.0589664426234534 0.00484393291418516 0.0973368799568007
-0.0152505893379056 -0.0798364475827779 -0.0714566286004664 0.125318966667739
0.0507778886667311 -0.0993308196893748 -0.176862513446001 0.0532360950310817
0.109310975050637 -0.0355888796257136 -0.184302540038032 -0.0608412381739922
0.0753605742016324 0.0541627952608581 -0.0480243727023801 -0.120688933380507
0.0398116669314417 0.0688988500868305 0.0131115034628845 0.0607682547995072
0.0804527100167771 0.131123200579977 -0.0859468455988419 -0.0323433857827351
0.142313403874154 0.127561922947973 -0.271321566977339 0.00920607776616878
0.176917961418422 0.0137226396987085 -0.276390647003755 0.209863482532323
0.116025738860578 -0.0895695995893817 -0.0975103521459992 0.260982923994451
0.0306249722988069 -0.0913276290779045 0.056783846088523 0.167643441643581
-0.0120313209033841 -0.0690074460525101 0.0781413719390587 0.0808215318849928
-0.0444664913444376 -0.0458208271798252 0.040693015951737 0.0424448935620211
-0.0570751155839186 -0.0366828565177644 0.020740328743801 0.0367181532438402
-0.06282702257727 -0.0458167020567965 0.0137930202501744 0.0354461117487157
-0.0401989376835349 -0.0852103193484601 -0.0291531553679518 0.0550157243928646
-0.00529438350944847 -0.113189360360901 -0.10673940188364 0.0609079111300524
0.0885669973548545 -0.130780623626977 -0.180667444701725 -0.033541264906905
0.15698173357977 -0.0401637435072348 -0.140697230957268 -0.136677140113888
0.107542435138939 0.0801764164474272 0.020291083088907 -0.153182583495161
0.0565144212712801 0.100926721601009 0.0390411815796994 0.04612249568433
0.0796317836731188 0.119523808517817 -0.0886646109773639 -0.0453940689443368
0.142339144347434 0.105857835572191 -0.209946251909669 0.0923090048919582
0.188618387858648 -0.00570368539038756 -0.116141439665868 0.262897474602283
0.128959033128759 -0.121735695184617 0.038927098599493 0.233122974038117
0.0299982603428967 -0.125760492848941 0.111176503670062 0.105011935899274
-0.0202868128342162 -0.0926404499355911 0.0770642916670967 0.0375497912173815
-0.0553507405884333 -0.0592568924332263 0.0215967555628758 0.0183287851703763
-0.0642689901075702 -0.0440503362509911 -0.000378084795548077 0.0120840241611096
-0.0628259331032841 -0.052594793761798 -0.0144569896696718 5.89753503254869E-05
-0.0313857175070003 -0.0941155098429558 -0.0612707370538793 0.00260188758421592
0.0138903366102501 -0.122434905150087 -0.126116390450194 -0.0255481710991473
0.120383149663561 -0.134226309238976 -0.142010665393188 -0.145527378454924
0.189143542487585 -0.030573064036527 -0.0392654018910583 -0.218470395666868
0.133098333235829 0.103634384269171 0.121158269025661 -0.165423216755858
0.0706256811478743 0.128040606141706 0.0646434753932972 0.0303636828294886
0.0623161295463961 0.0948520943524776 -0.0752700978364599 -0.0541849575792208
0.113975060966889 0.0825360903303593 -0.113658883335039 0.134981349332394
0.169187114913639 -0.0136518682916957 0.0395231880961472 0.228296973807372
0.117800631898847 -0.129158096596245 0.139582438802414 0.137348128614455
0.0212341046624331 -0.136820030061161 0.129739360276695 0.0132704733205617
-0.0272805316784757 -0.100294901529227 0.0564010234105587 -0.0179988040476181
-0.0585879300859944 -0.0642034846793502 -0.00384162796485507 -0.0128537642436719
-0.0613247171859881 -0.0450604003852023 -0.0220621356159232 -0.0155929632735723
-0.0530483099504166 -0.0508795618941304 -0.038183576256131 -0.0310126453260524
-0.0163235400853743 -0.0846173670012876 -0.0747512670333421 -0.0457836418337418
0.0320243075123849 -0.106209627248141 -0.105646688528358 -0.10770848744924
0.135002952572855 -0.104873803530132 -0.0407495137218211 -0.230560927704822
0.195088879575099 -0.00102029792430087 0.114748702109607 -0.249735800038632
0.138806563699369 0.127977645068977 0.230331364219252 -0.130610782694913
0.0728740559007106 0.144340310825787 0.0828707089216512 0.015772104919655
0.0385880783285679 0.06559797686952 -0.0517905674958823 -0.0655222028530917
0.0760521943354077 0.0598643575779089 -0.0267453736445286 0.131581771631353
0.128730921972528 -0.0110068442773799 0.136522957150673 0.150118730615483
0.0891974579192977 -0.10692800359086 0.181781120610342 0.0290926131613456
0.0122896949255394 -0.117325401367068 0.112872282580633 -0.0744005461643149
-0.0257605817788552 -0.0871555003098936 0.0206046792892823 -0.072923436722785
-0.0504023383172526 -0.0569412907667889 -0.0308808109604648 -0.0466667799811455
-0.0493090273881872 -0.039138667372996 -0.0405130971813441 -0.0407563247762664
-0.0369615918325644 -0.0417364213497072 -0.0517357924765032 -0.0531851890280011
-0.00412779355650459 -0.0632154320654336 -0.0687315207533516 -0.0794776240275851
0.0387692790731141 -0.0746258965579715 -0.0512349671585556 -0.155988219668839
0.121695426508632 -0.0570356420539133 0.0905761967708257 -0.242095622200957
0.163352728503504 0.0369314845058571 0.262240015382996 -0.19095870533193
0.112620916511982 0.141353297545205 0.303846201899786 -0.050203238063834
0.0581518196467985 0.13781579898783 0.0886042747968678 -0.000795352045551581
0.0158738232571639 0.0328836696490235 -0.0274580297048482 -0.076941576470506
0.0356671065755398 0.0321806955435198 0.0290072825954165 0.107519314848154
0.074569687133098 -0.00264387323918155 0.178489767088416 0.0794701406635985
0.0525483881773701 -0.0618147016053549 0.184620165173713 -0.0504270516176488
0.0097613841432255 -0.0734137032728437 0.0818180723857441 -0.135227979476264
-0.0134899223465182 -0.056061162394437 -0.0141165599515738 -0.113612319402358
-0.0303462818936488 -0.038829043015894 -0.0508577829960008 -0.0736493597864242
-0.0297776591693279 -0.0274786330634748 -0.0508867455730875 -0.0591547686300109
-0.0198874877652978 -0.0275351044959493 -0.0564281424506267 -0.0646336224123837
0.00154261512893769 -0.0374491305678319 -0.0530652113168504 -0.0958295527903364
0.0313720930414254 -0.0421857426499794 0.00626357078860942 -0.165783708882923
0.0801257452569654 -0.0146346134204475 0.189373520322853 -0.189748907739465
0.0953388730747534 0.0526865910731118 0.341222968310146 -0.0836231163912737
0.0580002750966716 0.114471082294143 0.321885868935861 0.0346141206405631
0.0307235032165221 0.094600758513111 0.0843559398737394 -0.0168194459351794
-0.00625003111002401 -0.0135680304367486 -0.0460915464011267 0.00635636788885903
-0.0283665703222293 -0.0267786956450076 -0.239257188751324 -0.147038363087111
-0.0314070836051633 -0.0234156472499351 -0.369936793294442 -0.0830698397990636
-0.0338342716427693 0.00171200478141683 -0.283613484127436 0.0907882165203471
-0.0129333222004876 0.0139204366708584 -0.0842147507954492 0.175386777756976
-0.00759352438190653 0.0083204420197614 0.034648784724888 0.128425977913767
0.00126988767378869 0.0128898710551814 0.0497807715750286 0.0794554640313863
0.00701818879954409 0.0142632365430439 0.0417863536556738 0.075652450431089
0.000883769681993568 0.01818739734853 0.0444311906687103 0.0983003359382333
0.000160068789678852 0.0208066974322628 0.0113182168137687 0.12790603295579
-0.0173635034660897 0.0189523116390652 -0.0694273302779869 0.157441953690525
-0.0273909890227324 -0.00397081384471573 -0.185393994548664 0.0791049253751944
0.00105474153060919 -0.0183881159813998 -0.206398840717829 -0.0567176212058394
0.0129413835297007 -0.0103085694827812 -0.0812836813563479 -0.113336658657167
0.00969379146756563 -0.000655910550534943 -0.0222241924188942 0.0751473683621145
0.0159629212491496 0.0707969857541344 -0.0589299279996566 0.00483747035334832
0.0225484327460154 0.0799515000198238 -0.249433095662549 -0.149098903835354
0.0465289387595316 0.0306035100575336 -0.381686650245106 -0.0691489231030615
0.0325166187759078 -0.0086643869706414 -0.287734203556525 0.106165026053908
0.011519016172011 -0.0138665266965352 -0.0794103382209367 0.179781982897074
-0.00336431484166307 -0.0153084554874251 0.038298827500277 0.129567020955846
-0.0126494763303186 -0.00886739482666182 0.0494735614220419 0.0778622386895949
-0.0162146620139518 -0.0100392993203942 0.0401080384436571 0.0751629266147607
-0.0254147399303363 -0.012750938356076 0.0438640073578796 0.0954336302812012
-0.015717075292317 -0.0265503149310645 0.00804460902466394 0.128521994767348
-0.0107659716701488 -0.0370721861965778 -0.0744216232431315 0.154633733515604
0.0208575217579263 -0.052076709201134 -0.188970142238814 0.0734565505120492
0.0618294977101163 -0.0169571560520756 -0.20285589320094 -0.0583177103927822
0.0387672710273435 0.0314942926857075 -0.0684403242267439 -0.119519600957555
0.0182331658515756 0.0420257177070403 -0.0141805173339327 0.0703146697958689
0.037562641556999 0.133121424077974 -0.0716312168729905 -0.0181305187763478
0.0785602079996347 0.153461264093503 -0.275790733996551 -0.118131447064868
0.123531899139092 0.0621849282026704 -0.389365860648236 0.0286829440413679
0.0932987730574562 -0.0298827104843184 -0.253749029756765 0.182044813948347
0.0349081332513277 -0.0475296196175045 -0.0407950121296226 0.192411737993171
0.000467063788730305 -0.0438281472146965 0.0517588927800183 0.121812624257923
-0.0251640602864548 -0.0326733981859063 0.0455585374317483 0.0700321460403104
-0.0369913857725968 -0.0326820844231381 0.0308146666723525 0.0642365059107291
-0.0462636024493851 -0.0402646542491188 0.0312386615742493 0.0742195807861713
-0.0262169870775395 -0.0692118669061238 -0.0101402232756156 0.101610633560417
6.27119128643137E-05 -0.0865606603662033 -0.0958230629495481 0.11677621333652
0.0704061363347706 -0.0963162640348704 -0.195634735032035 0.025413627760054
0.122008891711145 -0.0161599676208964 -0.18213977490819 -0.0994103868734645
0.0680018152595848 0.0718468658192231 -0.0259943568698545 -0.140948666883992
0.0280590494407223 0.084580489507077 0.00702221026785428 0.0621298578210068
0.0540874989436772 0.154349173546172 -0.083566388175023 -0.0440736003698307
0.120251497466206 0.166268511150904 -0.285482142251605 -0.0389102469958756
0.179936792917788 0.0557258429524919 -0.320148876973084 0.165745215486206
0.140415250442365 -0.0660377183941137 -0.147098714059361 0.253712975052356
0.0532768521070371 -0.0887565155203258 0.0280418641607133 0.183611781759492
0.0010242751219378 -0.0751742468858181 0.0678861805155374 0.0983982970895855
-0.0377062028940448 -0.0551852420724437 0.0365043324133942 0.0519694938088158
-0.0515869543634842 -0.0493224231729276 0.0169963582560499 0.0424556158156078
-0.0563855787075266 -0.0592491734085132 0.00951495234487598 0.0376661751585038
-0.0259855121137806 -0.0976216161311307 -0.0382356156307559 0.0514500920825028
0.018660483541955 -0.119871061125191 -0.121681679259432 0.0445717071709999
0.11719632072881 -0.123704871453569 -0.184562851249323 -0.0643561748919487
0.174418465966614 -0.0099635070642643 -0.122415273004752 -0.171104038880057
0.0978575945931263 0.107875348615327 0.0518581404128987 -0.162578276438697
0.0392907062934672 0.123999659434314 0.0373954396016356 0.0499691194625901
0.0563681784935089 0.141671147630643 -0.084624729849005 -0.0592101846923202
0.127019870179276 0.142257027123685 -0.238230002041339 0.0584865798286184
0.197630125278377 0.0350319014488216 -0.163909099255722 0.253281973113021
0.159451672038584 -0.100200790440584 0.00501070804707356 0.252336526494072
0.0576877813919866 -0.125329743688291 0.0972416375518144 0.127431013142944
-0.00342133876222871 -0.101909399835792 0.0752351550590703 0.0528272763631037
-0.0460784389764142 -0.0713297559679217 0.0204528759160652 0.0228690667633162
-0.0576796199336033 -0.058460061949332 -0.00137638283413674 0.0126577853327853
-0.0544365304482168 -0.066357182400914 -0.0150452813496924 -0.00451240199172741
-0.0145051366824015 -0.105426165875603 -0.0627408910283876 -0.009516894729264
0.0414509550928566 -0.126588247398085 -0.126912122573675 -0.0487053071732896
0.1531954515549 -0.122229444084234 -0.123816857694781 -0.17329041615707
0.207859007793077 0.00842970929092081 -0.00036489717522717 -0.237919535241286
0.120922478485755 0.139677195412895 0.159721433377326 -0.155462848375164
0.0483878341079164 0.157251019288582 0.0671296130710568 0.0371477327074912
0.0446337424835681 0.111640828493529 -0.070886860491764 -0.0678959211898264
0.103584011154422 0.111050762250115 -0.147691456181601 0.123008486497147
0.179890864295674 0.0187782010162021 0.00472680313848155 0.249072956984958
0.147487552413149 -0.112659678570552 0.129898360695719 0.171306142251722
0.0485946256938259 -0.139479273279478 0.133901837787819 0.034332102324564
-0.00968220255331797 -0.111233039518966 0.0636264591353864 -0.00911731953846291
-0.0484303623603282 -0.0763745258561632 -0.000835018713002916 -0.0151567113154219
-0.0551650387138769 -0.0583853559753057 -0.0198913192141454 -0.02000910790588
-0.0446408440993821 -0.0622477029437602 -0.0348674363426611 -0.0415251533642746
-0.000686392416322183 -0.0930035797742523 -0.0685109991912229 -0.0626067205844271
0.0575278041151366 -0.106170654806359 -0.0905478782874879 -0.1303271394661
0.165796755808811 -0.0879290035295623 -0.00246480215190529 -0.243168614817734
0.209839453056301 0.0431720266768277 0.166299888476087 -0.240578091623186
0.122778555933924 0.169623268570055 0.266077011890995 -0.0979479334668207
0.0463818238952681 0.176682531229458 0.089128596342602 0.0239372512477996
0.0263144823925414 0.0759011687143604 -0.0457566023627989 -0.0757596565243688
0.0685964318953286 0.0779087190127241 -0.0569898591287667 0.136621095187901
0.136906961394057 0.0124642471347491 0.120478026263891 0.186114761804408
0.111368196722423 -0.0957964400582911 0.193642703299439 0.0654453821114045
0.0336618015017848 -0.121041758699907 0.132207408231705 -0.059903722017678
-0.0114286349448223 -0.0972995362625724 0.0362548708696167 -0.0723424284169671
-0.0418888875417263 -0.067906520904452 -0.02293044969636 -0.054910276798627
-0.0437911021288309 -0.0496106011864905 -0.0354286254162136 -0.0499915156058101
-0.030529493019393 -0.049642332187772 -0.0449661450698901 -0.0671223433896749
0.00805811400820906 -0.0679038053387149 -0.0557584260373132 -0.0967889322375662
0.0582605655064228 -0.0716828567948046 -0.0236148141773078 -0.170218111244113
0.144262653510693 -0.0382364816825513 0.13759504551285 -0.230477062128808
0.167859858278021 0.0792162349389071 0.310138456281366 -0.150455450367852
0.0917261252394958 0.179623563912368 0.326327224323593 0.000141412464769235
0.0303977041511226 0.16574223027452 0.0989841082910951 0.00791550322044505
0.00959805630714064 0.0371866392781785 -0.0198214639430057 -0.0843522754211049
0.0322179813134777 0.0411279731954345 0.00556023363671073 0.122220168778141
0.0792939469699781 0.00931606580351797 0.17515592369303 0.121161883072289
0.0642847853108073 -0.0570605685040836 0.208995706824886 -0.0175450246746213
0.0213136944960805 -0.0759259203181349 0.110793508246247 -0.127130417242926
-0.00459374352720361 -0.0622123588427281 0.00648525036362073 -0.12016972813844
-0.0241563802558095 -0.0460047687072767 -0.0399540164159591 -0.0861506377178285
-0.0259128769351772 -0.0338464883181963 -0.0434300152151106 -0.0712555255419017
-0.0158033318589168 -0.0316021201406888 -0.0484594924545577 -0.0803088033832334
0.00841144562978143 -0.039454627630181 -0.0368390544331633 -0.111134341510917
0.0432955567291295 -0.0391462606747423 0.0389182543563756 -0.170565312765116
0.0923859427065116 2.5468794091113E-05 0.23204971653024 -0.157349451820048
0.091572065182947 0.0812592100226441 0.372406669578114 -0.0221887786119801
0.0385965894124927 0.139138903641916 0.329716170220613 0.0935793897451946
0.0104023491158443 0.111437352387448 0.0977538005835609 -0.00797238321779458
-0.00861447318977658 -0.0146724964509419 -0.0499008228099628 0.0143357417833618
-0.0327824096888438 -0.0252596949175369 -0.258200969283092 -0.129692205829652
-0.0350698139437812 -0.0212298872405303 -0.383288484380802 -0.0582343775987039
-0.0337499851448085 0.00603693523595179 -0.283258582540284 0.112141657992367
-0.0119147080211677 0.0150979663973875 -0.0726563767184843 0.1851151647794
-0.00780405747832301 0.009817652386071 0.0473720045337548 0.128540851990311
0.00174097661480965 0.0131060324269406 0.0602640208816519 0.077403834175243
0.00847485540526931 0.0134612998287413 0.0521772971508226 0.0722835501607094
0.00311732840349507 0.0187099583589268 0.0552760875322792 0.0944242305093649
0.00194151798768903 0.02076662435476 0.0233577423976546 0.126842628430576
-0.0157441131798733 0.0211081500804932 -0.0563839456662039 0.161998809249664
-0.0281756199248708 -0.000291003259176402 -0.181459237644715 0.0947718808276296
-0.000551741063563019 -0.0194902330297235 -0.214765570888997 -0.0406456378064378
0.0120985945835734 -0.0118249570841885 -0.0900376622244154 -0.11129834359911
0.00907104714074962 -0.00100097839436936 -0.00847457185080069 0.0778805658695835
0.0212278725610237 0.0711852111169949 -0.062566108259933 0.0140949664896588
0.0287546726411967 0.0812671917766044 -0.26804862828965 -0.130169514800919
0.0498389746487191 0.0278291767634622 -0.394777507915227 -0.0431993984924199
0.0336996985963435 -0.0108658723688264 -0.285626983499042 0.129267033918553
0.0105434622994378 -0.0162597683540088 -0.0675548998501047 0.188907519657046
-0.00521274367496653 -0.0152761377136287 0.0510525446991134 0.128864235612452
-0.0142783039927253 -0.00786927496659033 0.0591090233156108 0.0759654476438415
-0.0181926828709932 -0.00832113269489779 0.0501853437749436 0.0715694274265245
-0.0261807810034179 -0.00990873316390334 0.0536317367515188 0.0910101446102887
-0.0192522441119841 -0.02598189242187 0.0204862842841313 0.127929777626465
-0.0148581414393824 -0.0362718316984383 -0.0606725181196816 0.160021374035771
0.0161742843787712 -0.0550002739088506 -0.185785799232791 0.0892523366884397
0.0612273641145725 -0.0247595206173577 -0.211146043589884 -0.0433134446737763
0.04321649380305 0.0285880341793182 -0.0775047354183097 -0.119500361572605
0.0228192084506238 0.0413562533228547 -0.000921810214451316 0.0723346307058959
0.050135460864321 0.134195148925442 -0.0775282649347022 -0.00974465207404793
0.0944586168600324 0.152643673355769 -0.293896827580775 -0.0973550190900791
0.13257295730005 0.0525304911252512 -0.396284811020574 0.0590924343467072
0.0944686847722276 -0.0390868658935333 -0.245365079845948 0.205092771265183
0.0314501133589728 -0.053293996800781 -0.0264571120971838 0.199939590229735
-0.00476410652482693 -0.0450146512458556 0.0643174459546441 0.119462221658309
-0.0291515740786134 -0.0307064579011655 0.0546718457437654 0.0685500248788668
-0.0414598488471429 -0.0284179754867391 0.0397535026952565 0.0619136642571947
-0.0506987356057017 -0.0357114574306065 0.0382887657299773 0.0704380070837617
-0.0341846145787185 -0.0681064775770524 -0.000656882801880575 0.101653629033402
-0.00896277678811506 -0.0878281795916997 -0.0866628198075852 0.12351701250996
0.0622345711382264 -0.105454930476244 -0.197576672400381 0.0400611514630779
0.122467294726883 -0.030072128837654 -0.191822624160482 -0.087623504314423
0.0769666524694837 0.0677821462816868 -0.0355262423341598 -0.145263048337989
0.0375823256583059 0.0841691158784407 0.0198164133382222 0.0615146707355345
0.069590691994403 0.15403169926852 -0.09240839473568 -0.036531315267179
0.139551944987349 0.161483498901958 -0.298788229023688 -0.0170910728138138
0.189235144432535 0.0401035557291236 -0.31620956002839 0.195443935876324
0.138158053019889 -0.0814159505000423 -0.130476545086107 0.272646819851661
0.0453469474889474 -0.0968317506208517 0.0433668494735958 0.18658840336301
-0.00769830465567564 -0.0772075114626424 0.079027295757563 0.0941608979165936
-0.0436050250082193 -0.0521696969682918 0.0436963794365558 0.0514561992545444
-0.0583913721549781 -0.043449540619848 0.0228252140837826 0.0414390960065019
-0.0630039372092802 -0.0535508835790987 0.0119872114514674 0.0354753007913928
-0.0365591574817567 -0.0973504304156233 -0.034385463316176 0.0528351531384264
0.00653490941950649 -0.124008855053996 -0.119906077438924 0.0520443831234529
0.107739453244721 -0.138926651816626 -0.194138834852082 -0.0535599683042853
0.176417791517586 -0.0292235651013227 -0.135156955265281 -0.16638289069128
0.111512933558986 0.102787753873891 0.0439506050588246 -0.174441823744599
0.0534159310802781 0.123963357804371 0.0491758807214269 0.0464076250072916
0.0725005805525792 0.139654881750818 -0.0957604082185884 -0.0530089100637887
0.144782568742296 0.136196228356226 -0.243734422086505 0.0796976073788734
0.205811037019946 0.0158417208260291 -0.149619119800654 0.274490549140157
0.153738680361777 -0.118568737101656 0.0243320669274657 0.260320596875364
0.0456865536927 -0.134268245040152 0.110605534546176 0.124206353588596
-0.014929147726712 -0.103474697130969 0.0834080507833068 0.0476702329023353
-0.054335643413587 -0.067742310433339 0.0246732421046558 0.0232364196793364
-0.0648348025241625 -0.0513888751935863 0.00101669234565274 0.0132719364553258
-0.061832588574442 -0.0609364705699888 -0.0175611116469602 -0.00442537069943773
-0.0259772356386233 -0.10631535965925 -0.0642732221043276 -0.00634556394754923
0.0295560532430348 -0.133512872570323 -0.132790172131055 -0.0419155691484915
0.144532971489581 -0.140948870908751 -0.140809522704718 -0.16892611490231
0.213244252125825 -0.0127062115764737 -0.0151264940407483 -0.245008157163319
0.138181493766512 0.135090741350399 0.156343672913625 -0.176157565349718
0.0653207549792499 0.158259377560813 0.0777032525513215 0.0305680092391783
0.0583060363398372 0.110173710914153 -0.0840132225183088 -0.062801850119069
0.117957979723259 0.104653906819434 -0.146609695342692 0.13931457984877
0.18516554672526 0.000212275525916275 0.0235899279378092 0.256892904551026
0.139212313925302 -0.130625040454109 0.147370477740124 0.167833747746118
0.0345506003867308 -0.147311155418907 0.140733682317426 0.0272948151973556
-0.0224978658570824 -0.11270224283728 0.066098431574554 -0.0134508076481753
-0.0573898853121972 -0.0724041248956887 -0.00040893008828288 -0.0130119887057318
-0.0619598764166546 -0.0518606367878256 -0.0217429898834635 -0.0181342935962472
-0.0515678186515525 -0.0574640939322652 -0.0414810743005545 -0.040276448895789
-0.0105065266865537 -0.0950811406924117 -0.0751127275757895 -0.0601265851689883
0.0484296564934106 -0.114409073655284 -0.102430996905742 -0.127344575527514
0.161232595208421 -0.106872400068284 -0.0219610987209863 -0.250522518153613
0.219283880276865 0.0242191777917973 0.154988519306227 -0.26059144282005
0.142605809049047 0.166941055385069 0.2704691074344 -0.124738998941734
0.0640220486762848 0.179500565008124 0.0980619138401198 0.0146148339030154
0.0361329539493702 0.0752348016838649 -0.0604593182366495 -0.0730567250582971
0.0785386147981757 0.0737535419226137 -0.0513185067739415 0.147529443267907
0.140544570112114 -0.00251497555145205 0.13802462626471 0.184040773887621
0.103806826418775 -0.109692057430419 0.20297507628245 0.0547186226546595
0.0213250418201885 -0.126905094131032 0.130909648656361 -0.0683164599780511
-0.0225556626792956 -0.0981626866610418 0.0317808707038098 -0.0745969722244194
-0.0489888421941712 -0.0641625696944369 -0.027904265558959 -0.0508408032294538
-0.0499866403439384 -0.0442727507024411 -0.0408231240553162 -0.0462926336967031
-0.035911604914866 -0.0463874038826281 -0.0549191258563895 -0.0656315514972203
0.00114811968181015 -0.0700998819735097 -0.0652824053470566 -0.0952475195181328
0.0524804227684754 -0.0796228328436467 -0.0370604981687396 -0.172588176153959
0.143970300448438 -0.053444054824306 0.123058304706172 -0.247415552797773
0.179548992753135 0.06666493919038 0.307940997630055 -0.17818601761176
0.110132393132136 0.180442257000277 0.339560610013409 -0.0283117278002233
0.0457820082266749 0.170582829205584 0.106246014842132 -0.00342057658502467
0.014365355960066 0.0377705003010323 -0.0353743131111157 -0.0836924273966385
0.0372322324751884 0.0394444927495463 0.0112395706404746 0.128372872443323
0.0814370781987043 0.000485583097858273 0.188837483679534 0.112050694941744
0.059411878022974 -0.064501127348351 0.211509779793803 -0.0327959411627558
0.0133973497604691 -0.0792879441108483 0.102142200452433 -0.134960935647052
-0.0116995377663485 -0.0634818032091498 -0.00318213718191556 -0.119628892970505
-0.0294357321907448 -0.0435664467055246 -0.0482695667328384 -0.0808629038966806
-0.0300213441031633 -0.0298035011672436 -0.0519483185566612 -0.0677376607470944
-0.0195569517230591 -0.0292727591542954 -0.0590526790202517 -0.0790403088364585
0.00447290178471484 -0.0411287768310888 -0.0470363973782909 -0.111957041800084
0.0406087637377494 -0.0445816082197832 0.0278908840979861 -0.177018955926191
0.0945414559253479 -0.00862114817928697 0.225281773031112 -0.179150223276173
0.101073434307458 0.076532589343001 0.379065133478866 -0.0508000193008752
0.050949963828803 0.141756589232079 0.348824002914838 0.0680416933043159
0.0194264751241354 0.115968211685574 0.103288054198912 -0.0200436064821978
-0.0106742563371453 -0.0149108829230586 -0.049658174454936 0.0217196875441454
-0.0341326903582967 -0.0218799404043978 -0.258583279315061 -0.106635310599856
-0.0359341545822408 -0.0177508237198278 -0.371977850475357 -0.0344212475018729
-0.0311344788324979 0.0093439885081897 -0.267143636593787 0.122254821920493
-0.0104738195992526 0.0150272162925496 -0.0592532701651479 0.181848313891745
-0.00719904427490343 0.0107046849418098 0.0550262946916714 0.120716781614019
0.00233053672231963 0.0122301267041377 0.0654052095812242 0.0707077272172432
0.00931378989936913 0.0119769150814771 0.0578407661338727 0.0644771924705532
0.00551295104522193 0.0176491591215432 0.0607624132035424 0.0841644454374734
0.00325445530507776 0.0189890444406255 0.0308888624315573 0.117956758528237
-0.0148288072737091 0.0229264259658839 -0.0426135641781704 0.155470305619067
-0.0266987063874371 0.00284400529486856 -0.168098370205148 0.101614608378893
-0.00278585743716607 -0.0196915748248794 -0.209242028872335 -0.0252612285543079
0.0106030608206424 -0.0123511056895984 -0.0921993607009459 -0.10417867535294
0.00877409939756071 -0.00111917183728885 0.00454939128617111 0.0735671681237388
0.024218793609194 0.0673326625883522 -0.0609098935273103 0.0219848484167773
0.0329499074054598 0.0784532951035688 -0.267424800137164 -0.106115254966671
0.0497774638769697 0.0236307528119588 -0.382603412706893 -0.0196067411070536
0.0329786530497381 -0.012688633639418 -0.268189140343543 0.139538224872754
0.00841831345537777 -0.0174651726395746 -0.0545667173217523 0.185306366654894
-0.00692094706866625 -0.0141733719263286 0.0586119763806584 0.11993136449631
-0.0141195974252265 -0.0059365841891203 0.0641316410034499 0.0695404587818906
-0.0177576097342173 -0.00624053373600696 0.0554849687158732 0.0637823698347255
-0.0254610101154719 -0.00721926195641102 0.0589935486382907 0.0814526353420785
-0.0212090914685822 -0.0236004895863879 0.0294808730132521 0.118934992996519
-0.0174672570559766 -0.033179140497987 -0.0471147122776317 0.154080412802275
0.011470500201883 -0.0541826930193489 -0.172816348868484 0.096468947392477
0.0562895944743857 -0.0300175420581341 -0.205402658348299 -0.0286993881892624
0.0443888877190931 0.025112232122983 -0.0806831543113798 -0.113586782036792
0.025883558825242 0.0383616846212942 0.0112578567565591 0.0678759221585077
0.0578047612301956 0.127043963369958 -0.0766483309511072 -0.00110701369160587
0.102225435256014 0.143262218812531 -0.290868467096301 -0.0737743539919794
0.131326819156783 0.0412949748974863 -0.37871866160446 0.0799100485350779
0.0895806086795843 -0.0448717831368672 -0.224652778927245 0.211799626860596
0.0253762955065798 -0.0549808845508704 -0.0135803840463899 0.19372781732884
-0.008773543344525 -0.0429704686253669 0.0708581346727863 0.109972875327179
-0.0309115376734098 -0.0268972285758679 0.0595354647599224 0.0628776329246585
-0.0422095444275709 -0.0230505291995223 0.0448460287772946 0.0552932946010494
-0.0509196920507971 -0.0297804029433013 0.0420524192452681 0.063286962109394
-0.039273879396487 -0.0631972976083427 0.00693739496860163 0.0948929796717174
-0.0161581196398214 -0.083454630333706 -0.07488926103257 0.120993439663353
0.0512293473665642 -0.107457277287888 -0.187882018152691 0.0497346767898884
0.114874082312036 -0.04045064806164 -0.188094654403046 -0.073725262223226
0.0807100552522613 0.0606917391780554 -0.0407880610731087 -0.142184227455679
0.0438735993448765 0.0783127887677579 0.0303653171135687 0.0556869991977934
0.0790723604153725 0.144309116244917 -0.0939130346500894 -0.0277784708691719
0.147948038514091 0.148743502845554 -0.291892651682436 0.00286106269265482
0.185718616358978 0.0243244918525014 -0.294750100271779 0.208116320565414
0.128558408491584 -0.0902690734723437 -0.109853200026721 0.271799643417679
0.0344859426150654 -0.0978877644405147 0.0535257844881128 0.177567338905612
-0.0148437627840633 -0.0736826141109007 0.0838185643528929 0.0851407353946033
-0.046619579109783 -0.0462868313547446 0.0482893102841196 0.0473406081350641
-0.0592993214987317 -0.0351088530459828 0.0269486667395882 0.0373328145723175
-0.0646200224497376 -0.0456186790647832 0.0134598509146821 0.0318655660907705
-0.0441128751568952 -0.0906540202360958 -0.0292924553316227 0.0499659455293594
-0.00387590510062385 -0.119615553658267 -0.112629753391914 0.0549191045199575
0.0920386014049308 -0.143682361664149 -0.190793819279999 -0.0408196971533752
0.167546304682246 -0.0441542252112099 -0.137362104136812 -0.154385670911366
0.116960834800934 0.0930407442522692 0.0351401406261269 -0.175639303344828
0.0624268226938106 0.116232438884232 0.05705914477445 0.0391547202225871
0.0812055077464768 0.130098805391149 -0.0999952849563813 -0.0441220070206852
0.151535562830501 0.122290583025479 -0.234852372609932 0.0932258260469123
0.199352911618922 -0.00229610116698711 -0.129277042117924 0.275747923341923
0.138852169994207 -0.128204301974524 0.039475049839427 0.251968330077214
0.0319274320291922 -0.133330022591061 0.115187977521811 0.113800692657109
-0.024615105920902 -0.0980565232470345 0.0847901612358448 0.0403271625637867
-0.0582714421926483 -0.06017375882115 0.0275285432146278 0.0222080705919327
-0.06643380102177 -0.0418615301088499 0.00326879717441725 0.012477978012557
-0.0641672109070201 -0.0522309993295638 -0.0186566185008568 -0.00433418620105483
-0.03437326866154 -0.100286301617486 -0.0629565662077565 -0.00441992691192298
0.0177152302960282 -0.130900640199237 -0.131240777808248 -0.0339637562242995
0.128114676778132 -0.149244821828494 -0.147424603348909 -0.156391717615346
0.204714034459759 -0.0300135483149219 -0.0256548183171278 -0.238097229488997
0.145397812126155 0.123094360555356 0.14495397159418 -0.184513924161191
0.0762388243311579 0.149439918960074 0.0822021181864673 0.0222536344853526
0.0662014619716768 0.101272486985394 -0.0907760642041596 -0.054276281039889
0.122984153764712 0.0928610385248589 -0.136908088379225 0.146664843181583
0.177532563881321 -0.0165055259748694 0.0382459124629619 0.249019763595944
0.123034826545051 -0.138297082242639 0.153636541178787 0.155970058327093
0.0202165185739442 -0.144771097837499 0.138748851475307 0.0191692957527432
-0.0324568541024333 -0.106131736154294 0.06403383620269 -0.0166370078411444
-0.0609910128118814 -0.064500206603722 -6.36308894851042E-05 -0.00957057388145906
-0.0635390970105174 -0.0422563825744675 -0.0219870454029557 -0.0148437501633597
-0.054414956123829 -0.0499717459647692 -0.0447030126525657 -0.0358952140521847
-0.0182038884216825 -0.0906898683007438 -0.0770397393861486 -0.0548870919589083
0.0379888817453331 -0.114932832605052 -0.106707153082017 -0.11719266008448
0.147541229403463 -0.117167748061639 -0.0369019286339914 -0.242076080896897
0.213837126644484 0.007188957660051 0.137016141397374 -0.262305748461405
0.151919914423101 0.154864364582015 0.258489832932792 -0.14106701520785
0.0759983978640487 0.170884711751709 0.0996001078135635 0.00547031100887835
0.0423115617024968 0.0689264229577336 -0.0700522125442228 -0.0651200516382947
0.0825727171100668 0.0654891057244208 -0.0447176687045767 0.149660793904381
0.134336678087918 -0.0156017622224536 0.145308850889643 0.171713639256047
0.0903911571301672 -0.115096512234814 0.200374382492574 0.0418802607860543
0.0089394402856843 -0.123527731987314 0.12301794694241 -0.0716798771129789
-0.031241083931844 -0.092715139845783 0.0274655882148348 -0.0719763434743851
-0.0521098315279565 -0.0571591581064313 -0.0290375179396161 -0.0438925361571813
-0.051319335683719 -0.036186644667585 -0.0430418660970062 -0.0404777797457323
-0.0384178633125097 -0.0404480758343568 -0.0597420316359076 -0.059156026739815
-0.00530409644069002 -0.0680161562250926 -0.0699462780981607 -0.0887502403066737
0.0446371502990554 -0.0813402154480506 -0.0457016447931696 -0.164396250097803
0.135751031693528 -0.0633628874263031 0.103332965237453 -0.246908895302271
0.179266869829798 0.0516261545951222 0.28819237825102 -0.190876633366832
0.120181117941359 0.170817679127027 0.33064337144271 -0.0512027695681899
0.0569015858226628 0.163977580417749 0.105111145103835 -0.0133424560171456
0.0181309225356568 0.0351234020281619 -0.0474402526015746 -0.0765480988543909
0.0391807894999301 0.0355296899124291 0.0152357457319729 0.127319400826564
0.0778277111709109 -0.00763562999871611 0.190332899432586 0.0982424321252844
0.0518304098817802 -0.0665318175836796 0.202324330500923 -0.0428997866799346
0.0062990605763557 -0.07730983127408 0.0904315821764606 -0.133418778063522
-0.0173169883318151 -0.0600889650527973 -0.0101191623008689 -0.112207928138176
-0.0314984671933187 -0.0393129268356731 -0.0516739011637738 -0.0709757800451998
-0.0310359130730943 -0.0247962962547458 -0.0562904445636879 -0.0601737685167304
-0.020959038812356 -0.0249659155310716 -0.0646927116895994 -0.071813143479412
0.000632696176596291 -0.0403028507853186 -0.0531916989757819 -0.105939311158581
0.0356306445889446 -0.046657404484287 0.0170913660419553 -0.172476269698611
0.0907429498514184 -0.0162672676183583 0.206906706805132 -0.186317607802541
0.103958095593049 0.0675745119005574 0.362208703152854 -0.0707619602161998
0.0589367081188779 0.136547965142359 0.343905170599059 0.0414273768533082
0.0267920274964387 0.113087689292985 0.101712467009063 -0.029801330742376
-0.0117293816640352 -0.0150103194581462 -0.0488166518470413 0.0253950257388684
-0.0341496855004144 -0.0206489987493223 -0.248921370010737 -0.0972470504154807
-0.0348437888988162 -0.0161209938214148 -0.357114311145925 -0.031472176406561
-0.0285134566614493 0.0100397919117353 -0.256792572021799 0.116410840122803
-0.00999154583584315 0.0140683894199079 -0.056410098510277 0.173779067535384
-0.0067699368169788 0.0112336902493361 0.0550189881453072 0.114887475292295
0.00275906486804191 0.012268626048908 0.0658120714911345 0.0665911046879135
0.00917035548989821 0.0105014223286938 0.0586896035417825 0.0592470081224857
0.00666139825220875 0.0163922074439024 0.0601969404760127 0.0772837834524533
0.00306409441068869 0.0181556831207599 0.0316804800021911 0.110035814640058
-0.011873028029114 0.0214764196290205 -0.0391497141463677 0.145797422242258
-0.0246297632504529 0.00451558611514447 -0.159306721148415 0.0987111539723975
-0.00380340505453743 -0.0192105770206074 -0.200187696893274 -0.0222597188468851
0.00985831280266731 -0.0119034075276079 -0.087159012257739 -0.101764473375404
0.00885398638358088 -0.000772636499897692 0.0128980890853231 0.0678192150628669
0.0234537047960513 0.0651266270830142 -0.0587475125957776 0.0261244754226226
0.0322590414024623 0.0766122764967375 -0.25703882147907 -0.0966110699553257
0.0480500612684924 0.0225435805073317 -0.367147859114517 -0.0179744651687959
0.0327670405992854 -0.0130172939729282 -0.257488003951535 0.133076468364669
0.0073446581255731 -0.0175375907893594 -0.0518631465067882 0.177163574666062
-0.00733940093369696 -0.0132602232609758 0.0584892673679502 0.113204403959242
-0.013685179205582 -0.00520643815114998 0.0649510196212567 0.0657670771671103
-0.017417126503531 -0.00527617705765829 0.0563069804533523 0.0585665288104286
-0.0239613414149244 -0.00640633032884447 0.0580458966754518 0.0745316761902657
-0.0215157754690287 -0.0223128562462049 0.0307864601993229 0.110149014372695
-0.0176444538592844 -0.0309041786390074 -0.0425758290565599 0.144699693952807
0.00960316413002526 -0.0526171501478137 -0.164456216645833 0.0935316879742202
0.0524945368662441 -0.0316652116910854 -0.195426411724912 -0.0263239403698948
0.0436389589984296 0.0232663535375985 -0.0770896663579666 -0.111177431260673
0.0265344135133802 0.0365178167182793 0.0189597871857938 0.0621053813978121
0.0573499777570475 0.122358979838212 -0.0747528236691572 0.00245585305827933
0.101632810152969 0.138100802350605 -0.279732250438659 -0.0669750269801459
0.126865207076231 0.0375808172162164 -0.363165708752529 0.07815025891517
0.0862948572748029 -0.0459373042759522 -0.215053373944005 0.204364958687168
0.0222601315925075 -0.0540817467027764 -0.0127724958640322 0.185453579611641
-0.0106202830050669 -0.0406023144956186 0.0692798646309359 0.103715646083616
-0.0303635790590048 -0.0248449647821659 0.060427728910506 0.0592677859536512
-0.0409961422241806 -0.019446606754127 0.0460371603285546 0.0509172482306922
-0.0497273726875872 -0.0263664399439142 0.0416357212330609 0.0576857416901998
-0.0404214681851279 -0.0590943514341899 0.00888634709836414 0.0870344669044111
-0.018002004585674 -0.0792212193438025 -0.0704108852279094 0.113351878254843
0.0452425751618534 -0.105091503656958 -0.179491595087652 0.0485882432154622
0.107996576909686 -0.0430377706691248 -0.178702820638603 -0.0707477091268144
0.0803492011045572 0.0570864687360761 -0.0384769851594822 -0.140192708082991
0.0453809054569982 0.07349609560809 0.0367826626021208 0.0500678516759127
0.0789262138492213 0.138346133786444 -0.0924468783907927 -0.0238469081781594
0.146342618246271 0.141907707023526 -0.282116560377021 0.00620671921895667
0.178365193375397 0.0192798233067878 -0.282857926289402 0.201938918125678
0.121312158150684 -0.0917678290955003 -0.104183333690202 0.262977063131705
0.0292687637955962 -0.0951985496948895 0.0526680789175059 0.170174083505454
-0.0174917557206075 -0.0696362859073026 0.0817494879413592 0.0799277607072313
-0.046759879848354 -0.0428387810555049 0.0490397717655634 0.0450390410276322
-0.057304406283198 -0.0299201494983709 0.0279845762386642 0.034607674990037
-0.0630151244031593 -0.0408992200114195 0.0130531690142597 0.0289481974218942
-0.0458036989221695 -0.0854919962646961 -0.0273394731690251 0.0452868903929
-0.00757281153226164 -0.114887518527146 -0.107155433022316 0.0519289809295064
0.0832885020924157 -0.141852451150742 -0.184269778014359 -0.0387985210092694
0.158336530884645 -0.0478526719048907 -0.13065262918101 -0.149975002251654
0.117046708650597 0.0876814777681005 0.0351568579481197 -0.174291699062501
0.0642879929190154 0.110075155208128 0.0607188566431247 0.0340943977792641
0.0813280549574053 0.123705561829449 -0.0999013410074439 -0.0402483102638974
0.149851628394809 0.115569546472944 -0.227894967477122 0.0924092152928033
0.190855527650699 -0.00801331264336942 -0.123740256022262 0.267020050687335
0.128947712314353 -0.128658470092566 0.0408709186992234 0.243061337321556
0.0250709618717476 -0.129088493214253 0.111858780614195 0.109306511777822
-0.0278219380667311 -0.0923560760847111 0.082474992095714 0.0372872612770888
-0.0579078479668148 -0.0552086383222031 0.0286391773189753 0.0222719359351402
-0.0644787213546734 -0.0361730885357354 0.00430966467199333 0.0117367641831722
-0.0633562246588543 -0.0473976529373624 -0.0190115308750963 -0.0041817825017658
-0.0367130958647263 -0.0950452736903579 -0.0608933211056224 -0.00578067413940907
0.0131700910287343 -0.126142971140557 -0.126507071112619 -0.0326552946932931
0.118019014050795 -0.147612337674345 -0.143424112321592 -0.150923411761847
0.195323258661576 -0.0346677192662612 -0.0234915374369538 -0.231883514281137
0.145914105841065 0.117107113151158 0.140281715378125 -0.183309371127216
0.0784099387281252 0.142953886139565 0.0840803062300287 0.017414543152154
0.0667725402318938 0.0956094962303163 -0.0930472868154562 -0.0495472200048645
0.121840239489771 0.0867344603674766 -0.133887094838322 0.143829591592468
0.16909604835914 -0.021983611758378 0.0382133598432823 0.241385895295377
0.113236499647665 -0.137679167265395 0.149329200201521 0.149439337092723
0.0132998591496135 -0.13954638553614 0.134406778214557 0.0181285407214303
-0.0355463441565788 -0.0999637106948295 0.0624722630628054 -0.0162265731484654
-0.0602379172905453 -0.0595771988557395 0.00177402469337966 -0.00769385165136639
-0.0615986496599772 -0.0365582353523719 -0.0203624842354068 -0.0130797483305779
-0.0534487742075761 -0.0453574382379603 -0.0452806722270909 -0.0334962289498184
-0.0208545919627073 -0.0865238850621889 -0.0753806331270345 -0.0526628830857903
0.0330299989831306 -0.111661080600219 -0.103423786531253 -0.112212512111672
0.138160123025669 -0.117042469028958 -0.038565856391065 -0.233430184774847
0.205873658476373 0.00156179986840508 0.132920068252122 -0.255646714734403
0.151816353850402 0.149130318602375 0.251086370151936 -0.142606681895082
0.0780240203235094 0.164543983393709 0.0992725703895142 0.00120457423126095
0.0434249769813518 0.0648558993407629 -0.0742239665741226 -0.0593178814333188
0.0818869533289044 0.0614155010520326 -0.0446769765563765 0.147404993384512
0.127647924406151 -0.0200010911025272 0.141999108360944 0.165291180783215
0.0826941037287368 -0.113729055993763 0.19396117367997 0.0399803839554663
0.00414127472537888 -0.118644791011968 0.118762907929187 -0.0685355428933489
-0.033698809453133 -0.087186910314074 0.0265672774735607 -0.0679393207756185
-0.0515267348462902 -0.0526622316980891 -0.0272938715024993 -0.0386857162339489
-0.0495012389945823 -0.031323561982217 -0.0425711190022042 -0.0369256211524964
-0.0380530063130611 -0.0363512206694293 -0.0606209370233746 -0.0549111593600864
-0.00768928014194533 -0.0650266303010273 -0.069162688323286 -0.0852174104710555
0.0405239093891359 -0.0805251964313087 -0.0446724965717203 -0.157412094701903
0.128671211000315 -0.0656232675575501 0.0971705708090439 -0.238359198013823
0.174316240960326 0.0467918184343312 0.277163878823297 -0.186273682978175
0.120902243139857 0.165969640629877 0.320984736874892 -0.055058737068952
0.0583435254585613 0.159480565532528 0.10374989446877 -0.0169930030054264
0.0189227808111904 0.0325856959582097 -0.0539102452055412 -0.0703913281500802
0.0391514104501188 0.0340806507817259 0.0126461536762109 0.126501929560762
0.0732158146952889 -0.0102460343009745 0.185375901833754 0.0941991398344076
0.04724251717115 -0.0657672962665886 0.194256682270131 -0.0416536586581245
0.0030727982896449 -0.074223577103494 0.0862863954020869 -0.126177672528871
-0.0191309397270678 -0.0571978002333097 -0.00982313722785321 -0.1046976019288
-0.030942076146519 -0.0363260546310466 -0.0499957499346052 -0.0638762402865955
-0.0301243916317843 -0.0214769222768657 -0.0562373119040717 -0.0545104596972647
-0.020617355326581 -0.0227266204071579 -0.0659594100362259 -0.0674413562742202
-0.00119511468880643 -0.038950694294799 -0.0533400513108459 -0.10139414224126
0.032583523205049 -0.0468010299755633 0.0160504822585668 -0.16531766000858
0.0871318306307566 -0.017939430736076 0.196881030814963 -0.179564935193277
0.101922871579148 0.0635886228774326 0.347638924412846 -0.0703323205850919
0.0595962045154712 0.133653301883736 0.333518301359239 0.0347088676270352
0.0275171150494014 0.110276451632886 0.0992599825839087 -0.033616184251062
-0.0168718348217092 -0.00912415304660212 -0.0341738767343049 0.0473917276703429
-0.0370981677246124 -0.00146943543577479 -0.265570946079581 0.0169339150400018
-0.0344721267604589 0.00389776882114723 -0.336748312624364 0.115922843186859
-0.01659114893412 0.0221467656130527 -0.18986409893351 0.212709534337244
-0.00107234149322331 0.0147914336631195 0.0205664618585167 0.181388972308814
-0.000557337041096714 0.0126140953201998 0.098425264567467 0.0809372527563632
0.00775378799733465 0.0101322333778409 0.0899215170150131 0.0325072843725999
0.0126090953319589 0.00500322565554523 0.0792776938542225 0.0263399242764642
0.013702539361142 0.011854302484252 0.0866865834480781 0.0424032838209354
0.0104970895794319 0.0155466599602368 0.0733341378863235 0.0835723999073453
-0.00114185666477811 0.0253721824386015 0.0221030657267382 0.144628198786381
-0.0211775912194094 0.0160808176291686 -0.105015102507401 0.15187332775105
-0.014830076019903 -0.0169292857518682 -0.1882501842794 0.0603738289284748
0.00343234384538421 -0.01595309087841 -0.119165949350021 -0.0608329447232297
0.00840736590572197 -0.00432414977483296 0.044112517101303 0.0512667643173788
0.0472023085601525 0.0519937579810063 -0.0395535147414671 0.0522180534536726
0.0621629900512589 0.0620387677834022 -0.269572417096863 0.019047158828686
0.0559339773171771 0.00676552271201221 -0.33925157023098 0.129383892770977
0.0283703019867762 -0.0240096088747309 -0.182599994309428 0.225316003275972
0.00143113402572876 -0.0207444348120485 0.0243970885206998 0.181376012774682
-0.0118712252257159 -0.00978172769536555 0.0994250351481481 0.077401026699437
-0.0140619759513526 0.00103840665741247 0.0887272069972404 0.0312825419421563
-0.0180717944296966 0.00192793555820778 0.0770063933395583 0.0269639613113634
-0.0239861305050478 0.00412397645755135 0.083810577321666 0.0397204196698127
-0.0291091290549244 -0.010697557928147 0.0733135027381858 0.0821575991292191
-0.0286919523194234 -0.0202923507113591 0.0208450841189983 0.144049458519436
-0.015503633080435 -0.0500138132569233 -0.107473222635561 0.149856483059887
0.0320734554003952 -0.0522690886762152 -0.184410607420709 0.0564717719720909
0.0506136302823733 0.000742561493199593 -0.116559707399858 -0.0720778607009223
0.042262499358665 0.0211453337024869 0.0452977430698634 0.0441779908748469
0.100313994475734 0.0917551102575365 -0.0617272528122247 0.0353674828243185
0.15014178701253 0.090194523274697 -0.278291403601904 0.0524227331864111
0.134717420379409 -0.0116631127270059 -0.295842451409957 0.212136238794493
0.0629967510890099 -0.0763720556396058 -0.11239806018858 0.270545919256044
-0.000757145409739984 -0.059654395807618 0.0622744034204313 0.173095129578937
-0.0263242966707196 -0.0329272331382734 0.105084729057427 0.0640740833079462
-0.0381214421955861 -0.0095795802847992 0.0812359548894468 0.0268204763547395
-0.0453783029004479 -0.000948052369396687 0.0642995873116466 0.0240193262661711
-0.0560329226804705 -0.00291544034011094 0.062157067576952 0.0313007177223283
-0.062052341618178 -0.0364252448955531 0.0434171948312705 0.0696505687881404
-0.0500012032150598 -0.0647274618743052 -0.0147707004224465 0.127092318107424
-0.00749977158082306 -0.113412652491462 -0.135575698830179 0.11551808391077
0.0781070616737857 -0.0871281412586488 -0.18712494272564 0.0105219314834577
0.0999214674488585 0.0156973724053951 -0.0946719888246231 -0.112678702297944
0.0773178285613183 0.0471024692997272 0.0535248920918013 0.0270390383445921
0.126838932479706 0.0988744208295242 -0.0886851557994306 0.0174749854961365
0.193559001781836 0.0751149207839064 -0.252321046491442 0.118632691456643
0.174183107909642 -0.0522575916070151 -0.173718805285767 0.292072680325588
0.0737798655165781 -0.13271448018467 0.0127621270688748 0.276913597090697
-0.0124386505265066 -0.100099531381925 0.11509142510149 0.131085571228979
-0.0450534996344724 -0.0558484599995282 0.106007447564253 0.03672428710456
-0.0597495968377248 -0.0187740104389976 0.0637258567310588 0.0180200548209792
-0.0645631910995575 -0.00340835649864293 0.0411769564323686 0.0169496832625581
-0.0745778969630337 -0.0104457214505758 0.0237835619676547 0.0181167466874232
-0.0780858436885044 -0.0579652948561656 -0.00649813025021629 0.0472573425593189
-0.0555849334207633 -0.102166222041726 -0.0721315051607972 0.0878518926250801
0.0103765694588385 -0.163733012618627 -0.172651835544198 0.0391992681322559
0.124480567023785 -0.113559677706976 -0.175645647079782 -0.0803215305174709
0.148518554099542 0.0275719790529421 -0.0425227744205119 -0.171972846941781
0.111386374915735 0.0726711821304443 0.0663002255705865 0.00391439572489134
0.123653506410746 0.0834238192772786 -0.104698564584831 0.00506185927853427
0.186535615333703 0.0461450323654359 -0.168994322458975 0.176661867020393
0.172672520507068 -0.0844274232531943 -0.00310283298970213 0.286597128555927
0.0630321356196816 -0.170327826597286 0.137677405932461 0.198917843986997
-0.0312191070918776 -0.127867850431435 0.14344456329866 0.0508477735887682
-0.0638826422125855 -0.0718460632085315 0.0886777645962411 -0.00207921351632896
-0.075134685891094 -0.0249800593854038 0.035126630920115 0.00703320065948366
-0.0729644260633828 -0.00540095584572595 0.00976400246822289 0.00723506740193683
-0.0772341677842643 -0.0159303714042964 -0.0194230875001278 0.00303246929200319
-0.073970236158119 -0.0710931276578055 -0.0579941250196987 0.0165434162605013
-0.0423163186665436 -0.122439196415515 -0.123523189701193 0.0211802930237205
0.0399079420501449 -0.185629109773303 -0.179987953263857 -0.0774812844520203
0.166648032121825 -0.117259956600473 -0.112242038937392 -0.196512077308183
0.190099812383379 0.0437971694128376 0.0495136456490446 -0.221985325030598
0.140182374263608 0.0973368096616393 0.0781481636562027 -0.0193531576250049
0.098981313191108 0.0624757392178924 -0.104707695084379 -0.00543105650853461
0.148798338927465 0.028679267381057 -0.0625078337378889 0.187483544703435
0.144875632002191 -0.0907567894549282 0.134678419158123 0.197582221441679
0.0425566436591142 -0.171847015406474 0.198836406528315 0.0679498074072645
-0.0474121421999028 -0.131367866334844 0.125574177761226 -0.0412435971041734
-0.0746053510929623 -0.0744754944900655 0.0482508694417741 -0.0418575746677397
-0.0787965256479069 -0.0276811440991558 -0.00225633860714087 -0.00774716738772775
-0.0702316289131546 -0.00690833186858675 -0.0240212704090154 -0.00376808771984981
-0.0672909689436537 -0.0179381297531302 -0.0560336204387087 -0.0115871839091308
-0.0565327452251928 -0.0699185242940393 -0.0903471564544202 -0.0188536889825503
-0.0181876651089881 -0.118156198897186 -0.134631999703573 -0.05863101553037
0.0727613147085044 -0.168486072604237 -0.118252449810585 -0.192672852401074
0.194597352520365 -0.0872235488236501 0.0189936598224216 -0.280464186698545
0.21088791134422 0.0728603981481912 0.165880768133913 -0.228035997983181
0.149357696047362 0.119793108260434 0.0834059875768893 -0.0401910324519019
0.0651994604186311 0.0424965665125228 -0.0939082908160781 -0.0202698910065329
0.101320925390095 0.0208937624272189 0.0207550931285255 0.155771106919803
0.105542938638075 -0.0728714004596989 0.198341785245631 0.0871999047381612
0.0242199011989741 -0.137294880532746 0.193370664185667 -0.0500378560616482
-0.0478247253061897 -0.107551307113767 0.07527356620652 -0.112616230204712
-0.0677727492343984 -0.063417311151193 -0.00549461175720313 -0.0725773283855899
-0.0678750358198839 -0.0256586439216186 -0.0413280675262572 -0.0230679767222794
-0.0571593339104005 -0.00678145313604786 -0.0543550497309288 -0.0144578863646817
-0.0498825380293072 -0.0166279417079827 -0.0789966047474754 -0.0232184862226653
-0.0356361083018163 -0.0560971398438969 -0.0982498000128517 -0.0495919077711765
0.00205712969831946 -0.0928221489345619 -0.101361476810463 -0.123157597141177
0.0889842449571997 -0.117193367996023 -0.000445189994083786 -0.250600599353065
0.186048210190589 -0.0305819443381182 0.176178375385377 -0.275849436541119
0.189355618791824 0.1043476535077 0.263215212497051 -0.177522553638027
0.128183318292443 0.124168250434927 0.0791828814697622 -0.0594481169876256
0.0304826869522186 0.0233196250063065 -0.0813197607427426 -0.0370127615272179
0.0509519724560869 0.0134334452401152 0.0640251641814109 0.11450719161422
0.0603872783445469 -0.0420825104396967 0.208715686171537 0.00692201883223166
0.0122854677648408 -0.0787537235094749 0.160414452064941 -0.121895081223085
-0.0301254837651213 -0.066694269358493 0.0240033415929048 -0.150660399431645
-0.0420584509893381 -0.0423808164721201 -0.0523062810072709 -0.0893344182714236
-0.0425334994032562 -0.0193690568306688 -0.0718379259960278 -0.0355782330476302
-0.0347836538399756 -0.00610965703478148 -0.0743434106550097 -0.0237946969708429
-0.0284383390811255 -0.0119015253397002 -0.0900320198826388 -0.0315705679795095
-0.018498455221791 -0.0349529243289072 -0.0914467360214174 -0.0701176609420208
0.00956965246089207 -0.0579535968952323 -0.0504218200920339 -0.155489492902219
0.0731428327173281 -0.0562689816658431 0.110497487126916 -0.237797411533664
0.125890852035187 0.0176238745599456 0.285321430936175 -0.19897175026067
0.117027872785269 0.101814146508632 0.312541381950193 -0.10286423978057
0.0769687145857237 0.0927803472315094 0.0711683761292537 -0.0747007266771107
-0.0192245380782455 -0.00921909834637527 -0.0333447518556512 0.0539994060375561
-0.0391680727726557 -0.000284600774597814 -0.272959111137295 0.0220353441500977
-0.0359124163287395 0.00412877893875842 -0.349477772748082 0.120196679229414
-0.0159797606271428 0.0231768369234335 -0.197412299580384 0.220910494058544
-0.00142836727526096 0.0157923356001597 0.0219358268067614 0.187813958577715
0.000241035080372472 0.0139685030325003 0.104099300968806 0.082007709099084
0.00895673197323923 0.0101026896125158 0.0963349749296553 0.0302355113366451
0.01296904876789 0.00351298788969297 0.0838845465261291 0.0229155088990956
0.0146675452493816 0.0106143029733303 0.0905379329266974 0.0387531143329473
0.0115581721297694 0.0155733974309135 0.0760364617743204 0.0823661265747896
0.000183532076851145 0.026014345845714 0.0232376718126669 0.146728708055478
-0.0203418796438289 0.017083943996487 -0.106866473817517 0.157560760583948
-0.0163539634630096 -0.0164894444011871 -0.194953857771189 0.0636648491159206
0.00377881171614544 -0.016922394130108 -0.124906615601821 -0.0657902482032432
0.00830159736595658 -0.00495956225879868 0.0517299087849152 0.0457325224173133
0.0494717077229052 0.0544263045590217 -0.0384479064229196 0.0582334181969737
0.0665862682765017 0.0650144189845483 -0.276658448581469 0.0231331914750138
0.0581743649419524 0.00660909649313187 -0.351894054501396 0.135413488122369
0.028852945923729 -0.0264094106654396 -0.189793072152333 0.234094218048822
-0.000159614485338555 -0.0213602651841645 0.0250163018535696 0.189276779195455
-0.0128064942284941 -0.00941580371143788 0.104002085956903 0.078195071982311
-0.0147084472977828 0.00101685150578133 0.0948121114060092 0.0287672371940831
-0.0188509484448116 0.00266497554469928 0.0819240185903722 0.0235633553974784
-0.0250383340590819 0.00495315048639441 0.0873467277715549 0.0364825094313375
-0.0309903126455064 -0.00976838004090069 0.0761359457790968 0.0799723433913944
-0.0301475694315468 -0.019882358915125 0.02202164471799 0.146074533025508
-0.0180279542001383 -0.0518563990559715 -0.109453014377034 0.155123848249131
0.0301255566618729 -0.0551747106445981 -0.190574662675227 0.0582036223563072
0.0534134891596124 -0.00145830788085114 -0.122550730536523 -0.0774860681849108
0.0454072889813043 0.0194669389900611 0.0523954453898813 0.0384385311552493
0.106441392686987 0.0946577544307173 -0.0635089834800198 0.0403748997108334
0.159588318828985 0.0928606539146898 -0.287886440844528 0.0561626227522958
0.139650280669552 -0.01445256137991 -0.308367452746801 0.222325130662513
0.0630879328637297 -0.0816765389518754 -0.117000754594809 0.282524734687302
-0.00348410569198136 -0.0618143913182229 0.0659111582491401 0.180651917253667
-0.0291986966259021 -0.0326553532429235 0.109857612619486 0.064618719217815
-0.0400489011638808 -0.00849450423246523 0.0866412118313241 0.0244878395493203
-0.0465333806260453 0.00106515751074154 0.0685088012972705 0.0208335125337131
-0.0580763106758389 -0.000530640849532381 0.0642701692995204 0.0285950764514763
-0.0659522066000454 -0.034817518069815 0.0440337107481192 0.0680618885924581
-0.0537743502058195 -0.0652983535165697 -0.0152711976797296 0.129547350158609
-0.0121738667844245 -0.118134746688001 -0.139843936037424 0.120219174745105
0.0770731312729779 -0.0931004959311584 -0.1944958479311 0.00897959760119239
0.105510781199897 0.012094142011618 -0.100257841307623 -0.120394998850922
0.0820244718143906 0.0448415642733796 0.0601428635090564 0.0215410793878731
0.135549252579282 0.100744617145174 -0.0933778713716684 0.0211902944339124
0.205539311708659 0.074886125295158 -0.263165776846786 0.125686040138023
0.179403885366349 -0.0581744496361893 -0.182304743662864 0.306479582829645
0.0714792762033064 -0.140641411885876 0.0154839444884778 0.289491300850757
-0.0168992964540833 -0.102245059172114 0.12085050924008 0.137204425631055
-0.0490755655291666 -0.0553828280663123 0.110986633158468 0.036398164556045
-0.063299370515147 -0.0163994466924926 0.0685541567877933 0.0160569940839215
-0.0658611416036299 -0.000158301837964632 0.0444554027611385 0.0148585905083996
-0.0771041536077688 -0.00652451922232025 0.0244456010096784 0.016477007119979
-0.0835326824215036 -0.0566750746688034 -0.00861937941935244 0.046901078926946
-0.0614480861649874 -0.104024868346645 -0.0749557248176364 0.0898744027031189
0.00431475214520027 -0.170801858271748 -0.180302903089795 0.0409386114970891
0.124176189557869 -0.121349396262464 -0.182931208794188 -0.0867840378470822
0.157567369600023 0.0234611600229329 -0.0457666826039895 -0.183553169160028
0.118696122599653 0.0706740364404865 0.0723087015675304 -0.00176536822191018
0.132057180740415 0.0837405954233076 -0.111684019803361 0.00904424747183648
0.198142420417279 0.0438737193998459 -0.177672606979308 0.18716594749041
0.175759513408564 -0.0927600764509787 -0.00270134891569448 0.30122426657747
0.0583030707302866 -0.179204087426735 0.145184406639472 0.207458834306318
-0.0376390935052985 -0.130599682734193 0.15009132503856 0.0535487427244878
-0.069663246868452 -0.0710770767006381 0.0925660622815594 -0.00341178075384784
-0.0789005590548205 -0.0226473140413234 0.0385819950546681 0.00569785258586005
-0.0743641672320021 -0.00211187782822744 0.0112624480704153 0.00648992200176326
-0.0796966471756009 -0.0124376873257555 -0.0207084348206276 0.00297056855896627
-0.0801947915544373 -0.0700406187563981 -0.0620277579494188 0.0167193548533567
-0.0485586704585982 -0.125880951517299 -0.128471915600253 0.0220445639879448
0.0339548675595757 -0.194455709371348 -0.188825874933514 -0.0797902338304631
0.168874036525492 -0.127063384026915 -0.117790972105221 -0.208499395269126
0.202348243522715 0.0396986313994471 0.0495173855751728 -0.23684963724324
0.149535083795291 0.0975563677883167 0.0838079136914126 -0.0250043050487507
0.105492941864804 0.0613117530347735 -0.112804343051871 -0.000787287415074267
0.157445076235694 0.0256618589979942 -0.06654004253272 0.198355035671439
0.145559369421832 -0.0990010643490946 0.14013122224817 0.206931475206702
0.0368550470777602 -0.1799461403845 0.208122240347786 0.0702969270576891
-0.0540428980293531 -0.133452841785595 0.130703222838704 -0.0429838545538066
-0.0802124520100846 -0.0732760439358134 0.0505173259791449 -0.0436669371595569
-0.0829754256917365 -0.0255289996458244 -0.000131759145554972 -0.00755270151834833
-0.0714067041677687 -0.00357690669707893 -0.0243757448468145 -0.00274854853517995
-0.069882907992982 -0.0153901808906752 -0.0591645208728705 -0.0100363550417426
-0.0618119093529267 -0.0701602454692503 -0.0950980774525955 -0.0183770674050216
-0.0233683945517098 -0.122315816211541 -0.140355748878499 -0.0604236252875494
0.0694535003855314 -0.177406850321223 -0.126454210737005 -0.200137203453502
0.200313611238775 -0.0965577681712642 0.0189012062820908 -0.296372886964958
0.225596829318815 0.0711623433383722 0.171343488363685 -0.244221475010317
0.160700551510117 0.121811505042459 0.0879319793176984 -0.0460657008434843
0.0696879524243456 0.0414115832323366 -0.102626662027992 -0.0143332967413233
0.107126875682731 0.0184617618841255 0.0212169808312603 0.16656622853668
0.105390887053161 -0.0797243598545586 0.207418450194509 0.0895045651789763
0.0188835376723436 -0.14324631202357 0.201388828904003 -0.0527718207446026
-0.053698480856134 -0.109094713255236 0.0782829220388883 -0.116244091919371
-0.0729811102045886 -0.0625476405134446 -0.00527207788873343 -0.0743857411209289
-0.0714032999235621 -0.0237321995451934 -0.0409269996738104 -0.0214174306784526
-0.0575601277840122 -0.00417000735471859 -0.0560998925857223 -0.0120865144743124
-0.051770616720038 -0.0142544320815549 -0.0835626054445235 -0.0207511323941309
-0.0394874910598178 -0.0570953635947252 -0.104341978136658 -0.0499482585774494
-0.00139715186686221 -0.0968822759801183 -0.105738922101412 -0.12737858931373
0.0884316371409194 -0.124976700049475 -0.00206737682655485 -0.260272381434491
0.193853604790263 -0.0359878357288892 0.183014580818223 -0.290022958334729
0.202846639395063 0.105989759972736 0.273782251281207 -0.191986740523326
0.138863544908292 0.128015707644235 0.0824011859340306 -0.0661381747535737
0.0328070141018131 0.0224627539499715 -0.0898703235265465 -0.0311531175236715
0.0547534151869848 0.0124564989320031 0.0673235814194329 0.12418169081858
0.0602553381583512 -0.0459658202711391 0.218579522630212 0.00506515251594809
0.009741545406408 -0.0825121709503687 0.166040075054157 -0.128101874278893
-0.0339912474230436 -0.0677146540927245 0.0242856585224811 -0.155656353224917
-0.0455524625394873 -0.0422972468465084 -0.0541104546101139 -0.0904854063248767
-0.0442971039934671 -0.0186968451063668 -0.0728119469996926 -0.0327672772099662
-0.0354232880205888 -0.00453862050776092 -0.0777030972138446 -0.02071033692786
-0.0290521982971934 -0.0103454797636698 -0.0952835935705594 -0.0290758116651971
-0.0209361926715895 -0.0354149582978375 -0.096684181380564 -0.0708759056086054
0.00728806890844362 -0.0611898716260075 -0.0531921175195657 -0.161787239427876
0.0743208971542012 -0.0606562821223983 0.113476275878875 -0.247832192559958
0.132448576254394 0.0156725330902242 0.297223385241179 -0.208262799026655
0.126402652722512 0.105561595676782 0.324665733948886 -0.113382526278846
0.0833108058311122 0.0968441015363637 0.0726495259035023 -0.0816304420905966
-0.0213831375308637 -0.00810233027109712 -0.0287441858737185 0.0613583489854302
-0.0411655480347737 0.00189457019505874 -0.27628835909129 0.0388372584530613
-0.0373072143039841 0.00651655663055501 -0.353224535944275 0.14102285153563
-0.0139455163233455 0.0240297386142231 -0.193577578371104 0.238332712652556
-0.000663482706557079 0.0167284879361382 0.0314969913570898 0.192293486679905
0.00252363611381238 0.0143187868868713 0.113293300950987 0.0768156417230554
0.0102760909894075 0.0090622187327581 0.103397882885909 0.0218372844385866
0.0128248123051891 0.00173489528705465 0.0886362068760597 0.0149145190365828
0.01597270900676 0.00816293240106256 0.0950129542115 0.0305366941700376
0.0130994758361414 0.0153600609128063 0.0817436391006278 0.0771385463329598
0.00209834547550369 0.0265880455153376 0.0317231541737332 0.146934072343287
-0.0189175946310509 0.0188893641636724 -0.0999652733952969 0.166413785556717
-0.0183806408126378 -0.0150791653516847 -0.19706383163134 0.07608644670594
0.00313779346301421 -0.0183049366193535 -0.133675451071211 -0.0642336830553323
0.00810476229263326 -0.00634039699391778 0.0606814971197713 0.0358166614123567
0.0548863160310835 0.0528261398277088 -0.0332049627963979 0.065864069996536
0.0741110056809588 0.0643351851198676 -0.280217054105517 0.0401400705762674
0.0601377105918694 0.0037329775298184 -0.355431462178603 0.157676428950089
0.027649224342213 -0.0293212696606346 -0.184845801996903 0.25183044682106
-0.00234381546390703 -0.0213668307979138 0.0359468314469349 0.194899441094627
-0.0142629189653106 -0.00836476025260951 0.112142104694301 0.074105741932914
-0.0153650277161533 0.00203946640710782 0.101281946040482 0.020397347283402
-0.0189428845074447 0.0041481718019293 0.0864659728785388 0.0148432256299012
-0.025052812182215 0.00732447399126634 0.0918814588400851 0.028047258227261
-0.0328236316973317 -0.0066889745463552 0.0811132684956594 0.0737742846727094
-0.0327094589765881 -0.0183441618219581 0.0299011862162376 0.146139363195289
-0.0234969098355011 -0.0521590290839683 -0.103297416014747 0.164616297930251
0.025194831459532 -0.0588465308588704 -0.193093112267528 0.0689207345560331
0.0554859516260668 -0.00688550483224661 -0.132087796264302 -0.0763355917508566
0.0475762959019359 0.0148636160934197 0.0604352078858258 0.0288841055454736
0.117779961189628 0.0908243045528362 -0.0620031473870491 0.0478232554369272
0.172490798491011 0.0862696433752004 -0.293352835084495 0.0747368618189285
0.143125775758186 -0.0243034205002084 -0.307567053686971 0.247353887282554
0.0576917061794273 -0.0895615131197963 -0.10589053218016 0.298946584587624
-0.00894171575078285 -0.0626412305317662 0.0778546959926142 0.184841684647482
-0.033110431695425 -0.030788511049932 0.11746349899822 0.0597866163941163
-0.0427372483107679 -0.00460178191615815 0.0921785325811856 0.0164105630073248
-0.0470431484394804 0.00576258617028533 0.0730849444343795 0.0131617366698257
-0.0590504742514523 0.00494059058233084 0.0671661758834005 0.0214205777435707
-0.07103746497185 -0.0289042534002877 0.0470046340063656 0.0640730949977151
-0.0609172828665085 -0.0625231120358587 -0.00926234266975217 0.131790889769251
-0.0236050542616971 -0.120595861756226 -0.137492423174087 0.130527577445697
0.070355847978754 -0.101945025551527 -0.200718188431264 0.0172304042820378
0.110692218384277 0.00229856996187632 -0.11218319779041 -0.122161087777498
0.0877774397567261 0.0375951458558801 0.0671263652079979 0.0116129216748931
0.147946555087253 0.0943051895674566 -0.0961435051113954 0.029933695144501
0.219668310492238 0.0639917196810862 -0.267216532287939 0.146056661055932
0.180394870457714 -0.0729758657226095 -0.172280187176273 0.329883576648465
0.0606570129531193 -0.150418997592457 0.0324871139357912 0.300340555211175
-0.0265532429662971 -0.102895395632874 0.133818874350048 0.137272212886049
-0.0558786321783037 -0.0521843173495918 0.117056638847211 0.0303514085640791
-0.0669603129263309 -0.00988522480623509 0.0728873808762047 0.00996462023658279
-0.0667294835954972 0.00638387581385447 0.0470356631387525 0.00966987616309192
-0.0788287485449133 0.00102497329980292 0.0251462702984545 0.0128987462488854
-0.0910310354816398 -0.0504515659577181 -0.00845949017134859 0.0466734882903542
-0.0724873586544243 -0.101988087043267 -0.0729489968197588 0.0951899190900757
-0.0113661821553724 -0.176283486510414 -0.184034488160321 0.0518482328367254
0.116671065272054 -0.135263296689755 -0.194741369622966 -0.0836813381783861
0.165614946912055 0.00927101843389684 -0.0593997624567982 -0.191152884340092
0.128576683202081 0.0617051941914845 0.0775929768292268 -0.0117865548112815
0.143363805388443 0.0760651848324113 -0.11705538223969 0.0192715393027009
0.209563333335378 0.0306388665923533 -0.176501940764159 0.205535451730876
0.172501761065698 -0.109554599136176 0.0120627131453275 0.315383871792126
0.04345560091588 -0.188981947995639 0.162967375949593 0.208095602965962
-0.0503655096193208 -0.129598663262221 0.159523470901721 0.0483892353265982
-0.0777929231868238 -0.0662447567335912 0.0961862483113836 -0.00956138568000559
-0.0837483944142315 -0.0150721898353551 0.0416588902734762 0.00220148060138682
-0.0751448612194948 0.00528611753288778 0.0127083423382454 0.00462754163587439
-0.0820581761603782 -0.00438500123558683 -0.0224588624186367 0.00338847997364648
-0.0888640964656479 -0.0639021685535058 -0.0646591647843803 0.0203914815900741
-0.0611297870556553 -0.12510935858275 -0.131383612055949 0.0286375212035521
0.0178070774723185 -0.202887269724784 -0.201244646412503 -0.0715437977986035
0.163625748609761 -0.144394120989704 -0.134841590475908 -0.214220733431979
0.213958968695199 0.0242637578223757 0.0376974844446531 -0.252943151684326
0.162840415982593 0.0881916160737752 0.0873126044936906 -0.0350766220009835
0.114326256606257 0.0538045064325595 -0.119895038310195 0.0110734090498108
0.165898229917146 0.0140698600976046 -0.0601439294620899 0.212933264999651
0.139786772288043 -0.114044926751886 0.156993229157041 0.209486467742363
0.0209161019273116 -0.187888330301209 0.219740281726426 0.0626944913269218
-0.0673266384088337 -0.130930649962614 0.134363363677118 -0.0492980747384676
-0.0892822403936542 -0.0677235467740988 0.0501615174942618 -0.0478689225618445
-0.087731907288628 -0.0179550785095481 0.00134191158068243 -0.00784444253302022
-0.0718054999592009 0.00345324830141052 -0.024580598008099 -0.00127342843057581
-0.0722507056631576 -0.00807018958531435 -0.0625976663329999 -0.00545001636688295
-0.0705771561496782 -0.0658975107841679 -0.101090720378206 -0.0126650842649603
-0.0353241818696712 -0.124057651807388 -0.148277678148505 -0.054641617920791
0.0560764682007417 -0.188459621492792 -0.142649647638796 -0.199064572608367
0.199220311736436 -0.114959046621091 0.00334102882905633 -0.31229998388926
0.241712016324117 0.0563391594674259 0.163583187673181 -0.267471201008305
0.176777599001803 0.11414335980911 0.0899548670007719 -0.0563890204730301
0.075590973133618 0.0362365141876334 -0.110784224093469 -0.00244378166358829
0.112844359200378 0.00968580881297407 0.0304568158700067 0.17513205661403
0.100101401115187 -0.090593503222391 0.219744183582685 0.0824894887734401
0.00603666832105427 -0.148705789143972 0.205466886209538 -0.0654576698298382
-0.065064964423251 -0.107148278072654 0.074867368793579 -0.122607086707869
-0.0807612645476916 -0.0575858947390646 -0.00916894016817351 -0.0751535863024725
-0.075314603816491 -0.0174720192407721 -0.0412444699952128 -0.0178568671763197
-0.0579872770306607 0.00145897750579885 -0.058193108581188 -0.00744528268937656
-0.0535722078881737 -0.00885199641360671 -0.0887771228078888 -0.013836113174568
-0.0466263021060612 -0.0542192728410421 -0.111380841856869 -0.0437909456345912
-0.0106773961784777 -0.0998704088365249 -0.115553231968138 -0.125246299672643
0.0809838663234273 -0.135709248542356 -0.0180389343262603 -0.26809484201726
0.197366077782799 -0.0518529632077075 0.174027143852745 -0.313639564028028
0.220710791626832 0.0960168487584536 0.271558764889839 -0.218553720818959
0.154252197114256 0.123403737447689 0.0817103348700478 -0.0763821843380058
0.0355972832489366 0.0196629194776182 -0.099097809761984 -0.0195157936167813
0.0583089697882752 0.00812580076653862 0.0768937107937566 0.129267897577431
0.0568518636694336 -0.0522628433392497 0.226564312368631 -0.00669555229441471
0.00268070049539918 -0.086086634901655 0.164252300172694 -0.141410706919671
-0.0410729042030867 -0.0664711054607715 0.0165861308429824 -0.159589932897545
-0.051072548098498 -0.0396593215544727 -0.0600656937861647 -0.0882816014151707
-0.0470453186579809 -0.0153841044294409 -0.0746100147205434 -0.0266121136793341
-0.0353702157300436 -0.00123442396536734 -0.0806231854152244 -0.0133926347141814
-0.0300779426554004 -0.00763670603183895 -0.101401383082611 -0.0208613613545502
-0.02521470106948 -0.0342144606210553 -0.105151808657535 -0.0662966218955101
0.00137917548881479 -0.0638774558137448 -0.0638322079862672 -0.163684603894984
0.071743776467405 -0.0682815296922192 0.103536351389725 -0.260683662927632
0.137814821532174 0.00652650052158572 0.296449266685495 -0.232381297811147
0.140052891603928 0.101534364486881 0.327902333154917 -0.139322804571189
0.0949676414149803 0.0955797668448161 0.0697743151639445 -0.0922232184853346
-0.0233211299193197 -0.00600778554298073 -0.0216929838141459 0.0654670227959214
-0.0412392001381867 0.00545834708600618 -0.265618148342626 0.0565343027349739
-0.0366346754348744 0.00927677904170264 -0.338957374758304 0.160081052336363
-0.0110476027936196 0.0244935840381227 -0.176783635885326 0.246559980176166
0.000651896960889697 0.0175347108516207 0.0427697771634103 0.187502419657809
0.004241240274459 0.0136495101801306 0.117281208141564 0.0664628946723115
0.0111950058995463 0.00741607857320488 0.104702483383484 0.0104654119958765
0.011543491350376 -0.00024360087937631 0.0884392546584353 0.0039854810008189
0.0157528454818783 0.00534904876331391 0.0942404223047241 0.0188371461520445
0.0141431179139994 0.0135360286826618 0.0840690737369406 0.0666886558271707
0.00440652416098395 0.0254172276515194 0.0395424220028425 0.140020966268277
-0.0159600714601419 0.0196455235395097 -0.0863490406808307 0.168695364639069
-0.0191279010079689 -0.012497284963444 -0.188203655597918 0.0874970079910145
0.00151320365475331 -0.0184461288282748 -0.137472893093953 -0.0571744758115441
0.00676510592917441 -0.00757746301004847 0.0653472035173694 0.0226207922993563
0.0582045863600519 0.0479919190025065 -0.0249927087749207 0.0688918889891482
0.0787771004079332 0.0587361057449589 -0.269791284531415 0.0571507532533565
0.0593477705740198 -0.000207567876162839 -0.339722982920839 0.177664919668634
0.0242272436699303 -0.0308689741646139 -0.166801804722295 0.2597184220385
-0.0044214511778184 -0.0203185726334383 0.0482005306198853 0.190312081139843
-0.0145976630846406 -0.00673359844551139 0.115821273350399 0.0642959952025461
-0.0152907978262735 0.00346061297951362 0.102135188110701 0.00905835285353865
-0.0182633287228066 0.00556465331670659 0.0860008392961043 0.0038548789926712
-0.0239169162609128 0.0093918345513722 0.0905664569217559 0.0167048474582004
-0.0328457888873327 -0.0036505096582329 0.0824064218559028 0.062744601100491
-0.0337023595677815 -0.014870239832729 0.0383145842770427 0.138559612046081
-0.028041822795894 -0.0494890921330377 -0.0906205172991167 0.167368165481613
0.018327601525216 -0.0595397016890176 -0.185784166247461 0.0795166353427638
0.054178996862979 -0.0130122031550459 -0.137032610102678 -0.069148145436868
0.0473267525007454 0.00896127844187129 0.0646258078435262 0.0156895524101077
0.123501464748901 0.080123862203547 -0.0565328086264277 0.0536756779346957
0.179063244102184 0.072609947101478 -0.283810063350732 0.0928648497240876
0.138417419481045 -0.0347239188801302 -0.288208628016557 0.265265842142854
0.0483094111046025 -0.0928932957632444 -0.0849117324763062 0.301869733557087
-0.015006617496086 -0.0599489483226493 0.090054995531338 0.178266013230883
-0.0354348618733883 -0.0268212264834242 0.120527140263936 0.0500833727722
-0.0428693951583242 0.000726726908478689 0.0927009298954929 0.00626485670369155
-0.0454300150687851 0.0106808933158425 0.0726208532182675 0.00445191576145188
-0.0568332821844549 0.0113495265026167 0.0655058939148871 0.0124418403505213
-0.0721887859655485 -0.0212404790614556 0.047979569234314 0.0567368514471413
-0.0658388700781052 -0.055293193534155 -0.000817960265289267 0.127708805490157
-0.0356495841567407 -0.116103005015354 -0.126470650390907 0.1367578242817
0.05840583369303 -0.105891906652795 -0.197802589339062 0.0281929034972688
0.109213789383512 -0.0092474215662039 -0.120495505467579 -0.116302938125364
0.0882814980957136 0.0272161972615114 0.0696238302270316 -0.000597855142201469
0.153839179992353 0.0805408688736395 -0.093121817035742 0.0383367705616841
0.224267319792117 0.0454604195140038 -0.255789856949508 0.162750727943142
0.170460815831796 -0.086415069601768 -0.149840205407157 0.340619074007343
0.0449506183091206 -0.152816725652015 0.0524957300914942 0.294756128233394
-0.035678237578365 -0.0975029193072564 0.143186109209716 0.127829008081727
-0.0597891985266032 -0.0447461750080178 0.118980042140342 0.021278861335047
-0.0667939135023553 -0.00188263905433667 0.0728853485571421 0.002432918832981
-0.0638049385391176 0.0137364728028214 0.0471052492280789 0.00345299741347373
-0.075811593597749 0.00920625565980154 0.0238434874935063 0.00825106843113205
-0.093873937188168 -0.039768704515457 -0.0075954830046433 0.0450292038316505
-0.0806487264502679 -0.0920719613707844 -0.0661349854537041 0.0962408635174127
-0.029098589786417 -0.17115131719583 -0.179171026801034 0.062713036879424
0.101345096969444 -0.143105701099858 -0.199743024715096 -0.0724608018241928
0.164553241196134 -0.00710238491397008 -0.0730149401900081 -0.188369870552871
0.130923848863947 0.0479653084978502 0.0786784787607498 -0.0229158115484701
0.148021688057975 0.0619640821802597 -0.116395948194299 0.0300332632282219
0.211229307931178 0.0123922601115493 -0.163525661237024 0.217592925169575
0.158479784714684 -0.122471871707024 0.0322875632698622 0.315095378116634
0.0233596134293891 -0.188255953416584 0.175966476384545 0.196655099808225
-0.0616578275456341 -0.12116448350698 0.163166317881285 0.0386354757983055
-0.0826637130466227 -0.0560049227973088 0.094938386443135 -0.0162804811788971
-0.0830407572932593 -0.00506554309071169 0.0420814092720362 -0.00217755341999249
-0.0719062004156771 0.013436307830321 0.0130910012325554 0.00272051976488812
-0.079504340946762 0.0045601071221127 -0.023312242841234 0.00417631191595327
-0.0933416909921622 -0.0537781115379686 -0.0644555969717221 0.0244934262558148
-0.0726804302155127 -0.116465465308853 -0.127951557234409 0.0362716056995501
-0.00310329212033285 -0.200053078983586 -0.20383043490222 -0.0569733138908393
0.146858550218756 -0.156711604952109 -0.149256764518206 -0.20646058963907
0.214713997122098 0.00354932075295828 0.0190920866216635 -0.256788671225775
0.167964660082266 0.0718379939420403 0.0859736485818658 -0.0454956649230669
0.116924388225964 0.0419561432197077 -0.120806049306547 0.0239135391803286
0.16585150564723 -0.00175997664384009 -0.047224670219652 0.218695924924259
0.125076574179572 -0.123930526055526 0.168254390196485 0.199894050506172
0.000774723680222983 -0.185406876346194 0.222266302214182 0.048392656625802
-0.0786233832707758 -0.120785983768088 0.130915648369227 -0.0558039446780403
-0.0943861631523364 -0.0567118216637951 0.0469931753741229 -0.0500973914124831
-0.0873894442966047 -0.00741671314476985 0.00254548732723542 -0.00756914352363349
-0.0685697372206456 0.0111310211435419 -0.0239044397052243 0.00120956204291934
-0.0703197490176697 0.000359205136414899 -0.0624879223295235 0.000147566743229491
-0.0760547957997035 -0.0569361151859943 -0.101441283692115 -0.00461932058301351
-0.0471252537001757 -0.117839333794746 -0.149779652353859 -0.0440686171263121
0.0369933960722991 -0.189820440712699 -0.154966081655644 -0.186442099526784
0.18636689324323 -0.130455438777609 -0.0185931286144771 -0.312757758389486
0.245088513571155 0.0337904130301152 0.141842233057823 -0.279919753139711
0.184940821885281 0.0971217282518042 0.0856008910636644 -0.0653171364796768
0.0769964439863713 0.0273239267024207 -0.112802928725237 0.0122435571587002
0.112879986545547 -0.00167868434343937 0.0407393390939366 0.176246399472517
0.0878127364517198 -0.0979591168730194 0.222402118168666 0.0684476548800783
-0.0100634175721612 -0.146025922686549 0.199017736883789 -0.0776372665136572
-0.0739967232643244 -0.0974473229829983 0.0669635607094706 -0.124036746567045
-0.08504011951456 -0.0476451312394077 -0.0134252828634623 -0.0718869032750747
-0.0754539075884678 -0.00928497270525802 -0.039676588482186 -0.013196393015701
-0.0553926425734494 0.00729315325333329 -0.0568321490197221 -0.00086327643252401
-0.0523186897215943 -0.00258610956953925 -0.0885157292257708 -0.00452090697306381
-0.0515564580496396 -0.0479492855453882 -0.113357296558793 -0.0340395058276274
-0.0208099297101451 -0.097276610762274 -0.12219888211726 -0.115750698218485
0.0667199080354685 -0.140411394716191 -0.03596895363984 -0.262013049764182
0.19005669849472 -0.0674706671600209 0.149720797869258 -0.323535817425333
0.228402153421755 0.0761458498522218 0.251951977974276 -0.237846483739645
0.164283683853462 0.109570686494786 0.0750935087648261 -0.0839923725958991
0.0366346409704858 0.0155761845435362 -0.102738615189305 -0.00379443213762189
0.0589427393048587 0.00214279466458143 0.0852180785993355 0.127088276073485
0.0497892645968822 -0.0566929793415413 0.223463821503219 -0.0218327753130227
-0.00622657191082782 -0.0848569236651944 0.152790529668228 -0.1495469592893
-0.0470639377596782 -0.061014732636752 0.0064478928681624 -0.155897324893999
-0.054768561521019 -0.0333482758150793 -0.0640482560098238 -0.0803263379156277
-0.0474588268626789 -0.0105528073043996 -0.0727260213293667 -0.0187002482015709
-0.0335255922379356 0.00236415629837148 -0.0794009981615019 -0.00396154070293069
-0.0295857373919675 -0.00413408904961202 -0.101845187343745 -0.00936725816212122
-0.0286729809715096 -0.030473595396652 -0.109246036110932 -0.0563481609364115
-0.00554255164120009 -0.0626576798393905 -0.0730831086224423 -0.157089121045624
0.0637909109955717 -0.0734384569631608 0.0851523796166427 -0.26238791749616
0.136574500749486 -0.00511700577076396 0.277512917121125 -0.249219942578693
0.148559339540396 0.0893609744289617 0.311562391068268 -0.163032571258935
0.102904364362473 0.0867870298961603 0.0611205945386412 -0.0984689264546075
-0.0229580733644445 -0.00628556344508805 -0.0201295187006327 0.0655356686211559
-0.0380786011685961 0.0064813595311947 -0.250581822648592 0.0492243623909195
-0.0334499558609944 0.0120885667314593 -0.324388514995915 0.142937878585985
-0.00790587919073989 0.0237634060143061 -0.174664953849886 0.232642973911757
0.00237722583357531 0.0152159553862019 0.037956640840707 0.178855338298783
0.00524526887173913 0.0121131928475566 0.110946106766271 0.0625879779236841
0.0117824562638756 0.00631658068538352 0.101432437529988 0.00624372039366276
0.0106578301495913 -0.000442158267057823 0.0842888837602938 -0.000602113739094912
0.0150725874290367 0.00398583123270872 0.0885473463236558 0.0137938356452879
0.0146280507750585 0.0127709736365084 0.0781077883551089 0.0605016404922104
0.00537686987357185 0.0248976615260563 0.0349375251471393 0.130980658721774
-0.0150470048041083 0.021231792900565 -0.0854028094166388 0.157924723352234
-0.021136947803152 -0.010746333159678 -0.179565262675832 0.0786994559677793
-0.000471185742217372 -0.0198265311206488 -0.130620913456665 -0.0597914036788862
0.0063090536923792 -0.00741534216514999 0.0647151645924082 0.0153632513392955
0.0555340010447797 0.0487588640049105 -0.0203594950035655 0.065240523900868
0.0781354351452299 0.0611690853838651 -0.255312676207243 0.0454815300786609
0.0605485771818153 0.00568825872388425 -0.326507220715904 0.156496083238719
0.0262764551778503 -0.0281665488249658 -0.165731344419973 0.24302379163751
-0.00240426682033733 -0.0205536815953199 0.0426323569385151 0.181981317724787
-0.0136406681502062 -0.00702972761388587 0.109126457453764 0.0613465842208836
-0.0140543066732256 0.00368372562986517 0.0977013684067447 0.00611216679538939
-0.0181341330514682 0.00569774138612888 0.0819425145709186 -0.000497764059253521
-0.0222910302521589 0.00947508389935455 0.0840570086450952 0.0111240782896809
-0.0311075361014086 -0.00262059742243042 0.0757322819204589 0.0560664355478833
-0.032465906771038 -0.0130630888279028 0.0340188617352378 0.128349592128667
-0.0287671990495579 -0.0434389701071511 -0.0874570013088207 0.153881051578104
0.0137251750159714 -0.0562605546638677 -0.175983122281629 0.0701159161837625
0.0495169346491871 -0.0159957263216376 -0.130284463526803 -0.0695791660437204
0.0446745219323953 0.00601604049004152 0.0638117980419471 0.0099298818991222
0.118962618467798 0.081854881166242 -0.0501911186855636 0.0480844256929278
0.175132786469925 0.0767532616674115 -0.271885695380189 0.0775483819791158
0.138373688591245 -0.0268043196543431 -0.281898548441047 0.240162290394387
0.0488108156479234 -0.087552760872756 -0.0888373870442539 0.28294085863016
-0.0130165503049786 -0.0590140936586867 0.0827197319554491 0.170714658271174
-0.0342777077102829 -0.0261815435606092 0.113595833239076 0.0484996614619518
-0.0403738519797225 0.00222311431883668 0.0878743229543208 0.00432128627264878
-0.0435684686650555 0.0113673120999018 0.0682342255795217 0.000720585200182782
-0.0537323835882194 0.0124164320478081 0.0596676604259342 0.00777813792642944
-0.0698918599869537 -0.0183341122502252 0.0429786461951711 0.0499008112652223
-0.064670012917867 -0.0510635776258759 -0.00222841282777121 0.115770215724779
-0.0380288423237245 -0.1067080113319 -0.120752734878392 0.122108990430105
0.0513314763218513 -0.102441125916307 -0.185300126896517 0.0204403437188606
0.102965182952414 -0.0144579235347081 -0.113001153335432 -0.113258357659395
0.0846523983256876 0.0220467143170883 0.0688490536110737 -0.00308694945892214
0.149369854737831 0.0830225662019759 -0.0861453127572973 0.031540722642617
0.221164095970869 0.0492455220635496 -0.249990269299238 0.144923406253037
0.17007142099161 -0.0786910498366603 -0.153836946822213 0.316191854357853
0.0447786176266264 -0.144807720685076 0.0418480651865655 0.279090413907467
-0.0337981071183439 -0.0942622631649963 0.132515547803948 0.122855725751231
-0.0577658951702137 -0.0428152806536976 0.111671635366711 0.0215772072903136
-0.0631225321587587 0.000372630124886674 0.0691203566723572 0.0016630050632661
-0.0610381528603917 0.014543880898778 0.0439756552602316 0.00128833638945528
-0.0715137614107191 0.0116434387777776 0.020235499805081 0.00531523718036824
-0.0915255656780399 -0.0349540590527329 -0.0100614824236451 0.0397158585088388
-0.0806162219753775 -0.0866386106035591 -0.0634991991185476 0.0858057338388862
-0.0344064942892144 -0.160157362373835 -0.167861967371469 0.050102105746318
0.0920716185788443 -0.140762524473685 -0.184174106709669 -0.0751373817932404
0.157544955683128 -0.0137486407358271 -0.0658498001380773 -0.18070425699651
0.126313097536691 0.0409583031375095 0.077277106558379 -0.0218666065918516
0.143953715734948 0.0642323773551101 -0.110838251249923 0.0243089172496746
0.208198301975939 0.0141923655961155 -0.165142528516376 0.201825057537818
0.156674799788453 -0.11667038454414 0.0188663759588931 0.29821309718011
0.0223416889740219 -0.178926300997203 0.160518934705078 0.187403219180572
-0.0593152058889465 -0.116100467706297 0.15146245204434 0.0394949671745918
-0.0796987822746081 -0.0525266179552623 0.0887436787149081 -0.0134860358164178
-0.0789826282393135 -0.0021148116902268 0.0399807486631571 -0.00111819804202896
-0.0682390548217843 0.0144886326509655 0.0118111467098526 0.00187177719117343
-0.0756493356239859 0.0073720541236879 -0.0237694878346112 0.00319906104161065
-0.0919220366647723 -0.0487216436977482 -0.0630999286549512 0.021339048621021
-0.0737735886203995 -0.110193565658145 -0.120402593461509 0.0285010705163527
-0.0106050447127477 -0.189545145158105 -0.188762112993817 -0.0645292214561053
0.13767957617491 -0.156020977098062 -0.132894071287292 -0.201155965404878
0.208748861116382 -0.00494143928716485 0.0228221087184313 -0.242590046274891
0.163524696120661 0.0631810275439192 0.0844401961135176 -0.0400531711306371
0.114340681502464 0.0433781454694592 -0.116478908536349 0.021166393602789
0.163238168789238 -0.00201817283194658 -0.0528929067937461 0.208102372076673
0.121642513949918 -0.12053128079485 0.150792392419071 0.191760504818818
-0.00160568816362874 -0.175727947160577 0.206532896933101 0.0466650046166933
-0.0761770995475185 -0.114394601938932 0.121021890214058 -0.0502145309548815
-0.09082721329792 -0.0519468906600871 0.0434395126411344 -0.0448409463139762
-0.083298383309184 -0.00505405251497439 0.00257285558391021 -0.0052310231110407
-0.065219216186064 0.0117920987278161 -0.0229304531316314 0.00211179499314453
-0.0673034561038722 0.00282657585165538 -0.061345218935376 0.00106212278312214
-0.0757282440638015 -0.0521419122445775 -0.0979075241716616 -0.00517548301008134
-0.0499801786612554 -0.113335837611119 -0.139369730323405 -0.0471270213313348
0.0283112299710206 -0.182729474202655 -0.138607966114213 -0.18512967625765
0.17856237955549 -0.131996839463953 -0.00688640713435743 -0.297845298885713
0.241984996359328 0.0256645753348276 0.140435300563871 -0.260571031186454
0.18085585280541 0.0882683817600387 0.0831703116068846 -0.0571018019872787
0.0751723904347533 0.027971061712428 -0.109446895649862 0.012851687560015
0.11057894329381 -0.0030503836418259 0.0345118968940762 0.171308661306484
0.083315029148833 -0.0959872993940593 0.206511542456004 0.0682876324005524
-0.0127565891121516 -0.138367064628011 0.186594153791574 -0.0727525570695091
-0.0722587643033892 -0.091445310333919 0.0607576359913532 -0.114773355973559
-0.0822162163423178 -0.0429874170731039 -0.0129187433487668 -0.0648348707335367
-0.0722725677891541 -0.00753248787680055 -0.0371121154063413 -0.0101406592802501
-0.0523255391509157 0.0079222960886319 -0.0538061700608196 0.00153576644246697
-0.050281699705733 -0.000365035869706087 -0.085619399767161 -0.00246812786413328
-0.0527520820571822 -0.0442956052851865 -0.108912987488711 -0.0319840221222665
-0.0238666598283477 -0.0938227466988575 -0.112255042008986 -0.113626394094091
0.059234359396219 -0.13847775878111 -0.0240529977487972 -0.252859487235996
0.186781811708784 -0.0707130551353315 0.153069743599618 -0.302310193583236
0.22811194554555 0.0688588015519562 0.242808034477054 -0.218559266274612
0.161900804918445 0.101305047083914 0.0719916107036966 -0.0747745837836243
0.036006216452047 0.0159721075660511 -0.0999580941324473 0.000940058709011179
0.0574895056068498 6.91369465646563E-05 0.0799935098072249 0.127790093344981
0.0460469228565674 -0.056443953547659 0.210780123759204 -0.0168180273985928
-0.00881856662348974 -0.0809420381128038 0.145428356359568 -0.141270712998069
-0.0466820801717127 -0.0559910145905578 0.00509651995058653 -0.145337733806619
-0.0536252662789008 -0.0297194610346265 -0.0599132782871361 -0.0732058281981835
-0.0464241426578006 -0.00982098277477447 -0.0678875203307786 -0.0152634182828748
-0.0316369173838652 0.00256796772737321 -0.0751365458920208 -0.000343467004547779
-0.0288768961382315 -0.0029415474550153 -0.0984455554216908 -0.00611340945735027
-0.0296090523632892 -0.0284543837473798 -0.105250873638237 -0.0532549220995825
-0.00784523989701281 -0.0614768465276458 -0.0665492921083782 -0.15101303127546
0.0601145325925578 -0.0750831484933809 0.0895389735906588 -0.248593497117059
0.136247975631069 -0.00860708060297985 0.269957480200708 -0.228084355116999
0.150409392508046 0.0841803589044695 0.296559055550489 -0.14743407801564
0.102054598143157 0.081097415555712 0.0577150630410539 -0.0909553562708123
-0.0237980293134532 -0.00566816795820098 -0.0176468649937423 0.0658524430527122
-0.0376979931462669 0.00680273075195696 -0.241666964644085 0.0451182371806778
-0.0331286203464584 0.0124238697272092 -0.317161772647636 0.135325087475398
-0.00679126708634074 0.0229632231559824 -0.173516987536284 0.225156907087971
0.00300118030151029 0.0151398147518832 0.0349050035869185 0.175097482876546
0.00627498952055277 0.0108803495800851 0.108303113695037 0.0597525796998257
0.0114310141210541 0.00501720547230024 0.0986827712474171 0.0019326460813217
0.00937019044543394 -0.000727736697435546 0.0812551075969172 -0.00480249095011896
0.0140042247774175 0.00300649335064289 0.0833009786090482 0.00944671272397783
0.0142985428150724 0.0112787150458386 0.073921052854484 0.0558509732997795
0.00589048284769779 0.0237864520135179 0.0316104713236457 0.125209452327126
-0.014109414176752 0.0202740828699222 -0.084258232689028 0.15114543159187
-0.0202175796847377 -0.0101241872953608 -0.175070654729121 0.0747564150490087
-0.000700596023422596 -0.0198258246113282 -0.128287827312179 -0.0622347772566677
0.00540657908040296 -0.00722799166508123 0.0651348306576035 0.00624099806118797
0.0536377493025555 0.0478466054237015 -0.0181771128721186 0.064911319101536
0.0779731406495461 0.0600482530731547 -0.246136209993151 0.0413318704073819
0.0594293966252397 0.00622572019449826 -0.318966624948885 0.14959777859914
0.02561826228197 -0.0272196752942027 -0.164387777829555 0.235191390351911
-0.00246968057702389 -0.0200373158809147 0.0409662871159253 0.177995268114484
-0.0128831124313766 -0.00677918438271122 0.107145080096529 0.0593300283911938
-0.0136218196892562 0.0041210290576873 0.0950007786761452 0.00201903816541152
-0.0175228609956031 0.00671097969091407 0.0788324006067663 -0.00456407052759692
-0.0213771511877509 0.00984599659736166 0.079051452761259 0.00702264234090314
-0.0303031191623567 -0.00159219194062258 0.0705832917228561 0.051335522226265
-0.0316575283801225 -0.0117939340968984 0.0313107151155656 0.122109868295444
-0.0295988284779098 -0.0418991776077655 -0.086583845344085 0.147778356542111
0.0115383534532934 -0.0548204155043834 -0.172595268530128 0.0664079529032982
0.0472592480609708 -0.0173903986712137 -0.127942200771667 -0.0712875844147914
0.0423640402776873 0.00457382902546123 0.0643648187210467 0.00150995623842594
0.116367263019132 0.0794927038497006 -0.0478217207912238 0.0482169978990695
0.172880004631237 0.0745491527720298 -0.265436711943484 0.0742666017152089
0.133708903790475 -0.0254469190313761 -0.276586007823465 0.233636256129283
0.0461976595698682 -0.0848250368887434 -0.0888705847358317 0.276366462794795
-0.0137409030490124 -0.0565052196576658 0.0812995749770266 0.167649620037436
-0.0338594388359155 -0.0245312798085217 0.112284707625824 0.0458774711600467
-0.0388194988341492 0.00379699090360056 0.0856529019945451 0.000885568349182473
-0.0414804229102688 0.0128546701076191 0.0658503685385488 -0.00288070902931265
-0.050680450470252 0.0137394390405586 0.0553941334879424 0.00443065127346392
-0.0679676266161888 -0.0156453650652618 0.0391264652437217 0.0465443403401164
-0.063687444626659 -0.0479053392440164 -0.00460148104025093 0.110372334796994
-0.0409587409957256 -0.102218852519382 -0.118803357800056 0.117587139793974
0.0464322108651428 -0.100299027762751 -0.182447136328195 0.017529734838791
0.0991035439061496 -0.0174597299138576 -0.111265629940505 -0.113640350611918
0.0806211658475766 0.0195901625275829 0.0694325611200946 -0.00959223650248009
0.146021959835105 0.0800899021409914 -0.0847057459559649 0.0323346818638745
0.218800230884591 0.0460964817742151 -0.246457966688971 0.142324393825775
0.164176557645214 -0.0774973537549487 -0.15234341987766 0.31109273202212
0.0404292809919493 -0.140128267599691 0.0395609872402639 0.273778566571994
-0.0350417835230834 -0.0899745691620331 0.131796150704476 0.121825290118581
-0.0573964318280933 -0.0394106468518259 0.109881293776195 0.0200500584381737
-0.0607291466070122 0.0034225139529787 0.0676201872077461 -0.000477099789213688
-0.0575295481871595 0.0167270466875275 0.0428013468858719 -0.00100166137703567
-0.0677338014439453 0.0137003726338623 0.0169321423149917 0.00329379276195555
-0.0894892971265102 -0.0307193785509464 -0.0116769548925417 0.0374702494104679
-0.0799692274743783 -0.0817047000508746 -0.0635426731145686 0.0812112333048891
-0.0378781734925866 -0.153581720108986 -0.164528114806465 0.0473332847468867
0.0856756437536114 -0.138394610689344 -0.181350083372661 -0.077450513508758
0.153161093161466 -0.0173468867711949 -0.064534971289049 -0.179675650337673
0.12238232038663 0.0372624782357451 0.0784101379133758 -0.0267012965788222
0.140957437661274 0.0605942995108974 -0.110316430801201 0.0264242302468741
0.205419779143438 0.010631766785616 -0.164631736901669 0.200213682976524
0.149542803154648 -0.114607185655087 0.0174549963707732 0.295370782332672
0.0170433705676895 -0.172377378304077 0.157127935629182 0.185368591103618
-0.060004167088766 -0.11006187052996 0.151059349512409 0.0401570802537789
-0.0784815056018264 -0.0477830740776752 0.0880977411169142 -0.013398107158223
-0.0757200814012255 0.00178505651009998 0.0395260333273763 -0.00194244810945164
-0.0642287182982488 0.0166357475111752 0.0118075039325638 0.00123741493164506
-0.0715484556792233 0.00982852793320131 -0.0248485599070925 0.00269303818748638
-0.0906312735165817 -0.0436511552797 -0.0628999127115165 0.0206649726544226
-0.0739171006723546 -0.104734687345224 -0.118379988754118 0.0257761775449733
-0.0152725508494414 -0.183267618364169 -0.184100298134854 -0.0643956578308488
0.13026703672329 -0.154228231751173 -0.130198996871677 -0.200234868855082
0.204515766496374 -0.00893591333171774 0.0230198277489975 -0.240770512459262
0.159599226881135 0.058962485535808 0.0848223380227347 -0.0430985700500259
0.111357397723252 0.0397444139473125 -0.116508456878784 0.0253191846259042
0.160150832698582 -0.00558410338230054 -0.0545204686474263 0.207753557774658
0.114209492401397 -0.117839354809254 0.147534903349174 0.191450650524291
-0.00621104442257164 -0.168908448641197 0.202665498284939 0.0482728526923171
-0.0760218507270412 -0.107864646511115 0.121657442483073 -0.0467664397244929
-0.0889688949711741 -0.0466956834391857 0.0436645480219592 -0.042692869245408
-0.080364037193359 -0.00103737901677922 0.0038808874983192 -0.0046018506131615
-0.0613356172044671 0.0141251156862397 -0.0213333156425062 0.00258492044184549
-0.0637012050321293 0.00573369654651719 -0.0596868472988617 0.00258384904655008
-0.075099272535359 -0.047215604441458 -0.0959023098295894 -0.00443128892071816
-0.0511192919360353 -0.108220798347987 -0.136101316632296 -0.0468482584544033
0.0230547920905988 -0.177142074478172 -0.134247442023523 -0.181648457227031
0.171817414777712 -0.131248727549868 -0.00669480279934136 -0.293345019818107
0.238188831121842 0.0213272200271806 0.137408603149979 -0.257307849020238
0.177789958612815 0.0838176567464402 0.0830446358455354 -0.0584817127292778
0.0732987314013816 0.0250509009524664 -0.1095391407053 0.0189187205636178
0.10795653926541 -0.00598392105182391 0.0326263843049764 0.172406906850139
0.0774283578153599 -0.0939047203667449 0.201961847489363 0.0703051835242999
-0.0162755847290749 -0.132868879635956 0.183614907231107 -0.0694185794386571
-0.0721964998270822 -0.0855509895865329 0.0620891952885429 -0.109589305437427
-0.0805354264897436 -0.0381563216544653 -0.0106688348291244 -0.0615998352566512
-0.0701894497830339 -0.00377134395033298 -0.0342155717698001 -0.0083007267995885
-0.0488561992605326 0.00931202511888127 -0.0509513769571787 0.00371073887626657
-0.0477374419780068 0.00174255138202265 -0.0832670403621133 0.000721048502068175
-0.0527636676815956 -0.040488023064231 -0.106524181152314 -0.0301763936232691
-0.0258962217834277 -0.0902819646834803 -0.108771747294968 -0.111490508730515
0.0550846280323969 -0.135136467678402 -0.0215053353839335 -0.245989509802636
0.181296278877875 -0.0708549276507988 0.150441653382348 -0.295598087099644
0.224904104409787 0.0651676905380238 0.235795257473393 -0.215630479564597
0.159941294042022 0.0976480843368532 0.070897170707985 -0.0750725975702989
0.0349858324645708 0.0143092207221759 -0.0998402328033987 0.00824322965198746
0.0567836846330597 -0.00183431789013735 0.0785367702231397 0.130169926521379
0.0420972472086845 -0.0551670750043325 0.20637201389025 -0.0146157066287788
-0.0115011189771118 -0.0776656279295508 0.142453701840357 -0.136900118196132
-0.0465292052284436 -0.0525031534755026 0.00695563390007395 -0.139449961853489
-0.0531093435089915 -0.0261990535433632 -0.056328004813134 -0.068618747971036
-0.0452598364648187 -0.00774785773077865 -0.0637180573865655 -0.012454959407887
-0.0297868380514625 0.0033319072875794 -0.0715642226386231 0.00263508961695258
-0.0272642306986646 -0.00151375263571047 -0.0958313059141891 -0.00213458057099296
-0.0298682702387187 -0.0259072567601353 -0.1028388892551 -0.0500495501260134
-0.00974203758576706 -0.0592931067438352 -0.0634487248968289 -0.147371524969474
0.0571122648654216 -0.0738260531185914 0.0896311097823469 -0.240468665224609
0.13318601726359 -0.00939352888707777 0.264328303512395 -0.221085266948075
0.149307254145042 0.0813977938312317 0.288007227017656 -0.144706492955208
0.101511583870353 0.0787930913646259 0.055759611544695 -0.0908761897978158
-0.0248446087689564 -0.00529013425925591 -0.0160098024608641 0.0683042381582582
-0.0391482484254737 0.00715708473588618 -0.242406229271426 0.0415524299254508
-0.0337896737554606 0.0128920188756379 -0.323001126089263 0.131266203950556
-0.00597026849506835 0.0225746194480896 -0.179414718038242 0.225729932232067
0.00359422767749115 0.015657488871869 0.0328578586366617 0.178080177367782
0.00757195944606709 0.010223032179239 0.109534758413034 0.0600385397767088
0.0115372640061487 0.00402192477450119 0.0993610061311412 -0.00177013549808215
0.00852948547127555 -0.00109618189346374 0.0809485887610136 -0.00922493627055889
0.0130770377449187 0.00239113778020167 0.0810545336250048 0.00558546405494832
0.0142822262356966 0.0107163116995363 0.0716104810790685 0.0535533800277829
0.006389981651612 0.0236852686381471 0.0288405560293769 0.124093793991382
-0.0134309656221381 0.0198256222243719 -0.0876757128838378 0.150196473337166
-0.0205240277405236 -0.0102660398733229 -0.178385581059784 0.0726976072117559
-0.00119604152977386 -0.0205451788970732 -0.130580735521063 -0.0663454974284481
0.00456690798009336 -0.00658325772073466 0.0682402819674396 -0.0018441020897086
0.0538249309008283 0.0491519269038582 -0.0173040578345795 0.0666446269753227
0.0797556689681389 0.06063044478946 -0.247418453122874 0.0378043928962136
0.0606173878331146 0.00779577058573755 -0.32466627273752 0.146079523126481
0.0265091551933286 -0.0273169018254928 -0.17029392599329 0.235923991957586
-0.00264774154141846 -0.0201567018979217 0.0405523550939858 0.180969140538494
-0.0128851961470791 -0.00698039266975054 0.108842376926213 0.0596444197095301
-0.0138265603895513 0.00458504092398655 0.0958610042935613 -0.000849846491302156
-0.0175935968454924 0.00746341038507762 0.0780770408144709 -0.00855649543637315
-0.0209733707730444 0.0101808291170319 0.0759158337011591 0.00330354183852611
-0.0307234316356125 -0.000713499814859023 0.0676008764599057 0.0492816228771384
-0.0324262393207937 -0.0112305471908376 0.0282511386220963 0.121163852865499
-0.0314172686825709 -0.0415157789315681 -0.0893254038749247 0.146790057716307
0.0101424450400216 -0.055449786102331 -0.176361416313846 0.0642647933998038
0.0468168668724682 -0.0188873868864069 -0.130116570190909 -0.0758940215097789
0.0415076112271642 0.0039869566349651 0.066910160906894 -0.00646812543492369
0.117753487548658 0.0807495546243875 -0.0483557134841562 0.0499079546067229
0.177740717412193 0.0757405092096423 -0.269093521428682 0.0720341912663397
0.136240038538998 -0.0246566144566114 -0.283066299494706 0.234615057596681
0.0458684699307831 -0.0857122224454074 -0.0929886509762394 0.279619449937059
-0.0147637066870362 -0.0567850191075914 0.0830790561471294 0.170762827143094
-0.0345736500916883 -0.023651577303924 0.114479536741584 0.0458841233966747
-0.0386555129889983 0.00571135484124686 0.0863381940782785 -0.00149155764173218
-0.0407186039912925 0.0149068274818835 0.0657362213952677 -0.00616346726591554
-0.0496740114057875 0.0153433553832306 0.0522998081434765 0.00202904188088962
-0.068722608344274 -0.0134995325467838 0.0359286468728586 0.0448476083514955
-0.0647486830304212 -0.0465680975605345 -0.00815371676055647 0.108775950561965
-0.0437825782391248 -0.101609466020252 -0.12207987540325 0.11619734193572
0.0439147469071158 -0.101531512272722 -0.186268226464293 0.0141914570957293
0.0995997034744319 -0.0198883934499698 -0.112608353818599 -0.11951999430472
0.0807840791162582 0.0180619595291462 0.0728343193086235 -0.016874415053218
0.147966924250011 0.080587230355634 -0.0869801420503415 0.0342441774173556
0.224240955272338 0.0454918405695526 -0.252871283507236 0.14228721253312
0.165282858068683 -0.0779680200147458 -0.156908129101154 0.316965356630575
0.0389576367853176 -0.140869812519687 0.0376574259206401 0.280045587056499
-0.0365661640037825 -0.0895758864223451 0.135222554332196 0.12420827900967
-0.058636164965539 -0.0374985669461367 0.112480423529507 0.0195476793026162
-0.0607434932188458 0.00628268057008953 0.0683942791096543 -0.00197511834172636
-0.0561384055227149 0.0192752413296724 0.0429001958068358 -0.00327155474646195
-0.0665527625047694 0.0159070243612712 0.0148756001277989 0.00185492873067793
-0.090567601444992 -0.0280183138437601 -0.0144795600226339 0.0363796728331472
-0.0816728700948215 -0.0802665186579703 -0.0674330507507954 0.0795814054542308
-0.0418438538532872 -0.152790312070978 -0.167797698523666 0.0446749085174246
0.0828108215776077 -0.140621804353808 -0.185178081227707 -0.0829995519734327
0.154727645218702 -0.0206213610474827 -0.0645794929398892 -0.186470595452892
0.123056881147873 0.0360855004470136 0.0818634078784478 -0.0324437072893814
0.142644617398256 0.060363706214105 -0.11387848857369 0.0289990017662362
0.209855846084438 0.00789894052778076 -0.171925314548097 0.204066731912841
0.149149473380901 -0.116366094175484 0.0153014834824616 0.304078485128882
0.0138805880702821 -0.172716478538843 0.158583416041106 0.192201730518382
-0.0619332376267943 -0.109279320489363 0.156249039194782 0.0423430392852434
-0.0798766428419431 -0.0450551671380898 0.090542246186832 -0.0136350774795259
-0.0753366226294994 0.00514514077081676 0.0408500519770841 -0.00247232700985999
-0.0625868211324447 0.0190781102488392 0.0123668634816878 0.000300449978878202
-0.0700071344834952 0.0121063424791329 -0.0267968751693638 0.00303527640429063
-0.0917510401978191 -0.0404523080695054 -0.065144310742699 0.0199918621118561
-0.0762385279130046 -0.103791079064627 -0.121567668832426 0.0240878104633917
-0.0191193316708969 -0.183530929887306 -0.186666091098979 -0.0676163624727839
0.129006109944422 -0.157374289647105 -0.132321301221542 -0.207067095985186
0.208133439940182 -0.0123945920024177 0.0247173908382658 -0.247398836313364
0.16174507805776 0.0585257885836101 0.0887517850313434 -0.0475230138127124
0.112367279349781 0.0382110597296443 -0.120719049379128 0.029026917510845
0.163057006763534 -0.00909149837537526 -0.0588206473657307 0.214983518527604
0.1121739089286 -0.11952243024183 0.14908160136252 0.199293338530089
-0.00965349583358643 -0.168315523321197 0.20661693224177 0.0531403530478506
-0.0778872118608784 -0.105933148738138 0.127120464529356 -0.0454283530681733
-0.089502366627211 -0.0434687900602193 0.0462027035596761 -0.0428855480337771
-0.0794483695979341 0.00253519436304776 0.00548932396729257 -0.00394437736825921
-0.059641079790595 0.0160416918384207 -0.0203809676537464 0.0032258634532731
-0.0621010316321912 0.00807763507111996 -0.0608140558408258 0.00330769219801778
-0.0769694541207593 -0.0443567456174401 -0.0973350103109473 -0.00450747818629718
-0.0539642620845633 -0.107179821747184 -0.137756963113498 -0.0494826422632539
0.0201393126017659 -0.178444989373426 -0.133974900243448 -0.184938796902995
0.172137085861926 -0.134275019626612 -0.00548134825533187 -0.29998312200733
0.243706171294817 0.0189934271656299 0.140920673698488 -0.263083142423362
0.181078412610079 0.0844572858087343 0.0867021687367893 -0.0620113028828951
0.0742278691655447 0.0232572761820397 -0.113037034894063 0.0248760146799582
0.109569979844681 -0.00852514079813366 0.0316019519431152 0.181031467913553
0.0746158503266609 -0.0944913997405411 0.205780147428483 0.0752819211722896
-0.0193828046276858 -0.132268514874873 0.187228610488579 -0.0669619584602899
-0.0736642844708796 -0.0836161623844262 0.0664060680596654 -0.108554831959588
-0.0814553343389435 -0.0350900235276399 -0.0089345227733382 -0.060637569557809
-0.0695017053737062 -0.0010423910930837 -0.0319401248651189 -0.0069293360375724
-0.047848081777748 0.0108697925674757 -0.0499123944522553 0.00569136066803837
-0.046734338289463 0.00382967975738886 -0.0839508745096094 0.00263081833085201
-0.0544623931916331 -0.0387965850402127 -0.107992515145158 -0.029814969651571
-0.0280812899977088 -0.0902575894562815 -0.10887608415499 -0.114279970932937
0.0538316214809264 -0.136716835178789 -0.0182842541666926 -0.248606625452401
0.183340198592437 -0.0732091952984987 0.154125042399933 -0.29930424816944
0.230749340849967 0.0646060533628928 0.238973275660827 -0.217465452444173
0.163423669054906 0.098756796281661 0.0728845653772574 -0.077823366844827
0.0356940046780463 0.0135060724475768 -0.102712635042736 0.0152716190975077
0.0576983667148884 -0.00351284040283544 0.0798584567544467 0.13798370114306
0.039954102265224 -0.0556263824567932 0.210276055271992 -0.0123612299229057
-0.0132252854961931 -0.0771723539142877 0.146701297557452 -0.136207781767509
-0.0476634878771268 -0.0510330055890285 0.0102731414046728 -0.138513125644059
-0.0537402200737905 -0.0238372714945475 -0.0542973748806775 -0.0671845486599544
-0.0459103082737271 -0.00550446633425921 -0.0612410488072683 -0.0106509241749082
-0.0291537266610278 0.00394163423380651 -0.0705541574050511 0.0054738340260411
-0.0270438443430959 -0.000471026490003378 -0.0965317913008412 0.0010584840387456
-0.0311619084523109 -0.0249536891425351 -0.104448549800021 -0.0494755595329496
-0.0113565997822998 -0.0592656039635059 -0.0625834308314792 -0.149808255883637
0.0572567184034314 -0.0745365691114306 0.0940272656888315 -0.241460406939866
0.134692516855401 -0.0100865236617283 0.269725423472981 -0.220362025761265
0.152765427722127 0.0822923477026148 0.290149283843067 -0.144895834989026
0.103727487938985 0.0798030835788061 0.056592465811692 -0.0936511718738119
-0.0268974473838263 -0.00450402295569404 -0.0130319189141838 0.0731025905160689
-0.0409288879223207 0.00904652413770317 -0.247925919362129 0.0469576078754619
-0.0349149619969207 0.0151525270565081 -0.332627271154037 0.139094350900527
-0.00517788880234853 0.0229580790082892 -0.183240102538434 0.237055934882357
0.00507037818252138 0.0163803382426007 0.037358697064116 0.184252463865535
0.00890294322354364 0.0092531854567155 0.115433037993807 0.0575297113875073
0.0121150832094952 0.00261997142462603 0.101561723553107 -0.00872948712698378
0.00823886281382163 -0.00175828425863484 0.0809067395972478 -0.016208824832795
0.0123253056367324 0.00148703244253724 0.0803282455344523 0.000306000563406169
0.0147824853585948 0.0100904727301789 0.0721769628696212 0.0507156980955931
0.00754114510377458 0.0236539412227448 0.0299111900944567 0.125314690310397
-0.0129325522508171 0.0203745173001855 -0.0888981141387666 0.155132666407288
-0.0213175859016982 -0.00998602883602989 -0.183640442225671 0.0783811237936727
-0.00241152209025656 -0.0214082181066609 -0.138232576660464 -0.0694013581520948
0.00419023814538804 -0.00592903622270988 0.0718532643800563 -0.0135066309377318
0.056732295350605 0.049461047256863 -0.0148317417653457 0.0711049888880085
0.0851049379349024 0.0604676152415804 -0.254225720223929 0.0422317462816158
0.0635732765904763 0.00724689393441066 -0.33388996579333 0.156288991533234
0.0266791669370106 -0.0293808426027111 -0.173137303639496 0.247513122743484
-0.00319860127823163 -0.0204923002537569 0.0462126463394292 0.186010900205861
-0.0133541679410832 -0.00665806194464643 0.115393930741067 0.057369967839301
-0.0136161378284513 0.00568878424235903 0.0978418126183556 -0.00742900065188275
-0.017338455348581 0.00883220027424406 0.0780084586513799 -0.0154189788549319
-0.0205068550387609 0.0116164023381248 0.0746181569034636 -0.00190203026663205
-0.0318867161404109 0.00106467054056278 0.0678731861461859 0.0464420590640981
-0.0335771722950444 -0.0100730168909136 0.0292989075783185 0.121835480816555
-0.0349435041924142 -0.0408882484955259 -0.0909507807543542 0.152007267443612
0.00720264239773689 -0.0575739035108841 -0.182944855907058 0.0692115268719341
0.0468920738618053 -0.0224242098119439 -0.138597141308037 -0.0790150889740514
0.0421262265038996 0.00288609611449309 0.0705740026600297 -0.0174533969716477
0.123992662787933 0.0811546676551047 -0.0481466024242059 0.0543828697974129
0.188314041804361 0.0729713465469215 -0.277165251373134 0.0788635771627249
0.140839761764042 -0.0289335474177874 -0.288402976668336 0.249374859099071
0.0444451914249788 -0.0900197181336426 -0.0920542727829055 0.292447882387533
-0.0179464130600905 -0.0577729694837772 0.0911374993128669 0.174303797870371
-0.0372179519071927 -0.0224115396809229 0.120543713171181 0.0428150732538116
-0.039166173641762 0.00893316861362193 0.0882032213374545 -0.00644421696681353
-0.0401928249361061 0.0181041936515788 0.0659344762350349 -0.011979276973256
-0.0490805463191729 0.0186518867087928 0.0506909189611983 -0.00156475261819952
-0.0708283674178969 -0.00981047783045072 0.0349253854067589 0.0429960591723293
-0.0688018148398871 -0.0445347655993842 -0.00845516072582244 0.110296518417542
-0.0511537223900554 -0.10122120791601 -0.125169845664173 0.121044818232899
0.0391684763664357 -0.106687417912938 -0.194665617212677 0.0165572880045992
0.100966457266889 -0.0260934580310493 -0.120754962574316 -0.12436719219118
0.0832177281506477 0.0150979656278551 0.0767194279201459 -0.0275524321200708
0.155857381140249 0.0793257284658728 -0.0903600252309603 0.0393845385475632
0.235817257751574 0.0384204355252538 -0.261220344631327 0.154292730725312
0.168391944889206 -0.0860286976827517 -0.156366068405466 0.334133241614987
0.0335752434056651 -0.146041143738795 0.0457054475426588 0.29154223914649
-0.042227269599242 -0.090037176631531 0.145934048531298 0.124987572974868
-0.0624554195303671 -0.0346789536779823 0.117757302235223 0.0153100211126015
-0.0602976907719252 0.0112694648303671 0.070748761047244 -0.00588289197352954
-0.0551754962986542 0.0236089175180323 0.0438102328403108 -0.00708812840482581
-0.0657845332178325 0.0202052207454742 0.0124473758804075 0.000302360344414488
-0.09386519373987 -0.0228903758892872 -0.0168171629220129 0.0364291740150293
-0.0877965983953546 -0.0783372276902708 -0.0707398913809598 0.0825366003790207
-0.0520298902045933 -0.154372069066794 -0.174151363898515 0.0482601816711338
0.0774957130270402 -0.148638792861838 -0.196056614960509 -0.0841506413396506
0.159062292162143 -0.0298162796855696 -0.0717069944208153 -0.196239639579348
0.128495975281731 0.0315928482170517 0.0860889217676211 -0.0424136256747302
0.149567663412883 0.0568766221906974 -0.119864358838809 0.0363787188474077
0.219075453479278 -0.00154732353932662 -0.176234690965969 0.219406903667618
0.148340268801831 -0.124995781086687 0.0240620880110682 0.319136674270557
0.00578501933934355 -0.176889537290061 0.169959288925636 0.197579917812026
-0.068995120922649 -0.108169442510873 0.166338197306633 0.0398264566950488
-0.0839365619111054 -0.0405941384196218 0.094412501358292 -0.0176923974704806
-0.0755071836119792 0.0109488038396524 0.0432853169101221 -0.00450915607686939
-0.0616720675017162 0.0241011309101504 0.013426161202677 -0.00117557044304785
-0.0694408404403894 0.0166162040340665 -0.0290790912724486 0.00335538184254206
-0.0958091706208925 -0.0349595877931045 -0.0685353536803771 0.0217085919755219
-0.083529730117889 -0.102259847148866 -0.127071336852537 0.0265911595186311
-0.0297236343683554 -0.186771972548849 -0.195127141589595 -0.0676183133854257
0.124953930297179 -0.167981516138646 -0.144256162941187 -0.215409153999533
0.215937472571395 -0.0228719020347492 0.0198870982566967 -0.261370497885768
0.170298582405173 0.0541327386851435 0.0933265053595942 -0.0566042834407898
0.117552198874221 0.0340858854056888 -0.127000583428559 0.0381800483515317
0.168723050481861 -0.0186351096659747 -0.0577830691572591 0.229579561391192
0.108858796594557 -0.126881933822086 0.161017749264638 0.207449928385362
-0.019037081614667 -0.171244688092353 0.216847293272349 0.0523665044245532
-0.0852327265232621 -0.103949126818051 0.134521213440129 -0.0497214625510441
-0.0934435411798552 -0.0385742405972924 0.0481483109454463 -0.0453510535138264
-0.0797957103764795 0.00878735756414033 0.00738762938846318 -0.00378092424010388
-0.0587485769429415 0.0206983728239825 -0.0193589601840267 0.00468204848814534
-0.06180552874155 0.0122166885961113 -0.0635714942181287 0.00649732579778793
-0.0811822247738775 -0.0402349729514013 -0.101373847425694 -0.00160066335948062
-0.0609437274022532 -0.107399170838892 -0.144515075737449 -0.0488619900508571
0.01197164603762 -0.184185357363848 -0.141883667663224 -0.189890188571089
0.172035520816482 -0.146161858171798 -0.0135905416059304 -0.313937981393406
0.255117548041328 0.00923163722921381 0.139685115303385 -0.279012405289268
0.191796553160302 0.0808970172138875 0.0901082896516048 -0.0701791508313242
0.0771249285713514 0.0202182229165633 -0.118891397998032 0.0351660159140754
0.112769382045587 -0.0159008681742022 0.0371517453170464 0.192210298644184
0.0709010528115071 -0.0998592754964023 0.216559014773529 0.076024293294098
-0.0272769654407731 -0.133099966405383 0.193491722211857 -0.07194922019609
-0.0793226837111914 -0.0811357145473063 0.0697800646222671 -0.112661503701618
-0.0843558876311452 -0.0301626837208296 -0.00875256649993417 -0.060973685118837
-0.0701800996378601 0.00468260875012622 -0.0308286452465309 -0.00458969672021162
-0.0473632641849736 0.0143795771775416 -0.0494552494808775 0.00905924178101873
-0.0465830869122075 0.00724461686625206 -0.0867103867161966 0.00773368331432121
-0.0582578610106286 -0.0356185211878962 -0.112318852500293 -0.0268297820356385
-0.0341041137594665 -0.091112551886318 -0.11505079590366 -0.116036883842785
0.0496638408608729 -0.142723646979391 -0.0226176267320862 -0.256424692638654
0.187205547126362 -0.0826912695203081 0.153206264778621 -0.315109692801205
0.243760902739584 0.0587010921637815 0.242116542984786 -0.232989713405985
0.173693026310774 0.0969470764974251 0.0743670255211925 -0.0854362429361752
0.037246057883574 0.0115717474535148 -0.108067088519413 0.0260091617556016
0.0597898274756045 -0.006929614118222 0.0882238222226328 0.146828314028567
0.0374225694630406 -0.058267652873035 0.218874659661435 -0.0163401866006797
-0.0178846158529304 -0.0778221915806975 0.149104079244729 -0.143771261458156
-0.0511273831350789 -0.0492949841892967 0.0104298964872211 -0.141910481484857
-0.0559283471282886 -0.0199403367198646 -0.0553657040303602 -0.0660541705562798
-0.0468515770715759 -0.00178018866767675 -0.0607520642998156 -0.00685537523957365
-0.0291622761408901 0.00562346075648295 -0.0702953709536196 0.0108070542103392
-0.0272943724022994 0.00172751461979992 -0.0983227735832497 0.00716292281774247
-0.0337015243855947 -0.0235564268996926 -0.109469547454057 -0.0467549925174151
-0.0152253474743457 -0.0603765221977272 -0.0675415884866553 -0.15378822538879
0.0559253631591316 -0.0791259243901189 0.0949448044753784 -0.251106694262803
0.139285053326653 -0.0152805775166592 0.274785434870834 -0.233775549787606
0.162660032511725 0.0805093248069732 0.295066949845483 -0.15747215482966
0.111425286319614 0.0796622244132993 0.0560326156288215 -0.100702795419106
-0.0234166249643799 -0.0167767457168905 -0.0437544599018673 0.0648934485264691
-0.0390134319360015 -0.007721818794251 -0.244973317855729 -0.0686688645609309
-0.0344216635121832 0.0014712444261419 -0.365042833234409 -0.023828400715286
-0.0102835480240348 0.0180179902976133 -0.274261334393217 0.13551327794653
0.000453623957104435 0.0157950200063573 -0.0476293460759953 0.186483586276852
0.00583349792721634 0.010488825538512 0.0806389913228136 0.10269359949737
0.0109677489172683 0.0064650476667256 0.0964839164976219 0.0331790604750905
0.00809611481172623 0.00126447818084296 0.079818215231756 0.0147901925988701
0.0108659630122376 0.00541320395007441 0.0708012875977043 0.0294616334204709
0.010202208546562 0.0150007807457939 0.0415666569748334 0.0724694709575047
-0.00254186665870101 0.0244430781184094 -0.028447121626081 0.126217185128296
-0.0203759439910201 0.0151652866781495 -0.15309218637321 0.0986495673620181
-0.0170779098086539 -0.0179655432762943 -0.205116312993701 -0.0138745177462538
0.00477355164526908 -0.0223605756307067 -0.0949086016305978 -0.131228620268778
0.0060575088062242 -0.00296368410210837 0.0775334152137541 0.0132453879193837
0.0304309204648712 0.071412491454602 -0.0436741668187823 0.0592645047495517
0.056758067238628 0.0956838176440731 -0.252399623240607 -0.0797840317691168
0.0625301011068178 0.0379366861061491 -0.376781058922467 -0.0112635758143272
0.0416714464085558 -0.0160722305978876 -0.272327220910586 0.148744253418062
0.00797862695768566 -0.0223394303650796 -0.0410100268094148 0.191251643154634
-0.0087647208694308 -0.0133278679140342 0.0812486755712054 0.103526225821733
-0.0143568927796403 -0.000993314880188119 0.0926884516721432 0.0333574785042105
-0.0197201161796343 0.00143338487321982 0.077132881434882 0.0150317699947781
-0.0234239821668492 0.00194355187310837 0.0660507184082564 0.0250393656922685
-0.0292618644529461 -0.011327678233743 0.0387714274235747 0.0662993514391904
-0.0265674933546573 -0.0225390672314199 -0.0287431330709135 0.119328530434005
-0.0164833020956562 -0.0487869868451256 -0.152046677040409 0.0941265232671185
0.0289332697396172 -0.0497053584105695 -0.199121026015989 -0.0224700855485645
0.050721404308674 -0.00298359102193405 -0.0910114162691839 -0.139491045558627
0.0373718378551487 0.0201285570860695 0.0777471941631721 0.00970564400421499
0.0793998190570898 0.131000324635397 -0.0669312020879363 0.0275645360703049
0.149051816300367 0.152472936579704 -0.294694385823403 -0.0582070270010977
0.150058172124234 0.0367380535113718 -0.380360285689361 0.0947801540802997
0.0827668048835771 -0.0651383638906529 -0.218925520406553 0.227073691907379
0.00956635468314525 -0.0633751151864848 0.00480391388060461 0.200760854868928
-0.0249887956906273 -0.0371939069492419 0.0926683522480198 0.0932780254944552
-0.0387868082044994 -0.00722970987569614 0.0843159413747135 0.0308999133727306
-0.0442102110573184 0.00121520408003307 0.0648359349281262 0.0138464237008246
-0.0517416114178361 -0.00251950763422562 0.0438261220099455 0.0155822025236617
-0.0610628250116896 -0.0359279819505217 0.0105652820613731 0.0493334764100893
-0.0452059340495494 -0.0686588248706523 -0.0580501698683807 0.0914569961571979
-0.0073838874496566 -0.110687748681088 -0.168267984132743 0.0486370251051165
0.0786103155104055 -0.0818426150719376 -0.184675125853158 -0.0759955273291872
0.10252484022767 0.0153714731550074 -0.0537276152838229 -0.172738225812998
0.0704204436703183 0.0484914671895752 0.0872968247484966 0.00491324147096554
0.110567875780453 0.143754041980899 -0.10121799133455 -0.00699106485866871
0.210163661415957 0.138001484337442 -0.318908634877775 0.0199339863034014
0.199750224188023 -0.00715444945921389 -0.301106032379326 0.235799063874784
0.0943411471340622 -0.12236932749493 -0.0920674567290437 0.29025036068866
-0.00022245848609005 -0.102805871378099 0.0765019671763142 0.181009876924038
-0.0435248293942096 -0.058147841040415 0.101786426383082 0.0677938100147642
-0.0594560594474127 -0.0130611575866989 0.0674045732204899 0.0252187638678077
-0.0604198657875715 0.000570284693442562 0.042981242094122 0.0100153462935134
-0.0674840432452446 -0.00693505746523023 0.00887285186724407 0.00262082078192996
-0.0772251595491387 -0.0568935080641125 -0.0332542330988255 0.0217558843132148
-0.0500387568729747 -0.107320918802861 -0.101334148344803 0.0383614236625741
0.0120571777969156 -0.159601494808669 -0.179082633265025 -0.0414820383219297
0.131548578569184 -0.105669888164676 -0.138617208862004 -0.169929877935417
0.158724045251595 0.0352191478552351 0.0253540025665727 -0.214707656710721
0.105244297535957 0.0831968584691918 0.103192420257896 -0.00214278177696455
0.115307080419013 0.119458554605393 -0.129867750947459 -0.0226341834026212
0.210608589242551 0.0896666084176675 -0.271815484824165 0.121431796364003
0.194251997691287 -0.0555748009258846 -0.129367232938283 0.305391576396912
0.0783138137651159 -0.161900201176029 0.0638929852344316 0.261296755545086
-0.0186059886062407 -0.129742962300876 0.132991661538542 0.113628150443178
-0.0609790105757378 -0.0717610754307442 0.0948282244687662 0.0281977103222642
-0.0732322424606045 -0.0188462322943125 0.0425372111869824 0.0161973071090957
-0.0665407328774919 -0.00177841162973854 0.0134733457835165 0.00408495688307782
-0.0699534531734628 -0.0108270682752644 -0.0297179476946225 -0.0106024002025653
-0.0749988283975362 -0.0687061882642491 -0.0730425730158746 -0.0124014264167211
-0.0369891813082123 -0.128109192603402 -0.127596826012692 -0.036824735021131
0.0455602314658235 -0.181826609799465 -0.143918436563914 -0.156467012613664
0.18547144338406 -0.103660078549455 -0.029429021649037 -0.265537488612644
0.210553574748669 0.0657969378839791 0.140034074795675 -0.230742324696574
0.134682160105717 0.121897618051445 0.115514098254129 -0.00997046785253015
0.0957068233480711 0.0833042448634481 -0.13934400271171 -0.0215946800824374
0.16875220686547 0.0504659060558601 -0.165118927585182 0.187975098250782
0.154245720750503 -0.0748145806285038 0.0478026153893702 0.266559458163708
0.0511834449884307 -0.165871370267776 0.172343312596111 0.148937506837306
-0.0361603148525746 -0.131280618282818 0.143974756761587 0.0185854645630174
-0.0704984399125016 -0.0727463362037342 0.0650818484727529 -0.0159715614987845
-0.0765046668073638 -0.0222123150582371 0.00993785938976315 0.00224856742923836
-0.0624666100717454 -0.00368949826327544 -0.0187922710153208 -0.00337422270369172
-0.0613363688225329 -0.0118150108138902 -0.0616691591487359 -0.0207626773649363
-0.0600408425309936 -0.0675237441787791 -0.0920583202567663 -0.0464875584594577
-0.0143203858935426 -0.123838194003436 -0.108350443637335 -0.111591177930953
0.0831061515985665 -0.164273892223191 -0.0381965661386709 -0.24151034178539
0.221534156688665 -0.0639510525843382 0.13600252399265 -0.295387131484932
0.235817944900282 0.113008416207664 0.256697028511754 -0.190112334724368
0.143655630736819 0.157157750219238 0.117140270510598 -0.0224377806748648
0.0641821149191785 0.0519023886363966 -0.130894750795963 -0.017921108168002
0.113888868981234 0.0289125212678967 -0.0571882871933513 0.198139480691455
0.104840578202279 -0.0650004544948864 0.160654557898007 0.169729237510128
0.0267858876699301 -0.133338779557417 0.207300447663596 0.0225919205508974
-0.0402449866379315 -0.107125436609537 0.112912779126871 -0.0670099414762625
-0.0653098037864069 -0.0608486538718785 0.0201418344434828 -0.0548005781178813
-0.066390833672325 -0.0228499866475869 -0.0239146353631557 -0.0147245137031468
-0.0495994913041354 -0.00480428319545085 -0.0472882216002789 -0.0102625228469493
-0.0459418694463109 -0.0104857636210646 -0.0823132591929246 -0.0283540643339811
-0.0412958878931761 -0.0546818287938416 -0.0909779730169343 -0.0723766967131413
0.00406888437251482 -0.0986446884650091 -0.0515140391956071 -0.158898077004287
0.102404376998678 -0.113265908431587 0.101627568176399 -0.24589574462559
0.210456185694456 0.0025708392179148 0.288835365302403 -0.216545561462766
0.20567913587692 0.156423313152667 0.327991177562909 -0.0987336880214758
0.119784912118265 0.164850479561501 0.10845953673317 -0.04386217090681
0.0311221296283996 0.0268916013205433 -0.116819958057106 -0.0187604843215618
0.0596100163663253 0.015023361494551 0.0139056792360759 0.180761673837262
0.0556558454325777 -0.0398384126134406 0.206637558162866 0.0848921229065878
0.0124270722663031 -0.0778681503801084 0.199475652011764 -0.0645055625168045
-0.0275761422454067 -0.0652970874644926 0.0718642072242588 -0.120606548912929
-0.0435429779866949 -0.0394128259017954 -0.0203840222473216 -0.0800333276333939
-0.0428752714518693 -0.0192524230237268 -0.0499971510162294 -0.0293559262566448
-0.0294862287063914 -0.00595460917118061 -0.0672479342087432 -0.0166626444638191
-0.0260263774331811 -0.00822244048963727 -0.0933830107950389 -0.0327621324629774
-0.0230757290849781 -0.0341770520906556 -0.0798350443179045 -0.0883022474579924
0.00943064731977955 -0.0626731925614792 0.00785765408831538 -0.17131080438439
0.0842159820254371 -0.053613590963542 0.20413900042297 -0.184109693984974
0.138745850545942 0.0454131001955189 0.361048389087013 -0.0846217829361899
0.120542107011721 0.143389562515435 0.34080028298264 -0.00580813456063155
0.0694062538292452 0.122389372437864 0.0986519178923893 -0.0671314552806054
-0.0256062670904023 -0.0149681118113154 -0.0375907506400667 0.0691931349373405
-0.0397173920110423 -0.00453711626652059 -0.240946542342348 -0.0541869797050163
-0.033624278135837 0.00422594719693702 -0.359173311127796 -0.00549841349507777
-0.00884159315187001 0.0179296153041713 -0.261535900657793 0.146802193096986
0.0024143843100656 0.0157140842398998 -0.0362518174426842 0.185677647266499
0.00714421397821194 0.00839142378939262 0.0861034074519263 0.0937174735209071
0.011516169232542 0.0039443576842442 0.0962330120666458 0.0217314779238903
0.00720160790945863 0.000783967936671138 0.0776363368193461 0.00459169576323815
0.0107517911225346 0.0042536503061036 0.0672654991575688 0.0193138615265957
0.0110967163231154 0.0130810356439747 0.0425374391861337 0.0641075712678732
0.000514845308588458 0.0251869477185245 -0.0225950479198953 0.121242115384058
-0.0181752915758941 0.0161342578427657 -0.145151671242109 0.10374286885411
-0.0182602861528707 -0.0165558358376251 -0.202210803432593 -0.00260910405499613
0.00266567008325931 -0.022107216527121 -0.10115933068719 -0.127172422947685
0.00613987388649032 -0.00260640674158153 0.0809131644532791 -0.00144657197508127
0.0337996023235834 0.0688701659757744 -0.0381250169625668 0.0626693601562649
0.0628633187539641 0.0900430932764914 -0.249468640165249 -0.0643700545472112
0.0645714542701324 0.0331332104585492 -0.369442780109562 0.00963143084829614
0.0396848451994351 -0.0186775986488361 -0.259401337927499 0.160427029316675
0.00643817908577162 -0.0226334814542668 -0.0294025118895147 0.189357173600886
-0.00973983878809984 -0.0129055502515908 0.0874722508634584 0.0944899147425725
-0.0138397975603764 0.000209607924233235 0.0932324218866333 0.0229865816890273
-0.0190595427220746 0.00380903825267911 0.074476241537651 0.00499086119586777
-0.0219550166973401 0.00412148031944254 0.0619039470193322 0.0161330079802473
-0.0291016004549966 -0.00764995365105556 0.0393962203329786 0.0581255450478728
-0.0275919855433202 -0.0193454533263557 -0.0224914028096612 0.115706919568849
-0.0205960298351591 -0.045571237205775 -0.144947106471136 0.0991224101844324
0.022930119020034 -0.0510060516258483 -0.197534456486413 -0.0109384479977732
0.0489730813100102 -0.00802814645120454 -0.0983389938256063 -0.135403309585668
0.0378182611815846 0.0168851115857028 0.0807084997737215 -0.00408665392840126
0.0858409029206722 0.124428428101873 -0.0636952901955645 0.032884608887851
0.15819878009124 0.139514327759446 -0.292938127643981 -0.0405344185220333
0.150352589319831 0.0260475767367845 -0.368492439191364 0.115770662846969
0.075261725731498 -0.0697374177726415 -0.202261170851119 0.23616309998009
0.00372937633075069 -0.0624238100534867 0.017621937756767 0.196405009159591
-0.0279076466003298 -0.0341745704975542 0.0979107579203845 0.0829770902148097
-0.0379872770674753 -0.00264200022352114 0.0841429729027818 0.0213021493501301
-0.0416608973989331 0.00654513984098341 0.062868849321867 0.00511232382494487
-0.0490968696800816 0.00369226592881915 0.0396024954490113 0.00932484576823125
-0.061692592260536 -0.028442550530342 0.0102684736429378 0.0438220236255876
-0.0502303228408235 -0.062018890922482 -0.0535191947384197 0.0900892689810428
-0.017778304229908 -0.105884657531478 -0.1640133670335 0.0551480066979008
0.0679209297417859 -0.0867168139189837 -0.187532348831969 -0.0655038142476398
0.101473756783611 0.00505881624543154 -0.0629511069599752 -0.170186730655987
0.0726301456603305 0.0416366074355147 0.0901023531007005 -0.00861261530286295
0.118454822957637 0.13437911107094 -0.101836168490758 0.000873041803900157
0.217582058681793 0.119683161626305 -0.315410739993335 0.0388281327592265
0.194722197141494 -0.0216301686805572 -0.281711659726842 0.252053061763104
0.0815911841579616 -0.125842336936097 -0.0726680238576828 0.292136415829
-0.00948623515043655 -0.099636760550808 0.0880384329766938 0.1721610257351
-0.0479425791562522 -0.0518226557252492 0.105318882027249 0.0578137206403378
-0.0586893960160373 -0.00555368593510537 0.0681182695187845 0.0183512780051257
-0.0568697521787013 0.0076726017219448 0.0419682140706531 0.00419191600852956
-0.0647787133073377 0.000681900783272198 0.00559721983672739 0.000812731820345294
-0.0791222985032925 -0.0469693092985949 -0.0336202048969405 0.0210045395334634
-0.0575606357870504 -0.098975116997177 -0.0995196927189997 0.0413465030467183
-0.00328709096170005 -0.155276285199301 -0.180320842752104 -0.0320367798653743
0.118086889477229 -0.114420365437174 -0.148035166588016 -0.161138851846809
0.158492494715013 0.0201940585267648 0.012605804185405 -0.217326260978679
0.110038299681551 0.0728235815132856 0.105180978577699 -0.0145048403894901
0.121358348655379 0.108376249607236 -0.132240474364025 -0.0114588998851679
0.214789726987928 0.0704508611910997 -0.264306187509486 0.138210358807809
0.184159728863018 -0.0685535215048291 -0.109215704377772 0.312254443112886
0.0619083288685072 -0.162830718753975 0.0795312228034441 0.255728234328724
-0.0299662748787156 -0.12350073948459 0.140626199680665 0.102904114253161
-0.06528136049929 -0.0623587570186012 0.096163833835895 0.0211386232070701
-0.0715591139012076 -0.00944518296320993 0.0434621244325263 0.0125982679980463
-0.062741620349706 0.00661895015170496 0.0138143861888455 0.00152378752542845
-0.0673033783065613 -0.00269132462080801 -0.0318368536959139 -0.00868214061370736
-0.0780894380748197 -0.0581130151840395 -0.0737892066899208 -0.00877195386611696
-0.0473001627021549 -0.120375371983621 -0.128248629558871 -0.0302072123685649
0.0273327468850319 -0.179543636016341 -0.151445015555047 -0.147301893225864
0.171010998183307 -0.116650527576688 -0.0466283159384457 -0.262324719629166
0.213263987147662 0.0461908924679997 0.124488588279319 -0.239997236333818
0.14200634219957 0.10934743455902 0.11658387157416 -0.021237428896456
0.0995528416633351 0.0732962819673197 -0.142123363800737 -0.00822963701530521
0.169476393913388 0.0336443357348307 -0.154940404438343 0.198976818377196
0.142778223278078 -0.084265032807288 0.0629999949991202 0.262460306046609
0.0344858174658239 -0.164041014115683 0.179966409380127 0.138784520905507
-0.0463442515379568 -0.123414106545049 0.145749910395098 0.00979382326769926
-0.0741152557362401 -0.0624483559459118 0.0641695614309729 -0.0187286903563218
-0.0744280435808631 -0.0129250929973494 0.0118285627771816 0.00241749089571805
-0.0592950978180888 0.0042125326969214 -0.0170937784083017 -0.00211528192220961
-0.0595072636069881 -0.00364083432900403 -0.0625404779072333 -0.0154391310999415
-0.0644186393774204 -0.058100455994541 -0.0940743996054308 -0.0397804115617602
-0.0256937045470369 -0.118891693776684 -0.113526449050216 -0.103689668259865
0.0663558006095056 -0.166115082661296 -0.0511669399992756 -0.236272811307501
0.210993829216271 -0.0802946112518275 0.114816106974647 -0.299761279345993
0.241519491238232 0.0922450339191843 0.241987905875563 -0.204694053517146
0.153203259296082 0.143969088808188 0.116672967676513 -0.0324108528694477
0.0663108881140134 0.0441928171716567 -0.134453519591966 -0.00326230893888447
0.113476583208594 0.016589100945539 -0.0459654033523273 0.203692345393995
0.0951488269389232 -0.0707904280419405 0.168558566239171 0.159601587252185
0.0140040609984275 -0.130627568455511 0.205437384122626 0.0120749189422576
-0.0481507761550294 -0.0996384060097413 0.109817209018017 -0.0717659236208632
-0.0678602720170065 -0.0515742890332554 0.017881899883741 -0.0521391181770826
-0.0651468678047891 -0.0138908587448085 -0.0218874616835331 -0.0102940176032798
-0.0469859052362404 0.0012903202017741 -0.0450206391901946 -0.00545794688056398
-0.0450365507689091 -0.00427460190633914 -0.0828303146697373 -0.0198953483406722
-0.0456181128052971 -0.0481807417868344 -0.0945858861668443 -0.0642099725722635
-0.00537558643814024 -0.0964468445232262 -0.0599722830002661 -0.152861163900699
0.0899326546605438 -0.117993873934871 0.0872749431450941 -0.247768546037998
0.206082573860227 -0.0134784372434746 0.269538251208734 -0.230888786763294
0.214957202308169 0.138464586087386 0.315290852131753 -0.118586562677171
0.130485471236522 0.154057314953452 0.105728029335541 -0.0522240979758209
0.0323852814402447 0.022367876975699 -0.120037011009379 -0.00318789211787204
0.0596497475759896 0.00843425658811629 0.0249586636556698 0.182127193972704
0.0493689834205137 -0.0421842564188302 0.208463942057741 0.0709833262014401
0.00558943684393149 -0.0764097544367985 0.191842224355331 -0.0738832284679792
-0.032349139693968 -0.0602562265384867 0.0653856947701538 -0.121022769191168
-0.0449784222999705 -0.0327878441289618 -0.023261561880814 -0.0733870004614378
-0.0421390689294972 -0.0132994727269948 -0.0482629066971279 -0.0226223350432569
-0.0285722847734828 -0.00195920761078986 -0.0652759690387959 -0.00920674726016776
-0.0257910846603422 -0.00465673543484595 -0.0932164657205826 -0.0223348913118323
-0.0264764106193191 -0.0305450420993217 -0.0847599804316037 -0.079904150894083
0.0030417573575628 -0.0616479803444012 -0.00223325029829281 -0.168956921488914
0.0771210135647011 -0.0587636903724671 0.191954149895649 -0.192390743539195
0.139150728148331 0.0342409148237604 0.347750351176317 -0.103830448541816
0.129711425177516 0.13297677792956 0.33190191175678 -0.0264498290260473
0.0773135482204411 0.115939850784092 0.0930477636698462 -0.0748279259493852
-0.0263651709102541 -0.0127659363787476 -0.0323323200514558 0.0703007842128955
-0.039226954948067 -0.00300131348620476 -0.231434018305533 -0.0461938636864745
-0.0324112934682545 0.00608960139304411 -0.346227550922389 0.0031129605802711
-0.00791972447570235 0.0176366408012028 -0.249377846692253 0.147209801997219
0.00430461263669781 0.0150530734848072 -0.0293374143966081 0.179944834456824
0.0076004017437794 0.00667332904618232 0.0872028115659447 0.0855311780899856
0.0106267346947962 0.00182235023347789 0.0922829001347913 0.0141410318460602
0.00653994584682501 -0.000333616158867883 0.0721706251182463 -0.00284126912584944
0.00979548441767622 0.00247683066189477 0.0615984391523002 0.0121337432076679
0.0110823128011714 0.011872948911808 0.0404909727776296 0.0560603292822631
0.0015811487108694 0.0238280156126358 -0.0197885769753293 0.115085504452936
-0.0161742327457697 0.0158736592342507 -0.139321538335412 0.103564846577988
-0.0183460042086986 -0.0153647393372482 -0.195171119005491 0.00335829429634006
0.000847082053749807 -0.0214742863960755 -0.102296577754724 -0.123244812250749
0.00560766513967211 -0.00173324545038224 0.0813220760000705 -0.013667970674241
0.0346451849367224 0.0664005630819224 -0.0346759131862965 0.0638781897842738
0.0651082272516669 0.0845567332593593 -0.241245022397953 -0.0553607188208804
0.0642104136197703 0.0302524776392883 -0.355471466222933 0.0185711394757628
0.037298741060116 -0.0196235583224868 -0.246682108789396 0.161436273626875
0.00462459357930721 -0.0219369231552193 -0.0224621231071803 0.183374755849557
-0.0103504621453332 -0.0124203358005784 0.0893740610899001 0.08581821768301
-0.0134967192908324 0.000905009856923721 0.0899690337650286 0.0153531857781456
-0.0175168404838632 0.00515194433696093 0.0697313884349866 -0.00223388085757094
-0.0203294562259858 0.00552612615330914 0.0560684971479636 0.00974918324139521
-0.0280043836669616 -0.00511468659150537 0.0364439058678848 0.0505132878292998
-0.0273482740025476 -0.0162272218545937 -0.0200153033313658 0.109148190600594
-0.0225541605934158 -0.0420120305390882 -0.13872964261179 0.0992573986461099
0.0186051670115431 -0.0506597314683174 -0.191791183663015 -0.00488525324631603
0.0464300987672535 -0.0113568586610412 -0.100520937110804 -0.131071603558002
0.0376335240168395 0.0136503737577741 0.0806157031616791 -0.0158860739805739
0.0879380144407212 0.11820703111169 -0.0605319359931015 0.0353215877107498
0.160447195580422 0.128246550967227 -0.284654779666503 -0.0317797950366805
0.146805491429488 0.0199928336193374 -0.35200006645516 0.123008159105121
0.0686011534789965 -0.0698941503692999 -0.187930540139988 0.233501133868069
-5.06033522639556E-06 -0.0600685916949884 0.0244447125765085 0.188265409023735
-0.0295611162116473 -0.0308991421348242 0.0988054318352788 0.0741192077037259
-0.0363045511198388 0.000636402473870526 0.0812900375666395 0.0151239715075796
-0.0384746407661583 0.00985200036568981 0.0590880520703482 -0.000947274953286349
-0.0453497743426935 0.00708209591438621 0.0344366999822216 0.00513153390507589
-0.0600533425782292 -0.0222152465376728 0.00808257912032069 0.0387038095289603
-0.0510094211044713 -0.0555650782637492 -0.0511024037194054 0.0858909679222533
-0.0243988462534425 -0.0996464255873188 -0.158237075821975 0.0567281474888309
0.0588642668251744 -0.0872789434008698 -0.184525762452145 -0.0589657479320041
0.0972856522702974 -0.00227110208546849 -0.0666321579117873 -0.166717336428394
0.0723244712052588 0.0353347627076254 0.0899201469880273 -0.019166531807539
0.119809818343852 0.125779655651947 -0.100320799510592 0.00639533297824357
0.217267054250726 0.104979866741588 -0.306458522589795 0.0480066539285434
0.186574003224062 -0.0288792575663875 -0.265293603504366 0.254705521368269
0.0707226196311327 -0.123982052791802 -0.0610597631419171 0.28654875809849
-0.0155723058646761 -0.0938198301240759 0.092838866886582 0.163267477881798
-0.0494751015785591 -0.0457242482828583 0.10460639129808 0.0503165694114005
-0.0554350389633104 -2.55383749277302E-05 0.0660289862447186 0.0139171709086458
-0.0520970993559939 0.0126414466577512 0.0399649853691255 -0.000414408180103386
-0.0598265877977989 0.00614610413495674 0.00208787522036048 -0.00119879038435218
-0.0773747527512918 -0.0379517183068146 -0.034803955465816 0.0190107025579633
-0.0611271029030977 -0.0904224378603135 -0.0964396873879527 0.0415442258751183
-0.0130792810624032 -0.147168041159467 -0.176754848317697 -0.0274255605916107
0.104952555511715 -0.115886653465396 -0.149412269023179 -0.153539938879576
0.154264909887161 0.0086059250420397 0.00486003288784517 -0.214496684831169
0.110257439594206 0.0636636947728281 0.1049175356472 -0.0240247298200096
0.122080508656086 0.0997176061441358 -0.131851467719804 -0.00365423820667275
0.211132384527654 0.0557529655479263 -0.255007125630297 0.145620816451101
0.173019890520287 -0.0740233667920571 -0.095863121114086 0.309383551992884
0.0492030346064364 -0.15828997723075 0.0861444433179428 0.247261126069824
-0.0360930362036931 -0.114858011588319 0.142023771042559 0.0948818556154157
-0.065720189665654 -0.0538280105842109 0.0945597715965264 0.0161046295550855
-0.0672841952868283 -0.00260213434328622 0.0432565809389432 0.010504284306299
-0.0574866220959194 0.0119734079118779 0.0134041501754132 -0.000310999874447447
-0.0626355757603404 0.00360964878738422 -0.0331656194805536 -0.00703355987274783
-0.0775361798439471 -0.0489977282245099 -0.07406109870638 -0.00684292867615568
-0.0528491538463891 -0.111792676620344 -0.126488407266587 -0.0256792373368722
0.0152172400006804 -0.171933204569091 -0.15250970733436 -0.13989033001592
0.156290210495121 -0.12102502219817 -0.0541870462067164 -0.254733963081835
0.209218437576958 0.0316078883812873 0.113105009448871 -0.240039314645695
0.143160918908479 0.0982987492791112 0.115726952299774 -0.0293661507706983
0.0991127581600073 0.0653477744643254 -0.142356959570242 0.0015103822470197
0.16506057006957 0.0213062027873478 -0.146230433657609 0.202236120878414
0.13125245042131 -0.0879693461455203 0.0696162477659887 0.255792237355633
0.0222671395809945 -0.157400911254782 0.179926033762979 0.131024106050874
-0.0516363403213502 -0.113890409880981 0.144296061158181 0.00481309235020307
-0.0736516108651338 -0.0530703563761883 0.0629659536035427 -0.0194405794323724
-0.0699267575057137 -0.00537748285732609 0.0131433940072302 0.0029722228163182
-0.0540450489285394 0.0091756261533696 -0.0154586846640002 -0.0012087430616569
-0.0558180078902703 0.00173540532073284 -0.0616116864531666 -0.0114035302697909
-0.0649672659234739 -0.0502739775717301 -0.0932653820678575 -0.0347536386596706
-0.0321821000390146 -0.11130134029725 -0.113502537900053 -0.0970166381299901
0.0536910923052144 -0.161376678828743 -0.0568743268945481 -0.228996058856532
0.198304966275184 -0.0876082882636937 0.100279379738849 -0.295636867437792
0.239757531214228 0.0763870471452055 0.227569918457719 -0.208936944547604
0.156212388327475 0.132201493639027 0.11463625087002 -0.0390382644108069
0.0652592521067293 0.0380957784957414 -0.133886318851095 0.00809372032493007
0.109305118207548 0.00803246969002039 -0.0391095720696838 0.204001120440243
0.0860408493491333 -0.0722712546009726 0.168183440394677 0.150690221842618
0.00489035779734329 -0.124702373861226 0.200119643185592 0.00714938219543864
-0.0516863233286506 -0.0912656973600698 0.106453563514381 -0.0717394580824123
-0.0666597726788047 -0.0431381689115925 0.0174293154032914 -0.0480258321169582
-0.061046378969116 -0.00731471401115347 -0.0191131799110957 -0.00743895252590949
-0.0436372851228169 0.00552040209190118 -0.0418972214543375 -0.00234180801457013
-0.0425761496583697 0.000607243886434798 -0.0805037649687225 -0.0135265488081045
-0.047028964746642 -0.0417825464562014 -0.0939094133700864 -0.056952889114884
-0.0114736040953485 -0.0916834030469675 -0.0626245398376324 -0.145757308184474
0.0795653148979165 -0.117720722095134 0.0777790086885566 -0.243009337075865
0.198209318333897 -0.0229461733639105 0.251919088050203 -0.232284985849167
0.216093864387393 0.123964020872039 0.29968678277623 -0.126465634181442
0.134693579409865 0.143891886800532 0.102128320328212 -0.0568956031439708
0.0315462048091602 0.0192130468555288 -0.119816559689675 0.00886006097409679
0.0575947834648139 0.00368917791752002 0.0309371950431733 0.180656318429459
0.0442420302715442 -0.0424312763102844 0.204065956051723 0.0628899320878378
0.000334395107179332 -0.0726014699927816 0.183037437891218 -0.0757239108081356
-0.0340558469894846 -0.0550687394232518 0.0612070297733493 -0.117227001906001
-0.0438369173640034 -0.0272325063810592 -0.0229246099205968 -0.0659734747676673
-0.0401683140344222 -0.00876749298928181 -0.0448483901062498 -0.0165502804692777
-0.0268361974554445 0.000835762269123743 -0.0606415102553173 -0.00394049832102014
-0.0248568776978546 -0.00165234080399806 -0.0902241344092467 -0.0148995141573004
-0.0276346724450372 -0.0268201824065453 -0.0855291673513161 -0.0720853988276368
-0.00155952894165789 -0.059200136147816 -0.00812217449845222 -0.162909995817661
0.070524656063581 -0.0601694311714499 0.181454610413274 -0.19111130077621
0.135113022043541 0.0265144006334991 0.331795717997249 -0.110138066786478
0.132993613450065 0.123830457674864 0.316632073589614 -0.0373221263564893
0.0808311097613256 0.109879972792645 0.0877804017131302 -0.0779404563316384
-0.0276057806968935 -0.0116468485941065 -0.0293957710200633 0.0714184824743736
-0.038971964164855 -0.00209558673269505 -0.223669472716086 -0.043768532063448
-0.0316762762431738 0.00718302798051669 -0.336397193130766 0.00296961026254596
-0.00758475277211059 0.0176778730887946 -0.244159991034699 0.143754901853322
0.00533690505309779 0.0142323558183363 -0.0270716716402883 0.175470423605481
0.00728151472225051 0.00516508581079812 0.0870742582363303 0.0800941795053599
0.00958334046793367 0.00046621199908903 0.0893602760805076 0.00913532123222059
0.00533496343013424 -0.00018709344259297 0.0674244207010127 -0.00780584124292683
0.00863210142738816 0.00198500544574967 0.0557509329755261 0.00758796349757594
0.0111027284923035 0.0103585554384245 0.0367515942786739 0.0497662363908291
0.00319839472034266 0.0223087194131742 -0.0196842315153496 0.109836917395944
-0.0150577478186853 0.0149433318957353 -0.136177740833539 0.102053340040876
-0.0187929613215097 -0.0144955809650974 -0.190541837293014 0.0046554395199554
-0.000166953060494324 -0.0206585728696079 -0.102364036642873 -0.123127092047456
0.00633339834909715 -0.00108013134280247 0.0816657826993999 -0.0243443107186537
0.0346002782350857 0.0654971552919777 -0.0322319967302441 0.0653104710757219
0.0654098774247683 0.0813020740409051 -0.233585846398167 -0.0530755079808362
0.0640729346994436 0.0280342070950534 -0.346067404611447 0.0188279813346972
0.0358256333332734 -0.0195277591068616 -0.240543057731907 0.157969120213335
0.00374292033569914 -0.0214394368141489 -0.0203501136717981 0.179083090462331
-0.0110944332037093 -0.0116088319117579 0.0894352260768754 0.0799343783473396
-0.013110667648204 0.00137248542271026 0.087195970856339 0.00995284735506374
-0.016213322632543 0.00616059684229881 0.0648562164943529 -0.00696610966997735
-0.0189590398217007 0.00627990682063822 0.050052078481307 0.00593726864812221
-0.0269088823912059 -0.00331295130899958 0.0322043079959082 0.0448449357962199
-0.0269892091113091 -0.0141439408327188 -0.0205539852966188 0.103425293607504
-0.0238191620835832 -0.0395131966979856 -0.135604841985178 0.0972263693561293
0.0148385400008515 -0.0498230349063614 -0.187510272501822 -0.00347430742612705
0.0442224548060567 -0.013641539232272 -0.100495928643914 -0.130271824590525
0.0371585628944075 0.0122754819151409 0.0808240709992962 -0.02581008527761
0.088208361775317 0.115870440972582 -0.0587388598632139 0.036790048445189
0.161402057460448 0.122145159064486 -0.278942030551007 -0.0281656985940897
0.144135001592253 0.0169311648000205 -0.341985191330085 0.123209260757234
0.064791521320084 -0.0689109046202959 -0.182446010171294 0.229790835987116
-0.00279009070151492 -0.057735848304803 0.0270268387749101 0.18314992722519
-0.0306531226232882 -0.0284417059835496 0.0978407057939408 0.0680690490524579
-0.0345506454297958 0.00311324141887765 0.0793774695016123 0.0108480365944366
-0.0353304517544617 0.0125254907081888 0.0552025992750375 -0.00492495261304754
-0.0422807461716031 0.00946957075072657 0.02953241793845 0.00266674955123149
-0.0579296861488199 -0.0180434547322828 0.00470498196367724 0.0343129585206571
-0.0512749389764943 -0.0509702714103383 -0.0510085148255208 0.0818729752411193
-0.0280955882229126 -0.0942481127863101 -0.155638772627082 0.0561007673831262
0.0518818507776903 -0.0866049192649034 -0.181652660658468 -0.0570720717840655
0.0941039895491229 -0.00722073297353353 -0.0679120563161025 -0.166430873053078
0.0720599214420024 0.0311543101872848 0.090403143813102 -0.0280917305247935
0.12091186670908 0.121755691411966 -0.0998400119172218 0.00943533345973577
0.216287321741289 0.0958038498327546 -0.302468412583145 0.0515699675158332
0.180907549906539 -0.0323534360783909 -0.256848745115338 0.253932921509269
0.06420109741332 -0.121364073344779 -0.0561512106450756 0.281481193525364
-0.0188871438325798 -0.0893417627569643 0.0949813957333574 0.156962383901659
-0.0497977609647809 -0.040645164684588 0.10344971943458 0.0451094464370148
-0.0521430995565315 0.00402784492438573 0.0646681634415957 0.0109261703006642
-0.0474751659280861 0.0161320472264631 0.0374763480813795 -0.00348018339012284
-0.0559143323531609 0.00940855815307802 -0.0011769998423024 -0.00171809901167043
-0.0752320741058584 -0.0323001975261994 -0.0371108956241136 0.0169246052608892
-0.0624189496429542 -0.0842586339624113 -0.096420939336361 0.0398547592101662
-0.0199725477198895 -0.140518647058946 -0.175284982516298 -0.026827926803828
0.0954671481605744 -0.115934470623368 -0.148889481752379 -0.150889299231109
0.150124385327076 0.00129331976982187 0.0019945709999089 -0.214683071566946
0.109995307836584 0.0573453651648472 0.1055091526258 -0.031469085109603
0.121702574727066 0.0948607898468628 -0.132239803858907 0.00145236030648973
0.208448924058647 0.0464022085160591 -0.252358109577579 0.14885722746969
0.164854692942116 -0.0768154537709961 -0.0900620391107411 0.307862077965102
0.0412164052850657 -0.152848888486222 0.0888394088489133 0.243296205632704
-0.0394715359181033 -0.108212900425701 0.143203208334688 0.0897977442763011
-0.0653860896089052 -0.0473503440383182 0.0941382101358279 0.0134605867355059
-0.0633237870009651 0.00240388344023981 0.0436071888879512 0.00929766032402277
-0.0525861523256481 0.0157974000528744 0.0132324644675963 -0.00218860582240281
-0.058114989133305 0.00782238906792356 -0.0344025495136875 -0.00602984388978327
-0.0762532862089268 -0.0422816190468976 -0.0741966432752274 -0.00632035573025204
-0.0554286645472791 -0.104546548904549 -0.125768103790013 -0.0250279675977133
0.00748813523994492 -0.165361680322894 -0.152248543194976 -0.13743066467367
0.146318137599077 -0.122831106757812 -0.057097987272798 -0.251439928258322
0.205195048331594 0.0222999810103956 0.108292006106293 -0.240602179871786
0.143591985430681 0.0911638932346512 0.116349009140119 -0.0355701694472769
0.097919771496605 0.0610370611139088 -0.142597880711728 0.00855899596397474
0.16114291630227 0.0138332386345972 -0.143951556059177 0.204509642923837
0.123213138426586 -0.0889576210245937 0.0713495660490464 0.254230130967122
0.014686730404563 -0.15092558790642 0.179083628207179 0.128998734258995
-0.0543421871985097 -0.106240015188309 0.144580828525551 0.00295991174427979
-0.0720168174383824 -0.0464104759284898 0.0632820942492699 -0.0188379254136852
-0.0657223615912765 -0.00024706940503869 0.0149794410733514 0.00419139628507577
-0.0496390578037882 0.0126898526677845 -0.0141628893747102 -0.00103446663595968
-0.0519611941396194 0.00606318113926124 -0.0609079891239581 -0.00874243997914138
-0.0646880471954941 -0.0439419860477636 -0.0925934856833906 -0.0317839353841495
-0.036101556437118 -0.105149174007428 -0.112549533698749 -0.0940243666668297
0.0453608426377186 -0.157087390825066 -0.0584715705594738 -0.224755829345723
0.189866620066809 -0.0911857689847908 0.093989317961205 -0.291122593535942
0.237768268295384 0.0667333499766304 0.220055648237188 -0.209970392943141
0.157065754442289 0.125110590785945 0.114606721425875 -0.0436149858378586
0.0633726843675996 0.034820318766945 -0.134243854050575 0.0165542893895862
0.105852318705948 0.0024645421356472 -0.0364025652385933 0.205542333926117
0.0794471303352056 -0.0722128363100296 0.167089582226459 0.149071288119059
-0.00109195713053155 -0.119396037426912 0.197339787714736 0.00737449694844767
-0.053368295704947 -0.0848963837449535 0.105931976617821 -0.0703731879884451
-0.0647800461833355 -0.037244726590978 0.0190258862579553 -0.0447140435689087
-0.0572209196305964 -0.00279309532241498 -0.0157803903182068 -0.00394898521590013
-0.0401758014630325 0.0087461106710863 -0.0391806963705626 -0.000237870968634592
-0.0398917888257018 0.00403333946080587 -0.0782226195382665 -0.00935491414630134
-0.0476897781403052 -0.0370888319278849 -0.0928594381613881 -0.0525355208868847
-0.0158606557704321 -0.0876082300809154 -0.0629323545286131 -0.141781098455735
0.0731432319178384 -0.115884654156552 0.074427928320031 -0.239331889896547
0.192261126498044 -0.0275322504917157 0.243038550799861 -0.229318810125944
0.216547728670884 0.115007344142398 0.291042443994625 -0.128215977560376
0.135777276854367 0.137962966791346 0.100559230602014 -0.0599283276515838
0.0305939160029515 0.0171500556388447 -0.119898883734322 0.0182522910663494
0.0556722802652311 6.32989854152277E-05 0.0335543587190313 0.181425818128934
0.0408020795679662 -0.0416418915361767 0.19982141708686 0.060787579947069
-0.00294898050853323 -0.0697530733132209 0.178694710666282 -0.0741008793446828
-0.0352011862245911 -0.0510003433117619 0.0607241952691846 -0.113164209683179
-0.0423451163211177 -0.0235915418049048 -0.0202484132101649 -0.0601349967497508
-0.0383986910360584 -0.00528082940931833 -0.0401891283237585 -0.012599920403265
-0.0250189176618522 0.00300528181247129 -0.0573713844843318 -0.000475897260937996
-0.0239887994866078 0.000944009584435467 -0.0876871731883979 -0.00962900720988691
-0.0287837859470485 -0.0237795510927776 -0.0849327016330483 -0.0665861573979943
-0.00414225322710672 -0.056952878724964 -0.00994877685105809 -0.158745150193589
0.0667200706592454 -0.0598019352432267 0.176199910672382 -0.188812953497517
0.132854554649902 0.0229613490770823 0.321007065580376 -0.109475406175966
0.134550864615291 0.117739541470682 0.305990778782855 -0.0400808872260406
0.0831544834215327 0.106018377081735 0.0852301344279899 -0.0799705908400049
-0.0258617161551125 -0.01646822529369 -0.0421088323653915 0.0666510799165285
-0.0350524281637778 -0.0109471475410056 -0.205872040032586 -0.08853158118085
-0.0291842559508445 -0.00212285316098756 -0.324414338639265 -0.0693577668442852
-0.0090267868601044 0.0122390132972009 -0.267820974490434 0.0876538061916198
0.00265206758503312 0.0120478762416556 -0.0614452685010599 0.164073130881819
0.00541811921597456 0.00494020433120342 0.0694031872233029 0.0940356818917374
0.00871479572362897 0.000301702656207392 0.085583118083605 0.0244471232035457
0.00473463020604745 0.000296542050963317 0.0643273883156684 0.00245280413879099
0.00677117182210983 0.00284300354990357 0.0488098219725008 0.014705631589009
0.00839261317937175 0.0110689674802915 0.0214146519772315 0.0508650020235997
-0.000810618571888712 0.0218329905621892 -0.0429890390038199 0.0995270315908962
-0.0165552595978177 0.0120369379362855 -0.156477480171298 0.0689932708353871
-0.0162855769494499 -0.0170382261375135 -0.188737914027062 -0.0371260221823136
0.00271673275053952 -0.0190436343849489 -0.0749869606798338 -0.148799294053227
0.00685031570566518 0.000489956525957664 0.0911821823080983 -0.0155840260054253
0.0198452973527516 0.0700880842842486 -0.0434193569463879 0.0612993317416383
0.0505638642663228 0.0868256828595534 -0.218442214085907 -0.0955925943766885
0.0593390205719155 0.035186655417538 -0.336924907809867 -0.0525539933188116
0.0390351640121286 -0.0148284636669126 -0.266702235672885 0.103720050303268
0.00671939880272902 -0.0221906744855716 -0.0544713420317013 0.169258523281342
-0.00962736013390001 -0.0138695437667719 0.07275419559486 0.0933973837492454
-0.013371830293236 -0.000887653744019185 0.082620083182136 0.0245132313403058
-0.0168576920851623 0.0039530896363711 0.0617807905147247 0.00204591510701596
-0.0196952590308882 0.00271202335162689 0.043203275092937 0.012546821842576
-0.0246179072058527 -0.00775031520348574 0.017638177424798 0.0445342219358642
-0.0227832406993412 -0.0187304126605674 -0.0437263463808041 0.0920152888913158
-0.0148855558079373 -0.0409434412944414 -0.155282314826338 0.0626839508737753
0.0225822059833202 -0.0450649831174036 -0.183669082190289 -0.0458884851013684
0.0440327029378203 -0.00530722625868603 -0.0720339015193028 -0.154836935965923
0.0343896020114135 0.0186285527901789 0.0913030634396736 -0.016681017761087
0.0622939578681285 0.129134499184107 -0.0647385758590517 0.0285077140616535
0.136592516952496 0.141677049077322 -0.272275418238646 -0.0769749185908928
0.137171144128844 0.0390437310795936 -0.356058833207747 0.0527338721496993
0.0734148133803669 -0.0567047596999295 -0.223189780302661 0.187008622947412
0.00593569123775844 -0.057330109608522 -0.00808259539148666 0.182387671727693
-0.0257213395002083 -0.0321279079161186 0.0843011515924543 0.0831217628658677
-0.0338189718204874 -0.00216421887557818 0.0748382586379475 0.0242674600617082
-0.0353925910461349 0.00757109440457415 0.052664154638801 0.00296428970262466
-0.0412045106404205 0.00210172546988484 0.0243103780595912 0.00645940094577683
-0.0513099685046217 -0.0262976807670295 -0.00727963826137804 0.0293766842787656
-0.0397136446897157 -0.0579626048504832 -0.0704138481648105 0.0637266773478293
-0.00926343545529923 -0.0927978244516425 -0.167162933966616 0.0162390396823374
0.0653469022272647 -0.0732191040966092 -0.165484888581579 -0.0980189647816043
0.0909888640628291 0.00950288802254716 -0.0316210598975055 -0.18317772046059
0.0641612336364751 0.0432636438584486 0.101833313080661 -0.0156762368935357
0.0938217832057416 0.139982669462249 -0.100657539777795 -0.00534499119640532
0.193026787177713 0.124124552614531 -0.313139043688588 -5.39933617298143E-05
0.178547128876789 -0.00349272805929838 -0.299685260472974 0.200371707122963
0.0791160522563069 -0.104489005542499 -0.108783438916839 0.265714711854365
-0.00492152708326738 -0.0888418182958303 0.0637998088571084 0.171693999391182
-0.0419473384039465 -0.0463589404339278 0.0945789271214705 0.0623698708685412
-0.0497374973473329 -0.00306657879924613 0.0615176360549096 0.0227572982600891
-0.0469340130371247 0.00933638286784428 0.036368671449441 0.00173050497065316
-0.0537863523946478 0.0010894998316909 -0.00383758114902436 -0.00335679779051623
-0.0651289438380442 -0.0424704692941306 -0.0429955261716451 0.0049811154363725
-0.0441220816098308 -0.0911612111065917 -0.1054936811298 0.0133448733562353
0.00702808720184574 -0.134378475439096 -0.168603565561408 -0.0702618731682475
0.11348108037551 -0.0931333235888425 -0.112647319256901 -0.185949644356669
0.144169753828682 0.0275070999328225 0.0494017559055821 -0.215584934213037
0.0962359823529471 0.0767872517305848 0.118973545667381 -0.0147773552801062
0.100123975438926 0.114096533533596 -0.132736598606361 -0.0190242338255834
0.19197532725556 0.073440409009711 -0.282190541526457 0.107114157112087
0.167821369063545 -0.048105154904285 -0.148875440886338 0.28888021180821
0.060325516339173 -0.136476558550311 0.0425403566907875 0.258371893707601
-0.0220513838954435 -0.1084262937718 0.125133356615001 0.116300335129903
-0.0549565597593097 -0.0546557876181993 0.0920902205949171 0.030551812038893
-0.0598459850936819 -0.00588086350234077 0.0417891161502702 0.0176091701628024
-0.0515333196442224 0.0080713926214369 0.0134101614565257 -0.000417491779141688
-0.0555945457661718 -0.000822711491242946 -0.0337771562252205 -0.0129427569860484
-0.064858900924666 -0.0519238032406444 -0.072965603627037 -0.0239653400191294
-0.0343855530689767 -0.109448152963186 -0.119469784397211 -0.0549686536825577
0.0372928986767064 -0.15330764327904 -0.120771706703661 -0.174327892662367
0.165406542029865 -0.0899328933258433 -1.41803813904984E-07 -0.266137326208892
0.194856729748037 0.059144253581244 0.161296087521792 -0.21779258779776
0.122558376814193 0.117585110847199 0.13020318806573 -0.0140773842730917
0.0831254539520045 0.0753693053416535 -0.144823641070104 -0.0133852741154792
0.150032949251141 0.0340667099205108 -0.185787784665045 0.182338253588644
0.127556447025469 -0.0646185439659073 0.0200080052237969 0.268078078768796
0.0346222505694275 -0.13693496955571 0.153057666338289 0.164687570731627
-0.0353856980415024 -0.107676750387299 0.143738246733157 0.0326399566212739
-0.0601397070919581 -0.0543684834139917 0.0698057295442447 -0.00500978119666946
-0.0613222407867504 -0.0091775675671161 0.0157113504974868 0.00838097282062043
-0.0484320037487277 0.00591505121840546 -0.0126961403387151 -0.00377550235984012
-0.0494206982886307 -0.00146138382444221 -0.0581415573239388 -0.0197477892321045
-0.0543452530756183 -0.0514266512416926 -0.0840868819521321 -0.0505658494589643
-0.0157458991830985 -0.107068495677703 -0.0906286451802545 -0.118968563371759
0.0720107174780152 -0.139534570945369 -0.00714080688552289 -0.239258253823148
0.202281479506721 -0.0503848326283745 0.15877876744829 -0.271921844380778
0.218609907050772 0.109445234630423 0.265214604980135 -0.16117709797445
0.129145205861023 0.154432982772409 0.129430290377716 -0.0210646253940582
0.0551704731762594 0.0428198479798215 -0.138466004557545 -0.00287917432471311
0.0978562559323769 0.0154303282313874 -0.078359508860916 0.203329300331476
0.0835247993784492 -0.0547866257672654 0.132839830868511 0.183597159811778
0.0157232238877848 -0.109139759691485 0.194493537073623 0.0495434538619031
-0.037272472392763 -0.0864911885865203 0.120647685475082 -0.0452945068511365
-0.0541436327206726 -0.0444707642940409 0.0322800000976748 -0.0373999767079201
-0.0529332764238577 -0.00998786997348264 -0.0118722151042294 -0.00492841019546469
-0.0390343823111708 0.0036030746800754 -0.0362038057186847 -0.00692144052456199
-0.0382622705636286 -0.00128330758975051 -0.0743097298258182 -0.022846704065228
-0.0400534032019571 -0.0423228480614789 -0.0793148386542227 -0.069012549468848
0.00038759969002352 -0.0868260308662336 -0.0316682378162072 -0.152949158234583
0.0906480789137512 -0.0962409910090209 0.127004866135754 -0.221430249857661
0.193538683952734 0.0124277433379558 0.292368645298142 -0.175794696718708
0.189744816430752 0.154198500744102 0.315475992301307 -0.062757865132536
0.105473102355265 0.163696622968581 0.117329606205748 -0.0401542764714357
0.0257450500660179 0.0202617811601395 -0.124592256072153 0.00279126477847988
0.0504400494169693 0.00723042242566969 -0.00324287164106846 0.191193339672947
0.0428966090937632 -0.0310924681675537 0.181917500762248 0.103213263888687
0.00698325292357062 -0.0633877788564315 0.190188978827013 -0.0345475773131101
-0.0245429221047261 -0.052038452515774 0.0839221056333321 -0.0954757998361763
-0.0354275902721194 -0.0276661066030679 -0.00343868260762051 -0.0588097776265886
-0.0349216636676367 -0.00978645402080277 -0.0340070352766796 -0.0176557512936199
-0.024432830788293 1.58987203648796E-05 -0.0532260947589475 -0.00926758239615846
-0.0227607294700775 -0.00178970810298722 -0.0827153478256477 -0.0240661664410426
-0.0244005360694705 -0.0269665090522545 -0.0687578453671583 -0.0796780451899756
0.00609136237221912 -0.0555537886611588 0.0236306721931601 -0.156857147113364
0.0748112503051113 -0.0449756562111448 0.216137106781774 -0.146572323606835
0.125541061117748 0.0494398060154721 0.342097477081337 -0.0382631845204776
0.10860791437411 0.140967077228454 0.309269692125188 0.0277325407640471
0.060185588385771 0.121970540093442 0.104887400554014 -0.0635999487022492
-0.0272998507849071 -0.0148247210129575 -0.0390813034296817 0.0693050378636122
-0.0360175853541191 -0.00964820728386116 -0.201318725710347 -0.0856237134185944
-0.0291983074349735 -0.00100721869266576 -0.320470726406258 -0.0697241151435921
-0.00857736992432452 0.0130092133661617 -0.265009261610798 0.0867487167426481
0.00361517436071438 0.0116800793983391 -0.0595505696326929 0.162802870625916
0.00553870973532802 0.00411413177702022 0.0714908881560675 0.0894536689560321
0.00816050981239982 -0.00131395410106538 0.0843928604239704 0.0186386028887651
0.00439453435084771 0.000273215298591423 0.061464999257041 -0.00249327597416428
0.00542719596274318 0.00175543909657185 0.0439982350794614 0.0101649708547188
0.00849396931357304 0.00997030856175867 0.0182403261524172 0.0450404874695154
0.000144138824292122 0.0210453466864882 -0.0426332454423264 0.0955216977072447
-0.0155296499054867 0.0119514444323219 -0.154978657589883 0.0692155318981978
-0.0169971113482263 -0.0162073460949702 -0.187091272714089 -0.0352735740934941
0.00212730662177474 -0.0188479226018072 -0.0769302735179194 -0.151240131566282
0.00688726945487343 0.000611894824984898 0.0937167734257086 -0.0269293950669224
0.0212454668936707 0.0701464236412751 -0.0418357686691914 0.0640562943296722
0.0520096117443919 0.0856296493965008 -0.21455667732729 -0.0925114974377787
0.0593632108224679 0.0337374570653064 -0.332264167328359 -0.0512591218089043
0.0390273355828431 -0.015246195662916 -0.264293047032995 0.103077356900713
0.00614910699068942 -0.0216594383464651 -0.0524641541547422 0.167056384066549
-0.00997829507172618 -0.0130740108330899 0.074220052323466 0.0880510657321788
-0.0135055283520873 0.000198590070088425 0.0817584808405018 0.0191375771532265
-0.0154294841129287 0.00531336426977383 0.0584688184256136 -0.00272555492807286
-0.018733015604149 0.00391440396744089 0.038683998506254 0.00912490114421671
-0.0239544587859635 -0.00599744183063399 0.0134708403953866 0.0396328362852576
-0.0227312883288777 -0.0171525275777873 -0.0448966425984876 0.0879307606100868
-0.0169621543910804 -0.0392658345701506 -0.154611766144882 0.0626259064649723
0.0188198043701405 -0.0451820367714623 -0.182702077962106 -0.0446172468867819
0.04222000218182 -0.00785902530717464 -0.0737115572014461 -0.156875148945919
0.0344870595812913 0.0161927182681333 0.0934575155912725 -0.0280635585444412
0.0659964576168869 0.128329187536696 -0.0642286188048238 0.0311642665738568
0.139471854905534 0.136697639970547 -0.269110067951313 -0.0729018029312476
0.137341367745554 0.0356949749501104 -0.352024628561782 0.0549468851358449
0.0709474459740307 -0.0571586004749288 -0.220060452062447 0.186699013299669
0.00371142829127317 -0.056260908341351 -0.0057926309923148 0.179114525937899
-0.0269557020324303 -0.0297414702283907 0.0852284036849142 0.077445414372723
-0.0326723071006166 0.000958651725784393 0.0742471557531455 0.0201661585325626
-0.032785494491039 0.0103871963506659 0.0501017880406274 -0.00134020125578004
-0.0391238684923573 0.00537350947916673 0.0207858022053221 0.00362322483996423
-0.0499152343403989 -0.0218182407587303 -0.0108890164036628 0.0252626992393322
-0.0407775563422433 -0.0543651718390641 -0.0712380076910127 0.0605659411295632
-0.0140904128187063 -0.0889847274840701 -0.166461709040439 0.0164780458515191
0.0590315267783315 -0.0742916244947673 -0.165962481912012 -0.0978908496202078
0.0888815972791568 0.00410169720157343 -0.0338711287773113 -0.185471212157649
0.065178108168493 0.0385272242782544 0.104887470448993 -0.0256965406470589
0.0978336007101002 0.137486781003637 -0.102325191394661 -0.00161479460436197
0.195161279734593 0.116194144484183 -0.312284637269022 0.00541053844291478
0.175876169717116 -0.00802259316541772 -0.29454120036121 0.204011259333363
0.0738517665770335 -0.103904336346359 -0.103780478167895 0.2647604579309
-0.00907606934890169 -0.0854725228906445 0.0666247575888806 0.167104730388075
-0.0430444567551655 -0.0420381015255835 0.0948258608611762 0.056907514575728
-0.0474083475882752 0.000886671372934119 0.0620139066394986 0.0196030329115303
-0.0432279170115911 0.0128361300433292 0.034671787639527 -0.000879434196210598
-0.049955109682103 0.00488095428429909 -0.00648099358357631 -0.00361977016213011
-0.0641382164893998 -0.0369493832102927 -0.0457035884883677 0.00319114374319304
-0.0468876657976184 -0.0859925370586733 -0.106539338494912 0.0121492967786514
-0.000310931401551584 -0.129871538556926 -0.169325540252983 -0.0693755029204807
0.105181932368431 -0.0957055489423779 -0.11533143109038 -0.185108882613109
0.142527977865529 0.0195828908331566 0.0465364575927803 -0.219994146330741
0.0980867747555661 0.070184751995365 0.121808654888771 -0.0235220168562815
0.103341180156232 0.110261097780603 -0.135443857267054 -0.0139113507010261
0.191978246578036 0.064915686771867 -0.28217256345465 0.112073016421837
0.161851718681255 -0.0524384238158897 -0.143383286418462 0.291660746914595
0.0528265785104603 -0.13387672180669 0.0460979353597304 0.258329054727959
-0.0260671386164314 -0.103258241710176 0.127842242933223 0.111694265358873
-0.0554256735245995 -0.0492274421970022 0.0923883034236266 0.0272889968357232
-0.0564272949907632 -0.0011761124775891 0.0433763422196978 0.0170371661634426
-0.0474083936803771 0.01215771566892 0.0127567275418479 -0.00176622242046179
-0.0518201124587786 0.00409831800287658 -0.0351224538953491 -0.0113636638156303
-0.0645824856632503 -0.0457680568212836 -0.0739165843512434 -0.0233928226101194
-0.0382496261588667 -0.104383645092114 -0.120686472257191 -0.0539155503546165
0.0285679343484195 -0.149868482661197 -0.123753200414087 -0.17294866716954
0.156731791807333 -0.0943063954348374 -0.00392459429066174 -0.266652177371739
0.194273198366831 0.0495229925795219 0.158161570377304 -0.221965126838958
0.125857178814734 0.111278340909027 0.133362343891801 -0.0217516376533945
0.0849773584346883 0.0718965811077166 -0.147980463243617 -0.00658450072149708
0.148582604623492 0.0262150649888038 -0.185338866429101 0.188599960541571
0.121055954931329 -0.0679424831023451 0.0245992399265523 0.270098357522013
0.0274950767341982 -0.133131273124139 0.156063174227259 0.164355203905348
-0.0390028767506371 -0.101614888648083 0.145912658512109 0.0295584322658196
-0.0598644145145211 -0.0483835890760379 0.0711017110267182 -0.00616326282611673
-0.0579268738226559 -0.00358945820831136 0.0185893174101471 0.00931950537904689
-0.0444978526433424 0.0101250039650575 -0.0115652410537363 -0.00339799357498679
-0.0461098589762486 0.00331997449522407 -0.0585604361709728 -0.0169013497788634
-0.0555578523542568 -0.0457360477265668 -0.0842904398543022 -0.0483393568288744
-0.0207441625296454 -0.102344153721202 -0.0916144428883931 -0.117017093875233
0.0643033704579224 -0.138012983798974 -0.0110140104241047 -0.238570780881263
0.196518693570715 -0.055896046754379 0.15354635641551 -0.272606006211977
0.220556010489519 0.0995186937909479 0.26141028958575 -0.165920374788237
0.133496119972195 0.148701668237879 0.131877297744078 -0.0273818385058765
0.0554017352064973 0.0402216532650042 -0.141384161681365 0.00572575821915302
0.0962079571982165 0.0101483832001152 -0.0772781964808832 0.208380553821263
0.0782234373391574 -0.0565102948449932 0.135358985307771 0.184172276270667
0.00939189688075485 -0.105855328588713 0.195133520982925 0.0487983925876933
-0.0397245766404849 -0.0811811705409215 0.121573442176853 -0.0458164514984146
-0.0531149946357039 -0.0396569645243213 0.0344131097890311 -0.0348356532021323
-0.0503839006753743 -0.0051771358499419 -0.00862225976851451 -0.00166445053627671
-0.0364011255578746 0.00708288996101277 -0.0342528112953715 -0.00479464546839711
-0.0358794777532088 0.00325068741149627 -0.0735278840923092 -0.018811269514694
-0.0416203771358093 -0.0374668028168413 -0.0792879185548305 -0.0653378443681768
-0.00425283022078495 -0.0843645881256138 -0.0334041500352929 -0.151209592747497
0.0857674819713014 -0.0967219205717346 0.123739618979424 -0.221828434743051
0.190937023048747 0.00653907409950644 0.286276619710943 -0.177117704149735
0.192668466206842 0.145768507548618 0.310890082871001 -0.0671822537897408
0.110314226981437 0.159914874660152 0.117745957056828 -0.0450106957915642
0.0254489438354454 0.0194094184509242 -0.127448455298546 0.0129716135683148
0.049600355941856 0.00394135913232633 -0.000647737402592904 0.195302817314735
0.0399212542364848 -0.031531641583122 0.181979326903534 0.102219664017086
0.00350146031699152 -0.0612561953908827 0.189200213417116 -0.0345820381801608
-0.0257084387387842 -0.0485403481950951 0.0842231325504282 -0.0935311806298647
-0.0339799105301708 -0.0242570911070046 -0.000160727979708134 -0.054168435858796
-0.0333259621758906 -0.00624525811548574 -0.0298147304819374 -0.0128777373393236
-0.0226040933446396 0.00286492010326558 -0.0503696480528524 -0.00602844620200473
-0.0218300929676511 0.00134380076664042 -0.0818082085166685 -0.0189531812423254
-0.0256359011666183 -0.0240449583119171 -0.0699424306131317 -0.0751159986185262
0.00307284757630493 -0.0546771603505186 0.0210806282941372 -0.155321425039126
0.0719999655035161 -0.0464090462933308 0.213017451411526 -0.147759161429716
0.125211793780623 0.0453875698852936 0.336404895111281 -0.0397735957087322
0.113027557122353 0.13615630687112 0.303655995667623 0.0236661088526614
0.063980366120989 0.119406269071552 0.103185357917587 -0.0675052015085022
-0.0277135644515553 -0.0130043185665686 -0.0373023839830894 0.0717205257316185
-0.0364322184160585 -0.00860669410788649 -0.194841704099451 -0.0845272993872665
-0.028967987182999 -5.93060905858694E-05 -0.314787940435222 -0.0721667356843795
-0.00769548881119222 0.0135645143628362 -0.264755286131978 0.0835417179150137
0.00485155601909068 0.0110466726521162 -0.0596881304311126 0.160445830639979
0.00550066678204798 0.00352491694095606 0.0717991129884015 0.0849304331176833
0.00709697971553219 -0.00230451129989652 0.083106732537795 0.0140964187885259
0.00424848530940264 -1.38450426395798E-05 0.0579342375346115 -0.00689615190687031
0.00468495072523569 0.00198972827407926 0.0390568013566545 0.00691507613750923
0.0075517774585869 0.00906650851685877 0.0131496237939202 0.0400862560808781
0.000676142540929658 0.0196159159597219 -0.0436650326748029 0.091259554623685
-0.0149651277549263 0.0116658111956069 -0.15405255547938 0.0677468914803669
-0.0171675425830701 -0.0155580219930233 -0.184580306390669 -0.0356684281395198
0.00163576104921564 -0.0183012805828626 -0.0778456493314839 -0.154331813884423
0.0068696476291795 0.000392518904869586 0.0950727087773755 -0.0378520185253725
0.0221550180692091 0.0699445518590354 -0.039768256317162 0.0666551174976285
0.0526616185604067 0.0839299272795685 -0.207992121450995 -0.0920594744741412
0.0592705830767624 0.0335504765718882 -0.326962102946243 -0.0544229792919548
0.0388812719233128 -0.0156076227524141 -0.263724188345988 0.0996708108805277
0.00610406018376668 -0.0212439188878982 -0.0522319663294865 0.164248059357148
-0.0109131196572683 -0.0125268487557916 0.0748275124434947 0.0833628256054942
-0.0131742713340332 0.000838841334753943 0.0807321382009281 0.014743349160498
-0.0142377208461423 0.00615486639352538 0.0550296124104328 -0.00633154351054176
-0.0178660529507321 0.00523417328089686 0.0339462988278023 0.0058123554533808
-0.0228059398086951 -0.00447796270680134 0.00878477066117173 0.0349045624108259
-0.0225814907336021 -0.0152825106091983 -0.0464305259702142 0.0829490940114368
-0.0185722730963856 -0.0370726189284634 -0.153819266722909 0.061335764510783
0.0161165231290902 -0.0445838825239831 -0.181343808885021 -0.0446632290144465
0.0406075205000931 -0.0097434022606094 -0.074258062660155 -0.159407167958374
0.0341002178020656 0.0139466262672301 0.095442735065253 -0.0388040279630244
0.0682107552285607 0.127226322737387 -0.0639641081195475 0.0335098182744037
0.14019475064533 0.132488949964809 -0.265206049749968 -0.0724648266027336
0.136142918859775 0.0340996255987723 -0.347367217521571 0.0545451979081754
0.0688866854550051 -0.0566459862968309 -0.219207469387043 0.184466854498454
0.00187848371147599 -0.054537353960064 -0.00474064502992113 0.175685437612836
-0.0276570390098435 -0.0275538196605813 0.0847031266752424 0.0728933046637253
-0.031356949549111 0.00286669906443844 0.0737993133752479 0.016167488029341
-0.0294506415408135 0.0122228848968365 0.0472880766195467 -0.0047269800277116
-0.0362052220634178 0.00802732834127477 0.0169489661430518 0.00217709768551148
-0.0480863120440787 -0.0185879135321553 -0.0150427794365725 0.0217618162693107
-0.0411496112330052 -0.0510184271276257 -0.0733293337476241 0.0573706554784275
-0.0175854142468498 -0.0852594444043292 -0.166735482699917 0.0151005976966005
0.0532308897005623 -0.0738558396029076 -0.16492769743859 -0.0980449345022211
0.0861003702802005 -0.000205239327769646 -0.0346815506105429 -0.188474971197614
0.064262855376677 0.0342870921339463 0.107448592208701 -0.0358620103118974
0.100234741894114 0.135020713943552 -0.102928578490235 0.00102774193284495
0.1952056788813 0.109840466800523 -0.310687230321223 0.00654313979089838
0.172633139731229 -0.0108227905537525 -0.291022838610674 0.203723503004647
0.0695922843496964 -0.101987524861151 -0.103033524386097 0.263653769074559
-0.0116934515772749 -0.0822823307501699 0.0669579773775831 0.162985186942497
-0.0434523798976041 -0.0380372077374148 0.0940497888208395 0.0530753478901999
-0.044847438377783 0.0040767201808348 0.0623225610773221 0.0171479968145762
-0.0393345493268171 0.0154921192768555 0.0332017572086794 -0.00397055426008885
-0.0461825492393929 0.00821289733542307 -0.00846120770232178 -0.00379566649681842
-0.0624789026241429 -0.0316828804557478 -0.0490051951529479 0.000886017622639114
-0.048855709318627 -0.081071888326496 -0.108144601788972 0.0100668894511468
-0.00572114754794742 -0.124774786730099 -0.170046581978559 -0.0695831167057272
0.0974088801805947 -0.0957522083278193 -0.114789466470652 -0.185928872539354
0.139077434672009 0.0132403725275882 0.0455945739972923 -0.222531254549732
0.0977641564840272 0.0648256466124411 0.124372185050243 -0.0321800622349402
0.104784205026731 0.107150893972939 -0.137617509959058 -0.00964041919944777
0.190458868772109 0.0576807776961618 -0.282294086757956 0.115427233547174
0.156106496564257 -0.05493354268028 -0.141054138407779 0.293055825060553
0.0472478915341711 -0.130115951002084 0.0475280658240023 0.257247683670507
-0.0285891301105696 -0.0980268449388415 0.128454918897559 0.108347516316132
-0.0547332017415991 -0.0442584910822273 0.0922489332691776 0.0249297563331905
-0.0532650653190204 0.00286850964958025 0.04511959486179 0.016482423611009
-0.042792994310782 0.0152784281284888 0.012554340446792 -0.00337351067587145
-0.0475961627051466 0.00755446203095659 -0.0354514582797646 -0.0104875846490945
-0.0634545916359636 -0.0400896987368561 -0.0758527820776664 -0.0240735790560938
-0.0413066614666809 -0.0983439578064726 -0.121359064343653 -0.0548171953312315
0.0227365277533225 -0.145160752956314 -0.124648805447786 -0.173382149956566
0.14925097021209 -0.0960602820457999 -0.00498765392873557 -0.266028287865073
0.191747509406114 0.0422433136609918 0.156185795905969 -0.224844775650735
0.12614346871199 0.105436687386656 0.136409770528279 -0.028746865879185
0.0860045358487636 0.0687819288477282 -0.150824652979018 -0.000664139982869408
0.145941062165254 0.0196606616962691 -0.185767840743528 0.192870546344429
0.114437798337587 -0.0689962737840978 0.0264771262021873 0.270923196986223
0.0212375433282448 -0.128348482954426 0.157174568519302 0.164626122910029
-0.0408506407096895 -0.0957149151563554 0.146725196117122 0.0278823009947647
-0.058282522695688 -0.0432441982705025 0.0720765704291408 -0.00661925247764338
-0.0537420548581063 0.000184520549003893 0.0215132196996662 0.0102170287519869
-0.0405427788942485 0.0127956486707417 -0.0104328293585649 -0.00344946879753453
-0.0428941801627865 0.00716103701653444 -0.057925922993714 -0.0145174156853235
-0.055705746227563 -0.0398041026856078 -0.0843837839412289 -0.0465194719751626
-0.0243998648920889 -0.0980023795767037 -0.0918954642010209 -0.11612205797089
0.0586866857875966 -0.135092861366349 -0.0120139057952257 -0.237997477023127
0.190401328087962 -0.0591401073629983 0.150895889169173 -0.271076596050008
0.219762496012034 0.0923941790061407 0.259000919319059 -0.167017622293504
0.135446787372442 0.144064009276241 0.133502832734547 -0.0323306599341663
0.0556846567751897 0.0385062828692946 -0.144175014890134 0.0130867685599033
0.0940145156524927 0.00444564162656292 -0.0766609668343059 0.21274499752672
0.0730427264585013 -0.0566294076232356 0.136156374343531 0.184557836962046
0.00492692189410732 -0.101244060318479 0.194973658891859 0.0498163098768394
-0.0406567396480224 -0.0763171152012157 0.122887830421258 -0.0459059385486327
-0.0511691358706097 -0.0354705611607558 0.0374943634225682 -0.0332875669494588
-0.0466316247136414 -0.00194619074990338 -0.00421822856964867 0.000543945356668333
-0.0329043688627079 0.00968038524609901 -0.0323175216574561 -0.00349377396436629
-0.0334804694357012 0.00662479293646267 -0.0723634775782236 -0.0150929808658092
-0.0430212374188572 -0.0331777581137921 -0.0785443842246648 -0.0624058291882811
-0.00821656371891479 -0.0815049628800361 -0.0330843005691999 -0.149171159343718
0.0814860059478605 -0.0962729520823535 0.122440079820761 -0.220198573488977
0.187219012567994 0.00217602447623224 0.282570184595021 -0.175181085477856
0.193786129657011 0.140191805093342 0.306295088845757 -0.0681825834673872
0.112943367291831 0.156102946933958 0.118565878483175 -0.048977152404092
0.0257954653928384 0.018566177804709 -0.129141679773305 0.0212692005030697
0.048294692022213 0.00095894731463616 0.000158441600310936 0.199535476057064
0.0372907302732513 -0.0316988810183983 0.181781127731823 0.102288292094728
0.000510891232323813 -0.0588767746209166 0.189022464543164 -0.0327802719579476
-0.0262410444956669 -0.0454015029771489 0.0860650815394172 -0.0913683650669674
-0.0321727588537094 -0.0220515128830789 0.00396445113769094 -0.0506428445934215
-0.0308871837138879 -0.00346044905175229 -0.0253539911692149 -0.00961036433726693
-0.0211131250604663 0.00495468079272517 -0.0476292256396324 -0.00354941669554468
-0.0204381931447052 0.00358085436446156 -0.0798254726334557 -0.01445748628335
-0.0269186322073136 -0.0209741294413243 -0.0693712797378308 -0.0710841787915077
0.000786603089485798 -0.0532211920392902 0.020170303009772 -0.152905464666087
0.0699497795100425 -0.0473725562307872 0.211370522838301 -0.145563323563152
0.124239291585954 0.0424194911863491 0.330392198342459 -0.0373863952689466
0.114077432069059 0.132874383944051 0.297086718810294 0.0240002211850494
0.0665424209902481 0.117461667113937 0.102179240258024 -0.0704921868609521
