TRXV5
3
4
4
9
string Extension=J
integer IsArchMeasurement=1
integer IsSpherical=1
string Generator=SPM
string GeneratorVersion=1.3.1 Dev
double ArchRadius=0.449999988079071
integer FrequencyAxisIndex=0
integer AzimuthAxisIndex=1
integer ElevationAxisIndex=2
Frequency
5 109 690000000 960000000 LIN
Azimuth
7 8 0 2.74889357189107 LIN
Elevation
7 15 -2.74889357189107 2.74889357189107 LIN
Polar H Real Part
13
Polar H Imaginary Part
14
Polar V Real Part
13
Polar V Imaginary Part
14
Polar H Magnitude (dB)
12 0xC0000002 0 1
Polar H Phase
7 0xC0000003 0 1
Polar V Magnitude (dB)
12 0xC0000002 2 3
Polar V Phase
7 0xC0000003 2 3
0.00649166107177734 -0.00803995132446289 -0.0928955078125 0.0422515869140625
-0.01800537109375 0.00648880004882813 0.0701904296875 -0.222640991210938
-0.0219268798828125 -0.0090179443359375 0.090972900390625 -0.43927001953125
-0.0260391235351563 0.00607681274414063 -0.105224609375 -0.44293212890625
-0.00760459899902344 0.024169921875 -0.245590209960938 -0.234451293945313
0.00952529907226563 0.0297756195068359 -0.247360229492187 -0.0314178466796875
0.0110378265380859 0.0209465026855469 -0.15753173828125 0.0382537841796875
0.015141487121582 0.00768566131591797 -0.103828430175781 -0.00139617919921876
0.0209789276123047 0.00946807861328125 -0.107200622558594 -0.099639892578125
0.0176773071289063 0.0127372741699219 -0.106948852539063 -0.19439697265625
0.00745677947998047 0.0145950317382813 -0.070953369140625 -0.252944946289062
0.00207233428955078 0.00841712951660156 0.0224761962890625 -0.276443481445313
-0.00267887115478516 0.0113391876220703 0.170303344726562 -0.221145629882812
-0.00537300109863281 0.00952434539794922 0.13250732421875 -0.108833312988281
-0.000210762023925781 -0.0144367218017578 -0.0246734619140625 -0.144927978515625
0.115898132324219 -0.011627197265625 -0.0863571166992187 0.0357131958007813
0.121604919433594 -0.003875732421875 0.071258544921875 -0.227706909179688
0.08721923828125 -0.0562744140625 0.071807861328125 -0.436859130859375
0.0291633605957031 -0.0673332214355469 -0.1195068359375 -0.4361572265625
-0.00246810913085938 -0.0405120849609375 -0.244400024414063 -0.224334716796875
-0.0237483978271484 -0.0193500518798828 -0.245895385742188 -0.030303955078125
-0.03125 -0.00209045410156251 -0.15179443359375 0.0403900146484375
-0.0230445861816406 -0.0122432708740234 -0.098663330078125 0.00101470947265625
-0.0277309417724609 -0.0132770538330078 -0.101905822753906 -0.0969619750976562
-0.0268516540527344 -0.0200290679931641 -0.104507446289063 -0.1917724609375
-0.0135726928710938 -0.0263729095458984 -0.0667572021484375 -0.250381469726563
0.00640487670898438 -0.033721923828125 0.0250244140625 -0.272964477539063
0.0249423980712891 -0.0100345611572266 0.16583251953125 -0.215499877929687
0.0254993438720703 0.00761032104492187 0.127883911132813 -0.10577392578125
0.0329189300537109 -0.0220012664794922 -0.0298614501953125 -0.14691162109375
0.192779541015625 -0.02447509765625 -0.0589027404785156 0.0279426574707031
0.216140747070313 -0.0313873291015625 0.0410308837890625 -0.237991333007813
0.156173706054688 -0.107192993164062 -0.0321044921875 -0.41278076171875
0.0629730224609375 -0.134414672851563 -0.199066162109375 -0.364288330078125
-0.00412750244140625 -0.100128173828125 -0.2569580078125 -0.156463623046875
-0.0557785034179687 -0.0656166076660156 -0.226394653320313 0.00396728515624997
-0.0705490112304687 -0.0244216918945312 -0.12701416015625 0.049957275390625
-0.0577926635742187 -0.0309677124023437 -0.0759429931640625 0.00257110595703125
-0.0709686279296875 -0.034576416015625 -0.076507568359375 -0.0954666137695312
-0.0663986206054688 -0.0501174926757812 -0.071990966796875 -0.185867309570313
-0.03411865234375 -0.0658721923828125 -0.02435302734375 -0.24395751953125
0.00644683837890626 -0.0774993896484375 0.067626953125 -0.254913330078125
0.0495529174804687 -0.0399360656738281 0.1917724609375 -0.171340942382813
0.0576171875 -0.00403976440429688 0.131637573242188 -0.0684051513671875
0.0706253051757813 -0.0338668823242188 -0.032745361328125 -0.137039184570313
0.2154541015625 -0.0422210693359375 -0.027862548828125 0.0202884674072266
0.234283447265625 -0.06683349609375 -0.0249176025390625 -0.228057861328125
0.16229248046875 -0.144683837890625 -0.17010498046875 -0.3167724609375
0.063201904296875 -0.179275512695313 -0.278244018554687 -0.215530395507813
-0.0174102783203125 -0.142059326171875 -0.24761962890625 -0.0400238037109375
-0.0850296020507813 -0.0979537963867188 -0.18072509765625 0.0591888427734375
-0.101219177246094 -0.0424270629882813 -0.0853500366210937 0.0624618530273438
-0.0837478637695313 -0.0466384887695313 -0.0417861938476563 0.000999450683593739
-0.101608276367187 -0.05255126953125 -0.0335006713867187 -0.0934524536132813
-0.0943756103515625 -0.07763671875 -0.0112152099609375 -0.1728515625
-0.050384521484375 -0.103500366210938 0.054840087890625 -0.219512939453125
0.00465393066406251 -0.123748779296875 0.145156860351562 -0.201492309570313
0.0747222900390625 -0.0820236206054688 0.229385375976563 -0.0770263671875
0.096923828125 -0.0284805297851563 0.130775451660156 -0.000358581542968752
0.116661071777344 -0.04656982421875 -0.030517578125 -0.1212158203125
0.189437866210938 -0.052490234375 -0.0110454559326172 0.0215110778808594
0.19122314453125 -0.0775146484375 -0.105270385742188 -0.172637939453125
0.128326416015625 -0.140731811523438 -0.264602661132813 -0.151870727539063
0.0455780029296875 -0.1820068359375 -0.291748046875 -0.0179443359375
-0.032623291015625 -0.152374267578125 -0.192123413085938 0.0918426513671875
-0.103477478027344 -0.110748291015625 -0.108413696289063 0.118019104003906
-0.117744445800781 -0.0521621704101563 -0.0319061279296875 0.07391357421875
-0.09588623046875 -0.0567703247070313 -0.000137090682983405 -0.00278520584106446
-0.11322021484375 -0.0665817260742187 0.019866943359375 -0.086090087890625
-0.102027893066406 -0.099853515625 0.0678863525390625 -0.141281127929687
-0.0540084838867187 -0.134124755859375 0.155899047851563 -0.15521240234375
0.0100555419921875 -0.16522216796875 0.229644775390625 -0.0916290283203125
0.109474182128906 -0.124313354492187 0.242279052734375 0.0703582763671875
0.14599609375 -0.0540008544921875 0.110092163085938 0.0838394165039063
0.164352416992188 -0.0533905029296875 -0.0180587768554687 -0.10589599609375
0.138824462890625 -0.0496978759765625 -0.00761795043945311 0.0361747741699219
0.126869201660156 -0.0596694946289063 -0.163467407226563 -0.0809326171875
0.0877685546875 -0.101417541503906 -0.2767333984375 0.026947021484375
0.0292816162109375 -0.14813232421875 -0.228317260742188 0.156204223632812
-0.0387344360351563 -0.132186889648438 -0.102294921875 0.194976806640625
-0.103813171386719 -0.101509094238281 -0.0231475830078125 0.16162109375
-0.11505126953125 -0.0517349243164062 0.0253829956054688 0.080963134765625
-0.0917892456054687 -0.0589752197265625 0.0430641174316406 -0.00515365600585938
-0.103370666503906 -0.0732574462890625 0.0750503540039062 -0.0704269409179688
-0.0874099731445313 -0.107025146484375 0.145706176757813 -0.08563232421875
-0.0391998291015625 -0.144180297851563 0.243331909179688 -0.045684814453125
0.030426025390625 -0.182174682617188 0.274017333984375 0.070465087890625
0.150100708007813 -0.14013671875 0.191940307617188 0.23822021484375
0.193771362304688 -0.0601348876953125 0.0657806396484375 0.161026000976562
0.196685791015625 -0.0470123291015625 0.0108718872070313 -0.0903167724609375
0.0850830078125 -0.0413742065429688 -0.00945663452148437 0.0627021789550781
0.0672187805175781 -0.0324211120605469 -0.182754516601563 0.0138702392578125
0.0547943115234375 -0.0556526184082031 -0.230316162109375 0.157012939453125
0.0190887451171875 -0.0985641479492188 -0.135299682617188 0.262680053710938
-0.03369140625 -0.0938873291015625 -0.0138092041015625 0.250747680664063
-0.0845184326171875 -0.0770187377929688 0.053619384765625 0.182785034179688
-0.0919265747070312 -0.044464111328125 0.0755157470703125 0.0815353393554688
-0.070770263671875 -0.0533370971679688 0.0806427001953125 -0.0053253173828125
-0.0753097534179688 -0.0671310424804687 0.120796203613281 -0.0483932495117188
-0.0567398071289062 -0.0907821655273437 0.202285766601563 -0.0178680419921875
-0.0169601440429687 -0.121086120605469 0.282196044921875 0.08221435546875
0.050537109375 -0.157272338867187 0.244644165039063 0.235336303710938
0.169219970703125 -0.112869262695313 0.076904296875 0.368133544921875
0.208221435546875 -0.0373687744140625 0.0120086669921875 0.209854125976563
0.19281005859375 -0.0318450927734375 0.0540084838867188 -0.0738677978515625
0.0391654968261719 -0.0325889587402344 -0.00920867919921875 0.0892410278320313
0.0220127105712891 -0.0114727020263672 -0.175857543945313 0.079681396484375
0.0275516510009766 -0.0195808410644531 -0.174026489257812 0.223495483398438
0.0115089416503906 -0.0507125854492188 -0.0611572265625 0.304412841796875
-0.021453857421875 -0.0512351989746094 0.0446624755859375 0.26654052734375
-0.0503578186035156 -0.0475959777832031 0.104446411132813 0.185775756835938
-0.0540084838867187 -0.0328559875488281 0.111305236816406 0.0798721313476563
-0.0386276245117188 -0.0411109924316406 0.109283447265625 -0.00323486328125
-0.0365333557128906 -0.0487403869628906 0.152236938476563 -0.0264434814453125
-0.0223731994628906 -0.0541229248046875 0.231216430664063 0.0433349609375
-0.001617431640625 -0.0703201293945313 0.274276733398437 0.1864013671875
0.0475387573242188 -0.0948638916015625 0.16729736328125 0.35076904296875
0.134429931640625 -0.0575714111328125 -0.048553466796875 0.427276611328125
0.157257080078125 -0.0026702880859375 -0.02813720703125 0.232192993164063
0.138999938964844 -0.016510009765625 0.0984268188476563 -0.055023193359375
0.00506591796875 -0.00880813598632813 -0.0890350341796875 0.0502090454101563
-0.0184822082519531 0.00957870483398438 0.05084228515625 -0.231979370117188
-0.0246334075927734 -0.00756072998046875 0.0481567382812501 -0.455108642578125
-0.0263404846191406 0.00970458984375 -0.154327392578125 -0.438568115234375
-0.00441741943359375 0.0252017974853516 -0.27301025390625 -0.210723876953125
0.0137004852294922 0.0280246734619141 -0.249588012695313 -0.00392150878906251
0.0135517120361328 0.0188388824462891 -0.15087890625 0.055450439453125
0.0143413543701172 0.00496292114257813 -0.1025390625 0.00833129882812502
0.0201015472412109 0.00555038452148438 -0.119956970214844 -0.090606689453125
0.0185794830322266 0.00998115539550781 -0.130172729492188 -0.18536376953125
0.00866222381591797 0.0141429901123047 -0.100387573242187 -0.252105712890625
0.00282096862792969 0.00894546508789063 -0.007659912109375 -0.284393310546875
-0.00121021270751953 0.0103836059570312 0.148788452148437 -0.243988037109375
-0.00423049926757813 0.00882244110107422 0.125419616699219 -0.123344421386719
-0.00316619873046875 -0.0149745941162109 -0.035003662109375 -0.143310546875
0.11431884765625 -0.0239486694335938 -0.0839996337890625 0.0430450439453125
0.121795654296875 -0.0152359008789063 0.0512847900390625 -0.237960815429688
0.0816726684570312 -0.0650405883789062 0.02789306640625 -0.451324462890625
0.0216941833496094 -0.0694847106933594 -0.16790771484375 -0.42913818359375
-0.00656509399414062 -0.0399971008300781 -0.271347045898437 -0.201980590820313
-0.0251426696777344 -0.0167083740234375 -0.248046875 -0.00300598144531246
-0.0310783386230469 0.000576019287109374 -0.145294189453125 0.0565032958984375
-0.0259857177734375 -0.0108375549316406 -0.0973281860351563 0.0106048583984375
-0.0311965942382812 -0.0116634368896484 -0.114753723144531 -0.088104248046875
-0.0291652679443359 -0.0181312561035156 -0.1273193359375 -0.182388305664063
-0.0159034729003906 -0.0252952575683594 -0.0958251953125 -0.248382568359375
0.00255966186523438 -0.0341873168945313 -0.00520324707031248 -0.280868530273438
0.0244178771972656 -0.0122833251953125 0.145278930664063 -0.2371826171875
0.0270748138427734 0.00592994689941406 0.12109375 -0.119247436523438
0.0293045043945313 -0.0251369476318359 -0.0399017333984375 -0.144851684570313
0.189971923828125 -0.045745849609375 -0.0569114685058594 0.0318107604980469
0.213912963867188 -0.0534820556640625 0.01861572265625 -0.247177124023438
0.145401000976563 -0.123565673828125 -0.075958251953125 -0.413970947265625
0.0488433837890625 -0.141128540039063 -0.240875244140625 -0.34954833984375
-0.0146484375 -0.099578857421875 -0.277328491210938 -0.131607055664063
-0.0622024536132813 -0.0588226318359375 -0.225936889648438 0.0288543701171875
-0.0721435546875 -0.0178146362304687 -0.119529724121094 0.0632858276367187
-0.0625762939453125 -0.0258979797363281 -0.07427978515625 0.00948333740234376
-0.0770263671875 -0.0275802612304688 -0.088165283203125 -0.0887527465820313
-0.071685791015625 -0.043792724609375 -0.09405517578125 -0.180160522460938
-0.0406951904296875 -0.0626411437988281 -0.0529632568359375 -0.246490478515625
-0.00185394287109375 -0.07855224609375 0.0402984619140625 -0.267166137695313
0.045989990234375 -0.0443000793457031 0.176742553710938 -0.19451904296875
0.0578231811523438 -0.00770187377929687 0.129478454589844 -0.0808868408203125
0.0652275085449219 -0.0402603149414063 -0.0417861938476563 -0.133163452148438
0.210845947265625 -0.0660552978515625 -0.0285739898681641 0.0208969116210937
0.2283935546875 -0.0910186767578125 -0.0489959716796875 -0.230972290039062
0.148422241210938 -0.160446166992188 -0.205841064453125 -0.303924560546875
0.04449462890625 -0.186203002929688 -0.305877685546875 -0.189697265625
-0.0323028564453125 -0.139533996582031 -0.255462646484375 -0.014068603515625
-0.0949172973632812 -0.0879592895507813 -0.173965454101563 0.0808258056640625
-0.104476928710938 -0.0317916870117188 -0.076873779296875 0.0716629028320313
-0.0905532836914063 -0.0385818481445313 -0.0410232543945313 0.00419616699218749
-0.109230041503906 -0.0414047241210938 -0.0449752807617188 -0.0911407470703125
-0.102645874023438 -0.0677871704101563 -0.0312347412109375 -0.173187255859375
-0.0610504150390625 -0.0986328125 0.030242919921875 -0.229721069335938
-0.00887298583984376 -0.124092102050781 0.124908447265625 -0.221084594726563
0.0670700073242188 -0.0881881713867188 0.226455688476563 -0.101470947265625
0.0946044921875 -0.0361862182617188 0.135704040527344 -0.0101470947265625
0.109527587890625 -0.0583877563476563 -0.0386886596679687 -0.11676025390625
0.183319091796875 -0.0731964111328125 -0.0117454528808594 0.0195484161376953
0.183578491210938 -0.097198486328125 -0.126373291015625 -0.16729736328125
0.11480712890625 -0.152603149414063 -0.28582763671875 -0.127288818359375
0.02606201171875 -0.1871337890625 -0.29852294921875 0.010772705078125
-0.0484619140625 -0.148651123046875 -0.184768676757813 0.113754272460937
-0.114479064941406 -0.099853515625 -0.0950698852539063 0.132705688476563
-0.121864318847656 -0.0390625 -0.022674560546875 0.0776290893554687
-0.103370666503906 -0.0461654663085938 -0.0012357234954834 -0.00313496589660645
-0.122169494628906 -0.0544815063476563 0.00978088378906248 -0.0889434814453125
-0.113029479980469 -0.089385986328125 0.0516510009765625 -0.14874267578125
-0.0673751831054687 -0.12890625 0.139328002929688 -0.176025390625
-0.00862121582031249 -0.166290283203125 0.22271728515625 -0.11871337890625
0.096038818359375 -0.134437561035156 0.256362915039063 0.047637939453125
0.140731811523438 -0.067352294921875 0.123466491699219 0.078460693359375
0.157623291015625 -0.0709381103515625 -0.02587890625 -0.101921081542969
0.132362365722656 -0.064208984375 -0.00756072998046875 0.0353431701660156
0.120735168457031 -0.07183837890625 -0.176116943359375 -0.067535400390625
0.0785446166992188 -0.109245300292969 -0.277786254882812 0.055389404296875
0.014068603515625 -0.15093994140625 -0.2152099609375 0.180755615234375
-0.051727294921875 -0.128707885742188 -0.0815277099609375 0.209304809570313
-0.1129150390625 -0.09112548828125 -0.00405883789062501 0.167373657226563
-0.119529724121094 -0.0395050048828125 0.0344696044921875 0.0786361694335938
-0.0989151000976563 -0.0494232177734375 0.0403785705566406 -0.0104827880859375
-0.112586975097656 -0.0617828369140625 0.0666275024414063 -0.0784072875976563
-0.0990676879882813 -0.0979461669921875 0.136199951171875 -0.101608276367188
-0.0540924072265625 -0.139877319335938 0.23974609375 -0.0735626220703125
0.0089263916015625 -0.186172485351563 0.28460693359375 0.04150390625
0.135452270507813 -0.1551513671875 0.22265625 0.2244873046875
0.189056396484375 -0.0796966552734375 0.0843658447265625 0.161941528320313
0.191696166992188 -0.0697021484375 0.00293731689453126 -0.0893173217773437
0.0793075561523437 -0.0491409301757812 -0.00762939453124999 0.0631370544433594
0.0644645690917969 -0.0371971130371094 -0.186080932617187 0.031829833984375
0.0508232116699219 -0.0592422485351563 -0.216812133789062 0.18310546875
0.00950622558593751 -0.100837707519531 -0.108200073242187 0.278762817382813
-0.0421066284179688 -0.091278076171875 0.01519775390625 0.256149291992188
-0.0909500122070313 -0.0691146850585937 0.07550048828125 0.181243896484375
-0.0959243774414062 -0.034332275390625 0.0847091674804688 0.0747451782226563
-0.0780181884765625 -0.0460357666015625 0.0775299072265625 -0.014678955078125
-0.0839004516601562 -0.0596542358398438 0.114852905273438 -0.0613555908203125
-0.0663375854492188 -0.0848007202148437 0.200454711914063 -0.0389556884765625
-0.0296859741210938 -0.119476318359375 0.292388916015625 0.051971435546875
0.0313720703125 -0.163818359375 0.27203369140625 0.2122802734375
0.157760620117188 -0.13067626953125 0.119873046875 0.37030029296875
0.206985473632813 -0.0595550537109375 0.0330657958984375 0.21630859375
0.190078735351563 -0.05450439453125 0.0474166870117188 -0.07843017578125
0.0350761413574219 -0.03533935546875 -0.004608154296875 0.0905838012695313
0.0215644836425781 -0.0117359161376953 -0.17169189453125 0.0989532470703125
0.0269622802734375 -0.0210723876953125 -0.151702880859375 0.2447509765625
0.00666427612304688 -0.0520248413085938 -0.028167724609375 0.313934326171875
-0.0251007080078125 -0.0497360229492187 0.0759429931640625 0.26702880859375
-0.0533981323242188 -0.0434989929199219 0.12750244140625 0.179000854492187
-0.0573692321777344 -0.0268058776855469 0.120452880859375 0.06878662109375
-0.0449943542480469 -0.0372200012207031 0.106048583984375 -0.0163650512695313
-0.0430107116699219 -0.04595947265625 0.148956298828125 -0.043426513671875
-0.0275726318359375 -0.0515823364257813 0.2366943359375 0.0193023681640625
-0.0093841552734375 -0.0704574584960938 0.29608154296875 0.157318115234375
0.0354690551757813 -0.10150146484375 0.20513916015625 0.336517333984375
0.129310607910156 -0.072296142578125 -0.00292968750000004 0.441802978515625
0.159866333007813 -0.0196685791015625 -0.00772094726562498 0.242141723632813
0.137359619140625 -0.033294677734375 0.0933380126953125 -0.0649795532226563
0.00380897521972656 -0.008392333984375 -0.0814056396484375 0.0543594360351563
-0.0170040130615234 0.0133476257324219 0.0333251953125 -0.227828979492188
-0.0249652862548828 -0.00452041625976562 0.00985717773437499 -0.441925048828125
-0.0242061614990234 0.0122489929199219 -0.1844482421875 -0.408905029296875
-0.00175094604492188 0.0246257781982422 -0.279754638671875 -0.180694580078125
0.0161800384521484 0.0248908996582031 -0.236587524414063 0.016937255859375
0.0141706466674805 0.0163698196411133 -0.13690185546875 0.0652923583984375
0.0120010375976562 0.00362396240234375 -0.096435546875 0.0163955688476563
0.0178890228271484 0.00295639038085938 -0.124717712402344 -0.0767135620117188
0.0181770324707031 0.00714492797851563 -0.142913818359375 -0.166854858398437
0.00945758819580078 0.0134210586547852 -0.120864868164063 -0.236312866210937
0.00318145751953125 0.00955963134765625 -0.033111572265625 -0.27447509765625
7.34329223632806E-05 0.00975131988525391 0.121429443359375 -0.249191284179688
-0.00306892395019531 0.00802707672119141 0.113082885742188 -0.128593444824219
-0.00493431091308594 -0.0136375427246094 -0.0409622192382812 -0.134513854980469
0.10748291015625 -0.0332260131835938 -0.077423095703125 0.0463104248046875
0.115921020507813 -0.0224456787109375 0.0325927734375 -0.234344482421875
0.072235107421875 -0.0682449340820313 -0.00796508789062499 -0.4364013671875
0.0147972106933594 -0.0679397583007813 -0.1959228515625 -0.400390625
-0.00904083251953125 -0.0379104614257813 -0.27825927734375 -0.171783447265625
-0.0248451232910156 -0.0136947631835938 -0.236587524414063 0.0187225341796875
-0.0294895172119141 0.00288772583007813 -0.132095336914062 0.0651473999023437
-0.0273990631103516 -0.00847053527832032 -0.0905303955078125 0.01763916015625
-0.0332794189453125 -0.00862121582031249 -0.118789672851563 -0.0747604370117187
-0.0298652648925781 -0.0158500671386719 -0.139236450195313 -0.163970947265625
-0.0172920227050781 -0.022674560546875 -0.116561889648437 -0.2330322265625
-7.43865966796855E-05 -0.032562255859375 -0.0309295654296875 -0.271392822265625
0.0234508514404297 -0.0135421752929688 0.119491577148437 -0.24169921875
0.0270748138427734 0.00427055358886719 0.109756469726563 -0.124015808105469
0.0245475769042969 -0.0247993469238281 -0.0454177856445313 -0.135414123535156
0.177963256835938 -0.0607452392578125 -0.05267333984375 0.0337715148925781
0.201339721679688 -0.0677337646484375 -0.000335693359374983 -0.240859985351563
0.130302429199219 -0.129371643066406 -0.10638427734375 -0.3941650390625
0.0352554321289063 -0.138755798339844 -0.259613037109375 -0.318817138671875
-0.0217819213867188 -0.0937347412109375 -0.278732299804688 -0.103790283203125
-0.0635757446289063 -0.0506858825683594 -0.212158203125 0.04791259765625
-0.0700187683105469 -0.011474609375 -0.107009887695313 0.0692367553710938
-0.0633583068847656 -0.019561767578125 -0.0694313049316406 0.0147590637207031
-0.0778350830078125 -0.0195388793945313 -0.0931243896484375 -0.077667236328125
-0.0728607177734375 -0.0364761352539062 -0.106704711914063 -0.16436767578125
-0.0433731079101562 -0.056976318359375 -0.0749664306640625 -0.233779907226563
-0.00817108154296874 -0.0740966796875 0.0140380859375 -0.261245727539063
0.0414352416992188 -0.0445327758789063 0.154800415039063 -0.202392578125
0.0558509826660156 -0.0101089477539063 0.121543884277344 -0.0868988037109375
0.05767822265625 -0.0422477722167969 -0.0462799072265625 -0.124343872070313
0.194808959960938 -0.0818939208984375 -0.0270938873291016 0.0199565887451172
0.211441040039063 -0.105377197265625 -0.0657958984375 -0.221420288085938
0.129669189453125 -0.164871215820313 -0.22418212890625 -0.2774658203125
0.0270843505859375 -0.181076049804687 -0.312164306640625 -0.15924072265625
-0.0420455932617187 -0.13055419921875 -0.247726440429688 0.00767517089843744
-0.0967559814453125 -0.0760498046875 -0.1578369140625 0.093017578125
-0.101669311523438 -0.0221405029296875 -0.0659332275390625 0.0738449096679688
-0.0904464721679688 -0.0287704467773437 -0.0387496948242188 0.00744247436523437
-0.109481811523437 -0.0300369262695312 -0.0515975952148438 -0.0831832885742188
-0.103775024414063 -0.05670166015625 -0.0459747314453125 -0.16253662109375
-0.0656585693359375 -0.0893020629882813 0.00611877441406251 -0.224349975585938
-0.0192031860351562 -0.117630004882812 0.100112915039063 -0.224838256835938
0.0569992065429688 -0.0882720947265625 0.2119140625 -0.116806030273437
0.088165283203125 -0.0394210815429687 0.134376525878906 -0.0185775756835938
0.0979766845703125 -0.0637741088867188 -0.042877197265625 -0.107307434082031
0.167556762695313 -0.0860137939453125 -0.0122776031494141 0.0180263519287109
0.167205810546875 -0.107528686523438 -0.1363525390625 -0.154159545898438
0.0982513427734375 -0.153488159179688 -0.286376953125 -0.09979248046875
0.00990295410156252 -0.179656982421875 -0.28857421875 0.033538818359375
-0.0577011108398437 -0.138351440429688 -0.168502807617188 0.124649047851563
-0.115859985351562 -0.0858078002929688 -0.0774078369140625 0.135841369628906
-0.118385314941406 -0.0275650024414062 -0.0142135620117188 0.075653076171875
-0.1033935546875 -0.035369873046875 -0.00205135345458985 -0.00271368026733399
-0.122001647949219 -0.0412826538085938 0.000709533691406234 -0.0857925415039063
-0.115020751953125 -0.0756378173828125 0.035675048828125 -0.146774291992188
-0.074127197265625 -0.117362976074219 0.116439819335938 -0.181549072265625
-0.0231170654296875 -0.157272338867188 0.2039794921875 -0.133712768554688
0.0808258056640625 -0.134613037109375 0.254302978515625 0.0259552001953125
0.130058288574219 -0.0743255615234375 0.128944396972656 0.0700149536132813
0.142562866210938 -0.08135986328125 -0.03021240234375 -0.0934524536132813
0.1195068359375 -0.0721435546875 -0.00793075561523436 0.0333518981933594
0.109222412109375 -0.0768508911132813 -0.177108764648438 -0.0527191162109375
0.06793212890625 -0.108749389648438 -0.263946533203125 0.076263427734375
0.0017547607421875 -0.144943237304688 -0.1922607421875 0.1905517578125
-0.05889892578125 -0.119407653808594 -0.059722900390625 0.207733154296875
-0.114265441894531 -0.0784759521484375 0.0130462646484375 0.162078857421875
-0.115943908691406 -0.0279464721679688 0.0395736694335938 0.0728225708007813
-0.0997772216796875 -0.0384445190429688 0.0357666015625 -0.0128822326660156
-0.113723754882812 -0.0493927001953125 0.0558624267578125 -0.0806655883789063
-0.102424621582031 -0.0845565795898438 0.120811462402344 -0.10888671875
-0.0630874633789063 -0.128936767578125 0.221954345703125 -0.0927276611328125
-0.008941650390625 -0.177536010742188 0.277511596679688 0.01593017578125
0.116195678710937 -0.1583251953125 0.236923217773438 0.20013427734375
0.174896240234375 -0.09112548828125 0.0966339111328125 0.154190063476563
0.175949096679688 -0.083282470703125 -0.00264739990234374 -0.0841751098632813
0.0712051391601563 -0.0525741577148438 -0.00643157958984375 0.0605430603027344
0.0595664978027344 -0.0392837524414063 -0.178924560546875 0.045318603515625
0.0459098815917969 -0.0593185424804687 -0.193435668945313 0.1942138671875
0.00173187255859375 -0.0966567993164063 -0.08001708984375 0.27655029296875
-0.0465011596679688 -0.0846710205078125 0.0379638671875 0.2449951171875
-0.09130859375 -0.0604095458984375 0.090972900390625 0.168319702148438
-0.0939254760742188 -0.0250015258789063 0.0874099731445313 0.06475830078125
-0.0796737670898438 -0.0370330810546875 0.0699844360351563 -0.0205459594726563
-0.0860443115234375 -0.0498886108398438 0.103729248046875 -0.0679397583007812
-0.0701828002929688 -0.075653076171875 0.187454223632813 -0.0545501708984375
-0.0383071899414063 -0.111381530761719 0.28387451171875 0.02410888671875
0.01409912109375 -0.158843994140625 0.279510498046875 0.182479858398438
0.139968872070313 -0.137901306152344 0.14837646484375 0.350067138671875
0.194427490234375 -0.0739593505859375 0.04931640625 0.210983276367188
0.175811767578125 -0.06964111328125 0.0388412475585938 -0.0779800415039063
0.0306892395019531 -0.0360183715820313 -0.000953674316406243 0.0880050659179688
0.0205821990966797 -0.0118293762207031 -0.159255981445312 0.1094970703125
0.0259799957275391 -0.0215778350830078 -0.12432861328125 0.248001098632813
0.002288818359375 -0.0498886108398438 0.00070190429687503 0.304595947265625
-0.0270500183105469 -0.0466423034667969 0.0991363525390625 0.251235961914062
-0.0542716979980469 -0.0390090942382812 0.140670776367188 0.162796020507813
-0.0564460754394531 -0.0210533142089844 0.121246337890625 0.05657958984375
-0.0477867126464844 -0.0313034057617187 0.0972976684570312 -0.0248641967773438
-0.0460700988769531 -0.040802001953125 0.1375732421875 -0.0537643432617188
-0.030303955078125 -0.047698974609375 0.227294921875 -0.001922607421875
-0.0142097473144531 -0.0660209655761719 0.296356201171875 0.12530517578125
0.0232772827148437 -0.10009765625 0.225311279296875 0.30645751953125
0.117416381835938 -0.0802841186523438 0.03424072265625 0.42840576171875
0.153045654296875 -0.0322418212890625 0.0105743408203125 0.23822021484375
0.12701416015625 -0.04486083984375 0.082794189453125 -0.068756103515625
0.00407123565673828 -0.00860977172851563 -0.0758056640625 0.0539932250976562
-0.0143833160400391 0.0158357620239258 0.0280303955078125 -0.220382690429688
-0.0247764587402344 -0.00278472900390625 -0.00421142578124999 -0.426116943359375
-0.0222320556640625 0.0127391815185547 -0.190032958984375 -0.38818359375
-6.1035156249998E-05 0.0231723785400391 -0.274185180664063 -0.163589477539062
0.0166912078857422 0.0230197906494141 -0.222396850585937 0.0242156982421875
0.0133113861083984 0.0148963928222656 -0.126358032226563 0.066009521484375
0.00938701629638672 0.00416660308837891 -0.0903778076171875 0.0184326171875
0.0146493911743164 0.00280857086181641 -0.123435974121094 -0.06732177734375
0.0173482894897461 0.00614070892333984 -0.144699096679688 -0.153656005859375
0.00980186462402344 0.013615608215332 -0.128067016601563 -0.222885131835937
0.00390434265136719 0.00990867614746094 -0.0437774658203125 -0.26239013671875
-6.86645507812505E-05 0.00809144973754883 0.106369018554688 -0.243988037109375
-0.00257396697998047 0.00806713104248047 0.10662841796875 -0.126869201660156
-0.00572109222412109 -0.0119476318359375 -0.039093017578125 -0.127571105957031
0.101036071777344 -0.0365753173828125 -0.0728607177734375 0.0459442138671875
0.111335754394531 -0.023590087890625 0.026092529296875 -0.227035522460938
0.0673561096191406 -0.0667953491210938 -0.0218505859375 -0.421173095703125
0.0121879577636719 -0.0652694702148438 -0.20166015625 -0.37896728515625
-0.00925064086914063 -0.0358924865722656 -0.274261474609375 -0.154617309570313
-0.0228099822998047 -0.0123004913330078 -0.223297119140625 0.0263824462890625
-0.0277481079101563 0.00345230102539063 -0.122100830078125 0.0658416748046875
-0.0283164978027344 -0.00616836547851563 -0.0839767456054688 0.0193634033203125
-0.0342731475830078 -0.00601005554199219 -0.117080688476563 -0.06658935546875
-0.0297107696533203 -0.0142612457275391 -0.140609741210938 -0.150726318359375
-0.0171108245849609 -0.0209445953369141 -0.123260498046875 -0.2191162109375
-6.10351562499974E-05 -0.0305919647216797 -0.0413055419921875 -0.258819580078125
0.0229358673095703 -0.0132465362548828 0.10491943359375 -0.23553466796875
0.0274677276611328 0.00442123413085937 0.1038818359375 -0.122604370117188
0.0220756530761719 -0.0229377746582031 -0.0433273315429688 -0.128768920898438
0.166229248046875 -0.06585693359375 -0.0504951477050781 0.0323371887207031
0.191329956054688 -0.07073974609375 -0.00668334960937499 -0.233139038085938
0.120780944824219 -0.126808166503906 -0.1142578125 -0.3765869140625
0.0287322998046875 -0.133750915527344 -0.26165771484375 -0.298828125
-0.0238723754882813 -0.0885467529296875 -0.271957397460938 -0.0894317626953125
-0.061279296875 -0.0449981689453125 -0.1993408203125 0.0541534423828125
-0.0661544799804688 -0.00849914550781249 -0.0986480712890625 0.0693893432617187
-0.0624504089355469 -0.0157699584960938 -0.0640983581542969 0.0159034729003906
-0.0765609741210938 -0.0149612426757813 -0.091888427734375 -0.070159912109375
-0.0713882446289063 -0.0323104858398438 -0.1085205078125 -0.152664184570312
-0.0428848266601562 -0.0531387329101563 -0.0829925537109375 -0.220947265625
-0.009490966796875 -0.07049560546875 0.00160217285156251 -0.251419067382813
0.0398445129394531 -0.0426254272460938 0.141937255859375 -0.199478149414063
0.0551872253417969 -0.00931930541992188 0.117317199707031 -0.0872726440429688
0.0522308349609375 -0.039794921875 -0.0442733764648438 -0.11669921875
0.180923461914063 -0.08648681640625 -0.0265560150146484 0.0184898376464844
0.199325561523438 -0.107437133789063 -0.0695648193359375 -0.212982177734375
0.119476318359375 -0.160446166992188 -0.225204467773437 -0.261306762695313
0.01995849609375 -0.173309326171875 -0.30694580078125 -0.144927978515625
-0.0440826416015625 -0.122344970703125 -0.2384033203125 0.016937255859375
-0.0935134887695313 -0.0680465698242187 -0.14544677734375 0.0955963134765625
-0.0964584350585938 -0.0173797607421875 -0.0593414306640625 0.0721054077148438
-0.0873336791992187 -0.0238494873046875 -0.0360298156738281 0.00804519653320312
-0.106353759765625 -0.02337646484375 -0.0528564453125 -0.0770721435546875
-0.100669860839844 -0.0504531860351563 -0.0495758056640625 -0.152862548828125
-0.064361572265625 -0.0835342407226563 -0.004638671875 -0.215057373046875
-0.0220108032226563 -0.110435485839844 0.0856475830078125 -0.219467163085938
0.0529251098632813 -0.0838546752929688 0.201522827148437 -0.119049072265625
0.0844879150390625 -0.0384292602539063 0.132942199707031 -0.0208587646484375
0.0896072387695313 -0.0627365112304688 -0.0407485961914063 -0.100547790527344
0.154495239257813 -0.0891876220703125 -0.0139827728271484 0.0161380767822266
0.155975341796875 -0.10784912109375 -0.137237548828125 -0.14593505859375
0.090545654296875 -0.148178100585938 -0.278762817382813 -0.087493896484375
0.00357055664062502 -0.1715087890625 -0.277603149414062 0.0403594970703125
-0.0595626831054688 -0.12994384765625 -0.157638549804688 0.125518798828125
-0.112312316894531 -0.0771331787109375 -0.066192626953125 0.133247375488281
-0.112724304199219 -0.0218887329101562 -0.0102462768554688 0.0726547241210938
-0.100128173828125 -0.0284576416015625 -0.00242424011230469 -0.00250506401062012
-0.117950439453125 -0.0338592529296875 -0.00279998779296876 -0.08154296875
-0.112312316894531 -0.0675201416015625 0.028228759765625 -0.140945434570313
-0.0741348266601563 -0.108741760253906 0.102828979492188 -0.17822265625
-0.0277099609375 -0.147659301757813 0.189926147460938 -0.13592529296875
0.07318115234375 -0.129005432128906 0.248779296875 0.0167694091796875
0.122520446777344 -0.073516845703125 0.130599975585938 0.0659561157226563
0.131202697753906 -0.0817337036132813 -0.0290908813476562 -0.0866241455078125
0.109748840332031 -0.0732650756835938 -0.0102977752685547 0.0311985015869141
0.101280212402344 -0.0759124755859375 -0.1739501953125 -0.04595947265625
0.0632858276367187 -0.104248046875 -0.250961303710937 0.0811614990234375
-0.00231933593749999 -0.137657165527344 -0.178848266601563 0.188430786132812
-0.0595626831054688 -0.112213134765625 -0.049041748046875 0.201339721679688
-0.110633850097656 -0.0714263916015625 0.0208740234375 0.154571533203125
-0.110443115234375 -0.0225296020507812 0.0405082702636719 0.0683021545410156
-0.0967483520507813 -0.0321578979492187 0.0323505401611328 -0.0127296447753906
-0.110763549804687 -0.0417327880859375 0.0499954223632813 -0.0785369873046875
-0.100112915039063 -0.0771560668945312 0.110740661621094 -0.107627868652344
-0.0641860961914063 -0.120132446289062 0.207733154296875 -0.09661865234375
-0.015869140625 -0.16741943359375 0.266220092773438 0.00579833984374999
0.104949951171875 -0.153778076171875 0.238418579101562 0.186111450195312
0.164840698242188 -0.0925140380859375 0.100662231445313 0.149063110351563
0.162887573242188 -0.0860443115234375 -0.00439453124999999 -0.078643798828125
0.0650634765625 -0.0525054931640625 -0.00789260864257812 0.0581169128417969
0.0556793212890625 -0.0384292602539063 -0.172225952148437 0.0489044189453125
0.0439529418945313 -0.0568580627441406 -0.17742919921875 0.1925048828125
-0.000671386718749998 -0.0924453735351562 -0.066314697265625 0.267074584960938
-0.046600341796875 -0.080322265625 0.0474700927734375 0.23309326171875
-0.0891342163085938 -0.0556106567382812 0.095855712890625 0.157867431640625
-0.0897140502929688 -0.0206985473632812 0.0856170654296875 0.0595474243164063
-0.077728271484375 -0.0314178466796875 0.0639495849609375 -0.020477294921875
-0.084564208984375 -0.0443954467773438 0.09564208984375 -0.0681686401367187
-0.0693321228027344 -0.0698013305664063 0.176498413085938 -0.0582122802734375
-0.0398025512695312 -0.103912353515625 0.270843505859375 0.0120849609375
0.00648498535156249 -0.150680541992187 0.273941040039063 0.165298461914063
0.128822326660156 -0.135772705078125 0.1568603515625 0.33270263671875
0.184326171875 -0.0774688720703125 0.05426025390625 0.205230712890625
0.163345336914063 -0.073577880859375 0.0346832275390625 -0.0739822387695313
0.0284347534179687 -0.0349292755126953 -0.00148773193359374 0.084716796875
0.0201663970947266 -0.0111179351806641 -0.150131225585937 0.110763549804687
0.0256690979003906 -0.0213031768798828 -0.10931396484375 0.24237060546875
0.00143814086914062 -0.0478591918945313 0.0128173828125 0.29095458984375
-0.0268974304199219 -0.0446395874023438 0.106597900390625 0.23681640625
-0.0533065795898438 -0.0367965698242188 0.143829345703125 0.150955200195313
-0.0545654296875 -0.0178909301757813 0.117172241210938 0.0507049560546875
-0.0472602844238281 -0.0272941589355469 0.0887069702148438 -0.026031494140625
-0.0470161437988281 -0.0379905700683594 0.128440856933594 -0.05609130859375
-0.0303192138671875 -0.0452194213867187 0.216201782226563 -0.0110321044921875
-0.0155525207519531 -0.0620841979980469 0.28662109375 0.108612060546875
0.01666259765625 -0.0959091186523438 0.226104736328125 0.287384033203125
0.109458923339844 -0.0800247192382813 0.048004150390625 0.41253662109375
0.1468505859375 -0.0365142822265625 0.0164794921875 0.231781005859375
0.117637634277344 -0.0482940673828125 0.0756607055664063 -0.0671539306640625
0.00441551208496094 -0.00951099395751953 -0.0744171142578125 0.054046630859375
-0.0113105773925781 0.017608642578125 0.0298614501953125 -0.220367431640625
-0.0246429443359375 -0.00171470642089844 -0.00646972656250003 -0.425628662109375
-0.0218296051025391 0.0135211944580078 -0.194122314453125 -0.38458251953125
0.00105094909667969 0.0224189758300781 -0.275192260742188 -0.159576416015625
0.0181617736816406 0.0217418670654297 -0.218368530273437 0.0255126953125
0.0130205154418945 0.0150651931762695 -0.122871398925781 0.066009521484375
0.00816488265991211 0.00641727447509766 -0.0876388549804688 0.0189666748046875
0.0125598907470703 0.00433921813964844 -0.123291015625 -0.0642471313476563
0.0167732238769531 0.00520610809326172 -0.146163940429688 -0.149383544921875
0.0107440948486328 0.0141363143920898 -0.1331787109375 -0.219146728515625
0.00486469268798828 0.0103025436401367 -0.0486602783203125 -0.26031494140625
0.000231266021728516 0.00797319412231445 0.102951049804687 -0.2440185546875
-0.00201940536499023 0.00816154479980469 0.107780456542969 -0.127357482910156
-0.00580120086669922 -0.0106754302978516 -0.0359344482421875 -0.1265869140625
0.099212646484375 -0.0380172729492188 -0.0714645385742187 0.04559326171875
0.112625122070313 -0.0235137939453125 0.0272979736328125 -0.227859497070313
0.0668525695800781 -0.0659942626953125 -0.025299072265625 -0.4208984375
0.0114822387695313 -0.0645561218261719 -0.20587158203125 -0.377410888671875
-0.0091400146484375 -0.0355033874511719 -0.27508544921875 -0.15069580078125
-0.0214595794677734 -0.0118026733398437 -0.219528198242188 0.028717041015625
-0.0270481109619141 0.0038604736328125 -0.118927001953125 0.0655441284179688
-0.0289249420166016 -0.00414276123046875 -0.0814132690429688 0.0193557739257813
-0.0352706909179688 -0.00367355346679688 -0.116569519042969 -0.0634536743164062
-0.0301551818847656 -0.0140056610107422 -0.14166259765625 -0.145919799804687
-0.0158500671386719 -0.0208892822265625 -0.128097534179687 -0.215087890625
-0.000135421752929687 -0.0300388336181641 -0.04644775390625 -0.25665283203125
0.0238285064697266 -0.0132064819335938 0.10223388671875 -0.23590087890625
0.0288372039794922 0.00470733642578125 0.105224609375 -0.123420715332031
0.0214252471923828 -0.0215053558349609 -0.0401687622070313 -0.127593994140625
0.162368774414062 -0.06756591796875 -0.0498313903808594 0.0323486328125
0.19091796875 -0.0723419189453125 -0.0059814453125 -0.23468017578125
0.119636535644531 -0.12652587890625 -0.11737060546875 -0.375732421875
0.0270462036132813 -0.132186889648438 -0.265869140625 -0.297515869140625
-0.0239715576171875 -0.086700439453125 -0.272491455078125 -0.0854034423828125
-0.0597038269042969 -0.0441055297851563 -0.19482421875 0.056304931640625
-0.0649642944335938 -0.00827789306640626 -0.0954666137695313 0.0686492919921875
-0.0624771118164063 -0.0141830444335937 -0.0621223449707031 0.0159378051757812
-0.0766525268554688 -0.0116806030273437 -0.091583251953125 -0.0682907104492188
-0.0710601806640625 -0.0312881469726563 -0.1097412109375 -0.1480712890625
-0.0418853759765625 -0.0526847839355469 -0.087615966796875 -0.217269897460938
-0.00942611694335938 -0.0693817138671875 -0.002532958984375 -0.249237060546875
0.04083251953125 -0.0415420532226563 0.140838623046875 -0.200286865234375
0.0564651489257813 -0.00823593139648438 0.119873046875 -0.0878219604492188
0.0506477355957031 -0.0383987426757813 -0.0416030883789063 -0.115608215332031
0.17608642578125 -0.088897705078125 -0.0277462005615234 0.0180435180664062
0.196701049804688 -0.108734130859375 -0.07098388671875 -0.214889526367188
0.118408203125 -0.158950805664062 -0.22833251953125 -0.259658813476563
0.0176544189453125 -0.171356201171875 -0.309326171875 -0.142578125
-0.0446395874023438 -0.120674133300781 -0.238433837890625 0.02001953125
-0.0916671752929688 -0.0662994384765625 -0.14105224609375 0.0966339111328125
-0.0943450927734375 -0.0162353515625 -0.0570526123046875 0.0721282958984375
-0.0871124267578125 -0.021270751953125 -0.0342292785644531 0.00804710388183594
-0.105903625488281 -0.020538330078125 -0.0524139404296875 -0.0755157470703125
-0.0999908447265625 -0.048828125 -0.0517425537109375 -0.150115966796875
-0.06329345703125 -0.0820159912109375 -0.00970458984375001 -0.212783813476563
-0.0222091674804688 -0.10870361328125 0.0823516845703125 -0.217849731445313
0.0535049438476563 -0.0820083618164063 0.202377319335938 -0.120773315429688
0.0854568481445313 -0.0372314453125 0.135986328125 -0.0206832885742188
0.0865631103515625 -0.0610198974609375 -0.0382766723632812 -0.0982742309570313
0.148941040039063 -0.09051513671875 -0.0161352157592773 0.0155172348022461
0.153091430664063 -0.108428955078125 -0.139450073242188 -0.146682739257813
0.0897674560546875 -0.146728515625 -0.281036376953125 -0.0860137939453125
0.00218200683593751 -0.169723510742188 -0.278427124023438 0.0419464111328125
-0.05902099609375 -0.127754211425781 -0.155990600585938 0.12701416015625
-0.110588073730469 -0.075653076171875 -0.0619735717773438 0.133010864257812
-0.110572814941406 -0.02081298828125 -0.00903320312500001 0.0719070434570313
-0.0992050170898438 -0.0267181396484375 -0.00266718864440919 -0.00170540809631348
-0.117782592773438 -0.0303573608398437 -0.00350952148437501 -0.080230712890625
-0.111747741699219 -0.0655136108398438 0.0262222290039063 -0.139266967773438
-0.0730133056640625 -0.107269287109375 0.09814453125 -0.178024291992188
-0.028900146484375 -0.145248413085938 0.186859130859375 -0.136444091796875
0.072265625 -0.126449584960938 0.252090454101563 0.0145721435546875
0.122627258300781 -0.072509765625 0.134223937988281 0.0669021606445313
0.12677001953125 -0.0814971923828125 -0.027740478515625 -0.0838088989257813
0.105110168457031 -0.0736236572265625 -0.0130767822265625 0.0309257507324219
0.100090026855469 -0.0752029418945313 -0.175933837890625 -0.0463104248046875
0.0642929077148437 -0.102561950683594 -0.250823974609375 0.0822143554687499
-0.00325775146484376 -0.136482238769531 -0.177597045898437 0.187606811523438
-0.0594100952148438 -0.110916137695313 -0.0458221435546875 0.200607299804687
-0.109832763671875 -0.070404052734375 0.0246734619140625 0.15301513671875
-0.108634948730469 -0.02142333984375 0.0416908264160156 0.0677642822265625
-0.0955352783203125 -0.0299072265625 0.0307216644287109 -0.0112876892089844
-0.110176086425781 -0.0394973754882813 0.0480422973632813 -0.0779495239257813
-0.100181579589844 -0.0750961303710938 0.108039855957031 -0.107246398925781
-0.0636978149414062 -0.118049621582031 0.203048706054688 -0.0982208251953125
-0.0183563232421875 -0.164154052734375 0.26458740234375 0.00401306152343749
0.103195190429688 -0.15185546875 0.243362426757813 0.18426513671875
0.164230346679688 -0.0928955078125 0.104049682617188 0.151153564453125
0.158309936523438 -0.0870513916015625 -0.00392913818359374 -0.0759658813476563
0.0622215270996094 -0.0524444580078125 -0.011077880859375 0.058868408203125
0.0551795959472656 -0.0369796752929688 -0.172637939453125 0.0502777099609375
0.0453147888183594 -0.055816650390625 -0.17437744140625 0.19171142578125
-0.00128936767578125 -0.091461181640625 -0.0639190673828125 0.265426635742188
-0.0461349487304688 -0.0799789428710937 0.0513763427734375 0.23046875
-0.0890884399414063 -0.05535888671875 0.0998992919921875 0.155105590820313
-0.0884628295898438 -0.0192718505859375 0.0855560302734375 0.05926513671875
-0.0773696899414063 -0.0296478271484375 0.0609321594238281 -0.0192718505859375
-0.0854721069335938 -0.0419845581054688 0.09320068359375 -0.0684051513671875
-0.069183349609375 -0.0684318542480469 0.173583984375 -0.0597076416015625
-0.0399169921875 -0.102287292480469 0.267623901367188 0.00933837890624999
0.00288391113281251 -0.147842407226563 0.273681640625 0.162887573242188
0.126869201660156 -0.135116577148438 0.162872314453125 0.331573486328125
0.183929443359375 -0.0788116455078125 0.056671142578125 0.208099365234375
0.159286499023438 -0.0747528076171875 0.0333404541015625 -0.0722732543945313
0.0269279479980469 -0.0352020263671875 -0.00440216064453125 0.0848617553710938
0.0207939147949219 -0.0100593566894531 -0.14984130859375 0.112594604492188
0.0271396636962891 -0.0205821990966797 -0.105575561523438 0.24090576171875
0.00124359130859375 -0.0477981567382812 0.017364501953125 0.2889404296875
-0.0265541076660156 -0.0447540283203125 0.11181640625 0.233932495117188
-0.0544662475585938 -0.0372352600097656 0.146942138671875 0.147994995117188
-0.0539360046386719 -0.0168914794921875 0.116668701171875 0.0504074096679688
-0.0475616455078125 -0.0254325866699219 0.08465576171875 -0.0249710083007813
-0.0487518310546875 -0.0365982055664062 0.125137329101563 -0.057159423828125
-0.0303115844726563 -0.0451889038085937 0.213760375976562 -0.0136260986328125
-0.0153541564941406 -0.0608634948730469 0.28485107421875 0.1038818359375
0.013519287109375 -0.0935516357421875 0.2266845703125 0.284332275390625
0.108413696289062 -0.0799789428710937 0.0552978515625 0.4127197265625
0.14678955078125 -0.038238525390625 0.0166473388671875 0.233917236328125
0.114593505859375 -0.0495834350585938 0.07342529296875 -0.0659637451171875
0.00429439544677734 -0.0113277435302734 -0.0736236572265625 0.05810546875
-0.00886154174804688 0.0188827514648438 0.028289794921875 -0.22991943359375
-0.0253677368164063 -0.000280380249023439 -0.01971435546875 -0.4412841796875
-0.0218696594238281 0.0158023834228516 -0.21197509765625 -0.3922119140625
0.00214004516601563 0.0232295989990234 -0.28924560546875 -0.155364990234375
0.0203781127929688 0.0208606719970703 -0.222549438476563 0.0309600830078125
0.0139141082763672 0.0157232284545898 -0.122879028320313 0.071258544921875
0.00865030288696289 0.00865411758422852 -0.087982177734375 0.0216217041015625
0.0122385025024414 0.00648880004882813 -0.1278076171875 -0.0612258911132813
0.0170745849609375 0.00556087493896484 -0.155426025390625 -0.147659301757813
0.0125083923339844 0.0147504806518555 -0.146255493164063 -0.219940185546875
0.00558853149414063 0.0108442306518555 -0.05963134765625 -0.266799926757813
0.000233650207519531 0.0079197883605957 0.098297119140625 -0.254898071289063
-0.0012211799621582 0.00822782516479492 0.1104736328125 -0.135124206542969
-0.00535106658935547 -0.00977516174316406 -0.0365982055664063 -0.129539489746094
0.0997695922851563 -0.04400634765625 -0.070770263671875 0.0496902465820313
0.11773681640625 -0.0279541015625 0.024810791015625 -0.237152099609375
0.0675048828125 -0.0698204040527344 -0.0369873046875 -0.434539794921875
0.00993728637695313 -0.0659217834472656 -0.224945068359375 -0.384490966796875
-0.00942611694335938 -0.0361709594726563 -0.289215087890625 -0.145751953125
-0.0213699340820313 -0.0123424530029297 -0.22283935546875 0.0356903076171875
-0.0270252227783203 0.00445175170898437 -0.118934631347656 0.07061767578125
-0.0291938781738281 -0.00198554992675781 -0.081634521484375 0.0216293334960937
-0.0364570617675781 -0.000503540039062506 -0.120513916015625 -0.061279296875
-0.0314922332763672 -0.0133247375488281 -0.150070190429688 -0.145172119140625
-0.0160255432128906 -0.0211296081542969 -0.14044189453125 -0.2161865234375
-0.000226974487304689 -0.0306339263916016 -0.05767822265625 -0.262420654296875
0.0252532958984375 -0.0142498016357422 0.098297119140625 -0.246994018554688
0.0315322875976563 0.00448036193847656 0.107452392578125 -0.130271911621094
0.0213260650634766 -0.0210132598876953 -0.0411605834960938 -0.130821228027344
0.162399291992188 -0.0758209228515625 -0.0503273010253906 0.034637451171875
0.195892333984375 -0.08087158203125 -0.0113372802734375 -0.244369506835937
0.120895385742187 -0.133331298828125 -0.132843017578125 -0.3853759765625
0.0238876342773437 -0.1361083984375 -0.2857666015625 -0.299957275390625
-0.0267333984375 -0.0885391235351563 -0.285064697265625 -0.077850341796875
-0.0606575012207031 -0.0434684753417969 -0.19677734375 0.0641632080078125
-0.0656204223632813 -0.00664901733398439 -0.0944061279296875 0.0736618041992187
-0.0640525817871094 -0.0115318298339844 -0.0620002746582031 0.0167617797851563
-0.0789108276367188 -0.00785064697265624 -0.095184326171875 -0.0678863525390625
-0.0740585327148438 -0.0293960571289062 -0.116119384765625 -0.1492919921875
-0.0439949035644531 -0.0536270141601562 -0.098297119140625 -0.219680786132813
-0.0106430053710938 -0.0707855224609375 -0.0111846923828125 -0.25592041015625
0.0424957275390625 -0.0433464050292969 0.140426635742187 -0.212509155273437
0.0600662231445313 -0.00958633422851563 0.12384033203125 -0.0941390991210937
0.0501480102539063 -0.0389900207519531 -0.0419082641601563 -0.117424011230469
0.175140380859375 -0.096954345703125 -0.0284557342529297 0.0183563232421875
0.200485229492187 -0.11859130859375 -0.078948974609375 -0.222824096679688
0.118148803710938 -0.16717529296875 -0.24359130859375 -0.26226806640625
0.012664794921875 -0.176025390625 -0.327606201171875 -0.138336181640625
-0.0485305786132813 -0.122314453125 -0.246109008789063 0.0290679931640624
-0.094573974609375 -0.0660476684570313 -0.140342712402344 0.103385925292969
-0.0953598022460937 -0.0144271850585938 -0.05523681640625 0.0756149291992188
-0.0893630981445313 -0.0181884765625 -0.0344581604003906 0.00872802734374999
-0.108360290527344 -0.0167465209960938 -0.0556716918945313 -0.0767745971679688
-0.104385375976563 -0.046722412109375 -0.05657958984375 -0.15301513671875
-0.0664901733398438 -0.0842437744140625 -0.0179595947265625 -0.217803955078125
-0.025299072265625 -0.11065673828125 0.07708740234375 -0.226974487304688
0.0547256469726563 -0.0842742919921875 0.20819091796875 -0.131988525390625
0.089019775390625 -0.0400924682617188 0.143768310546875 -0.0246124267578125
0.0858154296875 -0.0639572143554688 -0.0387802124023438 -0.0992431640625
0.14654541015625 -0.09649658203125 -0.0173511505126953 0.0162687301635742
0.153579711914063 -0.116165161132813 -0.149856567382813 -0.1500244140625
0.0895538330078125 -0.15252685546875 -0.294158935546875 -0.0812988281250001
-0.00263977050781251 -0.173583984375 -0.2889404296875 0.0514526367187499
-0.0633468627929687 -0.129035949707031 -0.157058715820313 0.136199951171875
-0.11419677734375 -0.0748443603515625 -0.057952880859375 0.137725830078125
-0.112167358398438 -0.0181503295898438 -0.00592803955078125 0.0742340087890625
-0.10150146484375 -0.0236282348632812 -0.0024406909942627 -0.0016322135925293
-0.120513916015625 -0.026031494140625 -0.00566864013671876 -0.0830841064453125
-0.116294860839844 -0.0635757446289062 0.023040771484375 -0.1444091796875
-0.0770339965820313 -0.108963012695312 0.094482421875 -0.185638427734375
-0.0335693359375 -0.146820068359375 0.188568115234375 -0.145767211914063
0.0721893310546875 -0.130142211914063 0.265121459960938 0.00717163085937499
0.125282287597656 -0.0782852172851563 0.144302368164063 0.0673675537109375
0.126007080078125 -0.08642578125 -0.0281753540039063 -0.0838851928710938
0.102188110351563 -0.0780868530273438 -0.0155220031738281 0.032867431640625
0.100021362304688 -0.0795745849609375 -0.184616088867188 -0.0438690185546875
0.0653533935546875 -0.106689453125 -0.257736206054688 0.0920562744140625
-0.00690460205078126 -0.139671325683594 -0.179336547851562 0.19873046875
-0.0630035400390625 -0.112503051757813 -0.04058837890625 0.207916259765625
-0.114585876464844 -0.0693740844726563 0.0325469970703125 0.15533447265625
-0.110847473144531 -0.01837158203125 0.0458450317382812 0.0691108703613281
-0.0982589721679688 -0.02679443359375 0.0305194854736328 -0.0114593505859375
-0.114021301269531 -0.0358963012695313 0.0473403930664062 -0.0819854736328125
-0.104988098144531 -0.0739364624023437 0.108322143554688 -0.113548278808594
-0.068084716796875 -0.119064331054687 0.205169677734375 -0.106552124023438
-0.0242767333984375 -0.166351318359375 0.273971557617188 -0.00244140625000001
0.10260009765625 -0.15771484375 0.261215209960938 0.184310913085937
0.167404174804688 -0.100967407226563 0.114120483398438 0.156936645507813
0.15753173828125 -0.093597412109375 -0.00591278076171873 -0.0763168334960938
0.0596656799316406 -0.0555496215820313 -0.0136833190917969 0.0622444152832031
0.0561943054199219 -0.0389633178710938 -0.178878784179688 0.0566253662109375
0.0477943420410156 -0.0578651428222656 -0.175201416015625 0.2027587890625
-0.00311279296875 -0.0942001342773437 -0.0578765869140625 0.274002075195313
-0.0492935180664063 -0.08062744140625 0.06134033203125 0.235336303710938
-0.0933303833007813 -0.05419921875 0.10955810546875 0.15509033203125
-0.0901031494140625 -0.0168991088867188 0.090423583984375 0.05938720703125
-0.0799407958984375 -0.02655029296875 0.0606880187988281 -0.0194625854492188
-0.089263916015625 -0.039825439453125 0.0929107666015625 -0.072967529296875
-0.0739288330078125 -0.0688705444335938 0.176483154296875 -0.0670318603515625
-0.0434188842773437 -0.104354858398438 0.275070190429688 0.00231933593749999
-0.0024871826171875 -0.150039672851563 0.287841796875 0.1617431640625
0.127059936523438 -0.141998291015625 0.180999755859375 0.339996337890625
0.188461303710938 -0.0878143310546875 0.0644073486328125 0.217147827148438
0.159408569335938 -0.0819854736328125 0.0313644409179688 -0.073028564453125
0.0255775451660156 -0.0374221801757812 -0.00622558593749999 0.089813232421875
0.0223674774169922 -0.0107612609863281 -0.153167724609375 0.121475219726563
0.0293254852294922 -0.0219688415527344 -0.101226806640625 0.250289916992188
0.000610351562499997 -0.0492286682128906 0.028106689453125 0.295013427734375
-0.0281982421875 -0.0450553894042969 0.12506103515625 0.23675537109375
-0.0576820373535156 -0.0367927551269531 0.158645629882813 0.146560668945313
-0.05511474609375 -0.015228271484375 0.121910095214844 0.0489120483398438
-0.0495681762695313 -0.0231208801269531 0.0841827392578125 -0.0262298583984375
-0.0521965026855469 -0.0352096557617188 0.125541687011719 -0.0626220703125
-0.0327224731445313 -0.0463714599609375 0.218460083007813 -0.020751953125
-0.0170860290527344 -0.0626373291015625 0.295013427734375 0.098968505859375
0.00986480712890626 -0.0955734252929688 0.242156982421875 0.288177490234375
0.109756469726563 -0.0859146118164063 0.0694885253906249 0.425506591796875
0.1513671875 -0.0442657470703125 0.022552490234375 0.244522094726563
0.114250183105469 -0.0540695190429688 0.0716400146484375 -0.0683364868164063
0.00235652923583984 -0.0131921768188477 -0.0692825317382813 0.0657882690429688
-0.00541877746582031 0.0194683074951172 0.0156097412109375 -0.240554809570313
-0.0262699127197266 0.00219154357910156 -0.052581787109375 -0.453582763671875
-0.0205745697021484 0.0181503295898438 -0.248321533203125 -0.387969970703125
0.00475502014160157 0.0231590270996094 -0.30963134765625 -0.137359619140625
0.0228996276855469 0.017974853515625 -0.224761962890625 0.0473785400390625
0.0159940719604492 0.0151329040527344 -0.118522644042969 0.0821151733398438
0.00999069213867188 0.0100927352905273 -0.0866317749023438 0.0285263061523438
0.0137605667114258 0.00781631469726563 -0.133811950683594 -0.0530624389648437
0.0176792144775391 0.00445556640625 -0.170013427734375 -0.138687133789063
0.0144376754760742 0.0141677856445313 -0.168136596679687 -0.212478637695313
0.00673484802246094 0.0114202499389648 -0.0833587646484375 -0.2677001953125
0.000224113464355468 0.00770759582519531 0.0811767578125 -0.270492553710937
-0.000329971313476562 0.00746011734008789 0.10626220703125 -0.14801025390625
-0.00596904754638672 -0.0100498199462891 -0.0424880981445312 -0.130760192871094
0.0965805053710937 -0.0531768798828125 -0.0676231384277344 0.0558662414550781
0.119636535644531 -0.0377349853515625 0.011444091796875 -0.248321533203125
0.06494140625 -0.0758743286132813 -0.070037841796875 -0.44482421875
0.00597763061523438 -0.0682563781738281 -0.260589599609375 -0.378265380859375
-0.0116996765136719 -0.0364990234375 -0.30914306640625 -0.12738037109375
-0.0216999053955078 -0.0123767852783203 -0.224929809570312 0.05303955078125
-0.02655029296875 0.00568962097167968 -0.115234375 0.0812530517578125
-0.0294971466064453 0.00163459777832031 -0.0805816650390625 0.026885986328125
-0.0367012023925781 0.00354766845703126 -0.127204895019531 -0.0548553466796875
-0.0340805053710938 -0.0107898712158203 -0.164291381835938 -0.137283325195313
-0.0176181793212891 -0.0207691192626953 -0.16180419921875 -0.210479736328125
-0.00197601318359375 -0.0318641662597656 -0.0797882080078125 -0.26373291015625
0.0257759094238281 -0.0166206359863281 0.0834503173828125 -0.261810302734375
0.0340957641601563 0.00201606750488281 0.103439331054688 -0.142623901367188
0.0199260711669922 -0.0219917297363281 -0.0479278564453125 -0.131813049316406
0.157821655273438 -0.089935302734375 -0.0469551086425781 0.0384368896484375
0.195327758789063 -0.099517822265625 -0.0266876220703125 -0.253067016601562
0.114761352539063 -0.14544677734375 -0.166534423828125 -0.387115478515625
0.0148468017578125 -0.140945434570313 -0.319244384765625 -0.2874755859375
-0.0333175659179688 -0.0891571044921875 -0.299285888671875 -0.05816650390625
-0.064788818359375 -0.0418586730957031 -0.195648193359375 0.0798797607421875
-0.0665168762207031 -0.00246047973632814 -0.0902633666992188 0.0815811157226562
-0.0655517578125 -0.00591278076171875 -0.0611038208007813 0.0208816528320312
-0.080657958984375 -0.000717163085937516 -0.101806640625 -0.063323974609375
-0.077880859375 -0.0241775512695313 -0.129180908203125 -0.1446533203125
-0.0472373962402344 -0.0527915954589844 -0.119415283203125 -0.217849731445313
-0.0159988403320312 -0.0717620849609375 -0.031494140625 -0.26239013671875
0.0427894592285156 -0.0463981628417969 0.130020141601563 -0.2303466796875
0.0633888244628906 -0.0138893127441406 0.12396240234375 -0.106903076171875
0.0484771728515625 -0.0423126220703125 -0.0471038818359375 -0.117767333984375
0.168060302734375 -0.110427856445313 -0.0277271270751953 0.0207347869873047
0.194549560546875 -0.138381958007813 -0.0971832275390625 -0.226348876953125
0.111068725585938 -0.180252075195313 -0.272659301757813 -0.2528076171875
0.000656127929687481 -0.180557250976563 -0.350738525390625 -0.116943359375
-0.0572433471679688 -0.121994018554688 -0.251296997070313 0.0497283935546875
-0.100990295410156 -0.0615310668945312 -0.134803771972656 0.115852355957031
-0.0973739624023438 -0.00887298583984375 -0.0501632690429688 0.0808029174804687
-0.0916595458984375 -0.011871337890625 -0.0337009429931641 0.0100631713867188
-0.110481262207031 -0.00662231445312499 -0.0624008178710938 -0.0761032104492187
-0.109771728515625 -0.0404052734375 -0.068695068359375 -0.153030395507813
-0.0739898681640625 -0.081695556640625 -0.035369873046875 -0.221603393554687
-0.0336837768554688 -0.110664367675781 0.0621795654296875 -0.238784790039063
0.0531387329101562 -0.0894012451171875 0.20654296875 -0.154205322265625
0.0901947021484375 -0.04632568359375 0.150054931640625 -0.03570556640625
0.081787109375 -0.0700225830078125 -0.0430068969726563 -0.0984115600585938
0.139152526855469 -0.108322143554688 -0.0182094573974609 0.0186805725097656
0.146759033203125 -0.130325317382813 -0.16632080078125 -0.145858764648438
0.0833892822265625 -0.162445068359375 -0.310699462890625 -0.0614013671875
-0.0146484375 -0.1771240234375 -0.297576904296875 0.074554443359375
-0.0736618041992188 -0.127815246582031 -0.15069580078125 0.151779174804688
-0.122367858886719 -0.0686721801757813 -0.047393798828125 0.144607543945313
-0.11444091796875 -0.0118179321289062 -4.5776367187509E-05 0.0757522583007813
-0.1046142578125 -0.0166473388671875 -0.00202298164367676 -0.00102496147155762
-0.124290466308594 -0.0175704956054687 -0.0123748779296875 -0.0862884521484375
-0.122726440429688 -0.05596923828125 0.0131988525390625 -0.150039672851563
-0.0868682861328125 -0.106475830078125 0.0827789306640625 -0.196929931640625
-0.045501708984375 -0.146102905273438 0.184463500976563 -0.163925170898438
0.0658187866210937 -0.138313293457031 0.276229858398438 -0.014434814453125
0.123954772949219 -0.0886611938476563 0.156784057617188 0.060821533203125
0.120323181152344 -0.0965499877929688 -0.0327835083007813 -0.0818252563476563
0.095306396484375 -0.0863494873046875 -0.0167274475097656 0.0362892150878906
0.0952377319335938 -0.0881805419921875 -0.195755004882812 -0.0308837890625
0.0623092651367187 -0.113418579101563 -0.25958251953125 0.113128662109375
-0.0159912109375 -0.142745971679688 -0.170867919921875 0.217208862304688
-0.0720443725585937 -0.110244750976563 -0.025421142578125 0.215896606445313
-0.122062683105469 -0.06396484375 0.0461578369140625 0.155487060546875
-0.113059997558594 -0.011260986328125 0.0531158447265625 0.0679817199707031
-0.100784301757813 -0.0200271606445312 0.0307788848876953 -0.0131931304931641
-0.119194030761719 -0.0269546508789062 0.0421218872070313 -0.0880966186523438
-0.112899780273438 -0.0668563842773438 0.103462219238281 -0.124412536621094
-0.0779571533203125 -0.118362426757813 0.202774047851562 -0.1243896484375
-0.0374755859375 -0.166702270507813 0.282684326171875 -0.02276611328125
0.0946044921875 -0.168960571289063 0.287017822265625 0.169464111328125
0.164794921875 -0.116653442382812 0.131973266601563 0.156219482421875
0.1522216796875 -0.107086181640625 -0.0107574462890625 -0.0761184692382812
0.0545883178710938 -0.0590248107910156 -0.0117568969726562 0.067626953125
0.0545272827148438 -0.0426254272460938 -0.18170166015625 0.0731964111328125
0.0475387573242188 -0.0636024475097656 -0.165283203125 0.22137451171875
-0.00876617431640626 -0.0953369140625 -0.0400390625 0.2850341796875
-0.0555572509765625 -0.0801849365234375 0.0830841064453125 0.2364501953125
-0.0995407104492188 -0.0491714477539063 0.125167846679688 0.148605346679688
-0.091461181640625 -0.0111465454101563 0.09710693359375 0.054412841796875
-0.0825729370117188 -0.0197830200195313 0.0602035522460937 -0.023223876953125
-0.0940322875976563 -0.0328903198242188 0.089752197265625 -0.0828475952148438
-0.0802001953125 -0.064453125 0.176376342773438 -0.081939697265625
-0.0510101318359375 -0.104621887207031 0.283294677734375 -0.017486572265625
-0.0146484375 -0.150497436523437 0.30889892578125 0.147003173828125
0.120376586914063 -0.155410766601563 0.215576171875 0.336944580078125
0.188095092773438 -0.105178833007813 0.082427978515625 0.2215576171875
0.155532836914063 -0.0946807861328125 0.02557373046875 -0.0752716064453125
0.0216064453125 -0.0387153625488281 -0.00228118896484374 0.0962371826171875
0.0218791961669922 -0.0121288299560547 -0.149520874023437 0.13861083984375
0.0306911468505859 -0.0256328582763672 -0.0857086181640625 0.264297485351563
-0.00241851806640625 -0.0505027770996094 0.05224609375 0.299163818359375
-0.0320091247558594 -0.0450515747070313 0.149337768554688 0.231658935546875
-0.0617828369140625 -0.0332565307617188 0.176055908203125 0.136871337890625
-0.0567131042480469 -0.01068115234375 0.129020690917969 0.0417022705078125
-0.0520133972167969 -0.0187492370605469 0.0831985473632813 -0.030731201171875
-0.0572013854980469 -0.0310745239257813 0.124130249023437 -0.0738143920898438
-0.03839111328125 -0.0450172424316406 0.2222900390625 -0.0382080078125
-0.0212059020996094 -0.0630607604980469 0.309967041015625 0.079345703125
0.00151824951171875 -0.0967864990234375 0.27001953125 0.281585693359375
0.106857299804688 -0.0962600708007813 0.10400390625 0.4332275390625
0.152969360351562 -0.0584259033203125 0.03912353515625 0.253082275390625
0.111213684082031 -0.0628204345703125 0.0665054321289063 -0.0733108520507813
-0.00207042694091797 -0.0140857696533203 -0.0594596862792969 0.0692558288574219
-0.00270652770996094 0.0191078186035156 -0.0023193359375 -0.240768432617188
-0.0255146026611328 0.00470352172851562 -0.0916137695312499 -0.441925048828125
-0.0169486999511719 0.0198421478271484 -0.279571533203125 -0.35894775390625
0.00736045837402344 0.0209865570068359 -0.3160400390625 -0.106353759765625
0.0234508514404297 0.0133304595947266 -0.215652465820312 0.065887451171875
0.017399787902832 0.0134315490722656 -0.107933044433594 0.0907363891601563
0.0127153396606445 0.0104074478149414 -0.0813140869140625 0.034423828125
0.014958381652832 0.00803470611572266 -0.134658813476563 -0.0416030883789063
0.0170764923095703 0.00329208374023438 -0.179031372070312 -0.121429443359375
0.0162248611450195 0.0129222869873047 -0.185379028320313 -0.192825317382813
0.00816726684570313 0.0107460021972656 -0.106781005859375 -0.25439453125
0.00128936767578125 0.00707292556762695 0.0556793212890625 -0.273345947265625
0.00119733810424805 0.00690650939941406 0.0941162109375 -0.154373168945313
-0.00625085830688477 -0.00811004638671875 -0.049072265625 -0.126495361328125
0.0874099731445313 -0.0601272583007813 -0.0591011047363281 0.059814453125
0.114891052246094 -0.0491561889648438 -0.00784301757812499 -0.24755859375
0.056976318359375 -0.0801315307617188 -0.106475830078125 -0.430328369140625
0.000328063964843746 -0.0660362243652344 -0.292327880859375 -0.34881591796875
-0.0146217346191406 -0.0364494323730469 -0.31536865234375 -0.0957641601562501
-0.0226917266845703 -0.0121440887451172 -0.214370727539063 0.0716552734375
-0.0250091552734375 0.00760841369628906 -0.103813171386719 0.089569091796875
-0.02728271484375 0.00473785400390625 -0.0757522583007813 0.0318222045898437
-0.0344791412353516 0.00833511352539063 -0.128730773925781 -0.044219970703125
-0.0342864990234375 -0.00702857971191407 -0.17236328125 -0.120849609375
-0.01861572265625 -0.0198574066162109 -0.177932739257813 -0.190658569335938
-0.00359535217285156 -0.0304622650146484 -0.10302734375 -0.250732421875
0.0255184173583984 -0.0185070037841797 0.0587921142578125 -0.265823364257813
0.0354995727539062 -0.00159454345703125 0.09246826171875 -0.149856567382813
0.0181884765625 -0.0219326019287109 -0.0546875 -0.12664794921875
0.143798828125 -0.100234985351563 -0.0418968200683594 0.0404891967773437
0.18255615234375 -0.11480712890625 -0.0472869873046875 -0.249313354492188
0.10137939453125 -0.152923583984375 -0.19573974609375 -0.366729736328125
0.00263977050781251 -0.138763427734375 -0.34197998046875 -0.253662109375
-0.0398406982421875 -0.085174560546875 -0.299285888671875 -0.028533935546875
-0.0674018859863281 -0.0360641479492187 -0.182769775390625 0.096221923828125
-0.0643997192382813 0.00216293334960937 -0.0794296264648437 0.087921142578125
-0.0633544921875 -0.000320434570312508 -0.0570640563964844 0.0241127014160156
-0.0773162841796875 0.00746917724609375 -0.105247497558594 -0.0550537109375
-0.0777130126953125 -0.0167160034179687 -0.139137268066406 -0.131202697753906
-0.0515632629394531 -0.0493011474609375 -0.135879516601562 -0.202163696289063
-0.0202484130859375 -0.0691299438476563 -0.0551300048828125 -0.253494262695313
0.0405387878417969 -0.050811767578125 0.107467651367187 -0.23944091796875
0.0620040893554688 -0.0189399719238281 0.115646362304688 -0.116195678710938
0.043121337890625 -0.0430221557617187 -0.0535736083984375 -0.112342834472656
0.152175903320313 -0.121292114257813 -0.024505615234375 0.0223350524902344
0.176849365234375 -0.152481079101563 -0.11572265625 -0.216796875
0.094085693359375 -0.186080932617188 -0.289947509765625 -0.224700927734375
-0.0139617919921875 -0.176910400390625 -0.356964111328125 -0.0848999023437501
-0.0671005249023437 -0.114463806152344 -0.242080688476563 0.07232666015625
-0.103424072265625 -0.051544189453125 -0.120155334472656 0.125289916992188
-0.0955657958984375 -0.001251220703125 -0.0405120849609375 0.0839996337890625
-0.0889434814453125 -0.0035552978515625 -0.0315990447998047 0.0129413604736328
-0.107048034667969 0.00256347656250002 -0.0680389404296875 -0.071075439453125
-0.109809875488281 -0.0291748046875 -0.0803070068359375 -0.145156860351563
-0.0787582397460938 -0.075164794921875 -0.0543670654296875 -0.214019775390625
-0.040924072265625 -0.1053466796875 0.040557861328125 -0.239501953125
0.0461273193359375 -0.0915679931640625 0.191146850585938 -0.171539306640625
0.0855865478515625 -0.0530242919921875 0.148681640625 -0.0477294921875
0.0727462768554688 -0.0722885131835938 -0.047210693359375 -0.0922012329101562
0.124114990234375 -0.115219116210938 -0.0169639587402344 0.0196323394775391
0.131195068359375 -0.139808654785156 -0.178192138671875 -0.131072998046875
0.069061279296875 -0.167007446289062 -0.310699462890625 -0.033447265625
-0.0292816162109375 -0.172348022460938 -0.289093017578125 0.100830078125
-0.0818405151367188 -0.120223999023438 -0.134994506835938 0.163925170898438
-0.125595092773438 -0.0576705932617187 -0.032623291015625 0.145523071289063
-0.111793518066406 -0.00262451171874999 0.00846862792968749 0.0753250122070312
-0.101783752441406 -0.00789642333984376 -0.0022115707397461 -0.00107002258300781
-0.121681213378906 -0.00576782226562503 -0.0200881958007813 -0.0853805541992188
-0.123985290527344 -0.0439300537109375 -1.52587890625135E-05 -0.15008544921875
-0.0934524536132813 -0.0980758666992188 0.063232421875 -0.20135498046875
-0.0557632446289063 -0.137954711914063 0.166702270507813 -0.177032470703125
0.0556640625 -0.140113830566406 0.274215698242188 -0.0401763916015625
0.114883422851562 -0.0975418090820312 0.164016723632813 0.047271728515625
0.107070922851563 -0.102561950683594 -0.0365371704101563 -0.0765914916992187
0.08294677734375 -0.089385986328125 -0.0130577087402344 0.0387153625488281
0.0842514038085937 -0.0932235717773437 -0.19696044921875 -0.0142059326171875
0.0534744262695313 -0.11712646484375 -0.245361328125 0.134475708007812
-0.0266952514648438 -0.138137817382813 -0.152069091796875 0.229782104492188
-0.0788421630859375 -0.103683471679688 -0.00466918945312499 0.213180541992188
-0.124740600585938 -0.0521011352539062 0.0601348876953125 0.146530151367188
-0.109817504882813 -0.00323486328125 0.0580253601074219 0.0619316101074219
-0.0985794067382813 -0.0112533569335937 0.0286216735839844 -0.0145587921142578
-0.11749267578125 -0.0155715942382813 0.0320587158203125 -0.0919036865234375
-0.115737915039063 -0.0554580688476563 0.08990478515625 -0.132705688476563
-0.085662841796875 -0.109405517578125 0.188308715820313 -0.140151977539063
-0.0507354736328125 -0.157501220703125 0.277618408203125 -0.047119140625
0.07989501953125 -0.172866821289062 0.299896240234375 0.1395263671875
0.15203857421875 -0.129623413085938 0.145965576171875 0.145660400390625
0.137199401855469 -0.116867065429688 -0.0159683227539062 -0.0707321166992188
0.0462188720703125 -0.0606269836425781 -0.007293701171875 0.0704345703125
0.0486984252929687 -0.0447883605957031 -0.172531127929688 0.08837890625
0.0434646606445313 -0.0671348571777344 -0.143325805664062 0.231674194335938
-0.0162429809570312 -0.0944671630859375 -0.01513671875 0.28167724609375
-0.0606307983398438 -0.074981689453125 0.103973388671875 0.2213134765625
-0.101821899414063 -0.0402984619140625 0.13623046875 0.133903503417969
-0.0893478393554688 -0.00389862060546876 0.100547790527344 0.0454940795898438
-0.0808181762695312 -0.0133438110351562 0.0558967590332031 -0.0265922546386719
-0.094573974609375 -0.0228805541992188 0.07861328125 -0.0893936157226563
-0.0843582153320313 -0.0556793212890625 0.165206909179688 -0.0970611572265625
-0.0589599609375 -0.0974044799804688 0.275146484375 -0.04205322265625
-0.0271759033203125 -0.145004272460938 0.317840576171875 0.11761474609375
0.105758666992187 -0.1632080078125 0.242279052734375 0.3114013671875
0.175765991210938 -0.121429443359375 0.100662231445313 0.214935302734375
0.141250610351563 -0.105667114257813 0.0181198120117188 -0.0733718872070313
0.016387939453125 -0.039459228515625 0.00389099121093749 0.0976638793945313
0.0207939147949219 -0.0132369995117187 -0.135086059570313 0.150802612304687
0.0292892456054688 -0.0283393859863281 -0.0606231689453125 0.266082763671875
-0.00643539428710938 -0.0496635437011719 0.076904296875 0.287750244140625
-0.0341224670410156 -0.0420646667480469 0.169158935546875 0.212387084960938
-0.0636672973632813 -0.0270500183105469 0.18499755859375 0.116531372070312
-0.0547561645507813 -0.00615692138671874 0.130058288574219 0.0300521850585938
-0.0514869689941406 -0.0129737854003906 0.0773773193359375 -0.0355987548828125
-0.0589408874511719 -0.0240936279296875 0.113739013671875 -0.083831787109375
-0.0424270629882813 -0.0413780212402344 0.21441650390625 -0.0572052001953125
-0.0260543823242187 -0.0603065490722656 0.3109130859375 0.05126953125
-0.006805419921875 -0.092437744140625 0.289947509765625 0.253936767578125
0.0971145629882813 -0.1046142578125 0.141510009765625 0.416717529296875
0.145828247070313 -0.0722503662109375 0.0587615966796875 0.248870849609375
0.102691650390625 -0.0701141357421875 0.0572586059570313 -0.074615478515625
-0.00554180145263672 -0.0126962661743164 -0.05010986328125 0.067657470703125
-0.00145149230957031 0.0173015594482422 -0.01123046875 -0.231964111328125
-0.0245571136474609 0.00690460205078125 -0.10809326171875 -0.41705322265625
-0.0151920318603516 0.0200557708740234 -0.286865234375 -0.328216552734375
0.00856590270996094 0.0184669494628906 -0.30731201171875 -0.082550048828125
0.0218868255615234 0.00979423522949219 -0.201858520507813 0.073272705078125
0.0177459716796875 0.0108489990234375 -0.0955963134765625 0.091705322265625
0.014185905456543 0.0102949142456055 -0.073577880859375 0.0365447998046875
0.0159215927124023 0.00787448883056641 -0.131278991699219 -0.03338623046875
0.0166730880737305 0.00237369537353516 -0.17657470703125 -0.105743408203125
0.0170669555664063 0.0109176635742188 -0.187149047851562 -0.172836303710938
0.00921058654785156 0.00993537902832031 -0.116607666015625 -0.236328125
0.00129508972167969 0.00594472885131836 0.0378265380859375 -0.263519287109375
0.00203561782836914 0.00613307952880859 0.0846405029296875 -0.153427124023438
-0.00528335571289063 -0.00698089599609375 -0.0492172241210937 -0.120170593261719
0.0781478881835938 -0.0597991943359375 -0.0507431030273438 0.0580902099609375
0.106681823730469 -0.052825927734375 -0.0173797607421875 -0.23870849609375
0.0509414672851563 -0.0796051025390625 -0.12298583984375 -0.406158447265625
-0.0022125244140625 -0.0635185241699219 -0.29791259765625 -0.317626953125
-0.0156326293945313 -0.0353126525878906 -0.305023193359375 -0.072906494140625
-0.0233535766601562 -0.0117340087890625 -0.199325561523438 0.0791778564453125
-0.0235805511474609 0.00720405578613281 -0.0921630859375 0.0903091430664063
-0.0245265960693359 0.00629425048828125 -0.0692520141601563 0.0338058471679688
-0.0313720703125 0.0103549957275391 -0.125900268554688 -0.0363388061523438
-0.0323047637939453 -0.00457763671874999 -0.170318603515625 -0.107330322265625
-0.0182228088378906 -0.0185184478759766 -0.180130004882813 -0.17193603515625
-0.00433921813964844 -0.0293216705322266 -0.111923217773438 -0.232711791992188
0.0242290496826172 -0.0204353332519531 0.041229248046875 -0.2574462890625
0.0344772338867188 -0.00336265563964844 0.0831146240234375 -0.14874267578125
0.0163345336914063 -0.0198650360107422 -0.0552597045898438 -0.119911193847656
0.1312255859375 -0.100471496582031 -0.0358505249023437 0.0392875671386719
0.167236328125 -0.11822509765625 -0.056671142578125 -0.238906860351563
0.0897216796875 -0.151748657226563 -0.205841064453125 -0.340484619140625
-0.00442504882812501 -0.131988525390625 -0.34130859375 -0.22381591796875
-0.04217529296875 -0.0801544189453125 -0.28643798828125 -0.00924682617187506
-0.06573486328125 -0.0315628051757813 -0.167129516601562 0.09967041015625
-0.0611343383789063 0.00373458862304686 -0.0691680908203125 0.0872421264648438
-0.0591354370117188 0.0030975341796875 -0.0522956848144531 0.02520751953125
-0.0718765258789063 0.0113677978515625 -0.104393005371094 -0.0481109619140625
-0.0746536254882813 -0.0120849609375 -0.139358520507813 -0.119590759277344
-0.0511016845703125 -0.0452919006347656 -0.1412353515625 -0.185638427734375
-0.0219230651855469 -0.0649757385253906 -0.0661773681640625 -0.237930297851563
0.037872314453125 -0.0511207580566406 0.0904388427734375 -0.235397338867188
0.0601768493652344 -0.0214080810546875 0.107719421386719 -0.117874145507813
0.0387001037597656 -0.0405731201171875 -0.0531234741210938 -0.105979919433594
0.137451171875 -0.120338439941406 -0.0213413238525391 0.0208168029785156
0.159866333007813 -0.152511596679688 -0.121597290039062 -0.203826904296875
0.080718994140625 -0.18328857421875 -0.28753662109375 -0.201812744140625
-0.02264404296875 -0.167129516601563 -0.34857177734375 -0.0605468749999999
-0.0685806274414063 -0.105918884277344 -0.226608276367188 0.0821685791015626
-0.101119995117187 -0.0447769165039062 -0.105804443359375 0.124549865722656
-0.0899810791015625 0.00170135498046875 -0.03240966796875 0.0807952880859375
-0.0834808349609375 -0.000495910644531258 -0.0287113189697266 0.0131664276123047
-0.101097106933594 0.00813293457031249 -0.070220947265625 -0.0657424926757813
-0.105300903320313 -0.0220489501953125 -0.0843276977539063 -0.136634826660156
-0.078094482421875 -0.0689468383789062 -0.063720703125 -0.20159912109375
-0.043121337890625 -0.0974502563476563 0.0253753662109375 -0.230606079101562
0.0418014526367188 -0.0901718139648438 0.175033569335938 -0.175674438476563
0.0807647705078125 -0.0546951293945312 0.14300537109375 -0.053802490234375
0.0645980834960938 -0.0699729919433594 -0.0470123291015625 -0.0856399536132813
0.111259460449219 -0.112442016601563 -0.0149345397949219 0.0194168090820312
0.116569519042969 -0.137306213378906 -0.177658081054688 -0.117813110351563
0.0587615966796875 -0.16259765625 -0.298858642578125 -0.01666259765625
-0.0358428955078125 -0.162109375 -0.272247314453125 0.112548828125
-0.0831069946289063 -0.110649108886719 -0.119674682617188 0.163543701171875
-0.121971130371094 -0.0491943359375 -0.022613525390625 0.139595031738281
-0.1055908203125 0.000640869140625015 0.013397216796875 0.0706253051757813
-0.0951995849609375 -0.00348663330078123 -0.00151133537292481 -0.000934839248657227
-0.114776611328125 0.00057220458984374 -0.0256805419921875 -0.0810317993164063
-0.11962890625 -0.0355987548828125 -0.00781250000000002 -0.144561767578125
-0.0941162109375 -0.089447021484375 0.0495452880859375 -0.194305419921875
-0.0589141845703125 -0.127456665039063 0.150466918945313 -0.177871704101563
0.048126220703125 -0.135894775390625 0.261566162109375 -0.0559234619140625
0.105232238769531 -0.0986862182617187 0.162796020507813 0.037872314453125
0.09552001953125 -0.100105285644531 -0.0369071960449219 -0.0697555541992188
0.0742568969726563 -0.085601806640625 -0.0108757019042969 0.03839111328125
0.075408935546875 -0.0899658203125 -0.189651489257813 -0.00390624999999999
0.0465240478515625 -0.114959716796875 -0.226821899414063 0.139999389648438
-0.0322265625 -0.130783081054688 -0.134597778320313 0.227447509765625
-0.0792007446289063 -0.0957489013671875 0.00738525390624999 0.202835083007813
-0.12127685546875 -0.0443649291992188 0.0653228759765625 0.136253356933594
-0.1041259765625 0.000129699707031267 0.0597457885742187 0.0557518005371094
-0.092987060546875 -0.0069732666015625 0.0261726379394531 -0.0147666931152344
-0.111190795898438 -0.00892639160156251 0.0235595703125 -0.089691162109375
-0.112281799316406 -0.0465927124023438 0.0785293579101562 -0.132675170898438
-0.0876541137695313 -0.100128173828125 0.171798706054687 -0.143463134765625
-0.0550384521484375 -0.1458740234375 0.263870239257813 -0.0592498779296875
0.0682830810546875 -0.169052124023438 0.295989990234375 0.116485595703125
0.138320922851563 -0.131233215332031 0.149200439453125 0.13385009765625
0.122879028320312 -0.11590576171875 -0.0181999206542969 -0.0645332336425781
0.0404930114746094 -0.0568923950195313 -0.00355911254882812 0.0697402954101563
0.0443687438964844 -0.0433883666992187 -0.160293579101563 0.09344482421875
0.0398368835449219 -0.0673179626464844 -0.1248779296875 0.227676391601563
-0.0196990966796875 -0.0894012451171875 -0.00108337402343749 0.26947021484375
-0.0600814819335938 -0.0697212219238281 0.111526489257813 0.203933715820313
-0.0987472534179688 -0.0338058471679688 0.137886047363281 0.118919372558594
-0.0845718383789063 -0.000877380371093755 0.0985794067382813 0.0385208129882813
-0.0757598876953125 -0.00900268554687499 0.0517730712890625 -0.0267524719238281
-0.0906448364257812 -0.0164031982421875 0.0684127807617188 -0.0903472900390625
-0.0836868286132812 -0.0484161376953125 0.152023315429688 -0.101654052734375
-0.0614700317382812 -0.0904693603515625 0.260757446289063 -0.0542755126953125
-0.0325469970703125 -0.134620666503906 0.31036376953125 0.0960693359375
0.093109130859375 -0.160964965820312 0.249359130859375 0.2825927734375
0.160964965820313 -0.125961303710938 0.107955932617188 0.203536987304687
0.127426147460938 -0.106597900390625 0.0129547119140625 -0.0676803588867188
0.0128364562988281 -0.036163330078125 0.00884246826171875 0.0960006713867188
0.0197372436523437 -0.0126781463623047 -0.12078857421875 0.151824951171875
0.0277957916259766 -0.0304050445556641 -0.0442962646484375 0.256515502929687
-0.00855255126953125 -0.0475425720214844 0.0880126953125 0.268753051757813
-0.0337295532226562 -0.039306640625 0.173690795898438 0.190017700195313
-0.0619049072265625 -0.0233917236328125 0.182952880859375 0.100204467773437
-0.0512237548828125 -0.00475692749023438 0.125114440917969 0.023040771484375
-0.048248291015625 -0.0099639892578125 0.07049560546875 -0.0361785888671875
-0.0567054748535156 -0.0191078186035156 0.102104187011719 -0.0860824584960937
-0.0428695678710937 -0.0370140075683594 0.200759887695312 -0.06683349609375
-0.0278701782226563 -0.0570869445800781 0.299896240234375 0.033355712890625
-0.0109939575195312 -0.085845947265625 0.29150390625 0.229034423828125
0.0872955322265625 -0.105148315429688 0.156158447265625 0.388458251953125
0.13568115234375 -0.078399658203125 0.0669403076171875 0.2381591796875
0.092376708984375 -0.0715255737304688 0.0493087768554688 -0.0708236694335938
-0.00657367706298828 -0.0104312896728516 -0.0453338623046875 0.0632705688476562
-0.00067424774169922 0.017155647277832 -0.010528564453125 -0.2283935546875
-0.0245227813720703 0.00795745849609375 -0.10833740234375 -0.4036865234375
-0.0138816833496094 0.0198020935058594 -0.2821044921875 -0.316192626953125
0.00839996337890625 0.0164251327514648 -0.298248291015625 -0.075408935546875
0.0194625854492188 0.00799369812011719 -0.19464111328125 0.0728302001953125
0.0170021057128906 0.00900554656982422 -0.0893096923828125 0.089447021484375
0.0153932571411133 0.0099039077758789 -0.0693359375 0.0352859497070312
0.0164098739624023 0.00864601135253906 -0.128509521484375 -0.031890869140625
0.0163488388061523 0.00285243988037109 -0.172012329101563 -0.101104736328125
0.0168085098266602 0.009735107421875 -0.184906005859375 -0.16485595703125
0.00931644439697266 0.00956535339355469 -0.11669921875 -0.226577758789063
0.000771045684814454 0.00539922714233398 0.0328369140625 -0.256942749023438
0.00223493576049805 0.00550031661987305 0.082977294921875 -0.151702880859375
-0.00465488433837891 -0.00645732879638672 -0.0457763671875 -0.118370056152344
0.0749053955078125 -0.0574111938476562 -0.0463066101074219 0.054656982421875
0.103355407714844 -0.0521621704101563 -0.0174102783203125 -0.234817504882813
0.0485458374023437 -0.0771942138671875 -0.12152099609375 -0.394317626953125
-0.00296783447265626 -0.06109619140625 -0.294219970703125 -0.305511474609375
-0.0157718658447266 -0.0343761444091797 -0.29736328125 -0.066009521484375
-0.0238323211669922 -0.0114955902099609 -0.191299438476563 0.078216552734375
-0.0230827331542969 0.00636482238769531 -0.0860366821289063 0.0876541137695312
-0.0228538513183594 0.00631904602050782 -0.0653839111328125 0.0320892333984375
-0.0291004180908203 0.0109024047851563 -0.123405456542969 -0.0349655151367188
-0.0311946868896484 -0.00374031066894531 -0.1666259765625 -0.102737426757812
-0.0180206298828125 -0.0188541412353516 -0.1783447265625 -0.163772583007812
-0.00396537780761719 -0.0289268493652344 -0.111663818359375 -0.223678588867188
0.0235443115234375 -0.0209598541259766 0.03680419921875 -0.250991821289063
0.0343704223632813 -0.00449943542480469 0.0817413330078125 -0.14697265625
0.0162620544433594 -0.0183811187744141 -0.0521011352539063 -0.117950439453125
0.125595092773438 -0.096588134765625 -0.0323371887207031 0.0360641479492188
0.160903930664063 -0.115570068359375 -0.0566558837890625 -0.234909057617188
0.086181640625 -0.147842407226563 -0.201629638671875 -0.3304443359375
-0.00534057617187501 -0.128135681152344 -0.336456298828125 -0.212982177734375
-0.0419540405273438 -0.0772552490234375 -0.278091430664063 -0.00466918945312496
-0.0648651123046875 -0.0298500061035156 -0.160171508789063 0.097686767578125
-0.0594863891601563 0.00338363647460939 -0.063812255859375 0.084564208984375
-0.0563125610351563 0.00243377685546874 -0.0495109558105469 0.0236778259277344
-0.0683860778808594 0.0115776062011719 -0.103080749511719 -0.0468673706054688
-0.0721969604492188 -0.0113449096679688 -0.137351989746094 -0.116416931152344
-0.0503082275390625 -0.0444602966308594 -0.139862060546875 -0.177597045898438
-0.0212593078613281 -0.0633506774902344 -0.0674591064453125 -0.229293823242188
0.0377426147460938 -0.0508079528808594 0.0848846435546875 -0.231170654296875
0.0596656799316406 -0.0214576721191406 0.106758117675781 -0.11669921875
0.0377044677734375 -0.0373001098632813 -0.0494842529296875 -0.103477478027344
0.131546020507813 -0.11602783203125 -0.0195999145507812 0.0188102722167969
0.152816772460938 -0.148269653320313 -0.120803833007812 -0.200347900390625
0.0774078369140625 -0.178558349609375 -0.282135009765625 -0.194610595703125
-0.0235443115234375 -0.161544799804688 -0.34197998046875 -0.05322265625
-0.0675506591796875 -0.102699279785156 -0.218963623046875 0.08392333984375
-0.0988845825195313 -0.0421142578125 -0.100227355957031 0.121109008789063
-0.0877838134765625 0.000724792480468762 -0.0284347534179688 0.0782089233398438
-0.0797042846679688 -0.000480651855468738 -0.0268192291259766 0.0120086669921875
-0.0960617065429688 0.00868988037109374 -0.0703582763671875 -0.063385009765625
-0.101921081542969 -0.0204696655273437 -0.084381103515625 -0.133636474609375
-0.0774688720703125 -0.0671768188476563 -0.065093994140625 -0.194610595703125
-0.04150390625 -0.094512939453125 0.0226287841796875 -0.223709106445313
0.041961669921875 -0.088531494140625 0.168502807617188 -0.175262451171875
0.0793304443359375 -0.0538253784179687 0.142623901367188 -0.0546112060546875
0.06158447265625 -0.065216064453125 -0.043182373046875 -0.0826797485351563
0.1064453125 -0.107391357421875 -0.0140495300292969 0.0183296203613281
0.111763000488281 -0.1318359375 -0.175369262695313 -0.114959716796875
0.0567169189453125 -0.1583251953125 -0.291259765625 -0.014556884765625
-0.0359039306640625 -0.156158447265625 -0.265060424804688 0.114730834960937
-0.0812911987304687 -0.107376098632813 -0.113815307617188 0.16021728515625
-0.119049072265625 -0.0464859008789063 -0.0189971923828125 0.134109497070313
-0.102767944335937 7.62939453126481E-06 0.0151786804199219 0.0678901672363281
-0.0912322998046875 -0.00408172607421876 -0.00121414661407471 -0.00149130821228027
-0.109779357910156 0.00159454345703123 -0.0279006958007813 -0.078582763671875
-0.116081237792969 -0.0334548950195312 -0.010711669921875 -0.141571044921875
-0.0920333862304688 -0.086669921875 0.0455322265625 -0.189544677734375
-0.0567245483398437 -0.122550964355469 0.145065307617188 -0.174362182617187
0.047210693359375 -0.132850646972656 0.254440307617188 -0.0589599609375
0.101753234863281 -0.096923828125 0.1629638671875 0.0354156494140625
0.0905532836914063 -0.0947647094726563 -0.0340538024902344 -0.0664482116699219
0.0709991455078125 -0.0808181762695313 -0.0102577209472656 0.0381965637207031
0.0726852416992188 -0.0854568481445312 -0.185867309570313 -0.00323486328125002
0.0457000732421875 -0.112594604492188 -0.21917724609375 0.137542724609375
-0.0318603515625 -0.126419067382813 -0.128982543945312 0.223770141601563
-0.0772628784179688 -0.0937652587890625 0.00975036621093752 0.195785522460938
-0.118125915527344 -0.0421066284179688 0.06610107421875 0.130195617675781
-0.1009521484375 -0.000343322753906268 0.0595169067382813 0.05389404296875
-0.0892257690429688 -0.00760650634765623 0.0253734588623047 -0.0141086578369141
-0.106735229492188 -0.00742340087890623 0.0195236206054688 -0.0871429443359375
-0.1092529296875 -0.043914794921875 0.0729904174804688 -0.131271362304688
-0.08624267578125 -0.096649169921875 0.16595458984375 -0.141098022460938
-0.0535964965820313 -0.139442443847656 0.257171630859375 -0.060028076171875
0.065582275390625 -0.165603637695313 0.290191650390625 0.108367919921875
0.132789611816406 -0.1297607421875 0.149673461914063 0.131210327148438
0.116378784179688 -0.110786437988281 -0.0171699523925781 -0.0603141784667969
0.0388145446777344 -0.0536727905273438 -0.00287628173828125 0.0694580078125
0.0436363220214844 -0.0405921936035156 -0.155426025390625 0.0923004150390625
0.0391693115234375 -0.0662803649902344 -0.119308471679688 0.221893310546875
-0.0195388793945313 -0.086822509765625 0.00161743164062502 0.261978149414063
-0.0587387084960938 -0.0685768127441406 0.111099243164063 0.19427490234375
-0.09661865234375 -0.032684326171875 0.136123657226563 0.112861633300781
-0.0820083618164063 -0.00243377685546876 0.09625244140625 0.0370712280273438
-0.0727615356445313 -0.00949096679687501 0.0490226745605469 -0.0251579284667969
-0.0869674682617187 -0.0141983032226563 0.0629653930664063 -0.0879898071289063
-0.0816192626953125 -0.045562744140625 0.14569091796875 -0.101730346679688
-0.0602645874023437 -0.0871734619140625 0.253707885742187 -0.0560760498046875
-0.03179931640625 -0.128532409667969 0.30462646484375 0.0908203125
0.0891876220703125 -0.158126831054688 0.246505737304688 0.271865844726563
0.154541015625 -0.125518798828125 0.107376098632813 0.200546264648438
0.121490478515625 -0.102371215820313 0.0112495422363281 -0.0629348754882813
0.0121917724609375 -0.0342464447021484 0.00959014892578124 0.095947265625
0.0195407867431641 -0.0114040374755859 -0.11578369140625 0.14947509765625
0.0270423889160156 -0.0304489135742188 -0.0401763916015625 0.249298095703125
-0.00829315185546875 -0.0464439392089844 0.088714599609375 0.259552001953125
-0.0324516296386719 -0.0394401550292969 0.171875 0.179367065429688
-0.0601081848144531 -0.0224189758300781 0.1793212890625 0.0938873291015625
-0.049530029296875 -0.0055694580078125 0.121650695800781 0.0218734741210938
-0.0452919006347656 -0.0100746154785156 0.0670242309570313 -0.0341758728027344
-0.055023193359375 -0.0166282653808594 0.09576416015625 -0.0846481323242188
-0.0425071716308594 -0.0352058410644531 0.193496704101563 -0.0686187744140625
-0.0278358459472656 -0.0560531616210937 0.29193115234375 0.028717041015625
-0.0108718872070312 -0.0816192626953125 0.2857666015625 0.220489501953125
0.08404541015625 -0.103912353515625 0.1552734375 0.375640869140625
0.131118774414063 -0.079376220703125 0.0656585693359375 0.234375
0.0876541137695313 -0.0687942504882813 0.0462417602539063 -0.0654106140136719
-0.00710964202880859 -0.00938796997070313 -0.0433425903320313 0.0615692138671875
1.9073486328126E-05 0.0172271728515625 -0.00958251953125002 -0.234786987304688
-0.0244808197021484 0.0100517272949219 -0.1099853515625 -0.40960693359375
-0.0133152008056641 0.0197772979736328 -0.28924560546875 -0.31884765625
0.00768184661865234 0.0159635543823242 -0.303985595703125 -0.0735168457031249
0.0175161361694336 0.00769233703613281 -0.196533203125 0.0741119384765625
0.0167007446289062 0.00884342193603515 -0.08697509765625 0.0898590087890625
0.0168876647949219 0.00974464416503906 -0.0681037902832031 0.0346145629882812
0.0181045532226563 0.00909805297851563 -0.131256103515625 -0.0322036743164063
0.0159816741943359 0.002899169921875 -0.175796508789063 -0.102127075195313
0.0171327590942383 0.00881767272949219 -0.1895751953125 -0.163970947265625
0.0100126266479492 0.00959587097167969 -0.120849609375 -0.228118896484375
-0.000114917755126953 0.00493717193603516 0.0311431884765625 -0.2608642578125
0.00263190269470215 0.00388884544372559 0.08551025390625 -0.156585693359375
-0.00360679626464844 -0.00617265701293945 -0.0443878173828125 -0.122810363769531
0.0749130249023438 -0.0570220947265625 -0.0446510314941406 0.0525321960449219
0.104789733886719 -0.0529251098632812 -0.016510009765625 -0.241470336914063
0.0498886108398438 -0.0777359008789063 -0.123077392578125 -0.400482177734375
-0.00262451171875 -0.0619354248046875 -0.301055908203125 -0.307037353515625
-0.0173282623291016 -0.0349082946777344 -0.30157470703125 -0.063385009765625
-0.0260295867919922 -0.0111637115478516 -0.192886352539063 0.080169677734375
-0.0242748260498047 0.00621986389160157 -0.0841751098632813 0.087921142578125
-0.0218448638916016 0.00619316101074219 -0.0644073486328125 0.03155517578125
-0.0278244018554687 0.0118389129638672 -0.126564025878906 -0.034820556640625
-0.0321846008300781 -0.00356292724609375 -0.1705322265625 -0.104568481445313
-0.0191974639892578 -0.0200748443603516 -0.182662963867188 -0.16351318359375
-0.00384902954101563 -0.0296421051025391 -0.115447998046875 -0.22418212890625
0.0239105224609375 -0.0227870941162109 0.0355072021484375 -0.2550048828125
0.0354804992675781 -0.00511932373046875 0.0846405029296875 -0.151199340820313
0.0173425674438477 -0.0168924331665039 -0.0509033203125 -0.121681213378906
0.126861572265625 -0.097991943359375 -0.0311470031738281 0.0345058441162109
0.162933349609375 -0.117706298828125 -0.057586669921875 -0.241744995117188
0.0867156982421875 -0.149978637695313 -0.20428466796875 -0.3360595703125
-0.006317138671875 -0.128791809082031 -0.34332275390625 -0.21197509765625
-0.043792724609375 -0.0778121948242188 -0.281951904296875 -0.000732421874999983
-0.0668411254882813 -0.0292167663574219 -0.160400390625 0.0992584228515625
-0.0617256164550781 0.00319290161132813 -0.0623092651367188 0.0842056274414063
-0.0560722351074219 0.00215148925781251 -0.0492095947265625 0.0230598449707031
-0.0676231384277344 0.0123252868652344 -0.1060791015625 -0.0470123291015625
-0.0729751586914063 -0.0108184814453125 -0.141372680664063 -0.118576049804688
-0.0519561767578125 -0.0458602905273438 -0.144332885742187 -0.178375244140625
-0.0207061767578125 -0.0644454956054688 -0.0700531005859375 -0.230545043945313
0.0393600463867188 -0.0530433654785156 0.0846099853515625 -0.235748291015625
0.0616683959960937 -0.0228462219238281 0.110816955566406 -0.120574951171875
0.0383338928222656 -0.0352630615234375 -0.0485610961914063 -0.106071472167969
0.132514953613281 -0.11700439453125 -0.0186481475830078 0.0174560546875
0.154098510742188 -0.14971923828125 -0.124374389648438 -0.205780029296875
0.078582763671875 -0.180633544921875 -0.2872314453125 -0.197662353515625
-0.0243377685546875 -0.162689208984375 -0.348846435546875 -0.049102783203125
-0.0689468383789062 -0.103645324707031 -0.221206665039063 0.087799072265625
-0.100860595703125 -0.0415496826171875 -0.100364685058594 0.121742248535156
-0.0898971557617188 0.00128173828124999 -0.0269393920898438 0.0779876708984375
-0.080474853515625 -0.00141143798828125 -0.0266456604003906 0.0112400054931641
-0.0959854125976563 0.00922393798828124 -0.0737228393554688 -0.0634841918945313
-0.102958679199219 -0.0205001831054688 -0.0886993408203125 -0.136192321777344
-0.078887939453125 -0.0688247680664062 -0.0682220458984375 -0.195785522460938
-0.04107666015625 -0.0957794189453125 0.021484375 -0.226470947265625
0.04345703125 -0.090972900390625 0.169967651367188 -0.179595947265625
0.081085205078125 -0.0549468994140625 0.148330688476563 -0.0567169189453125
0.0624198913574219 -0.0632514953613281 -0.0413818359375 -0.0842819213867188
0.10693359375 -0.107589721679688 -0.0136184692382812 0.0174627304077148
0.112846374511719 -0.131866455078125 -0.1806640625 -0.117538452148438
0.0581207275390625 -0.160537719726563 -0.2960205078125 -0.0142822265624999
-0.0367584228515625 -0.156936645507813 -0.269561767578125 0.120254516601562
-0.082672119140625 -0.108596801757813 -0.1141357421875 0.163299560546875
-0.121223449707031 -0.0457077026367188 -0.017669677734375 0.134849548339844
-0.105171203613281 -0.000282287597656248 0.0170555114746094 0.0678558349609375
-0.0923995971679688 -0.0048065185546875 -0.00108039379119874 -0.00167393684387207
-0.11004638671875 0.00157928466796876 -0.0308303833007813 -0.0789947509765625
-0.117286682128906 -0.032867431640625 -0.01348876953125 -0.14544677734375
-0.09356689453125 -0.087554931640625 0.04443359375 -0.192001342773438
-0.056884765625 -0.123138427734375 0.14788818359375 -0.177886962890625
0.0478744506835938 -0.135658264160156 0.258514404296875 -0.0631103515625
0.103294372558594 -0.0991897583007813 0.169540405273438 0.036224365234375
0.0910263061523437 -0.0935134887695312 -0.0327033996582031 -0.0658454895019531
0.0714111328125 -0.0804977416992188 -0.0100173950195312 0.0392799377441406
0.0739059448242188 -0.0844650268554688 -0.190170288085937 -0.00248718261718752
0.0478515625 -0.113945007324219 -0.222824096679688 0.140579223632813
-0.0321426391601562 -0.127449035644531 -0.130615234375 0.229049682617188
-0.0789566040039063 -0.09552001953125 0.0106048583984375 0.197097778320313
-0.120491027832031 -0.042266845703125 0.0684661865234375 0.129814147949219
-0.103385925292969 -0.00135040283203125 0.0616493225097656 0.053741455078125
-0.089935302734375 -0.00881195068359375 0.0255775451660156 -0.0140304565429688
-0.10699462890625 -0.00728607177734373 0.0172348022460937 -0.0879745483398438
-0.110855102539062 -0.04315185546875 0.07171630859375 -0.134292602539063
-0.0878448486328125 -0.097686767578125 0.167312622070313 -0.145004272460938
-0.0533981323242188 -0.139846801757813 0.261993408203125 -0.062713623046875
0.065948486328125 -0.168792724609375 0.2952880859375 0.107635498046875
0.133537292480469 -0.132987976074219 0.155014038085938 0.1353759765625
0.116691589355469 -0.110321044921875 -0.0168418884277344 -0.0580558776855469
0.0393714904785156 -0.0526657104492188 -0.00186920166015625 0.071807861328125
0.0452003479003906 -0.0392837524414063 -0.157882690429688 0.095184326171875
0.0406570434570313 -0.0678825378417969 -0.1192626953125 0.2244873046875
-0.01953125 -0.0881805419921875 0.00305175781249999 0.265396118164063
-0.0601882934570312 -0.0709762573242188 0.113296508789062 0.193618774414063
-0.0987777709960937 -0.032867431640625 0.138908386230469 0.1116943359375
-0.0837249755859375 -0.00305175781249999 0.098724365234375 0.0373611450195313
-0.0731124877929688 -0.0111083984375 0.0492095947265625 -0.0244598388671875
-0.0873489379882812 -0.0132827758789062 0.0609054565429687 -0.088714599609375
-0.0831451416015625 -0.0446624755859375 0.14581298828125 -0.10565185546875
-0.0624618530273437 -0.0877151489257813 0.25732421875 -0.0588836669921875
-0.0322265625 -0.128890991210938 0.311279296875 0.09124755859375
0.0893707275390625 -0.161911010742188 0.25103759765625 0.2745361328125
0.154983520507813 -0.129638671875 0.1114501953125 0.206939697265625
0.121170043945313 -0.102317810058594 0.0110397338867188 -0.0602378845214844
0.0119800567626953 -0.0335216522216797 0.0107955932617188 0.0998992919921875
0.0204505920410156 -0.0110282897949219 -0.11663818359375 0.15283203125
0.0278282165527344 -0.0317859649658203 -0.0386199951171875 0.2528076171875
-0.00828933715820312 -0.047576904296875 0.0913848876953125 0.26123046875
-0.0334396362304688 -0.0420112609863281 0.175521850585938 0.177230834960938
-0.0618400573730469 -0.0227928161621094 0.182662963867188 0.0921478271484375
-0.0509147644042969 -0.00677108764648436 0.123802185058594 0.0231552124023438
-0.0456733703613281 -0.0108299255371094 0.0670280456542969 -0.0323753356933594
-0.0553054809570313 -0.015228271484375 0.0940704345703125 -0.0856399536132812
-0.044281005859375 -0.03485107421875 0.195327758789063 -0.0725555419921875
-0.0291023254394531 -0.0569801330566406 0.2972412109375 0.0262451171875
-0.010772705078125 -0.0814208984375 0.292877197265625 0.222869873046875
0.0842437744140625 -0.107162475585938 0.156646728515625 0.380615234375
0.131546020507813 -0.0823822021484375 0.066802978515625 0.2418212890625
0.0882110595703125 -0.068267822265625 0.0449790954589844 -0.0629043579101563
-0.00877046585083008 -0.00869560241699219 -0.0401496887207031 0.0618209838867188
0.0016632080078125 0.0181064605712891 -0.0180206298828125 -0.246627807617187
-0.0240764617919922 0.0127506256103516 -0.1297607421875 -0.4222412109375
-0.0126438140869141 0.0211315155029297 -0.314788818359375 -0.31756591796875
0.00821208953857422 0.0154590606689453 -0.318389892578125 -0.061309814453125
0.0165281295776367 0.00813102722167969 -0.2012939453125 0.086090087890625
0.0163354873657227 0.00830841064453125 -0.0843887329101563 0.0944900512695312
0.01904296875 0.0084991455078125 -0.0680770874023438 0.0365371704101563
0.0206413269042969 0.00925254821777344 -0.138755798339844 -0.0269546508789062
0.0164680480957031 0.002655029296875 -0.1878662109375 -0.098907470703125
0.0173368453979492 0.00794315338134766 -0.205398559570312 -0.160598754882813
0.0111532211303711 0.00932788848876953 -0.136764526367187 -0.229171752929688
-0.00118398666381836 0.00459384918212891 0.0197601318359375 -0.271896362304688
0.00257539749145508 0.00338816642761231 0.0833282470703125 -0.168441772460937
-0.00329065322875977 -0.00622224807739258 -0.0496444702148437 -0.128173828125
0.0745086669921875 -0.0617828369140625 -0.0423431396484375 0.052825927734375
0.107192993164063 -0.0592880249023438 -0.02587890625 -0.2528076171875
0.0493850708007813 -0.0822677612304688 -0.1444091796875 -0.412322998046875
-0.0050048828125 -0.06390380859375 -0.3265380859375 -0.3038330078125
-0.0196952819824219 -0.0353775024414063 -0.315704345703125 -0.050201416015625
-0.0282230377197266 -0.00942611694335937 -0.196029663085938 0.0914459228515625
-0.0260372161865234 0.00781631469726562 -0.0814056396484375 0.0932540893554688
-0.0218486785888672 0.00677490234375 -0.0645523071289063 0.0336647033691406
-0.0268020629882813 0.0134048461914063 -0.133613586425781 -0.0302047729492187
-0.033050537109375 -0.0020294189453125 -0.183029174804688 -0.101577758789063
-0.0214138031005859 -0.0199127197265625 -0.19775390625 -0.159942626953125
-0.00464439392089844 -0.0310726165771484 -0.129440307617187 -0.225753784179688
0.0235652923583984 -0.0252590179443359 0.0246124267578125 -0.266250610351563
0.0370521545410156 -0.0075836181640625 0.0834503173828125 -0.162628173828125
0.0182514190673828 -0.0168266296386719 -0.0561752319335938 -0.125953674316406
0.125846862792969 -0.106216430664063 -0.0296134948730469 0.0333309173583984
0.163787841796875 -0.128631591796875 -0.0698089599609375 -0.251373291015625
0.084991455078125 -0.159713745117188 -0.226806640625 -0.343017578125
-0.01165771484375 -0.133079528808594 -0.36651611328125 -0.202484130859375
-0.0489044189453125 -0.0787887573242188 -0.291961669921875 0.0133056640625
-0.0706863403320313 -0.0257415771484375 -0.1614990234375 0.109573364257812
-0.0643463134765625 0.00658035278320312 -0.0592498779296875 0.08831787109375
-0.0577354431152344 0.00417709350585938 -0.0493545532226563 0.0247955322265625
-0.0685043334960938 0.0150947570800781 -0.112892150878906 -0.0437698364257812
-0.0755691528320313 -0.00772857666015626 -0.154739379882813 -0.117568969726563
-0.0562362670898438 -0.0456314086914063 -0.158203125 -0.177139282226562
-0.0234107971191406 -0.0663871765136719 -0.0824432373046875 -0.235626220703125
0.03887939453125 -0.0571975708007813 0.0767822265625 -0.24920654296875
0.0635147094726563 -0.0262184143066406 0.112586975097656 -0.131744384765625
0.0391387939453125 -0.0355796813964844 -0.0521392822265625 -0.109588623046875
0.131134033203125 -0.125083923339844 -0.017669677734375 0.0165138244628906
0.153182983398438 -0.160858154296875 -0.138839721679687 -0.210723876953125
0.0751190185546875 -0.190841674804687 -0.30706787109375 -0.19427490234375
-0.0314788818359375 -0.166229248046875 -0.366180419921875 -0.0339355468750001
-0.0755691528320313 -0.104148864746094 -0.225082397460937 0.102691650390625
-0.105705261230469 -0.037322998046875 -0.0977935791015625 0.130195617675781
-0.0938949584960937 0.00555419921875 -0.0231246948242188 0.0809249877929688
-0.0831832885742188 0.0014495849609375 -0.0269565582275391 0.0119552612304687
-0.098052978515625 0.0125808715820313 -0.0803680419921875 -0.0627212524414062
-0.106842041015625 -0.0166015625 -0.10089111328125 -0.13848876953125
-0.0854721069335938 -0.06768798828125 -0.0803680419921875 -0.199737548828125
-0.0451431274414062 -0.0977783203125 0.0129852294921875 -0.236053466796875
0.0422439575195313 -0.09649658203125 0.168258666992188 -0.194839477539063
0.0821075439453125 -0.060150146484375 0.155014038085937 -0.0668182373046875
0.0628280639648438 -0.064727783203125 -0.044158935546875 -0.0854034423828125
0.105323791503906 -0.114105224609375 -0.0128002166748047 0.0177364349365234
0.111854553222656 -0.139320373535156 -0.19390869140625 -0.115203857421875
0.0554046630859375 -0.16925048828125 -0.30938720703125 -0.00366210937500007
-0.0432586669921875 -0.160675048828125 -0.275619506835938 0.139083862304687
-0.0901641845703125 -0.109573364257813 -0.11114501953125 0.175186157226563
-0.126724243164062 -0.0413894653320312 -0.0126419067382813 0.13970947265625
-0.109519958496094 0.00455474853515624 0.021514892578125 0.0689163208007813
-0.0961227416992188 -0.00218963623046876 -0.00129210948944092 -0.00177216529846191
-0.112586975097656 0.00586700439453123 -0.0366897583007813 -0.0798797607421875
-0.122283935546875 -0.0285797119140625 -0.0234222412109375 -0.150894165039063
-0.101593017578125 -0.0870208740234375 0.0369720458984375 -0.201690673828125
-0.0622100830078125 -0.125106811523437 0.14617919921875 -0.191696166992188
0.0442352294921875 -0.142730712890625 0.266326904296875 -0.078155517578125
0.10260009765625 -0.10638427734375 0.182464599609375 0.0302886962890625
0.0906295776367187 -0.0974655151367187 -0.034759521484375 -0.0653495788574219
0.0700531005859375 -0.0839691162109375 -0.00831985473632812 0.0414352416992187
0.07421875 -0.08856201171875 -0.198562622070312 0.00550842285156247
0.0468521118164063 -0.120216369628906 -0.225738525390625 0.154281616210937
-0.0373992919921875 -0.130485534667969 -0.125762939453125 0.244964599609375
-0.08624267578125 -0.0965728759765625 0.01922607421875 0.203903198242188
-0.126129150390625 -0.0379867553710937 0.0763778686523437 0.130233764648437
-0.108291625976563 0.00308990478515624 0.06695556640625 0.0531425476074219
-0.09356689453125 -0.00700378417968751 0.0256710052490234 -0.0147457122802734
-0.109962463378906 -0.00333404541015625 0.0120697021484375 -0.0905075073242188
-0.115791320800781 -0.0388565063476563 0.065521240234375 -0.143753051757813
-0.095458984375 -0.0972518920898438 0.167266845703125 -0.157943725585938
-0.0595245361328125 -0.141494750976562 0.271041870117188 -0.076995849609375
0.060943603515625 -0.177932739257813 0.3118896484375 0.0987548828125
0.131912231445313 -0.14404296875 0.171096801757813 0.1361083984375
0.115768432617188 -0.116401672363281 -0.0187530517578125 -0.0564613342285156
0.0383567810058594 -0.0543670654296875 0.00148773193359376 0.0759658813476562
0.0468330383300781 -0.0409622192382813 -0.160125732421875 0.106643676757812
0.0417633056640625 -0.0724563598632812 -0.114120483398438 0.23834228515625
-0.0231781005859375 -0.0905380249023438 0.01361083984375 0.275421142578125
-0.066070556640625 -0.0727386474609375 0.125 0.194229125976563
-0.103988647460938 -0.0297622680664062 0.148101806640625 0.108505249023438
-0.0882720947265625 7.6293945312669E-06 0.104721069335938 0.035430908203125
-0.0760726928710938 -0.00962829589843751 0.0494308471679687 -0.0255393981933594
-0.0896835327148437 -0.009979248046875 0.057647705078125 -0.093505859375
-0.0883865356445313 -0.0413589477539062 0.143661499023438 -0.117202758789063
-0.0687255859375 -0.088043212890625 0.264511108398438 -0.073516845703125
-0.0378036499023437 -0.13055419921875 0.328338623046875 0.080810546875
0.0843658447265625 -0.172134399414063 0.270904541015625 0.273605346679688
0.154037475585937 -0.141632080078125 0.125946044921875 0.213851928710938
0.121078491210938 -0.108917236328125 0.00889968872070313 -0.0588531494140625
0.0108814239501953 -0.0345783233642578 0.0161895751953125 0.105171203613281
0.0218582153320313 -0.0111045837402344 -0.114181518554688 0.165283203125
0.0283260345458984 -0.0348224639892578 -0.0289764404296875 0.263931274414063
-0.0103683471679687 -0.0490074157714844 0.105789184570312 0.265289306640625
-0.0374526977539063 -0.0433082580566406 0.188385009765625 0.172760009765625
-0.0658302307128906 -0.0211677551269531 0.192596435546875 0.0858001708984375
-0.0542373657226563 -0.00596237182617187 0.12982177734375 0.019805908203125
-0.0471839904785156 -0.0108680725097656 0.0672492980957031 -0.0336570739746094
-0.0571937561035156 -0.0132789611816406 0.091552734375 -0.0921096801757813
-0.0479698181152344 -0.0332717895507812 0.197509765625 -0.08563232421875
-0.0334625244140625 -0.0581130981445313 0.309326171875 0.013092041015625
-0.013458251953125 -0.0827255249023438 0.316162109375 0.218719482421875
0.08135986328125 -0.115638732910156 0.17633056640625 0.389007568359375
0.131675720214844 -0.0918960571289062 0.0789031982421875 0.253143310546875
0.0879135131835937 -0.0730133056640625 0.0435752868652344 -0.0628089904785156
-0.0107545852661133 -0.0069427490234375 -0.0351371765136719 0.061004638671875
0.00403785705566406 0.0179805755615234 -0.036041259765625 -0.251998901367188
-0.0216865539550781 0.0157623291015625 -0.1634521484375 -0.41790771484375
-0.0106487274169922 0.0224113464355469 -0.342559814453125 -0.29547119140625
0.00869941711425781 0.0143089294433594 -0.326416015625 -0.0345458984375
0.0156679153442383 0.00794887542724609 -0.195785522460938 0.104202270507813
0.0159244537353516 0.00784587860107422 -0.0763778686523438 0.100074768066406
0.0200786590576172 0.00656318664550781 -0.0650711059570313 0.0402336120605469
0.0229053497314453 0.00715255737304688 -0.142807006835938 -0.0158233642578125
0.0168170928955078 0.00225257873535156 -0.19903564453125 -0.0849151611328125
0.0171604156494141 0.00739288330078125 -0.221099853515625 -0.143539428710938
0.0121183395385742 0.00818252563476563 -0.156295776367188 -0.218505859375
-0.00260305404663086 0.00515317916870117 -0.00274658203125003 -0.275466918945313
0.00199508666992188 0.00251960754394531 0.0724029541015625 -0.17926025390625
-0.00284481048583984 -0.00632190704345703 -0.059234619140625 -0.128143310546875
0.0691642761230469 -0.0669937133789063 -0.0380439758300781 0.0519981384277344
0.104118347167969 -0.0683746337890625 -0.0453643798828125 -0.257431030273438
0.044830322265625 -0.0864791870117187 -0.176666259765625 -0.407684326171875
-0.00964736938476562 -0.0641059875488281 -0.3543701171875 -0.279327392578125
-0.0237960815429687 -0.0340671539306641 -0.321533203125 -0.02288818359375
-0.0298252105712891 -0.00559616088867187 -0.190216064453125 0.108749389648438
-0.0263805389404297 0.0109329223632812 -0.07342529296875 0.0988082885742188
-0.0211067199707031 0.00778579711914062 -0.0622749328613281 0.0376358032226563
-0.0252571105957031 0.0151119232177734 -0.13763427734375 -0.0196762084960937
-0.0335330963134766 0.00136947631835937 -0.195632934570313 -0.088165283203125
-0.0239315032958984 -0.0178451538085938 -0.2125244140625 -0.143966674804687
-0.00679779052734375 -0.0313205718994141 -0.14935302734375 -0.216140747070312
0.0214881896972656 -0.0275688171386719 0.00289916992187497 -0.270248413085937
0.0367507934570313 -0.0111465454101563 0.07281494140625 -0.173690795898437
0.0184764862060547 -0.0173473358154297 -0.0650787353515625 -0.124671936035156
0.117332458496094 -0.115516662597656 -0.0267410278320313 0.0325393676757812
0.155319213867188 -0.142745971679688 -0.08990478515625 -0.251693725585938
0.07440185546875 -0.168136596679688 -0.2579345703125 -0.329925537109375
-0.0217514038085938 -0.132545471191406 -0.386627197265625 -0.1734619140625
-0.0554122924804688 -0.0747299194335937 -0.29248046875 0.039642333984375
-0.072906494140625 -0.018768310546875 -0.153854370117188 0.123931884765625
-0.0646705627441406 0.0125885009765625 -0.0513381958007813 0.0927047729492188
-0.0575180053710937 0.00767898559570314 -0.0474472045898438 0.027496337890625
-0.0668182373046875 0.0198860168457031 -0.11846923828125 -0.034881591796875
-0.0766525268554688 -0.0011138916015625 -0.168243408203125 -0.106231689453125
-0.06146240234375 -0.0411415100097656 -0.174758911132812 -0.16497802734375
-0.0282745361328125 -0.0657997131347656 -0.101913452148438 -0.229934692382813
0.0343856811523438 -0.0613632202148438 0.0568389892578125 -0.258087158203125
0.0627098083496094 -0.0315589904785156 0.105758666992188 -0.144622802734375
0.0382614135742188 -0.0368080139160156 -0.0595321655273438 -0.107673645019531
0.121192932128906 -0.134925842285156 -0.0164575576782227 0.0157327651977539
0.141983032226563 -0.173233032226563 -0.1583251953125 -0.204345703125
0.0623626708984375 -0.199295043945313 -0.326904296875 -0.17340087890625
-0.043975830078125 -0.16497802734375 -0.371124267578125 -0.0023193359375
-0.08465576171875 -0.098419189453125 -0.2186279296875 0.123580932617188
-0.108726501464844 -0.0280532836914063 -0.0885086059570313 0.139152526855469
-0.0945281982421875 0.0137405395507812 -0.0155563354492188 0.082244873046875
-0.0836181640625 0.00697326660156251 -0.0262317657470703 0.0140495300292969
-0.0970230102539063 0.0193710327148437 -0.0872802734375 -0.0559463500976563
-0.108467102050781 -0.00775146484374998 -0.116622924804688 -0.13116455078125
-0.0921096801757813 -0.0616455078125 -0.09759521484375 -0.194122314453125
-0.0519561767578125 -0.0958251953125 -0.00602722167968748 -0.23931884765625
0.0354156494140625 -0.100784301757813 0.154800415039062 -0.210922241210937
0.0792236328125 -0.0663909912109375 0.154983520507813 -0.0819549560546875
0.0594978332519531 -0.0672645568847656 -0.04888916015625 -0.082916259765625
0.0963287353515625 -0.121017456054688 -0.0112190246582031 0.0174789428710937
0.102279663085938 -0.1480712890625 -0.206268310546875 -0.102340698242188
0.044464111328125 -0.175506591796875 -0.314361572265625 0.020660400390625
-0.0548248291015625 -0.158584594726563 -0.26715087890625 0.164794921875
-0.0999908447265625 -0.103614807128906 -0.0980224609375 0.187255859375
-0.130630493164063 -0.0308151245117187 -0.00140380859375 0.14166259765625
-0.11077880859375 0.0137863159179688 0.0285110473632812 0.0673675537109375
-0.0970230102539063 0.00395965576171874 -0.0012584924697876 -0.00107204914093018
-0.112442016601563 0.0135345458984375 -0.04541015625 -0.0765838623046875
-0.124992370605469 -0.0185623168945313 -0.0392913818359375 -0.150039672851563
-0.109588623046875 -0.0794219970703125 0.0209808349609375 -0.206085205078125
-0.0705184936523437 -0.121688842773438 0.133499145507813 -0.205368041992188
0.0338287353515625 -0.146865844726563 0.26397705078125 -0.1002197265625
0.0953826904296875 -0.1148681640625 0.190658569335938 0.015289306640625
0.0846786499023438 -0.102386474609375 -0.0374603271484375 -0.0621757507324219
0.0636367797851563 -0.0881118774414063 -0.00430679321289062 0.0422821044921875
0.0691986083984375 -0.0929336547851563 -0.2005615234375 0.0209503173828125
0.0405044555664062 -0.126052856445313 -0.216873168945313 0.1737060546875
-0.0464935302734375 -0.129219055175781 -0.108169555664063 0.259017944335938
-0.0948562622070312 -0.0916061401367188 0.0349273681640625 0.20391845703125
-0.130592346191406 -0.0281143188476563 0.0869598388671875 0.125297546386719
-0.109390258789063 0.0116958618164062 0.0731124877929688 0.0482711791992188
-0.0954971313476563 -0.00070953369140627 0.0242824554443359 -0.01568603515625
-0.110069274902344 0.00499725341796877 0.00337219238281249 -0.0909957885742188
-0.119064331054687 -0.0290756225585937 0.051605224609375 -0.14996337890625
-0.104484558105469 -0.0895538330078125 0.15533447265625 -0.173751831054688
-0.0700912475585938 -0.1376953125 0.269577026367188 -0.099822998046875
0.0466766357421875 -0.183670043945313 0.32354736328125 0.075775146484375
0.120834350585938 -0.154571533203125 0.187393188476563 0.125442504882813
0.108261108398437 -0.123825073242188 -0.0214614868164062 -0.0525131225585938
0.0336112976074219 -0.0560531616210938 0.00907897949218751 0.077880859375
0.0453567504882813 -0.0434036254882813 -0.153060913085937 0.1207275390625
0.0380935668945313 -0.077239990234375 -0.0965423583984375 0.24859619140625
-0.0290145874023437 -0.0901107788085938 0.0347900390625 0.277252197265625
-0.0732879638671875 -0.0690383911132813 0.139877319335938 0.184783935546875
-0.107429504394531 -0.0219497680664063 0.157180786132813 0.0968017578125
-0.0900344848632813 0.00672149658203124 0.109710693359375 0.02813720703125
-0.07763671875 -0.00479888916015627 0.0480880737304687 -0.0272865295410156
-0.0905914306640625 -0.00325012207031251 0.0487442016601563 -0.0977935791015625
-0.091552734375 -0.0339202880859375 0.132476806640625 -0.130882263183594
-0.07696533203125 -0.08331298828125 0.261306762695313 -0.096466064453125
-0.0466384887695313 -0.1282958984375 0.340606689453125 0.055023193359375
0.070892333984375 -0.180160522460938 0.2943115234375 0.257568359375
0.143280029296875 -0.154510498046875 0.146743774414063 0.209732055664063
0.113677978515625 -0.11767578125 0.00543594360351563 -0.0560836791992188
0.007659912109375 -0.0349578857421875 0.026214599609375 0.107261657714844
0.0225677490234375 -0.0126113891601562 -0.100479125976562 0.177505493164063
0.0276985168457031 -0.0378837585449219 -0.00694274902343748 0.267486572265625
-0.0136795043945313 -0.0488319396972656 0.12664794921875 0.258453369140625
-0.0423545837402344 -0.0417900085449219 0.201919555664063 0.157150268554688
-0.0687103271484375 -0.0160026550292969 0.200210571289063 0.07037353515625
-0.056060791015625 -0.00243377685546876 0.134124755859375 0.011138916015625
-0.0485115051269531 -0.00851440429687499 0.0655250549316406 -0.0367431640625
-0.0578193664550781 -0.008148193359375 0.0832595825195313 -0.0992202758789063
-0.0510330200195312 -0.0286102294921875 0.18951416015625 -0.104156494140625
-0.0389060974121094 -0.0561676025390625 0.313690185546875 -0.012451171875
-0.0192337036132812 -0.0816879272460938 0.338653564453125 0.195892333984375
0.0717315673828125 -0.123542785644531 0.207000732421875 0.381317138671875
0.124771118164063 -0.10333251953125 0.10003662109375 0.25390625
0.0831222534179688 -0.0794143676757813 0.0396194458007813 -0.0621719360351563
-0.0112876892089844 -0.00449562072753906 -0.0307998657226563 0.0569839477539063
0.00565528869628906 0.0169486999511719 -0.0523834228515625 -0.245697021484375
-0.0186061859130859 0.0165729522705078 -0.185302734375 -0.39581298828125
-0.00857353210449219 0.0219402313232422 -0.35162353515625 -0.261932373046875
0.00806808471679687 0.0126743316650391 -0.316680908203125 -0.00936889648437499
0.0149993896484375 0.00831508636474609 -0.182342529296875 0.115814208984375
0.0148992538452148 0.00771522521972656 -0.0669326782226563 0.100326538085938
0.0204830169677734 0.00417518615722656 -0.0601921081542969 0.0414505004882812
0.023681640625 0.00454902648925781 -0.13970947265625 -0.00459289550781247
0.0168542861938477 0.00225734710693359 -0.200454711914063 -0.0685577392578125
0.0171470642089844 0.00671958923339844 -0.223968505859375 -0.121414184570312
0.0121278762817383 0.00707626342773438 -0.166732788085937 -0.198760986328125
-0.00378322601318359 0.00592279434204102 -0.0219879150390625 -0.2659912109375
0.00145184993743896 0.0019073486328125 0.0589752197265625 -0.180816650390625
-0.00208139419555664 -0.0064396858215332 -0.0650711059570313 -0.123115539550781
0.0618095397949219 -0.0674972534179688 -0.0342826843261719 0.0490837097167969
0.0966567993164063 -0.0732421875 -0.0606842041015625 -0.250198364257813
0.0387420654296875 -0.0877914428710938 -0.199066162109375 -0.385833740234375
-0.0134506225585938 -0.061492919921875 -0.362091064453125 -0.2459716796875
-0.0259056091308594 -0.03125 -0.31170654296875 0.00207519531249994
-0.0294284820556641 -0.00162124633789062 -0.176071166992188 0.119033813476563
-0.0250167846679688 0.0140571594238281 -0.0634536743164063 0.09881591796875
-0.0197715759277344 0.00857162475585938 -0.0573234558105469 0.0390777587890625
-0.0225238800048828 0.0155372619628906 -0.13543701171875 -0.00900268554687501
-0.0322055816650391 0.00458335876464844 -0.197235107421875 -0.0712432861328125
-0.0250568389892578 -0.0150547027587891 -0.215789794921875 -0.122711181640625
-0.00836944580078125 -0.0300922393798828 -0.158905029296875 -0.197921752929688
0.0181751251220703 -0.0277519226074219 -0.0165252685546875 -0.26190185546875
0.0352287292480469 -0.01324462890625 0.060150146484375 -0.175796508789063
0.018402099609375 -0.0167922973632813 -0.0704345703125 -0.119171142578125
0.105300903320312 -0.117721557617188 -0.0240688323974609 0.0297126770019531
0.140655517578125 -0.14813232421875 -0.10516357421875 -0.240768432617187
0.061370849609375 -0.168930053710938 -0.271484375 -0.304107666015625
-0.029541015625 -0.127372741699219 -0.3858642578125 -0.140533447265625
-0.0594635009765625 -0.0683059692382812 -0.279342651367188 0.0603485107421875
-0.0710296630859375 -0.011871337890625 -0.139923095703125 0.1309814453125
-0.0616073608398438 0.0179595947265625 -0.04217529296875 0.0913009643554688
-0.0552330017089844 0.0105819702148438 -0.0438690185546875 0.02874755859375
-0.0627098083496094 0.0224647521972656 -0.117637634277344 -0.025299072265625
-0.0741043090820313 0.00463867187499999 -0.173126220703125 -0.09002685546875
-0.0624465942382813 -0.0354461669921875 -0.180160522460938 -0.1461181640625
-0.0310287475585938 -0.0626564025878906 -0.114227294921875 -0.21490478515625
0.030242919921875 -0.0614433288574219 0.0371246337890625 -0.2540283203125
0.0597457885742187 -0.0340652465820312 0.094329833984375 -0.14996337890625
0.0368194580078125 -0.0363273620605469 -0.0628280639648438 -0.10198974609375
0.107406616210937 -0.13629150390625 -0.0154933929443359 0.0133476257324219
0.126144409179688 -0.17578125 -0.16845703125 -0.190032958984375
0.0476531982421875 -0.198318481445312 -0.331146240234375 -0.1474609375
-0.052764892578125 -0.1566162109375 -0.35980224609375 0.0256652832031249
-0.088653564453125 -0.0895919799804688 -0.202041625976563 0.135833740234375
-0.105705261230469 -0.0187225341796875 -0.075225830078125 0.140884399414063
-0.0898666381835937 0.0207061767578125 -0.00849914550781252 0.07891845703125
-0.0809249877929687 0.0113754272460937 -0.0243606567382813 0.0143680572509766
-0.0916976928710938 0.024505615234375 -0.0902099609375 -0.0474014282226563
-0.105499267578125 -0.000373840332031228 -0.125221252441406 -0.117721557617188
-0.0933151245117187 -0.0534820556640625 -0.108139038085938 -0.180618286132812
-0.0555496215820312 -0.0899734497070313 -0.0212249755859375 -0.231307983398437
0.0291824340820313 -0.0996246337890625 0.135635375976563 -0.215545654296875
0.0727920532226563 -0.069000244140625 0.147048950195313 -0.092864990234375
0.0548934936523438 -0.0665931701660156 -0.0505523681640625 -0.0778350830078125
0.084381103515625 -0.120834350585938 -0.0100688934326172 0.0155134201049805
0.089630126953125 -0.147842407226563 -0.208602905273438 -0.0859527587890626
0.032958984375 -0.174148559570313 -0.30548095703125 0.039703369140625
-0.06292724609375 -0.150604248046875 -0.24798583984375 0.18023681640625
-0.103630065917969 -0.0936126708984375 -0.0817413330078125 0.1888427734375
-0.1279296875 -0.0207672119140625 0.00833129882812499 0.137153625488281
-0.105735778808594 0.0211868286132813 0.0335884094238281 0.0620384216308594
-0.094451904296875 0.00905609130859374 -0.000968575477600103 -0.000884115695953369
-0.107734680175781 0.0195693969726562 -0.0511474609375 -0.0699310302734375
-0.121345520019531 -0.00958251953125001 -0.0522003173828125 -0.1409912109375
-0.111396789550781 -0.0689468383789063 0.00531005859375001 -0.201019287109375
-0.0753021240234375 -0.113243103027344 0.1160888671875 -0.20880126953125
0.0242462158203125 -0.143722534179688 0.24957275390625 -0.114898681640625
0.085205078125 -0.116859436035156 0.188919067382813 0.000549316406249993
0.0762100219726563 -0.102005004882812 -0.0379180908203125 -0.0567588806152344
0.0548095703125 -0.086761474609375 -0.00074005126953125 0.0401344299316406
0.062408447265625 -0.0923080444335938 -0.193603515625 0.0343017578125
0.032745361328125 -0.126487731933594 -0.19970703125 0.1817626953125
-0.0521774291992188 -0.122810363769531 -0.0875091552734375 0.260055541992188
-0.098541259765625 -0.0827102661132813 0.0471954345703125 0.195953369140625
-0.127983093261719 -0.0182723999023438 0.092803955078125 0.115592956542969
-0.105628967285156 0.0186080932617187 0.0755996704101563 0.0416030883789063
-0.0930404663085938 0.00460052490234375 0.0232219696044922 -0.0158329010009766
-0.106307983398438 0.011566162109375 -0.00481414794921876 -0.0874404907226563
-0.116455078125 -0.0195999145507813 0.0361785888671875 -0.147933959960938
-0.106925964355469 -0.07916259765625 0.13873291015625 -0.179397583007812
-0.0752410888671875 -0.128616333007813 0.25555419921875 -0.11627197265625
0.033294677734375 -0.179946899414063 0.320037841796875 0.0528564453125
0.106521606445313 -0.157333374023438 0.1934814453125 0.10919189453125
0.096527099609375 -0.125289916992188 -0.0218887329101562 -0.0468597412109375
0.0285606384277344 -0.0543327331542969 0.0152435302734375 0.0750885009765625
0.0425682067871094 -0.0434608459472656 -0.139358520507813 0.128028869628906
0.0334701538085938 -0.0792312622070313 -0.07708740234375 0.24627685546875
-0.0332412719726562 -0.0867767333984375 0.052093505859375 0.266616821289063
-0.07666015625 -0.0627670288085938 0.1466064453125 0.16949462890625
-0.106307983398438 -0.013824462890625 0.158416748046875 0.083740234375
-0.0874252319335938 0.0124893188476563 0.109954833984375 0.0203018188476563
-0.0766067504882813 -0.000602722167968767 0.0453109741210937 -0.0280876159667969
-0.0872650146484375 0.00217437744140624 0.0391693115234375 -0.0966415405273438
-0.0906524658203125 -0.0253753662109375 0.1165771484375 -0.1356201171875
-0.0803909301757813 -0.0745849609375 0.246780395507813 -0.11163330078125
-0.05255126953125 -0.120628356933594 0.335205078125 0.02984619140625
0.056182861328125 -0.178543090820313 0.303253173828125 0.23272705078125
0.127273559570313 -0.159027099609375 0.1580810546875 0.195907592773438
0.10211181640625 -0.120033264160156 0.0034637451171875 -0.0505599975585938
0.00438690185546875 -0.0332202911376953 0.0345306396484375 0.103103637695313
0.0215778350830078 -0.01324462890625 -0.0834808349609375 0.179183959960938
0.0250091552734375 -0.0402336120605469 0.0117034912109375 0.258270263671875
-0.0159568786621094 -0.0474700927734375 0.139968872070313 0.240829467773437
-0.0450325012207031 -0.0380058288574219 0.20416259765625 0.137359619140625
-0.0683212280273437 -0.0104789733886719 0.19775390625 0.0548095703125
-0.0552787780761719 0.00199127197265624 0.132369995117187 0.00275421142578125
-0.0482215881347656 -0.00595092773437501 0.0614166259765625 -0.0372848510742188
-0.0556221008300781 -0.00382232666015625 0.0718231201171875 -0.100555419921875
-0.0516204833984375 -0.0231971740722656 0.173690795898438 -0.1142578125
-0.0422439575195313 -0.0520172119140625 0.302734375 -0.035369873046875
-0.0228042602539062 -0.077117919921875 0.3419189453125 0.16717529296875
0.0599822998046875 -0.123237609863281 0.22528076171875 0.359222412109375
0.113029479980469 -0.108612060546875 0.115005493164062 0.243423461914063
0.0751113891601562 -0.0812454223632813 0.0354766845703125 -0.0583724975585938
-0.0116777420043945 -0.00247955322265625 -0.0302696228027344 0.0517425537109375
0.00649261474609375 0.0155391693115234 -0.05645751953125 -0.238967895507812
-0.0169687271118164 0.0162277221679688 -0.18902587890625 -0.37982177734375
-0.00719833374023438 0.0212478637695313 -0.3460693359375 -0.242584228515625
0.00707912445068359 0.0121021270751953 -0.30438232421875 0.001373291015625
0.0143270492553711 0.00911045074462891 -0.17144775390625 0.117584228515625
0.0145902633666992 0.00849246978759765 -0.0607986450195312 0.0962753295898438
0.0199108123779297 0.00300025939941406 -0.0570755004882813 0.0398101806640625
0.0234375 0.00288581848144531 -0.1348876953125 -0.000572204589843739
0.0163564682006836 0.00233840942382813 -0.196929931640625 -0.0600128173828125
0.0164804458618164 0.0068206787109375 -0.218719482421875 -0.110092163085937
0.0117921829223633 0.00667858123779297 -0.164993286132813 -0.185699462890625
-0.00443077087402344 0.0071415901184082 -0.0279083251953125 -0.25567626953125
0.00087893009185791 0.00187218189239502 0.0528717041015625 -0.179107666015625
-0.00153732299804688 -0.0071868896484375 -0.065704345703125 -0.119834899902344
0.05780029296875 -0.0650215148925781 -0.0338287353515625 0.0450096130371094
0.09185791015625 -0.07318115234375 -0.0653839111328125 -0.242431640625
0.0353927612304687 -0.0867691040039062 -0.201202392578125 -0.368560791015625
-0.0143241882324219 -0.0593681335449219 -0.35699462890625 -0.2257080078125
-0.0266819000244141 -0.029205322265625 -0.298614501953125 0.0122070312499999
-0.0277900695800781 0.00049400329589844 -0.16552734375 0.1197509765625
-0.0231552124023438 0.0150642395019531 -0.0579681396484375 0.094207763671875
-0.0192508697509766 0.00783157348632813 -0.0538787841796875 0.037506103515625
-0.0214271545410156 0.0143203735351562 -0.131301879882813 -0.00510406494140624
-0.0302047729492188 0.00544548034667968 -0.194549560546875 -0.0623779296875
-0.0243148803710938 -0.0139312744140625 -0.211273193359375 -0.111907958984375
-0.00892829895019531 -0.0297775268554687 -0.157821655273437 -0.185699462890625
0.0168895721435547 -0.0266571044921875 -0.0222930908203125 -0.25238037109375
0.0339775085449219 -0.0132808685302734 0.0542144775390625 -0.1744384765625
0.0186939239501953 -0.0167064666748047 -0.0705795288085938 -0.115348815917969
0.0986404418945313 -0.114212036132813 -0.0244388580322266 0.0264225006103516
0.132858276367188 -0.145736694335938 -0.108566284179687 -0.23223876953125
0.055389404296875 -0.1656494140625 -0.27044677734375 -0.287750244140625
-0.0315933227539062 -0.122207641601563 -0.3765869140625 -0.124755859375
-0.0594215393066406 -0.0631294250488281 -0.266128540039063 0.0670166015625
-0.067474365234375 -0.00879287719726561 -0.129997253417969 0.130050659179688
-0.0578193664550781 0.0199356079101563 -0.0378036499023438 0.087066650390625
-0.0536766052246094 0.0104751586914062 -0.041229248046875 0.0275077819824219
-0.0603675842285156 0.0222969055175781 -0.11590576171875 -0.0205917358398437
-0.071044921875 0.00592041015625001 -0.172134399414063 -0.0810546875
-0.0613365173339844 -0.0328483581542969 -0.178329467773438 -0.135726928710938
-0.0310897827148438 -0.0611076354980469 -0.115341186523438 -0.2041015625
0.0286407470703125 -0.0599822998046875 0.0295867919921875 -0.246322631835937
0.0574951171875 -0.0337562561035156 0.0883026123046875 -0.15069580078125
0.036529541015625 -0.0344886779785156 -0.0621795654296875 -0.0987930297851563
0.10052490234375 -0.131797790527344 -0.0156669616699219 0.010249137878418
0.118576049804687 -0.171417236328125 -0.168899536132813 -0.180862426757813
0.0414276123046875 -0.19305419921875 -0.323760986328125 -0.134552001953125
-0.0550994873046875 -0.149932861328125 -0.34716796875 0.0350036621093751
-0.0877227783203125 -0.08319091796875 -0.189834594726563 0.137557983398437
-0.101097106933594 -0.0147247314453125 -0.0685348510742187 0.138191223144531
-0.085113525390625 0.0229110717773438 -0.00543975830078125 0.0745315551757813
-0.0784988403320313 0.0119476318359375 -0.0225486755371094 0.0137443542480469
-0.0888214111328125 0.024444580078125 -0.0892715454101563 -0.0424118041992188
-0.101112365722656 0.00232696533203126 -0.126670837402344 -0.107681274414062
-0.0912857055664062 -0.0493545532226563 -0.109619140625 -0.170501708984375
-0.0548019409179688 -0.0864181518554688 -0.025543212890625 -0.222747802734375
0.0268325805664062 -0.096435546875 0.125946044921875 -0.212509155273438
0.0702018737792969 -0.0678062438964844 0.141387939453125 -0.0959625244140625
0.0528564453125 -0.0637168884277344 -0.0488662719726562 -0.0749130249023438
0.0780029296875 -0.115409851074219 -0.00965023040771484 0.0135383605957031
0.084197998046875 -0.142929077148437 -0.204879760742188 -0.0793914794921875
0.0281982421875 -0.1700439453125 -0.29583740234375 0.04656982421875
-0.0637054443359375 -0.144073486328125 -0.234725952148438 0.181793212890625
-0.102401733398438 -0.0875473022460938 -0.0729522705078125 0.185012817382813
-0.122413635253906 -0.0162582397460937 0.0124130249023437 0.132476806640625
-0.101150512695313 0.0238265991210937 0.0348892211914062 0.0575294494628906
-0.0921096801757812 0.01007080078125 -0.000697851181030279 -0.00118899345397949
-0.103660583496094 0.020263671875 -0.0523643493652344 -0.0644645690917969
-0.116424560546875 -0.00581359863281249 -0.0564498901367187 -0.1319580078125
-0.108833312988281 -0.0641860961914063 -0.00102233886718749 -0.1939697265625
-0.0738983154296875 -0.108245849609375 0.107620239257813 -0.205734252929688
0.0211029052734375 -0.138916015625 0.240097045898438 -0.118133544921875
0.0798568725585937 -0.113960266113281 0.185638427734375 -0.00555419921875001
0.0717010498046875 -0.0982666015625 -0.0354957580566406 -0.0533218383789063
0.05120849609375 -0.08135986328125 0.000354766845703129 0.037872314453125
0.0595855712890625 -0.0886993408203125 -0.18658447265625 0.0372161865234375
0.029266357421875 -0.124557495117188 -0.1898193359375 0.180007934570312
-0.0530929565429688 -0.118728637695313 -0.0782318115234375 0.254226684570313
-0.0976715087890625 -0.0776748657226563 0.0506591796875 0.188262939453125
-0.12322998046875 -0.0141067504882813 0.0928268432617188 0.109413146972656
-0.100914001464844 0.0215301513671875 0.075439453125 0.0371551513671875
-0.0910110473632813 0.00599670410156249 0.0225009918212891 -0.0150279998779297
-0.102668762207031 0.0127716064453125 -0.00835418701171876 -0.0826492309570313
-0.111763000488281 -0.0157699584960938 0.0282745361328125 -0.141616821289063
-0.104812622070313 -0.0731201171875 0.128555297851562 -0.17706298828125
-0.0743484497070312 -0.122665405273438 0.244796752929688 -0.119979858398438
0.028167724609375 -0.173202514648438 0.313140869140625 0.0433349609375
0.0993804931640625 -0.1541748046875 0.192367553710938 0.1014404296875
0.0906219482421875 -0.121910095214844 -0.0194854736328125 -0.0427742004394531
0.0259475708007813 -0.0502510070800781 0.0176620483398438 0.0717544555664063
0.041748046875 -0.0417251586914063 -0.130332946777344 0.126815795898438
0.0311431884765625 -0.0797042846679687 -0.068817138671875 0.23828125
-0.033935546875 -0.0843887329101563 0.057098388671875 0.256439208984375
-0.0765151977539063 -0.0586013793945312 0.144927978515625 0.16046142578125
-0.102462768554688 -0.01025390625 0.155288696289063 0.0772705078125
-0.084136962890625 0.0146865844726563 0.108787536621094 0.0164794921875
-0.07537841796875 0.000106811523437485 0.0441665649414062 -0.0268287658691406
-0.0839462280273437 0.00356292724609376 0.033477783203125 -0.0923843383789063
-0.08721923828125 -0.02117919921875 0.105941772460938 -0.132331848144531
-0.079681396484375 -0.0696258544921875 0.233963012695313 -0.115997314453125
-0.052581787109375 -0.114677429199219 0.32568359375 0.018829345703125
0.049407958984375 -0.172210693359375 0.3004150390625 0.219390869140625
0.118789672851563 -0.156890869140625 0.159957885742188 0.187606811523438
0.0958251953125 -0.116493225097656 0.00468826293945313 -0.0452232360839844
0.00237464904785156 -0.0302925109863281 0.0379714965820312 0.0994644165039063
0.0215415954589844 -0.0130481719970703 -0.0741729736328125 0.175628662109375
0.0228805541992188 -0.041595458984375 0.0177154541015625 0.247314453125
-0.0167045593261719 -0.0467071533203125 0.139862060546875 0.228866577148438
-0.0457725524902344 -0.0351943969726563 0.19873046875 0.12664794921875
-0.0669746398925781 -0.00826263427734374 0.192642211914063 0.0485382080078125
-0.0539283752441406 0.00319290161132812 0.1300048828125 1.52587890625002E-05
-0.0476036071777344 -0.00550842285156251 0.0594596862792969 -0.0356330871582031
-0.0532684326171875 -0.00297164916992188 0.0649261474609375 -0.097015380859375
-0.0503959655761719 -0.0201416015625 0.1605224609375 -0.115264892578125
-0.0431594848632813 -0.0478782653808594 0.2901611328125 -0.04364013671875
-0.0225448608398438 -0.0740966796875 0.3353271484375 0.152496337890625
0.0548171997070313 -0.120384216308594 0.22552490234375 0.34368896484375
0.106224060058594 -0.107856750488281 0.118118286132812 0.235198974609375
0.070404052734375 -0.07916259765625 0.0350112915039063 -0.05340576171875
-0.0119466781616211 -0.00109767913818359 -0.0319175720214844 0.0488929748535156
0.00693416595458984 0.0147600173950195 -0.05780029296875 -0.241622924804687
-0.016667366027832 0.0155820846557617 -0.1895751953125 -0.380950927734375
-0.00737571716308594 0.0209522247314453 -0.3487548828125 -0.2406005859375
0.00603675842285156 0.012629508972168 -0.302642822265625 0.00381469726562502
0.0146799087524414 0.0106697082519531 -0.169418334960938 0.119171142578125
0.0151128768920898 0.00971126556396484 -0.0594635009765625 0.0938796997070312
0.0196800231933594 0.00204849243164063 -0.0562591552734375 0.0381088256835937
0.0239067077636719 0.00185394287109375 -0.135124206542969 0.000289916992187475
0.0169286727905273 0.00256443023681641 -0.198867797851563 -0.058380126953125
0.0172443389892578 0.00690174102783203 -0.219039916992188 -0.10784912109375
0.0116405487060547 0.00607585906982422 -0.165084838867187 -0.184112548828125
-0.00472164154052735 0.00868654251098633 -0.0291595458984375 -0.255096435546875
0.00042414665222168 0.00227975845336914 0.0517425537109375 -0.182281494140625
-0.00104665756225586 -0.0084524154663086 -0.067138671875 -0.122230529785156
0.0575027465820313 -0.0639724731445313 -0.0354766845703125 0.041961669921875
0.0924148559570313 -0.0738372802734375 -0.0666046142578125 -0.2447509765625
0.0350723266601563 -0.0878677368164063 -0.202423095703125 -0.369659423828125
-0.0151939392089844 -0.0592803955078125 -0.35784912109375 -0.224151611328125
-0.0275325775146484 -0.0282382965087891 -0.296539306640625 0.0146484375
-0.0267429351806641 0.00155258178710938 -0.16290283203125 0.121292114257813
-0.0221138000488281 0.016326904296875 -0.0568771362304688 0.0921630859375
-0.0196399688720703 0.00696754455566406 -0.0538139343261719 0.0356025695800781
-0.0213222503662109 0.0135517120361328 -0.131813049316406 -0.00463104248046872
-0.0298957824707031 0.00594902038574218 -0.196426391601563 -0.0600738525390625
-0.0240669250488281 -0.0138702392578125 -0.211990356445313 -0.110183715820312
-0.00870323181152344 -0.0301742553710938 -0.157730102539063 -0.184417724609375
0.0170249938964844 -0.0262432098388672 -0.0238800048828125 -0.252334594726563
0.0348033905029297 -0.0134086608886719 0.052825927734375 -0.177688598632813
0.0201282501220703 -0.0168571472167969 -0.0709686279296875 -0.11798095703125
0.0979080200195312 -0.112518310546875 -0.0261402130126953 0.0239009857177734
0.13275146484375 -0.145858764648438 -0.109283447265625 -0.234481811523438
0.0540008544921875 -0.1668701171875 -0.272064208984375 -0.28759765625
-0.0326385498046875 -0.121772766113281 -0.377044677734375 -0.120574951171875
-0.06005859375 -0.0620841979980469 -0.263641357421875 0.0689544677734375
-0.0663490295410156 -0.0075531005859375 -0.127983093261719 0.131027221679687
-0.0565528869628906 0.0204353332519531 -0.0377655029296875 0.084747314453125
-0.0542755126953125 0.0101547241210938 -0.0407524108886719 0.0258903503417969
-0.0610275268554688 0.0219459533691406 -0.116294860839844 -0.0194244384765625
-0.0706863403320313 0.00695037841796874 -0.174575805664063 -0.0776519775390625
-0.0615730285644531 -0.0328330993652344 -0.179473876953125 -0.133682250976563
-0.031280517578125 -0.0616302490234375 -0.116165161132812 -0.203414916992188
0.0291213989257813 -0.0598678588867187 0.028594970703125 -0.247543334960938
0.0587539672851562 -0.0342674255371094 0.0882415771484375 -0.154312133789063
0.0381011962890625 -0.0337066650390625 -0.0618743896484375 -0.100265502929688
0.0995254516601563 -0.129249572753906 -0.017186164855957 0.00846672058105468
0.117904663085938 -0.170669555664063 -0.170623779296875 -0.181716918945313
0.0406646728515625 -0.193984985351563 -0.326080322265625 -0.134429931640625
-0.0556182861328125 -0.149642944335937 -0.346954345703125 0.0383300781250001
-0.087890625 -0.0824432373046875 -0.186782836914063 0.139511108398438
-0.099517822265625 -0.0139999389648438 -0.0664443969726563 0.13824462890625
-0.0834426879882813 0.0230712890625 -0.00463104248046875 0.0720672607421875
-0.0798416137695313 0.01123046875 -0.0228214263916016 0.0129432678222656
-0.0896453857421875 0.0240020751953125 -0.0907363891601563 -0.0406723022460938
-0.100677490234375 0.00269317626953124 -0.129714965820313 -0.1041259765625
-0.0913238525390625 -0.0493850708007813 -0.111648559570312 -0.169036865234375
-0.0548324584960937 -0.0872879028320313 -0.0265045166015625 -0.22314453125
0.0280990600585938 -0.09661865234375 0.125823974609375 -0.214309692382813
0.0713272094726562 -0.0673141479492188 0.142486572265625 -0.0993804931640625
0.054229736328125 -0.0621223449707031 -0.0475997924804688 -0.0752487182617188
0.0783843994140625 -0.112388610839844 -0.0105342864990234 0.0114116668701172
0.0850372314453125 -0.141571044921875 -0.206375122070312 -0.079742431640625
0.0277099609375 -0.171188354492188 -0.29730224609375 0.0476074218749999
-0.0644378662109375 -0.144195556640625 -0.233856201171875 0.185211181640625
-0.102577209472656 -0.086669921875 -0.07061767578125 0.185836791992188
-0.121177673339844 -0.0164642333984375 0.0139694213867188 0.131820678710938
-0.099700927734375 0.023773193359375 0.0357131958007812 0.0549049377441406
-0.0929183959960938 0.009521484375 -0.000273942947387701 -0.0014653205871582
-0.104782104492188 0.0203018188476563 -0.05377197265625 -0.0629539489746094
-0.116081237792969 -0.00529479980468748 -0.059783935546875 -0.128829956054688
-0.108749389648438 -0.0634994506835937 -0.00286865234375002 -0.193572998046875
-0.0728073120117187 -0.108863830566406 0.107269287109375 -0.207733154296875
0.0220413208007813 -0.138298034667969 0.240921020507813 -0.12066650390625
0.0805130004882813 -0.113883972167969 0.1876220703125 -0.00822448730468751
0.07177734375 -0.0969619750976563 -0.0334625244140625 -0.0528335571289063
0.0514755249023438 -0.0788345336914063 0.000339508056640632 0.0369606018066406
0.0613021850585938 -0.0868988037109375 -0.18682861328125 0.0374908447265625
0.0294113159179688 -0.125877380371094 -0.19110107421875 0.180328369140625
-0.0525054931640625 -0.119735717773438 -0.076507568359375 0.256027221679688
-0.0980148315429687 -0.077484130859375 0.05194091796875 0.188186645507813
-0.122840881347656 -0.0135879516601563 0.0947418212890625 0.108436584472656
-0.100181579589844 0.0213851928710938 0.076934814453125 0.0347137451171875
-0.0926055908203125 0.00543975830078126 0.0229110717773437 -0.0149803161621094
-0.102561950683594 0.0121307373046875 -0.0101776123046875 -0.0804290771484375
-0.110969543457031 -0.0146865844726563 0.025299072265625 -0.138626098632812
-0.105232238769531 -0.0724716186523437 0.126434326171875 -0.177978515625
-0.0730667114257812 -0.122024536132813 0.246109008789063 -0.122817993164063
0.0283966064453125 -0.173019409179687 0.315185546875 0.041961669921875
0.0987091064453125 -0.154220581054688 0.195480346679688 0.1005859375
0.08984375 -0.120040893554687 -0.0174674987792969 -0.0409812927246094
0.0263214111328125 -0.0472984313964844 0.0185012817382812 0.0706405639648438
0.0432891845703125 -0.039886474609375 -0.128707885742188 0.126785278320313
0.0309524536132812 -0.0814285278320313 -0.06890869140625 0.237548828125
-0.0342941284179687 -0.085662841796875 0.058074951171875 0.257522583007813
-0.07757568359375 -0.058197021484375 0.144699096679688 0.15936279296875
-0.102279663085937 -0.00988769531250002 0.156661987304688 0.076171875
-0.0840225219726563 0.0150299072265625 0.110725402832031 0.0146026611328125
-0.076934814453125 -0.000366210937499993 0.0446319580078125 -0.0260276794433594
-0.084228515625 0.00346374511718751 0.03155517578125 -0.0906753540039063
-0.0865249633789063 -0.0200653076171875 0.102294921875 -0.130691528320313
-0.0799484252929688 -0.0681838989257812 0.232040405273438 -0.118316650390625
-0.0517807006835938 -0.114547729492188 0.327789306640625 0.015960693359375
0.0490264892578125 -0.172012329101563 0.303131103515625 0.21942138671875
0.117523193359375 -0.157943725585938 0.162841796875 0.188858032226563
0.0951309204101563 -0.115737915039062 0.00654602050781251 -0.0427780151367188
0.00158119201660156 -0.0281352996826172 0.0403976440429688 0.0990753173828125
0.0223255157470703 -0.0117092132568359 -0.07110595703125 0.174667358398438
0.022613525390625 -0.0430679321289063 0.018798828125 0.245254516601563
-0.0169906616210938 -0.047088623046875 0.140472412109375 0.227325439453125
-0.0468215942382813 -0.0346260070800781 0.197860717773437 0.125778198242188
-0.0669441223144531 -0.00688934326171875 0.193572998046875 0.047210693359375
-0.0547256469726563 0.00381469726562501 0.132415771484375 -0.0011749267578125
-0.0492401123046875 -0.00616073608398437 0.0605621337890625 -0.0345191955566406
-0.0526313781738281 -0.00329971313476563 0.0625152587890625 -0.0956192016601563
-0.0501785278320313 -0.0189590454101563 0.156936645507812 -0.115219116210937
-0.0438232421875 -0.0472679138183594 0.28924560546875 -0.045928955078125
-0.0223312377929688 -0.0741043090820313 0.337646484375 0.149688720703125
0.0538406372070313 -0.119911193847656 0.22735595703125 0.34619140625
0.104820251464844 -0.108589172363281 0.119964599609375 0.237655639648438
0.0697097778320313 -0.0781173706054688 0.0373573303222656 -0.0505599975585938
-0.0118513107299805 0.000396728515625002 -0.0339202880859375 0.0488014221191406
0.00815963745117188 0.0146598815917969 -0.066162109375 -0.251235961914063
-0.0162582397460938 0.0161752700805664 -0.20635986328125 -0.390594482421875
-0.00700950622558594 0.0218925476074219 -0.3668212890625 -0.2381591796875
0.0051422119140625 0.0132274627685547 -0.311492919921875 0.0135498046875001
0.0161876678466797 0.0112638473510742 -0.170379638671875 0.127822875976563
0.0173234939575195 0.0103483200073242 -0.0594863891601563 0.0961761474609375
0.0204048156738281 0.00154304504394531 -0.0574073791503906 0.0382423400878906
0.0245342254638672 0.000621795654296875 -0.1397705078125 0.00375366210937498
0.0182819366455078 0.00259590148925781 -0.207473754882813 -0.0536041259765625
0.0182895660400391 0.00655174255371094 -0.228790283203125 -0.104568481445312
0.0124711990356445 0.00583267211914063 -0.17510986328125 -0.184677124023438
-0.00523662567138672 0.0104093551635742 -0.036865234375 -0.263153076171875
0.000768542289733887 0.00182902812957764 0.0477142333984375 -0.192886352539063
-0.00138473510742187 -0.00995922088623047 -0.0733871459960938 -0.126762390136719
0.0580062866210938 -0.0663909912109375 -0.0380477905273438 0.0420684814453125
0.0941848754882813 -0.079010009765625 -0.075653076171875 -0.254730224609375
0.0335311889648438 -0.0920867919921875 -0.21954345703125 -0.37908935546875
-0.0173263549804687 -0.0604896545410156 -0.37481689453125 -0.22015380859375
-0.02960205078125 -0.0272903442382812 -0.304595947265625 0.024322509765625
-0.0262355804443359 0.00270271301269531 -0.163833618164063 0.129791259765625
-0.0208377838134766 0.017425537109375 -0.0572967529296875 0.0944976806640625
-0.0207805633544922 0.00721549987792969 -0.0551681518554688 0.0358047485351562
-0.0225448608398438 0.0145206451416016 -0.137077331542969 -0.00123596191406247
-0.0304355621337891 0.00721549987792969 -0.20623779296875 -0.0550537109375
-0.0249042510986328 -0.0139389038085937 -0.221755981445313 -0.107254028320313
-0.00987434387207031 -0.0320072174072266 -0.168014526367188 -0.185989379882813
0.0175533294677734 -0.0268383026123047 -0.031829833984375 -0.26116943359375
0.0359954833984375 -0.014678955078125 0.049591064453125 -0.187911987304688
0.0206661224365234 -0.0182342529296875 -0.0773086547851562 -0.121429443359375
0.0990066528320313 -0.116943359375 -0.0287284851074219 0.0232982635498047
0.134262084960938 -0.153900146484375 -0.11993408203125 -0.24285888671875
0.0509796142578125 -0.174606323242188 -0.29046630859375 -0.293060302734375
-0.0373382568359375 -0.124420166015625 -0.39263916015625 -0.113311767578125
-0.0634002685546875 -0.0613365173339844 -0.268386840820313 0.0795898437499999
-0.0670242309570313 -0.00663375854492189 -0.127677917480469 0.138656616210938
-0.0562248229980469 0.0215988159179687 -0.0371932983398438 0.086181640625
-0.0573463439941406 0.0116653442382813 -0.0423774719238281 0.0258865356445313
-0.063385009765625 0.02398681640625 -0.121505737304688 -0.0168914794921875
-0.0720901489257813 0.00831604003906251 -0.184112548828125 -0.07318115234375
-0.064727783203125 -0.0333175659179688 -0.189361572265625 -0.132827758789063
-0.0333976745605469 -0.0646896362304687 -0.124557495117187 -0.207931518554688
0.0299758911132813 -0.062896728515625 0.022613525390625 -0.2574462890625
0.0613784790039063 -0.0371322631835938 0.0864105224609375 -0.164520263671875
0.0392570495605469 -0.0350570678710938 -0.0666961669921875 -0.103523254394531
0.100410461425781 -0.133819580078125 -0.0197296142578125 0.00701713562011718
0.118911743164063 -0.178390502929688 -0.182952880859375 -0.186569213867187
0.036468505859375 -0.20233154296875 -0.343475341796875 -0.131561279296875
-0.0615081787109375 -0.15289306640625 -0.357574462890625 0.05133056640625
-0.0923538208007813 -0.0816268920898437 -0.188186645507813 0.149978637695312
-0.101921081542969 -0.0128173828125 -0.0636138916015625 0.144729614257813
-0.0846023559570312 0.0246124267578125 -0.00357818603515626 0.072296142578125
-0.0834884643554688 0.01300048828125 -0.023529052734375 0.0120410919189453
-0.0929412841796875 0.0265960693359375 -0.0955810546875 -0.0389785766601562
-0.103248596191406 0.00519561767578125 -0.137840270996094 -0.101295471191406
-0.0957183837890625 -0.0494613647460938 -0.120986938476563 -0.170852661132813
-0.058013916015625 -0.0905914306640625 -0.033447265625 -0.231460571289063
0.0291900634765625 -0.100936889648438 0.124649047851563 -0.226303100585938
0.0731887817382813 -0.0715179443359375 0.145004272460937 -0.109085083007813
0.0551643371582031 -0.0637550354003906 -0.0502471923828125 -0.0776519775390625
0.0793304443359375 -0.115478515625 -0.0124883651733398 0.010890007019043
0.0863494873046875 -0.146652221679688 -0.2169189453125 -0.07879638671875
0.024383544921875 -0.178070068359375 -0.309478759765625 0.0559997558593749
-0.069671630859375 -0.147415161132813 -0.236190795898438 0.199386596679687
-0.107650756835938 -0.0864486694335937 -0.06707763671875 0.194915771484375
-0.124679565429688 -0.0146942138671875 0.01922607421875 0.135200500488281
-0.10174560546875 0.0260238647460937 0.0376167297363281 0.0537834167480469
-0.0975112915039063 0.0120849609375 -0.00120210647583008 -0.00259613990783691
-0.108734130859375 0.0231170654296875 -0.0581092834472656 -0.061431884765625
-0.118843078613281 -0.00260162353515626 -0.0661849975585938 -0.128494262695313
-0.113899230957031 -0.06353759765625 -0.00955200195312501 -0.199325561523438
-0.0776824951171875 -0.112075805664062 0.10565185546875 -0.219406127929688
0.02105712890625 -0.143783569335938 0.247589111328125 -0.132431030273438
0.0807571411132813 -0.119522094726563 0.195816040039063 -0.015411376953125
0.0726394653320313 -0.0995941162109375 -0.0343170166015625 -0.0536651611328125
0.0527420043945312 -0.079437255859375 0.000572204589843751 0.0366134643554687
0.0638885498046875 -0.089691162109375 -0.192855834960938 0.0413818359375
0.0273895263671875 -0.131858825683594 -0.195220947265625 0.190933227539063
-0.0578842163085938 -0.123275756835938 -0.071929931640625 0.26904296875
-0.103263854980469 -0.0775222778320313 0.058929443359375 0.194808959960938
-0.126731872558594 -0.0118637084960938 0.10150146484375 0.109176635742188
-0.102592468261719 0.0237045288085937 0.0803909301757813 0.0321731567382813
-0.0969161987304688 0.00819396972656249 0.0234012603759766 -0.0162639617919922
-0.107032775878906 0.014923095703125 -0.0139236450195313 -0.080535888671875
-0.114143371582031 -0.012298583984375 0.0207672119140625 -0.141250610351563
-0.109642028808594 -0.0717697143554687 0.125106811523438 -0.187530517578125
-0.0781021118164063 -0.125701904296875 0.252227783203125 -0.135406494140625
0.0264129638671875 -0.179718017578125 0.32952880859375 0.03485107421875
0.0974578857421875 -0.162109375 0.20745849609375 0.098724365234375
0.0900650024414063 -0.123954772949219 -0.0165634155273437 -0.04083251953125
0.0275917053222656 -0.0467758178710938 0.0215530395507813 0.072021484375
0.0466346740722656 -0.0410194396972656 -0.129585266113281 0.1322021484375
0.0302352905273438 -0.0861053466796875 -0.0664520263671875 0.246429443359375
-0.0375823974609375 -0.0883941650390625 0.066802978515625 0.264877319335938
-0.0817184448242188 -0.058197021484375 0.153640747070313 0.162063598632813
-0.106422424316406 -0.00775909423828123 0.16497802734375 0.07366943359375
-0.0861740112304688 0.0171890258789062 0.115966796875 0.0105819702148438
-0.081146240234375 0.00177764892578125 0.0461387634277344 -0.0276603698730469
-0.0875625610351563 0.00538635253906249 0.0292587280273437 -0.0921249389648438
-0.0885391235351563 -0.0178756713867188 0.100494384765625 -0.135665893554688
-0.0842056274414062 -0.0675201416015625 0.23626708984375 -0.129364013671875
-0.0559158325195313 -0.117568969726562 0.340728759765625 0.00689697265624999
0.0467681884765625 -0.178939819335938 0.32098388671875 0.221099853515625
0.117156982421875 -0.166290283203125 0.174835205078125 0.192825317382813
0.094573974609375 -0.120475769042969 0.00904464721679688 -0.0427627563476563
0.00204277038574219 -0.0265769958496094 0.04583740234375 0.100860595703125
0.0241012573242188 -0.0109748840332031 -0.0673065185546875 0.180999755859375
0.0212287902832031 -0.0459709167480469 0.0250244140625 0.251113891601563
-0.0188484191894531 -0.0493011474609375 0.150161743164063 0.232467651367188
-0.0498695373535156 -0.0339317321777344 0.206405639648438 0.125259399414063
-0.0692176818847656 -0.00522613525390626 0.2025146484375 0.0433807373046875
-0.0564994812011719 0.00580596923828125 0.139266967773438 -0.00562286376953125
-0.0526275634765625 -0.00519943237304688 0.0630950927734375 -0.0357551574707031
-0.0547065734863281 -0.00265884399414062 0.0612106323242187 -0.09832763671875
-0.0514564514160156 -0.0176811218261719 0.155838012695313 -0.1217041015625
-0.0468711853027344 -0.0469398498535156 0.2962646484375 -0.05712890625
-0.0244827270507812 -0.0762786865234375 0.354217529296875 0.144378662109375
0.05328369140625 -0.125640869140625 0.24517822265625 0.35528564453125
0.105148315429688 -0.116012573242188 0.131393432617187 0.245010375976562
0.069854736328125 -0.0813140869140625 0.0399932861328125 -0.0508041381835938
-0.0124359130859375 0.00259971618652344 -0.034210205078125 0.0509719848632813
0.00953769683837891 0.0135583877563477 -0.086578369140625 -0.257293701171875
-0.0161237716674805 0.0175409317016602 -0.240478515625 -0.390380859375
-0.00478172302246094 0.0233173370361328 -0.394134521484375 -0.21893310546875
0.00624561309814453 0.0144290924072266 -0.317779541015625 0.0369262695312499
0.0190773010253906 0.0112419128417969 -0.164794921875 0.144073486328125
0.0200386047363281 0.00946807861328125 -0.0559921264648437 0.101585388183594
0.0202980041503906 -0.00051116943359375 -0.0575180053710937 0.0409431457519531
0.0256462097167969 -0.00130271911621094 -0.143692016601563 0.0131378173828125
0.0198879241943359 0.00189971923828125 -0.21832275390625 -0.039581298828125
0.0196743011474609 0.00548171997070313 -0.2435302734375 -0.091278076171875
0.0133399963378906 0.00467777252197266 -0.191925048828125 -0.178024291992188
-0.00371074676513672 0.0121240615844727 -0.057037353515625 -0.269088745117187
0.000446677207946777 0.00154578685760498 0.034637451171875 -0.20428466796875
-0.00312042236328125 -0.0116596221923828 -0.0862503051757812 -0.1268310546875
0.05560302734375 -0.0713043212890625 -0.0390548706054688 0.0442008972167969
0.0919265747070312 -0.0887908935546875 -0.09637451171875 -0.260040283203125
0.0278167724609375 -0.0976028442382812 -0.25347900390625 -0.37640380859375
-0.0216598510742188 -0.060638427734375 -0.401824951171875 -0.20013427734375
-0.0321121215820313 -0.0247611999511719 -0.3092041015625 0.048004150390625
-0.0256118774414062 0.0044708251953125 -0.15777587890625 0.145355224609375
-0.0191898345947266 0.0187492370605469 -0.0535812377929688 0.0998458862304687
-0.0221157073974609 0.00864601135253906 -0.0554466247558594 0.0384864807128906
-0.0221614837646484 0.016632080078125 -0.141403198242188 0.00793457031249999
-0.0301399230957031 0.00938034057617188 -0.216629028320313 -0.040679931640625
-0.0268516540527344 -0.0134143829345703 -0.236083984375 -0.094696044921875
-0.0129375457763672 -0.0330753326416016 -0.185623168945313 -0.180023193359375
0.0172958374023438 -0.028839111328125 -0.051055908203125 -0.26702880859375
0.0368270874023438 -0.0181503295898438 0.036834716796875 -0.199005126953125
0.0209426879882812 -0.0203456878662109 -0.08892822265625 -0.120849609375
0.0944671630859375 -0.125801086425781 -0.0306396484375 0.0240612030029297
0.12847900390625 -0.167938232421875 -0.142349243164063 -0.244827270507813
0.040313720703125 -0.182891845703125 -0.321258544921875 -0.282623291015625
-0.046661376953125 -0.125038146972656 -0.411895751953125 -0.0867309570312501
-0.0691566467285156 -0.0581817626953125 -0.268844604492188 0.1014404296875
-0.0681571960449219 -0.00286865234375 -0.120452880859375 0.15142822265625
-0.0552635192871094 0.0252418518066406 -0.0338134765625 0.0903472900390625
-0.0594062805175781 0.0155830383300781 -0.0435104370117188 0.0279083251953125
-0.0636367797851563 0.0291290283203125 -0.127532958984375 -0.00910186767578124
-0.0732574462890625 0.0135879516601563 -0.195068359375 -0.060302734375
-0.0690155029296875 -0.0300254821777344 -0.204269409179688 -0.12249755859375
-0.0389862060546875 -0.0656013488769531 -0.1434326171875 -0.205764770507813
0.0284767150878906 -0.0671958923339844 0.00421142578125001 -0.267547607421875
0.0620765686035156 -0.042633056640625 0.0768585205078125 -0.178054809570313
0.0390090942382813 -0.0379981994628906 -0.07574462890625 -0.102668762207031
0.0955352783203125 -0.14300537109375 -0.0223274230957031 0.00683403015136717
0.110916137695313 -0.191696166992188 -0.203887939453125 -0.182388305664063
0.0240936279296875 -0.210189819335938 -0.36572265625 -0.11187744140625
-0.0729827880859375 -0.152267456054688 -0.364166259765625 0.080322265625
-0.09942626953125 -0.0776138305664063 -0.181243896484375 0.168960571289062
-0.10498046875 -0.00759124755859373 -0.05401611328125 0.152297973632812
-0.085113525390625 0.02960205078125 -0.000343322753906257 0.0736541748046875
-0.0868759155273438 0.0198593139648438 -0.0251655578613281 0.0130500793457031
-0.095123291015625 0.0341262817382813 -0.101936340332031 -0.0325775146484375
-0.105865478515625 0.01190185546875 -0.149429321289063 -0.0922088623046875
-0.102645874023438 -0.0453643798828125 -0.136444091796875 -0.16668701171875
-0.0660324096679687 -0.0913009643554688 -0.05120849609375 -0.237472534179687
0.0247726440429687 -0.106231689453125 0.112335205078125 -0.243377685546875
0.071502685546875 -0.0785140991210937 0.142410278320313 -0.12518310546875
0.0538673400878906 -0.0674972534179688 -0.056182861328125 -0.0772933959960938
0.0751953125 -0.122116088867188 -0.0140380859375 0.0103788375854492
0.08099365234375 -0.155975341796875 -0.231979370117188 -0.068359375
0.0139923095703125 -0.185104370117188 -0.31787109375 0.079193115234375
-0.0808868408203125 -0.147354125976563 -0.228622436523437 0.22430419921875
-0.115470886230469 -0.08172607421875 -0.054168701171875 0.20660400390625
-0.128936767578125 -0.00788116455078127 0.029998779296875 0.136955261230469
-0.102622985839844 0.0317764282226563 0.0414619445800781 0.0514373779296875
-0.101181030273438 0.019439697265625 -0.00235080718994141 -0.00330209732055664
-0.111480712890625 0.03118896484375 -0.0652427673339844 -0.05767822265625
-0.12225341796875 0.00455474853515623 -0.0771942138671875 -0.124244689941406
-0.12127685546875 -0.0579376220703125 -0.023712158203125 -0.203964233398437
-0.0863113403320312 -0.111946105957031 0.0928192138671875 -0.235260009765625
0.0142669677734375 -0.149459838867188 0.2467041015625 -0.155853271484375
0.0757293701171875 -0.128349304199219 0.202301025390625 -0.030670166015625
0.0688247680664063 -0.104232788085938 -0.0367813110351563 -0.0528755187988281
0.0514297485351563 -0.0829010009765625 0.00124740600585938 0.0361366271972656
0.0627365112304688 -0.095733642578125 -0.197601318359375 0.053863525390625
0.0203018188476563 -0.138275146484375 -0.190933227539063 0.210433959960938
-0.0672988891601562 -0.123123168945312 -0.054931640625 0.2838134765625
-0.111488342285156 -0.0731048583984375 0.07537841796875 0.196701049804688
-0.131217956542969 -0.0051116943359375 0.112808227539062 0.104042053222656
-0.104347229003906 0.0295486450195313 0.084808349609375 0.0257949829101563
-0.100959777832031 0.0153274536132812 0.0228443145751953 -0.0182418823242188
-0.109718322753906 0.0223922729492187 -0.0203704833984375 -0.0800704956054688
-0.117111206054688 -0.00551605224609374 0.0112457275390625 -0.14404296875
-0.117439270019531 -0.0668487548828125 0.114913940429687 -0.201522827148437
-0.0884628295898438 -0.125068664550781 0.250335693359375 -0.159500122070313
0.0161285400390625 -0.186050415039063 0.343902587890625 0.011383056640625
0.088836669921875 -0.173324584960938 0.222625732421875 0.0877685546875
0.0845184326171875 -0.131645202636719 -0.01708984375 -0.0398139953613281
0.0275840759277344 -0.0476646423339844 0.0262985229492187 0.0712661743164062
0.0490951538085938 -0.0444793701171875 -0.1241455078125 0.143035888671875
0.0253753662109375 -0.0913467407226562 -0.0538787841796875 0.257110595703125
-0.0447921752929688 -0.0891952514648438 0.087554931640625 0.268951416015625
-0.0883255004882813 -0.0544891357421875 0.169647216796875 0.156875610351563
-0.109733581542969 -0.00164794921874999 0.175704956054688 0.063629150390625
-0.0880584716796875 0.0223617553710938 0.120628356933594 0.00115966796875
-0.084686279296875 0.00769805908203125 0.0462303161621094 -0.0308265686035156
-0.0902252197265625 0.0114059448242187 0.0232696533203125 -0.0949859619140625
-0.091552734375 -0.0123138427734375 0.0928497314453125 -0.143798828125
-0.0904159545898438 -0.0636215209960938 0.233566284179688 -0.150375366210938
-0.06494140625 -0.117897033691406 0.35223388671875 -0.01910400390625
0.036041259765625 -0.187530517578125 0.34814453125 0.20623779296875
0.10809326171875 -0.179473876953125 0.19573974609375 0.188064575195312
0.0900344848632813 -0.128028869628906 0.00899505615234376 -0.0434341430664063
0.00209999084472656 -0.0254726409912109 0.0548019409179688 0.099517822265625
0.0273342132568359 -0.0119838714599609 -0.0550994873046875 0.188552856445313
0.0181694030761719 -0.0494804382324219 0.0424346923828125 0.254119873046875
-0.0232620239257813 -0.0502128601074219 0.1705322265625 0.228546142578125
-0.0535621643066406 -0.0313682556152344 0.2208251953125 0.115310668945313
-0.0712127685546875 -0.00068664550781251 0.212615966796875 0.0295257568359375
-0.05804443359375 0.00978851318359375 0.144149780273438 -0.0174407958984375
-0.0555686950683594 -0.0014801025390625 0.0643310546875 -0.0404052734375
-0.0571746826171875 0.000625610351562503 0.0552825927734375 -0.103355407714844
-0.0531234741210938 -0.01434326171875 0.149734497070313 -0.134231567382813
-0.0513153076171875 -0.0446548461914062 0.30072021484375 -0.0797119140625
-0.029937744140625 -0.077239990234375 0.375518798828125 0.123443603515625
0.0461883544921875 -0.132499694824219 0.2784423828125 0.351318359375
0.0991592407226563 -0.126869201660156 0.15301513671875 0.245269775390625
0.0667877197265625 -0.0870513916015625 0.0404052734375 -0.0535049438476563
-0.0122652053833008 0.00518321990966797 -0.0331993103027344 0.0530776977539063
0.0106172561645508 0.0121269226074219 -0.108612060546875 -0.249923706054687
-0.0138397216796875 0.0185737609863281 -0.272430419921875 -0.3673095703125
-0.00304412841796875 0.0232372283935547 -0.407135009765625 -0.183074951171875
0.00754642486572266 0.0150775909423828 -0.309295654296875 0.06390380859375
0.0216350555419922 0.00869369506835937 -0.148880004882813 0.155868530273438
0.0216217041015625 0.00735282897949219 -0.0484237670898438 0.103790283203125
0.0202503204345703 -0.002227783203125 -0.0553398132324219 0.0438117980957031
0.02581787109375 -0.00366401672363281 -0.142318725585938 0.024383544921875
0.0206298828125 0.000392913818359375 -0.220550537109375 -0.01971435546875
0.0199470520019531 0.00340461730957031 -0.248382568359375 -0.069854736328125
0.0128593444824219 0.00401878356933594 -0.204376220703125 -0.160186767578125
-0.00177097320556641 0.0131435394287109 -0.07977294921875 -0.26251220703125
0.00102794170379639 0.00134587287902832 0.0153350830078125 -0.206680297851562
-0.00496006011962891 -0.0116119384765625 -0.0972824096679687 -0.118087768554688
0.0495986938476563 -0.0741348266601563 -0.0381393432617188 0.0470046997070313
0.0839614868164063 -0.0960617065429688 -0.118881225585938 -0.251678466796875
0.0198745727539062 -0.098358154296875 -0.283355712890625 -0.35260009765625
-0.0262184143066406 -0.0580558776855469 -0.41204833984375 -0.163177490234375
-0.0332164764404297 -0.0206184387207031 -0.29901123046875 0.07440185546875
-0.0238132476806641 0.00547599792480469 -0.142227172851562 0.155899047851563
-0.0173702239990234 0.0189933776855469 -0.0457305908203125 0.102500915527344
-0.0216999053955078 0.0109939575195313 -0.0535049438476563 0.0418510437011719
-0.0212917327880859 0.0187664031982422 -0.140838623046875 0.019439697265625
-0.0282402038574219 0.0117740631103516 -0.218887329101563 -0.021087646484375
-0.0280075073242188 -0.0114307403564453 -0.2418212890625 -0.073486328125
-0.0166339874267578 -0.0324840545654297 -0.198379516601563 -0.162734985351563
0.0158271789550781 -0.0302982330322266 -0.073822021484375 -0.260040283203125
0.035491943359375 -0.0214958190917969 0.018218994140625 -0.202468872070313
0.0190410614013672 -0.02142333984375 -0.0993881225585937 -0.112754821777344
0.0838699340820313 -0.131126403808594 -0.0318717956542969 0.0268020629882813
0.114227294921875 -0.176742553710938 -0.164627075195313 -0.231918334960938
0.0257720947265625 -0.183853149414063 -0.342132568359375 -0.25439453125
-0.0565185546875 -0.119148254394531 -0.41357421875 -0.051605224609375
-0.0722122192382812 -0.0512237548828125 -0.254425048828125 0.123123168945312
-0.067413330078125 0.00186538696289063 -0.105224609375 0.159866333007813
-0.0538482666015625 0.0284004211425781 -0.0263900756835938 0.0918502807617188
-0.058837890625 0.0212783813476562 -0.0431442260742188 0.0310440063476563
-0.0625038146972656 0.0336952209472656 -0.128181457519531 0.00179290771484373
-0.0713882446289062 0.0190811157226562 -0.19781494140625 -0.0424041748046875
-0.071929931640625 -0.0249481201171875 -0.213333129882813 -0.1033935546875
-0.0447654724121094 -0.0634269714355469 -0.159759521484375 -0.191986083984375
0.0243988037109375 -0.0697097778320313 -0.018890380859375 -0.265869140625
0.0592308044433594 -0.0468025207519531 0.0600433349609375 -0.184005737304688
0.0360679626464844 -0.0397758483886719 -0.08404541015625 -0.0961074829101562
0.083770751953125 -0.148727416992188 -0.0251369476318359 0.00864601135253906
0.0947723388671875 -0.1982421875 -0.220718383789063 -0.165695190429688
0.00657653808593751 -0.209686279296875 -0.37347412109375 -0.080169677734375
-0.0839691162109375 -0.14544677734375 -0.352569580078125 0.111968994140625
-0.103805541992188 -0.069000244140625 -0.161956787109375 0.181686401367187
-0.104522705078125 -0.000480651855468727 -0.040740966796875 0.154190063476563
-0.0827560424804687 0.0352020263671875 0.00512695312499999 0.0720977783203125
-0.0847091674804688 0.0270156860351563 -0.0250968933105469 0.0150032043457031
-0.0929183959960937 0.0423049926757812 -0.104812622070313 -0.0219802856445313
-0.1041259765625 0.0198516845703125 -0.156784057617188 -0.07568359375
-0.105667114257813 -0.036376953125 -0.1492919921875 -0.152252197265625
-0.072784423828125 -0.0876007080078125 -0.07110595703125 -0.23114013671875
0.0177459716796875 -0.11016845703125 0.0898590087890625 -0.251052856445313
0.0658645629882812 -0.0828628540039063 0.130668640136719 -0.136642456054688
0.0494842529296875 -0.0688858032226563 -0.0601806640625 -0.0719985961914063
0.0662460327148437 -0.125320434570312 -0.0158109664916992 0.0112094879150391
0.070648193359375 -0.160873413085938 -0.2392578125 -0.0498046875
0.00048828125 -0.184005737304688 -0.311553955078125 0.106292724609375
-0.0913848876953125 -0.139625549316406 -0.206634521484375 0.242965698242188
-0.119491577148437 -0.0731658935546875 -0.0342254638671875 0.209274291992187
-0.128547668457031 0.00180816650390626 0.0421218872070313 0.132728576660156
-0.100715637207031 0.0374984741210938 0.0451202392578125 0.0470237731933594
-0.0998458862304688 0.028076171875 -0.00307464599609376 -0.00120234489440918
-0.108695983886719 0.0400466918945313 -0.0692825317382812 -0.0501289367675781
-0.12042236328125 0.0140151977539063 -0.0872802734375 -0.113288879394531
-0.124946594238281 -0.0485305786132813 -0.040191650390625 -0.1998291015625
-0.09423828125 -0.104972839355469 0.070770263671875 -0.242691040039063
0.0036163330078125 -0.150283813476563 0.230560302734375 -0.176284790039063
0.0654449462890625 -0.131576538085937 0.198410034179688 -0.0489654541015625
0.06036376953125 -0.10589599609375 -0.0392112731933594 -0.0496406555175781
0.0456008911132812 -0.0852279663085938 0.00305557250976562 0.0363197326660156
0.0582504272460938 -0.100059509277344 -0.194000244140625 0.0691986083984375
0.0104141235351562 -0.138954162597656 -0.174835205078125 0.22564697265625
-0.076416015625 -0.118453979492187 -0.029937744140625 0.2867431640625
-0.115432739257812 -0.0642318725585938 0.0928497314453125 0.189056396484375
-0.131294250488281 0.00424194335937502 0.120887756347656 0.0921783447265625
-0.10284423828125 0.036956787109375 0.0853424072265625 0.017242431640625
-0.0996246337890625 0.023834228515625 0.02044677734375 -0.0188140869140625
-0.107658386230469 0.0313034057617188 -0.02728271484375 -0.075714111328125
-0.115760803222656 0.00420379638671873 -0.000762939453125021 -0.140960693359375
-0.122146606445313 -0.0571975708007813 0.097320556640625 -0.210235595703125
-0.096893310546875 -0.118110656738281 0.233551025390625 -0.180465698242188
0.00164794921875 -0.185943603515625 0.3427734375 -0.018096923828125
0.0740509033203125 -0.177566528320313 0.230712890625 0.06829833984375
0.0739822387695313 -0.133644104003906 -0.0170669555664062 -0.0380668640136719
0.0255470275878906 -0.0483779907226563 0.0314559936523438 0.0683517456054688
0.0483932495117188 -0.0483169555664062 -0.112548828125 0.15020751953125
0.0182876586914062 -0.09356689453125 -0.034820556640625 0.258209228515625
-0.0513534545898438 -0.086395263671875 0.109100341796875 0.259902954101563
-0.0907669067382813 -0.0471343994140625 0.182083129882813 0.141342163085938
-0.10955810546875 0.00605773925781251 0.1802978515625 0.0471954345703125
-0.0861968994140625 0.028167724609375 0.119659423828125 -0.00954437255859375
-0.0844650268554688 0.0155715942382813 0.04364013671875 -0.0334663391113281
-0.0888671875 0.0190963745117188 0.0139236450195312 -0.0934371948242188
-0.091094970703125 -0.00534820556640624 0.07958984375 -0.147964477539063
-0.0954208374023438 -0.0551223754882813 0.217803955078125 -0.16815185546875
-0.0732345581054688 -0.112350463867187 0.346893310546875 -0.048828125
0.0211181640625 -0.189315795898438 0.362945556640625 0.175506591796875
0.09130859375 -0.185897827148438 0.211288452148437 0.172012329101563
0.0793838500976563 -0.131843566894531 0.00778579711914063 -0.0426597595214844
0.00144004821777344 -0.024169921875 0.0624465942382813 0.0929794311523438
0.0297050476074219 -0.0144443511962891 -0.03924560546875 0.188552856445312
0.0135231018066406 -0.0501556396484375 0.06005859375 0.246978759765625
-0.0279731750488281 -0.048187255859375 0.18896484375 0.211380004882813
-0.0552291870117188 -0.0264320373535156 0.228500366210938 0.0962677001953125
-0.0707626342773438 0.004638671875 0.2132568359375 0.010284423828125
-0.0571098327636719 0.0140876770019531 0.141983032226562 -0.030426025390625
-0.0567131042480469 0.00362014770507813 0.0608291625976562 -0.0447425842285156
-0.0571746826171875 0.00504302978515625 0.0460433959960938 -0.104515075683594
-0.0532569885253906 -0.00924301147460937 0.136260986328125 -0.142593383789063
-0.0546722412109375 -0.039154052734375 0.288726806640625 -0.10443115234375
-0.0355224609375 -0.07470703125 0.382659912109375 0.088409423828125
0.035186767578125 -0.13507080078125 0.305145263671875 0.3265380859375
0.0867080688476563 -0.133445739746094 0.17242431640625 0.232635498046875
0.060028076171875 -0.089569091796875 0.0377769470214844 -0.0544891357421875
-0.0104913711547852 0.0058908462524414 -0.0306396484375 0.0533828735351563
0.010645866394043 0.0100650787353516 -0.119720458984375 -0.235443115234375
-0.0123367309570312 0.0189914703369141 -0.283050537109375 -0.339202880859375
-0.000669479370117189 0.0226573944091797 -0.401763916015625 -0.153472900390625
0.00908470153808594 0.0144071578979492 -0.291534423828125 0.0789794921875
0.0216159820556641 0.00619697570800781 -0.132583618164063 0.15826416015625
0.0212612152099609 0.00493240356445313 -0.041351318359375 0.102706909179688
0.0189018249511719 -0.00300788879394531 -0.0525398254394531 0.0443534851074219
0.0249347686767578 -0.00525093078613281 -0.136177062988281 0.031402587890625
0.0214080810546875 -0.00141334533691406 -0.214706420898437 -0.00665283203124997
0.0195941925048828 0.00242233276367188 -0.243453979492188 -0.0519561767578125
0.012481689453125 0.00239276885986328 -0.205245971679687 -0.142227172851563
0.000249862670898438 0.0128421783447266 -0.0917205810546875 -0.246994018554688
0.000887513160705566 0.00158476829528809 0.00224304199218749 -0.201034545898438
-0.00642585754394531 -0.0107307434082031 -0.100265502929688 -0.1085205078125
0.0448379516601563 -0.0731430053710938 -0.0365257263183594 0.0484848022460937
0.0759811401367188 -0.0975418090820313 -0.130599975585938 -0.236953735351563
0.0140151977539062 -0.0964279174804688 -0.292938232421875 -0.323150634765625
-0.0283470153808594 -0.0542678833007813 -0.40411376953125 -0.133087158203125
-0.0327854156494141 -0.0177669525146484 -0.281219482421875 0.087860107421875
-0.0225944519042969 0.00621223449707032 -0.126358032226562 0.157730102539063
-0.0160140991210938 0.018341064453125 -0.0387344360351563 0.101478576660156
-0.0208854675292969 0.0121860504150391 -0.0514450073242187 0.0432205200195312
-0.0188369750976563 0.0186386108398438 -0.135574340820313 0.0271148681640625
-0.0262584686279297 0.0130653381347656 -0.212860107421875 -0.00692749023437502
-0.0284576416015625 -0.00944709777832031 -0.237060546875 -0.0559844970703125
-0.0181465148925781 -0.0307426452636719 -0.200042724609375 -0.145645141601562
0.0149612426757813 -0.0303001403808594 -0.0868682861328125 -0.245803833007813
0.0337810516357422 -0.0223484039306641 0.00502014160156252 -0.197433471679688
0.0177383422851563 -0.0214424133300781 -0.10174560546875 -0.103012084960937
0.0742950439453125 -0.129783630371094 -0.0317459106445312 0.027618408203125
0.100936889648438 -0.177474975585937 -0.172821044921875 -0.215179443359375
0.0144805908203125 -0.178802490234375 -0.34576416015625 -0.2242431640625
-0.060943603515625 -0.112228393554688 -0.3995361328125 -0.024169921875
-0.0709915161132813 -0.0455093383789062 -0.234588623046875 0.132949829101563
-0.0652198791503906 0.00519180297851563 -0.090911865234375 0.157989501953125
-0.0519256591796875 0.0294036865234375 -0.0207138061523438 0.089569091796875
-0.0560684204101562 0.0244331359863281 -0.0404739379882813 0.0326042175292969
-0.0577354431152344 0.0367927551269531 -0.125114440917969 0.00949859619140623
-0.0681304931640625 0.021881103515625 -0.194534301757813 -0.0274200439453125
-0.0711746215820313 -0.0207290649414063 -0.210891723632812 -0.087249755859375
-0.0476493835449219 -0.0594253540039063 -0.164459228515625 -0.176376342773438
0.0211715698242188 -0.0703811645507812 -0.0337982177734375 -0.254776000976563
0.0555038452148438 -0.0490341186523438 0.047210693359375 -0.182357788085937
0.0350265502929688 -0.0386085510253906 -0.0848770141601562 -0.0892562866210938
0.0732879638671875 -0.14556884765625 -0.0249118804931641 0.0106449127197266
0.0830078125 -0.195480346679688 -0.223281860351563 -0.146621704101562
-0.00375366210937499 -0.203460693359375 -0.36688232421875 -0.0547485351562501
-0.0879287719726563 -0.135246276855469 -0.331085205078125 0.12799072265625
-0.10235595703125 -0.0612411499023438 -0.14373779296875 0.1834716796875
-0.10198974609375 0.00476837158203123 -0.0287933349609375 0.149765014648438
-0.0803070068359375 0.0369186401367188 0.00827407836914062 0.0686759948730469
-0.081787109375 0.0314559936523438 -0.0245113372802734 0.0166797637939453
-0.087371826171875 0.045318603515625 -0.10345458984375 -0.0146636962890625
-0.0988388061523438 0.0246047973632812 -0.15484619140625 -0.06182861328125
-0.105049133300781 -0.0316619873046875 -0.152725219726563 -0.138427734375
-0.0756912231445313 -0.0811309814453125 -0.0827484130859375 -0.218719482421875
0.0135498046875 -0.107391357421875 0.0720672607421875 -0.247802734375
0.06103515625 -0.0836639404296875 0.118118286132813 -0.14208984375
0.0462417602539063 -0.0671272277832031 -0.0612983703613281 -0.067779541015625
0.0582275390625 -0.123138427734375 -0.0164165496826172 0.0130805969238281
0.0614166259765625 -0.158004760742187 -0.235855102539063 -0.034576416015625
-0.00839233398437501 -0.177978515625 -0.296142578125 0.12200927734375
-0.0945053100585937 -0.130592346191406 -0.183792114257813 0.245742797851562
-0.119331359863281 -0.0648956298828125 -0.018768310546875 0.202407836914063
-0.125434875488281 0.00736999511718747 0.0475082397460937 0.123664855957031
-0.096954345703125 0.041656494140625 0.0448875427246094 0.04193115234375
-0.0956192016601562 0.0323333740234375 -0.00389266014099122 -0.000702381134033201
-0.103408813476563 0.0449600219726563 -0.0711441040039063 -0.0427703857421875
-0.115150451660156 0.018798828125 -0.0902786254882813 -0.102561950683594
-0.123741149902344 -0.0413055419921875 -0.0503997802734375 -0.189743041992188
-0.0972061157226563 -0.0975265502929687 0.0540008544921875 -0.237548828125
-0.002716064453125 -0.145980834960938 0.212860107421875 -0.183578491210938
0.05706787109375 -0.130233764648438 0.190536499023438 -0.059814453125
0.0550079345703125 -0.103050231933594 -0.0385017395019531 -0.0459556579589844
0.0416717529296875 -0.084381103515625 0.002899169921875 0.0353355407714844
0.053466796875 -0.0998077392578125 -0.186614990234375 0.077545166015625
0.00392913818359376 -0.135337829589844 -0.158050537109375 0.228973388671875
-0.0795822143554688 -0.110496520996094 -0.01092529296875 0.278076171875
-0.113815307617187 -0.0575790405273438 0.1019287109375 0.176284790039062
-0.127830505371094 0.0113296508789062 0.121650695800781 0.08160400390625
-0.099029541015625 0.0403213500976563 0.0835113525390625 0.011566162109375
-0.0959701538085938 0.0287628173828125 0.0183200836181641 -0.0177078247070312
-0.103630065917969 0.0367202758789062 -0.03118896484375 -0.0693397521972656
-0.111328125 0.00985717773437499 -0.00878143310546877 -0.132659912109375
-0.120979309082031 -0.0490951538085938 0.0811004638671875 -0.208282470703125
-0.100181579589844 -0.108940124511719 0.21392822265625 -0.188064575195313
-0.00701904296875001 -0.179595947265625 0.329864501953125 -0.03631591796875
0.0622100830078125 -0.174026489257813 0.22747802734375 0.0526885986328125
0.0660324096679688 -0.130447387695313 -0.0168800354003906 -0.0352706909179688
0.0239830017089844 -0.0481910705566406 0.0327873229980469 0.064605712890625
0.0475425720214844 -0.0500564575195313 -0.10198974609375 0.149429321289063
0.0141525268554687 -0.0913467407226563 -0.0222015380859375 0.252044677734375
-0.0550918579101562 -0.0817031860351563 0.120468139648438 0.2447509765625
-0.089813232421875 -0.041534423828125 0.18389892578125 0.126449584960938
-0.106430053710938 0.01129150390625 0.175643920898437 0.03369140625
-0.0834884643554688 0.032623291015625 0.114967346191406 -0.0169525146484375
-0.0817947387695313 0.020050048828125 0.0404930114746094 -0.0337677001953125
-0.0861587524414063 0.0225906372070313 0.0088043212890625 -0.089691162109375
-0.0870742797851563 3.81469726562472E-05 0.0680389404296875 -0.14471435546875
-0.0944671630859375 -0.0485610961914063 0.199874877929688 -0.174774169921875
-0.0770492553710937 -0.104415893554688 0.331146240234375 -0.067535400390625
0.01092529296875 -0.183074951171875 0.360137939453125 0.150115966796875
0.0777435302734375 -0.183334350585938 0.214157104492187 0.154983520507813
0.0706710815429688 -0.128715515136719 0.00740814208984376 -0.0401039123535156
0.00201988220214844 -0.0237884521484375 0.0655288696289063 0.085906982421875
0.0302944183349609 -0.0158920288085937 -0.0290374755859375 0.1812744140625
0.0109291076660156 -0.0487022399902344 0.0684967041015625 0.232879638671875
-0.0296859741210937 -0.045135498046875 0.193344116210938 0.19329833984375
-0.053985595703125 -0.0223541259765625 0.225479125976563 0.0801239013671875
-0.0683250427246094 0.00856018066406249 0.206069946289062 -0.0020294189453125
-0.0553398132324219 0.0172271728515625 0.135734558105469 -0.038482666015625
-0.055572509765625 0.00824737548828124 0.0571060180664063 -0.0461959838867188
-0.0553245544433594 0.00828552246093751 0.0385208129882812 -0.101402282714844
-0.0515060424804687 -0.00640106201171875 0.12158203125 -0.142608642578125
-0.0547637939453125 -0.0343818664550781 0.272216796875 -0.117630004882813
-0.0378570556640625 -0.0707244873046875 0.371978759765625 0.064544677734375
0.026336669921875 -0.132453918457031 0.31317138671875 0.29888916015625
0.07568359375 -0.132041931152344 0.18023681640625 0.217437744140625
0.0535354614257812 -0.087799072265625 0.0356521606445313 -0.0545883178710938
-0.00934314727783203 0.00739383697509766 -0.0297203063964844 0.0538749694824219
0.010986328125 0.00917148590087891 -0.122802734375 -0.227508544921875
-0.0113754272460937 0.0185165405273438 -0.28387451171875 -0.3236083984375
0.000366210937499998 0.0220603942871094 -0.394256591796875 -0.138641357421875
0.00984477996826172 0.0137538909912109 -0.280181884765625 0.0839843750000001
0.0208797454833984 0.00461387634277344 -0.123687744140625 0.156112670898437
0.0208320617675781 0.00332069396972656 -0.0385513305664062 0.100822448730469
0.0186920166015625 -0.00270462036132812 -0.0519065856933594 0.0438423156738281
0.0242176055908203 -0.00639915466308594 -0.133743286132813 0.0336685180664062
0.0215091705322266 -0.00207901000976562 -0.210968017578125 2.57079790345673E-17
0.0194549560546875 0.001739501953125 -0.239089965820312 -0.0443115234375
0.0124912261962891 0.00306129455566406 -0.20306396484375 -0.133956909179687
0.000673294067382813 0.0126676559448242 -0.0958099365234375 -0.238555908203125
0.0012366771697998 0.00144529342651367 -0.00439453125 -0.196762084960938
-0.00664520263671875 -0.0101127624511719 -0.100868225097656 -0.103515625
0.0417938232421875 -0.0713119506835938 -0.0353431701660156 0.04937744140625
0.0720596313476563 -0.097930908203125 -0.133834838867187 -0.228134155273438
0.01129150390625 -0.0950469970703125 -0.293212890625 -0.308319091796875
-0.0284309387207031 -0.05242919921875 -0.396697998046875 -0.119171142578125
-0.0311603546142578 -0.0166263580322266 -0.268844604492188 0.0917205810546875
-0.022186279296875 0.00631904602050781 -0.117218017578125 0.156036376953125
-0.0161056518554687 0.0178794860839844 -0.035614013671875 0.0991973876953125
-0.0201835632324219 0.013153076171875 -0.04974365234375 0.0431594848632813
-0.01812744140625 0.018707275390625 -0.13336181640625 0.0297775268554687
-0.0246906280517578 0.0130062103271484 -0.209259033203125 -0.000320434570312501
-0.0286140441894531 -0.00878143310546876 -0.233123779296875 -0.0489044189453125
-0.0193614959716797 -0.0299606323242187 -0.1988525390625 -0.13677978515625
0.0147361755371094 -0.0308036804199219 -0.090911865234375 -0.237350463867188
0.0335807800292969 -0.0232086181640625 -0.00170898437499998 -0.193496704101563
0.0174446105957031 -0.0208301544189453 -0.10162353515625 -0.098236083984375
0.0690155029296875 -0.127922058105469 -0.0304813385009766 0.0292911529541016
0.0945281982421875 -0.175125122070313 -0.17529296875 -0.205673217773438
0.010009765625 -0.17578125 -0.34136962890625 -0.210693359375
-0.0615463256835938 -0.107391357421875 -0.388885498046875 -0.0131530761718749
-0.0694618225097656 -0.0423622131347656 -0.222564697265625 0.134292602539063
-0.0637779235839844 0.006011962890625 -0.0834808349609375 0.154708862304688
-0.0506591796875 0.0298080444335938 -0.0185089111328125 0.0869369506835938
-0.0542030334472656 0.0260276794433594 -0.03948974609375 0.0327568054199219
-0.0562095642089844 0.0377731323242188 -0.1234130859375 0.0134506225585937
-0.065765380859375 0.0228538513183594 -0.191268920898438 -0.0204925537109375
-0.0714111328125 -0.0190582275390625 -0.208816528320313 -0.0793914794921875
-0.0489959716796875 -0.0575065612792969 -0.165512084960938 -0.167556762695312
0.0201759338378906 -0.0702667236328125 -0.0394134521484375 -0.247406005859375
0.0549163818359375 -0.0490226745605469 0.0401153564453125 -0.180801391601563
0.0351066589355469 -0.037628173828125 -0.0844039916992188 -0.0852127075195312
0.0680694580078125 -0.142547607421875 -0.0251502990722656 0.0118026733398437
0.07763671875 -0.193023681640625 -0.223922729492187 -0.13702392578125
-0.00694274902343752 -0.19873046875 -0.358642578125 -0.04248046875
-0.0888519287109375 -0.129234313964844 -0.318939208984375 0.133209228515625
-0.100486755371094 -0.058258056640625 -0.133880615234375 0.181137084960938
-0.09991455078125 0.00695037841796873 -0.0245361328125 0.144866943359375
-0.0789871215820313 0.0388412475585938 0.00933074951171874 0.066162109375
-0.080047607421875 0.0331878662109375 -0.0239639282226563 0.0181007385253906
-0.0852737426757813 0.0469818115234375 -0.103012084960938 -0.0100021362304687
-0.09674072265625 0.0253372192382813 -0.152694702148438 -0.0548095703125
-0.105010986328125 -0.0290145874023438 -0.152618408203125 -0.130966186523438
-0.0770187377929688 -0.0785980224609375 -0.08624267578125 -0.211029052734375
0.0125656127929688 -0.106979370117188 0.064453125 -0.243423461914063
0.0593795776367187 -0.0828094482421875 0.1112060546875 -0.143020629882813
0.045989990234375 -0.0652732849121094 -0.0607109069824219 -0.0647697448730469
0.0541229248046875 -0.120292663574219 -0.0161199569702148 0.0143470764160156
0.058135986328125 -0.156204223632812 -0.233245849609375 -0.02734375
-0.010498046875 -0.1746826171875 -0.287261962890625 0.1290283203125
-0.0957489013671875 -0.125556945800781 -0.172164916992188 0.2457275390625
-0.117927551269531 -0.0618438720703125 -0.0118865966796875 0.197189331054688
-0.124046325683594 0.009918212890625 0.0498886108398438 0.118293762207031
-0.09625244140625 0.04351806640625 0.045166015625 0.0390892028808594
-0.09375 0.0355987548828125 -0.00349998474121094 0.000530242919921877
-0.101371765136719 0.04718017578125 -0.0709228515625 -0.0379562377929687
-0.112892150878906 0.02117919921875 -0.090179443359375 -0.095184326171875
-0.123329162597656 -0.0380477905273438 -0.0547637939453125 -0.183670043945313
-0.0985260009765625 -0.0938186645507813 0.04644775390625 -0.233428955078125
-0.00419616699218751 -0.14404296875 0.203643798828125 -0.184051513671875
0.054443359375 -0.127792358398437 0.184890747070313 -0.0641937255859375
0.0536880493164062 -0.100074768066406 -0.0374336242675781 -0.0440559387207031
0.03900146484375 -0.0825347900390625 0.00389862060546875 0.0359840393066406
0.053131103515625 -0.0997238159179688 -0.181976318359375 0.08050537109375
0.00276184082031252 -0.133331298828125 -0.150787353515625 0.230010986328125
-0.0804595947265625 -0.107223510742188 -0.00311279296875 0.27239990234375
-0.113265991210938 -0.0552597045898438 0.104248046875 0.168472290039063
-0.125907897949219 0.0138473510742188 0.120376586914062 0.0750198364257813
-0.0977554321289063 0.0422897338867187 0.0814895629882813 0.00875091552734375
-0.0945358276367188 0.0315399169921875 0.0185623168945312 -0.0165691375732422
-0.101341247558594 0.038970947265625 -0.0315780639648438 -0.0646591186523438
-0.108596801757813 0.01141357421875 -0.01068115234375 -0.127418518066406
-0.119422912597656 -0.0454483032226562 0.0729522705078125 -0.204788208007813
-0.100914001464844 -0.104759216308594 0.203506469726563 -0.189208984375
-0.00915527343749999 -0.176437377929688 0.321990966796875 -0.0430908203125
0.0574951171875 -0.170379638671875 0.224044799804688 0.0456085205078125
0.0632553100585938 -0.126838684082031 -0.0152511596679687 -0.0337448120117188
0.0226669311523438 -0.0473442077636719 0.0339126586914063 0.0635490417480469
0.0486869812011719 -0.0516395568847656 -0.09820556640625 0.1485595703125
0.0134735107421875 -0.0905685424804688 -0.0177154541015625 0.2479248046875
-0.0562591552734375 -0.0797500610351563 0.123794555664063 0.235687255859375
-0.08941650390625 -0.040252685546875 0.18316650390625 0.118240356445313
-0.105049133300781 0.0141372680664062 0.172286987304688 0.028717041015625
-0.0820159912109375 0.0340576171875 0.112228393554687 -0.02008056640625
-0.0802536010742188 0.0227584838867188 0.0397186279296875 -0.0325889587402344
-0.0845108032226563 0.0254135131835937 0.00634002685546875 -0.0853118896484375
-0.0854568481445313 0.00180053710937498 0.0639572143554687 -0.140335083007813
-0.0935211181640625 -0.044921875 0.189834594726563 -0.176284790039063
-0.0776824951171875 -0.100334167480469 0.320220947265625 -0.074493408203125
0.00685119628906251 -0.178955078125 0.3560791015625 0.139892578125
0.0719757080078125 -0.17901611328125 0.214004516601562 0.147216796875
0.0676498413085938 -0.124847412109375 0.00808334350585938 -0.0393486022949219
0.00195884704589844 -0.0231208801269531 0.0658340454101563 0.0829620361328125
0.0321903228759766 -0.0175666809082031 -0.02508544921875 0.175949096679688
0.0100555419921875 -0.0480880737304688 0.0697174072265625 0.226608276367188
-0.0306739807128906 -0.0442352294921875 0.192428588867188 0.183425903320313
-0.0529403686523438 -0.0218391418457031 0.221694946289063 0.073028564453125
-0.0673904418945313 0.00985336303710939 0.200958251953125 -0.0078582763671875
-0.0544166564941406 0.0185394287109375 0.132415771484375 -0.041748046875
-0.0542755126953125 0.010345458984375 0.0561256408691406 -0.0451469421386719
-0.0549697875976563 0.0100746154785156 0.0351028442382813 -0.0971298217773438
-0.0508689880371094 -0.00481796264648438 0.115180969238281 -0.1395263671875
-0.0544471740722656 -0.032073974609375 0.261383056640625 -0.122116088867188
-0.0394134521484375 -0.0689430236816406 0.365264892578125 0.053955078125
0.0225296020507812 -0.129837036132812 0.31256103515625 0.286834716796875
0.0706253051757812 -0.129539489746094 0.180740356445313 0.20947265625
0.0514602661132813 -0.085174560546875 0.0346107482910156 -0.0527610778808594
-0.00916099548339844 0.00831317901611328 -0.0287322998046875 0.0556983947753906
0.01129150390625 0.00785350799560547 -0.129180908203125 -0.225906372070313
-0.011444091796875 0.0188884735107422 -0.292236328125 -0.31817626953125
0.00164031982421875 0.0221748352050781 -0.397186279296875 -0.12872314453125
0.0107622146606445 0.0132207870483398 -0.277908325195313 0.09088134765625
0.0206451416015625 0.00363540649414063 -0.119140625 0.158660888671875
0.0210361480712891 0.00279045104980469 -0.0365829467773437 0.101951599121094
0.0190811157226563 -0.00324630737304688 -0.0519905090332031 0.0449905395507812
0.0243549346923828 -0.00774574279785156 -0.134994506835938 0.037109375
0.0219192504882813 -0.00333023071289063 -0.212936401367188 0.00616455078124995
0.0192985534667969 0.00090789794921875 -0.24078369140625 -0.0387420654296875
0.0120840072631836 0.00269031524658203 -0.206634521484375 -0.12982177734375
0.00209236145019531 0.012974739074707 -0.101852416992187 -0.236862182617187
0.00135540962219238 0.00138247013092041 -0.010467529296875 -0.197952270507812
-0.00731658935546875 -0.00954246520996094 -0.103744506835938 -0.101371765136719
0.0403594970703125 -0.0717849731445313 -0.0340118408203125 0.0509567260742188
0.070037841796875 -0.101364135742188 -0.14019775390625 -0.225921630859375
0.00891876220703124 -0.0961151123046875 -0.300750732421875 -0.30267333984375
-0.029876708984375 -0.0518150329589844 -0.398956298828125 -0.110107421875
-0.0311069488525391 -0.0161991119384766 -0.265060424804688 0.097503662109375
-0.0225410461425781 0.00629997253417968 -0.113967895507813 0.15789794921875
-0.0163364410400391 0.0190105438232422 -0.0336685180664063 0.100090026855469
-0.0200519561767578 0.0143604278564453 -0.049652099609375 0.0441169738769531
-0.0182113647460938 0.0190105438232422 -0.135887145996094 0.0333786010742187
-0.0241565704345703 0.0134353637695313 -0.211181640625 0.00637817382812504
-0.0297222137451172 -0.00837516784667969 -0.2362060546875 -0.042816162109375
-0.0207042694091797 -0.0297088623046875 -0.203567504882813 -0.132919311523438
0.0152549743652344 -0.0323867797851562 -0.0962982177734375 -0.235702514648437
0.0343494415283203 -0.0246543884277344 -0.00776672363281249 -0.19500732421875
0.0177707672119141 -0.0209846496582031 -0.10400390625 -0.0964889526367188
0.0667266845703125 -0.128372192382813 -0.0292625427246094 0.0308399200439453
0.0913238525390625 -0.178909301757813 -0.182235717773437 -0.20257568359375
0.00624084472656249 -0.177703857421875 -0.347259521484375 -0.201904296875
-0.0636825561523437 -0.105964660644531 -0.3887939453125 -0.00436401367187494
-0.0699005126953125 -0.0417098999023437 -0.218154907226562 0.1385498046875
-0.0645828247070313 0.00759887695312501 -0.0799407958984375 0.155914306640625
-0.0517921447753906 0.0323104858398438 -0.0176239013671875 0.0870208740234375
-0.0550117492675781 0.0282249450683594 -0.0393867492675781 0.0337295532226562
-0.0564842224121094 0.0393486022949219 -0.125602722167969 0.0174560546875
-0.0657615661621094 0.0240325927734375 -0.193450927734375 -0.0129241943359375
-0.0738525390625 -0.0175552368164063 -0.211883544921875 -0.074188232421875
-0.0512275695800781 -0.0568084716796875 -0.17041015625 -0.163833618164063
0.02044677734375 -0.0728683471679688 -0.04559326171875 -0.247390747070313
0.0558929443359375 -0.051544189453125 0.034088134765625 -0.183609008789063
0.0363082885742188 -0.0381050109863281 -0.0868453979492188 -0.0845947265625
0.0652923583984375 -0.142929077148438 -0.0248908996582031 0.0136756896972656
0.0745086669921875 -0.19586181640625 -0.229736328125 -0.132492065429688
-0.011016845703125 -0.200546264648438 -0.36163330078125 -0.0317687988281251
-0.0918960571289062 -0.12884521484375 -0.315521240234375 0.142852783203125
-0.102104187011719 -0.0571975708007812 -0.128005981445313 0.183349609375
-0.101058959960938 0.00946807861328124 -0.021270751953125 0.144760131835938
-0.0806503295898437 0.0419769287109375 0.0100479125976562 0.0653152465820312
-0.080535888671875 0.0358505249023437 -0.0233306884765625 0.0181980133056641
-0.0860137939453125 0.0499038696289063 -0.104583740234375 -0.00624084472656249
-0.0978164672851563 0.0273208618164063 -0.15447998046875 -0.0491180419921875
-0.107894897460938 -0.0271148681640625 -0.157760620117188 -0.127593994140625
-0.0800704956054688 -0.0774993896484375 -0.0927886962890625 -0.209945678710938
0.0122528076171875 -0.109596252441406 0.058868408203125 -0.247039794921875
0.0603561401367188 -0.0855255126953125 0.106887817382812 -0.147415161132813
0.0476341247558594 -0.0649681091308594 -0.0618362426757813 -0.0648384094238281
0.0517349243164063 -0.1212158203125 -0.0153217315673828 0.0164251327514648
0.0568084716796875 -0.15966796875 -0.236328125 -0.0208587646484375
-0.0126495361328125 -0.176849365234375 -0.285736083984375 0.13934326171875
-0.0982894897460938 -0.124374389648438 -0.165451049804687 0.2515869140625
-0.119667053222656 -0.061187744140625 -0.00624084472656251 0.196945190429688
-0.12579345703125 0.0132369995117188 0.05242919921875 0.116439819335938
-0.0979843139648437 0.0472946166992188 0.0452384948730469 0.0375328063964844
-0.0946578979492187 0.0387115478515625 -0.00316357612609864 0.001708984375
-0.102317810058594 0.0508804321289063 -0.0725555419921875 -0.03424072265625
-0.113449096679687 0.0233383178710938 -0.091888427734375 -0.0910720825195313
-0.126510620117188 -0.0360031127929688 -0.0601959228515625 -0.18316650390625
-0.101577758789063 -0.092498779296875 0.0395965576171875 -0.23590087890625
-0.00508117675781251 -0.146255493164063 0.200912475585938 -0.19134521484375
0.0545730590820312 -0.129562377929688 0.183792114257813 -0.0699005126953125
0.0550384521484375 -0.100044250488281 -0.0371284484863281 -0.0443496704101563
0.037841796875 -0.0823516845703125 0.00494003295898438 0.0375938415527344
0.0540084838867188 -0.102981567382812 -0.182357788085938 0.08599853515625
0.00188446044921875 -0.136154174804688 -0.146621704101562 0.237533569335938
-0.0836563110351563 -0.107490539550781 0.0042572021484375 0.274093627929688
-0.115646362304688 -0.0543060302734375 0.109603881835937 0.166152954101563
-0.128143310546875 0.01708984375 0.12249755859375 0.07208251953125
-0.0991668701171875 0.0462646484375 0.0818099975585938 0.0058441162109375
-0.0954513549804688 0.0349502563476563 0.0196628570556641 -0.0162639617919922
-0.102348327636719 0.0423812866210938 -0.0332107543945313 -0.0618247985839844
-0.109321594238281 0.013946533203125 -0.012664794921875 -0.125564575195313
-0.122161865234375 -0.0434112548828125 0.067626953125 -0.207901000976563
-0.103988647460938 -0.102981567382813 0.199188232421875 -0.1953125
-0.0116119384765625 -0.177566528320313 0.32421875 -0.0511474609375
0.0559539794921875 -0.172210693359375 0.227371215820313 0.04083251953125
0.0636215209960938 -0.126556396484375 -0.0148830413818359 -0.0337543487548828
0.0221214294433594 -0.0473365783691406 0.0362701416015625 0.0642127990722656
0.0507049560546875 -0.054656982421875 -0.097015380859375 0.151611328125
0.0127105712890625 -0.0928878784179688 -0.01434326171875 0.2523193359375
-0.0589599609375 -0.0793685913085938 0.129714965820313 0.234130859375
-0.09130859375 -0.0399398803710937 0.187484741210938 0.114364624023438
-0.106376647949219 0.0172348022460938 0.174057006835938 0.0243682861328125
-0.0832366943359375 0.03692626953125 0.112068176269531 -0.0238113403320313
-0.081451416015625 0.0258560180664063 0.0409317016601563 -0.0326271057128906
-0.0857162475585938 0.0282745361328125 0.00501251220703124 -0.0830841064453125
-0.0857391357421875 0.00370788574218751 0.061920166015625 -0.140327453613281
-0.09539794921875 -0.0426559448242188 0.185760498046875 -0.181793212890625
-0.0810623168945313 -0.0993728637695312 0.3197021484375 -0.081939697265625
0.0034027099609375 -0.179946899414062 0.362823486328125 0.133514404296875
0.0693359375 -0.180633544921875 0.218658447265625 0.144195556640625
0.0673599243164063 -0.125442504882813 0.00847625732421876 -0.0390701293945313
0.00160598754882813 -0.0230369567871094 0.0688705444335938 0.0825958251953125
0.0343952178955078 -0.0201911926269531 -0.02239990234375 0.1773681640625
0.0105552673339844 -0.0487709045410156 0.0720672607421875 0.227096557617188
-0.0326080322265625 -0.0436630249023437 0.196319580078125 0.179412841796875
-0.0537528991699219 -0.0218276977539063 0.2242431640625 0.0677032470703125
-0.0681495666503906 0.0114936828613281 0.2022705078125 -0.0130615234375
-0.0543937683105469 0.020751953125 0.132614135742188 -0.0462570190429688
-0.0552902221679687 0.0127906799316406 0.0568199157714844 -0.0457801818847656
-0.0560264587402344 0.012054443359375 0.0334091186523438 -0.0959625244140625
-0.0504913330078125 -0.00366592407226564 0.112564086914063 -0.140541076660156
-0.0553398132324219 -0.0308799743652344 0.258285522460938 -0.128585815429688
-0.0414199829101563 -0.0682029724121094 0.3663330078125 0.045806884765625
0.0196380615234375 -0.130210876464844 0.321014404296875 0.284149169921875
0.0684432983398437 -0.131332397460938 0.186248779296875 0.208267211914063
0.0511093139648437 -0.0852279663085938 0.0351486206054688 -0.0532073974609375
-0.00860023498535156 0.00981807708740234 -0.0253715515136719 0.0573577880859375
0.0107955932617188 0.00523662567138672 -0.142913818359375 -0.223724365234375
-0.0109844207763672 0.0200366973876953 -0.31072998046875 -0.3074951171875
0.00330924987792969 0.0215511322021484 -0.407745361328125 -0.109588623046875
0.0114822387695312 0.0127458572387695 -0.275054931640625 0.105850219726562
0.0203800201416016 0.0020294189453125 -0.112579345703125 0.166397094726563
0.0211982727050781 0.00178718566894531 -0.0327606201171875 0.105125427246094
0.0190753936767578 -0.00398063659667969 -0.0520820617675781 0.0477447509765625
0.0240364074707031 -0.00984382629394531 -0.137077331542969 0.0451889038085938
0.0224952697753906 -0.00527381896972656 -0.21697998046875 0.0191650390625
0.0194759368896484 -0.000169754028320313 -0.248138427734375 -0.026123046875
0.0120878219604492 0.00281620025634766 -0.216995239257812 -0.121185302734375
0.00345325469970703 0.0126943588256836 -0.115646362304688 -0.235015869140625
0.00190949440002441 0.000240087509155273 -0.0225982666015625 -0.200592041015625
-0.00804710388183594 -0.00939846038818359 -0.110588073730469 -0.0970077514648437
0.036956787109375 -0.0739212036132812 -0.0311431884765625 0.053192138671875
0.0647735595703125 -0.107276916503906 -0.154266357421875 -0.223068237304687
0.00334930419921876 -0.0978546142578125 -0.319244384765625 -0.28955078125
-0.0322761535644531 -0.0510101318359375 -0.408111572265625 -0.0903320312500001
-0.0321235656738281 -0.0151634216308594 -0.262130737304687 0.111572265625
-0.0233020782470703 0.00761222839355469 -0.107086181640625 0.1650390625
-0.0159072875976563 0.0208244323730469 -0.0301132202148438 0.103126525878906
-0.0196647644042969 0.0158424377441406 -0.0492668151855469 0.0466842651367188
-0.0180110931396484 0.020416259765625 -0.137580871582031 0.042205810546875
-0.0237674713134766 0.0141849517822266 -0.2149658203125 0.01934814453125
-0.0316696166992188 -0.00643539428710937 -0.243804931640625 -0.0307769775390625
-0.02264404296875 -0.0286216735839844 -0.213790893554688 -0.124191284179687
0.0146942138671875 -0.0349483489990234 -0.11065673828125 -0.234390258789063
0.0345611572265625 -0.0283088684082031 -0.0196990966796875 -0.197799682617188
0.0177059173583984 -0.0218105316162109 -0.110488891601562 -0.0933609008789063
0.0602340698242188 -0.132110595703125 -0.0280704498291016 0.0322475433349609
0.0828399658203125 -0.187469482421875 -0.195663452148438 -0.197006225585937
-0.002166748046875 -0.1815185546875 -0.362518310546875 -0.1875
-0.0695114135742188 -0.104324340820312 -0.391815185546875 0.016845703125
-0.0730972290039063 -0.0393218994140625 -0.212371826171875 0.1502685546875
-0.0657691955566406 0.0112342834472656 -0.0733489990234375 0.1611328125
-0.0513648986816406 0.0364837646484375 -0.0144729614257812 0.0891342163085938
-0.0543975830078125 0.0323753356933594 -0.0388870239257813 0.03594970703125
-0.0561485290527344 0.0434188842773438 -0.127716064453125 0.02618408203125
-0.0658073425292969 0.0275764465332031 -0.197128295898438 -0.0012969970703125
-0.077117919921875 -0.0139236450195312 -0.220901489257812 -0.063720703125
-0.0558662414550781 -0.0550651550292969 -0.182388305664063 -0.157562255859375
0.018218994140625 -0.07763671875 -0.05902099609375 -0.249542236328125
0.0553550720214844 -0.0569725036621094 0.023529052734375 -0.189224243164063
0.0368118286132813 -0.0401191711425781 -0.0922927856445313 -0.0825729370117188
0.0590362548828125 -0.145858764648438 -0.0241756439208984 0.0154056549072266
0.0659027099609375 -0.203521728515625 -0.2408447265625 -0.122467041015625
-0.019989013671875 -0.2039794921875 -0.367401123046875 -0.0135498046875
-0.0989761352539063 -0.125556945800781 -0.310638427734375 0.1619873046875
-0.1068115234375 -0.0538253784179687 -0.118316650390625 0.190887451171875
-0.103172302246094 0.0148696899414062 -0.01483154296875 0.14739990234375
-0.0808868408203125 0.0483856201171875 0.0123443603515625 0.0656089782714844
-0.0804595947265625 0.0419692993164062 -0.0226039886474609 0.0201683044433594
-0.0864410400390625 0.0564346313476563 -0.10784912109375 0.00151824951171875
-0.0985336303710938 0.0326156616210937 -0.15869140625 -0.0395355224609375
-0.1129150390625 -0.021484375 -0.168319702148437 -0.120559692382813
-0.0858612060546875 -0.0752487182617187 -0.106155395507813 -0.2080078125
0.00860595703124999 -0.115020751953125 0.04718017578125 -0.254348754882813
0.0589675903320313 -0.0914840698242188 0.0999755859375 -0.156539916992188
0.0476112365722656 -0.0681724548339844 -0.0655479431152344 -0.0636825561523438
0.0466842651367187 -0.122650146484375 -0.0140914916992187 0.0175952911376953
0.0509033203125 -0.166290283203125 -0.242630004882812 -0.00842285156250006
-0.0203857421875 -0.181411743164063 -0.282745361328125 0.158233642578125
-0.106231689453125 -0.122467041015625 -0.152908325195313 0.264389038085938
-0.12548828125 -0.057586669921875 0.005706787109375 0.198455810546875
-0.12841796875 0.0208740234375 0.0587158203125 0.114814758300781
-0.0986785888671875 0.055023193359375 0.0467720031738281 0.0353317260742188
-0.0948944091796875 0.0455245971679688 -0.00216948986053467 0.00201070308685303
-0.102951049804687 0.058380126953125 -0.07568359375 -0.0284347534179688
-0.115036010742187 0.0293731689453125 -0.0966110229492188 -0.08575439453125
-0.132293701171875 -0.0296096801757812 -0.072235107421875 -0.18218994140625
-0.107902526855469 -0.0894927978515625 0.0277252197265625 -0.241683959960938
-0.010833740234375 -0.15081787109375 0.195175170898438 -0.205947875976563
0.050811767578125 -0.135444641113281 0.18316650390625 -0.08099365234375
0.0538558959960938 -0.103317260742188 -0.0393028259277344 -0.044097900390625
0.0342559814453125 -0.0836639404296875 0.00829696655273438 0.0385093688964844
0.0513916015625 -0.109527587890625 -0.181793212890625 0.0973052978515625
-0.00306701660156251 -0.141586303710937 -0.13702392578125 0.251846313476563
-0.0905532836914062 -0.105216979980469 0.0195159912109375 0.278717041015625
-0.121490478515625 -0.0511703491210937 0.121536254882812 0.162353515625
-0.130630493164062 0.0248641967773437 0.12774658203125 0.0660400390625
-0.100196838378906 0.053558349609375 0.0826568603515625 0.0011749267578125
-0.0960693359375 0.042083740234375 0.0204219818115234 -0.0166797637939453
-0.103355407714844 0.0503616333007813 -0.0362968444824219 -0.0586700439453125
-0.111030578613281 0.0190963745117188 -0.017822265625 -0.125213623046875
-0.127388000488281 -0.0376510620117188 0.0565338134765625 -0.214859008789063
-0.110671997070313 -0.0995864868164062 0.191986083984375 -0.208969116210938
-0.019500732421875 -0.181228637695313 0.328704833984375 -0.06964111328125
0.0494842529296875 -0.17767333984375 0.233673095703125 0.0295562744140625
0.061187744140625 -0.130508422851563 -0.0156936645507813 -0.0339012145996094
0.0197029113769531 -0.0477142333984375 0.0411224365234375 0.0641021728515625
0.0508689880371094 -0.0612525939941406 -0.0911865234375 0.159286499023438
0.00991058349609375 -0.0974655151367188 -0.00251770019531248 0.259506225585937
-0.06463623046875 -0.0779647827148438 0.143661499023438 0.23162841796875
-0.0959930419921875 -0.037109375 0.1971435546875 0.10614013671875
-0.107864379882812 0.0236129760742187 0.178054809570313 0.01531982421875
-0.08428955078125 0.0434799194335937 0.112876892089844 -0.0306243896484375
-0.0821685791015625 0.0318222045898438 0.0412864685058594 -0.0347747802734375
-0.0865249633789063 0.0347976684570313 0.00199127197265624 -0.0826644897460938
-0.0869979858398438 0.00797271728515626 0.0570831298828125 -0.1446533203125
-0.099822998046875 -0.0383377075195313 0.177597045898438 -0.195175170898438
-0.0871429443359375 -0.0960540771484375 0.320648193359375 -0.100006103515625
-0.00439453125000002 -0.184127807617188 0.377166748046875 0.117431640625
0.062408447265625 -0.187240600585938 0.230804443359375 0.136749267578125
0.0644912719726563 -0.129623413085938 0.00835800170898438 -0.0397834777832031
-0.000507354736328123 -0.0227394104003906 0.0748138427734375 0.0811386108398437
0.0360488891601562 -0.0256881713867187 -0.014312744140625 0.1807861328125
0.00931930541992188 -0.0516891479492188 0.0829925537109375 0.228057861328125
-0.0358047485351563 -0.0427894592285156 0.207565307617188 0.17169189453125
-0.0565528869628906 -0.0201530456542969 0.232345581054688 0.0579833984375
-0.0688400268554688 0.0155372619628906 0.204513549804688 -0.023651123046875
-0.0553665161132813 0.0241966247558594 0.132400512695313 -0.0548324584960938
-0.0560264587402344 0.0170402526855469 0.0570602416992188 -0.0489349365234375
-0.05682373046875 0.0164299011230469 0.03045654296875 -0.097015380859375
-0.0515365600585938 -0.000885009765625005 0.108245849609375 -0.146865844726563
-0.0581817626953125 -0.0279808044433594 0.25469970703125 -0.144500732421875
-0.0456733703613281 -0.0663566589355469 0.37469482421875 0.028106689453125
0.0140609741210937 -0.133430480957031 0.34185791015625 0.27392578125
0.0635833740234375 -0.136276245117188 0.199752807617188 0.204345703125
0.0496063232421875 -0.0885848999023438 0.0338554382324219 -0.0553245544433594
-0.00821399688720703 0.011204719543457 -0.0207595825195312 0.0575752258300781
0.00886154174804688 0.00340747833251953 -0.157577514648438 -0.211196899414063
-0.0100669860839844 0.0210399627685547 -0.326141357421875 -0.2803955078125
0.00501060485839844 0.0206317901611328 -0.408782958984375 -0.08056640625
0.0123615264892578 0.0113182067871094 -0.261856079101563 0.123245239257813
0.0193862915039063 0.000143051147460938 -0.09869384765625 0.171142578125
0.0212745666503906 0.000570297241210938 -0.0256881713867187 0.106369018554688
0.0189456939697266 -0.00564765930175781 -0.0501060485839844 0.0505523681640625
0.0223274230957031 -0.0120563507080078 -0.133926391601562 0.0551223754882813
0.0219211578369141 -0.00751113891601563 -0.21417236328125 0.0358428955078125
0.0188312530517578 -0.00104713439941406 -0.247604370117188 -0.00752258300781251
0.012669563293457 0.00204658508300781 -0.223037719726562 -0.103652954101563
0.00485420227050781 0.0115690231323242 -0.1314697265625 -0.224258422851563
0.00185632705688477 -0.000944137573242187 -0.03826904296875 -0.19635009765625
-0.00903129577636719 -0.00783824920654297 -0.115715026855469 -0.0884017944335937
0.0314483642578125 -0.07330322265625 -0.0268936157226563 0.0537071228027344
0.0547866821289063 -0.11126708984375 -0.168548583984375 -0.209487915039063
-0.00389099121093751 -0.0970687866210937 -0.3328857421875 -0.263427734375
-0.0346641540527344 -0.0479469299316406 -0.40576171875 -0.060577392578125
-0.0328025817871094 -0.0131893157958984 -0.248611450195312 0.126953125
-0.0229415893554688 0.00917625427246094 -0.0936737060546875 0.169677734375
-0.0142841339111328 0.0227508544921875 -0.0229644775390625 0.104507446289063
-0.0182647705078125 0.0179538726806641 -0.0467071533203125 0.0491256713867188
-0.0172519683837891 0.021270751953125 -0.134605407714844 0.0530014038085938
-0.0228004455566406 0.0151348114013672 -0.2117919921875 0.03619384765625
-0.0326099395751953 -0.00364112854003906 -0.244140625 -0.0116271972656249
-0.0244903564453125 -0.0264720916748047 -0.219573974609375 -0.107009887695313
0.01263427734375 -0.0371856689453125 -0.126800537109375 -0.223739624023438
0.0323219299316406 -0.0320034027099609 -0.03564453125 -0.193161010742187
0.0164775848388672 -0.0223102569580078 -0.116119384765625 -0.0849380493164062
0.0509872436523437 -0.131675720214844 -0.0250492095947266 0.0332298278808594
0.0676116943359375 -0.19134521484375 -0.207443237304688 -0.18084716796875
-0.0149993896484375 -0.179214477539062 -0.367706298828125 -0.158447265625
-0.07489013671875 -0.09808349609375 -0.3822021484375 0.0429077148437501
-0.074493408203125 -0.0343017578125 -0.197006225585937 0.160446166992188
-0.06463623046875 0.0159797668457031 -0.0609588623046875 0.1632080078125
-0.0482902526855469 0.0412788391113281 -0.00849151611328126 0.0893402099609375
-0.0513916015625 0.0365638732910156 -0.03692626953125 0.0380172729492188
-0.0536918640136719 0.0480499267578125 -0.126007080078125 0.0368728637695312
-0.0636940002441406 0.0315284729003906 -0.195144653320313 0.0145263671875
-0.078338623046875 -0.00718688964843751 -0.224334716796875 -0.045501708984375
-0.0592803955078125 -0.0509719848632812 -0.1917724609375 -0.142227172851562
0.0133285522460938 -0.0802993774414063 -0.076812744140625 -0.241989135742188
0.0520706176757813 -0.0622787475585937 0.00802612304687499 -0.187973022460938
0.0350837707519531 -0.0418968200683594 -0.09722900390625 -0.07574462890625
0.0486907958984375 -0.145217895507812 -0.022216796875 0.0160617828369141
0.0507659912109375 -0.206161499023438 -0.247406005859375 -0.103759765625
-0.033660888671875 -0.202224731445313 -0.3616943359375 0.013519287109375
-0.105522155761719 -0.117477416992188 -0.29278564453125 0.180511474609375
-0.10906982421875 -0.0472412109375 -0.10205078125 0.1947021484375
-0.101661682128906 0.0229263305664063 -0.00460815429687502 0.146240234375
-0.0769271850585938 0.0551528930664063 0.016510009765625 0.0645332336425781
-0.077056884765625 0.0484161376953125 -0.0213394165039063 0.0211868286132813
-0.0820388793945313 0.0633697509765625 -0.106590270996094 0.01129150390625
-0.0959548950195313 0.0392227172851562 -0.158721923828125 -0.025970458984375
-0.114593505859375 -0.0125732421875 -0.176513671875 -0.10528564453125
-0.0902328491210938 -0.0688018798828125 -0.120162963867188 -0.197372436523438
0.000885009765625001 -0.116996765136719 0.0273590087890625 -0.255844116210937
0.0536422729492188 -0.0964813232421875 0.0866851806640625 -0.161041259765625
0.044464111328125 -0.0702285766601563 -0.0698089599609375 -0.0590629577636719
0.0380477905273437 -0.12152099609375 -0.0117588043212891 0.0180912017822266
0.0393218994140625 -0.168472290039063 -0.241287231445313 0.00938415527343747
-0.0322418212890625 -0.180450439453125 -0.265731811523437 0.178512573242187
-0.112342834472656 -0.114418029785156 -0.130142211914062 0.271224975585938
-0.128654479980469 -0.0494155883789062 0.021392822265625 0.193527221679688
-0.126510620117188 0.03045654296875 0.0655059814453125 0.108436584472656
-0.094451904296875 0.0630416870117188 0.0485458374023437 0.031646728515625
-0.0911102294921875 0.0530548095703125 -0.00146472454071045 0.0017690658569336
-0.0989761352539063 0.0672760009765625 -0.0764007568359375 -0.0205001831054687
-0.112571716308594 0.0370941162109375 -0.100303649902344 -0.076416015625
-0.13360595703125 -0.0195236206054688 -0.0859222412109375 -0.174102783203125
-0.112686157226562 -0.081512451171875 0.00926208496093747 -0.240875244140625
-0.020050048828125 -0.1510009765625 0.17803955078125 -0.21844482421875
0.042205810546875 -0.138801574707031 0.17529296875 -0.09295654296875
0.0487594604492187 -0.105949401855469 -0.0418014526367187 -0.0413017272949219
0.0279541015625 -0.0815811157226563 0.0123825073242188 0.0369606018066406
0.0442962646484375 -0.114448547363281 -0.173110961914063 0.10888671875
-0.01239013671875 -0.142929077148438 -0.115951538085938 0.260482788085938
-0.0963668823242187 -0.0988540649414063 0.040374755859375 0.273635864257812
-0.125190734863281 -0.0430450439453125 0.132675170898438 0.149520874023438
-0.128547668457031 0.0345993041992187 0.130645751953125 0.0554656982421875
-0.0965042114257813 0.06201171875 0.082000732421875 -0.0047760009765625
-0.0925140380859375 0.0493850708007813 0.0199947357177734 -0.0183467864990234
-0.0994033813476563 0.05902099609375 -0.0389595031738281 -0.0537261962890625
-0.109016418457031 0.0267562866210938 -0.0252304077148438 -0.122291564941406
-0.129264831542969 -0.0276260375976562 0.0384979248046875 -0.216049194335938
-0.115821838378906 -0.0907516479492188 0.174514770507812 -0.220977783203125
-0.0306396484375 -0.180068969726563 0.3204345703125 -0.09423828125
0.0382537841796875 -0.180145263671875 0.233749389648437 0.013427734375
0.0541229248046875 -0.133308410644531 -0.0173740386962891 -0.0326461791992188
0.0160140991210938 -0.0460586547851562 0.0474357604980469 0.0605888366699219
0.046783447265625 -0.0671958923339844 -0.0790557861328125 0.163558959960937
0.0035552978515625 -0.10015869140625 0.0157012939453125 0.2587890625
-0.0692062377929688 -0.0728225708007813 0.159576416015625 0.2186279296875
-0.0989761352539063 -0.0306472778320312 0.20367431640625 0.089813232421875
-0.106475830078125 0.0314559936523437 0.177536010742187 0.001617431640625
-0.081268310546875 0.0499725341796875 0.109291076660156 -0.0389785766601563
-0.0789871215820313 0.0389022827148438 0.039886474609375 -0.0371932983398438
-0.0835037231445313 0.0420989990234375 -0.0028839111328125 -0.0799713134765625
-0.0854568481445312 0.0140838623046875 0.0471954345703125 -0.14678955078125
-0.102058410644531 -0.0303268432617188 0.159759521484375 -0.205841064453125
-0.0921859741210938 -0.0887603759765625 0.30938720703125 -0.12261962890625
-0.0161590576171875 -0.182220458984375 0.383270263671875 0.09033203125
0.049652099609375 -0.189865112304688 0.238525390625 0.120223999023437
0.0570220947265625 -0.132743835449219 0.00630569458007813 -0.0403327941894531
-0.00240898132324219 -0.0206546783447266 0.0815811157226562 0.0751495361328125
0.0345363616943359 -0.0315685272216797 -0.00148010253906248 0.178115844726563
0.00649261474609376 -0.0536956787109375 0.0966339111328125 0.221817016601563
-0.0384597778320313 -0.0394058227539063 0.21661376953125 0.155914306640625
-0.0581016540527344 -0.0167961120605469 0.234207153320312 0.0406951904296875
-0.0674247741699219 0.0204238891601562 0.201171875 -0.0384674072265625
-0.05389404296875 0.0284233093261719 0.127235412597656 -0.0647125244140625
-0.0542030334472656 0.0222625732421875 0.0543289184570313 -0.0524559020996094
-0.0552558898925781 0.0217399597167969 0.0245819091796875 -0.0968475341796875
-0.0512275695800781 0.00278472900390625 0.097442626953125 -0.152206420898438
-0.05938720703125 -0.02288818359375 0.2388916015625 -0.161758422851563
-0.0493545532226562 -0.0619354248046875 0.373077392578125 -3.05175781250038E-05
0.00520324707031251 -0.13226318359375 0.3587646484375 0.24725341796875
0.0538253784179688 -0.139205932617188 0.2122802734375 0.189743041992187
0.04449462890625 -0.09088134765625 0.03033447265625 -0.0566596984863281
-0.00727272033691407 0.0127248764038086 -0.0175247192382813 0.0546188354492188
0.00609970092773438 0.00267314910888672 -0.16217041015625 -0.194000244140625
-0.00893592834472656 0.0213432312011719 -0.324615478515625 -0.252685546875
0.00676155090332031 0.0186347961425781 -0.394073486328125 -0.0576782226562501
0.0113992691040039 0.010167121887207 -0.24322509765625 0.130050659179688
0.0178070068359375 -6.67572021484375E-05 -0.0858612060546875 0.16864013671875
0.0208930969238281 -0.0007171630859375 -0.0192413330078125 0.103752136230469
0.0178737640380859 -0.00616455078125 -0.0472793579101563 0.0511894226074219
0.0194911956787109 -0.0129051208496094 -0.127304077148437 0.0606842041015625
0.0208015441894531 -0.00885963439941406 -0.204421997070313 0.046905517578125
0.0174350738525391 -0.00144004821777344 -0.238723754882812 0.00761413574218752
0.012639045715332 0.00165271759033203 -0.21856689453125 -0.0876617431640625
0.00515365600585938 0.0101404190063477 -0.13800048828125 -0.207229614257813
0.000977754592895508 -0.00245094299316406 -0.0476837158203125 -0.185104370117188
-0.00926303863525391 -0.00641059875488281 -0.115646362304687 -0.0790328979492187
0.0268516540527344 -0.0696945190429688 -0.0236930847167969 0.0514183044433594
0.0450286865234375 -0.108474731445313 -0.172454833984375 -0.191253662109375
-0.00890350341796875 -0.0925827026367188 -0.329254150390625 -0.236602783203125
-0.0350875854492188 -0.0448265075683594 -0.389404296875 -0.0391845703125
-0.0322227478027344 -0.0112380981445313 -0.229721069335938 0.131744384765625
-0.0224285125732422 0.0107860565185547 -0.0810089111328125 0.16656494140625
-0.0120964050292969 0.0232181549072266 -0.0163803100585937 0.101737976074219
-0.0163459777832031 0.0185947418212891 -0.0435256958007812 0.0497627258300781
-0.0163593292236328 0.0223255157470703 -0.127853393554688 0.059326171875
-0.0213699340820313 0.0152187347412109 -0.202041625976562 0.047149658203125
-0.0319004058837891 -0.000986099243164058 -0.23565673828125 0.00349426269531254
-0.0243587493896484 -0.0243854522705078 -0.215805053710938 -0.090789794921875
0.01031494140625 -0.0381050109863281 -0.1331787109375 -0.207687377929688
0.0292034149169922 -0.0338401794433594 -0.0454559326171875 -0.182449340820312
0.0151519775390625 -0.0219230651855469 -0.115715026855469 -0.0761032104492188
0.0431289672851562 -0.125289916992187 -0.0233097076416016 0.0322341918945312
0.05413818359375 -0.185302734375 -0.208404541015625 -0.162384033203125
-0.0238189697265625 -0.171829223632813 -0.35699462890625 -0.13580322265625
-0.075714111328125 -0.0904922485351563 -0.362152099609375 0.058258056640625
-0.0733184814453125 -0.02972412109375 -0.179367065429687 0.160903930664063
-0.0620002746582031 0.0194664001464844 -0.05059814453125 0.15911865234375
-0.0439605712890625 0.0432891845703125 -0.0037841796875 0.0863723754882813
-0.0477371215820313 0.0384483337402344 -0.0341529846191406 0.0385971069335938
-0.0495834350585937 0.0503273010253906 -0.119728088378906 0.0443801879882813
-0.0604896545410156 0.0333442687988281 -0.1865234375 0.0255584716796875
-0.0763473510742188 -0.00215911865234374 -0.21783447265625 -0.0291748046875
-0.0592842102050781 -0.0464401245117188 -0.190750122070313 -0.125732421875
0.00901794433593751 -0.0808563232421875 -0.086578369140625 -0.228225708007813
0.0473480224609375 -0.0640869140625 -0.0031280517578125 -0.179931640625
0.0330543518066406 -0.0411605834960938 -0.0978012084960938 -0.0686111450195312
0.0411605834960938 -0.13787841796875 -0.0210666656494141 0.0160560607910156
0.0387115478515625 -0.19927978515625 -0.243240356445313 -0.08685302734375
-0.041839599609375 -0.19384765625 -0.343475341796875 0.030853271484375
-0.105735778808594 -0.1080322265625 -0.268585205078125 0.18548583984375
-0.107513427734375 -0.0406265258789062 -0.0874786376953125 0.1884765625
-0.0970306396484375 0.0280227661132812 0.00249481201171873 0.139358520507813
-0.0708389282226563 0.0584259033203125 0.0188636779785156 0.0611305236816406
-0.0717086791992188 0.0512237548828125 -0.0191936492919922 0.0214443206787109
-0.0763015747070313 0.0671234130859375 -0.10150146484375 0.0185317993164062
-0.09130859375 0.0423736572265625 -0.153244018554688 -0.0149688720703125
-0.111381530761719 -0.00533294677734376 -0.174346923828125 -0.0893707275390625
-0.08966064453125 -0.0629501342773438 -0.124649047851562 -0.182769775390625
-0.00429534912109374 -0.115936279296875 0.0126800537109375 -0.24664306640625
0.0475692749023438 -0.097320556640625 0.0741729736328125 -0.158416748046875
0.04107666015625 -0.0689926147460938 -0.070037841796875 -0.05364990234375
0.032928466796875 -0.114486694335938 -0.0101680755615234 0.0171518325805664
0.0303192138671875 -0.163894653320313 -0.231246948242188 0.0210723876953125
-0.0396270751953125 -0.174148559570313 -0.243988037109375 0.184432983398438
-0.112312316894531 -0.105606079101563 -0.109771728515625 0.265426635742187
-0.12689208984375 -0.0422744750976562 0.0305328369140625 0.180892944335938
-0.120521545410156 0.0368423461914063 0.067840576171875 0.10003662109375
-0.0875930786132813 0.0675277709960938 0.048248291015625 0.0277862548828125
-0.0855178833007812 0.0561981201171875 -0.000470519065856939 0.00193893909454346
-0.0918960571289062 0.0716781616210938 -0.0734176635742188 -0.0136795043945313
-0.107391357421875 0.0415573120117188 -0.098785400390625 -0.067169189453125
-0.130035400390625 -0.0116806030273437 -0.0916595458984375 -0.159759521484375
-0.111747741699219 -0.0739517211914063 -0.00335693359374998 -0.23101806640625
-0.02593994140625 -0.147323608398438 0.159072875976563 -0.22015380859375
0.03485107421875 -0.137550354003906 0.163543701171875 -0.09783935546875
0.0438766479492187 -0.103546142578125 -0.0420722961425781 -0.0381126403808594
0.0250778198242187 -0.0759124755859375 0.0150375366210938 0.0339984893798828
0.0373153686523438 -0.113533020019531 -0.161087036132812 0.1129150390625
-0.0189590454101563 -0.139900207519531 -0.09661865234375 0.256851196289063
-0.096893310546875 -0.0914382934570313 0.0540771484375 0.259262084960938
-0.123710632324219 -0.0363311767578125 0.135154724121094 0.134132385253906
-0.122695922851563 0.0406036376953125 0.127731323242188 0.0457382202148438
-0.0900421142578125 0.066375732421875 0.0782852172851562 -0.00920867919921875
-0.086181640625 0.053375244140625 0.0196342468261719 -0.0183200836181641
-0.0923538208007812 0.0641632080078125 -0.0390052795410156 -0.047760009765625
-0.104156494140625 0.031707763671875 -0.0293197631835938 -0.115577697753906
-0.126136779785156 -0.0193252563476562 0.0244140625 -0.207656860351563
-0.114608764648438 -0.08251953125 0.15533447265625 -0.220748901367188
-0.0371856689453125 -0.173568725585938 0.3031005859375 -0.107391357421875
0.0283203125 -0.176040649414063 0.225860595703125 0.00157165527343749
0.0477371215820313 -0.130203247070313 -0.0178546905517578 -0.0305843353271484
0.014495849609375 -0.0419349670410156 0.0503959655761719 0.0548896789550781
0.0414962768554687 -0.0694351196289063 -0.0684356689453125 0.159759521484375
-0.00167846679687501 -0.0995407104492188 0.0283966064453125 0.248931884765625
-0.0699119567871094 -0.0673866271972656 0.16387939453125 0.200942993164063
-0.0977554321289063 -0.0254974365234375 0.200241088867188 0.0736846923828125
-0.1014404296875 0.03631591796875 0.170364379882813 -0.00823974609375
-0.076629638671875 0.05340576171875 0.103073120117188 -0.0434951782226563
-0.0742416381835937 0.0424575805664063 0.0380516052246094 -0.0379180908203125
-0.0782928466796875 0.0469131469726562 -0.00512695312500001 -0.07574462890625
-0.082000732421875 0.0179061889648438 0.0385589599609375 -0.14312744140625
-0.0992355346679688 -0.0238113403320313 0.141006469726563 -0.205337524414063
-0.0917510986328125 -0.0810775756835938 0.2904052734375 -0.133697509765625
-0.0233917236328125 -0.17529296875 0.372314453125 0.065216064453125
0.0391387939453125 -0.185256958007813 0.235260009765625 0.10467529296875
0.0494766235351562 -0.129676818847656 0.004608154296875 -0.0378608703613281
-0.00308704376220703 -0.0171566009521484 0.0841522216796875 0.0674972534179688
0.0313987731933594 -0.0351638793945313 0.00621032714843752 0.169662475585938
0.00360870361328125 -0.0542831420898438 0.102935791015625 0.20947265625
-0.0384254455566406 -0.036041259765625 0.214950561523438 0.13885498046875
-0.0576095581054688 -0.0136528015136719 0.227127075195312 0.0262451171875
-0.0641746520996094 0.0231704711914063 0.191192626953125 -0.048095703125
-0.0508766174316406 0.0306739807128906 0.119239807128906 -0.0699081420898437
-0.0510063171386719 0.0251731872558594 0.0510025024414062 -0.0534095764160156
-0.0515708923339844 0.02484130859375 0.020263671875 -0.0933609008789063
-0.0491485595703125 0.00498199462890626 0.0863494873046875 -0.150634765625
-0.0584373474121094 -0.0188026428222656 0.219284057617188 -0.167831420898438
-0.0492057800292969 -0.0567550659179688 0.357879638671875 -0.01971435546875
-0.000846862792968755 -0.127586364746094 0.35760498046875 0.218658447265625
0.0454940795898438 -0.136505126953125 0.213287353515625 0.173568725585938
0.039093017578125 -0.089324951171875 0.0268173217773438 -0.0548477172851563
-0.00656509399414062 0.0140600204467773 -0.0171852111816406 0.0513496398925781
0.00379395484924316 0.0032048225402832 -0.158432006835938 -0.183700561523437
-0.00817298889160156 0.0216121673583984 -0.313568115234375 -0.240875244140625
0.00649833679199219 0.0176734924316406 -0.378173828125 -0.0520019531249999
0.0109319686889648 0.0101118087768555 -0.23101806640625 0.126739501953125
0.0162229537963867 0.000186920166015625 -0.0797576904296875 0.163055419921875
0.0204563140869141 -0.000690460205078125 -0.0163497924804687 0.100799560546875
0.0172443389892578 -0.00577640533447266 -0.0465316772460938 0.0507736206054687
0.0182266235351563 -0.0114917755126953 -0.123603820800781 0.0616989135742188
0.0194282531738281 -0.00918197631835938 -0.197067260742187 0.0499420166015625
0.0166759490966797 -0.00102424621582031 -0.230316162109375 0.013031005859375
0.0126590728759766 0.00160789489746094 -0.211395263671875 -0.0812835693359375
0.00505781173706055 0.00876760482788086 -0.136489868164063 -0.197341918945313
-0.000345230102539063 -0.00295519828796387 -0.049652099609375 -0.176345825195313
-0.00928401947021485 -0.00513935089111328 -0.112991333007813 -0.075164794921875
0.0263404846191406 -0.0648727416992188 -0.0235557556152344 0.0489921569824219
0.0406875610351563 -0.103668212890625 -0.168212890625 -0.181076049804688
-0.0101776123046875 -0.0888595581054688 -0.3167724609375 -0.225738525390625
-0.0341987609863281 -0.0430908203125 -0.37432861328125 -0.0348815917968751
-0.0312709808349609 -0.0103549957275391 -0.219314575195313 0.127273559570312
-0.0216999053955078 0.0118827819824219 -0.0757598876953125 0.1611328125
-0.0109329223632813 0.0233707427978516 -0.0139617919921875 0.098114013671875
-0.0155048370361328 0.0186252593994141 -0.0422935485839844 0.0489768981933594
-0.01568603515625 0.0232868194580078 -0.123435974121094 0.0608367919921875
-0.0211029052734375 0.0149326324462891 -0.194778442382812 0.050262451171875
-0.0309619903564453 -0.000102996826171875 -0.226898193359375 0.00871276855468752
-0.0239524841308594 -0.0238227844238281 -0.209091186523437 -0.084228515625
0.00915908813476562 -0.0388298034667969 -0.132034301757812 -0.197250366210938
0.0269756317138672 -0.0342178344726563 -0.04705810546875 -0.173965454101563
0.0154933929443359 -0.0198135375976563 -0.113571166992188 -0.0725555419921875
0.0427627563476563 -0.117958068847656 -0.0231971740722656 0.0309600830078125
0.049957275390625 -0.177413940429688 -0.202865600585938 -0.153121948242187
-0.025054931640625 -0.16571044921875 -0.3438720703125 -0.127532958984375
-0.0732269287109375 -0.0868606567382813 -0.34576416015625 0.0594482421874999
-0.0711288452148438 -0.0286636352539063 -0.170486450195313 0.154190063476563
-0.0595626831054688 0.0209121704101562 -0.047088623046875 0.15374755859375
-0.0411911010742187 0.0438270568847656 -0.00212860107421875 0.0828094482421875
-0.0454216003417969 0.0386581420898438 -0.0331764221191406 0.0374488830566406
-0.0473709106445313 0.0515022277832031 -0.115333557128906 0.04620361328125
-0.0584983825683594 0.033355712890625 -0.179946899414062 0.029632568359375
-0.0743637084960938 -0.000778198242187492 -0.210372924804687 -0.0230255126953125
-0.0576629638671875 -0.0456924438476562 -0.1854248046875 -0.118927001953125
0.00723266601562501 -0.080596923828125 -0.0873870849609375 -0.218704223632813
0.0446624755859375 -0.0642433166503906 -0.00599670410156251 -0.1728515625
0.0334281921386719 -0.0391273498535156 -0.0959320068359375 -0.0653839111328125
0.0412979125976563 -0.129615783691406 -0.020233154296875 0.0153255462646484
0.0350799560546875 -0.191741943359375 -0.235885620117187 -0.0797576904296875
-0.04290771484375 -0.187255859375 -0.329071044921875 0.03338623046875
-0.102188110351562 -0.104354858398438 -0.255203247070313 0.180450439453125
-0.104728698730469 -0.0391998291015625 -0.0816192626953125 0.179824829101562
-0.0936355590820313 0.030029296875 0.00380706787109373 0.134628295898438
-0.0676536560058594 0.0592689514160156 0.019134521484375 0.0581474304199219
-0.0687332153320312 0.0514106750488281 -0.0183544158935547 0.0205917358398438
-0.0722885131835938 0.0681304931640625 -0.0971221923828125 0.0214385986328125
-0.0885696411132813 0.0426864624023438 -0.14764404296875 -0.0105133056640625
-0.108436584472656 -0.00333404541015623 -0.169235229492188 -0.0812530517578125
-0.0874404907226562 -0.06109619140625 -0.123031616210938 -0.174301147460937
-0.00556182861328126 -0.115280151367187 0.00828552246093748 -0.238327026367187
0.0452499389648437 -0.09649658203125 0.069427490234375 -0.153427124023438
0.0413894653320313 -0.0665168762207031 -0.068695068359375 -0.05133056640625
0.0335617065429688 -0.106925964355469 -0.00918960571289062 0.0160255432128906
0.0275421142578125 -0.158248901367188 -0.223419189453125 0.02349853515625
-0.0404052734375 -0.16973876953125 -0.231369018554688 0.180953979492187
-0.10906982421875 -0.102325439453125 -0.1009521484375 0.255630493164063
-0.123893737792969 -0.0406951904296875 0.03125 0.171630859375
-0.11639404296875 0.0386734008789063 0.06640625 0.0955352783203125
-0.0839004516601563 0.0686798095703125 0.0470848083496094 0.0254096984863281
-0.0818862915039063 0.0568008422851562 -2.83718109130908E-05 0.00184738636016846
-0.0867156982421875 0.0730438232421875 -0.0700035095214844 -0.0106468200683594
-0.104011535644531 0.0421524047851563 -0.0953140258789062 -0.0622482299804688
-0.126617431640625 -0.00888824462890626 -0.0910491943359375 -0.15106201171875
-0.10845947265625 -0.072174072265625 -0.00686645507812502 -0.222320556640625
-0.0263824462890625 -0.145034790039063 0.149978637695313 -0.214614868164062
0.0321884155273438 -0.134750366210938 0.157073974609375 -0.0963592529296875
0.0435867309570313 -0.0997085571289063 -0.0411453247070313 -0.0361862182617188
0.0265121459960938 -0.0701637268066406 0.0157108306884766 0.0316791534423828
0.0346298217773438 -0.110954284667969 -0.155410766601563 0.110641479492188
-0.0206527709960937 -0.137351989746094 -0.08880615234375 0.249099731445313
-0.09454345703125 -0.088836669921875 0.0565032958984375 0.248748779296875
-0.121223449707031 -0.0349349975585938 0.131828308105469 0.124649047851562
-0.1187744140625 0.042388916015625 0.123649597167969 0.0418472290039063
-0.0866775512695313 0.067230224609375 0.0759429931640625 -0.0107879638671875
-0.0828781127929688 0.0538482666015625 0.0201473236083984 -0.0183849334716797
-0.0876007080078125 0.0654830932617187 -0.0369338989257813 -0.0440177917480469
-0.100738525390625 0.0324172973632813 -0.0289840698242188 -0.110733032226562
-0.122413635253906 -0.0164337158203125 0.02032470703125 -0.199081420898437
-0.111038208007813 -0.0796127319335937 0.146759033203125 -0.215835571289063
-0.0374755859375 -0.169662475585938 0.29107666015625 -0.1090087890625
0.025787353515625 -0.1722412109375 0.218673706054688 -0.000885009765625011
0.0460739135742188 -0.125236511230469 -0.0171737670898437 -0.0290927886962891
0.0156021118164062 -0.0374679565429688 0.0507316589355469 0.0509185791015625
0.0390243530273437 -0.0694198608398437 -0.0653533935546875 0.15374755859375
-0.00366973876953125 -0.0988082885742188 0.03106689453125 0.2408447265625
-0.0685768127441406 -0.0657157897949219 0.160797119140625 0.191482543945312
-0.095977783203125 -0.0244903564453125 0.193939208984375 0.06634521484375
-0.0986557006835938 0.0373916625976562 0.163619995117188 -0.011199951171875
-0.074005126953125 0.0549087524414063 0.099456787109375 -0.0446243286132812
-0.0711669921875 0.0431060791015625 0.0375328063964844 -0.0375442504882813
-0.074188232421875 0.0479202270507813 -0.00460052490234375 -0.0722198486328125
-0.0793914794921875 0.0186386108398438 0.0353317260742187 -0.138816833496094
-0.0962600708007812 -0.0212173461914063 0.13177490234375 -0.198928833007812
-0.0885848999023438 -0.0780410766601562 0.27703857421875 -0.133499145507813
-0.0242919921875 -0.170562744140625 0.361358642578125 0.05816650390625
0.035003662109375 -0.180328369140625 0.229217529296875 0.0992431640625
0.0478668212890625 -0.124946594238281 0.00447845458984375 -0.0363349914550781
-0.00218772888183594 -0.0137834548950195 0.0838851928710937 0.0624542236328125
0.02838134765625 -0.03692626953125 0.0073394775390625 0.161880493164063
0.00209808349609375 -0.0542945861816406 0.1014404296875 0.20208740234375
-0.0377120971679688 -0.0345993041992187 0.209091186523438 0.131439208984375
-0.0564002990722656 -0.0131759643554688 0.219528198242188 0.0210418701171875
-0.0624504089355469 0.0235633850097656 0.184051513671875 -0.050140380859375
-0.0493736267089844 0.0319137573242187 0.114631652832031 -0.070220947265625
-0.0488319396972656 0.0261497497558594 0.0497093200683594 -0.0528373718261719
-0.0494003295898438 0.02606201171875 0.0197982788085938 -0.0896148681640625
-0.0477790832519531 0.00597381591796876 0.0811767578125 -0.146697998046875
-0.0566749572753906 -0.0169792175292969 0.20745849609375 -0.164047241210938
-0.0475959777832031 -0.054901123046875 0.343719482421875 -0.024200439453125
-0.00146484374999999 -0.124122619628906 0.3480224609375 0.207183837890625
0.0428314208984375 -0.132919311523438 0.207931518554688 0.16656494140625
0.0372314453125 -0.086669921875 0.0256195068359375 -0.05224609375
-0.00565433502197266 0.0162696838378906 -0.0189933776855469 0.0505485534667969
0.0019526481628418 0.00486278533935547 -0.15692138671875 -0.183486938476562
-0.00807762145996094 0.0228137969970703 -0.310577392578125 -0.243072509765625
0.00722789764404297 0.0169668197631836 -0.3770751953125 -0.0523376464843749
0.0108718872070313 0.0106143951416016 -0.231201171875 0.125137329101562
0.016016960144043 0.00150012969970703 -0.0798187255859375 0.162689208984375
0.0207424163818359 -0.000997543334960938 -0.015625 0.1005859375
0.0179824829101563 -0.00548744201660156 -0.0478782653808594 0.0516815185546875
0.018280029296875 -0.0105724334716797 -0.125587463378906 0.0634613037109375
0.01904296875 -0.00981330871582031 -0.19842529296875 0.0517120361328125
0.017054557800293 -0.000463485717773438 -0.230331420898438 0.014434814453125
0.012965202331543 0.00139045715332031 -0.211318969726563 -0.08148193359375
0.0042424201965332 0.00811672210693359 -0.136962890625 -0.197113037109375
-0.00190544128417969 -0.00337743759155273 -0.0499420166015625 -0.174911499023438
-0.00894546508789062 -0.00406742095947266 -0.113716125488281 -0.0757522583007812
0.0289649963378906 -0.0621757507324219 -0.0250205993652344 0.0486297607421875
0.0405807495117187 -0.101722717285156 -0.166778564453125 -0.180450439453125
-0.00958251953125001 -0.0884933471679688 -0.313690185546875 -0.228271484375
-0.03326416015625 -0.0433807373046875 -0.372650146484375 -0.0378112792968751
-0.0314960479736328 -0.0105991363525391 -0.219268798828125 0.124908447265625
-0.0218296051025391 0.0130825042724609 -0.075775146484375 0.16058349609375
-0.0100517272949219 0.0240879058837891 -0.0135726928710937 0.097869873046875
-0.0152702331542969 0.0193328857421875 -0.0439605712890625 0.0490341186523438
-0.0152797698974609 0.0247688293457031 -0.124977111816406 0.0627593994140625
-0.0216159820556641 0.0147285461425781 -0.195602416992188 0.0525054931640625
-0.0311393737792969 0.000776290893554685 -0.226974487304688 0.0114288330078125
-0.0237350463867187 -0.0246295928955078 -0.209228515625 -0.0847625732421875
0.00838851928710938 -0.0404434204101563 -0.132598876953125 -0.196823120117188
0.0260353088378906 -0.0353050231933594 -0.047607421875 -0.173309326171875
0.0165576934814453 -0.0190696716308594 -0.114372253417969 -0.0731582641601563
0.0466156005859375 -0.115394592285156 -0.0240421295166016 0.0310382843017578
0.051239013671875 -0.17608642578125 -0.202133178710937 -0.1522216796875
-0.0243072509765625 -0.16595458984375 -0.34100341796875 -0.1304931640625
-0.0722427368164062 -0.0881195068359375 -0.34442138671875 0.057708740234375
-0.071563720703125 -0.0297622680664063 -0.1710205078125 0.151580810546875
-0.059417724609375 0.0222663879394531 -0.0470428466796875 0.153900146484375
-0.0406951904296875 0.0452842712402344 -0.00180816650390625 0.082733154296875
-0.0454521179199219 0.0401039123535156 -0.0338058471679687 0.037200927734375
-0.04656982421875 0.0531158447265625 -0.116012573242188 0.0484237670898438
-0.0597648620605469 0.0337066650390625 -0.180068969726563 0.0316162109375
-0.0753402709960938 -0.000511169433593753 -0.210342407226563 -0.0209197998046875
-0.0582160949707031 -0.04730224609375 -0.185455322265625 -0.119110107421875
0.00649261474609375 -0.083587646484375 -0.0879669189453125 -0.218353271484375
0.0444374084472656 -0.0654754638671875 -0.00569152832031249 -0.171920776367188
0.0357513427734375 -0.0385284423828125 -0.0971603393554688 -0.06610107421875
0.0462799072265625 -0.126014709472656 -0.0204982757568359 0.0153369903564453
0.03753662109375 -0.190628051757812 -0.236175537109375 -0.0796356201171875
-0.0419464111328125 -0.189346313476563 -0.327667236328125 0.030242919921875
-0.101699829101562 -0.1060791015625 -0.25469970703125 0.17828369140625
-0.105628967285156 -0.040924072265625 -0.0833282470703125 0.177230834960938
-0.0938949584960937 0.0316085815429688 0.00381469726562499 0.134712219238281
-0.0667991638183594 0.0616378784179688 0.0194320678710938 0.0576095581054688
-0.0689811706542969 0.0531005859375 -0.0185413360595703 0.0203781127929688
-0.0717391967773438 0.070587158203125 -0.0969085693359375 0.0235137939453125
-0.089569091796875 0.0438613891601562 -0.146865844726562 -0.00888061523437502
-0.109603881835938 -0.00314331054687501 -0.168350219726563 -0.07928466796875
-0.087799072265625 -0.0637588500976563 -0.12322998046875 -0.175018310546875
-0.006011962890625 -0.118698120117188 0.00856018066406249 -0.238998413085937
0.0453338623046875 -0.0984573364257813 0.069671630859375 -0.1529541015625
0.0442619323730469 -0.0658454895019531 -0.0697593688964844 -0.0517234802246094
0.0388870239257813 -0.103927612304687 -0.00906944274902343 0.0155115127563477
0.029541015625 -0.157638549804688 -0.224761962890625 0.0237884521484375
-0.040313720703125 -0.172134399414063 -0.230438232421875 0.180099487304687
-0.108512878417969 -0.104652404785156 -0.100555419921875 0.2542724609375
-0.125503540039063 -0.0427780151367187 0.030029296875 0.1689453125
-0.116905212402344 0.0403518676757813 0.0661468505859375 0.0958175659179688
-0.0836029052734375 0.0709228515625 0.0471992492675781 0.0244712829589844
-0.0820770263671875 0.058319091796875 0.000757098197937007 0.00111043453216553
-0.0859222412109375 0.0751113891601563 -0.0690422058105469 -0.00861740112304688
-0.105216979980469 0.0435256958007812 -0.0946731567382813 -0.0614089965820313
-0.127632141113281 -0.00862121582031251 -0.0896148681640625 -0.149368286132812
-0.108970642089844 -0.074432373046875 -0.00669860839843752 -0.2230224609375
-0.026824951171875 -0.148406982421875 0.150115966796875 -0.215682983398438
0.0326385498046875 -0.136512756347656 0.157745361328125 -0.095855712890625
0.0465927124023437 -0.0992279052734375 -0.0412521362304688 -0.0362472534179688
0.0310897827148438 -0.0670585632324219 0.0164356231689453 0.0309047698974609
0.036163330078125 -0.111137390136719 -0.157333374023437 0.11004638671875
-0.0207595825195313 -0.140190124511719 -0.0878753662109375 0.250503540039063
-0.0945358276367188 -0.09161376953125 0.056549072265625 0.24786376953125
-0.123481750488281 -0.0369186401367187 0.13055419921875 0.122871398925781
-0.1195068359375 0.0439910888671875 0.122978210449219 0.04168701171875
-0.0867233276367187 0.0702743530273438 0.0761184692382813 -0.011749267578125
-0.0833892822265625 0.0554580688476562 0.0210361480712891 -0.0192909240722656
-0.0865859985351563 0.0675811767578125 -0.0359153747558594 -0.0431785583496094
-0.101608276367187 0.033203125 -0.028167724609375 -0.1099853515625
-0.122749328613281 -0.01678466796875 0.020660400390625 -0.198043823242188
-0.111228942871094 -0.0820159912109375 0.1466064453125 -0.2161865234375
-0.0374755859375 -0.172760009765625 0.2916259765625 -0.109039306640625
0.025726318359375 -0.173614501953125 0.220291137695313 -6.10351562500106E-05
0.0493392944335938 -0.124809265136719 -0.0172348022460938 -0.0287952423095703
0.0193233489990234 -0.0345382690429688 0.052276611328125 0.0497283935546875
0.0390396118164063 -0.0704727172851563 -0.0672149658203125 0.152786254882813
-0.00442504882812499 -0.1015625 0.0313262939453125 0.24212646484375
-0.0682525634765625 -0.0673484802246094 0.161483764648438 0.191238403320313
-0.0978546142578125 -0.0260696411132812 0.193527221679688 0.065093994140625
-0.0998153686523437 0.0387954711914063 0.164169311523437 -0.011322021484375
-0.0745010375976562 0.056884765625 0.0998687744140625 -0.0460433959960937
-0.0709915161132812 0.0445632934570313 0.0390892028808594 -0.0380821228027344
-0.0734024047851563 0.0500717163085937 -0.00308990478515625 -0.0718536376953125
-0.080291748046875 0.0195236206054687 0.0360641479492188 -0.138847351074219
-0.0965194702148437 -0.0207061767578125 0.131439208984375 -0.197357177734375
-0.0881423950195313 -0.0797653198242188 0.277801513671875 -0.133941650390625
-0.024017333984375 -0.172821044921875 0.3616943359375 0.058837890625
0.0359649658203125 -0.18170166015625 0.230499267578125 0.100784301757813
0.0503997802734375 -0.124732971191406 0.00497055053710938 -0.0355110168457031
0.000260353088378906 -0.0110569000244141 0.0861358642578125 0.061248779296875
0.0271186828613281 -0.0382423400878906 0.0051116943359375 0.160614013671875
0.001708984375 -0.0561141967773437 0.100723266601562 0.204421997070312
-0.0372848510742188 -0.0355339050292969 0.209030151367188 0.131988525390625
-0.057647705078125 -0.0140838623046875 0.219635009765625 0.020904541015625
-0.0633468627929688 0.0239410400390625 0.184234619140625 -0.0507049560546875
-0.0500411987304688 0.0331459045410156 0.114959716796875 -0.0720291137695313
-0.0482635498046875 0.0276031494140625 0.0515022277832031 -0.0532341003417969
-0.0488433837890625 0.0274810791015625 0.021514892578125 -0.0893402099609375
-0.0483436584472656 0.0062713623046875 0.082000732421875 -0.146347045898438
-0.0566940307617188 -0.0167427062988281 0.20660400390625 -0.162796020507813
-0.0466194152832031 -0.0561065673828125 0.343048095703125 -0.02294921875
-0.000686645507812514 -0.125175476074219 0.3485107421875 0.208526611328125
0.0431747436523438 -0.134437561035156 0.208282470703125 0.168624877929688
0.03851318359375 -0.0855789184570312 0.0266304016113281 -0.0507545471191406
-0.00385856628417969 0.0190753936767578 -0.0203170776367188 0.0524177551269531
0.00093841552734375 0.00694656372070313 -0.164764404296875 -0.184249877929688
-0.0071258544921875 0.0245189666748047 -0.32354736328125 -0.24383544921875
0.00833225250244141 0.0162763595581055 -0.38800048828125 -0.046539306640625
0.0116910934448242 0.0110330581665039 -0.234054565429688 0.132949829101563
0.0165939331054688 0.00194358825683594 -0.0774078369140625 0.169525146484375
0.0221214294433594 -0.00164985656738281 -0.0134506225585938 0.103309631347656
0.0190563201904297 -0.00641059875488281 -0.0494728088378906 0.0546722412109375
0.0190620422363281 -0.0104694366455078 -0.129814147949219 0.070648193359375
0.0192985534667969 -0.0107650756835937 -0.204513549804688 0.0606689453125
0.0177326202392578 -0.000240325927734375 -0.236907958984375 0.0225372314453125
0.0127954483032227 0.00095367431640625 -0.220016479492188 -0.078521728515625
0.00345897674560547 0.00832462310791016 -0.146102905273438 -0.197463989257812
-0.0037839412689209 -0.00339341163635254 -0.0560760498046875 -0.178024291992188
-0.00873947143554687 -0.00305604934692383 -0.120285034179688 -0.0752182006835938
0.0313529968261719 -0.0629806518554688 -0.0258598327636719 0.0515365600585937
0.0392379760742187 -0.103950500488281 -0.174789428710938 -0.180755615234375
-0.0115127563476563 -0.0905685424804688 -0.32623291015625 -0.2303466796875
-0.0347633361816406 -0.0455207824707031 -0.38287353515625 -0.0307922363281251
-0.0329208374023438 -0.0105495452880859 -0.222808837890625 0.132476806640625
-0.0215358734130859 0.015045166015625 -0.0737152099609375 0.167892456054687
-0.00867652893066406 0.0253734588623047 -0.011688232421875 0.100250244140625
-0.0142898559570313 0.0207271575927734 -0.0453872680664063 0.0519180297851563
-0.0142154693603516 0.02716064453125 -0.1290283203125 0.0702972412109375
-0.0225162506103516 0.0163917541503906 -0.201416015625 0.061370849609375
-0.0323162078857422 0.00231552124023437 -0.233444213867188 0.0191192626953125
-0.0258922576904297 -0.0257492065429687 -0.218551635742188 -0.0814666748046875
0.00620651245117187 -0.0430221557617187 -0.141845703125 -0.198394775390625
0.0250816345214844 -0.0371856689453125 -0.053314208984375 -0.176361083984375
0.0185585021972656 -0.0193328857421875 -0.1214599609375 -0.0726776123046875
0.050140380859375 -0.118049621582031 -0.024566650390625 0.0330429077148437
0.049957275390625 -0.18109130859375 -0.211212158203125 -0.151275634765625
-0.0284271240234375 -0.17120361328125 -0.35369873046875 -0.129241943359375
-0.0759811401367187 -0.0908660888671875 -0.35357666015625 0.0650024414062499
-0.0750503540039063 -0.0300750732421875 -0.173660278320313 0.158538818359375
-0.0601348876953125 0.0261154174804688 -0.0443572998046875 0.160202026367188
-0.0396270751953125 0.0485038757324219 5.34057617187517E-05 0.0847015380859375
-0.0452156066894531 0.0432853698730469 -0.0355796813964844 0.0390777587890625
-0.0456809997558594 0.0576629638671875 -0.119499206542969 0.0550994873046875
-0.0616111755371094 0.0375213623046875 -0.184844970703125 0.0399169921875
-0.0784683227539063 0.00218200683593749 -0.215927124023438 -0.01458740234375
-0.062347412109375 -0.0487327575683594 -0.195480346679688 -0.117813110351563
0.00329589843749999 -0.0884857177734375 -0.096923828125 -0.2225341796875
0.0435104370117187 -0.0701065063476562 -0.01092529296875 -0.176300048828125
0.0382957458496094 -0.0399894714355469 -0.103286743164063 -0.0654449462890625
0.050201416015625 -0.129867553710938 -0.0207557678222656 0.0169792175292969
0.036712646484375 -0.196365356445313 -0.24517822265625 -0.0754547119140625
-0.047637939453125 -0.1956787109375 -0.33587646484375 0.03802490234375
-0.106849670410156 -0.109611511230469 -0.258255004882813 0.188507080078125
-0.111640930175781 -0.0410232543945312 -0.082366943359375 0.182479858398438
-0.0951766967773438 0.036590576171875 0.00762176513671873 0.139076232910156
-0.0660667419433594 0.0671882629394531 0.0215415954589844 0.05828857421875
-0.0689659118652344 0.057464599609375 -0.0191593170166016 0.0207767486572266
-0.0705490112304688 0.0765457153320312 -0.0995635986328125 0.0284194946289063
-0.0920944213867188 0.0489349365234375 -0.151092529296875 -0.00337219238281249
-0.1143798828125 -0.000267028808593754 -0.174270629882813 -0.0758819580078125
-0.0936126708984375 -0.0654220581054688 -0.132354736328125 -0.177322387695313
-0.0103378295898438 -0.125572204589844 0.00167846679687498 -0.246322631835938
0.0439453125 -0.103836059570313 0.0683135986328125 -0.1595458984375
0.0472869873046875 -0.0684547424316406 -0.074310302734375 -0.05145263671875
0.0439376831054688 -0.106407165527344 -0.00823211669921875 0.0162162780761719
0.029510498046875 -0.1636962890625 -0.231964111328125 0.0310211181640625
-0.0457763671875 -0.178985595703125 -0.231475830078125 0.190994262695312
-0.114692687988281 -0.108390808105469 -0.097198486328125 0.26348876953125
-0.132858276367188 -0.0428314208984375 0.0335235595703125 0.171737670898438
-0.119132995605469 0.0464248657226563 0.0705413818359375 0.0975875854492188
-0.0833740234375 0.0777359008789063 0.0490036010742187 0.0231590270996094
-0.0828933715820312 0.0637664794921875 0.000654995441436762 0.000473380088806156
-0.085113525390625 0.0818252563476563 -0.0708160400390625 -0.00563812255859375
-0.108100891113281 0.0488128662109375 -0.0983963012695313 -0.0594940185546875
-0.132728576660156 -0.00510406494140622 -0.0955810546875 -0.15069580078125
-0.11529541015625 -0.0763473510742188 -0.013153076171875 -0.23028564453125
-0.032562255859375 -0.15576171875 0.148956298828125 -0.227157592773437
0.0298614501953125 -0.142837524414062 0.161392211914063 -0.103424072265625
0.04901123046875 -0.102867126464844 -0.0437698364257812 -0.0358200073242188
0.0363922119140625 -0.0681610107421875 0.0186748504638672 0.0300464630126953
0.0360794067382813 -0.116226196289062 -0.160598754882813 0.118408203125
-0.0255889892578125 -0.14697265625 -0.08270263671875 0.2606201171875
-0.100051879882813 -0.0946731567382813 0.064788818359375 0.252838134765625
-0.130508422851563 -0.0363693237304687 0.136497497558594 0.1217041015625
-0.122413635253906 0.0503768920898438 0.128707885742187 0.0400314331054687
-0.0868606567382812 0.0769805908203125 0.0780563354492187 -0.015533447265625
-0.084197998046875 0.0606842041015625 0.0221538543701172 -0.0214138031005859
-0.0860061645507813 0.0739212036132813 -0.0363883972167969 -0.0427055358886719
-0.104400634765625 0.038299560546875 -0.0316009521484375 -0.112083435058594
-0.127616882324219 -0.01348876953125 0.01611328125 -0.20343017578125
-0.117355346679687 -0.084014892578125 0.143768310546875 -0.227401733398438
-0.0438232421875 -0.179534912109375 0.298370361328125 -0.12109375
0.0217742919921875 -0.180557250976563 0.228652954101563 -0.00579833984375001
0.0508956909179687 -0.129592895507813 -0.0181179046630859 -0.0285606384277344
0.0241279602050781 -0.0340042114257813 0.0563201904296875 0.0480384826660156
0.0391387939453125 -0.0746078491210937 -0.06781005859375 0.160003662109375
-0.00736236572265626 -0.107048034667969 0.0397491455078125 0.250442504882813
-0.07220458984375 -0.070037841796875 0.171524047851562 0.192916870117187
-0.103858947753906 -0.0254287719726562 0.200637817382813 0.0610198974609375
-0.102226257324219 0.044097900390625 0.168609619140625 -0.0159454345703125
-0.074951171875 0.0632095336914063 0.101806640625 -0.0513687133789063
-0.0716476440429688 0.0494766235351562 0.0408821105957031 -0.0413322448730469
-0.0727005004882813 0.0551528930664062 -0.00396728515625 -0.07330322265625
-0.0828323364257813 0.023040771484375 0.0334930419921875 -0.143600463867188
-0.100120544433594 -0.0186309814453125 0.130294799804688 -0.207305908203125
-0.09259033203125 -0.0819091796875 0.281951904296875 -0.145599365234375
-0.029571533203125 -0.179534912109375 0.374786376953125 0.05145263671875
0.0320587158203125 -0.189178466796875 0.241241455078125 0.0992279052734375
0.0511932373046875 -0.129226684570313 0.00481414794921875 -0.0359420776367188
0.00342941284179687 -0.00892543792724609 0.092132568359375 0.0587158203125
0.0263710021972656 -0.041412353515625 0.00738525390625002 0.164932250976563
-0.000328063964843749 -0.0592002868652344 0.10968017578125 0.210250854492187
-0.038665771484375 -0.0364837646484375 0.218170166015625 0.13134765625
-0.0612335205078125 -0.0139045715332031 0.227279663085938 0.0155792236328125
-0.0655250549316406 0.0272979736328125 0.18927001953125 -0.05682373046875
-0.0508079528808594 0.0376777648925781 0.116928100585938 -0.0786666870117188
-0.0479888916015625 0.0313072204589844 0.0532989501953125 -0.0573654174804688
-0.0487327575683594 0.0312843322753906 0.0211410522460937 -0.092742919921875
-0.0501823425292969 0.0082244873046875 0.08050537109375 -0.153121948242188
-0.0589561462402344 -0.0156707763671875 0.208206176757812 -0.172607421875
-0.0492630004882813 -0.0577392578125 0.352874755859375 -0.033111572265625
-0.00391387939453125 -0.130424499511719 0.36566162109375 0.207305908203125
0.0402450561523438 -0.140510559082031 0.219375610351563 0.170822143554688
0.0391616821289063 -0.0885543823242188 0.0270271301269531 -0.0520858764648438
-8.58306884765635E-05 0.0211830139160156 -0.0187759399414062 0.0553970336914063
0.000642776489257814 0.00920963287353516 -0.177352905273437 -0.176559448242188
-0.00528907775878906 0.0256423950195313 -0.34417724609375 -0.23004150390625
0.00926971435546875 0.0143566131591797 -0.397186279296875 -0.0230712890625
0.0129280090332031 0.010350227355957 -0.229995727539063 0.151016235351563
0.0174007415771484 0.00122737884521484 -0.0670928955078125 0.1781005859375
0.0223102569580078 -0.00402259826660156 -0.00695037841796874 0.105209350585937
0.0198841094970703 -0.00807571411132813 -0.0488014221191406 0.0604782104492188
0.0199604034423828 -0.0115451812744141 -0.129745483398438 0.0836868286132812
0.0180225372314453 -0.0121536254882813 -0.205917358398438 0.0777740478515625
0.0185279846191406 -0.00115776062011719 -0.239288330078125 0.0405120849609375
0.0131616592407227 -0.000195503234863281 -0.229217529296875 -0.0650177001953124
0.00272417068481445 0.00862550735473633 -0.161331176757813 -0.190277099609375
-0.0053553581237793 -0.00250387191772461 -0.068878173828125 -0.176589965820313
-0.00782394409179687 -0.0015110969543457 -0.129188537597656 -0.0678024291992188
0.0320053100585938 -0.0659141540527344 -0.0237579345703125 0.0549049377441406
0.0340957641601562 -0.107002258300781 -0.187591552734375 -0.1724853515625
-0.0177688598632812 -0.0919723510742188 -0.3460693359375 -0.216522216796875
-0.0391464233398437 -0.0458984375 -0.392974853515625 -0.00750732421875005
-0.0348396301269531 -0.00870323181152343 -0.219039916992188 0.148590087890625
-0.0203113555908203 0.0176162719726563 -0.0633087158203125 0.176254272460938
-0.00638008117675781 0.0264644622802734 -0.00510406494140626 0.102508544921875
-0.0123558044433594 0.0223426818847656 -0.0445823669433594 0.0566444396972656
-0.0109481811523437 0.0295467376708984 -0.12860107421875 0.0833511352539062
-0.0225772857666016 0.0188846588134766 -0.201873779296875 0.0788116455078125
-0.0330429077148438 0.00494003295898437 -0.235794067382813 0.0368652343750001
-0.0290584564208984 -0.02520751953125 -0.228683471679688 -0.0683746337890625
0.00165176391601563 -0.0449180603027344 -0.157394409179687 -0.191757202148438
0.0221710205078125 -0.0399971008300781 -0.066619873046875 -0.175094604492188
0.0197181701660156 -0.0204505920410156 -0.130859375 -0.0650863647460938
0.0486984252929688 -0.123703002929688 -0.0226516723632812 0.0360908508300781
0.0412750244140625 -0.187530517578125 -0.223724365234375 -0.139999389648437
-0.0401763916015625 -0.173934936523438 -0.36712646484375 -0.111663818359375
-0.0841064453125 -0.08941650390625 -0.355743408203125 0.0882568359375
-0.0802001953125 -0.0266494750976563 -0.168167114257812 0.171981811523438
-0.0587882995605469 0.0314903259277344 -0.033447265625 0.166854858398438
-0.0356903076171875 0.0525932312011719 0.00540924072265624 0.0859527587890625
-0.0427665710449219 0.0474891662597656 -0.0347785949707031 0.0426750183105469
-0.0407066345214844 0.0630226135253906 -0.118865966796875 0.0672454833984375
-0.0607528686523438 0.0433387756347656 -0.185562133789063 0.0548248291015625
-0.0806655883789063 0.00828552246093749 -0.220077514648438 0.00141906738281251
-0.0686759948730469 -0.0470161437988281 -0.207473754882812 -0.106826782226563
-0.004364013671875 -0.0926284790039062 -0.113555908203125 -0.2198486328125
0.0395736694335937 -0.0748214721679688 -0.0235595703125 -0.1783447265625
0.0394821166992188 -0.0431175231933594 -0.111625671386719 -0.058990478515625
0.04931640625 -0.136116027832031 -0.0189132690429687 0.0184707641601562
0.027191162109375 -0.203475952148438 -0.25421142578125 -0.06048583984375
-0.0616607666015625 -0.19866943359375 -0.338653564453125 0.058990478515625
-0.1170654296875 -0.107154846191406 -0.250625610351563 0.207656860351563
-0.118988037109375 -0.0363388061523438 -0.073822021484375 0.190170288085938
-0.0942840576171875 0.0448379516601562 0.0179595947265625 0.142547607421875
-0.0613632202148438 0.073822021484375 0.0253028869628906 0.05767822265625
-0.0662040710449219 0.06427001953125 -0.0191001892089844 0.022705078125
-0.0652618408203125 0.0841064453125 -0.0996932983398437 0.0386428833007813
-0.0913162231445313 0.0578384399414062 -0.15325927734375 0.00883483886718749
-0.117599487304688 0.0083160400390625 -0.181259155273438 -0.0644683837890625
-0.10211181640625 -0.0626373291015625 -0.1478271484375 -0.17193603515625
-0.0210952758789063 -0.130302429199219 -0.0153961181640625 -0.252166748046875
0.0377044677734375 -0.109596252441406 0.05889892578125 -0.167404174804688
0.0474472045898438 -0.07342529296875 -0.0801773071289063 -0.0465545654296875
0.0444107055664063 -0.111778259277344 -0.00643634796142578 0.0164003372192383
0.02178955078125 -0.169876098632813 -0.234649658203125 0.0478668212890625
-0.0589599609375 -0.182464599609375 -0.221832275390625 0.209442138671875
-0.125007629394531 -0.105812072753906 -0.081146240234375 0.2738037109375
-0.141738891601563 -0.036041259765625 0.0437469482421875 0.171707153320313
-0.117996215820313 0.0571060180664062 0.0794906616210937 0.0953598022460937
-0.0788497924804687 0.0867919921875 0.0512733459472656 0.0200080871582031
-0.0797119140625 0.0714035034179688 0.000691950321197505 -0.000266313552856441
-0.0795059204101563 0.0906219482421875 -0.0716629028320313 0.000801086425781254
-0.107322692871094 0.0591583251953125 -0.103164672851563 -0.0529708862304687
-0.136749267578125 0.00373077392578124 -0.106170654296875 -0.146392822265625
-0.124374389648438 -0.07220458984375 -0.0303802490234375 -0.234130859375
-0.0453338623046875 -0.159164428710937 0.136520385742187 -0.242462158203125
0.0207366943359375 -0.1485595703125 0.158172607421875 -0.116790771484375
0.0465545654296875 -0.108421325683594 -0.0474739074707031 -0.0328865051269531
0.0389862060546875 -0.0720901489257813 0.0219459533691406 0.0280628204345703
0.0315475463867188 -0.122657775878906 -0.157089233398438 0.132843017578125
-0.036376953125 -0.151382446289062 -0.065185546875 0.270950317382813
-0.110008239746094 -0.0930557250976563 0.0831298828125 0.2525634765625
-0.138877868652344 -0.0297622680664063 0.145965576171875 0.11395263671875
-0.121513366699219 0.0618667602539063 0.134681701660156 0.0329132080078125
-0.0823593139648438 0.0872650146484375 0.0782928466796875 -0.0221328735351562
-0.080841064453125 0.0687179565429687 0.0220756530761719 -0.0242328643798828
-0.0811920166015625 0.0827713012695313 -0.0390396118164063 -0.0399246215820313
-0.103919982910156 0.0484390258789062 -0.039093017578125 -0.111564636230469
-0.132011413574219 -0.00473785400390628 0.00350952148437501 -0.208587646484375
-0.1260986328125 -0.0800933837890625 0.130706787109375 -0.243011474609375
-0.0583343505859375 -0.1829833984375 0.2958984375 -0.1441650390625
0.00975036621093752 -0.185775756835938 0.234161376953125 -0.0213623046875
0.0462188720703125 -0.13568115234375 -0.0200557708740234 -0.0271492004394531
0.0279960632324219 -0.03582763671875 0.0615730285644531 0.0431709289550781
0.0357894897460938 -0.080596923828125 -0.0600128173828125 0.168350219726563
-0.0154876708984375 -0.11151123046875 0.05908203125 0.253753662109375
-0.0793533325195312 -0.0695953369140625 0.187591552734375 0.18536376953125
-0.110435485839844 -0.0200881958007813 0.207763671875 0.047821044921875
-0.101768493652344 0.0534286499023437 0.172348022460938 -0.0276641845703125
-0.0714187622070312 0.0716171264648438 0.100914001464844 -0.0606307983398438
-0.0684661865234375 0.0562019348144531 0.0397605895996094 -0.0460281372070313
-0.0688743591308594 0.0627059936523438 -0.00799560546875 -0.0745086669921875
-0.0832061767578125 0.030548095703125 0.02490234375 -0.149032592773438
-0.104034423828125 -0.0120391845703125 0.118621826171875 -0.218963623046875
-0.100837707519531 -0.0789871215820313 0.276840209960938 -0.16778564453125
-0.0430908203125 -0.183380126953125 0.387115478515625 0.02691650390625
0.018829345703125 -0.195327758789063 0.2542724609375 0.08575439453125
0.0462875366210938 -0.135025024414063 0.00342941284179688 -0.0361900329589844
0.00713014602661133 -0.00878143310546875 0.09881591796875 0.0509262084960938
0.0235671997070313 -0.0448226928710938 0.0163116455078125 0.168106079101562
-0.00509262084960937 -0.0623092651367188 0.126739501953125 0.208511352539062
-0.0417709350585938 -0.0365829467773437 0.231277465820313 0.120010375976563
-0.0651817321777344 -0.0108680725097656 0.232177734375 -0.000320434570312501
-0.0659255981445312 0.0333061218261719 0.190322875976563 -0.07086181640625
-0.0486183166503906 0.0433921813964844 0.114662170410156 -0.0893020629882813
-0.0456199645996094 0.0356712341308594 0.0520133972167969 -0.0630226135253906
-0.0463752746582031 0.0361976623535156 0.0162200927734375 -0.0968093872070313
-0.0513839721679687 0.0130271911621094 0.072235107421875 -0.161758422851563
-0.0613212585449219 -0.0116920471191406 0.2003173828125 -0.189224243164063
-0.0540695190429688 -0.0573463439941406 0.35693359375 -0.058380126953125
-0.0132369995117188 -0.134307861328125 0.385986328125 0.186981201171875
0.0310821533203125 -0.1461181640625 0.2362060546875 0.160858154296875
0.0364608764648438 -0.0921783447265625 0.0253067016601563 -0.0538787841796875
0.00403213500976562 0.0207691192626953 -0.0150299072265625 0.0566368103027344
0.00101375579833984 0.0113096237182617 -0.183395385742187 -0.160324096679688
-0.00340080261230469 0.0262241363525391 -0.349822998046875 -0.20330810546875
0.00905036926269531 0.0120449066162109 -0.389068603515625 0.00616455078125007
0.0132408142089844 0.00896263122558594 -0.213455200195313 0.16363525390625
0.0174331665039062 0.000172615051269531 -0.0515289306640625 0.1788330078125
0.02117919921875 -0.00620269775390625 0.000282287597656249 0.102775573730469
0.0193519592285156 -0.0104541778564453 -0.0450363159179687 0.0639762878417969
0.019622802734375 -0.0134677886962891 -0.12188720703125 0.09466552734375
0.0161352157592773 -0.0125188827514648 -0.196136474609375 0.0943450927734375
0.0182952880859375 -0.00173377990722656 -0.230667114257813 0.058563232421875
0.0123786926269531 -0.00107097625732422 -0.229278564453125 -0.04693603515625
0.00220012664794922 0.00895500183105469 -0.170516967773437 -0.173431396484375
-0.00653314590454102 -0.000884532928466797 -0.080291748046875 -0.16680908203125
-0.00634670257568359 -0.000658988952636719 -0.132225036621094 -0.0556869506835938
0.0298118591308594 -0.0674819946289062 -0.0195808410644531 0.05645751953125
0.0265579223632813 -0.105911254882813 -0.193161010742188 -0.155029296875
-0.0242080688476563 -0.0884933471679688 -0.350860595703125 -0.190277099609375
-0.0425872802734375 -0.0428009033203125 -0.383056640625 0.01849365234375
-0.0359954833984375 -0.00641632080078125 -0.203948974609375 0.16021728515625
-0.0181484222412109 0.0194530487060547 -0.047149658203125 0.17669677734375
-0.00365066528320313 0.0259742736816406 0.00200653076171876 0.10003662109375
-0.0100364685058594 0.0222320556640625 -0.041229248046875 0.0599365234375
-0.00713920593261719 0.02935791015625 -0.120513916015625 0.0944290161132813
-0.0207633972167969 0.0209465026855469 -0.191864013671875 0.094696044921875
-0.0322265625 0.00778007507324219 -0.227203369140625 0.0545654296875
-0.0314102172851563 -0.0230255126953125 -0.229339599609375 -0.049407958984375
-0.00286865234375 -0.044403076171875 -0.167190551757813 -0.17510986328125
0.017791748046875 -0.0401535034179688 -0.078155517578125 -0.1650390625
0.0204906463623047 -0.0218944549560547 -0.133842468261719 -0.0525436401367188
0.0429229736328125 -0.12628173828125 -0.0191497802734375 0.0374794006347656
0.0288848876953125 -0.185791015625 -0.226119995117188 -0.120391845703125
-0.052642822265625 -0.168380737304688 -0.3656005859375 -0.086456298828125
-0.0899810791015625 -0.082427978515625 -0.342437744140625 0.1094970703125
-0.0826339721679687 -0.0207977294921875 -0.153244018554688 0.179168701171875
-0.0542984008789062 0.0362472534179688 -0.0189666748046875 0.165206909179688
-0.0296592712402344 0.054473876953125 0.0109100341796875 0.0833587646484375
-0.0378913879394531 0.0495109558105469 -0.0324058532714844 0.0454216003417969
-0.0342483520507813 0.064605712890625 -0.111572265625 0.0778350830078125
-0.0566177368164063 0.0483283996582031 -0.176925659179688 0.0701904296875
-0.0790939331054688 0.0148162841796875 -0.2137451171875 0.0182647705078125
-0.072418212890625 -0.0419692993164062 -0.211471557617188 -0.08831787109375
-0.0125045776367188 -0.0915908813476562 -0.127197265625 -0.2059326171875
0.0327301025390625 -0.076446533203125 -0.035858154296875 -0.171798706054688
0.0392494201660156 -0.0461807250976563 -0.114646911621094 -0.0477066040039063
0.0439071655273438 -0.138565063476563 -0.0165004730224609 0.0191478729248047
0.01446533203125 -0.20135498046875 -0.251434326171875 -0.0402069091796875
-0.07537841796875 -0.191070556640625 -0.32598876953125 0.079071044921875
-0.123893737792969 -0.0984115600585937 -0.230010986328125 0.21954345703125
-0.122245788574219 -0.0274581909179687 -0.059783935546875 0.191055297851563
-0.0879058837890625 0.0525131225585938 0.0298004150390625 0.137397766113281
-0.053070068359375 0.0783309936523438 0.0284767150878906 0.0541496276855469
-0.0598907470703125 0.06805419921875 -0.0179290771484375 0.0238914489746094
-0.0562591552734375 0.0872573852539063 -0.0936203002929688 0.04779052734375
-0.0850982666015625 0.0649337768554688 -0.148025512695313 0.0216522216796875
-0.116096496582031 0.0178070068359375 -0.180770874023437 -0.049591064453125
-0.106491088867188 -0.0550689697265625 -0.158096313476563 -0.156204223632813
-0.0316925048828125 -0.127532958984375 -0.0344390869140625 -0.2449951171875
0.028900146484375 -0.110572814941406 0.044830322265625 -0.16741943359375
0.0448532104492187 -0.0762786865234375 -0.0828018188476563 -0.0379486083984375
0.0411376953125 -0.115028381347656 -0.00424575805664062 0.0156688690185547
0.0115814208984375 -0.169235229492187 -0.225173950195312 0.06488037109375
-0.071624755859375 -0.176559448242188 -0.20037841796875 0.21917724609375
-0.132499694824219 -0.0970382690429688 -0.0596160888671875 0.272109985351563
-0.144775390625 -0.0255584716796875 0.0536346435546875 0.163909912109375
-0.110626220703125 0.0661163330078125 0.0862579345703125 0.0869827270507813
-0.068695068359375 0.0922775268554688 0.0516548156738281 0.0150108337402344
-0.0725250244140625 0.0761871337890625 0.000509440898895259 -0.000595510005950923
-0.0694427490234375 0.095001220703125 -0.0685768127441406 0.00813674926757813
-0.100593566894531 0.0675048828125 -0.103355407714844 -0.0432357788085937
-0.134513854980469 0.0148086547851562 -0.11328125 -0.1356201171875
-0.129196166992187 -0.0636062622070313 -0.0484466552734375 -0.226348876953125
-0.0573883056640625 -0.15435791015625 0.114532470703125 -0.247116088867188
0.00999450683593751 -0.146759033203125 0.1461181640625 -0.126235961914063
0.0414962768554688 -0.110618591308594 -0.04925537109375 -0.0274200439453125
0.0389862060546875 -0.0757217407226563 0.0237998962402344 0.0245609283447266
0.0234298706054688 -0.124015808105469 -0.144485473632813 0.14263916015625
-0.048431396484375 -0.148651123046875 -0.0416412353515625 0.269256591796875
-0.116676330566406 -0.0860061645507812 0.099884033203125 0.240097045898438
-0.14208984375 -0.0191650390625 0.149795532226563 0.0997772216796875
-0.114044189453125 0.071258544921875 0.136016845703125 0.0216445922851563
-0.072784423828125 0.0932464599609375 0.0752182006835938 -0.0282745361328125
-0.0739059448242188 0.0735092163085938 0.0201740264892578 -0.0262699127197266
-0.0710372924804688 0.087249755859375 -0.0400657653808594 -0.0351333618164062
-0.09808349609375 0.0565567016601563 -0.0453338623046875 -0.106193542480469
-0.13018798828125 0.00556945800781248 -0.0107574462890625 -0.2042236328125
-0.130752563476563 -0.0710296630859375 0.108535766601562 -0.246231079101562
-0.0715789794921875 -0.175750732421875 0.277389526367188 -0.163467407226563
-0.00390625000000001 -0.18194580078125 0.228439331054687 -0.0382080078125
0.0389938354492187 -0.136741638183594 -0.0213813781738281 -0.0241146087646484
0.030242919921875 -0.0386276245117188 0.0638771057128906 0.0357017517089844
0.0298690795898438 -0.0830001831054688 -0.0474090576171875 0.1702880859375
-0.0252914428710938 -0.110580444335937 0.0788421630859375 0.244003295898438
-0.084259033203125 -0.0649032592773438 0.197662353515625 0.167098999023438
-0.112739562988281 -0.0120620727539062 0.2059326171875 0.0311279296875
-0.0959701538085938 0.0614776611328125 0.16839599609375 -0.0403289794921875
-0.0632781982421875 0.0773849487304688 0.0944747924804688 -0.0679855346679688
-0.0622329711914063 0.0599021911621094 0.0366287231445312 -0.0493621826171875
-0.0606575012207031 0.0671005249023437 -0.0123825073242187 -0.0721664428710938
-0.0787582397460938 0.037872314453125 0.013671875 -0.1478271484375
-0.103157043457031 -0.00370025634765624 0.100372314453125 -0.223556518554688
-0.105720520019531 -0.0717239379882813 0.256866455078125 -0.184982299804688
-0.056121826171875 -0.177566528320313 0.379608154296875 -0.00198364257812501
0.00450134277343748 -0.19189453125 0.255996704101563 0.0660552978515625
0.03887939453125 -0.136146545410156 0.00173187255859376 -0.0347518920898438
0.0105648040771484 -0.00973701477050781 0.100639343261719 0.0400924682617188
0.0191192626953125 -0.0472564697265625 0.0269317626953125 0.163848876953125
-0.0109748840332031 -0.0626487731933594 0.140594482421875 0.19537353515625
-0.0442848205566406 -0.0347442626953125 0.235000610351563 0.10186767578125
-0.0666046142578125 -0.00604629516601563 0.227432250976563 -0.0176849365234375
-0.0623779296875 0.0388641357421875 0.1826171875 -0.0840606689453125
-0.0430908203125 0.0473060607910156 0.105926513671875 -0.097198486328125
-0.0403671264648437 0.0380325317382813 0.0473213195800781 -0.0671882629394531
-0.0407943725585938 0.0397071838378906 0.0097198486328125 -0.0963363647460938
-0.0491905212402344 0.0182533264160156 0.0590362548828125 -0.163772583007813
-0.0616493225097656 -0.00669479370117188 0.181777954101563 -0.200180053710938
-0.0576896667480469 -0.0535354614257813 0.343475341796875 -0.083282470703125
-0.0234222412109375 -0.131393432617188 0.3902587890625 0.15557861328125
0.018890380859375 -0.144882202148438 0.24359130859375 0.141754150390625
0.0311660766601563 -0.0924835205078125 0.0222091674804688 -0.0537757873535156
0.00633430480957031 0.0192470550537109 -0.0129318237304688 0.0559234619140625
0.00225448608398438 0.0129575729370117 -0.179046630859375 -0.148056030273437
-0.00194358825683594 0.0268440246582031 -0.341949462890625 -0.184539794921875
0.00777626037597656 0.0109767913818359 -0.372894287109375 0.0185546874999999
0.0127382278442383 0.00816726684570313 -0.198287963867187 0.164276123046875
0.0169658660888672 -0.00035858154296875 -0.0413818359375 0.172821044921875
0.0196990966796875 -0.00773429870605469 0.00319671630859374 0.098358154296875
0.0174484252929688 -0.0123891830444336 -0.0422515869140625 0.0652427673339844
0.0187721252441406 -0.0150623321533203 -0.114547729492188 0.0998077392578125
0.0149602890014648 -0.0121011734008789 -0.185623168945313 0.101150512695313
0.0181407928466797 -0.00211143493652344 -0.218048095703125 0.0664825439453125
0.0113115310668945 -0.00140666961669922 -0.222030639648438 -0.036102294921875
0.00230598449707031 0.00932121276855469 -0.16943359375 -0.15972900390625
-0.00687456130981445 0.000438213348388673 -0.0834197998046875 -0.155654907226563
-0.00466775894165039 -0.000464439392089844 -0.129608154296875 -0.046875
0.0283927917480469 -0.0671958923339844 -0.016754150390625 0.0554656982421875
0.023345947265625 -0.101371765136719 -0.188125610351563 -0.142501831054688
-0.026458740234375 -0.0831985473632813 -0.34259033203125 -0.172637939453125
-0.043701171875 -0.0398674011230469 -0.366973876953125 0.0306396484375
-0.0355720520019531 -0.00471496582031251 -0.190032958984375 0.160430908203125
-0.0157432556152344 0.0194873809814453 -0.0367431640625 0.17034912109375
-0.0020599365234375 0.0245800018310547 0.00503540039062499 0.0953369140625
-0.00934219360351563 0.0208988189697266 -0.0386772155761719 0.0604171752929688
-0.00514411926269531 0.0274009704589844 -0.112213134765625 0.0995407104492187
-0.0189018249511719 0.0213909149169922 -0.180740356445313 0.10107421875
-0.0304794311523438 0.00914382934570312 -0.215316772460937 0.0622406005859375
-0.0325431823730469 -0.0210227966308594 -0.22186279296875 -0.0384521484375
-0.00548934936523438 -0.0424652099609375 -0.166427612304687 -0.16107177734375
0.0153236389160156 -0.0389556884765625 -0.0808868408203125 -0.153915405273438
0.0208663940429688 -0.0232601165771484 -0.130966186523437 -0.0432357788085938
0.0399093627929688 -0.125167846679688 -0.0166358947753906 0.0365257263183594
0.0235748291015625 -0.179794311523438 -0.219009399414063 -0.107818603515625
-0.0568389892578125 -0.159698486328125 -0.353118896484375 -0.072967529296875
-0.0904388427734375 -0.0769424438476563 -0.323638916015625 0.116668701171875
-0.0818710327148438 -0.0162429809570312 -0.141433715820313 0.176834106445312
-0.0498504638671875 0.0372734069824219 -0.010589599609375 0.158294677734375
-0.0252151489257813 0.0540199279785156 0.0132217407226563 0.0786666870117188
-0.0349311828613281 0.048858642578125 -0.0306358337402344 0.0455589294433594
-0.0290336608886719 0.0630950927734375 -0.103706359863281 0.0826950073242187
-0.0518341064453125 0.0498313903808594 -0.1666259765625 0.07659912109375
-0.0759811401367188 0.0179061889648437 -0.203536987304688 0.0264892578125
-0.073089599609375 -0.0383758544921875 -0.207351684570313 -0.0760650634765625
-0.01715087890625 -0.0881423950195313 -0.130386352539062 -0.192703247070313
0.0286483764648437 -0.0748519897460938 -0.0409088134765625 -0.162185668945312
0.038818359375 -0.0480613708496094 -0.112396240234375 -0.0398330688476562
0.0403976440429688 -0.137924194335938 -0.0142860412597656 0.0184173583984375
0.00854492187499998 -0.195388793945313 -0.240478515625 -0.0292510986328125
-0.0802459716796875 -0.1822509765625 -0.30902099609375 0.08416748046875
-0.124031066894531 -0.0910797119140625 -0.212356567382813 0.218063354492188
-0.121437072753906 -0.0209732055664063 -0.0516815185546875 0.18487548828125
-0.0814208984375 0.0549087524414062 0.0354461669921875 0.129348754882812
-0.0464248657226562 0.0776901245117188 0.0292510986328125 0.0500679016113281
-0.0553321838378906 0.0683059692382813 -0.0170173645019531 0.02392578125
-0.0494308471679687 0.086212158203125 -0.0871047973632813 0.0526199340820313
-0.078369140625 0.0673904418945313 -0.139991760253906 0.02813720703125
-0.1114501953125 0.0225906372070312 -0.174301147460938 -0.0404510498046875
-0.107391357421875 -0.0503387451171875 -0.159194946289062 -0.1431884765625
-0.0368423461914063 -0.122734069824219 -0.04351806640625 -0.233184814453125
0.0239410400390625 -0.107612609863281 0.03692626953125 -0.161956787109375
0.0435409545898437 -0.0770187377929688 -0.0810089111328125 -0.0320510864257813
0.0393524169921875 -0.115119934082031 -0.00262737274169922 0.0137662887573242
0.00706481933593749 -0.164688110351563 -0.212677001953125 0.0713958740234375
-0.0771484375 -0.169174194335938 -0.183258056640625 0.214187622070312
-0.133277893066406 -0.0898590087890625 -0.0466766357421875 0.262252807617188
-0.143951416015625 -0.018707275390625 0.056640625 0.154495239257813
-0.102470397949219 0.0689773559570312 0.088104248046875 0.0784759521484375
-0.0601425170898438 0.0928192138671875 0.0494728088378906 0.0111732482910156
-0.0671844482421875 0.0766448974609375 -7.11679458618206E-05 -0.00124740600585937
-0.0616378784179688 0.0943984985351563 -0.0639457702636719 0.0119743347167969
-0.0927505493164063 0.0702133178710938 -0.0999984741210937 -0.0363006591796875
-0.129669189453125 0.0202407836914063 -0.113235473632813 -0.126251220703125
-0.128646850585938 -0.05804443359375 -0.0565185546875 -0.214675903320312
-0.062347412109375 -0.148056030273438 0.0984649658203125 -0.241531372070313
0.00459289550781249 -0.141571044921875 0.135643005371094 -0.1263427734375
0.0390853881835938 -0.109794616699219 -0.0478439331054687 -0.0236396789550781
0.0391921997070313 -0.0774459838867188 0.024505615234375 0.0211753845214844
0.01953125 -0.121955871582031 -0.132186889648438 0.143081665039063
-0.0538177490234375 -0.143218994140625 -0.0284881591796875 0.257171630859375
-0.118782043457031 -0.0803756713867188 0.105911254882813 0.2254638671875
-0.14129638671875 -0.01263427734375 0.146652221679688 0.0894012451171875
-0.10577392578125 0.0747222900390625 0.133354187011719 0.0135421752929688
-0.0640792846679688 0.0940933227539063 0.07073974609375 -0.0317764282226562
-0.0684585571289063 0.0736160278320312 0.0184688568115234 -0.0270576477050781
-0.06378173828125 0.0868377685546875 -0.0379714965820313 -0.0310211181640625
-0.0906295776367188 0.0597915649414062 -0.0470657348632813 -0.0999603271484375
-0.125091552734375 0.0110855102539062 -0.018341064453125 -0.196182250976562
-0.130470275878906 -0.0643310546875 0.0933837890625 -0.239608764648438
-0.07623291015625 -0.16766357421875 0.259368896484375 -0.16754150390625
-0.0101470947265625 -0.17462158203125 0.218414306640625 -0.0460357666015625
0.0356292724609375 -0.134391784667969 -0.0206832885742187 -0.0218086242675781
0.0317649841308594 -0.0409278869628906 0.0628814697265625 0.029937744140625
0.0257644653320312 -0.082611083984375 -0.0388031005859375 0.165847778320312
-0.030548095703125 -0.10711669921875 0.0868072509765625 0.229141235351563
-0.086273193359375 -0.0608901977539062 0.196853637695313 0.152694702148438
-0.112350463867187 -0.00659179687499999 0.198516845703125 0.0212860107421875
-0.0894699096679687 0.0647354125976563 0.1619873046875 -0.0469970703125
-0.0562362670898438 0.078155517578125 0.0880203247070312 -0.0709457397460937
-0.0572700500488281 0.0597496032714844 0.0341529846191406 -0.0503997802734375
-0.0540542602539062 0.0667839050292969 -0.0134429931640625 -0.068359375
-0.0724716186523438 0.0409622192382813 0.00761413574218749 -0.142730712890625
-0.0992660522460938 0.00136566162109375 0.0871124267578125 -0.218643188476563
-0.105484008789063 -0.0660781860351563 0.238006591796875 -0.187042236328125
-0.06134033203125 -0.168777465820313 0.3629150390625 -0.01593017578125
-0.003387451171875 -0.1839599609375 0.249664306640625 0.053863525390625
0.0354080200195313 -0.132987976074219 0.00124740600585937 -0.0329380035400391
0.0136499404907227 -0.0116081237792969 0.0981979370117188 0.032012939453125
0.0156745910644531 -0.0465736389160156 0.0312957763671875 0.156784057617188
-0.0153465270996094 -0.0609054565429688 0.1444091796875 0.181838989257813
-0.0456047058105469 -0.0336494445800781 0.230575561523437 0.089111328125
-0.0665245056152344 -0.0030364990234375 0.216751098632813 -0.0260467529296875
-0.0583877563476563 0.0409355163574219 0.17376708984375 -0.089691162109375
-0.0384140014648438 0.048004150390625 0.0979690551757813 -0.099639892578125
-0.0368309020996094 0.0374298095703125 0.0438766479492188 -0.0677566528320312
-0.0359954833984375 0.039459228515625 0.00669860839843749 -0.0931167602539063
-0.0455551147460938 0.0207633972167969 0.0500946044921875 -0.160400390625
-0.0598373413085938 -0.00331497192382814 0.165817260742188 -0.19976806640625
-0.0584564208984375 -0.0510330200195313 0.323760986328125 -0.0927734375
-0.0279998779296875 -0.125907897949219 0.379791259765625 0.134490966796875
0.0128173828125 -0.138984680175781 0.239471435546875 0.127685546875
0.0290756225585937 -0.0906143188476563 0.0201568603515625 -0.0523109436035156
0.00747299194335938 0.0186538696289063 -0.0122489929199219 0.0556678771972656
0.00362205505371094 0.0143947601318359 -0.173965454101563 -0.145278930664062
-0.000255584716796875 0.0274581909179688 -0.333770751953125 -0.180633544921875
0.0069427490234375 0.0103540420532227 -0.362823486328125 0.0193176269531249
0.0123586654663086 0.00761604309082031 -0.19189453125 0.162033081054688
0.0165014266967773 -0.0005645751953125 -0.037750244140625 0.168716430664063
0.0183429718017578 -0.00801849365234375 0.00344085693359376 0.0962982177734375
0.0161209106445313 -0.012751579284668 -0.0419731140136719 0.06658935546875
0.0182571411132813 -0.0159759521484375 -0.111259460449219 0.102790832519531
0.0147523880004883 -0.0118751525878906 -0.180877685546875 0.103225708007813
0.0185642242431641 -0.00248527526855469 -0.21258544921875 0.0673370361328125
0.0105876922607422 -0.00120258331298828 -0.217559814453125 -0.0335540771484375
0.00210762023925781 0.010009765625 -0.1666259765625 -0.154983520507813
-0.00737333297729492 0.00110530853271484 -0.0822296142578125 -0.150634765625
-0.00362920761108398 -0.00164103507995606 -0.127220153808594 -0.0432662963867188
0.0290107727050781 -0.0674057006835938 -0.0153770446777344 0.0550956726074219
0.02447509765625 -0.099151611328125 -0.181991577148437 -0.139984130859375
-0.0253219604492187 -0.0811691284179687 -0.336212158203125 -0.171478271484375
-0.0435333251953125 -0.0392265319824219 -0.35833740234375 0.031280517578125
-0.036285400390625 -0.00410842895507813 -0.185165405273438 0.1583251953125
-0.014556884765625 0.0194664001464844 -0.0337066650390625 0.165847778320313
-0.0012664794921875 0.0238265991210938 0.0048980712890625 0.093109130859375
-0.00922012329101563 0.0201988220214844 -0.0384979248046875 0.0615501403808594
-0.00454902648925781 0.0263786315917969 -0.108970642089844 0.102386474609375
-0.0180912017822266 0.0213623046875 -0.175613403320313 0.103515625
-0.0294704437255859 0.00907325744628907 -0.209854125976562 0.0636138916015625
-0.0333957672119141 -0.0207157135009766 -0.21826171875 -0.035003662109375
-0.00641250610351563 -0.0416831970214844 -0.163955688476563 -0.155868530273438
0.015045166015625 -0.0385093688964844 -0.0798492431640625 -0.1484375
0.0221748352050781 -0.0247650146484375 -0.128868103027344 -0.039764404296875
0.0409088134765625 -0.125144958496094 -0.014984130859375 0.036041259765625
0.02447509765625 -0.176925659179688 -0.212142944335938 -0.10528564453125
-0.0567626953125 -0.156600952148437 -0.347503662109375 -0.0729064941406251
-0.0903472900390625 -0.0751800537109375 -0.31573486328125 0.113739013671875
-0.0823974609375 -0.0143280029296875 -0.1376953125 0.173751831054687
-0.0468215942382812 0.0376052856445313 -0.00769042968750001 0.1531982421875
-0.0227813720703125 0.0527191162109375 0.0133819580078125 0.0764007568359375
-0.0342254638671875 0.0486183166503906 -0.0306129455566406 0.0463371276855469
-0.0277023315429687 0.0618324279785156 -0.09942626953125 0.0852432250976562
-0.0494194030761719 0.0495262145996094 -0.16180419921875 0.0787200927734375
-0.0747909545898438 0.0189437866210938 -0.19873046875 0.0282440185546875
-0.0739364624023438 -0.0373992919921875 -0.204513549804688 -0.071075439453125
-0.0188446044921875 -0.0870590209960938 -0.12933349609375 -0.186660766601563
0.0279083251953125 -0.0744781494140625 -0.0407562255859375 -0.15753173828125
0.0396804809570313 -0.0497322082519531 -0.110572814941406 -0.0362625122070312
0.0420303344726562 -0.138412475585938 -0.0128974914550781 0.0172958374023437
0.00981140136718752 -0.193405151367188 -0.234100341796875 -0.0282745361328125
-0.0799102783203125 -0.17962646484375 -0.302398681640625 0.0809631347656249
-0.12420654296875 -0.089324951171875 -0.206451416015625 0.212753295898437
-0.121902465820312 -0.0181961059570312 -0.0502471923828125 0.181076049804688
-0.0775985717773438 0.0550613403320312 0.0366744995117188 0.124443054199219
-0.0424880981445313 0.0767364501953125 0.0278968811035156 0.0477638244628906
-0.0540657043457031 0.0679664611816406 -0.0172691345214844 0.0240440368652344
-0.0471572875976563 0.0848617553710938 -0.0828857421875 0.0543899536132813
-0.075469970703125 0.0670928955078125 -0.136009216308594 0.0305328369140625
-0.109825134277344 0.02374267578125 -0.170196533203125 -0.038330078125
-0.107879638671875 -0.0491943359375 -0.1575927734375 -0.137161254882813
-0.0386962890625 -0.121627807617188 -0.04498291015625 -0.226776123046875
0.0233383178710938 -0.106971740722656 0.03546142578125 -0.15826416015625
0.0448074340820313 -0.078399658203125 -0.0793380737304687 -0.0294189453125
0.0411300659179688 -0.116401672363281 -0.00163745880126953 0.0120878219604492
0.00773620605468752 -0.16424560546875 -0.206039428710938 0.0702972412109375
-0.07733154296875 -0.167144775390625 -0.17742919921875 0.207473754882812
-0.133964538574219 -0.0883560180664063 -0.0439300537109375 0.255142211914063
-0.1448974609375 -0.0155487060546875 0.055419921875 0.150222778320312
-0.0987014770507812 0.0698471069335938 0.0877304077148438 0.0738067626953125
-0.0563507080078125 0.0922012329101563 0.0475730895996094 0.00934600830078126
-0.0659332275390625 0.076751708984375 0.000101804733276363 -0.0013364553451538
-0.0589752197265625 0.09307861328125 -0.0601692199707031 0.0140571594238281
-0.0890579223632812 0.0705718994140625 -0.0970840454101563 -0.0342636108398437
-0.127311706542969 0.0217208862304688 -0.112022399902344 -0.122543334960937
-0.129295349121094 -0.0565109252929687 -0.0578155517578125 -0.207717895507813
-0.06341552734375 -0.14617919921875 0.0937957763671875 -0.23614501953125
0.00466156005859374 -0.139122009277344 0.132514953613281 -0.12530517578125
0.0404129028320313 -0.110176086425781 -0.0474281311035156 -0.0214729309082031
0.0410919189453125 -0.0796966552734375 0.0252170562744141 0.018310546875
0.01947021484375 -0.122138977050781 -0.127670288085938 0.141036987304688
-0.0552520751953125 -0.14215087890625 -0.0250091552734375 0.248748779296875
-0.119819641113281 -0.0793228149414062 0.104751586914062 0.218414306640625
-0.142532348632813 -0.00990295410156249 0.143203735351563 0.08587646484375
-0.102073669433594 0.0750656127929687 0.131156921386719 0.00951385498046876
-0.0600814819335938 0.0934295654296875 0.0679092407226563 -0.0334014892578125
-0.0667037963867188 0.0737152099609375 0.0180683135986328 -0.0277214050292969
-0.0603256225585938 0.0854949951171875 -0.0354461669921875 -0.0291519165039062
-0.0866317749023437 0.0604782104492188 -0.0463485717773438 -0.097137451171875
-0.12298583984375 0.0130996704101562 -0.0203857421875 -0.1925048828125
-0.130355834960937 -0.0628738403320312 0.08837890625 -0.234130859375
-0.076812744140625 -0.164764404296875 0.251495361328125 -0.165542602539063
-0.00952148437500001 -0.171295166015625 0.213699340820313 -0.0472564697265625
0.0368576049804688 -0.134330749511719 -0.0202541351318359 -0.0202045440673828
0.0342369079589844 -0.0437126159667969 0.0621185302734375 0.0266990661621094
0.0252838134765625 -0.0828475952148438 -0.035888671875 0.163040161132813
-0.0330734252929688 -0.10601806640625 0.0877532958984375 0.22113037109375
-0.0883255004882813 -0.0603103637695313 0.194580078125 0.146469116210937
-0.113533020019531 -0.00435638427734377 0.194122314453125 0.0185394287109375
-0.0859832763671875 0.0653915405273437 0.158767700195312 -0.0504302978515625
-0.0522842407226562 0.0784378051757813 0.0851974487304688 -0.0725326538085938
-0.0558967590332031 0.0596427917480469 0.0334091186523438 -0.0517196655273438
-0.0511436462402344 0.0655746459960938 -0.0120620727539063 -0.0670661926269531
-0.0693588256835938 0.0414657592773437 0.0062255859375 -0.140083312988281
-0.0974960327148438 0.00305175781250001 0.0821380615234375 -0.21600341796875
-0.105430603027344 -0.0649948120117187 0.230148315429688 -0.183609008789063
-0.062164306640625 -0.165542602539063 0.354736328125 -0.0186767578125
-0.00323486328125001 -0.180191040039063 0.244766235351563 0.0506439208984375
0.0358963012695312 -0.132087707519531 0.00116348266601562 -0.0318450927734375
0.0157260894775391 -0.0135641098022461 0.096405029296875 0.0282058715820313
0.0141716003417969 -0.0459785461425781 0.03155517578125 0.153076171875
-0.0177040100097656 -0.0597991943359375 0.14349365234375 0.17559814453125
-0.0475845336914063 -0.0335693359375 0.2274169921875 0.0848541259765625
-0.0674591064453125 -0.00174713134765624 0.213287353515625 -0.02783203125
-0.0562896728515625 0.0419273376464844 0.170700073242188 -0.091766357421875
-0.0361213684082031 0.0479583740234375 0.0948257446289063 -0.101112365722656
-0.0358238220214844 0.0363044738769531 0.0427398681640625 -0.0688896179199219
-0.033599853515625 0.0383415222167969 0.00638580322265624 -0.0921630859375
-0.0432243347167969 0.0215263366699219 0.046905517578125 -0.157394409179688
-0.058502197265625 -0.00163269042968749 0.159805297851562 -0.197769165039062
-0.0592536926269531 -0.0498237609863281 0.315093994140625 -0.09271240234375
-0.0290298461914063 -0.12347412109375 0.371002197265625 0.12994384765625
0.01153564453125 -0.135719299316406 0.235641479492187 0.12359619140625
0.0297927856445313 -0.0902938842773438 0.0200767517089844 -0.0512466430664063
0.00951194763183594 0.0190563201904297 -0.0107002258300781 0.0576934814453125
0.00524806976318359 0.0155267715454102 -0.175308227539063 -0.148117065429687
0.00221443176269531 0.0281562805175781 -0.339263916015625 -0.183868408203125
0.00663661956787109 0.01031494140625 -0.36773681640625 0.0225524902343749
0.0118808746337891 0.00738525390625 -0.191879272460937 0.16619873046875
0.0168609619140625 -4.57763671875E-05 -0.0354156494140625 0.169601440429688
0.017852783203125 -0.00830650329589844 0.00437164306640625 0.09765625
0.0157270431518555 -0.0139017105102539 -0.0421524047851563 0.0704193115234375
0.0180091857910156 -0.0173377990722656 -0.111198425292969 0.109756469726562
0.0155754089355469 -0.0123882293701172 -0.182830810546875 0.110763549804687
0.0197620391845703 -0.00353240966796875 -0.214675903320312 0.072174072265625
0.0102853775024414 -0.00114631652832031 -0.221389770507813 -0.0308074951171875
0.00242328643798828 0.0108013153076172 -0.170028686523438 -0.1549072265625
-0.0076756477355957 0.00151538848876953 -0.084503173828125 -0.150421142578125
-0.00315213203430176 -0.00275206565856934 -0.129615783691406 -0.040496826171875
0.0310440063476562 -0.0697784423828125 -0.013885498046875 0.056610107421875
0.0260238647460938 -0.10101318359375 -0.183425903320313 -0.142181396484375
-0.0256881713867187 -0.0822677612304687 -0.342529296875 -0.17401123046875
-0.0450172424316406 -0.0392913818359375 -0.361785888671875 0.0333251953125
-0.037841796875 -0.00284576416015625 -0.185012817382812 0.162322998046875
-0.0135269165039062 0.020751953125 -0.0312042236328125 0.16650390625
-0.000638961791992189 0.0238704681396484 0.0057220458984375 0.0944061279296875
-0.00964546203613282 0.0210285186767578 -0.0388870239257813 0.0652236938476563
-0.00458908081054688 0.0263214111328125 -0.107986450195313 0.108985900878906
-0.0174560546875 0.0217914581298828 -0.177291870117187 0.110397338867188
-0.0298652648925781 0.00917816162109375 -0.211273193359375 0.06805419921875
-0.0352897644042969 -0.0205764770507813 -0.221939086914063 -0.0313720703125
-0.00724411010742188 -0.0427322387695313 -0.167755126953125 -0.156021118164063
0.0145378112792969 -0.0392303466796875 -0.0820159912109375 -0.148666381835937
0.023101806640625 -0.0272407531738281 -0.13092041015625 -0.0366363525390625
0.0425491333007813 -0.129714965820313 -0.0138511657714844 0.036956787109375
0.0253448486328125 -0.181793212890625 -0.2142333984375 -0.10662841796875
-0.05859375 -0.160018920898438 -0.352691650390625 -0.075164794921875
-0.0932693481445313 -0.0761566162109375 -0.319366455078125 0.117340087890625
-0.0858078002929688 -0.0120010375976563 -0.13751220703125 0.17767333984375
-0.0463218688964844 0.0393104553222656 -0.00506591796875001 0.153213500976563
-0.0211219787597656 0.0532913208007812 0.0134506225585938 0.0771942138671875
-0.0345382690429688 0.0500984191894531 -0.0309791564941406 0.0485916137695313
-0.0270156860351563 0.0631599426269531 -0.0983657836914062 0.091094970703125
-0.04937744140625 0.0514335632324219 -0.16204833984375 0.084747314453125
-0.0762100219726563 0.0201034545898438 -0.20068359375 0.0316009521484375
-0.077667236328125 -0.0375518798828125 -0.20843505859375 -0.0685577392578125
-0.0209121704101562 -0.09002685546875 -0.133346557617188 -0.187271118164063
0.0279769897460937 -0.0766830444335938 -0.042327880859375 -0.15863037109375
0.041229248046875 -0.0532112121582031 -0.112350463867188 -0.0337295532226562
0.0440673828125 -0.144149780273438 -0.0118541717529297 0.0171403884887695
0.0103302001953125 -0.199234008789063 -0.235397338867188 -0.0277252197265626
-0.08343505859375 -0.183303833007813 -0.307159423828125 0.082122802734375
-0.128395080566406 -0.0900802612304688 -0.207504272460938 0.21661376953125
-0.126441955566406 -0.015228271484375 -0.0493011474609375 0.183807373046875
-0.0765457153320313 0.0575637817382813 0.0398025512695312 0.123085021972656
-0.0402603149414063 0.078216552734375 0.028076171875 0.0477256774902344
-0.0542449951171875 0.0709152221679687 -0.0177783966064453 0.0253925323486328
-0.0462570190429688 0.0874557495117188 -0.0812301635742188 0.0584182739257813
-0.0747299194335938 0.0694427490234375 -0.136192321777344 0.0339279174804688
-0.111793518066406 0.0260238647460937 -0.173324584960937 -0.0359649658203125
-0.113121032714844 -0.0490188598632813 -0.16192626953125 -0.135848999023437
-0.0417709350585938 -0.124969482421875 -0.048370361328125 -0.229446411132813
0.0231475830078125 -0.109649658203125 0.0344696044921875 -0.160629272460938
0.046417236328125 -0.0830459594726563 -0.080780029296875 -0.0272598266601562
0.043487548828125 -0.122718811035156 -0.000799179077148434 0.0106439590454101
0.008148193359375 -0.169677734375 -0.207122802734375 0.07281494140625
-0.0816192626953125 -0.171630859375 -0.178924560546875 0.209075927734375
-0.139450073242188 -0.089508056640625 -0.0416259765625 0.257644653320313
-0.150665283203125 -0.0119476318359375 0.0567474365234375 0.151336669921875
-0.097564697265625 0.0728225708007812 0.0904083251953125 0.0711593627929688
-0.0534744262695312 0.09405517578125 0.0472869873046875 0.00780487060546876
-0.06597900390625 0.0802383422851563 -0.000412464141845707 -0.00169634819030761
-0.0577926635742187 0.0959854125976563 -0.0583572387695313 0.016082763671875
-0.08831787109375 0.0731277465820312 -0.097686767578125 -0.03228759765625
-0.129859924316406 0.0244369506835937 -0.115531921386719 -0.123184204101563
-0.135002136230469 -0.0564346313476563 -0.0616455078125 -0.208694458007813
-0.0668792724609375 -0.14971923828125 0.0919647216796875 -0.240341186523437
0.00386047363281249 -0.142654418945313 0.132926940917969 -0.129058837890625
0.0420455932617188 -0.11505126953125 -0.0475234985351563 -0.019927978515625
0.0440216064453125 -0.084930419921875 0.0255870819091797 0.0164337158203125
0.01971435546875 -0.127281188964844 -0.126907348632812 0.143844604492188
-0.058929443359375 -0.145858764648438 -0.0232086181640625 0.249496459960938
-0.125526428222656 -0.0795822143554687 0.108871459960938 0.218231201171875
-0.14837646484375 -0.00602722167968748 0.145309448242188 0.0842132568359375
-0.101776123046875 0.0786285400390625 0.133445739746094 0.00566101074218751
-0.0573654174804687 0.0966644287109375 0.0678215026855469 -0.0362014770507813
-0.0672760009765625 0.07720947265625 0.0177745819091797 -0.0299510955810547
-0.0595474243164062 0.0878829956054688 -0.0342369079589844 -0.0294628143310547
-0.0858154296875 0.0626754760742188 -0.0479583740234375 -0.0977325439453125
-0.125152587890625 0.0156631469726563 -0.0239410400390625 -0.19512939453125
-0.135528564453125 -0.0632400512695313 0.0857696533203125 -0.237152099609375
-0.08050537109375 -0.16815185546875 0.252792358398438 -0.170913696289063
-0.0111083984375 -0.174072265625 0.216567993164063 -0.050689697265625
0.0382003784179687 -0.139244079589844 -0.0206851959228516 -0.0195465087890625
0.03692626953125 -0.0483436584472656 0.0633125305175781 0.02386474609375
0.0250320434570312 -0.0864944458007813 -0.0345916748046875 0.165115356445312
-0.0364990234375 -0.108528137207031 0.0912628173828125 0.220474243164063
-0.0935897827148438 -0.0602340698242188 0.198883056640625 0.144577026367188
-0.11810302734375 -0.00109100341796874 0.196990966796875 0.0150604248046875
-0.0859603881835938 0.0684585571289062 0.161239624023437 -0.0556488037109375
-0.0506973266601563 0.0805206298828125 0.0845794677734375 -0.076416015625
-0.0565261840820312 0.0618858337402344 0.03314208984375 -0.0545845031738281
-0.0503463745117188 0.067047119140625 -0.0118408203125 -0.0679359436035156
-0.0681495666503906 0.0432777404785156 0.00421142578124999 -0.141876220703125
-0.0986480712890625 0.00513458251953124 0.0793609619140625 -0.220474243164063
-0.109901428222656 -0.06536865234375 0.230010986328125 -0.187973022460938
-0.0650634765625 -0.16900634765625 0.35870361328125 -0.021575927734375
-0.00395202636718748 -0.183242797851563 0.249191284179687 0.0478057861328125
0.0371475219726563 -0.137069702148438 0.00137138366699219 -0.0318450927734375
0.0175666809082031 -0.0166559219360352 0.097503662109375 0.0251083374023438
0.0135002136230469 -0.0476913452148438 0.0334625244140625 0.15472412109375
-0.0203323364257813 -0.0604095458984375 0.147994995117188 0.174530029296875
-0.0509185791015625 -0.0338630676269531 0.232330322265625 0.0821075439453125
-0.0705795288085938 -0.000152587890624991 0.216262817382813 -0.0318450927734375
-0.0565338134765625 0.0440101623535156 0.172607421875 -0.0977783203125
-0.0351753234863281 0.0495758056640625 0.0942916870117187 -0.106239318847656
-0.0360603332519531 0.03662109375 0.04290771484375 -0.0728607177734375
-0.0328826904296875 0.0386314392089844 0.00609588623046874 -0.0944442749023437
-0.0422859191894531 0.0232734680175781 0.0452880859375 -0.16156005859375
-0.0594520568847656 -0.000286102294921863 0.158004760742187 -0.203536987304687
-0.0620155334472656 -0.0510101318359375 0.31658935546875 -0.0970458984375
-0.0311813354492188 -0.125724792480469 0.377899169921875 0.127838134765625
0.01055908203125 -0.138015747070313 0.240097045898437 0.12225341796875
0.031005859375 -0.093719482421875 0.0200767517089844 -0.0522193908691406
0.0129871368408203 0.0185794830322266 -0.00687789916992188 0.0596427917480469
0.00827884674072265 0.0158967971801758 -0.184616088867188 -0.145919799804688
0.00574874877929687 0.0283851623535156 -0.35693359375 -0.174163818359375
0.00709152221679688 0.00977420806884766 -0.374359130859375 0.0384521484375
0.0123472213745117 0.00707817077636719 -0.187026977539063 0.178146362304688
0.0178565979003906 -0.000919342041015625 -0.0269622802734375 0.173263549804687
0.0178852081298828 -0.00913810729980469 0.00894165039062501 0.0996322631835938
0.0148515701293945 -0.0149374008178711 -0.0389175415039063 0.0769424438476563
0.0174922943115234 -0.0196018218994141 -0.106941223144531 0.122482299804687
0.0154428482055664 -0.0141363143920898 -0.181076049804688 0.12640380859375
0.0202274322509766 -0.00573158264160156 -0.215530395507812 0.08526611328125
0.0109825134277344 -0.001434326171875 -0.227737426757813 -0.0198516845703125
0.00316524505615234 0.0114355087280273 -0.181015014648437 -0.149566650390625
-0.00779342651367188 0.00225830078125 -0.092864990234375 -0.148529052734375
-0.00351285934448242 -0.00384020805358887 -0.134292602539063 -0.033538818359375
0.03070068359375 -0.0746383666992188 -0.0100059509277344 0.0585060119628906
0.02325439453125 -0.106155395507812 -0.1925048828125 -0.139663696289063
-0.0291671752929687 -0.0848617553710938 -0.36151123046875 -0.16510009765625
-0.0484848022460938 -0.0390090942382812 -0.367431640625 0.050567626953125
-0.0393257141113281 0.000122070312500003 -0.180999755859375 0.174057006835938
-0.0118694305419922 0.0220813751220703 -0.0224609375 0.16943359375
0.00116729736328125 0.0241508483886719 0.00995635986328125 0.0964279174804687
-0.009185791015625 0.022369384765625 -0.0366363525390625 0.0708160400390625
-0.00293159484863281 0.0265445709228516 -0.102859497070313 0.121078491210938
-0.016448974609375 0.0226879119873047 -0.174789428710937 0.126022338867188
-0.0303287506103516 0.0107574462890625 -0.212509155273437 0.0812225341796875
-0.0380516052246094 -0.0196266174316406 -0.228347778320313 -0.0205535888671875
-0.0100288391113281 -0.0441360473632813 -0.17889404296875 -0.1507568359375
0.0128364562988281 -0.0413970947265625 -0.089996337890625 -0.147537231445313
0.0228176116943359 -0.0309810638427734 -0.135490417480469 -0.0297012329101562
0.0394134521484375 -0.137786865234375 -0.0107383728027344 0.0377197265625
0.0191497802734375 -0.190444946289062 -0.222396850585938 -0.101593017578125
-0.0677032470703125 -0.16314697265625 -0.368316650390625 -0.0629577636718751
-0.0999221801757813 -0.0743865966796875 -0.321441650390625 0.134124755859375
-0.0898284912109375 -0.00638580322265625 -0.132675170898437 0.187820434570313
-0.0438194274902344 0.0427589416503906 0.00326538085937499 0.154708862304688
-0.0175132751464844 0.0553703308105469 0.0165786743164062 0.0780487060546875
-0.0328102111816406 0.0542259216308594 -0.029754638671875 0.0529556274414063
-0.0238418579101563 0.0667228698730469 -0.0936050415039063 0.101043701171875
-0.0479812622070313 0.0543746948242188 -0.160247802734375 0.0977935791015625
-0.0779876708984375 0.024566650390625 -0.20367431640625 0.043182373046875
-0.08392333984375 -0.0347518920898438 -0.216598510742188 -0.0582122802734375
-0.0269241333007813 -0.0925064086914063 -0.145034790039063 -0.184356689453125
0.0247879028320313 -0.08123779296875 -0.0503082275390625 -0.159912109375
0.04095458984375 -0.0591239929199219 -0.116165161132813 -0.0273208618164062
0.0404510498046875 -0.15374755859375 -0.0102348327636719 0.0166177749633789
0.00245666503906249 -0.208160400390625 -0.241485595703125 -0.0189666748046875
-0.0952606201171875 -0.18707275390625 -0.3128662109375 0.09588623046875
-0.137809753417969 -0.0871124267578125 -0.201995849609375 0.230514526367188
-0.132713317871094 -0.006591796875 -0.042724609375 0.18994140625
-0.0737762451171875 0.063140869140625 0.0463027954101563 0.12152099609375
-0.0351181030273438 0.0818939208984375 0.029815673828125 0.0471878051757813
-0.0521240234375 0.07720947265625 -0.0174713134765625 0.0277557373046875
-0.0418167114257813 0.0922698974609375 -0.0775146484375 0.0657424926757813
-0.072723388671875 0.0748443603515625 -0.135826110839844 0.0431900024414062
-0.114738464355469 0.0328598022460938 -0.178787231445312 -0.028076171875
-0.120941162109375 -0.0453872680664063 -0.172012329101563 -0.1292724609375
-0.0504302978515625 -0.128364562988281 -0.0615081787109375 -0.231658935546875
0.0189666748046875 -0.115303039550781 0.0277862548828125 -0.166717529296875
0.04461669921875 -0.0897674560546875 -0.08392333984375 -0.0224380493164062
0.0408935546875 -0.131927490234375 0.000147819519042971 0.00926685333251952
0.00149536132812499 -0.178192138671875 -0.207656860351563 0.0831146240234375
-0.093170166015625 -0.174774169921875 -0.175140380859375 0.220260620117188
-0.149734497070313 -0.0854644775390625 -0.031768798828125 0.264236450195313
-0.15802001953125 -0.00164794921874998 0.0647125244140625 0.151092529296875
-0.095184326171875 0.0802536010742188 0.0956192016601562 0.0652847290039063
-0.0478057861328125 0.0993804931640625 0.0473861694335938 0.00536727905273438
-0.0638046264648438 0.087554931640625 -0.00119221210479737 -0.00214159488677978
-0.0534896850585937 0.10198974609375 -0.0563812255859375 0.0197944641113281
-0.0865325927734375 0.0793228149414063 -0.100112915039063 -0.02783203125
-0.132797241210938 0.0327224731445312 -0.124610900878906 -0.119972229003906
-0.143875122070313 -0.0516815185546875 -0.073638916015625 -0.209197998046875
-0.0776824951171875 -0.1524658203125 0.0816192626953125 -0.25
-0.0022430419921875 -0.148391723632813 0.129341125488281 -0.139122009277344
0.0389251708984375 -0.122634887695312 -0.0496330261230469 -0.0171470642089844
0.0428237915039063 -0.0938644409179688 0.027557373046875 0.0135707855224609
0.0147933959960938 -0.135086059570313 -0.122711181640625 0.152297973632813
-0.069549560546875 -0.149505615234375 -0.0138702392578125 0.253768920898438
-0.135848999023438 -0.0758056640625 0.120925903320312 0.216598510742188
-0.155792236328125 0.00459289550781249 0.151931762695313 0.0781097412109375
-0.0992889404296875 0.0867233276367187 0.136665344238281 -0.00405883789062499
-0.051666259765625 0.101715087890625 0.0664749145507813 -0.0415191650390625
-0.0652313232421875 0.0843353271484375 0.0163784027099609 -0.0323390960693359
-0.0555343627929688 0.0935440063476563 -0.0345249176025391 -0.0290718078613281
-0.0838470458984375 0.0682830810546875 -0.0535354614257813 -0.0974349975585937
-0.127716064453125 0.02313232421875 -0.0359954833984375 -0.198440551757813
-0.145187377929688 -0.0581512451171875 0.0758209228515625 -0.245819091796875
-0.0919952392578125 -0.170272827148437 0.249755859375 -0.186660766601563
-0.018829345703125 -0.179611206054687 0.218475341796875 -0.0634765625
0.0339813232421875 -0.147109985351563 -0.021881103515625 -0.0181064605712891
0.0374069213867188 -0.0549888610839844 0.0662117004394531 0.0189933776855469
0.0217819213867188 -0.0922775268554688 -0.0276336669921875 0.170486450195313
-0.0442276000976562 -0.111297607421875 0.1025390625 0.219085693359375
-0.101409912109375 -0.0572433471679688 0.210342407226563 0.136474609375
-0.124687194824219 0.00737762451171874 0.20159912109375 0.004425048828125
-0.0843353271484375 0.0759429931640625 0.162490844726563 -0.06817626953125
-0.0459136962890625 0.0856857299804688 0.08154296875 -0.0845870971679688
-0.0549736022949219 0.0673828125 0.0312652587890625 -0.0593833923339844
-0.0477752685546875 0.0710983276367188 -0.0140762329101563 -0.0703887939453125
-0.0665397644042969 0.047698974609375 -0.00323486328125001 -0.145782470703125
-0.100288391113281 0.0113601684570313 0.0679168701171875 -0.229827880859375
-0.117942810058594 -0.0620880126953125 0.225753784179688 -0.202804565429688
-0.0763092041015625 -0.171142578125 0.366668701171875 -0.040374755859375
-0.01251220703125 -0.1885986328125 0.256607055664063 0.036651611328125
0.032806396484375 -0.144668579101563 -0.000217437744140625 -0.0322723388671875
0.0183315277099609 -0.020721435546875 0.100868225097656 0.0183029174804688
0.0112342834472656 -0.0505027770996094 0.041534423828125 0.157119750976562
-0.0252952575683594 -0.06085205078125 0.159149169921875 0.170013427734375
-0.0558891296386719 -0.0320167541503906 0.24212646484375 0.071197509765625
-0.0743637084960937 0.00476074218749998 0.220306396484375 -0.04473876953125
-0.0560874938964844 0.0487289428710937 0.1724853515625 -0.111434936523437
-0.0325889587402344 0.0535202026367187 0.0901718139648438 -0.115524291992187
-0.0356941223144531 0.0399932861328125 0.0399703979492188 -0.0785446166992188
-0.0316276550292969 0.0408592224121094 0.00191497802734375 -0.0988922119140625
-0.0409317016601563 0.026214599609375 0.0371551513671875 -0.167800903320313
-0.0602798461914063 0.00358963012695312 0.149749755859375 -0.216629028320313
-0.0680046081542969 -0.0494270324707031 0.318817138671875 -0.1143798828125
-0.038482666015625 -0.128005981445313 0.39190673828125 0.114227294921875
0.0049591064453125 -0.14227294921875 0.250686645507812 0.113677978515625
0.0284805297851563 -0.099578857421875 0.0177803039550781 -0.0541305541992188
0.0166492462158203 0.0162115097045898 -0.000579833984374999 0.0589027404785156
0.0107345581054687 0.0145492553710938 -0.193084716796875 -0.13397216796875
0.00953865051269531 0.0262184143066406 -0.366790771484375 -0.1502685546875
0.00768280029296875 0.0082087516784668 -0.36810302734375 0.06475830078125
0.0129861831665039 0.00639247894287109 -0.170761108398437 0.1893310546875
0.0185031890869141 -0.00176429748535156 -0.0133056640625 0.17132568359375
0.0173130035400391 -0.0105314254760742 0.0162277221679687 0.0983428955078125
0.0131549835205078 -0.0162019729614258 -0.03192138671875 0.08148193359375
0.015625 -0.0217857360839844 -0.093994140625 0.133918762207031
0.014714241027832 -0.0160999298095703 -0.169403076171875 0.143173217773438
0.0194549560546875 -0.00812149047851563 -0.206298828125 0.10223388671875
0.0111351013183594 -0.00254917144775391 -0.227096557617188 -0.00199890136718746
0.00447750091552734 0.0114660263061523 -0.189773559570313 -0.134185791015625
-0.00836992263793945 0.00373601913452148 -0.101837158203125 -0.140144348144531
-0.00362896919250488 -0.00431561470031738 -0.135337829589844 -0.0212631225585938
0.026763916015625 -0.0789794921875 -0.00370788574218749 0.0583534240722656
0.0169677734375 -0.109405517578125 -0.199844360351563 -0.126571655273438
-0.03485107421875 -0.0839004516601563 -0.3709716796875 -0.13995361328125
-0.0517959594726563 -0.0364189147949219 -0.36151123046875 0.076202392578125
-0.0393943786621094 0.00461578369140625 -0.165725708007813 0.185623168945312
-0.00855827331542969 0.0227375030517578 -0.010162353515625 0.167007446289063
0.00427436828613281 0.0233039855957031 0.0168914794921875 0.0948944091796875
-0.00720596313476562 0.0233840942382813 -0.0303573608398437 0.07501220703125
-0.000429153442382813 0.0262069702148438 -0.090087890625 0.131340026855469
-0.0152854919433594 0.0233936309814453 -0.161605834960937 0.141921997070313
-0.0304946899414063 0.0126552581787109 -0.203689575195313 0.0982208251953125
-0.0403175354003906 -0.0164985656738281 -0.227447509765625 -0.00225830078124996
-0.0137672424316406 -0.0438079833984375 -0.188232421875 -0.135604858398438
0.00952529907226562 -0.0425796508789063 -0.0992965698242188 -0.138710021972656
0.0206508636474609 -0.0342998504638672 -0.135795593261719 -0.017303466796875
0.0311279296875 -0.143417358398438 -0.006072998046875 0.0369224548339844
0.0057525634765625 -0.193771362304688 -0.227340698242187 -0.08648681640625
-0.080169677734375 -0.159271240234375 -0.37200927734375 -0.036163330078125
-0.1064453125 -0.0672836303710938 -0.30987548828125 0.155181884765625
-0.090179443359375 0.0030364990234375 -0.117294311523437 0.195465087890625
-0.0382575988769531 0.0460357666015625 0.013885498046875 0.150421142578125
-0.0115509033203125 0.055633544921875 0.0218963623046875 0.0767288208007812
-0.027801513671875 0.0575408935546875 -0.0254478454589844 0.0567398071289063
-0.0178909301757813 0.0679817199707031 -0.0822219848632813 0.109481811523437
-0.0439033508300781 0.0581207275390625 -0.149581909179688 0.111541748046875
-0.076568603515625 0.0308685302734375 -0.197616577148438 0.0591888427734375
-0.0878524780273438 -0.0282363891601562 -0.218048095703125 -0.03985595703125
-0.0351638793945313 -0.0915451049804688 -0.157791137695313 -0.171875
0.0183792114257813 -0.0835723876953125 -0.0611419677734375 -0.154312133789063
0.0367050170898437 -0.0639495849609375 -0.116714477539062 -0.0167160034179688
0.030242919921875 -0.159942626953125 -0.00770759582519531 0.0154657363891601
-0.0126190185546875 -0.211029052734375 -0.24072265625 -0.00321960449218747
-0.110885620117188 -0.181137084960937 -0.306884765625 0.1171875
-0.1456298828125 -0.077301025390625 -0.185104370117188 0.243072509765625
-0.13348388671875 0.006378173828125 -0.0288848876953125 0.191207885742188
-0.0665779113769531 0.0683708190917969 0.0543365478515625 0.114303588867188
-0.0266876220703125 0.0830154418945313 0.0324935913085938 0.0448875427246094
-0.0450592041015625 0.08197021484375 -0.0154781341552734 0.0298824310302734
-0.0336227416992188 0.0958480834960938 -0.0690460205078125 0.0718917846679688
-0.0671844482421875 0.08038330078125 -0.12969970703125 0.0548782348632812
-0.112480163574219 0.042510986328125 -0.179290771484375 -0.0132904052734375
-0.126800537109375 -0.0355911254882813 -0.179977416992187 -0.113998413085938
-0.0621109008789063 -0.126091003417969 -0.078399658203125 -0.224700927734375
0.0102081298828125 -0.117721557617188 0.015228271484375 -0.167648315429688
0.0391616821289063 -0.0950469970703125 -0.0842361450195313 -0.0146942138671875
0.0320510864257813 -0.138809204101563 0.00155448913574219 0.00702428817749023
-0.01214599609375 -0.181365966796875 -0.199798583984375 0.09619140625
-0.108505249023437 -0.169815063476563 -0.16070556640625 0.230377197265625
-0.158203125 -0.0746917724609375 -0.0129547119140625 0.263397216796875
-0.158981323242188 0.013946533203125 0.0741729736328125 0.14398193359375
-0.0866546630859375 0.0874557495117188 0.0985488891601563 0.0550155639648438
-0.037261962890625 0.1015625 0.0467681884765625 0.00114440917968751
-0.0558700561523438 0.0938873291015625 -0.00134432315826416 -0.00195586681365966
-0.0441818237304688 0.10614013671875 -0.0526199340820313 0.0238990783691406
-0.0794448852539063 0.085693359375 -0.100013732910156 -0.0190277099609375
-0.130348205566406 0.0435562133789063 -0.132858276367188 -0.109146118164063
-0.149887084960938 -0.040191650390625 -0.0885772705078125 -0.200241088867188
-0.0908966064453125 -0.147750854492188 0.061431884765625 -0.253753662109375
-0.0129241943359375 -0.148696899414063 0.117507934570313 -0.147964477539063
0.030853271484375 -0.126930236816406 -0.0501708984375 -0.01202392578125
0.0363540649414063 -0.101348876953125 0.02813720703125 0.00876998901367187
0.00421905517578126 -0.139228820800781 -0.1103515625 0.159378051757813
-0.0835723876953125 -0.145660400390625 0.00248718261718748 0.251510620117188
-0.143890380859375 -0.065460205078125 0.134368896484375 0.20489501953125
-0.156951904296875 0.0206451416015625 0.154983520507813 0.064422607421875
-0.0905532836914063 0.0950088500976562 0.134300231933594 -0.0174179077148437
-0.0411148071289062 0.104957580566406 0.0616188049316406 -0.0471839904785156
-0.0579147338867188 0.0906753540039063 0.0133171081542969 -0.0346279144287109
-0.0471115112304687 0.0983963012695313 -0.0348415374755859 -0.0269813537597656
-0.077239990234375 0.0742034912109375 -0.0599899291992188 -0.0922927856445313
-0.125442504882812 0.0335617065429688 -0.0518798828125 -0.193862915039062
-0.1510009765625 -0.0465240478515625 0.056671142578125 -0.24847412109375
-0.10614013671875 -0.1646728515625 0.233108520507812 -0.20391845703125
-0.031707763671875 -0.178619384765625 0.211334228515625 -0.079864501953125
0.024200439453125 -0.151016235351563 -0.0228595733642578 -0.0154342651367188
0.0337333679199219 -0.0614776611328125 0.0666770935058594 0.0110893249511719
0.0141372680664063 -0.0957794189453125 -0.0146636962890625 0.170730590820313
-0.0550308227539062 -0.108695983886719 0.116531372070313 0.20843505859375
-0.1080322265625 -0.0490188598632812 0.21697998046875 0.11822509765625
-0.125358581542969 0.020294189453125 0.199295043945313 -0.0127716064453125
-0.076934814453125 0.0831680297851563 0.155609130859375 -0.08343505859375
-0.0367050170898438 0.0890426635742188 0.073486328125 -0.0919036865234375
-0.0491867065429688 0.0727462768554688 0.0260047912597656 -0.0632133483886719
-0.0411758422851563 0.0749130249023438 -0.0188865661621094 -0.0700569152832031
-0.0615997314453125 0.052581787109375 -0.015350341796875 -0.144317626953125
-0.0990371704101563 0.0196075439453125 0.0479888916015625 -0.232528686523438
-0.124153137207031 -0.0525436401367187 0.207870483398438 -0.21734619140625
-0.0894775390625 -0.166183471679688 0.359588623046875 -0.067474365234375
-0.0262603759765625 -0.187591552734375 0.256072998046875 0.0172271728515625
0.0226898193359375 -0.148178100585938 -0.00299835205078125 -0.0312061309814453
0.017547607421875 -0.0244846343994141 0.100990295410156 0.00803375244140625
0.00658035278320312 -0.0516929626464844 0.052703857421875 0.152023315429688
-0.0306816101074219 -0.0584068298339844 0.1695556640625 0.156173706054688
-0.0594024658203125 -0.0268936157226562 0.244674682617188 0.051239013671875
-0.0755691528320312 0.0129547119140625 0.214141845703125 -0.0633697509765625
-0.0514259338378906 0.0543365478515625 0.16278076171875 -0.127670288085938
-0.0265350341796875 0.0554924011230469 0.0794219970703125 -0.123771667480469
-0.0327110290527344 0.0433807373046875 0.033203125 -0.0830230712890625
-0.0279464721679688 0.0429153442382813 -0.00614166259765626 -0.0997772216796875
-0.0375785827636719 0.0286636352539062 0.02288818359375 -0.170074462890625
-0.0592041015625 0.00851058959960936 0.129501342773437 -0.22607421875
-0.0728225708007813 -0.043792724609375 0.306732177734375 -0.137176513671875
-0.0484237670898438 -0.124931335449219 0.397796630859375 0.0848388671875
-0.00570678710937501 -0.142471313476563 0.255645751953125 0.09429931640625
0.02117919921875 -0.102462768554688 0.0128364562988281 -0.0550346374511719
0.0185337066650391 0.0125961303710938 0.00376129150390625 0.0551719665527344
0.0118284225463867 0.0120763778686523 -0.19000244140625 -0.119186401367188
0.0111675262451172 0.0224647521972656 -0.357879638671875 -0.12628173828125
0.00712347030639649 0.00639486312866211 -0.347076416015625 0.0804443359375
0.0129671096801758 0.00559616088867187 -0.151473999023437 0.187835693359375
0.0181770324707031 -0.00280952453613281 -0.00384521484375 0.1622314453125
0.016357421875 -0.0114984512329102 0.0209808349609375 0.0930862426757813
0.0117759704589844 -0.0163402557373047 -0.0244216918945313 0.081787109375
0.0134773254394531 -0.0228538513183594 -0.0785446166992188 0.136100769042969
0.0129537582397461 -0.016840934753418 -0.151336669921875 0.149810791015625
0.0174331665039063 -0.00897407531738281 -0.190353393554688 0.110382080078125
0.0102319717407227 -0.00287246704101563 -0.215713500976563 0.010589599609375
0.00534439086914063 0.0105962753295898 -0.18768310546875 -0.117507934570313
-0.00811243057250977 0.00486469268798828 -0.10296630859375 -0.127548217773437
-0.00366616249084473 -0.00393795967102051 -0.128738403320313 -0.0120315551757812
0.0222549438476563 -0.0796661376953125 0.00111007690429688 0.0548439025878906
0.0111465454101562 -0.107292175292969 -0.195831298828125 -0.111953735351563
-0.0382843017578125 -0.0793991088867188 -0.36273193359375 -0.115966796875
-0.0530014038085938 -0.0327110290527344 -0.3402099609375 0.090850830078125
-0.0372314453125 0.00767898559570313 -0.147872924804688 0.184371948242188
-0.00536537170410156 0.021759033203125 -0.00146484374999999 0.1578369140625
0.00595664978027344 0.0208721160888672 0.0212860107421875 0.0899581909179688
-0.00523948669433593 0.0230579376220703 -0.0236587524414063 0.0752410888671875
0.00124359130859375 0.0246391296386719 -0.0755157470703125 0.132705688476563
-0.0136680603027344 0.0232028961181641 -0.144363403320312 0.147552490234375
-0.0291938781738281 0.0140609741210938 -0.187286376953125 0.10595703125
-0.0403594970703125 -0.0138702392578125 -0.215652465820313 0.011016845703125
-0.0166549682617188 -0.0417327880859375 -0.186477661132812 -0.118377685546875
0.00659942626953125 -0.0408897399902344 -0.101058959960937 -0.12646484375
0.0186080932617188 -0.0349330902099609 -0.128936767578125 -0.00790405273437503
0.0225372314453125 -0.142501831054687 -0.002532958984375 0.0337276458740234
-0.00476074218749998 -0.1885986328125 -0.220184326171875 -0.072662353515625
-0.087188720703125 -0.149429321289063 -0.35858154296875 -0.016387939453125
-0.107528686523438 -0.0593948364257813 -0.28692626953125 0.163970947265625
-0.086029052734375 0.00982666015625 -0.101089477539062 0.192230224609375
-0.0321502685546875 0.045867919921875 0.0199508666992187 0.1405029296875
-0.006805419921875 0.0521278381347656 0.0244598388671875 0.0727005004882813
-0.0224609375 0.0574150085449219 -0.0203514099121094 0.057159423828125
-0.0124130249023438 0.0656661987304688 -0.0696640014648438 0.110610961914063
-0.0393333435058594 0.0584907531738281 -0.134040832519531 0.1173095703125
-0.0725784301757813 0.0351486206054688 -0.184280395507813 0.0683441162109375
-0.0877685546875 -0.02203369140625 -0.209747314453125 -0.025177001953125
-0.0405349731445312 -0.0869064331054688 -0.159286499023438 -0.154342651367188
0.0131454467773437 -0.0817108154296875 -0.0662689208984375 -0.143844604492188
0.0324897766113281 -0.0652198791503906 -0.111503601074219 -0.00820159912109376
0.0208740234375 -0.158615112304688 -0.00570201873779297 0.0128021240234375
-0.02398681640625 -0.20440673828125 -0.22882080078125 0.00848388671874998
-0.118209838867187 -0.169052124023438 -0.288055419921875 0.126617431640625
-0.146453857421875 -0.066650390625 -0.164276123046875 0.241043090820312
-0.127311706542969 0.0165252685546875 -0.017822265625 0.183120727539063
-0.0577583312988281 0.0690841674804688 0.0559234619140625 0.10400390625
-0.0194549560546875 0.07952880859375 0.0326156616210938 0.0410919189453125
-0.037567138671875 0.0819625854492188 -0.0126209259033203 0.0301723480224609
-0.0252304077148438 0.0936737060546875 -0.0597000122070312 0.0731201171875
-0.059722900390625 0.0815277099609375 -0.118324279785156 0.0609512329101563
-0.106246948242188 0.0481491088867188 -0.170867919921875 -0.002197265625
-0.125579833984375 -0.0264205932617188 -0.177505493164063 -0.0975799560546875
-0.0686798095703125 -0.118782043457031 -0.0870819091796875 -0.20892333984375
0.00341033935546875 -0.114402770996094 0.0052337646484375 -0.16058349609375
0.033477783203125 -0.0949783325195312 -0.0802993774414062 -0.008026123046875
0.0232467651367187 -0.138496398925781 0.00151395797729492 0.00438761711120605
-0.0223388671875 -0.176239013671875 -0.185012817382813 0.102081298828125
-0.115982055664063 -0.157989501953125 -0.142532348632812 0.228286743164063
-0.158966064453125 -0.0629730224609375 0.000488281250000003 0.251724243164063
-0.151702880859375 0.0259857177734375 0.0765304565429687 0.133079528808594
-0.0759963989257812 0.0885162353515625 0.0950775146484375 0.0446929931640625
-0.0279617309570313 0.0981521606445313 0.0430374145507813 -0.00140762329101562
-0.0469741821289062 0.0939102172851563 -0.00199031829833985 -0.00188708305358886
-0.0347366333007812 0.1043701171875 -0.0468902587890625 0.0253067016601563
-0.0712432861328125 0.0869674682617188 -0.0949172973632812 -0.0119400024414062
-0.12286376953125 0.05072021484375 -0.132598876953125 -0.0958480834960938
-0.147857666015625 -0.0294647216796875 -0.0952606201171875 -0.18487548828125
-0.09783935546875 -0.138420104980469 0.043701171875 -0.244888305664062
-0.02044677734375 -0.143020629882812 0.10296630859375 -0.147598266601563
0.0243072509765625 -0.125625610351563 -0.048095703125 -0.00751876831054688
0.0293731689453125 -0.10302734375 0.0267868041992188 0.00468254089355468
-0.004913330078125 -0.136367797851563 -0.0963287353515625 0.157363891601563
-0.0908737182617187 -0.136360168457031 0.0139923095703125 0.238906860351563
-0.144668579101563 -0.0541534423828125 0.13787841796875 0.187545776367188
-0.14947509765625 0.032440185546875 0.149063110351563 0.0528106689453125
-0.0793914794921875 0.09649658203125 0.125091552734375 -0.0268783569335937
-0.0308914184570312 0.101547241210937 0.0549583435058594 -0.0495452880859375
-0.0491104125976562 0.0916213989257813 0.0103302001953125 -0.0345706939697266
-0.0379638671875 0.0971221923828125 -0.0341815948486328 -0.0245304107666016
-0.0694580078125 0.075592041015625 -0.0618362426757813 -0.0843658447265625
-0.118370056152344 0.0403900146484375 -0.061309814453125 -0.18096923828125
-0.148666381835938 -0.035614013671875 0.0391998291015625 -0.23858642578125
-0.11309814453125 -0.153152465820313 0.209671020507813 -0.206939697265625
-0.039947509765625 -0.169754028320313 0.195816040039063 -0.0872802734375
0.0156402587890625 -0.147674560546875 -0.0224666595458984 -0.0123882293701172
0.0288848876953125 -0.0644454956054688 0.0631256103515625 0.00468826293945312
0.00768280029296875 -0.0943145751953125 -0.00486755371093749 0.162841796875
-0.06097412109375 -0.101638793945313 0.120147705078125 0.191757202148438
-0.108772277832031 -0.0402069091796875 0.212081909179688 0.100433349609375
-0.1197509765625 0.03009033203125 0.186935424804687 -0.023895263671875
-0.0675201416015625 0.08514404296875 0.1427001953125 -0.09185791015625
-0.0283203125 0.0861663818359375 0.0634841918945313 -0.093475341796875
-0.04241943359375 0.073699951171875 0.0201644897460937 -0.0634918212890625
-0.0341873168945312 0.0742568969726563 -0.0222129821777344 -0.0671501159667969
-0.0553474426269531 0.0538711547851563 -0.02294921875 -0.136734008789063
-0.093536376953125 0.02484130859375 0.0307159423828125 -0.2237548828125
-0.123008728027344 -0.0423355102539063 0.18499755859375 -0.2176513671875
-0.0965728759765625 -0.154891967773437 0.338592529296875 -0.08245849609375
-0.0352325439453125 -0.178329467773438 0.242782592773437 0.00279235839843749
0.014739990234375 -0.144271850585938 -0.00482177734375 -0.0283088684082031
0.0160331726074219 -0.0267448425292969 0.0953903198242187 -0.000312805175781252
0.00300216674804687 -0.0502967834472656 0.0580291748046875 0.140655517578125
-0.0338859558105469 -0.0536537170410156 0.169235229492188 0.139083862304688
-0.0603675842285156 -0.0220451354980469 0.235260009765625 0.0355072021484375
-0.0726318359375 0.019195556640625 0.1993408203125 -0.0733489990234375
-0.0450973510742188 0.0559959411621094 0.147323608398438 -0.133880615234375
-0.0209159851074219 0.0540695190429687 0.0678558349609375 -0.125152587890625
-0.0285148620605469 0.0439643859863281 0.025665283203125 -0.0833282470703125
-0.0241546630859375 0.0424461364746094 -0.0128250122070313 -0.0959548950195312
-0.0336704254150391 0.0295906066894531 0.0107879638671875 -0.163314819335938
-0.0556144714355469 0.0122833251953125 0.10821533203125 -0.222381591796875
-0.073272705078125 -0.0374755859375 0.283203125 -0.146820068359375
-0.0544357299804688 -0.117095947265625 0.38128662109375 0.06024169921875
-0.0130081176757813 -0.13623046875 0.2467041015625 0.0766448974609375
0.0151596069335937 -0.0998077392578125 0.00864410400390625 -0.0519027709960938
0.0188560485839844 0.00914764404296875 0.00539016723632813 0.0515403747558594
0.0118913650512695 0.0107641220092773 -0.18145751953125 -0.11334228515625
0.0110301971435547 0.0197868347167969 -0.342803955078125 -0.11932373046875
0.0054931640625 0.00510358810424805 -0.3297119140625 0.0791015625
0.0125112533569336 0.0053558349609375 -0.142486572265625 0.1787109375
0.0182743072509766 -0.0035858154296875 -0.00271606445312501 0.15325927734375
0.0157175064086914 -0.0117931365966797 0.0212249755859375 0.0886306762695313
0.0111713409423828 -0.0160694122314453 -0.0201950073242188 0.079833984375
0.0120143890380859 -0.0226993560791016 -0.0698471069335938 0.133338928222656
0.0113859176635742 -0.0163965225219727 -0.139312744140625 0.148040771484375
0.0161333084106445 -0.00896549224853516 -0.178070068359375 0.1083984375
0.00997257232666015 -0.00363445281982422 -0.2042236328125 0.0127410888671875
0.00523948669433594 0.0101099014282227 -0.179336547851563 -0.109573364257813
-0.00755929946899414 0.00563621520996094 -0.0984420776367188 -0.120109558105469
-0.00256109237670898 -0.00403308868408203 -0.121292114257813 -0.00899505615234375
0.0209808349609375 -0.0793075561523438 0.00333023071289063 0.0507926940917969
0.00891113281249999 -0.104393005371094 -0.186752319335938 -0.106246948242187
-0.0389404296875 -0.0765762329101563 -0.347015380859375 -0.1064453125
-0.0531692504882813 -0.0307884216308594 -0.323272705078125 0.0894775390625
-0.0347957611083984 0.00859260559082031 -0.138763427734375 0.176376342773438
-0.00350379943847656 0.0200347900390625 -0.0010528564453125 0.148941040039063
0.00619888305664063 0.0186786651611328 0.0216598510742188 0.0863113403320313
-0.00406455993652344 0.0218715667724609 -0.02020263671875 0.0736770629882813
0.001861572265625 0.0232009887695312 -0.0671463012695313 0.12994384765625
-0.0130138397216797 0.0227794647216797 -0.132339477539062 0.145309448242188
-0.0280952453613281 0.0147209167480469 -0.17626953125 0.103897094726562
-0.0399971008300781 -0.0128517150878906 -0.204879760742187 0.0137939453125
-0.0173568725585938 -0.0398597717285156 -0.1783447265625 -0.110321044921875
0.0060577392578125 -0.0391502380371094 -0.0970535278320312 -0.119239807128906
0.0181655883789063 -0.0351524353027344 -0.121902465820312 -0.00469970703125002
0.01971435546875 -0.139610290527344 -0.000831604003906247 0.0310173034667969
-0.00738525390625001 -0.18218994140625 -0.209121704101563 -0.068756103515625
-0.08709716796875 -0.1427001953125 -0.342529296875 -0.012847900390625
-0.106452941894531 -0.05517578125 -0.271896362304688 0.15869140625
-0.0814743041992188 0.0124359130859375 -0.0948486328125 0.182968139648437
-0.0281600952148438 0.0427093505859375 0.0191650390625 0.132637023925781
-0.00524139404296875 0.0478973388671875 0.0244293212890625 0.0694007873535156
-0.0201263427734375 0.0554084777832031 -0.0179328918457031 0.0560379028320312
-0.0102500915527344 0.0628547668457031 -0.0623397827148437 0.108062744140625
-0.0362892150878906 0.0573310852050781 -0.12310791015625 0.11578369140625
-0.0696983337402344 0.035797119140625 -0.173736572265625 0.0681304931640625
-0.0861740112304688 -0.0192718505859375 -0.199234008789063 -0.0204620361328125
-0.0419921875 -0.0832138061523438 -0.154098510742188 -0.144256591796875
0.0116653442382813 -0.07867431640625 -0.0647964477539063 -0.1361083984375
0.0314903259277344 -0.0647773742675781 -0.104995727539062 -0.0053253173828125
0.0172119140625 -0.155349731445313 -0.00457096099853516 0.0103492736816406
-0.0263671875 -0.197952270507813 -0.216949462890625 0.00947570800781247
-0.117813110351563 -0.161087036132812 -0.274505615234375 0.124221801757812
-0.143692016601562 -0.061248779296875 -0.153884887695313 0.231277465820312
-0.1212158203125 0.020294189453125 -0.01531982421875 0.174423217773437
-0.0524330139160156 0.0658073425292969 0.0527191162109375 0.0973281860351563
-0.0165481567382812 0.074462890625 0.0311355590820313 0.0394020080566406
-0.03399658203125 0.0797805786132813 -0.0115146636962891 0.0296306610107422
-0.02178955078125 0.0899887084960938 -0.053619384765625 0.071380615234375
-0.055572509765625 0.0799179077148437 -0.109420776367188 0.0611419677734375
-0.100784301757812 0.04931640625 -0.162078857421875 0.000106811523437537
-0.12322998046875 -0.02294921875 -0.169876098632813 -0.0896148681640625
-0.0700759887695313 -0.113716125488281 -0.085968017578125 -0.197189331054688
0.00252532958984374 -0.110435485839844 0.00263977050781252 -0.152359008789063
0.0324172973632813 -0.09423828125 -0.0760726928710938 -0.00569915771484376
0.019256591796875 -0.136619567871094 0.00137591361999512 0.0021226406097412
-0.024749755859375 -0.171066284179688 -0.174835205078125 0.0982666015625
-0.116439819335938 -0.1507568359375 -0.13482666015625 0.2183837890625
-0.156036376953125 -0.057037353515625 0.00297546386718752 0.240036010742188
-0.14447021484375 0.0299530029296875 0.0733795166015625 0.125968933105469
-0.0694427490234375 0.0853805541992188 0.0887069702148438 0.039764404296875
-0.0244674682617188 0.0928878784179687 0.0399742126464844 -0.00231933593749999
-0.0425338745117187 0.0919189453125 -0.00213038921356201 -0.00178432464599609
-0.0298233032226563 0.100379943847656 -0.0430679321289063 0.0246505737304688
-0.0661087036132813 0.085601806640625 -0.0888519287109375 -0.00965881347656248
-0.116828918457031 0.0513763427734375 -0.127670288085938 -0.0888900756835937
-0.144775390625 -0.025299072265625 -0.0932769775390625 -0.173355102539063
-0.0979995727539063 -0.132209777832031 0.0380859375 -0.232681274414063
-0.0207748413085938 -0.137153625488281 0.095306396484375 -0.141433715820313
0.0233078002929687 -0.12322998046875 -0.0454673767089844 -0.00538253784179688
0.0256729125976563 -0.102638244628906 0.0244159698486328 0.00217819213867187
-0.00766754150390624 -0.132820129394531 -0.0896148681640625 0.150772094726562
-0.092132568359375 -0.130088806152344 0.0146636962890625 0.22723388671875
-0.142135620117188 -0.0485687255859375 0.133041381835938 0.176956176757813
-0.142593383789063 0.0366973876953125 0.14093017578125 0.0486297607421875
-0.0723953247070312 0.0931472778320313 0.116226196289063 -0.0295486450195312
-0.02728271484375 0.0959930419921875 0.0497283935546875 -0.04888916015625
-0.0444183349609375 0.0895156860351563 0.00847434997558594 -0.0343894958496094
-0.0332794189453125 0.0936279296875 -0.0329341888427734 -0.0236377716064453
-0.0643234252929688 0.0743026733398438 -0.0594711303710938 -0.0789642333984375
-0.111900329589844 0.0413818359375 -0.0615386962890625 -0.170379638671875
-0.1446533203125 -0.03125 0.0340118408203125 -0.226654052734375
-0.112457275390625 -0.145660400390625 0.1956787109375 -0.198226928710938
-0.0403594970703125 -0.162948608398438 0.183670043945313 -0.0845184326171875
0.014556884765625 -0.143997192382813 -0.0213718414306641 -0.0101528167724609
0.0258064270019531 -0.0655632019042969 0.0589485168457031 0.00165557861328125
0.00477600097656251 -0.0928573608398438 -0.0029144287109375 0.15435791015625
-0.0618820190429687 -0.0966796875 0.115554809570312 0.18109130859375
-0.107002258300781 -0.0359344482421875 0.2017822265625 0.0931243896484375
-0.114547729492187 0.0337905883789062 0.176132202148438 -0.0252227783203125
-0.0617446899414063 0.0829010009765625 0.132575988769531 -0.0922698974609375
-0.0245208740234375 0.0816192626953125 0.0572357177734375 -0.0918350219726563
-0.0385513305664062 0.0721664428710938 0.0169563293457031 -0.0623321533203125
-0.0301895141601562 0.0717391967773438 -0.0230064392089844 -0.0645751953125
-0.0515213012695313 0.0527114868164062 -0.024017333984375 -0.12957763671875
-0.0882110595703125 0.0260467529296875 0.02490234375 -0.21240234375
-0.1197509765625 -0.0379791259765625 0.172698974609375 -0.208831787109375
-0.0964813232421875 -0.14727783203125 0.319244384765625 -0.0819091796875
-0.036468505859375 -0.170578002929688 0.229812622070313 0.00053405761718749
0.0133895874023437 -0.140090942382813 -0.00523185729980469 -0.0259418487548828
0.0145606994628906 -0.0287799835205078 0.0893325805664063 -0.00400543212890625
0.00179672241210938 -0.0491142272949219 0.0560150146484375 0.132797241210938
-0.0335006713867188 -0.0507049560546875 0.16192626953125 0.12969970703125
-0.0593528747558594 -0.0193557739257812 0.223831176757813 0.030517578125
-0.0694732666015625 0.0219192504882812 0.188018798828125 -0.072265625
-0.0408859252929688 0.0549507141113281 0.137443542480469 -0.133033752441406
-0.0178794860839844 0.0512199401855469 0.0608139038085937 -0.122215270996094
-0.0262069702148437 0.04296875 0.0220794677734375 -0.0819778442382812
-0.0216636657714844 0.0412445068359375 -0.01495361328125 -0.0924148559570313
-0.0311908721923828 0.0289707183837891 0.0068511962890625 -0.155441284179687
-0.0527305603027344 0.0130996704101563 0.09820556640625 -0.2122802734375
-0.0718002319335938 -0.0342178344726562 0.266510009765625 -0.143020629882812
-0.0550003051757813 -0.111114501953125 0.36175537109375 0.053466796875
-0.0144882202148438 -0.129928588867188 0.232986450195313 0.0716400146484375
0.01416015625 -0.0965423583984375 0.00726318359375 -0.04803466796875
0.0188179016113281 0.00678443908691406 0.00603103637695313 0.0494422912597656
0.0116109848022461 0.0100526809692383 -0.176055908203125 -0.115081787109375
0.0103855133056641 0.0189399719238281 -0.337921142578125 -0.123291015625
0.00350046157836914 0.00510597229003906 -0.3245849609375 0.073394775390625
0.0129213333129883 0.00548267364501953 -0.142303466796875 0.17376708984375
0.0193405151367188 -0.00413322448730469 -0.00515747070312501 0.150115966796875
0.0154790878295898 -0.0124530792236328 0.0207061767578125 0.087982177734375
0.0110750198364258 -0.0161323547363281 -0.0189132690429688 0.0798110961914063
0.0113582611083984 -0.02294921875 -0.0666656494140625 0.133079528808594
0.0107593536376953 -0.0162334442138672 -0.135879516601563 0.148635864257813
0.0157260894775391 -0.00871849060058594 -0.175521850585937 0.105514526367188
0.00986766815185547 -0.00363922119140625 -0.201828002929688 0.00964355468750004
0.00525569915771484 0.0103311538696289 -0.174850463867188 -0.109542846679688
-0.00685930252075195 0.00642204284667969 -0.0947113037109375 -0.118919372558594
-0.00175619125366211 -0.00462484359741211 -0.118408203125 -0.00959014892578127
0.0209121704101562 -0.080535888671875 0.00417327880859375 0.0485610961914062
0.0092315673828125 -0.104415893554688 -0.18121337890625 -0.108474731445313
-0.0384750366210937 -0.0764236450195313 -0.342559814453125 -0.10986328125
-0.05401611328125 -0.0301666259765625 -0.318878173828125 0.083953857421875
-0.0338897705078125 0.00900459289550781 -0.138687133789063 0.170822143554688
-0.00235939025878906 0.0183200836181641 -0.0037384033203125 0.146453857421875
0.00594902038574219 0.01727294921875 0.0208206176757812 0.0853347778320312
-0.00394630432128907 0.0214443206787109 -0.0187454223632812 0.0740280151367188
0.00157546997070313 0.0219306945800781 -0.0637741088867188 0.129165649414063
-0.0131244659423828 0.0233001708984375 -0.129241943359375 0.144989013671875
-0.0284271240234375 0.0149478912353516 -0.17315673828125 0.101226806640625
-0.0406646728515625 -0.0124855041503906 -0.201705932617187 0.012298583984375
-0.0176239013671875 -0.0395393371582031 -0.174468994140625 -0.109512329101563
0.00690078735351563 -0.0386123657226563 -0.0931625366210938 -0.118064880371094
0.0189933776855469 -0.0362281799316406 -0.119186401367188 -0.00555419921875001
0.0198822021484375 -0.140472412109375 3.24249267578106E-05 0.0285015106201172
-0.0066375732421875 -0.182342529296875 -0.204299926757813 -0.071502685546875
-0.086639404296875 -0.141647338867188 -0.338287353515625 -0.01605224609375
-0.106834411621094 -0.0540237426757812 -0.269515991210938 0.153533935546875
-0.0796432495117188 0.012969970703125 -0.0958251953125 0.178985595703125
-0.0264816284179688 0.0406723022460938 0.0155563354492188 0.130599975585938
-0.00557327270507813 0.0462989807128906 0.0236625671386719 0.069244384765625
-0.0197105407714844 0.0548934936523437 -0.0169486999511719 0.0562019348144531
-0.00995254516601563 0.0617103576660156 -0.0596160888671875 0.107551574707031
-0.0360565185546875 0.0576133728027344 -0.119575500488281 0.1151123046875
-0.0691795349121094 0.0362701416015625 -0.17034912109375 0.0658416748046875
-0.08740234375 -0.0194168090820312 -0.195602416992188 -0.0208892822265625
-0.0429840087890625 -0.0831832885742187 -0.150222778320312 -0.142318725585938
0.0127792358398438 -0.0788116455078125 -0.0614547729492187 -0.134002685546875
0.0324249267578125 -0.0663909912109375 -0.102882385253906 -0.00563812255859376
0.017181396484375 -0.156112670898437 -0.0042877197265625 0.00840330123901366
-0.025909423828125 -0.198226928710938 -0.213241577148438 0.00559997558593747
-0.117782592773438 -0.160858154296875 -0.27337646484375 0.119552612304687
-0.144012451171875 -0.059906005859375 -0.1549072265625 0.226181030273438
-0.119041442871094 0.021209716796875 -0.017974853515625 0.171676635742187
-0.0510940551757813 0.0630226135253906 0.0490875244140625 0.095947265625
-0.0167770385742187 0.0717239379882813 0.0302238464355469 0.0394363403320313
-0.0331039428710938 0.0793838500976563 -0.0116195678710938 0.0298118591308594
-0.0212249755859375 0.088714599609375 -0.0515670776367188 0.0706024169921875
-0.0544357299804688 0.0795669555664063 -0.105926513671875 0.060150146484375
-0.100357055664063 0.050262451171875 -0.159164428710938 -0.00132751464843748
-0.124397277832031 -0.0228118896484375 -0.166275024414062 -0.0882568359375
-0.0712814331054688 -0.11346435546875 -0.0836029052734375 -0.193756103515625
0.00383758544921876 -0.110771179199219 0.00395202636718751 -0.149307250976563
0.0338821411132813 -0.09619140625 -0.0743942260742187 -0.00514221191406251
0.01873779296875 -0.137519836425781 0.00142025947570801 0.000570893287658683
-0.0243682861328125 -0.172134399414062 -0.172744750976563 0.0937347412109375
-0.1165771484375 -0.150802612304688 -0.136550903320313 0.213638305664063
-0.156402587890625 -0.0561065673828125 -0.000473022460937513 0.236007690429688
-0.142318725585938 0.0316314697265625 0.0699691772460937 0.125137329101563
-0.0676193237304688 0.08258056640625 0.0845184326171875 0.03912353515625
-0.0244064331054688 0.0897140502929688 0.0388145446777344 -0.00162506103515624
-0.0416946411132813 0.0916976928710938 -0.00260353088378907 -0.0018625259399414
-0.0292434692382813 0.0990066528320312 -0.0412788391113281 0.0241317749023438
-0.064544677734375 0.0848388671875 -0.0856094360351563 -0.00971221923828125
-0.115470886230469 0.0513229370117188 -0.125 -0.088653564453125
-0.145233154296875 -0.024871826171875 -0.090545654296875 -0.169479370117187
-0.0987014770507813 -0.132080078125 0.0386962890625 -0.2266845703125
-0.0186920166015625 -0.137382507324219 0.0945205688476563 -0.136962890625
0.0253067016601563 -0.125282287597656 -0.0446243286132813 -0.0050048828125
0.0240554809570313 -0.104057312011719 0.0236988067626953 0.000757217407226556
-0.00823974609375 -0.134231567382813 -0.0899810791015625 0.146316528320313
-0.0927658081054688 -0.130317687988281 0.0107574462890625 0.223556518554688
-0.143096923828125 -0.047149658203125 0.128036499023438 0.175689697265625
-0.140670776367188 0.0382080078125 0.137092590332031 0.0492401123046875
-0.0709686279296875 0.0913619995117188 0.112342834472656 -0.0299911499023437
-0.0267791748046875 0.0933151245117188 0.0482826232910156 -0.0483322143554687
-0.0437164306640625 0.08929443359375 0.00715637207031249 -0.0342521667480469
-0.0322036743164063 0.091583251953125 -0.0316181182861328 -0.0238399505615234
-0.0630874633789062 0.0732421875 -0.0568466186523438 -0.0779876708984375
-0.110504150390625 0.0412979125976563 -0.05975341796875 -0.168075561523438
-0.144882202148438 -0.03070068359375 0.035064697265625 -0.220718383789062
-0.112319946289062 -0.144973754882813 0.193557739257813 -0.19171142578125
-0.038665771484375 -0.16217041015625 0.180450439453125 -0.0801544189453125
0.016754150390625 -0.145645141601563 -0.0212440490722656 -0.00958061218261719
0.0240669250488281 -0.0671577453613281 0.0569686889648438 0.000591278076171871
0.00356292724609374 -0.093719482421875 -0.00469970703125 0.151046752929687
-0.0624618530273437 -0.0966262817382813 0.110931396484375 0.17852783203125
-0.10809326171875 -0.0342254638671875 0.19769287109375 0.0935821533203125
-0.112892150878906 0.0358123779296875 0.1727294921875 -0.0233001708984375
-0.060272216796875 0.0808258056640625 0.128814697265625 -0.0923004150390625
-0.0240402221679688 0.0791244506835938 0.055389404296875 -0.091583251953125
-0.0381851196289062 0.0718917846679687 0.0158004760742188 -0.0630912780761719
-0.0294647216796875 0.0705413818359375 -0.0228195190429688 -0.0638771057128906
-0.0498199462890625 0.0516014099121094 -0.02325439453125 -0.127426147460938
-0.0867233276367188 0.0261001586914063 0.024383544921875 -0.207977294921875
-0.1197509765625 -0.0377731323242187 0.170089721679688 -0.20269775390625
-0.0957794189453125 -0.146347045898438 0.31365966796875 -0.076263427734375
-0.0341339111328125 -0.169143676757813 0.223892211914063 0.00503540039062499
0.014892578125 -0.1412353515625 -0.00548362731933593 -0.0245532989501953
0.0130500793457031 -0.0305881500244141 0.0863037109375 -0.0044097900390625
0.000530242919921873 -0.0498466491699219 0.0527191162109375 0.130577087402344
-0.0333480834960938 -0.0505714416503906 0.157363891601563 0.128463745117188
-0.05987548828125 -0.0184288024902344 0.220138549804688 0.0314178466796875
-0.0684051513671875 0.0234260559082031 0.185379028320313 -0.0702667236328125
-0.0394859313964844 0.0541191101074219 0.134819030761719 -0.133575439453125
-0.0175704956054687 0.0493278503417969 0.058502197265625 -0.122329711914063
-0.0259780883789063 0.0424346923828125 0.020599365234375 -0.0827255249023438
-0.0214576721191406 0.0406455993652344 -0.0156173706054688 -0.0912551879882812
-0.0300064086914062 0.0279045104980469 0.00648498535156249 -0.15283203125
-0.0516471862792969 0.0127410888671875 0.096466064453125 -0.20709228515625
-0.0718841552734375 -0.0337905883789063 0.262313842773438 -0.137435913085938
-0.054412841796875 -0.110321044921875 0.3551025390625 0.05743408203125
-0.0134811401367188 -0.128631591796875 0.225906372070313 0.0750579833984375
0.0155258178710938 -0.096710205078125 0.00691604614257813 -0.0461349487304688
0.0189037322998047 0.00504875183105469 0.00718307495117188 0.0491180419921875
0.0119962692260742 0.0100479125976562 -0.17822265625 -0.11865234375
0.0107250213623047 0.0193405151367188 -0.344818115234375 -0.12335205078125
0.00168180465698242 0.00585651397705078 -0.3306884765625 0.07647705078125
0.0131998062133789 0.00538921356201172 -0.144485473632813 0.177459716796875
0.0205574035644531 -0.00552558898925781 -0.00523376464843749 0.153488159179688
0.0151863098144531 -0.0133094787597656 0.0217208862304687 0.0897140502929688
0.0108890533447266 -0.0169515609741211 -0.0161590576171875 0.0826568603515625
0.0105381011962891 -0.0242881774902344 -0.063323974609375 0.138557434082031
0.0107545852661133 -0.0162153244018555 -0.134506225585937 0.15570068359375
0.015650749206543 -0.00867557525634766 -0.177642822265625 0.109603881835938
0.00958442687988281 -0.00419521331787109 -0.205703735351563 0.01165771484375
0.00561809539794922 0.010869026184082 -0.178451538085938 -0.11041259765625
-0.00610208511352539 0.00731897354125977 -0.0959091186523438 -0.120323181152344
-0.00125408172607422 -0.00612115859985351 -0.120086669921875 -0.00865173339843748
0.0203399658203125 -0.0842056274414063 0.00570297241210938 0.0477333068847656
0.00801086425781249 -0.107452392578125 -0.18328857421875 -0.111968994140625
-0.0409088134765625 -0.0775833129882813 -0.350006103515625 -0.110931396484375
-0.0572471618652344 -0.02874755859375 -0.3245849609375 0.086944580078125
-0.0339469909667969 0.0101280212402344 -0.1405029296875 0.174697875976563
-0.00149059295654297 0.0174903869628906 -0.00378417968750001 0.1500244140625
0.00570297241210938 0.0166721343994141 0.02276611328125 0.0870437622070313
-0.00391006469726562 0.0216560363769531 -0.0169143676757813 0.0769577026367188
0.00127410888671875 0.0221939086914063 -0.060516357421875 0.134529113769531
-0.0130023956298828 0.0246219635009766 -0.126693725585937 0.151870727539063
-0.0292415618896484 0.0163593292236328 -0.175140380859375 0.104965209960938
-0.0433273315429688 -0.0122337341308594 -0.204849243164063 0.0150299072265625
-0.0193710327148437 -0.04046630859375 -0.17779541015625 -0.109451293945313
0.00761795043945312 -0.0399093627929687 -0.09429931640625 -0.11920166015625
0.0190505981445312 -0.0395545959472656 -0.121116638183594 -0.00428771972656252
0.0181121826171875 -0.145370483398437 0.00135993957519532 0.0270347595214844
-0.00990295410156248 -0.187789916992187 -0.207565307617188 -0.074005126953125
-0.0910491943359375 -0.14410400390625 -0.34613037109375 -0.014312744140625
-0.111412048339844 -0.0520782470703125 -0.2740478515625 0.157623291015625
-0.080352783203125 0.0154037475585937 -0.0974884033203125 0.182952880859375
-0.0257644653320313 0.0406532287597656 0.0153656005859375 0.133522033691406
-0.00531387329101562 0.04632568359375 0.0252761840820313 0.0710372924804688
-0.01904296875 0.0568389892578125 -0.0158042907714844 0.0589027404785156
-0.00946426391601563 0.0628509521484375 -0.0572586059570313 0.112251281738281
-0.03533935546875 0.06005859375 -0.117599487304688 0.120216369628906
-0.0709228515625 0.0393829345703125 -0.1734619140625 0.0689239501953125
-0.0918350219726563 -0.0179595947265625 -0.198883056640625 -0.0184326171875
-0.0467529296875 -0.0845565795898438 -0.153274536132813 -0.142135620117188
0.0134124755859375 -0.0820541381835938 -0.0629501342773437 -0.135345458984375
0.0324325561523437 -0.0712509155273438 -0.10455322265625 -0.00418090820312502
0.0149688720703125 -0.161529541015625 -0.00362443923950195 0.00688171386718749
-0.029541015625 -0.204605102539062 -0.2169189453125 0.00495910644531246
-0.123977661132813 -0.163360595703125 -0.27911376953125 0.123245239257813
-0.14990234375 -0.0577392578125 -0.15625 0.231460571289062
-0.120628356933594 0.0245590209960938 -0.018402099609375 0.174728393554688
-0.0505752563476563 0.0639686584472656 0.049072265625 0.0971755981445313
-0.0161514282226563 0.0725173950195313 0.0308456420898437 0.0401992797851563
-0.0325469970703125 0.0827407836914063 -0.0110073089599609 0.0315418243408203
-0.0201644897460938 0.0909805297851563 -0.0497360229492187 0.0737152099609375
-0.053863525390625 0.0830230712890625 -0.104835510253906 0.0631332397460937
-0.102485656738281 0.0536117553710937 -0.162307739257812 0.000701904296874999
-0.129737854003906 -0.0204544067382813 -0.1690673828125 -0.086181640625
-0.0763092041015625 -0.115608215332031 -0.0861358642578125 -0.19476318359375
0.00363159179687501 -0.114952087402344 0.00340270996093752 -0.151779174804688
0.0334320068359375 -0.1024169921875 -0.076171875 -0.00385284423828124
0.016876220703125 -0.142745971679688 0.00168335437774658 -0.00133872032165528
-0.0290679931640625 -0.178009033203125 -0.175186157226563 0.0949554443359375
-0.123794555664063 -0.154037475585938 -0.139373779296875 0.218765258789063
-0.162582397460938 -0.0532073974609375 0.000915527343749999 0.24029541015625
-0.144607543945313 0.0358123779296875 0.0714035034179687 0.12725830078125
-0.0676956176757813 0.084136962890625 0.0837631225585938 0.0391845703125
-0.0235671997070312 0.090728759765625 0.0387039184570313 -0.00213241577148437
-0.0405044555664062 0.0955352783203125 -0.00309872627258301 -0.00173664093017578
-0.0280532836914062 0.101638793945313 -0.0406303405761719 0.0256118774414063
-0.0638351440429687 0.0877609252929688 -0.0853652954101563 -0.00916290283203123
-0.11737060546875 0.05523681640625 -0.129074096679687 -0.088897705078125
-0.151260375976563 -0.0227203369140625 -0.092987060546875 -0.16986083984375
-0.10504150390625 -0.134170532226563 0.037689208984375 -0.2293701171875
-0.02001953125 -0.142333984375 0.0950546264648438 -0.139678955078125
0.0239715576171875 -0.132118225097656 -0.0460548400878906 -0.00374221801757813
0.0221633911132813 -0.107894897460938 0.0238838195800781 -0.00116920471191407
-0.0117416381835937 -0.139457702636719 -0.0906829833984375 0.148681640625
-0.0999526977539062 -0.132713317871094 0.0107879638671875 0.227920532226563
-0.148788452148438 -0.044464111328125 0.130477905273438 0.178192138671875
-0.142669677734375 0.043365478515625 0.138763427734375 0.0497970581054687
-0.0710220336914062 0.093048095703125 0.111190795898438 -0.0320281982421875
-0.0264205932617187 0.0947723388671875 0.0470085144042969 -0.0506057739257812
-0.042694091796875 0.0931549072265625 0.00548934936523437 -0.0358390808105469
-0.0309066772460938 0.0944976806640625 -0.0321273803710938 -0.0235366821289062
-0.0621871948242188 0.0757675170898438 -0.0580902099609375 -0.0788040161132812
-0.111907958984375 0.044403076171875 -0.0632171630859375 -0.1697998046875
-0.15045166015625 -0.028533935546875 0.0335845947265625 -0.22332763671875
-0.119003295898437 -0.147018432617188 0.194580078125 -0.194854736328125
-0.040130615234375 -0.166519165039063 0.182235717773438 -0.0816497802734375
0.015350341796875 -0.152862548828125 -0.0226383209228516 -0.00834274291992189
0.0219917297363281 -0.0698471069335938 0.05718994140625 -0.00154495239257813
0.000839233398437497 -0.097625732421875 -0.00430297851562498 0.152725219726563
-0.0674362182617187 -0.099029541015625 0.11224365234375 0.180801391601563
-0.111968994140625 -0.03228759765625 0.2008056640625 0.093536376953125
-0.114334106445313 0.0404586791992187 0.175018310546875 -0.0255126953125
-0.0597305297851563 0.0832672119140625 0.127037048339844 -0.09716796875
-0.0234832763671875 0.0801010131835938 0.0530471801757812 -0.0952224731445313
-0.0371856689453125 0.074798583984375 0.0130691528320312 -0.0652427673339844
-0.0284652709960938 0.0723495483398438 -0.024658203125 -0.0647621154785156
-0.0494537353515625 0.0529708862304687 -0.024871826171875 -0.129646301269531
-0.0873565673828125 0.0280075073242188 0.021697998046875 -0.211029052734375
-0.124168395996094 -0.0360946655273438 0.17108154296875 -0.206008911132813
-0.10125732421875 -0.1483154296875 0.317626953125 -0.077911376953125
-0.0360107421875 -0.173171997070313 0.226806640625 0.00590515136718749
0.0141143798828125 -0.147598266601563 -0.00642013549804687 -0.0235977172851563
0.0113296508789062 -0.0321445465087891 0.0865249633789063 -0.006866455078125
-0.00119781494140625 -0.0515556335449219 0.0540008544921875 0.132057189941406
-0.0355987548828125 -0.0519523620605469 0.1595458984375 0.1292724609375
-0.0622138977050781 -0.017181396484375 0.223846435546875 0.0298614501953125
-0.0691413879394531 0.0266914367675781 0.188232421875 -0.0738983154296875
-0.039093017578125 0.0556259155273437 0.134262084960938 -0.140426635742188
-0.0176963806152344 0.0493049621582031 0.0559005737304688 -0.126998901367188
-0.0256729125976563 0.0444068908691406 0.017852783203125 -0.0858383178710938
-0.0213394165039063 0.0414047241210937 -0.0184555053710938 -0.093048095703125
-0.0295124053955078 0.0286865234375 0.00402832031249999 -0.155288696289063
-0.051666259765625 0.0138702392578125 0.0947113037109375 -0.210525512695312
-0.0750045776367188 -0.0333175659179688 0.264663696289063 -0.1409912109375
-0.0582122802734375 -0.112075805664063 0.360504150390625 0.058624267578125
-0.014678955078125 -0.131210327148438 0.2283935546875 0.0779266357421875
0.0154037475585937 -0.101417541503906 0.005828857421875 -0.0460548400878906
0.0185699462890625 0.00276756286621094 0.00975799560546875 0.047637939453125
0.0126848220825195 0.00906848907470703 -0.184524536132813 -0.115966796875
0.0116539001464844 0.0189704895019531 -0.3555908203125 -0.11383056640625
0.00100612640380859 0.00736904144287109 -0.332489013671875 0.090667724609375
0.0137395858764648 0.00450515747070313 -0.139801025390625 0.186477661132813
0.0207614898681641 -0.00772285461425781 0.000808715820312497 0.156784057617188
0.0145711898803711 -0.0145387649536133 0.0262985229492188 0.0905685424804688
0.00962257385253906 -0.0181217193603516 -0.01068115234375 0.0857772827148438
0.00856781005859375 -0.0256175994873047 -0.054443359375 0.145233154296875
0.0104007720947266 -0.0164699554443359 -0.126296997070312 0.166824340820313
0.015411376953125 -0.009002685546875 -0.175430297851562 0.119583129882813
0.00903606414794922 -0.00440406799316406 -0.208633422851563 0.0202484130859375
0.00669765472412109 0.0111579895019531 -0.18511962890625 -0.104080200195313
-0.0050201416015625 0.00805187225341797 -0.100494384765625 -0.118339538574219
-0.00188732147216797 -0.00777196884155273 -0.122169494628906 -0.00337982177734375
0.0162811279296875 -0.0884246826171875 0.00873565673828125 0.0463104248046875
0.00252532958984374 -0.111038208007812 -0.189422607421875 -0.109176635742187
-0.0455780029296875 -0.0766983032226563 -0.360137939453125 -0.100189208984375
-0.060577392578125 -0.024566650390625 -0.32562255859375 0.10150146484375
-0.0335731506347656 0.0120525360107422 -0.136611938476562 0.183517456054688
-8.10623168945302E-05 0.0165815353393555 0.0016326904296875 0.153060913085938
0.00623798370361328 0.0162134170532227 0.0270004272460938 0.0877456665039063
-0.00288772583007813 0.0225334167480469 -0.0118331909179688 0.0798187255859375
0.00183868408203125 0.0224494934082031 -0.0524139404296875 0.141937255859375
-0.0114498138427734 0.0267047882080078 -0.119140625 0.16192626953125
-0.0293178558349609 0.0191650390625 -0.173568725585938 0.115280151367187
-0.045989990234375 -0.00963211059570312 -0.207183837890625 0.0241241455078125
-0.0221633911132813 -0.0402641296386719 -0.183929443359375 -0.103073120117187
0.00635528564453125 -0.0420150756835938 -0.0994949340820313 -0.117599487304688
0.0170364379882813 -0.0430755615234375 -0.123367309570313 0.00128936767578123
0.0114593505859375 -0.15118408203125 0.00337982177734375 0.0255260467529297
-0.0194091796875 -0.192550659179688 -0.212783813476563 -0.0691680908203125
-0.100540161132813 -0.14276123046875 -0.352294921875 -0.00094604492187504
-0.116737365722656 -0.0459823608398438 -0.271453857421875 0.171295166015625
-0.0802536010742188 0.0204696655273438 -0.0920257568359375 0.190536499023438
-0.024017333984375 0.0413742065429688 0.0208663940429688 0.136360168457031
-0.00389480590820313 0.0467681884765625 0.0287246704101562 0.0710220336914063
-0.0162887573242188 0.0599746704101562 -0.0124130249023438 0.0618057250976563
-0.00696182250976562 0.0647659301757813 -0.049774169921875 0.119102478027344
-0.0327568054199219 0.0641250610351563 -0.111038208007812 0.128883361816406
-0.0706863403320312 0.0445632934570313 -0.17340087890625 0.07830810546875
-0.09698486328125 -0.0124359130859375 -0.2015380859375 -0.00914001464843752
-0.0526351928710938 -0.0843734741210938 -0.160324096679688 -0.137054443359375
0.010345458984375 -0.086456298828125 -0.0688323974609375 -0.135047912597656
0.0292282104492188 -0.0766143798828125 -0.106475830078125 0.001129150390625
0.00765991210937501 -0.16748046875 -0.00290918350219727 0.00456714630126952
-0.04119873046875 -0.209365844726563 -0.219451904296875 0.01202392578125
-0.1358642578125 -0.161163330078125 -0.279800415039063 0.1370849609375
-0.15576171875 -0.0503082275390625 -0.148818969726563 0.241790771484375
-0.120681762695312 0.0322265625 -0.0123138427734375 0.179183959960938
-0.0484237670898438 0.0662689208984375 0.0524673461914063 0.0977706909179688
-0.0137863159179688 0.07440185546875 0.032928466796875 0.0396766662597656
-0.0279312133789063 0.0868606567382813 -0.00956535339355469 0.0331687927246094
-0.01568603515625 0.094085693359375 -0.0446395874023437 0.0784683227539063
-0.0497894287109375 0.0877838134765625 -0.100883483886719 0.0692977905273438
-0.102096557617188 0.06036376953125 -0.165115356445313 0.00804138183593751
-0.136253356933594 -0.0135421752929687 -0.173965454101563 -0.0786895751953125
-0.0851364135742188 -0.114418029785156 -0.094635009765625 -0.192474365234375
-0.00140380859375001 -0.12066650390625 -0.00265502929687499 -0.153976440429687
0.028656005859375 -0.108749389648438 -0.0779495239257813 0.000823974609375009
0.010498046875 -0.147872924804688 0.00182247161865234 -0.00377964973449708
-0.0396270751953125 -0.182327270507813 -0.1737060546875 0.102645874023437
-0.136199951171875 -0.151992797851563 -0.133590698242187 0.228240966796875
-0.168899536132813 -0.044921875 0.0108184814453125 0.244705200195313
-0.14459228515625 0.045318603515625 0.076934814453125 0.126953125
-0.0649032592773437 0.0881805419921875 0.0850067138671875 0.0366287231445313
-0.02001953125 0.0933151245117188 0.0384559631347656 -0.00429916381835937
-0.03570556640625 0.100509643554688 -0.00407195091247559 -0.000898838043212884
-0.0225601196289063 0.105491638183594 -0.0385055541992188 0.0285377502441406
-0.0592727661132813 0.0925369262695312 -0.085113525390625 -0.00536346435546873
-0.116928100585938 0.0624160766601562 -0.13519287109375 -0.0841064453125
-0.157333374023438 -0.014617919921875 -0.0999603271484375 -0.166015625
-0.115234375 -0.131950378417969 0.029449462890625 -0.232406616210938
-0.026702880859375 -0.146942138671875 0.0908966064453125 -0.144424438476562
0.0174026489257813 -0.138534545898437 -0.0473442077636719 0.000228881835937488
0.0172042846679687 -0.112205505371094 0.0242061614990234 -0.00447463989257813
-0.0205230712890625 -0.14337158203125 -0.08636474609375 0.153732299804688
-0.110801696777344 -0.131240844726563 0.018157958984375 0.23150634765625
-0.154525756835938 -0.0368194580078125 0.1397705078125 0.176101684570313
-0.142105102539063 0.052642822265625 0.142532348632813 0.0449371337890625
-0.0677337646484375 0.0976638793945313 0.109153747558594 -0.037689208984375
-0.0227203369140625 0.0969161987304688 0.0437583923339844 -0.0541496276855469
-0.0377426147460937 0.0979690551757813 0.00254058837890624 -0.0365676879882812
-0.0260467529296875 0.0981597900390625 -0.032928466796875 -0.0222396850585937
-0.058807373046875 0.0797653198242188 -0.0617523193359375 -0.07757568359375
-0.111381530761719 0.050323486328125 -0.0725250244140625 -0.168289184570312
-0.156524658203125 -0.0207061767578125 0.025726318359375 -0.225357055664063
-0.12933349609375 -0.144180297851562 0.189804077148437 -0.20355224609375
-0.04791259765625 -0.170089721679688 0.180740356445313 -0.0883636474609375
0.0077362060546875 -0.159210205078125 -0.0240650177001953 -0.00534820556640625
0.01861572265625 -0.0729217529296875 0.0574531555175781 -0.00576400756835938
-0.005828857421875 -0.101226806640625 0.0012969970703125 0.1541748046875
-0.0762939453125 -0.0982437133789063 0.118988037109375 0.179214477539063
-0.117095947265625 -0.026214599609375 0.207168579101563 0.0870208740234375
-0.113685607910156 0.0483245849609375 0.176177978515625 -0.033447265625
-0.0568466186523437 0.0872726440429688 0.122962951660156 -0.105972290039063
-0.021148681640625 0.0820693969726563 0.047698974609375 -0.100471496582031
-0.0337905883789063 0.078948974609375 0.00809478759765625 -0.0680732727050781
-0.0247726440429688 0.075531005859375 -0.0287513732910156 -0.064605712890625
-0.0469207763671875 0.0562973022460938 -0.0311508178710937 -0.130210876464844
-0.0871734619140625 0.0322494506835938 0.01129150390625 -0.21417236328125
-0.129386901855469 -0.0303268432617188 0.164794921875 -0.214202880859375
-0.111343383789063 -0.1453857421875 0.318603515625 -0.0894775390625
-0.0438232421875 -0.176071166992188 0.229034423828125 -0.00122070312500001
0.00686645507812502 -0.153900146484375 -0.008575439453125 -0.0221366882324219
0.00931358337402344 -0.033599853515625 0.0867156982421875 -0.0123672485351563
-0.00506973266601563 -0.0533714294433594 0.05908203125 0.130500793457031
-0.0400161743164062 -0.0515708923339844 0.16558837890625 0.124343872070312
-0.06488037109375 -0.0135917663574219 0.227294921875 0.02093505859375
-0.0679397583007813 0.0318450927734375 0.187850952148438 -0.0837860107421875
-0.0367050170898438 0.0584335327148438 0.127517700195313 -0.151214599609375
-0.0160179138183594 0.0507164001464844 0.048828125 -0.13330078125
-0.02410888671875 0.0468864440917969 0.01141357421875 -0.0890045166015625
-0.0192680358886719 0.0436134338378906 -0.0243682861328125 -0.0931930541992187
-0.0283489227294922 0.0302600860595703 -0.003997802734375 -0.157760620117188
-0.0512809753417969 0.0163078308105469 0.0852203369140625 -0.217178344726563
-0.0792694091796875 -0.0299758911132812 0.261581420898438 -0.152374267578125
-0.0648269653320313 -0.110816955566406 0.368408203125 0.04742431640625
-0.0204696655273437 -0.133193969726563 0.233001708984375 0.0735015869140625
0.0107421875 -0.106132507324219 0.00287628173828125 -0.0455284118652344
0.0176811218261719 0.000703811645507813 0.0124320983886719 0.0448875427246094
0.0126848220825195 0.00824642181396485 -0.186660766601563 -0.107513427734375
0.0133342742919922 0.0177326202392578 -0.355133056640625 -0.0955810546875
0.00137996673583984 0.00908470153808594 -0.32196044921875 0.104644775390625
0.0138769149780273 0.00362300872802734 -0.128738403320313 0.190994262695313
0.0199222564697266 -0.0101661682128906 0.00857543945312501 0.155685424804688
0.0129308700561523 -0.0154104232788086 0.0306625366210938 0.0882415771484375
0.00782012939453125 -0.0184192657470703 -0.003814697265625 0.0849227905273438
0.00590705871582031 -0.0255508422851563 -0.042083740234375 0.14776611328125
0.0100831985473633 -0.0164375305175781 -0.112014770507813 0.173858642578125
0.0152349472045898 -0.00915431976318359 -0.166534423828125 0.1278076171875
0.00835943222045898 -0.00489187240600586 -0.204620361328125 0.0308074951171875
0.00785923004150391 0.0107994079589844 -0.1861572265625 -0.092742919921875
-0.00388717651367187 0.00837421417236328 -0.103431701660156 -0.112228393554688
-0.00281715393066406 -0.0086822509765625 -0.120903015136719 0.003204345703125
0.0103530883789063 -0.089874267578125 0.0116806030273438 0.0432929992675781
-0.00363922119140626 -0.110435485839844 -0.190826416015625 -0.10064697265625
-0.0489120483398438 -0.0733108520507813 -0.359130859375 -0.0813293457031251
-0.0604705810546875 -0.0195083618164062 -0.31512451171875 0.11456298828125
-0.0319042205810547 0.0139694213867187 -0.1256103515625 0.188522338867188
0.00122547149658203 0.0151758193969727 0.01007080078125 0.152175903320313
0.00666332244873047 0.0155172348022461 0.0311813354492187 0.0855178833007813
-0.00162315368652344 0.023284912109375 -0.00581359863281249 0.0799026489257813
0.00229263305664063 0.0223503112792969 -0.0400543212890625 0.14385986328125
-0.00902557373046875 0.0273361206054688 -0.105331420898438 0.167739868164063
-0.028167724609375 0.0217456817626953 -0.16510009765625 0.12335205078125
-0.0473442077636719 -0.00597381591796876 -0.201828002929688 0.03509521484375
-0.024444580078125 -0.0383224487304687 -0.184616088867188 -0.09161376953125
0.00411605834960938 -0.0430221557617188 -0.102836608886719 -0.111015319824219
0.01361083984375 -0.0445594787597656 -0.1217041015625 0.00830841064453127
0.00250244140625 -0.151779174804688 0.00518608093261718 0.0221424102783203
-0.0308685302734375 -0.190109252929688 -0.211380004882813 -0.059783935546875
-0.107948303222656 -0.135116577148438 -0.346649169921875 0.0162048339843749
-0.11712646484375 -0.0373306274414063 -0.25885009765625 0.181320190429688
-0.0774383544921875 0.0254974365234375 -0.08172607421875 0.193267822265625
-0.0209884643554688 0.040802001953125 0.0275421142578125 0.134010314941406
-0.00138092041015625 0.0462150573730469 0.0322456359863281 0.0690574645996094
-0.0123291015625 0.0607452392578125 -0.00743484497070312 0.0624427795410156
-0.00302886962890624 0.0651626586914063 -0.0387344360351562 0.121261596679687
-0.0278282165527344 0.0655326843261719 -0.0995941162109375 0.133674621582031
-0.0678787231445313 0.0493659973144531 -0.166351318359375 0.086639404296875
-0.0982742309570313 -0.00501251220703127 -0.197601318359375 0.00279235839843747
-0.0581741333007813 -0.0804519653320312 -0.162811279296875 -0.125595092773438
0.00499725341796875 -0.0884475708007812 -0.0737533569335938 -0.129791259765625
0.0237274169921875 -0.0789718627929688 -0.105239868164063 0.0083770751953125
-0.00152587890624999 -0.1680908203125 -0.00242304801940918 0.00196051597595214
-0.053680419921875 -0.205947875976563 -0.214767456054688 0.0210113525390625
-0.14447021484375 -0.151687622070312 -0.268646240234375 0.14874267578125
-0.156234741210938 -0.0398712158203125 -0.134536743164063 0.244979858398438
-0.11627197265625 0.0393218994140625 -0.00347900390625002 0.178024291992188
-0.0435562133789062 0.0674057006835938 0.0564498901367188 0.094482421875
-0.00964355468749999 0.0738906860351562 0.0345535278320313 0.0376853942871094
-0.021942138671875 0.08868408203125 -0.00664138793945313 0.0342178344726563
-0.00986480712890626 0.0943374633789063 -0.0366058349609375 0.0803604125976562
-0.0432662963867187 0.0897064208984375 -0.0929641723632813 0.07366943359375
-0.0978012084960937 0.0672683715820313 -0.162673950195312 0.0172119140625
-0.137283325195313 -0.00390624999999999 -0.172454833984375 -0.067352294921875
-0.09185791015625 -0.108840942382813 -0.100830078125 -0.18359375
-0.00808715820312501 -0.121604919433594 -0.0101776123046875 -0.151031494140625
0.0210494995117188 -0.111038208007813 -0.0767364501953125 0.00719451904296873
0.00177001953125001 -0.14898681640625 0.00152778625488281 -0.0066518783569336
-0.05108642578125 -0.17919921875 -0.1656494140625 0.108291625976562
-0.145172119140625 -0.141845703125 -0.12188720703125 0.23199462890625
-0.169418334960938 -0.033966064453125 0.0224151611328125 0.240493774414063
-0.13946533203125 0.053924560546875 0.0812454223632812 0.121696472167969
-0.0587692260742188 0.0902633666992188 0.0847549438476563 0.0319900512695313
-0.0149002075195313 0.09283447265625 0.0368118286132813 -0.00642395019531249
-0.028656005859375 0.102508544921875 -0.00412869453430176 -0.000211238861083978
-0.0152511596679687 0.105606079101562 -0.0340137481689453 0.0307044982910156
-0.052703857421875 0.0950927734375 -0.0823898315429688 -0.00139617919921873
-0.11212158203125 0.069244384765625 -0.137863159179688 -0.0748291015625
-0.158584594726563 -0.00395202636718754 -0.104415893554688 -0.15753173828125
-0.122085571289062 -0.12353515625 0.0189056396484375 -0.228240966796875
-0.034088134765625 -0.146560668945312 0.08154296875 -0.145706176757813
0.00838470458984375 -0.140243530273438 -0.0469589233398437 0.00504302978515625
0.010284423828125 -0.11346435546875 0.0229835510253906 -0.00782966613769532
-0.0306243896484375 -0.141983032226563 -0.077789306640625 0.1544189453125
-0.119476318359375 -0.123016357421875 0.027557373046875 0.228469848632813
-0.154891967773438 -0.026397705078125 0.146087646484375 0.166854858398438
-0.136787414550781 0.0612716674804687 0.142303466796875 0.0376434326171875
-0.0611190795898438 0.10028076171875 0.103790283203125 -0.0430831909179687
-0.0173873901367188 0.096832275390625 0.0384902954101563 -0.0563201904296875
-0.0308837890625 0.100250244140625 -0.0003204345703125 -0.0357513427734375
-0.0189285278320312 0.0982437133789063 -0.0327434539794922 -0.019439697265625
-0.0523529052734375 0.0816802978515625 -0.0635299682617187 -0.0736923217773438
-0.10736083984375 0.0567398071289062 -0.0806121826171875 -0.160888671875
-0.156890869140625 -0.010528564453125 0.0162811279296875 -0.220703125
-0.136642456054688 -0.135025024414063 0.17803955078125 -0.207122802734375
-0.056488037109375 -0.167617797851563 0.172760009765625 -0.0939483642578125
-0.00253295898437499 -0.159637451171875 -0.0241832733154297 -0.00141525268554688
0.0135040283203125 -0.0745468139648438 0.055816650390625 -0.0111923217773438
-0.0134048461914063 -0.100845336914062 0.0076904296875 0.15093994140625
-0.0832748413085938 -0.09228515625 0.123886108398438 0.171585083007813
-0.1175537109375 -0.0179595947265625 0.207672119140625 0.0758209228515625
-0.108551025390625 0.0553436279296875 0.171401977539062 -0.04180908203125
-0.0509185791015625 0.0894317626953125 0.112983703613281 -0.112136840820313
-0.0165557861328125 0.08221435546875 0.0393753051757813 -0.102706909179687
-0.0282516479492188 0.0803680419921875 0.00264739990234375 -0.0671653747558594
-0.0191268920898437 0.0759963989257813 -0.0314674377441406 -0.0612335205078125
-0.0424995422363281 0.0574722290039062 -0.0381546020507812 -0.12640380859375
-0.0840911865234375 0.0365447998046875 -0.00086975097656252 -0.209732055664063
-0.130210876464844 -0.0212936401367188 0.152313232421875 -0.216461181640625
-0.118118286132813 -0.137077331542969 0.309539794921875 -0.101348876953125
-0.0524749755859375 -0.173187255859375 0.224380493164063 -0.00929260253906251
-0.00279235839843751 -0.15411376953125 -0.0106525421142578 -0.018341064453125
0.00693130493164062 -0.0343151092529297 0.084014892578125 -0.018157958984375
-0.00912857055664062 -0.0525932312011719 0.0633621215820313 0.125083923339844
-0.0435523986816406 -0.0487060546875 0.166854858398438 0.114898681640625
-0.0649795532226563 -0.00928497314453125 0.224411010742188 0.00946044921875
-0.0643424987792969 0.0362663269042969 0.180816650390625 -0.0935516357421875
-0.0326042175292969 0.0599899291992188 0.115203857421875 -0.157882690429688
-0.0140838623046875 0.0505790710449219 0.0379562377929688 -0.135536193847656
-0.0207290649414063 0.0477561950683594 0.00410461425781249 -0.088592529296875
-0.0159339904785156 0.0442352294921875 -0.030059814453125 -0.0893707275390625
-0.0256404876708984 0.0309181213378906 -0.0131683349609375 -0.154525756835937
-0.0492706298828125 0.0186614990234375 0.0705108642578125 -0.217193603515625
-0.0804672241210938 -0.023956298828125 0.248825073242188 -0.160919189453125
-0.0694961547851563 -0.1053466796875 0.364837646484375 0.031768798828125
-0.0264968872070312 -0.131278991699219 0.231964111328125 0.0645599365234375
0.00463104248046874 -0.107086181640625 -0.000823974609375003 -0.0424041748046875
0.016148567199707 -0.00060272216796875 0.0133781433105469 0.0416259765625
0.012232780456543 0.00746631622314453 -0.182632446289063 -0.102615356445313
0.0137367248535156 0.0161962509155273 -0.34686279296875 -0.0866394042968749
0.00211715698242188 0.0099020004272461 -0.309478759765625 0.1085205078125
0.0132627487182617 0.00315761566162109 -0.119857788085938 0.189163208007812
0.0189285278320313 -0.0116825103759766 0.0132293701171875 0.151443481445312
0.012298583984375 -0.0152215957641602 0.0322952270507812 0.0855865478515625
0.00637245178222656 -0.0179538726806641 0.000366210937499998 0.08270263671875
0.0037689208984375 -0.0247974395751953 -0.032806396484375 0.14569091796875
0.00996589660644531 -0.0160589218139648 -0.100357055664062 0.173675537109375
0.0148334503173828 -0.00899887084960938 -0.158950805664063 0.129302978515625
0.00741386413574219 -0.0044550895690918 -0.197998046875 0.034942626953125
0.00863170623779297 0.0105094909667969 -0.180908203125 -0.085968017578125
-0.00329923629760742 0.00810337066650391 -0.101730346679687 -0.107208251953125
-0.00354957580566406 -0.00878477096557617 -0.117828369140625 0.00685119628906249
0.00634765625000001 -0.08880615234375 0.0125579833984375 0.0394058227539062
-0.00762176513671875 -0.107460021972656 -0.185699462890625 -0.09613037109375
-0.0497093200683594 -0.0702781677246094 -0.34954833984375 -0.0721435546875
-0.058807373046875 -0.0164337158203125 -0.303070068359375 0.117828369140625
-0.0306644439697266 0.0154991149902344 -0.117599487304688 0.1864013671875
0.00157260894775391 0.0134677886962891 0.0142059326171875 0.148422241210938
0.00669574737548828 0.0151472091674805 0.032470703125 0.0829315185546875
-0.000761032104492185 0.0231685638427734 -0.00170135498046875 0.0782470703125
0.00260162353515625 0.0221309661865234 -0.0307464599609375 0.1422119140625
-0.00726509094238281 0.0269203186035156 -0.094268798828125 0.167205810546875
-0.0266704559326172 0.0230255126953125 -0.157089233398438 0.1248779296875
-0.047515869140625 -0.00357818603515624 -0.19427490234375 0.03924560546875
-0.0249137878417969 -0.0365982055664063 -0.179092407226563 -0.0844268798828125
0.00255584716796875 -0.0429306030273438 -0.101455688476562 -0.105575561523438
0.0112457275390625 -0.0446014404296875 -0.117912292480469 0.0126113891601563
-0.00274658203125001 -0.149337768554688 0.00584030151367187 0.0186424255371094
-0.036529541015625 -0.184616088867188 -0.205093383789063 -0.0563201904296876
-0.109489440917969 -0.12890625 -0.335693359375 0.0219116210937501
-0.114349365234375 -0.0323104858398437 -0.246307373046875 0.181015014648437
-0.0742034912109375 0.027618408203125 -0.0748138427734375 0.189773559570313
-0.0189208984375 0.0391693115234375 0.0304489135742188 0.129997253417969
-0.000297546386718753 0.0446395874023437 0.03289794921875 0.06640625
-0.00930404663085938 0.0605850219726563 -0.004119873046875 0.0617141723632813
-0.00061798095703125 0.0639533996582031 -0.0301742553710937 0.118919372558594
-0.0236701965332031 0.0646743774414063 -0.0899887084960938 0.132553100585938
-0.0643997192382813 0.0519256591796875 -0.159255981445313 0.08966064453125
-0.0977630615234375 -0.000305175781249984 -0.189193725585937 0.00765991210937497
-0.0599594116210938 -0.07666015625 -0.159088134765625 -0.117599487304687
0.00154876708984376 -0.0875473022460938 -0.0745010375976563 -0.124099731445313
0.020050048828125 -0.078948974609375 -0.102195739746094 0.0125045776367188
-0.00749206542968749 -0.1649169921875 -0.00240230560302734 -0.00122141838073732
-0.0600738525390625 -0.199371337890625 -0.206008911132812 0.023101806640625
-0.146591186523438 -0.143966674804688 -0.256988525390625 0.149444580078125
-0.15301513671875 -0.0337982177734375 -0.125045776367188 0.239822387695312
-0.111335754394531 0.0424041748046875 0.000717163085937489 0.173248291015625
-0.039794921875 0.0653419494628906 0.0568695068359375 0.0908889770507813
-0.00711822509765625 0.0722198486328125 0.0334968566894531 0.0358238220214844
-0.01763916015625 0.0882034301757813 -0.00515174865722657 0.0340843200683594
-0.00572204589843749 0.092803955078125 -0.0295639038085937 0.0793914794921875
-0.0379257202148438 0.0885696411132812 -0.08599853515625 0.0736236572265625
-0.0933380126953125 0.0698471069335938 -0.157241821289063 0.0219879150390625
-0.135643005371094 0.00197601318359372 -0.166015625 -0.0611572265625
-0.09417724609375 -0.103523254394531 -0.099700927734375 -0.174514770507813
-0.0127410888671875 -0.120750427246094 -0.01348876953125 -0.145370483398438
0.0164566040039063 -0.109931945800781 -0.0738906860351563 0.01153564453125
-0.00375366210937501 -0.146530151367188 0.000621795654296874 -0.0091848373413086
-0.0574493408203125 -0.174331665039063 -0.157516479492188 0.107192993164063
-0.147735595703125 -0.134124755859375 -0.113082885742187 0.228164672851563
-0.166183471679687 -0.0275726318359375 0.0273590087890625 0.232391357421875
-0.133567810058594 0.0577011108398437 0.081085205078125 0.116477966308594
-0.0539703369140625 0.088531494140625 0.0821075439453125 0.0291900634765625
-0.0117874145507812 0.090667724609375 0.0338134765625 -0.00720977783203125
-0.0231781005859375 0.101898193359375 -0.00421357154846192 0.000397443771362311
-0.0103836059570313 0.103553771972656 -0.0294170379638672 0.0306911468505859
-0.0470123291015625 0.0934371948242188 -0.0787582397460938 0.000213623046874992
-0.107048034667969 0.07196044921875 -0.135307312011719 -0.0681533813476563
-0.15570068359375 0.00228881835937498 -0.1014404296875 -0.149246215820313
-0.123527526855469 -0.117401123046875 0.0148773193359375 -0.220840454101563
-0.0384521484375 -0.14422607421875 0.0756683349609375 -0.141860961914063
0.00347900390624999 -0.137466430664063 -0.0449066162109375 0.00917816162109373
0.00624847412109376 -0.112396240234375 0.0213546752929688 -0.010772705078125
-0.0359878540039062 -0.138092041015625 -0.0726470947265625 0.150543212890625
-0.122077941894531 -0.115806579589844 0.0308380126953125 0.221832275390625
-0.151824951171875 -0.020355224609375 0.145309448242187 0.158645629882813
-0.130546569824219 0.0647735595703125 0.138282775878906 0.0331954956054688
-0.055877685546875 0.0990753173828125 0.0982818603515625 -0.04473876953125
-0.0139007568359375 0.0950088500976563 0.0339012145996094 -0.0561676025390625
-0.02569580078125 0.0995330810546875 -0.00261116027832031 -0.0339813232421875
-0.0136260986328125 0.0961761474609375 -0.0302371978759766 -0.0181255340576172
-0.0475997924804687 0.0804595947265625 -0.0630035400390625 -0.0705413818359375
-0.102340698242188 0.0585250854492188 -0.0827484130859375 -0.152557373046875
-0.1536865234375 -0.00503540039062498 0.013092041015625 -0.212753295898438
-0.137039184570313 -0.1275634765625 0.169281005859375 -0.2032470703125
-0.05975341796875 -0.163604736328125 0.165481567382813 -0.092193603515625
-0.0074920654296875 -0.15618896484375 -0.0236759185791016 0.00253105163574218
0.0108642578125 -0.073974609375 0.0530281066894531 -0.0144615173339844
-0.0179519653320313 -0.0981216430664063 0.0102691650390625 0.145614624023438
-0.0853347778320312 -0.0868072509765625 0.123336791992187 0.165298461914063
-0.1151123046875 -0.0138702392578125 0.203033447265625 0.0692138671875
-0.103515625 0.0579071044921875 0.165023803710938 -0.0453338623046875
-0.0462799072265625 0.0889129638671875 0.105018615722656 -0.112693786621094
-0.0140304565429688 0.0807647705078125 0.0328140258789063 -0.101570129394531
-0.0242385864257812 0.0796432495117187 -0.000904083251953125 -0.0645828247070313
-0.0150222778320312 0.0744247436523438 -0.0312767028808594 -0.0576553344726562
-0.0387382507324219 0.0564346313476563 -0.0399703979492187 -0.1214599609375
-0.0799179077148437 0.0383758544921875 -0.00741577148437499 -0.201629638671875
-0.127510070800781 -0.016265869140625 0.144561767578125 -0.211685180664063
-0.118270874023437 -0.129867553710938 0.2994384765625 -0.102508544921875
-0.0556488037109375 -0.16876220703125 0.216629028320313 -0.010498046875
-0.00782775878906249 -0.150543212890625 -0.0109996795654297 -0.0144805908203125
0.00574684143066407 -0.0342292785644531 0.0802459716796875 -0.0218276977539063
-0.01165771484375 -0.0515289306640625 0.063018798828125 0.119216918945312
-0.0446052551269531 -0.0457725524902344 0.163055419921875 0.108718872070313
-0.0639610290527344 -0.00658416748046874 0.21759033203125 0.004150390625
-0.0610733032226563 0.0373077392578125 0.17340087890625 -0.0959625244140625
-0.0294418334960937 0.0591011047363281 0.105865478515625 -0.15826416015625
-0.0124130249023438 0.0499763488769531 0.0304031372070313 -0.134101867675781
-0.0187759399414063 0.0470809936523438 -0.000358581542968757 -0.0857772827148438
-0.0132789611816406 0.0433006286621094 -0.0320358276367188 -0.0849456787109375
-0.0234699249267578 0.0303325653076172 -0.0174713134765625 -0.148910522460937
-0.0470199584960938 0.0194320678710937 0.06134033203125 -0.210906982421875
-0.0794448852539063 -0.020355224609375 0.237579345703125 -0.159759521484375
-0.0699920654296875 -0.0997695922851563 0.35455322265625 0.026031494140625
-0.0284957885742188 -0.127647399902344 0.22515869140625 0.0616912841796875
0.000671386718750011 -0.105239868164063 -0.00254058837890625 -0.0381011962890625
0.0148172378540039 -0.000844001770019531 0.0131912231445313 0.0398788452148438
0.0118598937988281 0.00751972198486328 -0.178665161132813 -0.105209350585938
0.0135555267333984 0.0152597427368164 -0.342620849609375 -0.089385986328125
0.00254249572753906 0.0104179382324219 -0.305999755859375 0.105987548828125
0.0130844116210938 0.00373554229736328 -0.118179321289063 0.1873779296875
0.0180130004882813 -0.0124397277832031 0.0141448974609375 0.150161743164062
0.0115203857421875 -0.0152616500854492 0.0323257446289063 0.0857467651367187
0.00613784790039063 -0.0173273086547852 0.0018463134765625 0.0817337036132813
0.00308990478515625 -0.0239658355712891 -0.0282745361328125 0.144744873046875
0.0107574462890625 -0.0160427093505859 -0.0957183837890625 0.173843383789062
0.015141487121582 -0.00835037231445313 -0.157485961914063 0.12933349609375
0.00628376007080078 -0.00367021560668945 -0.196319580078125 0.0350189208984375
0.00912189483642578 0.0101251602172852 -0.176605224609375 -0.0859527587890625
-0.00265884399414063 0.00831842422485352 -0.0995407104492188 -0.106826782226563
-0.00419044494628906 -0.00930595397949219 -0.116844177246094 0.00816345214843749
0.00511169433593749 -0.0883102416992187 0.0123519897460938 0.0370368957519531
-0.00849151611328126 -0.106521606445312 -0.1815185546875 -0.0991668701171875
-0.0499954223632813 -0.0697402954101562 -0.3447265625 -0.074432373046875
-0.0578765869140625 -0.0157699584960938 -0.299407958984375 0.1153564453125
-0.0295047760009766 0.0161819458007812 -0.1158447265625 0.185089111328125
0.00138759613037109 0.0120849609375 0.014739990234375 0.146804809570313
0.00660133361816406 0.0143547058105469 0.0330276489257813 0.0828628540039062
-0.000280380249023439 0.0240440368652344 0.000244140624999997 0.0775833129882813
0.00230979919433594 0.0228500366210938 -0.02569580078125 0.140975952148438
-0.00607109069824219 0.0267715454101563 -0.0893707275390625 0.16705322265625
-0.0258903503417969 0.0242900848388672 -0.155731201171875 0.125717163085938
-0.0486488342285156 -0.00166320800781251 -0.19140625 0.0385894775390625
-0.0253448486328125 -0.0365638732910156 -0.175033569335938 -0.084381103515625
0.00219345092773438 -0.0435256958007813 -0.099639892578125 -0.105216979980469
0.010528564453125 -0.0451011657714844 -0.117362976074219 0.0142593383789062
-0.0042572021484375 -0.148849487304688 0.00550556182861328 0.0161104202270508
-0.038238525390625 -0.183029174804688 -0.200851440429688 -0.0589141845703125
-0.109954833984375 -0.127059936523438 -0.332061767578125 0.01947021484375
-0.113456726074219 -0.031097412109375 -0.244171142578125 0.177871704101563
-0.0727310180664063 0.0292129516601563 -0.07403564453125 0.188217163085937
-0.0186882019042969 0.0377006530761719 0.0306549072265625 0.12884521484375
-0.000179290771484378 0.0442619323730469 0.0326652526855469 0.0665550231933594
-0.00819015502929688 0.0611495971679688 -0.00241470336914063 0.0610923767089844
0.000194549560546869 0.0642852783203125 -0.0251541137695313 0.118171691894531
-0.0220069885253906 0.0642013549804688 -0.0858688354492188 0.132087707519531
-0.0634613037109375 0.0535163879394531 -0.157562255859375 0.0904388427734375
-0.09844970703125 0.00215911865234375 -0.185333251953125 0.00703430175781247
-0.0612335205078125 -0.0761947631835937 -0.154098510742188 -0.117034912109375
0.000259399414062492 -0.0888519287109375 -0.0728378295898438 -0.122528076171875
0.0187835693359375 -0.0789718627929688 -0.100845336914063 0.0148773193359375
-0.009307861328125 -0.164703369140625 -0.00289821624755859 -0.00363516807556153
-0.0617828369140625 -0.197845458984375 -0.202804565429688 0.0191497802734375
-0.1473388671875 -0.141769409179688 -0.254837036132813 0.146209716796875
-0.152313232421875 -0.03240966796875 -0.124221801757813 0.236175537109375
-0.109588623046875 0.0443038940429688 -0.000213623046874998 0.17144775390625
-0.038970947265625 0.06378173828125 0.0561904907226563 0.089935302734375
-0.0066680908203125 0.07122802734375 0.0326194763183594 0.0359954833984375
-0.0153427124023438 0.088836669921875 -0.00395584106445312 0.0343608856201172
-0.00403594970703125 0.0921707153320313 -0.025177001953125 0.0784530639648438
-0.0360641479492188 0.0873260498046875 -0.082855224609375 0.0724029541015625
-0.0921707153320313 0.071441650390625 -0.15545654296875 0.0229644775390625
-0.136466979980469 0.00476837158203122 -0.162094116210938 -0.0607452392578125
-0.095062255859375 -0.102645874023438 -0.0961456298828125 -0.17327880859375
-0.01434326171875 -0.121971130371094 -0.0133819580078125 -0.14300537109375
0.0157318115234375 -0.110427856445313 -0.0726394653320313 0.0130844116210937
-0.00486755371093748 -0.146697998046875 -2.95639038085945E-05 -0.0113277435302734
-0.0596466064453125 -0.172927856445313 -0.15496826171875 0.103439331054687
-0.14874267578125 -0.1322021484375 -0.112625122070313 0.225540161132813
-0.165252685546875 -0.0268096923828125 0.0259246826171875 0.229156494140625
-0.131576538085938 0.0593185424804688 0.0794906616210937 0.115875244140625
-0.0530929565429688 0.0874404907226562 0.0804595947265625 0.0287094116210938
-0.010711669921875 0.0897903442382812 0.0321083068847656 -0.00582504272460937
-0.0206375122070313 0.102470397949219 -0.00415825843811035 0.00140357017517091
-0.0085906982421875 0.102653503417969 -0.0259609222412109 0.0295600891113281
-0.0453567504882812 0.09246826171875 -0.0761489868164063 -0.000679016113281256
-0.105491638183594 0.0730438232421875 -0.13433837890625 -0.0659866333007813
-0.155792236328125 0.00465393066406247 -0.097320556640625 -0.148178100585938
-0.124244689941406 -0.116386413574219 0.01727294921875 -0.217803955078125
-0.03973388671875 -0.144851684570313 0.0749359130859375 -0.138153076171875
0.00292968749999999 -0.137397766113281 -0.0434684753417969 0.0119743347167969
0.00485229492187501 -0.112709045410156 0.0201015472412109 -0.0130538940429688
-0.0391159057617187 -0.136856079101563 -0.0716552734375 0.147445678710938
-0.123527526855469 -0.114189147949219 0.029693603515625 0.220413208007813
-0.151443481445313 -0.0196990966796875 0.14306640625 0.157241821289063
-0.129142761230469 0.06658935546875 0.135673522949219 0.0325393676757813
-0.0547637939453125 0.0981369018554688 0.0955276489257812 -0.0449295043945312
-0.013092041015625 0.094329833984375 0.0310211181640625 -0.055419921875
-0.0235137939453125 0.0996932983398437 -0.00310707092285157 -0.0335178375244141
-0.0116653442382813 0.0950927734375 -0.0280628204345703 -0.0181541442871094
-0.0459060668945313 0.0789031982421875 -0.0614967346191406 -0.0698509216308594
-0.101089477539063 0.0594940185546875 -0.0820159912109375 -0.149276733398438
-0.153594970703125 -0.00267028808593748 0.0159759521484375 -0.210205078125
-0.136528015136719 -0.126205444335938 0.169662475585938 -0.198837280273438
-0.0605010986328125 -0.16412353515625 0.162857055664063 -0.0883636474609375
-0.00852966308593751 -0.155776977539062 -0.0226402282714844 0.00582504272460937
0.00991058349609374 -0.0741500854492188 0.0510711669921875 -0.0166397094726563
-0.0204238891601563 -0.0970611572265625 0.00917053222656251 0.14324951171875
-0.0865020751953125 -0.0853195190429687 0.120391845703125 0.1654052734375
-0.114326477050781 -0.012664794921875 0.2003173828125 0.0690155029296875
-0.102058410644531 0.0589675903320312 0.162750244140625 -0.0456695556640625
-0.0449752807617188 0.0878982543945313 0.100967407226563 -0.112770080566406
-0.0133438110351563 0.0806045532226563 0.0290985107421875 -0.101493835449219
-0.0221939086914063 0.0802764892578125 -0.00206375122070313 -0.0634994506835938
-0.0131988525390625 0.0733566284179688 -0.0296592712402344 -0.0570831298828125
-0.0371971130371094 0.0553627014160156 -0.0398178100585937 -0.12017822265625
-0.0789108276367188 0.038330078125 -0.00770568847656251 -0.197540283203125
-0.127349853515625 -0.0142822265625 0.144485473632813 -0.207855224609375
-0.117759704589844 -0.128585815429688 0.296722412109375 -0.098480224609375
-0.0563507080078125 -0.168380737304688 0.213714599609375 -0.00596618652343751
-0.00851440429687499 -0.150039672851563 -0.0105533599853516 -0.0107240676879883
0.00477409362792968 -0.0345230102539062 0.077789306640625 -0.0233993530273438
-0.0132484436035156 -0.0507469177246094 0.0609970092773438 0.117584228515625
-0.044830322265625 -0.0448112487792969 0.160018920898438 0.10980224609375
-0.0633659362792969 -0.00569534301757812 0.215087890625 0.0049591064453125
-0.0598793029785156 0.0379219055175781 0.171401977539063 -0.0966339111328125
-0.0284767150878906 0.0585250854492187 0.10186767578125 -0.159255981445313
-0.0124015808105469 0.0496673583984375 0.0266799926757812 -0.13409423828125
-0.0178718566894531 0.0474166870117187 -0.00249481201171875 -0.08441162109375
-0.011993408203125 0.0426826477050781 -0.0311813354492188 -0.0828781127929688
-0.0228176116943359 0.0294475555419922 -0.0183868408203125 -0.146682739257813
-0.0461006164550781 0.0189704895019531 0.0594940185546875 -0.2064208984375
-0.0790328979492188 -0.018890380859375 0.235504150390625 -0.15582275390625
-0.0690460205078125 -0.0985946655273437 0.351287841796875 0.028900146484375
-0.0288925170898438 -0.127479553222656 0.221420288085938 0.06640625
-0.000152587890625009 -0.10504150390625 -0.0022125244140625 -0.0342674255371094
0.0142793655395508 -0.00093841552734375 0.0137672424316406 0.0391845703125
0.0116138458251953 0.00738716125488281 -0.18231201171875 -0.110000610351563
0.0135812759399414 0.0151739120483398 -0.350494384765625 -0.0919494628906251
0.00248527526855469 0.0111875534057617 -0.31219482421875 0.108154296875
0.0137042999267578 0.00410747528076172 -0.118576049804688 0.192947387695313
0.0176048278808594 -0.0137825012207031 0.016143798828125 0.152938842773438
0.01141357421875 -0.0157346725463867 0.0348129272460938 0.0882949829101563
0.00584030151367188 -0.0176620483398438 0.00431823730468749 0.0833740234375
0.00166893005371094 -0.0240001678466797 -0.0236358642578125 0.148406982421875
0.0115203857421875 -0.0176563262939453 -0.0922088623046875 0.180206298828125
0.0161714553833008 -0.00819587707519531 -0.159912109375 0.135238647460937
0.0058751106262207 -0.00275850296020508 -0.200332641601563 0.0362548828125
0.0100069046020508 0.0102014541625977 -0.17901611328125 -0.0884552001953125
-0.00253152847290039 0.00874042510986328 -0.101524353027344 -0.109886169433594
-0.00525760650634766 -0.00948619842529297 -0.120574951171875 0.0111770629882812
0.00358581542968751 -0.0904159545898437 0.01263427734375 0.0356636047363281
-0.0102691650390625 -0.108718872070312 -0.18450927734375 -0.104202270507812
-0.0523529052734375 -0.0710601806640625 -0.35260009765625 -0.07684326171875
-0.0594291687011719 -0.0146408081054688 -0.305877685546875 0.117645263671875
-0.0295982360839844 0.0179443359375 -0.117172241210938 0.190460205078125
0.000874519348144532 0.0113306045532227 0.0172119140625 0.14990234375
0.00652790069580078 0.0143070220947266 0.0351333618164063 0.0853118896484375
0.000135421752929685 0.0251674652099609 0.00276947021484374 0.0792922973632813
0.00222587585449219 0.0239830017089844 -0.02099609375 0.1444091796875
-0.00511741638183594 0.0271339416503906 -0.0862274169921875 0.172286987304688
-0.0259876251220703 0.0265598297119141 -0.157745361328125 0.1319580078125
-0.0513687133789063 0.00057220458984376 -0.194244384765625 0.0402679443359375
-0.0270652770996094 -0.0373992919921875 -0.176620483398438 -0.087432861328125
0.000926971435546875 -0.0454063415527344 -0.102157592773438 -0.107513427734375
0.00991058349609375 -0.0471038818359375 -0.119773864746094 0.0175857543945312
-0.0068511962890625 -0.152450561523438 0.00535678863525391 0.013768196105957
-0.0416717529296875 -0.18707275390625 -0.203903198242188 -0.063995361328125
-0.114692687988281 -0.128715515136719 -0.3389892578125 0.018829345703125
-0.11676025390625 -0.0303573608398438 -0.24884033203125 0.181610107421875
-0.0728607177734375 0.0317535400390625 -0.0747222900390625 0.19293212890625
-0.0192031860351563 0.0372505187988281 0.0325393676757813 0.131065368652344
0.000312805175781254 0.0448379516601563 0.0340309143066406 0.0689353942871094
-0.0062255859375 0.0638961791992188 -0.000568389892578119 0.06268310546875
0.00130844116210937 0.0663299560546875 -0.0206832885742188 0.120368957519531
-0.0213241577148438 0.0653648376464844 -0.0831985473632812 0.135665893554688
-0.0639686584472656 0.0572891235351563 -0.160186767578125 0.0956573486328125
-0.102577209472656 0.00549316406249999 -0.188003540039063 0.00753784179687501
-0.064971923828125 -0.0781631469726563 -0.156265258789062 -0.1201171875
-0.00244140624999999 -0.0921478271484375 -0.0754241943359375 -0.124549865722656
0.0185470581054687 -0.0826416015625 -0.102607727050781 0.0181427001953125
-0.0117645263671875 -0.169418334960938 -0.00358057022094727 -0.00629329681396486
-0.066741943359375 -0.20196533203125 -0.205963134765625 0.0166778564453125
-0.153564453125 -0.143295288085938 -0.260360717773438 0.149169921875
-0.156570434570312 -0.0316009521484375 -0.12652587890625 0.241165161132813
-0.111106872558594 0.0481796264648437 0.000610351562499985 0.175949096679687
-0.0391921997070312 0.0646247863769531 0.0574188232421875 0.0909194946289063
-0.00617980957031249 0.0725631713867188 0.0330162048339844 0.0379257202148438
-0.0130538940429688 0.0918426513671875 -0.00288009643554688 0.0358009338378906
-0.0023345947265625 0.09478759765625 -0.021636962890625 0.0792160034179688
-0.0357894897460938 0.0892257690429688 -0.0815353393554687 0.0740585327148438
-0.0930709838867188 0.0755767822265625 -0.158462524414063 0.0268707275390625
-0.141876220703125 0.00894165039062499 -0.163223266601563 -0.0626220703125
-0.100456237792969 -0.10479736328125 -0.096649169921875 -0.177230834960938
-0.01788330078125 -0.126571655273437 -0.0144195556640625 -0.144882202148437
0.0151214599609375 -0.114860534667969 -0.0733795166015625 0.0168380737304687
-0.00735473632812499 -0.151382446289063 -0.00098705291748047 -0.0141239166259766
-0.064361572265625 -0.175979614257813 -0.157638549804688 0.103103637695312
-0.155853271484375 -0.133285522460937 -0.114715576171875 0.230087280273437
-0.170455932617187 -0.02569580078125 0.02667236328125 0.233551025390625
-0.133262634277344 0.0641250610351562 0.0810699462890625 0.117721557617187
-0.0537948608398438 0.089111328125 0.080810546875 0.0285110473632813
-0.01007080078125 0.0920944213867187 0.0317859649658203 -0.00572395324707031
-0.0179901123046875 0.106033325195313 -0.00383472442626953 0.00197553634643555
-0.00661468505859374 0.105110168457031 -0.0239810943603516 0.0293502807617188
-0.0446624755859375 0.0939788818359375 -0.0762405395507813 -0.0011444091796875
-0.107177734375 0.077423095703125 -0.13751220703125 -0.0648651123046875
-0.161117553710938 0.00875854492187499 -0.097564697265625 -0.151931762695313
-0.129623413085938 -0.119125366210938 0.0186309814453125 -0.222488403320313
-0.044036865234375 -0.150115966796875 0.075714111328125 -0.138954162597656
0.001617431640625 -0.142227172851562 -0.0430984497070313 0.015472412109375
0.00293731689453124 -0.116668701171875 0.0195102691650391 -0.0157127380371094
-0.0435409545898438 -0.139373779296875 -0.072509765625 0.148406982421875
-0.130241394042969 -0.114959716796875 0.030731201171875 0.225433349609375
-0.156341552734375 -0.0185089111328125 0.146270751953125 0.159912109375
-0.130905151367188 0.071502685546875 0.138313293457031 0.03253173828125
-0.0549697875976563 0.100738525390625 0.0950546264648438 -0.0473785400390625
-0.0125274658203125 0.0967864990234375 0.0287971496582031 -0.0559844970703125
-0.0207290649414062 0.103752136230469 -0.00395774841308594 -0.0335044860839844
-0.010162353515625 0.097015380859375 -0.0268440246582031 -0.0193767547607422
-0.0456085205078125 0.080078125 -0.0628738403320313 -0.0716781616210938
-0.101966857910156 0.0626602172851562 -0.08453369140625 -0.149520874023438
-0.1583251953125 0.000717163085937475 0.017974853515625 -0.215103149414062
-0.14215087890625 -0.128692626953125 0.17413330078125 -0.2025146484375
-0.064849853515625 -0.169235229492188 0.166229248046875 -0.08709716796875
-0.00984191894531251 -0.160629272460938 -0.0218391418457031 0.00940513610839843
0.008544921875 -0.077178955078125 0.0507850646972656 -0.0197334289550781
-0.02392578125 -0.0988235473632813 0.00946044921875 0.145233154296875
-0.0909881591796875 -0.0860519409179688 0.12322998046875 0.169815063476563
-0.118217468261719 -0.01165771484375 0.204757690429688 0.0698394775390625
-0.103843688964844 0.0633697509765625 0.165573120117188 -0.048248291015625
-0.0447998046875 0.090484619140625 0.0998077392578125 -0.117202758789063
-0.0127792358398438 0.08306884765625 0.02545166015625 -0.103057861328125
-0.0209884643554688 0.0834274291992188 -0.00405120849609375 -0.064178466796875
-0.0118942260742188 0.0747909545898438 -0.0297203063964844 -0.0583000183105469
-0.0369834899902344 0.0558891296386719 -0.0418548583984375 -0.122398376464844
-0.0796127319335938 0.0404129028320312 -0.00994873046874999 -0.199478149414063
-0.130744934082031 -0.0119781494140625 0.148025512695313 -0.212509155273438
-0.121673583984375 -0.13104248046875 0.305267333984375 -0.099395751953125
-0.05999755859375 -0.173110961914063 0.21795654296875 -0.00209045410156251
-0.010406494140625 -0.153915405273438 -0.00995445251464844 -0.00734138488769532
0.00447845458984375 -0.0362167358398438 0.0783920288085938 -0.0267562866210938
-0.0153923034667969 -0.0512466430664063 0.0615310668945313 0.119483947753906
-0.0471267700195313 -0.0452232360839844 0.163192749023438 0.11322021484375
-0.0652542114257813 -0.00511550903320312 0.220352172851563 0.0044097900390625
-0.0609893798828125 0.0406494140625 0.174118041992188 -0.101409912109375
-0.0280113220214844 0.0604591369628906 0.099090576171875 -0.165176391601563
-0.0124168395996094 0.0520591735839844 0.0218963623046875 -0.137298583984375
-0.0177230834960938 0.049468994140625 -0.00469970703125 -0.0854873657226563
-0.0115928649902344 0.04339599609375 -0.0322341918945313 -0.0841903686523438
-0.0225315093994141 0.0295181274414062 -0.0208892822265625 -0.1495361328125
-0.0465621948242188 0.0198631286621094 0.05810546875 -0.209335327148437
-0.081573486328125 -0.0174331665039063 0.24041748046875 -0.15887451171875
-0.0706253051757812 -0.100723266601563 0.36004638671875 0.030914306640625
-0.030853271484375 -0.131233215332031 0.2261962890625 0.0716400146484375
-0.00128173828125 -0.108139038085937 -0.00168228149414063 -0.0310535430908203
-0.0105418911745351 -0.0147607553946007 -0.0261994569035508 0.0359949262538929
0.0194392168813465 -0.00725192756221671 0.0154369221998932 -0.229682156796696
0.0396354368350009 -0.0217182330960464 -0.106632396870842 -0.386209113361106
0.0341439208783073 -0.0242215870732018 -0.262271493442561 -0.233349451191763
0.00207203085433297 -0.034903682768133 -0.249209683133651 0.00142598984112351
-0.0217522854681305 -0.0194899544325664 -0.130379383690469 0.0882749030443606
-0.0226975844844787 -0.00665225157336788 -0.0727679847088588 0.0700226177149642
-0.0175676537907297 0.0014222288380982 -0.0774827709503174 0.0476329105384408
-0.0169284704292245 0.00317777273975662 -0.146819540461379 0.0471250474521846
-0.020239411254371 -0.00889106596149854 -0.199169357131797 0.0148900722299825
-0.00922800354276459 -0.0124914838803409 -0.211063624224765 -0.0795492619572398
0.00703359272383823 -0.00525247106552964 -0.135320318997273 -0.169273122281439
0.0100085150284925 -0.00414954259419234 -0.0250349602311414 -0.199634896227714
0.0126905069057333 0.00234683161913357 0.0460288376330315 -0.146632812578571
0.00113053260249164 0.00770500778898836 -0.0833108289183697 -0.0842978040577048
-0.0780047031642394 0.0431957024047785 -0.0103197596847726 0.0389402797553853
-0.0619962158227873 0.0865979714482035 0.0308881460103719 -0.217720309649926
0.00691188050296149 0.0846539870229028 -0.0944771704471207 -0.384806439765801
0.0558012796310189 0.0477623086822588 -0.253086737567094 -0.235555844557115
0.0440702815392124 -0.0139464385893899 -0.247609157304676 -0.00538486493285549
0.00789469114909938 -0.0221025810391831 -0.129098651132475 0.0836425084999812
0.00695286441942759 -0.0184940697787348 -0.0724269720073671 0.0647551390234705
0.0172548303615185 -0.0231562467434863 -0.0781321440028636 0.0419120965062
0.0243315897283266 -0.0259486519388546 -0.14571506410281 0.0434309177943294
0.026286258198581 -0.024525676636927 -0.191775747039482 0.0089125652337472
0.0468579596301967 -0.00553480427648912 -0.205657613893678 -0.0874502296695729
0.0470678605493757 0.0421951531144302 -0.128055524096572 -0.16835744971699
0.00549187303216935 0.0567248368460337 -0.0191695291489739 -0.196760614397747
-0.0302881289935698 0.0336615780121463 0.0453204673835568 -0.139104216970885
-0.0368228351224983 0.0148232889771156 -0.0889909254640046 -0.0757610511056875
-0.122347056183158 0.0872894821888345 0.0134751778896041 0.0237016464587588
-0.104834503042718 0.159315620386433 -0.000545434110451194 -0.211161989384736
-0.00819631092536817 0.16466797598752 -0.158216171431854 -0.328642499739837
0.0777331871416832 0.104536538775753 -0.271796576917556 -0.164649480032647
0.0825179000887304 0.00763440857716102 -0.227687608064497 0.0281860320170389
0.0393599117978347 -0.0216175806070838 -0.107963069760647 0.0834444055119214
0.0381754290606058 -0.0275814030722406 -0.0591007499946785 0.0528347878773144
0.0500896588042618 -0.0426906070038039 -0.0673059829874627 0.028657703279768
0.0615289301075944 -0.0489581096992327 -0.126242897445907 0.0292925761477527
0.0684041514255482 -0.0349573782282266 -0.159941875381717 -0.0132140213375574
0.096575527358806 0.00294001572994634 -0.171691332883203 -0.114906741818399
0.0838289899217758 0.085708128585849 -0.0871696649509698 -0.18459778549683
0.00429197985403377 0.114505639649289 0.0259001494479921 -0.198422981823027
-0.0654354545842843 0.0665502825485219 0.0759275864430399 -0.119131582124259
-0.0705833071680178 0.0266002366474109 -0.0796899137935951 -0.0576060884998981
-0.132251775955457 0.103239965461529 0.0282008137568661 0.00516951934482492
-0.102731097178526 0.181975257508554 -0.073319764096585 -0.174512372181579
-0.00749546182516446 0.197423658526273 -0.232330495470597 -0.188937849194391
0.0949124895125696 0.137224284304209 -0.258849530108921 -0.0328062715937329
0.116118619798857 0.0261783061530213 -0.170068789835359 0.0817663856922313
0.0708584000790809 -0.0196826690740476 -0.063856193699896 0.0823885620936032
0.0667083481106664 -0.0357422756625248 -0.0323688180938255 0.0357948113593809
0.0754063524205163 -0.055072690766716 -0.0448559644881768 0.0103467391287466
0.0871475271854692 -0.0603746791157212 -0.089568753932216 0.00714116019352439
0.0977149903845344 -0.0358464071457578 -0.106107248094263 -0.0469906625097875
0.130324980817693 0.0151214132397164 -0.103756955213106 -0.15264572631969
0.109965705974132 0.12132102708529 -0.00384399883156309 -0.201218821083734
0.00685388167934951 0.161558758541033 0.110785022022619 -0.180832343416358
-0.0856493067872927 0.0999485114522352 0.127005013462397 -0.0718498156430642
-0.0957648183361994 0.0456883372270603 -0.0600486602509915 -0.0318588717547167
-0.120363107218226 0.0911083606925649 0.0339218928650941 0.00131083329311855
-0.0893999301220313 0.156100695113653 -0.13788852462512 -0.0880220892081365
-0.0134517874112743 0.19010078478506 -0.234201250121733 -0.00703921145836023
0.0971499585141544 0.14851304180541 -0.173849402567997 0.101067482114053
0.137644354444128 0.0379218884496897 -0.0715814548094047 0.11996964085987
0.0958466977576018 -0.0193444240067737 0.000959933293302686 0.0714727634483069
0.0872513893246701 -0.040389051904461 0.00691973040726154 0.0148953487373643
0.0896128849479154 -0.0585979717243772 -0.0134163159752456 -0.00841297950103865
0.0975373173663898 -0.0592020352219249 -0.0430864348550175 -0.018462380834023
0.108161120276945 -0.0272131601693304 -0.0384274497288964 -0.0808893126255993
0.139262767472852 0.0293626150251581 -0.00498613923170233 -0.179761623734731
0.117467629564056 0.144227187513683 0.115463542520709 -0.185189684466936
0.010112755183328 0.192480741918448 0.215930203376314 -0.109612532485527
-0.0924658408152294 0.133771557635334 0.170390537109345 0.0119467170338873
-0.112352465495287 0.0702889683119493 -0.0392491472874522 -0.00611055436097917
-0.0997949344090851 0.0647846443543115 0.041678135368339 0.0161493436011726
-0.082205268029041 0.11204546310447 -0.148257677462693 0.0144609698614888
-0.0266272048651458 0.161823296440117 -0.158328123844373 0.134136009742934
0.0835622117873532 0.139163214593212 -0.0488175260221557 0.176766576777207
0.137247905379512 0.0401515189474207 0.0402141247340325 0.12517149855796
0.10319678472363 -0.0186838923561909 0.0741888123533208 0.0484549021865679
0.0931483222525118 -0.0382726417399044 0.0538278068907015 -0.00762490749498238
0.0897211054528955 -0.0520315257310533 0.0209357013604308 -0.0264820268590073
0.0916867249147319 -0.0477077483674147 0.00182428902319008 -0.0423642371055532
0.0981301580252085 -0.013150507101532 0.0302374342775412 -0.103035296398381
0.120977150964247 0.0398619773571614 0.102511080067932 -0.170319209026048
0.101074634575119 0.149790086044409 0.233148109157347 -0.107001880703287
0.000487750634623311 0.203202105566891 0.287601889746812 0.0324711588373067
-0.0991160932611157 0.157595949051754 0.172096805175613 0.119300691280189
-0.121405237295387 0.0887174095629538 -0.0206799210171179 0.00902718625639168
-0.073924802611346 0.0391833648025275 0.0572648808276626 0.0382869363481912
-0.0687992371518372 0.0713042565121144 -0.114751828667143 0.08905467672027
-0.0329105281333101 0.118169553564071 -0.0666891694799224 0.198873374890342
0.0580340472016099 0.109087727681806 0.0576216766190107 0.193891207745377
0.109664880646774 0.0347351239624336 0.133446265328296 0.109012790004658
0.0874988066672015 -0.0133104803064466 0.141701128839884 0.0221864984743416
0.0811666723084194 -0.0278519858230697 0.100059995748013 -0.0272064854678081
0.0758931759098384 -0.036779858191938 0.0525511246141013 -0.041605361121623
0.0721885200777116 -0.0300694356760853 0.0389852245964104 -0.060345860444325
0.0725037343681885 -0.00089171785019548 0.0842300245150408 -0.10570052201941
0.0845188843965356 0.040645939627811 0.185892407490041 -0.120089359218925
0.0641057125942368 0.133206795370365 0.292041384912866 0.0220868354382889
-0.0232760196883611 0.180192869082314 0.272228294764693 0.202067189544958
-0.107656005638325 0.150743830188669 0.122019460953528 0.209032583195054
-0.115951029563567 0.086159194292061 -0.000844268020810202 0.0077754407420318
-0.0406386956818983 0.0214659165810283 0.0740862287469223 0.0539159685335005
-0.0397030928932465 0.0364407349033436 -0.0735407585577698 0.120493697298798
-0.0280203608691619 0.0622174000485531 -0.00532253798223322 0.212411850443637
0.0244141207822036 0.0633878149776922 0.118445113015674 0.188367919902298
0.0603162096861058 0.0266795461697759 0.192015946759002 0.0937134425152177
0.0524548061343129 -0.00169987789558988 0.188702991313928 0.00347193891227692
0.0536694030960011 -0.00902566621760858 0.134538325078669 -0.0398394901244589
0.0491984205175598 -0.014284972997707 0.0760398915190562 -0.0514097161322405
0.0446703549576047 -0.00953102903113806 0.0640958273007861 -0.0706726104120025
0.0418395581334733 0.00677042193935554 0.11800621342103 -0.0964498410496549
0.042685172341689 0.030454240610282 0.226847492290508 -0.0564011573086942
0.0228028896187971 0.0901676892623416 0.280442705358722 0.140451870524645
-0.0417323952013202 0.112704994096006 0.187274334960227 0.323078318936919
-0.0933909062252858 0.0988090782616124 0.054961677887311 0.250437202857289
-0.0838569758016442 0.0572260880232856 0.0213724371341987 -0.00576940074000581
-0.0111319904494662 -0.0133317186584101 -0.022084179585216 0.0368552433972059
0.019479923081168 -0.00712390834885323 0.0061768182131226 -0.233941781199334
0.038539092677697 -0.0229550846186444 -0.126804491303368 -0.384273114856246
0.033784588642056 -0.0272632295961811 -0.277228214751831 -0.219053800325156
-0.000714660401731441 -0.0356767469816787 -0.248974237148768 0.0173173360741458
-0.0231223877029156 -0.0166460946934784 -0.124338303574876 0.0966128900995837
-0.0238715513530549 -0.00431929157225441 -0.0682354176219238 0.0766290895925009
-0.0176755335110723 0.00244294191281159 -0.0734019021282645 0.0540955739241985
-0.0163054526566572 0.00466708235065276 -0.14222815326816 0.0602542179112605
-0.0222071224483883 -0.00670484295027515 -0.198579399519072 0.0318138944675843
-0.0108015187279952 -0.0123459867982244 -0.219466352218823 -0.0648542028715716
0.00814970592849441 -0.0065529679665387 -0.146676532906322 -0.163295108658554
0.00953084834131019 -0.00410510283958485 -0.0347219800513371 -0.201028296058955
0.0127018036315558 0.00124660794282245 0.0379306295471109 -0.150582577267655
0.00158915346813179 0.00821233015182408 -0.0911997942201259 -0.0774852765087209
-0.0755462261093654 0.049023119639217 -0.00581826031870992 0.0385835640802145
-0.0559502109733776 0.0924214021757895 0.0228259258583934 -0.223541057395577
0.0127987095863571 0.0861399744820869 -0.115259898339637 -0.383708101627601
0.0598653965620877 0.0440649824127984 -0.268166838552645 -0.221602285346039
0.0428957116066524 -0.017974091927829 -0.248686412628579 0.0102441042577574
0.00670789542038253 -0.0208334854115029 -0.123622952362274 0.0912688284555328
0.00555350257915257 -0.0179371971403113 -0.0679996033940278 0.0712928331748658
0.0151760048711855 -0.0251363954028308 -0.074737420109438 0.0485055012005911
0.0231270870393141 -0.0283599803447066 -0.141097633591905 0.0561030922792238
0.0241421430085255 -0.0255830209525246 -0.190706488757246 0.0247936023129333
0.0467859727543569 -0.0099719650183247 -0.214491976841159 -0.0725902335104341
0.0526880596790318 0.0381453828035055 -0.13910913672962 -0.16295683159467
0.00967762916867512 0.058167756357059 -0.0281761010780712 -0.198034427044318
-0.0283380051233247 0.0368318130391649 0.0370403931945982 -0.142582031042625
-0.0367955648113148 0.0184562789443439 -0.0961674272963955 -0.068245206769448
-0.117481239592306 0.0970074036731707 0.0170694992732344 0.0212259175091483
-0.0939051356023657 0.168038679604402 -0.00854469622854428 -0.215554258030461
0.00364890072369051 0.167138449496825 -0.176720291788178 -0.322531205160971
0.0857191339739655 0.0999899563827011 -0.283083426948357 -0.150244093999512
0.0825945882478751 0.000297102727058567 -0.227851891675173 0.0426402833308291
0.0382159571804782 -0.0226522001469823 -0.103083502139107 0.0900834884543728
0.0366104295861719 -0.0300134252139291 -0.0562445146412049 0.0581996080718536
0.0466650885115375 -0.0478118068399645 -0.0651157498571213 0.0341370736486237
0.0587743004970167 -0.054455840962616 -0.121886131627284 0.03960289717275
0.0660086004495765 -0.0393456566551819 -0.16032301615487 -0.000326133228841406
0.0977654263750381 -0.00483049054763205 -0.181985935787654 -0.102446222117756
0.0933124349440115 0.0797431648453906 -0.0980292870271386 -0.181743801535155
0.0130081476446578 0.117316333124726 0.0162230826592012 -0.20224285094488
-0.0614505251895 0.0727513568061946 0.068483243684713 -0.123225249141356
-0.0708000884090317 0.0325059188161039 -0.0848576165727518 -0.050089581493591
-0.126508201068523 0.114117912695209 0.0308593506262422 0.000919344792515025
-0.0900150779812838 0.191046534902379 -0.0797154708320252 -0.174936754824872
0.00712968096992207 0.200594102093796 -0.243397039061864 -0.178246201645287
0.105240426816705 0.132865241159138 -0.262113619563904 -0.0184092613235101
0.117939951065112 0.0166855065640058 -0.167145215717685 0.0921268538675131
0.0705677188027566 -0.0233696766731305 -0.0596227316048266 0.0857791822581798
0.0654464794608569 -0.0399365094584946 -0.0307663577093783 0.0392000877485172
0.0711264858226374 -0.0624602464839293 -0.0441972486886931 0.0152173676491241
0.0837926806859178 -0.0677309822220326 -0.0865941029591917 0.0142850243714439
0.0962785607935399 -0.0423933198166577 -0.108400729316493 -0.0392443196001131
0.132790644509324 0.00502749313852534 -0.115513095119906 -0.145017117505712
0.122122974521508 0.11448658819301 -0.014592669285053 -0.202931232200127
0.0193029857576385 0.164485201452913 0.102114391531476 -0.189544932389997
-0.079744035306952 0.108546044985365 0.122123650718947 -0.0777966351182924
-0.0954961817793914 0.0540521310821977 -0.0634598710054003 -0.0250161474019271
-0.115331039272232 0.101407461529518 0.0357194354112035 -0.00329118097000998
-0.0781178679750224 0.163583839007131 -0.140948297852114 -0.0835398221877913
0.00148490742943713 0.19377687666073 -0.235417045764971 0.0055301429637348
0.108714721604674 0.144250283414695 -0.169057251476706 0.11073176631299
0.14095350940248 0.026646170538088 -0.0668488091148419 0.125065094688261
0.0958475504261252 -0.0247411927114042 0.00442075560427556 0.0700024289984487
0.0855902205966426 -0.0461935795500043 0.00633589666529533 0.0149773662363707
0.0850854043123338 -0.0668310293036834 -0.0147586353760969 -0.0061787550665185
0.094115697968445 -0.0673728616832796 -0.0423711077574035 -0.0150194979068487
0.107020587052216 -0.0334984334009167 -0.0425877819102027 -0.0786877428475675
0.142208890623775 0.0188604357640221 -0.017859355475527 -0.178651694588785
0.130207591798202 0.137029734130437 0.107362001489997 -0.194107953297079
0.0235054683760683 0.195735556679288 0.211907589290268 -0.122669782058757
-0.084436093543641 0.142342301356986 0.170092395320341 0.00449021339668226
-0.110357851090273 0.079452126342948 -0.0409380478873911 -0.00050469397300564
-0.0962282128828303 0.0734774938845695 0.044055678142435 0.0107032186035735
-0.0736972246483944 0.119460058605186 -0.146666117464566 0.021128456499686
-0.0141527736449754 0.16579541337256 -0.152051715993904 0.14355625015645
0.0949424762135284 0.135943430963988 -0.0390494651685749 0.179148187241428
0.1410499921496 0.02904138917036 0.0470769145274535 0.122400350366846
0.103230113125885 -0.0250636851614919 0.0764840436341156 0.0415355472526696
0.0913729676702747 -0.0449909378532885 0.0519554597612825 -0.0119480333407287
0.0865014768484346 -0.0603609588303418 0.0182946250422835 -0.0275325402183654
0.0884092721147873 -0.0553227464777357 0.00131096578220583 -0.0427951683109201
0.0975951961195654 -0.0189135457188967 0.0242470384352417 -0.105530818318041
0.12436882030383 0.0311594738989769 0.0906802123221308 -0.17624700987248
0.112964542369864 0.143735328296118 0.229518836022624 -0.121236911615362
0.0145276380993103 0.206046157895976 0.291461996959357 0.01682926197565
-0.0895815430499865 0.166466159804221 0.177508352180479 0.113556740324827
-0.117785362599094 0.0983231148598964 -0.0207969314587414 0.0139671143200806
-0.0715078722885196 0.0458506713891784 0.0604214598302118 0.0315626226724453
-0.0628696657886682 0.0768576218514401 -0.109377452696135 0.093975622348169
-0.0235205154847959 0.121960226687718 -0.0560740679276698 0.203874945027023
0.0673690421970736 0.10678581648012 0.0697610906578886 0.191107639622405
0.113171904194905 0.0256182750204875 0.140593034476017 0.0997941921164174
0.0875178897346493 -0.0191057419556426 0.142982336674507 0.010270259228082
0.0806677427544034 -0.034057935962712 0.0964168429312236 -0.0356988314312001
0.0738636957997418 -0.0433729739625869 0.0487206417939378 -0.0451468730714879
0.070224234988444 -0.0352995822315624 0.0369564327363625 -0.063342598281681
0.0726213880640979 -0.00519152840316029 0.0777651681170968 -0.112139356992427
0.0871827605443962 0.0345405797943652 0.177380309717076 -0.130803256776744
0.0743230454601552 0.129199676914663 0.295089857712102 0.0057743631938291
-0.0122392286306442 0.183733824782449 0.285624358502281 0.189432385831764
-0.0990200837702497 0.159462302071947 0.1313568629869 0.20630338859884
-0.112281235522295 0.0950371324912229 -0.00148028732468478 0.011355808020627
-0.0391409472538 0.0254574066874139 0.0788065838683227 0.0459826475548442
-0.036201059277318 0.0390352156490006 -0.067936425931521 0.123866236796156
-0.023402639488317 0.0644444168661143 0.00553010135864042 0.214654745012524
0.0296618912553143 0.0624442106772969 0.130420343867652 0.182114341513929
0.0626537599840887 0.021164546353265 0.199609347512285 0.0803090884245365
0.0525677796559224 -0.00554311844808997 0.189734990587439 -0.0119396520806721
0.0541167088904734 -0.013516631954069 0.130182458349336 -0.0515283333591354
0.0492193236040409 -0.0185633104642599 0.0712476713668216 -0.0572549532039781
0.0439909483817887 -0.0126938806597502 0.0601716652014193 -0.0755612009971108
0.0422335614187551 0.00455480670212284 0.111169888624127 -0.105435419172315
0.0442880104718389 0.0275714111892702 0.221931837749554 -0.0706324267439032
0.0297980241811567 0.0883667977479229 0.289273781559446 0.125078777127343
-0.0360231709068948 0.116719794182949 0.206497272709271 0.317235508682581
-0.0874827820024217 0.105764957886487 0.0660123944222987 0.251856064374814
-0.0810767345472368 0.0633828325567146 0.0197893512299597 -0.00425266274257343
-0.0148738882821257 -0.00725109896141352 -0.00498016470606935 0.0399380070527255
0.0156610075417046 -0.014691075580938 -0.0709884258808184 -0.221015546613268
0.0246347171142111 -0.0342757556426373 -0.246097704436497 -0.310013680067436
0.0181352600700692 -0.0382123415759513 -0.329357685761663 -0.106142133691692
-0.0158860876141979 -0.0315214081576722 -0.220346326872261 0.101091408047538
-0.0271234160007859 -0.00411904985116247 -0.0777544140588915 0.130450884522049
-0.0240985902374688 0.00567312096986451 -0.0320649033447111 0.0951394843160599
-0.0152779577990189 0.00895465866935502 -0.0453156041298742 0.074778949034233
-0.0127528554955766 0.0102088595079314 -0.105012900537774 0.10556196290189
-0.0225275908303505 0.00346315078078181 -0.166262265137047 0.0991107896002844
-0.014735156504913 -0.00808191897861995 -0.221029229284671 0.0192333333601102
0.00630167914548677 -0.0100056529009799 -0.189294241214209 -0.10105076433397
0.00666737796403721 -0.00616075592756379 -0.0978098565307866 -0.174761118279135
0.011573731873111 -0.00186335525359015 -0.0152354202193129 -0.15082542629984
0.00521628468939951 0.00758471139866828 -0.107860062883629 -0.0388691830784299
-0.051715728954472 0.0747990497758065 0.00973150791859864 0.0313800283687235
-0.0172970052973221 0.105258830793775 -0.0539827970264941 -0.223493968455476
0.0417549763521243 0.0749350423114794 -0.240496230575717 -0.317453911247003
0.0693725262662148 0.016455391332028 -0.326551936897153 -0.11174140811908
0.0289334542262113 -0.0312408397440752 -0.224356213026699 0.0961967180008189
-0.00157152435797198 -0.0188179958355036 -0.0802666734878006 0.126185525822882
-0.0010185631081824 -0.0170812452283064 -0.0347439436613588 0.0910526562329169
0.00409769442866467 -0.0276415761093079 -0.0480449772625048 0.071413503646293
0.0111403835670282 -0.0342432496347165 -0.104897896805203 0.10145872917401
0.0135294746221252 -0.0301691559186095 -0.162931230249413 0.0907693037238492
0.0387812635383242 -0.0263974281494822 -0.22038410561633 0.0123699270040932
0.063035185066763 0.0149345714607531 -0.1824150682983 -0.103861738516269
0.0294057343582343 0.0507611403325209 -0.0911680014780799 -0.175376625626646
-0.013034891568856 0.0456565745924743 -0.0119838965090082 -0.142273253123098
-0.0274214322026628 0.030939170559695 -0.108252709137909 -0.0274649405427407
-0.0730399457848009 0.134689925944132 0.0241994226735384 0.00502911649087932
-0.0245550298441719 0.189170041217907 -0.0830966365962705 -0.209616795478136
0.0638699662518135 0.152875849954116 -0.281337647329993 -0.242960087909145
0.114762560709091 0.0578978141215716 -0.319724561752613 -0.0399505385204923
0.071514010366053 -0.0288248674543253 -0.19710616005124 0.120534249137133
0.026600541082926 -0.0315712553200133 -0.0625235452384325 0.119041018229172
0.0238996781364568 -0.0397478177732795 -0.0301655173337038 0.075545503537781
0.0244531581210479 -0.0593583322472837 -0.0444783660553653 0.0567415449502872
0.0336776603005023 -0.0709461514251748 -0.0934359866387756 0.0801197291111721
0.0474624266185822 -0.0573373543198895 -0.144673906093821 0.0568282026836875
0.0871449650479956 -0.0408036487035464 -0.201874949471205 -0.0252286220177043
0.115638402339762 0.038589036309785 -0.152031524883733 -0.135015019401513
0.0531068362427215 0.103391274436787 -0.0516412984986768 -0.194649984823195
-0.0311917684547665 0.0907182261739985 0.0242354468787817 -0.133957632694864
-0.0549227060429567 0.056082502785856 -0.0907464871703765 -0.0139484062211208
-0.0753970557742738 0.154346018691673 0.0289798985033334 -0.0192697575016175
-0.0123971391749011 0.209621623743361 -0.136869498784439 -0.147424196528496
0.0809534654309559 0.182727799271821 -0.297232934184647 -0.0884770410178901
0.145413766566927 0.0808284346208975 -0.25875747936169 0.0748116413117071
0.109982694383952 -0.0264608411490939 -0.126063206731655 0.14665161809779
0.0561916250687807 -0.0443119795843565 -0.0257325093122946 0.101006265135914
0.0470374289919829 -0.060325375451185 -0.0155491841654729 0.0500214725252245
0.0413225134338513 -0.0813700981744746 -0.0328655015749914 0.0325461581609696
0.0514059745851325 -0.0919070782048643 -0.0703579379251745 0.0442437206635318
0.07336747597255 -0.0710449131239078 -0.111556517412688 0.00345355873751636
0.122583580155082 -0.0435701198232207 -0.156976340050643 -0.0867784534116007
0.153397037229042 0.0610006397484796 -0.0834233667863365 -0.182852831589355
0.075367405827611 0.144911440525423 0.0318571369176748 -0.212227044292738
-0.0349465505671637 0.129777798561189 0.0890254412098748 -0.109583852437362
-0.0712952878704259 0.0841937963999621 -0.0620597975220497 0.00199450543929516
-0.0695734634013815 0.138550055670451 0.0320294438910314 -0.0244442814903347
-0.0114506166428989 0.181141268125415 -0.161702735908618 -0.0406223144522838
0.0742868810700033 0.179238628564934 -0.227133960502325 0.079732091747548
0.154552361305886 0.0908810958629461 -0.129873473900484 0.163092585765622
0.136168695395131 -0.0251009581671553 -0.0237735520499316 0.143143051009262
0.0793074340440692 -0.0549057208854963 0.0264891901083916 0.0651302971589083
0.0637747730563084 -0.0737638552534447 0.00861710655413066 0.0143447420035429
0.0519615459406875 -0.0906822446728426 -0.0140792848335057 0.00314397539683728
0.060671945942829 -0.0946926635361048 -0.0406836985565795 0.0015296470879815
0.0861807816800084 -0.0671344358818887 -0.0656925205567219 -0.0553962342564043
0.135877175659548 -0.0340227954741335 -0.0807936596323954 -0.151061840411901
0.168354287565015 0.0792986287549626 0.0307017915116241 -0.215088024886124
0.0894591786879829 0.171543805170123 0.155230131728021 -0.187661683431729
-0.0281520447173594 0.161286911001653 0.160236367722764 -0.0488412118101185
-0.0769164181888677 0.112705921157486 -0.0324782409700141 0.017350331679153
-0.0616964359370236 0.105754506554941 0.0442887659594187 -0.01273660491132
-0.0223816530121541 0.13876965266538 -0.131103107037003 0.0604812411680561
0.0510695525888636 0.158927466459681 -0.101173591341319 0.179497671449766
0.140240993814534 0.0882766435144937 0.0150516469238541 0.181594112086641
0.138735141065348 -0.0238969904439476 0.0800753735524258 0.101607411266829
0.0869965203044772 -0.058468117359269 0.0821679940155222 0.0133582789518213
0.0699089223448693 -0.0753892230349383 0.0390036391558869 -0.0265478622648829
0.0557179915800486 -0.0856306789809522 0.00721154138090681 -0.0279450046224716
0.0600109376189265 -0.0815140711999536 -0.0115662138406995 -0.0390139253022126
0.0823896436170277 -0.0504385356784389 -0.0145902640364213 -0.10290767457346
0.123601503659218 -0.0153184259323467 0.0186991336910711 -0.187020316284785
0.1541395362982 0.0914769254512248 0.166560619060892 -0.188386486108354
0.0846828012084545 0.183958550749568 0.275091152805581 -0.0855016655089722
-0.0247917581953399 0.183305606390224 0.202778189962038 0.0492218472008219
-0.0777846383770617 0.131827736281594 -0.00945035349400141 0.0236577845033701
-0.0481719254262292 0.0707342926335795 0.0665492600790081 0.00195072994788714
-0.0275549405936518 0.0954211864872575 -0.071525271804985 0.117643394860664
0.026207996427227 0.121821738964621 0.00970445152932661 0.203401585466145
0.10401147098463 0.071860855337824 0.121377457062729 0.154935903784179
0.11287064247908 -0.0174106078058574 0.159353575475298 0.0469487928207055
0.0748314418648263 -0.0475375620107398 0.132116749161858 -0.0399161403296778
0.0638831960079777 -0.0617314099580113 0.0705063443868837 -0.065319536915464
0.0507684807900973 -0.0660854531685863 0.0273638261936397 -0.0555422211135506
0.0503283391097726 -0.0570472595660134 0.0125412257037129 -0.070308070374685
0.0642949454238317 -0.0290902184279833 0.0313424778984233 -0.12802794227289
0.0909584222021846 0.00139259061992637 0.112537277548587 -0.176374012640805
0.113183295036636 0.0910325651971692 0.267820079565564 -0.0943758756761969
0.0522689716040976 0.171803140187876 0.327618386585269 0.0762145182398145
-0.0352971799252099 0.178556589112697 0.189906098489262 0.151256318534295
-0.0732942402612779 0.126377449518408 0.00703829976882964 0.0149641757562635
-0.0257839577573731 0.0381763137357798 0.0872237266361563 0.0108340125302572
-0.0169612733792128 0.0498453633282855 -0.0231327441148438 0.133570521151091
0.00446289328183057 0.0682591012614714 0.074027983199816 0.194184029955341
0.0522933842235145 0.0459031113286014 0.179314626306512 0.124307231128513
0.0659473840663247 -0.00371027293392889 0.2094453953773 0.00604116638497568
0.048258388281808 -0.0235456983759061 0.166740537152203 -0.0786291832311831
0.0466954209686562 -0.0334107546823418 0.0955907641475227 -0.0934827532208955
0.0382789051195805 -0.0352567066163535 0.0424507464616642 -0.0753185492636116
0.0353322183844065 -0.0271004183620903 0.0286518398015452 -0.0895237064690051
0.0397028052188313 -0.0100496479740727 0.0636702097399053 -0.133546115466758
0.049605521500696 0.0102808210323019 0.173500233058384 -0.138428428383831
0.0577652687688405 0.0696309762798834 0.302541940467386 0.0168232517934549
0.00771222338570202 0.118530068789781 0.297519824482982 0.221100922648223
-0.0433425095655877 0.124748502756001 0.143313069496729 0.214590523761157
-0.0542365032549825 0.0861166395814622 0.0195211573713377 -0.00600370630041279
-0.0141201850617812 -0.00617210790673204 -0.00197072771514887 0.0368583837250664
0.0166883103278632 -0.0142665299296996 -0.0715812714355345 -0.219200978952573
0.0248107270595102 -0.0329971219416513 -0.245908020038708 -0.301068451329096
0.0168188928851804 -0.0380485147665467 -0.323144570754043 -0.0969349456582137
-0.0172217312910647 -0.0303931343512979 -0.211669570357103 0.103377977136587
-0.0253946770093201 -0.00207731201421878 -0.0728447131469924 0.128152761638362
-0.0230074112547602 0.00760872874328199 -0.0271224394380453 0.09386919976841
-0.0153496744285835 0.00933736396216521 -0.040849599821278 0.0744095007241814
-0.0113613584139984 0.010099852143004 -0.0956718259126622 0.107078242600541
-0.0218624440631533 0.0053536719182004 -0.156804638603974 0.104386675166564
-0.0152834895670782 -0.00728165892442288 -0.216146948435795 0.0273811581095115
0.00578005170419226 -0.0118742887504871 -0.188693775938747 -0.0951016185690926
0.00636612473947494 -0.00555877162686104 -0.0990405906677303 -0.171819963670712
0.0106738716277813 -0.00162726434828225 -0.0178197947529095 -0.146847404572828
0.00502101293986132 0.00764047257902675 -0.107278302007408 -0.0322995867770905
-0.0483190408654049 0.0749375351775861 0.0122067907569298 0.0279082707516918
-0.0125913969208724 0.103192834000014 -0.0549816416332059 -0.222869092032468
0.0442715665808545 0.0722364034704103 -0.239915520279064 -0.309272371389442
0.0689800512088191 0.0138211516158599 -0.321206403254147 -0.103047626709383
0.0261726830643147 -0.031516642190863 -0.216332388407704 0.0995042484468567
-0.000698480038233261 -0.0174475187891702 -0.0756749677760452 0.124464799391816
-0.000987553598317868 -0.0158998540679642 -0.030183431606384 0.0901793143697192
0.00248390272933118 -0.0272198440236404 -0.0435291629624242 0.0713202505458271
0.00984271081783284 -0.0346986869891196 -0.0959318433427971 0.103496744710812
0.0128174389023464 -0.0295240748618429 -0.153374787768578 0.09538968413234
0.0366334715791401 -0.0279650780679563 -0.21514803157007 0.020768075591078
0.0631351737014727 0.0106879354122239 -0.181873074839578 -0.0982445819855264
0.0313773251600992 0.0499265406029755 -0.0924297413033408 -0.172256257754109
-0.0115560131974726 0.0461913045305737 -0.014035852773006 -0.137703889255041
-0.0260161087809595 0.0325972595264444 -0.106929526575863 -0.0212504671419362
-0.0680045377319842 0.134778940093053 0.0254557079928338 0.000991976360012325
-0.0180383803131672 0.18554168706381 -0.0832042905535655 -0.208507353779169
0.0684729192122776 0.147442406301219 -0.27994994720164 -0.236391345450474
0.114790883748564 0.0535321035873034 -0.313602790866968 -0.0331984847222307
0.0680546259231445 -0.0304997498389863 -0.189739812907002 0.123038128665581
0.0263738816351994 -0.0312149230956742 -0.0597303783763753 0.117060156760112
0.0227995845715451 -0.0396281972356459 -0.0258168170261593 0.075073650252806
0.0206175651790959 -0.0591589294977154 -0.0402546502652728 0.0570936128080684
0.029819021857828 -0.0718214904437479 -0.0858806542339682 0.0816832772045928
0.045365607047968 -0.0574691433644082 -0.137202898015733 0.0613000562630383
0.0837202695288608 -0.0436801564998141 -0.197489280229349 -0.0167521508834949
0.115494289827133 0.0326576268960598 -0.152728358783838 -0.129743787990936
0.057219312031881 0.101403769935199 -0.0540445331939424 -0.191502900198972
-0.0271388849035875 0.0915644761991134 0.0216779855518105 -0.129741939594561
-0.0525707503185539 0.0589050867170598 -0.0891482678638503 -0.00841168148531352
-0.0697703831135521 0.15431437456311 0.0294572784641997 -0.0225696506298485
-0.00621469755211913 0.204781827269579 -0.135130443745096 -0.146344177408293
0.0858105748633071 0.176754023749461 -0.292833556149025 -0.0839183445130387
0.146051654230788 0.0757685508449596 -0.252138058763269 0.077409556540647
0.105802147833307 -0.0291892510494249 -0.12157804224798 0.147670801211914
0.0549102913479052 -0.0447357511781068 -0.0243467362781582 0.099075612002641
0.0451571483425581 -0.0607960552905118 -0.0129696635326927 0.0498117824157137
0.0360366185366365 -0.0814473646925312 -0.0298168866250288 0.0335713750033967
0.0462112661647806 -0.0933394528180067 -0.0653939627966589 0.0449952836834332
0.0705849094566653 -0.0716447079901452 -0.106841236068338 0.00681115053221068
0.118302973496832 -0.0474327351184047 -0.155127330720355 -0.0787584947250035
0.153710100186537 0.0533214335070603 -0.0855682820219058 -0.177951179447651
0.0802270798414611 0.141863295233341 0.0272292454426976 -0.209631004726906
-0.0301456511566225 0.129958437167715 0.0855960176997256 -0.106853958425147
-0.0680539050942335 0.0872063713878425 -0.0602736353067864 0.00635125414517939
-0.0635712090756938 0.138920409528569 0.0316886950200153 -0.0274825351941685
-0.00546025082973273 0.177293711774755 -0.158090983696236 -0.0405027116529505
0.0796270387422399 0.173054637776013 -0.221199242618227 0.0800828122525262
0.155878162603474 0.0854285213533375 -0.12458494746673 0.161007944872358
0.131231746563125 -0.029172870068377 -0.0215805342570791 0.141292349735984
0.0770378797781607 -0.0564158109107431 0.0249271790633549 0.0624355238436616
0.0608903881966255 -0.0751065021459333 0.00879934614250471 0.0146361323283511
0.0466941720660948 -0.091366154505361 -0.0132248271195717 0.00442448580253095
0.0550665175942092 -0.0961556088642053 -0.0382888398226191 0.00218951209093203
0.0831445454424323 -0.0681407213482398 -0.0641480785168186 -0.0523024171259623
0.131881154615852 -0.0374415982124071 -0.0814987310131987 -0.143792458725738
0.168592349778083 0.0713666198581581 0.025918058685418 -0.211851702317543
0.0949378852509305 0.167191602290341 0.148255469714233 -0.186828959850253
-0.0227936268959656 0.16012576206296 0.156565309858551 -0.0478231330253822
-0.0731625940746455 0.115143316049392 -0.0304217154985902 0.0203152956385386
-0.056162518999112 0.106587227203297 0.0436312262104444 -0.0164552803842859
-0.0173251423378003 0.136182309038555 -0.12673858744978 0.0588271512263659
0.0563293723565902 0.154434394196165 -0.0968828371794233 0.176698635347681
0.141854211185636 0.0831466938056201 0.0177061850247321 0.17703482148116
0.13371875942295 -0.0280311761080766 0.0783664495349226 0.0978294470652036
0.0838985766389044 -0.0599347374722848 0.0782670369502037 0.00984337578099229
0.066782895272587 -0.077109743490478 0.0367412693382735 -0.0263622124597475
0.050421068745696 -0.0866267336284732 0.00670071789054501 -0.0266557709385038
0.0551176154606705 -0.0823188506580808 -0.0117871982659533 -0.0390006471510162
0.0795618900971164 -0.0517971793590292 -0.01657261009789 -0.100382352740863
0.119415359097425 -0.0187983587413375 0.0139896698977443 -0.18107761008759
0.154054683886782 0.0842408505397659 0.158851126254905 -0.188246444656617
0.0895757835984669 0.179338392085003 0.268359967022431 -0.0879540295082129
-0.0191667716694513 0.181232303404311 0.199068603608258 0.0487393718078965
-0.0737092132856867 0.132924838384761 -0.00814264583732073 0.0261427879410803
-0.0443181999381529 0.0719655611204224 0.0649616895589506 -0.00228847364365891
-0.0235415119061056 0.0938225374585703 -0.0685267262414526 0.114373780641655
0.0301037995674978 0.118522628666848 0.0125305462227393 0.199759736289939
0.105459609942459 0.0673332668262617 0.121270768978313 0.148403263222698
0.109394213805954 -0.0209747245609833 0.155388728509918 0.040749722095724
0.0725648748703464 -0.0492055684321878 0.125781844028139 -0.0446789388267147
0.0608710329851481 -0.0638108039916909 0.0656673232761778 -0.0656866242206496
0.0464897699046412 -0.0676978063765712 0.0250710608793317 -0.0540135726630492
0.046795855613651 -0.0580197417205899 0.0103745271824548 -0.0701001197859092
0.0622449549996282 -0.0301323476439939 0.0264210479332215 -0.125642926348151
0.0876426075955904 -0.00150186603314921 0.104950985598732 -0.172758473089269
0.113054962147783 0.0851344921851873 0.25976499548958 -0.0971188432816745
0.0564928752144555 0.168328722311015 0.322281129360585 0.0700932508612301
-0.0294758609127079 0.175477350461549 0.188371344074659 0.149230544976768
-0.0691719527070223 0.126644158403578 0.00740857616897349 0.0176147937542639
-0.0233003185924127 0.0388560941001099 0.0845895291428887 0.00622647285620014
-0.0145119368174391 0.0487320008670577 -0.0211551754575239 0.130923508114889
0.00599549069258172 0.0669576938207961 0.075929218809016 0.190022534728691
0.0530786744818582 0.0434523675087718 0.177556753019914 0.116992815278806
0.0637543044668023 -0.00587803304339715 0.204742111639092 -0.00190835596972889
0.0467310481269939 -0.0244493117162205 0.159595342928431 -0.0840326758602321
0.0448794965300552 -0.0357630124318912 0.0887207196563643 -0.0941464234542968
0.0361087926455323 -0.0369445181383865 0.0384896259131339 -0.0738188455268029
0.0333768994805083 -0.0276735024805273 0.0252630881949278 -0.0890735157821548
0.0384370558005035 -0.0107769341537665 0.0570072170780024 -0.131691513061631
0.0482865619613098 0.008910747872502 0.164238411677347 -0.1373949508894
0.0587076798749407 0.065294486144545 0.294696414556792 0.0119460320265592
0.0107954033397554 0.11699761309821 0.29684100807265 0.212579757981538
-0.0388449484227101 0.12289591820651 0.143157453039515 0.212217804228696
-0.0516301902807373 0.0859789051342187 0.0187547117897894 -0.00298064351322111
-0.0140032563805238 -0.00500617977712103 0.000544733335140922 0.0339310120052263
0.0183681988420396 -0.0148978736008702 -0.0728650630325628 -0.223697240111832
0.025820566123719 -0.0333053497441064 -0.24968006092694 -0.301146618944454
0.0160257142939878 -0.0391810142724103 -0.324194233713658 -0.0926963904805182
-0.0186610883962198 -0.0299977375791395 -0.209642188112957 0.106447553879494
-0.0237234910448343 -0.00134235425602079 -0.0709603355508637 0.12900416284767
-0.0220681820677344 0.00957748527691988 -0.0241812197460856 0.0939614008457467
-0.0148885463044414 0.0103132109786977 -0.0378202450247979 0.0743907051538438
-0.0106397429122342 0.00980132712054906 -0.0900006765661293 0.109730841271009
-0.0211765958551689 0.00685340088227305 -0.150287390449331 0.11035687385465
-0.0160846619039542 -0.0065990622781853 -0.214705409840387 0.0348098549435794
0.00510535752110017 -0.0134553150843685 -0.192209980872119 -0.0931023107617122
0.00643409294214025 -0.00501399378377228 -0.102010662433226 -0.173325288780964
0.0101845508389704 -0.00154350069297186 -0.0196619496947483 -0.146134444889999
0.00545358340913536 0.00794912852399522 -0.108300302789741 -0.0273053532230876
-0.0467135318892838 0.0770408285008043 0.0146704622404835 0.0239987356631456
-0.00937324644580504 0.102473182912368 -0.0568960715407907 -0.227446777639469
0.0468463927824933 0.0710231984832835 -0.244475063342406 -0.308371840827492
0.0692965041595392 0.0122160167357864 -0.321901030346297 -0.0985131619442069
0.0243628306939554 -0.0321540364435903 -0.214892325296192 0.103930358577331
0.000261075139596695 -0.0172629610843958 -0.0743355336677374 0.125992534563087
-0.000303160775879831 -0.015569648755603 -0.0270439241052608 0.0904191212580009
0.00136382445447318 -0.0269947354691682 -0.0404593122206137 0.072037640832081
0.00843915968349903 -0.0358547775106342 -0.0905152780387566 0.10604465636237
0.0129216353157511 -0.029331129387145 -0.147540523496241 0.100729422532746
0.0352018290538854 -0.0287968483110882 -0.213658021080625 0.027770994719071
0.0638455182757909 0.00791391285915631 -0.184842591791408 -0.0958289352253723
0.0338446247954484 0.0504351989186144 -0.095339057042363 -0.173899257470687
-0.0104948987327454 0.0474115876387911 -0.0154000099510717 -0.137001205714634
-0.0254051437756613 0.0346372612043008 -0.106868952676036 -0.0158409484422281
-0.0651341925918307 0.137235238644179 0.0268979105199221 -0.00321025048916692
-0.0146833903763901 0.185033939073379 -0.0841267446877041 -0.212666134721264
0.0726704333547668 0.145979354550415 -0.282598817606472 -0.235743400082558
0.116452107233122 0.0516142023274913 -0.314210166681483 -0.0297666278714345
0.0657304086284 -0.0320361445735656 -0.187939990964 0.127602992398506
0.0267421690323464 -0.0320622873791298 -0.059423478855352 0.118845952576838
0.0230470002854022 -0.0406837708751313 -0.0234172056385701 0.075342785694025
0.0180593846695928 -0.0599344621970172 -0.0373031286390634 0.0579668070917913
0.0269812088078389 -0.0739003599265441 -0.0812120928821749 0.0834679736209792
0.0448528356496376 -0.0587909965128707 -0.132734883853975 0.0652005836860066
0.0823461762725253 -0.046304866903498 -0.196829873191962 -0.0100644118870307
0.117482272870704 0.0282868792704502 -0.15561786665506 -0.128333079113351
0.0618912450014542 0.101535174618072 -0.0569386021251604 -0.1929492656722
-0.0241668850284724 0.0937210052728609 0.0209634975624176 -0.129333194832438
-0.0512654495502661 0.0625055820700744 -0.088841283484995 -0.00393169104329299
-0.0660011582608558 0.156994106068905 0.0304537192030422 -0.0265454876536926
-0.00246598874528835 0.204835141010475 -0.135923015566918 -0.149680347285281
0.0907740851214158 0.175235181577199 -0.294612393145217 -0.0830254377982932
0.14930750510297 0.0732795059853488 -0.252003706129119 0.0805527179206694
0.103811472038717 -0.0314931402032705 -0.120089148880196 0.151382201189425
0.0546898140529892 -0.0462986607562538 -0.0246441295854965 0.100195937942775
0.0445933301248105 -0.0625796870739556 -0.0116671139391801 0.0499718267093928
0.0330111062992039 -0.0832583827638383 -0.0276209817347596 0.0345636492472337
0.0422689275099391 -0.0956523550806979 -0.0621800101784271 0.046474967379094
0.0700442616420539 -0.0736397199949599 -0.104623160124598 0.00968614637951006
0.117024504128792 -0.0512280303006142 -0.155372873081153 -0.0734841699124812
0.157099957438461 0.048472347094704 -0.0892953420212589 -0.1776196115898
0.0863659947359297 0.141470622136296 0.0247936026925221 -0.210425370486344
-0.0271080170012019 0.132510874526268 0.0852823589928186 -0.105684954935848
-0.0663077490000452 0.091796116131836 -0.059359265360538 0.0104118481809015
-0.060715725072847 0.141589870910755 0.0324118466374645 -0.0310061961528536
-0.00179486553097284 0.177409850028642 -0.157645805284009 -0.0425928226188639
0.0848203907881542 0.17210202903602 -0.221721636148627 0.0804585833488858
0.160309141653236 0.08286060633155 -0.124089875228767 0.162398145358982
0.130450561966354 -0.032136639868473 -0.0213227721662488 0.143191954805307
0.0770356056298997 -0.0588273624921476 0.0236943816979127 0.0620434573128156
0.0600977922256645 -0.0780547863414376 0.00889155122633459 0.0142071001510086
0.0428281116642648 -0.0936610095675084 -0.0115521471199647 0.00499018384024639
0.051215027411388 -0.0986296443416696 -0.0367425406103401 0.00213874851874013
0.082413225742873 -0.0703762771335254 -0.0640663222500854 -0.0512361024828913
0.130544098083414 -0.0409306037169758 -0.082759566388625 -0.140598712659165
0.171808743920172 0.0672352783486683 0.0227331105808724 -0.212567811347168
0.100960105458681 0.167198096237999 0.146832946872911 -0.188740652051674
-0.0196135647994153 0.162382724375225 0.157123841239266 -0.0468785929626788
-0.0713526447867048 0.119115122625415 -0.0294630512093566 0.0239744340997113
-0.0532134818762221 0.109002221527137 0.0438506143716102 -0.0203707074243243
-0.0143273310547437 0.135809356248644 -0.125722430840854 0.0580103200614453
0.0611159391580542 0.153432104351273 -0.0955701217581131 0.177263944242457
0.146101051855571 0.0809068299160496 0.0189775911929543 0.176628351256937
0.133168771786224 -0.0314115841612056 0.0781920904047117 0.0975513934353593
0.0837019847108699 -0.0630761701936979 0.0761552160173626 0.00765829720586373
0.0652394723238915 -0.0806378760269747 0.0360451617642582 -0.0273477147246064
0.0466039247403881 -0.0892206462480865 0.00713445585907843 -0.0263074001695743
0.0515929123761832 -0.0844576327974524 -0.0116548963942942 -0.0393319149572748
0.079254993378899 -0.0536058566633009 -0.018488119782996 -0.10012485309473
0.118652876262641 -0.0210741971300743 0.0115717575550107 -0.179673577348612
0.156855515785339 0.0802026872988273 0.156995248178131 -0.190246518976638
0.0943494426411896 0.178805839450932 0.268382829697742 -0.0900108303865452
-0.0163083179973858 0.18271194272701 0.200778601022511 0.0503180573391996
-0.0716548567441542 0.13690618776422 -0.0069950345878045 0.0294488301959309
-0.0413377296580578 0.0732716177884594 0.0651352313838064 -0.00595553638029476
-0.020853843004842 0.0934770494311794 -0.0670295749498003 0.113939170348936
0.0335510090159586 0.118804322546212 0.0144449388030824 0.199441217859424
0.108283176940587 0.0661337192943102 0.122796515766324 0.146958204401554
0.108442132421592 -0.0238410584550973 0.154884385759009 0.0375739758004218
0.0721263604060755 -0.0517824352925971 0.122628773245025 -0.0488523687361375
0.0596769176717936 -0.0666264356113783 0.0633500403579285 -0.0672961719696931
0.0439951925541791 -0.0699339444068932 0.0240889190035584 -0.0540537258140399
0.0447624926615673 -0.0592923265276532 0.00857847490022821 -0.0709057406380185
0.0619765206847014 -0.0315331946487618 0.0232870958788138 -0.125864595547691
0.0869392958434304 -0.00264069770159595 0.101621910644409 -0.173123383286821
0.115310749650329 0.082607609384034 0.258847702371266 -0.0997305930905475
0.0608999948993235 0.167985404188106 0.32440003802633 0.0686001061232736
-0.0270245815638968 0.176189023843412 0.190741185537717 0.151617814457687
-0.0674903536284635 0.129733864205563 0.00779881521269167 0.0204440163960053
-0.0210632407186534 0.0397647998340496 0.0841426813555051 0.00203833827729675
-0.012722519385921 0.0478251514656977 -0.0200586996603981 0.131302701215295
0.00775429290804509 0.0671058047358482 0.0776840339819271 0.189570969953244
0.0549716618529748 0.0426294177912369 0.178438295802205 0.114031173024015
0.0632672515538678 -0.00780530664921195 0.204282803918519 -0.0079427618019601
0.0465037795011155 -0.0257808375048673 0.155876829252601 -0.090432610595947
0.0446884588048393 -0.0379034902947296 0.0846717297033993 -0.0965932523422429
0.0345582461640619 -0.0390369992966545 0.0363031528638385 -0.073465316383209
0.0324810926925754 -0.0290568107305388 0.0225389448104393 -0.0899992358872257
0.0386993098086225 -0.0113367895654639 0.0527955266814198 -0.132666352709657
0.0475335221436297 0.00869656460410549 0.160484585333349 -0.138802610412847
0.0600313349513778 0.0635007077359581 0.294179142086821 0.00925464535604948
0.0130968196362176 0.117578353268807 0.300494077192542 0.210796072755152
-0.0371568132181979 0.123005580792696 0.145314199545146 0.215864000495327
-0.0504477134754679 0.0877536236507888 0.0185245484280148 -0.000479973669479466
-0.0138511446490242 -0.00353574431062269 0.00366288740303514 0.0305255395318912
0.019560361574564 -0.0171997375208329 -0.0808900468377046 -0.228585571941686
0.0258901489026675 -0.0354967304359647 -0.262584230695872 -0.299505960186351
0.0146874417450899 -0.0408240081809602 -0.329887457769949 -0.0825326319190467
-0.0211965877068082 -0.0290469556465592 -0.207003989958958 0.115974021535387
-0.0224376180397077 -0.000432095175021872 -0.0674603610081679 0.133374195791427
-0.0205675941127519 0.0111958398662798 -0.0194483847436995 0.0957415318060809
-0.0145271129166461 0.0112759974275044 -0.0346812286535616 0.07667299051975
-0.0100033071682045 0.00966163298609647 -0.0827966599482287 0.115186776845131
-0.0203805284933095 0.00841110009229625 -0.143362220366707 0.11933665771258
-0.0170352592522953 -0.00528607181299183 -0.214611699316096 0.0473331748396862
0.00385742261864872 -0.0149776079445832 -0.200002610140702 -0.0861688573412524
0.00661721374122505 -0.00454414845283329 -0.110668789388293 -0.174247220792112
0.0096396959540477 -0.00204511218143217 -0.0248805664368474 -0.145573372089274
0.00561333603226783 0.00835001692396738 -0.110259718927273 -0.0196104243372331
-0.0435716100767066 0.0805410307244979 0.0168904264276656 0.0200519430013261
-0.00494384352483613 0.103059219389696 -0.0642104321765278 -0.233068440525128
0.0515071437516856 0.06912806655306 -0.257600654193854 -0.30731663071817
0.0706633154620495 0.00903991555706472 -0.327888891635315 -0.0880834367617595
0.0216875047080644 -0.0327778970771348 -0.212009746865419 0.115207436216222
0.000459754582316854 -0.0176321996806265 -0.0709831305286773 0.130886370558224
0.000614143446754387 -0.0158868660213745 -0.0227596087283543 0.0913439513961435
-0.000493890753779563 -0.027359209414507 -0.0367599958376855 0.0737163289157059
0.00580167398958454 -0.0376448060429874 -0.083730637992361 0.111758283753386
0.0125381139908175 -0.0304890839988614 -0.141230041186688 0.109486003564019
0.0342871860631222 -0.0313787440566753 -0.213628939243138 0.0399528650063429
0.0651685571390308 0.00321045592802197 -0.192432015141491 -0.089710215446822
0.0380925724485378 0.0500914851416268 -0.10368374306246 -0.174785607153562
-0.00814464843715921 0.0495333137238624 -0.0194830015934455 -0.137027591735039
-0.0241499977081105 0.0377644699320291 -0.108411937020534 -0.00855109789573038
-0.0599900856961731 0.14221004614917 0.0284091331297273 -0.00809526473548416
-0.00786560596181273 0.186894390192881 -0.09232890717874 -0.217967461582223
0.0804174038979346 0.143856641624151 -0.295390155004348 -0.232048541867798
0.120814381398844 0.0470616044872598 -0.318576178234995 -0.019308709266555
0.0631567881245512 -0.0344886745441267 -0.184201674972584 0.138103784159423
0.0263266958558969 -0.0338386090028959 -0.0555574979048374 0.123533734162638
0.0227926772639395 -0.0430652574738559 -0.0203143136847299 0.0770100126111212
0.0143197164480434 -0.0617681657756795 -0.0339129119796215 0.059863475274889
0.0221619139778729 -0.0770100701541691 -0.0755850923956266 0.0885033190491416
0.043606178620623 -0.0624381825380018 -0.128600066914082 0.0720380872030774
0.0806109934962761 -0.0516318747737916 -0.197993087026097 0.000485710464885686
0.1214043411047 0.0219667806096246 -0.163168836308163 -0.123488381129824
0.0699651192685013 0.100842144524767 -0.0651642419639503 -0.195030334152248
-0.0195664757761794 0.0976439794311582 0.0178943964314223 -0.130027614778228
-0.0486097577440742 0.0678695713236483 -0.0893693752711519 0.00310726172894835
-0.0600279580128819 0.162406192263442 0.0308381957938583 -0.0321603283002532
0.00499656375931469 0.206828865518969 -0.142332814240292 -0.15176020898303
0.0999420005257322 0.173121492814437 -0.302561746205746 -0.0766327861802437
0.156495572717731 0.0677420490331278 -0.25253404019616 0.0898800082372629
0.102375242395373 -0.0362739020625094 -0.115409543201818 0.160364516727981
0.0539207570763327 -0.0498010702425691 -0.022047320189949 0.103169397692729
0.0429575475322232 -0.067420243158593 -0.00988654100053982 0.0510335462385857
0.0276090839258097 -0.0864333213332535 -0.0248965803710602 0.0360649600739787
0.0365008508255728 -0.0994870042171276 -0.0582504371545077 0.0498231819095688
0.0683805995648237 -0.0789302652160838 -0.102917214056695 0.0144161320891139
0.115826909685046 -0.0576139691245154 -0.158370713591386 -0.0663488219531282
0.162775532529224 0.0406434036908894 -0.0971424762916726 -0.176040798707082
0.0974318862433132 0.140566735635643 0.0173340955121957 -0.215142308101898
-0.0204033496873604 0.137392017081663 0.0841227884861523 -0.108327463283248
-0.0626634196517824 0.0982234573039857 -0.0585706130110033 0.0159066214775365
-0.0542124256395425 0.146729143263023 0.0325767787443208 -0.0362909257746939
0.00454854514976407 0.179681959005613 -0.160457293913799 -0.0415891525765888
0.0947657219650749 0.170991710320235 -0.222789234062486 0.0875764993961655
0.168555671111425 0.0774013148693994 -0.120350749284869 0.169109791139008
0.129898950821312 -0.038536964393578 -0.0164813484621726 0.148182624766101
0.0755111881215798 -0.0638835253009598 0.0244083355396711 0.0625746662162667
0.0574448582641863 -0.0838456023700382 0.00935422493247992 0.0141342702147261
0.0369008462124658 -0.0974160574371633 -0.0101550038796812 0.00527152964694444
0.0450561485238787 -0.102883753226639 -0.0353965485167779 0.00376551583102497
0.0809940860742659 -0.07568313555919 -0.0654068018559299 -0.0492584178399177
0.130035739232035 -0.0477202372059118 -0.0883558352861747 -0.137215413488235
0.178975260306653 0.059425722221276 0.015545961015386 -0.215903573867808
0.112793747084918 0.165877784295791 0.142550741218416 -0.195640943515556
-0.012375161269599 0.167217706558953 0.159015566074154 -0.050205915112635
-0.0666156249914892 0.126549684035759 -0.0285308581687177 0.0279217473303369
-0.0479184986815175 0.113125229990706 0.0443272125926247 -0.0251425684076602
-0.00928328838707992 0.138106246259162 -0.124783341778237 0.059816492241033
0.0699495725583645 0.153207409043649 -0.0917299674030164 0.182476504143335
0.154198996344276 0.0757778669066929 0.0242094829342206 0.178815398502425
0.132944408735215 -0.0383380510165224 0.0815729520000392 0.0965277682121557
0.0825768483772879 -0.0684273169974213 0.07406389075563 0.00423303849024476
0.0623828971739903 -0.0866250549482095 0.0341267213087855 -0.0293808269098657
0.0410436135668384 -0.0932809709391275 0.00716061353130395 -0.0267378111603272
0.0466604735981131 -0.0884131524836756 -0.0129032319747784 -0.0397883902356353
0.0780289001370715 -0.0584404769589148 -0.0222189386171177 -0.100017949648332
0.118996889159768 -0.0263253763428351 0.00540484420379526 -0.180359442089699
0.163092093462358 0.074438654698604 0.152617399806241 -0.197266341398456
0.105679334869475 0.177817712981811 0.269742233065994 -0.0988109920366125
-0.00888261027823173 0.186396103161483 0.2066392263637 0.0471682915604857
-0.0665330584174475 0.143738473907643 -0.00548142540719964 0.032981414103345
-0.0373405913755028 0.0762851326943939 0.0656533679192834 -0.0112953221544031
-0.0172741394923119 0.0948033740721525 -0.0636088177313244 0.115557456498334
0.0404199043116066 0.118762199635944 0.0204128418132346 0.202443326495812
0.114904389441238 0.0623263799569158 0.128332358018119 0.144868157180933
0.108581542808035 -0.0294332571236731 0.156039837410199 0.0318404546811669
0.0715676328658582 -0.056514795644238 0.118711625048209 -0.0559366601007796
0.0573025831589049 -0.0718468377038784 0.0600927725851788 -0.0711592490217726
0.0394947651698944 -0.0739768685188986 0.0222392221094192 -0.0551254211742047
0.0411705312112219 -0.06225367853286 0.00543764653567514 -0.0727349855254091
0.0615149148963774 -0.0348659902186908 0.0174204205438153 -0.127490783848111
0.0874817677246628 -0.00533572885457425 0.0951977673183498 -0.177046398366397
0.12023753593267 0.077675201686843 0.258451515130167 -0.108570069018996
0.0695873588639915 0.168390771897495 0.332482484675903 0.0603672278733189
-0.0204983188535196 0.179897384214778 0.198767217182814 0.151302260654427
-0.0634292282824571 0.135238277668783 0.00863244921828883 0.0237842599761999
-0.0184280247210308 0.0413121633474396 0.0850414279874352 -0.00317143931583724
-0.0106898538888075 0.0476986259315596 -0.0160397163217816 0.132638622100041
0.0110318469758801 0.0683744650992618 0.0845883080538297 0.190552646858701
0.0581717519203324 0.0410228992632669 0.184227591618634 0.109191615202907
0.063200934382861 -0.0105545111985266 0.204480603975174 -0.0183063593794034
0.0463248738095148 -0.0283710418954421 0.151159131690448 -0.100694082256804
0.042987794671483 -0.0420481978628569 0.0802502117818073 -0.101636021272664
0.0324385924263138 -0.0426203389461065 0.0335903505568041 -0.0753806040333724
0.0312469647399467 -0.0311150104250646 0.0179587829587704 -0.0919280110594072
0.0388634144071346 -0.0134651662636171 0.0457225430872001 -0.134831908976778
0.0484463472081589 0.00773830975566316 0.154975552900757 -0.145091683002151
0.0635058456572271 0.0607116525013465 0.297517889619724 -0.000184282809815578
0.0190754206782938 0.119103042760692 0.312229672002882 0.204595845359906
-0.0327826070809103 0.12533680358557 0.153552946118093 0.218504603685514
-0.0479796317790828 0.0915589718562125 0.0185435568159929 0.00241305274130916
-0.0129154201641141 0.000263008936049961 0.00873008863928445 0.0245476792945944
0.012061373929834 -0.0250520355195985 -0.115408413565838 -0.213458917453789
0.0122854580288243 -0.0421611795102224 -0.302946307161286 -0.249579200368171
-0.000386127242817662 -0.0417106810104229 -0.332855042861994 -0.0261020494251236
-0.0290802963633393 -0.0192962316341574 -0.18079246637454 0.147142877879208
-0.0208535491179975 0.00647621881796448 -0.043233831248503 0.140240071630829
-0.0161421246962026 0.0161170080884166 -0.00254005358560505 0.0952598323975359
-0.0112305314602775 0.0148144013166222 -0.0210081655391343 0.0788501044280253
-0.0076478546884701 0.0122514840040687 -0.0615649622993272 0.124939294359456
-0.0164949260986787 0.0134800983878778 -0.12024672681175 0.138351602130042
-0.0172067712880246 -0.0001205197267384 -0.202018700599201 0.0782190754540612
-0.00011937114918501 -0.0133967786628558 -0.21032417709654 -0.0571261838693098
0.00482307294644219 -0.00279694076131011 -0.134510652410981 -0.158096285892377
0.00788798424720836 -0.00174956987522571 -0.0426515127130385 -0.140198375913492
0.0071730139208476 0.00900059684783356 -0.109068258414925 -0.00187178207166137
-0.0266598560804135 0.0873337743078892 0.0173678338051014 0.00889084800709348
0.00951380069192968 0.0961812935727144 -0.104380233291581 -0.224477632653722
0.0556749231077278 0.0549818463207404 -0.305128908679524 -0.260367316465499
0.0637932066887406 -0.00417217580432694 -0.335552429610858 -0.030961465644751
0.0111943087710811 -0.0300864484750559 -0.185495763493176 0.149181709451535
-0.00172429856525116 -0.0139065150212788 -0.0463624899187983 0.139146376731556
-0.000661065532839826 -0.0159127412404012 -0.00695006124414182 0.093268583048086
-0.00467923536146471 -0.0249281448871782 -0.0224427373524392 0.0773095790917871
-0.00115769474944019 -0.0371627398017695 -0.0625272175474685 0.121118672903439
0.00887691531055666 -0.0313004858551564 -0.120627602126963 0.128455767568671
0.0281063536452465 -0.0346078468684713 -0.202176219351235 0.0720321281480082
0.0644889582010944 -0.00669865808567809 -0.204252030333085 -0.0618841849869776
0.0458662838643582 0.0456386422799005 -0.127544434387441 -0.161016913511289
-0.000520850829321218 0.0519542994127224 -0.0344506484565887 -0.132144273493183
-0.0170667139760062 0.0429680572485757 -0.104304161181102 0.00887888120222948
-0.0312033743774878 0.150072889427014 0.0222236653204026 -0.022265159735739
0.0216341328034585 0.179486935553756 -0.133231760403636 -0.206525303233159
0.0977127595750712 0.124894710560585 -0.334806590916004 -0.181225935317643
0.120907628584411 0.0243304336651014 -0.319038482019438 0.0358655005464496
0.051964066867622 -0.0391086682716642 -0.155577380998133 0.170070402620356
0.020579732748428 -0.0339251712401102 -0.0328736500241111 0.130775240340098
0.0152203945366953 -0.0478531398678973 -0.00748640579454521 0.0804082629853447
0.0036913782894578 -0.0608270011418472 -0.0214909273194908 0.0634181123825846
0.00673957292928817 -0.0784127539045038 -0.0581348356047286 0.0979921886184383
0.0333771064579514 -0.0682430236243592 -0.11365224103668 0.0907764092413134
0.0697347582070427 -0.062370703344304 -0.192314935050437 0.0313537579096692
0.123180729025595 0.00114198938479927 -0.180637538662757 -0.0995971572261788
0.085459256560844 0.0896511793163183 -0.0917015979531201 -0.18684012388656
-0.00381425071442453 0.100986945045352 0.0048633478354951 -0.13055044083417
-0.0359921237861834 0.0769472711852273 -0.0828567171771477 0.0176222821253668
-0.0274791996860248 0.169368021215574 0.0200458951709633 -0.0460654653773343
0.0373570276627436 0.199389550833098 -0.171913985927254 -0.133860852515931
0.124792466603724 0.152243332381608 -0.319184890337398 -0.0272052276734472
0.162692227128629 0.0398225830526449 -0.239818595228894 0.133427635968123
0.0915395979221062 -0.0475899970188377 -0.0854482451753919 0.181742829865455
0.0452431976118585 -0.0554426768444099 -0.00437254524458293 0.107005615225705
0.0303481855675481 -0.0765044807139882 -0.00209578205226014 0.0547701916214545
0.0119452039141034 -0.0877265071125564 -0.0159877899560177 0.0388264286192938
0.0161387092851856 -0.103485650085229 -0.0465751021554695 0.0577066145603609
0.053993391516658 -0.0891957488186629 -0.0975028283608956 0.0300589373223777
0.102283919586447 -0.0750636808689116 -0.163749025227639 -0.038969153344932
0.167534635303105 0.0122626319061342 -0.122948669010093 -0.160867632043407
0.117818751331978 0.122735685356787 -0.0120160342846898 -0.2188147009456
0.00162347520213389 0.139129248606347 0.0742360021150767 -0.117752182663181
-0.0453601840549052 0.109093739387881 -0.051247493000107 0.0264723269258924
-0.0248869788506572 0.152541071339363 0.0214125958162422 -0.0499515547861075
0.0337649007650403 0.176002737269145 -0.171470325224667 -0.022676235055876
0.122642253735269 0.153052024072079 -0.21591204673357 0.120882986147726
0.180451178107045 0.046794574091159 -0.0992618956495245 0.190569701701738
0.120034709055893 -0.0567236307631097 0.00853455118575706 0.156000474675729
0.0645942785347515 -0.0744641255791039 0.0333887268847105 0.0608881291113772
0.0407255991045775 -0.0959284443780863 0.0100013020897156 0.0165155809823154
0.0184139165055063 -0.100819536802599 -0.00660140612074589 0.00727217778155858
0.0239072742108032 -0.108472164895698 -0.0318290441019818 0.00868216344599341
0.0662435168226367 -0.0886429749050817 -0.0708054465845445 -0.0377756277099475
0.117323214489915 -0.0676016970454437 -0.104905001327294 -0.119340035052673
0.185062616741247 0.0271986913108534 -0.0166619051802489 -0.215019525448764
0.136001024131807 0.143442234257688 0.11403738041749 -0.216238156547183
0.0134847517586805 0.166634751227854 0.15665902914569 -0.0696250599496791
-0.0455254752438117 0.13711853126314 -0.0191410389198197 0.0340843927152426
-0.024478203084533 0.117974743163329 0.0358102268192249 -0.0399720787508332
0.0152937943829168 0.138886264141845 -0.118613892800759 0.071416007405491
0.0989872899969599 0.140434890971329 -0.0709255272492911 0.192507815757708
0.16969665140067 0.0467186547532144 0.0438235455751277 0.176570650185294
0.125758612206364 -0.0596659702842482 0.0954214900325365 0.0896184938536706
0.0709108498340553 -0.0825697013902066 0.0715936726678834 -0.00438744365587322
0.0451419527201963 -0.100307355544937 0.026402592032211 -0.0301835142221729
0.0228914764783737 -0.097834974220423 0.0045788319423299 -0.0264815141513254
0.0279820642893581 -0.0949717831186386 -0.0168954661846087 -0.0373554267793222
0.0654137395105498 -0.0709966735791977 -0.0362618494561208 -0.0937241305553179
0.109701499813409 -0.0450781902213491 -0.0198857842941797 -0.174709968099365
0.17133176545401 0.043108105339454 0.121536705239598 -0.214000893192335
0.130369468483882 0.154390864873819 0.253238156589232 -0.137421565892629
0.0193205878986137 0.183560513240051 0.216882610697584 0.0217015650326916
-0.0432919734317013 0.153765278602258 0.00375115208984327 0.0360074067588042
-0.019991574204964 0.0795620672805676 0.0593002704856796 -0.0279522091334804
0.00144220376143256 0.0976529571318039 -0.047932583542683 0.118027835891552
0.0656552327252573 0.11187232098442 0.0443714261216148 0.194286460649614
0.129535383241597 0.0398070984013632 0.142233259970774 0.126212696651907
0.104053342442345 -0.0489615088492665 0.156758467570131 0.0114074722114884
0.0623971381877352 -0.070696497770302 0.103568218812187 -0.0715112951061323
0.0426760752728099 -0.0854087586271721 0.0441376165456621 -0.0760505246807052
0.0246188929190272 -0.0794469442593147 0.0146536368970049 -0.0561970532346645
0.0277312623911111 -0.0691462716435417 -0.0046295306985579 -0.0715854724324312
0.0532834549026677 -0.0453082326228662 -0.00192889807323815 -0.126234878925228
0.0828541545444941 -0.0198747914158181 0.0679551072021423 -0.183508255306792
0.129564320826386 0.0530237295754217 0.23788423272603 -0.139963481900279
0.0944421673745409 0.148560494041731 0.33632652982402 0.0121692905718175
0.00652290410909208 0.177094255311126 0.222267071490356 0.127183812172076
-0.041760526762274 0.144064153959742 0.015946834627425 0.0253420973087123
-0.00783919505953321 0.0415188310677799 0.0800228556271357 -0.021275969128969
-0.000184811002752062 0.0499310164267112 0.00366522699612996 0.128960306190897
0.0278858470742262 0.0672712378303349 0.108714743323249 0.172559168360409
0.0702112079161217 0.029419807000976 0.193035732054183 0.0803024453623906
0.063547457280219 -0.0236310267548174 0.194873797801408 -0.0494004760238718
0.0431301996380908 -0.0403669519874066 0.126677435412471 -0.122574312711699
0.0339782570386304 -0.053135689869054 0.0591528084136502 -0.110576831930282
0.0229536379429262 -0.048379852767267 0.0214202774370886 -0.077106354011995
0.0236036933143533 -0.0371060497508744 0.00386437203259207 -0.0922511833748439
0.0349695059697338 -0.0205827321942016 0.0246855788301635 -0.136891436839904
0.0473363228902306 -0.00129960161603965 0.129585263802264 -0.160306503108744
0.0715565150242053 0.0447027502022177 0.290337918781187 -0.0371768033939638
0.0384344241085034 0.10790416790532 0.335623491696588 0.158358261079517
-0.0129613206194856 0.124619813836698 0.184836937765828 0.200793589095118
-0.0335051520044435 0.0982059759763657 0.0215126981171757 0.00358247890636492
-0.0110322288653039 0.00114238514882167 0.00909108224250521 0.0198034634736183
0.0106498941100083 -0.0263380357583113 -0.119387536817376 -0.204188081746838
0.010351844865916 -0.0419963782455615 -0.301873123267073 -0.232282060418648
-0.00253330247835735 -0.0407811759295453 -0.319619810494943 -0.0131619002443574
-0.0289080148574931 -0.0165897325697715 -0.164634100858633 0.148249516631055
-0.0183664688743833 0.00652015744168662 -0.0351061655383801 0.136744793076414
-0.0133377340000299 0.0154423580188558 0.00168697467481176 0.0913343290713435
-0.00957296472675831 0.014649603196139 -0.0163642801174549 0.0765275572344436
-0.00728397322914188 0.0114487862959082 -0.0504634119089545 0.122157077222392
-0.0150585361297238 0.0138916855777972 -0.10467612601477 0.138309997856949
-0.0170537723755819 0.00065322287746365 -0.188340699871377 0.0860967534758679
-0.00202568437826478 -0.013658323753434 -0.205692541155961 -0.0449192868542751
0.00542641752876659 -0.00316128776216904 -0.136593028466069 -0.14732871775253
0.00710643028811399 -0.00207590818221282 -0.0452552976977075 -0.132660130025229
0.00777527043863911 0.00856550095675185 -0.103741393241767 0.00552283495224283
-0.0209414929097234 0.0854426799005742 0.0162531111896812 0.00371984196926572
0.012787362894579 0.0910592022994329 -0.109958084318328 -0.216225213089129
0.0555343665975116 0.0494584316919736 -0.304141251010305 -0.240857545643123
0.0609629421236194 -0.00738100404911637 -0.322398428762088 -0.0179153340311997
0.00892771643163465 -0.0286310903877511 -0.16865806246398 0.150873205088408
-0.0017119732771588 -0.0135215879438773 -0.0377482822775143 0.136330124041035
-0.00164556989513802 -0.0166587656250733 -0.0023740106216776 0.0901576469288944
-0.00610596789227953 -0.0239171288388197 -0.0176464518832499 0.0744701539459969
-0.00414584933258286 -0.0359529437528918 -0.0513415932523162 0.118929052083872
0.00686644401470743 -0.0309748398583135 -0.106045391866346 0.128566078437345
0.0247396283214922 -0.035117506454567 -0.188951423244694 0.0800080804429991
0.0615329912802424 -0.0110474462575166 -0.198898462592676 -0.0504298168138305
0.0476104330101144 0.0406707208968815 -0.13036239861671 -0.150260494458917
0.00242171285979836 0.0502317039006786 -0.0371612533612351 -0.125440570637922
-0.0130692094324174 0.0427989366363992 -0.0980220775750308 0.0163282627215506
-0.0227862100386443 0.145540232171255 0.0196893731433839 -0.0265388061355477
0.0277728253938293 0.171935198560811 -0.136201334102339 -0.198943352994179
0.0992009192425186 0.11509125864818 -0.329529753589167 -0.164499163013731
0.117459965125896 0.0175191432248504 -0.304988082222716 0.0453383549389726
0.0473495097678594 -0.0388546847246171 -0.139656482948827 0.169676109808461
0.0185290200167385 -0.0341021307641263 -0.0258305420290379 0.127783470268067
0.01151123855044 -0.0482889430838485 -0.0032610810584397 0.0780189700469194
-0.00076493158683522 -0.0589307992274691 -0.0169165309544104 0.0612132989772313
0.00103329928181864 -0.0756479366602245 -0.0480330785069542 0.0960626891865824
0.028362146745895 -0.0682304367348237 -0.102244071115168 0.0919399690985796
0.0639493458496025 -0.0640890891266615 -0.181156446642398 0.0396055153766881
0.11917421417232 -0.00722116579587588 -0.177015821297655 -0.087792889755256
0.0881900129086097 0.0804380193037012 -0.0959712853005281 -0.176647793584449
0.00204130738041834 0.0976683844955099 0.000867495539230939 -0.125075676507875
-0.0296138551442205 0.0766489684813265 -0.0770000755233691 0.0236948307419999
-0.0186000522878977 0.163974594864907 0.016735502485227 -0.0497330329039124
0.0443142595899475 0.190865878129319 -0.171330174970185 -0.128257094670253
0.126997859858758 0.140671789014072 -0.309933701851083 -0.0169643680531994
0.159421049460418 0.0301698502276787 -0.225198431554251 0.13659394256992
0.085354311207402 -0.0494681128424722 -0.0727986869221505 0.178989176654828
0.0411868588608966 -0.0558622522094842 5.38345936890718E-05 0.103494239290261
0.0238587805526827 -0.076798079281782 0.00089407568974317 0.0532419721674637
0.00558207852308163 -0.0850951958495111 -0.0128908859555104 0.0373228180639519
0.00825093672580648 -0.0999090136636979 -0.0395083276575718 0.0567336281297893
0.0472843307890394 -0.0896266289630547 -0.0900285568190872 0.0325365310352711
0.0948497429030158 -0.0775183935539846 -0.156800170644562 -0.0294917260644744
0.162624498134617 0.00178974843377739 -0.12288943621812 -0.149356764499268
0.121524488259689 0.11194988828136 -0.0197651637920117 -0.209716157726689
0.00963106301844162 0.134766968634306 0.0676857486186054 -0.11461949941745
-0.0369320390102438 0.107966427829697 -0.0463798715126812 0.0308544537628331
-0.0163717771502831 0.148026378519166 0.018151680629498 -0.0533534329334603
0.0393372831356837 0.168618274779906 -0.166467389280916 -0.0202120244072126
0.126354587437264 0.141974006994481 -0.204100392572401 0.122050341813346
0.17800414409254 0.0361771730063916 -0.0877691407394889 0.186430714898092
0.112732125434404 -0.0602434947521374 0.0155033767111204 0.150670842276213
0.0586139033580057 -0.0757633748643361 0.0331021465325465 0.0573767376999196
0.0326942214604454 -0.096286570735692 0.0104098800535698 0.0157839991193261
0.0107672153504288 -0.0978136370317486 -0.00536984606070829 0.00640967802418922
0.0153375175515844 -0.105256001267264 -0.0280686628449286 0.00905104112845117
0.0592997178547724 -0.0891982607722643 -0.0682542294756615 -0.0339691390405241
0.109931605304093 -0.0708620666506795 -0.104567616792986 -0.10889555976564
0.180292953307884 0.0155424256497664 -0.0224117676174059 -0.205280305138461
0.139733822343188 0.131867698866472 0.102746241289588 -0.211980266761205
0.02196157752048 0.160995410881547 0.148939554885905 -0.070703351286864
-0.0361980681631512 0.135136438277754 -0.0155302090618313 0.0372939667021416
-0.0174108445302504 0.11378829141397 0.0319720505434674 -0.0442118783957346
0.0202117066740365 0.133839231743369 -0.112062804912565 0.0687928005509413
0.102952929115192 0.130603681380446 -0.0616948191797977 0.187271286897079
0.168302865878894 0.0362599665982793 0.0494070957061138 0.169127921781147
0.117798101207206 -0.0633711782675626 0.0951806303656106 0.0827993830177037
0.0639755055914465 -0.0838865414437046 0.0656799462288028 -0.00702182727373127
0.0369025520139961 -0.10039878589299 0.0233752989725031 -0.0304320272849634
0.0154612093981033 -0.0954758470932504 0.00354865055825417 -0.0264505383154146
0.020639122359971 -0.0918542486910437 -0.0173197201414675 -0.0352559308310077
0.0594526863540411 -0.0715881092095101 -0.0383570152031819 -0.0886243018391493
0.103968043852566 -0.0478807286672869 -0.0251932620846204 -0.165441202894129
0.167497065002553 0.0323888262323643 0.110125091983922 -0.209373538622699
0.13358177148458 0.142510639636691 0.239782018654415 -0.140448629715237
0.0271280748550719 0.176135298150134 0.209895420378939 0.0158711310951669
-0.033926262954228 0.150316127002961 0.00606022483330879 0.0381757725596232
-0.0149465182751575 0.0766994909951025 0.0546323542930086 -0.0330591224024473
0.00529563111551761 0.0940504561409366 -0.0425138708559093 0.112095812101835
0.0695504623394995 0.104642134645771 0.0499226838520571 0.186158277717268
0.128885109522981 0.0314431813524303 0.142136582726605 0.117399800739524
0.0976199982949425 -0.0521137963664575 0.149929634576903 0.00469069578692344
0.0567549123494866 -0.0724782314228097 0.0931503388918715 -0.0736291766779173
0.0356944517917892 -0.0858336527833948 0.0380257703593772 -0.0753952954118181
0.0180689341637771 -0.0781463531903337 0.0117977461376031 -0.0551574590622893
0.0220042148150811 -0.0674326209514847 -0.00796225455044144 -0.0681197736874121
0.0489395763332492 -0.0465179980082184 -0.00737669869826658 -0.119850147052909
0.0794564673247706 -0.0223543641008394 0.0577169786318776 -0.176774475213419
0.126953506525816 0.0434563962144527 0.223877773019287 -0.142006850738759
0.0976161555659329 0.138596601879136 0.325637676175392 0.000532947089923406
0.0139963882818753 0.170230773022874 0.219101485818036 0.118154823725692
-0.0333146362825343 0.140417073927635 0.0171256158043283 0.0276095853879152
-0.00535271917666231 0.0393104725330836 0.0748215801195074 -0.0269231781939467
0.00163384146904184 0.047216777358485 0.00723903255130982 0.121836883231364
0.0305631896124616 0.0633851143140748 0.110929541708399 0.163941283654306
0.0706052067274622 0.0242002457568027 0.188667324679732 0.0715110093680615
0.0602313108498568 -0.0258642109946789 0.182768043985445 -0.0569341280053196
0.0397040622405301 -0.0419045168913515 0.112310702571685 -0.124783489672597
0.0296082067272381 -0.0532861669957867 0.0500645846751494 -0.109657391478779
0.0181219218894933 -0.0481403468858451 0.017634890557583 -0.0747616318437115
0.0203449188983795 -0.0369602730726226 -0.00114480116258934 -0.0878302420553224
0.0324210570667651 -0.0220815146892962 0.0164946221985918 -0.130434975242927
0.0462050253446715 -0.00274083516820228 0.117185707939145 -0.156522924371728
0.0700698920885899 0.0389888495109037 0.277752079679344 -0.0447685870487919
0.0423651042291103 0.101791380127275 0.329665039645794 0.141179176353087
-0.00716215897471025 0.120389512049987 0.184734759569617 0.191340327317467
-0.0274377659416796 0.0958107859680134 0.0210776029584919 0.00687419951061192
-0.00915792794750088 0.00166968787452848 0.00812949297400914 0.0153261969754454
0.010544839905624 -0.0268163997597101 -0.116417886461864 -0.201868725366571
0.00991741773984802 -0.0414623520920945 -0.292300300790432 -0.226925636676013
-0.00307189648247916 -0.0398289857572958 -0.307074604714102 -0.013122885929096
-0.0280988299522288 -0.0150421246804422 -0.155916882668188 0.14233855113731
-0.0172819819609715 0.00578660198880435 -0.0318950505437049 0.132189539050349
-0.0122087332917598 0.0139921083788037 0.00224033793782502 0.088287870747516
-0.00935968133326846 0.0136389043584598 -0.0153630142575147 0.0738409105741565
-0.00750371450765344 0.0103607941536795 -0.0450473667311348 0.116837736148538
-0.0143343618693921 0.0133011502834491 -0.0956945114485866 0.133629228383671
-0.0169513628539351 0.000669110246718022 -0.179087334740983 0.0854336975416625
-0.00289763448636856 -0.014104066362378 -0.198507105684589 -0.0413052982502649
0.00538330681056303 -0.00348990660000061 -0.133059024265686 -0.142267320565441
0.00640343227702567 -0.00147432478066329 -0.0423047880726784 -0.126955807586309
0.00794517547406996 0.00833873626154112 -0.0978325835570897 0.00947799698081881
-0.0185004285699469 0.0824710060273675 0.0145742373573867 -0.000466047022526388
0.0127923587855545 0.086801087083367 -0.107690965711339 -0.212854828837543
0.0534256373855024 0.0466991781703085 -0.294532392792147 -0.234772779400207
0.0583729429505194 -0.00798896713869025 -0.309235974039139 -0.017795097321763
0.00786258860365921 -0.0266752713332848 -0.159190275276309 0.144832400308844
-0.00132726912443122 -0.0133201310988374 -0.0348034965493887 0.131264464456204
-0.00209404233401512 -0.0169865451076522 -0.000899373758873324 0.0871835817466151
-0.00632630224504015 -0.0233601055414074 -0.0162672719050967 0.0713634041382702
-0.00557649761116752 -0.0343599287306444 -0.0455524306143111 0.113998363675179
0.00641855154666672 -0.0306149275527351 -0.0972872796147454 0.124254654306704
0.0229095029697492 -0.0345420277091625 -0.179466263773234 0.0793994124780384
0.0585033443545923 -0.0129733496229368 -0.192397718188743 -0.0469602911007805
0.0473209320581693 0.038068734928753 -0.12613308386373 -0.145297397837509
0.00355680074443024 0.0485500296577293 -0.0348451977165379 -0.120030049241298
-0.0114096493100951 0.0416486625400672 -0.0924003965091964 0.0191217675226744
-0.0210184613801877 0.140239299992921 0.0176869860686207 -0.0298359348763477
0.0271037271833763 0.165230935138127 -0.132566647733221 -0.196278908840116
0.0956050151407185 0.110265388561981 -0.319360507553951 -0.161578038963552
0.113564933833432 0.0154359563368921 -0.29287025808592 0.0430241242335238
0.0446198881046295 -0.0370232613298332 -0.131743058787491 0.163666635178334
0.017752177894589 -0.033293429976737 -0.0240480302646391 0.123262069998966
0.00929122368736003 -0.0477130966379492 -0.00182607939687794 0.0753562650100802
-0.00244040099444012 -0.0574462561690108 -0.0159447729060026 0.0582234333647391
-0.00134301538472232 -0.0724744237373451 -0.0425139717937068 0.0915174832205709
0.0262775093752845 -0.0669770520548182 -0.0948814337007394 0.0882200392608947
0.0602811370043004 -0.063463385704324 -0.172342994538088 0.0404012017283179
0.114889979565687 -0.00958052877636446 -0.170244832774226 -0.0839406627958378
0.0876498254039888 0.0763642544345441 -0.0928242594482894 -0.170940967733206
0.00430779773667939 0.0941862589885465 0.00161412664395826 -0.119352108110698
-0.0266332623469757 0.074258362683435 -0.0722880762079812 0.0263985938617278
-0.0171076898425528 0.158206832654862 0.0150443538640084 -0.0521005395737215
0.0428939737250514 0.184835867347012 -0.166697164429476 -0.128538910922671
0.123301127726721 0.135368561429112 -0.300103456314859 -0.0193988269131802
0.15557683234837 0.0278398306190689 -0.217236169032161 0.129538437129272
0.0817468537378852 -0.0478435545230705 -0.0683019240769196 0.172338570143275
0.0392249511597428 -0.0549025965361314 -0.000715799274192881 0.100105297944662
0.0200033406112212 -0.075742824546426 0.00163638061621238 0.0515822608944233
0.00273062792166789 -0.0822483074867249 -0.0119155804060613 0.0351685109526592
0.00519034895950308 -0.095442986076206 -0.035480981702224 0.0533955615111898
0.0443293188787329 -0.0877644968228835 -0.0843305734074448 0.0311729396851973
0.0907183700293067 -0.076435211844061 -0.148630673475522 -0.0268096225224076
0.156885391146907 -0.00199744732320912 -0.117886671790237 -0.143980725716872
0.120030127913663 0.106259515123036 -0.0190833284146243 -0.202946522884085
0.0120123567253951 0.130102039618221 0.0659245602917616 -0.108435053576963
-0.0336707985834667 0.105148446394632 -0.0424593505019002 0.0330914388263068
-0.0145780930509498 0.142133051656173 0.0162320198042215 -0.0557787582923997
0.0386351767692166 0.163853192928553 -0.162473888694604 -0.0246509939578338
0.123188118885818 0.136604941382285 -0.198180786404962 0.115696248182877
0.174646872458619 0.0324712459220102 -0.0846234131905662 0.178249564209578
0.108060741909935 -0.0585443608691115 0.0158215188057478 0.144667048797133
0.0555990156389712 -0.0749508422872856 0.0302667261203069 0.0559706011538988
0.0281532182179084 -0.094608963967523 0.00986702002798492 0.0150300356063239
0.00744154455226775 -0.0944624254234495 -0.00510709715049046 0.0051089053761879
0.0118172332035797 -0.100351540817503 -0.0253075189196693 0.00796827571752577
0.0557703758271968 -0.0874537576282044 -0.0644256712198695 -0.0327880486741086
0.105516811207671 -0.0698641987026684 -0.0987192128218284 -0.103567343517561
0.174757281064255 0.0120674841324295 -0.0199431661449171 -0.198775154558866
0.137147571461307 0.125543511430331 0.100211947623845 -0.204591848172535
0.0234269606084741 0.155179985987867 0.144121518214436 -0.0651111507584047
-0.0331736638300126 0.130908374223323 -0.0132185326675217 0.0391342672151613
-0.0156918601046358 0.109916459036265 0.0294938968843284 -0.0466958583470239
0.0207132133717015 0.130286921283827 -0.110492965091038 0.0621867382496664
0.101977101843903 0.125760839269047 -0.0604672405708445 0.179723206556768
0.164948614023907 0.0326236815533593 0.0478180600761125 0.162303215404524
0.113366940699472 -0.061938755006769 0.0918283845729254 0.0801034529650857
0.0607259185743528 -0.0830968508701042 0.0601365540591812 -0.00635578813833456
0.0324848627065692 -0.0988311394980117 0.021759955552753 -0.0298410431729959
0.0119720711829158 -0.0924876118724787 0.00334843949025556 -0.0264686726907316
0.0174499689974513 -0.0877927265783907 -0.0159069168265578 -0.0343986772839015
0.0563439275495652 -0.0701652895656606 -0.0367971181841777 -0.084693686572634
0.100297322324777 -0.0474273063642843 -0.0232083104123992 -0.157692842518387
0.161631810008798 0.0291201815926477 0.108385166111057 -0.201352532755745
0.130633416155162 0.136761328135215 0.23332291810143 -0.13486842480385
0.0277960076873392 0.170143518002827 0.203518417881364 0.0196394163016933
-0.031613034833422 0.145244371656479 0.00742511591444669 0.0407953513897432
-0.0135275207495959 0.0733990163371649 0.0513789001444188 -0.0356997014976075
0.00561223875469413 0.0910894093508128 -0.0431844142128674 0.104949528791961
0.0692925696028438 0.10057418089523 0.0481318077199135 0.179504886064925
0.126691248098967 0.0280416036473542 0.138055082682523 0.113252681743566
0.093895340950603 -0.051499790367023 0.143178879566258 0.0043910573777577
0.0537005081391961 -0.0723135522735504 0.0850279547888893 -0.0716515120361268
0.0320051697541285 -0.0845609199882683 0.0343984351486625 -0.0740734089899638
0.0148534656238342 -0.0759377633601937 0.0112705461088811 -0.0539567005434077
0.0195678430178639 -0.064181454175742 -0.00763090718236184 -0.0654378068657777
0.0468293765835231 -0.0454865804936457 -0.00798733904788143 -0.11423301593548
0.0771527671969035 -0.0217882877524942 0.0561934191764975 -0.168452619831747
0.122652109358484 0.0408624061160646 0.217144698264137 -0.135381706350842
0.0951716631088993 0.132668093100455 0.315245871042062 0.0019222631707046
0.0141329587634745 0.163838468395387 0.211281089056829 0.118988612123151
-0.0312888219519339 0.135453731009393 0.0174461066683272 0.0306095651582335
-0.00433868715842973 0.0371972816318464 0.0701540448012269 -0.0286546656679583
0.00121008707472488 0.0456192950049852 0.00570325221048903 0.11526460695776
0.0306897680509302 0.0618329378083035 0.108208534929964 0.159171835711621
0.0694012531082468 0.0220999017030695 0.183755229530875 0.0695385234214694
0.057778213200818 -0.0253889023425844 0.17371762677944 -0.0557767620327245
0.0375903962198086 -0.0421149514855663 0.102707585322749 -0.12194893191757
0.0268891432846209 -0.0530835948116993 0.0454614843527696 -0.107346200028781
0.0159930364408723 -0.0471525045459728 0.0168401098124164 -0.0726425957288903
0.018856996876511 -0.0352039253276172 -0.00187324367667796 -0.0841435661263648
0.0310394217061901 -0.0216918320739312 0.0145149094684364 -0.123662176584179
0.0459437876915682 -0.00241045008370448 0.111667285679182 -0.148355914532747
0.0673917764375719 0.0363715291311926 0.267688561258202 -0.0409948327311293
0.0413113396373823 0.0977902469628833 0.317768405758835 0.137448821551591
-0.00647976115025159 0.115612394270854 0.17814517372323 0.189949951909273
-0.0257061637360775 0.0923734230977588 0.0211376569940401 0.0107133098340304
-0.00737183801527164 0.00196670904499272 0.00640512547454297 0.011473222876663
0.0108982365595538 -0.0277192574789475 -0.114031510198915 -0.207236447478799
0.0105439389613354 -0.0425227202683437 -0.289804533501501 -0.233640027052672
-0.00257788145986677 -0.0401908397368593 -0.304974459975157 -0.0200318894006895
-0.0280392329777352 -0.014556796634695 -0.15593379969254 0.137579137086805
-0.016585900026552 0.00510023995798554 -0.0333073056991172 0.130667958213933
-0.0118669172210638 0.0130811724708833 0.0016581606606581 0.0882567647922065
-0.00947759218829346 0.0138473098025332 -0.0163800907817757 0.0733779982658581
-0.00799753521640816 0.0100023711980863 -0.0439570539305818 0.115223201990992
-0.0136834256419495 0.0135971939745462 -0.0934016427024666 0.130926687464793
-0.0176726908850914 0.000650209170205288 -0.17807290218205 0.0844885788600616
-0.00392346982200471 -0.0148277773891031 -0.198648031536081 -0.0436083573968057
0.00566251078265156 -0.00379426719388731 -0.130859912622239 -0.145490160355918
0.00647079547514682 -0.000790956868113308 -0.038066716874272 -0.127031543966519
0.00837544478011825 0.00838016556256221 -0.0959700893452615 0.0112479278164315
-0.0189027714011713 0.0817979258643134 0.0126870219958077 -0.00446823074119558
0.0107702686328271 0.0863067847365225 -0.104489354663174 -0.218889415062018
0.0519578711095783 0.0468751830144845 -0.291000317806547 -0.242819174055345
0.0582788718967264 -0.00784680904155696 -0.307677766791424 -0.02564166123592
0.0075640133221524 -0.0256786679019997 -0.158694659399717 0.139935043966335
-0.000678433185517722 -0.0138468301254736 -0.0363540786163918 0.130717000400341
-0.00221000419301896 -0.0177575252330633 -0.00178765730830821 0.0865908790241537
-0.00719473927013007 -0.0231337570001928 -0.0174821741152406 0.0708328049664247
-0.00617354459898605 -0.0341455008814062 -0.0446316033851912 0.111665360017186
0.00644997322855267 -0.0309233333145597 -0.0957426754474386 0.122235673173932
0.0230730917685033 -0.0346363031520109 -0.177694591240149 0.0780351691210901
0.0579776077375155 -0.0135241804476069 -0.191142442417872 -0.0497234224375986
0.0478428156230415 0.038042576584583 -0.123858517157627 -0.148528338387102
0.00380435692652862 0.0489285293917049 -0.0313138200696511 -0.119656086087619
-0.0112041638750983 0.041535874715077 -0.0901582495841828 0.0206452833208049
-0.022499264314732 0.139246110979364 0.0165931569645392 -0.0338530719065433
0.0241156106594562 0.165546148711956 -0.130775463247788 -0.203602959548959
0.0936421848296769 0.111351972283187 -0.317246283055879 -0.170883558937711
0.114091809019864 0.0162963128949351 -0.29342801384222 0.0345397595475406
0.0450420774744164 -0.0351916043734549 -0.132100485991298 0.158921241088042
0.0183995241905692 -0.033634018097501 -0.0260044961149064 0.123011863064836
0.00840055333702468 -0.0483746395094161 -0.00208918938727936 0.0749491891656971
-0.00331128196511617 -0.0572294621509984 -0.01730401353157 0.0573933724509476
-0.00216256537098885 -0.0715249288932331 -0.0412964745253882 0.0893995361945414
0.0266433042814443 -0.0675759430403058 -0.0932394980589048 0.0861972829802319
0.0605452126553913 -0.0635651697547103 -0.17012383432852 0.0386240249327902
0.114831771121594 -0.0103779204834043 -0.16823421927145 -0.0869669511458664
0.088193386038842 0.0766998609937906 -0.0899833267859785 -0.173866717254691
0.00450744464570359 0.094213986380014 0.00510371433123235 -0.117152154505485
-0.0267510192010647 0.0744231118005995 -0.0701843484162648 0.0280067345099622
-0.0189388187481903 0.156984094060516 0.0143270950152552 -0.0558856840230735
0.040075785398377 0.186638502623234 -0.166105192137046 -0.136987102593896
0.122100686449682 0.137413910228258 -0.301411532755768 -0.0289348791668687
0.156590733382248 0.0286429274777501 -0.220254326376808 0.123451951629118
0.0818303833938677 -0.0454986855769 -0.069816997519691 0.170114385383538
0.0396005975951407 -0.0552289712585541 -0.00338333088628239 0.101044629291018
0.0187033096065149 -0.0757897491807495 0.00178634860453054 0.0511005724443294
0.00183146971973942 -0.082155793873733 -0.0132105051554171 0.0344940796444847
0.00417491606996636 -0.0942840614986254 -0.0339424949379312 0.05184410239981
0.0444437774978627 -0.0876899441055223 -0.0826751937759374 0.0290493072468205
0.0911263247837067 -0.0764404500224747 -0.145500579047996 -0.0284273852649409
0.157345733586611 -0.00187209577869896 -0.113541179998299 -0.147138588991724
0.120423116680995 0.107086670326957 -0.0146299659292902 -0.203529342476203
0.011977866067562 0.130436465951074 0.0696178292193706 -0.104639267932865
-0.0342924544057458 0.105231303013432 -0.0406300000780438 0.0353814444178629
-0.01628764747545 0.141330399867164 0.0157001149667888 -0.0595269489367935
0.0368782643604823 0.165843709299522 -0.164338378320373 -0.0330069495523874
0.122831318979774 0.138528941990213 -0.202575425070724 0.109099379796853
0.176924623839271 0.033868390330553 -0.0890721958007649 0.174831748342873
0.109353352783897 -0.0565608619685611 0.0137111740846319 0.144382911424149
0.0558839876197204 -0.0748629728116591 0.0267714557579485 0.057367173616738
0.0270990182442013 -0.0945718067848886 0.00941100985383353 0.0144025533756484
0.00631959937676491 -0.0945070233211965 -0.00567819575105543 0.00443903340527582
0.0117710991322824 -0.0988161972904386 -0.0237974459555447 0.00638490533837524
0.0562833084866117 -0.0872766993585776 -0.0627314157584891 -0.0340557545944685
0.106615072555929 -0.0691401310689503 -0.0938738236060918 -0.104243992083853
0.174746080783911 0.0129937717660029 -0.0140129832104154 -0.199484204275882
0.137505023421963 0.12689754074836 0.105894640206101 -0.201840500460294
0.0224708628478495 0.15542850443769 0.146930667158577 -0.058282977164268
-0.0345378017963825 0.131324490650804 -0.0117531612244458 0.0423709461411408
-0.0163936207389263 0.109079008883431 0.0283070002917284 -0.0498778961395054
0.0193171835465625 0.131405328661217 -0.114386913663885 0.0557837020207519
0.101435726482646 0.127910394845899 -0.0657069836427755 0.176942498823292
0.167556571583634 0.0331829208406808 0.0445726798405727 0.161818555556673
0.114375768056086 -0.0604548386723421 0.0904032024811983 0.0820175962410318
0.0608658718095653 -0.0834596674165353 0.0568400778670053 -0.00420328720590916
0.0314231303266269 -0.0989838395641754 0.0205564231551721 -0.0306241691260597
0.0107717654458596 -0.0920109121725353 0.00340255143485429 -0.0270302349790039
0.0170994809535406 -0.0866160939618497 -0.0147393258661954 -0.0347695425052425
0.0565144947712988 -0.0696744033428304 -0.0345711755382733 -0.0852269812036729
0.101303437378916 -0.0460627917165319 -0.0186319606470854 -0.157109067833928
0.161113847985777 0.0307364132290467 0.114610648304013 -0.199708602526279
0.129619183418554 0.138597722909619 0.237325260803277 -0.1291260473397
0.0256967570812395 0.170094434681741 0.203671411623754 0.0290798944953712
-0.0335965556261889 0.145289280700959 0.00863726636938368 0.0447902499629665
-0.0142086288308927 0.0721890114513196 0.0498351788659776 -0.0381432443098785
0.00438392349488535 0.0915696186333283 -0.0479009752658445 0.100719369801922
0.0695067148654738 0.102003114442077 0.0439371495484779 0.180403380856772
0.128503941207432 0.0289442227690353 0.1368028880457 0.115390039303343
0.0945716547014848 -0.0507342529844849 0.142298625150018 0.00689547855536765
0.0537460926992902 -0.0723261053565105 0.081638851069459 -0.0699835445828106
0.030542512798529 -0.084923737447157 0.0332645564382209 -0.074622361358032
0.0139055717388838 -0.0758450610488226 0.0117054504004139 -0.0546447092026974
0.0194208309748923 -0.0632244231691773 -0.0065827230390003 -0.0654025998326933
0.0470075923702622 -0.0452506005630291 -0.00611429573900871 -0.112784921070093
0.078032751218846 -0.0205676213021538 0.0600182594255482 -0.165549685079486
0.121227460416396 0.0424039326771116 0.221991243929448 -0.130029424698218
0.0928800569151683 0.13467922438479 0.316028906573433 0.00955076809510002
0.0116948960301928 0.163638092567152 0.20936292815267 0.129430922418274
-0.0337006702921893 0.134796028158834 0.0184773936214873 0.0355395311868366
-0.00490707280466882 0.0357104743539497 0.068666496147785 -0.0302906382176507
-3.86166291619482E-05 0.0448821678812234 0.00107239442696891 0.113034560530216
0.0308409669997362 0.0625502327559564 0.104758173379096 0.160898930160977
0.0704371434957421 0.0224759502963279 0.183497677775917 0.0725883585539985
0.0581333465737692 -0.0247524189668479 0.172209190673236 -0.0534131399020893
0.0376457246268455 -0.0422310679741303 0.0999399617987881 -0.121202509241536
0.0257211597039787 -0.0532589146885383 0.0438511622916656 -0.107783334268588
0.015515532057192 -0.0474285999718773 0.0177323811005992 -0.0731585328012379
0.0188689787573732 -0.0353076658021183 -0.000860006272146524 -0.0832631159843674
0.0310971246459156 -0.0214897527249281 0.0156642586912498 -0.120889306782412
0.0468129266879457 -0.00215163963985354 0.11347395138335 -0.143412351607156
0.066492736999928 0.0369681378972831 0.268591368838924 -0.0333949071928365
0.0395623511974968 0.0980390056655994 0.314873797782635 0.146041925418301
-0.00843147569589155 0.114688148294074 0.17417333220548 0.198893648624086
-0.0269971835563788 0.0912816906296854 0.0223582964658636 0.0159471789983508
-0.00506210134864145 0.00242775197628415 0.00503920359320344 0.00673065745935629
0.00472680967317614 -0.0301953965215082 -0.127094433058131 -0.211243227417853
0.0013592506212512 -0.0431827296015292 -0.308471528307668 -0.225625686061691
-0.0122179546463634 -0.0387941961165559 -0.309850109810081 -0.00578792032474461
-0.0298431363853944 -0.00808841601917967 -0.150816305797842 0.146487575059696
-0.0148250837083031 0.00705095146704033 -0.0269109289634028 0.135171065901012
-0.00982982871605394 0.0147907580888361 0.00779287375689854 0.0892336611363218
-0.0084136635552759 0.0150097915742371 -0.0120991943479701 0.0776904757960201
-0.0079993764449513 0.0110954405706387 -0.0369816767357515 0.122825920016156
-0.0136316733451765 0.0134302811958258 -0.0874226767432024 0.142972440448608
-0.0189707437591069 -0.000120323597759087 -0.181129223662257 0.100978191312438
-0.00443037430462454 -0.0183384266491015 -0.214221933626199 -0.033821000601342
0.00895467482956285 -0.00596814591820295 -0.147564960532963 -0.148843639816052
0.00951798881557495 -0.0001647015873252 -0.0464881140010325 -0.133083146268655
0.00984681309137855 0.00703564409766101 -0.0981221086908199 0.0180322199437088
-0.01012332879371 0.084102687959424 0.00493125440324428 -0.0112589529109351
0.0137246970505822 0.0857513688072716 -0.125453617486426 -0.224053059269996
0.0518125480953006 0.0440401207191818 -0.317616666505822 -0.232213499957287
0.0536834133332409 -0.0120100593626321 -0.317346788996872 -0.00756454170919258
0.00542779232547189 -0.0216659090743715 -0.15215499975964 0.151182071642583
0.00012579144703102 -0.0128719044453266 -0.029137716726875 0.135730649744358
-0.00452911468222094 -0.0178851712724438 0.00605827827363841 0.0898329073493631
-0.0090665348014471 -0.0227410719898508 -0.0128850121147471 0.0745278415614292
-0.0106013996772099 -0.0341084678202543 -0.0372689264551859 0.119568003153178
0.003467080332908 -0.0340766730501179 -0.0909174896895054 0.134749516279982
0.0192479007738482 -0.0397564313177677 -0.180902461492608 0.0951281659174174
0.0601833214426339 -0.0230212857174769 -0.208283223242967 -0.0403947878631997
0.056565123085302 0.0338269493251692 -0.143124214694606 -0.153318919961628
0.0105577410211894 0.0513652601652792 -0.0364223321850116 -0.127792796986573
-0.00884177763916883 0.0436985872122886 -0.0892027735567073 0.0266679547586147
-0.00966384239337218 0.142188285301549 0.00354624664001808 -0.0420662427999653
0.0344371854370827 0.166524458994744 -0.15643657830781 -0.207901956098696
0.101828619853248 0.107049550283144 -0.347615374742713 -0.155493100450632
0.114303803681156 0.00770672254447421 -0.304289009802655 0.0573735990986719
0.0433049748636786 -0.0342366492038681 -0.123093061145909 0.17253008074032
0.018150733678666 -0.0344314886915031 -0.0183282145526541 0.129318317661612
0.00259914885690646 -0.0505072866147877 0.0057993825774411 0.079917861801112
-0.00787230186512395 -0.0575244078641169 -0.0125865647064216 0.0600212662470938
-0.00978891596159445 -0.0724230787933045 -0.0357655532794378 0.0956893698642861
0.02083101179944 -0.0733115634892255 -0.0910108084785703 0.0974408768468923
0.0561084607785585 -0.0727183174639541 -0.174560565085532 0.0534286130961612
0.119819654528688 -0.024817672800036 -0.18719448448162 -0.0812714067650209
0.102551576710764 0.0711911885707621 -0.110324193181676 -0.182915343234435
0.0147870212692306 0.0996590869351138 0.00437819017464911 -0.128835851763044
-0.0234000459793725 0.0801134375647466 -0.0654060585427908 0.0322483663296026
-0.00515386616212248 0.159511965694247 -0.000415745385065832 -0.0648340274428568
0.0535506968032256 0.187803214934897 -0.191567776882007 -0.137432661956024
0.135967126003106 0.132227895830822 -0.32749100563848 -0.00841589416324143
0.162166286891776 0.0161652647165275 -0.227919692119247 0.14758693330649
0.081456078275968 -0.0494506817374176 -0.0581686242007196 0.183441662497073
0.0376626697409053 -0.0584278856908201 0.00386392710703955 0.107521054562187
0.00983960336557195 -0.0797923242620546 0.00855807141445461 0.0565992663781458
-0.00547689861853854 -0.0832103310430058 -0.0097427968496965 0.0355066690693785
-0.00522144494802923 -0.0956763145582219 -0.0306536140329535 0.0552708221921249
0.0379084174297012 -0.0955482886838595 -0.0843123643257411 0.0368896488525379
0.0872518809173499 -0.0879973963163899 -0.152665128035117 -0.0189173361766507
0.16528979922575 -0.0183837972338506 -0.132979568783455 -0.147949510561635
0.138999064281112 0.10160438982913 -0.0329254583913921 -0.219956363750899
0.0243024301919068 0.138102073268891 0.0749582023939902 -0.119594371107388
-0.0298510018535498 0.113815549195079 -0.0330405226696345 0.0376555859412382
-0.00410464277732674 0.143812277527531 0.00216780202280428 -0.0680238203751198
0.0511626127990058 0.168116647266728 -0.184289971093104 -0.0297483218972904
0.140978405714017 0.133293529681285 -0.219338462951729 0.129323268334941
0.186208900509703 0.0171252913582633 -0.0914621286188186 0.19660144485205
0.108927394799361 -0.0649222856136327 0.0265664309241151 0.155516668614238
0.0523573994238669 -0.0811244587368629 0.0325995526836533 0.0629236733572434
0.0160842581797816 -0.10059593434636 0.0137728679842813 0.0198854659416677
-0.00191916970685356 -0.096290269764828 -0.00427441366191796 0.00405002332789274
0.00169252862215236 -0.101186203243784 -0.0235763416919959 0.00717638671665197
0.0503394820969116 -0.0952834664008882 -0.0676091174752695 -0.0308962563414681
0.105114988104398 -0.0808232727387432 -0.103927369649504 -0.102517796908217
0.185496017978878 -0.00216882637958031 -0.0305994955546857 -0.209787465037122
0.156868046896732 0.123744449635251 0.0953049242699736 -0.225376596958691
0.0354809167170501 0.164552422384486 0.160070344262571 -0.074875132634035
-0.0292673057424396 0.141975336387632 -0.000931836389696459 0.04263240698005
-0.00713064525430383 0.110746080637078 0.0180372256751927 -0.0584277006919451
0.032299946183283 0.134433038800371 -0.127453215224607 0.0596503938211106
0.120345348138613 0.122495107959281 -0.0721383273479241 0.191646900962364
0.179105799362495 0.0159422906904406 0.0466925741050291 0.176779322305155
0.114119412721852 -0.0718026762740557 0.101980252536457 0.0871982111558599
0.0561763339963111 -0.0911171264768416 0.0591563109415217 -0.00221935009671619
0.0200240988760344 -0.106180198093717 0.021194350717432 -0.0266738143679442
0.00259077233424466 -0.0943931266578179 0.00258716235244892 -0.0294639326970546
0.00882735215802329 -0.0895495117412187 -0.0167780282884251 -0.0367946574458044
0.0530254396303318 -0.0767396191931418 -0.0417024849818609 -0.0864864598334047
0.102510905179997 -0.0551266596252324 -0.0269842292834466 -0.16209747176349
0.171780703523719 0.0204500926001172 0.107398847817771 -0.217344503063136
0.147023922275547 0.139250084734435 0.240152215534244 -0.154304586712796
0.0363645121949741 0.180485819400414 0.225681267242359 0.0161782997239642
-0.0285248022798386 0.156586315365202 0.0206787177140184 0.0445741652915244
-0.00812770231183726 0.0730115818147486 0.0430418637798572 -0.0460348433354311
0.014468581919508 0.0945972445880711 -0.0543282122299521 0.10298682688057
0.0853151097345459 0.0979253321010433 0.0442595872428469 0.188116866494094
0.139203399292313 0.0140359481110069 0.141614796317254 0.121501882997203
0.0944876308271896 -0.0613960685522837 0.149431455940306 0.00567622687647504
0.0486090725803975 -0.0801878187273825 0.0797883649051704 -0.071752460958145
0.0207841944437418 -0.0917853742882554 0.0294121571568289 -0.0737234926333144
0.00723243715687316 -0.0781634070770465 0.00917436749256579 -0.0583354978936596
0.0136753569161116 -0.0665016908300763 -0.0108161653280859 -0.0687803179541373
0.0450340835959215 -0.0497476338477123 -0.0132594670058916 -0.116933333694516
0.0807046987173413 -0.026399659675133 0.0544353513570132 -0.175356278376638
0.128803579190504 0.0377333236909111 0.226579652217705 -0.148941442043795
0.105168949577792 0.138182013337957 0.332565193820865 -0.00983551765020192
0.01854818321142 0.173427059562362 0.237046183202928 0.124769014402281
-0.0292032702726767 0.145265184955196 0.0304149314621177 0.0357829390500257
-0.0017135765310308 0.0343526549948425 0.065386799223947 -0.0374654541472273
0.0057584257198618 0.0464138470408854 -6.52951366137793E-05 0.114114481485959
0.0418313498048572 0.0608096143310774 0.110308047382306 0.162777478837305
0.0783786139528264 0.0139865091465952 0.190780982236316 0.0702768956564978
0.0592431234865391 -0.0329789923109109 0.174472257347009 -0.0612386417026369
0.0339337093210521 -0.0488574604641008 0.092940848559366 -0.127234531096224
0.0196649002886433 -0.0588686423880185 0.0369010195110477 -0.109948696957674
0.0108024785088161 -0.050098773408847 0.0133378528413103 -0.0780597075276109
0.0158066770932849 -0.0380425596298317 -0.00624776262361141 -0.0870690601159225
0.0307379135763264 -0.0240497592788716 0.00950849032099405 -0.126277430800617
0.0498904829448669 -0.00424556858654879 0.111576926352117 -0.154881885087169
0.0693578670132723 0.0371198902620364 0.282338123922881 -0.0482297186947964
0.0438646171556564 0.103401140694901 0.340604729408023 0.136179516685609
-0.00712972942438351 0.121697918063507 0.201581230154029 0.204344896079765
-0.0239376496142201 0.0981796227687781 0.0309970296677915 0.0172479163765507
-0.00216011106296086 0.00182052836645573 0.00230067367057731 0.00285072257581881
0.00416850498986341 -0.0330480271009781 -0.14486167083182 -0.216191098706765
-0.000973283941226968 -0.0454398822390259 -0.332718897818193 -0.221025130792599
-0.0156674420840744 -0.040244295787788 -0.321344046021189 0.00670381704877755
-0.0311843485186735 -0.00612974732562301 -0.148034040233142 0.156715545536384
-0.0147597147441158 0.00747417855497166 -0.0207394994922027 0.14081676300743
-0.00928300516150484 0.0153803852379253 0.0131719890097048 0.091761451580365
-0.00780929906890775 0.016566791072023 -0.00790619743635873 0.08162131292638
-0.00816805364236684 0.0128715649317602 -0.0294912840882021 0.128938777170774
-0.0130320179617965 0.014881743970762 -0.0803157513244217 0.151646432902065
-0.0199241897889624 0.00174663117292329 -0.180859518762632 0.115340214440242
-0.00692582698473324 -0.0183347327222671 -0.225223170877353 -0.0233738296463334
0.0095221572905628 -0.00655830717078576 -0.16266178432459 -0.148736942124508
0.0102637552107619 -0.000283170633499014 -0.0528067353998538 -0.136486742157624
0.0110971661975962 0.00698681099927445 -0.0979314701904024 0.0265300526474422
-0.00488560816442428 0.0868965950205688 0.00129564865630343 -0.0159975925245505
0.0182327768432141 0.0874689310192687 -0.143615279879499 -0.230419547456274
0.0555424747254813 0.0434071428423938 -0.342295156919615 -0.229014766473337
0.0544463744667826 -0.0155909439438323 -0.329914521883856 0.00427179799868434
0.0048566216866554 -0.0216937934452104 -0.149100508512392 0.161286230133554
-0.00042087690373567 -0.0137104284116343 -0.022773230352945 0.142535205189608
-0.00602016767463624 -0.0190175621243218 0.0113476421762001 0.0919030139628225
-0.0111465734890057 -0.0223360908515564 -0.0091951273711278 0.0777831324510844
-0.0134746610739961 -0.0339571999828609 -0.0300825111798996 0.124955670874521
0.0014691560489476 -0.0360332702356847 -0.0841195412181601 0.143385206433843
0.0176597397215414 -0.0428107029243344 -0.180674135258065 0.108928843185686
0.0608390787161968 -0.0281621951916229 -0.219934882960118 -0.0317578274138523
0.0620756792765236 0.0316643056473509 -0.15844921683441 -0.153843910917952
0.0143179060417304 0.0532189803322527 -0.0414810213318554 -0.130662543295955
-0.0059172604116412 0.046861324630146 -0.0879698704636612 0.034484356398864
-0.00273674764922417 0.14744347557671 -0.00129991370130063 -0.0477955937212599
0.0435245243115917 0.171088197622052 -0.175248535552512 -0.212314916773047
0.110775553266479 0.107204619990642 -0.371488246912068 -0.148361001798829
0.119357044678655 0.00162830165392142 -0.314022955856594 0.071056431032005
0.0437111933636905 -0.0368468630127199 -0.118622986054242 0.182100278732389
0.0173264239603515 -0.0367881928013177 -0.0123660437160528 0.135502963324826
-0.0018054760131685 -0.0523996947751223 0.0107147118388423 0.0814561654911876
-0.0129679214361904 -0.0586296121880676 -0.0100032895180458 0.0632781439005753
-0.0150222038931808 -0.0736652847125725 -0.029921437686898 0.100162652701708
0.0169534911561287 -0.0784622727737151 -0.0870131101213453 0.104999807791726
0.054209374345036 -0.0792199699703354 -0.176527395350096 0.0645374647666454
0.12342438813295 -0.0338258310288759 -0.199378787682189 -0.0760984585006404
0.112703917878408 0.0672092440933114 -0.125137554023057 -0.186515638857669
0.021456634939271 0.102753800611148 0.00139965347311367 -0.13300156838424
-0.0193124852553393 0.0855992424754606 -0.0629237462366512 0.0393245865898773
0.00245353550514332 0.166231340990344 -0.00595714436721597 -0.0714017274170263
0.0654004319345142 0.192874606294343 -0.208695328862859 -0.137802698186261
0.149751438479541 0.131496954842606 -0.344382786487604 0.00305809016561897
0.171015449339576 0.00699275965263156 -0.231437789546538 0.162267236963028
0.0826338659872099 -0.0549271608595634 -0.0512708949704244 0.191461591314007
0.0360767722970999 -0.0633826550091945 0.00893097690927861 0.112721921488478
0.00365377518700871 -0.0830301834754123 0.011713040648885 0.0566872960883541
-0.012103870146838 -0.0853117588700958 -0.00857619401207244 0.037406911313133
-0.0118271418470302 -0.0988661957073914 -0.0269623981369091 0.0575730826198495
0.0335803024389475 -0.102555441329335 -0.0836066019783891 0.0419379927573254
0.0862048891225932 -0.0975403500916901 -0.15782639875379 -0.0128088235856877
0.172128354039911 -0.0297937498142552 -0.145277447403491 -0.149417474320768
0.153299750014483 0.0971655624516622 -0.0453181897104137 -0.228293968786772
0.0333298762492599 0.141949668240904 0.0755021172335299 -0.125446773568523
-0.0245272230991661 0.121296556845335 -0.0291167896261157 0.0437467465713967
0.00254193239631663 0.149789855487994 -0.00316485956764333 -0.0754609968498498
0.0623424627182991 0.172985099918116 -0.196885981592021 -0.0261016205696408
0.15571102234109 0.132153229941796 -0.225343735767687 0.142343451036579
0.19717286829298 0.00593201257144283 -0.0878901693168778 0.207089168433187
0.111242894369308 -0.0731837708587012 0.0349134334399252 0.159276930591391
0.0498911236696009 -0.0880533164566635 0.0357652900094983 0.0657618052305533
0.00867536990696095 -0.105016744467039 0.0144637788656792 0.0187354601051519
-0.00956804529375613 -0.0988809287870142 -0.00477792172409953 0.00381412762862793
-0.00453588718100811 -0.10433596835006 -0.0227331005098237 0.00704500590863253
0.0467062498281397 -0.102652550830961 -0.0701248679940019 -0.0293337289084588
0.105176438746795 -0.0906744747720744 -0.110809031448375 -0.102720103456612
0.193787101904409 -0.0135327136139544 -0.0403691848190636 -0.219517923774201
0.173157874321827 0.120451728294652 0.0897925710971676 -0.239427449756222
0.0454416746284157 0.169378770228406 0.167431275348252 -0.0809734732914494
-0.0228032286206054 0.150812274170174 0.00402551118810021 0.0479033866597266
-0.00261755866404903 0.115448667442018 0.013847889354429 -0.065362210984934
0.0411805123238979 0.139255856943014 -0.133621004013408 0.0651794062057932
0.134741435942146 0.122175117450097 -0.0684960585593785 0.201812917696818
0.189734040887567 0.00500072933177649 0.0559911274219107 0.180490493575778
0.116295387730305 -0.0815891974657883 0.109119951613711 0.0854559151604061
0.0526241887021487 -0.0991321438018461 0.0593205515969726 -0.00245893339477299
0.0126062247175261 -0.11099751244418 0.0184335783508071 -0.0300212585464077
-0.00455740089158578 -0.0979301537132351 0.000458057454636718 -0.0313857153948939
0.00353643570208706 -0.0929991831005983 -0.0184296541652408 -0.0383012717942143
0.0505601552060179 -0.0831928275710893 -0.0465044891625116 -0.0873421210913262
0.104533077762695 -0.0635335628566768 -0.0340482445742966 -0.168083470025202
0.180917626900293 0.0121514143331523 0.104034307182222 -0.23333108796903
0.162287868073603 0.137754368180866 0.245528251520395 -0.171777871205009
0.0465038352664733 0.18605935787029 0.23984638594371 0.0117318494279321
-0.0223323383955934 0.165747367254646 0.0272257334149526 0.0491233774273823
-0.0055691722914515 0.0755957319026902 0.0409359409656238 -0.0536543267432139
0.0199617247141798 0.0983894650081227 -0.0557942365975581 0.107870734958035
0.096491206371557 0.0976905539786812 0.0538226202532936 0.193892399452783
0.147736782481904 0.00504329235406114 0.153206356820672 0.118411952168752
0.0962948488130379 -0.0697242122908001 0.154797095301261 -0.00132698411446113
0.0456234721196664 -0.086973461377723 0.0753955387677517 -0.0765980173783488
0.0147428756384184 -0.096828847227279 0.0241528843236496 -0.0787631269171848
0.000563258883257698 -0.081175453367643 0.00578060155441537 -0.0619530888373024
0.0100067086841666 -0.0695550627098323 -0.0146153436313536 -0.0706326303498131
0.043895625089281 -0.0542750937100407 -0.0188242853934517 -0.119814534975001
0.0836360985913272 -0.0316712700336046 0.0505623622334923 -0.184399644036784
0.136120538090626 0.0327799252291057 0.230767669749506 -0.16565402932935
0.116891101761596 0.139873716564845 0.348403385778302 -0.0242480190905583
0.0265857829464384 0.179081390476432 0.256451843984466 0.125762132303892
-0.0240480172577133 0.153366578865188 0.0367806206928588 0.040266878701702
-0.000648110812169978 0.035352431630337 0.0644569575035924 -0.0447510633429217
0.00828720966432262 0.0485950381310221 0.00174354023382081 0.117474793549647
0.0481772329527753 0.0608851461847183 0.121943354244092 0.16509935613628
0.0839866411165852 0.00938430672213017 0.202499974145107 0.0630431367131018
0.0605367793908825 -0.0374310586431827 0.176726363536825 -0.0728852632245735
0.0324681511141753 -0.0530580208104746 0.0856230128781495 -0.135785254019784
0.0157543907425216 -0.0627483743807176 0.0285136996293873 -0.116388214899188
0.00673530158300984 -0.0526075210738965 0.00970256809704143 -0.0820149169875846
0.0138896436271816 -0.0406286918272144 -0.011160601603885 -0.0899183522859823
0.0309247237893848 -0.0272361082690562 0.00394663357629251 -0.129464719706864
0.0526589577554505 -0.00683661849920358 0.109863537333441 -0.164328503731411
0.0736957886744284 0.0351987877844748 0.293049073190105 -0.062578919781152
0.0512052797307374 0.106073781568269 0.362767754161682 0.127671540291877
-0.00283332854078063 0.126174941364065 0.22276988627931 0.210578688928911
-0.0210708437472631 0.10360763713359 0.0366398874437272 0.0216333146983033
0.000806816426775806 0.000153409054121499 -0.00114457518313555 -0.000490788484853384
0.00202661059789598 -0.0358095850129862 -0.161866910137216 -0.208727766260298
-0.00492687996371846 -0.0459331275152045 -0.348962770193202 -0.19906664499069
-0.0198983855384968 -0.0389794433525353 -0.319974641428897 0.02741669957032
-0.0307452792326713 -0.00334808702949542 -0.137261863724385 0.163472610330592
-0.0138390074708236 0.00821853851024996 -0.00983412050943462 0.141304869535637
-0.00815850811773287 0.0155996135963977 0.0202068784382645 0.0901284549900231
-0.00600583800312146 0.0176456680271375 -0.00138787382369917 0.0822507976244453
-0.0068210049178982 0.0139559932001083 -0.0172833760076665 0.129221493842291
-0.0117419256516738 0.0160305098827072 -0.0654294402780654 0.155697251178626
-0.0196398875867611 0.00385743631555864 -0.169669464256176 0.130385780476679
-0.0100597040184263 -0.0174650160591409 -0.228049066865739 -0.00576923880804317
0.00936059413493548 -0.0075941931011077 -0.176177319694701 -0.137765089282204
0.0104208995361818 -0.000703937275757168 -0.0604470442617449 -0.132852309959887
0.0119113878368691 0.00614007086660747 -0.0925085798490107 0.0360867199854455
0.00210756179551648 0.0856615394077478 -0.00371174695024669 -0.0189408189248827
0.023872211917148 0.0847926117358303 -0.161271197114079 -0.223320858373008
0.0583681682651265 0.0398766251475339 -0.360029642151751 -0.206488913640662
0.0520734265217769 -0.0197476920746191 -0.329157948525625 0.0248140780436698
0.00413527430909416 -0.021022971855719 -0.137342439719159 0.167891525860934
-0.00109601177185636 -0.014097176482751 -0.0124220012540834 0.143329666732133
-0.00852413716660454 -0.0179886001897822 0.0182820033511195 0.0902654126806299
-0.0131980771681453 -0.0209333755735707 -0.00330169234142302 0.0784011084641455
-0.0165540002160019 -0.032405456678564 -0.0182660205787651 0.125674412008085
-0.00213485409412267 -0.0363398190340772 -0.0702679089210269 0.148186868208644
0.0140192659107708 -0.0446474001215647 -0.170389932807077 0.122876233266016
0.0576145401362541 -0.03349742064476 -0.222792906404971 -0.0148394009835601
0.0662578293218301 0.0260051759623623 -0.171858453286985 -0.143308285720594
0.0187901645918323 0.052552809730326 -0.0481625108592837 -0.128001339148969
-0.0016714596657658 0.0481602424987878 -0.0817704028976257 0.0428464596686483
0.00794493132250715 0.14685535416307 -0.00839302714263529 -0.0509458512640535
0.0548963985631955 0.167758692406574 -0.192237315802411 -0.204141227331774
0.119520596550638 0.0999481771108704 -0.384575776312184 -0.125993866402398
0.119642214649737 -0.0078952099903406 -0.310458248343891 0.0906345154832108
0.0421013937526971 -0.0394762496814343 -0.106030816280255 0.187079045296997
0.014546645049514 -0.038542674559415 -0.00272815144027461 0.136666502727528
-0.00727167463662201 -0.0519950057369765 0.0162510388950884 0.0793164177609526
-0.0185381440077483 -0.0569627825517313 -0.00553027738377715 0.0636202626834099
-0.0218302112639473 -0.0719644040780122 -0.0199221357241736 0.100610020911359
0.00975042353079484 -0.0800031612974162 -0.0758516372310435 0.109865755668745
0.0478975444978042 -0.084484267287044 -0.169748715608007 0.0772875271913827
0.120650428242246 -0.0454336090170628 -0.206243179471178 -0.0620070084164976
0.12054055933016 0.0576878911828178 -0.140245489579518 -0.177687961600962
0.0298702195799743 0.101400247785998 -0.00500333269347575 -0.132140157904185
-0.01159120117076 0.0882529534338467 -0.0566334885513255 0.0458120177735345
0.0135731806756061 0.166132438675558 -0.0141609438044653 -0.0749671614301542
0.0786115719238808 0.18863721462788 -0.221130148739153 -0.12759638927169
0.161125425870739 0.121285522346013 -0.348336461275458 0.0238518117557146
0.17308101968731 -0.00724767259873503 -0.223120626115936 0.176119501548994
0.0802519567532539 -0.0614182394401417 -0.0389009388327804 0.192618384428855
0.0309554027430746 -0.0667479028307017 0.0171137788588798 0.113877158330506
-0.00486822723048736 -0.0825800994057828 0.0147747994313811 0.0549323906630138
-0.0210282556817675 -0.0837877185278419 -0.00602808600915835 0.0376996251378856
-0.0203328325083598 -0.0969915786777184 -0.020645101693329 0.0576602570532261
0.0246764173898746 -0.105982651501438 -0.0783335001793641 0.0466559244310676
0.0785805180788616 -0.105644731935151 -0.157012378246749 -0.00307688304993034
0.170625863135723 -0.045476393250506 -0.156541970226967 -0.140453253325292
0.16407684066273 0.0846742320534486 -0.0618782688841237 -0.225785160968934
0.0444170512938993 0.1396356747313 0.0711633428210854 -0.128488001169224
-0.01442137177174 0.124858427243593 -0.0226851612913692 0.0480622284455856
0.012934175251119 0.149635426457617 -0.0113748194657647 -0.078931106806244
0.0753457799851548 0.169240389360567 -0.202293015354699 -0.0156193303239828
0.168750712834613 0.121408027253946 -0.219515657567322 0.155169075911014
0.200443914101877 -0.011287765321621 -0.0760811954902196 0.212141109913168
0.107326508777552 -0.0830287807428946 0.0452649517337662 0.155592068162857
0.0426112309114461 -0.0925301493824701 0.039316205741713 0.0654664400954504
-0.00137781621058905 -0.105177825250402 0.0135266389255808 0.0166365398186961
-0.0193540143442846 -0.0975084955716358 -0.00497044300637527 0.00363474102491278
-0.0139678511294011 -0.103730483190175 -0.0208045831827438 0.00753400223425006
0.037987381817026 -0.106947960804442 -0.0709312751975728 -0.0252172596262117
0.0989250234083382 -0.0999705989659114 -0.116809644182082 -0.0962969770128713
0.194251614887755 -0.0298109554547719 -0.0557965338120445 -0.218858150274946
0.185477071106954 0.106938271664307 0.0736993482111339 -0.246860948857889
0.0576636500795455 0.166416000990133 0.167156561388743 -0.0892788945493458
-0.010963953462634 0.154043447744983 0.0111378960455519 0.0500732268577369
0.00511235027211093 0.115897599002803 0.00670909814952268 -0.0706051042500041
0.0518304640293724 0.137073554080377 -0.132938704653084 0.0721942912605708
0.147069688531943 0.1116334277399 -0.0576435863394047 0.205247445155562
0.193164070871027 -0.0125809385586149 0.0668293052290605 0.175689451864614
0.111413720378913 -0.0919406662921701 0.114433045019616 0.0775657114280942
0.0446187939897893 -0.103729500883308 0.0572334664963934 -0.00419695542856645
0.00138688883476048 -0.111971465757164 0.0134412519447686 -0.0317757774002947
-0.0146953298126344 -0.0967039346374046 -0.00261652574341935 -0.0318849659759747
-0.00492581681516569 -0.09301874413965 -0.0204094889261191 -0.037970481034216
0.043901761347365 -0.0871863455016967 -0.0517521163365641 -0.0845386915434629
0.100840731423964 -0.07275371220944 -0.0449094538121945 -0.167346486812969
0.183359986902833 -0.00227709434749492 0.0883753986192258 -0.243010740784056
0.175432629143678 0.126044398100627 0.235493723761607 -0.188618296772099
0.0590523098257107 0.183443649439849 0.246909734570618 -4.53204275523934E-05
-0.00996086724951478 0.169095616719962 0.0344553038668913 0.0504607670244843
-0.000488330107824681 0.0762496612871406 0.0348567056697118 -0.0600901254227777
0.0276676938474867 0.0977793615234835 -0.052037911977317 0.111412624670491
0.106396040394167 0.0905540756404123 0.065782332199333 0.190189847016398
0.151129889333428 -0.00815726290017574 0.161144817404536 0.106606114299429
0.0924117416166178 -0.0781118290570521 0.153625742802061 -0.0127938583488189
0.0381019574082899 -0.0915254727668617 0.0671198688743787 -0.0796670169870839
0.00534930559467127 -0.0979079422482703 0.0146749909188762 -0.0807517290308674
-0.00773440969104116 -0.0806610782457859 0.000309799709040866 -0.0629195601211112
0.00382371712805244 -0.0704702434972831 -0.0195480657906781 -0.0699879666964111
0.0398569027175151 -0.058178463518555 -0.026536407786631 -0.117670111632494
0.0823492419453458 -0.0385371081999143 0.0382266960696501 -0.188664441659537
0.139400357374297 0.0226334428043543 0.222020913480191 -0.1835567811156
0.129101963709999 0.131894014492863 0.349749891843308 -0.0480553736989779
0.0376507571479225 0.177615338819523 0.270420016750835 0.114173324161779
-0.0134632756527606 0.156447882545595 0.0443215061938247 0.0414632548679487
0.000916221933013071 0.0349274047592391 0.0591133113169079 -0.0527067338748609
0.0109598149217632 0.0486838778025955 0.00642934709545945 0.116955598987852
0.0545671349476335 0.0577212974066101 0.133998882539693 0.157082395468612
0.0863056633136433 0.00154434132838111 0.208124743743734 0.0473113606740313
0.0585930540126582 -0.0421952783157764 0.169908822703471 -0.0860523702143293
0.0279383565661517 -0.0559414385580794 0.0714904262280295 -0.139984824959534
0.00990632334140764 -0.0639649758485556 0.0166484549504412 -0.1183844865192
0.00105812842981923 -0.0523264971634825 0.00273502341774283 -0.0834500413207224
0.0100251032950717 -0.0422435434391621 -0.0180306326905411 -0.08843350892861
0.0286223898856423 -0.0297223948321276 -0.00472288750208108 -0.128133799516922
0.0532711986505926 -0.0117411542134026 0.0991305053454027 -0.171286851679515
0.0762299805420305 0.0300412562165375 0.290877869314063 -0.0827385497553522
0.0596383653741237 0.103436825706722 0.373930864538606 0.103567735158991
0.00520639006878795 0.126063145177494 0.241761020061327 0.201977930649139
-0.0140023877367975 0.105281167180952 0.0425597482629309 0.0234926043446013
0.00254652932510784 -0.00306434190656696 -0.00533777435729079 -0.00263121382714539
-0.000404679540023217 -0.0373460020181734 -0.168307049522142 -0.197885295078179
-0.0073066726725533 -0.0444043381434075 -0.348254482822402 -0.178439868401848
-0.0225158764519554 -0.0363617268812913 -0.308726786501499 0.0387155697309094
-0.02950927211407 -0.00134262538164848 -0.125950542006638 0.161747185579879
-0.0130862013835236 0.00805806931310288 -0.0029654105828458 0.13680234382576
-0.0068741317093235 0.0151425460212416 0.0239025019264275 0.0862727614353736
-0.00409461151272563 0.0177478031774212 0.00290972033307974 0.0796823493244785
-0.00572283092959061 0.0142717747775815 -0.00815369271908276 0.125015792890067
-0.0104290344189683 0.0165692019804161 -0.0529941503347593 0.151704962160648
-0.0189249554619817 0.00508194278304939 -0.155683879500127 0.135308596869146
-0.0115240607990253 -0.0154584529606277 -0.221815555918094 0.0067750309272687
0.00937325778137154 -0.00821087693418227 -0.179606359009775 -0.12579715662876
0.0102632302705818 -0.000372196942389464 -0.0621470418976535 -0.127238873766009
0.0126994097256724 0.00586333332879763 -0.0851154396480699 0.0407976702515042
0.00620910738840674 0.0812904656722423 -0.00840735171918239 -0.0208100048197571
0.0259773297128623 0.0795302587403357 -0.168537967720651 -0.211755518493406
0.0587564086286723 0.0355388213433206 -0.360002139236314 -0.187889267072009
0.0493356613803596 -0.0211832536242444 -0.318860570425177 0.0369154208967692
0.00388574851977995 -0.0199688825726074 -0.127130713068245 0.165532948393599
-0.00151585336401237 -0.0142363295504185 -0.00507137293536734 0.13876752706575
-0.00942709526637617 -0.0168404474914917 0.0217160405908685 0.0858146375089509
-0.0142625835551323 -0.0189930089334423 0.000632515121404447 0.0765355175108863
-0.0178888646841994 -0.0302602482969248 -0.00942460369394384 0.120985410138459
-0.00462912334472235 -0.0349497614224598 -0.0576656120982511 0.145199371448337
0.0109887478646437 -0.0444915673230942 -0.15700126815005 0.127917029795676
0.0537677058507665 -0.0360467538280052 -0.218253427447658 -0.0031779475980317
0.0666495676071039 0.0208040688624102 -0.17552311617205 -0.131010229072597
0.0214936084141771 0.0503569806691967 -0.0491803091593552 -0.122491969512536
0.00205412278600403 0.0471360751916119 -0.074369673226377 0.047095785697727
0.0134951959696133 0.141719772478253 -0.0141203838657473 -0.0519514158476029
0.0592713411950747 0.160161873868043 -0.197335589363509 -0.193358965683322
0.12123461538016 0.091880381831109 -0.38197860309789 -0.107994634792772
0.115941353197562 -0.0140916161999493 -0.299772615182664 0.0989679727534906
0.0401944518996821 -0.0402715410543883 -0.0960428020521153 0.183669012893389
0.0119154601243691 -0.0387189742924669 0.00379245696864893 0.132801812041889
-0.0108131238704063 -0.0488210494956593 0.0185387742346917 0.075220020927787
-0.0221815306195144 -0.0534694782055714 -0.00215345336526789 0.0619728673112873
-0.0259871345402158 -0.0680455220747595 -0.0121085524035586 0.0966993088378913
0.00456145445466946 -0.0784966458213278 -0.0660830393369898 0.108476448310628
0.0415700117979039 -0.0856291771782394 -0.159123480670688 0.0829284195002047
0.115004383951232 -0.0517192267026862 -0.203311535119302 -0.0511213984557505
0.121926016811804 0.048174968394421 -0.14526031561036 -0.165754516421726
0.0347197111351759 0.0968804758236557 -0.0069153845503507 -0.128042739301598
-0.00554329451601782 0.0870399221201928 -0.0496689896546533 0.0486790205635978
0.0196974192164409 0.160759502852731 -0.0204198505994336 -0.0753759590158593
0.0840635488349881 0.180616367600461 -0.223141483662649 -0.117602075509637
0.164838372553808 0.111135134371669 -0.342414254175758 0.0350109642371263
0.169142008313847 -0.0170555833606096 -0.212600473298127 0.179436045721562
0.0767371156162934 -0.0640865913798093 -0.0309174415517252 0.187114678408925
0.0266459164119112 -0.0665679271940747 0.0214352323677797 0.110899240410091
-0.0102540435648158 -0.0788844076572345 0.0149868483635931 0.0519261985003729
-0.0262354939900286 -0.0791832062284996 -0.00453415836134695 0.0370774201174583
-0.0261354068866368 -0.0925961703921082 -0.0155405601589187 0.055101825626867
0.0171523750119244 -0.104374296773675 -0.0717459532023384 0.047531425537534
0.0705657391312265 -0.108225938540612 -0.151617467141708 0.0036615458566917
0.16420922415114 -0.0548909213604315 -0.159236515836382 -0.130526046910369
0.166437785332181 0.0722849952891647 -0.0706162597082571 -0.215570859813809
0.0506914822755622 0.133886006508499 0.0679810197754179 -0.126870374332011
-0.00588217925703824 0.122940321934589 -0.0164915358915624 0.049115340282249
0.0179713438873593 0.145276554495521 -0.0176287496236422 -0.0798569011015682
0.0809867680991274 0.162244554447805 -0.20119830074628 -0.0098051647478827
0.173208178333691 0.109844324538574 -0.211688901181096 0.158234268190454
0.195990323449065 -0.0236055028418749 -0.0683276651192485 0.208100901805463
0.102006428590382 -0.0871373873614745 0.0487111319331278 0.148490996789472
0.0362003863267363 -0.0928164911533762 0.0406362294925677 0.0641641752428876
-0.00911681465138412 -0.100945132592395 0.0113375221705561 0.0151492902490083
-0.0260817395092087 -0.0924402131424829 -0.00543797616590213 0.00363672805648089
-0.0204060746843696 -0.0993239674907448 -0.0183776408064952 0.00659848443900224
0.0303563918984045 -0.106238578724376 -0.0686531811947559 -0.0226312555344827
0.0913896380584574 -0.103682615717973 -0.117340829987663 -0.0896042954759125
0.188153039745056 -0.0412720047152073 -0.0641012537059317 -0.212082132141343
0.188426807895686 0.0933588544751399 0.0609527893635929 -0.242485360303312
0.0642642985768937 0.160125801410791 0.163827681416884 -0.0915815275697074
-0.00195179032287 0.152057753982 0.0166743428215709 0.0501222779120298
0.00915978842592187 0.113051771163252 0.000697021838627194 -0.0723359426210464
0.0576215136289759 0.131734919881679 -0.129876757737917 0.0738671543860981
0.151676418930649 0.101277134890047 -0.0506794549086595 0.201616127114976
0.189490462799407 -0.0253843460678934 0.0701432763659905 0.167198737125184
0.105414046476424 -0.0967416902837859 0.113078360277753 0.0695810965658917
0.0367175752033365 -0.103631144760663 0.0538564012449092 -0.00356649480072327
-0.0065589617479809 -0.108334198693752 0.00826201267631848 -0.0307629860922877
-0.0214124293498775 -0.092089887060797 -0.00482460691814906 -0.0314118105156166
-0.0114565935205467 -0.0901459431660141 -0.0207502049139914 -0.0364010633243449
0.0373780645416716 -0.0875733954242114 -0.0533813023855389 -0.0799954212617644
0.0947839793162127 -0.0763540224469958 -0.0504337197266941 -0.161472493575665
0.179419481108533 -0.0130458148946177 0.075585857837625 -0.241721873674707
0.179344255066937 0.113775574863506 0.221645469278578 -0.193579210652578
0.0650858868634037 0.176051158785281 0.245547883547152 -0.00650728983337684
-0.00103531882997852 0.165906862913171 0.0399352530500794 0.0500096440998401
0.00176980517848821 0.0740237476698272 0.0284541348320028 -0.063447573394871
0.0319434289098119 0.0942458805855919 -0.0491898590554748 0.109451718816895
0.110875631819194 0.082090766514725 0.0702308813738036 0.182203503365899
0.14836384094007 -0.0185933450112785 0.160302871406792 0.0954830734812292
0.0867281755844798 -0.0823634345333986 0.146948885000554 -0.0196412574757052
0.0312705406410329 -0.0914697110100577 0.0588093218709813 -0.0775575844835137
-0.0017446046946644 -0.0955326442125043 0.006583315284934 -0.0786747802557162
-0.0133995727885915 -0.0769217770446939 -0.00372483803404014 -0.061932286958171
-0.00134145893802368 -0.0687304914819102 -0.0216889853996843 -0.0674570932961748
0.0351526217029172 -0.0590995374818817 -0.0303785643073873 -0.112051338050902
0.0793751407949444 -0.0424443401900778 0.0289347136212539 -0.185097784529946
0.13750529586823 0.0150928048288507 0.208353136384824 -0.188929162605803
0.13338166233984 0.122253209475616 0.338718010236782 -0.061380976571847
0.0428702097239367 0.17161554739258 0.273851102981701 0.104166158330066
-0.00606583794108107 0.153360226237523 0.0493871701995754 0.0413683455720322
0.00143219908909551 0.0338727400285256 0.0529000117714289 -0.0572327326609823
0.0129559082640601 0.0473328608896254 0.0079749953378588 0.113382097959331
0.0576408447166368 0.053093317738846 0.136668914784088 0.148087502309943
0.0851807535653742 -0.00410223660535745 0.20411010629048 0.0360324413897542
0.0559257185869691 -0.0450072593418054 0.159043219229809 -0.0911971374461812
0.0238376940115595 -0.0561247836312194 0.0585750277751938 -0.136662466632292
0.00460610155853935 -0.0629912489266134 0.00686159549296015 -0.114748369771505
-0.00334806087987859 -0.0505490184140834 -0.00220995710037934 -0.0818053530710493
0.00635119554794489 -0.0414711655506251 -0.0210214144447656 -0.0843806963443297
0.0263582483420473 -0.0306992192337046 -0.00947269705484584 -0.122881190165177
0.0521300686059768 -0.014892642925043 0.0889453439208259 -0.169973248176032
0.0754886695439495 0.0256412779051809 0.279566010602203 -0.0932429975341527
0.0638398300857276 0.0977886947038836 0.3696870813276 0.0847325798035724
0.00865081542865012 0.122245865824991 0.249297486954936 0.191216677151724
-0.00941579790834868 0.103087600365027 0.0474383557017393 0.0243530671269282
0.00152508367474588 -0.00644601707677006 -0.0102393170823587 -0.00287200103074475
-0.0120127680664692 -0.0357609061399067 -0.207081674354527 -0.166523427509158
-0.0194800518463639 -0.0388888112961666 -0.375595614792233 -0.110884941648729
-0.0318844476816337 -0.0243777298053613 -0.294491138607458 0.0917600991199129
-0.0267491315390256 0.00788925498134394 -0.094094633229338 0.180250038970903
-0.00910111944437709 0.00986984420061279 0.0226265319831 0.133024842778917
-0.00250515146578771 0.0156994572515787 0.0381490856376664 0.0783292739157369
0.000438432413691296 0.0180267696322589 0.0190644467107355 0.0768437482003918
-0.00258631004416829 0.0155228748078565 0.0196656456988667 0.122358747636848
-0.00729846971992008 0.019231091568242 -0.01710255137878 0.157730080870084
-0.0190148174549664 0.00982425251252317 -0.120417930559714 0.165996842561716
-0.017003108505592 -0.0134179340307785 -0.216247994578329 0.0555963459245021
0.00669428815505496 -0.0125326313732023 -0.205880543176883 -0.0842898179606356
0.0111394325924001 -0.00404308529680798 -0.0874105465462685 -0.112760959141559
0.01273820678899 0.00277636796465928 -0.0730974159701099 0.0592710121776037
0.0200953971014324 0.0726602693049261 -0.0204370679620648 -0.0165230258329761
0.0352338983683324 0.0704895446012516 -0.213807143621899 -0.17743876680676
0.0587967839902877 0.0227346746344489 -0.392113734316439 -0.110089243521058
0.0383503607071211 -0.0265475346544238 -0.30501966020446 0.0975223367619809
0.00174203497309548 -0.0168000787996212 -0.0926602019122694 0.18501719161456
-0.0023308692791541 -0.0131007690363679 0.022534136902536 0.135516827677842
-0.0121584782330872 -0.0127301925100108 0.037950732918649 0.0777932582276169
-0.0169754983705787 -0.014684752136291 0.0163518785673426 0.0742421364858377
-0.0230319554321011 -0.0232530471147175 0.0178128564644928 0.118944556199439
-0.0122299216232305 -0.0307312509817626 -0.0230011525149984 0.153699927441796
-0.00101838838750548 -0.0427892088228425 -0.12375366280183 0.159206595691032
0.0400877175094012 -0.047301956975732 -0.215649232721141 0.0458164998136145
0.06692876736806 0.00195823016534751 -0.204436793173201 -0.0877121454849864
0.0329216620111245 0.041878655433199 -0.0751673689862052 -0.11330498144614
0.0119085479491872 0.0448756546142623 -0.0623070350251658 0.0599890149114433
0.0374686714135682 0.12886292571216 -0.0349493191237466 -0.0445767437380946
0.0835434082332857 0.140708452811302 -0.242321274492761 -0.149410855964203
0.129889384923928 0.0623952359202728 -0.400625718908554 -0.0212262256029284
0.103394288793167 -0.0352347596553862 -0.273735209471871 0.162409407955458
0.032529587446157 -0.0438401385929722 -0.0562614634930375 0.198140405119571
0.0056578192505627 -0.0389045530981283 0.0317809543786599 0.128823523618306
-0.0208566639350112 -0.0420149800816711 0.0343748991464024 0.06757666981684
-0.03156792115774 -0.0452209582429838 0.009986800149692 0.0611014041773525
-0.0381307788918643 -0.0575834759813452 0.0096788537806934 0.0959923079906589
-0.0124615396943599 -0.0741805695027641 -0.0387419901626082 0.1202335538227
0.0195492111354363 -0.0879383388885058 -0.135319678948934 0.115877098221041
0.0955910318620295 -0.0757417953001841 -0.21172423092099 -0.00339786224124487
0.125011625823332 0.0153884166725343 -0.183246325882649 -0.127203191909631
0.0560049509204285 0.0839389436835725 -0.036105357099715 -0.129427165578637
0.0136843002343578 0.0851523758277896 -0.0390547325232539 0.0551557063709743
0.0468661019901959 0.146610784534812 -0.0460620756403433 -0.0658802716195404
0.113514299369552 0.155909419791738 -0.253961547264846 -0.0685735542289534
0.176907147156183 0.0707769279567137 -0.334500517910112 0.116732373815326
0.153852544126524 -0.051633933852168 -0.172036239309095 0.229530680447764
0.062408306836779 -0.0755654498744308 0.0109061090056274 0.190322338907074
0.0130003146273958 -0.0691642370811464 0.046905683036928 0.104693284424008
-0.0276574184022893 -0.0698953220302369 0.0284317647999524 0.0459004458081937
-0.0409283747286822 -0.0686962484667543 0.00313694692258851 0.0368696721641974
-0.0435455564285008 -0.0806259393495864 -0.00249507191711975 0.0563241019508221
-0.00572570085414268 -0.101657778186233 -0.058082891305447 0.0621598357975369
0.0428790963044467 -0.115803554972348 -0.145749932424926 0.0363160194621703
0.14333438172957 -0.0896484747039849 -0.185846097880567 -0.0908550178469027
0.172875563289946 0.0292400730528233 -0.120455363312061 -0.191017841772156
0.0794905938955014 0.117240854327853 0.0376612245837293 -0.145350893763866
0.0205844649232973 0.12064209349488 -0.00700512124485348 0.0472069754534928
0.0428805559423329 0.133150144291166 -0.0431264495473641 -0.0722485186371238
0.109153409840784 0.138956556335914 -0.210720069603955 0.0349542959854828
0.186629333429509 0.0670892756376528 -0.181080092296528 0.213587501602922
0.180414269759066 -0.0661555719786462 -0.0228177574252808 0.232930489874941
0.0813272939138763 -0.104607856598112 0.0848691542079428 0.137081536730092
0.0161154667331281 -0.095790527991817 0.0579880190859296 0.0559712137206657
-0.0317561651281024 -0.0909234918851688 0.0184887246258487 0.0116991049576742
-0.0437595322189011 -0.0813111341936673 -0.00479108699843373 0.0044436752649552
-0.0398775361811011 -0.0881790226044613 -0.0159545616061878 0.00976608275228385
0.00707373773249962 -0.10686653377043 -0.070360487809115 -0.00708243840705011
0.0642055636787643 -0.116633386675943 -0.132674673256977 -0.0624247000772692
0.171842230395812 -0.0809054587185964 -0.109727273584226 -0.191761524276466
0.199938482633462 0.045926273767578 0.00405404150828033 -0.244534741190676
0.0981778042314092 0.141489545022777 0.139727385758798 -0.131310827245558
0.0303534396392996 0.148193458507832 0.0250808791039089 0.0407958005865239
0.029234632564974 0.104524503703157 -0.0224766342395932 -0.070850852648516
0.0820644494920477 0.114543402266894 -0.122558093691647 0.10423910548877
0.166352186947958 0.0618437539187153 -0.0135858178723681 0.223661085372628
0.174288021274949 -0.068660432684287 0.106716567014642 0.164826557391032
0.0814841254094784 -0.116181889993881 0.132703406500659 0.0468160943343771
0.0134000184468164 -0.106673032079418 0.0577830335559864 -0.0125530291452087
-0.0317618962058577 -0.0988812874580295 0.00680669641117102 -0.0325262160366967
-0.0391840213223644 -0.0817005655212154 -0.0117321457870219 -0.0298200679212786
-0.0289899519489469 -0.0814858118921384 -0.0272734765077991 -0.0319400755498555
0.0178649060608376 -0.0909973653761605 -0.0678896798980484 -0.0661091997553058
0.0743910563481722 -0.0929345026831078 -0.083150020304576 -0.14695283363969
0.170840995231778 -0.050919747392119 0.0218117084898103 -0.251785077327014
0.195832542306754 0.0698444063386405 0.173650545855229 -0.230884761752846
0.100721766310141 0.159871671561689 0.240367882577542 -0.0647418722440266
0.033401775629773 0.161880997014799 0.0481606602978628 0.0352401422119832
0.0148796657367263 0.0694123773682947 0.00863148178077786 -0.0692951504648146
0.0509315164354487 0.0830383582600644 -0.0342457533919621 0.122952842182068
0.12454587905747 0.0520272581579151 0.103837895200258 0.176922696637624
0.137859624606688 -0.0548270491472745 0.180998719123707 0.0731377550959252
0.0664638107815815 -0.0989655404251872 0.146879127989445 -0.0480437973319118
0.00992587997990077 -0.0940243147432205 0.0457142259123556 -0.0855057453081199
-0.0251471387769495 -0.0885163753141724 -0.00473528710817711 -0.0774195710534962
-0.0290584098930717 -0.0695556066163295 -0.0168481466560581 -0.0597721339490961
-0.0160016433744578 -0.064066639932054 -0.0341442965562733 -0.0611390449575489
0.0220068011109482 -0.0636384163644831 -0.0521416224258556 -0.102669936824587
0.0671958197873192 -0.0577163712392239 -0.0102279292069234 -0.186867153583515
0.137874205147032 -0.0132356916332351 0.163263719711441 -0.228395835169584
0.154393798357866 0.0901555849223775 0.318372311045661 -0.126793534268778
0.0764877957734443 0.161160371761598 0.293432549704896 0.039447101145836
0.0255847620319053 0.150779577314146 0.0575583886530001 0.0253783487692265
0.00694690991769262 0.0313165415552098 0.0363863153487641 -0.0692625516066131
0.0234030234239637 0.0426878085413672 0.025734525166921 0.114386983829247
0.0680375632286209 0.0365165305018758 0.163108370508663 0.125760239590603
0.0816749232618395 -0.0265341756461675 0.210665806799302 0.000868430593251412
0.0445923477012777 -0.0578627562191177 0.140588691367038 -0.119958095606474
0.00918698941230846 -0.0592571068388454 0.0313428136217029 -0.143076921327178
-0.0115903815849296 -0.0605373999326739 -0.013442446899827 -0.111978942579299
-0.0136884711380995 -0.0467879123987543 -0.0190414658042928 -0.0797009465835452
-0.00334934809358489 -0.0409336651161208 -0.0374583639895216 -0.0777970900146872
0.0188815663687882 -0.0359373378596491 -0.0337876131767367 -0.117090689541002
0.0481502920321146 -0.0267078922676074 0.0520311071435451 -0.183866406444659
0.0813812926140157 0.0117617908407265 0.254835730279071 -0.150002101367636
0.0826632359244625 0.0828282995392862 0.379764300685012 0.00872723899123804
0.0317238762445331 0.120551257439956 0.290784805068815 0.132867609396833
0.0119099735853379 0.102300173509835 0.0548502503092421 0.0107502058957774
0.000311781885962403 -0.00911656391850341 -0.0148807440098981 -0.00360336018767766
-0.0155304050140077 -0.0368411364886186 -0.214583918195214 -0.169055962141131
-0.0216759300165033 -0.0392952077711598 -0.384335425439485 -0.109542627697494
-0.0333062246857021 -0.0235637712805299 -0.298004333215213 0.0944269095362769
-0.0264213623841602 0.00929240314029975 -0.0948947231797595 0.182792900715325
-0.00889884071678977 0.0100502762346011 0.0241445719932882 0.134071931022129
-0.00194030309559497 0.0161960236318132 0.040414512641378 0.0791053042969295
0.00125519780988973 0.0182414563258054 0.0213776298837246 0.078302804295313
-0.00200418072824766 0.016024795263309 0.0238908297685109 0.121394123826034
-0.00667304732356833 0.020076727015878 -0.0125200292840807 0.156699259537299
-0.0190878188715972 0.0111592744750665 -0.116492319236324 0.170261552526498
-0.0177789600875427 -0.0122978626175571 -0.218547244924495 0.0619113197489632
0.00687778552155413 -0.0134458355757158 -0.210906090089371 -0.0813614236561032
0.0126039184603391 -0.00418403192377011 -0.0889639914018356 -0.115326649217238
0.0140345335451519 0.00189256639440472 -0.0703002916644477 0.063008240594521
0.0197259739796705 0.0727373962840241 -0.0261641538760488 -0.0172452741204453
0.0344189603627802 0.0714810402515256 -0.222292033696994 -0.180056849775951
0.0593351158884313 0.0223295123950432 -0.402406986371918 -0.107482809073229
0.0380530893641131 -0.0273228763152376 -0.309531795986142 0.101411491630212
0.00206282716819363 -0.017027858708091 -0.0932612022074543 0.188608527981402
-0.00275865499448343 -0.0136946617313867 0.0246270947233217 0.136912875765319
-0.0124850279893714 -0.0120397460721699 0.0392388122854981 0.0784744963999443
-0.0173532527629381 -0.0139146154902884 0.0178078968287073 0.0759745074493687
-0.0245116119655156 -0.022515972008298 0.0217330155656769 0.118169063233523
-0.0135196938608656 -0.0308072041650967 -0.0184627534668758 0.153202902846985
-0.00241676740250401 -0.0436009892099928 -0.120018039887338 0.163837581389124
0.0396160342790734 -0.0495179548471747 -0.218103735545078 0.0523554861601453
0.0689838459052232 -0.00107965546336525 -0.209528876001856 -0.0846994942842511
0.0351816170184578 0.042106088235749 -0.0759039895107752 -0.115631784339854
0.0143398710569891 0.0450570086860323 -0.0591171921343192 0.0637887037833515
0.0388131832557311 0.131475672989627 -0.0412583754503235 -0.0462341100598378
0.0852424532006031 0.143042392859925 -0.252327843197067 -0.152601324559212
0.133999686609415 0.0614269874561242 -0.412752183773569 -0.01648333162403
0.104283607807666 -0.0387284080846488 -0.279060825999435 0.168225849889805
0.0330035961727959 -0.0460088515535715 -0.0569379240546187 0.202231703205802
0.00499615756415769 -0.0402973930847716 0.0346157328037145 0.130765396404346
-0.0224424354140536 -0.041077993041523 0.0348962322620177 0.068890654714518
-0.0336887590095965 -0.0442599880435604 0.0112447683050374 0.0624742272194771
-0.0411019852964932 -0.0564637186747813 0.0125341738121007 0.0949418441268537
-0.0150517114482162 -0.075291441706289 -0.0353421494642133 0.120255549236967
0.0165674598678392 -0.090731251924476 -0.13377694097852 0.119194720007388
0.0952896563517779 -0.081269753696548 -0.215766266219046 0.00141465311249936
0.128583817993111 0.0102890424376917 -0.187898007337046 -0.124767644641916
0.0596213301331297 0.0846273872964928 -0.0348763349413579 -0.13241147652018
0.0172031158901488 0.0862764484539703 -0.0353277815594133 0.0581561520775103
0.0490321121904391 0.149850453189656 -0.0527502585814295 -0.0686415505697234
0.117013968896151 0.158197718509532 -0.264107707735157 -0.0694588441914729
0.182547850092056 0.0683500384758859 -0.344810153577846 0.123961621577961
0.156127220541105 -0.0574040323476499 -0.175448783708174 0.236877546718138
0.062727184292561 -0.080108686663299 0.0116269688248982 0.194474130145345
0.0119095773439636 -0.0709784248656859 0.0499766007029228 0.10743875720594
-0.0300480289020453 -0.0690032320215263 0.0277276893257409 0.0477690045379671
-0.0440810683893408 -0.0671886852929239 0.00309499643181472 0.038148052740852
-0.0475237800254361 -0.0797604570646923 -0.000894664751318146 0.0544656551562651
-0.00897539697803303 -0.103430968804591 -0.0563688883142925 0.0619808350629309
0.0398552682597047 -0.120012716947375 -0.146253576128672 0.0394320215278546
0.143590649152613 -0.0967592760015347 -0.191022609794325 -0.0892441857310138
0.178416949012519 0.0230192402603923 -0.124360552493379 -0.191671487281719
0.0837487167251765 0.118444433800478 0.0409890643283449 -0.149037894858887
0.0252890788559184 0.122296627734407 -0.00286363518493799 0.0500167288841636
0.0453394491231215 0.137021561674993 -0.0499065813886032 -0.0757751673055135
0.114000961466932 0.141219000408903 -0.218939642432732 0.0355576175908923
0.194605490995484 0.0630019978564339 -0.187694166954792 0.221260169594189
0.182312741435504 -0.0749970689914507 -0.0238199137518963 0.239200122116749
0.0809483539896993 -0.111073518546775 0.0861201746258554 0.139871480578347
0.0136958534936903 -0.0980786280162664 0.0607832601737704 0.0587006182296022
-0.0356343609417333 -0.0901881287273127 0.0169391499309823 0.0136187523979105
-0.0477972021780025 -0.0796375317049265 -0.00614475397296233 0.0056967705762283
-0.043840008095851 -0.0876956393108499 -0.0158741727206978 0.00765079783721058
0.00346123739980694 -0.109418169237136 -0.0708777433448684 -0.00733817656980669
0.0620825409905579 -0.122017158449899 -0.135601463590796 -0.0616574939897394
0.173019164557059 -0.0891355790926443 -0.115598253750699 -0.193390954520688
0.206412195080775 0.0401070094126857 0.00286538907724337 -0.247954475827844
0.102861224854989 0.143609472650654 0.14665869999255 -0.134934819103674
0.0344241949262601 0.150581403500941 0.030132836328911 0.0430639739918425
0.0311105428486809 0.10798348921248 -0.0287228812691456 -0.0751067687717857
0.0869098361978436 0.116064015309389 -0.127994850400512 0.105638139871516
0.174127254266165 0.0574072722004793 -0.0148452315100512 0.228780375638363
0.176572015476939 -0.0785948675426073 0.108075228850057 0.167630081298407
0.0810140926427694 -0.12333076372759 0.133804773130484 0.0475597507279225
0.0103876247762998 -0.10940432286582 0.0584253208359655 -0.0104461625829705
-0.0362026883612468 -0.0979550054566519 0.00345686300266686 -0.0306278478001109
-0.0433513101488443 -0.0801903931229365 -0.0146155984504315 -0.0297414594718389
-0.0328084248353379 -0.0809820111533421 -0.0278278515520487 -0.0337106157657045
0.0156435325182378 -0.0930921406210238 -0.0695546292903858 -0.0670028697977924
0.0734895708757162 -0.0975447374914453 -0.0870100461265484 -0.147982094271196
0.173565434005743 -0.0570327342737799 0.0176673009369357 -0.25684929212214
0.203037102920178 0.0653255410464758 0.176123203894032 -0.236760118248532
0.105509647812518 0.163068956831313 0.250383020303507 -0.0679103379306255
0.037472290762201 0.16554977679516 0.0544021088773882 0.0366633173499822
0.0156935474158404 0.0723810957344143 0.00343630067900799 -0.074591346269578
0.0548671261617133 0.0844839280730102 -0.037014452385392 0.124759365283582
0.130747447948612 0.0484194384378439 0.10630813937219 0.180498556662471
0.139340236223405 -0.0625935099143545 0.183597246521033 0.0718679191208186
0.0654862269015509 -0.10585988561219 0.146678931523029 -0.0497782075039698
0.00701827841880173 -0.0959011895235944 0.0444632381089729 -0.0841725808407495
-0.0292506778739353 -0.0880151926161476 -0.00998577400210146 -0.0758968814289878
-0.0324676145033664 -0.0688356228115416 -0.0199521216852063 -0.0606895571139927
-0.0188606261128063 -0.0637421097835625 -0.0357407982867835 -0.0625200219997225
0.0205936440570989 -0.0659177172368663 -0.0537737341751837 -0.103405661460419
0.0673433662554718 -0.0614426388390506 -0.0133364043448269 -0.188725468946315
0.14121334362271 -0.016818166381656 0.162642479077823 -0.234907247620328
0.160123788661972 0.0886728599660596 0.323219032022892 -0.133492010597993
0.0792070915013589 0.165388277708216 0.30705701912119 0.0381207219051325
0.0283275037879674 0.153937642449811 0.0645480358767286 0.0261810981348785
0.0066146186171551 0.0328778551585697 0.0322300284568328 -0.0745013869117144
0.0252439716915515 0.0433382266266837 0.024850237532499 0.116795852696447
0.0716386929691962 0.0347354202429275 0.168489535025444 0.12643243583774
0.0834263832854344 -0.0322280071964232 0.213596811691693 -0.00359023185451698
0.0446866564705245 -0.0619992077016367 0.139492723985913 -0.123758700032769
0.00772292107319917 -0.0600832626389138 0.0270155110504279 -0.142389586281912
-0.0145972111632846 -0.0598803650901805 -0.019697014271616 -0.110964096223309
-0.0159309211367307 -0.046178013193062 -0.0226972122399723 -0.0812838655211176
-0.00527725059247072 -0.0408198007427634 -0.0386034745814528 -0.0783118489765187
0.0180422638696242 -0.0373600936416694 -0.0353309928345433 -0.117730290404652
0.0486895302418065 -0.0296015669639013 0.0503677952582474 -0.185960057704198
0.0831634416313756 0.0103293285485444 0.25747162482684 -0.155549097622867
0.0864946047187004 0.0828050892163762 0.38680578637404 0.00389416719196058
0.0328094222863183 0.123942576525958 0.304451439287528 0.133773306481592
0.0129526847245873 0.104242931964304 0.062148582534776 0.0116058530398684
-0.00175444892434751 -0.0115112656268713 -0.0203706275481634 -0.00329339601116643
-0.0208713665504713 -0.0365786930319323 -0.232293143985962 -0.163961115520398
-0.0259442467401281 -0.0384299791928419 -0.402138206384651 -0.0919105711210519
-0.0361939251014587 -0.0213356342753062 -0.30132178961403 0.111342294082622
-0.0259373166435898 0.0115196550180587 -0.088522232618566 0.192141275240384
-0.00906069290904852 0.0103584006189658 0.0321684490777421 0.136079934731858
-0.00074735508850811 0.0163890311195577 0.0462194033092872 0.0787005340489751
0.00341940433638154 0.0187791370771008 0.0280851441969586 0.0799773365112003
-0.00100656886782997 0.0166622587094183 0.0332400547561154 0.120724609004534
-0.00515145296674523 0.0215491842335187 -0.00122094179478143 0.157701213375337
-0.0189993812821649 0.0133480026268161 -0.105765992716886 0.180489726204245
-0.0190171054594068 -0.0108105478357884 -0.219568239226623 0.077792137056852
0.00580169777092074 -0.0147449060239492 -0.221465458317945 -0.0696010554776673
0.0129729569125487 -0.00472910653001959 -0.0957343369408599 -0.114926675267892
0.0150893752905746 -0.000102924112344685 -0.0642565264467799 0.0710530725425814
0.0226577141782225 0.0735151026902244 -0.0334553538148809 -0.0166181813547127
0.0366632783534919 0.0729596624744149 -0.242868998600806 -0.174851629506843
0.0617679071157616 0.0199029959685664 -0.421866292094372 -0.0877438007946287
0.0369621130229647 -0.0301793865091797 -0.313744529953795 0.120214780086404
0.00237597871327032 -0.0177506856495075 -0.0864997223334579 0.198171626239207
-0.00371315721026524 -0.0147443497917366 0.0331532126738021 0.139303301065774
-0.0134098411876904 -0.0112575367724068 0.0446789006090017 0.0786769782635759
-0.0184239993792898 -0.0123416454654624 0.0235516907298921 0.078284103673707
-0.0270600291900386 -0.0206958904480443 0.0306258479277152 0.117593503612403
-0.0160134191243582 -0.0306247948328733 -0.00809864549163057 0.154535495646141
-0.00619914373157226 -0.0444358447935383 -0.109806593033313 0.174074390099975
0.0369214190580743 -0.0546172002496751 -0.220246670844101 0.068172704362558
0.0708062579288659 -0.0072986386804298 -0.219459483318304 -0.0733979502606009
0.0398863711753206 0.0406436836068172 -0.0822037204630367 -0.116182567162619
0.0188922932625609 0.044168259656114 -0.0529002817025805 0.0707421343150341
0.0458436927000442 0.133950994664671 -0.0505500707787642 -0.0457691258951191
0.0940285506772974 0.144892106385224 -0.272574521259597 -0.144968524419467
0.141427344696728 0.0551802793902599 -0.428695818572567 0.00626980629672668
0.104529559107172 -0.046443797498293 -0.279139119961878 0.188357112313062
0.0319774204567799 -0.0503774377328159 -0.0481605316791048 0.210852921622566
0.00249509769232876 -0.0424490005247777 0.043744853803364 0.132981974102206
-0.025251410334882 -0.0399253583300534 0.0393107893672681 0.0696621025482871
-0.037708653007987 -0.0414129625270281 0.0157856188752928 0.0650939051820195
-0.0465908742842295 -0.0543075643250253 0.019118180658215 0.0942620720717489
-0.0209905679500626 -0.0765049440231168 -0.0275371685067047 0.122551085515041
0.0100275210952387 -0.0949731348208202 -0.127937934225268 0.129883013011643
0.0919469310209318 -0.0913231714383948 -0.220797765316873 0.0153935782423553
0.133570007209258 -0.000280348145157804 -0.19928029603865 -0.116426138070438
0.0677280138235086 0.0828423414086406 -0.0401742608740525 -0.135810983375603
0.0250247142765898 0.0868458029015594 -0.0290762431206981 0.0636158712331931
0.0582219722391272 0.154458041421422 -0.0635427698376166 -0.0691439569708386
0.128992124451756 0.158832006712728 -0.281091354491689 -0.0591194250339874
0.193999808003757 0.0585532602744363 -0.353128663245998 0.147794681147402
0.156458990606979 -0.0714131924556291 -0.170282524818793 0.254548336362152
0.0596611014136879 -0.088562839920672 0.0216476330435247 0.200573809087028
0.00747848090800796 -0.0743493931585024 0.058856311448866 0.108715742812633
-0.0357629490924351 -0.0676073015393158 0.0305434000301922 0.0493109471509301
-0.0507327382790461 -0.0639578781654546 0.00516474016757691 0.040553606459679
-0.0549118378457507 -0.0770940130452228 0.00268997012558711 0.0537125838804418
-0.0166041612274287 -0.106027577377916 -0.0532125339476631 0.064416149393342
0.0315823914930804 -0.127125135631842 -0.146275707611607 0.0480567734980478
0.140432752779873 -0.111627882706663 -0.201003411535076 -0.0787633572733713
0.185881572005842 0.00926566622078473 -0.136372860996694 -0.188887097350073
0.0946586743111582 0.116863598871302 0.0383913610382557 -0.156617296549234
0.0351417491343768 0.124270468149984 0.00431347979752018 0.0532969915199127
0.0544851018264295 0.141414889225548 -0.0611980223241702 -0.0778659273376342
0.126683315961999 0.140757703976871 -0.229222686349062 0.0465108037816704
0.206727841710369 0.0504953734301109 -0.186168828329501 0.240529217140984
0.181926682297458 -0.0921520232249874 -0.0138319154395504 0.24991352665874
0.0754785457701698 -0.123410958761489 0.0951259021989373 0.141130269336854
0.00777708069408866 -0.102444427165203 0.0672559227699775 0.0589724755071789
-0.0430362552311645 -0.0885299841411893 0.0167950837503583 0.0158952732844636
-0.0552146484510298 -0.0766540566270104 -0.00683104817565102 0.00719735679784007
-0.0517481999145215 -0.0855478537563234 -0.0157709169509615 0.00644833781808486
-0.00380173546302015 -0.112473855676703 -0.0727246956136808 -0.00525175254581059
0.0545343114951898 -0.130951556672001 -0.142372033728908 -0.0556476556703932
0.172014744873623 -0.105466700587835 -0.129626730002985 -0.19168144412502
0.216378246232098 0.0250393146427497 -0.00835021138085982 -0.254196913651559
0.115123383619083 0.142763592746061 0.149487926270558 -0.147191836293374
0.0462867743400758 0.153043432999664 0.0381523489395379 0.0441689565207529
0.038577143089527 0.112068833188145 -0.03930714832079 -0.0785377651132725
0.0980336578538631 0.114982339768878 -0.131591692995029 0.115096023553678
0.185990492641504 0.045231564889923 -0.00690180966545093 0.238388693010787
0.175328842080909 -0.0968607403242966 0.117960039965703 0.168254252958499
0.0738153560585734 -0.136364963405304 0.139470155847349 0.0429003079519769
0.00335353719369025 -0.113499046805129 0.0603001742998168 -0.0112473517152722
-0.0448929103594691 -0.0964659528789936 -0.000525281721495608 -0.0276634849517734
-0.0508013905231092 -0.0773999880545752 -0.0183827173634283 -0.0290298594332016
-0.0397168311941853 -0.0795043241613509 -0.0312067613139815 -0.0347587717292036
0.00956152392891861 -0.0973818806596169 -0.0749005197547103 -0.0656789038760179
0.0686044404529741 -0.106710081263314 -0.0979691889873625 -0.146246459385435
0.17500746157914 -0.0712700779328475 0.00377693490917398 -0.264578021502498
0.21425987473527 0.0527476567279737 0.170683879536755 -0.252869168527986
0.117804612942768 0.163654817181015 0.261112619614555 -0.0833678114620334
0.0490923315218927 0.168734498417564 0.0631360079228392 0.0356414469058518
0.0208392192303212 0.0753880101082999 -0.00684385980112962 -0.0799729287181528
0.0628099015754956 0.0836624215730298 -0.0358288550439024 0.130171363412078
0.139903784400034 0.0388628932307261 0.116953825445049 0.180783788636364
0.138365056231614 -0.0778939161028933 0.190706364705364 0.0641465859402897
0.0598908238409051 -0.116610493712237 0.146330263130664 -0.0585310562373819
0.000834095270528613 -0.0991662991778445 0.0401993787397033 -0.0854195408433379
-0.0373339590639324 -0.0866491054863598 -0.0175332419049123 -0.0737364707117181
-0.039035529169188 -0.0667285749242483 -0.0270354436138712 -0.0610931478398099
-0.0242917280140046 -0.0633458490372873 -0.04033759517201 -0.0635894245801448
0.016694479564834 -0.0694524320003796 -0.0602820113652022 -0.102947500317572
0.0652870817655662 -0.069215532846902 -0.0246450807315834 -0.191756981971995
0.143977428929286 -0.0268231388139466 0.154454017888807 -0.249809904585526
0.171195573107474 0.0803493307003312 0.326883224333481 -0.15420365630965
0.0905016824943615 0.167779054494814 0.325056561763737 0.0228245527815714
0.0375049628096946 0.157232104316017 0.0734634742485709 0.023814606797058
0.0083296212276559 0.0346165406308635 0.0234893047634279 -0.0814205207029488
0.0293558588678339 0.042953266183864 0.0286553506433353 0.119117142315233
0.0778577961480245 0.02980884935547 0.180466404652835 0.120601180597015
0.083225154967621 -0.0409085551221065 0.217903575839668 -0.0162436314316604
0.0418561033259373 -0.0689755389964533 0.133507473410305 -0.134930784997608
0.00391137511677299 -0.0623298128329813 0.0177133397622772 -0.143684687336983
-0.0202030797491629 -0.0591557211214981 -0.0298211175707118 -0.109122365583325
-0.020138042940149 -0.0455468538954071 -0.0309064011609032 -0.082222066124947
-0.00879000616767195 -0.0410778604745635 -0.0440138897512945 -0.0788247503542425
0.0156457144367578 -0.0402455873574291 -0.0415765661578557 -0.118175456858629
0.048122427032817 -0.034702467943974 0.0411794817513956 -0.191734245008932
0.0868924317299725 0.00550371938780472 0.254890141801034 -0.173673600831126
0.0943586907744377 0.0795014545761562 0.398670791594339 -0.0166349803208962
0.0392477765440872 0.127396648604793 0.327777528084926 0.121689185740258
0.0188308604760556 0.10685793191688 0.0711556766955659 0.00815850968319382
-0.00453293265890439 -0.0120508950595673 -0.0252556492247537 -0.000999341126362011
-0.025340422959061 -0.0325456127505734 -0.246265913310295 -0.143540295922558
-0.0295998713912792 -0.0344679102212155 -0.403860100338106 -0.0560770679346681
-0.0383956713369535 -0.0170345765431869 -0.286998561706801 0.133781969821964
-0.0231050010384074 0.0140760035906737 -0.0708989937535755 0.195513498449521
-0.00839485995242845 0.0106159204083176 0.0432736103171542 0.130851360390072
0.000762329361243578 0.0158300822353795 0.0526844488727532 0.0730807876868321
0.00580969707456411 0.0175616828858292 0.036066539151204 0.0765707316785613
0.000632536716816931 0.0170619581424379 0.0449280522176115 0.11288983738515
-0.00266162209861384 0.0219474319940084 0.0136699001475846 0.151223407847892
-0.0175349132822907 0.0155631443898598 -0.0843031504549707 0.184835353078257
-0.0200804989814298 -0.00875943978850401 -0.207320859524865 0.0977023719715314
0.00422932636411049 -0.0159925078933059 -0.223354192953541 -0.048183671534058
0.0128933169485195 -0.00589551308708952 -0.102303452169685 -0.106385213118875
0.0147786865733951 -0.00266034964889167 -0.0517951715125413 0.0768167490995447
0.0274016793594726 0.0712473864339511 -0.0397140641048378 -0.01259468725005
0.0407122088186589 0.0711024257660397 -0.257870652909406 -0.151645891869326
0.0620280247435194 0.0152173978005195 -0.423809876326026 -0.0496115527068888
0.0329838556136119 -0.0323455087724301 -0.29841398039997 0.143904675514723
0.00139976321138621 -0.0177791016801276 -0.068668466691012 0.200975439867325
-0.00525867882866107 -0.0142075050634286 0.0452318590242678 0.13379831402205
-0.0142374155593599 -0.0096426408496469 0.050854120786902 0.0738241750954048
-0.0192393186729125 -0.0102005090126264 0.031822948574811 0.0754632467862032
-0.0287776308547113 -0.0167603433434004 0.0417268649895127 0.109910567540792
-0.0186448906606805 -0.0283693415513446 0.00700981333229056 0.148823899410336
-0.0113304755204343 -0.0426906208399636 -0.0890736651795284 0.179257486908122
0.0298090627897576 -0.0572408362871195 -0.208067963740355 0.0883566698218954
0.0685647008549315 -0.0152618966593228 -0.221385708711717 -0.0522736991868743
0.0435923675704418 0.0359454459495645 -0.0888274068526116 -0.109323188409038
0.0231197819946676 0.0404665729024905 -0.0410488294830658 0.0756662090702693
0.0559789412385185 0.130444348247181 -0.0593693013463893 -0.0398385393905472
0.104484697604524 0.137485438124058 -0.28522380139704 -0.120490525034922
0.144336158504967 0.0415413412683871 -0.424730679378784 0.0443509880619773
0.0973195637449218 -0.0552708688606177 -0.260609830177296 0.208664236811261
0.0268945139442783 -0.0536376674039973 -0.0298837304105104 0.211455660209201
-0.00187198019780064 -0.0427605878467477 0.0558170067547819 0.127124439392378
-0.0282795776421543 -0.0366141762086379 0.0448843680858254 0.0665347915768752
-0.0411678254488255 -0.0361086571056649 0.0222986363778029 0.0641197897454529
-0.0512010457623462 -0.047303310863409 0.0283985283141664 0.0881052939848213
-0.0286625707708317 -0.0727323737465825 -0.0153558300283746 0.119985106585968
-0.000771689624947112 -0.0946985837515671 -0.111096744230204 0.137923436193058
0.0800794557449876 -0.0996563459872548 -0.213991345549844 0.0362144389644063
0.131098548363442 -0.0151672470974084 -0.204740586526099 -0.0966270251587526
0.0750971009139688 0.0750142842533974 -0.0477233996939795 -0.132202625914948
0.0338896219480794 0.0823096960146453 -0.0185002846597004 0.0665968907952437
0.0710821976488964 0.149766901845259 -0.0744529923604294 -0.0625253310993101
0.141833921393468 0.148187757769699 -0.287330299661645 -0.0352121165080557
0.197556497564838 0.0382464117053786 -0.339146172034129 0.17845523588131
0.146306496044231 -0.0859512049204149 -0.148240215810669 0.267123318634958
0.0498371334442108 -0.0948893501933687 0.0382206654534523 0.19621544233779
4.85868829664168E-05 -0.0745323704334698 0.0689880545572948 0.102192452541394
-0.0414834086411304 -0.0619897409805707 0.0339460023700357 0.0479832631203133
-0.0562491997499135 -0.0564005266418476 0.00906262020031297 0.0411422013266631
-0.0618603709255899 -0.0685511800341423 0.00737967327362703 0.0500357438191022
-0.0271606658344399 -0.102835820626626 -0.0462597896623723 0.0654777713452926
0.0173014448861216 -0.128977924842186 -0.137280002392986 0.0593840792308062
0.126140182756255 -0.125148019485479 -0.203116780381723 -0.0590378201279595
0.183865106308851 -0.0110408708273197 -0.148457460757014 -0.173278318265667
0.104580766741804 0.106112640230253 0.0290754548037653 -0.158655361746345
0.0473433476942716 0.118383496277576 0.0135361619765943 0.0536359060497593
0.0678448451639786 0.13680296057372 -0.0731521699551372 -0.0718563079769275
0.138684122633996 0.128730834253067 -0.227427290382823 0.0648253203524592
0.21025606871044 0.0271175793423667 -0.167364422216192 0.256351644182681
0.169110882247695 -0.111223664912994 0.00462458768164171 0.249579447483061
0.0606213864318174 -0.131216784767792 0.10561910960039 0.132147355600015
-0.00287209581186662 -0.102684278364664 0.0730959127755134 0.0535325851632941
-0.0509411661973844 -0.0812857096477873 0.0171576121494987 0.0171081034230802
-0.0624084981077924 -0.0677971974544691 -0.00631673629264574 0.00934064552963914
-0.0597423700164733 -0.0774558839622576 -0.0155025784207124 0.00577359503983222
-0.0152743080531484 -0.110803888593973 -0.071908076144836 -0.000455432927433621
0.0397961477488718 -0.134976636115515 -0.143325126324111 -0.0424098310361992
0.157945540318748 -0.121802775637177 -0.142322513964822 -0.176432362922824
0.215906343548445 0.00207384364199937 -0.0275575871562785 -0.249550300436614
0.127415114366327 0.131005267849889 0.14011380157909 -0.159357386101221
0.0605507373428721 0.146905681083343 0.0461268423550477 0.0410907920881921
0.0497645152931094 0.109480832508237 -0.0521413474201489 -0.0759719155391173
0.10878850594666 0.104983527537309 -0.125706767727261 0.124121845504811
0.189174002028477 0.0234664753281215 0.0101955632309948 0.238514998715043
0.161650943220198 -0.116069250643229 0.128423696954568 0.158185585628294
0.0575431257381528 -0.144421493379959 0.139740070586236 0.0321152828164606
-0.00816839750183627 -0.112850522875812 0.0597780621872652 -0.0141310532616001
-0.0537529528396445 -0.0885017450734047 -0.00412072546397064 -0.023393921281648
-0.0585480711190121 -0.0694400653755649 -0.0216474140938326 -0.0255205718596959
-0.0475130377665509 -0.0727815355265511 -0.0344063383833328 -0.0332582696517673
-0.000494954297951892 -0.0970512223143263 -0.0793266615848359 -0.0590506293792897
0.0563577632146223 -0.11276963529455 -0.108149294990867 -0.134653540261228
0.165189936309315 -0.0883067198517686 -0.0175841229976633 -0.260114786409404
0.216645267616337 0.0304867214928419 0.148694486225997 -0.26360086195064
0.131421044182103 0.152566305072499 0.256325210937949 -0.105768897033723
0.0639546768349541 0.162763475659258 0.0702189895215242 0.0295798478295309
0.0282614577746637 0.074668302575423 -0.0200574126442784 -0.0802908303739296
0.0703840646870396 0.0767581822104082 -0.0283798511906257 0.131779725414596
0.143068867007481 0.0219238028087543 0.128269155417993 0.16955446640023
0.127517288276718 -0.0936530268316231 0.191042148390357 0.0481385193766655
0.0459054693079426 -0.123369484205595 0.136892571603382 -0.0686847046546121
-0.00878649912137553 -0.09867951223315 0.0318786035563654 -0.0846632136698949
-0.0456042125148241 -0.0794301297132983 -0.025875789709053 -0.0669254407813482
-0.0457468927586212 -0.0603249127294667 -0.0336290571670732 -0.0563959095697655
-0.0307136908812353 -0.0588745929880546 -0.0452377307683415 -0.060168460571503
0.00895528487857045 -0.0699262232511085 -0.0681841345531894 -0.0963776600705981
0.0568578947108636 -0.0754260460349678 -0.0400853468290785 -0.184773102884711
0.139610438533401 -0.0405751198660747 0.130450751740198 -0.25844330826137
0.17630185460717 0.0624546605368844 0.311402734071461 -0.179284881806624
0.103606015440253 0.159552940970044 0.328853814129106 -0.0057864237067209
0.0510208322465844 0.153036730986811 0.0799263813973438 0.0160881116638588
0.0111731276700016 0.0349549443337447 0.0103972469671564 -0.0848378274753579
0.0329967302491963 0.0396339072119312 0.0354221503825206 0.115041092801599
0.0808804396960104 0.0197245308244014 0.186758927211262 0.10356853407929
0.0770635023819927 -0.0504929724719592 0.210302224429614 -0.035119967463743
0.0337903964839108 -0.0744726249705759 0.116812911143158 -0.142894605996539
-0.00187798238095446 -0.0618251575098014 0.00337585714961613 -0.139596425198543
-0.0260737343085661 -0.0545485032817335 -0.0416190422684824 -0.101257303144763
-0.0253282911831059 -0.0418855894021952 -0.0400615777636631 -0.077811225702094
-0.0134920403595804 -0.0390911319306673 -0.049845071954849 -0.0746750261940283
0.0108440334334681 -0.0410456593962958 -0.0500082003139268 -0.112227544459151
0.043502973582095 -0.0398696173722536 0.0249743475282489 -0.189894433626965
0.0861986656032065 -0.00287989949881655 0.235961372822104 -0.190901903362248
0.10007771712671 0.0689405651816217 0.391670104347428 -0.0499896039977001
0.0490713515565908 0.12395343343609 0.338823029341654 0.0911437692073397
0.0275263176078199 0.10462489492207 0.0762428643130248 0.00059056725242417
-0.00764314776080668 -0.00998578297472233 -0.0277017964990474 0.00544010528988381
-0.0325592719629207 -0.0202377961974613 -0.260050591680529 -0.0848575773836914
-0.0354150612070495 -0.0184415221682464 -0.384017728133456 0.0230928502655634
-0.0365431024515766 -6.12429855394742E-05 -0.242910206833278 0.17242700866376
-0.0139863641057597 0.0183178872092401 -0.0306611988959926 0.193594019502621
-0.00469874567028524 0.0105852944047363 0.0640369918520101 0.114314211119091
0.00391799946580273 0.0134976574447906 0.0622760032335151 0.0602223907106881
0.00933423237621093 0.0146973984354087 0.0488248985875698 0.0643446018608626
0.00451339380569045 0.0160049068155223 0.0634635596096747 0.0933203810079424
0.00276131636257058 0.0214821118850773 0.0419647333926112 0.133278158582323
-0.0130057389122952 0.0191217641221402 -0.0383432322081614 0.184543055018917
-0.0228065871093294 -0.00284363305829323 -0.167845453150998 0.12962529322124
-0.00107438281324724 -0.015804939817407 -0.213603240030629 -0.000517308755507622
0.0097887077606914 -0.00975410831089854 -0.112551672160123 -0.0785930425308361
0.0120711227085995 -0.00399086814669741 -0.028383744427345 0.0800201876610183
0.0345070461579566 0.0620100554985595 -0.0423396031681006 0.0022930124030327
0.0450359542230408 0.063522871326989 -0.270447569320192 -0.0859054617733815
0.0544988621733807 0.0106468016336334 -0.396012026408384 0.0370831379910326
0.0239801962970861 -0.0265754094005655 -0.247190135972662 0.186051308468298
0.00234765248213271 -0.0146757430183022 -0.0254296437300794 0.196870259670556
-0.00600476119224828 -0.0132536392121713 0.0671018592962501 0.115209704022509
-0.0139676762415098 -0.00691067705689071 0.0609181898422263 0.0601401499510617
-0.0180518649442082 -0.00583173323922816 0.0445706008531037 0.0645655199771234
-0.0284775329598214 -0.00977987033590247 0.0611033730624599 0.0914283011644488
-0.0216237350962254 -0.021878542277235 0.0367790946449869 0.133229793328095
-0.0169210258306924 -0.0351230132810172 -0.0438919414858031 0.180344954248598
0.0142818962222495 -0.0567833575287223 -0.171551625346395 0.122445779424086
0.0576140627564736 -0.0261448642591378 -0.211573304446631 -0.00406189609490427
0.0458482893055586 0.0229394434002569 -0.101675041257019 -0.0841218885532352
0.0277145471297469 0.0340519111006554 -0.0192265575204744 0.0764395090892513
0.0696880538402081 0.111862763931683 -0.0646832991790417 -0.016345775704473
0.114657520873384 0.113510219078369 -0.288502994363342 -0.0483143511448543
0.134742765868136 0.020536943367611 -0.374914541980979 0.128653687745122
0.0788801932077579 -0.0601039771828854 -0.195749481425004 0.242443324289515
0.0191082888417352 -0.0523124615421121 0.0141063235668811 0.197549903731697
-0.00752786324867423 -0.0400100207630334 0.0759817289518749 0.106139022904529
-0.0313808766641473 -0.0279940731275218 0.0539299141155397 0.053625451805678
-0.0425545395573307 -0.0255860938085872 0.0340713713618378 0.0557766968918087
-0.0547177390872564 -0.0331799036394307 0.0446698924135149 0.0743164588332293
-0.0389333745702291 -0.0609396821544359 0.0112346299458152 0.110593937115484
-0.0163646232561832 -0.0847880577278519 -0.0730250093211358 0.146948608328586
0.0527478155901344 -0.106148933699457 -0.187456661562498 0.0763658753593106
0.114837183708858 -0.0372519953443977 -0.203854658018394 -0.0476312816819244
0.0816831807877577 0.0527180598948763 -0.068980220315256 -0.113071671145362
0.0446900649733388 0.0704841199592076 -0.000753811703870461 0.0644317312746139
0.086883376651151 0.127197385204695 -0.0821176462900867 -0.0335894700863025
0.152367718498593 0.116369603341845 -0.273097261099817 0.0305950322530779
0.184412964726817 0.0067399466977022 -0.268186567974829 0.237564748987857
0.11813240806886 -0.0995660264800174 -0.0766147415726205 0.277068607353827
0.0309963644905743 -0.0949563580379042 0.0758792085882814 0.169016451391177
-0.012052831687158 -0.0703895003426518 0.0845193592507781 0.0791481135950203
-0.0480362057811245 -0.0484730738087547 0.0409611444613449 0.037410220536928
-0.0602471243546904 -0.0409433946432997 0.0179060890426179 0.0364445426144803
-0.0685260610202371 -0.0508278787194884 0.0179720056749554 0.0434569665920329
-0.0437627262094485 -0.0889807984405939 -0.0277581015531084 0.0675396816367915
-0.00595404197668831 -0.119707348354287 -0.11348792323275 0.0806056538449652
0.0907868189932985 -0.139124769130058 -0.196719756438165 -0.0128833809954274
0.163685907347494 -0.0426102357405177 -0.165975145731241 -0.129828516476805
0.115862733956132 0.0767190597640925 -0.00426513542101841 -0.152890216456413
0.0639603359027639 0.101904660335734 0.0257351862774329 0.0469689238844538
0.0827801958601858 0.116310523208615 -0.0833896321511004 -0.0440238466156688
0.148954180022264 0.0979955768597471 -0.198747973525872 0.11119556635603
0.196729713151089 -0.00949121719972654 -0.0942840293696681 0.276135113613405
0.133812145559883 -0.130762904738342 0.0639268116552259 0.232225299944141
0.0328145347548562 -0.131961969467015 0.126948472203368 0.0950599874428895
-0.0202677262448658 -0.0950823493373898 0.0791038747732992 0.0322195316846014
-0.0603315370007808 -0.063517160381609 0.0196582682159262 0.0112512163892939
-0.0682812488148904 -0.0499625505687207 -0.00309923100389025 0.010108693841808
-0.0686489812020291 -0.0587415489564984 -0.0122475856568956 0.00680412815218269
-0.0347576237169599 -0.0985612121952354 -0.0641393586170728 0.0124921527255599
0.013700301659203 -0.129317811933765 -0.139034749875792 -0.0113423305986508
0.122499069312639 -0.143143817886343 -0.164720917097028 -0.132644348693915
0.196420732163389 -0.0359467726881339 -0.0686744795868224 -0.223288605150481
0.142327530758077 0.0968421728290596 0.098131579931198 -0.174770477711629
0.0811575569958074 0.126596595422633 0.0527579726034763 0.0294997123560937
0.0627421323300039 0.093140869172521 -0.0663916300646536 -0.0529575083721129
0.119364622255741 0.0787000290933048 -0.0934020902091641 0.145782160956051
0.177488511170416 -0.0137571745667627 0.0647260967430105 0.225912928886418
0.124680049687801 -0.137003643838195 0.161423140963376 0.123574905353313
0.0250746142929797 -0.143996418008941 0.138952081314936 -0.00413392835654705
-0.0277046120197201 -0.10332604954367 0.0538110740290938 -0.0278154504954427
-0.0643371739103527 -0.0689568912324415 -0.00788059439774175 -0.0226067721251259
-0.0654932233970474 -0.0518960959659494 -0.0249943617854243 -0.0189415498215156
-0.0570847018969805 -0.0570579956806105 -0.0377401559878115 -0.0256736437027546
-0.0189698672848975 -0.0890230781438243 -0.0825819737723191 -0.0392160382190781
0.0322987149018496 -0.112654849271317 -0.125023308376004 -0.102341572184284
0.137095397301181 -0.113978131568617 -0.0666175488522032 -0.232966546580616
0.203099370856978 -0.00866429224892963 0.0908206935033115 -0.269318372157809
0.151054228766392 0.118204918306287 0.214212670159461 -0.147653929832019
0.0863293208314809 0.141160203454806 0.0722582783263718 0.0142159730260295
0.0377277770965637 0.063798014323104 -0.0393064811390683 -0.06591357217727
0.0800674493454805 0.0578864976749727 -0.00287350348197714 0.132258690818663
0.135610992008927 -0.00921187947816676 0.158837276916623 0.137575400991298
0.0962094995191373 -0.112952376486619 0.196405880915637 0.00937818579646806
0.0163744564485624 -0.123701983179765 0.11575103723266 -0.0958013456596526
-0.0264537938852543 -0.0895013947460533 0.0142846065386997 -0.0859450602239271
-0.0559898976874126 -0.0618780965659641 -0.0366212603495301 -0.0583829579965881
-0.0523149297755923 -0.0456976986815791 -0.042702706349906 -0.0449896094529671
-0.039394627634699 -0.0472783551982527 -0.0534773946347373 -0.0480844861925406
-0.00515290745102268 -0.0662058244755324 -0.0797233536839735 -0.0759834205834683
0.0390388678304284 -0.0796402068262408 -0.0721845286449826 -0.161158995051553
0.123841737599811 -0.0645527198995454 0.0700058058267799 -0.259197158071077
0.172860148179356 0.0286123134600023 0.254485710770465 -0.222579215938954
0.126360874546073 0.131708505190339 0.29934882486613 -0.0710130624275931
0.0719014953754576 0.134347143508141 0.0788332291057091 -0.000603785096213577
0.0150395967878333 0.0297845115173789 -0.0133395046419169 -0.0789604819483106
0.0388102336548618 0.0299460972359277 0.0523884171375314 0.102076041911947
0.0789139219591235 -0.000853981400571396 0.19601818058979 0.0630005347011881
0.0584719729042101 -0.0656453907672473 0.193978954985093 -0.0716694727352243
0.0134352812066393 -0.0768876155159095 0.080937299323866 -0.15757563837974
-0.0138880079662499 -0.0570181478419121 -0.0232997925242553 -0.129389562388723
-0.0341963242893162 -0.0430812726952811 -0.0581473302701706 -0.0863794200264012
-0.030785086731569 -0.0329131698183426 -0.0527953044465216 -0.0639827196505637
-0.0203779695377992 -0.0322336355207071 -0.0604233766212776 -0.0607891915803485
0.00187839952304963 -0.0399673957981505 -0.0659690251347422 -0.0944774166417227
0.0328044253836606 -0.0449677642486326 -0.0128956976335748 -0.178381479855093
0.0822169303687672 -0.0193716760142324 0.17967418396605 -0.217707749598767
0.104197928677809 0.0476050468938246 0.351285235418595 -0.118970561161371
0.0697415354906891 0.109293670042424 0.328880725303374 0.014778964229514
0.0419569905184212 0.0926003018366012 0.0737914308917222 -0.0151503357020029
-0.0080484354214081 -0.00917744395961089 -0.0295574565125466 0.00725867310171506
-0.0301067138148749 -0.0177548683140905 -0.244416312122231 -0.0808434158946285
-0.0328827003673404 -0.0168002754158885 -0.357460346522442 0.0184114193623836
-0.0343908595150412 0.00127160266637144 -0.227316459156765 0.156572548139946
-0.012641282530254 0.0171258668995192 -0.0306614339647546 0.178552001049256
-0.00463887596680428 0.0100384388670129 0.059346491080035 0.106841694466442
0.00302858247814419 0.0123693428571084 0.0583632213578309 0.0565730637428342
0.00897889738136021 0.0128579337546052 0.047213054999646 0.0601474303529482
0.00466078378220766 0.0148333069744193 0.0596894612236051 0.0846327885888232
0.0030413936628976 0.0199306141897763 0.0382400578688383 0.12105753542391
-0.0114883029981178 0.0184624790844372 -0.0335934435680459 0.168219714144846
-0.0215930954914091 -0.00174846226200927 -0.154533960547209 0.119517414027595
-0.00109561288217 -0.0146265282168973 -0.198084510205982 -0.00260268221241004
0.00937881055556392 -0.00917386991752544 -0.10313019828247 -0.0764782520418606
0.0102633105800505 -0.00406385610558154 -0.0215725089416751 0.0741921133070459
0.0316851394869449 0.0589344310407906 -0.0432958297834175 0.00510632748605377
0.0416723158455538 0.0616876635641731 -0.253824637786719 -0.0809037531113762
0.0511696452922288 0.0111115526694315 -0.367874034238495 0.0322184061490959
0.0222475015246718 -0.0234450313451094 -0.231875216028365 0.170349390851149
0.00255464656550112 -0.0141425312311353 -0.0259391821780031 0.181795011146393
-0.00588431098979695 -0.0125049193206156 0.0617645741018065 0.10749160265218
-0.0132559938244026 -0.0060052881309456 0.0573338092776157 0.0567155133575121
-0.016646677517719 -0.00542836657687558 0.0437039531674435 0.0604719528458711
-0.0258895352198706 -0.00798444553326596 0.0571856121450237 0.0830500498915105
-0.0202797224860649 -0.0201312552579165 0.0339295464575039 0.121373725730107
-0.0163384532875906 -0.0324290297480586 -0.039471365147169 0.164807748645038
0.0120995517953123 -0.0527927670646683 -0.157294646328125 0.112208186274201
0.0530938967001683 -0.0253567223069584 -0.196119845056638 -0.00553524675559564
0.0426576034916081 0.0208331561282709 -0.0926075113485812 -0.0817124842534594
0.0255392503590923 0.0311848240023069 -0.0132822219151905 0.0714912637319622
0.0655162595071232 0.10688631586616 -0.0637100195095986 -0.012828709223429
0.106683987963952 0.109238516539415 -0.270959436158224 -0.0463277403858318
0.12552652599845 0.0200809173850282 -0.349979747066609 0.118082821780373
0.0732972546697082 -0.0551446710345841 -0.184719532085873 0.224301357752766
0.0174956336429157 -0.0491803800331293 0.0112611197666217 0.183864666162113
-0.00774645795543159 -0.0381231835197567 0.0709795858537851 0.0987334930025822
-0.0295827436679145 -0.0256299442646232 0.0512945557065721 0.0511130315185411
-0.0398437974252771 -0.0230106061971172 0.0340117641218959 0.0522156239373784
-0.0509787286667077 -0.0296035617861027 0.0416843304126259 0.0672448334235873
-0.0368671633790134 -0.0563005656653658 0.0102574694878337 0.100630450885157
-0.0167241416281674 -0.0786316616982101 -0.0661442478390018 0.134323712062381
0.0473732204613669 -0.0995516640256316 -0.172552735410776 0.0687162123974465
0.106375645702183 -0.0361333404015171 -0.188234120322869 -0.0462254095974613
0.0763480921196912 0.0487632559207871 -0.0613192965304226 -0.108426215431724
0.041750289991599 0.0650692992638761 0.00410205669449667 0.0600887572472966
0.0823369386647798 0.121001235661715 -0.0797861550743549 -0.0296668103918815
0.143044368825796 0.111362272028889 -0.258067762280858 0.0269299996754168
0.172382494275792 0.00567920870688243 -0.25387186151197 0.221042686337869
0.109338796234853 -0.093205636184252 -0.0751208514172578 0.259106334639714
0.0275339041847891 -0.0894807831470224 0.0686433104612258 0.158635495655508
-0.0125910241952345 -0.0661282818947747 0.0789473992817554 0.0745818465496248
-0.0447527452009687 -0.0444224007645717 0.0391351999919062 0.0368297249542882
-0.0564050083791461 -0.0368333967250959 0.0184635408256185 0.0348560388312119
-0.0640173052679797 -0.0455377433667307 0.0164895338410323 0.0384574356755985
-0.0420497327251678 -0.0821218677633935 -0.0256564198655519 0.0603919543806019
-0.00718774409922988 -0.11124103627455 -0.104015277956477 0.0726898538809548
0.0830327148897138 -0.13030802475703 -0.18144069593035 -0.0156076510797006
0.152244499381082 -0.0418104039655451 -0.151992466792732 -0.122583643006028
0.108261082536215 0.0714894743311092 0.00109946370718572 -0.144830805156047
0.0603038227953406 0.0946930835483357 0.0285147280577181 0.0439292333488801
0.0791573336665702 0.110529594351152 -0.0816023614762027 -0.0402520365570316
0.140690178437167 0.0933061048192939 -0.190067353813754 0.102955577608764
0.183829491586478 -0.0107738042712707 -0.092284416849695 0.259771447444982
0.123027481878227 -0.123473077657874 0.0565791062461772 0.219664733318731
0.0280819555157155 -0.123941293473222 0.116666087775313 0.090919120287202
-0.0201710628070919 -0.0893267489975805 0.0751962623017298 0.0307669422785304
-0.0565048791609323 -0.0581408471053008 0.0195338615467214 0.0129187440301225
-0.0638427143309554 -0.0444788515241912 -0.00231448915436642 0.0103681477425288
-0.0641186672841936 -0.0527968967276303 -0.012535076371569 0.00465256960986887
-0.0330783467474241 -0.0915268839620823 -0.0599837216311553 0.0100150437486642
0.0109319408055579 -0.12086568171781 -0.127719391386562 -0.0124083533206208
0.112754482042096 -0.134831128486355 -0.150156660621774 -0.127033655842692
0.183459321280106 -0.0354423305663938 -0.0597033074856192 -0.208832850669685
0.133921169208471 0.0910892790282415 0.0968560900903187 -0.164785441111559
0.0755256954834092 0.118295609063742 0.0537916729527939 0.0276873479838361
0.0610222742162259 0.0883007236058762 -0.066580381555027 -0.0493702623877358
0.112654983212884 0.0738411096723872 -0.0921636561376381 0.13657425079019
0.165819630574761 -0.0159003293548261 0.0569169439204793 0.214139139125743
0.113425860728333 -0.129929145199046 0.148026301938844 0.119283270416546
0.019986566944772 -0.135067612051994 0.128878046508273 -0.00145216037518848
-0.0273495425296849 -0.0966532245718415 0.0516972631181425 -0.0243091500451595
-0.0602316567476538 -0.0628428627817327 -0.00706159501430863 -0.0180975325065245
-0.0613086284807961 -0.0460098007432883 -0.023290414279608 -0.0164049367275405
-0.0534553444087452 -0.0512739791153013 -0.0364135829125758 -0.0255867011729074
-0.0180913552709911 -0.0825560468759668 -0.0765316699057861 -0.0379823044921857
0.0285929638225962 -0.105525536101699 -0.114166180437585 -0.0961856709646641
0.126969173985987 -0.107345071098988 -0.0589085467166651 -0.218897092849427
0.189695284904828 -0.00902076195944384 0.0888389788465747 -0.250801891275441
0.14140108967436 0.11270827813424 0.205847791157925 -0.138454378568223
0.0804754373563772 0.132888870001794 0.0717050774457997 0.0129314911808084
0.0367773601785117 0.0609652184513488 -0.0420682154807315 -0.0616536972991072
0.0752732078791969 0.0541208039195749 -0.00792901147844332 0.125541724111351
0.125947026769646 -0.0119510391354337 0.145445607637275 0.131666947112773
0.0869119828442366 -0.106610034435428 0.181296560154694 0.0109680057814274
0.0119841648178436 -0.116102897887571 0.106946899214705 -0.0862806115896585
-0.0260480879631991 -0.0838048661982952 0.0140144699846033 -0.0777079635825568
-0.0519222773169968 -0.0560784290718007 -0.0340384296264518 -0.0508785355733496
-0.0495185003431369 -0.0408011884332903 -0.0407396574511664 -0.0408127489303184
-0.0373925859855158 -0.0422728373601676 -0.0508768688848191 -0.046681449691323
-0.0055297746879417 -0.06183921133054 -0.0727864805351654 -0.0717111441324342
0.0357263370010602 -0.0744356715172112 -0.0639997445991679 -0.150137993477148
0.115504007340518 -0.0607141469479013 0.0690635349135825 -0.240965009564878
0.16091266414657 0.0270562681444233 0.240123167563325 -0.205534624693584
0.117720380153818 0.125950369521321 0.284640031202848 -0.0656089560848769
0.0661254071734346 0.126955205441946 0.0780956601160239 -0.00183052662298551
0.0147697910769934 0.0292869500274142 -0.0178015350202493 -0.0738638712774002
0.0360657522874981 0.0284500613112578 0.0438992432778588 0.097393226032074
0.0737337458204929 -0.00313002446897502 0.180972716630404 0.0614639849424538
0.0520641639121352 -0.062093187529925 0.180104538526951 -0.0651859541685449
0.0105000944101505 -0.0725167713142513 0.0740746768176916 -0.143579603722535
-0.0137685854487154 -0.0535700890169046 -0.0212044159960155 -0.117542297838167
-0.0320725472212711 -0.038752448332438 -0.0547541099254403 -0.0765272208992713
-0.0295976854662016 -0.0289485365302761 -0.0509044226985898 -0.0585549764654867
-0.0196072489734224 -0.0289383275647244 -0.0569859415482188 -0.0578409717455235
0.00109765942471999 -0.0374384921816153 -0.0600892925921898 -0.0883982770132273
0.0297429133285726 -0.0423434643027882 -0.00912861337636566 -0.165180139514873
0.0770460880629439 -0.0180229094228257 0.16976202683539 -0.200003190658486
0.0965485621715503 0.0442484296064256 0.327813143008065 -0.107686745486286
0.064314721756911 0.104009627353461 0.310022805421478 0.0146117369438462
0.0381861681058784 0.0874961381271012 0.0728595164656489 -0.0160947303413758
-0.00824009733203575 -0.00969456168373086 -0.0327535524581005 0.00863211704594941
-0.0286075085082559 -0.0182928581063619 -0.237671783123721 -0.0893956083378198
-0.0307722043422932 -0.0171479528519109 -0.348553430868057 0.0015920340698755
-0.0336210955689526 0.00156662781782308 -0.229915542516509 0.140638145067664
-0.0123021235983427 0.0159037332752928 -0.0391169283767929 0.172296716106735
-0.00520716042281327 0.00980755956211807 0.0536551507791455 0.106834209430918
0.00211497940837361 0.0119786905506333 0.0558675797803535 0.0581631695969384
0.00801503245012179 0.0121592294564764 0.0459955943399601 0.0606570491223643
0.00405949130157361 0.0150034104565639 0.055446318091513 0.0831918643454765
0.00270237366655446 0.0193878636180506 0.0323238629019077 0.117307991641111
-0.0118152983110433 0.0180065935954546 -0.0382508160889149 0.160338468547629
-0.0216050897654169 -0.00159619754468324 -0.153576061528472 0.109562688924773
-0.000789421120132527 -0.0143191447635871 -0.193170998510424 -0.0116023924706729
0.00952233537896579 -0.00868061865395608 -0.0954445348740912 -0.08137370619918
0.00952507612501849 -0.0037960905975971 -0.0187424265318801 0.0713789259771398
0.0282113163576354 0.0597382866185263 -0.0455354362351338 0.00616873071697202
0.0388068678820711 0.0638654068194229 -0.246540429028216 -0.0895196002037873
0.0498173266736856 0.0138912611638621 -0.360971288858052 0.0137903042913218
0.0229913509067393 -0.0205637954607509 -0.234511986445224 0.153859811929936
0.00335063998882485 -0.0141492515143733 -0.0345503986571121 0.175310083451526
-0.00582475096347775 -0.0127273859157636 0.0563915284220494 0.107018304362936
-0.0131887758108434 -0.00623013527387176 0.0549024625485497 0.0587907935280732
-0.0161489905327351 -0.00595968761744125 0.0429713872889993 0.0608332812549719
-0.0251313699426383 -0.00818662844056702 0.0530548897413679 0.0814359927460168
-0.0188376455191616 -0.0207850974602384 0.0283097938853912 0.117367500953018
-0.0153387901386679 -0.0316570416950734 -0.0429405815988682 0.156523654552433
0.0126877282445584 -0.0509361958774236 -0.157166840786345 0.10166264605633
0.0527442243364784 -0.0239664406312775 -0.190607500091921 -0.0142954151567577
0.0411856409597399 0.0216595922445697 -0.0849569916939684 -0.086572663575044
0.0234898734671809 0.0313632065990586 -0.0104892398569218 0.0687464765054386
0.0609502752668458 0.108514891121098 -0.0647642655011424 -0.012553568052285
0.100541869286429 0.114024169776315 -0.265841928436294 -0.0573757819901189
0.12262356178304 0.0249660244540722 -0.348521584046414 0.0998385376106083
0.0737017606404486 -0.0501506303942112 -0.192329198569277 0.210458860663534
0.0190186795113871 -0.0483098400628554 0.00127763124573084 0.179871992719355
-0.00691343162416098 -0.0379802640475928 0.0658341036575234 0.0993975792978907
-0.0280922617165024 -0.0259329063319118 0.0491513689333256 0.0531036576636808
-0.0382971249335629 -0.0230482420561493 0.0336407211777301 0.0527062120417995
-0.0490192597710571 -0.0294837187818165 0.0386780245429102 0.0651494061927127
-0.0346358574798398 -0.0565679106048835 0.00657975424307665 0.0966889136299545
-0.0148505006372624 -0.0770771245605649 -0.0679865888428305 0.125604365813991
0.0485051799232128 -0.0962047113506227 -0.1703526454846 0.0580520700831549
0.10535633551511 -0.0337115230869069 -0.180459830630652 -0.0535939906256028
0.0731079610152552 0.0504965069522006 -0.0523312440370942 -0.111774897807396
0.0386411422113184 0.0654529383701324 0.00704204850445738 0.05908187726898
0.0774685479481784 0.123542698189139 -0.0802705423293332 -0.0309518035626257
0.136846712939569 0.117728005138623 -0.257379750438482 0.0152216944052968
0.169462273130406 0.0118009281919765 -0.259407537386554 0.206463247197288
0.109966496614833 -0.0872887579132032 -0.0868450934588965 0.251453708231607
0.0296538842563629 -0.0873421275500489 0.0589046471000401 0.158902446501027
-0.0110356264183877 -0.065849676050273 0.0756303498042496 0.0758893344490781
-0.0427483694551321 -0.0445130248455728 0.0378435340853838 0.0391368422574116
-0.0542928220562683 -0.0364337681546798 0.0186717727013806 0.0352232524271233
-0.0612377272117042 -0.0448547055995109 0.0142172547815858 0.0362261109513049
-0.0386560291313712 -0.0819262800470712 -0.0275321710799803 0.0561510860575762
-0.00434349306453846 -0.108570987083943 -0.103203477509699 0.0638406187920085
0.0846732323531623 -0.125993022852176 -0.175505837258182 -0.0261715133552423
0.150699367518119 -0.0379896687507461 -0.140846064923135 -0.12711652800507
0.103870559175838 0.074673757127935 0.0113190239115502 -0.144548287365213
0.055194619289776 0.0953732520493185 0.0315676587408412 0.0442878672701482
0.0754045062657207 0.112804230434637 -0.0818671800734612 -0.0422798944860497
0.136117848629651 0.0989055196487119 -0.194953991769674 0.092700313178657
0.180698431561264 -0.00607907989770036 -0.103400092571526 0.252989952824349
0.123819441090616 -0.117289124189464 0.0441086943797134 0.220305195332609
0.0297283438949296 -0.120582851442138 0.109363554848393 0.0958578557420916
-0.0184539478974428 -0.088553965834545 0.0733391614864156 0.0340603383855408
-0.0533351941467846 -0.0579649772957668 0.0197042680640884 0.0154141341288827
-0.0614443921538331 -0.043984351181143 -0.00121595344880868 0.0111006759313432
-0.0609280796783187 -0.0519136885412882 -0.0133193028145555 0.00209071513625842
-0.0301475201563045 -0.0906266376176857 -0.0589488062759402 0.00572168586689245
0.0132537856383165 -0.117995266885966 -0.123072766248826 -0.0192346431194928
0.114594449990443 -0.128802929079052 -0.140301438991083 -0.133557661491991
0.180751381690226 -0.0295389827014944 -0.0464203771871857 -0.207609760562983
0.127835579356958 0.0958228991810526 0.107299335433144 -0.158887588599712
0.0693994122118979 0.120124312306471 0.0565296109986365 0.0288703654501335
0.0586818447793193 0.0898489623323616 -0.068097640637983 -0.0508695295244474
0.108727972888175 0.0774394079906793 -0.101407403125425 0.130841464282685
0.162729554955692 -0.0122181805472679 0.0450621725394607 0.21549610254801
0.113770296317903 -0.124583988061553 0.138535775732896 0.126074259646303
0.021361333370792 -0.131924719566763 0.125304160574343 0.00645593069111166
-0.0251213253712246 -0.0961847055045598 0.0523554809109254 -0.0201023699696132
-0.0567659944240798 -0.0621531615912812 -0.00496283055679236 -0.0150049835254045
-0.058871517576578 -0.0448966489559147 -0.0219115331219728 -0.0158581439417417
-0.0507539119411242 -0.0502212877343285 -0.0359292670366947 -0.0279708121961729
-0.0154308775048487 -0.0813907834906981 -0.0732963382674706 -0.041527845543836
0.031004157585578 -0.102089178747083 -0.105916795856008 -0.0998910290707847
0.128409257414479 -0.100885884318337 -0.0453490733479448 -0.219012747267297
0.186752867282742 -0.00277458571981647 0.101116358810792 -0.242051837969221
0.13472844191776 0.118254621241613 0.213354577987781 -0.128340048690413
0.0726422588653106 0.134681096587061 0.0745629421721123 0.0147480284044702
0.0357837037029 0.0616161510261035 -0.0443571197787833 -0.0625778466234611
0.0724149751186348 0.0562049752241747 -0.0178916446396401 0.124136360729915
0.123715768896778 -0.00952653277978438 0.135730236285172 0.138289350162247
0.086502082474673 -0.102747578909667 0.176487357276114 0.0215513638864195
0.0129501795210297 -0.113184083830282 0.10749809167383 -0.0769939380248335
-0.02406976547017 -0.0831854836488871 0.0175259342619917 -0.0731172037180466
-0.0488271688868658 -0.0554053348594917 -0.031163029493105 -0.0476525427777028
-0.0473696297560456 -0.039184415922988 -0.0385190559039703 -0.0399719466671884
-0.0355822399578823 -0.0412350377801855 -0.0490969291761199 -0.0487816060908073
-0.00381209449621132 -0.0607586280612159 -0.0683865360997354 -0.074293758624621
0.0369934522214338 -0.0720117160946818 -0.0541358745705001 -0.148538668899832
0.115891924439359 -0.0555034314682569 0.0803871431014087 -0.233352989740019
0.156805614692823 0.0327070660722514 0.246065428033236 -0.189566983323864
0.110194499015181 0.130682113904239 0.286008921535157 -0.0529117493965635
0.0587732236237752 0.128740867372693 0.0805129723314224 -0.000187336609028958
0.0144577777747166 0.0304137216844347 -0.0204519666669034 -0.0736390602411324
0.0344272299750644 0.0294779520096669 0.0346683641007657 0.0996383307557419
0.071778898090295 -0.00186622617277848 0.173625214120639 0.0699072783843298
0.0514659791675837 -0.0599320890738588 0.177556099479224 -0.0548673300021963
0.0105187340503727 -0.0709631867759164 0.0775807232618988 -0.13461445903957
-0.0125675609384328 -0.0532872566770906 -0.0157906904674869 -0.112383105206903
-0.0295036075258828 -0.0380451468600254 -0.0503830477955109 -0.0734982562628545
-0.0285059324831445 -0.0279845914386516 -0.048880373697171 -0.0578366927103618
-0.0192776480467179 -0.0279493459088067 -0.0541856837794889 -0.0598798227024581
0.00162601857727377 -0.0363728347765827 -0.0534991349503227 -0.0897893070231818
0.029987409471244 -0.0407550442059854 0.000277535830778972 -0.160201412511149
0.0764989352008095 -0.0149132330123978 0.17705012691636 -0.187163433449778
0.0924472758159041 0.0481611227141493 0.326220947019534 -0.0892421636930328
0.0581904303293891 0.10631497949823 0.306554012507494 0.0279386813702943
0.0322923854502324 0.0882714014415929 0.0762112239963322 -0.0148633181489265
-0.00871558533365853 -0.0105618720807499 -0.0375754139132171 0.0107924493087912
-0.0290818898495408 -0.0198505349050608 -0.246557373241375 -0.0992113750753105
-0.0313216837787267 -0.0185611402240363 -0.361261912584884 -0.011081081173482
-0.0344143848822516 0.00249262103840834 -0.244002324924804 0.134598427315077
-0.0127134289156022 0.0155738213151261 -0.0473067552792637 0.176381828883679
-0.00579413411495959 0.00998432655138033 0.0525084668451403 0.112866611422325
0.00187424440916511 0.0129317992708384 0.0574208184144569 0.0622540351883617
0.00831709106184017 0.0120940547059139 0.0491098886170912 0.0641714731725612
0.00386103884646369 0.015853457844158 0.0564071750608403 0.0861184066364112
0.00295302937829875 0.0197487537968846 0.0298202918946521 0.120169138335885
-0.012280101807026 0.0188063927668074 -0.0420303439021291 0.161673458796798
-0.0229831790436872 -0.00102368273383783 -0.160814404253199 0.107906028925123
-0.000556420628985668 -0.0149126893208992 -0.200191265902394 -0.0188473655670823
0.0104689439029729 -0.00923731869421281 -0.095419418944131 -0.0906531018889877
0.0087821128896768 -0.0033528587275931 -0.0153629007605105 0.0736613216272213
0.0277858931158503 0.063195668290736 -0.0505431482345258 0.00831331702519363
0.0387056329290572 0.0687330138677595 -0.255681626308554 -0.100093708718065
0.051986637638986 0.0162668339411752 -0.373422731360234 0.00167142916573809
0.0252358533723443 -0.019541814359735 -0.249171917144001 0.149547306338406
0.00421170338192007 -0.0150815319062189 -0.0428470350969227 0.180352561160374
-0.00629293145497119 -0.0136158292091706 0.0554359357936066 0.112970409031172
-0.0137327501704594 -0.00646790408408094 0.0561336783632368 0.0630865957254799
-0.0170045950213247 -0.00651146916850172 0.0461045655576327 0.0638971288734785
-0.0258471868222754 -0.00810052212745038 0.0539506238529761 0.0838011626118172
-0.0192213670281883 -0.0220709621978394 0.0267603628377849 0.120433572492713
-0.0158368619274495 -0.0333010239692719 -0.0468699056438383 0.158556282037462
0.0136917581675837 -0.0523435413911076 -0.164543200486235 0.098672262347263
0.0553302337633985 -0.0247116343394422 -0.197180828903586 -0.0213451846241994
0.0421033488758083 0.02335188544214 -0.0841657396066589 -0.0956368443237707
0.0235175378044005 0.033550822214347 -0.00660579148233737 0.0709320697567536
0.0605374780035398 0.115754921823025 -0.0696764099379719 -0.0121868802293289
0.102324173200292 0.12338413496077 -0.27710038589107 -0.06772840900194
0.127518162444377 0.0294951761362417 -0.365294201343822 0.0918093667417218
0.0789635902524849 -0.0490277789038569 -0.207343342104471 0.21177814339517
0.0207616547515202 -0.0502721626380817 -0.00573845202495594 0.186786258580563
-0.00731490277550401 -0.0401679546367093 0.0661981889980691 0.104954795996002
-0.0293356591747668 -0.0271475427555176 0.0509910035848925 0.0576205458196184
-0.0400237205651141 -0.0241346042681766 0.0361950807577689 0.0554237219726513
-0.0500462340419572 -0.0302517225147115 0.0390171532653025 0.0660276921970848
-0.0355981355101644 -0.0597829965908821 0.00408823493181136 0.0984175978379783
-0.0147237618729575 -0.0799010767695825 -0.0725197499616805 0.125149824702912
0.0517947890958713 -0.0992972006817459 -0.178118098290837 0.0525598794349439
0.11003645585686 -0.0346374444294014 -0.184465625881875 -0.0620723332455312
0.0750440430728927 0.0545423430372047 -0.0478073415015086 -0.120695311279915
0.0390692681344386 0.0690437374526691 0.0119316514179527 0.0606900569510831
0.0790429920942187 0.131831571751592 -0.085357783132294 -0.0332349051962395
0.141074379701524 0.128662516523197 -0.271234393462855 0.00715145140837145
0.17713203214194 0.0158250795836373 -0.27856527402539 0.207010084897752
0.117117592978581 -0.0882006216868784 -0.099939445355673 0.259781481496217
0.0317519085747273 -0.0909663652149208 0.055552943314883 0.16861369276079
-0.0112977661659714 -0.0691093032977153 0.0773168242015731 0.0812655212395216
-0.0435098320639714 -0.0462936312129322 0.0401959145869811 0.0429075573223069
-0.0567109278207336 -0.0375127049187681 0.0205512337845174 0.0370332092816821
-0.0627962391824259 -0.0466449225856507 0.0134576835173199 0.035856393617796
-0.0393320463363415 -0.0861026433759677 -0.0302038201011034 0.0555706798906636
-0.0038465996230689 -0.11274507267158 -0.107194312330226 0.0603155735641062
0.0900740625362163 -0.13032089722079 -0.180728719885028 -0.0351795134102153
0.157583315763147 -0.0381209823840675 -0.139716947588234 -0.137647801486045
0.106800101988581 0.0814951347880191 0.02084668272191 -0.153319917626701
0.0554335135033495 0.101375150435872 0.0374908411727019 0.0462954136285308
0.0783629178144669 0.119703228960391 -0.0880658540797638 -0.0461064477255832
0.140906272827564 0.107595415284792 -0.210799003764502 0.0901147930097546
0.188949152255751 -0.00373891789361287 -0.118331532442614 0.261884485850929
0.130711380238165 -0.120012037279077 0.0371661326634367 0.233518992432537
0.0318322047429428 -0.125252121234499 0.110207043930213 0.105738682515497
-0.0191447017178425 -0.0930992889902994 0.0768813223235829 0.0377754246822412
-0.0546359041173352 -0.0601983452256089 0.0211700290161938 0.0186292428471767
-0.0634758450871691 -0.0450200171231329 -0.000237464060991174 0.0123116956070867
-0.0622810474175621 -0.0533478210427769 -0.0147414387527485 0.000271591413915671
-0.0302967395490031 -0.0945405255875036 -0.0611301286602372 0.00265362677024711
0.0156412759931234 -0.122697661803214 -0.126015041562084 -0.0265106456249501
0.122098538556125 -0.13268015381677 -0.141341469427668 -0.146681057758382
0.189364951799786 -0.0285083825984998 -0.0385634347125915 -0.218891872405456
0.131648315192473 0.105013710680887 0.122345953460275 -0.164688050631521
0.0696542153475944 0.128516174336247 0.0637830243743438 0.0309557073844103
0.061489682691607 0.0953828115834649 -0.0742642953735922 -0.055004187313772
0.113401784013038 0.0838291347230605 -0.114667572282014 0.134093660626691
0.169474000958797 -0.011852126185324 0.0382412124681557 0.228916172282567
0.119316003411102 -0.128063513066679 0.139198446322844 0.138763575016245
0.0229291365229731 -0.136935793098705 0.129871908741549 0.0140057794218045
-0.0257829419565614 -0.100723738991469 0.0562384176840801 -0.0180977344651005
-0.0577945310535973 -0.0647781415551956 -0.00389185143818642 -0.0134861129355095
-0.0608732208970117 -0.0460035672015689 -0.0220102138730585 -0.0162206466359631
-0.0518220081632506 -0.0516727015018439 -0.0374024322473633 -0.0313929460437488
-0.0153690846634879 -0.0847560847311634 -0.0746072644473033 -0.0465990577625908
0.033636765504626 -0.105902462311799 -0.105377168874827 -0.108455814775349
0.136261347017895 -0.103265577296254 -0.0398055013278242 -0.23171144047696
0.1951257968994 0.0012925018794443 0.116541630780387 -0.248491393679433
0.137732462102934 0.129506982453089 0.231843342737147 -0.128434152005527
0.0717024897081006 0.145131061734763 0.0820821043306676 0.0163804912738115
0.03792130078084 0.0658538051599668 -0.0501518295472695 -0.0658712249103322
0.0753524506779043 0.0607853484656879 -0.0272891886075772 0.131219698651605
0.128208184482257 -0.00951489946149107 0.135994525598547 0.151238144678291
0.0905354941110562 -0.105708482714402 0.182148134739996 0.0303565036273461
0.0137062117426999 -0.117758628734865 0.113437642667583 -0.0740396491282965
-0.024670800864604 -0.0874172482777584 0.0213565408002784 -0.0731356555587272
-0.0496557628915681 -0.0576357614651467 -0.0302446133395071 -0.0471365231016437
-0.0490140398408503 -0.0397032117340618 -0.0397438528529683 -0.0414826618963412
-0.0367629659057525 -0.0422801117543946 -0.0512327723858675 -0.0532906483925517
-0.00347904556345441 -0.0633805001456763 -0.0679761694784987 -0.0798930857666881
0.0398013731992838 -0.07458023678051 -0.0499719315249435 -0.156497388871148
0.1224657406754 -0.0552818045029728 0.0927396514693351 -0.241771069281286
0.162905566557903 0.0386953208223907 0.265092830188304 -0.188815183868475
0.111287881293402 0.142577242700406 0.304357308016176 -0.0470630936121506
0.0564197115324751 0.138616743918687 0.0885453611526216 0.000484304950886296
0.0156391067243534 0.0329558112777847 -0.0260727283323455 -0.0770342250909448
0.0351059597364222 0.0321527210295929 0.0288979498034828 0.107253143307181
0.0743259707855196 -0.00174882243077823 0.178179295847617 0.0808032521234884
0.053410331228726 -0.0607788339101692 0.18582230115304 -0.049425763980572
0.010716077392546 -0.0735764976015877 0.0835844788475373 -0.134484157344883
-0.0126945684164437 -0.0560487290109269 -0.0132274091501924 -0.114106951681698
-0.0299250624107949 -0.0394205025935045 -0.050164492243948 -0.0745663704124335
-0.0294094562586294 -0.0274908546783478 -0.0505051044587896 -0.0601997052244211
-0.0197690558278741 -0.0275997429631167 -0.0558030185510745 -0.0654428472100932
0.00191033795359625 -0.0376568102975565 -0.0527765493164508 -0.0961669510794489
0.0318259791641953 -0.041737777578929 0.00786013819373939 -0.165695925121585
0.0804531826115109 -0.014017121898097 0.191638150690089 -0.187773971684461
0.0951288934064586 0.0533928150554304 0.342364798787736 -0.0805763389802384
0.0570048217897839 0.114716046478531 0.321966969544508 0.0381235638036221
0.0298851244110025 0.0945518383790888 0.0842883978388369 -0.0159642428622034
-0.00754668799877607 -0.01291093043846 -0.0451038948264975 0.00624685546522656
-0.0281470306560157 -0.0236445261237996 -0.241707254996424 -0.151053756713174
-0.0306257710253852 -0.0215045205256564 -0.373466700554675 -0.084286694786222
-0.0345407417550517 0.00247256293946251 -0.2867903262813 0.0893252040156921
-0.0128768688191002 0.0147576216494678 -0.0860430380942663 0.176731462747081
-0.00703392332827171 0.00932669287537825 0.0342464297478885 0.129690049165426
-0.000743438809314977 0.0141302364694508 0.049738475760187 0.0784303324619115
0.00636235650680469 0.0142844411329069 0.0419861549903243 0.0759287125192827
0.00133180957694597 0.0180565942102641 0.0443696077871592 0.0992204855983683
-0.000530561888096986 0.0216099444434374 0.00938242549927526 0.129596029647363
-0.0178427186124323 0.0186120997592091 -0.0714875060416866 0.158349578774091
-0.0277354122279017 -0.00455567548548069 -0.185954168194485 0.0789960640704982
0.00119930122326963 -0.0181180695310427 -0.205922544424225 -0.0578277027704431
0.0124772500057562 -0.00953743672568315 -0.0802327535531601 -0.114873432562737
0.00942800930471027 -0.000538383384587873 -0.025552741823597 0.0752061289709805
0.0141547829788114 0.0723711546933503 -0.0568849297777671 0.00474663436786444
0.0225332416255946 0.0829766625073461 -0.248059988765523 -0.151435535247865
0.0470363143578865 0.0329605139561821 -0.384579924109006 -0.0722156620932338
0.0315121148711838 -0.00783523338529385 -0.290347783069974 0.104927256815998
0.0114239067124823 -0.0134801184935347 -0.0809425589876706 0.179153035803475
-0.0031669280576451 -0.0158025682886942 0.0376826284224441 0.12960274462216
-0.0126796727414371 -0.00875757562149991 0.0486979295047172 0.0780877942878073
-0.016162369694479 -0.0102715621301791 0.0390274591320744 0.0756945104876831
-0.0251109730612115 -0.0131508345856294 0.0429416190597001 0.096253968308694
-0.0156603998572655 -0.0266738532760055 0.00699802024963532 0.12943826723564
-0.0104700199492261 -0.0372645353952106 -0.0760197459980753 0.154694282096052
0.021170388319941 -0.0521026682865793 -0.189659426746185 0.0728918877354375
0.0619890801835337 -0.0164398121387 -0.203091356830603 -0.0600556337526812
0.0390651394233008 0.031645498248683 -0.0678940988392421 -0.119669663248978
0.0180091248102521 0.0425999160166657 -0.0156690340564842 0.070953165668261
0.0364021136818271 0.13415104679752 -0.0712772429343002 -0.0187668717618674
0.0770921314125667 0.154371335299725 -0.275108678268547 -0.12070897355379
0.123279098392544 0.0632283893354113 -0.390527799939526 0.0252104944684711
0.0937749613760899 -0.0292226575283228 -0.255718113752899 0.18030212238365
0.0354146040012945 -0.0472777745999981 -0.0422426189568807 0.192144031601598
0.00106573376352906 -0.0440815624928458 0.0505225758183969 0.122636757402938
-0.0250764965038453 -0.0332713549783424 0.0449532597997015 0.0704763172482126
-0.0365678849958283 -0.0332573646079719 0.0302964537096542 0.064890389697237
-0.0457695487658895 -0.0408910642954606 0.0303563225078501 0.075036352431211
-0.0256459774955871 -0.069370619184848 -0.0110430331056321 0.102429205480709
0.000894411014072671 -0.0867799148320789 -0.0974409059999899 0.116573788851418
0.0709429414611172 -0.0958736788392354 -0.196024143764195 0.0245726975151736
0.12264462881796 -0.0151855310524303 -0.182095506929331 -0.100361201754982
0.0674672305850131 0.072620031971502 -0.0254464366258587 -0.141114177546785
0.0272688512284837 0.0850630421897133 0.00578894151468439 0.062209239443915
0.0526309024662816 0.154618766577754 -0.0828293844235301 -0.0444354273622092
0.118781441209829 0.167340438218622 -0.285440943671564 -0.042562304683654
0.179490925115294 0.058223836525386 -0.321631923879968 0.16292731596342
0.14133107781382 -0.0645829472231886 -0.149103287796673 0.25324832464636
0.0541816625699957 -0.0884572991891402 0.026472683153503 0.183980508168562
0.00207290479267611 -0.0752741851021635 0.0673742323207207 0.0987383219132824
-0.0365287446787571 -0.0558802893345849 0.0357896418052056 0.0523934009333658
-0.0509991388955532 -0.0500937466922818 0.016136794885521 0.0428016243760799
-0.055679705545077 -0.0600351044568824 0.00907103439462184 0.0381894522483489
-0.0247088370743129 -0.0981187206025845 -0.0389322264781694 0.0512150355154572
0.0198235084060235 -0.119918116469571 -0.122923781591071 0.0439023191127769
0.118404397903649 -0.12274343874457 -0.184671788298015 -0.0659771804147138
0.17476347158318 -0.00815017621787799 -0.121105099212341 -0.171846864333804
0.0965978467391063 0.108606490820656 0.0525709671790657 -0.161951135758485
0.0382867157991331 0.124641905849662 0.0362423014517487 0.0500798275471671
0.0549580520089471 0.141890062414635 -0.0833820669712733 -0.0601063825578316
0.125286637056534 0.143916292684524 -0.238980339552533 0.0562455323301111
0.197411839677803 0.0370370542625337 -0.166286607077752 0.251979105374619
0.16060398072927 -0.0986065975885129 0.00279964125410754 0.252589351781426
0.0594491971008601 -0.12501026316868 0.0965275371086289 0.127610592876988
-0.00197660988817718 -0.101987439496828 0.0753146630349525 0.0532123357035862
-0.0453998757992773 -0.0719912132248137 0.0204131111351175 0.0232059936120815
-0.056902503760965 -0.0590332438829248 -0.00169251353961243 0.0125613073783981
-0.0538745286153429 -0.0669548388294164 -0.0153597268511988 -0.00458610967954498
-0.0132347614231948 -0.105609348983328 -0.0627680831952103 -0.00950484789332901
0.0431614964985753 -0.126176201153734 -0.126979453521202 -0.0493447403121295
0.154733122475127 -0.120061392390718 -0.12225099679603 -0.174023354723332
0.207682779235501 0.00996238724464801 0.00116489038386254 -0.238033829944608
0.11910759021923 0.14123192865118 0.161003136310048 -0.154708080997854
0.0472082192677096 0.157335913290385 0.0663261773900432 0.037515566771661
0.0439784207018459 0.11193879012413 -0.0696099792906331 -0.0682137214409162
0.102829078059899 0.112319136272207 -0.148087781180887 0.121964427358671
0.179858162049718 0.0213292029264924 0.00340741833621268 0.248947579131687
0.148347586021237 -0.111214644103913 0.129572278134266 0.172427236182393
0.04998310100177 -0.139103393771073 0.134404235110214 0.0354687741300473
-0.00853782270233234 -0.111525257735109 0.0639779656966771 -0.00915039069645007
-0.0476413707326459 -0.0776659311093796 -0.000411720419291417 -0.0150427959684097
-0.0538683268749541 -0.0595473413907162 -0.0199629547965798 -0.0203866504834563
-0.0438030630039712 -0.0629272581962326 -0.0345447915695216 -0.0417631985603947
0.000312561323806831 -0.0928155345738993 -0.0679058677960637 -0.0630741516982924
0.0591149533287022 -0.105655019452912 -0.0899275349556385 -0.130931119722288
0.166079686998279 -0.0860224495105205 -0.000595908679367822 -0.243475200824888
0.208940149622204 0.0452517167997244 0.168554868846965 -0.239503867495785
0.120866927863759 0.17114788781004 0.267689535337366 -0.0953667636345072
0.0445263293173661 0.176847762083916 0.0883255035266691 0.024516923814335
0.025965466344226 0.0762654014852363 -0.0444629885443844 -0.0760631573583411
0.067875503662983 0.0788463238374824 -0.0569297019277209 0.136332651187511
0.136975819792124 0.0135530673752916 0.119309731432723 0.187747552293804
0.112629684590164 -0.0948551787512978 0.19365472239665 0.0673149006745961
0.035203329085921 -0.120831899211838 0.133170370712763 -0.058978532740328
-0.00997634548168418 -0.0972138254750785 0.0369317837167454 -0.0724359355194662
-0.0408656314587744 -0.0686048683267485 -0.022612255286753 -0.0551735441167331
-0.0432582273212069 -0.0505177124212182 -0.0348472325670539 -0.0506347745612064
-0.0299023929971982 -0.04984463998534 -0.0445625903940532 -0.0673094628669725
0.00897157910804255 -0.0676053518728443 -0.0551301749007996 -0.0975619257677841
0.0590183222591398 -0.0714560602175123 -0.0224408663050008 -0.170782023305981
0.144463743908781 -0.0367450713848841 0.139960086977069 -0.228612733677997
0.166724068657427 0.0809595402476902 0.312436460749944 -0.14750339600735
0.0895776370619377 0.180714043799675 0.32724437451669 0.00478898760787953
0.0288791736355231 0.165968584346553 0.0984450336184066 0.00903300435344102
0.00905646874363341 0.0374452582521305 -0.0182359318533729 -0.084336943661478
0.0319420664319575 0.0412227646236547 0.00480487097969668 0.121969104600006
0.0792537808238517 0.0100985668092636 0.174520309123682 0.12219181802486
0.0648564743174163 -0.0562247021868059 0.209663539113489 -0.0158948884156215
0.0221030070021391 -0.0754065532270507 0.112256593086332 -0.12637558006341
-0.00407719939048569 -0.0622786528195965 0.00767964703276094 -0.120537639656131
-0.0239036389584333 -0.0461798091896237 -0.0388425885207671 -0.0873669178256003
-0.025486076543763 -0.03434091710011 -0.042678393952719 -0.0722860581719385
-0.0153664662867217 -0.0319028054874298 -0.047661546240269 -0.0805328534408925
0.00868215026532342 -0.0395849233062267 -0.0359732691449518 -0.111700536052345
0.0436954933265495 -0.0382750969016394 0.0407621776718593 -0.169955034452168
0.0920535171753119 0.000812827614237292 0.234004871593938 -0.155082932289786
0.090999331134083 0.0824036154321898 0.372789602898579 -0.0179653238918828
0.0375202641334198 0.139166108095399 0.32925819877123 0.0978999684562569
0.00932077749861288 0.111559645997893 0.0978198782238031 -0.00684447556324294
-0.00934632302281275 -0.0133678511473574 -0.0485174158246653 0.0137467370520345
-0.0310664601707311 -0.0223822767472605 -0.261148502455525 -0.132765127937336
-0.0330900341294295 -0.0194723549720697 -0.386956518665176 -0.0584979773663082
-0.0343734218128285 0.00733661890089271 -0.28609283403125 0.111482835637168
-0.011526937671079 0.0157617121733973 -0.0745692508735425 0.186033841756908
-0.00697396155484396 0.0104365073155854 0.0469249400560834 0.12957558280753
0.000755775756708799 0.0145738539209145 0.0588754923116059 0.0765713941344086
0.00806421204877273 0.0135387772024773 0.0526810645242142 0.0726172134083595
0.00374476720517525 0.018289372478781 0.055011492220122 0.0946493920838302
0.00188334010155359 0.0212885193893364 0.0208787661315536 0.12939224296302
-0.0164915779696188 0.0207975905967484 -0.0578285961182632 0.163146323550285
-0.0283594907262748 -0.000447809198081383 -0.182055887306051 0.0946782535503365
-0.00047510823160023 -0.0189808092862045 -0.214931029301891 -0.0421732561632522
0.011804768847081 -0.0114925820780888 -0.0897092597958619 -0.112541940599812
0.00926163831365777 -0.00081819535174529 -0.0121291332522308 0.0781041443311584
0.0201054939988553 0.0728207119621547 -0.0599778190160563 0.0133249428541187
0.0306656440558109 0.084094971380574 -0.26720618159709 -0.132361090500626
0.0512539102719641 0.0293392359303989 -0.396454704667595 -0.0441454192124315
0.032825245012054 -0.0097475719032262 -0.288778259136086 0.127301101504575
0.0105321290528368 -0.0160038047814064 -0.0687607083806594 0.18872854325336
-0.00552387627577018 -0.0157443661905865 0.0498701176742947 0.128629709942854
-0.0139913341357439 -0.00765601918723289 0.0581193401362165 0.0763225783161863
-0.0176176607746943 -0.00840971005396037 0.0491016907724313 0.072301874789596
-0.0260436015267342 -0.0102163101070141 0.0529729698126358 0.0917812960097815
-0.0190879215622735 -0.0264845794369186 0.0194989728676255 0.129003581911932
-0.0145040935874744 -0.0364691813427038 -0.0623272686064506 0.160413709368292
0.0168949272972001 -0.0551071437203112 -0.187249806007825 0.088376197394625
0.061625979633018 -0.0241736859841138 -0.211164207420083 -0.0447859324235568
0.0430512255033952 0.0296196771256628 -0.0772141779625607 -0.119891806343398
0.0227455244110357 0.0420081404472191 -0.00229233719423398 0.0729277250155955
0.0493610357568006 0.134577514860219 -0.0765052010647415 -0.0104679179677234
0.0938798843890465 0.15331557349535 -0.293508294648618 -0.100142671834507
0.131879237334111 0.0538889539671241 -0.398398031032946 0.0544828674587101
0.0944244542687278 -0.0378457534367254 -0.247619623381206 0.203233399755687
0.0316923070743468 -0.0529181471024008 -0.028392123394457 0.199764754244366
-0.00426377738853817 -0.0451158776172902 0.0629357648551363 0.120531179270637
-0.0289515337523575 -0.0309834430013497 0.0535641151488179 0.0688230024788495
-0.0411482463470022 -0.0288417421293688 0.0392382359223205 0.0622712276758421
-0.0503869752899326 -0.0361634563132008 0.0378269494817711 0.0713838521096154
-0.0336077580716932 -0.068747708166783 -0.0015215961060112 0.102321764308635
-0.00829758744088111 -0.0881672841577441 -0.0878962494533031 0.123582046462668
0.0630717040024659 -0.104929332066399 -0.198623168073284 0.0392944917606844
0.122944399826739 -0.0290154356350519 -0.191934710429347 -0.0885919423412146
0.0762747624867257 0.0690893998643913 -0.0347950668798992 -0.145665255965423
0.0370328318236228 0.0846358485030483 0.0188630868742754 0.0618945748680679
0.0684322277039345 0.154496473916969 -0.0913891088122456 -0.037239863668615
0.137845914271408 0.162945259185291 -0.298902843212938 -0.0200592755943277
0.188894144366661 0.042212390182087 -0.318312186141487 0.191637795034841
0.139515363093908 -0.0796598756119707 -0.133438818389768 0.272170278563944
0.0461412391818095 -0.0964399098536021 0.0415619147259221 0.186841746785884
-0.00695216387879368 -0.0773451415661999 0.0784939551929567 0.0951066289786735
-0.0432857247131456 -0.0529384016107181 0.0429899244893417 0.0519394383792873
-0.0574168866844613 -0.0441684595159815 0.0225843757165741 0.0417671405610623
-0.0624315684367981 -0.0549218967095772 0.011760288327663 0.0359037591856501
-0.035811058277546 -0.0978601389255844 -0.0350238422200084 0.0528540762547028
0.00757868844546002 -0.124230716030517 -0.120988436483035 0.0520453386532697
0.108914038906141 -0.137810979571646 -0.194351426737581 -0.0550109266425488
0.177596744097211 -0.02716115985446 -0.133933630694697 -0.167740318374587
0.110410769074093 0.10394819602257 0.045056868888248 -0.174382213306742
0.052433850746954 0.124562002283014 0.0477196249307984 0.0470939776996229
0.0707785794590809 0.140579360462772 -0.0951336191546399 -0.0536505387645484
0.143114442933809 0.137394290126432 -0.244971895082245 0.077583460613451
0.205681265491573 0.0178722958517126 -0.151808654381417 0.273280479375835
0.155133978483426 -0.117275004023612 0.0229202152850965 0.260897685747361
0.0475360163737857 -0.133789024407559 0.109447575310518 0.125065298155172
-0.0138864108252802 -0.104197326571798 0.0828908105858715 0.0484195422242766
-0.0535711678348423 -0.0683293802065732 0.0246677431978954 0.0235230558948855
-0.0641457390532184 -0.0526755209085187 0.000548466661875723 0.0134367337330102
-0.0611594024260299 -0.0614408871688788 -0.0171970314116389 -0.00452583079228343
-0.0244277372142437 -0.107053366943519 -0.06459508586927 -0.00662931087805054
0.0310935177967661 -0.132884494018327 -0.133601659412976 -0.0425748457488854
0.146270839039365 -0.139438544841038 -0.139791131196378 -0.170415466102727
0.213652005220321 -0.0108323951784571 -0.0136994370380304 -0.245251471416427
0.136600743476364 0.136746495693826 0.157387783298618 -0.174760266989272
0.0638031313148414 0.158507440271283 0.076873426103469 0.0312161358704676
0.0573174731738316 0.110378989708464 -0.0828597364912849 -0.0636701334727794
0.116570405912933 0.105867713512 -0.146872279692688 0.139264911303403
0.185722426812191 0.00249835864778477 0.0223872398245343 0.257239405162032
0.140501211292706 -0.128982662119206 0.146540211561765 0.169457311226361
0.0366672108097732 -0.14691412354191 0.141104534113161 0.0278803504040215
-0.0213157166426811 -0.1131195412696 0.0659053072902743 -0.0132820397665232
-0.0562812950169335 -0.073432337599456 -0.000531750970417042 -0.012674061487556
-0.0612439456488493 -0.0528430436251416 -0.0217516418002315 -0.0180406708113403
-0.0506932373690338 -0.0584365563373555 -0.0411111496056194 -0.0408117993266707
-0.00876200938267304 -0.0952139484156315 -0.0748528495812118 -0.0605848059762828
0.0503025717734906 -0.113578939476028 -0.101642894126535 -0.127734490731212
0.162587122748346 -0.104790458810984 -0.020003748937249 -0.251125318463091
0.218860923598609 0.0267928041241861 0.157640042933643 -0.25908185459668
0.140568997323796 0.168024357831542 0.271141435976057 -0.122297558649568
0.0628804124093798 0.179658186787684 0.0970236136643764 0.0157350391103375
0.0355707026498363 0.0755720947211086 -0.0589796016993929 -0.0740202959318517
0.0777480683081394 0.0747485011224534 -0.0522753278632987 0.147024967378026
0.140702814388661 -0.00107698955637821 0.13722668440781 0.185298522239717
0.105327330630339 -0.108694426451071 0.20362998411627 0.0555365759363043
0.0227300858557377 -0.126764325422648 0.131592881876001 -0.0679459094771449
-0.0212849965626243 -0.0985756522334785 0.0329511258961915 -0.0749675245217058
-0.0484592443981803 -0.0645848450076996 -0.0273263248658311 -0.051200454902478
-0.0490509113549934 -0.0451684854704175 -0.0403427603968075 -0.0471339042527174
-0.0357104284296664 -0.0466154803463605 -0.0543767202518553 -0.0657737981436809
0.0019044330652145 -0.0702028641414105 -0.0646446896050529 -0.0959416362241368
0.054009046942161 -0.0789261349359394 -0.0356863627400927 -0.173392218853103
0.144819076937547 -0.0517236610743511 0.125028777605402 -0.246586856413481
0.178915582650674 0.0684685244347108 0.311016946521507 -0.175573404949848
0.10781856552068 0.181246451291274 0.340134705390599 -0.0238566540083278
0.0442229774759926 0.170972057433118 0.105812106122313 -0.00208590255851121
0.0142136374550902 0.0375939640083404 -0.03412445712289 -0.0841520210786789
0.0368483034400242 0.0397691265975671 0.0106051338347113 0.127867582375419
0.0813678555331766 0.00133010343367245 0.1884902308008 0.11329531921235
0.0599999226034825 -0.063745751722011 0.212577668602191 -0.0311465501196245
0.0144611457467617 -0.0789991166970483 0.104086662989408 -0.134778391594816
-0.0108479342433853 -0.0633560090682314 -0.00195619442452439 -0.120432754309334
-0.028765709177721 -0.0440900936129997 -0.0471049084604945 -0.0815863670548955
-0.0297405778988812 -0.0306797138025796 -0.0513463622825251 -0.0684983185275678
-0.0194541728634562 -0.0294375214251852 -0.0579676678387892 -0.0793388561835676
0.00506296024091531 -0.0413308490190459 -0.0459798494313706 -0.112281736985518
0.0411586923085945 -0.0439423375531993 0.0294346936880416 -0.176921717663513
0.0946740649151444 -0.00784111491638514 0.227466363426341 -0.177292735594889
0.100822414187607 0.0772362151744288 0.379565387487958 -0.0468683373894112
0.049680108329945 0.142022023876542 0.348968173566992 0.0721211566675762
0.0185036925718488 0.115882100756167 0.103688165727774 -0.0187116701653616
-0.0107211453852794 -0.0134381730671906 -0.0487304058481819 0.020263968049043
-0.0316623117187087 -0.0203284267227015 -0.260674304793193 -0.107800634096489
-0.0331997649831487 -0.0169062882693414 -0.374077641042465 -0.0335773261654811
-0.0309091421718 0.0104475804686125 -0.26966040152805 0.122514178056129
-0.0099662354543833 0.0148336268940998 -0.0607904431625788 0.182937151559566
-0.0058838447529504 0.0106341114800579 0.0545536603364915 0.121484207657013
0.00184891655339978 0.01432914936557 0.0638117005620219 0.0699892816814173
0.00886099611269355 0.0118455490277179 0.0573711536079913 0.0645208242702149
0.00580475254661949 0.0174176953567031 0.0604162301020317 0.084865844997555
0.00321077656115838 0.0195134282316449 0.0296316212046197 0.120687131883884
-0.01404212216879 0.0216815268931591 -0.0432568129188074 0.156797175774708
-0.0266497092746922 0.00269402122387636 -0.168104520121348 0.10154947840437
-0.00203121163570388 -0.0192577826873482 -0.209883366720075 -0.0263993814095993
0.0105306286191489 -0.0117606036248805 -0.0919689181837396 -0.10521787247562
0.008421678600487 -0.00114956976196143 0.00142898673122617 0.0747694574092588
0.0241301728019608 0.0690562925633809 -0.0586803626720484 0.0206617153158748
0.0351906926078109 0.0804316494244227 -0.266184932812055 -0.107490381444291
0.0516264029682125 0.0251347402191149 -0.383499452999264 -0.0207573204852248
0.0326604732406484 -0.0113731423526222 -0.270974008318243 0.137856390564577
0.00863036835294586 -0.0171249681753346 -0.0556668893579791 0.18443188753964
-0.0068251125351335 -0.0146804948242226 0.0571970194567152 0.120057142329264
-0.0141244776701511 -0.00619431488270047 0.0638869519916418 0.0703486182611546
-0.017925553540596 -0.00651379872580355 0.0541902651752783 0.0647937064173606
-0.0254323621114303 -0.00751937153456905 0.0576839277093735 0.0823367308933366
-0.0209202134588915 -0.0240098362332058 0.0282910414986613 0.119687738159125
-0.0173029770442843 -0.0335486587329119 -0.0487547171566511 0.154892585019184
0.0122300012359444 -0.0542903344808127 -0.174083424837179 0.0959733553513498
0.0567824440156533 -0.0294193630015596 -0.20510090495293 -0.0301433808922898
0.0439723378395794 0.0255146787166675 -0.0802443174498104 -0.11378173473866
0.0252517338180724 0.0386702606490839 0.00990678693725174 0.068708234236764
0.0565142144646112 0.127741851716928 -0.0764816416859516 -0.00217415232592285
0.101487939297147 0.143688718559727 -0.291109757224173 -0.0764720050356954
0.131191221120007 0.0428716018473893 -0.380236125156989 0.0758592523238443
0.0901074828187261 -0.0441363437822925 -0.227023681889154 0.210119739585397
0.0260278292457683 -0.0543477014238412 -0.0156578488568409 0.193731131385863
-0.0085608057917083 -0.0428260626148076 0.0694252255976464 0.110965593961354
-0.0306473947516696 -0.0272984595147339 0.0586057072858538 0.0637413429061395
-0.0418784364491167 -0.023655705417757 0.0442966439135489 0.056127447615799
-0.050808787968759 -0.0306277807014819 0.0412399887287548 0.0640549303496441
-0.0386531206644288 -0.0638402231579226 0.00604538665183503 0.0952964384772332
-0.0150800778928267 -0.0840048770120188 -0.0763323710702484 0.121024021718261
0.0522799643051108 -0.106936108908341 -0.188650332114276 0.0492484810220576
0.115411535433523 -0.0391597478030866 -0.18792125884201 -0.0750504161790701
0.08044164286326 0.0614418023892709 -0.0406809364464625 -0.142171151623695
0.0434406513865274 0.0785880967284071 0.0292717702512619 0.0562250687368839
0.0776866863544817 0.145033405620327 -0.0930467639686669 -0.0282013413148021
0.145684548358075 0.150069888654325 -0.292237153341478 0.000145865850857364
0.185749278563175 0.0264584355454074 -0.297220696147366 0.205481805553728
0.129259518149437 -0.0889824705294476 -0.113060232381862 0.271392553799009
0.035700606633676 -0.0973172124582392 0.051959840881248 0.177910760413832
-0.0138471505191552 -0.073738582004767 0.083033743442974 0.0858191592547989
-0.0461344094020945 -0.0469999026118371 0.0473207143031379 0.0477549611037977
-0.0588494133925715 -0.0361506501647981 0.0262735645857282 0.038060644083329
-0.0640979656157534 -0.0466563339582804 0.0129736616119191 0.0321696804792162
-0.0428317710983621 -0.0911320077889172 -0.0299238140673639 0.0500426615991601
-0.0023366823288843 -0.120085562962729 -0.113687780033224 0.0547612299835136
0.0935375924655987 -0.143160182892452 -0.191209879628744 -0.0423905841918214
0.168053923017529 -0.0417544395372921 -0.136431749063446 -0.155620094546041
0.116034630430688 0.0940553200053495 0.036434562838757 -0.175521485637597
0.0613079505888864 0.116658572336813 0.0557394901138689 0.039934107169632
0.0796248636149617 0.130761680345607 -0.098886171339291 -0.0447369237949258
0.150019470380293 0.123962516057065 -0.235748464945291 0.0911466015561388
0.199117677325896 -0.000229434462447713 -0.132117246167155 0.274726808496449
0.140603177453161 -0.126819814809985 0.0381556712798938 0.252726063479734
0.0334892130418926 -0.133423851220236 0.114111729362548 0.114909807155179
-0.0230703954054667 -0.0983865494227289 0.0842555872286573 0.0409959724525767
-0.0572560448769569 -0.0608459344641253 0.0273360241836041 0.0228024828376413
-0.0658376770984365 -0.043198013638776 0.00285878383149105 0.0128400262538514
-0.0638946998034048 -0.0535576635202207 -0.0188669940300519 -0.00388494798362053
-0.0327526479852686 -0.100874983214775 -0.0631174104428332 -0.00500320649119793
0.0193728753798729 -0.130729716205148 -0.131490260651268 -0.0346806270208277
0.130275408028765 -0.147174411772145 -0.146091847889589 -0.157843690454481
0.204941192142975 -0.0278698185894308 -0.0249199407078398 -0.23857686231607
0.144016933972744 0.12501855911628 0.145994003630246 -0.183505608093686
0.0751293197194487 0.149834409191351 0.0813729940569613 0.0227230360746636
0.0649361400760898 0.101991045790676 -0.0895200060197512 -0.055071220927883
0.121980927055286 0.0941781315720814 -0.137901566178381 0.145409894461079
0.178330951547146 -0.0139599157318523 0.0366407171716388 0.249771609670458
0.124811681154344 -0.137104328890739 0.152279227196387 0.15720166548702
0.0219018410190602 -0.144728117853599 0.139058101478147 0.0197266010995368
-0.0311500190296679 -0.106414998939267 0.0644450151472568 -0.0163703945708167
-0.0601097904490803 -0.0655793790457524 0.000183057889596522 -0.00969312809568574
-0.0630553094260494 -0.0435076036086512 -0.021621849112582 -0.0152156326624981
-0.0533807621053843 -0.0508254283501856 -0.0445659053374744 -0.0362279208665036
-0.0168487945187568 -0.0910690482323326 -0.0763843783770774 -0.0549278471736775
0.0394787704889328 -0.114063498422493 -0.106067034519932 -0.118296105045498
0.148421527493358 -0.115601467475022 -0.0357569216187479 -0.242713809344444
0.213977660215625 0.00927797525531211 0.139801033608845 -0.262297458314953
0.149993912753608 0.156177613079942 0.259851623929653 -0.138197521019941
0.074531261479329 0.171356617100575 0.0987472388076117 0.0061237910924375
0.0416113949361336 0.0694211552758508 -0.0689124015308814 -0.0656874364683188
0.0813030461911696 0.0666848853803098 -0.0454681619951057 0.149197863755179
0.134687060046316 -0.0141411452436052 0.144751795328562 0.172932753432073
0.0921073154768592 -0.114128863743832 0.200772664902409 0.0435011473125933
0.010570551036466 -0.123615480855348 0.124225201594997 -0.0711006067625894
-0.0299559555178733 -0.092942093251228 0.0281090740158846 -0.0724861274686275
-0.0515898554958167 -0.0582167430451294 -0.0282408566259084 -0.0443179746572905
-0.0506508267579301 -0.0369926571545102 -0.0424219424624665 -0.0413110570172197
-0.0379268692777199 -0.0406851134642097 -0.059384221638085 -0.0596703202189842
-0.00407813662307615 -0.0679689994098062 -0.0692444402123948 -0.089792685428718
0.0457515776244804 -0.0811719770055531 -0.0443607314233228 -0.165099844414263
0.136325951647277 -0.062076332653345 0.10561209861408 -0.246234878060183
0.178605423276265 0.0540075202018119 0.291249758753819 -0.188386924008819
0.118194391596233 0.171848073018169 0.331848128218395 -0.0476610550399156
0.055100956346906 0.16473224520886 0.105130211687517 -0.0121733116346165
0.0174798755843376 0.0351864870107794 -0.0460382645680897 -0.0770809314220998
0.0389513401313417 0.0365692048394181 0.014921021895884 0.127107164406582
0.0779655224321247 -0.00625663365081673 0.190081083064232 0.100106979253454
0.0526648789786464 -0.066060701132413 0.202867785205475 -0.0413739715436392
0.00706935406389503 -0.0771644665797559 0.0916551030791039 -0.13309503042561
-0.0166828996269067 -0.0605115981774394 -0.00865187582267125 -0.11286300241385
-0.0308397348417447 -0.0395868997089845 -0.0508101506268713 -0.0721794960535984
-0.030619265352693 -0.0252638665927946 -0.0554686143808263 -0.060753680573882
-0.0205404445040856 -0.0260705692467006 -0.0640095615734676 -0.0726797839882622
0.000964263571259611 -0.0402169324374247 -0.0520523752117477 -0.106054092628716
0.0360160083135657 -0.0461830165739131 0.0187591954822403 -0.172194132391042
0.0913393442002314 -0.0152665888165513 0.208441323863724 -0.184293540106055
0.103340301168674 0.0686294064144094 0.364088813675679 -0.0670964700355486
0.0576159841875067 0.137306630887918 0.344047629549601 0.0452110345635519
0.0256214081843849 0.113061361343555 0.101574548520325 -0.0284977636559607
-0.011042882792325 -0.0136454399600375 -0.0479460399281826 0.024247249220161
-0.0311725091862373 -0.0202303684188584 -0.250240643734689 -0.0978408148904524
-0.0322566769512118 -0.016224370708237 -0.357152258996991 -0.0315617888426129
-0.0274494486471534 0.0114774472727543 -0.258431817725838 0.117055866031321
-0.00954939616937325 0.0142299647240637 -0.0574547956444295 0.174877446433131
-0.00579241146492213 0.010858903880557 0.0548031127534673 0.115352746348249
0.0028865234333061 0.0138192324310246 0.0642463893161628 0.0665548644069652
0.00854912271000078 0.0103593915827871 0.0579105447022204 0.0592173912689602
0.00692629600210412 0.0160319373007582 0.0600037699559477 0.0773597918766067
0.00321789214859312 0.0183119879577071 0.0308884045160015 0.112760115802796
-0.0124244761135686 0.0216142513289676 -0.0389402214502303 0.146600866959153
-0.0243499741389837 0.00431077085068558 -0.159335064384552 0.0979853701027019
-0.00280999481455626 -0.0191520729380051 -0.200118771712621 -0.0228213794069536
0.00948918484851543 -0.0114079984495135 -0.0877787837188938 -0.102578542357879
0.00834985117271483 -0.000405579807864413 0.0105271463961084 0.0690211328531164
0.0239595906217851 0.0663159811759272 -0.0572662991327851 0.0243705595195335
0.0344537946415236 0.0772379327695853 -0.255204168249611 -0.0984227973847338
0.0497326197017366 0.0230461862676948 -0.366058337882668 -0.0193134011968351
0.0328014740846194 -0.0112931722076481 -0.259493198075976 0.13196806171342
0.00767153462892884 -0.0175854650508895 -0.0533916401316205 0.176709644897553
-0.00738332846427454 -0.0134306040495451 0.0568811281893356 0.113395826229334
-0.0131615635815079 -0.00522881504400774 0.0642049587878332 0.0667080645536086
-0.0171794939406105 -0.00532122575107646 0.0556347726313405 0.0595570506294517
-0.0241093582426874 -0.00642290822029334 0.057637850718839 0.0756621110104036
-0.0216926959652254 -0.022355092275117 0.0302203415973836 0.11116875080234
-0.0174660797446912 -0.0309630395953584 -0.0439264971557174 0.144948432779219
0.0101328281717207 -0.0522649238825775 -0.165120714619919 0.0928975790122268
0.0528112760507574 -0.0307937546238433 -0.195214422653116 -0.0272964323387494
0.0435003038552621 0.023951582014889 -0.0763537777700796 -0.111650607794528
0.0263575116456182 0.0367494424444841 0.0174742049969837 0.0628790636919556
0.0565743803304523 0.12206655028938 -0.0746629802938837 0.00137212274750034
0.0998295896441522 0.138737390106888 -0.279233805268425 -0.0702147119380615
0.126353871975213 0.0387530431484466 -0.365691284227517 0.0743590631086369
0.0865701821643863 -0.0450955936673678 -0.217672810101963 0.202190193379671
0.0229187455316193 -0.0540038385474733 -0.0146492132666508 0.185546534864196
-0.0102634096303571 -0.0405905906036851 0.0684467883535486 0.104204419414319
-0.030061862039082 -0.0251124809095306 0.0595842976286157 0.0600953773845393
-0.0407401414846923 -0.019978440396608 0.0452777614544782 0.0517610014528754
-0.0494950337985331 -0.0271726958638242 0.0409780411334502 0.058647955074071
-0.0397099565447425 -0.0596753019304249 0.00799194281268894 0.0877566717407759
-0.0172863719236994 -0.0796881184358605 -0.0714875251770393 0.113966732899168
0.0468352557460098 -0.105112400012753 -0.180250962110033 0.0475825809007947
0.108366762357251 -0.0421724393448463 -0.179403233580159 -0.0719482276795495
0.0799631550761172 0.0582218531452215 -0.0380978189531529 -0.140414658991202
0.0446272336152645 0.0736861837249007 0.0352537553288423 0.0506037752767166
0.0775947482576927 0.139197974162168 -0.0916587885443714 -0.0246497780934999
0.144594862032281 0.143546362766519 -0.282293503295134 0.00305828512183974
0.178609201871032 0.0208564234329336 -0.285586105731956 0.198625149662335
0.122451034155569 -0.0897394921673576 -0.106778371626616 0.262385068566822
0.0304827439767585 -0.0951901310525302 0.0512022069575765 0.170384464965859
-0.0164807025563314 -0.0695845839237331 0.0811541627614494 0.080528145306657
-0.0459548854198219 -0.0435247790345541 0.0486974448616236 0.0455285597399522
-0.0573249920252414 -0.0312368318495221 0.0278350643862164 0.0351404508757282
-0.0629352903120287 -0.0419384617996962 0.0125910250461104 0.0294071627268635
-0.0444106787195347 -0.085856644707084 -0.028216309566911 0.0453629897515762
-0.00599639416964892 -0.114697281338554 -0.107863926642042 0.0512128074832173
0.0847136656923815 -0.14118733401664 -0.184674788561561 -0.0402413815247813
0.159035695169739 -0.0458300440881355 -0.129567274245786 -0.150951248020281
0.116190752997894 0.0887408858805285 0.0358710331502016 -0.173477307642385
0.0632773568306498 0.110740505902022 0.0597680834065681 0.0346876126761983
0.0804936981701691 0.124352454685657 -0.0989902644581127 -0.0412438269001246
0.14842491603384 0.117302359207478 -0.228676864685243 0.0908035800989963
0.190871857707676 -0.00590268968606338 -0.126161106952995 0.266740084890898
0.131003654036608 -0.127081091559562 0.0386057508565957 0.243468844910191
0.0271241836070715 -0.128837163323653 0.11117572737783 0.110140067004032
-0.0265035911621929 -0.0928003706851611 0.082340994594908 0.0381483213580902
-0.0572022556882617 -0.056056565133378 0.028689752924138 0.0224799210453841
-0.063919454651631 -0.0372188006472459 0.00445282037794211 0.0119298512817104
-0.0626894442000603 -0.0481860516338377 -0.018937432073236 -0.00432862496151966
-0.0351504418820564 -0.0958170146106348 -0.0612597067298983 -0.00590225472941806
0.0146587698855479 -0.126004119558651 -0.126378296419154 -0.033297099152035
0.119742865465288 -0.145995729679875 -0.142245246819992 -0.151867049525381
0.19583295486096 -0.0327209121281419 -0.0227431518054299 -0.232238822594748
0.144169705433877 0.118989537237424 0.142119350762627 -0.18215114617591
0.0768595403087008 0.143214378114442 0.082853599608843 0.0186098809452871
0.0657857772854886 0.0958252511561337 -0.0917665946583185 -0.0504650785951355
0.121041227535853 0.0876795807448793 -0.134905108189955 0.143076830537
0.169636542839963 -0.0200147394904159 0.0367423224689054 0.240949546009874
0.115401709509258 -0.136403742914697 0.148474206082398 0.151545976860137
0.0154380709197449 -0.139561164580357 0.134732886044717 0.0189682573667403
-0.034494705929241 -0.100361626109722 0.0626913543525932 -0.016071909505582
-0.0595631274336364 -0.0604534761628492 0.00192239181642987 -0.00719575966216355
-0.0611041191750251 -0.0375382726848393 -0.0203891796903672 -0.0137227818207785
-0.0526666761727511 -0.0458660552742019 -0.0446456009122279 -0.0338628633897914
-0.0193776779469717 -0.0866442648047115 -0.0748054635467427 -0.0534088555183585
0.034779351048513 -0.111046778105718 -0.102749300033937 -0.113026870035032
0.139541386883567 -0.116171955895488 -0.0368676199568239 -0.234028491259234
0.205977022803659 0.00373080592122987 0.135431069298122 -0.254508167902074
0.150388805078652 0.150836015943594 0.252192500721342 -0.139829479571256
0.0764267434012861 0.16543041428278 0.0986510790866989 0.00217409864246764
0.0425282961610755 0.0651295303703643 -0.0731104295175157 -0.0598995621167387
0.0808656709858549 0.0622711741042513 -0.0454544557858604 0.147112443032018
0.127709798916699 -0.0189768066870027 0.14107377824092 0.166667245922888
0.084508099649199 -0.113052724647128 0.193953791098457 0.0413837141211135
0.00526170432334368 -0.118684321112253 0.119187417839009 -0.0677663561117832
-0.0327445750110416 -0.0875372677787765 0.0271581616115003 -0.0683530546493767
-0.0512764092160863 -0.0533270992658749 -0.0266568781935685 -0.0392298573749363
-0.0492799779739247 -0.0319540364447553 -0.0420861524575237 -0.0376972089411256
-0.0375752796289903 -0.0369970652961841 -0.0600840417557063 -0.0556694516217399
-0.00664188920792272 -0.065347901880834 -0.0680964190481874 -0.0859086890789183
0.0417613896673271 -0.0801469658808257 -0.043779918126044 -0.158165833492246
0.129366698527843 -0.0637855022889887 0.0992570031290525 -0.237291916218843
0.1735814500144 0.0486297821613566 0.280438494072747 -0.183238729306306
0.118859036978785 0.167042738398215 0.321898065001097 -0.0520560828941559
0.0569582466161233 0.159915564363829 0.103482739831539 -0.0157331592457189
0.0188916925041091 0.0327217939293534 -0.0521588827147077 -0.070619987294394
0.0388979439787746 0.0347577874945954 0.0120126514409232 0.126447907078834
0.0736304323057261 -0.00935377971412464 0.184964668812639 0.0957992620351617
0.0480247146992408 -0.0652110798045857 0.195123800063286 -0.0402439912970764
0.00392303889205594 -0.074262621577637 0.0877408385209774 -0.12666163484726
-0.0185970408026325 -0.0574363289971217 -0.00866806407921569 -0.105160799515838
-0.0308335994974668 -0.0365742289950346 -0.0490703118439538 -0.0652200304835078
-0.029661417173466 -0.0219445450221021 -0.0552730995806619 -0.055619599895838
-0.0204979812274206 -0.0229887481185466 -0.0649967507852792 -0.0682990307341441
-0.000674185453678795 -0.0386891125620419 -0.0520364485385306 -0.101889982296034
0.0331576629622114 -0.0463261613166737 0.0175780684819564 -0.16504839405355
0.0872623670771742 -0.0166681873436769 0.199257173935817 -0.177838066832346
0.101315914557735 0.0644911102753723 0.349308848511798 -0.0657992901904813
0.0579756558327885 0.134075286902829 0.333636943064909 0.0379227751245245
0.0264015362721473 0.110633634439307 0.0991258093593982 -0.032125829304744
-0.0162275262322151 -0.00856293333241419 -0.0342242100208765 0.045267310992709
-0.0346537251349495 -0.00256016330628549 -0.267205029258657 0.0163299460326432
-0.0327302122517041 0.0017691646772341 -0.336939797486735 0.114557212863213
-0.0147110711748825 0.0217295094691708 -0.189706003823548 0.213770497142184
-0.000750575693373955 0.0148679178767259 0.0200790249674937 0.182912856350248
-0.000303474355412735 0.0113248607798164 0.0985122013081463 0.0809232394842655
0.00897584747440659 0.011116893537387 0.0889509034998785 0.0328655991572965
0.0120721332111125 0.00512222148527242 0.0791841764847892 0.0275161604381846
0.0134325196660409 0.0111658344602115 0.086642893592521 0.0430824179854136
0.0108280041057912 0.0156326626784365 0.0751482443821907 0.0859335425761548
-0.00161285578757966 0.0258457033677433 0.0229171643643445 0.144710278396125
-0.0210982697846641 0.0158488235720234 -0.104956642945569 0.151457254324028
-0.0137503509902142 -0.0173689086633801 -0.188463592951835 0.0606226184808416
0.00371433468143346 -0.0158118011653257 -0.119922968920498 -0.0610577512125308
0.00845632671171425 -0.00364494017489937 0.0431428941827565 0.0539540118171335
0.0474875127055798 0.0528076420851712 -0.0392151765838965 0.0492215925996697
0.0642509965127837 0.0613034426805346 -0.269144692875073 0.0159104101592643
0.057766543872792 0.0064868682612775 -0.338508961399417 0.126951961633904
0.0297661233772748 -0.023012132023472 -0.183829919053663 0.224780725423246
0.0013589250944253 -0.0204371360250048 0.0225199427324615 0.18201152543068
-0.0120511014929062 -0.00997946768278261 0.0987165989194994 0.0781227375223789
-0.0137116545489119 0.000528755019534223 0.0883313380384342 0.0321014425866433
-0.0181291447045522 0.00195243056127634 0.0769957204295255 0.0281259894323162
-0.0244192333451673 0.00404740618876458 0.0841375313513451 0.0408997753207162
-0.0293203174979443 -0.0111838641636776 0.0737036813905426 0.0834599345614087
-0.028600926131116 -0.0205765716510724 0.019792760171325 0.145140068957643
-0.0151501433038071 -0.0502703672972735 -0.108258652511604 0.14918362944644
0.0321412111385596 -0.0520593880021658 -0.185096578048284 0.0557632967508436
0.0505613370106239 0.00104079528904227 -0.116380480025257 -0.0723368704172851
0.0425081659472705 0.0220947439089298 0.0443880880070391 0.0453598907358166
0.099758144604696 0.0923726074585908 -0.0619351721378238 0.034321890985546
0.149343522270218 0.0913338824902869 -0.279189664266225 0.0491211241115359
0.134698104062778 -0.0102483027437551 -0.299460798956755 0.209812923477777
0.0637945674854785 -0.0759520607556181 -0.115531336009291 0.270570479397759
-0.000260964574206512 -0.0597449458648304 0.0605051897140253 0.173541617600058
-0.0263573004641871 -0.0333431059637858 0.104459173786555 0.0647783915813777
-0.0378504505114755 -0.0098254803560243 0.080632609981609 0.0277002962370257
-0.0454707605097521 -0.00133973279928301 0.0644820339843399 0.0251041070867113
-0.056247865510998 -0.00359160450271138 0.0619757884091369 0.032474171866299
-0.0618520552122074 -0.0370544280185091 0.0435738886338849 0.0707967753356415
-0.0493787661048487 -0.0653611205912753 -0.0156275572977091 0.12806241072895
-0.00601921298528057 -0.114067430558516 -0.136863152573167 0.115514562923131
0.0791835732643225 -0.0865238423424751 -0.187893324464531 0.00955688074571178
0.0997808180442728 0.0163176636660352 -0.0946795377393602 -0.11266389590276
0.0767124021017807 0.0477665364185713 0.0525140088016185 0.0283366692633053
0.126187433284086 0.0995488160449274 -0.0885711221482738 0.0163344245098427
0.192908696261441 0.0767053083975063 -0.254469754751026 0.116547287389178
0.174949053743602 -0.050076050342926 -0.17735333602894 0.290808265376707
0.0749580938706407 -0.132159331313039 0.0106578473283583 0.277708762958729
-0.0110183916655643 -0.0999164362265817 0.113904125088866 0.132448744660573
-0.0444669816990835 -0.0563084190785594 0.106134441010033 0.0381025497812086
-0.0595095261709524 -0.0196734698858935 0.0633923769455675 0.0191356874842906
-0.0646532278765178 -0.00452199791962153 0.0410768075326622 0.0177934799616222
-0.0742703384965035 -0.0110994648298142 0.0236902749702949 0.018379337709577
-0.0776752477513773 -0.05893273761048 -0.00736930987708558 0.0480427007860323
-0.0542152084485172 -0.10304766299523 -0.0731395321657542 0.0879004879240595
0.0124010309032468 -0.164173763172926 -0.173486563017255 0.0381903196568167
0.126084624906297 -0.111867814455861 -0.17544011658045 -0.081557053042933
0.148560308617204 0.0291902271895611 -0.041692798210085 -0.171926181284989
0.111081701011091 0.0731542140565385 0.0652017877134112 0.00515692919328553
0.122865522296114 0.0848138047542509 -0.104136427622176 0.00379158166027756
0.18632218105279 0.048229168045049 -0.170648348261582 0.175188078889204
0.173330010809239 -0.0826571541360708 -0.00498643411093496 0.28670481874172
0.0655423980421739 -0.169752834735776 0.136605514227842 0.199330222712166
-0.0299159565691544 -0.128544692152563 0.143039490079597 0.0514158763774111
-0.0632515040260825 -0.0725077444794286 0.0887065138694687 -0.00141850020541476
-0.0746681589753745 -0.0263217029514427 0.035354960910033 0.00717722519860684
-0.0729900427351469 -0.00664991084360102 0.00988878901641047 0.00754035561151581
-0.0771602904890003 -0.0166970630075704 -0.0193232829716754 0.00309390702674585
-0.072981699199676 -0.0721386049889214 -0.0582976879064545 0.0162003380416037
-0.0405444109485769 -0.122952256204869 -0.123591926441566 0.0204113307725103
0.0422376647420929 -0.184997928991942 -0.179836299776059 -0.0787127327755428
0.167455829552799 -0.115552835059911 -0.111049819051139 -0.197595030634705
0.189290033302188 0.0462117712513611 0.051204853500825 -0.221538826781347
0.138571684933736 0.0987343042317002 0.0775814737766173 -0.018456338584127
0.0987007539104564 0.0631216879026306 -0.104097474756823 -0.00658994554615094
0.148858657813163 0.0302125586432734 -0.0637393032678884 0.18693755399926
0.146481226710832 -0.0888208309271807 0.133845802562602 0.19851056106004
0.0446836972554137 -0.171567950069443 0.198531333899365 0.0692501693185513
-0.0457077689405646 -0.131942628131862 0.126027320739213 -0.0411383259001291
-0.0736591699453965 -0.0751996546910913 0.0483621902354921 -0.0418177418784635
-0.0786291150192567 -0.0290062817016031 -0.00233408036042896 -0.00751807048557331
-0.0701298692509067 -0.008027893095558 -0.0238753192212682 -0.00389601394848703
-0.0670538171877976 -0.0195257422785697 -0.0558996767763346 -0.0119580623031186
-0.0554061849141424 -0.0710695330284544 -0.0903786170318195 -0.0192558612677651
-0.0160505995167229 -0.118134893188531 -0.134774300265573 -0.0595065462822027
0.0745723166097162 -0.167820902294767 -0.117707104928348 -0.19405810572949
0.195516812861252 -0.0855451086618356 0.0212561632947548 -0.2806007740591
0.209923555955495 0.0748153363415093 0.167679698443144 -0.226221988821718
0.148477671060209 0.121161402191377 0.0835512299225822 -0.0390689868939058
0.0652630260650828 0.0431575549780581 -0.0930522881575574 -0.0216559894491984
0.101224223184199 0.0219455521554516 0.0194057415177175 0.155243242175292
0.106516741042887 -0.0716194269315475 0.198221817624887 0.0884427262715111
0.0256350689483165 -0.137227460394586 0.194129690335471 -0.0489064284930406
-0.0467885083303135 -0.108630017879944 0.076171884832722 -0.112908933184206
-0.0672610092974622 -0.064377207327157 -0.00505101666693571 -0.0731600609032416
-0.0678814767537634 -0.0268448445795654 -0.0412221700698968 -0.0236383432596419
-0.0569472972979907 -0.00798067376417396 -0.0538017679839882 -0.015268368476709
-0.0494972921816029 -0.0173558823373063 -0.0792756239190099 -0.0240928599944428
-0.034819618356721 -0.0569027919056395 -0.097995715232994 -0.0506832642389207
0.00369627655525602 -0.0926589182440638 -0.100356366595494 -0.124708215056757
0.0902107137232979 -0.116363846079454 0.00180898363516304 -0.250211717984437
0.186429939245996 -0.0280835368766246 0.180595029773042 -0.274976817683515
0.187969167307397 0.106453652752664 0.266164327778533 -0.174765878732015
0.127611670189633 0.125943926790216 0.0797934223452649 -0.0584278121179995
0.0301682314207493 0.0232996632879005 -0.0802963287463515 -0.0384507499731716
0.0510427697627071 0.0140061692103251 0.0634666028479324 0.114624545089475
0.06085909452768 -0.0414603724458815 0.209113384155606 0.00843338408856246
0.0130876483472422 -0.0791381675829192 0.161650481050175 -0.121153692620534
-0.0294427882598065 -0.0672020215633731 0.0252188563234225 -0.15142226581303
-0.0416172990551797 -0.0429850710143536 -0.0516026770333902 -0.0908188507747839
-0.0420343407624222 -0.0201695419278197 -0.0721372796976635 -0.0367633379761579
-0.0347923506658022 -0.00684063868857247 -0.074058555442193 -0.0249338462142812
-0.0279400298998024 -0.0122197153696393 -0.0897158512546214 -0.0330453868133135
-0.0177589011558841 -0.0353739184347736 -0.0904326234252414 -0.0711290235624164
0.0101891863442944 -0.0578651002494702 -0.0489164522613765 -0.155915228620738
0.0736595146723002 -0.0553950767782022 0.113360180753124 -0.237552559632261
0.125995723744633 0.0190865547106463 0.288516409729938 -0.196376008163566
0.11564101209816 0.10297071264552 0.314224098033894 -0.0996524475366753
0.0760672324402978 0.0933434824563832 0.0716822711131564 -0.0732621318626821
-0.0182104513220118 -0.00867906995906986 -0.0341917134544749 0.0516809275789499
-0.0368771800228046 -0.00280108097365058 -0.274181824828667 0.0206903111967528
-0.0345438005044855 0.00174295974434218 -0.349061538605216 0.118221352602896
-0.0137905212496535 0.0218520785133064 -0.197326732826323 0.221501940918786
-0.0008874313849605 0.0155437377046279 0.0213155597468562 0.189176834041223
0.000112904141684247 0.0121312041590484 0.103600417629739 0.081729374266703
0.0103992428769088 0.0104129261050274 0.0954839644686769 0.0310338734905251
0.0122015265352503 0.00399405700856256 0.0837477482038718 0.0240364979874484
0.0140692653054223 0.0099508720774075 0.0903087407759438 0.0401192421802665
0.0116262773923545 0.0156387557287102 0.0778234465964055 0.0843004817939363
-0.000392210239141957 0.0266834468240193 0.0233280090792969 0.146574668177123
-0.0205357157682066 0.0165588924593311 -0.106796362513161 0.157047797357923
-0.0158650109344131 -0.017548474711859 -0.194287791248766 0.0637741296990793
0.00390378812857973 -0.0168310921847518 -0.125372681753785 -0.0655143672507116
0.00921780747275321 -0.0045540691376522 0.0510925161302982 0.048205610206626
0.0499578158562013 0.0548119958808097 -0.0387461740710487 0.0552237602961334
0.0678710765536852 0.0636358097754111 -0.277019167475202 0.0194861493274313
0.0598231858832379 0.00588538111508203 -0.352127486052361 0.131706711888874
0.0305453321001175 -0.0254437828233238 -0.191371320207026 0.233750701958401
-8.8755622112634E-05 -0.0211496362223314 0.0235519331629882 0.18942723942339
-0.0129743747388167 -0.00962607801154899 0.103510944005148 0.0794509003859365
-0.0147409581832724 0.000754002181423764 0.0943556777301963 0.0292830051927734
-0.0184621774066726 0.00252265204125973 0.0817152101694387 0.0247873442195079
-0.0251166014896954 0.00467151491852028 0.087705269810348 0.0379683864490932
-0.0311662514103752 -0.00998787120859337 0.0761465532453292 0.0810738716493838
-0.029816872942622 -0.0203531665990116 0.0210919135971539 0.147052077026109
-0.0175385562769349 -0.0522460962193362 -0.11056474892765 0.154730022975715
0.030659649426716 -0.0551485638959947 -0.191128549168924 0.0575088780753396
0.0534685641225274 -0.000681307947132805 -0.122351218978312 -0.0777808065461875
0.0451836737687077 0.0200438978515167 0.0514561686264055 0.0398220146568319
0.106190052575272 0.095752730524791 -0.0634975979247959 0.0392100806532666
0.158435279552623 0.09432925111193 -0.289559490687982 0.0543338723370297
0.139713603516539 -0.0130665420871286 -0.312305682079751 0.219229283784623
0.0636979189939195 -0.0814658599521958 -0.119223096753541 0.281773567201664
-0.00302897909726509 -0.061667205910529 0.063838775360353 0.181750298117504
-0.0287542334243227 -0.0332302501230087 0.109425871257024 0.0662468025156609
-0.0400820173379171 -0.0088272766255654 0.0861590107105214 0.0253900620920171
-0.0467746085324021 0.000691802157845836 0.0682938489314604 0.0216955088406376
-0.0582061316012914 -0.00101241239866243 0.0644340195577078 0.0295306633120159
-0.0656332536042987 -0.0356871987352552 0.0440368736703377 0.0692194843693833
-0.0533983805327251 -0.0659076420573503 -0.0160943051553737 0.130345232407363
-0.0113654351825276 -0.118219263449246 -0.141144606325381 0.119946414781238
0.0783082599248354 -0.0922410130704896 -0.194640095709611 0.00819745327987162
0.105847896010398 0.0129189867722754 -0.100102740712608 -0.120609423923875
0.0814483274235132 0.0458059062715068 0.0593866975741626 0.0226172800054104
0.13460588608754 0.101846780792832 -0.0929113688567128 0.020048854230524
0.204923987590031 0.0774469857620361 -0.264825821615294 0.123735902347589
0.180668091743425 -0.0563563180662903 -0.184306617253737 0.30472530041514
0.073126000348784 -0.14020046617349 0.0132235717153282 0.290133409803786
-0.0156218959801064 -0.102308164346602 0.119527382609885 0.138533939799889
-0.0486097743176517 -0.0562294786477346 0.110754682383439 0.0372075092820635
-0.063228823161409 -0.0174785667700099 0.0680685893325848 0.0170063815591315
-0.0658820756594737 -0.00117041626835406 0.0440945819154612 0.0153250779747686
-0.0772067579988895 -0.00792308207518403 0.0244497292017349 0.0169711213245886
-0.0829546461735943 -0.0578227614262392 -0.00903584526790751 0.0471402472849917
-0.0599145614831241 -0.105078038846503 -0.0758032311131949 0.0901041710345667
0.00611462294575376 -0.171128723544976 -0.181182138712835 0.0404344503697014
0.126407447147717 -0.120362733494153 -0.183053831625052 -0.0878776677898293
0.15745374248049 0.0250990802835459 -0.045378732742351 -0.183869513019626
0.118237911817015 0.0719458232125925 0.0713732990771854 -0.000562302262642976
0.131466327407255 0.0853241781420576 -0.111750847356406 0.00783845205727595
0.197220067084902 0.046109968449294 -0.179310936348937 0.185102353107474
0.176779945044157 -0.0911373783503902 -0.0051771649748669 0.301801409047221
0.0604628347164316 -0.178709143728146 0.144122809141898 0.208781856703175
-0.0362342399422959 -0.130854396979663 0.149519654153992 0.0546237607861569
-0.0683937982824825 -0.0724158666265857 0.0928612533162346 -0.00294319995934205
-0.0789766636204236 -0.023647712271232 0.0385730000920482 0.00597807563318043
-0.0745351312137497 -0.00320669253756383 0.0115230507824392 0.00681438232001178
-0.0800693539915463 -0.0136638396262566 -0.0207608116883341 0.00280104743398484
-0.0794734103303875 -0.0714189703073599 -0.0624700107757053 0.0163457431221221
-0.0468682285721599 -0.12640430601304 -0.128546967716209 0.0216762156677522
0.0363805239325584 -0.194234089341445 -0.188689619505641 -0.0809017980069823
0.170099021754728 -0.125358650522332 -0.116281307396262 -0.209763308234301
0.20196181082052 0.042350109190564 0.0517711221705286 -0.236555524551283
0.148481566937458 0.0989827353590855 0.0833089554732666 -0.0235820344306731
0.105042108363482 0.0625914105204198 -0.112008139695146 -0.0021015817646715
0.157030613996716 0.0274117365486878 -0.0671272942231856 0.198010569614098
0.147312786906574 -0.097346690333382 0.139328068938714 0.207476093461665
0.0390785407523038 -0.180066187056784 0.207736128897899 0.0719288233442009
-0.0526481364208772 -0.134340613786141 0.131514921656333 -0.0423823534281497
-0.0793623067704221 -0.0747402110791994 0.0507166851852639 -0.0439127811577415
-0.0829030964399249 -0.0265908378582768 -0.000220289264863002 -0.00768041556091746
-0.0717769069951524 -0.00461301326467261 -0.0241555126194758 -0.00355821399948974
-0.0697710099800243 -0.0163264600775529 -0.0589182778206927 -0.0102722870425303
-0.0610666849173876 -0.0709803498397098 -0.0959760794639354 -0.0190713227727087
-0.0214466863421601 -0.12295472055368 -0.14024951215537 -0.0615196259585581
0.0709069516775076 -0.176860749486385 -0.125501506318536 -0.201116086254223
0.201303567275374 -0.0938663981368855 0.0214006221448755 -0.296449459939853
0.224100331042002 0.0734328797665802 0.173760884050202 -0.24232359841801
0.159378335544146 0.122796767238179 0.0879195823735445 -0.0448982500991508
0.069486480574035 0.0422352122806368 -0.101682949994047 -0.0160353247813432
0.10685460413313 0.0197922511261061 0.0205108337577505 0.166377055979856
0.106540470272436 -0.0785382587734298 0.207215727218747 0.0914136094539542
0.0205839212344965 -0.143592363378472 0.202275480183329 -0.0522197117304144
-0.052831423404459 -0.110188132805136 0.0788165003561545 -0.116616825441578
-0.072261420717805 -0.0636240475121859 -0.00491147728260756 -0.0752090440240084
-0.0712314191709923 -0.0250870206558556 -0.040899680208284 -0.0222883780943003
-0.0579494354944322 -0.00531483829107147 -0.0559278395028563 -0.0134824733935803
-0.051546139161053 -0.0150571770478858 -0.0839936973809221 -0.0217295363541104
-0.0393187560307126 -0.0574178194359551 -0.103652957471687 -0.0507661537183445
-7.39233609996235E-05 -0.0971580756353262 -0.104550783314731 -0.128627066896348
0.0897472099900781 -0.123921663509308 -0.000580869890079645 -0.260722187868861
0.193687423723162 -0.0334858376742927 0.186511148062745 -0.28950160244913
0.201846050219361 0.108162205492009 0.276360851483531 -0.188632810474007
0.137697258278921 0.129916744379977 0.0830301439904455 -0.0652561750822715
0.0321075419369536 0.0229592629114398 -0.0889201696873448 -0.0324577059207926
0.0544236705590173 0.0132162255174628 0.0667531578384484 0.123852725945278
0.0606391212010253 -0.0451983263923674 0.21866012056258 0.00666452269306216
0.0107658940005296 -0.0825354382979213 0.167528749872581 -0.127176154916071
-0.0333059644089987 -0.068128159970632 0.0255269455795376 -0.156078218499496
-0.0452808647777645 -0.0431436875364267 -0.053364189363738 -0.0917832088829182
-0.0443768077124418 -0.0192683893807316 -0.0727248461389677 -0.0338200143543857
-0.0352100918802256 -0.00510636915635258 -0.0776553113088956 -0.0220139741082104
-0.0288344993506366 -0.0111007145577271 -0.0953968541207236 -0.0301826125613494
-0.0202519149351383 -0.0358011963588525 -0.0963087301969613 -0.0720997584893939
0.00794243149862289 -0.0611349374635793 -0.0516441128026589 -0.16204024489734
0.0745393354861984 -0.0596896176229849 0.116127419080479 -0.246852226120188
0.132125554169559 0.0167006694641167 0.299844849856633 -0.206129225257691
0.125033873761346 0.106999521100602 0.326332249763321 -0.109433199702237
0.0831188633709566 0.0973188212031872 0.0735427366474102 -0.0804025976952375
-0.0206413182837527 -0.00802093331844113 -0.0304533833608194 0.0592833036914929
-0.0396995040515447 -0.000447480947926784 -0.277260061131268 0.0381315896264159
-0.0364141241750853 0.00381724759506854 -0.353200785861507 0.138756151922095
-0.0125537327727287 0.022471108406936 -0.192505947718487 0.237531432641083
-0.000730969958589794 0.0162874988951495 0.0316938091654237 0.193991890216165
0.00138607944773251 0.0130287022028035 0.1119674497124 0.0768135824220449
0.011526186241443 0.00889659843078384 0.10229580421858 0.0225846454091723
0.012469013928137 0.00274061862708958 0.0888448233092877 0.0159810253470443
0.0151859043837906 0.00822281071302663 0.0947214348691783 0.0319561135379585
0.0132820928991495 0.0153845184676773 0.0835118203068052 0.077691995020613
0.00205675696651694 0.0270644202175841 0.0310424280947358 0.147027703569856
-0.0192602153051805 0.0181969768572985 -0.100575336239738 0.165972246715783
-0.0185399993359893 -0.0164953706957373 -0.196079622717057 0.075876069891794
0.00345057610263458 -0.0180106890007038 -0.133611879329454 -0.0641965960067952
0.00925459457322403 -0.00625343729758432 0.0598499478948756 0.0385733991121209
0.0553485107122731 0.0534467896425218 -0.0349573747692821 0.0626349503149126
0.074465134370283 0.0616796711075211 -0.281646536190584 0.0357513918262644
0.0614460836080185 0.00211549434779363 -0.35665891904232 0.154394967803694
0.0292104711926467 -0.0294724830529865 -0.185543639837602 0.251092433191928
-0.0020326970327686 -0.0217702239329204 0.0343652787715164 0.195408940924598
-0.0142204370670611 -0.00824427857606611 0.111787041387382 0.075082886094729
-0.0153027351181775 0.0019823700723816 0.101151525456308 0.0214108279985653
-0.0191277591695394 0.00383120734346196 0.0863817551400028 0.0163538126257643
-0.0254571884940584 0.00703548861907668 0.091780381671943 0.0296237536882179
-0.0327121209196663 -0.00716224796643339 0.0811969543623488 0.075185274412584
-0.0326653193364881 -0.0187442737262322 0.0291348122201214 0.147681157882762
-0.022970294773071 -0.0524766344532876 -0.10467060989325 0.164390885773984
0.0257897419865888 -0.058860415667073 -0.193890767040082 0.0681812466222566
0.0558112396148336 -0.00604660863134205 -0.131950508802078 -0.0765767682583233
0.0477583642512436 0.0153761439895979 0.0596649753974032 0.0298387732936496
0.116930270464634 0.0919358181590599 -0.0623964472697457 0.0467186328500393
0.171314501286367 0.0882381319244906 -0.294893073387609 0.0715656040327312
0.14305264427024 -0.0227075900748398 -0.311546765870266 0.244593071891466
0.0588059889352191 -0.0890059722800168 -0.108356887364586 0.298071350407263
-0.00837948819634496 -0.0624168361192208 0.0762333590654222 0.185480591826295
-0.0325876238676739 -0.0309733086011327 0.117302496282249 0.060482542352979
-0.042836236613722 -0.00500802412743158 0.0918983525423946 0.0175732164745463
-0.0472475167165338 0.00520499638409539 0.0724223627694175 0.0144020072902435
-0.059561010176388 0.004754862326135 0.0674183086004517 0.0226546690056253
-0.071063913162776 -0.0301752517680534 0.0472045823030064 0.0651112033644421
-0.0603041350228186 -0.0632741336502797 -0.0101661170527802 0.132622763476491
-0.022521091719013 -0.121180719135165 -0.138442336628741 0.130630585971716
0.0716865725722753 -0.101257519917528 -0.20112896777274 0.016202215829885
0.11078907788526 0.00369783025475398 -0.111781672861289 -0.122651168963228
0.0871226386839332 0.0387997315936928 0.0664161727052068 0.0130736969625537
0.147095081290647 0.0957021871697138 -0.095638792242364 0.0284748137233946
0.219059168837847 0.0662378160175935 -0.268365808428172 0.14343439006744
0.181526469673564 -0.0709471529277744 -0.176657979368061 0.328473905898257
0.0629310798891824 -0.1497205519906 0.0299368612217963 0.301007700436569
-0.0250891638091676 -0.102923728102545 0.13222127247273 0.138320440026287
-0.05505809155965 -0.0531251521877848 0.116895146861812 0.0313451440196938
-0.0671260578745721 -0.0111332896503673 0.0725274248693506 0.0107674432696343
-0.0670768866071536 0.00551665215944723 0.0469358350693897 0.0105404557642284
-0.078927374092454 -0.000277886612603996 0.024828152242777 0.013328042384254
-0.0902989589456878 -0.0514332587655097 -0.00891280508189917 0.0474008312330882
-0.0712131961983685 -0.102479137105515 -0.073981553745051 0.0953382949073032
-0.0097058340545842 -0.176510283297165 -0.185252906472581 0.0510819223388713
0.118705258615095 -0.134048931822852 -0.19467068033118 -0.085159511137605
0.165537651944253 0.0119934341239626 -0.0581013302115699 -0.191605924871264
0.127291694949487 0.0631378370180915 0.077290002305395 -0.0104719803523663
0.142456643017367 0.0775010118004084 -0.116948879276404 0.017606411512723
0.208860761343634 0.0331653666271642 -0.178070963502351 0.203515912178672
0.174173665951667 -0.107830080832402 0.00959177192251901 0.315527614638972
0.0457111664429611 -0.188710284750311 0.161262963493444 0.210146468421107
-0.0485961025465853 -0.130465532451335 0.159363055926004 0.0499474364521534
-0.076757324059099 -0.0674765837199768 0.0960330229653213 -0.00816319763755995
-0.0834718939331966 -0.0164341483889304 0.0416143245459078 0.00266281236738319
-0.075443387559582 0.00407111336058203 0.0125260447718041 0.00527651803460185
-0.0823770704347959 -0.00597935940373295 -0.0224238302045481 0.00379572798349828
-0.0877875830840522 -0.066009638362688 -0.0652166056832337 0.0200021540711863
-0.0596464432356056 -0.125923475403668 -0.132172847291408 0.0282905387933202
0.0204475143028827 -0.202730745199087 -0.200824142994798 -0.0732032463059488
0.165685129314274 -0.142962656913422 -0.133254763806055 -0.215406528947295
0.213975943207483 0.0271972930039154 0.0396297728920806 -0.252559934410904
0.161603245972403 0.0899263768818272 0.0874928590720957 -0.0338337582461795
0.113713457020917 0.0553487858167084 -0.119613546982316 0.00938912958044478
0.166025119237881 0.0156656678162377 -0.0618894691911653 0.212377552272534
0.141874133053333 -0.11227195782774 0.154895734143938 0.209792566738251
0.0233335265878628 -0.188151587438426 0.219714031111414 0.0642909337439724
-0.0658350795719254 -0.132243843299101 0.134708844647568 -0.0494229450164276
-0.0884775868210852 -0.0688772306782831 0.050443590161868 -0.0478099595993014
-0.087640596365433 -0.0191009638586485 0.00146230737210303 -0.00760486328159392
-0.072321018437981 0.00217569021418631 -0.0244922393605379 -0.00148483945254365
-0.0721592908889481 -0.00932830060718349 -0.0623722228925392 -0.00599029744302677
-0.0692267523007429 -0.0671178085048261 -0.101203231984458 -0.0132498794043558
-0.0334433404887943 -0.124755989284788 -0.148270109875145 -0.0557137784546196
0.0582432293989005 -0.187745981957077 -0.141380859773224 -0.200494208284792
0.200779307413546 -0.112403527967747 0.00588109978805536 -0.312341870709182
0.240718117453398 0.0587326719875329 0.165745851646524 -0.265522398486336
0.175451104377366 0.11541822707517 0.0897833522521886 -0.0549438343543779
0.074749710204932 0.0368505945374824 -0.110066204059599 -0.00415076232382901
0.112840924927862 0.0113002685796429 0.0295027168033166 0.174983872695018
0.101142684642991 -0.0895801666117494 0.219520010540218 0.0840716100487353
0.00796915839965867 -0.14911122620953 0.206531710226961 -0.0644245235140087
-0.0641148373347916 -0.107718782122157 0.075676753191782 -0.122662442999986
-0.0798682158160235 -0.0586106311904136 -0.00852551510234516 -0.0757924008841462
-0.075341274264359 -0.018958272050787 -0.0410957453726102 -0.0187656257504529
-0.0582733962309537 0.000340230997978862 -0.0578927283307304 -0.00812990716643201
-0.0534096567376887 -0.00986170438180657 -0.0886700794717269 -0.0150078625565747
-0.0458793931004672 -0.0546680541619008 -0.110936514943319 -0.0449165794598022
-0.00912692664748547 -0.0999895466960981 -0.115040667979632 -0.126824471037
0.0826606283353513 -0.135020984830514 -0.0164172201927801 -0.268909686324316
0.19854822688099 -0.0496443455756281 0.178003517567361 -0.31186117533148
0.219739782896922 0.0983333404559755 0.274033023511233 -0.215679609486984
0.153442676388263 0.124688096875975 0.0822004379138869 -0.0754179272626788
0.0351680740417823 0.0200917170814053 -0.0983630950103765 -0.0209250836768756
0.0582018386722462 0.0086508815003331 0.0761624398958074 0.129150010184865
0.0574785367682998 -0.0516966118572557 0.227284487979145 -0.0055985834319242
0.00412465326481534 -0.086046122683104 0.166052917160522 -0.140165127783249
-0.0403901450643992 -0.0674317887780859 0.0180963675004509 -0.160224878520988
-0.050663081299445 -0.0403511261265347 -0.0590685122179453 -0.0896453070404173
-0.0468844430133029 -0.0158581904123211 -0.0744305855389743 -0.0280936614734711
-0.0356477506904767 -0.0020941924946562 -0.0808663433117574 -0.0144978182763487
-0.0298362919629515 -0.00810527147104272 -0.101200073732014 -0.0223878345915372
-0.0246162037147749 -0.0343501342601344 -0.104224153972998 -0.0675481765428092
0.00246454994199441 -0.0639438561903395 -0.0619103741851953 -0.164296776860595
0.0721459156230295 -0.0676566378310084 0.105751485714158 -0.260282238849916
0.137868054811939 0.00784918258258697 0.298741856348786 -0.229864769005364
0.139121377423499 0.102562851891714 0.329733957582242 -0.135642139846666
0.093863957414397 0.0962149477877568 0.0706100628155503 -0.0908174910824923
-0.0220359953174988 -0.00641755256480925 -0.0231212157140034 0.0642637629670653
-0.0407182180303601 0.00258830210153066 -0.26585488018135 0.0557711533609406
-0.037006131836179 0.00649056306279535 -0.339876122720516 0.157567659989462
-0.0106359251326622 0.02236650801144 -0.176388261769015 0.245055900046562
0.000631387915486488 0.0169214850109042 0.0427679530172894 0.188486166616029
0.00337692934752914 0.0130607247163375 0.115269834080488 0.0669858354351888
0.0118191192541682 0.00658794696212532 0.103261645765084 0.0117105139642197
0.0117053606242544 0.00053972823607864 0.0886554427192454 0.00521631548897312
0.0150048244838342 0.00578834513227463 0.094017842350406 0.0200145921330693
0.0144291393471915 0.0134178030840392 0.0853631571051165 0.0670507215593267
0.00455069997697183 0.0257107968486409 0.0391061895522764 0.140412476002696
-0.0165352056626228 0.0195391109588458 -0.0869718213643845 0.168148739057381
-0.0197857164859776 -0.013548130410856 -0.187435563199644 0.0872631647457754
0.00193153824840402 -0.0184296981655178 -0.137128194873554 -0.0568982325854108
0.00786808059438537 -0.00741570269192681 0.0651698234268308 0.0251530710649325
0.0583338913689979 0.0482316956034869 -0.0274246483328874 0.0670594637755094
0.0782671816782849 0.0562762385509481 -0.271207549313671 0.0536098840977726
0.0598654671420617 -0.00207702184793502 -0.341561525981257 0.174006026641143
0.0259958702251419 -0.0314130528829729 -0.168148779712705 0.259118498093827
-0.00426715386106182 -0.0205227427854384 0.0460964640963902 0.190907242792131
-0.0145204442860993 -0.0064624897515716 0.115388599462017 0.06562472302584
-0.0155576160100784 0.00332060133034493 0.101812718687625 0.0101480293987438
-0.0186473361023596 0.00546029860801983 0.0864422112332331 0.00548835623851904
-0.0244221979657015 0.00909123599114235 0.0904648567224484 0.0178386316496788
-0.0327765655518818 -0.00377665716616161 0.0824595100367576 0.0639896172428698
-0.0333848652707579 -0.0152700869744852 0.0373402064901488 0.140094429276825
-0.0278805873062885 -0.0499377309400548 -0.0914656961239177 0.167401272980565
0.0191539583335481 -0.0597170477483989 -0.186650444930874 0.0787931795663033
0.0544737437659847 -0.0123621344184251 -0.136867563885713 -0.0695563969169101
0.0470833463872361 0.00964414388188787 0.0641449918220226 0.017839824410383
0.122592275400226 0.0813090610921429 -0.0568890645636701 0.0521813168066032
0.177580157003862 0.074501921325044 -0.285162008392797 0.0910433255891365
0.138350076787194 -0.0327344664177456 -0.29269277135898 0.26331150339857
0.0495212945596302 -0.0920759023374161 -0.0885802074254444 0.301948429421365
-0.0142610054659599 -0.0602645811434496 0.0887452783891906 0.179212427862111
-0.0353005250765009 -0.0272877752769326 0.120342030049957 0.051383399520202
-0.0425983261838146 0.000261700782063579 0.0925786801274758 0.00743848380513762
-0.0455422892968838 0.0100399159444888 0.0725933705564578 0.00565163778505695
-0.0570078630895806 0.0105723477956731 0.0657113800894518 0.0137900200877817
-0.0720419172882102 -0.0220517946919498 0.0482337491855051 0.0579338150332435
-0.0653713530268559 -0.05620051407549 -0.00213865270378957 0.128779705751295
-0.0344411641780943 -0.116308362704232 -0.128072957886748 0.136541649135489
0.0601337046812314 -0.105486481537871 -0.198387960117801 0.0273326652205649
0.10935455399681 -0.00819388515251164 -0.119848681934861 -0.115963467981506
0.0881215024353973 0.028080559688205 0.0689459585330257 0.00115773419327631
0.153222654294829 0.081665978129481 -0.0930233602048454 0.0367551590909176
0.223498699268655 0.0482317501419998 -0.257727169430525 0.160539474264094
0.171640288128308 -0.0844842558909338 -0.152879338368054 0.339210926716556
0.0472575947027542 -0.152295066429868 0.0494062727594207 0.296253764964491
-0.0343703517672201 -0.0979449646601766 0.141977778294885 0.129360238421134
-0.0593124244849817 -0.045742728628223 0.118460557978525 0.0226282219890523
-0.0668016668656102 -0.00290752648941026 0.0729731577703431 0.00294680964762449
-0.0640767416271284 0.0125047499698899 0.0472362816009523 0.00449490557856261
-0.0762360442368908 0.00818022967134436 0.0239654907170369 0.00898677849006615
-0.0935135940602262 -0.0406880237656196 -0.00774563679110601 0.0453478240581377
-0.0798498141213677 -0.0931922858672244 -0.067084220925229 0.0967446708573714
-0.0272446161305696 -0.171723531476664 -0.179971255261037 0.0622957885988873
0.103177659747921 -0.142341308883524 -0.199264257060735 -0.074163704354066
0.164570338902061 -0.00492027161531782 -0.0718803437083448 -0.189116398620806
0.130695099656384 0.049420862139158 0.0779828462779476 -0.021404113601745
0.1469326941333 0.0634219710418146 -0.116354522667435 0.0285963239680304
0.210756567412883 0.0149111116680025 -0.165589389791186 0.215793872738123
0.159839447928324 -0.120269906239342 0.030169814251114 0.315743802906579
0.0254847929605053 -0.188290151370474 0.174357730051921 0.198200083481394
-0.0603167223294888 -0.12225511517091 0.162445531597554 0.0401240978279799
-0.0820413576386739 -0.0575456938239748 0.0950085775179101 -0.0153299771924504
-0.0833426525064586 -0.00624002037770637 0.0423422836088746 -0.00163046090931269
-0.0722289154371681 0.0124016919833689 0.0128216438299249 0.00289210651479367
-0.0796999462728823 0.00322838412250745 -0.0229180668674006 0.00446028752217994
-0.0926955763242764 -0.0549723337150896 -0.064942038532877 0.0241578053505074
-0.0710367411412736 -0.117521439007444 -0.128527113361815 0.035888901714096
-5.59601685804871E-05 -0.200489622055115 -0.203965659829704 -0.058352718164246
0.149299440595044 -0.155336570133117 -0.147975094536445 -0.207682676517731
0.214806983796449 0.00640721998338574 0.0207735747385974 -0.256802079505913
0.166917599724517 0.0733932042606404 0.0856719441838125 -0.0435556771726304
0.116780734074833 0.0432304038816262 -0.120294121933558 0.0219593534741927
0.165439773060458 6.50398798274767E-05 -0.048769219634816 0.217379453099187
0.127114600103919 -0.122408327044061 0.167283248209168 0.200921479150678
0.00289874071309427 -0.185589633260632 0.222382200541128 0.0497285531760073
-0.0770419626809665 -0.122027523553814 0.131460217168606 -0.0558552527949971
-0.0936629661792755 -0.0581559315382599 0.0472202529466388 -0.0498316562073796
-0.0876845191304218 -0.00918952357488516 0.00248231647308071 -0.00781740873446134
-0.0689935136525172 0.00990547435497776 -0.0238610273028059 0.000615251225816357
-0.0701279267686519 -0.000940592909868108 -0.0626978316258124 -0.000395369105787967
-0.0752163120452992 -0.0579512056499674 -0.101545746844497 -0.00546079415019135
-0.0454496874853644 -0.118846956198465 -0.149659502582208 -0.0456108382065363
0.0396093294332585 -0.189397675495484 -0.153998397526955 -0.187444842561091
0.187771943207079 -0.128640638637617 -0.0161752450556746 -0.313066748452051
0.244955134309556 0.0372777122343123 0.144807566098522 -0.278304840023247
0.183450452002228 0.098931025348342 0.0863950431998191 -0.0636642439402043
0.0766861246342538 0.0280662038289482 -0.112131211102809 0.0102896720515439
0.112468219938391 4.2126456835768E-05 0.0401014991062791 0.175896810802172
0.0888693040693274 -0.0969491211857852 0.222486191927187 0.0700524606691727
-0.00816501760233493 -0.146473874149988 0.199752821931696 -0.0766832980723141
-0.0734512004715805 -0.0985480358678991 0.0681136810818954 -0.124389489699602
-0.0843558789260066 -0.048867977113937 -0.0131549657193225 -0.0727028705510498
-0.0755039270497052 -0.0105591390739913 -0.0397528165840703 -0.0141751176643245
-0.0555101236134319 0.006462800908888 -0.05688050406026 -0.00157975718553867
-0.0524699257281162 -0.00350975630588816 -0.089109306313002 -0.00567283789963551
-0.0512567874110219 -0.0486792708971309 -0.113316116137057 -0.0350214444788672
-0.0194290854378697 -0.0973994202804293 -0.12111928503662 -0.117486896864869
0.0685066500574751 -0.139361386991146 -0.0338029781231812 -0.26270264599959
0.191698434496609 -0.0652139600329733 0.1545148553557 -0.322583681831201
0.227196301021887 0.0789947448519872 0.254323000141034 -0.235274486505406
0.16339404096094 0.111070478259447 0.0758399672340919 -0.0825034319597215
0.0362773120896693 0.0158964104807501 -0.101647744721605 -0.00584461525146774
0.0589414851195392 0.0029468995121733 0.0845273714481253 0.127673919892412
0.0501811884132588 -0.0559646203858587 0.224174309548948 -0.0201379360955183
-0.00532250287935057 -0.0852476264890755 0.154689831670092 -0.148481040424919
-0.0466676655722168 -0.0615016940565507 0.00768705007516439 -0.157122844406256
-0.0542088618025181 -0.0339841512919357 -0.06341149520997 -0.081886006390657
-0.0475131364014498 -0.0112590033439013 -0.0727093184178814 -0.0199192710140612
-0.0334783602461385 0.00174534793594442 -0.0793892504489396 -0.00537266418170711
-0.029594058207826 -0.00450390234476024 -0.101803619003144 -0.011086101634994
-0.0281808032961784 -0.0308520880983484 -0.108198384246747 -0.0575819161742374
-0.00426992280064505 -0.0626885339225148 -0.0719159662451403 -0.157658269432782
0.0648243668114849 -0.0726242670238328 0.0872382557435023 -0.262600054979574
0.136650032383006 -0.00338410064274225 0.280258774900772 -0.247696130779252
0.147196947884154 0.0912258709411518 0.314531173480305 -0.15976055168326
0.10220266962089 0.0876835854382213 0.0620106344512585 -0.0972845411280201
-0.0216650811108952 -0.00710965598032735 -0.0215786394281398 0.0644612663239855
-0.0386638265219252 0.00378699594383074 -0.251439191251461 0.04783482169394
-0.0341131711680707 0.00930602264459882 -0.324898529357546 0.140055892378774
-0.0081947772121538 0.0215100473093243 -0.173987466031714 0.230256077788126
0.00244290346970855 0.0150886947593735 0.0380691136764373 0.179815833572233
0.00416153090486308 0.0117315511159465 0.109317282886091 0.0634554209612557
0.0118015295557484 0.00569148093842349 0.0996757528066383 0.00767856021791591
0.0107862627664693 -3.70215176537371E-05 0.0845040773355705 0.000258138539234591
0.0147304602752888 0.00437689686974219 0.0884117107618036 0.015474343138633
0.0150577656519585 0.0123056143233103 0.0791432337809287 0.0606554456097577
0.0057890459221609 0.0251093878057724 0.0339760047392603 0.131553849053692
-0.0155889586170267 0.0206683942185765 -0.086372217711369 0.157523541507059
-0.0219645926613817 -0.0115039876969399 -0.179416290756313 0.0776764245991239
-0.000282827999227644 -0.0197251321523118 -0.130283501885088 -0.0598387893411459
0.00696319658529376 -0.00805161007220331 0.0643522610217303 0.0173021853155501
0.056056445268778 0.0487470712902628 -0.0229059565103112 0.064007972088488
0.0765828061608858 0.0593549416173185 -0.256882848437041 0.0424401769086717
0.0601772120324311 0.00405837149618949 -0.328442327315371 0.15307326424596
0.027236540334058 -0.0290677810450302 -0.166801056719822 0.241892755653226
-0.00227992826570394 -0.0207812203166797 0.0411621108094668 0.182477739383997
-0.0133622770438 -0.00687036345808779 0.1088294352795 0.0625599789840875
-0.014241250676029 0.00347515314374245 0.0973776865191253 0.00666097640442097
-0.0182305703909452 0.00569898392167062 0.0819199913622524 0.00115175932674382
-0.0224088256886451 0.00941189802465859 0.084333607849912 0.0125189377517507
-0.0312049354765762 -0.00277037617106041 0.0757709156343823 0.0569368417732133
-0.0327378803201897 -0.0135522636511673 0.0333454391300898 0.129380900664992
-0.0280306387063162 -0.0441690741332416 -0.0888562327272153 0.154033844466543
0.0143497391765517 -0.0563436305135137 -0.176659458065068 0.0698105728959687
0.0498744936116849 -0.0156758802042369 -0.129999106355599 -0.0697041516079204
0.0447597334989002 0.00638040727686816 0.0631406357540186 0.0115167594808107
0.118470923439772 0.082741091229516 -0.0500950760816935 0.0469890733780125
0.174614076816571 0.078588773867214 -0.273273848142676 0.0749064703789581
0.138215738971461 -0.0252031349755552 -0.285454599614679 0.237710479159186
0.0497411986697016 -0.0868144267022135 -0.0918453143283782 0.283419137908369
-0.0121566150036257 -0.0589742049209091 0.0810960084553626 0.171572162592154
-0.0337363725469832 -0.0264803562908743 0.11345717898578 0.0494511378111442
-0.0404549701261326 0.00137849988451926 0.0877341570796543 0.00498405051118819
-0.0438621912438434 0.010641003797068 0.0683725400426756 0.00168707242103986
-0.053804832520739 0.0120326764754885 0.0601440318222068 0.00901449406469178
-0.0697221303064986 -0.0193460908264547 0.0431097349431466 0.050857038397605
-0.0645158393170528 -0.0519605528414124 -0.00347936363131176 0.116695860287575
-0.0370197026348168 -0.10690563489118 -0.121892591262493 0.122879914492769
0.0525037772012523 -0.10190952659959 -0.185742446837783 0.0202497687941799
0.103174826665394 -0.0129720565888172 -0.112542682521364 -0.113259459567124
0.0844855808175269 0.0231977552280948 0.0681669230830848 -0.00153962384291948
0.148649021510974 0.0843350385516803 -0.0858689600514771 0.0298990953437479
0.220250869081954 0.0519829592455816 -0.252052426912292 0.142756109009327
0.171078998729996 -0.0767829335793281 -0.157244849382862 0.314999590241377
0.0466403794542522 -0.144102773372165 0.0392815622140241 0.280073810607683
-0.0324394502080196 -0.0951274216015736 0.131207873349554 0.12447243211813
-0.057133366159939 -0.0435420972775478 0.111297942125707 0.0226808726057279
-0.0633686221758304 -0.000762148987005413 0.0690489606405569 0.00244768036896853
-0.061381472497174 0.0135633109026524 0.0438463698427281 0.00211887934250067
-0.0721405240630902 0.0101702810206634 0.0199698144514073 0.00591378207033468
-0.0916683881364702 -0.0362844629266558 -0.00970085628684761 0.0401870258340428
-0.0794465618941103 -0.0880473471340919 -0.0639130416173736 0.0857071161441467
-0.0325234258780958 -0.160545850249412 -0.16845987768071 0.0492435170595624
0.094110796264479 -0.13958411957831 -0.183872186559782 -0.0768754253006734
0.15755386250586 -0.0121167891615341 -0.0648665006903587 -0.180654923246846
0.125835417742528 0.041980642209985 0.077003126386174 -0.0198912772104236
0.143233758798628 0.0657669231215769 -0.11052606457596 0.022855606941932
0.208400337831561 0.0168298804934586 -0.166021156149503 0.199845680251156
0.158185469444984 -0.115067100148112 0.0159535880418415 0.298308895419882
0.0243174116036566 -0.179259823500304 0.158996812056872 0.188816979471605
-0.0575864093350721 -0.116931468659322 0.151072510471499 0.0405670398679464
-0.0790494078147729 -0.0539426858645544 0.0887057801862517 -0.012507112654263
-0.0789818869770469 -0.00371255343543464 0.039849504008253 -0.000786665824178938
-0.0686967297421148 0.0132187111853146 0.0118937218502245 0.00209159517874351
-0.0757473134102566 0.00640311845288859 -0.0239919968864694 0.0029541656241492
-0.0915796822937868 -0.0500774912593406 -0.0631561771265385 0.0211024266012348
-0.0723041417468581 -0.111552200381867 -0.12100546186926 0.0278815997872768
-0.00834323452461849 -0.19029214195751 -0.188291597920642 -0.0659845908712871
0.139698691243347 -0.154346363914127 -0.13183971991642 -0.202257193122306
0.209174767655297 -0.00191493837444571 0.0254134682069597 -0.241825098105664
0.162884508687583 0.0651493663978629 0.0843249275268568 -0.0383128658259235
0.113481747225851 0.0445195440597166 -0.115859583593485 0.0191736012452648
0.163390322227896 5.03452567367359E-05 -0.0539409245706812 0.206936572246147
0.124042142713832 -0.119112413862955 0.149914459683751 0.192259325509548
0.00103347431592338 -0.176175610814767 0.206982133568248 0.0482022007726357
-0.0747681271515227 -0.115865456247967 0.121207616793766 -0.0497879423624226
-0.090180281254249 -0.0534912494107356 0.0434920206101491 -0.0448540891806697
-0.0835170570252683 -0.00636886583837098 0.00242417349417386 -0.00526971053480305
-0.0655818152655193 0.0107206125342984 -0.0231123631255032 0.0018718601566198
-0.0672841951569999 0.00153580211110641 -0.0611768344784832 0.000277809604553912
-0.0752845393984898 -0.0532997609172419 -0.097661171216725 -0.00584262723866889
-0.0475608277815848 -0.114061456476348 -0.139663393873799 -0.0480209817922175
0.0304611708261805 -0.182439254729775 -0.137403305098763 -0.18642751177512
0.180371671981919 -0.130078085785436 -0.00473003961052014 -0.297779256785268
0.24172104208933 0.0283111950252723 0.142543193096351 -0.259334511223316
0.1798005400591 0.0899626536683688 0.0832267035952285 -0.0555759862651519
0.0745537783426767 0.0287126956934277 -0.109108371323055 0.0113223880052535
0.110517536443024 -0.00136215307059505 0.0337209233631769 0.17091395870745
0.0846886097998615 -0.0950712871505559 0.206428289113316 0.0696938623472642
-0.010539936939037 -0.139248596483573 0.187868292960143 -0.0721986532671908
-0.071382931452342 -0.0922155592385517 0.0614640747101049 -0.114807810929717
-0.0820497643810514 -0.0444407012358611 -0.0128590275112028 -0.0655314637350357
-0.072438241874561 -0.00865898375440439 -0.0374492805675062 -0.0109262845387667
-0.0527662509780593 0.00680974425457724 -0.0536023850947204 0.000905947683822045
-0.05026756570469 -0.00117296832450967 -0.0856439925454146 -0.00294524492376577
-0.0521336950147084 -0.0454325960278663 -0.108644175424805 -0.0333280344457787
-0.0225678777082618 -0.0944026685911758 -0.111615920849995 -0.11458142358646
0.0611596494541021 -0.137680647833367 -0.0214145942139831 -0.253541081621554
0.187665151860991 -0.0681394848861069 0.15759340900932 -0.301660447930876
0.226633399478334 0.0718496712797064 0.244944191556425 -0.21604274211896
0.1605782821345 0.102639285436678 0.0725097810931461 -0.0738527454411784
0.0357364564951008 0.0165182044899211 -0.099266653591593 -0.00117194442308438
0.0575417190044173 0.000975872164628645 0.0787267000099183 0.127710999580147
0.0463951531627698 -0.0556176681056512 0.211292976608573 -0.0159987107674806
-0.00780338314327941 -0.0810794227150339 0.146708570003522 -0.140968761537741
-0.0460833730701849 -0.0567627310655859 0.00624231447563078 -0.146283929455375
-0.053406057663226 -0.0306021339768062 -0.0595147261891351 -0.0745281700534587
-0.0462788193594549 -0.0104088632781763 -0.067692072609878 -0.0163425367998022
-0.0319106481636106 0.00183958800768958 -0.0753782711055771 -0.00148310027650627
-0.0287909601119918 -0.00338780902947071 -0.0980788140614334 -0.00719235442373282
-0.0292448515287505 -0.0290281297513352 -0.104323931284754 -0.0541437131144577
-0.00744112911366129 -0.0617573294783436 -0.0652570429703583 -0.151689948009099
0.0607727217441828 -0.0742517290087878 0.0917915343962737 -0.248425952294976
0.13655065007655 -0.00687542902355757 0.273141890008729 -0.22634714072151
0.14932780416761 0.0857785468297249 0.298888352134501 -0.143900798828614
0.101362865668224 0.0817089818185793 0.0586646306131045 -0.0896075740415146
-0.0227222259680424 -0.00664264956564288 -0.0190112949043923 0.0650644391088525
-0.0390110530643466 0.00476676065777942 -0.242388960745118 0.0434111117251365
-0.0345377229872257 0.0102854256950509 -0.318333859711623 0.131556365384426
-0.00813485070988877 0.0206901114461763 -0.173134876415877 0.222382562903631
0.00256353210851328 0.0146659674306539 0.0352556108496973 0.175284018525792
0.00530668854640845 0.0109356798287878 0.107001410362043 0.0609623193386249
0.0114877604830393 0.00462652604907104 0.0977395099611228 0.00363674378002304
0.00944740025157396 -0.000322798364694726 0.081681045594848 -0.003750819886525
0.0139319531479626 0.00361475113474943 0.0836761911276943 0.010826047864932
0.0144988678431589 0.0110695504242118 0.073786583875596 0.0557949379428896
0.00585884503019921 0.0237802221696506 0.0309642710540507 0.125761816096898
-0.0147201780086789 0.0198875404414406 -0.0850858765778199 0.151176971838853
-0.0211261656524566 -0.0104959093889951 -0.175158229646184 0.0736572401752086
-0.00067688931018978 -0.0197410084384325 -0.128098134694549 -0.0617069665128458
0.0057020614438403 -0.00783926868944203 0.0654556013123049 0.0082614903802715
0.0539130590427314 0.0474613952236112 -0.0208221451594834 0.0642745101434361
0.0758588472202103 0.0585858255636076 -0.248531645162142 0.0390868052953588
0.0582393030555443 0.00510656134898777 -0.3217624021081 0.146419451686593
0.0260142881287586 -0.0280153754727232 -0.165790211922235 0.234025659904584
-0.00236707833165166 -0.0201157469454484 0.0390617129496276 0.178502374991047
-0.0126797063102005 -0.00662505010315449 0.107014110697101 0.0605041513522322
-0.0139865389259642 0.00401509801526729 0.0951152479264595 0.00333679739093434
-0.0177126013150795 0.00611688051716744 0.0786378420120552 -0.00319061674929147
-0.0212604362294695 0.00941941045919452 0.0793185870949715 0.00823061623591053
-0.030382920069284 -0.00201012550408549 0.0710100692487361 0.0527254590079765
-0.0318761455695362 -0.0121697021282622 0.0305803615544698 0.12315356768801
-0.0291932295675137 -0.0422890637184034 -0.0877154643640866 0.148289448237991
0.0121713880891456 -0.0549810642498859 -0.173369069021398 0.0661681841835684
0.0476329822419092 -0.0166896659250748 -0.12804834711092 -0.0709035022728943
0.0420827510127239 0.00491274562676148 0.0639501235327132 0.00356457202994851
0.115695777483685 0.0806799762423517 -0.0482668730184121 0.0469879615347785
0.172322781651302 0.0762758826146804 -0.267173846064692 0.0716741934090799
0.134520077643933 -0.024178143666385 -0.280656993055656 0.231304768345098
0.0468746314646136 -0.0843099335204126 -0.0917084389877751 0.275670556413746
-0.0130922458183459 -0.0566400772746512 0.0802823929930319 0.168390756112301
-0.0337489836400645 -0.0249058189114038 0.111556385346694 0.0472102942231662
-0.0387433064055017 0.00328930361484736 0.08593200282779 0.00186794180156979
-0.041755488902848 0.0124459317940001 0.0662225292249645 -0.00183963188878566
-0.050610547754189 0.0132295076064702 0.055537689129612 0.00561621871380838
-0.0684060595186719 -0.0162809233504276 0.0392007178011856 0.0475466461346238
-0.0631544890901815 -0.0485815721692497 -0.00500259639135856 0.111023469068048
-0.0396118491513868 -0.103009926116156 -0.119693532595013 0.11752712766569
0.0476344094841535 -0.100118798145232 -0.182775539847693 0.0167055306706731
0.0996727058563293 -0.0157412981089656 -0.110749757420562 -0.114071497141297
0.080777220641343 0.0202232467503432 0.069013420482461 -0.00824253372848511
0.145230489872833 0.0817015116965487 -0.0852099198936678 0.0309512658585478
0.217915687601047 0.0487447723742971 -0.248585120661909 0.139076030994701
0.165521322809316 -0.0757997370585778 -0.155457999791914 0.309542682681099
0.0423527740773334 -0.140131141716021 0.0372986627694874 0.275036089945266
-0.0333871570640508 -0.0908236190794244 0.130722937966151 0.122659309984614
-0.0568859188289509 -0.0401978650651469 0.110102491114133 0.0213180847903722
-0.0608783258659622 0.00248796693116978 0.0677120336579445 0.000556089181410791
-0.0578078257416636 0.0158605945565778 0.042612534074387 -0.000272548373880479
-0.0682034388544358 0.0123748596633749 0.0172260169268257 0.00407616161982469
-0.0897470425642297 -0.0322066368304577 -0.0117477411127305 0.0377483339733559
-0.0791109919335464 -0.0830490450492801 -0.064270808607953 0.081523833250026
-0.0365742408546241 -0.154295686454877 -0.165278485362667 0.0464208803527911
0.0877283615254691 -0.137537749272103 -0.180900383391519 -0.0782726595062973
0.153433158443533 -0.0153878672793591 -0.0631277575592034 -0.18029623856917
0.121974805533147 0.0383603730726734 0.0777282326632559 -0.0250242671318737
0.140293180871014 0.0619551480058655 -0.110196051515085 0.0251576327153654
0.205244526238578 0.0128266971982965 -0.166546756892395 0.198422494165097
0.151058770315492 -0.113003431928036 0.0147496169352369 0.29549339038858
0.0193375186924699 -0.172569488533147 0.155805137718302 0.186617349795423
-0.058554599532598 -0.111364198741679 0.150549957304466 0.0412304289297753
-0.0782346891799818 -0.0494094662293438 0.0880603099128957 -0.0125015999786644
-0.0762520954563169 0.000637842965928484 0.0399649983106082 -0.00149939538681192
-0.0646787034041246 0.0155381066767504 0.0117267832916295 0.00148188351993353
-0.0717133701869028 0.00891610397288467 -0.024811271351855 0.00304967223640093
-0.0900030552978068 -0.0448753712352179 -0.0630857023759658 0.0200333229575539
-0.0724247329897544 -0.106003768350083 -0.119059531757146 0.0257886925678744
-0.0131024115828628 -0.183352886707211 -0.183889930599835 -0.0655722286207156
0.132794086126023 -0.152636076096931 -0.129656305056139 -0.20130675590957
0.204814512225764 -0.00628100318101385 0.024363332349355 -0.240331544320526
0.159113840084229 0.0610953560250507 0.0848021254853037 -0.0414270214868406
0.111091535505376 0.0409830680820592 -0.115994608398363 0.0233183149775156
0.160161155136525 -0.00353288780774016 -0.0556121334977843 0.206875289578843
0.116441745226984 -0.116519748937459 0.146273394490596 0.192653176901035
-0.00399455498207869 -0.169163149526335 0.202948563494089 0.0493945419694853
-0.0749027830511946 -0.109439495126683 0.121853093194519 -0.0466472200089298
-0.0884491056474614 -0.0480491859755514 0.0439941008165455 -0.0426968441296324
-0.0803068107253378 -0.00236617978283835 0.00366090805340601 -0.00498355747964198
-0.0616694843910173 0.0127908379275003 -0.0214577004603985 0.0024531615843413
-0.0635372102173727 0.00472380769358943 -0.0599425012789042 0.00146947917760442
-0.0749073829121758 -0.048982570648808 -0.0956856031782303 -0.00481764919497241
-0.0496449772827739 -0.108756523913369 -0.136140385769974 -0.0480465129635793
0.0253743307435249 -0.177214625454634 -0.133463949644701 -0.182235656039518
0.173355860871325 -0.129536367217706 -0.00464823707257846 -0.292952409101529
0.238179645784085 0.0239456591306635 0.139698302199465 -0.256100523644191
0.177128707593625 0.0857859061826734 0.0834540870456548 -0.0569704353496887
0.0730323975158362 0.0259157416491262 -0.108820583887362 0.0170356849386054
0.108088554854056 -0.0043944385728159 0.0320130893376499 0.172282293626437
0.0785836921852122 -0.0930017517865233 0.201902003325748 0.0711858837432387
-0.0144093365742774 -0.133614797818536 0.184477934829359 -0.0682456917301372
-0.0712874439781624 -0.0864837560060755 0.0627320150808691 -0.109823922554167
-0.0806725461791318 -0.0394478925314998 -0.0103306487743733 -0.0620875207478293
-0.0701287996877082 -0.00519173679928962 -0.0342181944527762 -0.00910246763573914
-0.0492820074232864 0.00841576934239107 -0.051221274691486 0.00300416400889999
-0.0480901982846025 0.0011309668936635 -0.0836851090476935 -0.000216790031371277
-0.0521142823894537 -0.0416534064926425 -0.106619917255947 -0.0309930662997398
-0.0247186720508562 -0.0908234960542995 -0.10801756826272 -0.112118892366312
0.0566767849798454 -0.134349803096737 -0.0191776211876068 -0.24627059877518
0.18257334824591 -0.068785531599598 0.153732600430673 -0.295300025472143
0.224435096261424 0.0674977974306178 0.238391170755946 -0.212387332757857
0.158623784573476 0.0994234357596314 0.071601420290826 -0.0737919004865321
0.0351098240572259 0.0150434074467729 -0.0993117917094113 0.00612590199250959
0.0566004047409218 -0.000856236393393997 0.0778330790405618 0.129945191672416
0.0427172859586 -0.0548117571716071 0.207007103338383 -0.0133904681707742
-0.0104157730098988 -0.0777440596489841 0.144508657124114 -0.136357961556775
-0.0459545832782971 -0.0532232999302581 0.0082279076680167 -0.140556243322283
-0.0526484056952095 -0.0271217120999196 -0.0558774079452484 -0.0700528474399961
-0.0455580049055542 -0.00822876554852086 -0.0639277734256733 -0.013495481654833
-0.029880126859404 0.00284955834029126 -0.0718859090000141 0.00175626050903276
-0.02742748059834 -0.00186858138762773 -0.095181967339009 -0.00357738460057696
-0.0296986900840744 -0.0267689310443465 -0.102290906177449 -0.0512816283454411
-0.00897174523650288 -0.0595814590575686 -0.0622592015601142 -0.148071421493713
0.0576798104589652 -0.0732317758759259 0.0921213431936637 -0.240030197568594
0.133266776530991 -0.00826804598830827 0.267351415811793 -0.218992022115476
0.148672256858877 0.0834358405663791 0.290594417988877 -0.141849847480967
0.100391225789435 0.0794206648429999 0.0566960832602719 -0.0895953578068819
-0.024603647126581 -0.00656572425900009 -0.017892193453547 0.0682908204979557
-0.0401993953635275 0.00547798613451703 -0.242645225196348 0.0401631876092434
-0.0357239429783601 0.0116004966905973 -0.324255779365828 0.127162352852369
-0.00812584338022927 0.021359101991108 -0.179846357453147 0.221955362936955
0.00340421341864107 0.015028401483179 0.0329661754282236 0.178236471363283
0.00617819556788797 0.0103613208483005 0.108201698437204 0.0614076506164968
0.0116048861885513 0.00356329636679015 0.0982879497709971 0.000389693517321427
0.0088725408438843 -0.000520973729429031 0.0811950602112847 -0.00803782681681854
0.0132552249054069 0.0027138115464155 0.0815287734650209 0.00746450473666086
0.0141604219096908 0.0102555995082718 0.0714859315413753 0.0538772243023816
0.00605941703112764 0.023497861753733 0.0284830290379448 0.124931190724775
-0.0145925940254746 0.0193147731923548 -0.0883234833059951 0.149841976235587
-0.0210660687130071 -0.0101485446760409 -0.17816217998997 0.0718401331554713
-0.00128102723612979 -0.020329769027439 -0.130377683474107 -0.0665202558666564
0.0051593333029628 -0.00723303577604548 0.0681694798469215 -0.000466172532768322
0.0537294805032827 0.048745337791111 -0.0196134795976383 0.0668273196198835
0.0771949822975314 0.0603872709870148 -0.248977873616144 0.0355372582139343
0.0589550289586605 0.00635553934847589 -0.326752423472631 0.142803213182844
0.0261607917882386 -0.0283401775828263 -0.17206970584626 0.234799558625191
-0.00252951737484152 -0.0201947606086135 0.0386485573708107 0.181479609913536
-0.0129011724910484 -0.00693580457974169 0.108872469336153 0.0607938383633827
-0.0136247559261607 0.0045431052951271 0.095831493778358 0.000217126331464424
-0.0178377323032916 0.00711248579830728 0.0786413122914454 -0.00702022427540025
-0.0209455485394814 0.010100860388463 0.0766297128419991 0.0045531356445389
-0.031001040984575 -0.00114341173900318 0.0683585131388657 0.0505276057664201
-0.0321411814042857 -0.0118089979893554 0.0273757254349504 0.122199413758684
-0.0309453325025367 -0.041918463618676 -0.0906009730716018 0.147129312857173
0.0110397010442058 -0.0556224772456589 -0.177270218190645 0.0636789241770887
0.0471566352142918 -0.0185990158951197 -0.130055878828406 -0.075730226561955
0.0416736687412963 0.00470802501360499 0.0666628899800896 -0.00441598316992215
0.116240329967243 0.0818695949404504 -0.0487373279916442 0.048998680104525
0.177053362493691 0.0780109354758947 -0.270578534283406 0.0692739388989335
0.136232351583329 -0.0234639841732027 -0.286218746279044 0.232559660262264
0.0465892004367993 -0.085167621373419 -0.0962802878055866 0.279263673826329
-0.0140645842333481 -0.0570918577936459 0.0813984383355819 0.171570779980381
-0.0344955592132446 -0.023969293130563 0.114227693649001 0.047460377807998
-0.038639629851283 0.00526589038652973 0.0862915805509062 -0.000284340970087355
-0.0409999634468654 0.0138541502597792 0.0653656602823758 -0.00493167715280435
-0.049961578899711 0.014470163660464 0.0531503004976689 0.00317440856137747
-0.0688982860321622 -0.0146635999479654 0.0362316759005113 0.0458776840269065
-0.0643194213331156 -0.0476341003234071 -0.0083853614000303 0.109642906410871
-0.0428903928436954 -0.102396555743766 -0.122861364564253 0.116190990578828
0.0455444374591492 -0.10144649441993 -0.186962335122975 0.0134527868832503
0.0999503229668694 -0.0185084998468983 -0.112285953272252 -0.11944467628124
0.0807785877133701 0.0194782940190645 0.0722190044176227 -0.0156802275505263
0.147237451496336 0.0820856152448523 -0.0870442033333387 0.0325455356124488
0.223209615468326 0.0482232487331383 -0.25518944232233 0.140170013754248
0.166591008836612 -0.0763782459431267 -0.161052559637671 0.315576633566779
0.0409321071583664 -0.140574608354693 0.035284714866599 0.281156508712906
-0.0349805745838712 -0.0904881344128265 0.134443555934677 0.12544966223066
-0.0582596337091568 -0.0385372737337523 0.112232482024034 0.0202451318284929
-0.0606291552938789 0.00527943620869908 0.0684991367795101 -0.00113147755951773
-0.0568301831921239 0.0180746363734868 0.0429047626953138 -0.00250673761958836
-0.0672193976014284 0.0146579485858716 0.0148575833165061 0.00254087464202647
-0.0904582826152383 -0.0294096994151105 -0.0147114756113279 0.0366935264474422
-0.0806149541678657 -0.0815432699893266 -0.0681915213031795 0.0797248325607931
-0.0403083728025745 -0.153712247520322 -0.16889547659491 0.0444513557062761
0.0849683853762612 -0.139927727549723 -0.184562683579777 -0.0839313519574635
0.155120990816256 -0.01889146949102 -0.0633129960629187 -0.186590021677922
0.123130626568278 0.0370733412705059 0.0816369922824139 -0.0306119250759952
0.141675057579936 0.0616174839609056 -0.1140477723898 0.0276260299618057
0.209741082527244 0.0104813935375732 -0.173247030998715 0.202891842916423
0.15052510704041 -0.114644528701123 0.0127705773520893 0.304031146348179
0.0161980453107393 -0.172800768782409 0.157572886647963 0.193300301109244
-0.0607134521338878 -0.109900245588667 0.155153690071315 0.0434233834164901
-0.0794169078666941 -0.0464653199488883 0.0903505079139459 -0.0131003264476879
-0.0756314957359965 0.00393730724329348 0.0410220719101102 -0.00190389227647093
-0.0632816228075668 0.0179969094750386 0.0125226660653305 0.000679119518056878
-0.0705495215447151 0.0112082495070983 -0.0265241909137011 0.00288463699803477
-0.0916476346734478 -0.0419319983338939 -0.0650696839487858 0.0195772458159961
-0.0749915297855686 -0.104871551145396 -0.121845149036173 0.0239067554727207
-0.0170431473946328 -0.183989916741722 -0.186673456884271 -0.0692020966799184
0.130707690427951 -0.156206608472547 -0.131350086601228 -0.208425086294478
0.208145177479978 -0.00957429949193601 0.0266993768922357 -0.247555614170782
0.161375156819991 0.0601758233326348 0.0889977598724346 -0.0457264859922574
0.112344304934762 0.039526936181601 -0.120154844578539 0.0272518111888853
0.163245812788367 -0.00701303644865095 -0.0605028184625373 0.214213732898101
0.114364731548105 -0.117965447945405 0.14788389927235 0.20019259340975
-0.00758385693649095 -0.168913996941507 0.206507808943487 0.0543042602392013
-0.07684117816642 -0.107324771147303 0.127469333366186 -0.0453408153086557
-0.0896261828105271 -0.0450472100685072 0.0466444572943962 -0.042641834436971
-0.0799239611183696 0.00136009388502203 0.00559044078318142 -0.00419633757636644
-0.0603998313890033 0.0150962809208691 -0.0208626771319437 0.00345052060896824
-0.0625692134903879 0.00719073640335074 -0.0610517995552093 0.00267354608338713
-0.0765050223974172 -0.0459979054607087 -0.0978103870507506 -0.00513364039776348
-0.0520484125400427 -0.108216460862542 -0.137789857791892 -0.0500892508552764
0.0221565540520251 -0.178276954776555 -0.132374825704519 -0.18637025711906
0.17352787490269 -0.132468971832634 -0.00307310115765368 -0.300170641216076
0.243053826872933 0.0217715119681994 0.143401447579415 -0.261948976535674
0.180251677975925 0.0859943346573827 0.0870106347714783 -0.0604161686963512
0.0736604597548876 0.0242724753949211 -0.113082723908557 0.023216236363178
0.109580560640614 -0.00726290723319594 0.0306033630692276 0.17997518132124
0.076037692591158 -0.0940381357673197 0.205373617272034 0.0766858239838337
-0.0176818120937683 -0.132817914604111 0.187948884037556 -0.0663780902730205
-0.073055676783095 -0.0846163423630904 0.067191122979315 -0.108685676319437
-0.0810518540284367 -0.0363948983426494 -0.00879332832135406 -0.0614082852487676
-0.0702052025225615 -0.0019707765768717 -0.0321415154275613 -0.00734409675909445
-0.0480767663569773 0.00988384644456528 -0.0503383352387884 0.00500267857165327
-0.0469786168564955 0.00306096481954893 -0.083933499757166 0.00185035647574122
-0.0539461073061508 -0.039725203943224 -0.107814569464025 -0.0305933160932203
-0.0268690970113467 -0.090738874360439 -0.108219087576698 -0.11523472606517
0.0554625001937588 -0.136104077897686 -0.0157797407574872 -0.248848228898292
0.184197944852588 -0.0707976680645224 0.157860742987477 -0.298899275670265
0.229806557864328 0.0675202682028257 0.242361928880487 -0.215788634931589
0.162161618667428 0.100590440431736 0.0736577237703049 -0.0765251917428239
0.0355565149359787 0.0140051749413027 -0.102376879580056 0.0134105161645988
0.0580333937108711 -0.00255118316027512 0.0790431171521141 0.138133229371437
0.0408852136324897 -0.0552289087391124 0.210869819396811 -0.011103095470941
-0.0125772740914238 -0.0772480811672675 0.147525391407397 -0.136102668254331
-0.04734409506735 -0.0517560177137948 0.0114134676356445 -0.139465572709156
-0.0533450227931832 -0.0247974084235471 -0.0541271991502255 -0.0688766317408238
-0.045789320400653 -0.00608210549553465 -0.0618679328486291 -0.0115884392815544
-0.0291990723518637 0.00333752794608723 -0.0708223010933281 0.00462865056608164
-0.027110224742528 -0.000974560831483236 -0.0962980438187337 -0.000650867347328207
-0.0305037135292974 -0.0256565700288108 -0.103466791117938 -0.050532417022941
-0.0104716440397169 -0.0592511081792406 -0.0610388213718726 -0.150473806174783
0.057607520708222 -0.0741915990532732 0.0967579635158021 -0.241319312922145
0.135163245750023 -0.00850658160818331 0.273434241527642 -0.218372816373904
0.151450383990382 0.0841197525074458 0.292633047165518 -0.141934626454539
0.10316169858316 0.0810617363943665 0.0578646444809645 -0.0923822649330117
-0.0269797601956761 -0.00564713315792519 -0.0142997439344034 0.0735589796365174
-0.0427156397399849 0.00775713938771874 -0.247663572410801 0.0442312477333985
-0.0365392157335565 0.0147472513148469 -0.334044738086083 0.134910493270891
-0.00741097792011805 0.0223968474204341 -0.184385969572092 0.232932702424137
0.0047810661356076 0.0155587620290285 0.0373122045349407 0.184181761546575
0.00768287195257937 0.00968961212207975 0.11401232187601 0.0595638073600081
0.0117756989118155 0.00272951113380633 0.100592412603628 -0.00600476603520513
0.00847024494761047 -0.00113904081078182 0.0813658011878028 -0.0150294708592167
0.01314107687111 0.00177635264826861 0.0809897809278094 0.0014530791891561
0.0145777215855069 0.0096174358354634 0.0719571304661212 0.0510378383318466
0.00752409375066477 0.0236212424935116 0.0299738244139872 0.12644288357857
-0.0140555592357893 0.0204842339209199 -0.0899763117786913 0.155452463904554
-0.0221456539394563 -0.00955339325464039 -0.183903575089001 0.0771140172956888
-0.00254178126059733 -0.0211470985457626 -0.138180155196355 -0.0689867183044101
0.00451955659776005 -0.00685536211445351 0.0719522121740244 -0.0114509546999957
0.0562302564467672 0.0496724649655161 -0.0165640885845043 0.071823810238089
0.082601652311324 0.0611054696137094 -0.255398916847569 0.0405153384910161
0.0618085457928818 0.00638524715000686 -0.33626780425157 0.153161696851511
0.026371519303126 -0.0302721417019946 -0.175263064703799 0.245884814118569
-0.00319006386730696 -0.0206955670807715 0.0444546896789465 0.186883817761043
-0.0131140859668081 -0.00699419662511338 0.115221153270104 0.058630423866932
-0.0140127347689449 0.00539808687813607 0.0979119360300006 -0.00589144021729394
-0.017829687896425 0.00870665516327772 0.0787412322614781 -0.0139323978671816
-0.0210812038319534 0.011407311657145 0.0755172950251451 -0.000544621417791462
-0.0317935869950006 0.00068056988532649 0.0681430694179472 0.0475677182140296
-0.0337134517247035 -0.0104831077981671 0.0283531264405783 0.123050081855312
-0.0349463044645821 -0.0412584485880324 -0.0917665100538688 0.152725345428178
0.00825817662574461 -0.0576570730743642 -0.18373352231201 0.0688868477401402
0.0473842455708664 -0.0216341485003774 -0.137931263417253 -0.0787569273933874
0.0422035801315832 0.00316211793750398 0.0704332929099365 -0.0152909341582959
0.122964753066574 0.0822153694693678 -0.0483559898136298 0.0537156330687911
0.18755066922247 0.0750667441630694 -0.27868131817276 0.0765440150840678
0.141154874611968 -0.0270785077653087 -0.291918584343535 0.247476904835778
0.0451656442901739 -0.0895141553267717 -0.0944864741682095 0.2921988118012
-0.0172729197228547 -0.0581982320377061 0.089989868162802 0.175061325261462
-0.0368707612640318 -0.0229428219785062 0.120700557834843 0.0442819993301834
-0.0390603347375454 0.00802455580389544 0.0885952660018091 -0.00550397720270143
-0.0405628120589738 0.0174216317334192 0.0667111263840131 -0.0106465408068263
-0.0494464762688265 0.0179567756035717 0.0510528047438958 -0.000704627988632548
-0.0712888207834594 -0.0105749207746331 0.0353799475213924 0.044408959930352
-0.068380760165598 -0.0454471488988182 -0.00910695674859393 0.11150776321296
-0.0501079894272755 -0.102292490391575 -0.126039193066155 0.121281927201463
0.0406855073056204 -0.106371006142272 -0.194981755791084 0.0161849848347509
0.101324459426651 -0.0244087912231586 -0.120295923675967 -0.124568031958078
0.083120294889938 0.0163514861576295 0.0764166523125924 -0.0255677448614058
0.154898201073929 0.0809068901492223 -0.0905585493447257 0.037666694936901
0.235588323544719 0.0412730056117321 -0.263295524995046 0.151404119425791
0.169697952950592 -0.083912407504352 -0.159975482684284 0.332998969667676
0.0357954347658066 -0.146084456599996 0.0432375246447732 0.292755919481383
-0.0409758047657285 -0.0906659641923188 0.144850429759371 0.126582252356744
-0.0620078460578816 -0.0358670567164014 0.11802723847693 0.0167123847347839
-0.0608001338497005 0.0100853784628097 0.0706883087702851 -0.00493238971654074
-0.0560335682241793 0.0228221055417564 0.0440722443423915 -0.00639573480518628
-0.0665899989733836 0.0190824145706767 0.0127808715560336 0.00115148542726446
-0.0940674057205139 -0.0237769758308921 -0.0168959156241549 0.0368822218729658
-0.0872386658960234 -0.079214558878234 -0.0711418633611698 0.0824822764996437
-0.0499822694898323 -0.155462052020278 -0.175187175539421 0.0480872820670513
0.0801356575624738 -0.147988373977233 -0.195482132614037 -0.0856194030686975
0.159632112794798 -0.0279996098730309 -0.0710352696235589 -0.196046188115382
0.128080118011578 0.0332059774697837 0.0859195245124415 -0.040447100318305
0.148822501066448 0.058440266754172 -0.119859712766029 0.0343690788571444
0.219048096028018 0.000746384965162907 -0.178261357462299 0.217902541231861
0.150125814528829 -0.123508281537791 0.0212886039251834 0.319341665190803
0.00827021938977523 -0.177268116673396 0.169318648399273 0.1994947821527
-0.0678779980043094 -0.109485049656578 0.166283116585129 0.0415296505110776
-0.0835070396776727 -0.0425234369592257 0.0946202644419974 -0.0168955611051262
-0.0757702121094451 0.00966543548127004 0.0430988149990022 -0.00391860290062111
-0.0621198092257205 0.0228477993265113 0.0134605785848669 -0.000991626420372836
-0.0699019452629491 0.0158889568566562 -0.028930562983776 0.00334304984091664
-0.095667559543416 -0.0369225040765862 -0.0690399486669767 0.0215116665822957
-0.0823542181589328 -0.10342575863342 -0.127477895535115 0.0262687884559073
-0.0269951830453378 -0.187527936831594 -0.195124588221199 -0.0687579789113547
0.127084644628294 -0.166931802363521 -0.142817223334906 -0.21635019450527
0.216121045424882 -0.0197982013006872 0.0214850305624994 -0.260972609673408
0.169331105973103 0.0561815160768457 0.0935771769661963 -0.0548908157801486
0.117252190262266 0.035468777963312 -0.127479363387403 0.0359065244725589
0.168990263518255 -0.0163100168639806 -0.0598612719943764 0.229067078541837
0.111237122902371 -0.125691616614655 0.158977579685182 0.20859777610042
-0.0167758152563291 -0.171955485022805 0.217215921648195 0.0536973294877805
-0.0839012026316781 -0.105861658900675 0.134780581220474 -0.0496479519630893
-0.093473542353947 -0.0399803927737026 0.0483136211652214 -0.045367644230877
-0.0799396449365655 0.00739896294614885 0.00721204185219412 -0.00412434585679838
-0.0593696126056386 0.0193120794168225 -0.0197862873768702 0.00411368463989692
-0.0623525923337174 0.0110852919546897 -0.0634763122297186 0.00579040731511568
-0.080593464330735 -0.0417341155846165 -0.101853346342933 -0.00239379248036352
-0.0594531844671919 -0.108529049165517 -0.144250684000897 -0.0497783488791565
0.0145111606020897 -0.184373262452756 -0.140696644987353 -0.190731785722774
0.173857921190031 -0.14448556060063 -0.011257429498742 -0.314235733813965
0.25452836977811 0.0119053913609155 0.142317091685497 -0.277730441605726
0.190880349975015 0.0828512677275299 0.0905412788691357 -0.0685028953743321
0.0766329189244821 0.0210971911780626 -0.118569457233898 0.0328717843389008
0.11329187117688 -0.0137574796089491 0.0366055165354956 0.192136875906613
0.0723297322426583 -0.0992307072229679 0.216101830930745 0.0771097170918744
-0.0250653339581165 -0.133848706339227 0.194685999919177 -0.0711807177664582
-0.0781804075106658 -0.0827131262496485 0.0706241528039167 -0.112963660653361
-0.0844668142337192 -0.0316659747357609 -0.00873662931972891 -0.061767387885397
-0.070776115027688 0.00356755965284488 -0.0309469771392934 -0.00520380358996141
-0.0476221292878615 0.0133999104147108 -0.0495854199791842 0.00841413721571321
-0.0469549650415474 0.00642815406201689 -0.086479728232476 0.00671629334519379
-0.057647329593448 -0.0364336006971243 -0.11225793418904 -0.0275560436510606
-0.032731632838026 -0.0917703280034573 -0.114269330561864 -0.117004434181642
0.0513972535703421 -0.142297856432259 -0.0199334736408369 -0.256872196808561
0.187974417924881 -0.080645462722036 0.157279598251889 -0.314424450500569
0.242519665261855 0.0620218585400442 0.245190390299459 -0.230430857954659
0.172678965302488 0.0991995554005054 0.075381435031268 -0.0841961707147747
0.0369581438162747 0.0119771279226645 -0.107452176223134 0.0242609298027887
0.0599292641404047 -0.00635764369641996 0.087133851665197 0.146690479978055
0.0385355993193005 -0.0576868042725314 0.219658358851947 -0.0152774217970298
-0.0168658345721206 -0.0781142128417561 0.149908849763814 -0.143082936546819
-0.0506456034932927 -0.0501398787671782 0.0110492359959724 -0.14270571468596
-0.0556241178812202 -0.0210245474182506 -0.055526405571267 -0.0672779492489892
-0.0469810230347487 -0.00256211960345591 -0.0609745424393223 -0.00815485459649121
-0.0290084401695074 0.00521843067234948 -0.0706649440813797 0.00934929090208833
-0.0271052674951697 0.000987563954534634 -0.0989368265815451 0.00584722378128138
-0.0330570602412037 -0.0241981652160569 -0.108875619364486 -0.0478034720249115
-0.0140537511539287 -0.0604697635163128 -0.0662892879512511 -0.154823510110471
0.0567274725091456 -0.0786392932253342 0.0977839640723171 -0.250816416109675
0.139736574825823 -0.0135141062259654 0.278213676591466 -0.231484122977269
0.161468216500588 0.0818518654849082 0.298391143361257 -0.1535805507073
0.110563348951283 0.0807892242158308 0.0571130681831708 -0.0998288698549593
-0.0228764785951044 -0.0177637925462915 -0.0448922111090718 0.0659207650035975
-0.0405837807116259 -0.00898357933660455 -0.243130959175322 -0.0715278878470328
-0.0360766517596073 0.00103708990818076 -0.364711737581059 -0.0297858958138616
-0.0119846894524 0.0173548237915261 -0.274989315816653 0.130637040869221
0.000478179131118081 0.0147148969785995 -0.0479234117823045 0.184530244722727
0.00472866068342541 0.0104544919266135 0.0788561438736654 0.104621168112051
0.0110776722969198 0.00585623111742475 0.0956659428524025 0.0355604937372115
0.00818816627094342 0.00174306209751068 0.0796225818822001 0.0165309121526333
0.0112148745371082 0.00615720230550013 0.0711763470246172 0.0305782506738084
0.0099116293433566 0.0142858473853745 0.0412751738224157 0.0730131288238173
-0.00268862365318227 0.0252561137729314 -0.0297558543005905 0.125768295197521
-0.0210765284405874 0.0151955483884665 -0.15306194750985 0.0986601235854314
-0.0179939083465297 -0.0179509538227524 -0.204281719847408 -0.0150805945020133
0.00486628984316933 -0.0215097375501213 -0.0948812198690435 -0.131841656181665
0.00638956818249605 -0.00400053523604218 0.0773821789453434 0.0153246369202174
0.0297545831079812 0.0710300048385115 -0.0449525428154238 0.0599554386007971
0.0538389849423703 0.0954378419007429 -0.251191109669004 -0.0823609100096047
0.0602508406993686 0.036708589638942 -0.37653868919414 -0.0157676875961666
0.041489662144013 -0.0166172242062602 -0.27421029167972 0.146304915832984
0.00822860217608024 -0.0221226323037905 -0.043189761160074 0.191278403548053
-0.00860079686651737 -0.0131399784704903 0.0801484721932091 0.104458131896988
-0.0140160452253896 -0.00103040640706942 0.092662587126832 0.0347378224149799
-0.0199342227173226 0.00084489956629941 0.0771850971727835 0.016531541396819
-0.0238651446545617 0.00156796746903265 0.0662594714693753 0.0268543141716501
-0.0293134828846337 -0.0117828837206441 0.0388052119243786 0.0679833681959393
-0.0262238095334647 -0.0229189322140816 -0.0296012093362424 0.120277822556522
-0.0157375426202694 -0.049031892206607 -0.15282380471592 0.0939651863378923
0.0294034669081365 -0.0495529413683566 -0.199566050703988 -0.0226991934134312
0.0508634385532699 -0.00263682988784637 -0.0910518980615779 -0.139176489585488
0.0368650574449994 0.0210501954643468 0.076687837961319 0.0115665398244417
0.0779010157837104 0.13229386570784 -0.0668979628261486 0.0259643388106249
0.147310003187749 0.154486807601719 -0.294642705522411 -0.0609087432164601
0.149321895579821 0.0387445216898173 -0.383607440915212 0.0908730483660199
0.0830433921564848 -0.063847561979036 -0.221415593156413 0.225781442438247
0.0103031307282444 -0.0633080195928611 0.00271411945948525 0.201499369042625
-0.0243105903236942 -0.0378841845685174 0.0915983459548244 0.0941501712726272
-0.0386644320930205 -0.00787026998520116 0.0835029982227799 0.0320658383696475
-0.0444472618393961 0.000232777126813964 0.0644054841122295 0.0150489751522093
-0.0519452437053898 -0.00261505549415133 0.0439794945055766 0.0169913006672533
-0.0611422831683839 -0.036868851256154 0.0108200599212831 0.0502988484927965
-0.0447604213948772 -0.069307773414469 -0.0585971042046574 0.0920087867649999
-0.00616459994228826 -0.11098938672903 -0.169313838614153 0.0477461979323687
0.0796228639018329 -0.0814050912830887 -0.185139012883353 -0.0770742164154153
0.102275047217513 0.0170026038791056 -0.0532450671522712 -0.171843047207771
0.0696174363201185 0.0495490314197399 0.0864908836057523 0.00666329434983673
0.109295479718981 0.145180230455063 -0.10087695646883 -0.0085477396941359
0.207725554594066 0.141366281514344 -0.319728812470941 0.0162701143936829
0.199938276812709 -0.00442930828491493 -0.303733922055379 0.232484529182816
0.0959568210747791 -0.121064277027637 -0.0952739769639936 0.289733855619799
0.00129785304542952 -0.103327449911388 0.074583395195514 0.182274015256463
-0.0429525294261851 -0.0589295699023823 0.101208978959558 0.0686009568453023
-0.0595877524156927 -0.01433611642041 0.0674053242237003 0.0260637297552393
-0.0606133457379996 -0.000614076404134637 0.0428693641796208 0.0106521865607411
-0.0679847133886112 -0.00829651628908074 0.00884715683341744 0.0036980399799326
-0.0770810620748979 -0.0581076445096198 -0.0330887076883877 0.0221460885119481
-0.048005755524844 -0.108083998002185 -0.102222911653531 0.0380502372417333
0.0140430645780476 -0.160110690594949 -0.179511446324348 -0.0423421902876435
0.133965807326376 -0.103514684460553 -0.137220668673042 -0.171020368883756
0.158689141710198 0.0373331455684911 0.0263150474890405 -0.214326574707055
0.104464923288379 0.0841854355607007 0.10213273172668 -0.000262441800418947
0.113981262456254 0.120751479863031 -0.129007025544101 -0.0243895122867174
0.209884113124998 0.0928335449540061 -0.272296681922534 0.118993247990315
0.194906921548889 -0.0532671405561754 -0.132600541636775 0.305023581389535
0.0808237006608723 -0.161214382143081 0.0623573612813731 0.262041984778589
-0.0171511019347638 -0.130391345659707 0.132198359843755 0.114707974734537
-0.0599756860242149 -0.0732897653627506 0.094789747448179 0.0294801649850776
-0.0736054804235061 -0.0198661104228482 0.0420902830913129 0.0164072555307226
-0.0665122876147727 -0.00280378581591685 0.0132532519276455 0.00438239819775658
-0.070046000517224 -0.0119017546655569 -0.0295069585121172 -0.010469232805786
-0.0741681142012007 -0.0702558851570844 -0.0729186458586403 -0.012773673374003
-0.0352409210883893 -0.129105279460202 -0.127339076217261 -0.0373741392354693
0.0481799733839649 -0.181219738240415 -0.143025495717351 -0.157216431463023
0.186708217875847 -0.101513642642654 -0.0279521695295741 -0.266188422237291
0.210151168973976 0.0682688452263791 0.14160080086266 -0.229809860616018
0.133558813302781 0.123680527796593 0.114465066472885 -0.00808364789293744
0.0945394346108815 0.0843102662526098 -0.138023863295159 -0.0235626236905697
0.168070626140641 0.0531152963941083 -0.166290032970693 0.185976733452263
0.155928423614693 -0.072874354872969 0.0462239496727838 0.265957287700887
0.0534852785595605 -0.165305222825141 0.172070000833895 0.150182924274686
-0.0339563376448445 -0.132513288603662 0.143748322798652 0.0190448289180164
-0.069541556156475 -0.0742945258785525 0.0653970165770673 -0.0156709104992144
-0.076455603538879 -0.023861686790309 0.0100304547060617 0.00194896826734062
-0.0626032416481768 -0.00485425548503641 -0.0186644505240898 -0.00370135158853929
-0.0613597822230467 -0.0130650811351817 -0.0613625050413896 -0.0216125900108439
-0.0590985605305025 -0.0685403978403424 -0.092152707849212 -0.0474874044817688
-0.0122087056467071 -0.124538747145098 -0.107652585518009 -0.112622064350762
0.085358574887453 -0.163753223697589 -0.036402064119595 -0.242348620812096
0.222732966132866 -0.0608186294156495 0.138435564372298 -0.292786030097145
0.23453345650502 0.116671925871293 0.258962893581799 -0.18729082931678
0.141652868971617 0.158714805141842 0.116724587092727 -0.0203857369263015
0.063631734357153 0.0526844416992904 -0.129408577562759 -0.0198185989480613
0.113265875325818 0.0304708271019539 -0.0582532516272042 0.197126130214775
0.106035936729956 -0.0639443161952676 0.160092431226442 0.170509819871412
0.0288839859105096 -0.133340903819727 0.20785666388769 0.0234387383356062
-0.0389203405392139 -0.107882252744894 0.113276105620279 -0.0670130456438068
-0.0648339344901241 -0.0619892507573376 0.020869852636473 -0.0552881016861463
-0.0667337849516366 -0.0239807687851782 -0.0240529572827373 -0.0156452203209515
-0.0497596471603832 -0.00605660637899455 -0.047448630998183 -0.0110444715950306
-0.0457516902238718 -0.0111456293322654 -0.0826019961809868 -0.0288702138065826
-0.0403028702055603 -0.0555484564972767 -0.0903087159666664 -0.0735035131844044
0.00541615847399882 -0.0988045297052667 -0.0503003148855731 -0.159405045653463
0.103701478735797 -0.112198594775087 0.104282662197182 -0.245004201312133
0.210907005521036 0.00556479592036598 0.292064313705831 -0.213844897417053
0.203525226848438 0.158990597505014 0.32937092793757 -0.0957889019979917
0.117715527897728 0.166400452764088 0.108679415479157 -0.0420575405959821
0.0309547295007067 0.0272415548274274 -0.115351839615116 -0.0204300176524361
0.059680640626769 0.0157557158290494 0.0132228545801059 0.180042566054028
0.0562012704848631 -0.0390934144429741 0.207026901626633 0.0857786003447277
0.0137426014299038 -0.0777288348776976 0.200559116950147 -0.0634376146775818
-0.0270412034819079 -0.0656400861306864 0.0730645069657257 -0.12177257562803
-0.0431141547921831 -0.0404282044512975 -0.0196476816012846 -0.0814512176361465
-0.0430097412847577 -0.020346042419765 -0.0500682424909241 -0.0307978367596261
-0.0295913784013214 -0.00655737648568897 -0.0673172981327037 -0.0181947384590226
-0.0258167587970982 -0.00873253950295075 -0.093083456441948 -0.0338685125224539
-0.0226731368138761 -0.0346811902786471 -0.0789685883975792 -0.0892095412265878
0.0102507926312663 -0.0626205398817914 0.00950675387693025 -0.17154770726554
0.0844461931075236 -0.0523637688861599 0.206186686846589 -0.182369064160214
0.138296900691162 0.0471321550511502 0.362839494640617 -0.0817424142025524
0.118967082239935 0.144909214749358 0.341297313689323 -0.00146490360598032
0.0677505144084168 0.122808718311873 0.0986549631123838 -0.0654428645807045
-0.0251553306331273 -0.0158049144154187 -0.0377019436690724 0.0698923318159716
-0.0409734562833723 -0.00591430734060792 -0.240101470467366 -0.0578141286193512
-0.0351314709009479 0.00445663485445257 -0.359117814236079 -0.00966874251040347
-0.0104483323680501 0.0179239001035659 -0.263502279193645 0.142496747936779
0.00191605912078625 0.0145152339225128 -0.0367771491237982 0.184263635053962
0.00611549342126601 0.00883841806079384 0.0854689874956712 0.0961773533942849
0.011243787081934 0.0034828971525719 0.0958620622852612 0.024850137254805
0.00783250169640213 0.000930144499995384 0.0773516441778219 0.00613187534336257
0.0108102690934855 0.00432849112172251 0.067994114201063 0.0210354616154959
0.0103284347857449 0.0128636312487248 0.0424548921541057 0.0643718050613711
-0.000551751586649539 0.0246144249282385 -0.0230727924602577 0.122233210704931
-0.0192183173827159 0.0164775736671128 -0.146134878750149 0.104331296295823
-0.0186699962846097 -0.0160647896517188 -0.201559337205479 -0.00315439315851065
0.00292620801043283 -0.021716111777303 -0.101383348391212 -0.127576721588423
0.00570819832912257 -0.00349992011786374 0.0806876025625385 0.000251762757495332
0.0332646918479936 0.0684353702472726 -0.0389238271385977 0.0638728644729089
0.0603131694472629 0.0908840949529502 -0.249680991590332 -0.0678025534442552
0.0620799269570198 0.032879545544973 -0.370150171359137 0.00448209067845979
0.0391871673641584 -0.0195709323406566 -0.261008560167344 0.158272920447554
0.00634282173318199 -0.0227830538429511 -0.0312047515060175 0.189350096036065
-0.0095006860773985 -0.0130957028357072 0.0873815609255977 0.095281000414108
-0.0137635874689139 -4.07315481241559E-05 0.0930612033232447 0.0242891866903387
-0.0188679910161349 0.00346010528976066 0.0747870567732191 0.00655946486051267
-0.0223792907743144 0.00400572558976138 0.0627432535068329 0.0176082049687566
-0.0291866888655019 -0.00823870975299232 0.0393626172559019 0.0594401454594627
-0.0276861981876371 -0.0194638173982687 -0.0236525140194318 0.116570293335827
-0.0200589789621599 -0.0460643125579859 -0.145807388265992 0.099422463916219
0.0237478888336694 -0.0511492868957601 -0.198573537723333 -0.0108681428944053
0.049449857862835 -0.00715546698662146 -0.0982838373868737 -0.134728672084466
0.0379591212398511 0.0177674779596744 0.0795690587074535 -0.00224905040176737
0.0848118938367622 0.124921658142333 -0.0638981061322598 0.0314485223789591
0.157128157759061 0.141455143497242 -0.2932962930595 -0.0439371824986427
0.150426053989063 0.02838077795929 -0.370755291439612 0.112079794246081
0.0762067617541297 -0.06890631187928 -0.204476414196151 0.234685255190605
0.0045984038885166 -0.0624827724900159 0.0158852610092864 0.196666985857758
-0.0274932947531772 -0.0344101609584936 0.0973288918614456 0.0840605269221077
-0.037985013406643 -0.0032636836917092 0.0842161196850163 0.0230321272014923
-0.0425827619595498 0.0057933658259887 0.0628923568662791 0.00640604554134111
-0.0496870831012506 0.00259300989044592 0.040393449685539 0.0103856425118935
-0.0620668832584976 -0.0295253236160981 0.0105298779279949 0.0450021786601908
-0.0494612886342031 -0.0630440666342525 -0.0538794132799763 0.090874955898836
-0.0165679419696356 -0.106778120890299 -0.164633109231489 0.0551626494761798
0.0695160527434919 -0.0861753104655508 -0.187355348977866 -0.0658072816632666
0.101716560744111 0.00663314019936832 -0.0624734495439742 -0.170014144722321
0.072444791937098 0.0428661963668555 0.0893395221938416 -0.00690876037739919
0.117044783519873 0.135314318422647 -0.101700521161867 -0.000799258923780695
0.216138605618273 0.122760654786678 -0.316425600341797 0.0352601480900851
0.194812470966814 -0.0185834256300808 -0.285329038032955 0.249057688407997
0.0834331150842277 -0.125018997858936 -0.0756340691852598 0.292483700165801
-0.00837100576364954 -0.100030072902624 0.0867039826817432 0.174270407182591
-0.0471659317858147 -0.0530825739061831 0.104683434919742 0.0587863731425129
-0.0583745155025023 -0.00674629543323663 0.0683687328179833 0.0194538905730489
-0.0574022884709195 0.00675027881364597 0.0419442817212009 0.00489402847240624
-0.064957684033761 -3.18220281419117E-05 0.00558884249280684 0.00078617231893061
-0.0791111652153113 -0.0482635340715833 -0.0337968072512104 0.0213390836390969
-0.0564416187032218 -0.100528463473703 -0.0998493362620724 0.0411607104821874
-0.00131040953642338 -0.156149063843034 -0.180221426055903 -0.0328715929942941
0.119966523950148 -0.112604019766308 -0.147110363276785 -0.162273012825885
0.158556961479372 0.0216140368949876 0.0132403735930329 -0.216427825335973
0.108861034955015 0.0740149709251734 0.104384902376464 -0.0126012546188132
0.120015174476017 0.109748020148799 -0.132102188049069 -0.013692525768291
0.213913841611759 0.0730540289485605 -0.265365343534089 0.135507534567746
0.185437735428849 -0.0663973741844241 -0.11175025073628 0.311527998696166
0.0645406709678498 -0.162862840875096 0.0781137284915498 0.256223477859373
-0.0282040357726233 -0.124383675667921 0.140146902857154 0.104637191109666
-0.0645634749340778 -0.0641673157926034 0.0959896262630553 0.0218673339532608
-0.0717187988585442 -0.0108468226875863 0.0435153242971836 0.0128164112888783
-0.0631866136858619 0.00537301290432794 0.014076438800938 0.00193173506957927
-0.0674174047554175 -0.00371854575505696 -0.0318792225813474 -0.00837846398684954
-0.0779298827272699 -0.059432644042622 -0.0743373208975423 -0.00913707216186708
-0.0456932934000316 -0.121671151206879 -0.128589601096358 -0.0299022818607601
0.0305195978058339 -0.179533380235008 -0.151159333626949 -0.148249830159298
0.172706295714838 -0.115052279724162 -0.0444877449590223 -0.263272340818696
0.212336750245415 0.0493302993010558 0.126460453220592 -0.238707398482859
0.140715127015384 0.111099601958581 0.11595427184114 -0.019252368926653
0.0984330080820842 0.0745331318974578 -0.141899255978466 -0.0104252833206181
0.169349437493832 0.0360567555412445 -0.156178729912416 0.197270304386831
0.144446885520992 -0.0825774372437564 0.0617345979466782 0.262936910914596
0.0364416886446946 -0.164028869717354 0.179571694242523 0.139879572144325
-0.0450378663518976 -0.124559067708816 0.145888569212063 0.0105719405819825
-0.0735752735380313 -0.0639505825878885 0.0645094654213599 -0.0185829753834076
-0.0745405683792274 -0.01410691102078 0.0117367137502367 0.00212243365886933
-0.0594519846726411 0.0024604859352303 -0.0176069736030241 -0.00223763685378434
-0.0594139629112921 -0.00512970621742436 -0.0624268747275646 -0.0160177795070522
-0.0636806626365167 -0.0598967784940782 -0.0940317799849413 -0.0400677777812477
-0.0235317807319561 -0.119717319389972 -0.113284175592608 -0.104625608965833
0.0685442734117181 -0.165463966970855 -0.0498931500339011 -0.237541332428121
0.212576818009977 -0.0770586840006924 0.117544345975761 -0.299438987697551
0.240852232682221 0.0954334902276698 0.243997536979841 -0.20283595222012
0.151555508821543 0.145877142038843 0.116720038228261 -0.0307917542334773
0.0657531868000151 0.0451145685698368 -0.133521224191663 -0.00520000434163969
0.113265517082038 0.0182375480049435 -0.0468255964475879 0.202795702686995
0.0964755795850679 -0.0698990359898627 0.168143460255743 0.160222041251221
0.0159815538203128 -0.130735064246977 0.206571704785508 0.0130423993272575
-0.0468548345288833 -0.100444360780286 0.110500476717596 -0.0715850510631229
-0.0675929880999138 -0.0528039366133292 0.0180017031768744 -0.0529939174056751
-0.065472076683665 -0.0149915768132885 -0.0220985065588028 -0.0107150235435997
-0.047599951465423 8.18621574779144E-05 -0.0457328794059564 -0.00605018739600521
-0.0446475453472648 -0.0052021725711216 -0.0828119377890554 -0.0206342457412744
-0.0445574103734312 -0.048696671819779 -0.0937296876734174 -0.0652401437331581
-0.00394239572865345 -0.0964894475601034 -0.0585497026288203 -0.153661775732649
0.0916941569828359 -0.117650939007965 0.0897188978075818 -0.246809465191094
0.20680986796405 -0.0106830306477755 0.273261646555058 -0.229126498420114
0.212849073834013 0.141105289970835 0.31693865364895 -0.114623014212631
0.129131627822188 0.155953081932667 0.105703459577665 -0.0505863310329767
0.0320474017526177 0.0229330658614176 -0.119206884783925 -0.00562260803040235
0.0595625487127492 0.00931119753282377 0.024269409463514 0.181604717015645
0.0504293746170418 -0.0418288989524211 0.209001968275945 0.0723049973745471
0.00627089545406758 -0.0762056738760933 0.193036045952435 -0.0730104643030486
-0.0319715302841738 -0.0606319556447545 0.0666386642884382 -0.1217145251065
-0.0449117165263636 -0.0337818415458593 -0.0228890971309888 -0.0748869667947675
-0.0427130746025839 -0.0141779677225328 -0.048444037194693 -0.0238467496826539
-0.0287110126092252 -0.00273925529906323 -0.0653390953747658 -0.0102074828270385
-0.026086945435672 -0.00523502904864603 -0.0932199041295186 -0.0239473416875304
-0.0257430290530025 -0.0308837249795028 -0.0840625740413016 -0.0807636705524693
0.00418187076479105 -0.061885538931666 -0.000712777202655847 -0.169584013862161
0.0780057966334349 -0.0579641443110307 0.19387956957673 -0.191001122395583
0.138997742281136 0.0359078820153788 0.350155956727122 -0.101468733930496
0.128569473963686 0.134806807064186 0.33303364761833 -0.0235660859460419
0.0766343905173954 0.116698793913756 0.0936263884275865 -0.0728702319029126
-0.0270816317323071 -0.0137241505480776 -0.031586901470476 0.0707395341859943
-0.0407171139421924 -0.00311747516189873 -0.231198797674913 -0.0499252018810751
-0.0341079324556964 0.00629982856330342 -0.347036456242067 -0.00216256639015559
-0.00944651618849491 0.0179246026885865 -0.25132976054501 0.144055620275932
0.00273196464767585 0.0137086798296009 -0.0309843417772011 0.178459139640985
0.00640495897762974 0.00698512087695969 0.0870480641471373 0.0872465001669605
0.0105621628816061 0.00127245488419585 0.0933806310002147 0.0163958563793785
0.00685416760093071 6.68883597369769E-05 0.0727233721790482 -0.00163763191125288
0.00998009508969174 0.00290406236849603 0.0622659735848014 0.0135737209045081
0.0103456056220034 0.0114921870768886 0.0401074262788795 0.0567027165728234
0.00115039676292713 0.0236249718569236 -0.0198045531886123 0.115785993641107
-0.0168971374352077 0.0164047407039544 -0.139320489034726 0.104288484738663
-0.0186606549979434 -0.0148223925124963 -0.195357089435772 0.00256551826432422
0.0015221867214574 -0.0210754406968359 -0.102685001577166 -0.123448314409863
0.00500470300721174 -0.00263250777447633 0.0806993646659995 -0.0118802663972837
0.0336466806596531 0.0658314278660837 -0.0339045380245621 0.0647076958033719
0.0623006679210958 0.0859179001520663 -0.24204395833189 -0.0589032969049432
0.0619219747772215 0.030417924578397 -0.356755184171383 0.0143392331644591
0.03672679142575 -0.0200409194662947 -0.247952368845184 0.159299980684906
0.00455429413777147 -0.0219970342146035 -0.0243607322598765 0.183882134493054
-0.01041753799581 -0.0123181795595619 0.0887720623360288 0.0869071303423306
-0.0131742591811362 0.000657962400090179 0.0897171511701913 0.0163974105674072
-0.0175392803047343 0.00484501124067684 0.0699693475875561 -0.000781414444986381
-0.0205810990885213 0.00519742888142668 0.0564798409841164 0.0108398431181614
-0.028344210553872 -0.00566653278879788 0.036793936631638 0.0518200131983012
-0.0275895937511399 -0.0169047801033604 -0.020858606376916 0.110299459914381
-0.0219429032454171 -0.0426820820938866 -0.139469437744615 0.0992996634293487
0.019122064805208 -0.0507578647389037 -0.192272748831885 -0.00526067298059921
0.0466855484223396 -0.0108044791667221 -0.100039434514108 -0.130514406236058
0.0374678352315604 0.0147033287766723 0.0795231818331082 -0.0138631557583256
0.0866429871429507 0.119114265953468 -0.0611088705317237 0.0340709628215346
0.159309788249107 0.130157687969971 -0.285726298543807 -0.0343017346372596
0.146646621858244 0.0218509252361134 -0.355118368867299 0.119561431484949
0.0695889615245772 -0.0693317047963633 -0.190518098970438 0.23288060411205
0.000572511937834976 -0.0598069747334817 0.0230380206048109 0.189231570144996
-0.0292388835358443 -0.0312934702526845 0.0980166686816353 0.0754869453217623
-0.0365828869759728 -6.66769022395902E-05 0.0815995047375894 0.0161911433705576
-0.038723802155718 0.00942336190491169 0.0594986002870406 -6.68120628626928E-05
-0.0458967882782361 0.00594858802077393 0.035227670234445 0.00607060286312365
-0.0603559811924572 -0.0230749438866531 0.00851407764029461 0.039365721462537
-0.050586299280782 -0.0567666567487862 -0.0514730821784229 0.0869565433037191
-0.022822891304048 -0.100341585750449 -0.159863764522558 0.056829211606295
0.0604028993209992 -0.0865539585086106 -0.184606147570133 -0.0594032743436225
0.097727867278095 -0.000723799341355408 -0.0665971116999447 -0.166422349144227
0.0720988875454445 0.0364821295316248 0.0892582502232315 -0.0170782264053367
0.11875052888529 0.127188985963595 -0.100024912734866 0.00499470621480552
0.21596585387841 0.107690042253186 -0.308412242008484 0.0445979883202444
0.187188507122606 -0.0269427051836525 -0.268209311951601 0.252998660663233
0.0726243706871055 -0.12333731488104 -0.0636280381056712 0.286234261599189
-0.0144211095744336 -0.0944906466099508 0.09178150313334 0.164871053184151
-0.0487346148019257 -0.0463540957181615 0.104248036849082 0.0513053058730593
-0.0553689156074629 -0.00134523936048253 0.0662384339010959 0.0148105050516631
-0.0524577584509882 0.0117759784694009 0.03963168795952 0.000491577486558243
-0.0606072200176453 0.00475070610317526 0.00230793792898163 -0.000352316937221818
-0.0774362702797363 -0.0397248732060764 -0.034894477898599 0.0195438388817074
-0.0596380488409015 -0.0916461147273609 -0.097201156520665 0.0416179520954702
-0.0109248414633262 -0.147908141971185 -0.177129687548857 -0.0277773709228616
0.107060728963909 -0.114817592045883 -0.148484360089346 -0.154473741130697
0.154303627613488 0.0106743318905633 0.00571098777367807 -0.214576900751972
0.10937973259256 0.0650327442975013 0.104112379535718 -0.0220916858901224
0.120964499089717 0.101374009076802 -0.131544426990329 -0.00519993139955794
0.211174602898013 0.0584180112044433 -0.256500597025941 0.143021601035544
0.174256105820815 -0.0724632034345315 -0.0990164379272626 0.308884210163457
0.0512463749557657 -0.157964056971487 0.085060227121115 0.248386344533125
-0.0349042393379074 -0.116147068366439 0.141681162284635 0.0958200017684208
-0.0653412365746952 -0.0556095262681145 0.0947535996603083 0.0170965909705555
-0.067500450782655 -0.00355114503791775 0.0431835122229032 0.0105176338382954
-0.057799171037789 0.0108204107790628 0.0135768010658048 8.86800243376134E-05
-0.0630740398947035 0.00234293364846432 -0.0329431083575466 -0.00714449088571956
-0.0772411736971948 -0.0507326148879906 -0.0738385382859725 -0.00706652514680624
-0.0509880691403201 -0.112674278087856 -0.126810192517202 -0.0263860943247081
0.0176341391615976 -0.172299165180409 -0.152032393378648 -0.140833976593015
0.158057163860087 -0.119267938737584 -0.0531505730674122 -0.255873415918184
0.208853882488301 0.0347796202401514 0.115143117157918 -0.23956065978974
0.142473264226902 0.100151553199982 0.115118940164122 -0.0274676834873581
0.0981688314560744 0.0665995408089963 -0.141655904606777 -2.53553594483025E-05
0.165505982652321 0.0242526783295894 -0.148216125568231 0.200642444335191
0.133403564569784 -0.0858927937790421 0.0679213435915405 0.255486088040274
0.0244714150509482 -0.157657313535138 0.17964353672206 0.13150444443121
-0.0503370967146039 -0.115294462812282 0.144415629741192 0.00552878906439189
-0.0730284475782577 -0.0547351381032893 0.0631909374698811 -0.0191874522063464
-0.0703934387963226 -0.00662638811499956 0.0128123353999351 0.00341943582587786
-0.054570740968856 0.00806248888403058 -0.0156537997135172 -0.0013528819807789
-0.0555862245883619 0.000775588147869532 -0.0619547930020245 -0.011849952803052
-0.0641811130858746 -0.0513365394249538 -0.0933950466707343 -0.0351954884545809
-0.0302719495526088 -0.112159239455398 -0.112847938879153 -0.0977951222482314
0.0556277285963762 -0.161191681949778 -0.0554512846587761 -0.229743476895992
0.199767233431882 -0.0851503870096343 0.102940193949013 -0.294925961764359
0.238912175114546 0.0792939988020596 0.229234425375505 -0.207188907842714
0.154431336424754 0.133914951531785 0.114705489922305 -0.0370652450860026
0.0648029682519672 0.0391454690444031 -0.133198939170059 0.00560797481866043
0.109591117709111 0.0100038680484962 -0.0402138215135742 0.203091171498083
0.0872356646795027 -0.0712885575079125 0.167711075085425 0.151805088690564
0.00682538012893826 -0.12493782039097 0.201070995414701 0.00822516093830356
-0.0506769228244289 -0.092209338770766 0.106959374025006 -0.0714009950323134
-0.0666295948729472 -0.0444603361195095 0.0177125889387971 -0.0488194259794053
-0.0617029810570223 -0.00860344945872878 -0.0194442968257069 -0.00733353261817764
-0.0439588280618737 0.00428664362163683 -0.042221890726686 -0.00283854362119836
-0.0423989564821054 -0.000201760350973765 -0.0803819331695058 -0.0146031187944826
-0.0465000109802452 -0.0427079024483913 -0.0935262405863592 -0.0580719232672317
-0.0102964667422357 -0.0916305455502092 -0.0617408888481173 -0.146553569912472
0.0813048352357732 -0.116904038709457 0.0796554888642415 -0.242652050788276
0.198638743184055 -0.0203446610355005 0.255667800988451 -0.230438787086529
0.215075505436157 0.126711543521185 0.301734309157327 -0.123411341065205
0.132732464439403 0.1458952443801 0.10257928328539 -0.0554433342509362
0.0311469170132691 0.0196328185239244 -0.118695949914343 0.00682170140914053
0.0574315603910847 0.00421852278287188 0.0300926586393796 0.179977160259708
0.0450381503226247 -0.0417788382667 0.204295472757877 0.0642021955465889
0.00160804885129933 -0.0730304939763593 0.184205740551141 -0.0752782465195999
-0.0336849047115735 -0.055712915263313 0.0621788035580845 -0.117798278663171
-0.0437670239631066 -0.0283804752432193 -0.0227538446691813 -0.0669392237280768
-0.040673765666508 -0.00973020716711035 -0.0450549720181447 -0.0179652853407217
-0.0269905996076123 0.000180575185207297 -0.0609061030784088 -0.00499762975282571
-0.0249356703979477 -0.00216061962020588 -0.0900930858227916 -0.0161926103091798
-0.0271105952089762 -0.0274350139630526 -0.084919319237048 -0.0729531590458981
-0.000222404676837219 -0.0589559304568586 -0.00660616750827697 -0.163230738644936
0.071634460686331 -0.0591514497022508 0.182903919427147 -0.190325109041035
0.135413843720727 0.0279319565829326 0.333991900967876 -0.107629921050229
0.131967529816465 0.124926359950818 0.318059503556912 -0.0347979944257927
0.0795236274550841 0.110920807217706 0.0886615943104351 -0.0762975388734748
-0.0280005443096732 -0.0121685281726958 -0.0284898441505314 0.0707701419049345
-0.0403650771482641 -0.00150705669873702 -0.224613591805705 -0.0477312542911976
-0.0328650537488735 0.00752491252146154 -0.338690312892313 -0.0010467856655241
-0.00883718820437781 0.0180438916322043 -0.245649031317898 0.141229655158969
0.00319304730413593 0.0137993739748381 -0.0289612346608548 0.174541950947073
0.00638614241682242 0.00583862932178096 0.0869887255948118 0.0818089282973854
0.00935488529709429 -2.55533053079631E-05 0.0906726255811944 0.0108314074387799
0.00627868527510089 -0.000439682009872806 0.0677907482505391 -0.00682703363800856
0.00893975960015351 0.00175739309764024 0.0567118427921772 0.00859486790532428
0.00993307197042158 0.0107441570322526 0.0361816623590622 0.0502350124827211
0.00232926122774019 0.0227761439230456 -0.019579668667243 0.110088111741039
-0.0155235257927346 0.0158305849188745 -0.136779625440809 0.102483523104687
-0.0185399106151583 -0.0140515326988583 -0.19109818506026 0.00345260770428766
0.000691804110262643 -0.020514751248968 -0.103071649595257 -0.123135224213503
0.00529118660165471 -0.00181827619902382 0.0811666682766061 -0.0224495739973225
0.0337522474973726 0.0653851745721263 -0.0311956080001495 0.0652111316586286
0.0632043712008425 0.0833296565219783 -0.234939341064532 -0.0564526145485474
0.0619866640303588 0.0293417585124496 -0.346558130345743 0.0148552585490946
0.0352953965201969 -0.0195966331844414 -0.24232235783607 0.156080051717829
0.00381571694511115 -0.0215630228172948 -0.0217043961623326 0.179163590565439
-0.011043661919197 -0.012011435212589 0.0887741088583648 0.080626220634189
-0.0131038858501049 0.00135010598341556 0.0873001866148101 0.0112703134677378
-0.0164030674192683 0.00630076275033009 0.0655661109720762 -0.00593034250937097
-0.0194594407330882 0.00598861063738346 0.0507476009319402 0.00701961754917458
-0.0270516366737961 -0.00394306940601548 0.0329055130324756 0.0460970545077511
-0.0265292880886976 -0.0148608144527725 -0.0208768929659183 0.104530952682989
-0.0234980096574879 -0.0399125217071335 -0.136492167994804 0.0973660877364996
0.015486412817354 -0.0500244292129466 -0.188369514292356 -0.00424448010033617
0.0444783219167306 -0.0129156306827387 -0.100344390178187 -0.129851756128905
0.0372232041249379 0.0126753140765096 0.0801448971627103 -0.0237622738192815
0.087519114979505 0.116759461476035 -0.0589803216221533 0.0355620798527772
0.159991233563197 0.123854033798191 -0.279702971344186 -0.0310240870168057
0.144309152136403 0.0191089586630728 -0.344902658162704 0.120484785438882
0.0655217555835426 -0.0684847890838483 -0.184606053688778 0.228936622887345
-0.00182981953983464 -0.0576480744366262 0.025492026827749 0.183296488753176
-0.0302084750150952 -0.0285807090762854 0.0973652250981365 0.0695092376409057
-0.0347011417222418 0.0026470599766715 0.0789898563926599 0.0118554092405721
-0.035555850031009 0.0118573341743256 0.055558569632919 -0.00434193394920831
-0.0427216969358454 0.00868162597213236 0.0302605469755932 0.00394325279649848
-0.0578536588644654 -0.0190940776516706 0.00517137796979954 0.0351062606431849
-0.050954881352994 -0.0521670155471782 -0.0517065852232015 0.0829374174281415
-0.0268811440753671 -0.0951125003884916 -0.156777196738799 0.0557139830756355
0.0531362662186703 -0.0862370787452991 -0.181705058638088 -0.0572404707799669
0.0947332342179912 -0.00575335453171555 -0.0674819029906664 -0.165983041110094
0.071671235817053 0.0321259757438834 0.0900990149385735 -0.0257733146343097
0.119443929775091 0.122956063504888 -0.0995850876641049 0.00801583026269225
0.215354316363788 0.0988621663613104 -0.303526599155874 0.0483329792802585
0.181758679643634 -0.0302235979425396 -0.259675076661616 0.252514820835121
0.0660176027581608 -0.120653172374819 -0.058631136004924 0.281959419725623
-0.0173385069876574 -0.0896549099231077 0.0933983934457878 0.157959065575085
-0.0493034441757619 -0.041600056938186 0.103325069817474 0.0461320592655286
-0.0525190592249158 0.00305730977275841 0.0645958089795148 0.0118243156698898
-0.0479410698951713 0.015188928607329 0.0377901498126579 -0.00237896253693104
-0.0559819511226341 0.00867337026978647 -0.000762163329926843 -0.00124218606114279
-0.0751423160037199 -0.0337932383451861 -0.0368313146916593 0.0174941251172869
-0.0615094523793005 -0.0851969841684875 -0.0969411064361089 0.0397563625812198
-0.0175835392600153 -0.141293479875976 -0.175497667457595 -0.0267831335586495
0.0977905565827597 -0.114819963981166 -0.147946872462896 -0.152023142131725
0.150543667659961 0.00323284368114963 0.0033753396859956 -0.214163033407455
0.109162162533586 0.0588321721489357 0.105390081522904 -0.0297578413433279
0.120690408839999 0.0965954387791803 -0.131590791174264 -0.000627182847546493
0.208214663815148 0.0487440803546584 -0.253069007851206 0.14620314978541
0.166427381320786 -0.0748043083806577 -0.0934136279758981 0.307011960093868
0.0432314155364201 -0.152941371997721 0.0872026031861119 0.244400417082732
-0.0383911167588387 -0.109305734277486 0.142860522078046 0.0912300416011606
-0.0650152101542903 -0.0489983893669126 0.0935764737592258 0.0144287911404082
-0.0635409813409614 0.00136549824806251 0.0430858696223797 0.010120986219258
-0.0529412091242191 0.0147348420274873 0.0128950462524019 -0.0018054252571248
-0.0586750158134836 0.00652906395724169 -0.0341735620067454 -0.00569497545576233
-0.0758978772833382 -0.0438600449900436 -0.073937311020311 -0.00696639691726072
-0.0538659736742402 -0.105820377120089 -0.125554306998747 -0.0251414541161701
0.00998677333432006 -0.165935606170453 -0.151616515938312 -0.137878560885867
0.148343043647147 -0.121079397635458 -0.0558853885270302 -0.251604360877642
0.205331719888924 0.0250894265930593 0.109631769803602 -0.238941612510863
0.142732159512427 0.0930540183530608 0.115964812072578 -0.0335766132965468
0.0970940607708451 0.0623910653524671 -0.141814403169263 0.00663320791308048
0.161547702309536 0.0162740695506327 -0.145473423213475 0.202768208608795
0.124862086915971 -0.087303497807896 0.0701314550965823 0.254162593642212
0.0168139108850563 -0.15152022632972 0.178266835493969 0.130075565028714
-0.052795549907029 -0.107569502664984 0.144611426665986 0.00328107927671763
-0.0719318395057164 -0.047970250606321 0.0634646071579663 -0.0187110058969104
-0.0658668836882872 -0.00152204073460632 0.0146767960047059 0.00401122910632418
-0.0503966692562713 0.0117434755715953 -0.0141588490057034 -0.000849455095851339
-0.0521470940020928 0.00487302369267599 -0.0613892439139687 -0.00931328127419421
-0.064033709547963 -0.045403538543573 -0.0923421644150179 -0.0322998243482051
-0.0344770524432229 -0.106489603747848 -0.112259001210091 -0.0944676184417093
0.0475422215419444 -0.156939296057558 -0.056664299021503 -0.225451286604095
0.191019954715978 -0.089315011822156 0.0966075581625623 -0.291082238717364
0.237146935751882 0.0696286489309114 0.222482889621241 -0.207958813540674
0.155613551422001 0.127248586663507 0.114583637989537 -0.0415169946602396
0.063324163539938 0.0356454977109875 -0.133655332832833 0.0145978472183047
0.106352268138353 0.00421499806812614 -0.0372954275773352 0.20403250147489
0.0805785805746336 -0.0714325112803985 0.165687320001146 0.149928136512347
0.0008701077941499 -0.119967333571899 0.197829139071369 0.00849465379153361
-0.0524806599267993 -0.0859508136722872 0.106449024975172 -0.0704598310513264
-0.0644223510005209 -0.0387845075782587 0.0192592233514984 -0.0450885043937162
-0.0581329122917697 -0.00392100991451997 -0.0163642353090681 -0.00459958951098778
-0.0405953369835334 0.00805646479044517 -0.0392194111991354 -0.000876102290568042
-0.0400708102363721 0.00330666577080861 -0.0784142988926968 -0.0103844307237617
-0.0470488541318859 -0.0379404065779478 -0.0923598268992958 -0.0532932400760509
-0.0143517610867332 -0.0877211993141007 -0.0620616224190366 -0.142246856394673
0.074546119996601 -0.115314411186088 0.0760708386589539 -0.239288755329513
0.192767709251199 -0.0251804987197623 0.246443968212719 -0.227780187135064
0.215123222837887 0.118287026301811 0.292770013173613 -0.125391695924846
0.134621659913292 0.140032604271719 0.101252801865256 -0.0582137056089933
0.0300434804315927 0.0174682934688087 -0.119490964601855 0.015791473261695
0.0555780656132966 0.00130806230836451 0.0322645725623007 0.180970019718028
0.0412272080260575 -0.0413841019055871 0.200552353958821 0.0622119039506782
-0.0020625451145176 -0.0704324506621626 0.179621163885553 -0.0739072431286789
-0.0344835385375272 -0.0516028079373394 0.0613619383119229 -0.114014225021456
-0.0421538484606045 -0.024292391772654 -0.0202797368099184 -0.0611526950350684
-0.0385641036004671 -0.00647902270756558 -0.0408463530401795 -0.0137336979167614
-0.0253325259614185 0.00245872522801165 -0.0576383216124427 -0.00144839088471616
-0.0240907328290225 0.00020149331721233 -0.0874882132108649 -0.0109537485059472
-0.0282582738300829 -0.0245247809802836 -0.0845134416086269 -0.0674750310456179
-0.00327706972485739 -0.0571031827674981 -0.00834644033029395 -0.159283624956658
0.0676880232614102 -0.0590811533749868 0.178582026801089 -0.187282322953344
0.132636862630538 0.0240098406305575 0.323758217121783 -0.107525516147977
0.133266656380086 0.119283860110894 0.307651405398706 -0.036703882232737
0.0816331572978766 0.106815870523633 0.0858607803745218 -0.0781367650166642
-0.0264722464308732 -0.0168616025929592 -0.0410224394741471 0.0655822633699294
-0.0360868735200962 -0.0103040835461325 -0.206871002504213 -0.0932555567757003
-0.029993017537197 -0.00195588506020561 -0.324704401300049 -0.0739174752543765
-0.0101668374348941 0.0126174463276569 -0.268731640585435 0.0839764618969532
0.000758913282128679 0.0117998426475021 -0.0634124868849962 0.162925241983022
0.00430791732346847 0.00575225723115443 0.0694498687598821 0.0952368123356452
0.00834712861050911 0.000399124413830016 0.0861470311659665 0.0259176210636995
0.005528679746566 0.000320775854362212 0.0648020049540129 0.00302178153816328
0.00696186358563672 0.00269917652482 0.0491472618369065 0.0163268768292198
0.00782457442625544 0.0118717884859044 0.0206271452741753 0.0514760920809119
-0.00208865979502676 0.0220702895993463 -0.0433149571110633 0.100227165603011
-0.01685450781951 0.0129105619659055 -0.157196688514143 0.0693957058622495
-0.0165092458870015 -0.0167557594924546 -0.189553523099993 -0.0378407419169414
0.00323095081827066 -0.019700680539482 -0.0760863675776232 -0.148323059661602
0.00588992404865258 0.000147696078413171 0.0906077039238926 -0.0139355506571456
0.0181249768320231 0.0701551389556256 -0.0425562896643394 0.0606372626212622
0.0487277829526637 0.088700868443549 -0.219814595343436 -0.0994471517986406
0.0569367595685656 0.036521117993937 -0.33717399559726 -0.0573857062715257
0.0383567021630659 -0.0152981921619025 -0.267773142213677 0.101286162302506
0.00728273295439265 -0.0217599303856599 -0.0568027006984095 0.169032608860844
-0.00945603472446151 -0.0141581606696399 0.0720450374026713 0.0937773668466762
-0.0132654097882885 -0.00113004552852234 0.0828413970786963 0.0260507264903296
-0.0165909737994418 0.00383012540297164 0.061924689860815 0.00317759595476315
-0.0196598049999187 0.00236950099529446 0.0434744543752188 0.013743812283918
-0.0245253531004236 -0.00816168426827148 0.0176044619792442 0.0460345466314968
-0.0224242108220709 -0.0191710230609965 -0.0445177292164086 0.0927789057330912
-0.0141740730518286 -0.0410752811926327 -0.156247225127129 0.0625888649981514
0.0234525175553892 -0.0447027706460992 -0.184193347729423 -0.0458771949498183
0.0441760837375038 -0.00460786796478072 -0.0716577982424031 -0.15459390384061
0.0337576613045002 0.0190143305924807 0.0901286964610152 -0.0143026486125036
0.0609927095691959 0.12989238272463 -0.0649747107904827 0.0273982114810312
0.135250497399328 0.143493117393712 -0.271928089008733 -0.0796800166301669
0.136996278520465 0.0402190331635365 -0.35813719323083 0.0493573191110566
0.073829592836396 -0.0559165904148028 -0.224559359099889 0.18545437925543
0.00682224084628188 -0.0571162669390423 -0.0101106526484943 0.182869106152781
-0.0251699383368247 -0.032603334643412 0.0833906784909305 0.0843712357917824
-0.0337181455904863 -0.002841214865002 0.0747670687827648 0.0252962386485191
-0.0357067231799625 0.00705137240383875 0.0528844673755225 0.00377805945473162
-0.0415174356212267 0.00177897330818364 0.0248627513658224 0.00732632476605512
-0.0510289891920964 -0.0271965522835477 -0.00700102519880768 0.0304517193780622
-0.038972257934139 -0.0588398379094968 -0.0710513381505552 0.0644912826387841
-0.00788717059630982 -0.0934865720543125 -0.167163082761739 0.0168607460902381
0.0665205877465835 -0.072260517681671 -0.165683608166389 -0.0994715625819162
0.0907552546343234 0.0108567497951144 -0.0306771643200577 -0.182296069181111
0.0635619836857881 0.0444621586640046 0.101581513853683 -0.0136359181105637
0.0921528587276646 0.141055731300035 -0.100806735357333 -0.00717866192307901
0.191881195687934 0.126272374753923 -0.313672161539053 -0.00371543426595595
0.178578494926025 -0.000882009389624714 -0.301998482165628 0.198203002254611
0.0810377046778616 -0.103711223030723 -0.111278291880741 0.264699826438969
-0.00370315913427812 -0.089310168153383 0.0621124961252328 0.172276318453774
-0.0411431040083599 -0.0473932672272169 0.0943083422304893 0.0634635728073264
-0.0499981766146272 -0.00430825992720296 0.0612381106343711 0.0233614535433539
-0.0476868720311479 0.00831357141393211 0.0359377513483238 0.00279759594672362
-0.0537010111502054 -0.000388238321130804 -0.00354354761010216 -0.00282924690871391
-0.065028030026825 -0.0441502666320364 -0.0430843688690899 0.00571834275905968
-0.0431916467196318 -0.0925285525371718 -0.105461373524495 0.0133186386466341
0.00875160815859081 -0.134897930270598 -0.16842203826378 -0.0710159215187802
0.115595893200756 -0.0920454427754136 -0.112099209738817 -0.186563923703909
0.144222053464011 0.0298854451474364 0.050700072423501 -0.21496261585153
0.0950250702350666 0.078032047554435 0.117925903270424 -0.0122497794456508
0.0988143232019593 0.114531056992409 -0.131699221183848 -0.0213468304038646
0.191207319702474 0.0761964678185528 -0.283724292264089 0.104177050717441
0.168493692453739 -0.045651159791667 -0.15141062330712 0.287756671970112
0.0628030207365436 -0.13599115297608 0.0393497058117641 0.258436821815031
-0.0203523818679553 -0.10914211930628 0.124624891473409 0.117288714516096
-0.0542818883780086 -0.0562074756499742 0.0920454067700502 0.0317645125643115
-0.0592841449445608 -0.00733138001613363 0.0417259725104442 0.018457105426556
-0.0518250643851228 0.00725991678474369 0.0131336411299186 2.93409033349477E-05
-0.0556791262865672 -0.00225409478921524 -0.034059226245588 -0.0130019241653075
-0.0641050647283123 -0.0535579774005658 -0.0728204194398431 -0.0243032035201563
-0.0324145718329365 -0.11062030701846 -0.119375306682545 -0.0557052759886724
0.0394924843482808 -0.153492249960836 -0.119880981756816 -0.174929883716534
0.167020599847561 -0.0882460255834213 0.00209092986046295 -0.265585025653203
0.194251965834843 0.0617930284720697 0.16263631002656 -0.216354703522982
0.121171506279455 0.119218548578277 0.129950963827545 -0.0121769952823135
0.08215680845707 0.07652717196708 -0.144228886178232 -0.0156389653203844
0.149918955136935 0.0362068940633662 -0.187252187516426 0.180731056422997
0.129537175276427 -0.063614203135828 0.0184715188357778 0.267978270114477
0.0367439787383829 -0.13765135447989 0.152657621248943 0.165896615407079
-0.0339008535947185 -0.109126780320399 0.143789608229415 0.0336904107681398
-0.059568924168582 -0.0561438595504939 0.0697209894216962 -0.00489831755787089
-0.0611715806992787 -0.0101864486689436 0.0152074291161588 0.00822212458999785
-0.0492096820496463 0.00512345567589296 -0.0127363599804294 -0.00399866286260756
-0.0495828832415364 -0.00206650473981578 -0.0584399627217065 -0.0202853183037634
-0.0533664193792091 -0.0527560763032732 -0.083830894714869 -0.05137719353851
-0.0141817988907521 -0.107871428635044 -0.0900685675419033 -0.119280664601241
0.0743523536047127 -0.138872877985663 -0.00510740324351729 -0.239941415343241
0.203571819452696 -0.0481680628027557 0.16140944704506 -0.270376643065893
0.217848730942119 0.112506715739862 0.26686978290142 -0.158801671575639
0.126642661014111 0.155913570672769 0.129113816868722 -0.0188718777376021
0.0544359586203165 0.0440192187913452 -0.137220996596063 -0.00511070397566783
0.0979343844733518 0.0171347077787082 -0.0796433980294242 0.201543694890321
0.0845511260440487 -0.0537792315246358 0.132427713156963 0.185239362284325
0.0173354342130006 -0.109616909181419 0.194117303551883 0.0502495797507424
-0.0361015799217508 -0.0880573995704575 0.121148281852625 -0.0447420356915341
-0.0541265958921162 -0.0457164907154578 0.0327128227118562 -0.0378332081458372
-0.0535815158535378 -0.0113174624292932 -0.0122754709156519 -0.00554771274197724
-0.039368773270345 0.00265383960503869 -0.0361788242765851 -0.0076876237054557
-0.0378327691978762 -0.00217777396765552 -0.0745106561508898 -0.023632039988048
-0.0393423621782135 -0.0428762302169406 -0.0784319957844697 -0.0701922629966417
0.00139583356567125 -0.086856597580192 -0.0301525097439262 -0.153429176803928
0.0921452946244656 -0.0949907145569291 0.129013429068022 -0.22086707826691
0.193556560562561 0.0148457993743594 0.294345304907801 -0.173863366498857
0.18765973646952 0.155847027775885 0.316689917276781 -0.0592971677170873
0.104173293841573 0.165513548532784 0.117670261235007 -0.0380060541831003
0.0256717278643115 0.0207818493521506 -0.123873688731561 0.000651812145967238
0.0500823645294086 0.0079262723735181 -0.00473141780609147 0.189925282617159
0.0432146752369658 -0.0303195150319331 0.181265928341761 0.104179373320752
0.00773577439054485 -0.0634177882443974 0.190983617987453 -0.0340544714055129
-0.0240960947063745 -0.0524410322293354 0.0844447103597468 -0.095609775882919
-0.0348981500578889 -0.028526472467484 -0.00309392316184925 -0.0599140644443649
-0.0352935571308048 -0.0104667666450912 -0.0342698427504117 -0.0187075605374817
-0.0243730985682902 -0.000598840457722113 -0.0527461667077218 -0.0106648683227384
-0.0227385972921231 -0.0020999994951867 -0.082694888748808 -0.0252605504220938
-0.0239419952778016 -0.0274335722340566 -0.0682269082775381 -0.0810401073211778
0.00696206057371881 -0.055490102235213 0.0251033341775433 -0.156834029592747
0.0757665891963058 -0.0442192394121951 0.21765644184634 -0.145651330755785
0.125063035596482 0.0510683944863713 0.342484715997047 -0.0351970366135849
0.107022178903723 0.142243979521421 0.310615092631576 0.0315292174272807
0.0582718571797973 0.122624051486113 0.10533965703891 -0.0619605617043266
-0.0275103592756896 -0.0147525365883751 -0.0385608598661045 0.0676499560488468
-0.0365971557959806 -0.00882992971241617 -0.203119154333149 -0.0896782781762817
-0.0296134038925279 -0.000499486668931409 -0.321200177673145 -0.0732614463418083
-0.00943156111116292 0.0135776055984159 -0.267425287029388 0.0836148767183775
0.00177633195074541 0.011832979129018 -0.0614510672637008 0.161391483525951
0.00470864939373264 0.00528129445378766 0.0719940584463805 0.090384230900856
0.0072467646540712 -0.000481101751510498 0.0855371754393069 0.0204830262539456
0.00463438000600159 -0.000121704295439506 0.0611687772120214 -0.00196834044546284
0.00593873348820414 0.00183426660307386 0.0452147850909921 0.0115297217932435
0.00759536499410267 0.0106864131821046 0.0173997015399626 0.0462445810563222
-0.000322361310431689 0.0212740780428632 -0.0431501548965551 0.0960396138758572
-0.0153009785307842 0.0126376081720429 -0.155470886491592 0.0696630784519826
-0.016343588879085 -0.0156190777928245 -0.188017458026046 -0.0360009616714848
0.00239374578707926 -0.0193038508416461 -0.0775804531246092 -0.149707156263137
0.00586680112574634 0.000238970747022341 0.0930002359669894 -0.0248515453923234
0.0196443633463113 0.0708103702263467 -0.0409643756259517 0.0629499887055317
0.0507082863989151 0.087047659145117 -0.215983068861447 -0.0957492686563823
0.0578044328578668 0.0357958534241329 -0.332952304167783 -0.0558629537490389
0.0378473837645209 -0.0152325506048231 -0.265501541477346 0.100466590476231
0.00638158853681023 -0.0215968096060137 -0.0541270306406166 0.167277644078689
-0.010200934595852 -0.0132572326887782 0.074264998720816 0.0886272435969338
-0.0132892373329904 -0.000402491160968402 0.0820373581034607 0.0206398566255361
-0.0155527406958386 0.00507471171740983 0.0590519944760325 -0.00135952947435818
-0.0188271117484882 0.00379835539045529 0.0391795667775603 0.0101110903511633
-0.0240160642988414 -0.00638316537212989 0.0140376373295118 0.0409559514261347
-0.0226550484587394 -0.017588528586413 -0.0452138274715945 0.0886261279894189
-0.0162193680384503 -0.0394471252708966 -0.154898064824162 0.0626165531671977
0.0197015425275974 -0.0447797730156756 -0.182953911345877 -0.0441918954544826
0.0426167973459217 -0.00714816344409926 -0.0732339330729861 -0.155795110767783
0.0343425146196784 0.016534870648293 0.0923151691945557 -0.0254153383041824
0.0646234031829335 0.128789118126582 -0.0648264316040527 0.0299205291270372
0.138294151237914 0.138547514652944 -0.270142902757288 -0.0763555786679643
0.136722490672335 0.036961304926183 -0.353295963453062 0.0528800535895015
0.0715005457444512 -0.056015962160667 -0.221359317881899 0.185543562232532
0.00427160630762828 -0.0561955917624782 -0.00730294809039811 0.179606733975794
-0.0266775944813319 -0.0299841251257557 0.0844964311524021 0.0785694211564666
-0.0324733667201345 0.00017635416136236 0.0744281189442022 0.0209103801858153
-0.0328410000748415 0.00969021129360799 0.0504311364232817 -0.000319858878446398
-0.0393187530693565 0.00462472661092666 0.021154361586771 0.00502690491028983
-0.0501705497420617 -0.0231916795842415 -0.0104089767518993 0.0264301771883037
-0.0400329292496786 -0.0554179536761942 -0.071687381885484 0.0616776894053441
-0.0128717845615376 -0.0896668089544453 -0.167551648361035 0.0168410077906559
0.0602436639311778 -0.0737211885044515 -0.166101335765099 -0.0978070178127469
0.0891459394353729 0.00536823175470036 -0.0328922790324502 -0.184939423651146
0.0645570675931817 0.0395744263013493 0.104227585114414 -0.0238397206069378
0.0959747494195486 0.138811113458625 -0.101952147080061 -0.0035870749059837
0.19405362481867 0.118570617032414 -0.312848844941125 0.001248082055839
0.17617651176152 -0.00549468396860533 -0.296877528287109 0.201976134324225
0.0754632246290386 -0.103307593624968 -0.106781338074279 0.264759661625236
-0.00740511414046619 -0.0862600748895771 0.0651449533964565 0.167763744303148
-0.0426520836025265 -0.0432522542837988 0.0944684812613793 0.058406585630471
-0.0478962199500404 -0.00022143247672397 0.0620632920342862 0.020294414184911
-0.0438619784464569 0.0119615719045831 0.0347555369337408 -0.000633825353312693
-0.0503459741788209 0.00401186457964159 -0.00590635053990059 -0.00346319194072201
-0.0641398975703786 -0.0381667882563501 -0.0454963355459552 0.00399749780557944
-0.046130311948194 -0.0876481623743255 -0.106762716248891 0.0121895386779426
0.00180016497249459 -0.130727231777217 -0.169445949409478 -0.0699726591758257
0.107389527861737 -0.0942751175170861 -0.114271307248853 -0.186409701684869
0.142434087322638 0.0217387553050563 0.0478215473970731 -0.219207679477608
0.0968459941560299 0.0719906171095644 0.121366181220664 -0.021775672464845
0.101998643201607 0.111464191918923 -0.134283259832275 -0.0154748420925715
0.191463143745167 0.066725045613543 -0.283272922277101 0.11035355460324
0.163349917530393 -0.0507870134254613 -0.146123332875122 0.290498632930437
0.0551405893325041 -0.133495677082002 0.0441146918365322 0.258145609184181
-0.0246833691026658 -0.104173439953603 0.127037710685312 0.113137722555013
-0.0544717693072321 -0.0504092455854434 0.0925264689707143 0.0280034485221624
-0.0563592748745198 -0.00213585410239222 0.0429556174039455 0.0175527157930494
-0.0476939561361169 0.0110917959828613 0.01304882364208 -0.0016898359787057
-0.0521592143447831 0.00243718671213064 -0.0350156805528062 -0.0114630891693994
-0.064054042068824 -0.047667916412118 -0.0743115528856038 -0.023805662927664
-0.0369053201387206 -0.105357839450689 -0.12044099693527 -0.0549081236821488
0.0314198833628212 -0.149701624704922 -0.121912333721779 -0.173632716153674
0.158625948252894 -0.0926023471290462 -0.00175788719043919 -0.266588092239993
0.193800145857346 0.0527280557655079 0.159662222070069 -0.220239231365641
0.124437922390941 0.112361510893931 0.133101956310627 -0.0192153010292841
0.0839653400306644 0.0728038985591852 -0.147155296191859 -0.00850949713360684
0.148935184664632 0.0286076884536054 -0.186192457777012 0.185944764215926
0.122836622470426 -0.0661140515162556 0.0225522351427049 0.269542210169904
0.029333300913734 -0.133497793915704 0.155359118130668 0.164828996969444
-0.0375426225191837 -0.102928063106257 0.14561132746225 0.0305711022231647
-0.0593627129785587 -0.0501588445706687 0.0709729438604811 -0.00581428458167754
-0.0580431818858447 -0.0047230795366906 0.018540729469021 0.00946402997700119
-0.0448331385694029 0.00886608697242103 -0.0117554765580419 -0.00368764927531823
-0.0466342874605065 0.00234050183885456 -0.058227902521777 -0.0177858456941277
-0.0543460729585202 -0.046888357696401 -0.0842421015033478 -0.0489667214460065
-0.0194471974474761 -0.103369823141755 -0.0908238236042534 -0.117838709196363
0.0666930913880451 -0.137685196187373 -0.00884536249364143 -0.239103238845402
0.197629794684437 -0.0537715251291624 0.15646585786578 -0.271588617326193
0.219288900753523 0.102752030046741 0.263377489992465 -0.163314681787808
0.131601048201755 0.150803971070558 0.131739321407425 -0.0253824527368094
0.0549268064510458 0.0410821475543527 -0.140644277991518 0.00329254265971196
0.0964277076865205 0.0114301484705723 -0.0781596109328152 0.206863198548827
0.0792995892177111 -0.0556362812388826 0.134800246257734 0.184380912054316
0.0110758208771998 -0.105807353742983 0.195047175799027 0.0494384205826245
-0.0389354113655707 -0.0825336572641138 0.122301953061226 -0.0456005472346326
-0.0529025474706263 -0.0408449827960887 0.0344454866062379 -0.0353880088459711
-0.0505093697371393 -0.0065134542385517 -0.00885494958549413 -0.00240269971251092
-0.0364518625771884 0.00593846075430895 -0.0342591735838632 -0.00560154911553241
-0.0361661906054944 0.00204146169290197 -0.0736373128462798 -0.0194672862787146
-0.0410406869801341 -0.0386822446502073 -0.0787808352508425 -0.0660684905994375
-0.00298383845173394 -0.0845702484612003 -0.0319048426239397 -0.151647614483632
0.0874007207220813 -0.0956626671994474 0.125903391772778 -0.221331925456191
0.191047244803142 0.00867616313984045 0.288984068297599 -0.17495464437743
0.190662686004723 0.148397495280074 0.312905881819663 -0.0639252577773878
0.108749597921046 0.161103480253167 0.118424051106679 -0.0428673365109055
0.0252856389316023 0.0196037244842783 -0.126674162522675 0.0100576499100271
0.0494935273297459 0.00475714163790514 -0.00212917670927648 0.194428106600236
0.0405725345020369 -0.0310742549920121 0.182020631918206 0.102747450941342
0.00392425634525285 -0.0615333104778172 0.190449731039369 -0.0335595041921046
-0.0253365163215692 -0.0492002341864841 0.0852853019983133 -0.0943761352450334
-0.033900136825189 -0.0249845908401583 -0.000209139905545791 -0.0553061411237442
-0.0335972704636288 -0.00721476417987968 -0.0304905819778611 -0.0143488422500886
-0.0229383288044183 0.00191889826055694 -0.0507342556012406 -0.00684318253195983
-0.0220508726065987 0.000587095655609521 -0.0814491739156164 -0.0198799926698119
-0.0256070816920601 -0.0243754385837966 -0.0691407354608786 -0.0758939121798361
0.00397906802464215 -0.0549913241643298 0.0228332241827893 -0.155030815140235
0.0726031088470686 -0.0455833816989501 0.215286186749038 -0.146302863198694
0.124886664620364 0.0466607009434414 0.336817345773363 -0.0365794881925556
0.110629416189286 0.137695456980725 0.304497460363116 0.0275517319594878
0.0622930640371124 0.120628973822241 0.103675698967493 -0.0656462676532238
-0.0277848777658718 -0.0132662590521737 -0.0373752298678487 0.0701464085363804
-0.0367018364507973 -0.00740559865914902 -0.19705084892959 -0.0882963656515261
-0.0295704788248391 0.000684412074075509 -0.317514324895479 -0.0752032646770993
-0.00827531139760648 0.0141240664318693 -0.266570021640453 0.0806928317526584
0.00316151770773605 0.0122993162941704 -0.0616681082003388 0.159804515568591
0.00510875393364699 0.00461706188412675 0.0724024252084497 0.0859840666530377
0.00644857521723477 -0.00153553430927362 0.0841383091350866 0.0155748669765486
0.00428257003673391 -0.000217466382512884 0.0579554066881202 -0.0056464287979824
0.00458599589861561 0.00155658263473788 0.0401179336669956 0.0075409390702305
0.00765834796308171 0.00987399237554693 0.0128415410039213 0.0415653558794413
-0.000100822962873682 0.0200298847156741 -0.0438992087222103 0.0915454958774294
-0.0148659167177576 0.0113915920379592 -0.1552770366445 0.0682001893054615
-0.0167692984269419 -0.0149693600231136 -0.185791378203853 -0.0362798244583718
0.0018894323198725 -0.0184240813035231 -0.0777053241260292 -0.152507922085504
0.00599301598831871 0.00029169460290428 0.0950682738223883 -0.0358999650360545
0.0210893912698635 0.0711537387545034 -0.0398204145981768 0.0653297911386535
0.0514110648790386 0.0857568281934696 -0.209875021394052 -0.0947137029160477
0.0579534894345598 0.0354542369814735 -0.328151193080613 -0.0578035460005002
0.0378551524984138 -0.0151032145702823 -0.26553307267078 0.0978846237300714
0.00609223924650731 -0.0210904666775309 -0.0541467142995144 0.164303878120078
-0.0105433522444028 -0.0125665142344809 0.073798712154666 0.0837458640884869
-0.0131700003237767 0.000762106458829721 0.0809945966135837 0.0159552104087614
-0.0142567228805798 0.00594553144103851 0.055023220223202 -0.00482312860776019
-0.0180853391321306 0.00529628111640341 0.0347747652923158 0.00713404482140836
-0.0228269386566895 -0.00494012458184858 0.0091577354672679 0.0361769289166042
-0.0223833845103145 -0.0159823837457607 -0.0465899779563518 0.0838784483816912
-0.017751085697343 -0.0378766832879624 -0.154273340746802 0.0612356621139028
0.0166933400145027 -0.0443985713105586 -0.181399172705536 -0.0445920381912737
0.0408979049027582 -0.0090759363620348 -0.0739576105235367 -0.158476088517134
0.0341886241925662 0.0141707960172321 0.0945952496116226 -0.0356256769550867
0.0670737630961932 0.127914082155482 -0.0644337986366553 0.0322065601983144
0.139076660539323 0.134459822692744 -0.265635050166416 -0.0755408323948828
0.135890823296213 0.0354108683157107 -0.349161182401257 0.0516836898138615
0.0692274803693534 -0.0558211633887096 -0.22069080279261 0.18307457715777
0.00250811360337982 -0.0542485845196871 -0.00669856519806194 0.175881965787601
-0.0276267453927583 -0.0276538008514539 0.0839686894584408 0.0742157379919394
-0.0314597061765969 0.00249162080901588 0.0736105666536998 0.0170180509404963
-0.0301249478162323 0.0115816631404692 0.0478392879098195 -0.00344157960005653
-0.0365340024718031 0.00740601974225394 0.0172100809613562 0.00286073630296009
-0.0480015037284804 -0.0196198411372327 -0.0149960140122336 0.0228003021017627
-0.0410635000170662 -0.0519027841446133 -0.0730558645408911 0.0582146894700765
-0.0167133526195722 -0.085702254980258 -0.167006462737172 0.0153330801251103
0.0545051141909211 -0.0734855960666147 -0.165092403142102 -0.0986946565794708
0.086822395600901 0.0012851585834214 -0.0334860790557091 -0.187966232369252
0.0637470043434913 0.0354721359161161 0.106697948940546 -0.0335905677114246
0.0986207698811302 0.136353448413454 -0.102681571335628 -0.000696405243710286
0.194111310318823 0.112117475682073 -0.310780227482389 0.00363405217538409
0.172799728932722 -0.00835275453879417 -0.293815407033195 0.201794982794342
0.0705429545583707 -0.10172879217326 -0.105479495748224 0.263233948725619
-0.0105740670730513 -0.0825246971927179 0.0657547368254358 0.164523171607811
-0.0429724168307659 -0.0389455473349047 0.0936843696438995 0.0540770566250272
-0.0457313936873061 0.00306302483456881 0.0620073766614082 0.0181536503667897
-0.0399612643266454 0.0145857109322794 0.0333484540714148 -0.00290970701553184
-0.0465403404674662 0.00733496111636498 -0.00809438983584353 -0.00375516153709048
-0.0621839475508838 -0.0335014088083075 -0.0486197738305576 0.00156435261921339
-0.047582697063266 -0.08223673984911 -0.108559297929586 0.0102218240829299
-0.00345041983245295 -0.125231594997399 -0.1700462866921 -0.0708708883085205
0.0994193260010541 -0.0948935845040262 -0.114416628380708 -0.186876588293014
0.139692772246739 0.0157415839928345 0.0464176407918929 -0.221925663689874
0.0968410619449565 0.0662625240260651 0.124117164096518 -0.0294778258918244
0.103875447475587 0.10801152627983 -0.136785713608945 -0.0115659476556467
0.190265626806802 0.0597657944456547 -0.283221050844018 0.113142763179158
0.157453827892469 -0.0527302127102989 -0.143686714108718 0.292027205614381
0.0495211605973604 -0.129721318480313 0.0449963872997823 0.257535583421748
-0.0274769835314126 -0.0986759076843651 0.127614845458598 0.109566879186355
-0.0540580362381585 -0.045637006743798 0.0922924186703556 0.0256977585589919
-0.0533157655969145 0.00168325027061944 0.0447637393917234 0.0167388062453704
-0.0434488375544639 0.0143184631122154 0.0128569663396225 -0.00327146284874574
-0.0481459052045306 0.0067058495232913 -0.0358594707343569 -0.0108237415896026
-0.0632612453877745 -0.0414425734533618 -0.0755457391700199 -0.0240678039691535
-0.0396506911642782 -0.0998362601297021 -0.120735177087729 -0.0553769419174519
0.0252035504737766 -0.145234619943383 -0.123274192493639 -0.173404742077812
0.150735843099795 -0.0943151059424972 -0.00313643891111672 -0.266121375005033
0.192227864424743 0.0444810747559773 0.157912192204132 -0.223157226275255
0.124877851388681 0.107134701438924 0.135812515217169 -0.0259034941492741
0.0849253532670592 0.0697093964647536 -0.149846955635141 -0.00272131782473615
0.146486192430459 0.0217468522114517 -0.186600975430113 0.190794748743515
0.116224638808078 -0.0672695656873754 0.0251483955581657 0.270889583830733
0.0236813188143183 -0.128991063877013 0.156245943080923 0.165223016475842
-0.0394862393703485 -0.0969017293457868 0.146854198526461 0.0286224833281125
-0.0580957848137567 -0.044994595108134 0.0720953757589563 -0.00608573632475766
-0.0544109205428759 -0.000993958786767933 0.0217163154246022 0.0103454879005903
-0.0409560074937624 0.0117372522096448 -0.0110755222469131 -0.00393103652314004
-0.0426823352602636 0.00623065516411607 -0.0580620382437574 -0.0150426075490984
-0.054988222179542 -0.041314872214466 -0.0837048397481155 -0.0477389481625354
-0.0227469166840785 -0.0987637593836491 -0.0911795627255572 -0.116951452651978
0.0605941093268521 -0.134490604053149 -0.00984249775428192 -0.238408578035684
0.191339407160544 -0.0570327258520417 0.15399040265701 -0.270526783516162
0.219456433382694 0.0953452443798709 0.260537859824459 -0.164650621495624
0.133261116060849 0.145867320417997 0.133529066080753 -0.0300298147152906
0.0551263044763557 0.0391659759751568 -0.143344051097496 0.0107816070751308
0.0944954789635753 0.00643859437368335 -0.077908458880115 0.211453384280983
0.0740524272523296 -0.0560904810513105 0.135224376484367 0.185332271175
0.00661250734523908 -0.102131784170335 0.195076575492193 0.0504967641779547
-0.0400215997150993 -0.077802542690055 0.123321917971575 -0.0455418965224691
-0.0511306353407786 -0.0364216991043823 0.0373070574577001 -0.0335654642955166
-0.0472561444618675 -0.00282631503658105 -0.00451860092835114 0.000226818897905707
-0.0336225195739777 0.00872717908811247 -0.0325020883802988 -0.00385444717950195
-0.0335432216716634 0.00587611899398208 -0.0725267716177162 -0.0160065821468142
-0.0418272386303838 -0.0336432367944355 -0.077959795458258 -0.0635197500046671
-0.00642404957522729 -0.0816913196731924 -0.032077089510453 -0.15012989988588
0.0826483819169966 -0.0955406818521173 0.124609045425878 -0.21951052417965
0.187758975628514 0.00506003613640418 0.28440749903959 -0.172697769283536
0.19200408079047 0.142313165183755 0.307876493086904 -0.0647855470067845
0.111248697337474 0.157504906879552 0.11879277607671 -0.0463331673635934
0.0252416773566745 0.0190120339975628 -0.128290302011659 0.018862806725597
0.0487497792273484 0.00207011795464611 -0.00133445066364132 0.198684015068162
0.0380877373740982 -0.0312661973445768 0.181758251252868 0.10343323950206
0.00167147093595662 -0.0591684226266168 0.189403956202111 -0.0318931946923527
-0.0260492949584525 -0.0462461004838217 0.0867945441005223 -0.0920553721728568
-0.0321458898410856 -0.0222948263587781 0.00357884531336045 -0.0516687426431614
-0.0314120138157874 -0.00454390093222382 -0.0256909338135366 -0.0108725662905254
-0.021090269334971 0.00409382530185229 -0.0478149617985203 -0.00410885781988301
-0.020585877942528 0.0032271231606667 -0.0800862218947912 -0.0156856166959442
-0.0267326786390943 -0.0214082514658113 -0.0685389637581226 -0.071985842264842
0.00153071779397507 -0.0532671995865167 0.021714609501816 -0.153365232393017
0.0706459232707535 -0.0462864335539611 0.213271669590476 -0.14459743772715
0.123613133315379 0.044200069306579 0.331863409715136 -0.034564241903605
0.1129670785935 0.133644662756077 0.298676936984273 0.0272046114941338
0.0647777633174485 0.118347380394477 0.103283712831058 -0.0683187758345056
-0.0279908923347372 -0.0124564338862049 -0.036436646563216 0.0736114825152315
-0.0372379361612614 -0.00731947697976626 -0.192815385456624 -0.0918625461645516
-0.029645317741763 0.00161077923952784 -0.317309420462919 -0.0842354808542679
-0.00769297342947366 0.0152468862057411 -0.272633970177037 0.0745560022584036
0.00443851904480759 0.012399977991454 -0.0651070255406068 0.159021891534328
0.0055277213160213 0.00422561280026138 0.0723043178082934 0.0836653753502832
0.00594037809968359 -0.00238009155833153 0.0834053641684683 0.0119692186418244
0.0039152636263518 -0.000613475971042062 0.0550904795448446 -0.00901197247942187
0.00332583281340929 0.00163690678080261 0.0354279249098659 0.00522993257237199
0.00727465432388561 0.00912601821137604 0.00738094527218821 0.0381964389422102
0.000366847927431133 0.0195658859980349 -0.0477380003489733 0.0876509730054351
-0.0147146648114291 0.0113148951632329 -0.158252175838762 0.065198986652921
-0.0171942716651521 -0.0148810568885751 -0.186293250831245 -0.0400499913477828
0.00150902485662597 -0.0184701052271849 -0.0773653898571647 -0.159106412470801
0.00639001688280615 0.000786000335013986 0.0980013078053886 -0.0467345076152794
0.021448342281978 0.0722316558360543 -0.0392499694422601 0.0686456380992379
0.0517003285906689 0.0866082296187118 -0.20589915396098 -0.0992708577972616
0.0584607904565983 0.0368502433961857 -0.328138943385168 -0.065407068283307
0.0385008607412333 -0.0147118236246397 -0.270966036517489 0.0927195383004048
0.00639244680260092 -0.0207105195823019 -0.0573251186893179 0.164274297152856
-0.0109756938918845 -0.0121242359761402 0.0736219165337727 0.081242496590763
-0.0134434622758321 0.00110848573814965 0.0800309130480552 0.012913450695211
-0.0130344567161708 0.0065987418760223 0.0526295914536336 -0.00821601752287957
-0.0174107968742099 0.00616036734766115 0.0302441744171375 0.00524130164139242
-0.0220442262317373 -0.00394106209503009 0.00316345576613316 0.0329552422872819
-0.0220403821608187 -0.0152341668849331 -0.05099570648504 0.0804088280198119
-0.0193565632155265 -0.0361968618256412 -0.157866353811137 0.058575146535829
0.0142452779501924 -0.0439066571451197 -0.182083188641851 -0.0485628006580453
0.0397654019543223 -0.0102001549969171 -0.0731238914090231 -0.165622809428444
0.0332171341035417 0.0130916683372866 0.0975779685931666 -0.0459350043953113
0.0681064557525956 0.129242144247535 -0.0650385061639363 0.0349193275494739
0.140623542398657 0.13459750568248 -0.265118541589581 -0.079969974882575
0.136405815578101 0.0360631564970836 -0.351013831836537 0.0459790997564875
0.0696818784908318 -0.0550835627905884 -0.225771812431464 0.181124579875176
0.0016869448786979 -0.0536998079065392 -0.00968980630190483 0.175949381225873
-0.0283503742376837 -0.0261546383396242 0.0833180887228802 0.0714758505701974
-0.03070315251414 0.00393011801357928 0.0735229577395844 0.0145182331205386
-0.0275767173035946 0.0127634203772461 0.0458097930843182 -0.00630273605795444
-0.0343201299902813 0.00919095899689605 0.0143207559087277 0.00186249894214667
-0.0469705429879623 -0.0175168528597513 -0.0207001514659638 0.0198723926059866
-0.0412175269465187 -0.0496869743289549 -0.077593227185571 0.0546085874673935
-0.0193296864280282 -0.0828976776763379 -0.170258591273516 0.0116440268125807
0.0504777148914708 -0.0733599167770539 -0.16521801758011 -0.103131181055851
0.0849524058923576 -0.00160511483806491 -0.0329267138606269 -0.194237804250269
0.063609128075447 0.0326585315357213 0.110841168256778 -0.0425576497736367
0.100388859264348 0.136821736399904 -0.104824349541845 0.0016854565920543
0.19480685399792 0.110705388039943 -0.314993023298496 9.93045518728942E-05
0.172555670044497 -0.00834475256634501 -0.297936070976096 0.200675212604072
0.0697687101432723 -0.100487697883354 -0.109919855810391 0.264668502313152
-0.0117785805600959 -0.0805262793364271 0.0642595300241076 0.164676748520048
-0.0432856650451336 -0.0363661623577021 0.0933514558312438 0.0529308748156178
-0.0435870207029368 0.00571056091039995 0.0627501315839307 0.01661551120624
-0.0367021738587263 0.0164342909577371 0.0324185385171073 -0.00483588461749266
-0.0435977193968321 0.00955633388585543 -0.00988361077494988 -0.00411686257771694
-0.0606698521028188 -0.0301890114668055 -0.0528916948825536 -0.000917940834499314
-0.0486278105077179 -0.0788149854765482 -0.111735360980631 0.00699045245331364
-0.00676176134269531 -0.121583781883475 -0.17200169113682 -0.075253254346054
0.0946873945915211 -0.0948401084398362 -0.11319413462908 -0.192292567670558
0.138357049354731 0.011493779737833 0.0488055306643807 -0.228092950700509
0.0967735213334173 0.0640269247827655 0.128747055784012 -0.0374314508498668
0.105432086169345 0.108106781484146 -0.14051072127583 -0.00910529365212145
0.190359648224468 0.0563736263226973 -0.290089753711495 0.113981021752922
0.155106988531642 -0.0530396014717778 -0.146916169255271 0.294862674867322
0.0470660949269182 -0.127374289573591 0.0443465872466975 0.261832977036336
-0.0284427505257839 -0.0948597287964699 0.128422934527373 0.110419023008039
-0.0535352983468348 -0.0416750805386692 0.0928701204807608 0.0248249057561203
-0.0507432338788669 0.00476146877636471 0.0469319947473028 0.0163729074382998
-0.0401449236159555 0.0161376322052364 0.0126067005371563 -0.004336608255269
-0.0446182463378996 0.00930293519037952 -0.0366923379088834 -0.0103028889274047
-0.0621370023102514 -0.0369647477410464 -0.0780850807133202 -0.0255510935617911
-0.0416590438334563 -0.0959830765723297 -0.123132161106951 -0.0582979844100163
0.0218030895006497 -0.142082518941132 -0.123425850493383 -0.178160346377255
0.146977764981079 -0.0951699761746608 -0.000316884501703234 -0.270892811839755
0.191886677593956 0.0410761567990779 0.162489194259569 -0.227954302888855
0.126206269499914 0.105092052225529 0.140540224611272 -0.0321360359335071
0.0864608768233756 0.0688368220858841 -0.155225958972634 0.00149615901657704
0.145214898242481 0.0175710942148874 -0.193055202271278 0.196260080503701
0.112689005905318 -0.0675602680384215 0.0224134742399394 0.276000999062686
0.0205776060500692 -0.12529061994572 0.157866205731474 0.170425791764977
-0.0406892691638218 -0.0931825460277016 0.148566458176261 0.0294714525014143
-0.0569734971016194 -0.0414261264908413 0.0742713833940655 -0.00544099339400481
-0.0513073365626612 0.00257123886596693 0.0250859277851451 0.0110659927992711
-0.0375265989380126 0.0143104737195466 -0.0100593342144322 -0.0040116044811833
-0.039832264166856 0.00925774794207461 -0.0577786049151973 -0.0141109313875755
-0.0546283854082859 -0.0371805898816065 -0.0848091045698657 -0.048249037656494
-0.0253272340538871 -0.0960948353431255 -0.0912126085339679 -0.119216514567182
0.0578981556878526 -0.132979022029999 -0.00761015153968758 -0.241277900754733
0.18963908632743 -0.0579672989584103 0.157799446271395 -0.271591958898448
0.221209078401854 0.0927972251645271 0.264154854714647 -0.165626599308145
0.134881667053051 0.14491175918455 0.137980759339736 -0.0345018465002913
0.0557443245923154 0.0380918526063395 -0.148276403675772 0.0167194907686328
0.0927417841421287 0.00349052048110859 -0.0805961446126125 0.21882068377775
0.0707830051893665 -0.055652171400796 0.135697301143189 0.1905788090221
0.00401107627048832 -0.0989661703227245 0.197377584713381 0.0547324318438786
-0.0400611252717022 -0.0744806332541101 0.126770617349995 -0.0447097745691627
-0.0496045705878864 -0.0338880209344764 0.0411519390321472 -0.0316638538389863
-0.0444238899446725 -0.000208636700151105 -0.000152971303676038 0.0015675815873601
-0.0307677958250084 0.0111997685189888 -0.0308789131573102 -0.0031626742582176
-0.0314480961272592 0.00824448238009314 -0.0716597711725708 -0.0138867514704793
-0.0428646420122124 -0.0304678246345992 -0.0776249620051966 -0.0630752513675748
-0.00912975269623168 -0.0797015020450603 -0.030750739748499 -0.150833809416774
0.0809840506157127 -0.095205384930365 0.128506697127207 -0.220210312421828
0.18700232603568 0.00469595561867334 0.287864364762365 -0.169597968537961
0.194869785375123 0.141844989695066 0.310525652687277 -0.0625193754175207
0.113148320395566 0.158299132408301 0.121967748423127 -0.0494655209489508
0.0256311687562735 0.0190376215534177 -0.133068445117242 0.0260708552377631
0.0476592232876747 -9.17228824650006E-05 -0.00241918735344931 0.206618225268301
0.0360866119111587 -0.0308939628518978 0.182572588433871 0.107747407978333
-0.000105700143657933 -0.0575780597550877 0.192896991278042 -0.0294367742735872
-0.0258431346815572 -0.044503340143776 0.0905387007004434 -0.0913484675829763
-0.0308045789060176 -0.021232766487743 0.00854908878334576 -0.0494876044757057
-0.0289826405740474 -0.00219312712220103 -0.0210388803343751 -0.00804222153285369
-0.0195396365776766 0.00638716452317287 -0.0457543154485791 -0.00246988243146321
-0.0194878586337068 0.00533216546451046 -0.0795003681359641 -0.012551900964061
-0.0275931307686389 -0.0191859761533563 -0.067822607961409 -0.0707740457825576
-0.000484490373937641 -0.052672498540825 0.0238496446335134 -0.153698561880683
0.069882993749962 -0.0468569969931882 0.217658589221734 -0.141530389205703
0.124004644984055 0.0441020563257498 0.332198640237072 -0.0272783226393702
0.114315893543336 0.134640235009515 0.297052939091076 0.031392407474831
0.066488347439577 0.118791660825454 0.104736680366276 -0.0711878682348459
-0.030459916792708 0.00656171048832431 0.0178910963697225 0.0867835495086566
-0.0355066896473714 0.0164387608767736 -0.212738854052521 0.0381112773257875
-0.0252670439165864 0.0207314784250073 -0.318710831172594 0.116690947460315
0.00330688283381257 0.0184760055697688 -0.187006507382441 0.230476749084744
0.0125793187999036 0.00623699132223461 0.0423729572906026 0.171896964550855
0.00744352588337935 -0.00151915148958752 0.108844233540089 0.0222084948075641
0.00148863866000464 -0.00615850823873563 0.0726383270417104 -0.0448663915287571
0.0020951927373284 -0.00349208594174327 0.0350787564219558 -0.0419284985425957
0.00322072255732646 -4.55573722143946E-05 0.0266162289774455 -0.0162306038944595
0.0113265634045821 0.00299183090015867 0.0231858277538373 0.0288475503099279
0.0126358722357602 0.0161568318565801 0.00993957365029413 0.100724948654512
-0.00527856544034868 0.0195552373858437 -0.0931358052883182 0.152843367717688
-0.0262280785634333 0.000733077933783204 -0.179292518930853 0.0822981620984074
-0.0126606969323371 -0.0165163112867422 -0.169799754337553 -0.0864026729403527
0.00686824690212518 -0.00386723905582966 0.0456166982296329 -0.112495165783934
0.0607280068488245 0.0492580811815801 0.0177342906977941 0.079469063672384
0.091274746528134 0.041645197683575 -0.22304280316985 0.0394767901427205
0.0687095008334208 -0.00222583665210545 -0.31208315012447 0.136394201912342
0.0240716070336798 -0.0328134092528998 -0.173120082149177 0.24172521507718
-0.00610089605011848 -0.0212275294442637 0.0511306519446813 0.170882267820815
-0.0160918812830477 -0.00365767899293047 0.107581346238555 0.0195296861825469
-0.0099781867392384 0.0091114175297752 0.0708808387627325 -0.0412037993403945
-0.00564823171841727 0.0129212730880023 0.0340811219643474 -0.0398144483977002
-0.00875581588014347 0.0159784932115102 0.0235156126207774 -0.0129024597482648
-0.0193590475455032 0.0108055668263706 0.0160727777708969 0.0271867270583349
-0.0270430228202394 0.00282639809106777 0.00230177495356827 0.0972482678376573
-0.038583339289931 -0.014994250425872 -0.0969462998139626 0.147069248727945
-0.0202324499589354 -0.0437609543959021 -0.181619532844812 0.0729113952689686
0.0223187454102211 -0.035521860782381 -0.171484791487198 -0.0924801524652196
0.0366471366908123 -0.0123559287119827 0.0452755904157069 -0.110787430155209
0.132636970222449 0.070249122270917 -0.0217231043854907 0.0642799464882149
0.190899533393616 0.0289164009520933 -0.258774069475616 0.0922236653451291
0.133195571908976 -0.0481207729344992 -0.262711946405881 0.242675635836173
0.0258443560899013 -0.0834198759185533 -0.0805910743979672 0.287325124239988
-0.0298632354915494 -0.044420861745109 0.0973079220557876 0.15048765961923
-0.0381963686580032 -0.00334770777251398 0.109369911777337 0.00537130433749589
-0.0210510650274846 0.0225897942673175 0.0677194957847052 -0.0355018815662013
-0.0116802355917214 0.0272550702710508 0.0300576854131035 -0.0339110754773416
-0.0193156639440378 0.0286066952863261 0.00918682002190305 -0.00663765776477226
-0.0466504700487689 0.0153516655467238 -0.011122891681417 0.0309061163080964
-0.0643862270590491 -0.0123783323221301 -0.0353531546887688 0.0939664889298843
-0.0681199806034136 -0.0523309496634427 -0.137361857721183 0.116650689667593
-0.0102537236554213 -0.0912215081702646 -0.202993831157627 0.0180210708379797
0.0644275066148577 -0.0587154278111618 -0.155350698309746 -0.141159483464056
0.0742563419853663 -0.0156859356372691 0.0581955579409947 -0.115271206851069
0.163845021589913 0.057878351041037 -0.0761532847787023 0.0605361914055128
0.220942964400614 -0.0228231671656821 -0.252447667363696 0.189495410204104
0.136060588605552 -0.104991572619868 -0.124988936696558 0.340473185147756
5.48354643645243E-05 -0.118523638368184 0.068332749788651 0.285269528185926
-0.0559522424332963 -0.0567114506346808 0.150955051654066 0.0958209222439381
-0.0556580765101807 -0.00150511327314473 0.10568493782979 -0.0159650981427567
-0.0287285089449709 0.0318747577097082 0.0612946874903458 -0.0268800586612737
-0.0163500761098389 0.0356486696065982 0.0211396552054839 -0.0250930107521178
-0.025317605066756 0.0346219493371898 -0.0131148152537328 0.00303674440571533
-0.0653674926355168 0.0150120062837778 -0.0493146067928656 0.0335482755575369
-0.0891867767224787 -0.0310918448427661 -0.0920830601272653 0.0764982351933229
-0.0822454378153321 -0.0917922452034978 -0.193428124350445 0.0459985029449124
0.012689589035455 -0.139474067602877 -0.216884079696577 -0.0885612944122505
0.117830238465073 -0.0844380550412297 -0.108450981953795 -0.220443717532371
0.123679901563083 -0.0122093786477879 0.075827601908784 -0.121124146979764
0.150904844725812 0.0294817311663716 -0.11526441073415 0.0758349022446289
0.184924622005107 -0.064863437530893 -0.163166368947313 0.271763292735012
0.0952007438881175 -0.130930940477189 0.0569438469610557 0.330751166579373
-0.0338269675372498 -0.125945008266849 0.195887331081045 0.189444108090954
-0.0777327334793316 -0.0576158815626817 0.17147778695939 0.0117944541843819
-0.0665241290101955 0.000341906906298252 0.0897969997411487 -0.0379748516909428
-0.0336660909202755 0.0349577703560388 0.0500420103090537 -0.016998343670398
-0.0185710689743423 0.037626248665204 0.00662258111881374 -0.0122892645533553
-0.0267537388410449 0.0354273886741049 -0.0372782300766665 0.0140593444456201
-0.071278089614599 0.0107434938169281 -0.084014944700153 0.0279586645198204
-0.0949757519578839 -0.0494888592818897 -0.140310312360707 0.0297118046563821
-0.0722648500108335 -0.127523173145376 -0.216818306183834 -0.0708074631130128
0.0578413093779709 -0.176289575040889 -0.17353527852325 -0.22403348086059
0.184016238919613 -0.0961719803217801 -0.0142901925310268 -0.290410060286476
0.17681217325029 0.00440237539339697 0.0884382598441577 -0.123012562791824
0.111441396478681 0.0075784500554777 -0.122522988016298 0.0970730630599878
0.124673522956346 -0.0699312238914087 -0.0332749989189706 0.282221138927532
0.0516709779970567 -0.117541523375249 0.187685973238438 0.214426997116668
-0.0546773658295668 -0.10940842268337 0.235197921606455 0.0439505209082776
-0.0861036062770417 -0.04859268694484 0.139535179787038 -0.0676775553584038
-0.0684760419895502 0.00212303307175751 0.0579257958259088 -0.0523668414171572
-0.0355464809582313 0.032858282598518 0.0303080544769627 -0.00760374060307266
-0.0175887165141126 0.0347634774657094 -0.0100804630626828 0.00199128999051759
-0.0231521811862465 0.0328708231610788 -0.0555078661612539 0.0249510589093844
-0.065980415083406 0.00710178635332035 -0.101248734097205 0.0127808135672455
-0.0824176058200155 -0.0600342672182115 -0.150668086942242 -0.0410650774371096
-0.0370991778219915 -0.145732415521125 -0.158052567258536 -0.196756320033732
0.120815008372083 -0.175253959364744 -0.0418475535233966 -0.323276256109538
0.245866001027166 -0.0718983887680922 0.110442249116791 -0.302189653172788
0.211481298085769 0.0322718399711648 0.0827865614446367 -0.121582478516798
0.0678076789949286 -0.000283495941802935 -0.10842865412045 0.109289655851616
0.0743570661241918 -0.0514978852868566 0.0732182126019601 0.234349918676349
0.024370009635181 -0.0845002432536705 0.229702179514027 0.0756132591130012
-0.0527582652784834 -0.0788392927523622 0.197913125006714 -0.0770982825787783
-0.0755237531541975 -0.0339088704680613 0.0768302953604438 -0.115011260509605
-0.0579384844744068 0.00337751303539343 0.0162504450263797 -0.0534517653142417
-0.0319271340621564 0.0264840119045235 0.00542453951197704 0.000207658982676911
-0.0144126037896433 0.0281116422941405 -0.0253828920848182 0.0162478265613802
-0.0175956692317 0.0273699630533604 -0.0655503565499229 0.0342927050151178
-0.0526814814641797 0.00519754385389363 -0.102512433202758 -0.00441926360927361
-0.0594381528498616 -0.0589162624519971 -0.119232373368336 -0.105103821763324
0.00617052160449542 -0.131313846463539 -0.0290599716666247 -0.263751818590454
0.163203947183347 -0.121411397811041 0.130429157387833 -0.318427733264069
0.257941055707043 -0.011933066251133 0.212921686439032 -0.242656529382047
0.201891980099634 0.0586088615117386 0.0597123879185687 -0.12355066191613
0.0320196302750684 0.00148640571763192 -0.0896768864025787 0.1104011854259
0.0377942925825763 -0.0278238368758507 0.130816845211398 0.175643798148536
0.0113796854615297 -0.0453602343232874 0.219543053950455 -0.0211002794988509
-0.033479349428548 -0.0450264358388871 0.142810028125401 -0.143736062469606
-0.0468801681250912 -0.0195018928193249 0.0200332953125757 -0.130969647647268
-0.035866506679321 0.00155157130641613 -0.0184466745059193 -0.0476262122546262
-0.0221059038723489 0.0160062042536967 -0.0169814045239359 0.00518744056588941
-0.00937268539289041 0.0180347806866924 -0.0359082526477152 0.0264820971664278
-0.0108030857655399 0.0174775959046105 -0.0697855315569753 0.0409021408583812
-0.0342678055689596 0.00372915357012548 -0.0985747524892567 -0.0156744788812376
-0.0352158562785076 -0.0431612029438595 -0.0752899775640656 -0.140938182634166
0.0283959055614458 -0.0850245602569128 0.0944714662400863 -0.253511558464671
0.137179600992815 -0.046478017122875 0.257261675648012 -0.227594674434583
0.187214471482421 0.0362054604229458 0.261366627629951 -0.156879062390082
0.13646254558909 0.0560916910008837 0.0335686677914096 -0.130573327476527
-0.0319261828679561 0.00927825891472797 0.0264510768112623 0.0917073303791566
-0.0367946064485362 0.0193867038110506 -0.219147196081829 0.0407483601488332
-0.0246471803087128 0.0234481117113957 -0.334081197994551 0.128515650123252
0.00506405168586714 0.019107123231601 -0.194033306455023 0.249514619470133
0.014224329648612 0.00478903935031976 0.0489014229034474 0.181328531920505
0.00738008201347267 -0.00275992769823349 0.112905594951936 0.0174512889051453
0.000161062812376633 -0.00636091504404023 0.0703806636014435 -0.051668067768788
0.00104037131235216 -0.0037121918186842 0.0300788704674874 -0.0451021381690178
0.00292616231690154 0.00061003511831821 0.0218923922553418 -0.0155841770271806
0.0107978767084656 0.00280086751896713 0.0186231371036746 0.0313970647062714
0.0135700099928812 0.0155609176474622 0.00765067788692343 0.104914515776031
-0.00456176555900418 0.0204963516156715 -0.0952442333183546 0.164520242612817
-0.0277898536409807 0.00171021638241752 -0.18733017517269 0.0909411494263499
-0.0135978328173822 -0.0161976180429551 -0.187704232439704 -0.0877180459985112
0.00789734087846566 -0.00472996325818067 0.0361846972347209 -0.130316832758996
0.0664869331256837 0.0499083401852228 0.0253993564547091 0.0846706854586727
0.0979124970654599 0.0396147796632572 -0.231456425616019 0.0435337006371356
0.0735302769899877 -0.00508541421001241 -0.325513281342755 0.148442749425982
0.0242481170214369 -0.0354824337216689 -0.177889282790877 0.261758145308294
-0.00748747422074279 -0.0228510659486894 0.0584333375924877 0.179572814042647
-0.0170346131315039 -0.00246229834096118 0.111513769299669 0.014891419082895
-0.0102470892405904 0.0102090312028906 0.069213874119448 -0.0481181069706828
-0.0048273745974401 0.0135158719971812 0.0294353390439947 -0.0428948912488384
-0.00671568617660304 0.0171809669018596 0.0193617254165173 -0.012493276262632
-0.0185899885275286 0.0121648156918829 0.0106932631306077 0.0307339592643748
-0.027602229444691 0.00468086666979724 -0.000100597819291979 0.102528400985629
-0.0405275342368234 -0.0121071114898762 -0.0996757134508747 0.158250805624985
-0.0248175025976565 -0.0425167277394785 -0.190508747395242 0.0809474783697805
0.0200004996623185 -0.0383262687634361 -0.189256706734716 -0.0935869654297369
0.0366613852852225 -0.0159768600011664 0.0362649973503043 -0.128034535610812
0.143704112547235 0.0674306486203744 -0.0181844457253145 0.0704355576740596
0.201594559677941 0.0212404376517711 -0.270007078870276 0.102338979006095
0.138252608647239 -0.0563848725062795 -0.269155415984934 0.260816904517525
0.0235608604787262 -0.0883318916482248 -0.0775831988246955 0.307162814496132
-0.0333443972962203 -0.0442017661447416 0.107040090360666 0.155991723711333
-0.0394617387337179 7.75110385601198E-05 0.112721849291593 0.000754704699886739
-0.0191396475135244 0.0257639828604155 0.0668140661349328 -0.0415257401541744
-0.00881957885235191 0.0284660843984482 0.0264597756994232 -0.0368856415646019
-0.015041989189301 0.0299740938520925 0.00593982302822904 -0.00584973137116223
-0.045101409044754 0.0183072400939767 -0.0167937836997832 0.0361799719359059
-0.0661654342856941 -0.00830778642681549 -0.0397051181299234 0.101258354462152
-0.0722742993811335 -0.0480317016310869 -0.143691845283763 0.127363998469758
-0.0177213808784034 -0.0913163323262892 -0.215419998735703 0.0227277301309764
0.0611516732084795 -0.065592559565014 -0.173898980704421 -0.146643655445665
0.0747003834815035 -0.0216676646947521 0.0504312789518377 -0.132961548329416
0.175859356282918 0.0525419132639998 -0.0769404231277657 0.0696473421634261
0.229880107495283 -0.035894119208339 -0.261491757072452 0.208920551984782
0.137320427391449 -0.115286429447728 -0.120886692214019 0.362494492983983
-0.00536199604148294 -0.122187740818073 0.0827313817815362 0.301104162244762
-0.0607162772153189 -0.0546343980080506 0.162721764746778 0.0956269502571078
-0.056340991684788 0.00358734046040974 0.10858332377795 -0.0210031557706207
-0.0246676559221546 0.0359182013994256 0.0624580760154159 -0.0322709578648605
-0.0114459073721527 0.0366287024177718 0.0185715975771759 -0.0273068073852123
-0.0200225077886953 0.0357840665919577 -0.0162166008893188 0.00442674239904611
-0.0632793140276026 0.0191385933602196 -0.0554212521896869 0.0400861184295165
-0.0919281750639689 -0.0252929504417989 -0.0983458348384648 0.0848499551804958
-0.0889874737721808 -0.0872202730489701 -0.205311761214322 0.0548466213477767
0.00405357305074106 -0.142483713991525 -0.234317771902241 -0.0888691253284987
0.114819437432106 -0.0952489025443897 -0.126924141318821 -0.232458097631482
0.126739785987438 -0.0204959247657397 0.0712161795119217 -0.139776367448109
0.160476708354385 0.0227320337091739 -0.117679811753016 0.0892955326228311
0.187430194242101 -0.0780110130544874 -0.163864165065138 0.296000625229356
0.0917157471836557 -0.139321612869977 0.0727051022581096 0.349196298302594
-0.0405467464803638 -0.126479602717043 0.216250593487025 0.195113475486273
-0.0818856279547192 -0.0534740518646634 0.181864262996952 0.00574970995908261
-0.0659477405616375 0.00542889994196877 0.0926485378897783 -0.0438500423505471
-0.0288744121409486 0.0382259881087865 0.0525157923030398 -0.0222132065166028
-0.0130100108756286 0.0391490762527101 0.00517814145254604 -0.0133779128428059
-0.0212877762298028 0.0373158109422727 -0.0390985070689884 0.0168643267782682
-0.0694351448243689 0.0163434029455611 -0.090051946421674 0.0340550083809172
-0.0988142296369573 -0.0428606320193261 -0.149889402049555 0.0367257685452414
-0.0810709565604687 -0.125063212259986 -0.234595954096919 -0.0683077810831617
0.0492940677155353 -0.183273654716438 -0.19267837080718 -0.23311970998211
0.184488859825199 -0.112093566038803 -0.0284618825818933 -0.309054303935227
0.184331990815576 -0.00588610836303247 0.0857454435229256 -0.141596389955949
0.117152203169223 0.000906299260265182 -0.124328309973721 0.114876760079129
0.123332054899984 -0.0800095176767285 -0.022535112421929 0.304961080458086
0.0461817319241705 -0.122254464571442 0.207078362788281 0.222529062960026
-0.0613272290920356 -0.106917019584997 0.25352608465724 0.0397357616462782
-0.0896775770979848 -0.043874283085479 0.146380539837092 -0.0773281578898992
-0.0672807359856609 0.00672949643524342 0.0605940501154934 -0.0578138998140758
-0.0304154691509067 0.0357372040319384 0.0342401315532764 -0.0122260498300554
-0.0125984560711769 0.0361556799739353 -0.010251766219947 0.0021005939381491
-0.0180563989209378 0.0349826048131915 -0.0563592344910455 0.0289317068482294
-0.064738968346965 0.0135833803446595 -0.107010490439514 0.0180877435985942
-0.0873551405921933 -0.0549927861177578 -0.161215835560162 -0.0380889382591608
-0.045661304349457 -0.146919855634056 -0.175019247000686 -0.203708894596882
0.116213115940467 -0.187589369695345 -0.0551451545881404 -0.340742043141771
0.253038766341443 -0.0891251469872487 0.104622477080069 -0.324248067401453
0.224119012585912 0.0231033795252338 0.0811017364865844 -0.13850347342415
0.0706378367332516 -0.00461649456578023 -0.106717977541179 0.128814482626223
0.0716796917367279 -0.057810520689067 0.0906721848089101 0.249986356787184
0.0197708133577829 -0.0863039260319575 0.247564800418669 0.0738601531698076
-0.0581602205343908 -0.075917306774617 0.208987750906758 -0.0871562998824055
-0.077864571424984 -0.0296589573277031 0.0794308930808841 -0.124617998083088
-0.0570978975093163 0.00657691851739785 0.0189301906558196 -0.0583553335940803
-0.0274223721970244 0.0284882390865131 0.0106973432118392 -0.00326590936790193
-0.0096987318309485 0.0292324005251855 -0.0239767396239095 0.0172274055076007
-0.0133132324765281 0.0297296739222342 -0.0648529373892234 0.0398986009507154
-0.0524685738879517 0.0112268469211225 -0.107102248432891 0.000674685522253062
-0.0650185781399896 -0.0553870059722393 -0.128898995544408 -0.107210141611446
-0.00024918144356172 -0.135585743318892 -0.0397933378800782 -0.278018660282983
0.164598870117905 -0.13408939155404 0.128356822906493 -0.338628564347402
0.270645905964557 -0.0258413684500482 0.215702486802635 -0.262115495621373
0.215743825434888 0.0515745068431593 0.0563132780232535 -0.13784482129733
0.0336211490717502 -0.000976742678038466 -0.085569453082443 0.129860070837253
0.035686943987989 -0.0317033689155089 0.151004547078251 0.185667516285669
0.00866680090256763 -0.0459652674481253 0.232575735114204 -0.0283481933163686
-0.0366352775304273 -0.0424321264839088 0.147996881320349 -0.155152537999532
-0.0481122779521983 -0.0163502906783502 0.0189947033224937 -0.138941246410095
-0.0354409687865064 0.00332506429388225 -0.0157591518473968 -0.0515902019940784
-0.0195689274012159 0.0173043714421268 -0.0118257042872982 0.00286134378885352
-0.00593354252599482 0.0190314298599123 -0.0328730086697598 0.0284849580677308
-0.00819844822804128 0.0192623552096132 -0.0675949723943835 0.0471810862281175
-0.0345129793764288 0.00823539126710678 -0.102443007931124 -0.011498073185056
-0.0393718626397377 -0.0414480877161086 -0.0832827178287641 -0.145481941867504
0.0250267351690166 -0.0900473013836251 0.0936528504653538 -0.270595624758958
0.141361763384008 -0.0541917228086617 0.265857951462872 -0.244070339777451
0.198967822353346 0.0285950671879281 0.268525513491974 -0.169289118071785
0.147351058698802 0.0515227845021049 0.0276063797199147 -0.141953235684907
-0.0316168948442637 0.0128908517032807 0.0390273258750406 0.0928659265469201
-0.0365712046320075 0.023548362187979 -0.220250040271822 0.0508819219388262
-0.0225944268859871 0.0258830007215366 -0.337882194747566 0.150990753314641
0.00809052780720841 0.0184541347511405 -0.18525135287807 0.272432965503354
0.0147907289051162 0.00191993549951421 0.0627197912476318 0.185820507550857
0.00731797387114503 -0.00485740970660224 0.115040929605832 0.00784005873488288
-0.00178456502872704 -0.0056694092721653 0.0639917204938008 -0.0592632837640134
-0.000662056045864659 -0.00405340921642332 0.0219390746537589 -0.0469676728090547
0.0031266398015546 0.00112166850278389 0.0160218742890222 -0.0140385210687587
0.0101711945093634 0.00188904430920336 0.014800801782181 0.0342316973708234
0.0150234566561752 0.014088340234133 0.00893700681598048 0.10888215708252
-0.00349938176756779 0.0200277636168663 -0.0877052090433716 0.177493847593784
-0.0279180731392492 0.00502304695887096 -0.187929014084256 0.10563933264474
-0.0143105014115755 -0.0151018833453228 -0.20616032390297 -0.0781770419359649
0.00795616656623539 -0.00595638480797692 0.0175474821337777 -0.146137916293682
0.073186138473333 0.0457185626266574 0.0367665267392125 0.086140894998433
0.103087200580311 0.0327003325682353 -0.23463709835856 0.0554099725580614
0.0758687987845006 -0.0113419718047766 -0.328141349597548 0.17153622156763
0.0229338721282833 -0.0394775659228503 -0.167576182390771 0.284087548114608
-0.00991315536158988 -0.0235320186218598 0.0732688436642293 0.182870428964258
-0.0180027292500352 -0.00114787727533312 0.113459186833622 0.0056415917652301
-0.00875921370813941 0.0122170742167218 0.0633378365394597 -0.0557943374713201
-0.00296895462336168 0.0132912383128299 0.0212095690363675 -0.045023136374971
-0.00350976528531442 0.017521482356351 0.014079215019853 -0.0115478279822489
-0.0170378608801481 0.0132410287021478 0.00699869974791398 0.0350561700228714
-0.0270899077623289 0.00718352383941079 0.00108531764716497 0.107389771357304
-0.0420649385382269 -0.00745979879811547 -0.0934930643223915 0.171796161159629
-0.0302348190243125 -0.0384930744685157 -0.192227185550934 0.095717375056129
0.0147955814395298 -0.0412449664244619 -0.207241503930188 -0.0834448771025318
0.0345156222171418 -0.0204436675356926 0.01767339992914 -0.143946705117619
0.154772679324439 0.0571297239696828 -0.0099834255955134 0.0756597632630631
0.20827668699323 0.00472411622559334 -0.272557882396289 0.12223466975213
0.138330099573516 -0.0698239491116501 -0.261099736629787 0.284872163535572
0.0171665886598563 -0.0925474047303625 -0.0581854487552952 0.323369689339257
-0.0383136578436224 -0.0419521431570451 0.122461141968287 0.15376036393647
-0.0400233369766761 0.00462487705005237 0.113340662817188 -0.00885775202537121
-0.0143875535922494 0.0282819030365244 0.0627650775210666 -0.0488817553407613
-0.00430070559811869 0.0284590614613438 0.0200554040280316 -0.0391493653837553
-0.00913183616346912 0.0297752825203428 0.00163393915416926 -0.00426808439639849
-0.0415821299889354 0.0221534763507405 -0.0198912376222301 0.0426215352631858
-0.0656896582055703 -0.00170221298514276 -0.0383590028903193 0.10911867923951
-0.0765000012934478 -0.0388419446064114 -0.141605566015129 0.14318360934274
-0.0276508732425163 -0.087261055331163 -0.223507469251354 0.0370722767626519
0.0523943590841012 -0.0727982455374032 -0.195793829703051 -0.139884101134737
0.0721232083924064 -0.0301935335243392 0.0337241521873681 -0.150298480495545
0.186548201885177 0.0376091106855201 -0.0719934945813446 0.0811819136141583
0.230290309451487 -0.0568736085284494 -0.255990400162858 0.235774413632896
0.130261345342652 -0.129252348468115 -0.0990230387988574 0.383015274182755
-0.0150623566392285 -0.122230818508265 0.109192598384794 0.305658655855671
-0.0656450189836 -0.0480558448257868 0.176000869821786 0.0862721355929176
-0.0544872197740544 0.0102427476808033 0.108388983188647 -0.0312110124032606
-0.017942626139594 0.038421661232309 0.0596619932970199 -0.0399865302419812
-0.00471905139812343 0.0369636385534244 0.0144949620274107 -0.0292424384315328
-0.0130973635800647 0.0360171563552307 -0.0185223540009383 0.00704441073477696
-0.0587783841800521 0.0253595413961195 -0.0579599935967066 0.0490431177127632
-0.0925872233738004 -0.0153766948522879 -0.0988876530343491 0.0967819886461491
-0.0964611696344063 -0.0766011215848988 -0.211869216273887 0.0721341923779284
-0.0107953258321334 -0.140586235209167 -0.251913018617871 -0.0770329608239018
0.104037113781287 -0.108414661623099 -0.152220887548831 -0.232606565904159
0.125516737594654 -0.0340729880941757 0.0560809409612431 -0.158602011293732
0.167266661750118 0.00738146035721112 -0.112069006022079 0.107013897617826
0.181348381015758 -0.0965697141184872 -0.147057514282902 0.32252542691918
0.080584932766368 -0.14809546641608 0.101906329643079 0.357177795580087
-0.0510715560707349 -0.121594005687651 0.241239665929697 0.187751739580991
-0.085575728050662 -0.0444592161200371 0.18949819575751 -0.00832832231786125
-0.0629001352277241 0.012655422861219 0.0917533402372908 -0.0533159998196661
-0.0212832841847545 0.0410667387347917 0.052454427772581 -0.0299092360195658
-0.00522401271498004 0.0389048859979638 0.00306500581852098 -0.0148062242393785
-0.0135734906436255 0.0378363460971274 -0.0400747038724231 0.021234530299623
-0.0645009967943485 0.0236050644286111 -0.0920194703423997 0.0448243481620904
-0.101253774011349 -0.0327211300775459 -0.153919793029367 0.0502569404494877
-0.0917152378014299 -0.115787006226934 -0.250038660463497 -0.053482552712525
0.0323705721271333 -0.188252681756973 -0.217651122176847 -0.228751236007851
0.17533494678014 -0.132552466421477 -0.0544120223094263 -0.319278701085245
0.187003858885011 -0.0243893762355247 0.0726959460186448 -0.160423105047886
0.119729322695553 -0.0107783823793317 -0.115369884418482 0.135405128496961
0.114608058895822 -0.0929613649820443 0.0028302442986545 0.320890134321066
0.0354242416338405 -0.125244733698068 0.23317138270312 0.216917115465725
-0.0693748429818344 -0.0990173790094135 0.268564799810102 0.0243852570364494
-0.0917255119856016 -0.0340597524031531 0.147410890628332 -0.0918118916991765
-0.0635571887481901 0.0134960274036171 0.0594479166231926 -0.0654887323172856
-0.0230970972982577 0.0373949694484523 0.0366687123239483 -0.0187176376903615
-0.00539473179094665 0.0361902272590092 -0.00980440798821688 0.0024861724590801
-0.0108651689178941 0.0355718906648726 -0.0549877036720841 0.034644073969505
-0.0599211218081856 0.0217500339460907 -0.109068211910917 0.0283339466703118
-0.0918537472663733 -0.0452212160761471 -0.16993469572728 -0.0269240131265483
-0.058760825189845 -0.142405749934355 -0.197396823300401 -0.197854025380701
0.101504371646482 -0.199700016448266 -0.0823838055483363 -0.348396738195018
0.248684237829615 -0.116121287982316 0.083034232896178 -0.342911336550978
0.231791172569442 0.00261723841038935 0.0692001833961708 -0.155183768785758
0.0715792977219184 -0.0128443206509955 -0.0952635757434252 0.149851437800703
0.064140488452356 -0.065389565006538 0.118782022388184 0.255082508315504
0.0113790820301937 -0.0861210146841778 0.263650158769671 0.0602243319271086
-0.0637605218460599 -0.0679839959310792 0.212491065795503 -0.103462578607302
-0.0784531987687722 -0.0212353697973228 0.0752681574020828 -0.134562066172596
-0.0540130133575356 0.0116023779839678 0.0187686740734814 -0.0633938408477124
-0.0212981638980318 0.0295633591767187 0.0141747287400224 -0.00821724340361071
-0.00363536745951983 0.0292938701728434 -0.0210689984696333 0.0187118219626232
-0.00716448528491945 0.0304995059389412 -0.0607895741756119 0.0466813141172656
-0.0493442424262907 0.0186740520223357 -0.109198619252126 0.00968188602221125
-0.0708489704566402 -0.0478863168520284 -0.140730948454416 -0.101660024889115
-0.0120127265162685 -0.136769320096349 -0.0605910595859609 -0.285562587354339
0.157087126823351 -0.151054125535493 0.110211056806632 -0.357265313475873
0.274509538836637 -0.0515137564545233 0.20284760557105 -0.283752613622087
0.226546900183015 0.0326119860105587 0.0436294956375321 -0.150552079275
0.0342313176657386 -0.00456261209458206 -0.0715625493890167 0.149706093011173
0.0313845401016462 -0.0353386704988103 0.177993493658718 0.18293944213104
0.00427277498216118 -0.0455926271011454 0.239890772001935 -0.0451826348398714
-0.0392989567577049 -0.0376338902626807 0.142789722085535 -0.169852127012947
-0.0484837993974835 -0.0114988001357712 0.0121718085359881 -0.14447958266024
-0.0337864260418842 0.00636881220923231 -0.0151987322988829 -0.0547470172041099
-0.0154616284567701 0.0184608445004152 -0.00662780427839376 -0.000363113964556799
-0.00136552639471494 0.018733340131386 -0.027872849772921 0.0309741196122566
-0.0039354133214231 0.0202363705694873 -0.0617213432326032 0.0549756781691398
-0.032589723698444 0.0138321529554744 -0.104355967418924 -0.00271493941514219
-0.0439587351500336 -0.0372723859249022 -0.0961923120207613 -0.14360335037656
0.0172574237891496 -0.0933658331560303 0.0784679511196926 -0.286887299812884
0.140357478876662 -0.0672900957775331 0.258794721298833 -0.266448434706363
0.206924877303755 0.0108780531735938 0.26375600470335 -0.189689933125772
0.156396869401148 0.0393633057653445 0.0142752231096615 -0.151303755064219
-0.0294482567713088 0.0156068252896568 0.0504705302901184 0.0889025452824653
-0.0343082090247052 0.0263094861834482 -0.212909142418097 0.0589409543515664
-0.0192774989879279 0.0276331125366891 -0.326475857642091 0.168741794587331
0.0100169672767386 0.0169352585497499 -0.167481058013885 0.284543065976524
0.0141724787519652 -0.00109989995070515 0.0759818074461239 0.180753204744323
0.00569319935454669 -0.00662629476692196 0.111154697323152 -0.00254594875229508
-0.0033283496358298 -0.00473889201357133 0.0533303173528375 -0.0635612129699939
-0.00243125271759278 -0.00297339991486285 0.0126821938704532 -0.0458743902132
0.00297763808920377 0.00128440266232005 0.00983901402895272 -0.0112564317831929
0.00931032192549932 0.00127796117016565 0.0112859169999061 0.0370239657880833
0.0148992485039611 0.0114935455542929 0.0111136568467622 0.109276616731883
-0.00213684013500863 0.0192644825701511 -0.0746920589878585 0.182744365539596
-0.0268947947731738 0.00777151580508752 -0.179242623736331 0.116390195527422
-0.014865828462399 -0.0142647618523346 -0.2143922944331 -0.0614314275159445
0.00761810558233604 -0.00668462380892086 -0.00541049649620322 -0.152471419385487
0.0767027315232681 0.0385966345539804 0.0474600330790826 0.0822709050979722
0.10358491323487 0.0237124184997195 -0.226829432038591 0.065394406868932
0.0742278222952165 -0.0181418974912831 -0.314674949463883 0.187698390388557
0.0192573904135172 -0.0418189316172534 -0.146566150973499 0.292939853334778
-0.0127391193394432 -0.0229278001600233 0.0874334747985537 0.175951156606566
-0.0179897545557063 0.000431547636149877 0.10952896142663 -0.00405449261663737
-0.00672670074657828 0.0130014211467129 0.0540738486545538 -0.0605181314277279
-0.000810876864563337 0.0130261158654873 0.0134765805764344 -0.043719471327243
-0.000401762250436596 0.0154877800290737 0.00859126525397799 -0.00857912437636287
-0.0145324996635161 0.0140101592044185 0.00403910201391074 0.0389746573814528
-0.0245745353465051 0.00938153665647209 0.0032411290295662 0.108805330515153
-0.0409080912600544 -0.00216691883450513 -0.0814311570158411 0.176820618577028
-0.0334747833779579 -0.032143778797736 -0.184583978292743 0.106701118467903
0.00883421004105488 -0.0413456533484493 -0.215904167790812 -0.0666891265855512
0.030298293346733 -0.0233977563544315 -0.00461290053878655 -0.150239713203462
0.157700424870525 0.0419729319543228 -0.000398890406184485 0.0763771314427138
0.203895133642577 -0.0130718093692379 -0.260244477737899 0.137488022063172
0.129883100688175 -0.0801875358947091 -0.240376155214027 0.298042765741744
0.00859409473521659 -0.0926113200171846 -0.0337493601060398 0.324568305508522
-0.0414067831822049 -0.0369156380360014 0.132724410191054 0.142302323214057
-0.0377154653051466 0.00886832168323161 0.108356292231721 -0.0182591069753609
-0.00912282159874812 0.0287228278211561 0.054468577279416 -0.0540804240440423
0.000870063851844543 0.0264430017608362 0.0133261899297048 -0.0383207606548236
-0.00370713840569923 0.0268842307433487 -0.00232976851725893 -0.0012425150296148
-0.0359368281819458 0.0241377059062163 -0.0208840683234541 0.0484828236685327
-0.0615901191854949 0.00468894533465514 -0.0346542604654876 0.113495606099071
-0.0761326998709656 -0.0280755153433218 -0.131758074559024 0.15266272345656
-0.0358088278802147 -0.0784359449042627 -0.221754266118941 0.0513712093808684
0.0400155188838184 -0.0756289096343539 -0.208385607128675 -0.123815538621996
0.0650545629857039 -0.0369043443290696 0.011924875428131 -0.15813855169329
0.187147101716307 0.0192892387733586 -0.0613421809387654 0.0885412324190226
0.218914489571626 -0.0755986677380997 -0.236184669927192 0.253112876686616
0.116785257262604 -0.136599274990009 -0.0700867309953296 0.386268480812341
-0.0247962093791554 -0.117315982274427 0.132729654111687 0.294934497020289
-0.066902326531941 -0.0395982753909507 0.180150895978892 0.0702225336437541
-0.0502325297845061 0.0156725744632722 0.102674596414897 -0.0391525371171523
-0.0103579292551182 0.037920801285623 0.053660345514356 -0.0456936024387147
0.00186993136791246 0.0342442473766107 0.00942684806413533 -0.0290288167614983
-0.00579229251041513 0.0329162474750871 -0.0204857566453245 0.0103021709151396
-0.0507467018958427 0.0285501012458595 -0.0564666471406893 0.0573022828635553
-0.0884424472684117 -0.00530813818427325 -0.0938544445679419 0.105494667410298
-0.0979851962503912 -0.0620164619420921 -0.207002214758802 0.0882860146704088
-0.0242806576681716 -0.131142574498754 -0.258362474219235 -0.0592981286003916
0.086470340484959 -0.1153862591531 -0.172037127216515 -0.220008019762969
0.117463357540934 -0.0455534390493158 0.0344220613935833 -0.168352691928188
0.164767595625586 -0.00996352645548726 -0.0988368431917071 0.119084529769228
0.165513444751236 -0.110258504625394 -0.120140768255601 0.332913266380213
0.0650654554960127 -0.148977649832531 0.128676158361937 0.348123500437829
-0.0581207144378094 -0.110880834705269 0.256624348610036 0.168242536417052
-0.0844048449641689 -0.033724423676401 0.187577298188344 -0.0251200045769953
-0.0560157264518403 0.0184018228547852 0.0860826904123458 -0.0604008911468969
-0.0123940569051897 0.0396474532997941 0.0486529013370215 -0.0363343562403119
0.00219181459077892 0.0359410616905624 0.001121229154012 -0.0151541379010473
-0.00588221761356877 0.0348172694590933 -0.0386648039693593 0.0250436974881722
-0.0559965864415002 0.0286693393025285 -0.0885271489470394 0.0537694381977429
-0.0979601479562604 -0.0202157295031214 -0.150391130839835 0.0630598590507989
-0.0971135286204372 -0.101060530953052 -0.253914387640202 -0.0333139780783978
0.013811891397118 -0.182172382183442 -0.23529473611195 -0.211440260126634
0.154579135634603 -0.145583271768678 -0.0808161389115891 -0.313304739594444
0.180096524515656 -0.0417913371656149 0.0520350738554122 -0.170625685437969
0.115564046575168 -0.0234207981588646 -0.0984792179361594 0.149521355354571
0.0994223203863615 -0.100508282957123 0.0313176350164131 0.321132374405821
0.0226753015589139 -0.121673026621724 0.249480039601394 0.199798486540785
-0.0732092374115778 -0.086399180323019 0.272462762265277 0.0047165778603484
-0.0880309972246174 -0.0232994976353069 0.140814134330667 -0.103237338584083
-0.056256124397794 0.018223029999911 0.0552593771072715 -0.0707652870552503
-0.0144060390505201 0.0359163896659654 0.0360287750408142 -0.0252358118292365
0.00204978867344448 0.0331867708472399 -0.00918084003009326 0.00207139309411459
-0.00293199908623369 0.0340038912383666 -0.0502415357557673 0.0393316436487541
-0.0515678780145984 0.0275653925170772 -0.105272829016426 0.0376970961833589
-0.0906757960103388 -0.0329242160651492 -0.171238882019234 -0.0133387579994908
-0.0682666863174084 -0.131187477662714 -0.21157217270951 -0.181407815528704
0.0808689006831866 -0.201854911787673 -0.106867002028435 -0.339090315535683
0.2311441444253 -0.136684940440492 0.0547927393196396 -0.34540071168775
0.227245015486248 -0.0195178996134111 0.0505521243704229 -0.163901256029666
0.0681648462953645 -0.0200753850890679 -0.0749703601901194 0.162775904613498
0.053048595268323 -0.0684272833455453 0.143808939209365 0.244927480119301
0.00314722145605099 -0.0814442072816464 0.267048712196372 0.0415717054170662
-0.065172342271294 -0.057485784937293 0.207278521568158 -0.116720730737778
-0.0744778529816476 -0.0124203670869077 0.066384563766532 -0.139631411054552
-0.0476394943905159 0.0154057573505182 0.0172930115396592 -0.0672844314296506
-0.0142271852943281 0.0284990029780215 0.0161571685675292 -0.0134881321364246
0.00239523782982023 0.0267340146433048 -0.0169838621662439 0.0188620265439912
-0.000677315209743828 0.0295659668179673 -0.0532269290811839 0.0506439013743036
-0.042805352745884 0.0244858021813226 -0.105733061924583 0.0192985613147699
-0.0721922036875421 -0.0379690820050754 -0.146609834645424 -0.0892443634121095
-0.0237778929085815 -0.131077620690757 -0.0810669404767526 -0.277937993739411
0.139756270321728 -0.160223691360796 0.0849267605780713 -0.35910125240345
0.263257992364141 -0.076217493306086 0.179319107966421 -0.292715194288855
0.226186334768933 0.0112955283378539 0.0268402004741701 -0.15547948702303
0.0328950313534284 -0.0084179861879278 -0.050034012733078 0.16141423984706
0.0255369829233316 -0.0365801728885489 0.198565956178153 0.168100147825777
0.000292534303237769 -0.0426479046298889 0.235989995347195 -0.0615100609518857
-0.039808802938172 -0.0312186342172026 0.131908143191104 -0.176739611018615
-0.0459443878926128 -0.00584969162569903 0.00480338744969166 -0.144100658201004
-0.0299263243138048 0.00834010283101186 -0.0145574778908637 -0.05624318953099
-0.0106124387400784 0.0173603008551393 -0.00226464128062538 -0.00467349966137014
0.00332991143897945 0.0167190260093055 -0.0212293376774 0.0313125581227991
0.000714562065956449 0.0199356487436291 -0.0518164689621613 0.0591041508230485
-0.0285631967541537 0.0180938010124657 -0.100643384984128 0.00692017202658198
-0.0466368711954552 -0.0307832397519364 -0.105410770490588 -0.134729375469519
0.00819924869570309 -0.0923463990693054 0.057285035609163 -0.289307218662033
0.132123973926126 -0.0775585022057835 0.238875274899775 -0.278040218898942
0.204205353409769 -0.00855200361281693 0.24672832758885 -0.200491909069328
0.157260813737905 0.0240855899273009 -0.00275195495326427 -0.152051871480731
-0.0326186790192271 0.00226592705223721 0.018881832220867 0.103122290527451
-0.04061100504793 0.0101019187941395 -0.208173253491753 -0.033146052572598
-0.0277747711235053 0.0176741756522642 -0.359014713269927 0.0210558115861374
0.00474174675094974 0.0177408786680277 -0.260845611352449 0.1946580906927
0.0128410591903718 0.0013637837194889 -0.00131511512052239 0.191520423849568
0.00666733024135959 -0.00524592444490593 0.0977012860972844 0.0372347543215605
-0.00183470630618252 -0.00469502341221182 0.0673497408938468 -0.0382826744655767
-0.00169976758628212 -0.00315596132874267 0.0232018851730282 -0.0346018354194393
0.00198129115293882 0.00216946269038046 0.00736741735981988 -0.0030366029808645
0.00709740005641168 0.0045087025577919 -0.010942893285328 0.0395864109656132
0.0099393754379844 0.0150930947660322 -0.0379306367929631 0.101554622045089
-0.00762234065053992 0.0175436877308616 -0.137765870460854 0.134420686508399
-0.0269830511402401 0.00170440894808903 -0.204125325693935 0.0320609889734226
-0.0114607301784194 -0.0164636468195528 -0.173791046611717 -0.136227384926096
0.00841265374537616 -0.0066149473445686 0.0435155303439846 -0.149100299670106
0.0545051025891328 0.0663031006507802 0.0187071671340725 0.0843646549709608
0.081665478493896 0.0623619367651889 -0.225001048024814 -0.0393489367189414
0.072814773358627 0.0133016207742662 -0.358201644541634 0.0365730086775673
0.0347954027122382 -0.0303723347896309 -0.248904873914423 0.208244086946613
-0.00366278726435007 -0.0269042756242186 0.00909320412494291 0.191669789661991
-0.0171720497420172 -0.00620420778474097 0.0961202034883562 0.0364663250176702
-0.00950763267225449 0.00971490962088701 0.0666176668310829 -0.0355282894192577
-0.00452523843428776 0.0109913383785484 0.0236795140299587 -0.0330366971566833
-0.00394161655867272 0.0124876612266444 0.00512977326477286 -0.001929489219123
-0.0159933842216867 0.00728201626965322 -0.0180910103534974 0.0393204165442569
-0.0232193207747145 0.000802498785703999 -0.0445708766888926 0.0983301009784347
-0.0338667132274073 -0.0126945419826581 -0.141923619957356 0.125761681118832
-0.0214551246232202 -0.0347840737421082 -0.205126014529754 0.0216697693162927
0.0153266010186342 -0.033233830093451 -0.171150540748981 -0.140083606374004
0.0329553369136777 -0.0155432742814179 0.0439807201575051 -0.144712378094092
0.127378408837804 0.102143269286827 -0.0245439139176813 0.053220669780268
0.183945455988668 0.0689702600780463 -0.286174407013509 0.0101048086915445
0.146095687098409 -0.0206153788232229 -0.337395076192976 0.163466954972683
0.0446096590224268 -0.0783570707442698 -0.159906000030359 0.279083495439092
-0.0237261987079586 -0.0488023916248096 0.062929859514214 0.179211146784389
-0.0364245712159603 -0.00463355914301996 0.1002679720496 0.0249063122775146
-0.0157927370060783 0.0221611157991934 0.0659119650971369 -0.0298442114589114
-0.00590431182998342 0.0228948272272987 0.0230756613092043 -0.0291913541033729
-0.00907154219868891 0.0204043457180862 -0.00643317394850385 -0.000209469032722326
-0.0363062305470395 0.00910633808222064 -0.043051809564294 0.0388099038363738
-0.0534519698670926 -0.0142471053250739 -0.0795457798789269 0.0885977824677798
-0.0557067208790699 -0.045371790369495 -0.17899397646081 0.0843988856469569
-0.00990989066322769 -0.0758067314276992 -0.216641990363332 -0.0417382618824933
0.051780261972197 -0.0541856914955784 -0.141275097939862 -0.188397623686283
0.0677717142822812 -0.0171036662369926 0.0630154601087926 -0.143299534541474
0.163185626435978 0.0921034175279407 -0.0887763975389454 0.0391724440853007
0.220872443122976 0.0182655213150151 -0.313203311429743 0.125655510043492
0.155135546020469 -0.0752578744590954 -0.221611578805684 0.312461836396309
0.0241184953544456 -0.110837528281277 0.00237755505059757 0.317588844160088
-0.0445465875040882 -0.0586358341702479 0.132306247537017 0.134117948709534
-0.0478543844068243 -0.00251435262390431 0.103516439419625 0.0048322497132338
-0.0190691739377887 0.0292606438863398 0.0634633896913095 -0.0226681521673653
-0.00633700583227099 0.0299435614011964 0.0170891350350486 -0.0229791922407498
-0.0122747097215551 0.0253300575317788 -0.0255866836710384 0.00290092660053702
-0.0498812864928702 0.00874886077304183 -0.0767246843274172 0.0323638675439176
-0.0730597732354435 -0.0309362715982658 -0.128204566685574 0.0596069986617983
-0.0641011631571941 -0.0816489262911751 -0.221997708431777 -0.00187773138005608
0.0154112239501098 -0.120205225887559 -0.207097884893514 -0.154300063699034
0.104968027776972 -0.0771898528348847 -0.0703625724922826 -0.26044731458688
0.118913036588301 -0.00896238673763829 0.088211274631269 -0.141195566199568
0.153471798629292 0.0560186519819083 -0.136865268260354 0.0575511346004195
0.185720501849462 -0.0339019477297564 -0.239771834096368 0.246904656124792
0.113275773496906 -0.104568988514007 -0.0273100420918545 0.361410129720435
-0.00761983681039137 -0.116178810686433 0.166493324331704 0.25231037887802
-0.0603865933397568 -0.0583107322302595 0.175897074382439 0.0517763623932288
-0.0525094921704316 -0.00242868263155103 0.0983683525588269 -0.0196215201574853
-0.020407388019456 0.0293161361011834 0.0578228855026519 -0.0164670270864196
-0.00621530162009233 0.0315434803753939 0.00613795754590434 -0.0136606111237876
-0.0127516775367703 0.0277125701688956 -0.0457539033442684 0.00890327210604301
-0.0539718029030062 0.00847489441457294 -0.102826637554513 0.0167371739514185
-0.0776626045518696 -0.0461732408664454 -0.160194913432307 -0.000412837421184224
-0.0517213405561273 -0.116243817390714 -0.216265152395753 -0.128748680403752
0.0657287843973309 -0.156499511952401 -0.127189107053065 -0.280212700940707
0.177538606474508 -0.0856977351172784 0.049142885007828 -0.307664589729421
0.17639752649679 0.0145195778752444 0.105330687616836 -0.132977613769576
0.114102341436623 0.0233389035750776 -0.147127867301453 0.0926507106024523
0.122568077824983 -0.0503706007204909 -0.0971209846240569 0.299217681538492
0.0651549028588052 -0.096014144966603 0.142094943870354 0.27698910093508
-0.0298241656906443 -0.0992142302938261 0.244832970676258 0.1119967360093
-0.0660583789192218 -0.0496605849162455 0.165537669056381 -0.0354548558289986
-0.0517249555781669 -0.00345834559614219 0.0770220606358287 -0.0413952120039849
-0.020682802046332 0.0247468655517164 0.0434889745134895 -0.0118251735518693
-0.00534891720056541 0.0289524873272518 -0.00796966739250101 -0.00184941253173746
-0.0102546543504166 0.0287191632554158 -0.0591128702133406 0.0169405961996696
-0.0508431478680147 0.00983659595508567 -0.10991664717484 -0.00476756698132933
-0.0690981628049157 -0.0551475344365221 -0.147614100731313 -0.0761269170095242
-0.0186337103914726 -0.135868124280809 -0.119833482969331 -0.244613016613042
0.134135696878771 -0.156950846190152 0.036864662826213 -0.341480755051244
0.246170761793645 -0.0548269593762756 0.184197301545352 -0.28118202856389
0.213960637721238 0.0515891564377344 0.0997709285257194 -0.123772474684468
0.0692865517291501 0.00715222681349132 -0.127881315540765 0.120563009906588
0.0694269021291375 -0.0405054462136787 0.0373700726151237 0.275492966843307
0.0328447818574952 -0.0680729917874314 0.222089606579228 0.142553962545366
-0.0342385752108877 -0.0707744044014106 0.232183243010277 -0.0223999315100932
-0.058206649589814 -0.0357224841093361 0.114707347432044 -0.0958039500156076
-0.0435728115481687 -0.00376372886460498 0.0440071063273758 -0.0528440997631236
-0.0186601923945343 0.018365574196476 0.0234238744080402 -0.00927476904779409
-0.00345898396348163 0.023932327840531 -0.0202829538731296 0.00987803070920709
-0.00694237725184991 0.0265062539519391 -0.0638307112690026 0.026309262515612
-0.0434344049285758 0.0103272271583604 -0.101545179790687 -0.0216941716182422
-0.0529577627326395 -0.0549762223861319 -0.096320241191248 -0.134492757202873
0.0196811161862617 -0.124076433655577 0.0353087602631941 -0.281169471375953
0.177603035216068 -0.103071792448049 0.216652168010856 -0.281915326513675
0.260291605148654 0.0102913278040936 0.273901481898133 -0.183833228548883
0.202721838392048 0.079749320596403 0.0737063718859666 -0.123992860961586
0.0335182014861626 0.00500172537605459 -0.101497883009425 0.132664703902698
0.0337423903407936 -0.0228404145234411 0.119996761067392 0.226922400148723
0.0161353578239693 -0.0359076281485984 0.235377250080853 0.0370086603672528
-0.0225289817897451 -0.0400202580215838 0.186995650183241 -0.106549959841606
-0.0359348414382519 -0.0202920029569099 0.0620039598091809 -0.124414107128467
-0.0267202074006616 -0.00398601081178075 0.0132547349796328 -0.0563897258550258
-0.0125485301996695 0.0103962432445865 0.00452154922218268 -0.00803594189979817
-0.00072280773422972 0.0157813068867117 -0.0266925660734064 0.0194563139030178
-0.00362883385976656 0.01889535230554 -0.0643654205048434 0.0347096702717808
-0.029874600038017 0.0092984372200312 -0.0914273102150662 -0.0294979112089079
-0.0333411228949263 -0.0413417979904024 -0.0421546596160744 -0.158978298232073
0.0356730345166202 -0.0815204778038066 0.164138652186277 -0.236386704351156
0.145675965015863 -0.0322746574340327 0.320453853008467 -0.148825475130933
0.186674296581539 0.0524831247626442 0.295399858206467 -0.0752118562837002
0.135901346888975 0.0697607699845763 0.0469241955142132 -0.133850565491493
-0.0318855587402862 0.00351504828268003 0.026817300687328 0.102012451013609
-0.0403041385990385 0.0116074376681745 -0.202482230300988 -0.0358062063464008
-0.0270360804243844 0.0185518717832802 -0.355627229480707 0.0214816404054416
0.00585176272411584 0.0167715123844814 -0.256140548054663 0.196994861040118
0.0119961074516041 8.02373783846747E-05 0.00314063010833891 0.190474840752573
0.00513020858554538 -0.0068488219672277 0.094229937882694 0.032608251726816
-0.00245837609836557 -0.00449452393981913 0.0612803019011755 -0.0410609173672769
-0.00248706380728973 -0.00317880050181854 0.0178109888316196 -0.0333708844974853
0.00144480406495805 0.0024485529325207 0.00209640085809405 -0.000375379150870828
0.00653442615521958 0.00456165571548837 -0.0169459527836502 0.0425471744671044
0.00923688265006378 0.0136989600027767 -0.0413212877979834 0.101653220121826
-0.00766997599561703 0.0169142669677052 -0.134563705215561 0.134072214306212
-0.0256567255089752 0.00267395847932496 -0.202357283723025 0.0330152395062457
-0.011795770450456 -0.016517555628765 -0.178597719309012 -0.131684107526079
0.00780272590024345 -0.00721744102163459 0.0295714826877983 -0.155662036172837
0.0561102202029879 0.0625068578593138 0.0250049679955838 0.0837138109990636
0.0809225386754839 0.058876658623066 -0.219854916126821 -0.0401790342444788
0.0723417903015483 0.0112230148976797 -0.354294122413606 0.0357661057664218
0.0333758112460525 -0.0312583880825083 -0.243465114851772 0.209538897846835
-0.00497770480117556 -0.0263370294122152 0.014285539581023 0.189186028811824
-0.0169946466025267 -0.00532138858237035 0.0930889466691376 0.0323036499849249
-0.00821950499360512 0.00944646384427413 0.0606605845193338 -0.0382769312228913
-0.00262922619354622 0.0101475803148023 0.0185475844655373 -0.032370297602386
-0.0018833720479539 0.0111675033578683 0.000723913565579622 0.000897690770032936
-0.0138827393045009 0.00734455823087113 -0.023515667698438 0.0433767640994907
-0.0214055629199418 0.00190766859192751 -0.0476804557844702 0.0994440190307785
-0.0325242446697268 -0.00946838148091738 -0.139762711724102 0.126093473337973
-0.0227953221072262 -0.0305968227017382 -0.204176443668414 0.0223807301558496
0.0114285092705288 -0.0333686984075284 -0.176065273933948 -0.135720149243595
0.0291023955736395 -0.0170594275252836 0.0315416580994246 -0.151931640013642
0.127926994218214 0.094834563408495 -0.0189792862350326 0.0542292513360526
0.180840863112131 0.0621665097483118 -0.281622540843546 0.0121054053947874
0.142753647563579 -0.0239833291047623 -0.331593346739282 0.163758838757715
0.041114812722742 -0.0778401234973165 -0.152497654777069 0.277747368743629
-0.0251630741669672 -0.0458414900832018 0.0663275338086785 0.174373850464457
-0.0353851029426913 -0.00184694164808663 0.0966255856753381 0.0211106951744884
-0.012499481167473 0.0219234692928745 0.0603230285633696 -0.0327789956864231
-0.00218161948499066 0.0211522800901462 0.0182143092208353 -0.0290645819870794
-0.00505867969597496 0.0178507656194192 -0.00988482659600658 0.00224349763371874
-0.0319795357271751 0.00887420933802325 -0.0465442647442055 0.0431021579883351
-0.0499041715816481 -0.0111894025468077 -0.0816616966672233 0.0912720522545802
-0.0540220114603349 -0.0389611484184862 -0.177314592256228 0.0868514816990129
-0.0139604608240585 -0.0693755090843404 -0.217803618553242 -0.039524123515532
0.0438104937085017 -0.0542168652470327 -0.146278245805181 -0.184219898133193
0.062605428221936 -0.0206119654588799 0.0509368519056103 -0.150811422937032
0.162400114801229 0.0829983381632464 -0.0838067904175785 0.0437042912330935
0.214029612088091 0.0115176723671157 -0.307651834763373 0.130476131710991
0.149063028520372 -0.0771768679207074 -0.213756018264431 0.312252949917646
0.0204871964921461 -0.107374688768442 0.0104043401494532 0.31275325665283
-0.0442381609924426 -0.0533487755384869 0.133916400222019 0.127079886027615
-0.0446219851962536 0.000821728422760621 0.100247288879506 0.00199972269491826
-0.0140663175709013 0.0288334982205944 0.0599799955905661 -0.0259079388475401
-0.00117236318764497 0.0271342841406216 0.0140727776991881 -0.0232817841067348
-0.00730461254995281 0.0221746941613554 -0.0277016163939748 0.00503997533885389
-0.0438545256111396 0.00943741303646534 -0.078281556254081 0.0374400328576978
-0.0689031274188781 -0.0259705704006726 -0.128268359066832 0.062774525741751
-0.0626613482373913 -0.07262978969714 -0.221458983506138 0.00293577017348925
0.0091915499072921 -0.11276599123912 -0.211043412592865 -0.150656732987149
0.0936297806185396 -0.0784244952846218 -0.0773774355452125 -0.257616918964095
0.11261599750396 -0.0144171954316154 0.0772208308357164 -0.148325263913651
0.151008085785891 0.0475011059454942 -0.130373587702665 0.0638464085753445
0.176540196242918 -0.0382988597983924 -0.231949527533825 0.252369187761996
0.105741773164375 -0.102838294600037 -0.0185844809815164 0.359052026271277
-0.0097890797299493 -0.109397394031194 0.172723796069042 0.246160105957194
-0.0577525848070352 -0.0514858065636664 0.175432888998433 0.045426495576889
-0.047454264434976 0.000349355475560105 0.0960063299344719 -0.0224059859042399
-0.014797216775288 0.0280633330252735 0.0552338036901758 -0.0200896026621622
-0.000553733494007693 0.028736454663237 0.00479510572869799 -0.0146136469994038
-0.00719232802767472 0.025157339521888 -0.0454161002865219 0.0114273945673645
-0.0473945687241745 0.0103094455535326 -0.102661641239672 0.0213852831730877
-0.0736965570059403 -0.039729096732516 -0.159602208515288 0.00468383634060599
-0.0522388807149167 -0.106700862988988 -0.218560729596745 -0.122140943013676
0.0571438266002476 -0.150459273933143 -0.133062571300383 -0.275221482009469
0.164725728239797 -0.0898563305350849 0.040367701896631 -0.306725474064125
0.170858397379754 0.00631190033033534 0.0950814766519435 -0.139555716784202
0.111577523571395 0.0163252184695074 -0.139032261192454 0.100632246111418
0.113714090828295 -0.0532651054714547 -0.0882354447822896 0.300345524166742
0.0583979452448466 -0.0919909902471918 0.147762546491976 0.274550555777741
-0.0299050639309193 -0.0910188773845172 0.249293546838666 0.106467032907467
-0.0625137566949824 -0.0438147212028912 0.16441197374043 -0.039659512962397
-0.0459662023669972 -0.00144942036562774 0.0765360074388748 -0.0435726906150748
-0.0147415841043651 0.0228136291079803 0.0439700505797261 -0.0162830905783094
0.0003558309691363 0.0265966472207378 -0.00717463907493877 -0.00245498422652649
-0.00484553310132953 0.0268948203840829 -0.0563953103146511 0.019044143170083
-0.0445686253489445 0.0130127933324039 -0.108213635723541 -0.000209803884061347
-0.0672299237491394 -0.0482377621583534 -0.147461654468594 -0.0711563137795283
-0.0215992209811986 -0.128140256718965 -0.124454647353488 -0.239052510039524
0.124408375781636 -0.154728283064097 0.0306922781861755 -0.337863419611552
0.235425783527521 -0.0623298000735235 0.175389165890496 -0.281826642372929
0.21044006443372 0.0416270047139601 0.0910196624896023 -0.129449850999744
0.0670622822218776 0.00288001770370793 -0.117383661559495 0.128944329890621
0.0620678063421379 -0.0409655265551002 0.0469618139464847 0.273404757382207
0.0283803073519362 -0.064303049882604 0.22396819842772 0.139033153655332
-0.0333893555161625 -0.0644554891291536 0.233435167437979 -0.025511552890211
-0.0543654640553662 -0.0315251561660999 0.114158902418601 -0.0970067883233916
-0.0388833543405202 -0.00251002962687941 0.0457300476885125 -0.0551860546225698
-0.0134281561280558 0.0166118207957234 0.025829913543897 -0.0132653637692833
0.0017388078744754 0.0219544909334366 -0.0169304701569948 0.00944483446798822
-0.0024913008430634 0.0256735984554167 -0.059456175786772 0.0285308065010554
-0.0386991413950302 0.0139591294390288 -0.0993218448915789 -0.0173688647980458
-0.0528981940332736 -0.0487230702129502 -0.0974917631035618 -0.129859168118975
0.015298434924939 -0.120054781827751 0.0293440405705497 -0.278035394499052
0.169452514344883 -0.104915855992113 0.2101403876968 -0.279554726798862
0.253380595384164 0.00132361367853643 0.265918723673452 -0.183189793228377
0.201505392374827 0.0707036019192775 0.0656662678990079 -0.127612162337025
0.0325993462651304 0.00262171938656358 -0.089584455509436 0.140822350763343
0.030151145033913 -0.0231282466855418 0.129425867130569 0.221555421741551
0.014019192987591 -0.0335742069690087 0.234641145928638 0.0336868511209388
-0.0216249074128358 -0.0358559602451032 0.185812952223595 -0.106493818846381
-0.0337693962198448 -0.0185756111210023 0.0620577188529066 -0.123037553549872
-0.0240532491628918 -0.00294825081414045 0.016790760376998 -0.0584245589447256
-0.0092866737579384 0.00964696682195231 0.00903995523365161 -0.0125724827933823
0.00287033090436227 0.0144192560410236 -0.0219586837463124 0.0188400533059797
-0.000569861701718565 0.0183954883913782 -0.058008265736196 0.036825267519672
-0.0267705238603963 0.0119267404839097 -0.0886000817727696 -0.0250292358821028
-0.0342143461729017 -0.0376243368574653 -0.0445670771413754 -0.154817044134242
0.0315566205575697 -0.08015025297612 0.158424398406762 -0.235824220978125
0.140845703796361 -0.0351194370407003 0.315396504863563 -0.14742728101073
0.183486165447437 0.0445619181286871 0.288476020277669 -0.0740929090796224
0.135552764912597 0.0629341976844205 0.0383291245701512 -0.135005601729126
-0.0312480657037716 0.00472115560951529 0.036540899644888 0.101115675060519
-0.0403835600190632 0.0141882523606341 -0.202640532108778 -0.0380430001910407
-0.0258604545673683 0.020121878149514 -0.358807112259308 0.0259359680459428
0.00725078428307632 0.0159504685865211 -0.254374175025028 0.203926413110203
0.011686431802708 -0.00107825231925 0.00966115470052942 0.192025450624073
0.0034737008207359 -0.00812831355548422 0.092595431248836 0.0284993488253846
-0.00360967579080441 -0.00418901221960196 0.0555151223044445 -0.0441784590958502
-0.00339384937704276 -0.00267924117923039 0.0121904171845928 -0.0323820434359486
0.00144339655748538 0.00282388053594056 -0.00173360672671798 0.003859133566045
0.00580327668909572 0.00461127349221566 -0.0217664811100106 0.047446638171092
0.00894529288285111 0.0129940607292623 -0.0440850959417066 0.105719719483194
-0.00742744970994591 0.0165679612626233 -0.133300713715498 0.137563227673093
-0.0247932274251371 0.00386046306197669 -0.204706708783733 0.0359352732722367
-0.0125248048785999 -0.0160581609205445 -0.187552604743298 -0.12735069572563
0.00644415001491617 -0.00808559276261198 0.0142477890236411 -0.164369640458225
0.0578989257824739 0.0601047014390065 0.0342027604965023 0.0834701174058452
0.0823749831421052 0.0570563879749373 -0.220751158219128 -0.0396328954481027
0.0730926972221749 0.00878615234583819 -0.35836868178161 0.0412369185833566
0.0319164280555239 -0.0332366057820888 -0.24014821347859 0.216366445671848
-0.00686847174520313 -0.0256589428499925 0.0210886803347017 0.188850001311697
-0.0178745964564417 -0.00424298019146974 0.0921075791840124 0.0280107771462604
-0.0073221611102456 0.0101582472376982 0.0548207664314144 -0.0415913230613744
-0.00153585528052385 0.00940651847906154 0.0129647364682178 -0.0315356626469464
0.000247534257282091 0.0097913801079791 -0.0039130538036094 0.00472470860010231
-0.0120581819288281 0.00715339396653265 -0.0273918141642112 0.0491998967772408
-0.0204893360599436 0.00255347676558333 -0.0504188646745233 0.103765972156854
-0.0320045172147163 -0.00638524125452706 -0.138567675543306 0.130223979120927
-0.0239179558144015 -0.0264180209868014 -0.207160422924478 0.0259697149727524
0.00662090638712584 -0.0328890383405164 -0.184212059408704 -0.131365303887141
0.0254520254769927 -0.0191214020410228 0.0163996857295951 -0.159958224360471
0.131070893174224 0.0883933718659509 -0.0132632474099854 0.0560415348583597
0.181587510968157 0.0554749290685335 -0.282883013963708 0.0177140923434024
0.141039817251816 -0.0293549554923028 -0.330993682354 0.170660304180906
0.0375283866972321 -0.079146945973674 -0.146577021207331 0.282896537672336
-0.02737876817917 -0.0431598809344787 0.0722107249925463 0.171616408469319
-0.0346431119970398 0.000808201785966664 0.0955805778893607 0.017191635607788
-0.00957700135357167 0.0221246220236442 0.0550726278588575 -0.035539604465658
0.00112237703573043 0.0191002701128915 0.0137487386183335 -0.0294116932087366
-0.00148447293079804 0.015351738073595 -0.0131653468572265 0.00565462033211784
-0.0283974001036926 0.00917029186199618 -0.0500027564319302 0.0494880334992997
-0.0474974796724874 -0.00855413909350525 -0.0834983852444366 0.0967978003313726
-0.0527275348221529 -0.0331212066693579 -0.17832674111851 0.0926496572289592
-0.0179856244945818 -0.0634828600693428 -0.22321390914142 -0.0355354050859007
0.0360489948377193 -0.0546723069206947 -0.156193161661576 -0.182216737775961
0.0578118779450078 -0.0243782719405417 0.0374812687451836 -0.159822913380572
0.164698925592515 0.0745467259121207 -0.0794311897773918 0.0486270809771333
0.211210461209268 0.00286612559301439 -0.306238716080706 0.142156036105323
0.144061472540122 -0.081179472708295 -0.206226575495007 0.320555480518856
0.0161372422319336 -0.105271491248949 0.0214274169896134 0.31360150648424
-0.0453985566137517 -0.0491586466103211 0.138395811998929 0.121417810666112
-0.0419102790595071 0.0045219945504038 0.0990563389054969 -0.0022264424756177
-0.00922498472639395 0.0281766026182277 0.0558116109798162 -0.0292365237451618
0.00341622421665681 0.024259547435393 0.0109522432168513 -0.024306207162788
-0.0030254896143989 0.0191174713404872 -0.0293470626346864 0.00870741870081673
-0.0386573412706302 0.0098217033410907 -0.0800819882501458 0.0437365460466737
-0.0651984860421745 -0.0214450688576106 -0.130372410341086 0.069801341667105
-0.0623175803465826 -0.0652351957474943 -0.225572341853428 0.010642886602413
0.0025895438543108 -0.106964845059076 -0.219657251714799 -0.146851626435426
0.0839864419858304 -0.0810082908587123 -0.0885666137030282 -0.258754456816953
0.108697463308387 -0.0211862140882719 0.0652294806356924 -0.157759859923016
0.151222560031478 0.0384229409028629 -0.125499333524211 0.0728090876288478
0.170362119403477 -0.0450105854995544 -0.226514744116076 0.264488411223169
0.0993113138503548 -0.104108134075789 -0.00665317566017066 0.365190095994321
-0.0123270294929787 -0.104775592113285 0.184749426996738 0.241764837259232
-0.056032550907142 -0.0462155083663325 0.178526110842536 0.0385802176818011
-0.0432434725409074 0.00323048968275475 0.0955178120826627 -0.0263502436104375
-0.00938959981597072 0.026712324815092 0.0534227023899142 -0.0239684191677842
0.00479707076429604 0.0253182898100433 0.00320286337054898 -0.0151808759732803
-0.00210678069499287 0.0226357856529748 -0.0454947603879357 0.0141614082475395
-0.0414329336205007 0.0121317355566413 -0.103089856719532 0.0277909630237668
-0.0710751689383471 -0.0338062199898233 -0.161739661078937 0.0110775207572723
-0.0538952951695387 -0.0996592903781555 -0.225845686215254 -0.115311083659295
0.0487419362591301 -0.14751991851007 -0.143511593803062 -0.274601553353
0.15528879011801 -0.0960749670177031 0.0298693160726325 -0.311444145548883
0.168669756806519 -0.00295344699273892 0.0844013831324425 -0.148577821902019
0.109635059309904 0.00892988757879607 -0.131711085648628 0.111014109216444
0.105836257678272 -0.0567054815928933 -0.0767333307757206 0.308603828007086
0.0528390105332683 -0.0898197051210457 0.159601332499457 0.27486475378152
-0.0310880175183848 -0.0849889836880773 0.258531086085867 0.0992678212320092
-0.0594507014199177 -0.0386276458251507 0.166300731927629 -0.0463708195902154
-0.041354725263655 0.000277357965935599 0.0768930576955422 -0.0477117135814187
-0.00957448521357829 0.0212273140013385 0.043494263357338 -0.0208829250199589
0.00527376932623291 0.0237108045938964 -0.00669393941493934 -0.00310436565211311
0.000220490474544698 0.0254119738706809 -0.0547274312286313 0.0223334154067253
-0.0391417093375413 0.0152100836346847 -0.107842804749503 0.00542387735114748
-0.0660402212779293 -0.0419814898980846 -0.150572854736418 -0.0661479906887308
-0.0253965450285831 -0.123194513260315 -0.133121453841586 -0.235850002411753
0.11632823483112 -0.156397871478283 0.021644424908336 -0.340372167318022
0.228536433500868 -0.0719781656882337 0.167625310433576 -0.288430357521623
0.210599867953327 0.0307123490626685 0.0811985477808958 -0.136737792023454
0.0649028772836492 -0.00243933223041363 -0.107592337216433 0.139778973337971
0.0562578862046651 -0.0425357570206237 0.0599131398801486 0.274516254558916
0.0246607806247948 -0.0614633221865731 0.231698993860563 0.135319323146927
-0.0330873763963643 -0.0589077948079766 0.238702991097392 -0.0319028101409639
-0.0516347932790202 -0.0275326915337594 0.1149973294732 -0.101404870401077
-0.0351924299593993 -0.00182562926888164 0.0466795373021504 -0.0589337916654371
-0.00914491227320257 0.0150018050299267 0.0274061054238275 -0.0186301212846675
0.00635246031412557 0.0192055369798491 -0.014397395005114 0.00859083503967296
0.00196881130999753 0.0250629587248782 -0.055806910472426 0.0312066080648972
-0.0344302802468545 0.0172229280801561 -0.0979510463837641 -0.0124292784645104
-0.0540203345342133 -0.04350793025767 -0.101827318812083 -0.126962275985295
0.0105234422911275 -0.11819764572775 0.0217601213818871 -0.279142951523532
0.163986224726218 -0.110279300166195 0.205401231772885 -0.285074417272786
0.250737732391933 -0.00982139732171704 0.261999946729785 -0.189315325906165
0.20400364952014 0.061155669253928 0.0557473255481795 -0.132692936825658
0.0319553972962368 -0.000592865187827728 -0.0768498734316222 0.151842541124515
0.0264490403371061 -0.0232925342755025 0.142557072982318 0.218473006621248
0.01266692300737 -0.0321697704409657 0.238278149786472 0.0283499542097514
-0.0207139639396145 -0.033013427218434 0.187801551587362 -0.110887990305925
-0.031590766008763 -0.0160150891693667 0.0625454037121229 -0.125021935684209
-0.0218379331808571 -0.00307109423132079 0.0190492521091959 -0.0621149663570366
-0.00642046170153985 0.00846911226930731 0.0118616415011107 -0.0173266197775519
0.00629539037351563 0.0127438253839186 -0.0178821026158645 0.017815731002308
0.00257217578897465 0.0180868070365446 -0.0529336269078384 0.0390481810210531
-0.0239439151369037 0.0147865345133139 -0.0874656922929206 -0.0201202544357751
-0.0357502494818854 -0.0341860833009844 -0.0490074994624815 -0.153351054815718
0.0281317330650024 -0.0808400607293044 0.153141911160285 -0.241107975400217
0.138940102391578 -0.0405238879738782 0.315521067350246 -0.151548442307833
0.183386959455086 0.0364045875688705 0.287338755939754 -0.0770687220024988
0.138485315699189 0.0563925758885624 0.0281560810673078 -0.138745188482231
-0.0309252362108242 0.00652582311562799 0.0480122909045723 0.096479905376577
-0.0390275982543521 0.0175349427159211 -0.201685511141965 -0.0342163201423683
-0.024016740289144 0.0221570521126812 -0.357993516299644 0.0392328029786311
0.00836427164804407 0.0147513882693821 -0.244474776574272 0.21570659404997
0.0110932829451391 -0.00236223798534865 0.0208353382325028 0.189633484713855
0.00142231993993116 -0.00842817168232366 0.0909597652355733 0.0221632988955504
-0.00468043873288054 -0.00330524024577813 0.0475431786835348 -0.0470360174646779
-0.00480084753181952 -0.00176166014477365 0.00641214668235713 -0.0308245126692132
0.00147787895640361 0.00334732559886049 -0.00498911672527408 0.00800120176739077
0.00570820366442885 0.00447908212728107 -0.0243217912476148 0.0540625636182631
0.00825387852627989 0.0117437199286591 -0.0430958692348617 0.110144989754959
-0.00679205311715597 0.0166546315194826 -0.126392777430445 0.143367496789951
-0.0237179317243825 0.00578879961637745 -0.203900906898493 0.0446977417440745
-0.0137189059427843 -0.0146407729427149 -0.196738885874872 -0.116348506546258
0.00474367174234203 -0.00788614898561251 -0.0062203915988851 -0.1691087844801
0.060108498057122 0.0551365983363211 0.0439060856309324 0.0793593160765126
0.084374459913686 0.0519461682220784 -0.220319477152503 -0.0334534582729213
0.0726117234155324 0.00423747438725424 -0.355522828526921 0.0550453981012737
0.0290308318880073 -0.0351598997729969 -0.229350583204258 0.226296587267812
-0.00904404088570141 -0.0248210490746499 0.0313296222077264 0.18514228497105
-0.0186291716326819 -0.00202570933749469 0.0907240868710589 0.0217822143331749
-0.00588670585650402 0.0106576276673192 0.0473454432197496 -0.0440605733716912
-0.000532858112531319 0.00860266630113829 0.00722258376590413 -0.0302887277179839
0.00149023583373679 0.00778150634082748 -0.00618684477442521 0.00884998540308642
-0.0101418709000661 0.00703268414040311 -0.0287820761481678 0.0556433461224469
-0.0188795551027781 0.00404999180441636 -0.049500957621618 0.108784622592744
-0.0303124780866683 -0.0025304563445811 -0.13262804315817 0.136332860896954
-0.0254396344389956 -0.0217669334574554 -0.206798135613044 0.0357486942801393
0.00158325633203584 -0.0310090469794664 -0.193002384091812 -0.119785308397723
0.0209653424368727 -0.0204643085349753 -0.00376629050263217 -0.164255383469746
0.133724726226554 0.0776835899059616 -0.00553786266303856 0.0557905264057688
0.181232380151606 0.0442413562217992 -0.279517933692381 0.0305403405907137
0.137378238345881 -0.037164698360687 -0.321586794878281 0.184298335409896
0.031384735416609 -0.0805026359755682 -0.131033433371638 0.287465023206487
-0.0296948731487594 -0.0391062665109974 0.0807934843700502 0.164331254293615
-0.0329391902168188 0.0048688128427584 0.0937485318001097 0.0106869361473097
-0.00588389605518992 0.0219846095822353 0.0490008711394057 -0.0388753280585786
0.0038999021979158 0.0167432148514568 0.00848650774288638 -0.0290063998496209
0.00134145547994818 0.0117407468934383 -0.0150579374724302 0.00979401332886234
-0.0243182582832727 0.00888249193782426 -0.0494334046329168 0.0567762409305876
-0.0442451726492672 -0.00495861861986943 -0.0816970293535354 0.103402234184527
-0.0511548584840211 -0.0263001746917556 -0.174546025610391 0.101880940212488
-0.021912707153978 -0.0562533376775175 -0.227656577463979 -0.0245400349793329
0.0273820714482582 -0.0536230448723845 -0.167730589656176 -0.173367673165723
0.0515721445540208 -0.0283849632400345 0.0186005033499397 -0.165217367216805
0.165046560802986 0.0608475104231506 -0.0721045406197956 0.0537166171399135
0.206090257307463 -0.00927856450755035 -0.296864962234308 0.158669934450396
0.135556153347209 -0.087565063894242 -0.188117745444522 0.329545213108941
0.00975066886780514 -0.10299945983793 0.0392654324881564 0.309319230212412
-0.0455368609776278 -0.0427727142759601 0.14375695160192 0.110535060161161
-0.038359225343353 0.00799964990802289 0.0964459653098536 -0.00839228880249717
-0.00475735450926748 0.0267090761907604 0.0506857307197711 -0.0328179359034482
0.00742789074984739 0.0208032831524914 0.00685534938962736 -0.0245455781007402
0.00116205317270645 0.0151397186605511 -0.0299393896562315 0.0124292186402107
-0.0330338739036929 0.0102132570272207 -0.0787309692479242 0.0520842509450434
-0.0614990295886653 -0.0155166102666244 -0.127788486645063 0.0789749364192568
-0.0615258406394734 -0.0562414091112408 -0.226407745028846 0.0240748618349167
-0.00477318378559177 -0.0992832750091955 -0.230039632970647 -0.135550625577226
0.0714698375534464 -0.0825111933588415 -0.105185514548763 -0.253284763271693
0.101022142343747 -0.0293401525649909 0.0475607969813571 -0.165000937738122
0.149350824884253 0.0261273520318326 -0.116584367045725 0.0824381749128038
0.160715886136736 -0.0539576307652654 -0.209489382625412 0.278737181162629
0.0894522706573442 -0.105027531294506 0.0148900700426461 0.365062724781899
-0.0168753630109216 -0.0983920734630329 0.199684992459162 0.228684005123437
-0.054379324630497 -0.0397577540491498 0.179387266973779 0.0257780782943707
-0.038415223690534 0.00642974814736674 0.0928679138746079 -0.0324572570489353
-0.00396934661984504 0.0248011644203413 0.0499563728451877 -0.0283027278673094
0.00903947497415895 0.0213464242130151 0.00113383689882786 -0.0161290811886064
0.00285989699625922 0.0193659381472687 -0.0444664406547639 0.0181035370854356
-0.0347877600849293 0.013413897079633 -0.100872346090727 0.0361122880796839
-0.0675817851966617 -0.0264130570800924 -0.16107858404877 0.0213170746079425
-0.0556787279631521 -0.0902324672434392 -0.232531179242638 -0.100881754617142
0.0370580930971947 -0.142413772338336 -0.159706427949975 -0.266200421894201
0.140530447052155 -0.102789641854522 0.0104160667621204 -0.312285905597494
0.162603469610209 -0.0159542483128379 0.0688013511362422 -0.155486672851028
0.106021601745192 -0.000212167941882533 -0.119185311508956 0.122353743910373
0.0962457471935693 -0.0607111381148468 -0.0580118472933818 0.314101124547262
0.0448992900567326 -0.0873172532186923 0.176959075625254 0.267246185384679
-0.0323370986990824 -0.0781469779315263 0.266784810118887 0.0837690338811065
-0.0562862837211971 -0.0323451444121667 0.164193025721445 -0.0571673058343229
-0.0362031378599495 0.0022274223693786 0.0750985864407268 -0.0529455283033208
-0.00466146807033528 0.0186842342545946 0.0415531579908717 -0.0255723396810206
0.0100996306123975 0.019710932477814 -0.00643631659070127 -0.00400917286124763
0.00562593227407913 0.0229579331692766 -0.0510678806240934 0.0256641963420156
-0.0327564269656889 0.0179838360360438 -0.10565393715147 0.0132363970224951
-0.0647857700453204 -0.0342081097345976 -0.153219936495981 -0.0563988122771628
-0.0315719487798218 -0.115898407309087 -0.146086708078532 -0.226126489617461
0.102788884802446 -0.158018193953768 0.00296087288674032 -0.339320347449525
0.215768316887043 -0.0854740219010132 0.149375348154724 -0.29547189875308
0.207851050963391 0.0145061922814816 0.0665524958631866 -0.142430791189439
0.0619769901177139 -0.00818073590272884 -0.0913925572448432 0.149590198487646
0.0488383456191872 -0.0435499654906946 0.0783621484461469 0.270813907572081
0.0195750781348697 -0.0583119464923145 0.24041509008206 0.124564952385628
-0.0331210390917989 -0.0530546084949823 0.240230970294113 -0.0447181373264302
-0.0482797816292015 -0.022615004444199 0.112004831524857 -0.108085222917843
-0.0308715843725231 -0.000751261688548199 0.0462405646094892 -0.0634783716534376
-0.0050426554288277 0.0124429923034535 0.0272650162102005 -0.0238600136139461
0.0105186521337572 0.0162867053692028 -0.0121122183620113 0.00745614269131778
0.00694033371402013 0.023075469284847 -0.0499831650411151 0.0342672567675206
-0.028878633545762 0.0197700521414314 -0.0957594576279784 -0.00480736241614704
-0.0549081202027764 -0.03631708794606 -0.107804302060912 -0.119431047863723
0.00229646530237858 -0.114994085613315 0.00684873808693842 -0.277757214303205
0.153286626442684 -0.117458802794266 0.190561432994001 -0.291884819902908
0.243345417312288 -0.0259537381223122 0.249368045556582 -0.199793340382109
0.204420688252871 0.0450134892104812 0.0422835648892188 -0.135446727624549
0.0303939303290212 -0.00417227165791717 -0.0592502048199245 0.159848619814195
0.0228437843269685 -0.0236746865868799 0.158152070357529 0.207872258401623
0.0103826027538886 -0.0304682289901115 0.240254697791851 0.0164999040709725
-0.0207078154824901 -0.0299456431360105 0.184473834933582 -0.120203124727037
-0.0298476604384404 -0.013842755052013 0.060004718769118 -0.12785318178895
-0.0196882718926544 -0.0026480323871648 0.0192787415746038 -0.0654593909583447
-0.00391368156404496 0.00683658563535748 0.0133377829805892 -0.0227465101897443
0.00943536520924805 0.0103420857559657 -0.0137724567052308 0.0166694161981282
0.00620372749725891 0.0174487879155479 -0.0452588764951702 0.04154960007777
-0.0199806971837145 0.0172257099817334 -0.0846155323839151 -0.0132720450494933
-0.0374851824675053 -0.0292146216051982 -0.0570055146277415 -0.148110948370066
0.0213122792745135 -0.0800491267909935 0.140106393415419 -0.246743906065451
0.133816495903516 -0.0481746196243103 0.307977554905539 -0.162285117063187
0.181297437248548 0.0243182429799742 0.280054931412312 -0.0867801620302608
0.140170088066061 0.045437390908697 0.0149016181311583 -0.139030854249877
-0.0280700609285185 0.0119251242527606 0.0666975080544325 0.0800707918488863
-0.035578409770204 0.0232046821405658 -0.195448717312198 -0.0121360682147525
-0.0200291290985588 0.0266546482430191 -0.338205039787187 0.0821939186470223
0.00970925049659722 0.0132393908683943 -0.201824933239843 0.241619307974714
0.00907810069891279 -0.00367020229819158 0.0484329958659241 0.17675932350798
-0.00102212613906443 -0.00803176937282158 0.0869727128293386 0.00779866563745317
-0.00555688549376845 -0.00203588002920129 0.0346676753697887 -0.0506507665961447
-0.00575364190445359 -0.000187248092988221 -0.00144723257647853 -0.0267727886283587
0.00145545735596075 0.00302947856058516 -0.00507745750008461 0.0127701961711198
0.00504104647307976 0.0034370921727658 -0.0181139546751267 0.0602837349017446
0.00923167024463424 0.00885225165093631 -0.0305449936037834 0.112941403631179
-0.00257443686692819 0.0162847560167945 -0.103233918268804 0.153249639656765
-0.0186429500687632 0.0104422021142343 -0.191373533937681 0.0696897714090478
-0.0149231766013995 -0.00787240506540046 -0.206315395411746 -0.0807823627506026
0.000468632673573711 -0.00745087783457301 -0.0409069393725799 -0.162175083857515
0.0666886587680897 0.0437882909953511 0.0511087649833743 0.062721977598465
0.0849691022459779 0.0395431494548597 -0.216550834049566 -0.00884448617265668
0.0683054372490568 -0.0039735540254563 -0.337431111068772 0.097244968318447
0.022153440440708 -0.0363807577768746 -0.1870187298947 0.249596687438775
-0.0128231269131002 -0.0211049405257235 0.0574593435220824 0.171482850247888
-0.0176840770162208 0.00124790504441687 0.0871637623804171 0.00789069114087322
-0.00365225159171771 0.0107456842005404 0.035683610620057 -0.0482135922778046
0.00146441570722501 0.0075597971672425 -0.00078735418779517 -0.026713813304909
0.00311835049562134 0.00495901599860338 -0.00629564885878996 0.0132338250289336
-0.00711499527024529 0.00656401583338515 -0.0220074815692122 0.062858692783723
-0.0153381542170039 0.00545203233245888 -0.0367782546689587 0.114025637048718
-0.0247456348500325 0.00362897495781902 -0.11179239309963 0.148693355244106
-0.0247123409880297 -0.0122574783172787 -0.196598541273603 0.0606567262560405
-0.0054717368912489 -0.023280413982537 -0.203361189727113 -0.0866925205481839
0.0119586299971614 -0.0209354498038419 -0.0366781385754519 -0.158555473945316
0.140646747113676 0.0542363608459772 -0.00613783445788946 0.0474036506176676
0.174509634522496 0.0193731922750322 -0.266588035303911 0.0635695949476921
0.124112913207667 -0.0509496957848299 -0.289406496655887 0.218558832049199
0.0187972226438604 -0.0777646441986609 -0.0844803287797179 0.294138652630395
-0.0334580951151876 -0.0309474150703115 0.100414614758028 0.14469692785811
-0.0288296843544998 0.0100972780946417 0.0891265467536448 -0.00232310585726991
-0.000922905058376137 0.0205575116567029 0.0390657361548996 -0.0431570738690353
0.00714335663253526 0.0129495194960207 0.000743696418891445 -0.0266109640941526
0.00413195537527881 0.00782735661437706 -0.0141071308218414 0.0141724885697369
-0.018558830942356 0.00909309451189172 -0.0408133570335377 0.0659514867200854
-0.0379475047948678 0.00120543424538861 -0.0674742936687602 0.11384732258067
-0.0450798325163832 -0.0142240489976263 -0.156796255010419 0.122360153044623
-0.0267436461416099 -0.0420060405985034 -0.224472660004496 0.00579543631487702
0.0125629441701967 -0.0463060443945203 -0.186345840096743 -0.142593752960701
0.0370030670959441 -0.0332545861180986 -0.0139383211365676 -0.163531027655258
0.167208502369413 0.0328717447116719 -0.072600949431162 0.0586513428122727
0.189839030816386 -0.0335005267477475 -0.265340378320051 0.193253389001094
0.115945144512083 -0.0969890359346653 -0.140029830143624 0.343025175328915
-0.00272565437144219 -0.094293908511184 0.0826672409088424 0.288779776702238
-0.0466960675584343 -0.0314418569799476 0.15224293347273 0.0848168730642387
-0.0319888387974485 0.0130243509755012 0.0903727506515604 -0.0212464023457215
0.00193513499170729 0.0239857726769769 0.0431403295924366 -0.0381974422961022
0.0113109763252976 0.0154524315371221 0.000740048161741713 -0.0235645447452576
0.00511515285735415 0.0106080749562289 -0.0273762983157736 0.0179815833338645
-0.0252889564460721 0.011643149687261 -0.0678232003103587 0.0644615847864287
-0.0540480726040296 -0.00547573340606247 -0.113642204016928 0.0958591028404141
-0.0584133233567662 -0.0392440304000723 -0.217435404316566 0.0547726790425679
-0.0186306050535506 -0.0827757034469938 -0.242613750977331 -0.100310994906155
0.0468738086739798 -0.0790960968695874 -0.137535394700041 -0.230399455907651
0.0818998977295519 -0.0428497869891509 0.0170718499965962 -0.166565772631387
0.145142545543866 0.00164265043022476 -0.108560453282511 0.096010626756531
0.140822939817902 -0.0686764819926053 -0.163215587876802 0.298850769517091
0.0705101625958562 -0.106181644290957 0.0630959779802662 0.351508650527385
-0.0249693938685857 -0.0865080467091123 0.225757309168677 0.187701824339478
-0.0518750430752648 -0.0275906084041157 0.175548018647508 -0.00111874989686538
-0.0315323256994787 0.0100960561764967 0.0842869902715012 -0.0437288564435504
0.00267031615208673 0.0206851968515161 0.0434937140991337 -0.0348079038294315
0.0132243524788976 0.0157443482118242 -0.00272552696135682 -0.0154705082961982
0.00750643265820959 0.0143554645403435 -0.0386822714626858 0.0237969647624921
-0.025679356219933 0.0154029753366778 -0.0901530177776289 0.0512508672788754
-0.0607367510517641 -0.0133358912943828 -0.151595217779073 0.0445087418103159
-0.0595167847977787 -0.0701643534968355 -0.23990805036158 -0.0638093089851285
0.0117731417630909 -0.129726538302304 -0.19326430849975 -0.236766766703872
0.105815396491953 -0.109118194847077 -0.0343012537417501 -0.305948935630665
0.140969600969608 -0.0407423707997689 0.0414170256739484 -0.159850601722137
0.0990425096186887 -0.016524131764662 -0.099151887827935 0.13653432589553
0.0794783221971989 -0.0655577999311993 -0.0104104501757762 0.310734647086072
0.0311074079174672 -0.0840305690859656 0.20713793837617 0.235883960068635
-0.0358767192575712 -0.0655939572080638 0.269377234116707 0.0390824274996494
-0.051560537600621 -0.0216933059794461 0.150322209159084 -0.0783928812218059
-0.0299154779969473 0.00514557792123014 0.0661318067661066 -0.0619210166554326
0.00120396131231609 0.0144298532049782 0.0362825604698677 -0.0325989596070388
0.0140180303007859 0.0132210816995137 -0.00666921818480412 -0.00397908995772932
0.0118394653631196 0.017751605350829 -0.0426800393850359 0.0312655065227243
-0.0229838708759739 0.0203355115068406 -0.0964724833433157 0.0297158473780921
-0.0604035906925143 -0.0192009653805737 -0.152970954626579 -0.0312421012931696
-0.0435986058186444 -0.0972805550481561 -0.172773641532472 -0.195902631791032
0.0680548333006652 -0.156409986726015 -0.0440597758084867 -0.329922838948491
0.177665805441551 -0.107352790281782 0.104524960839301 -0.308552951120481
0.188334939642048 -0.0207549445817787 0.043749030025649 -0.144998323365784
0.0560403841556076 -0.0175951169727809 -0.063532795536834 0.159594644798182
0.0382287240242224 -0.0439345255526941 0.113548244626696 0.247892845902996
0.011529635559726 -0.0545520035208394 0.248311270801901 0.0894174466702104
-0.0337966544461915 -0.0433851495702694 0.225344552547455 -0.0791623535729734
-0.0433980836253967 -0.0149891377368323 0.0958731392475999 -0.119304510872191
-0.0262120586344462 0.00141941576142008 0.0384875033837635 -0.068575262731704
-0.000630634871853335 0.00931825649051445 0.0234976731118794 -0.0304040685969049
0.0139071832756889 0.0105433766447421 -0.00906395667904029 0.00677700172427838
0.0128090860970578 0.0189409719651902 -0.0390370282733676 0.0381557469280893
-0.0198657618594469 0.0233742524747386 -0.0886757527746473 0.0103480453043386
-0.0538134803036525 -0.022172772917127 -0.117707185460286 -0.0973982804656842
-0.015518851843302 -0.103088999346653 -0.0332059498368502 -0.267574494221416
0.120380305208675 -0.130896547880207 0.145938082830522 -0.308059561965924
0.213432338815445 -0.0591655182207516 0.215904425849847 -0.227745300496876
0.191083901350489 0.00812500513774155 0.0217441971866205 -0.132862256939769
0.0274875408367934 -0.00807535028962099 -0.0271203245201351 0.163374378084202
0.0178882194134138 -0.0233185145746732 0.181913225674812 0.17332483746298
0.00589475419464383 -0.0295908306626201 0.232408520406856 -0.0153872289290324
-0.0208780259043657 -0.0248045555511289 0.161035044398662 -0.141921375333396
-0.0268948716281864 -0.00889852302380797 0.043749179642565 -0.130586820226216
-0.0173548324932632 -0.00126697210729073 0.0132339424415825 -0.0681751044528123
-0.00118512616178663 0.00432143866085063 0.0106104404129036 -0.0277221841947945
0.0117880496943219 0.00585957903578111 -0.00794948516066669 0.0147468503765761
0.0106206415416881 0.0146941875476353 -0.032634681104815 0.0441951726605919
-0.01347635894486 0.0194153552760234 -0.0791234075550059 0.00107887488527041
-0.038813505891609 -0.0186122010827735 -0.0734623895879832 -0.130971140123333
0.00505040206068572 -0.0753729825476445 0.100615565833532 -0.254541423101674
0.113311538990573 -0.0661441996656805 0.276243236208985 -0.196885270734333
0.165264401910109 -0.0066931021309586 0.261399341753146 -0.119563943923026
0.132388019372384 0.0184350448624666 -0.00625813670602247 -0.13132175166045
-0.0266338002389142 0.0114006944672685 0.0673827824564228 0.0719567984158569
-0.0328401578656349 0.0231451541829115 -0.184796512541267 -0.0199039632279896
-0.0181206602447654 0.0256828695737432 -0.322746115580745 0.0719338548290802
0.00973351315106702 0.0120412499566837 -0.193941666055785 0.227815663354858
0.00837205162022114 -0.00406322943812118 0.0458947383977654 0.16702804148946
-0.00210993642009994 -0.00706704435584921 0.0797548518443486 0.00695645667176247
-0.00520981192737305 -0.000907685114613701 0.0288287311367555 -0.0470571756649451
-0.00604388079788398 0.00063227419687417 -0.00358254047910447 -0.022414767743934
0.00126056492298478 0.00301924132336305 -0.0064178224600301 0.0159115492469026
0.00452045465478681 0.00411485945056464 -0.0196889531134178 0.0624943984832441
0.00827119019412714 0.00845259902527172 -0.0331341337009895 0.11086541773347
-0.00269036640208139 0.0150947155070045 -0.100531061956666 0.144032134749016
-0.0166862106901867 0.00962678743288176 -0.183411033328073 0.0637474479418237
-0.0137900770377584 -0.00679887176186541 -0.197084658979467 -0.0770864905891161
-0.000280122256768801 -0.00612242634131145 -0.0482896941312242 -0.153101412598696
0.062390536157507 0.0411002157928917 0.0524070108809436 0.0557234551242743
0.079753222542156 0.0379137276233798 -0.203553535358154 -0.0144400616553332
0.0648708503518214 -0.0031913757918141 -0.322382827759771 0.0856713062293067
0.0205443140851581 -0.0341738029586297 -0.180085784926664 0.23504282065136
-0.0126943568844758 -0.0197620056701679 0.0533873230207789 0.160692719262817
-0.0164338299163525 0.00250198519148876 0.079869994801161 0.00616173626403724
-0.00271888158339557 0.0102569970628716 0.0301131880742197 -0.0443788714745355
0.00118668811417688 0.0065739393266731 -0.00332104789060564 -0.0232564839478503
0.00272958775516191 0.00318469215364815 -0.00758357619797952 0.0162676920147975
-0.00611785927145704 0.00492330107091498 -0.0224688599229221 0.0645848519809909
-0.0136611585591215 0.00493465312172833 -0.0385297871350485 0.11178733587206
-0.021414156376037 0.00407869207644654 -0.108176231411092 0.139739285744791
-0.0221528760646265 -0.00894117785050209 -0.188072201477441 0.0557957026666566
-0.00618960605470094 -0.0194819046989009 -0.193613480647854 -0.0823339540298521
0.00883004080296487 -0.0183269049147966 -0.043881695158995 -0.150692194596943
0.130752841408799 0.0505775578144088 -0.00222339518315948 0.0430267990515338
0.163160198926981 0.019458468237881 -0.252103366971763 0.0559554714392837
0.116121232344926 -0.0471298353585993 -0.276673555733732 0.202400424573016
0.0172644320652742 -0.0722476427625894 -0.0832748041223174 0.276283210465479
-0.0310431651089911 -0.0279196327066001 0.0931767307993608 0.135141001717132
-0.0259144271274735 0.0103041068854578 0.0822528047942762 -0.00260100439658259
0.00101839216911013 0.0189909538494211 0.0336342833486491 -0.0404316525052735
0.00750516967420414 0.0104741973532169 -0.00156420062403602 -0.0233074946069669
0.00406729711824483 0.00420971622120307 -0.0148020605775241 0.016047680449035
-0.0155655955175308 0.00636195619215375 -0.039292510581257 0.0668476022349699
-0.0331355791600474 0.00117034092476659 -0.0663989095399581 0.110635226034423
-0.0386839505100215 -0.011569651640179 -0.151082307875813 0.115244579186289
-0.0239614570113858 -0.0345958633162786 -0.215233870772459 0.00359862895968907
0.00863931011086393 -0.0399196495136205 -0.178301893606636 -0.135654648184579
0.0309425091973776 -0.0308827210038776 -0.0217205539168338 -0.154852758682103
0.154964124451277 0.0301232331958837 -0.065007450403853 0.0548492234477627
0.176034312477027 -0.0299176196082214 -0.250813965533602 0.181648452205373
0.107857838437914 -0.088847080901186 -0.13349643814625 0.323446549830596
-0.00167340676235915 -0.086927068687548 0.0761195308133514 0.27233931903269
-0.0417096970862219 -0.0277219654187842 0.142049191175933 0.0784394032603369
-0.0270763182513032 0.013004190377766 0.0836247114410105 -0.0204274805985369
0.00426733534343666 0.0205407585566929 0.0380776966399936 -0.0364415448024457
0.0121046227393829 0.0117679320169276 -0.00170727686534269 -0.0212199951578611
0.00612133846861926 0.00628082101444864 -0.0263155879248198 0.0183647602829571
-0.020794769359902 0.00790577176226115 -0.0644866741970683 0.0636736997140986
-0.0466304040785576 -0.0050906118682666 -0.10891032310433 0.092793771096862
-0.0501480929317176 -0.0343626588424881 -0.207465462291716 0.0518076464417774
-0.0161355967812485 -0.0717615735189129 -0.231660893181871 -0.0967443698067524
0.0396208453454238 -0.0703295749684124 -0.13198459804785 -0.219551173553883
0.0727074662234828 -0.0402040874312699 0.00825637590654843 -0.158854301599917
0.133716443712226 0.000519409622860587 -0.0989673679675918 0.0915216754049703
0.128465952042597 -0.0622279087363215 -0.153521268985893 0.283404478578839
0.065342804514388 -0.0957185950605357 0.0604564376879408 0.333401209949031
-0.0209666017104473 -0.0778442748107852 0.214420926162334 0.176292502017798
-0.0450873042378273 -0.0248740890529934 0.165772557274245 -0.00211003314402302
-0.0256784331429987 0.00857119535090738 0.0793100161803399 -0.0426243451447898
0.00486970503755604 0.0164374889737719 0.039427468968254 -0.0340429839519458
0.0141220762841533 0.0112870306086322 -0.00388399682635712 -0.0145628424896826
0.00971731506135314 0.0101410543489556 -0.0360261522985708 0.023134951825494
-0.0201904168276469 0.0121438310483635 -0.0845707426321507 0.0499366583225661
-0.0525406873066714 -0.0115996078545628 -0.143305157956834 0.0431050843546095
-0.0515920870988962 -0.0629244323038923 -0.226582564744605 -0.0607474619001068
0.0113772091003933 -0.116351371502055 -0.181873585670685 -0.225511287316442
0.0946124258456329 -0.099728524400356 -0.0322200717639913 -0.288954304244383
0.128562328491399 -0.0395670804070753 0.033637554189439 -0.152069732647864
0.0899678121675483 -0.0163453369811379 -0.0890927421137665 0.130278075852056
0.0706387004874456 -0.0587948862421461 -0.00854390476665595 0.295817240533911
0.0287318907254379 -0.0742004180563469 0.198663987778273 0.225441258896795
-0.0302033910802416 -0.0586166542929553 0.258237599915216 0.0354163090365102
-0.0441913813439806 -0.0200014081782952 0.143985492966684 -0.0753419151796658
-0.0246855304563704 0.00277984175315983 0.0638846846086796 -0.0607748357055889
0.00305752130855286 0.0106704050031563 0.0338275396426669 -0.0330671957277169
0.0150026332600271 0.00946047920901098 -0.00676374066832224 -0.00496294876752537
0.0134650449005787 0.0142373275768428 -0.0389369830206106 0.02890245894146
-0.0175543249690938 0.0179266593306188 -0.0892514538658138 0.0283185726329742
-0.0535181805714682 -0.0161001874974353 -0.144329977110955 -0.0293535393444694
-0.0391164179478897 -0.0885067512957294 -0.162219088681875 -0.186344141344985
0.06323939070299 -0.143759549191129 -0.0384066251919409 -0.31230597029872
0.163168813206167 -0.0990773089839804 0.100172736871836 -0.290171858958563
0.173555749555464 -0.0208498701318906 0.0366890772990369 -0.136162901037015
0.0500890647477793 -0.0171487723359603 -0.0531196521064034 0.152798930593452
0.0333003802790633 -0.0389613155617837 0.109736320461835 0.23496457584843
0.0108896167909008 -0.0475096609568839 0.237945585466326 0.0872533712289773
-0.028696692897645 -0.0386480310343452 0.217901290427441 -0.0752721552119081
-0.0373577856521082 -0.0138284618409055 0.0936350271227891 -0.114222974694707
-0.0218968259776217 -0.000685901700453972 0.0390098908571461 -0.0681836168895721
0.00124247587789125 0.00591057086811371 0.022433122894958 -0.0320149278719364
0.0144573433494628 0.00656215044365703 -0.00745913067938702 0.004748883802827
0.0147647593499649 0.0154453000665827 -0.0346335637637839 0.0349335382085432
-0.0152582335666175 0.0217175303725733 -0.0811229600078849 0.0101174718637471
-0.048883585270571 -0.018502041138208 -0.110091521952391 -0.092255245824881
-0.0147358815837553 -0.0945851345844469 -0.0287743871167791 -0.252124681011784
0.112116148397282 -0.121348684471746 0.141970634171693 -0.288631865501375
0.197815353359779 -0.0553781564794463 0.20636690167939 -0.210518012770303
0.17716509290469 0.00614842571356942 0.0159831549335468 -0.123783041004963
0.0244149671955604 -0.00822630188094626 -0.0176658577651146 0.156030268870354
0.0151307722325935 -0.0205626355149675 0.174399819654176 0.162973499375321
0.00553907699085555 -0.0254193079531687 0.221744851100669 -0.0122972308520881
-0.0177526215820206 -0.0225051556092117 0.156048975597795 -0.133967178177708
-0.02294391360336 -0.00858248168930223 0.0456699690950085 -0.125277058253008
-0.0148007839935894 -0.00251077651861435 0.0159970155988951 -0.0682145903918534
0.000150526741714153 0.00260008018158219 0.011393668919592 -0.0304835267556006
0.0119746146009017 0.00364609639781404 -0.00601972281153369 0.0109192269447035
0.0118203019432696 0.012354926587087 -0.0275916973845631 0.0397915229555569
-0.0106557209549133 0.0185505894431905 -0.0716402473998832 0.00149801889995745
-0.0361340339990354 -0.0157064360772119 -0.0681772381642505 -0.1232795653261
0.00389036346022894 -0.069566586933745 0.0976178280758166 -0.239618449741293
0.105218136023907 -0.0617009319637195 0.265724034759153 -0.180588002152414
0.153156113728014 -0.00586336240050884 0.24829497511295 -0.105497463724664
0.123167634558692 0.0162229222180125 -0.01084633047236 -0.121126660607049
-0.0264390904783022 0.00997436429914336 0.0665419631164985 0.0693572206786021
-0.0327061242962336 0.0216898691557091 -0.181145033846355 -0.0344584302317202
-0.0177481898777997 0.0247035977448881 -0.323877613134742 0.0501556288034078
0.0091915094929786 0.0119058687062189 -0.203797443190828 0.214134261046668
0.00809241288304657 -0.00397321225645612 0.0384228358347489 0.16493361689168
-0.00268481883791654 -0.0069104944383347 0.0758613555049056 0.0100430381296194
-0.00524547155848248 -0.000339569748514585 0.0270511702515106 -0.0431680126791257
-0.00679523140092048 0.0016396195995919 -0.0047913207898781 -0.0192127326361119
0.000522917151296863 0.0025441930965435 -0.00827093031969305 0.018914875586622
0.00379726324233409 0.00483435849995992 -0.0240568269672354 0.0658588200517052
0.00675495677476943 0.00863591655771569 -0.0414618207128853 0.111555025324309
-0.00367122573050841 0.0146400454195447 -0.108026375732567 0.136822824018558
-0.0161547879582837 0.00837756581615032 -0.185770130287808 0.0529636859319528
-0.0126406655083885 -0.00672834869646395 -0.191872762642764 -0.0848096191098333
-0.000195852163220768 -0.0047125829250809 -0.0500657243531151 -0.153174505020216
0.0581345824827193 0.0431820102589651 0.0526444286161802 0.053876676895673
0.0762860622571711 0.0411953437465988 -0.199197879836453 -0.0292578690703984
0.0641198982667882 0.000118296883598911 -0.323771549990401 0.064257978257528
0.0217259376044042 -0.032802991480888 -0.19106282053768 0.221167223596152
-0.011887099065855 -0.0192603645684683 0.0452798405212301 0.158696055337098
-0.0159126821794252 0.00270355827030072 0.0758590362993777 0.00948484094525857
-0.00207695011536283 0.00997888999113697 0.0280312805149523 -0.0413578195095418
0.000815219526200894 0.00599841816729193 -0.00474318595930536 -0.0202216355399944
0.00271136355063172 0.00154115883407457 -0.00915689285177694 0.018633146617752
-0.00560668571925117 0.00330444061641066 -0.0265192796132694 0.0676999984756753
-0.0122979629074628 0.00414011007172088 -0.046446264423569 0.111743876000397
-0.0192519518166208 0.00360247039906802 -0.116130779766577 0.132095602952469
-0.0198162287100104 -0.00736483326533407 -0.190095829439664 0.0451150408962883
-0.00677409964096363 -0.0172258250391648 -0.188397250752377 -0.0902254727659917
0.00742853777327765 -0.0165164872534134 -0.0450966266961113 -0.150256631554903
0.124218305058463 0.0546142863394381 -0.00065132517787823 0.0397349445474698
0.157611265657352 0.0270195274448765 -0.249659326930504 0.0406764791393877
0.115378502313833 -0.0404082579169112 -0.284026190450732 0.182511300146511
0.0199715724670664 -0.0697684271446994 -0.0971755920736693 0.266157094452073
-0.0291152323899428 -0.0274324988594641 0.0839422953025972 0.135175376046718
-0.0242029921634088 0.0102804452930706 0.078348330243822 0.000291110553020132
0.00162009001806209 0.0175057999376089 0.031976282585773 -0.0379033146914159
0.00772212952105684 0.00891788721922525 -0.00320698319530895 -0.0209587774895903
0.0042635183582065 0.00137651368768124 -0.0160261796434317 0.0175806914493662
-0.0144359003868741 0.00331367080631148 -0.042755501596087 0.0682330563213575
-0.0297095764416483 -0.00119245131577559 -0.0729636840933813 0.10961067792099
-0.0337610753083322 -0.0116939796173658 -0.156929922241869 0.106343428922178
-0.0201308240623053 -0.0303735598268749 -0.215012379393988 -0.00751593612016022
0.00756310899978013 -0.0346549877575413 -0.170590730044791 -0.141967593467568
0.0282056900979356 -0.0273406645659758 -0.0222967271117978 -0.153887650852026
0.148604504388506 0.0354283347427546 -0.0639406265752668 0.0500007357485585
0.17075348306661 -0.0203866359385332 -0.254139449216596 0.166409390100683
0.10917496317609 -0.0798289815661467 -0.146984992955574 0.310665496087353
0.00303426202500776 -0.0829927006365141 0.0611055922131102 0.270118571494493
-0.0379383982144345 -0.0276584296493367 0.135065688702749 0.0822103350939026
-0.0245065705046089 0.0119204770437064 0.0813738892323187 -0.0169985667231006
0.00545770555920617 0.0187477241243717 0.0370368231124081 -0.0343614480591826
0.0127171803993736 0.00952817239697338 -0.00302448236342355 -0.0197557040514602
0.00687782538485997 0.00312060507311925 -0.027657854935457 0.018190117510019
-0.0183367659997747 0.00461463013843447 -0.0667362853490555 0.0625863458031024
-0.0416353490001941 -0.00734901826951971 -0.112458346730301 0.0890080279176674
-0.0432126575504969 -0.0334979028830593 -0.208727334366956 0.0419270256886506
-0.0110531359193258 -0.065213972235698 -0.225647858921597 -0.107608972250778
0.0382730049676733 -0.0628249467251983 -0.120791358817043 -0.222653404446474
0.06848930287351 -0.0357695413268718 0.0090939709947468 -0.156321757784046
0.128484832690325 0.00538117307164225 -0.0979667246862885 0.086150550354368
0.125369766159238 -0.0530526135635312 -0.162530102832965 0.273609511017313
0.0679129706743893 -0.086957309182257 0.0461703923450813 0.331216909920126
-0.0142508999143609 -0.0741413657680638 0.203846664335501 0.181791362244776
-0.0394383640601886 -0.0252080232669779 0.162312043179873 0.00383748536327816
-0.0224436554566926 0.00668995034934364 0.0791978766596213 -0.0394238354112987
0.0067654760128628 0.0140868005528869 0.0391648659364949 -0.0331466823551996
0.0147417495790446 0.0085340893246304 -0.00433247129982703 -0.0147756739367513
0.0108169806967249 0.00720358598034321 -0.0362694635042446 0.0215641186339594
-0.0167543914836239 0.00911735331026344 -0.0849432903142607 0.046932906515505
-0.0465460934688276 -0.0127763382495875 -0.143468670643536 0.0374268308899197
-0.0439064216494496 -0.0607165892288455 -0.221369811440387 -0.0702351868207023
0.0165214301942782 -0.108211233446954 -0.170184252471101 -0.231081893885977
0.0929369192173837 -0.0902992146349075 -0.0192714740186902 -0.286299080341479
0.12321193027666 -0.0331216264119762 0.0342349838175486 -0.1482052448294
0.0863030551118171 -0.0131640213821206 -0.0885604655757082 0.125396723188675
0.068059927537745 -0.0517889626491614 -0.0195892001151095 0.292920425530377
0.0317941819284555 -0.0668950675572979 0.18822810545645 0.232159771724296
-0.0230708736959804 -0.0559863495960127 0.255384958153836 0.0454559403584264
-0.0379725942744875 -0.0216264174367256 0.146067484281605 -0.0694959188313967
-0.0211234256637632 4.58683170011275E-05 0.0658298030106342 -0.058921522200193
0.00481912846850831 0.00754502587402076 0.0345604704468491 -0.0330974074007546
0.0156727915128746 0.00704434165387912 -0.00693724060642613 -0.00598437995667321
0.0147897509872749 0.0114681725173632 -0.0383897462959817 0.0258943405574865
-0.0141399853316067 0.0158332422016743 -0.0873351273204933 0.0246138587541835
-0.0477156632975898 -0.0165097026624883 -0.13923901560377 -0.0348947961630227
-0.0323606564092732 -0.0850258214197704 -0.150524933154615 -0.190690354875871
0.0672205233281726 -0.133438438193096 -0.0226468665367565 -0.308897320905832
0.159945851680374 -0.0875869731282268 0.112339482781476 -0.278849108990646
0.167764026990514 -0.0134751776968418 0.0379690742318865 -0.131864451558311
0.0473588328557773 -0.0155254345299634 -0.0526379358847729 0.148648729956922
0.0317337069407787 -0.0337593222380449 0.0993841718773765 0.237117279839408
0.0130823497157029 -0.0420331540270944 0.233383067672337 0.0981173123889047
-0.0232894708809698 -0.0370298280137564 0.221544598630378 -0.0647576171873163
-0.0320742719501522 -0.0158155461076605 0.100499606338462 -0.11066120056651
-0.0187528517349061 -0.00357846138931041 0.0430473434867116 -0.068698140247714
0.00289393223170348 0.00280363523558502 0.0235235822820754 -0.0336193955192423
0.0149815383324533 0.00468930192358671 -0.00729090012777875 0.0025156817287324
0.0162114401758915 0.0134522197345846 -0.0333097530544178 0.0313151158562287
-0.0125961040401053 0.0203039748276928 -0.0779212108965734 0.0066192000276479
-0.0449236863170965 -0.017804428383636 -0.102474138890743 -0.0945119944266444
-0.0100929917258113 -0.0909414641662192 -0.0143371436879336 -0.249121520237485
0.113331107051947 -0.112587855213598 0.15647017669905 -0.275656124520365
0.193340567556282 -0.0446855327702865 0.214293132875861 -0.193258748057859
0.171277561381014 0.0124245838243195 0.017424626834799 -0.118846571354084
0.0229644700166146 -0.00772433998406065 -0.0164394855677211 0.15355454048177
0.014600615290124 -0.017720346141151 0.165933564078458 0.167526123182933
0.00690062450176026 -0.0228369131996867 0.221188319690466 0.000108334246924735
-0.0149136026722015 -0.0216611132768034 0.163494637029829 -0.124348099733714
-0.0201471693897844 -0.00988174923056261 0.0549760025097102 -0.122696956149782
-0.0132291276133449 -0.00410511392536707 0.0210472845975576 -0.0703218415534448
0.00104689251705039 0.000809375544599508 0.0128558712465365 -0.0337392548240075
0.0125285359898406 0.00200865560817759 -0.00531415079281169 0.00826216439474887
0.0133244809269149 0.0111957327874345 -0.0259386677219489 0.0361454278227713
-0.00846286267414011 0.0178315297497049 -0.0670692282781461 -0.000902450113038887
-0.0334017967675418 -0.0151190714743879 -0.0605789194327942 -0.122746193871587
0.00593421041061445 -0.0667524612990299 0.109135874882459 -0.22973953627343
0.104562499388696 -0.0553659620661656 0.274034077024516 -0.160422855541204
0.148268436560918 0.00134963852235121 0.250190980931097 -0.0857077662489166
0.118389927779298 0.0205227574834119 -0.00876791487463988 -0.116917446668616
-0.0276839434753124 0.00967118512608668 0.0699865930795636 0.070933019699358
-0.0343582552525318 0.0217187593603627 -0.187564549659048 -0.0510837352904624
-0.0185578779860596 0.0256081933254418 -0.34367244964215 0.0324025580093096
0.00973881861518211 0.0124643577646018 -0.225922014816911 0.213061056880782
0.00817624360794918 -0.00475398122039592 0.0332791681223667 0.173002579947755
-0.00306057226614112 -0.00643952591604748 0.076677207268137 0.01297684713339
-0.00533631611601155 7.05351116934935E-05 0.026256452697129 -0.0428199793571126
-0.00783775387651518 0.00212539754473321 -0.0064668230100128 -0.0180657707543156
-0.000164432052614835 0.00287596083455864 -0.0104394328282127 0.0230516935138305
0.00362099502587177 0.00572033634778128 -0.0295515279509321 0.07355442855392
0.00562870362579135 0.00951351422457491 -0.0515747666295307 0.119177059423218
-0.00524947877494283 0.0147914315171138 -0.121591286386638 0.138060511905173
-0.0164714761000698 0.00847048376243713 -0.199501300895708 0.0454355726181424
-0.0123900085361188 -0.00697552947240701 -0.198596908266535 -0.0974494927825161
-0.000204170859024391 -0.0035520802103968 -0.0546916333398873 -0.161651646339605
0.0583081341426878 0.0474080810896092 0.0563042527364325 0.0551193120428151
0.0775732533730076 0.0471235306537312 -0.205528910527977 -0.0452439038383273
0.0672582152915421 0.00287892517198758 -0.343956674901561 0.0465881038696688
0.0234489379765803 -0.033846259021504 -0.21275527785593 0.221043982000208
-0.012207871720722 -0.0198523700197956 0.0398300153913747 0.165589598377434
-0.0166439317601741 0.00313156595714035 0.07670247245888 0.0118376156811379
-0.00195067363680185 0.00994321080441393 0.0274107078302568 -0.0408372503279126
0.00117870877794267 0.00574127166113887 -0.00702320201280238 -0.0187805447457984
0.00223513988044493 0.000254282221759023 -0.0115707124822359 0.022556435897214
-0.00573742909856589 0.00191405130214133 -0.031910324014062 0.0743357911103522
-0.0121299157606965 0.0035116349231072 -0.0562348348968143 0.118893099033107
-0.0189162652808166 0.00369494797934936 -0.130600914456081 0.132885664181763
-0.0185801623230351 -0.00587338982669993 -0.204045496333971 0.0369601211200056
-0.00764356562366234 -0.0158689990769922 -0.194245999694461 -0.103280132537844
0.00641041154326833 -0.0154790762140007 -0.04980264372223 -0.15876188476679
0.12554841807875 0.0616701067732688 0.000534854201230252 0.0396639164805549
0.161686025762656 0.0353135205162331 -0.261248575744977 0.0267989087384974
0.122066559796918 -0.0366663284209693 -0.307137364959298 0.174229582748585
0.0233235231996196 -0.0708445137663028 -0.116604267885751 0.272540233017822
-0.0292190914787975 -0.0283869964791889 0.0801431941322532 0.143857270637911
-0.0240820320263876 0.0109921772703086 0.0794373195991025 0.00307193851869239
0.00284086646652315 0.0174719679362188 0.0319048423722386 -0.0373943280725559
0.00866881424451359 0.00812889189890142 -0.00517555211459067 -0.0202660572449392
0.00487834718952423 -0.00103311110101823 -0.0188688689799017 0.0201293196067714
-0.0135059680515792 0.00035374284665433 -0.0482661039742918 0.0734385288251391
-0.0284278186144754 -0.00242276858916462 -0.0834158215834982 0.114728507008734
-0.0313377321908384 -0.0120094477654769 -0.171507658131449 0.104969004668498
-0.017685753361139 -0.0281593915204286 -0.227210743189625 -0.0183613741104442
0.00685540462210116 -0.0319839462159922 -0.174434152536222 -0.157866996574119
0.0267072375048334 -0.0258316282747155 -0.0247309585827011 -0.162040645582463
0.150872924494836 0.041719464276975 -0.0656485752109294 0.0488541198748014
0.176626353078119 -0.0122985425088197 -0.271854319634419 0.161037532400843
0.116256149407572 -0.0765484152801751 -0.16852430908574 0.316346896341724
0.00766436408593346 -0.0842606288097302 0.0502794674137571 0.283447127850152
-0.0363689812345932 -0.0288339544625925 0.135059451787491 0.0903917261801885
-0.0234532029802509 0.0118089728848247 0.0837703873923353 -0.0147722522919836
0.00719880993944416 0.0179024275264769 0.0374380428394531 -0.0345282617530093
0.014264708122271 0.00810377530658324 -0.00434985325818804 -0.0196513746036402
0.00763702806075304 0.000215155110731567 -0.0300932862897302 0.0194265476124997
-0.0163704789546185 0.00111273694168867 -0.0725658759474545 0.065254494992258
-0.0386055074099494 -0.0093465010553712 -0.122840623872003 0.0901902963515113
-0.0390469107101631 -0.0344159502405618 -0.222163658942609 0.0351000719673658
-0.00681850625995581 -0.0628356159467234 -0.233874692360496 -0.123594428848101
0.0389119191861205 -0.0591549401696491 -0.118171666255746 -0.239607210927066
0.0686761188241144 -0.0332233999488893 0.00941659563226746 -0.163512748946936
0.130767831670206 0.00994162049926661 -0.10275745553297 0.0861041125860395
0.129554013640719 -0.0472957879116421 -0.180687683022485 0.279750526890235
0.0739530393878162 -0.0833028698210851 0.0341700770083494 0.348504638214914
-0.00878297191486027 -0.0751482916954078 0.206143596078227 0.198091466702232
-0.0361062083805129 -0.0268236006485896 0.168954113021926 0.00909838852807699
-0.01982214532461 0.00534120347863753 0.0836684306669007 -0.0391697290330697
0.00883803668198989 0.0121632142924315 0.040767849287632 -0.0342141981522246
0.0162311075005118 0.00695251470138118 -0.00538623151798094 -0.0158564804000572
0.0123918418517121 0.00442418629981164 -0.0388664806392926 0.0208482575189573
-0.0145606069335006 0.00642165879025636 -0.0897901371823281 0.046781821487167
-0.0430318359187998 -0.0148151107343395 -0.150981779175119 0.0339379183776431
-0.0394497792658929 -0.0627488940530265 -0.229098502794206 -0.0835484857271401
0.0226647478074336 -0.106433272243362 -0.167931153311661 -0.250262555222644
0.0970001470496932 -0.0861522906188278 -0.00788200591247433 -0.300836351936667
0.125812534100673 -0.0290712653820057 0.0370842312678109 -0.153405823200371
0.0872787613381186 -0.0109465084392642 -0.0930800868698436 0.128493553398771
0.0699159907036155 -0.0478400204542324 -0.0312864766398951 0.306697735032859
0.0358538761132744 -0.063097508726104 0.190022202377155 0.251967329669476
-0.0175653465513257 -0.0563900108060287 0.267976505830403 0.0575729617116942
-0.0339553903615932 -0.0234756652591907 0.157209240857008 -0.0682013324024305
-0.0184417471272201 -0.00299933439876395 0.0720685228154211 -0.0612777054666715
0.00702716331690634 0.00482418482036587 0.0365508416166869 -0.0355412779088054
0.0171399356838504 0.00523867845082183 -0.00769017511528609 -0.00725364794058134
0.0169322006252959 0.00966057139865947 -0.0401471697870583 0.0253513933129426
-0.0113742005793055 0.0145443863370948 -0.0913203339597281 0.0221554659186679
-0.0453231490053036 -0.0176943736930166 -0.142900339633374 -0.0421945490296308
-0.0280197939928907 -0.0872191230942998 -0.148547152054763 -0.206068462657523
0.0755043461691365 -0.132313545724497 -0.00791860240064363 -0.323878662004157
0.166778717599665 -0.0824531648716153 0.131277769988843 -0.28601234053261
0.172579428031865 -0.00765774933235599 0.0410499015387166 -0.135186094047889
0.0471773075282555 -0.0145769839616025 -0.055227133621776 0.154546474556974
0.03191335674242 -0.0312234758926484 0.0959685861884962 0.252858812807193
0.0156418465705017 -0.039148255993307 0.243479508165264 0.114808530971826
-0.0190342601411362 -0.0377215878501589 0.239076896119381 -0.0590490531913199
-0.0291282925533986 -0.0180380069580593 0.11377355409308 -0.113781812593647
-0.0171172939514887 -0.00664636138796972 0.0500372498204871 -0.0734304944148519
0.00413527442396616 -3.14730905687233E-06 0.0260082320705528 -0.0376841627586746
0.016376280548223 0.00305997466089767 -0.00755877895157128 0.000380246428850396
0.0186743604914537 0.0127093559064024 -0.0339197421416415 0.0303419911835713
-0.0104848447761135 0.0203182327203529 -0.0789754514805602 0.00342792168492499
-0.0439733664570884 -0.0186772620019961 -0.10128885241275 -0.102762977790441
-0.0066764481271773 -0.0928707808914826 -0.00198995324851067 -0.261402437076386
0.121471687017788 -0.110446100944066 0.180327841924592 -0.278511415885152
0.200298295304427 -0.0374083271674953 0.23449344714605 -0.188698720990784
0.175877387983734 0.0197783484151018 0.0194455950221572 -0.121167128401108
0.0231194736179831 -0.00770230127350543 -0.0159043916459576 0.16074682931553
0.0147398006993584 -0.0166293442003597 0.168155758276237 0.181281017624844
0.00836868370903865 -0.0212192864738146 0.233773932622862 0.0111834420988517
-0.0130609167605926 -0.0222341314140385 0.181373387535416 -0.123244541514369
-0.0185745141739328 -0.011447709111857 0.0671386542945547 -0.128593232951434
-0.0117098042221849 -0.00620859597732237 0.0277839165866723 -0.07733670723445
0.00203781706855831 -0.00110024828349489 0.0149760665377382 -0.0389670427055438
0.013762907755097 0.000950749970558089 -0.00431104306357677 0.00545303102731017
0.0151327826327313 0.0110821714937095 -0.0259069361174826 0.0348962617161957
-0.00744181900252147 0.0181894078492041 -0.0671396699469912 -0.00374209164066516
-0.0336475016119427 -0.0151632801729054 -0.0562727805759259 -0.129644243535817
0.00865659868741895 -0.0675893700008923 0.126801039493849 -0.234784283153907
0.110186750330439 -0.0525340713279063 0.297907932937084 -0.150400265421265
0.152935414946048 0.00900599225059946 0.266739146933568 -0.0721224171882668
0.121455365672804 0.0259674525854768 -0.00842775720077645 -0.119103836158677
-0.0301750756874351 0.01531359135566 0.0909737414931478 0.0605099847632401
-0.0320601012139017 0.0270667844395437 -0.212349888302622 -0.039572211596385
-0.0126748570267338 0.0273370016284632 -0.37721257623412 0.0740344932442179
0.0116224626730156 0.00774793218534328 -0.216500872114232 0.263743874398171
0.00518709670417719 -0.00625087486019416 0.061352605438107 0.181303225056725
-0.00527560069520345 -0.00612375772927115 0.0825244648988021 0.00416425867500269
-0.00593736513106917 0.00064348464081879 0.0188762504806138 -0.0485431250878279
-0.00808823827938876 0.00478528931025929 -0.0111618323214193 -0.015110576418773
-0.000741343659154652 0.00355790174370157 -0.0090191600065546 0.030330313101642
0.0040865645000983 0.00568441260674434 -0.0231550121421595 0.0898331980292717
0.00527529968011073 0.00847873405047733 -0.0444660577960626 0.141787740117323
-0.00323490701489399 0.0153250049136872 -0.118879383991682 0.166899056074182
-0.0152899100612133 0.00962632724017966 -0.214717061969295 0.074904271035459
-0.0120165447966021 -0.00498134459704659 -0.230259229315833 -0.0800115211417561
-0.00054805631265977 -0.00175845990909271 -0.0893858401788201 -0.166994814465904
0.0694413103882266 0.0439783898584063 0.0647989538716453 0.0485138425748226
0.0923078597926994 0.0412939417376629 -0.235387693637761 -0.0289322587117653
0.0775934197122452 -0.00829308316943548 -0.379572254360459 0.0947638446488218
0.0201136674423412 -0.042970511603765 -0.202723082588123 0.272529425928422
-0.0181358431039079 -0.0194695417353279 0.0668098357598268 0.173411528192525
-0.0171177078054404 0.00670168205773203 0.0834475341789201 0.00198910527514511
-7.08369994528771E-05 0.0110695872568531 0.0206955409357393 -0.0477626806751
0.00257309476014489 0.00566038201455275 -0.0121193147059844 -0.0159734374736409
0.00149761489939851 -0.00152818286432063 -0.010443964120635 0.0293226261956169
-0.00593381091137297 0.00123088131053925 -0.0254819418695881 0.0902729829312574
-0.0124287307194909 0.00375609873641212 -0.0491514928717739 0.141941229525985
-0.0168380332615047 0.00551446956020005 -0.128947071740004 0.162387297685493
-0.0183440572653976 -0.00253399262850857 -0.220938007535064 0.0661657814602974
-0.00877360732252738 -0.0125184567383595 -0.227037039775567 -0.0877103801438761
0.00352773940190038 -0.0144595422627184 -0.082394210480775 -0.165364170629751
0.145202290087202 0.0494414047070451 -0.00358407075923 0.0439130868956346
0.181765362471394 0.0181366918070588 -0.29020615088389 0.0618429403526709
0.130636175797386 -0.0584494511332183 -0.323039902039197 0.233965559699588
0.014351283327524 -0.0816007287460276 -0.0900317464131185 0.316084632515941
-0.0360219177073181 -0.0252880833852384 0.10710307120461 0.144516859626596
-0.0231843044517833 0.0155898913819989 0.0855273480911752 -0.00891903886259662
0.00654462955441868 0.0174269988851228 0.0263094538378512 -0.0450423580279533
0.0115176322228949 0.00525744910678024 -0.0102074713211449 -0.0182272550971733
0.00414324320122659 -0.00487670572902037 -0.019043341290083 0.0269671377539873
-0.0136495147408873 -0.00131415762164551 -0.0435129537912189 0.0904254693308527
-0.0283750184107299 -0.00169861899272976 -0.0777904873372728 0.139956117543578
-0.0299709355637032 -0.00944057480806189 -0.177939651422687 0.138502444129346
-0.0189527605411854 -0.0243695725840555 -0.253917335717502 0.00825424951863765
0.00304905963633634 -0.0295627286364934 -0.212345717885403 -0.149675256933262
0.0219552978691524 -0.02825458238514 -0.055019680872991 -0.17252806286004
0.169339807319359 0.0230985569176516 -0.0754801622952653 0.0680699773156526
0.189754479142946 -0.036434911595009 -0.281692745329017 0.216148276815323
0.116465906659804 -0.0993418325846229 -0.147435277441466 0.376128068710593
-0.00372235067487548 -0.0913573090925793 0.0954305495537165 0.303473912629847
-0.0413529850869669 -0.023712248475433 0.159689396622169 0.0788384203644758
-0.020905529237009 0.015814140374032 0.0876742044802803 -0.0288557155552759
0.0116766227013223 0.0165287314616517 0.0339397788074592 -0.0440267341481206
0.017477819660607 0.00431095658419846 -0.00929974461629926 -0.0190187373275448
0.008482142680152 -0.00501001018897728 -0.0311757549928542 0.0262750316312572
-0.0155427989043617 -0.00104150128766384 -0.0703179772376209 0.0833220976677894
-0.0383897254677041 -0.00827085784993589 -0.123003631651056 0.116933688142582
-0.0395682107736993 -0.031537929009326 -0.24117132590895 0.0688985254622908
-0.0117494284972916 -0.0611987605482686 -0.274937833041011 -0.104954806602195
0.0326260113297221 -0.0613219259798032 -0.162371431699426 -0.246264372254854
0.064445584718534 -0.0420323156314278 -0.0166138255594011 -0.178824476615116
0.141777839767588 -0.00958361649845597 -0.106252392358389 0.116871390182604
0.131457044932612 -0.0676041509375033 -0.161385100651065 0.336218022220872
0.0679503289991655 -0.0990203612975052 0.085919998773643 0.383260079031506
-0.0178884177020294 -0.0770726493796356 0.253611006934037 0.185744121661271
-0.0378930199733906 -0.0225004167917017 0.186105435933507 -0.0148637953204926
-0.0177754897013319 0.00686497833333563 0.0852691081773583 -0.0555158568150401
0.0124104595575843 0.0087703463433543 0.0375291418169624 -0.0446137637698453
0.0202783757845245 0.00224393101256281 -0.00970399734260759 -0.0156621774225395
0.0145872087643841 -0.000788331520265126 -0.039949218517438 0.02836705281037
-0.0112325684875945 0.00463715738537963 -0.0911763080069084 0.0636342811143633
-0.042725925148155 -0.0124415598142883 -0.159758292669407 0.057187600802932
-0.0431874811710234 -0.0599055170688105 -0.262926414579328 -0.0607777870532554
0.0130505604808689 -0.111504418992946 -0.219081750707867 -0.252341857205248
0.0894385562908827 -0.0969594601651549 -0.0504660917823396 -0.328639405454207
0.124900301467916 -0.0452429332351695 0.0167242720911049 -0.171609477742067
0.0906261270137217 -0.0271202082974618 -0.0843639795818483 0.16095897921284
0.0655543701484278 -0.059400786369976 0.00838245486408787 0.344739502723295
0.0290455696398885 -0.0695756875076644 0.24640111654202 0.255268856026782
-0.0232268625924585 -0.0545433562075095 0.302813570968701 0.0216424956795145
-0.033947340465981 -0.0204301878237791 0.164224076634062 -0.0997521716558229
-0.0175935187438852 -0.00271180072541552 0.0713422981868481 -0.079667222566912
0.00971579743024783 0.000757503537143318 0.0333155883970297 -0.046541553539077
0.0207290740791149 0.000118903906225303 -0.0103559234548928 -0.00746203582057199
0.0210739944464797 0.00485318717370517 -0.0395415694498819 0.0319305386151366
-0.00685235816550963 0.0139897863530367 -0.0942619282250871 0.0359657925292948
-0.0453325851958541 -0.0134832454475468 -0.159125250439561 -0.0279399785826188
-0.0361794917062059 -0.0862057111461747 -0.188231065058556 -0.206447071295016
0.0642114532339987 -0.147099565106337 -0.0510307661668882 -0.35335409267572
0.163932546203742 -0.103882609411903 0.104704466145997 -0.329442973477209
0.178262038757813 -0.0293070454240487 0.0245966221849249 -0.150554911178784
0.0458561178974999 -0.0246198163116447 -0.0336412855938507 0.180568747188481
0.026228840290095 -0.035503405404893 0.141764451409249 0.265532031449484
0.0106665758476787 -0.0398483216077618 0.286692617175222 0.0946807249039033
-0.0214181368672829 -0.0342931603064849 0.254940696934096 -0.101527477130329
-0.0278532769264612 -0.0159104250846594 0.111939253974213 -0.143516077339877
-0.017068452801198 -0.00686749591999759 0.0468398254731444 -0.0909457041821469
0.00566962770070067 -0.00333018994197066 0.0216289413502288 -0.0482311148413998
0.0194339861596636 -0.00153471149137322 -0.00793809025661491 -0.000213704439283343
0.0226605732440664 0.00825412073212187 -0.0312794634356449 0.0356100425818482
-0.00545193819119496 0.0211024739371401 -0.0829080228885237 0.0137497944372544
-0.0455155102650404 -0.0128543459414873 -0.120689582127857 -0.0987812988549097
-0.0173152450019637 -0.0946983132160686 -0.033364653590814 -0.284532341559491
0.114889451133485 -0.131762692537774 0.162693723455975 -0.326096169892336
0.205263977293137 -0.061573927622825 0.231940248387029 -0.23545339971327
0.186846093841414 -0.00138312313471971 0.00364499614587927 -0.131223562710349
0.0207962031743825 -0.0135728103823062 0.0123697082922144 0.179517938160861
0.0104750725702362 -0.0176250095210892 0.210763206920728 0.175266096490886
0.00532182285834593 -0.0201165849597814 0.260980957443007 -0.0178472628232333
-0.0141335184470423 -0.0194535715578068 0.183078057328836 -0.161318949322919
-0.0172314328730988 -0.00982485941878102 0.0604929812966159 -0.153936573019007
-0.0122876747610612 -0.00615083722749536 0.0221592502896592 -0.0929480127346956
0.002643435922458 -0.00332428023523041 0.010164204002953 -0.0496021199044819
0.0149864460643484 -0.00267211637536915 -0.00347177921558562 0.00394241007600958
0.0188120525855293 0.0072312307376782 -0.0210747092183939 0.0390395126982148
-0.00338660631092626 0.0194392281332305 -0.0699752829685503 0.00426125848173861
-0.0352099690060104 -0.0103797800616349 -0.0747200865243112 -0.132924900341834
-0.000503942916286009 -0.0706694776997955 0.110959102984605 -0.271562249026753
0.10993197706126 -0.0693465063780606 0.308289313547738 -0.199283901056847
0.160781280569667 -0.00840282187730029 0.283376365406381 -0.10950252512752
0.130611956462181 0.0123817941753807 -0.0265769812178791 -0.124985849487689
-0.0301720466923032 0.0188409891124151 0.103929383019263 0.0504338479380436
-0.030167789654941 0.0319572946858108 -0.231430514421976 -0.0295508602620977
-0.00931288814680614 0.0299840668401985 -0.399888826594429 0.109391877223651
0.0134531177771562 0.00613454520280466 -0.209828395121479 0.301557426731302
0.0040997569965233 -0.00793048458007736 0.0824436272506564 0.185355631078903
-0.00638547222928899 -0.00519539995950057 0.0865046809044999 -0.00359466859527864
-0.00614826906778599 0.00200581234379547 0.0120962273658455 -0.0510801565653209
-0.00753538334345505 0.0065429642602243 -0.014838760100573 -0.011278611466598
-0.000961502042884018 0.00399267378101729 -0.00583371227863525 0.0373292029935513
0.00461437267138028 0.00623552775399854 -0.0150311183847594 0.104472944772537
0.00580334736399025 0.00917110149785773 -0.0354334601042191 0.16121938952263
-0.00233983364691671 0.0168625781083957 -0.114928321920972 0.189778454959879
-0.0147278741642871 0.0108109858703996 -0.224729462869246 0.0994480466033096
-0.0123881226396613 -0.00431425414920699 -0.255451313651533 -0.0632561300168699
9.39912119019785E-05 -0.00106420151003607 -0.119556048145012 -0.164816344985001
0.0774844270855313 0.0404522966230067 0.0761299325280678 0.040873063537804
0.102489061337362 0.0353517405566711 -0.253994603805802 -0.0162471356156237
0.0825476870779682 -0.0169824507646369 -0.401483525278991 0.13206749994056
0.0167131707654997 -0.0478877311539534 -0.195178470688116 0.309996317938277
-0.0218718786975012 -0.0183555854891001 0.0859426196081562 0.177437002689228
-0.0169107942080214 0.00938108274724167 0.0863818555299298 -0.00660170134438918
0.00189017524497024 0.011343979319322 0.0140686954699483 -0.0501558434573054
0.00337579020875531 0.00490152768365713 -0.0159139881683085 -0.0120333741994711
0.000786627858317007 -0.00313314159786512 -0.00805237892544988 0.0360789945725584
-0.00641719330974586 0.00039708994492347 -0.0181433027054268 0.10477022097206
-0.0119005393670267 0.00432688304473457 -0.0401220394005549 0.162052388629681
-0.0152176816290018 0.0075819991681113 -0.12598160365122 0.186912491402117
-0.017339733822706 0.000304067328484759 -0.232558588628611 0.0910895821405096
-0.0107287657197818 -0.00982627289306691 -0.252381919092005 -0.0718649654530258
0.00133012818334311 -0.0139590902427328 -0.112759784087063 -0.164252068694353
0.157651105238927 0.0386283440008688 0.00330168676733433 0.0438769029257329
0.194025199691204 0.00305056673939981 -0.30290939459908 0.0872347481056393
0.133039522120674 -0.0745410933053482 -0.326383188110309 0.276490185101022
0.00688111724794336 -0.087696956327174 -0.0702721340004799 0.345885577899805
-0.0399300424398045 -0.021731389536425 0.125589097165775 0.142915998329424
-0.0209871870524697 0.0191262956277166 0.086792439101245 -0.0178334493827334
0.00958329998445858 0.0165697459404172 0.0206035264364017 -0.0487546556055107
0.013323664903398 0.00251673150776616 -0.0148757644870505 -0.0154456756968552
0.00293944704785523 -0.00827612958616818 -0.0180028888682165 0.0335487454269943
-0.0143843037122309 -0.00298290847306136 -0.0374903605485242 0.104797360496405
-0.0275395488035769 -0.00104098528710307 -0.0709166965691151 0.161236682593142
-0.0285616607104536 -0.0071402759633851 -0.180635563091707 0.166112804199774
-0.0185976272266356 -0.0208557693106309 -0.27350075009384 0.0330761771447813
-0.000330671075688686 -0.0270167459154872 -0.242791669691144 -0.139704767600604
0.0180329924350469 -0.0299081016903669 -0.0837905919298203 -0.175642853698635
0.180408393550377 0.00917737401620124 -0.0702316563804271 0.0780431268604757
0.196335118339566 -0.0543146059131063 -0.278993135485475 0.253504162823067
0.114895439530964 -0.115136960755668 -0.124556002090183 0.412332027800376
-0.0109996637426234 -0.0951127667454459 0.127365459320936 0.314526855861519
-0.0435043879098044 -0.0207655595219427 0.174680149206102 0.0682987959456179
-0.0177382014531889 0.0176073100373961 0.0877267252815903 -0.0390959211902437
0.0153141452063146 0.0138652801774916 0.0287046847491617 -0.0494549308736123
0.019687005705169 -0.000560749547175186 -0.0137553396971252 -0.0171849865465211
0.00834497929422487 -0.00950234011132472 -0.0314095517918996 0.0326410146266089
-0.015171978646712 -0.00326452428731488 -0.0660413329025166 0.0986513490172703
-0.0370385240507198 -0.00719981686493928 -0.120350408425403 0.13915018152587
-0.0394191761216142 -0.0292351227907504 -0.253556643879427 0.0978208335622428
-0.0141892179790754 -0.059837566975753 -0.306674091662616 -0.0857328739993545
0.0269820881099747 -0.0627335798082194 -0.198428878732025 -0.247858256882611
0.0603288199148632 -0.0483701024150742 -0.0418560335592454 -0.18626144032166
0.14662320337787 -0.0235408027920423 -0.0979238471350641 0.133672974496026
0.131237215395525 -0.0812312370745017 -0.139168021410233 0.372893708188602
0.0639601195889666 -0.107805515498205 0.12839383920075 0.400858919664212
-0.0227112443373949 -0.0783860012131166 0.288276856504457 0.171897773471192
-0.0384824789114404 -0.0208745161819973 0.194281240893369 -0.0356529356100619
-0.0149666336150411 0.00644768787780805 0.0834753862540562 -0.0683781430688355
0.0151151743556551 0.00495039050923759 0.033256655798945 -0.0517223083596971
0.0222944307762804 -0.00317547650596752 -0.013341706499328 -0.0143894276875412
0.0160003559244672 -0.00633860828269305 -0.0401970422245411 0.034231582941871
-0.00920034002263692 0.00218568922765346 -0.0899248520632684 0.0783091742961672
-0.0416841731695839 -0.0104793904890907 -0.164870777820182 0.0769633422248326
-0.0465533833841889 -0.0580832414327064 -0.288174269911509 -0.0389280528764325
0.00666953097223001 -0.114738046466293 -0.258778892655995 -0.249618337491536
0.0834036183324583 -0.106643995792247 -0.0854411139014758 -0.345961261000676
0.124273752362873 -0.0589966167893334 -0.00424796948309907 -0.181728013489622
0.0898642680433991 -0.0368034963886336 -0.0694093525276729 0.178989392833552
0.0622333873785826 -0.0651333813903205 0.0436997368483565 0.367929400630852
0.0265062178269288 -0.0716038114896822 0.290229951116213 0.247726200135095
-0.0246146053507992 -0.054597542661569 0.32681498907307 -0.00886401580302459
-0.0336935861711421 -0.0204822767182255 0.165638452975911 -0.124938744157753
-0.0159050093069163 -0.00460695287156211 0.0675856210502968 -0.0946042274677978
0.0109252719692982 -0.00393775424158488 0.0287784308350024 -0.0550030044202154
0.0228135162601334 -0.00506663379511294 -0.0128034098909547 -0.00722259673536246
0.0238926238581018 -0.000960579820482186 -0.0384472038394583 0.0368475978254591
-0.0026235134124582 0.0124548117695008 -0.095478814085721 0.0471553982612908
-0.0448827310032153 -0.00980386530971031 -0.171039417494033 -0.0149519458855387
-0.043424661934823 -0.0854980465128121 -0.219567183506786 -0.202700039978318
0.0552209816554034 -0.158870147993079 -0.0862666502038084 -0.372800818137216
0.161106524217826 -0.122537805283578 0.0817901661569619 -0.360803755065111
0.183766774417285 -0.0480033976405267 0.00752412470909029 -0.159967157069632
0.0428879612900369 -0.0301520559663848 -0.012103907644823 0.194275042103715
0.0231130880120391 -0.0367556226446326 0.178603860803192 0.269838605415373
0.0094516596866525 -0.0393634563979348 0.317983072023759 0.0735667366398053
-0.021805380997716 -0.0334742575429777 0.265439985887772 -0.13580934057087
-0.027464402067582 -0.0162446017097575 0.107787491562207 -0.168741762914162
-0.017059338285927 -0.00902392216302085 0.0415660262011486 -0.105610509565495
0.00599509018025615 -0.00790974718486032 0.0165817572553761 -0.0567179465260637
0.020829775994773 -0.0062109056527161 -0.00913171480106191 -0.00100678802779205
0.0262094484316823 0.00361175802972636 -0.0281558659494941 0.03917888086403
-0.000827895013586554 0.0215203284237819 -0.0844153371359699 0.0216451352906605
-0.0466745882763635 -0.00806713242488962 -0.136191121425426 -0.0948035070363814
-0.0270724841535526 -0.0965612519420224 -0.060915870607226 -0.301247071386714
0.108958951117188 -0.148461139360089 0.147159852270449 -0.362162253940288
0.210368516061885 -0.0835012596968249 0.22855392524261 -0.26983501075851
0.196203991311187 -0.0197832749479254 -0.0117011945777201 -0.136286370596391
0.0189816661774763 -0.0160222191437946 0.0383058037547051 0.187228294349146
0.00915953051366456 -0.0177938117175561 0.241910355677454 0.165384977464324
0.00467753343107112 -0.019785021722246 0.279884062763167 -0.0434651881572482
-0.0147198034104736 -0.0185913966712334 0.18421664271081 -0.192957388520356
-0.0166075261173035 -0.0105332575717595 0.052996738247688 -0.175222094252225
-0.0123784808591337 -0.00758654648455128 0.0156357123803044 -0.106406653937274
0.00257541796278861 -0.0062174535548252 0.00389035397440591 -0.0578617729604538
0.0164453127664002 -0.00645573456595175 -0.00365437359463759 0.00167020738084348
0.0216751858726357 0.00384810134839986 -0.016093481734774 0.0410072674922393
5.12740465818675E-05 0.0203015517644834 -0.0704476031948033 0.0105914111054296
-0.0369705551883605 -0.00588593488337566 -0.090069256547496 -0.134453154387454
-0.00788978279361358 -0.072816808444262 0.0954658698570369 -0.299817975671958
0.108794531412703 -0.0834430872460427 0.316576824454665 -0.238386417266596
0.168395414372603 -0.0234950559733324 0.295873172149439 -0.137381850701684
0.13929495145029 -0.000171599476721473 -0.0431354797850027 -0.125164251656082
-0.0271802790494562 0.0218361927352038 0.108832111793264 0.0325541475247922
-0.0254886622680982 0.0339680134242764 -0.233254269325915 -0.0117938519078143
-0.00456862518447563 0.0293412268918419 -0.389160830057088 0.145618539880858
0.0143716986404651 0.00355748422031474 -0.179867126057177 0.320826519707809
0.00217409806968916 -0.00815650625151642 0.0991766801945683 0.171837912355874
-0.00691509282153451 -0.00408780537213778 0.082333239614266 -0.0129925419133956
-0.0060483800188626 0.0028629831331147 0.00445379173791003 -0.0477507096659098
-0.00692335329506314 0.00835740838943497 -0.0166057575606189 -0.0058635695359218
-0.00136077009200902 0.00497669274534608 -0.00126082496802461 0.0412615096998453
0.00479141476729938 0.00567000024552984 -0.00234105689464985 0.110140198194934
0.00598349821701733 0.00927992729440147 -0.0180310212831706 0.168076305924799
-0.000836884267029023 0.0167786765297241 -0.0962315370563816 0.200655206171535
-0.0128915170262818 0.0109814799029121 -0.213578034108026 0.122020590359848
-0.0121017692973509 -0.00330757909798821 -0.260322005485614 -0.0349246361322673
0.0010889507299009 -0.000814377145959106 -0.141939103197602 -0.144232038031083
0.0795245026601956 0.0318942941669624 0.0807335729770679 0.0271938063355962
0.10402910121881 0.0237748688562071 -0.252640937790878 0.00275840851722724
0.0794977046647802 -0.0262976550533344 -0.386885492088412 0.167894828216102
0.0107762418944386 -0.0496343538377675 -0.16413249474093 0.327130685319598
-0.0239635696085035 -0.0149411801350978 0.101116781761753 0.164822765740133
-0.0144169573655045 0.0111758862127563 0.080610389104013 -0.015755136198614
0.00345531376828824 0.0101601276785128 0.00588511105843425 -0.0478063485175777
0.0039325773797525 0.00379937049010361 -0.0175364557973175 -0.00640269737930114
-0.00102388771880613 -0.00417282837631054 -0.00392105029711578 0.0394067359827401
-0.00641551977678815 -5.41443706616272E-05 -0.00488075633797915 0.109769741540127
-0.010197529092221 0.00464960498614535 -0.0230280316146915 0.168636506795075
-0.0120200263297222 0.00857543047167483 -0.108099620432355 0.199915756798145
-0.0148070040880378 0.00247999355434503 -0.22281577825578 0.114068803218388
-0.0111839088673385 -0.00651560330153591 -0.258502435364899 -0.0436872675990558
-0.00085587810480973 -0.0123204955860185 -0.13565368408223 -0.144417210123164
0.157254080861096 0.0216303056045437 0.00971198764041853 0.0389859404796544
0.189569745648783 -0.0166170500160622 -0.289051629047904 0.111827760127474
0.12263442553922 -0.0876630746670082 -0.298579021387529 0.303999672369819
-0.00278377053120306 -0.0858287551316853 -0.0371764004544975 0.349117151550617
-0.0411368139341289 -0.0160233843923596 0.135405208728597 0.127045599704534
-0.0162830671009432 0.0210030920380678 0.0800168081361598 -0.0263842230817633
0.0124365714061738 0.0140352525354548 0.0121587830109193 -0.047961959237652
0.0129575118861619 -0.00111430408616871 -0.0169111105618859 -0.0104406614800257
0.000543397585365999 -0.0107321588685395 -0.0142526875687936 0.0374439494018656
-0.0143319833427049 -0.00438298208170219 -0.024242387832027 0.111148053633587
-0.0249087833507604 -8.86274670707985E-05 -0.052393186317293 0.170420118304561
-0.0243012507751744 -0.00450902829728593 -0.163125355656349 0.185830255332361
-0.0164279265372162 -0.0164504033123757 -0.269855532300795 0.062515829070661
-0.0035784234473864 -0.0222837033244403 -0.255941142125737 -0.1119985805741
0.0121765740171663 -0.0286232577856645 -0.107733884643642 -0.159437406814388
0.175058112967164 -0.00960644783055382 -0.0578425845896714 0.0816122249472717
0.185146622765441 -0.0717723207187075 -0.24866874887455 0.275244782114729
0.100277930711704 -0.123117898065902 -0.0822846678155064 0.417973478615632
-0.0196749302845581 -0.0913725089938225 0.155681639644836 0.297044917968351
-0.042720063090076 -0.0153806656225376 0.176187864125098 0.0481409567001609
-0.0128178970146621 0.0178470559011016 0.0790361633211584 -0.0473861536722097
0.0175754921049684 0.00936151055062498 0.0207492181761039 -0.0497240427448171
0.0190231203829428 -0.00562526197967888 -0.0164554016534355 -0.0131295692315178
0.00599801848798231 -0.0133409774358903 -0.0282347115277821 0.0374993974393115
-0.0148861412056146 -0.00531356336290692 -0.0537221761686961 0.106856743487023
-0.0338817584603243 -0.00593648619131847 -0.103477678764857 0.152559981439403
-0.0364568331840244 -0.0253121061434865 -0.241795714557009 0.12560697356444
-0.0157792708520245 -0.0537389658155532 -0.314242510914252 -0.0515664683282789
0.0194596488249628 -0.0592278796894396 -0.224664265424749 -0.222720781990062
0.0506101417079717 -0.0515460895128257 -0.0673073698364839 -0.175164696501204
0.138314132851307 -0.0381766928816015 -0.0781511965883762 0.140124315102386
0.118416959359871 -0.0896955038688306 -0.0963140796134298 0.381154233753513
0.0532154761380894 -0.109141100171492 0.168945429598535 0.380567474686879
-0.0263759901902576 -0.073497057125269 0.301068223985445 0.138144116901643
-0.036239445500372 -0.0176151209710379 0.18575103305293 -0.0567428920430268
-0.0110909557693996 0.00530847625655178 0.0724556859370349 -0.0769817528978474
0.016332343485252 -0.000252278197283748 0.0246949567857117 -0.0543994462597429
0.0216350525034818 -0.0087335473598865 -0.0159767898730491 -0.0113617101123403
0.0147945023381628 -0.0114698059204602 -0.0359381727479965 0.03893230257796
-0.00719971656127159 -0.0008277050387806 -0.0795291786580575 0.0874981273188359
-0.0377940281133993 -0.00801349726146535 -0.153384444477319 0.0938539064676142
-0.0465305482801006 -0.051449266098809 -0.288735525222762 -0.00714649910835157
-0.00210461790291582 -0.109475090026483 -0.28264299664394 -0.218599485980388
0.0688103461118218 -0.107964050214745 -0.121290857535703 -0.331384114432042
0.112384509219486 -0.0692752369738909 -0.0282341009721345 -0.175348981210293
0.0810509722089625 -0.0447096920199992 -0.0444907443209301 0.181492177295606
0.0526977997463009 -0.0667475831694225 0.0846150672066079 0.357635916128809
0.0210684254712466 -0.0693263051818603 0.313301967380076 0.212499732612093
-0.0250172291294074 -0.0505616669494284 0.322534215486831 -0.0461460357220078
-0.0311430238837269 -0.0194653466284701 0.148606021681613 -0.144438972705339
-0.0144385150314077 -0.00632636797843088 0.0549892832459758 -0.102477488353778
0.0105135023619804 -0.00857581926990136 0.0201015039200344 -0.0579511073361354
0.0220782569853573 -0.0106124310346806 -0.0141521384081704 -0.00576934554440782
0.0237180160519105 -0.00698657704432302 -0.0335073640251294 0.0395073375216113
0.00115046375543613 0.00963993335619023 -0.0871637010345253 0.0561402095318434
-0.0411077494920027 -0.00566284516538305 -0.169195334325805 0.00257276082849524
-0.0484477488594859 -0.0774721351777985 -0.23708015399874 -0.177160756285596
0.0384063622323177 -0.157997449479935 -0.121959128076587 -0.358651108064374
0.143633079233724 -0.133555849727319 0.0442412758435 -0.362677064916856
0.172053419503645 -0.0655671710493003 -0.0123341345802106 -0.154793716042909
0.0369613582289254 -0.0331078169501365 0.0145076393561518 0.189396638587977
0.0181436469263095 -0.0353516669349475 0.20632137693422 0.247361841369778
0.00808846548805588 -0.036568166144386 0.324420839069992 0.0379481810997112
-0.0206736160210343 -0.0303631369397466 0.250277096795126 -0.165656584367508
-0.0259558227258567 -0.0159047097727424 0.0884397675576916 -0.182502927142365
-0.0166782206004128 -0.0103272947724486 0.0289728347722901 -0.112950602727555
0.00532701119732253 -0.0112841896532096 0.00820359743651066 -0.0597628630855548
0.0201706722365183 -0.0110941580927903 -0.0100177262726882 -0.00093665079466022
0.0269757275095784 -0.00230253987434794 -0.0226567901595285 0.0395974057872144
0.00419363901184731 0.0193528972788134 -0.0782193422773653 0.0295889287800737
-0.0436882353863033 -0.001847676269819 -0.142377622443432 -0.0793951238825713
-0.0356142386536055 -0.0889785469448747 -0.0901842540212951 -0.290714012367058
0.0913040345240226 -0.155096112751094 0.113027232104409 -0.372186250752415
0.195284957988537 -0.101839425636817 0.199468110613628 -0.285437695921789
0.188413939530881 -0.0398762515415913 -0.0275865836729573 -0.128106429200018
0.015442246686478 -0.0171305922918392 0.0643049772516992 0.176218025248541
0.00682459245717652 -0.0173089943931109 0.256857181848755 0.136432424663363
0.0046732043204555 -0.0179184295774009 0.274494141841115 -0.0722768025676207
-0.014221439663209 -0.0163135256475226 0.164284215193243 -0.212537929977686
-0.0163820410743744 -0.0103533108994081 0.0359791888054976 -0.183348107572124
-0.0124768164379634 -0.00793960256568995 0.00398178580555211 -0.112354883206815
0.00238385054512994 -0.00811608803380702 -0.00456821611111237 -0.0607401157093145
0.0155101373550828 -0.00971143957571701 -0.00422074201662473 -0.000256190598539309
0.0224842072791641 -0.000764470843030507 -0.00937042931653051 0.0392902354574508
0.00439273598351399 0.0190100700448128 -0.0650703477491049 0.0172189867603116
-0.0353741136738734 -0.000965526547284439 -0.100895939680638 -0.122810373992528
-0.0152312885515044 -0.0689767556240666 0.0649274040967354 -0.30554652187072
0.0976177836337968 -0.0922024813771045 0.292908194805548 -0.265208464581811
0.161239653544383 -0.0399237114729699 0.280683447810379 -0.160188089601575
0.135164996522284 -0.0155131425229582 -0.0572865660308029 -0.112778668056858
-0.0242092814726491 0.0217732723008583 0.103974628505574 0.0205167108510649
-0.0219516563845331 0.0325440371965284 -0.223937375127665 -0.00815240047676028
-0.00220378453563127 0.0267235774605723 -0.368495659413355 0.152349425123104
0.0141726773753697 0.00165284112795722 -0.15912250676145 0.314290313499736
0.00105532243172853 -0.0078655593758204 0.100527774596799 0.156204641113233
-0.00663189449370095 -0.00326323656053886 0.0744681773782878 -0.0164178172657013
-0.00532463064750472 0.00317603093132549 -0.000504828970622521 -0.0424024057766926
-0.0055279598991445 0.00883794867635041 -0.0159639880489906 -0.000982700246352927
-0.00165930822696684 0.00543763589634212 0.0019506292649481 0.0424977664174692
0.00498352308804304 0.00548907255080295 0.00514222934739025 0.109048579278347
0.00590781814524143 0.00863405939962257 -0.00887442986608247 0.164811630044887
-1.29134902441931E-05 0.0158741888224951 -0.0848800900393678 0.196868586487814
-0.0116293009272971 0.0100060798506366 -0.200363885979425 0.125563463560269
-0.011333034690807 -0.00288931870815035 -0.250602943826174 -0.0199437938314822
0.00177118398199921 -0.000740553024713557 -0.146458704244184 -0.123919269986586
0.0761800660851687 0.026657674902934 0.0785091388670792 0.0167134807329908
0.099148743199498 0.0177981385805067 -0.24184793605512 0.00653976946466322
0.0742173728526493 -0.0297070396605454 -0.365313358038523 0.173534056544328
0.00719565729061372 -0.0475069621851074 -0.143692996479601 0.319667996917647
-0.0235309064594388 -0.0116387103055197 0.101843402582034 0.150207667655045
-0.0122095419915438 0.0116237513503307 0.0725703499561029 -0.0183816018945629
0.00413064986305718 0.00908205293778202 0.000429165323769027 -0.0429802149131654
0.00390938715144261 0.00250267613276145 -0.0174428466298618 -0.00126276799019159
-0.00221709276372183 -0.00449708238788983 -0.00076108517403749 0.0411670635953664
-0.00673563451428254 -0.000943535758821756 0.00232617932810567 0.108599994100416
-0.0090113465377226 0.0040346340073057 -0.013261933088144 0.165979482046227
-0.00931420216879523 0.00805843493811317 -0.0956855618196914 0.197584805604306
-0.0119318121621481 0.00367088950223598 -0.20873981369037 0.119462328149942
-0.0107869248540797 -0.00371079602829332 -0.249403176417704 -0.0291054205093045
-0.00209745560974551 -0.0104950720475618 -0.140925228061993 -0.124699091089628
0.147968637757931 0.0140379573065933 0.0126909766967062 0.0324753157386929
0.177228247930658 -0.0234942242616814 -0.270990765943406 0.11281039596971
0.111481928500565 -0.0884853442114318 -0.273385085083231 0.299965832611002
-0.00678013990294722 -0.0803310918722843 -0.021712595423348 0.334041680846108
-0.0389516809737455 -0.0119273435904653 0.132084535270214 0.114786329502543
-0.0129204557102394 0.0201113064100777 0.0714225177156624 -0.0276384239203266
0.0133971428197652 0.0108937416435489 0.0068941343651564 -0.0438972317487477
0.0119478239595061 -0.00364351306056759 -0.0170166305426305 -0.00560178151220011
-0.0014670815306986 -0.0119868728082196 -0.0116194968501084 0.039323110266961
-0.0142394898263781 -0.00592354509297783 -0.0165029742869536 0.110411143131361
-0.0217394527618577 -0.00116843059728891 -0.0417578761468992 0.168268055074611
-0.0197583221465161 -0.0043668470563845 -0.147614279399155 0.187153171705887
-0.0129641728435558 -0.0132194886339397 -0.255587243714764 0.0727506093006372
-0.00402428824560774 -0.016771016716607 -0.250605573691959 -0.0930625858508083
0.00799406873729577 -0.0257356518270026 -0.114601437869299 -0.14101668782249
0.162867791868811 -0.0165047281785107 -0.0486222303721436 0.0771257322793221
0.170083855146026 -0.0737370437578149 -0.223134904997423 0.268890028323348
0.0895204104850976 -0.119345833951194 -0.0617751720896621 0.399126916137786
-0.0209026071862754 -0.0841735203037269 0.159377121109046 0.275148068157698
-0.0387038798689864 -0.0124625674170858 0.166540296516642 0.0379237886288279
-0.00923571279765704 0.0160690383880038 0.070008471743901 -0.0473484690130837
0.0175315136295389 0.00539757171257513 0.0146865119352055 -0.0463599954976953
0.0172884701150848 -0.00884221571020075 -0.0169413738768141 -0.00935780513484131
0.00374059092600666 -0.0154740601812374 -0.0246221093701022 0.0390160192797039
-0.0142296574406792 -0.00763559991593593 -0.0447643186472775 0.106021194077197
-0.0293548799069863 -0.00659586881409363 -0.0904626081423591 0.152088641836186
-0.0308383056041173 -0.023116643448566 -0.224707278614192 0.132899413589357
-0.0128942896522381 -0.0476018746445704 -0.302702338977375 -0.0334456864146011
0.0147580914983593 -0.0515423321404261 -0.224061795504034 -0.200863629340778
0.0425214879668446 -0.0483905945080311 -0.0761642318521506 -0.158884440196463
0.126062205939074 -0.0414461063491336 -0.0641316489486807 0.134788475169224
0.105950549765932 -0.0868065897397388 -0.0729133308016672 0.36462938910628
0.0469416518637006 -0.102461663299721 0.177283178591998 0.35223001678407
-0.0244135509409334 -0.0677466095879906 0.291095775755071 0.116600486909848
-0.0318001563834986 -0.0168688283911046 0.171447669767033 -0.0633671545210076
-0.00828977981157337 0.00245125186053953 0.0627066876478197 -0.0762638263316777
0.0157526849459634 -0.00403106742674121 0.0185523312771998 -0.0518470376309418
0.0195472726287195 -0.0124129508782545 -0.0163812667349726 -0.00862535980350587
0.0128308359813876 -0.0145350471239068 -0.0322983145188884 0.0393287190156369
-0.00559181545515332 -0.00419761234389577 -0.0695060596062819 0.087886734458432
-0.0324046099181525 -0.00863355722718352 -0.140600279524738 0.0971238764881687
-0.0419061109720775 -0.046539291093142 -0.274876883661527 0.00774170712735219
-0.00367124727973802 -0.0999165829664311 -0.278551894083005 -0.194168712481873
0.0585961997446289 -0.101021602462879 -0.130470431400965 -0.3078719143881
0.099547360391512 -0.0686972973743654 -0.0381451663581811 -0.16109585678573
0.0717835812496302 -0.0447841869755505 -0.02938625351277 0.172056139424105
0.045204299266527 -0.0617006850378148 0.0988672452812039 0.334008825502137
0.0194303425832931 -0.063353982199177 0.309614661969576 0.186176344276314
-0.0212127965535319 -0.0469903196564032 0.303216018232205 -0.0609437300136902
-0.0273367784111602 -0.0195577424274744 0.133325051281075 -0.146917625317595
-0.0123798496277993 -0.00890592573792384 0.0455049613528642 -0.102075321095987
0.00934566979482662 -0.0121905186312653 0.0144906004874306 -0.0564462222253882
0.0202269378892742 -0.0140161880569581 -0.0141266333505762 -0.00408806678108592
0.0220999113009927 -0.0105840089990717 -0.0297394117324426 0.0384583646802634
0.00345960137086931 0.00580452486672528 -0.0779266758440759 0.0567951343063777
-0.0353903722768405 -0.00409576472187343 -0.159231363629382 0.00954613832096662
-0.0462381598294924 -0.0699132768661923 -0.232822652587792 -0.157402004011023
0.0306075057692932 -0.14817817947987 -0.130113132010715 -0.33516282003517
0.127206069655211 -0.129617836225642 0.027268954351337 -0.344098437938514
0.156512469394052 -0.0689017945394955 -0.0205456155091264 -0.142268445722491
0.0306930193910101 -0.0319185541844499 0.0271334044909457 0.176194001018766
0.0145449006470275 -0.0317349100571578 0.209458275639658 0.223379535876177
0.00896645791060974 -0.0324948951480453 0.312203369389851 0.0196243878819327
-0.0168569780592976 -0.028314080197487 0.230582946362632 -0.171975768838983
-0.0235853086040554 -0.0165657139392009 0.0756518997744632 -0.18189878451479
-0.0154952129834772 -0.0120185939180708 0.0203698071784602 -0.113036536863625
0.00407711258488785 -0.0135141744688616 0.00261578227727051 -0.0585258741140803
0.018254765046387 -0.0137912443961849 -0.0100073454541975 -0.00106001994663461
0.0254285349315911 -0.00609431746568548 -0.0184061111071139 0.036948909846265
0.00621025256893887 0.0157439959624002 -0.0702215552906859 0.0307803577518085
-0.038847397985464 0.000851501341294451 -0.137213464434286 -0.0699667070421709
-0.0362341605392319 -0.080351094018116 -0.0969574211794185 -0.272322570510999
0.0785574408218767 -0.148862010940337 0.0944945841721727 -0.358121555244839
0.178428385412528 -0.103353987035351 0.180142424613562 -0.27658644246427
0.173812981854098 -0.0460339005317661 -0.0325291933355273 -0.115429286701322
0.0125600111520759 -0.0166521470482311 0.0740223487018844 0.160047853075311
0.00583361525154909 -0.0157234639318084 0.251416858084202 0.116197390613075
0.00562977817602811 -0.0159790028738318 0.258711658979648 -0.0826783520747911
-0.0122082080854906 -0.0144051736881291 0.14789343397438 -0.212535663955914
-0.0149912226109439 -0.0113453996117256 0.0267557849311691 -0.181035525901457
-0.0118890402137665 -0.00890527871488924 -0.00242965715156596 -0.112303753776641
0.00163706214435723 -0.00951654182013349 -0.00996881741985899 -0.0598315561186861
0.0137894527172724 -0.0117841528118911 -0.00456693049562909 -0.00158034427486938
0.0211993082933476 -0.0035681164621582 -0.00568673138680609 0.0349857922366991
0.00617979920938812 0.016805640988082 -0.0578985838350391 0.0177444511312905
-0.0322912594666891 0.00217260651053324 -0.0993734817820047 -0.111284173954185
-0.0173516764486682 -0.0627745999910062 0.0492490913004442 -0.293124778646276
0.0875929955868985 -0.0904978898699278 0.272024911570073 -0.262994258905486
0.149565684735141 -0.044081023015488 0.263758129088611 -0.159702970226324
0.12543602414236 -0.0211989166049332 -0.0594459765777546 -0.0985486321581418
-0.0265823788312004 0.0174852268045017 0.0984875886442978 0.0259166081024987
-0.0247185473198875 0.0271735782060525 -0.219580295736855 -0.0470349517410456
-0.00424308515588167 0.0226642610293544 -0.384534443798383 0.0974474568329937
0.0128126458919496 0.00125493337624376 -0.195319619078225 0.284476181703193
0.000904681689914961 -0.00642534149688251 0.0766042286149466 0.1621316698823
-0.00654937686799983 -0.00436355727461253 0.0718005536373169 -0.00635127396767625
-0.00588884576152969 0.00220569065066942 0.00275480330348047 -0.0387786715832275
-0.00682403636448664 0.00869822925835634 -0.0155899147815907 0.000464340121549867
-0.00248953454241821 0.00592433535555323 -0.00391452232470021 0.0445530332174356
0.00423838536283896 0.00676464315061912 -0.00921197481896 0.110789736946431
0.00531636070358455 0.0108492249979889 -0.0341400209363145 0.164167514476664
0.000251337604543823 0.0165338665005275 -0.114984089426302 0.181144547727116
-0.0121961863121593 0.0116376809160529 -0.215229051188091 0.091124185505066
-0.0116783208712418 -0.00169415544172982 -0.241999655885574 -0.0561273135912645
0.000437385376971411 0.000721160643114553 -0.129449080156162 -0.139715887842159
0.0689324372411182 0.0352570371447257 0.0708570267536458 0.0256691636084967
0.0931541882027686 0.0307939719007195 -0.241069999661543 -0.0295463723500536
0.0758802068112976 -0.0211122003825886 -0.383853922301626 0.123304240271179
0.0127440896173223 -0.0460877948976905 -0.179642942531344 0.293480519473217
-0.0213284323946536 -0.0133727552384139 0.0785722892816524 0.156944117658755
-0.0128985774938525 0.00883571653868428 0.0696617427925168 -0.00874436726320157
0.00345753391105661 0.00869137511573598 0.00365529325948987 -0.0395345391746295
0.00332206920545622 0.00253470657203582 -0.0167193103863529 -0.000541048288639812
-0.00239457710622851 -0.00498001510785368 -0.00669783935049521 0.0427806963889782
-0.00553728388930276 -0.00234458911349688 -0.0126683563996631 0.109990913089271
-0.00708264621922804 0.00321424553906573 -0.0376541173214845 0.164196550412413
-0.00511902463681149 0.00745718006815029 -0.125551834513824 0.180682726209947
-0.0102594480887114 0.00709608850941546 -0.222786036936982 0.0843788049983196
-0.0111700568238755 -0.000148520250633171 -0.239833593355054 -0.06443732648537
-0.00329769960098736 -0.00809269073557139 -0.123172045967997 -0.14006575093545
0.139037406652127 0.0319595872964192 0.00412412528857825 0.0388074537064622
0.173112520856059 0.00234748341203313 -0.284788988809289 0.0759361780917414
0.118737878064913 -0.0714822987725175 -0.308674387228114 0.263208486045297
0.00410943838045248 -0.0780243236166596 -0.0624863066626 0.322821399758718
-0.034467622998445 -0.0155849863025233 0.112842207991915 0.12703285465375
-0.014062008646371 0.0169363599884417 0.0693413169662757 -0.0177257901595101
0.0119226523703509 0.0107735820883755 0.00969408437393463 -0.03914007360156
0.0118069619355398 -0.00321492155983016 -0.0163855212260671 -0.00514666378011048
-0.000360559810745538 -0.0126233310879254 -0.0170303714052792 0.0388580696859459
-0.0125597551445314 -0.00919633894382374 -0.031155476460063 0.108356689293611
-0.0171153468168551 -0.00446382397868434 -0.065116072579214 0.161293918991629
-0.0125638551641018 -0.0052582751108309 -0.173579500077833 0.163660496068747
-0.00855473217882659 -0.00757180160035083 -0.261515122070929 0.0327322259518759
-0.00395443514055463 -0.0101901333784561 -0.231610868209748 -0.12855808903691
0.00697304173909514 -0.0202346525909087 -0.0953086090728367 -0.15158162409015
0.156694252446538 0.00429763649088597 -0.059441886672774 0.0770829019050507
0.171602962770622 -0.0461411816486216 -0.256446592876358 0.238555310907881
0.101688800133049 -0.102275125310336 -0.111292660991664 0.388200853795733
-0.0075716382535252 -0.0826940588250302 0.119893319249277 0.28759830354407
-0.0327346853052068 -0.0164046284962277 0.155994123948038 0.0586925654100619
-0.00965742034080891 0.0124018788173703 0.0711251952937804 -0.0365535728218043
0.017032912535911 0.00523320809977729 0.0174735499898232 -0.0419781214730007
0.0179813164416229 -0.00831185770699418 -0.0157856016243867 -0.00932115081944963
0.00493069691176819 -0.016183109687761 -0.0298979688682282 0.0360867774995393
-0.0115281683503216 -0.0118379765873404 -0.0583586551093384 0.098881833774292
-0.0233195590885081 -0.01132837024755 -0.109937900368406 0.137143827274356
-0.0199474601008317 -0.0242852157164331 -0.240247704848972 0.0996489810170214
-0.00573254026373483 -0.039854892498281 -0.29107905283286 -0.0769930060459838
0.0180509092795501 -0.0401436663982115 -0.190275267957904 -0.228428121584623
0.042708597082362 -0.0367198061269541 -0.0546693536900958 -0.164231138695101
0.12388652090294 -0.0240425772885408 -0.0778885616223807 0.13053177549846
0.110482633948204 -0.0660796905227183 -0.117684331438538 0.35101416120896
0.0586841700536703 -0.0897370983268054 0.130287061746351 0.370935988595938
-0.0110990591342391 -0.067198574946502 0.267482900401981 0.148953176137283
-0.0239177248922872 -0.0210920172760586 0.173514679793982 -0.0402398690773201
-0.00739630341246593 -0.00124420310826536 0.06938243546429 -0.0660139254965749
0.015925645893831 -0.00500976537142089 0.0222493920369983 -0.0475930891872158
0.02094844208064 -0.0116556614009068 -0.0153964809633377 -0.00923204290912622
0.0142716414637763 -0.0141592749751658 -0.0368756202350256 0.0345333120687523
-0.00356570449865083 -0.00751665927180811 -0.0791224842225002 0.0761106386063892
-0.0258019621067105 -0.0134123924883349 -0.150678045433673 0.0744233661964562
-0.0289784210892916 -0.0472133389237872 -0.269989422195746 -0.0309635107466665
0.00730862818314304 -0.0903564118923749 -0.242448873261653 -0.229920747643652
0.0657000321010167 -0.0826973361146724 -0.0839982390624123 -0.318189252155657
0.100983431474548 -0.0488210734998279 -0.0166660765446891 -0.161012889040253
0.0714284546616997 -0.0344916997503043 -0.0460920101666629 0.167978752692422
0.0488388002439017 -0.0499227990242455 0.0561713150241311 0.342370340201916
0.0284765875998743 -0.0548509137077238 0.281064841476113 0.223642085159983
-0.00881418828551259 -0.046904248372746 0.302270013820285 -0.0224575229405316
-0.0191112531494107 -0.0246679077350127 0.147741493550012 -0.127157754362315
-0.00983238716745573 -0.0132015972031207 0.0566672533517528 -0.0948081348025314
0.0110172094618043 -0.0133351023936495 0.0193020808057753 -0.0535869052440066
0.0218174003693198 -0.0133920323820564 -0.0135843480753254 -0.00559643037431015
0.0228394269705291 -0.009007247883669 -0.0341300332626079 0.0328683165066208
0.00375078989424184 0.00418500312636175 -0.0823723958232646 0.0438142840819721
-0.0305553145730354 -0.00791473778407931 -0.155568259855424 -0.0144522422927404
-0.0333780106078719 -0.0697185111891161 -0.20342483589233 -0.1863345384976
0.0443072649513811 -0.135988488649292 -0.075787750764117 -0.344782633382545
0.135482358476555 -0.103021526506584 0.0754847482642611 -0.329781923586592
0.155768634336471 -0.0413636812366546 -0.00207743552304577 -0.14001623222491
0.0308477891854191 -0.0270444260944174 0.00977586260993307 0.175287059239618
0.0155318424969249 -0.0256511098086788 0.1770728805251 0.246646014939366
0.0145474273123137 -0.0273170038723995 0.304386086431994 0.0610869323875462
-0.00760095769032611 -0.029090858860515 0.245378566518121 -0.139601787511203
-0.0165541559749616 -0.0215258419958839 0.0972167732857884 -0.170573389287846
-0.0129443259089626 -0.0157822654902425 0.0351770992733989 -0.110606091840579
0.00565057478345091 -0.0154149119479761 0.00780815572067981 -0.0574899513511913
0.0200217067165134 -0.0127821348531246 -0.00973907396736545 -0.00305055416616469
0.0253920539840556 -0.00404831215117793 -0.02232084442982 0.0317382703470813
0.00489362465485133 0.0154021523774383 -0.0696970508845212 0.018396090059411
-0.0364472581254516 -0.00320025004146986 -0.121331822034569 -0.0879728578097728
-0.0255666449449231 -0.0801997740082263 -0.0526248563575759 -0.279061202668271
0.0907033045956251 -0.134673302958042 0.145836434267144 -0.332831618849354
0.18113095220493 -0.0730721153294256 0.215628723851705 -0.241176001511153
0.169830667657931 -0.0179611769570869 -0.0170899428059862 -0.115510555343119
0.0120875443819451 -0.014808796261487 0.0572616709857694 0.162682514797226
0.00537754597997499 -0.0131302747097078 0.232459475489279 0.145378959425067
0.00811250561734813 -0.0128425309615118 0.265062429031725 -0.0457497258518063
-0.00625459649666418 -0.0148673542619961 0.171841087288178 -0.189020988935661
-0.0102860662803987 -0.0145660385146763 0.0511196929730239 -0.176422742115499
-0.0103433451329221 -0.0113159621280098 0.0128947951457109 -0.114558509230783
0.00287215008767998 -0.0107418764566694 -0.00417269555498502 -0.0610193653996794
0.0150142987881584 -0.0106244356582523 -0.00457248719677921 -0.00388142216401067
0.0210713113576876 -0.00204210452637424 -0.00957196231789409 0.0302034927291408
0.00457645414931749 0.0160644219276214 -0.0553567033443049 0.00832836513699957
-0.0316427997014287 -0.00159567184662202 -0.0780159854626015 -0.12238359955613
-0.0107967913073761 -0.0626778479391867 0.0934253559936939 -0.27748708090802
0.0942381945769226 -0.0806433721183289 0.306981876805684 -0.212365942446325
0.147101794850195 -0.0227705180897702 0.280445224623809 -0.112813497294259
0.12046902036427 -0.00111702299920785 -0.04484060580021 -0.101661307463866
-0.0275164830800257 0.0180907432358594 0.100491043081046 0.0225530963743248
-0.0252171330039789 0.0281209921215812 -0.226793453159095 -0.0573270773736904
-0.00415591604580211 0.0220596349167795 -0.400336640801283 0.0960036067761633
0.0133014293700629 -0.000211348996121309 -0.203223276187047 0.292597757228397
0.00083467151210203 -0.00636533624736993 0.0759976513823907 0.164535938695219
-0.0065313213274506 -0.00403117391563433 0.0702170919607968 -0.0062963714153768
-0.00579490394241822 0.00211730085116328 0.00120847360610118 -0.0374984972115348
-0.00664355992144204 0.00936122326486164 -0.0159288944459289 0.00281701283738153
-0.00318427239655308 0.00709388538149554 -0.00289797218563328 0.0484755978885159
0.004307094609885 0.00759481665358843 -0.00791158708329102 0.118010643271521
0.00491340443054261 0.0116764770229396 -0.0347266631583505 0.17299913901778
8.59144862650797E-05 0.0167508198101352 -0.121248699013101 0.187728610289909
-0.0126358007213656 0.0109794129419305 -0.222999555654079 0.0935779640086304
-0.011534449305359 -0.00203585956189691 -0.249309767662871 -0.0565996770048949
0.000936790982804205 0.000430702267916932 -0.136927676593628 -0.138862196689813
0.0696033468463606 0.0366097912398579 0.073472039678947 0.022496516556431
0.0942342738054874 0.0322945692102962 -0.248529821277342 -0.0398689507013365
0.0766480881421433 -0.0219834076330458 -0.397894280216284 0.122116658276025
0.0121910106231447 -0.0477004141274811 -0.186061002114214 0.301168875956367
-0.0215748928966603 -0.012708000098693 0.0787451337746207 0.160303677010491
-0.0126099118035399 0.00923105756857425 0.0675394335269929 -0.00874326774788163
0.00396569036644161 0.00824684340226088 0.00154880291329788 -0.0376793831214345
0.00344426947384287 0.00236717745137496 -0.0171995147184318 0.00274211309367138
-0.00343201418440212 -0.00534295331436402 -0.00635200419574383 0.0468362738461045
-0.00642064536503315 -0.00338424663912011 -0.0113862867349127 0.116860099335337
-0.00641823913948395 0.00258540454272746 -0.0387778329770305 0.173060599991676
-0.00374295525896207 0.00679328931509052 -0.13089211628368 0.188035826115691
-0.00864452846448468 0.007636036288066 -0.23104167971427 0.0868564468945476
-0.0113791396444452 0.0020303791456444 -0.247313121746688 -0.065884794433182
-0.0048536817695427 -0.0068215843125867 -0.130722165697829 -0.139091238077966
0.140515693360285 0.0341623548119127 0.00597183905990655 0.0358303836347421
0.175515922437433 0.00435170922008876 -0.2934190863141 0.0698626006684099
0.120463152097883 -0.0724171985249999 -0.320622383283981 0.265768856486823
0.00316991745130431 -0.0796328479574947 -0.0671288463248253 0.332522041449796
-0.0342731166950367 -0.0150255336495456 0.113058823253311 0.129986602010624
-0.0132080366275574 0.0169626822823864 0.0678692078204408 -0.0164920783602568
0.0132529005689271 0.0095159814435241 0.00774043443316577 -0.0379524481965315
0.0122392842493298 -0.00486590335744489 -0.0164398875043726 -0.00242878508305698
-0.00156881507147399 -0.014613941326554 -0.017802868808 0.0425433738939196
-0.0131032172413344 -0.0118718114703142 -0.0306002902839703 0.114462046962564
-0.0160257139292042 -0.00689232967801845 -0.0664756633819384 0.169580347419415
-0.00925243328508289 -0.00700705323335954 -0.179792174034379 0.170761487463367
-0.00579982131533584 -0.00630621113841718 -0.270736892057849 0.0339178382329851
-0.00397743154845198 -0.00675763334291155 -0.238266318064399 -0.130997056110956
0.0052907028976218 -0.0186908316566291 -0.101591492767425 -0.151232889537149
0.157850940479711 0.00573317865928728 -0.0584594496909616 0.0765372274015018
0.174259202809642 -0.0441099763310918 -0.264504973051822 0.23930886265245
0.103818373942759 -0.102801760499476 -0.117400404883807 0.396913822465555
-0.00672790345009808 -0.0835443130039029 0.120754821318785 0.294976705340846
-0.0313455051203612 -0.0168734761832752 0.157471094090852 0.0602783646341406
-0.00843227319059661 0.0111010531887938 0.0700158190919637 -0.0359019664434821
0.018039690734456 0.00343449396843324 0.0159524836336321 -0.0414515969083103
0.0182644053571265 -0.0108213334929189 -0.0162058236880315 -0.00701930013283124
0.00418788011755518 -0.0186962802299984 -0.0308143878043193 0.0391311054699005
-0.0118922879779933 -0.0151761584405098 -0.058542162956291 0.104183154449754
-0.0210588330395097 -0.0147745685336267 -0.112721247783324 0.142961471360844
-0.0159469963595401 -0.0260263456745521 -0.247218945661171 0.104207529080111
-0.00243967324775789 -0.0382715942716564 -0.300107086133516 -0.0790955169015597
0.0182274494799337 -0.0365770922867196 -0.195938322613838 -0.233740462384373
0.0407849610034323 -0.0353090444134909 -0.0594966960872707 -0.164775618959869
0.12389580036378 -0.0232142314324979 -0.0769131431564074 0.131063597450071
0.11152452390241 -0.0635510672722954 -0.122266214798797 0.357897298677144
0.0616411761138707 -0.0891081365660999 0.132196504713109 0.381386456940047
-0.00794573835536764 -0.0689135212424075 0.273369260373199 0.152607607279762
-0.0217010295781115 -0.023127866865644 0.175683939400296 -0.0420775759895602
-0.00557336920020052 -0.00371258576516941 0.068922319170786 -0.0667643056304441
0.0168356780481186 -0.0082534728294589 0.0215527935176013 -0.0478240838161464
0.0213356894991662 -0.0143769772817477 -0.0163110517153705 -0.00794962235844328
0.0140580832551824 -0.0170471204255104 -0.0380339673353739 0.0362201606553205
-0.00268540438362879 -0.0108987178527101 -0.0800564073342266 0.0788887116657013
-0.0229246773601178 -0.0159099394685628 -0.153978623115315 0.0763655118093467
-0.0249391197264717 -0.0486043518703547 -0.277085475560225 -0.0311704819658241
0.0103870467725065 -0.0893000500704222 -0.248568014835108 -0.236418880178413
0.0667101880249421 -0.0798543310907098 -0.0851318046931353 -0.326673905958822
0.100337359795383 -0.0480894293237471 -0.0196379055526514 -0.162013694575954
0.0703575925562374 -0.0336542680651916 -0.0435280919665835 0.170446984293041
0.0485836618689408 -0.0469045671554103 0.0568699168944059 0.350220996137506
0.0312093344122012 -0.0532202809843821 0.288772158119843 0.230089319998605
-0.0050279795198061 -0.0488656313359846 0.309849593442806 -0.0244174618929695
-0.0164683923085566 -0.0275471017832927 0.15052420092823 -0.132631232737483
-0.00911242067012144 -0.0167252262300105 0.0567558559559797 -0.0983850861579573
0.0112146850324261 -0.017162949005699 0.018251472947974 -0.0548380574795648
0.022507209840325 -0.0160422873643259 -0.0144770437358614 -0.00524813756882117
0.0235802721924012 -0.0119922099912643 -0.0339402762944717 0.0333240761245199
0.00525140386521425 0.00129696578884059 -0.0824780150968096 0.0446346965232987
-0.027985867434975 -0.00948393869560023 -0.158167203326812 -0.0150885158613598
-0.0308425797816874 -0.0703743260712816 -0.206736705891729 -0.191597236342521
0.0465040961982262 -0.136195141640367 -0.0741534749418939 -0.354487164559813
0.137224603592775 -0.102154497128789 0.0800904282745718 -0.337121509680639
0.15640699131389 -0.0410148606334986 -0.00317189255130993 -0.140544494667473
0.028776204134158 -0.0270377640464007 0.0131549352997916 0.177186134769531
0.0143513645299944 -0.0232872810591784 0.182825689590338 0.25306033115228
0.016889764906078 -0.0255467715375942 0.313066376936973 0.0632490287601815
-0.00405764167101762 -0.0307317720208957 0.253677390801677 -0.144980671960017
-0.0149032538774217 -0.0244630474826467 0.0997996252920389 -0.178498098227101
-0.0124994933245209 -0.0190615276857652 0.0347211629610455 -0.116844129000738
0.00553687935776052 -0.0183678366746956 0.0070712091580902 -0.0597899238297432
0.0208559091603097 -0.0154000486209057 -0.0101673340578994 -0.00338648676227585
0.0264269054486058 -0.00590060868349437 -0.0218550116589116 0.0312107668860441
0.00625868342516792 0.0139890137581555 -0.0688481415526401 0.0180377791656194
-0.0350807269175645 -0.00249804124416727 -0.123074021934543 -0.0907384189655171
-0.025104590087591 -0.0802689499793695 -0.0517129087066 -0.286118202853631
0.09298370074108 -0.136174861283562 0.156367119456352 -0.340136736908637
0.184872990892919 -0.072688069424541 0.225335632886158 -0.243899959191024
0.171988326504984 -0.0174918633954038 -0.0177920406177825 -0.114253609912325
0.0107884996279723 -0.0148016886373406 0.0626238917695187 0.163578456927428
0.00441984454274278 -0.0121290206137377 0.23804771651497 0.149111134581582
0.0102305291234061 -0.0124325281051862 0.273573583948254 -0.046183868115067
-0.00391837378598183 -0.0155658313951214 0.17866581021071 -0.195472456444038
-0.0099129567755747 -0.016625686045784 0.0538127146998662 -0.186322613204125
-0.0100580771304852 -0.0132111299532053 0.0122480983844752 -0.122429806687377
0.00302698057367591 -0.0123970367575049 -0.00622831352468932 -0.06383606782183
0.0150086424140673 -0.0122245075231976 -0.00456207077060058 -0.00481438752233751
0.0213014674657546 -0.00320819520040356 -0.00851278634067923 0.0294551047379265
0.00561203802427561 0.0153381252866916 -0.0536429888581987 0.00716535403598289
-0.0311243344546896 -8.72640257349976E-05 -0.0779759511140811 -0.12504581461477
-0.0111835534403091 -0.0625372075632646 0.0976628563040591 -0.283669292461855
0.0954812613978785 -0.0814566996861272 0.320074686179464 -0.214299646982398
0.149463248163454 -0.0218367843973418 0.292489493860002 -0.10956091425409
0.121369496659489 -0.00146548450979179 -0.0459730952842588 -0.099078505338712
-0.0278405355407164 0.0205216272268788 0.106055339012568 0.0146363474694442
-0.0246965080855752 0.0307711266422681 -0.241657686774822 -0.0574500882106104
-0.00311434084170226 0.0223194347911502 -0.417434427750982 0.114933739829595
0.0134702437575474 -0.00234066284208766 -0.199693233782605 0.316079207568814
3.01435428812459E-05 -0.00644113158035437 0.0854568256052119 0.166702234976048
-0.00743315911389471 -0.0039481373066125 0.0695324454266127 -0.00969298893110508
-0.00600130345451524 0.00216500540293048 -0.00250191655376057 -0.0364808023801003
-0.00636504024969075 0.0109381296654917 -0.0158280834886342 0.00700620063060043
-0.00296736339130767 0.00876658787247852 0.000599757851918338 0.0532338465714483
0.00464743112270104 0.00765717837408656 -0.00045643422463435 0.127321602430417
0.00583428094877362 0.0122930447545849 -0.0274879077186436 0.186652827076246
0.000681154247779008 0.0170371886825217 -0.119976230072807 0.204506260601731
-0.0126185856502554 0.011497703401946 -0.231103832885553 0.107875083423364
-0.011798679043491 -0.00136001832896504 -0.263639821035086 -0.0464853160458517
0.000479680789439891 0.000326258839819079 -0.152998132030912 -0.133433308557552
0.0731510487792709 0.0356931124810921 0.0786554852405456 0.0155222396288103
0.099432675497681 0.0303115805681184 -0.263959701817729 -0.0388975491073278
0.0781546294321824 -0.0273088771056843 -0.414929315479388 0.143119647953239
0.00906508821265841 -0.0510098881817893 -0.182723694020725 0.324008011109341
-0.0235154108560295 -0.0114091930425224 0.0877023953155522 0.162518721548143
-0.0123274975214815 0.0102219458936864 0.0668267951846803 -0.0110035784920143
0.00474828063093898 0.00750125782066095 -0.00190656173043558 -0.0362432470355174
0.00404078042820516 0.00185735210564922 -0.0175432560802128 0.0066560938382631
-0.00464240122832256 -0.00545715924491348 -0.00325534466869518 0.051243096621804
-0.00726914282719703 -0.004439577783959 -0.00485965806055469 0.126219471901603
-0.00556150728595454 0.00167847727967337 -0.0315833634803774 0.187304795211526
-0.00242296505861801 0.00631463112913322 -0.130000429933699 0.205642997938338
-0.00759953219770351 0.00870782679042283 -0.240107693466221 0.102325643390015
-0.0113672887677067 0.00456517848312632 -0.26201069685405 -0.0564126360085759
-0.00649903537752813 -0.00546083850651478 -0.146315000274391 -0.133438460207405
0.146821343284546 0.0300984907734039 0.00982947095905039 0.0326763108809484
0.182504151000909 -0.00180321756708931 -0.305886452861928 0.0794640049774393
0.120683215554845 -0.0809893580329305 -0.326912245800174 0.290717056092092
-0.0012667923715534 -0.0827450322629546 -0.0570822356221826 0.350648785491879
-0.0360850432981096 -0.0128625383856005 0.122082053771954 0.130391822125951
-0.0117477079615927 0.0179602336976751 0.0669553049780334 -0.0184284529254912
0.0144450069983505 0.00757871689777271 0.00430939899911876 -0.0374476750429526
0.0125114230530225 -0.00745445468075683 -0.0172986292725144 0.00130913540665258
-0.00367092953800791 -0.0160803606522236 -0.0160445251214525 0.0478706045056443
-0.0152704920818952 -0.0140428767699488 -0.0250177369618536 0.124126272359204
-0.0152655476011641 -0.00856086629293844 -0.0607722316862835 0.183844534393917
-0.00666520925772495 -0.00850788546267946 -0.180645757360885 0.189874322142385
-0.00396419305220483 -0.00469063143839116 -0.283673970449149 0.0489403502605255
-0.00409522000772853 -0.00327807570072787 -0.256489638974547 -0.124576482507972
0.00232506311978934 -0.0170493075169954 -0.11639463145888 -0.148811273797896
0.162792224850385 5.40441742422236E-05 -0.0548794487058483 0.0788576276474529
0.178361939924735 -0.0511422063879258 -0.267400816401279 0.257748543495014
0.10328911810332 -0.110266521597281 -0.107867078008706 0.419263276978094
-0.0105557169880027 -0.0858690245080426 0.138447889709282 0.303598141079962
-0.0315350847585737 -0.0157053477405586 0.164754579912141 0.0554811002067273
-0.00671545178330477 0.0103159024875924 0.0695102369081274 -0.0385570362032538
0.0192805045158599 0.000242962523318016 0.0133509210130461 -0.0419787389598658
0.0180933138695314 -0.0144341829081012 -0.0176693459365324 -0.00452878724936274
0.00245333525048182 -0.0216409644594809 -0.0297650026831494 0.0442367172139649
-0.0132893771596045 -0.0184293734721639 -0.0545712197340692 0.113837515441449
-0.0202656889364929 -0.0176027536997461 -0.109935178750522 0.15726847208984
-0.0139559523270879 -0.0280040629119273 -0.253826069970577 0.122774257029596
-0.000603455023173646 -0.0374206314150066 -0.318879076272993 -0.06804251409865
0.0173750420728062 -0.0346679675850002 -0.216041267372102 -0.234060166634173
0.0379397275145974 -0.0355266932431966 -0.0727238683544826 -0.164941708555463
0.12551446195782 -0.0283580265182448 -0.0710375862729428 0.137350254647813
0.112636187325125 -0.0673516433829412 -0.112042054484829 0.378641520575877
0.0611134876096646 -0.0925263722024635 0.155660305931676 0.391347265854077
-0.00933793313375235 -0.0711883552543024 0.291797298819702 0.145914281159312
-0.0209903844432226 -0.0242150911910043 0.179045034618851 -0.052755149115686
-0.00483210369395177 -0.00646281407700066 0.0675264584465261 -0.0720440905366373
0.0173242945881643 -0.0119397082742776 0.0188949903939345 -0.0507576251536187
0.0216435385969177 -0.0187978031485879 -0.0171233935661878 -0.0057332124776193
0.0136429314840642 -0.0210189708594717 -0.0373423866919082 0.0407320802249619
-0.0027774614604774 -0.0138547674501669 -0.0779500274602583 0.0870729146691571
-0.0217703142140053 -0.0183631082235503 -0.15640045588789 0.0879739849262662
-0.0243325957741131 -0.0502568648293042 -0.289742412226184 -0.0188080624320552
0.0095052799528965 -0.0906241756468977 -0.270066054314494 -0.23576286722069
0.0652631117052264 -0.0822457361629324 -0.103345318506126 -0.335819871041937
0.0983299573206707 -0.0525969992441602 -0.030745321221292 -0.164654470267402
0.0686115531965635 -0.0370025236415628 -0.0337982876017826 0.177176785924285
0.0471114783621299 -0.0468156261181552 0.0759339787143392 0.363166024836844
0.0323129484187543 -0.0540547286434784 0.312995601000092 0.227070409593016
-0.00455986093929788 -0.0517376092931743 0.323401727802295 -0.0416152192214697
-0.0163174494802679 -0.0303970051370829 0.148411034172573 -0.148211296386334
-0.00963323211064296 -0.0202238514667776 0.0532391534051355 -0.106144022022208
0.0105039720600563 -0.0210309072175495 0.0153009863245448 -0.0583489159883739
0.0228254562955761 -0.0204140281394595 -0.0153130465633773 -0.00367820491016133
0.0238432240876226 -0.0156272267867309 -0.0331213017897765 0.0369026117437693
0.00651920140131634 -0.000845017776839183 -0.0816390346096374 0.0499113833016761
-0.0267502013393488 -0.00976908478442937 -0.164950736406669 -0.00917444888326224
-0.032940282484843 -0.0711507709845047 -0.223582515121245 -0.190676042904678
0.0431263210015823 -0.141656940236318 -0.0917009319348472 -0.368306536466069
0.137573725394181 -0.109183106502082 0.0704777991357029 -0.35391070139914
0.158182387381501 -0.049466501738704 -0.011635896393828 -0.143190662877225
0.0265584271330928 -0.0284521410699467 0.0263600603118016 0.181696551042126
0.0130970482052446 -0.0212510593483994 0.203508313687338 0.255150626374784
0.0184625094612451 -0.025653418867213 0.331882045026034 0.0518514368223053
-0.00281380220598955 -0.0330030198018669 0.259547859000919 -0.165213296767036
-0.0151003487691257 -0.0269675052607823 0.0949039157714309 -0.196103631071164
-0.0138330472026313 -0.022214790234853 0.0288276898593379 -0.126472537594669
0.00490439097018087 -0.02184682822687 0.00337185594978813 -0.063696923279428
0.0210023423107714 -0.0190638822645518 -0.0104389556371018 -0.00266927680073399
0.0274912253369098 -0.00951588399800875 -0.020215785938424 0.0325810493847491
0.00872818542876247 0.0128300662392685 -0.068648749672849 0.0213035938246759
-0.0342201474918268 -0.00113326439624247 -0.13116347199688 -0.0889085408456398
-0.0287815641360042 -0.0806794548133267 -0.0655434362232246 -0.295975862102079
0.0890811918403115 -0.144278195621583 0.152676453905127 -0.362965082030548
0.187642829387574 -0.0828107130529466 0.227064387545936 -0.261886179251229
0.17576277268517 -0.026397179862041 -0.0248966001252391 -0.114593638926216
0.00895757413229262 -0.0155198932103534 0.0768678245406558 0.164613352989668
0.00256007012399697 -0.0107790821473288 0.255659331966331 0.144543183934225
0.0110640888253351 -0.0133043085341891 0.285405821049542 -0.0603876862141193
-0.00287483267485005 -0.0168839774278478 0.180039988873121 -0.215309539773473
-0.0106776781754623 -0.0183210152231769 0.0467378871484218 -0.20285655727167
-0.0110214720986493 -0.0157487226560294 0.00495404909747496 -0.132864942781161
0.00278186412673443 -0.0148064011050825 -0.0107075462938536 -0.0670998108800502
0.0153844876434024 -0.0145544204326521 -0.00546145741423332 -0.00517540525350055
0.0220492047910848 -0.00640094635655148 -0.00629708106366158 0.0289546712197783
0.00748945055488946 0.0152406908847755 -0.0524070126741364 0.00916672077102518
-0.0308370680773539 0.00219035693179139 -0.0859038680509455 -0.126379492351699
-0.0145356967341422 -0.0637341481559488 0.089966199453929 -0.300426906170563
0.0944929320686331 -0.0891139055346056 0.330664904294713 -0.23746850266165
0.153545400600341 -0.0287919403039413 0.304316879192148 -0.122320959659901
0.124515567968863 -0.00783231614756484 -0.052179996773818 -0.0963520771467328
-0.0257777038743102 0.0233358275980832 0.106753989460332 0.00130827213580157
-0.0209781639634464 0.0331960349345874 -0.249924765185147 -0.0461791433005522
-0.00117417759640805 0.0217512363578573 -0.411804249899856 0.146841584081995
0.0121818492867183 -0.00512445400652583 -0.17536204134988 0.332531133309432
-0.000865538407039661 -0.00606508784232846 0.0973911133497428 0.157933331553967
-0.00838078520505659 -0.00315055500953545 0.0654467971812309 -0.0145780492960386
-0.00670599040657045 0.00302754449551497 -0.006216764750951 -0.0338405354715356
-0.00459623434207253 0.0124032324457894 -0.014742405680608 0.0111021663068694
-0.00243840998544226 0.0103529612085367 0.00657912890142779 0.0554501878328546
0.00533251877180099 0.00751964008304306 0.0128462816782075 0.130516962935168
0.00729089088263341 0.012068397492575 -0.0106164800537249 0.19306349880901
0.00179619093778884 0.0165857100266493 -0.104672156102473 0.217291503196403
-0.0121125126265078 0.0121099491187438 -0.223834735091068 0.127572350773052
-0.0115773212287999 6.11681444009976E-05 -0.267186656780509 -0.0239061701514718
0.000550811597194506 0.000434389345149949 -0.166093667657208 -0.115690543062052
0.075687409549411 0.0307734101723968 0.0809747940322706 0.00401670613763937
0.102079128263 0.0229389637320956 -0.269726201247454 -0.0256692123530908
0.0751453988205202 -0.0340791112497072 -0.405865457038189 0.173559183822125
0.00323855640846289 -0.051632350321686 -0.157758529101996 0.338416663252477
-0.0239804922571571 -0.00824961736479553 0.0992197097064544 0.154118542033073
-0.0110790224045988 0.0114220355424929 0.0626976850262908 -0.0151124613855458
0.00516307165437513 0.00616369817932068 -0.00655249718080673 -0.0335783296184113
0.00447249900132755 0.000885214991563644 -0.0161453742421209 0.0106105277038025
-0.00588553922024594 -0.00474448296771388 0.00202128594114229 0.0541120660456516
-0.00808438223011852 -0.0046331211199571 0.0078385281282595 0.129792494474648
-0.00500466266510371 0.00141629408244801 -0.0143874235521303 0.194362212365359
-0.000516922629135895 0.00502749907267166 -0.113280990157403 0.2193335080134
-0.00511885511541748 0.00968984088506798 -0.233063719701881 0.12223202256817
-0.0104880174281225 0.00784284084039128 -0.266927179871937 -0.0337648575101921
-0.00802579258783355 -0.00281666070658236 -0.15956809769826 -0.116161505660209
0.148032517109441 0.0190485163344413 0.0142884758068599 0.0271033901207537
0.18184795940526 -0.0147340400819611 -0.301820020118454 0.0964120248582552
0.113032238427926 -0.0899027031869086 -0.306750227455634 0.314214130701683
-0.00930589607081962 -0.0813831958182003 -0.0305257072473372 0.355354517392164
-0.0360190466731061 -0.00886144353244018 0.130381924317637 0.120010640179258
-0.00950838164516171 0.0181709283389548 0.0630991771417896 -0.0222896499325821
0.0150689778905006 0.0051053027260527 -0.000628793281129344 -0.0356259801685195
0.0118078312546365 -0.00993797876203416 -0.0169995568949575 0.00518393267546658
-0.00601589513442762 -0.0166858647927589 -0.0112101972664421 0.0512423500283421
-0.0167642457726185 -0.0143990760886301 -0.0129640702666608 0.129115570536028
-0.0150191339852713 -0.00978668257047937 -0.0437077411478344 0.191999569482809
-0.00538408055805187 -0.00964211896390699 -0.165300171791943 0.20716625738363
-0.00112604365179285 -0.00335628095952353 -0.280828791881488 0.0734879445757312
-0.00305140752510797 0.000738271439936241 -0.266534059986209 -0.103045684375322
-0.0009846892213976 -0.0138009475900788 -0.130601814072467 -0.134358764682385
0.160442665140646 -0.0117478709013437 -0.0461753300604298 0.0788587764335563
0.173590601871439 -0.0627092000565796 -0.248422236104103 0.274514822336156
0.093346336754475 -0.116226079484295 -0.0757436486451271 0.426978882128076
-0.0170022566923634 -0.0838356465355825 0.160734453227692 0.292300801137075
-0.0307757759306255 -0.0133777441719425 0.165865597647956 0.0420428719449356
-0.00476695872100813 0.00956770544843898 0.0646706104483755 -0.0423098446816002
0.0192779621890333 -0.00355502851560578 0.00795069213492933 -0.0412939567824194
0.017064785455031 -0.0178524975067438 -0.0179949466272086 -0.00133408469955745
-0.000176037763934257 -0.0234867272778085 -0.0258159710338154 0.0483640159365321
-0.0152796791577023 -0.0198891477477656 -0.0429628268271995 0.119680196053771
-0.0198981494624466 -0.0189941982698638 -0.0951980168249896 0.166913841791538
-0.0129032421105166 -0.0291853236793199 -0.242357474606529 0.145221421064548
-0.000482457284265585 -0.0351368936785478 -0.325381854371633 -0.040738441930385
0.0153178978448259 -0.0316783218982618 -0.235227486598969 -0.216373080313037
0.0330589998898886 -0.0355538026764852 -0.0888174494441972 -0.154346573947602
0.120578269476611 -0.0371046381046232 -0.0572686412461525 0.139363501064111
0.106561021783549 -0.0723429106020879 -0.0818597829878166 0.384158363411266
0.0550733956004395 -0.0941601929185106 0.186796222179702 0.3783782783562
-0.0128232118248879 -0.0696594179468603 0.302441935206347 0.12078954082951
-0.0203171762042802 -0.024165662874358 0.17157185229159 -0.068078077270207
-0.00483960008284623 -0.00839186687863844 0.0596770523419111 -0.0767496657024226
0.0156686906536152 -0.0158396611123297 0.0129945414707151 -0.0510600948134466
0.0202309199758653 -0.0230514896174168 -0.0175788187595383 -0.00296255388337279
0.0114309701465327 -0.0241040464951207 -0.0332553235122021 0.0450812517949847
-0.00385276232753953 -0.0166979334430879 -0.0683883347988311 0.0941325456019376
-0.0206894163180703 -0.0196007803350914 -0.147385085931783 0.101244337189303
-0.0248576042349509 -0.0492179886888828 -0.289669491057643 0.00623032747599706
0.00457312556421185 -0.08814463853135 -0.290016617665457 -0.213513511684124
0.0579091778884984 -0.0830439552395871 -0.130101492439182 -0.326666219042623
0.0912742927167876 -0.0578718728927175 -0.0460293848884049 -0.157760148378787
0.0628696843777727 -0.040865191304319 -0.0164118608345166 0.176216622589303
0.0435370965409679 -0.0458605168811157 0.105936894431087 0.354823617099886
0.0305515087491729 -0.0534904538340171 0.332940949504344 0.20103449316879
-0.00554390214508272 -0.0520732053882466 0.319500362512888 -0.0708330825610772
-0.0161510571815666 -0.0315045676408176 0.133231439452133 -0.162209848951367
-0.0111222797396805 -0.0223112194014187 0.042645523960148 -0.11128003114823
0.00780553601689919 -0.0247546327400958 0.00912738120634031 -0.0598439561479481
0.0211952881529015 -0.0249739139266513 -0.0147857964309993 -0.00187468275418396
0.0227441492878412 -0.0199601126106127 -0.0288963071909493 0.0391588602555644
0.0073036761459559 -0.00376238201071865 -0.0755429130803933 0.0559130214769754
-0.024570063698022 -0.00929785632218012 -0.16442348161578 0.00391662560333539
-0.0360445617787116 -0.0676950180309277 -0.237803664582568 -0.172144447068277
0.0324120578841334 -0.141263143704195 -0.120412820380286 -0.362088046420172
0.12716850909725 -0.117201994711777 0.0443202329766604 -0.357382858271152
0.150887797120782 -0.0608376813562161 -0.0249644403815539 -0.13828811058557
0.0219355272214124 -0.0285929878203381 0.0444821763110781 0.17628907917603
0.0110139636685325 -0.0185768750316431 0.22411766526139 0.237796769721524
0.0185233118632182 -0.0251401205601773 0.338642371702664 0.0243998541229967
-0.00298905286505565 -0.0338931997122497 0.246983481865383 -0.189960675924812
-0.0158912104501754 -0.0279978070948067 0.0766526891656598 -0.207247448785311
-0.01610864523498 -0.023483861752247 0.0162200544312101 -0.131493842022524
0.00268142167963205 -0.025021430008222 -0.00328619409701564 -0.0652336339562129
0.0195802204597188 -0.0231730282284499 -0.010605870637711 -0.00149990206111846
0.0265033357356945 -0.0134725682154228 -0.0159665901324142 0.0328814655515726
0.0109661570520058 0.010916501380417 -0.063806900363557 0.024798691652959
-0.0320815431236616 0.00134409028627267 -0.136527088608931 -0.0785605551882397
-0.0343770344654119 -0.0764540059686022 -0.0882892885770598 -0.290883945101978
0.0764158544092575 -0.14916176028796 0.12624471732189 -0.376318438141602
0.178601263263802 -0.0961176933373684 0.209900218636094 -0.277339404791892
0.170019106163442 -0.040089327446466 -0.0342501368387069 -0.108248431577644
0.00667947983990685 -0.0152626968543783 0.0935321931617213 0.153988243018907
0.00114189834371371 -0.00908302480170886 0.267581842616391 0.122393077900821
0.0108970755957005 -0.0134783544625519 0.282302471759067 -0.0826507476271202
-0.00296977500008976 -0.0175512230503444 0.164730308880112 -0.232820700174283
-0.0116484709274818 -0.0185857121125811 0.0288854411337928 -0.211628092280619
-0.012837976072043 -0.0163253523025541 -0.00793980233365353 -0.13706407303316
0.00150025550875253 -0.016819607484021 -0.0175873275095416 -0.0677975318827822
0.0142182942390803 -0.0175312737446325 -0.00532911552361198 -0.00534053497846564
0.0208456726564978 -0.00917135380258935 -0.00281220365202492 0.027653618421607
0.00932039059042867 0.0137821642887236 -0.0484461496868626 0.0118085942264145
-0.0292594062776726 0.0052200795416918 -0.0936944889727321 -0.118674536940383
-0.0196730127592527 -0.0606619492625214 0.0671871570684333 -0.307265260965124
0.085706403037196 -0.0958235399894553 0.315302003515556 -0.262612680228187
0.149837098706371 -0.0403387873508053 0.298389119546018 -0.142718557326475
0.121372981807426 -0.01796602984185 -0.0596418596105242 -0.0869941742477287
-0.025614404931355 0.0195215157457829 0.0971318267104517 0.00306826746287911
-0.0214560212803539 0.028256897172074 -0.236906168730991 -0.0694131812068311
-0.00265172562977317 0.0186041208047224 -0.399531022654281 0.103461952616697
0.00939011299557836 -0.00463712278210574 -0.188934450833468 0.294725852397721
-0.000412612027635183 -0.0052644904422504 0.0768836395084478 0.152682831339854
-0.00787430211256456 -0.00321522777580772 0.0595235280318274 -0.00827604946458965
-0.00708929532101522 0.0021641343001014 -0.00520220079995739 -0.0308768034300097
-0.00496657506607705 0.0121025162409115 -0.0136050016630573 0.011597805207218
-0.00295423505035764 0.0105506217924514 0.00308807187273717 0.0546232892405881
0.00416388627966314 0.00728434260484157 0.00355264430848111 0.128386370808171
0.00640341756088442 0.0111940891480684 -0.0249564342362502 0.188353913579064
0.00232738654735399 0.0132284823761488 -0.118835304176197 0.202936635116646
-0.00893145077899385 0.0114922978836227 -0.228027337872683 0.103464193185496
-0.00901678834042613 0.000725895644560307 -0.255636137086934 -0.0428932885494739
0.000966923546713789 0.00247891148550887 -0.154962635805962 -0.121305695585099
0.0672265020502498 0.0357176542175586 0.0759134794108386 0.00959412949913205
0.0927362080255559 0.0310087948070083 -0.252800029741347 -0.0466387351400247
0.0727265504766478 -0.025969741979808 -0.391992555710341 0.131305299200036
0.00554916159933806 -0.0477584338377884 -0.171390184816183 0.300977016832882
-0.0220220503580784 -0.00946249582835456 0.0793843706709008 0.148422263093301
-0.011736383101466 0.0100403613769137 0.0569555142086892 -0.00876337415950835
0.00423751347374619 0.00607294363260554 -0.00572525748554928 -0.0307645833114484
0.00403756617360761 0.00080661949754781 -0.0153136575456619 0.0109212743507888
-0.00560024572804928 -0.00447467646080323 -0.00164768847005056 0.0539405471481529
-0.00772439055582331 -0.00631527040362647 -0.000329538095988853 0.127784301563556
-0.00302274715106655 -0.00143179421282242 -0.0280628100602636 0.188765151377661
0.00322863839136126 0.00128016294793462 -0.127808394201368 0.205087012065567
-0.000318654592207196 0.0108668633631702 -0.236497696444451 0.0987433239854231
-0.00829934473286932 0.00994669709073273 -0.254500714317586 -0.0538532619731858
-0.00750979084452509 -0.000629689810413284 -0.147878461545099 -0.121762759484102
0.133942429118386 0.0310177610238297 0.0152329963069979 0.0310114968816626
0.169132270866037 0.00458474100397261 -0.287734653605172 0.0700741996261144
0.112767348144644 -0.0732036978253715 -0.305514126865518 0.271739601045931
-0.00278250330927184 -0.0754011139177122 -0.0540919558425362 0.325635182909457
-0.0322770339247012 -0.0110032382915489 0.110573361407091 0.119229820650378
-0.0104870561596713 0.0165139337777916 0.0579193422115203 -0.0147018336161551
0.0136682175578812 0.00513463624531638 -2.39629388741232E-06 -0.0313900206483263
0.012311739283729 -0.00990218637969182 -0.0163911313240304 0.00508005071332669
-0.00461828729134356 -0.0170110719207802 -0.0143463353659846 0.050222162456636
-0.0149685692187764 -0.0172985492267408 -0.0205783765216875 0.125615969187613
-0.0108539779664349 -0.0139177940005272 -0.0559052696657929 0.183786192015946
0.00169164107437866 -0.0136048407970765 -0.175877102989777 0.190034990100062
0.00582779777957339 0.000508508737849658 -0.278471717358681 0.0476156738700543
-0.0013855365653798 0.00540981534811108 -0.249224715308725 -0.119805247067387
-0.000922101390128208 -0.00923027515216084 -0.118832496177602 -0.136650614523061
0.147789886077958 0.00386832197878535 -0.0415511575713123 0.0753367852981006
0.16618647841176 -0.0395922879967074 -0.247803641601778 0.24191353262087
0.0972598822712663 -0.0977279194228132 -0.0973604309737771 0.393738796600474
-0.00770730278075367 -0.0776451994138562 0.127005090372531 0.280915569088572
-0.0257602672796669 -0.0152367662381801 0.149743294148018 0.0499883138584998
-0.00486592474262848 0.00826808962844368 0.061550723249083 -0.0337532071796922
0.0184804458374047 -0.00313662104468092 0.00880151626198892 -0.0367727228181937
0.0178596555724819 -0.0180652304087769 -0.0163684634531426 -0.00132620820831123
0.001728468564594 -0.024067796351441 -0.0285288563329228 0.045658470948518
-0.012791469654403 -0.023143471540847 -0.0487919271356744 0.113977426431442
-0.0140643814668416 -0.0236166379858321 -0.103469649768622 0.155264159854528
-0.00245255988847853 -0.0314491093348308 -0.244658326450851 0.123366158360769
0.0087384759097282 -0.0275182582625285 -0.311683673239057 -0.0647167478562615
0.0178806868870478 -0.0226786635945471 -0.211120707149858 -0.225177679420559
0.0322574860901659 -0.0271761937055293 -0.0763110004420179 -0.151534244766516
0.112358506269411 -0.0226831877765891 -0.0550445097971577 0.128407457068794
0.104948308965132 -0.0538773972203893 -0.0992535271107595 0.355967295319186
0.0603265406427192 -0.0800171574668792 0.151514942698564 0.36753782149886
-0.00266725180927287 -0.0645060523102581 0.271442605786197 0.133934912820286
-0.0139410671856585 -0.0258091822290427 0.162734157627875 -0.0505243489581039
-0.00342194874865962 -0.00960944241702142 0.0605985178855718 -0.0677923849249143
0.0156619285576275 -0.0157934942063639 0.0142922683463799 -0.0466650628613672
0.0212436041814788 -0.0229732191591602 -0.0163453844962441 -0.00360345695170768
0.0133421428699162 -0.0241713022985247 -0.035144077395928 0.0407649495791839
-0.00157780240782393 -0.0188150212201786 -0.0712861574931882 0.0856828005151946
-0.0146354115804628 -0.0236078237939071 -0.148318796702048 0.0859389365130822
-0.0124710631716663 -0.0485963024859932 -0.279063980896285 -0.0148082674238428
0.0144805249783778 -0.0755100058148123 -0.262659675434967 -0.227590375378944
0.0611345294655826 -0.0682779065692333 -0.102139277497205 -0.320477624949549
0.0892740583917731 -0.044884911136047 -0.0357936527735486 -0.1501024073475
0.0593708782579052 -0.0309634652045229 -0.020888369166152 0.162942383908273
0.0439418453106437 -0.0345975963140544 0.0777666566134941 0.341014157513443
0.0345485247421828 -0.0439010306527595 0.30060800685295 0.213301603549177
0.00352423286500078 -0.0484161810928586 0.3017937174459 -0.0428526555923444
-0.00848664549047884 -0.0331533975325693 0.13512816828669 -0.142637513837174
-0.00808503584245571 -0.0230864897942977 0.0474008368426098 -0.103630815503839
0.00886126844303714 -0.024882734381877 0.0115401742250628 -0.0557890278200085
0.0226989981875227 -0.0247873457608092 -0.0136865988134314 -0.00285235105366573
0.0234623898712948 -0.019146217071732 -0.0304199432290884 0.0351306164003542
0.00901813511492845 -0.00482162473146326 -0.0744892122358084 0.0465146972695057
-0.0194502942239878 -0.0119991203401857 -0.155918013089637 -0.00956384752716098
-0.0241450947402047 -0.0630507738927727 -0.213940390173008 -0.183822156795409
0.0404605331193295 -0.12445519377399 -0.0860992735053214 -0.354959673001465
0.12748990976314 -0.0971013032372665 0.0675175731081415 -0.335148290737415
0.145848210913645 -0.0447229833745848 -0.0182895841575592 -0.127211231075315
0.020712351515752 -0.0234990015694737 0.0344576926303156 0.164238385302559
0.0116551064452361 -0.0127939019864006 0.195181188828951 0.238521564663045
0.0207179853139114 -0.0189102368137004 0.317177393950138 0.0491885758150825
0.00422028813437664 -0.0316539756835658 0.244212709365781 -0.159400901252824
-0.00932510509704462 -0.0295726926443873 0.0852446261930629 -0.189875619926733
-0.012500889857239 -0.0246179617806374 0.0244892000547705 -0.125636480408736
0.00398247269626001 -0.0254956483022223 0.000931758107504494 -0.0624191380116333
0.0209488313327047 -0.0228480744528853 -0.00926627501913793 -0.0028957808408274
0.027127207512133 -0.0123487452319582 -0.0175752776055976 0.0289576952806223
0.0105615280624532 0.0101601901188007 -0.060733044750973 0.0166959756135738
-0.0283515727611185 -0.000358129023735255 -0.12202828118227 -0.0870356476398608
-0.0263365924565844 -0.0699871084646771 -0.0598573260770102 -0.285940992617553
0.0780457984503558 -0.131866330879797 0.152639088534984 -0.34760309735234
0.173966689440113 -0.0755121413055549 0.219757059663444 -0.242666558294482
0.163794252506507 -0.024671661898697 -0.0302126474157061 -0.0985684952803853
0.00589589805247987 -0.0128360464780783 0.0801922311574185 0.14682230570198
0.00137568584177347 -0.00605004575524771 0.242539381151724 0.133616064471944
0.0114498514978741 -0.00984081681273059 0.272614702327947 -0.0556560171636416
0.00175710999032538 -0.0163889029365408 0.171388926098835 -0.204796350636377
-0.00745996995823514 -0.0194939935239176 0.0425839285678993 -0.199614378949869
-0.0100738929733005 -0.0168623779560582 0.00111633395093711 -0.133404665056821
0.00285816179745444 -0.0170566133685912 -0.0122735430343011 -0.0660585022470193
0.0150340202871646 -0.0165982514108754 -0.00444798958349107 -0.00634335110277754
0.0209052978507707 -0.00770647792570198 -0.00382178983802135 0.0240035061030807
0.00869116507012433 0.0133810644009618 -0.0441289830848032 0.00529601312089486
-0.027027323524564 0.0038159536118822 -0.077338607733623 -0.120842274135623
-0.0163879270731896 -0.0544030223243363 0.0908854346886925 -0.288696022899388
0.0818244852644667 -0.0847289551107101 0.326503872822382 -0.223142962927372
0.142505901094991 -0.0265491832387018 0.295869159919217 -0.106618865269517
0.115808293410187 -0.00727373128658811 -0.0541914718284447 -0.0813684027107167
-0.024146149897876 0.0186870181793719 0.0927778846919921 -0.000285854217895846
-0.0196048906901478 0.0264935959751939 -0.22874565677667 -0.0754394393102572
-0.0019900186448285 0.017350669593327 -0.386750038933586 0.0917516587245693
0.00827066144983466 -0.00518135070134038 -0.184288270639228 0.279655268176682
-0.000520462014098189 -0.00498643435486848 0.0703654761801253 0.144822952084864
-0.00812763989323943 -0.00335693227830929 0.0545665707738938 -0.00666121673877697
-0.00760785620270943 0.0021689996612237 -0.00655148803044984 -0.0280814054752555
-0.00437622444435326 0.0125407446587968 -0.0127269694509435 0.0124367659272136
-0.00246533305353638 0.0109954286536609 0.00321748686748706 0.0540539494313948
0.0037384413319689 0.00748484370828579 0.00461669560993169 0.125572219533046
0.00573916237207676 0.0116514209651279 -0.0235382343084611 0.183688118714809
0.00141579355255872 0.0125300064026947 -0.11580508034897 0.195135905061124
-0.00872095577590961 0.0108238061967183 -0.220518310993382 0.0962577433070262
-0.00850109676333023 0.000781447247456378 -0.243839387670637 -0.0435287440067863
0.00107514779155291 0.00284829138666043 -0.148824833983778 -0.114031933917191
0.0635512996525507 0.0352015568599966 0.07233065567716 0.00514882373407238
0.0881636032030177 0.030304126461528 -0.244080176844575 -0.0541443301479385
0.0690689164315457 -0.0242247904683209 -0.377929545585177 0.118575417518714
0.00438885142991668 -0.0448797329271485 -0.168316008694335 0.285367666167403
-0.020486259807879 -0.00859187073378264 0.0723611372240162 0.140689302694116
-0.0109394184168887 0.00998636868798927 0.0518556757959627 -0.00663241732941614
0.00368590899943458 0.00539924133698971 -0.00730058295430985 -0.0270911027602156
0.00427492393036298 0.000582775466617514 -0.0147383777792338 0.0119285124548212
-0.00540361501712093 -0.00440361089925516 -0.0017684367066627 0.0531745584916963
-0.00830788222809315 -0.00668954371458687 0.000355581534271466 0.125003706402655
-0.0022184264619025 -0.00233276108782889 -0.0266220470509264 0.183260208060519
0.00361215574452822 0.000112103332042521 -0.124161764739972 0.196759557195603
0.000727811418921633 0.0106306807114213 -0.228546973579151 0.0917947344092706
-0.00737978176734777 0.0107972447893058 -0.242540564598926 -0.0539046347749239
-0.00748885564386846 0.00137829621770537 -0.142383753004842 -0.114158246617458
0.126660920890466 0.032036076086428 0.015018419243137 0.024507476591087
0.160637351679199 0.00665833095076944 -0.278281790802303 0.05850735351848
0.1073586543145 -0.0680371640687613 -0.297242821373577 0.253845557969481
-0.00283020710577737 -0.0704892428579876 -0.0575202149105134 0.310665503863213
-0.0302077722599407 -0.0100543876217896 0.101915870445529 0.114393690012907
-0.00939261432054798 0.0155548058693982 0.0533516950130511 -0.0124460951286098
0.0137547988000529 0.00446849886445229 -0.00146907181849858 -0.0283243545043972
0.0117416514902075 -0.0101844707238263 -0.015525023120596 0.00665509338883664
-0.0046276903281586 -0.0173206718285222 -0.0140621878854731 0.0499876010484246
-0.0150002546428679 -0.0179937030327911 -0.01901882793129 0.122690744040872
-0.00950068346392187 -0.0158336909803737 -0.0531312485939597 0.177942953238539
0.00362168951142943 -0.0146131663192396 -0.169391975612519 0.180745628425447
0.00792507200114172 0.00115493135492337 -0.267640985359046 0.0435529008230159
-0.000691875052327134 0.00778867957773256 -0.23802611905905 -0.116804786242129
-0.00179192554984416 -0.00597451401231356 -0.113713659019942 -0.127944361656781
0.139928760049017 0.00579389910973781 -0.0395353145035942 0.0668021943902261
0.157771335739027 -0.0343811007947709 -0.241965155131867 0.224832349422459
0.0935168517261682 -0.0904536129545374 -0.0991340291571491 0.372512218371838
-0.00607823052996981 -0.0726757846604366 0.116672511866411 0.270789374331842
-0.0229721120586978 -0.0148849039800444 0.139719183843338 0.0498718256021883
-0.00382849427148696 0.00711440008026172 0.0576093043997854 -0.030814984527327
0.0178677002397877 -0.00402175987100012 0.00654564410807105 -0.0334667356342602
0.0174032597868249 -0.019066911654877 -0.0158455871610105 -0.000110135266627056
0.00162098996990535 -0.0242329345223928 -0.0272959059824873 0.0453408049962772
-0.0124354554996185 -0.0238567871525127 -0.0458421865876995 0.109934259600381
-0.012309194962833 -0.0260131997361718 -0.0988897010285671 0.148671215941734
0.00030121929009094 -0.0313285438896548 -0.234486739203605 0.117127561741587
0.0118965695073654 -0.0241277141648342 -0.297912670173548 -0.0648406699172096
0.017525075148512 -0.0181447028883539 -0.199418796239728 -0.217729442799458
0.0294969090827889 -0.0233025134968776 -0.0730732416893271 -0.142540543625021
0.10567576788907 -0.0196825790513527 -0.052811664037052 0.119005882880303
0.100469537243653 -0.0477193699152986 -0.0994291128803539 0.337814941880622
0.0598961278696227 -0.0726828491461923 0.140427718715682 0.35134534370845
1.32501075285232E-06 -0.060837591152881 0.256518971643673 0.130366064192278
-0.0109135292167111 -0.0260447901162098 0.152866102233921 -0.0470256028442842
-0.00240746405950253 -0.0103678615477294 0.0571457121225716 -0.0642646353682104
0.0153550214859829 -0.0166181601600328 0.0123574407774729 -0.0435494965914624
0.0202131938178487 -0.0242804127844055 -0.0150639351365798 -0.00282537597815111
0.0126619860696171 -0.0249883913581191 -0.0334344153136465 0.0399444899855359
-0.00104032657377331 -0.0205674876136898 -0.0672738177030092 0.0812656468126024
-0.0122381731162056 -0.0252477814637415 -0.142140628647581 0.0804069444488874
-0.00837126503613634 -0.0469740478033017 -0.265983754664816 -0.0173100854937366
0.017737112412718 -0.0693558903214674 -0.248584913813234 -0.220668371313362
0.0584372618151854 -0.0610856798054729 -0.0929144522226073 -0.307302426413821
0.0833994380084909 -0.0400345889297802 -0.0338225991659336 -0.139734232588838
0.0553239955955951 -0.0280311049329108 -0.019741948860331 0.152293004631883
0.0421731097534859 -0.0292811218762131 0.0710115495921665 0.326215832451364
0.035281373457098 -0.0389423202174379 0.285935593607893 0.206057708303096
0.00640265329494198 -0.0462370758169182 0.287810934876162 -0.0394962487188453
-0.00599603063027416 -0.0338281361445088 0.127479459254781 -0.136082976004974
-0.00736261738069569 -0.0239872036222749 0.0441194349344299 -0.0997315266849514
0.00845360409525745 -0.0255527717133389 0.00970178230909312 -0.0541978240488704
0.0219367691487156 -0.0259235713790442 -0.0125825322313935 -0.00283299447878798
0.0229973716606159 -0.0197558477494751 -0.0284087004348833 0.0327838830440724
0.00936958460856471 -0.0064189638684739 -0.0695723471682345 0.0426811223155172
-0.0169780485810522 -0.0130877522124833 -0.148110530619712 -0.0115673595362721
-0.0204449095670864 -0.0595862086885961 -0.201058754050011 -0.17833330497882
0.0406065725698786 -0.116140479591428 -0.0769592275237643 -0.340674606093773
0.12148544307406 -0.0883496605417534 0.0702757450826257 -0.318157415072725
0.137439861128648 -0.0396894110593063 -0.0168180828958216 -0.117934037079216
0.0186107186398946 -0.0208249189362564 0.033460336616812 0.154465013714595
0.0112490302772086 -0.00906600873952275 0.184322318909482 0.229469614932467
0.0219582224702727 -0.0159965415086565 0.304254476820929 0.0495509583554796
0.00620895348214993 -0.0309745231800524 0.235146870404481 -0.151907257079506
-0.00724557351422458 -0.0304193004070267 0.0812843020671255 -0.183743270389098
-0.0120373279732035 -0.0253965998157646 0.0222526226396684 -0.122629780408935
0.00321373229561988 -0.0260230470850942 -0.000232802502192318 -0.0607302369317906
0.0201551397677309 -0.0235879295744401 -0.00808471642809836 -0.00304122812650406
0.0261389924012878 -0.0126168998139989 -0.0158690753092744 0.026234229588493
0.0115509274993655 0.00877846814484251 -0.0558217336681626 0.0140225743083481
-0.0257527019837884 -0.000290165581947632 -0.114175259261336 -0.084161419715754
-0.0233626512630207 -0.0654264620549141 -0.0523190042352095 -0.274219323815057
0.0752243401257959 -0.122973485130544 0.152307222136415 -0.330255110655529
0.165407631680412 -0.0686506944266237 0.215671529155546 -0.227005629010874
0.153343899703851 -0.0209152256267159 -0.0281677121054422 -0.0903934461140813
0.00532229602096927 -0.0114568029535414 0.0781219867337226 0.137993477326533
0.00103165853072787 -0.0039262329039359 0.230704124425403 0.130118826156548
0.0116875296750753 -0.00802639550056925 0.262528247941223 -0.0500538843557167
0.00281156425841939 -0.0166728697515952 0.166906911305263 -0.197057756109718
-0.00625722162502772 -0.0196754000807089 0.0415008024902914 -0.1942520097071
-0.00970497959475244 -0.0172533834059958 -0.000125236280794399 -0.131569351513952
0.00273803558795039 -0.0179367878401083 -0.011912525858413 -0.0650286783442914
0.0145830512613349 -0.0170761307355812 -0.00345232718976141 -0.00659970207148162
0.0198588414047759 -0.00821467230799599 -0.00283492169170941 0.0213604547606008
0.00847476971666162 0.0124093558303953 -0.0398530466549607 0.00270077070442364
-0.0250559636640815 0.00419109596743094 -0.0714192403678454 -0.115567844481024
-0.0148300732633156 -0.050291884652608 0.090536408688523 -0.273549922019863
0.0775897381946067 -0.0789430690115653 0.318250845151835 -0.208419921391444
0.13519897833991 -0.023366143319947 0.286664179746659 -0.0944661035403544
0.108409439894136 -0.00530774320679016 -0.050777466372408 -0.0736181737968464
-0.0246295833783963 0.0178501410952448 0.0935384044472634 -0.00155667955877958
-0.0202231906862311 0.025252527606069 -0.231499241533285 -0.0923244542466021
-0.00249695709817691 0.0169318205894687 -0.39560333667544 0.0742765692406507
0.00747967888700321 -0.00522252539626424 -0.197465437905977 0.275907714978677
5.83726467088576E-05 -0.00528896433808196 0.0637883576986619 0.14706366778714
-0.00826877882846688 -0.00310190345856105 0.0531634356452007 -0.003810006315477
-0.00817934714964446 0.00260168888599471 -0.00725103727273599 -0.0265257440006522
-0.00410117916160374 0.0127754728113179 -0.0130771889857571 0.0134070420905815
-0.00254881892646276 0.0121425626193021 0.00204065292618467 0.0562804612803918
0.00322672839781099 0.00845420359395999 0.00190873818201078 0.128812536247899
0.00572327425577487 0.0119510640076887 -0.029168534480737 0.187572538833125
0.000741088613924543 0.012488022636141 -0.124706049064648 0.193610832408636
-0.00940479343809316 0.010570253710963 -0.228463081580634 0.0883280138431883
-0.00820583067139362 0.000814087724164996 -0.244543889199981 -0.0532865680687275
0.000796643679320721 0.00334288582700603 -0.147853259409487 -0.116925401519473
0.0622589651978321 0.0378786426314752 0.0728572370673177 0.00300478723335123
0.0876105170279381 0.0344653455545864 -0.247030221136004 -0.0708671355325163
0.0699462287284806 -0.0217774800695676 -0.388191685864083 0.101837419189388
0.00471071483296682 -0.0442478835633747 -0.180993144265612 0.282241035761319
-0.0204881594189184 -0.00880052455903845 0.0660660399939808 0.143779555894942
-0.0109598792479765 0.00977198198634061 0.0502896191212473 -0.00396068780096879
0.00378602440430606 0.00570485179064476 -0.00850893290340198 -0.025335225633877
0.00462975743666218 -4.17156907925204E-05 -0.0146182623796428 0.0133524403699603
-0.0054499902824819 -0.00435154551282355 -0.00316405779965143 0.0559671326797844
-0.00872149665345871 -0.00695371748970617 -0.00252523703006127 0.128615858519423
-0.00201403468194398 -0.00321662670117671 -0.0316704625654512 0.187052060727234
0.00389457909371512 -0.000632734116966564 -0.132623896486015 0.195018338277113
0.00200768047298038 0.0115937704942797 -0.235845931768086 0.0843599297958633
-0.00698647094034842 0.0124951136649904 -0.243496107477836 -0.0641630124162512
-0.00800994978773896 0.00282837065722996 -0.140906819889565 -0.116757170041331
0.125669234102557 0.0374156038781317 0.0150103922121514 0.0208337586206567
0.161206908431603 0.0133562660984968 -0.286048571522926 0.0428948189669272
0.110106861589053 -0.064617050916681 -0.312013616905001 0.241499816695057
-0.00125988756473758 -0.0698166113637991 -0.0713640159709021 0.31244649204003
-0.0295835113854149 -0.0104527030492996 0.0965342726446846 0.119272105471172
-0.00921002868681041 0.016191702394194 0.0525743623746631 -0.00936183151611413
0.0141904341924992 0.0044703538921278 -0.00283335081085529 -0.0259350854853203
0.0127145619051727 -0.0119471113086654 -0.0159022085547765 0.00760084720422344
-0.00456212551073318 -0.0178185269909212 -0.0159006854270438 0.0522209111848354
-0.0152835817803054 -0.0198185367939167 -0.0217109588974732 0.124661775789078
-0.00823090721698512 -0.0178765024508668 -0.0596059491849154 0.179673186021639
0.00584214386059436 -0.0156243602532979 -0.177837887308386 0.178014762871212
0.0108172871281846 0.0030110028173653 -0.273997011700453 0.0342908797610269
-0.000196506695436631 0.0109383424944979 -0.235879085350275 -0.12745965857597
-0.00242222779103119 -0.00384457617844478 -0.111166113015557 -0.13044886992381
0.139125946468602 0.0116579287765541 -0.0414912642624068 0.0619710155737965
0.160089958981778 -0.0268293001497328 -0.254532935106657 0.214384473134806
0.0977164071582716 -0.0860937243392629 -0.115474305541832 0.370543928969058
-0.00292171589376207 -0.0717404029565259 0.105476193527816 0.278316497256562
-0.0213114499626869 -0.0159979674630649 0.136314971194994 0.0560719121248813
-0.00325172060269136 0.00696183187106482 0.057688684936236 -0.0279664417545963
0.0189314417950839 -0.00470396271263532 0.006172942710197 -0.0319377831352653
0.0180607428461445 -0.0204519483888278 -0.0157962553187973 0.000271308249550112
0.00144035102703942 -0.0253859512513646 -0.0291746412202197 0.0462403457847357
-0.0116773961735191 -0.0264827616649359 -0.0488554033453437 0.110687965039763
-0.0101568136592191 -0.0286484402864335 -0.104568673501751 0.147306370495542
0.00423277105879331 -0.032960585736918 -0.240776268388233 0.110083648059715
0.0162150287619244 -0.0224397536043133 -0.298957476576288 -0.076320645485728
0.0188290029385859 -0.01402441831647 -0.19368790842709 -0.227010879918291
0.0291979115020597 -0.0192933790766664 -0.0691074004899522 -0.142743148928792
0.105492838198821 -0.0153137343275147 -0.0563389182449018 0.114622687853287
0.102957831570983 -0.0413419246876412 -0.114303125275169 0.335899634370832
0.0645632814567277 -0.0687622455165686 0.127831880561938 0.359315713112881
0.00419521982332297 -0.0603086865899559 0.252216586326026 0.141654165151983
-0.00801519956440439 -0.0283052093651928 0.15282478169099 -0.0415714636143248
-0.00111208673498027 -0.011682650155819 0.0581992067466145 -0.0627565218166917
0.0163212268763626 -0.0174951707137291 0.0123962712702234 -0.0428002495655808
0.0215024101320231 -0.026159273731174 -0.0150342475381783 -0.00269510072228834
0.0134632860503438 -0.025851193571335 -0.0343875719244772 0.0395054515833605
-3.58017749037768E-05 -0.0222267985629725 -0.0690463045988056 0.0792963506963926
-0.00997761260196906 -0.0277981268087572 -0.145009814729533 0.0757143383845065
-0.00405688242287753 -0.0483810963351411 -0.266791609350661 -0.0277477411500565
0.0229535765994598 -0.0670538305467069 -0.242728893925232 -0.23235636657761
0.0606010168252739 -0.0561410282225771 -0.0811441391903209 -0.313265972333997
0.0832342954573668 -0.0346539237146155 -0.0297538969335857 -0.139035015477759
0.0548876369662383 -0.0252155061702497 -0.0239692394581315 0.14993307620603
0.0438226725831975 -0.0249856971738844 0.0587224531939894 0.331703121717776
0.0398104829548268 -0.0355650180536824 0.281219105752818 0.218493787052239
0.0105970242546631 -0.0463362961795221 0.291773707756336 -0.0300316522693982
-0.00275501960280829 -0.0366349500869582 0.130646294061843 -0.133643703932751
-0.00605313261810066 -0.0260063896838846 0.0466064889160467 -0.100556928483935
0.00915872528772193 -0.0273083009549433 0.00988456697743407 -0.0546073216810425
0.0231023137439103 -0.0277307464059493 -0.0121839488808969 -0.00278184591269958
0.0243451570232507 -0.0208859445549227 -0.0290494643694899 0.0316487515946351
0.0103041666857772 -0.00753930795761739 -0.0702119330459178 0.0390495898807086
-0.0149137549935584 -0.0143406467211846 -0.147645210099327 -0.0174944871221255
-0.016170004524182 -0.0597548756099492 -0.194847216686402 -0.188404129498569
0.0463595502671547 -0.112890305849794 -0.0629429785987377 -0.347133169616773
0.124721282312477 -0.0824310473994647 0.0847470004695045 -0.31659377124753
0.137174476568855 -0.0331481364695994 -0.0133870848662689 -0.115847490119354
0.0179307905876409 -0.019877068165277 0.0300079160473328 0.15404219058483
0.0115883946975222 -0.00608631768027723 0.176998886515772 0.238792532213515
0.0248544821358539 -0.0134152662753406 0.306565821508408 0.0617779297130031
0.00971755513448828 -0.0317074300736438 0.243308408394496 -0.146436902376994
-0.00425428016397483 -0.0332539068637143 0.0864220845022988 -0.185255328194073
-0.0111795999914095 -0.0274708950341551 0.0247166165753982 -0.125628995640955
0.00410435032853677 -0.0277176633596407 0.000564664148596684 -0.0626714803532175
0.0214132245685233 -0.0250470730679238 -0.00714006468405864 -0.00403763946810368
0.0269642524384176 -0.0134364006008637 -0.0157020736414285 0.0248978912732897
0.0122211572460673 0.00841494666007096 -0.0547178869609438 0.00960493794155433
-0.024521260893114 -0.000532778114195748 -0.110667697855925 -0.0894294924537177
-0.0207083359320688 -0.065097120537953 -0.0411880523868617 -0.278948516287775
0.079514050488467 -0.118884403642093 0.16892445733822 -0.327432210399442
0.167769476753586 -0.0612821576876811 0.229167153102557 -0.217138061768359
0.153217587011454 -0.0140462655234171 -0.0250153363002307 -0.088308567504116
0.00486803913974562 -0.0110605843337959 0.0756805149562996 0.13900337534648
0.00094876863343233 -0.0020547580475165 0.227420023838949 0.139200559912813
0.0130615501861264 -0.00676196322631548 0.26835606430398 -0.0392756403187223
0.00472185501615386 -0.0171037197927377 0.176876205367036 -0.195037983093514
-0.00498475462522347 -0.0212769871088139 0.0473994921975743 -0.198432174954597
-0.00938027335821591 -0.0185736200097313 0.00233192138042875 -0.135790552849141
0.00348377853493125 -0.0194105771640328 -0.0110750865976338 -0.067394319100446
0.0157362392930434 -0.0176503090261542 -0.00239063744394084 -0.00805662109014181
0.0198378861127364 -0.00827148320406129 -0.00249120540801814 0.0204061902948992
0.00894704662792524 0.0122896138099052 -0.0377432552038631 -0.000804109832624704
-0.0244390500352373 0.00419471010817773 -0.0661131293646629 -0.118906401667587
-0.0130583597717443 -0.050044211398034 0.102729479453792 -0.27166977902558
0.0800222081638097 -0.0758041162681869 0.331485670552408 -0.196078677703765
0.135188371628438 -0.0178704797239496 0.295429828251019 -0.0789523169341875
0.107534413177881 -0.0009753486701036 -0.0475098137603908 -0.0717739525575059
